<?xml version="1.0" encoding="UTF-8"?>
<testsuite xmlns:xsi="http://www.w3.org/2001/XMLSchema-instance" xsi:noNamespaceSchemaLocation="https://maven.apache.org/surefire/maven-surefire-plugin/xsd/surefire-test-report.xsd" name="org.apache.hadoop.ozone.freon.TestRandomKeyGenerator" time="65.321" tests="5" errors="1" skipped="0" failures="0">
  <properties>
    <property name="awt.toolkit" value="sun.awt.X11.XToolkit"/>
    <property name="file.encoding.pkg" value="sun.io"/>
    <property name="java.specification.version" value="1.8"/>
    <property name="sun.cpu.isalist" value=""/>
    <property name="sun.jnu.encoding" value="UTF-8"/>
    <property name="java.class.path" value="/tmp/workdir/hadoop-ozone/tools/target/test-classes:/tmp/workdir/hadoop-ozone/tools/target/classes:/tmp/workdir/hadoop-ozone/ozone-manager/target/classes:/tmp/workdir/hadoop-hdds/docs/target/classes:/home/user/.m2/repository/org/bouncycastle/bcprov-jdk15on/1.60/bcprov-jdk15on-1.60.jar:/tmp/workdir/hadoop-ozone/common/target/classes:/home/user/.m2/repository/org/apache/commons/commons-compress/1.4.1/commons-compress-1.4.1.jar:/home/user/.m2/repository/org/tukaani/xz/1.0/xz-1.0.jar:/home/user/.m2/repository/org/apache/hadoop/hadoop-hdfs-client/3.2.0/hadoop-hdfs-client-3.2.0.jar:/home/user/.m2/repository/com/fasterxml/jackson/core/jackson-annotations/2.9.5/jackson-annotations-2.9.5.jar:/tmp/workdir/hadoop-hdds/common/target/classes:/tmp/workdir/hadoop-hdds/config/target/classes:/home/user/.m2/repository/javax/annotation/javax.annotation-api/1.2/javax.annotation-api-1.2.jar:/home/user/.m2/repository/org/apache/ratis/ratis-server/0.4.0-2337318-SNAPSHOT/ratis-server-0.4.0-2337318-SNAPSHOT.jar:/home/user/.m2/repository/org/apache/ratis/ratis-thirdparty-misc/0.2.0/ratis-thirdparty-misc-0.2.0.jar:/home/user/.m2/repository/org/apache/ratis/ratis-proto/0.4.0-2337318-SNAPSHOT/ratis-proto-0.4.0-2337318-SNAPSHOT.jar:/home/user/.m2/repository/org/apache/ratis/ratis-common/0.4.0-2337318-SNAPSHOT/ratis-common-0.4.0-2337318-SNAPSHOT.jar:/home/user/.m2/repository/org/apache/ratis/ratis-client/0.4.0-2337318-SNAPSHOT/ratis-client-0.4.0-2337318-SNAPSHOT.jar:/home/user/.m2/repository/org/apache/ratis/ratis-metrics/0.4.0-2337318-SNAPSHOT/ratis-metrics-0.4.0-2337318-SNAPSHOT.jar:/home/user/.m2/repository/org/apache/ratis/ratis-netty/0.4.0-2337318-SNAPSHOT/ratis-netty-0.4.0-2337318-SNAPSHOT.jar:/home/user/.m2/repository/org/apache/ratis/ratis-grpc/0.4.0-2337318-SNAPSHOT/ratis-grpc-0.4.0-2337318-SNAPSHOT.jar:/home/user/.m2/repository/org/rocksdb/rocksdbjni/6.0.1/rocksdbjni-6.0.1.jar:/home/user/.m2/repository/org/apache/logging/log4j/log4j-api/2.11.0/log4j-api-2.11.0.jar:/home/user/.m2/repository/org/apache/logging/log4j/log4j-core/2.11.0/log4j-core-2.11.0.jar:/home/user/.m2/repository/com/lmax/disruptor/3.4.2/disruptor-3.4.2.jar:/home/user/.m2/repository/org/apache/commons/commons-pool2/2.6.0/commons-pool2-2.6.0.jar:/home/user/.m2/repository/org/bouncycastle/bcpkix-jdk15on/1.60/bcpkix-jdk15on-1.60.jar:/home/user/.m2/repository/commons-validator/commons-validator/1.6/commons-validator-1.6.jar:/home/user/.m2/repository/commons-digester/commons-digester/1.8.1/commons-digester-1.8.1.jar:/home/user/.m2/repository/io/jaegertracing/jaeger-client/0.33.1/jaeger-client-0.33.1.jar:/home/user/.m2/repository/io/jaegertracing/jaeger-thrift/0.33.1/jaeger-thrift-0.33.1.jar:/home/user/.m2/repository/org/apache/thrift/libthrift/0.11.0/libthrift-0.11.0.jar:/home/user/.m2/repository/com/squareup/okhttp3/okhttp/3.9.0/okhttp-3.9.0.jar:/home/user/.m2/repository/com/squareup/okio/okio/1.13.0/okio-1.13.0.jar:/home/user/.m2/repository/io/jaegertracing/jaeger-core/0.33.1/jaeger-core-0.33.1.jar:/home/user/.m2/repository/io/jaegertracing/jaeger-tracerresolver/0.33.1/jaeger-tracerresolver-0.33.1.jar:/home/user/.m2/repository/io/opentracing/contrib/opentracing-tracerresolver/0.1.5/opentracing-tracerresolver-0.1.5.jar:/home/user/.m2/repository/io/opentracing/opentracing-util/0.31.0/opentracing-util-0.31.0.jar:/home/user/.m2/repository/io/opentracing/opentracing-api/0.31.0/opentracing-api-0.31.0.jar:/home/user/.m2/repository/io/opentracing/opentracing-noop/0.31.0/opentracing-noop-0.31.0.jar:/home/user/.m2/repository/org/yaml/snakeyaml/1.16/snakeyaml-1.16.jar:/tmp/workdir/hadoop-hdds/container-service/target/classes:/tmp/workdir/hadoop-hdds/client/target/classes:/tmp/workdir/hadoop-hdds/tools/target/classes:/home/user/.m2/repository/org/xerial/sqlite-jdbc/3.25.2/sqlite-jdbc-3.25.2.jar:/tmp/workdir/hadoop-hdds/server-scm/target/classes:/home/user/.m2/repository/org/hamcrest/hamcrest-all/1.3/hamcrest-all-1.3.jar:/home/user/.m2/repository/info/picocli/picocli/3.9.6/picocli-3.9.6.jar:/home/user/.m2/repository/com/google/protobuf/protobuf-java/2.5.0/protobuf-java-2.5.0.jar:/home/user/.m2/repository/com/google/guava/guava/11.0.2/guava-11.0.2.jar:/tmp/workdir/hadoop-ozone/client/target/classes:/home/user/.m2/repository/org/apache/hadoop/hadoop-ozone-filesystem/0.5.0-SNAPSHOT/hadoop-ozone-filesystem-0.5.0-SNAPSHOT.jar:/tmp/workdir/hadoop-hdds/framework/target/classes:/home/user/.m2/repository/org/apache/hadoop/hadoop-common/3.2.0/hadoop-common-3.2.0.jar:/home/user/.m2/repository/org/apache/hadoop/hadoop-annotations/3.2.0/hadoop-annotations-3.2.0.jar:/usr/lib/jvm/java-1.8-openjdk/jre/../lib/tools.jar:/home/user/.m2/repository/commons-cli/commons-cli/1.2/commons-cli-1.2.jar:/home/user/.m2/repository/org/apache/commons/commons-math3/3.1.1/commons-math3-3.1.1.jar:/home/user/.m2/repository/org/apache/httpcomponents/httpclient/4.5.2/httpclient-4.5.2.jar:/home/user/.m2/repository/org/apache/httpcomponents/httpcore/4.4.4/httpcore-4.4.4.jar:/home/user/.m2/repository/commons-codec/commons-codec/1.11/commons-codec-1.11.jar:/home/user/.m2/repository/commons-io/commons-io/2.5/commons-io-2.5.jar:/home/user/.m2/repository/commons-net/commons-net/3.6/commons-net-3.6.jar:/home/user/.m2/repository/commons-collections/commons-collections/3.2.2/commons-collections-3.2.2.jar:/home/user/.m2/repository/javax/servlet/javax.servlet-api/3.1.0/javax.servlet-api-3.1.0.jar:/home/user/.m2/repository/org/eclipse/jetty/jetty-server/9.3.24.v20180605/jetty-server-9.3.24.v20180605.jar:/home/user/.m2/repository/org/eclipse/jetty/jetty-http/9.3.24.v20180605/jetty-http-9.3.24.v20180605.jar:/home/user/.m2/repository/org/eclipse/jetty/jetty-io/9.3.24.v20180605/jetty-io-9.3.24.v20180605.jar:/home/user/.m2/repository/org/eclipse/jetty/jetty-util/9.3.24.v20180605/jetty-util-9.3.24.v20180605.jar:/home/user/.m2/repository/org/eclipse/jetty/jetty-servlet/9.3.24.v20180605/jetty-servlet-9.3.24.v20180605.jar:/home/user/.m2/repository/org/eclipse/jetty/jetty-security/9.3.24.v20180605/jetty-security-9.3.24.v20180605.jar:/home/user/.m2/repository/org/eclipse/jetty/jetty-webapp/9.3.24.v20180605/jetty-webapp-9.3.24.v20180605.jar:/home/user/.m2/repository/org/eclipse/jetty/jetty-xml/9.3.24.v20180605/jetty-xml-9.3.24.v20180605.jar:/home/user/.m2/repository/javax/servlet/jsp/jsp-api/2.1/jsp-api-2.1.jar:/home/user/.m2/repository/com/sun/jersey/jersey-core/1.19/jersey-core-1.19.jar:/home/user/.m2/repository/javax/ws/rs/jsr311-api/1.1.1/jsr311-api-1.1.1.jar:/home/user/.m2/repository/com/sun/jersey/jersey-servlet/1.19/jersey-servlet-1.19.jar:/home/user/.m2/repository/com/sun/jersey/jersey-json/1.19/jersey-json-1.19.jar:/home/user/.m2/repository/org/codehaus/jettison/jettison/1.1/jettison-1.1.jar:/home/user/.m2/repository/com/sun/xml/bind/jaxb-impl/2.3.0.1/jaxb-impl-2.3.0.1.jar:/home/user/.m2/repository/org/codehaus/jackson/jackson-core-asl/1.9.13/jackson-core-asl-1.9.13.jar:/home/user/.m2/repository/org/codehaus/jackson/jackson-mapper-asl/1.9.13/jackson-mapper-asl-1.9.13.jar:/home/user/.m2/repository/org/codehaus/jackson/jackson-jaxrs/1.9.13/jackson-jaxrs-1.9.13.jar:/home/user/.m2/repository/org/codehaus/jackson/jackson-xc/1.9.13/jackson-xc-1.9.13.jar:/home/user/.m2/repository/com/sun/jersey/jersey-server/1.19/jersey-server-1.19.jar:/home/user/.m2/repository/commons-logging/commons-logging/1.1.3/commons-logging-1.1.3.jar:/home/user/.m2/repository/log4j/log4j/1.2.17/log4j-1.2.17.jar:/home/user/.m2/repository/commons-beanutils/commons-beanutils/1.9.3/commons-beanutils-1.9.3.jar:/home/user/.m2/repository/org/apache/commons/commons-configuration2/2.1.1/commons-configuration2-2.1.1.jar:/home/user/.m2/repository/org/apache/commons/commons-lang3/3.7/commons-lang3-3.7.jar:/home/user/.m2/repository/org/apache/commons/commons-text/1.4/commons-text-1.4.jar:/home/user/.m2/repository/org/slf4j/slf4j-api/1.7.25/slf4j-api-1.7.25.jar:/home/user/.m2/repository/org/slf4j/slf4j-log4j12/1.7.25/slf4j-log4j12-1.7.25.jar:/home/user/.m2/repository/org/apache/avro/avro/1.7.7/avro-1.7.7.jar:/home/user/.m2/repository/com/thoughtworks/paranamer/paranamer/2.3/paranamer-2.3.jar:/home/user/.m2/repository/org/xerial/snappy/snappy-java/1.0.5/snappy-java-1.0.5.jar:/home/user/.m2/repository/com/google/re2j/re2j/1.1/re2j-1.1.jar:/home/user/.m2/repository/com/google/code/gson/gson/2.2.4/gson-2.2.4.jar:/home/user/.m2/repository/org/apache/hadoop/hadoop-auth/3.2.0/hadoop-auth-3.2.0.jar:/home/user/.m2/repository/com/nimbusds/nimbus-jose-jwt/4.41.1/nimbus-jose-jwt-4.41.1.jar:/home/user/.m2/repository/com/github/stephenc/jcip/jcip-annotations/1.0-1/jcip-annotations-1.0-1.jar:/home/user/.m2/repository/net/minidev/json-smart/2.3/json-smart-2.3.jar:/home/user/.m2/repository/net/minidev/accessors-smart/1.2/accessors-smart-1.2.jar:/home/user/.m2/repository/org/apache/curator/curator-framework/2.12.0/curator-framework-2.12.0.jar:/home/user/.m2/repository/com/jcraft/jsch/0.1.54/jsch-0.1.54.jar:/home/user/.m2/repository/org/apache/curator/curator-client/2.12.0/curator-client-2.12.0.jar:/home/user/.m2/repository/org/apache/curator/curator-recipes/2.12.0/curator-recipes-2.12.0.jar:/home/user/.m2/repository/com/google/code/findbugs/jsr305/3.0.0/jsr305-3.0.0.jar:/home/user/.m2/repository/org/apache/htrace/htrace-core4/4.1.0-incubating/htrace-core4-4.1.0-incubating.jar:/home/user/.m2/repository/org/apache/zookeeper/zookeeper/3.4.13/zookeeper-3.4.13.jar:/home/user/.m2/repository/org/apache/yetus/audience-annotations/0.5.0/audience-annotations-0.5.0.jar:/home/user/.m2/repository/org/apache/kerby/kerb-simplekdc/1.0.1/kerb-simplekdc-1.0.1.jar:/home/user/.m2/repository/org/apache/kerby/kerb-client/1.0.1/kerb-client-1.0.1.jar:/home/user/.m2/repository/org/apache/kerby/kerby-config/1.0.1/kerby-config-1.0.1.jar:/home/user/.m2/repository/org/apache/kerby/kerb-core/1.0.1/kerb-core-1.0.1.jar:/home/user/.m2/repository/org/apache/kerby/kerby-pkix/1.0.1/kerby-pkix-1.0.1.jar:/home/user/.m2/repository/org/apache/kerby/kerby-asn1/1.0.1/kerby-asn1-1.0.1.jar:/home/user/.m2/repository/org/apache/kerby/kerby-util/1.0.1/kerby-util-1.0.1.jar:/home/user/.m2/repository/org/apache/kerby/kerb-common/1.0.1/kerb-common-1.0.1.jar:/home/user/.m2/repository/org/apache/kerby/kerb-crypto/1.0.1/kerb-crypto-1.0.1.jar:/home/user/.m2/repository/org/apache/kerby/kerb-util/1.0.1/kerb-util-1.0.1.jar:/home/user/.m2/repository/org/apache/kerby/token-provider/1.0.1/token-provider-1.0.1.jar:/home/user/.m2/repository/org/apache/kerby/kerb-admin/1.0.1/kerb-admin-1.0.1.jar:/home/user/.m2/repository/org/apache/kerby/kerb-server/1.0.1/kerb-server-1.0.1.jar:/home/user/.m2/repository/org/apache/kerby/kerb-identity/1.0.1/kerb-identity-1.0.1.jar:/home/user/.m2/repository/org/apache/kerby/kerby-xdr/1.0.1/kerby-xdr-1.0.1.jar:/home/user/.m2/repository/com/fasterxml/jackson/core/jackson-databind/2.9.5/jackson-databind-2.9.5.jar:/home/user/.m2/repository/com/fasterxml/jackson/core/jackson-core/2.9.5/jackson-core-2.9.5.jar:/home/user/.m2/repository/org/codehaus/woodstox/stax2-api/3.1.4/stax2-api-3.1.4.jar:/home/user/.m2/repository/com/fasterxml/woodstox/woodstox-core/5.0.3/woodstox-core-5.0.3.jar:/home/user/.m2/repository/dnsjava/dnsjava/2.1.7/dnsjava-2.1.7.jar:/home/user/.m2/repository/org/apache/hadoop/hadoop-hdfs/3.2.0/hadoop-hdfs-3.2.0.jar:/home/user/.m2/repository/org/eclipse/jetty/jetty-util-ajax/9.3.24.v20180605/jetty-util-ajax-9.3.24.v20180605.jar:/home/user/.m2/repository/commons-daemon/commons-daemon/1.0.13/commons-daemon-1.0.13.jar:/home/user/.m2/repository/io/netty/netty/3.10.5.Final/netty-3.10.5.Final.jar:/home/user/.m2/repository/io/netty/netty-all/4.0.52.Final/netty-all-4.0.52.Final.jar:/home/user/.m2/repository/org/fusesource/leveldbjni/leveldbjni-all/1.8/leveldbjni-all-1.8.jar:/home/user/.m2/repository/com/sun/xml/bind/jaxb-core/2.3.0.1/jaxb-core-2.3.0.1.jar:/home/user/.m2/repository/javax/xml/bind/jaxb-api/2.3.0/jaxb-api-2.3.0.jar:/home/user/.m2/repository/javax/activation/activation/1.1.1/activation-1.1.1.jar:/home/user/.m2/repository/io/dropwizard/metrics/metrics-core/3.2.4/metrics-core-3.2.4.jar:/home/user/.m2/repository/org/openjdk/jmh/jmh-core/1.19/jmh-core-1.19.jar:/home/user/.m2/repository/net/sf/jopt-simple/jopt-simple/4.6/jopt-simple-4.6.jar:/home/user/.m2/repository/org/openjdk/jmh/jmh-generator-annprocess/1.19/jmh-generator-annprocess-1.19.jar:/home/user/.m2/repository/com/google/code/findbugs/findbugs/3.0.1/findbugs-3.0.1.jar:/home/user/.m2/repository/net/jcip/jcip-annotations/1.0/jcip-annotations-1.0.jar:/home/user/.m2/repository/com/google/code/findbugs/bcel-findbugs/6.0/bcel-findbugs-6.0.jar:/home/user/.m2/repository/com/google/code/findbugs/jFormatString/2.0.1/jFormatString-2.0.1.jar:/home/user/.m2/repository/dom4j/dom4j/1.6.1/dom4j-1.6.1.jar:/home/user/.m2/repository/xml-apis/xml-apis/1.0.b2/xml-apis-1.0.b2.jar:/home/user/.m2/repository/org/ow2/asm/asm-debug-all/5.0.2/asm-debug-all-5.0.2.jar:/home/user/.m2/repository/org/ow2/asm/asm-commons/5.0.2/asm-commons-5.0.2.jar:/home/user/.m2/repository/org/ow2/asm/asm-tree/5.0.2/asm-tree-5.0.2.jar:/home/user/.m2/repository/org/ow2/asm/asm/5.0.4/asm-5.0.4.jar:/home/user/.m2/repository/commons-lang/commons-lang/2.6/commons-lang-2.6.jar:/home/user/.m2/repository/com/apple/AppleJavaExtensions/1.4/AppleJavaExtensions-1.4.jar:/home/user/.m2/repository/jaxen/jaxen/1.1.6/jaxen-1.1.6.jar:/home/user/.m2/repository/junit/junit/4.11/junit-4.11.jar:/home/user/.m2/repository/org/hamcrest/hamcrest-core/1.3/hamcrest-core-1.3.jar:/home/user/.m2/repository/org/apache/hadoop/hadoop-common/3.2.0/hadoop-common-3.2.0-tests.jar:/home/user/.m2/repository/org/apache/hadoop/hadoop-ozone-integration-test/0.5.0-SNAPSHOT/hadoop-ozone-integration-test-0.5.0-SNAPSHOT-tests.jar:/tmp/workdir/hadoop-ozone/objectstore-service/target/classes:/tmp/workdir/hadoop-ozone/s3gateway/target/classes:/home/user/.m2/repository/org/jboss/weld/servlet/weld-servlet/2.4.7.Final/weld-servlet-2.4.7.Final.jar:/home/user/.m2/repository/org/glassfish/jersey/containers/jersey-container-servlet-core/2.27/jersey-container-servlet-core-2.27.jar:/home/user/.m2/repository/org/glassfish/hk2/external/javax.inject/2.5.0-b42/javax.inject-2.5.0-b42.jar:/home/user/.m2/repository/org/glassfish/jersey/core/jersey-common/2.27/jersey-common-2.27.jar:/home/user/.m2/repository/org/glassfish/hk2/osgi-resource-locator/1.0.1/osgi-resource-locator-1.0.1.jar:/home/user/.m2/repository/javax/ws/rs/javax.ws.rs-api/2.1/javax.ws.rs-api-2.1.jar:/home/user/.m2/repository/org/glassfish/jersey/ext/cdi/jersey-cdi1x/2.27/jersey-cdi1x-2.27.jar:/home/user/.m2/repository/org/glassfish/jersey/inject/jersey-hk2/2.27/jersey-hk2-2.27.jar:/home/user/.m2/repository/org/glassfish/hk2/hk2-locator/2.5.0-b42/hk2-locator-2.5.0-b42.jar:/home/user/.m2/repository/org/javassist/javassist/3.22.0-CR2/javassist-3.22.0-CR2.jar:/home/user/.m2/repository/org/glassfish/hk2/hk2-api/2.5.0/hk2-api-2.5.0.jar:/home/user/.m2/repository/org/glassfish/hk2/external/jakarta.inject/2.5.0/jakarta.inject-2.5.0.jar:/home/user/.m2/repository/org/glassfish/hk2/hk2-utils/2.5.0/hk2-utils-2.5.0.jar:/home/user/.m2/repository/jakarta/annotation/jakarta.annotation-api/1.3.4/jakarta.annotation-api-1.3.4.jar:/home/user/.m2/repository/org/glassfish/hk2/external/aopalliance-repackaged/2.5.0/aopalliance-repackaged-2.5.0.jar:/home/user/.m2/repository/com/fasterxml/jackson/dataformat/jackson-dataformat-xml/2.9.0/jackson-dataformat-xml-2.9.0.jar:/home/user/.m2/repository/com/fasterxml/jackson/module/jackson-module-jaxb-annotations/2.9.5/jackson-module-jaxb-annotations-2.9.5.jar:/home/user/.m2/repository/javax/enterprise/cdi-api/1.2/cdi-api-1.2.jar:/home/user/.m2/repository/javax/el/javax.el-api/3.0.0/javax.el-api-3.0.0.jar:/home/user/.m2/repository/javax/interceptor/javax.interceptor-api/1.2/javax.interceptor-api-1.2.jar:/home/user/.m2/repository/javax/inject/javax.inject/1/javax.inject-1.jar:/tmp/workdir/hadoop-ozone/csi/target/classes:/home/user/.m2/repository/com/google/protobuf/protobuf-java-util/3.5.1/protobuf-java-util-3.5.1.jar:/home/user/.m2/repository/io/grpc/grpc-netty/1.17.1/grpc-netty-1.17.1.jar:/home/user/.m2/repository/io/grpc/grpc-core/1.17.1/grpc-core-1.17.1.jar:/home/user/.m2/repository/io/grpc/grpc-context/1.17.1/grpc-context-1.17.1.jar:/home/user/.m2/repository/com/google/errorprone/error_prone_annotations/2.2.0/error_prone_annotations-2.2.0.jar:/home/user/.m2/repository/org/codehaus/mojo/animal-sniffer-annotations/1.17/animal-sniffer-annotations-1.17.jar:/home/user/.m2/repository/io/opencensus/opencensus-api/0.17.0/opencensus-api-0.17.0.jar:/home/user/.m2/repository/io/opencensus/opencensus-contrib-grpc-metrics/0.17.0/opencensus-contrib-grpc-metrics-0.17.0.jar:/home/user/.m2/repository/io/netty/netty-codec-http2/4.1.30.Final/netty-codec-http2-4.1.30.Final.jar:/home/user/.m2/repository/io/netty/netty-codec-http/4.1.30.Final/netty-codec-http-4.1.30.Final.jar:/home/user/.m2/repository/io/netty/netty-codec/4.1.30.Final/netty-codec-4.1.30.Final.jar:/home/user/.m2/repository/io/netty/netty-handler/4.1.30.Final/netty-handler-4.1.30.Final.jar:/home/user/.m2/repository/io/netty/netty-handler-proxy/4.1.30.Final/netty-handler-proxy-4.1.30.Final.jar:/home/user/.m2/repository/io/netty/netty-codec-socks/4.1.30.Final/netty-codec-socks-4.1.30.Final.jar:/home/user/.m2/repository/io/netty/netty-transport-native-epoll/4.1.30.Final/netty-transport-native-epoll-4.1.30.Final.jar:/home/user/.m2/repository/io/netty/netty-common/4.1.30.Final/netty-common-4.1.30.Final.jar:/home/user/.m2/repository/io/netty/netty-buffer/4.1.30.Final/netty-buffer-4.1.30.Final.jar:/home/user/.m2/repository/io/netty/netty-transport/4.1.30.Final/netty-transport-4.1.30.Final.jar:/home/user/.m2/repository/io/netty/netty-resolver/4.1.30.Final/netty-resolver-4.1.30.Final.jar:/home/user/.m2/repository/io/netty/netty-transport-native-unix-common/4.1.30.Final/netty-transport-native-unix-common-4.1.30.Final.jar:/home/user/.m2/repository/io/grpc/grpc-protobuf/1.17.1/grpc-protobuf-1.17.1.jar:/home/user/.m2/repository/com/google/api/grpc/proto-google-common-protos/1.0.0/proto-google-common-protos-1.0.0.jar:/home/user/.m2/repository/io/grpc/grpc-protobuf-lite/1.17.1/grpc-protobuf-lite-1.17.1.jar:/home/user/.m2/repository/io/grpc/grpc-stub/1.17.1/grpc-stub-1.17.1.jar:/tmp/workdir/hadoop-ozone/ozone-recon/target/classes:/tmp/workdir/hadoop-ozone/ozone-recon-codegen/target/classes:/home/user/.m2/repository/com/google/inject/extensions/guice-multibindings/4.0/guice-multibindings-4.0.jar:/home/user/.m2/repository/com/google/inject/guice/4.0/guice-4.0.jar:/home/user/.m2/repository/aopalliance/aopalliance/1.0/aopalliance-1.0.jar:/home/user/.m2/repository/com/google/inject/extensions/guice-servlet/4.0/guice-servlet-4.0.jar:/home/user/.m2/repository/org/glassfish/jersey/containers/jersey-container-servlet/2.27/jersey-container-servlet-2.27.jar:/home/user/.m2/repository/org/glassfish/hk2/guice-bridge/2.5.0/guice-bridge-2.5.0.jar:/home/user/.m2/repository/org/glassfish/jersey/core/jersey-server/2.27/jersey-server-2.27.jar:/home/user/.m2/repository/org/glassfish/jersey/core/jersey-client/2.27/jersey-client-2.27.jar:/home/user/.m2/repository/org/glassfish/jersey/media/jersey-media-jaxb/2.27/jersey-media-jaxb-2.27.jar:/home/user/.m2/repository/javax/validation/validation-api/1.1.0.Final/validation-api-1.1.0.Final.jar:/home/user/.m2/repository/org/glassfish/jersey/media/jersey-media-json-jackson/2.27/jersey-media-json-jackson-2.27.jar:/home/user/.m2/repository/org/glassfish/jersey/ext/jersey-entity-filtering/2.27/jersey-entity-filtering-2.27.jar:/home/user/.m2/repository/com/google/inject/extensions/guice-assistedinject/4.0/guice-assistedinject-4.0.jar:/home/user/.m2/repository/org/jooq/jooq/3.11.10/jooq-3.11.10.jar:/home/user/.m2/repository/org/jooq/jooq-meta/3.11.10/jooq-meta-3.11.10.jar:/home/user/.m2/repository/org/jooq/jooq-codegen/3.11.10/jooq-codegen-3.11.10.jar:/home/user/.m2/repository/com/jolbox/bonecp/0.8.0.RELEASE/bonecp-0.8.0.RELEASE.jar:/home/user/.m2/repository/org/springframework/spring-jdbc/5.1.3.RELEASE/spring-jdbc-5.1.3.RELEASE.jar:/home/user/.m2/repository/org/springframework/spring-beans/5.1.3.RELEASE/spring-beans-5.1.3.RELEASE.jar:/home/user/.m2/repository/org/springframework/spring-core/5.1.3.RELEASE/spring-core-5.1.3.RELEASE.jar:/home/user/.m2/repository/org/springframework/spring-jcl/5.1.3.RELEASE/spring-jcl-5.1.3.RELEASE.jar:/home/user/.m2/repository/org/springframework/spring-tx/5.1.3.RELEASE/spring-tx-5.1.3.RELEASE.jar:/home/user/.m2/repository/org/mockito/mockito-core/2.15.0/mockito-core-2.15.0.jar:/home/user/.m2/repository/net/bytebuddy/byte-buddy/1.7.9/byte-buddy-1.7.9.jar:/home/user/.m2/repository/net/bytebuddy/byte-buddy-agent/1.7.9/byte-buddy-agent-1.7.9.jar:/home/user/.m2/repository/org/objenesis/objenesis/1.0/objenesis-1.0.jar:"/>
    <property name="java.vm.vendor" value="IcedTea"/>
    <property name="sun.arch.data.model" value="64"/>
    <property name="test.build.dir" value="/tmp/workdir/hadoop-ozone/tools/target/test-dir"/>
    <property name="test.cache.data" value=""/>
    <property name="java.vendor.url" value="https://icedtea.classpath.org"/>
    <property name="user.timezone" value=""/>
    <property name="java.vm.specification.version" value="1.8"/>
    <property name="os.name" value="Linux"/>
    <property name="test.build.data" value="/tmp/workdir/hadoop-ozone/tools/target/test-dir"/>
    <property name="user.country" value="US"/>
    <property name="sun.java.launcher" value="SUN_STANDARD"/>
    <property name="sun.boot.library.path" value="/usr/lib/jvm/java-1.8-openjdk/jre/lib/amd64"/>
    <property name="sun.java.command" value="/tmp/workdir/hadoop-ozone/tools/target/surefire/surefirebooter7852857251232556705.jar /tmp/workdir/hadoop-ozone/tools/target/surefire 2019-07-09T08-32-10_436-jvmRun1 surefire3763533174244623564tmp surefire_1022007697234820008055tmp"/>
    <property name="surefire.test.class.path" value="/tmp/workdir/hadoop-ozone/tools/target/test-classes:/tmp/workdir/hadoop-ozone/tools/target/classes:/tmp/workdir/hadoop-ozone/ozone-manager/target/classes:/tmp/workdir/hadoop-hdds/docs/target/classes:/home/user/.m2/repository/org/bouncycastle/bcprov-jdk15on/1.60/bcprov-jdk15on-1.60.jar:/tmp/workdir/hadoop-ozone/common/target/classes:/home/user/.m2/repository/org/apache/commons/commons-compress/1.4.1/commons-compress-1.4.1.jar:/home/user/.m2/repository/org/tukaani/xz/1.0/xz-1.0.jar:/home/user/.m2/repository/org/apache/hadoop/hadoop-hdfs-client/3.2.0/hadoop-hdfs-client-3.2.0.jar:/home/user/.m2/repository/com/fasterxml/jackson/core/jackson-annotations/2.9.5/jackson-annotations-2.9.5.jar:/tmp/workdir/hadoop-hdds/common/target/classes:/tmp/workdir/hadoop-hdds/config/target/classes:/home/user/.m2/repository/javax/annotation/javax.annotation-api/1.2/javax.annotation-api-1.2.jar:/home/user/.m2/repository/org/apache/ratis/ratis-server/0.4.0-2337318-SNAPSHOT/ratis-server-0.4.0-2337318-SNAPSHOT.jar:/home/user/.m2/repository/org/apache/ratis/ratis-thirdparty-misc/0.2.0/ratis-thirdparty-misc-0.2.0.jar:/home/user/.m2/repository/org/apache/ratis/ratis-proto/0.4.0-2337318-SNAPSHOT/ratis-proto-0.4.0-2337318-SNAPSHOT.jar:/home/user/.m2/repository/org/apache/ratis/ratis-common/0.4.0-2337318-SNAPSHOT/ratis-common-0.4.0-2337318-SNAPSHOT.jar:/home/user/.m2/repository/org/apache/ratis/ratis-client/0.4.0-2337318-SNAPSHOT/ratis-client-0.4.0-2337318-SNAPSHOT.jar:/home/user/.m2/repository/org/apache/ratis/ratis-metrics/0.4.0-2337318-SNAPSHOT/ratis-metrics-0.4.0-2337318-SNAPSHOT.jar:/home/user/.m2/repository/org/apache/ratis/ratis-netty/0.4.0-2337318-SNAPSHOT/ratis-netty-0.4.0-2337318-SNAPSHOT.jar:/home/user/.m2/repository/org/apache/ratis/ratis-grpc/0.4.0-2337318-SNAPSHOT/ratis-grpc-0.4.0-2337318-SNAPSHOT.jar:/home/user/.m2/repository/org/rocksdb/rocksdbjni/6.0.1/rocksdbjni-6.0.1.jar:/home/user/.m2/repository/org/apache/logging/log4j/log4j-api/2.11.0/log4j-api-2.11.0.jar:/home/user/.m2/repository/org/apache/logging/log4j/log4j-core/2.11.0/log4j-core-2.11.0.jar:/home/user/.m2/repository/com/lmax/disruptor/3.4.2/disruptor-3.4.2.jar:/home/user/.m2/repository/org/apache/commons/commons-pool2/2.6.0/commons-pool2-2.6.0.jar:/home/user/.m2/repository/org/bouncycastle/bcpkix-jdk15on/1.60/bcpkix-jdk15on-1.60.jar:/home/user/.m2/repository/commons-validator/commons-validator/1.6/commons-validator-1.6.jar:/home/user/.m2/repository/commons-digester/commons-digester/1.8.1/commons-digester-1.8.1.jar:/home/user/.m2/repository/io/jaegertracing/jaeger-client/0.33.1/jaeger-client-0.33.1.jar:/home/user/.m2/repository/io/jaegertracing/jaeger-thrift/0.33.1/jaeger-thrift-0.33.1.jar:/home/user/.m2/repository/org/apache/thrift/libthrift/0.11.0/libthrift-0.11.0.jar:/home/user/.m2/repository/com/squareup/okhttp3/okhttp/3.9.0/okhttp-3.9.0.jar:/home/user/.m2/repository/com/squareup/okio/okio/1.13.0/okio-1.13.0.jar:/home/user/.m2/repository/io/jaegertracing/jaeger-core/0.33.1/jaeger-core-0.33.1.jar:/home/user/.m2/repository/io/jaegertracing/jaeger-tracerresolver/0.33.1/jaeger-tracerresolver-0.33.1.jar:/home/user/.m2/repository/io/opentracing/contrib/opentracing-tracerresolver/0.1.5/opentracing-tracerresolver-0.1.5.jar:/home/user/.m2/repository/io/opentracing/opentracing-util/0.31.0/opentracing-util-0.31.0.jar:/home/user/.m2/repository/io/opentracing/opentracing-api/0.31.0/opentracing-api-0.31.0.jar:/home/user/.m2/repository/io/opentracing/opentracing-noop/0.31.0/opentracing-noop-0.31.0.jar:/home/user/.m2/repository/org/yaml/snakeyaml/1.16/snakeyaml-1.16.jar:/tmp/workdir/hadoop-hdds/container-service/target/classes:/tmp/workdir/hadoop-hdds/client/target/classes:/tmp/workdir/hadoop-hdds/tools/target/classes:/home/user/.m2/repository/org/xerial/sqlite-jdbc/3.25.2/sqlite-jdbc-3.25.2.jar:/tmp/workdir/hadoop-hdds/server-scm/target/classes:/home/user/.m2/repository/org/hamcrest/hamcrest-all/1.3/hamcrest-all-1.3.jar:/home/user/.m2/repository/info/picocli/picocli/3.9.6/picocli-3.9.6.jar:/home/user/.m2/repository/com/google/protobuf/protobuf-java/2.5.0/protobuf-java-2.5.0.jar:/home/user/.m2/repository/com/google/guava/guava/11.0.2/guava-11.0.2.jar:/tmp/workdir/hadoop-ozone/client/target/classes:/home/user/.m2/repository/org/apache/hadoop/hadoop-ozone-filesystem/0.5.0-SNAPSHOT/hadoop-ozone-filesystem-0.5.0-SNAPSHOT.jar:/tmp/workdir/hadoop-hdds/framework/target/classes:/home/user/.m2/repository/org/apache/hadoop/hadoop-common/3.2.0/hadoop-common-3.2.0.jar:/home/user/.m2/repository/org/apache/hadoop/hadoop-annotations/3.2.0/hadoop-annotations-3.2.0.jar:/usr/lib/jvm/java-1.8-openjdk/jre/../lib/tools.jar:/home/user/.m2/repository/commons-cli/commons-cli/1.2/commons-cli-1.2.jar:/home/user/.m2/repository/org/apache/commons/commons-math3/3.1.1/commons-math3-3.1.1.jar:/home/user/.m2/repository/org/apache/httpcomponents/httpclient/4.5.2/httpclient-4.5.2.jar:/home/user/.m2/repository/org/apache/httpcomponents/httpcore/4.4.4/httpcore-4.4.4.jar:/home/user/.m2/repository/commons-codec/commons-codec/1.11/commons-codec-1.11.jar:/home/user/.m2/repository/commons-io/commons-io/2.5/commons-io-2.5.jar:/home/user/.m2/repository/commons-net/commons-net/3.6/commons-net-3.6.jar:/home/user/.m2/repository/commons-collections/commons-collections/3.2.2/commons-collections-3.2.2.jar:/home/user/.m2/repository/javax/servlet/javax.servlet-api/3.1.0/javax.servlet-api-3.1.0.jar:/home/user/.m2/repository/org/eclipse/jetty/jetty-server/9.3.24.v20180605/jetty-server-9.3.24.v20180605.jar:/home/user/.m2/repository/org/eclipse/jetty/jetty-http/9.3.24.v20180605/jetty-http-9.3.24.v20180605.jar:/home/user/.m2/repository/org/eclipse/jetty/jetty-io/9.3.24.v20180605/jetty-io-9.3.24.v20180605.jar:/home/user/.m2/repository/org/eclipse/jetty/jetty-util/9.3.24.v20180605/jetty-util-9.3.24.v20180605.jar:/home/user/.m2/repository/org/eclipse/jetty/jetty-servlet/9.3.24.v20180605/jetty-servlet-9.3.24.v20180605.jar:/home/user/.m2/repository/org/eclipse/jetty/jetty-security/9.3.24.v20180605/jetty-security-9.3.24.v20180605.jar:/home/user/.m2/repository/org/eclipse/jetty/jetty-webapp/9.3.24.v20180605/jetty-webapp-9.3.24.v20180605.jar:/home/user/.m2/repository/org/eclipse/jetty/jetty-xml/9.3.24.v20180605/jetty-xml-9.3.24.v20180605.jar:/home/user/.m2/repository/javax/servlet/jsp/jsp-api/2.1/jsp-api-2.1.jar:/home/user/.m2/repository/com/sun/jersey/jersey-core/1.19/jersey-core-1.19.jar:/home/user/.m2/repository/javax/ws/rs/jsr311-api/1.1.1/jsr311-api-1.1.1.jar:/home/user/.m2/repository/com/sun/jersey/jersey-servlet/1.19/jersey-servlet-1.19.jar:/home/user/.m2/repository/com/sun/jersey/jersey-json/1.19/jersey-json-1.19.jar:/home/user/.m2/repository/org/codehaus/jettison/jettison/1.1/jettison-1.1.jar:/home/user/.m2/repository/com/sun/xml/bind/jaxb-impl/2.3.0.1/jaxb-impl-2.3.0.1.jar:/home/user/.m2/repository/org/codehaus/jackson/jackson-core-asl/1.9.13/jackson-core-asl-1.9.13.jar:/home/user/.m2/repository/org/codehaus/jackson/jackson-mapper-asl/1.9.13/jackson-mapper-asl-1.9.13.jar:/home/user/.m2/repository/org/codehaus/jackson/jackson-jaxrs/1.9.13/jackson-jaxrs-1.9.13.jar:/home/user/.m2/repository/org/codehaus/jackson/jackson-xc/1.9.13/jackson-xc-1.9.13.jar:/home/user/.m2/repository/com/sun/jersey/jersey-server/1.19/jersey-server-1.19.jar:/home/user/.m2/repository/commons-logging/commons-logging/1.1.3/commons-logging-1.1.3.jar:/home/user/.m2/repository/log4j/log4j/1.2.17/log4j-1.2.17.jar:/home/user/.m2/repository/commons-beanutils/commons-beanutils/1.9.3/commons-beanutils-1.9.3.jar:/home/user/.m2/repository/org/apache/commons/commons-configuration2/2.1.1/commons-configuration2-2.1.1.jar:/home/user/.m2/repository/org/apache/commons/commons-lang3/3.7/commons-lang3-3.7.jar:/home/user/.m2/repository/org/apache/commons/commons-text/1.4/commons-text-1.4.jar:/home/user/.m2/repository/org/slf4j/slf4j-api/1.7.25/slf4j-api-1.7.25.jar:/home/user/.m2/repository/org/slf4j/slf4j-log4j12/1.7.25/slf4j-log4j12-1.7.25.jar:/home/user/.m2/repository/org/apache/avro/avro/1.7.7/avro-1.7.7.jar:/home/user/.m2/repository/com/thoughtworks/paranamer/paranamer/2.3/paranamer-2.3.jar:/home/user/.m2/repository/org/xerial/snappy/snappy-java/1.0.5/snappy-java-1.0.5.jar:/home/user/.m2/repository/com/google/re2j/re2j/1.1/re2j-1.1.jar:/home/user/.m2/repository/com/google/code/gson/gson/2.2.4/gson-2.2.4.jar:/home/user/.m2/repository/org/apache/hadoop/hadoop-auth/3.2.0/hadoop-auth-3.2.0.jar:/home/user/.m2/repository/com/nimbusds/nimbus-jose-jwt/4.41.1/nimbus-jose-jwt-4.41.1.jar:/home/user/.m2/repository/com/github/stephenc/jcip/jcip-annotations/1.0-1/jcip-annotations-1.0-1.jar:/home/user/.m2/repository/net/minidev/json-smart/2.3/json-smart-2.3.jar:/home/user/.m2/repository/net/minidev/accessors-smart/1.2/accessors-smart-1.2.jar:/home/user/.m2/repository/org/apache/curator/curator-framework/2.12.0/curator-framework-2.12.0.jar:/home/user/.m2/repository/com/jcraft/jsch/0.1.54/jsch-0.1.54.jar:/home/user/.m2/repository/org/apache/curator/curator-client/2.12.0/curator-client-2.12.0.jar:/home/user/.m2/repository/org/apache/curator/curator-recipes/2.12.0/curator-recipes-2.12.0.jar:/home/user/.m2/repository/com/google/code/findbugs/jsr305/3.0.0/jsr305-3.0.0.jar:/home/user/.m2/repository/org/apache/htrace/htrace-core4/4.1.0-incubating/htrace-core4-4.1.0-incubating.jar:/home/user/.m2/repository/org/apache/zookeeper/zookeeper/3.4.13/zookeeper-3.4.13.jar:/home/user/.m2/repository/org/apache/yetus/audience-annotations/0.5.0/audience-annotations-0.5.0.jar:/home/user/.m2/repository/org/apache/kerby/kerb-simplekdc/1.0.1/kerb-simplekdc-1.0.1.jar:/home/user/.m2/repository/org/apache/kerby/kerb-client/1.0.1/kerb-client-1.0.1.jar:/home/user/.m2/repository/org/apache/kerby/kerby-config/1.0.1/kerby-config-1.0.1.jar:/home/user/.m2/repository/org/apache/kerby/kerb-core/1.0.1/kerb-core-1.0.1.jar:/home/user/.m2/repository/org/apache/kerby/kerby-pkix/1.0.1/kerby-pkix-1.0.1.jar:/home/user/.m2/repository/org/apache/kerby/kerby-asn1/1.0.1/kerby-asn1-1.0.1.jar:/home/user/.m2/repository/org/apache/kerby/kerby-util/1.0.1/kerby-util-1.0.1.jar:/home/user/.m2/repository/org/apache/kerby/kerb-common/1.0.1/kerb-common-1.0.1.jar:/home/user/.m2/repository/org/apache/kerby/kerb-crypto/1.0.1/kerb-crypto-1.0.1.jar:/home/user/.m2/repository/org/apache/kerby/kerb-util/1.0.1/kerb-util-1.0.1.jar:/home/user/.m2/repository/org/apache/kerby/token-provider/1.0.1/token-provider-1.0.1.jar:/home/user/.m2/repository/org/apache/kerby/kerb-admin/1.0.1/kerb-admin-1.0.1.jar:/home/user/.m2/repository/org/apache/kerby/kerb-server/1.0.1/kerb-server-1.0.1.jar:/home/user/.m2/repository/org/apache/kerby/kerb-identity/1.0.1/kerb-identity-1.0.1.jar:/home/user/.m2/repository/org/apache/kerby/kerby-xdr/1.0.1/kerby-xdr-1.0.1.jar:/home/user/.m2/repository/com/fasterxml/jackson/core/jackson-databind/2.9.5/jackson-databind-2.9.5.jar:/home/user/.m2/repository/com/fasterxml/jackson/core/jackson-core/2.9.5/jackson-core-2.9.5.jar:/home/user/.m2/repository/org/codehaus/woodstox/stax2-api/3.1.4/stax2-api-3.1.4.jar:/home/user/.m2/repository/com/fasterxml/woodstox/woodstox-core/5.0.3/woodstox-core-5.0.3.jar:/home/user/.m2/repository/dnsjava/dnsjava/2.1.7/dnsjava-2.1.7.jar:/home/user/.m2/repository/org/apache/hadoop/hadoop-hdfs/3.2.0/hadoop-hdfs-3.2.0.jar:/home/user/.m2/repository/org/eclipse/jetty/jetty-util-ajax/9.3.24.v20180605/jetty-util-ajax-9.3.24.v20180605.jar:/home/user/.m2/repository/commons-daemon/commons-daemon/1.0.13/commons-daemon-1.0.13.jar:/home/user/.m2/repository/io/netty/netty/3.10.5.Final/netty-3.10.5.Final.jar:/home/user/.m2/repository/io/netty/netty-all/4.0.52.Final/netty-all-4.0.52.Final.jar:/home/user/.m2/repository/org/fusesource/leveldbjni/leveldbjni-all/1.8/leveldbjni-all-1.8.jar:/home/user/.m2/repository/com/sun/xml/bind/jaxb-core/2.3.0.1/jaxb-core-2.3.0.1.jar:/home/user/.m2/repository/javax/xml/bind/jaxb-api/2.3.0/jaxb-api-2.3.0.jar:/home/user/.m2/repository/javax/activation/activation/1.1.1/activation-1.1.1.jar:/home/user/.m2/repository/io/dropwizard/metrics/metrics-core/3.2.4/metrics-core-3.2.4.jar:/home/user/.m2/repository/org/openjdk/jmh/jmh-core/1.19/jmh-core-1.19.jar:/home/user/.m2/repository/net/sf/jopt-simple/jopt-simple/4.6/jopt-simple-4.6.jar:/home/user/.m2/repository/org/openjdk/jmh/jmh-generator-annprocess/1.19/jmh-generator-annprocess-1.19.jar:/home/user/.m2/repository/com/google/code/findbugs/findbugs/3.0.1/findbugs-3.0.1.jar:/home/user/.m2/repository/net/jcip/jcip-annotations/1.0/jcip-annotations-1.0.jar:/home/user/.m2/repository/com/google/code/findbugs/bcel-findbugs/6.0/bcel-findbugs-6.0.jar:/home/user/.m2/repository/com/google/code/findbugs/jFormatString/2.0.1/jFormatString-2.0.1.jar:/home/user/.m2/repository/dom4j/dom4j/1.6.1/dom4j-1.6.1.jar:/home/user/.m2/repository/xml-apis/xml-apis/1.0.b2/xml-apis-1.0.b2.jar:/home/user/.m2/repository/org/ow2/asm/asm-debug-all/5.0.2/asm-debug-all-5.0.2.jar:/home/user/.m2/repository/org/ow2/asm/asm-commons/5.0.2/asm-commons-5.0.2.jar:/home/user/.m2/repository/org/ow2/asm/asm-tree/5.0.2/asm-tree-5.0.2.jar:/home/user/.m2/repository/org/ow2/asm/asm/5.0.4/asm-5.0.4.jar:/home/user/.m2/repository/commons-lang/commons-lang/2.6/commons-lang-2.6.jar:/home/user/.m2/repository/com/apple/AppleJavaExtensions/1.4/AppleJavaExtensions-1.4.jar:/home/user/.m2/repository/jaxen/jaxen/1.1.6/jaxen-1.1.6.jar:/home/user/.m2/repository/junit/junit/4.11/junit-4.11.jar:/home/user/.m2/repository/org/hamcrest/hamcrest-core/1.3/hamcrest-core-1.3.jar:/home/user/.m2/repository/org/apache/hadoop/hadoop-common/3.2.0/hadoop-common-3.2.0-tests.jar:/home/user/.m2/repository/org/apache/hadoop/hadoop-ozone-integration-test/0.5.0-SNAPSHOT/hadoop-ozone-integration-test-0.5.0-SNAPSHOT-tests.jar:/tmp/workdir/hadoop-ozone/objectstore-service/target/classes:/tmp/workdir/hadoop-ozone/s3gateway/target/classes:/home/user/.m2/repository/org/jboss/weld/servlet/weld-servlet/2.4.7.Final/weld-servlet-2.4.7.Final.jar:/home/user/.m2/repository/org/glassfish/jersey/containers/jersey-container-servlet-core/2.27/jersey-container-servlet-core-2.27.jar:/home/user/.m2/repository/org/glassfish/hk2/external/javax.inject/2.5.0-b42/javax.inject-2.5.0-b42.jar:/home/user/.m2/repository/org/glassfish/jersey/core/jersey-common/2.27/jersey-common-2.27.jar:/home/user/.m2/repository/org/glassfish/hk2/osgi-resource-locator/1.0.1/osgi-resource-locator-1.0.1.jar:/home/user/.m2/repository/javax/ws/rs/javax.ws.rs-api/2.1/javax.ws.rs-api-2.1.jar:/home/user/.m2/repository/org/glassfish/jersey/ext/cdi/jersey-cdi1x/2.27/jersey-cdi1x-2.27.jar:/home/user/.m2/repository/org/glassfish/jersey/inject/jersey-hk2/2.27/jersey-hk2-2.27.jar:/home/user/.m2/repository/org/glassfish/hk2/hk2-locator/2.5.0-b42/hk2-locator-2.5.0-b42.jar:/home/user/.m2/repository/org/javassist/javassist/3.22.0-CR2/javassist-3.22.0-CR2.jar:/home/user/.m2/repository/org/glassfish/hk2/hk2-api/2.5.0/hk2-api-2.5.0.jar:/home/user/.m2/repository/org/glassfish/hk2/external/jakarta.inject/2.5.0/jakarta.inject-2.5.0.jar:/home/user/.m2/repository/org/glassfish/hk2/hk2-utils/2.5.0/hk2-utils-2.5.0.jar:/home/user/.m2/repository/jakarta/annotation/jakarta.annotation-api/1.3.4/jakarta.annotation-api-1.3.4.jar:/home/user/.m2/repository/org/glassfish/hk2/external/aopalliance-repackaged/2.5.0/aopalliance-repackaged-2.5.0.jar:/home/user/.m2/repository/com/fasterxml/jackson/dataformat/jackson-dataformat-xml/2.9.0/jackson-dataformat-xml-2.9.0.jar:/home/user/.m2/repository/com/fasterxml/jackson/module/jackson-module-jaxb-annotations/2.9.5/jackson-module-jaxb-annotations-2.9.5.jar:/home/user/.m2/repository/javax/enterprise/cdi-api/1.2/cdi-api-1.2.jar:/home/user/.m2/repository/javax/el/javax.el-api/3.0.0/javax.el-api-3.0.0.jar:/home/user/.m2/repository/javax/interceptor/javax.interceptor-api/1.2/javax.interceptor-api-1.2.jar:/home/user/.m2/repository/javax/inject/javax.inject/1/javax.inject-1.jar:/tmp/workdir/hadoop-ozone/csi/target/classes:/home/user/.m2/repository/com/google/protobuf/protobuf-java-util/3.5.1/protobuf-java-util-3.5.1.jar:/home/user/.m2/repository/io/grpc/grpc-netty/1.17.1/grpc-netty-1.17.1.jar:/home/user/.m2/repository/io/grpc/grpc-core/1.17.1/grpc-core-1.17.1.jar:/home/user/.m2/repository/io/grpc/grpc-context/1.17.1/grpc-context-1.17.1.jar:/home/user/.m2/repository/com/google/errorprone/error_prone_annotations/2.2.0/error_prone_annotations-2.2.0.jar:/home/user/.m2/repository/org/codehaus/mojo/animal-sniffer-annotations/1.17/animal-sniffer-annotations-1.17.jar:/home/user/.m2/repository/io/opencensus/opencensus-api/0.17.0/opencensus-api-0.17.0.jar:/home/user/.m2/repository/io/opencensus/opencensus-contrib-grpc-metrics/0.17.0/opencensus-contrib-grpc-metrics-0.17.0.jar:/home/user/.m2/repository/io/netty/netty-codec-http2/4.1.30.Final/netty-codec-http2-4.1.30.Final.jar:/home/user/.m2/repository/io/netty/netty-codec-http/4.1.30.Final/netty-codec-http-4.1.30.Final.jar:/home/user/.m2/repository/io/netty/netty-codec/4.1.30.Final/netty-codec-4.1.30.Final.jar:/home/user/.m2/repository/io/netty/netty-handler/4.1.30.Final/netty-handler-4.1.30.Final.jar:/home/user/.m2/repository/io/netty/netty-handler-proxy/4.1.30.Final/netty-handler-proxy-4.1.30.Final.jar:/home/user/.m2/repository/io/netty/netty-codec-socks/4.1.30.Final/netty-codec-socks-4.1.30.Final.jar:/home/user/.m2/repository/io/netty/netty-transport-native-epoll/4.1.30.Final/netty-transport-native-epoll-4.1.30.Final.jar:/home/user/.m2/repository/io/netty/netty-common/4.1.30.Final/netty-common-4.1.30.Final.jar:/home/user/.m2/repository/io/netty/netty-buffer/4.1.30.Final/netty-buffer-4.1.30.Final.jar:/home/user/.m2/repository/io/netty/netty-transport/4.1.30.Final/netty-transport-4.1.30.Final.jar:/home/user/.m2/repository/io/netty/netty-resolver/4.1.30.Final/netty-resolver-4.1.30.Final.jar:/home/user/.m2/repository/io/netty/netty-transport-native-unix-common/4.1.30.Final/netty-transport-native-unix-common-4.1.30.Final.jar:/home/user/.m2/repository/io/grpc/grpc-protobuf/1.17.1/grpc-protobuf-1.17.1.jar:/home/user/.m2/repository/com/google/api/grpc/proto-google-common-protos/1.0.0/proto-google-common-protos-1.0.0.jar:/home/user/.m2/repository/io/grpc/grpc-protobuf-lite/1.17.1/grpc-protobuf-lite-1.17.1.jar:/home/user/.m2/repository/io/grpc/grpc-stub/1.17.1/grpc-stub-1.17.1.jar:/tmp/workdir/hadoop-ozone/ozone-recon/target/classes:/tmp/workdir/hadoop-ozone/ozone-recon-codegen/target/classes:/home/user/.m2/repository/com/google/inject/extensions/guice-multibindings/4.0/guice-multibindings-4.0.jar:/home/user/.m2/repository/com/google/inject/guice/4.0/guice-4.0.jar:/home/user/.m2/repository/aopalliance/aopalliance/1.0/aopalliance-1.0.jar:/home/user/.m2/repository/com/google/inject/extensions/guice-servlet/4.0/guice-servlet-4.0.jar:/home/user/.m2/repository/org/glassfish/jersey/containers/jersey-container-servlet/2.27/jersey-container-servlet-2.27.jar:/home/user/.m2/repository/org/glassfish/hk2/guice-bridge/2.5.0/guice-bridge-2.5.0.jar:/home/user/.m2/repository/org/glassfish/jersey/core/jersey-server/2.27/jersey-server-2.27.jar:/home/user/.m2/repository/org/glassfish/jersey/core/jersey-client/2.27/jersey-client-2.27.jar:/home/user/.m2/repository/org/glassfish/jersey/media/jersey-media-jaxb/2.27/jersey-media-jaxb-2.27.jar:/home/user/.m2/repository/javax/validation/validation-api/1.1.0.Final/validation-api-1.1.0.Final.jar:/home/user/.m2/repository/org/glassfish/jersey/media/jersey-media-json-jackson/2.27/jersey-media-json-jackson-2.27.jar:/home/user/.m2/repository/org/glassfish/jersey/ext/jersey-entity-filtering/2.27/jersey-entity-filtering-2.27.jar:/home/user/.m2/repository/com/google/inject/extensions/guice-assistedinject/4.0/guice-assistedinject-4.0.jar:/home/user/.m2/repository/org/jooq/jooq/3.11.10/jooq-3.11.10.jar:/home/user/.m2/repository/org/jooq/jooq-meta/3.11.10/jooq-meta-3.11.10.jar:/home/user/.m2/repository/org/jooq/jooq-codegen/3.11.10/jooq-codegen-3.11.10.jar:/home/user/.m2/repository/com/jolbox/bonecp/0.8.0.RELEASE/bonecp-0.8.0.RELEASE.jar:/home/user/.m2/repository/org/springframework/spring-jdbc/5.1.3.RELEASE/spring-jdbc-5.1.3.RELEASE.jar:/home/user/.m2/repository/org/springframework/spring-beans/5.1.3.RELEASE/spring-beans-5.1.3.RELEASE.jar:/home/user/.m2/repository/org/springframework/spring-core/5.1.3.RELEASE/spring-core-5.1.3.RELEASE.jar:/home/user/.m2/repository/org/springframework/spring-jcl/5.1.3.RELEASE/spring-jcl-5.1.3.RELEASE.jar:/home/user/.m2/repository/org/springframework/spring-tx/5.1.3.RELEASE/spring-tx-5.1.3.RELEASE.jar:/home/user/.m2/repository/org/mockito/mockito-core/2.15.0/mockito-core-2.15.0.jar:/home/user/.m2/repository/net/bytebuddy/byte-buddy/1.7.9/byte-buddy-1.7.9.jar:/home/user/.m2/repository/net/bytebuddy/byte-buddy-agent/1.7.9/byte-buddy-agent-1.7.9.jar:/home/user/.m2/repository/org/objenesis/objenesis/1.0/objenesis-1.0.jar:"/>
    <property name="sun.cpu.endian" value="little"/>
    <property name="user.home" value="/home/user"/>
    <property name="user.language" value="en"/>
    <property name="java.specification.vendor" value="Oracle Corporation"/>
    <property name="java.home" value="/usr/lib/jvm/java-1.8-openjdk/jre"/>
    <property name="java.security.krb5.conf" value="/tmp/workdir/hadoop-ozone/tools/target/test-classes/krb5.conf"/>
    <property name="basedir" value="/tmp/workdir/hadoop-ozone/tools"/>
    <property name="file.separator" value="/"/>
    <property name="line.separator" value="&#10;"/>
    <property name="java.vm.specification.vendor" value="Oracle Corporation"/>
    <property name="java.specification.name" value="Java Platform API Specification"/>
    <property name="java.awt.graphicsenv" value="sun.awt.X11GraphicsEnvironment"/>
    <property name="surefire.real.class.path" value="/tmp/workdir/hadoop-ozone/tools/target/surefire/surefirebooter7852857251232556705.jar"/>
    <property name="hadoop.log.dir" value="/tmp/workdir/hadoop-ozone/tools/target/log"/>
    <property name="sun.boot.class.path" value="/usr/lib/jvm/java-1.8-openjdk/jre/lib/resources.jar:/usr/lib/jvm/java-1.8-openjdk/jre/lib/rt.jar:/usr/lib/jvm/java-1.8-openjdk/jre/lib/sunrsasign.jar:/usr/lib/jvm/java-1.8-openjdk/jre/lib/jsse.jar:/usr/lib/jvm/java-1.8-openjdk/jre/lib/jce.jar:/usr/lib/jvm/java-1.8-openjdk/jre/lib/charsets.jar:/usr/lib/jvm/java-1.8-openjdk/jre/lib/jfr.jar:/usr/lib/jvm/java-1.8-openjdk/jre/classes"/>
    <property name="sun.management.compiler" value="HotSpot 64-Bit Tiered Compilers"/>
    <property name="java.runtime.version" value="1.8.0_212-b04"/>
    <property name="java.net.preferIPv4Stack" value="true"/>
    <property name="user.name" value="jenkins1000"/>
    <property name="path.separator" value=":"/>
    <property name="java.security.egd" value="file:///dev/urandom"/>
    <property name="os.version" value="3.10.0-957.12.2.el7.x86_64"/>
    <property name="java.endorsed.dirs" value="/usr/lib/jvm/java-1.8-openjdk/jre/lib/endorsed"/>
    <property name="java.runtime.name" value="OpenJDK Runtime Environment"/>
    <property name="file.encoding" value="UTF-8"/>
    <property name="java.vm.name" value="OpenJDK 64-Bit Server VM"/>
    <property name="test.build.webapps" value=""/>
    <property name="localRepository" value="/home/user/.m2/repository"/>
    <property name="java.vendor.url.bug" value="https://icedtea.classpath.org/bugzilla"/>
    <property name="java.io.tmpdir" value="/tmp"/>
    <property name="require.test.libhadoop" value=""/>
    <property name="java.version" value="1.8.0_212"/>
    <property name="user.dir" value="/tmp/workdir/hadoop-ozone/tools"/>
    <property name="os.arch" value="amd64"/>
    <property name="java.vm.specification.name" value="Java Virtual Machine Specification"/>
    <property name="test.build.classes" value="/tmp/workdir/hadoop-ozone/tools/target/test-classes"/>
    <property name="java.awt.printerjob" value="sun.print.PSPrinterJob"/>
    <property name="sun.os.patch.level" value="unknown"/>
    <property name="hadoop.tmp.dir" value="/tmp/workdir/hadoop-ozone/tools/target/tmp"/>
    <property name="java.library.path" value="/usr/lib/jvm/java-1.8-openjdk/jre/lib/amd64/server:/usr/lib/jvm/java-1.8-openjdk/jre/lib/amd64:/usr/lib/jvm/java-1.8-openjdk/jre/../lib/amd64:/tmp/workdir/hadoop-ozone/tools/target/native/target/usr/local/lib:/tmp/workdir/hadoop-ozone/tools/../../hadoop-common-project/hadoop-common/target/native/target/usr/local/lib:/usr/java/packages/lib/amd64:/usr/lib64:/lib64:/lib:/usr/lib"/>
    <property name="java.vm.info" value="mixed mode"/>
    <property name="java.vendor" value="IcedTea"/>
    <property name="java.vm.version" value="25.212-b04"/>
    <property name="java.ext.dirs" value="/usr/lib/jvm/java-1.8-openjdk/jre/lib/ext:/usr/java/packages/lib/ext"/>
    <property name="sun.io.unicode.encoding" value="UnicodeLittle"/>
    <property name="java.class.version" value="52.0"/>
  </properties>
  <testcase name="ratisTest3" classname="org.apache.hadoop.ozone.freon.TestRandomKeyGenerator" time="5.361"/>
  <testcase name="testThreadPoolSize" classname="org.apache.hadoop.ozone.freon.TestRandomKeyGenerator" time="5.055"/>
  <testcase name="defaultTest" classname="org.apache.hadoop.ozone.freon.TestRandomKeyGenerator" time="5.032"/>
  <testcase name="bigFileThan2GB" classname="org.apache.hadoop.ozone.freon.TestRandomKeyGenerator" time="32.048">
    <error message="Allocated 0 blocks. Requested 1 blocks" type="INTERNAL_ERROR org.apache.hadoop.ozone.om.exceptions.OMException">INTERNAL_ERROR org.apache.hadoop.ozone.om.exceptions.OMException: Allocated 0 blocks. Requested 1 blocks
	at org.apache.hadoop.ozone.om.protocolPB.OzoneManagerProtocolClientSideTranslatorPB.handleError(OzoneManagerProtocolClientSideTranslatorPB.java:720)
	at org.apache.hadoop.ozone.om.protocolPB.OzoneManagerProtocolClientSideTranslatorPB.allocateBlock(OzoneManagerProtocolClientSideTranslatorPB.java:752)
	at org.apache.hadoop.ozone.client.io.BlockOutputStreamEntryPool.allocateNewBlock(BlockOutputStreamEntryPool.java:248)
	at org.apache.hadoop.ozone.client.io.BlockOutputStreamEntryPool.allocateBlockIfNeeded(BlockOutputStreamEntryPool.java:296)
	at org.apache.hadoop.ozone.client.io.KeyOutputStream.handleWrite(KeyOutputStream.java:201)
	at org.apache.hadoop.ozone.client.io.KeyOutputStream.write(KeyOutputStream.java:193)
	at org.apache.hadoop.ozone.client.io.OzoneOutputStream.write(OzoneOutputStream.java:49)
	at org.apache.hadoop.ozone.freon.RandomKeyGenerator$KeyProcessor.run(RandomKeyGenerator.java:693)
	at java.util.concurrent.Executors$RunnableAdapter.call(Executors.java:511)
	at java.util.concurrent.FutureTask.run(FutureTask.java:266)
	at java.util.concurrent.ThreadPoolExecutor.runWorker(ThreadPoolExecutor.java:1149)
	at java.util.concurrent.ThreadPoolExecutor$Worker.run(ThreadPoolExecutor.java:624)
	at java.lang.Thread.run(Thread.java:748)
</error>
    <system-out><![CDATA[2019-07-09 08:41:52,612 INFO  freon.RandomKeyGenerator (RandomKeyGenerator.java:call(262)) - Number of Threads: 1
2019-07-09 08:41:52,613 INFO  freon.RandomKeyGenerator (RandomKeyGenerator.java:call(267)) - Number of Volumes: 1.
2019-07-09 08:41:52,613 INFO  freon.RandomKeyGenerator (RandomKeyGenerator.java:call(268)) - Number of Buckets per Volume: 1.
2019-07-09 08:41:52,613 INFO  freon.RandomKeyGenerator (RandomKeyGenerator.java:call(269)) - Number of Keys per Bucket: 1.
2019-07-09 08:41:52,613 INFO  freon.RandomKeyGenerator (RandomKeyGenerator.java:call(270)) - Key size: 2147483657 bytes
2019-07-09 08:41:52,613 INFO  freon.RandomKeyGenerator (RandomKeyGenerator.java:call(271)) - Buffer size: 4096 bytes
2019-07-09 08:41:52,616 INFO  freon.RandomKeyGenerator (RandomKeyGenerator.java:call(286)) - Data validation is enabled.
2019-07-09 08:41:52,617 INFO  freon.RandomKeyGenerator (RandomKeyGenerator.java:call(299)) - Starting progress bar Thread.

2019-07-09 08:41:52,617 INFO  rpc.RpcClient (RpcClient.java:createVolume(289)) - Creating Volume: vol-0-19805, with jenkins1000 as owner.
 0.00% |█                                                                                                    |  0/1 Time: 0:00:002019-07-09 08:41:52,628 INFO  rpc.RpcClient (RpcClient.java:createBucket(426)) - Creating Bucket: vol-0-19805/bucket-0-51802, with Versioning false and Storage Type set to DISK and Encryption set to false 
2019-07-09 08:41:52,698 INFO  client.GrpcClientProtocolClient (GrpcClientProtocolClient.java:onNext(255)) - client-E42F58674560->11ea7e38-68de-49e0-a413-0aa394144289: receive RaftClientReply:client-E42F58674560->11ea7e38-68de-49e0-a413-0aa394144289@group-5E4216B2975C, cid=599, FAILED org.apache.ratis.protocol.NotLeaderException: Server 11ea7e38-68de-49e0-a413-0aa394144289 is not the leader (3a39c983-6986-4da8-95c7-9482e2fa0f6f:192.168.69.78:34879). Request must be sent to leader., logIndex=0, commits[11ea7e38-68de-49e0-a413-0aa394144289:c708, 3a39c983-6986-4da8-95c7-9482e2fa0f6f:c708, 0f15f03e-3179-4fc8-ac54-a24fe3c72555:c708]
2019-07-09 08:41:52,739 INFO  client.GrpcClientProtocolClient (GrpcClientProtocolClient.java:onNext(255)) - client-E42F58674560->3a39c983-6986-4da8-95c7-9482e2fa0f6f: receive RaftClientReply:client-E42F58674560->3a39c983-6986-4da8-95c7-9482e2fa0f6f@group-5E4216B2975C, cid=599, SUCCESS, logIndex=709, commits[3a39c983-6986-4da8-95c7-9482e2fa0f6f:c709, 0f15f03e-3179-4fc8-ac54-a24fe3c72555:c708, 11ea7e38-68de-49e0-a413-0aa394144289:c708]
2019-07-09 08:41:52,752 INFO  client.GrpcClientProtocolClient (GrpcClientProtocolClient.java:onNext(255)) - client-E42F58674560->3a39c983-6986-4da8-95c7-9482e2fa0f6f: receive RaftClientReply:client-E42F58674560->3a39c983-6986-4da8-95c7-9482e2fa0f6f@group-5E4216B2975C, cid=600, SUCCESS, logIndex=711, commits[3a39c983-6986-4da8-95c7-9482e2fa0f6f:c711, 0f15f03e-3179-4fc8-ac54-a24fe3c72555:c709, 11ea7e38-68de-49e0-a413-0aa394144289:c709]
2019-07-09 08:41:52,768 INFO  client.GrpcClientProtocolClient (GrpcClientProtocolClient.java:onNext(255)) - client-E42F58674560->3a39c983-6986-4da8-95c7-9482e2fa0f6f: receive RaftClientReply:client-E42F58674560->3a39c983-6986-4da8-95c7-9482e2fa0f6f@group-5E4216B2975C, cid=601, SUCCESS, logIndex=712, commits[3a39c983-6986-4da8-95c7-9482e2fa0f6f:c713, 0f15f03e-3179-4fc8-ac54-a24fe3c72555:c711, 11ea7e38-68de-49e0-a413-0aa394144289:c711]
2019-07-09 08:41:52,771 INFO  client.GrpcClientProtocolClient (GrpcClientProtocolClient.java:onNext(255)) - client-E42F58674560->3a39c983-6986-4da8-95c7-9482e2fa0f6f: receive RaftClientReply:client-E42F58674560->3a39c983-6986-4da8-95c7-9482e2fa0f6f@group-5E4216B2975C, cid=602, SUCCESS, logIndex=714, commits[3a39c983-6986-4da8-95c7-9482e2fa0f6f:c714, 0f15f03e-3179-4fc8-ac54-a24fe3c72555:c711, 11ea7e38-68de-49e0-a413-0aa394144289:c711]
2019-07-09 08:41:52,799 INFO  client.GrpcClientProtocolClient (GrpcClientProtocolClient.java:onNext(255)) - client-E42F58674560->3a39c983-6986-4da8-95c7-9482e2fa0f6f: receive RaftClientReply:client-E42F58674560->3a39c983-6986-4da8-95c7-9482e2fa0f6f@group-5E4216B2975C, cid=603, SUCCESS, logIndex=717, commits[3a39c983-6986-4da8-95c7-9482e2fa0f6f:c718, 0f15f03e-3179-4fc8-ac54-a24fe3c72555:c716, 11ea7e38-68de-49e0-a413-0aa394144289:c716]
2019-07-09 08:41:52,799 INFO  client.GrpcClientProtocolClient (GrpcClientProtocolClient.java:onNext(255)) - client-E42F58674560->3a39c983-6986-4da8-95c7-9482e2fa0f6f: receive RaftClientReply:client-E42F58674560->3a39c983-6986-4da8-95c7-9482e2fa0f6f@group-5E4216B2975C, cid=604, SUCCESS, logIndex=718, commits[3a39c983-6986-4da8-95c7-9482e2fa0f6f:c718, 0f15f03e-3179-4fc8-ac54-a24fe3c72555:c716, 11ea7e38-68de-49e0-a413-0aa394144289:c716]
2019-07-09 08:41:53,045 INFO  client.GrpcClientProtocolClient (GrpcClientProtocolClient.java:onNext(255)) - client-E42F58674560->3a39c983-6986-4da8-95c7-9482e2fa0f6f: receive RaftClientReply:client-E42F58674560->3a39c983-6986-4da8-95c7-9482e2fa0f6f@group-5E4216B2975C, cid=605, SUCCESS, logIndex=721, commits[3a39c983-6986-4da8-95c7-9482e2fa0f6f:c722, 0f15f03e-3179-4fc8-ac54-a24fe3c72555:c718, 11ea7e38-68de-49e0-a413-0aa394144289:c718]
2019-07-09 08:41:53,045 INFO  client.GrpcClientProtocolClient (GrpcClientProtocolClient.java:onNext(255)) - client-E42F58674560->3a39c983-6986-4da8-95c7-9482e2fa0f6f: receive RaftClientReply:client-E42F58674560->3a39c983-6986-4da8-95c7-9482e2fa0f6f@group-5E4216B2975C, cid=606, SUCCESS, logIndex=722, commits[3a39c983-6986-4da8-95c7-9482e2fa0f6f:c722, 0f15f03e-3179-4fc8-ac54-a24fe3c72555:c718, 11ea7e38-68de-49e0-a413-0aa394144289:c718]
2019-07-09 08:41:53,051 INFO  client.GrpcClientProtocolClient (GrpcClientProtocolClient.java:onNext(255)) - client-E42F58674560->3a39c983-6986-4da8-95c7-9482e2fa0f6f: receive RaftClientReply:client-E42F58674560->3a39c983-6986-4da8-95c7-9482e2fa0f6f@group-5E4216B2975C, cid=607, SUCCESS, logIndex=0, commits[3a39c983-6986-4da8-95c7-9482e2fa0f6f:c724, 0f15f03e-3179-4fc8-ac54-a24fe3c72555:c722, 11ea7e38-68de-49e0-a413-0aa394144289:c722]
2019-07-09 08:41:53,079 INFO  client.GrpcClientProtocolClient (GrpcClientProtocolClient.java:onNext(255)) - client-E42F58674560->3a39c983-6986-4da8-95c7-9482e2fa0f6f: receive RaftClientReply:client-E42F58674560->3a39c983-6986-4da8-95c7-9482e2fa0f6f@group-5E4216B2975C, cid=608, SUCCESS, logIndex=725, commits[3a39c983-6986-4da8-95c7-9482e2fa0f6f:c727, 0f15f03e-3179-4fc8-ac54-a24fe3c72555:c724, 11ea7e38-68de-49e0-a413-0aa394144289:c724]
2019-07-09 08:41:53,080 INFO  client.GrpcClientProtocolClient (GrpcClientProtocolClient.java:onNext(255)) - client-E42F58674560->3a39c983-6986-4da8-95c7-9482e2fa0f6f: receive RaftClientReply:client-E42F58674560->3a39c983-6986-4da8-95c7-9482e2fa0f6f@group-5E4216B2975C, cid=609, SUCCESS, logIndex=726, commits[3a39c983-6986-4da8-95c7-9482e2fa0f6f:c728, 0f15f03e-3179-4fc8-ac54-a24fe3c72555:c724, 11ea7e38-68de-49e0-a413-0aa394144289:c724]
2019-07-09 08:41:53,081 INFO  client.GrpcClientProtocolClient (GrpcClientProtocolClient.java:onNext(255)) - client-E42F58674560->3a39c983-6986-4da8-95c7-9482e2fa0f6f: receive RaftClientReply:client-E42F58674560->3a39c983-6986-4da8-95c7-9482e2fa0f6f@group-5E4216B2975C, cid=610, SUCCESS, logIndex=727, commits[3a39c983-6986-4da8-95c7-9482e2fa0f6f:c728, 0f15f03e-3179-4fc8-ac54-a24fe3c72555:c725, 11ea7e38-68de-49e0-a413-0aa394144289:c725]
2019-07-09 08:41:53,081 INFO  client.GrpcClientProtocolClient (GrpcClientProtocolClient.java:onNext(255)) - client-E42F58674560->3a39c983-6986-4da8-95c7-9482e2fa0f6f: receive RaftClientReply:client-E42F58674560->3a39c983-6986-4da8-95c7-9482e2fa0f6f@group-5E4216B2975C, cid=611, SUCCESS, logIndex=728, commits[3a39c983-6986-4da8-95c7-9482e2fa0f6f:c729, 0f15f03e-3179-4fc8-ac54-a24fe3c72555:c725, 11ea7e38-68de-49e0-a413-0aa394144289:c725]
2019-07-09 08:41:53,092 INFO  client.GrpcClientProtocolClient (GrpcClientProtocolClient.java:onNext(255)) - client-E42F58674560->3a39c983-6986-4da8-95c7-9482e2fa0f6f: receive RaftClientReply:client-E42F58674560->3a39c983-6986-4da8-95c7-9482e2fa0f6f@group-5E4216B2975C, cid=612, SUCCESS, logIndex=0, commits[3a39c983-6986-4da8-95c7-9482e2fa0f6f:c732, 0f15f03e-3179-4fc8-ac54-a24fe3c72555:c726, 11ea7e38-68de-49e0-a413-0aa394144289:c728]
2019-07-09 08:41:53,116 INFO  client.GrpcClientProtocolClient (GrpcClientProtocolClient.java:onNext(255)) - client-E42F58674560->3a39c983-6986-4da8-95c7-9482e2fa0f6f: receive RaftClientReply:client-E42F58674560->3a39c983-6986-4da8-95c7-9482e2fa0f6f@group-5E4216B2975C, cid=613, SUCCESS, logIndex=733, commits[3a39c983-6986-4da8-95c7-9482e2fa0f6f:c734, 0f15f03e-3179-4fc8-ac54-a24fe3c72555:c732, 11ea7e38-68de-49e0-a413-0aa394144289:c732]
2019-07-09 08:41:53,117 INFO  client.GrpcClientProtocolClient (GrpcClientProtocolClient.java:onNext(255)) - client-E42F58674560->3a39c983-6986-4da8-95c7-9482e2fa0f6f: receive RaftClientReply:client-E42F58674560->3a39c983-6986-4da8-95c7-9482e2fa0f6f@group-5E4216B2975C, cid=614, SUCCESS, logIndex=734, commits[3a39c983-6986-4da8-95c7-9482e2fa0f6f:c734, 0f15f03e-3179-4fc8-ac54-a24fe3c72555:c732, 11ea7e38-68de-49e0-a413-0aa394144289:c732]
2019-07-09 08:41:53,144 INFO  client.GrpcClientProtocolClient (GrpcClientProtocolClient.java:onNext(255)) - client-E42F58674560->3a39c983-6986-4da8-95c7-9482e2fa0f6f: receive RaftClientReply:client-E42F58674560->3a39c983-6986-4da8-95c7-9482e2fa0f6f@group-5E4216B2975C, cid=615, SUCCESS, logIndex=737, commits[3a39c983-6986-4da8-95c7-9482e2fa0f6f:c738, 0f15f03e-3179-4fc8-ac54-a24fe3c72555:c734, 11ea7e38-68de-49e0-a413-0aa394144289:c734]
2019-07-09 08:41:53,145 INFO  client.GrpcClientProtocolClient (GrpcClientProtocolClient.java:onNext(255)) - client-E42F58674560->3a39c983-6986-4da8-95c7-9482e2fa0f6f: receive RaftClientReply:client-E42F58674560->3a39c983-6986-4da8-95c7-9482e2fa0f6f@group-5E4216B2975C, cid=616, SUCCESS, logIndex=738, commits[3a39c983-6986-4da8-95c7-9482e2fa0f6f:c738, 0f15f03e-3179-4fc8-ac54-a24fe3c72555:c734, 11ea7e38-68de-49e0-a413-0aa394144289:c734]
2019-07-09 08:41:53,156 INFO  client.GrpcClientProtocolClient (GrpcClientProtocolClient.java:onNext(255)) - client-E42F58674560->3a39c983-6986-4da8-95c7-9482e2fa0f6f: receive RaftClientReply:client-E42F58674560->3a39c983-6986-4da8-95c7-9482e2fa0f6f@group-5E4216B2975C, cid=617, SUCCESS, logIndex=0, commits[3a39c983-6986-4da8-95c7-9482e2fa0f6f:c738, 0f15f03e-3179-4fc8-ac54-a24fe3c72555:c738, 11ea7e38-68de-49e0-a413-0aa394144289:c738]
2019-07-09 08:41:53,180 INFO  client.GrpcClientProtocolClient (GrpcClientProtocolClient.java:onNext(255)) - client-E42F58674560->3a39c983-6986-4da8-95c7-9482e2fa0f6f: receive RaftClientReply:client-E42F58674560->3a39c983-6986-4da8-95c7-9482e2fa0f6f@group-5E4216B2975C, cid=618, SUCCESS, logIndex=741, commits[3a39c983-6986-4da8-95c7-9482e2fa0f6f:c742, 0f15f03e-3179-4fc8-ac54-a24fe3c72555:c740, 11ea7e38-68de-49e0-a413-0aa394144289:c740]
2019-07-09 08:41:53,181 INFO  client.GrpcClientProtocolClient (GrpcClientProtocolClient.java:onNext(255)) - client-E42F58674560->3a39c983-6986-4da8-95c7-9482e2fa0f6f: receive RaftClientReply:client-E42F58674560->3a39c983-6986-4da8-95c7-9482e2fa0f6f@group-5E4216B2975C, cid=619, SUCCESS, logIndex=742, commits[3a39c983-6986-4da8-95c7-9482e2fa0f6f:c744, 0f15f03e-3179-4fc8-ac54-a24fe3c72555:c740, 11ea7e38-68de-49e0-a413-0aa394144289:c740]
2019-07-09 08:41:53,181 INFO  client.GrpcClientProtocolClient (GrpcClientProtocolClient.java:onNext(255)) - client-E42F58674560->3a39c983-6986-4da8-95c7-9482e2fa0f6f: receive RaftClientReply:client-E42F58674560->3a39c983-6986-4da8-95c7-9482e2fa0f6f@group-5E4216B2975C, cid=620, SUCCESS, logIndex=743, commits[3a39c983-6986-4da8-95c7-9482e2fa0f6f:c744, 0f15f03e-3179-4fc8-ac54-a24fe3c72555:c740, 11ea7e38-68de-49e0-a413-0aa394144289:c740]
2019-07-09 08:41:53,182 INFO  client.GrpcClientProtocolClient (GrpcClientProtocolClient.java:onNext(255)) - client-E42F58674560->3a39c983-6986-4da8-95c7-9482e2fa0f6f: receive RaftClientReply:client-E42F58674560->3a39c983-6986-4da8-95c7-9482e2fa0f6f@group-5E4216B2975C, cid=621, SUCCESS, logIndex=744, commits[3a39c983-6986-4da8-95c7-9482e2fa0f6f:c745, 0f15f03e-3179-4fc8-ac54-a24fe3c72555:c740, 11ea7e38-68de-49e0-a413-0aa394144289:c741]
2019-07-09 08:41:53,183 INFO  client.GrpcClientProtocolClient (GrpcClientProtocolClient.java:onNext(255)) - client-E42F58674560->3a39c983-6986-4da8-95c7-9482e2fa0f6f: receive RaftClientReply:client-E42F58674560->3a39c983-6986-4da8-95c7-9482e2fa0f6f@group-5E4216B2975C, cid=622, SUCCESS, logIndex=0, commits[3a39c983-6986-4da8-95c7-9482e2fa0f6f:c748, 0f15f03e-3179-4fc8-ac54-a24fe3c72555:c742, 11ea7e38-68de-49e0-a413-0aa394144289:c744]
2019-07-09 08:41:53,207 INFO  client.GrpcClientProtocolClient (GrpcClientProtocolClient.java:onNext(255)) - client-E42F58674560->3a39c983-6986-4da8-95c7-9482e2fa0f6f: receive RaftClientReply:client-E42F58674560->3a39c983-6986-4da8-95c7-9482e2fa0f6f@group-5E4216B2975C, cid=623, SUCCESS, logIndex=749, commits[3a39c983-6986-4da8-95c7-9482e2fa0f6f:c750, 0f15f03e-3179-4fc8-ac54-a24fe3c72555:c748, 11ea7e38-68de-49e0-a413-0aa394144289:c748]
2019-07-09 08:41:53,207 INFO  client.GrpcClientProtocolClient (GrpcClientProtocolClient.java:onNext(255)) - client-E42F58674560->3a39c983-6986-4da8-95c7-9482e2fa0f6f: receive RaftClientReply:client-E42F58674560->3a39c983-6986-4da8-95c7-9482e2fa0f6f@group-5E4216B2975C, cid=624, SUCCESS, logIndex=750, commits[3a39c983-6986-4da8-95c7-9482e2fa0f6f:c750, 0f15f03e-3179-4fc8-ac54-a24fe3c72555:c748, 11ea7e38-68de-49e0-a413-0aa394144289:c748]
2019-07-09 08:41:53,238 INFO  client.GrpcClientProtocolClient (GrpcClientProtocolClient.java:onNext(255)) - client-E42F58674560->3a39c983-6986-4da8-95c7-9482e2fa0f6f: receive RaftClientReply:client-E42F58674560->3a39c983-6986-4da8-95c7-9482e2fa0f6f@group-5E4216B2975C, cid=625, SUCCESS, logIndex=753, commits[3a39c983-6986-4da8-95c7-9482e2fa0f6f:c754, 0f15f03e-3179-4fc8-ac54-a24fe3c72555:c750, 11ea7e38-68de-49e0-a413-0aa394144289:c750]
2019-07-09 08:41:53,238 INFO  client.GrpcClientProtocolClient (GrpcClientProtocolClient.java:onNext(255)) - client-E42F58674560->3a39c983-6986-4da8-95c7-9482e2fa0f6f: receive RaftClientReply:client-E42F58674560->3a39c983-6986-4da8-95c7-9482e2fa0f6f@group-5E4216B2975C, cid=626, SUCCESS, logIndex=754, commits[3a39c983-6986-4da8-95c7-9482e2fa0f6f:c754, 0f15f03e-3179-4fc8-ac54-a24fe3c72555:c750, 11ea7e38-68de-49e0-a413-0aa394144289:c750]
2019-07-09 08:41:53,241 INFO  client.GrpcClientProtocolClient (GrpcClientProtocolClient.java:onNext(255)) - client-E42F58674560->3a39c983-6986-4da8-95c7-9482e2fa0f6f: receive RaftClientReply:client-E42F58674560->3a39c983-6986-4da8-95c7-9482e2fa0f6f@group-5E4216B2975C, cid=627, SUCCESS, logIndex=0, commits[3a39c983-6986-4da8-95c7-9482e2fa0f6f:c756, 0f15f03e-3179-4fc8-ac54-a24fe3c72555:c754, 11ea7e38-68de-49e0-a413-0aa394144289:c754]
2019-07-09 08:41:53,257 INFO  client.GrpcClientProtocolClient (GrpcClientProtocolClient.java:onNext(255)) - client-E42F58674560->3a39c983-6986-4da8-95c7-9482e2fa0f6f: receive RaftClientReply:client-E42F58674560->3a39c983-6986-4da8-95c7-9482e2fa0f6f@group-5E4216B2975C, cid=628, SUCCESS, logIndex=757, commits[3a39c983-6986-4da8-95c7-9482e2fa0f6f:c758, 0f15f03e-3179-4fc8-ac54-a24fe3c72555:c754, 11ea7e38-68de-49e0-a413-0aa394144289:c756]
2019-07-09 08:41:53,258 INFO  client.GrpcClientProtocolClient (GrpcClientProtocolClient.java:onNext(255)) - client-E42F58674560->3a39c983-6986-4da8-95c7-9482e2fa0f6f: receive RaftClientReply:client-E42F58674560->3a39c983-6986-4da8-95c7-9482e2fa0f6f@group-5E4216B2975C, cid=629, SUCCESS, logIndex=758, commits[3a39c983-6986-4da8-95c7-9482e2fa0f6f:c758, 0f15f03e-3179-4fc8-ac54-a24fe3c72555:c756, 11ea7e38-68de-49e0-a413-0aa394144289:c756]
2019-07-09 08:41:53,262 INFO  client.GrpcClientProtocolClient (GrpcClientProtocolClient.java:onNext(255)) - client-E42F58674560->3a39c983-6986-4da8-95c7-9482e2fa0f6f: receive RaftClientReply:client-E42F58674560->3a39c983-6986-4da8-95c7-9482e2fa0f6f@group-5E4216B2975C, cid=630, SUCCESS, logIndex=759, commits[3a39c983-6986-4da8-95c7-9482e2fa0f6f:c761, 0f15f03e-3179-4fc8-ac54-a24fe3c72555:c758, 11ea7e38-68de-49e0-a413-0aa394144289:c756]
2019-07-09 08:41:53,262 INFO  client.GrpcClientProtocolClient (GrpcClientProtocolClient.java:onNext(255)) - client-E42F58674560->3a39c983-6986-4da8-95c7-9482e2fa0f6f: receive RaftClientReply:client-E42F58674560->3a39c983-6986-4da8-95c7-9482e2fa0f6f@group-5E4216B2975C, cid=631, SUCCESS, logIndex=760, commits[3a39c983-6986-4da8-95c7-9482e2fa0f6f:c762, 0f15f03e-3179-4fc8-ac54-a24fe3c72555:c758, 11ea7e38-68de-49e0-a413-0aa394144289:c756]
2019-07-09 08:41:53,263 INFO  client.GrpcClientProtocolClient (GrpcClientProtocolClient.java:onNext(255)) - client-E42F58674560->3a39c983-6986-4da8-95c7-9482e2fa0f6f: receive RaftClientReply:client-E42F58674560->3a39c983-6986-4da8-95c7-9482e2fa0f6f@group-5E4216B2975C, cid=632, SUCCESS, logIndex=0, commits[3a39c983-6986-4da8-95c7-9482e2fa0f6f:c764, 0f15f03e-3179-4fc8-ac54-a24fe3c72555:c760, 11ea7e38-68de-49e0-a413-0aa394144289:c760]
2019-07-09 08:41:53,285 INFO  client.GrpcClientProtocolClient (GrpcClientProtocolClient.java:onNext(255)) - client-E42F58674560->3a39c983-6986-4da8-95c7-9482e2fa0f6f: receive RaftClientReply:client-E42F58674560->3a39c983-6986-4da8-95c7-9482e2fa0f6f@group-5E4216B2975C, cid=633, SUCCESS, logIndex=765, commits[3a39c983-6986-4da8-95c7-9482e2fa0f6f:c766, 0f15f03e-3179-4fc8-ac54-a24fe3c72555:c764, 11ea7e38-68de-49e0-a413-0aa394144289:c764]
2019-07-09 08:41:53,285 INFO  client.GrpcClientProtocolClient (GrpcClientProtocolClient.java:onNext(255)) - client-E42F58674560->3a39c983-6986-4da8-95c7-9482e2fa0f6f: receive RaftClientReply:client-E42F58674560->3a39c983-6986-4da8-95c7-9482e2fa0f6f@group-5E4216B2975C, cid=634, SUCCESS, logIndex=766, commits[3a39c983-6986-4da8-95c7-9482e2fa0f6f:c766, 0f15f03e-3179-4fc8-ac54-a24fe3c72555:c764, 11ea7e38-68de-49e0-a413-0aa394144289:c764]
2019-07-09 08:41:53,311 INFO  client.GrpcClientProtocolClient (GrpcClientProtocolClient.java:onNext(255)) - client-E42F58674560->3a39c983-6986-4da8-95c7-9482e2fa0f6f: receive RaftClientReply:client-E42F58674560->3a39c983-6986-4da8-95c7-9482e2fa0f6f@group-5E4216B2975C, cid=635, SUCCESS, logIndex=769, commits[3a39c983-6986-4da8-95c7-9482e2fa0f6f:c770, 0f15f03e-3179-4fc8-ac54-a24fe3c72555:c766, 11ea7e38-68de-49e0-a413-0aa394144289:c766]
2019-07-09 08:41:53,311 INFO  client.GrpcClientProtocolClient (GrpcClientProtocolClient.java:onNext(255)) - client-E42F58674560->3a39c983-6986-4da8-95c7-9482e2fa0f6f: receive RaftClientReply:client-E42F58674560->3a39c983-6986-4da8-95c7-9482e2fa0f6f@group-5E4216B2975C, cid=636, SUCCESS, logIndex=770, commits[3a39c983-6986-4da8-95c7-9482e2fa0f6f:c770, 0f15f03e-3179-4fc8-ac54-a24fe3c72555:c766, 11ea7e38-68de-49e0-a413-0aa394144289:c766]
2019-07-09 08:41:53,322 INFO  client.GrpcClientProtocolClient (GrpcClientProtocolClient.java:onNext(255)) - client-E42F58674560->3a39c983-6986-4da8-95c7-9482e2fa0f6f: receive RaftClientReply:client-E42F58674560->3a39c983-6986-4da8-95c7-9482e2fa0f6f@group-5E4216B2975C, cid=637, SUCCESS, logIndex=0, commits[3a39c983-6986-4da8-95c7-9482e2fa0f6f:c771, 0f15f03e-3179-4fc8-ac54-a24fe3c72555:c770, 11ea7e38-68de-49e0-a413-0aa394144289:c770]
2019-07-09 08:41:53,344 INFO  client.GrpcClientProtocolClient (GrpcClientProtocolClient.java:onNext(255)) - client-E42F58674560->3a39c983-6986-4da8-95c7-9482e2fa0f6f: receive RaftClientReply:client-E42F58674560->3a39c983-6986-4da8-95c7-9482e2fa0f6f@group-5E4216B2975C, cid=638, SUCCESS, logIndex=773, commits[3a39c983-6986-4da8-95c7-9482e2fa0f6f:c775, 0f15f03e-3179-4fc8-ac54-a24fe3c72555:c772, 11ea7e38-68de-49e0-a413-0aa394144289:c772]
2019-07-09 08:41:53,345 INFO  client.GrpcClientProtocolClient (GrpcClientProtocolClient.java:onNext(255)) - client-E42F58674560->3a39c983-6986-4da8-95c7-9482e2fa0f6f: receive RaftClientReply:client-E42F58674560->3a39c983-6986-4da8-95c7-9482e2fa0f6f@group-5E4216B2975C, cid=639, SUCCESS, logIndex=774, commits[3a39c983-6986-4da8-95c7-9482e2fa0f6f:c776, 0f15f03e-3179-4fc8-ac54-a24fe3c72555:c772, 11ea7e38-68de-49e0-a413-0aa394144289:c772]
2019-07-09 08:41:53,346 INFO  client.GrpcClientProtocolClient (GrpcClientProtocolClient.java:onNext(255)) - client-E42F58674560->3a39c983-6986-4da8-95c7-9482e2fa0f6f: receive RaftClientReply:client-E42F58674560->3a39c983-6986-4da8-95c7-9482e2fa0f6f@group-5E4216B2975C, cid=640, SUCCESS, logIndex=775, commits[3a39c983-6986-4da8-95c7-9482e2fa0f6f:c776, 0f15f03e-3179-4fc8-ac54-a24fe3c72555:c772, 11ea7e38-68de-49e0-a413-0aa394144289:c772]
2019-07-09 08:41:53,346 INFO  client.GrpcClientProtocolClient (GrpcClientProtocolClient.java:onNext(255)) - client-E42F58674560->3a39c983-6986-4da8-95c7-9482e2fa0f6f: receive RaftClientReply:client-E42F58674560->3a39c983-6986-4da8-95c7-9482e2fa0f6f@group-5E4216B2975C, cid=641, SUCCESS, logIndex=776, commits[3a39c983-6986-4da8-95c7-9482e2fa0f6f:c776, 0f15f03e-3179-4fc8-ac54-a24fe3c72555:c772, 11ea7e38-68de-49e0-a413-0aa394144289:c772]
2019-07-09 08:41:53,348 INFO  client.GrpcClientProtocolClient (GrpcClientProtocolClient.java:onNext(255)) - client-E42F58674560->3a39c983-6986-4da8-95c7-9482e2fa0f6f: receive RaftClientReply:client-E42F58674560->3a39c983-6986-4da8-95c7-9482e2fa0f6f@group-5E4216B2975C, cid=642, SUCCESS, logIndex=0, commits[3a39c983-6986-4da8-95c7-9482e2fa0f6f:c779, 0f15f03e-3179-4fc8-ac54-a24fe3c72555:c776, 11ea7e38-68de-49e0-a413-0aa394144289:c775]
2019-07-09 08:41:53,370 INFO  client.GrpcClientProtocolClient (GrpcClientProtocolClient.java:onNext(255)) - client-E42F58674560->3a39c983-6986-4da8-95c7-9482e2fa0f6f: receive RaftClientReply:client-E42F58674560->3a39c983-6986-4da8-95c7-9482e2fa0f6f@group-5E4216B2975C, cid=643, SUCCESS, logIndex=781, commits[3a39c983-6986-4da8-95c7-9482e2fa0f6f:c782, 0f15f03e-3179-4fc8-ac54-a24fe3c72555:c780, 11ea7e38-68de-49e0-a413-0aa394144289:c780]
2019-07-09 08:41:53,370 INFO  client.GrpcClientProtocolClient (GrpcClientProtocolClient.java:onNext(255)) - client-E42F58674560->3a39c983-6986-4da8-95c7-9482e2fa0f6f: receive RaftClientReply:client-E42F58674560->3a39c983-6986-4da8-95c7-9482e2fa0f6f@group-5E4216B2975C, cid=644, SUCCESS, logIndex=782, commits[3a39c983-6986-4da8-95c7-9482e2fa0f6f:c782, 0f15f03e-3179-4fc8-ac54-a24fe3c72555:c780, 11ea7e38-68de-49e0-a413-0aa394144289:c780]
2019-07-09 08:41:53,383 INFO  client.GrpcClientProtocolClient (GrpcClientProtocolClient.java:onNext(255)) - client-E42F58674560->3a39c983-6986-4da8-95c7-9482e2fa0f6f: receive RaftClientReply:client-E42F58674560->3a39c983-6986-4da8-95c7-9482e2fa0f6f@group-5E4216B2975C, cid=645, SUCCESS, logIndex=784, commits[3a39c983-6986-4da8-95c7-9482e2fa0f6f:c785, 0f15f03e-3179-4fc8-ac54-a24fe3c72555:c782, 11ea7e38-68de-49e0-a413-0aa394144289:c782]
2019-07-09 08:41:53,383 INFO  client.GrpcClientProtocolClient (GrpcClientProtocolClient.java:onNext(255)) - client-E42F58674560->3a39c983-6986-4da8-95c7-9482e2fa0f6f: receive RaftClientReply:client-E42F58674560->3a39c983-6986-4da8-95c7-9482e2fa0f6f@group-5E4216B2975C, cid=646, SUCCESS, logIndex=785, commits[3a39c983-6986-4da8-95c7-9482e2fa0f6f:c785, 0f15f03e-3179-4fc8-ac54-a24fe3c72555:c782, 11ea7e38-68de-49e0-a413-0aa394144289:c782]
2019-07-09 08:41:53,385 INFO  client.GrpcClientProtocolClient (GrpcClientProtocolClient.java:onNext(255)) - client-E42F58674560->3a39c983-6986-4da8-95c7-9482e2fa0f6f: receive RaftClientReply:client-E42F58674560->3a39c983-6986-4da8-95c7-9482e2fa0f6f@group-5E4216B2975C, cid=647, SUCCESS, logIndex=0, commits[3a39c983-6986-4da8-95c7-9482e2fa0f6f:c786, 0f15f03e-3179-4fc8-ac54-a24fe3c72555:c785, 11ea7e38-68de-49e0-a413-0aa394144289:c785]
2019-07-09 08:41:53,406 INFO  client.GrpcClientProtocolClient (GrpcClientProtocolClient.java:onNext(255)) - client-E42F58674560->3a39c983-6986-4da8-95c7-9482e2fa0f6f: receive RaftClientReply:client-E42F58674560->3a39c983-6986-4da8-95c7-9482e2fa0f6f@group-5E4216B2975C, cid=648, SUCCESS, logIndex=788, commits[3a39c983-6986-4da8-95c7-9482e2fa0f6f:c789, 0f15f03e-3179-4fc8-ac54-a24fe3c72555:c787, 11ea7e38-68de-49e0-a413-0aa394144289:c787]
2019-07-09 08:41:53,406 INFO  client.GrpcClientProtocolClient (GrpcClientProtocolClient.java:onNext(255)) - client-E42F58674560->3a39c983-6986-4da8-95c7-9482e2fa0f6f: receive RaftClientReply:client-E42F58674560->3a39c983-6986-4da8-95c7-9482e2fa0f6f@group-5E4216B2975C, cid=649, SUCCESS, logIndex=789, commits[3a39c983-6986-4da8-95c7-9482e2fa0f6f:c790, 0f15f03e-3179-4fc8-ac54-a24fe3c72555:c787, 11ea7e38-68de-49e0-a413-0aa394144289:c787]
2019-07-09 08:41:53,407 INFO  client.GrpcClientProtocolClient (GrpcClientProtocolClient.java:onNext(255)) - client-E42F58674560->3a39c983-6986-4da8-95c7-9482e2fa0f6f: receive RaftClientReply:client-E42F58674560->3a39c983-6986-4da8-95c7-9482e2fa0f6f@group-5E4216B2975C, cid=650, SUCCESS, logIndex=790, commits[3a39c983-6986-4da8-95c7-9482e2fa0f6f:c791, 0f15f03e-3179-4fc8-ac54-a24fe3c72555:c787, 11ea7e38-68de-49e0-a413-0aa394144289:c787]
2019-07-09 08:41:53,407 INFO  client.GrpcClientProtocolClient (GrpcClientProtocolClient.java:onNext(255)) - client-E42F58674560->3a39c983-6986-4da8-95c7-9482e2fa0f6f: receive RaftClientReply:client-E42F58674560->3a39c983-6986-4da8-95c7-9482e2fa0f6f@group-5E4216B2975C, cid=651, SUCCESS, logIndex=791, commits[3a39c983-6986-4da8-95c7-9482e2fa0f6f:c791, 0f15f03e-3179-4fc8-ac54-a24fe3c72555:c787, 11ea7e38-68de-49e0-a413-0aa394144289:c787]
2019-07-09 08:41:53,408 INFO  client.GrpcClientProtocolClient (GrpcClientProtocolClient.java:onNext(255)) - client-E42F58674560->3a39c983-6986-4da8-95c7-9482e2fa0f6f: receive RaftClientReply:client-E42F58674560->3a39c983-6986-4da8-95c7-9482e2fa0f6f@group-5E4216B2975C, cid=652, SUCCESS, logIndex=0, commits[3a39c983-6986-4da8-95c7-9482e2fa0f6f:c793, 0f15f03e-3179-4fc8-ac54-a24fe3c72555:c789, 11ea7e38-68de-49e0-a413-0aa394144289:c789]
2019-07-09 08:41:53,429 INFO  client.GrpcClientProtocolClient (GrpcClientProtocolClient.java:onNext(255)) - client-E42F58674560->3a39c983-6986-4da8-95c7-9482e2fa0f6f: receive RaftClientReply:client-E42F58674560->3a39c983-6986-4da8-95c7-9482e2fa0f6f@group-5E4216B2975C, cid=653, SUCCESS, logIndex=796, commits[3a39c983-6986-4da8-95c7-9482e2fa0f6f:c797, 0f15f03e-3179-4fc8-ac54-a24fe3c72555:c795, 11ea7e38-68de-49e0-a413-0aa394144289:c795]
2019-07-09 08:41:53,429 INFO  client.GrpcClientProtocolClient (GrpcClientProtocolClient.java:onNext(255)) - client-E42F58674560->3a39c983-6986-4da8-95c7-9482e2fa0f6f: receive RaftClientReply:client-E42F58674560->3a39c983-6986-4da8-95c7-9482e2fa0f6f@group-5E4216B2975C, cid=654, SUCCESS, logIndex=797, commits[3a39c983-6986-4da8-95c7-9482e2fa0f6f:c797, 0f15f03e-3179-4fc8-ac54-a24fe3c72555:c795, 11ea7e38-68de-49e0-a413-0aa394144289:c795]
2019-07-09 08:41:53,453 INFO  client.GrpcClientProtocolClient (GrpcClientProtocolClient.java:onNext(255)) - client-E42F58674560->3a39c983-6986-4da8-95c7-9482e2fa0f6f: receive RaftClientReply:client-E42F58674560->3a39c983-6986-4da8-95c7-9482e2fa0f6f@group-5E4216B2975C, cid=655, SUCCESS, logIndex=800, commits[3a39c983-6986-4da8-95c7-9482e2fa0f6f:c801, 0f15f03e-3179-4fc8-ac54-a24fe3c72555:c797, 11ea7e38-68de-49e0-a413-0aa394144289:c797]
2019-07-09 08:41:53,454 INFO  client.GrpcClientProtocolClient (GrpcClientProtocolClient.java:onNext(255)) - client-E42F58674560->3a39c983-6986-4da8-95c7-9482e2fa0f6f: receive RaftClientReply:client-E42F58674560->3a39c983-6986-4da8-95c7-9482e2fa0f6f@group-5E4216B2975C, cid=656, SUCCESS, logIndex=801, commits[3a39c983-6986-4da8-95c7-9482e2fa0f6f:c801, 0f15f03e-3179-4fc8-ac54-a24fe3c72555:c797, 11ea7e38-68de-49e0-a413-0aa394144289:c797]
2019-07-09 08:41:53,467 INFO  client.GrpcClientProtocolClient (GrpcClientProtocolClient.java:onNext(255)) - client-E42F58674560->3a39c983-6986-4da8-95c7-9482e2fa0f6f: receive RaftClientReply:client-E42F58674560->3a39c983-6986-4da8-95c7-9482e2fa0f6f@group-5E4216B2975C, cid=657, SUCCESS, logIndex=0, commits[3a39c983-6986-4da8-95c7-9482e2fa0f6f:c803, 0f15f03e-3179-4fc8-ac54-a24fe3c72555:c801, 11ea7e38-68de-49e0-a413-0aa394144289:c801]
2019-07-09 08:41:53,492 INFO  client.GrpcClientProtocolClient (GrpcClientProtocolClient.java:onNext(255)) - client-E42F58674560->3a39c983-6986-4da8-95c7-9482e2fa0f6f: receive RaftClientReply:client-E42F58674560->3a39c983-6986-4da8-95c7-9482e2fa0f6f@group-5E4216B2975C, cid=658, SUCCESS, logIndex=804, commits[3a39c983-6986-4da8-95c7-9482e2fa0f6f:c807, 0f15f03e-3179-4fc8-ac54-a24fe3c72555:c803, 11ea7e38-68de-49e0-a413-0aa394144289:c803]
2019-07-09 08:41:53,493 INFO  client.GrpcClientProtocolClient (GrpcClientProtocolClient.java:onNext(255)) - client-E42F58674560->3a39c983-6986-4da8-95c7-9482e2fa0f6f: receive RaftClientReply:client-E42F58674560->3a39c983-6986-4da8-95c7-9482e2fa0f6f@group-5E4216B2975C, cid=659, SUCCESS, logIndex=805, commits[3a39c983-6986-4da8-95c7-9482e2fa0f6f:c807, 0f15f03e-3179-4fc8-ac54-a24fe3c72555:c803, 11ea7e38-68de-49e0-a413-0aa394144289:c803]
2019-07-09 08:41:53,493 INFO  client.GrpcClientProtocolClient (GrpcClientProtocolClient.java:onNext(255)) - client-E42F58674560->3a39c983-6986-4da8-95c7-9482e2fa0f6f: receive RaftClientReply:client-E42F58674560->3a39c983-6986-4da8-95c7-9482e2fa0f6f@group-5E4216B2975C, cid=660, SUCCESS, logIndex=806, commits[3a39c983-6986-4da8-95c7-9482e2fa0f6f:c807, 0f15f03e-3179-4fc8-ac54-a24fe3c72555:c803, 11ea7e38-68de-49e0-a413-0aa394144289:c803]
2019-07-09 08:41:53,494 INFO  client.GrpcClientProtocolClient (GrpcClientProtocolClient.java:onNext(255)) - client-E42F58674560->3a39c983-6986-4da8-95c7-9482e2fa0f6f: receive RaftClientReply:client-E42F58674560->3a39c983-6986-4da8-95c7-9482e2fa0f6f@group-5E4216B2975C, cid=661, SUCCESS, logIndex=807, commits[3a39c983-6986-4da8-95c7-9482e2fa0f6f:c807, 0f15f03e-3179-4fc8-ac54-a24fe3c72555:c803, 11ea7e38-68de-49e0-a413-0aa394144289:c803]
2019-07-09 08:41:53,507 INFO  client.GrpcClientProtocolClient (GrpcClientProtocolClient.java:onNext(255)) - client-E42F58674560->3a39c983-6986-4da8-95c7-9482e2fa0f6f: receive RaftClientReply:client-E42F58674560->3a39c983-6986-4da8-95c7-9482e2fa0f6f@group-5E4216B2975C, cid=662, SUCCESS, logIndex=0, commits[3a39c983-6986-4da8-95c7-9482e2fa0f6f:c808, 0f15f03e-3179-4fc8-ac54-a24fe3c72555:c806, 11ea7e38-68de-49e0-a413-0aa394144289:c806]
2019-07-09 08:41:53,537 INFO  client.GrpcClientProtocolClient (GrpcClientProtocolClient.java:onNext(255)) - client-E42F58674560->3a39c983-6986-4da8-95c7-9482e2fa0f6f: receive RaftClientReply:client-E42F58674560->3a39c983-6986-4da8-95c7-9482e2fa0f6f@group-5E4216B2975C, cid=663, SUCCESS, logIndex=811, commits[3a39c983-6986-4da8-95c7-9482e2fa0f6f:c812, 0f15f03e-3179-4fc8-ac54-a24fe3c72555:c807, 11ea7e38-68de-49e0-a413-0aa394144289:c810]
2019-07-09 08:41:53,538 INFO  client.GrpcClientProtocolClient (GrpcClientProtocolClient.java:onNext(255)) - client-E42F58674560->3a39c983-6986-4da8-95c7-9482e2fa0f6f: receive RaftClientReply:client-E42F58674560->3a39c983-6986-4da8-95c7-9482e2fa0f6f@group-5E4216B2975C, cid=664, SUCCESS, logIndex=812, commits[3a39c983-6986-4da8-95c7-9482e2fa0f6f:c812, 0f15f03e-3179-4fc8-ac54-a24fe3c72555:c810, 11ea7e38-68de-49e0-a413-0aa394144289:c810]
2019-07-09 08:41:53,561 INFO  client.GrpcClientProtocolClient (GrpcClientProtocolClient.java:onNext(255)) - client-E42F58674560->3a39c983-6986-4da8-95c7-9482e2fa0f6f: receive RaftClientReply:client-E42F58674560->3a39c983-6986-4da8-95c7-9482e2fa0f6f@group-5E4216B2975C, cid=665, SUCCESS, logIndex=815, commits[3a39c983-6986-4da8-95c7-9482e2fa0f6f:c816, 0f15f03e-3179-4fc8-ac54-a24fe3c72555:c814, 11ea7e38-68de-49e0-a413-0aa394144289:c814]
2019-07-09 08:41:53,561 INFO  client.GrpcClientProtocolClient (GrpcClientProtocolClient.java:onNext(255)) - client-E42F58674560->3a39c983-6986-4da8-95c7-9482e2fa0f6f: receive RaftClientReply:client-E42F58674560->3a39c983-6986-4da8-95c7-9482e2fa0f6f@group-5E4216B2975C, cid=666, SUCCESS, logIndex=816, commits[3a39c983-6986-4da8-95c7-9482e2fa0f6f:c816, 0f15f03e-3179-4fc8-ac54-a24fe3c72555:c814, 11ea7e38-68de-49e0-a413-0aa394144289:c814]
2019-07-09 08:41:53,572 INFO  client.GrpcClientProtocolClient (GrpcClientProtocolClient.java:onNext(255)) - client-E42F58674560->3a39c983-6986-4da8-95c7-9482e2fa0f6f: receive RaftClientReply:client-E42F58674560->3a39c983-6986-4da8-95c7-9482e2fa0f6f@group-5E4216B2975C, cid=667, SUCCESS, logIndex=0, commits[3a39c983-6986-4da8-95c7-9482e2fa0f6f:c817, 0f15f03e-3179-4fc8-ac54-a24fe3c72555:c816, 11ea7e38-68de-49e0-a413-0aa394144289:c816]
2019-07-09 08:41:53,594 INFO  client.GrpcClientProtocolClient (GrpcClientProtocolClient.java:onNext(255)) - client-E42F58674560->3a39c983-6986-4da8-95c7-9482e2fa0f6f: receive RaftClientReply:client-E42F58674560->3a39c983-6986-4da8-95c7-9482e2fa0f6f@group-5E4216B2975C, cid=668, SUCCESS, logIndex=819, commits[3a39c983-6986-4da8-95c7-9482e2fa0f6f:c821, 0f15f03e-3179-4fc8-ac54-a24fe3c72555:c818, 11ea7e38-68de-49e0-a413-0aa394144289:c818]
2019-07-09 08:41:53,595 INFO  client.GrpcClientProtocolClient (GrpcClientProtocolClient.java:onNext(255)) - client-E42F58674560->3a39c983-6986-4da8-95c7-9482e2fa0f6f: receive RaftClientReply:client-E42F58674560->3a39c983-6986-4da8-95c7-9482e2fa0f6f@group-5E4216B2975C, cid=669, SUCCESS, logIndex=820, commits[3a39c983-6986-4da8-95c7-9482e2fa0f6f:c822, 0f15f03e-3179-4fc8-ac54-a24fe3c72555:c818, 11ea7e38-68de-49e0-a413-0aa394144289:c818]
2019-07-09 08:41:53,595 INFO  client.GrpcClientProtocolClient (GrpcClientProtocolClient.java:onNext(255)) - client-E42F58674560->3a39c983-6986-4da8-95c7-9482e2fa0f6f: receive RaftClientReply:client-E42F58674560->3a39c983-6986-4da8-95c7-9482e2fa0f6f@group-5E4216B2975C, cid=670, SUCCESS, logIndex=821, commits[3a39c983-6986-4da8-95c7-9482e2fa0f6f:c822, 0f15f03e-3179-4fc8-ac54-a24fe3c72555:c818, 11ea7e38-68de-49e0-a413-0aa394144289:c818]
2019-07-09 08:41:53,595 INFO  client.GrpcClientProtocolClient (GrpcClientProtocolClient.java:onNext(255)) - client-E42F58674560->3a39c983-6986-4da8-95c7-9482e2fa0f6f: receive RaftClientReply:client-E42F58674560->3a39c983-6986-4da8-95c7-9482e2fa0f6f@group-5E4216B2975C, cid=671, SUCCESS, logIndex=822, commits[3a39c983-6986-4da8-95c7-9482e2fa0f6f:c822, 0f15f03e-3179-4fc8-ac54-a24fe3c72555:c818, 11ea7e38-68de-49e0-a413-0aa394144289:c818]
2019-07-09 08:41:53,607 INFO  client.GrpcClientProtocolClient (GrpcClientProtocolClient.java:onNext(255)) - client-E42F58674560->3a39c983-6986-4da8-95c7-9482e2fa0f6f: receive RaftClientReply:client-E42F58674560->3a39c983-6986-4da8-95c7-9482e2fa0f6f@group-5E4216B2975C, cid=672, SUCCESS, logIndex=0, commits[3a39c983-6986-4da8-95c7-9482e2fa0f6f:c824, 0f15f03e-3179-4fc8-ac54-a24fe3c72555:c820, 11ea7e38-68de-49e0-a413-0aa394144289:c820]
 0.00% |█                                                                                                    |  0/1 Time: 0:00:012019-07-09 08:41:53,630 INFO  client.GrpcClientProtocolClient (GrpcClientProtocolClient.java:onNext(255)) - client-E42F58674560->3a39c983-6986-4da8-95c7-9482e2fa0f6f: receive RaftClientReply:client-E42F58674560->3a39c983-6986-4da8-95c7-9482e2fa0f6f@group-5E4216B2975C, cid=673, SUCCESS, logIndex=827, commits[3a39c983-6986-4da8-95c7-9482e2fa0f6f:c828, 0f15f03e-3179-4fc8-ac54-a24fe3c72555:c826, 11ea7e38-68de-49e0-a413-0aa394144289:c826]
2019-07-09 08:41:53,630 INFO  client.GrpcClientProtocolClient (GrpcClientProtocolClient.java:onNext(255)) - client-E42F58674560->3a39c983-6986-4da8-95c7-9482e2fa0f6f: receive RaftClientReply:client-E42F58674560->3a39c983-6986-4da8-95c7-9482e2fa0f6f@group-5E4216B2975C, cid=674, SUCCESS, logIndex=828, commits[3a39c983-6986-4da8-95c7-9482e2fa0f6f:c828, 0f15f03e-3179-4fc8-ac54-a24fe3c72555:c826, 11ea7e38-68de-49e0-a413-0aa394144289:c826]
2019-07-09 08:41:53,648 INFO  client.GrpcClientProtocolClient (GrpcClientProtocolClient.java:onNext(255)) - client-E42F58674560->3a39c983-6986-4da8-95c7-9482e2fa0f6f: receive RaftClientReply:client-E42F58674560->3a39c983-6986-4da8-95c7-9482e2fa0f6f@group-5E4216B2975C, cid=675, SUCCESS, logIndex=831, commits[3a39c983-6986-4da8-95c7-9482e2fa0f6f:c831, 0f15f03e-3179-4fc8-ac54-a24fe3c72555:c828, 11ea7e38-68de-49e0-a413-0aa394144289:c828]
2019-07-09 08:41:53,648 INFO  client.GrpcClientProtocolClient (GrpcClientProtocolClient.java:onNext(255)) - client-E42F58674560->3a39c983-6986-4da8-95c7-9482e2fa0f6f: receive RaftClientReply:client-E42F58674560->3a39c983-6986-4da8-95c7-9482e2fa0f6f@group-5E4216B2975C, cid=676, SUCCESS, logIndex=832, commits[3a39c983-6986-4da8-95c7-9482e2fa0f6f:c832, 0f15f03e-3179-4fc8-ac54-a24fe3c72555:c828, 11ea7e38-68de-49e0-a413-0aa394144289:c828]
2019-07-09 08:41:53,660 INFO  client.GrpcClientProtocolClient (GrpcClientProtocolClient.java:onNext(255)) - client-E42F58674560->3a39c983-6986-4da8-95c7-9482e2fa0f6f: receive RaftClientReply:client-E42F58674560->3a39c983-6986-4da8-95c7-9482e2fa0f6f@group-5E4216B2975C, cid=677, SUCCESS, logIndex=0, commits[3a39c983-6986-4da8-95c7-9482e2fa0f6f:c834, 0f15f03e-3179-4fc8-ac54-a24fe3c72555:c832, 11ea7e38-68de-49e0-a413-0aa394144289:c832]
2019-07-09 08:41:53,682 INFO  client.GrpcClientProtocolClient (GrpcClientProtocolClient.java:onNext(255)) - client-E42F58674560->3a39c983-6986-4da8-95c7-9482e2fa0f6f: receive RaftClientReply:client-E42F58674560->3a39c983-6986-4da8-95c7-9482e2fa0f6f@group-5E4216B2975C, cid=678, SUCCESS, logIndex=835, commits[3a39c983-6986-4da8-95c7-9482e2fa0f6f:c836, 0f15f03e-3179-4fc8-ac54-a24fe3c72555:c834, 11ea7e38-68de-49e0-a413-0aa394144289:c834]
2019-07-09 08:41:53,683 INFO  client.GrpcClientProtocolClient (GrpcClientProtocolClient.java:onNext(255)) - client-E42F58674560->3a39c983-6986-4da8-95c7-9482e2fa0f6f: receive RaftClientReply:client-E42F58674560->3a39c983-6986-4da8-95c7-9482e2fa0f6f@group-5E4216B2975C, cid=679, SUCCESS, logIndex=836, commits[3a39c983-6986-4da8-95c7-9482e2fa0f6f:c836, 0f15f03e-3179-4fc8-ac54-a24fe3c72555:c834, 11ea7e38-68de-49e0-a413-0aa394144289:c834]
2019-07-09 08:41:53,683 INFO  client.GrpcClientProtocolClient (GrpcClientProtocolClient.java:onNext(255)) - client-E42F58674560->3a39c983-6986-4da8-95c7-9482e2fa0f6f: receive RaftClientReply:client-E42F58674560->3a39c983-6986-4da8-95c7-9482e2fa0f6f@group-5E4216B2975C, cid=680, SUCCESS, logIndex=837, commits[3a39c983-6986-4da8-95c7-9482e2fa0f6f:c838, 0f15f03e-3179-4fc8-ac54-a24fe3c72555:c834, 11ea7e38-68de-49e0-a413-0aa394144289:c834]
2019-07-09 08:41:53,684 INFO  client.GrpcClientProtocolClient (GrpcClientProtocolClient.java:onNext(255)) - client-E42F58674560->3a39c983-6986-4da8-95c7-9482e2fa0f6f: receive RaftClientReply:client-E42F58674560->3a39c983-6986-4da8-95c7-9482e2fa0f6f@group-5E4216B2975C, cid=681, SUCCESS, logIndex=838, commits[3a39c983-6986-4da8-95c7-9482e2fa0f6f:c838, 0f15f03e-3179-4fc8-ac54-a24fe3c72555:c836, 11ea7e38-68de-49e0-a413-0aa394144289:c834]
2019-07-09 08:41:53,685 INFO  client.GrpcClientProtocolClient (GrpcClientProtocolClient.java:onNext(255)) - client-E42F58674560->3a39c983-6986-4da8-95c7-9482e2fa0f6f: receive RaftClientReply:client-E42F58674560->3a39c983-6986-4da8-95c7-9482e2fa0f6f@group-5E4216B2975C, cid=682, SUCCESS, logIndex=0, commits[3a39c983-6986-4da8-95c7-9482e2fa0f6f:c841, 0f15f03e-3179-4fc8-ac54-a24fe3c72555:c838, 11ea7e38-68de-49e0-a413-0aa394144289:c838]
2019-07-09 08:41:53,708 INFO  client.GrpcClientProtocolClient (GrpcClientProtocolClient.java:onNext(255)) - client-E42F58674560->3a39c983-6986-4da8-95c7-9482e2fa0f6f: receive RaftClientReply:client-E42F58674560->3a39c983-6986-4da8-95c7-9482e2fa0f6f@group-5E4216B2975C, cid=683, SUCCESS, logIndex=842, commits[3a39c983-6986-4da8-95c7-9482e2fa0f6f:c843, 0f15f03e-3179-4fc8-ac54-a24fe3c72555:c841, 11ea7e38-68de-49e0-a413-0aa394144289:c841]
2019-07-09 08:41:53,709 INFO  client.GrpcClientProtocolClient (GrpcClientProtocolClient.java:onNext(255)) - client-E42F58674560->3a39c983-6986-4da8-95c7-9482e2fa0f6f: receive RaftClientReply:client-E42F58674560->3a39c983-6986-4da8-95c7-9482e2fa0f6f@group-5E4216B2975C, cid=684, SUCCESS, logIndex=843, commits[3a39c983-6986-4da8-95c7-9482e2fa0f6f:c843, 0f15f03e-3179-4fc8-ac54-a24fe3c72555:c841, 11ea7e38-68de-49e0-a413-0aa394144289:c841]
2019-07-09 08:41:53,839 INFO  client.GrpcClientProtocolClient (GrpcClientProtocolClient.java:onNext(255)) - client-E42F58674560->3a39c983-6986-4da8-95c7-9482e2fa0f6f: receive RaftClientReply:client-E42F58674560->3a39c983-6986-4da8-95c7-9482e2fa0f6f@group-5E4216B2975C, cid=685, SUCCESS, logIndex=846, commits[3a39c983-6986-4da8-95c7-9482e2fa0f6f:c847, 0f15f03e-3179-4fc8-ac54-a24fe3c72555:c844, 11ea7e38-68de-49e0-a413-0aa394144289:c844]
2019-07-09 08:41:53,839 INFO  client.GrpcClientProtocolClient (GrpcClientProtocolClient.java:onNext(255)) - client-E42F58674560->3a39c983-6986-4da8-95c7-9482e2fa0f6f: receive RaftClientReply:client-E42F58674560->3a39c983-6986-4da8-95c7-9482e2fa0f6f@group-5E4216B2975C, cid=686, SUCCESS, logIndex=847, commits[3a39c983-6986-4da8-95c7-9482e2fa0f6f:c847, 0f15f03e-3179-4fc8-ac54-a24fe3c72555:c844, 11ea7e38-68de-49e0-a413-0aa394144289:c844]
2019-07-09 08:41:53,851 INFO  client.GrpcClientProtocolClient (GrpcClientProtocolClient.java:onNext(255)) - client-E42F58674560->3a39c983-6986-4da8-95c7-9482e2fa0f6f: receive RaftClientReply:client-E42F58674560->3a39c983-6986-4da8-95c7-9482e2fa0f6f@group-5E4216B2975C, cid=687, SUCCESS, logIndex=0, commits[3a39c983-6986-4da8-95c7-9482e2fa0f6f:c849, 0f15f03e-3179-4fc8-ac54-a24fe3c72555:c847, 11ea7e38-68de-49e0-a413-0aa394144289:c847]
2019-07-09 08:41:53,877 INFO  client.GrpcClientProtocolClient (GrpcClientProtocolClient.java:onNext(255)) - client-E42F58674560->3a39c983-6986-4da8-95c7-9482e2fa0f6f: receive RaftClientReply:client-E42F58674560->3a39c983-6986-4da8-95c7-9482e2fa0f6f@group-5E4216B2975C, cid=688, SUCCESS, logIndex=850, commits[3a39c983-6986-4da8-95c7-9482e2fa0f6f:c851, 0f15f03e-3179-4fc8-ac54-a24fe3c72555:c849, 11ea7e38-68de-49e0-a413-0aa394144289:c849]
2019-07-09 08:41:53,878 INFO  client.GrpcClientProtocolClient (GrpcClientProtocolClient.java:onNext(255)) - client-E42F58674560->3a39c983-6986-4da8-95c7-9482e2fa0f6f: receive RaftClientReply:client-E42F58674560->3a39c983-6986-4da8-95c7-9482e2fa0f6f@group-5E4216B2975C, cid=689, SUCCESS, logIndex=851, commits[3a39c983-6986-4da8-95c7-9482e2fa0f6f:c853, 0f15f03e-3179-4fc8-ac54-a24fe3c72555:c849, 11ea7e38-68de-49e0-a413-0aa394144289:c849]
2019-07-09 08:41:53,878 INFO  client.GrpcClientProtocolClient (GrpcClientProtocolClient.java:onNext(255)) - client-E42F58674560->3a39c983-6986-4da8-95c7-9482e2fa0f6f: receive RaftClientReply:client-E42F58674560->3a39c983-6986-4da8-95c7-9482e2fa0f6f@group-5E4216B2975C, cid=690, SUCCESS, logIndex=852, commits[3a39c983-6986-4da8-95c7-9482e2fa0f6f:c853, 0f15f03e-3179-4fc8-ac54-a24fe3c72555:c849, 11ea7e38-68de-49e0-a413-0aa394144289:c849]
2019-07-09 08:41:53,878 INFO  client.GrpcClientProtocolClient (GrpcClientProtocolClient.java:onNext(255)) - client-E42F58674560->3a39c983-6986-4da8-95c7-9482e2fa0f6f: receive RaftClientReply:client-E42F58674560->3a39c983-6986-4da8-95c7-9482e2fa0f6f@group-5E4216B2975C, cid=691, SUCCESS, logIndex=853, commits[3a39c983-6986-4da8-95c7-9482e2fa0f6f:c853, 0f15f03e-3179-4fc8-ac54-a24fe3c72555:c849, 11ea7e38-68de-49e0-a413-0aa394144289:c849]
2019-07-09 08:41:53,880 INFO  client.GrpcClientProtocolClient (GrpcClientProtocolClient.java:onNext(255)) - client-E42F58674560->3a39c983-6986-4da8-95c7-9482e2fa0f6f: receive RaftClientReply:client-E42F58674560->3a39c983-6986-4da8-95c7-9482e2fa0f6f@group-5E4216B2975C, cid=692, SUCCESS, logIndex=0, commits[3a39c983-6986-4da8-95c7-9482e2fa0f6f:c855, 0f15f03e-3179-4fc8-ac54-a24fe3c72555:c851, 11ea7e38-68de-49e0-a413-0aa394144289:c851]
2019-07-09 08:41:53,904 INFO  client.GrpcClientProtocolClient (GrpcClientProtocolClient.java:onNext(255)) - client-E42F58674560->3a39c983-6986-4da8-95c7-9482e2fa0f6f: receive RaftClientReply:client-E42F58674560->3a39c983-6986-4da8-95c7-9482e2fa0f6f@group-5E4216B2975C, cid=693, SUCCESS, logIndex=858, commits[3a39c983-6986-4da8-95c7-9482e2fa0f6f:c859, 0f15f03e-3179-4fc8-ac54-a24fe3c72555:c857, 11ea7e38-68de-49e0-a413-0aa394144289:c857]
2019-07-09 08:41:53,904 INFO  client.GrpcClientProtocolClient (GrpcClientProtocolClient.java:onNext(255)) - client-E42F58674560->3a39c983-6986-4da8-95c7-9482e2fa0f6f: receive RaftClientReply:client-E42F58674560->3a39c983-6986-4da8-95c7-9482e2fa0f6f@group-5E4216B2975C, cid=694, SUCCESS, logIndex=859, commits[3a39c983-6986-4da8-95c7-9482e2fa0f6f:c859, 0f15f03e-3179-4fc8-ac54-a24fe3c72555:c857, 11ea7e38-68de-49e0-a413-0aa394144289:c857]
2019-07-09 08:41:53,930 INFO  client.GrpcClientProtocolClient (GrpcClientProtocolClient.java:onNext(255)) - client-E42F58674560->3a39c983-6986-4da8-95c7-9482e2fa0f6f: receive RaftClientReply:client-E42F58674560->3a39c983-6986-4da8-95c7-9482e2fa0f6f@group-5E4216B2975C, cid=695, SUCCESS, logIndex=862, commits[3a39c983-6986-4da8-95c7-9482e2fa0f6f:c863, 0f15f03e-3179-4fc8-ac54-a24fe3c72555:c859, 11ea7e38-68de-49e0-a413-0aa394144289:c859]
2019-07-09 08:41:53,930 INFO  client.GrpcClientProtocolClient (GrpcClientProtocolClient.java:onNext(255)) - client-E42F58674560->3a39c983-6986-4da8-95c7-9482e2fa0f6f: receive RaftClientReply:client-E42F58674560->3a39c983-6986-4da8-95c7-9482e2fa0f6f@group-5E4216B2975C, cid=696, SUCCESS, logIndex=863, commits[3a39c983-6986-4da8-95c7-9482e2fa0f6f:c863, 0f15f03e-3179-4fc8-ac54-a24fe3c72555:c859, 11ea7e38-68de-49e0-a413-0aa394144289:c859]
2019-07-09 08:41:53,942 INFO  client.GrpcClientProtocolClient (GrpcClientProtocolClient.java:onNext(255)) - client-E42F58674560->3a39c983-6986-4da8-95c7-9482e2fa0f6f: receive RaftClientReply:client-E42F58674560->3a39c983-6986-4da8-95c7-9482e2fa0f6f@group-5E4216B2975C, cid=697, SUCCESS, logIndex=0, commits[3a39c983-6986-4da8-95c7-9482e2fa0f6f:c864, 0f15f03e-3179-4fc8-ac54-a24fe3c72555:c863, 11ea7e38-68de-49e0-a413-0aa394144289:c863]
2019-07-09 08:41:53,965 INFO  client.GrpcClientProtocolClient (GrpcClientProtocolClient.java:onNext(255)) - client-E42F58674560->3a39c983-6986-4da8-95c7-9482e2fa0f6f: receive RaftClientReply:client-E42F58674560->3a39c983-6986-4da8-95c7-9482e2fa0f6f@group-5E4216B2975C, cid=698, SUCCESS, logIndex=866, commits[3a39c983-6986-4da8-95c7-9482e2fa0f6f:c867, 0f15f03e-3179-4fc8-ac54-a24fe3c72555:c865, 11ea7e38-68de-49e0-a413-0aa394144289:c865]
2019-07-09 08:41:53,966 INFO  client.GrpcClientProtocolClient (GrpcClientProtocolClient.java:onNext(255)) - client-E42F58674560->3a39c983-6986-4da8-95c7-9482e2fa0f6f: receive RaftClientReply:client-E42F58674560->3a39c983-6986-4da8-95c7-9482e2fa0f6f@group-5E4216B2975C, cid=699, SUCCESS, logIndex=867, commits[3a39c983-6986-4da8-95c7-9482e2fa0f6f:c869, 0f15f03e-3179-4fc8-ac54-a24fe3c72555:c865, 11ea7e38-68de-49e0-a413-0aa394144289:c865]
2019-07-09 08:41:53,966 INFO  client.GrpcClientProtocolClient (GrpcClientProtocolClient.java:onNext(255)) - client-E42F58674560->3a39c983-6986-4da8-95c7-9482e2fa0f6f: receive RaftClientReply:client-E42F58674560->3a39c983-6986-4da8-95c7-9482e2fa0f6f@group-5E4216B2975C, cid=700, SUCCESS, logIndex=868, commits[3a39c983-6986-4da8-95c7-9482e2fa0f6f:c869, 0f15f03e-3179-4fc8-ac54-a24fe3c72555:c865, 11ea7e38-68de-49e0-a413-0aa394144289:c865]
2019-07-09 08:41:53,967 INFO  client.GrpcClientProtocolClient (GrpcClientProtocolClient.java:onNext(255)) - client-E42F58674560->3a39c983-6986-4da8-95c7-9482e2fa0f6f: receive RaftClientReply:client-E42F58674560->3a39c983-6986-4da8-95c7-9482e2fa0f6f@group-5E4216B2975C, cid=701, SUCCESS, logIndex=869, commits[3a39c983-6986-4da8-95c7-9482e2fa0f6f:c869, 0f15f03e-3179-4fc8-ac54-a24fe3c72555:c865, 11ea7e38-68de-49e0-a413-0aa394144289:c865]
2019-07-09 08:41:53,968 INFO  client.GrpcClientProtocolClient (GrpcClientProtocolClient.java:onNext(255)) - client-E42F58674560->3a39c983-6986-4da8-95c7-9482e2fa0f6f: receive RaftClientReply:client-E42F58674560->3a39c983-6986-4da8-95c7-9482e2fa0f6f@group-5E4216B2975C, cid=702, SUCCESS, logIndex=0, commits[3a39c983-6986-4da8-95c7-9482e2fa0f6f:c873, 0f15f03e-3179-4fc8-ac54-a24fe3c72555:c869, 11ea7e38-68de-49e0-a413-0aa394144289:c867]
2019-07-09 08:41:53,990 INFO  client.GrpcClientProtocolClient (GrpcClientProtocolClient.java:onNext(255)) - client-E42F58674560->3a39c983-6986-4da8-95c7-9482e2fa0f6f: receive RaftClientReply:client-E42F58674560->3a39c983-6986-4da8-95c7-9482e2fa0f6f@group-5E4216B2975C, cid=703, SUCCESS, logIndex=874, commits[3a39c983-6986-4da8-95c7-9482e2fa0f6f:c875, 0f15f03e-3179-4fc8-ac54-a24fe3c72555:c873, 11ea7e38-68de-49e0-a413-0aa394144289:c873]
2019-07-09 08:41:53,991 INFO  client.GrpcClientProtocolClient (GrpcClientProtocolClient.java:onNext(255)) - client-E42F58674560->3a39c983-6986-4da8-95c7-9482e2fa0f6f: receive RaftClientReply:client-E42F58674560->3a39c983-6986-4da8-95c7-9482e2fa0f6f@group-5E4216B2975C, cid=704, SUCCESS, logIndex=875, commits[3a39c983-6986-4da8-95c7-9482e2fa0f6f:c875, 0f15f03e-3179-4fc8-ac54-a24fe3c72555:c873, 11ea7e38-68de-49e0-a413-0aa394144289:c873]
2019-07-09 08:41:54,016 INFO  client.GrpcClientProtocolClient (GrpcClientProtocolClient.java:onNext(255)) - client-E42F58674560->3a39c983-6986-4da8-95c7-9482e2fa0f6f: receive RaftClientReply:client-E42F58674560->3a39c983-6986-4da8-95c7-9482e2fa0f6f@group-5E4216B2975C, cid=705, SUCCESS, logIndex=878, commits[3a39c983-6986-4da8-95c7-9482e2fa0f6f:c879, 0f15f03e-3179-4fc8-ac54-a24fe3c72555:c875, 11ea7e38-68de-49e0-a413-0aa394144289:c875]
2019-07-09 08:41:54,017 INFO  client.GrpcClientProtocolClient (GrpcClientProtocolClient.java:onNext(255)) - client-E42F58674560->3a39c983-6986-4da8-95c7-9482e2fa0f6f: receive RaftClientReply:client-E42F58674560->3a39c983-6986-4da8-95c7-9482e2fa0f6f@group-5E4216B2975C, cid=706, SUCCESS, logIndex=879, commits[3a39c983-6986-4da8-95c7-9482e2fa0f6f:c879, 0f15f03e-3179-4fc8-ac54-a24fe3c72555:c875, 11ea7e38-68de-49e0-a413-0aa394144289:c875]
2019-07-09 08:41:54,029 INFO  client.GrpcClientProtocolClient (GrpcClientProtocolClient.java:onNext(255)) - client-E42F58674560->3a39c983-6986-4da8-95c7-9482e2fa0f6f: receive RaftClientReply:client-E42F58674560->3a39c983-6986-4da8-95c7-9482e2fa0f6f@group-5E4216B2975C, cid=707, SUCCESS, logIndex=0, commits[3a39c983-6986-4da8-95c7-9482e2fa0f6f:c880, 0f15f03e-3179-4fc8-ac54-a24fe3c72555:c879, 11ea7e38-68de-49e0-a413-0aa394144289:c879]
2019-07-09 08:41:54,048 INFO  client.GrpcClientProtocolClient (GrpcClientProtocolClient.java:onNext(255)) - client-E42F58674560->3a39c983-6986-4da8-95c7-9482e2fa0f6f: receive RaftClientReply:client-E42F58674560->3a39c983-6986-4da8-95c7-9482e2fa0f6f@group-5E4216B2975C, cid=708, SUCCESS, logIndex=882, commits[3a39c983-6986-4da8-95c7-9482e2fa0f6f:c883, 0f15f03e-3179-4fc8-ac54-a24fe3c72555:c881, 11ea7e38-68de-49e0-a413-0aa394144289:c879]
2019-07-09 08:41:54,049 INFO  client.GrpcClientProtocolClient (GrpcClientProtocolClient.java:onNext(255)) - client-E42F58674560->3a39c983-6986-4da8-95c7-9482e2fa0f6f: receive RaftClientReply:client-E42F58674560->3a39c983-6986-4da8-95c7-9482e2fa0f6f@group-5E4216B2975C, cid=709, SUCCESS, logIndex=883, commits[3a39c983-6986-4da8-95c7-9482e2fa0f6f:c883, 0f15f03e-3179-4fc8-ac54-a24fe3c72555:c881, 11ea7e38-68de-49e0-a413-0aa394144289:c881]
2019-07-09 08:41:54,051 INFO  client.GrpcClientProtocolClient (GrpcClientProtocolClient.java:onNext(255)) - client-E42F58674560->3a39c983-6986-4da8-95c7-9482e2fa0f6f: receive RaftClientReply:client-E42F58674560->3a39c983-6986-4da8-95c7-9482e2fa0f6f@group-5E4216B2975C, cid=710, SUCCESS, logIndex=884, commits[3a39c983-6986-4da8-95c7-9482e2fa0f6f:c886, 0f15f03e-3179-4fc8-ac54-a24fe3c72555:c883, 11ea7e38-68de-49e0-a413-0aa394144289:c881]
2019-07-09 08:41:54,051 INFO  client.GrpcClientProtocolClient (GrpcClientProtocolClient.java:onNext(255)) - client-E42F58674560->3a39c983-6986-4da8-95c7-9482e2fa0f6f: receive RaftClientReply:client-E42F58674560->3a39c983-6986-4da8-95c7-9482e2fa0f6f@group-5E4216B2975C, cid=711, SUCCESS, logIndex=885, commits[3a39c983-6986-4da8-95c7-9482e2fa0f6f:c887, 0f15f03e-3179-4fc8-ac54-a24fe3c72555:c883, 11ea7e38-68de-49e0-a413-0aa394144289:c881]
2019-07-09 08:41:54,052 INFO  client.GrpcClientProtocolClient (GrpcClientProtocolClient.java:onNext(255)) - client-E42F58674560->3a39c983-6986-4da8-95c7-9482e2fa0f6f: receive RaftClientReply:client-E42F58674560->3a39c983-6986-4da8-95c7-9482e2fa0f6f@group-5E4216B2975C, cid=712, SUCCESS, logIndex=0, commits[3a39c983-6986-4da8-95c7-9482e2fa0f6f:c888, 0f15f03e-3179-4fc8-ac54-a24fe3c72555:c884, 11ea7e38-68de-49e0-a413-0aa394144289:c883]
2019-07-09 08:41:54,092 INFO  client.GrpcClientProtocolClient (GrpcClientProtocolClient.java:onNext(255)) - client-E42F58674560->3a39c983-6986-4da8-95c7-9482e2fa0f6f: receive RaftClientReply:client-E42F58674560->3a39c983-6986-4da8-95c7-9482e2fa0f6f@group-5E4216B2975C, cid=713, SUCCESS, logIndex=890, commits[3a39c983-6986-4da8-95c7-9482e2fa0f6f:c891, 0f15f03e-3179-4fc8-ac54-a24fe3c72555:c889, 11ea7e38-68de-49e0-a413-0aa394144289:c889]
2019-07-09 08:41:54,093 INFO  client.GrpcClientProtocolClient (GrpcClientProtocolClient.java:onNext(255)) - client-E42F58674560->3a39c983-6986-4da8-95c7-9482e2fa0f6f: receive RaftClientReply:client-E42F58674560->3a39c983-6986-4da8-95c7-9482e2fa0f6f@group-5E4216B2975C, cid=714, SUCCESS, logIndex=891, commits[3a39c983-6986-4da8-95c7-9482e2fa0f6f:c891, 0f15f03e-3179-4fc8-ac54-a24fe3c72555:c889, 11ea7e38-68de-49e0-a413-0aa394144289:c889]
2019-07-09 08:41:54,110 INFO  client.GrpcClientProtocolClient (GrpcClientProtocolClient.java:onNext(255)) - client-E42F58674560->3a39c983-6986-4da8-95c7-9482e2fa0f6f: receive RaftClientReply:client-E42F58674560->3a39c983-6986-4da8-95c7-9482e2fa0f6f@group-5E4216B2975C, cid=715, SUCCESS, logIndex=894, commits[3a39c983-6986-4da8-95c7-9482e2fa0f6f:c895, 0f15f03e-3179-4fc8-ac54-a24fe3c72555:c891, 11ea7e38-68de-49e0-a413-0aa394144289:c891]
2019-07-09 08:41:54,110 INFO  client.GrpcClientProtocolClient (GrpcClientProtocolClient.java:onNext(255)) - client-E42F58674560->3a39c983-6986-4da8-95c7-9482e2fa0f6f: receive RaftClientReply:client-E42F58674560->3a39c983-6986-4da8-95c7-9482e2fa0f6f@group-5E4216B2975C, cid=716, SUCCESS, logIndex=895, commits[3a39c983-6986-4da8-95c7-9482e2fa0f6f:c895, 0f15f03e-3179-4fc8-ac54-a24fe3c72555:c891, 11ea7e38-68de-49e0-a413-0aa394144289:c891]
2019-07-09 08:41:54,123 INFO  client.GrpcClientProtocolClient (GrpcClientProtocolClient.java:onNext(255)) - client-E42F58674560->3a39c983-6986-4da8-95c7-9482e2fa0f6f: receive RaftClientReply:client-E42F58674560->3a39c983-6986-4da8-95c7-9482e2fa0f6f@group-5E4216B2975C, cid=717, SUCCESS, logIndex=0, commits[3a39c983-6986-4da8-95c7-9482e2fa0f6f:c897, 0f15f03e-3179-4fc8-ac54-a24fe3c72555:c895, 11ea7e38-68de-49e0-a413-0aa394144289:c895]
2019-07-09 08:41:54,145 INFO  client.GrpcClientProtocolClient (GrpcClientProtocolClient.java:onNext(255)) - client-E42F58674560->3a39c983-6986-4da8-95c7-9482e2fa0f6f: receive RaftClientReply:client-E42F58674560->3a39c983-6986-4da8-95c7-9482e2fa0f6f@group-5E4216B2975C, cid=718, SUCCESS, logIndex=898, commits[3a39c983-6986-4da8-95c7-9482e2fa0f6f:c899, 0f15f03e-3179-4fc8-ac54-a24fe3c72555:c897, 11ea7e38-68de-49e0-a413-0aa394144289:c897]
2019-07-09 08:41:54,146 INFO  client.GrpcClientProtocolClient (GrpcClientProtocolClient.java:onNext(255)) - client-E42F58674560->3a39c983-6986-4da8-95c7-9482e2fa0f6f: receive RaftClientReply:client-E42F58674560->3a39c983-6986-4da8-95c7-9482e2fa0f6f@group-5E4216B2975C, cid=719, SUCCESS, logIndex=899, commits[3a39c983-6986-4da8-95c7-9482e2fa0f6f:c899, 0f15f03e-3179-4fc8-ac54-a24fe3c72555:c897, 11ea7e38-68de-49e0-a413-0aa394144289:c897]
2019-07-09 08:41:54,157 INFO  client.GrpcClientProtocolClient (GrpcClientProtocolClient.java:onNext(255)) - client-E42F58674560->3a39c983-6986-4da8-95c7-9482e2fa0f6f: receive RaftClientReply:client-E42F58674560->3a39c983-6986-4da8-95c7-9482e2fa0f6f@group-5E4216B2975C, cid=720, SUCCESS, logIndex=900, commits[3a39c983-6986-4da8-95c7-9482e2fa0f6f:c901, 0f15f03e-3179-4fc8-ac54-a24fe3c72555:c897, 11ea7e38-68de-49e0-a413-0aa394144289:c897]
2019-07-09 08:41:54,158 INFO  client.GrpcClientProtocolClient (GrpcClientProtocolClient.java:onNext(255)) - client-E42F58674560->3a39c983-6986-4da8-95c7-9482e2fa0f6f: receive RaftClientReply:client-E42F58674560->3a39c983-6986-4da8-95c7-9482e2fa0f6f@group-5E4216B2975C, cid=721, SUCCESS, logIndex=901, commits[3a39c983-6986-4da8-95c7-9482e2fa0f6f:c903, 0f15f03e-3179-4fc8-ac54-a24fe3c72555:c899, 11ea7e38-68de-49e0-a413-0aa394144289:c897]
2019-07-09 08:41:54,159 INFO  client.GrpcClientProtocolClient (GrpcClientProtocolClient.java:onNext(255)) - client-E42F58674560->3a39c983-6986-4da8-95c7-9482e2fa0f6f: receive RaftClientReply:client-E42F58674560->3a39c983-6986-4da8-95c7-9482e2fa0f6f@group-5E4216B2975C, cid=722, SUCCESS, logIndex=0, commits[3a39c983-6986-4da8-95c7-9482e2fa0f6f:c905, 0f15f03e-3179-4fc8-ac54-a24fe3c72555:c901, 11ea7e38-68de-49e0-a413-0aa394144289:c901]
2019-07-09 08:41:54,182 INFO  client.GrpcClientProtocolClient (GrpcClientProtocolClient.java:onNext(255)) - client-E42F58674560->3a39c983-6986-4da8-95c7-9482e2fa0f6f: receive RaftClientReply:client-E42F58674560->3a39c983-6986-4da8-95c7-9482e2fa0f6f@group-5E4216B2975C, cid=723, SUCCESS, logIndex=906, commits[3a39c983-6986-4da8-95c7-9482e2fa0f6f:c907, 0f15f03e-3179-4fc8-ac54-a24fe3c72555:c905, 11ea7e38-68de-49e0-a413-0aa394144289:c905]
2019-07-09 08:41:54,182 INFO  client.GrpcClientProtocolClient (GrpcClientProtocolClient.java:onNext(255)) - client-E42F58674560->3a39c983-6986-4da8-95c7-9482e2fa0f6f: receive RaftClientReply:client-E42F58674560->3a39c983-6986-4da8-95c7-9482e2fa0f6f@group-5E4216B2975C, cid=724, SUCCESS, logIndex=907, commits[3a39c983-6986-4da8-95c7-9482e2fa0f6f:c907, 0f15f03e-3179-4fc8-ac54-a24fe3c72555:c905, 11ea7e38-68de-49e0-a413-0aa394144289:c905]
2019-07-09 08:41:54,197 INFO  client.GrpcClientProtocolClient (GrpcClientProtocolClient.java:onNext(255)) - client-E42F58674560->3a39c983-6986-4da8-95c7-9482e2fa0f6f: receive RaftClientReply:client-E42F58674560->3a39c983-6986-4da8-95c7-9482e2fa0f6f@group-5E4216B2975C, cid=725, SUCCESS, logIndex=910, commits[3a39c983-6986-4da8-95c7-9482e2fa0f6f:c910, 0f15f03e-3179-4fc8-ac54-a24fe3c72555:c907, 11ea7e38-68de-49e0-a413-0aa394144289:c907]
2019-07-09 08:41:54,197 INFO  client.GrpcClientProtocolClient (GrpcClientProtocolClient.java:onNext(255)) - client-E42F58674560->3a39c983-6986-4da8-95c7-9482e2fa0f6f: receive RaftClientReply:client-E42F58674560->3a39c983-6986-4da8-95c7-9482e2fa0f6f@group-5E4216B2975C, cid=726, SUCCESS, logIndex=911, commits[3a39c983-6986-4da8-95c7-9482e2fa0f6f:c911, 0f15f03e-3179-4fc8-ac54-a24fe3c72555:c907, 11ea7e38-68de-49e0-a413-0aa394144289:c907]
2019-07-09 08:41:54,209 INFO  client.GrpcClientProtocolClient (GrpcClientProtocolClient.java:onNext(255)) - client-E42F58674560->3a39c983-6986-4da8-95c7-9482e2fa0f6f: receive RaftClientReply:client-E42F58674560->3a39c983-6986-4da8-95c7-9482e2fa0f6f@group-5E4216B2975C, cid=727, SUCCESS, logIndex=0, commits[3a39c983-6986-4da8-95c7-9482e2fa0f6f:c913, 0f15f03e-3179-4fc8-ac54-a24fe3c72555:c911, 11ea7e38-68de-49e0-a413-0aa394144289:c911]
2019-07-09 08:41:54,235 INFO  client.GrpcClientProtocolClient (GrpcClientProtocolClient.java:onNext(255)) - client-E42F58674560->3a39c983-6986-4da8-95c7-9482e2fa0f6f: receive RaftClientReply:client-E42F58674560->3a39c983-6986-4da8-95c7-9482e2fa0f6f@group-5E4216B2975C, cid=728, SUCCESS, logIndex=914, commits[3a39c983-6986-4da8-95c7-9482e2fa0f6f:c915, 0f15f03e-3179-4fc8-ac54-a24fe3c72555:c913, 11ea7e38-68de-49e0-a413-0aa394144289:c913]
2019-07-09 08:41:54,236 INFO  client.GrpcClientProtocolClient (GrpcClientProtocolClient.java:onNext(255)) - client-E42F58674560->3a39c983-6986-4da8-95c7-9482e2fa0f6f: receive RaftClientReply:client-E42F58674560->3a39c983-6986-4da8-95c7-9482e2fa0f6f@group-5E4216B2975C, cid=729, SUCCESS, logIndex=915, commits[3a39c983-6986-4da8-95c7-9482e2fa0f6f:c916, 0f15f03e-3179-4fc8-ac54-a24fe3c72555:c913, 11ea7e38-68de-49e0-a413-0aa394144289:c913]
2019-07-09 08:41:54,237 INFO  client.GrpcClientProtocolClient (GrpcClientProtocolClient.java:onNext(255)) - client-E42F58674560->3a39c983-6986-4da8-95c7-9482e2fa0f6f: receive RaftClientReply:client-E42F58674560->3a39c983-6986-4da8-95c7-9482e2fa0f6f@group-5E4216B2975C, cid=730, SUCCESS, logIndex=916, commits[3a39c983-6986-4da8-95c7-9482e2fa0f6f:c917, 0f15f03e-3179-4fc8-ac54-a24fe3c72555:c913, 11ea7e38-68de-49e0-a413-0aa394144289:c913]
2019-07-09 08:41:54,237 INFO  client.GrpcClientProtocolClient (GrpcClientProtocolClient.java:onNext(255)) - client-E42F58674560->3a39c983-6986-4da8-95c7-9482e2fa0f6f: receive RaftClientReply:client-E42F58674560->3a39c983-6986-4da8-95c7-9482e2fa0f6f@group-5E4216B2975C, cid=731, SUCCESS, logIndex=917, commits[3a39c983-6986-4da8-95c7-9482e2fa0f6f:c917, 0f15f03e-3179-4fc8-ac54-a24fe3c72555:c913, 11ea7e38-68de-49e0-a413-0aa394144289:c913]
2019-07-09 08:41:54,239 INFO  client.GrpcClientProtocolClient (GrpcClientProtocolClient.java:onNext(255)) - client-E42F58674560->3a39c983-6986-4da8-95c7-9482e2fa0f6f: receive RaftClientReply:client-E42F58674560->3a39c983-6986-4da8-95c7-9482e2fa0f6f@group-5E4216B2975C, cid=732, SUCCESS, logIndex=0, commits[3a39c983-6986-4da8-95c7-9482e2fa0f6f:c921, 0f15f03e-3179-4fc8-ac54-a24fe3c72555:c917, 11ea7e38-68de-49e0-a413-0aa394144289:c916]
2019-07-09 08:41:54,261 INFO  client.GrpcClientProtocolClient (GrpcClientProtocolClient.java:onNext(255)) - client-E42F58674560->3a39c983-6986-4da8-95c7-9482e2fa0f6f: receive RaftClientReply:client-E42F58674560->3a39c983-6986-4da8-95c7-9482e2fa0f6f@group-5E4216B2975C, cid=733, SUCCESS, logIndex=922, commits[3a39c983-6986-4da8-95c7-9482e2fa0f6f:c923, 0f15f03e-3179-4fc8-ac54-a24fe3c72555:c921, 11ea7e38-68de-49e0-a413-0aa394144289:c921]
2019-07-09 08:41:54,262 INFO  client.GrpcClientProtocolClient (GrpcClientProtocolClient.java:onNext(255)) - client-E42F58674560->3a39c983-6986-4da8-95c7-9482e2fa0f6f: receive RaftClientReply:client-E42F58674560->3a39c983-6986-4da8-95c7-9482e2fa0f6f@group-5E4216B2975C, cid=734, SUCCESS, logIndex=923, commits[3a39c983-6986-4da8-95c7-9482e2fa0f6f:c923, 0f15f03e-3179-4fc8-ac54-a24fe3c72555:c921, 11ea7e38-68de-49e0-a413-0aa394144289:c921]
2019-07-09 08:41:54,288 INFO  client.GrpcClientProtocolClient (GrpcClientProtocolClient.java:onNext(255)) - client-E42F58674560->3a39c983-6986-4da8-95c7-9482e2fa0f6f: receive RaftClientReply:client-E42F58674560->3a39c983-6986-4da8-95c7-9482e2fa0f6f@group-5E4216B2975C, cid=735, SUCCESS, logIndex=926, commits[3a39c983-6986-4da8-95c7-9482e2fa0f6f:c927, 0f15f03e-3179-4fc8-ac54-a24fe3c72555:c923, 11ea7e38-68de-49e0-a413-0aa394144289:c923]
2019-07-09 08:41:54,288 INFO  client.GrpcClientProtocolClient (GrpcClientProtocolClient.java:onNext(255)) - client-E42F58674560->3a39c983-6986-4da8-95c7-9482e2fa0f6f: receive RaftClientReply:client-E42F58674560->3a39c983-6986-4da8-95c7-9482e2fa0f6f@group-5E4216B2975C, cid=736, SUCCESS, logIndex=927, commits[3a39c983-6986-4da8-95c7-9482e2fa0f6f:c927, 0f15f03e-3179-4fc8-ac54-a24fe3c72555:c923, 11ea7e38-68de-49e0-a413-0aa394144289:c923]
2019-07-09 08:41:54,301 INFO  client.GrpcClientProtocolClient (GrpcClientProtocolClient.java:onNext(255)) - client-E42F58674560->3a39c983-6986-4da8-95c7-9482e2fa0f6f: receive RaftClientReply:client-E42F58674560->3a39c983-6986-4da8-95c7-9482e2fa0f6f@group-5E4216B2975C, cid=737, SUCCESS, logIndex=0, commits[3a39c983-6986-4da8-95c7-9482e2fa0f6f:c929, 0f15f03e-3179-4fc8-ac54-a24fe3c72555:c927, 11ea7e38-68de-49e0-a413-0aa394144289:c927]
2019-07-09 08:41:54,323 INFO  client.GrpcClientProtocolClient (GrpcClientProtocolClient.java:onNext(255)) - client-E42F58674560->3a39c983-6986-4da8-95c7-9482e2fa0f6f: receive RaftClientReply:client-E42F58674560->3a39c983-6986-4da8-95c7-9482e2fa0f6f@group-5E4216B2975C, cid=738, SUCCESS, logIndex=930, commits[3a39c983-6986-4da8-95c7-9482e2fa0f6f:c931, 0f15f03e-3179-4fc8-ac54-a24fe3c72555:c929, 11ea7e38-68de-49e0-a413-0aa394144289:c929]
2019-07-09 08:41:54,324 INFO  client.GrpcClientProtocolClient (GrpcClientProtocolClient.java:onNext(255)) - client-E42F58674560->3a39c983-6986-4da8-95c7-9482e2fa0f6f: receive RaftClientReply:client-E42F58674560->3a39c983-6986-4da8-95c7-9482e2fa0f6f@group-5E4216B2975C, cid=739, SUCCESS, logIndex=931, commits[3a39c983-6986-4da8-95c7-9482e2fa0f6f:c933, 0f15f03e-3179-4fc8-ac54-a24fe3c72555:c929, 11ea7e38-68de-49e0-a413-0aa394144289:c929]
2019-07-09 08:41:54,325 INFO  client.GrpcClientProtocolClient (GrpcClientProtocolClient.java:onNext(255)) - client-E42F58674560->3a39c983-6986-4da8-95c7-9482e2fa0f6f: receive RaftClientReply:client-E42F58674560->3a39c983-6986-4da8-95c7-9482e2fa0f6f@group-5E4216B2975C, cid=740, SUCCESS, logIndex=932, commits[3a39c983-6986-4da8-95c7-9482e2fa0f6f:c933, 0f15f03e-3179-4fc8-ac54-a24fe3c72555:c929, 11ea7e38-68de-49e0-a413-0aa394144289:c929]
2019-07-09 08:41:54,325 INFO  client.GrpcClientProtocolClient (GrpcClientProtocolClient.java:onNext(255)) - client-E42F58674560->3a39c983-6986-4da8-95c7-9482e2fa0f6f: receive RaftClientReply:client-E42F58674560->3a39c983-6986-4da8-95c7-9482e2fa0f6f@group-5E4216B2975C, cid=741, SUCCESS, logIndex=933, commits[3a39c983-6986-4da8-95c7-9482e2fa0f6f:c935, 0f15f03e-3179-4fc8-ac54-a24fe3c72555:c931, 11ea7e38-68de-49e0-a413-0aa394144289:c929]
2019-07-09 08:41:54,326 INFO  client.GrpcClientProtocolClient (GrpcClientProtocolClient.java:onNext(255)) - client-E42F58674560->3a39c983-6986-4da8-95c7-9482e2fa0f6f: receive RaftClientReply:client-E42F58674560->3a39c983-6986-4da8-95c7-9482e2fa0f6f@group-5E4216B2975C, cid=742, SUCCESS, logIndex=0, commits[3a39c983-6986-4da8-95c7-9482e2fa0f6f:c937, 0f15f03e-3179-4fc8-ac54-a24fe3c72555:c933, 11ea7e38-68de-49e0-a413-0aa394144289:c933]
2019-07-09 08:41:54,359 INFO  client.GrpcClientProtocolClient (GrpcClientProtocolClient.java:onNext(255)) - client-E42F58674560->3a39c983-6986-4da8-95c7-9482e2fa0f6f: receive RaftClientReply:client-E42F58674560->3a39c983-6986-4da8-95c7-9482e2fa0f6f@group-5E4216B2975C, cid=743, SUCCESS, logIndex=938, commits[3a39c983-6986-4da8-95c7-9482e2fa0f6f:c939, 0f15f03e-3179-4fc8-ac54-a24fe3c72555:c937, 11ea7e38-68de-49e0-a413-0aa394144289:c937]
2019-07-09 08:41:54,360 INFO  client.GrpcClientProtocolClient (GrpcClientProtocolClient.java:onNext(255)) - client-E42F58674560->3a39c983-6986-4da8-95c7-9482e2fa0f6f: receive RaftClientReply:client-E42F58674560->3a39c983-6986-4da8-95c7-9482e2fa0f6f@group-5E4216B2975C, cid=744, SUCCESS, logIndex=939, commits[3a39c983-6986-4da8-95c7-9482e2fa0f6f:c939, 0f15f03e-3179-4fc8-ac54-a24fe3c72555:c937, 11ea7e38-68de-49e0-a413-0aa394144289:c937]
2019-07-09 08:41:54,411 INFO  client.GrpcClientProtocolClient (GrpcClientProtocolClient.java:onNext(255)) - client-E42F58674560->3a39c983-6986-4da8-95c7-9482e2fa0f6f: receive RaftClientReply:client-E42F58674560->3a39c983-6986-4da8-95c7-9482e2fa0f6f@group-5E4216B2975C, cid=745, SUCCESS, logIndex=942, commits[3a39c983-6986-4da8-95c7-9482e2fa0f6f:c943, 0f15f03e-3179-4fc8-ac54-a24fe3c72555:c939, 11ea7e38-68de-49e0-a413-0aa394144289:c939]
2019-07-09 08:41:54,411 INFO  client.GrpcClientProtocolClient (GrpcClientProtocolClient.java:onNext(255)) - client-E42F58674560->3a39c983-6986-4da8-95c7-9482e2fa0f6f: receive RaftClientReply:client-E42F58674560->3a39c983-6986-4da8-95c7-9482e2fa0f6f@group-5E4216B2975C, cid=746, SUCCESS, logIndex=943, commits[3a39c983-6986-4da8-95c7-9482e2fa0f6f:c943, 0f15f03e-3179-4fc8-ac54-a24fe3c72555:c939, 11ea7e38-68de-49e0-a413-0aa394144289:c939]
2019-07-09 08:41:54,422 INFO  client.GrpcClientProtocolClient (GrpcClientProtocolClient.java:onNext(255)) - client-E42F58674560->3a39c983-6986-4da8-95c7-9482e2fa0f6f: receive RaftClientReply:client-E42F58674560->3a39c983-6986-4da8-95c7-9482e2fa0f6f@group-5E4216B2975C, cid=747, SUCCESS, logIndex=0, commits[3a39c983-6986-4da8-95c7-9482e2fa0f6f:c944, 0f15f03e-3179-4fc8-ac54-a24fe3c72555:c943, 11ea7e38-68de-49e0-a413-0aa394144289:c943]
2019-07-09 08:41:54,445 INFO  client.GrpcClientProtocolClient (GrpcClientProtocolClient.java:onNext(255)) - client-E42F58674560->3a39c983-6986-4da8-95c7-9482e2fa0f6f: receive RaftClientReply:client-E42F58674560->3a39c983-6986-4da8-95c7-9482e2fa0f6f@group-5E4216B2975C, cid=748, SUCCESS, logIndex=946, commits[3a39c983-6986-4da8-95c7-9482e2fa0f6f:c947, 0f15f03e-3179-4fc8-ac54-a24fe3c72555:c945, 11ea7e38-68de-49e0-a413-0aa394144289:c945]
2019-07-09 08:41:54,446 INFO  client.GrpcClientProtocolClient (GrpcClientProtocolClient.java:onNext(255)) - client-E42F58674560->3a39c983-6986-4da8-95c7-9482e2fa0f6f: receive RaftClientReply:client-E42F58674560->3a39c983-6986-4da8-95c7-9482e2fa0f6f@group-5E4216B2975C, cid=749, SUCCESS, logIndex=947, commits[3a39c983-6986-4da8-95c7-9482e2fa0f6f:c949, 0f15f03e-3179-4fc8-ac54-a24fe3c72555:c945, 11ea7e38-68de-49e0-a413-0aa394144289:c945]
2019-07-09 08:41:54,446 INFO  client.GrpcClientProtocolClient (GrpcClientProtocolClient.java:onNext(255)) - client-E42F58674560->3a39c983-6986-4da8-95c7-9482e2fa0f6f: receive RaftClientReply:client-E42F58674560->3a39c983-6986-4da8-95c7-9482e2fa0f6f@group-5E4216B2975C, cid=750, SUCCESS, logIndex=948, commits[3a39c983-6986-4da8-95c7-9482e2fa0f6f:c949, 0f15f03e-3179-4fc8-ac54-a24fe3c72555:c945, 11ea7e38-68de-49e0-a413-0aa394144289:c945]
2019-07-09 08:41:54,447 INFO  client.GrpcClientProtocolClient (GrpcClientProtocolClient.java:onNext(255)) - client-E42F58674560->3a39c983-6986-4da8-95c7-9482e2fa0f6f: receive RaftClientReply:client-E42F58674560->3a39c983-6986-4da8-95c7-9482e2fa0f6f@group-5E4216B2975C, cid=751, SUCCESS, logIndex=949, commits[3a39c983-6986-4da8-95c7-9482e2fa0f6f:c949, 0f15f03e-3179-4fc8-ac54-a24fe3c72555:c945, 11ea7e38-68de-49e0-a413-0aa394144289:c945]
2019-07-09 08:41:54,448 INFO  client.GrpcClientProtocolClient (GrpcClientProtocolClient.java:onNext(255)) - client-E42F58674560->3a39c983-6986-4da8-95c7-9482e2fa0f6f: receive RaftClientReply:client-E42F58674560->3a39c983-6986-4da8-95c7-9482e2fa0f6f@group-5E4216B2975C, cid=752, SUCCESS, logIndex=0, commits[3a39c983-6986-4da8-95c7-9482e2fa0f6f:c953, 0f15f03e-3179-4fc8-ac54-a24fe3c72555:c949, 11ea7e38-68de-49e0-a413-0aa394144289:c949]
2019-07-09 08:41:54,470 INFO  client.GrpcClientProtocolClient (GrpcClientProtocolClient.java:onNext(255)) - client-E42F58674560->3a39c983-6986-4da8-95c7-9482e2fa0f6f: receive RaftClientReply:client-E42F58674560->3a39c983-6986-4da8-95c7-9482e2fa0f6f@group-5E4216B2975C, cid=753, SUCCESS, logIndex=954, commits[3a39c983-6986-4da8-95c7-9482e2fa0f6f:c955, 0f15f03e-3179-4fc8-ac54-a24fe3c72555:c953, 11ea7e38-68de-49e0-a413-0aa394144289:c953]
2019-07-09 08:41:54,470 INFO  client.GrpcClientProtocolClient (GrpcClientProtocolClient.java:onNext(255)) - client-E42F58674560->3a39c983-6986-4da8-95c7-9482e2fa0f6f: receive RaftClientReply:client-E42F58674560->3a39c983-6986-4da8-95c7-9482e2fa0f6f@group-5E4216B2975C, cid=754, SUCCESS, logIndex=955, commits[3a39c983-6986-4da8-95c7-9482e2fa0f6f:c955, 0f15f03e-3179-4fc8-ac54-a24fe3c72555:c953, 11ea7e38-68de-49e0-a413-0aa394144289:c953]
2019-07-09 08:41:54,483 INFO  client.GrpcClientProtocolClient (GrpcClientProtocolClient.java:onNext(255)) - client-E42F58674560->3a39c983-6986-4da8-95c7-9482e2fa0f6f: receive RaftClientReply:client-E42F58674560->3a39c983-6986-4da8-95c7-9482e2fa0f6f@group-5E4216B2975C, cid=755, SUCCESS, logIndex=958, commits[3a39c983-6986-4da8-95c7-9482e2fa0f6f:c959, 0f15f03e-3179-4fc8-ac54-a24fe3c72555:c955, 11ea7e38-68de-49e0-a413-0aa394144289:c954]
2019-07-09 08:41:54,484 INFO  client.GrpcClientProtocolClient (GrpcClientProtocolClient.java:onNext(255)) - client-E42F58674560->3a39c983-6986-4da8-95c7-9482e2fa0f6f: receive RaftClientReply:client-E42F58674560->3a39c983-6986-4da8-95c7-9482e2fa0f6f@group-5E4216B2975C, cid=756, SUCCESS, logIndex=959, commits[3a39c983-6986-4da8-95c7-9482e2fa0f6f:c959, 0f15f03e-3179-4fc8-ac54-a24fe3c72555:c955, 11ea7e38-68de-49e0-a413-0aa394144289:c955]
2019-07-09 08:41:54,485 INFO  client.GrpcClientProtocolClient (GrpcClientProtocolClient.java:onNext(255)) - client-E42F58674560->3a39c983-6986-4da8-95c7-9482e2fa0f6f: receive RaftClientReply:client-E42F58674560->3a39c983-6986-4da8-95c7-9482e2fa0f6f@group-5E4216B2975C, cid=757, SUCCESS, logIndex=0, commits[3a39c983-6986-4da8-95c7-9482e2fa0f6f:c961, 0f15f03e-3179-4fc8-ac54-a24fe3c72555:c959, 11ea7e38-68de-49e0-a413-0aa394144289:c959]
2019-07-09 08:41:54,507 INFO  client.GrpcClientProtocolClient (GrpcClientProtocolClient.java:onNext(255)) - client-E42F58674560->3a39c983-6986-4da8-95c7-9482e2fa0f6f: receive RaftClientReply:client-E42F58674560->3a39c983-6986-4da8-95c7-9482e2fa0f6f@group-5E4216B2975C, cid=758, SUCCESS, logIndex=962, commits[3a39c983-6986-4da8-95c7-9482e2fa0f6f:c963, 0f15f03e-3179-4fc8-ac54-a24fe3c72555:c961, 11ea7e38-68de-49e0-a413-0aa394144289:c961]
2019-07-09 08:41:54,508 INFO  client.GrpcClientProtocolClient (GrpcClientProtocolClient.java:onNext(255)) - client-E42F58674560->3a39c983-6986-4da8-95c7-9482e2fa0f6f: receive RaftClientReply:client-E42F58674560->3a39c983-6986-4da8-95c7-9482e2fa0f6f@group-5E4216B2975C, cid=759, SUCCESS, logIndex=963, commits[3a39c983-6986-4da8-95c7-9482e2fa0f6f:c964, 0f15f03e-3179-4fc8-ac54-a24fe3c72555:c961, 11ea7e38-68de-49e0-a413-0aa394144289:c961]
2019-07-09 08:41:54,508 INFO  client.GrpcClientProtocolClient (GrpcClientProtocolClient.java:onNext(255)) - client-E42F58674560->3a39c983-6986-4da8-95c7-9482e2fa0f6f: receive RaftClientReply:client-E42F58674560->3a39c983-6986-4da8-95c7-9482e2fa0f6f@group-5E4216B2975C, cid=760, SUCCESS, logIndex=964, commits[3a39c983-6986-4da8-95c7-9482e2fa0f6f:c965, 0f15f03e-3179-4fc8-ac54-a24fe3c72555:c961, 11ea7e38-68de-49e0-a413-0aa394144289:c961]
2019-07-09 08:41:54,509 INFO  client.GrpcClientProtocolClient (GrpcClientProtocolClient.java:onNext(255)) - client-E42F58674560->3a39c983-6986-4da8-95c7-9482e2fa0f6f: receive RaftClientReply:client-E42F58674560->3a39c983-6986-4da8-95c7-9482e2fa0f6f@group-5E4216B2975C, cid=761, SUCCESS, logIndex=965, commits[3a39c983-6986-4da8-95c7-9482e2fa0f6f:c965, 0f15f03e-3179-4fc8-ac54-a24fe3c72555:c961, 11ea7e38-68de-49e0-a413-0aa394144289:c961]
2019-07-09 08:41:54,510 INFO  client.GrpcClientProtocolClient (GrpcClientProtocolClient.java:onNext(255)) - client-E42F58674560->3a39c983-6986-4da8-95c7-9482e2fa0f6f: receive RaftClientReply:client-E42F58674560->3a39c983-6986-4da8-95c7-9482e2fa0f6f@group-5E4216B2975C, cid=762, SUCCESS, logIndex=0, commits[3a39c983-6986-4da8-95c7-9482e2fa0f6f:c968, 0f15f03e-3179-4fc8-ac54-a24fe3c72555:c964, 11ea7e38-68de-49e0-a413-0aa394144289:c965]
2019-07-09 08:41:54,532 INFO  client.GrpcClientProtocolClient (GrpcClientProtocolClient.java:onNext(255)) - client-E42F58674560->3a39c983-6986-4da8-95c7-9482e2fa0f6f: receive RaftClientReply:client-E42F58674560->3a39c983-6986-4da8-95c7-9482e2fa0f6f@group-5E4216B2975C, cid=763, SUCCESS, logIndex=970, commits[3a39c983-6986-4da8-95c7-9482e2fa0f6f:c971, 0f15f03e-3179-4fc8-ac54-a24fe3c72555:c969, 11ea7e38-68de-49e0-a413-0aa394144289:c969]
2019-07-09 08:41:54,532 INFO  client.GrpcClientProtocolClient (GrpcClientProtocolClient.java:onNext(255)) - client-E42F58674560->3a39c983-6986-4da8-95c7-9482e2fa0f6f: receive RaftClientReply:client-E42F58674560->3a39c983-6986-4da8-95c7-9482e2fa0f6f@group-5E4216B2975C, cid=764, SUCCESS, logIndex=971, commits[3a39c983-6986-4da8-95c7-9482e2fa0f6f:c971, 0f15f03e-3179-4fc8-ac54-a24fe3c72555:c969, 11ea7e38-68de-49e0-a413-0aa394144289:c969]
 0.00% |█                                                                                                    |  0/1 Time: 0:00:022019-07-09 08:41:54,654 INFO  client.GrpcClientProtocolClient (GrpcClientProtocolClient.java:onNext(255)) - client-E42F58674560->3a39c983-6986-4da8-95c7-9482e2fa0f6f: receive RaftClientReply:client-E42F58674560->3a39c983-6986-4da8-95c7-9482e2fa0f6f@group-5E4216B2975C, cid=765, SUCCESS, logIndex=974, commits[3a39c983-6986-4da8-95c7-9482e2fa0f6f:c975, 0f15f03e-3179-4fc8-ac54-a24fe3c72555:c972, 11ea7e38-68de-49e0-a413-0aa394144289:c972]
2019-07-09 08:41:54,655 INFO  client.GrpcClientProtocolClient (GrpcClientProtocolClient.java:onNext(255)) - client-E42F58674560->3a39c983-6986-4da8-95c7-9482e2fa0f6f: receive RaftClientReply:client-E42F58674560->3a39c983-6986-4da8-95c7-9482e2fa0f6f@group-5E4216B2975C, cid=766, SUCCESS, logIndex=975, commits[3a39c983-6986-4da8-95c7-9482e2fa0f6f:c975, 0f15f03e-3179-4fc8-ac54-a24fe3c72555:c972, 11ea7e38-68de-49e0-a413-0aa394144289:c972]
2019-07-09 08:41:54,665 INFO  client.GrpcClientProtocolClient (GrpcClientProtocolClient.java:onNext(255)) - client-E42F58674560->3a39c983-6986-4da8-95c7-9482e2fa0f6f: receive RaftClientReply:client-E42F58674560->3a39c983-6986-4da8-95c7-9482e2fa0f6f@group-5E4216B2975C, cid=767, SUCCESS, logIndex=0, commits[3a39c983-6986-4da8-95c7-9482e2fa0f6f:c977, 0f15f03e-3179-4fc8-ac54-a24fe3c72555:c975, 11ea7e38-68de-49e0-a413-0aa394144289:c975]
2019-07-09 08:41:54,690 INFO  client.GrpcClientProtocolClient (GrpcClientProtocolClient.java:onNext(255)) - client-E42F58674560->3a39c983-6986-4da8-95c7-9482e2fa0f6f: receive RaftClientReply:client-E42F58674560->3a39c983-6986-4da8-95c7-9482e2fa0f6f@group-5E4216B2975C, cid=768, SUCCESS, logIndex=978, commits[3a39c983-6986-4da8-95c7-9482e2fa0f6f:c979, 0f15f03e-3179-4fc8-ac54-a24fe3c72555:c977, 11ea7e38-68de-49e0-a413-0aa394144289:c977]
2019-07-09 08:41:54,691 INFO  client.GrpcClientProtocolClient (GrpcClientProtocolClient.java:onNext(255)) - client-E42F58674560->3a39c983-6986-4da8-95c7-9482e2fa0f6f: receive RaftClientReply:client-E42F58674560->3a39c983-6986-4da8-95c7-9482e2fa0f6f@group-5E4216B2975C, cid=769, SUCCESS, logIndex=979, commits[3a39c983-6986-4da8-95c7-9482e2fa0f6f:c981, 0f15f03e-3179-4fc8-ac54-a24fe3c72555:c977, 11ea7e38-68de-49e0-a413-0aa394144289:c977]
2019-07-09 08:41:54,691 INFO  client.GrpcClientProtocolClient (GrpcClientProtocolClient.java:onNext(255)) - client-E42F58674560->3a39c983-6986-4da8-95c7-9482e2fa0f6f: receive RaftClientReply:client-E42F58674560->3a39c983-6986-4da8-95c7-9482e2fa0f6f@group-5E4216B2975C, cid=770, SUCCESS, logIndex=980, commits[3a39c983-6986-4da8-95c7-9482e2fa0f6f:c981, 0f15f03e-3179-4fc8-ac54-a24fe3c72555:c977, 11ea7e38-68de-49e0-a413-0aa394144289:c977]
2019-07-09 08:41:54,692 INFO  client.GrpcClientProtocolClient (GrpcClientProtocolClient.java:onNext(255)) - client-E42F58674560->3a39c983-6986-4da8-95c7-9482e2fa0f6f: receive RaftClientReply:client-E42F58674560->3a39c983-6986-4da8-95c7-9482e2fa0f6f@group-5E4216B2975C, cid=771, SUCCESS, logIndex=981, commits[3a39c983-6986-4da8-95c7-9482e2fa0f6f:c981, 0f15f03e-3179-4fc8-ac54-a24fe3c72555:c977, 11ea7e38-68de-49e0-a413-0aa394144289:c977]
2019-07-09 08:41:54,693 INFO  client.GrpcClientProtocolClient (GrpcClientProtocolClient.java:onNext(255)) - client-E42F58674560->3a39c983-6986-4da8-95c7-9482e2fa0f6f: receive RaftClientReply:client-E42F58674560->3a39c983-6986-4da8-95c7-9482e2fa0f6f@group-5E4216B2975C, cid=772, SUCCESS, logIndex=0, commits[3a39c983-6986-4da8-95c7-9482e2fa0f6f:c985, 0f15f03e-3179-4fc8-ac54-a24fe3c72555:c981, 11ea7e38-68de-49e0-a413-0aa394144289:c981]
2019-07-09 08:41:54,716 INFO  client.GrpcClientProtocolClient (GrpcClientProtocolClient.java:onNext(255)) - client-E42F58674560->3a39c983-6986-4da8-95c7-9482e2fa0f6f: receive RaftClientReply:client-E42F58674560->3a39c983-6986-4da8-95c7-9482e2fa0f6f@group-5E4216B2975C, cid=773, SUCCESS, logIndex=986, commits[3a39c983-6986-4da8-95c7-9482e2fa0f6f:c987, 0f15f03e-3179-4fc8-ac54-a24fe3c72555:c985, 11ea7e38-68de-49e0-a413-0aa394144289:c985]
2019-07-09 08:41:54,716 INFO  client.GrpcClientProtocolClient (GrpcClientProtocolClient.java:onNext(255)) - client-E42F58674560->3a39c983-6986-4da8-95c7-9482e2fa0f6f: receive RaftClientReply:client-E42F58674560->3a39c983-6986-4da8-95c7-9482e2fa0f6f@group-5E4216B2975C, cid=774, SUCCESS, logIndex=987, commits[3a39c983-6986-4da8-95c7-9482e2fa0f6f:c987, 0f15f03e-3179-4fc8-ac54-a24fe3c72555:c985, 11ea7e38-68de-49e0-a413-0aa394144289:c985]
2019-07-09 08:41:54,729 INFO  client.GrpcClientProtocolClient (GrpcClientProtocolClient.java:onNext(255)) - client-E42F58674560->3a39c983-6986-4da8-95c7-9482e2fa0f6f: receive RaftClientReply:client-E42F58674560->3a39c983-6986-4da8-95c7-9482e2fa0f6f@group-5E4216B2975C, cid=775, SUCCESS, logIndex=990, commits[3a39c983-6986-4da8-95c7-9482e2fa0f6f:c991, 0f15f03e-3179-4fc8-ac54-a24fe3c72555:c987, 11ea7e38-68de-49e0-a413-0aa394144289:c987]
2019-07-09 08:41:54,730 INFO  client.GrpcClientProtocolClient (GrpcClientProtocolClient.java:onNext(255)) - client-E42F58674560->3a39c983-6986-4da8-95c7-9482e2fa0f6f: receive RaftClientReply:client-E42F58674560->3a39c983-6986-4da8-95c7-9482e2fa0f6f@group-5E4216B2975C, cid=776, SUCCESS, logIndex=991, commits[3a39c983-6986-4da8-95c7-9482e2fa0f6f:c991, 0f15f03e-3179-4fc8-ac54-a24fe3c72555:c987, 11ea7e38-68de-49e0-a413-0aa394144289:c987]
2019-07-09 08:41:54,731 INFO  client.GrpcClientProtocolClient (GrpcClientProtocolClient.java:onNext(255)) - client-E42F58674560->3a39c983-6986-4da8-95c7-9482e2fa0f6f: receive RaftClientReply:client-E42F58674560->3a39c983-6986-4da8-95c7-9482e2fa0f6f@group-5E4216B2975C, cid=777, SUCCESS, logIndex=0, commits[3a39c983-6986-4da8-95c7-9482e2fa0f6f:c992, 0f15f03e-3179-4fc8-ac54-a24fe3c72555:c991, 11ea7e38-68de-49e0-a413-0aa394144289:c991]
2019-07-09 08:41:54,754 INFO  client.GrpcClientProtocolClient (GrpcClientProtocolClient.java:onNext(255)) - client-E42F58674560->3a39c983-6986-4da8-95c7-9482e2fa0f6f: receive RaftClientReply:client-E42F58674560->3a39c983-6986-4da8-95c7-9482e2fa0f6f@group-5E4216B2975C, cid=778, SUCCESS, logIndex=994, commits[3a39c983-6986-4da8-95c7-9482e2fa0f6f:c995, 0f15f03e-3179-4fc8-ac54-a24fe3c72555:c993, 11ea7e38-68de-49e0-a413-0aa394144289:c993]
2019-07-09 08:41:54,755 INFO  client.GrpcClientProtocolClient (GrpcClientProtocolClient.java:onNext(255)) - client-E42F58674560->3a39c983-6986-4da8-95c7-9482e2fa0f6f: receive RaftClientReply:client-E42F58674560->3a39c983-6986-4da8-95c7-9482e2fa0f6f@group-5E4216B2975C, cid=779, SUCCESS, logIndex=995, commits[3a39c983-6986-4da8-95c7-9482e2fa0f6f:c995, 0f15f03e-3179-4fc8-ac54-a24fe3c72555:c993, 11ea7e38-68de-49e0-a413-0aa394144289:c993]
2019-07-09 08:41:54,756 INFO  client.GrpcClientProtocolClient (GrpcClientProtocolClient.java:onNext(255)) - client-E42F58674560->3a39c983-6986-4da8-95c7-9482e2fa0f6f: receive RaftClientReply:client-E42F58674560->3a39c983-6986-4da8-95c7-9482e2fa0f6f@group-5E4216B2975C, cid=780, SUCCESS, logIndex=996, commits[3a39c983-6986-4da8-95c7-9482e2fa0f6f:c999, 0f15f03e-3179-4fc8-ac54-a24fe3c72555:c995, 11ea7e38-68de-49e0-a413-0aa394144289:c993]
2019-07-09 08:41:54,757 INFO  client.GrpcClientProtocolClient (GrpcClientProtocolClient.java:onNext(255)) - client-E42F58674560->3a39c983-6986-4da8-95c7-9482e2fa0f6f: receive RaftClientReply:client-E42F58674560->3a39c983-6986-4da8-95c7-9482e2fa0f6f@group-5E4216B2975C, cid=781, SUCCESS, logIndex=997, commits[3a39c983-6986-4da8-95c7-9482e2fa0f6f:c999, 0f15f03e-3179-4fc8-ac54-a24fe3c72555:c995, 11ea7e38-68de-49e0-a413-0aa394144289:c993]
2019-07-09 08:41:54,758 INFO  client.GrpcClientProtocolClient (GrpcClientProtocolClient.java:onNext(255)) - client-E42F58674560->3a39c983-6986-4da8-95c7-9482e2fa0f6f: receive RaftClientReply:client-E42F58674560->3a39c983-6986-4da8-95c7-9482e2fa0f6f@group-5E4216B2975C, cid=782, SUCCESS, logIndex=0, commits[3a39c983-6986-4da8-95c7-9482e2fa0f6f:c1001, 0f15f03e-3179-4fc8-ac54-a24fe3c72555:c997, 11ea7e38-68de-49e0-a413-0aa394144289:c995]
2019-07-09 08:41:54,771 INFO  client.GrpcClientProtocolClient (GrpcClientProtocolClient.java:onNext(255)) - client-E42F58674560->3a39c983-6986-4da8-95c7-9482e2fa0f6f: receive RaftClientReply:client-E42F58674560->3a39c983-6986-4da8-95c7-9482e2fa0f6f@group-5E4216B2975C, cid=783, SUCCESS, logIndex=1002, commits[3a39c983-6986-4da8-95c7-9482e2fa0f6f:c1003, 0f15f03e-3179-4fc8-ac54-a24fe3c72555:c1001, 11ea7e38-68de-49e0-a413-0aa394144289:c997]
2019-07-09 08:41:54,771 INFO  client.GrpcClientProtocolClient (GrpcClientProtocolClient.java:onNext(255)) - client-E42F58674560->3a39c983-6986-4da8-95c7-9482e2fa0f6f: receive RaftClientReply:client-E42F58674560->3a39c983-6986-4da8-95c7-9482e2fa0f6f@group-5E4216B2975C, cid=784, SUCCESS, logIndex=1003, commits[3a39c983-6986-4da8-95c7-9482e2fa0f6f:c1003, 0f15f03e-3179-4fc8-ac54-a24fe3c72555:c1001, 11ea7e38-68de-49e0-a413-0aa394144289:c1001]
2019-07-09 08:41:54,791 INFO  client.GrpcClientProtocolClient (GrpcClientProtocolClient.java:onNext(255)) - client-E42F58674560->3a39c983-6986-4da8-95c7-9482e2fa0f6f: receive RaftClientReply:client-E42F58674560->3a39c983-6986-4da8-95c7-9482e2fa0f6f@group-5E4216B2975C, cid=785, SUCCESS, logIndex=1006, commits[3a39c983-6986-4da8-95c7-9482e2fa0f6f:c1007, 0f15f03e-3179-4fc8-ac54-a24fe3c72555:c1005, 11ea7e38-68de-49e0-a413-0aa394144289:c1005]
2019-07-09 08:41:54,791 INFO  client.GrpcClientProtocolClient (GrpcClientProtocolClient.java:onNext(255)) - client-E42F58674560->3a39c983-6986-4da8-95c7-9482e2fa0f6f: receive RaftClientReply:client-E42F58674560->3a39c983-6986-4da8-95c7-9482e2fa0f6f@group-5E4216B2975C, cid=786, SUCCESS, logIndex=1007, commits[3a39c983-6986-4da8-95c7-9482e2fa0f6f:c1007, 0f15f03e-3179-4fc8-ac54-a24fe3c72555:c1005, 11ea7e38-68de-49e0-a413-0aa394144289:c1005]
2019-07-09 08:41:54,803 INFO  client.GrpcClientProtocolClient (GrpcClientProtocolClient.java:onNext(255)) - client-E42F58674560->3a39c983-6986-4da8-95c7-9482e2fa0f6f: receive RaftClientReply:client-E42F58674560->3a39c983-6986-4da8-95c7-9482e2fa0f6f@group-5E4216B2975C, cid=787, SUCCESS, logIndex=0, commits[3a39c983-6986-4da8-95c7-9482e2fa0f6f:c1009, 0f15f03e-3179-4fc8-ac54-a24fe3c72555:c1007, 11ea7e38-68de-49e0-a413-0aa394144289:c1007]
2019-07-09 08:41:54,825 INFO  client.GrpcClientProtocolClient (GrpcClientProtocolClient.java:onNext(255)) - client-E42F58674560->3a39c983-6986-4da8-95c7-9482e2fa0f6f: receive RaftClientReply:client-E42F58674560->3a39c983-6986-4da8-95c7-9482e2fa0f6f@group-5E4216B2975C, cid=788, SUCCESS, logIndex=1010, commits[3a39c983-6986-4da8-95c7-9482e2fa0f6f:c1011, 0f15f03e-3179-4fc8-ac54-a24fe3c72555:c1009, 11ea7e38-68de-49e0-a413-0aa394144289:c1009]
2019-07-09 08:41:54,825 INFO  client.GrpcClientProtocolClient (GrpcClientProtocolClient.java:onNext(255)) - client-E42F58674560->3a39c983-6986-4da8-95c7-9482e2fa0f6f: receive RaftClientReply:client-E42F58674560->3a39c983-6986-4da8-95c7-9482e2fa0f6f@group-5E4216B2975C, cid=789, SUCCESS, logIndex=1011, commits[3a39c983-6986-4da8-95c7-9482e2fa0f6f:c1011, 0f15f03e-3179-4fc8-ac54-a24fe3c72555:c1009, 11ea7e38-68de-49e0-a413-0aa394144289:c1009]
2019-07-09 08:41:54,836 INFO  client.GrpcClientProtocolClient (GrpcClientProtocolClient.java:onNext(255)) - client-E42F58674560->3a39c983-6986-4da8-95c7-9482e2fa0f6f: receive RaftClientReply:client-E42F58674560->3a39c983-6986-4da8-95c7-9482e2fa0f6f@group-5E4216B2975C, cid=790, SUCCESS, logIndex=1012, commits[3a39c983-6986-4da8-95c7-9482e2fa0f6f:c1013, 0f15f03e-3179-4fc8-ac54-a24fe3c72555:c1009, 11ea7e38-68de-49e0-a413-0aa394144289:c1009]
2019-07-09 08:41:54,836 INFO  client.GrpcClientProtocolClient (GrpcClientProtocolClient.java:onNext(255)) - client-E42F58674560->3a39c983-6986-4da8-95c7-9482e2fa0f6f: receive RaftClientReply:client-E42F58674560->3a39c983-6986-4da8-95c7-9482e2fa0f6f@group-5E4216B2975C, cid=791, SUCCESS, logIndex=1013, commits[3a39c983-6986-4da8-95c7-9482e2fa0f6f:c1013, 0f15f03e-3179-4fc8-ac54-a24fe3c72555:c1009, 11ea7e38-68de-49e0-a413-0aa394144289:c1009]
2019-07-09 08:41:54,838 INFO  client.GrpcClientProtocolClient (GrpcClientProtocolClient.java:onNext(255)) - client-E42F58674560->3a39c983-6986-4da8-95c7-9482e2fa0f6f: receive RaftClientReply:client-E42F58674560->3a39c983-6986-4da8-95c7-9482e2fa0f6f@group-5E4216B2975C, cid=792, SUCCESS, logIndex=0, commits[3a39c983-6986-4da8-95c7-9482e2fa0f6f:c1017, 0f15f03e-3179-4fc8-ac54-a24fe3c72555:c1011, 11ea7e38-68de-49e0-a413-0aa394144289:c1013]
2019-07-09 08:41:54,858 INFO  client.GrpcClientProtocolClient (GrpcClientProtocolClient.java:onNext(255)) - client-E42F58674560->3a39c983-6986-4da8-95c7-9482e2fa0f6f: receive RaftClientReply:client-E42F58674560->3a39c983-6986-4da8-95c7-9482e2fa0f6f@group-5E4216B2975C, cid=793, SUCCESS, logIndex=1018, commits[3a39c983-6986-4da8-95c7-9482e2fa0f6f:c1019, 0f15f03e-3179-4fc8-ac54-a24fe3c72555:c1017, 11ea7e38-68de-49e0-a413-0aa394144289:c1017]
2019-07-09 08:41:54,858 INFO  client.GrpcClientProtocolClient (GrpcClientProtocolClient.java:onNext(255)) - client-E42F58674560->3a39c983-6986-4da8-95c7-9482e2fa0f6f: receive RaftClientReply:client-E42F58674560->3a39c983-6986-4da8-95c7-9482e2fa0f6f@group-5E4216B2975C, cid=794, SUCCESS, logIndex=1019, commits[3a39c983-6986-4da8-95c7-9482e2fa0f6f:c1019, 0f15f03e-3179-4fc8-ac54-a24fe3c72555:c1017, 11ea7e38-68de-49e0-a413-0aa394144289:c1017]
2019-07-09 08:41:54,871 INFO  client.GrpcClientProtocolClient (GrpcClientProtocolClient.java:onNext(255)) - client-E42F58674560->3a39c983-6986-4da8-95c7-9482e2fa0f6f: receive RaftClientReply:client-E42F58674560->3a39c983-6986-4da8-95c7-9482e2fa0f6f@group-5E4216B2975C, cid=795, SUCCESS, logIndex=1022, commits[3a39c983-6986-4da8-95c7-9482e2fa0f6f:c1023, 0f15f03e-3179-4fc8-ac54-a24fe3c72555:c1021, 11ea7e38-68de-49e0-a413-0aa394144289:c1019]
2019-07-09 08:41:54,871 INFO  client.GrpcClientProtocolClient (GrpcClientProtocolClient.java:onNext(255)) - client-E42F58674560->3a39c983-6986-4da8-95c7-9482e2fa0f6f: receive RaftClientReply:client-E42F58674560->3a39c983-6986-4da8-95c7-9482e2fa0f6f@group-5E4216B2975C, cid=796, SUCCESS, logIndex=1023, commits[3a39c983-6986-4da8-95c7-9482e2fa0f6f:c1023, 0f15f03e-3179-4fc8-ac54-a24fe3c72555:c1021, 11ea7e38-68de-49e0-a413-0aa394144289:c1021]
2019-07-09 08:41:54,875 INFO  client.GrpcClientProtocolClient (GrpcClientProtocolClient.java:onNext(255)) - client-E42F58674560->3a39c983-6986-4da8-95c7-9482e2fa0f6f: receive RaftClientReply:client-E42F58674560->3a39c983-6986-4da8-95c7-9482e2fa0f6f@group-5E4216B2975C, cid=797, SUCCESS, logIndex=0, commits[3a39c983-6986-4da8-95c7-9482e2fa0f6f:c1025, 0f15f03e-3179-4fc8-ac54-a24fe3c72555:c1023, 11ea7e38-68de-49e0-a413-0aa394144289:c1023]
2019-07-09 08:41:54,888 INFO  client.GrpcClientProtocolClient (GrpcClientProtocolClient.java:onNext(255)) - client-E42F58674560->3a39c983-6986-4da8-95c7-9482e2fa0f6f: receive RaftClientReply:client-E42F58674560->3a39c983-6986-4da8-95c7-9482e2fa0f6f@group-5E4216B2975C, cid=798, SUCCESS, logIndex=1026, commits[3a39c983-6986-4da8-95c7-9482e2fa0f6f:c1027, 0f15f03e-3179-4fc8-ac54-a24fe3c72555:c1025, 11ea7e38-68de-49e0-a413-0aa394144289:c1025]
2019-07-09 08:41:54,889 INFO  client.GrpcClientProtocolClient (GrpcClientProtocolClient.java:onNext(255)) - client-E42F58674560->3a39c983-6986-4da8-95c7-9482e2fa0f6f: receive RaftClientReply:client-E42F58674560->3a39c983-6986-4da8-95c7-9482e2fa0f6f@group-5E4216B2975C, cid=799, SUCCESS, logIndex=1027, commits[3a39c983-6986-4da8-95c7-9482e2fa0f6f:c1027, 0f15f03e-3179-4fc8-ac54-a24fe3c72555:c1025, 11ea7e38-68de-49e0-a413-0aa394144289:c1025]
2019-07-09 08:41:54,891 INFO  client.GrpcClientProtocolClient (GrpcClientProtocolClient.java:onNext(255)) - client-E42F58674560->3a39c983-6986-4da8-95c7-9482e2fa0f6f: receive RaftClientReply:client-E42F58674560->3a39c983-6986-4da8-95c7-9482e2fa0f6f@group-5E4216B2975C, cid=800, SUCCESS, logIndex=1028, commits[3a39c983-6986-4da8-95c7-9482e2fa0f6f:c1030, 0f15f03e-3179-4fc8-ac54-a24fe3c72555:c1025, 11ea7e38-68de-49e0-a413-0aa394144289:c1027]
2019-07-09 08:41:54,891 INFO  client.GrpcClientProtocolClient (GrpcClientProtocolClient.java:onNext(255)) - client-E42F58674560->3a39c983-6986-4da8-95c7-9482e2fa0f6f: receive RaftClientReply:client-E42F58674560->3a39c983-6986-4da8-95c7-9482e2fa0f6f@group-5E4216B2975C, cid=801, SUCCESS, logIndex=1029, commits[3a39c983-6986-4da8-95c7-9482e2fa0f6f:c1031, 0f15f03e-3179-4fc8-ac54-a24fe3c72555:c1025, 11ea7e38-68de-49e0-a413-0aa394144289:c1027]
2019-07-09 08:41:54,892 INFO  client.GrpcClientProtocolClient (GrpcClientProtocolClient.java:onNext(255)) - client-E42F58674560->3a39c983-6986-4da8-95c7-9482e2fa0f6f: receive RaftClientReply:client-E42F58674560->3a39c983-6986-4da8-95c7-9482e2fa0f6f@group-5E4216B2975C, cid=802, SUCCESS, logIndex=0, commits[3a39c983-6986-4da8-95c7-9482e2fa0f6f:c1031, 0f15f03e-3179-4fc8-ac54-a24fe3c72555:c1027, 11ea7e38-68de-49e0-a413-0aa394144289:c1027]
2019-07-09 08:41:54,905 INFO  client.GrpcClientProtocolClient (GrpcClientProtocolClient.java:onNext(255)) - client-E42F58674560->3a39c983-6986-4da8-95c7-9482e2fa0f6f: receive RaftClientReply:client-E42F58674560->3a39c983-6986-4da8-95c7-9482e2fa0f6f@group-5E4216B2975C, cid=803, SUCCESS, logIndex=1034, commits[3a39c983-6986-4da8-95c7-9482e2fa0f6f:c1035, 0f15f03e-3179-4fc8-ac54-a24fe3c72555:c1033, 11ea7e38-68de-49e0-a413-0aa394144289:c1033]
2019-07-09 08:41:54,905 INFO  client.GrpcClientProtocolClient (GrpcClientProtocolClient.java:onNext(255)) - client-E42F58674560->3a39c983-6986-4da8-95c7-9482e2fa0f6f: receive RaftClientReply:client-E42F58674560->3a39c983-6986-4da8-95c7-9482e2fa0f6f@group-5E4216B2975C, cid=804, SUCCESS, logIndex=1035, commits[3a39c983-6986-4da8-95c7-9482e2fa0f6f:c1035, 0f15f03e-3179-4fc8-ac54-a24fe3c72555:c1033, 11ea7e38-68de-49e0-a413-0aa394144289:c1033]
2019-07-09 08:41:54,930 INFO  client.GrpcClientProtocolClient (GrpcClientProtocolClient.java:onNext(255)) - client-E42F58674560->3a39c983-6986-4da8-95c7-9482e2fa0f6f: receive RaftClientReply:client-E42F58674560->3a39c983-6986-4da8-95c7-9482e2fa0f6f@group-5E4216B2975C, cid=805, SUCCESS, logIndex=1038, commits[3a39c983-6986-4da8-95c7-9482e2fa0f6f:c1039, 0f15f03e-3179-4fc8-ac54-a24fe3c72555:c1037, 11ea7e38-68de-49e0-a413-0aa394144289:c1037]
2019-07-09 08:41:54,931 INFO  client.GrpcClientProtocolClient (GrpcClientProtocolClient.java:onNext(255)) - client-E42F58674560->3a39c983-6986-4da8-95c7-9482e2fa0f6f: receive RaftClientReply:client-E42F58674560->3a39c983-6986-4da8-95c7-9482e2fa0f6f@group-5E4216B2975C, cid=806, SUCCESS, logIndex=1039, commits[3a39c983-6986-4da8-95c7-9482e2fa0f6f:c1039, 0f15f03e-3179-4fc8-ac54-a24fe3c72555:c1037, 11ea7e38-68de-49e0-a413-0aa394144289:c1037]
2019-07-09 08:41:54,943 INFO  client.GrpcClientProtocolClient (GrpcClientProtocolClient.java:onNext(255)) - client-E42F58674560->3a39c983-6986-4da8-95c7-9482e2fa0f6f: receive RaftClientReply:client-E42F58674560->3a39c983-6986-4da8-95c7-9482e2fa0f6f@group-5E4216B2975C, cid=807, SUCCESS, logIndex=0, commits[3a39c983-6986-4da8-95c7-9482e2fa0f6f:c1041, 0f15f03e-3179-4fc8-ac54-a24fe3c72555:c1039, 11ea7e38-68de-49e0-a413-0aa394144289:c1039]
2019-07-09 08:41:54,969 INFO  client.GrpcClientProtocolClient (GrpcClientProtocolClient.java:onNext(255)) - client-E42F58674560->3a39c983-6986-4da8-95c7-9482e2fa0f6f: receive RaftClientReply:client-E42F58674560->3a39c983-6986-4da8-95c7-9482e2fa0f6f@group-5E4216B2975C, cid=808, SUCCESS, logIndex=1042, commits[3a39c983-6986-4da8-95c7-9482e2fa0f6f:c1043, 0f15f03e-3179-4fc8-ac54-a24fe3c72555:c1041, 11ea7e38-68de-49e0-a413-0aa394144289:c1041]
2019-07-09 08:41:54,969 INFO  client.GrpcClientProtocolClient (GrpcClientProtocolClient.java:onNext(255)) - client-E42F58674560->3a39c983-6986-4da8-95c7-9482e2fa0f6f: receive RaftClientReply:client-E42F58674560->3a39c983-6986-4da8-95c7-9482e2fa0f6f@group-5E4216B2975C, cid=809, SUCCESS, logIndex=1043, commits[3a39c983-6986-4da8-95c7-9482e2fa0f6f:c1045, 0f15f03e-3179-4fc8-ac54-a24fe3c72555:c1041, 11ea7e38-68de-49e0-a413-0aa394144289:c1041]
2019-07-09 08:41:54,970 INFO  client.GrpcClientProtocolClient (GrpcClientProtocolClient.java:onNext(255)) - client-E42F58674560->3a39c983-6986-4da8-95c7-9482e2fa0f6f: receive RaftClientReply:client-E42F58674560->3a39c983-6986-4da8-95c7-9482e2fa0f6f@group-5E4216B2975C, cid=810, SUCCESS, logIndex=1044, commits[3a39c983-6986-4da8-95c7-9482e2fa0f6f:c1045, 0f15f03e-3179-4fc8-ac54-a24fe3c72555:c1041, 11ea7e38-68de-49e0-a413-0aa394144289:c1041]
2019-07-09 08:41:54,971 INFO  client.GrpcClientProtocolClient (GrpcClientProtocolClient.java:onNext(255)) - client-E42F58674560->3a39c983-6986-4da8-95c7-9482e2fa0f6f: receive RaftClientReply:client-E42F58674560->3a39c983-6986-4da8-95c7-9482e2fa0f6f@group-5E4216B2975C, cid=811, SUCCESS, logIndex=1045, commits[3a39c983-6986-4da8-95c7-9482e2fa0f6f:c1045, 0f15f03e-3179-4fc8-ac54-a24fe3c72555:c1043, 11ea7e38-68de-49e0-a413-0aa394144289:c1041]
2019-07-09 08:41:54,972 INFO  client.GrpcClientProtocolClient (GrpcClientProtocolClient.java:onNext(255)) - client-E42F58674560->3a39c983-6986-4da8-95c7-9482e2fa0f6f: receive RaftClientReply:client-E42F58674560->3a39c983-6986-4da8-95c7-9482e2fa0f6f@group-5E4216B2975C, cid=812, SUCCESS, logIndex=0, commits[3a39c983-6986-4da8-95c7-9482e2fa0f6f:c1049, 0f15f03e-3179-4fc8-ac54-a24fe3c72555:c1045, 11ea7e38-68de-49e0-a413-0aa394144289:c1045]
2019-07-09 08:41:54,991 INFO  client.GrpcClientProtocolClient (GrpcClientProtocolClient.java:onNext(255)) - client-E42F58674560->3a39c983-6986-4da8-95c7-9482e2fa0f6f: receive RaftClientReply:client-E42F58674560->3a39c983-6986-4da8-95c7-9482e2fa0f6f@group-5E4216B2975C, cid=813, SUCCESS, logIndex=1050, commits[3a39c983-6986-4da8-95c7-9482e2fa0f6f:c1051, 0f15f03e-3179-4fc8-ac54-a24fe3c72555:c1049, 11ea7e38-68de-49e0-a413-0aa394144289:c1049]
2019-07-09 08:41:54,992 INFO  client.GrpcClientProtocolClient (GrpcClientProtocolClient.java:onNext(255)) - client-E42F58674560->3a39c983-6986-4da8-95c7-9482e2fa0f6f: receive RaftClientReply:client-E42F58674560->3a39c983-6986-4da8-95c7-9482e2fa0f6f@group-5E4216B2975C, cid=814, SUCCESS, logIndex=1051, commits[3a39c983-6986-4da8-95c7-9482e2fa0f6f:c1051, 0f15f03e-3179-4fc8-ac54-a24fe3c72555:c1049, 11ea7e38-68de-49e0-a413-0aa394144289:c1049]
2019-07-09 08:41:55,005 INFO  client.GrpcClientProtocolClient (GrpcClientProtocolClient.java:onNext(255)) - client-E42F58674560->3a39c983-6986-4da8-95c7-9482e2fa0f6f: receive RaftClientReply:client-E42F58674560->3a39c983-6986-4da8-95c7-9482e2fa0f6f@group-5E4216B2975C, cid=815, SUCCESS, logIndex=1054, commits[3a39c983-6986-4da8-95c7-9482e2fa0f6f:c1055, 0f15f03e-3179-4fc8-ac54-a24fe3c72555:c1051, 11ea7e38-68de-49e0-a413-0aa394144289:c1051]
2019-07-09 08:41:55,005 INFO  client.GrpcClientProtocolClient (GrpcClientProtocolClient.java:onNext(255)) - client-E42F58674560->3a39c983-6986-4da8-95c7-9482e2fa0f6f: receive RaftClientReply:client-E42F58674560->3a39c983-6986-4da8-95c7-9482e2fa0f6f@group-5E4216B2975C, cid=816, SUCCESS, logIndex=1055, commits[3a39c983-6986-4da8-95c7-9482e2fa0f6f:c1055, 0f15f03e-3179-4fc8-ac54-a24fe3c72555:c1051, 11ea7e38-68de-49e0-a413-0aa394144289:c1051]
2019-07-09 08:41:55,016 INFO  client.GrpcClientProtocolClient (GrpcClientProtocolClient.java:onNext(255)) - client-E42F58674560->3a39c983-6986-4da8-95c7-9482e2fa0f6f: receive RaftClientReply:client-E42F58674560->3a39c983-6986-4da8-95c7-9482e2fa0f6f@group-5E4216B2975C, cid=817, SUCCESS, logIndex=0, commits[3a39c983-6986-4da8-95c7-9482e2fa0f6f:c1056, 0f15f03e-3179-4fc8-ac54-a24fe3c72555:c1055, 11ea7e38-68de-49e0-a413-0aa394144289:c1055]
2019-07-09 08:41:55,037 INFO  client.GrpcClientProtocolClient (GrpcClientProtocolClient.java:onNext(255)) - client-E42F58674560->3a39c983-6986-4da8-95c7-9482e2fa0f6f: receive RaftClientReply:client-E42F58674560->3a39c983-6986-4da8-95c7-9482e2fa0f6f@group-5E4216B2975C, cid=818, SUCCESS, logIndex=1058, commits[3a39c983-6986-4da8-95c7-9482e2fa0f6f:c1059, 0f15f03e-3179-4fc8-ac54-a24fe3c72555:c1057, 11ea7e38-68de-49e0-a413-0aa394144289:c1057]
2019-07-09 08:41:55,038 INFO  client.GrpcClientProtocolClient (GrpcClientProtocolClient.java:onNext(255)) - client-E42F58674560->3a39c983-6986-4da8-95c7-9482e2fa0f6f: receive RaftClientReply:client-E42F58674560->3a39c983-6986-4da8-95c7-9482e2fa0f6f@group-5E4216B2975C, cid=819, SUCCESS, logIndex=1059, commits[3a39c983-6986-4da8-95c7-9482e2fa0f6f:c1059, 0f15f03e-3179-4fc8-ac54-a24fe3c72555:c1057, 11ea7e38-68de-49e0-a413-0aa394144289:c1057]
2019-07-09 08:41:55,038 INFO  client.GrpcClientProtocolClient (GrpcClientProtocolClient.java:onNext(255)) - client-E42F58674560->3a39c983-6986-4da8-95c7-9482e2fa0f6f: receive RaftClientReply:client-E42F58674560->3a39c983-6986-4da8-95c7-9482e2fa0f6f@group-5E4216B2975C, cid=820, SUCCESS, logIndex=1060, commits[3a39c983-6986-4da8-95c7-9482e2fa0f6f:c1061, 0f15f03e-3179-4fc8-ac54-a24fe3c72555:c1057, 11ea7e38-68de-49e0-a413-0aa394144289:c1057]
2019-07-09 08:41:55,038 INFO  client.GrpcClientProtocolClient (GrpcClientProtocolClient.java:onNext(255)) - client-E42F58674560->3a39c983-6986-4da8-95c7-9482e2fa0f6f: receive RaftClientReply:client-E42F58674560->3a39c983-6986-4da8-95c7-9482e2fa0f6f@group-5E4216B2975C, cid=821, SUCCESS, logIndex=1061, commits[3a39c983-6986-4da8-95c7-9482e2fa0f6f:c1061, 0f15f03e-3179-4fc8-ac54-a24fe3c72555:c1057, 11ea7e38-68de-49e0-a413-0aa394144289:c1057]
2019-07-09 08:41:55,040 INFO  client.GrpcClientProtocolClient (GrpcClientProtocolClient.java:onNext(255)) - client-E42F58674560->3a39c983-6986-4da8-95c7-9482e2fa0f6f: receive RaftClientReply:client-E42F58674560->3a39c983-6986-4da8-95c7-9482e2fa0f6f@group-5E4216B2975C, cid=822, SUCCESS, logIndex=0, commits[3a39c983-6986-4da8-95c7-9482e2fa0f6f:c1063, 0f15f03e-3179-4fc8-ac54-a24fe3c72555:c1059, 11ea7e38-68de-49e0-a413-0aa394144289:c1060]
2019-07-09 08:41:55,061 INFO  client.GrpcClientProtocolClient (GrpcClientProtocolClient.java:onNext(255)) - client-E42F58674560->3a39c983-6986-4da8-95c7-9482e2fa0f6f: receive RaftClientReply:client-E42F58674560->3a39c983-6986-4da8-95c7-9482e2fa0f6f@group-5E4216B2975C, cid=823, SUCCESS, logIndex=1066, commits[3a39c983-6986-4da8-95c7-9482e2fa0f6f:c1067, 0f15f03e-3179-4fc8-ac54-a24fe3c72555:c1065, 11ea7e38-68de-49e0-a413-0aa394144289:c1065]
2019-07-09 08:41:55,062 INFO  client.GrpcClientProtocolClient (GrpcClientProtocolClient.java:onNext(255)) - client-E42F58674560->3a39c983-6986-4da8-95c7-9482e2fa0f6f: receive RaftClientReply:client-E42F58674560->3a39c983-6986-4da8-95c7-9482e2fa0f6f@group-5E4216B2975C, cid=824, SUCCESS, logIndex=1067, commits[3a39c983-6986-4da8-95c7-9482e2fa0f6f:c1067, 0f15f03e-3179-4fc8-ac54-a24fe3c72555:c1065, 11ea7e38-68de-49e0-a413-0aa394144289:c1065]
2019-07-09 08:41:55,075 INFO  client.GrpcClientProtocolClient (GrpcClientProtocolClient.java:onNext(255)) - client-E42F58674560->3a39c983-6986-4da8-95c7-9482e2fa0f6f: receive RaftClientReply:client-E42F58674560->3a39c983-6986-4da8-95c7-9482e2fa0f6f@group-5E4216B2975C, cid=825, SUCCESS, logIndex=1070, commits[3a39c983-6986-4da8-95c7-9482e2fa0f6f:c1071, 0f15f03e-3179-4fc8-ac54-a24fe3c72555:c1067, 11ea7e38-68de-49e0-a413-0aa394144289:c1066]
2019-07-09 08:41:55,075 INFO  client.GrpcClientProtocolClient (GrpcClientProtocolClient.java:onNext(255)) - client-E42F58674560->3a39c983-6986-4da8-95c7-9482e2fa0f6f: receive RaftClientReply:client-E42F58674560->3a39c983-6986-4da8-95c7-9482e2fa0f6f@group-5E4216B2975C, cid=826, SUCCESS, logIndex=1071, commits[3a39c983-6986-4da8-95c7-9482e2fa0f6f:c1071, 0f15f03e-3179-4fc8-ac54-a24fe3c72555:c1067, 11ea7e38-68de-49e0-a413-0aa394144289:c1067]
2019-07-09 08:41:55,077 INFO  client.GrpcClientProtocolClient (GrpcClientProtocolClient.java:onNext(255)) - client-E42F58674560->3a39c983-6986-4da8-95c7-9482e2fa0f6f: receive RaftClientReply:client-E42F58674560->3a39c983-6986-4da8-95c7-9482e2fa0f6f@group-5E4216B2975C, cid=827, SUCCESS, logIndex=0, commits[3a39c983-6986-4da8-95c7-9482e2fa0f6f:c1072, 0f15f03e-3179-4fc8-ac54-a24fe3c72555:c1071, 11ea7e38-68de-49e0-a413-0aa394144289:c1071]
2019-07-09 08:41:55,097 INFO  client.GrpcClientProtocolClient (GrpcClientProtocolClient.java:onNext(255)) - client-E42F58674560->3a39c983-6986-4da8-95c7-9482e2fa0f6f: receive RaftClientReply:client-E42F58674560->3a39c983-6986-4da8-95c7-9482e2fa0f6f@group-5E4216B2975C, cid=828, SUCCESS, logIndex=1074, commits[3a39c983-6986-4da8-95c7-9482e2fa0f6f:c1075, 0f15f03e-3179-4fc8-ac54-a24fe3c72555:c1073, 11ea7e38-68de-49e0-a413-0aa394144289:c1073]
2019-07-09 08:41:55,098 INFO  client.GrpcClientProtocolClient (GrpcClientProtocolClient.java:onNext(255)) - client-E42F58674560->3a39c983-6986-4da8-95c7-9482e2fa0f6f: receive RaftClientReply:client-E42F58674560->3a39c983-6986-4da8-95c7-9482e2fa0f6f@group-5E4216B2975C, cid=829, SUCCESS, logIndex=1075, commits[3a39c983-6986-4da8-95c7-9482e2fa0f6f:c1077, 0f15f03e-3179-4fc8-ac54-a24fe3c72555:c1073, 11ea7e38-68de-49e0-a413-0aa394144289:c1073]
2019-07-09 08:41:55,098 INFO  client.GrpcClientProtocolClient (GrpcClientProtocolClient.java:onNext(255)) - client-E42F58674560->3a39c983-6986-4da8-95c7-9482e2fa0f6f: receive RaftClientReply:client-E42F58674560->3a39c983-6986-4da8-95c7-9482e2fa0f6f@group-5E4216B2975C, cid=830, SUCCESS, logIndex=1076, commits[3a39c983-6986-4da8-95c7-9482e2fa0f6f:c1077, 0f15f03e-3179-4fc8-ac54-a24fe3c72555:c1073, 11ea7e38-68de-49e0-a413-0aa394144289:c1073]
2019-07-09 08:41:55,099 INFO  client.GrpcClientProtocolClient (GrpcClientProtocolClient.java:onNext(255)) - client-E42F58674560->3a39c983-6986-4da8-95c7-9482e2fa0f6f: receive RaftClientReply:client-E42F58674560->3a39c983-6986-4da8-95c7-9482e2fa0f6f@group-5E4216B2975C, cid=831, SUCCESS, logIndex=1077, commits[3a39c983-6986-4da8-95c7-9482e2fa0f6f:c1077, 0f15f03e-3179-4fc8-ac54-a24fe3c72555:c1073, 11ea7e38-68de-49e0-a413-0aa394144289:c1075]
2019-07-09 08:41:55,100 INFO  client.GrpcClientProtocolClient (GrpcClientProtocolClient.java:onNext(255)) - client-E42F58674560->3a39c983-6986-4da8-95c7-9482e2fa0f6f: receive RaftClientReply:client-E42F58674560->3a39c983-6986-4da8-95c7-9482e2fa0f6f@group-5E4216B2975C, cid=832, SUCCESS, logIndex=0, commits[3a39c983-6986-4da8-95c7-9482e2fa0f6f:c1081, 0f15f03e-3179-4fc8-ac54-a24fe3c72555:c1077, 11ea7e38-68de-49e0-a413-0aa394144289:c1075]
2019-07-09 08:41:55,123 INFO  client.GrpcClientProtocolClient (GrpcClientProtocolClient.java:onNext(255)) - client-E42F58674560->3a39c983-6986-4da8-95c7-9482e2fa0f6f: receive RaftClientReply:client-E42F58674560->3a39c983-6986-4da8-95c7-9482e2fa0f6f@group-5E4216B2975C, cid=833, SUCCESS, logIndex=1082, commits[3a39c983-6986-4da8-95c7-9482e2fa0f6f:c1083, 0f15f03e-3179-4fc8-ac54-a24fe3c72555:c1081, 11ea7e38-68de-49e0-a413-0aa394144289:c1081]
2019-07-09 08:41:55,124 INFO  client.GrpcClientProtocolClient (GrpcClientProtocolClient.java:onNext(255)) - client-E42F58674560->3a39c983-6986-4da8-95c7-9482e2fa0f6f: receive RaftClientReply:client-E42F58674560->3a39c983-6986-4da8-95c7-9482e2fa0f6f@group-5E4216B2975C, cid=834, SUCCESS, logIndex=1083, commits[3a39c983-6986-4da8-95c7-9482e2fa0f6f:c1083, 0f15f03e-3179-4fc8-ac54-a24fe3c72555:c1081, 11ea7e38-68de-49e0-a413-0aa394144289:c1081]
2019-07-09 08:41:55,137 INFO  client.GrpcClientProtocolClient (GrpcClientProtocolClient.java:onNext(255)) - client-E42F58674560->3a39c983-6986-4da8-95c7-9482e2fa0f6f: receive RaftClientReply:client-E42F58674560->3a39c983-6986-4da8-95c7-9482e2fa0f6f@group-5E4216B2975C, cid=835, SUCCESS, logIndex=1086, commits[3a39c983-6986-4da8-95c7-9482e2fa0f6f:c1087, 0f15f03e-3179-4fc8-ac54-a24fe3c72555:c1083, 11ea7e38-68de-49e0-a413-0aa394144289:c1083]
2019-07-09 08:41:55,137 INFO  client.GrpcClientProtocolClient (GrpcClientProtocolClient.java:onNext(255)) - client-E42F58674560->3a39c983-6986-4da8-95c7-9482e2fa0f6f: receive RaftClientReply:client-E42F58674560->3a39c983-6986-4da8-95c7-9482e2fa0f6f@group-5E4216B2975C, cid=836, SUCCESS, logIndex=1087, commits[3a39c983-6986-4da8-95c7-9482e2fa0f6f:c1087, 0f15f03e-3179-4fc8-ac54-a24fe3c72555:c1083, 11ea7e38-68de-49e0-a413-0aa394144289:c1083]
2019-07-09 08:41:55,138 INFO  client.GrpcClientProtocolClient (GrpcClientProtocolClient.java:onNext(255)) - client-E42F58674560->3a39c983-6986-4da8-95c7-9482e2fa0f6f: receive RaftClientReply:client-E42F58674560->3a39c983-6986-4da8-95c7-9482e2fa0f6f@group-5E4216B2975C, cid=837, SUCCESS, logIndex=0, commits[3a39c983-6986-4da8-95c7-9482e2fa0f6f:c1088, 0f15f03e-3179-4fc8-ac54-a24fe3c72555:c1087, 11ea7e38-68de-49e0-a413-0aa394144289:c1087]
2019-07-09 08:41:55,275 INFO  client.GrpcClientProtocolClient (GrpcClientProtocolClient.java:onNext(255)) - client-E42F58674560->3a39c983-6986-4da8-95c7-9482e2fa0f6f: receive RaftClientReply:client-E42F58674560->3a39c983-6986-4da8-95c7-9482e2fa0f6f@group-5E4216B2975C, cid=838, SUCCESS, logIndex=1090, commits[3a39c983-6986-4da8-95c7-9482e2fa0f6f:c1092, 0f15f03e-3179-4fc8-ac54-a24fe3c72555:c1089, 11ea7e38-68de-49e0-a413-0aa394144289:c1089]
2019-07-09 08:41:55,276 INFO  client.GrpcClientProtocolClient (GrpcClientProtocolClient.java:onNext(255)) - client-E42F58674560->3a39c983-6986-4da8-95c7-9482e2fa0f6f: receive RaftClientReply:client-E42F58674560->3a39c983-6986-4da8-95c7-9482e2fa0f6f@group-5E4216B2975C, cid=839, SUCCESS, logIndex=1091, commits[3a39c983-6986-4da8-95c7-9482e2fa0f6f:c1093, 0f15f03e-3179-4fc8-ac54-a24fe3c72555:c1089, 11ea7e38-68de-49e0-a413-0aa394144289:c1089]
2019-07-09 08:41:55,276 INFO  client.GrpcClientProtocolClient (GrpcClientProtocolClient.java:onNext(255)) - client-E42F58674560->3a39c983-6986-4da8-95c7-9482e2fa0f6f: receive RaftClientReply:client-E42F58674560->3a39c983-6986-4da8-95c7-9482e2fa0f6f@group-5E4216B2975C, cid=840, SUCCESS, logIndex=1092, commits[3a39c983-6986-4da8-95c7-9482e2fa0f6f:c1093, 0f15f03e-3179-4fc8-ac54-a24fe3c72555:c1089, 11ea7e38-68de-49e0-a413-0aa394144289:c1089]
2019-07-09 08:41:55,276 INFO  client.GrpcClientProtocolClient (GrpcClientProtocolClient.java:onNext(255)) - client-E42F58674560->3a39c983-6986-4da8-95c7-9482e2fa0f6f: receive RaftClientReply:client-E42F58674560->3a39c983-6986-4da8-95c7-9482e2fa0f6f@group-5E4216B2975C, cid=841, SUCCESS, logIndex=1093, commits[3a39c983-6986-4da8-95c7-9482e2fa0f6f:c1093, 0f15f03e-3179-4fc8-ac54-a24fe3c72555:c1089, 11ea7e38-68de-49e0-a413-0aa394144289:c1089]
2019-07-09 08:41:55,288 INFO  client.GrpcClientProtocolClient (GrpcClientProtocolClient.java:onNext(255)) - client-E42F58674560->3a39c983-6986-4da8-95c7-9482e2fa0f6f: receive RaftClientReply:client-E42F58674560->3a39c983-6986-4da8-95c7-9482e2fa0f6f@group-5E4216B2975C, cid=842, SUCCESS, logIndex=0, commits[3a39c983-6986-4da8-95c7-9482e2fa0f6f:c1095, 0f15f03e-3179-4fc8-ac54-a24fe3c72555:c1091, 11ea7e38-68de-49e0-a413-0aa394144289:c1091]
2019-07-09 08:41:55,309 INFO  client.GrpcClientProtocolClient (GrpcClientProtocolClient.java:onNext(255)) - client-E42F58674560->3a39c983-6986-4da8-95c7-9482e2fa0f6f: receive RaftClientReply:client-E42F58674560->3a39c983-6986-4da8-95c7-9482e2fa0f6f@group-5E4216B2975C, cid=843, SUCCESS, logIndex=1098, commits[3a39c983-6986-4da8-95c7-9482e2fa0f6f:c1099, 0f15f03e-3179-4fc8-ac54-a24fe3c72555:c1097, 11ea7e38-68de-49e0-a413-0aa394144289:c1097]
2019-07-09 08:41:55,310 INFO  client.GrpcClientProtocolClient (GrpcClientProtocolClient.java:onNext(255)) - client-E42F58674560->3a39c983-6986-4da8-95c7-9482e2fa0f6f: receive RaftClientReply:client-E42F58674560->3a39c983-6986-4da8-95c7-9482e2fa0f6f@group-5E4216B2975C, cid=844, SUCCESS, logIndex=1099, commits[3a39c983-6986-4da8-95c7-9482e2fa0f6f:c1099, 0f15f03e-3179-4fc8-ac54-a24fe3c72555:c1097, 11ea7e38-68de-49e0-a413-0aa394144289:c1097]
2019-07-09 08:41:55,323 INFO  client.GrpcClientProtocolClient (GrpcClientProtocolClient.java:onNext(255)) - client-E42F58674560->3a39c983-6986-4da8-95c7-9482e2fa0f6f: receive RaftClientReply:client-E42F58674560->3a39c983-6986-4da8-95c7-9482e2fa0f6f@group-5E4216B2975C, cid=845, SUCCESS, logIndex=1102, commits[3a39c983-6986-4da8-95c7-9482e2fa0f6f:c1103, 0f15f03e-3179-4fc8-ac54-a24fe3c72555:c1099, 11ea7e38-68de-49e0-a413-0aa394144289:c1098]
2019-07-09 08:41:55,323 INFO  client.GrpcClientProtocolClient (GrpcClientProtocolClient.java:onNext(255)) - client-E42F58674560->3a39c983-6986-4da8-95c7-9482e2fa0f6f: receive RaftClientReply:client-E42F58674560->3a39c983-6986-4da8-95c7-9482e2fa0f6f@group-5E4216B2975C, cid=846, SUCCESS, logIndex=1103, commits[3a39c983-6986-4da8-95c7-9482e2fa0f6f:c1103, 0f15f03e-3179-4fc8-ac54-a24fe3c72555:c1099, 11ea7e38-68de-49e0-a413-0aa394144289:c1099]
2019-07-09 08:41:55,326 INFO  client.GrpcClientProtocolClient (GrpcClientProtocolClient.java:onNext(255)) - client-E42F58674560->3a39c983-6986-4da8-95c7-9482e2fa0f6f: receive RaftClientReply:client-E42F58674560->3a39c983-6986-4da8-95c7-9482e2fa0f6f@group-5E4216B2975C, cid=847, SUCCESS, logIndex=0, commits[3a39c983-6986-4da8-95c7-9482e2fa0f6f:c1105, 0f15f03e-3179-4fc8-ac54-a24fe3c72555:c1103, 11ea7e38-68de-49e0-a413-0aa394144289:c1103]
2019-07-09 08:41:55,346 INFO  client.GrpcClientProtocolClient (GrpcClientProtocolClient.java:onNext(255)) - client-E42F58674560->3a39c983-6986-4da8-95c7-9482e2fa0f6f: receive RaftClientReply:client-E42F58674560->3a39c983-6986-4da8-95c7-9482e2fa0f6f@group-5E4216B2975C, cid=848, SUCCESS, logIndex=1106, commits[3a39c983-6986-4da8-95c7-9482e2fa0f6f:c1107, 0f15f03e-3179-4fc8-ac54-a24fe3c72555:c1105, 11ea7e38-68de-49e0-a413-0aa394144289:c1105]
2019-07-09 08:41:55,347 INFO  client.GrpcClientProtocolClient (GrpcClientProtocolClient.java:onNext(255)) - client-E42F58674560->3a39c983-6986-4da8-95c7-9482e2fa0f6f: receive RaftClientReply:client-E42F58674560->3a39c983-6986-4da8-95c7-9482e2fa0f6f@group-5E4216B2975C, cid=849, SUCCESS, logIndex=1107, commits[3a39c983-6986-4da8-95c7-9482e2fa0f6f:c1107, 0f15f03e-3179-4fc8-ac54-a24fe3c72555:c1105, 11ea7e38-68de-49e0-a413-0aa394144289:c1105]
2019-07-09 08:41:55,348 INFO  client.GrpcClientProtocolClient (GrpcClientProtocolClient.java:onNext(255)) - client-E42F58674560->3a39c983-6986-4da8-95c7-9482e2fa0f6f: receive RaftClientReply:client-E42F58674560->3a39c983-6986-4da8-95c7-9482e2fa0f6f@group-5E4216B2975C, cid=850, SUCCESS, logIndex=1108, commits[3a39c983-6986-4da8-95c7-9482e2fa0f6f:c1109, 0f15f03e-3179-4fc8-ac54-a24fe3c72555:c1105, 11ea7e38-68de-49e0-a413-0aa394144289:c1105]
2019-07-09 08:41:55,348 INFO  client.GrpcClientProtocolClient (GrpcClientProtocolClient.java:onNext(255)) - client-E42F58674560->3a39c983-6986-4da8-95c7-9482e2fa0f6f: receive RaftClientReply:client-E42F58674560->3a39c983-6986-4da8-95c7-9482e2fa0f6f@group-5E4216B2975C, cid=851, SUCCESS, logIndex=1109, commits[3a39c983-6986-4da8-95c7-9482e2fa0f6f:c1109, 0f15f03e-3179-4fc8-ac54-a24fe3c72555:c1105, 11ea7e38-68de-49e0-a413-0aa394144289:c1105]
2019-07-09 08:41:55,350 INFO  client.GrpcClientProtocolClient (GrpcClientProtocolClient.java:onNext(255)) - client-E42F58674560->3a39c983-6986-4da8-95c7-9482e2fa0f6f: receive RaftClientReply:client-E42F58674560->3a39c983-6986-4da8-95c7-9482e2fa0f6f@group-5E4216B2975C, cid=852, SUCCESS, logIndex=0, commits[3a39c983-6986-4da8-95c7-9482e2fa0f6f:c1112, 0f15f03e-3179-4fc8-ac54-a24fe3c72555:c1109, 11ea7e38-68de-49e0-a413-0aa394144289:c1107]
2019-07-09 08:41:55,371 INFO  client.GrpcClientProtocolClient (GrpcClientProtocolClient.java:onNext(255)) - client-E42F58674560->3a39c983-6986-4da8-95c7-9482e2fa0f6f: receive RaftClientReply:client-E42F58674560->3a39c983-6986-4da8-95c7-9482e2fa0f6f@group-5E4216B2975C, cid=853, SUCCESS, logIndex=1114, commits[3a39c983-6986-4da8-95c7-9482e2fa0f6f:c1115, 0f15f03e-3179-4fc8-ac54-a24fe3c72555:c1113, 11ea7e38-68de-49e0-a413-0aa394144289:c1113]
2019-07-09 08:41:55,371 INFO  client.GrpcClientProtocolClient (GrpcClientProtocolClient.java:onNext(255)) - client-E42F58674560->3a39c983-6986-4da8-95c7-9482e2fa0f6f: receive RaftClientReply:client-E42F58674560->3a39c983-6986-4da8-95c7-9482e2fa0f6f@group-5E4216B2975C, cid=854, SUCCESS, logIndex=1115, commits[3a39c983-6986-4da8-95c7-9482e2fa0f6f:c1115, 0f15f03e-3179-4fc8-ac54-a24fe3c72555:c1113, 11ea7e38-68de-49e0-a413-0aa394144289:c1113]
2019-07-09 08:41:55,384 INFO  client.GrpcClientProtocolClient (GrpcClientProtocolClient.java:onNext(255)) - client-E42F58674560->3a39c983-6986-4da8-95c7-9482e2fa0f6f: receive RaftClientReply:client-E42F58674560->3a39c983-6986-4da8-95c7-9482e2fa0f6f@group-5E4216B2975C, cid=855, SUCCESS, logIndex=1118, commits[3a39c983-6986-4da8-95c7-9482e2fa0f6f:c1119, 0f15f03e-3179-4fc8-ac54-a24fe3c72555:c1115, 11ea7e38-68de-49e0-a413-0aa394144289:c1114]
2019-07-09 08:41:55,385 INFO  client.GrpcClientProtocolClient (GrpcClientProtocolClient.java:onNext(255)) - client-E42F58674560->3a39c983-6986-4da8-95c7-9482e2fa0f6f: receive RaftClientReply:client-E42F58674560->3a39c983-6986-4da8-95c7-9482e2fa0f6f@group-5E4216B2975C, cid=856, SUCCESS, logIndex=1119, commits[3a39c983-6986-4da8-95c7-9482e2fa0f6f:c1119, 0f15f03e-3179-4fc8-ac54-a24fe3c72555:c1115, 11ea7e38-68de-49e0-a413-0aa394144289:c1115]
2019-07-09 08:41:55,387 INFO  client.GrpcClientProtocolClient (GrpcClientProtocolClient.java:onNext(255)) - client-E42F58674560->3a39c983-6986-4da8-95c7-9482e2fa0f6f: receive RaftClientReply:client-E42F58674560->3a39c983-6986-4da8-95c7-9482e2fa0f6f@group-5E4216B2975C, cid=857, SUCCESS, logIndex=0, commits[3a39c983-6986-4da8-95c7-9482e2fa0f6f:c1121, 0f15f03e-3179-4fc8-ac54-a24fe3c72555:c1119, 11ea7e38-68de-49e0-a413-0aa394144289:c1119]
2019-07-09 08:41:55,407 INFO  client.GrpcClientProtocolClient (GrpcClientProtocolClient.java:onNext(255)) - client-E42F58674560->3a39c983-6986-4da8-95c7-9482e2fa0f6f: receive RaftClientReply:client-E42F58674560->3a39c983-6986-4da8-95c7-9482e2fa0f6f@group-5E4216B2975C, cid=858, SUCCESS, logIndex=1122, commits[3a39c983-6986-4da8-95c7-9482e2fa0f6f:c1123, 0f15f03e-3179-4fc8-ac54-a24fe3c72555:c1121, 11ea7e38-68de-49e0-a413-0aa394144289:c1121]
2019-07-09 08:41:55,408 INFO  client.GrpcClientProtocolClient (GrpcClientProtocolClient.java:onNext(255)) - client-E42F58674560->3a39c983-6986-4da8-95c7-9482e2fa0f6f: receive RaftClientReply:client-E42F58674560->3a39c983-6986-4da8-95c7-9482e2fa0f6f@group-5E4216B2975C, cid=859, SUCCESS, logIndex=1123, commits[3a39c983-6986-4da8-95c7-9482e2fa0f6f:c1125, 0f15f03e-3179-4fc8-ac54-a24fe3c72555:c1121, 11ea7e38-68de-49e0-a413-0aa394144289:c1121]
2019-07-09 08:41:55,408 INFO  client.GrpcClientProtocolClient (GrpcClientProtocolClient.java:onNext(255)) - client-E42F58674560->3a39c983-6986-4da8-95c7-9482e2fa0f6f: receive RaftClientReply:client-E42F58674560->3a39c983-6986-4da8-95c7-9482e2fa0f6f@group-5E4216B2975C, cid=860, SUCCESS, logIndex=1124, commits[3a39c983-6986-4da8-95c7-9482e2fa0f6f:c1125, 0f15f03e-3179-4fc8-ac54-a24fe3c72555:c1121, 11ea7e38-68de-49e0-a413-0aa394144289:c1121]
2019-07-09 08:41:55,409 INFO  client.GrpcClientProtocolClient (GrpcClientProtocolClient.java:onNext(255)) - client-E42F58674560->3a39c983-6986-4da8-95c7-9482e2fa0f6f: receive RaftClientReply:client-E42F58674560->3a39c983-6986-4da8-95c7-9482e2fa0f6f@group-5E4216B2975C, cid=861, SUCCESS, logIndex=1125, commits[3a39c983-6986-4da8-95c7-9482e2fa0f6f:c1125, 0f15f03e-3179-4fc8-ac54-a24fe3c72555:c1121, 11ea7e38-68de-49e0-a413-0aa394144289:c1121]
2019-07-09 08:41:55,410 INFO  client.GrpcClientProtocolClient (GrpcClientProtocolClient.java:onNext(255)) - client-E42F58674560->3a39c983-6986-4da8-95c7-9482e2fa0f6f: receive RaftClientReply:client-E42F58674560->3a39c983-6986-4da8-95c7-9482e2fa0f6f@group-5E4216B2975C, cid=862, SUCCESS, logIndex=0, commits[3a39c983-6986-4da8-95c7-9482e2fa0f6f:c1129, 0f15f03e-3179-4fc8-ac54-a24fe3c72555:c1123, 11ea7e38-68de-49e0-a413-0aa394144289:c1125]
2019-07-09 08:41:55,442 INFO  client.GrpcClientProtocolClient (GrpcClientProtocolClient.java:onNext(255)) - client-E42F58674560->3a39c983-6986-4da8-95c7-9482e2fa0f6f: receive RaftClientReply:client-E42F58674560->3a39c983-6986-4da8-95c7-9482e2fa0f6f@group-5E4216B2975C, cid=863, SUCCESS, logIndex=1130, commits[3a39c983-6986-4da8-95c7-9482e2fa0f6f:c1131, 0f15f03e-3179-4fc8-ac54-a24fe3c72555:c1129, 11ea7e38-68de-49e0-a413-0aa394144289:c1129]
2019-07-09 08:41:55,443 INFO  client.GrpcClientProtocolClient (GrpcClientProtocolClient.java:onNext(255)) - client-E42F58674560->3a39c983-6986-4da8-95c7-9482e2fa0f6f: receive RaftClientReply:client-E42F58674560->3a39c983-6986-4da8-95c7-9482e2fa0f6f@group-5E4216B2975C, cid=864, SUCCESS, logIndex=1131, commits[3a39c983-6986-4da8-95c7-9482e2fa0f6f:c1131, 0f15f03e-3179-4fc8-ac54-a24fe3c72555:c1129, 11ea7e38-68de-49e0-a413-0aa394144289:c1129]
2019-07-09 08:41:55,456 INFO  client.GrpcClientProtocolClient (GrpcClientProtocolClient.java:onNext(255)) - client-E42F58674560->3a39c983-6986-4da8-95c7-9482e2fa0f6f: receive RaftClientReply:client-E42F58674560->3a39c983-6986-4da8-95c7-9482e2fa0f6f@group-5E4216B2975C, cid=865, SUCCESS, logIndex=1134, commits[3a39c983-6986-4da8-95c7-9482e2fa0f6f:c1135, 0f15f03e-3179-4fc8-ac54-a24fe3c72555:c1131, 11ea7e38-68de-49e0-a413-0aa394144289:c1131]
2019-07-09 08:41:55,456 INFO  client.GrpcClientProtocolClient (GrpcClientProtocolClient.java:onNext(255)) - client-E42F58674560->3a39c983-6986-4da8-95c7-9482e2fa0f6f: receive RaftClientReply:client-E42F58674560->3a39c983-6986-4da8-95c7-9482e2fa0f6f@group-5E4216B2975C, cid=866, SUCCESS, logIndex=1135, commits[3a39c983-6986-4da8-95c7-9482e2fa0f6f:c1135, 0f15f03e-3179-4fc8-ac54-a24fe3c72555:c1131, 11ea7e38-68de-49e0-a413-0aa394144289:c1131]
2019-07-09 08:41:55,468 INFO  client.GrpcClientProtocolClient (GrpcClientProtocolClient.java:onNext(255)) - client-E42F58674560->3a39c983-6986-4da8-95c7-9482e2fa0f6f: receive RaftClientReply:client-E42F58674560->3a39c983-6986-4da8-95c7-9482e2fa0f6f@group-5E4216B2975C, cid=867, SUCCESS, logIndex=0, commits[3a39c983-6986-4da8-95c7-9482e2fa0f6f:c1137, 0f15f03e-3179-4fc8-ac54-a24fe3c72555:c1135, 11ea7e38-68de-49e0-a413-0aa394144289:c1135]
2019-07-09 08:41:55,491 INFO  client.GrpcClientProtocolClient (GrpcClientProtocolClient.java:onNext(255)) - client-E42F58674560->3a39c983-6986-4da8-95c7-9482e2fa0f6f: receive RaftClientReply:client-E42F58674560->3a39c983-6986-4da8-95c7-9482e2fa0f6f@group-5E4216B2975C, cid=868, SUCCESS, logIndex=1138, commits[3a39c983-6986-4da8-95c7-9482e2fa0f6f:c1139, 0f15f03e-3179-4fc8-ac54-a24fe3c72555:c1137, 11ea7e38-68de-49e0-a413-0aa394144289:c1137]
2019-07-09 08:41:55,492 INFO  client.GrpcClientProtocolClient (GrpcClientProtocolClient.java:onNext(255)) - client-E42F58674560->3a39c983-6986-4da8-95c7-9482e2fa0f6f: receive RaftClientReply:client-E42F58674560->3a39c983-6986-4da8-95c7-9482e2fa0f6f@group-5E4216B2975C, cid=869, SUCCESS, logIndex=1139, commits[3a39c983-6986-4da8-95c7-9482e2fa0f6f:c1141, 0f15f03e-3179-4fc8-ac54-a24fe3c72555:c1137, 11ea7e38-68de-49e0-a413-0aa394144289:c1137]
2019-07-09 08:41:55,492 INFO  client.GrpcClientProtocolClient (GrpcClientProtocolClient.java:onNext(255)) - client-E42F58674560->3a39c983-6986-4da8-95c7-9482e2fa0f6f: receive RaftClientReply:client-E42F58674560->3a39c983-6986-4da8-95c7-9482e2fa0f6f@group-5E4216B2975C, cid=870, SUCCESS, logIndex=1140, commits[3a39c983-6986-4da8-95c7-9482e2fa0f6f:c1141, 0f15f03e-3179-4fc8-ac54-a24fe3c72555:c1137, 11ea7e38-68de-49e0-a413-0aa394144289:c1137]
2019-07-09 08:41:55,492 INFO  client.GrpcClientProtocolClient (GrpcClientProtocolClient.java:onNext(255)) - client-E42F58674560->3a39c983-6986-4da8-95c7-9482e2fa0f6f: receive RaftClientReply:client-E42F58674560->3a39c983-6986-4da8-95c7-9482e2fa0f6f@group-5E4216B2975C, cid=871, SUCCESS, logIndex=1141, commits[3a39c983-6986-4da8-95c7-9482e2fa0f6f:c1141, 0f15f03e-3179-4fc8-ac54-a24fe3c72555:c1137, 11ea7e38-68de-49e0-a413-0aa394144289:c1137]
2019-07-09 08:41:55,494 INFO  client.GrpcClientProtocolClient (GrpcClientProtocolClient.java:onNext(255)) - client-E42F58674560->3a39c983-6986-4da8-95c7-9482e2fa0f6f: receive RaftClientReply:client-E42F58674560->3a39c983-6986-4da8-95c7-9482e2fa0f6f@group-5E4216B2975C, cid=872, SUCCESS, logIndex=0, commits[3a39c983-6986-4da8-95c7-9482e2fa0f6f:c1144, 0f15f03e-3179-4fc8-ac54-a24fe3c72555:c1141, 11ea7e38-68de-49e0-a413-0aa394144289:c1139]
2019-07-09 08:41:55,519 INFO  client.GrpcClientProtocolClient (GrpcClientProtocolClient.java:onNext(255)) - client-E42F58674560->3a39c983-6986-4da8-95c7-9482e2fa0f6f: receive RaftClientReply:client-E42F58674560->3a39c983-6986-4da8-95c7-9482e2fa0f6f@group-5E4216B2975C, cid=873, SUCCESS, logIndex=1145, commits[3a39c983-6986-4da8-95c7-9482e2fa0f6f:c1146, 0f15f03e-3179-4fc8-ac54-a24fe3c72555:c1144, 11ea7e38-68de-49e0-a413-0aa394144289:c1144]
2019-07-09 08:41:55,520 INFO  client.GrpcClientProtocolClient (GrpcClientProtocolClient.java:onNext(255)) - client-E42F58674560->3a39c983-6986-4da8-95c7-9482e2fa0f6f: receive RaftClientReply:client-E42F58674560->3a39c983-6986-4da8-95c7-9482e2fa0f6f@group-5E4216B2975C, cid=874, SUCCESS, logIndex=1146, commits[3a39c983-6986-4da8-95c7-9482e2fa0f6f:c1146, 0f15f03e-3179-4fc8-ac54-a24fe3c72555:c1144, 11ea7e38-68de-49e0-a413-0aa394144289:c1144]
2019-07-09 08:41:55,533 INFO  client.GrpcClientProtocolClient (GrpcClientProtocolClient.java:onNext(255)) - client-E42F58674560->3a39c983-6986-4da8-95c7-9482e2fa0f6f: receive RaftClientReply:client-E42F58674560->3a39c983-6986-4da8-95c7-9482e2fa0f6f@group-5E4216B2975C, cid=875, SUCCESS, logIndex=1149, commits[3a39c983-6986-4da8-95c7-9482e2fa0f6f:c1150, 0f15f03e-3179-4fc8-ac54-a24fe3c72555:c1146, 11ea7e38-68de-49e0-a413-0aa394144289:c1146]
2019-07-09 08:41:55,534 INFO  client.GrpcClientProtocolClient (GrpcClientProtocolClient.java:onNext(255)) - client-E42F58674560->3a39c983-6986-4da8-95c7-9482e2fa0f6f: receive RaftClientReply:client-E42F58674560->3a39c983-6986-4da8-95c7-9482e2fa0f6f@group-5E4216B2975C, cid=876, SUCCESS, logIndex=1150, commits[3a39c983-6986-4da8-95c7-9482e2fa0f6f:c1150, 0f15f03e-3179-4fc8-ac54-a24fe3c72555:c1146, 11ea7e38-68de-49e0-a413-0aa394144289:c1146]
2019-07-09 08:41:55,548 INFO  client.GrpcClientProtocolClient (GrpcClientProtocolClient.java:onNext(255)) - client-E42F58674560->3a39c983-6986-4da8-95c7-9482e2fa0f6f: receive RaftClientReply:client-E42F58674560->3a39c983-6986-4da8-95c7-9482e2fa0f6f@group-5E4216B2975C, cid=877, SUCCESS, logIndex=0, commits[3a39c983-6986-4da8-95c7-9482e2fa0f6f:c1152, 0f15f03e-3179-4fc8-ac54-a24fe3c72555:c1150, 11ea7e38-68de-49e0-a413-0aa394144289:c1150]
2019-07-09 08:41:55,582 INFO  client.GrpcClientProtocolClient (GrpcClientProtocolClient.java:onNext(255)) - client-E42F58674560->3a39c983-6986-4da8-95c7-9482e2fa0f6f: receive RaftClientReply:client-E42F58674560->3a39c983-6986-4da8-95c7-9482e2fa0f6f@group-5E4216B2975C, cid=878, SUCCESS, logIndex=1153, commits[3a39c983-6986-4da8-95c7-9482e2fa0f6f:c1154, 0f15f03e-3179-4fc8-ac54-a24fe3c72555:c1152, 11ea7e38-68de-49e0-a413-0aa394144289:c1152]
2019-07-09 08:41:55,583 INFO  client.GrpcClientProtocolClient (GrpcClientProtocolClient.java:onNext(255)) - client-E42F58674560->3a39c983-6986-4da8-95c7-9482e2fa0f6f: receive RaftClientReply:client-E42F58674560->3a39c983-6986-4da8-95c7-9482e2fa0f6f@group-5E4216B2975C, cid=879, SUCCESS, logIndex=1154, commits[3a39c983-6986-4da8-95c7-9482e2fa0f6f:c1156, 0f15f03e-3179-4fc8-ac54-a24fe3c72555:c1152, 11ea7e38-68de-49e0-a413-0aa394144289:c1152]
2019-07-09 08:41:55,583 INFO  client.GrpcClientProtocolClient (GrpcClientProtocolClient.java:onNext(255)) - client-E42F58674560->3a39c983-6986-4da8-95c7-9482e2fa0f6f: receive RaftClientReply:client-E42F58674560->3a39c983-6986-4da8-95c7-9482e2fa0f6f@group-5E4216B2975C, cid=880, SUCCESS, logIndex=1155, commits[3a39c983-6986-4da8-95c7-9482e2fa0f6f:c1156, 0f15f03e-3179-4fc8-ac54-a24fe3c72555:c1152, 11ea7e38-68de-49e0-a413-0aa394144289:c1152]
2019-07-09 08:41:55,583 INFO  client.GrpcClientProtocolClient (GrpcClientProtocolClient.java:onNext(255)) - client-E42F58674560->3a39c983-6986-4da8-95c7-9482e2fa0f6f: receive RaftClientReply:client-E42F58674560->3a39c983-6986-4da8-95c7-9482e2fa0f6f@group-5E4216B2975C, cid=881, SUCCESS, logIndex=1156, commits[3a39c983-6986-4da8-95c7-9482e2fa0f6f:c1156, 0f15f03e-3179-4fc8-ac54-a24fe3c72555:c1152, 11ea7e38-68de-49e0-a413-0aa394144289:c1152]
2019-07-09 08:41:55,585 INFO  client.GrpcClientProtocolClient (GrpcClientProtocolClient.java:onNext(255)) - client-E42F58674560->3a39c983-6986-4da8-95c7-9482e2fa0f6f: receive RaftClientReply:client-E42F58674560->3a39c983-6986-4da8-95c7-9482e2fa0f6f@group-5E4216B2975C, cid=882, SUCCESS, logIndex=0, commits[3a39c983-6986-4da8-95c7-9482e2fa0f6f:c1158, 0f15f03e-3179-4fc8-ac54-a24fe3c72555:c1154, 11ea7e38-68de-49e0-a413-0aa394144289:c1154]
2019-07-09 08:41:55,604 INFO  client.GrpcClientProtocolClient (GrpcClientProtocolClient.java:onNext(255)) - client-E42F58674560->3a39c983-6986-4da8-95c7-9482e2fa0f6f: receive RaftClientReply:client-E42F58674560->3a39c983-6986-4da8-95c7-9482e2fa0f6f@group-5E4216B2975C, cid=883, SUCCESS, logIndex=1161, commits[3a39c983-6986-4da8-95c7-9482e2fa0f6f:c1162, 0f15f03e-3179-4fc8-ac54-a24fe3c72555:c1160, 11ea7e38-68de-49e0-a413-0aa394144289:c1160]
2019-07-09 08:41:55,605 INFO  client.GrpcClientProtocolClient (GrpcClientProtocolClient.java:onNext(255)) - client-E42F58674560->3a39c983-6986-4da8-95c7-9482e2fa0f6f: receive RaftClientReply:client-E42F58674560->3a39c983-6986-4da8-95c7-9482e2fa0f6f@group-5E4216B2975C, cid=884, SUCCESS, logIndex=1162, commits[3a39c983-6986-4da8-95c7-9482e2fa0f6f:c1162, 0f15f03e-3179-4fc8-ac54-a24fe3c72555:c1160, 11ea7e38-68de-49e0-a413-0aa394144289:c1160]
2019-07-09 08:41:55,620 INFO  client.GrpcClientProtocolClient (GrpcClientProtocolClient.java:onNext(255)) - client-E42F58674560->3a39c983-6986-4da8-95c7-9482e2fa0f6f: receive RaftClientReply:client-E42F58674560->3a39c983-6986-4da8-95c7-9482e2fa0f6f@group-5E4216B2975C, cid=885, SUCCESS, logIndex=1165, commits[3a39c983-6986-4da8-95c7-9482e2fa0f6f:c1166, 0f15f03e-3179-4fc8-ac54-a24fe3c72555:c1162, 11ea7e38-68de-49e0-a413-0aa394144289:c1162]
2019-07-09 08:41:55,621 INFO  client.GrpcClientProtocolClient (GrpcClientProtocolClient.java:onNext(255)) - client-E42F58674560->3a39c983-6986-4da8-95c7-9482e2fa0f6f: receive RaftClientReply:client-E42F58674560->3a39c983-6986-4da8-95c7-9482e2fa0f6f@group-5E4216B2975C, cid=886, SUCCESS, logIndex=1166, commits[3a39c983-6986-4da8-95c7-9482e2fa0f6f:c1166, 0f15f03e-3179-4fc8-ac54-a24fe3c72555:c1162, 11ea7e38-68de-49e0-a413-0aa394144289:c1162]
2019-07-09 08:41:55,632 INFO  client.GrpcClientProtocolClient (GrpcClientProtocolClient.java:onNext(255)) - client-E42F58674560->3a39c983-6986-4da8-95c7-9482e2fa0f6f: receive RaftClientReply:client-E42F58674560->3a39c983-6986-4da8-95c7-9482e2fa0f6f@group-5E4216B2975C, cid=887, SUCCESS, logIndex=0, commits[3a39c983-6986-4da8-95c7-9482e2fa0f6f:c1167, 0f15f03e-3179-4fc8-ac54-a24fe3c72555:c1166, 11ea7e38-68de-49e0-a413-0aa394144289:c1166]
 0.00% |█                                                                                                    |  0/1 Time: 0:00:032019-07-09 08:41:55,646 INFO  client.GrpcClientProtocolClient (GrpcClientProtocolClient.java:onNext(255)) - client-E42F58674560->3a39c983-6986-4da8-95c7-9482e2fa0f6f: receive RaftClientReply:client-E42F58674560->3a39c983-6986-4da8-95c7-9482e2fa0f6f@group-5E4216B2975C, cid=888, SUCCESS, logIndex=1169, commits[3a39c983-6986-4da8-95c7-9482e2fa0f6f:c1172, 0f15f03e-3179-4fc8-ac54-a24fe3c72555:c1168, 11ea7e38-68de-49e0-a413-0aa394144289:c1166]
2019-07-09 08:41:55,646 INFO  client.GrpcClientProtocolClient (GrpcClientProtocolClient.java:onNext(255)) - client-E42F58674560->3a39c983-6986-4da8-95c7-9482e2fa0f6f: receive RaftClientReply:client-E42F58674560->3a39c983-6986-4da8-95c7-9482e2fa0f6f@group-5E4216B2975C, cid=889, SUCCESS, logIndex=1170, commits[3a39c983-6986-4da8-95c7-9482e2fa0f6f:c1172, 0f15f03e-3179-4fc8-ac54-a24fe3c72555:c1168, 11ea7e38-68de-49e0-a413-0aa394144289:c1168]
2019-07-09 08:41:55,647 INFO  client.GrpcClientProtocolClient (GrpcClientProtocolClient.java:onNext(255)) - client-E42F58674560->3a39c983-6986-4da8-95c7-9482e2fa0f6f: receive RaftClientReply:client-E42F58674560->3a39c983-6986-4da8-95c7-9482e2fa0f6f@group-5E4216B2975C, cid=890, SUCCESS, logIndex=1171, commits[3a39c983-6986-4da8-95c7-9482e2fa0f6f:c1172, 0f15f03e-3179-4fc8-ac54-a24fe3c72555:c1168, 11ea7e38-68de-49e0-a413-0aa394144289:c1168]
2019-07-09 08:41:55,647 INFO  client.GrpcClientProtocolClient (GrpcClientProtocolClient.java:onNext(255)) - client-E42F58674560->3a39c983-6986-4da8-95c7-9482e2fa0f6f: receive RaftClientReply:client-E42F58674560->3a39c983-6986-4da8-95c7-9482e2fa0f6f@group-5E4216B2975C, cid=891, SUCCESS, logIndex=1172, commits[3a39c983-6986-4da8-95c7-9482e2fa0f6f:c1172, 0f15f03e-3179-4fc8-ac54-a24fe3c72555:c1171, 11ea7e38-68de-49e0-a413-0aa394144289:c1168]
2019-07-09 08:41:55,649 INFO  client.GrpcClientProtocolClient (GrpcClientProtocolClient.java:onNext(255)) - client-E42F58674560->3a39c983-6986-4da8-95c7-9482e2fa0f6f: receive RaftClientReply:client-E42F58674560->3a39c983-6986-4da8-95c7-9482e2fa0f6f@group-5E4216B2975C, cid=892, SUCCESS, logIndex=0, commits[3a39c983-6986-4da8-95c7-9482e2fa0f6f:c1175, 0f15f03e-3179-4fc8-ac54-a24fe3c72555:c1172, 11ea7e38-68de-49e0-a413-0aa394144289:c1171]
2019-07-09 08:41:55,661 INFO  client.GrpcClientProtocolClient (GrpcClientProtocolClient.java:onNext(255)) - client-E42F58674560->3a39c983-6986-4da8-95c7-9482e2fa0f6f: receive RaftClientReply:client-E42F58674560->3a39c983-6986-4da8-95c7-9482e2fa0f6f@group-5E4216B2975C, cid=893, SUCCESS, logIndex=1176, commits[3a39c983-6986-4da8-95c7-9482e2fa0f6f:c1177, 0f15f03e-3179-4fc8-ac54-a24fe3c72555:c1175, 11ea7e38-68de-49e0-a413-0aa394144289:c1175]
2019-07-09 08:41:55,661 INFO  client.GrpcClientProtocolClient (GrpcClientProtocolClient.java:onNext(255)) - client-E42F58674560->3a39c983-6986-4da8-95c7-9482e2fa0f6f: receive RaftClientReply:client-E42F58674560->3a39c983-6986-4da8-95c7-9482e2fa0f6f@group-5E4216B2975C, cid=894, SUCCESS, logIndex=1177, commits[3a39c983-6986-4da8-95c7-9482e2fa0f6f:c1177, 0f15f03e-3179-4fc8-ac54-a24fe3c72555:c1175, 11ea7e38-68de-49e0-a413-0aa394144289:c1175]
2019-07-09 08:41:55,674 INFO  client.GrpcClientProtocolClient (GrpcClientProtocolClient.java:onNext(255)) - client-E42F58674560->3a39c983-6986-4da8-95c7-9482e2fa0f6f: receive RaftClientReply:client-E42F58674560->3a39c983-6986-4da8-95c7-9482e2fa0f6f@group-5E4216B2975C, cid=895, SUCCESS, logIndex=1180, commits[3a39c983-6986-4da8-95c7-9482e2fa0f6f:c1181, 0f15f03e-3179-4fc8-ac54-a24fe3c72555:c1179, 11ea7e38-68de-49e0-a413-0aa394144289:c1179]
2019-07-09 08:41:55,674 INFO  client.GrpcClientProtocolClient (GrpcClientProtocolClient.java:onNext(255)) - client-E42F58674560->3a39c983-6986-4da8-95c7-9482e2fa0f6f: receive RaftClientReply:client-E42F58674560->3a39c983-6986-4da8-95c7-9482e2fa0f6f@group-5E4216B2975C, cid=896, SUCCESS, logIndex=1181, commits[3a39c983-6986-4da8-95c7-9482e2fa0f6f:c1181, 0f15f03e-3179-4fc8-ac54-a24fe3c72555:c1179, 11ea7e38-68de-49e0-a413-0aa394144289:c1179]
2019-07-09 08:41:55,676 INFO  client.GrpcClientProtocolClient (GrpcClientProtocolClient.java:onNext(255)) - client-E42F58674560->3a39c983-6986-4da8-95c7-9482e2fa0f6f: receive RaftClientReply:client-E42F58674560->3a39c983-6986-4da8-95c7-9482e2fa0f6f@group-5E4216B2975C, cid=897, SUCCESS, logIndex=0, commits[3a39c983-6986-4da8-95c7-9482e2fa0f6f:c1182, 0f15f03e-3179-4fc8-ac54-a24fe3c72555:c1181, 11ea7e38-68de-49e0-a413-0aa394144289:c1181]
2019-07-09 08:41:55,690 INFO  client.GrpcClientProtocolClient (GrpcClientProtocolClient.java:onNext(255)) - client-E42F58674560->3a39c983-6986-4da8-95c7-9482e2fa0f6f: receive RaftClientReply:client-E42F58674560->3a39c983-6986-4da8-95c7-9482e2fa0f6f@group-5E4216B2975C, cid=898, SUCCESS, logIndex=1184, commits[3a39c983-6986-4da8-95c7-9482e2fa0f6f:c1185, 0f15f03e-3179-4fc8-ac54-a24fe3c72555:c1181, 11ea7e38-68de-49e0-a413-0aa394144289:c1183]
2019-07-09 08:41:55,691 INFO  client.GrpcClientProtocolClient (GrpcClientProtocolClient.java:onNext(255)) - client-E42F58674560->3a39c983-6986-4da8-95c7-9482e2fa0f6f: receive RaftClientReply:client-E42F58674560->3a39c983-6986-4da8-95c7-9482e2fa0f6f@group-5E4216B2975C, cid=899, SUCCESS, logIndex=1185, commits[3a39c983-6986-4da8-95c7-9482e2fa0f6f:c1185, 0f15f03e-3179-4fc8-ac54-a24fe3c72555:c1183, 11ea7e38-68de-49e0-a413-0aa394144289:c1183]
2019-07-09 08:41:55,693 INFO  client.GrpcClientProtocolClient (GrpcClientProtocolClient.java:onNext(255)) - client-E42F58674560->3a39c983-6986-4da8-95c7-9482e2fa0f6f: receive RaftClientReply:client-E42F58674560->3a39c983-6986-4da8-95c7-9482e2fa0f6f@group-5E4216B2975C, cid=900, SUCCESS, logIndex=1186, commits[3a39c983-6986-4da8-95c7-9482e2fa0f6f:c1187, 0f15f03e-3179-4fc8-ac54-a24fe3c72555:c1183, 11ea7e38-68de-49e0-a413-0aa394144289:c1183]
2019-07-09 08:41:55,693 INFO  client.GrpcClientProtocolClient (GrpcClientProtocolClient.java:onNext(255)) - client-E42F58674560->3a39c983-6986-4da8-95c7-9482e2fa0f6f: receive RaftClientReply:client-E42F58674560->3a39c983-6986-4da8-95c7-9482e2fa0f6f@group-5E4216B2975C, cid=901, SUCCESS, logIndex=1187, commits[3a39c983-6986-4da8-95c7-9482e2fa0f6f:c1189, 0f15f03e-3179-4fc8-ac54-a24fe3c72555:c1185, 11ea7e38-68de-49e0-a413-0aa394144289:c1185]
2019-07-09 08:41:55,720 INFO  client.GrpcClientProtocolClient (GrpcClientProtocolClient.java:onNext(255)) - client-E42F58674560->3a39c983-6986-4da8-95c7-9482e2fa0f6f: receive RaftClientReply:client-E42F58674560->3a39c983-6986-4da8-95c7-9482e2fa0f6f@group-5E4216B2975C, cid=902, SUCCESS, logIndex=1192, commits[3a39c983-6986-4da8-95c7-9482e2fa0f6f:c1193, 0f15f03e-3179-4fc8-ac54-a24fe3c72555:c1189, 11ea7e38-68de-49e0-a413-0aa394144289:c1189]
2019-07-09 08:41:55,720 INFO  client.GrpcClientProtocolClient (GrpcClientProtocolClient.java:onNext(255)) - client-E42F58674560->3a39c983-6986-4da8-95c7-9482e2fa0f6f: receive RaftClientReply:client-E42F58674560->3a39c983-6986-4da8-95c7-9482e2fa0f6f@group-5E4216B2975C, cid=903, SUCCESS, logIndex=1193, commits[3a39c983-6986-4da8-95c7-9482e2fa0f6f:c1193, 0f15f03e-3179-4fc8-ac54-a24fe3c72555:c1189, 11ea7e38-68de-49e0-a413-0aa394144289:c1189]
2019-07-09 08:41:55,872 INFO  client.GrpcClientProtocolClient (GrpcClientProtocolClient.java:onNext(255)) - client-E42F58674560->3a39c983-6986-4da8-95c7-9482e2fa0f6f: receive RaftClientReply:client-E42F58674560->3a39c983-6986-4da8-95c7-9482e2fa0f6f@group-5E4216B2975C, cid=904, SUCCESS, logIndex=1196, commits[3a39c983-6986-4da8-95c7-9482e2fa0f6f:c1197, 0f15f03e-3179-4fc8-ac54-a24fe3c72555:c1193, 11ea7e38-68de-49e0-a413-0aa394144289:c1193]
2019-07-09 08:41:55,873 INFO  client.GrpcClientProtocolClient (GrpcClientProtocolClient.java:onNext(255)) - client-E42F58674560->3a39c983-6986-4da8-95c7-9482e2fa0f6f: receive RaftClientReply:client-E42F58674560->3a39c983-6986-4da8-95c7-9482e2fa0f6f@group-5E4216B2975C, cid=905, SUCCESS, logIndex=1197, commits[3a39c983-6986-4da8-95c7-9482e2fa0f6f:c1197, 0f15f03e-3179-4fc8-ac54-a24fe3c72555:c1193, 11ea7e38-68de-49e0-a413-0aa394144289:c1193]
2019-07-09 08:41:55,884 INFO  client.GrpcClientProtocolClient (GrpcClientProtocolClient.java:onNext(255)) - client-E42F58674560->3a39c983-6986-4da8-95c7-9482e2fa0f6f: receive RaftClientReply:client-E42F58674560->3a39c983-6986-4da8-95c7-9482e2fa0f6f@group-5E4216B2975C, cid=906, SUCCESS, logIndex=0, commits[3a39c983-6986-4da8-95c7-9482e2fa0f6f:c1199, 0f15f03e-3179-4fc8-ac54-a24fe3c72555:c1197, 11ea7e38-68de-49e0-a413-0aa394144289:c1197]
2019-07-09 08:41:55,904 INFO  client.GrpcClientProtocolClient (GrpcClientProtocolClient.java:onNext(255)) - client-E42F58674560->3a39c983-6986-4da8-95c7-9482e2fa0f6f: receive RaftClientReply:client-E42F58674560->3a39c983-6986-4da8-95c7-9482e2fa0f6f@group-5E4216B2975C, cid=907, SUCCESS, logIndex=1200, commits[3a39c983-6986-4da8-95c7-9482e2fa0f6f:c1202, 0f15f03e-3179-4fc8-ac54-a24fe3c72555:c1199, 11ea7e38-68de-49e0-a413-0aa394144289:c1199]
2019-07-09 08:41:55,905 INFO  client.GrpcClientProtocolClient (GrpcClientProtocolClient.java:onNext(255)) - client-E42F58674560->3a39c983-6986-4da8-95c7-9482e2fa0f6f: receive RaftClientReply:client-E42F58674560->3a39c983-6986-4da8-95c7-9482e2fa0f6f@group-5E4216B2975C, cid=908, SUCCESS, logIndex=1201, commits[3a39c983-6986-4da8-95c7-9482e2fa0f6f:c1203, 0f15f03e-3179-4fc8-ac54-a24fe3c72555:c1199, 11ea7e38-68de-49e0-a413-0aa394144289:c1199]
2019-07-09 08:41:55,905 INFO  client.GrpcClientProtocolClient (GrpcClientProtocolClient.java:onNext(255)) - client-E42F58674560->3a39c983-6986-4da8-95c7-9482e2fa0f6f: receive RaftClientReply:client-E42F58674560->3a39c983-6986-4da8-95c7-9482e2fa0f6f@group-5E4216B2975C, cid=909, SUCCESS, logIndex=1202, commits[3a39c983-6986-4da8-95c7-9482e2fa0f6f:c1203, 0f15f03e-3179-4fc8-ac54-a24fe3c72555:c1199, 11ea7e38-68de-49e0-a413-0aa394144289:c1199]
2019-07-09 08:41:55,905 INFO  client.GrpcClientProtocolClient (GrpcClientProtocolClient.java:onNext(255)) - client-E42F58674560->3a39c983-6986-4da8-95c7-9482e2fa0f6f: receive RaftClientReply:client-E42F58674560->3a39c983-6986-4da8-95c7-9482e2fa0f6f@group-5E4216B2975C, cid=910, SUCCESS, logIndex=1203, commits[3a39c983-6986-4da8-95c7-9482e2fa0f6f:c1204, 0f15f03e-3179-4fc8-ac54-a24fe3c72555:c1200, 11ea7e38-68de-49e0-a413-0aa394144289:c1200]
2019-07-09 08:41:55,907 INFO  client.GrpcClientProtocolClient (GrpcClientProtocolClient.java:onNext(255)) - client-E42F58674560->3a39c983-6986-4da8-95c7-9482e2fa0f6f: receive RaftClientReply:client-E42F58674560->3a39c983-6986-4da8-95c7-9482e2fa0f6f@group-5E4216B2975C, cid=911, SUCCESS, logIndex=0, commits[3a39c983-6986-4da8-95c7-9482e2fa0f6f:c1206, 0f15f03e-3179-4fc8-ac54-a24fe3c72555:c1203, 11ea7e38-68de-49e0-a413-0aa394144289:c1201]
2019-07-09 08:41:55,927 INFO  client.GrpcClientProtocolClient (GrpcClientProtocolClient.java:onNext(255)) - client-E42F58674560->3a39c983-6986-4da8-95c7-9482e2fa0f6f: receive RaftClientReply:client-E42F58674560->3a39c983-6986-4da8-95c7-9482e2fa0f6f@group-5E4216B2975C, cid=912, SUCCESS, logIndex=1208, commits[3a39c983-6986-4da8-95c7-9482e2fa0f6f:c1209, 0f15f03e-3179-4fc8-ac54-a24fe3c72555:c1207, 11ea7e38-68de-49e0-a413-0aa394144289:c1207]
2019-07-09 08:41:55,927 INFO  client.GrpcClientProtocolClient (GrpcClientProtocolClient.java:onNext(255)) - client-E42F58674560->3a39c983-6986-4da8-95c7-9482e2fa0f6f: receive RaftClientReply:client-E42F58674560->3a39c983-6986-4da8-95c7-9482e2fa0f6f@group-5E4216B2975C, cid=913, SUCCESS, logIndex=1209, commits[3a39c983-6986-4da8-95c7-9482e2fa0f6f:c1209, 0f15f03e-3179-4fc8-ac54-a24fe3c72555:c1207, 11ea7e38-68de-49e0-a413-0aa394144289:c1207]
2019-07-09 08:41:55,942 INFO  client.GrpcClientProtocolClient (GrpcClientProtocolClient.java:onNext(255)) - client-E42F58674560->3a39c983-6986-4da8-95c7-9482e2fa0f6f: receive RaftClientReply:client-E42F58674560->3a39c983-6986-4da8-95c7-9482e2fa0f6f@group-5E4216B2975C, cid=914, SUCCESS, logIndex=1212, commits[3a39c983-6986-4da8-95c7-9482e2fa0f6f:c1213, 0f15f03e-3179-4fc8-ac54-a24fe3c72555:c1209, 11ea7e38-68de-49e0-a413-0aa394144289:c1209]
2019-07-09 08:41:55,942 INFO  client.GrpcClientProtocolClient (GrpcClientProtocolClient.java:onNext(255)) - client-E42F58674560->3a39c983-6986-4da8-95c7-9482e2fa0f6f: receive RaftClientReply:client-E42F58674560->3a39c983-6986-4da8-95c7-9482e2fa0f6f@group-5E4216B2975C, cid=915, SUCCESS, logIndex=1213, commits[3a39c983-6986-4da8-95c7-9482e2fa0f6f:c1213, 0f15f03e-3179-4fc8-ac54-a24fe3c72555:c1209, 11ea7e38-68de-49e0-a413-0aa394144289:c1209]
2019-07-09 08:41:55,953 INFO  client.GrpcClientProtocolClient (GrpcClientProtocolClient.java:onNext(255)) - client-E42F58674560->3a39c983-6986-4da8-95c7-9482e2fa0f6f: receive RaftClientReply:client-E42F58674560->3a39c983-6986-4da8-95c7-9482e2fa0f6f@group-5E4216B2975C, cid=916, SUCCESS, logIndex=0, commits[3a39c983-6986-4da8-95c7-9482e2fa0f6f:c1214, 0f15f03e-3179-4fc8-ac54-a24fe3c72555:c1213, 11ea7e38-68de-49e0-a413-0aa394144289:c1213]
2019-07-09 08:41:55,977 INFO  client.GrpcClientProtocolClient (GrpcClientProtocolClient.java:onNext(255)) - client-E42F58674560->3a39c983-6986-4da8-95c7-9482e2fa0f6f: receive RaftClientReply:client-E42F58674560->3a39c983-6986-4da8-95c7-9482e2fa0f6f@group-5E4216B2975C, cid=917, SUCCESS, logIndex=1216, commits[3a39c983-6986-4da8-95c7-9482e2fa0f6f:c1218, 0f15f03e-3179-4fc8-ac54-a24fe3c72555:c1215, 11ea7e38-68de-49e0-a413-0aa394144289:c1215]
2019-07-09 08:41:55,977 INFO  client.GrpcClientProtocolClient (GrpcClientProtocolClient.java:onNext(255)) - client-E42F58674560->3a39c983-6986-4da8-95c7-9482e2fa0f6f: receive RaftClientReply:client-E42F58674560->3a39c983-6986-4da8-95c7-9482e2fa0f6f@group-5E4216B2975C, cid=918, SUCCESS, logIndex=1217, commits[3a39c983-6986-4da8-95c7-9482e2fa0f6f:c1219, 0f15f03e-3179-4fc8-ac54-a24fe3c72555:c1215, 11ea7e38-68de-49e0-a413-0aa394144289:c1215]
2019-07-09 08:41:55,978 INFO  client.GrpcClientProtocolClient (GrpcClientProtocolClient.java:onNext(255)) - client-E42F58674560->3a39c983-6986-4da8-95c7-9482e2fa0f6f: receive RaftClientReply:client-E42F58674560->3a39c983-6986-4da8-95c7-9482e2fa0f6f@group-5E4216B2975C, cid=919, SUCCESS, logIndex=1218, commits[3a39c983-6986-4da8-95c7-9482e2fa0f6f:c1219, 0f15f03e-3179-4fc8-ac54-a24fe3c72555:c1215, 11ea7e38-68de-49e0-a413-0aa394144289:c1215]
2019-07-09 08:41:55,978 INFO  client.GrpcClientProtocolClient (GrpcClientProtocolClient.java:onNext(255)) - client-E42F58674560->3a39c983-6986-4da8-95c7-9482e2fa0f6f: receive RaftClientReply:client-E42F58674560->3a39c983-6986-4da8-95c7-9482e2fa0f6f@group-5E4216B2975C, cid=920, SUCCESS, logIndex=1219, commits[3a39c983-6986-4da8-95c7-9482e2fa0f6f:c1219, 0f15f03e-3179-4fc8-ac54-a24fe3c72555:c1215, 11ea7e38-68de-49e0-a413-0aa394144289:c1215]
2019-07-09 08:41:55,989 INFO  client.GrpcClientProtocolClient (GrpcClientProtocolClient.java:onNext(255)) - client-E42F58674560->3a39c983-6986-4da8-95c7-9482e2fa0f6f: receive RaftClientReply:client-E42F58674560->3a39c983-6986-4da8-95c7-9482e2fa0f6f@group-5E4216B2975C, cid=921, SUCCESS, logIndex=0, commits[3a39c983-6986-4da8-95c7-9482e2fa0f6f:c1220, 0f15f03e-3179-4fc8-ac54-a24fe3c72555:c1217, 11ea7e38-68de-49e0-a413-0aa394144289:c1217]
2019-07-09 08:41:56,010 INFO  client.GrpcClientProtocolClient (GrpcClientProtocolClient.java:onNext(255)) - client-E42F58674560->3a39c983-6986-4da8-95c7-9482e2fa0f6f: receive RaftClientReply:client-E42F58674560->3a39c983-6986-4da8-95c7-9482e2fa0f6f@group-5E4216B2975C, cid=922, SUCCESS, logIndex=1224, commits[3a39c983-6986-4da8-95c7-9482e2fa0f6f:c1225, 0f15f03e-3179-4fc8-ac54-a24fe3c72555:c1223, 11ea7e38-68de-49e0-a413-0aa394144289:c1223]
2019-07-09 08:41:56,011 INFO  client.GrpcClientProtocolClient (GrpcClientProtocolClient.java:onNext(255)) - client-E42F58674560->3a39c983-6986-4da8-95c7-9482e2fa0f6f: receive RaftClientReply:client-E42F58674560->3a39c983-6986-4da8-95c7-9482e2fa0f6f@group-5E4216B2975C, cid=923, SUCCESS, logIndex=1225, commits[3a39c983-6986-4da8-95c7-9482e2fa0f6f:c1225, 0f15f03e-3179-4fc8-ac54-a24fe3c72555:c1223, 11ea7e38-68de-49e0-a413-0aa394144289:c1223]
2019-07-09 08:41:56,024 INFO  client.GrpcClientProtocolClient (GrpcClientProtocolClient.java:onNext(255)) - client-E42F58674560->3a39c983-6986-4da8-95c7-9482e2fa0f6f: receive RaftClientReply:client-E42F58674560->3a39c983-6986-4da8-95c7-9482e2fa0f6f@group-5E4216B2975C, cid=924, SUCCESS, logIndex=1228, commits[3a39c983-6986-4da8-95c7-9482e2fa0f6f:c1228, 0f15f03e-3179-4fc8-ac54-a24fe3c72555:c1225, 11ea7e38-68de-49e0-a413-0aa394144289:c1225]
2019-07-09 08:41:56,024 INFO  client.GrpcClientProtocolClient (GrpcClientProtocolClient.java:onNext(255)) - client-E42F58674560->3a39c983-6986-4da8-95c7-9482e2fa0f6f: receive RaftClientReply:client-E42F58674560->3a39c983-6986-4da8-95c7-9482e2fa0f6f@group-5E4216B2975C, cid=925, SUCCESS, logIndex=1229, commits[3a39c983-6986-4da8-95c7-9482e2fa0f6f:c1229, 0f15f03e-3179-4fc8-ac54-a24fe3c72555:c1225, 11ea7e38-68de-49e0-a413-0aa394144289:c1225]
2019-07-09 08:41:56,037 INFO  client.GrpcClientProtocolClient (GrpcClientProtocolClient.java:onNext(255)) - client-E42F58674560->3a39c983-6986-4da8-95c7-9482e2fa0f6f: receive RaftClientReply:client-E42F58674560->3a39c983-6986-4da8-95c7-9482e2fa0f6f@group-5E4216B2975C, cid=926, SUCCESS, logIndex=0, commits[3a39c983-6986-4da8-95c7-9482e2fa0f6f:c1231, 0f15f03e-3179-4fc8-ac54-a24fe3c72555:c1229, 11ea7e38-68de-49e0-a413-0aa394144289:c1229]
2019-07-09 08:41:56,057 INFO  client.GrpcClientProtocolClient (GrpcClientProtocolClient.java:onNext(255)) - client-E42F58674560->3a39c983-6986-4da8-95c7-9482e2fa0f6f: receive RaftClientReply:client-E42F58674560->3a39c983-6986-4da8-95c7-9482e2fa0f6f@group-5E4216B2975C, cid=927, SUCCESS, logIndex=1232, commits[3a39c983-6986-4da8-95c7-9482e2fa0f6f:c1233, 0f15f03e-3179-4fc8-ac54-a24fe3c72555:c1231, 11ea7e38-68de-49e0-a413-0aa394144289:c1231]
2019-07-09 08:41:56,058 INFO  client.GrpcClientProtocolClient (GrpcClientProtocolClient.java:onNext(255)) - client-E42F58674560->3a39c983-6986-4da8-95c7-9482e2fa0f6f: receive RaftClientReply:client-E42F58674560->3a39c983-6986-4da8-95c7-9482e2fa0f6f@group-5E4216B2975C, cid=928, SUCCESS, logIndex=1233, commits[3a39c983-6986-4da8-95c7-9482e2fa0f6f:c1233, 0f15f03e-3179-4fc8-ac54-a24fe3c72555:c1231, 11ea7e38-68de-49e0-a413-0aa394144289:c1231]
2019-07-09 08:41:56,058 INFO  client.GrpcClientProtocolClient (GrpcClientProtocolClient.java:onNext(255)) - client-E42F58674560->3a39c983-6986-4da8-95c7-9482e2fa0f6f: receive RaftClientReply:client-E42F58674560->3a39c983-6986-4da8-95c7-9482e2fa0f6f@group-5E4216B2975C, cid=929, SUCCESS, logIndex=1234, commits[3a39c983-6986-4da8-95c7-9482e2fa0f6f:c1235, 0f15f03e-3179-4fc8-ac54-a24fe3c72555:c1231, 11ea7e38-68de-49e0-a413-0aa394144289:c1231]
2019-07-09 08:41:56,059 INFO  client.GrpcClientProtocolClient (GrpcClientProtocolClient.java:onNext(255)) - client-E42F58674560->3a39c983-6986-4da8-95c7-9482e2fa0f6f: receive RaftClientReply:client-E42F58674560->3a39c983-6986-4da8-95c7-9482e2fa0f6f@group-5E4216B2975C, cid=930, SUCCESS, logIndex=1235, commits[3a39c983-6986-4da8-95c7-9482e2fa0f6f:c1235, 0f15f03e-3179-4fc8-ac54-a24fe3c72555:c1231, 11ea7e38-68de-49e0-a413-0aa394144289:c1231]
2019-07-09 08:41:56,071 INFO  client.GrpcClientProtocolClient (GrpcClientProtocolClient.java:onNext(255)) - client-E42F58674560->3a39c983-6986-4da8-95c7-9482e2fa0f6f: receive RaftClientReply:client-E42F58674560->3a39c983-6986-4da8-95c7-9482e2fa0f6f@group-5E4216B2975C, cid=931, SUCCESS, logIndex=0, commits[3a39c983-6986-4da8-95c7-9482e2fa0f6f:c1237, 0f15f03e-3179-4fc8-ac54-a24fe3c72555:c1233, 11ea7e38-68de-49e0-a413-0aa394144289:c1233]
2019-07-09 08:41:56,085 INFO  client.GrpcClientProtocolClient (GrpcClientProtocolClient.java:onNext(255)) - client-E42F58674560->3a39c983-6986-4da8-95c7-9482e2fa0f6f: receive RaftClientReply:client-E42F58674560->3a39c983-6986-4da8-95c7-9482e2fa0f6f@group-5E4216B2975C, cid=932, SUCCESS, logIndex=1240, commits[3a39c983-6986-4da8-95c7-9482e2fa0f6f:c1241, 0f15f03e-3179-4fc8-ac54-a24fe3c72555:c1239, 11ea7e38-68de-49e0-a413-0aa394144289:c1239]
2019-07-09 08:41:56,086 INFO  client.GrpcClientProtocolClient (GrpcClientProtocolClient.java:onNext(255)) - client-E42F58674560->3a39c983-6986-4da8-95c7-9482e2fa0f6f: receive RaftClientReply:client-E42F58674560->3a39c983-6986-4da8-95c7-9482e2fa0f6f@group-5E4216B2975C, cid=933, SUCCESS, logIndex=1241, commits[3a39c983-6986-4da8-95c7-9482e2fa0f6f:c1241, 0f15f03e-3179-4fc8-ac54-a24fe3c72555:c1239, 11ea7e38-68de-49e0-a413-0aa394144289:c1239]
2019-07-09 08:41:56,101 INFO  client.GrpcClientProtocolClient (GrpcClientProtocolClient.java:onNext(255)) - client-E42F58674560->3a39c983-6986-4da8-95c7-9482e2fa0f6f: receive RaftClientReply:client-E42F58674560->3a39c983-6986-4da8-95c7-9482e2fa0f6f@group-5E4216B2975C, cid=934, SUCCESS, logIndex=1244, commits[3a39c983-6986-4da8-95c7-9482e2fa0f6f:c1245, 0f15f03e-3179-4fc8-ac54-a24fe3c72555:c1241, 11ea7e38-68de-49e0-a413-0aa394144289:c1241]
2019-07-09 08:41:56,101 INFO  client.GrpcClientProtocolClient (GrpcClientProtocolClient.java:onNext(255)) - client-E42F58674560->3a39c983-6986-4da8-95c7-9482e2fa0f6f: receive RaftClientReply:client-E42F58674560->3a39c983-6986-4da8-95c7-9482e2fa0f6f@group-5E4216B2975C, cid=935, SUCCESS, logIndex=1245, commits[3a39c983-6986-4da8-95c7-9482e2fa0f6f:c1245, 0f15f03e-3179-4fc8-ac54-a24fe3c72555:c1241, 11ea7e38-68de-49e0-a413-0aa394144289:c1241]
2019-07-09 08:41:56,113 INFO  client.GrpcClientProtocolClient (GrpcClientProtocolClient.java:onNext(255)) - client-E42F58674560->3a39c983-6986-4da8-95c7-9482e2fa0f6f: receive RaftClientReply:client-E42F58674560->3a39c983-6986-4da8-95c7-9482e2fa0f6f@group-5E4216B2975C, cid=936, SUCCESS, logIndex=0, commits[3a39c983-6986-4da8-95c7-9482e2fa0f6f:c1246, 0f15f03e-3179-4fc8-ac54-a24fe3c72555:c1245, 11ea7e38-68de-49e0-a413-0aa394144289:c1245]
2019-07-09 08:41:56,134 INFO  client.GrpcClientProtocolClient (GrpcClientProtocolClient.java:onNext(255)) - client-E42F58674560->3a39c983-6986-4da8-95c7-9482e2fa0f6f: receive RaftClientReply:client-E42F58674560->3a39c983-6986-4da8-95c7-9482e2fa0f6f@group-5E4216B2975C, cid=937, SUCCESS, logIndex=1248, commits[3a39c983-6986-4da8-95c7-9482e2fa0f6f:c1250, 0f15f03e-3179-4fc8-ac54-a24fe3c72555:c1247, 11ea7e38-68de-49e0-a413-0aa394144289:c1247]
2019-07-09 08:41:56,135 INFO  client.GrpcClientProtocolClient (GrpcClientProtocolClient.java:onNext(255)) - client-E42F58674560->3a39c983-6986-4da8-95c7-9482e2fa0f6f: receive RaftClientReply:client-E42F58674560->3a39c983-6986-4da8-95c7-9482e2fa0f6f@group-5E4216B2975C, cid=938, SUCCESS, logIndex=1249, commits[3a39c983-6986-4da8-95c7-9482e2fa0f6f:c1251, 0f15f03e-3179-4fc8-ac54-a24fe3c72555:c1247, 11ea7e38-68de-49e0-a413-0aa394144289:c1247]
2019-07-09 08:41:56,135 INFO  client.GrpcClientProtocolClient (GrpcClientProtocolClient.java:onNext(255)) - client-E42F58674560->3a39c983-6986-4da8-95c7-9482e2fa0f6f: receive RaftClientReply:client-E42F58674560->3a39c983-6986-4da8-95c7-9482e2fa0f6f@group-5E4216B2975C, cid=939, SUCCESS, logIndex=1250, commits[3a39c983-6986-4da8-95c7-9482e2fa0f6f:c1251, 0f15f03e-3179-4fc8-ac54-a24fe3c72555:c1247, 11ea7e38-68de-49e0-a413-0aa394144289:c1247]
2019-07-09 08:41:56,135 INFO  client.GrpcClientProtocolClient (GrpcClientProtocolClient.java:onNext(255)) - client-E42F58674560->3a39c983-6986-4da8-95c7-9482e2fa0f6f: receive RaftClientReply:client-E42F58674560->3a39c983-6986-4da8-95c7-9482e2fa0f6f@group-5E4216B2975C, cid=940, SUCCESS, logIndex=1251, commits[3a39c983-6986-4da8-95c7-9482e2fa0f6f:c1251, 0f15f03e-3179-4fc8-ac54-a24fe3c72555:c1247, 11ea7e38-68de-49e0-a413-0aa394144289:c1247]
2019-07-09 08:41:56,149 INFO  client.GrpcClientProtocolClient (GrpcClientProtocolClient.java:onNext(255)) - client-E42F58674560->3a39c983-6986-4da8-95c7-9482e2fa0f6f: receive RaftClientReply:client-E42F58674560->3a39c983-6986-4da8-95c7-9482e2fa0f6f@group-5E4216B2975C, cid=941, SUCCESS, logIndex=0, commits[3a39c983-6986-4da8-95c7-9482e2fa0f6f:c1253, 0f15f03e-3179-4fc8-ac54-a24fe3c72555:c1249, 11ea7e38-68de-49e0-a413-0aa394144289:c1249]
2019-07-09 08:41:56,160 INFO  client.GrpcClientProtocolClient (GrpcClientProtocolClient.java:onNext(255)) - client-E42F58674560->3a39c983-6986-4da8-95c7-9482e2fa0f6f: receive RaftClientReply:client-E42F58674560->3a39c983-6986-4da8-95c7-9482e2fa0f6f@group-5E4216B2975C, cid=942, SUCCESS, logIndex=1256, commits[3a39c983-6986-4da8-95c7-9482e2fa0f6f:c1257, 0f15f03e-3179-4fc8-ac54-a24fe3c72555:c1251, 11ea7e38-68de-49e0-a413-0aa394144289:c1255]
2019-07-09 08:41:56,160 INFO  client.GrpcClientProtocolClient (GrpcClientProtocolClient.java:onNext(255)) - client-E42F58674560->3a39c983-6986-4da8-95c7-9482e2fa0f6f: receive RaftClientReply:client-E42F58674560->3a39c983-6986-4da8-95c7-9482e2fa0f6f@group-5E4216B2975C, cid=943, SUCCESS, logIndex=1257, commits[3a39c983-6986-4da8-95c7-9482e2fa0f6f:c1257, 0f15f03e-3179-4fc8-ac54-a24fe3c72555:c1255, 11ea7e38-68de-49e0-a413-0aa394144289:c1255]
2019-07-09 08:41:56,172 INFO  client.GrpcClientProtocolClient (GrpcClientProtocolClient.java:onNext(255)) - client-E42F58674560->3a39c983-6986-4da8-95c7-9482e2fa0f6f: receive RaftClientReply:client-E42F58674560->3a39c983-6986-4da8-95c7-9482e2fa0f6f@group-5E4216B2975C, cid=944, SUCCESS, logIndex=1260, commits[3a39c983-6986-4da8-95c7-9482e2fa0f6f:c1261, 0f15f03e-3179-4fc8-ac54-a24fe3c72555:c1259, 11ea7e38-68de-49e0-a413-0aa394144289:c1259]
2019-07-09 08:41:56,172 INFO  client.GrpcClientProtocolClient (GrpcClientProtocolClient.java:onNext(255)) - client-E42F58674560->3a39c983-6986-4da8-95c7-9482e2fa0f6f: receive RaftClientReply:client-E42F58674560->3a39c983-6986-4da8-95c7-9482e2fa0f6f@group-5E4216B2975C, cid=945, SUCCESS, logIndex=1261, commits[3a39c983-6986-4da8-95c7-9482e2fa0f6f:c1261, 0f15f03e-3179-4fc8-ac54-a24fe3c72555:c1259, 11ea7e38-68de-49e0-a413-0aa394144289:c1259]
2019-07-09 08:41:56,174 INFO  client.GrpcClientProtocolClient (GrpcClientProtocolClient.java:onNext(255)) - client-E42F58674560->3a39c983-6986-4da8-95c7-9482e2fa0f6f: receive RaftClientReply:client-E42F58674560->3a39c983-6986-4da8-95c7-9482e2fa0f6f@group-5E4216B2975C, cid=946, SUCCESS, logIndex=0, commits[3a39c983-6986-4da8-95c7-9482e2fa0f6f:c1262, 0f15f03e-3179-4fc8-ac54-a24fe3c72555:c1261, 11ea7e38-68de-49e0-a413-0aa394144289:c1261]
2019-07-09 08:41:56,187 INFO  client.GrpcClientProtocolClient (GrpcClientProtocolClient.java:onNext(255)) - client-E42F58674560->3a39c983-6986-4da8-95c7-9482e2fa0f6f: receive RaftClientReply:client-E42F58674560->3a39c983-6986-4da8-95c7-9482e2fa0f6f@group-5E4216B2975C, cid=947, SUCCESS, logIndex=1264, commits[3a39c983-6986-4da8-95c7-9482e2fa0f6f:c1267, 0f15f03e-3179-4fc8-ac54-a24fe3c72555:c1261, 11ea7e38-68de-49e0-a413-0aa394144289:c1263]
2019-07-09 08:41:56,188 INFO  client.GrpcClientProtocolClient (GrpcClientProtocolClient.java:onNext(255)) - client-E42F58674560->3a39c983-6986-4da8-95c7-9482e2fa0f6f: receive RaftClientReply:client-E42F58674560->3a39c983-6986-4da8-95c7-9482e2fa0f6f@group-5E4216B2975C, cid=948, SUCCESS, logIndex=1265, commits[3a39c983-6986-4da8-95c7-9482e2fa0f6f:c1267, 0f15f03e-3179-4fc8-ac54-a24fe3c72555:c1263, 11ea7e38-68de-49e0-a413-0aa394144289:c1263]
2019-07-09 08:41:56,188 INFO  client.GrpcClientProtocolClient (GrpcClientProtocolClient.java:onNext(255)) - client-E42F58674560->3a39c983-6986-4da8-95c7-9482e2fa0f6f: receive RaftClientReply:client-E42F58674560->3a39c983-6986-4da8-95c7-9482e2fa0f6f@group-5E4216B2975C, cid=949, SUCCESS, logIndex=1266, commits[3a39c983-6986-4da8-95c7-9482e2fa0f6f:c1267, 0f15f03e-3179-4fc8-ac54-a24fe3c72555:c1263, 11ea7e38-68de-49e0-a413-0aa394144289:c1263]
2019-07-09 08:41:56,188 INFO  client.GrpcClientProtocolClient (GrpcClientProtocolClient.java:onNext(255)) - client-E42F58674560->3a39c983-6986-4da8-95c7-9482e2fa0f6f: receive RaftClientReply:client-E42F58674560->3a39c983-6986-4da8-95c7-9482e2fa0f6f@group-5E4216B2975C, cid=950, SUCCESS, logIndex=1267, commits[3a39c983-6986-4da8-95c7-9482e2fa0f6f:c1267, 0f15f03e-3179-4fc8-ac54-a24fe3c72555:c1263, 11ea7e38-68de-49e0-a413-0aa394144289:c1263]
2019-07-09 08:41:56,189 INFO  client.GrpcClientProtocolClient (GrpcClientProtocolClient.java:onNext(255)) - client-E42F58674560->3a39c983-6986-4da8-95c7-9482e2fa0f6f: receive RaftClientReply:client-E42F58674560->3a39c983-6986-4da8-95c7-9482e2fa0f6f@group-5E4216B2975C, cid=951, SUCCESS, logIndex=0, commits[3a39c983-6986-4da8-95c7-9482e2fa0f6f:c1268, 0f15f03e-3179-4fc8-ac54-a24fe3c72555:c1265, 11ea7e38-68de-49e0-a413-0aa394144289:c1265]
2019-07-09 08:41:56,199 INFO  client.GrpcClientProtocolClient (GrpcClientProtocolClient.java:onNext(255)) - client-E42F58674560->3a39c983-6986-4da8-95c7-9482e2fa0f6f: receive RaftClientReply:client-E42F58674560->3a39c983-6986-4da8-95c7-9482e2fa0f6f@group-5E4216B2975C, cid=952, SUCCESS, logIndex=1272, commits[3a39c983-6986-4da8-95c7-9482e2fa0f6f:c1273, 0f15f03e-3179-4fc8-ac54-a24fe3c72555:c1271, 11ea7e38-68de-49e0-a413-0aa394144289:c1267]
2019-07-09 08:41:56,199 INFO  client.GrpcClientProtocolClient (GrpcClientProtocolClient.java:onNext(255)) - client-E42F58674560->3a39c983-6986-4da8-95c7-9482e2fa0f6f: receive RaftClientReply:client-E42F58674560->3a39c983-6986-4da8-95c7-9482e2fa0f6f@group-5E4216B2975C, cid=953, SUCCESS, logIndex=1273, commits[3a39c983-6986-4da8-95c7-9482e2fa0f6f:c1273, 0f15f03e-3179-4fc8-ac54-a24fe3c72555:c1271, 11ea7e38-68de-49e0-a413-0aa394144289:c1267]
2019-07-09 08:41:56,210 INFO  client.GrpcClientProtocolClient (GrpcClientProtocolClient.java:onNext(255)) - client-E42F58674560->3a39c983-6986-4da8-95c7-9482e2fa0f6f: receive RaftClientReply:client-E42F58674560->3a39c983-6986-4da8-95c7-9482e2fa0f6f@group-5E4216B2975C, cid=954, SUCCESS, logIndex=1276, commits[3a39c983-6986-4da8-95c7-9482e2fa0f6f:c1277, 0f15f03e-3179-4fc8-ac54-a24fe3c72555:c1275, 11ea7e38-68de-49e0-a413-0aa394144289:c1273]
2019-07-09 08:41:56,211 INFO  client.GrpcClientProtocolClient (GrpcClientProtocolClient.java:onNext(255)) - client-E42F58674560->3a39c983-6986-4da8-95c7-9482e2fa0f6f: receive RaftClientReply:client-E42F58674560->3a39c983-6986-4da8-95c7-9482e2fa0f6f@group-5E4216B2975C, cid=955, SUCCESS, logIndex=1277, commits[3a39c983-6986-4da8-95c7-9482e2fa0f6f:c1277, 0f15f03e-3179-4fc8-ac54-a24fe3c72555:c1275, 11ea7e38-68de-49e0-a413-0aa394144289:c1273]
2019-07-09 08:41:56,213 INFO  client.GrpcClientProtocolClient (GrpcClientProtocolClient.java:onNext(255)) - client-E42F58674560->3a39c983-6986-4da8-95c7-9482e2fa0f6f: receive RaftClientReply:client-E42F58674560->3a39c983-6986-4da8-95c7-9482e2fa0f6f@group-5E4216B2975C, cid=956, SUCCESS, logIndex=0, commits[3a39c983-6986-4da8-95c7-9482e2fa0f6f:c1278, 0f15f03e-3179-4fc8-ac54-a24fe3c72555:c1277, 11ea7e38-68de-49e0-a413-0aa394144289:c1277]
2019-07-09 08:41:56,226 INFO  client.GrpcClientProtocolClient (GrpcClientProtocolClient.java:onNext(255)) - client-E42F58674560->3a39c983-6986-4da8-95c7-9482e2fa0f6f: receive RaftClientReply:client-E42F58674560->3a39c983-6986-4da8-95c7-9482e2fa0f6f@group-5E4216B2975C, cid=957, SUCCESS, logIndex=1280, commits[3a39c983-6986-4da8-95c7-9482e2fa0f6f:c1281, 0f15f03e-3179-4fc8-ac54-a24fe3c72555:c1279, 11ea7e38-68de-49e0-a413-0aa394144289:c1279]
2019-07-09 08:41:56,227 INFO  client.GrpcClientProtocolClient (GrpcClientProtocolClient.java:onNext(255)) - client-E42F58674560->3a39c983-6986-4da8-95c7-9482e2fa0f6f: receive RaftClientReply:client-E42F58674560->3a39c983-6986-4da8-95c7-9482e2fa0f6f@group-5E4216B2975C, cid=958, SUCCESS, logIndex=1281, commits[3a39c983-6986-4da8-95c7-9482e2fa0f6f:c1283, 0f15f03e-3179-4fc8-ac54-a24fe3c72555:c1279, 11ea7e38-68de-49e0-a413-0aa394144289:c1279]
2019-07-09 08:41:56,227 INFO  client.GrpcClientProtocolClient (GrpcClientProtocolClient.java:onNext(255)) - client-E42F58674560->3a39c983-6986-4da8-95c7-9482e2fa0f6f: receive RaftClientReply:client-E42F58674560->3a39c983-6986-4da8-95c7-9482e2fa0f6f@group-5E4216B2975C, cid=959, SUCCESS, logIndex=1282, commits[3a39c983-6986-4da8-95c7-9482e2fa0f6f:c1283, 0f15f03e-3179-4fc8-ac54-a24fe3c72555:c1279, 11ea7e38-68de-49e0-a413-0aa394144289:c1279]
2019-07-09 08:41:56,228 INFO  client.GrpcClientProtocolClient (GrpcClientProtocolClient.java:onNext(255)) - client-E42F58674560->3a39c983-6986-4da8-95c7-9482e2fa0f6f: receive RaftClientReply:client-E42F58674560->3a39c983-6986-4da8-95c7-9482e2fa0f6f@group-5E4216B2975C, cid=960, SUCCESS, logIndex=1283, commits[3a39c983-6986-4da8-95c7-9482e2fa0f6f:c1283, 0f15f03e-3179-4fc8-ac54-a24fe3c72555:c1279, 11ea7e38-68de-49e0-a413-0aa394144289:c1279]
2019-07-09 08:41:56,231 INFO  client.GrpcClientProtocolClient (GrpcClientProtocolClient.java:onNext(255)) - client-E42F58674560->3a39c983-6986-4da8-95c7-9482e2fa0f6f: receive RaftClientReply:client-E42F58674560->3a39c983-6986-4da8-95c7-9482e2fa0f6f@group-5E4216B2975C, cid=961, SUCCESS, logIndex=0, commits[3a39c983-6986-4da8-95c7-9482e2fa0f6f:c1285, 0f15f03e-3179-4fc8-ac54-a24fe3c72555:c1281, 11ea7e38-68de-49e0-a413-0aa394144289:c1281]
2019-07-09 08:41:56,260 INFO  client.GrpcClientProtocolClient (GrpcClientProtocolClient.java:onNext(255)) - client-E42F58674560->3a39c983-6986-4da8-95c7-9482e2fa0f6f: receive RaftClientReply:client-E42F58674560->3a39c983-6986-4da8-95c7-9482e2fa0f6f@group-5E4216B2975C, cid=962, SUCCESS, logIndex=1288, commits[3a39c983-6986-4da8-95c7-9482e2fa0f6f:c1289, 0f15f03e-3179-4fc8-ac54-a24fe3c72555:c1287, 11ea7e38-68de-49e0-a413-0aa394144289:c1287]
2019-07-09 08:41:56,261 INFO  client.GrpcClientProtocolClient (GrpcClientProtocolClient.java:onNext(255)) - client-E42F58674560->3a39c983-6986-4da8-95c7-9482e2fa0f6f: receive RaftClientReply:client-E42F58674560->3a39c983-6986-4da8-95c7-9482e2fa0f6f@group-5E4216B2975C, cid=963, SUCCESS, logIndex=1289, commits[3a39c983-6986-4da8-95c7-9482e2fa0f6f:c1289, 0f15f03e-3179-4fc8-ac54-a24fe3c72555:c1287, 11ea7e38-68de-49e0-a413-0aa394144289:c1287]
2019-07-09 08:41:56,275 INFO  client.GrpcClientProtocolClient (GrpcClientProtocolClient.java:onNext(255)) - client-E42F58674560->3a39c983-6986-4da8-95c7-9482e2fa0f6f: receive RaftClientReply:client-E42F58674560->3a39c983-6986-4da8-95c7-9482e2fa0f6f@group-5E4216B2975C, cid=964, SUCCESS, logIndex=1292, commits[3a39c983-6986-4da8-95c7-9482e2fa0f6f:c1292, 0f15f03e-3179-4fc8-ac54-a24fe3c72555:c1289, 11ea7e38-68de-49e0-a413-0aa394144289:c1289]
2019-07-09 08:41:56,275 INFO  client.GrpcClientProtocolClient (GrpcClientProtocolClient.java:onNext(255)) - client-E42F58674560->3a39c983-6986-4da8-95c7-9482e2fa0f6f: receive RaftClientReply:client-E42F58674560->3a39c983-6986-4da8-95c7-9482e2fa0f6f@group-5E4216B2975C, cid=965, SUCCESS, logIndex=1293, commits[3a39c983-6986-4da8-95c7-9482e2fa0f6f:c1293, 0f15f03e-3179-4fc8-ac54-a24fe3c72555:c1289, 11ea7e38-68de-49e0-a413-0aa394144289:c1289]
2019-07-09 08:41:56,297 INFO  client.GrpcClientProtocolClient (GrpcClientProtocolClient.java:onNext(255)) - client-E42F58674560->3a39c983-6986-4da8-95c7-9482e2fa0f6f: receive RaftClientReply:client-E42F58674560->3a39c983-6986-4da8-95c7-9482e2fa0f6f@group-5E4216B2975C, cid=966, SUCCESS, logIndex=0, commits[3a39c983-6986-4da8-95c7-9482e2fa0f6f:c1295, 0f15f03e-3179-4fc8-ac54-a24fe3c72555:c1293, 11ea7e38-68de-49e0-a413-0aa394144289:c1293]
2019-07-09 08:41:56,318 INFO  client.GrpcClientProtocolClient (GrpcClientProtocolClient.java:onNext(255)) - client-E42F58674560->3a39c983-6986-4da8-95c7-9482e2fa0f6f: receive RaftClientReply:client-E42F58674560->3a39c983-6986-4da8-95c7-9482e2fa0f6f@group-5E4216B2975C, cid=967, SUCCESS, logIndex=1296, commits[3a39c983-6986-4da8-95c7-9482e2fa0f6f:c1297, 0f15f03e-3179-4fc8-ac54-a24fe3c72555:c1295, 11ea7e38-68de-49e0-a413-0aa394144289:c1295]
2019-07-09 08:41:56,319 INFO  client.GrpcClientProtocolClient (GrpcClientProtocolClient.java:onNext(255)) - client-E42F58674560->3a39c983-6986-4da8-95c7-9482e2fa0f6f: receive RaftClientReply:client-E42F58674560->3a39c983-6986-4da8-95c7-9482e2fa0f6f@group-5E4216B2975C, cid=968, SUCCESS, logIndex=1297, commits[3a39c983-6986-4da8-95c7-9482e2fa0f6f:c1299, 0f15f03e-3179-4fc8-ac54-a24fe3c72555:c1295, 11ea7e38-68de-49e0-a413-0aa394144289:c1295]
2019-07-09 08:41:56,319 INFO  client.GrpcClientProtocolClient (GrpcClientProtocolClient.java:onNext(255)) - client-E42F58674560->3a39c983-6986-4da8-95c7-9482e2fa0f6f: receive RaftClientReply:client-E42F58674560->3a39c983-6986-4da8-95c7-9482e2fa0f6f@group-5E4216B2975C, cid=969, SUCCESS, logIndex=1298, commits[3a39c983-6986-4da8-95c7-9482e2fa0f6f:c1299, 0f15f03e-3179-4fc8-ac54-a24fe3c72555:c1295, 11ea7e38-68de-49e0-a413-0aa394144289:c1295]
2019-07-09 08:41:56,319 INFO  client.GrpcClientProtocolClient (GrpcClientProtocolClient.java:onNext(255)) - client-E42F58674560->3a39c983-6986-4da8-95c7-9482e2fa0f6f: receive RaftClientReply:client-E42F58674560->3a39c983-6986-4da8-95c7-9482e2fa0f6f@group-5E4216B2975C, cid=970, SUCCESS, logIndex=1299, commits[3a39c983-6986-4da8-95c7-9482e2fa0f6f:c1299, 0f15f03e-3179-4fc8-ac54-a24fe3c72555:c1295, 11ea7e38-68de-49e0-a413-0aa394144289:c1295]
2019-07-09 08:41:56,332 INFO  client.GrpcClientProtocolClient (GrpcClientProtocolClient.java:onNext(255)) - client-E42F58674560->3a39c983-6986-4da8-95c7-9482e2fa0f6f: receive RaftClientReply:client-E42F58674560->3a39c983-6986-4da8-95c7-9482e2fa0f6f@group-5E4216B2975C, cid=971, SUCCESS, logIndex=0, commits[3a39c983-6986-4da8-95c7-9482e2fa0f6f:c1302, 0f15f03e-3179-4fc8-ac54-a24fe3c72555:c1299, 11ea7e38-68de-49e0-a413-0aa394144289:c1297]
2019-07-09 08:41:56,352 INFO  client.GrpcClientProtocolClient (GrpcClientProtocolClient.java:onNext(255)) - client-E42F58674560->3a39c983-6986-4da8-95c7-9482e2fa0f6f: receive RaftClientReply:client-E42F58674560->3a39c983-6986-4da8-95c7-9482e2fa0f6f@group-5E4216B2975C, cid=972, SUCCESS, logIndex=1303, commits[3a39c983-6986-4da8-95c7-9482e2fa0f6f:c1304, 0f15f03e-3179-4fc8-ac54-a24fe3c72555:c1302, 11ea7e38-68de-49e0-a413-0aa394144289:c1302]
2019-07-09 08:41:56,352 INFO  client.GrpcClientProtocolClient (GrpcClientProtocolClient.java:onNext(255)) - client-E42F58674560->3a39c983-6986-4da8-95c7-9482e2fa0f6f: receive RaftClientReply:client-E42F58674560->3a39c983-6986-4da8-95c7-9482e2fa0f6f@group-5E4216B2975C, cid=973, SUCCESS, logIndex=1304, commits[3a39c983-6986-4da8-95c7-9482e2fa0f6f:c1304, 0f15f03e-3179-4fc8-ac54-a24fe3c72555:c1302, 11ea7e38-68de-49e0-a413-0aa394144289:c1302]
2019-07-09 08:41:56,365 INFO  client.GrpcClientProtocolClient (GrpcClientProtocolClient.java:onNext(255)) - client-E42F58674560->3a39c983-6986-4da8-95c7-9482e2fa0f6f: receive RaftClientReply:client-E42F58674560->3a39c983-6986-4da8-95c7-9482e2fa0f6f@group-5E4216B2975C, cid=974, SUCCESS, logIndex=1307, commits[3a39c983-6986-4da8-95c7-9482e2fa0f6f:c1307, 0f15f03e-3179-4fc8-ac54-a24fe3c72555:c1304, 11ea7e38-68de-49e0-a413-0aa394144289:c1304]
2019-07-09 08:41:56,366 INFO  client.GrpcClientProtocolClient (GrpcClientProtocolClient.java:onNext(255)) - client-E42F58674560->3a39c983-6986-4da8-95c7-9482e2fa0f6f: receive RaftClientReply:client-E42F58674560->3a39c983-6986-4da8-95c7-9482e2fa0f6f@group-5E4216B2975C, cid=975, SUCCESS, logIndex=1308, commits[3a39c983-6986-4da8-95c7-9482e2fa0f6f:c1308, 0f15f03e-3179-4fc8-ac54-a24fe3c72555:c1304, 11ea7e38-68de-49e0-a413-0aa394144289:c1304]
2019-07-09 08:41:56,380 INFO  client.GrpcClientProtocolClient (GrpcClientProtocolClient.java:onNext(255)) - client-E42F58674560->3a39c983-6986-4da8-95c7-9482e2fa0f6f: receive RaftClientReply:client-E42F58674560->3a39c983-6986-4da8-95c7-9482e2fa0f6f@group-5E4216B2975C, cid=976, SUCCESS, logIndex=0, commits[3a39c983-6986-4da8-95c7-9482e2fa0f6f:c1310, 0f15f03e-3179-4fc8-ac54-a24fe3c72555:c1308, 11ea7e38-68de-49e0-a413-0aa394144289:c1308]
2019-07-09 08:41:56,536 INFO  client.GrpcClientProtocolClient (GrpcClientProtocolClient.java:onNext(255)) - client-E42F58674560->3a39c983-6986-4da8-95c7-9482e2fa0f6f: receive RaftClientReply:client-E42F58674560->3a39c983-6986-4da8-95c7-9482e2fa0f6f@group-5E4216B2975C, cid=977, SUCCESS, logIndex=1311, commits[3a39c983-6986-4da8-95c7-9482e2fa0f6f:c1312, 0f15f03e-3179-4fc8-ac54-a24fe3c72555:c1310, 11ea7e38-68de-49e0-a413-0aa394144289:c1310]
2019-07-09 08:41:56,537 INFO  client.GrpcClientProtocolClient (GrpcClientProtocolClient.java:onNext(255)) - client-E42F58674560->3a39c983-6986-4da8-95c7-9482e2fa0f6f: receive RaftClientReply:client-E42F58674560->3a39c983-6986-4da8-95c7-9482e2fa0f6f@group-5E4216B2975C, cid=978, SUCCESS, logIndex=1312, commits[3a39c983-6986-4da8-95c7-9482e2fa0f6f:c1314, 0f15f03e-3179-4fc8-ac54-a24fe3c72555:c1310, 11ea7e38-68de-49e0-a413-0aa394144289:c1310]
2019-07-09 08:41:56,538 INFO  client.GrpcClientProtocolClient (GrpcClientProtocolClient.java:onNext(255)) - client-E42F58674560->3a39c983-6986-4da8-95c7-9482e2fa0f6f: receive RaftClientReply:client-E42F58674560->3a39c983-6986-4da8-95c7-9482e2fa0f6f@group-5E4216B2975C, cid=979, SUCCESS, logIndex=1313, commits[3a39c983-6986-4da8-95c7-9482e2fa0f6f:c1314, 0f15f03e-3179-4fc8-ac54-a24fe3c72555:c1310, 11ea7e38-68de-49e0-a413-0aa394144289:c1310]
2019-07-09 08:41:56,539 INFO  client.GrpcClientProtocolClient (GrpcClientProtocolClient.java:onNext(255)) - client-E42F58674560->3a39c983-6986-4da8-95c7-9482e2fa0f6f: receive RaftClientReply:client-E42F58674560->3a39c983-6986-4da8-95c7-9482e2fa0f6f@group-5E4216B2975C, cid=980, SUCCESS, logIndex=1314, commits[3a39c983-6986-4da8-95c7-9482e2fa0f6f:c1314, 0f15f03e-3179-4fc8-ac54-a24fe3c72555:c1310, 11ea7e38-68de-49e0-a413-0aa394144289:c1310]
2019-07-09 08:41:56,540 INFO  client.GrpcClientProtocolClient (GrpcClientProtocolClient.java:onNext(255)) - client-E42F58674560->3a39c983-6986-4da8-95c7-9482e2fa0f6f: receive RaftClientReply:client-E42F58674560->3a39c983-6986-4da8-95c7-9482e2fa0f6f@group-5E4216B2975C, cid=981, SUCCESS, logIndex=0, commits[3a39c983-6986-4da8-95c7-9482e2fa0f6f:c1318, 0f15f03e-3179-4fc8-ac54-a24fe3c72555:c1314, 11ea7e38-68de-49e0-a413-0aa394144289:c1314]
2019-07-09 08:41:56,563 INFO  client.GrpcClientProtocolClient (GrpcClientProtocolClient.java:onNext(255)) - client-E42F58674560->3a39c983-6986-4da8-95c7-9482e2fa0f6f: receive RaftClientReply:client-E42F58674560->3a39c983-6986-4da8-95c7-9482e2fa0f6f@group-5E4216B2975C, cid=982, SUCCESS, logIndex=1319, commits[3a39c983-6986-4da8-95c7-9482e2fa0f6f:c1320, 0f15f03e-3179-4fc8-ac54-a24fe3c72555:c1318, 11ea7e38-68de-49e0-a413-0aa394144289:c1318]
2019-07-09 08:41:56,563 INFO  client.GrpcClientProtocolClient (GrpcClientProtocolClient.java:onNext(255)) - client-E42F58674560->3a39c983-6986-4da8-95c7-9482e2fa0f6f: receive RaftClientReply:client-E42F58674560->3a39c983-6986-4da8-95c7-9482e2fa0f6f@group-5E4216B2975C, cid=983, SUCCESS, logIndex=1320, commits[3a39c983-6986-4da8-95c7-9482e2fa0f6f:c1320, 0f15f03e-3179-4fc8-ac54-a24fe3c72555:c1318, 11ea7e38-68de-49e0-a413-0aa394144289:c1318]
2019-07-09 08:41:56,587 INFO  client.GrpcClientProtocolClient (GrpcClientProtocolClient.java:onNext(255)) - client-E42F58674560->3a39c983-6986-4da8-95c7-9482e2fa0f6f: receive RaftClientReply:client-E42F58674560->3a39c983-6986-4da8-95c7-9482e2fa0f6f@group-5E4216B2975C, cid=984, SUCCESS, logIndex=1323, commits[3a39c983-6986-4da8-95c7-9482e2fa0f6f:c1324, 0f15f03e-3179-4fc8-ac54-a24fe3c72555:c1320, 11ea7e38-68de-49e0-a413-0aa394144289:c1320]
2019-07-09 08:41:56,588 INFO  client.GrpcClientProtocolClient (GrpcClientProtocolClient.java:onNext(255)) - client-E42F58674560->3a39c983-6986-4da8-95c7-9482e2fa0f6f: receive RaftClientReply:client-E42F58674560->3a39c983-6986-4da8-95c7-9482e2fa0f6f@group-5E4216B2975C, cid=985, SUCCESS, logIndex=1324, commits[3a39c983-6986-4da8-95c7-9482e2fa0f6f:c1324, 0f15f03e-3179-4fc8-ac54-a24fe3c72555:c1320, 11ea7e38-68de-49e0-a413-0aa394144289:c1320]
2019-07-09 08:41:56,600 INFO  client.GrpcClientProtocolClient (GrpcClientProtocolClient.java:onNext(255)) - client-E42F58674560->3a39c983-6986-4da8-95c7-9482e2fa0f6f: receive RaftClientReply:client-E42F58674560->3a39c983-6986-4da8-95c7-9482e2fa0f6f@group-5E4216B2975C, cid=986, SUCCESS, logIndex=0, commits[3a39c983-6986-4da8-95c7-9482e2fa0f6f:c1325, 0f15f03e-3179-4fc8-ac54-a24fe3c72555:c1324, 11ea7e38-68de-49e0-a413-0aa394144289:c1324]
2019-07-09 08:41:56,624 INFO  client.GrpcClientProtocolClient (GrpcClientProtocolClient.java:onNext(255)) - client-E42F58674560->3a39c983-6986-4da8-95c7-9482e2fa0f6f: receive RaftClientReply:client-E42F58674560->3a39c983-6986-4da8-95c7-9482e2fa0f6f@group-5E4216B2975C, cid=987, SUCCESS, logIndex=1327, commits[3a39c983-6986-4da8-95c7-9482e2fa0f6f:c1329, 0f15f03e-3179-4fc8-ac54-a24fe3c72555:c1326, 11ea7e38-68de-49e0-a413-0aa394144289:c1326]
2019-07-09 08:41:56,625 INFO  client.GrpcClientProtocolClient (GrpcClientProtocolClient.java:onNext(255)) - client-E42F58674560->3a39c983-6986-4da8-95c7-9482e2fa0f6f: receive RaftClientReply:client-E42F58674560->3a39c983-6986-4da8-95c7-9482e2fa0f6f@group-5E4216B2975C, cid=988, SUCCESS, logIndex=1328, commits[3a39c983-6986-4da8-95c7-9482e2fa0f6f:c1330, 0f15f03e-3179-4fc8-ac54-a24fe3c72555:c1326, 11ea7e38-68de-49e0-a413-0aa394144289:c1326]
2019-07-09 08:41:56,625 INFO  client.GrpcClientProtocolClient (GrpcClientProtocolClient.java:onNext(255)) - client-E42F58674560->3a39c983-6986-4da8-95c7-9482e2fa0f6f: receive RaftClientReply:client-E42F58674560->3a39c983-6986-4da8-95c7-9482e2fa0f6f@group-5E4216B2975C, cid=989, SUCCESS, logIndex=1329, commits[3a39c983-6986-4da8-95c7-9482e2fa0f6f:c1330, 0f15f03e-3179-4fc8-ac54-a24fe3c72555:c1326, 11ea7e38-68de-49e0-a413-0aa394144289:c1326]
2019-07-09 08:41:56,625 INFO  client.GrpcClientProtocolClient (GrpcClientProtocolClient.java:onNext(255)) - client-E42F58674560->3a39c983-6986-4da8-95c7-9482e2fa0f6f: receive RaftClientReply:client-E42F58674560->3a39c983-6986-4da8-95c7-9482e2fa0f6f@group-5E4216B2975C, cid=990, SUCCESS, logIndex=1330, commits[3a39c983-6986-4da8-95c7-9482e2fa0f6f:c1330, 0f15f03e-3179-4fc8-ac54-a24fe3c72555:c1326, 11ea7e38-68de-49e0-a413-0aa394144289:c1326]
2019-07-09 08:41:56,637 INFO  client.GrpcClientProtocolClient (GrpcClientProtocolClient.java:onNext(255)) - client-E42F58674560->3a39c983-6986-4da8-95c7-9482e2fa0f6f: receive RaftClientReply:client-E42F58674560->3a39c983-6986-4da8-95c7-9482e2fa0f6f@group-5E4216B2975C, cid=991, SUCCESS, logIndex=0, commits[3a39c983-6986-4da8-95c7-9482e2fa0f6f:c1334, 0f15f03e-3179-4fc8-ac54-a24fe3c72555:c1330, 11ea7e38-68de-49e0-a413-0aa394144289:c1328]
 0.00% |█                                                                                                    |  0/1 Time: 0:00:042019-07-09 08:41:56,657 INFO  client.GrpcClientProtocolClient (GrpcClientProtocolClient.java:onNext(255)) - client-E42F58674560->3a39c983-6986-4da8-95c7-9482e2fa0f6f: receive RaftClientReply:client-E42F58674560->3a39c983-6986-4da8-95c7-9482e2fa0f6f@group-5E4216B2975C, cid=992, SUCCESS, logIndex=1335, commits[3a39c983-6986-4da8-95c7-9482e2fa0f6f:c1335, 0f15f03e-3179-4fc8-ac54-a24fe3c72555:c1334, 11ea7e38-68de-49e0-a413-0aa394144289:c1334]
2019-07-09 08:41:56,658 INFO  client.GrpcClientProtocolClient (GrpcClientProtocolClient.java:onNext(255)) - client-E42F58674560->3a39c983-6986-4da8-95c7-9482e2fa0f6f: receive RaftClientReply:client-E42F58674560->3a39c983-6986-4da8-95c7-9482e2fa0f6f@group-5E4216B2975C, cid=993, SUCCESS, logIndex=1336, commits[3a39c983-6986-4da8-95c7-9482e2fa0f6f:c1336, 0f15f03e-3179-4fc8-ac54-a24fe3c72555:c1334, 11ea7e38-68de-49e0-a413-0aa394144289:c1334]
2019-07-09 08:41:56,672 INFO  client.GrpcClientProtocolClient (GrpcClientProtocolClient.java:onNext(255)) - client-E42F58674560->3a39c983-6986-4da8-95c7-9482e2fa0f6f: receive RaftClientReply:client-E42F58674560->3a39c983-6986-4da8-95c7-9482e2fa0f6f@group-5E4216B2975C, cid=994, SUCCESS, logIndex=1339, commits[3a39c983-6986-4da8-95c7-9482e2fa0f6f:c1340, 0f15f03e-3179-4fc8-ac54-a24fe3c72555:c1336, 11ea7e38-68de-49e0-a413-0aa394144289:c1336]
2019-07-09 08:41:56,672 INFO  client.GrpcClientProtocolClient (GrpcClientProtocolClient.java:onNext(255)) - client-E42F58674560->3a39c983-6986-4da8-95c7-9482e2fa0f6f: receive RaftClientReply:client-E42F58674560->3a39c983-6986-4da8-95c7-9482e2fa0f6f@group-5E4216B2975C, cid=995, SUCCESS, logIndex=1340, commits[3a39c983-6986-4da8-95c7-9482e2fa0f6f:c1340, 0f15f03e-3179-4fc8-ac54-a24fe3c72555:c1336, 11ea7e38-68de-49e0-a413-0aa394144289:c1336]
2019-07-09 08:41:56,688 INFO  client.GrpcClientProtocolClient (GrpcClientProtocolClient.java:onNext(255)) - client-E42F58674560->3a39c983-6986-4da8-95c7-9482e2fa0f6f: receive RaftClientReply:client-E42F58674560->3a39c983-6986-4da8-95c7-9482e2fa0f6f@group-5E4216B2975C, cid=996, SUCCESS, logIndex=0, commits[3a39c983-6986-4da8-95c7-9482e2fa0f6f:c1342, 0f15f03e-3179-4fc8-ac54-a24fe3c72555:c1340, 11ea7e38-68de-49e0-a413-0aa394144289:c1340]
2019-07-09 08:41:56,707 INFO  client.GrpcClientProtocolClient (GrpcClientProtocolClient.java:onNext(255)) - client-E42F58674560->3a39c983-6986-4da8-95c7-9482e2fa0f6f: receive RaftClientReply:client-E42F58674560->3a39c983-6986-4da8-95c7-9482e2fa0f6f@group-5E4216B2975C, cid=997, SUCCESS, logIndex=1343, commits[3a39c983-6986-4da8-95c7-9482e2fa0f6f:c1345, 0f15f03e-3179-4fc8-ac54-a24fe3c72555:c1342, 11ea7e38-68de-49e0-a413-0aa394144289:c1342]
2019-07-09 08:41:56,708 INFO  client.GrpcClientProtocolClient (GrpcClientProtocolClient.java:onNext(255)) - client-E42F58674560->3a39c983-6986-4da8-95c7-9482e2fa0f6f: receive RaftClientReply:client-E42F58674560->3a39c983-6986-4da8-95c7-9482e2fa0f6f@group-5E4216B2975C, cid=998, SUCCESS, logIndex=1344, commits[3a39c983-6986-4da8-95c7-9482e2fa0f6f:c1346, 0f15f03e-3179-4fc8-ac54-a24fe3c72555:c1342, 11ea7e38-68de-49e0-a413-0aa394144289:c1342]
2019-07-09 08:41:56,708 INFO  client.GrpcClientProtocolClient (GrpcClientProtocolClient.java:onNext(255)) - client-E42F58674560->3a39c983-6986-4da8-95c7-9482e2fa0f6f: receive RaftClientReply:client-E42F58674560->3a39c983-6986-4da8-95c7-9482e2fa0f6f@group-5E4216B2975C, cid=999, SUCCESS, logIndex=1345, commits[3a39c983-6986-4da8-95c7-9482e2fa0f6f:c1346, 0f15f03e-3179-4fc8-ac54-a24fe3c72555:c1342, 11ea7e38-68de-49e0-a413-0aa394144289:c1342]
2019-07-09 08:41:56,708 INFO  client.GrpcClientProtocolClient (GrpcClientProtocolClient.java:onNext(255)) - client-E42F58674560->3a39c983-6986-4da8-95c7-9482e2fa0f6f: receive RaftClientReply:client-E42F58674560->3a39c983-6986-4da8-95c7-9482e2fa0f6f@group-5E4216B2975C, cid=1000, SUCCESS, logIndex=1346, commits[3a39c983-6986-4da8-95c7-9482e2fa0f6f:c1346, 0f15f03e-3179-4fc8-ac54-a24fe3c72555:c1342, 11ea7e38-68de-49e0-a413-0aa394144289:c1342]
2019-07-09 08:41:56,710 INFO  client.GrpcClientProtocolClient (GrpcClientProtocolClient.java:onNext(255)) - client-E42F58674560->3a39c983-6986-4da8-95c7-9482e2fa0f6f: receive RaftClientReply:client-E42F58674560->3a39c983-6986-4da8-95c7-9482e2fa0f6f@group-5E4216B2975C, cid=1001, SUCCESS, logIndex=0, commits[3a39c983-6986-4da8-95c7-9482e2fa0f6f:c1347, 0f15f03e-3179-4fc8-ac54-a24fe3c72555:c1344, 11ea7e38-68de-49e0-a413-0aa394144289:c1344]
2019-07-09 08:41:56,724 INFO  client.GrpcClientProtocolClient (GrpcClientProtocolClient.java:onNext(255)) - client-E42F58674560->3a39c983-6986-4da8-95c7-9482e2fa0f6f: receive RaftClientReply:client-E42F58674560->3a39c983-6986-4da8-95c7-9482e2fa0f6f@group-5E4216B2975C, cid=1002, SUCCESS, logIndex=1351, commits[3a39c983-6986-4da8-95c7-9482e2fa0f6f:c1352, 0f15f03e-3179-4fc8-ac54-a24fe3c72555:c1347, 11ea7e38-68de-49e0-a413-0aa394144289:c1346]
2019-07-09 08:41:56,725 INFO  client.GrpcClientProtocolClient (GrpcClientProtocolClient.java:onNext(255)) - client-E42F58674560->3a39c983-6986-4da8-95c7-9482e2fa0f6f: receive RaftClientReply:client-E42F58674560->3a39c983-6986-4da8-95c7-9482e2fa0f6f@group-5E4216B2975C, cid=1003, SUCCESS, logIndex=1352, commits[3a39c983-6986-4da8-95c7-9482e2fa0f6f:c1352, 0f15f03e-3179-4fc8-ac54-a24fe3c72555:c1347, 11ea7e38-68de-49e0-a413-0aa394144289:c1347]
2019-07-09 08:41:56,737 INFO  client.GrpcClientProtocolClient (GrpcClientProtocolClient.java:onNext(255)) - client-E42F58674560->3a39c983-6986-4da8-95c7-9482e2fa0f6f: receive RaftClientReply:client-E42F58674560->3a39c983-6986-4da8-95c7-9482e2fa0f6f@group-5E4216B2975C, cid=1004, SUCCESS, logIndex=1355, commits[3a39c983-6986-4da8-95c7-9482e2fa0f6f:c1356, 0f15f03e-3179-4fc8-ac54-a24fe3c72555:c1352, 11ea7e38-68de-49e0-a413-0aa394144289:c1354]
2019-07-09 08:41:56,737 INFO  client.GrpcClientProtocolClient (GrpcClientProtocolClient.java:onNext(255)) - client-E42F58674560->3a39c983-6986-4da8-95c7-9482e2fa0f6f: receive RaftClientReply:client-E42F58674560->3a39c983-6986-4da8-95c7-9482e2fa0f6f@group-5E4216B2975C, cid=1005, SUCCESS, logIndex=1356, commits[3a39c983-6986-4da8-95c7-9482e2fa0f6f:c1356, 0f15f03e-3179-4fc8-ac54-a24fe3c72555:c1354, 11ea7e38-68de-49e0-a413-0aa394144289:c1354]
2019-07-09 08:41:56,740 INFO  client.GrpcClientProtocolClient (GrpcClientProtocolClient.java:onNext(255)) - client-E42F58674560->3a39c983-6986-4da8-95c7-9482e2fa0f6f: receive RaftClientReply:client-E42F58674560->3a39c983-6986-4da8-95c7-9482e2fa0f6f@group-5E4216B2975C, cid=1006, SUCCESS, logIndex=0, commits[3a39c983-6986-4da8-95c7-9482e2fa0f6f:c1357, 0f15f03e-3179-4fc8-ac54-a24fe3c72555:c1356, 11ea7e38-68de-49e0-a413-0aa394144289:c1356]
2019-07-09 08:41:56,754 INFO  client.GrpcClientProtocolClient (GrpcClientProtocolClient.java:onNext(255)) - client-E42F58674560->3a39c983-6986-4da8-95c7-9482e2fa0f6f: receive RaftClientReply:client-E42F58674560->3a39c983-6986-4da8-95c7-9482e2fa0f6f@group-5E4216B2975C, cid=1007, SUCCESS, logIndex=1359, commits[3a39c983-6986-4da8-95c7-9482e2fa0f6f:c1362, 0f15f03e-3179-4fc8-ac54-a24fe3c72555:c1356, 11ea7e38-68de-49e0-a413-0aa394144289:c1358]
2019-07-09 08:41:56,754 INFO  client.GrpcClientProtocolClient (GrpcClientProtocolClient.java:onNext(255)) - client-E42F58674560->3a39c983-6986-4da8-95c7-9482e2fa0f6f: receive RaftClientReply:client-E42F58674560->3a39c983-6986-4da8-95c7-9482e2fa0f6f@group-5E4216B2975C, cid=1008, SUCCESS, logIndex=1360, commits[3a39c983-6986-4da8-95c7-9482e2fa0f6f:c1362, 0f15f03e-3179-4fc8-ac54-a24fe3c72555:c1358, 11ea7e38-68de-49e0-a413-0aa394144289:c1358]
2019-07-09 08:41:56,755 INFO  client.GrpcClientProtocolClient (GrpcClientProtocolClient.java:onNext(255)) - client-E42F58674560->3a39c983-6986-4da8-95c7-9482e2fa0f6f: receive RaftClientReply:client-E42F58674560->3a39c983-6986-4da8-95c7-9482e2fa0f6f@group-5E4216B2975C, cid=1009, SUCCESS, logIndex=1361, commits[3a39c983-6986-4da8-95c7-9482e2fa0f6f:c1362, 0f15f03e-3179-4fc8-ac54-a24fe3c72555:c1358, 11ea7e38-68de-49e0-a413-0aa394144289:c1358]
2019-07-09 08:41:56,755 INFO  client.GrpcClientProtocolClient (GrpcClientProtocolClient.java:onNext(255)) - client-E42F58674560->3a39c983-6986-4da8-95c7-9482e2fa0f6f: receive RaftClientReply:client-E42F58674560->3a39c983-6986-4da8-95c7-9482e2fa0f6f@group-5E4216B2975C, cid=1010, SUCCESS, logIndex=1362, commits[3a39c983-6986-4da8-95c7-9482e2fa0f6f:c1362, 0f15f03e-3179-4fc8-ac54-a24fe3c72555:c1358, 11ea7e38-68de-49e0-a413-0aa394144289:c1358]
2019-07-09 08:41:56,758 INFO  client.GrpcClientProtocolClient (GrpcClientProtocolClient.java:onNext(255)) - client-E42F58674560->3a39c983-6986-4da8-95c7-9482e2fa0f6f: receive RaftClientReply:client-E42F58674560->3a39c983-6986-4da8-95c7-9482e2fa0f6f@group-5E4216B2975C, cid=1011, SUCCESS, logIndex=0, commits[3a39c983-6986-4da8-95c7-9482e2fa0f6f:c1364, 0f15f03e-3179-4fc8-ac54-a24fe3c72555:c1362, 11ea7e38-68de-49e0-a413-0aa394144289:c1360]
2019-07-09 08:41:56,770 INFO  client.GrpcClientProtocolClient (GrpcClientProtocolClient.java:onNext(255)) - client-E42F58674560->3a39c983-6986-4da8-95c7-9482e2fa0f6f: receive RaftClientReply:client-E42F58674560->3a39c983-6986-4da8-95c7-9482e2fa0f6f@group-5E4216B2975C, cid=1012, SUCCESS, logIndex=1366, commits[3a39c983-6986-4da8-95c7-9482e2fa0f6f:c1367, 0f15f03e-3179-4fc8-ac54-a24fe3c72555:c1362, 11ea7e38-68de-49e0-a413-0aa394144289:c1365]
2019-07-09 08:41:56,771 INFO  client.GrpcClientProtocolClient (GrpcClientProtocolClient.java:onNext(255)) - client-E42F58674560->3a39c983-6986-4da8-95c7-9482e2fa0f6f: receive RaftClientReply:client-E42F58674560->3a39c983-6986-4da8-95c7-9482e2fa0f6f@group-5E4216B2975C, cid=1013, SUCCESS, logIndex=1367, commits[3a39c983-6986-4da8-95c7-9482e2fa0f6f:c1367, 0f15f03e-3179-4fc8-ac54-a24fe3c72555:c1365, 11ea7e38-68de-49e0-a413-0aa394144289:c1365]
2019-07-09 08:41:56,782 INFO  client.GrpcClientProtocolClient (GrpcClientProtocolClient.java:onNext(255)) - client-E42F58674560->3a39c983-6986-4da8-95c7-9482e2fa0f6f: receive RaftClientReply:client-E42F58674560->3a39c983-6986-4da8-95c7-9482e2fa0f6f@group-5E4216B2975C, cid=1014, SUCCESS, logIndex=1370, commits[3a39c983-6986-4da8-95c7-9482e2fa0f6f:c1371, 0f15f03e-3179-4fc8-ac54-a24fe3c72555:c1369, 11ea7e38-68de-49e0-a413-0aa394144289:c1369]
2019-07-09 08:41:56,782 INFO  client.GrpcClientProtocolClient (GrpcClientProtocolClient.java:onNext(255)) - client-E42F58674560->3a39c983-6986-4da8-95c7-9482e2fa0f6f: receive RaftClientReply:client-E42F58674560->3a39c983-6986-4da8-95c7-9482e2fa0f6f@group-5E4216B2975C, cid=1015, SUCCESS, logIndex=1371, commits[3a39c983-6986-4da8-95c7-9482e2fa0f6f:c1371, 0f15f03e-3179-4fc8-ac54-a24fe3c72555:c1369, 11ea7e38-68de-49e0-a413-0aa394144289:c1369]
2019-07-09 08:41:56,787 INFO  client.GrpcClientProtocolClient (GrpcClientProtocolClient.java:onNext(255)) - client-E42F58674560->3a39c983-6986-4da8-95c7-9482e2fa0f6f: receive RaftClientReply:client-E42F58674560->3a39c983-6986-4da8-95c7-9482e2fa0f6f@group-5E4216B2975C, cid=1016, SUCCESS, logIndex=0, commits[3a39c983-6986-4da8-95c7-9482e2fa0f6f:c1372, 0f15f03e-3179-4fc8-ac54-a24fe3c72555:c1371, 11ea7e38-68de-49e0-a413-0aa394144289:c1371]
2019-07-09 08:41:56,797 INFO  client.GrpcClientProtocolClient (GrpcClientProtocolClient.java:onNext(255)) - client-E42F58674560->3a39c983-6986-4da8-95c7-9482e2fa0f6f: receive RaftClientReply:client-E42F58674560->3a39c983-6986-4da8-95c7-9482e2fa0f6f@group-5E4216B2975C, cid=1017, SUCCESS, logIndex=1374, commits[3a39c983-6986-4da8-95c7-9482e2fa0f6f:c1375, 0f15f03e-3179-4fc8-ac54-a24fe3c72555:c1371, 11ea7e38-68de-49e0-a413-0aa394144289:c1373]
2019-07-09 08:41:56,798 INFO  client.GrpcClientProtocolClient (GrpcClientProtocolClient.java:onNext(255)) - client-E42F58674560->3a39c983-6986-4da8-95c7-9482e2fa0f6f: receive RaftClientReply:client-E42F58674560->3a39c983-6986-4da8-95c7-9482e2fa0f6f@group-5E4216B2975C, cid=1018, SUCCESS, logIndex=1375, commits[3a39c983-6986-4da8-95c7-9482e2fa0f6f:c1375, 0f15f03e-3179-4fc8-ac54-a24fe3c72555:c1373, 11ea7e38-68de-49e0-a413-0aa394144289:c1373]
2019-07-09 08:41:56,822 INFO  client.GrpcClientProtocolClient (GrpcClientProtocolClient.java:onNext(255)) - client-E42F58674560->3a39c983-6986-4da8-95c7-9482e2fa0f6f: receive RaftClientReply:client-E42F58674560->3a39c983-6986-4da8-95c7-9482e2fa0f6f@group-5E4216B2975C, cid=1019, SUCCESS, logIndex=1376, commits[3a39c983-6986-4da8-95c7-9482e2fa0f6f:c1379, 0f15f03e-3179-4fc8-ac54-a24fe3c72555:c1375, 11ea7e38-68de-49e0-a413-0aa394144289:c1373]
2019-07-09 08:41:56,823 INFO  client.GrpcClientProtocolClient (GrpcClientProtocolClient.java:onNext(255)) - client-E42F58674560->3a39c983-6986-4da8-95c7-9482e2fa0f6f: receive RaftClientReply:client-E42F58674560->3a39c983-6986-4da8-95c7-9482e2fa0f6f@group-5E4216B2975C, cid=1020, SUCCESS, logIndex=1377, commits[3a39c983-6986-4da8-95c7-9482e2fa0f6f:c1379, 0f15f03e-3179-4fc8-ac54-a24fe3c72555:c1375, 11ea7e38-68de-49e0-a413-0aa394144289:c1374]
2019-07-09 08:41:56,824 INFO  client.GrpcClientProtocolClient (GrpcClientProtocolClient.java:onNext(255)) - client-E42F58674560->3a39c983-6986-4da8-95c7-9482e2fa0f6f: receive RaftClientReply:client-E42F58674560->3a39c983-6986-4da8-95c7-9482e2fa0f6f@group-5E4216B2975C, cid=1021, SUCCESS, logIndex=0, commits[3a39c983-6986-4da8-95c7-9482e2fa0f6f:c1379, 0f15f03e-3179-4fc8-ac54-a24fe3c72555:c1375, 11ea7e38-68de-49e0-a413-0aa394144289:c1375]
2019-07-09 08:41:56,846 INFO  client.GrpcClientProtocolClient (GrpcClientProtocolClient.java:onNext(255)) - client-E42F58674560->3a39c983-6986-4da8-95c7-9482e2fa0f6f: receive RaftClientReply:client-E42F58674560->3a39c983-6986-4da8-95c7-9482e2fa0f6f@group-5E4216B2975C, cid=1022, SUCCESS, logIndex=1382, commits[3a39c983-6986-4da8-95c7-9482e2fa0f6f:c1383, 0f15f03e-3179-4fc8-ac54-a24fe3c72555:c1381, 11ea7e38-68de-49e0-a413-0aa394144289:c1381]
2019-07-09 08:41:56,846 INFO  client.GrpcClientProtocolClient (GrpcClientProtocolClient.java:onNext(255)) - client-E42F58674560->3a39c983-6986-4da8-95c7-9482e2fa0f6f: receive RaftClientReply:client-E42F58674560->3a39c983-6986-4da8-95c7-9482e2fa0f6f@group-5E4216B2975C, cid=1023, SUCCESS, logIndex=1383, commits[3a39c983-6986-4da8-95c7-9482e2fa0f6f:c1383, 0f15f03e-3179-4fc8-ac54-a24fe3c72555:c1381, 11ea7e38-68de-49e0-a413-0aa394144289:c1381]
2019-07-09 08:41:56,859 INFO  client.GrpcClientProtocolClient (GrpcClientProtocolClient.java:onNext(255)) - client-E42F58674560->3a39c983-6986-4da8-95c7-9482e2fa0f6f: receive RaftClientReply:client-E42F58674560->3a39c983-6986-4da8-95c7-9482e2fa0f6f@group-5E4216B2975C, cid=1024, SUCCESS, logIndex=1386, commits[3a39c983-6986-4da8-95c7-9482e2fa0f6f:c1387, 0f15f03e-3179-4fc8-ac54-a24fe3c72555:c1383, 11ea7e38-68de-49e0-a413-0aa394144289:c1383]
2019-07-09 08:41:56,859 INFO  client.GrpcClientProtocolClient (GrpcClientProtocolClient.java:onNext(255)) - client-E42F58674560->3a39c983-6986-4da8-95c7-9482e2fa0f6f: receive RaftClientReply:client-E42F58674560->3a39c983-6986-4da8-95c7-9482e2fa0f6f@group-5E4216B2975C, cid=1025, SUCCESS, logIndex=1387, commits[3a39c983-6986-4da8-95c7-9482e2fa0f6f:c1387, 0f15f03e-3179-4fc8-ac54-a24fe3c72555:c1383, 11ea7e38-68de-49e0-a413-0aa394144289:c1383]
2019-07-09 08:41:56,861 INFO  client.GrpcClientProtocolClient (GrpcClientProtocolClient.java:onNext(255)) - client-E42F58674560->3a39c983-6986-4da8-95c7-9482e2fa0f6f: receive RaftClientReply:client-E42F58674560->3a39c983-6986-4da8-95c7-9482e2fa0f6f@group-5E4216B2975C, cid=1026, SUCCESS, logIndex=0, commits[3a39c983-6986-4da8-95c7-9482e2fa0f6f:c1388, 0f15f03e-3179-4fc8-ac54-a24fe3c72555:c1387, 11ea7e38-68de-49e0-a413-0aa394144289:c1387]
2019-07-09 08:41:56,882 INFO  client.GrpcClientProtocolClient (GrpcClientProtocolClient.java:onNext(255)) - client-E42F58674560->3a39c983-6986-4da8-95c7-9482e2fa0f6f: receive RaftClientReply:client-E42F58674560->3a39c983-6986-4da8-95c7-9482e2fa0f6f@group-5E4216B2975C, cid=1027, SUCCESS, logIndex=1390, commits[3a39c983-6986-4da8-95c7-9482e2fa0f6f:c1391, 0f15f03e-3179-4fc8-ac54-a24fe3c72555:c1389, 11ea7e38-68de-49e0-a413-0aa394144289:c1389]
2019-07-09 08:41:56,883 INFO  client.GrpcClientProtocolClient (GrpcClientProtocolClient.java:onNext(255)) - client-E42F58674560->3a39c983-6986-4da8-95c7-9482e2fa0f6f: receive RaftClientReply:client-E42F58674560->3a39c983-6986-4da8-95c7-9482e2fa0f6f@group-5E4216B2975C, cid=1028, SUCCESS, logIndex=1391, commits[3a39c983-6986-4da8-95c7-9482e2fa0f6f:c1393, 0f15f03e-3179-4fc8-ac54-a24fe3c72555:c1389, 11ea7e38-68de-49e0-a413-0aa394144289:c1389]
2019-07-09 08:41:56,883 INFO  client.GrpcClientProtocolClient (GrpcClientProtocolClient.java:onNext(255)) - client-E42F58674560->3a39c983-6986-4da8-95c7-9482e2fa0f6f: receive RaftClientReply:client-E42F58674560->3a39c983-6986-4da8-95c7-9482e2fa0f6f@group-5E4216B2975C, cid=1029, SUCCESS, logIndex=1392, commits[3a39c983-6986-4da8-95c7-9482e2fa0f6f:c1393, 0f15f03e-3179-4fc8-ac54-a24fe3c72555:c1389, 11ea7e38-68de-49e0-a413-0aa394144289:c1389]
2019-07-09 08:41:56,884 INFO  client.GrpcClientProtocolClient (GrpcClientProtocolClient.java:onNext(255)) - client-E42F58674560->3a39c983-6986-4da8-95c7-9482e2fa0f6f: receive RaftClientReply:client-E42F58674560->3a39c983-6986-4da8-95c7-9482e2fa0f6f@group-5E4216B2975C, cid=1030, SUCCESS, logIndex=1393, commits[3a39c983-6986-4da8-95c7-9482e2fa0f6f:c1394, 0f15f03e-3179-4fc8-ac54-a24fe3c72555:c1391, 11ea7e38-68de-49e0-a413-0aa394144289:c1389]
2019-07-09 08:41:56,885 INFO  client.GrpcClientProtocolClient (GrpcClientProtocolClient.java:onNext(255)) - client-E42F58674560->3a39c983-6986-4da8-95c7-9482e2fa0f6f: receive RaftClientReply:client-E42F58674560->3a39c983-6986-4da8-95c7-9482e2fa0f6f@group-5E4216B2975C, cid=1031, SUCCESS, logIndex=0, commits[3a39c983-6986-4da8-95c7-9482e2fa0f6f:c1397, 0f15f03e-3179-4fc8-ac54-a24fe3c72555:c1393, 11ea7e38-68de-49e0-a413-0aa394144289:c1391]
2019-07-09 08:41:56,904 INFO  client.GrpcClientProtocolClient (GrpcClientProtocolClient.java:onNext(255)) - client-E42F58674560->3a39c983-6986-4da8-95c7-9482e2fa0f6f: receive RaftClientReply:client-E42F58674560->3a39c983-6986-4da8-95c7-9482e2fa0f6f@group-5E4216B2975C, cid=1032, SUCCESS, logIndex=1398, commits[3a39c983-6986-4da8-95c7-9482e2fa0f6f:c1399, 0f15f03e-3179-4fc8-ac54-a24fe3c72555:c1397, 11ea7e38-68de-49e0-a413-0aa394144289:c1397]
2019-07-09 08:41:56,905 INFO  client.GrpcClientProtocolClient (GrpcClientProtocolClient.java:onNext(255)) - client-E42F58674560->3a39c983-6986-4da8-95c7-9482e2fa0f6f: receive RaftClientReply:client-E42F58674560->3a39c983-6986-4da8-95c7-9482e2fa0f6f@group-5E4216B2975C, cid=1033, SUCCESS, logIndex=1399, commits[3a39c983-6986-4da8-95c7-9482e2fa0f6f:c1399, 0f15f03e-3179-4fc8-ac54-a24fe3c72555:c1397, 11ea7e38-68de-49e0-a413-0aa394144289:c1397]
2019-07-09 08:41:56,919 INFO  client.GrpcClientProtocolClient (GrpcClientProtocolClient.java:onNext(255)) - client-E42F58674560->3a39c983-6986-4da8-95c7-9482e2fa0f6f: receive RaftClientReply:client-E42F58674560->3a39c983-6986-4da8-95c7-9482e2fa0f6f@group-5E4216B2975C, cid=1034, SUCCESS, logIndex=1402, commits[3a39c983-6986-4da8-95c7-9482e2fa0f6f:c1403, 0f15f03e-3179-4fc8-ac54-a24fe3c72555:c1399, 11ea7e38-68de-49e0-a413-0aa394144289:c1399]
2019-07-09 08:41:56,920 INFO  client.GrpcClientProtocolClient (GrpcClientProtocolClient.java:onNext(255)) - client-E42F58674560->3a39c983-6986-4da8-95c7-9482e2fa0f6f: receive RaftClientReply:client-E42F58674560->3a39c983-6986-4da8-95c7-9482e2fa0f6f@group-5E4216B2975C, cid=1035, SUCCESS, logIndex=1403, commits[3a39c983-6986-4da8-95c7-9482e2fa0f6f:c1403, 0f15f03e-3179-4fc8-ac54-a24fe3c72555:c1399, 11ea7e38-68de-49e0-a413-0aa394144289:c1399]
2019-07-09 08:41:56,934 INFO  client.GrpcClientProtocolClient (GrpcClientProtocolClient.java:onNext(255)) - client-E42F58674560->3a39c983-6986-4da8-95c7-9482e2fa0f6f: receive RaftClientReply:client-E42F58674560->3a39c983-6986-4da8-95c7-9482e2fa0f6f@group-5E4216B2975C, cid=1036, SUCCESS, logIndex=0, commits[3a39c983-6986-4da8-95c7-9482e2fa0f6f:c1405, 0f15f03e-3179-4fc8-ac54-a24fe3c72555:c1403, 11ea7e38-68de-49e0-a413-0aa394144289:c1403]
2019-07-09 08:41:56,967 INFO  client.GrpcClientProtocolClient (GrpcClientProtocolClient.java:onNext(255)) - client-E42F58674560->3a39c983-6986-4da8-95c7-9482e2fa0f6f: receive RaftClientReply:client-E42F58674560->3a39c983-6986-4da8-95c7-9482e2fa0f6f@group-5E4216B2975C, cid=1037, SUCCESS, logIndex=1406, commits[3a39c983-6986-4da8-95c7-9482e2fa0f6f:c1407, 0f15f03e-3179-4fc8-ac54-a24fe3c72555:c1405, 11ea7e38-68de-49e0-a413-0aa394144289:c1405]
2019-07-09 08:41:56,967 INFO  client.GrpcClientProtocolClient (GrpcClientProtocolClient.java:onNext(255)) - client-E42F58674560->3a39c983-6986-4da8-95c7-9482e2fa0f6f: receive RaftClientReply:client-E42F58674560->3a39c983-6986-4da8-95c7-9482e2fa0f6f@group-5E4216B2975C, cid=1038, SUCCESS, logIndex=1407, commits[3a39c983-6986-4da8-95c7-9482e2fa0f6f:c1407, 0f15f03e-3179-4fc8-ac54-a24fe3c72555:c1405, 11ea7e38-68de-49e0-a413-0aa394144289:c1405]
2019-07-09 08:41:56,968 INFO  client.GrpcClientProtocolClient (GrpcClientProtocolClient.java:onNext(255)) - client-E42F58674560->3a39c983-6986-4da8-95c7-9482e2fa0f6f: receive RaftClientReply:client-E42F58674560->3a39c983-6986-4da8-95c7-9482e2fa0f6f@group-5E4216B2975C, cid=1039, SUCCESS, logIndex=1408, commits[3a39c983-6986-4da8-95c7-9482e2fa0f6f:c1409, 0f15f03e-3179-4fc8-ac54-a24fe3c72555:c1405, 11ea7e38-68de-49e0-a413-0aa394144289:c1405]
2019-07-09 08:41:56,968 INFO  client.GrpcClientProtocolClient (GrpcClientProtocolClient.java:onNext(255)) - client-E42F58674560->3a39c983-6986-4da8-95c7-9482e2fa0f6f: receive RaftClientReply:client-E42F58674560->3a39c983-6986-4da8-95c7-9482e2fa0f6f@group-5E4216B2975C, cid=1040, SUCCESS, logIndex=1409, commits[3a39c983-6986-4da8-95c7-9482e2fa0f6f:c1409, 0f15f03e-3179-4fc8-ac54-a24fe3c72555:c1405, 11ea7e38-68de-49e0-a413-0aa394144289:c1405]
2019-07-09 08:41:56,970 INFO  client.GrpcClientProtocolClient (GrpcClientProtocolClient.java:onNext(255)) - client-E42F58674560->3a39c983-6986-4da8-95c7-9482e2fa0f6f: receive RaftClientReply:client-E42F58674560->3a39c983-6986-4da8-95c7-9482e2fa0f6f@group-5E4216B2975C, cid=1041, SUCCESS, logIndex=0, commits[3a39c983-6986-4da8-95c7-9482e2fa0f6f:c1411, 0f15f03e-3179-4fc8-ac54-a24fe3c72555:c1407, 11ea7e38-68de-49e0-a413-0aa394144289:c1407]
2019-07-09 08:41:56,984 INFO  client.GrpcClientProtocolClient (GrpcClientProtocolClient.java:onNext(255)) - client-E42F58674560->3a39c983-6986-4da8-95c7-9482e2fa0f6f: receive RaftClientReply:client-E42F58674560->3a39c983-6986-4da8-95c7-9482e2fa0f6f@group-5E4216B2975C, cid=1042, SUCCESS, logIndex=1414, commits[3a39c983-6986-4da8-95c7-9482e2fa0f6f:c1415, 0f15f03e-3179-4fc8-ac54-a24fe3c72555:c1409, 11ea7e38-68de-49e0-a413-0aa394144289:c1411]
2019-07-09 08:41:56,985 INFO  client.GrpcClientProtocolClient (GrpcClientProtocolClient.java:onNext(255)) - client-E42F58674560->3a39c983-6986-4da8-95c7-9482e2fa0f6f: receive RaftClientReply:client-E42F58674560->3a39c983-6986-4da8-95c7-9482e2fa0f6f@group-5E4216B2975C, cid=1043, SUCCESS, logIndex=1415, commits[3a39c983-6986-4da8-95c7-9482e2fa0f6f:c1415, 0f15f03e-3179-4fc8-ac54-a24fe3c72555:c1411, 11ea7e38-68de-49e0-a413-0aa394144289:c1411]
2019-07-09 08:41:57,112 INFO  client.GrpcClientProtocolClient (GrpcClientProtocolClient.java:onNext(255)) - client-E42F58674560->3a39c983-6986-4da8-95c7-9482e2fa0f6f: receive RaftClientReply:client-E42F58674560->3a39c983-6986-4da8-95c7-9482e2fa0f6f@group-5E4216B2975C, cid=1044, SUCCESS, logIndex=1417, commits[3a39c983-6986-4da8-95c7-9482e2fa0f6f:c1418, 0f15f03e-3179-4fc8-ac54-a24fe3c72555:c1415, 11ea7e38-68de-49e0-a413-0aa394144289:c1415]
2019-07-09 08:41:57,113 INFO  client.GrpcClientProtocolClient (GrpcClientProtocolClient.java:onNext(255)) - client-E42F58674560->3a39c983-6986-4da8-95c7-9482e2fa0f6f: receive RaftClientReply:client-E42F58674560->3a39c983-6986-4da8-95c7-9482e2fa0f6f@group-5E4216B2975C, cid=1045, SUCCESS, logIndex=1418, commits[3a39c983-6986-4da8-95c7-9482e2fa0f6f:c1418, 0f15f03e-3179-4fc8-ac54-a24fe3c72555:c1415, 11ea7e38-68de-49e0-a413-0aa394144289:c1415]
2019-07-09 08:41:57,124 INFO  client.GrpcClientProtocolClient (GrpcClientProtocolClient.java:onNext(255)) - client-E42F58674560->3a39c983-6986-4da8-95c7-9482e2fa0f6f: receive RaftClientReply:client-E42F58674560->3a39c983-6986-4da8-95c7-9482e2fa0f6f@group-5E4216B2975C, cid=1046, SUCCESS, logIndex=0, commits[3a39c983-6986-4da8-95c7-9482e2fa0f6f:c1419, 0f15f03e-3179-4fc8-ac54-a24fe3c72555:c1418, 11ea7e38-68de-49e0-a413-0aa394144289:c1418]
2019-07-09 08:41:57,148 INFO  client.GrpcClientProtocolClient (GrpcClientProtocolClient.java:onNext(255)) - client-E42F58674560->3a39c983-6986-4da8-95c7-9482e2fa0f6f: receive RaftClientReply:client-E42F58674560->3a39c983-6986-4da8-95c7-9482e2fa0f6f@group-5E4216B2975C, cid=1047, SUCCESS, logIndex=1421, commits[3a39c983-6986-4da8-95c7-9482e2fa0f6f:c1424, 0f15f03e-3179-4fc8-ac54-a24fe3c72555:c1420, 11ea7e38-68de-49e0-a413-0aa394144289:c1420]
2019-07-09 08:41:57,149 INFO  client.GrpcClientProtocolClient (GrpcClientProtocolClient.java:onNext(255)) - client-E42F58674560->3a39c983-6986-4da8-95c7-9482e2fa0f6f: receive RaftClientReply:client-E42F58674560->3a39c983-6986-4da8-95c7-9482e2fa0f6f@group-5E4216B2975C, cid=1048, SUCCESS, logIndex=1422, commits[3a39c983-6986-4da8-95c7-9482e2fa0f6f:c1424, 0f15f03e-3179-4fc8-ac54-a24fe3c72555:c1420, 11ea7e38-68de-49e0-a413-0aa394144289:c1420]
2019-07-09 08:41:57,149 INFO  client.GrpcClientProtocolClient (GrpcClientProtocolClient.java:onNext(255)) - client-E42F58674560->3a39c983-6986-4da8-95c7-9482e2fa0f6f: receive RaftClientReply:client-E42F58674560->3a39c983-6986-4da8-95c7-9482e2fa0f6f@group-5E4216B2975C, cid=1049, SUCCESS, logIndex=1423, commits[3a39c983-6986-4da8-95c7-9482e2fa0f6f:c1424, 0f15f03e-3179-4fc8-ac54-a24fe3c72555:c1420, 11ea7e38-68de-49e0-a413-0aa394144289:c1420]
2019-07-09 08:41:57,150 INFO  client.GrpcClientProtocolClient (GrpcClientProtocolClient.java:onNext(255)) - client-E42F58674560->3a39c983-6986-4da8-95c7-9482e2fa0f6f: receive RaftClientReply:client-E42F58674560->3a39c983-6986-4da8-95c7-9482e2fa0f6f@group-5E4216B2975C, cid=1050, SUCCESS, logIndex=1424, commits[3a39c983-6986-4da8-95c7-9482e2fa0f6f:c1424, 0f15f03e-3179-4fc8-ac54-a24fe3c72555:c1420, 11ea7e38-68de-49e0-a413-0aa394144289:c1420]
2019-07-09 08:41:57,151 INFO  client.GrpcClientProtocolClient (GrpcClientProtocolClient.java:onNext(255)) - client-E42F58674560->3a39c983-6986-4da8-95c7-9482e2fa0f6f: receive RaftClientReply:client-E42F58674560->3a39c983-6986-4da8-95c7-9482e2fa0f6f@group-5E4216B2975C, cid=1051, SUCCESS, logIndex=0, commits[3a39c983-6986-4da8-95c7-9482e2fa0f6f:c1425, 0f15f03e-3179-4fc8-ac54-a24fe3c72555:c1422, 11ea7e38-68de-49e0-a413-0aa394144289:c1422]
2019-07-09 08:41:57,175 INFO  client.GrpcClientProtocolClient (GrpcClientProtocolClient.java:onNext(255)) - client-E42F58674560->3a39c983-6986-4da8-95c7-9482e2fa0f6f: receive RaftClientReply:client-E42F58674560->3a39c983-6986-4da8-95c7-9482e2fa0f6f@group-5E4216B2975C, cid=1052, SUCCESS, logIndex=1429, commits[3a39c983-6986-4da8-95c7-9482e2fa0f6f:c1430, 0f15f03e-3179-4fc8-ac54-a24fe3c72555:c1425, 11ea7e38-68de-49e0-a413-0aa394144289:c1425]
2019-07-09 08:41:57,176 INFO  client.GrpcClientProtocolClient (GrpcClientProtocolClient.java:onNext(255)) - client-E42F58674560->3a39c983-6986-4da8-95c7-9482e2fa0f6f: receive RaftClientReply:client-E42F58674560->3a39c983-6986-4da8-95c7-9482e2fa0f6f@group-5E4216B2975C, cid=1053, SUCCESS, logIndex=1430, commits[3a39c983-6986-4da8-95c7-9482e2fa0f6f:c1430, 0f15f03e-3179-4fc8-ac54-a24fe3c72555:c1425, 11ea7e38-68de-49e0-a413-0aa394144289:c1425]
2019-07-09 08:41:57,201 INFO  client.GrpcClientProtocolClient (GrpcClientProtocolClient.java:onNext(255)) - client-E42F58674560->3a39c983-6986-4da8-95c7-9482e2fa0f6f: receive RaftClientReply:client-E42F58674560->3a39c983-6986-4da8-95c7-9482e2fa0f6f@group-5E4216B2975C, cid=1054, SUCCESS, logIndex=1433, commits[3a39c983-6986-4da8-95c7-9482e2fa0f6f:c1433, 0f15f03e-3179-4fc8-ac54-a24fe3c72555:c1430, 11ea7e38-68de-49e0-a413-0aa394144289:c1430]
2019-07-09 08:41:57,201 INFO  client.GrpcClientProtocolClient (GrpcClientProtocolClient.java:onNext(255)) - client-E42F58674560->3a39c983-6986-4da8-95c7-9482e2fa0f6f: receive RaftClientReply:client-E42F58674560->3a39c983-6986-4da8-95c7-9482e2fa0f6f@group-5E4216B2975C, cid=1055, SUCCESS, logIndex=1434, commits[3a39c983-6986-4da8-95c7-9482e2fa0f6f:c1434, 0f15f03e-3179-4fc8-ac54-a24fe3c72555:c1430, 11ea7e38-68de-49e0-a413-0aa394144289:c1430]
2019-07-09 08:41:57,226 INFO  client.GrpcClientProtocolClient (GrpcClientProtocolClient.java:onNext(255)) - client-E42F58674560->3a39c983-6986-4da8-95c7-9482e2fa0f6f: receive RaftClientReply:client-E42F58674560->3a39c983-6986-4da8-95c7-9482e2fa0f6f@group-5E4216B2975C, cid=1056, SUCCESS, logIndex=0, commits[3a39c983-6986-4da8-95c7-9482e2fa0f6f:c1436, 0f15f03e-3179-4fc8-ac54-a24fe3c72555:c1434, 11ea7e38-68de-49e0-a413-0aa394144289:c1434]
2019-07-09 08:41:57,247 INFO  client.GrpcClientProtocolClient (GrpcClientProtocolClient.java:onNext(255)) - client-E42F58674560->3a39c983-6986-4da8-95c7-9482e2fa0f6f: receive RaftClientReply:client-E42F58674560->3a39c983-6986-4da8-95c7-9482e2fa0f6f@group-5E4216B2975C, cid=1057, SUCCESS, logIndex=1437, commits[3a39c983-6986-4da8-95c7-9482e2fa0f6f:c1438, 0f15f03e-3179-4fc8-ac54-a24fe3c72555:c1436, 11ea7e38-68de-49e0-a413-0aa394144289:c1436]
2019-07-09 08:41:57,248 INFO  client.GrpcClientProtocolClient (GrpcClientProtocolClient.java:onNext(255)) - client-E42F58674560->3a39c983-6986-4da8-95c7-9482e2fa0f6f: receive RaftClientReply:client-E42F58674560->3a39c983-6986-4da8-95c7-9482e2fa0f6f@group-5E4216B2975C, cid=1058, SUCCESS, logIndex=1438, commits[3a39c983-6986-4da8-95c7-9482e2fa0f6f:c1438, 0f15f03e-3179-4fc8-ac54-a24fe3c72555:c1436, 11ea7e38-68de-49e0-a413-0aa394144289:c1436]
2019-07-09 08:41:57,248 INFO  client.GrpcClientProtocolClient (GrpcClientProtocolClient.java:onNext(255)) - client-E42F58674560->3a39c983-6986-4da8-95c7-9482e2fa0f6f: receive RaftClientReply:client-E42F58674560->3a39c983-6986-4da8-95c7-9482e2fa0f6f@group-5E4216B2975C, cid=1059, SUCCESS, logIndex=1439, commits[3a39c983-6986-4da8-95c7-9482e2fa0f6f:c1440, 0f15f03e-3179-4fc8-ac54-a24fe3c72555:c1436, 11ea7e38-68de-49e0-a413-0aa394144289:c1436]
2019-07-09 08:41:57,249 INFO  client.GrpcClientProtocolClient (GrpcClientProtocolClient.java:onNext(255)) - client-E42F58674560->3a39c983-6986-4da8-95c7-9482e2fa0f6f: receive RaftClientReply:client-E42F58674560->3a39c983-6986-4da8-95c7-9482e2fa0f6f@group-5E4216B2975C, cid=1060, SUCCESS, logIndex=1440, commits[3a39c983-6986-4da8-95c7-9482e2fa0f6f:c1440, 0f15f03e-3179-4fc8-ac54-a24fe3c72555:c1436, 11ea7e38-68de-49e0-a413-0aa394144289:c1436]
2019-07-09 08:41:57,251 INFO  client.GrpcClientProtocolClient (GrpcClientProtocolClient.java:onNext(255)) - client-E42F58674560->3a39c983-6986-4da8-95c7-9482e2fa0f6f: receive RaftClientReply:client-E42F58674560->3a39c983-6986-4da8-95c7-9482e2fa0f6f@group-5E4216B2975C, cid=1061, SUCCESS, logIndex=0, commits[3a39c983-6986-4da8-95c7-9482e2fa0f6f:c1442, 0f15f03e-3179-4fc8-ac54-a24fe3c72555:c1438, 11ea7e38-68de-49e0-a413-0aa394144289:c1438]
2019-07-09 08:41:57,263 INFO  client.GrpcClientProtocolClient (GrpcClientProtocolClient.java:onNext(255)) - client-E42F58674560->3a39c983-6986-4da8-95c7-9482e2fa0f6f: receive RaftClientReply:client-E42F58674560->3a39c983-6986-4da8-95c7-9482e2fa0f6f@group-5E4216B2975C, cid=1062, SUCCESS, logIndex=1445, commits[3a39c983-6986-4da8-95c7-9482e2fa0f6f:c1446, 0f15f03e-3179-4fc8-ac54-a24fe3c72555:c1442, 11ea7e38-68de-49e0-a413-0aa394144289:c1440]
2019-07-09 08:41:57,264 INFO  client.GrpcClientProtocolClient (GrpcClientProtocolClient.java:onNext(255)) - client-E42F58674560->3a39c983-6986-4da8-95c7-9482e2fa0f6f: receive RaftClientReply:client-E42F58674560->3a39c983-6986-4da8-95c7-9482e2fa0f6f@group-5E4216B2975C, cid=1063, SUCCESS, logIndex=1446, commits[3a39c983-6986-4da8-95c7-9482e2fa0f6f:c1446, 0f15f03e-3179-4fc8-ac54-a24fe3c72555:c1442, 11ea7e38-68de-49e0-a413-0aa394144289:c1442]
2019-07-09 08:41:57,280 INFO  client.GrpcClientProtocolClient (GrpcClientProtocolClient.java:onNext(255)) - client-E42F58674560->3a39c983-6986-4da8-95c7-9482e2fa0f6f: receive RaftClientReply:client-E42F58674560->3a39c983-6986-4da8-95c7-9482e2fa0f6f@group-5E4216B2975C, cid=1064, SUCCESS, logIndex=1449, commits[3a39c983-6986-4da8-95c7-9482e2fa0f6f:c1450, 0f15f03e-3179-4fc8-ac54-a24fe3c72555:c1447, 11ea7e38-68de-49e0-a413-0aa394144289:c1446]
2019-07-09 08:41:57,280 INFO  client.GrpcClientProtocolClient (GrpcClientProtocolClient.java:onNext(255)) - client-E42F58674560->3a39c983-6986-4da8-95c7-9482e2fa0f6f: receive RaftClientReply:client-E42F58674560->3a39c983-6986-4da8-95c7-9482e2fa0f6f@group-5E4216B2975C, cid=1065, SUCCESS, logIndex=1450, commits[3a39c983-6986-4da8-95c7-9482e2fa0f6f:c1450, 0f15f03e-3179-4fc8-ac54-a24fe3c72555:c1447, 11ea7e38-68de-49e0-a413-0aa394144289:c1447]
2019-07-09 08:41:57,282 INFO  client.GrpcClientProtocolClient (GrpcClientProtocolClient.java:onNext(255)) - client-E42F58674560->3a39c983-6986-4da8-95c7-9482e2fa0f6f: receive RaftClientReply:client-E42F58674560->3a39c983-6986-4da8-95c7-9482e2fa0f6f@group-5E4216B2975C, cid=1066, SUCCESS, logIndex=0, commits[3a39c983-6986-4da8-95c7-9482e2fa0f6f:c1451, 0f15f03e-3179-4fc8-ac54-a24fe3c72555:c1450, 11ea7e38-68de-49e0-a413-0aa394144289:c1450]
2019-07-09 08:41:57,296 INFO  client.GrpcClientProtocolClient (GrpcClientProtocolClient.java:onNext(255)) - client-E42F58674560->3a39c983-6986-4da8-95c7-9482e2fa0f6f: receive RaftClientReply:client-E42F58674560->3a39c983-6986-4da8-95c7-9482e2fa0f6f@group-5E4216B2975C, cid=1067, SUCCESS, logIndex=1453, commits[3a39c983-6986-4da8-95c7-9482e2fa0f6f:c1454, 0f15f03e-3179-4fc8-ac54-a24fe3c72555:c1452, 11ea7e38-68de-49e0-a413-0aa394144289:c1452]
2019-07-09 08:41:57,296 INFO  client.GrpcClientProtocolClient (GrpcClientProtocolClient.java:onNext(255)) - client-E42F58674560->3a39c983-6986-4da8-95c7-9482e2fa0f6f: receive RaftClientReply:client-E42F58674560->3a39c983-6986-4da8-95c7-9482e2fa0f6f@group-5E4216B2975C, cid=1068, SUCCESS, logIndex=1454, commits[3a39c983-6986-4da8-95c7-9482e2fa0f6f:c1454, 0f15f03e-3179-4fc8-ac54-a24fe3c72555:c1452, 11ea7e38-68de-49e0-a413-0aa394144289:c1452]
2019-07-09 08:41:57,298 INFO  client.GrpcClientProtocolClient (GrpcClientProtocolClient.java:onNext(255)) - client-E42F58674560->3a39c983-6986-4da8-95c7-9482e2fa0f6f: receive RaftClientReply:client-E42F58674560->3a39c983-6986-4da8-95c7-9482e2fa0f6f@group-5E4216B2975C, cid=1069, SUCCESS, logIndex=1455, commits[3a39c983-6986-4da8-95c7-9482e2fa0f6f:c1458, 0f15f03e-3179-4fc8-ac54-a24fe3c72555:c1452, 11ea7e38-68de-49e0-a413-0aa394144289:c1454]
2019-07-09 08:41:57,299 INFO  client.GrpcClientProtocolClient (GrpcClientProtocolClient.java:onNext(255)) - client-E42F58674560->3a39c983-6986-4da8-95c7-9482e2fa0f6f: receive RaftClientReply:client-E42F58674560->3a39c983-6986-4da8-95c7-9482e2fa0f6f@group-5E4216B2975C, cid=1070, SUCCESS, logIndex=1456, commits[3a39c983-6986-4da8-95c7-9482e2fa0f6f:c1458, 0f15f03e-3179-4fc8-ac54-a24fe3c72555:c1454, 11ea7e38-68de-49e0-a413-0aa394144289:c1454]
2019-07-09 08:41:57,311 INFO  client.GrpcClientProtocolClient (GrpcClientProtocolClient.java:onNext(255)) - client-E42F58674560->3a39c983-6986-4da8-95c7-9482e2fa0f6f: receive RaftClientReply:client-E42F58674560->3a39c983-6986-4da8-95c7-9482e2fa0f6f@group-5E4216B2975C, cid=1071, SUCCESS, logIndex=1460, commits[3a39c983-6986-4da8-95c7-9482e2fa0f6f:c1461, 0f15f03e-3179-4fc8-ac54-a24fe3c72555:c1456, 11ea7e38-68de-49e0-a413-0aa394144289:c1459]
2019-07-09 08:41:57,311 INFO  client.GrpcClientProtocolClient (GrpcClientProtocolClient.java:onNext(255)) - client-E42F58674560->3a39c983-6986-4da8-95c7-9482e2fa0f6f: receive RaftClientReply:client-E42F58674560->3a39c983-6986-4da8-95c7-9482e2fa0f6f@group-5E4216B2975C, cid=1072, SUCCESS, logIndex=1461, commits[3a39c983-6986-4da8-95c7-9482e2fa0f6f:c1461, 0f15f03e-3179-4fc8-ac54-a24fe3c72555:c1459, 11ea7e38-68de-49e0-a413-0aa394144289:c1459]
2019-07-09 08:41:57,334 INFO  client.GrpcClientProtocolClient (GrpcClientProtocolClient.java:onNext(255)) - client-E42F58674560->3a39c983-6986-4da8-95c7-9482e2fa0f6f: receive RaftClientReply:client-E42F58674560->3a39c983-6986-4da8-95c7-9482e2fa0f6f@group-5E4216B2975C, cid=1073, SUCCESS, logIndex=1464, commits[3a39c983-6986-4da8-95c7-9482e2fa0f6f:c1465, 0f15f03e-3179-4fc8-ac54-a24fe3c72555:c1463, 11ea7e38-68de-49e0-a413-0aa394144289:c1463]
2019-07-09 08:41:57,334 INFO  client.GrpcClientProtocolClient (GrpcClientProtocolClient.java:onNext(255)) - client-E42F58674560->3a39c983-6986-4da8-95c7-9482e2fa0f6f: receive RaftClientReply:client-E42F58674560->3a39c983-6986-4da8-95c7-9482e2fa0f6f@group-5E4216B2975C, cid=1074, SUCCESS, logIndex=1465, commits[3a39c983-6986-4da8-95c7-9482e2fa0f6f:c1465, 0f15f03e-3179-4fc8-ac54-a24fe3c72555:c1463, 11ea7e38-68de-49e0-a413-0aa394144289:c1463]
2019-07-09 08:41:57,349 INFO  client.GrpcClientProtocolClient (GrpcClientProtocolClient.java:onNext(255)) - client-E42F58674560->3a39c983-6986-4da8-95c7-9482e2fa0f6f: receive RaftClientReply:client-E42F58674560->3a39c983-6986-4da8-95c7-9482e2fa0f6f@group-5E4216B2975C, cid=1075, SUCCESS, logIndex=0, commits[3a39c983-6986-4da8-95c7-9482e2fa0f6f:c1467, 0f15f03e-3179-4fc8-ac54-a24fe3c72555:c1465, 11ea7e38-68de-49e0-a413-0aa394144289:c1465]
2019-07-09 08:41:57,367 INFO  client.GrpcClientProtocolClient (GrpcClientProtocolClient.java:onNext(255)) - client-E42F58674560->3a39c983-6986-4da8-95c7-9482e2fa0f6f: receive RaftClientReply:client-E42F58674560->3a39c983-6986-4da8-95c7-9482e2fa0f6f@group-5E4216B2975C, cid=1076, SUCCESS, logIndex=1468, commits[3a39c983-6986-4da8-95c7-9482e2fa0f6f:c1469, 0f15f03e-3179-4fc8-ac54-a24fe3c72555:c1467, 11ea7e38-68de-49e0-a413-0aa394144289:c1467]
2019-07-09 08:41:57,368 INFO  client.GrpcClientProtocolClient (GrpcClientProtocolClient.java:onNext(255)) - client-E42F58674560->3a39c983-6986-4da8-95c7-9482e2fa0f6f: receive RaftClientReply:client-E42F58674560->3a39c983-6986-4da8-95c7-9482e2fa0f6f@group-5E4216B2975C, cid=1077, SUCCESS, logIndex=1469, commits[3a39c983-6986-4da8-95c7-9482e2fa0f6f:c1470, 0f15f03e-3179-4fc8-ac54-a24fe3c72555:c1467, 11ea7e38-68de-49e0-a413-0aa394144289:c1467]
2019-07-09 08:41:57,368 INFO  client.GrpcClientProtocolClient (GrpcClientProtocolClient.java:onNext(255)) - client-E42F58674560->3a39c983-6986-4da8-95c7-9482e2fa0f6f: receive RaftClientReply:client-E42F58674560->3a39c983-6986-4da8-95c7-9482e2fa0f6f@group-5E4216B2975C, cid=1078, SUCCESS, logIndex=1470, commits[3a39c983-6986-4da8-95c7-9482e2fa0f6f:c1471, 0f15f03e-3179-4fc8-ac54-a24fe3c72555:c1467, 11ea7e38-68de-49e0-a413-0aa394144289:c1467]
2019-07-09 08:41:57,368 INFO  client.GrpcClientProtocolClient (GrpcClientProtocolClient.java:onNext(255)) - client-E42F58674560->3a39c983-6986-4da8-95c7-9482e2fa0f6f: receive RaftClientReply:client-E42F58674560->3a39c983-6986-4da8-95c7-9482e2fa0f6f@group-5E4216B2975C, cid=1079, SUCCESS, logIndex=1471, commits[3a39c983-6986-4da8-95c7-9482e2fa0f6f:c1471, 0f15f03e-3179-4fc8-ac54-a24fe3c72555:c1467, 11ea7e38-68de-49e0-a413-0aa394144289:c1467]
2019-07-09 08:41:57,378 INFO  client.GrpcClientProtocolClient (GrpcClientProtocolClient.java:onNext(255)) - client-E42F58674560->3a39c983-6986-4da8-95c7-9482e2fa0f6f: receive RaftClientReply:client-E42F58674560->3a39c983-6986-4da8-95c7-9482e2fa0f6f@group-5E4216B2975C, cid=1080, SUCCESS, logIndex=0, commits[3a39c983-6986-4da8-95c7-9482e2fa0f6f:c1473, 0f15f03e-3179-4fc8-ac54-a24fe3c72555:c1469, 11ea7e38-68de-49e0-a413-0aa394144289:c1469]
2019-07-09 08:41:57,398 INFO  client.GrpcClientProtocolClient (GrpcClientProtocolClient.java:onNext(255)) - client-E42F58674560->3a39c983-6986-4da8-95c7-9482e2fa0f6f: receive RaftClientReply:client-E42F58674560->3a39c983-6986-4da8-95c7-9482e2fa0f6f@group-5E4216B2975C, cid=1081, SUCCESS, logIndex=1476, commits[3a39c983-6986-4da8-95c7-9482e2fa0f6f:c1477, 0f15f03e-3179-4fc8-ac54-a24fe3c72555:c1475, 11ea7e38-68de-49e0-a413-0aa394144289:c1475]
2019-07-09 08:41:57,399 INFO  client.GrpcClientProtocolClient (GrpcClientProtocolClient.java:onNext(255)) - client-E42F58674560->3a39c983-6986-4da8-95c7-9482e2fa0f6f: receive RaftClientReply:client-E42F58674560->3a39c983-6986-4da8-95c7-9482e2fa0f6f@group-5E4216B2975C, cid=1082, SUCCESS, logIndex=1477, commits[3a39c983-6986-4da8-95c7-9482e2fa0f6f:c1477, 0f15f03e-3179-4fc8-ac54-a24fe3c72555:c1475, 11ea7e38-68de-49e0-a413-0aa394144289:c1475]
2019-07-09 08:41:57,413 INFO  client.GrpcClientProtocolClient (GrpcClientProtocolClient.java:onNext(255)) - client-E42F58674560->3a39c983-6986-4da8-95c7-9482e2fa0f6f: receive RaftClientReply:client-E42F58674560->3a39c983-6986-4da8-95c7-9482e2fa0f6f@group-5E4216B2975C, cid=1083, SUCCESS, logIndex=1480, commits[3a39c983-6986-4da8-95c7-9482e2fa0f6f:c1481, 0f15f03e-3179-4fc8-ac54-a24fe3c72555:c1477, 11ea7e38-68de-49e0-a413-0aa394144289:c1477]
2019-07-09 08:41:57,414 INFO  client.GrpcClientProtocolClient (GrpcClientProtocolClient.java:onNext(255)) - client-E42F58674560->3a39c983-6986-4da8-95c7-9482e2fa0f6f: receive RaftClientReply:client-E42F58674560->3a39c983-6986-4da8-95c7-9482e2fa0f6f@group-5E4216B2975C, cid=1084, SUCCESS, logIndex=1481, commits[3a39c983-6986-4da8-95c7-9482e2fa0f6f:c1481, 0f15f03e-3179-4fc8-ac54-a24fe3c72555:c1477, 11ea7e38-68de-49e0-a413-0aa394144289:c1477]
2019-07-09 08:41:57,428 INFO  client.GrpcClientProtocolClient (GrpcClientProtocolClient.java:onNext(255)) - client-E42F58674560->3a39c983-6986-4da8-95c7-9482e2fa0f6f: receive RaftClientReply:client-E42F58674560->3a39c983-6986-4da8-95c7-9482e2fa0f6f@group-5E4216B2975C, cid=1085, SUCCESS, logIndex=0, commits[3a39c983-6986-4da8-95c7-9482e2fa0f6f:c1483, 0f15f03e-3179-4fc8-ac54-a24fe3c72555:c1481, 11ea7e38-68de-49e0-a413-0aa394144289:c1481]
2019-07-09 08:41:57,449 INFO  client.GrpcClientProtocolClient (GrpcClientProtocolClient.java:onNext(255)) - client-E42F58674560->3a39c983-6986-4da8-95c7-9482e2fa0f6f: receive RaftClientReply:client-E42F58674560->3a39c983-6986-4da8-95c7-9482e2fa0f6f@group-5E4216B2975C, cid=1086, SUCCESS, logIndex=1484, commits[3a39c983-6986-4da8-95c7-9482e2fa0f6f:c1485, 0f15f03e-3179-4fc8-ac54-a24fe3c72555:c1483, 11ea7e38-68de-49e0-a413-0aa394144289:c1483]
2019-07-09 08:41:57,450 INFO  client.GrpcClientProtocolClient (GrpcClientProtocolClient.java:onNext(255)) - client-E42F58674560->3a39c983-6986-4da8-95c7-9482e2fa0f6f: receive RaftClientReply:client-E42F58674560->3a39c983-6986-4da8-95c7-9482e2fa0f6f@group-5E4216B2975C, cid=1087, SUCCESS, logIndex=1485, commits[3a39c983-6986-4da8-95c7-9482e2fa0f6f:c1486, 0f15f03e-3179-4fc8-ac54-a24fe3c72555:c1483, 11ea7e38-68de-49e0-a413-0aa394144289:c1483]
2019-07-09 08:41:57,450 INFO  client.GrpcClientProtocolClient (GrpcClientProtocolClient.java:onNext(255)) - client-E42F58674560->3a39c983-6986-4da8-95c7-9482e2fa0f6f: receive RaftClientReply:client-E42F58674560->3a39c983-6986-4da8-95c7-9482e2fa0f6f@group-5E4216B2975C, cid=1088, SUCCESS, logIndex=1486, commits[3a39c983-6986-4da8-95c7-9482e2fa0f6f:c1487, 0f15f03e-3179-4fc8-ac54-a24fe3c72555:c1483, 11ea7e38-68de-49e0-a413-0aa394144289:c1483]
2019-07-09 08:41:57,451 INFO  client.GrpcClientProtocolClient (GrpcClientProtocolClient.java:onNext(255)) - client-E42F58674560->3a39c983-6986-4da8-95c7-9482e2fa0f6f: receive RaftClientReply:client-E42F58674560->3a39c983-6986-4da8-95c7-9482e2fa0f6f@group-5E4216B2975C, cid=1089, SUCCESS, logIndex=1487, commits[3a39c983-6986-4da8-95c7-9482e2fa0f6f:c1487, 0f15f03e-3179-4fc8-ac54-a24fe3c72555:c1483, 11ea7e38-68de-49e0-a413-0aa394144289:c1483]
2019-07-09 08:41:57,461 INFO  client.GrpcClientProtocolClient (GrpcClientProtocolClient.java:onNext(255)) - client-E42F58674560->3a39c983-6986-4da8-95c7-9482e2fa0f6f: receive RaftClientReply:client-E42F58674560->3a39c983-6986-4da8-95c7-9482e2fa0f6f@group-5E4216B2975C, cid=1090, SUCCESS, logIndex=0, commits[3a39c983-6986-4da8-95c7-9482e2fa0f6f:c1489, 0f15f03e-3179-4fc8-ac54-a24fe3c72555:c1485, 11ea7e38-68de-49e0-a413-0aa394144289:c1485]
2019-07-09 08:41:57,493 INFO  client.GrpcClientProtocolClient (GrpcClientProtocolClient.java:onNext(255)) - client-E42F58674560->3a39c983-6986-4da8-95c7-9482e2fa0f6f: receive RaftClientReply:client-E42F58674560->3a39c983-6986-4da8-95c7-9482e2fa0f6f@group-5E4216B2975C, cid=1091, SUCCESS, logIndex=1492, commits[3a39c983-6986-4da8-95c7-9482e2fa0f6f:c1493, 0f15f03e-3179-4fc8-ac54-a24fe3c72555:c1491, 11ea7e38-68de-49e0-a413-0aa394144289:c1491]
2019-07-09 08:41:57,494 INFO  client.GrpcClientProtocolClient (GrpcClientProtocolClient.java:onNext(255)) - client-E42F58674560->3a39c983-6986-4da8-95c7-9482e2fa0f6f: receive RaftClientReply:client-E42F58674560->3a39c983-6986-4da8-95c7-9482e2fa0f6f@group-5E4216B2975C, cid=1092, SUCCESS, logIndex=1493, commits[3a39c983-6986-4da8-95c7-9482e2fa0f6f:c1493, 0f15f03e-3179-4fc8-ac54-a24fe3c72555:c1491, 11ea7e38-68de-49e0-a413-0aa394144289:c1491]
2019-07-09 08:41:57,519 INFO  client.GrpcClientProtocolClient (GrpcClientProtocolClient.java:onNext(255)) - client-E42F58674560->3a39c983-6986-4da8-95c7-9482e2fa0f6f: receive RaftClientReply:client-E42F58674560->3a39c983-6986-4da8-95c7-9482e2fa0f6f@group-5E4216B2975C, cid=1093, SUCCESS, logIndex=1496, commits[3a39c983-6986-4da8-95c7-9482e2fa0f6f:c1497, 0f15f03e-3179-4fc8-ac54-a24fe3c72555:c1493, 11ea7e38-68de-49e0-a413-0aa394144289:c1493]
2019-07-09 08:41:57,519 INFO  client.GrpcClientProtocolClient (GrpcClientProtocolClient.java:onNext(255)) - client-E42F58674560->3a39c983-6986-4da8-95c7-9482e2fa0f6f: receive RaftClientReply:client-E42F58674560->3a39c983-6986-4da8-95c7-9482e2fa0f6f@group-5E4216B2975C, cid=1094, SUCCESS, logIndex=1497, commits[3a39c983-6986-4da8-95c7-9482e2fa0f6f:c1497, 0f15f03e-3179-4fc8-ac54-a24fe3c72555:c1493, 11ea7e38-68de-49e0-a413-0aa394144289:c1493]
2019-07-09 08:41:57,532 INFO  client.GrpcClientProtocolClient (GrpcClientProtocolClient.java:onNext(255)) - client-E42F58674560->3a39c983-6986-4da8-95c7-9482e2fa0f6f: receive RaftClientReply:client-E42F58674560->3a39c983-6986-4da8-95c7-9482e2fa0f6f@group-5E4216B2975C, cid=1095, SUCCESS, logIndex=0, commits[3a39c983-6986-4da8-95c7-9482e2fa0f6f:c1499, 0f15f03e-3179-4fc8-ac54-a24fe3c72555:c1497, 11ea7e38-68de-49e0-a413-0aa394144289:c1497]
2019-07-09 08:41:57,554 INFO  client.GrpcClientProtocolClient (GrpcClientProtocolClient.java:onNext(255)) - client-E42F58674560->3a39c983-6986-4da8-95c7-9482e2fa0f6f: receive RaftClientReply:client-E42F58674560->3a39c983-6986-4da8-95c7-9482e2fa0f6f@group-5E4216B2975C, cid=1096, SUCCESS, logIndex=1500, commits[3a39c983-6986-4da8-95c7-9482e2fa0f6f:c1501, 0f15f03e-3179-4fc8-ac54-a24fe3c72555:c1499, 11ea7e38-68de-49e0-a413-0aa394144289:c1499]
2019-07-09 08:41:57,555 INFO  client.GrpcClientProtocolClient (GrpcClientProtocolClient.java:onNext(255)) - client-E42F58674560->3a39c983-6986-4da8-95c7-9482e2fa0f6f: receive RaftClientReply:client-E42F58674560->3a39c983-6986-4da8-95c7-9482e2fa0f6f@group-5E4216B2975C, cid=1097, SUCCESS, logIndex=1501, commits[3a39c983-6986-4da8-95c7-9482e2fa0f6f:c1501, 0f15f03e-3179-4fc8-ac54-a24fe3c72555:c1499, 11ea7e38-68de-49e0-a413-0aa394144289:c1499]
2019-07-09 08:41:57,555 INFO  client.GrpcClientProtocolClient (GrpcClientProtocolClient.java:onNext(255)) - client-E42F58674560->3a39c983-6986-4da8-95c7-9482e2fa0f6f: receive RaftClientReply:client-E42F58674560->3a39c983-6986-4da8-95c7-9482e2fa0f6f@group-5E4216B2975C, cid=1098, SUCCESS, logIndex=1502, commits[3a39c983-6986-4da8-95c7-9482e2fa0f6f:c1503, 0f15f03e-3179-4fc8-ac54-a24fe3c72555:c1499, 11ea7e38-68de-49e0-a413-0aa394144289:c1499]
2019-07-09 08:41:57,556 INFO  client.GrpcClientProtocolClient (GrpcClientProtocolClient.java:onNext(255)) - client-E42F58674560->3a39c983-6986-4da8-95c7-9482e2fa0f6f: receive RaftClientReply:client-E42F58674560->3a39c983-6986-4da8-95c7-9482e2fa0f6f@group-5E4216B2975C, cid=1099, SUCCESS, logIndex=1503, commits[3a39c983-6986-4da8-95c7-9482e2fa0f6f:c1503, 0f15f03e-3179-4fc8-ac54-a24fe3c72555:c1499, 11ea7e38-68de-49e0-a413-0aa394144289:c1499]
2019-07-09 08:41:57,569 INFO  client.GrpcClientProtocolClient (GrpcClientProtocolClient.java:onNext(255)) - client-E42F58674560->3a39c983-6986-4da8-95c7-9482e2fa0f6f: receive RaftClientReply:client-E42F58674560->3a39c983-6986-4da8-95c7-9482e2fa0f6f@group-5E4216B2975C, cid=1100, SUCCESS, logIndex=0, commits[3a39c983-6986-4da8-95c7-9482e2fa0f6f:c1505, 0f15f03e-3179-4fc8-ac54-a24fe3c72555:c1501, 11ea7e38-68de-49e0-a413-0aa394144289:c1501]
2019-07-09 08:41:57,594 INFO  client.GrpcClientProtocolClient (GrpcClientProtocolClient.java:onNext(255)) - client-E42F58674560->3a39c983-6986-4da8-95c7-9482e2fa0f6f: receive RaftClientReply:client-E42F58674560->3a39c983-6986-4da8-95c7-9482e2fa0f6f@group-5E4216B2975C, cid=1101, SUCCESS, logIndex=1508, commits[3a39c983-6986-4da8-95c7-9482e2fa0f6f:c1509, 0f15f03e-3179-4fc8-ac54-a24fe3c72555:c1507, 11ea7e38-68de-49e0-a413-0aa394144289:c1507]
2019-07-09 08:41:57,594 INFO  client.GrpcClientProtocolClient (GrpcClientProtocolClient.java:onNext(255)) - client-E42F58674560->3a39c983-6986-4da8-95c7-9482e2fa0f6f: receive RaftClientReply:client-E42F58674560->3a39c983-6986-4da8-95c7-9482e2fa0f6f@group-5E4216B2975C, cid=1102, SUCCESS, logIndex=1509, commits[3a39c983-6986-4da8-95c7-9482e2fa0f6f:c1509, 0f15f03e-3179-4fc8-ac54-a24fe3c72555:c1507, 11ea7e38-68de-49e0-a413-0aa394144289:c1507]
2019-07-09 08:41:57,608 INFO  client.GrpcClientProtocolClient (GrpcClientProtocolClient.java:onNext(255)) - client-E42F58674560->3a39c983-6986-4da8-95c7-9482e2fa0f6f: receive RaftClientReply:client-E42F58674560->3a39c983-6986-4da8-95c7-9482e2fa0f6f@group-5E4216B2975C, cid=1103, SUCCESS, logIndex=1512, commits[3a39c983-6986-4da8-95c7-9482e2fa0f6f:c1513, 0f15f03e-3179-4fc8-ac54-a24fe3c72555:c1509, 11ea7e38-68de-49e0-a413-0aa394144289:c1509]
2019-07-09 08:41:57,608 INFO  client.GrpcClientProtocolClient (GrpcClientProtocolClient.java:onNext(255)) - client-E42F58674560->3a39c983-6986-4da8-95c7-9482e2fa0f6f: receive RaftClientReply:client-E42F58674560->3a39c983-6986-4da8-95c7-9482e2fa0f6f@group-5E4216B2975C, cid=1104, SUCCESS, logIndex=1513, commits[3a39c983-6986-4da8-95c7-9482e2fa0f6f:c1513, 0f15f03e-3179-4fc8-ac54-a24fe3c72555:c1509, 11ea7e38-68de-49e0-a413-0aa394144289:c1509]
2019-07-09 08:41:57,611 INFO  client.GrpcClientProtocolClient (GrpcClientProtocolClient.java:onNext(255)) - client-E42F58674560->3a39c983-6986-4da8-95c7-9482e2fa0f6f: receive RaftClientReply:client-E42F58674560->3a39c983-6986-4da8-95c7-9482e2fa0f6f@group-5E4216B2975C, cid=1105, SUCCESS, logIndex=0, commits[3a39c983-6986-4da8-95c7-9482e2fa0f6f:c1515, 0f15f03e-3179-4fc8-ac54-a24fe3c72555:c1513, 11ea7e38-68de-49e0-a413-0aa394144289:c1513]
2019-07-09 08:41:57,632 INFO  client.GrpcClientProtocolClient (GrpcClientProtocolClient.java:onNext(255)) - client-E42F58674560->3a39c983-6986-4da8-95c7-9482e2fa0f6f: receive RaftClientReply:client-E42F58674560->3a39c983-6986-4da8-95c7-9482e2fa0f6f@group-5E4216B2975C, cid=1106, SUCCESS, logIndex=1516, commits[3a39c983-6986-4da8-95c7-9482e2fa0f6f:c1517, 0f15f03e-3179-4fc8-ac54-a24fe3c72555:c1515, 11ea7e38-68de-49e0-a413-0aa394144289:c1515]
2019-07-09 08:41:57,633 INFO  client.GrpcClientProtocolClient (GrpcClientProtocolClient.java:onNext(255)) - client-E42F58674560->3a39c983-6986-4da8-95c7-9482e2fa0f6f: receive RaftClientReply:client-E42F58674560->3a39c983-6986-4da8-95c7-9482e2fa0f6f@group-5E4216B2975C, cid=1107, SUCCESS, logIndex=1517, commits[3a39c983-6986-4da8-95c7-9482e2fa0f6f:c1517, 0f15f03e-3179-4fc8-ac54-a24fe3c72555:c1515, 11ea7e38-68de-49e0-a413-0aa394144289:c1515]
2019-07-09 08:41:57,633 INFO  client.GrpcClientProtocolClient (GrpcClientProtocolClient.java:onNext(255)) - client-E42F58674560->3a39c983-6986-4da8-95c7-9482e2fa0f6f: receive RaftClientReply:client-E42F58674560->3a39c983-6986-4da8-95c7-9482e2fa0f6f@group-5E4216B2975C, cid=1108, SUCCESS, logIndex=1518, commits[3a39c983-6986-4da8-95c7-9482e2fa0f6f:c1519, 0f15f03e-3179-4fc8-ac54-a24fe3c72555:c1515, 11ea7e38-68de-49e0-a413-0aa394144289:c1515]
2019-07-09 08:41:57,633 INFO  client.GrpcClientProtocolClient (GrpcClientProtocolClient.java:onNext(255)) - client-E42F58674560->3a39c983-6986-4da8-95c7-9482e2fa0f6f: receive RaftClientReply:client-E42F58674560->3a39c983-6986-4da8-95c7-9482e2fa0f6f@group-5E4216B2975C, cid=1109, SUCCESS, logIndex=1519, commits[3a39c983-6986-4da8-95c7-9482e2fa0f6f:c1519, 0f15f03e-3179-4fc8-ac54-a24fe3c72555:c1515, 11ea7e38-68de-49e0-a413-0aa394144289:c1515]
 0.00% |█                                                                                                    |  0/1 Time: 0:00:052019-07-09 08:41:57,646 INFO  client.GrpcClientProtocolClient (GrpcClientProtocolClient.java:onNext(255)) - client-E42F58674560->3a39c983-6986-4da8-95c7-9482e2fa0f6f: receive RaftClientReply:client-E42F58674560->3a39c983-6986-4da8-95c7-9482e2fa0f6f@group-5E4216B2975C, cid=1110, SUCCESS, logIndex=0, commits[3a39c983-6986-4da8-95c7-9482e2fa0f6f:c1521, 0f15f03e-3179-4fc8-ac54-a24fe3c72555:c1517, 11ea7e38-68de-49e0-a413-0aa394144289:c1517]
2019-07-09 08:41:57,667 INFO  client.GrpcClientProtocolClient (GrpcClientProtocolClient.java:onNext(255)) - client-E42F58674560->3a39c983-6986-4da8-95c7-9482e2fa0f6f: receive RaftClientReply:client-E42F58674560->3a39c983-6986-4da8-95c7-9482e2fa0f6f@group-5E4216B2975C, cid=1111, SUCCESS, logIndex=1524, commits[3a39c983-6986-4da8-95c7-9482e2fa0f6f:c1525, 0f15f03e-3179-4fc8-ac54-a24fe3c72555:c1523, 11ea7e38-68de-49e0-a413-0aa394144289:c1523]
2019-07-09 08:41:57,667 INFO  client.GrpcClientProtocolClient (GrpcClientProtocolClient.java:onNext(255)) - client-E42F58674560->3a39c983-6986-4da8-95c7-9482e2fa0f6f: receive RaftClientReply:client-E42F58674560->3a39c983-6986-4da8-95c7-9482e2fa0f6f@group-5E4216B2975C, cid=1112, SUCCESS, logIndex=1525, commits[3a39c983-6986-4da8-95c7-9482e2fa0f6f:c1525, 0f15f03e-3179-4fc8-ac54-a24fe3c72555:c1523, 11ea7e38-68de-49e0-a413-0aa394144289:c1523]
2019-07-09 08:41:57,681 INFO  client.GrpcClientProtocolClient (GrpcClientProtocolClient.java:onNext(255)) - client-E42F58674560->3a39c983-6986-4da8-95c7-9482e2fa0f6f: receive RaftClientReply:client-E42F58674560->3a39c983-6986-4da8-95c7-9482e2fa0f6f@group-5E4216B2975C, cid=1113, SUCCESS, logIndex=1528, commits[3a39c983-6986-4da8-95c7-9482e2fa0f6f:c1529, 0f15f03e-3179-4fc8-ac54-a24fe3c72555:c1525, 11ea7e38-68de-49e0-a413-0aa394144289:c1525]
2019-07-09 08:41:57,681 INFO  client.GrpcClientProtocolClient (GrpcClientProtocolClient.java:onNext(255)) - client-E42F58674560->3a39c983-6986-4da8-95c7-9482e2fa0f6f: receive RaftClientReply:client-E42F58674560->3a39c983-6986-4da8-95c7-9482e2fa0f6f@group-5E4216B2975C, cid=1114, SUCCESS, logIndex=1529, commits[3a39c983-6986-4da8-95c7-9482e2fa0f6f:c1529, 0f15f03e-3179-4fc8-ac54-a24fe3c72555:c1525, 11ea7e38-68de-49e0-a413-0aa394144289:c1525]
2019-07-09 08:41:57,707 INFO  client.GrpcClientProtocolClient (GrpcClientProtocolClient.java:onNext(255)) - client-E42F58674560->3a39c983-6986-4da8-95c7-9482e2fa0f6f: receive RaftClientReply:client-E42F58674560->3a39c983-6986-4da8-95c7-9482e2fa0f6f@group-5E4216B2975C, cid=1115, SUCCESS, logIndex=0, commits[3a39c983-6986-4da8-95c7-9482e2fa0f6f:c1531, 0f15f03e-3179-4fc8-ac54-a24fe3c72555:c1529, 11ea7e38-68de-49e0-a413-0aa394144289:c1529]
2019-07-09 08:41:57,831 INFO  client.GrpcClientProtocolClient (GrpcClientProtocolClient.java:onNext(255)) - client-E42F58674560->3a39c983-6986-4da8-95c7-9482e2fa0f6f: receive RaftClientReply:client-E42F58674560->3a39c983-6986-4da8-95c7-9482e2fa0f6f@group-5E4216B2975C, cid=1116, SUCCESS, logIndex=1532, commits[3a39c983-6986-4da8-95c7-9482e2fa0f6f:c1533, 0f15f03e-3179-4fc8-ac54-a24fe3c72555:c1531, 11ea7e38-68de-49e0-a413-0aa394144289:c1531]
2019-07-09 08:41:57,831 INFO  client.GrpcClientProtocolClient (GrpcClientProtocolClient.java:onNext(255)) - client-E42F58674560->3a39c983-6986-4da8-95c7-9482e2fa0f6f: receive RaftClientReply:client-E42F58674560->3a39c983-6986-4da8-95c7-9482e2fa0f6f@group-5E4216B2975C, cid=1117, SUCCESS, logIndex=1533, commits[3a39c983-6986-4da8-95c7-9482e2fa0f6f:c1535, 0f15f03e-3179-4fc8-ac54-a24fe3c72555:c1531, 11ea7e38-68de-49e0-a413-0aa394144289:c1531]
2019-07-09 08:41:57,832 INFO  client.GrpcClientProtocolClient (GrpcClientProtocolClient.java:onNext(255)) - client-E42F58674560->3a39c983-6986-4da8-95c7-9482e2fa0f6f: receive RaftClientReply:client-E42F58674560->3a39c983-6986-4da8-95c7-9482e2fa0f6f@group-5E4216B2975C, cid=1118, SUCCESS, logIndex=1534, commits[3a39c983-6986-4da8-95c7-9482e2fa0f6f:c1535, 0f15f03e-3179-4fc8-ac54-a24fe3c72555:c1531, 11ea7e38-68de-49e0-a413-0aa394144289:c1531]
2019-07-09 08:41:57,832 INFO  client.GrpcClientProtocolClient (GrpcClientProtocolClient.java:onNext(255)) - client-E42F58674560->3a39c983-6986-4da8-95c7-9482e2fa0f6f: receive RaftClientReply:client-E42F58674560->3a39c983-6986-4da8-95c7-9482e2fa0f6f@group-5E4216B2975C, cid=1119, SUCCESS, logIndex=1535, commits[3a39c983-6986-4da8-95c7-9482e2fa0f6f:c1535, 0f15f03e-3179-4fc8-ac54-a24fe3c72555:c1531, 11ea7e38-68de-49e0-a413-0aa394144289:c1531]
2019-07-09 08:41:57,846 INFO  client.GrpcClientProtocolClient (GrpcClientProtocolClient.java:onNext(255)) - client-E42F58674560->3a39c983-6986-4da8-95c7-9482e2fa0f6f: receive RaftClientReply:client-E42F58674560->3a39c983-6986-4da8-95c7-9482e2fa0f6f@group-5E4216B2975C, cid=1120, SUCCESS, logIndex=0, commits[3a39c983-6986-4da8-95c7-9482e2fa0f6f:c1537, 0f15f03e-3179-4fc8-ac54-a24fe3c72555:c1533, 11ea7e38-68de-49e0-a413-0aa394144289:c1533]
2019-07-09 08:41:57,883 INFO  client.GrpcClientProtocolClient (GrpcClientProtocolClient.java:onNext(255)) - client-E42F58674560->3a39c983-6986-4da8-95c7-9482e2fa0f6f: receive RaftClientReply:client-E42F58674560->3a39c983-6986-4da8-95c7-9482e2fa0f6f@group-5E4216B2975C, cid=1121, SUCCESS, logIndex=1540, commits[3a39c983-6986-4da8-95c7-9482e2fa0f6f:c1541, 0f15f03e-3179-4fc8-ac54-a24fe3c72555:c1539, 11ea7e38-68de-49e0-a413-0aa394144289:c1539]
2019-07-09 08:41:57,883 INFO  client.GrpcClientProtocolClient (GrpcClientProtocolClient.java:onNext(255)) - client-E42F58674560->3a39c983-6986-4da8-95c7-9482e2fa0f6f: receive RaftClientReply:client-E42F58674560->3a39c983-6986-4da8-95c7-9482e2fa0f6f@group-5E4216B2975C, cid=1122, SUCCESS, logIndex=1541, commits[3a39c983-6986-4da8-95c7-9482e2fa0f6f:c1541, 0f15f03e-3179-4fc8-ac54-a24fe3c72555:c1539, 11ea7e38-68de-49e0-a413-0aa394144289:c1539]
2019-07-09 08:41:57,896 INFO  client.GrpcClientProtocolClient (GrpcClientProtocolClient.java:onNext(255)) - client-E42F58674560->3a39c983-6986-4da8-95c7-9482e2fa0f6f: receive RaftClientReply:client-E42F58674560->3a39c983-6986-4da8-95c7-9482e2fa0f6f@group-5E4216B2975C, cid=1123, SUCCESS, logIndex=1544, commits[3a39c983-6986-4da8-95c7-9482e2fa0f6f:c1545, 0f15f03e-3179-4fc8-ac54-a24fe3c72555:c1541, 11ea7e38-68de-49e0-a413-0aa394144289:c1541]
2019-07-09 08:41:57,897 INFO  client.GrpcClientProtocolClient (GrpcClientProtocolClient.java:onNext(255)) - client-E42F58674560->3a39c983-6986-4da8-95c7-9482e2fa0f6f: receive RaftClientReply:client-E42F58674560->3a39c983-6986-4da8-95c7-9482e2fa0f6f@group-5E4216B2975C, cid=1124, SUCCESS, logIndex=1545, commits[3a39c983-6986-4da8-95c7-9482e2fa0f6f:c1545, 0f15f03e-3179-4fc8-ac54-a24fe3c72555:c1541, 11ea7e38-68de-49e0-a413-0aa394144289:c1541]
2019-07-09 08:41:57,912 INFO  client.GrpcClientProtocolClient (GrpcClientProtocolClient.java:onNext(255)) - client-E42F58674560->3a39c983-6986-4da8-95c7-9482e2fa0f6f: receive RaftClientReply:client-E42F58674560->3a39c983-6986-4da8-95c7-9482e2fa0f6f@group-5E4216B2975C, cid=1125, SUCCESS, logIndex=0, commits[3a39c983-6986-4da8-95c7-9482e2fa0f6f:c1547, 0f15f03e-3179-4fc8-ac54-a24fe3c72555:c1545, 11ea7e38-68de-49e0-a413-0aa394144289:c1545]
2019-07-09 08:41:57,932 INFO  client.GrpcClientProtocolClient (GrpcClientProtocolClient.java:onNext(255)) - client-E42F58674560->3a39c983-6986-4da8-95c7-9482e2fa0f6f: receive RaftClientReply:client-E42F58674560->3a39c983-6986-4da8-95c7-9482e2fa0f6f@group-5E4216B2975C, cid=1126, SUCCESS, logIndex=1548, commits[3a39c983-6986-4da8-95c7-9482e2fa0f6f:c1549, 0f15f03e-3179-4fc8-ac54-a24fe3c72555:c1547, 11ea7e38-68de-49e0-a413-0aa394144289:c1547]
2019-07-09 08:41:57,933 INFO  client.GrpcClientProtocolClient (GrpcClientProtocolClient.java:onNext(255)) - client-E42F58674560->3a39c983-6986-4da8-95c7-9482e2fa0f6f: receive RaftClientReply:client-E42F58674560->3a39c983-6986-4da8-95c7-9482e2fa0f6f@group-5E4216B2975C, cid=1127, SUCCESS, logIndex=1549, commits[3a39c983-6986-4da8-95c7-9482e2fa0f6f:c1551, 0f15f03e-3179-4fc8-ac54-a24fe3c72555:c1547, 11ea7e38-68de-49e0-a413-0aa394144289:c1547]
2019-07-09 08:41:57,933 INFO  client.GrpcClientProtocolClient (GrpcClientProtocolClient.java:onNext(255)) - client-E42F58674560->3a39c983-6986-4da8-95c7-9482e2fa0f6f: receive RaftClientReply:client-E42F58674560->3a39c983-6986-4da8-95c7-9482e2fa0f6f@group-5E4216B2975C, cid=1128, SUCCESS, logIndex=1550, commits[3a39c983-6986-4da8-95c7-9482e2fa0f6f:c1551, 0f15f03e-3179-4fc8-ac54-a24fe3c72555:c1547, 11ea7e38-68de-49e0-a413-0aa394144289:c1547]
2019-07-09 08:41:57,933 INFO  client.GrpcClientProtocolClient (GrpcClientProtocolClient.java:onNext(255)) - client-E42F58674560->3a39c983-6986-4da8-95c7-9482e2fa0f6f: receive RaftClientReply:client-E42F58674560->3a39c983-6986-4da8-95c7-9482e2fa0f6f@group-5E4216B2975C, cid=1129, SUCCESS, logIndex=1551, commits[3a39c983-6986-4da8-95c7-9482e2fa0f6f:c1551, 0f15f03e-3179-4fc8-ac54-a24fe3c72555:c1547, 11ea7e38-68de-49e0-a413-0aa394144289:c1547]
2019-07-09 08:41:57,948 INFO  client.GrpcClientProtocolClient (GrpcClientProtocolClient.java:onNext(255)) - client-E42F58674560->3a39c983-6986-4da8-95c7-9482e2fa0f6f: receive RaftClientReply:client-E42F58674560->3a39c983-6986-4da8-95c7-9482e2fa0f6f@group-5E4216B2975C, cid=1130, SUCCESS, logIndex=0, commits[3a39c983-6986-4da8-95c7-9482e2fa0f6f:c1553, 0f15f03e-3179-4fc8-ac54-a24fe3c72555:c1549, 11ea7e38-68de-49e0-a413-0aa394144289:c1549]
2019-07-09 08:41:57,969 INFO  client.GrpcClientProtocolClient (GrpcClientProtocolClient.java:onNext(255)) - client-E42F58674560->3a39c983-6986-4da8-95c7-9482e2fa0f6f: receive RaftClientReply:client-E42F58674560->3a39c983-6986-4da8-95c7-9482e2fa0f6f@group-5E4216B2975C, cid=1131, SUCCESS, logIndex=1555, commits[3a39c983-6986-4da8-95c7-9482e2fa0f6f:c1556, 0f15f03e-3179-4fc8-ac54-a24fe3c72555:c1554, 11ea7e38-68de-49e0-a413-0aa394144289:c1554]
2019-07-09 08:41:57,969 INFO  client.GrpcClientProtocolClient (GrpcClientProtocolClient.java:onNext(255)) - client-E42F58674560->3a39c983-6986-4da8-95c7-9482e2fa0f6f: receive RaftClientReply:client-E42F58674560->3a39c983-6986-4da8-95c7-9482e2fa0f6f@group-5E4216B2975C, cid=1132, SUCCESS, logIndex=1556, commits[3a39c983-6986-4da8-95c7-9482e2fa0f6f:c1556, 0f15f03e-3179-4fc8-ac54-a24fe3c72555:c1554, 11ea7e38-68de-49e0-a413-0aa394144289:c1554]
2019-07-09 08:41:57,984 INFO  client.GrpcClientProtocolClient (GrpcClientProtocolClient.java:onNext(255)) - client-E42F58674560->3a39c983-6986-4da8-95c7-9482e2fa0f6f: receive RaftClientReply:client-E42F58674560->3a39c983-6986-4da8-95c7-9482e2fa0f6f@group-5E4216B2975C, cid=1133, SUCCESS, logIndex=1559, commits[3a39c983-6986-4da8-95c7-9482e2fa0f6f:c1559, 0f15f03e-3179-4fc8-ac54-a24fe3c72555:c1556, 11ea7e38-68de-49e0-a413-0aa394144289:c1556]
2019-07-09 08:41:57,985 INFO  client.GrpcClientProtocolClient (GrpcClientProtocolClient.java:onNext(255)) - client-E42F58674560->3a39c983-6986-4da8-95c7-9482e2fa0f6f: receive RaftClientReply:client-E42F58674560->3a39c983-6986-4da8-95c7-9482e2fa0f6f@group-5E4216B2975C, cid=1134, SUCCESS, logIndex=1560, commits[3a39c983-6986-4da8-95c7-9482e2fa0f6f:c1560, 0f15f03e-3179-4fc8-ac54-a24fe3c72555:c1556, 11ea7e38-68de-49e0-a413-0aa394144289:c1556]
2019-07-09 08:41:58,000 INFO  client.GrpcClientProtocolClient (GrpcClientProtocolClient.java:onNext(255)) - client-E42F58674560->3a39c983-6986-4da8-95c7-9482e2fa0f6f: receive RaftClientReply:client-E42F58674560->3a39c983-6986-4da8-95c7-9482e2fa0f6f@group-5E4216B2975C, cid=1135, SUCCESS, logIndex=0, commits[3a39c983-6986-4da8-95c7-9482e2fa0f6f:c1562, 0f15f03e-3179-4fc8-ac54-a24fe3c72555:c1560, 11ea7e38-68de-49e0-a413-0aa394144289:c1560]
2019-07-09 08:41:58,022 INFO  client.GrpcClientProtocolClient (GrpcClientProtocolClient.java:onNext(255)) - client-E42F58674560->3a39c983-6986-4da8-95c7-9482e2fa0f6f: receive RaftClientReply:client-E42F58674560->3a39c983-6986-4da8-95c7-9482e2fa0f6f@group-5E4216B2975C, cid=1136, SUCCESS, logIndex=1563, commits[3a39c983-6986-4da8-95c7-9482e2fa0f6f:c1564, 0f15f03e-3179-4fc8-ac54-a24fe3c72555:c1562, 11ea7e38-68de-49e0-a413-0aa394144289:c1562]
2019-07-09 08:41:58,023 INFO  client.GrpcClientProtocolClient (GrpcClientProtocolClient.java:onNext(255)) - client-E42F58674560->3a39c983-6986-4da8-95c7-9482e2fa0f6f: receive RaftClientReply:client-E42F58674560->3a39c983-6986-4da8-95c7-9482e2fa0f6f@group-5E4216B2975C, cid=1137, SUCCESS, logIndex=1564, commits[3a39c983-6986-4da8-95c7-9482e2fa0f6f:c1564, 0f15f03e-3179-4fc8-ac54-a24fe3c72555:c1562, 11ea7e38-68de-49e0-a413-0aa394144289:c1562]
2019-07-09 08:41:58,032 INFO  client.GrpcClientProtocolClient (GrpcClientProtocolClient.java:onNext(255)) - client-E42F58674560->3a39c983-6986-4da8-95c7-9482e2fa0f6f: receive RaftClientReply:client-E42F58674560->3a39c983-6986-4da8-95c7-9482e2fa0f6f@group-5E4216B2975C, cid=1138, SUCCESS, logIndex=1565, commits[3a39c983-6986-4da8-95c7-9482e2fa0f6f:c1566, 0f15f03e-3179-4fc8-ac54-a24fe3c72555:c1562, 11ea7e38-68de-49e0-a413-0aa394144289:c1562]
2019-07-09 08:41:58,032 INFO  client.GrpcClientProtocolClient (GrpcClientProtocolClient.java:onNext(255)) - client-E42F58674560->3a39c983-6986-4da8-95c7-9482e2fa0f6f: receive RaftClientReply:client-E42F58674560->3a39c983-6986-4da8-95c7-9482e2fa0f6f@group-5E4216B2975C, cid=1139, SUCCESS, logIndex=1566, commits[3a39c983-6986-4da8-95c7-9482e2fa0f6f:c1566, 0f15f03e-3179-4fc8-ac54-a24fe3c72555:c1562, 11ea7e38-68de-49e0-a413-0aa394144289:c1562]
2019-07-09 08:41:58,048 INFO  client.GrpcClientProtocolClient (GrpcClientProtocolClient.java:onNext(255)) - client-E42F58674560->3a39c983-6986-4da8-95c7-9482e2fa0f6f: receive RaftClientReply:client-E42F58674560->3a39c983-6986-4da8-95c7-9482e2fa0f6f@group-5E4216B2975C, cid=1140, SUCCESS, logIndex=0, commits[3a39c983-6986-4da8-95c7-9482e2fa0f6f:c1567, 0f15f03e-3179-4fc8-ac54-a24fe3c72555:c1564, 11ea7e38-68de-49e0-a413-0aa394144289:c1564]
2019-07-09 08:41:58,064 INFO  client.GrpcClientProtocolClient (GrpcClientProtocolClient.java:onNext(255)) - client-E42F58674560->3a39c983-6986-4da8-95c7-9482e2fa0f6f: receive RaftClientReply:client-E42F58674560->3a39c983-6986-4da8-95c7-9482e2fa0f6f@group-5E4216B2975C, cid=1141, SUCCESS, logIndex=1570, commits[3a39c983-6986-4da8-95c7-9482e2fa0f6f:c1571, 0f15f03e-3179-4fc8-ac54-a24fe3c72555:c1568, 11ea7e38-68de-49e0-a413-0aa394144289:c1568]
2019-07-09 08:41:58,065 INFO  client.GrpcClientProtocolClient (GrpcClientProtocolClient.java:onNext(255)) - client-E42F58674560->3a39c983-6986-4da8-95c7-9482e2fa0f6f: receive RaftClientReply:client-E42F58674560->3a39c983-6986-4da8-95c7-9482e2fa0f6f@group-5E4216B2975C, cid=1142, SUCCESS, logIndex=1571, commits[3a39c983-6986-4da8-95c7-9482e2fa0f6f:c1571, 0f15f03e-3179-4fc8-ac54-a24fe3c72555:c1568, 11ea7e38-68de-49e0-a413-0aa394144289:c1568]
2019-07-09 08:41:58,080 INFO  client.GrpcClientProtocolClient (GrpcClientProtocolClient.java:onNext(255)) - client-E42F58674560->3a39c983-6986-4da8-95c7-9482e2fa0f6f: receive RaftClientReply:client-E42F58674560->3a39c983-6986-4da8-95c7-9482e2fa0f6f@group-5E4216B2975C, cid=1143, SUCCESS, logIndex=1574, commits[3a39c983-6986-4da8-95c7-9482e2fa0f6f:c1575, 0f15f03e-3179-4fc8-ac54-a24fe3c72555:c1572, 11ea7e38-68de-49e0-a413-0aa394144289:c1572]
2019-07-09 08:41:58,080 INFO  client.GrpcClientProtocolClient (GrpcClientProtocolClient.java:onNext(255)) - client-E42F58674560->3a39c983-6986-4da8-95c7-9482e2fa0f6f: receive RaftClientReply:client-E42F58674560->3a39c983-6986-4da8-95c7-9482e2fa0f6f@group-5E4216B2975C, cid=1144, SUCCESS, logIndex=1575, commits[3a39c983-6986-4da8-95c7-9482e2fa0f6f:c1575, 0f15f03e-3179-4fc8-ac54-a24fe3c72555:c1572, 11ea7e38-68de-49e0-a413-0aa394144289:c1572]
2019-07-09 08:41:58,087 INFO  client.GrpcClientProtocolClient (GrpcClientProtocolClient.java:onNext(255)) - client-E42F58674560->3a39c983-6986-4da8-95c7-9482e2fa0f6f: receive RaftClientReply:client-E42F58674560->3a39c983-6986-4da8-95c7-9482e2fa0f6f@group-5E4216B2975C, cid=1145, SUCCESS, logIndex=0, commits[3a39c983-6986-4da8-95c7-9482e2fa0f6f:c1577, 0f15f03e-3179-4fc8-ac54-a24fe3c72555:c1575, 11ea7e38-68de-49e0-a413-0aa394144289:c1575]
2019-07-09 08:41:58,110 INFO  client.GrpcClientProtocolClient (GrpcClientProtocolClient.java:onNext(255)) - client-E42F58674560->3a39c983-6986-4da8-95c7-9482e2fa0f6f: receive RaftClientReply:client-E42F58674560->3a39c983-6986-4da8-95c7-9482e2fa0f6f@group-5E4216B2975C, cid=1146, SUCCESS, logIndex=1578, commits[3a39c983-6986-4da8-95c7-9482e2fa0f6f:c1579, 0f15f03e-3179-4fc8-ac54-a24fe3c72555:c1577, 11ea7e38-68de-49e0-a413-0aa394144289:c1577]
2019-07-09 08:41:58,110 INFO  client.GrpcClientProtocolClient (GrpcClientProtocolClient.java:onNext(255)) - client-E42F58674560->3a39c983-6986-4da8-95c7-9482e2fa0f6f: receive RaftClientReply:client-E42F58674560->3a39c983-6986-4da8-95c7-9482e2fa0f6f@group-5E4216B2975C, cid=1147, SUCCESS, logIndex=1579, commits[3a39c983-6986-4da8-95c7-9482e2fa0f6f:c1580, 0f15f03e-3179-4fc8-ac54-a24fe3c72555:c1577, 11ea7e38-68de-49e0-a413-0aa394144289:c1577]
2019-07-09 08:41:58,111 INFO  client.GrpcClientProtocolClient (GrpcClientProtocolClient.java:onNext(255)) - client-E42F58674560->3a39c983-6986-4da8-95c7-9482e2fa0f6f: receive RaftClientReply:client-E42F58674560->3a39c983-6986-4da8-95c7-9482e2fa0f6f@group-5E4216B2975C, cid=1148, SUCCESS, logIndex=1580, commits[3a39c983-6986-4da8-95c7-9482e2fa0f6f:c1581, 0f15f03e-3179-4fc8-ac54-a24fe3c72555:c1577, 11ea7e38-68de-49e0-a413-0aa394144289:c1577]
2019-07-09 08:41:58,111 INFO  client.GrpcClientProtocolClient (GrpcClientProtocolClient.java:onNext(255)) - client-E42F58674560->3a39c983-6986-4da8-95c7-9482e2fa0f6f: receive RaftClientReply:client-E42F58674560->3a39c983-6986-4da8-95c7-9482e2fa0f6f@group-5E4216B2975C, cid=1149, SUCCESS, logIndex=1581, commits[3a39c983-6986-4da8-95c7-9482e2fa0f6f:c1581, 0f15f03e-3179-4fc8-ac54-a24fe3c72555:c1577, 11ea7e38-68de-49e0-a413-0aa394144289:c1577]
2019-07-09 08:41:58,124 INFO  client.GrpcClientProtocolClient (GrpcClientProtocolClient.java:onNext(255)) - client-E42F58674560->3a39c983-6986-4da8-95c7-9482e2fa0f6f: receive RaftClientReply:client-E42F58674560->3a39c983-6986-4da8-95c7-9482e2fa0f6f@group-5E4216B2975C, cid=1150, SUCCESS, logIndex=0, commits[3a39c983-6986-4da8-95c7-9482e2fa0f6f:c1583, 0f15f03e-3179-4fc8-ac54-a24fe3c72555:c1579, 11ea7e38-68de-49e0-a413-0aa394144289:c1579]
2019-07-09 08:41:58,138 INFO  client.GrpcClientProtocolClient (GrpcClientProtocolClient.java:onNext(255)) - client-E42F58674560->3a39c983-6986-4da8-95c7-9482e2fa0f6f: receive RaftClientReply:client-E42F58674560->3a39c983-6986-4da8-95c7-9482e2fa0f6f@group-5E4216B2975C, cid=1151, SUCCESS, logIndex=1586, commits[3a39c983-6986-4da8-95c7-9482e2fa0f6f:c1587, 0f15f03e-3179-4fc8-ac54-a24fe3c72555:c1585, 11ea7e38-68de-49e0-a413-0aa394144289:c1585]
2019-07-09 08:41:58,138 INFO  client.GrpcClientProtocolClient (GrpcClientProtocolClient.java:onNext(255)) - client-E42F58674560->3a39c983-6986-4da8-95c7-9482e2fa0f6f: receive RaftClientReply:client-E42F58674560->3a39c983-6986-4da8-95c7-9482e2fa0f6f@group-5E4216B2975C, cid=1152, SUCCESS, logIndex=1587, commits[3a39c983-6986-4da8-95c7-9482e2fa0f6f:c1587, 0f15f03e-3179-4fc8-ac54-a24fe3c72555:c1585, 11ea7e38-68de-49e0-a413-0aa394144289:c1585]
2019-07-09 08:41:58,152 INFO  client.GrpcClientProtocolClient (GrpcClientProtocolClient.java:onNext(255)) - client-E42F58674560->3a39c983-6986-4da8-95c7-9482e2fa0f6f: receive RaftClientReply:client-E42F58674560->3a39c983-6986-4da8-95c7-9482e2fa0f6f@group-5E4216B2975C, cid=1153, SUCCESS, logIndex=1590, commits[3a39c983-6986-4da8-95c7-9482e2fa0f6f:c1591, 0f15f03e-3179-4fc8-ac54-a24fe3c72555:c1587, 11ea7e38-68de-49e0-a413-0aa394144289:c1587]
2019-07-09 08:41:58,152 INFO  client.GrpcClientProtocolClient (GrpcClientProtocolClient.java:onNext(255)) - client-E42F58674560->3a39c983-6986-4da8-95c7-9482e2fa0f6f: receive RaftClientReply:client-E42F58674560->3a39c983-6986-4da8-95c7-9482e2fa0f6f@group-5E4216B2975C, cid=1154, SUCCESS, logIndex=1591, commits[3a39c983-6986-4da8-95c7-9482e2fa0f6f:c1591, 0f15f03e-3179-4fc8-ac54-a24fe3c72555:c1587, 11ea7e38-68de-49e0-a413-0aa394144289:c1587]
2019-07-09 08:41:58,166 INFO  client.GrpcClientProtocolClient (GrpcClientProtocolClient.java:onNext(255)) - client-E42F58674560->3a39c983-6986-4da8-95c7-9482e2fa0f6f: receive RaftClientReply:client-E42F58674560->3a39c983-6986-4da8-95c7-9482e2fa0f6f@group-5E4216B2975C, cid=1155, SUCCESS, logIndex=0, commits[3a39c983-6986-4da8-95c7-9482e2fa0f6f:c1593, 0f15f03e-3179-4fc8-ac54-a24fe3c72555:c1591, 11ea7e38-68de-49e0-a413-0aa394144289:c1591]
2019-07-09 08:41:58,185 INFO  client.GrpcClientProtocolClient (GrpcClientProtocolClient.java:onNext(255)) - client-E42F58674560->3a39c983-6986-4da8-95c7-9482e2fa0f6f: receive RaftClientReply:client-E42F58674560->3a39c983-6986-4da8-95c7-9482e2fa0f6f@group-5E4216B2975C, cid=1156, SUCCESS, logIndex=1594, commits[3a39c983-6986-4da8-95c7-9482e2fa0f6f:c1596, 0f15f03e-3179-4fc8-ac54-a24fe3c72555:c1593, 11ea7e38-68de-49e0-a413-0aa394144289:c1593]
2019-07-09 08:41:58,186 INFO  client.GrpcClientProtocolClient (GrpcClientProtocolClient.java:onNext(255)) - client-E42F58674560->3a39c983-6986-4da8-95c7-9482e2fa0f6f: receive RaftClientReply:client-E42F58674560->3a39c983-6986-4da8-95c7-9482e2fa0f6f@group-5E4216B2975C, cid=1157, SUCCESS, logIndex=1595, commits[3a39c983-6986-4da8-95c7-9482e2fa0f6f:c1597, 0f15f03e-3179-4fc8-ac54-a24fe3c72555:c1593, 11ea7e38-68de-49e0-a413-0aa394144289:c1593]
2019-07-09 08:41:58,186 INFO  client.GrpcClientProtocolClient (GrpcClientProtocolClient.java:onNext(255)) - client-E42F58674560->3a39c983-6986-4da8-95c7-9482e2fa0f6f: receive RaftClientReply:client-E42F58674560->3a39c983-6986-4da8-95c7-9482e2fa0f6f@group-5E4216B2975C, cid=1158, SUCCESS, logIndex=1596, commits[3a39c983-6986-4da8-95c7-9482e2fa0f6f:c1597, 0f15f03e-3179-4fc8-ac54-a24fe3c72555:c1593, 11ea7e38-68de-49e0-a413-0aa394144289:c1593]
2019-07-09 08:41:58,186 INFO  client.GrpcClientProtocolClient (GrpcClientProtocolClient.java:onNext(255)) - client-E42F58674560->3a39c983-6986-4da8-95c7-9482e2fa0f6f: receive RaftClientReply:client-E42F58674560->3a39c983-6986-4da8-95c7-9482e2fa0f6f@group-5E4216B2975C, cid=1159, SUCCESS, logIndex=1597, commits[3a39c983-6986-4da8-95c7-9482e2fa0f6f:c1597, 0f15f03e-3179-4fc8-ac54-a24fe3c72555:c1593, 11ea7e38-68de-49e0-a413-0aa394144289:c1593]
2019-07-09 08:41:58,189 INFO  client.GrpcClientProtocolClient (GrpcClientProtocolClient.java:onNext(255)) - client-E42F58674560->3a39c983-6986-4da8-95c7-9482e2fa0f6f: receive RaftClientReply:client-E42F58674560->3a39c983-6986-4da8-95c7-9482e2fa0f6f@group-5E4216B2975C, cid=1160, SUCCESS, logIndex=0, commits[3a39c983-6986-4da8-95c7-9482e2fa0f6f:c1598, 0f15f03e-3179-4fc8-ac54-a24fe3c72555:c1595, 11ea7e38-68de-49e0-a413-0aa394144289:c1595]
2019-07-09 08:41:58,201 INFO  client.GrpcClientProtocolClient (GrpcClientProtocolClient.java:onNext(255)) - client-E42F58674560->3a39c983-6986-4da8-95c7-9482e2fa0f6f: receive RaftClientReply:client-E42F58674560->3a39c983-6986-4da8-95c7-9482e2fa0f6f@group-5E4216B2975C, cid=1161, SUCCESS, logIndex=1602, commits[3a39c983-6986-4da8-95c7-9482e2fa0f6f:c1603, 0f15f03e-3179-4fc8-ac54-a24fe3c72555:c1597, 11ea7e38-68de-49e0-a413-0aa394144289:c1599]
2019-07-09 08:41:58,202 INFO  client.GrpcClientProtocolClient (GrpcClientProtocolClient.java:onNext(255)) - client-E42F58674560->3a39c983-6986-4da8-95c7-9482e2fa0f6f: receive RaftClientReply:client-E42F58674560->3a39c983-6986-4da8-95c7-9482e2fa0f6f@group-5E4216B2975C, cid=1162, SUCCESS, logIndex=1603, commits[3a39c983-6986-4da8-95c7-9482e2fa0f6f:c1603, 0f15f03e-3179-4fc8-ac54-a24fe3c72555:c1597, 11ea7e38-68de-49e0-a413-0aa394144289:c1599]
2019-07-09 08:41:58,229 INFO  client.GrpcClientProtocolClient (GrpcClientProtocolClient.java:onNext(255)) - client-E42F58674560->3a39c983-6986-4da8-95c7-9482e2fa0f6f: receive RaftClientReply:client-E42F58674560->3a39c983-6986-4da8-95c7-9482e2fa0f6f@group-5E4216B2975C, cid=1163, SUCCESS, logIndex=1606, commits[3a39c983-6986-4da8-95c7-9482e2fa0f6f:c1607, 0f15f03e-3179-4fc8-ac54-a24fe3c72555:c1603, 11ea7e38-68de-49e0-a413-0aa394144289:c1603]
2019-07-09 08:41:58,229 INFO  client.GrpcClientProtocolClient (GrpcClientProtocolClient.java:onNext(255)) - client-E42F58674560->3a39c983-6986-4da8-95c7-9482e2fa0f6f: receive RaftClientReply:client-E42F58674560->3a39c983-6986-4da8-95c7-9482e2fa0f6f@group-5E4216B2975C, cid=1164, SUCCESS, logIndex=1607, commits[3a39c983-6986-4da8-95c7-9482e2fa0f6f:c1607, 0f15f03e-3179-4fc8-ac54-a24fe3c72555:c1603, 11ea7e38-68de-49e0-a413-0aa394144289:c1603]
2019-07-09 08:41:58,255 INFO  client.GrpcClientProtocolClient (GrpcClientProtocolClient.java:onNext(255)) - client-E42F58674560->3a39c983-6986-4da8-95c7-9482e2fa0f6f: receive RaftClientReply:client-E42F58674560->3a39c983-6986-4da8-95c7-9482e2fa0f6f@group-5E4216B2975C, cid=1165, SUCCESS, logIndex=0, commits[3a39c983-6986-4da8-95c7-9482e2fa0f6f:c1609, 0f15f03e-3179-4fc8-ac54-a24fe3c72555:c1607, 11ea7e38-68de-49e0-a413-0aa394144289:c1607]
2019-07-09 08:41:58,277 INFO  client.GrpcClientProtocolClient (GrpcClientProtocolClient.java:onNext(255)) - client-E42F58674560->3a39c983-6986-4da8-95c7-9482e2fa0f6f: receive RaftClientReply:client-E42F58674560->3a39c983-6986-4da8-95c7-9482e2fa0f6f@group-5E4216B2975C, cid=1166, SUCCESS, logIndex=1610, commits[3a39c983-6986-4da8-95c7-9482e2fa0f6f:c1611, 0f15f03e-3179-4fc8-ac54-a24fe3c72555:c1609, 11ea7e38-68de-49e0-a413-0aa394144289:c1609]
2019-07-09 08:41:58,278 INFO  client.GrpcClientProtocolClient (GrpcClientProtocolClient.java:onNext(255)) - client-E42F58674560->3a39c983-6986-4da8-95c7-9482e2fa0f6f: receive RaftClientReply:client-E42F58674560->3a39c983-6986-4da8-95c7-9482e2fa0f6f@group-5E4216B2975C, cid=1167, SUCCESS, logIndex=1611, commits[3a39c983-6986-4da8-95c7-9482e2fa0f6f:c1611, 0f15f03e-3179-4fc8-ac54-a24fe3c72555:c1609, 11ea7e38-68de-49e0-a413-0aa394144289:c1609]
2019-07-09 08:41:58,287 INFO  client.GrpcClientProtocolClient (GrpcClientProtocolClient.java:onNext(255)) - client-E42F58674560->3a39c983-6986-4da8-95c7-9482e2fa0f6f: receive RaftClientReply:client-E42F58674560->3a39c983-6986-4da8-95c7-9482e2fa0f6f@group-5E4216B2975C, cid=1168, SUCCESS, logIndex=1612, commits[3a39c983-6986-4da8-95c7-9482e2fa0f6f:c1612, 0f15f03e-3179-4fc8-ac54-a24fe3c72555:c1609, 11ea7e38-68de-49e0-a413-0aa394144289:c1609]
2019-07-09 08:41:58,288 INFO  client.GrpcClientProtocolClient (GrpcClientProtocolClient.java:onNext(255)) - client-E42F58674560->3a39c983-6986-4da8-95c7-9482e2fa0f6f: receive RaftClientReply:client-E42F58674560->3a39c983-6986-4da8-95c7-9482e2fa0f6f@group-5E4216B2975C, cid=1169, SUCCESS, logIndex=1613, commits[3a39c983-6986-4da8-95c7-9482e2fa0f6f:c1613, 0f15f03e-3179-4fc8-ac54-a24fe3c72555:c1609, 11ea7e38-68de-49e0-a413-0aa394144289:c1609]
2019-07-09 08:41:58,289 INFO  client.GrpcClientProtocolClient (GrpcClientProtocolClient.java:onNext(255)) - client-E42F58674560->3a39c983-6986-4da8-95c7-9482e2fa0f6f: receive RaftClientReply:client-E42F58674560->3a39c983-6986-4da8-95c7-9482e2fa0f6f@group-5E4216B2975C, cid=1170, SUCCESS, logIndex=0, commits[3a39c983-6986-4da8-95c7-9482e2fa0f6f:c1615, 0f15f03e-3179-4fc8-ac54-a24fe3c72555:c1611, 11ea7e38-68de-49e0-a413-0aa394144289:c1611]
2019-07-09 08:41:58,310 INFO  client.GrpcClientProtocolClient (GrpcClientProtocolClient.java:onNext(255)) - client-E42F58674560->3a39c983-6986-4da8-95c7-9482e2fa0f6f: receive RaftClientReply:client-E42F58674560->3a39c983-6986-4da8-95c7-9482e2fa0f6f@group-5E4216B2975C, cid=1171, SUCCESS, logIndex=1618, commits[3a39c983-6986-4da8-95c7-9482e2fa0f6f:c1619, 0f15f03e-3179-4fc8-ac54-a24fe3c72555:c1617, 11ea7e38-68de-49e0-a413-0aa394144289:c1617]
2019-07-09 08:41:58,310 INFO  client.GrpcClientProtocolClient (GrpcClientProtocolClient.java:onNext(255)) - client-E42F58674560->3a39c983-6986-4da8-95c7-9482e2fa0f6f: receive RaftClientReply:client-E42F58674560->3a39c983-6986-4da8-95c7-9482e2fa0f6f@group-5E4216B2975C, cid=1172, SUCCESS, logIndex=1619, commits[3a39c983-6986-4da8-95c7-9482e2fa0f6f:c1619, 0f15f03e-3179-4fc8-ac54-a24fe3c72555:c1617, 11ea7e38-68de-49e0-a413-0aa394144289:c1617]
2019-07-09 08:41:58,326 INFO  client.GrpcClientProtocolClient (GrpcClientProtocolClient.java:onNext(255)) - client-E42F58674560->3a39c983-6986-4da8-95c7-9482e2fa0f6f: receive RaftClientReply:client-E42F58674560->3a39c983-6986-4da8-95c7-9482e2fa0f6f@group-5E4216B2975C, cid=1173, SUCCESS, logIndex=1622, commits[3a39c983-6986-4da8-95c7-9482e2fa0f6f:c1623, 0f15f03e-3179-4fc8-ac54-a24fe3c72555:c1619, 11ea7e38-68de-49e0-a413-0aa394144289:c1619]
2019-07-09 08:41:58,326 INFO  client.GrpcClientProtocolClient (GrpcClientProtocolClient.java:onNext(255)) - client-E42F58674560->3a39c983-6986-4da8-95c7-9482e2fa0f6f: receive RaftClientReply:client-E42F58674560->3a39c983-6986-4da8-95c7-9482e2fa0f6f@group-5E4216B2975C, cid=1174, SUCCESS, logIndex=1623, commits[3a39c983-6986-4da8-95c7-9482e2fa0f6f:c1623, 0f15f03e-3179-4fc8-ac54-a24fe3c72555:c1619, 11ea7e38-68de-49e0-a413-0aa394144289:c1619]
2019-07-09 08:41:58,341 INFO  client.GrpcClientProtocolClient (GrpcClientProtocolClient.java:onNext(255)) - client-E42F58674560->3a39c983-6986-4da8-95c7-9482e2fa0f6f: receive RaftClientReply:client-E42F58674560->3a39c983-6986-4da8-95c7-9482e2fa0f6f@group-5E4216B2975C, cid=1175, SUCCESS, logIndex=0, commits[3a39c983-6986-4da8-95c7-9482e2fa0f6f:c1625, 0f15f03e-3179-4fc8-ac54-a24fe3c72555:c1623, 11ea7e38-68de-49e0-a413-0aa394144289:c1623]
2019-07-09 08:41:58,366 INFO  client.GrpcClientProtocolClient (GrpcClientProtocolClient.java:onNext(255)) - client-E42F58674560->3a39c983-6986-4da8-95c7-9482e2fa0f6f: receive RaftClientReply:client-E42F58674560->3a39c983-6986-4da8-95c7-9482e2fa0f6f@group-5E4216B2975C, cid=1176, SUCCESS, logIndex=1626, commits[3a39c983-6986-4da8-95c7-9482e2fa0f6f:c1628, 0f15f03e-3179-4fc8-ac54-a24fe3c72555:c1625, 11ea7e38-68de-49e0-a413-0aa394144289:c1625]
2019-07-09 08:41:58,366 INFO  client.GrpcClientProtocolClient (GrpcClientProtocolClient.java:onNext(255)) - client-E42F58674560->3a39c983-6986-4da8-95c7-9482e2fa0f6f: receive RaftClientReply:client-E42F58674560->3a39c983-6986-4da8-95c7-9482e2fa0f6f@group-5E4216B2975C, cid=1177, SUCCESS, logIndex=1627, commits[3a39c983-6986-4da8-95c7-9482e2fa0f6f:c1629, 0f15f03e-3179-4fc8-ac54-a24fe3c72555:c1625, 11ea7e38-68de-49e0-a413-0aa394144289:c1625]
2019-07-09 08:41:58,367 INFO  client.GrpcClientProtocolClient (GrpcClientProtocolClient.java:onNext(255)) - client-E42F58674560->3a39c983-6986-4da8-95c7-9482e2fa0f6f: receive RaftClientReply:client-E42F58674560->3a39c983-6986-4da8-95c7-9482e2fa0f6f@group-5E4216B2975C, cid=1178, SUCCESS, logIndex=1628, commits[3a39c983-6986-4da8-95c7-9482e2fa0f6f:c1629, 0f15f03e-3179-4fc8-ac54-a24fe3c72555:c1625, 11ea7e38-68de-49e0-a413-0aa394144289:c1625]
2019-07-09 08:41:58,367 INFO  client.GrpcClientProtocolClient (GrpcClientProtocolClient.java:onNext(255)) - client-E42F58674560->3a39c983-6986-4da8-95c7-9482e2fa0f6f: receive RaftClientReply:client-E42F58674560->3a39c983-6986-4da8-95c7-9482e2fa0f6f@group-5E4216B2975C, cid=1179, SUCCESS, logIndex=1629, commits[3a39c983-6986-4da8-95c7-9482e2fa0f6f:c1629, 0f15f03e-3179-4fc8-ac54-a24fe3c72555:c1626, 11ea7e38-68de-49e0-a413-0aa394144289:c1625]
2019-07-09 08:41:58,380 INFO  client.GrpcClientProtocolClient (GrpcClientProtocolClient.java:onNext(255)) - client-E42F58674560->3a39c983-6986-4da8-95c7-9482e2fa0f6f: receive RaftClientReply:client-E42F58674560->3a39c983-6986-4da8-95c7-9482e2fa0f6f@group-5E4216B2975C, cid=1180, SUCCESS, logIndex=0, commits[3a39c983-6986-4da8-95c7-9482e2fa0f6f:c1631, 0f15f03e-3179-4fc8-ac54-a24fe3c72555:c1627, 11ea7e38-68de-49e0-a413-0aa394144289:c1627]
2019-07-09 08:41:58,392 INFO  client.GrpcClientProtocolClient (GrpcClientProtocolClient.java:onNext(255)) - client-E42F58674560->3a39c983-6986-4da8-95c7-9482e2fa0f6f: receive RaftClientReply:client-E42F58674560->3a39c983-6986-4da8-95c7-9482e2fa0f6f@group-5E4216B2975C, cid=1181, SUCCESS, logIndex=1634, commits[3a39c983-6986-4da8-95c7-9482e2fa0f6f:c1635, 0f15f03e-3179-4fc8-ac54-a24fe3c72555:c1633, 11ea7e38-68de-49e0-a413-0aa394144289:c1633]
2019-07-09 08:41:58,392 INFO  client.GrpcClientProtocolClient (GrpcClientProtocolClient.java:onNext(255)) - client-E42F58674560->3a39c983-6986-4da8-95c7-9482e2fa0f6f: receive RaftClientReply:client-E42F58674560->3a39c983-6986-4da8-95c7-9482e2fa0f6f@group-5E4216B2975C, cid=1182, SUCCESS, logIndex=1635, commits[3a39c983-6986-4da8-95c7-9482e2fa0f6f:c1635, 0f15f03e-3179-4fc8-ac54-a24fe3c72555:c1633, 11ea7e38-68de-49e0-a413-0aa394144289:c1633]
2019-07-09 08:41:58,411 INFO  client.GrpcClientProtocolClient (GrpcClientProtocolClient.java:onNext(255)) - client-E42F58674560->3a39c983-6986-4da8-95c7-9482e2fa0f6f: receive RaftClientReply:client-E42F58674560->3a39c983-6986-4da8-95c7-9482e2fa0f6f@group-5E4216B2975C, cid=1183, SUCCESS, logIndex=1638, commits[3a39c983-6986-4da8-95c7-9482e2fa0f6f:c1639, 0f15f03e-3179-4fc8-ac54-a24fe3c72555:c1637, 11ea7e38-68de-49e0-a413-0aa394144289:c1635]
2019-07-09 08:41:58,412 INFO  client.GrpcClientProtocolClient (GrpcClientProtocolClient.java:onNext(255)) - client-E42F58674560->3a39c983-6986-4da8-95c7-9482e2fa0f6f: receive RaftClientReply:client-E42F58674560->3a39c983-6986-4da8-95c7-9482e2fa0f6f@group-5E4216B2975C, cid=1184, SUCCESS, logIndex=1639, commits[3a39c983-6986-4da8-95c7-9482e2fa0f6f:c1639, 0f15f03e-3179-4fc8-ac54-a24fe3c72555:c1637, 11ea7e38-68de-49e0-a413-0aa394144289:c1637]
2019-07-09 08:41:58,425 INFO  client.GrpcClientProtocolClient (GrpcClientProtocolClient.java:onNext(255)) - client-E42F58674560->3a39c983-6986-4da8-95c7-9482e2fa0f6f: receive RaftClientReply:client-E42F58674560->3a39c983-6986-4da8-95c7-9482e2fa0f6f@group-5E4216B2975C, cid=1185, SUCCESS, logIndex=0, commits[3a39c983-6986-4da8-95c7-9482e2fa0f6f:c1640, 0f15f03e-3179-4fc8-ac54-a24fe3c72555:c1639, 11ea7e38-68de-49e0-a413-0aa394144289:c1639]
2019-07-09 08:41:58,544 INFO  client.GrpcClientProtocolClient (GrpcClientProtocolClient.java:onNext(255)) - client-E42F58674560->3a39c983-6986-4da8-95c7-9482e2fa0f6f: receive RaftClientReply:client-E42F58674560->3a39c983-6986-4da8-95c7-9482e2fa0f6f@group-5E4216B2975C, cid=1186, SUCCESS, logIndex=1642, commits[3a39c983-6986-4da8-95c7-9482e2fa0f6f:c1645, 0f15f03e-3179-4fc8-ac54-a24fe3c72555:c1641, 11ea7e38-68de-49e0-a413-0aa394144289:c1641]
2019-07-09 08:41:58,545 INFO  client.GrpcClientProtocolClient (GrpcClientProtocolClient.java:onNext(255)) - client-E42F58674560->3a39c983-6986-4da8-95c7-9482e2fa0f6f: receive RaftClientReply:client-E42F58674560->3a39c983-6986-4da8-95c7-9482e2fa0f6f@group-5E4216B2975C, cid=1187, SUCCESS, logIndex=1643, commits[3a39c983-6986-4da8-95c7-9482e2fa0f6f:c1645, 0f15f03e-3179-4fc8-ac54-a24fe3c72555:c1641, 11ea7e38-68de-49e0-a413-0aa394144289:c1641]
2019-07-09 08:41:58,546 INFO  client.GrpcClientProtocolClient (GrpcClientProtocolClient.java:onNext(255)) - client-E42F58674560->3a39c983-6986-4da8-95c7-9482e2fa0f6f: receive RaftClientReply:client-E42F58674560->3a39c983-6986-4da8-95c7-9482e2fa0f6f@group-5E4216B2975C, cid=1188, SUCCESS, logIndex=1644, commits[3a39c983-6986-4da8-95c7-9482e2fa0f6f:c1645, 0f15f03e-3179-4fc8-ac54-a24fe3c72555:c1641, 11ea7e38-68de-49e0-a413-0aa394144289:c1641]
2019-07-09 08:41:58,546 INFO  client.GrpcClientProtocolClient (GrpcClientProtocolClient.java:onNext(255)) - client-E42F58674560->3a39c983-6986-4da8-95c7-9482e2fa0f6f: receive RaftClientReply:client-E42F58674560->3a39c983-6986-4da8-95c7-9482e2fa0f6f@group-5E4216B2975C, cid=1189, SUCCESS, logIndex=1645, commits[3a39c983-6986-4da8-95c7-9482e2fa0f6f:c1645, 0f15f03e-3179-4fc8-ac54-a24fe3c72555:c1641, 11ea7e38-68de-49e0-a413-0aa394144289:c1641]
2019-07-09 08:41:58,558 INFO  client.GrpcClientProtocolClient (GrpcClientProtocolClient.java:onNext(255)) - client-E42F58674560->3a39c983-6986-4da8-95c7-9482e2fa0f6f: receive RaftClientReply:client-E42F58674560->3a39c983-6986-4da8-95c7-9482e2fa0f6f@group-5E4216B2975C, cid=1190, SUCCESS, logIndex=0, commits[3a39c983-6986-4da8-95c7-9482e2fa0f6f:c1646, 0f15f03e-3179-4fc8-ac54-a24fe3c72555:c1644, 11ea7e38-68de-49e0-a413-0aa394144289:c1644]
2019-07-09 08:41:58,584 INFO  client.GrpcClientProtocolClient (GrpcClientProtocolClient.java:onNext(255)) - client-E42F58674560->3a39c983-6986-4da8-95c7-9482e2fa0f6f: receive RaftClientReply:client-E42F58674560->3a39c983-6986-4da8-95c7-9482e2fa0f6f@group-5E4216B2975C, cid=1191, SUCCESS, logIndex=1649, commits[3a39c983-6986-4da8-95c7-9482e2fa0f6f:c1650, 0f15f03e-3179-4fc8-ac54-a24fe3c72555:c1646, 11ea7e38-68de-49e0-a413-0aa394144289:c1646]
2019-07-09 08:41:58,584 INFO  client.GrpcClientProtocolClient (GrpcClientProtocolClient.java:onNext(255)) - client-E42F58674560->3a39c983-6986-4da8-95c7-9482e2fa0f6f: receive RaftClientReply:client-E42F58674560->3a39c983-6986-4da8-95c7-9482e2fa0f6f@group-5E4216B2975C, cid=1192, SUCCESS, logIndex=1650, commits[3a39c983-6986-4da8-95c7-9482e2fa0f6f:c1650, 0f15f03e-3179-4fc8-ac54-a24fe3c72555:c1646, 11ea7e38-68de-49e0-a413-0aa394144289:c1646]
2019-07-09 08:41:58,628 INFO  client.GrpcClientProtocolClient (GrpcClientProtocolClient.java:onNext(255)) - client-E42F58674560->3a39c983-6986-4da8-95c7-9482e2fa0f6f: receive RaftClientReply:client-E42F58674560->3a39c983-6986-4da8-95c7-9482e2fa0f6f@group-5E4216B2975C, cid=1193, SUCCESS, logIndex=1653, commits[3a39c983-6986-4da8-95c7-9482e2fa0f6f:c1654, 0f15f03e-3179-4fc8-ac54-a24fe3c72555:c1651, 11ea7e38-68de-49e0-a413-0aa394144289:c1651]
2019-07-09 08:41:58,628 INFO  client.GrpcClientProtocolClient (GrpcClientProtocolClient.java:onNext(255)) - client-E42F58674560->3a39c983-6986-4da8-95c7-9482e2fa0f6f: receive RaftClientReply:client-E42F58674560->3a39c983-6986-4da8-95c7-9482e2fa0f6f@group-5E4216B2975C, cid=1194, SUCCESS, logIndex=1654, commits[3a39c983-6986-4da8-95c7-9482e2fa0f6f:c1654, 0f15f03e-3179-4fc8-ac54-a24fe3c72555:c1651, 11ea7e38-68de-49e0-a413-0aa394144289:c1651]
 0.00% |█                                                                                                    |  0/1 Time: 0:00:062019-07-09 08:41:58,662 INFO  client.GrpcClientProtocolClient (GrpcClientProtocolClient.java:onNext(255)) - client-E42F58674560->3a39c983-6986-4da8-95c7-9482e2fa0f6f: receive RaftClientReply:client-E42F58674560->3a39c983-6986-4da8-95c7-9482e2fa0f6f@group-5E4216B2975C, cid=1195, SUCCESS, logIndex=0, commits[3a39c983-6986-4da8-95c7-9482e2fa0f6f:c1656, 0f15f03e-3179-4fc8-ac54-a24fe3c72555:c1654, 11ea7e38-68de-49e0-a413-0aa394144289:c1654]
2019-07-09 08:41:58,686 INFO  client.GrpcClientProtocolClient (GrpcClientProtocolClient.java:onNext(255)) - client-E42F58674560->3a39c983-6986-4da8-95c7-9482e2fa0f6f: receive RaftClientReply:client-E42F58674560->3a39c983-6986-4da8-95c7-9482e2fa0f6f@group-5E4216B2975C, cid=1196, SUCCESS, logIndex=1657, commits[3a39c983-6986-4da8-95c7-9482e2fa0f6f:c1660, 0f15f03e-3179-4fc8-ac54-a24fe3c72555:c1656, 11ea7e38-68de-49e0-a413-0aa394144289:c1656]
2019-07-09 08:41:58,687 INFO  client.GrpcClientProtocolClient (GrpcClientProtocolClient.java:onNext(255)) - client-E42F58674560->3a39c983-6986-4da8-95c7-9482e2fa0f6f: receive RaftClientReply:client-E42F58674560->3a39c983-6986-4da8-95c7-9482e2fa0f6f@group-5E4216B2975C, cid=1197, SUCCESS, logIndex=1658, commits[3a39c983-6986-4da8-95c7-9482e2fa0f6f:c1660, 0f15f03e-3179-4fc8-ac54-a24fe3c72555:c1656, 11ea7e38-68de-49e0-a413-0aa394144289:c1656]
2019-07-09 08:41:58,687 INFO  client.GrpcClientProtocolClient (GrpcClientProtocolClient.java:onNext(255)) - client-E42F58674560->3a39c983-6986-4da8-95c7-9482e2fa0f6f: receive RaftClientReply:client-E42F58674560->3a39c983-6986-4da8-95c7-9482e2fa0f6f@group-5E4216B2975C, cid=1198, SUCCESS, logIndex=1659, commits[3a39c983-6986-4da8-95c7-9482e2fa0f6f:c1661, 0f15f03e-3179-4fc8-ac54-a24fe3c72555:c1658, 11ea7e38-68de-49e0-a413-0aa394144289:c1658]
2019-07-09 08:41:58,688 INFO  client.GrpcClientProtocolClient (GrpcClientProtocolClient.java:onNext(255)) - client-E42F58674560->3a39c983-6986-4da8-95c7-9482e2fa0f6f: receive RaftClientReply:client-E42F58674560->3a39c983-6986-4da8-95c7-9482e2fa0f6f@group-5E4216B2975C, cid=1199, SUCCESS, logIndex=1660, commits[3a39c983-6986-4da8-95c7-9482e2fa0f6f:c1662, 0f15f03e-3179-4fc8-ac54-a24fe3c72555:c1659, 11ea7e38-68de-49e0-a413-0aa394144289:c1658]
2019-07-09 08:41:58,709 INFO  client.GrpcClientProtocolClient (GrpcClientProtocolClient.java:onNext(255)) - client-E42F58674560->3a39c983-6986-4da8-95c7-9482e2fa0f6f: receive RaftClientReply:client-E42F58674560->3a39c983-6986-4da8-95c7-9482e2fa0f6f@group-5E4216B2975C, cid=1200, SUCCESS, logIndex=1665, commits[3a39c983-6986-4da8-95c7-9482e2fa0f6f:c1666, 0f15f03e-3179-4fc8-ac54-a24fe3c72555:c1664, 11ea7e38-68de-49e0-a413-0aa394144289:c1664]
2019-07-09 08:41:58,710 INFO  client.GrpcClientProtocolClient (GrpcClientProtocolClient.java:onNext(255)) - client-E42F58674560->3a39c983-6986-4da8-95c7-9482e2fa0f6f: receive RaftClientReply:client-E42F58674560->3a39c983-6986-4da8-95c7-9482e2fa0f6f@group-5E4216B2975C, cid=1201, SUCCESS, logIndex=1666, commits[3a39c983-6986-4da8-95c7-9482e2fa0f6f:c1666, 0f15f03e-3179-4fc8-ac54-a24fe3c72555:c1664, 11ea7e38-68de-49e0-a413-0aa394144289:c1664]
2019-07-09 08:41:58,722 INFO  client.GrpcClientProtocolClient (GrpcClientProtocolClient.java:onNext(255)) - client-E42F58674560->3a39c983-6986-4da8-95c7-9482e2fa0f6f: receive RaftClientReply:client-E42F58674560->3a39c983-6986-4da8-95c7-9482e2fa0f6f@group-5E4216B2975C, cid=1202, SUCCESS, logIndex=1669, commits[3a39c983-6986-4da8-95c7-9482e2fa0f6f:c1670, 0f15f03e-3179-4fc8-ac54-a24fe3c72555:c1666, 11ea7e38-68de-49e0-a413-0aa394144289:c1666]
2019-07-09 08:41:58,723 INFO  client.GrpcClientProtocolClient (GrpcClientProtocolClient.java:onNext(255)) - client-E42F58674560->3a39c983-6986-4da8-95c7-9482e2fa0f6f: receive RaftClientReply:client-E42F58674560->3a39c983-6986-4da8-95c7-9482e2fa0f6f@group-5E4216B2975C, cid=1203, SUCCESS, logIndex=1670, commits[3a39c983-6986-4da8-95c7-9482e2fa0f6f:c1670, 0f15f03e-3179-4fc8-ac54-a24fe3c72555:c1666, 11ea7e38-68de-49e0-a413-0aa394144289:c1666]
2019-07-09 08:41:58,737 INFO  client.GrpcClientProtocolClient (GrpcClientProtocolClient.java:onNext(255)) - client-E42F58674560->3a39c983-6986-4da8-95c7-9482e2fa0f6f: receive RaftClientReply:client-E42F58674560->3a39c983-6986-4da8-95c7-9482e2fa0f6f@group-5E4216B2975C, cid=1204, SUCCESS, logIndex=0, commits[3a39c983-6986-4da8-95c7-9482e2fa0f6f:c1672, 0f15f03e-3179-4fc8-ac54-a24fe3c72555:c1670, 11ea7e38-68de-49e0-a413-0aa394144289:c1670]
2019-07-09 08:41:58,762 INFO  client.GrpcClientProtocolClient (GrpcClientProtocolClient.java:onNext(255)) - client-E42F58674560->3a39c983-6986-4da8-95c7-9482e2fa0f6f: receive RaftClientReply:client-E42F58674560->3a39c983-6986-4da8-95c7-9482e2fa0f6f@group-5E4216B2975C, cid=1205, SUCCESS, logIndex=1673, commits[3a39c983-6986-4da8-95c7-9482e2fa0f6f:c1676, 0f15f03e-3179-4fc8-ac54-a24fe3c72555:c1672, 11ea7e38-68de-49e0-a413-0aa394144289:c1672]
2019-07-09 08:41:58,763 INFO  client.GrpcClientProtocolClient (GrpcClientProtocolClient.java:onNext(255)) - client-E42F58674560->3a39c983-6986-4da8-95c7-9482e2fa0f6f: receive RaftClientReply:client-E42F58674560->3a39c983-6986-4da8-95c7-9482e2fa0f6f@group-5E4216B2975C, cid=1206, SUCCESS, logIndex=1674, commits[3a39c983-6986-4da8-95c7-9482e2fa0f6f:c1676, 0f15f03e-3179-4fc8-ac54-a24fe3c72555:c1672, 11ea7e38-68de-49e0-a413-0aa394144289:c1672]
2019-07-09 08:41:58,763 INFO  client.GrpcClientProtocolClient (GrpcClientProtocolClient.java:onNext(255)) - client-E42F58674560->3a39c983-6986-4da8-95c7-9482e2fa0f6f: receive RaftClientReply:client-E42F58674560->3a39c983-6986-4da8-95c7-9482e2fa0f6f@group-5E4216B2975C, cid=1207, SUCCESS, logIndex=1675, commits[3a39c983-6986-4da8-95c7-9482e2fa0f6f:c1676, 0f15f03e-3179-4fc8-ac54-a24fe3c72555:c1672, 11ea7e38-68de-49e0-a413-0aa394144289:c1672]
2019-07-09 08:41:58,764 INFO  client.GrpcClientProtocolClient (GrpcClientProtocolClient.java:onNext(255)) - client-E42F58674560->3a39c983-6986-4da8-95c7-9482e2fa0f6f: receive RaftClientReply:client-E42F58674560->3a39c983-6986-4da8-95c7-9482e2fa0f6f@group-5E4216B2975C, cid=1208, SUCCESS, logIndex=1676, commits[3a39c983-6986-4da8-95c7-9482e2fa0f6f:c1676, 0f15f03e-3179-4fc8-ac54-a24fe3c72555:c1672, 11ea7e38-68de-49e0-a413-0aa394144289:c1672]
2019-07-09 08:41:58,775 INFO  client.GrpcClientProtocolClient (GrpcClientProtocolClient.java:onNext(255)) - client-E42F58674560->3a39c983-6986-4da8-95c7-9482e2fa0f6f: receive RaftClientReply:client-E42F58674560->3a39c983-6986-4da8-95c7-9482e2fa0f6f@group-5E4216B2975C, cid=1209, SUCCESS, logIndex=0, commits[3a39c983-6986-4da8-95c7-9482e2fa0f6f:c1677, 0f15f03e-3179-4fc8-ac54-a24fe3c72555:c1674, 11ea7e38-68de-49e0-a413-0aa394144289:c1674]
2019-07-09 08:41:58,800 INFO  client.GrpcClientProtocolClient (GrpcClientProtocolClient.java:onNext(255)) - client-E42F58674560->3a39c983-6986-4da8-95c7-9482e2fa0f6f: receive RaftClientReply:client-E42F58674560->3a39c983-6986-4da8-95c7-9482e2fa0f6f@group-5E4216B2975C, cid=1210, SUCCESS, logIndex=1680, commits[3a39c983-6986-4da8-95c7-9482e2fa0f6f:c1681, 0f15f03e-3179-4fc8-ac54-a24fe3c72555:c1677, 11ea7e38-68de-49e0-a413-0aa394144289:c1677]
2019-07-09 08:41:58,800 INFO  client.GrpcClientProtocolClient (GrpcClientProtocolClient.java:onNext(255)) - client-E42F58674560->3a39c983-6986-4da8-95c7-9482e2fa0f6f: receive RaftClientReply:client-E42F58674560->3a39c983-6986-4da8-95c7-9482e2fa0f6f@group-5E4216B2975C, cid=1211, SUCCESS, logIndex=1681, commits[3a39c983-6986-4da8-95c7-9482e2fa0f6f:c1681, 0f15f03e-3179-4fc8-ac54-a24fe3c72555:c1677, 11ea7e38-68de-49e0-a413-0aa394144289:c1677]
2019-07-09 08:41:58,827 INFO  client.GrpcClientProtocolClient (GrpcClientProtocolClient.java:onNext(255)) - client-E42F58674560->3a39c983-6986-4da8-95c7-9482e2fa0f6f: receive RaftClientReply:client-E42F58674560->3a39c983-6986-4da8-95c7-9482e2fa0f6f@group-5E4216B2975C, cid=1212, SUCCESS, logIndex=1684, commits[3a39c983-6986-4da8-95c7-9482e2fa0f6f:c1685, 0f15f03e-3179-4fc8-ac54-a24fe3c72555:c1681, 11ea7e38-68de-49e0-a413-0aa394144289:c1681]
2019-07-09 08:41:58,827 INFO  client.GrpcClientProtocolClient (GrpcClientProtocolClient.java:onNext(255)) - client-E42F58674560->3a39c983-6986-4da8-95c7-9482e2fa0f6f: receive RaftClientReply:client-E42F58674560->3a39c983-6986-4da8-95c7-9482e2fa0f6f@group-5E4216B2975C, cid=1213, SUCCESS, logIndex=1685, commits[3a39c983-6986-4da8-95c7-9482e2fa0f6f:c1685, 0f15f03e-3179-4fc8-ac54-a24fe3c72555:c1681, 11ea7e38-68de-49e0-a413-0aa394144289:c1681]
2019-07-09 08:41:58,842 INFO  client.GrpcClientProtocolClient (GrpcClientProtocolClient.java:onNext(255)) - client-E42F58674560->3a39c983-6986-4da8-95c7-9482e2fa0f6f: receive RaftClientReply:client-E42F58674560->3a39c983-6986-4da8-95c7-9482e2fa0f6f@group-5E4216B2975C, cid=1214, SUCCESS, logIndex=0, commits[3a39c983-6986-4da8-95c7-9482e2fa0f6f:c1687, 0f15f03e-3179-4fc8-ac54-a24fe3c72555:c1685, 11ea7e38-68de-49e0-a413-0aa394144289:c1685]
2019-07-09 08:41:58,876 INFO  client.GrpcClientProtocolClient (GrpcClientProtocolClient.java:onNext(255)) - client-E42F58674560->3a39c983-6986-4da8-95c7-9482e2fa0f6f: receive RaftClientReply:client-E42F58674560->3a39c983-6986-4da8-95c7-9482e2fa0f6f@group-5E4216B2975C, cid=1215, SUCCESS, logIndex=1688, commits[3a39c983-6986-4da8-95c7-9482e2fa0f6f:c1690, 0f15f03e-3179-4fc8-ac54-a24fe3c72555:c1687, 11ea7e38-68de-49e0-a413-0aa394144289:c1687]
2019-07-09 08:41:58,876 INFO  client.GrpcClientProtocolClient (GrpcClientProtocolClient.java:onNext(255)) - client-E42F58674560->3a39c983-6986-4da8-95c7-9482e2fa0f6f: receive RaftClientReply:client-E42F58674560->3a39c983-6986-4da8-95c7-9482e2fa0f6f@group-5E4216B2975C, cid=1216, SUCCESS, logIndex=1689, commits[3a39c983-6986-4da8-95c7-9482e2fa0f6f:c1691, 0f15f03e-3179-4fc8-ac54-a24fe3c72555:c1687, 11ea7e38-68de-49e0-a413-0aa394144289:c1687]
2019-07-09 08:41:58,876 INFO  client.GrpcClientProtocolClient (GrpcClientProtocolClient.java:onNext(255)) - client-E42F58674560->3a39c983-6986-4da8-95c7-9482e2fa0f6f: receive RaftClientReply:client-E42F58674560->3a39c983-6986-4da8-95c7-9482e2fa0f6f@group-5E4216B2975C, cid=1217, SUCCESS, logIndex=1690, commits[3a39c983-6986-4da8-95c7-9482e2fa0f6f:c1691, 0f15f03e-3179-4fc8-ac54-a24fe3c72555:c1687, 11ea7e38-68de-49e0-a413-0aa394144289:c1687]
2019-07-09 08:41:58,877 INFO  client.GrpcClientProtocolClient (GrpcClientProtocolClient.java:onNext(255)) - client-E42F58674560->3a39c983-6986-4da8-95c7-9482e2fa0f6f: receive RaftClientReply:client-E42F58674560->3a39c983-6986-4da8-95c7-9482e2fa0f6f@group-5E4216B2975C, cid=1218, SUCCESS, logIndex=1691, commits[3a39c983-6986-4da8-95c7-9482e2fa0f6f:c1691, 0f15f03e-3179-4fc8-ac54-a24fe3c72555:c1687, 11ea7e38-68de-49e0-a413-0aa394144289:c1687]
2019-07-09 08:41:58,890 INFO  client.GrpcClientProtocolClient (GrpcClientProtocolClient.java:onNext(255)) - client-E42F58674560->3a39c983-6986-4da8-95c7-9482e2fa0f6f: receive RaftClientReply:client-E42F58674560->3a39c983-6986-4da8-95c7-9482e2fa0f6f@group-5E4216B2975C, cid=1219, SUCCESS, logIndex=0, commits[3a39c983-6986-4da8-95c7-9482e2fa0f6f:c1694, 0f15f03e-3179-4fc8-ac54-a24fe3c72555:c1690, 11ea7e38-68de-49e0-a413-0aa394144289:c1689]
2019-07-09 08:41:58,907 INFO  client.GrpcClientProtocolClient (GrpcClientProtocolClient.java:onNext(255)) - client-E42F58674560->3a39c983-6986-4da8-95c7-9482e2fa0f6f: receive RaftClientReply:client-E42F58674560->3a39c983-6986-4da8-95c7-9482e2fa0f6f@group-5E4216B2975C, cid=1220, SUCCESS, logIndex=1696, commits[3a39c983-6986-4da8-95c7-9482e2fa0f6f:c1697, 0f15f03e-3179-4fc8-ac54-a24fe3c72555:c1695, 11ea7e38-68de-49e0-a413-0aa394144289:c1691]
2019-07-09 08:41:58,907 INFO  client.GrpcClientProtocolClient (GrpcClientProtocolClient.java:onNext(255)) - client-E42F58674560->3a39c983-6986-4da8-95c7-9482e2fa0f6f: receive RaftClientReply:client-E42F58674560->3a39c983-6986-4da8-95c7-9482e2fa0f6f@group-5E4216B2975C, cid=1221, SUCCESS, logIndex=1697, commits[3a39c983-6986-4da8-95c7-9482e2fa0f6f:c1697, 0f15f03e-3179-4fc8-ac54-a24fe3c72555:c1695, 11ea7e38-68de-49e0-a413-0aa394144289:c1695]
2019-07-09 08:41:58,931 INFO  client.GrpcClientProtocolClient (GrpcClientProtocolClient.java:onNext(255)) - client-E42F58674560->3a39c983-6986-4da8-95c7-9482e2fa0f6f: receive RaftClientReply:client-E42F58674560->3a39c983-6986-4da8-95c7-9482e2fa0f6f@group-5E4216B2975C, cid=1222, SUCCESS, logIndex=1700, commits[3a39c983-6986-4da8-95c7-9482e2fa0f6f:c1701, 0f15f03e-3179-4fc8-ac54-a24fe3c72555:c1697, 11ea7e38-68de-49e0-a413-0aa394144289:c1697]
2019-07-09 08:41:58,932 INFO  client.GrpcClientProtocolClient (GrpcClientProtocolClient.java:onNext(255)) - client-E42F58674560->3a39c983-6986-4da8-95c7-9482e2fa0f6f: receive RaftClientReply:client-E42F58674560->3a39c983-6986-4da8-95c7-9482e2fa0f6f@group-5E4216B2975C, cid=1223, SUCCESS, logIndex=1701, commits[3a39c983-6986-4da8-95c7-9482e2fa0f6f:c1701, 0f15f03e-3179-4fc8-ac54-a24fe3c72555:c1697, 11ea7e38-68de-49e0-a413-0aa394144289:c1697]
2019-07-09 08:41:58,943 INFO  client.GrpcClientProtocolClient (GrpcClientProtocolClient.java:onNext(255)) - client-E42F58674560->3a39c983-6986-4da8-95c7-9482e2fa0f6f: receive RaftClientReply:client-E42F58674560->3a39c983-6986-4da8-95c7-9482e2fa0f6f@group-5E4216B2975C, cid=1224, SUCCESS, logIndex=0, commits[3a39c983-6986-4da8-95c7-9482e2fa0f6f:c1702, 0f15f03e-3179-4fc8-ac54-a24fe3c72555:c1701, 11ea7e38-68de-49e0-a413-0aa394144289:c1701]
2019-07-09 08:41:58,970 INFO  client.GrpcClientProtocolClient (GrpcClientProtocolClient.java:onNext(255)) - client-E42F58674560->3a39c983-6986-4da8-95c7-9482e2fa0f6f: receive RaftClientReply:client-E42F58674560->3a39c983-6986-4da8-95c7-9482e2fa0f6f@group-5E4216B2975C, cid=1225, SUCCESS, logIndex=1704, commits[3a39c983-6986-4da8-95c7-9482e2fa0f6f:c1705, 0f15f03e-3179-4fc8-ac54-a24fe3c72555:c1703, 11ea7e38-68de-49e0-a413-0aa394144289:c1703]
2019-07-09 08:41:58,971 INFO  client.GrpcClientProtocolClient (GrpcClientProtocolClient.java:onNext(255)) - client-E42F58674560->3a39c983-6986-4da8-95c7-9482e2fa0f6f: receive RaftClientReply:client-E42F58674560->3a39c983-6986-4da8-95c7-9482e2fa0f6f@group-5E4216B2975C, cid=1226, SUCCESS, logIndex=1705, commits[3a39c983-6986-4da8-95c7-9482e2fa0f6f:c1706, 0f15f03e-3179-4fc8-ac54-a24fe3c72555:c1703, 11ea7e38-68de-49e0-a413-0aa394144289:c1703]
2019-07-09 08:41:58,971 INFO  client.GrpcClientProtocolClient (GrpcClientProtocolClient.java:onNext(255)) - client-E42F58674560->3a39c983-6986-4da8-95c7-9482e2fa0f6f: receive RaftClientReply:client-E42F58674560->3a39c983-6986-4da8-95c7-9482e2fa0f6f@group-5E4216B2975C, cid=1227, SUCCESS, logIndex=1706, commits[3a39c983-6986-4da8-95c7-9482e2fa0f6f:c1707, 0f15f03e-3179-4fc8-ac54-a24fe3c72555:c1703, 11ea7e38-68de-49e0-a413-0aa394144289:c1703]
2019-07-09 08:41:58,972 INFO  client.GrpcClientProtocolClient (GrpcClientProtocolClient.java:onNext(255)) - client-E42F58674560->3a39c983-6986-4da8-95c7-9482e2fa0f6f: receive RaftClientReply:client-E42F58674560->3a39c983-6986-4da8-95c7-9482e2fa0f6f@group-5E4216B2975C, cid=1228, SUCCESS, logIndex=1707, commits[3a39c983-6986-4da8-95c7-9482e2fa0f6f:c1707, 0f15f03e-3179-4fc8-ac54-a24fe3c72555:c1703, 11ea7e38-68de-49e0-a413-0aa394144289:c1703]
2019-07-09 08:41:58,984 INFO  client.GrpcClientProtocolClient (GrpcClientProtocolClient.java:onNext(255)) - client-E42F58674560->3a39c983-6986-4da8-95c7-9482e2fa0f6f: receive RaftClientReply:client-E42F58674560->3a39c983-6986-4da8-95c7-9482e2fa0f6f@group-5E4216B2975C, cid=1229, SUCCESS, logIndex=0, commits[3a39c983-6986-4da8-95c7-9482e2fa0f6f:c1710, 0f15f03e-3179-4fc8-ac54-a24fe3c72555:c1706, 11ea7e38-68de-49e0-a413-0aa394144289:c1705]
2019-07-09 08:41:59,007 INFO  client.GrpcClientProtocolClient (GrpcClientProtocolClient.java:onNext(255)) - client-E42F58674560->3a39c983-6986-4da8-95c7-9482e2fa0f6f: receive RaftClientReply:client-E42F58674560->3a39c983-6986-4da8-95c7-9482e2fa0f6f@group-5E4216B2975C, cid=1230, SUCCESS, logIndex=1712, commits[3a39c983-6986-4da8-95c7-9482e2fa0f6f:c1713, 0f15f03e-3179-4fc8-ac54-a24fe3c72555:c1711, 11ea7e38-68de-49e0-a413-0aa394144289:c1711]
2019-07-09 08:41:59,007 INFO  client.GrpcClientProtocolClient (GrpcClientProtocolClient.java:onNext(255)) - client-E42F58674560->3a39c983-6986-4da8-95c7-9482e2fa0f6f: receive RaftClientReply:client-E42F58674560->3a39c983-6986-4da8-95c7-9482e2fa0f6f@group-5E4216B2975C, cid=1231, SUCCESS, logIndex=1713, commits[3a39c983-6986-4da8-95c7-9482e2fa0f6f:c1713, 0f15f03e-3179-4fc8-ac54-a24fe3c72555:c1711, 11ea7e38-68de-49e0-a413-0aa394144289:c1711]
2019-07-09 08:41:59,034 INFO  client.GrpcClientProtocolClient (GrpcClientProtocolClient.java:onNext(255)) - client-E42F58674560->3a39c983-6986-4da8-95c7-9482e2fa0f6f: receive RaftClientReply:client-E42F58674560->3a39c983-6986-4da8-95c7-9482e2fa0f6f@group-5E4216B2975C, cid=1232, SUCCESS, logIndex=1716, commits[3a39c983-6986-4da8-95c7-9482e2fa0f6f:c1717, 0f15f03e-3179-4fc8-ac54-a24fe3c72555:c1713, 11ea7e38-68de-49e0-a413-0aa394144289:c1713]
2019-07-09 08:41:59,034 INFO  client.GrpcClientProtocolClient (GrpcClientProtocolClient.java:onNext(255)) - client-E42F58674560->3a39c983-6986-4da8-95c7-9482e2fa0f6f: receive RaftClientReply:client-E42F58674560->3a39c983-6986-4da8-95c7-9482e2fa0f6f@group-5E4216B2975C, cid=1233, SUCCESS, logIndex=1717, commits[3a39c983-6986-4da8-95c7-9482e2fa0f6f:c1717, 0f15f03e-3179-4fc8-ac54-a24fe3c72555:c1713, 11ea7e38-68de-49e0-a413-0aa394144289:c1713]
2019-07-09 08:41:59,047 INFO  client.GrpcClientProtocolClient (GrpcClientProtocolClient.java:onNext(255)) - client-E42F58674560->3a39c983-6986-4da8-95c7-9482e2fa0f6f: receive RaftClientReply:client-E42F58674560->3a39c983-6986-4da8-95c7-9482e2fa0f6f@group-5E4216B2975C, cid=1234, SUCCESS, logIndex=0, commits[3a39c983-6986-4da8-95c7-9482e2fa0f6f:c1718, 0f15f03e-3179-4fc8-ac54-a24fe3c72555:c1717, 11ea7e38-68de-49e0-a413-0aa394144289:c1717]
2019-07-09 08:41:59,095 INFO  client.GrpcClientProtocolClient (GrpcClientProtocolClient.java:onNext(255)) - client-E42F58674560->3a39c983-6986-4da8-95c7-9482e2fa0f6f: receive RaftClientReply:client-E42F58674560->3a39c983-6986-4da8-95c7-9482e2fa0f6f@group-5E4216B2975C, cid=1235, SUCCESS, logIndex=1720, commits[3a39c983-6986-4da8-95c7-9482e2fa0f6f:c1721, 0f15f03e-3179-4fc8-ac54-a24fe3c72555:c1719, 11ea7e38-68de-49e0-a413-0aa394144289:c1719]
2019-07-09 08:41:59,095 INFO  client.GrpcClientProtocolClient (GrpcClientProtocolClient.java:onNext(255)) - client-E42F58674560->3a39c983-6986-4da8-95c7-9482e2fa0f6f: receive RaftClientReply:client-E42F58674560->3a39c983-6986-4da8-95c7-9482e2fa0f6f@group-5E4216B2975C, cid=1236, SUCCESS, logIndex=1721, commits[3a39c983-6986-4da8-95c7-9482e2fa0f6f:c1721, 0f15f03e-3179-4fc8-ac54-a24fe3c72555:c1719, 11ea7e38-68de-49e0-a413-0aa394144289:c1719]
2019-07-09 08:41:59,108 INFO  client.GrpcClientProtocolClient (GrpcClientProtocolClient.java:onNext(255)) - client-E42F58674560->3a39c983-6986-4da8-95c7-9482e2fa0f6f: receive RaftClientReply:client-E42F58674560->3a39c983-6986-4da8-95c7-9482e2fa0f6f@group-5E4216B2975C, cid=1237, SUCCESS, logIndex=1722, commits[3a39c983-6986-4da8-95c7-9482e2fa0f6f:c1723, 0f15f03e-3179-4fc8-ac54-a24fe3c72555:c1719, 11ea7e38-68de-49e0-a413-0aa394144289:c1719]
2019-07-09 08:41:59,108 INFO  client.GrpcClientProtocolClient (GrpcClientProtocolClient.java:onNext(255)) - client-E42F58674560->3a39c983-6986-4da8-95c7-9482e2fa0f6f: receive RaftClientReply:client-E42F58674560->3a39c983-6986-4da8-95c7-9482e2fa0f6f@group-5E4216B2975C, cid=1238, SUCCESS, logIndex=1723, commits[3a39c983-6986-4da8-95c7-9482e2fa0f6f:c1723, 0f15f03e-3179-4fc8-ac54-a24fe3c72555:c1719, 11ea7e38-68de-49e0-a413-0aa394144289:c1719]
2019-07-09 08:41:59,118 INFO  client.GrpcClientProtocolClient (GrpcClientProtocolClient.java:onNext(255)) - client-E42F58674560->3a39c983-6986-4da8-95c7-9482e2fa0f6f: receive RaftClientReply:client-E42F58674560->3a39c983-6986-4da8-95c7-9482e2fa0f6f@group-5E4216B2975C, cid=1239, SUCCESS, logIndex=0, commits[3a39c983-6986-4da8-95c7-9482e2fa0f6f:c1725, 0f15f03e-3179-4fc8-ac54-a24fe3c72555:c1721, 11ea7e38-68de-49e0-a413-0aa394144289:c1721]
2019-07-09 08:41:59,143 INFO  client.GrpcClientProtocolClient (GrpcClientProtocolClient.java:onNext(255)) - client-E42F58674560->3a39c983-6986-4da8-95c7-9482e2fa0f6f: receive RaftClientReply:client-E42F58674560->3a39c983-6986-4da8-95c7-9482e2fa0f6f@group-5E4216B2975C, cid=1240, SUCCESS, logIndex=1728, commits[3a39c983-6986-4da8-95c7-9482e2fa0f6f:c1729, 0f15f03e-3179-4fc8-ac54-a24fe3c72555:c1727, 11ea7e38-68de-49e0-a413-0aa394144289:c1727]
2019-07-09 08:41:59,144 INFO  client.GrpcClientProtocolClient (GrpcClientProtocolClient.java:onNext(255)) - client-E42F58674560->3a39c983-6986-4da8-95c7-9482e2fa0f6f: receive RaftClientReply:client-E42F58674560->3a39c983-6986-4da8-95c7-9482e2fa0f6f@group-5E4216B2975C, cid=1241, SUCCESS, logIndex=1729, commits[3a39c983-6986-4da8-95c7-9482e2fa0f6f:c1729, 0f15f03e-3179-4fc8-ac54-a24fe3c72555:c1727, 11ea7e38-68de-49e0-a413-0aa394144289:c1727]
2019-07-09 08:41:59,168 INFO  client.GrpcClientProtocolClient (GrpcClientProtocolClient.java:onNext(255)) - client-E42F58674560->3a39c983-6986-4da8-95c7-9482e2fa0f6f: receive RaftClientReply:client-E42F58674560->3a39c983-6986-4da8-95c7-9482e2fa0f6f@group-5E4216B2975C, cid=1242, SUCCESS, logIndex=1732, commits[3a39c983-6986-4da8-95c7-9482e2fa0f6f:c1733, 0f15f03e-3179-4fc8-ac54-a24fe3c72555:c1729, 11ea7e38-68de-49e0-a413-0aa394144289:c1729]
2019-07-09 08:41:59,168 INFO  client.GrpcClientProtocolClient (GrpcClientProtocolClient.java:onNext(255)) - client-E42F58674560->3a39c983-6986-4da8-95c7-9482e2fa0f6f: receive RaftClientReply:client-E42F58674560->3a39c983-6986-4da8-95c7-9482e2fa0f6f@group-5E4216B2975C, cid=1243, SUCCESS, logIndex=1733, commits[3a39c983-6986-4da8-95c7-9482e2fa0f6f:c1733, 0f15f03e-3179-4fc8-ac54-a24fe3c72555:c1729, 11ea7e38-68de-49e0-a413-0aa394144289:c1729]
2019-07-09 08:41:59,182 INFO  client.GrpcClientProtocolClient (GrpcClientProtocolClient.java:onNext(255)) - client-E42F58674560->3a39c983-6986-4da8-95c7-9482e2fa0f6f: receive RaftClientReply:client-E42F58674560->3a39c983-6986-4da8-95c7-9482e2fa0f6f@group-5E4216B2975C, cid=1244, SUCCESS, logIndex=0, commits[3a39c983-6986-4da8-95c7-9482e2fa0f6f:c1734, 0f15f03e-3179-4fc8-ac54-a24fe3c72555:c1733, 11ea7e38-68de-49e0-a413-0aa394144289:c1733]
2019-07-09 08:41:59,231 INFO  client.GrpcClientProtocolClient (GrpcClientProtocolClient.java:onNext(255)) - client-E42F58674560->3a39c983-6986-4da8-95c7-9482e2fa0f6f: receive RaftClientReply:client-E42F58674560->3a39c983-6986-4da8-95c7-9482e2fa0f6f@group-5E4216B2975C, cid=1245, SUCCESS, logIndex=1736, commits[3a39c983-6986-4da8-95c7-9482e2fa0f6f:c1738, 0f15f03e-3179-4fc8-ac54-a24fe3c72555:c1735, 11ea7e38-68de-49e0-a413-0aa394144289:c1735]
2019-07-09 08:41:59,232 INFO  client.GrpcClientProtocolClient (GrpcClientProtocolClient.java:onNext(255)) - client-E42F58674560->3a39c983-6986-4da8-95c7-9482e2fa0f6f: receive RaftClientReply:client-E42F58674560->3a39c983-6986-4da8-95c7-9482e2fa0f6f@group-5E4216B2975C, cid=1246, SUCCESS, logIndex=1737, commits[3a39c983-6986-4da8-95c7-9482e2fa0f6f:c1739, 0f15f03e-3179-4fc8-ac54-a24fe3c72555:c1735, 11ea7e38-68de-49e0-a413-0aa394144289:c1735]
2019-07-09 08:41:59,232 INFO  client.GrpcClientProtocolClient (GrpcClientProtocolClient.java:onNext(255)) - client-E42F58674560->3a39c983-6986-4da8-95c7-9482e2fa0f6f: receive RaftClientReply:client-E42F58674560->3a39c983-6986-4da8-95c7-9482e2fa0f6f@group-5E4216B2975C, cid=1247, SUCCESS, logIndex=1738, commits[3a39c983-6986-4da8-95c7-9482e2fa0f6f:c1739, 0f15f03e-3179-4fc8-ac54-a24fe3c72555:c1735, 11ea7e38-68de-49e0-a413-0aa394144289:c1735]
2019-07-09 08:41:59,232 INFO  client.GrpcClientProtocolClient (GrpcClientProtocolClient.java:onNext(255)) - client-E42F58674560->3a39c983-6986-4da8-95c7-9482e2fa0f6f: receive RaftClientReply:client-E42F58674560->3a39c983-6986-4da8-95c7-9482e2fa0f6f@group-5E4216B2975C, cid=1248, SUCCESS, logIndex=1739, commits[3a39c983-6986-4da8-95c7-9482e2fa0f6f:c1739, 0f15f03e-3179-4fc8-ac54-a24fe3c72555:c1735, 11ea7e38-68de-49e0-a413-0aa394144289:c1735]
2019-07-09 08:41:59,258 INFO  client.GrpcClientProtocolClient (GrpcClientProtocolClient.java:onNext(255)) - client-E42F58674560->3a39c983-6986-4da8-95c7-9482e2fa0f6f: receive RaftClientReply:client-E42F58674560->3a39c983-6986-4da8-95c7-9482e2fa0f6f@group-5E4216B2975C, cid=1249, SUCCESS, logIndex=0, commits[3a39c983-6986-4da8-95c7-9482e2fa0f6f:c1743, 0f15f03e-3179-4fc8-ac54-a24fe3c72555:c1739, 11ea7e38-68de-49e0-a413-0aa394144289:c1737]
2019-07-09 08:41:59,335 INFO  client.GrpcClientProtocolClient (GrpcClientProtocolClient.java:onNext(255)) - client-E42F58674560->3a39c983-6986-4da8-95c7-9482e2fa0f6f: receive RaftClientReply:client-E42F58674560->3a39c983-6986-4da8-95c7-9482e2fa0f6f@group-5E4216B2975C, cid=1250, SUCCESS, logIndex=1744, commits[3a39c983-6986-4da8-95c7-9482e2fa0f6f:c1745, 0f15f03e-3179-4fc8-ac54-a24fe3c72555:c1743, 11ea7e38-68de-49e0-a413-0aa394144289:c1743]
2019-07-09 08:41:59,336 INFO  client.GrpcClientProtocolClient (GrpcClientProtocolClient.java:onNext(255)) - client-E42F58674560->3a39c983-6986-4da8-95c7-9482e2fa0f6f: receive RaftClientReply:client-E42F58674560->3a39c983-6986-4da8-95c7-9482e2fa0f6f@group-5E4216B2975C, cid=1251, SUCCESS, logIndex=1745, commits[3a39c983-6986-4da8-95c7-9482e2fa0f6f:c1745, 0f15f03e-3179-4fc8-ac54-a24fe3c72555:c1743, 11ea7e38-68de-49e0-a413-0aa394144289:c1743]
2019-07-09 08:41:59,360 INFO  client.GrpcClientProtocolClient (GrpcClientProtocolClient.java:onNext(255)) - client-E42F58674560->3a39c983-6986-4da8-95c7-9482e2fa0f6f: receive RaftClientReply:client-E42F58674560->3a39c983-6986-4da8-95c7-9482e2fa0f6f@group-5E4216B2975C, cid=1252, SUCCESS, logIndex=1748, commits[3a39c983-6986-4da8-95c7-9482e2fa0f6f:c1749, 0f15f03e-3179-4fc8-ac54-a24fe3c72555:c1745, 11ea7e38-68de-49e0-a413-0aa394144289:c1745]
2019-07-09 08:41:59,360 INFO  client.GrpcClientProtocolClient (GrpcClientProtocolClient.java:onNext(255)) - client-E42F58674560->3a39c983-6986-4da8-95c7-9482e2fa0f6f: receive RaftClientReply:client-E42F58674560->3a39c983-6986-4da8-95c7-9482e2fa0f6f@group-5E4216B2975C, cid=1253, SUCCESS, logIndex=1749, commits[3a39c983-6986-4da8-95c7-9482e2fa0f6f:c1749, 0f15f03e-3179-4fc8-ac54-a24fe3c72555:c1745, 11ea7e38-68de-49e0-a413-0aa394144289:c1745]
2019-07-09 08:41:59,405 INFO  client.GrpcClientProtocolClient (GrpcClientProtocolClient.java:onNext(255)) - client-E42F58674560->3a39c983-6986-4da8-95c7-9482e2fa0f6f: receive RaftClientReply:client-E42F58674560->3a39c983-6986-4da8-95c7-9482e2fa0f6f@group-5E4216B2975C, cid=1254, SUCCESS, logIndex=0, commits[3a39c983-6986-4da8-95c7-9482e2fa0f6f:c1751, 0f15f03e-3179-4fc8-ac54-a24fe3c72555:c1749, 11ea7e38-68de-49e0-a413-0aa394144289:c1749]
2019-07-09 08:41:59,547 INFO  client.GrpcClientProtocolClient (GrpcClientProtocolClient.java:onNext(255)) - client-E42F58674560->3a39c983-6986-4da8-95c7-9482e2fa0f6f: receive RaftClientReply:client-E42F58674560->3a39c983-6986-4da8-95c7-9482e2fa0f6f@group-5E4216B2975C, cid=1255, SUCCESS, logIndex=1752, commits[3a39c983-6986-4da8-95c7-9482e2fa0f6f:c1752, 0f15f03e-3179-4fc8-ac54-a24fe3c72555:c1751, 11ea7e38-68de-49e0-a413-0aa394144289:c1751]
2019-07-09 08:41:59,548 INFO  client.GrpcClientProtocolClient (GrpcClientProtocolClient.java:onNext(255)) - client-E42F58674560->3a39c983-6986-4da8-95c7-9482e2fa0f6f: receive RaftClientReply:client-E42F58674560->3a39c983-6986-4da8-95c7-9482e2fa0f6f@group-5E4216B2975C, cid=1256, SUCCESS, logIndex=1753, commits[3a39c983-6986-4da8-95c7-9482e2fa0f6f:c1755, 0f15f03e-3179-4fc8-ac54-a24fe3c72555:c1751, 11ea7e38-68de-49e0-a413-0aa394144289:c1751]
2019-07-09 08:41:59,549 INFO  client.GrpcClientProtocolClient (GrpcClientProtocolClient.java:onNext(255)) - client-E42F58674560->3a39c983-6986-4da8-95c7-9482e2fa0f6f: receive RaftClientReply:client-E42F58674560->3a39c983-6986-4da8-95c7-9482e2fa0f6f@group-5E4216B2975C, cid=1257, SUCCESS, logIndex=1754, commits[3a39c983-6986-4da8-95c7-9482e2fa0f6f:c1755, 0f15f03e-3179-4fc8-ac54-a24fe3c72555:c1751, 11ea7e38-68de-49e0-a413-0aa394144289:c1751]
2019-07-09 08:41:59,549 INFO  client.GrpcClientProtocolClient (GrpcClientProtocolClient.java:onNext(255)) - client-E42F58674560->3a39c983-6986-4da8-95c7-9482e2fa0f6f: receive RaftClientReply:client-E42F58674560->3a39c983-6986-4da8-95c7-9482e2fa0f6f@group-5E4216B2975C, cid=1258, SUCCESS, logIndex=1755, commits[3a39c983-6986-4da8-95c7-9482e2fa0f6f:c1755, 0f15f03e-3179-4fc8-ac54-a24fe3c72555:c1751, 11ea7e38-68de-49e0-a413-0aa394144289:c1751]
2019-07-09 08:41:59,561 INFO  client.GrpcClientProtocolClient (GrpcClientProtocolClient.java:onNext(255)) - client-E42F58674560->3a39c983-6986-4da8-95c7-9482e2fa0f6f: receive RaftClientReply:client-E42F58674560->3a39c983-6986-4da8-95c7-9482e2fa0f6f@group-5E4216B2975C, cid=1259, SUCCESS, logIndex=0, commits[3a39c983-6986-4da8-95c7-9482e2fa0f6f:c1757, 0f15f03e-3179-4fc8-ac54-a24fe3c72555:c1755, 11ea7e38-68de-49e0-a413-0aa394144289:c1755]
2019-07-09 08:41:59,592 INFO  client.GrpcClientProtocolClient (GrpcClientProtocolClient.java:onNext(255)) - client-E42F58674560->3a39c983-6986-4da8-95c7-9482e2fa0f6f: receive RaftClientReply:client-E42F58674560->3a39c983-6986-4da8-95c7-9482e2fa0f6f@group-5E4216B2975C, cid=1260, SUCCESS, logIndex=1758, commits[3a39c983-6986-4da8-95c7-9482e2fa0f6f:c1759, 0f15f03e-3179-4fc8-ac54-a24fe3c72555:c1757, 11ea7e38-68de-49e0-a413-0aa394144289:c1757]
2019-07-09 08:41:59,593 INFO  client.GrpcClientProtocolClient (GrpcClientProtocolClient.java:onNext(255)) - client-E42F58674560->3a39c983-6986-4da8-95c7-9482e2fa0f6f: receive RaftClientReply:client-E42F58674560->3a39c983-6986-4da8-95c7-9482e2fa0f6f@group-5E4216B2975C, cid=1261, SUCCESS, logIndex=1759, commits[3a39c983-6986-4da8-95c7-9482e2fa0f6f:c1759, 0f15f03e-3179-4fc8-ac54-a24fe3c72555:c1757, 11ea7e38-68de-49e0-a413-0aa394144289:c1757]
2019-07-09 08:41:59,618 INFO  client.GrpcClientProtocolClient (GrpcClientProtocolClient.java:onNext(255)) - client-E42F58674560->3a39c983-6986-4da8-95c7-9482e2fa0f6f: receive RaftClientReply:client-E42F58674560->3a39c983-6986-4da8-95c7-9482e2fa0f6f@group-5E4216B2975C, cid=1262, SUCCESS, logIndex=1762, commits[3a39c983-6986-4da8-95c7-9482e2fa0f6f:c1763, 0f15f03e-3179-4fc8-ac54-a24fe3c72555:c1759, 11ea7e38-68de-49e0-a413-0aa394144289:c1759]
2019-07-09 08:41:59,618 INFO  client.GrpcClientProtocolClient (GrpcClientProtocolClient.java:onNext(255)) - client-E42F58674560->3a39c983-6986-4da8-95c7-9482e2fa0f6f: receive RaftClientReply:client-E42F58674560->3a39c983-6986-4da8-95c7-9482e2fa0f6f@group-5E4216B2975C, cid=1263, SUCCESS, logIndex=1763, commits[3a39c983-6986-4da8-95c7-9482e2fa0f6f:c1763, 0f15f03e-3179-4fc8-ac54-a24fe3c72555:c1759, 11ea7e38-68de-49e0-a413-0aa394144289:c1759]
2019-07-09 08:41:59,637 INFO  client.GrpcClientProtocolClient (GrpcClientProtocolClient.java:onNext(255)) - client-E42F58674560->3a39c983-6986-4da8-95c7-9482e2fa0f6f: receive RaftClientReply:client-E42F58674560->3a39c983-6986-4da8-95c7-9482e2fa0f6f@group-5E4216B2975C, cid=1264, SUCCESS, logIndex=0, commits[3a39c983-6986-4da8-95c7-9482e2fa0f6f:c1765, 0f15f03e-3179-4fc8-ac54-a24fe3c72555:c1763, 11ea7e38-68de-49e0-a413-0aa394144289:c1763]
 0.00% |█                                                                                                    |  0/1 Time: 0:00:072019-07-09 08:41:59,675 INFO  client.GrpcClientProtocolClient (GrpcClientProtocolClient.java:onNext(255)) - client-E42F58674560->3a39c983-6986-4da8-95c7-9482e2fa0f6f: receive RaftClientReply:client-E42F58674560->3a39c983-6986-4da8-95c7-9482e2fa0f6f@group-5E4216B2975C, cid=1265, SUCCESS, logIndex=1766, commits[3a39c983-6986-4da8-95c7-9482e2fa0f6f:c1767, 0f15f03e-3179-4fc8-ac54-a24fe3c72555:c1765, 11ea7e38-68de-49e0-a413-0aa394144289:c1765]
2019-07-09 08:41:59,676 INFO  client.GrpcClientProtocolClient (GrpcClientProtocolClient.java:onNext(255)) - client-E42F58674560->3a39c983-6986-4da8-95c7-9482e2fa0f6f: receive RaftClientReply:client-E42F58674560->3a39c983-6986-4da8-95c7-9482e2fa0f6f@group-5E4216B2975C, cid=1266, SUCCESS, logIndex=1767, commits[3a39c983-6986-4da8-95c7-9482e2fa0f6f:c1769, 0f15f03e-3179-4fc8-ac54-a24fe3c72555:c1765, 11ea7e38-68de-49e0-a413-0aa394144289:c1765]
2019-07-09 08:41:59,676 INFO  client.GrpcClientProtocolClient (GrpcClientProtocolClient.java:onNext(255)) - client-E42F58674560->3a39c983-6986-4da8-95c7-9482e2fa0f6f: receive RaftClientReply:client-E42F58674560->3a39c983-6986-4da8-95c7-9482e2fa0f6f@group-5E4216B2975C, cid=1267, SUCCESS, logIndex=1768, commits[3a39c983-6986-4da8-95c7-9482e2fa0f6f:c1769, 0f15f03e-3179-4fc8-ac54-a24fe3c72555:c1765, 11ea7e38-68de-49e0-a413-0aa394144289:c1765]
2019-07-09 08:41:59,677 INFO  client.GrpcClientProtocolClient (GrpcClientProtocolClient.java:onNext(255)) - client-E42F58674560->3a39c983-6986-4da8-95c7-9482e2fa0f6f: receive RaftClientReply:client-E42F58674560->3a39c983-6986-4da8-95c7-9482e2fa0f6f@group-5E4216B2975C, cid=1268, SUCCESS, logIndex=1769, commits[3a39c983-6986-4da8-95c7-9482e2fa0f6f:c1769, 0f15f03e-3179-4fc8-ac54-a24fe3c72555:c1765, 11ea7e38-68de-49e0-a413-0aa394144289:c1765]
2019-07-09 08:41:59,689 INFO  client.GrpcClientProtocolClient (GrpcClientProtocolClient.java:onNext(255)) - client-E42F58674560->3a39c983-6986-4da8-95c7-9482e2fa0f6f: receive RaftClientReply:client-E42F58674560->3a39c983-6986-4da8-95c7-9482e2fa0f6f@group-5E4216B2975C, cid=1269, SUCCESS, logIndex=0, commits[3a39c983-6986-4da8-95c7-9482e2fa0f6f:c1771, 0f15f03e-3179-4fc8-ac54-a24fe3c72555:c1767, 11ea7e38-68de-49e0-a413-0aa394144289:c1767]
2019-07-09 08:41:59,711 INFO  client.GrpcClientProtocolClient (GrpcClientProtocolClient.java:onNext(255)) - client-E42F58674560->3a39c983-6986-4da8-95c7-9482e2fa0f6f: receive RaftClientReply:client-E42F58674560->3a39c983-6986-4da8-95c7-9482e2fa0f6f@group-5E4216B2975C, cid=1270, SUCCESS, logIndex=1774, commits[3a39c983-6986-4da8-95c7-9482e2fa0f6f:c1775, 0f15f03e-3179-4fc8-ac54-a24fe3c72555:c1773, 11ea7e38-68de-49e0-a413-0aa394144289:c1773]
2019-07-09 08:41:59,712 INFO  client.GrpcClientProtocolClient (GrpcClientProtocolClient.java:onNext(255)) - client-E42F58674560->3a39c983-6986-4da8-95c7-9482e2fa0f6f: receive RaftClientReply:client-E42F58674560->3a39c983-6986-4da8-95c7-9482e2fa0f6f@group-5E4216B2975C, cid=1271, SUCCESS, logIndex=1775, commits[3a39c983-6986-4da8-95c7-9482e2fa0f6f:c1775, 0f15f03e-3179-4fc8-ac54-a24fe3c72555:c1773, 11ea7e38-68de-49e0-a413-0aa394144289:c1773]
2019-07-09 08:41:59,738 INFO  client.GrpcClientProtocolClient (GrpcClientProtocolClient.java:onNext(255)) - client-E42F58674560->3a39c983-6986-4da8-95c7-9482e2fa0f6f: receive RaftClientReply:client-E42F58674560->3a39c983-6986-4da8-95c7-9482e2fa0f6f@group-5E4216B2975C, cid=1272, SUCCESS, logIndex=1778, commits[3a39c983-6986-4da8-95c7-9482e2fa0f6f:c1778, 0f15f03e-3179-4fc8-ac54-a24fe3c72555:c1775, 11ea7e38-68de-49e0-a413-0aa394144289:c1775]
2019-07-09 08:41:59,739 INFO  client.GrpcClientProtocolClient (GrpcClientProtocolClient.java:onNext(255)) - client-E42F58674560->3a39c983-6986-4da8-95c7-9482e2fa0f6f: receive RaftClientReply:client-E42F58674560->3a39c983-6986-4da8-95c7-9482e2fa0f6f@group-5E4216B2975C, cid=1273, SUCCESS, logIndex=1779, commits[3a39c983-6986-4da8-95c7-9482e2fa0f6f:c1779, 0f15f03e-3179-4fc8-ac54-a24fe3c72555:c1775, 11ea7e38-68de-49e0-a413-0aa394144289:c1775]
2019-07-09 08:41:59,764 INFO  client.GrpcClientProtocolClient (GrpcClientProtocolClient.java:onNext(255)) - client-E42F58674560->3a39c983-6986-4da8-95c7-9482e2fa0f6f: receive RaftClientReply:client-E42F58674560->3a39c983-6986-4da8-95c7-9482e2fa0f6f@group-5E4216B2975C, cid=1274, SUCCESS, logIndex=0, commits[3a39c983-6986-4da8-95c7-9482e2fa0f6f:c1781, 0f15f03e-3179-4fc8-ac54-a24fe3c72555:c1779, 11ea7e38-68de-49e0-a413-0aa394144289:c1779]
2019-07-09 08:41:59,796 INFO  client.GrpcClientProtocolClient (GrpcClientProtocolClient.java:onNext(255)) - client-E42F58674560->3a39c983-6986-4da8-95c7-9482e2fa0f6f: receive RaftClientReply:client-E42F58674560->3a39c983-6986-4da8-95c7-9482e2fa0f6f@group-5E4216B2975C, cid=1275, SUCCESS, logIndex=1782, commits[3a39c983-6986-4da8-95c7-9482e2fa0f6f:c1783, 0f15f03e-3179-4fc8-ac54-a24fe3c72555:c1781, 11ea7e38-68de-49e0-a413-0aa394144289:c1781]
2019-07-09 08:41:59,796 INFO  client.GrpcClientProtocolClient (GrpcClientProtocolClient.java:onNext(255)) - client-E42F58674560->3a39c983-6986-4da8-95c7-9482e2fa0f6f: receive RaftClientReply:client-E42F58674560->3a39c983-6986-4da8-95c7-9482e2fa0f6f@group-5E4216B2975C, cid=1276, SUCCESS, logIndex=1783, commits[3a39c983-6986-4da8-95c7-9482e2fa0f6f:c1783, 0f15f03e-3179-4fc8-ac54-a24fe3c72555:c1781, 11ea7e38-68de-49e0-a413-0aa394144289:c1781]
2019-07-09 08:41:59,808 INFO  client.GrpcClientProtocolClient (GrpcClientProtocolClient.java:onNext(255)) - client-E42F58674560->3a39c983-6986-4da8-95c7-9482e2fa0f6f: receive RaftClientReply:client-E42F58674560->3a39c983-6986-4da8-95c7-9482e2fa0f6f@group-5E4216B2975C, cid=1277, SUCCESS, logIndex=1784, commits[3a39c983-6986-4da8-95c7-9482e2fa0f6f:c1785, 0f15f03e-3179-4fc8-ac54-a24fe3c72555:c1781, 11ea7e38-68de-49e0-a413-0aa394144289:c1781]
2019-07-09 08:41:59,809 INFO  client.GrpcClientProtocolClient (GrpcClientProtocolClient.java:onNext(255)) - client-E42F58674560->3a39c983-6986-4da8-95c7-9482e2fa0f6f: receive RaftClientReply:client-E42F58674560->3a39c983-6986-4da8-95c7-9482e2fa0f6f@group-5E4216B2975C, cid=1278, SUCCESS, logIndex=1785, commits[3a39c983-6986-4da8-95c7-9482e2fa0f6f:c1785, 0f15f03e-3179-4fc8-ac54-a24fe3c72555:c1781, 11ea7e38-68de-49e0-a413-0aa394144289:c1781]
2019-07-09 08:41:59,821 INFO  client.GrpcClientProtocolClient (GrpcClientProtocolClient.java:onNext(255)) - client-E42F58674560->3a39c983-6986-4da8-95c7-9482e2fa0f6f: receive RaftClientReply:client-E42F58674560->3a39c983-6986-4da8-95c7-9482e2fa0f6f@group-5E4216B2975C, cid=1279, SUCCESS, logIndex=0, commits[3a39c983-6986-4da8-95c7-9482e2fa0f6f:c1785, 0f15f03e-3179-4fc8-ac54-a24fe3c72555:c1783, 11ea7e38-68de-49e0-a413-0aa394144289:c1783]
2019-07-09 08:41:59,838 INFO  client.GrpcClientProtocolClient (GrpcClientProtocolClient.java:onNext(255)) - client-E42F58674560->3a39c983-6986-4da8-95c7-9482e2fa0f6f: receive RaftClientReply:client-E42F58674560->3a39c983-6986-4da8-95c7-9482e2fa0f6f@group-5E4216B2975C, cid=1280, SUCCESS, logIndex=1790, commits[3a39c983-6986-4da8-95c7-9482e2fa0f6f:c1791, 0f15f03e-3179-4fc8-ac54-a24fe3c72555:c1787, 11ea7e38-68de-49e0-a413-0aa394144289:c1787]
2019-07-09 08:41:59,838 INFO  client.GrpcClientProtocolClient (GrpcClientProtocolClient.java:onNext(255)) - client-E42F58674560->3a39c983-6986-4da8-95c7-9482e2fa0f6f: receive RaftClientReply:client-E42F58674560->3a39c983-6986-4da8-95c7-9482e2fa0f6f@group-5E4216B2975C, cid=1281, SUCCESS, logIndex=1791, commits[3a39c983-6986-4da8-95c7-9482e2fa0f6f:c1791, 0f15f03e-3179-4fc8-ac54-a24fe3c72555:c1787, 11ea7e38-68de-49e0-a413-0aa394144289:c1787]
2019-07-09 08:41:59,850 INFO  client.GrpcClientProtocolClient (GrpcClientProtocolClient.java:onNext(255)) - client-E42F58674560->3a39c983-6986-4da8-95c7-9482e2fa0f6f: receive RaftClientReply:client-E42F58674560->3a39c983-6986-4da8-95c7-9482e2fa0f6f@group-5E4216B2975C, cid=1282, SUCCESS, logIndex=1794, commits[3a39c983-6986-4da8-95c7-9482e2fa0f6f:c1795, 0f15f03e-3179-4fc8-ac54-a24fe3c72555:c1793, 11ea7e38-68de-49e0-a413-0aa394144289:c1793]
2019-07-09 08:41:59,851 INFO  client.GrpcClientProtocolClient (GrpcClientProtocolClient.java:onNext(255)) - client-E42F58674560->3a39c983-6986-4da8-95c7-9482e2fa0f6f: receive RaftClientReply:client-E42F58674560->3a39c983-6986-4da8-95c7-9482e2fa0f6f@group-5E4216B2975C, cid=1283, SUCCESS, logIndex=1795, commits[3a39c983-6986-4da8-95c7-9482e2fa0f6f:c1795, 0f15f03e-3179-4fc8-ac54-a24fe3c72555:c1793, 11ea7e38-68de-49e0-a413-0aa394144289:c1793]
2019-07-09 08:41:59,857 INFO  client.GrpcClientProtocolClient (GrpcClientProtocolClient.java:onNext(255)) - client-E42F58674560->3a39c983-6986-4da8-95c7-9482e2fa0f6f: receive RaftClientReply:client-E42F58674560->3a39c983-6986-4da8-95c7-9482e2fa0f6f@group-5E4216B2975C, cid=1284, SUCCESS, logIndex=0, commits[3a39c983-6986-4da8-95c7-9482e2fa0f6f:c1797, 0f15f03e-3179-4fc8-ac54-a24fe3c72555:c1795, 11ea7e38-68de-49e0-a413-0aa394144289:c1795]
2019-07-09 08:41:59,882 INFO  client.GrpcClientProtocolClient (GrpcClientProtocolClient.java:onNext(255)) - client-E42F58674560->3a39c983-6986-4da8-95c7-9482e2fa0f6f: receive RaftClientReply:client-E42F58674560->3a39c983-6986-4da8-95c7-9482e2fa0f6f@group-5E4216B2975C, cid=1285, SUCCESS, logIndex=1798, commits[3a39c983-6986-4da8-95c7-9482e2fa0f6f:c1801, 0f15f03e-3179-4fc8-ac54-a24fe3c72555:c1795, 11ea7e38-68de-49e0-a413-0aa394144289:c1797]
2019-07-09 08:41:59,883 INFO  client.GrpcClientProtocolClient (GrpcClientProtocolClient.java:onNext(255)) - client-E42F58674560->3a39c983-6986-4da8-95c7-9482e2fa0f6f: receive RaftClientReply:client-E42F58674560->3a39c983-6986-4da8-95c7-9482e2fa0f6f@group-5E4216B2975C, cid=1286, SUCCESS, logIndex=1799, commits[3a39c983-6986-4da8-95c7-9482e2fa0f6f:c1801, 0f15f03e-3179-4fc8-ac54-a24fe3c72555:c1797, 11ea7e38-68de-49e0-a413-0aa394144289:c1797]
2019-07-09 08:41:59,884 INFO  client.GrpcClientProtocolClient (GrpcClientProtocolClient.java:onNext(255)) - client-E42F58674560->3a39c983-6986-4da8-95c7-9482e2fa0f6f: receive RaftClientReply:client-E42F58674560->3a39c983-6986-4da8-95c7-9482e2fa0f6f@group-5E4216B2975C, cid=1287, SUCCESS, logIndex=1800, commits[3a39c983-6986-4da8-95c7-9482e2fa0f6f:c1801, 0f15f03e-3179-4fc8-ac54-a24fe3c72555:c1797, 11ea7e38-68de-49e0-a413-0aa394144289:c1797]
2019-07-09 08:41:59,884 INFO  client.GrpcClientProtocolClient (GrpcClientProtocolClient.java:onNext(255)) - client-E42F58674560->3a39c983-6986-4da8-95c7-9482e2fa0f6f: receive RaftClientReply:client-E42F58674560->3a39c983-6986-4da8-95c7-9482e2fa0f6f@group-5E4216B2975C, cid=1288, SUCCESS, logIndex=1801, commits[3a39c983-6986-4da8-95c7-9482e2fa0f6f:c1801, 0f15f03e-3179-4fc8-ac54-a24fe3c72555:c1797, 11ea7e38-68de-49e0-a413-0aa394144289:c1797]
2019-07-09 08:41:59,886 INFO  client.GrpcClientProtocolClient (GrpcClientProtocolClient.java:onNext(255)) - client-E42F58674560->3a39c983-6986-4da8-95c7-9482e2fa0f6f: receive RaftClientReply:client-E42F58674560->3a39c983-6986-4da8-95c7-9482e2fa0f6f@group-5E4216B2975C, cid=1289, SUCCESS, logIndex=0, commits[3a39c983-6986-4da8-95c7-9482e2fa0f6f:c1805, 0f15f03e-3179-4fc8-ac54-a24fe3c72555:c1801, 11ea7e38-68de-49e0-a413-0aa394144289:c1800]
2019-07-09 08:41:59,910 INFO  client.GrpcClientProtocolClient (GrpcClientProtocolClient.java:onNext(255)) - client-E42F58674560->3a39c983-6986-4da8-95c7-9482e2fa0f6f: receive RaftClientReply:client-E42F58674560->3a39c983-6986-4da8-95c7-9482e2fa0f6f@group-5E4216B2975C, cid=1290, SUCCESS, logIndex=1806, commits[3a39c983-6986-4da8-95c7-9482e2fa0f6f:c1807, 0f15f03e-3179-4fc8-ac54-a24fe3c72555:c1805, 11ea7e38-68de-49e0-a413-0aa394144289:c1805]
2019-07-09 08:41:59,911 INFO  client.GrpcClientProtocolClient (GrpcClientProtocolClient.java:onNext(255)) - client-E42F58674560->3a39c983-6986-4da8-95c7-9482e2fa0f6f: receive RaftClientReply:client-E42F58674560->3a39c983-6986-4da8-95c7-9482e2fa0f6f@group-5E4216B2975C, cid=1291, SUCCESS, logIndex=1807, commits[3a39c983-6986-4da8-95c7-9482e2fa0f6f:c1807, 0f15f03e-3179-4fc8-ac54-a24fe3c72555:c1805, 11ea7e38-68de-49e0-a413-0aa394144289:c1805]
2019-07-09 08:41:59,923 INFO  client.GrpcClientProtocolClient (GrpcClientProtocolClient.java:onNext(255)) - client-E42F58674560->3a39c983-6986-4da8-95c7-9482e2fa0f6f: receive RaftClientReply:client-E42F58674560->3a39c983-6986-4da8-95c7-9482e2fa0f6f@group-5E4216B2975C, cid=1292, SUCCESS, logIndex=1810, commits[3a39c983-6986-4da8-95c7-9482e2fa0f6f:c1811, 0f15f03e-3179-4fc8-ac54-a24fe3c72555:c1806, 11ea7e38-68de-49e0-a413-0aa394144289:c1807]
2019-07-09 08:41:59,924 INFO  client.GrpcClientProtocolClient (GrpcClientProtocolClient.java:onNext(255)) - client-E42F58674560->3a39c983-6986-4da8-95c7-9482e2fa0f6f: receive RaftClientReply:client-E42F58674560->3a39c983-6986-4da8-95c7-9482e2fa0f6f@group-5E4216B2975C, cid=1293, SUCCESS, logIndex=1811, commits[3a39c983-6986-4da8-95c7-9482e2fa0f6f:c1811, 0f15f03e-3179-4fc8-ac54-a24fe3c72555:c1806, 11ea7e38-68de-49e0-a413-0aa394144289:c1807]
2019-07-09 08:41:59,925 INFO  client.GrpcClientProtocolClient (GrpcClientProtocolClient.java:onNext(255)) - client-E42F58674560->3a39c983-6986-4da8-95c7-9482e2fa0f6f: receive RaftClientReply:client-E42F58674560->3a39c983-6986-4da8-95c7-9482e2fa0f6f@group-5E4216B2975C, cid=1294, SUCCESS, logIndex=0, commits[3a39c983-6986-4da8-95c7-9482e2fa0f6f:c1811, 0f15f03e-3179-4fc8-ac54-a24fe3c72555:c1807, 11ea7e38-68de-49e0-a413-0aa394144289:c1807]
2019-07-09 08:41:59,938 INFO  client.GrpcClientProtocolClient (GrpcClientProtocolClient.java:onNext(255)) - client-E42F58674560->3a39c983-6986-4da8-95c7-9482e2fa0f6f: receive RaftClientReply:client-E42F58674560->3a39c983-6986-4da8-95c7-9482e2fa0f6f@group-5E4216B2975C, cid=1295, SUCCESS, logIndex=0, commits[3a39c983-6986-4da8-95c7-9482e2fa0f6f:c1813, 0f15f03e-3179-4fc8-ac54-a24fe3c72555:c1811, 11ea7e38-68de-49e0-a413-0aa394144289:c1811]
2019-07-09 08:41:59,985 INFO  client.GrpcClientProtocolClient (GrpcClientProtocolClient.java:onNext(255)) - client-E42F58674560->3a39c983-6986-4da8-95c7-9482e2fa0f6f: receive RaftClientReply:client-E42F58674560->3a39c983-6986-4da8-95c7-9482e2fa0f6f@group-5E4216B2975C, cid=1296, SUCCESS, logIndex=1814, commits[3a39c983-6986-4da8-95c7-9482e2fa0f6f:c1817, 0f15f03e-3179-4fc8-ac54-a24fe3c72555:c1813, 11ea7e38-68de-49e0-a413-0aa394144289:c1811]
2019-07-09 08:41:59,986 INFO  client.GrpcClientProtocolClient (GrpcClientProtocolClient.java:onNext(255)) - client-E42F58674560->3a39c983-6986-4da8-95c7-9482e2fa0f6f: receive RaftClientReply:client-E42F58674560->3a39c983-6986-4da8-95c7-9482e2fa0f6f@group-5E4216B2975C, cid=1297, SUCCESS, logIndex=1815, commits[3a39c983-6986-4da8-95c7-9482e2fa0f6f:c1817, 0f15f03e-3179-4fc8-ac54-a24fe3c72555:c1813, 11ea7e38-68de-49e0-a413-0aa394144289:c1813]
2019-07-09 08:41:59,987 INFO  client.GrpcClientProtocolClient (GrpcClientProtocolClient.java:onNext(255)) - client-E42F58674560->3a39c983-6986-4da8-95c7-9482e2fa0f6f: receive RaftClientReply:client-E42F58674560->3a39c983-6986-4da8-95c7-9482e2fa0f6f@group-5E4216B2975C, cid=1298, SUCCESS, logIndex=1816, commits[3a39c983-6986-4da8-95c7-9482e2fa0f6f:c1817, 0f15f03e-3179-4fc8-ac54-a24fe3c72555:c1813, 11ea7e38-68de-49e0-a413-0aa394144289:c1813]
2019-07-09 08:41:59,987 INFO  client.GrpcClientProtocolClient (GrpcClientProtocolClient.java:onNext(255)) - client-E42F58674560->3a39c983-6986-4da8-95c7-9482e2fa0f6f: receive RaftClientReply:client-E42F58674560->3a39c983-6986-4da8-95c7-9482e2fa0f6f@group-5E4216B2975C, cid=1299, SUCCESS, logIndex=1817, commits[3a39c983-6986-4da8-95c7-9482e2fa0f6f:c1817, 0f15f03e-3179-4fc8-ac54-a24fe3c72555:c1813, 11ea7e38-68de-49e0-a413-0aa394144289:c1813]
2019-07-09 08:42:00,010 INFO  client.GrpcClientProtocolClient (GrpcClientProtocolClient.java:onNext(255)) - client-E42F58674560->3a39c983-6986-4da8-95c7-9482e2fa0f6f: receive RaftClientReply:client-E42F58674560->3a39c983-6986-4da8-95c7-9482e2fa0f6f@group-5E4216B2975C, cid=1300, SUCCESS, logIndex=0, commits[3a39c983-6986-4da8-95c7-9482e2fa0f6f:c1821, 0f15f03e-3179-4fc8-ac54-a24fe3c72555:c1815, 11ea7e38-68de-49e0-a413-0aa394144289:c1817]
2019-07-09 08:42:00,033 INFO  client.GrpcClientProtocolClient (GrpcClientProtocolClient.java:onNext(255)) - client-E42F58674560->3a39c983-6986-4da8-95c7-9482e2fa0f6f: receive RaftClientReply:client-E42F58674560->3a39c983-6986-4da8-95c7-9482e2fa0f6f@group-5E4216B2975C, cid=1301, SUCCESS, logIndex=1822, commits[3a39c983-6986-4da8-95c7-9482e2fa0f6f:c1823, 0f15f03e-3179-4fc8-ac54-a24fe3c72555:c1821, 11ea7e38-68de-49e0-a413-0aa394144289:c1821]
2019-07-09 08:42:00,033 INFO  client.GrpcClientProtocolClient (GrpcClientProtocolClient.java:onNext(255)) - client-E42F58674560->3a39c983-6986-4da8-95c7-9482e2fa0f6f: receive RaftClientReply:client-E42F58674560->3a39c983-6986-4da8-95c7-9482e2fa0f6f@group-5E4216B2975C, cid=1302, SUCCESS, logIndex=1823, commits[3a39c983-6986-4da8-95c7-9482e2fa0f6f:c1823, 0f15f03e-3179-4fc8-ac54-a24fe3c72555:c1821, 11ea7e38-68de-49e0-a413-0aa394144289:c1821]
2019-07-09 08:42:00,060 INFO  client.GrpcClientProtocolClient (GrpcClientProtocolClient.java:onNext(255)) - client-E42F58674560->3a39c983-6986-4da8-95c7-9482e2fa0f6f: receive RaftClientReply:client-E42F58674560->3a39c983-6986-4da8-95c7-9482e2fa0f6f@group-5E4216B2975C, cid=1303, SUCCESS, logIndex=1826, commits[3a39c983-6986-4da8-95c7-9482e2fa0f6f:c1827, 0f15f03e-3179-4fc8-ac54-a24fe3c72555:c1823, 11ea7e38-68de-49e0-a413-0aa394144289:c1823]
2019-07-09 08:42:00,060 INFO  client.GrpcClientProtocolClient (GrpcClientProtocolClient.java:onNext(255)) - client-E42F58674560->3a39c983-6986-4da8-95c7-9482e2fa0f6f: receive RaftClientReply:client-E42F58674560->3a39c983-6986-4da8-95c7-9482e2fa0f6f@group-5E4216B2975C, cid=1304, SUCCESS, logIndex=1827, commits[3a39c983-6986-4da8-95c7-9482e2fa0f6f:c1827, 0f15f03e-3179-4fc8-ac54-a24fe3c72555:c1823, 11ea7e38-68de-49e0-a413-0aa394144289:c1823]
2019-07-09 08:42:00,087 INFO  client.GrpcClientProtocolClient (GrpcClientProtocolClient.java:onNext(255)) - client-E42F58674560->3a39c983-6986-4da8-95c7-9482e2fa0f6f: receive RaftClientReply:client-E42F58674560->3a39c983-6986-4da8-95c7-9482e2fa0f6f@group-5E4216B2975C, cid=1305, SUCCESS, logIndex=0, commits[3a39c983-6986-4da8-95c7-9482e2fa0f6f:c1829, 0f15f03e-3179-4fc8-ac54-a24fe3c72555:c1827, 11ea7e38-68de-49e0-a413-0aa394144289:c1827]
2019-07-09 08:42:00,111 INFO  client.GrpcClientProtocolClient (GrpcClientProtocolClient.java:onNext(255)) - client-E42F58674560->3a39c983-6986-4da8-95c7-9482e2fa0f6f: receive RaftClientReply:client-E42F58674560->3a39c983-6986-4da8-95c7-9482e2fa0f6f@group-5E4216B2975C, cid=1306, SUCCESS, logIndex=1830, commits[3a39c983-6986-4da8-95c7-9482e2fa0f6f:c1831, 0f15f03e-3179-4fc8-ac54-a24fe3c72555:c1827, 11ea7e38-68de-49e0-a413-0aa394144289:c1829]
2019-07-09 08:42:00,112 INFO  client.GrpcClientProtocolClient (GrpcClientProtocolClient.java:onNext(255)) - client-E42F58674560->3a39c983-6986-4da8-95c7-9482e2fa0f6f: receive RaftClientReply:client-E42F58674560->3a39c983-6986-4da8-95c7-9482e2fa0f6f@group-5E4216B2975C, cid=1307, SUCCESS, logIndex=1831, commits[3a39c983-6986-4da8-95c7-9482e2fa0f6f:c1831, 0f15f03e-3179-4fc8-ac54-a24fe3c72555:c1827, 11ea7e38-68de-49e0-a413-0aa394144289:c1829]
2019-07-09 08:42:00,114 INFO  client.GrpcClientProtocolClient (GrpcClientProtocolClient.java:onNext(255)) - client-E42F58674560->3a39c983-6986-4da8-95c7-9482e2fa0f6f: receive RaftClientReply:client-E42F58674560->3a39c983-6986-4da8-95c7-9482e2fa0f6f@group-5E4216B2975C, cid=1308, SUCCESS, logIndex=1832, commits[3a39c983-6986-4da8-95c7-9482e2fa0f6f:c1833, 0f15f03e-3179-4fc8-ac54-a24fe3c72555:c1829, 11ea7e38-68de-49e0-a413-0aa394144289:c1829]
2019-07-09 08:42:00,115 INFO  client.GrpcClientProtocolClient (GrpcClientProtocolClient.java:onNext(255)) - client-E42F58674560->3a39c983-6986-4da8-95c7-9482e2fa0f6f: receive RaftClientReply:client-E42F58674560->3a39c983-6986-4da8-95c7-9482e2fa0f6f@group-5E4216B2975C, cid=1309, SUCCESS, logIndex=1833, commits[3a39c983-6986-4da8-95c7-9482e2fa0f6f:c1835, 0f15f03e-3179-4fc8-ac54-a24fe3c72555:c1829, 11ea7e38-68de-49e0-a413-0aa394144289:c1831]
2019-07-09 08:42:00,116 INFO  client.GrpcClientProtocolClient (GrpcClientProtocolClient.java:onNext(255)) - client-E42F58674560->3a39c983-6986-4da8-95c7-9482e2fa0f6f: receive RaftClientReply:client-E42F58674560->3a39c983-6986-4da8-95c7-9482e2fa0f6f@group-5E4216B2975C, cid=1310, SUCCESS, logIndex=0, commits[3a39c983-6986-4da8-95c7-9482e2fa0f6f:c1836, 0f15f03e-3179-4fc8-ac54-a24fe3c72555:c1831, 11ea7e38-68de-49e0-a413-0aa394144289:c1832]
2019-07-09 08:42:00,129 INFO  client.GrpcClientProtocolClient (GrpcClientProtocolClient.java:onNext(255)) - client-E42F58674560->3a39c983-6986-4da8-95c7-9482e2fa0f6f: receive RaftClientReply:client-E42F58674560->3a39c983-6986-4da8-95c7-9482e2fa0f6f@group-5E4216B2975C, cid=1311, SUCCESS, logIndex=1838, commits[3a39c983-6986-4da8-95c7-9482e2fa0f6f:c1839, 0f15f03e-3179-4fc8-ac54-a24fe3c72555:c1833, 11ea7e38-68de-49e0-a413-0aa394144289:c1837]
2019-07-09 08:42:00,130 INFO  client.GrpcClientProtocolClient (GrpcClientProtocolClient.java:onNext(255)) - client-E42F58674560->3a39c983-6986-4da8-95c7-9482e2fa0f6f: receive RaftClientReply:client-E42F58674560->3a39c983-6986-4da8-95c7-9482e2fa0f6f@group-5E4216B2975C, cid=1312, SUCCESS, logIndex=1839, commits[3a39c983-6986-4da8-95c7-9482e2fa0f6f:c1839, 0f15f03e-3179-4fc8-ac54-a24fe3c72555:c1833, 11ea7e38-68de-49e0-a413-0aa394144289:c1837]
2019-07-09 08:42:00,153 INFO  client.GrpcClientProtocolClient (GrpcClientProtocolClient.java:onNext(255)) - client-E42F58674560->3a39c983-6986-4da8-95c7-9482e2fa0f6f: receive RaftClientReply:client-E42F58674560->3a39c983-6986-4da8-95c7-9482e2fa0f6f@group-5E4216B2975C, cid=1313, SUCCESS, logIndex=1842, commits[3a39c983-6986-4da8-95c7-9482e2fa0f6f:c1843, 0f15f03e-3179-4fc8-ac54-a24fe3c72555:c1839, 11ea7e38-68de-49e0-a413-0aa394144289:c1839]
2019-07-09 08:42:00,154 INFO  client.GrpcClientProtocolClient (GrpcClientProtocolClient.java:onNext(255)) - client-E42F58674560->3a39c983-6986-4da8-95c7-9482e2fa0f6f: receive RaftClientReply:client-E42F58674560->3a39c983-6986-4da8-95c7-9482e2fa0f6f@group-5E4216B2975C, cid=1314, SUCCESS, logIndex=1843, commits[3a39c983-6986-4da8-95c7-9482e2fa0f6f:c1843, 0f15f03e-3179-4fc8-ac54-a24fe3c72555:c1839, 11ea7e38-68de-49e0-a413-0aa394144289:c1839]
2019-07-09 08:42:00,155 INFO  client.GrpcClientProtocolClient (GrpcClientProtocolClient.java:onNext(255)) - client-E42F58674560->3a39c983-6986-4da8-95c7-9482e2fa0f6f: receive RaftClientReply:client-E42F58674560->3a39c983-6986-4da8-95c7-9482e2fa0f6f@group-5E4216B2975C, cid=1315, SUCCESS, logIndex=0, commits[3a39c983-6986-4da8-95c7-9482e2fa0f6f:c1844, 0f15f03e-3179-4fc8-ac54-a24fe3c72555:c1843, 11ea7e38-68de-49e0-a413-0aa394144289:c1843]
2019-07-09 08:42:00,182 INFO  client.GrpcClientProtocolClient (GrpcClientProtocolClient.java:onNext(255)) - client-E42F58674560->3a39c983-6986-4da8-95c7-9482e2fa0f6f: receive RaftClientReply:client-E42F58674560->3a39c983-6986-4da8-95c7-9482e2fa0f6f@group-5E4216B2975C, cid=1316, SUCCESS, logIndex=1846, commits[3a39c983-6986-4da8-95c7-9482e2fa0f6f:c1847, 0f15f03e-3179-4fc8-ac54-a24fe3c72555:c1845, 11ea7e38-68de-49e0-a413-0aa394144289:c1845]
2019-07-09 08:42:00,182 INFO  client.GrpcClientProtocolClient (GrpcClientProtocolClient.java:onNext(255)) - client-E42F58674560->3a39c983-6986-4da8-95c7-9482e2fa0f6f: receive RaftClientReply:client-E42F58674560->3a39c983-6986-4da8-95c7-9482e2fa0f6f@group-5E4216B2975C, cid=1317, SUCCESS, logIndex=1847, commits[3a39c983-6986-4da8-95c7-9482e2fa0f6f:c1847, 0f15f03e-3179-4fc8-ac54-a24fe3c72555:c1845, 11ea7e38-68de-49e0-a413-0aa394144289:c1845]
2019-07-09 08:42:00,183 INFO  client.GrpcClientProtocolClient (GrpcClientProtocolClient.java:onNext(255)) - client-E42F58674560->3a39c983-6986-4da8-95c7-9482e2fa0f6f: receive RaftClientReply:client-E42F58674560->3a39c983-6986-4da8-95c7-9482e2fa0f6f@group-5E4216B2975C, cid=1318, SUCCESS, logIndex=1848, commits[3a39c983-6986-4da8-95c7-9482e2fa0f6f:c1849, 0f15f03e-3179-4fc8-ac54-a24fe3c72555:c1845, 11ea7e38-68de-49e0-a413-0aa394144289:c1845]
2019-07-09 08:42:00,184 INFO  client.GrpcClientProtocolClient (GrpcClientProtocolClient.java:onNext(255)) - client-E42F58674560->3a39c983-6986-4da8-95c7-9482e2fa0f6f: receive RaftClientReply:client-E42F58674560->3a39c983-6986-4da8-95c7-9482e2fa0f6f@group-5E4216B2975C, cid=1319, SUCCESS, logIndex=1849, commits[3a39c983-6986-4da8-95c7-9482e2fa0f6f:c1849, 0f15f03e-3179-4fc8-ac54-a24fe3c72555:c1845, 11ea7e38-68de-49e0-a413-0aa394144289:c1845]
2019-07-09 08:42:00,197 INFO  client.GrpcClientProtocolClient (GrpcClientProtocolClient.java:onNext(255)) - client-E42F58674560->3a39c983-6986-4da8-95c7-9482e2fa0f6f: receive RaftClientReply:client-E42F58674560->3a39c983-6986-4da8-95c7-9482e2fa0f6f@group-5E4216B2975C, cid=1320, SUCCESS, logIndex=0, commits[3a39c983-6986-4da8-95c7-9482e2fa0f6f:c1851, 0f15f03e-3179-4fc8-ac54-a24fe3c72555:c1847, 11ea7e38-68de-49e0-a413-0aa394144289:c1847]
2019-07-09 08:42:00,217 INFO  client.GrpcClientProtocolClient (GrpcClientProtocolClient.java:onNext(255)) - client-E42F58674560->3a39c983-6986-4da8-95c7-9482e2fa0f6f: receive RaftClientReply:client-E42F58674560->3a39c983-6986-4da8-95c7-9482e2fa0f6f@group-5E4216B2975C, cid=1321, SUCCESS, logIndex=1854, commits[3a39c983-6986-4da8-95c7-9482e2fa0f6f:c1854, 0f15f03e-3179-4fc8-ac54-a24fe3c72555:c1853, 11ea7e38-68de-49e0-a413-0aa394144289:c1853]
2019-07-09 08:42:00,217 INFO  client.GrpcClientProtocolClient (GrpcClientProtocolClient.java:onNext(255)) - client-E42F58674560->3a39c983-6986-4da8-95c7-9482e2fa0f6f: receive RaftClientReply:client-E42F58674560->3a39c983-6986-4da8-95c7-9482e2fa0f6f@group-5E4216B2975C, cid=1322, SUCCESS, logIndex=1855, commits[3a39c983-6986-4da8-95c7-9482e2fa0f6f:c1855, 0f15f03e-3179-4fc8-ac54-a24fe3c72555:c1853, 11ea7e38-68de-49e0-a413-0aa394144289:c1853]
2019-07-09 08:42:00,309 INFO  client.GrpcClientProtocolClient (GrpcClientProtocolClient.java:onNext(255)) - client-E42F58674560->3a39c983-6986-4da8-95c7-9482e2fa0f6f: receive RaftClientReply:client-E42F58674560->3a39c983-6986-4da8-95c7-9482e2fa0f6f@group-5E4216B2975C, cid=1323, SUCCESS, logIndex=1858, commits[3a39c983-6986-4da8-95c7-9482e2fa0f6f:c1859, 0f15f03e-3179-4fc8-ac54-a24fe3c72555:c1856, 11ea7e38-68de-49e0-a413-0aa394144289:c1856]
2019-07-09 08:42:00,310 INFO  client.GrpcClientProtocolClient (GrpcClientProtocolClient.java:onNext(255)) - client-E42F58674560->3a39c983-6986-4da8-95c7-9482e2fa0f6f: receive RaftClientReply:client-E42F58674560->3a39c983-6986-4da8-95c7-9482e2fa0f6f@group-5E4216B2975C, cid=1324, SUCCESS, logIndex=1859, commits[3a39c983-6986-4da8-95c7-9482e2fa0f6f:c1859, 0f15f03e-3179-4fc8-ac54-a24fe3c72555:c1856, 11ea7e38-68de-49e0-a413-0aa394144289:c1856]
2019-07-09 08:42:00,335 INFO  client.GrpcClientProtocolClient (GrpcClientProtocolClient.java:onNext(255)) - client-E42F58674560->3a39c983-6986-4da8-95c7-9482e2fa0f6f: receive RaftClientReply:client-E42F58674560->3a39c983-6986-4da8-95c7-9482e2fa0f6f@group-5E4216B2975C, cid=1325, SUCCESS, logIndex=0, commits[3a39c983-6986-4da8-95c7-9482e2fa0f6f:c1861, 0f15f03e-3179-4fc8-ac54-a24fe3c72555:c1859, 11ea7e38-68de-49e0-a413-0aa394144289:c1859]
2019-07-09 08:42:00,368 INFO  client.GrpcClientProtocolClient (GrpcClientProtocolClient.java:onNext(255)) - client-E42F58674560->3a39c983-6986-4da8-95c7-9482e2fa0f6f: receive RaftClientReply:client-E42F58674560->3a39c983-6986-4da8-95c7-9482e2fa0f6f@group-5E4216B2975C, cid=1326, SUCCESS, logIndex=1862, commits[3a39c983-6986-4da8-95c7-9482e2fa0f6f:c1862, 0f15f03e-3179-4fc8-ac54-a24fe3c72555:c1861, 11ea7e38-68de-49e0-a413-0aa394144289:c1861]
2019-07-09 08:42:00,369 INFO  client.GrpcClientProtocolClient (GrpcClientProtocolClient.java:onNext(255)) - client-E42F58674560->3a39c983-6986-4da8-95c7-9482e2fa0f6f: receive RaftClientReply:client-E42F58674560->3a39c983-6986-4da8-95c7-9482e2fa0f6f@group-5E4216B2975C, cid=1327, SUCCESS, logIndex=1863, commits[3a39c983-6986-4da8-95c7-9482e2fa0f6f:c1863, 0f15f03e-3179-4fc8-ac54-a24fe3c72555:c1861, 11ea7e38-68de-49e0-a413-0aa394144289:c1861]
2019-07-09 08:42:00,380 INFO  client.GrpcClientProtocolClient (GrpcClientProtocolClient.java:onNext(255)) - client-E42F58674560->3a39c983-6986-4da8-95c7-9482e2fa0f6f: receive RaftClientReply:client-E42F58674560->3a39c983-6986-4da8-95c7-9482e2fa0f6f@group-5E4216B2975C, cid=1328, SUCCESS, logIndex=1864, commits[3a39c983-6986-4da8-95c7-9482e2fa0f6f:c1865, 0f15f03e-3179-4fc8-ac54-a24fe3c72555:c1861, 11ea7e38-68de-49e0-a413-0aa394144289:c1861]
2019-07-09 08:42:00,381 INFO  client.GrpcClientProtocolClient (GrpcClientProtocolClient.java:onNext(255)) - client-E42F58674560->3a39c983-6986-4da8-95c7-9482e2fa0f6f: receive RaftClientReply:client-E42F58674560->3a39c983-6986-4da8-95c7-9482e2fa0f6f@group-5E4216B2975C, cid=1329, SUCCESS, logIndex=1865, commits[3a39c983-6986-4da8-95c7-9482e2fa0f6f:c1865, 0f15f03e-3179-4fc8-ac54-a24fe3c72555:c1861, 11ea7e38-68de-49e0-a413-0aa394144289:c1861]
2019-07-09 08:42:00,393 INFO  client.GrpcClientProtocolClient (GrpcClientProtocolClient.java:onNext(255)) - client-E42F58674560->3a39c983-6986-4da8-95c7-9482e2fa0f6f: receive RaftClientReply:client-E42F58674560->3a39c983-6986-4da8-95c7-9482e2fa0f6f@group-5E4216B2975C, cid=1330, SUCCESS, logIndex=0, commits[3a39c983-6986-4da8-95c7-9482e2fa0f6f:c1866, 0f15f03e-3179-4fc8-ac54-a24fe3c72555:c1863, 11ea7e38-68de-49e0-a413-0aa394144289:c1863]
2019-07-09 08:42:00,419 INFO  client.GrpcClientProtocolClient (GrpcClientProtocolClient.java:onNext(255)) - client-E42F58674560->3a39c983-6986-4da8-95c7-9482e2fa0f6f: receive RaftClientReply:client-E42F58674560->3a39c983-6986-4da8-95c7-9482e2fa0f6f@group-5E4216B2975C, cid=1331, SUCCESS, logIndex=1870, commits[3a39c983-6986-4da8-95c7-9482e2fa0f6f:c1871, 0f15f03e-3179-4fc8-ac54-a24fe3c72555:c1867, 11ea7e38-68de-49e0-a413-0aa394144289:c1867]
2019-07-09 08:42:00,420 INFO  client.GrpcClientProtocolClient (GrpcClientProtocolClient.java:onNext(255)) - client-E42F58674560->3a39c983-6986-4da8-95c7-9482e2fa0f6f: receive RaftClientReply:client-E42F58674560->3a39c983-6986-4da8-95c7-9482e2fa0f6f@group-5E4216B2975C, cid=1332, SUCCESS, logIndex=1871, commits[3a39c983-6986-4da8-95c7-9482e2fa0f6f:c1871, 0f15f03e-3179-4fc8-ac54-a24fe3c72555:c1867, 11ea7e38-68de-49e0-a413-0aa394144289:c1867]
2019-07-09 08:42:00,446 INFO  client.GrpcClientProtocolClient (GrpcClientProtocolClient.java:onNext(255)) - client-E42F58674560->3a39c983-6986-4da8-95c7-9482e2fa0f6f: receive RaftClientReply:client-E42F58674560->3a39c983-6986-4da8-95c7-9482e2fa0f6f@group-5E4216B2975C, cid=1333, SUCCESS, logIndex=1874, commits[3a39c983-6986-4da8-95c7-9482e2fa0f6f:c1875, 0f15f03e-3179-4fc8-ac54-a24fe3c72555:c1871, 11ea7e38-68de-49e0-a413-0aa394144289:c1871]
2019-07-09 08:42:00,447 INFO  client.GrpcClientProtocolClient (GrpcClientProtocolClient.java:onNext(255)) - client-E42F58674560->3a39c983-6986-4da8-95c7-9482e2fa0f6f: receive RaftClientReply:client-E42F58674560->3a39c983-6986-4da8-95c7-9482e2fa0f6f@group-5E4216B2975C, cid=1334, SUCCESS, logIndex=1875, commits[3a39c983-6986-4da8-95c7-9482e2fa0f6f:c1875, 0f15f03e-3179-4fc8-ac54-a24fe3c72555:c1871, 11ea7e38-68de-49e0-a413-0aa394144289:c1871]
2019-07-09 08:42:00,461 INFO  client.GrpcClientProtocolClient (GrpcClientProtocolClient.java:onNext(255)) - client-E42F58674560->3a39c983-6986-4da8-95c7-9482e2fa0f6f: receive RaftClientReply:client-E42F58674560->3a39c983-6986-4da8-95c7-9482e2fa0f6f@group-5E4216B2975C, cid=1335, SUCCESS, logIndex=0, commits[3a39c983-6986-4da8-95c7-9482e2fa0f6f:c1877, 0f15f03e-3179-4fc8-ac54-a24fe3c72555:c1875, 11ea7e38-68de-49e0-a413-0aa394144289:c1875]
2019-07-09 08:42:00,494 INFO  client.GrpcClientProtocolClient (GrpcClientProtocolClient.java:onNext(255)) - client-E42F58674560->3a39c983-6986-4da8-95c7-9482e2fa0f6f: receive RaftClientReply:client-E42F58674560->3a39c983-6986-4da8-95c7-9482e2fa0f6f@group-5E4216B2975C, cid=1336, SUCCESS, logIndex=1878, commits[3a39c983-6986-4da8-95c7-9482e2fa0f6f:c1880, 0f15f03e-3179-4fc8-ac54-a24fe3c72555:c1877, 11ea7e38-68de-49e0-a413-0aa394144289:c1877]
2019-07-09 08:42:00,495 INFO  client.GrpcClientProtocolClient (GrpcClientProtocolClient.java:onNext(255)) - client-E42F58674560->3a39c983-6986-4da8-95c7-9482e2fa0f6f: receive RaftClientReply:client-E42F58674560->3a39c983-6986-4da8-95c7-9482e2fa0f6f@group-5E4216B2975C, cid=1337, SUCCESS, logIndex=1879, commits[3a39c983-6986-4da8-95c7-9482e2fa0f6f:c1881, 0f15f03e-3179-4fc8-ac54-a24fe3c72555:c1877, 11ea7e38-68de-49e0-a413-0aa394144289:c1877]
2019-07-09 08:42:00,495 INFO  client.GrpcClientProtocolClient (GrpcClientProtocolClient.java:onNext(255)) - client-E42F58674560->3a39c983-6986-4da8-95c7-9482e2fa0f6f: receive RaftClientReply:client-E42F58674560->3a39c983-6986-4da8-95c7-9482e2fa0f6f@group-5E4216B2975C, cid=1338, SUCCESS, logIndex=1880, commits[3a39c983-6986-4da8-95c7-9482e2fa0f6f:c1881, 0f15f03e-3179-4fc8-ac54-a24fe3c72555:c1877, 11ea7e38-68de-49e0-a413-0aa394144289:c1877]
2019-07-09 08:42:00,495 INFO  client.GrpcClientProtocolClient (GrpcClientProtocolClient.java:onNext(255)) - client-E42F58674560->3a39c983-6986-4da8-95c7-9482e2fa0f6f: receive RaftClientReply:client-E42F58674560->3a39c983-6986-4da8-95c7-9482e2fa0f6f@group-5E4216B2975C, cid=1339, SUCCESS, logIndex=1881, commits[3a39c983-6986-4da8-95c7-9482e2fa0f6f:c1882, 0f15f03e-3179-4fc8-ac54-a24fe3c72555:c1878, 11ea7e38-68de-49e0-a413-0aa394144289:c1877]
2019-07-09 08:42:00,498 INFO  client.GrpcClientProtocolClient (GrpcClientProtocolClient.java:onNext(255)) - client-E42F58674560->3a39c983-6986-4da8-95c7-9482e2fa0f6f: receive RaftClientReply:client-E42F58674560->3a39c983-6986-4da8-95c7-9482e2fa0f6f@group-5E4216B2975C, cid=1340, SUCCESS, logIndex=0, commits[3a39c983-6986-4da8-95c7-9482e2fa0f6f:c1883, 0f15f03e-3179-4fc8-ac54-a24fe3c72555:c1879, 11ea7e38-68de-49e0-a413-0aa394144289:c1879]
2019-07-09 08:42:00,511 INFO  client.GrpcClientProtocolClient (GrpcClientProtocolClient.java:onNext(255)) - client-E42F58674560->3a39c983-6986-4da8-95c7-9482e2fa0f6f: receive RaftClientReply:client-E42F58674560->3a39c983-6986-4da8-95c7-9482e2fa0f6f@group-5E4216B2975C, cid=1341, SUCCESS, logIndex=1886, commits[3a39c983-6986-4da8-95c7-9482e2fa0f6f:c1887, 0f15f03e-3179-4fc8-ac54-a24fe3c72555:c1885, 11ea7e38-68de-49e0-a413-0aa394144289:c1881]
2019-07-09 08:42:00,512 INFO  client.GrpcClientProtocolClient (GrpcClientProtocolClient.java:onNext(255)) - client-E42F58674560->3a39c983-6986-4da8-95c7-9482e2fa0f6f: receive RaftClientReply:client-E42F58674560->3a39c983-6986-4da8-95c7-9482e2fa0f6f@group-5E4216B2975C, cid=1342, SUCCESS, logIndex=1887, commits[3a39c983-6986-4da8-95c7-9482e2fa0f6f:c1887, 0f15f03e-3179-4fc8-ac54-a24fe3c72555:c1885, 11ea7e38-68de-49e0-a413-0aa394144289:c1885]
2019-07-09 08:42:00,528 INFO  client.GrpcClientProtocolClient (GrpcClientProtocolClient.java:onNext(255)) - client-E42F58674560->3a39c983-6986-4da8-95c7-9482e2fa0f6f: receive RaftClientReply:client-E42F58674560->3a39c983-6986-4da8-95c7-9482e2fa0f6f@group-5E4216B2975C, cid=1343, SUCCESS, logIndex=1890, commits[3a39c983-6986-4da8-95c7-9482e2fa0f6f:c1891, 0f15f03e-3179-4fc8-ac54-a24fe3c72555:c1888, 11ea7e38-68de-49e0-a413-0aa394144289:c1888]
2019-07-09 08:42:00,528 INFO  client.GrpcClientProtocolClient (GrpcClientProtocolClient.java:onNext(255)) - client-E42F58674560->3a39c983-6986-4da8-95c7-9482e2fa0f6f: receive RaftClientReply:client-E42F58674560->3a39c983-6986-4da8-95c7-9482e2fa0f6f@group-5E4216B2975C, cid=1344, SUCCESS, logIndex=1891, commits[3a39c983-6986-4da8-95c7-9482e2fa0f6f:c1891, 0f15f03e-3179-4fc8-ac54-a24fe3c72555:c1888, 11ea7e38-68de-49e0-a413-0aa394144289:c1888]
2019-07-09 08:42:00,554 INFO  client.GrpcClientProtocolClient (GrpcClientProtocolClient.java:onNext(255)) - client-E42F58674560->3a39c983-6986-4da8-95c7-9482e2fa0f6f: receive RaftClientReply:client-E42F58674560->3a39c983-6986-4da8-95c7-9482e2fa0f6f@group-5E4216B2975C, cid=1345, SUCCESS, logIndex=0, commits[3a39c983-6986-4da8-95c7-9482e2fa0f6f:c1892, 0f15f03e-3179-4fc8-ac54-a24fe3c72555:c1891, 11ea7e38-68de-49e0-a413-0aa394144289:c1891]
2019-07-09 08:42:00,582 INFO  client.GrpcClientProtocolClient (GrpcClientProtocolClient.java:onNext(255)) - client-E42F58674560->3a39c983-6986-4da8-95c7-9482e2fa0f6f: receive RaftClientReply:client-E42F58674560->3a39c983-6986-4da8-95c7-9482e2fa0f6f@group-5E4216B2975C, cid=1346, SUCCESS, logIndex=1894, commits[3a39c983-6986-4da8-95c7-9482e2fa0f6f:c1895, 0f15f03e-3179-4fc8-ac54-a24fe3c72555:c1893, 11ea7e38-68de-49e0-a413-0aa394144289:c1893]
2019-07-09 08:42:00,582 INFO  client.GrpcClientProtocolClient (GrpcClientProtocolClient.java:onNext(255)) - client-E42F58674560->3a39c983-6986-4da8-95c7-9482e2fa0f6f: receive RaftClientReply:client-E42F58674560->3a39c983-6986-4da8-95c7-9482e2fa0f6f@group-5E4216B2975C, cid=1347, SUCCESS, logIndex=1895, commits[3a39c983-6986-4da8-95c7-9482e2fa0f6f:c1895, 0f15f03e-3179-4fc8-ac54-a24fe3c72555:c1893, 11ea7e38-68de-49e0-a413-0aa394144289:c1893]
2019-07-09 08:42:00,583 INFO  client.GrpcClientProtocolClient (GrpcClientProtocolClient.java:onNext(255)) - client-E42F58674560->3a39c983-6986-4da8-95c7-9482e2fa0f6f: receive RaftClientReply:client-E42F58674560->3a39c983-6986-4da8-95c7-9482e2fa0f6f@group-5E4216B2975C, cid=1348, SUCCESS, logIndex=1896, commits[3a39c983-6986-4da8-95c7-9482e2fa0f6f:c1897, 0f15f03e-3179-4fc8-ac54-a24fe3c72555:c1893, 11ea7e38-68de-49e0-a413-0aa394144289:c1893]
2019-07-09 08:42:00,583 INFO  client.GrpcClientProtocolClient (GrpcClientProtocolClient.java:onNext(255)) - client-E42F58674560->3a39c983-6986-4da8-95c7-9482e2fa0f6f: receive RaftClientReply:client-E42F58674560->3a39c983-6986-4da8-95c7-9482e2fa0f6f@group-5E4216B2975C, cid=1349, SUCCESS, logIndex=1897, commits[3a39c983-6986-4da8-95c7-9482e2fa0f6f:c1897, 0f15f03e-3179-4fc8-ac54-a24fe3c72555:c1893, 11ea7e38-68de-49e0-a413-0aa394144289:c1893]
2019-07-09 08:42:00,596 INFO  client.GrpcClientProtocolClient (GrpcClientProtocolClient.java:onNext(255)) - client-E42F58674560->3a39c983-6986-4da8-95c7-9482e2fa0f6f: receive RaftClientReply:client-E42F58674560->3a39c983-6986-4da8-95c7-9482e2fa0f6f@group-5E4216B2975C, cid=1350, SUCCESS, logIndex=0, commits[3a39c983-6986-4da8-95c7-9482e2fa0f6f:c1899, 0f15f03e-3179-4fc8-ac54-a24fe3c72555:c1895, 11ea7e38-68de-49e0-a413-0aa394144289:c1895]
2019-07-09 08:42:00,624 INFO  client.GrpcClientProtocolClient (GrpcClientProtocolClient.java:onNext(255)) - client-E42F58674560->3a39c983-6986-4da8-95c7-9482e2fa0f6f: receive RaftClientReply:client-E42F58674560->3a39c983-6986-4da8-95c7-9482e2fa0f6f@group-5E4216B2975C, cid=1351, SUCCESS, logIndex=1902, commits[3a39c983-6986-4da8-95c7-9482e2fa0f6f:c1903, 0f15f03e-3179-4fc8-ac54-a24fe3c72555:c1901, 11ea7e38-68de-49e0-a413-0aa394144289:c1901]
2019-07-09 08:42:00,624 INFO  client.GrpcClientProtocolClient (GrpcClientProtocolClient.java:onNext(255)) - client-E42F58674560->3a39c983-6986-4da8-95c7-9482e2fa0f6f: receive RaftClientReply:client-E42F58674560->3a39c983-6986-4da8-95c7-9482e2fa0f6f@group-5E4216B2975C, cid=1352, SUCCESS, logIndex=1903, commits[3a39c983-6986-4da8-95c7-9482e2fa0f6f:c1903, 0f15f03e-3179-4fc8-ac54-a24fe3c72555:c1901, 11ea7e38-68de-49e0-a413-0aa394144289:c1901]
 0.00% |█                                                                                                    |  0/1 Time: 0:00:082019-07-09 08:42:00,641 INFO  client.GrpcClientProtocolClient (GrpcClientProtocolClient.java:onNext(255)) - client-E42F58674560->3a39c983-6986-4da8-95c7-9482e2fa0f6f: receive RaftClientReply:client-E42F58674560->3a39c983-6986-4da8-95c7-9482e2fa0f6f@group-5E4216B2975C, cid=1353, SUCCESS, logIndex=1905, commits[3a39c983-6986-4da8-95c7-9482e2fa0f6f:c1906, 0f15f03e-3179-4fc8-ac54-a24fe3c72555:c1903, 11ea7e38-68de-49e0-a413-0aa394144289:c1903]
2019-07-09 08:42:00,642 INFO  client.GrpcClientProtocolClient (GrpcClientProtocolClient.java:onNext(255)) - client-E42F58674560->3a39c983-6986-4da8-95c7-9482e2fa0f6f: receive RaftClientReply:client-E42F58674560->3a39c983-6986-4da8-95c7-9482e2fa0f6f@group-5E4216B2975C, cid=1354, SUCCESS, logIndex=1906, commits[3a39c983-6986-4da8-95c7-9482e2fa0f6f:c1906, 0f15f03e-3179-4fc8-ac54-a24fe3c72555:c1903, 11ea7e38-68de-49e0-a413-0aa394144289:c1903]
2019-07-09 08:42:00,668 INFO  client.GrpcClientProtocolClient (GrpcClientProtocolClient.java:onNext(255)) - client-E42F58674560->3a39c983-6986-4da8-95c7-9482e2fa0f6f: receive RaftClientReply:client-E42F58674560->3a39c983-6986-4da8-95c7-9482e2fa0f6f@group-5E4216B2975C, cid=1355, SUCCESS, logIndex=0, commits[3a39c983-6986-4da8-95c7-9482e2fa0f6f:c1908, 0f15f03e-3179-4fc8-ac54-a24fe3c72555:c1906, 11ea7e38-68de-49e0-a413-0aa394144289:c1906]
2019-07-09 08:42:00,698 INFO  client.GrpcClientProtocolClient (GrpcClientProtocolClient.java:onNext(255)) - client-E42F58674560->3a39c983-6986-4da8-95c7-9482e2fa0f6f: receive RaftClientReply:client-E42F58674560->3a39c983-6986-4da8-95c7-9482e2fa0f6f@group-5E4216B2975C, cid=1356, SUCCESS, logIndex=1909, commits[3a39c983-6986-4da8-95c7-9482e2fa0f6f:c1911, 0f15f03e-3179-4fc8-ac54-a24fe3c72555:c1908, 11ea7e38-68de-49e0-a413-0aa394144289:c1908]
2019-07-09 08:42:00,699 INFO  client.GrpcClientProtocolClient (GrpcClientProtocolClient.java:onNext(255)) - client-E42F58674560->3a39c983-6986-4da8-95c7-9482e2fa0f6f: receive RaftClientReply:client-E42F58674560->3a39c983-6986-4da8-95c7-9482e2fa0f6f@group-5E4216B2975C, cid=1357, SUCCESS, logIndex=1910, commits[3a39c983-6986-4da8-95c7-9482e2fa0f6f:c1912, 0f15f03e-3179-4fc8-ac54-a24fe3c72555:c1908, 11ea7e38-68de-49e0-a413-0aa394144289:c1908]
2019-07-09 08:42:00,699 INFO  client.GrpcClientProtocolClient (GrpcClientProtocolClient.java:onNext(255)) - client-E42F58674560->3a39c983-6986-4da8-95c7-9482e2fa0f6f: receive RaftClientReply:client-E42F58674560->3a39c983-6986-4da8-95c7-9482e2fa0f6f@group-5E4216B2975C, cid=1358, SUCCESS, logIndex=1911, commits[3a39c983-6986-4da8-95c7-9482e2fa0f6f:c1912, 0f15f03e-3179-4fc8-ac54-a24fe3c72555:c1908, 11ea7e38-68de-49e0-a413-0aa394144289:c1908]
2019-07-09 08:42:00,699 INFO  client.GrpcClientProtocolClient (GrpcClientProtocolClient.java:onNext(255)) - client-E42F58674560->3a39c983-6986-4da8-95c7-9482e2fa0f6f: receive RaftClientReply:client-E42F58674560->3a39c983-6986-4da8-95c7-9482e2fa0f6f@group-5E4216B2975C, cid=1359, SUCCESS, logIndex=1912, commits[3a39c983-6986-4da8-95c7-9482e2fa0f6f:c1912, 0f15f03e-3179-4fc8-ac54-a24fe3c72555:c1908, 11ea7e38-68de-49e0-a413-0aa394144289:c1908]
2019-07-09 08:42:00,710 INFO  client.GrpcClientProtocolClient (GrpcClientProtocolClient.java:onNext(255)) - client-E42F58674560->3a39c983-6986-4da8-95c7-9482e2fa0f6f: receive RaftClientReply:client-E42F58674560->3a39c983-6986-4da8-95c7-9482e2fa0f6f@group-5E4216B2975C, cid=1360, SUCCESS, logIndex=0, commits[3a39c983-6986-4da8-95c7-9482e2fa0f6f:c1913, 0f15f03e-3179-4fc8-ac54-a24fe3c72555:c1910, 11ea7e38-68de-49e0-a413-0aa394144289:c1910]
2019-07-09 08:42:00,729 INFO  client.GrpcClientProtocolClient (GrpcClientProtocolClient.java:onNext(255)) - client-E42F58674560->3a39c983-6986-4da8-95c7-9482e2fa0f6f: receive RaftClientReply:client-E42F58674560->3a39c983-6986-4da8-95c7-9482e2fa0f6f@group-5E4216B2975C, cid=1361, SUCCESS, logIndex=1917, commits[3a39c983-6986-4da8-95c7-9482e2fa0f6f:c1917, 0f15f03e-3179-4fc8-ac54-a24fe3c72555:c1916, 11ea7e38-68de-49e0-a413-0aa394144289:c1916]
2019-07-09 08:42:00,730 INFO  client.GrpcClientProtocolClient (GrpcClientProtocolClient.java:onNext(255)) - client-E42F58674560->3a39c983-6986-4da8-95c7-9482e2fa0f6f: receive RaftClientReply:client-E42F58674560->3a39c983-6986-4da8-95c7-9482e2fa0f6f@group-5E4216B2975C, cid=1362, SUCCESS, logIndex=1918, commits[3a39c983-6986-4da8-95c7-9482e2fa0f6f:c1918, 0f15f03e-3179-4fc8-ac54-a24fe3c72555:c1916, 11ea7e38-68de-49e0-a413-0aa394144289:c1916]
2019-07-09 08:42:00,746 INFO  client.GrpcClientProtocolClient (GrpcClientProtocolClient.java:onNext(255)) - client-E42F58674560->3a39c983-6986-4da8-95c7-9482e2fa0f6f: receive RaftClientReply:client-E42F58674560->3a39c983-6986-4da8-95c7-9482e2fa0f6f@group-5E4216B2975C, cid=1363, SUCCESS, logIndex=1921, commits[3a39c983-6986-4da8-95c7-9482e2fa0f6f:c1922, 0f15f03e-3179-4fc8-ac54-a24fe3c72555:c1918, 11ea7e38-68de-49e0-a413-0aa394144289:c1918]
2019-07-09 08:42:00,746 INFO  client.GrpcClientProtocolClient (GrpcClientProtocolClient.java:onNext(255)) - client-E42F58674560->3a39c983-6986-4da8-95c7-9482e2fa0f6f: receive RaftClientReply:client-E42F58674560->3a39c983-6986-4da8-95c7-9482e2fa0f6f@group-5E4216B2975C, cid=1364, SUCCESS, logIndex=1922, commits[3a39c983-6986-4da8-95c7-9482e2fa0f6f:c1922, 0f15f03e-3179-4fc8-ac54-a24fe3c72555:c1918, 11ea7e38-68de-49e0-a413-0aa394144289:c1918]
2019-07-09 08:42:00,773 INFO  client.GrpcClientProtocolClient (GrpcClientProtocolClient.java:onNext(255)) - client-E42F58674560->3a39c983-6986-4da8-95c7-9482e2fa0f6f: receive RaftClientReply:client-E42F58674560->3a39c983-6986-4da8-95c7-9482e2fa0f6f@group-5E4216B2975C, cid=1365, SUCCESS, logIndex=0, commits[3a39c983-6986-4da8-95c7-9482e2fa0f6f:c1924, 0f15f03e-3179-4fc8-ac54-a24fe3c72555:c1922, 11ea7e38-68de-49e0-a413-0aa394144289:c1922]
2019-07-09 08:42:00,799 INFO  client.GrpcClientProtocolClient (GrpcClientProtocolClient.java:onNext(255)) - client-E42F58674560->3a39c983-6986-4da8-95c7-9482e2fa0f6f: receive RaftClientReply:client-E42F58674560->3a39c983-6986-4da8-95c7-9482e2fa0f6f@group-5E4216B2975C, cid=1366, SUCCESS, logIndex=1925, commits[3a39c983-6986-4da8-95c7-9482e2fa0f6f:c1926, 0f15f03e-3179-4fc8-ac54-a24fe3c72555:c1924, 11ea7e38-68de-49e0-a413-0aa394144289:c1924]
2019-07-09 08:42:00,800 INFO  client.GrpcClientProtocolClient (GrpcClientProtocolClient.java:onNext(255)) - client-E42F58674560->3a39c983-6986-4da8-95c7-9482e2fa0f6f: receive RaftClientReply:client-E42F58674560->3a39c983-6986-4da8-95c7-9482e2fa0f6f@group-5E4216B2975C, cid=1367, SUCCESS, logIndex=1926, commits[3a39c983-6986-4da8-95c7-9482e2fa0f6f:c1926, 0f15f03e-3179-4fc8-ac54-a24fe3c72555:c1924, 11ea7e38-68de-49e0-a413-0aa394144289:c1924]
2019-07-09 08:42:00,812 INFO  client.GrpcClientProtocolClient (GrpcClientProtocolClient.java:onNext(255)) - client-E42F58674560->3a39c983-6986-4da8-95c7-9482e2fa0f6f: receive RaftClientReply:client-E42F58674560->3a39c983-6986-4da8-95c7-9482e2fa0f6f@group-5E4216B2975C, cid=1368, SUCCESS, logIndex=1927, commits[3a39c983-6986-4da8-95c7-9482e2fa0f6f:c1928, 0f15f03e-3179-4fc8-ac54-a24fe3c72555:c1924, 11ea7e38-68de-49e0-a413-0aa394144289:c1924]
2019-07-09 08:42:00,812 INFO  client.GrpcClientProtocolClient (GrpcClientProtocolClient.java:onNext(255)) - client-E42F58674560->3a39c983-6986-4da8-95c7-9482e2fa0f6f: receive RaftClientReply:client-E42F58674560->3a39c983-6986-4da8-95c7-9482e2fa0f6f@group-5E4216B2975C, cid=1369, SUCCESS, logIndex=1928, commits[3a39c983-6986-4da8-95c7-9482e2fa0f6f:c1928, 0f15f03e-3179-4fc8-ac54-a24fe3c72555:c1924, 11ea7e38-68de-49e0-a413-0aa394144289:c1924]
2019-07-09 08:42:00,825 INFO  client.GrpcClientProtocolClient (GrpcClientProtocolClient.java:onNext(255)) - client-E42F58674560->3a39c983-6986-4da8-95c7-9482e2fa0f6f: receive RaftClientReply:client-E42F58674560->3a39c983-6986-4da8-95c7-9482e2fa0f6f@group-5E4216B2975C, cid=1370, SUCCESS, logIndex=0, commits[3a39c983-6986-4da8-95c7-9482e2fa0f6f:c1930, 0f15f03e-3179-4fc8-ac54-a24fe3c72555:c1926, 11ea7e38-68de-49e0-a413-0aa394144289:c1926]
2019-07-09 08:42:00,851 INFO  client.GrpcClientProtocolClient (GrpcClientProtocolClient.java:onNext(255)) - client-E42F58674560->3a39c983-6986-4da8-95c7-9482e2fa0f6f: receive RaftClientReply:client-E42F58674560->3a39c983-6986-4da8-95c7-9482e2fa0f6f@group-5E4216B2975C, cid=1371, SUCCESS, logIndex=1933, commits[3a39c983-6986-4da8-95c7-9482e2fa0f6f:c1933, 0f15f03e-3179-4fc8-ac54-a24fe3c72555:c1930, 11ea7e38-68de-49e0-a413-0aa394144289:c1930]
2019-07-09 08:42:00,852 INFO  client.GrpcClientProtocolClient (GrpcClientProtocolClient.java:onNext(255)) - client-E42F58674560->3a39c983-6986-4da8-95c7-9482e2fa0f6f: receive RaftClientReply:client-E42F58674560->3a39c983-6986-4da8-95c7-9482e2fa0f6f@group-5E4216B2975C, cid=1372, SUCCESS, logIndex=1934, commits[3a39c983-6986-4da8-95c7-9482e2fa0f6f:c1934, 0f15f03e-3179-4fc8-ac54-a24fe3c72555:c1930, 11ea7e38-68de-49e0-a413-0aa394144289:c1930]
2019-07-09 08:42:00,864 INFO  client.GrpcClientProtocolClient (GrpcClientProtocolClient.java:onNext(255)) - client-E42F58674560->3a39c983-6986-4da8-95c7-9482e2fa0f6f: receive RaftClientReply:client-E42F58674560->3a39c983-6986-4da8-95c7-9482e2fa0f6f@group-5E4216B2975C, cid=1373, SUCCESS, logIndex=1937, commits[3a39c983-6986-4da8-95c7-9482e2fa0f6f:c1938, 0f15f03e-3179-4fc8-ac54-a24fe3c72555:c1934, 11ea7e38-68de-49e0-a413-0aa394144289:c1934]
2019-07-09 08:42:00,864 INFO  client.GrpcClientProtocolClient (GrpcClientProtocolClient.java:onNext(255)) - client-E42F58674560->3a39c983-6986-4da8-95c7-9482e2fa0f6f: receive RaftClientReply:client-E42F58674560->3a39c983-6986-4da8-95c7-9482e2fa0f6f@group-5E4216B2975C, cid=1374, SUCCESS, logIndex=1938, commits[3a39c983-6986-4da8-95c7-9482e2fa0f6f:c1938, 0f15f03e-3179-4fc8-ac54-a24fe3c72555:c1934, 11ea7e38-68de-49e0-a413-0aa394144289:c1934]
2019-07-09 08:42:00,870 INFO  client.GrpcClientProtocolClient (GrpcClientProtocolClient.java:onNext(255)) - client-E42F58674560->3a39c983-6986-4da8-95c7-9482e2fa0f6f: receive RaftClientReply:client-E42F58674560->3a39c983-6986-4da8-95c7-9482e2fa0f6f@group-5E4216B2975C, cid=1375, SUCCESS, logIndex=0, commits[3a39c983-6986-4da8-95c7-9482e2fa0f6f:c1940, 0f15f03e-3179-4fc8-ac54-a24fe3c72555:c1938, 11ea7e38-68de-49e0-a413-0aa394144289:c1938]
2019-07-09 08:42:00,892 INFO  client.GrpcClientProtocolClient (GrpcClientProtocolClient.java:onNext(255)) - client-E42F58674560->3a39c983-6986-4da8-95c7-9482e2fa0f6f: receive RaftClientReply:client-E42F58674560->3a39c983-6986-4da8-95c7-9482e2fa0f6f@group-5E4216B2975C, cid=1376, SUCCESS, logIndex=1941, commits[3a39c983-6986-4da8-95c7-9482e2fa0f6f:c1944, 0f15f03e-3179-4fc8-ac54-a24fe3c72555:c1940, 11ea7e38-68de-49e0-a413-0aa394144289:c1938]
2019-07-09 08:42:00,893 INFO  client.GrpcClientProtocolClient (GrpcClientProtocolClient.java:onNext(255)) - client-E42F58674560->3a39c983-6986-4da8-95c7-9482e2fa0f6f: receive RaftClientReply:client-E42F58674560->3a39c983-6986-4da8-95c7-9482e2fa0f6f@group-5E4216B2975C, cid=1377, SUCCESS, logIndex=1942, commits[3a39c983-6986-4da8-95c7-9482e2fa0f6f:c1944, 0f15f03e-3179-4fc8-ac54-a24fe3c72555:c1940, 11ea7e38-68de-49e0-a413-0aa394144289:c1938]
2019-07-09 08:42:00,893 INFO  client.GrpcClientProtocolClient (GrpcClientProtocolClient.java:onNext(255)) - client-E42F58674560->3a39c983-6986-4da8-95c7-9482e2fa0f6f: receive RaftClientReply:client-E42F58674560->3a39c983-6986-4da8-95c7-9482e2fa0f6f@group-5E4216B2975C, cid=1378, SUCCESS, logIndex=1943, commits[3a39c983-6986-4da8-95c7-9482e2fa0f6f:c1944, 0f15f03e-3179-4fc8-ac54-a24fe3c72555:c1941, 11ea7e38-68de-49e0-a413-0aa394144289:c1940]
2019-07-09 08:42:00,893 INFO  client.GrpcClientProtocolClient (GrpcClientProtocolClient.java:onNext(255)) - client-E42F58674560->3a39c983-6986-4da8-95c7-9482e2fa0f6f: receive RaftClientReply:client-E42F58674560->3a39c983-6986-4da8-95c7-9482e2fa0f6f@group-5E4216B2975C, cid=1379, SUCCESS, logIndex=1944, commits[3a39c983-6986-4da8-95c7-9482e2fa0f6f:c1945, 0f15f03e-3179-4fc8-ac54-a24fe3c72555:c1941, 11ea7e38-68de-49e0-a413-0aa394144289:c1940]
2019-07-09 08:42:00,895 INFO  client.GrpcClientProtocolClient (GrpcClientProtocolClient.java:onNext(255)) - client-E42F58674560->3a39c983-6986-4da8-95c7-9482e2fa0f6f: receive RaftClientReply:client-E42F58674560->3a39c983-6986-4da8-95c7-9482e2fa0f6f@group-5E4216B2975C, cid=1380, SUCCESS, logIndex=0, commits[3a39c983-6986-4da8-95c7-9482e2fa0f6f:c1948, 0f15f03e-3179-4fc8-ac54-a24fe3c72555:c1942, 11ea7e38-68de-49e0-a413-0aa394144289:c1944]
2019-07-09 08:42:00,919 INFO  client.GrpcClientProtocolClient (GrpcClientProtocolClient.java:onNext(255)) - client-E42F58674560->3a39c983-6986-4da8-95c7-9482e2fa0f6f: receive RaftClientReply:client-E42F58674560->3a39c983-6986-4da8-95c7-9482e2fa0f6f@group-5E4216B2975C, cid=1381, SUCCESS, logIndex=1949, commits[3a39c983-6986-4da8-95c7-9482e2fa0f6f:c1950, 0f15f03e-3179-4fc8-ac54-a24fe3c72555:c1948, 11ea7e38-68de-49e0-a413-0aa394144289:c1948]
2019-07-09 08:42:00,920 INFO  client.GrpcClientProtocolClient (GrpcClientProtocolClient.java:onNext(255)) - client-E42F58674560->3a39c983-6986-4da8-95c7-9482e2fa0f6f: receive RaftClientReply:client-E42F58674560->3a39c983-6986-4da8-95c7-9482e2fa0f6f@group-5E4216B2975C, cid=1382, SUCCESS, logIndex=1950, commits[3a39c983-6986-4da8-95c7-9482e2fa0f6f:c1950, 0f15f03e-3179-4fc8-ac54-a24fe3c72555:c1948, 11ea7e38-68de-49e0-a413-0aa394144289:c1948]
2019-07-09 08:42:00,934 INFO  client.GrpcClientProtocolClient (GrpcClientProtocolClient.java:onNext(255)) - client-E42F58674560->3a39c983-6986-4da8-95c7-9482e2fa0f6f: receive RaftClientReply:client-E42F58674560->3a39c983-6986-4da8-95c7-9482e2fa0f6f@group-5E4216B2975C, cid=1383, SUCCESS, logIndex=1953, commits[3a39c983-6986-4da8-95c7-9482e2fa0f6f:c1954, 0f15f03e-3179-4fc8-ac54-a24fe3c72555:c1950, 11ea7e38-68de-49e0-a413-0aa394144289:c1950]
2019-07-09 08:42:00,935 INFO  client.GrpcClientProtocolClient (GrpcClientProtocolClient.java:onNext(255)) - client-E42F58674560->3a39c983-6986-4da8-95c7-9482e2fa0f6f: receive RaftClientReply:client-E42F58674560->3a39c983-6986-4da8-95c7-9482e2fa0f6f@group-5E4216B2975C, cid=1384, SUCCESS, logIndex=1954, commits[3a39c983-6986-4da8-95c7-9482e2fa0f6f:c1954, 0f15f03e-3179-4fc8-ac54-a24fe3c72555:c1950, 11ea7e38-68de-49e0-a413-0aa394144289:c1950]
2019-07-09 08:42:00,957 INFO  client.GrpcClientProtocolClient (GrpcClientProtocolClient.java:onNext(255)) - client-E42F58674560->3a39c983-6986-4da8-95c7-9482e2fa0f6f: receive RaftClientReply:client-E42F58674560->3a39c983-6986-4da8-95c7-9482e2fa0f6f@group-5E4216B2975C, cid=1385, SUCCESS, logIndex=0, commits[3a39c983-6986-4da8-95c7-9482e2fa0f6f:c1956, 0f15f03e-3179-4fc8-ac54-a24fe3c72555:c1954, 11ea7e38-68de-49e0-a413-0aa394144289:c1954]
2019-07-09 08:42:01,070 INFO  client.GrpcClientProtocolClient (GrpcClientProtocolClient.java:onNext(255)) - client-E42F58674560->3a39c983-6986-4da8-95c7-9482e2fa0f6f: receive RaftClientReply:client-E42F58674560->3a39c983-6986-4da8-95c7-9482e2fa0f6f@group-5E4216B2975C, cid=1386, SUCCESS, logIndex=1957, commits[3a39c983-6986-4da8-95c7-9482e2fa0f6f:c1958, 0f15f03e-3179-4fc8-ac54-a24fe3c72555:c1956, 11ea7e38-68de-49e0-a413-0aa394144289:c1956]
2019-07-09 08:42:01,071 INFO  client.GrpcClientProtocolClient (GrpcClientProtocolClient.java:onNext(255)) - client-E42F58674560->3a39c983-6986-4da8-95c7-9482e2fa0f6f: receive RaftClientReply:client-E42F58674560->3a39c983-6986-4da8-95c7-9482e2fa0f6f@group-5E4216B2975C, cid=1387, SUCCESS, logIndex=1958, commits[3a39c983-6986-4da8-95c7-9482e2fa0f6f:c1958, 0f15f03e-3179-4fc8-ac54-a24fe3c72555:c1956, 11ea7e38-68de-49e0-a413-0aa394144289:c1956]
2019-07-09 08:42:01,082 INFO  client.GrpcClientProtocolClient (GrpcClientProtocolClient.java:onNext(255)) - client-E42F58674560->3a39c983-6986-4da8-95c7-9482e2fa0f6f: receive RaftClientReply:client-E42F58674560->3a39c983-6986-4da8-95c7-9482e2fa0f6f@group-5E4216B2975C, cid=1388, SUCCESS, logIndex=1959, commits[3a39c983-6986-4da8-95c7-9482e2fa0f6f:c1960, 0f15f03e-3179-4fc8-ac54-a24fe3c72555:c1956, 11ea7e38-68de-49e0-a413-0aa394144289:c1956]
2019-07-09 08:42:01,082 INFO  client.GrpcClientProtocolClient (GrpcClientProtocolClient.java:onNext(255)) - client-E42F58674560->3a39c983-6986-4da8-95c7-9482e2fa0f6f: receive RaftClientReply:client-E42F58674560->3a39c983-6986-4da8-95c7-9482e2fa0f6f@group-5E4216B2975C, cid=1389, SUCCESS, logIndex=1960, commits[3a39c983-6986-4da8-95c7-9482e2fa0f6f:c1961, 0f15f03e-3179-4fc8-ac54-a24fe3c72555:c1957, 11ea7e38-68de-49e0-a413-0aa394144289:c1956]
2019-07-09 08:42:01,084 INFO  client.GrpcClientProtocolClient (GrpcClientProtocolClient.java:onNext(255)) - client-E42F58674560->3a39c983-6986-4da8-95c7-9482e2fa0f6f: receive RaftClientReply:client-E42F58674560->3a39c983-6986-4da8-95c7-9482e2fa0f6f@group-5E4216B2975C, cid=1390, SUCCESS, logIndex=0, commits[3a39c983-6986-4da8-95c7-9482e2fa0f6f:c1962, 0f15f03e-3179-4fc8-ac54-a24fe3c72555:c1958, 11ea7e38-68de-49e0-a413-0aa394144289:c1958]
2019-07-09 08:42:01,107 INFO  client.GrpcClientProtocolClient (GrpcClientProtocolClient.java:onNext(255)) - client-E42F58674560->3a39c983-6986-4da8-95c7-9482e2fa0f6f: receive RaftClientReply:client-E42F58674560->3a39c983-6986-4da8-95c7-9482e2fa0f6f@group-5E4216B2975C, cid=1391, SUCCESS, logIndex=1965, commits[3a39c983-6986-4da8-95c7-9482e2fa0f6f:c1966, 0f15f03e-3179-4fc8-ac54-a24fe3c72555:c1964, 11ea7e38-68de-49e0-a413-0aa394144289:c1964]
2019-07-09 08:42:01,108 INFO  client.GrpcClientProtocolClient (GrpcClientProtocolClient.java:onNext(255)) - client-E42F58674560->3a39c983-6986-4da8-95c7-9482e2fa0f6f: receive RaftClientReply:client-E42F58674560->3a39c983-6986-4da8-95c7-9482e2fa0f6f@group-5E4216B2975C, cid=1392, SUCCESS, logIndex=1966, commits[3a39c983-6986-4da8-95c7-9482e2fa0f6f:c1966, 0f15f03e-3179-4fc8-ac54-a24fe3c72555:c1964, 11ea7e38-68de-49e0-a413-0aa394144289:c1964]
2019-07-09 08:42:01,190 INFO  client.GrpcClientProtocolClient (GrpcClientProtocolClient.java:onNext(255)) - client-E42F58674560->3a39c983-6986-4da8-95c7-9482e2fa0f6f: receive RaftClientReply:client-E42F58674560->3a39c983-6986-4da8-95c7-9482e2fa0f6f@group-5E4216B2975C, cid=1393, SUCCESS, logIndex=1969, commits[3a39c983-6986-4da8-95c7-9482e2fa0f6f:c1970, 0f15f03e-3179-4fc8-ac54-a24fe3c72555:c1966, 11ea7e38-68de-49e0-a413-0aa394144289:c1966]
2019-07-09 08:42:01,191 INFO  client.GrpcClientProtocolClient (GrpcClientProtocolClient.java:onNext(255)) - client-E42F58674560->3a39c983-6986-4da8-95c7-9482e2fa0f6f: receive RaftClientReply:client-E42F58674560->3a39c983-6986-4da8-95c7-9482e2fa0f6f@group-5E4216B2975C, cid=1394, SUCCESS, logIndex=1970, commits[3a39c983-6986-4da8-95c7-9482e2fa0f6f:c1970, 0f15f03e-3179-4fc8-ac54-a24fe3c72555:c1966, 11ea7e38-68de-49e0-a413-0aa394144289:c1966]
 0.00% |█                                                                                                    |  0/1 Time: 0:00:092019-07-09 08:42:01,654 INFO  client.GrpcClientProtocolClient (GrpcClientProtocolClient.java:onNext(255)) - client-E42F58674560->3a39c983-6986-4da8-95c7-9482e2fa0f6f: receive RaftClientReply:client-E42F58674560->3a39c983-6986-4da8-95c7-9482e2fa0f6f@group-5E4216B2975C, cid=1395, SUCCESS, logIndex=0, commits[3a39c983-6986-4da8-95c7-9482e2fa0f6f:c1972, 0f15f03e-3179-4fc8-ac54-a24fe3c72555:c1970, 11ea7e38-68de-49e0-a413-0aa394144289:c1970]
2019-07-09 08:42:01,690 INFO  client.GrpcClientProtocolClient (GrpcClientProtocolClient.java:onNext(255)) - client-E42F58674560->3a39c983-6986-4da8-95c7-9482e2fa0f6f: receive RaftClientReply:client-E42F58674560->3a39c983-6986-4da8-95c7-9482e2fa0f6f@group-5E4216B2975C, cid=1396, SUCCESS, logIndex=1973, commits[3a39c983-6986-4da8-95c7-9482e2fa0f6f:c1975, 0f15f03e-3179-4fc8-ac54-a24fe3c72555:c1972, 11ea7e38-68de-49e0-a413-0aa394144289:c1972]
2019-07-09 08:42:01,691 INFO  client.GrpcClientProtocolClient (GrpcClientProtocolClient.java:onNext(255)) - client-E42F58674560->3a39c983-6986-4da8-95c7-9482e2fa0f6f: receive RaftClientReply:client-E42F58674560->3a39c983-6986-4da8-95c7-9482e2fa0f6f@group-5E4216B2975C, cid=1397, SUCCESS, logIndex=1974, commits[3a39c983-6986-4da8-95c7-9482e2fa0f6f:c1976, 0f15f03e-3179-4fc8-ac54-a24fe3c72555:c1972, 11ea7e38-68de-49e0-a413-0aa394144289:c1972]
2019-07-09 08:42:01,691 INFO  client.GrpcClientProtocolClient (GrpcClientProtocolClient.java:onNext(255)) - client-E42F58674560->3a39c983-6986-4da8-95c7-9482e2fa0f6f: receive RaftClientReply:client-E42F58674560->3a39c983-6986-4da8-95c7-9482e2fa0f6f@group-5E4216B2975C, cid=1398, SUCCESS, logIndex=1975, commits[3a39c983-6986-4da8-95c7-9482e2fa0f6f:c1976, 0f15f03e-3179-4fc8-ac54-a24fe3c72555:c1972, 11ea7e38-68de-49e0-a413-0aa394144289:c1972]
2019-07-09 08:42:01,692 INFO  client.GrpcClientProtocolClient (GrpcClientProtocolClient.java:onNext(255)) - client-E42F58674560->3a39c983-6986-4da8-95c7-9482e2fa0f6f: receive RaftClientReply:client-E42F58674560->3a39c983-6986-4da8-95c7-9482e2fa0f6f@group-5E4216B2975C, cid=1399, SUCCESS, logIndex=1976, commits[3a39c983-6986-4da8-95c7-9482e2fa0f6f:c1976, 0f15f03e-3179-4fc8-ac54-a24fe3c72555:c1972, 11ea7e38-68de-49e0-a413-0aa394144289:c1972]
2019-07-09 08:42:01,704 INFO  client.GrpcClientProtocolClient (GrpcClientProtocolClient.java:onNext(255)) - client-E42F58674560->3a39c983-6986-4da8-95c7-9482e2fa0f6f: receive RaftClientReply:client-E42F58674560->3a39c983-6986-4da8-95c7-9482e2fa0f6f@group-5E4216B2975C, cid=1400, SUCCESS, logIndex=0, commits[3a39c983-6986-4da8-95c7-9482e2fa0f6f:c1979, 0f15f03e-3179-4fc8-ac54-a24fe3c72555:c1974, 11ea7e38-68de-49e0-a413-0aa394144289:c1975]
2019-07-09 08:42:01,757 INFO  client.GrpcClientProtocolClient (GrpcClientProtocolClient.java:onNext(255)) - client-E42F58674560->3a39c983-6986-4da8-95c7-9482e2fa0f6f: receive RaftClientReply:client-E42F58674560->3a39c983-6986-4da8-95c7-9482e2fa0f6f@group-5E4216B2975C, cid=1401, SUCCESS, logIndex=1981, commits[3a39c983-6986-4da8-95c7-9482e2fa0f6f:c1982, 0f15f03e-3179-4fc8-ac54-a24fe3c72555:c1980, 11ea7e38-68de-49e0-a413-0aa394144289:c1980]
2019-07-09 08:42:01,757 INFO  client.GrpcClientProtocolClient (GrpcClientProtocolClient.java:onNext(255)) - client-E42F58674560->3a39c983-6986-4da8-95c7-9482e2fa0f6f: receive RaftClientReply:client-E42F58674560->3a39c983-6986-4da8-95c7-9482e2fa0f6f@group-5E4216B2975C, cid=1402, SUCCESS, logIndex=1982, commits[3a39c983-6986-4da8-95c7-9482e2fa0f6f:c1982, 0f15f03e-3179-4fc8-ac54-a24fe3c72555:c1980, 11ea7e38-68de-49e0-a413-0aa394144289:c1980]
2019-07-09 08:42:01,785 INFO  client.GrpcClientProtocolClient (GrpcClientProtocolClient.java:onNext(255)) - client-E42F58674560->3a39c983-6986-4da8-95c7-9482e2fa0f6f: receive RaftClientReply:client-E42F58674560->3a39c983-6986-4da8-95c7-9482e2fa0f6f@group-5E4216B2975C, cid=1403, SUCCESS, logIndex=1985, commits[3a39c983-6986-4da8-95c7-9482e2fa0f6f:c1986, 0f15f03e-3179-4fc8-ac54-a24fe3c72555:c1982, 11ea7e38-68de-49e0-a413-0aa394144289:c1981]
2019-07-09 08:42:01,785 INFO  client.GrpcClientProtocolClient (GrpcClientProtocolClient.java:onNext(255)) - client-E42F58674560->3a39c983-6986-4da8-95c7-9482e2fa0f6f: receive RaftClientReply:client-E42F58674560->3a39c983-6986-4da8-95c7-9482e2fa0f6f@group-5E4216B2975C, cid=1404, SUCCESS, logIndex=1986, commits[3a39c983-6986-4da8-95c7-9482e2fa0f6f:c1986, 0f15f03e-3179-4fc8-ac54-a24fe3c72555:c1982, 11ea7e38-68de-49e0-a413-0aa394144289:c1982]
2019-07-09 08:42:01,799 INFO  client.GrpcClientProtocolClient (GrpcClientProtocolClient.java:onNext(255)) - client-E42F58674560->3a39c983-6986-4da8-95c7-9482e2fa0f6f: receive RaftClientReply:client-E42F58674560->3a39c983-6986-4da8-95c7-9482e2fa0f6f@group-5E4216B2975C, cid=1405, SUCCESS, logIndex=0, commits[3a39c983-6986-4da8-95c7-9482e2fa0f6f:c1988, 0f15f03e-3179-4fc8-ac54-a24fe3c72555:c1986, 11ea7e38-68de-49e0-a413-0aa394144289:c1986]
2019-07-09 08:42:01,833 INFO  client.GrpcClientProtocolClient (GrpcClientProtocolClient.java:onNext(255)) - client-E42F58674560->3a39c983-6986-4da8-95c7-9482e2fa0f6f: receive RaftClientReply:client-E42F58674560->3a39c983-6986-4da8-95c7-9482e2fa0f6f@group-5E4216B2975C, cid=1406, SUCCESS, logIndex=1989, commits[3a39c983-6986-4da8-95c7-9482e2fa0f6f:c1991, 0f15f03e-3179-4fc8-ac54-a24fe3c72555:c1988, 11ea7e38-68de-49e0-a413-0aa394144289:c1988]
2019-07-09 08:42:01,834 INFO  client.GrpcClientProtocolClient (GrpcClientProtocolClient.java:onNext(255)) - client-E42F58674560->3a39c983-6986-4da8-95c7-9482e2fa0f6f: receive RaftClientReply:client-E42F58674560->3a39c983-6986-4da8-95c7-9482e2fa0f6f@group-5E4216B2975C, cid=1407, SUCCESS, logIndex=1990, commits[3a39c983-6986-4da8-95c7-9482e2fa0f6f:c1992, 0f15f03e-3179-4fc8-ac54-a24fe3c72555:c1988, 11ea7e38-68de-49e0-a413-0aa394144289:c1988]
2019-07-09 08:42:01,834 INFO  client.GrpcClientProtocolClient (GrpcClientProtocolClient.java:onNext(255)) - client-E42F58674560->3a39c983-6986-4da8-95c7-9482e2fa0f6f: receive RaftClientReply:client-E42F58674560->3a39c983-6986-4da8-95c7-9482e2fa0f6f@group-5E4216B2975C, cid=1408, SUCCESS, logIndex=1991, commits[3a39c983-6986-4da8-95c7-9482e2fa0f6f:c1992, 0f15f03e-3179-4fc8-ac54-a24fe3c72555:c1988, 11ea7e38-68de-49e0-a413-0aa394144289:c1988]
2019-07-09 08:42:01,835 INFO  client.GrpcClientProtocolClient (GrpcClientProtocolClient.java:onNext(255)) - client-E42F58674560->3a39c983-6986-4da8-95c7-9482e2fa0f6f: receive RaftClientReply:client-E42F58674560->3a39c983-6986-4da8-95c7-9482e2fa0f6f@group-5E4216B2975C, cid=1409, SUCCESS, logIndex=1992, commits[3a39c983-6986-4da8-95c7-9482e2fa0f6f:c1992, 0f15f03e-3179-4fc8-ac54-a24fe3c72555:c1988, 11ea7e38-68de-49e0-a413-0aa394144289:c1988]
2019-07-09 08:42:01,843 INFO  client.GrpcClientProtocolClient (GrpcClientProtocolClient.java:onNext(255)) - client-E42F58674560->3a39c983-6986-4da8-95c7-9482e2fa0f6f: receive RaftClientReply:client-E42F58674560->3a39c983-6986-4da8-95c7-9482e2fa0f6f@group-5E4216B2975C, cid=1410, SUCCESS, logIndex=0, commits[3a39c983-6986-4da8-95c7-9482e2fa0f6f:c1994, 0f15f03e-3179-4fc8-ac54-a24fe3c72555:c1990, 11ea7e38-68de-49e0-a413-0aa394144289:c1990]
2019-07-09 08:42:01,857 INFO  client.GrpcClientProtocolClient (GrpcClientProtocolClient.java:onNext(255)) - client-E42F58674560->3a39c983-6986-4da8-95c7-9482e2fa0f6f: receive RaftClientReply:client-E42F58674560->3a39c983-6986-4da8-95c7-9482e2fa0f6f@group-5E4216B2975C, cid=1411, SUCCESS, logIndex=1997, commits[3a39c983-6986-4da8-95c7-9482e2fa0f6f:c1998, 0f15f03e-3179-4fc8-ac54-a24fe3c72555:c1996, 11ea7e38-68de-49e0-a413-0aa394144289:c1996]
2019-07-09 08:42:01,857 INFO  client.GrpcClientProtocolClient (GrpcClientProtocolClient.java:onNext(255)) - client-E42F58674560->3a39c983-6986-4da8-95c7-9482e2fa0f6f: receive RaftClientReply:client-E42F58674560->3a39c983-6986-4da8-95c7-9482e2fa0f6f@group-5E4216B2975C, cid=1412, SUCCESS, logIndex=1998, commits[3a39c983-6986-4da8-95c7-9482e2fa0f6f:c1998, 0f15f03e-3179-4fc8-ac54-a24fe3c72555:c1996, 11ea7e38-68de-49e0-a413-0aa394144289:c1996]
2019-07-09 08:42:01,871 INFO  client.GrpcClientProtocolClient (GrpcClientProtocolClient.java:onNext(255)) - client-E42F58674560->3a39c983-6986-4da8-95c7-9482e2fa0f6f: receive RaftClientReply:client-E42F58674560->3a39c983-6986-4da8-95c7-9482e2fa0f6f@group-5E4216B2975C, cid=1413, SUCCESS, logIndex=2001, commits[3a39c983-6986-4da8-95c7-9482e2fa0f6f:c2002, 0f15f03e-3179-4fc8-ac54-a24fe3c72555:c1998, 11ea7e38-68de-49e0-a413-0aa394144289:c1998]
2019-07-09 08:42:01,871 INFO  client.GrpcClientProtocolClient (GrpcClientProtocolClient.java:onNext(255)) - client-E42F58674560->3a39c983-6986-4da8-95c7-9482e2fa0f6f: receive RaftClientReply:client-E42F58674560->3a39c983-6986-4da8-95c7-9482e2fa0f6f@group-5E4216B2975C, cid=1414, SUCCESS, logIndex=2002, commits[3a39c983-6986-4da8-95c7-9482e2fa0f6f:c2002, 0f15f03e-3179-4fc8-ac54-a24fe3c72555:c1998, 11ea7e38-68de-49e0-a413-0aa394144289:c1998]
2019-07-09 08:42:01,882 INFO  client.GrpcClientProtocolClient (GrpcClientProtocolClient.java:onNext(255)) - client-E42F58674560->3a39c983-6986-4da8-95c7-9482e2fa0f6f: receive RaftClientReply:client-E42F58674560->3a39c983-6986-4da8-95c7-9482e2fa0f6f@group-5E4216B2975C, cid=1415, SUCCESS, logIndex=0, commits[3a39c983-6986-4da8-95c7-9482e2fa0f6f:c2003, 0f15f03e-3179-4fc8-ac54-a24fe3c72555:c2002, 11ea7e38-68de-49e0-a413-0aa394144289:c2002]
2019-07-09 08:42:01,915 INFO  client.GrpcClientProtocolClient (GrpcClientProtocolClient.java:onNext(255)) - client-E42F58674560->3a39c983-6986-4da8-95c7-9482e2fa0f6f: receive RaftClientReply:client-E42F58674560->3a39c983-6986-4da8-95c7-9482e2fa0f6f@group-5E4216B2975C, cid=1416, SUCCESS, logIndex=2005, commits[3a39c983-6986-4da8-95c7-9482e2fa0f6f:c2006, 0f15f03e-3179-4fc8-ac54-a24fe3c72555:c2004, 11ea7e38-68de-49e0-a413-0aa394144289:c2004]
2019-07-09 08:42:01,916 INFO  client.GrpcClientProtocolClient (GrpcClientProtocolClient.java:onNext(255)) - client-E42F58674560->3a39c983-6986-4da8-95c7-9482e2fa0f6f: receive RaftClientReply:client-E42F58674560->3a39c983-6986-4da8-95c7-9482e2fa0f6f@group-5E4216B2975C, cid=1417, SUCCESS, logIndex=2006, commits[3a39c983-6986-4da8-95c7-9482e2fa0f6f:c2006, 0f15f03e-3179-4fc8-ac54-a24fe3c72555:c2004, 11ea7e38-68de-49e0-a413-0aa394144289:c2004]
2019-07-09 08:42:01,916 INFO  client.GrpcClientProtocolClient (GrpcClientProtocolClient.java:onNext(255)) - client-E42F58674560->3a39c983-6986-4da8-95c7-9482e2fa0f6f: receive RaftClientReply:client-E42F58674560->3a39c983-6986-4da8-95c7-9482e2fa0f6f@group-5E4216B2975C, cid=1418, SUCCESS, logIndex=2007, commits[3a39c983-6986-4da8-95c7-9482e2fa0f6f:c2008, 0f15f03e-3179-4fc8-ac54-a24fe3c72555:c2004, 11ea7e38-68de-49e0-a413-0aa394144289:c2004]
2019-07-09 08:42:01,916 INFO  client.GrpcClientProtocolClient (GrpcClientProtocolClient.java:onNext(255)) - client-E42F58674560->3a39c983-6986-4da8-95c7-9482e2fa0f6f: receive RaftClientReply:client-E42F58674560->3a39c983-6986-4da8-95c7-9482e2fa0f6f@group-5E4216B2975C, cid=1419, SUCCESS, logIndex=2008, commits[3a39c983-6986-4da8-95c7-9482e2fa0f6f:c2008, 0f15f03e-3179-4fc8-ac54-a24fe3c72555:c2004, 11ea7e38-68de-49e0-a413-0aa394144289:c2004]
2019-07-09 08:42:01,929 INFO  client.GrpcClientProtocolClient (GrpcClientProtocolClient.java:onNext(255)) - client-E42F58674560->3a39c983-6986-4da8-95c7-9482e2fa0f6f: receive RaftClientReply:client-E42F58674560->3a39c983-6986-4da8-95c7-9482e2fa0f6f@group-5E4216B2975C, cid=1420, SUCCESS, logIndex=0, commits[3a39c983-6986-4da8-95c7-9482e2fa0f6f:c2010, 0f15f03e-3179-4fc8-ac54-a24fe3c72555:c2006, 11ea7e38-68de-49e0-a413-0aa394144289:c2006]
2019-07-09 08:42:01,943 INFO  client.GrpcClientProtocolClient (GrpcClientProtocolClient.java:onNext(255)) - client-E42F58674560->3a39c983-6986-4da8-95c7-9482e2fa0f6f: receive RaftClientReply:client-E42F58674560->3a39c983-6986-4da8-95c7-9482e2fa0f6f@group-5E4216B2975C, cid=1421, SUCCESS, logIndex=2013, commits[3a39c983-6986-4da8-95c7-9482e2fa0f6f:c2014, 0f15f03e-3179-4fc8-ac54-a24fe3c72555:c2012, 11ea7e38-68de-49e0-a413-0aa394144289:c2012]
2019-07-09 08:42:01,944 INFO  client.GrpcClientProtocolClient (GrpcClientProtocolClient.java:onNext(255)) - client-E42F58674560->3a39c983-6986-4da8-95c7-9482e2fa0f6f: receive RaftClientReply:client-E42F58674560->3a39c983-6986-4da8-95c7-9482e2fa0f6f@group-5E4216B2975C, cid=1422, SUCCESS, logIndex=2014, commits[3a39c983-6986-4da8-95c7-9482e2fa0f6f:c2014, 0f15f03e-3179-4fc8-ac54-a24fe3c72555:c2012, 11ea7e38-68de-49e0-a413-0aa394144289:c2012]
2019-07-09 08:42:01,958 INFO  client.GrpcClientProtocolClient (GrpcClientProtocolClient.java:onNext(255)) - client-E42F58674560->3a39c983-6986-4da8-95c7-9482e2fa0f6f: receive RaftClientReply:client-E42F58674560->3a39c983-6986-4da8-95c7-9482e2fa0f6f@group-5E4216B2975C, cid=1423, SUCCESS, logIndex=2017, commits[3a39c983-6986-4da8-95c7-9482e2fa0f6f:c2018, 0f15f03e-3179-4fc8-ac54-a24fe3c72555:c2014, 11ea7e38-68de-49e0-a413-0aa394144289:c2014]
2019-07-09 08:42:01,959 INFO  client.GrpcClientProtocolClient (GrpcClientProtocolClient.java:onNext(255)) - client-E42F58674560->3a39c983-6986-4da8-95c7-9482e2fa0f6f: receive RaftClientReply:client-E42F58674560->3a39c983-6986-4da8-95c7-9482e2fa0f6f@group-5E4216B2975C, cid=1424, SUCCESS, logIndex=2018, commits[3a39c983-6986-4da8-95c7-9482e2fa0f6f:c2018, 0f15f03e-3179-4fc8-ac54-a24fe3c72555:c2014, 11ea7e38-68de-49e0-a413-0aa394144289:c2014]
2019-07-09 08:42:01,976 INFO  client.GrpcClientProtocolClient (GrpcClientProtocolClient.java:onNext(255)) - client-E42F58674560->3a39c983-6986-4da8-95c7-9482e2fa0f6f: receive RaftClientReply:client-E42F58674560->3a39c983-6986-4da8-95c7-9482e2fa0f6f@group-5E4216B2975C, cid=1425, SUCCESS, logIndex=0, commits[3a39c983-6986-4da8-95c7-9482e2fa0f6f:c2020, 0f15f03e-3179-4fc8-ac54-a24fe3c72555:c2018, 11ea7e38-68de-49e0-a413-0aa394144289:c2018]
2019-07-09 08:42:02,003 INFO  client.GrpcClientProtocolClient (GrpcClientProtocolClient.java:onNext(255)) - client-E42F58674560->3a39c983-6986-4da8-95c7-9482e2fa0f6f: receive RaftClientReply:client-E42F58674560->3a39c983-6986-4da8-95c7-9482e2fa0f6f@group-5E4216B2975C, cid=1426, SUCCESS, logIndex=2021, commits[3a39c983-6986-4da8-95c7-9482e2fa0f6f:c2022, 0f15f03e-3179-4fc8-ac54-a24fe3c72555:c2020, 11ea7e38-68de-49e0-a413-0aa394144289:c2020]
2019-07-09 08:42:02,004 INFO  client.GrpcClientProtocolClient (GrpcClientProtocolClient.java:onNext(255)) - client-E42F58674560->3a39c983-6986-4da8-95c7-9482e2fa0f6f: receive RaftClientReply:client-E42F58674560->3a39c983-6986-4da8-95c7-9482e2fa0f6f@group-5E4216B2975C, cid=1427, SUCCESS, logIndex=2022, commits[3a39c983-6986-4da8-95c7-9482e2fa0f6f:c2023, 0f15f03e-3179-4fc8-ac54-a24fe3c72555:c2020, 11ea7e38-68de-49e0-a413-0aa394144289:c2020]
2019-07-09 08:42:02,004 INFO  client.GrpcClientProtocolClient (GrpcClientProtocolClient.java:onNext(255)) - client-E42F58674560->3a39c983-6986-4da8-95c7-9482e2fa0f6f: receive RaftClientReply:client-E42F58674560->3a39c983-6986-4da8-95c7-9482e2fa0f6f@group-5E4216B2975C, cid=1428, SUCCESS, logIndex=2023, commits[3a39c983-6986-4da8-95c7-9482e2fa0f6f:c2024, 0f15f03e-3179-4fc8-ac54-a24fe3c72555:c2020, 11ea7e38-68de-49e0-a413-0aa394144289:c2020]
2019-07-09 08:42:02,005 INFO  client.GrpcClientProtocolClient (GrpcClientProtocolClient.java:onNext(255)) - client-E42F58674560->3a39c983-6986-4da8-95c7-9482e2fa0f6f: receive RaftClientReply:client-E42F58674560->3a39c983-6986-4da8-95c7-9482e2fa0f6f@group-5E4216B2975C, cid=1429, SUCCESS, logIndex=2024, commits[3a39c983-6986-4da8-95c7-9482e2fa0f6f:c2026, 0f15f03e-3179-4fc8-ac54-a24fe3c72555:c2022, 11ea7e38-68de-49e0-a413-0aa394144289:c2020]
2019-07-09 08:42:02,007 INFO  client.GrpcClientProtocolClient (GrpcClientProtocolClient.java:onNext(255)) - client-E42F58674560->3a39c983-6986-4da8-95c7-9482e2fa0f6f: receive RaftClientReply:client-E42F58674560->3a39c983-6986-4da8-95c7-9482e2fa0f6f@group-5E4216B2975C, cid=1430, SUCCESS, logIndex=0, commits[3a39c983-6986-4da8-95c7-9482e2fa0f6f:c2026, 0f15f03e-3179-4fc8-ac54-a24fe3c72555:c2024, 11ea7e38-68de-49e0-a413-0aa394144289:c2022]
2019-07-09 08:42:02,019 INFO  client.GrpcClientProtocolClient (GrpcClientProtocolClient.java:onNext(255)) - client-E42F58674560->3a39c983-6986-4da8-95c7-9482e2fa0f6f: receive RaftClientReply:client-E42F58674560->3a39c983-6986-4da8-95c7-9482e2fa0f6f@group-5E4216B2975C, cid=1431, SUCCESS, logIndex=2029, commits[3a39c983-6986-4da8-95c7-9482e2fa0f6f:c2030, 0f15f03e-3179-4fc8-ac54-a24fe3c72555:c2026, 11ea7e38-68de-49e0-a413-0aa394144289:c2023]
2019-07-09 08:42:02,019 INFO  client.GrpcClientProtocolClient (GrpcClientProtocolClient.java:onNext(255)) - client-E42F58674560->3a39c983-6986-4da8-95c7-9482e2fa0f6f: receive RaftClientReply:client-E42F58674560->3a39c983-6986-4da8-95c7-9482e2fa0f6f@group-5E4216B2975C, cid=1432, SUCCESS, logIndex=2030, commits[3a39c983-6986-4da8-95c7-9482e2fa0f6f:c2030, 0f15f03e-3179-4fc8-ac54-a24fe3c72555:c2026, 11ea7e38-68de-49e0-a413-0aa394144289:c2024]
2019-07-09 08:42:02,036 INFO  client.GrpcClientProtocolClient (GrpcClientProtocolClient.java:onNext(255)) - client-E42F58674560->3a39c983-6986-4da8-95c7-9482e2fa0f6f: receive RaftClientReply:client-E42F58674560->3a39c983-6986-4da8-95c7-9482e2fa0f6f@group-5E4216B2975C, cid=1433, SUCCESS, logIndex=2033, commits[3a39c983-6986-4da8-95c7-9482e2fa0f6f:c2034, 0f15f03e-3179-4fc8-ac54-a24fe3c72555:c2030, 11ea7e38-68de-49e0-a413-0aa394144289:c2031]
2019-07-09 08:42:02,036 INFO  client.GrpcClientProtocolClient (GrpcClientProtocolClient.java:onNext(255)) - client-E42F58674560->3a39c983-6986-4da8-95c7-9482e2fa0f6f: receive RaftClientReply:client-E42F58674560->3a39c983-6986-4da8-95c7-9482e2fa0f6f@group-5E4216B2975C, cid=1434, SUCCESS, logIndex=2034, commits[3a39c983-6986-4da8-95c7-9482e2fa0f6f:c2034, 0f15f03e-3179-4fc8-ac54-a24fe3c72555:c2031, 11ea7e38-68de-49e0-a413-0aa394144289:c2031]
2019-07-09 08:42:02,047 INFO  client.GrpcClientProtocolClient (GrpcClientProtocolClient.java:onNext(255)) - client-E42F58674560->3a39c983-6986-4da8-95c7-9482e2fa0f6f: receive RaftClientReply:client-E42F58674560->3a39c983-6986-4da8-95c7-9482e2fa0f6f@group-5E4216B2975C, cid=1435, SUCCESS, logIndex=0, commits[3a39c983-6986-4da8-95c7-9482e2fa0f6f:c2035, 0f15f03e-3179-4fc8-ac54-a24fe3c72555:c2034, 11ea7e38-68de-49e0-a413-0aa394144289:c2034]
2019-07-09 08:42:02,071 INFO  client.GrpcClientProtocolClient (GrpcClientProtocolClient.java:onNext(255)) - client-E42F58674560->3a39c983-6986-4da8-95c7-9482e2fa0f6f: receive RaftClientReply:client-E42F58674560->3a39c983-6986-4da8-95c7-9482e2fa0f6f@group-5E4216B2975C, cid=1436, SUCCESS, logIndex=2036, commits[3a39c983-6986-4da8-95c7-9482e2fa0f6f:c2038, 0f15f03e-3179-4fc8-ac54-a24fe3c72555:c2035, 11ea7e38-68de-49e0-a413-0aa394144289:c2035]
2019-07-09 08:42:02,071 INFO  client.GrpcClientProtocolClient (GrpcClientProtocolClient.java:onNext(255)) - client-E42F58674560->3a39c983-6986-4da8-95c7-9482e2fa0f6f: receive RaftClientReply:client-E42F58674560->3a39c983-6986-4da8-95c7-9482e2fa0f6f@group-5E4216B2975C, cid=1437, SUCCESS, logIndex=2037, commits[3a39c983-6986-4da8-95c7-9482e2fa0f6f:c2038, 0f15f03e-3179-4fc8-ac54-a24fe3c72555:c2035, 11ea7e38-68de-49e0-a413-0aa394144289:c2035]
2019-07-09 08:42:02,072 INFO  client.GrpcClientProtocolClient (GrpcClientProtocolClient.java:onNext(255)) - client-E42F58674560->3a39c983-6986-4da8-95c7-9482e2fa0f6f: receive RaftClientReply:client-E42F58674560->3a39c983-6986-4da8-95c7-9482e2fa0f6f@group-5E4216B2975C, cid=1438, SUCCESS, logIndex=2038, commits[3a39c983-6986-4da8-95c7-9482e2fa0f6f:c2039, 0f15f03e-3179-4fc8-ac54-a24fe3c72555:c2035, 11ea7e38-68de-49e0-a413-0aa394144289:c2035]
2019-07-09 08:42:02,072 INFO  client.GrpcClientProtocolClient (GrpcClientProtocolClient.java:onNext(255)) - client-E42F58674560->3a39c983-6986-4da8-95c7-9482e2fa0f6f: receive RaftClientReply:client-E42F58674560->3a39c983-6986-4da8-95c7-9482e2fa0f6f@group-5E4216B2975C, cid=1439, SUCCESS, logIndex=2039, commits[3a39c983-6986-4da8-95c7-9482e2fa0f6f:c2039, 0f15f03e-3179-4fc8-ac54-a24fe3c72555:c2035, 11ea7e38-68de-49e0-a413-0aa394144289:c2035]
2019-07-09 08:42:02,084 INFO  client.GrpcClientProtocolClient (GrpcClientProtocolClient.java:onNext(255)) - client-E42F58674560->3a39c983-6986-4da8-95c7-9482e2fa0f6f: receive RaftClientReply:client-E42F58674560->3a39c983-6986-4da8-95c7-9482e2fa0f6f@group-5E4216B2975C, cid=1440, SUCCESS, logIndex=0, commits[3a39c983-6986-4da8-95c7-9482e2fa0f6f:c2043, 0f15f03e-3179-4fc8-ac54-a24fe3c72555:c2039, 11ea7e38-68de-49e0-a413-0aa394144289:c2037]
2019-07-09 08:42:02,103 INFO  client.GrpcClientProtocolClient (GrpcClientProtocolClient.java:onNext(255)) - client-E42F58674560->3a39c983-6986-4da8-95c7-9482e2fa0f6f: receive RaftClientReply:client-E42F58674560->3a39c983-6986-4da8-95c7-9482e2fa0f6f@group-5E4216B2975C, cid=1441, SUCCESS, logIndex=2044, commits[3a39c983-6986-4da8-95c7-9482e2fa0f6f:c2045, 0f15f03e-3179-4fc8-ac54-a24fe3c72555:c2043, 11ea7e38-68de-49e0-a413-0aa394144289:c2043]
2019-07-09 08:42:02,104 INFO  client.GrpcClientProtocolClient (GrpcClientProtocolClient.java:onNext(255)) - client-E42F58674560->3a39c983-6986-4da8-95c7-9482e2fa0f6f: receive RaftClientReply:client-E42F58674560->3a39c983-6986-4da8-95c7-9482e2fa0f6f@group-5E4216B2975C, cid=1442, SUCCESS, logIndex=2045, commits[3a39c983-6986-4da8-95c7-9482e2fa0f6f:c2045, 0f15f03e-3179-4fc8-ac54-a24fe3c72555:c2043, 11ea7e38-68de-49e0-a413-0aa394144289:c2043]
2019-07-09 08:42:02,129 INFO  client.GrpcClientProtocolClient (GrpcClientProtocolClient.java:onNext(255)) - client-E42F58674560->3a39c983-6986-4da8-95c7-9482e2fa0f6f: receive RaftClientReply:client-E42F58674560->3a39c983-6986-4da8-95c7-9482e2fa0f6f@group-5E4216B2975C, cid=1443, SUCCESS, logIndex=2048, commits[3a39c983-6986-4da8-95c7-9482e2fa0f6f:c2048, 0f15f03e-3179-4fc8-ac54-a24fe3c72555:c2044, 11ea7e38-68de-49e0-a413-0aa394144289:c2045]
2019-07-09 08:42:02,129 INFO  client.GrpcClientProtocolClient (GrpcClientProtocolClient.java:onNext(255)) - client-E42F58674560->3a39c983-6986-4da8-95c7-9482e2fa0f6f: receive RaftClientReply:client-E42F58674560->3a39c983-6986-4da8-95c7-9482e2fa0f6f@group-5E4216B2975C, cid=1444, SUCCESS, logIndex=2049, commits[3a39c983-6986-4da8-95c7-9482e2fa0f6f:c2049, 0f15f03e-3179-4fc8-ac54-a24fe3c72555:c2045, 11ea7e38-68de-49e0-a413-0aa394144289:c2045]
2019-07-09 08:42:02,143 INFO  client.GrpcClientProtocolClient (GrpcClientProtocolClient.java:onNext(255)) - client-E42F58674560->3a39c983-6986-4da8-95c7-9482e2fa0f6f: receive RaftClientReply:client-E42F58674560->3a39c983-6986-4da8-95c7-9482e2fa0f6f@group-5E4216B2975C, cid=1445, SUCCESS, logIndex=0, commits[3a39c983-6986-4da8-95c7-9482e2fa0f6f:c2051, 0f15f03e-3179-4fc8-ac54-a24fe3c72555:c2049, 11ea7e38-68de-49e0-a413-0aa394144289:c2049]
2019-07-09 08:42:02,174 INFO  client.GrpcClientProtocolClient (GrpcClientProtocolClient.java:onNext(255)) - client-E42F58674560->3a39c983-6986-4da8-95c7-9482e2fa0f6f: receive RaftClientReply:client-E42F58674560->3a39c983-6986-4da8-95c7-9482e2fa0f6f@group-5E4216B2975C, cid=1446, SUCCESS, logIndex=2052, commits[3a39c983-6986-4da8-95c7-9482e2fa0f6f:c2053, 0f15f03e-3179-4fc8-ac54-a24fe3c72555:c2051, 11ea7e38-68de-49e0-a413-0aa394144289:c2051]
2019-07-09 08:42:02,175 INFO  client.GrpcClientProtocolClient (GrpcClientProtocolClient.java:onNext(255)) - client-E42F58674560->3a39c983-6986-4da8-95c7-9482e2fa0f6f: receive RaftClientReply:client-E42F58674560->3a39c983-6986-4da8-95c7-9482e2fa0f6f@group-5E4216B2975C, cid=1447, SUCCESS, logIndex=2053, commits[3a39c983-6986-4da8-95c7-9482e2fa0f6f:c2053, 0f15f03e-3179-4fc8-ac54-a24fe3c72555:c2051, 11ea7e38-68de-49e0-a413-0aa394144289:c2051]
2019-07-09 08:42:02,175 INFO  client.GrpcClientProtocolClient (GrpcClientProtocolClient.java:onNext(255)) - client-E42F58674560->3a39c983-6986-4da8-95c7-9482e2fa0f6f: receive RaftClientReply:client-E42F58674560->3a39c983-6986-4da8-95c7-9482e2fa0f6f@group-5E4216B2975C, cid=1448, SUCCESS, logIndex=2054, commits[3a39c983-6986-4da8-95c7-9482e2fa0f6f:c2055, 0f15f03e-3179-4fc8-ac54-a24fe3c72555:c2051, 11ea7e38-68de-49e0-a413-0aa394144289:c2051]
2019-07-09 08:42:02,175 INFO  client.GrpcClientProtocolClient (GrpcClientProtocolClient.java:onNext(255)) - client-E42F58674560->3a39c983-6986-4da8-95c7-9482e2fa0f6f: receive RaftClientReply:client-E42F58674560->3a39c983-6986-4da8-95c7-9482e2fa0f6f@group-5E4216B2975C, cid=1449, SUCCESS, logIndex=2055, commits[3a39c983-6986-4da8-95c7-9482e2fa0f6f:c2055, 0f15f03e-3179-4fc8-ac54-a24fe3c72555:c2051, 11ea7e38-68de-49e0-a413-0aa394144289:c2051]
2019-07-09 08:42:02,189 INFO  client.GrpcClientProtocolClient (GrpcClientProtocolClient.java:onNext(255)) - client-E42F58674560->3a39c983-6986-4da8-95c7-9482e2fa0f6f: receive RaftClientReply:client-E42F58674560->3a39c983-6986-4da8-95c7-9482e2fa0f6f@group-5E4216B2975C, cid=1450, SUCCESS, logIndex=0, commits[3a39c983-6986-4da8-95c7-9482e2fa0f6f:c2057, 0f15f03e-3179-4fc8-ac54-a24fe3c72555:c2053, 11ea7e38-68de-49e0-a413-0aa394144289:c2053]
2019-07-09 08:42:02,210 INFO  client.GrpcClientProtocolClient (GrpcClientProtocolClient.java:onNext(255)) - client-E42F58674560->3a39c983-6986-4da8-95c7-9482e2fa0f6f: receive RaftClientReply:client-E42F58674560->3a39c983-6986-4da8-95c7-9482e2fa0f6f@group-5E4216B2975C, cid=1451, SUCCESS, logIndex=2060, commits[3a39c983-6986-4da8-95c7-9482e2fa0f6f:c2061, 0f15f03e-3179-4fc8-ac54-a24fe3c72555:c2059, 11ea7e38-68de-49e0-a413-0aa394144289:c2059]
2019-07-09 08:42:02,210 INFO  client.GrpcClientProtocolClient (GrpcClientProtocolClient.java:onNext(255)) - client-E42F58674560->3a39c983-6986-4da8-95c7-9482e2fa0f6f: receive RaftClientReply:client-E42F58674560->3a39c983-6986-4da8-95c7-9482e2fa0f6f@group-5E4216B2975C, cid=1452, SUCCESS, logIndex=2061, commits[3a39c983-6986-4da8-95c7-9482e2fa0f6f:c2061, 0f15f03e-3179-4fc8-ac54-a24fe3c72555:c2059, 11ea7e38-68de-49e0-a413-0aa394144289:c2059]
2019-07-09 08:42:02,226 INFO  client.GrpcClientProtocolClient (GrpcClientProtocolClient.java:onNext(255)) - client-E42F58674560->3a39c983-6986-4da8-95c7-9482e2fa0f6f: receive RaftClientReply:client-E42F58674560->3a39c983-6986-4da8-95c7-9482e2fa0f6f@group-5E4216B2975C, cid=1453, SUCCESS, logIndex=2064, commits[3a39c983-6986-4da8-95c7-9482e2fa0f6f:c2064, 0f15f03e-3179-4fc8-ac54-a24fe3c72555:c2061, 11ea7e38-68de-49e0-a413-0aa394144289:c2061]
2019-07-09 08:42:02,226 INFO  client.GrpcClientProtocolClient (GrpcClientProtocolClient.java:onNext(255)) - client-E42F58674560->3a39c983-6986-4da8-95c7-9482e2fa0f6f: receive RaftClientReply:client-E42F58674560->3a39c983-6986-4da8-95c7-9482e2fa0f6f@group-5E4216B2975C, cid=1454, SUCCESS, logIndex=2065, commits[3a39c983-6986-4da8-95c7-9482e2fa0f6f:c2065, 0f15f03e-3179-4fc8-ac54-a24fe3c72555:c2061, 11ea7e38-68de-49e0-a413-0aa394144289:c2061]
2019-07-09 08:42:02,250 INFO  client.GrpcClientProtocolClient (GrpcClientProtocolClient.java:onNext(255)) - client-E42F58674560->3a39c983-6986-4da8-95c7-9482e2fa0f6f: receive RaftClientReply:client-E42F58674560->3a39c983-6986-4da8-95c7-9482e2fa0f6f@group-5E4216B2975C, cid=1455, SUCCESS, logIndex=0, commits[3a39c983-6986-4da8-95c7-9482e2fa0f6f:c2067, 0f15f03e-3179-4fc8-ac54-a24fe3c72555:c2065, 11ea7e38-68de-49e0-a413-0aa394144289:c2065]
2019-07-09 08:42:02,369 INFO  client.GrpcClientProtocolClient (GrpcClientProtocolClient.java:onNext(255)) - client-E42F58674560->3a39c983-6986-4da8-95c7-9482e2fa0f6f: receive RaftClientReply:client-E42F58674560->3a39c983-6986-4da8-95c7-9482e2fa0f6f@group-5E4216B2975C, cid=1456, SUCCESS, logIndex=2068, commits[3a39c983-6986-4da8-95c7-9482e2fa0f6f:c2070, 0f15f03e-3179-4fc8-ac54-a24fe3c72555:c2067, 11ea7e38-68de-49e0-a413-0aa394144289:c2067]
2019-07-09 08:42:02,370 INFO  client.GrpcClientProtocolClient (GrpcClientProtocolClient.java:onNext(255)) - client-E42F58674560->3a39c983-6986-4da8-95c7-9482e2fa0f6f: receive RaftClientReply:client-E42F58674560->3a39c983-6986-4da8-95c7-9482e2fa0f6f@group-5E4216B2975C, cid=1457, SUCCESS, logIndex=2069, commits[3a39c983-6986-4da8-95c7-9482e2fa0f6f:c2071, 0f15f03e-3179-4fc8-ac54-a24fe3c72555:c2067, 11ea7e38-68de-49e0-a413-0aa394144289:c2067]
2019-07-09 08:42:02,370 INFO  client.GrpcClientProtocolClient (GrpcClientProtocolClient.java:onNext(255)) - client-E42F58674560->3a39c983-6986-4da8-95c7-9482e2fa0f6f: receive RaftClientReply:client-E42F58674560->3a39c983-6986-4da8-95c7-9482e2fa0f6f@group-5E4216B2975C, cid=1458, SUCCESS, logIndex=2070, commits[3a39c983-6986-4da8-95c7-9482e2fa0f6f:c2071, 0f15f03e-3179-4fc8-ac54-a24fe3c72555:c2067, 11ea7e38-68de-49e0-a413-0aa394144289:c2067]
2019-07-09 08:42:02,370 INFO  client.GrpcClientProtocolClient (GrpcClientProtocolClient.java:onNext(255)) - client-E42F58674560->3a39c983-6986-4da8-95c7-9482e2fa0f6f: receive RaftClientReply:client-E42F58674560->3a39c983-6986-4da8-95c7-9482e2fa0f6f@group-5E4216B2975C, cid=1459, SUCCESS, logIndex=2071, commits[3a39c983-6986-4da8-95c7-9482e2fa0f6f:c2071, 0f15f03e-3179-4fc8-ac54-a24fe3c72555:c2067, 11ea7e38-68de-49e0-a413-0aa394144289:c2067]
2019-07-09 08:42:02,384 INFO  client.GrpcClientProtocolClient (GrpcClientProtocolClient.java:onNext(255)) - client-E42F58674560->3a39c983-6986-4da8-95c7-9482e2fa0f6f: receive RaftClientReply:client-E42F58674560->3a39c983-6986-4da8-95c7-9482e2fa0f6f@group-5E4216B2975C, cid=1460, SUCCESS, logIndex=0, commits[3a39c983-6986-4da8-95c7-9482e2fa0f6f:c2074, 0f15f03e-3179-4fc8-ac54-a24fe3c72555:c2070, 11ea7e38-68de-49e0-a413-0aa394144289:c2071]
2019-07-09 08:42:02,405 INFO  client.GrpcClientProtocolClient (GrpcClientProtocolClient.java:onNext(255)) - client-E42F58674560->3a39c983-6986-4da8-95c7-9482e2fa0f6f: receive RaftClientReply:client-E42F58674560->3a39c983-6986-4da8-95c7-9482e2fa0f6f@group-5E4216B2975C, cid=1461, SUCCESS, logIndex=2076, commits[3a39c983-6986-4da8-95c7-9482e2fa0f6f:c2077, 0f15f03e-3179-4fc8-ac54-a24fe3c72555:c2075, 11ea7e38-68de-49e0-a413-0aa394144289:c2075]
2019-07-09 08:42:02,406 INFO  client.GrpcClientProtocolClient (GrpcClientProtocolClient.java:onNext(255)) - client-E42F58674560->3a39c983-6986-4da8-95c7-9482e2fa0f6f: receive RaftClientReply:client-E42F58674560->3a39c983-6986-4da8-95c7-9482e2fa0f6f@group-5E4216B2975C, cid=1462, SUCCESS, logIndex=2077, commits[3a39c983-6986-4da8-95c7-9482e2fa0f6f:c2077, 0f15f03e-3179-4fc8-ac54-a24fe3c72555:c2075, 11ea7e38-68de-49e0-a413-0aa394144289:c2075]
2019-07-09 08:42:02,420 INFO  client.GrpcClientProtocolClient (GrpcClientProtocolClient.java:onNext(255)) - client-E42F58674560->3a39c983-6986-4da8-95c7-9482e2fa0f6f: receive RaftClientReply:client-E42F58674560->3a39c983-6986-4da8-95c7-9482e2fa0f6f@group-5E4216B2975C, cid=1463, SUCCESS, logIndex=2080, commits[3a39c983-6986-4da8-95c7-9482e2fa0f6f:c2081, 0f15f03e-3179-4fc8-ac54-a24fe3c72555:c2077, 11ea7e38-68de-49e0-a413-0aa394144289:c2077]
2019-07-09 08:42:02,421 INFO  client.GrpcClientProtocolClient (GrpcClientProtocolClient.java:onNext(255)) - client-E42F58674560->3a39c983-6986-4da8-95c7-9482e2fa0f6f: receive RaftClientReply:client-E42F58674560->3a39c983-6986-4da8-95c7-9482e2fa0f6f@group-5E4216B2975C, cid=1464, SUCCESS, logIndex=2081, commits[3a39c983-6986-4da8-95c7-9482e2fa0f6f:c2081, 0f15f03e-3179-4fc8-ac54-a24fe3c72555:c2077, 11ea7e38-68de-49e0-a413-0aa394144289:c2077]
2019-07-09 08:42:02,435 INFO  client.GrpcClientProtocolClient (GrpcClientProtocolClient.java:onNext(255)) - client-E42F58674560->3a39c983-6986-4da8-95c7-9482e2fa0f6f: receive RaftClientReply:client-E42F58674560->3a39c983-6986-4da8-95c7-9482e2fa0f6f@group-5E4216B2975C, cid=1465, SUCCESS, logIndex=0, commits[3a39c983-6986-4da8-95c7-9482e2fa0f6f:c2081, 0f15f03e-3179-4fc8-ac54-a24fe3c72555:c2081, 11ea7e38-68de-49e0-a413-0aa394144289:c2081]
2019-07-09 08:42:02,463 INFO  client.GrpcClientProtocolClient (GrpcClientProtocolClient.java:onNext(255)) - client-E42F58674560->3a39c983-6986-4da8-95c7-9482e2fa0f6f: receive RaftClientReply:client-E42F58674560->3a39c983-6986-4da8-95c7-9482e2fa0f6f@group-5E4216B2975C, cid=1466, SUCCESS, logIndex=2084, commits[3a39c983-6986-4da8-95c7-9482e2fa0f6f:c2085, 0f15f03e-3179-4fc8-ac54-a24fe3c72555:c2083, 11ea7e38-68de-49e0-a413-0aa394144289:c2083]
2019-07-09 08:42:02,464 INFO  client.GrpcClientProtocolClient (GrpcClientProtocolClient.java:onNext(255)) - client-E42F58674560->3a39c983-6986-4da8-95c7-9482e2fa0f6f: receive RaftClientReply:client-E42F58674560->3a39c983-6986-4da8-95c7-9482e2fa0f6f@group-5E4216B2975C, cid=1467, SUCCESS, logIndex=2085, commits[3a39c983-6986-4da8-95c7-9482e2fa0f6f:c2087, 0f15f03e-3179-4fc8-ac54-a24fe3c72555:c2083, 11ea7e38-68de-49e0-a413-0aa394144289:c2083]
2019-07-09 08:42:02,464 INFO  client.GrpcClientProtocolClient (GrpcClientProtocolClient.java:onNext(255)) - client-E42F58674560->3a39c983-6986-4da8-95c7-9482e2fa0f6f: receive RaftClientReply:client-E42F58674560->3a39c983-6986-4da8-95c7-9482e2fa0f6f@group-5E4216B2975C, cid=1468, SUCCESS, logIndex=2086, commits[3a39c983-6986-4da8-95c7-9482e2fa0f6f:c2087, 0f15f03e-3179-4fc8-ac54-a24fe3c72555:c2083, 11ea7e38-68de-49e0-a413-0aa394144289:c2083]
2019-07-09 08:42:02,464 INFO  client.GrpcClientProtocolClient (GrpcClientProtocolClient.java:onNext(255)) - client-E42F58674560->3a39c983-6986-4da8-95c7-9482e2fa0f6f: receive RaftClientReply:client-E42F58674560->3a39c983-6986-4da8-95c7-9482e2fa0f6f@group-5E4216B2975C, cid=1469, SUCCESS, logIndex=2087, commits[3a39c983-6986-4da8-95c7-9482e2fa0f6f:c2087, 0f15f03e-3179-4fc8-ac54-a24fe3c72555:c2083, 11ea7e38-68de-49e0-a413-0aa394144289:c2083]
2019-07-09 08:42:02,477 INFO  client.GrpcClientProtocolClient (GrpcClientProtocolClient.java:onNext(255)) - client-E42F58674560->3a39c983-6986-4da8-95c7-9482e2fa0f6f: receive RaftClientReply:client-E42F58674560->3a39c983-6986-4da8-95c7-9482e2fa0f6f@group-5E4216B2975C, cid=1470, SUCCESS, logIndex=0, commits[3a39c983-6986-4da8-95c7-9482e2fa0f6f:c2089, 0f15f03e-3179-4fc8-ac54-a24fe3c72555:c2085, 11ea7e38-68de-49e0-a413-0aa394144289:c2085]
2019-07-09 08:42:02,497 INFO  client.GrpcClientProtocolClient (GrpcClientProtocolClient.java:onNext(255)) - client-E42F58674560->3a39c983-6986-4da8-95c7-9482e2fa0f6f: receive RaftClientReply:client-E42F58674560->3a39c983-6986-4da8-95c7-9482e2fa0f6f@group-5E4216B2975C, cid=1471, SUCCESS, logIndex=2092, commits[3a39c983-6986-4da8-95c7-9482e2fa0f6f:c2093, 0f15f03e-3179-4fc8-ac54-a24fe3c72555:c2091, 11ea7e38-68de-49e0-a413-0aa394144289:c2091]
2019-07-09 08:42:02,497 INFO  client.GrpcClientProtocolClient (GrpcClientProtocolClient.java:onNext(255)) - client-E42F58674560->3a39c983-6986-4da8-95c7-9482e2fa0f6f: receive RaftClientReply:client-E42F58674560->3a39c983-6986-4da8-95c7-9482e2fa0f6f@group-5E4216B2975C, cid=1472, SUCCESS, logIndex=2093, commits[3a39c983-6986-4da8-95c7-9482e2fa0f6f:c2093, 0f15f03e-3179-4fc8-ac54-a24fe3c72555:c2091, 11ea7e38-68de-49e0-a413-0aa394144289:c2091]
2019-07-09 08:42:02,512 INFO  client.GrpcClientProtocolClient (GrpcClientProtocolClient.java:onNext(255)) - client-E42F58674560->3a39c983-6986-4da8-95c7-9482e2fa0f6f: receive RaftClientReply:client-E42F58674560->3a39c983-6986-4da8-95c7-9482e2fa0f6f@group-5E4216B2975C, cid=1473, SUCCESS, logIndex=2096, commits[3a39c983-6986-4da8-95c7-9482e2fa0f6f:c2097, 0f15f03e-3179-4fc8-ac54-a24fe3c72555:c2093, 11ea7e38-68de-49e0-a413-0aa394144289:c2093]
2019-07-09 08:42:02,512 INFO  client.GrpcClientProtocolClient (GrpcClientProtocolClient.java:onNext(255)) - client-E42F58674560->3a39c983-6986-4da8-95c7-9482e2fa0f6f: receive RaftClientReply:client-E42F58674560->3a39c983-6986-4da8-95c7-9482e2fa0f6f@group-5E4216B2975C, cid=1474, SUCCESS, logIndex=2097, commits[3a39c983-6986-4da8-95c7-9482e2fa0f6f:c2097, 0f15f03e-3179-4fc8-ac54-a24fe3c72555:c2093, 11ea7e38-68de-49e0-a413-0aa394144289:c2093]
2019-07-09 08:42:02,532 INFO  client.GrpcClientProtocolClient (GrpcClientProtocolClient.java:onNext(255)) - client-E42F58674560->3a39c983-6986-4da8-95c7-9482e2fa0f6f: receive RaftClientReply:client-E42F58674560->3a39c983-6986-4da8-95c7-9482e2fa0f6f@group-5E4216B2975C, cid=1475, SUCCESS, logIndex=0, commits[3a39c983-6986-4da8-95c7-9482e2fa0f6f:c2098, 0f15f03e-3179-4fc8-ac54-a24fe3c72555:c2097, 11ea7e38-68de-49e0-a413-0aa394144289:c2097]
2019-07-09 08:42:02,562 INFO  client.GrpcClientProtocolClient (GrpcClientProtocolClient.java:onNext(255)) - client-E42F58674560->3a39c983-6986-4da8-95c7-9482e2fa0f6f: receive RaftClientReply:client-E42F58674560->3a39c983-6986-4da8-95c7-9482e2fa0f6f@group-5E4216B2975C, cid=1476, SUCCESS, logIndex=2100, commits[3a39c983-6986-4da8-95c7-9482e2fa0f6f:c2102, 0f15f03e-3179-4fc8-ac54-a24fe3c72555:c2099, 11ea7e38-68de-49e0-a413-0aa394144289:c2099]
2019-07-09 08:42:02,562 INFO  client.GrpcClientProtocolClient (GrpcClientProtocolClient.java:onNext(255)) - client-E42F58674560->3a39c983-6986-4da8-95c7-9482e2fa0f6f: receive RaftClientReply:client-E42F58674560->3a39c983-6986-4da8-95c7-9482e2fa0f6f@group-5E4216B2975C, cid=1477, SUCCESS, logIndex=2101, commits[3a39c983-6986-4da8-95c7-9482e2fa0f6f:c2103, 0f15f03e-3179-4fc8-ac54-a24fe3c72555:c2099, 11ea7e38-68de-49e0-a413-0aa394144289:c2099]
2019-07-09 08:42:02,563 INFO  client.GrpcClientProtocolClient (GrpcClientProtocolClient.java:onNext(255)) - client-E42F58674560->3a39c983-6986-4da8-95c7-9482e2fa0f6f: receive RaftClientReply:client-E42F58674560->3a39c983-6986-4da8-95c7-9482e2fa0f6f@group-5E4216B2975C, cid=1478, SUCCESS, logIndex=2102, commits[3a39c983-6986-4da8-95c7-9482e2fa0f6f:c2103, 0f15f03e-3179-4fc8-ac54-a24fe3c72555:c2099, 11ea7e38-68de-49e0-a413-0aa394144289:c2099]
2019-07-09 08:42:02,563 INFO  client.GrpcClientProtocolClient (GrpcClientProtocolClient.java:onNext(255)) - client-E42F58674560->3a39c983-6986-4da8-95c7-9482e2fa0f6f: receive RaftClientReply:client-E42F58674560->3a39c983-6986-4da8-95c7-9482e2fa0f6f@group-5E4216B2975C, cid=1479, SUCCESS, logIndex=2103, commits[3a39c983-6986-4da8-95c7-9482e2fa0f6f:c2103, 0f15f03e-3179-4fc8-ac54-a24fe3c72555:c2099, 11ea7e38-68de-49e0-a413-0aa394144289:c2099]
2019-07-09 08:42:02,574 INFO  client.GrpcClientProtocolClient (GrpcClientProtocolClient.java:onNext(255)) - client-E42F58674560->3a39c983-6986-4da8-95c7-9482e2fa0f6f: receive RaftClientReply:client-E42F58674560->3a39c983-6986-4da8-95c7-9482e2fa0f6f@group-5E4216B2975C, cid=1480, SUCCESS, logIndex=0, commits[3a39c983-6986-4da8-95c7-9482e2fa0f6f:c2104, 0f15f03e-3179-4fc8-ac54-a24fe3c72555:c2101, 11ea7e38-68de-49e0-a413-0aa394144289:c2101]
2019-07-09 08:42:02,593 INFO  client.GrpcClientProtocolClient (GrpcClientProtocolClient.java:onNext(255)) - client-E42F58674560->3a39c983-6986-4da8-95c7-9482e2fa0f6f: receive RaftClientReply:client-E42F58674560->3a39c983-6986-4da8-95c7-9482e2fa0f6f@group-5E4216B2975C, cid=1481, SUCCESS, logIndex=2108, commits[3a39c983-6986-4da8-95c7-9482e2fa0f6f:c2108, 0f15f03e-3179-4fc8-ac54-a24fe3c72555:c2107, 11ea7e38-68de-49e0-a413-0aa394144289:c2107]
2019-07-09 08:42:02,594 INFO  client.GrpcClientProtocolClient (GrpcClientProtocolClient.java:onNext(255)) - client-E42F58674560->3a39c983-6986-4da8-95c7-9482e2fa0f6f: receive RaftClientReply:client-E42F58674560->3a39c983-6986-4da8-95c7-9482e2fa0f6f@group-5E4216B2975C, cid=1482, SUCCESS, logIndex=2109, commits[3a39c983-6986-4da8-95c7-9482e2fa0f6f:c2109, 0f15f03e-3179-4fc8-ac54-a24fe3c72555:c2107, 11ea7e38-68de-49e0-a413-0aa394144289:c2107]
2019-07-09 08:42:02,608 INFO  client.GrpcClientProtocolClient (GrpcClientProtocolClient.java:onNext(255)) - client-E42F58674560->3a39c983-6986-4da8-95c7-9482e2fa0f6f: receive RaftClientReply:client-E42F58674560->3a39c983-6986-4da8-95c7-9482e2fa0f6f@group-5E4216B2975C, cid=1483, SUCCESS, logIndex=2112, commits[3a39c983-6986-4da8-95c7-9482e2fa0f6f:c2113, 0f15f03e-3179-4fc8-ac54-a24fe3c72555:c2109, 11ea7e38-68de-49e0-a413-0aa394144289:c2109]
2019-07-09 08:42:02,608 INFO  client.GrpcClientProtocolClient (GrpcClientProtocolClient.java:onNext(255)) - client-E42F58674560->3a39c983-6986-4da8-95c7-9482e2fa0f6f: receive RaftClientReply:client-E42F58674560->3a39c983-6986-4da8-95c7-9482e2fa0f6f@group-5E4216B2975C, cid=1484, SUCCESS, logIndex=2113, commits[3a39c983-6986-4da8-95c7-9482e2fa0f6f:c2113, 0f15f03e-3179-4fc8-ac54-a24fe3c72555:c2109, 11ea7e38-68de-49e0-a413-0aa394144289:c2109]
2019-07-09 08:42:02,621 INFO  client.GrpcClientProtocolClient (GrpcClientProtocolClient.java:onNext(255)) - client-E42F58674560->3a39c983-6986-4da8-95c7-9482e2fa0f6f: receive RaftClientReply:client-E42F58674560->3a39c983-6986-4da8-95c7-9482e2fa0f6f@group-5E4216B2975C, cid=1485, SUCCESS, logIndex=0, commits[3a39c983-6986-4da8-95c7-9482e2fa0f6f:c2114, 0f15f03e-3179-4fc8-ac54-a24fe3c72555:c2113, 11ea7e38-68de-49e0-a413-0aa394144289:c2113]
 0.00% |█                                                                                                    |  0/1 Time: 0:00:102019-07-09 08:42:02,650 INFO  client.GrpcClientProtocolClient (GrpcClientProtocolClient.java:onNext(255)) - client-E42F58674560->3a39c983-6986-4da8-95c7-9482e2fa0f6f: receive RaftClientReply:client-E42F58674560->3a39c983-6986-4da8-95c7-9482e2fa0f6f@group-5E4216B2975C, cid=1486, SUCCESS, logIndex=2116, commits[3a39c983-6986-4da8-95c7-9482e2fa0f6f:c2119, 0f15f03e-3179-4fc8-ac54-a24fe3c72555:c2115, 11ea7e38-68de-49e0-a413-0aa394144289:c2115]
2019-07-09 08:42:02,650 INFO  client.GrpcClientProtocolClient (GrpcClientProtocolClient.java:onNext(255)) - client-E42F58674560->3a39c983-6986-4da8-95c7-9482e2fa0f6f: receive RaftClientReply:client-E42F58674560->3a39c983-6986-4da8-95c7-9482e2fa0f6f@group-5E4216B2975C, cid=1487, SUCCESS, logIndex=2117, commits[3a39c983-6986-4da8-95c7-9482e2fa0f6f:c2119, 0f15f03e-3179-4fc8-ac54-a24fe3c72555:c2115, 11ea7e38-68de-49e0-a413-0aa394144289:c2115]
2019-07-09 08:42:02,650 INFO  client.GrpcClientProtocolClient (GrpcClientProtocolClient.java:onNext(255)) - client-E42F58674560->3a39c983-6986-4da8-95c7-9482e2fa0f6f: receive RaftClientReply:client-E42F58674560->3a39c983-6986-4da8-95c7-9482e2fa0f6f@group-5E4216B2975C, cid=1488, SUCCESS, logIndex=2118, commits[3a39c983-6986-4da8-95c7-9482e2fa0f6f:c2119, 0f15f03e-3179-4fc8-ac54-a24fe3c72555:c2115, 11ea7e38-68de-49e0-a413-0aa394144289:c2115]
2019-07-09 08:42:02,651 INFO  client.GrpcClientProtocolClient (GrpcClientProtocolClient.java:onNext(255)) - client-E42F58674560->3a39c983-6986-4da8-95c7-9482e2fa0f6f: receive RaftClientReply:client-E42F58674560->3a39c983-6986-4da8-95c7-9482e2fa0f6f@group-5E4216B2975C, cid=1489, SUCCESS, logIndex=2119, commits[3a39c983-6986-4da8-95c7-9482e2fa0f6f:c2119, 0f15f03e-3179-4fc8-ac54-a24fe3c72555:c2115, 11ea7e38-68de-49e0-a413-0aa394144289:c2116]
2019-07-09 08:42:02,664 INFO  client.GrpcClientProtocolClient (GrpcClientProtocolClient.java:onNext(255)) - client-E42F58674560->3a39c983-6986-4da8-95c7-9482e2fa0f6f: receive RaftClientReply:client-E42F58674560->3a39c983-6986-4da8-95c7-9482e2fa0f6f@group-5E4216B2975C, cid=1490, SUCCESS, logIndex=0, commits[3a39c983-6986-4da8-95c7-9482e2fa0f6f:c2123, 0f15f03e-3179-4fc8-ac54-a24fe3c72555:c2117, 11ea7e38-68de-49e0-a413-0aa394144289:c2119]
2019-07-09 08:42:02,683 INFO  client.GrpcClientProtocolClient (GrpcClientProtocolClient.java:onNext(255)) - client-E42F58674560->3a39c983-6986-4da8-95c7-9482e2fa0f6f: receive RaftClientReply:client-E42F58674560->3a39c983-6986-4da8-95c7-9482e2fa0f6f@group-5E4216B2975C, cid=1491, SUCCESS, logIndex=2124, commits[3a39c983-6986-4da8-95c7-9482e2fa0f6f:c2125, 0f15f03e-3179-4fc8-ac54-a24fe3c72555:c2123, 11ea7e38-68de-49e0-a413-0aa394144289:c2123]
2019-07-09 08:42:02,683 INFO  client.GrpcClientProtocolClient (GrpcClientProtocolClient.java:onNext(255)) - client-E42F58674560->3a39c983-6986-4da8-95c7-9482e2fa0f6f: receive RaftClientReply:client-E42F58674560->3a39c983-6986-4da8-95c7-9482e2fa0f6f@group-5E4216B2975C, cid=1492, SUCCESS, logIndex=2125, commits[3a39c983-6986-4da8-95c7-9482e2fa0f6f:c2125, 0f15f03e-3179-4fc8-ac54-a24fe3c72555:c2123, 11ea7e38-68de-49e0-a413-0aa394144289:c2123]
2019-07-09 08:42:02,698 INFO  client.GrpcClientProtocolClient (GrpcClientProtocolClient.java:onNext(255)) - client-E42F58674560->3a39c983-6986-4da8-95c7-9482e2fa0f6f: receive RaftClientReply:client-E42F58674560->3a39c983-6986-4da8-95c7-9482e2fa0f6f@group-5E4216B2975C, cid=1493, SUCCESS, logIndex=2128, commits[3a39c983-6986-4da8-95c7-9482e2fa0f6f:c2129, 0f15f03e-3179-4fc8-ac54-a24fe3c72555:c2125, 11ea7e38-68de-49e0-a413-0aa394144289:c2125]
2019-07-09 08:42:02,699 INFO  client.GrpcClientProtocolClient (GrpcClientProtocolClient.java:onNext(255)) - client-E42F58674560->3a39c983-6986-4da8-95c7-9482e2fa0f6f: receive RaftClientReply:client-E42F58674560->3a39c983-6986-4da8-95c7-9482e2fa0f6f@group-5E4216B2975C, cid=1494, SUCCESS, logIndex=2129, commits[3a39c983-6986-4da8-95c7-9482e2fa0f6f:c2129, 0f15f03e-3179-4fc8-ac54-a24fe3c72555:c2125, 11ea7e38-68de-49e0-a413-0aa394144289:c2125]
2019-07-09 08:42:02,714 INFO  client.GrpcClientProtocolClient (GrpcClientProtocolClient.java:onNext(255)) - client-E42F58674560->3a39c983-6986-4da8-95c7-9482e2fa0f6f: receive RaftClientReply:client-E42F58674560->3a39c983-6986-4da8-95c7-9482e2fa0f6f@group-5E4216B2975C, cid=1495, SUCCESS, logIndex=0, commits[3a39c983-6986-4da8-95c7-9482e2fa0f6f:c2131, 0f15f03e-3179-4fc8-ac54-a24fe3c72555:c2129, 11ea7e38-68de-49e0-a413-0aa394144289:c2129]
2019-07-09 08:42:02,738 INFO  client.GrpcClientProtocolClient (GrpcClientProtocolClient.java:onNext(255)) - client-E42F58674560->3a39c983-6986-4da8-95c7-9482e2fa0f6f: receive RaftClientReply:client-E42F58674560->3a39c983-6986-4da8-95c7-9482e2fa0f6f@group-5E4216B2975C, cid=1496, SUCCESS, logIndex=2132, commits[3a39c983-6986-4da8-95c7-9482e2fa0f6f:c2133, 0f15f03e-3179-4fc8-ac54-a24fe3c72555:c2131, 11ea7e38-68de-49e0-a413-0aa394144289:c2131]
2019-07-09 08:42:02,739 INFO  client.GrpcClientProtocolClient (GrpcClientProtocolClient.java:onNext(255)) - client-E42F58674560->3a39c983-6986-4da8-95c7-9482e2fa0f6f: receive RaftClientReply:client-E42F58674560->3a39c983-6986-4da8-95c7-9482e2fa0f6f@group-5E4216B2975C, cid=1497, SUCCESS, logIndex=2133, commits[3a39c983-6986-4da8-95c7-9482e2fa0f6f:c2135, 0f15f03e-3179-4fc8-ac54-a24fe3c72555:c2131, 11ea7e38-68de-49e0-a413-0aa394144289:c2131]
2019-07-09 08:42:02,739 INFO  client.GrpcClientProtocolClient (GrpcClientProtocolClient.java:onNext(255)) - client-E42F58674560->3a39c983-6986-4da8-95c7-9482e2fa0f6f: receive RaftClientReply:client-E42F58674560->3a39c983-6986-4da8-95c7-9482e2fa0f6f@group-5E4216B2975C, cid=1498, SUCCESS, logIndex=2134, commits[3a39c983-6986-4da8-95c7-9482e2fa0f6f:c2135, 0f15f03e-3179-4fc8-ac54-a24fe3c72555:c2131, 11ea7e38-68de-49e0-a413-0aa394144289:c2131]
2019-07-09 08:42:02,739 INFO  client.GrpcClientProtocolClient (GrpcClientProtocolClient.java:onNext(255)) - client-E42F58674560->3a39c983-6986-4da8-95c7-9482e2fa0f6f: receive RaftClientReply:client-E42F58674560->3a39c983-6986-4da8-95c7-9482e2fa0f6f@group-5E4216B2975C, cid=1499, SUCCESS, logIndex=2135, commits[3a39c983-6986-4da8-95c7-9482e2fa0f6f:c2135, 0f15f03e-3179-4fc8-ac54-a24fe3c72555:c2131, 11ea7e38-68de-49e0-a413-0aa394144289:c2131]
2019-07-09 08:42:02,745 INFO  client.GrpcClientProtocolClient (GrpcClientProtocolClient.java:onNext(255)) - client-E42F58674560->3a39c983-6986-4da8-95c7-9482e2fa0f6f: receive RaftClientReply:client-E42F58674560->3a39c983-6986-4da8-95c7-9482e2fa0f6f@group-5E4216B2975C, cid=1500, SUCCESS, logIndex=0, commits[3a39c983-6986-4da8-95c7-9482e2fa0f6f:c2137, 0f15f03e-3179-4fc8-ac54-a24fe3c72555:c2135, 11ea7e38-68de-49e0-a413-0aa394144289:c2133]
2019-07-09 08:42:02,756 INFO  client.GrpcClientProtocolClient (GrpcClientProtocolClient.java:onNext(255)) - client-E42F58674560->3a39c983-6986-4da8-95c7-9482e2fa0f6f: receive RaftClientReply:client-E42F58674560->3a39c983-6986-4da8-95c7-9482e2fa0f6f@group-5E4216B2975C, cid=1501, SUCCESS, logIndex=2139, commits[3a39c983-6986-4da8-95c7-9482e2fa0f6f:c2140, 0f15f03e-3179-4fc8-ac54-a24fe3c72555:c2135, 11ea7e38-68de-49e0-a413-0aa394144289:c2138]
2019-07-09 08:42:02,757 INFO  client.GrpcClientProtocolClient (GrpcClientProtocolClient.java:onNext(255)) - client-E42F58674560->3a39c983-6986-4da8-95c7-9482e2fa0f6f: receive RaftClientReply:client-E42F58674560->3a39c983-6986-4da8-95c7-9482e2fa0f6f@group-5E4216B2975C, cid=1502, SUCCESS, logIndex=2140, commits[3a39c983-6986-4da8-95c7-9482e2fa0f6f:c2140, 0f15f03e-3179-4fc8-ac54-a24fe3c72555:c2138, 11ea7e38-68de-49e0-a413-0aa394144289:c2138]
2019-07-09 08:42:02,785 INFO  client.GrpcClientProtocolClient (GrpcClientProtocolClient.java:onNext(255)) - client-E42F58674560->3a39c983-6986-4da8-95c7-9482e2fa0f6f: receive RaftClientReply:client-E42F58674560->3a39c983-6986-4da8-95c7-9482e2fa0f6f@group-5E4216B2975C, cid=1503, SUCCESS, logIndex=2143, commits[3a39c983-6986-4da8-95c7-9482e2fa0f6f:c2144, 0f15f03e-3179-4fc8-ac54-a24fe3c72555:c2142, 11ea7e38-68de-49e0-a413-0aa394144289:c2140]
2019-07-09 08:42:02,786 INFO  client.GrpcClientProtocolClient (GrpcClientProtocolClient.java:onNext(255)) - client-E42F58674560->3a39c983-6986-4da8-95c7-9482e2fa0f6f: receive RaftClientReply:client-E42F58674560->3a39c983-6986-4da8-95c7-9482e2fa0f6f@group-5E4216B2975C, cid=1504, SUCCESS, logIndex=2144, commits[3a39c983-6986-4da8-95c7-9482e2fa0f6f:c2144, 0f15f03e-3179-4fc8-ac54-a24fe3c72555:c2142, 11ea7e38-68de-49e0-a413-0aa394144289:c2140]
2019-07-09 08:42:02,807 INFO  client.GrpcClientProtocolClient (GrpcClientProtocolClient.java:onNext(255)) - client-E42F58674560->3a39c983-6986-4da8-95c7-9482e2fa0f6f: receive RaftClientReply:client-E42F58674560->3a39c983-6986-4da8-95c7-9482e2fa0f6f@group-5E4216B2975C, cid=1505, SUCCESS, logIndex=0, commits[3a39c983-6986-4da8-95c7-9482e2fa0f6f:c2145, 0f15f03e-3179-4fc8-ac54-a24fe3c72555:c2144, 11ea7e38-68de-49e0-a413-0aa394144289:c2144]
2019-07-09 08:42:02,851 INFO  client.GrpcClientProtocolClient (GrpcClientProtocolClient.java:onNext(255)) - client-E42F58674560->3a39c983-6986-4da8-95c7-9482e2fa0f6f: receive RaftClientReply:client-E42F58674560->3a39c983-6986-4da8-95c7-9482e2fa0f6f@group-5E4216B2975C, cid=1506, SUCCESS, logIndex=2147, commits[3a39c983-6986-4da8-95c7-9482e2fa0f6f:c2148, 0f15f03e-3179-4fc8-ac54-a24fe3c72555:c2146, 11ea7e38-68de-49e0-a413-0aa394144289:c2146]
2019-07-09 08:42:02,851 INFO  client.GrpcClientProtocolClient (GrpcClientProtocolClient.java:onNext(255)) - client-E42F58674560->3a39c983-6986-4da8-95c7-9482e2fa0f6f: receive RaftClientReply:client-E42F58674560->3a39c983-6986-4da8-95c7-9482e2fa0f6f@group-5E4216B2975C, cid=1507, SUCCESS, logIndex=2148, commits[3a39c983-6986-4da8-95c7-9482e2fa0f6f:c2150, 0f15f03e-3179-4fc8-ac54-a24fe3c72555:c2146, 11ea7e38-68de-49e0-a413-0aa394144289:c2146]
2019-07-09 08:42:02,852 INFO  client.GrpcClientProtocolClient (GrpcClientProtocolClient.java:onNext(255)) - client-E42F58674560->3a39c983-6986-4da8-95c7-9482e2fa0f6f: receive RaftClientReply:client-E42F58674560->3a39c983-6986-4da8-95c7-9482e2fa0f6f@group-5E4216B2975C, cid=1508, SUCCESS, logIndex=2149, commits[3a39c983-6986-4da8-95c7-9482e2fa0f6f:c2150, 0f15f03e-3179-4fc8-ac54-a24fe3c72555:c2146, 11ea7e38-68de-49e0-a413-0aa394144289:c2146]
2019-07-09 08:42:02,852 INFO  client.GrpcClientProtocolClient (GrpcClientProtocolClient.java:onNext(255)) - client-E42F58674560->3a39c983-6986-4da8-95c7-9482e2fa0f6f: receive RaftClientReply:client-E42F58674560->3a39c983-6986-4da8-95c7-9482e2fa0f6f@group-5E4216B2975C, cid=1509, SUCCESS, logIndex=2150, commits[3a39c983-6986-4da8-95c7-9482e2fa0f6f:c2150, 0f15f03e-3179-4fc8-ac54-a24fe3c72555:c2146, 11ea7e38-68de-49e0-a413-0aa394144289:c2146]
2019-07-09 08:42:02,862 INFO  client.GrpcClientProtocolClient (GrpcClientProtocolClient.java:onNext(255)) - client-E42F58674560->3a39c983-6986-4da8-95c7-9482e2fa0f6f: receive RaftClientReply:client-E42F58674560->3a39c983-6986-4da8-95c7-9482e2fa0f6f@group-5E4216B2975C, cid=1510, SUCCESS, logIndex=0, commits[3a39c983-6986-4da8-95c7-9482e2fa0f6f:c2151, 0f15f03e-3179-4fc8-ac54-a24fe3c72555:c2148, 11ea7e38-68de-49e0-a413-0aa394144289:c2148]
2019-07-09 08:42:02,883 INFO  client.GrpcClientProtocolClient (GrpcClientProtocolClient.java:onNext(255)) - client-E42F58674560->3a39c983-6986-4da8-95c7-9482e2fa0f6f: receive RaftClientReply:client-E42F58674560->3a39c983-6986-4da8-95c7-9482e2fa0f6f@group-5E4216B2975C, cid=1511, SUCCESS, logIndex=2154, commits[3a39c983-6986-4da8-95c7-9482e2fa0f6f:c2155, 0f15f03e-3179-4fc8-ac54-a24fe3c72555:c2153, 11ea7e38-68de-49e0-a413-0aa394144289:c2153]
2019-07-09 08:42:02,883 INFO  client.GrpcClientProtocolClient (GrpcClientProtocolClient.java:onNext(255)) - client-E42F58674560->3a39c983-6986-4da8-95c7-9482e2fa0f6f: receive RaftClientReply:client-E42F58674560->3a39c983-6986-4da8-95c7-9482e2fa0f6f@group-5E4216B2975C, cid=1512, SUCCESS, logIndex=2155, commits[3a39c983-6986-4da8-95c7-9482e2fa0f6f:c2155, 0f15f03e-3179-4fc8-ac54-a24fe3c72555:c2153, 11ea7e38-68de-49e0-a413-0aa394144289:c2153]
2019-07-09 08:42:02,909 INFO  client.GrpcClientProtocolClient (GrpcClientProtocolClient.java:onNext(255)) - client-E42F58674560->3a39c983-6986-4da8-95c7-9482e2fa0f6f: receive RaftClientReply:client-E42F58674560->3a39c983-6986-4da8-95c7-9482e2fa0f6f@group-5E4216B2975C, cid=1513, SUCCESS, logIndex=2158, commits[3a39c983-6986-4da8-95c7-9482e2fa0f6f:c2158, 0f15f03e-3179-4fc8-ac54-a24fe3c72555:c2155, 11ea7e38-68de-49e0-a413-0aa394144289:c2155]
2019-07-09 08:42:02,909 INFO  client.GrpcClientProtocolClient (GrpcClientProtocolClient.java:onNext(255)) - client-E42F58674560->3a39c983-6986-4da8-95c7-9482e2fa0f6f: receive RaftClientReply:client-E42F58674560->3a39c983-6986-4da8-95c7-9482e2fa0f6f@group-5E4216B2975C, cid=1514, SUCCESS, logIndex=2159, commits[3a39c983-6986-4da8-95c7-9482e2fa0f6f:c2159, 0f15f03e-3179-4fc8-ac54-a24fe3c72555:c2155, 11ea7e38-68de-49e0-a413-0aa394144289:c2155]
2019-07-09 08:42:02,922 INFO  client.GrpcClientProtocolClient (GrpcClientProtocolClient.java:onNext(255)) - client-E42F58674560->3a39c983-6986-4da8-95c7-9482e2fa0f6f: receive RaftClientReply:client-E42F58674560->3a39c983-6986-4da8-95c7-9482e2fa0f6f@group-5E4216B2975C, cid=1515, SUCCESS, logIndex=0, commits[3a39c983-6986-4da8-95c7-9482e2fa0f6f:c2161, 0f15f03e-3179-4fc8-ac54-a24fe3c72555:c2159, 11ea7e38-68de-49e0-a413-0aa394144289:c2159]
2019-07-09 08:42:02,949 INFO  client.GrpcClientProtocolClient (GrpcClientProtocolClient.java:onNext(255)) - client-E42F58674560->3a39c983-6986-4da8-95c7-9482e2fa0f6f: receive RaftClientReply:client-E42F58674560->3a39c983-6986-4da8-95c7-9482e2fa0f6f@group-5E4216B2975C, cid=1516, SUCCESS, logIndex=2162, commits[3a39c983-6986-4da8-95c7-9482e2fa0f6f:c2163, 0f15f03e-3179-4fc8-ac54-a24fe3c72555:c2161, 11ea7e38-68de-49e0-a413-0aa394144289:c2161]
2019-07-09 08:42:02,950 INFO  client.GrpcClientProtocolClient (GrpcClientProtocolClient.java:onNext(255)) - client-E42F58674560->3a39c983-6986-4da8-95c7-9482e2fa0f6f: receive RaftClientReply:client-E42F58674560->3a39c983-6986-4da8-95c7-9482e2fa0f6f@group-5E4216B2975C, cid=1517, SUCCESS, logIndex=2163, commits[3a39c983-6986-4da8-95c7-9482e2fa0f6f:c2163, 0f15f03e-3179-4fc8-ac54-a24fe3c72555:c2161, 11ea7e38-68de-49e0-a413-0aa394144289:c2161]
2019-07-09 08:42:02,950 INFO  client.GrpcClientProtocolClient (GrpcClientProtocolClient.java:onNext(255)) - client-E42F58674560->3a39c983-6986-4da8-95c7-9482e2fa0f6f: receive RaftClientReply:client-E42F58674560->3a39c983-6986-4da8-95c7-9482e2fa0f6f@group-5E4216B2975C, cid=1518, SUCCESS, logIndex=2164, commits[3a39c983-6986-4da8-95c7-9482e2fa0f6f:c2165, 0f15f03e-3179-4fc8-ac54-a24fe3c72555:c2161, 11ea7e38-68de-49e0-a413-0aa394144289:c2161]
2019-07-09 08:42:02,951 INFO  client.GrpcClientProtocolClient (GrpcClientProtocolClient.java:onNext(255)) - client-E42F58674560->3a39c983-6986-4da8-95c7-9482e2fa0f6f: receive RaftClientReply:client-E42F58674560->3a39c983-6986-4da8-95c7-9482e2fa0f6f@group-5E4216B2975C, cid=1519, SUCCESS, logIndex=2165, commits[3a39c983-6986-4da8-95c7-9482e2fa0f6f:c2165, 0f15f03e-3179-4fc8-ac54-a24fe3c72555:c2161, 11ea7e38-68de-49e0-a413-0aa394144289:c2161]
2019-07-09 08:42:02,964 INFO  client.GrpcClientProtocolClient (GrpcClientProtocolClient.java:onNext(255)) - client-E42F58674560->3a39c983-6986-4da8-95c7-9482e2fa0f6f: receive RaftClientReply:client-E42F58674560->3a39c983-6986-4da8-95c7-9482e2fa0f6f@group-5E4216B2975C, cid=1520, SUCCESS, logIndex=0, commits[3a39c983-6986-4da8-95c7-9482e2fa0f6f:c2167, 0f15f03e-3179-4fc8-ac54-a24fe3c72555:c2163, 11ea7e38-68de-49e0-a413-0aa394144289:c2163]
2019-07-09 08:42:02,984 INFO  client.GrpcClientProtocolClient (GrpcClientProtocolClient.java:onNext(255)) - client-E42F58674560->3a39c983-6986-4da8-95c7-9482e2fa0f6f: receive RaftClientReply:client-E42F58674560->3a39c983-6986-4da8-95c7-9482e2fa0f6f@group-5E4216B2975C, cid=1521, SUCCESS, logIndex=2170, commits[3a39c983-6986-4da8-95c7-9482e2fa0f6f:c2171, 0f15f03e-3179-4fc8-ac54-a24fe3c72555:c2169, 11ea7e38-68de-49e0-a413-0aa394144289:c2169]
2019-07-09 08:42:02,985 INFO  client.GrpcClientProtocolClient (GrpcClientProtocolClient.java:onNext(255)) - client-E42F58674560->3a39c983-6986-4da8-95c7-9482e2fa0f6f: receive RaftClientReply:client-E42F58674560->3a39c983-6986-4da8-95c7-9482e2fa0f6f@group-5E4216B2975C, cid=1522, SUCCESS, logIndex=2171, commits[3a39c983-6986-4da8-95c7-9482e2fa0f6f:c2171, 0f15f03e-3179-4fc8-ac54-a24fe3c72555:c2169, 11ea7e38-68de-49e0-a413-0aa394144289:c2169]
2019-07-09 08:42:03,084 INFO  client.GrpcClientProtocolClient (GrpcClientProtocolClient.java:onNext(255)) - client-E42F58674560->3a39c983-6986-4da8-95c7-9482e2fa0f6f: receive RaftClientReply:client-E42F58674560->3a39c983-6986-4da8-95c7-9482e2fa0f6f@group-5E4216B2975C, cid=1523, SUCCESS, logIndex=2174, commits[3a39c983-6986-4da8-95c7-9482e2fa0f6f:c2175, 0f15f03e-3179-4fc8-ac54-a24fe3c72555:c2171, 11ea7e38-68de-49e0-a413-0aa394144289:c2171]
2019-07-09 08:42:03,085 INFO  client.GrpcClientProtocolClient (GrpcClientProtocolClient.java:onNext(255)) - client-E42F58674560->3a39c983-6986-4da8-95c7-9482e2fa0f6f: receive RaftClientReply:client-E42F58674560->3a39c983-6986-4da8-95c7-9482e2fa0f6f@group-5E4216B2975C, cid=1524, SUCCESS, logIndex=2175, commits[3a39c983-6986-4da8-95c7-9482e2fa0f6f:c2175, 0f15f03e-3179-4fc8-ac54-a24fe3c72555:c2171, 11ea7e38-68de-49e0-a413-0aa394144289:c2171]
2019-07-09 08:42:03,086 INFO  client.GrpcClientProtocolClient (GrpcClientProtocolClient.java:onNext(255)) - client-E42F58674560->3a39c983-6986-4da8-95c7-9482e2fa0f6f: receive RaftClientReply:client-E42F58674560->3a39c983-6986-4da8-95c7-9482e2fa0f6f@group-5E4216B2975C, cid=1525, SUCCESS, logIndex=0, commits[3a39c983-6986-4da8-95c7-9482e2fa0f6f:c2176, 0f15f03e-3179-4fc8-ac54-a24fe3c72555:c2175, 11ea7e38-68de-49e0-a413-0aa394144289:c2175]
2019-07-09 08:42:03,115 INFO  client.GrpcClientProtocolClient (GrpcClientProtocolClient.java:onNext(255)) - client-E42F58674560->3a39c983-6986-4da8-95c7-9482e2fa0f6f: receive RaftClientReply:client-E42F58674560->3a39c983-6986-4da8-95c7-9482e2fa0f6f@group-5E4216B2975C, cid=1526, SUCCESS, logIndex=2178, commits[3a39c983-6986-4da8-95c7-9482e2fa0f6f:c2180, 0f15f03e-3179-4fc8-ac54-a24fe3c72555:c2177, 11ea7e38-68de-49e0-a413-0aa394144289:c2177]
2019-07-09 08:42:03,116 INFO  client.GrpcClientProtocolClient (GrpcClientProtocolClient.java:onNext(255)) - client-E42F58674560->3a39c983-6986-4da8-95c7-9482e2fa0f6f: receive RaftClientReply:client-E42F58674560->3a39c983-6986-4da8-95c7-9482e2fa0f6f@group-5E4216B2975C, cid=1527, SUCCESS, logIndex=2179, commits[3a39c983-6986-4da8-95c7-9482e2fa0f6f:c2181, 0f15f03e-3179-4fc8-ac54-a24fe3c72555:c2177, 11ea7e38-68de-49e0-a413-0aa394144289:c2177]
2019-07-09 08:42:03,116 INFO  client.GrpcClientProtocolClient (GrpcClientProtocolClient.java:onNext(255)) - client-E42F58674560->3a39c983-6986-4da8-95c7-9482e2fa0f6f: receive RaftClientReply:client-E42F58674560->3a39c983-6986-4da8-95c7-9482e2fa0f6f@group-5E4216B2975C, cid=1528, SUCCESS, logIndex=2180, commits[3a39c983-6986-4da8-95c7-9482e2fa0f6f:c2181, 0f15f03e-3179-4fc8-ac54-a24fe3c72555:c2177, 11ea7e38-68de-49e0-a413-0aa394144289:c2177]
2019-07-09 08:42:03,116 INFO  client.GrpcClientProtocolClient (GrpcClientProtocolClient.java:onNext(255)) - client-E42F58674560->3a39c983-6986-4da8-95c7-9482e2fa0f6f: receive RaftClientReply:client-E42F58674560->3a39c983-6986-4da8-95c7-9482e2fa0f6f@group-5E4216B2975C, cid=1529, SUCCESS, logIndex=2181, commits[3a39c983-6986-4da8-95c7-9482e2fa0f6f:c2181, 0f15f03e-3179-4fc8-ac54-a24fe3c72555:c2177, 11ea7e38-68de-49e0-a413-0aa394144289:c2177]
2019-07-09 08:42:03,128 INFO  client.GrpcClientProtocolClient (GrpcClientProtocolClient.java:onNext(255)) - client-E42F58674560->3a39c983-6986-4da8-95c7-9482e2fa0f6f: receive RaftClientReply:client-E42F58674560->3a39c983-6986-4da8-95c7-9482e2fa0f6f@group-5E4216B2975C, cid=1530, SUCCESS, logIndex=0, commits[3a39c983-6986-4da8-95c7-9482e2fa0f6f:c2183, 0f15f03e-3179-4fc8-ac54-a24fe3c72555:c2180, 11ea7e38-68de-49e0-a413-0aa394144289:c2179]
2019-07-09 08:42:03,147 INFO  client.GrpcClientProtocolClient (GrpcClientProtocolClient.java:onNext(255)) - client-E42F58674560->3a39c983-6986-4da8-95c7-9482e2fa0f6f: receive RaftClientReply:client-E42F58674560->3a39c983-6986-4da8-95c7-9482e2fa0f6f@group-5E4216B2975C, cid=1531, SUCCESS, logIndex=2186, commits[3a39c983-6986-4da8-95c7-9482e2fa0f6f:c2187, 0f15f03e-3179-4fc8-ac54-a24fe3c72555:c2185, 11ea7e38-68de-49e0-a413-0aa394144289:c2185]
2019-07-09 08:42:03,148 INFO  client.GrpcClientProtocolClient (GrpcClientProtocolClient.java:onNext(255)) - client-E42F58674560->3a39c983-6986-4da8-95c7-9482e2fa0f6f: receive RaftClientReply:client-E42F58674560->3a39c983-6986-4da8-95c7-9482e2fa0f6f@group-5E4216B2975C, cid=1532, SUCCESS, logIndex=2187, commits[3a39c983-6986-4da8-95c7-9482e2fa0f6f:c2187, 0f15f03e-3179-4fc8-ac54-a24fe3c72555:c2185, 11ea7e38-68de-49e0-a413-0aa394144289:c2185]
2019-07-09 08:42:03,161 INFO  client.GrpcClientProtocolClient (GrpcClientProtocolClient.java:onNext(255)) - client-E42F58674560->3a39c983-6986-4da8-95c7-9482e2fa0f6f: receive RaftClientReply:client-E42F58674560->3a39c983-6986-4da8-95c7-9482e2fa0f6f@group-5E4216B2975C, cid=1533, SUCCESS, logIndex=2190, commits[3a39c983-6986-4da8-95c7-9482e2fa0f6f:c2191, 0f15f03e-3179-4fc8-ac54-a24fe3c72555:c2187, 11ea7e38-68de-49e0-a413-0aa394144289:c2187]
2019-07-09 08:42:03,161 INFO  client.GrpcClientProtocolClient (GrpcClientProtocolClient.java:onNext(255)) - client-E42F58674560->3a39c983-6986-4da8-95c7-9482e2fa0f6f: receive RaftClientReply:client-E42F58674560->3a39c983-6986-4da8-95c7-9482e2fa0f6f@group-5E4216B2975C, cid=1534, SUCCESS, logIndex=2191, commits[3a39c983-6986-4da8-95c7-9482e2fa0f6f:c2191, 0f15f03e-3179-4fc8-ac54-a24fe3c72555:c2187, 11ea7e38-68de-49e0-a413-0aa394144289:c2187]
2019-07-09 08:42:03,173 INFO  client.GrpcClientProtocolClient (GrpcClientProtocolClient.java:onNext(255)) - client-E42F58674560->3a39c983-6986-4da8-95c7-9482e2fa0f6f: receive RaftClientReply:client-E42F58674560->3a39c983-6986-4da8-95c7-9482e2fa0f6f@group-5E4216B2975C, cid=1535, SUCCESS, logIndex=0, commits[3a39c983-6986-4da8-95c7-9482e2fa0f6f:c2192, 0f15f03e-3179-4fc8-ac54-a24fe3c72555:c2191, 11ea7e38-68de-49e0-a413-0aa394144289:c2191]
2019-07-09 08:42:03,201 INFO  client.GrpcClientProtocolClient (GrpcClientProtocolClient.java:onNext(255)) - client-E42F58674560->3a39c983-6986-4da8-95c7-9482e2fa0f6f: receive RaftClientReply:client-E42F58674560->3a39c983-6986-4da8-95c7-9482e2fa0f6f@group-5E4216B2975C, cid=1536, SUCCESS, logIndex=2194, commits[3a39c983-6986-4da8-95c7-9482e2fa0f6f:c2195, 0f15f03e-3179-4fc8-ac54-a24fe3c72555:c2193, 11ea7e38-68de-49e0-a413-0aa394144289:c2193]
2019-07-09 08:42:03,201 INFO  client.GrpcClientProtocolClient (GrpcClientProtocolClient.java:onNext(255)) - client-E42F58674560->3a39c983-6986-4da8-95c7-9482e2fa0f6f: receive RaftClientReply:client-E42F58674560->3a39c983-6986-4da8-95c7-9482e2fa0f6f@group-5E4216B2975C, cid=1537, SUCCESS, logIndex=2195, commits[3a39c983-6986-4da8-95c7-9482e2fa0f6f:c2197, 0f15f03e-3179-4fc8-ac54-a24fe3c72555:c2193, 11ea7e38-68de-49e0-a413-0aa394144289:c2193]
2019-07-09 08:42:03,202 INFO  client.GrpcClientProtocolClient (GrpcClientProtocolClient.java:onNext(255)) - client-E42F58674560->3a39c983-6986-4da8-95c7-9482e2fa0f6f: receive RaftClientReply:client-E42F58674560->3a39c983-6986-4da8-95c7-9482e2fa0f6f@group-5E4216B2975C, cid=1538, SUCCESS, logIndex=2196, commits[3a39c983-6986-4da8-95c7-9482e2fa0f6f:c2197, 0f15f03e-3179-4fc8-ac54-a24fe3c72555:c2193, 11ea7e38-68de-49e0-a413-0aa394144289:c2193]
2019-07-09 08:42:03,202 INFO  client.GrpcClientProtocolClient (GrpcClientProtocolClient.java:onNext(255)) - client-E42F58674560->3a39c983-6986-4da8-95c7-9482e2fa0f6f: receive RaftClientReply:client-E42F58674560->3a39c983-6986-4da8-95c7-9482e2fa0f6f@group-5E4216B2975C, cid=1539, SUCCESS, logIndex=2197, commits[3a39c983-6986-4da8-95c7-9482e2fa0f6f:c2197, 0f15f03e-3179-4fc8-ac54-a24fe3c72555:c2193, 11ea7e38-68de-49e0-a413-0aa394144289:c2194]
2019-07-09 08:42:03,205 INFO  client.GrpcClientProtocolClient (GrpcClientProtocolClient.java:onNext(255)) - client-E42F58674560->3a39c983-6986-4da8-95c7-9482e2fa0f6f: receive RaftClientReply:client-E42F58674560->3a39c983-6986-4da8-95c7-9482e2fa0f6f@group-5E4216B2975C, cid=1540, SUCCESS, logIndex=0, commits[3a39c983-6986-4da8-95c7-9482e2fa0f6f:c2199, 0f15f03e-3179-4fc8-ac54-a24fe3c72555:c2195, 11ea7e38-68de-49e0-a413-0aa394144289:c2195]
2019-07-09 08:42:03,216 INFO  client.GrpcClientProtocolClient (GrpcClientProtocolClient.java:onNext(255)) - client-E42F58674560->3a39c983-6986-4da8-95c7-9482e2fa0f6f: receive RaftClientReply:client-E42F58674560->3a39c983-6986-4da8-95c7-9482e2fa0f6f@group-5E4216B2975C, cid=1541, SUCCESS, logIndex=2201, commits[3a39c983-6986-4da8-95c7-9482e2fa0f6f:c2202, 0f15f03e-3179-4fc8-ac54-a24fe3c72555:c2200, 11ea7e38-68de-49e0-a413-0aa394144289:c2200]
2019-07-09 08:42:03,217 INFO  client.GrpcClientProtocolClient (GrpcClientProtocolClient.java:onNext(255)) - client-E42F58674560->3a39c983-6986-4da8-95c7-9482e2fa0f6f: receive RaftClientReply:client-E42F58674560->3a39c983-6986-4da8-95c7-9482e2fa0f6f@group-5E4216B2975C, cid=1542, SUCCESS, logIndex=2202, commits[3a39c983-6986-4da8-95c7-9482e2fa0f6f:c2202, 0f15f03e-3179-4fc8-ac54-a24fe3c72555:c2200, 11ea7e38-68de-49e0-a413-0aa394144289:c2200]
2019-07-09 08:42:03,234 INFO  client.GrpcClientProtocolClient (GrpcClientProtocolClient.java:onNext(255)) - client-E42F58674560->3a39c983-6986-4da8-95c7-9482e2fa0f6f: receive RaftClientReply:client-E42F58674560->3a39c983-6986-4da8-95c7-9482e2fa0f6f@group-5E4216B2975C, cid=1543, SUCCESS, logIndex=2205, commits[3a39c983-6986-4da8-95c7-9482e2fa0f6f:c2206, 0f15f03e-3179-4fc8-ac54-a24fe3c72555:c2203, 11ea7e38-68de-49e0-a413-0aa394144289:c2203]
2019-07-09 08:42:03,234 INFO  client.GrpcClientProtocolClient (GrpcClientProtocolClient.java:onNext(255)) - client-E42F58674560->3a39c983-6986-4da8-95c7-9482e2fa0f6f: receive RaftClientReply:client-E42F58674560->3a39c983-6986-4da8-95c7-9482e2fa0f6f@group-5E4216B2975C, cid=1544, SUCCESS, logIndex=2206, commits[3a39c983-6986-4da8-95c7-9482e2fa0f6f:c2206, 0f15f03e-3179-4fc8-ac54-a24fe3c72555:c2203, 11ea7e38-68de-49e0-a413-0aa394144289:c2203]
2019-07-09 08:42:03,236 INFO  client.GrpcClientProtocolClient (GrpcClientProtocolClient.java:onNext(255)) - client-E42F58674560->3a39c983-6986-4da8-95c7-9482e2fa0f6f: receive RaftClientReply:client-E42F58674560->3a39c983-6986-4da8-95c7-9482e2fa0f6f@group-5E4216B2975C, cid=1545, SUCCESS, logIndex=0, commits[3a39c983-6986-4da8-95c7-9482e2fa0f6f:c2208, 0f15f03e-3179-4fc8-ac54-a24fe3c72555:c2206, 11ea7e38-68de-49e0-a413-0aa394144289:c2206]
2019-07-09 08:42:03,269 INFO  client.GrpcClientProtocolClient (GrpcClientProtocolClient.java:onNext(255)) - client-E42F58674560->3a39c983-6986-4da8-95c7-9482e2fa0f6f: receive RaftClientReply:client-E42F58674560->3a39c983-6986-4da8-95c7-9482e2fa0f6f@group-5E4216B2975C, cid=1546, SUCCESS, logIndex=2209, commits[3a39c983-6986-4da8-95c7-9482e2fa0f6f:c2211, 0f15f03e-3179-4fc8-ac54-a24fe3c72555:c2208, 11ea7e38-68de-49e0-a413-0aa394144289:c2208]
2019-07-09 08:42:03,270 INFO  client.GrpcClientProtocolClient (GrpcClientProtocolClient.java:onNext(255)) - client-E42F58674560->3a39c983-6986-4da8-95c7-9482e2fa0f6f: receive RaftClientReply:client-E42F58674560->3a39c983-6986-4da8-95c7-9482e2fa0f6f@group-5E4216B2975C, cid=1547, SUCCESS, logIndex=2210, commits[3a39c983-6986-4da8-95c7-9482e2fa0f6f:c2212, 0f15f03e-3179-4fc8-ac54-a24fe3c72555:c2208, 11ea7e38-68de-49e0-a413-0aa394144289:c2208]
2019-07-09 08:42:03,270 INFO  client.GrpcClientProtocolClient (GrpcClientProtocolClient.java:onNext(255)) - client-E42F58674560->3a39c983-6986-4da8-95c7-9482e2fa0f6f: receive RaftClientReply:client-E42F58674560->3a39c983-6986-4da8-95c7-9482e2fa0f6f@group-5E4216B2975C, cid=1548, SUCCESS, logIndex=2211, commits[3a39c983-6986-4da8-95c7-9482e2fa0f6f:c2212, 0f15f03e-3179-4fc8-ac54-a24fe3c72555:c2208, 11ea7e38-68de-49e0-a413-0aa394144289:c2208]
2019-07-09 08:42:03,270 INFO  client.GrpcClientProtocolClient (GrpcClientProtocolClient.java:onNext(255)) - client-E42F58674560->3a39c983-6986-4da8-95c7-9482e2fa0f6f: receive RaftClientReply:client-E42F58674560->3a39c983-6986-4da8-95c7-9482e2fa0f6f@group-5E4216B2975C, cid=1549, SUCCESS, logIndex=2212, commits[3a39c983-6986-4da8-95c7-9482e2fa0f6f:c2212, 0f15f03e-3179-4fc8-ac54-a24fe3c72555:c2208, 11ea7e38-68de-49e0-a413-0aa394144289:c2208]
2019-07-09 08:42:03,281 INFO  client.GrpcClientProtocolClient (GrpcClientProtocolClient.java:onNext(255)) - client-E42F58674560->3a39c983-6986-4da8-95c7-9482e2fa0f6f: receive RaftClientReply:client-E42F58674560->3a39c983-6986-4da8-95c7-9482e2fa0f6f@group-5E4216B2975C, cid=1550, SUCCESS, logIndex=0, commits[3a39c983-6986-4da8-95c7-9482e2fa0f6f:c2213, 0f15f03e-3179-4fc8-ac54-a24fe3c72555:c2210, 11ea7e38-68de-49e0-a413-0aa394144289:c2210]
2019-07-09 08:42:03,301 INFO  client.GrpcClientProtocolClient (GrpcClientProtocolClient.java:onNext(255)) - client-E42F58674560->3a39c983-6986-4da8-95c7-9482e2fa0f6f: receive RaftClientReply:client-E42F58674560->3a39c983-6986-4da8-95c7-9482e2fa0f6f@group-5E4216B2975C, cid=1551, SUCCESS, logIndex=2217, commits[3a39c983-6986-4da8-95c7-9482e2fa0f6f:c2218, 0f15f03e-3179-4fc8-ac54-a24fe3c72555:c2216, 11ea7e38-68de-49e0-a413-0aa394144289:c2216]
2019-07-09 08:42:03,301 INFO  client.GrpcClientProtocolClient (GrpcClientProtocolClient.java:onNext(255)) - client-E42F58674560->3a39c983-6986-4da8-95c7-9482e2fa0f6f: receive RaftClientReply:client-E42F58674560->3a39c983-6986-4da8-95c7-9482e2fa0f6f@group-5E4216B2975C, cid=1552, SUCCESS, logIndex=2218, commits[3a39c983-6986-4da8-95c7-9482e2fa0f6f:c2218, 0f15f03e-3179-4fc8-ac54-a24fe3c72555:c2216, 11ea7e38-68de-49e0-a413-0aa394144289:c2216]
2019-07-09 08:42:03,316 INFO  client.GrpcClientProtocolClient (GrpcClientProtocolClient.java:onNext(255)) - client-E42F58674560->3a39c983-6986-4da8-95c7-9482e2fa0f6f: receive RaftClientReply:client-E42F58674560->3a39c983-6986-4da8-95c7-9482e2fa0f6f@group-5E4216B2975C, cid=1553, SUCCESS, logIndex=2221, commits[3a39c983-6986-4da8-95c7-9482e2fa0f6f:c2222, 0f15f03e-3179-4fc8-ac54-a24fe3c72555:c2218, 11ea7e38-68de-49e0-a413-0aa394144289:c2218]
2019-07-09 08:42:03,316 INFO  client.GrpcClientProtocolClient (GrpcClientProtocolClient.java:onNext(255)) - client-E42F58674560->3a39c983-6986-4da8-95c7-9482e2fa0f6f: receive RaftClientReply:client-E42F58674560->3a39c983-6986-4da8-95c7-9482e2fa0f6f@group-5E4216B2975C, cid=1554, SUCCESS, logIndex=2222, commits[3a39c983-6986-4da8-95c7-9482e2fa0f6f:c2222, 0f15f03e-3179-4fc8-ac54-a24fe3c72555:c2218, 11ea7e38-68de-49e0-a413-0aa394144289:c2218]
2019-07-09 08:42:03,343 INFO  client.GrpcClientProtocolClient (GrpcClientProtocolClient.java:onNext(255)) - client-E42F58674560->3a39c983-6986-4da8-95c7-9482e2fa0f6f: receive RaftClientReply:client-E42F58674560->3a39c983-6986-4da8-95c7-9482e2fa0f6f@group-5E4216B2975C, cid=1555, SUCCESS, logIndex=0, commits[3a39c983-6986-4da8-95c7-9482e2fa0f6f:c2224, 0f15f03e-3179-4fc8-ac54-a24fe3c72555:c2222, 11ea7e38-68de-49e0-a413-0aa394144289:c2222]
2019-07-09 08:42:03,390 INFO  client.GrpcClientProtocolClient (GrpcClientProtocolClient.java:onNext(255)) - client-E42F58674560->3a39c983-6986-4da8-95c7-9482e2fa0f6f: receive RaftClientReply:client-E42F58674560->3a39c983-6986-4da8-95c7-9482e2fa0f6f@group-5E4216B2975C, cid=1556, SUCCESS, logIndex=2225, commits[3a39c983-6986-4da8-95c7-9482e2fa0f6f:c2228, 0f15f03e-3179-4fc8-ac54-a24fe3c72555:c2224, 11ea7e38-68de-49e0-a413-0aa394144289:c2224]
2019-07-09 08:42:03,390 INFO  client.GrpcClientProtocolClient (GrpcClientProtocolClient.java:onNext(255)) - client-E42F58674560->3a39c983-6986-4da8-95c7-9482e2fa0f6f: receive RaftClientReply:client-E42F58674560->3a39c983-6986-4da8-95c7-9482e2fa0f6f@group-5E4216B2975C, cid=1557, SUCCESS, logIndex=2226, commits[3a39c983-6986-4da8-95c7-9482e2fa0f6f:c2228, 0f15f03e-3179-4fc8-ac54-a24fe3c72555:c2224, 11ea7e38-68de-49e0-a413-0aa394144289:c2224]
2019-07-09 08:42:03,391 INFO  client.GrpcClientProtocolClient (GrpcClientProtocolClient.java:onNext(255)) - client-E42F58674560->3a39c983-6986-4da8-95c7-9482e2fa0f6f: receive RaftClientReply:client-E42F58674560->3a39c983-6986-4da8-95c7-9482e2fa0f6f@group-5E4216B2975C, cid=1558, SUCCESS, logIndex=2227, commits[3a39c983-6986-4da8-95c7-9482e2fa0f6f:c2228, 0f15f03e-3179-4fc8-ac54-a24fe3c72555:c2224, 11ea7e38-68de-49e0-a413-0aa394144289:c2224]
2019-07-09 08:42:03,391 INFO  client.GrpcClientProtocolClient (GrpcClientProtocolClient.java:onNext(255)) - client-E42F58674560->3a39c983-6986-4da8-95c7-9482e2fa0f6f: receive RaftClientReply:client-E42F58674560->3a39c983-6986-4da8-95c7-9482e2fa0f6f@group-5E4216B2975C, cid=1559, SUCCESS, logIndex=2228, commits[3a39c983-6986-4da8-95c7-9482e2fa0f6f:c2228, 0f15f03e-3179-4fc8-ac54-a24fe3c72555:c2224, 11ea7e38-68de-49e0-a413-0aa394144289:c2224]
2019-07-09 08:42:03,402 INFO  client.GrpcClientProtocolClient (GrpcClientProtocolClient.java:onNext(255)) - client-E42F58674560->3a39c983-6986-4da8-95c7-9482e2fa0f6f: receive RaftClientReply:client-E42F58674560->3a39c983-6986-4da8-95c7-9482e2fa0f6f@group-5E4216B2975C, cid=1560, SUCCESS, logIndex=0, commits[3a39c983-6986-4da8-95c7-9482e2fa0f6f:c2230, 0f15f03e-3179-4fc8-ac54-a24fe3c72555:c2226, 11ea7e38-68de-49e0-a413-0aa394144289:c2226]
2019-07-09 08:42:03,423 INFO  client.GrpcClientProtocolClient (GrpcClientProtocolClient.java:onNext(255)) - client-E42F58674560->3a39c983-6986-4da8-95c7-9482e2fa0f6f: receive RaftClientReply:client-E42F58674560->3a39c983-6986-4da8-95c7-9482e2fa0f6f@group-5E4216B2975C, cid=1561, SUCCESS, logIndex=2233, commits[3a39c983-6986-4da8-95c7-9482e2fa0f6f:c2234, 0f15f03e-3179-4fc8-ac54-a24fe3c72555:c2232, 11ea7e38-68de-49e0-a413-0aa394144289:c2232]
2019-07-09 08:42:03,423 INFO  client.GrpcClientProtocolClient (GrpcClientProtocolClient.java:onNext(255)) - client-E42F58674560->3a39c983-6986-4da8-95c7-9482e2fa0f6f: receive RaftClientReply:client-E42F58674560->3a39c983-6986-4da8-95c7-9482e2fa0f6f@group-5E4216B2975C, cid=1562, SUCCESS, logIndex=2234, commits[3a39c983-6986-4da8-95c7-9482e2fa0f6f:c2234, 0f15f03e-3179-4fc8-ac54-a24fe3c72555:c2232, 11ea7e38-68de-49e0-a413-0aa394144289:c2232]
2019-07-09 08:42:03,437 INFO  client.GrpcClientProtocolClient (GrpcClientProtocolClient.java:onNext(255)) - client-E42F58674560->3a39c983-6986-4da8-95c7-9482e2fa0f6f: receive RaftClientReply:client-E42F58674560->3a39c983-6986-4da8-95c7-9482e2fa0f6f@group-5E4216B2975C, cid=1563, SUCCESS, logIndex=2237, commits[3a39c983-6986-4da8-95c7-9482e2fa0f6f:c2238, 0f15f03e-3179-4fc8-ac54-a24fe3c72555:c2234, 11ea7e38-68de-49e0-a413-0aa394144289:c2234]
2019-07-09 08:42:03,437 INFO  client.GrpcClientProtocolClient (GrpcClientProtocolClient.java:onNext(255)) - client-E42F58674560->3a39c983-6986-4da8-95c7-9482e2fa0f6f: receive RaftClientReply:client-E42F58674560->3a39c983-6986-4da8-95c7-9482e2fa0f6f@group-5E4216B2975C, cid=1564, SUCCESS, logIndex=2238, commits[3a39c983-6986-4da8-95c7-9482e2fa0f6f:c2238, 0f15f03e-3179-4fc8-ac54-a24fe3c72555:c2234, 11ea7e38-68de-49e0-a413-0aa394144289:c2234]
2019-07-09 08:42:03,451 INFO  client.GrpcClientProtocolClient (GrpcClientProtocolClient.java:onNext(255)) - client-E42F58674560->3a39c983-6986-4da8-95c7-9482e2fa0f6f: receive RaftClientReply:client-E42F58674560->3a39c983-6986-4da8-95c7-9482e2fa0f6f@group-5E4216B2975C, cid=1565, SUCCESS, logIndex=0, commits[3a39c983-6986-4da8-95c7-9482e2fa0f6f:c2240, 0f15f03e-3179-4fc8-ac54-a24fe3c72555:c2238, 11ea7e38-68de-49e0-a413-0aa394144289:c2238]
2019-07-09 08:42:03,479 INFO  client.GrpcClientProtocolClient (GrpcClientProtocolClient.java:onNext(255)) - client-E42F58674560->3a39c983-6986-4da8-95c7-9482e2fa0f6f: receive RaftClientReply:client-E42F58674560->3a39c983-6986-4da8-95c7-9482e2fa0f6f@group-5E4216B2975C, cid=1566, SUCCESS, logIndex=2241, commits[3a39c983-6986-4da8-95c7-9482e2fa0f6f:c2243, 0f15f03e-3179-4fc8-ac54-a24fe3c72555:c2240, 11ea7e38-68de-49e0-a413-0aa394144289:c2240]
2019-07-09 08:42:03,480 INFO  client.GrpcClientProtocolClient (GrpcClientProtocolClient.java:onNext(255)) - client-E42F58674560->3a39c983-6986-4da8-95c7-9482e2fa0f6f: receive RaftClientReply:client-E42F58674560->3a39c983-6986-4da8-95c7-9482e2fa0f6f@group-5E4216B2975C, cid=1567, SUCCESS, logIndex=2242, commits[3a39c983-6986-4da8-95c7-9482e2fa0f6f:c2244, 0f15f03e-3179-4fc8-ac54-a24fe3c72555:c2240, 11ea7e38-68de-49e0-a413-0aa394144289:c2240]
2019-07-09 08:42:03,480 INFO  client.GrpcClientProtocolClient (GrpcClientProtocolClient.java:onNext(255)) - client-E42F58674560->3a39c983-6986-4da8-95c7-9482e2fa0f6f: receive RaftClientReply:client-E42F58674560->3a39c983-6986-4da8-95c7-9482e2fa0f6f@group-5E4216B2975C, cid=1568, SUCCESS, logIndex=2243, commits[3a39c983-6986-4da8-95c7-9482e2fa0f6f:c2244, 0f15f03e-3179-4fc8-ac54-a24fe3c72555:c2240, 11ea7e38-68de-49e0-a413-0aa394144289:c2240]
2019-07-09 08:42:03,481 INFO  client.GrpcClientProtocolClient (GrpcClientProtocolClient.java:onNext(255)) - client-E42F58674560->3a39c983-6986-4da8-95c7-9482e2fa0f6f: receive RaftClientReply:client-E42F58674560->3a39c983-6986-4da8-95c7-9482e2fa0f6f@group-5E4216B2975C, cid=1569, SUCCESS, logIndex=2244, commits[3a39c983-6986-4da8-95c7-9482e2fa0f6f:c2244, 0f15f03e-3179-4fc8-ac54-a24fe3c72555:c2240, 11ea7e38-68de-49e0-a413-0aa394144289:c2240]
2019-07-09 08:42:03,494 INFO  client.GrpcClientProtocolClient (GrpcClientProtocolClient.java:onNext(255)) - client-E42F58674560->3a39c983-6986-4da8-95c7-9482e2fa0f6f: receive RaftClientReply:client-E42F58674560->3a39c983-6986-4da8-95c7-9482e2fa0f6f@group-5E4216B2975C, cid=1570, SUCCESS, logIndex=0, commits[3a39c983-6986-4da8-95c7-9482e2fa0f6f:c2248, 0f15f03e-3179-4fc8-ac54-a24fe3c72555:c2242, 11ea7e38-68de-49e0-a413-0aa394144289:c2244]
2019-07-09 08:42:03,515 INFO  client.GrpcClientProtocolClient (GrpcClientProtocolClient.java:onNext(255)) - client-E42F58674560->3a39c983-6986-4da8-95c7-9482e2fa0f6f: receive RaftClientReply:client-E42F58674560->3a39c983-6986-4da8-95c7-9482e2fa0f6f@group-5E4216B2975C, cid=1571, SUCCESS, logIndex=2249, commits[3a39c983-6986-4da8-95c7-9482e2fa0f6f:c2250, 0f15f03e-3179-4fc8-ac54-a24fe3c72555:c2248, 11ea7e38-68de-49e0-a413-0aa394144289:c2248]
2019-07-09 08:42:03,515 INFO  client.GrpcClientProtocolClient (GrpcClientProtocolClient.java:onNext(255)) - client-E42F58674560->3a39c983-6986-4da8-95c7-9482e2fa0f6f: receive RaftClientReply:client-E42F58674560->3a39c983-6986-4da8-95c7-9482e2fa0f6f@group-5E4216B2975C, cid=1572, SUCCESS, logIndex=2250, commits[3a39c983-6986-4da8-95c7-9482e2fa0f6f:c2250, 0f15f03e-3179-4fc8-ac54-a24fe3c72555:c2248, 11ea7e38-68de-49e0-a413-0aa394144289:c2248]
2019-07-09 08:42:03,530 INFO  client.GrpcClientProtocolClient (GrpcClientProtocolClient.java:onNext(255)) - client-E42F58674560->3a39c983-6986-4da8-95c7-9482e2fa0f6f: receive RaftClientReply:client-E42F58674560->3a39c983-6986-4da8-95c7-9482e2fa0f6f@group-5E4216B2975C, cid=1573, SUCCESS, logIndex=2253, commits[3a39c983-6986-4da8-95c7-9482e2fa0f6f:c2253, 0f15f03e-3179-4fc8-ac54-a24fe3c72555:c2250, 11ea7e38-68de-49e0-a413-0aa394144289:c2250]
2019-07-09 08:42:03,530 INFO  client.GrpcClientProtocolClient (GrpcClientProtocolClient.java:onNext(255)) - client-E42F58674560->3a39c983-6986-4da8-95c7-9482e2fa0f6f: receive RaftClientReply:client-E42F58674560->3a39c983-6986-4da8-95c7-9482e2fa0f6f@group-5E4216B2975C, cid=1574, SUCCESS, logIndex=2254, commits[3a39c983-6986-4da8-95c7-9482e2fa0f6f:c2254, 0f15f03e-3179-4fc8-ac54-a24fe3c72555:c2250, 11ea7e38-68de-49e0-a413-0aa394144289:c2250]
2019-07-09 08:42:03,545 INFO  client.GrpcClientProtocolClient (GrpcClientProtocolClient.java:onNext(255)) - client-E42F58674560->3a39c983-6986-4da8-95c7-9482e2fa0f6f: receive RaftClientReply:client-E42F58674560->3a39c983-6986-4da8-95c7-9482e2fa0f6f@group-5E4216B2975C, cid=1575, SUCCESS, logIndex=0, commits[3a39c983-6986-4da8-95c7-9482e2fa0f6f:c2256, 0f15f03e-3179-4fc8-ac54-a24fe3c72555:c2254, 11ea7e38-68de-49e0-a413-0aa394144289:c2254]
2019-07-09 08:42:03,569 INFO  client.GrpcClientProtocolClient (GrpcClientProtocolClient.java:onNext(255)) - client-E42F58674560->3a39c983-6986-4da8-95c7-9482e2fa0f6f: receive RaftClientReply:client-E42F58674560->3a39c983-6986-4da8-95c7-9482e2fa0f6f@group-5E4216B2975C, cid=1576, SUCCESS, logIndex=2257, commits[3a39c983-6986-4da8-95c7-9482e2fa0f6f:c2260, 0f15f03e-3179-4fc8-ac54-a24fe3c72555:c2256, 11ea7e38-68de-49e0-a413-0aa394144289:c2256]
2019-07-09 08:42:03,569 INFO  client.GrpcClientProtocolClient (GrpcClientProtocolClient.java:onNext(255)) - client-E42F58674560->3a39c983-6986-4da8-95c7-9482e2fa0f6f: receive RaftClientReply:client-E42F58674560->3a39c983-6986-4da8-95c7-9482e2fa0f6f@group-5E4216B2975C, cid=1577, SUCCESS, logIndex=2258, commits[3a39c983-6986-4da8-95c7-9482e2fa0f6f:c2260, 0f15f03e-3179-4fc8-ac54-a24fe3c72555:c2256, 11ea7e38-68de-49e0-a413-0aa394144289:c2256]
2019-07-09 08:42:03,570 INFO  client.GrpcClientProtocolClient (GrpcClientProtocolClient.java:onNext(255)) - client-E42F58674560->3a39c983-6986-4da8-95c7-9482e2fa0f6f: receive RaftClientReply:client-E42F58674560->3a39c983-6986-4da8-95c7-9482e2fa0f6f@group-5E4216B2975C, cid=1578, SUCCESS, logIndex=2259, commits[3a39c983-6986-4da8-95c7-9482e2fa0f6f:c2261, 0f15f03e-3179-4fc8-ac54-a24fe3c72555:c2258, 11ea7e38-68de-49e0-a413-0aa394144289:c2256]
2019-07-09 08:42:03,570 INFO  client.GrpcClientProtocolClient (GrpcClientProtocolClient.java:onNext(255)) - client-E42F58674560->3a39c983-6986-4da8-95c7-9482e2fa0f6f: receive RaftClientReply:client-E42F58674560->3a39c983-6986-4da8-95c7-9482e2fa0f6f@group-5E4216B2975C, cid=1579, SUCCESS, logIndex=2260, commits[3a39c983-6986-4da8-95c7-9482e2fa0f6f:c2261, 0f15f03e-3179-4fc8-ac54-a24fe3c72555:c2258, 11ea7e38-68de-49e0-a413-0aa394144289:c2256]
2019-07-09 08:42:03,572 INFO  client.GrpcClientProtocolClient (GrpcClientProtocolClient.java:onNext(255)) - client-E42F58674560->3a39c983-6986-4da8-95c7-9482e2fa0f6f: receive RaftClientReply:client-E42F58674560->3a39c983-6986-4da8-95c7-9482e2fa0f6f@group-5E4216B2975C, cid=1580, SUCCESS, logIndex=0, commits[3a39c983-6986-4da8-95c7-9482e2fa0f6f:c2261, 0f15f03e-3179-4fc8-ac54-a24fe3c72555:c2258, 11ea7e38-68de-49e0-a413-0aa394144289:c2258]
2019-07-09 08:42:03,598 INFO  client.GrpcClientProtocolClient (GrpcClientProtocolClient.java:onNext(255)) - client-E42F58674560->3a39c983-6986-4da8-95c7-9482e2fa0f6f: receive RaftClientReply:client-E42F58674560->3a39c983-6986-4da8-95c7-9482e2fa0f6f@group-5E4216B2975C, cid=1581, SUCCESS, logIndex=2265, commits[3a39c983-6986-4da8-95c7-9482e2fa0f6f:c2266, 0f15f03e-3179-4fc8-ac54-a24fe3c72555:c2264, 11ea7e38-68de-49e0-a413-0aa394144289:c2264]
2019-07-09 08:42:03,598 INFO  client.GrpcClientProtocolClient (GrpcClientProtocolClient.java:onNext(255)) - client-E42F58674560->3a39c983-6986-4da8-95c7-9482e2fa0f6f: receive RaftClientReply:client-E42F58674560->3a39c983-6986-4da8-95c7-9482e2fa0f6f@group-5E4216B2975C, cid=1582, SUCCESS, logIndex=2266, commits[3a39c983-6986-4da8-95c7-9482e2fa0f6f:c2266, 0f15f03e-3179-4fc8-ac54-a24fe3c72555:c2264, 11ea7e38-68de-49e0-a413-0aa394144289:c2264]
2019-07-09 08:42:03,611 INFO  client.GrpcClientProtocolClient (GrpcClientProtocolClient.java:onNext(255)) - client-E42F58674560->3a39c983-6986-4da8-95c7-9482e2fa0f6f: receive RaftClientReply:client-E42F58674560->3a39c983-6986-4da8-95c7-9482e2fa0f6f@group-5E4216B2975C, cid=1583, SUCCESS, logIndex=2269, commits[3a39c983-6986-4da8-95c7-9482e2fa0f6f:c2270, 0f15f03e-3179-4fc8-ac54-a24fe3c72555:c2266, 11ea7e38-68de-49e0-a413-0aa394144289:c2266]
2019-07-09 08:42:03,612 INFO  client.GrpcClientProtocolClient (GrpcClientProtocolClient.java:onNext(255)) - client-E42F58674560->3a39c983-6986-4da8-95c7-9482e2fa0f6f: receive RaftClientReply:client-E42F58674560->3a39c983-6986-4da8-95c7-9482e2fa0f6f@group-5E4216B2975C, cid=1584, SUCCESS, logIndex=2270, commits[3a39c983-6986-4da8-95c7-9482e2fa0f6f:c2270, 0f15f03e-3179-4fc8-ac54-a24fe3c72555:c2266, 11ea7e38-68de-49e0-a413-0aa394144289:c2266]
2019-07-09 08:42:03,626 INFO  client.GrpcClientProtocolClient (GrpcClientProtocolClient.java:onNext(255)) - client-E42F58674560->3a39c983-6986-4da8-95c7-9482e2fa0f6f: receive RaftClientReply:client-E42F58674560->3a39c983-6986-4da8-95c7-9482e2fa0f6f@group-5E4216B2975C, cid=1585, SUCCESS, logIndex=0, commits[3a39c983-6986-4da8-95c7-9482e2fa0f6f:c2272, 0f15f03e-3179-4fc8-ac54-a24fe3c72555:c2270, 11ea7e38-68de-49e0-a413-0aa394144289:c2270]
 0.00% |█                                                                                                    |  0/1 Time: 0:00:112019-07-09 08:42:03,736 INFO  client.GrpcClientProtocolClient (GrpcClientProtocolClient.java:onNext(255)) - client-E42F58674560->3a39c983-6986-4da8-95c7-9482e2fa0f6f: receive RaftClientReply:client-E42F58674560->3a39c983-6986-4da8-95c7-9482e2fa0f6f@group-5E4216B2975C, cid=1586, SUCCESS, logIndex=2273, commits[3a39c983-6986-4da8-95c7-9482e2fa0f6f:c2274, 0f15f03e-3179-4fc8-ac54-a24fe3c72555:c2272, 11ea7e38-68de-49e0-a413-0aa394144289:c2272]
2019-07-09 08:42:03,737 INFO  client.GrpcClientProtocolClient (GrpcClientProtocolClient.java:onNext(255)) - client-E42F58674560->3a39c983-6986-4da8-95c7-9482e2fa0f6f: receive RaftClientReply:client-E42F58674560->3a39c983-6986-4da8-95c7-9482e2fa0f6f@group-5E4216B2975C, cid=1587, SUCCESS, logIndex=2274, commits[3a39c983-6986-4da8-95c7-9482e2fa0f6f:c2275, 0f15f03e-3179-4fc8-ac54-a24fe3c72555:c2272, 11ea7e38-68de-49e0-a413-0aa394144289:c2272]
2019-07-09 08:42:03,737 INFO  client.GrpcClientProtocolClient (GrpcClientProtocolClient.java:onNext(255)) - client-E42F58674560->3a39c983-6986-4da8-95c7-9482e2fa0f6f: receive RaftClientReply:client-E42F58674560->3a39c983-6986-4da8-95c7-9482e2fa0f6f@group-5E4216B2975C, cid=1588, SUCCESS, logIndex=2275, commits[3a39c983-6986-4da8-95c7-9482e2fa0f6f:c2278, 0f15f03e-3179-4fc8-ac54-a24fe3c72555:c2274, 11ea7e38-68de-49e0-a413-0aa394144289:c2272]
2019-07-09 08:42:03,737 INFO  client.GrpcClientProtocolClient (GrpcClientProtocolClient.java:onNext(255)) - client-E42F58674560->3a39c983-6986-4da8-95c7-9482e2fa0f6f: receive RaftClientReply:client-E42F58674560->3a39c983-6986-4da8-95c7-9482e2fa0f6f@group-5E4216B2975C, cid=1589, SUCCESS, logIndex=2276, commits[3a39c983-6986-4da8-95c7-9482e2fa0f6f:c2278, 0f15f03e-3179-4fc8-ac54-a24fe3c72555:c2274, 11ea7e38-68de-49e0-a413-0aa394144289:c2272]
2019-07-09 08:42:03,748 INFO  client.GrpcClientProtocolClient (GrpcClientProtocolClient.java:onNext(255)) - client-E42F58674560->3a39c983-6986-4da8-95c7-9482e2fa0f6f: receive RaftClientReply:client-E42F58674560->3a39c983-6986-4da8-95c7-9482e2fa0f6f@group-5E4216B2975C, cid=1590, SUCCESS, logIndex=0, commits[3a39c983-6986-4da8-95c7-9482e2fa0f6f:c2278, 0f15f03e-3179-4fc8-ac54-a24fe3c72555:c2274, 11ea7e38-68de-49e0-a413-0aa394144289:c2274]
2019-07-09 08:42:03,770 INFO  client.GrpcClientProtocolClient (GrpcClientProtocolClient.java:onNext(255)) - client-E42F58674560->3a39c983-6986-4da8-95c7-9482e2fa0f6f: receive RaftClientReply:client-E42F58674560->3a39c983-6986-4da8-95c7-9482e2fa0f6f@group-5E4216B2975C, cid=1591, SUCCESS, logIndex=2281, commits[3a39c983-6986-4da8-95c7-9482e2fa0f6f:c2282, 0f15f03e-3179-4fc8-ac54-a24fe3c72555:c2280, 11ea7e38-68de-49e0-a413-0aa394144289:c2280]
2019-07-09 08:42:03,770 INFO  client.GrpcClientProtocolClient (GrpcClientProtocolClient.java:onNext(255)) - client-E42F58674560->3a39c983-6986-4da8-95c7-9482e2fa0f6f: receive RaftClientReply:client-E42F58674560->3a39c983-6986-4da8-95c7-9482e2fa0f6f@group-5E4216B2975C, cid=1592, SUCCESS, logIndex=2282, commits[3a39c983-6986-4da8-95c7-9482e2fa0f6f:c2282, 0f15f03e-3179-4fc8-ac54-a24fe3c72555:c2280, 11ea7e38-68de-49e0-a413-0aa394144289:c2280]
2019-07-09 08:42:03,783 INFO  client.GrpcClientProtocolClient (GrpcClientProtocolClient.java:onNext(255)) - client-E42F58674560->3a39c983-6986-4da8-95c7-9482e2fa0f6f: receive RaftClientReply:client-E42F58674560->3a39c983-6986-4da8-95c7-9482e2fa0f6f@group-5E4216B2975C, cid=1593, SUCCESS, logIndex=2285, commits[3a39c983-6986-4da8-95c7-9482e2fa0f6f:c2286, 0f15f03e-3179-4fc8-ac54-a24fe3c72555:c2282, 11ea7e38-68de-49e0-a413-0aa394144289:c2281]
2019-07-09 08:42:03,783 INFO  client.GrpcClientProtocolClient (GrpcClientProtocolClient.java:onNext(255)) - client-E42F58674560->3a39c983-6986-4da8-95c7-9482e2fa0f6f: receive RaftClientReply:client-E42F58674560->3a39c983-6986-4da8-95c7-9482e2fa0f6f@group-5E4216B2975C, cid=1594, SUCCESS, logIndex=2286, commits[3a39c983-6986-4da8-95c7-9482e2fa0f6f:c2286, 0f15f03e-3179-4fc8-ac54-a24fe3c72555:c2282, 11ea7e38-68de-49e0-a413-0aa394144289:c2282]
2019-07-09 08:42:03,786 INFO  client.GrpcClientProtocolClient (GrpcClientProtocolClient.java:onNext(255)) - client-E42F58674560->3a39c983-6986-4da8-95c7-9482e2fa0f6f: receive RaftClientReply:client-E42F58674560->3a39c983-6986-4da8-95c7-9482e2fa0f6f@group-5E4216B2975C, cid=1595, SUCCESS, logIndex=0, commits[3a39c983-6986-4da8-95c7-9482e2fa0f6f:c2288, 0f15f03e-3179-4fc8-ac54-a24fe3c72555:c2286, 11ea7e38-68de-49e0-a413-0aa394144289:c2286]
2019-07-09 08:42:03,815 INFO  client.GrpcClientProtocolClient (GrpcClientProtocolClient.java:onNext(255)) - client-E42F58674560->3a39c983-6986-4da8-95c7-9482e2fa0f6f: receive RaftClientReply:client-E42F58674560->3a39c983-6986-4da8-95c7-9482e2fa0f6f@group-5E4216B2975C, cid=1596, SUCCESS, logIndex=2289, commits[3a39c983-6986-4da8-95c7-9482e2fa0f6f:c2291, 0f15f03e-3179-4fc8-ac54-a24fe3c72555:c2288, 11ea7e38-68de-49e0-a413-0aa394144289:c2288]
2019-07-09 08:42:03,815 INFO  client.GrpcClientProtocolClient (GrpcClientProtocolClient.java:onNext(255)) - client-E42F58674560->3a39c983-6986-4da8-95c7-9482e2fa0f6f: receive RaftClientReply:client-E42F58674560->3a39c983-6986-4da8-95c7-9482e2fa0f6f@group-5E4216B2975C, cid=1597, SUCCESS, logIndex=2290, commits[3a39c983-6986-4da8-95c7-9482e2fa0f6f:c2292, 0f15f03e-3179-4fc8-ac54-a24fe3c72555:c2288, 11ea7e38-68de-49e0-a413-0aa394144289:c2288]
2019-07-09 08:42:03,816 INFO  client.GrpcClientProtocolClient (GrpcClientProtocolClient.java:onNext(255)) - client-E42F58674560->3a39c983-6986-4da8-95c7-9482e2fa0f6f: receive RaftClientReply:client-E42F58674560->3a39c983-6986-4da8-95c7-9482e2fa0f6f@group-5E4216B2975C, cid=1598, SUCCESS, logIndex=2291, commits[3a39c983-6986-4da8-95c7-9482e2fa0f6f:c2292, 0f15f03e-3179-4fc8-ac54-a24fe3c72555:c2288, 11ea7e38-68de-49e0-a413-0aa394144289:c2288]
2019-07-09 08:42:03,816 INFO  client.GrpcClientProtocolClient (GrpcClientProtocolClient.java:onNext(255)) - client-E42F58674560->3a39c983-6986-4da8-95c7-9482e2fa0f6f: receive RaftClientReply:client-E42F58674560->3a39c983-6986-4da8-95c7-9482e2fa0f6f@group-5E4216B2975C, cid=1599, SUCCESS, logIndex=2292, commits[3a39c983-6986-4da8-95c7-9482e2fa0f6f:c2292, 0f15f03e-3179-4fc8-ac54-a24fe3c72555:c2288, 11ea7e38-68de-49e0-a413-0aa394144289:c2288]
2019-07-09 08:42:03,818 INFO  client.GrpcClientProtocolClient (GrpcClientProtocolClient.java:onNext(255)) - client-E42F58674560->3a39c983-6986-4da8-95c7-9482e2fa0f6f: receive RaftClientReply:client-E42F58674560->3a39c983-6986-4da8-95c7-9482e2fa0f6f@group-5E4216B2975C, cid=1600, SUCCESS, logIndex=0, commits[3a39c983-6986-4da8-95c7-9482e2fa0f6f:c2296, 0f15f03e-3179-4fc8-ac54-a24fe3c72555:c2290, 11ea7e38-68de-49e0-a413-0aa394144289:c2292]
2019-07-09 08:42:03,840 INFO  client.GrpcClientProtocolClient (GrpcClientProtocolClient.java:onNext(255)) - client-E42F58674560->3a39c983-6986-4da8-95c7-9482e2fa0f6f: receive RaftClientReply:client-E42F58674560->3a39c983-6986-4da8-95c7-9482e2fa0f6f@group-5E4216B2975C, cid=1601, SUCCESS, logIndex=2297, commits[3a39c983-6986-4da8-95c7-9482e2fa0f6f:c2298, 0f15f03e-3179-4fc8-ac54-a24fe3c72555:c2296, 11ea7e38-68de-49e0-a413-0aa394144289:c2296]
2019-07-09 08:42:03,841 INFO  client.GrpcClientProtocolClient (GrpcClientProtocolClient.java:onNext(255)) - client-E42F58674560->3a39c983-6986-4da8-95c7-9482e2fa0f6f: receive RaftClientReply:client-E42F58674560->3a39c983-6986-4da8-95c7-9482e2fa0f6f@group-5E4216B2975C, cid=1602, SUCCESS, logIndex=2298, commits[3a39c983-6986-4da8-95c7-9482e2fa0f6f:c2298, 0f15f03e-3179-4fc8-ac54-a24fe3c72555:c2296, 11ea7e38-68de-49e0-a413-0aa394144289:c2296]
2019-07-09 08:42:03,862 INFO  client.GrpcClientProtocolClient (GrpcClientProtocolClient.java:onNext(255)) - client-E42F58674560->3a39c983-6986-4da8-95c7-9482e2fa0f6f: receive RaftClientReply:client-E42F58674560->3a39c983-6986-4da8-95c7-9482e2fa0f6f@group-5E4216B2975C, cid=1603, SUCCESS, logIndex=2301, commits[3a39c983-6986-4da8-95c7-9482e2fa0f6f:c2302, 0f15f03e-3179-4fc8-ac54-a24fe3c72555:c2298, 11ea7e38-68de-49e0-a413-0aa394144289:c2298]
2019-07-09 08:42:03,862 INFO  client.GrpcClientProtocolClient (GrpcClientProtocolClient.java:onNext(255)) - client-E42F58674560->3a39c983-6986-4da8-95c7-9482e2fa0f6f: receive RaftClientReply:client-E42F58674560->3a39c983-6986-4da8-95c7-9482e2fa0f6f@group-5E4216B2975C, cid=1604, SUCCESS, logIndex=2302, commits[3a39c983-6986-4da8-95c7-9482e2fa0f6f:c2302, 0f15f03e-3179-4fc8-ac54-a24fe3c72555:c2298, 11ea7e38-68de-49e0-a413-0aa394144289:c2298]
2019-07-09 08:42:03,874 INFO  client.GrpcClientProtocolClient (GrpcClientProtocolClient.java:onNext(255)) - client-E42F58674560->3a39c983-6986-4da8-95c7-9482e2fa0f6f: receive RaftClientReply:client-E42F58674560->3a39c983-6986-4da8-95c7-9482e2fa0f6f@group-5E4216B2975C, cid=1605, SUCCESS, logIndex=0, commits[3a39c983-6986-4da8-95c7-9482e2fa0f6f:c2303, 0f15f03e-3179-4fc8-ac54-a24fe3c72555:c2302, 11ea7e38-68de-49e0-a413-0aa394144289:c2302]
2019-07-09 08:42:03,901 INFO  client.GrpcClientProtocolClient (GrpcClientProtocolClient.java:onNext(255)) - client-E42F58674560->3a39c983-6986-4da8-95c7-9482e2fa0f6f: receive RaftClientReply:client-E42F58674560->3a39c983-6986-4da8-95c7-9482e2fa0f6f@group-5E4216B2975C, cid=1606, SUCCESS, logIndex=2305, commits[3a39c983-6986-4da8-95c7-9482e2fa0f6f:c2306, 0f15f03e-3179-4fc8-ac54-a24fe3c72555:c2304, 11ea7e38-68de-49e0-a413-0aa394144289:c2304]
2019-07-09 08:42:03,902 INFO  client.GrpcClientProtocolClient (GrpcClientProtocolClient.java:onNext(255)) - client-E42F58674560->3a39c983-6986-4da8-95c7-9482e2fa0f6f: receive RaftClientReply:client-E42F58674560->3a39c983-6986-4da8-95c7-9482e2fa0f6f@group-5E4216B2975C, cid=1607, SUCCESS, logIndex=2306, commits[3a39c983-6986-4da8-95c7-9482e2fa0f6f:c2308, 0f15f03e-3179-4fc8-ac54-a24fe3c72555:c2304, 11ea7e38-68de-49e0-a413-0aa394144289:c2304]
2019-07-09 08:42:03,902 INFO  client.GrpcClientProtocolClient (GrpcClientProtocolClient.java:onNext(255)) - client-E42F58674560->3a39c983-6986-4da8-95c7-9482e2fa0f6f: receive RaftClientReply:client-E42F58674560->3a39c983-6986-4da8-95c7-9482e2fa0f6f@group-5E4216B2975C, cid=1608, SUCCESS, logIndex=2307, commits[3a39c983-6986-4da8-95c7-9482e2fa0f6f:c2308, 0f15f03e-3179-4fc8-ac54-a24fe3c72555:c2304, 11ea7e38-68de-49e0-a413-0aa394144289:c2304]
2019-07-09 08:42:03,902 INFO  client.GrpcClientProtocolClient (GrpcClientProtocolClient.java:onNext(255)) - client-E42F58674560->3a39c983-6986-4da8-95c7-9482e2fa0f6f: receive RaftClientReply:client-E42F58674560->3a39c983-6986-4da8-95c7-9482e2fa0f6f@group-5E4216B2975C, cid=1609, SUCCESS, logIndex=2308, commits[3a39c983-6986-4da8-95c7-9482e2fa0f6f:c2308, 0f15f03e-3179-4fc8-ac54-a24fe3c72555:c2304, 11ea7e38-68de-49e0-a413-0aa394144289:c2304]
2019-07-09 08:42:03,906 INFO  client.GrpcClientProtocolClient (GrpcClientProtocolClient.java:onNext(255)) - client-E42F58674560->3a39c983-6986-4da8-95c7-9482e2fa0f6f: receive RaftClientReply:client-E42F58674560->3a39c983-6986-4da8-95c7-9482e2fa0f6f@group-5E4216B2975C, cid=1610, SUCCESS, logIndex=0, commits[3a39c983-6986-4da8-95c7-9482e2fa0f6f:c2312, 0f15f03e-3179-4fc8-ac54-a24fe3c72555:c2308, 11ea7e38-68de-49e0-a413-0aa394144289:c2306]
2019-07-09 08:42:03,942 INFO  client.GrpcClientProtocolClient (GrpcClientProtocolClient.java:onNext(255)) - client-E42F58674560->3a39c983-6986-4da8-95c7-9482e2fa0f6f: receive RaftClientReply:client-E42F58674560->3a39c983-6986-4da8-95c7-9482e2fa0f6f@group-5E4216B2975C, cid=1611, SUCCESS, logIndex=2313, commits[3a39c983-6986-4da8-95c7-9482e2fa0f6f:c2314, 0f15f03e-3179-4fc8-ac54-a24fe3c72555:c2312, 11ea7e38-68de-49e0-a413-0aa394144289:c2312]
2019-07-09 08:42:03,943 INFO  client.GrpcClientProtocolClient (GrpcClientProtocolClient.java:onNext(255)) - client-E42F58674560->3a39c983-6986-4da8-95c7-9482e2fa0f6f: receive RaftClientReply:client-E42F58674560->3a39c983-6986-4da8-95c7-9482e2fa0f6f@group-5E4216B2975C, cid=1612, SUCCESS, logIndex=2314, commits[3a39c983-6986-4da8-95c7-9482e2fa0f6f:c2314, 0f15f03e-3179-4fc8-ac54-a24fe3c72555:c2312, 11ea7e38-68de-49e0-a413-0aa394144289:c2312]
2019-07-09 08:42:03,956 INFO  client.GrpcClientProtocolClient (GrpcClientProtocolClient.java:onNext(255)) - client-E42F58674560->3a39c983-6986-4da8-95c7-9482e2fa0f6f: receive RaftClientReply:client-E42F58674560->3a39c983-6986-4da8-95c7-9482e2fa0f6f@group-5E4216B2975C, cid=1613, SUCCESS, logIndex=2317, commits[3a39c983-6986-4da8-95c7-9482e2fa0f6f:c2318, 0f15f03e-3179-4fc8-ac54-a24fe3c72555:c2313, 11ea7e38-68de-49e0-a413-0aa394144289:c2314]
2019-07-09 08:42:03,956 INFO  client.GrpcClientProtocolClient (GrpcClientProtocolClient.java:onNext(255)) - client-E42F58674560->3a39c983-6986-4da8-95c7-9482e2fa0f6f: receive RaftClientReply:client-E42F58674560->3a39c983-6986-4da8-95c7-9482e2fa0f6f@group-5E4216B2975C, cid=1614, SUCCESS, logIndex=2318, commits[3a39c983-6986-4da8-95c7-9482e2fa0f6f:c2318, 0f15f03e-3179-4fc8-ac54-a24fe3c72555:c2314, 11ea7e38-68de-49e0-a413-0aa394144289:c2314]
2019-07-09 08:42:03,958 INFO  client.GrpcClientProtocolClient (GrpcClientProtocolClient.java:onNext(255)) - client-E42F58674560->3a39c983-6986-4da8-95c7-9482e2fa0f6f: receive RaftClientReply:client-E42F58674560->3a39c983-6986-4da8-95c7-9482e2fa0f6f@group-5E4216B2975C, cid=1615, SUCCESS, logIndex=0, commits[3a39c983-6986-4da8-95c7-9482e2fa0f6f:c2319, 0f15f03e-3179-4fc8-ac54-a24fe3c72555:c2318, 11ea7e38-68de-49e0-a413-0aa394144289:c2318]
2019-07-09 08:42:03,988 INFO  client.GrpcClientProtocolClient (GrpcClientProtocolClient.java:onNext(255)) - client-E42F58674560->3a39c983-6986-4da8-95c7-9482e2fa0f6f: receive RaftClientReply:client-E42F58674560->3a39c983-6986-4da8-95c7-9482e2fa0f6f@group-5E4216B2975C, cid=1616, SUCCESS, logIndex=2321, commits[3a39c983-6986-4da8-95c7-9482e2fa0f6f:c2322, 0f15f03e-3179-4fc8-ac54-a24fe3c72555:c2320, 11ea7e38-68de-49e0-a413-0aa394144289:c2320]
2019-07-09 08:42:03,988 INFO  client.GrpcClientProtocolClient (GrpcClientProtocolClient.java:onNext(255)) - client-E42F58674560->3a39c983-6986-4da8-95c7-9482e2fa0f6f: receive RaftClientReply:client-E42F58674560->3a39c983-6986-4da8-95c7-9482e2fa0f6f@group-5E4216B2975C, cid=1617, SUCCESS, logIndex=2322, commits[3a39c983-6986-4da8-95c7-9482e2fa0f6f:c2324, 0f15f03e-3179-4fc8-ac54-a24fe3c72555:c2320, 11ea7e38-68de-49e0-a413-0aa394144289:c2320]
2019-07-09 08:42:03,989 INFO  client.GrpcClientProtocolClient (GrpcClientProtocolClient.java:onNext(255)) - client-E42F58674560->3a39c983-6986-4da8-95c7-9482e2fa0f6f: receive RaftClientReply:client-E42F58674560->3a39c983-6986-4da8-95c7-9482e2fa0f6f@group-5E4216B2975C, cid=1618, SUCCESS, logIndex=2323, commits[3a39c983-6986-4da8-95c7-9482e2fa0f6f:c2324, 0f15f03e-3179-4fc8-ac54-a24fe3c72555:c2320, 11ea7e38-68de-49e0-a413-0aa394144289:c2320]
2019-07-09 08:42:03,989 INFO  client.GrpcClientProtocolClient (GrpcClientProtocolClient.java:onNext(255)) - client-E42F58674560->3a39c983-6986-4da8-95c7-9482e2fa0f6f: receive RaftClientReply:client-E42F58674560->3a39c983-6986-4da8-95c7-9482e2fa0f6f@group-5E4216B2975C, cid=1619, SUCCESS, logIndex=2324, commits[3a39c983-6986-4da8-95c7-9482e2fa0f6f:c2326, 0f15f03e-3179-4fc8-ac54-a24fe3c72555:c2321, 11ea7e38-68de-49e0-a413-0aa394144289:c2322]
2019-07-09 08:42:03,990 INFO  client.GrpcClientProtocolClient (GrpcClientProtocolClient.java:onNext(255)) - client-E42F58674560->3a39c983-6986-4da8-95c7-9482e2fa0f6f: receive RaftClientReply:client-E42F58674560->3a39c983-6986-4da8-95c7-9482e2fa0f6f@group-5E4216B2975C, cid=1620, SUCCESS, logIndex=0, commits[3a39c983-6986-4da8-95c7-9482e2fa0f6f:c2328, 0f15f03e-3179-4fc8-ac54-a24fe3c72555:c2324, 11ea7e38-68de-49e0-a413-0aa394144289:c2322]
2019-07-09 08:42:04,008 INFO  client.GrpcClientProtocolClient (GrpcClientProtocolClient.java:onNext(255)) - client-E42F58674560->3a39c983-6986-4da8-95c7-9482e2fa0f6f: receive RaftClientReply:client-E42F58674560->3a39c983-6986-4da8-95c7-9482e2fa0f6f@group-5E4216B2975C, cid=1621, SUCCESS, logIndex=2329, commits[3a39c983-6986-4da8-95c7-9482e2fa0f6f:c2330, 0f15f03e-3179-4fc8-ac54-a24fe3c72555:c2328, 11ea7e38-68de-49e0-a413-0aa394144289:c2328]
2019-07-09 08:42:04,009 INFO  client.GrpcClientProtocolClient (GrpcClientProtocolClient.java:onNext(255)) - client-E42F58674560->3a39c983-6986-4da8-95c7-9482e2fa0f6f: receive RaftClientReply:client-E42F58674560->3a39c983-6986-4da8-95c7-9482e2fa0f6f@group-5E4216B2975C, cid=1622, SUCCESS, logIndex=2330, commits[3a39c983-6986-4da8-95c7-9482e2fa0f6f:c2330, 0f15f03e-3179-4fc8-ac54-a24fe3c72555:c2328, 11ea7e38-68de-49e0-a413-0aa394144289:c2328]
2019-07-09 08:42:04,022 INFO  client.GrpcClientProtocolClient (GrpcClientProtocolClient.java:onNext(255)) - client-E42F58674560->3a39c983-6986-4da8-95c7-9482e2fa0f6f: receive RaftClientReply:client-E42F58674560->3a39c983-6986-4da8-95c7-9482e2fa0f6f@group-5E4216B2975C, cid=1623, SUCCESS, logIndex=2333, commits[3a39c983-6986-4da8-95c7-9482e2fa0f6f:c2334, 0f15f03e-3179-4fc8-ac54-a24fe3c72555:c2330, 11ea7e38-68de-49e0-a413-0aa394144289:c2330]
2019-07-09 08:42:04,022 INFO  client.GrpcClientProtocolClient (GrpcClientProtocolClient.java:onNext(255)) - client-E42F58674560->3a39c983-6986-4da8-95c7-9482e2fa0f6f: receive RaftClientReply:client-E42F58674560->3a39c983-6986-4da8-95c7-9482e2fa0f6f@group-5E4216B2975C, cid=1624, SUCCESS, logIndex=2334, commits[3a39c983-6986-4da8-95c7-9482e2fa0f6f:c2334, 0f15f03e-3179-4fc8-ac54-a24fe3c72555:c2330, 11ea7e38-68de-49e0-a413-0aa394144289:c2330]
2019-07-09 08:42:04,036 INFO  client.GrpcClientProtocolClient (GrpcClientProtocolClient.java:onNext(255)) - client-E42F58674560->3a39c983-6986-4da8-95c7-9482e2fa0f6f: receive RaftClientReply:client-E42F58674560->3a39c983-6986-4da8-95c7-9482e2fa0f6f@group-5E4216B2975C, cid=1625, SUCCESS, logIndex=0, commits[3a39c983-6986-4da8-95c7-9482e2fa0f6f:c2336, 0f15f03e-3179-4fc8-ac54-a24fe3c72555:c2334, 11ea7e38-68de-49e0-a413-0aa394144289:c2334]
2019-07-09 08:42:04,063 INFO  client.GrpcClientProtocolClient (GrpcClientProtocolClient.java:onNext(255)) - client-E42F58674560->3a39c983-6986-4da8-95c7-9482e2fa0f6f: receive RaftClientReply:client-E42F58674560->3a39c983-6986-4da8-95c7-9482e2fa0f6f@group-5E4216B2975C, cid=1626, SUCCESS, logIndex=2337, commits[3a39c983-6986-4da8-95c7-9482e2fa0f6f:c2339, 0f15f03e-3179-4fc8-ac54-a24fe3c72555:c2336, 11ea7e38-68de-49e0-a413-0aa394144289:c2336]
2019-07-09 08:42:04,063 INFO  client.GrpcClientProtocolClient (GrpcClientProtocolClient.java:onNext(255)) - client-E42F58674560->3a39c983-6986-4da8-95c7-9482e2fa0f6f: receive RaftClientReply:client-E42F58674560->3a39c983-6986-4da8-95c7-9482e2fa0f6f@group-5E4216B2975C, cid=1627, SUCCESS, logIndex=2338, commits[3a39c983-6986-4da8-95c7-9482e2fa0f6f:c2340, 0f15f03e-3179-4fc8-ac54-a24fe3c72555:c2336, 11ea7e38-68de-49e0-a413-0aa394144289:c2336]
2019-07-09 08:42:04,064 INFO  client.GrpcClientProtocolClient (GrpcClientProtocolClient.java:onNext(255)) - client-E42F58674560->3a39c983-6986-4da8-95c7-9482e2fa0f6f: receive RaftClientReply:client-E42F58674560->3a39c983-6986-4da8-95c7-9482e2fa0f6f@group-5E4216B2975C, cid=1628, SUCCESS, logIndex=2339, commits[3a39c983-6986-4da8-95c7-9482e2fa0f6f:c2340, 0f15f03e-3179-4fc8-ac54-a24fe3c72555:c2336, 11ea7e38-68de-49e0-a413-0aa394144289:c2336]
2019-07-09 08:42:04,064 INFO  client.GrpcClientProtocolClient (GrpcClientProtocolClient.java:onNext(255)) - client-E42F58674560->3a39c983-6986-4da8-95c7-9482e2fa0f6f: receive RaftClientReply:client-E42F58674560->3a39c983-6986-4da8-95c7-9482e2fa0f6f@group-5E4216B2975C, cid=1629, SUCCESS, logIndex=2340, commits[3a39c983-6986-4da8-95c7-9482e2fa0f6f:c2340, 0f15f03e-3179-4fc8-ac54-a24fe3c72555:c2336, 11ea7e38-68de-49e0-a413-0aa394144289:c2336]
2019-07-09 08:42:04,078 INFO  client.GrpcClientProtocolClient (GrpcClientProtocolClient.java:onNext(255)) - client-E42F58674560->3a39c983-6986-4da8-95c7-9482e2fa0f6f: receive RaftClientReply:client-E42F58674560->3a39c983-6986-4da8-95c7-9482e2fa0f6f@group-5E4216B2975C, cid=1630, SUCCESS, logIndex=0, commits[3a39c983-6986-4da8-95c7-9482e2fa0f6f:c2342, 0f15f03e-3179-4fc8-ac54-a24fe3c72555:c2338, 11ea7e38-68de-49e0-a413-0aa394144289:c2338]
2019-07-09 08:42:04,098 INFO  client.GrpcClientProtocolClient (GrpcClientProtocolClient.java:onNext(255)) - client-E42F58674560->3a39c983-6986-4da8-95c7-9482e2fa0f6f: receive RaftClientReply:client-E42F58674560->3a39c983-6986-4da8-95c7-9482e2fa0f6f@group-5E4216B2975C, cid=1631, SUCCESS, logIndex=2345, commits[3a39c983-6986-4da8-95c7-9482e2fa0f6f:c2346, 0f15f03e-3179-4fc8-ac54-a24fe3c72555:c2344, 11ea7e38-68de-49e0-a413-0aa394144289:c2344]
2019-07-09 08:42:04,099 INFO  client.GrpcClientProtocolClient (GrpcClientProtocolClient.java:onNext(255)) - client-E42F58674560->3a39c983-6986-4da8-95c7-9482e2fa0f6f: receive RaftClientReply:client-E42F58674560->3a39c983-6986-4da8-95c7-9482e2fa0f6f@group-5E4216B2975C, cid=1632, SUCCESS, logIndex=2346, commits[3a39c983-6986-4da8-95c7-9482e2fa0f6f:c2346, 0f15f03e-3179-4fc8-ac54-a24fe3c72555:c2344, 11ea7e38-68de-49e0-a413-0aa394144289:c2344]
2019-07-09 08:42:04,114 INFO  client.GrpcClientProtocolClient (GrpcClientProtocolClient.java:onNext(255)) - client-E42F58674560->3a39c983-6986-4da8-95c7-9482e2fa0f6f: receive RaftClientReply:client-E42F58674560->3a39c983-6986-4da8-95c7-9482e2fa0f6f@group-5E4216B2975C, cid=1633, SUCCESS, logIndex=2349, commits[3a39c983-6986-4da8-95c7-9482e2fa0f6f:c2350, 0f15f03e-3179-4fc8-ac54-a24fe3c72555:c2346, 11ea7e38-68de-49e0-a413-0aa394144289:c2346]
2019-07-09 08:42:04,114 INFO  client.GrpcClientProtocolClient (GrpcClientProtocolClient.java:onNext(255)) - client-E42F58674560->3a39c983-6986-4da8-95c7-9482e2fa0f6f: receive RaftClientReply:client-E42F58674560->3a39c983-6986-4da8-95c7-9482e2fa0f6f@group-5E4216B2975C, cid=1634, SUCCESS, logIndex=2350, commits[3a39c983-6986-4da8-95c7-9482e2fa0f6f:c2350, 0f15f03e-3179-4fc8-ac54-a24fe3c72555:c2346, 11ea7e38-68de-49e0-a413-0aa394144289:c2346]
2019-07-09 08:42:04,133 INFO  client.GrpcClientProtocolClient (GrpcClientProtocolClient.java:onNext(255)) - client-E42F58674560->3a39c983-6986-4da8-95c7-9482e2fa0f6f: receive RaftClientReply:client-E42F58674560->3a39c983-6986-4da8-95c7-9482e2fa0f6f@group-5E4216B2975C, cid=1635, SUCCESS, logIndex=0, commits[3a39c983-6986-4da8-95c7-9482e2fa0f6f:c2352, 0f15f03e-3179-4fc8-ac54-a24fe3c72555:c2350, 11ea7e38-68de-49e0-a413-0aa394144289:c2350]
2019-07-09 08:42:04,159 INFO  client.GrpcClientProtocolClient (GrpcClientProtocolClient.java:onNext(255)) - client-E42F58674560->3a39c983-6986-4da8-95c7-9482e2fa0f6f: receive RaftClientReply:client-E42F58674560->3a39c983-6986-4da8-95c7-9482e2fa0f6f@group-5E4216B2975C, cid=1636, SUCCESS, logIndex=2353, commits[3a39c983-6986-4da8-95c7-9482e2fa0f6f:c2354, 0f15f03e-3179-4fc8-ac54-a24fe3c72555:c2352, 11ea7e38-68de-49e0-a413-0aa394144289:c2352]
2019-07-09 08:42:04,160 INFO  client.GrpcClientProtocolClient (GrpcClientProtocolClient.java:onNext(255)) - client-E42F58674560->3a39c983-6986-4da8-95c7-9482e2fa0f6f: receive RaftClientReply:client-E42F58674560->3a39c983-6986-4da8-95c7-9482e2fa0f6f@group-5E4216B2975C, cid=1637, SUCCESS, logIndex=2354, commits[3a39c983-6986-4da8-95c7-9482e2fa0f6f:c2356, 0f15f03e-3179-4fc8-ac54-a24fe3c72555:c2352, 11ea7e38-68de-49e0-a413-0aa394144289:c2352]
2019-07-09 08:42:04,160 INFO  client.GrpcClientProtocolClient (GrpcClientProtocolClient.java:onNext(255)) - client-E42F58674560->3a39c983-6986-4da8-95c7-9482e2fa0f6f: receive RaftClientReply:client-E42F58674560->3a39c983-6986-4da8-95c7-9482e2fa0f6f@group-5E4216B2975C, cid=1638, SUCCESS, logIndex=2355, commits[3a39c983-6986-4da8-95c7-9482e2fa0f6f:c2356, 0f15f03e-3179-4fc8-ac54-a24fe3c72555:c2352, 11ea7e38-68de-49e0-a413-0aa394144289:c2352]
2019-07-09 08:42:04,160 INFO  client.GrpcClientProtocolClient (GrpcClientProtocolClient.java:onNext(255)) - client-E42F58674560->3a39c983-6986-4da8-95c7-9482e2fa0f6f: receive RaftClientReply:client-E42F58674560->3a39c983-6986-4da8-95c7-9482e2fa0f6f@group-5E4216B2975C, cid=1639, SUCCESS, logIndex=2356, commits[3a39c983-6986-4da8-95c7-9482e2fa0f6f:c2356, 0f15f03e-3179-4fc8-ac54-a24fe3c72555:c2352, 11ea7e38-68de-49e0-a413-0aa394144289:c2352]
2019-07-09 08:42:04,182 INFO  client.GrpcClientProtocolClient (GrpcClientProtocolClient.java:onNext(255)) - client-E42F58674560->3a39c983-6986-4da8-95c7-9482e2fa0f6f: receive RaftClientReply:client-E42F58674560->3a39c983-6986-4da8-95c7-9482e2fa0f6f@group-5E4216B2975C, cid=1640, SUCCESS, logIndex=0, commits[3a39c983-6986-4da8-95c7-9482e2fa0f6f:c2358, 0f15f03e-3179-4fc8-ac54-a24fe3c72555:c2354, 11ea7e38-68de-49e0-a413-0aa394144289:c2354]
2019-07-09 08:42:04,201 INFO  client.GrpcClientProtocolClient (GrpcClientProtocolClient.java:onNext(255)) - client-E42F58674560->3a39c983-6986-4da8-95c7-9482e2fa0f6f: receive RaftClientReply:client-E42F58674560->3a39c983-6986-4da8-95c7-9482e2fa0f6f@group-5E4216B2975C, cid=1641, SUCCESS, logIndex=2361, commits[3a39c983-6986-4da8-95c7-9482e2fa0f6f:c2362, 0f15f03e-3179-4fc8-ac54-a24fe3c72555:c2360, 11ea7e38-68de-49e0-a413-0aa394144289:c2360]
2019-07-09 08:42:04,202 INFO  client.GrpcClientProtocolClient (GrpcClientProtocolClient.java:onNext(255)) - client-E42F58674560->3a39c983-6986-4da8-95c7-9482e2fa0f6f: receive RaftClientReply:client-E42F58674560->3a39c983-6986-4da8-95c7-9482e2fa0f6f@group-5E4216B2975C, cid=1642, SUCCESS, logIndex=2362, commits[3a39c983-6986-4da8-95c7-9482e2fa0f6f:c2362, 0f15f03e-3179-4fc8-ac54-a24fe3c72555:c2360, 11ea7e38-68de-49e0-a413-0aa394144289:c2360]
2019-07-09 08:42:04,216 INFO  client.GrpcClientProtocolClient (GrpcClientProtocolClient.java:onNext(255)) - client-E42F58674560->3a39c983-6986-4da8-95c7-9482e2fa0f6f: receive RaftClientReply:client-E42F58674560->3a39c983-6986-4da8-95c7-9482e2fa0f6f@group-5E4216B2975C, cid=1643, SUCCESS, logIndex=2365, commits[3a39c983-6986-4da8-95c7-9482e2fa0f6f:c2366, 0f15f03e-3179-4fc8-ac54-a24fe3c72555:c2362, 11ea7e38-68de-49e0-a413-0aa394144289:c2362]
2019-07-09 08:42:04,216 INFO  client.GrpcClientProtocolClient (GrpcClientProtocolClient.java:onNext(255)) - client-E42F58674560->3a39c983-6986-4da8-95c7-9482e2fa0f6f: receive RaftClientReply:client-E42F58674560->3a39c983-6986-4da8-95c7-9482e2fa0f6f@group-5E4216B2975C, cid=1644, SUCCESS, logIndex=2366, commits[3a39c983-6986-4da8-95c7-9482e2fa0f6f:c2366, 0f15f03e-3179-4fc8-ac54-a24fe3c72555:c2362, 11ea7e38-68de-49e0-a413-0aa394144289:c2362]
2019-07-09 08:42:04,227 INFO  client.GrpcClientProtocolClient (GrpcClientProtocolClient.java:onNext(255)) - client-E42F58674560->3a39c983-6986-4da8-95c7-9482e2fa0f6f: receive RaftClientReply:client-E42F58674560->3a39c983-6986-4da8-95c7-9482e2fa0f6f@group-5E4216B2975C, cid=1645, SUCCESS, logIndex=0, commits[3a39c983-6986-4da8-95c7-9482e2fa0f6f:c2367, 0f15f03e-3179-4fc8-ac54-a24fe3c72555:c2366, 11ea7e38-68de-49e0-a413-0aa394144289:c2366]
2019-07-09 08:42:04,258 INFO  client.GrpcClientProtocolClient (GrpcClientProtocolClient.java:onNext(255)) - client-E42F58674560->3a39c983-6986-4da8-95c7-9482e2fa0f6f: receive RaftClientReply:client-E42F58674560->3a39c983-6986-4da8-95c7-9482e2fa0f6f@group-5E4216B2975C, cid=1646, SUCCESS, logIndex=2369, commits[3a39c983-6986-4da8-95c7-9482e2fa0f6f:c2372, 0f15f03e-3179-4fc8-ac54-a24fe3c72555:c2368, 11ea7e38-68de-49e0-a413-0aa394144289:c2368]
2019-07-09 08:42:04,259 INFO  client.GrpcClientProtocolClient (GrpcClientProtocolClient.java:onNext(255)) - client-E42F58674560->3a39c983-6986-4da8-95c7-9482e2fa0f6f: receive RaftClientReply:client-E42F58674560->3a39c983-6986-4da8-95c7-9482e2fa0f6f@group-5E4216B2975C, cid=1647, SUCCESS, logIndex=2370, commits[3a39c983-6986-4da8-95c7-9482e2fa0f6f:c2372, 0f15f03e-3179-4fc8-ac54-a24fe3c72555:c2368, 11ea7e38-68de-49e0-a413-0aa394144289:c2368]
2019-07-09 08:42:04,259 INFO  client.GrpcClientProtocolClient (GrpcClientProtocolClient.java:onNext(255)) - client-E42F58674560->3a39c983-6986-4da8-95c7-9482e2fa0f6f: receive RaftClientReply:client-E42F58674560->3a39c983-6986-4da8-95c7-9482e2fa0f6f@group-5E4216B2975C, cid=1648, SUCCESS, logIndex=2371, commits[3a39c983-6986-4da8-95c7-9482e2fa0f6f:c2372, 0f15f03e-3179-4fc8-ac54-a24fe3c72555:c2368, 11ea7e38-68de-49e0-a413-0aa394144289:c2368]
2019-07-09 08:42:04,259 INFO  client.GrpcClientProtocolClient (GrpcClientProtocolClient.java:onNext(255)) - client-E42F58674560->3a39c983-6986-4da8-95c7-9482e2fa0f6f: receive RaftClientReply:client-E42F58674560->3a39c983-6986-4da8-95c7-9482e2fa0f6f@group-5E4216B2975C, cid=1649, SUCCESS, logIndex=2372, commits[3a39c983-6986-4da8-95c7-9482e2fa0f6f:c2372, 0f15f03e-3179-4fc8-ac54-a24fe3c72555:c2368, 11ea7e38-68de-49e0-a413-0aa394144289:c2368]
2019-07-09 08:42:04,274 INFO  client.GrpcClientProtocolClient (GrpcClientProtocolClient.java:onNext(255)) - client-E42F58674560->3a39c983-6986-4da8-95c7-9482e2fa0f6f: receive RaftClientReply:client-E42F58674560->3a39c983-6986-4da8-95c7-9482e2fa0f6f@group-5E4216B2975C, cid=1650, SUCCESS, logIndex=0, commits[3a39c983-6986-4da8-95c7-9482e2fa0f6f:c2374, 0f15f03e-3179-4fc8-ac54-a24fe3c72555:c2370, 11ea7e38-68de-49e0-a413-0aa394144289:c2370]
2019-07-09 08:42:04,292 INFO  client.GrpcClientProtocolClient (GrpcClientProtocolClient.java:onNext(255)) - client-E42F58674560->3a39c983-6986-4da8-95c7-9482e2fa0f6f: receive RaftClientReply:client-E42F58674560->3a39c983-6986-4da8-95c7-9482e2fa0f6f@group-5E4216B2975C, cid=1651, SUCCESS, logIndex=2377, commits[3a39c983-6986-4da8-95c7-9482e2fa0f6f:c2378, 0f15f03e-3179-4fc8-ac54-a24fe3c72555:c2376, 11ea7e38-68de-49e0-a413-0aa394144289:c2376]
2019-07-09 08:42:04,293 INFO  client.GrpcClientProtocolClient (GrpcClientProtocolClient.java:onNext(255)) - client-E42F58674560->3a39c983-6986-4da8-95c7-9482e2fa0f6f: receive RaftClientReply:client-E42F58674560->3a39c983-6986-4da8-95c7-9482e2fa0f6f@group-5E4216B2975C, cid=1652, SUCCESS, logIndex=2378, commits[3a39c983-6986-4da8-95c7-9482e2fa0f6f:c2378, 0f15f03e-3179-4fc8-ac54-a24fe3c72555:c2376, 11ea7e38-68de-49e0-a413-0aa394144289:c2376]
2019-07-09 08:42:04,307 INFO  client.GrpcClientProtocolClient (GrpcClientProtocolClient.java:onNext(255)) - client-E42F58674560->3a39c983-6986-4da8-95c7-9482e2fa0f6f: receive RaftClientReply:client-E42F58674560->3a39c983-6986-4da8-95c7-9482e2fa0f6f@group-5E4216B2975C, cid=1653, SUCCESS, logIndex=2381, commits[3a39c983-6986-4da8-95c7-9482e2fa0f6f:c2382, 0f15f03e-3179-4fc8-ac54-a24fe3c72555:c2378, 11ea7e38-68de-49e0-a413-0aa394144289:c2378]
2019-07-09 08:42:04,307 INFO  client.GrpcClientProtocolClient (GrpcClientProtocolClient.java:onNext(255)) - client-E42F58674560->3a39c983-6986-4da8-95c7-9482e2fa0f6f: receive RaftClientReply:client-E42F58674560->3a39c983-6986-4da8-95c7-9482e2fa0f6f@group-5E4216B2975C, cid=1654, SUCCESS, logIndex=2382, commits[3a39c983-6986-4da8-95c7-9482e2fa0f6f:c2382, 0f15f03e-3179-4fc8-ac54-a24fe3c72555:c2378, 11ea7e38-68de-49e0-a413-0aa394144289:c2378]
2019-07-09 08:42:04,319 INFO  client.GrpcClientProtocolClient (GrpcClientProtocolClient.java:onNext(255)) - client-E42F58674560->3a39c983-6986-4da8-95c7-9482e2fa0f6f: receive RaftClientReply:client-E42F58674560->3a39c983-6986-4da8-95c7-9482e2fa0f6f@group-5E4216B2975C, cid=1655, SUCCESS, logIndex=0, commits[3a39c983-6986-4da8-95c7-9482e2fa0f6f:c2383, 0f15f03e-3179-4fc8-ac54-a24fe3c72555:c2382, 11ea7e38-68de-49e0-a413-0aa394144289:c2382]
2019-07-09 08:42:04,452 INFO  client.GrpcClientProtocolClient (GrpcClientProtocolClient.java:onNext(255)) - client-E42F58674560->3a39c983-6986-4da8-95c7-9482e2fa0f6f: receive RaftClientReply:client-E42F58674560->3a39c983-6986-4da8-95c7-9482e2fa0f6f@group-5E4216B2975C, cid=1656, SUCCESS, logIndex=2385, commits[3a39c983-6986-4da8-95c7-9482e2fa0f6f:c2386, 0f15f03e-3179-4fc8-ac54-a24fe3c72555:c2384, 11ea7e38-68de-49e0-a413-0aa394144289:c2384]
2019-07-09 08:42:04,452 INFO  client.GrpcClientProtocolClient (GrpcClientProtocolClient.java:onNext(255)) - client-E42F58674560->3a39c983-6986-4da8-95c7-9482e2fa0f6f: receive RaftClientReply:client-E42F58674560->3a39c983-6986-4da8-95c7-9482e2fa0f6f@group-5E4216B2975C, cid=1657, SUCCESS, logIndex=2386, commits[3a39c983-6986-4da8-95c7-9482e2fa0f6f:c2388, 0f15f03e-3179-4fc8-ac54-a24fe3c72555:c2384, 11ea7e38-68de-49e0-a413-0aa394144289:c2384]
2019-07-09 08:42:04,452 INFO  client.GrpcClientProtocolClient (GrpcClientProtocolClient.java:onNext(255)) - client-E42F58674560->3a39c983-6986-4da8-95c7-9482e2fa0f6f: receive RaftClientReply:client-E42F58674560->3a39c983-6986-4da8-95c7-9482e2fa0f6f@group-5E4216B2975C, cid=1658, SUCCESS, logIndex=2387, commits[3a39c983-6986-4da8-95c7-9482e2fa0f6f:c2388, 0f15f03e-3179-4fc8-ac54-a24fe3c72555:c2384, 11ea7e38-68de-49e0-a413-0aa394144289:c2384]
2019-07-09 08:42:04,453 INFO  client.GrpcClientProtocolClient (GrpcClientProtocolClient.java:onNext(255)) - client-E42F58674560->3a39c983-6986-4da8-95c7-9482e2fa0f6f: receive RaftClientReply:client-E42F58674560->3a39c983-6986-4da8-95c7-9482e2fa0f6f@group-5E4216B2975C, cid=1659, SUCCESS, logIndex=2388, commits[3a39c983-6986-4da8-95c7-9482e2fa0f6f:c2388, 0f15f03e-3179-4fc8-ac54-a24fe3c72555:c2384, 11ea7e38-68de-49e0-a413-0aa394144289:c2384]
2019-07-09 08:42:04,463 INFO  client.GrpcClientProtocolClient (GrpcClientProtocolClient.java:onNext(255)) - client-E42F58674560->3a39c983-6986-4da8-95c7-9482e2fa0f6f: receive RaftClientReply:client-E42F58674560->3a39c983-6986-4da8-95c7-9482e2fa0f6f@group-5E4216B2975C, cid=1660, SUCCESS, logIndex=0, commits[3a39c983-6986-4da8-95c7-9482e2fa0f6f:c2390, 0f15f03e-3179-4fc8-ac54-a24fe3c72555:c2386, 11ea7e38-68de-49e0-a413-0aa394144289:c2386]
2019-07-09 08:42:04,488 INFO  client.GrpcClientProtocolClient (GrpcClientProtocolClient.java:onNext(255)) - client-E42F58674560->3a39c983-6986-4da8-95c7-9482e2fa0f6f: receive RaftClientReply:client-E42F58674560->3a39c983-6986-4da8-95c7-9482e2fa0f6f@group-5E4216B2975C, cid=1661, SUCCESS, logIndex=2393, commits[3a39c983-6986-4da8-95c7-9482e2fa0f6f:c2394, 0f15f03e-3179-4fc8-ac54-a24fe3c72555:c2392, 11ea7e38-68de-49e0-a413-0aa394144289:c2392]
2019-07-09 08:42:04,488 INFO  client.GrpcClientProtocolClient (GrpcClientProtocolClient.java:onNext(255)) - client-E42F58674560->3a39c983-6986-4da8-95c7-9482e2fa0f6f: receive RaftClientReply:client-E42F58674560->3a39c983-6986-4da8-95c7-9482e2fa0f6f@group-5E4216B2975C, cid=1662, SUCCESS, logIndex=2394, commits[3a39c983-6986-4da8-95c7-9482e2fa0f6f:c2394, 0f15f03e-3179-4fc8-ac54-a24fe3c72555:c2392, 11ea7e38-68de-49e0-a413-0aa394144289:c2392]
2019-07-09 08:42:04,503 INFO  client.GrpcClientProtocolClient (GrpcClientProtocolClient.java:onNext(255)) - client-E42F58674560->3a39c983-6986-4da8-95c7-9482e2fa0f6f: receive RaftClientReply:client-E42F58674560->3a39c983-6986-4da8-95c7-9482e2fa0f6f@group-5E4216B2975C, cid=1663, SUCCESS, logIndex=2397, commits[3a39c983-6986-4da8-95c7-9482e2fa0f6f:c2398, 0f15f03e-3179-4fc8-ac54-a24fe3c72555:c2394, 11ea7e38-68de-49e0-a413-0aa394144289:c2394]
2019-07-09 08:42:04,503 INFO  client.GrpcClientProtocolClient (GrpcClientProtocolClient.java:onNext(255)) - client-E42F58674560->3a39c983-6986-4da8-95c7-9482e2fa0f6f: receive RaftClientReply:client-E42F58674560->3a39c983-6986-4da8-95c7-9482e2fa0f6f@group-5E4216B2975C, cid=1664, SUCCESS, logIndex=2398, commits[3a39c983-6986-4da8-95c7-9482e2fa0f6f:c2398, 0f15f03e-3179-4fc8-ac54-a24fe3c72555:c2394, 11ea7e38-68de-49e0-a413-0aa394144289:c2394]
2019-07-09 08:42:04,517 INFO  client.GrpcClientProtocolClient (GrpcClientProtocolClient.java:onNext(255)) - client-E42F58674560->3a39c983-6986-4da8-95c7-9482e2fa0f6f: receive RaftClientReply:client-E42F58674560->3a39c983-6986-4da8-95c7-9482e2fa0f6f@group-5E4216B2975C, cid=1665, SUCCESS, logIndex=0, commits[3a39c983-6986-4da8-95c7-9482e2fa0f6f:c2400, 0f15f03e-3179-4fc8-ac54-a24fe3c72555:c2398, 11ea7e38-68de-49e0-a413-0aa394144289:c2398]
2019-07-09 08:42:04,546 INFO  client.GrpcClientProtocolClient (GrpcClientProtocolClient.java:onNext(255)) - client-E42F58674560->3a39c983-6986-4da8-95c7-9482e2fa0f6f: receive RaftClientReply:client-E42F58674560->3a39c983-6986-4da8-95c7-9482e2fa0f6f@group-5E4216B2975C, cid=1666, SUCCESS, logIndex=2401, commits[3a39c983-6986-4da8-95c7-9482e2fa0f6f:c2403, 0f15f03e-3179-4fc8-ac54-a24fe3c72555:c2400, 11ea7e38-68de-49e0-a413-0aa394144289:c2400]
2019-07-09 08:42:04,547 INFO  client.GrpcClientProtocolClient (GrpcClientProtocolClient.java:onNext(255)) - client-E42F58674560->3a39c983-6986-4da8-95c7-9482e2fa0f6f: receive RaftClientReply:client-E42F58674560->3a39c983-6986-4da8-95c7-9482e2fa0f6f@group-5E4216B2975C, cid=1667, SUCCESS, logIndex=2402, commits[3a39c983-6986-4da8-95c7-9482e2fa0f6f:c2404, 0f15f03e-3179-4fc8-ac54-a24fe3c72555:c2400, 11ea7e38-68de-49e0-a413-0aa394144289:c2400]
2019-07-09 08:42:04,547 INFO  client.GrpcClientProtocolClient (GrpcClientProtocolClient.java:onNext(255)) - client-E42F58674560->3a39c983-6986-4da8-95c7-9482e2fa0f6f: receive RaftClientReply:client-E42F58674560->3a39c983-6986-4da8-95c7-9482e2fa0f6f@group-5E4216B2975C, cid=1668, SUCCESS, logIndex=2403, commits[3a39c983-6986-4da8-95c7-9482e2fa0f6f:c2404, 0f15f03e-3179-4fc8-ac54-a24fe3c72555:c2400, 11ea7e38-68de-49e0-a413-0aa394144289:c2400]
2019-07-09 08:42:04,547 INFO  client.GrpcClientProtocolClient (GrpcClientProtocolClient.java:onNext(255)) - client-E42F58674560->3a39c983-6986-4da8-95c7-9482e2fa0f6f: receive RaftClientReply:client-E42F58674560->3a39c983-6986-4da8-95c7-9482e2fa0f6f@group-5E4216B2975C, cid=1669, SUCCESS, logIndex=2404, commits[3a39c983-6986-4da8-95c7-9482e2fa0f6f:c2404, 0f15f03e-3179-4fc8-ac54-a24fe3c72555:c2400, 11ea7e38-68de-49e0-a413-0aa394144289:c2401]
2019-07-09 08:42:04,561 INFO  client.GrpcClientProtocolClient (GrpcClientProtocolClient.java:onNext(255)) - client-E42F58674560->3a39c983-6986-4da8-95c7-9482e2fa0f6f: receive RaftClientReply:client-E42F58674560->3a39c983-6986-4da8-95c7-9482e2fa0f6f@group-5E4216B2975C, cid=1670, SUCCESS, logIndex=0, commits[3a39c983-6986-4da8-95c7-9482e2fa0f6f:c2407, 0f15f03e-3179-4fc8-ac54-a24fe3c72555:c2403, 11ea7e38-68de-49e0-a413-0aa394144289:c2402]
2019-07-09 08:42:04,580 INFO  client.GrpcClientProtocolClient (GrpcClientProtocolClient.java:onNext(255)) - client-E42F58674560->3a39c983-6986-4da8-95c7-9482e2fa0f6f: receive RaftClientReply:client-E42F58674560->3a39c983-6986-4da8-95c7-9482e2fa0f6f@group-5E4216B2975C, cid=1671, SUCCESS, logIndex=2409, commits[3a39c983-6986-4da8-95c7-9482e2fa0f6f:c2410, 0f15f03e-3179-4fc8-ac54-a24fe3c72555:c2408, 11ea7e38-68de-49e0-a413-0aa394144289:c2408]
2019-07-09 08:42:04,580 INFO  client.GrpcClientProtocolClient (GrpcClientProtocolClient.java:onNext(255)) - client-E42F58674560->3a39c983-6986-4da8-95c7-9482e2fa0f6f: receive RaftClientReply:client-E42F58674560->3a39c983-6986-4da8-95c7-9482e2fa0f6f@group-5E4216B2975C, cid=1672, SUCCESS, logIndex=2410, commits[3a39c983-6986-4da8-95c7-9482e2fa0f6f:c2410, 0f15f03e-3179-4fc8-ac54-a24fe3c72555:c2408, 11ea7e38-68de-49e0-a413-0aa394144289:c2408]
2019-07-09 08:42:04,591 INFO  client.GrpcClientProtocolClient (GrpcClientProtocolClient.java:onNext(255)) - client-E42F58674560->3a39c983-6986-4da8-95c7-9482e2fa0f6f: receive RaftClientReply:client-E42F58674560->3a39c983-6986-4da8-95c7-9482e2fa0f6f@group-5E4216B2975C, cid=1673, SUCCESS, logIndex=2413, commits[3a39c983-6986-4da8-95c7-9482e2fa0f6f:c2414, 0f15f03e-3179-4fc8-ac54-a24fe3c72555:c2412, 11ea7e38-68de-49e0-a413-0aa394144289:c2410]
2019-07-09 08:42:04,591 INFO  client.GrpcClientProtocolClient (GrpcClientProtocolClient.java:onNext(255)) - client-E42F58674560->3a39c983-6986-4da8-95c7-9482e2fa0f6f: receive RaftClientReply:client-E42F58674560->3a39c983-6986-4da8-95c7-9482e2fa0f6f@group-5E4216B2975C, cid=1674, SUCCESS, logIndex=2414, commits[3a39c983-6986-4da8-95c7-9482e2fa0f6f:c2414, 0f15f03e-3179-4fc8-ac54-a24fe3c72555:c2412, 11ea7e38-68de-49e0-a413-0aa394144289:c2412]
2019-07-09 08:42:04,594 INFO  client.GrpcClientProtocolClient (GrpcClientProtocolClient.java:onNext(255)) - client-E42F58674560->3a39c983-6986-4da8-95c7-9482e2fa0f6f: receive RaftClientReply:client-E42F58674560->3a39c983-6986-4da8-95c7-9482e2fa0f6f@group-5E4216B2975C, cid=1675, SUCCESS, logIndex=0, commits[3a39c983-6986-4da8-95c7-9482e2fa0f6f:c2416, 0f15f03e-3179-4fc8-ac54-a24fe3c72555:c2414, 11ea7e38-68de-49e0-a413-0aa394144289:c2414]
2019-07-09 08:42:04,614 INFO  client.GrpcClientProtocolClient (GrpcClientProtocolClient.java:onNext(255)) - client-E42F58674560->3a39c983-6986-4da8-95c7-9482e2fa0f6f: receive RaftClientReply:client-E42F58674560->3a39c983-6986-4da8-95c7-9482e2fa0f6f@group-5E4216B2975C, cid=1676, SUCCESS, logIndex=2417, commits[3a39c983-6986-4da8-95c7-9482e2fa0f6f:c2420, 0f15f03e-3179-4fc8-ac54-a24fe3c72555:c2416, 11ea7e38-68de-49e0-a413-0aa394144289:c2414]
2019-07-09 08:42:04,614 INFO  client.GrpcClientProtocolClient (GrpcClientProtocolClient.java:onNext(255)) - client-E42F58674560->3a39c983-6986-4da8-95c7-9482e2fa0f6f: receive RaftClientReply:client-E42F58674560->3a39c983-6986-4da8-95c7-9482e2fa0f6f@group-5E4216B2975C, cid=1677, SUCCESS, logIndex=2418, commits[3a39c983-6986-4da8-95c7-9482e2fa0f6f:c2420, 0f15f03e-3179-4fc8-ac54-a24fe3c72555:c2416, 11ea7e38-68de-49e0-a413-0aa394144289:c2416]
2019-07-09 08:42:04,615 INFO  client.GrpcClientProtocolClient (GrpcClientProtocolClient.java:onNext(255)) - client-E42F58674560->3a39c983-6986-4da8-95c7-9482e2fa0f6f: receive RaftClientReply:client-E42F58674560->3a39c983-6986-4da8-95c7-9482e2fa0f6f@group-5E4216B2975C, cid=1678, SUCCESS, logIndex=2419, commits[3a39c983-6986-4da8-95c7-9482e2fa0f6f:c2420, 0f15f03e-3179-4fc8-ac54-a24fe3c72555:c2416, 11ea7e38-68de-49e0-a413-0aa394144289:c2416]
2019-07-09 08:42:04,615 INFO  client.GrpcClientProtocolClient (GrpcClientProtocolClient.java:onNext(255)) - client-E42F58674560->3a39c983-6986-4da8-95c7-9482e2fa0f6f: receive RaftClientReply:client-E42F58674560->3a39c983-6986-4da8-95c7-9482e2fa0f6f@group-5E4216B2975C, cid=1679, SUCCESS, logIndex=2420, commits[3a39c983-6986-4da8-95c7-9482e2fa0f6f:c2421, 0f15f03e-3179-4fc8-ac54-a24fe3c72555:c2418, 11ea7e38-68de-49e0-a413-0aa394144289:c2416]
2019-07-09 08:42:04,617 INFO  client.GrpcClientProtocolClient (GrpcClientProtocolClient.java:onNext(255)) - client-E42F58674560->3a39c983-6986-4da8-95c7-9482e2fa0f6f: receive RaftClientReply:client-E42F58674560->3a39c983-6986-4da8-95c7-9482e2fa0f6f@group-5E4216B2975C, cid=1680, SUCCESS, logIndex=0, commits[3a39c983-6986-4da8-95c7-9482e2fa0f6f:c2421, 0f15f03e-3179-4fc8-ac54-a24fe3c72555:c2418, 11ea7e38-68de-49e0-a413-0aa394144289:c2418]
2019-07-09 08:42:04,640 INFO  client.GrpcClientProtocolClient (GrpcClientProtocolClient.java:onNext(255)) - client-E42F58674560->3a39c983-6986-4da8-95c7-9482e2fa0f6f: receive RaftClientReply:client-E42F58674560->3a39c983-6986-4da8-95c7-9482e2fa0f6f@group-5E4216B2975C, cid=1681, SUCCESS, logIndex=2425, commits[3a39c983-6986-4da8-95c7-9482e2fa0f6f:c2426, 0f15f03e-3179-4fc8-ac54-a24fe3c72555:c2424, 11ea7e38-68de-49e0-a413-0aa394144289:c2424]
2019-07-09 08:42:04,640 INFO  client.GrpcClientProtocolClient (GrpcClientProtocolClient.java:onNext(255)) - client-E42F58674560->3a39c983-6986-4da8-95c7-9482e2fa0f6f: receive RaftClientReply:client-E42F58674560->3a39c983-6986-4da8-95c7-9482e2fa0f6f@group-5E4216B2975C, cid=1682, SUCCESS, logIndex=2426, commits[3a39c983-6986-4da8-95c7-9482e2fa0f6f:c2426, 0f15f03e-3179-4fc8-ac54-a24fe3c72555:c2424, 11ea7e38-68de-49e0-a413-0aa394144289:c2424]
 0.00% |█                                                                                                    |  0/1 Time: 0:00:122019-07-09 08:42:04,656 INFO  client.GrpcClientProtocolClient (GrpcClientProtocolClient.java:onNext(255)) - client-E42F58674560->3a39c983-6986-4da8-95c7-9482e2fa0f6f: receive RaftClientReply:client-E42F58674560->3a39c983-6986-4da8-95c7-9482e2fa0f6f@group-5E4216B2975C, cid=1683, SUCCESS, logIndex=2429, commits[3a39c983-6986-4da8-95c7-9482e2fa0f6f:c2430, 0f15f03e-3179-4fc8-ac54-a24fe3c72555:c2426, 11ea7e38-68de-49e0-a413-0aa394144289:c2426]
2019-07-09 08:42:04,657 INFO  client.GrpcClientProtocolClient (GrpcClientProtocolClient.java:onNext(255)) - client-E42F58674560->3a39c983-6986-4da8-95c7-9482e2fa0f6f: receive RaftClientReply:client-E42F58674560->3a39c983-6986-4da8-95c7-9482e2fa0f6f@group-5E4216B2975C, cid=1684, SUCCESS, logIndex=2430, commits[3a39c983-6986-4da8-95c7-9482e2fa0f6f:c2430, 0f15f03e-3179-4fc8-ac54-a24fe3c72555:c2426, 11ea7e38-68de-49e0-a413-0aa394144289:c2426]
2019-07-09 08:42:04,672 INFO  client.GrpcClientProtocolClient (GrpcClientProtocolClient.java:onNext(255)) - client-E42F58674560->3a39c983-6986-4da8-95c7-9482e2fa0f6f: receive RaftClientReply:client-E42F58674560->3a39c983-6986-4da8-95c7-9482e2fa0f6f@group-5E4216B2975C, cid=1685, SUCCESS, logIndex=0, commits[3a39c983-6986-4da8-95c7-9482e2fa0f6f:c2432, 0f15f03e-3179-4fc8-ac54-a24fe3c72555:c2430, 11ea7e38-68de-49e0-a413-0aa394144289:c2430]
2019-07-09 08:42:04,700 INFO  client.GrpcClientProtocolClient (GrpcClientProtocolClient.java:onNext(255)) - client-E42F58674560->3a39c983-6986-4da8-95c7-9482e2fa0f6f: receive RaftClientReply:client-E42F58674560->3a39c983-6986-4da8-95c7-9482e2fa0f6f@group-5E4216B2975C, cid=1686, SUCCESS, logIndex=2433, commits[3a39c983-6986-4da8-95c7-9482e2fa0f6f:c2434, 0f15f03e-3179-4fc8-ac54-a24fe3c72555:c2432, 11ea7e38-68de-49e0-a413-0aa394144289:c2432]
2019-07-09 08:42:04,701 INFO  client.GrpcClientProtocolClient (GrpcClientProtocolClient.java:onNext(255)) - client-E42F58674560->3a39c983-6986-4da8-95c7-9482e2fa0f6f: receive RaftClientReply:client-E42F58674560->3a39c983-6986-4da8-95c7-9482e2fa0f6f@group-5E4216B2975C, cid=1687, SUCCESS, logIndex=2434, commits[3a39c983-6986-4da8-95c7-9482e2fa0f6f:c2436, 0f15f03e-3179-4fc8-ac54-a24fe3c72555:c2432, 11ea7e38-68de-49e0-a413-0aa394144289:c2432]
2019-07-09 08:42:04,701 INFO  client.GrpcClientProtocolClient (GrpcClientProtocolClient.java:onNext(255)) - client-E42F58674560->3a39c983-6986-4da8-95c7-9482e2fa0f6f: receive RaftClientReply:client-E42F58674560->3a39c983-6986-4da8-95c7-9482e2fa0f6f@group-5E4216B2975C, cid=1688, SUCCESS, logIndex=2435, commits[3a39c983-6986-4da8-95c7-9482e2fa0f6f:c2436, 0f15f03e-3179-4fc8-ac54-a24fe3c72555:c2432, 11ea7e38-68de-49e0-a413-0aa394144289:c2432]
2019-07-09 08:42:04,701 INFO  client.GrpcClientProtocolClient (GrpcClientProtocolClient.java:onNext(255)) - client-E42F58674560->3a39c983-6986-4da8-95c7-9482e2fa0f6f: receive RaftClientReply:client-E42F58674560->3a39c983-6986-4da8-95c7-9482e2fa0f6f@group-5E4216B2975C, cid=1689, SUCCESS, logIndex=2436, commits[3a39c983-6986-4da8-95c7-9482e2fa0f6f:c2436, 0f15f03e-3179-4fc8-ac54-a24fe3c72555:c2432, 11ea7e38-68de-49e0-a413-0aa394144289:c2432]
2019-07-09 08:42:04,714 INFO  client.GrpcClientProtocolClient (GrpcClientProtocolClient.java:onNext(255)) - client-E42F58674560->3a39c983-6986-4da8-95c7-9482e2fa0f6f: receive RaftClientReply:client-E42F58674560->3a39c983-6986-4da8-95c7-9482e2fa0f6f@group-5E4216B2975C, cid=1690, SUCCESS, logIndex=0, commits[3a39c983-6986-4da8-95c7-9482e2fa0f6f:c2438, 0f15f03e-3179-4fc8-ac54-a24fe3c72555:c2434, 11ea7e38-68de-49e0-a413-0aa394144289:c2434]
2019-07-09 08:42:04,733 INFO  client.GrpcClientProtocolClient (GrpcClientProtocolClient.java:onNext(255)) - client-E42F58674560->3a39c983-6986-4da8-95c7-9482e2fa0f6f: receive RaftClientReply:client-E42F58674560->3a39c983-6986-4da8-95c7-9482e2fa0f6f@group-5E4216B2975C, cid=1691, SUCCESS, logIndex=2440, commits[3a39c983-6986-4da8-95c7-9482e2fa0f6f:c2441, 0f15f03e-3179-4fc8-ac54-a24fe3c72555:c2439, 11ea7e38-68de-49e0-a413-0aa394144289:c2439]
2019-07-09 08:42:04,733 INFO  client.GrpcClientProtocolClient (GrpcClientProtocolClient.java:onNext(255)) - client-E42F58674560->3a39c983-6986-4da8-95c7-9482e2fa0f6f: receive RaftClientReply:client-E42F58674560->3a39c983-6986-4da8-95c7-9482e2fa0f6f@group-5E4216B2975C, cid=1692, SUCCESS, logIndex=2441, commits[3a39c983-6986-4da8-95c7-9482e2fa0f6f:c2441, 0f15f03e-3179-4fc8-ac54-a24fe3c72555:c2439, 11ea7e38-68de-49e0-a413-0aa394144289:c2439]
2019-07-09 08:42:04,748 INFO  client.GrpcClientProtocolClient (GrpcClientProtocolClient.java:onNext(255)) - client-E42F58674560->3a39c983-6986-4da8-95c7-9482e2fa0f6f: receive RaftClientReply:client-E42F58674560->3a39c983-6986-4da8-95c7-9482e2fa0f6f@group-5E4216B2975C, cid=1693, SUCCESS, logIndex=2444, commits[3a39c983-6986-4da8-95c7-9482e2fa0f6f:c2445, 0f15f03e-3179-4fc8-ac54-a24fe3c72555:c2441, 11ea7e38-68de-49e0-a413-0aa394144289:c2441]
2019-07-09 08:42:04,748 INFO  client.GrpcClientProtocolClient (GrpcClientProtocolClient.java:onNext(255)) - client-E42F58674560->3a39c983-6986-4da8-95c7-9482e2fa0f6f: receive RaftClientReply:client-E42F58674560->3a39c983-6986-4da8-95c7-9482e2fa0f6f@group-5E4216B2975C, cid=1694, SUCCESS, logIndex=2445, commits[3a39c983-6986-4da8-95c7-9482e2fa0f6f:c2445, 0f15f03e-3179-4fc8-ac54-a24fe3c72555:c2441, 11ea7e38-68de-49e0-a413-0aa394144289:c2441]
2019-07-09 08:42:04,762 INFO  client.GrpcClientProtocolClient (GrpcClientProtocolClient.java:onNext(255)) - client-E42F58674560->3a39c983-6986-4da8-95c7-9482e2fa0f6f: receive RaftClientReply:client-E42F58674560->3a39c983-6986-4da8-95c7-9482e2fa0f6f@group-5E4216B2975C, cid=1695, SUCCESS, logIndex=0, commits[3a39c983-6986-4da8-95c7-9482e2fa0f6f:c2447, 0f15f03e-3179-4fc8-ac54-a24fe3c72555:c2445, 11ea7e38-68de-49e0-a413-0aa394144289:c2445]
2019-07-09 08:42:04,826 INFO  client.GrpcClientProtocolClient (GrpcClientProtocolClient.java:onNext(255)) - client-E42F58674560->3a39c983-6986-4da8-95c7-9482e2fa0f6f: receive RaftClientReply:client-E42F58674560->3a39c983-6986-4da8-95c7-9482e2fa0f6f@group-5E4216B2975C, cid=1696, SUCCESS, logIndex=2448, commits[3a39c983-6986-4da8-95c7-9482e2fa0f6f:c2451, 0f15f03e-3179-4fc8-ac54-a24fe3c72555:c2447, 11ea7e38-68de-49e0-a413-0aa394144289:c2447]
2019-07-09 08:42:04,827 INFO  client.GrpcClientProtocolClient (GrpcClientProtocolClient.java:onNext(255)) - client-E42F58674560->3a39c983-6986-4da8-95c7-9482e2fa0f6f: receive RaftClientReply:client-E42F58674560->3a39c983-6986-4da8-95c7-9482e2fa0f6f@group-5E4216B2975C, cid=1697, SUCCESS, logIndex=2449, commits[3a39c983-6986-4da8-95c7-9482e2fa0f6f:c2451, 0f15f03e-3179-4fc8-ac54-a24fe3c72555:c2447, 11ea7e38-68de-49e0-a413-0aa394144289:c2447]
2019-07-09 08:42:04,828 INFO  client.GrpcClientProtocolClient (GrpcClientProtocolClient.java:onNext(255)) - client-E42F58674560->3a39c983-6986-4da8-95c7-9482e2fa0f6f: receive RaftClientReply:client-E42F58674560->3a39c983-6986-4da8-95c7-9482e2fa0f6f@group-5E4216B2975C, cid=1698, SUCCESS, logIndex=2450, commits[3a39c983-6986-4da8-95c7-9482e2fa0f6f:c2451, 0f15f03e-3179-4fc8-ac54-a24fe3c72555:c2447, 11ea7e38-68de-49e0-a413-0aa394144289:c2447]
2019-07-09 08:42:04,828 INFO  client.GrpcClientProtocolClient (GrpcClientProtocolClient.java:onNext(255)) - client-E42F58674560->3a39c983-6986-4da8-95c7-9482e2fa0f6f: receive RaftClientReply:client-E42F58674560->3a39c983-6986-4da8-95c7-9482e2fa0f6f@group-5E4216B2975C, cid=1699, SUCCESS, logIndex=2451, commits[3a39c983-6986-4da8-95c7-9482e2fa0f6f:c2452, 0f15f03e-3179-4fc8-ac54-a24fe3c72555:c2449, 11ea7e38-68de-49e0-a413-0aa394144289:c2447]
2019-07-09 08:42:04,829 INFO  client.GrpcClientProtocolClient (GrpcClientProtocolClient.java:onNext(255)) - client-E42F58674560->3a39c983-6986-4da8-95c7-9482e2fa0f6f: receive RaftClientReply:client-E42F58674560->3a39c983-6986-4da8-95c7-9482e2fa0f6f@group-5E4216B2975C, cid=1700, SUCCESS, logIndex=0, commits[3a39c983-6986-4da8-95c7-9482e2fa0f6f:c2453, 0f15f03e-3179-4fc8-ac54-a24fe3c72555:c2451, 11ea7e38-68de-49e0-a413-0aa394144289:c2449]
2019-07-09 08:42:04,842 INFO  client.GrpcClientProtocolClient (GrpcClientProtocolClient.java:onNext(255)) - client-E42F58674560->3a39c983-6986-4da8-95c7-9482e2fa0f6f: receive RaftClientReply:client-E42F58674560->3a39c983-6986-4da8-95c7-9482e2fa0f6f@group-5E4216B2975C, cid=1701, SUCCESS, logIndex=2455, commits[3a39c983-6986-4da8-95c7-9482e2fa0f6f:c2456, 0f15f03e-3179-4fc8-ac54-a24fe3c72555:c2451, 11ea7e38-68de-49e0-a413-0aa394144289:c2454]
2019-07-09 08:42:04,842 INFO  client.GrpcClientProtocolClient (GrpcClientProtocolClient.java:onNext(255)) - client-E42F58674560->3a39c983-6986-4da8-95c7-9482e2fa0f6f: receive RaftClientReply:client-E42F58674560->3a39c983-6986-4da8-95c7-9482e2fa0f6f@group-5E4216B2975C, cid=1702, SUCCESS, logIndex=2456, commits[3a39c983-6986-4da8-95c7-9482e2fa0f6f:c2456, 0f15f03e-3179-4fc8-ac54-a24fe3c72555:c2454, 11ea7e38-68de-49e0-a413-0aa394144289:c2454]
2019-07-09 08:42:04,852 INFO  client.GrpcClientProtocolClient (GrpcClientProtocolClient.java:onNext(255)) - client-E42F58674560->3a39c983-6986-4da8-95c7-9482e2fa0f6f: receive RaftClientReply:client-E42F58674560->3a39c983-6986-4da8-95c7-9482e2fa0f6f@group-5E4216B2975C, cid=1703, SUCCESS, logIndex=2459, commits[3a39c983-6986-4da8-95c7-9482e2fa0f6f:c2460, 0f15f03e-3179-4fc8-ac54-a24fe3c72555:c2456, 11ea7e38-68de-49e0-a413-0aa394144289:c2458]
2019-07-09 08:42:04,852 INFO  client.GrpcClientProtocolClient (GrpcClientProtocolClient.java:onNext(255)) - client-E42F58674560->3a39c983-6986-4da8-95c7-9482e2fa0f6f: receive RaftClientReply:client-E42F58674560->3a39c983-6986-4da8-95c7-9482e2fa0f6f@group-5E4216B2975C, cid=1704, SUCCESS, logIndex=2460, commits[3a39c983-6986-4da8-95c7-9482e2fa0f6f:c2460, 0f15f03e-3179-4fc8-ac54-a24fe3c72555:c2456, 11ea7e38-68de-49e0-a413-0aa394144289:c2458]
2019-07-09 08:42:04,856 INFO  client.GrpcClientProtocolClient (GrpcClientProtocolClient.java:onNext(255)) - client-E42F58674560->3a39c983-6986-4da8-95c7-9482e2fa0f6f: receive RaftClientReply:client-E42F58674560->3a39c983-6986-4da8-95c7-9482e2fa0f6f@group-5E4216B2975C, cid=1705, SUCCESS, logIndex=0, commits[3a39c983-6986-4da8-95c7-9482e2fa0f6f:c2461, 0f15f03e-3179-4fc8-ac54-a24fe3c72555:c2460, 11ea7e38-68de-49e0-a413-0aa394144289:c2460]
2019-07-09 08:42:04,878 INFO  client.GrpcClientProtocolClient (GrpcClientProtocolClient.java:onNext(255)) - client-E42F58674560->3a39c983-6986-4da8-95c7-9482e2fa0f6f: receive RaftClientReply:client-E42F58674560->3a39c983-6986-4da8-95c7-9482e2fa0f6f@group-5E4216B2975C, cid=1706, SUCCESS, logIndex=2463, commits[3a39c983-6986-4da8-95c7-9482e2fa0f6f:c2466, 0f15f03e-3179-4fc8-ac54-a24fe3c72555:c2460, 11ea7e38-68de-49e0-a413-0aa394144289:c2462]
2019-07-09 08:42:04,879 INFO  client.GrpcClientProtocolClient (GrpcClientProtocolClient.java:onNext(255)) - client-E42F58674560->3a39c983-6986-4da8-95c7-9482e2fa0f6f: receive RaftClientReply:client-E42F58674560->3a39c983-6986-4da8-95c7-9482e2fa0f6f@group-5E4216B2975C, cid=1707, SUCCESS, logIndex=2464, commits[3a39c983-6986-4da8-95c7-9482e2fa0f6f:c2466, 0f15f03e-3179-4fc8-ac54-a24fe3c72555:c2462, 11ea7e38-68de-49e0-a413-0aa394144289:c2462]
2019-07-09 08:42:04,879 INFO  client.GrpcClientProtocolClient (GrpcClientProtocolClient.java:onNext(255)) - client-E42F58674560->3a39c983-6986-4da8-95c7-9482e2fa0f6f: receive RaftClientReply:client-E42F58674560->3a39c983-6986-4da8-95c7-9482e2fa0f6f@group-5E4216B2975C, cid=1708, SUCCESS, logIndex=2465, commits[3a39c983-6986-4da8-95c7-9482e2fa0f6f:c2466, 0f15f03e-3179-4fc8-ac54-a24fe3c72555:c2462, 11ea7e38-68de-49e0-a413-0aa394144289:c2462]
2019-07-09 08:42:04,879 INFO  client.GrpcClientProtocolClient (GrpcClientProtocolClient.java:onNext(255)) - client-E42F58674560->3a39c983-6986-4da8-95c7-9482e2fa0f6f: receive RaftClientReply:client-E42F58674560->3a39c983-6986-4da8-95c7-9482e2fa0f6f@group-5E4216B2975C, cid=1709, SUCCESS, logIndex=2466, commits[3a39c983-6986-4da8-95c7-9482e2fa0f6f:c2467, 0f15f03e-3179-4fc8-ac54-a24fe3c72555:c2462, 11ea7e38-68de-49e0-a413-0aa394144289:c2463]
2019-07-09 08:42:04,882 INFO  client.GrpcClientProtocolClient (GrpcClientProtocolClient.java:onNext(255)) - client-E42F58674560->3a39c983-6986-4da8-95c7-9482e2fa0f6f: receive RaftClientReply:client-E42F58674560->3a39c983-6986-4da8-95c7-9482e2fa0f6f@group-5E4216B2975C, cid=1710, SUCCESS, logIndex=0, commits[3a39c983-6986-4da8-95c7-9482e2fa0f6f:c2470, 0f15f03e-3179-4fc8-ac54-a24fe3c72555:c2466, 11ea7e38-68de-49e0-a413-0aa394144289:c2464]
2019-07-09 08:42:04,903 INFO  client.GrpcClientProtocolClient (GrpcClientProtocolClient.java:onNext(255)) - client-E42F58674560->3a39c983-6986-4da8-95c7-9482e2fa0f6f: receive RaftClientReply:client-E42F58674560->3a39c983-6986-4da8-95c7-9482e2fa0f6f@group-5E4216B2975C, cid=1711, SUCCESS, logIndex=2471, commits[3a39c983-6986-4da8-95c7-9482e2fa0f6f:c2472, 0f15f03e-3179-4fc8-ac54-a24fe3c72555:c2470, 11ea7e38-68de-49e0-a413-0aa394144289:c2470]
2019-07-09 08:42:04,904 INFO  client.GrpcClientProtocolClient (GrpcClientProtocolClient.java:onNext(255)) - client-E42F58674560->3a39c983-6986-4da8-95c7-9482e2fa0f6f: receive RaftClientReply:client-E42F58674560->3a39c983-6986-4da8-95c7-9482e2fa0f6f@group-5E4216B2975C, cid=1712, SUCCESS, logIndex=2472, commits[3a39c983-6986-4da8-95c7-9482e2fa0f6f:c2472, 0f15f03e-3179-4fc8-ac54-a24fe3c72555:c2470, 11ea7e38-68de-49e0-a413-0aa394144289:c2470]
2019-07-09 08:42:04,942 INFO  client.GrpcClientProtocolClient (GrpcClientProtocolClient.java:onNext(255)) - client-E42F58674560->3a39c983-6986-4da8-95c7-9482e2fa0f6f: receive RaftClientReply:client-E42F58674560->3a39c983-6986-4da8-95c7-9482e2fa0f6f@group-5E4216B2975C, cid=1713, SUCCESS, logIndex=2475, commits[3a39c983-6986-4da8-95c7-9482e2fa0f6f:c2476, 0f15f03e-3179-4fc8-ac54-a24fe3c72555:c2472, 11ea7e38-68de-49e0-a413-0aa394144289:c2472]
2019-07-09 08:42:04,942 INFO  client.GrpcClientProtocolClient (GrpcClientProtocolClient.java:onNext(255)) - client-E42F58674560->3a39c983-6986-4da8-95c7-9482e2fa0f6f: receive RaftClientReply:client-E42F58674560->3a39c983-6986-4da8-95c7-9482e2fa0f6f@group-5E4216B2975C, cid=1714, SUCCESS, logIndex=2476, commits[3a39c983-6986-4da8-95c7-9482e2fa0f6f:c2476, 0f15f03e-3179-4fc8-ac54-a24fe3c72555:c2472, 11ea7e38-68de-49e0-a413-0aa394144289:c2472]
2019-07-09 08:42:04,954 INFO  client.GrpcClientProtocolClient (GrpcClientProtocolClient.java:onNext(255)) - client-E42F58674560->3a39c983-6986-4da8-95c7-9482e2fa0f6f: receive RaftClientReply:client-E42F58674560->3a39c983-6986-4da8-95c7-9482e2fa0f6f@group-5E4216B2975C, cid=1715, SUCCESS, logIndex=0, commits[3a39c983-6986-4da8-95c7-9482e2fa0f6f:c2478, 0f15f03e-3179-4fc8-ac54-a24fe3c72555:c2476, 11ea7e38-68de-49e0-a413-0aa394144289:c2476]
2019-07-09 08:42:04,982 INFO  client.GrpcClientProtocolClient (GrpcClientProtocolClient.java:onNext(255)) - client-E42F58674560->3a39c983-6986-4da8-95c7-9482e2fa0f6f: receive RaftClientReply:client-E42F58674560->3a39c983-6986-4da8-95c7-9482e2fa0f6f@group-5E4216B2975C, cid=1716, SUCCESS, logIndex=2479, commits[3a39c983-6986-4da8-95c7-9482e2fa0f6f:c2480, 0f15f03e-3179-4fc8-ac54-a24fe3c72555:c2478, 11ea7e38-68de-49e0-a413-0aa394144289:c2478]
2019-07-09 08:42:04,982 INFO  client.GrpcClientProtocolClient (GrpcClientProtocolClient.java:onNext(255)) - client-E42F58674560->3a39c983-6986-4da8-95c7-9482e2fa0f6f: receive RaftClientReply:client-E42F58674560->3a39c983-6986-4da8-95c7-9482e2fa0f6f@group-5E4216B2975C, cid=1717, SUCCESS, logIndex=2480, commits[3a39c983-6986-4da8-95c7-9482e2fa0f6f:c2481, 0f15f03e-3179-4fc8-ac54-a24fe3c72555:c2478, 11ea7e38-68de-49e0-a413-0aa394144289:c2478]
2019-07-09 08:42:04,983 INFO  client.GrpcClientProtocolClient (GrpcClientProtocolClient.java:onNext(255)) - client-E42F58674560->3a39c983-6986-4da8-95c7-9482e2fa0f6f: receive RaftClientReply:client-E42F58674560->3a39c983-6986-4da8-95c7-9482e2fa0f6f@group-5E4216B2975C, cid=1718, SUCCESS, logIndex=2481, commits[3a39c983-6986-4da8-95c7-9482e2fa0f6f:c2482, 0f15f03e-3179-4fc8-ac54-a24fe3c72555:c2478, 11ea7e38-68de-49e0-a413-0aa394144289:c2478]
2019-07-09 08:42:04,983 INFO  client.GrpcClientProtocolClient (GrpcClientProtocolClient.java:onNext(255)) - client-E42F58674560->3a39c983-6986-4da8-95c7-9482e2fa0f6f: receive RaftClientReply:client-E42F58674560->3a39c983-6986-4da8-95c7-9482e2fa0f6f@group-5E4216B2975C, cid=1719, SUCCESS, logIndex=2482, commits[3a39c983-6986-4da8-95c7-9482e2fa0f6f:c2482, 0f15f03e-3179-4fc8-ac54-a24fe3c72555:c2478, 11ea7e38-68de-49e0-a413-0aa394144289:c2478]
2019-07-09 08:42:04,998 INFO  client.GrpcClientProtocolClient (GrpcClientProtocolClient.java:onNext(255)) - client-E42F58674560->3a39c983-6986-4da8-95c7-9482e2fa0f6f: receive RaftClientReply:client-E42F58674560->3a39c983-6986-4da8-95c7-9482e2fa0f6f@group-5E4216B2975C, cid=1720, SUCCESS, logIndex=0, commits[3a39c983-6986-4da8-95c7-9482e2fa0f6f:c2484, 0f15f03e-3179-4fc8-ac54-a24fe3c72555:c2480, 11ea7e38-68de-49e0-a413-0aa394144289:c2480]
2019-07-09 08:42:05,009 INFO  client.GrpcClientProtocolClient (GrpcClientProtocolClient.java:onNext(255)) - client-E42F58674560->3a39c983-6986-4da8-95c7-9482e2fa0f6f: receive RaftClientReply:client-E42F58674560->3a39c983-6986-4da8-95c7-9482e2fa0f6f@group-5E4216B2975C, cid=1721, SUCCESS, logIndex=2487, commits[3a39c983-6986-4da8-95c7-9482e2fa0f6f:c2488, 0f15f03e-3179-4fc8-ac54-a24fe3c72555:c2486, 11ea7e38-68de-49e0-a413-0aa394144289:c2482]
2019-07-09 08:42:05,010 INFO  client.GrpcClientProtocolClient (GrpcClientProtocolClient.java:onNext(255)) - client-E42F58674560->3a39c983-6986-4da8-95c7-9482e2fa0f6f: receive RaftClientReply:client-E42F58674560->3a39c983-6986-4da8-95c7-9482e2fa0f6f@group-5E4216B2975C, cid=1722, SUCCESS, logIndex=2488, commits[3a39c983-6986-4da8-95c7-9482e2fa0f6f:c2488, 0f15f03e-3179-4fc8-ac54-a24fe3c72555:c2486, 11ea7e38-68de-49e0-a413-0aa394144289:c2486]
2019-07-09 08:42:05,101 INFO  client.GrpcClientProtocolClient (GrpcClientProtocolClient.java:onNext(255)) - client-E42F58674560->3a39c983-6986-4da8-95c7-9482e2fa0f6f: receive RaftClientReply:client-E42F58674560->3a39c983-6986-4da8-95c7-9482e2fa0f6f@group-5E4216B2975C, cid=1723, SUCCESS, logIndex=2491, commits[3a39c983-6986-4da8-95c7-9482e2fa0f6f:c2492, 0f15f03e-3179-4fc8-ac54-a24fe3c72555:c2490, 11ea7e38-68de-49e0-a413-0aa394144289:c2490]
2019-07-09 08:42:05,102 INFO  client.GrpcClientProtocolClient (GrpcClientProtocolClient.java:onNext(255)) - client-E42F58674560->3a39c983-6986-4da8-95c7-9482e2fa0f6f: receive RaftClientReply:client-E42F58674560->3a39c983-6986-4da8-95c7-9482e2fa0f6f@group-5E4216B2975C, cid=1724, SUCCESS, logIndex=2492, commits[3a39c983-6986-4da8-95c7-9482e2fa0f6f:c2492, 0f15f03e-3179-4fc8-ac54-a24fe3c72555:c2490, 11ea7e38-68de-49e0-a413-0aa394144289:c2490]
2019-07-09 08:42:05,106 INFO  client.GrpcClientProtocolClient (GrpcClientProtocolClient.java:onNext(255)) - client-E42F58674560->3a39c983-6986-4da8-95c7-9482e2fa0f6f: receive RaftClientReply:client-E42F58674560->3a39c983-6986-4da8-95c7-9482e2fa0f6f@group-5E4216B2975C, cid=1725, SUCCESS, logIndex=0, commits[3a39c983-6986-4da8-95c7-9482e2fa0f6f:c2493, 0f15f03e-3179-4fc8-ac54-a24fe3c72555:c2492, 11ea7e38-68de-49e0-a413-0aa394144289:c2492]
2019-07-09 08:42:05,151 INFO  client.GrpcClientProtocolClient (GrpcClientProtocolClient.java:onNext(255)) - client-E42F58674560->3a39c983-6986-4da8-95c7-9482e2fa0f6f: receive RaftClientReply:client-E42F58674560->3a39c983-6986-4da8-95c7-9482e2fa0f6f@group-5E4216B2975C, cid=1726, SUCCESS, logIndex=2495, commits[3a39c983-6986-4da8-95c7-9482e2fa0f6f:c2498, 0f15f03e-3179-4fc8-ac54-a24fe3c72555:c2494, 11ea7e38-68de-49e0-a413-0aa394144289:c2494]
2019-07-09 08:42:05,151 INFO  client.GrpcClientProtocolClient (GrpcClientProtocolClient.java:onNext(255)) - client-E42F58674560->3a39c983-6986-4da8-95c7-9482e2fa0f6f: receive RaftClientReply:client-E42F58674560->3a39c983-6986-4da8-95c7-9482e2fa0f6f@group-5E4216B2975C, cid=1727, SUCCESS, logIndex=2496, commits[3a39c983-6986-4da8-95c7-9482e2fa0f6f:c2498, 0f15f03e-3179-4fc8-ac54-a24fe3c72555:c2494, 11ea7e38-68de-49e0-a413-0aa394144289:c2494]
2019-07-09 08:42:05,152 INFO  client.GrpcClientProtocolClient (GrpcClientProtocolClient.java:onNext(255)) - client-E42F58674560->3a39c983-6986-4da8-95c7-9482e2fa0f6f: receive RaftClientReply:client-E42F58674560->3a39c983-6986-4da8-95c7-9482e2fa0f6f@group-5E4216B2975C, cid=1728, SUCCESS, logIndex=2497, commits[3a39c983-6986-4da8-95c7-9482e2fa0f6f:c2498, 0f15f03e-3179-4fc8-ac54-a24fe3c72555:c2494, 11ea7e38-68de-49e0-a413-0aa394144289:c2494]
2019-07-09 08:42:05,152 INFO  client.GrpcClientProtocolClient (GrpcClientProtocolClient.java:onNext(255)) - client-E42F58674560->3a39c983-6986-4da8-95c7-9482e2fa0f6f: receive RaftClientReply:client-E42F58674560->3a39c983-6986-4da8-95c7-9482e2fa0f6f@group-5E4216B2975C, cid=1729, SUCCESS, logIndex=2498, commits[3a39c983-6986-4da8-95c7-9482e2fa0f6f:c2498, 0f15f03e-3179-4fc8-ac54-a24fe3c72555:c2494, 11ea7e38-68de-49e0-a413-0aa394144289:c2494]
2019-07-09 08:42:05,163 INFO  client.GrpcClientProtocolClient (GrpcClientProtocolClient.java:onNext(255)) - client-E42F58674560->3a39c983-6986-4da8-95c7-9482e2fa0f6f: receive RaftClientReply:client-E42F58674560->3a39c983-6986-4da8-95c7-9482e2fa0f6f@group-5E4216B2975C, cid=1730, SUCCESS, logIndex=0, commits[3a39c983-6986-4da8-95c7-9482e2fa0f6f:c2499, 0f15f03e-3179-4fc8-ac54-a24fe3c72555:c2496, 11ea7e38-68de-49e0-a413-0aa394144289:c2496]
2019-07-09 08:42:05,181 INFO  client.GrpcClientProtocolClient (GrpcClientProtocolClient.java:onNext(255)) - client-E42F58674560->3a39c983-6986-4da8-95c7-9482e2fa0f6f: receive RaftClientReply:client-E42F58674560->3a39c983-6986-4da8-95c7-9482e2fa0f6f@group-5E4216B2975C, cid=1731, SUCCESS, logIndex=2503, commits[3a39c983-6986-4da8-95c7-9482e2fa0f6f:c2504, 0f15f03e-3179-4fc8-ac54-a24fe3c72555:c2502, 11ea7e38-68de-49e0-a413-0aa394144289:c2502]
2019-07-09 08:42:05,182 INFO  client.GrpcClientProtocolClient (GrpcClientProtocolClient.java:onNext(255)) - client-E42F58674560->3a39c983-6986-4da8-95c7-9482e2fa0f6f: receive RaftClientReply:client-E42F58674560->3a39c983-6986-4da8-95c7-9482e2fa0f6f@group-5E4216B2975C, cid=1732, SUCCESS, logIndex=2504, commits[3a39c983-6986-4da8-95c7-9482e2fa0f6f:c2504, 0f15f03e-3179-4fc8-ac54-a24fe3c72555:c2502, 11ea7e38-68de-49e0-a413-0aa394144289:c2502]
2019-07-09 08:42:05,193 INFO  client.GrpcClientProtocolClient (GrpcClientProtocolClient.java:onNext(255)) - client-E42F58674560->3a39c983-6986-4da8-95c7-9482e2fa0f6f: receive RaftClientReply:client-E42F58674560->3a39c983-6986-4da8-95c7-9482e2fa0f6f@group-5E4216B2975C, cid=1733, SUCCESS, logIndex=2507, commits[3a39c983-6986-4da8-95c7-9482e2fa0f6f:c2508, 0f15f03e-3179-4fc8-ac54-a24fe3c72555:c2503, 11ea7e38-68de-49e0-a413-0aa394144289:c2504]
2019-07-09 08:42:05,193 INFO  client.GrpcClientProtocolClient (GrpcClientProtocolClient.java:onNext(255)) - client-E42F58674560->3a39c983-6986-4da8-95c7-9482e2fa0f6f: receive RaftClientReply:client-E42F58674560->3a39c983-6986-4da8-95c7-9482e2fa0f6f@group-5E4216B2975C, cid=1734, SUCCESS, logIndex=2508, commits[3a39c983-6986-4da8-95c7-9482e2fa0f6f:c2508, 0f15f03e-3179-4fc8-ac54-a24fe3c72555:c2503, 11ea7e38-68de-49e0-a413-0aa394144289:c2504]
2019-07-09 08:42:05,194 INFO  client.GrpcClientProtocolClient (GrpcClientProtocolClient.java:onNext(255)) - client-E42F58674560->3a39c983-6986-4da8-95c7-9482e2fa0f6f: receive RaftClientReply:client-E42F58674560->3a39c983-6986-4da8-95c7-9482e2fa0f6f@group-5E4216B2975C, cid=1735, SUCCESS, logIndex=0, commits[3a39c983-6986-4da8-95c7-9482e2fa0f6f:c2508, 0f15f03e-3179-4fc8-ac54-a24fe3c72555:c2504, 11ea7e38-68de-49e0-a413-0aa394144289:c2504]
2019-07-09 08:42:05,207 INFO  client.GrpcClientProtocolClient (GrpcClientProtocolClient.java:onNext(255)) - client-E42F58674560->3a39c983-6986-4da8-95c7-9482e2fa0f6f: receive RaftClientReply:client-E42F58674560->3a39c983-6986-4da8-95c7-9482e2fa0f6f@group-5E4216B2975C, cid=1736, SUCCESS, logIndex=0, commits[3a39c983-6986-4da8-95c7-9482e2fa0f6f:c2509, 0f15f03e-3179-4fc8-ac54-a24fe3c72555:c2508, 11ea7e38-68de-49e0-a413-0aa394144289:c2508]
2019-07-09 08:42:05,232 INFO  client.GrpcClientProtocolClient (GrpcClientProtocolClient.java:onNext(255)) - client-E42F58674560->3a39c983-6986-4da8-95c7-9482e2fa0f6f: receive RaftClientReply:client-E42F58674560->3a39c983-6986-4da8-95c7-9482e2fa0f6f@group-5E4216B2975C, cid=1737, SUCCESS, logIndex=2511, commits[3a39c983-6986-4da8-95c7-9482e2fa0f6f:c2512, 0f15f03e-3179-4fc8-ac54-a24fe3c72555:c2510, 11ea7e38-68de-49e0-a413-0aa394144289:c2510]
2019-07-09 08:42:05,233 INFO  client.GrpcClientProtocolClient (GrpcClientProtocolClient.java:onNext(255)) - client-E42F58674560->3a39c983-6986-4da8-95c7-9482e2fa0f6f: receive RaftClientReply:client-E42F58674560->3a39c983-6986-4da8-95c7-9482e2fa0f6f@group-5E4216B2975C, cid=1738, SUCCESS, logIndex=2512, commits[3a39c983-6986-4da8-95c7-9482e2fa0f6f:c2514, 0f15f03e-3179-4fc8-ac54-a24fe3c72555:c2510, 11ea7e38-68de-49e0-a413-0aa394144289:c2510]
2019-07-09 08:42:05,233 INFO  client.GrpcClientProtocolClient (GrpcClientProtocolClient.java:onNext(255)) - client-E42F58674560->3a39c983-6986-4da8-95c7-9482e2fa0f6f: receive RaftClientReply:client-E42F58674560->3a39c983-6986-4da8-95c7-9482e2fa0f6f@group-5E4216B2975C, cid=1739, SUCCESS, logIndex=2513, commits[3a39c983-6986-4da8-95c7-9482e2fa0f6f:c2514, 0f15f03e-3179-4fc8-ac54-a24fe3c72555:c2510, 11ea7e38-68de-49e0-a413-0aa394144289:c2510]
2019-07-09 08:42:05,233 INFO  client.GrpcClientProtocolClient (GrpcClientProtocolClient.java:onNext(255)) - client-E42F58674560->3a39c983-6986-4da8-95c7-9482e2fa0f6f: receive RaftClientReply:client-E42F58674560->3a39c983-6986-4da8-95c7-9482e2fa0f6f@group-5E4216B2975C, cid=1740, SUCCESS, logIndex=2514, commits[3a39c983-6986-4da8-95c7-9482e2fa0f6f:c2514, 0f15f03e-3179-4fc8-ac54-a24fe3c72555:c2510, 11ea7e38-68de-49e0-a413-0aa394144289:c2510]
2019-07-09 08:42:05,244 INFO  client.GrpcClientProtocolClient (GrpcClientProtocolClient.java:onNext(255)) - client-E42F58674560->3a39c983-6986-4da8-95c7-9482e2fa0f6f: receive RaftClientReply:client-E42F58674560->3a39c983-6986-4da8-95c7-9482e2fa0f6f@group-5E4216B2975C, cid=1741, SUCCESS, logIndex=0, commits[3a39c983-6986-4da8-95c7-9482e2fa0f6f:c2516, 0f15f03e-3179-4fc8-ac54-a24fe3c72555:c2512, 11ea7e38-68de-49e0-a413-0aa394144289:c2512]
2019-07-09 08:42:05,257 INFO  client.GrpcClientProtocolClient (GrpcClientProtocolClient.java:onNext(255)) - client-E42F58674560->3a39c983-6986-4da8-95c7-9482e2fa0f6f: receive RaftClientReply:client-E42F58674560->3a39c983-6986-4da8-95c7-9482e2fa0f6f@group-5E4216B2975C, cid=1742, SUCCESS, logIndex=2518, commits[3a39c983-6986-4da8-95c7-9482e2fa0f6f:c2519, 0f15f03e-3179-4fc8-ac54-a24fe3c72555:c2516, 11ea7e38-68de-49e0-a413-0aa394144289:c2514]
2019-07-09 08:42:05,257 INFO  client.GrpcClientProtocolClient (GrpcClientProtocolClient.java:onNext(255)) - client-E42F58674560->3a39c983-6986-4da8-95c7-9482e2fa0f6f: receive RaftClientReply:client-E42F58674560->3a39c983-6986-4da8-95c7-9482e2fa0f6f@group-5E4216B2975C, cid=1743, SUCCESS, logIndex=2519, commits[3a39c983-6986-4da8-95c7-9482e2fa0f6f:c2519, 0f15f03e-3179-4fc8-ac54-a24fe3c72555:c2516, 11ea7e38-68de-49e0-a413-0aa394144289:c2516]
2019-07-09 08:42:05,276 INFO  client.GrpcClientProtocolClient (GrpcClientProtocolClient.java:onNext(255)) - client-E42F58674560->3a39c983-6986-4da8-95c7-9482e2fa0f6f: receive RaftClientReply:client-E42F58674560->3a39c983-6986-4da8-95c7-9482e2fa0f6f@group-5E4216B2975C, cid=1744, SUCCESS, logIndex=2522, commits[3a39c983-6986-4da8-95c7-9482e2fa0f6f:c2523, 0f15f03e-3179-4fc8-ac54-a24fe3c72555:c2521, 11ea7e38-68de-49e0-a413-0aa394144289:c2521]
2019-07-09 08:42:05,276 INFO  client.GrpcClientProtocolClient (GrpcClientProtocolClient.java:onNext(255)) - client-E42F58674560->3a39c983-6986-4da8-95c7-9482e2fa0f6f: receive RaftClientReply:client-E42F58674560->3a39c983-6986-4da8-95c7-9482e2fa0f6f@group-5E4216B2975C, cid=1745, SUCCESS, logIndex=2523, commits[3a39c983-6986-4da8-95c7-9482e2fa0f6f:c2523, 0f15f03e-3179-4fc8-ac54-a24fe3c72555:c2521, 11ea7e38-68de-49e0-a413-0aa394144289:c2521]
2019-07-09 08:42:05,291 INFO  client.GrpcClientProtocolClient (GrpcClientProtocolClient.java:onNext(255)) - client-E42F58674560->3a39c983-6986-4da8-95c7-9482e2fa0f6f: receive RaftClientReply:client-E42F58674560->3a39c983-6986-4da8-95c7-9482e2fa0f6f@group-5E4216B2975C, cid=1746, SUCCESS, logIndex=0, commits[3a39c983-6986-4da8-95c7-9482e2fa0f6f:c2525, 0f15f03e-3179-4fc8-ac54-a24fe3c72555:c2523, 11ea7e38-68de-49e0-a413-0aa394144289:c2523]
2019-07-09 08:42:05,318 INFO  client.GrpcClientProtocolClient (GrpcClientProtocolClient.java:onNext(255)) - client-E42F58674560->3a39c983-6986-4da8-95c7-9482e2fa0f6f: receive RaftClientReply:client-E42F58674560->3a39c983-6986-4da8-95c7-9482e2fa0f6f@group-5E4216B2975C, cid=1747, SUCCESS, logIndex=2526, commits[3a39c983-6986-4da8-95c7-9482e2fa0f6f:c2529, 0f15f03e-3179-4fc8-ac54-a24fe3c72555:c2523, 11ea7e38-68de-49e0-a413-0aa394144289:c2525]
2019-07-09 08:42:05,318 INFO  client.GrpcClientProtocolClient (GrpcClientProtocolClient.java:onNext(255)) - client-E42F58674560->3a39c983-6986-4da8-95c7-9482e2fa0f6f: receive RaftClientReply:client-E42F58674560->3a39c983-6986-4da8-95c7-9482e2fa0f6f@group-5E4216B2975C, cid=1748, SUCCESS, logIndex=2527, commits[3a39c983-6986-4da8-95c7-9482e2fa0f6f:c2529, 0f15f03e-3179-4fc8-ac54-a24fe3c72555:c2525, 11ea7e38-68de-49e0-a413-0aa394144289:c2525]
2019-07-09 08:42:05,318 INFO  client.GrpcClientProtocolClient (GrpcClientProtocolClient.java:onNext(255)) - client-E42F58674560->3a39c983-6986-4da8-95c7-9482e2fa0f6f: receive RaftClientReply:client-E42F58674560->3a39c983-6986-4da8-95c7-9482e2fa0f6f@group-5E4216B2975C, cid=1749, SUCCESS, logIndex=2528, commits[3a39c983-6986-4da8-95c7-9482e2fa0f6f:c2529, 0f15f03e-3179-4fc8-ac54-a24fe3c72555:c2525, 11ea7e38-68de-49e0-a413-0aa394144289:c2525]
2019-07-09 08:42:05,319 INFO  client.GrpcClientProtocolClient (GrpcClientProtocolClient.java:onNext(255)) - client-E42F58674560->3a39c983-6986-4da8-95c7-9482e2fa0f6f: receive RaftClientReply:client-E42F58674560->3a39c983-6986-4da8-95c7-9482e2fa0f6f@group-5E4216B2975C, cid=1750, SUCCESS, logIndex=2529, commits[3a39c983-6986-4da8-95c7-9482e2fa0f6f:c2529, 0f15f03e-3179-4fc8-ac54-a24fe3c72555:c2525, 11ea7e38-68de-49e0-a413-0aa394144289:c2525]
2019-07-09 08:42:05,330 INFO  client.GrpcClientProtocolClient (GrpcClientProtocolClient.java:onNext(255)) - client-E42F58674560->3a39c983-6986-4da8-95c7-9482e2fa0f6f: receive RaftClientReply:client-E42F58674560->3a39c983-6986-4da8-95c7-9482e2fa0f6f@group-5E4216B2975C, cid=1751, SUCCESS, logIndex=0, commits[3a39c983-6986-4da8-95c7-9482e2fa0f6f:c2532, 0f15f03e-3179-4fc8-ac54-a24fe3c72555:c2529, 11ea7e38-68de-49e0-a413-0aa394144289:c2527]
2019-07-09 08:42:05,348 INFO  client.GrpcClientProtocolClient (GrpcClientProtocolClient.java:onNext(255)) - client-E42F58674560->3a39c983-6986-4da8-95c7-9482e2fa0f6f: receive RaftClientReply:client-E42F58674560->3a39c983-6986-4da8-95c7-9482e2fa0f6f@group-5E4216B2975C, cid=1752, SUCCESS, logIndex=2534, commits[3a39c983-6986-4da8-95c7-9482e2fa0f6f:c2535, 0f15f03e-3179-4fc8-ac54-a24fe3c72555:c2533, 11ea7e38-68de-49e0-a413-0aa394144289:c2533]
2019-07-09 08:42:05,348 INFO  client.GrpcClientProtocolClient (GrpcClientProtocolClient.java:onNext(255)) - client-E42F58674560->3a39c983-6986-4da8-95c7-9482e2fa0f6f: receive RaftClientReply:client-E42F58674560->3a39c983-6986-4da8-95c7-9482e2fa0f6f@group-5E4216B2975C, cid=1753, SUCCESS, logIndex=2535, commits[3a39c983-6986-4da8-95c7-9482e2fa0f6f:c2535, 0f15f03e-3179-4fc8-ac54-a24fe3c72555:c2533, 11ea7e38-68de-49e0-a413-0aa394144289:c2533]
2019-07-09 08:42:05,361 INFO  client.GrpcClientProtocolClient (GrpcClientProtocolClient.java:onNext(255)) - client-E42F58674560->3a39c983-6986-4da8-95c7-9482e2fa0f6f: receive RaftClientReply:client-E42F58674560->3a39c983-6986-4da8-95c7-9482e2fa0f6f@group-5E4216B2975C, cid=1754, SUCCESS, logIndex=2538, commits[3a39c983-6986-4da8-95c7-9482e2fa0f6f:c2539, 0f15f03e-3179-4fc8-ac54-a24fe3c72555:c2535, 11ea7e38-68de-49e0-a413-0aa394144289:c2535]
2019-07-09 08:42:05,361 INFO  client.GrpcClientProtocolClient (GrpcClientProtocolClient.java:onNext(255)) - client-E42F58674560->3a39c983-6986-4da8-95c7-9482e2fa0f6f: receive RaftClientReply:client-E42F58674560->3a39c983-6986-4da8-95c7-9482e2fa0f6f@group-5E4216B2975C, cid=1755, SUCCESS, logIndex=2539, commits[3a39c983-6986-4da8-95c7-9482e2fa0f6f:c2539, 0f15f03e-3179-4fc8-ac54-a24fe3c72555:c2535, 11ea7e38-68de-49e0-a413-0aa394144289:c2535]
2019-07-09 08:42:05,376 INFO  client.GrpcClientProtocolClient (GrpcClientProtocolClient.java:onNext(255)) - client-E42F58674560->3a39c983-6986-4da8-95c7-9482e2fa0f6f: receive RaftClientReply:client-E42F58674560->3a39c983-6986-4da8-95c7-9482e2fa0f6f@group-5E4216B2975C, cid=1756, SUCCESS, logIndex=0, commits[3a39c983-6986-4da8-95c7-9482e2fa0f6f:c2541, 0f15f03e-3179-4fc8-ac54-a24fe3c72555:c2539, 11ea7e38-68de-49e0-a413-0aa394144289:c2539]
2019-07-09 08:42:05,409 INFO  client.GrpcClientProtocolClient (GrpcClientProtocolClient.java:onNext(255)) - client-E42F58674560->3a39c983-6986-4da8-95c7-9482e2fa0f6f: receive RaftClientReply:client-E42F58674560->3a39c983-6986-4da8-95c7-9482e2fa0f6f@group-5E4216B2975C, cid=1757, SUCCESS, logIndex=2542, commits[3a39c983-6986-4da8-95c7-9482e2fa0f6f:c2544, 0f15f03e-3179-4fc8-ac54-a24fe3c72555:c2541, 11ea7e38-68de-49e0-a413-0aa394144289:c2541]
2019-07-09 08:42:05,410 INFO  client.GrpcClientProtocolClient (GrpcClientProtocolClient.java:onNext(255)) - client-E42F58674560->3a39c983-6986-4da8-95c7-9482e2fa0f6f: receive RaftClientReply:client-E42F58674560->3a39c983-6986-4da8-95c7-9482e2fa0f6f@group-5E4216B2975C, cid=1758, SUCCESS, logIndex=2543, commits[3a39c983-6986-4da8-95c7-9482e2fa0f6f:c2545, 0f15f03e-3179-4fc8-ac54-a24fe3c72555:c2541, 11ea7e38-68de-49e0-a413-0aa394144289:c2541]
2019-07-09 08:42:05,410 INFO  client.GrpcClientProtocolClient (GrpcClientProtocolClient.java:onNext(255)) - client-E42F58674560->3a39c983-6986-4da8-95c7-9482e2fa0f6f: receive RaftClientReply:client-E42F58674560->3a39c983-6986-4da8-95c7-9482e2fa0f6f@group-5E4216B2975C, cid=1759, SUCCESS, logIndex=2544, commits[3a39c983-6986-4da8-95c7-9482e2fa0f6f:c2545, 0f15f03e-3179-4fc8-ac54-a24fe3c72555:c2541, 11ea7e38-68de-49e0-a413-0aa394144289:c2541]
2019-07-09 08:42:05,410 INFO  client.GrpcClientProtocolClient (GrpcClientProtocolClient.java:onNext(255)) - client-E42F58674560->3a39c983-6986-4da8-95c7-9482e2fa0f6f: receive RaftClientReply:client-E42F58674560->3a39c983-6986-4da8-95c7-9482e2fa0f6f@group-5E4216B2975C, cid=1760, SUCCESS, logIndex=2545, commits[3a39c983-6986-4da8-95c7-9482e2fa0f6f:c2545, 0f15f03e-3179-4fc8-ac54-a24fe3c72555:c2541, 11ea7e38-68de-49e0-a413-0aa394144289:c2541]
2019-07-09 08:42:05,421 INFO  client.GrpcClientProtocolClient (GrpcClientProtocolClient.java:onNext(255)) - client-E42F58674560->3a39c983-6986-4da8-95c7-9482e2fa0f6f: receive RaftClientReply:client-E42F58674560->3a39c983-6986-4da8-95c7-9482e2fa0f6f@group-5E4216B2975C, cid=1761, SUCCESS, logIndex=0, commits[3a39c983-6986-4da8-95c7-9482e2fa0f6f:c2546, 0f15f03e-3179-4fc8-ac54-a24fe3c72555:c2543, 11ea7e38-68de-49e0-a413-0aa394144289:c2543]
2019-07-09 08:42:05,448 INFO  client.GrpcClientProtocolClient (GrpcClientProtocolClient.java:onNext(255)) - client-E42F58674560->3a39c983-6986-4da8-95c7-9482e2fa0f6f: receive RaftClientReply:client-E42F58674560->3a39c983-6986-4da8-95c7-9482e2fa0f6f@group-5E4216B2975C, cid=1762, SUCCESS, logIndex=2550, commits[3a39c983-6986-4da8-95c7-9482e2fa0f6f:c2551, 0f15f03e-3179-4fc8-ac54-a24fe3c72555:c2549, 11ea7e38-68de-49e0-a413-0aa394144289:c2549]
2019-07-09 08:42:05,448 INFO  client.GrpcClientProtocolClient (GrpcClientProtocolClient.java:onNext(255)) - client-E42F58674560->3a39c983-6986-4da8-95c7-9482e2fa0f6f: receive RaftClientReply:client-E42F58674560->3a39c983-6986-4da8-95c7-9482e2fa0f6f@group-5E4216B2975C, cid=1763, SUCCESS, logIndex=2551, commits[3a39c983-6986-4da8-95c7-9482e2fa0f6f:c2551, 0f15f03e-3179-4fc8-ac54-a24fe3c72555:c2549, 11ea7e38-68de-49e0-a413-0aa394144289:c2549]
2019-07-09 08:42:05,462 INFO  client.GrpcClientProtocolClient (GrpcClientProtocolClient.java:onNext(255)) - client-E42F58674560->3a39c983-6986-4da8-95c7-9482e2fa0f6f: receive RaftClientReply:client-E42F58674560->3a39c983-6986-4da8-95c7-9482e2fa0f6f@group-5E4216B2975C, cid=1764, SUCCESS, logIndex=2554, commits[3a39c983-6986-4da8-95c7-9482e2fa0f6f:c2555, 0f15f03e-3179-4fc8-ac54-a24fe3c72555:c2551, 11ea7e38-68de-49e0-a413-0aa394144289:c2551]
2019-07-09 08:42:05,463 INFO  client.GrpcClientProtocolClient (GrpcClientProtocolClient.java:onNext(255)) - client-E42F58674560->3a39c983-6986-4da8-95c7-9482e2fa0f6f: receive RaftClientReply:client-E42F58674560->3a39c983-6986-4da8-95c7-9482e2fa0f6f@group-5E4216B2975C, cid=1765, SUCCESS, logIndex=2555, commits[3a39c983-6986-4da8-95c7-9482e2fa0f6f:c2555, 0f15f03e-3179-4fc8-ac54-a24fe3c72555:c2551, 11ea7e38-68de-49e0-a413-0aa394144289:c2551]
2019-07-09 08:42:05,477 INFO  client.GrpcClientProtocolClient (GrpcClientProtocolClient.java:onNext(255)) - client-E42F58674560->3a39c983-6986-4da8-95c7-9482e2fa0f6f: receive RaftClientReply:client-E42F58674560->3a39c983-6986-4da8-95c7-9482e2fa0f6f@group-5E4216B2975C, cid=1766, SUCCESS, logIndex=0, commits[3a39c983-6986-4da8-95c7-9482e2fa0f6f:c2556, 0f15f03e-3179-4fc8-ac54-a24fe3c72555:c2555, 11ea7e38-68de-49e0-a413-0aa394144289:c2555]
2019-07-09 08:42:05,511 INFO  client.GrpcClientProtocolClient (GrpcClientProtocolClient.java:onNext(255)) - client-E42F58674560->3a39c983-6986-4da8-95c7-9482e2fa0f6f: receive RaftClientReply:client-E42F58674560->3a39c983-6986-4da8-95c7-9482e2fa0f6f@group-5E4216B2975C, cid=1767, SUCCESS, logIndex=2558, commits[3a39c983-6986-4da8-95c7-9482e2fa0f6f:c2559, 0f15f03e-3179-4fc8-ac54-a24fe3c72555:c2557, 11ea7e38-68de-49e0-a413-0aa394144289:c2557]
2019-07-09 08:42:05,511 INFO  client.GrpcClientProtocolClient (GrpcClientProtocolClient.java:onNext(255)) - client-E42F58674560->3a39c983-6986-4da8-95c7-9482e2fa0f6f: receive RaftClientReply:client-E42F58674560->3a39c983-6986-4da8-95c7-9482e2fa0f6f@group-5E4216B2975C, cid=1768, SUCCESS, logIndex=2559, commits[3a39c983-6986-4da8-95c7-9482e2fa0f6f:c2561, 0f15f03e-3179-4fc8-ac54-a24fe3c72555:c2557, 11ea7e38-68de-49e0-a413-0aa394144289:c2557]
2019-07-09 08:42:05,512 INFO  client.GrpcClientProtocolClient (GrpcClientProtocolClient.java:onNext(255)) - client-E42F58674560->3a39c983-6986-4da8-95c7-9482e2fa0f6f: receive RaftClientReply:client-E42F58674560->3a39c983-6986-4da8-95c7-9482e2fa0f6f@group-5E4216B2975C, cid=1769, SUCCESS, logIndex=2560, commits[3a39c983-6986-4da8-95c7-9482e2fa0f6f:c2561, 0f15f03e-3179-4fc8-ac54-a24fe3c72555:c2557, 11ea7e38-68de-49e0-a413-0aa394144289:c2557]
2019-07-09 08:42:05,512 INFO  client.GrpcClientProtocolClient (GrpcClientProtocolClient.java:onNext(255)) - client-E42F58674560->3a39c983-6986-4da8-95c7-9482e2fa0f6f: receive RaftClientReply:client-E42F58674560->3a39c983-6986-4da8-95c7-9482e2fa0f6f@group-5E4216B2975C, cid=1770, SUCCESS, logIndex=2561, commits[3a39c983-6986-4da8-95c7-9482e2fa0f6f:c2561, 0f15f03e-3179-4fc8-ac54-a24fe3c72555:c2557, 11ea7e38-68de-49e0-a413-0aa394144289:c2557]
2019-07-09 08:42:05,522 INFO  client.GrpcClientProtocolClient (GrpcClientProtocolClient.java:onNext(255)) - client-E42F58674560->3a39c983-6986-4da8-95c7-9482e2fa0f6f: receive RaftClientReply:client-E42F58674560->3a39c983-6986-4da8-95c7-9482e2fa0f6f@group-5E4216B2975C, cid=1771, SUCCESS, logIndex=0, commits[3a39c983-6986-4da8-95c7-9482e2fa0f6f:c2562, 0f15f03e-3179-4fc8-ac54-a24fe3c72555:c2559, 11ea7e38-68de-49e0-a413-0aa394144289:c2559]
2019-07-09 08:42:05,541 INFO  client.GrpcClientProtocolClient (GrpcClientProtocolClient.java:onNext(255)) - client-E42F58674560->3a39c983-6986-4da8-95c7-9482e2fa0f6f: receive RaftClientReply:client-E42F58674560->3a39c983-6986-4da8-95c7-9482e2fa0f6f@group-5E4216B2975C, cid=1772, SUCCESS, logIndex=2566, commits[3a39c983-6986-4da8-95c7-9482e2fa0f6f:c2567, 0f15f03e-3179-4fc8-ac54-a24fe3c72555:c2565, 11ea7e38-68de-49e0-a413-0aa394144289:c2565]
2019-07-09 08:42:05,541 INFO  client.GrpcClientProtocolClient (GrpcClientProtocolClient.java:onNext(255)) - client-E42F58674560->3a39c983-6986-4da8-95c7-9482e2fa0f6f: receive RaftClientReply:client-E42F58674560->3a39c983-6986-4da8-95c7-9482e2fa0f6f@group-5E4216B2975C, cid=1773, SUCCESS, logIndex=2567, commits[3a39c983-6986-4da8-95c7-9482e2fa0f6f:c2567, 0f15f03e-3179-4fc8-ac54-a24fe3c72555:c2565, 11ea7e38-68de-49e0-a413-0aa394144289:c2565]
2019-07-09 08:42:05,556 INFO  client.GrpcClientProtocolClient (GrpcClientProtocolClient.java:onNext(255)) - client-E42F58674560->3a39c983-6986-4da8-95c7-9482e2fa0f6f: receive RaftClientReply:client-E42F58674560->3a39c983-6986-4da8-95c7-9482e2fa0f6f@group-5E4216B2975C, cid=1774, SUCCESS, logIndex=2570, commits[3a39c983-6986-4da8-95c7-9482e2fa0f6f:c2571, 0f15f03e-3179-4fc8-ac54-a24fe3c72555:c2567, 11ea7e38-68de-49e0-a413-0aa394144289:c2569]
2019-07-09 08:42:05,557 INFO  client.GrpcClientProtocolClient (GrpcClientProtocolClient.java:onNext(255)) - client-E42F58674560->3a39c983-6986-4da8-95c7-9482e2fa0f6f: receive RaftClientReply:client-E42F58674560->3a39c983-6986-4da8-95c7-9482e2fa0f6f@group-5E4216B2975C, cid=1775, SUCCESS, logIndex=2571, commits[3a39c983-6986-4da8-95c7-9482e2fa0f6f:c2571, 0f15f03e-3179-4fc8-ac54-a24fe3c72555:c2569, 11ea7e38-68de-49e0-a413-0aa394144289:c2569]
2019-07-09 08:42:05,558 INFO  client.GrpcClientProtocolClient (GrpcClientProtocolClient.java:onNext(255)) - client-E42F58674560->3a39c983-6986-4da8-95c7-9482e2fa0f6f: receive RaftClientReply:client-E42F58674560->3a39c983-6986-4da8-95c7-9482e2fa0f6f@group-5E4216B2975C, cid=1776, SUCCESS, logIndex=0, commits[3a39c983-6986-4da8-95c7-9482e2fa0f6f:c2572, 0f15f03e-3179-4fc8-ac54-a24fe3c72555:c2571, 11ea7e38-68de-49e0-a413-0aa394144289:c2571]
2019-07-09 08:42:05,584 INFO  client.GrpcClientProtocolClient (GrpcClientProtocolClient.java:onNext(255)) - client-E42F58674560->3a39c983-6986-4da8-95c7-9482e2fa0f6f: receive RaftClientReply:client-E42F58674560->3a39c983-6986-4da8-95c7-9482e2fa0f6f@group-5E4216B2975C, cid=1777, SUCCESS, logIndex=2574, commits[3a39c983-6986-4da8-95c7-9482e2fa0f6f:c2575, 0f15f03e-3179-4fc8-ac54-a24fe3c72555:c2573, 11ea7e38-68de-49e0-a413-0aa394144289:c2573]
2019-07-09 08:42:05,585 INFO  client.GrpcClientProtocolClient (GrpcClientProtocolClient.java:onNext(255)) - client-E42F58674560->3a39c983-6986-4da8-95c7-9482e2fa0f6f: receive RaftClientReply:client-E42F58674560->3a39c983-6986-4da8-95c7-9482e2fa0f6f@group-5E4216B2975C, cid=1778, SUCCESS, logIndex=2575, commits[3a39c983-6986-4da8-95c7-9482e2fa0f6f:c2575, 0f15f03e-3179-4fc8-ac54-a24fe3c72555:c2573, 11ea7e38-68de-49e0-a413-0aa394144289:c2573]
2019-07-09 08:42:05,585 INFO  client.GrpcClientProtocolClient (GrpcClientProtocolClient.java:onNext(255)) - client-E42F58674560->3a39c983-6986-4da8-95c7-9482e2fa0f6f: receive RaftClientReply:client-E42F58674560->3a39c983-6986-4da8-95c7-9482e2fa0f6f@group-5E4216B2975C, cid=1779, SUCCESS, logIndex=2576, commits[3a39c983-6986-4da8-95c7-9482e2fa0f6f:c2577, 0f15f03e-3179-4fc8-ac54-a24fe3c72555:c2573, 11ea7e38-68de-49e0-a413-0aa394144289:c2573]
2019-07-09 08:42:05,585 INFO  client.GrpcClientProtocolClient (GrpcClientProtocolClient.java:onNext(255)) - client-E42F58674560->3a39c983-6986-4da8-95c7-9482e2fa0f6f: receive RaftClientReply:client-E42F58674560->3a39c983-6986-4da8-95c7-9482e2fa0f6f@group-5E4216B2975C, cid=1780, SUCCESS, logIndex=2577, commits[3a39c983-6986-4da8-95c7-9482e2fa0f6f:c2577, 0f15f03e-3179-4fc8-ac54-a24fe3c72555:c2573, 11ea7e38-68de-49e0-a413-0aa394144289:c2573]
2019-07-09 08:42:05,587 INFO  client.GrpcClientProtocolClient (GrpcClientProtocolClient.java:onNext(255)) - client-E42F58674560->3a39c983-6986-4da8-95c7-9482e2fa0f6f: receive RaftClientReply:client-E42F58674560->3a39c983-6986-4da8-95c7-9482e2fa0f6f@group-5E4216B2975C, cid=1781, SUCCESS, logIndex=0, commits[3a39c983-6986-4da8-95c7-9482e2fa0f6f:c2580, 0f15f03e-3179-4fc8-ac54-a24fe3c72555:c2576, 11ea7e38-68de-49e0-a413-0aa394144289:c2575]
2019-07-09 08:42:05,607 INFO  client.GrpcClientProtocolClient (GrpcClientProtocolClient.java:onNext(255)) - client-E42F58674560->3a39c983-6986-4da8-95c7-9482e2fa0f6f: receive RaftClientReply:client-E42F58674560->3a39c983-6986-4da8-95c7-9482e2fa0f6f@group-5E4216B2975C, cid=1782, SUCCESS, logIndex=2582, commits[3a39c983-6986-4da8-95c7-9482e2fa0f6f:c2583, 0f15f03e-3179-4fc8-ac54-a24fe3c72555:c2581, 11ea7e38-68de-49e0-a413-0aa394144289:c2581]
2019-07-09 08:42:05,607 INFO  client.GrpcClientProtocolClient (GrpcClientProtocolClient.java:onNext(255)) - client-E42F58674560->3a39c983-6986-4da8-95c7-9482e2fa0f6f: receive RaftClientReply:client-E42F58674560->3a39c983-6986-4da8-95c7-9482e2fa0f6f@group-5E4216B2975C, cid=1783, SUCCESS, logIndex=2583, commits[3a39c983-6986-4da8-95c7-9482e2fa0f6f:c2583, 0f15f03e-3179-4fc8-ac54-a24fe3c72555:c2581, 11ea7e38-68de-49e0-a413-0aa394144289:c2581]
2019-07-09 08:42:05,620 INFO  client.GrpcClientProtocolClient (GrpcClientProtocolClient.java:onNext(255)) - client-E42F58674560->3a39c983-6986-4da8-95c7-9482e2fa0f6f: receive RaftClientReply:client-E42F58674560->3a39c983-6986-4da8-95c7-9482e2fa0f6f@group-5E4216B2975C, cid=1784, SUCCESS, logIndex=2586, commits[3a39c983-6986-4da8-95c7-9482e2fa0f6f:c2587, 0f15f03e-3179-4fc8-ac54-a24fe3c72555:c2583, 11ea7e38-68de-49e0-a413-0aa394144289:c2583]
2019-07-09 08:42:05,621 INFO  client.GrpcClientProtocolClient (GrpcClientProtocolClient.java:onNext(255)) - client-E42F58674560->3a39c983-6986-4da8-95c7-9482e2fa0f6f: receive RaftClientReply:client-E42F58674560->3a39c983-6986-4da8-95c7-9482e2fa0f6f@group-5E4216B2975C, cid=1785, SUCCESS, logIndex=2587, commits[3a39c983-6986-4da8-95c7-9482e2fa0f6f:c2587, 0f15f03e-3179-4fc8-ac54-a24fe3c72555:c2583, 11ea7e38-68de-49e0-a413-0aa394144289:c2583]
2019-07-09 08:42:05,632 INFO  client.GrpcClientProtocolClient (GrpcClientProtocolClient.java:onNext(255)) - client-E42F58674560->3a39c983-6986-4da8-95c7-9482e2fa0f6f: receive RaftClientReply:client-E42F58674560->3a39c983-6986-4da8-95c7-9482e2fa0f6f@group-5E4216B2975C, cid=1786, SUCCESS, logIndex=0, commits[3a39c983-6986-4da8-95c7-9482e2fa0f6f:c2588, 0f15f03e-3179-4fc8-ac54-a24fe3c72555:c2587, 11ea7e38-68de-49e0-a413-0aa394144289:c2587]
 0.00% |█                                                                                                    |  0/1 Time: 0:00:132019-07-09 08:42:05,657 INFO  client.GrpcClientProtocolClient (GrpcClientProtocolClient.java:onNext(255)) - client-E42F58674560->3a39c983-6986-4da8-95c7-9482e2fa0f6f: receive RaftClientReply:client-E42F58674560->3a39c983-6986-4da8-95c7-9482e2fa0f6f@group-5E4216B2975C, cid=1787, SUCCESS, logIndex=2590, commits[3a39c983-6986-4da8-95c7-9482e2fa0f6f:c2591, 0f15f03e-3179-4fc8-ac54-a24fe3c72555:c2587, 11ea7e38-68de-49e0-a413-0aa394144289:c2589]
2019-07-09 08:42:05,657 INFO  client.GrpcClientProtocolClient (GrpcClientProtocolClient.java:onNext(255)) - client-E42F58674560->3a39c983-6986-4da8-95c7-9482e2fa0f6f: receive RaftClientReply:client-E42F58674560->3a39c983-6986-4da8-95c7-9482e2fa0f6f@group-5E4216B2975C, cid=1788, SUCCESS, logIndex=2591, commits[3a39c983-6986-4da8-95c7-9482e2fa0f6f:c2591, 0f15f03e-3179-4fc8-ac54-a24fe3c72555:c2589, 11ea7e38-68de-49e0-a413-0aa394144289:c2589]
2019-07-09 08:42:05,658 INFO  client.GrpcClientProtocolClient (GrpcClientProtocolClient.java:onNext(255)) - client-E42F58674560->3a39c983-6986-4da8-95c7-9482e2fa0f6f: receive RaftClientReply:client-E42F58674560->3a39c983-6986-4da8-95c7-9482e2fa0f6f@group-5E4216B2975C, cid=1789, SUCCESS, logIndex=2592, commits[3a39c983-6986-4da8-95c7-9482e2fa0f6f:c2593, 0f15f03e-3179-4fc8-ac54-a24fe3c72555:c2589, 11ea7e38-68de-49e0-a413-0aa394144289:c2589]
2019-07-09 08:42:05,658 INFO  client.GrpcClientProtocolClient (GrpcClientProtocolClient.java:onNext(255)) - client-E42F58674560->3a39c983-6986-4da8-95c7-9482e2fa0f6f: receive RaftClientReply:client-E42F58674560->3a39c983-6986-4da8-95c7-9482e2fa0f6f@group-5E4216B2975C, cid=1790, SUCCESS, logIndex=2593, commits[3a39c983-6986-4da8-95c7-9482e2fa0f6f:c2593, 0f15f03e-3179-4fc8-ac54-a24fe3c72555:c2589, 11ea7e38-68de-49e0-a413-0aa394144289:c2589]
2019-07-09 08:42:05,659 INFO  client.GrpcClientProtocolClient (GrpcClientProtocolClient.java:onNext(255)) - client-E42F58674560->3a39c983-6986-4da8-95c7-9482e2fa0f6f: receive RaftClientReply:client-E42F58674560->3a39c983-6986-4da8-95c7-9482e2fa0f6f@group-5E4216B2975C, cid=1791, SUCCESS, logIndex=0, commits[3a39c983-6986-4da8-95c7-9482e2fa0f6f:c2595, 0f15f03e-3179-4fc8-ac54-a24fe3c72555:c2591, 11ea7e38-68de-49e0-a413-0aa394144289:c2591]
2019-07-09 08:42:05,748 INFO  client.GrpcClientProtocolClient (GrpcClientProtocolClient.java:onNext(255)) - client-E42F58674560->3a39c983-6986-4da8-95c7-9482e2fa0f6f: receive RaftClientReply:client-E42F58674560->3a39c983-6986-4da8-95c7-9482e2fa0f6f@group-5E4216B2975C, cid=1792, SUCCESS, logIndex=2598, commits[3a39c983-6986-4da8-95c7-9482e2fa0f6f:c2599, 0f15f03e-3179-4fc8-ac54-a24fe3c72555:c2597, 11ea7e38-68de-49e0-a413-0aa394144289:c2597]
2019-07-09 08:42:05,749 INFO  client.GrpcClientProtocolClient (GrpcClientProtocolClient.java:onNext(255)) - client-E42F58674560->3a39c983-6986-4da8-95c7-9482e2fa0f6f: receive RaftClientReply:client-E42F58674560->3a39c983-6986-4da8-95c7-9482e2fa0f6f@group-5E4216B2975C, cid=1793, SUCCESS, logIndex=2599, commits[3a39c983-6986-4da8-95c7-9482e2fa0f6f:c2599, 0f15f03e-3179-4fc8-ac54-a24fe3c72555:c2597, 11ea7e38-68de-49e0-a413-0aa394144289:c2597]
2019-07-09 08:42:05,761 INFO  client.GrpcClientProtocolClient (GrpcClientProtocolClient.java:onNext(255)) - client-E42F58674560->3a39c983-6986-4da8-95c7-9482e2fa0f6f: receive RaftClientReply:client-E42F58674560->3a39c983-6986-4da8-95c7-9482e2fa0f6f@group-5E4216B2975C, cid=1794, SUCCESS, logIndex=2602, commits[3a39c983-6986-4da8-95c7-9482e2fa0f6f:c2603, 0f15f03e-3179-4fc8-ac54-a24fe3c72555:c2598, 11ea7e38-68de-49e0-a413-0aa394144289:c2599]
2019-07-09 08:42:05,762 INFO  client.GrpcClientProtocolClient (GrpcClientProtocolClient.java:onNext(255)) - client-E42F58674560->3a39c983-6986-4da8-95c7-9482e2fa0f6f: receive RaftClientReply:client-E42F58674560->3a39c983-6986-4da8-95c7-9482e2fa0f6f@group-5E4216B2975C, cid=1795, SUCCESS, logIndex=2603, commits[3a39c983-6986-4da8-95c7-9482e2fa0f6f:c2603, 0f15f03e-3179-4fc8-ac54-a24fe3c72555:c2599, 11ea7e38-68de-49e0-a413-0aa394144289:c2599]
2019-07-09 08:42:05,763 INFO  client.GrpcClientProtocolClient (GrpcClientProtocolClient.java:onNext(255)) - client-E42F58674560->3a39c983-6986-4da8-95c7-9482e2fa0f6f: receive RaftClientReply:client-E42F58674560->3a39c983-6986-4da8-95c7-9482e2fa0f6f@group-5E4216B2975C, cid=1796, SUCCESS, logIndex=0, commits[3a39c983-6986-4da8-95c7-9482e2fa0f6f:c2604, 0f15f03e-3179-4fc8-ac54-a24fe3c72555:c2603, 11ea7e38-68de-49e0-a413-0aa394144289:c2603]
2019-07-09 08:42:05,789 INFO  client.GrpcClientProtocolClient (GrpcClientProtocolClient.java:onNext(255)) - client-E42F58674560->3a39c983-6986-4da8-95c7-9482e2fa0f6f: receive RaftClientReply:client-E42F58674560->3a39c983-6986-4da8-95c7-9482e2fa0f6f@group-5E4216B2975C, cid=1797, SUCCESS, logIndex=2605, commits[3a39c983-6986-4da8-95c7-9482e2fa0f6f:c2607, 0f15f03e-3179-4fc8-ac54-a24fe3c72555:c2604, 11ea7e38-68de-49e0-a413-0aa394144289:c2604]
2019-07-09 08:42:05,789 INFO  client.GrpcClientProtocolClient (GrpcClientProtocolClient.java:onNext(255)) - client-E42F58674560->3a39c983-6986-4da8-95c7-9482e2fa0f6f: receive RaftClientReply:client-E42F58674560->3a39c983-6986-4da8-95c7-9482e2fa0f6f@group-5E4216B2975C, cid=1798, SUCCESS, logIndex=2606, commits[3a39c983-6986-4da8-95c7-9482e2fa0f6f:c2608, 0f15f03e-3179-4fc8-ac54-a24fe3c72555:c2604, 11ea7e38-68de-49e0-a413-0aa394144289:c2604]
2019-07-09 08:42:05,789 INFO  client.GrpcClientProtocolClient (GrpcClientProtocolClient.java:onNext(255)) - client-E42F58674560->3a39c983-6986-4da8-95c7-9482e2fa0f6f: receive RaftClientReply:client-E42F58674560->3a39c983-6986-4da8-95c7-9482e2fa0f6f@group-5E4216B2975C, cid=1799, SUCCESS, logIndex=2607, commits[3a39c983-6986-4da8-95c7-9482e2fa0f6f:c2608, 0f15f03e-3179-4fc8-ac54-a24fe3c72555:c2604, 11ea7e38-68de-49e0-a413-0aa394144289:c2604]
2019-07-09 08:42:05,790 INFO  client.GrpcClientProtocolClient (GrpcClientProtocolClient.java:onNext(255)) - client-E42F58674560->3a39c983-6986-4da8-95c7-9482e2fa0f6f: receive RaftClientReply:client-E42F58674560->3a39c983-6986-4da8-95c7-9482e2fa0f6f@group-5E4216B2975C, cid=1800, SUCCESS, logIndex=2608, commits[3a39c983-6986-4da8-95c7-9482e2fa0f6f:c2608, 0f15f03e-3179-4fc8-ac54-a24fe3c72555:c2604, 11ea7e38-68de-49e0-a413-0aa394144289:c2604]
2019-07-09 08:42:05,800 INFO  client.GrpcClientProtocolClient (GrpcClientProtocolClient.java:onNext(255)) - client-E42F58674560->3a39c983-6986-4da8-95c7-9482e2fa0f6f: receive RaftClientReply:client-E42F58674560->3a39c983-6986-4da8-95c7-9482e2fa0f6f@group-5E4216B2975C, cid=1801, SUCCESS, logIndex=0, commits[3a39c983-6986-4da8-95c7-9482e2fa0f6f:c2609, 0f15f03e-3179-4fc8-ac54-a24fe3c72555:c2606, 11ea7e38-68de-49e0-a413-0aa394144289:c2606]
2019-07-09 08:42:05,818 INFO  client.GrpcClientProtocolClient (GrpcClientProtocolClient.java:onNext(255)) - client-E42F58674560->3a39c983-6986-4da8-95c7-9482e2fa0f6f: receive RaftClientReply:client-E42F58674560->3a39c983-6986-4da8-95c7-9482e2fa0f6f@group-5E4216B2975C, cid=1802, SUCCESS, logIndex=2613, commits[3a39c983-6986-4da8-95c7-9482e2fa0f6f:c2614, 0f15f03e-3179-4fc8-ac54-a24fe3c72555:c2612, 11ea7e38-68de-49e0-a413-0aa394144289:c2612]
2019-07-09 08:42:05,819 INFO  client.GrpcClientProtocolClient (GrpcClientProtocolClient.java:onNext(255)) - client-E42F58674560->3a39c983-6986-4da8-95c7-9482e2fa0f6f: receive RaftClientReply:client-E42F58674560->3a39c983-6986-4da8-95c7-9482e2fa0f6f@group-5E4216B2975C, cid=1803, SUCCESS, logIndex=2614, commits[3a39c983-6986-4da8-95c7-9482e2fa0f6f:c2614, 0f15f03e-3179-4fc8-ac54-a24fe3c72555:c2612, 11ea7e38-68de-49e0-a413-0aa394144289:c2612]
2019-07-09 08:42:05,831 INFO  client.GrpcClientProtocolClient (GrpcClientProtocolClient.java:onNext(255)) - client-E42F58674560->3a39c983-6986-4da8-95c7-9482e2fa0f6f: receive RaftClientReply:client-E42F58674560->3a39c983-6986-4da8-95c7-9482e2fa0f6f@group-5E4216B2975C, cid=1804, SUCCESS, logIndex=2617, commits[3a39c983-6986-4da8-95c7-9482e2fa0f6f:c2618, 0f15f03e-3179-4fc8-ac54-a24fe3c72555:c2614, 11ea7e38-68de-49e0-a413-0aa394144289:c2614]
2019-07-09 08:42:05,832 INFO  client.GrpcClientProtocolClient (GrpcClientProtocolClient.java:onNext(255)) - client-E42F58674560->3a39c983-6986-4da8-95c7-9482e2fa0f6f: receive RaftClientReply:client-E42F58674560->3a39c983-6986-4da8-95c7-9482e2fa0f6f@group-5E4216B2975C, cid=1805, SUCCESS, logIndex=2618, commits[3a39c983-6986-4da8-95c7-9482e2fa0f6f:c2618, 0f15f03e-3179-4fc8-ac54-a24fe3c72555:c2614, 11ea7e38-68de-49e0-a413-0aa394144289:c2614]
2019-07-09 08:42:05,846 INFO  client.GrpcClientProtocolClient (GrpcClientProtocolClient.java:onNext(255)) - client-E42F58674560->3a39c983-6986-4da8-95c7-9482e2fa0f6f: receive RaftClientReply:client-E42F58674560->3a39c983-6986-4da8-95c7-9482e2fa0f6f@group-5E4216B2975C, cid=1806, SUCCESS, logIndex=0, commits[3a39c983-6986-4da8-95c7-9482e2fa0f6f:c2619, 0f15f03e-3179-4fc8-ac54-a24fe3c72555:c2618, 11ea7e38-68de-49e0-a413-0aa394144289:c2618]
2019-07-09 08:42:05,874 INFO  client.GrpcClientProtocolClient (GrpcClientProtocolClient.java:onNext(255)) - client-E42F58674560->3a39c983-6986-4da8-95c7-9482e2fa0f6f: receive RaftClientReply:client-E42F58674560->3a39c983-6986-4da8-95c7-9482e2fa0f6f@group-5E4216B2975C, cid=1807, SUCCESS, logIndex=2621, commits[3a39c983-6986-4da8-95c7-9482e2fa0f6f:c2623, 0f15f03e-3179-4fc8-ac54-a24fe3c72555:c2620, 11ea7e38-68de-49e0-a413-0aa394144289:c2620]
2019-07-09 08:42:05,874 INFO  client.GrpcClientProtocolClient (GrpcClientProtocolClient.java:onNext(255)) - client-E42F58674560->3a39c983-6986-4da8-95c7-9482e2fa0f6f: receive RaftClientReply:client-E42F58674560->3a39c983-6986-4da8-95c7-9482e2fa0f6f@group-5E4216B2975C, cid=1808, SUCCESS, logIndex=2622, commits[3a39c983-6986-4da8-95c7-9482e2fa0f6f:c2624, 0f15f03e-3179-4fc8-ac54-a24fe3c72555:c2620, 11ea7e38-68de-49e0-a413-0aa394144289:c2620]
2019-07-09 08:42:05,875 INFO  client.GrpcClientProtocolClient (GrpcClientProtocolClient.java:onNext(255)) - client-E42F58674560->3a39c983-6986-4da8-95c7-9482e2fa0f6f: receive RaftClientReply:client-E42F58674560->3a39c983-6986-4da8-95c7-9482e2fa0f6f@group-5E4216B2975C, cid=1809, SUCCESS, logIndex=2623, commits[3a39c983-6986-4da8-95c7-9482e2fa0f6f:c2624, 0f15f03e-3179-4fc8-ac54-a24fe3c72555:c2620, 11ea7e38-68de-49e0-a413-0aa394144289:c2620]
2019-07-09 08:42:05,875 INFO  client.GrpcClientProtocolClient (GrpcClientProtocolClient.java:onNext(255)) - client-E42F58674560->3a39c983-6986-4da8-95c7-9482e2fa0f6f: receive RaftClientReply:client-E42F58674560->3a39c983-6986-4da8-95c7-9482e2fa0f6f@group-5E4216B2975C, cid=1810, SUCCESS, logIndex=2624, commits[3a39c983-6986-4da8-95c7-9482e2fa0f6f:c2624, 0f15f03e-3179-4fc8-ac54-a24fe3c72555:c2620, 11ea7e38-68de-49e0-a413-0aa394144289:c2620]
2019-07-09 08:42:05,876 INFO  client.GrpcClientProtocolClient (GrpcClientProtocolClient.java:onNext(255)) - client-E42F58674560->3a39c983-6986-4da8-95c7-9482e2fa0f6f: receive RaftClientReply:client-E42F58674560->3a39c983-6986-4da8-95c7-9482e2fa0f6f@group-5E4216B2975C, cid=1811, SUCCESS, logIndex=0, commits[3a39c983-6986-4da8-95c7-9482e2fa0f6f:c2626, 0f15f03e-3179-4fc8-ac54-a24fe3c72555:c2622, 11ea7e38-68de-49e0-a413-0aa394144289:c2622]
2019-07-09 08:42:05,896 INFO  client.GrpcClientProtocolClient (GrpcClientProtocolClient.java:onNext(255)) - client-E42F58674560->3a39c983-6986-4da8-95c7-9482e2fa0f6f: receive RaftClientReply:client-E42F58674560->3a39c983-6986-4da8-95c7-9482e2fa0f6f@group-5E4216B2975C, cid=1812, SUCCESS, logIndex=2629, commits[3a39c983-6986-4da8-95c7-9482e2fa0f6f:c2630, 0f15f03e-3179-4fc8-ac54-a24fe3c72555:c2628, 11ea7e38-68de-49e0-a413-0aa394144289:c2628]
2019-07-09 08:42:05,896 INFO  client.GrpcClientProtocolClient (GrpcClientProtocolClient.java:onNext(255)) - client-E42F58674560->3a39c983-6986-4da8-95c7-9482e2fa0f6f: receive RaftClientReply:client-E42F58674560->3a39c983-6986-4da8-95c7-9482e2fa0f6f@group-5E4216B2975C, cid=1813, SUCCESS, logIndex=2630, commits[3a39c983-6986-4da8-95c7-9482e2fa0f6f:c2630, 0f15f03e-3179-4fc8-ac54-a24fe3c72555:c2628, 11ea7e38-68de-49e0-a413-0aa394144289:c2628]
2019-07-09 08:42:05,920 INFO  client.GrpcClientProtocolClient (GrpcClientProtocolClient.java:onNext(255)) - client-E42F58674560->3a39c983-6986-4da8-95c7-9482e2fa0f6f: receive RaftClientReply:client-E42F58674560->3a39c983-6986-4da8-95c7-9482e2fa0f6f@group-5E4216B2975C, cid=1814, SUCCESS, logIndex=2633, commits[3a39c983-6986-4da8-95c7-9482e2fa0f6f:c2634, 0f15f03e-3179-4fc8-ac54-a24fe3c72555:c2630, 11ea7e38-68de-49e0-a413-0aa394144289:c2630]
2019-07-09 08:42:05,922 INFO  client.GrpcClientProtocolClient (GrpcClientProtocolClient.java:onNext(255)) - client-E42F58674560->3a39c983-6986-4da8-95c7-9482e2fa0f6f: receive RaftClientReply:client-E42F58674560->3a39c983-6986-4da8-95c7-9482e2fa0f6f@group-5E4216B2975C, cid=1815, SUCCESS, logIndex=2634, commits[3a39c983-6986-4da8-95c7-9482e2fa0f6f:c2634, 0f15f03e-3179-4fc8-ac54-a24fe3c72555:c2630, 11ea7e38-68de-49e0-a413-0aa394144289:c2630]
2019-07-09 08:42:05,926 INFO  client.GrpcClientProtocolClient (GrpcClientProtocolClient.java:onNext(255)) - client-E42F58674560->3a39c983-6986-4da8-95c7-9482e2fa0f6f: receive RaftClientReply:client-E42F58674560->3a39c983-6986-4da8-95c7-9482e2fa0f6f@group-5E4216B2975C, cid=1816, SUCCESS, logIndex=0, commits[3a39c983-6986-4da8-95c7-9482e2fa0f6f:c2635, 0f15f03e-3179-4fc8-ac54-a24fe3c72555:c2634, 11ea7e38-68de-49e0-a413-0aa394144289:c2634]
2019-07-09 08:42:05,954 INFO  client.GrpcClientProtocolClient (GrpcClientProtocolClient.java:onNext(255)) - client-E42F58674560->3a39c983-6986-4da8-95c7-9482e2fa0f6f: receive RaftClientReply:client-E42F58674560->3a39c983-6986-4da8-95c7-9482e2fa0f6f@group-5E4216B2975C, cid=1817, SUCCESS, logIndex=2637, commits[3a39c983-6986-4da8-95c7-9482e2fa0f6f:c2638, 0f15f03e-3179-4fc8-ac54-a24fe3c72555:c2636, 11ea7e38-68de-49e0-a413-0aa394144289:c2636]
2019-07-09 08:42:05,955 INFO  client.GrpcClientProtocolClient (GrpcClientProtocolClient.java:onNext(255)) - client-E42F58674560->3a39c983-6986-4da8-95c7-9482e2fa0f6f: receive RaftClientReply:client-E42F58674560->3a39c983-6986-4da8-95c7-9482e2fa0f6f@group-5E4216B2975C, cid=1818, SUCCESS, logIndex=2638, commits[3a39c983-6986-4da8-95c7-9482e2fa0f6f:c2638, 0f15f03e-3179-4fc8-ac54-a24fe3c72555:c2636, 11ea7e38-68de-49e0-a413-0aa394144289:c2636]
2019-07-09 08:42:05,964 INFO  client.GrpcClientProtocolClient (GrpcClientProtocolClient.java:onNext(255)) - client-E42F58674560->3a39c983-6986-4da8-95c7-9482e2fa0f6f: receive RaftClientReply:client-E42F58674560->3a39c983-6986-4da8-95c7-9482e2fa0f6f@group-5E4216B2975C, cid=1819, SUCCESS, logIndex=2639, commits[3a39c983-6986-4da8-95c7-9482e2fa0f6f:c2640, 0f15f03e-3179-4fc8-ac54-a24fe3c72555:c2636, 11ea7e38-68de-49e0-a413-0aa394144289:c2636]
2019-07-09 08:42:05,965 INFO  client.GrpcClientProtocolClient (GrpcClientProtocolClient.java:onNext(255)) - client-E42F58674560->3a39c983-6986-4da8-95c7-9482e2fa0f6f: receive RaftClientReply:client-E42F58674560->3a39c983-6986-4da8-95c7-9482e2fa0f6f@group-5E4216B2975C, cid=1820, SUCCESS, logIndex=2640, commits[3a39c983-6986-4da8-95c7-9482e2fa0f6f:c2640, 0f15f03e-3179-4fc8-ac54-a24fe3c72555:c2636, 11ea7e38-68de-49e0-a413-0aa394144289:c2636]
2019-07-09 08:42:05,981 INFO  client.GrpcClientProtocolClient (GrpcClientProtocolClient.java:onNext(255)) - client-E42F58674560->3a39c983-6986-4da8-95c7-9482e2fa0f6f: receive RaftClientReply:client-E42F58674560->3a39c983-6986-4da8-95c7-9482e2fa0f6f@group-5E4216B2975C, cid=1821, SUCCESS, logIndex=0, commits[3a39c983-6986-4da8-95c7-9482e2fa0f6f:c2644, 0f15f03e-3179-4fc8-ac54-a24fe3c72555:c2638, 11ea7e38-68de-49e0-a413-0aa394144289:c2640]
2019-07-09 08:42:05,999 INFO  client.GrpcClientProtocolClient (GrpcClientProtocolClient.java:onNext(255)) - client-E42F58674560->3a39c983-6986-4da8-95c7-9482e2fa0f6f: receive RaftClientReply:client-E42F58674560->3a39c983-6986-4da8-95c7-9482e2fa0f6f@group-5E4216B2975C, cid=1822, SUCCESS, logIndex=2645, commits[3a39c983-6986-4da8-95c7-9482e2fa0f6f:c2646, 0f15f03e-3179-4fc8-ac54-a24fe3c72555:c2644, 11ea7e38-68de-49e0-a413-0aa394144289:c2644]
2019-07-09 08:42:05,999 INFO  client.GrpcClientProtocolClient (GrpcClientProtocolClient.java:onNext(255)) - client-E42F58674560->3a39c983-6986-4da8-95c7-9482e2fa0f6f: receive RaftClientReply:client-E42F58674560->3a39c983-6986-4da8-95c7-9482e2fa0f6f@group-5E4216B2975C, cid=1823, SUCCESS, logIndex=2646, commits[3a39c983-6986-4da8-95c7-9482e2fa0f6f:c2646, 0f15f03e-3179-4fc8-ac54-a24fe3c72555:c2644, 11ea7e38-68de-49e0-a413-0aa394144289:c2644]
2019-07-09 08:42:06,014 INFO  client.GrpcClientProtocolClient (GrpcClientProtocolClient.java:onNext(255)) - client-E42F58674560->3a39c983-6986-4da8-95c7-9482e2fa0f6f: receive RaftClientReply:client-E42F58674560->3a39c983-6986-4da8-95c7-9482e2fa0f6f@group-5E4216B2975C, cid=1824, SUCCESS, logIndex=2649, commits[3a39c983-6986-4da8-95c7-9482e2fa0f6f:c2650, 0f15f03e-3179-4fc8-ac54-a24fe3c72555:c2646, 11ea7e38-68de-49e0-a413-0aa394144289:c2646]
2019-07-09 08:42:06,014 INFO  client.GrpcClientProtocolClient (GrpcClientProtocolClient.java:onNext(255)) - client-E42F58674560->3a39c983-6986-4da8-95c7-9482e2fa0f6f: receive RaftClientReply:client-E42F58674560->3a39c983-6986-4da8-95c7-9482e2fa0f6f@group-5E4216B2975C, cid=1825, SUCCESS, logIndex=2650, commits[3a39c983-6986-4da8-95c7-9482e2fa0f6f:c2650, 0f15f03e-3179-4fc8-ac54-a24fe3c72555:c2646, 11ea7e38-68de-49e0-a413-0aa394144289:c2646]
2019-07-09 08:42:06,039 INFO  client.GrpcClientProtocolClient (GrpcClientProtocolClient.java:onNext(255)) - client-E42F58674560->3a39c983-6986-4da8-95c7-9482e2fa0f6f: receive RaftClientReply:client-E42F58674560->3a39c983-6986-4da8-95c7-9482e2fa0f6f@group-5E4216B2975C, cid=1826, SUCCESS, logIndex=0, commits[3a39c983-6986-4da8-95c7-9482e2fa0f6f:c2652, 0f15f03e-3179-4fc8-ac54-a24fe3c72555:c2650, 11ea7e38-68de-49e0-a413-0aa394144289:c2650]
2019-07-09 08:42:06,067 INFO  client.GrpcClientProtocolClient (GrpcClientProtocolClient.java:onNext(255)) - client-E42F58674560->3a39c983-6986-4da8-95c7-9482e2fa0f6f: receive RaftClientReply:client-E42F58674560->3a39c983-6986-4da8-95c7-9482e2fa0f6f@group-5E4216B2975C, cid=1827, SUCCESS, logIndex=2653, commits[3a39c983-6986-4da8-95c7-9482e2fa0f6f:c2654, 0f15f03e-3179-4fc8-ac54-a24fe3c72555:c2652, 11ea7e38-68de-49e0-a413-0aa394144289:c2652]
2019-07-09 08:42:06,068 INFO  client.GrpcClientProtocolClient (GrpcClientProtocolClient.java:onNext(255)) - client-E42F58674560->3a39c983-6986-4da8-95c7-9482e2fa0f6f: receive RaftClientReply:client-E42F58674560->3a39c983-6986-4da8-95c7-9482e2fa0f6f@group-5E4216B2975C, cid=1828, SUCCESS, logIndex=2654, commits[3a39c983-6986-4da8-95c7-9482e2fa0f6f:c2654, 0f15f03e-3179-4fc8-ac54-a24fe3c72555:c2652, 11ea7e38-68de-49e0-a413-0aa394144289:c2652]
2019-07-09 08:42:06,078 INFO  client.GrpcClientProtocolClient (GrpcClientProtocolClient.java:onNext(255)) - client-E42F58674560->3a39c983-6986-4da8-95c7-9482e2fa0f6f: receive RaftClientReply:client-E42F58674560->3a39c983-6986-4da8-95c7-9482e2fa0f6f@group-5E4216B2975C, cid=1829, SUCCESS, logIndex=2655, commits[3a39c983-6986-4da8-95c7-9482e2fa0f6f:c2656, 0f15f03e-3179-4fc8-ac54-a24fe3c72555:c2652, 11ea7e38-68de-49e0-a413-0aa394144289:c2652]
2019-07-09 08:42:06,079 INFO  client.GrpcClientProtocolClient (GrpcClientProtocolClient.java:onNext(255)) - client-E42F58674560->3a39c983-6986-4da8-95c7-9482e2fa0f6f: receive RaftClientReply:client-E42F58674560->3a39c983-6986-4da8-95c7-9482e2fa0f6f@group-5E4216B2975C, cid=1830, SUCCESS, logIndex=2656, commits[3a39c983-6986-4da8-95c7-9482e2fa0f6f:c2656, 0f15f03e-3179-4fc8-ac54-a24fe3c72555:c2652, 11ea7e38-68de-49e0-a413-0aa394144289:c2652]
2019-07-09 08:42:06,081 INFO  client.GrpcClientProtocolClient (GrpcClientProtocolClient.java:onNext(255)) - client-E42F58674560->3a39c983-6986-4da8-95c7-9482e2fa0f6f: receive RaftClientReply:client-E42F58674560->3a39c983-6986-4da8-95c7-9482e2fa0f6f@group-5E4216B2975C, cid=1831, SUCCESS, logIndex=0, commits[3a39c983-6986-4da8-95c7-9482e2fa0f6f:c2658, 0f15f03e-3179-4fc8-ac54-a24fe3c72555:c2654, 11ea7e38-68de-49e0-a413-0aa394144289:c2654]
2019-07-09 08:42:06,095 INFO  client.GrpcClientProtocolClient (GrpcClientProtocolClient.java:onNext(255)) - client-E42F58674560->3a39c983-6986-4da8-95c7-9482e2fa0f6f: receive RaftClientReply:client-E42F58674560->3a39c983-6986-4da8-95c7-9482e2fa0f6f@group-5E4216B2975C, cid=1832, SUCCESS, logIndex=2661, commits[3a39c983-6986-4da8-95c7-9482e2fa0f6f:c2662, 0f15f03e-3179-4fc8-ac54-a24fe3c72555:c2658, 11ea7e38-68de-49e0-a413-0aa394144289:c2658]
2019-07-09 08:42:06,096 INFO  client.GrpcClientProtocolClient (GrpcClientProtocolClient.java:onNext(255)) - client-E42F58674560->3a39c983-6986-4da8-95c7-9482e2fa0f6f: receive RaftClientReply:client-E42F58674560->3a39c983-6986-4da8-95c7-9482e2fa0f6f@group-5E4216B2975C, cid=1833, SUCCESS, logIndex=2662, commits[3a39c983-6986-4da8-95c7-9482e2fa0f6f:c2662, 0f15f03e-3179-4fc8-ac54-a24fe3c72555:c2658, 11ea7e38-68de-49e0-a413-0aa394144289:c2658]
2019-07-09 08:42:06,120 INFO  client.GrpcClientProtocolClient (GrpcClientProtocolClient.java:onNext(255)) - client-E42F58674560->3a39c983-6986-4da8-95c7-9482e2fa0f6f: receive RaftClientReply:client-E42F58674560->3a39c983-6986-4da8-95c7-9482e2fa0f6f@group-5E4216B2975C, cid=1834, SUCCESS, logIndex=2665, commits[3a39c983-6986-4da8-95c7-9482e2fa0f6f:c2666, 0f15f03e-3179-4fc8-ac54-a24fe3c72555:c2662, 11ea7e38-68de-49e0-a413-0aa394144289:c2662]
2019-07-09 08:42:06,120 INFO  client.GrpcClientProtocolClient (GrpcClientProtocolClient.java:onNext(255)) - client-E42F58674560->3a39c983-6986-4da8-95c7-9482e2fa0f6f: receive RaftClientReply:client-E42F58674560->3a39c983-6986-4da8-95c7-9482e2fa0f6f@group-5E4216B2975C, cid=1835, SUCCESS, logIndex=2666, commits[3a39c983-6986-4da8-95c7-9482e2fa0f6f:c2666, 0f15f03e-3179-4fc8-ac54-a24fe3c72555:c2662, 11ea7e38-68de-49e0-a413-0aa394144289:c2662]
2019-07-09 08:42:06,136 INFO  client.GrpcClientProtocolClient (GrpcClientProtocolClient.java:onNext(255)) - client-E42F58674560->3a39c983-6986-4da8-95c7-9482e2fa0f6f: receive RaftClientReply:client-E42F58674560->3a39c983-6986-4da8-95c7-9482e2fa0f6f@group-5E4216B2975C, cid=1836, SUCCESS, logIndex=0, commits[3a39c983-6986-4da8-95c7-9482e2fa0f6f:c2668, 0f15f03e-3179-4fc8-ac54-a24fe3c72555:c2666, 11ea7e38-68de-49e0-a413-0aa394144289:c2666]
2019-07-09 08:42:06,181 INFO  client.GrpcClientProtocolClient (GrpcClientProtocolClient.java:onNext(255)) - client-E42F58674560->3a39c983-6986-4da8-95c7-9482e2fa0f6f: receive RaftClientReply:client-E42F58674560->3a39c983-6986-4da8-95c7-9482e2fa0f6f@group-5E4216B2975C, cid=1837, SUCCESS, logIndex=2669, commits[3a39c983-6986-4da8-95c7-9482e2fa0f6f:c2671, 0f15f03e-3179-4fc8-ac54-a24fe3c72555:c2668, 11ea7e38-68de-49e0-a413-0aa394144289:c2668]
2019-07-09 08:42:06,181 INFO  client.GrpcClientProtocolClient (GrpcClientProtocolClient.java:onNext(255)) - client-E42F58674560->3a39c983-6986-4da8-95c7-9482e2fa0f6f: receive RaftClientReply:client-E42F58674560->3a39c983-6986-4da8-95c7-9482e2fa0f6f@group-5E4216B2975C, cid=1838, SUCCESS, logIndex=2670, commits[3a39c983-6986-4da8-95c7-9482e2fa0f6f:c2672, 0f15f03e-3179-4fc8-ac54-a24fe3c72555:c2668, 11ea7e38-68de-49e0-a413-0aa394144289:c2668]
2019-07-09 08:42:06,181 INFO  client.GrpcClientProtocolClient (GrpcClientProtocolClient.java:onNext(255)) - client-E42F58674560->3a39c983-6986-4da8-95c7-9482e2fa0f6f: receive RaftClientReply:client-E42F58674560->3a39c983-6986-4da8-95c7-9482e2fa0f6f@group-5E4216B2975C, cid=1839, SUCCESS, logIndex=2671, commits[3a39c983-6986-4da8-95c7-9482e2fa0f6f:c2672, 0f15f03e-3179-4fc8-ac54-a24fe3c72555:c2668, 11ea7e38-68de-49e0-a413-0aa394144289:c2668]
2019-07-09 08:42:06,182 INFO  client.GrpcClientProtocolClient (GrpcClientProtocolClient.java:onNext(255)) - client-E42F58674560->3a39c983-6986-4da8-95c7-9482e2fa0f6f: receive RaftClientReply:client-E42F58674560->3a39c983-6986-4da8-95c7-9482e2fa0f6f@group-5E4216B2975C, cid=1840, SUCCESS, logIndex=2672, commits[3a39c983-6986-4da8-95c7-9482e2fa0f6f:c2672, 0f15f03e-3179-4fc8-ac54-a24fe3c72555:c2668, 11ea7e38-68de-49e0-a413-0aa394144289:c2668]
2019-07-09 08:42:06,192 INFO  client.GrpcClientProtocolClient (GrpcClientProtocolClient.java:onNext(255)) - client-E42F58674560->3a39c983-6986-4da8-95c7-9482e2fa0f6f: receive RaftClientReply:client-E42F58674560->3a39c983-6986-4da8-95c7-9482e2fa0f6f@group-5E4216B2975C, cid=1841, SUCCESS, logIndex=0, commits[3a39c983-6986-4da8-95c7-9482e2fa0f6f:c2673, 0f15f03e-3179-4fc8-ac54-a24fe3c72555:c2670, 11ea7e38-68de-49e0-a413-0aa394144289:c2670]
2019-07-09 08:42:06,206 INFO  client.GrpcClientProtocolClient (GrpcClientProtocolClient.java:onNext(255)) - client-E42F58674560->3a39c983-6986-4da8-95c7-9482e2fa0f6f: receive RaftClientReply:client-E42F58674560->3a39c983-6986-4da8-95c7-9482e2fa0f6f@group-5E4216B2975C, cid=1842, SUCCESS, logIndex=2677, commits[3a39c983-6986-4da8-95c7-9482e2fa0f6f:c2678, 0f15f03e-3179-4fc8-ac54-a24fe3c72555:c2676, 11ea7e38-68de-49e0-a413-0aa394144289:c2676]
2019-07-09 08:42:06,207 INFO  client.GrpcClientProtocolClient (GrpcClientProtocolClient.java:onNext(255)) - client-E42F58674560->3a39c983-6986-4da8-95c7-9482e2fa0f6f: receive RaftClientReply:client-E42F58674560->3a39c983-6986-4da8-95c7-9482e2fa0f6f@group-5E4216B2975C, cid=1843, SUCCESS, logIndex=2678, commits[3a39c983-6986-4da8-95c7-9482e2fa0f6f:c2678, 0f15f03e-3179-4fc8-ac54-a24fe3c72555:c2676, 11ea7e38-68de-49e0-a413-0aa394144289:c2676]
2019-07-09 08:42:06,226 INFO  client.GrpcClientProtocolClient (GrpcClientProtocolClient.java:onNext(255)) - client-E42F58674560->3a39c983-6986-4da8-95c7-9482e2fa0f6f: receive RaftClientReply:client-E42F58674560->3a39c983-6986-4da8-95c7-9482e2fa0f6f@group-5E4216B2975C, cid=1844, SUCCESS, logIndex=2681, commits[3a39c983-6986-4da8-95c7-9482e2fa0f6f:c2682, 0f15f03e-3179-4fc8-ac54-a24fe3c72555:c2680, 11ea7e38-68de-49e0-a413-0aa394144289:c2680]
2019-07-09 08:42:06,226 INFO  client.GrpcClientProtocolClient (GrpcClientProtocolClient.java:onNext(255)) - client-E42F58674560->3a39c983-6986-4da8-95c7-9482e2fa0f6f: receive RaftClientReply:client-E42F58674560->3a39c983-6986-4da8-95c7-9482e2fa0f6f@group-5E4216B2975C, cid=1845, SUCCESS, logIndex=2682, commits[3a39c983-6986-4da8-95c7-9482e2fa0f6f:c2682, 0f15f03e-3179-4fc8-ac54-a24fe3c72555:c2680, 11ea7e38-68de-49e0-a413-0aa394144289:c2680]
2019-07-09 08:42:06,240 INFO  client.GrpcClientProtocolClient (GrpcClientProtocolClient.java:onNext(255)) - client-E42F58674560->3a39c983-6986-4da8-95c7-9482e2fa0f6f: receive RaftClientReply:client-E42F58674560->3a39c983-6986-4da8-95c7-9482e2fa0f6f@group-5E4216B2975C, cid=1846, SUCCESS, logIndex=0, commits[3a39c983-6986-4da8-95c7-9482e2fa0f6f:c2684, 0f15f03e-3179-4fc8-ac54-a24fe3c72555:c2682, 11ea7e38-68de-49e0-a413-0aa394144289:c2682]
 0.00% |█                                                                                                    |  0/1 Time: 0:00:14 0.00% |█                                                                                                    |  0/1 Time: 0:00:152019-07-09 08:42:08,466 INFO  client.GrpcClientProtocolClient (GrpcClientProtocolClient.java:onNext(255)) - client-E42F58674560->3a39c983-6986-4da8-95c7-9482e2fa0f6f: receive RaftClientReply:client-E42F58674560->3a39c983-6986-4da8-95c7-9482e2fa0f6f@group-5E4216B2975C, cid=1847, SUCCESS, logIndex=2685, commits[3a39c983-6986-4da8-95c7-9482e2fa0f6f:c2688, 0f15f03e-3179-4fc8-ac54-a24fe3c72555:c2684, 11ea7e38-68de-49e0-a413-0aa394144289:c2684]
2019-07-09 08:42:08,466 INFO  client.GrpcClientProtocolClient (GrpcClientProtocolClient.java:onNext(255)) - client-E42F58674560->3a39c983-6986-4da8-95c7-9482e2fa0f6f: receive RaftClientReply:client-E42F58674560->3a39c983-6986-4da8-95c7-9482e2fa0f6f@group-5E4216B2975C, cid=1848, SUCCESS, logIndex=2686, commits[3a39c983-6986-4da8-95c7-9482e2fa0f6f:c2688, 0f15f03e-3179-4fc8-ac54-a24fe3c72555:c2684, 11ea7e38-68de-49e0-a413-0aa394144289:c2684]
2019-07-09 08:42:08,467 INFO  client.GrpcClientProtocolClient (GrpcClientProtocolClient.java:onNext(255)) - client-E42F58674560->3a39c983-6986-4da8-95c7-9482e2fa0f6f: receive RaftClientReply:client-E42F58674560->3a39c983-6986-4da8-95c7-9482e2fa0f6f@group-5E4216B2975C, cid=1849, SUCCESS, logIndex=2687, commits[3a39c983-6986-4da8-95c7-9482e2fa0f6f:c2688, 0f15f03e-3179-4fc8-ac54-a24fe3c72555:c2684, 11ea7e38-68de-49e0-a413-0aa394144289:c2684]
2019-07-09 08:42:08,467 INFO  client.GrpcClientProtocolClient (GrpcClientProtocolClient.java:onNext(255)) - client-E42F58674560->3a39c983-6986-4da8-95c7-9482e2fa0f6f: receive RaftClientReply:client-E42F58674560->3a39c983-6986-4da8-95c7-9482e2fa0f6f@group-5E4216B2975C, cid=1850, SUCCESS, logIndex=2688, commits[3a39c983-6986-4da8-95c7-9482e2fa0f6f:c2688, 0f15f03e-3179-4fc8-ac54-a24fe3c72555:c2684, 11ea7e38-68de-49e0-a413-0aa394144289:c2684]
 0.00% |█                                                                                                    |  0/1 Time: 0:00:16 0.00% |█                                                                                                    |  0/1 Time: 0:00:17 0.00% |█                                                                                                    |  0/1 Time: 0:00:182019-07-09 08:42:11,465 WARN  server.GrpcLogAppender (GrpcLogAppender.java:timeoutAppendRequest(200)) - GrpcLogAppender(3a39c983-6986-4da8-95c7-9482e2fa0f6f->0f15f03e-3179-4fc8-ac54-a24fe3c72555): appendEntries Timeout, request=3a39c983-6986-4da8-95c7-9482e2fa0f6f->0f15f03e-3179-4fc8-ac54-a24fe3c72555#2732-t1, previous=(t:1, i:2688), leaderCommit=2686, initializing? false, entries: size=1, first=(t:1, i:2689), METADATAENTRY(c2685)
2019-07-09 08:42:11,465 WARN  server.GrpcLogAppender (GrpcLogAppender.java:timeoutAppendRequest(200)) - GrpcLogAppender(3a39c983-6986-4da8-95c7-9482e2fa0f6f->11ea7e38-68de-49e0-a413-0aa394144289): appendEntries Timeout, request=3a39c983-6986-4da8-95c7-9482e2fa0f6f->11ea7e38-68de-49e0-a413-0aa394144289#2732-t1, previous=(t:1, i:2688), leaderCommit=2686, initializing? false, entries: size=1, first=(t:1, i:2689), METADATAENTRY(c2685)
2019-07-09 08:42:11,468 WARN  server.GrpcLogAppender (GrpcLogAppender.java:timeoutAppendRequest(200)) - GrpcLogAppender(3a39c983-6986-4da8-95c7-9482e2fa0f6f->0f15f03e-3179-4fc8-ac54-a24fe3c72555): appendEntries Timeout, request=3a39c983-6986-4da8-95c7-9482e2fa0f6f->0f15f03e-3179-4fc8-ac54-a24fe3c72555#2733-t1, previous=(t:1, i:2689), leaderCommit=2687, initializing? false, entries: size=1, first=(t:1, i:2690), METADATAENTRY(c2686)
2019-07-09 08:42:11,468 WARN  server.GrpcLogAppender (GrpcLogAppender.java:timeoutAppendRequest(200)) - GrpcLogAppender(3a39c983-6986-4da8-95c7-9482e2fa0f6f->11ea7e38-68de-49e0-a413-0aa394144289): appendEntries Timeout, request=3a39c983-6986-4da8-95c7-9482e2fa0f6f->11ea7e38-68de-49e0-a413-0aa394144289#2733-t1, previous=(t:1, i:2689), leaderCommit=2687, initializing? false, entries: size=1, first=(t:1, i:2690), METADATAENTRY(c2686)
2019-07-09 08:42:11,468 WARN  server.GrpcLogAppender (GrpcLogAppender.java:timeoutAppendRequest(200)) - GrpcLogAppender(3a39c983-6986-4da8-95c7-9482e2fa0f6f->0f15f03e-3179-4fc8-ac54-a24fe3c72555): appendEntries Timeout, request=3a39c983-6986-4da8-95c7-9482e2fa0f6f->0f15f03e-3179-4fc8-ac54-a24fe3c72555#2734-t1, previous=(t:1, i:2690), leaderCommit=2687, initializing? false, entries: size=1, first=(t:1, i:2691), METADATAENTRY(c2687)
2019-07-09 08:42:11,468 WARN  server.GrpcLogAppender (GrpcLogAppender.java:timeoutAppendRequest(200)) - GrpcLogAppender(3a39c983-6986-4da8-95c7-9482e2fa0f6f->11ea7e38-68de-49e0-a413-0aa394144289): appendEntries Timeout, request=3a39c983-6986-4da8-95c7-9482e2fa0f6f->11ea7e38-68de-49e0-a413-0aa394144289#2734-t1, previous=(t:1, i:2690), leaderCommit=2687, initializing? false, entries: size=1, first=(t:1, i:2691), METADATAENTRY(c2687)
2019-07-09 08:42:11,469 WARN  server.GrpcLogAppender (GrpcLogAppender.java:timeoutAppendRequest(200)) - GrpcLogAppender(3a39c983-6986-4da8-95c7-9482e2fa0f6f->0f15f03e-3179-4fc8-ac54-a24fe3c72555): appendEntries Timeout, request=3a39c983-6986-4da8-95c7-9482e2fa0f6f->0f15f03e-3179-4fc8-ac54-a24fe3c72555#2735-t1, previous=(t:1, i:2691), leaderCommit=2688, initializing? false, entries: size=1, first=(t:1, i:2692), METADATAENTRY(c2688)
2019-07-09 08:42:11,469 WARN  server.GrpcLogAppender (GrpcLogAppender.java:timeoutAppendRequest(200)) - GrpcLogAppender(3a39c983-6986-4da8-95c7-9482e2fa0f6f->11ea7e38-68de-49e0-a413-0aa394144289): appendEntries Timeout, request=3a39c983-6986-4da8-95c7-9482e2fa0f6f->11ea7e38-68de-49e0-a413-0aa394144289#2735-t1, previous=(t:1, i:2691), leaderCommit=2688, initializing? false, entries: size=1, first=(t:1, i:2692), METADATAENTRY(c2688)
 0.00% |█                                                                                                    |  0/1 Time: 0:00:192019-07-09 08:42:11,965 WARN  server.GrpcLogAppender (GrpcLogAppender.java:timeoutAppendRequest(200)) - GrpcLogAppender(3a39c983-6986-4da8-95c7-9482e2fa0f6f->11ea7e38-68de-49e0-a413-0aa394144289): appendEntries Timeout, request=3a39c983-6986-4da8-95c7-9482e2fa0f6f->11ea7e38-68de-49e0-a413-0aa394144289#2736-t1, previous=(t:1, i:2692), leaderCommit=2688, initializing? false, entries: <empty>
2019-07-09 08:42:11,966 WARN  server.GrpcLogAppender (GrpcLogAppender.java:timeoutAppendRequest(200)) - GrpcLogAppender(3a39c983-6986-4da8-95c7-9482e2fa0f6f->0f15f03e-3179-4fc8-ac54-a24fe3c72555): appendEntries Timeout, request=3a39c983-6986-4da8-95c7-9482e2fa0f6f->0f15f03e-3179-4fc8-ac54-a24fe3c72555#2736-t1, previous=(t:1, i:2692), leaderCommit=2688, initializing? false, entries: <empty>
2019-07-09 08:42:12,466 WARN  server.GrpcLogAppender (GrpcLogAppender.java:timeoutAppendRequest(200)) - GrpcLogAppender(3a39c983-6986-4da8-95c7-9482e2fa0f6f->11ea7e38-68de-49e0-a413-0aa394144289): appendEntries Timeout, request=3a39c983-6986-4da8-95c7-9482e2fa0f6f->11ea7e38-68de-49e0-a413-0aa394144289#2737-t1, previous=(t:1, i:2692), leaderCommit=2688, initializing? false, entries: <empty>
2019-07-09 08:42:12,466 WARN  server.GrpcLogAppender (GrpcLogAppender.java:timeoutAppendRequest(200)) - GrpcLogAppender(3a39c983-6986-4da8-95c7-9482e2fa0f6f->0f15f03e-3179-4fc8-ac54-a24fe3c72555): appendEntries Timeout, request=3a39c983-6986-4da8-95c7-9482e2fa0f6f->0f15f03e-3179-4fc8-ac54-a24fe3c72555#2737-t1, previous=(t:1, i:2692), leaderCommit=2688, initializing? false, entries: <empty>
 0.00% |█                                                                                                    |  0/1 Time: 0:00:202019-07-09 08:42:12,966 WARN  server.GrpcLogAppender (GrpcLogAppender.java:timeoutAppendRequest(200)) - GrpcLogAppender(3a39c983-6986-4da8-95c7-9482e2fa0f6f->11ea7e38-68de-49e0-a413-0aa394144289): appendEntries Timeout, request=3a39c983-6986-4da8-95c7-9482e2fa0f6f->11ea7e38-68de-49e0-a413-0aa394144289#2738-t1, previous=(t:1, i:2692), leaderCommit=2688, initializing? false, entries: <empty>
2019-07-09 08:42:12,966 WARN  server.GrpcLogAppender (GrpcLogAppender.java:timeoutAppendRequest(200)) - GrpcLogAppender(3a39c983-6986-4da8-95c7-9482e2fa0f6f->0f15f03e-3179-4fc8-ac54-a24fe3c72555): appendEntries Timeout, request=3a39c983-6986-4da8-95c7-9482e2fa0f6f->0f15f03e-3179-4fc8-ac54-a24fe3c72555#2738-t1, previous=(t:1, i:2692), leaderCommit=2688, initializing? false, entries: <empty>
2019-07-09 08:42:13,070 WARN  server.GrpcLogAppender (GrpcLogAppender.java:onNextImpl(250)) - org.apache.ratis.grpc.server.GrpcLogAppender$AppendLogResponseHandler@3cfcc83d: Request not found, ignoring reply: 3a39c983-6986-4da8-95c7-9482e2fa0f6f<-11ea7e38-68de-49e0-a413-0aa394144289#2732:OK,SUCCESS,nextIndex:2690,term:1,followerCommit:2688
2019-07-09 08:42:13,070 WARN  server.GrpcLogAppender (GrpcLogAppender.java:onNextImpl(250)) - org.apache.ratis.grpc.server.GrpcLogAppender$AppendLogResponseHandler@11786bd7: Request not found, ignoring reply: 3a39c983-6986-4da8-95c7-9482e2fa0f6f<-0f15f03e-3179-4fc8-ac54-a24fe3c72555#2732:OK,SUCCESS,nextIndex:2690,term:1,followerCommit:2688
2019-07-09 08:42:13,466 WARN  server.GrpcLogAppender (GrpcLogAppender.java:timeoutAppendRequest(200)) - GrpcLogAppender(3a39c983-6986-4da8-95c7-9482e2fa0f6f->11ea7e38-68de-49e0-a413-0aa394144289): appendEntries Timeout, request=3a39c983-6986-4da8-95c7-9482e2fa0f6f->11ea7e38-68de-49e0-a413-0aa394144289#2739-t1, previous=(t:1, i:2692), leaderCommit=2688, initializing? false, entries: <empty>
2019-07-09 08:42:13,467 WARN  server.GrpcLogAppender (GrpcLogAppender.java:timeoutAppendRequest(200)) - GrpcLogAppender(3a39c983-6986-4da8-95c7-9482e2fa0f6f->0f15f03e-3179-4fc8-ac54-a24fe3c72555): appendEntries Timeout, request=3a39c983-6986-4da8-95c7-9482e2fa0f6f->0f15f03e-3179-4fc8-ac54-a24fe3c72555#2739-t1, previous=(t:1, i:2692), leaderCommit=2688, initializing? false, entries: <empty>
2019-07-09 08:42:13,470 WARN  scm.XceiverClientRatis (XceiverClientRatis.java:watchForCommit(262)) - 3 way commit failed 
java.util.concurrent.TimeoutException
	at java.util.concurrent.CompletableFuture.timedGet(CompletableFuture.java:1771)
	at java.util.concurrent.CompletableFuture.get(CompletableFuture.java:1915)
	at org.apache.hadoop.hdds.scm.XceiverClientRatis.watchForCommit(XceiverClientRatis.java:259)
	at org.apache.hadoop.hdds.scm.storage.CommitWatcher.watchForCommit(CommitWatcher.java:194)
	at org.apache.hadoop.hdds.scm.storage.CommitWatcher.watchOnFirstIndex(CommitWatcher.java:135)
	at org.apache.hadoop.hdds.scm.storage.BlockOutputStream.watchForCommit(BlockOutputStream.java:355)
	at org.apache.hadoop.hdds.scm.storage.BlockOutputStream.handleFullBuffer(BlockOutputStream.java:332)
	at org.apache.hadoop.hdds.scm.storage.BlockOutputStream.write(BlockOutputStream.java:259)
	at org.apache.hadoop.ozone.client.io.BlockOutputStreamEntry.write(BlockOutputStreamEntry.java:129)
	at org.apache.hadoop.ozone.client.io.KeyOutputStream.handleWrite(KeyOutputStream.java:211)
	at org.apache.hadoop.ozone.client.io.KeyOutputStream.write(KeyOutputStream.java:193)
	at org.apache.hadoop.ozone.client.io.OzoneOutputStream.write(OzoneOutputStream.java:49)
	at org.apache.hadoop.ozone.freon.RandomKeyGenerator$KeyProcessor.run(RandomKeyGenerator.java:693)
	at java.util.concurrent.Executors$RunnableAdapter.call(Executors.java:511)
	at java.util.concurrent.FutureTask.run(FutureTask.java:266)
	at java.util.concurrent.ThreadPoolExecutor.runWorker(ThreadPoolExecutor.java:1149)
	at java.util.concurrent.ThreadPoolExecutor$Worker.run(ThreadPoolExecutor.java:624)
	at java.lang.Thread.run(Thread.java:748)
 0.00% |█                                                                                                    |  0/1 Time: 0:00:212019-07-09 08:42:13,966 WARN  server.GrpcLogAppender (GrpcLogAppender.java:timeoutAppendRequest(200)) - GrpcLogAppender(3a39c983-6986-4da8-95c7-9482e2fa0f6f->11ea7e38-68de-49e0-a413-0aa394144289): appendEntries Timeout, request=3a39c983-6986-4da8-95c7-9482e2fa0f6f->11ea7e38-68de-49e0-a413-0aa394144289#2740-t1, previous=(t:1, i:2692), leaderCommit=2688, initializing? false, entries: <empty>
2019-07-09 08:42:13,967 WARN  server.GrpcLogAppender (GrpcLogAppender.java:timeoutAppendRequest(200)) - GrpcLogAppender(3a39c983-6986-4da8-95c7-9482e2fa0f6f->0f15f03e-3179-4fc8-ac54-a24fe3c72555): appendEntries Timeout, request=3a39c983-6986-4da8-95c7-9482e2fa0f6f->0f15f03e-3179-4fc8-ac54-a24fe3c72555#2740-t1, previous=(t:1, i:2692), leaderCommit=2688, initializing? false, entries: <empty>
2019-07-09 08:42:14,468 WARN  server.GrpcLogAppender (GrpcLogAppender.java:timeoutAppendRequest(200)) - GrpcLogAppender(3a39c983-6986-4da8-95c7-9482e2fa0f6f->0f15f03e-3179-4fc8-ac54-a24fe3c72555): appendEntries Timeout, request=3a39c983-6986-4da8-95c7-9482e2fa0f6f->0f15f03e-3179-4fc8-ac54-a24fe3c72555#2741-t1, previous=(t:1, i:2692), leaderCommit=2688, initializing? false, entries: <empty>
2019-07-09 08:42:14,468 WARN  server.GrpcLogAppender (GrpcLogAppender.java:timeoutAppendRequest(200)) - GrpcLogAppender(3a39c983-6986-4da8-95c7-9482e2fa0f6f->11ea7e38-68de-49e0-a413-0aa394144289): appendEntries Timeout, request=3a39c983-6986-4da8-95c7-9482e2fa0f6f->11ea7e38-68de-49e0-a413-0aa394144289#2741-t1, previous=(t:1, i:2692), leaderCommit=2688, initializing? false, entries: <empty>
 0.00% |█                                                                                                    |  0/1 Time: 0:00:222019-07-09 08:42:14,968 WARN  server.GrpcLogAppender (GrpcLogAppender.java:timeoutAppendRequest(200)) - GrpcLogAppender(3a39c983-6986-4da8-95c7-9482e2fa0f6f->0f15f03e-3179-4fc8-ac54-a24fe3c72555): appendEntries Timeout, request=3a39c983-6986-4da8-95c7-9482e2fa0f6f->0f15f03e-3179-4fc8-ac54-a24fe3c72555#2742-t1, previous=(t:1, i:2692), leaderCommit=2688, initializing? false, entries: <empty>
2019-07-09 08:42:14,968 WARN  server.GrpcLogAppender (GrpcLogAppender.java:timeoutAppendRequest(200)) - GrpcLogAppender(3a39c983-6986-4da8-95c7-9482e2fa0f6f->11ea7e38-68de-49e0-a413-0aa394144289): appendEntries Timeout, request=3a39c983-6986-4da8-95c7-9482e2fa0f6f->11ea7e38-68de-49e0-a413-0aa394144289#2742-t1, previous=(t:1, i:2692), leaderCommit=2688, initializing? false, entries: <empty>
2019-07-09 08:42:15,468 WARN  server.GrpcLogAppender (GrpcLogAppender.java:timeoutAppendRequest(200)) - GrpcLogAppender(3a39c983-6986-4da8-95c7-9482e2fa0f6f->11ea7e38-68de-49e0-a413-0aa394144289): appendEntries Timeout, request=3a39c983-6986-4da8-95c7-9482e2fa0f6f->11ea7e38-68de-49e0-a413-0aa394144289#2743-t1, previous=(t:1, i:2692), leaderCommit=2688, initializing? false, entries: <empty>
2019-07-09 08:42:15,468 WARN  server.GrpcLogAppender (GrpcLogAppender.java:timeoutAppendRequest(200)) - GrpcLogAppender(3a39c983-6986-4da8-95c7-9482e2fa0f6f->0f15f03e-3179-4fc8-ac54-a24fe3c72555): appendEntries Timeout, request=3a39c983-6986-4da8-95c7-9482e2fa0f6f->0f15f03e-3179-4fc8-ac54-a24fe3c72555#2743-t1, previous=(t:1, i:2692), leaderCommit=2688, initializing? false, entries: <empty>
 0.00% |█                                                                                                    |  0/1 Time: 0:00:232019-07-09 08:42:15,886 WARN  server.GrpcLogAppender (GrpcLogAppender.java:onNextImpl(250)) - org.apache.ratis.grpc.server.GrpcLogAppender$AppendLogResponseHandler@11786bd7: Request not found, ignoring reply: 3a39c983-6986-4da8-95c7-9482e2fa0f6f<-0f15f03e-3179-4fc8-ac54-a24fe3c72555#2733:OK,SUCCESS,nextIndex:2691,term:1,followerCommit:2688
2019-07-09 08:42:15,887 WARN  server.GrpcLogAppender (GrpcLogAppender.java:onNextImpl(250)) - org.apache.ratis.grpc.server.GrpcLogAppender$AppendLogResponseHandler@11786bd7: Request not found, ignoring reply: 3a39c983-6986-4da8-95c7-9482e2fa0f6f<-0f15f03e-3179-4fc8-ac54-a24fe3c72555#2734:OK,SUCCESS,nextIndex:2692,term:1,followerCommit:2688
2019-07-09 08:42:15,887 WARN  server.GrpcLogAppender (GrpcLogAppender.java:onNextImpl(250)) - org.apache.ratis.grpc.server.GrpcLogAppender$AppendLogResponseHandler@11786bd7: Request not found, ignoring reply: 3a39c983-6986-4da8-95c7-9482e2fa0f6f<-0f15f03e-3179-4fc8-ac54-a24fe3c72555#2735:OK,SUCCESS,nextIndex:2693,term:1,followerCommit:2688
2019-07-09 08:42:15,887 WARN  server.GrpcLogAppender (GrpcLogAppender.java:onNextImpl(250)) - org.apache.ratis.grpc.server.GrpcLogAppender$AppendLogResponseHandler@11786bd7: Request not found, ignoring reply: 3a39c983-6986-4da8-95c7-9482e2fa0f6f<-0f15f03e-3179-4fc8-ac54-a24fe3c72555#2736:OK,SUCCESS,nextIndex:2693,term:1,followerCommit:2688
2019-07-09 08:42:15,887 WARN  server.GrpcLogAppender (GrpcLogAppender.java:onNextImpl(250)) - org.apache.ratis.grpc.server.GrpcLogAppender$AppendLogResponseHandler@11786bd7: Request not found, ignoring reply: 3a39c983-6986-4da8-95c7-9482e2fa0f6f<-0f15f03e-3179-4fc8-ac54-a24fe3c72555#2737:OK,SUCCESS,nextIndex:2693,term:1,followerCommit:2688
2019-07-09 08:42:15,888 WARN  server.GrpcLogAppender (GrpcLogAppender.java:onNextImpl(250)) - org.apache.ratis.grpc.server.GrpcLogAppender$AppendLogResponseHandler@11786bd7: Request not found, ignoring reply: 3a39c983-6986-4da8-95c7-9482e2fa0f6f<-0f15f03e-3179-4fc8-ac54-a24fe3c72555#2738:OK,SUCCESS,nextIndex:2693,term:1,followerCommit:2688
2019-07-09 08:42:15,888 WARN  server.GrpcLogAppender (GrpcLogAppender.java:onNextImpl(250)) - org.apache.ratis.grpc.server.GrpcLogAppender$AppendLogResponseHandler@11786bd7: Request not found, ignoring reply: 3a39c983-6986-4da8-95c7-9482e2fa0f6f<-0f15f03e-3179-4fc8-ac54-a24fe3c72555#2739:OK,SUCCESS,nextIndex:2693,term:1,followerCommit:2688
2019-07-09 08:42:15,888 WARN  server.GrpcLogAppender (GrpcLogAppender.java:onNextImpl(250)) - org.apache.ratis.grpc.server.GrpcLogAppender$AppendLogResponseHandler@11786bd7: Request not found, ignoring reply: 3a39c983-6986-4da8-95c7-9482e2fa0f6f<-0f15f03e-3179-4fc8-ac54-a24fe3c72555#2740:OK,SUCCESS,nextIndex:2693,term:1,followerCommit:2688
2019-07-09 08:42:15,888 WARN  server.GrpcLogAppender (GrpcLogAppender.java:onNextImpl(250)) - org.apache.ratis.grpc.server.GrpcLogAppender$AppendLogResponseHandler@11786bd7: Request not found, ignoring reply: 3a39c983-6986-4da8-95c7-9482e2fa0f6f<-0f15f03e-3179-4fc8-ac54-a24fe3c72555#2741:OK,SUCCESS,nextIndex:2693,term:1,followerCommit:2688
2019-07-09 08:42:15,889 WARN  server.GrpcLogAppender (GrpcLogAppender.java:onNextImpl(250)) - org.apache.ratis.grpc.server.GrpcLogAppender$AppendLogResponseHandler@11786bd7: Request not found, ignoring reply: 3a39c983-6986-4da8-95c7-9482e2fa0f6f<-0f15f03e-3179-4fc8-ac54-a24fe3c72555#2742:OK,SUCCESS,nextIndex:2693,term:1,followerCommit:2688
2019-07-09 08:42:15,889 WARN  server.GrpcLogAppender (GrpcLogAppender.java:onNextImpl(250)) - org.apache.ratis.grpc.server.GrpcLogAppender$AppendLogResponseHandler@11786bd7: Request not found, ignoring reply: 3a39c983-6986-4da8-95c7-9482e2fa0f6f<-0f15f03e-3179-4fc8-ac54-a24fe3c72555#2743:OK,SUCCESS,nextIndex:2693,term:1,followerCommit:2688
2019-07-09 08:42:15,890 INFO  client.GrpcClientProtocolClient (GrpcClientProtocolClient.java:onNext(255)) - client-E42F58674560->3a39c983-6986-4da8-95c7-9482e2fa0f6f: receive RaftClientReply:client-E42F58674560->3a39c983-6986-4da8-95c7-9482e2fa0f6f@group-5E4216B2975C, cid=1852, SUCCESS, logIndex=0, commits[3a39c983-6986-4da8-95c7-9482e2fa0f6f:c2688, 0f15f03e-3179-4fc8-ac54-a24fe3c72555:c2688, 11ea7e38-68de-49e0-a413-0aa394144289:c2684]
2019-07-09 08:42:15,893 INFO  scm.XceiverClientRatis (XceiverClientRatis.java:lambda$watchForCommit$7(280)) - Could not commit 2686 to all the nodes. Server 11ea7e38-68de-49e0-a413-0aa394144289 has failed. Committed by majority.
2019-07-09 08:42:15,913 WARN  server.GrpcLogAppender (GrpcLogAppender.java:onNextImpl(250)) - org.apache.ratis.grpc.server.GrpcLogAppender$AppendLogResponseHandler@3cfcc83d: Request not found, ignoring reply: 3a39c983-6986-4da8-95c7-9482e2fa0f6f<-11ea7e38-68de-49e0-a413-0aa394144289#2733:OK,SUCCESS,nextIndex:2691,term:1,followerCommit:2688
2019-07-09 08:42:15,914 WARN  server.GrpcLogAppender (GrpcLogAppender.java:onNextImpl(250)) - org.apache.ratis.grpc.server.GrpcLogAppender$AppendLogResponseHandler@3cfcc83d: Request not found, ignoring reply: 3a39c983-6986-4da8-95c7-9482e2fa0f6f<-11ea7e38-68de-49e0-a413-0aa394144289#2734:OK,SUCCESS,nextIndex:2692,term:1,followerCommit:2688
2019-07-09 08:42:15,914 WARN  server.GrpcLogAppender (GrpcLogAppender.java:onNextImpl(250)) - org.apache.ratis.grpc.server.GrpcLogAppender$AppendLogResponseHandler@3cfcc83d: Request not found, ignoring reply: 3a39c983-6986-4da8-95c7-9482e2fa0f6f<-11ea7e38-68de-49e0-a413-0aa394144289#2735:OK,SUCCESS,nextIndex:2693,term:1,followerCommit:2688
2019-07-09 08:42:15,914 WARN  server.GrpcLogAppender (GrpcLogAppender.java:onNextImpl(250)) - org.apache.ratis.grpc.server.GrpcLogAppender$AppendLogResponseHandler@3cfcc83d: Request not found, ignoring reply: 3a39c983-6986-4da8-95c7-9482e2fa0f6f<-11ea7e38-68de-49e0-a413-0aa394144289#2736:OK,SUCCESS,nextIndex:2693,term:1,followerCommit:2688
2019-07-09 08:42:15,915 WARN  server.GrpcLogAppender (GrpcLogAppender.java:onNextImpl(250)) - org.apache.ratis.grpc.server.GrpcLogAppender$AppendLogResponseHandler@3cfcc83d: Request not found, ignoring reply: 3a39c983-6986-4da8-95c7-9482e2fa0f6f<-11ea7e38-68de-49e0-a413-0aa394144289#2737:OK,SUCCESS,nextIndex:2693,term:1,followerCommit:2688
2019-07-09 08:42:15,915 WARN  server.GrpcLogAppender (GrpcLogAppender.java:onNextImpl(250)) - org.apache.ratis.grpc.server.GrpcLogAppender$AppendLogResponseHandler@3cfcc83d: Request not found, ignoring reply: 3a39c983-6986-4da8-95c7-9482e2fa0f6f<-11ea7e38-68de-49e0-a413-0aa394144289#2738:OK,SUCCESS,nextIndex:2693,term:1,followerCommit:2688
2019-07-09 08:42:15,915 WARN  server.GrpcLogAppender (GrpcLogAppender.java:onNextImpl(250)) - org.apache.ratis.grpc.server.GrpcLogAppender$AppendLogResponseHandler@3cfcc83d: Request not found, ignoring reply: 3a39c983-6986-4da8-95c7-9482e2fa0f6f<-11ea7e38-68de-49e0-a413-0aa394144289#2739:OK,SUCCESS,nextIndex:2693,term:1,followerCommit:2688
2019-07-09 08:42:15,915 WARN  server.GrpcLogAppender (GrpcLogAppender.java:onNextImpl(250)) - org.apache.ratis.grpc.server.GrpcLogAppender$AppendLogResponseHandler@3cfcc83d: Request not found, ignoring reply: 3a39c983-6986-4da8-95c7-9482e2fa0f6f<-11ea7e38-68de-49e0-a413-0aa394144289#2740:OK,SUCCESS,nextIndex:2693,term:1,followerCommit:2688
2019-07-09 08:42:15,916 WARN  server.GrpcLogAppender (GrpcLogAppender.java:onNextImpl(250)) - org.apache.ratis.grpc.server.GrpcLogAppender$AppendLogResponseHandler@3cfcc83d: Request not found, ignoring reply: 3a39c983-6986-4da8-95c7-9482e2fa0f6f<-11ea7e38-68de-49e0-a413-0aa394144289#2741:OK,SUCCESS,nextIndex:2693,term:1,followerCommit:2688
2019-07-09 08:42:15,916 WARN  server.GrpcLogAppender (GrpcLogAppender.java:onNextImpl(250)) - org.apache.ratis.grpc.server.GrpcLogAppender$AppendLogResponseHandler@3cfcc83d: Request not found, ignoring reply: 3a39c983-6986-4da8-95c7-9482e2fa0f6f<-11ea7e38-68de-49e0-a413-0aa394144289#2742:OK,SUCCESS,nextIndex:2693,term:1,followerCommit:2688
2019-07-09 08:42:15,916 WARN  server.GrpcLogAppender (GrpcLogAppender.java:onNextImpl(250)) - org.apache.ratis.grpc.server.GrpcLogAppender$AppendLogResponseHandler@3cfcc83d: Request not found, ignoring reply: 3a39c983-6986-4da8-95c7-9482e2fa0f6f<-11ea7e38-68de-49e0-a413-0aa394144289#2743:OK,SUCCESS,nextIndex:2693,term:1,followerCommit:2688
2019-07-09 08:42:15,917 INFO  client.GrpcClientProtocolClient (GrpcClientProtocolClient.java:onNext(255)) - client-E42F58674560->3a39c983-6986-4da8-95c7-9482e2fa0f6f: receive RaftClientReply:client-E42F58674560->3a39c983-6986-4da8-95c7-9482e2fa0f6f@group-5E4216B2975C, cid=1851, SUCCESS, logIndex=0, commits[3a39c983-6986-4da8-95c7-9482e2fa0f6f:c2692, 0f15f03e-3179-4fc8-ac54-a24fe3c72555:c2688, 11ea7e38-68de-49e0-a413-0aa394144289:c2688]
2019-07-09 08:42:15,917 INFO  client.GrpcClientProtocolClient (GrpcClientProtocolClient.java:onNext(255)) - client-E42F58674560->3a39c983-6986-4da8-95c7-9482e2fa0f6f: receive RaftClientReply:client-E42F58674560->3a39c983-6986-4da8-95c7-9482e2fa0f6f@group-5E4216B2975C, cid=1851, SUCCESS, logIndex=0, commits[3a39c983-6986-4da8-95c7-9482e2fa0f6f:c2692, 0f15f03e-3179-4fc8-ac54-a24fe3c72555:c2688, 11ea7e38-68de-49e0-a413-0aa394144289:c2688]
2019-07-09 08:42:15,929 INFO  client.GrpcClientProtocolClient (GrpcClientProtocolClient.java:onNext(255)) - client-E42F58674560->3a39c983-6986-4da8-95c7-9482e2fa0f6f: receive RaftClientReply:client-E42F58674560->3a39c983-6986-4da8-95c7-9482e2fa0f6f@group-5E4216B2975C, cid=1853, SUCCESS, logIndex=2693, commits[3a39c983-6986-4da8-95c7-9482e2fa0f6f:c2694, 0f15f03e-3179-4fc8-ac54-a24fe3c72555:c2692, 11ea7e38-68de-49e0-a413-0aa394144289:c2692]
2019-07-09 08:42:15,930 INFO  client.GrpcClientProtocolClient (GrpcClientProtocolClient.java:onNext(255)) - client-E42F58674560->3a39c983-6986-4da8-95c7-9482e2fa0f6f: receive RaftClientReply:client-E42F58674560->3a39c983-6986-4da8-95c7-9482e2fa0f6f@group-5E4216B2975C, cid=1854, SUCCESS, logIndex=2694, commits[3a39c983-6986-4da8-95c7-9482e2fa0f6f:c2694, 0f15f03e-3179-4fc8-ac54-a24fe3c72555:c2692, 11ea7e38-68de-49e0-a413-0aa394144289:c2692]
2019-07-09 08:42:15,977 INFO  client.GrpcClientProtocolClient (GrpcClientProtocolClient.java:onNext(255)) - client-E42F58674560->3a39c983-6986-4da8-95c7-9482e2fa0f6f: receive RaftClientReply:client-E42F58674560->3a39c983-6986-4da8-95c7-9482e2fa0f6f@group-5E4216B2975C, cid=1855, SUCCESS, logIndex=2697, commits[3a39c983-6986-4da8-95c7-9482e2fa0f6f:c2698, 0f15f03e-3179-4fc8-ac54-a24fe3c72555:c2694, 11ea7e38-68de-49e0-a413-0aa394144289:c2694]
2019-07-09 08:42:15,978 INFO  client.GrpcClientProtocolClient (GrpcClientProtocolClient.java:onNext(255)) - client-E42F58674560->3a39c983-6986-4da8-95c7-9482e2fa0f6f: receive RaftClientReply:client-E42F58674560->3a39c983-6986-4da8-95c7-9482e2fa0f6f@group-5E4216B2975C, cid=1856, SUCCESS, logIndex=2698, commits[3a39c983-6986-4da8-95c7-9482e2fa0f6f:c2698, 0f15f03e-3179-4fc8-ac54-a24fe3c72555:c2694, 11ea7e38-68de-49e0-a413-0aa394144289:c2694]
2019-07-09 08:42:16,007 INFO  client.GrpcClientProtocolClient (GrpcClientProtocolClient.java:onNext(255)) - client-E42F58674560->3a39c983-6986-4da8-95c7-9482e2fa0f6f: receive RaftClientReply:client-E42F58674560->3a39c983-6986-4da8-95c7-9482e2fa0f6f@group-5E4216B2975C, cid=1857, SUCCESS, logIndex=0, commits[3a39c983-6986-4da8-95c7-9482e2fa0f6f:c2700, 0f15f03e-3179-4fc8-ac54-a24fe3c72555:c2698, 11ea7e38-68de-49e0-a413-0aa394144289:c2698]
2019-07-09 08:42:16,021 WARN  block.BlockManagerImpl (BlockManagerImpl.java:allocateBlock(192)) - Pipeline creation failed for type:RATIS factor:THREE. Retrying get pipelines call once.
org.apache.hadoop.hdds.scm.pipeline.InsufficientDatanodesException: Cannot create pipeline of factor 3 using 2 nodes.
	at org.apache.hadoop.hdds.scm.pipeline.RatisPipelineProvider.create(RatisPipelineProvider.java:151)
	at org.apache.hadoop.hdds.scm.pipeline.PipelineFactory.create(PipelineFactory.java:57)
	at org.apache.hadoop.hdds.scm.pipeline.SCMPipelineManager.createPipeline(SCMPipelineManager.java:149)
	at org.apache.hadoop.hdds.scm.block.BlockManagerImpl.allocateBlock(BlockManagerImpl.java:190)
	at org.apache.hadoop.hdds.scm.server.SCMBlockProtocolServer.allocateBlock(SCMBlockProtocolServer.java:172)
	at org.apache.hadoop.ozone.protocolPB.ScmBlockLocationProtocolServerSideTranslatorPB.allocateScmBlock(ScmBlockLocationProtocolServerSideTranslatorPB.java:144)
	at org.apache.hadoop.ozone.protocolPB.ScmBlockLocationProtocolServerSideTranslatorPB.send(ScmBlockLocationProtocolServerSideTranslatorPB.java:107)
	at org.apache.hadoop.hdds.protocol.proto.ScmBlockLocationProtocolProtos$ScmBlockLocationProtocolService$2.callBlockingMethod(ScmBlockLocationProtocolProtos.java:11281)
	at org.apache.hadoop.ipc.ProtobufRpcEngine$Server$ProtoBufRpcInvoker.call(ProtobufRpcEngine.java:524)
	at org.apache.hadoop.ipc.RPC$Server.call(RPC.java:1025)
	at org.apache.hadoop.ipc.Server$RpcCall.run(Server.java:876)
	at org.apache.hadoop.ipc.Server$RpcCall.run(Server.java:822)
	at java.security.AccessController.doPrivileged(Native Method)
	at javax.security.auth.Subject.doAs(Subject.java:422)
	at org.apache.hadoop.security.UserGroupInformation.doAs(UserGroupInformation.java:1730)
	at org.apache.hadoop.ipc.Server$Handler.run(Server.java:2682)
2019-07-09 08:42:16,022 INFO  block.BlockManagerImpl (BlockManagerImpl.java:allocateBlock(198)) - Could not find available pipeline of type:RATIS and factor:THREE even after retrying
2019-07-09 08:42:16,022 ERROR block.BlockManagerImpl (BlockManagerImpl.java:allocateBlock(222)) - Unable to allocate a block for the size: 4194304, type: RATIS, factor: THREE
08:42:16.028 [IPC Server handler 18 on 42576] ERROR OMAudit - user=jenkins1000 | ip=127.0.0.1 | op=ALLOCATE_BLOCK {volume=vol-0-19805, bucket=bucket-0-51802, key=key-0-95834, dataSize=0, replicationType=null, replicationFactor=null, keyLocationInfo=null, clientID=102410597999247762} | ret=FAILURE
org.apache.hadoop.hdds.scm.exceptions.SCMException: Allocated 0 blocks. Requested 1 blocks
	at org.apache.hadoop.hdds.scm.protocolPB.ScmBlockLocationProtocolClientSideTranslatorPB.handleError(ScmBlockLocationProtocolClientSideTranslatorPB.java:113) ~[classes/:?]
	at org.apache.hadoop.hdds.scm.protocolPB.ScmBlockLocationProtocolClientSideTranslatorPB.allocateBlock(ScmBlockLocationProtocolClientSideTranslatorPB.java:151) ~[classes/:?]
	at sun.reflect.GeneratedMethodAccessor46.invoke(Unknown Source) ~[?:?]
	at sun.reflect.DelegatingMethodAccessorImpl.invoke(DelegatingMethodAccessorImpl.java:43) ~[?:1.8.0_212]
	at java.lang.reflect.Method.invoke(Method.java:498) ~[?:1.8.0_212]
	at org.apache.hadoop.hdds.tracing.TraceAllMethod.invoke(TraceAllMethod.java:66) ~[classes/:?]
	at com.sun.proxy.$Proxy27.allocateBlock(Unknown Source) ~[?:?]
	at org.apache.hadoop.ozone.om.KeyManagerImpl.allocateBlock(KeyManagerImpl.java:348) ~[classes/:?]
	at org.apache.hadoop.ozone.om.KeyManagerImpl.allocateBlock(KeyManagerImpl.java:316) ~[classes/:?]
	at org.apache.hadoop.ozone.om.OzoneManager.allocateBlock(OzoneManager.java:2291) [classes/:?]
	at org.apache.hadoop.ozone.protocolPB.OzoneManagerRequestHandler.allocateBlock(OzoneManagerRequestHandler.java:756) [classes/:?]
	at org.apache.hadoop.ozone.protocolPB.OzoneManagerRequestHandler.handle(OzoneManagerRequestHandler.java:249) [classes/:?]
	at org.apache.hadoop.ozone.protocolPB.OzoneManagerProtocolServerSideTranslatorPB.submitRequestDirectlyToOM(OzoneManagerProtocolServerSideTranslatorPB.java:192) [classes/:?]
	at org.apache.hadoop.ozone.protocolPB.OzoneManagerProtocolServerSideTranslatorPB.submitRequest(OzoneManagerProtocolServerSideTranslatorPB.java:110) [classes/:?]
	at org.apache.hadoop.ozone.protocol.proto.OzoneManagerProtocolProtos$OzoneManagerService$2.callBlockingMethod(OzoneManagerProtocolProtos.java) [classes/:?]
	at org.apache.hadoop.ipc.ProtobufRpcEngine$Server$ProtoBufRpcInvoker.call(ProtobufRpcEngine.java:524) [hadoop-common-3.2.0.jar:?]
	at org.apache.hadoop.ipc.RPC$Server.call(RPC.java:1025) [hadoop-common-3.2.0.jar:?]
	at org.apache.hadoop.ipc.Server$RpcCall.run(Server.java:876) [hadoop-common-3.2.0.jar:?]
	at org.apache.hadoop.ipc.Server$RpcCall.run(Server.java:822) [hadoop-common-3.2.0.jar:?]
	at java.security.AccessController.doPrivileged(Native Method) [?:1.8.0_212]
	at javax.security.auth.Subject.doAs(Subject.java:422) [?:1.8.0_212]
	at org.apache.hadoop.security.UserGroupInformation.doAs(UserGroupInformation.java:1730) [hadoop-common-3.2.0.jar:?]
	at org.apache.hadoop.ipc.Server$Handler.run(Server.java:2682) [hadoop-common-3.2.0.jar:?]
2019-07-09 08:42:16,051 ERROR io.BlockOutputStreamEntryPool (BlockOutputStreamEntryPool.java:allocateBlockIfNeeded(299)) - Try to allocate more blocks for write failed, already allocated 0 blocks for this write.
INTERNAL_ERROR org.apache.hadoop.ozone.om.exceptions.OMException: Allocated 0 blocks. Requested 1 blocks
	at org.apache.hadoop.ozone.om.protocolPB.OzoneManagerProtocolClientSideTranslatorPB.handleError(OzoneManagerProtocolClientSideTranslatorPB.java:720)
	at org.apache.hadoop.ozone.om.protocolPB.OzoneManagerProtocolClientSideTranslatorPB.allocateBlock(OzoneManagerProtocolClientSideTranslatorPB.java:752)
	at org.apache.hadoop.ozone.client.io.BlockOutputStreamEntryPool.allocateNewBlock(BlockOutputStreamEntryPool.java:248)
	at org.apache.hadoop.ozone.client.io.BlockOutputStreamEntryPool.allocateBlockIfNeeded(BlockOutputStreamEntryPool.java:296)
	at org.apache.hadoop.ozone.client.io.KeyOutputStream.handleWrite(KeyOutputStream.java:201)
	at org.apache.hadoop.ozone.client.io.KeyOutputStream.write(KeyOutputStream.java:193)
	at org.apache.hadoop.ozone.client.io.OzoneOutputStream.write(OzoneOutputStream.java:49)
	at org.apache.hadoop.ozone.freon.RandomKeyGenerator$KeyProcessor.run(RandomKeyGenerator.java:693)
	at java.util.concurrent.Executors$RunnableAdapter.call(Executors.java:511)
	at java.util.concurrent.FutureTask.run(FutureTask.java:266)
	at java.util.concurrent.ThreadPoolExecutor.runWorker(ThreadPoolExecutor.java:1149)
	at java.util.concurrent.ThreadPoolExecutor$Worker.run(ThreadPoolExecutor.java:624)
	at java.lang.Thread.run(Thread.java:748)
2019-07-09 08:42:16,052 ERROR freon.RandomKeyGenerator (RandomKeyGenerator.java:run(718)) - Exception while adding key: key-0-95834 in bucket: bucket-0-51802 of volume: vol-0-19805.
INTERNAL_ERROR org.apache.hadoop.ozone.om.exceptions.OMException: Allocated 0 blocks. Requested 1 blocks
	at org.apache.hadoop.ozone.om.protocolPB.OzoneManagerProtocolClientSideTranslatorPB.handleError(OzoneManagerProtocolClientSideTranslatorPB.java:720)
	at org.apache.hadoop.ozone.om.protocolPB.OzoneManagerProtocolClientSideTranslatorPB.allocateBlock(OzoneManagerProtocolClientSideTranslatorPB.java:752)
	at org.apache.hadoop.ozone.client.io.BlockOutputStreamEntryPool.allocateNewBlock(BlockOutputStreamEntryPool.java:248)
	at org.apache.hadoop.ozone.client.io.BlockOutputStreamEntryPool.allocateBlockIfNeeded(BlockOutputStreamEntryPool.java:296)
	at org.apache.hadoop.ozone.client.io.KeyOutputStream.handleWrite(KeyOutputStream.java:201)
	at org.apache.hadoop.ozone.client.io.KeyOutputStream.write(KeyOutputStream.java:193)
	at org.apache.hadoop.ozone.client.io.OzoneOutputStream.write(OzoneOutputStream.java:49)
	at org.apache.hadoop.ozone.freon.RandomKeyGenerator$KeyProcessor.run(RandomKeyGenerator.java:693)
	at java.util.concurrent.Executors$RunnableAdapter.call(Executors.java:511)
	at java.util.concurrent.FutureTask.run(FutureTask.java:266)
	at java.util.concurrent.ThreadPoolExecutor.runWorker(ThreadPoolExecutor.java:1149)
	at java.util.concurrent.ThreadPoolExecutor$Worker.run(ThreadPoolExecutor.java:624)
	at java.lang.Thread.run(Thread.java:748)
2019-07-09 08:42:16,489 INFO  client.GrpcClientProtocolClient (GrpcClientProtocolClient.java:onNext(255)) - client-E42F58674560->3a39c983-6986-4da8-95c7-9482e2fa0f6f: receive RaftClientReply:client-E42F58674560->3a39c983-6986-4da8-95c7-9482e2fa0f6f@group-5E4216B2975C, cid=1851, SUCCESS, logIndex=0, commits[3a39c983-6986-4da8-95c7-9482e2fa0f6f:c2700, 0f15f03e-3179-4fc8-ac54-a24fe3c72555:c2698, 11ea7e38-68de-49e0-a413-0aa394144289:c2698]
 0.00% |█                                                                                                    |  0/1 Time: 0:00:24 100.00% |█████████████████████████████████████████████████████████████████████████████████████████████████████|  1/1 Time: 0:00:25
]]></system-out>
  </testcase>
  <testcase name="multiThread" classname="org.apache.hadoop.ozone.freon.TestRandomKeyGenerator" time="5.039"/>
</testsuite>