<?xml version="1.0" encoding="UTF-8"?>
<testsuite xmlns:xsi="http://www.w3.org/2001/XMLSchema-instance" xsi:noNamespaceSchemaLocation="https://maven.apache.org/surefire/maven-surefire-plugin/xsd/surefire-test-report.xsd" name="org.apache.hadoop.ozone.freon.TestFreonWithPipelineDestroy" time="532.681" tests="1" errors="1" skipped="0" failures="0">
  <properties>
    <property name="awt.toolkit" value="sun.awt.X11.XToolkit"/>
    <property name="file.encoding.pkg" value="sun.io"/>
    <property name="java.specification.version" value="1.8"/>
    <property name="sun.cpu.isalist" value=""/>
    <property name="sun.jnu.encoding" value="UTF-8"/>
    <property name="java.class.path" value="/workdir/hadoop-ozone/tools/target/test-classes:/workdir/hadoop-ozone/tools/target/classes:/home/user/.m2/repository/org/apache/hadoop/hadoop-ozone-ozone-manager/0.5.0-SNAPSHOT/hadoop-ozone-ozone-manager-0.5.0-SNAPSHOT.jar:/home/user/.m2/repository/org/apache/hadoop/hadoop-hdds-docs/0.5.0-SNAPSHOT/hadoop-hdds-docs-0.5.0-SNAPSHOT.jar:/home/user/.m2/repository/org/bouncycastle/bcprov-jdk15on/1.60/bcprov-jdk15on-1.60.jar:/home/user/.m2/repository/org/apache/hadoop/hadoop-ozone-common/0.5.0-SNAPSHOT/hadoop-ozone-common-0.5.0-SNAPSHOT.jar:/home/user/.m2/repository/org/apache/commons/commons-compress/1.4.1/commons-compress-1.4.1.jar:/home/user/.m2/repository/org/tukaani/xz/1.0/xz-1.0.jar:/home/user/.m2/repository/org/apache/hadoop/hadoop-hdfs-client/3.2.0/hadoop-hdfs-client-3.2.0.jar:/home/user/.m2/repository/com/fasterxml/jackson/core/jackson-annotations/2.9.5/jackson-annotations-2.9.5.jar:/home/user/.m2/repository/org/apache/hadoop/hadoop-hdds-common/0.5.0-SNAPSHOT/hadoop-hdds-common-0.5.0-SNAPSHOT.jar:/home/user/.m2/repository/org/apache/hadoop/hadoop-hdds-config/0.5.0-SNAPSHOT/hadoop-hdds-config-0.5.0-SNAPSHOT.jar:/home/user/.m2/repository/javax/annotation/javax.annotation-api/1.2/javax.annotation-api-1.2.jar:/home/user/.m2/repository/org/apache/ratis/ratis-server/0.4.0-78e95b9-SNAPSHOT/ratis-server-0.4.0-78e95b9-SNAPSHOT.jar:/home/user/.m2/repository/org/apache/ratis/ratis-thirdparty-misc/0.2.0/ratis-thirdparty-misc-0.2.0.jar:/home/user/.m2/repository/org/apache/ratis/ratis-proto/0.4.0-78e95b9-SNAPSHOT/ratis-proto-0.4.0-78e95b9-SNAPSHOT.jar:/home/user/.m2/repository/org/apache/ratis/ratis-common/0.4.0-78e95b9-SNAPSHOT/ratis-common-0.4.0-78e95b9-SNAPSHOT.jar:/home/user/.m2/repository/org/apache/ratis/ratis-client/0.4.0-78e95b9-SNAPSHOT/ratis-client-0.4.0-78e95b9-SNAPSHOT.jar:/home/user/.m2/repository/org/apache/ratis/ratis-metrics/0.4.0-78e95b9-SNAPSHOT/ratis-metrics-0.4.0-78e95b9-SNAPSHOT.jar:/home/user/.m2/repository/com/github/joshelser/dropwizard-metrics-hadoop-metrics2-reporter/0.1.2/dropwizard-metrics-hadoop-metrics2-reporter-0.1.2.jar:/home/user/.m2/repository/io/dropwizard/metrics/metrics-jvm/3.2.5/metrics-jvm-3.2.5.jar:/home/user/.m2/repository/io/dropwizard/metrics/metrics-ganglia/3.2.5/metrics-ganglia-3.2.5.jar:/home/user/.m2/repository/info/ganglia/gmetric4j/gmetric4j/1.0.7/gmetric4j-1.0.7.jar:/home/user/.m2/repository/org/apache/ratis/ratis-netty/0.4.0-78e95b9-SNAPSHOT/ratis-netty-0.4.0-78e95b9-SNAPSHOT.jar:/home/user/.m2/repository/org/apache/ratis/ratis-grpc/0.4.0-78e95b9-SNAPSHOT/ratis-grpc-0.4.0-78e95b9-SNAPSHOT.jar:/home/user/.m2/repository/org/rocksdb/rocksdbjni/6.0.1/rocksdbjni-6.0.1.jar:/home/user/.m2/repository/org/apache/logging/log4j/log4j-api/2.11.0/log4j-api-2.11.0.jar:/home/user/.m2/repository/org/apache/logging/log4j/log4j-core/2.11.0/log4j-core-2.11.0.jar:/home/user/.m2/repository/com/lmax/disruptor/3.4.2/disruptor-3.4.2.jar:/home/user/.m2/repository/org/apache/commons/commons-pool2/2.6.0/commons-pool2-2.6.0.jar:/home/user/.m2/repository/org/bouncycastle/bcpkix-jdk15on/1.60/bcpkix-jdk15on-1.60.jar:/home/user/.m2/repository/commons-validator/commons-validator/1.6/commons-validator-1.6.jar:/home/user/.m2/repository/commons-digester/commons-digester/1.8.1/commons-digester-1.8.1.jar:/home/user/.m2/repository/io/jaegertracing/jaeger-client/0.33.1/jaeger-client-0.33.1.jar:/home/user/.m2/repository/io/jaegertracing/jaeger-thrift/0.33.1/jaeger-thrift-0.33.1.jar:/home/user/.m2/repository/org/apache/thrift/libthrift/0.11.0/libthrift-0.11.0.jar:/home/user/.m2/repository/com/squareup/okhttp3/okhttp/3.9.0/okhttp-3.9.0.jar:/home/user/.m2/repository/com/squareup/okio/okio/1.13.0/okio-1.13.0.jar:/home/user/.m2/repository/io/jaegertracing/jaeger-core/0.33.1/jaeger-core-0.33.1.jar:/home/user/.m2/repository/io/jaegertracing/jaeger-tracerresolver/0.33.1/jaeger-tracerresolver-0.33.1.jar:/home/user/.m2/repository/io/opentracing/contrib/opentracing-tracerresolver/0.1.5/opentracing-tracerresolver-0.1.5.jar:/home/user/.m2/repository/io/opentracing/opentracing-util/0.31.0/opentracing-util-0.31.0.jar:/home/user/.m2/repository/io/opentracing/opentracing-api/0.31.0/opentracing-api-0.31.0.jar:/home/user/.m2/repository/io/opentracing/opentracing-noop/0.31.0/opentracing-noop-0.31.0.jar:/home/user/.m2/repository/org/yaml/snakeyaml/1.16/snakeyaml-1.16.jar:/home/user/.m2/repository/org/apache/hadoop/hadoop-hdds-container-service/0.5.0-SNAPSHOT/hadoop-hdds-container-service-0.5.0-SNAPSHOT.jar:/home/user/.m2/repository/org/apache/hadoop/hadoop-hdds-client/0.5.0-SNAPSHOT/hadoop-hdds-client-0.5.0-SNAPSHOT.jar:/home/user/.m2/repository/org/apache/hadoop/hadoop-hdds-tools/0.5.0-SNAPSHOT/hadoop-hdds-tools-0.5.0-SNAPSHOT.jar:/home/user/.m2/repository/org/xerial/sqlite-jdbc/3.25.2/sqlite-jdbc-3.25.2.jar:/home/user/.m2/repository/org/apache/hadoop/hadoop-hdds-server-scm/0.5.0-SNAPSHOT/hadoop-hdds-server-scm-0.5.0-SNAPSHOT.jar:/home/user/.m2/repository/org/hamcrest/hamcrest-all/1.3/hamcrest-all-1.3.jar:/home/user/.m2/repository/info/picocli/picocli/3.9.6/picocli-3.9.6.jar:/home/user/.m2/repository/com/google/protobuf/protobuf-java/2.5.0/protobuf-java-2.5.0.jar:/home/user/.m2/repository/com/google/guava/guava/11.0.2/guava-11.0.2.jar:/home/user/.m2/repository/org/apache/hadoop/hadoop-ozone-client/0.5.0-SNAPSHOT/hadoop-ozone-client-0.5.0-SNAPSHOT.jar:/workdir/hadoop-ozone/ozonefs/target/classes:/home/user/.m2/repository/org/apache/hadoop/hadoop-hdds-server-framework/0.5.0-SNAPSHOT/hadoop-hdds-server-framework-0.5.0-SNAPSHOT.jar:/home/user/.m2/repository/org/apache/hadoop/hadoop-common/3.2.0/hadoop-common-3.2.0.jar:/home/user/.m2/repository/org/apache/hadoop/hadoop-annotations/3.2.0/hadoop-annotations-3.2.0.jar:/usr/lib/jvm/java-1.8-openjdk/jre/../lib/tools.jar:/home/user/.m2/repository/commons-cli/commons-cli/1.2/commons-cli-1.2.jar:/home/user/.m2/repository/org/apache/commons/commons-math3/3.1.1/commons-math3-3.1.1.jar:/home/user/.m2/repository/org/apache/httpcomponents/httpclient/4.5.2/httpclient-4.5.2.jar:/home/user/.m2/repository/org/apache/httpcomponents/httpcore/4.4.4/httpcore-4.4.4.jar:/home/user/.m2/repository/commons-codec/commons-codec/1.11/commons-codec-1.11.jar:/home/user/.m2/repository/commons-io/commons-io/2.5/commons-io-2.5.jar:/home/user/.m2/repository/commons-net/commons-net/3.6/commons-net-3.6.jar:/home/user/.m2/repository/commons-collections/commons-collections/3.2.2/commons-collections-3.2.2.jar:/home/user/.m2/repository/javax/servlet/javax.servlet-api/3.1.0/javax.servlet-api-3.1.0.jar:/home/user/.m2/repository/org/eclipse/jetty/jetty-server/9.3.24.v20180605/jetty-server-9.3.24.v20180605.jar:/home/user/.m2/repository/org/eclipse/jetty/jetty-http/9.3.24.v20180605/jetty-http-9.3.24.v20180605.jar:/home/user/.m2/repository/org/eclipse/jetty/jetty-io/9.3.24.v20180605/jetty-io-9.3.24.v20180605.jar:/home/user/.m2/repository/org/eclipse/jetty/jetty-util/9.3.24.v20180605/jetty-util-9.3.24.v20180605.jar:/home/user/.m2/repository/org/eclipse/jetty/jetty-servlet/9.3.24.v20180605/jetty-servlet-9.3.24.v20180605.jar:/home/user/.m2/repository/org/eclipse/jetty/jetty-security/9.3.24.v20180605/jetty-security-9.3.24.v20180605.jar:/home/user/.m2/repository/org/eclipse/jetty/jetty-webapp/9.3.24.v20180605/jetty-webapp-9.3.24.v20180605.jar:/home/user/.m2/repository/org/eclipse/jetty/jetty-xml/9.3.24.v20180605/jetty-xml-9.3.24.v20180605.jar:/home/user/.m2/repository/javax/servlet/jsp/jsp-api/2.1/jsp-api-2.1.jar:/home/user/.m2/repository/com/sun/jersey/jersey-core/1.19/jersey-core-1.19.jar:/home/user/.m2/repository/javax/ws/rs/jsr311-api/1.1.1/jsr311-api-1.1.1.jar:/home/user/.m2/repository/com/sun/jersey/jersey-servlet/1.19/jersey-servlet-1.19.jar:/home/user/.m2/repository/com/sun/jersey/jersey-json/1.19/jersey-json-1.19.jar:/home/user/.m2/repository/org/codehaus/jettison/jettison/1.1/jettison-1.1.jar:/home/user/.m2/repository/com/sun/xml/bind/jaxb-impl/2.3.0.1/jaxb-impl-2.3.0.1.jar:/home/user/.m2/repository/org/codehaus/jackson/jackson-core-asl/1.9.13/jackson-core-asl-1.9.13.jar:/home/user/.m2/repository/org/codehaus/jackson/jackson-mapper-asl/1.9.13/jackson-mapper-asl-1.9.13.jar:/home/user/.m2/repository/org/codehaus/jackson/jackson-jaxrs/1.9.13/jackson-jaxrs-1.9.13.jar:/home/user/.m2/repository/org/codehaus/jackson/jackson-xc/1.9.13/jackson-xc-1.9.13.jar:/home/user/.m2/repository/com/sun/jersey/jersey-server/1.19/jersey-server-1.19.jar:/home/user/.m2/repository/commons-logging/commons-logging/1.1.3/commons-logging-1.1.3.jar:/home/user/.m2/repository/log4j/log4j/1.2.17/log4j-1.2.17.jar:/home/user/.m2/repository/commons-beanutils/commons-beanutils/1.9.3/commons-beanutils-1.9.3.jar:/home/user/.m2/repository/org/apache/commons/commons-configuration2/2.1.1/commons-configuration2-2.1.1.jar:/home/user/.m2/repository/org/apache/commons/commons-lang3/3.7/commons-lang3-3.7.jar:/home/user/.m2/repository/org/apache/commons/commons-text/1.4/commons-text-1.4.jar:/home/user/.m2/repository/org/slf4j/slf4j-api/1.7.25/slf4j-api-1.7.25.jar:/home/user/.m2/repository/org/slf4j/slf4j-log4j12/1.7.25/slf4j-log4j12-1.7.25.jar:/home/user/.m2/repository/org/apache/avro/avro/1.7.7/avro-1.7.7.jar:/home/user/.m2/repository/com/thoughtworks/paranamer/paranamer/2.3/paranamer-2.3.jar:/home/user/.m2/repository/org/xerial/snappy/snappy-java/1.0.5/snappy-java-1.0.5.jar:/home/user/.m2/repository/com/google/re2j/re2j/1.1/re2j-1.1.jar:/home/user/.m2/repository/com/google/code/gson/gson/2.2.4/gson-2.2.4.jar:/home/user/.m2/repository/org/apache/hadoop/hadoop-auth/3.2.0/hadoop-auth-3.2.0.jar:/home/user/.m2/repository/com/nimbusds/nimbus-jose-jwt/4.41.1/nimbus-jose-jwt-4.41.1.jar:/home/user/.m2/repository/com/github/stephenc/jcip/jcip-annotations/1.0-1/jcip-annotations-1.0-1.jar:/home/user/.m2/repository/net/minidev/json-smart/2.3/json-smart-2.3.jar:/home/user/.m2/repository/net/minidev/accessors-smart/1.2/accessors-smart-1.2.jar:/home/user/.m2/repository/org/apache/curator/curator-framework/2.12.0/curator-framework-2.12.0.jar:/home/user/.m2/repository/com/jcraft/jsch/0.1.54/jsch-0.1.54.jar:/home/user/.m2/repository/org/apache/curator/curator-client/2.12.0/curator-client-2.12.0.jar:/home/user/.m2/repository/org/apache/curator/curator-recipes/2.12.0/curator-recipes-2.12.0.jar:/home/user/.m2/repository/com/google/code/findbugs/jsr305/3.0.0/jsr305-3.0.0.jar:/home/user/.m2/repository/org/apache/htrace/htrace-core4/4.1.0-incubating/htrace-core4-4.1.0-incubating.jar:/home/user/.m2/repository/org/apache/zookeeper/zookeeper/3.4.13/zookeeper-3.4.13.jar:/home/user/.m2/repository/org/apache/yetus/audience-annotations/0.5.0/audience-annotations-0.5.0.jar:/home/user/.m2/repository/org/apache/kerby/kerb-simplekdc/1.0.1/kerb-simplekdc-1.0.1.jar:/home/user/.m2/repository/org/apache/kerby/kerb-client/1.0.1/kerb-client-1.0.1.jar:/home/user/.m2/repository/org/apache/kerby/kerby-config/1.0.1/kerby-config-1.0.1.jar:/home/user/.m2/repository/org/apache/kerby/kerb-core/1.0.1/kerb-core-1.0.1.jar:/home/user/.m2/repository/org/apache/kerby/kerby-pkix/1.0.1/kerby-pkix-1.0.1.jar:/home/user/.m2/repository/org/apache/kerby/kerby-asn1/1.0.1/kerby-asn1-1.0.1.jar:/home/user/.m2/repository/org/apache/kerby/kerby-util/1.0.1/kerby-util-1.0.1.jar:/home/user/.m2/repository/org/apache/kerby/kerb-common/1.0.1/kerb-common-1.0.1.jar:/home/user/.m2/repository/org/apache/kerby/kerb-crypto/1.0.1/kerb-crypto-1.0.1.jar:/home/user/.m2/repository/org/apache/kerby/kerb-util/1.0.1/kerb-util-1.0.1.jar:/home/user/.m2/repository/org/apache/kerby/token-provider/1.0.1/token-provider-1.0.1.jar:/home/user/.m2/repository/org/apache/kerby/kerb-admin/1.0.1/kerb-admin-1.0.1.jar:/home/user/.m2/repository/org/apache/kerby/kerb-server/1.0.1/kerb-server-1.0.1.jar:/home/user/.m2/repository/org/apache/kerby/kerb-identity/1.0.1/kerb-identity-1.0.1.jar:/home/user/.m2/repository/org/apache/kerby/kerby-xdr/1.0.1/kerby-xdr-1.0.1.jar:/home/user/.m2/repository/com/fasterxml/jackson/core/jackson-databind/2.9.5/jackson-databind-2.9.5.jar:/home/user/.m2/repository/com/fasterxml/jackson/core/jackson-core/2.9.5/jackson-core-2.9.5.jar:/home/user/.m2/repository/org/codehaus/woodstox/stax2-api/3.1.4/stax2-api-3.1.4.jar:/home/user/.m2/repository/com/fasterxml/woodstox/woodstox-core/5.0.3/woodstox-core-5.0.3.jar:/home/user/.m2/repository/dnsjava/dnsjava/2.1.7/dnsjava-2.1.7.jar:/home/user/.m2/repository/org/apache/hadoop/hadoop-hdfs/3.2.0/hadoop-hdfs-3.2.0.jar:/home/user/.m2/repository/org/eclipse/jetty/jetty-util-ajax/9.3.24.v20180605/jetty-util-ajax-9.3.24.v20180605.jar:/home/user/.m2/repository/commons-daemon/commons-daemon/1.0.13/commons-daemon-1.0.13.jar:/home/user/.m2/repository/io/netty/netty/3.10.5.Final/netty-3.10.5.Final.jar:/home/user/.m2/repository/io/netty/netty-all/4.0.52.Final/netty-all-4.0.52.Final.jar:/home/user/.m2/repository/org/fusesource/leveldbjni/leveldbjni-all/1.8/leveldbjni-all-1.8.jar:/home/user/.m2/repository/com/sun/xml/bind/jaxb-core/2.3.0.1/jaxb-core-2.3.0.1.jar:/home/user/.m2/repository/javax/xml/bind/jaxb-api/2.3.0/jaxb-api-2.3.0.jar:/home/user/.m2/repository/javax/activation/activation/1.1.1/activation-1.1.1.jar:/home/user/.m2/repository/io/dropwizard/metrics/metrics-core/3.2.4/metrics-core-3.2.4.jar:/home/user/.m2/repository/org/openjdk/jmh/jmh-core/1.19/jmh-core-1.19.jar:/home/user/.m2/repository/net/sf/jopt-simple/jopt-simple/4.6/jopt-simple-4.6.jar:/home/user/.m2/repository/org/openjdk/jmh/jmh-generator-annprocess/1.19/jmh-generator-annprocess-1.19.jar:/home/user/.m2/repository/com/google/code/findbugs/findbugs/3.0.1/findbugs-3.0.1.jar:/home/user/.m2/repository/net/jcip/jcip-annotations/1.0/jcip-annotations-1.0.jar:/home/user/.m2/repository/com/google/code/findbugs/bcel-findbugs/6.0/bcel-findbugs-6.0.jar:/home/user/.m2/repository/com/google/code/findbugs/jFormatString/2.0.1/jFormatString-2.0.1.jar:/home/user/.m2/repository/dom4j/dom4j/1.6.1/dom4j-1.6.1.jar:/home/user/.m2/repository/xml-apis/xml-apis/1.0.b2/xml-apis-1.0.b2.jar:/home/user/.m2/repository/org/ow2/asm/asm-debug-all/5.0.2/asm-debug-all-5.0.2.jar:/home/user/.m2/repository/org/ow2/asm/asm-commons/5.0.2/asm-commons-5.0.2.jar:/home/user/.m2/repository/org/ow2/asm/asm-tree/5.0.2/asm-tree-5.0.2.jar:/home/user/.m2/repository/org/ow2/asm/asm/5.0.4/asm-5.0.4.jar:/home/user/.m2/repository/commons-lang/commons-lang/2.6/commons-lang-2.6.jar:/home/user/.m2/repository/com/apple/AppleJavaExtensions/1.4/AppleJavaExtensions-1.4.jar:/home/user/.m2/repository/jaxen/jaxen/1.1.6/jaxen-1.1.6.jar:/home/user/.m2/repository/junit/junit/4.11/junit-4.11.jar:/home/user/.m2/repository/org/hamcrest/hamcrest-core/1.3/hamcrest-core-1.3.jar:/home/user/.m2/repository/org/apache/hadoop/hadoop-common/3.2.0/hadoop-common-3.2.0-tests.jar:/workdir/hadoop-ozone/integration-test/target/test-classes:/home/user/.m2/repository/org/apache/hadoop/hadoop-ozone-s3gateway/0.5.0-SNAPSHOT/hadoop-ozone-s3gateway-0.5.0-SNAPSHOT.jar:/home/user/.m2/repository/org/jboss/weld/servlet/weld-servlet/2.4.7.Final/weld-servlet-2.4.7.Final.jar:/home/user/.m2/repository/org/glassfish/jersey/containers/jersey-container-servlet-core/2.27/jersey-container-servlet-core-2.27.jar:/home/user/.m2/repository/org/glassfish/hk2/external/javax.inject/2.5.0-b42/javax.inject-2.5.0-b42.jar:/home/user/.m2/repository/org/glassfish/jersey/core/jersey-common/2.27/jersey-common-2.27.jar:/home/user/.m2/repository/org/glassfish/hk2/osgi-resource-locator/1.0.1/osgi-resource-locator-1.0.1.jar:/home/user/.m2/repository/javax/ws/rs/javax.ws.rs-api/2.1/javax.ws.rs-api-2.1.jar:/home/user/.m2/repository/org/glassfish/jersey/ext/cdi/jersey-cdi1x/2.27/jersey-cdi1x-2.27.jar:/home/user/.m2/repository/org/glassfish/jersey/inject/jersey-hk2/2.27/jersey-hk2-2.27.jar:/home/user/.m2/repository/org/glassfish/hk2/hk2-locator/2.5.0-b42/hk2-locator-2.5.0-b42.jar:/home/user/.m2/repository/org/javassist/javassist/3.22.0-CR2/javassist-3.22.0-CR2.jar:/home/user/.m2/repository/org/glassfish/hk2/hk2-api/2.5.0/hk2-api-2.5.0.jar:/home/user/.m2/repository/org/glassfish/hk2/external/jakarta.inject/2.5.0/jakarta.inject-2.5.0.jar:/home/user/.m2/repository/org/glassfish/hk2/hk2-utils/2.5.0/hk2-utils-2.5.0.jar:/home/user/.m2/repository/jakarta/annotation/jakarta.annotation-api/1.3.4/jakarta.annotation-api-1.3.4.jar:/home/user/.m2/repository/org/glassfish/hk2/external/aopalliance-repackaged/2.5.0/aopalliance-repackaged-2.5.0.jar:/home/user/.m2/repository/com/fasterxml/jackson/dataformat/jackson-dataformat-xml/2.9.0/jackson-dataformat-xml-2.9.0.jar:/home/user/.m2/repository/com/fasterxml/jackson/module/jackson-module-jaxb-annotations/2.9.5/jackson-module-jaxb-annotations-2.9.5.jar:/home/user/.m2/repository/javax/enterprise/cdi-api/1.2/cdi-api-1.2.jar:/home/user/.m2/repository/javax/el/javax.el-api/3.0.0/javax.el-api-3.0.0.jar:/home/user/.m2/repository/javax/interceptor/javax.interceptor-api/1.2/javax.interceptor-api-1.2.jar:/home/user/.m2/repository/javax/inject/javax.inject/1/javax.inject-1.jar:/home/user/.m2/repository/org/apache/hadoop/hadoop-ozone-csi/0.5.0-SNAPSHOT/hadoop-ozone-csi-0.5.0-SNAPSHOT.jar:/home/user/.m2/repository/com/google/protobuf/protobuf-java-util/3.5.1/protobuf-java-util-3.5.1.jar:/home/user/.m2/repository/io/grpc/grpc-netty/1.17.1/grpc-netty-1.17.1.jar:/home/user/.m2/repository/io/grpc/grpc-core/1.17.1/grpc-core-1.17.1.jar:/home/user/.m2/repository/io/grpc/grpc-context/1.17.1/grpc-context-1.17.1.jar:/home/user/.m2/repository/com/google/errorprone/error_prone_annotations/2.2.0/error_prone_annotations-2.2.0.jar:/home/user/.m2/repository/org/codehaus/mojo/animal-sniffer-annotations/1.17/animal-sniffer-annotations-1.17.jar:/home/user/.m2/repository/io/opencensus/opencensus-api/0.17.0/opencensus-api-0.17.0.jar:/home/user/.m2/repository/io/opencensus/opencensus-contrib-grpc-metrics/0.17.0/opencensus-contrib-grpc-metrics-0.17.0.jar:/home/user/.m2/repository/io/netty/netty-codec-http2/4.1.30.Final/netty-codec-http2-4.1.30.Final.jar:/home/user/.m2/repository/io/netty/netty-codec-http/4.1.30.Final/netty-codec-http-4.1.30.Final.jar:/home/user/.m2/repository/io/netty/netty-codec/4.1.30.Final/netty-codec-4.1.30.Final.jar:/home/user/.m2/repository/io/netty/netty-handler/4.1.30.Final/netty-handler-4.1.30.Final.jar:/home/user/.m2/repository/io/netty/netty-handler-proxy/4.1.30.Final/netty-handler-proxy-4.1.30.Final.jar:/home/user/.m2/repository/io/netty/netty-codec-socks/4.1.30.Final/netty-codec-socks-4.1.30.Final.jar:/home/user/.m2/repository/io/netty/netty-transport-native-epoll/4.1.30.Final/netty-transport-native-epoll-4.1.30.Final.jar:/home/user/.m2/repository/io/netty/netty-common/4.1.30.Final/netty-common-4.1.30.Final.jar:/home/user/.m2/repository/io/netty/netty-buffer/4.1.30.Final/netty-buffer-4.1.30.Final.jar:/home/user/.m2/repository/io/netty/netty-transport/4.1.30.Final/netty-transport-4.1.30.Final.jar:/home/user/.m2/repository/io/netty/netty-resolver/4.1.30.Final/netty-resolver-4.1.30.Final.jar:/home/user/.m2/repository/io/netty/netty-transport-native-unix-common/4.1.30.Final/netty-transport-native-unix-common-4.1.30.Final.jar:/home/user/.m2/repository/io/grpc/grpc-protobuf/1.17.1/grpc-protobuf-1.17.1.jar:/home/user/.m2/repository/com/google/api/grpc/proto-google-common-protos/1.0.0/proto-google-common-protos-1.0.0.jar:/home/user/.m2/repository/io/grpc/grpc-protobuf-lite/1.17.1/grpc-protobuf-lite-1.17.1.jar:/home/user/.m2/repository/io/grpc/grpc-stub/1.17.1/grpc-stub-1.17.1.jar:/home/user/.m2/repository/org/apache/hadoop/hadoop-ozone-recon/0.5.0-SNAPSHOT/hadoop-ozone-recon-0.5.0-SNAPSHOT.jar:/home/user/.m2/repository/org/apache/hadoop/hadoop-ozone-reconcodegen/0.5.0-SNAPSHOT/hadoop-ozone-reconcodegen-0.5.0-SNAPSHOT.jar:/home/user/.m2/repository/com/google/inject/extensions/guice-multibindings/4.0/guice-multibindings-4.0.jar:/home/user/.m2/repository/com/google/inject/guice/4.0/guice-4.0.jar:/home/user/.m2/repository/aopalliance/aopalliance/1.0/aopalliance-1.0.jar:/home/user/.m2/repository/com/google/inject/extensions/guice-servlet/4.0/guice-servlet-4.0.jar:/home/user/.m2/repository/org/glassfish/jersey/containers/jersey-container-servlet/2.27/jersey-container-servlet-2.27.jar:/home/user/.m2/repository/org/glassfish/hk2/guice-bridge/2.5.0/guice-bridge-2.5.0.jar:/home/user/.m2/repository/org/glassfish/jersey/core/jersey-server/2.27/jersey-server-2.27.jar:/home/user/.m2/repository/org/glassfish/jersey/core/jersey-client/2.27/jersey-client-2.27.jar:/home/user/.m2/repository/org/glassfish/jersey/media/jersey-media-jaxb/2.27/jersey-media-jaxb-2.27.jar:/home/user/.m2/repository/javax/validation/validation-api/1.1.0.Final/validation-api-1.1.0.Final.jar:/home/user/.m2/repository/org/glassfish/jersey/media/jersey-media-json-jackson/2.27/jersey-media-json-jackson-2.27.jar:/home/user/.m2/repository/org/glassfish/jersey/ext/jersey-entity-filtering/2.27/jersey-entity-filtering-2.27.jar:/home/user/.m2/repository/com/google/inject/extensions/guice-assistedinject/4.0/guice-assistedinject-4.0.jar:/home/user/.m2/repository/org/jooq/jooq/3.11.10/jooq-3.11.10.jar:/home/user/.m2/repository/org/jooq/jooq-meta/3.11.10/jooq-meta-3.11.10.jar:/home/user/.m2/repository/org/jooq/jooq-codegen/3.11.10/jooq-codegen-3.11.10.jar:/home/user/.m2/repository/com/jolbox/bonecp/0.8.0.RELEASE/bonecp-0.8.0.RELEASE.jar:/home/user/.m2/repository/org/springframework/spring-jdbc/5.1.3.RELEASE/spring-jdbc-5.1.3.RELEASE.jar:/home/user/.m2/repository/org/springframework/spring-beans/5.1.3.RELEASE/spring-beans-5.1.3.RELEASE.jar:/home/user/.m2/repository/org/springframework/spring-core/5.1.3.RELEASE/spring-core-5.1.3.RELEASE.jar:/home/user/.m2/repository/org/springframework/spring-jcl/5.1.3.RELEASE/spring-jcl-5.1.3.RELEASE.jar:/home/user/.m2/repository/org/springframework/spring-tx/5.1.3.RELEASE/spring-tx-5.1.3.RELEASE.jar:/home/user/.m2/repository/org/mockito/mockito-core/2.15.0/mockito-core-2.15.0.jar:/home/user/.m2/repository/net/bytebuddy/byte-buddy/1.7.9/byte-buddy-1.7.9.jar:/home/user/.m2/repository/net/bytebuddy/byte-buddy-agent/1.7.9/byte-buddy-agent-1.7.9.jar:/home/user/.m2/repository/org/objenesis/objenesis/1.0/objenesis-1.0.jar:"/>
    <property name="java.vm.vendor" value="IcedTea"/>
    <property name="sun.arch.data.model" value="64"/>
    <property name="test.build.dir" value="/workdir/hadoop-ozone/tools/target/test-dir"/>
    <property name="test.cache.data" value=""/>
    <property name="java.vendor.url" value="https://icedtea.classpath.org"/>
    <property name="user.timezone" value=""/>
    <property name="java.vm.specification.version" value="1.8"/>
    <property name="os.name" value="Linux"/>
    <property name="test.build.data" value="/workdir/hadoop-ozone/tools/target/test-dir"/>
    <property name="user.country" value="US"/>
    <property name="sun.java.launcher" value="SUN_STANDARD"/>
    <property name="sun.boot.library.path" value="/usr/lib/jvm/java-1.8-openjdk/jre/lib/amd64"/>
    <property name="sun.java.command" value="/workdir/hadoop-ozone/tools/target/surefire/surefirebooter7110644055151386864.jar /workdir/hadoop-ozone/tools/target/surefire 2019-09-10T17-48-29_654-jvmRun1 surefire1408634466837994461tmp surefire_1062121604575444756649tmp"/>
    <property name="test" value="!TestMiniChaosOzoneCluster"/>
    <property name="surefire.test.class.path" value="/workdir/hadoop-ozone/tools/target/test-classes:/workdir/hadoop-ozone/tools/target/classes:/home/user/.m2/repository/org/apache/hadoop/hadoop-ozone-ozone-manager/0.5.0-SNAPSHOT/hadoop-ozone-ozone-manager-0.5.0-SNAPSHOT.jar:/home/user/.m2/repository/org/apache/hadoop/hadoop-hdds-docs/0.5.0-SNAPSHOT/hadoop-hdds-docs-0.5.0-SNAPSHOT.jar:/home/user/.m2/repository/org/bouncycastle/bcprov-jdk15on/1.60/bcprov-jdk15on-1.60.jar:/home/user/.m2/repository/org/apache/hadoop/hadoop-ozone-common/0.5.0-SNAPSHOT/hadoop-ozone-common-0.5.0-SNAPSHOT.jar:/home/user/.m2/repository/org/apache/commons/commons-compress/1.4.1/commons-compress-1.4.1.jar:/home/user/.m2/repository/org/tukaani/xz/1.0/xz-1.0.jar:/home/user/.m2/repository/org/apache/hadoop/hadoop-hdfs-client/3.2.0/hadoop-hdfs-client-3.2.0.jar:/home/user/.m2/repository/com/fasterxml/jackson/core/jackson-annotations/2.9.5/jackson-annotations-2.9.5.jar:/home/user/.m2/repository/org/apache/hadoop/hadoop-hdds-common/0.5.0-SNAPSHOT/hadoop-hdds-common-0.5.0-SNAPSHOT.jar:/home/user/.m2/repository/org/apache/hadoop/hadoop-hdds-config/0.5.0-SNAPSHOT/hadoop-hdds-config-0.5.0-SNAPSHOT.jar:/home/user/.m2/repository/javax/annotation/javax.annotation-api/1.2/javax.annotation-api-1.2.jar:/home/user/.m2/repository/org/apache/ratis/ratis-server/0.4.0-78e95b9-SNAPSHOT/ratis-server-0.4.0-78e95b9-SNAPSHOT.jar:/home/user/.m2/repository/org/apache/ratis/ratis-thirdparty-misc/0.2.0/ratis-thirdparty-misc-0.2.0.jar:/home/user/.m2/repository/org/apache/ratis/ratis-proto/0.4.0-78e95b9-SNAPSHOT/ratis-proto-0.4.0-78e95b9-SNAPSHOT.jar:/home/user/.m2/repository/org/apache/ratis/ratis-common/0.4.0-78e95b9-SNAPSHOT/ratis-common-0.4.0-78e95b9-SNAPSHOT.jar:/home/user/.m2/repository/org/apache/ratis/ratis-client/0.4.0-78e95b9-SNAPSHOT/ratis-client-0.4.0-78e95b9-SNAPSHOT.jar:/home/user/.m2/repository/org/apache/ratis/ratis-metrics/0.4.0-78e95b9-SNAPSHOT/ratis-metrics-0.4.0-78e95b9-SNAPSHOT.jar:/home/user/.m2/repository/com/github/joshelser/dropwizard-metrics-hadoop-metrics2-reporter/0.1.2/dropwizard-metrics-hadoop-metrics2-reporter-0.1.2.jar:/home/user/.m2/repository/io/dropwizard/metrics/metrics-jvm/3.2.5/metrics-jvm-3.2.5.jar:/home/user/.m2/repository/io/dropwizard/metrics/metrics-ganglia/3.2.5/metrics-ganglia-3.2.5.jar:/home/user/.m2/repository/info/ganglia/gmetric4j/gmetric4j/1.0.7/gmetric4j-1.0.7.jar:/home/user/.m2/repository/org/apache/ratis/ratis-netty/0.4.0-78e95b9-SNAPSHOT/ratis-netty-0.4.0-78e95b9-SNAPSHOT.jar:/home/user/.m2/repository/org/apache/ratis/ratis-grpc/0.4.0-78e95b9-SNAPSHOT/ratis-grpc-0.4.0-78e95b9-SNAPSHOT.jar:/home/user/.m2/repository/org/rocksdb/rocksdbjni/6.0.1/rocksdbjni-6.0.1.jar:/home/user/.m2/repository/org/apache/logging/log4j/log4j-api/2.11.0/log4j-api-2.11.0.jar:/home/user/.m2/repository/org/apache/logging/log4j/log4j-core/2.11.0/log4j-core-2.11.0.jar:/home/user/.m2/repository/com/lmax/disruptor/3.4.2/disruptor-3.4.2.jar:/home/user/.m2/repository/org/apache/commons/commons-pool2/2.6.0/commons-pool2-2.6.0.jar:/home/user/.m2/repository/org/bouncycastle/bcpkix-jdk15on/1.60/bcpkix-jdk15on-1.60.jar:/home/user/.m2/repository/commons-validator/commons-validator/1.6/commons-validator-1.6.jar:/home/user/.m2/repository/commons-digester/commons-digester/1.8.1/commons-digester-1.8.1.jar:/home/user/.m2/repository/io/jaegertracing/jaeger-client/0.33.1/jaeger-client-0.33.1.jar:/home/user/.m2/repository/io/jaegertracing/jaeger-thrift/0.33.1/jaeger-thrift-0.33.1.jar:/home/user/.m2/repository/org/apache/thrift/libthrift/0.11.0/libthrift-0.11.0.jar:/home/user/.m2/repository/com/squareup/okhttp3/okhttp/3.9.0/okhttp-3.9.0.jar:/home/user/.m2/repository/com/squareup/okio/okio/1.13.0/okio-1.13.0.jar:/home/user/.m2/repository/io/jaegertracing/jaeger-core/0.33.1/jaeger-core-0.33.1.jar:/home/user/.m2/repository/io/jaegertracing/jaeger-tracerresolver/0.33.1/jaeger-tracerresolver-0.33.1.jar:/home/user/.m2/repository/io/opentracing/contrib/opentracing-tracerresolver/0.1.5/opentracing-tracerresolver-0.1.5.jar:/home/user/.m2/repository/io/opentracing/opentracing-util/0.31.0/opentracing-util-0.31.0.jar:/home/user/.m2/repository/io/opentracing/opentracing-api/0.31.0/opentracing-api-0.31.0.jar:/home/user/.m2/repository/io/opentracing/opentracing-noop/0.31.0/opentracing-noop-0.31.0.jar:/home/user/.m2/repository/org/yaml/snakeyaml/1.16/snakeyaml-1.16.jar:/home/user/.m2/repository/org/apache/hadoop/hadoop-hdds-container-service/0.5.0-SNAPSHOT/hadoop-hdds-container-service-0.5.0-SNAPSHOT.jar:/home/user/.m2/repository/org/apache/hadoop/hadoop-hdds-client/0.5.0-SNAPSHOT/hadoop-hdds-client-0.5.0-SNAPSHOT.jar:/home/user/.m2/repository/org/apache/hadoop/hadoop-hdds-tools/0.5.0-SNAPSHOT/hadoop-hdds-tools-0.5.0-SNAPSHOT.jar:/home/user/.m2/repository/org/xerial/sqlite-jdbc/3.25.2/sqlite-jdbc-3.25.2.jar:/home/user/.m2/repository/org/apache/hadoop/hadoop-hdds-server-scm/0.5.0-SNAPSHOT/hadoop-hdds-server-scm-0.5.0-SNAPSHOT.jar:/home/user/.m2/repository/org/hamcrest/hamcrest-all/1.3/hamcrest-all-1.3.jar:/home/user/.m2/repository/info/picocli/picocli/3.9.6/picocli-3.9.6.jar:/home/user/.m2/repository/com/google/protobuf/protobuf-java/2.5.0/protobuf-java-2.5.0.jar:/home/user/.m2/repository/com/google/guava/guava/11.0.2/guava-11.0.2.jar:/home/user/.m2/repository/org/apache/hadoop/hadoop-ozone-client/0.5.0-SNAPSHOT/hadoop-ozone-client-0.5.0-SNAPSHOT.jar:/workdir/hadoop-ozone/ozonefs/target/classes:/home/user/.m2/repository/org/apache/hadoop/hadoop-hdds-server-framework/0.5.0-SNAPSHOT/hadoop-hdds-server-framework-0.5.0-SNAPSHOT.jar:/home/user/.m2/repository/org/apache/hadoop/hadoop-common/3.2.0/hadoop-common-3.2.0.jar:/home/user/.m2/repository/org/apache/hadoop/hadoop-annotations/3.2.0/hadoop-annotations-3.2.0.jar:/usr/lib/jvm/java-1.8-openjdk/jre/../lib/tools.jar:/home/user/.m2/repository/commons-cli/commons-cli/1.2/commons-cli-1.2.jar:/home/user/.m2/repository/org/apache/commons/commons-math3/3.1.1/commons-math3-3.1.1.jar:/home/user/.m2/repository/org/apache/httpcomponents/httpclient/4.5.2/httpclient-4.5.2.jar:/home/user/.m2/repository/org/apache/httpcomponents/httpcore/4.4.4/httpcore-4.4.4.jar:/home/user/.m2/repository/commons-codec/commons-codec/1.11/commons-codec-1.11.jar:/home/user/.m2/repository/commons-io/commons-io/2.5/commons-io-2.5.jar:/home/user/.m2/repository/commons-net/commons-net/3.6/commons-net-3.6.jar:/home/user/.m2/repository/commons-collections/commons-collections/3.2.2/commons-collections-3.2.2.jar:/home/user/.m2/repository/javax/servlet/javax.servlet-api/3.1.0/javax.servlet-api-3.1.0.jar:/home/user/.m2/repository/org/eclipse/jetty/jetty-server/9.3.24.v20180605/jetty-server-9.3.24.v20180605.jar:/home/user/.m2/repository/org/eclipse/jetty/jetty-http/9.3.24.v20180605/jetty-http-9.3.24.v20180605.jar:/home/user/.m2/repository/org/eclipse/jetty/jetty-io/9.3.24.v20180605/jetty-io-9.3.24.v20180605.jar:/home/user/.m2/repository/org/eclipse/jetty/jetty-util/9.3.24.v20180605/jetty-util-9.3.24.v20180605.jar:/home/user/.m2/repository/org/eclipse/jetty/jetty-servlet/9.3.24.v20180605/jetty-servlet-9.3.24.v20180605.jar:/home/user/.m2/repository/org/eclipse/jetty/jetty-security/9.3.24.v20180605/jetty-security-9.3.24.v20180605.jar:/home/user/.m2/repository/org/eclipse/jetty/jetty-webapp/9.3.24.v20180605/jetty-webapp-9.3.24.v20180605.jar:/home/user/.m2/repository/org/eclipse/jetty/jetty-xml/9.3.24.v20180605/jetty-xml-9.3.24.v20180605.jar:/home/user/.m2/repository/javax/servlet/jsp/jsp-api/2.1/jsp-api-2.1.jar:/home/user/.m2/repository/com/sun/jersey/jersey-core/1.19/jersey-core-1.19.jar:/home/user/.m2/repository/javax/ws/rs/jsr311-api/1.1.1/jsr311-api-1.1.1.jar:/home/user/.m2/repository/com/sun/jersey/jersey-servlet/1.19/jersey-servlet-1.19.jar:/home/user/.m2/repository/com/sun/jersey/jersey-json/1.19/jersey-json-1.19.jar:/home/user/.m2/repository/org/codehaus/jettison/jettison/1.1/jettison-1.1.jar:/home/user/.m2/repository/com/sun/xml/bind/jaxb-impl/2.3.0.1/jaxb-impl-2.3.0.1.jar:/home/user/.m2/repository/org/codehaus/jackson/jackson-core-asl/1.9.13/jackson-core-asl-1.9.13.jar:/home/user/.m2/repository/org/codehaus/jackson/jackson-mapper-asl/1.9.13/jackson-mapper-asl-1.9.13.jar:/home/user/.m2/repository/org/codehaus/jackson/jackson-jaxrs/1.9.13/jackson-jaxrs-1.9.13.jar:/home/user/.m2/repository/org/codehaus/jackson/jackson-xc/1.9.13/jackson-xc-1.9.13.jar:/home/user/.m2/repository/com/sun/jersey/jersey-server/1.19/jersey-server-1.19.jar:/home/user/.m2/repository/commons-logging/commons-logging/1.1.3/commons-logging-1.1.3.jar:/home/user/.m2/repository/log4j/log4j/1.2.17/log4j-1.2.17.jar:/home/user/.m2/repository/commons-beanutils/commons-beanutils/1.9.3/commons-beanutils-1.9.3.jar:/home/user/.m2/repository/org/apache/commons/commons-configuration2/2.1.1/commons-configuration2-2.1.1.jar:/home/user/.m2/repository/org/apache/commons/commons-lang3/3.7/commons-lang3-3.7.jar:/home/user/.m2/repository/org/apache/commons/commons-text/1.4/commons-text-1.4.jar:/home/user/.m2/repository/org/slf4j/slf4j-api/1.7.25/slf4j-api-1.7.25.jar:/home/user/.m2/repository/org/slf4j/slf4j-log4j12/1.7.25/slf4j-log4j12-1.7.25.jar:/home/user/.m2/repository/org/apache/avro/avro/1.7.7/avro-1.7.7.jar:/home/user/.m2/repository/com/thoughtworks/paranamer/paranamer/2.3/paranamer-2.3.jar:/home/user/.m2/repository/org/xerial/snappy/snappy-java/1.0.5/snappy-java-1.0.5.jar:/home/user/.m2/repository/com/google/re2j/re2j/1.1/re2j-1.1.jar:/home/user/.m2/repository/com/google/code/gson/gson/2.2.4/gson-2.2.4.jar:/home/user/.m2/repository/org/apache/hadoop/hadoop-auth/3.2.0/hadoop-auth-3.2.0.jar:/home/user/.m2/repository/com/nimbusds/nimbus-jose-jwt/4.41.1/nimbus-jose-jwt-4.41.1.jar:/home/user/.m2/repository/com/github/stephenc/jcip/jcip-annotations/1.0-1/jcip-annotations-1.0-1.jar:/home/user/.m2/repository/net/minidev/json-smart/2.3/json-smart-2.3.jar:/home/user/.m2/repository/net/minidev/accessors-smart/1.2/accessors-smart-1.2.jar:/home/user/.m2/repository/org/apache/curator/curator-framework/2.12.0/curator-framework-2.12.0.jar:/home/user/.m2/repository/com/jcraft/jsch/0.1.54/jsch-0.1.54.jar:/home/user/.m2/repository/org/apache/curator/curator-client/2.12.0/curator-client-2.12.0.jar:/home/user/.m2/repository/org/apache/curator/curator-recipes/2.12.0/curator-recipes-2.12.0.jar:/home/user/.m2/repository/com/google/code/findbugs/jsr305/3.0.0/jsr305-3.0.0.jar:/home/user/.m2/repository/org/apache/htrace/htrace-core4/4.1.0-incubating/htrace-core4-4.1.0-incubating.jar:/home/user/.m2/repository/org/apache/zookeeper/zookeeper/3.4.13/zookeeper-3.4.13.jar:/home/user/.m2/repository/org/apache/yetus/audience-annotations/0.5.0/audience-annotations-0.5.0.jar:/home/user/.m2/repository/org/apache/kerby/kerb-simplekdc/1.0.1/kerb-simplekdc-1.0.1.jar:/home/user/.m2/repository/org/apache/kerby/kerb-client/1.0.1/kerb-client-1.0.1.jar:/home/user/.m2/repository/org/apache/kerby/kerby-config/1.0.1/kerby-config-1.0.1.jar:/home/user/.m2/repository/org/apache/kerby/kerb-core/1.0.1/kerb-core-1.0.1.jar:/home/user/.m2/repository/org/apache/kerby/kerby-pkix/1.0.1/kerby-pkix-1.0.1.jar:/home/user/.m2/repository/org/apache/kerby/kerby-asn1/1.0.1/kerby-asn1-1.0.1.jar:/home/user/.m2/repository/org/apache/kerby/kerby-util/1.0.1/kerby-util-1.0.1.jar:/home/user/.m2/repository/org/apache/kerby/kerb-common/1.0.1/kerb-common-1.0.1.jar:/home/user/.m2/repository/org/apache/kerby/kerb-crypto/1.0.1/kerb-crypto-1.0.1.jar:/home/user/.m2/repository/org/apache/kerby/kerb-util/1.0.1/kerb-util-1.0.1.jar:/home/user/.m2/repository/org/apache/kerby/token-provider/1.0.1/token-provider-1.0.1.jar:/home/user/.m2/repository/org/apache/kerby/kerb-admin/1.0.1/kerb-admin-1.0.1.jar:/home/user/.m2/repository/org/apache/kerby/kerb-server/1.0.1/kerb-server-1.0.1.jar:/home/user/.m2/repository/org/apache/kerby/kerb-identity/1.0.1/kerb-identity-1.0.1.jar:/home/user/.m2/repository/org/apache/kerby/kerby-xdr/1.0.1/kerby-xdr-1.0.1.jar:/home/user/.m2/repository/com/fasterxml/jackson/core/jackson-databind/2.9.5/jackson-databind-2.9.5.jar:/home/user/.m2/repository/com/fasterxml/jackson/core/jackson-core/2.9.5/jackson-core-2.9.5.jar:/home/user/.m2/repository/org/codehaus/woodstox/stax2-api/3.1.4/stax2-api-3.1.4.jar:/home/user/.m2/repository/com/fasterxml/woodstox/woodstox-core/5.0.3/woodstox-core-5.0.3.jar:/home/user/.m2/repository/dnsjava/dnsjava/2.1.7/dnsjava-2.1.7.jar:/home/user/.m2/repository/org/apache/hadoop/hadoop-hdfs/3.2.0/hadoop-hdfs-3.2.0.jar:/home/user/.m2/repository/org/eclipse/jetty/jetty-util-ajax/9.3.24.v20180605/jetty-util-ajax-9.3.24.v20180605.jar:/home/user/.m2/repository/commons-daemon/commons-daemon/1.0.13/commons-daemon-1.0.13.jar:/home/user/.m2/repository/io/netty/netty/3.10.5.Final/netty-3.10.5.Final.jar:/home/user/.m2/repository/io/netty/netty-all/4.0.52.Final/netty-all-4.0.52.Final.jar:/home/user/.m2/repository/org/fusesource/leveldbjni/leveldbjni-all/1.8/leveldbjni-all-1.8.jar:/home/user/.m2/repository/com/sun/xml/bind/jaxb-core/2.3.0.1/jaxb-core-2.3.0.1.jar:/home/user/.m2/repository/javax/xml/bind/jaxb-api/2.3.0/jaxb-api-2.3.0.jar:/home/user/.m2/repository/javax/activation/activation/1.1.1/activation-1.1.1.jar:/home/user/.m2/repository/io/dropwizard/metrics/metrics-core/3.2.4/metrics-core-3.2.4.jar:/home/user/.m2/repository/org/openjdk/jmh/jmh-core/1.19/jmh-core-1.19.jar:/home/user/.m2/repository/net/sf/jopt-simple/jopt-simple/4.6/jopt-simple-4.6.jar:/home/user/.m2/repository/org/openjdk/jmh/jmh-generator-annprocess/1.19/jmh-generator-annprocess-1.19.jar:/home/user/.m2/repository/com/google/code/findbugs/findbugs/3.0.1/findbugs-3.0.1.jar:/home/user/.m2/repository/net/jcip/jcip-annotations/1.0/jcip-annotations-1.0.jar:/home/user/.m2/repository/com/google/code/findbugs/bcel-findbugs/6.0/bcel-findbugs-6.0.jar:/home/user/.m2/repository/com/google/code/findbugs/jFormatString/2.0.1/jFormatString-2.0.1.jar:/home/user/.m2/repository/dom4j/dom4j/1.6.1/dom4j-1.6.1.jar:/home/user/.m2/repository/xml-apis/xml-apis/1.0.b2/xml-apis-1.0.b2.jar:/home/user/.m2/repository/org/ow2/asm/asm-debug-all/5.0.2/asm-debug-all-5.0.2.jar:/home/user/.m2/repository/org/ow2/asm/asm-commons/5.0.2/asm-commons-5.0.2.jar:/home/user/.m2/repository/org/ow2/asm/asm-tree/5.0.2/asm-tree-5.0.2.jar:/home/user/.m2/repository/org/ow2/asm/asm/5.0.4/asm-5.0.4.jar:/home/user/.m2/repository/commons-lang/commons-lang/2.6/commons-lang-2.6.jar:/home/user/.m2/repository/com/apple/AppleJavaExtensions/1.4/AppleJavaExtensions-1.4.jar:/home/user/.m2/repository/jaxen/jaxen/1.1.6/jaxen-1.1.6.jar:/home/user/.m2/repository/junit/junit/4.11/junit-4.11.jar:/home/user/.m2/repository/org/hamcrest/hamcrest-core/1.3/hamcrest-core-1.3.jar:/home/user/.m2/repository/org/apache/hadoop/hadoop-common/3.2.0/hadoop-common-3.2.0-tests.jar:/workdir/hadoop-ozone/integration-test/target/test-classes:/home/user/.m2/repository/org/apache/hadoop/hadoop-ozone-s3gateway/0.5.0-SNAPSHOT/hadoop-ozone-s3gateway-0.5.0-SNAPSHOT.jar:/home/user/.m2/repository/org/jboss/weld/servlet/weld-servlet/2.4.7.Final/weld-servlet-2.4.7.Final.jar:/home/user/.m2/repository/org/glassfish/jersey/containers/jersey-container-servlet-core/2.27/jersey-container-servlet-core-2.27.jar:/home/user/.m2/repository/org/glassfish/hk2/external/javax.inject/2.5.0-b42/javax.inject-2.5.0-b42.jar:/home/user/.m2/repository/org/glassfish/jersey/core/jersey-common/2.27/jersey-common-2.27.jar:/home/user/.m2/repository/org/glassfish/hk2/osgi-resource-locator/1.0.1/osgi-resource-locator-1.0.1.jar:/home/user/.m2/repository/javax/ws/rs/javax.ws.rs-api/2.1/javax.ws.rs-api-2.1.jar:/home/user/.m2/repository/org/glassfish/jersey/ext/cdi/jersey-cdi1x/2.27/jersey-cdi1x-2.27.jar:/home/user/.m2/repository/org/glassfish/jersey/inject/jersey-hk2/2.27/jersey-hk2-2.27.jar:/home/user/.m2/repository/org/glassfish/hk2/hk2-locator/2.5.0-b42/hk2-locator-2.5.0-b42.jar:/home/user/.m2/repository/org/javassist/javassist/3.22.0-CR2/javassist-3.22.0-CR2.jar:/home/user/.m2/repository/org/glassfish/hk2/hk2-api/2.5.0/hk2-api-2.5.0.jar:/home/user/.m2/repository/org/glassfish/hk2/external/jakarta.inject/2.5.0/jakarta.inject-2.5.0.jar:/home/user/.m2/repository/org/glassfish/hk2/hk2-utils/2.5.0/hk2-utils-2.5.0.jar:/home/user/.m2/repository/jakarta/annotation/jakarta.annotation-api/1.3.4/jakarta.annotation-api-1.3.4.jar:/home/user/.m2/repository/org/glassfish/hk2/external/aopalliance-repackaged/2.5.0/aopalliance-repackaged-2.5.0.jar:/home/user/.m2/repository/com/fasterxml/jackson/dataformat/jackson-dataformat-xml/2.9.0/jackson-dataformat-xml-2.9.0.jar:/home/user/.m2/repository/com/fasterxml/jackson/module/jackson-module-jaxb-annotations/2.9.5/jackson-module-jaxb-annotations-2.9.5.jar:/home/user/.m2/repository/javax/enterprise/cdi-api/1.2/cdi-api-1.2.jar:/home/user/.m2/repository/javax/el/javax.el-api/3.0.0/javax.el-api-3.0.0.jar:/home/user/.m2/repository/javax/interceptor/javax.interceptor-api/1.2/javax.interceptor-api-1.2.jar:/home/user/.m2/repository/javax/inject/javax.inject/1/javax.inject-1.jar:/home/user/.m2/repository/org/apache/hadoop/hadoop-ozone-csi/0.5.0-SNAPSHOT/hadoop-ozone-csi-0.5.0-SNAPSHOT.jar:/home/user/.m2/repository/com/google/protobuf/protobuf-java-util/3.5.1/protobuf-java-util-3.5.1.jar:/home/user/.m2/repository/io/grpc/grpc-netty/1.17.1/grpc-netty-1.17.1.jar:/home/user/.m2/repository/io/grpc/grpc-core/1.17.1/grpc-core-1.17.1.jar:/home/user/.m2/repository/io/grpc/grpc-context/1.17.1/grpc-context-1.17.1.jar:/home/user/.m2/repository/com/google/errorprone/error_prone_annotations/2.2.0/error_prone_annotations-2.2.0.jar:/home/user/.m2/repository/org/codehaus/mojo/animal-sniffer-annotations/1.17/animal-sniffer-annotations-1.17.jar:/home/user/.m2/repository/io/opencensus/opencensus-api/0.17.0/opencensus-api-0.17.0.jar:/home/user/.m2/repository/io/opencensus/opencensus-contrib-grpc-metrics/0.17.0/opencensus-contrib-grpc-metrics-0.17.0.jar:/home/user/.m2/repository/io/netty/netty-codec-http2/4.1.30.Final/netty-codec-http2-4.1.30.Final.jar:/home/user/.m2/repository/io/netty/netty-codec-http/4.1.30.Final/netty-codec-http-4.1.30.Final.jar:/home/user/.m2/repository/io/netty/netty-codec/4.1.30.Final/netty-codec-4.1.30.Final.jar:/home/user/.m2/repository/io/netty/netty-handler/4.1.30.Final/netty-handler-4.1.30.Final.jar:/home/user/.m2/repository/io/netty/netty-handler-proxy/4.1.30.Final/netty-handler-proxy-4.1.30.Final.jar:/home/user/.m2/repository/io/netty/netty-codec-socks/4.1.30.Final/netty-codec-socks-4.1.30.Final.jar:/home/user/.m2/repository/io/netty/netty-transport-native-epoll/4.1.30.Final/netty-transport-native-epoll-4.1.30.Final.jar:/home/user/.m2/repository/io/netty/netty-common/4.1.30.Final/netty-common-4.1.30.Final.jar:/home/user/.m2/repository/io/netty/netty-buffer/4.1.30.Final/netty-buffer-4.1.30.Final.jar:/home/user/.m2/repository/io/netty/netty-transport/4.1.30.Final/netty-transport-4.1.30.Final.jar:/home/user/.m2/repository/io/netty/netty-resolver/4.1.30.Final/netty-resolver-4.1.30.Final.jar:/home/user/.m2/repository/io/netty/netty-transport-native-unix-common/4.1.30.Final/netty-transport-native-unix-common-4.1.30.Final.jar:/home/user/.m2/repository/io/grpc/grpc-protobuf/1.17.1/grpc-protobuf-1.17.1.jar:/home/user/.m2/repository/com/google/api/grpc/proto-google-common-protos/1.0.0/proto-google-common-protos-1.0.0.jar:/home/user/.m2/repository/io/grpc/grpc-protobuf-lite/1.17.1/grpc-protobuf-lite-1.17.1.jar:/home/user/.m2/repository/io/grpc/grpc-stub/1.17.1/grpc-stub-1.17.1.jar:/home/user/.m2/repository/org/apache/hadoop/hadoop-ozone-recon/0.5.0-SNAPSHOT/hadoop-ozone-recon-0.5.0-SNAPSHOT.jar:/home/user/.m2/repository/org/apache/hadoop/hadoop-ozone-reconcodegen/0.5.0-SNAPSHOT/hadoop-ozone-reconcodegen-0.5.0-SNAPSHOT.jar:/home/user/.m2/repository/com/google/inject/extensions/guice-multibindings/4.0/guice-multibindings-4.0.jar:/home/user/.m2/repository/com/google/inject/guice/4.0/guice-4.0.jar:/home/user/.m2/repository/aopalliance/aopalliance/1.0/aopalliance-1.0.jar:/home/user/.m2/repository/com/google/inject/extensions/guice-servlet/4.0/guice-servlet-4.0.jar:/home/user/.m2/repository/org/glassfish/jersey/containers/jersey-container-servlet/2.27/jersey-container-servlet-2.27.jar:/home/user/.m2/repository/org/glassfish/hk2/guice-bridge/2.5.0/guice-bridge-2.5.0.jar:/home/user/.m2/repository/org/glassfish/jersey/core/jersey-server/2.27/jersey-server-2.27.jar:/home/user/.m2/repository/org/glassfish/jersey/core/jersey-client/2.27/jersey-client-2.27.jar:/home/user/.m2/repository/org/glassfish/jersey/media/jersey-media-jaxb/2.27/jersey-media-jaxb-2.27.jar:/home/user/.m2/repository/javax/validation/validation-api/1.1.0.Final/validation-api-1.1.0.Final.jar:/home/user/.m2/repository/org/glassfish/jersey/media/jersey-media-json-jackson/2.27/jersey-media-json-jackson-2.27.jar:/home/user/.m2/repository/org/glassfish/jersey/ext/jersey-entity-filtering/2.27/jersey-entity-filtering-2.27.jar:/home/user/.m2/repository/com/google/inject/extensions/guice-assistedinject/4.0/guice-assistedinject-4.0.jar:/home/user/.m2/repository/org/jooq/jooq/3.11.10/jooq-3.11.10.jar:/home/user/.m2/repository/org/jooq/jooq-meta/3.11.10/jooq-meta-3.11.10.jar:/home/user/.m2/repository/org/jooq/jooq-codegen/3.11.10/jooq-codegen-3.11.10.jar:/home/user/.m2/repository/com/jolbox/bonecp/0.8.0.RELEASE/bonecp-0.8.0.RELEASE.jar:/home/user/.m2/repository/org/springframework/spring-jdbc/5.1.3.RELEASE/spring-jdbc-5.1.3.RELEASE.jar:/home/user/.m2/repository/org/springframework/spring-beans/5.1.3.RELEASE/spring-beans-5.1.3.RELEASE.jar:/home/user/.m2/repository/org/springframework/spring-core/5.1.3.RELEASE/spring-core-5.1.3.RELEASE.jar:/home/user/.m2/repository/org/springframework/spring-jcl/5.1.3.RELEASE/spring-jcl-5.1.3.RELEASE.jar:/home/user/.m2/repository/org/springframework/spring-tx/5.1.3.RELEASE/spring-tx-5.1.3.RELEASE.jar:/home/user/.m2/repository/org/mockito/mockito-core/2.15.0/mockito-core-2.15.0.jar:/home/user/.m2/repository/net/bytebuddy/byte-buddy/1.7.9/byte-buddy-1.7.9.jar:/home/user/.m2/repository/net/bytebuddy/byte-buddy-agent/1.7.9/byte-buddy-agent-1.7.9.jar:/home/user/.m2/repository/org/objenesis/objenesis/1.0/objenesis-1.0.jar:"/>
    <property name="sun.cpu.endian" value="little"/>
    <property name="user.home" value="/home/user"/>
    <property name="user.language" value="en"/>
    <property name="java.specification.vendor" value="Oracle Corporation"/>
    <property name="java.home" value="/usr/lib/jvm/java-1.8-openjdk/jre"/>
    <property name="java.security.krb5.conf" value="/workdir/hadoop-ozone/tools/target/test-classes/krb5.conf"/>
    <property name="basedir" value="/workdir/hadoop-ozone/tools"/>
    <property name="file.separator" value="/"/>
    <property name="line.separator" value="&#10;"/>
    <property name="java.vm.specification.vendor" value="Oracle Corporation"/>
    <property name="java.specification.name" value="Java Platform API Specification"/>
    <property name="java.awt.graphicsenv" value="sun.awt.X11GraphicsEnvironment"/>
    <property name="surefire.real.class.path" value="/workdir/hadoop-ozone/tools/target/surefire/surefirebooter7110644055151386864.jar"/>
    <property name="hadoop.log.dir" value="/workdir/hadoop-ozone/tools/target/log"/>
    <property name="sun.boot.class.path" value="/usr/lib/jvm/java-1.8-openjdk/jre/lib/resources.jar:/usr/lib/jvm/java-1.8-openjdk/jre/lib/rt.jar:/usr/lib/jvm/java-1.8-openjdk/jre/lib/sunrsasign.jar:/usr/lib/jvm/java-1.8-openjdk/jre/lib/jsse.jar:/usr/lib/jvm/java-1.8-openjdk/jre/lib/jce.jar:/usr/lib/jvm/java-1.8-openjdk/jre/lib/charsets.jar:/usr/lib/jvm/java-1.8-openjdk/jre/lib/jfr.jar:/usr/lib/jvm/java-1.8-openjdk/jre/classes"/>
    <property name="sun.management.compiler" value="HotSpot 64-Bit Tiered Compilers"/>
    <property name="java.runtime.version" value="1.8.0_212-b04"/>
    <property name="java.net.preferIPv4Stack" value="true"/>
    <property name="user.name" value="jenkins1000"/>
    <property name="path.separator" value=":"/>
    <property name="java.security.egd" value="file:///dev/urandom"/>
    <property name="os.version" value="3.10.0-957.12.2.el7.x86_64"/>
    <property name="java.endorsed.dirs" value="/usr/lib/jvm/java-1.8-openjdk/jre/lib/endorsed"/>
    <property name="java.runtime.name" value="OpenJDK Runtime Environment"/>
    <property name="file.encoding" value="UTF-8"/>
    <property name="java.vm.name" value="OpenJDK 64-Bit Server VM"/>
    <property name="test.build.webapps" value=""/>
    <property name="localRepository" value="/home/user/.m2/repository"/>
    <property name="java.vendor.url.bug" value="https://icedtea.classpath.org/bugzilla"/>
    <property name="java.io.tmpdir" value="/tmp"/>
    <property name="require.test.libhadoop" value=""/>
    <property name="java.version" value="1.8.0_212"/>
    <property name="user.dir" value="/workdir/hadoop-ozone/tools"/>
    <property name="os.arch" value="amd64"/>
    <property name="java.vm.specification.name" value="Java Virtual Machine Specification"/>
    <property name="test.build.classes" value="/workdir/hadoop-ozone/tools/target/test-classes"/>
    <property name="java.awt.printerjob" value="sun.print.PSPrinterJob"/>
    <property name="sun.os.patch.level" value="unknown"/>
    <property name="hadoop.tmp.dir" value="/workdir/hadoop-ozone/tools/target/tmp"/>
    <property name="java.library.path" value="/usr/lib/jvm/java-1.8-openjdk/jre/lib/amd64/server:/usr/lib/jvm/java-1.8-openjdk/jre/lib/amd64:/usr/lib/jvm/java-1.8-openjdk/jre/../lib/amd64:/workdir/hadoop-ozone/tools/target/native/target/usr/local/lib:/workdir/hadoop-ozone/tools/../../hadoop-common-project/hadoop-common/target/native/target/usr/local/lib:/usr/java/packages/lib/amd64:/usr/lib64:/lib64:/lib:/usr/lib"/>
    <property name="java.vm.info" value="mixed mode"/>
    <property name="java.vendor" value="IcedTea"/>
    <property name="java.vm.version" value="25.212-b04"/>
    <property name="java.ext.dirs" value="/usr/lib/jvm/java-1.8-openjdk/jre/lib/ext:/usr/java/packages/lib/ext"/>
    <property name="sun.io.unicode.encoding" value="UnicodeLittle"/>
    <property name="java.class.version" value="52.0"/>
  </properties>
  <testcase name="testRestart" classname="org.apache.hadoop.ozone.freon.TestFreonWithPipelineDestroy" time="510.695">
    <error message="Allocated 0 blocks. Requested 1 blocks" type="INTERNAL_ERROR org.apache.hadoop.ozone.om.exceptions.OMException">INTERNAL_ERROR org.apache.hadoop.ozone.om.exceptions.OMException: Allocated 0 blocks. Requested 1 blocks
	at org.apache.hadoop.ozone.om.protocolPB.OzoneManagerProtocolClientSideTranslatorPB.handleError(OzoneManagerProtocolClientSideTranslatorPB.java:725)
	at org.apache.hadoop.ozone.om.protocolPB.OzoneManagerProtocolClientSideTranslatorPB.allocateBlock(OzoneManagerProtocolClientSideTranslatorPB.java:757)
	at org.apache.hadoop.ozone.client.io.BlockOutputStreamEntryPool.allocateNewBlock(BlockOutputStreamEntryPool.java:248)
	at org.apache.hadoop.ozone.client.io.BlockOutputStreamEntryPool.allocateBlockIfNeeded(BlockOutputStreamEntryPool.java:296)
	at org.apache.hadoop.ozone.client.io.KeyOutputStream.handleWrite(KeyOutputStream.java:198)
	at org.apache.hadoop.ozone.client.io.KeyOutputStream.handleRetry(KeyOutputStream.java:375)
	at org.apache.hadoop.ozone.client.io.KeyOutputStream.handleException(KeyOutputStream.java:324)
	at org.apache.hadoop.ozone.client.io.KeyOutputStream.handleWrite(KeyOutputStream.java:228)
	at org.apache.hadoop.ozone.client.io.KeyOutputStream.write(KeyOutputStream.java:190)
	at org.apache.hadoop.ozone.client.io.OzoneOutputStream.write(OzoneOutputStream.java:49)
	at org.apache.hadoop.ozone.freon.RandomKeyGenerator.createKey(RandomKeyGenerator.java:708)
	at org.apache.hadoop.ozone.freon.RandomKeyGenerator.access$1100(RandomKeyGenerator.java:88)
	at org.apache.hadoop.ozone.freon.RandomKeyGenerator$ObjectCreator.run(RandomKeyGenerator.java:615)
	at java.util.concurrent.Executors$RunnableAdapter.call(Executors.java:511)
	at java.util.concurrent.FutureTask.run(FutureTask.java:266)
	at java.util.concurrent.ThreadPoolExecutor.runWorker(ThreadPoolExecutor.java:1149)
	at java.util.concurrent.ThreadPoolExecutor$Worker.run(ThreadPoolExecutor.java:624)
	at java.lang.Thread.run(Thread.java:748)
</error>
    <system-out><![CDATA[2019-09-10 20:19:56,028 [main] WARN  server.ServerUtils (ServerUtils.java:getScmDbDir(145)) - ozone.scm.db.dirs is not configured. We recommend adding this setting. Falling back to ozone.metadata.dirs instead.
2019-09-10 20:19:56,219 [main] WARN  server.ServerUtils (ServerUtils.java:getScmDbDir(145)) - ozone.scm.db.dirs is not configured. We recommend adding this setting. Falling back to ozone.metadata.dirs instead.
2019-09-10 20:19:56,222 [main] WARN  server.ServerUtils (ServerUtils.java:getScmDbDir(145)) - ozone.scm.db.dirs is not configured. We recommend adding this setting. Falling back to ozone.metadata.dirs instead.
2019-09-10 20:19:56,241 [main] INFO  util.log (Log.java:initialized(192)) - Logging initialized @884ms
2019-09-10 20:19:56,343 [main] INFO  db.DBStoreBuilder (DBStoreBuilder.java:addTable(110)) - using custom profile for table: deletedBlocks
2019-09-10 20:19:56,343 [main] INFO  db.DBStoreBuilder (DBStoreBuilder.java:processTables(161)) - Using default column profile:DBProfile.DISK for Table:deletedBlocks
2019-09-10 20:19:56,343 [main] INFO  db.DBStoreBuilder (DBStoreBuilder.java:addTable(110)) - using custom profile for table: validCerts
2019-09-10 20:19:56,344 [main] INFO  db.DBStoreBuilder (DBStoreBuilder.java:processTables(161)) - Using default column profile:DBProfile.DISK for Table:validCerts
2019-09-10 20:19:56,344 [main] INFO  db.DBStoreBuilder (DBStoreBuilder.java:addTable(110)) - using custom profile for table: revokedCerts
2019-09-10 20:19:56,344 [main] INFO  db.DBStoreBuilder (DBStoreBuilder.java:processTables(161)) - Using default column profile:DBProfile.DISK for Table:revokedCerts
2019-09-10 20:19:56,356 [main] INFO  db.DBStoreBuilder (DBStoreBuilder.java:addTable(110)) - using custom profile for table: default
2019-09-10 20:19:56,356 [main] INFO  db.DBStoreBuilder (DBStoreBuilder.java:processTables(167)) - Using default column profile:DBProfile.DISK for Table:default
2019-09-10 20:19:56,357 [main] INFO  db.DBStoreBuilder (DBStoreBuilder.java:getDbProfile(198)) - Using default options. DBProfile.DISK
2019-09-10 20:19:56,675 [main] INFO  net.NodeSchemaLoader (NodeSchemaLoader.java:loadSchemaFromFile(125)) - Loading file from sun.misc.CompoundEnumeration@7b2bbc3
2019-09-10 20:19:56,678 [main] INFO  net.NodeSchemaLoader (NodeSchemaLoader.java:loadSchema(171)) - Loading network topology layer schema file
2019-09-10 20:19:56,783 [main] INFO  node.SCMNodeManager (SCMNodeManager.java:<init>(114)) - Entering startup safe mode.
2019-09-10 20:19:56,863 [main] INFO  algorithms.ContainerPlacementPolicyFactory (ContainerPlacementPolicyFactory.java:getPolicy(57)) - Create container placement policy of type org.apache.hadoop.hdds.scm.container.placement.algorithms.SCMContainerPlacementRandom
2019-09-10 20:19:56,879 [main] WARN  server.ServerUtils (ServerUtils.java:getScmDbDir(145)) - ozone.scm.db.dirs is not configured. We recommend adding this setting. Falling back to ozone.metadata.dirs instead.
2019-09-10 20:19:56,982 [main] INFO  pipeline.SCMPipelineManager (SCMPipelineManager.java:initializePipelineState(128)) - No pipeline exists in current db
2019-09-10 20:19:56,986 [main] WARN  server.ServerUtils (ServerUtils.java:getScmDbDir(145)) - ozone.scm.db.dirs is not configured. We recommend adding this setting. Falling back to ozone.metadata.dirs instead.
2019-09-10 20:19:57,133 [main] WARN  events.EventQueue (EventQueue.java:fireEvent(183)) - No event handler registered for event TypedEvent{payloadType=SafeModeStatus, name='SafeModeStatus'}
2019-09-10 20:19:57,436 [main] INFO  ipc.CallQueueManager (CallQueueManager.java:<init>(84)) - Using callQueue: class java.util.concurrent.LinkedBlockingQueue, queueCapacity: 2000, scheduler: class org.apache.hadoop.ipc.DefaultRpcScheduler, ipcBackoff: false.
2019-09-10 20:19:57,460 [Socket Reader #1 for port 42596] INFO  ipc.Server (Server.java:run(1074)) - Starting Socket Reader #1 for port 42596
2019-09-10 20:19:57,620 [main] INFO  ipc.CallQueueManager (CallQueueManager.java:<init>(84)) - Using callQueue: class java.util.concurrent.LinkedBlockingQueue, queueCapacity: 2000, scheduler: class org.apache.hadoop.ipc.DefaultRpcScheduler, ipcBackoff: false.
2019-09-10 20:19:57,622 [Socket Reader #1 for port 37468] INFO  ipc.Server (Server.java:run(1074)) - Starting Socket Reader #1 for port 37468
2019-09-10 20:19:57,634 [main] INFO  ipc.CallQueueManager (CallQueueManager.java:<init>(84)) - Using callQueue: class java.util.concurrent.LinkedBlockingQueue, queueCapacity: 2000, scheduler: class org.apache.hadoop.ipc.DefaultRpcScheduler, ipcBackoff: false.
2019-09-10 20:19:57,635 [Socket Reader #1 for port 35798] INFO  ipc.Server (Server.java:run(1074)) - Starting Socket Reader #1 for port 35798
2019-09-10 20:19:57,666 [main] INFO  hdfs.DFSUtil (DFSUtil.java:httpServerTemplateForNNAndJN(1641)) - Starting Web-server for scm at: http://0.0.0.0:0
2019-09-10 20:19:57,823 [main] INFO  server.AuthenticationFilter (AuthenticationFilter.java:constructSecretProvider(240)) - Unable to initialize FileSignerSecretProvider, falling back to use random secrets.
2019-09-10 20:19:57,838 [main] WARN  http.HttpRequestLog (HttpRequestLog.java:getRequestLog(97)) - Jetty request log can only be enabled using Log4j
2019-09-10 20:19:57,847 [main] INFO  http.HttpServer2 (HttpServer2.java:addGlobalFilter(975)) - Added global filter 'safety' (class=org.apache.hadoop.http.HttpServer2$QuotingInputFilter)
2019-09-10 20:19:57,850 [main] INFO  http.HttpServer2 (HttpServer2.java:addFilter(948)) - Added filter static_user_filter (class=org.apache.hadoop.http.lib.StaticUserWebFilter$StaticUserFilter) to context scm
2019-09-10 20:19:57,851 [main] INFO  http.HttpServer2 (HttpServer2.java:addFilter(958)) - Added filter static_user_filter (class=org.apache.hadoop.http.lib.StaticUserWebFilter$StaticUserFilter) to context logs
2019-09-10 20:19:57,851 [main] INFO  http.HttpServer2 (HttpServer2.java:addFilter(958)) - Added filter static_user_filter (class=org.apache.hadoop.http.lib.StaticUserWebFilter$StaticUserFilter) to context static
2019-09-10 20:19:57,883 [main] INFO  server.StorageContainerManager (StorageContainerManager.java:start(763)) - StorageContainerLocationProtocol RPC server is listening at /0.0.0.0:35798
2019-09-10 20:19:57,944 [main] WARN  impl.MetricsConfig (MetricsConfig.java:loadFirst(134)) - Cannot locate configuration: tried hadoop-metrics2-storagecontainermanager.properties,hadoop-metrics2.properties
2019-09-10 20:19:57,957 [main] INFO  impl.MetricsSystemImpl (MetricsSystemImpl.java:startTimer(374)) - Scheduled Metric snapshot period at 10 second(s).
2019-09-10 20:19:57,957 [main] INFO  impl.MetricsSystemImpl (MetricsSystemImpl.java:start(191)) - StorageContainerManager metrics system started
2019-09-10 20:19:58,179 [main] INFO  server.SCMClientProtocolServer (SCMClientProtocolServer.java:start(151)) - RPC server for Client  is listening at /0.0.0.0:35798
2019-09-10 20:19:58,180 [IPC Server Responder] INFO  ipc.Server (Server.java:run(1314)) - IPC Server Responder: starting
2019-09-10 20:19:58,180 [IPC Server listener on 35798] INFO  ipc.Server (Server.java:run(1153)) - IPC Server listener on 35798: starting
2019-09-10 20:19:58,183 [main] INFO  server.StorageContainerManager (StorageContainerManager.java:start(773)) - ScmBlockLocationProtocol RPC server is listening at /0.0.0.0:37468
2019-09-10 20:19:58,184 [main] INFO  server.SCMBlockProtocolServer (SCMBlockProtocolServer.java:start(146)) - RPC server for Block Protocol is listening at /0.0.0.0:37468
2019-09-10 20:19:58,185 [IPC Server Responder] INFO  ipc.Server (Server.java:run(1314)) - IPC Server Responder: starting
2019-09-10 20:19:58,185 [IPC Server listener on 37468] INFO  ipc.Server (Server.java:run(1153)) - IPC Server listener on 37468: starting
2019-09-10 20:19:58,187 [main] INFO  server.StorageContainerManager (StorageContainerManager.java:start(777)) - ScmDatanodeProtocl RPC server is listening at /0.0.0.0:42596
2019-09-10 20:19:58,187 [main] INFO  server.SCMDatanodeProtocolServer (SCMDatanodeProtocolServer.java:start(191)) - RPC server for DataNodes is listening at /0.0.0.0:42596
2019-09-10 20:19:58,188 [IPC Server Responder] INFO  ipc.Server (Server.java:run(1314)) - IPC Server Responder: starting
2019-09-10 20:19:58,188 [IPC Server listener on 42596] INFO  ipc.Server (Server.java:run(1153)) - IPC Server listener on 42596: starting
2019-09-10 20:19:58,192 [main] INFO  http.HttpServer2 (HttpServer2.java:bindListener(1191)) - Jetty bound to port 43862
2019-09-10 20:19:58,194 [main] INFO  server.Server (Server.java:doStart(351)) - jetty-9.3.24.v20180605, build timestamp: 2018-06-05T17:11:56Z, git hash: 84205aa28f11a4f31f2a3b86d1bba2cc8ab69827
2019-09-10 20:19:58,228 [main] INFO  handler.ContextHandler (ContextHandler.java:doStart(781)) - Started o.e.j.s.ServletContextHandler@615091b8{/logs,file:///workdir/hadoop-ozone/tools/target/log,AVAILABLE}
2019-09-10 20:19:58,229 [main] INFO  handler.ContextHandler (ContextHandler.java:doStart(781)) - Started o.e.j.s.ServletContextHandler@260e86a1{/static,jar:file:/home/user/.m2/repository/org/apache/hadoop/hadoop-hdds-server-scm/0.5.0-SNAPSHOT/hadoop-hdds-server-scm-0.5.0-SNAPSHOT.jar!/webapps/static,AVAILABLE}
2019-09-10 20:19:58,299 [main] INFO  handler.ContextHandler (ContextHandler.java:doStart(781)) - Started o.e.j.w.WebAppContext@6db66836{/,file:///tmp/jetty-0.0.0.0-43862-scm-_-any-8178461148781747111.dir/webapp/,AVAILABLE}{/scm}
2019-09-10 20:19:58,304 [main] INFO  server.AbstractConnector (AbstractConnector.java:doStart(278)) - Started ServerConnector@1ee4730{HTTP/1.1,[http/1.1]}{0.0.0.0:43862}
2019-09-10 20:19:58,304 [main] INFO  server.Server (Server.java:doStart(419)) - Started @2948ms
2019-09-10 20:19:58,306 [main] INFO  impl.MetricsSinkAdapter (MetricsSinkAdapter.java:start(204)) - Sink prometheus started
2019-09-10 20:19:58,306 [main] INFO  impl.MetricsSystemImpl (MetricsSystemImpl.java:registerSink(301)) - Registered sink prometheus
2019-09-10 20:19:58,308 [main] INFO  server.BaseHttpServer (BaseHttpServer.java:updateConnectorAddress(215)) - HTTP server of SCM is listening at http://0.0.0.0:43862
2019-09-10 20:19:58,314 [org.apache.hadoop.util.JvmPauseMonitor$Monitor@51f49060] INFO  util.JvmPauseMonitor (JvmPauseMonitor.java:run(188)) - Starting JVM pause monitor
2019-09-10 20:19:58,316 [main] WARN  server.ServerUtils (ServerUtils.java:getDBPath(222)) - ozone.om.db.dirs is not configured. We recommend adding this setting. Falling back to ozone.metadata.dirs instead.
2019-09-10 20:19:58,436 [main] WARN  server.ServerUtils (ServerUtils.java:getDBPath(222)) - ozone.om.db.dirs is not configured. We recommend adding this setting. Falling back to ozone.metadata.dirs instead.
2019-09-10 20:19:58,436 [main] WARN  server.ServerUtils (ServerUtils.java:getDBPath(222)) - ozone.om.db.dirs is not configured. We recommend adding this setting. Falling back to ozone.metadata.dirs instead.
2019-09-10 20:19:58,437 [main] INFO  om.OzoneManager (OzoneManager.java:setOMNodeDetails(649)) - OM Service ID is not set. Setting it to the default ID: omServiceIdDefault
2019-09-10 20:19:58,437 [main] INFO  om.OzoneManager (OzoneManager.java:setOMNodeDetails(655)) - OM Node ID is not set. Setting it to the OmStorage's OmID: 04bfb4d2-eb62-4fad-8ce6-fd4438f619c8
2019-09-10 20:19:58,438 [main] INFO  om.OzoneManager (OzoneManager.java:loadOMHAConfigs(606)) - Found matching OM address with OMServiceId: null, OMNodeId: null, RPC Address: localhost:0 and Ratis port: 9872
2019-09-10 20:19:59,155 [main] WARN  server.ServerUtils (ServerUtils.java:getDBPath(222)) - ozone.om.db.dirs is not configured. We recommend adding this setting. Falling back to ozone.metadata.dirs instead.
2019-09-10 20:19:59,165 [main] INFO  db.DBStoreBuilder (DBStoreBuilder.java:addTable(110)) - using custom profile for table: userTable
2019-09-10 20:19:59,166 [main] INFO  db.DBStoreBuilder (DBStoreBuilder.java:processTables(161)) - Using default column profile:DBProfile.DISK for Table:userTable
2019-09-10 20:19:59,166 [main] INFO  db.DBStoreBuilder (DBStoreBuilder.java:addTable(110)) - using custom profile for table: volumeTable
2019-09-10 20:19:59,166 [main] INFO  db.DBStoreBuilder (DBStoreBuilder.java:processTables(161)) - Using default column profile:DBProfile.DISK for Table:volumeTable
2019-09-10 20:19:59,167 [main] INFO  db.DBStoreBuilder (DBStoreBuilder.java:addTable(110)) - using custom profile for table: bucketTable
2019-09-10 20:19:59,167 [main] INFO  db.DBStoreBuilder (DBStoreBuilder.java:processTables(161)) - Using default column profile:DBProfile.DISK for Table:bucketTable
2019-09-10 20:19:59,167 [main] INFO  db.DBStoreBuilder (DBStoreBuilder.java:addTable(110)) - using custom profile for table: keyTable
2019-09-10 20:19:59,168 [main] INFO  db.DBStoreBuilder (DBStoreBuilder.java:processTables(161)) - Using default column profile:DBProfile.DISK for Table:keyTable
2019-09-10 20:19:59,168 [main] INFO  db.DBStoreBuilder (DBStoreBuilder.java:addTable(110)) - using custom profile for table: deletedTable
2019-09-10 20:19:59,168 [main] INFO  db.DBStoreBuilder (DBStoreBuilder.java:processTables(161)) - Using default column profile:DBProfile.DISK for Table:deletedTable
2019-09-10 20:19:59,169 [main] INFO  db.DBStoreBuilder (DBStoreBuilder.java:addTable(110)) - using custom profile for table: openKeyTable
2019-09-10 20:19:59,169 [main] INFO  db.DBStoreBuilder (DBStoreBuilder.java:processTables(161)) - Using default column profile:DBProfile.DISK for Table:openKeyTable
2019-09-10 20:19:59,170 [main] INFO  db.DBStoreBuilder (DBStoreBuilder.java:addTable(110)) - using custom profile for table: s3Table
2019-09-10 20:19:59,170 [main] INFO  db.DBStoreBuilder (DBStoreBuilder.java:processTables(161)) - Using default column profile:DBProfile.DISK for Table:s3Table
2019-09-10 20:19:59,170 [main] INFO  db.DBStoreBuilder (DBStoreBuilder.java:addTable(110)) - using custom profile for table: multipartInfoTable
2019-09-10 20:19:59,171 [main] INFO  db.DBStoreBuilder (DBStoreBuilder.java:processTables(161)) - Using default column profile:DBProfile.DISK for Table:multipartInfoTable
2019-09-10 20:19:59,171 [main] INFO  db.DBStoreBuilder (DBStoreBuilder.java:addTable(110)) - using custom profile for table: dTokenTable
2019-09-10 20:19:59,171 [main] INFO  db.DBStoreBuilder (DBStoreBuilder.java:processTables(161)) - Using default column profile:DBProfile.DISK for Table:dTokenTable
2019-09-10 20:19:59,172 [main] INFO  db.DBStoreBuilder (DBStoreBuilder.java:addTable(110)) - using custom profile for table: s3SecretTable
2019-09-10 20:19:59,172 [main] INFO  db.DBStoreBuilder (DBStoreBuilder.java:processTables(161)) - Using default column profile:DBProfile.DISK for Table:s3SecretTable
2019-09-10 20:19:59,173 [main] INFO  db.DBStoreBuilder (DBStoreBuilder.java:addTable(110)) - using custom profile for table: prefixTable
2019-09-10 20:19:59,173 [main] INFO  db.DBStoreBuilder (DBStoreBuilder.java:processTables(161)) - Using default column profile:DBProfile.DISK for Table:prefixTable
2019-09-10 20:19:59,173 [main] INFO  db.DBStoreBuilder (DBStoreBuilder.java:addTable(110)) - using custom profile for table: default
2019-09-10 20:19:59,173 [main] INFO  db.DBStoreBuilder (DBStoreBuilder.java:processTables(167)) - Using default column profile:DBProfile.DISK for Table:default
2019-09-10 20:19:59,173 [main] INFO  db.DBStoreBuilder (DBStoreBuilder.java:getDbProfile(198)) - Using default options. DBProfile.DISK
2019-09-10 20:19:59,899 [main] INFO  ipc.CallQueueManager (CallQueueManager.java:<init>(84)) - Using callQueue: class java.util.concurrent.LinkedBlockingQueue, queueCapacity: 2000, scheduler: class org.apache.hadoop.ipc.DefaultRpcScheduler, ipcBackoff: false.
2019-09-10 20:19:59,901 [Socket Reader #1 for port 40050] INFO  ipc.Server (Server.java:run(1074)) - Starting Socket Reader #1 for port 40050
2019-09-10 20:19:59,929 [main] INFO  om.OzoneManager (OzoneManager.java:start(1240)) - OzoneManager RPC server is listening at localhost/127.0.0.1:40050
2019-09-10 20:19:59,930 [main] INFO  impl.MetricsSystemImpl (MetricsSystemImpl.java:init(158)) - OzoneManager metrics system started (again)
2019-09-10 20:19:59,931 [IPC Server Responder] INFO  ipc.Server (Server.java:run(1314)) - IPC Server Responder: starting
2019-09-10 20:19:59,931 [IPC Server listener on 40050] INFO  ipc.Server (Server.java:run(1153)) - IPC Server listener on 40050: starting
2019-09-10 20:19:59,938 [main] INFO  hdfs.DFSUtil (DFSUtil.java:httpServerTemplateForNNAndJN(1641)) - Starting Web-server for ozoneManager at: http://0.0.0.0:0
2019-09-10 20:19:59,940 [main] INFO  server.AuthenticationFilter (AuthenticationFilter.java:constructSecretProvider(240)) - Unable to initialize FileSignerSecretProvider, falling back to use random secrets.
2019-09-10 20:19:59,941 [main] WARN  http.HttpRequestLog (HttpRequestLog.java:getRequestLog(97)) - Jetty request log can only be enabled using Log4j
2019-09-10 20:19:59,944 [main] INFO  http.HttpServer2 (HttpServer2.java:addGlobalFilter(975)) - Added global filter 'safety' (class=org.apache.hadoop.http.HttpServer2$QuotingInputFilter)
2019-09-10 20:19:59,945 [main] INFO  http.HttpServer2 (HttpServer2.java:addFilter(948)) - Added filter static_user_filter (class=org.apache.hadoop.http.lib.StaticUserWebFilter$StaticUserFilter) to context ozoneManager
2019-09-10 20:19:59,946 [main] INFO  http.HttpServer2 (HttpServer2.java:addFilter(958)) - Added filter static_user_filter (class=org.apache.hadoop.http.lib.StaticUserWebFilter$StaticUserFilter) to context logs
2019-09-10 20:19:59,946 [main] INFO  http.HttpServer2 (HttpServer2.java:addFilter(958)) - Added filter static_user_filter (class=org.apache.hadoop.http.lib.StaticUserWebFilter$StaticUserFilter) to context static
2019-09-10 20:19:59,949 [main] INFO  http.HttpServer2 (HttpServer2.java:bindListener(1191)) - Jetty bound to port 34793
2019-09-10 20:19:59,949 [main] INFO  server.Server (Server.java:doStart(351)) - jetty-9.3.24.v20180605, build timestamp: 2018-06-05T17:11:56Z, git hash: 84205aa28f11a4f31f2a3b86d1bba2cc8ab69827
2019-09-10 20:19:59,952 [main] INFO  handler.ContextHandler (ContextHandler.java:doStart(781)) - Started o.e.j.s.ServletContextHandler@57540fd0{/logs,file:///workdir/hadoop-ozone/tools/target/log,AVAILABLE}
2019-09-10 20:19:59,953 [main] INFO  handler.ContextHandler (ContextHandler.java:doStart(781)) - Started o.e.j.s.ServletContextHandler@58cec85b{/static,jar:file:/home/user/.m2/repository/org/apache/hadoop/hadoop-ozone-ozone-manager/0.5.0-SNAPSHOT/hadoop-ozone-ozone-manager-0.5.0-SNAPSHOT.jar!/webapps/static,AVAILABLE}
2019-09-10 20:20:00,016 [main] INFO  handler.ContextHandler (ContextHandler.java:doStart(781)) - Started o.e.j.w.WebAppContext@1cbb3d3b{/,file:///tmp/jetty-0.0.0.0-34793-ozoneManager-_-any-857057895789755528.dir/webapp/,AVAILABLE}{/ozoneManager}
2019-09-10 20:20:00,017 [main] INFO  server.AbstractConnector (AbstractConnector.java:doStart(278)) - Started ServerConnector@529cfee5{HTTP/1.1,[http/1.1]}{0.0.0.0:34793}
2019-09-10 20:20:00,017 [main] INFO  server.Server (Server.java:doStart(419)) - Started @4661ms
2019-09-10 20:20:00,017 [main] WARN  impl.MetricsSystemImpl (MetricsSystemImpl.java:register(276)) - Sink prometheus already exists!
2019-09-10 20:20:00,019 [main] INFO  server.BaseHttpServer (BaseHttpServer.java:updateConnectorAddress(215)) - HTTP server of OZONEMANAGER is listening at http://0.0.0.0:34793
2019-09-10 20:20:00,369 [main] INFO  impl.MetricsSystemImpl (MetricsSystemImpl.java:init(158)) - HddsDatanode metrics system started (again)
2019-09-10 20:20:00,422 [main] INFO  ozone.HddsDatanodeService (HddsDatanodeService.java:start(184)) - HddsDatanodeService host:pr-hdds-2032-ffkjc-170187842 ip:192.168.34.25
2019-09-10 20:20:00,475 [main] INFO  volume.HddsVolume (HddsVolume.java:<init>(176)) - Creating Volume: /workdir/hadoop-ozone/tools/target/test-dir/MiniOzoneClusterImpl-70a41ef3-a3f2-4683-b109-c1f520f7c601/datanode-0/data/containers/hdds of  storage type : DISK and capacity : 1482555576320
2019-09-10 20:20:00,478 [main] INFO  volume.VolumeSet (VolumeSet.java:initializeVolumeSet(170)) - Added Volume : /workdir/hadoop-ozone/tools/target/test-dir/MiniOzoneClusterImpl-70a41ef3-a3f2-4683-b109-c1f520f7c601/datanode-0/data/containers/hdds to VolumeSet
2019-09-10 20:20:00,481 [main] INFO  volume.ThrottledAsyncChecker (ThrottledAsyncChecker.java:schedule(139)) - Scheduling a check for org.apache.hadoop.ozone.container.common.volume.HddsVolume@3fdecce
2019-09-10 20:20:00,501 [main] INFO  volume.HddsVolumeChecker (HddsVolumeChecker.java:checkAllVolumes(202)) - Scheduled health check for volume org.apache.hadoop.ozone.container.common.volume.HddsVolume@3fdecce
2019-09-10 20:20:00,619 [main] INFO  impl.RaftServerProxy (ConfUtils.java:logGet(43)) - raft.rpc.type = GRPC (default)
2019-09-10 20:20:00,708 [main] INFO  grpc.GrpcFactory (GrpcFactory.java:checkPooledByteBufAllocatorUseCacheForAllThreads(45)) - PERFORMANCE WARNING: useCacheForAllThreads is true that may cause Netty to create a lot garbage objects and, as a result, trigger GC.
	It is recommended to disable useCacheForAllThreads by setting -Dorg.apache.ratis.thirdparty.io.netty.allocator.useCacheForAllThreads=false in command line.
2019-09-10 20:20:00,716 [main] INFO  grpc.GrpcConfigKeys$Server (ConfUtils.java:logGet(43)) - raft.grpc.server.port = 0 (default)
2019-09-10 20:20:00,718 [main] INFO  server.GrpcService (ConfUtils.java:logGet(43)) - raft.grpc.message.size.max = 33570816 (custom)
2019-09-10 20:20:00,720 [main] INFO  server.RaftServerConfigKeys (ConfUtils.java:logGet(43)) - raft.server.log.appender.buffer.byte-limit = 33554432 (custom)
2019-09-10 20:20:00,721 [main] INFO  server.GrpcService (ConfUtils.java:logGet(43)) - raft.grpc.flow.control.window = 1MB (=1048576) (default)
2019-09-10 20:20:00,722 [main] INFO  server.RaftServerConfigKeys (ConfUtils.java:logGet(43)) - raft.server.rpc.request.timeout = 3000ms (default)
2019-09-10 20:20:00,929 [main] INFO  server.RaftServerConfigKeys (ConfUtils.java:logGet(43)) - raft.server.storage.dir = [/workdir/hadoop-ozone/tools/target/test-dir/MiniOzoneClusterImpl-70a41ef3-a3f2-4683-b109-c1f520f7c601/datanode-0/data/ratis] (custom)
2019-09-10 20:20:01,016 [main] INFO  hdfs.DFSUtil (DFSUtil.java:httpServerTemplateForNNAndJN(1641)) - Starting Web-server for hddsDatanode at: http://0.0.0.0:0
2019-09-10 20:20:01,020 [main] INFO  server.AuthenticationFilter (AuthenticationFilter.java:constructSecretProvider(240)) - Unable to initialize FileSignerSecretProvider, falling back to use random secrets.
2019-09-10 20:20:01,021 [main] WARN  http.HttpRequestLog (HttpRequestLog.java:getRequestLog(97)) - Jetty request log can only be enabled using Log4j
2019-09-10 20:20:01,024 [main] INFO  http.HttpServer2 (HttpServer2.java:addGlobalFilter(975)) - Added global filter 'safety' (class=org.apache.hadoop.http.HttpServer2$QuotingInputFilter)
2019-09-10 20:20:01,025 [main] INFO  http.HttpServer2 (HttpServer2.java:addFilter(948)) - Added filter static_user_filter (class=org.apache.hadoop.http.lib.StaticUserWebFilter$StaticUserFilter) to context hddsDatanode
2019-09-10 20:20:01,025 [main] INFO  http.HttpServer2 (HttpServer2.java:addFilter(958)) - Added filter static_user_filter (class=org.apache.hadoop.http.lib.StaticUserWebFilter$StaticUserFilter) to context static
2019-09-10 20:20:01,026 [main] INFO  http.HttpServer2 (HttpServer2.java:addFilter(958)) - Added filter static_user_filter (class=org.apache.hadoop.http.lib.StaticUserWebFilter$StaticUserFilter) to context logs
2019-09-10 20:20:01,028 [main] INFO  http.HttpServer2 (HttpServer2.java:bindListener(1191)) - Jetty bound to port 36889
2019-09-10 20:20:01,028 [main] INFO  server.Server (Server.java:doStart(351)) - jetty-9.3.24.v20180605, build timestamp: 2018-06-05T17:11:56Z, git hash: 84205aa28f11a4f31f2a3b86d1bba2cc8ab69827
2019-09-10 20:20:01,031 [main] INFO  handler.ContextHandler (ContextHandler.java:doStart(781)) - Started o.e.j.s.ServletContextHandler@102ecc22{/logs,file:///workdir/hadoop-ozone/tools/target/log,AVAILABLE}
2019-09-10 20:20:01,032 [main] INFO  handler.ContextHandler (ContextHandler.java:doStart(781)) - Started o.e.j.s.ServletContextHandler@26dc9bd5{/static,jar:file:/home/user/.m2/repository/org/apache/hadoop/hadoop-hdds-container-service/0.5.0-SNAPSHOT/hadoop-hdds-container-service-0.5.0-SNAPSHOT.jar!/webapps/static,AVAILABLE}
2019-09-10 20:20:01,074 [main] INFO  handler.ContextHandler (ContextHandler.java:doStart(781)) - Started o.e.j.w.WebAppContext@5b852b49{/,file:///tmp/jetty-0.0.0.0-36889-hddsDatanode-_-any-2716985857584260658.dir/webapp/,AVAILABLE}{/hddsDatanode}
2019-09-10 20:20:01,075 [main] INFO  server.AbstractConnector (AbstractConnector.java:doStart(278)) - Started ServerConnector@cdb2d95{HTTP/1.1,[http/1.1]}{0.0.0.0:36889}
2019-09-10 20:20:01,076 [main] INFO  server.Server (Server.java:doStart(419)) - Started @5719ms
2019-09-10 20:20:01,076 [main] WARN  impl.MetricsSystemImpl (MetricsSystemImpl.java:register(276)) - Sink prometheus already exists!
2019-09-10 20:20:01,078 [main] INFO  server.BaseHttpServer (BaseHttpServer.java:updateConnectorAddress(215)) - HTTP server of HDDSDATANODE is listening at http://0.0.0.0:36889
2019-09-10 20:20:01,079 [main] INFO  impl.MetricsSystemImpl (MetricsSystemImpl.java:init(158)) - HddsDatanode metrics system started (again)
2019-09-10 20:20:01,083 [main] INFO  ozone.HddsDatanodeService (HddsDatanodeService.java:start(184)) - HddsDatanodeService host:pr-hdds-2032-ffkjc-170187842 ip:192.168.34.25
2019-09-10 20:20:01,086 [org.apache.hadoop.util.JvmPauseMonitor$Monitor@49aa75f8] INFO  util.JvmPauseMonitor (JvmPauseMonitor.java:run(188)) - Starting JVM pause monitor
2019-09-10 20:20:01,093 [main] INFO  volume.HddsVolume (HddsVolume.java:<init>(176)) - Creating Volume: /workdir/hadoop-ozone/tools/target/test-dir/MiniOzoneClusterImpl-70a41ef3-a3f2-4683-b109-c1f520f7c601/datanode-1/data/containers/hdds of  storage type : DISK and capacity : 1482555576320
2019-09-10 20:20:01,093 [main] INFO  volume.VolumeSet (VolumeSet.java:initializeVolumeSet(170)) - Added Volume : /workdir/hadoop-ozone/tools/target/test-dir/MiniOzoneClusterImpl-70a41ef3-a3f2-4683-b109-c1f520f7c601/datanode-1/data/containers/hdds to VolumeSet
2019-09-10 20:20:01,094 [main] INFO  volume.ThrottledAsyncChecker (ThrottledAsyncChecker.java:schedule(139)) - Scheduling a check for org.apache.hadoop.ozone.container.common.volume.HddsVolume@5bc28f40
2019-09-10 20:20:01,101 [main] INFO  volume.HddsVolumeChecker (HddsVolumeChecker.java:checkAllVolumes(202)) - Scheduled health check for volume org.apache.hadoop.ozone.container.common.volume.HddsVolume@5bc28f40
2019-09-10 20:20:01,121 [main] INFO  impl.RaftServerProxy (ConfUtils.java:logGet(43)) - raft.rpc.type = GRPC (default)
2019-09-10 20:20:01,121 [main] INFO  grpc.GrpcFactory (GrpcFactory.java:checkPooledByteBufAllocatorUseCacheForAllThreads(45)) - PERFORMANCE WARNING: useCacheForAllThreads is true that may cause Netty to create a lot garbage objects and, as a result, trigger GC.
	It is recommended to disable useCacheForAllThreads by setting -Dorg.apache.ratis.thirdparty.io.netty.allocator.useCacheForAllThreads=false in command line.
2019-09-10 20:20:01,122 [main] INFO  grpc.GrpcConfigKeys$Server (ConfUtils.java:logGet(43)) - raft.grpc.server.port = 0 (default)
2019-09-10 20:20:01,122 [main] INFO  server.GrpcService (ConfUtils.java:logGet(43)) - raft.grpc.message.size.max = 33570816 (custom)
2019-09-10 20:20:01,122 [main] INFO  server.RaftServerConfigKeys (ConfUtils.java:logGet(43)) - raft.server.log.appender.buffer.byte-limit = 33554432 (custom)
2019-09-10 20:20:01,122 [main] INFO  server.GrpcService (ConfUtils.java:logGet(43)) - raft.grpc.flow.control.window = 1MB (=1048576) (default)
2019-09-10 20:20:01,123 [main] INFO  server.RaftServerConfigKeys (ConfUtils.java:logGet(43)) - raft.server.rpc.request.timeout = 3000ms (default)
2019-09-10 20:20:01,123 [main] INFO  server.RaftServerConfigKeys (ConfUtils.java:logGet(43)) - raft.server.storage.dir = [/workdir/hadoop-ozone/tools/target/test-dir/MiniOzoneClusterImpl-70a41ef3-a3f2-4683-b109-c1f520f7c601/datanode-1/data/ratis] (custom)
2019-09-10 20:20:01,125 [main] INFO  hdfs.DFSUtil (DFSUtil.java:httpServerTemplateForNNAndJN(1641)) - Starting Web-server for hddsDatanode at: http://0.0.0.0:0
2019-09-10 20:20:01,127 [main] INFO  server.AuthenticationFilter (AuthenticationFilter.java:constructSecretProvider(240)) - Unable to initialize FileSignerSecretProvider, falling back to use random secrets.
2019-09-10 20:20:01,127 [main] WARN  http.HttpRequestLog (HttpRequestLog.java:getRequestLog(97)) - Jetty request log can only be enabled using Log4j
2019-09-10 20:20:01,129 [main] INFO  http.HttpServer2 (HttpServer2.java:addGlobalFilter(975)) - Added global filter 'safety' (class=org.apache.hadoop.http.HttpServer2$QuotingInputFilter)
2019-09-10 20:20:01,130 [main] INFO  http.HttpServer2 (HttpServer2.java:addFilter(948)) - Added filter static_user_filter (class=org.apache.hadoop.http.lib.StaticUserWebFilter$StaticUserFilter) to context hddsDatanode
2019-09-10 20:20:01,130 [main] INFO  http.HttpServer2 (HttpServer2.java:addFilter(958)) - Added filter static_user_filter (class=org.apache.hadoop.http.lib.StaticUserWebFilter$StaticUserFilter) to context static
2019-09-10 20:20:01,130 [main] INFO  http.HttpServer2 (HttpServer2.java:addFilter(958)) - Added filter static_user_filter (class=org.apache.hadoop.http.lib.StaticUserWebFilter$StaticUserFilter) to context logs
2019-09-10 20:20:01,131 [main] INFO  http.HttpServer2 (HttpServer2.java:bindListener(1191)) - Jetty bound to port 37474
2019-09-10 20:20:01,131 [main] INFO  server.Server (Server.java:doStart(351)) - jetty-9.3.24.v20180605, build timestamp: 2018-06-05T17:11:56Z, git hash: 84205aa28f11a4f31f2a3b86d1bba2cc8ab69827
2019-09-10 20:20:01,136 [main] INFO  handler.ContextHandler (ContextHandler.java:doStart(781)) - Started o.e.j.s.ServletContextHandler@6cd64ee8{/logs,file:///workdir/hadoop-ozone/tools/target/log,AVAILABLE}
2019-09-10 20:20:01,137 [main] INFO  handler.ContextHandler (ContextHandler.java:doStart(781)) - Started o.e.j.s.ServletContextHandler@2f1d0bbc{/static,jar:file:/home/user/.m2/repository/org/apache/hadoop/hadoop-hdds-container-service/0.5.0-SNAPSHOT/hadoop-hdds-container-service-0.5.0-SNAPSHOT.jar!/webapps/static,AVAILABLE}
2019-09-10 20:20:01,165 [main] INFO  handler.ContextHandler (ContextHandler.java:doStart(781)) - Started o.e.j.w.WebAppContext@59072e9d{/,file:///tmp/jetty-0.0.0.0-37474-hddsDatanode-_-any-5626955365139297074.dir/webapp/,AVAILABLE}{/hddsDatanode}
2019-09-10 20:20:01,165 [main] INFO  server.AbstractConnector (AbstractConnector.java:doStart(278)) - Started ServerConnector@58472096{HTTP/1.1,[http/1.1]}{0.0.0.0:37474}
2019-09-10 20:20:01,166 [main] INFO  server.Server (Server.java:doStart(419)) - Started @5810ms
2019-09-10 20:20:01,167 [main] WARN  impl.MetricsSystemImpl (MetricsSystemImpl.java:register(276)) - Sink prometheus already exists!
2019-09-10 20:20:01,170 [main] INFO  server.BaseHttpServer (BaseHttpServer.java:updateConnectorAddress(215)) - HTTP server of HDDSDATANODE is listening at http://0.0.0.0:37474
2019-09-10 20:20:01,172 [main] INFO  impl.MetricsSystemImpl (MetricsSystemImpl.java:init(158)) - HddsDatanode metrics system started (again)
2019-09-10 20:20:01,176 [org.apache.hadoop.util.JvmPauseMonitor$Monitor@6393ea32] INFO  util.JvmPauseMonitor (JvmPauseMonitor.java:run(188)) - Starting JVM pause monitor
2019-09-10 20:20:01,176 [main] INFO  ozone.HddsDatanodeService (HddsDatanodeService.java:start(184)) - HddsDatanodeService host:pr-hdds-2032-ffkjc-170187842 ip:192.168.34.25
2019-09-10 20:20:01,186 [main] INFO  volume.HddsVolume (HddsVolume.java:<init>(176)) - Creating Volume: /workdir/hadoop-ozone/tools/target/test-dir/MiniOzoneClusterImpl-70a41ef3-a3f2-4683-b109-c1f520f7c601/datanode-2/data/containers/hdds of  storage type : DISK and capacity : 1482555576320
2019-09-10 20:20:01,187 [main] INFO  volume.VolumeSet (VolumeSet.java:initializeVolumeSet(170)) - Added Volume : /workdir/hadoop-ozone/tools/target/test-dir/MiniOzoneClusterImpl-70a41ef3-a3f2-4683-b109-c1f520f7c601/datanode-2/data/containers/hdds to VolumeSet
2019-09-10 20:20:01,187 [main] INFO  volume.ThrottledAsyncChecker (ThrottledAsyncChecker.java:schedule(139)) - Scheduling a check for org.apache.hadoop.ozone.container.common.volume.HddsVolume@611a990b
2019-09-10 20:20:01,188 [main] INFO  volume.HddsVolumeChecker (HddsVolumeChecker.java:checkAllVolumes(202)) - Scheduled health check for volume org.apache.hadoop.ozone.container.common.volume.HddsVolume@611a990b
2019-09-10 20:20:01,213 [main] INFO  impl.RaftServerProxy (ConfUtils.java:logGet(43)) - raft.rpc.type = GRPC (default)
2019-09-10 20:20:01,213 [main] INFO  grpc.GrpcFactory (GrpcFactory.java:checkPooledByteBufAllocatorUseCacheForAllThreads(45)) - PERFORMANCE WARNING: useCacheForAllThreads is true that may cause Netty to create a lot garbage objects and, as a result, trigger GC.
	It is recommended to disable useCacheForAllThreads by setting -Dorg.apache.ratis.thirdparty.io.netty.allocator.useCacheForAllThreads=false in command line.
2019-09-10 20:20:01,213 [main] INFO  grpc.GrpcConfigKeys$Server (ConfUtils.java:logGet(43)) - raft.grpc.server.port = 0 (default)
2019-09-10 20:20:01,214 [main] INFO  server.GrpcService (ConfUtils.java:logGet(43)) - raft.grpc.message.size.max = 33570816 (custom)
2019-09-10 20:20:01,214 [main] INFO  server.RaftServerConfigKeys (ConfUtils.java:logGet(43)) - raft.server.log.appender.buffer.byte-limit = 33554432 (custom)
2019-09-10 20:20:01,215 [main] INFO  server.GrpcService (ConfUtils.java:logGet(43)) - raft.grpc.flow.control.window = 1MB (=1048576) (default)
2019-09-10 20:20:01,216 [main] INFO  server.RaftServerConfigKeys (ConfUtils.java:logGet(43)) - raft.server.rpc.request.timeout = 3000ms (default)
2019-09-10 20:20:01,217 [main] INFO  server.RaftServerConfigKeys (ConfUtils.java:logGet(43)) - raft.server.storage.dir = [/workdir/hadoop-ozone/tools/target/test-dir/MiniOzoneClusterImpl-70a41ef3-a3f2-4683-b109-c1f520f7c601/datanode-2/data/ratis] (custom)
2019-09-10 20:20:01,220 [main] INFO  hdfs.DFSUtil (DFSUtil.java:httpServerTemplateForNNAndJN(1641)) - Starting Web-server for hddsDatanode at: http://0.0.0.0:0
2019-09-10 20:20:01,221 [Datanode State Machine Thread - 0] INFO  datanode.InitDatanodeState (InitDatanodeState.java:persistContainerDatanodeDetails(140)) - DatanodeDetails is persisted to /workdir/hadoop-ozone/tools/target/test-dir/MiniOzoneClusterImpl-70a41ef3-a3f2-4683-b109-c1f520f7c601/datanode-0/meta/datanode.id
2019-09-10 20:20:01,224 [main] INFO  server.AuthenticationFilter (AuthenticationFilter.java:constructSecretProvider(240)) - Unable to initialize FileSignerSecretProvider, falling back to use random secrets.
2019-09-10 20:20:01,225 [main] WARN  http.HttpRequestLog (HttpRequestLog.java:getRequestLog(97)) - Jetty request log can only be enabled using Log4j
2019-09-10 20:20:01,226 [Datanode State Machine Thread - 0] INFO  datanode.InitDatanodeState (InitDatanodeState.java:persistContainerDatanodeDetails(140)) - DatanodeDetails is persisted to /workdir/hadoop-ozone/tools/target/test-dir/MiniOzoneClusterImpl-70a41ef3-a3f2-4683-b109-c1f520f7c601/datanode-1/meta/datanode.id
2019-09-10 20:20:01,229 [main] INFO  http.HttpServer2 (HttpServer2.java:addGlobalFilter(975)) - Added global filter 'safety' (class=org.apache.hadoop.http.HttpServer2$QuotingInputFilter)
2019-09-10 20:20:01,231 [main] INFO  http.HttpServer2 (HttpServer2.java:addFilter(948)) - Added filter static_user_filter (class=org.apache.hadoop.http.lib.StaticUserWebFilter$StaticUserFilter) to context hddsDatanode
2019-09-10 20:20:01,231 [main] INFO  http.HttpServer2 (HttpServer2.java:addFilter(958)) - Added filter static_user_filter (class=org.apache.hadoop.http.lib.StaticUserWebFilter$StaticUserFilter) to context logs
2019-09-10 20:20:01,231 [main] INFO  http.HttpServer2 (HttpServer2.java:addFilter(958)) - Added filter static_user_filter (class=org.apache.hadoop.http.lib.StaticUserWebFilter$StaticUserFilter) to context static
2019-09-10 20:20:01,233 [main] INFO  http.HttpServer2 (HttpServer2.java:bindListener(1191)) - Jetty bound to port 46479
2019-09-10 20:20:01,233 [main] INFO  server.Server (Server.java:doStart(351)) - jetty-9.3.24.v20180605, build timestamp: 2018-06-05T17:11:56Z, git hash: 84205aa28f11a4f31f2a3b86d1bba2cc8ab69827
2019-09-10 20:20:01,236 [main] INFO  handler.ContextHandler (ContextHandler.java:doStart(781)) - Started o.e.j.s.ServletContextHandler@5624657a{/logs,file:///workdir/hadoop-ozone/tools/target/log,AVAILABLE}
2019-09-10 20:20:01,237 [main] INFO  handler.ContextHandler (ContextHandler.java:doStart(781)) - Started o.e.j.s.ServletContextHandler@4d21c56e{/static,jar:file:/home/user/.m2/repository/org/apache/hadoop/hadoop-hdds-container-service/0.5.0-SNAPSHOT/hadoop-hdds-container-service-0.5.0-SNAPSHOT.jar!/webapps/static,AVAILABLE}
2019-09-10 20:20:01,283 [main] INFO  handler.ContextHandler (ContextHandler.java:doStart(781)) - Started o.e.j.w.WebAppContext@4a163575{/,file:///tmp/jetty-0.0.0.0-46479-hddsDatanode-_-any-3731885820547336382.dir/webapp/,AVAILABLE}{/hddsDatanode}
2019-09-10 20:20:01,284 [main] INFO  server.AbstractConnector (AbstractConnector.java:doStart(278)) - Started ServerConnector@7e642b88{HTTP/1.1,[http/1.1]}{0.0.0.0:46479}
2019-09-10 20:20:01,285 [main] INFO  server.Server (Server.java:doStart(419)) - Started @5929ms
2019-09-10 20:20:01,287 [main] WARN  impl.MetricsSystemImpl (MetricsSystemImpl.java:register(276)) - Sink prometheus already exists!
2019-09-10 20:20:01,288 [main] INFO  server.BaseHttpServer (BaseHttpServer.java:updateConnectorAddress(215)) - HTTP server of HDDSDATANODE is listening at http://0.0.0.0:46479
2019-09-10 20:20:01,291 [main] INFO  ozone.MiniOzoneClusterImpl (MiniOzoneClusterImpl.java:lambda$waitForClusterToBeReady$0(140)) - Waiting for cluster to be ready. Got 0 of 3 DN Heartbeats.
2019-09-10 20:20:01,292 [org.apache.hadoop.util.JvmPauseMonitor$Monitor@383c7f2c] INFO  util.JvmPauseMonitor (JvmPauseMonitor.java:run(188)) - Starting JVM pause monitor
2019-09-10 20:20:01,296 [Datanode State Machine Thread - 0] INFO  datanode.InitDatanodeState (InitDatanodeState.java:persistContainerDatanodeDetails(140)) - DatanodeDetails is persisted to /workdir/hadoop-ozone/tools/target/test-dir/MiniOzoneClusterImpl-70a41ef3-a3f2-4683-b109-c1f520f7c601/datanode-2/meta/datanode.id
2019-09-10 20:20:02,292 [main] INFO  ozone.MiniOzoneClusterImpl (MiniOzoneClusterImpl.java:lambda$waitForClusterToBeReady$0(140)) - Waiting for cluster to be ready. Got 0 of 3 DN Heartbeats.
2019-09-10 20:20:03,153 [Datanode State Machine Thread - 0] INFO  ozoneimpl.OzoneContainer (OzoneContainer.java:start(217)) - Attempting to start container services.
2019-09-10 20:20:03,157 [Datanode State Machine Thread - 0] INFO  ozoneimpl.OzoneContainer (OzoneContainer.java:startContainerScrub(179)) - Background container scanner has been disabled.
2019-09-10 20:20:03,157 [Datanode State Machine Thread - 0] INFO  ratis.XceiverServerRatis (XceiverServerRatis.java:start(404)) - Starting XceiverServerRatis 6721d19e-fad5-40c6-a99e-1f07fcc56c74 at port 0
2019-09-10 20:20:03,185 [Datanode State Machine Thread - 0] INFO  impl.RaftServerProxy (RaftServerProxy.java:lambda$start$3(299)) - 6721d19e-fad5-40c6-a99e-1f07fcc56c74: start RPC server
2019-09-10 20:20:03,205 [Datanode State Machine Thread - 0] INFO  ozoneimpl.OzoneContainer (OzoneContainer.java:start(217)) - Attempting to start container services.
2019-09-10 20:20:03,210 [Datanode State Machine Thread - 0] INFO  ozoneimpl.OzoneContainer (OzoneContainer.java:startContainerScrub(179)) - Background container scanner has been disabled.
2019-09-10 20:20:03,210 [Datanode State Machine Thread - 0] INFO  ratis.XceiverServerRatis (XceiverServerRatis.java:start(404)) - Starting XceiverServerRatis 6effdead-13d1-41e6-a2f2-1b6cf88b37a4 at port 0
2019-09-10 20:20:03,223 [Datanode State Machine Thread - 0] INFO  impl.RaftServerProxy (RaftServerProxy.java:lambda$start$3(299)) - 6effdead-13d1-41e6-a2f2-1b6cf88b37a4: start RPC server
2019-09-10 20:20:03,292 [main] INFO  ozone.MiniOzoneClusterImpl (MiniOzoneClusterImpl.java:lambda$waitForClusterToBeReady$0(140)) - Waiting for cluster to be ready. Got 0 of 3 DN Heartbeats.
2019-09-10 20:20:03,308 [Datanode State Machine Thread - 0] INFO  ozoneimpl.OzoneContainer (OzoneContainer.java:start(217)) - Attempting to start container services.
2019-09-10 20:20:03,310 [Datanode State Machine Thread - 0] INFO  ozoneimpl.OzoneContainer (OzoneContainer.java:startContainerScrub(179)) - Background container scanner has been disabled.
2019-09-10 20:20:03,310 [Datanode State Machine Thread - 0] INFO  ratis.XceiverServerRatis (XceiverServerRatis.java:start(404)) - Starting XceiverServerRatis 9f3eeb55-1628-4544-b8a1-8f6a6bd18952 at port 0
2019-09-10 20:20:03,325 [Datanode State Machine Thread - 0] INFO  impl.RaftServerProxy (RaftServerProxy.java:lambda$start$3(299)) - 9f3eeb55-1628-4544-b8a1-8f6a6bd18952: start RPC server
2019-09-10 20:20:03,348 [Datanode State Machine Thread - 0] INFO  server.GrpcService (GrpcService.java:startImpl(158)) - 6721d19e-fad5-40c6-a99e-1f07fcc56c74: GrpcService started, listening on 0.0.0.0/0.0.0.0:43550
2019-09-10 20:20:03,348 [Datanode State Machine Thread - 0] INFO  server.GrpcService (GrpcService.java:startImpl(158)) - 9f3eeb55-1628-4544-b8a1-8f6a6bd18952: GrpcService started, listening on 0.0.0.0/0.0.0.0:34224
2019-09-10 20:20:03,348 [Datanode State Machine Thread - 0] INFO  server.GrpcService (GrpcService.java:startImpl(158)) - 6effdead-13d1-41e6-a2f2-1b6cf88b37a4: GrpcService started, listening on 0.0.0.0/0.0.0.0:36480
2019-09-10 20:20:03,349 [Datanode State Machine Thread - 0] INFO  ratis.XceiverServerRatis (XceiverServerRatis.java:start(414)) - XceiverServerRatis 9f3eeb55-1628-4544-b8a1-8f6a6bd18952 is started using port 34224
2019-09-10 20:20:03,348 [Datanode State Machine Thread - 0] INFO  ratis.XceiverServerRatis (XceiverServerRatis.java:start(414)) - XceiverServerRatis 6721d19e-fad5-40c6-a99e-1f07fcc56c74 is started using port 43550
2019-09-10 20:20:03,349 [Datanode State Machine Thread - 0] INFO  ratis.XceiverServerRatis (XceiverServerRatis.java:start(414)) - XceiverServerRatis 6effdead-13d1-41e6-a2f2-1b6cf88b37a4 is started using port 36480
2019-09-10 20:20:03,355 [Datanode State Machine Thread - 0] INFO  server.XceiverServerGrpc (XceiverServerGrpc.java:start(163)) - XceiverServerGrpc 6721d19e-fad5-40c6-a99e-1f07fcc56c74 is started using port 35631
2019-09-10 20:20:03,355 [Datanode State Machine Thread - 0] INFO  server.XceiverServerGrpc (XceiverServerGrpc.java:start(163)) - XceiverServerGrpc 6effdead-13d1-41e6-a2f2-1b6cf88b37a4 is started using port 46278
2019-09-10 20:20:03,356 [Datanode State Machine Thread - 0] INFO  server.XceiverServerGrpc (XceiverServerGrpc.java:start(163)) - XceiverServerGrpc 9f3eeb55-1628-4544-b8a1-8f6a6bd18952 is started using port 44267
2019-09-10 20:20:04,293 [main] INFO  ozone.MiniOzoneClusterImpl (MiniOzoneClusterImpl.java:lambda$waitForClusterToBeReady$0(140)) - Waiting for cluster to be ready. Got 0 of 3 DN Heartbeats.
2019-09-10 20:20:05,128 [IPC Server handler 17 on 42596] INFO  net.NetworkTopology (NetworkTopologyImpl.java:add(110)) - Added a new node: /default-rack/6721d19e-fad5-40c6-a99e-1f07fcc56c74
2019-09-10 20:20:05,129 [IPC Server handler 17 on 42596] INFO  node.SCMNodeManager (SCMNodeManager.java:register(266)) - Registered Data node : 6721d19e-fad5-40c6-a99e-1f07fcc56c74{ip: 192.168.34.25, host: pr-hdds-2032-ffkjc-170187842, networkLocation: /default-rack, certSerialId: null}
2019-09-10 20:20:05,134 [EventQueue-NodeRegistrationContainerReportForDataNodeSafeModeRule] INFO  safemode.SCMSafeModeManager (DataNodeSafeModeRule.java:process(71)) - SCM in safe mode. 1 DataNodes registered, 1 required.
2019-09-10 20:20:05,135 [EventQueue-NodeRegistrationContainerReportForDataNodeSafeModeRule] INFO  safemode.SCMSafeModeManager (SCMSafeModeManager.java:validateSafeModeExitRules(177)) - ScmSafeModeManager, all rules are successfully validated
2019-09-10 20:20:05,135 [EventQueue-NodeRegistrationContainerReportForDataNodeSafeModeRule] INFO  safemode.SCMSafeModeManager (SCMSafeModeManager.java:exitSafeMode(193)) - SCM exiting safe mode.
2019-09-10 20:20:05,179 [IPC Server handler 15 on 42596] INFO  net.NetworkTopology (NetworkTopologyImpl.java:add(110)) - Added a new node: /default-rack/6effdead-13d1-41e6-a2f2-1b6cf88b37a4
2019-09-10 20:20:05,179 [IPC Server handler 15 on 42596] INFO  node.SCMNodeManager (SCMNodeManager.java:register(266)) - Registered Data node : 6effdead-13d1-41e6-a2f2-1b6cf88b37a4{ip: 192.168.34.25, host: pr-hdds-2032-ffkjc-170187842, networkLocation: /default-rack, certSerialId: null}
2019-09-10 20:20:05,294 [main] INFO  ozone.MiniOzoneClusterImpl (MiniOzoneClusterImpl.java:lambda$waitForClusterToBeReady$0(140)) - Waiting for cluster to be ready. Got 2 of 3 DN Heartbeats.
2019-09-10 20:20:05,297 [IPC Server handler 17 on 42596] INFO  net.NetworkTopology (NetworkTopologyImpl.java:add(110)) - Added a new node: /default-rack/9f3eeb55-1628-4544-b8a1-8f6a6bd18952
2019-09-10 20:20:05,297 [IPC Server handler 17 on 42596] INFO  node.SCMNodeManager (SCMNodeManager.java:register(266)) - Registered Data node : 9f3eeb55-1628-4544-b8a1-8f6a6bd18952{ip: 192.168.34.25, host: pr-hdds-2032-ffkjc-170187842, networkLocation: /default-rack, certSerialId: null}
2019-09-10 20:20:05,680 [grpc-default-executor-0] INFO  impl.RaftServerProxy (RaftServerProxy.java:addNew(89)) - 6721d19e-fad5-40c6-a99e-1f07fcc56c74: addNew group-0E4B4BFD69BC:[6721d19e-fad5-40c6-a99e-1f07fcc56c74:192.168.34.25:43550] returns group-0E4B4BFD69BC:java.util.concurrent.CompletableFuture@2a2511af[Not completed]
2019-09-10 20:20:05,703 [pool-27-thread-1] INFO  impl.RaftServerImpl (RaftServerImpl.java:<init>(95)) - 6721d19e-fad5-40c6-a99e-1f07fcc56c74: new RaftServerImpl for group-0E4B4BFD69BC:[6721d19e-fad5-40c6-a99e-1f07fcc56c74:192.168.34.25:43550] with ContainerStateMachine:uninitialized
2019-09-10 20:20:05,706 [pool-27-thread-1] INFO  server.RaftServerConfigKeys (ConfUtils.java:logGet(43)) - raft.server.rpc.timeout.min = 5s (custom)
2019-09-10 20:20:05,707 [pool-27-thread-1] INFO  server.RaftServerConfigKeys (ConfUtils.java:logGet(43)) - raft.server.rpc.timeout.max = 5200ms (custom)
2019-09-10 20:20:05,708 [pool-27-thread-1] INFO  server.RaftServerConfigKeys (ConfUtils.java:logGet(43)) - raft.server.rpcslowness.timeout = 120s (custom)
2019-09-10 20:20:05,709 [pool-27-thread-1] INFO  server.RaftServerConfigKeys (ConfUtils.java:logGet(43)) - raft.server.sleep.deviation.threshold = 300 (default)
2019-09-10 20:20:05,710 [pool-27-thread-1] INFO  server.RaftServerConfigKeys (ConfUtils.java:logGet(43)) - raft.server.log.appender.install.snapshot.enabled = false (custom)
2019-09-10 20:20:05,719 [pool-27-thread-1] INFO  impl.RaftServerImpl (ServerState.java:<init>(103)) - 6721d19e-fad5-40c6-a99e-1f07fcc56c74@group-0E4B4BFD69BC: ConfigurationManager, init=-1: [6721d19e-fad5-40c6-a99e-1f07fcc56c74:192.168.34.25:43550], old=null, confs=<EMPTY_MAP>
2019-09-10 20:20:05,719 [pool-27-thread-1] INFO  server.RaftServerConfigKeys (ConfUtils.java:logGet(43)) - raft.server.storage.dir = [/workdir/hadoop-ozone/tools/target/test-dir/MiniOzoneClusterImpl-70a41ef3-a3f2-4683-b109-c1f520f7c601/datanode-0/data/ratis] (custom)
2019-09-10 20:20:05,728 [pool-27-thread-1] INFO  storage.RaftStorageDirectory (RaftStorageDirectory.java:analyzeStorage(246)) - The storage directory /workdir/hadoop-ozone/tools/target/test-dir/MiniOzoneClusterImpl-70a41ef3-a3f2-4683-b109-c1f520f7c601/datanode-0/data/ratis/118193e1-9d7f-41a6-8722-0e4b4bfd69bc does not exist. Creating ...
2019-09-10 20:20:05,794 [pool-27-thread-1] INFO  storage.RaftStorageDirectory (RaftStorageDirectory.java:tryLock(328)) - Lock on /workdir/hadoop-ozone/tools/target/test-dir/MiniOzoneClusterImpl-70a41ef3-a3f2-4683-b109-c1f520f7c601/datanode-0/data/ratis/118193e1-9d7f-41a6-8722-0e4b4bfd69bc/in_use.lock acquired by nodename 14017@pr-hdds-2032-ffkjc-170187842
2019-09-10 20:20:05,853 [pool-27-thread-1] INFO  storage.RaftStorage (RaftStorage.java:format(72)) - Storage directory /workdir/hadoop-ozone/tools/target/test-dir/MiniOzoneClusterImpl-70a41ef3-a3f2-4683-b109-c1f520f7c601/datanode-0/data/ratis/118193e1-9d7f-41a6-8722-0e4b4bfd69bc has been successfully formatted.
2019-09-10 20:20:05,857 [pool-27-thread-1] INFO  ratis.ContainerStateMachine (ContainerStateMachine.java:loadSnapshot(230)) - group-0E4B4BFD69BC: The snapshot info is null. Setting the last applied indexto:(t:0, i:~)
2019-09-10 20:20:05,857 [pool-27-thread-1] INFO  server.RaftServerConfigKeys (ConfUtils.java:logGet(43)) - raft.server.notification.no-leader.timeout = 120s (custom)
2019-09-10 20:20:05,860 [pool-27-thread-1] INFO  server.RaftServerConfigKeys (ConfUtils.java:logGet(43)) - raft.server.log.use.memory = false (default)
2019-09-10 20:20:05,869 [pool-27-thread-1] INFO  server.RaftServerConfigKeys (ConfUtils.java:logGet(43)) - raft.server.log.purge.gap = 1000000 (custom)
2019-09-10 20:20:05,870 [pool-27-thread-1] INFO  server.RaftServerConfigKeys (ConfUtils.java:logGet(43)) - raft.server.log.appender.buffer.byte-limit = 33554432 (custom)
2019-09-10 20:20:05,873 [pool-27-thread-1] INFO  server.RaftServerConfigKeys (ConfUtils.java:logGet(43)) - raft.server.log.segment.size.max = 1048576 (custom)
2019-09-10 20:20:05,880 [pool-27-thread-1] INFO  server.RaftServerConfigKeys (ConfUtils.java:logGet(43)) - raft.server.log.segment.cache.num.max = 2 (custom)
2019-09-10 20:20:05,888 [pool-27-thread-1] INFO  segmented.SegmentedRaftLogWorker (SegmentedRaftLogWorker.java:<init>(172)) - new 6721d19e-fad5-40c6-a99e-1f07fcc56c74@group-0E4B4BFD69BC-SegmentedRaftLogWorker for RaftStorage:Storage Directory /workdir/hadoop-ozone/tools/target/test-dir/MiniOzoneClusterImpl-70a41ef3-a3f2-4683-b109-c1f520f7c601/datanode-0/data/ratis/118193e1-9d7f-41a6-8722-0e4b4bfd69bc
2019-09-10 20:20:05,890 [pool-27-thread-1] INFO  impl.MetricsSystemImpl (MetricsSystemImpl.java:init(158)) - ratis metrics system started (again)
2019-09-10 20:20:05,932 [pool-27-thread-1] INFO  server.RaftServerConfigKeys (ConfUtils.java:logGet(43)) - raft.server.log.queue.byte-limit = 2147483647 (custom)
2019-09-10 20:20:05,933 [pool-27-thread-1] INFO  server.RaftServerConfigKeys (ConfUtils.java:logGet(43)) - raft.server.log.queue.element-limit = 1024 (custom)
2019-09-10 20:20:05,937 [pool-27-thread-1] INFO  server.RaftServerConfigKeys (ConfUtils.java:logGet(43)) - raft.server.log.segment.size.max = 1048576 (custom)
2019-09-10 20:20:05,937 [pool-27-thread-1] INFO  server.RaftServerConfigKeys (ConfUtils.java:logGet(43)) - raft.server.log.preallocated.size = 16384 (custom)
2019-09-10 20:20:05,938 [pool-27-thread-1] INFO  server.RaftServerConfigKeys (ConfUtils.java:logGet(43)) - raft.server.log.write.buffer.size = 33554432 (custom)
2019-09-10 20:20:05,938 [pool-27-thread-1] INFO  server.RaftServerConfigKeys (ConfUtils.java:logGet(43)) - raft.server.log.force.sync.num = 128 (default)
2019-09-10 20:20:05,939 [pool-27-thread-1] INFO  server.RaftServerConfigKeys (ConfUtils.java:logGet(43)) - raft.server.log.statemachine.data.sync = true (default)
2019-09-10 20:20:05,939 [pool-27-thread-1] INFO  server.RaftServerConfigKeys (ConfUtils.java:logGet(43)) - raft.server.log.statemachine.data.sync.timeout = 10s (default)
2019-09-10 20:20:05,940 [pool-27-thread-1] INFO  server.RaftServerConfigKeys (ConfUtils.java:logGet(43)) - raft.server.log.statemachine.data.sync.timeout.retry = -1 (default)
2019-09-10 20:20:05,952 [pool-27-thread-1] INFO  server.RaftServerConfigKeys (ConfUtils.java:logGet(43)) - raft.server.log.statemachine.data.caching.enabled = true (custom)
2019-09-10 20:20:05,957 [pool-27-thread-1] INFO  segmented.SegmentedRaftLogWorker (SegmentedRaftLogWorker.java:lambda$new$0(132)) - 6721d19e-fad5-40c6-a99e-1f07fcc56c74@group-0E4B4BFD69BC-SegmentedRaftLogWorker: flushIndex: setUnconditionally 0 -> -1
2019-09-10 20:20:05,964 [pool-27-thread-1] INFO  server.RaftServerConfigKeys (ConfUtils.java:logGet(43)) - raft.server.snapshot.auto.trigger.enabled = true (custom)
2019-09-10 20:20:05,965 [pool-27-thread-1] INFO  server.RaftServerConfigKeys (ConfUtils.java:logGet(43)) - raft.server.snapshot.auto.trigger.threshold = 10000 (custom)
2019-09-10 20:20:05,966 [pool-27-thread-1] INFO  server.RaftServerConfigKeys (ConfUtils.java:logGet(43)) - raft.server.snapshot.retention.num.files = -1 (default)
2019-09-10 20:20:05,967 [pool-27-thread-1] INFO  server.RaftServerConfigKeys (ConfUtils.java:logGet(43)) - raft.server.retrycache.expirytime = 600000ms (custom)
2019-09-10 20:20:05,995 [pool-27-thread-1] INFO  impl.RaftServerImpl (RaftServerImpl.java:start(185)) - 6721d19e-fad5-40c6-a99e-1f07fcc56c74@group-0E4B4BFD69BC: start as a follower, conf=-1: [6721d19e-fad5-40c6-a99e-1f07fcc56c74:192.168.34.25:43550], old=null
2019-09-10 20:20:05,996 [pool-27-thread-1] INFO  impl.RaftServerImpl (RaftServerImpl.java:setRole(174)) - 6721d19e-fad5-40c6-a99e-1f07fcc56c74@group-0E4B4BFD69BC: changes role from      null to FOLLOWER at term 0 for startAsFollower
2019-09-10 20:20:05,997 [pool-27-thread-1] INFO  impl.RoleInfo (RoleInfo.java:updateAndGet(143)) - 6721d19e-fad5-40c6-a99e-1f07fcc56c74: start FollowerState
2019-09-10 20:20:05,999 [pool-27-thread-1] INFO  util.JmxRegister (JmxRegister.java:tryRegister(44)) - Successfully registered JMX Bean with object name Ratis:service=RaftServer,group=group-0E4B4BFD69BC,id=6721d19e-fad5-40c6-a99e-1f07fcc56c74
2019-09-10 20:20:06,065 [RatisPipelineUtilsThread] INFO  pipeline.PipelineStateManager (PipelineStateManager.java:addPipeline(56)) - Created pipeline Pipeline[ Id: 118193e1-9d7f-41a6-8722-0e4b4bfd69bc, Nodes: 6721d19e-fad5-40c6-a99e-1f07fcc56c74{ip: 192.168.34.25, host: pr-hdds-2032-ffkjc-170187842, networkLocation: /default-rack, certSerialId: null}, Type:RATIS, Factor:ONE, State:OPEN]
2019-09-10 20:20:06,085 [grpc-default-executor-0] INFO  impl.RaftServerProxy (RaftServerProxy.java:addNew(89)) - 6effdead-13d1-41e6-a2f2-1b6cf88b37a4: addNew group-BDAC1C85DE9F:[6effdead-13d1-41e6-a2f2-1b6cf88b37a4:192.168.34.25:36480] returns group-BDAC1C85DE9F:java.util.concurrent.CompletableFuture@68877181[Not completed]
2019-09-10 20:20:06,115 [pool-37-thread-1] INFO  impl.RaftServerImpl (RaftServerImpl.java:<init>(95)) - 6effdead-13d1-41e6-a2f2-1b6cf88b37a4: new RaftServerImpl for group-BDAC1C85DE9F:[6effdead-13d1-41e6-a2f2-1b6cf88b37a4:192.168.34.25:36480] with ContainerStateMachine:uninitialized
2019-09-10 20:20:06,117 [pool-37-thread-1] INFO  server.RaftServerConfigKeys (ConfUtils.java:logGet(43)) - raft.server.rpc.timeout.min = 5s (custom)
2019-09-10 20:20:06,117 [pool-37-thread-1] INFO  server.RaftServerConfigKeys (ConfUtils.java:logGet(43)) - raft.server.rpc.timeout.max = 5200ms (custom)
2019-09-10 20:20:06,117 [pool-37-thread-1] INFO  server.RaftServerConfigKeys (ConfUtils.java:logGet(43)) - raft.server.rpcslowness.timeout = 120s (custom)
2019-09-10 20:20:06,118 [pool-37-thread-1] INFO  server.RaftServerConfigKeys (ConfUtils.java:logGet(43)) - raft.server.sleep.deviation.threshold = 300 (default)
2019-09-10 20:20:06,118 [pool-37-thread-1] INFO  server.RaftServerConfigKeys (ConfUtils.java:logGet(43)) - raft.server.log.appender.install.snapshot.enabled = false (custom)
2019-09-10 20:20:06,118 [pool-37-thread-1] INFO  impl.RaftServerImpl (ServerState.java:<init>(103)) - 6effdead-13d1-41e6-a2f2-1b6cf88b37a4@group-BDAC1C85DE9F: ConfigurationManager, init=-1: [6effdead-13d1-41e6-a2f2-1b6cf88b37a4:192.168.34.25:36480], old=null, confs=<EMPTY_MAP>
2019-09-10 20:20:06,118 [pool-37-thread-1] INFO  server.RaftServerConfigKeys (ConfUtils.java:logGet(43)) - raft.server.storage.dir = [/workdir/hadoop-ozone/tools/target/test-dir/MiniOzoneClusterImpl-70a41ef3-a3f2-4683-b109-c1f520f7c601/datanode-1/data/ratis] (custom)
2019-09-10 20:20:06,118 [pool-37-thread-1] INFO  storage.RaftStorageDirectory (RaftStorageDirectory.java:analyzeStorage(246)) - The storage directory /workdir/hadoop-ozone/tools/target/test-dir/MiniOzoneClusterImpl-70a41ef3-a3f2-4683-b109-c1f520f7c601/datanode-1/data/ratis/d028325a-8401-4585-809e-bdac1c85de9f does not exist. Creating ...
2019-09-10 20:20:06,150 [pool-37-thread-1] INFO  storage.RaftStorageDirectory (RaftStorageDirectory.java:tryLock(328)) - Lock on /workdir/hadoop-ozone/tools/target/test-dir/MiniOzoneClusterImpl-70a41ef3-a3f2-4683-b109-c1f520f7c601/datanode-1/data/ratis/d028325a-8401-4585-809e-bdac1c85de9f/in_use.lock acquired by nodename 14017@pr-hdds-2032-ffkjc-170187842
2019-09-10 20:20:06,204 [pool-37-thread-1] INFO  storage.RaftStorage (RaftStorage.java:format(72)) - Storage directory /workdir/hadoop-ozone/tools/target/test-dir/MiniOzoneClusterImpl-70a41ef3-a3f2-4683-b109-c1f520f7c601/datanode-1/data/ratis/d028325a-8401-4585-809e-bdac1c85de9f has been successfully formatted.
2019-09-10 20:20:06,206 [pool-37-thread-1] INFO  ratis.ContainerStateMachine (ContainerStateMachine.java:loadSnapshot(230)) - group-BDAC1C85DE9F: The snapshot info is null. Setting the last applied indexto:(t:0, i:~)
2019-09-10 20:20:06,207 [pool-37-thread-1] INFO  server.RaftServerConfigKeys (ConfUtils.java:logGet(43)) - raft.server.notification.no-leader.timeout = 120s (custom)
2019-09-10 20:20:06,207 [pool-37-thread-1] INFO  server.RaftServerConfigKeys (ConfUtils.java:logGet(43)) - raft.server.log.use.memory = false (default)
2019-09-10 20:20:06,207 [pool-37-thread-1] INFO  server.RaftServerConfigKeys (ConfUtils.java:logGet(43)) - raft.server.log.purge.gap = 1000000 (custom)
2019-09-10 20:20:06,208 [pool-37-thread-1] INFO  server.RaftServerConfigKeys (ConfUtils.java:logGet(43)) - raft.server.log.appender.buffer.byte-limit = 33554432 (custom)
2019-09-10 20:20:06,208 [pool-37-thread-1] INFO  server.RaftServerConfigKeys (ConfUtils.java:logGet(43)) - raft.server.log.segment.size.max = 1048576 (custom)
2019-09-10 20:20:06,208 [pool-37-thread-1] INFO  server.RaftServerConfigKeys (ConfUtils.java:logGet(43)) - raft.server.log.segment.cache.num.max = 2 (custom)
2019-09-10 20:20:06,208 [pool-37-thread-1] INFO  segmented.SegmentedRaftLogWorker (SegmentedRaftLogWorker.java:<init>(172)) - new 6effdead-13d1-41e6-a2f2-1b6cf88b37a4@group-BDAC1C85DE9F-SegmentedRaftLogWorker for RaftStorage:Storage Directory /workdir/hadoop-ozone/tools/target/test-dir/MiniOzoneClusterImpl-70a41ef3-a3f2-4683-b109-c1f520f7c601/datanode-1/data/ratis/d028325a-8401-4585-809e-bdac1c85de9f
2019-09-10 20:20:06,214 [pool-37-thread-1] INFO  server.RaftServerConfigKeys (ConfUtils.java:logGet(43)) - raft.server.log.queue.byte-limit = 2147483647 (custom)
2019-09-10 20:20:06,214 [pool-37-thread-1] INFO  server.RaftServerConfigKeys (ConfUtils.java:logGet(43)) - raft.server.log.queue.element-limit = 1024 (custom)
2019-09-10 20:20:06,215 [pool-37-thread-1] INFO  server.RaftServerConfigKeys (ConfUtils.java:logGet(43)) - raft.server.log.segment.size.max = 1048576 (custom)
2019-09-10 20:20:06,215 [pool-37-thread-1] INFO  server.RaftServerConfigKeys (ConfUtils.java:logGet(43)) - raft.server.log.preallocated.size = 16384 (custom)
2019-09-10 20:20:06,215 [pool-37-thread-1] INFO  server.RaftServerConfigKeys (ConfUtils.java:logGet(43)) - raft.server.log.write.buffer.size = 33554432 (custom)
2019-09-10 20:20:06,215 [pool-37-thread-1] INFO  server.RaftServerConfigKeys (ConfUtils.java:logGet(43)) - raft.server.log.force.sync.num = 128 (default)
2019-09-10 20:20:06,215 [pool-37-thread-1] INFO  server.RaftServerConfigKeys (ConfUtils.java:logGet(43)) - raft.server.log.statemachine.data.sync = true (default)
2019-09-10 20:20:06,215 [pool-37-thread-1] INFO  server.RaftServerConfigKeys (ConfUtils.java:logGet(43)) - raft.server.log.statemachine.data.sync.timeout = 10s (default)
2019-09-10 20:20:06,215 [pool-37-thread-1] INFO  server.RaftServerConfigKeys (ConfUtils.java:logGet(43)) - raft.server.log.statemachine.data.sync.timeout.retry = -1 (default)
2019-09-10 20:20:06,216 [pool-37-thread-1] INFO  server.RaftServerConfigKeys (ConfUtils.java:logGet(43)) - raft.server.log.statemachine.data.caching.enabled = true (custom)
2019-09-10 20:20:06,216 [pool-37-thread-1] INFO  segmented.SegmentedRaftLogWorker (SegmentedRaftLogWorker.java:lambda$new$0(132)) - 6effdead-13d1-41e6-a2f2-1b6cf88b37a4@group-BDAC1C85DE9F-SegmentedRaftLogWorker: flushIndex: setUnconditionally 0 -> -1
2019-09-10 20:20:06,216 [pool-37-thread-1] INFO  server.RaftServerConfigKeys (ConfUtils.java:logGet(43)) - raft.server.snapshot.auto.trigger.enabled = true (custom)
2019-09-10 20:20:06,216 [pool-37-thread-1] INFO  server.RaftServerConfigKeys (ConfUtils.java:logGet(43)) - raft.server.snapshot.auto.trigger.threshold = 10000 (custom)
2019-09-10 20:20:06,217 [pool-37-thread-1] INFO  server.RaftServerConfigKeys (ConfUtils.java:logGet(43)) - raft.server.snapshot.retention.num.files = -1 (default)
2019-09-10 20:20:06,217 [pool-37-thread-1] INFO  server.RaftServerConfigKeys (ConfUtils.java:logGet(43)) - raft.server.retrycache.expirytime = 600000ms (custom)
2019-09-10 20:20:06,221 [pool-37-thread-1] INFO  impl.RaftServerImpl (RaftServerImpl.java:start(185)) - 6effdead-13d1-41e6-a2f2-1b6cf88b37a4@group-BDAC1C85DE9F: start as a follower, conf=-1: [6effdead-13d1-41e6-a2f2-1b6cf88b37a4:192.168.34.25:36480], old=null
2019-09-10 20:20:06,221 [pool-37-thread-1] INFO  impl.RaftServerImpl (RaftServerImpl.java:setRole(174)) - 6effdead-13d1-41e6-a2f2-1b6cf88b37a4@group-BDAC1C85DE9F: changes role from      null to FOLLOWER at term 0 for startAsFollower
2019-09-10 20:20:06,221 [pool-37-thread-1] INFO  impl.RoleInfo (RoleInfo.java:updateAndGet(143)) - 6effdead-13d1-41e6-a2f2-1b6cf88b37a4: start FollowerState
2019-09-10 20:20:06,223 [pool-37-thread-1] INFO  util.JmxRegister (JmxRegister.java:tryRegister(44)) - Successfully registered JMX Bean with object name Ratis:service=RaftServer,group=group-BDAC1C85DE9F,id=6effdead-13d1-41e6-a2f2-1b6cf88b37a4
2019-09-10 20:20:06,236 [RatisPipelineUtilsThread] INFO  pipeline.PipelineStateManager (PipelineStateManager.java:addPipeline(56)) - Created pipeline Pipeline[ Id: d028325a-8401-4585-809e-bdac1c85de9f, Nodes: 6effdead-13d1-41e6-a2f2-1b6cf88b37a4{ip: 192.168.34.25, host: pr-hdds-2032-ffkjc-170187842, networkLocation: /default-rack, certSerialId: null}, Type:RATIS, Factor:ONE, State:OPEN]
2019-09-10 20:20:06,257 [grpc-default-executor-0] INFO  impl.RaftServerProxy (RaftServerProxy.java:addNew(89)) - 9f3eeb55-1628-4544-b8a1-8f6a6bd18952: addNew group-3B6E0A6F728B:[9f3eeb55-1628-4544-b8a1-8f6a6bd18952:192.168.34.25:34224] returns group-3B6E0A6F728B:java.util.concurrent.CompletableFuture@eacc0ca[Not completed]
2019-09-10 20:20:06,275 [pool-47-thread-1] INFO  impl.RaftServerImpl (RaftServerImpl.java:<init>(95)) - 9f3eeb55-1628-4544-b8a1-8f6a6bd18952: new RaftServerImpl for group-3B6E0A6F728B:[9f3eeb55-1628-4544-b8a1-8f6a6bd18952:192.168.34.25:34224] with ContainerStateMachine:uninitialized
2019-09-10 20:20:06,276 [pool-47-thread-1] INFO  server.RaftServerConfigKeys (ConfUtils.java:logGet(43)) - raft.server.rpc.timeout.min = 5s (custom)
2019-09-10 20:20:06,276 [pool-47-thread-1] INFO  server.RaftServerConfigKeys (ConfUtils.java:logGet(43)) - raft.server.rpc.timeout.max = 5200ms (custom)
2019-09-10 20:20:06,276 [pool-47-thread-1] INFO  server.RaftServerConfigKeys (ConfUtils.java:logGet(43)) - raft.server.rpcslowness.timeout = 120s (custom)
2019-09-10 20:20:06,276 [pool-47-thread-1] INFO  server.RaftServerConfigKeys (ConfUtils.java:logGet(43)) - raft.server.sleep.deviation.threshold = 300 (default)
2019-09-10 20:20:06,276 [pool-47-thread-1] INFO  server.RaftServerConfigKeys (ConfUtils.java:logGet(43)) - raft.server.log.appender.install.snapshot.enabled = false (custom)
2019-09-10 20:20:06,276 [pool-47-thread-1] INFO  impl.RaftServerImpl (ServerState.java:<init>(103)) - 9f3eeb55-1628-4544-b8a1-8f6a6bd18952@group-3B6E0A6F728B: ConfigurationManager, init=-1: [9f3eeb55-1628-4544-b8a1-8f6a6bd18952:192.168.34.25:34224], old=null, confs=<EMPTY_MAP>
2019-09-10 20:20:06,277 [pool-47-thread-1] INFO  server.RaftServerConfigKeys (ConfUtils.java:logGet(43)) - raft.server.storage.dir = [/workdir/hadoop-ozone/tools/target/test-dir/MiniOzoneClusterImpl-70a41ef3-a3f2-4683-b109-c1f520f7c601/datanode-2/data/ratis] (custom)
2019-09-10 20:20:06,277 [pool-47-thread-1] INFO  storage.RaftStorageDirectory (RaftStorageDirectory.java:analyzeStorage(246)) - The storage directory /workdir/hadoop-ozone/tools/target/test-dir/MiniOzoneClusterImpl-70a41ef3-a3f2-4683-b109-c1f520f7c601/datanode-2/data/ratis/96ab9649-9084-40e0-905d-3b6e0a6f728b does not exist. Creating ...
2019-09-10 20:20:06,296 [main] INFO  ozone.MiniOzoneClusterImpl (MiniOzoneClusterImpl.java:lambda$waitForClusterToBeReady$0(140)) - Cluster is ready. Got 3 of 3 DN Heartbeats.
2019-09-10 20:20:06,322 [pool-47-thread-1] INFO  storage.RaftStorageDirectory (RaftStorageDirectory.java:tryLock(328)) - Lock on /workdir/hadoop-ozone/tools/target/test-dir/MiniOzoneClusterImpl-70a41ef3-a3f2-4683-b109-c1f520f7c601/datanode-2/data/ratis/96ab9649-9084-40e0-905d-3b6e0a6f728b/in_use.lock acquired by nodename 14017@pr-hdds-2032-ffkjc-170187842
2019-09-10 20:20:06,328 [pool-47-thread-1] INFO  storage.RaftStorage (RaftStorage.java:format(72)) - Storage directory /workdir/hadoop-ozone/tools/target/test-dir/MiniOzoneClusterImpl-70a41ef3-a3f2-4683-b109-c1f520f7c601/datanode-2/data/ratis/96ab9649-9084-40e0-905d-3b6e0a6f728b has been successfully formatted.
2019-09-10 20:20:06,328 [pool-47-thread-1] INFO  ratis.ContainerStateMachine (ContainerStateMachine.java:loadSnapshot(230)) - group-3B6E0A6F728B: The snapshot info is null. Setting the last applied indexto:(t:0, i:~)
2019-09-10 20:20:06,329 [pool-47-thread-1] INFO  server.RaftServerConfigKeys (ConfUtils.java:logGet(43)) - raft.server.notification.no-leader.timeout = 120s (custom)
2019-09-10 20:20:06,329 [pool-47-thread-1] INFO  server.RaftServerConfigKeys (ConfUtils.java:logGet(43)) - raft.server.log.use.memory = false (default)
2019-09-10 20:20:06,329 [pool-47-thread-1] INFO  server.RaftServerConfigKeys (ConfUtils.java:logGet(43)) - raft.server.log.purge.gap = 1000000 (custom)
2019-09-10 20:20:06,329 [pool-47-thread-1] INFO  server.RaftServerConfigKeys (ConfUtils.java:logGet(43)) - raft.server.log.appender.buffer.byte-limit = 33554432 (custom)
2019-09-10 20:20:06,329 [pool-47-thread-1] INFO  server.RaftServerConfigKeys (ConfUtils.java:logGet(43)) - raft.server.log.segment.size.max = 1048576 (custom)
2019-09-10 20:20:06,329 [pool-47-thread-1] INFO  server.RaftServerConfigKeys (ConfUtils.java:logGet(43)) - raft.server.log.segment.cache.num.max = 2 (custom)
2019-09-10 20:20:06,330 [pool-47-thread-1] INFO  segmented.SegmentedRaftLogWorker (SegmentedRaftLogWorker.java:<init>(172)) - new 9f3eeb55-1628-4544-b8a1-8f6a6bd18952@group-3B6E0A6F728B-SegmentedRaftLogWorker for RaftStorage:Storage Directory /workdir/hadoop-ozone/tools/target/test-dir/MiniOzoneClusterImpl-70a41ef3-a3f2-4683-b109-c1f520f7c601/datanode-2/data/ratis/96ab9649-9084-40e0-905d-3b6e0a6f728b
2019-09-10 20:20:06,357 [pool-47-thread-1] INFO  server.RaftServerConfigKeys (ConfUtils.java:logGet(43)) - raft.server.log.queue.byte-limit = 2147483647 (custom)
2019-09-10 20:20:06,358 [pool-47-thread-1] INFO  server.RaftServerConfigKeys (ConfUtils.java:logGet(43)) - raft.server.log.queue.element-limit = 1024 (custom)
2019-09-10 20:20:06,358 [pool-47-thread-1] INFO  server.RaftServerConfigKeys (ConfUtils.java:logGet(43)) - raft.server.log.segment.size.max = 1048576 (custom)
2019-09-10 20:20:06,358 [pool-47-thread-1] INFO  server.RaftServerConfigKeys (ConfUtils.java:logGet(43)) - raft.server.log.preallocated.size = 16384 (custom)
2019-09-10 20:20:06,358 [pool-47-thread-1] INFO  server.RaftServerConfigKeys (ConfUtils.java:logGet(43)) - raft.server.log.write.buffer.size = 33554432 (custom)
2019-09-10 20:20:06,358 [pool-47-thread-1] INFO  server.RaftServerConfigKeys (ConfUtils.java:logGet(43)) - raft.server.log.force.sync.num = 128 (default)
2019-09-10 20:20:06,359 [pool-47-thread-1] INFO  server.RaftServerConfigKeys (ConfUtils.java:logGet(43)) - raft.server.log.statemachine.data.sync = true (default)
2019-09-10 20:20:06,359 [pool-47-thread-1] INFO  server.RaftServerConfigKeys (ConfUtils.java:logGet(43)) - raft.server.log.statemachine.data.sync.timeout = 10s (default)
2019-09-10 20:20:06,359 [pool-47-thread-1] INFO  server.RaftServerConfigKeys (ConfUtils.java:logGet(43)) - raft.server.log.statemachine.data.sync.timeout.retry = -1 (default)
2019-09-10 20:20:06,359 [pool-47-thread-1] INFO  server.RaftServerConfigKeys (ConfUtils.java:logGet(43)) - raft.server.log.statemachine.data.caching.enabled = true (custom)
2019-09-10 20:20:06,360 [pool-47-thread-1] INFO  segmented.SegmentedRaftLogWorker (SegmentedRaftLogWorker.java:lambda$new$0(132)) - 9f3eeb55-1628-4544-b8a1-8f6a6bd18952@group-3B6E0A6F728B-SegmentedRaftLogWorker: flushIndex: setUnconditionally 0 -> -1
2019-09-10 20:20:06,360 [pool-47-thread-1] INFO  server.RaftServerConfigKeys (ConfUtils.java:logGet(43)) - raft.server.snapshot.auto.trigger.enabled = true (custom)
2019-09-10 20:20:06,360 [pool-47-thread-1] INFO  server.RaftServerConfigKeys (ConfUtils.java:logGet(43)) - raft.server.snapshot.auto.trigger.threshold = 10000 (custom)
2019-09-10 20:20:06,360 [pool-47-thread-1] INFO  server.RaftServerConfigKeys (ConfUtils.java:logGet(43)) - raft.server.snapshot.retention.num.files = -1 (default)
2019-09-10 20:20:06,361 [pool-47-thread-1] INFO  server.RaftServerConfigKeys (ConfUtils.java:logGet(43)) - raft.server.retrycache.expirytime = 600000ms (custom)
2019-09-10 20:20:06,365 [pool-47-thread-1] INFO  impl.RaftServerImpl (RaftServerImpl.java:start(185)) - 9f3eeb55-1628-4544-b8a1-8f6a6bd18952@group-3B6E0A6F728B: start as a follower, conf=-1: [9f3eeb55-1628-4544-b8a1-8f6a6bd18952:192.168.34.25:34224], old=null
2019-09-10 20:20:06,365 [pool-47-thread-1] INFO  impl.RaftServerImpl (RaftServerImpl.java:setRole(174)) - 9f3eeb55-1628-4544-b8a1-8f6a6bd18952@group-3B6E0A6F728B: changes role from      null to FOLLOWER at term 0 for startAsFollower
2019-09-10 20:20:06,365 [pool-47-thread-1] INFO  impl.RoleInfo (RoleInfo.java:updateAndGet(143)) - 9f3eeb55-1628-4544-b8a1-8f6a6bd18952: start FollowerState
2019-09-10 20:20:06,366 [pool-47-thread-1] INFO  util.JmxRegister (JmxRegister.java:tryRegister(44)) - Successfully registered JMX Bean with object name Ratis:service=RaftServer,group=group-3B6E0A6F728B,id=9f3eeb55-1628-4544-b8a1-8f6a6bd18952
2019-09-10 20:20:06,380 [RatisPipelineUtilsThread] INFO  pipeline.PipelineStateManager (PipelineStateManager.java:addPipeline(56)) - Created pipeline Pipeline[ Id: 96ab9649-9084-40e0-905d-3b6e0a6f728b, Nodes: 9f3eeb55-1628-4544-b8a1-8f6a6bd18952{ip: 192.168.34.25, host: pr-hdds-2032-ffkjc-170187842, networkLocation: /default-rack, certSerialId: null}, Type:RATIS, Factor:ONE, State:OPEN]
2019-09-10 20:20:06,418 [grpc-default-executor-2] INFO  impl.RaftServerProxy (RaftServerProxy.java:addNew(89)) - 6721d19e-fad5-40c6-a99e-1f07fcc56c74: addNew group-473A3ADDDDF6:[6721d19e-fad5-40c6-a99e-1f07fcc56c74:192.168.34.25:43550, 6effdead-13d1-41e6-a2f2-1b6cf88b37a4:192.168.34.25:36480, 9f3eeb55-1628-4544-b8a1-8f6a6bd18952:192.168.34.25:34224] returns group-473A3ADDDDF6:java.util.concurrent.CompletableFuture@3670c508[Not completed]
2019-09-10 20:20:06,418 [grpc-default-executor-1] INFO  impl.RaftServerProxy (RaftServerProxy.java:addNew(89)) - 9f3eeb55-1628-4544-b8a1-8f6a6bd18952: addNew group-473A3ADDDDF6:[6721d19e-fad5-40c6-a99e-1f07fcc56c74:192.168.34.25:43550, 6effdead-13d1-41e6-a2f2-1b6cf88b37a4:192.168.34.25:36480, 9f3eeb55-1628-4544-b8a1-8f6a6bd18952:192.168.34.25:34224] returns group-473A3ADDDDF6:java.util.concurrent.CompletableFuture@1fa1f09[Not completed]
2019-09-10 20:20:06,420 [grpc-default-executor-1] INFO  impl.RaftServerProxy (RaftServerProxy.java:addNew(89)) - 6effdead-13d1-41e6-a2f2-1b6cf88b37a4: addNew group-473A3ADDDDF6:[6721d19e-fad5-40c6-a99e-1f07fcc56c74:192.168.34.25:43550, 6effdead-13d1-41e6-a2f2-1b6cf88b37a4:192.168.34.25:36480, 9f3eeb55-1628-4544-b8a1-8f6a6bd18952:192.168.34.25:34224] returns group-473A3ADDDDF6:java.util.concurrent.CompletableFuture@48a76956[Not completed]
2019-09-10 20:20:06,421 [pool-47-thread-1] INFO  impl.RaftServerImpl (RaftServerImpl.java:<init>(95)) - 9f3eeb55-1628-4544-b8a1-8f6a6bd18952: new RaftServerImpl for group-473A3ADDDDF6:[6721d19e-fad5-40c6-a99e-1f07fcc56c74:192.168.34.25:43550, 6effdead-13d1-41e6-a2f2-1b6cf88b37a4:192.168.34.25:36480, 9f3eeb55-1628-4544-b8a1-8f6a6bd18952:192.168.34.25:34224] with ContainerStateMachine:uninitialized
2019-09-10 20:20:06,421 [pool-47-thread-1] INFO  server.RaftServerConfigKeys (ConfUtils.java:logGet(43)) - raft.server.rpc.timeout.min = 5s (custom)
2019-09-10 20:20:06,421 [pool-47-thread-1] INFO  server.RaftServerConfigKeys (ConfUtils.java:logGet(43)) - raft.server.rpc.timeout.max = 5200ms (custom)
2019-09-10 20:20:06,421 [pool-47-thread-1] INFO  server.RaftServerConfigKeys (ConfUtils.java:logGet(43)) - raft.server.rpcslowness.timeout = 120s (custom)
2019-09-10 20:20:06,421 [pool-47-thread-1] INFO  server.RaftServerConfigKeys (ConfUtils.java:logGet(43)) - raft.server.sleep.deviation.threshold = 300 (default)
2019-09-10 20:20:06,422 [pool-47-thread-1] INFO  server.RaftServerConfigKeys (ConfUtils.java:logGet(43)) - raft.server.log.appender.install.snapshot.enabled = false (custom)
2019-09-10 20:20:06,422 [pool-47-thread-1] INFO  impl.RaftServerImpl (ServerState.java:<init>(103)) - 9f3eeb55-1628-4544-b8a1-8f6a6bd18952@group-473A3ADDDDF6: ConfigurationManager, init=-1: [6721d19e-fad5-40c6-a99e-1f07fcc56c74:192.168.34.25:43550, 6effdead-13d1-41e6-a2f2-1b6cf88b37a4:192.168.34.25:36480, 9f3eeb55-1628-4544-b8a1-8f6a6bd18952:192.168.34.25:34224], old=null, confs=<EMPTY_MAP>
2019-09-10 20:20:06,422 [pool-47-thread-1] INFO  server.RaftServerConfigKeys (ConfUtils.java:logGet(43)) - raft.server.storage.dir = [/workdir/hadoop-ozone/tools/target/test-dir/MiniOzoneClusterImpl-70a41ef3-a3f2-4683-b109-c1f520f7c601/datanode-2/data/ratis] (custom)
2019-09-10 20:20:06,422 [pool-37-thread-1] INFO  impl.RaftServerImpl (RaftServerImpl.java:<init>(95)) - 6effdead-13d1-41e6-a2f2-1b6cf88b37a4: new RaftServerImpl for group-473A3ADDDDF6:[6721d19e-fad5-40c6-a99e-1f07fcc56c74:192.168.34.25:43550, 6effdead-13d1-41e6-a2f2-1b6cf88b37a4:192.168.34.25:36480, 9f3eeb55-1628-4544-b8a1-8f6a6bd18952:192.168.34.25:34224] with ContainerStateMachine:uninitialized
2019-09-10 20:20:06,422 [pool-37-thread-1] INFO  server.RaftServerConfigKeys (ConfUtils.java:logGet(43)) - raft.server.rpc.timeout.min = 5s (custom)
2019-09-10 20:20:06,422 [pool-47-thread-1] INFO  storage.RaftStorageDirectory (RaftStorageDirectory.java:analyzeStorage(246)) - The storage directory /workdir/hadoop-ozone/tools/target/test-dir/MiniOzoneClusterImpl-70a41ef3-a3f2-4683-b109-c1f520f7c601/datanode-2/data/ratis/1d43f9da-0d5f-41be-945d-473a3addddf6 does not exist. Creating ...
2019-09-10 20:20:06,422 [pool-37-thread-1] INFO  server.RaftServerConfigKeys (ConfUtils.java:logGet(43)) - raft.server.rpc.timeout.max = 5200ms (custom)
2019-09-10 20:20:06,423 [pool-37-thread-1] INFO  server.RaftServerConfigKeys (ConfUtils.java:logGet(43)) - raft.server.rpcslowness.timeout = 120s (custom)
2019-09-10 20:20:06,423 [pool-37-thread-1] INFO  server.RaftServerConfigKeys (ConfUtils.java:logGet(43)) - raft.server.sleep.deviation.threshold = 300 (default)
2019-09-10 20:20:06,423 [pool-37-thread-1] INFO  server.RaftServerConfigKeys (ConfUtils.java:logGet(43)) - raft.server.log.appender.install.snapshot.enabled = false (custom)
2019-09-10 20:20:06,423 [pool-37-thread-1] INFO  impl.RaftServerImpl (ServerState.java:<init>(103)) - 6effdead-13d1-41e6-a2f2-1b6cf88b37a4@group-473A3ADDDDF6: ConfigurationManager, init=-1: [6721d19e-fad5-40c6-a99e-1f07fcc56c74:192.168.34.25:43550, 6effdead-13d1-41e6-a2f2-1b6cf88b37a4:192.168.34.25:36480, 9f3eeb55-1628-4544-b8a1-8f6a6bd18952:192.168.34.25:34224], old=null, confs=<EMPTY_MAP>
2019-09-10 20:20:06,423 [pool-37-thread-1] INFO  server.RaftServerConfigKeys (ConfUtils.java:logGet(43)) - raft.server.storage.dir = [/workdir/hadoop-ozone/tools/target/test-dir/MiniOzoneClusterImpl-70a41ef3-a3f2-4683-b109-c1f520f7c601/datanode-1/data/ratis] (custom)
2019-09-10 20:20:06,424 [pool-27-thread-1] INFO  impl.RaftServerImpl (RaftServerImpl.java:<init>(95)) - 6721d19e-fad5-40c6-a99e-1f07fcc56c74: new RaftServerImpl for group-473A3ADDDDF6:[6721d19e-fad5-40c6-a99e-1f07fcc56c74:192.168.34.25:43550, 6effdead-13d1-41e6-a2f2-1b6cf88b37a4:192.168.34.25:36480, 9f3eeb55-1628-4544-b8a1-8f6a6bd18952:192.168.34.25:34224] with ContainerStateMachine:uninitialized
2019-09-10 20:20:06,424 [pool-37-thread-1] INFO  storage.RaftStorageDirectory (RaftStorageDirectory.java:analyzeStorage(246)) - The storage directory /workdir/hadoop-ozone/tools/target/test-dir/MiniOzoneClusterImpl-70a41ef3-a3f2-4683-b109-c1f520f7c601/datanode-1/data/ratis/1d43f9da-0d5f-41be-945d-473a3addddf6 does not exist. Creating ...
2019-09-10 20:20:06,424 [pool-27-thread-1] INFO  server.RaftServerConfigKeys (ConfUtils.java:logGet(43)) - raft.server.rpc.timeout.min = 5s (custom)
2019-09-10 20:20:06,424 [pool-27-thread-1] INFO  server.RaftServerConfigKeys (ConfUtils.java:logGet(43)) - raft.server.rpc.timeout.max = 5200ms (custom)
2019-09-10 20:20:06,425 [pool-27-thread-1] INFO  server.RaftServerConfigKeys (ConfUtils.java:logGet(43)) - raft.server.rpcslowness.timeout = 120s (custom)
2019-09-10 20:20:06,425 [pool-27-thread-1] INFO  server.RaftServerConfigKeys (ConfUtils.java:logGet(43)) - raft.server.sleep.deviation.threshold = 300 (default)
2019-09-10 20:20:06,425 [pool-27-thread-1] INFO  server.RaftServerConfigKeys (ConfUtils.java:logGet(43)) - raft.server.log.appender.install.snapshot.enabled = false (custom)
2019-09-10 20:20:06,425 [pool-27-thread-1] INFO  impl.RaftServerImpl (ServerState.java:<init>(103)) - 6721d19e-fad5-40c6-a99e-1f07fcc56c74@group-473A3ADDDDF6: ConfigurationManager, init=-1: [6721d19e-fad5-40c6-a99e-1f07fcc56c74:192.168.34.25:43550, 6effdead-13d1-41e6-a2f2-1b6cf88b37a4:192.168.34.25:36480, 9f3eeb55-1628-4544-b8a1-8f6a6bd18952:192.168.34.25:34224], old=null, confs=<EMPTY_MAP>
2019-09-10 20:20:06,425 [pool-27-thread-1] INFO  server.RaftServerConfigKeys (ConfUtils.java:logGet(43)) - raft.server.storage.dir = [/workdir/hadoop-ozone/tools/target/test-dir/MiniOzoneClusterImpl-70a41ef3-a3f2-4683-b109-c1f520f7c601/datanode-0/data/ratis] (custom)
2019-09-10 20:20:06,426 [pool-27-thread-1] INFO  storage.RaftStorageDirectory (RaftStorageDirectory.java:analyzeStorage(246)) - The storage directory /workdir/hadoop-ozone/tools/target/test-dir/MiniOzoneClusterImpl-70a41ef3-a3f2-4683-b109-c1f520f7c601/datanode-0/data/ratis/1d43f9da-0d5f-41be-945d-473a3addddf6 does not exist. Creating ...
2019-09-10 20:20:06,453 [pool-37-thread-1] INFO  storage.RaftStorageDirectory (RaftStorageDirectory.java:tryLock(328)) - Lock on /workdir/hadoop-ozone/tools/target/test-dir/MiniOzoneClusterImpl-70a41ef3-a3f2-4683-b109-c1f520f7c601/datanode-1/data/ratis/1d43f9da-0d5f-41be-945d-473a3addddf6/in_use.lock acquired by nodename 14017@pr-hdds-2032-ffkjc-170187842
2019-09-10 20:20:06,453 [pool-27-thread-1] INFO  storage.RaftStorageDirectory (RaftStorageDirectory.java:tryLock(328)) - Lock on /workdir/hadoop-ozone/tools/target/test-dir/MiniOzoneClusterImpl-70a41ef3-a3f2-4683-b109-c1f520f7c601/datanode-0/data/ratis/1d43f9da-0d5f-41be-945d-473a3addddf6/in_use.lock acquired by nodename 14017@pr-hdds-2032-ffkjc-170187842
2019-09-10 20:20:06,453 [pool-47-thread-1] INFO  storage.RaftStorageDirectory (RaftStorageDirectory.java:tryLock(328)) - Lock on /workdir/hadoop-ozone/tools/target/test-dir/MiniOzoneClusterImpl-70a41ef3-a3f2-4683-b109-c1f520f7c601/datanode-2/data/ratis/1d43f9da-0d5f-41be-945d-473a3addddf6/in_use.lock acquired by nodename 14017@pr-hdds-2032-ffkjc-170187842
2019-09-10 20:20:06,528 [pool-37-thread-1] INFO  storage.RaftStorage (RaftStorage.java:format(72)) - Storage directory /workdir/hadoop-ozone/tools/target/test-dir/MiniOzoneClusterImpl-70a41ef3-a3f2-4683-b109-c1f520f7c601/datanode-1/data/ratis/1d43f9da-0d5f-41be-945d-473a3addddf6 has been successfully formatted.
2019-09-10 20:20:06,528 [pool-47-thread-1] INFO  storage.RaftStorage (RaftStorage.java:format(72)) - Storage directory /workdir/hadoop-ozone/tools/target/test-dir/MiniOzoneClusterImpl-70a41ef3-a3f2-4683-b109-c1f520f7c601/datanode-2/data/ratis/1d43f9da-0d5f-41be-945d-473a3addddf6 has been successfully formatted.
2019-09-10 20:20:06,528 [pool-27-thread-1] INFO  storage.RaftStorage (RaftStorage.java:format(72)) - Storage directory /workdir/hadoop-ozone/tools/target/test-dir/MiniOzoneClusterImpl-70a41ef3-a3f2-4683-b109-c1f520f7c601/datanode-0/data/ratis/1d43f9da-0d5f-41be-945d-473a3addddf6 has been successfully formatted.
2019-09-10 20:20:06,528 [pool-47-thread-1] INFO  ratis.ContainerStateMachine (ContainerStateMachine.java:loadSnapshot(230)) - group-473A3ADDDDF6: The snapshot info is null. Setting the last applied indexto:(t:0, i:~)
2019-09-10 20:20:06,528 [pool-37-thread-1] INFO  ratis.ContainerStateMachine (ContainerStateMachine.java:loadSnapshot(230)) - group-473A3ADDDDF6: The snapshot info is null. Setting the last applied indexto:(t:0, i:~)
2019-09-10 20:20:06,529 [pool-47-thread-1] INFO  server.RaftServerConfigKeys (ConfUtils.java:logGet(43)) - raft.server.notification.no-leader.timeout = 120s (custom)
2019-09-10 20:20:06,529 [pool-37-thread-1] INFO  server.RaftServerConfigKeys (ConfUtils.java:logGet(43)) - raft.server.notification.no-leader.timeout = 120s (custom)
2019-09-10 20:20:06,529 [pool-27-thread-1] INFO  ratis.ContainerStateMachine (ContainerStateMachine.java:loadSnapshot(230)) - group-473A3ADDDDF6: The snapshot info is null. Setting the last applied indexto:(t:0, i:~)
2019-09-10 20:20:06,529 [pool-37-thread-1] INFO  server.RaftServerConfigKeys (ConfUtils.java:logGet(43)) - raft.server.log.use.memory = false (default)
2019-09-10 20:20:06,529 [pool-27-thread-1] INFO  server.RaftServerConfigKeys (ConfUtils.java:logGet(43)) - raft.server.notification.no-leader.timeout = 120s (custom)
2019-09-10 20:20:06,529 [pool-47-thread-1] INFO  server.RaftServerConfigKeys (ConfUtils.java:logGet(43)) - raft.server.log.use.memory = false (default)
2019-09-10 20:20:06,530 [pool-27-thread-1] INFO  server.RaftServerConfigKeys (ConfUtils.java:logGet(43)) - raft.server.log.use.memory = false (default)
2019-09-10 20:20:06,529 [pool-37-thread-1] INFO  server.RaftServerConfigKeys (ConfUtils.java:logGet(43)) - raft.server.log.purge.gap = 1000000 (custom)
2019-09-10 20:20:06,530 [pool-27-thread-1] INFO  server.RaftServerConfigKeys (ConfUtils.java:logGet(43)) - raft.server.log.purge.gap = 1000000 (custom)
2019-09-10 20:20:06,530 [pool-47-thread-1] INFO  server.RaftServerConfigKeys (ConfUtils.java:logGet(43)) - raft.server.log.purge.gap = 1000000 (custom)
2019-09-10 20:20:06,530 [pool-27-thread-1] INFO  server.RaftServerConfigKeys (ConfUtils.java:logGet(43)) - raft.server.log.appender.buffer.byte-limit = 33554432 (custom)
2019-09-10 20:20:06,530 [pool-37-thread-1] INFO  server.RaftServerConfigKeys (ConfUtils.java:logGet(43)) - raft.server.log.appender.buffer.byte-limit = 33554432 (custom)
2019-09-10 20:20:06,531 [pool-27-thread-1] INFO  server.RaftServerConfigKeys (ConfUtils.java:logGet(43)) - raft.server.log.segment.size.max = 1048576 (custom)
2019-09-10 20:20:06,531 [pool-47-thread-1] INFO  server.RaftServerConfigKeys (ConfUtils.java:logGet(43)) - raft.server.log.appender.buffer.byte-limit = 33554432 (custom)
2019-09-10 20:20:06,531 [pool-27-thread-1] INFO  server.RaftServerConfigKeys (ConfUtils.java:logGet(43)) - raft.server.log.segment.cache.num.max = 2 (custom)
2019-09-10 20:20:06,531 [pool-37-thread-1] INFO  server.RaftServerConfigKeys (ConfUtils.java:logGet(43)) - raft.server.log.segment.size.max = 1048576 (custom)
2019-09-10 20:20:06,531 [pool-27-thread-1] INFO  segmented.SegmentedRaftLogWorker (SegmentedRaftLogWorker.java:<init>(172)) - new 6721d19e-fad5-40c6-a99e-1f07fcc56c74@group-473A3ADDDDF6-SegmentedRaftLogWorker for RaftStorage:Storage Directory /workdir/hadoop-ozone/tools/target/test-dir/MiniOzoneClusterImpl-70a41ef3-a3f2-4683-b109-c1f520f7c601/datanode-0/data/ratis/1d43f9da-0d5f-41be-945d-473a3addddf6
2019-09-10 20:20:06,531 [pool-47-thread-1] INFO  server.RaftServerConfigKeys (ConfUtils.java:logGet(43)) - raft.server.log.segment.size.max = 1048576 (custom)
2019-09-10 20:20:06,532 [pool-27-thread-1] INFO  server.RaftServerConfigKeys (ConfUtils.java:logGet(43)) - raft.server.log.queue.byte-limit = 2147483647 (custom)
2019-09-10 20:20:06,532 [pool-37-thread-1] INFO  server.RaftServerConfigKeys (ConfUtils.java:logGet(43)) - raft.server.log.segment.cache.num.max = 2 (custom)
2019-09-10 20:20:06,532 [pool-27-thread-1] INFO  server.RaftServerConfigKeys (ConfUtils.java:logGet(43)) - raft.server.log.queue.element-limit = 1024 (custom)
2019-09-10 20:20:06,532 [pool-47-thread-1] INFO  server.RaftServerConfigKeys (ConfUtils.java:logGet(43)) - raft.server.log.segment.cache.num.max = 2 (custom)
2019-09-10 20:20:06,532 [pool-27-thread-1] INFO  server.RaftServerConfigKeys (ConfUtils.java:logGet(43)) - raft.server.log.segment.size.max = 1048576 (custom)
2019-09-10 20:20:06,532 [pool-37-thread-1] INFO  segmented.SegmentedRaftLogWorker (SegmentedRaftLogWorker.java:<init>(172)) - new 6effdead-13d1-41e6-a2f2-1b6cf88b37a4@group-473A3ADDDDF6-SegmentedRaftLogWorker for RaftStorage:Storage Directory /workdir/hadoop-ozone/tools/target/test-dir/MiniOzoneClusterImpl-70a41ef3-a3f2-4683-b109-c1f520f7c601/datanode-1/data/ratis/1d43f9da-0d5f-41be-945d-473a3addddf6
2019-09-10 20:20:06,533 [pool-27-thread-1] INFO  server.RaftServerConfigKeys (ConfUtils.java:logGet(43)) - raft.server.log.preallocated.size = 16384 (custom)
2019-09-10 20:20:06,533 [pool-47-thread-1] INFO  segmented.SegmentedRaftLogWorker (SegmentedRaftLogWorker.java:<init>(172)) - new 9f3eeb55-1628-4544-b8a1-8f6a6bd18952@group-473A3ADDDDF6-SegmentedRaftLogWorker for RaftStorage:Storage Directory /workdir/hadoop-ozone/tools/target/test-dir/MiniOzoneClusterImpl-70a41ef3-a3f2-4683-b109-c1f520f7c601/datanode-2/data/ratis/1d43f9da-0d5f-41be-945d-473a3addddf6
2019-09-10 20:20:06,533 [pool-27-thread-1] INFO  server.RaftServerConfigKeys (ConfUtils.java:logGet(43)) - raft.server.log.write.buffer.size = 33554432 (custom)
2019-09-10 20:20:06,533 [pool-37-thread-1] INFO  server.RaftServerConfigKeys (ConfUtils.java:logGet(43)) - raft.server.log.queue.byte-limit = 2147483647 (custom)
2019-09-10 20:20:06,534 [pool-27-thread-1] INFO  server.RaftServerConfigKeys (ConfUtils.java:logGet(43)) - raft.server.log.force.sync.num = 128 (default)
2019-09-10 20:20:06,533 [pool-47-thread-1] INFO  server.RaftServerConfigKeys (ConfUtils.java:logGet(43)) - raft.server.log.queue.byte-limit = 2147483647 (custom)
2019-09-10 20:20:06,534 [pool-27-thread-1] INFO  server.RaftServerConfigKeys (ConfUtils.java:logGet(43)) - raft.server.log.statemachine.data.sync = true (default)
2019-09-10 20:20:06,534 [pool-37-thread-1] INFO  server.RaftServerConfigKeys (ConfUtils.java:logGet(43)) - raft.server.log.queue.element-limit = 1024 (custom)
2019-09-10 20:20:06,534 [pool-27-thread-1] INFO  server.RaftServerConfigKeys (ConfUtils.java:logGet(43)) - raft.server.log.statemachine.data.sync.timeout = 10s (default)
2019-09-10 20:20:06,534 [pool-47-thread-1] INFO  server.RaftServerConfigKeys (ConfUtils.java:logGet(43)) - raft.server.log.queue.element-limit = 1024 (custom)
2019-09-10 20:20:06,535 [pool-27-thread-1] INFO  server.RaftServerConfigKeys (ConfUtils.java:logGet(43)) - raft.server.log.statemachine.data.sync.timeout.retry = -1 (default)
2019-09-10 20:20:06,534 [pool-37-thread-1] INFO  server.RaftServerConfigKeys (ConfUtils.java:logGet(43)) - raft.server.log.segment.size.max = 1048576 (custom)
2019-09-10 20:20:06,535 [pool-47-thread-1] INFO  server.RaftServerConfigKeys (ConfUtils.java:logGet(43)) - raft.server.log.segment.size.max = 1048576 (custom)
2019-09-10 20:20:06,535 [pool-37-thread-1] INFO  server.RaftServerConfigKeys (ConfUtils.java:logGet(43)) - raft.server.log.preallocated.size = 16384 (custom)
2019-09-10 20:20:06,535 [pool-27-thread-1] INFO  server.RaftServerConfigKeys (ConfUtils.java:logGet(43)) - raft.server.log.statemachine.data.caching.enabled = true (custom)
2019-09-10 20:20:06,535 [pool-37-thread-1] INFO  server.RaftServerConfigKeys (ConfUtils.java:logGet(43)) - raft.server.log.write.buffer.size = 33554432 (custom)
2019-09-10 20:20:06,535 [pool-47-thread-1] INFO  server.RaftServerConfigKeys (ConfUtils.java:logGet(43)) - raft.server.log.preallocated.size = 16384 (custom)
2019-09-10 20:20:06,536 [pool-37-thread-1] INFO  server.RaftServerConfigKeys (ConfUtils.java:logGet(43)) - raft.server.log.force.sync.num = 128 (default)
2019-09-10 20:20:06,536 [pool-47-thread-1] INFO  server.RaftServerConfigKeys (ConfUtils.java:logGet(43)) - raft.server.log.write.buffer.size = 33554432 (custom)
2019-09-10 20:20:06,536 [pool-27-thread-1] INFO  segmented.SegmentedRaftLogWorker (SegmentedRaftLogWorker.java:lambda$new$0(132)) - 6721d19e-fad5-40c6-a99e-1f07fcc56c74@group-473A3ADDDDF6-SegmentedRaftLogWorker: flushIndex: setUnconditionally 0 -> -1
2019-09-10 20:20:06,536 [pool-47-thread-1] INFO  server.RaftServerConfigKeys (ConfUtils.java:logGet(43)) - raft.server.log.force.sync.num = 128 (default)
2019-09-10 20:20:06,536 [pool-37-thread-1] INFO  server.RaftServerConfigKeys (ConfUtils.java:logGet(43)) - raft.server.log.statemachine.data.sync = true (default)
2019-09-10 20:20:06,537 [pool-27-thread-1] INFO  server.RaftServerConfigKeys (ConfUtils.java:logGet(43)) - raft.server.snapshot.auto.trigger.enabled = true (custom)
2019-09-10 20:20:06,537 [pool-47-thread-1] INFO  server.RaftServerConfigKeys (ConfUtils.java:logGet(43)) - raft.server.log.statemachine.data.sync = true (default)
2019-09-10 20:20:06,537 [pool-27-thread-1] INFO  server.RaftServerConfigKeys (ConfUtils.java:logGet(43)) - raft.server.snapshot.auto.trigger.threshold = 10000 (custom)
2019-09-10 20:20:06,537 [pool-37-thread-1] INFO  server.RaftServerConfigKeys (ConfUtils.java:logGet(43)) - raft.server.log.statemachine.data.sync.timeout = 10s (default)
2019-09-10 20:20:06,537 [pool-27-thread-1] INFO  server.RaftServerConfigKeys (ConfUtils.java:logGet(43)) - raft.server.snapshot.retention.num.files = -1 (default)
2019-09-10 20:20:06,537 [pool-47-thread-1] INFO  server.RaftServerConfigKeys (ConfUtils.java:logGet(43)) - raft.server.log.statemachine.data.sync.timeout = 10s (default)
2019-09-10 20:20:06,538 [pool-27-thread-1] INFO  server.RaftServerConfigKeys (ConfUtils.java:logGet(43)) - raft.server.retrycache.expirytime = 600000ms (custom)
2019-09-10 20:20:06,537 [pool-37-thread-1] INFO  server.RaftServerConfigKeys (ConfUtils.java:logGet(43)) - raft.server.log.statemachine.data.sync.timeout.retry = -1 (default)
2019-09-10 20:20:06,538 [pool-47-thread-1] INFO  server.RaftServerConfigKeys (ConfUtils.java:logGet(43)) - raft.server.log.statemachine.data.sync.timeout.retry = -1 (default)
2019-09-10 20:20:06,538 [pool-37-thread-1] INFO  server.RaftServerConfigKeys (ConfUtils.java:logGet(43)) - raft.server.log.statemachine.data.caching.enabled = true (custom)
2019-09-10 20:20:06,539 [pool-47-thread-1] INFO  server.RaftServerConfigKeys (ConfUtils.java:logGet(43)) - raft.server.log.statemachine.data.caching.enabled = true (custom)
2019-09-10 20:20:06,539 [pool-37-thread-1] INFO  segmented.SegmentedRaftLogWorker (SegmentedRaftLogWorker.java:lambda$new$0(132)) - 6effdead-13d1-41e6-a2f2-1b6cf88b37a4@group-473A3ADDDDF6-SegmentedRaftLogWorker: flushIndex: setUnconditionally 0 -> -1
2019-09-10 20:20:06,539 [pool-47-thread-1] INFO  segmented.SegmentedRaftLogWorker (SegmentedRaftLogWorker.java:lambda$new$0(132)) - 9f3eeb55-1628-4544-b8a1-8f6a6bd18952@group-473A3ADDDDF6-SegmentedRaftLogWorker: flushIndex: setUnconditionally 0 -> -1
2019-09-10 20:20:06,539 [pool-37-thread-1] INFO  server.RaftServerConfigKeys (ConfUtils.java:logGet(43)) - raft.server.snapshot.auto.trigger.enabled = true (custom)
2019-09-10 20:20:06,539 [pool-37-thread-1] INFO  server.RaftServerConfigKeys (ConfUtils.java:logGet(43)) - raft.server.snapshot.auto.trigger.threshold = 10000 (custom)
2019-09-10 20:20:06,539 [pool-47-thread-1] INFO  server.RaftServerConfigKeys (ConfUtils.java:logGet(43)) - raft.server.snapshot.auto.trigger.enabled = true (custom)
2019-09-10 20:20:06,540 [pool-37-thread-1] INFO  server.RaftServerConfigKeys (ConfUtils.java:logGet(43)) - raft.server.snapshot.retention.num.files = -1 (default)
2019-09-10 20:20:06,540 [pool-47-thread-1] INFO  server.RaftServerConfigKeys (ConfUtils.java:logGet(43)) - raft.server.snapshot.auto.trigger.threshold = 10000 (custom)
2019-09-10 20:20:06,540 [pool-37-thread-1] INFO  server.RaftServerConfigKeys (ConfUtils.java:logGet(43)) - raft.server.retrycache.expirytime = 600000ms (custom)
2019-09-10 20:20:06,540 [pool-47-thread-1] INFO  server.RaftServerConfigKeys (ConfUtils.java:logGet(43)) - raft.server.snapshot.retention.num.files = -1 (default)
2019-09-10 20:20:06,540 [pool-47-thread-1] INFO  server.RaftServerConfigKeys (ConfUtils.java:logGet(43)) - raft.server.retrycache.expirytime = 600000ms (custom)
2019-09-10 20:20:06,545 [pool-27-thread-1] INFO  impl.RaftServerImpl (RaftServerImpl.java:start(185)) - 6721d19e-fad5-40c6-a99e-1f07fcc56c74@group-473A3ADDDDF6: start as a follower, conf=-1: [6721d19e-fad5-40c6-a99e-1f07fcc56c74:192.168.34.25:43550, 6effdead-13d1-41e6-a2f2-1b6cf88b37a4:192.168.34.25:36480, 9f3eeb55-1628-4544-b8a1-8f6a6bd18952:192.168.34.25:34224], old=null
2019-09-10 20:20:06,545 [pool-27-thread-1] INFO  impl.RaftServerImpl (RaftServerImpl.java:setRole(174)) - 6721d19e-fad5-40c6-a99e-1f07fcc56c74@group-473A3ADDDDF6: changes role from      null to FOLLOWER at term 0 for startAsFollower
2019-09-10 20:20:06,545 [pool-27-thread-1] INFO  impl.RoleInfo (RoleInfo.java:updateAndGet(143)) - 6721d19e-fad5-40c6-a99e-1f07fcc56c74: start FollowerState
2019-09-10 20:20:06,546 [pool-27-thread-1] INFO  util.JmxRegister (JmxRegister.java:tryRegister(44)) - Successfully registered JMX Bean with object name Ratis:service=RaftServer,group=group-473A3ADDDDF6,id=6721d19e-fad5-40c6-a99e-1f07fcc56c74
2019-09-10 20:20:06,546 [pool-37-thread-1] INFO  impl.RaftServerImpl (RaftServerImpl.java:start(185)) - 6effdead-13d1-41e6-a2f2-1b6cf88b37a4@group-473A3ADDDDF6: start as a follower, conf=-1: [6721d19e-fad5-40c6-a99e-1f07fcc56c74:192.168.34.25:43550, 6effdead-13d1-41e6-a2f2-1b6cf88b37a4:192.168.34.25:36480, 9f3eeb55-1628-4544-b8a1-8f6a6bd18952:192.168.34.25:34224], old=null
2019-09-10 20:20:06,546 [pool-37-thread-1] INFO  impl.RaftServerImpl (RaftServerImpl.java:setRole(174)) - 6effdead-13d1-41e6-a2f2-1b6cf88b37a4@group-473A3ADDDDF6: changes role from      null to FOLLOWER at term 0 for startAsFollower
2019-09-10 20:20:06,547 [pool-47-thread-1] INFO  impl.RaftServerImpl (RaftServerImpl.java:start(185)) - 9f3eeb55-1628-4544-b8a1-8f6a6bd18952@group-473A3ADDDDF6: start as a follower, conf=-1: [6721d19e-fad5-40c6-a99e-1f07fcc56c74:192.168.34.25:43550, 6effdead-13d1-41e6-a2f2-1b6cf88b37a4:192.168.34.25:36480, 9f3eeb55-1628-4544-b8a1-8f6a6bd18952:192.168.34.25:34224], old=null
2019-09-10 20:20:06,547 [pool-37-thread-1] INFO  impl.RoleInfo (RoleInfo.java:updateAndGet(143)) - 6effdead-13d1-41e6-a2f2-1b6cf88b37a4: start FollowerState
2019-09-10 20:20:06,547 [pool-47-thread-1] INFO  impl.RaftServerImpl (RaftServerImpl.java:setRole(174)) - 9f3eeb55-1628-4544-b8a1-8f6a6bd18952@group-473A3ADDDDF6: changes role from      null to FOLLOWER at term 0 for startAsFollower
2019-09-10 20:20:06,549 [pool-47-thread-1] INFO  impl.RoleInfo (RoleInfo.java:updateAndGet(143)) - 9f3eeb55-1628-4544-b8a1-8f6a6bd18952: start FollowerState
2019-09-10 20:20:06,549 [pool-37-thread-1] INFO  util.JmxRegister (JmxRegister.java:tryRegister(44)) - Successfully registered JMX Bean with object name Ratis:service=RaftServer,group=group-473A3ADDDDF6,id=6effdead-13d1-41e6-a2f2-1b6cf88b37a4
2019-09-10 20:20:06,550 [pool-47-thread-1] INFO  util.JmxRegister (JmxRegister.java:tryRegister(44)) - Successfully registered JMX Bean with object name Ratis:service=RaftServer,group=group-473A3ADDDDF6,id=9f3eeb55-1628-4544-b8a1-8f6a6bd18952
2019-09-10 20:20:06,575 [RatisPipelineUtilsThread] INFO  pipeline.PipelineStateManager (PipelineStateManager.java:addPipeline(56)) - Created pipeline Pipeline[ Id: 1d43f9da-0d5f-41be-945d-473a3addddf6, Nodes: 6721d19e-fad5-40c6-a99e-1f07fcc56c74{ip: 192.168.34.25, host: pr-hdds-2032-ffkjc-170187842, networkLocation: /default-rack, certSerialId: null}6effdead-13d1-41e6-a2f2-1b6cf88b37a4{ip: 192.168.34.25, host: pr-hdds-2032-ffkjc-170187842, networkLocation: /default-rack, certSerialId: null}9f3eeb55-1628-4544-b8a1-8f6a6bd18952{ip: 192.168.34.25, host: pr-hdds-2032-ffkjc-170187842, networkLocation: /default-rack, certSerialId: null}, Type:RATIS, Factor:THREE, State:OPEN]
2019-09-10 20:20:06,933 [main] INFO  freon.RandomKeyGenerator (RandomKeyGenerator.java:call(283)) - Number of Threads: 10
2019-09-10 20:20:06,933 [main] INFO  freon.RandomKeyGenerator (RandomKeyGenerator.java:call(288)) - Number of Volumes: 1.
2019-09-10 20:20:06,934 [main] INFO  freon.RandomKeyGenerator (RandomKeyGenerator.java:call(289)) - Number of Buckets per Volume: 1.
2019-09-10 20:20:06,934 [main] INFO  freon.RandomKeyGenerator (RandomKeyGenerator.java:call(290)) - Number of Keys per Bucket: 1.
2019-09-10 20:20:06,934 [main] INFO  freon.RandomKeyGenerator (RandomKeyGenerator.java:call(291)) - Key size: 20971520 bytes
2019-09-10 20:20:06,934 [main] INFO  freon.RandomKeyGenerator (RandomKeyGenerator.java:call(292)) - Buffer size: 4096 bytes
2019-09-10 20:20:06,934 [main] INFO  freon.RandomKeyGenerator (RandomKeyGenerator.java:call(293)) - validateWrites : true
2019-09-10 20:20:06,938 [main] INFO  freon.RandomKeyGenerator (RandomKeyGenerator.java:call(307)) - Data validation is enabled.
2019-09-10 20:20:06,940 [main] INFO  freon.RandomKeyGenerator (RandomKeyGenerator.java:call(313)) - Starting progress bar Thread.

 0.00% |█                                                                                                    |  0/1 Time: 0:00:002019-09-10 20:20:06,968 [pool-53-thread-2] INFO  rpc.RpcClient (RpcClient.java:createVolume(298)) - Creating Volume: vol-0-77429, with jenkins1000 as owner.
2019-09-10 20:20:07,074 [IPC Server handler 0 on 40050] INFO  volume.OMVolumeCreateRequest (OMVolumeCreateRequest.java:validateAndUpdateCache(189)) - created volume:vol-0-77429 for user:jenkins1000
2019-09-10 20:20:07,125 [pool-53-thread-1] INFO  rpc.RpcClient (RpcClient.java:createBucket(437)) - Creating Bucket: vol-0-77429/bucket-0-37003, with Versioning false and Storage Type set to DISK and Encryption set to false 
2019-09-10 20:20:07,724 [pool-53-thread-3] INFO  impl.MetricsSystemImpl (MetricsSystemImpl.java:init(158)) - XceiverClientMetrics metrics system started (again)
2019-09-10 20:20:07,873 [grpc-default-executor-0] INFO  client.GrpcClientProtocolClient (GrpcClientProtocolClient.java:onNext(264)) - client-2E8FF6204D1E->6721d19e-fad5-40c6-a99e-1f07fcc56c74: receive RaftClientReply:client-2E8FF6204D1E->6721d19e-fad5-40c6-a99e-1f07fcc56c74@group-473A3ADDDDF6, cid=6, FAILED org.apache.ratis.protocol.NotLeaderException: Server 6721d19e-fad5-40c6-a99e-1f07fcc56c74@group-473A3ADDDDF6 is not the leader, logIndex=0, commits[6721d19e-fad5-40c6-a99e-1f07fcc56c74:c-1]
 0.00% |█                                                                                                    |  0/1 Time: 0:00:012019-09-10 20:20:08,142 [Thread-178] INFO  container.ReplicationManager (ReplicationManager.java:start(162)) - Starting Replication Monitor Thread.
2019-09-10 20:20:08,145 [ReplicationMonitor] INFO  container.ReplicationManager (ReplicationManager.java:run(225)) - Replication Monitor Thread took 1 milliseconds for processing 3 containers.
2019-09-10 20:20:08,924 [grpc-default-executor-0] INFO  client.GrpcClientProtocolClient (GrpcClientProtocolClient.java:onNext(264)) - client-2E8FF6204D1E->6effdead-13d1-41e6-a2f2-1b6cf88b37a4: receive RaftClientReply:client-2E8FF6204D1E->6effdead-13d1-41e6-a2f2-1b6cf88b37a4@group-473A3ADDDDF6, cid=6, FAILED org.apache.ratis.protocol.NotLeaderException: Server 6effdead-13d1-41e6-a2f2-1b6cf88b37a4@group-473A3ADDDDF6 is not the leader, logIndex=0, commits[6effdead-13d1-41e6-a2f2-1b6cf88b37a4:c-1]
 0.00% |█                                                                                                    |  0/1 Time: 0:00:02 0.00% |█                                                                                                    |  0/1 Time: 0:00:032019-09-10 20:20:09,965 [grpc-default-executor-2] INFO  client.GrpcClientProtocolClient (GrpcClientProtocolClient.java:onNext(264)) - client-2E8FF6204D1E->9f3eeb55-1628-4544-b8a1-8f6a6bd18952: receive RaftClientReply:client-2E8FF6204D1E->9f3eeb55-1628-4544-b8a1-8f6a6bd18952@group-473A3ADDDDF6, cid=6, FAILED org.apache.ratis.protocol.NotLeaderException: Server 9f3eeb55-1628-4544-b8a1-8f6a6bd18952@group-473A3ADDDDF6 is not the leader, logIndex=0, commits[9f3eeb55-1628-4544-b8a1-8f6a6bd18952:c-1]
 0.00% |█                                                                                                    |  0/1 Time: 0:00:042019-09-10 20:20:11,005 [grpc-default-executor-0] INFO  client.GrpcClientProtocolClient (GrpcClientProtocolClient.java:onNext(264)) - client-2E8FF6204D1E->6721d19e-fad5-40c6-a99e-1f07fcc56c74: receive RaftClientReply:client-2E8FF6204D1E->6721d19e-fad5-40c6-a99e-1f07fcc56c74@group-473A3ADDDDF6, cid=6, FAILED org.apache.ratis.protocol.NotLeaderException: Server 6721d19e-fad5-40c6-a99e-1f07fcc56c74@group-473A3ADDDDF6 is not the leader, logIndex=0, commits[6721d19e-fad5-40c6-a99e-1f07fcc56c74:c-1]
2019-09-10 20:20:11,077 [Thread-180] INFO  impl.FollowerState (FollowerState.java:run(106)) - 6721d19e-fad5-40c6-a99e-1f07fcc56c74:group-0E4B4BFD69BC changes to CANDIDATE, lastRpcTime:5080, electionTimeout:5079ms
2019-09-10 20:20:11,080 [Thread-180] INFO  impl.RoleInfo (RoleInfo.java:shutdownFollowerState(121)) - 6721d19e-fad5-40c6-a99e-1f07fcc56c74: shutdown FollowerState
2019-09-10 20:20:11,081 [Thread-180] INFO  impl.RaftServerImpl (RaftServerImpl.java:setRole(174)) - 6721d19e-fad5-40c6-a99e-1f07fcc56c74@group-0E4B4BFD69BC: changes role from  FOLLOWER to CANDIDATE at term 0 for changeToCandidate
2019-09-10 20:20:11,088 [Thread-180] INFO  impl.RoleInfo (RoleInfo.java:updateAndGet(143)) - 6721d19e-fad5-40c6-a99e-1f07fcc56c74: start LeaderElection
2019-09-10 20:20:11,106 [6721d19e-fad5-40c6-a99e-1f07fcc56c74@group-0E4B4BFD69BC:LeaderElection1] INFO  impl.LeaderElection (LeaderElection.java:askForVotes(182)) - 6721d19e-fad5-40c6-a99e-1f07fcc56c74@group-0E4B4BFD69BC:LeaderElection1: begin an election at term 1 for -1: [6721d19e-fad5-40c6-a99e-1f07fcc56c74:192.168.34.25:43550], old=null
2019-09-10 20:20:11,108 [6721d19e-fad5-40c6-a99e-1f07fcc56c74@group-0E4B4BFD69BC:LeaderElection1] INFO  impl.RoleInfo (RoleInfo.java:shutdownLeaderElection(134)) - 6721d19e-fad5-40c6-a99e-1f07fcc56c74: shutdown LeaderElection
2019-09-10 20:20:11,109 [6721d19e-fad5-40c6-a99e-1f07fcc56c74@group-0E4B4BFD69BC:LeaderElection1] INFO  impl.RaftServerImpl (RaftServerImpl.java:setRole(174)) - 6721d19e-fad5-40c6-a99e-1f07fcc56c74@group-0E4B4BFD69BC: changes role from CANDIDATE to LEADER at term 1 for changeToLeader
2019-09-10 20:20:11,109 [6721d19e-fad5-40c6-a99e-1f07fcc56c74@group-0E4B4BFD69BC:LeaderElection1] INFO  impl.RaftServerImpl (ServerState.java:setLeader(253)) - 6721d19e-fad5-40c6-a99e-1f07fcc56c74@group-0E4B4BFD69BC: change Leader from null to 6721d19e-fad5-40c6-a99e-1f07fcc56c74 at term 1 for becomeLeader, leader elected after 5252ms
2019-09-10 20:20:11,117 [6721d19e-fad5-40c6-a99e-1f07fcc56c74@group-0E4B4BFD69BC:LeaderElection1] INFO  server.RaftServerConfigKeys (ConfUtils.java:logGet(43)) - raft.server.staging.catchup.gap = 1000 (default)
2019-09-10 20:20:11,117 [6721d19e-fad5-40c6-a99e-1f07fcc56c74@group-0E4B4BFD69BC:LeaderElection1] INFO  server.RaftServerConfigKeys (ConfUtils.java:logGet(43)) - raft.server.rpc.sleep.time = 25ms (default)
2019-09-10 20:20:11,120 [6721d19e-fad5-40c6-a99e-1f07fcc56c74@group-0E4B4BFD69BC:LeaderElection1] INFO  server.RaftServerConfigKeys (ConfUtils.java:logGet(43)) - raft.server.write.element-limit = 4096 (default)
2019-09-10 20:20:11,123 [6721d19e-fad5-40c6-a99e-1f07fcc56c74@group-0E4B4BFD69BC:LeaderElection1] INFO  server.RaftServerConfigKeys (ConfUtils.java:logGet(43)) - raft.server.watch.timeout = 10s (default)
2019-09-10 20:20:11,124 [6721d19e-fad5-40c6-a99e-1f07fcc56c74@group-0E4B4BFD69BC:LeaderElection1] INFO  server.RaftServerConfigKeys (ConfUtils.java:logGet(43)) - raft.server.watch.timeout.denomination = 1s (default)
2019-09-10 20:20:11,125 [6721d19e-fad5-40c6-a99e-1f07fcc56c74@group-0E4B4BFD69BC:LeaderElection1] INFO  server.RaftServerConfigKeys (ConfUtils.java:logGet(43)) - raft.server.watch.element-limit = 65536 (default)
2019-09-10 20:20:11,138 [6721d19e-fad5-40c6-a99e-1f07fcc56c74@group-0E4B4BFD69BC:LeaderElection1] INFO  impl.RoleInfo (RoleInfo.java:updateAndGet(143)) - 6721d19e-fad5-40c6-a99e-1f07fcc56c74: start LeaderState
2019-09-10 20:20:11,158 [6721d19e-fad5-40c6-a99e-1f07fcc56c74@group-0E4B4BFD69BC:LeaderElection1] INFO  segmented.SegmentedRaftLogWorker (SegmentedRaftLogWorker.java:startLogSegment(380)) - 6721d19e-fad5-40c6-a99e-1f07fcc56c74@group-0E4B4BFD69BC-SegmentedRaftLogWorker: Starting segment from index:0
2019-09-10 20:20:11,165 [6721d19e-fad5-40c6-a99e-1f07fcc56c74@group-0E4B4BFD69BC:LeaderElection1] INFO  impl.RaftServerImpl (ServerState.java:setRaftConf(354)) - 6721d19e-fad5-40c6-a99e-1f07fcc56c74@group-0E4B4BFD69BC: set configuration 0: [6721d19e-fad5-40c6-a99e-1f07fcc56c74:192.168.34.25:43550], old=null at 0
2019-09-10 20:20:11,273 [Thread-183] INFO  impl.FollowerState (FollowerState.java:run(106)) - 6effdead-13d1-41e6-a2f2-1b6cf88b37a4:group-BDAC1C85DE9F changes to CANDIDATE, lastRpcTime:5051, electionTimeout:5050ms
2019-09-10 20:20:11,275 [Thread-183] INFO  impl.RoleInfo (RoleInfo.java:shutdownFollowerState(121)) - 6effdead-13d1-41e6-a2f2-1b6cf88b37a4: shutdown FollowerState
2019-09-10 20:20:11,275 [Thread-183] INFO  impl.RaftServerImpl (RaftServerImpl.java:setRole(174)) - 6effdead-13d1-41e6-a2f2-1b6cf88b37a4@group-BDAC1C85DE9F: changes role from  FOLLOWER to CANDIDATE at term 0 for changeToCandidate
2019-09-10 20:20:11,276 [Thread-183] INFO  impl.RoleInfo (RoleInfo.java:updateAndGet(143)) - 6effdead-13d1-41e6-a2f2-1b6cf88b37a4: start LeaderElection
2019-09-10 20:20:11,306 [6effdead-13d1-41e6-a2f2-1b6cf88b37a4@group-BDAC1C85DE9F:LeaderElection2] INFO  impl.LeaderElection (LeaderElection.java:askForVotes(182)) - 6effdead-13d1-41e6-a2f2-1b6cf88b37a4@group-BDAC1C85DE9F:LeaderElection2: begin an election at term 1 for -1: [6effdead-13d1-41e6-a2f2-1b6cf88b37a4:192.168.34.25:36480], old=null
2019-09-10 20:20:11,310 [6effdead-13d1-41e6-a2f2-1b6cf88b37a4@group-BDAC1C85DE9F:LeaderElection2] INFO  impl.RoleInfo (RoleInfo.java:shutdownLeaderElection(134)) - 6effdead-13d1-41e6-a2f2-1b6cf88b37a4: shutdown LeaderElection
2019-09-10 20:20:11,311 [6effdead-13d1-41e6-a2f2-1b6cf88b37a4@group-BDAC1C85DE9F:LeaderElection2] INFO  impl.RaftServerImpl (RaftServerImpl.java:setRole(174)) - 6effdead-13d1-41e6-a2f2-1b6cf88b37a4@group-BDAC1C85DE9F: changes role from CANDIDATE to LEADER at term 1 for changeToLeader
2019-09-10 20:20:11,311 [6effdead-13d1-41e6-a2f2-1b6cf88b37a4@group-BDAC1C85DE9F:LeaderElection2] INFO  impl.RaftServerImpl (ServerState.java:setLeader(253)) - 6effdead-13d1-41e6-a2f2-1b6cf88b37a4@group-BDAC1C85DE9F: change Leader from null to 6effdead-13d1-41e6-a2f2-1b6cf88b37a4 at term 1 for becomeLeader, leader elected after 5103ms
2019-09-10 20:20:11,311 [6effdead-13d1-41e6-a2f2-1b6cf88b37a4@group-BDAC1C85DE9F:LeaderElection2] INFO  server.RaftServerConfigKeys (ConfUtils.java:logGet(43)) - raft.server.staging.catchup.gap = 1000 (default)
2019-09-10 20:20:11,311 [6effdead-13d1-41e6-a2f2-1b6cf88b37a4@group-BDAC1C85DE9F:LeaderElection2] INFO  server.RaftServerConfigKeys (ConfUtils.java:logGet(43)) - raft.server.rpc.sleep.time = 25ms (default)
2019-09-10 20:20:11,312 [6effdead-13d1-41e6-a2f2-1b6cf88b37a4@group-BDAC1C85DE9F:LeaderElection2] INFO  server.RaftServerConfigKeys (ConfUtils.java:logGet(43)) - raft.server.write.element-limit = 4096 (default)
2019-09-10 20:20:11,312 [6effdead-13d1-41e6-a2f2-1b6cf88b37a4@group-BDAC1C85DE9F:LeaderElection2] INFO  server.RaftServerConfigKeys (ConfUtils.java:logGet(43)) - raft.server.watch.timeout = 10s (default)
2019-09-10 20:20:11,312 [6effdead-13d1-41e6-a2f2-1b6cf88b37a4@group-BDAC1C85DE9F:LeaderElection2] INFO  server.RaftServerConfigKeys (ConfUtils.java:logGet(43)) - raft.server.watch.timeout.denomination = 1s (default)
2019-09-10 20:20:11,312 [6effdead-13d1-41e6-a2f2-1b6cf88b37a4@group-BDAC1C85DE9F:LeaderElection2] INFO  server.RaftServerConfigKeys (ConfUtils.java:logGet(43)) - raft.server.watch.element-limit = 65536 (default)
2019-09-10 20:20:11,316 [6effdead-13d1-41e6-a2f2-1b6cf88b37a4@group-BDAC1C85DE9F:LeaderElection2] INFO  impl.RoleInfo (RoleInfo.java:updateAndGet(143)) - 6effdead-13d1-41e6-a2f2-1b6cf88b37a4: start LeaderState
2019-09-10 20:20:11,316 [6effdead-13d1-41e6-a2f2-1b6cf88b37a4@group-BDAC1C85DE9F:LeaderElection2] INFO  segmented.SegmentedRaftLogWorker (SegmentedRaftLogWorker.java:startLogSegment(380)) - 6effdead-13d1-41e6-a2f2-1b6cf88b37a4@group-BDAC1C85DE9F-SegmentedRaftLogWorker: Starting segment from index:0
2019-09-10 20:20:11,317 [6effdead-13d1-41e6-a2f2-1b6cf88b37a4@group-BDAC1C85DE9F:LeaderElection2] INFO  impl.RaftServerImpl (ServerState.java:setRaftConf(354)) - 6effdead-13d1-41e6-a2f2-1b6cf88b37a4@group-BDAC1C85DE9F: set configuration 0: [6effdead-13d1-41e6-a2f2-1b6cf88b37a4:192.168.34.25:36480], old=null at 0
2019-09-10 20:20:11,366 [6721d19e-fad5-40c6-a99e-1f07fcc56c74@group-0E4B4BFD69BC-SegmentedRaftLogWorker] INFO  segmented.SegmentedRaftLogWorker (SegmentedRaftLogWorker.java:execute(569)) - 6721d19e-fad5-40c6-a99e-1f07fcc56c74@group-0E4B4BFD69BC-SegmentedRaftLogWorker: created new log segment /workdir/hadoop-ozone/tools/target/test-dir/MiniOzoneClusterImpl-70a41ef3-a3f2-4683-b109-c1f520f7c601/datanode-0/data/ratis/118193e1-9d7f-41a6-8722-0e4b4bfd69bc/current/log_inprogress_0
2019-09-10 20:20:11,366 [6effdead-13d1-41e6-a2f2-1b6cf88b37a4@group-BDAC1C85DE9F-SegmentedRaftLogWorker] INFO  segmented.SegmentedRaftLogWorker (SegmentedRaftLogWorker.java:execute(569)) - 6effdead-13d1-41e6-a2f2-1b6cf88b37a4@group-BDAC1C85DE9F-SegmentedRaftLogWorker: created new log segment /workdir/hadoop-ozone/tools/target/test-dir/MiniOzoneClusterImpl-70a41ef3-a3f2-4683-b109-c1f520f7c601/datanode-1/data/ratis/d028325a-8401-4585-809e-bdac1c85de9f/current/log_inprogress_0
2019-09-10 20:20:11,557 [Thread-186] INFO  impl.FollowerState (FollowerState.java:run(106)) - 9f3eeb55-1628-4544-b8a1-8f6a6bd18952:group-3B6E0A6F728B changes to CANDIDATE, lastRpcTime:5191, electionTimeout:5191ms
2019-09-10 20:20:11,557 [Thread-186] INFO  impl.RoleInfo (RoleInfo.java:shutdownFollowerState(121)) - 9f3eeb55-1628-4544-b8a1-8f6a6bd18952: shutdown FollowerState
2019-09-10 20:20:11,558 [Thread-186] INFO  impl.RaftServerImpl (RaftServerImpl.java:setRole(174)) - 9f3eeb55-1628-4544-b8a1-8f6a6bd18952@group-3B6E0A6F728B: changes role from  FOLLOWER to CANDIDATE at term 0 for changeToCandidate
2019-09-10 20:20:11,558 [Thread-186] INFO  impl.RoleInfo (RoleInfo.java:updateAndGet(143)) - 9f3eeb55-1628-4544-b8a1-8f6a6bd18952: start LeaderElection
2019-09-10 20:20:11,575 [9f3eeb55-1628-4544-b8a1-8f6a6bd18952@group-3B6E0A6F728B:LeaderElection3] INFO  impl.LeaderElection (LeaderElection.java:askForVotes(182)) - 9f3eeb55-1628-4544-b8a1-8f6a6bd18952@group-3B6E0A6F728B:LeaderElection3: begin an election at term 1 for -1: [9f3eeb55-1628-4544-b8a1-8f6a6bd18952:192.168.34.25:34224], old=null
2019-09-10 20:20:11,577 [9f3eeb55-1628-4544-b8a1-8f6a6bd18952@group-3B6E0A6F728B:LeaderElection3] INFO  impl.RoleInfo (RoleInfo.java:shutdownLeaderElection(134)) - 9f3eeb55-1628-4544-b8a1-8f6a6bd18952: shutdown LeaderElection
2019-09-10 20:20:11,577 [9f3eeb55-1628-4544-b8a1-8f6a6bd18952@group-3B6E0A6F728B:LeaderElection3] INFO  impl.RaftServerImpl (RaftServerImpl.java:setRole(174)) - 9f3eeb55-1628-4544-b8a1-8f6a6bd18952@group-3B6E0A6F728B: changes role from CANDIDATE to LEADER at term 1 for changeToLeader
2019-09-10 20:20:11,577 [9f3eeb55-1628-4544-b8a1-8f6a6bd18952@group-3B6E0A6F728B:LeaderElection3] INFO  impl.RaftServerImpl (ServerState.java:setLeader(253)) - 9f3eeb55-1628-4544-b8a1-8f6a6bd18952@group-3B6E0A6F728B: change Leader from null to 9f3eeb55-1628-4544-b8a1-8f6a6bd18952 at term 1 for becomeLeader, leader elected after 5248ms
2019-09-10 20:20:11,577 [9f3eeb55-1628-4544-b8a1-8f6a6bd18952@group-3B6E0A6F728B:LeaderElection3] INFO  server.RaftServerConfigKeys (ConfUtils.java:logGet(43)) - raft.server.staging.catchup.gap = 1000 (default)
2019-09-10 20:20:11,577 [9f3eeb55-1628-4544-b8a1-8f6a6bd18952@group-3B6E0A6F728B:LeaderElection3] INFO  server.RaftServerConfigKeys (ConfUtils.java:logGet(43)) - raft.server.rpc.sleep.time = 25ms (default)
2019-09-10 20:20:11,578 [9f3eeb55-1628-4544-b8a1-8f6a6bd18952@group-3B6E0A6F728B:LeaderElection3] INFO  server.RaftServerConfigKeys (ConfUtils.java:logGet(43)) - raft.server.write.element-limit = 4096 (default)
2019-09-10 20:20:11,578 [9f3eeb55-1628-4544-b8a1-8f6a6bd18952@group-3B6E0A6F728B:LeaderElection3] INFO  server.RaftServerConfigKeys (ConfUtils.java:logGet(43)) - raft.server.watch.timeout = 10s (default)
2019-09-10 20:20:11,578 [9f3eeb55-1628-4544-b8a1-8f6a6bd18952@group-3B6E0A6F728B:LeaderElection3] INFO  server.RaftServerConfigKeys (ConfUtils.java:logGet(43)) - raft.server.watch.timeout.denomination = 1s (default)
2019-09-10 20:20:11,578 [9f3eeb55-1628-4544-b8a1-8f6a6bd18952@group-3B6E0A6F728B:LeaderElection3] INFO  server.RaftServerConfigKeys (ConfUtils.java:logGet(43)) - raft.server.watch.element-limit = 65536 (default)
2019-09-10 20:20:11,582 [9f3eeb55-1628-4544-b8a1-8f6a6bd18952@group-3B6E0A6F728B:LeaderElection3] INFO  impl.RoleInfo (RoleInfo.java:updateAndGet(143)) - 9f3eeb55-1628-4544-b8a1-8f6a6bd18952: start LeaderState
2019-09-10 20:20:11,583 [9f3eeb55-1628-4544-b8a1-8f6a6bd18952@group-3B6E0A6F728B:LeaderElection3] INFO  segmented.SegmentedRaftLogWorker (SegmentedRaftLogWorker.java:startLogSegment(380)) - 9f3eeb55-1628-4544-b8a1-8f6a6bd18952@group-3B6E0A6F728B-SegmentedRaftLogWorker: Starting segment from index:0
2019-09-10 20:20:11,583 [9f3eeb55-1628-4544-b8a1-8f6a6bd18952@group-3B6E0A6F728B:LeaderElection3] INFO  impl.RaftServerImpl (ServerState.java:setRaftConf(354)) - 9f3eeb55-1628-4544-b8a1-8f6a6bd18952@group-3B6E0A6F728B: set configuration 0: [9f3eeb55-1628-4544-b8a1-8f6a6bd18952:192.168.34.25:34224], old=null at 0
2019-09-10 20:20:11,623 [Thread-193] INFO  impl.FollowerState (FollowerState.java:run(106)) - 6effdead-13d1-41e6-a2f2-1b6cf88b37a4:group-473A3ADDDDF6 changes to CANDIDATE, lastRpcTime:5075, electionTimeout:5065ms
2019-09-10 20:20:11,623 [Thread-193] INFO  impl.RoleInfo (RoleInfo.java:shutdownFollowerState(121)) - 6effdead-13d1-41e6-a2f2-1b6cf88b37a4: shutdown FollowerState
2019-09-10 20:20:11,628 [Thread-193] INFO  impl.RaftServerImpl (RaftServerImpl.java:setRole(174)) - 6effdead-13d1-41e6-a2f2-1b6cf88b37a4@group-473A3ADDDDF6: changes role from  FOLLOWER to CANDIDATE at term 0 for changeToCandidate
2019-09-10 20:20:11,629 [Thread-193] INFO  impl.RoleInfo (RoleInfo.java:updateAndGet(143)) - 6effdead-13d1-41e6-a2f2-1b6cf88b37a4: start LeaderElection
2019-09-10 20:20:11,635 [9f3eeb55-1628-4544-b8a1-8f6a6bd18952@group-3B6E0A6F728B-SegmentedRaftLogWorker] INFO  segmented.SegmentedRaftLogWorker (SegmentedRaftLogWorker.java:execute(569)) - 9f3eeb55-1628-4544-b8a1-8f6a6bd18952@group-3B6E0A6F728B-SegmentedRaftLogWorker: created new log segment /workdir/hadoop-ozone/tools/target/test-dir/MiniOzoneClusterImpl-70a41ef3-a3f2-4683-b109-c1f520f7c601/datanode-2/data/ratis/96ab9649-9084-40e0-905d-3b6e0a6f728b/current/log_inprogress_0
2019-09-10 20:20:11,648 [6effdead-13d1-41e6-a2f2-1b6cf88b37a4@group-473A3ADDDDF6:LeaderElection4] INFO  impl.LeaderElection (LeaderElection.java:askForVotes(182)) - 6effdead-13d1-41e6-a2f2-1b6cf88b37a4@group-473A3ADDDDF6:LeaderElection4: begin an election at term 1 for -1: [6721d19e-fad5-40c6-a99e-1f07fcc56c74:192.168.34.25:43550, 6effdead-13d1-41e6-a2f2-1b6cf88b37a4:192.168.34.25:36480, 9f3eeb55-1628-4544-b8a1-8f6a6bd18952:192.168.34.25:34224], old=null
2019-09-10 20:20:11,673 [grpc-default-executor-2] INFO  impl.RaftServerImpl (RaftServerImpl.java:setRole(174)) - 6721d19e-fad5-40c6-a99e-1f07fcc56c74@group-473A3ADDDDF6: changes role from  FOLLOWER to FOLLOWER at term 1 for recognizeCandidate:6effdead-13d1-41e6-a2f2-1b6cf88b37a4
2019-09-10 20:20:11,673 [grpc-default-executor-0] INFO  impl.RaftServerImpl (RaftServerImpl.java:setRole(174)) - 9f3eeb55-1628-4544-b8a1-8f6a6bd18952@group-473A3ADDDDF6: changes role from  FOLLOWER to FOLLOWER at term 1 for recognizeCandidate:6effdead-13d1-41e6-a2f2-1b6cf88b37a4
2019-09-10 20:20:11,674 [grpc-default-executor-2] INFO  impl.RoleInfo (RoleInfo.java:shutdownFollowerState(121)) - 6721d19e-fad5-40c6-a99e-1f07fcc56c74: shutdown FollowerState
2019-09-10 20:20:11,674 [grpc-default-executor-0] INFO  impl.RoleInfo (RoleInfo.java:shutdownFollowerState(121)) - 9f3eeb55-1628-4544-b8a1-8f6a6bd18952: shutdown FollowerState
2019-09-10 20:20:11,674 [grpc-default-executor-2] INFO  impl.RoleInfo (RoleInfo.java:updateAndGet(143)) - 6721d19e-fad5-40c6-a99e-1f07fcc56c74: start FollowerState
2019-09-10 20:20:11,674 [grpc-default-executor-0] INFO  impl.RoleInfo (RoleInfo.java:updateAndGet(143)) - 9f3eeb55-1628-4544-b8a1-8f6a6bd18952: start FollowerState
2019-09-10 20:20:11,674 [Thread-191] INFO  impl.FollowerState (FollowerState.java:run(115)) - 6721d19e-fad5-40c6-a99e-1f07fcc56c74: FollowerState was interrupted: java.lang.InterruptedException: sleep interrupted
2019-09-10 20:20:11,674 [Thread-194] INFO  impl.FollowerState (FollowerState.java:run(115)) - 9f3eeb55-1628-4544-b8a1-8f6a6bd18952: FollowerState was interrupted: java.lang.InterruptedException: sleep interrupted
2019-09-10 20:20:11,704 [6effdead-13d1-41e6-a2f2-1b6cf88b37a4@group-473A3ADDDDF6:LeaderElection4] INFO  impl.LeaderElection (LeaderElection.java:logAndReturn(56)) - 6effdead-13d1-41e6-a2f2-1b6cf88b37a4@group-473A3ADDDDF6:LeaderElection4: Election PASSED; received 1 response(s) [6effdead-13d1-41e6-a2f2-1b6cf88b37a4<-9f3eeb55-1628-4544-b8a1-8f6a6bd18952#0:OK-t1] and 0 exception(s); 6effdead-13d1-41e6-a2f2-1b6cf88b37a4@group-473A3ADDDDF6:t1, leader=null, voted=6effdead-13d1-41e6-a2f2-1b6cf88b37a4, raftlog=6effdead-13d1-41e6-a2f2-1b6cf88b37a4@group-473A3ADDDDF6-SegmentedRaftLog:OPENED:c-1,f-1,i0, conf=-1: [6721d19e-fad5-40c6-a99e-1f07fcc56c74:192.168.34.25:43550, 6effdead-13d1-41e6-a2f2-1b6cf88b37a4:192.168.34.25:36480, 9f3eeb55-1628-4544-b8a1-8f6a6bd18952:192.168.34.25:34224], old=null
2019-09-10 20:20:11,704 [6effdead-13d1-41e6-a2f2-1b6cf88b37a4@group-473A3ADDDDF6:LeaderElection4] INFO  impl.RoleInfo (RoleInfo.java:shutdownLeaderElection(134)) - 6effdead-13d1-41e6-a2f2-1b6cf88b37a4: shutdown LeaderElection
2019-09-10 20:20:11,704 [6effdead-13d1-41e6-a2f2-1b6cf88b37a4@group-473A3ADDDDF6:LeaderElection4] INFO  impl.RaftServerImpl (RaftServerImpl.java:setRole(174)) - 6effdead-13d1-41e6-a2f2-1b6cf88b37a4@group-473A3ADDDDF6: changes role from CANDIDATE to LEADER at term 1 for changeToLeader
2019-09-10 20:20:11,705 [6effdead-13d1-41e6-a2f2-1b6cf88b37a4@group-473A3ADDDDF6:LeaderElection4] INFO  impl.RaftServerImpl (ServerState.java:setLeader(253)) - 6effdead-13d1-41e6-a2f2-1b6cf88b37a4@group-473A3ADDDDF6: change Leader from null to 6effdead-13d1-41e6-a2f2-1b6cf88b37a4 at term 1 for becomeLeader, leader elected after 5176ms
2019-09-10 20:20:11,705 [6effdead-13d1-41e6-a2f2-1b6cf88b37a4@group-473A3ADDDDF6:LeaderElection4] INFO  server.RaftServerConfigKeys (ConfUtils.java:logGet(43)) - raft.server.staging.catchup.gap = 1000 (default)
2019-09-10 20:20:11,706 [6effdead-13d1-41e6-a2f2-1b6cf88b37a4@group-473A3ADDDDF6:LeaderElection4] INFO  server.RaftServerConfigKeys (ConfUtils.java:logGet(43)) - raft.server.rpc.sleep.time = 25ms (default)
2019-09-10 20:20:11,706 [6effdead-13d1-41e6-a2f2-1b6cf88b37a4@group-473A3ADDDDF6:LeaderElection4] INFO  server.RaftServerConfigKeys (ConfUtils.java:logGet(43)) - raft.server.write.element-limit = 4096 (default)
2019-09-10 20:20:11,706 [6effdead-13d1-41e6-a2f2-1b6cf88b37a4@group-473A3ADDDDF6:LeaderElection4] INFO  server.RaftServerConfigKeys (ConfUtils.java:logGet(43)) - raft.server.watch.timeout = 10s (default)
2019-09-10 20:20:11,706 [6effdead-13d1-41e6-a2f2-1b6cf88b37a4@group-473A3ADDDDF6:LeaderElection4] INFO  server.RaftServerConfigKeys (ConfUtils.java:logGet(43)) - raft.server.watch.timeout.denomination = 1s (default)
2019-09-10 20:20:11,706 [6effdead-13d1-41e6-a2f2-1b6cf88b37a4@group-473A3ADDDDF6:LeaderElection4] INFO  server.RaftServerConfigKeys (ConfUtils.java:logGet(43)) - raft.server.watch.element-limit = 65536 (default)
2019-09-10 20:20:11,711 [6effdead-13d1-41e6-a2f2-1b6cf88b37a4@group-473A3ADDDDF6:LeaderElection4] INFO  server.RaftServerConfigKeys (ConfUtils.java:logGet(43)) - raft.server.log.appender.snapshot.chunk.size.max = 16MB (=16777216) (default)
2019-09-10 20:20:11,712 [6effdead-13d1-41e6-a2f2-1b6cf88b37a4@group-473A3ADDDDF6:LeaderElection4] INFO  server.RaftServerConfigKeys (ConfUtils.java:logGet(43)) - raft.server.log.appender.buffer.byte-limit = 33554432 (custom)
2019-09-10 20:20:11,712 [6effdead-13d1-41e6-a2f2-1b6cf88b37a4@group-473A3ADDDDF6:LeaderElection4] INFO  server.RaftServerConfigKeys (ConfUtils.java:logGet(43)) - raft.server.log.appender.buffer.element-limit = 1 (custom)
2019-09-10 20:20:11,716 [6effdead-13d1-41e6-a2f2-1b6cf88b37a4@group-473A3ADDDDF6:LeaderElection4] INFO  grpc.GrpcConfigKeys$Server (ConfUtils.java:logGet(43)) - raft.grpc.server.leader.outstanding.appends.max = 128 (default)
2019-09-10 20:20:11,716 [6effdead-13d1-41e6-a2f2-1b6cf88b37a4@group-473A3ADDDDF6:LeaderElection4] INFO  server.RaftServerConfigKeys (ConfUtils.java:logGet(43)) - raft.server.rpc.request.timeout = 3000ms (default)
2019-09-10 20:20:11,716 [6effdead-13d1-41e6-a2f2-1b6cf88b37a4@group-473A3ADDDDF6:LeaderElection4] INFO  server.RaftServerConfigKeys (ConfUtils.java:logGet(43)) - raft.server.log.appender.install.snapshot.enabled = false (custom)
2019-09-10 20:20:11,718 [6effdead-13d1-41e6-a2f2-1b6cf88b37a4@group-473A3ADDDDF6:LeaderElection4] INFO  server.RaftServerConfigKeys (ConfUtils.java:logGet(43)) - raft.server.log.appender.snapshot.chunk.size.max = 16MB (=16777216) (default)
2019-09-10 20:20:11,718 [6effdead-13d1-41e6-a2f2-1b6cf88b37a4@group-473A3ADDDDF6:LeaderElection4] INFO  server.RaftServerConfigKeys (ConfUtils.java:logGet(43)) - raft.server.log.appender.buffer.byte-limit = 33554432 (custom)
2019-09-10 20:20:11,718 [6effdead-13d1-41e6-a2f2-1b6cf88b37a4@group-473A3ADDDDF6:LeaderElection4] INFO  server.RaftServerConfigKeys (ConfUtils.java:logGet(43)) - raft.server.log.appender.buffer.element-limit = 1 (custom)
2019-09-10 20:20:11,719 [6effdead-13d1-41e6-a2f2-1b6cf88b37a4@group-473A3ADDDDF6:LeaderElection4] INFO  grpc.GrpcConfigKeys$Server (ConfUtils.java:logGet(43)) - raft.grpc.server.leader.outstanding.appends.max = 128 (default)
2019-09-10 20:20:11,719 [6effdead-13d1-41e6-a2f2-1b6cf88b37a4@group-473A3ADDDDF6:LeaderElection4] INFO  server.RaftServerConfigKeys (ConfUtils.java:logGet(43)) - raft.server.rpc.request.timeout = 3000ms (default)
2019-09-10 20:20:11,719 [6effdead-13d1-41e6-a2f2-1b6cf88b37a4@group-473A3ADDDDF6:LeaderElection4] INFO  server.RaftServerConfigKeys (ConfUtils.java:logGet(43)) - raft.server.log.appender.install.snapshot.enabled = false (custom)
2019-09-10 20:20:11,720 [6effdead-13d1-41e6-a2f2-1b6cf88b37a4@group-473A3ADDDDF6:LeaderElection4] INFO  impl.RoleInfo (RoleInfo.java:updateAndGet(143)) - 6effdead-13d1-41e6-a2f2-1b6cf88b37a4: start LeaderState
2019-09-10 20:20:11,721 [6effdead-13d1-41e6-a2f2-1b6cf88b37a4@group-473A3ADDDDF6:LeaderElection4] INFO  segmented.SegmentedRaftLogWorker (SegmentedRaftLogWorker.java:startLogSegment(380)) - 6effdead-13d1-41e6-a2f2-1b6cf88b37a4@group-473A3ADDDDF6-SegmentedRaftLogWorker: Starting segment from index:0
2019-09-10 20:20:11,721 [6effdead-13d1-41e6-a2f2-1b6cf88b37a4@group-473A3ADDDDF6:LeaderElection4] INFO  impl.RaftServerImpl (ServerState.java:setRaftConf(354)) - 6effdead-13d1-41e6-a2f2-1b6cf88b37a4@group-473A3ADDDDF6: set configuration 0: [6721d19e-fad5-40c6-a99e-1f07fcc56c74:192.168.34.25:43550, 6effdead-13d1-41e6-a2f2-1b6cf88b37a4:192.168.34.25:36480, 9f3eeb55-1628-4544-b8a1-8f6a6bd18952:192.168.34.25:34224], old=null at 0
2019-09-10 20:20:11,768 [6effdead-13d1-41e6-a2f2-1b6cf88b37a4@group-473A3ADDDDF6-SegmentedRaftLogWorker] INFO  segmented.SegmentedRaftLogWorker (SegmentedRaftLogWorker.java:execute(569)) - 6effdead-13d1-41e6-a2f2-1b6cf88b37a4@group-473A3ADDDDF6-SegmentedRaftLogWorker: created new log segment /workdir/hadoop-ozone/tools/target/test-dir/MiniOzoneClusterImpl-70a41ef3-a3f2-4683-b109-c1f520f7c601/datanode-1/data/ratis/1d43f9da-0d5f-41be-945d-473a3addddf6/current/log_inprogress_0
2019-09-10 20:20:11,783 [grpc-default-executor-2] INFO  impl.RaftServerImpl (ServerState.java:setLeader(253)) - 9f3eeb55-1628-4544-b8a1-8f6a6bd18952@group-473A3ADDDDF6: change Leader from null to 6effdead-13d1-41e6-a2f2-1b6cf88b37a4 at term 1 for appendEntries, leader elected after 5254ms
2019-09-10 20:20:11,783 [grpc-default-executor-0] INFO  impl.RaftServerImpl (ServerState.java:setLeader(253)) - 6721d19e-fad5-40c6-a99e-1f07fcc56c74@group-473A3ADDDDF6: change Leader from null to 6effdead-13d1-41e6-a2f2-1b6cf88b37a4 at term 1 for appendEntries, leader elected after 5254ms
2019-09-10 20:20:11,813 [grpc-default-executor-0] INFO  impl.RaftServerImpl (ServerState.java:setRaftConf(354)) - 9f3eeb55-1628-4544-b8a1-8f6a6bd18952@group-473A3ADDDDF6: set configuration 0: [6721d19e-fad5-40c6-a99e-1f07fcc56c74:192.168.34.25:43550, 6effdead-13d1-41e6-a2f2-1b6cf88b37a4:192.168.34.25:36480, 9f3eeb55-1628-4544-b8a1-8f6a6bd18952:192.168.34.25:34224], old=null at 0
2019-09-10 20:20:11,813 [grpc-default-executor-2] INFO  impl.RaftServerImpl (ServerState.java:setRaftConf(354)) - 6721d19e-fad5-40c6-a99e-1f07fcc56c74@group-473A3ADDDDF6: set configuration 0: [6721d19e-fad5-40c6-a99e-1f07fcc56c74:192.168.34.25:43550, 6effdead-13d1-41e6-a2f2-1b6cf88b37a4:192.168.34.25:36480, 9f3eeb55-1628-4544-b8a1-8f6a6bd18952:192.168.34.25:34224], old=null at 0
2019-09-10 20:20:11,813 [grpc-default-executor-0] INFO  segmented.SegmentedRaftLogWorker (SegmentedRaftLogWorker.java:startLogSegment(380)) - 9f3eeb55-1628-4544-b8a1-8f6a6bd18952@group-473A3ADDDDF6-SegmentedRaftLogWorker: Starting segment from index:0
2019-09-10 20:20:11,814 [grpc-default-executor-2] INFO  segmented.SegmentedRaftLogWorker (SegmentedRaftLogWorker.java:startLogSegment(380)) - 6721d19e-fad5-40c6-a99e-1f07fcc56c74@group-473A3ADDDDF6-SegmentedRaftLogWorker: Starting segment from index:0
2019-09-10 20:20:11,868 [6721d19e-fad5-40c6-a99e-1f07fcc56c74@group-473A3ADDDDF6-SegmentedRaftLogWorker] INFO  segmented.SegmentedRaftLogWorker (SegmentedRaftLogWorker.java:execute(569)) - 6721d19e-fad5-40c6-a99e-1f07fcc56c74@group-473A3ADDDDF6-SegmentedRaftLogWorker: created new log segment /workdir/hadoop-ozone/tools/target/test-dir/MiniOzoneClusterImpl-70a41ef3-a3f2-4683-b109-c1f520f7c601/datanode-0/data/ratis/1d43f9da-0d5f-41be-945d-473a3addddf6/current/log_inprogress_0
2019-09-10 20:20:11,868 [9f3eeb55-1628-4544-b8a1-8f6a6bd18952@group-473A3ADDDDF6-SegmentedRaftLogWorker] INFO  segmented.SegmentedRaftLogWorker (SegmentedRaftLogWorker.java:execute(569)) - 9f3eeb55-1628-4544-b8a1-8f6a6bd18952@group-473A3ADDDDF6-SegmentedRaftLogWorker: created new log segment /workdir/hadoop-ozone/tools/target/test-dir/MiniOzoneClusterImpl-70a41ef3-a3f2-4683-b109-c1f520f7c601/datanode-2/data/ratis/1d43f9da-0d5f-41be-945d-473a3addddf6/current/log_inprogress_0
 0.00% |█                                                                                                    |  0/1 Time: 0:00:052019-09-10 20:20:12,036 [grpc-default-executor-2] INFO  client.GrpcClientProtocolClient (GrpcClientProtocolClient.java:onNext(264)) - client-2E8FF6204D1E->9f3eeb55-1628-4544-b8a1-8f6a6bd18952: receive RaftClientReply:client-2E8FF6204D1E->9f3eeb55-1628-4544-b8a1-8f6a6bd18952@group-473A3ADDDDF6, cid=6, FAILED org.apache.ratis.protocol.NotLeaderException: Server 9f3eeb55-1628-4544-b8a1-8f6a6bd18952@group-473A3ADDDDF6 is not the leader 6effdead-13d1-41e6-a2f2-1b6cf88b37a4:192.168.34.25:36480, logIndex=0, commits[9f3eeb55-1628-4544-b8a1-8f6a6bd18952:c0, 6721d19e-fad5-40c6-a99e-1f07fcc56c74:c-1, 6effdead-13d1-41e6-a2f2-1b6cf88b37a4:c0]
2019-09-10 20:20:12,388 [grpc-default-executor-0] INFO  client.GrpcClientProtocolClient (GrpcClientProtocolClient.java:onNext(264)) - client-2E8FF6204D1E->6effdead-13d1-41e6-a2f2-1b6cf88b37a4: receive RaftClientReply:client-2E8FF6204D1E->6effdead-13d1-41e6-a2f2-1b6cf88b37a4@group-473A3ADDDDF6, cid=6, SUCCESS, logIndex=1, commits[6effdead-13d1-41e6-a2f2-1b6cf88b37a4:c1, 6721d19e-fad5-40c6-a99e-1f07fcc56c74:c0, 9f3eeb55-1628-4544-b8a1-8f6a6bd18952:c0]
2019-09-10 20:20:12,514 [grpc-default-executor-1] INFO  client.GrpcClientProtocolClient (GrpcClientProtocolClient.java:onNext(264)) - client-2E8FF6204D1E->6effdead-13d1-41e6-a2f2-1b6cf88b37a4: receive RaftClientReply:client-2E8FF6204D1E->6effdead-13d1-41e6-a2f2-1b6cf88b37a4@group-473A3ADDDDF6, cid=7, SUCCESS, logIndex=3, commits[6effdead-13d1-41e6-a2f2-1b6cf88b37a4:c8, 6721d19e-fad5-40c6-a99e-1f07fcc56c74:c5, 9f3eeb55-1628-4544-b8a1-8f6a6bd18952:c5]
2019-09-10 20:20:12,522 [grpc-default-executor-1] INFO  client.GrpcClientProtocolClient (GrpcClientProtocolClient.java:onNext(264)) - client-2E8FF6204D1E->6effdead-13d1-41e6-a2f2-1b6cf88b37a4: receive RaftClientReply:client-2E8FF6204D1E->6effdead-13d1-41e6-a2f2-1b6cf88b37a4@group-473A3ADDDDF6, cid=8, SUCCESS, logIndex=4, commits[6effdead-13d1-41e6-a2f2-1b6cf88b37a4:c8, 6721d19e-fad5-40c6-a99e-1f07fcc56c74:c5, 9f3eeb55-1628-4544-b8a1-8f6a6bd18952:c5]
2019-09-10 20:20:12,628 [grpc-default-executor-1] INFO  client.GrpcClientProtocolClient (GrpcClientProtocolClient.java:onNext(264)) - client-2E8FF6204D1E->6effdead-13d1-41e6-a2f2-1b6cf88b37a4: receive RaftClientReply:client-2E8FF6204D1E->6effdead-13d1-41e6-a2f2-1b6cf88b37a4@group-473A3ADDDDF6, cid=9, SUCCESS, logIndex=5, commits[6effdead-13d1-41e6-a2f2-1b6cf88b37a4:c8, 6721d19e-fad5-40c6-a99e-1f07fcc56c74:c5, 9f3eeb55-1628-4544-b8a1-8f6a6bd18952:c5]
2019-09-10 20:20:12,707 [grpc-default-executor-1] INFO  client.GrpcClientProtocolClient (GrpcClientProtocolClient.java:onNext(264)) - client-2E8FF6204D1E->6effdead-13d1-41e6-a2f2-1b6cf88b37a4: receive RaftClientReply:client-2E8FF6204D1E->6effdead-13d1-41e6-a2f2-1b6cf88b37a4@group-473A3ADDDDF6, cid=10, SUCCESS, logIndex=9, commits[6effdead-13d1-41e6-a2f2-1b6cf88b37a4:c10, 6721d19e-fad5-40c6-a99e-1f07fcc56c74:c8, 9f3eeb55-1628-4544-b8a1-8f6a6bd18952:c8]
2019-09-10 20:20:12,708 [grpc-default-executor-0] INFO  client.GrpcClientProtocolClient (GrpcClientProtocolClient.java:onNext(264)) - client-2E8FF6204D1E->6effdead-13d1-41e6-a2f2-1b6cf88b37a4: receive RaftClientReply:client-2E8FF6204D1E->6effdead-13d1-41e6-a2f2-1b6cf88b37a4@group-473A3ADDDDF6, cid=11, SUCCESS, logIndex=10, commits[6effdead-13d1-41e6-a2f2-1b6cf88b37a4:c10, 6721d19e-fad5-40c6-a99e-1f07fcc56c74:c8, 9f3eeb55-1628-4544-b8a1-8f6a6bd18952:c8]
2019-09-10 20:20:12,709 [grpc-default-executor-0] INFO  client.GrpcClientProtocolClient (GrpcClientProtocolClient.java:onNext(264)) - client-2E8FF6204D1E->6effdead-13d1-41e6-a2f2-1b6cf88b37a4: receive RaftClientReply:client-2E8FF6204D1E->6effdead-13d1-41e6-a2f2-1b6cf88b37a4@group-473A3ADDDDF6, cid=12, SUCCESS, logIndex=11, commits[6effdead-13d1-41e6-a2f2-1b6cf88b37a4:c12, 6721d19e-fad5-40c6-a99e-1f07fcc56c74:c8, 9f3eeb55-1628-4544-b8a1-8f6a6bd18952:c8]
2019-09-10 20:20:12,710 [grpc-default-executor-0] INFO  client.GrpcClientProtocolClient (GrpcClientProtocolClient.java:onNext(264)) - client-2E8FF6204D1E->6effdead-13d1-41e6-a2f2-1b6cf88b37a4: receive RaftClientReply:client-2E8FF6204D1E->6effdead-13d1-41e6-a2f2-1b6cf88b37a4@group-473A3ADDDDF6, cid=13, SUCCESS, logIndex=12, commits[6effdead-13d1-41e6-a2f2-1b6cf88b37a4:c12, 6721d19e-fad5-40c6-a99e-1f07fcc56c74:c8, 9f3eeb55-1628-4544-b8a1-8f6a6bd18952:c8]
2019-09-10 20:20:12,731 [grpc-default-executor-0] INFO  client.GrpcClientProtocolClient (GrpcClientProtocolClient.java:onNext(264)) - client-2E8FF6204D1E->6effdead-13d1-41e6-a2f2-1b6cf88b37a4: receive RaftClientReply:client-2E8FF6204D1E->6effdead-13d1-41e6-a2f2-1b6cf88b37a4@group-473A3ADDDDF6, cid=14, SUCCESS, logIndex=0, commits[6effdead-13d1-41e6-a2f2-1b6cf88b37a4:c16, 6721d19e-fad5-40c6-a99e-1f07fcc56c74:c12, 9f3eeb55-1628-4544-b8a1-8f6a6bd18952:c12]
2019-09-10 20:20:12,738 [grpc-default-executor-0] INFO  client.GrpcClientProtocolClient (GrpcClientProtocolClient.java:onNext(264)) - client-2E8FF6204D1E->6effdead-13d1-41e6-a2f2-1b6cf88b37a4: receive RaftClientReply:client-2E8FF6204D1E->6effdead-13d1-41e6-a2f2-1b6cf88b37a4@group-473A3ADDDDF6, cid=15, SUCCESS, logIndex=0, commits[6effdead-13d1-41e6-a2f2-1b6cf88b37a4:c16, 6721d19e-fad5-40c6-a99e-1f07fcc56c74:c12, 9f3eeb55-1628-4544-b8a1-8f6a6bd18952:c12]
 0.00% |█                                                                                                    |  0/1 Time: 0:00:06 0.00% |█                                                                                                    |  0/1 Time: 0:00:07 0.00% |█                                                                                                    |  0/1 Time: 0:00:082019-09-10 20:20:15,752 [java.util.concurrent.ThreadPoolExecutor$Worker@60cc4b5a[State = -1, empty queue]] WARN  server.GrpcLogAppender (GrpcLogAppender.java:timeoutAppendRequest(200)) - 6effdead-13d1-41e6-a2f2-1b6cf88b37a4@group-473A3ADDDDF6->6721d19e-fad5-40c6-a99e-1f07fcc56c74-GrpcLogAppender: appendEntries Timeout, request=6effdead-13d1-41e6-a2f2-1b6cf88b37a4->6721d19e-fad5-40c6-a99e-1f07fcc56c74#18-t1, previous=(t:1, i:16), leaderCommit=16, initializing? false, entries: size=1, first=(t:1, i:17), STATEMACHINELOGENTRY, client-2E8FF6204D1E, cid=16
2019-09-10 20:20:15,752 [java.util.concurrent.ThreadPoolExecutor$Worker@1d3c1c77[State = -1, empty queue]] WARN  server.GrpcLogAppender (GrpcLogAppender.java:timeoutAppendRequest(200)) - 6effdead-13d1-41e6-a2f2-1b6cf88b37a4@group-473A3ADDDDF6->9f3eeb55-1628-4544-b8a1-8f6a6bd18952-GrpcLogAppender: appendEntries Timeout, request=6effdead-13d1-41e6-a2f2-1b6cf88b37a4->9f3eeb55-1628-4544-b8a1-8f6a6bd18952#18-t1, previous=(t:1, i:16), leaderCommit=16, initializing? false, entries: size=1, first=(t:1, i:17), STATEMACHINELOGENTRY, client-2E8FF6204D1E, cid=16
2019-09-10 20:20:15,755 [java.util.concurrent.ThreadPoolExecutor$Worker@60cc4b5a[State = -1, empty queue]] WARN  server.GrpcLogAppender (GrpcLogAppender.java:timeoutAppendRequest(200)) - 6effdead-13d1-41e6-a2f2-1b6cf88b37a4@group-473A3ADDDDF6->6721d19e-fad5-40c6-a99e-1f07fcc56c74-GrpcLogAppender: appendEntries Timeout, request=6effdead-13d1-41e6-a2f2-1b6cf88b37a4->6721d19e-fad5-40c6-a99e-1f07fcc56c74#19-t1, previous=(t:1, i:17), leaderCommit=16, initializing? false, entries: size=1, first=(t:1, i:18), STATEMACHINELOGENTRY, client-2E8FF6204D1E, cid=17
2019-09-10 20:20:15,757 [java.util.concurrent.ThreadPoolExecutor$Worker@1d3c1c77[State = -1, empty queue]] WARN  server.GrpcLogAppender (GrpcLogAppender.java:timeoutAppendRequest(200)) - 6effdead-13d1-41e6-a2f2-1b6cf88b37a4@group-473A3ADDDDF6->9f3eeb55-1628-4544-b8a1-8f6a6bd18952-GrpcLogAppender: appendEntries Timeout, request=6effdead-13d1-41e6-a2f2-1b6cf88b37a4->9f3eeb55-1628-4544-b8a1-8f6a6bd18952#19-t1, previous=(t:1, i:17), leaderCommit=16, initializing? false, entries: size=1, first=(t:1, i:18), STATEMACHINELOGENTRY, client-2E8FF6204D1E, cid=17
2019-09-10 20:20:15,761 [java.util.concurrent.ThreadPoolExecutor$Worker@60cc4b5a[State = -1, empty queue]] WARN  server.GrpcLogAppender (GrpcLogAppender.java:timeoutAppendRequest(200)) - 6effdead-13d1-41e6-a2f2-1b6cf88b37a4@group-473A3ADDDDF6->6721d19e-fad5-40c6-a99e-1f07fcc56c74-GrpcLogAppender: appendEntries Timeout, request=6effdead-13d1-41e6-a2f2-1b6cf88b37a4->6721d19e-fad5-40c6-a99e-1f07fcc56c74#20-t1, previous=(t:1, i:18), leaderCommit=16, initializing? false, entries: size=1, first=(t:1, i:19), STATEMACHINELOGENTRY, client-2E8FF6204D1E, cid=18
2019-09-10 20:20:15,761 [java.util.concurrent.ThreadPoolExecutor$Worker@1d3c1c77[State = -1, empty queue]] WARN  server.GrpcLogAppender (GrpcLogAppender.java:timeoutAppendRequest(200)) - 6effdead-13d1-41e6-a2f2-1b6cf88b37a4@group-473A3ADDDDF6->9f3eeb55-1628-4544-b8a1-8f6a6bd18952-GrpcLogAppender: appendEntries Timeout, request=6effdead-13d1-41e6-a2f2-1b6cf88b37a4->9f3eeb55-1628-4544-b8a1-8f6a6bd18952#20-t1, previous=(t:1, i:18), leaderCommit=16, initializing? false, entries: size=1, first=(t:1, i:19), STATEMACHINELOGENTRY, client-2E8FF6204D1E, cid=18
2019-09-10 20:20:15,763 [java.util.concurrent.ThreadPoolExecutor$Worker@60cc4b5a[State = -1, empty queue]] WARN  server.GrpcLogAppender (GrpcLogAppender.java:timeoutAppendRequest(200)) - 6effdead-13d1-41e6-a2f2-1b6cf88b37a4@group-473A3ADDDDF6->6721d19e-fad5-40c6-a99e-1f07fcc56c74-GrpcLogAppender: appendEntries Timeout, request=6effdead-13d1-41e6-a2f2-1b6cf88b37a4->6721d19e-fad5-40c6-a99e-1f07fcc56c74#21-t1, previous=(t:1, i:19), leaderCommit=16, initializing? false, entries: size=1, first=(t:1, i:20), STATEMACHINELOGENTRY, client-2E8FF6204D1E, cid=19
2019-09-10 20:20:15,765 [java.util.concurrent.ThreadPoolExecutor$Worker@1d3c1c77[State = -1, empty queue]] WARN  server.GrpcLogAppender (GrpcLogAppender.java:timeoutAppendRequest(200)) - 6effdead-13d1-41e6-a2f2-1b6cf88b37a4@group-473A3ADDDDF6->9f3eeb55-1628-4544-b8a1-8f6a6bd18952-GrpcLogAppender: appendEntries Timeout, request=6effdead-13d1-41e6-a2f2-1b6cf88b37a4->9f3eeb55-1628-4544-b8a1-8f6a6bd18952#21-t1, previous=(t:1, i:19), leaderCommit=16, initializing? false, entries: size=1, first=(t:1, i:20), STATEMACHINELOGENTRY, client-2E8FF6204D1E, cid=19
 0.00% |█                                                                                                    |  0/1 Time: 0:00:09 0.00% |█                                                                                                    |  0/1 Time: 0:00:102019-09-10 20:20:17,845 [grpc-default-executor-2] INFO  client.GrpcClientProtocolClient (GrpcClientProtocolClient.java:onNext(264)) - client-2E8FF6204D1E->6721d19e-fad5-40c6-a99e-1f07fcc56c74: receive RaftClientReply:client-2E8FF6204D1E->6721d19e-fad5-40c6-a99e-1f07fcc56c74@group-473A3ADDDDF6, cid=16, FAILED org.apache.ratis.protocol.NotLeaderException: Server 6721d19e-fad5-40c6-a99e-1f07fcc56c74@group-473A3ADDDDF6 is not the leader 6effdead-13d1-41e6-a2f2-1b6cf88b37a4:192.168.34.25:36480, logIndex=0, commits[6721d19e-fad5-40c6-a99e-1f07fcc56c74:c16, 6effdead-13d1-41e6-a2f2-1b6cf88b37a4:c16, 9f3eeb55-1628-4544-b8a1-8f6a6bd18952:c12]
 0.00% |█                                                                                                    |  0/1 Time: 0:00:112019-09-10 20:20:18,264 [java.util.concurrent.ThreadPoolExecutor$Worker@1d3c1c77[State = -1, empty queue]] WARN  server.GrpcLogAppender (GrpcLogAppender.java:timeoutAppendRequest(200)) - 6effdead-13d1-41e6-a2f2-1b6cf88b37a4@group-473A3ADDDDF6->9f3eeb55-1628-4544-b8a1-8f6a6bd18952-GrpcLogAppender: appendEntries Timeout, request=6effdead-13d1-41e6-a2f2-1b6cf88b37a4->9f3eeb55-1628-4544-b8a1-8f6a6bd18952#22-t1, previous=(t:1, i:20), leaderCommit=16, initializing? false, entries: <empty>
2019-09-10 20:20:18,264 [java.util.concurrent.ThreadPoolExecutor$Worker@60cc4b5a[State = -1, empty queue]] WARN  server.GrpcLogAppender (GrpcLogAppender.java:timeoutAppendRequest(200)) - 6effdead-13d1-41e6-a2f2-1b6cf88b37a4@group-473A3ADDDDF6->6721d19e-fad5-40c6-a99e-1f07fcc56c74-GrpcLogAppender: appendEntries Timeout, request=6effdead-13d1-41e6-a2f2-1b6cf88b37a4->6721d19e-fad5-40c6-a99e-1f07fcc56c74#22-t1, previous=(t:1, i:20), leaderCommit=16, initializing? false, entries: <empty>
 0.00% |█                                                                                                    |  0/1 Time: 0:00:12 0.00% |█                                                                                                    |  0/1 Time: 0:00:132019-09-10 20:20:20,765 [java.util.concurrent.ThreadPoolExecutor$Worker@60cc4b5a[State = -1, empty queue]] WARN  server.GrpcLogAppender (GrpcLogAppender.java:timeoutAppendRequest(200)) - 6effdead-13d1-41e6-a2f2-1b6cf88b37a4@group-473A3ADDDDF6->6721d19e-fad5-40c6-a99e-1f07fcc56c74-GrpcLogAppender: appendEntries Timeout, request=6effdead-13d1-41e6-a2f2-1b6cf88b37a4->6721d19e-fad5-40c6-a99e-1f07fcc56c74#23-t1, previous=(t:1, i:20), leaderCommit=16, initializing? false, entries: <empty>
2019-09-10 20:20:20,765 [java.util.concurrent.ThreadPoolExecutor$Worker@1d3c1c77[State = -1, empty queue]] WARN  server.GrpcLogAppender (GrpcLogAppender.java:timeoutAppendRequest(200)) - 6effdead-13d1-41e6-a2f2-1b6cf88b37a4@group-473A3ADDDDF6->9f3eeb55-1628-4544-b8a1-8f6a6bd18952-GrpcLogAppender: appendEntries Timeout, request=6effdead-13d1-41e6-a2f2-1b6cf88b37a4->9f3eeb55-1628-4544-b8a1-8f6a6bd18952#23-t1, previous=(t:1, i:20), leaderCommit=16, initializing? false, entries: <empty>
 0.00% |█                                                                                                    |  0/1 Time: 0:00:14 0.00% |█                                                                                                    |  0/1 Time: 0:00:152019-09-10 20:20:22,926 [6721d19e-fad5-40c6-a99e-1f07fcc56c74@group-473A3ADDDDF6-SegmentedRaftLogWorker] WARN  segmented.SegmentedRaftLogWorker (SegmentedRaftLogWorker.java:getFromFuture(90)) - Timeout 0/~
org.apache.ratis.protocol.TimeoutIOException: Timeout 10s: WriteLog:19: (t:1, i:19), STATEMACHINELOGENTRY, client-2E8FF6204D1E, cid=18-writeStateMachineData
	at org.apache.ratis.util.IOUtils.getFromFuture(IOUtils.java:87)
	at org.apache.ratis.server.raftlog.segmented.SegmentedRaftLogWorker$StateMachineDataPolicy.getFromFuture(SegmentedRaftLogWorker.java:87)
	at org.apache.ratis.server.raftlog.segmented.SegmentedRaftLogWorker$WriteLog.execute(SegmentedRaftLogWorker.java:477)
	at org.apache.ratis.server.raftlog.segmented.SegmentedRaftLogWorker.run(SegmentedRaftLogWorker.java:289)
	at java.lang.Thread.run(Thread.java:748)
Caused by: java.util.concurrent.TimeoutException
	at java.util.concurrent.CompletableFuture.timedGet(CompletableFuture.java:1771)
	at java.util.concurrent.CompletableFuture.get(CompletableFuture.java:1915)
	at org.apache.ratis.util.IOUtils.getFromFuture(IOUtils.java:79)
	... 4 more
2019-09-10 20:20:22,926 [9f3eeb55-1628-4544-b8a1-8f6a6bd18952@group-473A3ADDDDF6-SegmentedRaftLogWorker] WARN  segmented.SegmentedRaftLogWorker (SegmentedRaftLogWorker.java:getFromFuture(90)) - Timeout 0/~
org.apache.ratis.protocol.TimeoutIOException: Timeout 10s: WriteLog:19: (t:1, i:19), STATEMACHINELOGENTRY, client-2E8FF6204D1E, cid=18-writeStateMachineData
	at org.apache.ratis.util.IOUtils.getFromFuture(IOUtils.java:87)
	at org.apache.ratis.server.raftlog.segmented.SegmentedRaftLogWorker$StateMachineDataPolicy.getFromFuture(SegmentedRaftLogWorker.java:87)
	at org.apache.ratis.server.raftlog.segmented.SegmentedRaftLogWorker$WriteLog.execute(SegmentedRaftLogWorker.java:477)
	at org.apache.ratis.server.raftlog.segmented.SegmentedRaftLogWorker.run(SegmentedRaftLogWorker.java:289)
	at java.lang.Thread.run(Thread.java:748)
Caused by: java.util.concurrent.TimeoutException
	at java.util.concurrent.CompletableFuture.timedGet(CompletableFuture.java:1771)
	at java.util.concurrent.CompletableFuture.get(CompletableFuture.java:1915)
	at org.apache.ratis.util.IOUtils.getFromFuture(IOUtils.java:79)
	... 4 more
2019-09-10 20:20:22,926 [6effdead-13d1-41e6-a2f2-1b6cf88b37a4@group-473A3ADDDDF6-SegmentedRaftLogWorker] WARN  segmented.SegmentedRaftLogWorker (SegmentedRaftLogWorker.java:getFromFuture(90)) - Timeout 0/~
org.apache.ratis.protocol.TimeoutIOException: Timeout 10s: WriteLog:19: (t:1, i:19), STATEMACHINELOGENTRY, client-2E8FF6204D1E, cid=18-writeStateMachineData
	at org.apache.ratis.util.IOUtils.getFromFuture(IOUtils.java:87)
	at org.apache.ratis.server.raftlog.segmented.SegmentedRaftLogWorker$StateMachineDataPolicy.getFromFuture(SegmentedRaftLogWorker.java:87)
	at org.apache.ratis.server.raftlog.segmented.SegmentedRaftLogWorker$WriteLog.execute(SegmentedRaftLogWorker.java:477)
	at org.apache.ratis.server.raftlog.segmented.SegmentedRaftLogWorker.run(SegmentedRaftLogWorker.java:289)
	at java.lang.Thread.run(Thread.java:748)
Caused by: java.util.concurrent.TimeoutException
	at java.util.concurrent.CompletableFuture.timedGet(CompletableFuture.java:1771)
	at java.util.concurrent.CompletableFuture.get(CompletableFuture.java:1915)
	at org.apache.ratis.util.IOUtils.getFromFuture(IOUtils.java:79)
	... 4 more
2019-09-10 20:20:22,941 [grpc-default-executor-2] INFO  client.GrpcClientProtocolClient (GrpcClientProtocolClient.java:onNext(264)) - client-2E8FF6204D1E->6721d19e-fad5-40c6-a99e-1f07fcc56c74: receive RaftClientReply:client-2E8FF6204D1E->6721d19e-fad5-40c6-a99e-1f07fcc56c74@group-473A3ADDDDF6, cid=16, FAILED org.apache.ratis.protocol.NotLeaderException: Server 6721d19e-fad5-40c6-a99e-1f07fcc56c74@group-473A3ADDDDF6 is not the leader 6effdead-13d1-41e6-a2f2-1b6cf88b37a4:192.168.34.25:36480, logIndex=0, commits[6721d19e-fad5-40c6-a99e-1f07fcc56c74:c16, 6effdead-13d1-41e6-a2f2-1b6cf88b37a4:c16, 9f3eeb55-1628-4544-b8a1-8f6a6bd18952:c12]
 0.00% |█                                                                                                    |  0/1 Time: 0:00:162019-09-10 20:20:23,266 [java.util.concurrent.ThreadPoolExecutor$Worker@1d3c1c77[State = -1, empty queue]] WARN  server.GrpcLogAppender (GrpcLogAppender.java:timeoutAppendRequest(200)) - 6effdead-13d1-41e6-a2f2-1b6cf88b37a4@group-473A3ADDDDF6->9f3eeb55-1628-4544-b8a1-8f6a6bd18952-GrpcLogAppender: appendEntries Timeout, request=6effdead-13d1-41e6-a2f2-1b6cf88b37a4->9f3eeb55-1628-4544-b8a1-8f6a6bd18952#24-t1, previous=(t:1, i:20), leaderCommit=16, initializing? false, entries: <empty>
2019-09-10 20:20:23,266 [java.util.concurrent.ThreadPoolExecutor$Worker@60cc4b5a[State = -1, empty queue]] WARN  server.GrpcLogAppender (GrpcLogAppender.java:timeoutAppendRequest(200)) - 6effdead-13d1-41e6-a2f2-1b6cf88b37a4@group-473A3ADDDDF6->6721d19e-fad5-40c6-a99e-1f07fcc56c74-GrpcLogAppender: appendEntries Timeout, request=6effdead-13d1-41e6-a2f2-1b6cf88b37a4->6721d19e-fad5-40c6-a99e-1f07fcc56c74#24-t1, previous=(t:1, i:20), leaderCommit=16, initializing? false, entries: <empty>
 0.00% |█                                                                                                    |  0/1 Time: 0:00:17 0.00% |█                                                                                                    |  0/1 Time: 0:00:182019-09-10 20:20:25,770 [java.util.concurrent.ThreadPoolExecutor$Worker@1d3c1c77[State = -1, empty queue]] WARN  server.GrpcLogAppender (GrpcLogAppender.java:timeoutAppendRequest(200)) - 6effdead-13d1-41e6-a2f2-1b6cf88b37a4@group-473A3ADDDDF6->9f3eeb55-1628-4544-b8a1-8f6a6bd18952-GrpcLogAppender: appendEntries Timeout, request=6effdead-13d1-41e6-a2f2-1b6cf88b37a4->9f3eeb55-1628-4544-b8a1-8f6a6bd18952#25-t1, previous=(t:1, i:20), leaderCommit=16, initializing? false, entries: <empty>
2019-09-10 20:20:25,770 [java.util.concurrent.ThreadPoolExecutor$Worker@60cc4b5a[State = -1, empty queue]] WARN  server.GrpcLogAppender (GrpcLogAppender.java:timeoutAppendRequest(200)) - 6effdead-13d1-41e6-a2f2-1b6cf88b37a4@group-473A3ADDDDF6->6721d19e-fad5-40c6-a99e-1f07fcc56c74-GrpcLogAppender: appendEntries Timeout, request=6effdead-13d1-41e6-a2f2-1b6cf88b37a4->6721d19e-fad5-40c6-a99e-1f07fcc56c74#25-t1, previous=(t:1, i:20), leaderCommit=16, initializing? false, entries: <empty>
 0.00% |█                                                                                                    |  0/1 Time: 0:00:19 0.00% |█                                                                                                    |  0/1 Time: 0:00:20 0.00% |█                                                                                                    |  0/1 Time: 0:00:212019-09-10 20:20:28,018 [grpc-default-executor-3] INFO  client.GrpcClientProtocolClient (GrpcClientProtocolClient.java:onNext(264)) - client-2E8FF6204D1E->9f3eeb55-1628-4544-b8a1-8f6a6bd18952: receive RaftClientReply:client-2E8FF6204D1E->9f3eeb55-1628-4544-b8a1-8f6a6bd18952@group-473A3ADDDDF6, cid=16, FAILED org.apache.ratis.protocol.NotLeaderException: Server 9f3eeb55-1628-4544-b8a1-8f6a6bd18952@group-473A3ADDDDF6 is not the leader 6effdead-13d1-41e6-a2f2-1b6cf88b37a4:192.168.34.25:36480, logIndex=0, commits[9f3eeb55-1628-4544-b8a1-8f6a6bd18952:c16, 6721d19e-fad5-40c6-a99e-1f07fcc56c74:c12, 6effdead-13d1-41e6-a2f2-1b6cf88b37a4:c16]
2019-09-10 20:20:28,272 [java.util.concurrent.ThreadPoolExecutor$Worker@60cc4b5a[State = -1, empty queue]] WARN  server.GrpcLogAppender (GrpcLogAppender.java:timeoutAppendRequest(200)) - 6effdead-13d1-41e6-a2f2-1b6cf88b37a4@group-473A3ADDDDF6->6721d19e-fad5-40c6-a99e-1f07fcc56c74-GrpcLogAppender: appendEntries Timeout, request=6effdead-13d1-41e6-a2f2-1b6cf88b37a4->6721d19e-fad5-40c6-a99e-1f07fcc56c74#26-t1, previous=(t:1, i:20), leaderCommit=16, initializing? false, entries: <empty>
2019-09-10 20:20:28,272 [java.util.concurrent.ThreadPoolExecutor$Worker@1d3c1c77[State = -1, empty queue]] WARN  server.GrpcLogAppender (GrpcLogAppender.java:timeoutAppendRequest(200)) - 6effdead-13d1-41e6-a2f2-1b6cf88b37a4@group-473A3ADDDDF6->9f3eeb55-1628-4544-b8a1-8f6a6bd18952-GrpcLogAppender: appendEntries Timeout, request=6effdead-13d1-41e6-a2f2-1b6cf88b37a4->9f3eeb55-1628-4544-b8a1-8f6a6bd18952#26-t1, previous=(t:1, i:20), leaderCommit=16, initializing? false, entries: <empty>
 0.00% |█                                                                                                    |  0/1 Time: 0:00:22 0.00% |█                                                                                                    |  0/1 Time: 0:00:232019-09-10 20:20:30,775 [java.util.concurrent.ThreadPoolExecutor$Worker@60cc4b5a[State = -1, empty queue]] WARN  server.GrpcLogAppender (GrpcLogAppender.java:timeoutAppendRequest(200)) - 6effdead-13d1-41e6-a2f2-1b6cf88b37a4@group-473A3ADDDDF6->6721d19e-fad5-40c6-a99e-1f07fcc56c74-GrpcLogAppender: appendEntries Timeout, request=6effdead-13d1-41e6-a2f2-1b6cf88b37a4->6721d19e-fad5-40c6-a99e-1f07fcc56c74#27-t1, previous=(t:1, i:20), leaderCommit=16, initializing? false, entries: <empty>
2019-09-10 20:20:30,775 [java.util.concurrent.ThreadPoolExecutor$Worker@1d3c1c77[State = -1, empty queue]] WARN  server.GrpcLogAppender (GrpcLogAppender.java:timeoutAppendRequest(200)) - 6effdead-13d1-41e6-a2f2-1b6cf88b37a4@group-473A3ADDDDF6->9f3eeb55-1628-4544-b8a1-8f6a6bd18952-GrpcLogAppender: appendEntries Timeout, request=6effdead-13d1-41e6-a2f2-1b6cf88b37a4->9f3eeb55-1628-4544-b8a1-8f6a6bd18952#27-t1, previous=(t:1, i:20), leaderCommit=16, initializing? false, entries: <empty>
 0.00% |█                                                                                                    |  0/1 Time: 0:00:24 0.00% |█                                                                                                    |  0/1 Time: 0:00:252019-09-10 20:20:32,934 [6721d19e-fad5-40c6-a99e-1f07fcc56c74@group-473A3ADDDDF6-SegmentedRaftLogWorker] WARN  segmented.SegmentedRaftLogWorker (SegmentedRaftLogWorker.java:getFromFuture(90)) - Timeout 1/~
org.apache.ratis.protocol.TimeoutIOException: Timeout 10s: WriteLog:19: (t:1, i:19), STATEMACHINELOGENTRY, client-2E8FF6204D1E, cid=18-writeStateMachineData
	at org.apache.ratis.util.IOUtils.getFromFuture(IOUtils.java:87)
	at org.apache.ratis.server.raftlog.segmented.SegmentedRaftLogWorker$StateMachineDataPolicy.getFromFuture(SegmentedRaftLogWorker.java:87)
	at org.apache.ratis.server.raftlog.segmented.SegmentedRaftLogWorker$WriteLog.execute(SegmentedRaftLogWorker.java:477)
	at org.apache.ratis.server.raftlog.segmented.SegmentedRaftLogWorker.run(SegmentedRaftLogWorker.java:289)
	at java.lang.Thread.run(Thread.java:748)
Caused by: java.util.concurrent.TimeoutException
	at java.util.concurrent.CompletableFuture.timedGet(CompletableFuture.java:1771)
	at java.util.concurrent.CompletableFuture.get(CompletableFuture.java:1915)
	at org.apache.ratis.util.IOUtils.getFromFuture(IOUtils.java:79)
	... 4 more
2019-09-10 20:20:32,935 [6effdead-13d1-41e6-a2f2-1b6cf88b37a4@group-473A3ADDDDF6-SegmentedRaftLogWorker] WARN  segmented.SegmentedRaftLogWorker (SegmentedRaftLogWorker.java:getFromFuture(90)) - Timeout 1/~
org.apache.ratis.protocol.TimeoutIOException: Timeout 10s: WriteLog:19: (t:1, i:19), STATEMACHINELOGENTRY, client-2E8FF6204D1E, cid=18-writeStateMachineData
	at org.apache.ratis.util.IOUtils.getFromFuture(IOUtils.java:87)
	at org.apache.ratis.server.raftlog.segmented.SegmentedRaftLogWorker$StateMachineDataPolicy.getFromFuture(SegmentedRaftLogWorker.java:87)
	at org.apache.ratis.server.raftlog.segmented.SegmentedRaftLogWorker$WriteLog.execute(SegmentedRaftLogWorker.java:477)
	at org.apache.ratis.server.raftlog.segmented.SegmentedRaftLogWorker.run(SegmentedRaftLogWorker.java:289)
	at java.lang.Thread.run(Thread.java:748)
Caused by: java.util.concurrent.TimeoutException
	at java.util.concurrent.CompletableFuture.timedGet(CompletableFuture.java:1771)
	at java.util.concurrent.CompletableFuture.get(CompletableFuture.java:1915)
	at org.apache.ratis.util.IOUtils.getFromFuture(IOUtils.java:79)
	... 4 more
2019-09-10 20:20:32,935 [9f3eeb55-1628-4544-b8a1-8f6a6bd18952@group-473A3ADDDDF6-SegmentedRaftLogWorker] WARN  segmented.SegmentedRaftLogWorker (SegmentedRaftLogWorker.java:getFromFuture(90)) - Timeout 1/~
org.apache.ratis.protocol.TimeoutIOException: Timeout 10s: WriteLog:19: (t:1, i:19), STATEMACHINELOGENTRY, client-2E8FF6204D1E, cid=18-writeStateMachineData
	at org.apache.ratis.util.IOUtils.getFromFuture(IOUtils.java:87)
	at org.apache.ratis.server.raftlog.segmented.SegmentedRaftLogWorker$StateMachineDataPolicy.getFromFuture(SegmentedRaftLogWorker.java:87)
	at org.apache.ratis.server.raftlog.segmented.SegmentedRaftLogWorker$WriteLog.execute(SegmentedRaftLogWorker.java:477)
	at org.apache.ratis.server.raftlog.segmented.SegmentedRaftLogWorker.run(SegmentedRaftLogWorker.java:289)
	at java.lang.Thread.run(Thread.java:748)
Caused by: java.util.concurrent.TimeoutException
	at java.util.concurrent.CompletableFuture.timedGet(CompletableFuture.java:1771)
	at java.util.concurrent.CompletableFuture.get(CompletableFuture.java:1915)
	at org.apache.ratis.util.IOUtils.getFromFuture(IOUtils.java:79)
	... 4 more
 0.00% |█                                                                                                    |  0/1 Time: 0:00:262019-09-10 20:20:33,079 [grpc-default-executor-3] INFO  client.GrpcClientProtocolClient (GrpcClientProtocolClient.java:onNext(264)) - client-2E8FF6204D1E->9f3eeb55-1628-4544-b8a1-8f6a6bd18952: receive RaftClientReply:client-2E8FF6204D1E->9f3eeb55-1628-4544-b8a1-8f6a6bd18952@group-473A3ADDDDF6, cid=16, FAILED org.apache.ratis.protocol.NotLeaderException: Server 9f3eeb55-1628-4544-b8a1-8f6a6bd18952@group-473A3ADDDDF6 is not the leader 6effdead-13d1-41e6-a2f2-1b6cf88b37a4:192.168.34.25:36480, logIndex=0, commits[9f3eeb55-1628-4544-b8a1-8f6a6bd18952:c16, 6721d19e-fad5-40c6-a99e-1f07fcc56c74:c12, 6effdead-13d1-41e6-a2f2-1b6cf88b37a4:c16]
2019-09-10 20:20:33,276 [java.util.concurrent.ThreadPoolExecutor$Worker@60cc4b5a[State = -1, empty queue]] WARN  server.GrpcLogAppender (GrpcLogAppender.java:timeoutAppendRequest(200)) - 6effdead-13d1-41e6-a2f2-1b6cf88b37a4@group-473A3ADDDDF6->6721d19e-fad5-40c6-a99e-1f07fcc56c74-GrpcLogAppender: appendEntries Timeout, request=6effdead-13d1-41e6-a2f2-1b6cf88b37a4->6721d19e-fad5-40c6-a99e-1f07fcc56c74#28-t1, previous=(t:1, i:20), leaderCommit=16, initializing? false, entries: <empty>
2019-09-10 20:20:33,276 [java.util.concurrent.ThreadPoolExecutor$Worker@1d3c1c77[State = -1, empty queue]] WARN  server.GrpcLogAppender (GrpcLogAppender.java:timeoutAppendRequest(200)) - 6effdead-13d1-41e6-a2f2-1b6cf88b37a4@group-473A3ADDDDF6->9f3eeb55-1628-4544-b8a1-8f6a6bd18952-GrpcLogAppender: appendEntries Timeout, request=6effdead-13d1-41e6-a2f2-1b6cf88b37a4->9f3eeb55-1628-4544-b8a1-8f6a6bd18952#28-t1, previous=(t:1, i:20), leaderCommit=16, initializing? false, entries: <empty>
 0.00% |█                                                                                                    |  0/1 Time: 0:00:27 0.00% |█                                                                                                    |  0/1 Time: 0:00:282019-09-10 20:20:35,778 [java.util.concurrent.ThreadPoolExecutor$Worker@60cc4b5a[State = -1, empty queue]] WARN  server.GrpcLogAppender (GrpcLogAppender.java:timeoutAppendRequest(200)) - 6effdead-13d1-41e6-a2f2-1b6cf88b37a4@group-473A3ADDDDF6->6721d19e-fad5-40c6-a99e-1f07fcc56c74-GrpcLogAppender: appendEntries Timeout, request=6effdead-13d1-41e6-a2f2-1b6cf88b37a4->6721d19e-fad5-40c6-a99e-1f07fcc56c74#29-t1, previous=(t:1, i:20), leaderCommit=16, initializing? false, entries: <empty>
2019-09-10 20:20:35,778 [java.util.concurrent.ThreadPoolExecutor$Worker@1d3c1c77[State = -1, empty queue]] WARN  server.GrpcLogAppender (GrpcLogAppender.java:timeoutAppendRequest(200)) - 6effdead-13d1-41e6-a2f2-1b6cf88b37a4@group-473A3ADDDDF6->9f3eeb55-1628-4544-b8a1-8f6a6bd18952-GrpcLogAppender: appendEntries Timeout, request=6effdead-13d1-41e6-a2f2-1b6cf88b37a4->9f3eeb55-1628-4544-b8a1-8f6a6bd18952#29-t1, previous=(t:1, i:20), leaderCommit=16, initializing? false, entries: <empty>
 0.00% |█                                                                                                    |  0/1 Time: 0:00:29 0.00% |█                                                                                                    |  0/1 Time: 0:00:30 0.00% |█                                                                                                    |  0/1 Time: 0:00:312019-09-10 20:20:38,157 [grpc-default-executor-2] INFO  client.GrpcClientProtocolClient (GrpcClientProtocolClient.java:onNext(264)) - client-2E8FF6204D1E->9f3eeb55-1628-4544-b8a1-8f6a6bd18952: receive RaftClientReply:client-2E8FF6204D1E->9f3eeb55-1628-4544-b8a1-8f6a6bd18952@group-473A3ADDDDF6, cid=16, FAILED org.apache.ratis.protocol.NotLeaderException: Server 9f3eeb55-1628-4544-b8a1-8f6a6bd18952@group-473A3ADDDDF6 is not the leader 6effdead-13d1-41e6-a2f2-1b6cf88b37a4:192.168.34.25:36480, logIndex=0, commits[9f3eeb55-1628-4544-b8a1-8f6a6bd18952:c16, 6721d19e-fad5-40c6-a99e-1f07fcc56c74:c12, 6effdead-13d1-41e6-a2f2-1b6cf88b37a4:c16]
2019-09-10 20:20:38,279 [java.util.concurrent.ThreadPoolExecutor$Worker@60cc4b5a[State = -1, empty queue]] WARN  server.GrpcLogAppender (GrpcLogAppender.java:timeoutAppendRequest(200)) - 6effdead-13d1-41e6-a2f2-1b6cf88b37a4@group-473A3ADDDDF6->6721d19e-fad5-40c6-a99e-1f07fcc56c74-GrpcLogAppender: appendEntries Timeout, request=6effdead-13d1-41e6-a2f2-1b6cf88b37a4->6721d19e-fad5-40c6-a99e-1f07fcc56c74#30-t1, previous=(t:1, i:20), leaderCommit=16, initializing? false, entries: <empty>
2019-09-10 20:20:38,279 [java.util.concurrent.ThreadPoolExecutor$Worker@1d3c1c77[State = -1, empty queue]] WARN  server.GrpcLogAppender (GrpcLogAppender.java:timeoutAppendRequest(200)) - 6effdead-13d1-41e6-a2f2-1b6cf88b37a4@group-473A3ADDDDF6->9f3eeb55-1628-4544-b8a1-8f6a6bd18952-GrpcLogAppender: appendEntries Timeout, request=6effdead-13d1-41e6-a2f2-1b6cf88b37a4->9f3eeb55-1628-4544-b8a1-8f6a6bd18952#30-t1, previous=(t:1, i:20), leaderCommit=16, initializing? false, entries: <empty>
 0.00% |█                                                                                                    |  0/1 Time: 0:00:32 0.00% |█                                                                                                    |  0/1 Time: 0:00:332019-09-10 20:20:40,781 [java.util.concurrent.ThreadPoolExecutor$Worker@60cc4b5a[State = -1, empty queue]] WARN  server.GrpcLogAppender (GrpcLogAppender.java:timeoutAppendRequest(200)) - 6effdead-13d1-41e6-a2f2-1b6cf88b37a4@group-473A3ADDDDF6->6721d19e-fad5-40c6-a99e-1f07fcc56c74-GrpcLogAppender: appendEntries Timeout, request=6effdead-13d1-41e6-a2f2-1b6cf88b37a4->6721d19e-fad5-40c6-a99e-1f07fcc56c74#31-t1, previous=(t:1, i:20), leaderCommit=16, initializing? false, entries: <empty>
2019-09-10 20:20:40,781 [java.util.concurrent.ThreadPoolExecutor$Worker@1d3c1c77[State = -1, empty queue]] WARN  server.GrpcLogAppender (GrpcLogAppender.java:timeoutAppendRequest(200)) - 6effdead-13d1-41e6-a2f2-1b6cf88b37a4@group-473A3ADDDDF6->9f3eeb55-1628-4544-b8a1-8f6a6bd18952-GrpcLogAppender: appendEntries Timeout, request=6effdead-13d1-41e6-a2f2-1b6cf88b37a4->9f3eeb55-1628-4544-b8a1-8f6a6bd18952#31-t1, previous=(t:1, i:20), leaderCommit=16, initializing? false, entries: <empty>
 0.00% |█                                                                                                    |  0/1 Time: 0:00:34 0.00% |█                                                                                                    |  0/1 Time: 0:00:352019-09-10 20:20:42,936 [6effdead-13d1-41e6-a2f2-1b6cf88b37a4@group-473A3ADDDDF6-SegmentedRaftLogWorker] WARN  segmented.SegmentedRaftLogWorker (SegmentedRaftLogWorker.java:getFromFuture(90)) - Timeout 2/~
org.apache.ratis.protocol.TimeoutIOException: Timeout 10s: WriteLog:19: (t:1, i:19), STATEMACHINELOGENTRY, client-2E8FF6204D1E, cid=18-writeStateMachineData
	at org.apache.ratis.util.IOUtils.getFromFuture(IOUtils.java:87)
	at org.apache.ratis.server.raftlog.segmented.SegmentedRaftLogWorker$StateMachineDataPolicy.getFromFuture(SegmentedRaftLogWorker.java:87)
	at org.apache.ratis.server.raftlog.segmented.SegmentedRaftLogWorker$WriteLog.execute(SegmentedRaftLogWorker.java:477)
	at org.apache.ratis.server.raftlog.segmented.SegmentedRaftLogWorker.run(SegmentedRaftLogWorker.java:289)
	at java.lang.Thread.run(Thread.java:748)
Caused by: java.util.concurrent.TimeoutException
	at java.util.concurrent.CompletableFuture.timedGet(CompletableFuture.java:1771)
	at java.util.concurrent.CompletableFuture.get(CompletableFuture.java:1915)
	at org.apache.ratis.util.IOUtils.getFromFuture(IOUtils.java:79)
	... 4 more
2019-09-10 20:20:42,937 [9f3eeb55-1628-4544-b8a1-8f6a6bd18952@group-473A3ADDDDF6-SegmentedRaftLogWorker] WARN  segmented.SegmentedRaftLogWorker (SegmentedRaftLogWorker.java:getFromFuture(90)) - Timeout 2/~
org.apache.ratis.protocol.TimeoutIOException: Timeout 10s: WriteLog:19: (t:1, i:19), STATEMACHINELOGENTRY, client-2E8FF6204D1E, cid=18-writeStateMachineData
	at org.apache.ratis.util.IOUtils.getFromFuture(IOUtils.java:87)
	at org.apache.ratis.server.raftlog.segmented.SegmentedRaftLogWorker$StateMachineDataPolicy.getFromFuture(SegmentedRaftLogWorker.java:87)
	at org.apache.ratis.server.raftlog.segmented.SegmentedRaftLogWorker$WriteLog.execute(SegmentedRaftLogWorker.java:477)
	at org.apache.ratis.server.raftlog.segmented.SegmentedRaftLogWorker.run(SegmentedRaftLogWorker.java:289)
	at java.lang.Thread.run(Thread.java:748)
Caused by: java.util.concurrent.TimeoutException
	at java.util.concurrent.CompletableFuture.timedGet(CompletableFuture.java:1771)
	at java.util.concurrent.CompletableFuture.get(CompletableFuture.java:1915)
	at org.apache.ratis.util.IOUtils.getFromFuture(IOUtils.java:79)
	... 4 more
2019-09-10 20:20:42,936 [6721d19e-fad5-40c6-a99e-1f07fcc56c74@group-473A3ADDDDF6-SegmentedRaftLogWorker] WARN  segmented.SegmentedRaftLogWorker (SegmentedRaftLogWorker.java:getFromFuture(90)) - Timeout 2/~
org.apache.ratis.protocol.TimeoutIOException: Timeout 10s: WriteLog:19: (t:1, i:19), STATEMACHINELOGENTRY, client-2E8FF6204D1E, cid=18-writeStateMachineData
	at org.apache.ratis.util.IOUtils.getFromFuture(IOUtils.java:87)
	at org.apache.ratis.server.raftlog.segmented.SegmentedRaftLogWorker$StateMachineDataPolicy.getFromFuture(SegmentedRaftLogWorker.java:87)
	at org.apache.ratis.server.raftlog.segmented.SegmentedRaftLogWorker$WriteLog.execute(SegmentedRaftLogWorker.java:477)
	at org.apache.ratis.server.raftlog.segmented.SegmentedRaftLogWorker.run(SegmentedRaftLogWorker.java:289)
	at java.lang.Thread.run(Thread.java:748)
Caused by: java.util.concurrent.TimeoutException
	at java.util.concurrent.CompletableFuture.timedGet(CompletableFuture.java:1771)
	at java.util.concurrent.CompletableFuture.get(CompletableFuture.java:1915)
	at org.apache.ratis.util.IOUtils.getFromFuture(IOUtils.java:79)
	... 4 more
 0.00% |█                                                                                                    |  0/1 Time: 0:00:362019-09-10 20:20:43,230 [grpc-default-executor-2] INFO  client.GrpcClientProtocolClient (GrpcClientProtocolClient.java:onNext(264)) - client-2E8FF6204D1E->6721d19e-fad5-40c6-a99e-1f07fcc56c74: receive RaftClientReply:client-2E8FF6204D1E->6721d19e-fad5-40c6-a99e-1f07fcc56c74@group-473A3ADDDDF6, cid=16, FAILED org.apache.ratis.protocol.NotLeaderException: Server 6721d19e-fad5-40c6-a99e-1f07fcc56c74@group-473A3ADDDDF6 is not the leader 6effdead-13d1-41e6-a2f2-1b6cf88b37a4:192.168.34.25:36480, logIndex=0, commits[6721d19e-fad5-40c6-a99e-1f07fcc56c74:c16, 6effdead-13d1-41e6-a2f2-1b6cf88b37a4:c16, 9f3eeb55-1628-4544-b8a1-8f6a6bd18952:c12]
2019-09-10 20:20:43,285 [java.util.concurrent.ThreadPoolExecutor$Worker@1d3c1c77[State = -1, empty queue]] WARN  server.GrpcLogAppender (GrpcLogAppender.java:timeoutAppendRequest(200)) - 6effdead-13d1-41e6-a2f2-1b6cf88b37a4@group-473A3ADDDDF6->9f3eeb55-1628-4544-b8a1-8f6a6bd18952-GrpcLogAppender: appendEntries Timeout, request=6effdead-13d1-41e6-a2f2-1b6cf88b37a4->9f3eeb55-1628-4544-b8a1-8f6a6bd18952#32-t1, previous=(t:1, i:20), leaderCommit=16, initializing? false, entries: <empty>
2019-09-10 20:20:43,285 [java.util.concurrent.ThreadPoolExecutor$Worker@60cc4b5a[State = -1, empty queue]] WARN  server.GrpcLogAppender (GrpcLogAppender.java:timeoutAppendRequest(200)) - 6effdead-13d1-41e6-a2f2-1b6cf88b37a4@group-473A3ADDDDF6->6721d19e-fad5-40c6-a99e-1f07fcc56c74-GrpcLogAppender: appendEntries Timeout, request=6effdead-13d1-41e6-a2f2-1b6cf88b37a4->6721d19e-fad5-40c6-a99e-1f07fcc56c74#32-t1, previous=(t:1, i:20), leaderCommit=16, initializing? false, entries: <empty>
 0.00% |█                                                                                                    |  0/1 Time: 0:00:37 0.00% |█                                                                                                    |  0/1 Time: 0:00:382019-09-10 20:20:45,787 [java.util.concurrent.ThreadPoolExecutor$Worker@60cc4b5a[State = -1, empty queue]] WARN  server.GrpcLogAppender (GrpcLogAppender.java:timeoutAppendRequest(200)) - 6effdead-13d1-41e6-a2f2-1b6cf88b37a4@group-473A3ADDDDF6->6721d19e-fad5-40c6-a99e-1f07fcc56c74-GrpcLogAppender: appendEntries Timeout, request=6effdead-13d1-41e6-a2f2-1b6cf88b37a4->6721d19e-fad5-40c6-a99e-1f07fcc56c74#33-t1, previous=(t:1, i:20), leaderCommit=16, initializing? false, entries: <empty>
2019-09-10 20:20:45,787 [java.util.concurrent.ThreadPoolExecutor$Worker@1d3c1c77[State = -1, empty queue]] WARN  server.GrpcLogAppender (GrpcLogAppender.java:timeoutAppendRequest(200)) - 6effdead-13d1-41e6-a2f2-1b6cf88b37a4@group-473A3ADDDDF6->9f3eeb55-1628-4544-b8a1-8f6a6bd18952-GrpcLogAppender: appendEntries Timeout, request=6effdead-13d1-41e6-a2f2-1b6cf88b37a4->9f3eeb55-1628-4544-b8a1-8f6a6bd18952#33-t1, previous=(t:1, i:20), leaderCommit=16, initializing? false, entries: <empty>
 0.00% |█                                                                                                    |  0/1 Time: 0:00:39 0.00% |█                                                                                                    |  0/1 Time: 0:00:40 0.00% |█                                                                                                    |  0/1 Time: 0:00:412019-09-10 20:20:48,288 [java.util.concurrent.ThreadPoolExecutor$Worker@1d3c1c77[State = -1, empty queue]] WARN  server.GrpcLogAppender (GrpcLogAppender.java:timeoutAppendRequest(200)) - 6effdead-13d1-41e6-a2f2-1b6cf88b37a4@group-473A3ADDDDF6->9f3eeb55-1628-4544-b8a1-8f6a6bd18952-GrpcLogAppender: appendEntries Timeout, request=6effdead-13d1-41e6-a2f2-1b6cf88b37a4->9f3eeb55-1628-4544-b8a1-8f6a6bd18952#34-t1, previous=(t:1, i:20), leaderCommit=16, initializing? false, entries: <empty>
2019-09-10 20:20:48,288 [java.util.concurrent.ThreadPoolExecutor$Worker@60cc4b5a[State = -1, empty queue]] WARN  server.GrpcLogAppender (GrpcLogAppender.java:timeoutAppendRequest(200)) - 6effdead-13d1-41e6-a2f2-1b6cf88b37a4@group-473A3ADDDDF6->6721d19e-fad5-40c6-a99e-1f07fcc56c74-GrpcLogAppender: appendEntries Timeout, request=6effdead-13d1-41e6-a2f2-1b6cf88b37a4->6721d19e-fad5-40c6-a99e-1f07fcc56c74#34-t1, previous=(t:1, i:20), leaderCommit=16, initializing? false, entries: <empty>
2019-09-10 20:20:48,306 [grpc-default-executor-0] INFO  client.GrpcClientProtocolClient (GrpcClientProtocolClient.java:onNext(264)) - client-2E8FF6204D1E->6721d19e-fad5-40c6-a99e-1f07fcc56c74: receive RaftClientReply:client-2E8FF6204D1E->6721d19e-fad5-40c6-a99e-1f07fcc56c74@group-473A3ADDDDF6, cid=16, FAILED org.apache.ratis.protocol.NotLeaderException: Server 6721d19e-fad5-40c6-a99e-1f07fcc56c74@group-473A3ADDDDF6 is not the leader 6effdead-13d1-41e6-a2f2-1b6cf88b37a4:192.168.34.25:36480, logIndex=0, commits[6721d19e-fad5-40c6-a99e-1f07fcc56c74:c16, 6effdead-13d1-41e6-a2f2-1b6cf88b37a4:c16, 9f3eeb55-1628-4544-b8a1-8f6a6bd18952:c12]
 0.00% |█                                                                                                    |  0/1 Time: 0:00:42 0.00% |█                                                                                                    |  0/1 Time: 0:00:432019-09-10 20:20:50,789 [java.util.concurrent.ThreadPoolExecutor$Worker@1d3c1c77[State = -1, empty queue]] WARN  server.GrpcLogAppender (GrpcLogAppender.java:timeoutAppendRequest(200)) - 6effdead-13d1-41e6-a2f2-1b6cf88b37a4@group-473A3ADDDDF6->9f3eeb55-1628-4544-b8a1-8f6a6bd18952-GrpcLogAppender: appendEntries Timeout, request=6effdead-13d1-41e6-a2f2-1b6cf88b37a4->9f3eeb55-1628-4544-b8a1-8f6a6bd18952#35-t1, previous=(t:1, i:20), leaderCommit=16, initializing? false, entries: <empty>
2019-09-10 20:20:50,789 [java.util.concurrent.ThreadPoolExecutor$Worker@60cc4b5a[State = -1, empty queue]] WARN  server.GrpcLogAppender (GrpcLogAppender.java:timeoutAppendRequest(200)) - 6effdead-13d1-41e6-a2f2-1b6cf88b37a4@group-473A3ADDDDF6->6721d19e-fad5-40c6-a99e-1f07fcc56c74-GrpcLogAppender: appendEntries Timeout, request=6effdead-13d1-41e6-a2f2-1b6cf88b37a4->6721d19e-fad5-40c6-a99e-1f07fcc56c74#35-t1, previous=(t:1, i:20), leaderCommit=16, initializing? false, entries: <empty>
 0.00% |█                                                                                                    |  0/1 Time: 0:00:44 0.00% |█                                                                                                    |  0/1 Time: 0:00:452019-09-10 20:20:52,938 [6effdead-13d1-41e6-a2f2-1b6cf88b37a4@group-473A3ADDDDF6-SegmentedRaftLogWorker] WARN  segmented.SegmentedRaftLogWorker (SegmentedRaftLogWorker.java:getFromFuture(90)) - Timeout 3/~
org.apache.ratis.protocol.TimeoutIOException: Timeout 10s: WriteLog:19: (t:1, i:19), STATEMACHINELOGENTRY, client-2E8FF6204D1E, cid=18-writeStateMachineData
	at org.apache.ratis.util.IOUtils.getFromFuture(IOUtils.java:87)
	at org.apache.ratis.server.raftlog.segmented.SegmentedRaftLogWorker$StateMachineDataPolicy.getFromFuture(SegmentedRaftLogWorker.java:87)
	at org.apache.ratis.server.raftlog.segmented.SegmentedRaftLogWorker$WriteLog.execute(SegmentedRaftLogWorker.java:477)
	at org.apache.ratis.server.raftlog.segmented.SegmentedRaftLogWorker.run(SegmentedRaftLogWorker.java:289)
	at java.lang.Thread.run(Thread.java:748)
Caused by: java.util.concurrent.TimeoutException
	at java.util.concurrent.CompletableFuture.timedGet(CompletableFuture.java:1771)
	at java.util.concurrent.CompletableFuture.get(CompletableFuture.java:1915)
	at org.apache.ratis.util.IOUtils.getFromFuture(IOUtils.java:79)
	... 4 more
2019-09-10 20:20:52,938 [9f3eeb55-1628-4544-b8a1-8f6a6bd18952@group-473A3ADDDDF6-SegmentedRaftLogWorker] WARN  segmented.SegmentedRaftLogWorker (SegmentedRaftLogWorker.java:getFromFuture(90)) - Timeout 3/~
org.apache.ratis.protocol.TimeoutIOException: Timeout 10s: WriteLog:19: (t:1, i:19), STATEMACHINELOGENTRY, client-2E8FF6204D1E, cid=18-writeStateMachineData
	at org.apache.ratis.util.IOUtils.getFromFuture(IOUtils.java:87)
	at org.apache.ratis.server.raftlog.segmented.SegmentedRaftLogWorker$StateMachineDataPolicy.getFromFuture(SegmentedRaftLogWorker.java:87)
	at org.apache.ratis.server.raftlog.segmented.SegmentedRaftLogWorker$WriteLog.execute(SegmentedRaftLogWorker.java:477)
	at org.apache.ratis.server.raftlog.segmented.SegmentedRaftLogWorker.run(SegmentedRaftLogWorker.java:289)
	at java.lang.Thread.run(Thread.java:748)
Caused by: java.util.concurrent.TimeoutException
	at java.util.concurrent.CompletableFuture.timedGet(CompletableFuture.java:1771)
	at java.util.concurrent.CompletableFuture.get(CompletableFuture.java:1915)
	at org.apache.ratis.util.IOUtils.getFromFuture(IOUtils.java:79)
	... 4 more
2019-09-10 20:20:52,939 [6721d19e-fad5-40c6-a99e-1f07fcc56c74@group-473A3ADDDDF6-SegmentedRaftLogWorker] WARN  segmented.SegmentedRaftLogWorker (SegmentedRaftLogWorker.java:getFromFuture(90)) - Timeout 3/~
org.apache.ratis.protocol.TimeoutIOException: Timeout 10s: WriteLog:19: (t:1, i:19), STATEMACHINELOGENTRY, client-2E8FF6204D1E, cid=18-writeStateMachineData
	at org.apache.ratis.util.IOUtils.getFromFuture(IOUtils.java:87)
	at org.apache.ratis.server.raftlog.segmented.SegmentedRaftLogWorker$StateMachineDataPolicy.getFromFuture(SegmentedRaftLogWorker.java:87)
	at org.apache.ratis.server.raftlog.segmented.SegmentedRaftLogWorker$WriteLog.execute(SegmentedRaftLogWorker.java:477)
	at org.apache.ratis.server.raftlog.segmented.SegmentedRaftLogWorker.run(SegmentedRaftLogWorker.java:289)
	at java.lang.Thread.run(Thread.java:748)
Caused by: java.util.concurrent.TimeoutException
	at java.util.concurrent.CompletableFuture.timedGet(CompletableFuture.java:1771)
	at java.util.concurrent.CompletableFuture.get(CompletableFuture.java:1915)
	at org.apache.ratis.util.IOUtils.getFromFuture(IOUtils.java:79)
	... 4 more
 0.00% |█                                                                                                    |  0/1 Time: 0:00:462019-09-10 20:20:53,290 [java.util.concurrent.ThreadPoolExecutor$Worker@60cc4b5a[State = -1, empty queue]] WARN  server.GrpcLogAppender (GrpcLogAppender.java:timeoutAppendRequest(200)) - 6effdead-13d1-41e6-a2f2-1b6cf88b37a4@group-473A3ADDDDF6->6721d19e-fad5-40c6-a99e-1f07fcc56c74-GrpcLogAppender: appendEntries Timeout, request=6effdead-13d1-41e6-a2f2-1b6cf88b37a4->6721d19e-fad5-40c6-a99e-1f07fcc56c74#36-t1, previous=(t:1, i:20), leaderCommit=16, initializing? false, entries: <empty>
2019-09-10 20:20:53,290 [java.util.concurrent.ThreadPoolExecutor$Worker@1d3c1c77[State = -1, empty queue]] WARN  server.GrpcLogAppender (GrpcLogAppender.java:timeoutAppendRequest(200)) - 6effdead-13d1-41e6-a2f2-1b6cf88b37a4@group-473A3ADDDDF6->9f3eeb55-1628-4544-b8a1-8f6a6bd18952-GrpcLogAppender: appendEntries Timeout, request=6effdead-13d1-41e6-a2f2-1b6cf88b37a4->9f3eeb55-1628-4544-b8a1-8f6a6bd18952#36-t1, previous=(t:1, i:20), leaderCommit=16, initializing? false, entries: <empty>
2019-09-10 20:20:53,367 [grpc-default-executor-0] INFO  client.GrpcClientProtocolClient (GrpcClientProtocolClient.java:onNext(264)) - client-2E8FF6204D1E->6721d19e-fad5-40c6-a99e-1f07fcc56c74: receive RaftClientReply:client-2E8FF6204D1E->6721d19e-fad5-40c6-a99e-1f07fcc56c74@group-473A3ADDDDF6, cid=16, FAILED org.apache.ratis.protocol.NotLeaderException: Server 6721d19e-fad5-40c6-a99e-1f07fcc56c74@group-473A3ADDDDF6 is not the leader 6effdead-13d1-41e6-a2f2-1b6cf88b37a4:192.168.34.25:36480, logIndex=0, commits[6721d19e-fad5-40c6-a99e-1f07fcc56c74:c16, 6effdead-13d1-41e6-a2f2-1b6cf88b37a4:c16, 9f3eeb55-1628-4544-b8a1-8f6a6bd18952:c12]
 0.00% |█                                                                                                    |  0/1 Time: 0:00:47 0.00% |█                                                                                                    |  0/1 Time: 0:00:482019-09-10 20:20:55,790 [java.util.concurrent.ThreadPoolExecutor$Worker@1d3c1c77[State = -1, empty queue]] WARN  server.GrpcLogAppender (GrpcLogAppender.java:timeoutAppendRequest(200)) - 6effdead-13d1-41e6-a2f2-1b6cf88b37a4@group-473A3ADDDDF6->9f3eeb55-1628-4544-b8a1-8f6a6bd18952-GrpcLogAppender: appendEntries Timeout, request=6effdead-13d1-41e6-a2f2-1b6cf88b37a4->9f3eeb55-1628-4544-b8a1-8f6a6bd18952#37-t1, previous=(t:1, i:20), leaderCommit=16, initializing? false, entries: <empty>
2019-09-10 20:20:55,790 [java.util.concurrent.ThreadPoolExecutor$Worker@60cc4b5a[State = -1, empty queue]] WARN  server.GrpcLogAppender (GrpcLogAppender.java:timeoutAppendRequest(200)) - 6effdead-13d1-41e6-a2f2-1b6cf88b37a4@group-473A3ADDDDF6->6721d19e-fad5-40c6-a99e-1f07fcc56c74-GrpcLogAppender: appendEntries Timeout, request=6effdead-13d1-41e6-a2f2-1b6cf88b37a4->6721d19e-fad5-40c6-a99e-1f07fcc56c74#37-t1, previous=(t:1, i:20), leaderCommit=16, initializing? false, entries: <empty>
 0.00% |█                                                                                                    |  0/1 Time: 0:00:49 0.00% |█                                                                                                    |  0/1 Time: 0:00:50 0.00% |█                                                                                                    |  0/1 Time: 0:00:512019-09-10 20:20:58,291 [java.util.concurrent.ThreadPoolExecutor$Worker@60cc4b5a[State = -1, empty queue]] WARN  server.GrpcLogAppender (GrpcLogAppender.java:timeoutAppendRequest(200)) - 6effdead-13d1-41e6-a2f2-1b6cf88b37a4@group-473A3ADDDDF6->6721d19e-fad5-40c6-a99e-1f07fcc56c74-GrpcLogAppender: appendEntries Timeout, request=6effdead-13d1-41e6-a2f2-1b6cf88b37a4->6721d19e-fad5-40c6-a99e-1f07fcc56c74#38-t1, previous=(t:1, i:20), leaderCommit=16, initializing? false, entries: <empty>
2019-09-10 20:20:58,291 [java.util.concurrent.ThreadPoolExecutor$Worker@1d3c1c77[State = -1, empty queue]] WARN  server.GrpcLogAppender (GrpcLogAppender.java:timeoutAppendRequest(200)) - 6effdead-13d1-41e6-a2f2-1b6cf88b37a4@group-473A3ADDDDF6->9f3eeb55-1628-4544-b8a1-8f6a6bd18952-GrpcLogAppender: appendEntries Timeout, request=6effdead-13d1-41e6-a2f2-1b6cf88b37a4->9f3eeb55-1628-4544-b8a1-8f6a6bd18952#38-t1, previous=(t:1, i:20), leaderCommit=16, initializing? false, entries: <empty>
2019-09-10 20:20:58,419 [grpc-default-executor-3] INFO  client.GrpcClientProtocolClient (GrpcClientProtocolClient.java:onNext(264)) - client-2E8FF6204D1E->9f3eeb55-1628-4544-b8a1-8f6a6bd18952: receive RaftClientReply:client-2E8FF6204D1E->9f3eeb55-1628-4544-b8a1-8f6a6bd18952@group-473A3ADDDDF6, cid=16, FAILED org.apache.ratis.protocol.NotLeaderException: Server 9f3eeb55-1628-4544-b8a1-8f6a6bd18952@group-473A3ADDDDF6 is not the leader 6effdead-13d1-41e6-a2f2-1b6cf88b37a4:192.168.34.25:36480, logIndex=0, commits[9f3eeb55-1628-4544-b8a1-8f6a6bd18952:c16, 6721d19e-fad5-40c6-a99e-1f07fcc56c74:c12, 6effdead-13d1-41e6-a2f2-1b6cf88b37a4:c16]
 0.00% |█                                                                                                    |  0/1 Time: 0:00:52 0.00% |█                                                                                                    |  0/1 Time: 0:00:532019-09-10 20:21:00,792 [java.util.concurrent.ThreadPoolExecutor$Worker@60cc4b5a[State = -1, empty queue]] WARN  server.GrpcLogAppender (GrpcLogAppender.java:timeoutAppendRequest(200)) - 6effdead-13d1-41e6-a2f2-1b6cf88b37a4@group-473A3ADDDDF6->6721d19e-fad5-40c6-a99e-1f07fcc56c74-GrpcLogAppender: appendEntries Timeout, request=6effdead-13d1-41e6-a2f2-1b6cf88b37a4->6721d19e-fad5-40c6-a99e-1f07fcc56c74#39-t1, previous=(t:1, i:20), leaderCommit=16, initializing? false, entries: <empty>
2019-09-10 20:21:00,792 [java.util.concurrent.ThreadPoolExecutor$Worker@1d3c1c77[State = -1, empty queue]] WARN  server.GrpcLogAppender (GrpcLogAppender.java:timeoutAppendRequest(200)) - 6effdead-13d1-41e6-a2f2-1b6cf88b37a4@group-473A3ADDDDF6->9f3eeb55-1628-4544-b8a1-8f6a6bd18952-GrpcLogAppender: appendEntries Timeout, request=6effdead-13d1-41e6-a2f2-1b6cf88b37a4->9f3eeb55-1628-4544-b8a1-8f6a6bd18952#39-t1, previous=(t:1, i:20), leaderCommit=16, initializing? false, entries: <empty>
 0.00% |█                                                                                                    |  0/1 Time: 0:00:54 0.00% |█                                                                                                    |  0/1 Time: 0:00:552019-09-10 20:21:02,939 [6effdead-13d1-41e6-a2f2-1b6cf88b37a4@group-473A3ADDDDF6-SegmentedRaftLogWorker] WARN  segmented.SegmentedRaftLogWorker (SegmentedRaftLogWorker.java:getFromFuture(90)) - Timeout 4/~
org.apache.ratis.protocol.TimeoutIOException: Timeout 10s: WriteLog:19: (t:1, i:19), STATEMACHINELOGENTRY, client-2E8FF6204D1E, cid=18-writeStateMachineData
	at org.apache.ratis.util.IOUtils.getFromFuture(IOUtils.java:87)
	at org.apache.ratis.server.raftlog.segmented.SegmentedRaftLogWorker$StateMachineDataPolicy.getFromFuture(SegmentedRaftLogWorker.java:87)
	at org.apache.ratis.server.raftlog.segmented.SegmentedRaftLogWorker$WriteLog.execute(SegmentedRaftLogWorker.java:477)
	at org.apache.ratis.server.raftlog.segmented.SegmentedRaftLogWorker.run(SegmentedRaftLogWorker.java:289)
	at java.lang.Thread.run(Thread.java:748)
Caused by: java.util.concurrent.TimeoutException
	at java.util.concurrent.CompletableFuture.timedGet(CompletableFuture.java:1771)
	at java.util.concurrent.CompletableFuture.get(CompletableFuture.java:1915)
	at org.apache.ratis.util.IOUtils.getFromFuture(IOUtils.java:79)
	... 4 more
2019-09-10 20:21:02,940 [6721d19e-fad5-40c6-a99e-1f07fcc56c74@group-473A3ADDDDF6-SegmentedRaftLogWorker] WARN  segmented.SegmentedRaftLogWorker (SegmentedRaftLogWorker.java:getFromFuture(90)) - Timeout 4/~
org.apache.ratis.protocol.TimeoutIOException: Timeout 10s: WriteLog:19: (t:1, i:19), STATEMACHINELOGENTRY, client-2E8FF6204D1E, cid=18-writeStateMachineData
	at org.apache.ratis.util.IOUtils.getFromFuture(IOUtils.java:87)
	at org.apache.ratis.server.raftlog.segmented.SegmentedRaftLogWorker$StateMachineDataPolicy.getFromFuture(SegmentedRaftLogWorker.java:87)
	at org.apache.ratis.server.raftlog.segmented.SegmentedRaftLogWorker$WriteLog.execute(SegmentedRaftLogWorker.java:477)
	at org.apache.ratis.server.raftlog.segmented.SegmentedRaftLogWorker.run(SegmentedRaftLogWorker.java:289)
	at java.lang.Thread.run(Thread.java:748)
Caused by: java.util.concurrent.TimeoutException
	at java.util.concurrent.CompletableFuture.timedGet(CompletableFuture.java:1771)
	at java.util.concurrent.CompletableFuture.get(CompletableFuture.java:1915)
	at org.apache.ratis.util.IOUtils.getFromFuture(IOUtils.java:79)
	... 4 more
2019-09-10 20:21:02,940 [9f3eeb55-1628-4544-b8a1-8f6a6bd18952@group-473A3ADDDDF6-SegmentedRaftLogWorker] WARN  segmented.SegmentedRaftLogWorker (SegmentedRaftLogWorker.java:getFromFuture(90)) - Timeout 4/~
org.apache.ratis.protocol.TimeoutIOException: Timeout 10s: WriteLog:19: (t:1, i:19), STATEMACHINELOGENTRY, client-2E8FF6204D1E, cid=18-writeStateMachineData
	at org.apache.ratis.util.IOUtils.getFromFuture(IOUtils.java:87)
	at org.apache.ratis.server.raftlog.segmented.SegmentedRaftLogWorker$StateMachineDataPolicy.getFromFuture(SegmentedRaftLogWorker.java:87)
	at org.apache.ratis.server.raftlog.segmented.SegmentedRaftLogWorker$WriteLog.execute(SegmentedRaftLogWorker.java:477)
	at org.apache.ratis.server.raftlog.segmented.SegmentedRaftLogWorker.run(SegmentedRaftLogWorker.java:289)
	at java.lang.Thread.run(Thread.java:748)
Caused by: java.util.concurrent.TimeoutException
	at java.util.concurrent.CompletableFuture.timedGet(CompletableFuture.java:1771)
	at java.util.concurrent.CompletableFuture.get(CompletableFuture.java:1915)
	at org.apache.ratis.util.IOUtils.getFromFuture(IOUtils.java:79)
	... 4 more
 0.00% |█                                                                                                    |  0/1 Time: 0:00:562019-09-10 20:21:03,292 [java.util.concurrent.ThreadPoolExecutor$Worker@60cc4b5a[State = -1, empty queue]] WARN  server.GrpcLogAppender (GrpcLogAppender.java:timeoutAppendRequest(200)) - 6effdead-13d1-41e6-a2f2-1b6cf88b37a4@group-473A3ADDDDF6->6721d19e-fad5-40c6-a99e-1f07fcc56c74-GrpcLogAppender: appendEntries Timeout, request=6effdead-13d1-41e6-a2f2-1b6cf88b37a4->6721d19e-fad5-40c6-a99e-1f07fcc56c74#40-t1, previous=(t:1, i:20), leaderCommit=16, initializing? false, entries: <empty>
2019-09-10 20:21:03,292 [java.util.concurrent.ThreadPoolExecutor$Worker@1d3c1c77[State = -1, empty queue]] WARN  server.GrpcLogAppender (GrpcLogAppender.java:timeoutAppendRequest(200)) - 6effdead-13d1-41e6-a2f2-1b6cf88b37a4@group-473A3ADDDDF6->9f3eeb55-1628-4544-b8a1-8f6a6bd18952-GrpcLogAppender: appendEntries Timeout, request=6effdead-13d1-41e6-a2f2-1b6cf88b37a4->9f3eeb55-1628-4544-b8a1-8f6a6bd18952#40-t1, previous=(t:1, i:20), leaderCommit=16, initializing? false, entries: <empty>
2019-09-10 20:21:03,466 [grpc-default-executor-0] INFO  client.GrpcClientProtocolClient (GrpcClientProtocolClient.java:onNext(264)) - client-2E8FF6204D1E->9f3eeb55-1628-4544-b8a1-8f6a6bd18952: receive RaftClientReply:client-2E8FF6204D1E->9f3eeb55-1628-4544-b8a1-8f6a6bd18952@group-473A3ADDDDF6, cid=16, FAILED org.apache.ratis.protocol.NotLeaderException: Server 9f3eeb55-1628-4544-b8a1-8f6a6bd18952@group-473A3ADDDDF6 is not the leader 6effdead-13d1-41e6-a2f2-1b6cf88b37a4:192.168.34.25:36480, logIndex=0, commits[9f3eeb55-1628-4544-b8a1-8f6a6bd18952:c16, 6721d19e-fad5-40c6-a99e-1f07fcc56c74:c12, 6effdead-13d1-41e6-a2f2-1b6cf88b37a4:c16]
 0.00% |█                                                                                                    |  0/1 Time: 0:00:57 0.00% |█                                                                                                    |  0/1 Time: 0:00:582019-09-10 20:21:05,793 [java.util.concurrent.ThreadPoolExecutor$Worker@1d3c1c77[State = -1, empty queue]] WARN  server.GrpcLogAppender (GrpcLogAppender.java:timeoutAppendRequest(200)) - 6effdead-13d1-41e6-a2f2-1b6cf88b37a4@group-473A3ADDDDF6->9f3eeb55-1628-4544-b8a1-8f6a6bd18952-GrpcLogAppender: appendEntries Timeout, request=6effdead-13d1-41e6-a2f2-1b6cf88b37a4->9f3eeb55-1628-4544-b8a1-8f6a6bd18952#41-t1, previous=(t:1, i:20), leaderCommit=16, initializing? false, entries: <empty>
2019-09-10 20:21:05,793 [java.util.concurrent.ThreadPoolExecutor$Worker@60cc4b5a[State = -1, empty queue]] WARN  server.GrpcLogAppender (GrpcLogAppender.java:timeoutAppendRequest(200)) - 6effdead-13d1-41e6-a2f2-1b6cf88b37a4@group-473A3ADDDDF6->6721d19e-fad5-40c6-a99e-1f07fcc56c74-GrpcLogAppender: appendEntries Timeout, request=6effdead-13d1-41e6-a2f2-1b6cf88b37a4->6721d19e-fad5-40c6-a99e-1f07fcc56c74#41-t1, previous=(t:1, i:20), leaderCommit=16, initializing? false, entries: <empty>
 0.00% |█                                                                                                    |  0/1 Time: 0:00:59 0.00% |█                                                                                                    |  0/1 Time: 0:01:00 0.00% |█                                                                                                    |  0/1 Time: 0:01:012019-09-10 20:21:08,294 [java.util.concurrent.ThreadPoolExecutor$Worker@60cc4b5a[State = -1, empty queue]] WARN  server.GrpcLogAppender (GrpcLogAppender.java:timeoutAppendRequest(200)) - 6effdead-13d1-41e6-a2f2-1b6cf88b37a4@group-473A3ADDDDF6->6721d19e-fad5-40c6-a99e-1f07fcc56c74-GrpcLogAppender: appendEntries Timeout, request=6effdead-13d1-41e6-a2f2-1b6cf88b37a4->6721d19e-fad5-40c6-a99e-1f07fcc56c74#42-t1, previous=(t:1, i:20), leaderCommit=16, initializing? false, entries: <empty>
2019-09-10 20:21:08,294 [java.util.concurrent.ThreadPoolExecutor$Worker@1d3c1c77[State = -1, empty queue]] WARN  server.GrpcLogAppender (GrpcLogAppender.java:timeoutAppendRequest(200)) - 6effdead-13d1-41e6-a2f2-1b6cf88b37a4@group-473A3ADDDDF6->9f3eeb55-1628-4544-b8a1-8f6a6bd18952-GrpcLogAppender: appendEntries Timeout, request=6effdead-13d1-41e6-a2f2-1b6cf88b37a4->9f3eeb55-1628-4544-b8a1-8f6a6bd18952#42-t1, previous=(t:1, i:20), leaderCommit=16, initializing? false, entries: <empty>
2019-09-10 20:21:08,547 [grpc-default-executor-3] INFO  client.GrpcClientProtocolClient (GrpcClientProtocolClient.java:onNext(264)) - client-2E8FF6204D1E->9f3eeb55-1628-4544-b8a1-8f6a6bd18952: receive RaftClientReply:client-2E8FF6204D1E->9f3eeb55-1628-4544-b8a1-8f6a6bd18952@group-473A3ADDDDF6, cid=16, FAILED org.apache.ratis.protocol.NotLeaderException: Server 9f3eeb55-1628-4544-b8a1-8f6a6bd18952@group-473A3ADDDDF6 is not the leader 6effdead-13d1-41e6-a2f2-1b6cf88b37a4:192.168.34.25:36480, logIndex=0, commits[9f3eeb55-1628-4544-b8a1-8f6a6bd18952:c16, 6721d19e-fad5-40c6-a99e-1f07fcc56c74:c12, 6effdead-13d1-41e6-a2f2-1b6cf88b37a4:c16]
 0.00% |█                                                                                                    |  0/1 Time: 0:01:02 0.00% |█                                                                                                    |  0/1 Time: 0:01:032019-09-10 20:21:10,796 [java.util.concurrent.ThreadPoolExecutor$Worker@60cc4b5a[State = -1, empty queue]] WARN  server.GrpcLogAppender (GrpcLogAppender.java:timeoutAppendRequest(200)) - 6effdead-13d1-41e6-a2f2-1b6cf88b37a4@group-473A3ADDDDF6->6721d19e-fad5-40c6-a99e-1f07fcc56c74-GrpcLogAppender: appendEntries Timeout, request=6effdead-13d1-41e6-a2f2-1b6cf88b37a4->6721d19e-fad5-40c6-a99e-1f07fcc56c74#43-t1, previous=(t:1, i:20), leaderCommit=16, initializing? false, entries: <empty>
2019-09-10 20:21:10,796 [java.util.concurrent.ThreadPoolExecutor$Worker@1d3c1c77[State = -1, empty queue]] WARN  server.GrpcLogAppender (GrpcLogAppender.java:timeoutAppendRequest(200)) - 6effdead-13d1-41e6-a2f2-1b6cf88b37a4@group-473A3ADDDDF6->9f3eeb55-1628-4544-b8a1-8f6a6bd18952-GrpcLogAppender: appendEntries Timeout, request=6effdead-13d1-41e6-a2f2-1b6cf88b37a4->9f3eeb55-1628-4544-b8a1-8f6a6bd18952#43-t1, previous=(t:1, i:20), leaderCommit=16, initializing? false, entries: <empty>
 0.00% |█                                                                                                    |  0/1 Time: 0:01:04 0.00% |█                                                                                                    |  0/1 Time: 0:01:052019-09-10 20:21:12,941 [6effdead-13d1-41e6-a2f2-1b6cf88b37a4@group-473A3ADDDDF6-SegmentedRaftLogWorker] WARN  segmented.SegmentedRaftLogWorker (SegmentedRaftLogWorker.java:getFromFuture(90)) - Timeout 5/~
org.apache.ratis.protocol.TimeoutIOException: Timeout 10s: WriteLog:19: (t:1, i:19), STATEMACHINELOGENTRY, client-2E8FF6204D1E, cid=18-writeStateMachineData
	at org.apache.ratis.util.IOUtils.getFromFuture(IOUtils.java:87)
	at org.apache.ratis.server.raftlog.segmented.SegmentedRaftLogWorker$StateMachineDataPolicy.getFromFuture(SegmentedRaftLogWorker.java:87)
	at org.apache.ratis.server.raftlog.segmented.SegmentedRaftLogWorker$WriteLog.execute(SegmentedRaftLogWorker.java:477)
	at org.apache.ratis.server.raftlog.segmented.SegmentedRaftLogWorker.run(SegmentedRaftLogWorker.java:289)
	at java.lang.Thread.run(Thread.java:748)
Caused by: java.util.concurrent.TimeoutException
	at java.util.concurrent.CompletableFuture.timedGet(CompletableFuture.java:1771)
	at java.util.concurrent.CompletableFuture.get(CompletableFuture.java:1915)
	at org.apache.ratis.util.IOUtils.getFromFuture(IOUtils.java:79)
	... 4 more
2019-09-10 20:21:12,942 [9f3eeb55-1628-4544-b8a1-8f6a6bd18952@group-473A3ADDDDF6-SegmentedRaftLogWorker] WARN  segmented.SegmentedRaftLogWorker (SegmentedRaftLogWorker.java:getFromFuture(90)) - Timeout 5/~
org.apache.ratis.protocol.TimeoutIOException: Timeout 10s: WriteLog:19: (t:1, i:19), STATEMACHINELOGENTRY, client-2E8FF6204D1E, cid=18-writeStateMachineData
	at org.apache.ratis.util.IOUtils.getFromFuture(IOUtils.java:87)
	at org.apache.ratis.server.raftlog.segmented.SegmentedRaftLogWorker$StateMachineDataPolicy.getFromFuture(SegmentedRaftLogWorker.java:87)
	at org.apache.ratis.server.raftlog.segmented.SegmentedRaftLogWorker$WriteLog.execute(SegmentedRaftLogWorker.java:477)
	at org.apache.ratis.server.raftlog.segmented.SegmentedRaftLogWorker.run(SegmentedRaftLogWorker.java:289)
	at java.lang.Thread.run(Thread.java:748)
Caused by: java.util.concurrent.TimeoutException
	at java.util.concurrent.CompletableFuture.timedGet(CompletableFuture.java:1771)
	at java.util.concurrent.CompletableFuture.get(CompletableFuture.java:1915)
	at org.apache.ratis.util.IOUtils.getFromFuture(IOUtils.java:79)
	... 4 more
2019-09-10 20:21:12,942 [6721d19e-fad5-40c6-a99e-1f07fcc56c74@group-473A3ADDDDF6-SegmentedRaftLogWorker] WARN  segmented.SegmentedRaftLogWorker (SegmentedRaftLogWorker.java:getFromFuture(90)) - Timeout 5/~
org.apache.ratis.protocol.TimeoutIOException: Timeout 10s: WriteLog:19: (t:1, i:19), STATEMACHINELOGENTRY, client-2E8FF6204D1E, cid=18-writeStateMachineData
	at org.apache.ratis.util.IOUtils.getFromFuture(IOUtils.java:87)
	at org.apache.ratis.server.raftlog.segmented.SegmentedRaftLogWorker$StateMachineDataPolicy.getFromFuture(SegmentedRaftLogWorker.java:87)
	at org.apache.ratis.server.raftlog.segmented.SegmentedRaftLogWorker$WriteLog.execute(SegmentedRaftLogWorker.java:477)
	at org.apache.ratis.server.raftlog.segmented.SegmentedRaftLogWorker.run(SegmentedRaftLogWorker.java:289)
	at java.lang.Thread.run(Thread.java:748)
Caused by: java.util.concurrent.TimeoutException
	at java.util.concurrent.CompletableFuture.timedGet(CompletableFuture.java:1771)
	at java.util.concurrent.CompletableFuture.get(CompletableFuture.java:1915)
	at org.apache.ratis.util.IOUtils.getFromFuture(IOUtils.java:79)
	... 4 more
 0.00% |█                                                                                                    |  0/1 Time: 0:01:062019-09-10 20:21:13,298 [java.util.concurrent.ThreadPoolExecutor$Worker@60cc4b5a[State = -1, empty queue]] WARN  server.GrpcLogAppender (GrpcLogAppender.java:timeoutAppendRequest(200)) - 6effdead-13d1-41e6-a2f2-1b6cf88b37a4@group-473A3ADDDDF6->6721d19e-fad5-40c6-a99e-1f07fcc56c74-GrpcLogAppender: appendEntries Timeout, request=6effdead-13d1-41e6-a2f2-1b6cf88b37a4->6721d19e-fad5-40c6-a99e-1f07fcc56c74#44-t1, previous=(t:1, i:20), leaderCommit=16, initializing? false, entries: <empty>
2019-09-10 20:21:13,298 [java.util.concurrent.ThreadPoolExecutor$Worker@1d3c1c77[State = -1, empty queue]] WARN  server.GrpcLogAppender (GrpcLogAppender.java:timeoutAppendRequest(200)) - 6effdead-13d1-41e6-a2f2-1b6cf88b37a4@group-473A3ADDDDF6->9f3eeb55-1628-4544-b8a1-8f6a6bd18952-GrpcLogAppender: appendEntries Timeout, request=6effdead-13d1-41e6-a2f2-1b6cf88b37a4->9f3eeb55-1628-4544-b8a1-8f6a6bd18952#44-t1, previous=(t:1, i:20), leaderCommit=16, initializing? false, entries: <empty>
2019-09-10 20:21:13,619 [grpc-default-executor-3] INFO  client.GrpcClientProtocolClient (GrpcClientProtocolClient.java:onNext(264)) - client-2E8FF6204D1E->9f3eeb55-1628-4544-b8a1-8f6a6bd18952: receive RaftClientReply:client-2E8FF6204D1E->9f3eeb55-1628-4544-b8a1-8f6a6bd18952@group-473A3ADDDDF6, cid=16, FAILED org.apache.ratis.protocol.NotLeaderException: Server 9f3eeb55-1628-4544-b8a1-8f6a6bd18952@group-473A3ADDDDF6 is not the leader 6effdead-13d1-41e6-a2f2-1b6cf88b37a4:192.168.34.25:36480, logIndex=0, commits[9f3eeb55-1628-4544-b8a1-8f6a6bd18952:c16, 6721d19e-fad5-40c6-a99e-1f07fcc56c74:c12, 6effdead-13d1-41e6-a2f2-1b6cf88b37a4:c16]
 0.00% |█                                                                                                    |  0/1 Time: 0:01:07 0.00% |█                                                                                                    |  0/1 Time: 0:01:082019-09-10 20:21:15,800 [java.util.concurrent.ThreadPoolExecutor$Worker@60cc4b5a[State = -1, empty queue]] WARN  server.GrpcLogAppender (GrpcLogAppender.java:timeoutAppendRequest(200)) - 6effdead-13d1-41e6-a2f2-1b6cf88b37a4@group-473A3ADDDDF6->6721d19e-fad5-40c6-a99e-1f07fcc56c74-GrpcLogAppender: appendEntries Timeout, request=6effdead-13d1-41e6-a2f2-1b6cf88b37a4->6721d19e-fad5-40c6-a99e-1f07fcc56c74#45-t1, previous=(t:1, i:20), leaderCommit=16, initializing? false, entries: <empty>
2019-09-10 20:21:15,800 [java.util.concurrent.ThreadPoolExecutor$Worker@1d3c1c77[State = -1, empty queue]] WARN  server.GrpcLogAppender (GrpcLogAppender.java:timeoutAppendRequest(200)) - 6effdead-13d1-41e6-a2f2-1b6cf88b37a4@group-473A3ADDDDF6->9f3eeb55-1628-4544-b8a1-8f6a6bd18952-GrpcLogAppender: appendEntries Timeout, request=6effdead-13d1-41e6-a2f2-1b6cf88b37a4->9f3eeb55-1628-4544-b8a1-8f6a6bd18952#45-t1, previous=(t:1, i:20), leaderCommit=16, initializing? false, entries: <empty>
 0.00% |█                                                                                                    |  0/1 Time: 0:01:09 0.00% |█                                                                                                    |  0/1 Time: 0:01:10 0.00% |█                                                                                                    |  0/1 Time: 0:01:112019-09-10 20:21:18,302 [java.util.concurrent.ThreadPoolExecutor$Worker@1d3c1c77[State = -1, empty queue]] WARN  server.GrpcLogAppender (GrpcLogAppender.java:timeoutAppendRequest(200)) - 6effdead-13d1-41e6-a2f2-1b6cf88b37a4@group-473A3ADDDDF6->9f3eeb55-1628-4544-b8a1-8f6a6bd18952-GrpcLogAppender: appendEntries Timeout, request=6effdead-13d1-41e6-a2f2-1b6cf88b37a4->9f3eeb55-1628-4544-b8a1-8f6a6bd18952#46-t1, previous=(t:1, i:20), leaderCommit=16, initializing? false, entries: <empty>
2019-09-10 20:21:18,302 [java.util.concurrent.ThreadPoolExecutor$Worker@60cc4b5a[State = -1, empty queue]] WARN  server.GrpcLogAppender (GrpcLogAppender.java:timeoutAppendRequest(200)) - 6effdead-13d1-41e6-a2f2-1b6cf88b37a4@group-473A3ADDDDF6->6721d19e-fad5-40c6-a99e-1f07fcc56c74-GrpcLogAppender: appendEntries Timeout, request=6effdead-13d1-41e6-a2f2-1b6cf88b37a4->6721d19e-fad5-40c6-a99e-1f07fcc56c74#46-t1, previous=(t:1, i:20), leaderCommit=16, initializing? false, entries: <empty>
2019-09-10 20:21:18,682 [grpc-default-executor-3] INFO  client.GrpcClientProtocolClient (GrpcClientProtocolClient.java:onNext(264)) - client-2E8FF6204D1E->6721d19e-fad5-40c6-a99e-1f07fcc56c74: receive RaftClientReply:client-2E8FF6204D1E->6721d19e-fad5-40c6-a99e-1f07fcc56c74@group-473A3ADDDDF6, cid=16, FAILED org.apache.ratis.protocol.NotLeaderException: Server 6721d19e-fad5-40c6-a99e-1f07fcc56c74@group-473A3ADDDDF6 is not the leader 6effdead-13d1-41e6-a2f2-1b6cf88b37a4:192.168.34.25:36480, logIndex=0, commits[6721d19e-fad5-40c6-a99e-1f07fcc56c74:c16, 6effdead-13d1-41e6-a2f2-1b6cf88b37a4:c16, 9f3eeb55-1628-4544-b8a1-8f6a6bd18952:c12]
 0.00% |█                                                                                                    |  0/1 Time: 0:01:12 0.00% |█                                                                                                    |  0/1 Time: 0:01:132019-09-10 20:21:20,802 [java.util.concurrent.ThreadPoolExecutor$Worker@60cc4b5a[State = -1, empty queue]] WARN  server.GrpcLogAppender (GrpcLogAppender.java:timeoutAppendRequest(200)) - 6effdead-13d1-41e6-a2f2-1b6cf88b37a4@group-473A3ADDDDF6->6721d19e-fad5-40c6-a99e-1f07fcc56c74-GrpcLogAppender: appendEntries Timeout, request=6effdead-13d1-41e6-a2f2-1b6cf88b37a4->6721d19e-fad5-40c6-a99e-1f07fcc56c74#47-t1, previous=(t:1, i:20), leaderCommit=16, initializing? false, entries: <empty>
2019-09-10 20:21:20,802 [java.util.concurrent.ThreadPoolExecutor$Worker@1d3c1c77[State = -1, empty queue]] WARN  server.GrpcLogAppender (GrpcLogAppender.java:timeoutAppendRequest(200)) - 6effdead-13d1-41e6-a2f2-1b6cf88b37a4@group-473A3ADDDDF6->9f3eeb55-1628-4544-b8a1-8f6a6bd18952-GrpcLogAppender: appendEntries Timeout, request=6effdead-13d1-41e6-a2f2-1b6cf88b37a4->9f3eeb55-1628-4544-b8a1-8f6a6bd18952#47-t1, previous=(t:1, i:20), leaderCommit=16, initializing? false, entries: <empty>
 0.00% |█                                                                                                    |  0/1 Time: 0:01:14 0.00% |█                                                                                                    |  0/1 Time: 0:01:152019-09-10 20:21:22,943 [6effdead-13d1-41e6-a2f2-1b6cf88b37a4@group-473A3ADDDDF6-SegmentedRaftLogWorker] WARN  segmented.SegmentedRaftLogWorker (SegmentedRaftLogWorker.java:getFromFuture(90)) - Timeout 6/~
org.apache.ratis.protocol.TimeoutIOException: Timeout 10s: WriteLog:19: (t:1, i:19), STATEMACHINELOGENTRY, client-2E8FF6204D1E, cid=18-writeStateMachineData
	at org.apache.ratis.util.IOUtils.getFromFuture(IOUtils.java:87)
	at org.apache.ratis.server.raftlog.segmented.SegmentedRaftLogWorker$StateMachineDataPolicy.getFromFuture(SegmentedRaftLogWorker.java:87)
	at org.apache.ratis.server.raftlog.segmented.SegmentedRaftLogWorker$WriteLog.execute(SegmentedRaftLogWorker.java:477)
	at org.apache.ratis.server.raftlog.segmented.SegmentedRaftLogWorker.run(SegmentedRaftLogWorker.java:289)
	at java.lang.Thread.run(Thread.java:748)
Caused by: java.util.concurrent.TimeoutException
	at java.util.concurrent.CompletableFuture.timedGet(CompletableFuture.java:1771)
	at java.util.concurrent.CompletableFuture.get(CompletableFuture.java:1915)
	at org.apache.ratis.util.IOUtils.getFromFuture(IOUtils.java:79)
	... 4 more
2019-09-10 20:21:22,945 [6721d19e-fad5-40c6-a99e-1f07fcc56c74@group-473A3ADDDDF6-SegmentedRaftLogWorker] WARN  segmented.SegmentedRaftLogWorker (SegmentedRaftLogWorker.java:getFromFuture(90)) - Timeout 6/~
org.apache.ratis.protocol.TimeoutIOException: Timeout 10s: WriteLog:19: (t:1, i:19), STATEMACHINELOGENTRY, client-2E8FF6204D1E, cid=18-writeStateMachineData
	at org.apache.ratis.util.IOUtils.getFromFuture(IOUtils.java:87)
	at org.apache.ratis.server.raftlog.segmented.SegmentedRaftLogWorker$StateMachineDataPolicy.getFromFuture(SegmentedRaftLogWorker.java:87)
	at org.apache.ratis.server.raftlog.segmented.SegmentedRaftLogWorker$WriteLog.execute(SegmentedRaftLogWorker.java:477)
	at org.apache.ratis.server.raftlog.segmented.SegmentedRaftLogWorker.run(SegmentedRaftLogWorker.java:289)
	at java.lang.Thread.run(Thread.java:748)
Caused by: java.util.concurrent.TimeoutException
	at java.util.concurrent.CompletableFuture.timedGet(CompletableFuture.java:1771)
	at java.util.concurrent.CompletableFuture.get(CompletableFuture.java:1915)
	at org.apache.ratis.util.IOUtils.getFromFuture(IOUtils.java:79)
	... 4 more
2019-09-10 20:21:22,944 [9f3eeb55-1628-4544-b8a1-8f6a6bd18952@group-473A3ADDDDF6-SegmentedRaftLogWorker] WARN  segmented.SegmentedRaftLogWorker (SegmentedRaftLogWorker.java:getFromFuture(90)) - Timeout 6/~
org.apache.ratis.protocol.TimeoutIOException: Timeout 10s: WriteLog:19: (t:1, i:19), STATEMACHINELOGENTRY, client-2E8FF6204D1E, cid=18-writeStateMachineData
	at org.apache.ratis.util.IOUtils.getFromFuture(IOUtils.java:87)
	at org.apache.ratis.server.raftlog.segmented.SegmentedRaftLogWorker$StateMachineDataPolicy.getFromFuture(SegmentedRaftLogWorker.java:87)
	at org.apache.ratis.server.raftlog.segmented.SegmentedRaftLogWorker$WriteLog.execute(SegmentedRaftLogWorker.java:477)
	at org.apache.ratis.server.raftlog.segmented.SegmentedRaftLogWorker.run(SegmentedRaftLogWorker.java:289)
	at java.lang.Thread.run(Thread.java:748)
Caused by: java.util.concurrent.TimeoutException
	at java.util.concurrent.CompletableFuture.timedGet(CompletableFuture.java:1771)
	at java.util.concurrent.CompletableFuture.get(CompletableFuture.java:1915)
	at org.apache.ratis.util.IOUtils.getFromFuture(IOUtils.java:79)
	... 4 more
 0.00% |█                                                                                                    |  0/1 Time: 0:01:162019-09-10 20:21:23,305 [java.util.concurrent.ThreadPoolExecutor$Worker@1d3c1c77[State = -1, empty queue]] WARN  server.GrpcLogAppender (GrpcLogAppender.java:timeoutAppendRequest(200)) - 6effdead-13d1-41e6-a2f2-1b6cf88b37a4@group-473A3ADDDDF6->9f3eeb55-1628-4544-b8a1-8f6a6bd18952-GrpcLogAppender: appendEntries Timeout, request=6effdead-13d1-41e6-a2f2-1b6cf88b37a4->9f3eeb55-1628-4544-b8a1-8f6a6bd18952#48-t1, previous=(t:1, i:20), leaderCommit=16, initializing? false, entries: <empty>
2019-09-10 20:21:23,305 [java.util.concurrent.ThreadPoolExecutor$Worker@60cc4b5a[State = -1, empty queue]] WARN  server.GrpcLogAppender (GrpcLogAppender.java:timeoutAppendRequest(200)) - 6effdead-13d1-41e6-a2f2-1b6cf88b37a4@group-473A3ADDDDF6->6721d19e-fad5-40c6-a99e-1f07fcc56c74-GrpcLogAppender: appendEntries Timeout, request=6effdead-13d1-41e6-a2f2-1b6cf88b37a4->6721d19e-fad5-40c6-a99e-1f07fcc56c74#48-t1, previous=(t:1, i:20), leaderCommit=16, initializing? false, entries: <empty>
2019-09-10 20:21:23,748 [grpc-default-executor-2] INFO  client.GrpcClientProtocolClient (GrpcClientProtocolClient.java:onNext(264)) - client-2E8FF6204D1E->9f3eeb55-1628-4544-b8a1-8f6a6bd18952: receive RaftClientReply:client-2E8FF6204D1E->9f3eeb55-1628-4544-b8a1-8f6a6bd18952@group-473A3ADDDDF6, cid=16, FAILED org.apache.ratis.protocol.NotLeaderException: Server 9f3eeb55-1628-4544-b8a1-8f6a6bd18952@group-473A3ADDDDF6 is not the leader 6effdead-13d1-41e6-a2f2-1b6cf88b37a4:192.168.34.25:36480, logIndex=0, commits[9f3eeb55-1628-4544-b8a1-8f6a6bd18952:c16, 6721d19e-fad5-40c6-a99e-1f07fcc56c74:c12, 6effdead-13d1-41e6-a2f2-1b6cf88b37a4:c16]
 0.00% |█                                                                                                    |  0/1 Time: 0:01:17 0.00% |█                                                                                                    |  0/1 Time: 0:01:182019-09-10 20:21:25,806 [java.util.concurrent.ThreadPoolExecutor$Worker@60cc4b5a[State = -1, empty queue]] WARN  server.GrpcLogAppender (GrpcLogAppender.java:timeoutAppendRequest(200)) - 6effdead-13d1-41e6-a2f2-1b6cf88b37a4@group-473A3ADDDDF6->6721d19e-fad5-40c6-a99e-1f07fcc56c74-GrpcLogAppender: appendEntries Timeout, request=6effdead-13d1-41e6-a2f2-1b6cf88b37a4->6721d19e-fad5-40c6-a99e-1f07fcc56c74#49-t1, previous=(t:1, i:20), leaderCommit=16, initializing? false, entries: <empty>
2019-09-10 20:21:25,806 [java.util.concurrent.ThreadPoolExecutor$Worker@1d3c1c77[State = -1, empty queue]] WARN  server.GrpcLogAppender (GrpcLogAppender.java:timeoutAppendRequest(200)) - 6effdead-13d1-41e6-a2f2-1b6cf88b37a4@group-473A3ADDDDF6->9f3eeb55-1628-4544-b8a1-8f6a6bd18952-GrpcLogAppender: appendEntries Timeout, request=6effdead-13d1-41e6-a2f2-1b6cf88b37a4->9f3eeb55-1628-4544-b8a1-8f6a6bd18952#49-t1, previous=(t:1, i:20), leaderCommit=16, initializing? false, entries: <empty>
 0.00% |█                                                                                                    |  0/1 Time: 0:01:19 0.00% |█                                                                                                    |  0/1 Time: 0:01:20 0.00% |█                                                                                                    |  0/1 Time: 0:01:212019-09-10 20:21:28,306 [java.util.concurrent.ThreadPoolExecutor$Worker@60cc4b5a[State = -1, empty queue]] WARN  server.GrpcLogAppender (GrpcLogAppender.java:timeoutAppendRequest(200)) - 6effdead-13d1-41e6-a2f2-1b6cf88b37a4@group-473A3ADDDDF6->6721d19e-fad5-40c6-a99e-1f07fcc56c74-GrpcLogAppender: appendEntries Timeout, request=6effdead-13d1-41e6-a2f2-1b6cf88b37a4->6721d19e-fad5-40c6-a99e-1f07fcc56c74#50-t1, previous=(t:1, i:20), leaderCommit=16, initializing? false, entries: <empty>
2019-09-10 20:21:28,306 [java.util.concurrent.ThreadPoolExecutor$Worker@1d3c1c77[State = -1, empty queue]] WARN  server.GrpcLogAppender (GrpcLogAppender.java:timeoutAppendRequest(200)) - 6effdead-13d1-41e6-a2f2-1b6cf88b37a4@group-473A3ADDDDF6->9f3eeb55-1628-4544-b8a1-8f6a6bd18952-GrpcLogAppender: appendEntries Timeout, request=6effdead-13d1-41e6-a2f2-1b6cf88b37a4->9f3eeb55-1628-4544-b8a1-8f6a6bd18952#50-t1, previous=(t:1, i:20), leaderCommit=16, initializing? false, entries: <empty>
2019-09-10 20:21:28,814 [grpc-default-executor-0] INFO  client.GrpcClientProtocolClient (GrpcClientProtocolClient.java:onNext(264)) - client-2E8FF6204D1E->9f3eeb55-1628-4544-b8a1-8f6a6bd18952: receive RaftClientReply:client-2E8FF6204D1E->9f3eeb55-1628-4544-b8a1-8f6a6bd18952@group-473A3ADDDDF6, cid=16, FAILED org.apache.ratis.protocol.NotLeaderException: Server 9f3eeb55-1628-4544-b8a1-8f6a6bd18952@group-473A3ADDDDF6 is not the leader 6effdead-13d1-41e6-a2f2-1b6cf88b37a4:192.168.34.25:36480, logIndex=0, commits[9f3eeb55-1628-4544-b8a1-8f6a6bd18952:c16, 6721d19e-fad5-40c6-a99e-1f07fcc56c74:c12, 6effdead-13d1-41e6-a2f2-1b6cf88b37a4:c16]
 0.00% |█                                                                                                    |  0/1 Time: 0:01:22 0.00% |█                                                                                                    |  0/1 Time: 0:01:232019-09-10 20:21:30,808 [java.util.concurrent.ThreadPoolExecutor$Worker@1d3c1c77[State = -1, empty queue]] WARN  server.GrpcLogAppender (GrpcLogAppender.java:timeoutAppendRequest(200)) - 6effdead-13d1-41e6-a2f2-1b6cf88b37a4@group-473A3ADDDDF6->9f3eeb55-1628-4544-b8a1-8f6a6bd18952-GrpcLogAppender: appendEntries Timeout, request=6effdead-13d1-41e6-a2f2-1b6cf88b37a4->9f3eeb55-1628-4544-b8a1-8f6a6bd18952#51-t1, previous=(t:1, i:20), leaderCommit=16, initializing? false, entries: <empty>
2019-09-10 20:21:30,808 [java.util.concurrent.ThreadPoolExecutor$Worker@60cc4b5a[State = -1, empty queue]] WARN  server.GrpcLogAppender (GrpcLogAppender.java:timeoutAppendRequest(200)) - 6effdead-13d1-41e6-a2f2-1b6cf88b37a4@group-473A3ADDDDF6->6721d19e-fad5-40c6-a99e-1f07fcc56c74-GrpcLogAppender: appendEntries Timeout, request=6effdead-13d1-41e6-a2f2-1b6cf88b37a4->6721d19e-fad5-40c6-a99e-1f07fcc56c74#51-t1, previous=(t:1, i:20), leaderCommit=16, initializing? false, entries: <empty>
 0.00% |█                                                                                                    |  0/1 Time: 0:01:24 0.00% |█                                                                                                    |  0/1 Time: 0:01:252019-09-10 20:21:32,945 [6effdead-13d1-41e6-a2f2-1b6cf88b37a4@group-473A3ADDDDF6-SegmentedRaftLogWorker] WARN  segmented.SegmentedRaftLogWorker (SegmentedRaftLogWorker.java:getFromFuture(90)) - Timeout 7/~
org.apache.ratis.protocol.TimeoutIOException: Timeout 10s: WriteLog:19: (t:1, i:19), STATEMACHINELOGENTRY, client-2E8FF6204D1E, cid=18-writeStateMachineData
	at org.apache.ratis.util.IOUtils.getFromFuture(IOUtils.java:87)
	at org.apache.ratis.server.raftlog.segmented.SegmentedRaftLogWorker$StateMachineDataPolicy.getFromFuture(SegmentedRaftLogWorker.java:87)
	at org.apache.ratis.server.raftlog.segmented.SegmentedRaftLogWorker$WriteLog.execute(SegmentedRaftLogWorker.java:477)
	at org.apache.ratis.server.raftlog.segmented.SegmentedRaftLogWorker.run(SegmentedRaftLogWorker.java:289)
	at java.lang.Thread.run(Thread.java:748)
Caused by: java.util.concurrent.TimeoutException
	at java.util.concurrent.CompletableFuture.timedGet(CompletableFuture.java:1771)
	at java.util.concurrent.CompletableFuture.get(CompletableFuture.java:1915)
	at org.apache.ratis.util.IOUtils.getFromFuture(IOUtils.java:79)
	... 4 more
2019-09-10 20:21:32,958 [6721d19e-fad5-40c6-a99e-1f07fcc56c74@group-473A3ADDDDF6-SegmentedRaftLogWorker] WARN  segmented.SegmentedRaftLogWorker (SegmentedRaftLogWorker.java:getFromFuture(90)) - Timeout 7/~
org.apache.ratis.protocol.TimeoutIOException: Timeout 10s: WriteLog:19: (t:1, i:19), STATEMACHINELOGENTRY, client-2E8FF6204D1E, cid=18-writeStateMachineData
	at org.apache.ratis.util.IOUtils.getFromFuture(IOUtils.java:87)
	at org.apache.ratis.server.raftlog.segmented.SegmentedRaftLogWorker$StateMachineDataPolicy.getFromFuture(SegmentedRaftLogWorker.java:87)
	at org.apache.ratis.server.raftlog.segmented.SegmentedRaftLogWorker$WriteLog.execute(SegmentedRaftLogWorker.java:477)
	at org.apache.ratis.server.raftlog.segmented.SegmentedRaftLogWorker.run(SegmentedRaftLogWorker.java:289)
	at java.lang.Thread.run(Thread.java:748)
Caused by: java.util.concurrent.TimeoutException
	at java.util.concurrent.CompletableFuture.timedGet(CompletableFuture.java:1771)
	at java.util.concurrent.CompletableFuture.get(CompletableFuture.java:1915)
	at org.apache.ratis.util.IOUtils.getFromFuture(IOUtils.java:79)
	... 4 more
2019-09-10 20:21:32,959 [9f3eeb55-1628-4544-b8a1-8f6a6bd18952@group-473A3ADDDDF6-SegmentedRaftLogWorker] WARN  segmented.SegmentedRaftLogWorker (SegmentedRaftLogWorker.java:getFromFuture(90)) - Timeout 7/~
org.apache.ratis.protocol.TimeoutIOException: Timeout 10s: WriteLog:19: (t:1, i:19), STATEMACHINELOGENTRY, client-2E8FF6204D1E, cid=18-writeStateMachineData
	at org.apache.ratis.util.IOUtils.getFromFuture(IOUtils.java:87)
	at org.apache.ratis.server.raftlog.segmented.SegmentedRaftLogWorker$StateMachineDataPolicy.getFromFuture(SegmentedRaftLogWorker.java:87)
	at org.apache.ratis.server.raftlog.segmented.SegmentedRaftLogWorker$WriteLog.execute(SegmentedRaftLogWorker.java:477)
	at org.apache.ratis.server.raftlog.segmented.SegmentedRaftLogWorker.run(SegmentedRaftLogWorker.java:289)
	at java.lang.Thread.run(Thread.java:748)
Caused by: java.util.concurrent.TimeoutException
	at java.util.concurrent.CompletableFuture.timedGet(CompletableFuture.java:1771)
	at java.util.concurrent.CompletableFuture.get(CompletableFuture.java:1915)
	at org.apache.ratis.util.IOUtils.getFromFuture(IOUtils.java:79)
	... 4 more
 0.00% |█                                                                                                    |  0/1 Time: 0:01:262019-09-10 20:21:33,310 [java.util.concurrent.ThreadPoolExecutor$Worker@1d3c1c77[State = -1, empty queue]] WARN  server.GrpcLogAppender (GrpcLogAppender.java:timeoutAppendRequest(200)) - 6effdead-13d1-41e6-a2f2-1b6cf88b37a4@group-473A3ADDDDF6->9f3eeb55-1628-4544-b8a1-8f6a6bd18952-GrpcLogAppender: appendEntries Timeout, request=6effdead-13d1-41e6-a2f2-1b6cf88b37a4->9f3eeb55-1628-4544-b8a1-8f6a6bd18952#52-t1, previous=(t:1, i:20), leaderCommit=16, initializing? false, entries: <empty>
2019-09-10 20:21:33,310 [java.util.concurrent.ThreadPoolExecutor$Worker@60cc4b5a[State = -1, empty queue]] WARN  server.GrpcLogAppender (GrpcLogAppender.java:timeoutAppendRequest(200)) - 6effdead-13d1-41e6-a2f2-1b6cf88b37a4@group-473A3ADDDDF6->6721d19e-fad5-40c6-a99e-1f07fcc56c74-GrpcLogAppender: appendEntries Timeout, request=6effdead-13d1-41e6-a2f2-1b6cf88b37a4->6721d19e-fad5-40c6-a99e-1f07fcc56c74#52-t1, previous=(t:1, i:20), leaderCommit=16, initializing? false, entries: <empty>
2019-09-10 20:21:33,876 [grpc-default-executor-0] INFO  client.GrpcClientProtocolClient (GrpcClientProtocolClient.java:onNext(264)) - client-2E8FF6204D1E->6721d19e-fad5-40c6-a99e-1f07fcc56c74: receive RaftClientReply:client-2E8FF6204D1E->6721d19e-fad5-40c6-a99e-1f07fcc56c74@group-473A3ADDDDF6, cid=16, FAILED org.apache.ratis.protocol.NotLeaderException: Server 6721d19e-fad5-40c6-a99e-1f07fcc56c74@group-473A3ADDDDF6 is not the leader 6effdead-13d1-41e6-a2f2-1b6cf88b37a4:192.168.34.25:36480, logIndex=0, commits[6721d19e-fad5-40c6-a99e-1f07fcc56c74:c16, 6effdead-13d1-41e6-a2f2-1b6cf88b37a4:c16, 9f3eeb55-1628-4544-b8a1-8f6a6bd18952:c12]
 0.00% |█                                                                                                    |  0/1 Time: 0:01:27 0.00% |█                                                                                                    |  0/1 Time: 0:01:282019-09-10 20:21:35,811 [java.util.concurrent.ThreadPoolExecutor$Worker@1d3c1c77[State = -1, empty queue]] WARN  server.GrpcLogAppender (GrpcLogAppender.java:timeoutAppendRequest(200)) - 6effdead-13d1-41e6-a2f2-1b6cf88b37a4@group-473A3ADDDDF6->9f3eeb55-1628-4544-b8a1-8f6a6bd18952-GrpcLogAppender: appendEntries Timeout, request=6effdead-13d1-41e6-a2f2-1b6cf88b37a4->9f3eeb55-1628-4544-b8a1-8f6a6bd18952#53-t1, previous=(t:1, i:20), leaderCommit=16, initializing? false, entries: <empty>
2019-09-10 20:21:35,811 [java.util.concurrent.ThreadPoolExecutor$Worker@60cc4b5a[State = -1, empty queue]] WARN  server.GrpcLogAppender (GrpcLogAppender.java:timeoutAppendRequest(200)) - 6effdead-13d1-41e6-a2f2-1b6cf88b37a4@group-473A3ADDDDF6->6721d19e-fad5-40c6-a99e-1f07fcc56c74-GrpcLogAppender: appendEntries Timeout, request=6effdead-13d1-41e6-a2f2-1b6cf88b37a4->6721d19e-fad5-40c6-a99e-1f07fcc56c74#53-t1, previous=(t:1, i:20), leaderCommit=16, initializing? false, entries: <empty>
 0.00% |█                                                                                                    |  0/1 Time: 0:01:29 0.00% |█                                                                                                    |  0/1 Time: 0:01:30 0.00% |█                                                                                                    |  0/1 Time: 0:01:312019-09-10 20:21:38,314 [java.util.concurrent.ThreadPoolExecutor$Worker@1d3c1c77[State = -1, empty queue]] WARN  server.GrpcLogAppender (GrpcLogAppender.java:timeoutAppendRequest(200)) - 6effdead-13d1-41e6-a2f2-1b6cf88b37a4@group-473A3ADDDDF6->9f3eeb55-1628-4544-b8a1-8f6a6bd18952-GrpcLogAppender: appendEntries Timeout, request=6effdead-13d1-41e6-a2f2-1b6cf88b37a4->9f3eeb55-1628-4544-b8a1-8f6a6bd18952#54-t1, previous=(t:1, i:20), leaderCommit=16, initializing? false, entries: <empty>
2019-09-10 20:21:38,314 [java.util.concurrent.ThreadPoolExecutor$Worker@60cc4b5a[State = -1, empty queue]] WARN  server.GrpcLogAppender (GrpcLogAppender.java:timeoutAppendRequest(200)) - 6effdead-13d1-41e6-a2f2-1b6cf88b37a4@group-473A3ADDDDF6->6721d19e-fad5-40c6-a99e-1f07fcc56c74-GrpcLogAppender: appendEntries Timeout, request=6effdead-13d1-41e6-a2f2-1b6cf88b37a4->6721d19e-fad5-40c6-a99e-1f07fcc56c74#54-t1, previous=(t:1, i:20), leaderCommit=16, initializing? false, entries: <empty>
2019-09-10 20:21:38,938 [grpc-default-executor-0] INFO  client.GrpcClientProtocolClient (GrpcClientProtocolClient.java:onNext(264)) - client-2E8FF6204D1E->9f3eeb55-1628-4544-b8a1-8f6a6bd18952: receive RaftClientReply:client-2E8FF6204D1E->9f3eeb55-1628-4544-b8a1-8f6a6bd18952@group-473A3ADDDDF6, cid=16, FAILED org.apache.ratis.protocol.NotLeaderException: Server 9f3eeb55-1628-4544-b8a1-8f6a6bd18952@group-473A3ADDDDF6 is not the leader 6effdead-13d1-41e6-a2f2-1b6cf88b37a4:192.168.34.25:36480, logIndex=0, commits[9f3eeb55-1628-4544-b8a1-8f6a6bd18952:c16, 6721d19e-fad5-40c6-a99e-1f07fcc56c74:c12, 6effdead-13d1-41e6-a2f2-1b6cf88b37a4:c16]
 0.00% |█                                                                                                    |  0/1 Time: 0:01:32 0.00% |█                                                                                                    |  0/1 Time: 0:01:332019-09-10 20:21:40,817 [java.util.concurrent.ThreadPoolExecutor$Worker@60cc4b5a[State = -1, empty queue]] WARN  server.GrpcLogAppender (GrpcLogAppender.java:timeoutAppendRequest(200)) - 6effdead-13d1-41e6-a2f2-1b6cf88b37a4@group-473A3ADDDDF6->6721d19e-fad5-40c6-a99e-1f07fcc56c74-GrpcLogAppender: appendEntries Timeout, request=6effdead-13d1-41e6-a2f2-1b6cf88b37a4->6721d19e-fad5-40c6-a99e-1f07fcc56c74#55-t1, previous=(t:1, i:20), leaderCommit=16, initializing? false, entries: <empty>
2019-09-10 20:21:40,817 [java.util.concurrent.ThreadPoolExecutor$Worker@1d3c1c77[State = -1, empty queue]] WARN  server.GrpcLogAppender (GrpcLogAppender.java:timeoutAppendRequest(200)) - 6effdead-13d1-41e6-a2f2-1b6cf88b37a4@group-473A3ADDDDF6->9f3eeb55-1628-4544-b8a1-8f6a6bd18952-GrpcLogAppender: appendEntries Timeout, request=6effdead-13d1-41e6-a2f2-1b6cf88b37a4->9f3eeb55-1628-4544-b8a1-8f6a6bd18952#55-t1, previous=(t:1, i:20), leaderCommit=16, initializing? false, entries: <empty>
 0.00% |█                                                                                                    |  0/1 Time: 0:01:34 0.00% |█                                                                                                    |  0/1 Time: 0:01:352019-09-10 20:21:42,946 [6effdead-13d1-41e6-a2f2-1b6cf88b37a4@group-473A3ADDDDF6-SegmentedRaftLogWorker] WARN  segmented.SegmentedRaftLogWorker (SegmentedRaftLogWorker.java:getFromFuture(90)) - Timeout 8/~
org.apache.ratis.protocol.TimeoutIOException: Timeout 10s: WriteLog:19: (t:1, i:19), STATEMACHINELOGENTRY, client-2E8FF6204D1E, cid=18-writeStateMachineData
	at org.apache.ratis.util.IOUtils.getFromFuture(IOUtils.java:87)
	at org.apache.ratis.server.raftlog.segmented.SegmentedRaftLogWorker$StateMachineDataPolicy.getFromFuture(SegmentedRaftLogWorker.java:87)
	at org.apache.ratis.server.raftlog.segmented.SegmentedRaftLogWorker$WriteLog.execute(SegmentedRaftLogWorker.java:477)
	at org.apache.ratis.server.raftlog.segmented.SegmentedRaftLogWorker.run(SegmentedRaftLogWorker.java:289)
	at java.lang.Thread.run(Thread.java:748)
Caused by: java.util.concurrent.TimeoutException
	at java.util.concurrent.CompletableFuture.timedGet(CompletableFuture.java:1771)
	at java.util.concurrent.CompletableFuture.get(CompletableFuture.java:1915)
	at org.apache.ratis.util.IOUtils.getFromFuture(IOUtils.java:79)
	... 4 more
2019-09-10 20:21:42,961 [6721d19e-fad5-40c6-a99e-1f07fcc56c74@group-473A3ADDDDF6-SegmentedRaftLogWorker] WARN  segmented.SegmentedRaftLogWorker (SegmentedRaftLogWorker.java:getFromFuture(90)) - Timeout 8/~
org.apache.ratis.protocol.TimeoutIOException: Timeout 10s: WriteLog:19: (t:1, i:19), STATEMACHINELOGENTRY, client-2E8FF6204D1E, cid=18-writeStateMachineData
	at org.apache.ratis.util.IOUtils.getFromFuture(IOUtils.java:87)
	at org.apache.ratis.server.raftlog.segmented.SegmentedRaftLogWorker$StateMachineDataPolicy.getFromFuture(SegmentedRaftLogWorker.java:87)
	at org.apache.ratis.server.raftlog.segmented.SegmentedRaftLogWorker$WriteLog.execute(SegmentedRaftLogWorker.java:477)
	at org.apache.ratis.server.raftlog.segmented.SegmentedRaftLogWorker.run(SegmentedRaftLogWorker.java:289)
	at java.lang.Thread.run(Thread.java:748)
Caused by: java.util.concurrent.TimeoutException
	at java.util.concurrent.CompletableFuture.timedGet(CompletableFuture.java:1771)
	at java.util.concurrent.CompletableFuture.get(CompletableFuture.java:1915)
	at org.apache.ratis.util.IOUtils.getFromFuture(IOUtils.java:79)
	... 4 more
2019-09-10 20:21:42,961 [9f3eeb55-1628-4544-b8a1-8f6a6bd18952@group-473A3ADDDDF6-SegmentedRaftLogWorker] WARN  segmented.SegmentedRaftLogWorker (SegmentedRaftLogWorker.java:getFromFuture(90)) - Timeout 8/~
org.apache.ratis.protocol.TimeoutIOException: Timeout 10s: WriteLog:19: (t:1, i:19), STATEMACHINELOGENTRY, client-2E8FF6204D1E, cid=18-writeStateMachineData
	at org.apache.ratis.util.IOUtils.getFromFuture(IOUtils.java:87)
	at org.apache.ratis.server.raftlog.segmented.SegmentedRaftLogWorker$StateMachineDataPolicy.getFromFuture(SegmentedRaftLogWorker.java:87)
	at org.apache.ratis.server.raftlog.segmented.SegmentedRaftLogWorker$WriteLog.execute(SegmentedRaftLogWorker.java:477)
	at org.apache.ratis.server.raftlog.segmented.SegmentedRaftLogWorker.run(SegmentedRaftLogWorker.java:289)
	at java.lang.Thread.run(Thread.java:748)
Caused by: java.util.concurrent.TimeoutException
	at java.util.concurrent.CompletableFuture.timedGet(CompletableFuture.java:1771)
	at java.util.concurrent.CompletableFuture.get(CompletableFuture.java:1915)
	at org.apache.ratis.util.IOUtils.getFromFuture(IOUtils.java:79)
	... 4 more
 0.00% |█                                                                                                    |  0/1 Time: 0:01:362019-09-10 20:21:43,321 [java.util.concurrent.ThreadPoolExecutor$Worker@1d3c1c77[State = -1, empty queue]] WARN  server.GrpcLogAppender (GrpcLogAppender.java:timeoutAppendRequest(200)) - 6effdead-13d1-41e6-a2f2-1b6cf88b37a4@group-473A3ADDDDF6->9f3eeb55-1628-4544-b8a1-8f6a6bd18952-GrpcLogAppender: appendEntries Timeout, request=6effdead-13d1-41e6-a2f2-1b6cf88b37a4->9f3eeb55-1628-4544-b8a1-8f6a6bd18952#56-t1, previous=(t:1, i:20), leaderCommit=16, initializing? false, entries: <empty>
2019-09-10 20:21:43,321 [java.util.concurrent.ThreadPoolExecutor$Worker@60cc4b5a[State = -1, empty queue]] WARN  server.GrpcLogAppender (GrpcLogAppender.java:timeoutAppendRequest(200)) - 6effdead-13d1-41e6-a2f2-1b6cf88b37a4@group-473A3ADDDDF6->6721d19e-fad5-40c6-a99e-1f07fcc56c74-GrpcLogAppender: appendEntries Timeout, request=6effdead-13d1-41e6-a2f2-1b6cf88b37a4->6721d19e-fad5-40c6-a99e-1f07fcc56c74#56-t1, previous=(t:1, i:20), leaderCommit=16, initializing? false, entries: <empty>
 0.00% |█                                                                                                    |  0/1 Time: 0:01:372019-09-10 20:21:44,002 [grpc-default-executor-0] INFO  client.GrpcClientProtocolClient (GrpcClientProtocolClient.java:onNext(264)) - client-2E8FF6204D1E->6721d19e-fad5-40c6-a99e-1f07fcc56c74: receive RaftClientReply:client-2E8FF6204D1E->6721d19e-fad5-40c6-a99e-1f07fcc56c74@group-473A3ADDDDF6, cid=16, FAILED org.apache.ratis.protocol.NotLeaderException: Server 6721d19e-fad5-40c6-a99e-1f07fcc56c74@group-473A3ADDDDF6 is not the leader 6effdead-13d1-41e6-a2f2-1b6cf88b37a4:192.168.34.25:36480, logIndex=0, commits[6721d19e-fad5-40c6-a99e-1f07fcc56c74:c16, 6effdead-13d1-41e6-a2f2-1b6cf88b37a4:c16, 9f3eeb55-1628-4544-b8a1-8f6a6bd18952:c12]
 0.00% |█                                                                                                    |  0/1 Time: 0:01:382019-09-10 20:21:45,823 [java.util.concurrent.ThreadPoolExecutor$Worker@1d3c1c77[State = -1, empty queue]] WARN  server.GrpcLogAppender (GrpcLogAppender.java:timeoutAppendRequest(200)) - 6effdead-13d1-41e6-a2f2-1b6cf88b37a4@group-473A3ADDDDF6->9f3eeb55-1628-4544-b8a1-8f6a6bd18952-GrpcLogAppender: appendEntries Timeout, request=6effdead-13d1-41e6-a2f2-1b6cf88b37a4->9f3eeb55-1628-4544-b8a1-8f6a6bd18952#57-t1, previous=(t:1, i:20), leaderCommit=16, initializing? false, entries: <empty>
2019-09-10 20:21:45,823 [java.util.concurrent.ThreadPoolExecutor$Worker@60cc4b5a[State = -1, empty queue]] WARN  server.GrpcLogAppender (GrpcLogAppender.java:timeoutAppendRequest(200)) - 6effdead-13d1-41e6-a2f2-1b6cf88b37a4@group-473A3ADDDDF6->6721d19e-fad5-40c6-a99e-1f07fcc56c74-GrpcLogAppender: appendEntries Timeout, request=6effdead-13d1-41e6-a2f2-1b6cf88b37a4->6721d19e-fad5-40c6-a99e-1f07fcc56c74#57-t1, previous=(t:1, i:20), leaderCommit=16, initializing? false, entries: <empty>
 0.00% |█                                                                                                    |  0/1 Time: 0:01:39 0.00% |█                                                                                                    |  0/1 Time: 0:01:40 0.00% |█                                                                                                    |  0/1 Time: 0:01:412019-09-10 20:21:48,324 [java.util.concurrent.ThreadPoolExecutor$Worker@60cc4b5a[State = -1, empty queue]] WARN  server.GrpcLogAppender (GrpcLogAppender.java:timeoutAppendRequest(200)) - 6effdead-13d1-41e6-a2f2-1b6cf88b37a4@group-473A3ADDDDF6->6721d19e-fad5-40c6-a99e-1f07fcc56c74-GrpcLogAppender: appendEntries Timeout, request=6effdead-13d1-41e6-a2f2-1b6cf88b37a4->6721d19e-fad5-40c6-a99e-1f07fcc56c74#58-t1, previous=(t:1, i:20), leaderCommit=16, initializing? false, entries: <empty>
2019-09-10 20:21:48,324 [java.util.concurrent.ThreadPoolExecutor$Worker@1d3c1c77[State = -1, empty queue]] WARN  server.GrpcLogAppender (GrpcLogAppender.java:timeoutAppendRequest(200)) - 6effdead-13d1-41e6-a2f2-1b6cf88b37a4@group-473A3ADDDDF6->9f3eeb55-1628-4544-b8a1-8f6a6bd18952-GrpcLogAppender: appendEntries Timeout, request=6effdead-13d1-41e6-a2f2-1b6cf88b37a4->9f3eeb55-1628-4544-b8a1-8f6a6bd18952#58-t1, previous=(t:1, i:20), leaderCommit=16, initializing? false, entries: <empty>
 0.00% |█                                                                                                    |  0/1 Time: 0:01:422019-09-10 20:21:49,045 [grpc-default-executor-2] INFO  client.GrpcClientProtocolClient (GrpcClientProtocolClient.java:onNext(264)) - client-2E8FF6204D1E->6721d19e-fad5-40c6-a99e-1f07fcc56c74: receive RaftClientReply:client-2E8FF6204D1E->6721d19e-fad5-40c6-a99e-1f07fcc56c74@group-473A3ADDDDF6, cid=16, FAILED org.apache.ratis.protocol.NotLeaderException: Server 6721d19e-fad5-40c6-a99e-1f07fcc56c74@group-473A3ADDDDF6 is not the leader 6effdead-13d1-41e6-a2f2-1b6cf88b37a4:192.168.34.25:36480, logIndex=0, commits[6721d19e-fad5-40c6-a99e-1f07fcc56c74:c16, 6effdead-13d1-41e6-a2f2-1b6cf88b37a4:c16, 9f3eeb55-1628-4544-b8a1-8f6a6bd18952:c12]
 0.00% |█                                                                                                    |  0/1 Time: 0:01:432019-09-10 20:21:50,824 [java.util.concurrent.ThreadPoolExecutor$Worker@60cc4b5a[State = -1, empty queue]] WARN  server.GrpcLogAppender (GrpcLogAppender.java:timeoutAppendRequest(200)) - 6effdead-13d1-41e6-a2f2-1b6cf88b37a4@group-473A3ADDDDF6->6721d19e-fad5-40c6-a99e-1f07fcc56c74-GrpcLogAppender: appendEntries Timeout, request=6effdead-13d1-41e6-a2f2-1b6cf88b37a4->6721d19e-fad5-40c6-a99e-1f07fcc56c74#59-t1, previous=(t:1, i:20), leaderCommit=16, initializing? false, entries: <empty>
2019-09-10 20:21:50,824 [java.util.concurrent.ThreadPoolExecutor$Worker@1d3c1c77[State = -1, empty queue]] WARN  server.GrpcLogAppender (GrpcLogAppender.java:timeoutAppendRequest(200)) - 6effdead-13d1-41e6-a2f2-1b6cf88b37a4@group-473A3ADDDDF6->9f3eeb55-1628-4544-b8a1-8f6a6bd18952-GrpcLogAppender: appendEntries Timeout, request=6effdead-13d1-41e6-a2f2-1b6cf88b37a4->9f3eeb55-1628-4544-b8a1-8f6a6bd18952#59-t1, previous=(t:1, i:20), leaderCommit=16, initializing? false, entries: <empty>
 0.00% |█                                                                                                    |  0/1 Time: 0:01:44 0.00% |█                                                                                                    |  0/1 Time: 0:01:452019-09-10 20:21:52,947 [6effdead-13d1-41e6-a2f2-1b6cf88b37a4@group-473A3ADDDDF6-SegmentedRaftLogWorker] WARN  segmented.SegmentedRaftLogWorker (SegmentedRaftLogWorker.java:getFromFuture(90)) - Timeout 9/~
org.apache.ratis.protocol.TimeoutIOException: Timeout 10s: WriteLog:19: (t:1, i:19), STATEMACHINELOGENTRY, client-2E8FF6204D1E, cid=18-writeStateMachineData
	at org.apache.ratis.util.IOUtils.getFromFuture(IOUtils.java:87)
	at org.apache.ratis.server.raftlog.segmented.SegmentedRaftLogWorker$StateMachineDataPolicy.getFromFuture(SegmentedRaftLogWorker.java:87)
	at org.apache.ratis.server.raftlog.segmented.SegmentedRaftLogWorker$WriteLog.execute(SegmentedRaftLogWorker.java:477)
	at org.apache.ratis.server.raftlog.segmented.SegmentedRaftLogWorker.run(SegmentedRaftLogWorker.java:289)
	at java.lang.Thread.run(Thread.java:748)
Caused by: java.util.concurrent.TimeoutException
	at java.util.concurrent.CompletableFuture.timedGet(CompletableFuture.java:1771)
	at java.util.concurrent.CompletableFuture.get(CompletableFuture.java:1915)
	at org.apache.ratis.util.IOUtils.getFromFuture(IOUtils.java:79)
	... 4 more
2019-09-10 20:21:52,962 [6721d19e-fad5-40c6-a99e-1f07fcc56c74@group-473A3ADDDDF6-SegmentedRaftLogWorker] WARN  segmented.SegmentedRaftLogWorker (SegmentedRaftLogWorker.java:getFromFuture(90)) - Timeout 9/~
org.apache.ratis.protocol.TimeoutIOException: Timeout 10s: WriteLog:19: (t:1, i:19), STATEMACHINELOGENTRY, client-2E8FF6204D1E, cid=18-writeStateMachineData
	at org.apache.ratis.util.IOUtils.getFromFuture(IOUtils.java:87)
	at org.apache.ratis.server.raftlog.segmented.SegmentedRaftLogWorker$StateMachineDataPolicy.getFromFuture(SegmentedRaftLogWorker.java:87)
	at org.apache.ratis.server.raftlog.segmented.SegmentedRaftLogWorker$WriteLog.execute(SegmentedRaftLogWorker.java:477)
	at org.apache.ratis.server.raftlog.segmented.SegmentedRaftLogWorker.run(SegmentedRaftLogWorker.java:289)
	at java.lang.Thread.run(Thread.java:748)
Caused by: java.util.concurrent.TimeoutException
	at java.util.concurrent.CompletableFuture.timedGet(CompletableFuture.java:1771)
	at java.util.concurrent.CompletableFuture.get(CompletableFuture.java:1915)
	at org.apache.ratis.util.IOUtils.getFromFuture(IOUtils.java:79)
	... 4 more
2019-09-10 20:21:52,962 [9f3eeb55-1628-4544-b8a1-8f6a6bd18952@group-473A3ADDDDF6-SegmentedRaftLogWorker] WARN  segmented.SegmentedRaftLogWorker (SegmentedRaftLogWorker.java:getFromFuture(90)) - Timeout 9/~
org.apache.ratis.protocol.TimeoutIOException: Timeout 10s: WriteLog:19: (t:1, i:19), STATEMACHINELOGENTRY, client-2E8FF6204D1E, cid=18-writeStateMachineData
	at org.apache.ratis.util.IOUtils.getFromFuture(IOUtils.java:87)
	at org.apache.ratis.server.raftlog.segmented.SegmentedRaftLogWorker$StateMachineDataPolicy.getFromFuture(SegmentedRaftLogWorker.java:87)
	at org.apache.ratis.server.raftlog.segmented.SegmentedRaftLogWorker$WriteLog.execute(SegmentedRaftLogWorker.java:477)
	at org.apache.ratis.server.raftlog.segmented.SegmentedRaftLogWorker.run(SegmentedRaftLogWorker.java:289)
	at java.lang.Thread.run(Thread.java:748)
Caused by: java.util.concurrent.TimeoutException
	at java.util.concurrent.CompletableFuture.timedGet(CompletableFuture.java:1771)
	at java.util.concurrent.CompletableFuture.get(CompletableFuture.java:1915)
	at org.apache.ratis.util.IOUtils.getFromFuture(IOUtils.java:79)
	... 4 more
 0.00% |█                                                                                                    |  0/1 Time: 0:01:462019-09-10 20:21:53,325 [java.util.concurrent.ThreadPoolExecutor$Worker@60cc4b5a[State = -1, empty queue]] WARN  server.GrpcLogAppender (GrpcLogAppender.java:timeoutAppendRequest(200)) - 6effdead-13d1-41e6-a2f2-1b6cf88b37a4@group-473A3ADDDDF6->6721d19e-fad5-40c6-a99e-1f07fcc56c74-GrpcLogAppender: appendEntries Timeout, request=6effdead-13d1-41e6-a2f2-1b6cf88b37a4->6721d19e-fad5-40c6-a99e-1f07fcc56c74#60-t1, previous=(t:1, i:20), leaderCommit=16, initializing? false, entries: <empty>
2019-09-10 20:21:53,325 [java.util.concurrent.ThreadPoolExecutor$Worker@1d3c1c77[State = -1, empty queue]] WARN  server.GrpcLogAppender (GrpcLogAppender.java:timeoutAppendRequest(200)) - 6effdead-13d1-41e6-a2f2-1b6cf88b37a4@group-473A3ADDDDF6->9f3eeb55-1628-4544-b8a1-8f6a6bd18952-GrpcLogAppender: appendEntries Timeout, request=6effdead-13d1-41e6-a2f2-1b6cf88b37a4->9f3eeb55-1628-4544-b8a1-8f6a6bd18952#60-t1, previous=(t:1, i:20), leaderCommit=16, initializing? false, entries: <empty>
 0.00% |█                                                                                                    |  0/1 Time: 0:01:472019-09-10 20:21:54,094 [grpc-default-executor-2] INFO  client.GrpcClientProtocolClient (GrpcClientProtocolClient.java:onNext(264)) - client-2E8FF6204D1E->9f3eeb55-1628-4544-b8a1-8f6a6bd18952: receive RaftClientReply:client-2E8FF6204D1E->9f3eeb55-1628-4544-b8a1-8f6a6bd18952@group-473A3ADDDDF6, cid=16, FAILED org.apache.ratis.protocol.NotLeaderException: Server 9f3eeb55-1628-4544-b8a1-8f6a6bd18952@group-473A3ADDDDF6 is not the leader 6effdead-13d1-41e6-a2f2-1b6cf88b37a4:192.168.34.25:36480, logIndex=0, commits[9f3eeb55-1628-4544-b8a1-8f6a6bd18952:c16, 6721d19e-fad5-40c6-a99e-1f07fcc56c74:c12, 6effdead-13d1-41e6-a2f2-1b6cf88b37a4:c16]
 0.00% |█                                                                                                    |  0/1 Time: 0:01:482019-09-10 20:21:55,826 [java.util.concurrent.ThreadPoolExecutor$Worker@60cc4b5a[State = -1, empty queue]] WARN  server.GrpcLogAppender (GrpcLogAppender.java:timeoutAppendRequest(200)) - 6effdead-13d1-41e6-a2f2-1b6cf88b37a4@group-473A3ADDDDF6->6721d19e-fad5-40c6-a99e-1f07fcc56c74-GrpcLogAppender: appendEntries Timeout, request=6effdead-13d1-41e6-a2f2-1b6cf88b37a4->6721d19e-fad5-40c6-a99e-1f07fcc56c74#61-t1, previous=(t:1, i:20), leaderCommit=16, initializing? false, entries: <empty>
2019-09-10 20:21:55,826 [java.util.concurrent.ThreadPoolExecutor$Worker@1d3c1c77[State = -1, empty queue]] WARN  server.GrpcLogAppender (GrpcLogAppender.java:timeoutAppendRequest(200)) - 6effdead-13d1-41e6-a2f2-1b6cf88b37a4@group-473A3ADDDDF6->9f3eeb55-1628-4544-b8a1-8f6a6bd18952-GrpcLogAppender: appendEntries Timeout, request=6effdead-13d1-41e6-a2f2-1b6cf88b37a4->9f3eeb55-1628-4544-b8a1-8f6a6bd18952#61-t1, previous=(t:1, i:20), leaderCommit=16, initializing? false, entries: <empty>
 0.00% |█                                                                                                    |  0/1 Time: 0:01:49 0.00% |█                                                                                                    |  0/1 Time: 0:01:50 0.00% |█                                                                                                    |  0/1 Time: 0:01:512019-09-10 20:21:58,326 [java.util.concurrent.ThreadPoolExecutor$Worker@60cc4b5a[State = -1, empty queue]] WARN  server.GrpcLogAppender (GrpcLogAppender.java:timeoutAppendRequest(200)) - 6effdead-13d1-41e6-a2f2-1b6cf88b37a4@group-473A3ADDDDF6->6721d19e-fad5-40c6-a99e-1f07fcc56c74-GrpcLogAppender: appendEntries Timeout, request=6effdead-13d1-41e6-a2f2-1b6cf88b37a4->6721d19e-fad5-40c6-a99e-1f07fcc56c74#62-t1, previous=(t:1, i:20), leaderCommit=16, initializing? false, entries: <empty>
2019-09-10 20:21:58,326 [java.util.concurrent.ThreadPoolExecutor$Worker@1d3c1c77[State = -1, empty queue]] WARN  server.GrpcLogAppender (GrpcLogAppender.java:timeoutAppendRequest(200)) - 6effdead-13d1-41e6-a2f2-1b6cf88b37a4@group-473A3ADDDDF6->9f3eeb55-1628-4544-b8a1-8f6a6bd18952-GrpcLogAppender: appendEntries Timeout, request=6effdead-13d1-41e6-a2f2-1b6cf88b37a4->9f3eeb55-1628-4544-b8a1-8f6a6bd18952#62-t1, previous=(t:1, i:20), leaderCommit=16, initializing? false, entries: <empty>
 0.00% |█                                                                                                    |  0/1 Time: 0:01:522019-09-10 20:21:59,138 [grpc-default-executor-0] INFO  client.GrpcClientProtocolClient (GrpcClientProtocolClient.java:onNext(264)) - client-2E8FF6204D1E->6721d19e-fad5-40c6-a99e-1f07fcc56c74: receive RaftClientReply:client-2E8FF6204D1E->6721d19e-fad5-40c6-a99e-1f07fcc56c74@group-473A3ADDDDF6, cid=16, FAILED org.apache.ratis.protocol.NotLeaderException: Server 6721d19e-fad5-40c6-a99e-1f07fcc56c74@group-473A3ADDDDF6 is not the leader 6effdead-13d1-41e6-a2f2-1b6cf88b37a4:192.168.34.25:36480, logIndex=0, commits[6721d19e-fad5-40c6-a99e-1f07fcc56c74:c16, 6effdead-13d1-41e6-a2f2-1b6cf88b37a4:c16, 9f3eeb55-1628-4544-b8a1-8f6a6bd18952:c12]
 0.00% |█                                                                                                    |  0/1 Time: 0:01:532019-09-10 20:22:00,827 [java.util.concurrent.ThreadPoolExecutor$Worker@1d3c1c77[State = -1, empty queue]] WARN  server.GrpcLogAppender (GrpcLogAppender.java:timeoutAppendRequest(200)) - 6effdead-13d1-41e6-a2f2-1b6cf88b37a4@group-473A3ADDDDF6->9f3eeb55-1628-4544-b8a1-8f6a6bd18952-GrpcLogAppender: appendEntries Timeout, request=6effdead-13d1-41e6-a2f2-1b6cf88b37a4->9f3eeb55-1628-4544-b8a1-8f6a6bd18952#63-t1, previous=(t:1, i:20), leaderCommit=16, initializing? false, entries: <empty>
2019-09-10 20:22:00,827 [java.util.concurrent.ThreadPoolExecutor$Worker@60cc4b5a[State = -1, empty queue]] WARN  server.GrpcLogAppender (GrpcLogAppender.java:timeoutAppendRequest(200)) - 6effdead-13d1-41e6-a2f2-1b6cf88b37a4@group-473A3ADDDDF6->6721d19e-fad5-40c6-a99e-1f07fcc56c74-GrpcLogAppender: appendEntries Timeout, request=6effdead-13d1-41e6-a2f2-1b6cf88b37a4->6721d19e-fad5-40c6-a99e-1f07fcc56c74#63-t1, previous=(t:1, i:20), leaderCommit=16, initializing? false, entries: <empty>
 0.00% |█                                                                                                    |  0/1 Time: 0:01:54 0.00% |█                                                                                                    |  0/1 Time: 0:01:552019-09-10 20:22:02,949 [6effdead-13d1-41e6-a2f2-1b6cf88b37a4@group-473A3ADDDDF6-SegmentedRaftLogWorker] WARN  segmented.SegmentedRaftLogWorker (SegmentedRaftLogWorker.java:getFromFuture(90)) - Timeout 10/~
org.apache.ratis.protocol.TimeoutIOException: Timeout 10s: WriteLog:19: (t:1, i:19), STATEMACHINELOGENTRY, client-2E8FF6204D1E, cid=18-writeStateMachineData
	at org.apache.ratis.util.IOUtils.getFromFuture(IOUtils.java:87)
	at org.apache.ratis.server.raftlog.segmented.SegmentedRaftLogWorker$StateMachineDataPolicy.getFromFuture(SegmentedRaftLogWorker.java:87)
	at org.apache.ratis.server.raftlog.segmented.SegmentedRaftLogWorker$WriteLog.execute(SegmentedRaftLogWorker.java:477)
	at org.apache.ratis.server.raftlog.segmented.SegmentedRaftLogWorker.run(SegmentedRaftLogWorker.java:289)
	at java.lang.Thread.run(Thread.java:748)
Caused by: java.util.concurrent.TimeoutException
	at java.util.concurrent.CompletableFuture.timedGet(CompletableFuture.java:1771)
	at java.util.concurrent.CompletableFuture.get(CompletableFuture.java:1915)
	at org.apache.ratis.util.IOUtils.getFromFuture(IOUtils.java:79)
	... 4 more
2019-09-10 20:22:02,962 [6721d19e-fad5-40c6-a99e-1f07fcc56c74@group-473A3ADDDDF6-SegmentedRaftLogWorker] WARN  segmented.SegmentedRaftLogWorker (SegmentedRaftLogWorker.java:getFromFuture(90)) - Timeout 10/~
org.apache.ratis.protocol.TimeoutIOException: Timeout 10s: WriteLog:19: (t:1, i:19), STATEMACHINELOGENTRY, client-2E8FF6204D1E, cid=18-writeStateMachineData
	at org.apache.ratis.util.IOUtils.getFromFuture(IOUtils.java:87)
	at org.apache.ratis.server.raftlog.segmented.SegmentedRaftLogWorker$StateMachineDataPolicy.getFromFuture(SegmentedRaftLogWorker.java:87)
	at org.apache.ratis.server.raftlog.segmented.SegmentedRaftLogWorker$WriteLog.execute(SegmentedRaftLogWorker.java:477)
	at org.apache.ratis.server.raftlog.segmented.SegmentedRaftLogWorker.run(SegmentedRaftLogWorker.java:289)
	at java.lang.Thread.run(Thread.java:748)
Caused by: java.util.concurrent.TimeoutException
	at java.util.concurrent.CompletableFuture.timedGet(CompletableFuture.java:1771)
	at java.util.concurrent.CompletableFuture.get(CompletableFuture.java:1915)
	at org.apache.ratis.util.IOUtils.getFromFuture(IOUtils.java:79)
	... 4 more
2019-09-10 20:22:02,968 [9f3eeb55-1628-4544-b8a1-8f6a6bd18952@group-473A3ADDDDF6-SegmentedRaftLogWorker] WARN  segmented.SegmentedRaftLogWorker (SegmentedRaftLogWorker.java:getFromFuture(90)) - Timeout 10/~
org.apache.ratis.protocol.TimeoutIOException: Timeout 10s: WriteLog:19: (t:1, i:19), STATEMACHINELOGENTRY, client-2E8FF6204D1E, cid=18-writeStateMachineData
	at org.apache.ratis.util.IOUtils.getFromFuture(IOUtils.java:87)
	at org.apache.ratis.server.raftlog.segmented.SegmentedRaftLogWorker$StateMachineDataPolicy.getFromFuture(SegmentedRaftLogWorker.java:87)
	at org.apache.ratis.server.raftlog.segmented.SegmentedRaftLogWorker$WriteLog.execute(SegmentedRaftLogWorker.java:477)
	at org.apache.ratis.server.raftlog.segmented.SegmentedRaftLogWorker.run(SegmentedRaftLogWorker.java:289)
	at java.lang.Thread.run(Thread.java:748)
Caused by: java.util.concurrent.TimeoutException
	at java.util.concurrent.CompletableFuture.timedGet(CompletableFuture.java:1771)
	at java.util.concurrent.CompletableFuture.get(CompletableFuture.java:1915)
	at org.apache.ratis.util.IOUtils.getFromFuture(IOUtils.java:79)
	... 4 more
 0.00% |█                                                                                                    |  0/1 Time: 0:01:562019-09-10 20:22:03,329 [java.util.concurrent.ThreadPoolExecutor$Worker@60cc4b5a[State = -1, empty queue]] WARN  server.GrpcLogAppender (GrpcLogAppender.java:timeoutAppendRequest(200)) - 6effdead-13d1-41e6-a2f2-1b6cf88b37a4@group-473A3ADDDDF6->6721d19e-fad5-40c6-a99e-1f07fcc56c74-GrpcLogAppender: appendEntries Timeout, request=6effdead-13d1-41e6-a2f2-1b6cf88b37a4->6721d19e-fad5-40c6-a99e-1f07fcc56c74#64-t1, previous=(t:1, i:20), leaderCommit=16, initializing? false, entries: <empty>
2019-09-10 20:22:03,329 [java.util.concurrent.ThreadPoolExecutor$Worker@1d3c1c77[State = -1, empty queue]] WARN  server.GrpcLogAppender (GrpcLogAppender.java:timeoutAppendRequest(200)) - 6effdead-13d1-41e6-a2f2-1b6cf88b37a4@group-473A3ADDDDF6->9f3eeb55-1628-4544-b8a1-8f6a6bd18952-GrpcLogAppender: appendEntries Timeout, request=6effdead-13d1-41e6-a2f2-1b6cf88b37a4->9f3eeb55-1628-4544-b8a1-8f6a6bd18952#64-t1, previous=(t:1, i:20), leaderCommit=16, initializing? false, entries: <empty>
 0.00% |█                                                                                                    |  0/1 Time: 0:01:572019-09-10 20:22:04,199 [grpc-default-executor-0] INFO  client.GrpcClientProtocolClient (GrpcClientProtocolClient.java:onNext(264)) - client-2E8FF6204D1E->9f3eeb55-1628-4544-b8a1-8f6a6bd18952: receive RaftClientReply:client-2E8FF6204D1E->9f3eeb55-1628-4544-b8a1-8f6a6bd18952@group-473A3ADDDDF6, cid=16, FAILED org.apache.ratis.protocol.NotLeaderException: Server 9f3eeb55-1628-4544-b8a1-8f6a6bd18952@group-473A3ADDDDF6 is not the leader 6effdead-13d1-41e6-a2f2-1b6cf88b37a4:192.168.34.25:36480, logIndex=0, commits[9f3eeb55-1628-4544-b8a1-8f6a6bd18952:c16, 6721d19e-fad5-40c6-a99e-1f07fcc56c74:c12, 6effdead-13d1-41e6-a2f2-1b6cf88b37a4:c16]
 0.00% |█                                                                                                    |  0/1 Time: 0:01:582019-09-10 20:22:05,833 [java.util.concurrent.ThreadPoolExecutor$Worker@1d3c1c77[State = -1, empty queue]] WARN  server.GrpcLogAppender (GrpcLogAppender.java:timeoutAppendRequest(200)) - 6effdead-13d1-41e6-a2f2-1b6cf88b37a4@group-473A3ADDDDF6->9f3eeb55-1628-4544-b8a1-8f6a6bd18952-GrpcLogAppender: appendEntries Timeout, request=6effdead-13d1-41e6-a2f2-1b6cf88b37a4->9f3eeb55-1628-4544-b8a1-8f6a6bd18952#65-t1, previous=(t:1, i:20), leaderCommit=16, initializing? false, entries: <empty>
2019-09-10 20:22:05,833 [java.util.concurrent.ThreadPoolExecutor$Worker@60cc4b5a[State = -1, empty queue]] WARN  server.GrpcLogAppender (GrpcLogAppender.java:timeoutAppendRequest(200)) - 6effdead-13d1-41e6-a2f2-1b6cf88b37a4@group-473A3ADDDDF6->6721d19e-fad5-40c6-a99e-1f07fcc56c74-GrpcLogAppender: appendEntries Timeout, request=6effdead-13d1-41e6-a2f2-1b6cf88b37a4->6721d19e-fad5-40c6-a99e-1f07fcc56c74#65-t1, previous=(t:1, i:20), leaderCommit=16, initializing? false, entries: <empty>
 0.00% |█                                                                                                    |  0/1 Time: 0:01:59 0.00% |█                                                                                                    |  0/1 Time: 0:02:00 0.00% |█                                                                                                    |  0/1 Time: 0:02:012019-09-10 20:22:08,334 [java.util.concurrent.ThreadPoolExecutor$Worker@60cc4b5a[State = -1, empty queue]] WARN  server.GrpcLogAppender (GrpcLogAppender.java:timeoutAppendRequest(200)) - 6effdead-13d1-41e6-a2f2-1b6cf88b37a4@group-473A3ADDDDF6->6721d19e-fad5-40c6-a99e-1f07fcc56c74-GrpcLogAppender: appendEntries Timeout, request=6effdead-13d1-41e6-a2f2-1b6cf88b37a4->6721d19e-fad5-40c6-a99e-1f07fcc56c74#66-t1, previous=(t:1, i:20), leaderCommit=16, initializing? false, entries: <empty>
2019-09-10 20:22:08,334 [java.util.concurrent.ThreadPoolExecutor$Worker@1d3c1c77[State = -1, empty queue]] WARN  server.GrpcLogAppender (GrpcLogAppender.java:timeoutAppendRequest(200)) - 6effdead-13d1-41e6-a2f2-1b6cf88b37a4@group-473A3ADDDDF6->9f3eeb55-1628-4544-b8a1-8f6a6bd18952-GrpcLogAppender: appendEntries Timeout, request=6effdead-13d1-41e6-a2f2-1b6cf88b37a4->9f3eeb55-1628-4544-b8a1-8f6a6bd18952#66-t1, previous=(t:1, i:20), leaderCommit=16, initializing? false, entries: <empty>
 0.00% |█                                                                                                    |  0/1 Time: 0:02:022019-09-10 20:22:09,265 [grpc-default-executor-0] INFO  client.GrpcClientProtocolClient (GrpcClientProtocolClient.java:onNext(264)) - client-2E8FF6204D1E->9f3eeb55-1628-4544-b8a1-8f6a6bd18952: receive RaftClientReply:client-2E8FF6204D1E->9f3eeb55-1628-4544-b8a1-8f6a6bd18952@group-473A3ADDDDF6, cid=16, FAILED org.apache.ratis.protocol.NotLeaderException: Server 9f3eeb55-1628-4544-b8a1-8f6a6bd18952@group-473A3ADDDDF6 is not the leader 6effdead-13d1-41e6-a2f2-1b6cf88b37a4:192.168.34.25:36480, logIndex=0, commits[9f3eeb55-1628-4544-b8a1-8f6a6bd18952:c16, 6721d19e-fad5-40c6-a99e-1f07fcc56c74:c12, 6effdead-13d1-41e6-a2f2-1b6cf88b37a4:c16]
 0.00% |█                                                                                                    |  0/1 Time: 0:02:032019-09-10 20:22:10,837 [java.util.concurrent.ThreadPoolExecutor$Worker@1d3c1c77[State = -1, empty queue]] WARN  server.GrpcLogAppender (GrpcLogAppender.java:timeoutAppendRequest(200)) - 6effdead-13d1-41e6-a2f2-1b6cf88b37a4@group-473A3ADDDDF6->9f3eeb55-1628-4544-b8a1-8f6a6bd18952-GrpcLogAppender: appendEntries Timeout, request=6effdead-13d1-41e6-a2f2-1b6cf88b37a4->9f3eeb55-1628-4544-b8a1-8f6a6bd18952#67-t1, previous=(t:1, i:20), leaderCommit=16, initializing? false, entries: <empty>
2019-09-10 20:22:10,837 [java.util.concurrent.ThreadPoolExecutor$Worker@60cc4b5a[State = -1, empty queue]] WARN  server.GrpcLogAppender (GrpcLogAppender.java:timeoutAppendRequest(200)) - 6effdead-13d1-41e6-a2f2-1b6cf88b37a4@group-473A3ADDDDF6->6721d19e-fad5-40c6-a99e-1f07fcc56c74-GrpcLogAppender: appendEntries Timeout, request=6effdead-13d1-41e6-a2f2-1b6cf88b37a4->6721d19e-fad5-40c6-a99e-1f07fcc56c74#67-t1, previous=(t:1, i:20), leaderCommit=16, initializing? false, entries: <empty>
 0.00% |█                                                                                                    |  0/1 Time: 0:02:04 0.00% |█                                                                                                    |  0/1 Time: 0:02:052019-09-10 20:22:12,885 [org.apache.ratis.server.impl.LogAppender$AppenderDaemon$$Lambda$509/1857731019@35a2346c] ERROR ratis.XceiverServerRatis (XceiverServerRatis.java:triggerPipelineClose(568)) - pipeline Action CLOSE  on pipeline PipelineID=1d43f9da-0d5f-41be-945d-473a3addddf6.Reason : 6effdead-13d1-41e6-a2f2-1b6cf88b37a4 has not seen follower/s 6721d19e-fad5-40c6-a99e-1f07fcc56c74 for 120151ms 9f3eeb55-1628-4544-b8a1-8f6a6bd18952 for 120143ms
2019-09-10 20:22:12,885 [org.apache.ratis.server.impl.LogAppender$AppenderDaemon$$Lambda$509/1857731019@4b841e10] ERROR ratis.XceiverServerRatis (XceiverServerRatis.java:triggerPipelineClose(568)) - pipeline Action CLOSE  on pipeline PipelineID=1d43f9da-0d5f-41be-945d-473a3addddf6.Reason : 6effdead-13d1-41e6-a2f2-1b6cf88b37a4 has not seen follower/s 6721d19e-fad5-40c6-a99e-1f07fcc56c74 for 120151ms 9f3eeb55-1628-4544-b8a1-8f6a6bd18952 for 120143ms
2019-09-10 20:22:12,922 [EventQueue-PipelineActionsForPipelineActionHandler] ERROR pipeline.PipelineActionHandler (PipelineActionHandler.java:onMessage(60)) - Received pipeline action CLOSE for Pipeline[ Id: 1d43f9da-0d5f-41be-945d-473a3addddf6, Nodes: 6721d19e-fad5-40c6-a99e-1f07fcc56c74{ip: 192.168.34.25, host: pr-hdds-2032-ffkjc-170187842, networkLocation: /default-rack, certSerialId: null}6effdead-13d1-41e6-a2f2-1b6cf88b37a4{ip: 192.168.34.25, host: pr-hdds-2032-ffkjc-170187842, networkLocation: /default-rack, certSerialId: null}9f3eeb55-1628-4544-b8a1-8f6a6bd18952{ip: 192.168.34.25, host: pr-hdds-2032-ffkjc-170187842, networkLocation: /default-rack, certSerialId: null}, Type:RATIS, Factor:THREE, State:OPEN] from datanode 6effdead-13d1-41e6-a2f2-1b6cf88b37a4{ip: 192.168.34.25, host: pr-hdds-2032-ffkjc-170187842, networkLocation: /default-rack, certSerialId: null}. Reason : 6effdead-13d1-41e6-a2f2-1b6cf88b37a4 has not seen follower/s 6721d19e-fad5-40c6-a99e-1f07fcc56c74 for 120151ms 9f3eeb55-1628-4544-b8a1-8f6a6bd18952 for 120143ms
2019-09-10 20:22:12,923 [EventQueue-PipelineActionsForPipelineActionHandler] INFO  pipeline.SCMPipelineManager (SCMPipelineManager.java:finalizeAndDestroyPipeline(311)) - destroying pipeline:Pipeline[ Id: 1d43f9da-0d5f-41be-945d-473a3addddf6, Nodes: 6721d19e-fad5-40c6-a99e-1f07fcc56c74{ip: 192.168.34.25, host: pr-hdds-2032-ffkjc-170187842, networkLocation: /default-rack, certSerialId: null}6effdead-13d1-41e6-a2f2-1b6cf88b37a4{ip: 192.168.34.25, host: pr-hdds-2032-ffkjc-170187842, networkLocation: /default-rack, certSerialId: null}9f3eeb55-1628-4544-b8a1-8f6a6bd18952{ip: 192.168.34.25, host: pr-hdds-2032-ffkjc-170187842, networkLocation: /default-rack, certSerialId: null}, Type:RATIS, Factor:THREE, State:OPEN]
2019-09-10 20:22:12,924 [EventQueue-PipelineActionsForPipelineActionHandler] INFO  pipeline.PipelineStateManager (PipelineStateManager.java:finalizePipeline(123)) - Pipeline Pipeline[ Id: 1d43f9da-0d5f-41be-945d-473a3addddf6, Nodes: 6721d19e-fad5-40c6-a99e-1f07fcc56c74{ip: 192.168.34.25, host: pr-hdds-2032-ffkjc-170187842, networkLocation: /default-rack, certSerialId: null}6effdead-13d1-41e6-a2f2-1b6cf88b37a4{ip: 192.168.34.25, host: pr-hdds-2032-ffkjc-170187842, networkLocation: /default-rack, certSerialId: null}9f3eeb55-1628-4544-b8a1-8f6a6bd18952{ip: 192.168.34.25, host: pr-hdds-2032-ffkjc-170187842, networkLocation: /default-rack, certSerialId: null}, Type:RATIS, Factor:THREE, State:CLOSED] moved to CLOSED state
2019-09-10 20:22:12,927 [EventQueue-CloseContainerForCloseContainerEventHandler] INFO  container.CloseContainerEventHandler (CloseContainerEventHandler.java:onMessage(61)) - Close container Event triggered for container : #1
2019-09-10 20:22:12,931 [EventQueue-CloseContainerForCloseContainerEventHandler] INFO  container.CloseContainerEventHandler (CloseContainerEventHandler.java:onMessage(61)) - Close container Event triggered for container : #2
2019-09-10 20:22:12,931 [EventQueue-CloseContainerForCloseContainerEventHandler] INFO  container.CloseContainerEventHandler (CloseContainerEventHandler.java:onMessage(61)) - Close container Event triggered for container : #3
2019-09-10 20:22:12,950 [6effdead-13d1-41e6-a2f2-1b6cf88b37a4@group-473A3ADDDDF6-SegmentedRaftLogWorker] WARN  segmented.SegmentedRaftLogWorker (SegmentedRaftLogWorker.java:getFromFuture(90)) - Timeout 11/~
org.apache.ratis.protocol.TimeoutIOException: Timeout 10s: WriteLog:19: (t:1, i:19), STATEMACHINELOGENTRY, client-2E8FF6204D1E, cid=18-writeStateMachineData
	at org.apache.ratis.util.IOUtils.getFromFuture(IOUtils.java:87)
	at org.apache.ratis.server.raftlog.segmented.SegmentedRaftLogWorker$StateMachineDataPolicy.getFromFuture(SegmentedRaftLogWorker.java:87)
	at org.apache.ratis.server.raftlog.segmented.SegmentedRaftLogWorker$WriteLog.execute(SegmentedRaftLogWorker.java:477)
	at org.apache.ratis.server.raftlog.segmented.SegmentedRaftLogWorker.run(SegmentedRaftLogWorker.java:289)
	at java.lang.Thread.run(Thread.java:748)
Caused by: java.util.concurrent.TimeoutException
	at java.util.concurrent.CompletableFuture.timedGet(CompletableFuture.java:1771)
	at java.util.concurrent.CompletableFuture.get(CompletableFuture.java:1915)
	at org.apache.ratis.util.IOUtils.getFromFuture(IOUtils.java:79)
	... 4 more
2019-09-10 20:22:12,968 [6721d19e-fad5-40c6-a99e-1f07fcc56c74@group-473A3ADDDDF6-SegmentedRaftLogWorker] WARN  segmented.SegmentedRaftLogWorker (SegmentedRaftLogWorker.java:getFromFuture(90)) - Timeout 11/~
org.apache.ratis.protocol.TimeoutIOException: Timeout 10s: WriteLog:19: (t:1, i:19), STATEMACHINELOGENTRY, client-2E8FF6204D1E, cid=18-writeStateMachineData
	at org.apache.ratis.util.IOUtils.getFromFuture(IOUtils.java:87)
	at org.apache.ratis.server.raftlog.segmented.SegmentedRaftLogWorker$StateMachineDataPolicy.getFromFuture(SegmentedRaftLogWorker.java:87)
	at org.apache.ratis.server.raftlog.segmented.SegmentedRaftLogWorker$WriteLog.execute(SegmentedRaftLogWorker.java:477)
	at org.apache.ratis.server.raftlog.segmented.SegmentedRaftLogWorker.run(SegmentedRaftLogWorker.java:289)
	at java.lang.Thread.run(Thread.java:748)
Caused by: java.util.concurrent.TimeoutException
	at java.util.concurrent.CompletableFuture.timedGet(CompletableFuture.java:1771)
	at java.util.concurrent.CompletableFuture.get(CompletableFuture.java:1915)
	at org.apache.ratis.util.IOUtils.getFromFuture(IOUtils.java:79)
	... 4 more
2019-09-10 20:22:12,969 [9f3eeb55-1628-4544-b8a1-8f6a6bd18952@group-473A3ADDDDF6-SegmentedRaftLogWorker] WARN  segmented.SegmentedRaftLogWorker (SegmentedRaftLogWorker.java:getFromFuture(90)) - Timeout 11/~
org.apache.ratis.protocol.TimeoutIOException: Timeout 10s: WriteLog:19: (t:1, i:19), STATEMACHINELOGENTRY, client-2E8FF6204D1E, cid=18-writeStateMachineData
	at org.apache.ratis.util.IOUtils.getFromFuture(IOUtils.java:87)
	at org.apache.ratis.server.raftlog.segmented.SegmentedRaftLogWorker$StateMachineDataPolicy.getFromFuture(SegmentedRaftLogWorker.java:87)
	at org.apache.ratis.server.raftlog.segmented.SegmentedRaftLogWorker$WriteLog.execute(SegmentedRaftLogWorker.java:477)
	at org.apache.ratis.server.raftlog.segmented.SegmentedRaftLogWorker.run(SegmentedRaftLogWorker.java:289)
	at java.lang.Thread.run(Thread.java:748)
Caused by: java.util.concurrent.TimeoutException
	at java.util.concurrent.CompletableFuture.timedGet(CompletableFuture.java:1771)
	at java.util.concurrent.CompletableFuture.get(CompletableFuture.java:1915)
	at org.apache.ratis.util.IOUtils.getFromFuture(IOUtils.java:79)
	... 4 more
 0.00% |█                                                                                                    |  0/1 Time: 0:02:062019-09-10 20:22:13,338 [java.util.concurrent.ThreadPoolExecutor$Worker@60cc4b5a[State = -1, empty queue]] WARN  server.GrpcLogAppender (GrpcLogAppender.java:timeoutAppendRequest(200)) - 6effdead-13d1-41e6-a2f2-1b6cf88b37a4@group-473A3ADDDDF6->6721d19e-fad5-40c6-a99e-1f07fcc56c74-GrpcLogAppender: appendEntries Timeout, request=6effdead-13d1-41e6-a2f2-1b6cf88b37a4->6721d19e-fad5-40c6-a99e-1f07fcc56c74#68-t1, previous=(t:1, i:20), leaderCommit=16, initializing? false, entries: <empty>
2019-09-10 20:22:13,338 [java.util.concurrent.ThreadPoolExecutor$Worker@1d3c1c77[State = -1, empty queue]] WARN  server.GrpcLogAppender (GrpcLogAppender.java:timeoutAppendRequest(200)) - 6effdead-13d1-41e6-a2f2-1b6cf88b37a4@group-473A3ADDDDF6->9f3eeb55-1628-4544-b8a1-8f6a6bd18952-GrpcLogAppender: appendEntries Timeout, request=6effdead-13d1-41e6-a2f2-1b6cf88b37a4->9f3eeb55-1628-4544-b8a1-8f6a6bd18952#68-t1, previous=(t:1, i:20), leaderCommit=16, initializing? false, entries: <empty>
 0.00% |█                                                                                                    |  0/1 Time: 0:02:072019-09-10 20:22:14,319 [grpc-default-executor-3] INFO  client.GrpcClientProtocolClient (GrpcClientProtocolClient.java:onNext(264)) - client-2E8FF6204D1E->6721d19e-fad5-40c6-a99e-1f07fcc56c74: receive RaftClientReply:client-2E8FF6204D1E->6721d19e-fad5-40c6-a99e-1f07fcc56c74@group-473A3ADDDDF6, cid=16, FAILED org.apache.ratis.protocol.NotLeaderException: Server 6721d19e-fad5-40c6-a99e-1f07fcc56c74@group-473A3ADDDDF6 is not the leader 6effdead-13d1-41e6-a2f2-1b6cf88b37a4:192.168.34.25:36480, logIndex=0, commits[6721d19e-fad5-40c6-a99e-1f07fcc56c74:c16, 6effdead-13d1-41e6-a2f2-1b6cf88b37a4:c16, 9f3eeb55-1628-4544-b8a1-8f6a6bd18952:c12]
 0.00% |█                                                                                                    |  0/1 Time: 0:02:082019-09-10 20:22:15,341 [org.apache.ratis.server.impl.LogAppender$AppenderDaemon$$Lambda$509/1857731019@4b841e10] ERROR ratis.XceiverServerRatis (XceiverServerRatis.java:triggerPipelineClose(568)) - pipeline Action CLOSE  on pipeline PipelineID=1d43f9da-0d5f-41be-945d-473a3addddf6.Reason : 6effdead-13d1-41e6-a2f2-1b6cf88b37a4 has not seen follower/s 6721d19e-fad5-40c6-a99e-1f07fcc56c74 for 122624ms 9f3eeb55-1628-4544-b8a1-8f6a6bd18952 for 122613ms
2019-09-10 20:22:15,341 [org.apache.ratis.server.impl.LogAppender$AppenderDaemon$$Lambda$509/1857731019@35a2346c] ERROR ratis.XceiverServerRatis (XceiverServerRatis.java:triggerPipelineClose(568)) - pipeline Action CLOSE  on pipeline PipelineID=1d43f9da-0d5f-41be-945d-473a3addddf6.Reason : 6effdead-13d1-41e6-a2f2-1b6cf88b37a4 has not seen follower/s 6721d19e-fad5-40c6-a99e-1f07fcc56c74 for 122624ms 9f3eeb55-1628-4544-b8a1-8f6a6bd18952 for 122613ms
2019-09-10 20:22:15,840 [java.util.concurrent.ThreadPoolExecutor$Worker@1d3c1c77[State = -1, empty queue]] WARN  server.GrpcLogAppender (GrpcLogAppender.java:timeoutAppendRequest(200)) - 6effdead-13d1-41e6-a2f2-1b6cf88b37a4@group-473A3ADDDDF6->9f3eeb55-1628-4544-b8a1-8f6a6bd18952-GrpcLogAppender: appendEntries Timeout, request=6effdead-13d1-41e6-a2f2-1b6cf88b37a4->9f3eeb55-1628-4544-b8a1-8f6a6bd18952#69-t1, previous=(t:1, i:20), leaderCommit=16, initializing? false, entries: <empty>
2019-09-10 20:22:15,840 [java.util.concurrent.ThreadPoolExecutor$Worker@60cc4b5a[State = -1, empty queue]] WARN  server.GrpcLogAppender (GrpcLogAppender.java:timeoutAppendRequest(200)) - 6effdead-13d1-41e6-a2f2-1b6cf88b37a4@group-473A3ADDDDF6->6721d19e-fad5-40c6-a99e-1f07fcc56c74-GrpcLogAppender: appendEntries Timeout, request=6effdead-13d1-41e6-a2f2-1b6cf88b37a4->6721d19e-fad5-40c6-a99e-1f07fcc56c74#69-t1, previous=(t:1, i:20), leaderCommit=16, initializing? false, entries: <empty>
2019-09-10 20:22:15,918 [EventQueue-PipelineActionsForPipelineActionHandler] ERROR pipeline.PipelineActionHandler (PipelineActionHandler.java:onMessage(60)) - Received pipeline action CLOSE for Pipeline[ Id: 1d43f9da-0d5f-41be-945d-473a3addddf6, Nodes: 6721d19e-fad5-40c6-a99e-1f07fcc56c74{ip: 192.168.34.25, host: pr-hdds-2032-ffkjc-170187842, networkLocation: /default-rack, certSerialId: null}6effdead-13d1-41e6-a2f2-1b6cf88b37a4{ip: 192.168.34.25, host: pr-hdds-2032-ffkjc-170187842, networkLocation: /default-rack, certSerialId: null}9f3eeb55-1628-4544-b8a1-8f6a6bd18952{ip: 192.168.34.25, host: pr-hdds-2032-ffkjc-170187842, networkLocation: /default-rack, certSerialId: null}, Type:RATIS, Factor:THREE, State:CLOSED] from datanode 6effdead-13d1-41e6-a2f2-1b6cf88b37a4{ip: 192.168.34.25, host: pr-hdds-2032-ffkjc-170187842, networkLocation: /default-rack, certSerialId: null}. Reason : 6effdead-13d1-41e6-a2f2-1b6cf88b37a4 has not seen follower/s 6721d19e-fad5-40c6-a99e-1f07fcc56c74 for 122624ms 9f3eeb55-1628-4544-b8a1-8f6a6bd18952 for 122613ms
2019-09-10 20:22:15,919 [EventQueue-PipelineActionsForPipelineActionHandler] INFO  pipeline.SCMPipelineManager (SCMPipelineManager.java:finalizeAndDestroyPipeline(311)) - destroying pipeline:Pipeline[ Id: 1d43f9da-0d5f-41be-945d-473a3addddf6, Nodes: 6721d19e-fad5-40c6-a99e-1f07fcc56c74{ip: 192.168.34.25, host: pr-hdds-2032-ffkjc-170187842, networkLocation: /default-rack, certSerialId: null}6effdead-13d1-41e6-a2f2-1b6cf88b37a4{ip: 192.168.34.25, host: pr-hdds-2032-ffkjc-170187842, networkLocation: /default-rack, certSerialId: null}9f3eeb55-1628-4544-b8a1-8f6a6bd18952{ip: 192.168.34.25, host: pr-hdds-2032-ffkjc-170187842, networkLocation: /default-rack, certSerialId: null}, Type:RATIS, Factor:THREE, State:CLOSED]
2019-09-10 20:22:15,956 [org.apache.ratis.server.impl.LogAppender$AppenderDaemon$$Lambda$509/1857731019@4b841e10] ERROR ratis.XceiverServerRatis (XceiverServerRatis.java:triggerPipelineClose(568)) - pipeline Action CLOSE  on pipeline PipelineID=1d43f9da-0d5f-41be-945d-473a3addddf6.Reason : 6effdead-13d1-41e6-a2f2-1b6cf88b37a4 has not seen follower/s 6721d19e-fad5-40c6-a99e-1f07fcc56c74 for 123239ms 9f3eeb55-1628-4544-b8a1-8f6a6bd18952 for 123227ms
2019-09-10 20:22:15,956 [org.apache.ratis.server.impl.LogAppender$AppenderDaemon$$Lambda$509/1857731019@35a2346c] ERROR ratis.XceiverServerRatis (XceiverServerRatis.java:triggerPipelineClose(568)) - pipeline Action CLOSE  on pipeline PipelineID=1d43f9da-0d5f-41be-945d-473a3addddf6.Reason : 6effdead-13d1-41e6-a2f2-1b6cf88b37a4 has not seen follower/s 6721d19e-fad5-40c6-a99e-1f07fcc56c74 for 123239ms 9f3eeb55-1628-4544-b8a1-8f6a6bd18952 for 123227ms
2019-09-10 20:22:15,974 [Command processor thread] ERROR commandhandler.CloseContainerCommandHandler (CloseContainerCommandHandler.java:handle(84)) - Container #3 does not exist in datanode. Container close failed.
2019-09-10 20:22:15,974 [Command processor thread] ERROR commandhandler.CloseContainerCommandHandler (CloseContainerCommandHandler.java:handle(84)) - Container #3 does not exist in datanode. Container close failed.
 0.00% |█                                                                                                    |  0/1 Time: 0:02:092019-09-10 20:22:16,952 [EventQueue-PipelineActionsForPipelineActionHandler] ERROR pipeline.PipelineActionHandler (PipelineActionHandler.java:onMessage(60)) - Received pipeline action CLOSE for Pipeline[ Id: 1d43f9da-0d5f-41be-945d-473a3addddf6, Nodes: 6721d19e-fad5-40c6-a99e-1f07fcc56c74{ip: 192.168.34.25, host: pr-hdds-2032-ffkjc-170187842, networkLocation: /default-rack, certSerialId: null}6effdead-13d1-41e6-a2f2-1b6cf88b37a4{ip: 192.168.34.25, host: pr-hdds-2032-ffkjc-170187842, networkLocation: /default-rack, certSerialId: null}9f3eeb55-1628-4544-b8a1-8f6a6bd18952{ip: 192.168.34.25, host: pr-hdds-2032-ffkjc-170187842, networkLocation: /default-rack, certSerialId: null}, Type:RATIS, Factor:THREE, State:CLOSED] from datanode 6effdead-13d1-41e6-a2f2-1b6cf88b37a4{ip: 192.168.34.25, host: pr-hdds-2032-ffkjc-170187842, networkLocation: /default-rack, certSerialId: null}. Reason : 6effdead-13d1-41e6-a2f2-1b6cf88b37a4 has not seen follower/s 6721d19e-fad5-40c6-a99e-1f07fcc56c74 for 123239ms 9f3eeb55-1628-4544-b8a1-8f6a6bd18952 for 123227ms
2019-09-10 20:22:16,952 [EventQueue-PipelineActionsForPipelineActionHandler] INFO  pipeline.SCMPipelineManager (SCMPipelineManager.java:finalizeAndDestroyPipeline(311)) - destroying pipeline:Pipeline[ Id: 1d43f9da-0d5f-41be-945d-473a3addddf6, Nodes: 6721d19e-fad5-40c6-a99e-1f07fcc56c74{ip: 192.168.34.25, host: pr-hdds-2032-ffkjc-170187842, networkLocation: /default-rack, certSerialId: null}6effdead-13d1-41e6-a2f2-1b6cf88b37a4{ip: 192.168.34.25, host: pr-hdds-2032-ffkjc-170187842, networkLocation: /default-rack, certSerialId: null}9f3eeb55-1628-4544-b8a1-8f6a6bd18952{ip: 192.168.34.25, host: pr-hdds-2032-ffkjc-170187842, networkLocation: /default-rack, certSerialId: null}, Type:RATIS, Factor:THREE, State:CLOSED]
 0.00% |█                                                                                                    |  0/1 Time: 0:02:10 0.00% |█                                                                                                    |  0/1 Time: 0:02:112019-09-10 20:22:18,341 [java.util.concurrent.ThreadPoolExecutor$Worker@60cc4b5a[State = -1, empty queue]] WARN  server.GrpcLogAppender (GrpcLogAppender.java:timeoutAppendRequest(200)) - 6effdead-13d1-41e6-a2f2-1b6cf88b37a4@group-473A3ADDDDF6->6721d19e-fad5-40c6-a99e-1f07fcc56c74-GrpcLogAppender: appendEntries Timeout, request=6effdead-13d1-41e6-a2f2-1b6cf88b37a4->6721d19e-fad5-40c6-a99e-1f07fcc56c74#70-t1, previous=(t:1, i:20), leaderCommit=16, initializing? false, entries: <empty>
2019-09-10 20:22:18,343 [java.util.concurrent.ThreadPoolExecutor$Worker@1d3c1c77[State = -1, empty queue]] WARN  server.GrpcLogAppender (GrpcLogAppender.java:timeoutAppendRequest(200)) - 6effdead-13d1-41e6-a2f2-1b6cf88b37a4@group-473A3ADDDDF6->9f3eeb55-1628-4544-b8a1-8f6a6bd18952-GrpcLogAppender: appendEntries Timeout, request=6effdead-13d1-41e6-a2f2-1b6cf88b37a4->9f3eeb55-1628-4544-b8a1-8f6a6bd18952#70-t1, previous=(t:1, i:20), leaderCommit=16, initializing? false, entries: <empty>
2019-09-10 20:22:18,456 [org.apache.ratis.server.impl.LogAppender$AppenderDaemon$$Lambda$509/1857731019@4b841e10] ERROR ratis.XceiverServerRatis (XceiverServerRatis.java:triggerPipelineClose(568)) - pipeline Action CLOSE  on pipeline PipelineID=1d43f9da-0d5f-41be-945d-473a3addddf6.Reason : 6effdead-13d1-41e6-a2f2-1b6cf88b37a4 has not seen follower/s 6721d19e-fad5-40c6-a99e-1f07fcc56c74 for 125739ms 9f3eeb55-1628-4544-b8a1-8f6a6bd18952 for 125728ms
2019-09-10 20:22:18,457 [org.apache.ratis.server.impl.LogAppender$AppenderDaemon$$Lambda$509/1857731019@35a2346c] ERROR ratis.XceiverServerRatis (XceiverServerRatis.java:triggerPipelineClose(568)) - pipeline Action CLOSE  on pipeline PipelineID=1d43f9da-0d5f-41be-945d-473a3addddf6.Reason : 6effdead-13d1-41e6-a2f2-1b6cf88b37a4 has not seen follower/s 6721d19e-fad5-40c6-a99e-1f07fcc56c74 for 125740ms 9f3eeb55-1628-4544-b8a1-8f6a6bd18952 for 125729ms
2019-09-10 20:22:18,953 [EventQueue-PipelineActionsForPipelineActionHandler] ERROR pipeline.PipelineActionHandler (PipelineActionHandler.java:onMessage(60)) - Received pipeline action CLOSE for Pipeline[ Id: 1d43f9da-0d5f-41be-945d-473a3addddf6, Nodes: 6721d19e-fad5-40c6-a99e-1f07fcc56c74{ip: 192.168.34.25, host: pr-hdds-2032-ffkjc-170187842, networkLocation: /default-rack, certSerialId: null}6effdead-13d1-41e6-a2f2-1b6cf88b37a4{ip: 192.168.34.25, host: pr-hdds-2032-ffkjc-170187842, networkLocation: /default-rack, certSerialId: null}9f3eeb55-1628-4544-b8a1-8f6a6bd18952{ip: 192.168.34.25, host: pr-hdds-2032-ffkjc-170187842, networkLocation: /default-rack, certSerialId: null}, Type:RATIS, Factor:THREE, State:CLOSED] from datanode 6effdead-13d1-41e6-a2f2-1b6cf88b37a4{ip: 192.168.34.25, host: pr-hdds-2032-ffkjc-170187842, networkLocation: /default-rack, certSerialId: null}. Reason : 6effdead-13d1-41e6-a2f2-1b6cf88b37a4 has not seen follower/s 6721d19e-fad5-40c6-a99e-1f07fcc56c74 for 125739ms 9f3eeb55-1628-4544-b8a1-8f6a6bd18952 for 125728ms
2019-09-10 20:22:18,953 [EventQueue-PipelineActionsForPipelineActionHandler] INFO  pipeline.SCMPipelineManager (SCMPipelineManager.java:finalizeAndDestroyPipeline(311)) - destroying pipeline:Pipeline[ Id: 1d43f9da-0d5f-41be-945d-473a3addddf6, Nodes: 6721d19e-fad5-40c6-a99e-1f07fcc56c74{ip: 192.168.34.25, host: pr-hdds-2032-ffkjc-170187842, networkLocation: /default-rack, certSerialId: null}6effdead-13d1-41e6-a2f2-1b6cf88b37a4{ip: 192.168.34.25, host: pr-hdds-2032-ffkjc-170187842, networkLocation: /default-rack, certSerialId: null}9f3eeb55-1628-4544-b8a1-8f6a6bd18952{ip: 192.168.34.25, host: pr-hdds-2032-ffkjc-170187842, networkLocation: /default-rack, certSerialId: null}, Type:RATIS, Factor:THREE, State:CLOSED]
2019-09-10 20:22:18,956 [java.util.concurrent.ThreadPoolExecutor$Worker@1d3c1c77[State = -1, empty queue]] WARN  server.GrpcLogAppender (GrpcLogAppender.java:timeoutAppendRequest(200)) - 6effdead-13d1-41e6-a2f2-1b6cf88b37a4@group-473A3ADDDDF6->9f3eeb55-1628-4544-b8a1-8f6a6bd18952-GrpcLogAppender: appendEntries Timeout, request=6effdead-13d1-41e6-a2f2-1b6cf88b37a4->9f3eeb55-1628-4544-b8a1-8f6a6bd18952#71-t1, previous=(t:1, i:20), leaderCommit=16, initializing? false, entries: size=1, first=(t:1, i:21), STATEMACHINELOGENTRY, client-D017C4F8CB9A, cid=2
2019-09-10 20:22:18,958 [java.util.concurrent.ThreadPoolExecutor$Worker@60cc4b5a[State = -1, empty queue]] WARN  server.GrpcLogAppender (GrpcLogAppender.java:timeoutAppendRequest(200)) - 6effdead-13d1-41e6-a2f2-1b6cf88b37a4@group-473A3ADDDDF6->6721d19e-fad5-40c6-a99e-1f07fcc56c74-GrpcLogAppender: appendEntries Timeout, request=6effdead-13d1-41e6-a2f2-1b6cf88b37a4->6721d19e-fad5-40c6-a99e-1f07fcc56c74#71-t1, previous=(t:1, i:20), leaderCommit=16, initializing? false, entries: size=1, first=(t:1, i:21), STATEMACHINELOGENTRY, client-D017C4F8CB9A, cid=2
 0.00% |█                                                                                                    |  0/1 Time: 0:02:122019-09-10 20:22:19,370 [grpc-default-executor-3] INFO  client.GrpcClientProtocolClient (GrpcClientProtocolClient.java:onNext(264)) - client-2E8FF6204D1E->9f3eeb55-1628-4544-b8a1-8f6a6bd18952: receive RaftClientReply:client-2E8FF6204D1E->9f3eeb55-1628-4544-b8a1-8f6a6bd18952@group-473A3ADDDDF6, cid=16, FAILED org.apache.ratis.protocol.NotLeaderException: Server 9f3eeb55-1628-4544-b8a1-8f6a6bd18952@group-473A3ADDDDF6 is not the leader 6effdead-13d1-41e6-a2f2-1b6cf88b37a4:192.168.34.25:36480, logIndex=0, commits[9f3eeb55-1628-4544-b8a1-8f6a6bd18952:c16, 6721d19e-fad5-40c6-a99e-1f07fcc56c74:c12, 6effdead-13d1-41e6-a2f2-1b6cf88b37a4:c16]
 0.00% |█                                                                                                    |  0/1 Time: 0:02:132019-09-10 20:22:20,959 [org.apache.ratis.server.impl.LogAppender$AppenderDaemon$$Lambda$509/1857731019@4b841e10] ERROR ratis.XceiverServerRatis (XceiverServerRatis.java:triggerPipelineClose(568)) - pipeline Action CLOSE  on pipeline PipelineID=1d43f9da-0d5f-41be-945d-473a3addddf6.Reason : 6effdead-13d1-41e6-a2f2-1b6cf88b37a4 has not seen follower/s 6721d19e-fad5-40c6-a99e-1f07fcc56c74 for 128242ms 9f3eeb55-1628-4544-b8a1-8f6a6bd18952 for 128231ms
2019-09-10 20:22:20,959 [org.apache.ratis.server.impl.LogAppender$AppenderDaemon$$Lambda$509/1857731019@35a2346c] ERROR ratis.XceiverServerRatis (XceiverServerRatis.java:triggerPipelineClose(568)) - pipeline Action CLOSE  on pipeline PipelineID=1d43f9da-0d5f-41be-945d-473a3addddf6.Reason : 6effdead-13d1-41e6-a2f2-1b6cf88b37a4 has not seen follower/s 6721d19e-fad5-40c6-a99e-1f07fcc56c74 for 128242ms 9f3eeb55-1628-4544-b8a1-8f6a6bd18952 for 128231ms
 0.00% |█                                                                                                    |  0/1 Time: 0:02:142019-09-10 20:22:21,457 [java.util.concurrent.ThreadPoolExecutor$Worker@60cc4b5a[State = -1, empty queue]] WARN  server.GrpcLogAppender (GrpcLogAppender.java:timeoutAppendRequest(200)) - 6effdead-13d1-41e6-a2f2-1b6cf88b37a4@group-473A3ADDDDF6->6721d19e-fad5-40c6-a99e-1f07fcc56c74-GrpcLogAppender: appendEntries Timeout, request=6effdead-13d1-41e6-a2f2-1b6cf88b37a4->6721d19e-fad5-40c6-a99e-1f07fcc56c74#72-t1, previous=(t:1, i:21), leaderCommit=16, initializing? false, entries: <empty>
2019-09-10 20:22:21,457 [java.util.concurrent.ThreadPoolExecutor$Worker@1d3c1c77[State = -1, empty queue]] WARN  server.GrpcLogAppender (GrpcLogAppender.java:timeoutAppendRequest(200)) - 6effdead-13d1-41e6-a2f2-1b6cf88b37a4@group-473A3ADDDDF6->9f3eeb55-1628-4544-b8a1-8f6a6bd18952-GrpcLogAppender: appendEntries Timeout, request=6effdead-13d1-41e6-a2f2-1b6cf88b37a4->9f3eeb55-1628-4544-b8a1-8f6a6bd18952#72-t1, previous=(t:1, i:21), leaderCommit=16, initializing? false, entries: <empty>
2019-09-10 20:22:21,957 [EventQueue-PipelineActionsForPipelineActionHandler] ERROR pipeline.PipelineActionHandler (PipelineActionHandler.java:onMessage(60)) - Received pipeline action CLOSE for Pipeline[ Id: 1d43f9da-0d5f-41be-945d-473a3addddf6, Nodes: 6721d19e-fad5-40c6-a99e-1f07fcc56c74{ip: 192.168.34.25, host: pr-hdds-2032-ffkjc-170187842, networkLocation: /default-rack, certSerialId: null}6effdead-13d1-41e6-a2f2-1b6cf88b37a4{ip: 192.168.34.25, host: pr-hdds-2032-ffkjc-170187842, networkLocation: /default-rack, certSerialId: null}9f3eeb55-1628-4544-b8a1-8f6a6bd18952{ip: 192.168.34.25, host: pr-hdds-2032-ffkjc-170187842, networkLocation: /default-rack, certSerialId: null}, Type:RATIS, Factor:THREE, State:CLOSED] from datanode 6effdead-13d1-41e6-a2f2-1b6cf88b37a4{ip: 192.168.34.25, host: pr-hdds-2032-ffkjc-170187842, networkLocation: /default-rack, certSerialId: null}. Reason : 6effdead-13d1-41e6-a2f2-1b6cf88b37a4 has not seen follower/s 6721d19e-fad5-40c6-a99e-1f07fcc56c74 for 128242ms 9f3eeb55-1628-4544-b8a1-8f6a6bd18952 for 128231ms
2019-09-10 20:22:21,958 [EventQueue-PipelineActionsForPipelineActionHandler] INFO  pipeline.SCMPipelineManager (SCMPipelineManager.java:finalizeAndDestroyPipeline(311)) - destroying pipeline:Pipeline[ Id: 1d43f9da-0d5f-41be-945d-473a3addddf6, Nodes: 6721d19e-fad5-40c6-a99e-1f07fcc56c74{ip: 192.168.34.25, host: pr-hdds-2032-ffkjc-170187842, networkLocation: /default-rack, certSerialId: null}6effdead-13d1-41e6-a2f2-1b6cf88b37a4{ip: 192.168.34.25, host: pr-hdds-2032-ffkjc-170187842, networkLocation: /default-rack, certSerialId: null}9f3eeb55-1628-4544-b8a1-8f6a6bd18952{ip: 192.168.34.25, host: pr-hdds-2032-ffkjc-170187842, networkLocation: /default-rack, certSerialId: null}, Type:RATIS, Factor:THREE, State:CLOSED]
 0.00% |█                                                                                                    |  0/1 Time: 0:02:152019-09-10 20:22:22,953 [6effdead-13d1-41e6-a2f2-1b6cf88b37a4@group-473A3ADDDDF6-SegmentedRaftLogWorker] WARN  segmented.SegmentedRaftLogWorker (SegmentedRaftLogWorker.java:getFromFuture(90)) - Timeout 12/~
org.apache.ratis.protocol.TimeoutIOException: Timeout 10s: WriteLog:19: (t:1, i:19), STATEMACHINELOGENTRY, client-2E8FF6204D1E, cid=18-writeStateMachineData
	at org.apache.ratis.util.IOUtils.getFromFuture(IOUtils.java:87)
	at org.apache.ratis.server.raftlog.segmented.SegmentedRaftLogWorker$StateMachineDataPolicy.getFromFuture(SegmentedRaftLogWorker.java:87)
	at org.apache.ratis.server.raftlog.segmented.SegmentedRaftLogWorker$WriteLog.execute(SegmentedRaftLogWorker.java:477)
	at org.apache.ratis.server.raftlog.segmented.SegmentedRaftLogWorker.run(SegmentedRaftLogWorker.java:289)
	at java.lang.Thread.run(Thread.java:748)
Caused by: java.util.concurrent.TimeoutException
	at java.util.concurrent.CompletableFuture.timedGet(CompletableFuture.java:1771)
	at java.util.concurrent.CompletableFuture.get(CompletableFuture.java:1915)
	at org.apache.ratis.util.IOUtils.getFromFuture(IOUtils.java:79)
	... 4 more
2019-09-10 20:22:22,969 [6721d19e-fad5-40c6-a99e-1f07fcc56c74@group-473A3ADDDDF6-SegmentedRaftLogWorker] WARN  segmented.SegmentedRaftLogWorker (SegmentedRaftLogWorker.java:getFromFuture(90)) - Timeout 12/~
org.apache.ratis.protocol.TimeoutIOException: Timeout 10s: WriteLog:19: (t:1, i:19), STATEMACHINELOGENTRY, client-2E8FF6204D1E, cid=18-writeStateMachineData
	at org.apache.ratis.util.IOUtils.getFromFuture(IOUtils.java:87)
	at org.apache.ratis.server.raftlog.segmented.SegmentedRaftLogWorker$StateMachineDataPolicy.getFromFuture(SegmentedRaftLogWorker.java:87)
	at org.apache.ratis.server.raftlog.segmented.SegmentedRaftLogWorker$WriteLog.execute(SegmentedRaftLogWorker.java:477)
	at org.apache.ratis.server.raftlog.segmented.SegmentedRaftLogWorker.run(SegmentedRaftLogWorker.java:289)
	at java.lang.Thread.run(Thread.java:748)
Caused by: java.util.concurrent.TimeoutException
	at java.util.concurrent.CompletableFuture.timedGet(CompletableFuture.java:1771)
	at java.util.concurrent.CompletableFuture.get(CompletableFuture.java:1915)
	at org.apache.ratis.util.IOUtils.getFromFuture(IOUtils.java:79)
	... 4 more
2019-09-10 20:22:22,971 [9f3eeb55-1628-4544-b8a1-8f6a6bd18952@group-473A3ADDDDF6-SegmentedRaftLogWorker] WARN  segmented.SegmentedRaftLogWorker (SegmentedRaftLogWorker.java:getFromFuture(90)) - Timeout 12/~
org.apache.ratis.protocol.TimeoutIOException: Timeout 10s: WriteLog:19: (t:1, i:19), STATEMACHINELOGENTRY, client-2E8FF6204D1E, cid=18-writeStateMachineData
	at org.apache.ratis.util.IOUtils.getFromFuture(IOUtils.java:87)
	at org.apache.ratis.server.raftlog.segmented.SegmentedRaftLogWorker$StateMachineDataPolicy.getFromFuture(SegmentedRaftLogWorker.java:87)
	at org.apache.ratis.server.raftlog.segmented.SegmentedRaftLogWorker$WriteLog.execute(SegmentedRaftLogWorker.java:477)
	at org.apache.ratis.server.raftlog.segmented.SegmentedRaftLogWorker.run(SegmentedRaftLogWorker.java:289)
	at java.lang.Thread.run(Thread.java:748)
Caused by: java.util.concurrent.TimeoutException
	at java.util.concurrent.CompletableFuture.timedGet(CompletableFuture.java:1771)
	at java.util.concurrent.CompletableFuture.get(CompletableFuture.java:1915)
	at org.apache.ratis.util.IOUtils.getFromFuture(IOUtils.java:79)
	... 4 more
 0.00% |█                                                                                                    |  0/1 Time: 0:02:162019-09-10 20:22:23,460 [org.apache.ratis.server.impl.LogAppender$AppenderDaemon$$Lambda$509/1857731019@35a2346c] ERROR ratis.XceiverServerRatis (XceiverServerRatis.java:triggerPipelineClose(568)) - pipeline Action CLOSE  on pipeline PipelineID=1d43f9da-0d5f-41be-945d-473a3addddf6.Reason : 6effdead-13d1-41e6-a2f2-1b6cf88b37a4 has not seen follower/s 6721d19e-fad5-40c6-a99e-1f07fcc56c74 for 130743ms 9f3eeb55-1628-4544-b8a1-8f6a6bd18952 for 130732ms
2019-09-10 20:22:23,460 [org.apache.ratis.server.impl.LogAppender$AppenderDaemon$$Lambda$509/1857731019@4b841e10] ERROR ratis.XceiverServerRatis (XceiverServerRatis.java:triggerPipelineClose(568)) - pipeline Action CLOSE  on pipeline PipelineID=1d43f9da-0d5f-41be-945d-473a3addddf6.Reason : 6effdead-13d1-41e6-a2f2-1b6cf88b37a4 has not seen follower/s 6721d19e-fad5-40c6-a99e-1f07fcc56c74 for 130743ms 9f3eeb55-1628-4544-b8a1-8f6a6bd18952 for 130732ms
2019-09-10 20:22:23,954 [EventQueue-PipelineActionsForPipelineActionHandler] ERROR pipeline.PipelineActionHandler (PipelineActionHandler.java:onMessage(60)) - Received pipeline action CLOSE for Pipeline[ Id: 1d43f9da-0d5f-41be-945d-473a3addddf6, Nodes: 6721d19e-fad5-40c6-a99e-1f07fcc56c74{ip: 192.168.34.25, host: pr-hdds-2032-ffkjc-170187842, networkLocation: /default-rack, certSerialId: null}6effdead-13d1-41e6-a2f2-1b6cf88b37a4{ip: 192.168.34.25, host: pr-hdds-2032-ffkjc-170187842, networkLocation: /default-rack, certSerialId: null}9f3eeb55-1628-4544-b8a1-8f6a6bd18952{ip: 192.168.34.25, host: pr-hdds-2032-ffkjc-170187842, networkLocation: /default-rack, certSerialId: null}, Type:RATIS, Factor:THREE, State:CLOSED] from datanode 6effdead-13d1-41e6-a2f2-1b6cf88b37a4{ip: 192.168.34.25, host: pr-hdds-2032-ffkjc-170187842, networkLocation: /default-rack, certSerialId: null}. Reason : 6effdead-13d1-41e6-a2f2-1b6cf88b37a4 has not seen follower/s 6721d19e-fad5-40c6-a99e-1f07fcc56c74 for 130743ms 9f3eeb55-1628-4544-b8a1-8f6a6bd18952 for 130732ms
2019-09-10 20:22:23,955 [EventQueue-PipelineActionsForPipelineActionHandler] INFO  pipeline.SCMPipelineManager (SCMPipelineManager.java:finalizeAndDestroyPipeline(311)) - destroying pipeline:Pipeline[ Id: 1d43f9da-0d5f-41be-945d-473a3addddf6, Nodes: 6721d19e-fad5-40c6-a99e-1f07fcc56c74{ip: 192.168.34.25, host: pr-hdds-2032-ffkjc-170187842, networkLocation: /default-rack, certSerialId: null}6effdead-13d1-41e6-a2f2-1b6cf88b37a4{ip: 192.168.34.25, host: pr-hdds-2032-ffkjc-170187842, networkLocation: /default-rack, certSerialId: null}9f3eeb55-1628-4544-b8a1-8f6a6bd18952{ip: 192.168.34.25, host: pr-hdds-2032-ffkjc-170187842, networkLocation: /default-rack, certSerialId: null}, Type:RATIS, Factor:THREE, State:CLOSED]
2019-09-10 20:22:23,959 [java.util.concurrent.ThreadPoolExecutor$Worker@1d3c1c77[State = -1, empty queue]] WARN  server.GrpcLogAppender (GrpcLogAppender.java:timeoutAppendRequest(200)) - 6effdead-13d1-41e6-a2f2-1b6cf88b37a4@group-473A3ADDDDF6->9f3eeb55-1628-4544-b8a1-8f6a6bd18952-GrpcLogAppender: appendEntries Timeout, request=6effdead-13d1-41e6-a2f2-1b6cf88b37a4->9f3eeb55-1628-4544-b8a1-8f6a6bd18952#73-t1, previous=(t:1, i:21), leaderCommit=16, initializing? false, entries: <empty>
2019-09-10 20:22:23,959 [java.util.concurrent.ThreadPoolExecutor$Worker@60cc4b5a[State = -1, empty queue]] WARN  server.GrpcLogAppender (GrpcLogAppender.java:timeoutAppendRequest(200)) - 6effdead-13d1-41e6-a2f2-1b6cf88b37a4@group-473A3ADDDDF6->6721d19e-fad5-40c6-a99e-1f07fcc56c74-GrpcLogAppender: appendEntries Timeout, request=6effdead-13d1-41e6-a2f2-1b6cf88b37a4->6721d19e-fad5-40c6-a99e-1f07fcc56c74#73-t1, previous=(t:1, i:21), leaderCommit=16, initializing? false, entries: <empty>
 0.00% |█                                                                                                    |  0/1 Time: 0:02:172019-09-10 20:22:24,452 [grpc-default-executor-0] INFO  client.GrpcClientProtocolClient (GrpcClientProtocolClient.java:onNext(264)) - client-2E8FF6204D1E->6721d19e-fad5-40c6-a99e-1f07fcc56c74: receive RaftClientReply:client-2E8FF6204D1E->6721d19e-fad5-40c6-a99e-1f07fcc56c74@group-473A3ADDDDF6, cid=16, FAILED org.apache.ratis.protocol.NotLeaderException: Server 6721d19e-fad5-40c6-a99e-1f07fcc56c74@group-473A3ADDDDF6 is not the leader 6effdead-13d1-41e6-a2f2-1b6cf88b37a4:192.168.34.25:36480, logIndex=0, commits[6721d19e-fad5-40c6-a99e-1f07fcc56c74:c16, 6effdead-13d1-41e6-a2f2-1b6cf88b37a4:c16, 9f3eeb55-1628-4544-b8a1-8f6a6bd18952:c12]
 0.00% |█                                                                                                    |  0/1 Time: 0:02:182019-09-10 20:22:25,962 [org.apache.ratis.server.impl.LogAppender$AppenderDaemon$$Lambda$509/1857731019@4b841e10] ERROR ratis.XceiverServerRatis (XceiverServerRatis.java:triggerPipelineClose(568)) - pipeline Action CLOSE  on pipeline PipelineID=1d43f9da-0d5f-41be-945d-473a3addddf6.Reason : 6effdead-13d1-41e6-a2f2-1b6cf88b37a4 has not seen follower/s 6721d19e-fad5-40c6-a99e-1f07fcc56c74 for 133245ms 9f3eeb55-1628-4544-b8a1-8f6a6bd18952 for 133234ms
2019-09-10 20:22:25,962 [org.apache.ratis.server.impl.LogAppender$AppenderDaemon$$Lambda$509/1857731019@35a2346c] ERROR ratis.XceiverServerRatis (XceiverServerRatis.java:triggerPipelineClose(568)) - pipeline Action CLOSE  on pipeline PipelineID=1d43f9da-0d5f-41be-945d-473a3addddf6.Reason : 6effdead-13d1-41e6-a2f2-1b6cf88b37a4 has not seen follower/s 6721d19e-fad5-40c6-a99e-1f07fcc56c74 for 133245ms 9f3eeb55-1628-4544-b8a1-8f6a6bd18952 for 133234ms
 0.00% |█                                                                                                    |  0/1 Time: 0:02:192019-09-10 20:22:26,460 [java.util.concurrent.ThreadPoolExecutor$Worker@1d3c1c77[State = -1, empty queue]] WARN  server.GrpcLogAppender (GrpcLogAppender.java:timeoutAppendRequest(200)) - 6effdead-13d1-41e6-a2f2-1b6cf88b37a4@group-473A3ADDDDF6->9f3eeb55-1628-4544-b8a1-8f6a6bd18952-GrpcLogAppender: appendEntries Timeout, request=6effdead-13d1-41e6-a2f2-1b6cf88b37a4->9f3eeb55-1628-4544-b8a1-8f6a6bd18952#74-t1, previous=(t:1, i:21), leaderCommit=16, initializing? false, entries: <empty>
2019-09-10 20:22:26,460 [java.util.concurrent.ThreadPoolExecutor$Worker@60cc4b5a[State = -1, empty queue]] WARN  server.GrpcLogAppender (GrpcLogAppender.java:timeoutAppendRequest(200)) - 6effdead-13d1-41e6-a2f2-1b6cf88b37a4@group-473A3ADDDDF6->6721d19e-fad5-40c6-a99e-1f07fcc56c74-GrpcLogAppender: appendEntries Timeout, request=6effdead-13d1-41e6-a2f2-1b6cf88b37a4->6721d19e-fad5-40c6-a99e-1f07fcc56c74#74-t1, previous=(t:1, i:21), leaderCommit=16, initializing? false, entries: <empty>
2019-09-10 20:22:26,954 [EventQueue-PipelineActionsForPipelineActionHandler] ERROR pipeline.PipelineActionHandler (PipelineActionHandler.java:onMessage(60)) - Received pipeline action CLOSE for Pipeline[ Id: 1d43f9da-0d5f-41be-945d-473a3addddf6, Nodes: 6721d19e-fad5-40c6-a99e-1f07fcc56c74{ip: 192.168.34.25, host: pr-hdds-2032-ffkjc-170187842, networkLocation: /default-rack, certSerialId: null}6effdead-13d1-41e6-a2f2-1b6cf88b37a4{ip: 192.168.34.25, host: pr-hdds-2032-ffkjc-170187842, networkLocation: /default-rack, certSerialId: null}9f3eeb55-1628-4544-b8a1-8f6a6bd18952{ip: 192.168.34.25, host: pr-hdds-2032-ffkjc-170187842, networkLocation: /default-rack, certSerialId: null}, Type:RATIS, Factor:THREE, State:CLOSED] from datanode 6effdead-13d1-41e6-a2f2-1b6cf88b37a4{ip: 192.168.34.25, host: pr-hdds-2032-ffkjc-170187842, networkLocation: /default-rack, certSerialId: null}. Reason : 6effdead-13d1-41e6-a2f2-1b6cf88b37a4 has not seen follower/s 6721d19e-fad5-40c6-a99e-1f07fcc56c74 for 133245ms 9f3eeb55-1628-4544-b8a1-8f6a6bd18952 for 133234ms
2019-09-10 20:22:26,954 [EventQueue-PipelineActionsForPipelineActionHandler] INFO  pipeline.SCMPipelineManager (SCMPipelineManager.java:finalizeAndDestroyPipeline(311)) - destroying pipeline:Pipeline[ Id: 1d43f9da-0d5f-41be-945d-473a3addddf6, Nodes: 6721d19e-fad5-40c6-a99e-1f07fcc56c74{ip: 192.168.34.25, host: pr-hdds-2032-ffkjc-170187842, networkLocation: /default-rack, certSerialId: null}6effdead-13d1-41e6-a2f2-1b6cf88b37a4{ip: 192.168.34.25, host: pr-hdds-2032-ffkjc-170187842, networkLocation: /default-rack, certSerialId: null}9f3eeb55-1628-4544-b8a1-8f6a6bd18952{ip: 192.168.34.25, host: pr-hdds-2032-ffkjc-170187842, networkLocation: /default-rack, certSerialId: null}, Type:RATIS, Factor:THREE, State:CLOSED]
 0.00% |█                                                                                                    |  0/1 Time: 0:02:20 0.00% |█                                                                                                    |  0/1 Time: 0:02:212019-09-10 20:22:28,464 [org.apache.ratis.server.impl.LogAppender$AppenderDaemon$$Lambda$509/1857731019@35a2346c] ERROR ratis.XceiverServerRatis (XceiverServerRatis.java:triggerPipelineClose(568)) - pipeline Action CLOSE  on pipeline PipelineID=1d43f9da-0d5f-41be-945d-473a3addddf6.Reason : 6effdead-13d1-41e6-a2f2-1b6cf88b37a4 has not seen follower/s 6721d19e-fad5-40c6-a99e-1f07fcc56c74 for 135747ms 9f3eeb55-1628-4544-b8a1-8f6a6bd18952 for 135736ms
2019-09-10 20:22:28,464 [org.apache.ratis.server.impl.LogAppender$AppenderDaemon$$Lambda$509/1857731019@4b841e10] ERROR ratis.XceiverServerRatis (XceiverServerRatis.java:triggerPipelineClose(568)) - pipeline Action CLOSE  on pipeline PipelineID=1d43f9da-0d5f-41be-945d-473a3addddf6.Reason : 6effdead-13d1-41e6-a2f2-1b6cf88b37a4 has not seen follower/s 6721d19e-fad5-40c6-a99e-1f07fcc56c74 for 135747ms 9f3eeb55-1628-4544-b8a1-8f6a6bd18952 for 135736ms
2019-09-10 20:22:28,954 [EventQueue-PipelineActionsForPipelineActionHandler] ERROR pipeline.PipelineActionHandler (PipelineActionHandler.java:onMessage(60)) - Received pipeline action CLOSE for Pipeline[ Id: 1d43f9da-0d5f-41be-945d-473a3addddf6, Nodes: 6721d19e-fad5-40c6-a99e-1f07fcc56c74{ip: 192.168.34.25, host: pr-hdds-2032-ffkjc-170187842, networkLocation: /default-rack, certSerialId: null}6effdead-13d1-41e6-a2f2-1b6cf88b37a4{ip: 192.168.34.25, host: pr-hdds-2032-ffkjc-170187842, networkLocation: /default-rack, certSerialId: null}9f3eeb55-1628-4544-b8a1-8f6a6bd18952{ip: 192.168.34.25, host: pr-hdds-2032-ffkjc-170187842, networkLocation: /default-rack, certSerialId: null}, Type:RATIS, Factor:THREE, State:CLOSED] from datanode 6effdead-13d1-41e6-a2f2-1b6cf88b37a4{ip: 192.168.34.25, host: pr-hdds-2032-ffkjc-170187842, networkLocation: /default-rack, certSerialId: null}. Reason : 6effdead-13d1-41e6-a2f2-1b6cf88b37a4 has not seen follower/s 6721d19e-fad5-40c6-a99e-1f07fcc56c74 for 135747ms 9f3eeb55-1628-4544-b8a1-8f6a6bd18952 for 135736ms
2019-09-10 20:22:28,954 [EventQueue-PipelineActionsForPipelineActionHandler] INFO  pipeline.SCMPipelineManager (SCMPipelineManager.java:finalizeAndDestroyPipeline(311)) - destroying pipeline:Pipeline[ Id: 1d43f9da-0d5f-41be-945d-473a3addddf6, Nodes: 6721d19e-fad5-40c6-a99e-1f07fcc56c74{ip: 192.168.34.25, host: pr-hdds-2032-ffkjc-170187842, networkLocation: /default-rack, certSerialId: null}6effdead-13d1-41e6-a2f2-1b6cf88b37a4{ip: 192.168.34.25, host: pr-hdds-2032-ffkjc-170187842, networkLocation: /default-rack, certSerialId: null}9f3eeb55-1628-4544-b8a1-8f6a6bd18952{ip: 192.168.34.25, host: pr-hdds-2032-ffkjc-170187842, networkLocation: /default-rack, certSerialId: null}, Type:RATIS, Factor:THREE, State:CLOSED]
2019-09-10 20:22:28,962 [java.util.concurrent.ThreadPoolExecutor$Worker@60cc4b5a[State = -1, empty queue]] WARN  server.GrpcLogAppender (GrpcLogAppender.java:timeoutAppendRequest(200)) - 6effdead-13d1-41e6-a2f2-1b6cf88b37a4@group-473A3ADDDDF6->6721d19e-fad5-40c6-a99e-1f07fcc56c74-GrpcLogAppender: appendEntries Timeout, request=6effdead-13d1-41e6-a2f2-1b6cf88b37a4->6721d19e-fad5-40c6-a99e-1f07fcc56c74#75-t1, previous=(t:1, i:21), leaderCommit=16, initializing? false, entries: <empty>
2019-09-10 20:22:28,962 [java.util.concurrent.ThreadPoolExecutor$Worker@1d3c1c77[State = -1, empty queue]] WARN  server.GrpcLogAppender (GrpcLogAppender.java:timeoutAppendRequest(200)) - 6effdead-13d1-41e6-a2f2-1b6cf88b37a4@group-473A3ADDDDF6->9f3eeb55-1628-4544-b8a1-8f6a6bd18952-GrpcLogAppender: appendEntries Timeout, request=6effdead-13d1-41e6-a2f2-1b6cf88b37a4->9f3eeb55-1628-4544-b8a1-8f6a6bd18952#75-t1, previous=(t:1, i:21), leaderCommit=16, initializing? false, entries: <empty>
 0.00% |█                                                                                                    |  0/1 Time: 0:02:222019-09-10 20:22:29,498 [grpc-default-executor-3] INFO  client.GrpcClientProtocolClient (GrpcClientProtocolClient.java:onNext(264)) - client-2E8FF6204D1E->6721d19e-fad5-40c6-a99e-1f07fcc56c74: receive RaftClientReply:client-2E8FF6204D1E->6721d19e-fad5-40c6-a99e-1f07fcc56c74@group-473A3ADDDDF6, cid=16, FAILED org.apache.ratis.protocol.NotLeaderException: Server 6721d19e-fad5-40c6-a99e-1f07fcc56c74@group-473A3ADDDDF6 is not the leader 6effdead-13d1-41e6-a2f2-1b6cf88b37a4:192.168.34.25:36480, logIndex=0, commits[6721d19e-fad5-40c6-a99e-1f07fcc56c74:c16, 6effdead-13d1-41e6-a2f2-1b6cf88b37a4:c16, 9f3eeb55-1628-4544-b8a1-8f6a6bd18952:c12]
 0.00% |█                                                                                                    |  0/1 Time: 0:02:232019-09-10 20:22:30,966 [org.apache.ratis.server.impl.LogAppender$AppenderDaemon$$Lambda$509/1857731019@4b841e10] ERROR ratis.XceiverServerRatis (XceiverServerRatis.java:triggerPipelineClose(568)) - pipeline Action CLOSE  on pipeline PipelineID=1d43f9da-0d5f-41be-945d-473a3addddf6.Reason : 6effdead-13d1-41e6-a2f2-1b6cf88b37a4 has not seen follower/s 6721d19e-fad5-40c6-a99e-1f07fcc56c74 for 138249ms 9f3eeb55-1628-4544-b8a1-8f6a6bd18952 for 138238ms
2019-09-10 20:22:30,966 [org.apache.ratis.server.impl.LogAppender$AppenderDaemon$$Lambda$509/1857731019@35a2346c] ERROR ratis.XceiverServerRatis (XceiverServerRatis.java:triggerPipelineClose(568)) - pipeline Action CLOSE  on pipeline PipelineID=1d43f9da-0d5f-41be-945d-473a3addddf6.Reason : 6effdead-13d1-41e6-a2f2-1b6cf88b37a4 has not seen follower/s 6721d19e-fad5-40c6-a99e-1f07fcc56c74 for 138249ms 9f3eeb55-1628-4544-b8a1-8f6a6bd18952 for 138238ms
 0.00% |█                                                                                                    |  0/1 Time: 0:02:242019-09-10 20:22:31,464 [java.util.concurrent.ThreadPoolExecutor$Worker@60cc4b5a[State = -1, empty queue]] WARN  server.GrpcLogAppender (GrpcLogAppender.java:timeoutAppendRequest(200)) - 6effdead-13d1-41e6-a2f2-1b6cf88b37a4@group-473A3ADDDDF6->6721d19e-fad5-40c6-a99e-1f07fcc56c74-GrpcLogAppender: appendEntries Timeout, request=6effdead-13d1-41e6-a2f2-1b6cf88b37a4->6721d19e-fad5-40c6-a99e-1f07fcc56c74#76-t1, previous=(t:1, i:21), leaderCommit=16, initializing? false, entries: <empty>
2019-09-10 20:22:31,464 [java.util.concurrent.ThreadPoolExecutor$Worker@1d3c1c77[State = -1, empty queue]] WARN  server.GrpcLogAppender (GrpcLogAppender.java:timeoutAppendRequest(200)) - 6effdead-13d1-41e6-a2f2-1b6cf88b37a4@group-473A3ADDDDF6->9f3eeb55-1628-4544-b8a1-8f6a6bd18952-GrpcLogAppender: appendEntries Timeout, request=6effdead-13d1-41e6-a2f2-1b6cf88b37a4->9f3eeb55-1628-4544-b8a1-8f6a6bd18952#76-t1, previous=(t:1, i:21), leaderCommit=16, initializing? false, entries: <empty>
2019-09-10 20:22:31,955 [EventQueue-PipelineActionsForPipelineActionHandler] ERROR pipeline.PipelineActionHandler (PipelineActionHandler.java:onMessage(60)) - Received pipeline action CLOSE for Pipeline[ Id: 1d43f9da-0d5f-41be-945d-473a3addddf6, Nodes: 6721d19e-fad5-40c6-a99e-1f07fcc56c74{ip: 192.168.34.25, host: pr-hdds-2032-ffkjc-170187842, networkLocation: /default-rack, certSerialId: null}6effdead-13d1-41e6-a2f2-1b6cf88b37a4{ip: 192.168.34.25, host: pr-hdds-2032-ffkjc-170187842, networkLocation: /default-rack, certSerialId: null}9f3eeb55-1628-4544-b8a1-8f6a6bd18952{ip: 192.168.34.25, host: pr-hdds-2032-ffkjc-170187842, networkLocation: /default-rack, certSerialId: null}, Type:RATIS, Factor:THREE, State:CLOSED] from datanode 6effdead-13d1-41e6-a2f2-1b6cf88b37a4{ip: 192.168.34.25, host: pr-hdds-2032-ffkjc-170187842, networkLocation: /default-rack, certSerialId: null}. Reason : 6effdead-13d1-41e6-a2f2-1b6cf88b37a4 has not seen follower/s 6721d19e-fad5-40c6-a99e-1f07fcc56c74 for 138249ms 9f3eeb55-1628-4544-b8a1-8f6a6bd18952 for 138238ms
2019-09-10 20:22:31,955 [EventQueue-PipelineActionsForPipelineActionHandler] INFO  pipeline.SCMPipelineManager (SCMPipelineManager.java:finalizeAndDestroyPipeline(311)) - destroying pipeline:Pipeline[ Id: 1d43f9da-0d5f-41be-945d-473a3addddf6, Nodes: 6721d19e-fad5-40c6-a99e-1f07fcc56c74{ip: 192.168.34.25, host: pr-hdds-2032-ffkjc-170187842, networkLocation: /default-rack, certSerialId: null}6effdead-13d1-41e6-a2f2-1b6cf88b37a4{ip: 192.168.34.25, host: pr-hdds-2032-ffkjc-170187842, networkLocation: /default-rack, certSerialId: null}9f3eeb55-1628-4544-b8a1-8f6a6bd18952{ip: 192.168.34.25, host: pr-hdds-2032-ffkjc-170187842, networkLocation: /default-rack, certSerialId: null}, Type:RATIS, Factor:THREE, State:CLOSED]
 0.00% |█                                                                                                    |  0/1 Time: 0:02:252019-09-10 20:22:32,956 [6effdead-13d1-41e6-a2f2-1b6cf88b37a4@group-473A3ADDDDF6-SegmentedRaftLogWorker] WARN  segmented.SegmentedRaftLogWorker (SegmentedRaftLogWorker.java:getFromFuture(90)) - Timeout 13/~
org.apache.ratis.protocol.TimeoutIOException: Timeout 10s: WriteLog:19: (t:1, i:19), STATEMACHINELOGENTRY, client-2E8FF6204D1E, cid=18-writeStateMachineData
	at org.apache.ratis.util.IOUtils.getFromFuture(IOUtils.java:87)
	at org.apache.ratis.server.raftlog.segmented.SegmentedRaftLogWorker$StateMachineDataPolicy.getFromFuture(SegmentedRaftLogWorker.java:87)
	at org.apache.ratis.server.raftlog.segmented.SegmentedRaftLogWorker$WriteLog.execute(SegmentedRaftLogWorker.java:477)
	at org.apache.ratis.server.raftlog.segmented.SegmentedRaftLogWorker.run(SegmentedRaftLogWorker.java:289)
	at java.lang.Thread.run(Thread.java:748)
Caused by: java.util.concurrent.TimeoutException
	at java.util.concurrent.CompletableFuture.timedGet(CompletableFuture.java:1771)
	at java.util.concurrent.CompletableFuture.get(CompletableFuture.java:1915)
	at org.apache.ratis.util.IOUtils.getFromFuture(IOUtils.java:79)
	... 4 more
2019-09-10 20:22:32,971 [6721d19e-fad5-40c6-a99e-1f07fcc56c74@group-473A3ADDDDF6-SegmentedRaftLogWorker] WARN  segmented.SegmentedRaftLogWorker (SegmentedRaftLogWorker.java:getFromFuture(90)) - Timeout 13/~
org.apache.ratis.protocol.TimeoutIOException: Timeout 10s: WriteLog:19: (t:1, i:19), STATEMACHINELOGENTRY, client-2E8FF6204D1E, cid=18-writeStateMachineData
	at org.apache.ratis.util.IOUtils.getFromFuture(IOUtils.java:87)
	at org.apache.ratis.server.raftlog.segmented.SegmentedRaftLogWorker$StateMachineDataPolicy.getFromFuture(SegmentedRaftLogWorker.java:87)
	at org.apache.ratis.server.raftlog.segmented.SegmentedRaftLogWorker$WriteLog.execute(SegmentedRaftLogWorker.java:477)
	at org.apache.ratis.server.raftlog.segmented.SegmentedRaftLogWorker.run(SegmentedRaftLogWorker.java:289)
	at java.lang.Thread.run(Thread.java:748)
Caused by: java.util.concurrent.TimeoutException
	at java.util.concurrent.CompletableFuture.timedGet(CompletableFuture.java:1771)
	at java.util.concurrent.CompletableFuture.get(CompletableFuture.java:1915)
	at org.apache.ratis.util.IOUtils.getFromFuture(IOUtils.java:79)
	... 4 more
2019-09-10 20:22:32,975 [9f3eeb55-1628-4544-b8a1-8f6a6bd18952@group-473A3ADDDDF6-SegmentedRaftLogWorker] WARN  segmented.SegmentedRaftLogWorker (SegmentedRaftLogWorker.java:getFromFuture(90)) - Timeout 13/~
org.apache.ratis.protocol.TimeoutIOException: Timeout 10s: WriteLog:19: (t:1, i:19), STATEMACHINELOGENTRY, client-2E8FF6204D1E, cid=18-writeStateMachineData
	at org.apache.ratis.util.IOUtils.getFromFuture(IOUtils.java:87)
	at org.apache.ratis.server.raftlog.segmented.SegmentedRaftLogWorker$StateMachineDataPolicy.getFromFuture(SegmentedRaftLogWorker.java:87)
	at org.apache.ratis.server.raftlog.segmented.SegmentedRaftLogWorker$WriteLog.execute(SegmentedRaftLogWorker.java:477)
	at org.apache.ratis.server.raftlog.segmented.SegmentedRaftLogWorker.run(SegmentedRaftLogWorker.java:289)
	at java.lang.Thread.run(Thread.java:748)
Caused by: java.util.concurrent.TimeoutException
	at java.util.concurrent.CompletableFuture.timedGet(CompletableFuture.java:1771)
	at java.util.concurrent.CompletableFuture.get(CompletableFuture.java:1915)
	at org.apache.ratis.util.IOUtils.getFromFuture(IOUtils.java:79)
	... 4 more
 0.00% |█                                                                                                    |  0/1 Time: 0:02:262019-09-10 20:22:33,467 [org.apache.ratis.server.impl.LogAppender$AppenderDaemon$$Lambda$509/1857731019@35a2346c] ERROR ratis.XceiverServerRatis (XceiverServerRatis.java:triggerPipelineClose(568)) - pipeline Action CLOSE  on pipeline PipelineID=1d43f9da-0d5f-41be-945d-473a3addddf6.Reason : 6effdead-13d1-41e6-a2f2-1b6cf88b37a4 has not seen follower/s 6721d19e-fad5-40c6-a99e-1f07fcc56c74 for 140750ms 9f3eeb55-1628-4544-b8a1-8f6a6bd18952 for 140739ms
2019-09-10 20:22:33,467 [org.apache.ratis.server.impl.LogAppender$AppenderDaemon$$Lambda$509/1857731019@4b841e10] ERROR ratis.XceiverServerRatis (XceiverServerRatis.java:triggerPipelineClose(568)) - pipeline Action CLOSE  on pipeline PipelineID=1d43f9da-0d5f-41be-945d-473a3addddf6.Reason : 6effdead-13d1-41e6-a2f2-1b6cf88b37a4 has not seen follower/s 6721d19e-fad5-40c6-a99e-1f07fcc56c74 for 140750ms 9f3eeb55-1628-4544-b8a1-8f6a6bd18952 for 140739ms
2019-09-10 20:22:33,955 [EventQueue-PipelineActionsForPipelineActionHandler] ERROR pipeline.PipelineActionHandler (PipelineActionHandler.java:onMessage(60)) - Received pipeline action CLOSE for Pipeline[ Id: 1d43f9da-0d5f-41be-945d-473a3addddf6, Nodes: 6721d19e-fad5-40c6-a99e-1f07fcc56c74{ip: 192.168.34.25, host: pr-hdds-2032-ffkjc-170187842, networkLocation: /default-rack, certSerialId: null}6effdead-13d1-41e6-a2f2-1b6cf88b37a4{ip: 192.168.34.25, host: pr-hdds-2032-ffkjc-170187842, networkLocation: /default-rack, certSerialId: null}9f3eeb55-1628-4544-b8a1-8f6a6bd18952{ip: 192.168.34.25, host: pr-hdds-2032-ffkjc-170187842, networkLocation: /default-rack, certSerialId: null}, Type:RATIS, Factor:THREE, State:CLOSED] from datanode 6effdead-13d1-41e6-a2f2-1b6cf88b37a4{ip: 192.168.34.25, host: pr-hdds-2032-ffkjc-170187842, networkLocation: /default-rack, certSerialId: null}. Reason : 6effdead-13d1-41e6-a2f2-1b6cf88b37a4 has not seen follower/s 6721d19e-fad5-40c6-a99e-1f07fcc56c74 for 140750ms 9f3eeb55-1628-4544-b8a1-8f6a6bd18952 for 140739ms
2019-09-10 20:22:33,955 [EventQueue-PipelineActionsForPipelineActionHandler] INFO  pipeline.SCMPipelineManager (SCMPipelineManager.java:finalizeAndDestroyPipeline(311)) - destroying pipeline:Pipeline[ Id: 1d43f9da-0d5f-41be-945d-473a3addddf6, Nodes: 6721d19e-fad5-40c6-a99e-1f07fcc56c74{ip: 192.168.34.25, host: pr-hdds-2032-ffkjc-170187842, networkLocation: /default-rack, certSerialId: null}6effdead-13d1-41e6-a2f2-1b6cf88b37a4{ip: 192.168.34.25, host: pr-hdds-2032-ffkjc-170187842, networkLocation: /default-rack, certSerialId: null}9f3eeb55-1628-4544-b8a1-8f6a6bd18952{ip: 192.168.34.25, host: pr-hdds-2032-ffkjc-170187842, networkLocation: /default-rack, certSerialId: null}, Type:RATIS, Factor:THREE, State:CLOSED]
2019-09-10 20:22:33,966 [java.util.concurrent.ThreadPoolExecutor$Worker@1d3c1c77[State = -1, empty queue]] WARN  server.GrpcLogAppender (GrpcLogAppender.java:timeoutAppendRequest(200)) - 6effdead-13d1-41e6-a2f2-1b6cf88b37a4@group-473A3ADDDDF6->9f3eeb55-1628-4544-b8a1-8f6a6bd18952-GrpcLogAppender: appendEntries Timeout, request=6effdead-13d1-41e6-a2f2-1b6cf88b37a4->9f3eeb55-1628-4544-b8a1-8f6a6bd18952#77-t1, previous=(t:1, i:21), leaderCommit=16, initializing? false, entries: <empty>
2019-09-10 20:22:33,966 [java.util.concurrent.ThreadPoolExecutor$Worker@60cc4b5a[State = -1, empty queue]] WARN  server.GrpcLogAppender (GrpcLogAppender.java:timeoutAppendRequest(200)) - 6effdead-13d1-41e6-a2f2-1b6cf88b37a4@group-473A3ADDDDF6->6721d19e-fad5-40c6-a99e-1f07fcc56c74-GrpcLogAppender: appendEntries Timeout, request=6effdead-13d1-41e6-a2f2-1b6cf88b37a4->6721d19e-fad5-40c6-a99e-1f07fcc56c74#77-t1, previous=(t:1, i:21), leaderCommit=16, initializing? false, entries: <empty>
 0.00% |█                                                                                                    |  0/1 Time: 0:02:272019-09-10 20:22:34,544 [grpc-default-executor-2] INFO  client.GrpcClientProtocolClient (GrpcClientProtocolClient.java:onNext(264)) - client-2E8FF6204D1E->6721d19e-fad5-40c6-a99e-1f07fcc56c74: receive RaftClientReply:client-2E8FF6204D1E->6721d19e-fad5-40c6-a99e-1f07fcc56c74@group-473A3ADDDDF6, cid=16, FAILED org.apache.ratis.protocol.NotLeaderException: Server 6721d19e-fad5-40c6-a99e-1f07fcc56c74@group-473A3ADDDDF6 is not the leader 6effdead-13d1-41e6-a2f2-1b6cf88b37a4:192.168.34.25:36480, logIndex=0, commits[6721d19e-fad5-40c6-a99e-1f07fcc56c74:c16, 6effdead-13d1-41e6-a2f2-1b6cf88b37a4:c16, 9f3eeb55-1628-4544-b8a1-8f6a6bd18952:c12]
 0.00% |█                                                                                                    |  0/1 Time: 0:02:282019-09-10 20:22:35,968 [org.apache.ratis.server.impl.LogAppender$AppenderDaemon$$Lambda$509/1857731019@4b841e10] ERROR ratis.XceiverServerRatis (XceiverServerRatis.java:triggerPipelineClose(568)) - pipeline Action CLOSE  on pipeline PipelineID=1d43f9da-0d5f-41be-945d-473a3addddf6.Reason : 6effdead-13d1-41e6-a2f2-1b6cf88b37a4 has not seen follower/s 6721d19e-fad5-40c6-a99e-1f07fcc56c74 for 143251ms 9f3eeb55-1628-4544-b8a1-8f6a6bd18952 for 143240ms
2019-09-10 20:22:35,968 [org.apache.ratis.server.impl.LogAppender$AppenderDaemon$$Lambda$509/1857731019@35a2346c] ERROR ratis.XceiverServerRatis (XceiverServerRatis.java:triggerPipelineClose(568)) - pipeline Action CLOSE  on pipeline PipelineID=1d43f9da-0d5f-41be-945d-473a3addddf6.Reason : 6effdead-13d1-41e6-a2f2-1b6cf88b37a4 has not seen follower/s 6721d19e-fad5-40c6-a99e-1f07fcc56c74 for 143251ms 9f3eeb55-1628-4544-b8a1-8f6a6bd18952 for 143240ms
 0.00% |█                                                                                                    |  0/1 Time: 0:02:292019-09-10 20:22:36,467 [java.util.concurrent.ThreadPoolExecutor$Worker@60cc4b5a[State = -1, empty queue]] WARN  server.GrpcLogAppender (GrpcLogAppender.java:timeoutAppendRequest(200)) - 6effdead-13d1-41e6-a2f2-1b6cf88b37a4@group-473A3ADDDDF6->6721d19e-fad5-40c6-a99e-1f07fcc56c74-GrpcLogAppender: appendEntries Timeout, request=6effdead-13d1-41e6-a2f2-1b6cf88b37a4->6721d19e-fad5-40c6-a99e-1f07fcc56c74#78-t1, previous=(t:1, i:21), leaderCommit=16, initializing? false, entries: <empty>
2019-09-10 20:22:36,467 [java.util.concurrent.ThreadPoolExecutor$Worker@1d3c1c77[State = -1, empty queue]] WARN  server.GrpcLogAppender (GrpcLogAppender.java:timeoutAppendRequest(200)) - 6effdead-13d1-41e6-a2f2-1b6cf88b37a4@group-473A3ADDDDF6->9f3eeb55-1628-4544-b8a1-8f6a6bd18952-GrpcLogAppender: appendEntries Timeout, request=6effdead-13d1-41e6-a2f2-1b6cf88b37a4->9f3eeb55-1628-4544-b8a1-8f6a6bd18952#78-t1, previous=(t:1, i:21), leaderCommit=16, initializing? false, entries: <empty>
2019-09-10 20:22:36,957 [EventQueue-PipelineActionsForPipelineActionHandler] ERROR pipeline.PipelineActionHandler (PipelineActionHandler.java:onMessage(60)) - Received pipeline action CLOSE for Pipeline[ Id: 1d43f9da-0d5f-41be-945d-473a3addddf6, Nodes: 6721d19e-fad5-40c6-a99e-1f07fcc56c74{ip: 192.168.34.25, host: pr-hdds-2032-ffkjc-170187842, networkLocation: /default-rack, certSerialId: null}6effdead-13d1-41e6-a2f2-1b6cf88b37a4{ip: 192.168.34.25, host: pr-hdds-2032-ffkjc-170187842, networkLocation: /default-rack, certSerialId: null}9f3eeb55-1628-4544-b8a1-8f6a6bd18952{ip: 192.168.34.25, host: pr-hdds-2032-ffkjc-170187842, networkLocation: /default-rack, certSerialId: null}, Type:RATIS, Factor:THREE, State:CLOSED] from datanode 6effdead-13d1-41e6-a2f2-1b6cf88b37a4{ip: 192.168.34.25, host: pr-hdds-2032-ffkjc-170187842, networkLocation: /default-rack, certSerialId: null}. Reason : 6effdead-13d1-41e6-a2f2-1b6cf88b37a4 has not seen follower/s 6721d19e-fad5-40c6-a99e-1f07fcc56c74 for 143251ms 9f3eeb55-1628-4544-b8a1-8f6a6bd18952 for 143240ms
2019-09-10 20:22:36,957 [EventQueue-PipelineActionsForPipelineActionHandler] INFO  pipeline.SCMPipelineManager (SCMPipelineManager.java:finalizeAndDestroyPipeline(311)) - destroying pipeline:Pipeline[ Id: 1d43f9da-0d5f-41be-945d-473a3addddf6, Nodes: 6721d19e-fad5-40c6-a99e-1f07fcc56c74{ip: 192.168.34.25, host: pr-hdds-2032-ffkjc-170187842, networkLocation: /default-rack, certSerialId: null}6effdead-13d1-41e6-a2f2-1b6cf88b37a4{ip: 192.168.34.25, host: pr-hdds-2032-ffkjc-170187842, networkLocation: /default-rack, certSerialId: null}9f3eeb55-1628-4544-b8a1-8f6a6bd18952{ip: 192.168.34.25, host: pr-hdds-2032-ffkjc-170187842, networkLocation: /default-rack, certSerialId: null}, Type:RATIS, Factor:THREE, State:CLOSED]
 0.00% |█                                                                                                    |  0/1 Time: 0:02:30 0.00% |█                                                                                                    |  0/1 Time: 0:02:312019-09-10 20:22:38,472 [org.apache.ratis.server.impl.LogAppender$AppenderDaemon$$Lambda$509/1857731019@4b841e10] ERROR ratis.XceiverServerRatis (XceiverServerRatis.java:triggerPipelineClose(568)) - pipeline Action CLOSE  on pipeline PipelineID=1d43f9da-0d5f-41be-945d-473a3addddf6.Reason : 6effdead-13d1-41e6-a2f2-1b6cf88b37a4 has not seen follower/s 6721d19e-fad5-40c6-a99e-1f07fcc56c74 for 145754ms 9f3eeb55-1628-4544-b8a1-8f6a6bd18952 for 145743ms
2019-09-10 20:22:38,472 [org.apache.ratis.server.impl.LogAppender$AppenderDaemon$$Lambda$509/1857731019@35a2346c] ERROR ratis.XceiverServerRatis (XceiverServerRatis.java:triggerPipelineClose(568)) - pipeline Action CLOSE  on pipeline PipelineID=1d43f9da-0d5f-41be-945d-473a3addddf6.Reason : 6effdead-13d1-41e6-a2f2-1b6cf88b37a4 has not seen follower/s 6721d19e-fad5-40c6-a99e-1f07fcc56c74 for 145754ms 9f3eeb55-1628-4544-b8a1-8f6a6bd18952 for 145743ms
2019-09-10 20:22:38,955 [EventQueue-PipelineActionsForPipelineActionHandler] ERROR pipeline.PipelineActionHandler (PipelineActionHandler.java:onMessage(60)) - Received pipeline action CLOSE for Pipeline[ Id: 1d43f9da-0d5f-41be-945d-473a3addddf6, Nodes: 6721d19e-fad5-40c6-a99e-1f07fcc56c74{ip: 192.168.34.25, host: pr-hdds-2032-ffkjc-170187842, networkLocation: /default-rack, certSerialId: null}6effdead-13d1-41e6-a2f2-1b6cf88b37a4{ip: 192.168.34.25, host: pr-hdds-2032-ffkjc-170187842, networkLocation: /default-rack, certSerialId: null}9f3eeb55-1628-4544-b8a1-8f6a6bd18952{ip: 192.168.34.25, host: pr-hdds-2032-ffkjc-170187842, networkLocation: /default-rack, certSerialId: null}, Type:RATIS, Factor:THREE, State:CLOSED] from datanode 6effdead-13d1-41e6-a2f2-1b6cf88b37a4{ip: 192.168.34.25, host: pr-hdds-2032-ffkjc-170187842, networkLocation: /default-rack, certSerialId: null}. Reason : 6effdead-13d1-41e6-a2f2-1b6cf88b37a4 has not seen follower/s 6721d19e-fad5-40c6-a99e-1f07fcc56c74 for 145754ms 9f3eeb55-1628-4544-b8a1-8f6a6bd18952 for 145743ms
2019-09-10 20:22:38,956 [EventQueue-PipelineActionsForPipelineActionHandler] INFO  pipeline.SCMPipelineManager (SCMPipelineManager.java:finalizeAndDestroyPipeline(311)) - destroying pipeline:Pipeline[ Id: 1d43f9da-0d5f-41be-945d-473a3addddf6, Nodes: 6721d19e-fad5-40c6-a99e-1f07fcc56c74{ip: 192.168.34.25, host: pr-hdds-2032-ffkjc-170187842, networkLocation: /default-rack, certSerialId: null}6effdead-13d1-41e6-a2f2-1b6cf88b37a4{ip: 192.168.34.25, host: pr-hdds-2032-ffkjc-170187842, networkLocation: /default-rack, certSerialId: null}9f3eeb55-1628-4544-b8a1-8f6a6bd18952{ip: 192.168.34.25, host: pr-hdds-2032-ffkjc-170187842, networkLocation: /default-rack, certSerialId: null}, Type:RATIS, Factor:THREE, State:CLOSED]
2019-09-10 20:22:38,968 [java.util.concurrent.ThreadPoolExecutor$Worker@1d3c1c77[State = -1, empty queue]] WARN  server.GrpcLogAppender (GrpcLogAppender.java:timeoutAppendRequest(200)) - 6effdead-13d1-41e6-a2f2-1b6cf88b37a4@group-473A3ADDDDF6->9f3eeb55-1628-4544-b8a1-8f6a6bd18952-GrpcLogAppender: appendEntries Timeout, request=6effdead-13d1-41e6-a2f2-1b6cf88b37a4->9f3eeb55-1628-4544-b8a1-8f6a6bd18952#79-t1, previous=(t:1, i:21), leaderCommit=16, initializing? false, entries: <empty>
2019-09-10 20:22:38,968 [java.util.concurrent.ThreadPoolExecutor$Worker@60cc4b5a[State = -1, empty queue]] WARN  server.GrpcLogAppender (GrpcLogAppender.java:timeoutAppendRequest(200)) - 6effdead-13d1-41e6-a2f2-1b6cf88b37a4@group-473A3ADDDDF6->6721d19e-fad5-40c6-a99e-1f07fcc56c74-GrpcLogAppender: appendEntries Timeout, request=6effdead-13d1-41e6-a2f2-1b6cf88b37a4->6721d19e-fad5-40c6-a99e-1f07fcc56c74#79-t1, previous=(t:1, i:21), leaderCommit=16, initializing? false, entries: <empty>
 0.00% |█                                                                                                    |  0/1 Time: 0:02:322019-09-10 20:22:39,609 [grpc-default-executor-3] INFO  client.GrpcClientProtocolClient (GrpcClientProtocolClient.java:onNext(264)) - client-2E8FF6204D1E->9f3eeb55-1628-4544-b8a1-8f6a6bd18952: receive RaftClientReply:client-2E8FF6204D1E->9f3eeb55-1628-4544-b8a1-8f6a6bd18952@group-473A3ADDDDF6, cid=16, FAILED org.apache.ratis.protocol.NotLeaderException: Server 9f3eeb55-1628-4544-b8a1-8f6a6bd18952@group-473A3ADDDDF6 is not the leader 6effdead-13d1-41e6-a2f2-1b6cf88b37a4:192.168.34.25:36480, logIndex=0, commits[9f3eeb55-1628-4544-b8a1-8f6a6bd18952:c16, 6721d19e-fad5-40c6-a99e-1f07fcc56c74:c12, 6effdead-13d1-41e6-a2f2-1b6cf88b37a4:c16]
 0.00% |█                                                                                                    |  0/1 Time: 0:02:332019-09-10 20:22:40,972 [org.apache.ratis.server.impl.LogAppender$AppenderDaemon$$Lambda$509/1857731019@4b841e10] ERROR ratis.XceiverServerRatis (XceiverServerRatis.java:triggerPipelineClose(568)) - pipeline Action CLOSE  on pipeline PipelineID=1d43f9da-0d5f-41be-945d-473a3addddf6.Reason : 6effdead-13d1-41e6-a2f2-1b6cf88b37a4 has not seen follower/s 6721d19e-fad5-40c6-a99e-1f07fcc56c74 for 148255ms 9f3eeb55-1628-4544-b8a1-8f6a6bd18952 for 148244ms
2019-09-10 20:22:40,972 [org.apache.ratis.server.impl.LogAppender$AppenderDaemon$$Lambda$509/1857731019@35a2346c] ERROR ratis.XceiverServerRatis (XceiverServerRatis.java:triggerPipelineClose(568)) - pipeline Action CLOSE  on pipeline PipelineID=1d43f9da-0d5f-41be-945d-473a3addddf6.Reason : 6effdead-13d1-41e6-a2f2-1b6cf88b37a4 has not seen follower/s 6721d19e-fad5-40c6-a99e-1f07fcc56c74 for 148256ms 9f3eeb55-1628-4544-b8a1-8f6a6bd18952 for 148244ms
 0.00% |█                                                                                                    |  0/1 Time: 0:02:342019-09-10 20:22:41,471 [java.util.concurrent.ThreadPoolExecutor$Worker@1d3c1c77[State = -1, empty queue]] WARN  server.GrpcLogAppender (GrpcLogAppender.java:timeoutAppendRequest(200)) - 6effdead-13d1-41e6-a2f2-1b6cf88b37a4@group-473A3ADDDDF6->9f3eeb55-1628-4544-b8a1-8f6a6bd18952-GrpcLogAppender: appendEntries Timeout, request=6effdead-13d1-41e6-a2f2-1b6cf88b37a4->9f3eeb55-1628-4544-b8a1-8f6a6bd18952#80-t1, previous=(t:1, i:21), leaderCommit=16, initializing? false, entries: <empty>
2019-09-10 20:22:41,471 [java.util.concurrent.ThreadPoolExecutor$Worker@60cc4b5a[State = -1, empty queue]] WARN  server.GrpcLogAppender (GrpcLogAppender.java:timeoutAppendRequest(200)) - 6effdead-13d1-41e6-a2f2-1b6cf88b37a4@group-473A3ADDDDF6->6721d19e-fad5-40c6-a99e-1f07fcc56c74-GrpcLogAppender: appendEntries Timeout, request=6effdead-13d1-41e6-a2f2-1b6cf88b37a4->6721d19e-fad5-40c6-a99e-1f07fcc56c74#80-t1, previous=(t:1, i:21), leaderCommit=16, initializing? false, entries: <empty>
2019-09-10 20:22:41,955 [EventQueue-PipelineActionsForPipelineActionHandler] ERROR pipeline.PipelineActionHandler (PipelineActionHandler.java:onMessage(60)) - Received pipeline action CLOSE for Pipeline[ Id: 1d43f9da-0d5f-41be-945d-473a3addddf6, Nodes: 6721d19e-fad5-40c6-a99e-1f07fcc56c74{ip: 192.168.34.25, host: pr-hdds-2032-ffkjc-170187842, networkLocation: /default-rack, certSerialId: null}6effdead-13d1-41e6-a2f2-1b6cf88b37a4{ip: 192.168.34.25, host: pr-hdds-2032-ffkjc-170187842, networkLocation: /default-rack, certSerialId: null}9f3eeb55-1628-4544-b8a1-8f6a6bd18952{ip: 192.168.34.25, host: pr-hdds-2032-ffkjc-170187842, networkLocation: /default-rack, certSerialId: null}, Type:RATIS, Factor:THREE, State:CLOSED] from datanode 6effdead-13d1-41e6-a2f2-1b6cf88b37a4{ip: 192.168.34.25, host: pr-hdds-2032-ffkjc-170187842, networkLocation: /default-rack, certSerialId: null}. Reason : 6effdead-13d1-41e6-a2f2-1b6cf88b37a4 has not seen follower/s 6721d19e-fad5-40c6-a99e-1f07fcc56c74 for 148255ms 9f3eeb55-1628-4544-b8a1-8f6a6bd18952 for 148244ms
2019-09-10 20:22:41,955 [EventQueue-PipelineActionsForPipelineActionHandler] INFO  pipeline.SCMPipelineManager (SCMPipelineManager.java:finalizeAndDestroyPipeline(311)) - destroying pipeline:Pipeline[ Id: 1d43f9da-0d5f-41be-945d-473a3addddf6, Nodes: 6721d19e-fad5-40c6-a99e-1f07fcc56c74{ip: 192.168.34.25, host: pr-hdds-2032-ffkjc-170187842, networkLocation: /default-rack, certSerialId: null}6effdead-13d1-41e6-a2f2-1b6cf88b37a4{ip: 192.168.34.25, host: pr-hdds-2032-ffkjc-170187842, networkLocation: /default-rack, certSerialId: null}9f3eeb55-1628-4544-b8a1-8f6a6bd18952{ip: 192.168.34.25, host: pr-hdds-2032-ffkjc-170187842, networkLocation: /default-rack, certSerialId: null}, Type:RATIS, Factor:THREE, State:CLOSED]
 0.00% |█                                                                                                    |  0/1 Time: 0:02:352019-09-10 20:22:42,959 [6effdead-13d1-41e6-a2f2-1b6cf88b37a4@group-473A3ADDDDF6-SegmentedRaftLogWorker] WARN  segmented.SegmentedRaftLogWorker (SegmentedRaftLogWorker.java:getFromFuture(90)) - Timeout 14/~
org.apache.ratis.protocol.TimeoutIOException: Timeout 10s: WriteLog:19: (t:1, i:19), STATEMACHINELOGENTRY, client-2E8FF6204D1E, cid=18-writeStateMachineData
	at org.apache.ratis.util.IOUtils.getFromFuture(IOUtils.java:87)
	at org.apache.ratis.server.raftlog.segmented.SegmentedRaftLogWorker$StateMachineDataPolicy.getFromFuture(SegmentedRaftLogWorker.java:87)
	at org.apache.ratis.server.raftlog.segmented.SegmentedRaftLogWorker$WriteLog.execute(SegmentedRaftLogWorker.java:477)
	at org.apache.ratis.server.raftlog.segmented.SegmentedRaftLogWorker.run(SegmentedRaftLogWorker.java:289)
	at java.lang.Thread.run(Thread.java:748)
Caused by: java.util.concurrent.TimeoutException
	at java.util.concurrent.CompletableFuture.timedGet(CompletableFuture.java:1771)
	at java.util.concurrent.CompletableFuture.get(CompletableFuture.java:1915)
	at org.apache.ratis.util.IOUtils.getFromFuture(IOUtils.java:79)
	... 4 more
2019-09-10 20:22:42,976 [6721d19e-fad5-40c6-a99e-1f07fcc56c74@group-473A3ADDDDF6-SegmentedRaftLogWorker] WARN  segmented.SegmentedRaftLogWorker (SegmentedRaftLogWorker.java:getFromFuture(90)) - Timeout 14/~
org.apache.ratis.protocol.TimeoutIOException: Timeout 10s: WriteLog:19: (t:1, i:19), STATEMACHINELOGENTRY, client-2E8FF6204D1E, cid=18-writeStateMachineData
	at org.apache.ratis.util.IOUtils.getFromFuture(IOUtils.java:87)
	at org.apache.ratis.server.raftlog.segmented.SegmentedRaftLogWorker$StateMachineDataPolicy.getFromFuture(SegmentedRaftLogWorker.java:87)
	at org.apache.ratis.server.raftlog.segmented.SegmentedRaftLogWorker$WriteLog.execute(SegmentedRaftLogWorker.java:477)
	at org.apache.ratis.server.raftlog.segmented.SegmentedRaftLogWorker.run(SegmentedRaftLogWorker.java:289)
	at java.lang.Thread.run(Thread.java:748)
Caused by: java.util.concurrent.TimeoutException
	at java.util.concurrent.CompletableFuture.timedGet(CompletableFuture.java:1771)
	at java.util.concurrent.CompletableFuture.get(CompletableFuture.java:1915)
	at org.apache.ratis.util.IOUtils.getFromFuture(IOUtils.java:79)
	... 4 more
2019-09-10 20:22:42,977 [9f3eeb55-1628-4544-b8a1-8f6a6bd18952@group-473A3ADDDDF6-SegmentedRaftLogWorker] WARN  segmented.SegmentedRaftLogWorker (SegmentedRaftLogWorker.java:getFromFuture(90)) - Timeout 14/~
org.apache.ratis.protocol.TimeoutIOException: Timeout 10s: WriteLog:19: (t:1, i:19), STATEMACHINELOGENTRY, client-2E8FF6204D1E, cid=18-writeStateMachineData
	at org.apache.ratis.util.IOUtils.getFromFuture(IOUtils.java:87)
	at org.apache.ratis.server.raftlog.segmented.SegmentedRaftLogWorker$StateMachineDataPolicy.getFromFuture(SegmentedRaftLogWorker.java:87)
	at org.apache.ratis.server.raftlog.segmented.SegmentedRaftLogWorker$WriteLog.execute(SegmentedRaftLogWorker.java:477)
	at org.apache.ratis.server.raftlog.segmented.SegmentedRaftLogWorker.run(SegmentedRaftLogWorker.java:289)
	at java.lang.Thread.run(Thread.java:748)
Caused by: java.util.concurrent.TimeoutException
	at java.util.concurrent.CompletableFuture.timedGet(CompletableFuture.java:1771)
	at java.util.concurrent.CompletableFuture.get(CompletableFuture.java:1915)
	at org.apache.ratis.util.IOUtils.getFromFuture(IOUtils.java:79)
	... 4 more
 0.00% |█                                                                                                    |  0/1 Time: 0:02:362019-09-10 20:22:43,473 [org.apache.ratis.server.impl.LogAppender$AppenderDaemon$$Lambda$509/1857731019@35a2346c] ERROR ratis.XceiverServerRatis (XceiverServerRatis.java:triggerPipelineClose(568)) - pipeline Action CLOSE  on pipeline PipelineID=1d43f9da-0d5f-41be-945d-473a3addddf6.Reason : 6effdead-13d1-41e6-a2f2-1b6cf88b37a4 has not seen follower/s 6721d19e-fad5-40c6-a99e-1f07fcc56c74 for 150757ms 9f3eeb55-1628-4544-b8a1-8f6a6bd18952 for 150745ms
2019-09-10 20:22:43,473 [org.apache.ratis.server.impl.LogAppender$AppenderDaemon$$Lambda$509/1857731019@4b841e10] ERROR ratis.XceiverServerRatis (XceiverServerRatis.java:triggerPipelineClose(568)) - pipeline Action CLOSE  on pipeline PipelineID=1d43f9da-0d5f-41be-945d-473a3addddf6.Reason : 6effdead-13d1-41e6-a2f2-1b6cf88b37a4 has not seen follower/s 6721d19e-fad5-40c6-a99e-1f07fcc56c74 for 150757ms 9f3eeb55-1628-4544-b8a1-8f6a6bd18952 for 150745ms
2019-09-10 20:22:43,955 [EventQueue-PipelineActionsForPipelineActionHandler] ERROR pipeline.PipelineActionHandler (PipelineActionHandler.java:onMessage(60)) - Received pipeline action CLOSE for Pipeline[ Id: 1d43f9da-0d5f-41be-945d-473a3addddf6, Nodes: 6721d19e-fad5-40c6-a99e-1f07fcc56c74{ip: 192.168.34.25, host: pr-hdds-2032-ffkjc-170187842, networkLocation: /default-rack, certSerialId: null}6effdead-13d1-41e6-a2f2-1b6cf88b37a4{ip: 192.168.34.25, host: pr-hdds-2032-ffkjc-170187842, networkLocation: /default-rack, certSerialId: null}9f3eeb55-1628-4544-b8a1-8f6a6bd18952{ip: 192.168.34.25, host: pr-hdds-2032-ffkjc-170187842, networkLocation: /default-rack, certSerialId: null}, Type:RATIS, Factor:THREE, State:CLOSED] from datanode 6effdead-13d1-41e6-a2f2-1b6cf88b37a4{ip: 192.168.34.25, host: pr-hdds-2032-ffkjc-170187842, networkLocation: /default-rack, certSerialId: null}. Reason : 6effdead-13d1-41e6-a2f2-1b6cf88b37a4 has not seen follower/s 6721d19e-fad5-40c6-a99e-1f07fcc56c74 for 150757ms 9f3eeb55-1628-4544-b8a1-8f6a6bd18952 for 150745ms
2019-09-10 20:22:43,955 [EventQueue-PipelineActionsForPipelineActionHandler] INFO  pipeline.SCMPipelineManager (SCMPipelineManager.java:finalizeAndDestroyPipeline(311)) - destroying pipeline:Pipeline[ Id: 1d43f9da-0d5f-41be-945d-473a3addddf6, Nodes: 6721d19e-fad5-40c6-a99e-1f07fcc56c74{ip: 192.168.34.25, host: pr-hdds-2032-ffkjc-170187842, networkLocation: /default-rack, certSerialId: null}6effdead-13d1-41e6-a2f2-1b6cf88b37a4{ip: 192.168.34.25, host: pr-hdds-2032-ffkjc-170187842, networkLocation: /default-rack, certSerialId: null}9f3eeb55-1628-4544-b8a1-8f6a6bd18952{ip: 192.168.34.25, host: pr-hdds-2032-ffkjc-170187842, networkLocation: /default-rack, certSerialId: null}, Type:RATIS, Factor:THREE, State:CLOSED]
2019-09-10 20:22:43,972 [java.util.concurrent.ThreadPoolExecutor$Worker@60cc4b5a[State = -1, empty queue]] WARN  server.GrpcLogAppender (GrpcLogAppender.java:timeoutAppendRequest(200)) - 6effdead-13d1-41e6-a2f2-1b6cf88b37a4@group-473A3ADDDDF6->6721d19e-fad5-40c6-a99e-1f07fcc56c74-GrpcLogAppender: appendEntries Timeout, request=6effdead-13d1-41e6-a2f2-1b6cf88b37a4->6721d19e-fad5-40c6-a99e-1f07fcc56c74#81-t1, previous=(t:1, i:21), leaderCommit=16, initializing? false, entries: <empty>
2019-09-10 20:22:43,972 [java.util.concurrent.ThreadPoolExecutor$Worker@1d3c1c77[State = -1, empty queue]] WARN  server.GrpcLogAppender (GrpcLogAppender.java:timeoutAppendRequest(200)) - 6effdead-13d1-41e6-a2f2-1b6cf88b37a4@group-473A3ADDDDF6->9f3eeb55-1628-4544-b8a1-8f6a6bd18952-GrpcLogAppender: appendEntries Timeout, request=6effdead-13d1-41e6-a2f2-1b6cf88b37a4->9f3eeb55-1628-4544-b8a1-8f6a6bd18952#81-t1, previous=(t:1, i:21), leaderCommit=16, initializing? false, entries: <empty>
 0.00% |█                                                                                                    |  0/1 Time: 0:02:372019-09-10 20:22:44,648 [grpc-default-executor-3] INFO  client.GrpcClientProtocolClient (GrpcClientProtocolClient.java:onNext(264)) - client-2E8FF6204D1E->6721d19e-fad5-40c6-a99e-1f07fcc56c74: receive RaftClientReply:client-2E8FF6204D1E->6721d19e-fad5-40c6-a99e-1f07fcc56c74@group-473A3ADDDDF6, cid=16, FAILED org.apache.ratis.protocol.NotLeaderException: Server 6721d19e-fad5-40c6-a99e-1f07fcc56c74@group-473A3ADDDDF6 is not the leader 6effdead-13d1-41e6-a2f2-1b6cf88b37a4:192.168.34.25:36480, logIndex=0, commits[6721d19e-fad5-40c6-a99e-1f07fcc56c74:c16, 6effdead-13d1-41e6-a2f2-1b6cf88b37a4:c16, 9f3eeb55-1628-4544-b8a1-8f6a6bd18952:c12]
 0.00% |█                                                                                                    |  0/1 Time: 0:02:382019-09-10 20:22:45,975 [org.apache.ratis.server.impl.LogAppender$AppenderDaemon$$Lambda$509/1857731019@4b841e10] ERROR ratis.XceiverServerRatis (XceiverServerRatis.java:triggerPipelineClose(568)) - pipeline Action CLOSE  on pipeline PipelineID=1d43f9da-0d5f-41be-945d-473a3addddf6.Reason : 6effdead-13d1-41e6-a2f2-1b6cf88b37a4 has not seen follower/s 6721d19e-fad5-40c6-a99e-1f07fcc56c74 for 153258ms 9f3eeb55-1628-4544-b8a1-8f6a6bd18952 for 153247ms
2019-09-10 20:22:45,975 [org.apache.ratis.server.impl.LogAppender$AppenderDaemon$$Lambda$509/1857731019@35a2346c] ERROR ratis.XceiverServerRatis (XceiverServerRatis.java:triggerPipelineClose(568)) - pipeline Action CLOSE  on pipeline PipelineID=1d43f9da-0d5f-41be-945d-473a3addddf6.Reason : 6effdead-13d1-41e6-a2f2-1b6cf88b37a4 has not seen follower/s 6721d19e-fad5-40c6-a99e-1f07fcc56c74 for 153258ms 9f3eeb55-1628-4544-b8a1-8f6a6bd18952 for 153247ms
 0.00% |█                                                                                                    |  0/1 Time: 0:02:392019-09-10 20:22:46,473 [java.util.concurrent.ThreadPoolExecutor$Worker@1d3c1c77[State = -1, empty queue]] WARN  server.GrpcLogAppender (GrpcLogAppender.java:timeoutAppendRequest(200)) - 6effdead-13d1-41e6-a2f2-1b6cf88b37a4@group-473A3ADDDDF6->9f3eeb55-1628-4544-b8a1-8f6a6bd18952-GrpcLogAppender: appendEntries Timeout, request=6effdead-13d1-41e6-a2f2-1b6cf88b37a4->9f3eeb55-1628-4544-b8a1-8f6a6bd18952#82-t1, previous=(t:1, i:21), leaderCommit=16, initializing? false, entries: <empty>
2019-09-10 20:22:46,473 [java.util.concurrent.ThreadPoolExecutor$Worker@60cc4b5a[State = -1, empty queue]] WARN  server.GrpcLogAppender (GrpcLogAppender.java:timeoutAppendRequest(200)) - 6effdead-13d1-41e6-a2f2-1b6cf88b37a4@group-473A3ADDDDF6->6721d19e-fad5-40c6-a99e-1f07fcc56c74-GrpcLogAppender: appendEntries Timeout, request=6effdead-13d1-41e6-a2f2-1b6cf88b37a4->6721d19e-fad5-40c6-a99e-1f07fcc56c74#82-t1, previous=(t:1, i:21), leaderCommit=16, initializing? false, entries: <empty>
2019-09-10 20:22:46,956 [EventQueue-PipelineActionsForPipelineActionHandler] ERROR pipeline.PipelineActionHandler (PipelineActionHandler.java:onMessage(60)) - Received pipeline action CLOSE for Pipeline[ Id: 1d43f9da-0d5f-41be-945d-473a3addddf6, Nodes: 6721d19e-fad5-40c6-a99e-1f07fcc56c74{ip: 192.168.34.25, host: pr-hdds-2032-ffkjc-170187842, networkLocation: /default-rack, certSerialId: null}6effdead-13d1-41e6-a2f2-1b6cf88b37a4{ip: 192.168.34.25, host: pr-hdds-2032-ffkjc-170187842, networkLocation: /default-rack, certSerialId: null}9f3eeb55-1628-4544-b8a1-8f6a6bd18952{ip: 192.168.34.25, host: pr-hdds-2032-ffkjc-170187842, networkLocation: /default-rack, certSerialId: null}, Type:RATIS, Factor:THREE, State:CLOSED] from datanode 6effdead-13d1-41e6-a2f2-1b6cf88b37a4{ip: 192.168.34.25, host: pr-hdds-2032-ffkjc-170187842, networkLocation: /default-rack, certSerialId: null}. Reason : 6effdead-13d1-41e6-a2f2-1b6cf88b37a4 has not seen follower/s 6721d19e-fad5-40c6-a99e-1f07fcc56c74 for 153258ms 9f3eeb55-1628-4544-b8a1-8f6a6bd18952 for 153247ms
2019-09-10 20:22:46,956 [EventQueue-PipelineActionsForPipelineActionHandler] INFO  pipeline.SCMPipelineManager (SCMPipelineManager.java:finalizeAndDestroyPipeline(311)) - destroying pipeline:Pipeline[ Id: 1d43f9da-0d5f-41be-945d-473a3addddf6, Nodes: 6721d19e-fad5-40c6-a99e-1f07fcc56c74{ip: 192.168.34.25, host: pr-hdds-2032-ffkjc-170187842, networkLocation: /default-rack, certSerialId: null}6effdead-13d1-41e6-a2f2-1b6cf88b37a4{ip: 192.168.34.25, host: pr-hdds-2032-ffkjc-170187842, networkLocation: /default-rack, certSerialId: null}9f3eeb55-1628-4544-b8a1-8f6a6bd18952{ip: 192.168.34.25, host: pr-hdds-2032-ffkjc-170187842, networkLocation: /default-rack, certSerialId: null}, Type:RATIS, Factor:THREE, State:CLOSED]
 0.00% |█                                                                                                    |  0/1 Time: 0:02:40 0.00% |█                                                                                                    |  0/1 Time: 0:02:412019-09-10 20:22:48,476 [org.apache.ratis.server.impl.LogAppender$AppenderDaemon$$Lambda$509/1857731019@35a2346c] ERROR ratis.XceiverServerRatis (XceiverServerRatis.java:triggerPipelineClose(568)) - pipeline Action CLOSE  on pipeline PipelineID=1d43f9da-0d5f-41be-945d-473a3addddf6.Reason : 6effdead-13d1-41e6-a2f2-1b6cf88b37a4 has not seen follower/s 6721d19e-fad5-40c6-a99e-1f07fcc56c74 for 155759ms 9f3eeb55-1628-4544-b8a1-8f6a6bd18952 for 155748ms
2019-09-10 20:22:48,476 [org.apache.ratis.server.impl.LogAppender$AppenderDaemon$$Lambda$509/1857731019@4b841e10] ERROR ratis.XceiverServerRatis (XceiverServerRatis.java:triggerPipelineClose(568)) - pipeline Action CLOSE  on pipeline PipelineID=1d43f9da-0d5f-41be-945d-473a3addddf6.Reason : 6effdead-13d1-41e6-a2f2-1b6cf88b37a4 has not seen follower/s 6721d19e-fad5-40c6-a99e-1f07fcc56c74 for 155760ms 9f3eeb55-1628-4544-b8a1-8f6a6bd18952 for 155748ms
2019-09-10 20:22:48,956 [EventQueue-PipelineActionsForPipelineActionHandler] ERROR pipeline.PipelineActionHandler (PipelineActionHandler.java:onMessage(60)) - Received pipeline action CLOSE for Pipeline[ Id: 1d43f9da-0d5f-41be-945d-473a3addddf6, Nodes: 6721d19e-fad5-40c6-a99e-1f07fcc56c74{ip: 192.168.34.25, host: pr-hdds-2032-ffkjc-170187842, networkLocation: /default-rack, certSerialId: null}6effdead-13d1-41e6-a2f2-1b6cf88b37a4{ip: 192.168.34.25, host: pr-hdds-2032-ffkjc-170187842, networkLocation: /default-rack, certSerialId: null}9f3eeb55-1628-4544-b8a1-8f6a6bd18952{ip: 192.168.34.25, host: pr-hdds-2032-ffkjc-170187842, networkLocation: /default-rack, certSerialId: null}, Type:RATIS, Factor:THREE, State:CLOSED] from datanode 6effdead-13d1-41e6-a2f2-1b6cf88b37a4{ip: 192.168.34.25, host: pr-hdds-2032-ffkjc-170187842, networkLocation: /default-rack, certSerialId: null}. Reason : 6effdead-13d1-41e6-a2f2-1b6cf88b37a4 has not seen follower/s 6721d19e-fad5-40c6-a99e-1f07fcc56c74 for 155759ms 9f3eeb55-1628-4544-b8a1-8f6a6bd18952 for 155748ms
2019-09-10 20:22:48,956 [EventQueue-PipelineActionsForPipelineActionHandler] INFO  pipeline.SCMPipelineManager (SCMPipelineManager.java:finalizeAndDestroyPipeline(311)) - destroying pipeline:Pipeline[ Id: 1d43f9da-0d5f-41be-945d-473a3addddf6, Nodes: 6721d19e-fad5-40c6-a99e-1f07fcc56c74{ip: 192.168.34.25, host: pr-hdds-2032-ffkjc-170187842, networkLocation: /default-rack, certSerialId: null}6effdead-13d1-41e6-a2f2-1b6cf88b37a4{ip: 192.168.34.25, host: pr-hdds-2032-ffkjc-170187842, networkLocation: /default-rack, certSerialId: null}9f3eeb55-1628-4544-b8a1-8f6a6bd18952{ip: 192.168.34.25, host: pr-hdds-2032-ffkjc-170187842, networkLocation: /default-rack, certSerialId: null}, Type:RATIS, Factor:THREE, State:CLOSED]
2019-09-10 20:22:48,975 [java.util.concurrent.ThreadPoolExecutor$Worker@1d3c1c77[State = -1, empty queue]] WARN  server.GrpcLogAppender (GrpcLogAppender.java:timeoutAppendRequest(200)) - 6effdead-13d1-41e6-a2f2-1b6cf88b37a4@group-473A3ADDDDF6->9f3eeb55-1628-4544-b8a1-8f6a6bd18952-GrpcLogAppender: appendEntries Timeout, request=6effdead-13d1-41e6-a2f2-1b6cf88b37a4->9f3eeb55-1628-4544-b8a1-8f6a6bd18952#83-t1, previous=(t:1, i:21), leaderCommit=16, initializing? false, entries: <empty>
2019-09-10 20:22:48,975 [java.util.concurrent.ThreadPoolExecutor$Worker@60cc4b5a[State = -1, empty queue]] WARN  server.GrpcLogAppender (GrpcLogAppender.java:timeoutAppendRequest(200)) - 6effdead-13d1-41e6-a2f2-1b6cf88b37a4@group-473A3ADDDDF6->6721d19e-fad5-40c6-a99e-1f07fcc56c74-GrpcLogAppender: appendEntries Timeout, request=6effdead-13d1-41e6-a2f2-1b6cf88b37a4->6721d19e-fad5-40c6-a99e-1f07fcc56c74#83-t1, previous=(t:1, i:21), leaderCommit=16, initializing? false, entries: <empty>
 0.00% |█                                                                                                    |  0/1 Time: 0:02:422019-09-10 20:22:49,688 [grpc-default-executor-3] INFO  client.GrpcClientProtocolClient (GrpcClientProtocolClient.java:onNext(264)) - client-2E8FF6204D1E->9f3eeb55-1628-4544-b8a1-8f6a6bd18952: receive RaftClientReply:client-2E8FF6204D1E->9f3eeb55-1628-4544-b8a1-8f6a6bd18952@group-473A3ADDDDF6, cid=16, FAILED org.apache.ratis.protocol.NotLeaderException: Server 9f3eeb55-1628-4544-b8a1-8f6a6bd18952@group-473A3ADDDDF6 is not the leader 6effdead-13d1-41e6-a2f2-1b6cf88b37a4:192.168.34.25:36480, logIndex=0, commits[9f3eeb55-1628-4544-b8a1-8f6a6bd18952:c16, 6721d19e-fad5-40c6-a99e-1f07fcc56c74:c12, 6effdead-13d1-41e6-a2f2-1b6cf88b37a4:c16]
 0.00% |█                                                                                                    |  0/1 Time: 0:02:432019-09-10 20:22:50,977 [org.apache.ratis.server.impl.LogAppender$AppenderDaemon$$Lambda$509/1857731019@4b841e10] ERROR ratis.XceiverServerRatis (XceiverServerRatis.java:triggerPipelineClose(568)) - pipeline Action CLOSE  on pipeline PipelineID=1d43f9da-0d5f-41be-945d-473a3addddf6.Reason : 6effdead-13d1-41e6-a2f2-1b6cf88b37a4 has not seen follower/s 6721d19e-fad5-40c6-a99e-1f07fcc56c74 for 158260ms 9f3eeb55-1628-4544-b8a1-8f6a6bd18952 for 158249ms
2019-09-10 20:22:50,977 [org.apache.ratis.server.impl.LogAppender$AppenderDaemon$$Lambda$509/1857731019@35a2346c] ERROR ratis.XceiverServerRatis (XceiverServerRatis.java:triggerPipelineClose(568)) - pipeline Action CLOSE  on pipeline PipelineID=1d43f9da-0d5f-41be-945d-473a3addddf6.Reason : 6effdead-13d1-41e6-a2f2-1b6cf88b37a4 has not seen follower/s 6721d19e-fad5-40c6-a99e-1f07fcc56c74 for 158260ms 9f3eeb55-1628-4544-b8a1-8f6a6bd18952 for 158249ms
 0.00% |█                                                                                                    |  0/1 Time: 0:02:442019-09-10 20:22:51,476 [java.util.concurrent.ThreadPoolExecutor$Worker@1d3c1c77[State = -1, empty queue]] WARN  server.GrpcLogAppender (GrpcLogAppender.java:timeoutAppendRequest(200)) - 6effdead-13d1-41e6-a2f2-1b6cf88b37a4@group-473A3ADDDDF6->9f3eeb55-1628-4544-b8a1-8f6a6bd18952-GrpcLogAppender: appendEntries Timeout, request=6effdead-13d1-41e6-a2f2-1b6cf88b37a4->9f3eeb55-1628-4544-b8a1-8f6a6bd18952#84-t1, previous=(t:1, i:21), leaderCommit=16, initializing? false, entries: <empty>
2019-09-10 20:22:51,477 [java.util.concurrent.ThreadPoolExecutor$Worker@60cc4b5a[State = -1, empty queue]] WARN  server.GrpcLogAppender (GrpcLogAppender.java:timeoutAppendRequest(200)) - 6effdead-13d1-41e6-a2f2-1b6cf88b37a4@group-473A3ADDDDF6->6721d19e-fad5-40c6-a99e-1f07fcc56c74-GrpcLogAppender: appendEntries Timeout, request=6effdead-13d1-41e6-a2f2-1b6cf88b37a4->6721d19e-fad5-40c6-a99e-1f07fcc56c74#84-t1, previous=(t:1, i:21), leaderCommit=16, initializing? false, entries: <empty>
2019-09-10 20:22:51,956 [EventQueue-PipelineActionsForPipelineActionHandler] ERROR pipeline.PipelineActionHandler (PipelineActionHandler.java:onMessage(60)) - Received pipeline action CLOSE for Pipeline[ Id: 1d43f9da-0d5f-41be-945d-473a3addddf6, Nodes: 6721d19e-fad5-40c6-a99e-1f07fcc56c74{ip: 192.168.34.25, host: pr-hdds-2032-ffkjc-170187842, networkLocation: /default-rack, certSerialId: null}6effdead-13d1-41e6-a2f2-1b6cf88b37a4{ip: 192.168.34.25, host: pr-hdds-2032-ffkjc-170187842, networkLocation: /default-rack, certSerialId: null}9f3eeb55-1628-4544-b8a1-8f6a6bd18952{ip: 192.168.34.25, host: pr-hdds-2032-ffkjc-170187842, networkLocation: /default-rack, certSerialId: null}, Type:RATIS, Factor:THREE, State:CLOSED] from datanode 6effdead-13d1-41e6-a2f2-1b6cf88b37a4{ip: 192.168.34.25, host: pr-hdds-2032-ffkjc-170187842, networkLocation: /default-rack, certSerialId: null}. Reason : 6effdead-13d1-41e6-a2f2-1b6cf88b37a4 has not seen follower/s 6721d19e-fad5-40c6-a99e-1f07fcc56c74 for 158260ms 9f3eeb55-1628-4544-b8a1-8f6a6bd18952 for 158249ms
2019-09-10 20:22:51,957 [EventQueue-PipelineActionsForPipelineActionHandler] INFO  pipeline.SCMPipelineManager (SCMPipelineManager.java:finalizeAndDestroyPipeline(311)) - destroying pipeline:Pipeline[ Id: 1d43f9da-0d5f-41be-945d-473a3addddf6, Nodes: 6721d19e-fad5-40c6-a99e-1f07fcc56c74{ip: 192.168.34.25, host: pr-hdds-2032-ffkjc-170187842, networkLocation: /default-rack, certSerialId: null}6effdead-13d1-41e6-a2f2-1b6cf88b37a4{ip: 192.168.34.25, host: pr-hdds-2032-ffkjc-170187842, networkLocation: /default-rack, certSerialId: null}9f3eeb55-1628-4544-b8a1-8f6a6bd18952{ip: 192.168.34.25, host: pr-hdds-2032-ffkjc-170187842, networkLocation: /default-rack, certSerialId: null}, Type:RATIS, Factor:THREE, State:CLOSED]
 0.00% |█                                                                                                    |  0/1 Time: 0:02:452019-09-10 20:22:52,961 [6effdead-13d1-41e6-a2f2-1b6cf88b37a4@group-473A3ADDDDF6-SegmentedRaftLogWorker] WARN  segmented.SegmentedRaftLogWorker (SegmentedRaftLogWorker.java:getFromFuture(90)) - Timeout 15/~
org.apache.ratis.protocol.TimeoutIOException: Timeout 10s: WriteLog:19: (t:1, i:19), STATEMACHINELOGENTRY, client-2E8FF6204D1E, cid=18-writeStateMachineData
	at org.apache.ratis.util.IOUtils.getFromFuture(IOUtils.java:87)
	at org.apache.ratis.server.raftlog.segmented.SegmentedRaftLogWorker$StateMachineDataPolicy.getFromFuture(SegmentedRaftLogWorker.java:87)
	at org.apache.ratis.server.raftlog.segmented.SegmentedRaftLogWorker$WriteLog.execute(SegmentedRaftLogWorker.java:477)
	at org.apache.ratis.server.raftlog.segmented.SegmentedRaftLogWorker.run(SegmentedRaftLogWorker.java:289)
	at java.lang.Thread.run(Thread.java:748)
Caused by: java.util.concurrent.TimeoutException
	at java.util.concurrent.CompletableFuture.timedGet(CompletableFuture.java:1771)
	at java.util.concurrent.CompletableFuture.get(CompletableFuture.java:1915)
	at org.apache.ratis.util.IOUtils.getFromFuture(IOUtils.java:79)
	... 4 more
2019-09-10 20:22:52,977 [6721d19e-fad5-40c6-a99e-1f07fcc56c74@group-473A3ADDDDF6-SegmentedRaftLogWorker] WARN  segmented.SegmentedRaftLogWorker (SegmentedRaftLogWorker.java:getFromFuture(90)) - Timeout 15/~
org.apache.ratis.protocol.TimeoutIOException: Timeout 10s: WriteLog:19: (t:1, i:19), STATEMACHINELOGENTRY, client-2E8FF6204D1E, cid=18-writeStateMachineData
	at org.apache.ratis.util.IOUtils.getFromFuture(IOUtils.java:87)
	at org.apache.ratis.server.raftlog.segmented.SegmentedRaftLogWorker$StateMachineDataPolicy.getFromFuture(SegmentedRaftLogWorker.java:87)
	at org.apache.ratis.server.raftlog.segmented.SegmentedRaftLogWorker$WriteLog.execute(SegmentedRaftLogWorker.java:477)
	at org.apache.ratis.server.raftlog.segmented.SegmentedRaftLogWorker.run(SegmentedRaftLogWorker.java:289)
	at java.lang.Thread.run(Thread.java:748)
Caused by: java.util.concurrent.TimeoutException
	at java.util.concurrent.CompletableFuture.timedGet(CompletableFuture.java:1771)
	at java.util.concurrent.CompletableFuture.get(CompletableFuture.java:1915)
	at org.apache.ratis.util.IOUtils.getFromFuture(IOUtils.java:79)
	... 4 more
2019-09-10 20:22:52,991 [9f3eeb55-1628-4544-b8a1-8f6a6bd18952@group-473A3ADDDDF6-SegmentedRaftLogWorker] WARN  segmented.SegmentedRaftLogWorker (SegmentedRaftLogWorker.java:getFromFuture(90)) - Timeout 15/~
org.apache.ratis.protocol.TimeoutIOException: Timeout 10s: WriteLog:19: (t:1, i:19), STATEMACHINELOGENTRY, client-2E8FF6204D1E, cid=18-writeStateMachineData
	at org.apache.ratis.util.IOUtils.getFromFuture(IOUtils.java:87)
	at org.apache.ratis.server.raftlog.segmented.SegmentedRaftLogWorker$StateMachineDataPolicy.getFromFuture(SegmentedRaftLogWorker.java:87)
	at org.apache.ratis.server.raftlog.segmented.SegmentedRaftLogWorker$WriteLog.execute(SegmentedRaftLogWorker.java:477)
	at org.apache.ratis.server.raftlog.segmented.SegmentedRaftLogWorker.run(SegmentedRaftLogWorker.java:289)
	at java.lang.Thread.run(Thread.java:748)
Caused by: java.util.concurrent.TimeoutException
	at java.util.concurrent.CompletableFuture.timedGet(CompletableFuture.java:1771)
	at java.util.concurrent.CompletableFuture.get(CompletableFuture.java:1915)
	at org.apache.ratis.util.IOUtils.getFromFuture(IOUtils.java:79)
	... 4 more
 0.00% |█                                                                                                    |  0/1 Time: 0:02:462019-09-10 20:22:53,480 [org.apache.ratis.server.impl.LogAppender$AppenderDaemon$$Lambda$509/1857731019@4b841e10] ERROR ratis.XceiverServerRatis (XceiverServerRatis.java:triggerPipelineClose(568)) - pipeline Action CLOSE  on pipeline PipelineID=1d43f9da-0d5f-41be-945d-473a3addddf6.Reason : 6effdead-13d1-41e6-a2f2-1b6cf88b37a4 has not seen follower/s 6721d19e-fad5-40c6-a99e-1f07fcc56c74 for 160763ms 9f3eeb55-1628-4544-b8a1-8f6a6bd18952 for 160752ms
2019-09-10 20:22:53,480 [org.apache.ratis.server.impl.LogAppender$AppenderDaemon$$Lambda$509/1857731019@35a2346c] ERROR ratis.XceiverServerRatis (XceiverServerRatis.java:triggerPipelineClose(568)) - pipeline Action CLOSE  on pipeline PipelineID=1d43f9da-0d5f-41be-945d-473a3addddf6.Reason : 6effdead-13d1-41e6-a2f2-1b6cf88b37a4 has not seen follower/s 6721d19e-fad5-40c6-a99e-1f07fcc56c74 for 160763ms 9f3eeb55-1628-4544-b8a1-8f6a6bd18952 for 160752ms
2019-09-10 20:22:53,955 [EventQueue-PipelineActionsForPipelineActionHandler] ERROR pipeline.PipelineActionHandler (PipelineActionHandler.java:onMessage(60)) - Received pipeline action CLOSE for Pipeline[ Id: 1d43f9da-0d5f-41be-945d-473a3addddf6, Nodes: 6721d19e-fad5-40c6-a99e-1f07fcc56c74{ip: 192.168.34.25, host: pr-hdds-2032-ffkjc-170187842, networkLocation: /default-rack, certSerialId: null}6effdead-13d1-41e6-a2f2-1b6cf88b37a4{ip: 192.168.34.25, host: pr-hdds-2032-ffkjc-170187842, networkLocation: /default-rack, certSerialId: null}9f3eeb55-1628-4544-b8a1-8f6a6bd18952{ip: 192.168.34.25, host: pr-hdds-2032-ffkjc-170187842, networkLocation: /default-rack, certSerialId: null}, Type:RATIS, Factor:THREE, State:CLOSED] from datanode 6effdead-13d1-41e6-a2f2-1b6cf88b37a4{ip: 192.168.34.25, host: pr-hdds-2032-ffkjc-170187842, networkLocation: /default-rack, certSerialId: null}. Reason : 6effdead-13d1-41e6-a2f2-1b6cf88b37a4 has not seen follower/s 6721d19e-fad5-40c6-a99e-1f07fcc56c74 for 160763ms 9f3eeb55-1628-4544-b8a1-8f6a6bd18952 for 160752ms
2019-09-10 20:22:53,955 [EventQueue-PipelineActionsForPipelineActionHandler] INFO  pipeline.SCMPipelineManager (SCMPipelineManager.java:finalizeAndDestroyPipeline(311)) - destroying pipeline:Pipeline[ Id: 1d43f9da-0d5f-41be-945d-473a3addddf6, Nodes: 6721d19e-fad5-40c6-a99e-1f07fcc56c74{ip: 192.168.34.25, host: pr-hdds-2032-ffkjc-170187842, networkLocation: /default-rack, certSerialId: null}6effdead-13d1-41e6-a2f2-1b6cf88b37a4{ip: 192.168.34.25, host: pr-hdds-2032-ffkjc-170187842, networkLocation: /default-rack, certSerialId: null}9f3eeb55-1628-4544-b8a1-8f6a6bd18952{ip: 192.168.34.25, host: pr-hdds-2032-ffkjc-170187842, networkLocation: /default-rack, certSerialId: null}, Type:RATIS, Factor:THREE, State:CLOSED]
2019-09-10 20:22:53,977 [java.util.concurrent.ThreadPoolExecutor$Worker@1d3c1c77[State = -1, empty queue]] WARN  server.GrpcLogAppender (GrpcLogAppender.java:timeoutAppendRequest(200)) - 6effdead-13d1-41e6-a2f2-1b6cf88b37a4@group-473A3ADDDDF6->9f3eeb55-1628-4544-b8a1-8f6a6bd18952-GrpcLogAppender: appendEntries Timeout, request=6effdead-13d1-41e6-a2f2-1b6cf88b37a4->9f3eeb55-1628-4544-b8a1-8f6a6bd18952#85-t1, previous=(t:1, i:21), leaderCommit=16, initializing? false, entries: <empty>
2019-09-10 20:22:53,977 [java.util.concurrent.ThreadPoolExecutor$Worker@60cc4b5a[State = -1, empty queue]] WARN  server.GrpcLogAppender (GrpcLogAppender.java:timeoutAppendRequest(200)) - 6effdead-13d1-41e6-a2f2-1b6cf88b37a4@group-473A3ADDDDF6->6721d19e-fad5-40c6-a99e-1f07fcc56c74-GrpcLogAppender: appendEntries Timeout, request=6effdead-13d1-41e6-a2f2-1b6cf88b37a4->6721d19e-fad5-40c6-a99e-1f07fcc56c74#85-t1, previous=(t:1, i:21), leaderCommit=16, initializing? false, entries: <empty>
 0.00% |█                                                                                                    |  0/1 Time: 0:02:472019-09-10 20:22:54,748 [grpc-default-executor-2] INFO  client.GrpcClientProtocolClient (GrpcClientProtocolClient.java:onNext(264)) - client-2E8FF6204D1E->9f3eeb55-1628-4544-b8a1-8f6a6bd18952: receive RaftClientReply:client-2E8FF6204D1E->9f3eeb55-1628-4544-b8a1-8f6a6bd18952@group-473A3ADDDDF6, cid=16, FAILED org.apache.ratis.protocol.NotLeaderException: Server 9f3eeb55-1628-4544-b8a1-8f6a6bd18952@group-473A3ADDDDF6 is not the leader 6effdead-13d1-41e6-a2f2-1b6cf88b37a4:192.168.34.25:36480, logIndex=0, commits[9f3eeb55-1628-4544-b8a1-8f6a6bd18952:c16, 6721d19e-fad5-40c6-a99e-1f07fcc56c74:c12, 6effdead-13d1-41e6-a2f2-1b6cf88b37a4:c16]
 0.00% |█                                                                                                    |  0/1 Time: 0:02:482019-09-10 20:22:55,981 [org.apache.ratis.server.impl.LogAppender$AppenderDaemon$$Lambda$509/1857731019@35a2346c] ERROR ratis.XceiverServerRatis (XceiverServerRatis.java:triggerPipelineClose(568)) - pipeline Action CLOSE  on pipeline PipelineID=1d43f9da-0d5f-41be-945d-473a3addddf6.Reason : 6effdead-13d1-41e6-a2f2-1b6cf88b37a4 has not seen follower/s 6721d19e-fad5-40c6-a99e-1f07fcc56c74 for 163264ms 9f3eeb55-1628-4544-b8a1-8f6a6bd18952 for 163252ms
2019-09-10 20:22:55,981 [org.apache.ratis.server.impl.LogAppender$AppenderDaemon$$Lambda$509/1857731019@4b841e10] ERROR ratis.XceiverServerRatis (XceiverServerRatis.java:triggerPipelineClose(568)) - pipeline Action CLOSE  on pipeline PipelineID=1d43f9da-0d5f-41be-945d-473a3addddf6.Reason : 6effdead-13d1-41e6-a2f2-1b6cf88b37a4 has not seen follower/s 6721d19e-fad5-40c6-a99e-1f07fcc56c74 for 163264ms 9f3eeb55-1628-4544-b8a1-8f6a6bd18952 for 163253ms
 0.00% |█                                                                                                    |  0/1 Time: 0:02:492019-09-10 20:22:56,480 [java.util.concurrent.ThreadPoolExecutor$Worker@1d3c1c77[State = -1, empty queue]] WARN  server.GrpcLogAppender (GrpcLogAppender.java:timeoutAppendRequest(200)) - 6effdead-13d1-41e6-a2f2-1b6cf88b37a4@group-473A3ADDDDF6->9f3eeb55-1628-4544-b8a1-8f6a6bd18952-GrpcLogAppender: appendEntries Timeout, request=6effdead-13d1-41e6-a2f2-1b6cf88b37a4->9f3eeb55-1628-4544-b8a1-8f6a6bd18952#86-t1, previous=(t:1, i:21), leaderCommit=16, initializing? false, entries: <empty>
2019-09-10 20:22:56,480 [java.util.concurrent.ThreadPoolExecutor$Worker@60cc4b5a[State = -1, empty queue]] WARN  server.GrpcLogAppender (GrpcLogAppender.java:timeoutAppendRequest(200)) - 6effdead-13d1-41e6-a2f2-1b6cf88b37a4@group-473A3ADDDDF6->6721d19e-fad5-40c6-a99e-1f07fcc56c74-GrpcLogAppender: appendEntries Timeout, request=6effdead-13d1-41e6-a2f2-1b6cf88b37a4->6721d19e-fad5-40c6-a99e-1f07fcc56c74#86-t1, previous=(t:1, i:21), leaderCommit=16, initializing? false, entries: <empty>
2019-09-10 20:22:56,957 [EventQueue-PipelineActionsForPipelineActionHandler] ERROR pipeline.PipelineActionHandler (PipelineActionHandler.java:onMessage(60)) - Received pipeline action CLOSE for Pipeline[ Id: 1d43f9da-0d5f-41be-945d-473a3addddf6, Nodes: 6721d19e-fad5-40c6-a99e-1f07fcc56c74{ip: 192.168.34.25, host: pr-hdds-2032-ffkjc-170187842, networkLocation: /default-rack, certSerialId: null}6effdead-13d1-41e6-a2f2-1b6cf88b37a4{ip: 192.168.34.25, host: pr-hdds-2032-ffkjc-170187842, networkLocation: /default-rack, certSerialId: null}9f3eeb55-1628-4544-b8a1-8f6a6bd18952{ip: 192.168.34.25, host: pr-hdds-2032-ffkjc-170187842, networkLocation: /default-rack, certSerialId: null}, Type:RATIS, Factor:THREE, State:CLOSED] from datanode 6effdead-13d1-41e6-a2f2-1b6cf88b37a4{ip: 192.168.34.25, host: pr-hdds-2032-ffkjc-170187842, networkLocation: /default-rack, certSerialId: null}. Reason : 6effdead-13d1-41e6-a2f2-1b6cf88b37a4 has not seen follower/s 6721d19e-fad5-40c6-a99e-1f07fcc56c74 for 163264ms 9f3eeb55-1628-4544-b8a1-8f6a6bd18952 for 163252ms
2019-09-10 20:22:56,957 [EventQueue-PipelineActionsForPipelineActionHandler] INFO  pipeline.SCMPipelineManager (SCMPipelineManager.java:finalizeAndDestroyPipeline(311)) - destroying pipeline:Pipeline[ Id: 1d43f9da-0d5f-41be-945d-473a3addddf6, Nodes: 6721d19e-fad5-40c6-a99e-1f07fcc56c74{ip: 192.168.34.25, host: pr-hdds-2032-ffkjc-170187842, networkLocation: /default-rack, certSerialId: null}6effdead-13d1-41e6-a2f2-1b6cf88b37a4{ip: 192.168.34.25, host: pr-hdds-2032-ffkjc-170187842, networkLocation: /default-rack, certSerialId: null}9f3eeb55-1628-4544-b8a1-8f6a6bd18952{ip: 192.168.34.25, host: pr-hdds-2032-ffkjc-170187842, networkLocation: /default-rack, certSerialId: null}, Type:RATIS, Factor:THREE, State:CLOSED]
 0.00% |█                                                                                                    |  0/1 Time: 0:02:50 0.00% |█                                                                                                    |  0/1 Time: 0:02:512019-09-10 20:22:58,484 [org.apache.ratis.server.impl.LogAppender$AppenderDaemon$$Lambda$509/1857731019@35a2346c] ERROR ratis.XceiverServerRatis (XceiverServerRatis.java:triggerPipelineClose(568)) - pipeline Action CLOSE  on pipeline PipelineID=1d43f9da-0d5f-41be-945d-473a3addddf6.Reason : 6effdead-13d1-41e6-a2f2-1b6cf88b37a4 has not seen follower/s 6721d19e-fad5-40c6-a99e-1f07fcc56c74 for 165767ms 9f3eeb55-1628-4544-b8a1-8f6a6bd18952 for 165755ms
2019-09-10 20:22:58,484 [org.apache.ratis.server.impl.LogAppender$AppenderDaemon$$Lambda$509/1857731019@4b841e10] ERROR ratis.XceiverServerRatis (XceiverServerRatis.java:triggerPipelineClose(568)) - pipeline Action CLOSE  on pipeline PipelineID=1d43f9da-0d5f-41be-945d-473a3addddf6.Reason : 6effdead-13d1-41e6-a2f2-1b6cf88b37a4 has not seen follower/s 6721d19e-fad5-40c6-a99e-1f07fcc56c74 for 165767ms 9f3eeb55-1628-4544-b8a1-8f6a6bd18952 for 165755ms
2019-09-10 20:22:58,956 [EventQueue-PipelineActionsForPipelineActionHandler] ERROR pipeline.PipelineActionHandler (PipelineActionHandler.java:onMessage(60)) - Received pipeline action CLOSE for Pipeline[ Id: 1d43f9da-0d5f-41be-945d-473a3addddf6, Nodes: 6721d19e-fad5-40c6-a99e-1f07fcc56c74{ip: 192.168.34.25, host: pr-hdds-2032-ffkjc-170187842, networkLocation: /default-rack, certSerialId: null}6effdead-13d1-41e6-a2f2-1b6cf88b37a4{ip: 192.168.34.25, host: pr-hdds-2032-ffkjc-170187842, networkLocation: /default-rack, certSerialId: null}9f3eeb55-1628-4544-b8a1-8f6a6bd18952{ip: 192.168.34.25, host: pr-hdds-2032-ffkjc-170187842, networkLocation: /default-rack, certSerialId: null}, Type:RATIS, Factor:THREE, State:CLOSED] from datanode 6effdead-13d1-41e6-a2f2-1b6cf88b37a4{ip: 192.168.34.25, host: pr-hdds-2032-ffkjc-170187842, networkLocation: /default-rack, certSerialId: null}. Reason : 6effdead-13d1-41e6-a2f2-1b6cf88b37a4 has not seen follower/s 6721d19e-fad5-40c6-a99e-1f07fcc56c74 for 165767ms 9f3eeb55-1628-4544-b8a1-8f6a6bd18952 for 165755ms
2019-09-10 20:22:58,957 [EventQueue-PipelineActionsForPipelineActionHandler] INFO  pipeline.SCMPipelineManager (SCMPipelineManager.java:finalizeAndDestroyPipeline(311)) - destroying pipeline:Pipeline[ Id: 1d43f9da-0d5f-41be-945d-473a3addddf6, Nodes: 6721d19e-fad5-40c6-a99e-1f07fcc56c74{ip: 192.168.34.25, host: pr-hdds-2032-ffkjc-170187842, networkLocation: /default-rack, certSerialId: null}6effdead-13d1-41e6-a2f2-1b6cf88b37a4{ip: 192.168.34.25, host: pr-hdds-2032-ffkjc-170187842, networkLocation: /default-rack, certSerialId: null}9f3eeb55-1628-4544-b8a1-8f6a6bd18952{ip: 192.168.34.25, host: pr-hdds-2032-ffkjc-170187842, networkLocation: /default-rack, certSerialId: null}, Type:RATIS, Factor:THREE, State:CLOSED]
2019-09-10 20:22:58,981 [java.util.concurrent.ThreadPoolExecutor$Worker@1d3c1c77[State = -1, empty queue]] WARN  server.GrpcLogAppender (GrpcLogAppender.java:timeoutAppendRequest(200)) - 6effdead-13d1-41e6-a2f2-1b6cf88b37a4@group-473A3ADDDDF6->9f3eeb55-1628-4544-b8a1-8f6a6bd18952-GrpcLogAppender: appendEntries Timeout, request=6effdead-13d1-41e6-a2f2-1b6cf88b37a4->9f3eeb55-1628-4544-b8a1-8f6a6bd18952#87-t1, previous=(t:1, i:21), leaderCommit=16, initializing? false, entries: <empty>
2019-09-10 20:22:58,981 [java.util.concurrent.ThreadPoolExecutor$Worker@60cc4b5a[State = -1, empty queue]] WARN  server.GrpcLogAppender (GrpcLogAppender.java:timeoutAppendRequest(200)) - 6effdead-13d1-41e6-a2f2-1b6cf88b37a4@group-473A3ADDDDF6->6721d19e-fad5-40c6-a99e-1f07fcc56c74-GrpcLogAppender: appendEntries Timeout, request=6effdead-13d1-41e6-a2f2-1b6cf88b37a4->6721d19e-fad5-40c6-a99e-1f07fcc56c74#87-t1, previous=(t:1, i:21), leaderCommit=16, initializing? false, entries: <empty>
 0.00% |█                                                                                                    |  0/1 Time: 0:02:522019-09-10 20:22:59,808 [grpc-default-executor-0] INFO  client.GrpcClientProtocolClient (GrpcClientProtocolClient.java:onNext(264)) - client-2E8FF6204D1E->6721d19e-fad5-40c6-a99e-1f07fcc56c74: receive RaftClientReply:client-2E8FF6204D1E->6721d19e-fad5-40c6-a99e-1f07fcc56c74@group-473A3ADDDDF6, cid=16, FAILED org.apache.ratis.protocol.NotLeaderException: Server 6721d19e-fad5-40c6-a99e-1f07fcc56c74@group-473A3ADDDDF6 is not the leader 6effdead-13d1-41e6-a2f2-1b6cf88b37a4:192.168.34.25:36480, logIndex=0, commits[6721d19e-fad5-40c6-a99e-1f07fcc56c74:c16, 6effdead-13d1-41e6-a2f2-1b6cf88b37a4:c16, 9f3eeb55-1628-4544-b8a1-8f6a6bd18952:c12]
 0.00% |█                                                                                                    |  0/1 Time: 0:02:532019-09-10 20:23:00,984 [org.apache.ratis.server.impl.LogAppender$AppenderDaemon$$Lambda$509/1857731019@4b841e10] ERROR ratis.XceiverServerRatis (XceiverServerRatis.java:triggerPipelineClose(568)) - pipeline Action CLOSE  on pipeline PipelineID=1d43f9da-0d5f-41be-945d-473a3addddf6.Reason : 6effdead-13d1-41e6-a2f2-1b6cf88b37a4 has not seen follower/s 6721d19e-fad5-40c6-a99e-1f07fcc56c74 for 168268ms 9f3eeb55-1628-4544-b8a1-8f6a6bd18952 for 168256ms
2019-09-10 20:23:00,984 [org.apache.ratis.server.impl.LogAppender$AppenderDaemon$$Lambda$509/1857731019@35a2346c] ERROR ratis.XceiverServerRatis (XceiverServerRatis.java:triggerPipelineClose(568)) - pipeline Action CLOSE  on pipeline PipelineID=1d43f9da-0d5f-41be-945d-473a3addddf6.Reason : 6effdead-13d1-41e6-a2f2-1b6cf88b37a4 has not seen follower/s 6721d19e-fad5-40c6-a99e-1f07fcc56c74 for 168268ms 9f3eeb55-1628-4544-b8a1-8f6a6bd18952 for 168256ms
 0.00% |█                                                                                                    |  0/1 Time: 0:02:542019-09-10 20:23:01,483 [java.util.concurrent.ThreadPoolExecutor$Worker@1d3c1c77[State = -1, empty queue]] WARN  server.GrpcLogAppender (GrpcLogAppender.java:timeoutAppendRequest(200)) - 6effdead-13d1-41e6-a2f2-1b6cf88b37a4@group-473A3ADDDDF6->9f3eeb55-1628-4544-b8a1-8f6a6bd18952-GrpcLogAppender: appendEntries Timeout, request=6effdead-13d1-41e6-a2f2-1b6cf88b37a4->9f3eeb55-1628-4544-b8a1-8f6a6bd18952#88-t1, previous=(t:1, i:21), leaderCommit=16, initializing? false, entries: <empty>
2019-09-10 20:23:01,483 [java.util.concurrent.ThreadPoolExecutor$Worker@60cc4b5a[State = -1, empty queue]] WARN  server.GrpcLogAppender (GrpcLogAppender.java:timeoutAppendRequest(200)) - 6effdead-13d1-41e6-a2f2-1b6cf88b37a4@group-473A3ADDDDF6->6721d19e-fad5-40c6-a99e-1f07fcc56c74-GrpcLogAppender: appendEntries Timeout, request=6effdead-13d1-41e6-a2f2-1b6cf88b37a4->6721d19e-fad5-40c6-a99e-1f07fcc56c74#88-t1, previous=(t:1, i:21), leaderCommit=16, initializing? false, entries: <empty>
2019-09-10 20:23:01,957 [EventQueue-PipelineActionsForPipelineActionHandler] ERROR pipeline.PipelineActionHandler (PipelineActionHandler.java:onMessage(60)) - Received pipeline action CLOSE for Pipeline[ Id: 1d43f9da-0d5f-41be-945d-473a3addddf6, Nodes: 6721d19e-fad5-40c6-a99e-1f07fcc56c74{ip: 192.168.34.25, host: pr-hdds-2032-ffkjc-170187842, networkLocation: /default-rack, certSerialId: null}6effdead-13d1-41e6-a2f2-1b6cf88b37a4{ip: 192.168.34.25, host: pr-hdds-2032-ffkjc-170187842, networkLocation: /default-rack, certSerialId: null}9f3eeb55-1628-4544-b8a1-8f6a6bd18952{ip: 192.168.34.25, host: pr-hdds-2032-ffkjc-170187842, networkLocation: /default-rack, certSerialId: null}, Type:RATIS, Factor:THREE, State:CLOSED] from datanode 6effdead-13d1-41e6-a2f2-1b6cf88b37a4{ip: 192.168.34.25, host: pr-hdds-2032-ffkjc-170187842, networkLocation: /default-rack, certSerialId: null}. Reason : 6effdead-13d1-41e6-a2f2-1b6cf88b37a4 has not seen follower/s 6721d19e-fad5-40c6-a99e-1f07fcc56c74 for 168268ms 9f3eeb55-1628-4544-b8a1-8f6a6bd18952 for 168256ms
2019-09-10 20:23:01,957 [EventQueue-PipelineActionsForPipelineActionHandler] INFO  pipeline.SCMPipelineManager (SCMPipelineManager.java:finalizeAndDestroyPipeline(311)) - destroying pipeline:Pipeline[ Id: 1d43f9da-0d5f-41be-945d-473a3addddf6, Nodes: 6721d19e-fad5-40c6-a99e-1f07fcc56c74{ip: 192.168.34.25, host: pr-hdds-2032-ffkjc-170187842, networkLocation: /default-rack, certSerialId: null}6effdead-13d1-41e6-a2f2-1b6cf88b37a4{ip: 192.168.34.25, host: pr-hdds-2032-ffkjc-170187842, networkLocation: /default-rack, certSerialId: null}9f3eeb55-1628-4544-b8a1-8f6a6bd18952{ip: 192.168.34.25, host: pr-hdds-2032-ffkjc-170187842, networkLocation: /default-rack, certSerialId: null}, Type:RATIS, Factor:THREE, State:CLOSED]
 0.00% |█                                                                                                    |  0/1 Time: 0:02:552019-09-10 20:23:02,963 [6effdead-13d1-41e6-a2f2-1b6cf88b37a4@group-473A3ADDDDF6-SegmentedRaftLogWorker] WARN  segmented.SegmentedRaftLogWorker (SegmentedRaftLogWorker.java:getFromFuture(90)) - Timeout 16/~
org.apache.ratis.protocol.TimeoutIOException: Timeout 10s: WriteLog:19: (t:1, i:19), STATEMACHINELOGENTRY, client-2E8FF6204D1E, cid=18-writeStateMachineData
	at org.apache.ratis.util.IOUtils.getFromFuture(IOUtils.java:87)
	at org.apache.ratis.server.raftlog.segmented.SegmentedRaftLogWorker$StateMachineDataPolicy.getFromFuture(SegmentedRaftLogWorker.java:87)
	at org.apache.ratis.server.raftlog.segmented.SegmentedRaftLogWorker$WriteLog.execute(SegmentedRaftLogWorker.java:477)
	at org.apache.ratis.server.raftlog.segmented.SegmentedRaftLogWorker.run(SegmentedRaftLogWorker.java:289)
	at java.lang.Thread.run(Thread.java:748)
Caused by: java.util.concurrent.TimeoutException
	at java.util.concurrent.CompletableFuture.timedGet(CompletableFuture.java:1771)
	at java.util.concurrent.CompletableFuture.get(CompletableFuture.java:1915)
	at org.apache.ratis.util.IOUtils.getFromFuture(IOUtils.java:79)
	... 4 more
2019-09-10 20:23:02,991 [6721d19e-fad5-40c6-a99e-1f07fcc56c74@group-473A3ADDDDF6-SegmentedRaftLogWorker] WARN  segmented.SegmentedRaftLogWorker (SegmentedRaftLogWorker.java:getFromFuture(90)) - Timeout 16/~
org.apache.ratis.protocol.TimeoutIOException: Timeout 10s: WriteLog:19: (t:1, i:19), STATEMACHINELOGENTRY, client-2E8FF6204D1E, cid=18-writeStateMachineData
	at org.apache.ratis.util.IOUtils.getFromFuture(IOUtils.java:87)
	at org.apache.ratis.server.raftlog.segmented.SegmentedRaftLogWorker$StateMachineDataPolicy.getFromFuture(SegmentedRaftLogWorker.java:87)
	at org.apache.ratis.server.raftlog.segmented.SegmentedRaftLogWorker$WriteLog.execute(SegmentedRaftLogWorker.java:477)
	at org.apache.ratis.server.raftlog.segmented.SegmentedRaftLogWorker.run(SegmentedRaftLogWorker.java:289)
	at java.lang.Thread.run(Thread.java:748)
Caused by: java.util.concurrent.TimeoutException
	at java.util.concurrent.CompletableFuture.timedGet(CompletableFuture.java:1771)
	at java.util.concurrent.CompletableFuture.get(CompletableFuture.java:1915)
	at org.apache.ratis.util.IOUtils.getFromFuture(IOUtils.java:79)
	... 4 more
2019-09-10 20:23:02,993 [9f3eeb55-1628-4544-b8a1-8f6a6bd18952@group-473A3ADDDDF6-SegmentedRaftLogWorker] WARN  segmented.SegmentedRaftLogWorker (SegmentedRaftLogWorker.java:getFromFuture(90)) - Timeout 16/~
org.apache.ratis.protocol.TimeoutIOException: Timeout 10s: WriteLog:19: (t:1, i:19), STATEMACHINELOGENTRY, client-2E8FF6204D1E, cid=18-writeStateMachineData
	at org.apache.ratis.util.IOUtils.getFromFuture(IOUtils.java:87)
	at org.apache.ratis.server.raftlog.segmented.SegmentedRaftLogWorker$StateMachineDataPolicy.getFromFuture(SegmentedRaftLogWorker.java:87)
	at org.apache.ratis.server.raftlog.segmented.SegmentedRaftLogWorker$WriteLog.execute(SegmentedRaftLogWorker.java:477)
	at org.apache.ratis.server.raftlog.segmented.SegmentedRaftLogWorker.run(SegmentedRaftLogWorker.java:289)
	at java.lang.Thread.run(Thread.java:748)
Caused by: java.util.concurrent.TimeoutException
	at java.util.concurrent.CompletableFuture.timedGet(CompletableFuture.java:1771)
	at java.util.concurrent.CompletableFuture.get(CompletableFuture.java:1915)
	at org.apache.ratis.util.IOUtils.getFromFuture(IOUtils.java:79)
	... 4 more
 0.00% |█                                                                                                    |  0/1 Time: 0:02:562019-09-10 20:23:03,485 [org.apache.ratis.server.impl.LogAppender$AppenderDaemon$$Lambda$509/1857731019@4b841e10] ERROR ratis.XceiverServerRatis (XceiverServerRatis.java:triggerPipelineClose(568)) - pipeline Action CLOSE  on pipeline PipelineID=1d43f9da-0d5f-41be-945d-473a3addddf6.Reason : 6effdead-13d1-41e6-a2f2-1b6cf88b37a4 has not seen follower/s 6721d19e-fad5-40c6-a99e-1f07fcc56c74 for 170769ms 9f3eeb55-1628-4544-b8a1-8f6a6bd18952 for 170757ms
2019-09-10 20:23:03,485 [org.apache.ratis.server.impl.LogAppender$AppenderDaemon$$Lambda$509/1857731019@35a2346c] ERROR ratis.XceiverServerRatis (XceiverServerRatis.java:triggerPipelineClose(568)) - pipeline Action CLOSE  on pipeline PipelineID=1d43f9da-0d5f-41be-945d-473a3addddf6.Reason : 6effdead-13d1-41e6-a2f2-1b6cf88b37a4 has not seen follower/s 6721d19e-fad5-40c6-a99e-1f07fcc56c74 for 170769ms 9f3eeb55-1628-4544-b8a1-8f6a6bd18952 for 170757ms
2019-09-10 20:23:03,955 [EventQueue-PipelineActionsForPipelineActionHandler] ERROR pipeline.PipelineActionHandler (PipelineActionHandler.java:onMessage(60)) - Received pipeline action CLOSE for Pipeline[ Id: 1d43f9da-0d5f-41be-945d-473a3addddf6, Nodes: 6721d19e-fad5-40c6-a99e-1f07fcc56c74{ip: 192.168.34.25, host: pr-hdds-2032-ffkjc-170187842, networkLocation: /default-rack, certSerialId: null}6effdead-13d1-41e6-a2f2-1b6cf88b37a4{ip: 192.168.34.25, host: pr-hdds-2032-ffkjc-170187842, networkLocation: /default-rack, certSerialId: null}9f3eeb55-1628-4544-b8a1-8f6a6bd18952{ip: 192.168.34.25, host: pr-hdds-2032-ffkjc-170187842, networkLocation: /default-rack, certSerialId: null}, Type:RATIS, Factor:THREE, State:CLOSED] from datanode 6effdead-13d1-41e6-a2f2-1b6cf88b37a4{ip: 192.168.34.25, host: pr-hdds-2032-ffkjc-170187842, networkLocation: /default-rack, certSerialId: null}. Reason : 6effdead-13d1-41e6-a2f2-1b6cf88b37a4 has not seen follower/s 6721d19e-fad5-40c6-a99e-1f07fcc56c74 for 170769ms 9f3eeb55-1628-4544-b8a1-8f6a6bd18952 for 170757ms
2019-09-10 20:23:03,956 [EventQueue-PipelineActionsForPipelineActionHandler] INFO  pipeline.SCMPipelineManager (SCMPipelineManager.java:finalizeAndDestroyPipeline(311)) - destroying pipeline:Pipeline[ Id: 1d43f9da-0d5f-41be-945d-473a3addddf6, Nodes: 6721d19e-fad5-40c6-a99e-1f07fcc56c74{ip: 192.168.34.25, host: pr-hdds-2032-ffkjc-170187842, networkLocation: /default-rack, certSerialId: null}6effdead-13d1-41e6-a2f2-1b6cf88b37a4{ip: 192.168.34.25, host: pr-hdds-2032-ffkjc-170187842, networkLocation: /default-rack, certSerialId: null}9f3eeb55-1628-4544-b8a1-8f6a6bd18952{ip: 192.168.34.25, host: pr-hdds-2032-ffkjc-170187842, networkLocation: /default-rack, certSerialId: null}, Type:RATIS, Factor:THREE, State:CLOSED]
2019-09-10 20:23:03,984 [java.util.concurrent.ThreadPoolExecutor$Worker@60cc4b5a[State = -1, empty queue]] WARN  server.GrpcLogAppender (GrpcLogAppender.java:timeoutAppendRequest(200)) - 6effdead-13d1-41e6-a2f2-1b6cf88b37a4@group-473A3ADDDDF6->6721d19e-fad5-40c6-a99e-1f07fcc56c74-GrpcLogAppender: appendEntries Timeout, request=6effdead-13d1-41e6-a2f2-1b6cf88b37a4->6721d19e-fad5-40c6-a99e-1f07fcc56c74#89-t1, previous=(t:1, i:21), leaderCommit=16, initializing? false, entries: <empty>
2019-09-10 20:23:03,984 [java.util.concurrent.ThreadPoolExecutor$Worker@1d3c1c77[State = -1, empty queue]] WARN  server.GrpcLogAppender (GrpcLogAppender.java:timeoutAppendRequest(200)) - 6effdead-13d1-41e6-a2f2-1b6cf88b37a4@group-473A3ADDDDF6->9f3eeb55-1628-4544-b8a1-8f6a6bd18952-GrpcLogAppender: appendEntries Timeout, request=6effdead-13d1-41e6-a2f2-1b6cf88b37a4->9f3eeb55-1628-4544-b8a1-8f6a6bd18952#89-t1, previous=(t:1, i:21), leaderCommit=16, initializing? false, entries: <empty>
 0.00% |█                                                                                                    |  0/1 Time: 0:02:572019-09-10 20:23:04,859 [grpc-default-executor-3] INFO  client.GrpcClientProtocolClient (GrpcClientProtocolClient.java:onNext(264)) - client-2E8FF6204D1E->6721d19e-fad5-40c6-a99e-1f07fcc56c74: receive RaftClientReply:client-2E8FF6204D1E->6721d19e-fad5-40c6-a99e-1f07fcc56c74@group-473A3ADDDDF6, cid=16, FAILED org.apache.ratis.protocol.NotLeaderException: Server 6721d19e-fad5-40c6-a99e-1f07fcc56c74@group-473A3ADDDDF6 is not the leader 6effdead-13d1-41e6-a2f2-1b6cf88b37a4:192.168.34.25:36480, logIndex=0, commits[6721d19e-fad5-40c6-a99e-1f07fcc56c74:c16, 6effdead-13d1-41e6-a2f2-1b6cf88b37a4:c16, 9f3eeb55-1628-4544-b8a1-8f6a6bd18952:c12]
 0.00% |█                                                                                                    |  0/1 Time: 0:02:582019-09-10 20:23:05,987 [org.apache.ratis.server.impl.LogAppender$AppenderDaemon$$Lambda$509/1857731019@35a2346c] ERROR ratis.XceiverServerRatis (XceiverServerRatis.java:triggerPipelineClose(568)) - pipeline Action CLOSE  on pipeline PipelineID=1d43f9da-0d5f-41be-945d-473a3addddf6.Reason : 6effdead-13d1-41e6-a2f2-1b6cf88b37a4 has not seen follower/s 6721d19e-fad5-40c6-a99e-1f07fcc56c74 for 173270ms 9f3eeb55-1628-4544-b8a1-8f6a6bd18952 for 173259ms
2019-09-10 20:23:05,987 [org.apache.ratis.server.impl.LogAppender$AppenderDaemon$$Lambda$509/1857731019@4b841e10] ERROR ratis.XceiverServerRatis (XceiverServerRatis.java:triggerPipelineClose(568)) - pipeline Action CLOSE  on pipeline PipelineID=1d43f9da-0d5f-41be-945d-473a3addddf6.Reason : 6effdead-13d1-41e6-a2f2-1b6cf88b37a4 has not seen follower/s 6721d19e-fad5-40c6-a99e-1f07fcc56c74 for 173270ms 9f3eeb55-1628-4544-b8a1-8f6a6bd18952 for 173259ms
 0.00% |█                                                                                                    |  0/1 Time: 0:02:592019-09-10 20:23:06,486 [java.util.concurrent.ThreadPoolExecutor$Worker@1d3c1c77[State = -1, empty queue]] WARN  server.GrpcLogAppender (GrpcLogAppender.java:timeoutAppendRequest(200)) - 6effdead-13d1-41e6-a2f2-1b6cf88b37a4@group-473A3ADDDDF6->9f3eeb55-1628-4544-b8a1-8f6a6bd18952-GrpcLogAppender: appendEntries Timeout, request=6effdead-13d1-41e6-a2f2-1b6cf88b37a4->9f3eeb55-1628-4544-b8a1-8f6a6bd18952#90-t1, previous=(t:1, i:21), leaderCommit=16, initializing? false, entries: <empty>
2019-09-10 20:23:06,486 [java.util.concurrent.ThreadPoolExecutor$Worker@60cc4b5a[State = -1, empty queue]] WARN  server.GrpcLogAppender (GrpcLogAppender.java:timeoutAppendRequest(200)) - 6effdead-13d1-41e6-a2f2-1b6cf88b37a4@group-473A3ADDDDF6->6721d19e-fad5-40c6-a99e-1f07fcc56c74-GrpcLogAppender: appendEntries Timeout, request=6effdead-13d1-41e6-a2f2-1b6cf88b37a4->6721d19e-fad5-40c6-a99e-1f07fcc56c74#90-t1, previous=(t:1, i:21), leaderCommit=16, initializing? false, entries: <empty>
2019-09-10 20:23:06,958 [EventQueue-PipelineActionsForPipelineActionHandler] ERROR pipeline.PipelineActionHandler (PipelineActionHandler.java:onMessage(60)) - Received pipeline action CLOSE for Pipeline[ Id: 1d43f9da-0d5f-41be-945d-473a3addddf6, Nodes: 6721d19e-fad5-40c6-a99e-1f07fcc56c74{ip: 192.168.34.25, host: pr-hdds-2032-ffkjc-170187842, networkLocation: /default-rack, certSerialId: null}6effdead-13d1-41e6-a2f2-1b6cf88b37a4{ip: 192.168.34.25, host: pr-hdds-2032-ffkjc-170187842, networkLocation: /default-rack, certSerialId: null}9f3eeb55-1628-4544-b8a1-8f6a6bd18952{ip: 192.168.34.25, host: pr-hdds-2032-ffkjc-170187842, networkLocation: /default-rack, certSerialId: null}, Type:RATIS, Factor:THREE, State:CLOSED] from datanode 6effdead-13d1-41e6-a2f2-1b6cf88b37a4{ip: 192.168.34.25, host: pr-hdds-2032-ffkjc-170187842, networkLocation: /default-rack, certSerialId: null}. Reason : 6effdead-13d1-41e6-a2f2-1b6cf88b37a4 has not seen follower/s 6721d19e-fad5-40c6-a99e-1f07fcc56c74 for 173270ms 9f3eeb55-1628-4544-b8a1-8f6a6bd18952 for 173259ms
2019-09-10 20:23:06,958 [EventQueue-PipelineActionsForPipelineActionHandler] INFO  pipeline.SCMPipelineManager (SCMPipelineManager.java:finalizeAndDestroyPipeline(311)) - destroying pipeline:Pipeline[ Id: 1d43f9da-0d5f-41be-945d-473a3addddf6, Nodes: 6721d19e-fad5-40c6-a99e-1f07fcc56c74{ip: 192.168.34.25, host: pr-hdds-2032-ffkjc-170187842, networkLocation: /default-rack, certSerialId: null}6effdead-13d1-41e6-a2f2-1b6cf88b37a4{ip: 192.168.34.25, host: pr-hdds-2032-ffkjc-170187842, networkLocation: /default-rack, certSerialId: null}9f3eeb55-1628-4544-b8a1-8f6a6bd18952{ip: 192.168.34.25, host: pr-hdds-2032-ffkjc-170187842, networkLocation: /default-rack, certSerialId: null}, Type:RATIS, Factor:THREE, State:CLOSED]
 0.00% |█                                                                                                    |  0/1 Time: 0:03:00 0.00% |█                                                                                                    |  0/1 Time: 0:03:012019-09-10 20:23:08,490 [org.apache.ratis.server.impl.LogAppender$AppenderDaemon$$Lambda$509/1857731019@35a2346c] ERROR ratis.XceiverServerRatis (XceiverServerRatis.java:triggerPipelineClose(568)) - pipeline Action CLOSE  on pipeline PipelineID=1d43f9da-0d5f-41be-945d-473a3addddf6.Reason : 6effdead-13d1-41e6-a2f2-1b6cf88b37a4 has not seen follower/s 6721d19e-fad5-40c6-a99e-1f07fcc56c74 for 175773ms 9f3eeb55-1628-4544-b8a1-8f6a6bd18952 for 175762ms
2019-09-10 20:23:08,490 [org.apache.ratis.server.impl.LogAppender$AppenderDaemon$$Lambda$509/1857731019@4b841e10] ERROR ratis.XceiverServerRatis (XceiverServerRatis.java:triggerPipelineClose(568)) - pipeline Action CLOSE  on pipeline PipelineID=1d43f9da-0d5f-41be-945d-473a3addddf6.Reason : 6effdead-13d1-41e6-a2f2-1b6cf88b37a4 has not seen follower/s 6721d19e-fad5-40c6-a99e-1f07fcc56c74 for 175773ms 9f3eeb55-1628-4544-b8a1-8f6a6bd18952 for 175762ms
2019-09-10 20:23:08,957 [EventQueue-PipelineActionsForPipelineActionHandler] ERROR pipeline.PipelineActionHandler (PipelineActionHandler.java:onMessage(60)) - Received pipeline action CLOSE for Pipeline[ Id: 1d43f9da-0d5f-41be-945d-473a3addddf6, Nodes: 6721d19e-fad5-40c6-a99e-1f07fcc56c74{ip: 192.168.34.25, host: pr-hdds-2032-ffkjc-170187842, networkLocation: /default-rack, certSerialId: null}6effdead-13d1-41e6-a2f2-1b6cf88b37a4{ip: 192.168.34.25, host: pr-hdds-2032-ffkjc-170187842, networkLocation: /default-rack, certSerialId: null}9f3eeb55-1628-4544-b8a1-8f6a6bd18952{ip: 192.168.34.25, host: pr-hdds-2032-ffkjc-170187842, networkLocation: /default-rack, certSerialId: null}, Type:RATIS, Factor:THREE, State:CLOSED] from datanode 6effdead-13d1-41e6-a2f2-1b6cf88b37a4{ip: 192.168.34.25, host: pr-hdds-2032-ffkjc-170187842, networkLocation: /default-rack, certSerialId: null}. Reason : 6effdead-13d1-41e6-a2f2-1b6cf88b37a4 has not seen follower/s 6721d19e-fad5-40c6-a99e-1f07fcc56c74 for 175773ms 9f3eeb55-1628-4544-b8a1-8f6a6bd18952 for 175762ms
2019-09-10 20:23:08,957 [EventQueue-PipelineActionsForPipelineActionHandler] INFO  pipeline.SCMPipelineManager (SCMPipelineManager.java:finalizeAndDestroyPipeline(311)) - destroying pipeline:Pipeline[ Id: 1d43f9da-0d5f-41be-945d-473a3addddf6, Nodes: 6721d19e-fad5-40c6-a99e-1f07fcc56c74{ip: 192.168.34.25, host: pr-hdds-2032-ffkjc-170187842, networkLocation: /default-rack, certSerialId: null}6effdead-13d1-41e6-a2f2-1b6cf88b37a4{ip: 192.168.34.25, host: pr-hdds-2032-ffkjc-170187842, networkLocation: /default-rack, certSerialId: null}9f3eeb55-1628-4544-b8a1-8f6a6bd18952{ip: 192.168.34.25, host: pr-hdds-2032-ffkjc-170187842, networkLocation: /default-rack, certSerialId: null}, Type:RATIS, Factor:THREE, State:CLOSED]
2019-09-10 20:23:08,987 [java.util.concurrent.ThreadPoolExecutor$Worker@1d3c1c77[State = -1, empty queue]] WARN  server.GrpcLogAppender (GrpcLogAppender.java:timeoutAppendRequest(200)) - 6effdead-13d1-41e6-a2f2-1b6cf88b37a4@group-473A3ADDDDF6->9f3eeb55-1628-4544-b8a1-8f6a6bd18952-GrpcLogAppender: appendEntries Timeout, request=6effdead-13d1-41e6-a2f2-1b6cf88b37a4->9f3eeb55-1628-4544-b8a1-8f6a6bd18952#91-t1, previous=(t:1, i:21), leaderCommit=16, initializing? false, entries: <empty>
2019-09-10 20:23:08,987 [java.util.concurrent.ThreadPoolExecutor$Worker@60cc4b5a[State = -1, empty queue]] WARN  server.GrpcLogAppender (GrpcLogAppender.java:timeoutAppendRequest(200)) - 6effdead-13d1-41e6-a2f2-1b6cf88b37a4@group-473A3ADDDDF6->6721d19e-fad5-40c6-a99e-1f07fcc56c74-GrpcLogAppender: appendEntries Timeout, request=6effdead-13d1-41e6-a2f2-1b6cf88b37a4->6721d19e-fad5-40c6-a99e-1f07fcc56c74#91-t1, previous=(t:1, i:21), leaderCommit=16, initializing? false, entries: <empty>
 0.00% |█                                                                                                    |  0/1 Time: 0:03:022019-09-10 20:23:09,927 [grpc-default-executor-0] INFO  client.GrpcClientProtocolClient (GrpcClientProtocolClient.java:onNext(264)) - client-2E8FF6204D1E->9f3eeb55-1628-4544-b8a1-8f6a6bd18952: receive RaftClientReply:client-2E8FF6204D1E->9f3eeb55-1628-4544-b8a1-8f6a6bd18952@group-473A3ADDDDF6, cid=16, FAILED org.apache.ratis.protocol.NotLeaderException: Server 9f3eeb55-1628-4544-b8a1-8f6a6bd18952@group-473A3ADDDDF6 is not the leader 6effdead-13d1-41e6-a2f2-1b6cf88b37a4:192.168.34.25:36480, logIndex=0, commits[9f3eeb55-1628-4544-b8a1-8f6a6bd18952:c16, 6721d19e-fad5-40c6-a99e-1f07fcc56c74:c12, 6effdead-13d1-41e6-a2f2-1b6cf88b37a4:c16]
 0.00% |█                                                                                                    |  0/1 Time: 0:03:032019-09-10 20:23:10,991 [org.apache.ratis.server.impl.LogAppender$AppenderDaemon$$Lambda$509/1857731019@35a2346c] ERROR ratis.XceiverServerRatis (XceiverServerRatis.java:triggerPipelineClose(568)) - pipeline Action CLOSE  on pipeline PipelineID=1d43f9da-0d5f-41be-945d-473a3addddf6.Reason : 6effdead-13d1-41e6-a2f2-1b6cf88b37a4 has not seen follower/s 6721d19e-fad5-40c6-a99e-1f07fcc56c74 for 178274ms 9f3eeb55-1628-4544-b8a1-8f6a6bd18952 for 178263ms
2019-09-10 20:23:10,991 [org.apache.ratis.server.impl.LogAppender$AppenderDaemon$$Lambda$509/1857731019@4b841e10] ERROR ratis.XceiverServerRatis (XceiverServerRatis.java:triggerPipelineClose(568)) - pipeline Action CLOSE  on pipeline PipelineID=1d43f9da-0d5f-41be-945d-473a3addddf6.Reason : 6effdead-13d1-41e6-a2f2-1b6cf88b37a4 has not seen follower/s 6721d19e-fad5-40c6-a99e-1f07fcc56c74 for 178274ms 9f3eeb55-1628-4544-b8a1-8f6a6bd18952 for 178263ms
 0.00% |█                                                                                                    |  0/1 Time: 0:03:042019-09-10 20:23:11,490 [java.util.concurrent.ThreadPoolExecutor$Worker@60cc4b5a[State = -1, empty queue]] WARN  server.GrpcLogAppender (GrpcLogAppender.java:timeoutAppendRequest(200)) - 6effdead-13d1-41e6-a2f2-1b6cf88b37a4@group-473A3ADDDDF6->6721d19e-fad5-40c6-a99e-1f07fcc56c74-GrpcLogAppender: appendEntries Timeout, request=6effdead-13d1-41e6-a2f2-1b6cf88b37a4->6721d19e-fad5-40c6-a99e-1f07fcc56c74#92-t1, previous=(t:1, i:21), leaderCommit=16, initializing? false, entries: <empty>
2019-09-10 20:23:11,490 [java.util.concurrent.ThreadPoolExecutor$Worker@1d3c1c77[State = -1, empty queue]] WARN  server.GrpcLogAppender (GrpcLogAppender.java:timeoutAppendRequest(200)) - 6effdead-13d1-41e6-a2f2-1b6cf88b37a4@group-473A3ADDDDF6->9f3eeb55-1628-4544-b8a1-8f6a6bd18952-GrpcLogAppender: appendEntries Timeout, request=6effdead-13d1-41e6-a2f2-1b6cf88b37a4->9f3eeb55-1628-4544-b8a1-8f6a6bd18952#92-t1, previous=(t:1, i:21), leaderCommit=16, initializing? false, entries: <empty>
2019-09-10 20:23:11,959 [EventQueue-PipelineActionsForPipelineActionHandler] ERROR pipeline.PipelineActionHandler (PipelineActionHandler.java:onMessage(60)) - Received pipeline action CLOSE for Pipeline[ Id: 1d43f9da-0d5f-41be-945d-473a3addddf6, Nodes: 6721d19e-fad5-40c6-a99e-1f07fcc56c74{ip: 192.168.34.25, host: pr-hdds-2032-ffkjc-170187842, networkLocation: /default-rack, certSerialId: null}6effdead-13d1-41e6-a2f2-1b6cf88b37a4{ip: 192.168.34.25, host: pr-hdds-2032-ffkjc-170187842, networkLocation: /default-rack, certSerialId: null}9f3eeb55-1628-4544-b8a1-8f6a6bd18952{ip: 192.168.34.25, host: pr-hdds-2032-ffkjc-170187842, networkLocation: /default-rack, certSerialId: null}, Type:RATIS, Factor:THREE, State:CLOSED] from datanode 6effdead-13d1-41e6-a2f2-1b6cf88b37a4{ip: 192.168.34.25, host: pr-hdds-2032-ffkjc-170187842, networkLocation: /default-rack, certSerialId: null}. Reason : 6effdead-13d1-41e6-a2f2-1b6cf88b37a4 has not seen follower/s 6721d19e-fad5-40c6-a99e-1f07fcc56c74 for 178274ms 9f3eeb55-1628-4544-b8a1-8f6a6bd18952 for 178263ms
2019-09-10 20:23:11,959 [EventQueue-PipelineActionsForPipelineActionHandler] INFO  pipeline.SCMPipelineManager (SCMPipelineManager.java:finalizeAndDestroyPipeline(311)) - destroying pipeline:Pipeline[ Id: 1d43f9da-0d5f-41be-945d-473a3addddf6, Nodes: 6721d19e-fad5-40c6-a99e-1f07fcc56c74{ip: 192.168.34.25, host: pr-hdds-2032-ffkjc-170187842, networkLocation: /default-rack, certSerialId: null}6effdead-13d1-41e6-a2f2-1b6cf88b37a4{ip: 192.168.34.25, host: pr-hdds-2032-ffkjc-170187842, networkLocation: /default-rack, certSerialId: null}9f3eeb55-1628-4544-b8a1-8f6a6bd18952{ip: 192.168.34.25, host: pr-hdds-2032-ffkjc-170187842, networkLocation: /default-rack, certSerialId: null}, Type:RATIS, Factor:THREE, State:CLOSED]
 0.00% |█                                                                                                    |  0/1 Time: 0:03:052019-09-10 20:23:12,964 [6effdead-13d1-41e6-a2f2-1b6cf88b37a4@group-473A3ADDDDF6-SegmentedRaftLogWorker] WARN  segmented.SegmentedRaftLogWorker (SegmentedRaftLogWorker.java:getFromFuture(90)) - Timeout 17/~
org.apache.ratis.protocol.TimeoutIOException: Timeout 10s: WriteLog:19: (t:1, i:19), STATEMACHINELOGENTRY, client-2E8FF6204D1E, cid=18-writeStateMachineData
	at org.apache.ratis.util.IOUtils.getFromFuture(IOUtils.java:87)
	at org.apache.ratis.server.raftlog.segmented.SegmentedRaftLogWorker$StateMachineDataPolicy.getFromFuture(SegmentedRaftLogWorker.java:87)
	at org.apache.ratis.server.raftlog.segmented.SegmentedRaftLogWorker$WriteLog.execute(SegmentedRaftLogWorker.java:477)
	at org.apache.ratis.server.raftlog.segmented.SegmentedRaftLogWorker.run(SegmentedRaftLogWorker.java:289)
	at java.lang.Thread.run(Thread.java:748)
Caused by: java.util.concurrent.TimeoutException
	at java.util.concurrent.CompletableFuture.timedGet(CompletableFuture.java:1771)
	at java.util.concurrent.CompletableFuture.get(CompletableFuture.java:1915)
	at org.apache.ratis.util.IOUtils.getFromFuture(IOUtils.java:79)
	... 4 more
2019-09-10 20:23:12,992 [6721d19e-fad5-40c6-a99e-1f07fcc56c74@group-473A3ADDDDF6-SegmentedRaftLogWorker] WARN  segmented.SegmentedRaftLogWorker (SegmentedRaftLogWorker.java:getFromFuture(90)) - Timeout 17/~
org.apache.ratis.protocol.TimeoutIOException: Timeout 10s: WriteLog:19: (t:1, i:19), STATEMACHINELOGENTRY, client-2E8FF6204D1E, cid=18-writeStateMachineData
	at org.apache.ratis.util.IOUtils.getFromFuture(IOUtils.java:87)
	at org.apache.ratis.server.raftlog.segmented.SegmentedRaftLogWorker$StateMachineDataPolicy.getFromFuture(SegmentedRaftLogWorker.java:87)
	at org.apache.ratis.server.raftlog.segmented.SegmentedRaftLogWorker$WriteLog.execute(SegmentedRaftLogWorker.java:477)
	at org.apache.ratis.server.raftlog.segmented.SegmentedRaftLogWorker.run(SegmentedRaftLogWorker.java:289)
	at java.lang.Thread.run(Thread.java:748)
Caused by: java.util.concurrent.TimeoutException
	at java.util.concurrent.CompletableFuture.timedGet(CompletableFuture.java:1771)
	at java.util.concurrent.CompletableFuture.get(CompletableFuture.java:1915)
	at org.apache.ratis.util.IOUtils.getFromFuture(IOUtils.java:79)
	... 4 more
2019-09-10 20:23:12,993 [9f3eeb55-1628-4544-b8a1-8f6a6bd18952@group-473A3ADDDDF6-SegmentedRaftLogWorker] WARN  segmented.SegmentedRaftLogWorker (SegmentedRaftLogWorker.java:getFromFuture(90)) - Timeout 17/~
org.apache.ratis.protocol.TimeoutIOException: Timeout 10s: WriteLog:19: (t:1, i:19), STATEMACHINELOGENTRY, client-2E8FF6204D1E, cid=18-writeStateMachineData
	at org.apache.ratis.util.IOUtils.getFromFuture(IOUtils.java:87)
	at org.apache.ratis.server.raftlog.segmented.SegmentedRaftLogWorker$StateMachineDataPolicy.getFromFuture(SegmentedRaftLogWorker.java:87)
	at org.apache.ratis.server.raftlog.segmented.SegmentedRaftLogWorker$WriteLog.execute(SegmentedRaftLogWorker.java:477)
	at org.apache.ratis.server.raftlog.segmented.SegmentedRaftLogWorker.run(SegmentedRaftLogWorker.java:289)
	at java.lang.Thread.run(Thread.java:748)
Caused by: java.util.concurrent.TimeoutException
	at java.util.concurrent.CompletableFuture.timedGet(CompletableFuture.java:1771)
	at java.util.concurrent.CompletableFuture.get(CompletableFuture.java:1915)
	at org.apache.ratis.util.IOUtils.getFromFuture(IOUtils.java:79)
	... 4 more
 0.00% |█                                                                                                    |  0/1 Time: 0:03:062019-09-10 20:23:13,494 [org.apache.ratis.server.impl.LogAppender$AppenderDaemon$$Lambda$509/1857731019@35a2346c] ERROR ratis.XceiverServerRatis (XceiverServerRatis.java:triggerPipelineClose(568)) - pipeline Action CLOSE  on pipeline PipelineID=1d43f9da-0d5f-41be-945d-473a3addddf6.Reason : 6effdead-13d1-41e6-a2f2-1b6cf88b37a4 has not seen follower/s 6721d19e-fad5-40c6-a99e-1f07fcc56c74 for 180777ms 9f3eeb55-1628-4544-b8a1-8f6a6bd18952 for 180765ms
2019-09-10 20:23:13,494 [org.apache.ratis.server.impl.LogAppender$AppenderDaemon$$Lambda$509/1857731019@4b841e10] ERROR ratis.XceiverServerRatis (XceiverServerRatis.java:triggerPipelineClose(568)) - pipeline Action CLOSE  on pipeline PipelineID=1d43f9da-0d5f-41be-945d-473a3addddf6.Reason : 6effdead-13d1-41e6-a2f2-1b6cf88b37a4 has not seen follower/s 6721d19e-fad5-40c6-a99e-1f07fcc56c74 for 180777ms 9f3eeb55-1628-4544-b8a1-8f6a6bd18952 for 180765ms
2019-09-10 20:23:13,962 [EventQueue-PipelineActionsForPipelineActionHandler] ERROR pipeline.PipelineActionHandler (PipelineActionHandler.java:onMessage(60)) - Received pipeline action CLOSE for Pipeline[ Id: 1d43f9da-0d5f-41be-945d-473a3addddf6, Nodes: 6721d19e-fad5-40c6-a99e-1f07fcc56c74{ip: 192.168.34.25, host: pr-hdds-2032-ffkjc-170187842, networkLocation: /default-rack, certSerialId: null}6effdead-13d1-41e6-a2f2-1b6cf88b37a4{ip: 192.168.34.25, host: pr-hdds-2032-ffkjc-170187842, networkLocation: /default-rack, certSerialId: null}9f3eeb55-1628-4544-b8a1-8f6a6bd18952{ip: 192.168.34.25, host: pr-hdds-2032-ffkjc-170187842, networkLocation: /default-rack, certSerialId: null}, Type:RATIS, Factor:THREE, State:CLOSED] from datanode 6effdead-13d1-41e6-a2f2-1b6cf88b37a4{ip: 192.168.34.25, host: pr-hdds-2032-ffkjc-170187842, networkLocation: /default-rack, certSerialId: null}. Reason : 6effdead-13d1-41e6-a2f2-1b6cf88b37a4 has not seen follower/s 6721d19e-fad5-40c6-a99e-1f07fcc56c74 for 180777ms 9f3eeb55-1628-4544-b8a1-8f6a6bd18952 for 180765ms
2019-09-10 20:23:13,963 [EventQueue-PipelineActionsForPipelineActionHandler] INFO  pipeline.SCMPipelineManager (SCMPipelineManager.java:finalizeAndDestroyPipeline(311)) - destroying pipeline:Pipeline[ Id: 1d43f9da-0d5f-41be-945d-473a3addddf6, Nodes: 6721d19e-fad5-40c6-a99e-1f07fcc56c74{ip: 192.168.34.25, host: pr-hdds-2032-ffkjc-170187842, networkLocation: /default-rack, certSerialId: null}6effdead-13d1-41e6-a2f2-1b6cf88b37a4{ip: 192.168.34.25, host: pr-hdds-2032-ffkjc-170187842, networkLocation: /default-rack, certSerialId: null}9f3eeb55-1628-4544-b8a1-8f6a6bd18952{ip: 192.168.34.25, host: pr-hdds-2032-ffkjc-170187842, networkLocation: /default-rack, certSerialId: null}, Type:RATIS, Factor:THREE, State:CLOSED]
2019-09-10 20:23:13,991 [java.util.concurrent.ThreadPoolExecutor$Worker@60cc4b5a[State = -1, empty queue]] WARN  server.GrpcLogAppender (GrpcLogAppender.java:timeoutAppendRequest(200)) - 6effdead-13d1-41e6-a2f2-1b6cf88b37a4@group-473A3ADDDDF6->6721d19e-fad5-40c6-a99e-1f07fcc56c74-GrpcLogAppender: appendEntries Timeout, request=6effdead-13d1-41e6-a2f2-1b6cf88b37a4->6721d19e-fad5-40c6-a99e-1f07fcc56c74#93-t1, previous=(t:1, i:21), leaderCommit=16, initializing? false, entries: <empty>
2019-09-10 20:23:13,991 [java.util.concurrent.ThreadPoolExecutor$Worker@1d3c1c77[State = -1, empty queue]] WARN  server.GrpcLogAppender (GrpcLogAppender.java:timeoutAppendRequest(200)) - 6effdead-13d1-41e6-a2f2-1b6cf88b37a4@group-473A3ADDDDF6->9f3eeb55-1628-4544-b8a1-8f6a6bd18952-GrpcLogAppender: appendEntries Timeout, request=6effdead-13d1-41e6-a2f2-1b6cf88b37a4->9f3eeb55-1628-4544-b8a1-8f6a6bd18952#93-t1, previous=(t:1, i:21), leaderCommit=16, initializing? false, entries: <empty>
 0.00% |█                                                                                                    |  0/1 Time: 0:03:072019-09-10 20:23:14,985 [grpc-default-executor-0] INFO  client.GrpcClientProtocolClient (GrpcClientProtocolClient.java:onNext(264)) - client-2E8FF6204D1E->6721d19e-fad5-40c6-a99e-1f07fcc56c74: receive RaftClientReply:client-2E8FF6204D1E->6721d19e-fad5-40c6-a99e-1f07fcc56c74@group-473A3ADDDDF6, cid=16, FAILED org.apache.ratis.protocol.NotLeaderException: Server 6721d19e-fad5-40c6-a99e-1f07fcc56c74@group-473A3ADDDDF6 is not the leader 6effdead-13d1-41e6-a2f2-1b6cf88b37a4:192.168.34.25:36480, logIndex=0, commits[6721d19e-fad5-40c6-a99e-1f07fcc56c74:c16, 6effdead-13d1-41e6-a2f2-1b6cf88b37a4:c16, 9f3eeb55-1628-4544-b8a1-8f6a6bd18952:c12]
 0.00% |█                                                                                                    |  0/1 Time: 0:03:082019-09-10 20:23:15,994 [org.apache.ratis.server.impl.LogAppender$AppenderDaemon$$Lambda$509/1857731019@4b841e10] ERROR ratis.XceiverServerRatis (XceiverServerRatis.java:triggerPipelineClose(568)) - pipeline Action CLOSE  on pipeline PipelineID=1d43f9da-0d5f-41be-945d-473a3addddf6.Reason : 6effdead-13d1-41e6-a2f2-1b6cf88b37a4 has not seen follower/s 6721d19e-fad5-40c6-a99e-1f07fcc56c74 for 183278ms 9f3eeb55-1628-4544-b8a1-8f6a6bd18952 for 183266ms
2019-09-10 20:23:15,994 [org.apache.ratis.server.impl.LogAppender$AppenderDaemon$$Lambda$509/1857731019@35a2346c] ERROR ratis.XceiverServerRatis (XceiverServerRatis.java:triggerPipelineClose(568)) - pipeline Action CLOSE  on pipeline PipelineID=1d43f9da-0d5f-41be-945d-473a3addddf6.Reason : 6effdead-13d1-41e6-a2f2-1b6cf88b37a4 has not seen follower/s 6721d19e-fad5-40c6-a99e-1f07fcc56c74 for 183278ms 9f3eeb55-1628-4544-b8a1-8f6a6bd18952 for 183266ms
 0.00% |█                                                                                                    |  0/1 Time: 0:03:092019-09-10 20:23:16,494 [java.util.concurrent.ThreadPoolExecutor$Worker@1d3c1c77[State = -1, empty queue]] WARN  server.GrpcLogAppender (GrpcLogAppender.java:timeoutAppendRequest(200)) - 6effdead-13d1-41e6-a2f2-1b6cf88b37a4@group-473A3ADDDDF6->9f3eeb55-1628-4544-b8a1-8f6a6bd18952-GrpcLogAppender: appendEntries Timeout, request=6effdead-13d1-41e6-a2f2-1b6cf88b37a4->9f3eeb55-1628-4544-b8a1-8f6a6bd18952#94-t1, previous=(t:1, i:21), leaderCommit=16, initializing? false, entries: <empty>
2019-09-10 20:23:16,494 [java.util.concurrent.ThreadPoolExecutor$Worker@60cc4b5a[State = -1, empty queue]] WARN  server.GrpcLogAppender (GrpcLogAppender.java:timeoutAppendRequest(200)) - 6effdead-13d1-41e6-a2f2-1b6cf88b37a4@group-473A3ADDDDF6->6721d19e-fad5-40c6-a99e-1f07fcc56c74-GrpcLogAppender: appendEntries Timeout, request=6effdead-13d1-41e6-a2f2-1b6cf88b37a4->6721d19e-fad5-40c6-a99e-1f07fcc56c74#94-t1, previous=(t:1, i:21), leaderCommit=16, initializing? false, entries: <empty>
2019-09-10 20:23:16,960 [EventQueue-PipelineActionsForPipelineActionHandler] ERROR pipeline.PipelineActionHandler (PipelineActionHandler.java:onMessage(60)) - Received pipeline action CLOSE for Pipeline[ Id: 1d43f9da-0d5f-41be-945d-473a3addddf6, Nodes: 6721d19e-fad5-40c6-a99e-1f07fcc56c74{ip: 192.168.34.25, host: pr-hdds-2032-ffkjc-170187842, networkLocation: /default-rack, certSerialId: null}6effdead-13d1-41e6-a2f2-1b6cf88b37a4{ip: 192.168.34.25, host: pr-hdds-2032-ffkjc-170187842, networkLocation: /default-rack, certSerialId: null}9f3eeb55-1628-4544-b8a1-8f6a6bd18952{ip: 192.168.34.25, host: pr-hdds-2032-ffkjc-170187842, networkLocation: /default-rack, certSerialId: null}, Type:RATIS, Factor:THREE, State:CLOSED] from datanode 6effdead-13d1-41e6-a2f2-1b6cf88b37a4{ip: 192.168.34.25, host: pr-hdds-2032-ffkjc-170187842, networkLocation: /default-rack, certSerialId: null}. Reason : 6effdead-13d1-41e6-a2f2-1b6cf88b37a4 has not seen follower/s 6721d19e-fad5-40c6-a99e-1f07fcc56c74 for 183278ms 9f3eeb55-1628-4544-b8a1-8f6a6bd18952 for 183266ms
2019-09-10 20:23:16,960 [EventQueue-PipelineActionsForPipelineActionHandler] INFO  pipeline.SCMPipelineManager (SCMPipelineManager.java:finalizeAndDestroyPipeline(311)) - destroying pipeline:Pipeline[ Id: 1d43f9da-0d5f-41be-945d-473a3addddf6, Nodes: 6721d19e-fad5-40c6-a99e-1f07fcc56c74{ip: 192.168.34.25, host: pr-hdds-2032-ffkjc-170187842, networkLocation: /default-rack, certSerialId: null}6effdead-13d1-41e6-a2f2-1b6cf88b37a4{ip: 192.168.34.25, host: pr-hdds-2032-ffkjc-170187842, networkLocation: /default-rack, certSerialId: null}9f3eeb55-1628-4544-b8a1-8f6a6bd18952{ip: 192.168.34.25, host: pr-hdds-2032-ffkjc-170187842, networkLocation: /default-rack, certSerialId: null}, Type:RATIS, Factor:THREE, State:CLOSED]
 0.00% |█                                                                                                    |  0/1 Time: 0:03:10 0.00% |█                                                                                                    |  0/1 Time: 0:03:112019-09-10 20:23:18,496 [org.apache.ratis.server.impl.LogAppender$AppenderDaemon$$Lambda$509/1857731019@4b841e10] ERROR ratis.XceiverServerRatis (XceiverServerRatis.java:triggerPipelineClose(568)) - pipeline Action CLOSE  on pipeline PipelineID=1d43f9da-0d5f-41be-945d-473a3addddf6.Reason : 6effdead-13d1-41e6-a2f2-1b6cf88b37a4 has not seen follower/s 6721d19e-fad5-40c6-a99e-1f07fcc56c74 for 185779ms 9f3eeb55-1628-4544-b8a1-8f6a6bd18952 for 185768ms
2019-09-10 20:23:18,496 [org.apache.ratis.server.impl.LogAppender$AppenderDaemon$$Lambda$509/1857731019@35a2346c] ERROR ratis.XceiverServerRatis (XceiverServerRatis.java:triggerPipelineClose(568)) - pipeline Action CLOSE  on pipeline PipelineID=1d43f9da-0d5f-41be-945d-473a3addddf6.Reason : 6effdead-13d1-41e6-a2f2-1b6cf88b37a4 has not seen follower/s 6721d19e-fad5-40c6-a99e-1f07fcc56c74 for 185779ms 9f3eeb55-1628-4544-b8a1-8f6a6bd18952 for 185768ms
2019-09-10 20:23:18,961 [grpc-default-executor-0] INFO  impl.RaftServerProxy (RaftServerProxy.java:remove(95)) - 6721d19e-fad5-40c6-a99e-1f07fcc56c74: remove  FOLLOWER 6721d19e-fad5-40c6-a99e-1f07fcc56c74@group-473A3ADDDDF6:t1, leader=6effdead-13d1-41e6-a2f2-1b6cf88b37a4, voted=6effdead-13d1-41e6-a2f2-1b6cf88b37a4, raftlog=6721d19e-fad5-40c6-a99e-1f07fcc56c74@group-473A3ADDDDF6-SegmentedRaftLog:OPENED:c16,f16,i21, conf=0: [6721d19e-fad5-40c6-a99e-1f07fcc56c74:192.168.34.25:43550, 6effdead-13d1-41e6-a2f2-1b6cf88b37a4:192.168.34.25:36480, 9f3eeb55-1628-4544-b8a1-8f6a6bd18952:192.168.34.25:34224], old=null RUNNING
2019-09-10 20:23:18,961 [EventQueue-PipelineActionsForPipelineActionHandler] ERROR pipeline.PipelineActionHandler (PipelineActionHandler.java:onMessage(60)) - Received pipeline action CLOSE for Pipeline[ Id: 1d43f9da-0d5f-41be-945d-473a3addddf6, Nodes: 6721d19e-fad5-40c6-a99e-1f07fcc56c74{ip: 192.168.34.25, host: pr-hdds-2032-ffkjc-170187842, networkLocation: /default-rack, certSerialId: null}6effdead-13d1-41e6-a2f2-1b6cf88b37a4{ip: 192.168.34.25, host: pr-hdds-2032-ffkjc-170187842, networkLocation: /default-rack, certSerialId: null}9f3eeb55-1628-4544-b8a1-8f6a6bd18952{ip: 192.168.34.25, host: pr-hdds-2032-ffkjc-170187842, networkLocation: /default-rack, certSerialId: null}, Type:RATIS, Factor:THREE, State:CLOSED] from datanode 6effdead-13d1-41e6-a2f2-1b6cf88b37a4{ip: 192.168.34.25, host: pr-hdds-2032-ffkjc-170187842, networkLocation: /default-rack, certSerialId: null}. Reason : 6effdead-13d1-41e6-a2f2-1b6cf88b37a4 has not seen follower/s 6721d19e-fad5-40c6-a99e-1f07fcc56c74 for 185779ms 9f3eeb55-1628-4544-b8a1-8f6a6bd18952 for 185768ms
2019-09-10 20:23:18,962 [EventQueue-PipelineActionsForPipelineActionHandler] INFO  pipeline.SCMPipelineManager (SCMPipelineManager.java:finalizeAndDestroyPipeline(311)) - destroying pipeline:Pipeline[ Id: 1d43f9da-0d5f-41be-945d-473a3addddf6, Nodes: 6721d19e-fad5-40c6-a99e-1f07fcc56c74{ip: 192.168.34.25, host: pr-hdds-2032-ffkjc-170187842, networkLocation: /default-rack, certSerialId: null}6effdead-13d1-41e6-a2f2-1b6cf88b37a4{ip: 192.168.34.25, host: pr-hdds-2032-ffkjc-170187842, networkLocation: /default-rack, certSerialId: null}9f3eeb55-1628-4544-b8a1-8f6a6bd18952{ip: 192.168.34.25, host: pr-hdds-2032-ffkjc-170187842, networkLocation: /default-rack, certSerialId: null}, Type:RATIS, Factor:THREE, State:CLOSED]
2019-09-10 20:23:18,969 [grpc-default-executor-0] INFO  impl.RaftServerImpl (RaftServerImpl.java:lambda$shutdown$3(251)) - 6721d19e-fad5-40c6-a99e-1f07fcc56c74@group-473A3ADDDDF6: shutdown
2019-09-10 20:23:18,970 [grpc-default-executor-0] INFO  util.JmxRegister (JmxRegister.java:unregister(73)) - Successfully un-registered JMX Bean with object name Ratis:service=RaftServer,group=group-473A3ADDDDF6,id=6721d19e-fad5-40c6-a99e-1f07fcc56c74
2019-09-10 20:23:18,970 [grpc-default-executor-0] INFO  impl.RoleInfo (RoleInfo.java:shutdownFollowerState(121)) - 6721d19e-fad5-40c6-a99e-1f07fcc56c74: shutdown FollowerState
2019-09-10 20:23:18,970 [grpc-default-executor-0] INFO  impl.StateMachineUpdater (StateMachineUpdater.java:stopAndJoin(125)) - 6721d19e-fad5-40c6-a99e-1f07fcc56c74@group-473A3ADDDDF6-StateMachineUpdater: set stopIndex = 16
2019-09-10 20:23:18,970 [Thread-222] INFO  impl.FollowerState (FollowerState.java:run(115)) - 6721d19e-fad5-40c6-a99e-1f07fcc56c74: FollowerState was interrupted: java.lang.InterruptedException: sleep interrupted
2019-09-10 20:23:18,970 [6721d19e-fad5-40c6-a99e-1f07fcc56c74@group-473A3ADDDDF6-StateMachineUpdater] INFO  ratis.ContainerStateMachine (ContainerStateMachine.java:takeSnapshot(289)) - group-473A3ADDDDF6: Taking a snapshot at:(t:1, i:12) file /workdir/hadoop-ozone/tools/target/test-dir/MiniOzoneClusterImpl-70a41ef3-a3f2-4683-b109-c1f520f7c601/datanode-0/data/ratis/1d43f9da-0d5f-41be-945d-473a3addddf6/sm/snapshot.1_12
2019-09-10 20:23:18,994 [java.util.concurrent.ThreadPoolExecutor$Worker@1d3c1c77[State = -1, empty queue]] WARN  server.GrpcLogAppender (GrpcLogAppender.java:timeoutAppendRequest(200)) - 6effdead-13d1-41e6-a2f2-1b6cf88b37a4@group-473A3ADDDDF6->9f3eeb55-1628-4544-b8a1-8f6a6bd18952-GrpcLogAppender: appendEntries Timeout, request=6effdead-13d1-41e6-a2f2-1b6cf88b37a4->9f3eeb55-1628-4544-b8a1-8f6a6bd18952#95-t1, previous=(t:1, i:21), leaderCommit=16, initializing? false, entries: <empty>
2019-09-10 20:23:18,994 [java.util.concurrent.ThreadPoolExecutor$Worker@60cc4b5a[State = -1, empty queue]] WARN  server.GrpcLogAppender (GrpcLogAppender.java:timeoutAppendRequest(200)) - 6effdead-13d1-41e6-a2f2-1b6cf88b37a4@group-473A3ADDDDF6->6721d19e-fad5-40c6-a99e-1f07fcc56c74-GrpcLogAppender: appendEntries Timeout, request=6effdead-13d1-41e6-a2f2-1b6cf88b37a4->6721d19e-fad5-40c6-a99e-1f07fcc56c74#95-t1, previous=(t:1, i:21), leaderCommit=16, initializing? false, entries: <empty>
2019-09-10 20:23:19,000 [6721d19e-fad5-40c6-a99e-1f07fcc56c74@group-473A3ADDDDF6-StateMachineUpdater] INFO  ratis.ContainerStateMachine (ContainerStateMachine.java:takeSnapshot(300)) - group-473A3ADDDDF6: Finished taking a snapshot at:(t:1, i:12) file:/workdir/hadoop-ozone/tools/target/test-dir/MiniOzoneClusterImpl-70a41ef3-a3f2-4683-b109-c1f520f7c601/datanode-0/data/ratis/1d43f9da-0d5f-41be-945d-473a3addddf6/sm/snapshot.1_12 time:29
2019-09-10 20:23:19,000 [6721d19e-fad5-40c6-a99e-1f07fcc56c74@group-473A3ADDDDF6-StateMachineUpdater] INFO  impl.StateMachineUpdater (StateMachineUpdater.java:takeSnapshot(258)) - 6721d19e-fad5-40c6-a99e-1f07fcc56c74@group-473A3ADDDDF6-StateMachineUpdater: Took a snapshot at index 12
2019-09-10 20:23:19,003 [6721d19e-fad5-40c6-a99e-1f07fcc56c74@group-473A3ADDDDF6-StateMachineUpdater] INFO  impl.StateMachineUpdater (StateMachineUpdater.java:lambda$new$0(83)) - 6721d19e-fad5-40c6-a99e-1f07fcc56c74@group-473A3ADDDDF6-StateMachineUpdater: snapshotIndex: updateIncreasingly -1 -> 12
2019-09-10 20:23:19,009 [6721d19e-fad5-40c6-a99e-1f07fcc56c74@group-473A3ADDDDF6-StateMachineUpdater] INFO  ratis.ContainerStateMachine (ContainerStateMachine.java:takeSnapshot(289)) - group-473A3ADDDDF6: Taking a snapshot at:(t:1, i:12) file /workdir/hadoop-ozone/tools/target/test-dir/MiniOzoneClusterImpl-70a41ef3-a3f2-4683-b109-c1f520f7c601/datanode-0/data/ratis/1d43f9da-0d5f-41be-945d-473a3addddf6/sm/snapshot.1_12
2019-09-10 20:23:19,012 [6721d19e-fad5-40c6-a99e-1f07fcc56c74@group-473A3ADDDDF6-StateMachineUpdater] INFO  ratis.ContainerStateMachine (ContainerStateMachine.java:takeSnapshot(300)) - group-473A3ADDDDF6: Finished taking a snapshot at:(t:1, i:12) file:/workdir/hadoop-ozone/tools/target/test-dir/MiniOzoneClusterImpl-70a41ef3-a3f2-4683-b109-c1f520f7c601/datanode-0/data/ratis/1d43f9da-0d5f-41be-945d-473a3addddf6/sm/snapshot.1_12 time:3
2019-09-10 20:23:19,012 [6721d19e-fad5-40c6-a99e-1f07fcc56c74@group-473A3ADDDDF6-StateMachineUpdater] INFO  impl.StateMachineUpdater (StateMachineUpdater.java:takeSnapshot(258)) - 6721d19e-fad5-40c6-a99e-1f07fcc56c74@group-473A3ADDDDF6-StateMachineUpdater: Took a snapshot at index 12
2019-09-10 20:23:19,012 [6721d19e-fad5-40c6-a99e-1f07fcc56c74@group-473A3ADDDDF6-StateMachineUpdater] INFO  impl.StateMachineUpdater (StateMachineUpdater.java:lambda$new$0(83)) - 6721d19e-fad5-40c6-a99e-1f07fcc56c74@group-473A3ADDDDF6-StateMachineUpdater: snapshotIndex: updateIncreasingly 12 -> 12
2019-09-10 20:23:19,013 [grpc-default-executor-0] INFO  impl.RaftServerImpl (ServerState.java:close(385)) - 6721d19e-fad5-40c6-a99e-1f07fcc56c74@group-473A3ADDDDF6: closes. applyIndex: 16
2019-09-10 20:23:19,017 [6721d19e-fad5-40c6-a99e-1f07fcc56c74@group-473A3ADDDDF6-SegmentedRaftLogWorker] ERROR ratis.XceiverServerRatis (XceiverServerRatis.java:triggerPipelineClose(568)) - pipeline Action CLOSE  on pipeline PipelineID=1d43f9da-0d5f-41be-945d-473a3addddf6.Reason : WriteLog:19: (t:1, i:19), STATEMACHINELOGENTRY, client-2E8FF6204D1E, cid=18-writeStateMachineData interrupted.
2019-09-10 20:23:19,019 [EventQueue-PipelineActionsForPipelineActionHandler] ERROR pipeline.PipelineActionHandler (PipelineActionHandler.java:onMessage(60)) - Received pipeline action CLOSE for Pipeline[ Id: 1d43f9da-0d5f-41be-945d-473a3addddf6, Nodes: 6721d19e-fad5-40c6-a99e-1f07fcc56c74{ip: 192.168.34.25, host: pr-hdds-2032-ffkjc-170187842, networkLocation: /default-rack, certSerialId: null}6effdead-13d1-41e6-a2f2-1b6cf88b37a4{ip: 192.168.34.25, host: pr-hdds-2032-ffkjc-170187842, networkLocation: /default-rack, certSerialId: null}9f3eeb55-1628-4544-b8a1-8f6a6bd18952{ip: 192.168.34.25, host: pr-hdds-2032-ffkjc-170187842, networkLocation: /default-rack, certSerialId: null}, Type:RATIS, Factor:THREE, State:CLOSED] from datanode 6721d19e-fad5-40c6-a99e-1f07fcc56c74{ip: 192.168.34.25, host: pr-hdds-2032-ffkjc-170187842, networkLocation: /default-rack, certSerialId: null}. Reason : WriteLog:19: (t:1, i:19), STATEMACHINELOGENTRY, client-2E8FF6204D1E, cid=18-writeStateMachineData interrupted.
2019-09-10 20:23:19,019 [EventQueue-PipelineActionsForPipelineActionHandler] INFO  pipeline.SCMPipelineManager (SCMPipelineManager.java:finalizeAndDestroyPipeline(311)) - destroying pipeline:Pipeline[ Id: 1d43f9da-0d5f-41be-945d-473a3addddf6, Nodes: 6721d19e-fad5-40c6-a99e-1f07fcc56c74{ip: 192.168.34.25, host: pr-hdds-2032-ffkjc-170187842, networkLocation: /default-rack, certSerialId: null}6effdead-13d1-41e6-a2f2-1b6cf88b37a4{ip: 192.168.34.25, host: pr-hdds-2032-ffkjc-170187842, networkLocation: /default-rack, certSerialId: null}9f3eeb55-1628-4544-b8a1-8f6a6bd18952{ip: 192.168.34.25, host: pr-hdds-2032-ffkjc-170187842, networkLocation: /default-rack, certSerialId: null}, Type:RATIS, Factor:THREE, State:CLOSED]
2019-09-10 20:23:19,028 [grpc-default-executor-0] INFO  segmented.SegmentedRaftLogWorker (SegmentedRaftLogWorker.java:close(228)) - 6721d19e-fad5-40c6-a99e-1f07fcc56c74@group-473A3ADDDDF6-SegmentedRaftLogWorker close()
2019-09-10 20:23:19,038 [grpc-default-executor-0] INFO  interfaces.Container (KeyValueContainer.java:flushAndSyncDB(384)) - Container 1 is synced with bcsId 12.
2019-09-10 20:23:19,039 [grpc-default-executor-0] INFO  interfaces.Container (KeyValueContainer.java:flushAndSyncDB(384)) - Container 1 is synced with bcsId 12.
2019-09-10 20:23:19,049 [EventQueue-IncrementalContainerReportForIncrementalContainerReportHandler] INFO  container.IncrementalContainerReportHandler (AbstractContainerReportHandler.java:updateContainerState(169)) - Moving container #1 to QUASI_CLOSED state, datanode 6721d19e-fad5-40c6-a99e-1f07fcc56c74{ip: 192.168.34.25, host: pr-hdds-2032-ffkjc-170187842, networkLocation: /default-rack, certSerialId: null} reported QUASI_CLOSED replica.
2019-09-10 20:23:19,079 [grpc-default-executor-0] INFO  interfaces.Container (KeyValueContainer.java:flushAndSyncDB(384)) - Container 2 is synced with bcsId 0.
2019-09-10 20:23:19,080 [grpc-default-executor-0] INFO  interfaces.Container (KeyValueContainer.java:flushAndSyncDB(384)) - Container 2 is synced with bcsId 0.
2019-09-10 20:23:19,088 [EventQueue-IncrementalContainerReportForIncrementalContainerReportHandler] INFO  container.IncrementalContainerReportHandler (AbstractContainerReportHandler.java:updateContainerState(169)) - Moving container #2 to QUASI_CLOSED state, datanode 6721d19e-fad5-40c6-a99e-1f07fcc56c74{ip: 192.168.34.25, host: pr-hdds-2032-ffkjc-170187842, networkLocation: /default-rack, certSerialId: null} reported QUASI_CLOSED replica.
2019-09-10 20:23:19,099 [grpc-default-executor-0] INFO  impl.RaftServerProxy (RaftServerProxy.java:remove(95)) - 6effdead-13d1-41e6-a2f2-1b6cf88b37a4: remove    LEADER 6effdead-13d1-41e6-a2f2-1b6cf88b37a4@group-473A3ADDDDF6:t1, leader=6effdead-13d1-41e6-a2f2-1b6cf88b37a4, voted=6effdead-13d1-41e6-a2f2-1b6cf88b37a4, raftlog=6effdead-13d1-41e6-a2f2-1b6cf88b37a4@group-473A3ADDDDF6-SegmentedRaftLog:OPENED:c16,f16,i21, conf=0: [6721d19e-fad5-40c6-a99e-1f07fcc56c74:192.168.34.25:43550, 6effdead-13d1-41e6-a2f2-1b6cf88b37a4:192.168.34.25:36480, 9f3eeb55-1628-4544-b8a1-8f6a6bd18952:192.168.34.25:34224], old=null RUNNING
2019-09-10 20:23:19,100 [grpc-default-executor-0] INFO  impl.RaftServerImpl (RaftServerImpl.java:lambda$shutdown$3(251)) - 6effdead-13d1-41e6-a2f2-1b6cf88b37a4@group-473A3ADDDDF6: shutdown
2019-09-10 20:23:19,100 [grpc-default-executor-0] INFO  util.JmxRegister (JmxRegister.java:unregister(73)) - Successfully un-registered JMX Bean with object name Ratis:service=RaftServer,group=group-473A3ADDDDF6,id=6effdead-13d1-41e6-a2f2-1b6cf88b37a4
2019-09-10 20:23:19,100 [grpc-default-executor-0] INFO  impl.RoleInfo (RoleInfo.java:shutdownLeaderState(104)) - 6effdead-13d1-41e6-a2f2-1b6cf88b37a4: shutdown LeaderState
2019-09-10 20:23:19,102 [grpc-default-executor-0] INFO  impl.PendingRequests (PendingRequests.java:sendNotLeaderResponses(202)) - 6effdead-13d1-41e6-a2f2-1b6cf88b37a4-PendingRequests: sendNotLeaderResponses
2019-09-10 20:23:19,102 [org.apache.ratis.server.impl.LogAppender$AppenderDaemon$$Lambda$509/1857731019@35a2346c] WARN  server.GrpcLogAppender (GrpcLogAppender.java:mayWait(143)) - 6effdead-13d1-41e6-a2f2-1b6cf88b37a4@group-473A3ADDDDF6->9f3eeb55-1628-4544-b8a1-8f6a6bd18952-GrpcLogAppender: Wait interrupted by java.lang.InterruptedException
2019-09-10 20:23:19,102 [org.apache.ratis.server.impl.LogAppender$AppenderDaemon$$Lambda$509/1857731019@4b841e10] WARN  server.GrpcLogAppender (GrpcLogAppender.java:mayWait(143)) - 6effdead-13d1-41e6-a2f2-1b6cf88b37a4@group-473A3ADDDDF6->6721d19e-fad5-40c6-a99e-1f07fcc56c74-GrpcLogAppender: Wait interrupted by java.lang.InterruptedException
2019-09-10 20:23:19,105 [grpc-default-executor-3] INFO  server.GrpcServerProtocolService (GrpcServerProtocolService.java:onCompleted(113)) - 6721d19e-fad5-40c6-a99e-1f07fcc56c74: Completed APPEND_ENTRIES, lastRequest: 6effdead-13d1-41e6-a2f2-1b6cf88b37a4->6721d19e-fad5-40c6-a99e-1f07fcc56c74#96-t1, previous=(t:1, i:21), leaderCommit=16, initializing? false, entries: <empty>
2019-09-10 20:23:19,105 [grpc-default-executor-2] INFO  server.GrpcServerProtocolService (GrpcServerProtocolService.java:onCompleted(113)) - 9f3eeb55-1628-4544-b8a1-8f6a6bd18952: Completed APPEND_ENTRIES, lastRequest: 6effdead-13d1-41e6-a2f2-1b6cf88b37a4->9f3eeb55-1628-4544-b8a1-8f6a6bd18952#96-t1, previous=(t:1, i:21), leaderCommit=16, initializing? false, entries: <empty>
2019-09-10 20:23:19,106 [grpc-default-executor-2] INFO  server.GrpcLogAppender (GrpcLogAppender.java:onCompleted(293)) - 6effdead-13d1-41e6-a2f2-1b6cf88b37a4@group-473A3ADDDDF6->6721d19e-fad5-40c6-a99e-1f07fcc56c74-AppendLogResponseHandler: follower responses appendEntries COMPLETED
2019-09-10 20:23:19,106 [grpc-default-executor-3] INFO  server.GrpcLogAppender (GrpcLogAppender.java:onCompleted(293)) - 6effdead-13d1-41e6-a2f2-1b6cf88b37a4@group-473A3ADDDDF6->9f3eeb55-1628-4544-b8a1-8f6a6bd18952-AppendLogResponseHandler: follower responses appendEntries COMPLETED
2019-09-10 20:23:19,109 [grpc-default-executor-2] INFO  impl.FollowerInfo (FollowerInfo.java:lambda$new$0(51)) - 6effdead-13d1-41e6-a2f2-1b6cf88b37a4@group-473A3ADDDDF6->6721d19e-fad5-40c6-a99e-1f07fcc56c74: nextIndex: updateUnconditionally 22 -> 17
2019-09-10 20:23:19,110 [grpc-default-executor-3] INFO  impl.FollowerInfo (FollowerInfo.java:lambda$new$0(51)) - 6effdead-13d1-41e6-a2f2-1b6cf88b37a4@group-473A3ADDDDF6->9f3eeb55-1628-4544-b8a1-8f6a6bd18952: nextIndex: updateUnconditionally 22 -> 17
2019-09-10 20:23:19,112 [Command processor thread] ERROR commandhandler.CloseContainerCommandHandler (CloseContainerCommandHandler.java:handle(125)) - Can't close container #2
java.io.IOException: org.apache.ratis.protocol.GroupMismatchException: 6effdead-13d1-41e6-a2f2-1b6cf88b37a4: group-473A3ADDDDF6 not found.
	at org.apache.hadoop.ozone.container.common.transport.server.ratis.XceiverServerRatis.submitRequest(XceiverServerRatis.java:495)
	at org.apache.hadoop.ozone.container.common.statemachine.commandhandler.CloseContainerCommandHandler.handle(CloseContainerCommandHandler.java:102)
	at org.apache.hadoop.ozone.container.common.statemachine.commandhandler.CommandDispatcher.handle(CommandDispatcher.java:99)
	at org.apache.hadoop.ozone.container.common.statemachine.DatanodeStateMachine.lambda$initCommandHandlerThread$1(DatanodeStateMachine.java:432)
	at java.lang.Thread.run(Thread.java:748)
Caused by: java.util.concurrent.ExecutionException: org.apache.ratis.protocol.GroupMismatchException: 6effdead-13d1-41e6-a2f2-1b6cf88b37a4: group-473A3ADDDDF6 not found.
	at java.util.concurrent.CompletableFuture.reportGet(CompletableFuture.java:357)
	at java.util.concurrent.CompletableFuture.get(CompletableFuture.java:1895)
	at org.apache.hadoop.ozone.container.common.transport.server.ratis.XceiverServerRatis.submitRequest(XceiverServerRatis.java:493)
	... 4 more
Caused by: org.apache.ratis.protocol.GroupMismatchException: 6effdead-13d1-41e6-a2f2-1b6cf88b37a4: group-473A3ADDDDF6 not found.
	at org.apache.ratis.server.impl.RaftServerProxy$ImplMap.get(RaftServerProxy.java:122)
	at org.apache.ratis.server.impl.RaftServerProxy.getImplFuture(RaftServerProxy.java:269)
	at org.apache.ratis.server.impl.RaftServerProxy.submitRequest(RaftServerProxy.java:327)
	at org.apache.ratis.server.impl.RaftServerProxy.submitClientRequestAsync(RaftServerProxy.java:333)
	... 5 more
2019-09-10 20:23:19,113 [Command processor thread] ERROR commandhandler.CloseContainerCommandHandler (CloseContainerCommandHandler.java:handle(84)) - Container #3 does not exist in datanode. Container close failed.
2019-09-10 20:23:19,116 [grpc-default-executor-0] INFO  impl.StateMachineUpdater (StateMachineUpdater.java:stopAndJoin(125)) - 6effdead-13d1-41e6-a2f2-1b6cf88b37a4@group-473A3ADDDDF6-StateMachineUpdater: set stopIndex = 16
2019-09-10 20:23:19,116 [6effdead-13d1-41e6-a2f2-1b6cf88b37a4@group-473A3ADDDDF6-StateMachineUpdater] INFO  ratis.ContainerStateMachine (ContainerStateMachine.java:takeSnapshot(289)) - group-473A3ADDDDF6: Taking a snapshot at:(t:1, i:12) file /workdir/hadoop-ozone/tools/target/test-dir/MiniOzoneClusterImpl-70a41ef3-a3f2-4683-b109-c1f520f7c601/datanode-1/data/ratis/1d43f9da-0d5f-41be-945d-473a3addddf6/sm/snapshot.1_12
2019-09-10 20:23:19,124 [6effdead-13d1-41e6-a2f2-1b6cf88b37a4@group-473A3ADDDDF6-StateMachineUpdater] INFO  ratis.ContainerStateMachine (ContainerStateMachine.java:takeSnapshot(300)) - group-473A3ADDDDF6: Finished taking a snapshot at:(t:1, i:12) file:/workdir/hadoop-ozone/tools/target/test-dir/MiniOzoneClusterImpl-70a41ef3-a3f2-4683-b109-c1f520f7c601/datanode-1/data/ratis/1d43f9da-0d5f-41be-945d-473a3addddf6/sm/snapshot.1_12 time:9
2019-09-10 20:23:19,125 [6effdead-13d1-41e6-a2f2-1b6cf88b37a4@group-473A3ADDDDF6-StateMachineUpdater] INFO  impl.StateMachineUpdater (StateMachineUpdater.java:takeSnapshot(258)) - 6effdead-13d1-41e6-a2f2-1b6cf88b37a4@group-473A3ADDDDF6-StateMachineUpdater: Took a snapshot at index 12
2019-09-10 20:23:19,125 [6effdead-13d1-41e6-a2f2-1b6cf88b37a4@group-473A3ADDDDF6-StateMachineUpdater] INFO  impl.StateMachineUpdater (StateMachineUpdater.java:lambda$new$0(83)) - 6effdead-13d1-41e6-a2f2-1b6cf88b37a4@group-473A3ADDDDF6-StateMachineUpdater: snapshotIndex: updateIncreasingly -1 -> 12
2019-09-10 20:23:19,125 [6effdead-13d1-41e6-a2f2-1b6cf88b37a4@group-473A3ADDDDF6-StateMachineUpdater] INFO  ratis.ContainerStateMachine (ContainerStateMachine.java:takeSnapshot(289)) - group-473A3ADDDDF6: Taking a snapshot at:(t:1, i:12) file /workdir/hadoop-ozone/tools/target/test-dir/MiniOzoneClusterImpl-70a41ef3-a3f2-4683-b109-c1f520f7c601/datanode-1/data/ratis/1d43f9da-0d5f-41be-945d-473a3addddf6/sm/snapshot.1_12
2019-09-10 20:23:19,129 [6effdead-13d1-41e6-a2f2-1b6cf88b37a4@group-473A3ADDDDF6-StateMachineUpdater] INFO  ratis.ContainerStateMachine (ContainerStateMachine.java:takeSnapshot(300)) - group-473A3ADDDDF6: Finished taking a snapshot at:(t:1, i:12) file:/workdir/hadoop-ozone/tools/target/test-dir/MiniOzoneClusterImpl-70a41ef3-a3f2-4683-b109-c1f520f7c601/datanode-1/data/ratis/1d43f9da-0d5f-41be-945d-473a3addddf6/sm/snapshot.1_12 time:3
2019-09-10 20:23:19,129 [6effdead-13d1-41e6-a2f2-1b6cf88b37a4@group-473A3ADDDDF6-StateMachineUpdater] INFO  impl.StateMachineUpdater (StateMachineUpdater.java:takeSnapshot(258)) - 6effdead-13d1-41e6-a2f2-1b6cf88b37a4@group-473A3ADDDDF6-StateMachineUpdater: Took a snapshot at index 12
2019-09-10 20:23:19,129 [6effdead-13d1-41e6-a2f2-1b6cf88b37a4@group-473A3ADDDDF6-StateMachineUpdater] INFO  impl.StateMachineUpdater (StateMachineUpdater.java:lambda$new$0(83)) - 6effdead-13d1-41e6-a2f2-1b6cf88b37a4@group-473A3ADDDDF6-StateMachineUpdater: snapshotIndex: updateIncreasingly 12 -> 12
2019-09-10 20:23:19,130 [grpc-default-executor-0] INFO  impl.RaftServerImpl (ServerState.java:close(385)) - 6effdead-13d1-41e6-a2f2-1b6cf88b37a4@group-473A3ADDDDF6: closes. applyIndex: 16
2019-09-10 20:23:19,131 [6effdead-13d1-41e6-a2f2-1b6cf88b37a4@group-473A3ADDDDF6-SegmentedRaftLogWorker] ERROR ratis.XceiverServerRatis (XceiverServerRatis.java:triggerPipelineClose(568)) - pipeline Action CLOSE  on pipeline PipelineID=1d43f9da-0d5f-41be-945d-473a3addddf6.Reason : WriteLog:19: (t:1, i:19), STATEMACHINELOGENTRY, client-2E8FF6204D1E, cid=18-writeStateMachineData interrupted.
2019-09-10 20:23:19,134 [EventQueue-PipelineActionsForPipelineActionHandler] ERROR pipeline.PipelineActionHandler (PipelineActionHandler.java:onMessage(60)) - Received pipeline action CLOSE for Pipeline[ Id: 1d43f9da-0d5f-41be-945d-473a3addddf6, Nodes: 6721d19e-fad5-40c6-a99e-1f07fcc56c74{ip: 192.168.34.25, host: pr-hdds-2032-ffkjc-170187842, networkLocation: /default-rack, certSerialId: null}6effdead-13d1-41e6-a2f2-1b6cf88b37a4{ip: 192.168.34.25, host: pr-hdds-2032-ffkjc-170187842, networkLocation: /default-rack, certSerialId: null}9f3eeb55-1628-4544-b8a1-8f6a6bd18952{ip: 192.168.34.25, host: pr-hdds-2032-ffkjc-170187842, networkLocation: /default-rack, certSerialId: null}, Type:RATIS, Factor:THREE, State:CLOSED] from datanode 6effdead-13d1-41e6-a2f2-1b6cf88b37a4{ip: 192.168.34.25, host: pr-hdds-2032-ffkjc-170187842, networkLocation: /default-rack, certSerialId: null}. Reason : WriteLog:19: (t:1, i:19), STATEMACHINELOGENTRY, client-2E8FF6204D1E, cid=18-writeStateMachineData interrupted.
2019-09-10 20:23:19,135 [EventQueue-PipelineActionsForPipelineActionHandler] INFO  pipeline.SCMPipelineManager (SCMPipelineManager.java:finalizeAndDestroyPipeline(311)) - destroying pipeline:Pipeline[ Id: 1d43f9da-0d5f-41be-945d-473a3addddf6, Nodes: 6721d19e-fad5-40c6-a99e-1f07fcc56c74{ip: 192.168.34.25, host: pr-hdds-2032-ffkjc-170187842, networkLocation: /default-rack, certSerialId: null}6effdead-13d1-41e6-a2f2-1b6cf88b37a4{ip: 192.168.34.25, host: pr-hdds-2032-ffkjc-170187842, networkLocation: /default-rack, certSerialId: null}9f3eeb55-1628-4544-b8a1-8f6a6bd18952{ip: 192.168.34.25, host: pr-hdds-2032-ffkjc-170187842, networkLocation: /default-rack, certSerialId: null}, Type:RATIS, Factor:THREE, State:CLOSED]
 0.00% |█                                                                                                    |  0/1 Time: 0:03:122019-09-10 20:23:19,135 [grpc-default-executor-0] INFO  segmented.SegmentedRaftLogWorker (SegmentedRaftLogWorker.java:close(228)) - 6effdead-13d1-41e6-a2f2-1b6cf88b37a4@group-473A3ADDDDF6-SegmentedRaftLogWorker close()
2019-09-10 20:23:19,140 [grpc-default-executor-0] INFO  interfaces.Container (KeyValueContainer.java:flushAndSyncDB(384)) - Container 1 is synced with bcsId 12.
2019-09-10 20:23:19,140 [grpc-default-executor-0] INFO  interfaces.Container (KeyValueContainer.java:flushAndSyncDB(384)) - Container 1 is synced with bcsId 12.
2019-09-10 20:23:19,211 [grpc-default-executor-0] INFO  interfaces.Container (KeyValueContainer.java:flushAndSyncDB(384)) - Container 2 is synced with bcsId 0.
2019-09-10 20:23:19,211 [grpc-default-executor-0] INFO  interfaces.Container (KeyValueContainer.java:flushAndSyncDB(384)) - Container 2 is synced with bcsId 0.
2019-09-10 20:23:19,232 [grpc-default-executor-0] INFO  impl.RaftServerProxy (RaftServerProxy.java:remove(95)) - 9f3eeb55-1628-4544-b8a1-8f6a6bd18952: remove  FOLLOWER 9f3eeb55-1628-4544-b8a1-8f6a6bd18952@group-473A3ADDDDF6:t1, leader=6effdead-13d1-41e6-a2f2-1b6cf88b37a4, voted=6effdead-13d1-41e6-a2f2-1b6cf88b37a4, raftlog=9f3eeb55-1628-4544-b8a1-8f6a6bd18952@group-473A3ADDDDF6-SegmentedRaftLog:OPENED:c16,f16,i21, conf=0: [6721d19e-fad5-40c6-a99e-1f07fcc56c74:192.168.34.25:43550, 6effdead-13d1-41e6-a2f2-1b6cf88b37a4:192.168.34.25:36480, 9f3eeb55-1628-4544-b8a1-8f6a6bd18952:192.168.34.25:34224], old=null RUNNING
2019-09-10 20:23:19,232 [grpc-default-executor-0] INFO  impl.RaftServerImpl (RaftServerImpl.java:lambda$shutdown$3(251)) - 9f3eeb55-1628-4544-b8a1-8f6a6bd18952@group-473A3ADDDDF6: shutdown
2019-09-10 20:23:19,232 [grpc-default-executor-0] INFO  util.JmxRegister (JmxRegister.java:unregister(73)) - Successfully un-registered JMX Bean with object name Ratis:service=RaftServer,group=group-473A3ADDDDF6,id=9f3eeb55-1628-4544-b8a1-8f6a6bd18952
2019-09-10 20:23:19,232 [grpc-default-executor-0] INFO  impl.RoleInfo (RoleInfo.java:shutdownFollowerState(121)) - 9f3eeb55-1628-4544-b8a1-8f6a6bd18952: shutdown FollowerState
2019-09-10 20:23:19,233 [grpc-default-executor-0] INFO  impl.StateMachineUpdater (StateMachineUpdater.java:stopAndJoin(125)) - 9f3eeb55-1628-4544-b8a1-8f6a6bd18952@group-473A3ADDDDF6-StateMachineUpdater: set stopIndex = 16
2019-09-10 20:23:19,233 [Thread-223] INFO  impl.FollowerState (FollowerState.java:run(115)) - 9f3eeb55-1628-4544-b8a1-8f6a6bd18952: FollowerState was interrupted: java.lang.InterruptedException: sleep interrupted
2019-09-10 20:23:19,233 [9f3eeb55-1628-4544-b8a1-8f6a6bd18952@group-473A3ADDDDF6-StateMachineUpdater] INFO  ratis.ContainerStateMachine (ContainerStateMachine.java:takeSnapshot(289)) - group-473A3ADDDDF6: Taking a snapshot at:(t:1, i:12) file /workdir/hadoop-ozone/tools/target/test-dir/MiniOzoneClusterImpl-70a41ef3-a3f2-4683-b109-c1f520f7c601/datanode-2/data/ratis/1d43f9da-0d5f-41be-945d-473a3addddf6/sm/snapshot.1_12
2019-09-10 20:23:19,239 [9f3eeb55-1628-4544-b8a1-8f6a6bd18952@group-473A3ADDDDF6-StateMachineUpdater] INFO  ratis.ContainerStateMachine (ContainerStateMachine.java:takeSnapshot(300)) - group-473A3ADDDDF6: Finished taking a snapshot at:(t:1, i:12) file:/workdir/hadoop-ozone/tools/target/test-dir/MiniOzoneClusterImpl-70a41ef3-a3f2-4683-b109-c1f520f7c601/datanode-2/data/ratis/1d43f9da-0d5f-41be-945d-473a3addddf6/sm/snapshot.1_12 time:7
2019-09-10 20:23:19,239 [9f3eeb55-1628-4544-b8a1-8f6a6bd18952@group-473A3ADDDDF6-StateMachineUpdater] INFO  impl.StateMachineUpdater (StateMachineUpdater.java:takeSnapshot(258)) - 9f3eeb55-1628-4544-b8a1-8f6a6bd18952@group-473A3ADDDDF6-StateMachineUpdater: Took a snapshot at index 12
2019-09-10 20:23:19,240 [9f3eeb55-1628-4544-b8a1-8f6a6bd18952@group-473A3ADDDDF6-StateMachineUpdater] INFO  impl.StateMachineUpdater (StateMachineUpdater.java:lambda$new$0(83)) - 9f3eeb55-1628-4544-b8a1-8f6a6bd18952@group-473A3ADDDDF6-StateMachineUpdater: snapshotIndex: updateIncreasingly -1 -> 12
2019-09-10 20:23:19,240 [9f3eeb55-1628-4544-b8a1-8f6a6bd18952@group-473A3ADDDDF6-StateMachineUpdater] INFO  ratis.ContainerStateMachine (ContainerStateMachine.java:takeSnapshot(289)) - group-473A3ADDDDF6: Taking a snapshot at:(t:1, i:12) file /workdir/hadoop-ozone/tools/target/test-dir/MiniOzoneClusterImpl-70a41ef3-a3f2-4683-b109-c1f520f7c601/datanode-2/data/ratis/1d43f9da-0d5f-41be-945d-473a3addddf6/sm/snapshot.1_12
2019-09-10 20:23:19,262 [9f3eeb55-1628-4544-b8a1-8f6a6bd18952@group-473A3ADDDDF6-StateMachineUpdater] INFO  ratis.ContainerStateMachine (ContainerStateMachine.java:takeSnapshot(300)) - group-473A3ADDDDF6: Finished taking a snapshot at:(t:1, i:12) file:/workdir/hadoop-ozone/tools/target/test-dir/MiniOzoneClusterImpl-70a41ef3-a3f2-4683-b109-c1f520f7c601/datanode-2/data/ratis/1d43f9da-0d5f-41be-945d-473a3addddf6/sm/snapshot.1_12 time:22
2019-09-10 20:23:19,262 [9f3eeb55-1628-4544-b8a1-8f6a6bd18952@group-473A3ADDDDF6-StateMachineUpdater] INFO  impl.StateMachineUpdater (StateMachineUpdater.java:takeSnapshot(258)) - 9f3eeb55-1628-4544-b8a1-8f6a6bd18952@group-473A3ADDDDF6-StateMachineUpdater: Took a snapshot at index 12
2019-09-10 20:23:19,262 [9f3eeb55-1628-4544-b8a1-8f6a6bd18952@group-473A3ADDDDF6-StateMachineUpdater] INFO  impl.StateMachineUpdater (StateMachineUpdater.java:lambda$new$0(83)) - 9f3eeb55-1628-4544-b8a1-8f6a6bd18952@group-473A3ADDDDF6-StateMachineUpdater: snapshotIndex: updateIncreasingly 12 -> 12
2019-09-10 20:23:19,262 [grpc-default-executor-0] INFO  impl.RaftServerImpl (ServerState.java:close(385)) - 9f3eeb55-1628-4544-b8a1-8f6a6bd18952@group-473A3ADDDDF6: closes. applyIndex: 16
2019-09-10 20:23:19,264 [9f3eeb55-1628-4544-b8a1-8f6a6bd18952@group-473A3ADDDDF6-SegmentedRaftLogWorker] ERROR ratis.XceiverServerRatis (XceiverServerRatis.java:triggerPipelineClose(568)) - pipeline Action CLOSE  on pipeline PipelineID=1d43f9da-0d5f-41be-945d-473a3addddf6.Reason : WriteLog:19: (t:1, i:19), STATEMACHINELOGENTRY, client-2E8FF6204D1E, cid=18-writeStateMachineData interrupted.
2019-09-10 20:23:19,267 [EventQueue-PipelineActionsForPipelineActionHandler] ERROR pipeline.PipelineActionHandler (PipelineActionHandler.java:onMessage(60)) - Received pipeline action CLOSE for Pipeline[ Id: 1d43f9da-0d5f-41be-945d-473a3addddf6, Nodes: 6721d19e-fad5-40c6-a99e-1f07fcc56c74{ip: 192.168.34.25, host: pr-hdds-2032-ffkjc-170187842, networkLocation: /default-rack, certSerialId: null}6effdead-13d1-41e6-a2f2-1b6cf88b37a4{ip: 192.168.34.25, host: pr-hdds-2032-ffkjc-170187842, networkLocation: /default-rack, certSerialId: null}9f3eeb55-1628-4544-b8a1-8f6a6bd18952{ip: 192.168.34.25, host: pr-hdds-2032-ffkjc-170187842, networkLocation: /default-rack, certSerialId: null}, Type:RATIS, Factor:THREE, State:CLOSED] from datanode 9f3eeb55-1628-4544-b8a1-8f6a6bd18952{ip: 192.168.34.25, host: pr-hdds-2032-ffkjc-170187842, networkLocation: /default-rack, certSerialId: null}. Reason : WriteLog:19: (t:1, i:19), STATEMACHINELOGENTRY, client-2E8FF6204D1E, cid=18-writeStateMachineData interrupted.
2019-09-10 20:23:19,267 [EventQueue-PipelineActionsForPipelineActionHandler] INFO  pipeline.SCMPipelineManager (SCMPipelineManager.java:finalizeAndDestroyPipeline(311)) - destroying pipeline:Pipeline[ Id: 1d43f9da-0d5f-41be-945d-473a3addddf6, Nodes: 6721d19e-fad5-40c6-a99e-1f07fcc56c74{ip: 192.168.34.25, host: pr-hdds-2032-ffkjc-170187842, networkLocation: /default-rack, certSerialId: null}6effdead-13d1-41e6-a2f2-1b6cf88b37a4{ip: 192.168.34.25, host: pr-hdds-2032-ffkjc-170187842, networkLocation: /default-rack, certSerialId: null}9f3eeb55-1628-4544-b8a1-8f6a6bd18952{ip: 192.168.34.25, host: pr-hdds-2032-ffkjc-170187842, networkLocation: /default-rack, certSerialId: null}, Type:RATIS, Factor:THREE, State:CLOSED]
2019-09-10 20:23:19,269 [grpc-default-executor-0] INFO  segmented.SegmentedRaftLogWorker (SegmentedRaftLogWorker.java:close(228)) - 9f3eeb55-1628-4544-b8a1-8f6a6bd18952@group-473A3ADDDDF6-SegmentedRaftLogWorker close()
2019-09-10 20:23:19,285 [grpc-default-executor-0] INFO  interfaces.Container (KeyValueContainer.java:flushAndSyncDB(384)) - Container 1 is synced with bcsId 12.
2019-09-10 20:23:19,286 [grpc-default-executor-0] INFO  interfaces.Container (KeyValueContainer.java:flushAndSyncDB(384)) - Container 1 is synced with bcsId 12.
2019-09-10 20:23:19,369 [grpc-default-executor-0] INFO  interfaces.Container (KeyValueContainer.java:flushAndSyncDB(384)) - Container 2 is synced with bcsId 0.
2019-09-10 20:23:19,369 [grpc-default-executor-0] INFO  interfaces.Container (KeyValueContainer.java:flushAndSyncDB(384)) - Container 2 is synced with bcsId 0.
2019-09-10 20:23:19,392 [RatisPipelineUtilsThread] INFO  pipeline.PipelineStateManager (PipelineStateManager.java:removePipeline(108)) - Pipeline Pipeline[ Id: 1d43f9da-0d5f-41be-945d-473a3addddf6, Nodes: 6721d19e-fad5-40c6-a99e-1f07fcc56c74{ip: 192.168.34.25, host: pr-hdds-2032-ffkjc-170187842, networkLocation: /default-rack, certSerialId: null}6effdead-13d1-41e6-a2f2-1b6cf88b37a4{ip: 192.168.34.25, host: pr-hdds-2032-ffkjc-170187842, networkLocation: /default-rack, certSerialId: null}9f3eeb55-1628-4544-b8a1-8f6a6bd18952{ip: 192.168.34.25, host: pr-hdds-2032-ffkjc-170187842, networkLocation: /default-rack, certSerialId: null}, Type:RATIS, Factor:THREE, State:CLOSED] removed from db
2019-09-10 20:23:19,407 [grpc-default-executor-2] INFO  impl.RaftServerProxy (RaftServerProxy.java:addNew(89)) - 6effdead-13d1-41e6-a2f2-1b6cf88b37a4: addNew group-EBEE9BAA75A8:[6721d19e-fad5-40c6-a99e-1f07fcc56c74:192.168.34.25:43550, 6effdead-13d1-41e6-a2f2-1b6cf88b37a4:192.168.34.25:36480, 9f3eeb55-1628-4544-b8a1-8f6a6bd18952:192.168.34.25:34224] returns group-EBEE9BAA75A8:java.util.concurrent.CompletableFuture@54cc57bf[Not completed]
2019-09-10 20:23:19,409 [grpc-default-executor-0] INFO  impl.RaftServerProxy (RaftServerProxy.java:addNew(89)) - 9f3eeb55-1628-4544-b8a1-8f6a6bd18952: addNew group-EBEE9BAA75A8:[6721d19e-fad5-40c6-a99e-1f07fcc56c74:192.168.34.25:43550, 6effdead-13d1-41e6-a2f2-1b6cf88b37a4:192.168.34.25:36480, 9f3eeb55-1628-4544-b8a1-8f6a6bd18952:192.168.34.25:34224] returns group-EBEE9BAA75A8:java.util.concurrent.CompletableFuture@77ce1aa2[Not completed]
2019-09-10 20:23:19,410 [grpc-default-executor-2] INFO  impl.RaftServerProxy (RaftServerProxy.java:addNew(89)) - 6721d19e-fad5-40c6-a99e-1f07fcc56c74: addNew group-EBEE9BAA75A8:[6721d19e-fad5-40c6-a99e-1f07fcc56c74:192.168.34.25:43550, 6effdead-13d1-41e6-a2f2-1b6cf88b37a4:192.168.34.25:36480, 9f3eeb55-1628-4544-b8a1-8f6a6bd18952:192.168.34.25:34224] returns group-EBEE9BAA75A8:java.util.concurrent.CompletableFuture@641e9418[Not completed]
2019-09-10 20:23:19,413 [pool-37-thread-1] INFO  impl.RaftServerImpl (RaftServerImpl.java:<init>(95)) - 6effdead-13d1-41e6-a2f2-1b6cf88b37a4: new RaftServerImpl for group-EBEE9BAA75A8:[6721d19e-fad5-40c6-a99e-1f07fcc56c74:192.168.34.25:43550, 6effdead-13d1-41e6-a2f2-1b6cf88b37a4:192.168.34.25:36480, 9f3eeb55-1628-4544-b8a1-8f6a6bd18952:192.168.34.25:34224] with ContainerStateMachine:uninitialized
2019-09-10 20:23:19,414 [pool-37-thread-1] INFO  server.RaftServerConfigKeys (ConfUtils.java:logGet(43)) - raft.server.rpc.timeout.min = 5s (custom)
2019-09-10 20:23:19,414 [pool-37-thread-1] INFO  server.RaftServerConfigKeys (ConfUtils.java:logGet(43)) - raft.server.rpc.timeout.max = 5200ms (custom)
2019-09-10 20:23:19,414 [pool-37-thread-1] INFO  server.RaftServerConfigKeys (ConfUtils.java:logGet(43)) - raft.server.rpcslowness.timeout = 120s (custom)
2019-09-10 20:23:19,414 [pool-37-thread-1] INFO  server.RaftServerConfigKeys (ConfUtils.java:logGet(43)) - raft.server.sleep.deviation.threshold = 300 (default)
2019-09-10 20:23:19,414 [pool-37-thread-1] INFO  server.RaftServerConfigKeys (ConfUtils.java:logGet(43)) - raft.server.log.appender.install.snapshot.enabled = false (custom)
2019-09-10 20:23:19,415 [pool-37-thread-1] INFO  impl.RaftServerImpl (ServerState.java:<init>(103)) - 6effdead-13d1-41e6-a2f2-1b6cf88b37a4@group-EBEE9BAA75A8: ConfigurationManager, init=-1: [6721d19e-fad5-40c6-a99e-1f07fcc56c74:192.168.34.25:43550, 6effdead-13d1-41e6-a2f2-1b6cf88b37a4:192.168.34.25:36480, 9f3eeb55-1628-4544-b8a1-8f6a6bd18952:192.168.34.25:34224], old=null, confs=<EMPTY_MAP>
2019-09-10 20:23:19,415 [pool-27-thread-1] INFO  impl.RaftServerImpl (RaftServerImpl.java:<init>(95)) - 6721d19e-fad5-40c6-a99e-1f07fcc56c74: new RaftServerImpl for group-EBEE9BAA75A8:[6721d19e-fad5-40c6-a99e-1f07fcc56c74:192.168.34.25:43550, 6effdead-13d1-41e6-a2f2-1b6cf88b37a4:192.168.34.25:36480, 9f3eeb55-1628-4544-b8a1-8f6a6bd18952:192.168.34.25:34224] with ContainerStateMachine:uninitialized
2019-09-10 20:23:19,415 [pool-37-thread-1] INFO  server.RaftServerConfigKeys (ConfUtils.java:logGet(43)) - raft.server.storage.dir = [/workdir/hadoop-ozone/tools/target/test-dir/MiniOzoneClusterImpl-70a41ef3-a3f2-4683-b109-c1f520f7c601/datanode-1/data/ratis] (custom)
2019-09-10 20:23:19,415 [pool-27-thread-1] INFO  server.RaftServerConfigKeys (ConfUtils.java:logGet(43)) - raft.server.rpc.timeout.min = 5s (custom)
2019-09-10 20:23:19,416 [pool-27-thread-1] INFO  server.RaftServerConfigKeys (ConfUtils.java:logGet(43)) - raft.server.rpc.timeout.max = 5200ms (custom)
2019-09-10 20:23:19,416 [pool-27-thread-1] INFO  server.RaftServerConfigKeys (ConfUtils.java:logGet(43)) - raft.server.rpcslowness.timeout = 120s (custom)
2019-09-10 20:23:19,416 [pool-37-thread-1] INFO  storage.RaftStorageDirectory (RaftStorageDirectory.java:analyzeStorage(246)) - The storage directory /workdir/hadoop-ozone/tools/target/test-dir/MiniOzoneClusterImpl-70a41ef3-a3f2-4683-b109-c1f520f7c601/datanode-1/data/ratis/f8dfd507-ac73-4b58-9234-ebee9baa75a8 does not exist. Creating ...
2019-09-10 20:23:19,416 [pool-27-thread-1] INFO  server.RaftServerConfigKeys (ConfUtils.java:logGet(43)) - raft.server.sleep.deviation.threshold = 300 (default)
2019-09-10 20:23:19,416 [pool-47-thread-1] INFO  impl.RaftServerImpl (RaftServerImpl.java:<init>(95)) - 9f3eeb55-1628-4544-b8a1-8f6a6bd18952: new RaftServerImpl for group-EBEE9BAA75A8:[6721d19e-fad5-40c6-a99e-1f07fcc56c74:192.168.34.25:43550, 6effdead-13d1-41e6-a2f2-1b6cf88b37a4:192.168.34.25:36480, 9f3eeb55-1628-4544-b8a1-8f6a6bd18952:192.168.34.25:34224] with ContainerStateMachine:uninitialized
2019-09-10 20:23:19,416 [pool-27-thread-1] INFO  server.RaftServerConfigKeys (ConfUtils.java:logGet(43)) - raft.server.log.appender.install.snapshot.enabled = false (custom)
2019-09-10 20:23:19,417 [pool-47-thread-1] INFO  server.RaftServerConfigKeys (ConfUtils.java:logGet(43)) - raft.server.rpc.timeout.min = 5s (custom)
2019-09-10 20:23:19,417 [pool-27-thread-1] INFO  impl.RaftServerImpl (ServerState.java:<init>(103)) - 6721d19e-fad5-40c6-a99e-1f07fcc56c74@group-EBEE9BAA75A8: ConfigurationManager, init=-1: [6721d19e-fad5-40c6-a99e-1f07fcc56c74:192.168.34.25:43550, 6effdead-13d1-41e6-a2f2-1b6cf88b37a4:192.168.34.25:36480, 9f3eeb55-1628-4544-b8a1-8f6a6bd18952:192.168.34.25:34224], old=null, confs=<EMPTY_MAP>
2019-09-10 20:23:19,417 [pool-47-thread-1] INFO  server.RaftServerConfigKeys (ConfUtils.java:logGet(43)) - raft.server.rpc.timeout.max = 5200ms (custom)
2019-09-10 20:23:19,417 [pool-27-thread-1] INFO  server.RaftServerConfigKeys (ConfUtils.java:logGet(43)) - raft.server.storage.dir = [/workdir/hadoop-ozone/tools/target/test-dir/MiniOzoneClusterImpl-70a41ef3-a3f2-4683-b109-c1f520f7c601/datanode-0/data/ratis] (custom)
2019-09-10 20:23:19,417 [pool-47-thread-1] INFO  server.RaftServerConfigKeys (ConfUtils.java:logGet(43)) - raft.server.rpcslowness.timeout = 120s (custom)
2019-09-10 20:23:19,417 [pool-47-thread-1] INFO  server.RaftServerConfigKeys (ConfUtils.java:logGet(43)) - raft.server.sleep.deviation.threshold = 300 (default)
2019-09-10 20:23:19,417 [pool-47-thread-1] INFO  server.RaftServerConfigKeys (ConfUtils.java:logGet(43)) - raft.server.log.appender.install.snapshot.enabled = false (custom)
2019-09-10 20:23:19,418 [pool-27-thread-1] INFO  storage.RaftStorageDirectory (RaftStorageDirectory.java:analyzeStorage(246)) - The storage directory /workdir/hadoop-ozone/tools/target/test-dir/MiniOzoneClusterImpl-70a41ef3-a3f2-4683-b109-c1f520f7c601/datanode-0/data/ratis/f8dfd507-ac73-4b58-9234-ebee9baa75a8 does not exist. Creating ...
2019-09-10 20:23:19,418 [pool-47-thread-1] INFO  impl.RaftServerImpl (ServerState.java:<init>(103)) - 9f3eeb55-1628-4544-b8a1-8f6a6bd18952@group-EBEE9BAA75A8: ConfigurationManager, init=-1: [6721d19e-fad5-40c6-a99e-1f07fcc56c74:192.168.34.25:43550, 6effdead-13d1-41e6-a2f2-1b6cf88b37a4:192.168.34.25:36480, 9f3eeb55-1628-4544-b8a1-8f6a6bd18952:192.168.34.25:34224], old=null, confs=<EMPTY_MAP>
2019-09-10 20:23:19,418 [pool-47-thread-1] INFO  server.RaftServerConfigKeys (ConfUtils.java:logGet(43)) - raft.server.storage.dir = [/workdir/hadoop-ozone/tools/target/test-dir/MiniOzoneClusterImpl-70a41ef3-a3f2-4683-b109-c1f520f7c601/datanode-2/data/ratis] (custom)
2019-09-10 20:23:19,418 [pool-47-thread-1] INFO  storage.RaftStorageDirectory (RaftStorageDirectory.java:analyzeStorage(246)) - The storage directory /workdir/hadoop-ozone/tools/target/test-dir/MiniOzoneClusterImpl-70a41ef3-a3f2-4683-b109-c1f520f7c601/datanode-2/data/ratis/f8dfd507-ac73-4b58-9234-ebee9baa75a8 does not exist. Creating ...
2019-09-10 20:23:19,441 [pool-47-thread-1] INFO  storage.RaftStorageDirectory (RaftStorageDirectory.java:tryLock(328)) - Lock on /workdir/hadoop-ozone/tools/target/test-dir/MiniOzoneClusterImpl-70a41ef3-a3f2-4683-b109-c1f520f7c601/datanode-2/data/ratis/f8dfd507-ac73-4b58-9234-ebee9baa75a8/in_use.lock acquired by nodename 14017@pr-hdds-2032-ffkjc-170187842
2019-09-10 20:23:19,441 [pool-27-thread-1] INFO  storage.RaftStorageDirectory (RaftStorageDirectory.java:tryLock(328)) - Lock on /workdir/hadoop-ozone/tools/target/test-dir/MiniOzoneClusterImpl-70a41ef3-a3f2-4683-b109-c1f520f7c601/datanode-0/data/ratis/f8dfd507-ac73-4b58-9234-ebee9baa75a8/in_use.lock acquired by nodename 14017@pr-hdds-2032-ffkjc-170187842
2019-09-10 20:23:19,441 [pool-37-thread-1] INFO  storage.RaftStorageDirectory (RaftStorageDirectory.java:tryLock(328)) - Lock on /workdir/hadoop-ozone/tools/target/test-dir/MiniOzoneClusterImpl-70a41ef3-a3f2-4683-b109-c1f520f7c601/datanode-1/data/ratis/f8dfd507-ac73-4b58-9234-ebee9baa75a8/in_use.lock acquired by nodename 14017@pr-hdds-2032-ffkjc-170187842
2019-09-10 20:23:19,457 [pool-47-thread-1] INFO  storage.RaftStorage (RaftStorage.java:format(72)) - Storage directory /workdir/hadoop-ozone/tools/target/test-dir/MiniOzoneClusterImpl-70a41ef3-a3f2-4683-b109-c1f520f7c601/datanode-2/data/ratis/f8dfd507-ac73-4b58-9234-ebee9baa75a8 has been successfully formatted.
2019-09-10 20:23:19,457 [pool-37-thread-1] INFO  storage.RaftStorage (RaftStorage.java:format(72)) - Storage directory /workdir/hadoop-ozone/tools/target/test-dir/MiniOzoneClusterImpl-70a41ef3-a3f2-4683-b109-c1f520f7c601/datanode-1/data/ratis/f8dfd507-ac73-4b58-9234-ebee9baa75a8 has been successfully formatted.
2019-09-10 20:23:19,457 [pool-47-thread-1] INFO  ratis.ContainerStateMachine (ContainerStateMachine.java:loadSnapshot(230)) - group-EBEE9BAA75A8: The snapshot info is null. Setting the last applied indexto:(t:0, i:~)
2019-09-10 20:23:19,457 [pool-27-thread-1] INFO  storage.RaftStorage (RaftStorage.java:format(72)) - Storage directory /workdir/hadoop-ozone/tools/target/test-dir/MiniOzoneClusterImpl-70a41ef3-a3f2-4683-b109-c1f520f7c601/datanode-0/data/ratis/f8dfd507-ac73-4b58-9234-ebee9baa75a8 has been successfully formatted.
2019-09-10 20:23:19,457 [pool-47-thread-1] INFO  server.RaftServerConfigKeys (ConfUtils.java:logGet(43)) - raft.server.notification.no-leader.timeout = 120s (custom)
2019-09-10 20:23:19,457 [pool-37-thread-1] INFO  ratis.ContainerStateMachine (ContainerStateMachine.java:loadSnapshot(230)) - group-EBEE9BAA75A8: The snapshot info is null. Setting the last applied indexto:(t:0, i:~)
2019-09-10 20:23:19,457 [pool-27-thread-1] INFO  ratis.ContainerStateMachine (ContainerStateMachine.java:loadSnapshot(230)) - group-EBEE9BAA75A8: The snapshot info is null. Setting the last applied indexto:(t:0, i:~)
2019-09-10 20:23:19,457 [pool-47-thread-1] INFO  server.RaftServerConfigKeys (ConfUtils.java:logGet(43)) - raft.server.log.use.memory = false (default)
2019-09-10 20:23:19,458 [pool-27-thread-1] INFO  server.RaftServerConfigKeys (ConfUtils.java:logGet(43)) - raft.server.notification.no-leader.timeout = 120s (custom)
2019-09-10 20:23:19,458 [pool-27-thread-1] INFO  server.RaftServerConfigKeys (ConfUtils.java:logGet(43)) - raft.server.log.use.memory = false (default)
2019-09-10 20:23:19,458 [pool-37-thread-1] INFO  server.RaftServerConfigKeys (ConfUtils.java:logGet(43)) - raft.server.notification.no-leader.timeout = 120s (custom)
2019-09-10 20:23:19,458 [pool-27-thread-1] INFO  server.RaftServerConfigKeys (ConfUtils.java:logGet(43)) - raft.server.log.purge.gap = 1000000 (custom)
2019-09-10 20:23:19,458 [pool-47-thread-1] INFO  server.RaftServerConfigKeys (ConfUtils.java:logGet(43)) - raft.server.log.purge.gap = 1000000 (custom)
2019-09-10 20:23:19,459 [pool-27-thread-1] INFO  server.RaftServerConfigKeys (ConfUtils.java:logGet(43)) - raft.server.log.appender.buffer.byte-limit = 33554432 (custom)
2019-09-10 20:23:19,459 [pool-37-thread-1] INFO  server.RaftServerConfigKeys (ConfUtils.java:logGet(43)) - raft.server.log.use.memory = false (default)
2019-09-10 20:23:19,459 [pool-27-thread-1] INFO  server.RaftServerConfigKeys (ConfUtils.java:logGet(43)) - raft.server.log.segment.size.max = 1048576 (custom)
2019-09-10 20:23:19,459 [pool-47-thread-1] INFO  server.RaftServerConfigKeys (ConfUtils.java:logGet(43)) - raft.server.log.appender.buffer.byte-limit = 33554432 (custom)
2019-09-10 20:23:19,459 [pool-27-thread-1] INFO  server.RaftServerConfigKeys (ConfUtils.java:logGet(43)) - raft.server.log.segment.cache.num.max = 2 (custom)
2019-09-10 20:23:19,459 [pool-37-thread-1] INFO  server.RaftServerConfigKeys (ConfUtils.java:logGet(43)) - raft.server.log.purge.gap = 1000000 (custom)
2019-09-10 20:23:19,460 [pool-27-thread-1] INFO  segmented.SegmentedRaftLogWorker (SegmentedRaftLogWorker.java:<init>(172)) - new 6721d19e-fad5-40c6-a99e-1f07fcc56c74@group-EBEE9BAA75A8-SegmentedRaftLogWorker for RaftStorage:Storage Directory /workdir/hadoop-ozone/tools/target/test-dir/MiniOzoneClusterImpl-70a41ef3-a3f2-4683-b109-c1f520f7c601/datanode-0/data/ratis/f8dfd507-ac73-4b58-9234-ebee9baa75a8
2019-09-10 20:23:19,460 [pool-47-thread-1] INFO  server.RaftServerConfigKeys (ConfUtils.java:logGet(43)) - raft.server.log.segment.size.max = 1048576 (custom)
2019-09-10 20:23:19,460 [pool-27-thread-1] INFO  server.RaftServerConfigKeys (ConfUtils.java:logGet(43)) - raft.server.log.queue.byte-limit = 2147483647 (custom)
2019-09-10 20:23:19,460 [pool-37-thread-1] INFO  server.RaftServerConfigKeys (ConfUtils.java:logGet(43)) - raft.server.log.appender.buffer.byte-limit = 33554432 (custom)
2019-09-10 20:23:19,461 [pool-27-thread-1] INFO  server.RaftServerConfigKeys (ConfUtils.java:logGet(43)) - raft.server.log.queue.element-limit = 1024 (custom)
2019-09-10 20:23:19,460 [pool-47-thread-1] INFO  server.RaftServerConfigKeys (ConfUtils.java:logGet(43)) - raft.server.log.segment.cache.num.max = 2 (custom)
2019-09-10 20:23:19,461 [pool-27-thread-1] INFO  server.RaftServerConfigKeys (ConfUtils.java:logGet(43)) - raft.server.log.segment.size.max = 1048576 (custom)
2019-09-10 20:23:19,461 [pool-37-thread-1] INFO  server.RaftServerConfigKeys (ConfUtils.java:logGet(43)) - raft.server.log.segment.size.max = 1048576 (custom)
2019-09-10 20:23:19,461 [pool-27-thread-1] INFO  server.RaftServerConfigKeys (ConfUtils.java:logGet(43)) - raft.server.log.preallocated.size = 16384 (custom)
2019-09-10 20:23:19,461 [pool-47-thread-1] INFO  segmented.SegmentedRaftLogWorker (SegmentedRaftLogWorker.java:<init>(172)) - new 9f3eeb55-1628-4544-b8a1-8f6a6bd18952@group-EBEE9BAA75A8-SegmentedRaftLogWorker for RaftStorage:Storage Directory /workdir/hadoop-ozone/tools/target/test-dir/MiniOzoneClusterImpl-70a41ef3-a3f2-4683-b109-c1f520f7c601/datanode-2/data/ratis/f8dfd507-ac73-4b58-9234-ebee9baa75a8
2019-09-10 20:23:19,462 [pool-27-thread-1] INFO  server.RaftServerConfigKeys (ConfUtils.java:logGet(43)) - raft.server.log.write.buffer.size = 33554432 (custom)
2019-09-10 20:23:19,462 [pool-37-thread-1] INFO  server.RaftServerConfigKeys (ConfUtils.java:logGet(43)) - raft.server.log.segment.cache.num.max = 2 (custom)
2019-09-10 20:23:19,462 [pool-27-thread-1] INFO  server.RaftServerConfigKeys (ConfUtils.java:logGet(43)) - raft.server.log.force.sync.num = 128 (default)
2019-09-10 20:23:19,462 [pool-47-thread-1] INFO  server.RaftServerConfigKeys (ConfUtils.java:logGet(43)) - raft.server.log.queue.byte-limit = 2147483647 (custom)
2019-09-10 20:23:19,463 [pool-27-thread-1] INFO  server.RaftServerConfigKeys (ConfUtils.java:logGet(43)) - raft.server.log.statemachine.data.sync = true (default)
2019-09-10 20:23:19,462 [pool-37-thread-1] INFO  segmented.SegmentedRaftLogWorker (SegmentedRaftLogWorker.java:<init>(172)) - new 6effdead-13d1-41e6-a2f2-1b6cf88b37a4@group-EBEE9BAA75A8-SegmentedRaftLogWorker for RaftStorage:Storage Directory /workdir/hadoop-ozone/tools/target/test-dir/MiniOzoneClusterImpl-70a41ef3-a3f2-4683-b109-c1f520f7c601/datanode-1/data/ratis/f8dfd507-ac73-4b58-9234-ebee9baa75a8
2019-09-10 20:23:19,463 [pool-27-thread-1] INFO  server.RaftServerConfigKeys (ConfUtils.java:logGet(43)) - raft.server.log.statemachine.data.sync.timeout = 10s (default)
2019-09-10 20:23:19,463 [pool-47-thread-1] INFO  server.RaftServerConfigKeys (ConfUtils.java:logGet(43)) - raft.server.log.queue.element-limit = 1024 (custom)
2019-09-10 20:23:19,463 [pool-27-thread-1] INFO  server.RaftServerConfigKeys (ConfUtils.java:logGet(43)) - raft.server.log.statemachine.data.sync.timeout.retry = -1 (default)
2019-09-10 20:23:19,463 [pool-37-thread-1] INFO  server.RaftServerConfigKeys (ConfUtils.java:logGet(43)) - raft.server.log.queue.byte-limit = 2147483647 (custom)
2019-09-10 20:23:19,464 [pool-27-thread-1] INFO  server.RaftServerConfigKeys (ConfUtils.java:logGet(43)) - raft.server.log.statemachine.data.caching.enabled = true (custom)
2019-09-10 20:23:19,464 [pool-47-thread-1] INFO  server.RaftServerConfigKeys (ConfUtils.java:logGet(43)) - raft.server.log.segment.size.max = 1048576 (custom)
2019-09-10 20:23:19,464 [pool-37-thread-1] INFO  server.RaftServerConfigKeys (ConfUtils.java:logGet(43)) - raft.server.log.queue.element-limit = 1024 (custom)
2019-09-10 20:23:19,465 [pool-47-thread-1] INFO  server.RaftServerConfigKeys (ConfUtils.java:logGet(43)) - raft.server.log.preallocated.size = 16384 (custom)
2019-09-10 20:23:19,465 [pool-27-thread-1] INFO  segmented.SegmentedRaftLogWorker (SegmentedRaftLogWorker.java:lambda$new$0(132)) - 6721d19e-fad5-40c6-a99e-1f07fcc56c74@group-EBEE9BAA75A8-SegmentedRaftLogWorker: flushIndex: setUnconditionally 0 -> -1
2019-09-10 20:23:19,465 [pool-47-thread-1] INFO  server.RaftServerConfigKeys (ConfUtils.java:logGet(43)) - raft.server.log.write.buffer.size = 33554432 (custom)
2019-09-10 20:23:19,465 [pool-37-thread-1] INFO  server.RaftServerConfigKeys (ConfUtils.java:logGet(43)) - raft.server.log.segment.size.max = 1048576 (custom)
2019-09-10 20:23:19,465 [pool-47-thread-1] INFO  server.RaftServerConfigKeys (ConfUtils.java:logGet(43)) - raft.server.log.force.sync.num = 128 (default)
2019-09-10 20:23:19,465 [pool-27-thread-1] INFO  server.RaftServerConfigKeys (ConfUtils.java:logGet(43)) - raft.server.snapshot.auto.trigger.enabled = true (custom)
2019-09-10 20:23:19,466 [pool-47-thread-1] INFO  server.RaftServerConfigKeys (ConfUtils.java:logGet(43)) - raft.server.log.statemachine.data.sync = true (default)
2019-09-10 20:23:19,466 [pool-37-thread-1] INFO  server.RaftServerConfigKeys (ConfUtils.java:logGet(43)) - raft.server.log.preallocated.size = 16384 (custom)
2019-09-10 20:23:19,466 [pool-47-thread-1] INFO  server.RaftServerConfigKeys (ConfUtils.java:logGet(43)) - raft.server.log.statemachine.data.sync.timeout = 10s (default)
2019-09-10 20:23:19,466 [pool-27-thread-1] INFO  server.RaftServerConfigKeys (ConfUtils.java:logGet(43)) - raft.server.snapshot.auto.trigger.threshold = 10000 (custom)
2019-09-10 20:23:19,467 [pool-47-thread-1] INFO  server.RaftServerConfigKeys (ConfUtils.java:logGet(43)) - raft.server.log.statemachine.data.sync.timeout.retry = -1 (default)
2019-09-10 20:23:19,466 [pool-37-thread-1] INFO  server.RaftServerConfigKeys (ConfUtils.java:logGet(43)) - raft.server.log.write.buffer.size = 33554432 (custom)
2019-09-10 20:23:19,467 [pool-47-thread-1] INFO  server.RaftServerConfigKeys (ConfUtils.java:logGet(43)) - raft.server.log.statemachine.data.caching.enabled = true (custom)
2019-09-10 20:23:19,467 [pool-27-thread-1] INFO  server.RaftServerConfigKeys (ConfUtils.java:logGet(43)) - raft.server.snapshot.retention.num.files = -1 (default)
2019-09-10 20:23:19,467 [pool-37-thread-1] INFO  server.RaftServerConfigKeys (ConfUtils.java:logGet(43)) - raft.server.log.force.sync.num = 128 (default)
2019-09-10 20:23:19,468 [pool-27-thread-1] INFO  server.RaftServerConfigKeys (ConfUtils.java:logGet(43)) - raft.server.retrycache.expirytime = 600000ms (custom)
2019-09-10 20:23:19,468 [pool-47-thread-1] INFO  segmented.SegmentedRaftLogWorker (SegmentedRaftLogWorker.java:lambda$new$0(132)) - 9f3eeb55-1628-4544-b8a1-8f6a6bd18952@group-EBEE9BAA75A8-SegmentedRaftLogWorker: flushIndex: setUnconditionally 0 -> -1
2019-09-10 20:23:19,468 [pool-37-thread-1] INFO  server.RaftServerConfigKeys (ConfUtils.java:logGet(43)) - raft.server.log.statemachine.data.sync = true (default)
2019-09-10 20:23:19,468 [pool-47-thread-1] INFO  server.RaftServerConfigKeys (ConfUtils.java:logGet(43)) - raft.server.snapshot.auto.trigger.enabled = true (custom)
2019-09-10 20:23:19,468 [pool-37-thread-1] INFO  server.RaftServerConfigKeys (ConfUtils.java:logGet(43)) - raft.server.log.statemachine.data.sync.timeout = 10s (default)
2019-09-10 20:23:19,469 [pool-47-thread-1] INFO  server.RaftServerConfigKeys (ConfUtils.java:logGet(43)) - raft.server.snapshot.auto.trigger.threshold = 10000 (custom)
2019-09-10 20:23:19,469 [pool-37-thread-1] INFO  server.RaftServerConfigKeys (ConfUtils.java:logGet(43)) - raft.server.log.statemachine.data.sync.timeout.retry = -1 (default)
2019-09-10 20:23:19,469 [pool-47-thread-1] INFO  server.RaftServerConfigKeys (ConfUtils.java:logGet(43)) - raft.server.snapshot.retention.num.files = -1 (default)
2019-09-10 20:23:19,469 [pool-37-thread-1] INFO  server.RaftServerConfigKeys (ConfUtils.java:logGet(43)) - raft.server.log.statemachine.data.caching.enabled = true (custom)
2019-09-10 20:23:19,469 [pool-47-thread-1] INFO  server.RaftServerConfigKeys (ConfUtils.java:logGet(43)) - raft.server.retrycache.expirytime = 600000ms (custom)
2019-09-10 20:23:19,469 [pool-37-thread-1] INFO  segmented.SegmentedRaftLogWorker (SegmentedRaftLogWorker.java:lambda$new$0(132)) - 6effdead-13d1-41e6-a2f2-1b6cf88b37a4@group-EBEE9BAA75A8-SegmentedRaftLogWorker: flushIndex: setUnconditionally 0 -> -1
2019-09-10 20:23:19,470 [pool-37-thread-1] INFO  server.RaftServerConfigKeys (ConfUtils.java:logGet(43)) - raft.server.snapshot.auto.trigger.enabled = true (custom)
2019-09-10 20:23:19,470 [pool-37-thread-1] INFO  server.RaftServerConfigKeys (ConfUtils.java:logGet(43)) - raft.server.snapshot.auto.trigger.threshold = 10000 (custom)
2019-09-10 20:23:19,470 [pool-37-thread-1] INFO  server.RaftServerConfigKeys (ConfUtils.java:logGet(43)) - raft.server.snapshot.retention.num.files = -1 (default)
2019-09-10 20:23:19,470 [pool-37-thread-1] INFO  server.RaftServerConfigKeys (ConfUtils.java:logGet(43)) - raft.server.retrycache.expirytime = 600000ms (custom)
2019-09-10 20:23:19,473 [pool-27-thread-1] INFO  impl.RaftServerImpl (RaftServerImpl.java:start(185)) - 6721d19e-fad5-40c6-a99e-1f07fcc56c74@group-EBEE9BAA75A8: start as a follower, conf=-1: [6721d19e-fad5-40c6-a99e-1f07fcc56c74:192.168.34.25:43550, 6effdead-13d1-41e6-a2f2-1b6cf88b37a4:192.168.34.25:36480, 9f3eeb55-1628-4544-b8a1-8f6a6bd18952:192.168.34.25:34224], old=null
2019-09-10 20:23:19,473 [pool-27-thread-1] INFO  impl.RaftServerImpl (RaftServerImpl.java:setRole(174)) - 6721d19e-fad5-40c6-a99e-1f07fcc56c74@group-EBEE9BAA75A8: changes role from      null to FOLLOWER at term 0 for startAsFollower
2019-09-10 20:23:19,474 [pool-27-thread-1] INFO  impl.RoleInfo (RoleInfo.java:updateAndGet(143)) - 6721d19e-fad5-40c6-a99e-1f07fcc56c74: start FollowerState
2019-09-10 20:23:19,474 [pool-27-thread-1] INFO  util.JmxRegister (JmxRegister.java:tryRegister(44)) - Successfully registered JMX Bean with object name Ratis:service=RaftServer,group=group-EBEE9BAA75A8,id=6721d19e-fad5-40c6-a99e-1f07fcc56c74
2019-09-10 20:23:19,475 [pool-47-thread-1] INFO  impl.RaftServerImpl (RaftServerImpl.java:start(185)) - 9f3eeb55-1628-4544-b8a1-8f6a6bd18952@group-EBEE9BAA75A8: start as a follower, conf=-1: [6721d19e-fad5-40c6-a99e-1f07fcc56c74:192.168.34.25:43550, 6effdead-13d1-41e6-a2f2-1b6cf88b37a4:192.168.34.25:36480, 9f3eeb55-1628-4544-b8a1-8f6a6bd18952:192.168.34.25:34224], old=null
2019-09-10 20:23:19,475 [pool-47-thread-1] INFO  impl.RaftServerImpl (RaftServerImpl.java:setRole(174)) - 9f3eeb55-1628-4544-b8a1-8f6a6bd18952@group-EBEE9BAA75A8: changes role from      null to FOLLOWER at term 0 for startAsFollower
2019-09-10 20:23:19,475 [pool-47-thread-1] INFO  impl.RoleInfo (RoleInfo.java:updateAndGet(143)) - 9f3eeb55-1628-4544-b8a1-8f6a6bd18952: start FollowerState
2019-09-10 20:23:19,477 [pool-47-thread-1] INFO  util.JmxRegister (JmxRegister.java:tryRegister(44)) - Successfully registered JMX Bean with object name Ratis:service=RaftServer,group=group-EBEE9BAA75A8,id=9f3eeb55-1628-4544-b8a1-8f6a6bd18952
2019-09-10 20:23:19,478 [pool-37-thread-1] INFO  impl.RaftServerImpl (RaftServerImpl.java:start(185)) - 6effdead-13d1-41e6-a2f2-1b6cf88b37a4@group-EBEE9BAA75A8: start as a follower, conf=-1: [6721d19e-fad5-40c6-a99e-1f07fcc56c74:192.168.34.25:43550, 6effdead-13d1-41e6-a2f2-1b6cf88b37a4:192.168.34.25:36480, 9f3eeb55-1628-4544-b8a1-8f6a6bd18952:192.168.34.25:34224], old=null
2019-09-10 20:23:19,485 [pool-37-thread-1] INFO  impl.RaftServerImpl (RaftServerImpl.java:setRole(174)) - 6effdead-13d1-41e6-a2f2-1b6cf88b37a4@group-EBEE9BAA75A8: changes role from      null to FOLLOWER at term 0 for startAsFollower
2019-09-10 20:23:19,485 [pool-37-thread-1] INFO  impl.RoleInfo (RoleInfo.java:updateAndGet(143)) - 6effdead-13d1-41e6-a2f2-1b6cf88b37a4: start FollowerState
2019-09-10 20:23:19,488 [pool-37-thread-1] INFO  util.JmxRegister (JmxRegister.java:tryRegister(44)) - Successfully registered JMX Bean with object name Ratis:service=RaftServer,group=group-EBEE9BAA75A8,id=6effdead-13d1-41e6-a2f2-1b6cf88b37a4
2019-09-10 20:23:19,499 [RatisPipelineUtilsThread] INFO  pipeline.PipelineStateManager (PipelineStateManager.java:addPipeline(56)) - Created pipeline Pipeline[ Id: f8dfd507-ac73-4b58-9234-ebee9baa75a8, Nodes: 6721d19e-fad5-40c6-a99e-1f07fcc56c74{ip: 192.168.34.25, host: pr-hdds-2032-ffkjc-170187842, networkLocation: /default-rack, certSerialId: null}6effdead-13d1-41e6-a2f2-1b6cf88b37a4{ip: 192.168.34.25, host: pr-hdds-2032-ffkjc-170187842, networkLocation: /default-rack, certSerialId: null}9f3eeb55-1628-4544-b8a1-8f6a6bd18952{ip: 192.168.34.25, host: pr-hdds-2032-ffkjc-170187842, networkLocation: /default-rack, certSerialId: null}, Type:RATIS, Factor:THREE, State:OPEN]
2019-09-10 20:23:20,058 [pool-53-thread-3] WARN  io.KeyOutputStream (KeyOutputStream.java:handleException(274)) - Encountered exception java.io.IOException: Unexpected Storage Container Exception: java.util.concurrent.CompletionException: java.util.concurrent.CompletionException: org.apache.ratis.protocol.GroupMismatchException: 9f3eeb55-1628-4544-b8a1-8f6a6bd18952: group-473A3ADDDDF6 not found. on the pipeline Pipeline[ Id: 1d43f9da-0d5f-41be-945d-473a3addddf6, Nodes: 6721d19e-fad5-40c6-a99e-1f07fcc56c74{ip: 192.168.34.25, host: pr-hdds-2032-ffkjc-170187842, networkLocation: /default-rack, certSerialId: null}6effdead-13d1-41e6-a2f2-1b6cf88b37a4{ip: 192.168.34.25, host: pr-hdds-2032-ffkjc-170187842, networkLocation: /default-rack, certSerialId: null}9f3eeb55-1628-4544-b8a1-8f6a6bd18952{ip: 192.168.34.25, host: pr-hdds-2032-ffkjc-170187842, networkLocation: /default-rack, certSerialId: null}, Type:RATIS, Factor:THREE, State:OPEN]. The last committed block length is 0, uncommitted data length is 2097152 retry count 0
2019-09-10 20:23:20,127 [grpc-default-executor-2] INFO  client.GrpcClientProtocolClient (GrpcClientProtocolClient.java:onNext(264)) - client-698E40308194->6721d19e-fad5-40c6-a99e-1f07fcc56c74: receive RaftClientReply:client-698E40308194->6721d19e-fad5-40c6-a99e-1f07fcc56c74@group-EBEE9BAA75A8, cid=26, FAILED org.apache.ratis.protocol.NotLeaderException: Server 6721d19e-fad5-40c6-a99e-1f07fcc56c74@group-EBEE9BAA75A8 is not the leader, logIndex=0, commits[6721d19e-fad5-40c6-a99e-1f07fcc56c74:c-1]
 0.00% |█                                                                                                    |  0/1 Time: 0:03:13 0.00% |█                                                                                                    |  0/1 Time: 0:03:142019-09-10 20:23:21,156 [grpc-default-executor-2] INFO  client.GrpcClientProtocolClient (GrpcClientProtocolClient.java:onNext(264)) - client-698E40308194->9f3eeb55-1628-4544-b8a1-8f6a6bd18952: receive RaftClientReply:client-698E40308194->9f3eeb55-1628-4544-b8a1-8f6a6bd18952@group-EBEE9BAA75A8, cid=26, FAILED org.apache.ratis.protocol.NotLeaderException: Server 9f3eeb55-1628-4544-b8a1-8f6a6bd18952@group-EBEE9BAA75A8 is not the leader, logIndex=0, commits[9f3eeb55-1628-4544-b8a1-8f6a6bd18952:c-1]
2019-09-10 20:23:21,928 [grpc-default-executor-2] INFO  impl.RaftServerProxy (RaftServerProxy.java:remove(95)) - 6721d19e-fad5-40c6-a99e-1f07fcc56c74: remove group-473A3ADDDDF6:null
2019-09-10 20:23:21,939 [RatisPipelineUtilsThread] WARN  pipeline.RatisPipelineUtils (RatisPipelineUtils.java:destroyPipeline(66)) - Pipeline destroy failed for pipeline=PipelineID=1d43f9da-0d5f-41be-945d-473a3addddf6 dn=6721d19e-fad5-40c6-a99e-1f07fcc56c74{ip: 192.168.34.25, host: pr-hdds-2032-ffkjc-170187842, networkLocation: /default-rack, certSerialId: null}
2019-09-10 20:23:21,947 [grpc-default-executor-2] INFO  impl.RaftServerProxy (RaftServerProxy.java:remove(95)) - 6effdead-13d1-41e6-a2f2-1b6cf88b37a4: remove group-473A3ADDDDF6:null
2019-09-10 20:23:21,955 [RatisPipelineUtilsThread] WARN  pipeline.RatisPipelineUtils (RatisPipelineUtils.java:destroyPipeline(66)) - Pipeline destroy failed for pipeline=PipelineID=1d43f9da-0d5f-41be-945d-473a3addddf6 dn=6effdead-13d1-41e6-a2f2-1b6cf88b37a4{ip: 192.168.34.25, host: pr-hdds-2032-ffkjc-170187842, networkLocation: /default-rack, certSerialId: null}
2019-09-10 20:23:21,963 [grpc-default-executor-2] INFO  impl.RaftServerProxy (RaftServerProxy.java:remove(95)) - 9f3eeb55-1628-4544-b8a1-8f6a6bd18952: remove group-473A3ADDDDF6:null
2019-09-10 20:23:21,971 [RatisPipelineUtilsThread] WARN  pipeline.RatisPipelineUtils (RatisPipelineUtils.java:destroyPipeline(66)) - Pipeline destroy failed for pipeline=PipelineID=1d43f9da-0d5f-41be-945d-473a3addddf6 dn=9f3eeb55-1628-4544-b8a1-8f6a6bd18952{ip: 192.168.34.25, host: pr-hdds-2032-ffkjc-170187842, networkLocation: /default-rack, certSerialId: null}
2019-09-10 20:23:21,973 [RatisPipelineUtilsThread] ERROR pipeline.SCMPipelineManager (Scheduler.java:lambda$schedule$1(70)) - Destroy pipeline failed for pipeline:Pipeline[ Id: 1d43f9da-0d5f-41be-945d-473a3addddf6, Nodes: 6721d19e-fad5-40c6-a99e-1f07fcc56c74{ip: 192.168.34.25, host: pr-hdds-2032-ffkjc-170187842, networkLocation: /default-rack, certSerialId: null}6effdead-13d1-41e6-a2f2-1b6cf88b37a4{ip: 192.168.34.25, host: pr-hdds-2032-ffkjc-170187842, networkLocation: /default-rack, certSerialId: null}9f3eeb55-1628-4544-b8a1-8f6a6bd18952{ip: 192.168.34.25, host: pr-hdds-2032-ffkjc-170187842, networkLocation: /default-rack, certSerialId: null}, Type:RATIS, Factor:THREE, State:CLOSED]
org.apache.hadoop.hdds.scm.pipeline.PipelineNotFoundException: PipelineID=1d43f9da-0d5f-41be-945d-473a3addddf6 not found
	at org.apache.hadoop.hdds.scm.pipeline.PipelineStateMap.getPipeline(PipelineStateMap.java:132)
	at org.apache.hadoop.hdds.scm.pipeline.PipelineStateMap.removePipeline(PipelineStateMap.java:322)
	at org.apache.hadoop.hdds.scm.pipeline.PipelineStateManager.removePipeline(PipelineStateManager.java:107)
	at org.apache.hadoop.hdds.scm.pipeline.SCMPipelineManager.removePipeline(SCMPipelineManager.java:423)
	at org.apache.hadoop.hdds.scm.pipeline.SCMPipelineManager.destroyPipeline(SCMPipelineManager.java:409)
	at org.apache.hadoop.hdds.scm.pipeline.SCMPipelineManager.lambda$finalizeAndDestroyPipeline$0(SCMPipelineManager.java:318)
	at org.apache.hadoop.utils.Scheduler.lambda$schedule$1(Scheduler.java:68)
	at java.util.concurrent.Executors$RunnableAdapter.call(Executors.java:511)
	at java.util.concurrent.FutureTask.run(FutureTask.java:266)
	at java.util.concurrent.ScheduledThreadPoolExecutor$ScheduledFutureTask.access$201(ScheduledThreadPoolExecutor.java:180)
	at java.util.concurrent.ScheduledThreadPoolExecutor$ScheduledFutureTask.run(ScheduledThreadPoolExecutor.java:293)
	at java.util.concurrent.ThreadPoolExecutor.runWorker(ThreadPoolExecutor.java:1149)
	at java.util.concurrent.ThreadPoolExecutor$Worker.run(ThreadPoolExecutor.java:624)
	at java.lang.Thread.run(Thread.java:748)
 0.00% |█                                                                                                    |  0/1 Time: 0:03:152019-09-10 20:23:22,179 [grpc-default-executor-0] INFO  client.GrpcClientProtocolClient (GrpcClientProtocolClient.java:onNext(264)) - client-698E40308194->6effdead-13d1-41e6-a2f2-1b6cf88b37a4: receive RaftClientReply:client-698E40308194->6effdead-13d1-41e6-a2f2-1b6cf88b37a4@group-EBEE9BAA75A8, cid=26, FAILED org.apache.ratis.protocol.NotLeaderException: Server 6effdead-13d1-41e6-a2f2-1b6cf88b37a4@group-EBEE9BAA75A8 is not the leader, logIndex=0, commits[6effdead-13d1-41e6-a2f2-1b6cf88b37a4:c-1]
2019-09-10 20:23:22,974 [grpc-default-executor-0] INFO  impl.RaftServerProxy (RaftServerProxy.java:remove(95)) - 6721d19e-fad5-40c6-a99e-1f07fcc56c74: remove group-473A3ADDDDF6:null
2019-09-10 20:23:22,983 [RatisPipelineUtilsThread] WARN  pipeline.RatisPipelineUtils (RatisPipelineUtils.java:destroyPipeline(66)) - Pipeline destroy failed for pipeline=PipelineID=1d43f9da-0d5f-41be-945d-473a3addddf6 dn=6721d19e-fad5-40c6-a99e-1f07fcc56c74{ip: 192.168.34.25, host: pr-hdds-2032-ffkjc-170187842, networkLocation: /default-rack, certSerialId: null}
2019-09-10 20:23:22,989 [grpc-default-executor-0] INFO  impl.RaftServerProxy (RaftServerProxy.java:remove(95)) - 6effdead-13d1-41e6-a2f2-1b6cf88b37a4: remove group-473A3ADDDDF6:null
2019-09-10 20:23:22,996 [RatisPipelineUtilsThread] WARN  pipeline.RatisPipelineUtils (RatisPipelineUtils.java:destroyPipeline(66)) - Pipeline destroy failed for pipeline=PipelineID=1d43f9da-0d5f-41be-945d-473a3addddf6 dn=6effdead-13d1-41e6-a2f2-1b6cf88b37a4{ip: 192.168.34.25, host: pr-hdds-2032-ffkjc-170187842, networkLocation: /default-rack, certSerialId: null}
2019-09-10 20:23:23,002 [grpc-default-executor-0] INFO  impl.RaftServerProxy (RaftServerProxy.java:remove(95)) - 9f3eeb55-1628-4544-b8a1-8f6a6bd18952: remove group-473A3ADDDDF6:null
2019-09-10 20:23:23,009 [RatisPipelineUtilsThread] WARN  pipeline.RatisPipelineUtils (RatisPipelineUtils.java:destroyPipeline(66)) - Pipeline destroy failed for pipeline=PipelineID=1d43f9da-0d5f-41be-945d-473a3addddf6 dn=9f3eeb55-1628-4544-b8a1-8f6a6bd18952{ip: 192.168.34.25, host: pr-hdds-2032-ffkjc-170187842, networkLocation: /default-rack, certSerialId: null}
2019-09-10 20:23:23,010 [RatisPipelineUtilsThread] ERROR pipeline.SCMPipelineManager (Scheduler.java:lambda$schedule$1(70)) - Destroy pipeline failed for pipeline:Pipeline[ Id: 1d43f9da-0d5f-41be-945d-473a3addddf6, Nodes: 6721d19e-fad5-40c6-a99e-1f07fcc56c74{ip: 192.168.34.25, host: pr-hdds-2032-ffkjc-170187842, networkLocation: /default-rack, certSerialId: null}6effdead-13d1-41e6-a2f2-1b6cf88b37a4{ip: 192.168.34.25, host: pr-hdds-2032-ffkjc-170187842, networkLocation: /default-rack, certSerialId: null}9f3eeb55-1628-4544-b8a1-8f6a6bd18952{ip: 192.168.34.25, host: pr-hdds-2032-ffkjc-170187842, networkLocation: /default-rack, certSerialId: null}, Type:RATIS, Factor:THREE, State:CLOSED]
org.apache.hadoop.hdds.scm.pipeline.PipelineNotFoundException: PipelineID=1d43f9da-0d5f-41be-945d-473a3addddf6 not found
	at org.apache.hadoop.hdds.scm.pipeline.PipelineStateMap.getPipeline(PipelineStateMap.java:132)
	at org.apache.hadoop.hdds.scm.pipeline.PipelineStateMap.removePipeline(PipelineStateMap.java:322)
	at org.apache.hadoop.hdds.scm.pipeline.PipelineStateManager.removePipeline(PipelineStateManager.java:107)
	at org.apache.hadoop.hdds.scm.pipeline.SCMPipelineManager.removePipeline(SCMPipelineManager.java:423)
	at org.apache.hadoop.hdds.scm.pipeline.SCMPipelineManager.destroyPipeline(SCMPipelineManager.java:409)
	at org.apache.hadoop.hdds.scm.pipeline.SCMPipelineManager.lambda$finalizeAndDestroyPipeline$0(SCMPipelineManager.java:318)
	at org.apache.hadoop.utils.Scheduler.lambda$schedule$1(Scheduler.java:68)
	at java.util.concurrent.Executors$RunnableAdapter.call(Executors.java:511)
	at java.util.concurrent.FutureTask.run(FutureTask.java:266)
	at java.util.concurrent.ScheduledThreadPoolExecutor$ScheduledFutureTask.access$201(ScheduledThreadPoolExecutor.java:180)
	at java.util.concurrent.ScheduledThreadPoolExecutor$ScheduledFutureTask.run(ScheduledThreadPoolExecutor.java:293)
	at java.util.concurrent.ThreadPoolExecutor.runWorker(ThreadPoolExecutor.java:1149)
	at java.util.concurrent.ThreadPoolExecutor$Worker.run(ThreadPoolExecutor.java:624)
	at java.lang.Thread.run(Thread.java:748)
 0.00% |█                                                                                                    |  0/1 Time: 0:03:162019-09-10 20:23:23,208 [grpc-default-executor-2] INFO  client.GrpcClientProtocolClient (GrpcClientProtocolClient.java:onNext(264)) - client-698E40308194->9f3eeb55-1628-4544-b8a1-8f6a6bd18952: receive RaftClientReply:client-698E40308194->9f3eeb55-1628-4544-b8a1-8f6a6bd18952@group-EBEE9BAA75A8, cid=26, FAILED org.apache.ratis.protocol.NotLeaderException: Server 9f3eeb55-1628-4544-b8a1-8f6a6bd18952@group-EBEE9BAA75A8 is not the leader, logIndex=0, commits[9f3eeb55-1628-4544-b8a1-8f6a6bd18952:c-1]
 0.00% |█                                                                                                    |  0/1 Time: 0:03:172019-09-10 20:23:24,238 [grpc-default-executor-0] INFO  client.GrpcClientProtocolClient (GrpcClientProtocolClient.java:onNext(264)) - client-698E40308194->6effdead-13d1-41e6-a2f2-1b6cf88b37a4: receive RaftClientReply:client-698E40308194->6effdead-13d1-41e6-a2f2-1b6cf88b37a4@group-EBEE9BAA75A8, cid=26, FAILED org.apache.ratis.protocol.NotLeaderException: Server 6effdead-13d1-41e6-a2f2-1b6cf88b37a4@group-EBEE9BAA75A8 is not the leader, logIndex=0, commits[6effdead-13d1-41e6-a2f2-1b6cf88b37a4:c-1]
2019-09-10 20:23:24,481 [Thread-567] INFO  impl.FollowerState (FollowerState.java:run(106)) - 9f3eeb55-1628-4544-b8a1-8f6a6bd18952:group-EBEE9BAA75A8 changes to CANDIDATE, lastRpcTime:5006, electionTimeout:5004ms
2019-09-10 20:23:24,482 [Thread-567] INFO  impl.RoleInfo (RoleInfo.java:shutdownFollowerState(121)) - 9f3eeb55-1628-4544-b8a1-8f6a6bd18952: shutdown FollowerState
2019-09-10 20:23:24,482 [Thread-567] INFO  impl.RaftServerImpl (RaftServerImpl.java:setRole(174)) - 9f3eeb55-1628-4544-b8a1-8f6a6bd18952@group-EBEE9BAA75A8: changes role from  FOLLOWER to CANDIDATE at term 0 for changeToCandidate
2019-09-10 20:23:24,482 [Thread-567] INFO  impl.RoleInfo (RoleInfo.java:updateAndGet(143)) - 9f3eeb55-1628-4544-b8a1-8f6a6bd18952: start LeaderElection
2019-09-10 20:23:24,499 [9f3eeb55-1628-4544-b8a1-8f6a6bd18952@group-EBEE9BAA75A8:LeaderElection5] INFO  impl.LeaderElection (LeaderElection.java:askForVotes(182)) - 9f3eeb55-1628-4544-b8a1-8f6a6bd18952@group-EBEE9BAA75A8:LeaderElection5: begin an election at term 1 for -1: [6721d19e-fad5-40c6-a99e-1f07fcc56c74:192.168.34.25:43550, 6effdead-13d1-41e6-a2f2-1b6cf88b37a4:192.168.34.25:36480, 9f3eeb55-1628-4544-b8a1-8f6a6bd18952:192.168.34.25:34224], old=null
2019-09-10 20:23:24,514 [grpc-default-executor-0] INFO  impl.RaftServerImpl (RaftServerImpl.java:setRole(174)) - 6effdead-13d1-41e6-a2f2-1b6cf88b37a4@group-EBEE9BAA75A8: changes role from  FOLLOWER to FOLLOWER at term 1 for recognizeCandidate:9f3eeb55-1628-4544-b8a1-8f6a6bd18952
2019-09-10 20:23:24,514 [grpc-default-executor-2] INFO  impl.RaftServerImpl (RaftServerImpl.java:setRole(174)) - 6721d19e-fad5-40c6-a99e-1f07fcc56c74@group-EBEE9BAA75A8: changes role from  FOLLOWER to FOLLOWER at term 1 for recognizeCandidate:9f3eeb55-1628-4544-b8a1-8f6a6bd18952
2019-09-10 20:23:24,515 [grpc-default-executor-0] INFO  impl.RoleInfo (RoleInfo.java:shutdownFollowerState(121)) - 6effdead-13d1-41e6-a2f2-1b6cf88b37a4: shutdown FollowerState
2019-09-10 20:23:24,515 [grpc-default-executor-2] INFO  impl.RoleInfo (RoleInfo.java:shutdownFollowerState(121)) - 6721d19e-fad5-40c6-a99e-1f07fcc56c74: shutdown FollowerState
2019-09-10 20:23:24,515 [grpc-default-executor-0] INFO  impl.RoleInfo (RoleInfo.java:updateAndGet(143)) - 6effdead-13d1-41e6-a2f2-1b6cf88b37a4: start FollowerState
2019-09-10 20:23:24,516 [Thread-565] INFO  impl.FollowerState (FollowerState.java:run(115)) - 6721d19e-fad5-40c6-a99e-1f07fcc56c74: FollowerState was interrupted: java.lang.InterruptedException: sleep interrupted
2019-09-10 20:23:24,515 [Thread-569] INFO  impl.FollowerState (FollowerState.java:run(115)) - 6effdead-13d1-41e6-a2f2-1b6cf88b37a4: FollowerState was interrupted: java.lang.InterruptedException: sleep interrupted
2019-09-10 20:23:24,515 [grpc-default-executor-2] INFO  impl.RoleInfo (RoleInfo.java:updateAndGet(143)) - 6721d19e-fad5-40c6-a99e-1f07fcc56c74: start FollowerState
2019-09-10 20:23:24,546 [9f3eeb55-1628-4544-b8a1-8f6a6bd18952@group-EBEE9BAA75A8:LeaderElection5] INFO  impl.LeaderElection (LeaderElection.java:logAndReturn(56)) - 9f3eeb55-1628-4544-b8a1-8f6a6bd18952@group-EBEE9BAA75A8:LeaderElection5: Election PASSED; received 1 response(s) [9f3eeb55-1628-4544-b8a1-8f6a6bd18952<-6effdead-13d1-41e6-a2f2-1b6cf88b37a4#0:OK-t1] and 0 exception(s); 9f3eeb55-1628-4544-b8a1-8f6a6bd18952@group-EBEE9BAA75A8:t1, leader=null, voted=9f3eeb55-1628-4544-b8a1-8f6a6bd18952, raftlog=9f3eeb55-1628-4544-b8a1-8f6a6bd18952@group-EBEE9BAA75A8-SegmentedRaftLog:OPENED:c-1,f-1,i0, conf=-1: [6721d19e-fad5-40c6-a99e-1f07fcc56c74:192.168.34.25:43550, 6effdead-13d1-41e6-a2f2-1b6cf88b37a4:192.168.34.25:36480, 9f3eeb55-1628-4544-b8a1-8f6a6bd18952:192.168.34.25:34224], old=null
2019-09-10 20:23:24,547 [9f3eeb55-1628-4544-b8a1-8f6a6bd18952@group-EBEE9BAA75A8:LeaderElection5] INFO  impl.RoleInfo (RoleInfo.java:shutdownLeaderElection(134)) - 9f3eeb55-1628-4544-b8a1-8f6a6bd18952: shutdown LeaderElection
2019-09-10 20:23:24,547 [9f3eeb55-1628-4544-b8a1-8f6a6bd18952@group-EBEE9BAA75A8:LeaderElection5] INFO  impl.RaftServerImpl (RaftServerImpl.java:setRole(174)) - 9f3eeb55-1628-4544-b8a1-8f6a6bd18952@group-EBEE9BAA75A8: changes role from CANDIDATE to LEADER at term 1 for changeToLeader
2019-09-10 20:23:24,548 [9f3eeb55-1628-4544-b8a1-8f6a6bd18952@group-EBEE9BAA75A8:LeaderElection5] INFO  impl.RaftServerImpl (ServerState.java:setLeader(253)) - 9f3eeb55-1628-4544-b8a1-8f6a6bd18952@group-EBEE9BAA75A8: change Leader from null to 9f3eeb55-1628-4544-b8a1-8f6a6bd18952 at term 1 for becomeLeader, leader elected after 5091ms
2019-09-10 20:23:24,549 [9f3eeb55-1628-4544-b8a1-8f6a6bd18952@group-EBEE9BAA75A8:LeaderElection5] INFO  server.RaftServerConfigKeys (ConfUtils.java:logGet(43)) - raft.server.staging.catchup.gap = 1000 (default)
2019-09-10 20:23:24,549 [9f3eeb55-1628-4544-b8a1-8f6a6bd18952@group-EBEE9BAA75A8:LeaderElection5] INFO  server.RaftServerConfigKeys (ConfUtils.java:logGet(43)) - raft.server.rpc.sleep.time = 25ms (default)
2019-09-10 20:23:24,549 [9f3eeb55-1628-4544-b8a1-8f6a6bd18952@group-EBEE9BAA75A8:LeaderElection5] INFO  server.RaftServerConfigKeys (ConfUtils.java:logGet(43)) - raft.server.write.element-limit = 4096 (default)
2019-09-10 20:23:24,549 [9f3eeb55-1628-4544-b8a1-8f6a6bd18952@group-EBEE9BAA75A8:LeaderElection5] INFO  server.RaftServerConfigKeys (ConfUtils.java:logGet(43)) - raft.server.watch.timeout = 10s (default)
2019-09-10 20:23:24,549 [9f3eeb55-1628-4544-b8a1-8f6a6bd18952@group-EBEE9BAA75A8:LeaderElection5] INFO  server.RaftServerConfigKeys (ConfUtils.java:logGet(43)) - raft.server.watch.timeout.denomination = 1s (default)
2019-09-10 20:23:24,550 [9f3eeb55-1628-4544-b8a1-8f6a6bd18952@group-EBEE9BAA75A8:LeaderElection5] INFO  server.RaftServerConfigKeys (ConfUtils.java:logGet(43)) - raft.server.watch.element-limit = 65536 (default)
2019-09-10 20:23:24,554 [9f3eeb55-1628-4544-b8a1-8f6a6bd18952@group-EBEE9BAA75A8:LeaderElection5] INFO  server.RaftServerConfigKeys (ConfUtils.java:logGet(43)) - raft.server.log.appender.snapshot.chunk.size.max = 16MB (=16777216) (default)
2019-09-10 20:23:24,555 [9f3eeb55-1628-4544-b8a1-8f6a6bd18952@group-EBEE9BAA75A8:LeaderElection5] INFO  server.RaftServerConfigKeys (ConfUtils.java:logGet(43)) - raft.server.log.appender.buffer.byte-limit = 33554432 (custom)
2019-09-10 20:23:24,555 [9f3eeb55-1628-4544-b8a1-8f6a6bd18952@group-EBEE9BAA75A8:LeaderElection5] INFO  server.RaftServerConfigKeys (ConfUtils.java:logGet(43)) - raft.server.log.appender.buffer.element-limit = 1 (custom)
2019-09-10 20:23:24,555 [9f3eeb55-1628-4544-b8a1-8f6a6bd18952@group-EBEE9BAA75A8:LeaderElection5] INFO  grpc.GrpcConfigKeys$Server (ConfUtils.java:logGet(43)) - raft.grpc.server.leader.outstanding.appends.max = 128 (default)
2019-09-10 20:23:24,557 [9f3eeb55-1628-4544-b8a1-8f6a6bd18952@group-EBEE9BAA75A8:LeaderElection5] INFO  server.RaftServerConfigKeys (ConfUtils.java:logGet(43)) - raft.server.rpc.request.timeout = 3000ms (default)
2019-09-10 20:23:24,557 [9f3eeb55-1628-4544-b8a1-8f6a6bd18952@group-EBEE9BAA75A8:LeaderElection5] INFO  server.RaftServerConfigKeys (ConfUtils.java:logGet(43)) - raft.server.log.appender.install.snapshot.enabled = false (custom)
2019-09-10 20:23:24,557 [9f3eeb55-1628-4544-b8a1-8f6a6bd18952@group-EBEE9BAA75A8:LeaderElection5] INFO  server.RaftServerConfigKeys (ConfUtils.java:logGet(43)) - raft.server.log.appender.snapshot.chunk.size.max = 16MB (=16777216) (default)
2019-09-10 20:23:24,558 [9f3eeb55-1628-4544-b8a1-8f6a6bd18952@group-EBEE9BAA75A8:LeaderElection5] INFO  server.RaftServerConfigKeys (ConfUtils.java:logGet(43)) - raft.server.log.appender.buffer.byte-limit = 33554432 (custom)
2019-09-10 20:23:24,558 [9f3eeb55-1628-4544-b8a1-8f6a6bd18952@group-EBEE9BAA75A8:LeaderElection5] INFO  server.RaftServerConfigKeys (ConfUtils.java:logGet(43)) - raft.server.log.appender.buffer.element-limit = 1 (custom)
2019-09-10 20:23:24,558 [9f3eeb55-1628-4544-b8a1-8f6a6bd18952@group-EBEE9BAA75A8:LeaderElection5] INFO  grpc.GrpcConfigKeys$Server (ConfUtils.java:logGet(43)) - raft.grpc.server.leader.outstanding.appends.max = 128 (default)
2019-09-10 20:23:24,558 [9f3eeb55-1628-4544-b8a1-8f6a6bd18952@group-EBEE9BAA75A8:LeaderElection5] INFO  server.RaftServerConfigKeys (ConfUtils.java:logGet(43)) - raft.server.rpc.request.timeout = 3000ms (default)
2019-09-10 20:23:24,558 [9f3eeb55-1628-4544-b8a1-8f6a6bd18952@group-EBEE9BAA75A8:LeaderElection5] INFO  server.RaftServerConfigKeys (ConfUtils.java:logGet(43)) - raft.server.log.appender.install.snapshot.enabled = false (custom)
2019-09-10 20:23:24,559 [9f3eeb55-1628-4544-b8a1-8f6a6bd18952@group-EBEE9BAA75A8:LeaderElection5] INFO  impl.RoleInfo (RoleInfo.java:updateAndGet(143)) - 9f3eeb55-1628-4544-b8a1-8f6a6bd18952: start LeaderState
2019-09-10 20:23:24,559 [9f3eeb55-1628-4544-b8a1-8f6a6bd18952@group-EBEE9BAA75A8:LeaderElection5] INFO  segmented.SegmentedRaftLogWorker (SegmentedRaftLogWorker.java:startLogSegment(380)) - 9f3eeb55-1628-4544-b8a1-8f6a6bd18952@group-EBEE9BAA75A8-SegmentedRaftLogWorker: Starting segment from index:0
2019-09-10 20:23:24,561 [9f3eeb55-1628-4544-b8a1-8f6a6bd18952@group-EBEE9BAA75A8:LeaderElection5] INFO  impl.RaftServerImpl (ServerState.java:setRaftConf(354)) - 9f3eeb55-1628-4544-b8a1-8f6a6bd18952@group-EBEE9BAA75A8: set configuration 0: [6721d19e-fad5-40c6-a99e-1f07fcc56c74:192.168.34.25:43550, 6effdead-13d1-41e6-a2f2-1b6cf88b37a4:192.168.34.25:36480, 9f3eeb55-1628-4544-b8a1-8f6a6bd18952:192.168.34.25:34224], old=null at 0
2019-09-10 20:23:24,603 [grpc-default-executor-0] INFO  impl.RaftServerImpl (ServerState.java:setLeader(253)) - 6721d19e-fad5-40c6-a99e-1f07fcc56c74@group-EBEE9BAA75A8: change Leader from null to 9f3eeb55-1628-4544-b8a1-8f6a6bd18952 at term 1 for appendEntries, leader elected after 5145ms
2019-09-10 20:23:24,605 [grpc-default-executor-2] INFO  impl.RaftServerImpl (ServerState.java:setLeader(253)) - 6effdead-13d1-41e6-a2f2-1b6cf88b37a4@group-EBEE9BAA75A8: change Leader from null to 9f3eeb55-1628-4544-b8a1-8f6a6bd18952 at term 1 for appendEntries, leader elected after 5147ms
2019-09-10 20:23:24,608 [grpc-default-executor-0] INFO  impl.RaftServerImpl (ServerState.java:setRaftConf(354)) - 6721d19e-fad5-40c6-a99e-1f07fcc56c74@group-EBEE9BAA75A8: set configuration 0: [6721d19e-fad5-40c6-a99e-1f07fcc56c74:192.168.34.25:43550, 6effdead-13d1-41e6-a2f2-1b6cf88b37a4:192.168.34.25:36480, 9f3eeb55-1628-4544-b8a1-8f6a6bd18952:192.168.34.25:34224], old=null at 0
2019-09-10 20:23:24,608 [grpc-default-executor-0] INFO  segmented.SegmentedRaftLogWorker (SegmentedRaftLogWorker.java:startLogSegment(380)) - 6721d19e-fad5-40c6-a99e-1f07fcc56c74@group-EBEE9BAA75A8-SegmentedRaftLogWorker: Starting segment from index:0
2019-09-10 20:23:24,609 [grpc-default-executor-2] INFO  impl.RaftServerImpl (ServerState.java:setRaftConf(354)) - 6effdead-13d1-41e6-a2f2-1b6cf88b37a4@group-EBEE9BAA75A8: set configuration 0: [6721d19e-fad5-40c6-a99e-1f07fcc56c74:192.168.34.25:43550, 6effdead-13d1-41e6-a2f2-1b6cf88b37a4:192.168.34.25:36480, 9f3eeb55-1628-4544-b8a1-8f6a6bd18952:192.168.34.25:34224], old=null at 0
2019-09-10 20:23:24,609 [grpc-default-executor-2] INFO  segmented.SegmentedRaftLogWorker (SegmentedRaftLogWorker.java:startLogSegment(380)) - 6effdead-13d1-41e6-a2f2-1b6cf88b37a4@group-EBEE9BAA75A8-SegmentedRaftLogWorker: Starting segment from index:0
2019-09-10 20:23:24,623 [9f3eeb55-1628-4544-b8a1-8f6a6bd18952@group-EBEE9BAA75A8-SegmentedRaftLogWorker] INFO  segmented.SegmentedRaftLogWorker (SegmentedRaftLogWorker.java:execute(569)) - 9f3eeb55-1628-4544-b8a1-8f6a6bd18952@group-EBEE9BAA75A8-SegmentedRaftLogWorker: created new log segment /workdir/hadoop-ozone/tools/target/test-dir/MiniOzoneClusterImpl-70a41ef3-a3f2-4683-b109-c1f520f7c601/datanode-2/data/ratis/f8dfd507-ac73-4b58-9234-ebee9baa75a8/current/log_inprogress_0
2019-09-10 20:23:24,645 [6effdead-13d1-41e6-a2f2-1b6cf88b37a4@group-EBEE9BAA75A8-SegmentedRaftLogWorker] INFO  segmented.SegmentedRaftLogWorker (SegmentedRaftLogWorker.java:execute(569)) - 6effdead-13d1-41e6-a2f2-1b6cf88b37a4@group-EBEE9BAA75A8-SegmentedRaftLogWorker: created new log segment /workdir/hadoop-ozone/tools/target/test-dir/MiniOzoneClusterImpl-70a41ef3-a3f2-4683-b109-c1f520f7c601/datanode-1/data/ratis/f8dfd507-ac73-4b58-9234-ebee9baa75a8/current/log_inprogress_0
2019-09-10 20:23:24,649 [6721d19e-fad5-40c6-a99e-1f07fcc56c74@group-EBEE9BAA75A8-SegmentedRaftLogWorker] INFO  segmented.SegmentedRaftLogWorker (SegmentedRaftLogWorker.java:execute(569)) - 6721d19e-fad5-40c6-a99e-1f07fcc56c74@group-EBEE9BAA75A8-SegmentedRaftLogWorker: created new log segment /workdir/hadoop-ozone/tools/target/test-dir/MiniOzoneClusterImpl-70a41ef3-a3f2-4683-b109-c1f520f7c601/datanode-0/data/ratis/f8dfd507-ac73-4b58-9234-ebee9baa75a8/current/log_inprogress_0
2019-09-10 20:23:24,966 [grpc-default-executor-2] INFO  impl.RaftServerProxy (RaftServerProxy.java:remove(95)) - 6721d19e-fad5-40c6-a99e-1f07fcc56c74: remove group-473A3ADDDDF6:null
2019-09-10 20:23:24,974 [RatisPipelineUtilsThread] WARN  pipeline.RatisPipelineUtils (RatisPipelineUtils.java:destroyPipeline(66)) - Pipeline destroy failed for pipeline=PipelineID=1d43f9da-0d5f-41be-945d-473a3addddf6 dn=6721d19e-fad5-40c6-a99e-1f07fcc56c74{ip: 192.168.34.25, host: pr-hdds-2032-ffkjc-170187842, networkLocation: /default-rack, certSerialId: null}
2019-09-10 20:23:24,981 [grpc-default-executor-2] INFO  impl.RaftServerProxy (RaftServerProxy.java:remove(95)) - 6effdead-13d1-41e6-a2f2-1b6cf88b37a4: remove group-473A3ADDDDF6:null
2019-09-10 20:23:24,987 [RatisPipelineUtilsThread] WARN  pipeline.RatisPipelineUtils (RatisPipelineUtils.java:destroyPipeline(66)) - Pipeline destroy failed for pipeline=PipelineID=1d43f9da-0d5f-41be-945d-473a3addddf6 dn=6effdead-13d1-41e6-a2f2-1b6cf88b37a4{ip: 192.168.34.25, host: pr-hdds-2032-ffkjc-170187842, networkLocation: /default-rack, certSerialId: null}
2019-09-10 20:23:24,994 [grpc-default-executor-2] INFO  impl.RaftServerProxy (RaftServerProxy.java:remove(95)) - 9f3eeb55-1628-4544-b8a1-8f6a6bd18952: remove group-473A3ADDDDF6:null
2019-09-10 20:23:24,999 [RatisPipelineUtilsThread] WARN  pipeline.RatisPipelineUtils (RatisPipelineUtils.java:destroyPipeline(66)) - Pipeline destroy failed for pipeline=PipelineID=1d43f9da-0d5f-41be-945d-473a3addddf6 dn=9f3eeb55-1628-4544-b8a1-8f6a6bd18952{ip: 192.168.34.25, host: pr-hdds-2032-ffkjc-170187842, networkLocation: /default-rack, certSerialId: null}
2019-09-10 20:23:25,000 [RatisPipelineUtilsThread] ERROR pipeline.SCMPipelineManager (Scheduler.java:lambda$schedule$1(70)) - Destroy pipeline failed for pipeline:Pipeline[ Id: 1d43f9da-0d5f-41be-945d-473a3addddf6, Nodes: 6721d19e-fad5-40c6-a99e-1f07fcc56c74{ip: 192.168.34.25, host: pr-hdds-2032-ffkjc-170187842, networkLocation: /default-rack, certSerialId: null}6effdead-13d1-41e6-a2f2-1b6cf88b37a4{ip: 192.168.34.25, host: pr-hdds-2032-ffkjc-170187842, networkLocation: /default-rack, certSerialId: null}9f3eeb55-1628-4544-b8a1-8f6a6bd18952{ip: 192.168.34.25, host: pr-hdds-2032-ffkjc-170187842, networkLocation: /default-rack, certSerialId: null}, Type:RATIS, Factor:THREE, State:CLOSED]
org.apache.hadoop.hdds.scm.pipeline.PipelineNotFoundException: PipelineID=1d43f9da-0d5f-41be-945d-473a3addddf6 not found
	at org.apache.hadoop.hdds.scm.pipeline.PipelineStateMap.getPipeline(PipelineStateMap.java:132)
	at org.apache.hadoop.hdds.scm.pipeline.PipelineStateMap.removePipeline(PipelineStateMap.java:322)
	at org.apache.hadoop.hdds.scm.pipeline.PipelineStateManager.removePipeline(PipelineStateManager.java:107)
	at org.apache.hadoop.hdds.scm.pipeline.SCMPipelineManager.removePipeline(SCMPipelineManager.java:423)
	at org.apache.hadoop.hdds.scm.pipeline.SCMPipelineManager.destroyPipeline(SCMPipelineManager.java:409)
	at org.apache.hadoop.hdds.scm.pipeline.SCMPipelineManager.lambda$finalizeAndDestroyPipeline$0(SCMPipelineManager.java:318)
	at org.apache.hadoop.utils.Scheduler.lambda$schedule$1(Scheduler.java:68)
	at java.util.concurrent.Executors$RunnableAdapter.call(Executors.java:511)
	at java.util.concurrent.FutureTask.run(FutureTask.java:266)
	at java.util.concurrent.ScheduledThreadPoolExecutor$ScheduledFutureTask.access$201(ScheduledThreadPoolExecutor.java:180)
	at java.util.concurrent.ScheduledThreadPoolExecutor$ScheduledFutureTask.run(ScheduledThreadPoolExecutor.java:293)
	at java.util.concurrent.ThreadPoolExecutor.runWorker(ThreadPoolExecutor.java:1149)
	at java.util.concurrent.ThreadPoolExecutor$Worker.run(ThreadPoolExecutor.java:624)
	at java.lang.Thread.run(Thread.java:748)
 0.00% |█                                                                                                    |  0/1 Time: 0:03:182019-09-10 20:23:25,433 [grpc-default-executor-4] INFO  client.GrpcClientProtocolClient (GrpcClientProtocolClient.java:onNext(264)) - client-698E40308194->9f3eeb55-1628-4544-b8a1-8f6a6bd18952: receive RaftClientReply:client-698E40308194->9f3eeb55-1628-4544-b8a1-8f6a6bd18952@group-EBEE9BAA75A8, cid=26, SUCCESS, logIndex=1, commits[9f3eeb55-1628-4544-b8a1-8f6a6bd18952:c1, 6721d19e-fad5-40c6-a99e-1f07fcc56c74:c0, 6effdead-13d1-41e6-a2f2-1b6cf88b37a4:c0]
2019-09-10 20:23:25,513 [grpc-default-executor-3] INFO  client.GrpcClientProtocolClient (GrpcClientProtocolClient.java:onNext(264)) - client-698E40308194->9f3eeb55-1628-4544-b8a1-8f6a6bd18952: receive RaftClientReply:client-698E40308194->9f3eeb55-1628-4544-b8a1-8f6a6bd18952@group-EBEE9BAA75A8, cid=27, SUCCESS, logIndex=3, commits[9f3eeb55-1628-4544-b8a1-8f6a6bd18952:c8, 6721d19e-fad5-40c6-a99e-1f07fcc56c74:c5, 6effdead-13d1-41e6-a2f2-1b6cf88b37a4:c5]
2019-09-10 20:23:25,514 [grpc-default-executor-3] INFO  client.GrpcClientProtocolClient (GrpcClientProtocolClient.java:onNext(264)) - client-698E40308194->9f3eeb55-1628-4544-b8a1-8f6a6bd18952: receive RaftClientReply:client-698E40308194->9f3eeb55-1628-4544-b8a1-8f6a6bd18952@group-EBEE9BAA75A8, cid=28, SUCCESS, logIndex=4, commits[9f3eeb55-1628-4544-b8a1-8f6a6bd18952:c8, 6721d19e-fad5-40c6-a99e-1f07fcc56c74:c5, 6effdead-13d1-41e6-a2f2-1b6cf88b37a4:c5]
2019-09-10 20:23:25,651 [grpc-default-executor-3] INFO  client.GrpcClientProtocolClient (GrpcClientProtocolClient.java:onNext(264)) - client-698E40308194->9f3eeb55-1628-4544-b8a1-8f6a6bd18952: receive RaftClientReply:client-698E40308194->9f3eeb55-1628-4544-b8a1-8f6a6bd18952@group-EBEE9BAA75A8, cid=29, SUCCESS, logIndex=5, commits[9f3eeb55-1628-4544-b8a1-8f6a6bd18952:c8, 6721d19e-fad5-40c6-a99e-1f07fcc56c74:c5, 6effdead-13d1-41e6-a2f2-1b6cf88b37a4:c5]
2019-09-10 20:23:25,695 [grpc-default-executor-3] INFO  client.GrpcClientProtocolClient (GrpcClientProtocolClient.java:onNext(264)) - client-698E40308194->9f3eeb55-1628-4544-b8a1-8f6a6bd18952: receive RaftClientReply:client-698E40308194->9f3eeb55-1628-4544-b8a1-8f6a6bd18952@group-EBEE9BAA75A8, cid=39, SUCCESS, logIndex=9, commits[9f3eeb55-1628-4544-b8a1-8f6a6bd18952:c10, 6721d19e-fad5-40c6-a99e-1f07fcc56c74:c8, 6effdead-13d1-41e6-a2f2-1b6cf88b37a4:c8]
2019-09-10 20:23:25,696 [grpc-default-executor-3] INFO  client.GrpcClientProtocolClient (GrpcClientProtocolClient.java:onNext(264)) - client-698E40308194->9f3eeb55-1628-4544-b8a1-8f6a6bd18952: receive RaftClientReply:client-698E40308194->9f3eeb55-1628-4544-b8a1-8f6a6bd18952@group-EBEE9BAA75A8, cid=40, SUCCESS, logIndex=10, commits[9f3eeb55-1628-4544-b8a1-8f6a6bd18952:c10, 6721d19e-fad5-40c6-a99e-1f07fcc56c74:c8, 6effdead-13d1-41e6-a2f2-1b6cf88b37a4:c8]
2019-09-10 20:23:25,709 [grpc-default-executor-0] INFO  client.GrpcClientProtocolClient (GrpcClientProtocolClient.java:onNext(264)) - client-698E40308194->9f3eeb55-1628-4544-b8a1-8f6a6bd18952: receive RaftClientReply:client-698E40308194->9f3eeb55-1628-4544-b8a1-8f6a6bd18952@group-EBEE9BAA75A8, cid=41, SUCCESS, logIndex=11, commits[9f3eeb55-1628-4544-b8a1-8f6a6bd18952:c12, 6721d19e-fad5-40c6-a99e-1f07fcc56c74:c8, 6effdead-13d1-41e6-a2f2-1b6cf88b37a4:c8]
2019-09-10 20:23:25,709 [grpc-default-executor-0] INFO  client.GrpcClientProtocolClient (GrpcClientProtocolClient.java:onNext(264)) - client-698E40308194->9f3eeb55-1628-4544-b8a1-8f6a6bd18952: receive RaftClientReply:client-698E40308194->9f3eeb55-1628-4544-b8a1-8f6a6bd18952@group-EBEE9BAA75A8, cid=42, SUCCESS, logIndex=12, commits[9f3eeb55-1628-4544-b8a1-8f6a6bd18952:c13, 6721d19e-fad5-40c6-a99e-1f07fcc56c74:c9, 6effdead-13d1-41e6-a2f2-1b6cf88b37a4:c10]
2019-09-10 20:23:25,714 [grpc-default-executor-0] INFO  client.GrpcClientProtocolClient (GrpcClientProtocolClient.java:onNext(264)) - client-698E40308194->9f3eeb55-1628-4544-b8a1-8f6a6bd18952: receive RaftClientReply:client-698E40308194->9f3eeb55-1628-4544-b8a1-8f6a6bd18952@group-EBEE9BAA75A8, cid=43, SUCCESS, logIndex=0, commits[9f3eeb55-1628-4544-b8a1-8f6a6bd18952:c14, 6721d19e-fad5-40c6-a99e-1f07fcc56c74:c10, 6effdead-13d1-41e6-a2f2-1b6cf88b37a4:c10]
2019-09-10 20:23:25,725 [grpc-default-executor-0] INFO  client.GrpcClientProtocolClient (GrpcClientProtocolClient.java:onNext(264)) - client-698E40308194->9f3eeb55-1628-4544-b8a1-8f6a6bd18952: receive RaftClientReply:client-698E40308194->9f3eeb55-1628-4544-b8a1-8f6a6bd18952@group-EBEE9BAA75A8, cid=44, SUCCESS, logIndex=0, commits[9f3eeb55-1628-4544-b8a1-8f6a6bd18952:c15, 6721d19e-fad5-40c6-a99e-1f07fcc56c74:c12, 6effdead-13d1-41e6-a2f2-1b6cf88b37a4:c12]
 0.00% |█                                                                                                    |  0/1 Time: 0:03:19 0.00% |█                                                                                                    |  0/1 Time: 0:03:202019-09-10 20:23:27,972 [grpc-default-executor-3] INFO  impl.RaftServerProxy (RaftServerProxy.java:remove(95)) - 6721d19e-fad5-40c6-a99e-1f07fcc56c74: remove group-473A3ADDDDF6:null
2019-09-10 20:23:27,982 [RatisPipelineUtilsThread] WARN  pipeline.RatisPipelineUtils (RatisPipelineUtils.java:destroyPipeline(66)) - Pipeline destroy failed for pipeline=PipelineID=1d43f9da-0d5f-41be-945d-473a3addddf6 dn=6721d19e-fad5-40c6-a99e-1f07fcc56c74{ip: 192.168.34.25, host: pr-hdds-2032-ffkjc-170187842, networkLocation: /default-rack, certSerialId: null}
2019-09-10 20:23:27,994 [grpc-default-executor-3] INFO  impl.RaftServerProxy (RaftServerProxy.java:remove(95)) - 6effdead-13d1-41e6-a2f2-1b6cf88b37a4: remove group-473A3ADDDDF6:null
2019-09-10 20:23:28,021 [RatisPipelineUtilsThread] WARN  pipeline.RatisPipelineUtils (RatisPipelineUtils.java:destroyPipeline(66)) - Pipeline destroy failed for pipeline=PipelineID=1d43f9da-0d5f-41be-945d-473a3addddf6 dn=6effdead-13d1-41e6-a2f2-1b6cf88b37a4{ip: 192.168.34.25, host: pr-hdds-2032-ffkjc-170187842, networkLocation: /default-rack, certSerialId: null}
2019-09-10 20:23:28,027 [grpc-default-executor-3] INFO  impl.RaftServerProxy (RaftServerProxy.java:remove(95)) - 9f3eeb55-1628-4544-b8a1-8f6a6bd18952: remove group-473A3ADDDDF6:null
2019-09-10 20:23:28,032 [RatisPipelineUtilsThread] WARN  pipeline.RatisPipelineUtils (RatisPipelineUtils.java:destroyPipeline(66)) - Pipeline destroy failed for pipeline=PipelineID=1d43f9da-0d5f-41be-945d-473a3addddf6 dn=9f3eeb55-1628-4544-b8a1-8f6a6bd18952{ip: 192.168.34.25, host: pr-hdds-2032-ffkjc-170187842, networkLocation: /default-rack, certSerialId: null}
2019-09-10 20:23:28,032 [RatisPipelineUtilsThread] ERROR pipeline.SCMPipelineManager (Scheduler.java:lambda$schedule$1(70)) - Destroy pipeline failed for pipeline:Pipeline[ Id: 1d43f9da-0d5f-41be-945d-473a3addddf6, Nodes: 6721d19e-fad5-40c6-a99e-1f07fcc56c74{ip: 192.168.34.25, host: pr-hdds-2032-ffkjc-170187842, networkLocation: /default-rack, certSerialId: null}6effdead-13d1-41e6-a2f2-1b6cf88b37a4{ip: 192.168.34.25, host: pr-hdds-2032-ffkjc-170187842, networkLocation: /default-rack, certSerialId: null}9f3eeb55-1628-4544-b8a1-8f6a6bd18952{ip: 192.168.34.25, host: pr-hdds-2032-ffkjc-170187842, networkLocation: /default-rack, certSerialId: null}, Type:RATIS, Factor:THREE, State:CLOSED]
org.apache.hadoop.hdds.scm.pipeline.PipelineNotFoundException: PipelineID=1d43f9da-0d5f-41be-945d-473a3addddf6 not found
	at org.apache.hadoop.hdds.scm.pipeline.PipelineStateMap.getPipeline(PipelineStateMap.java:132)
	at org.apache.hadoop.hdds.scm.pipeline.PipelineStateMap.removePipeline(PipelineStateMap.java:322)
	at org.apache.hadoop.hdds.scm.pipeline.PipelineStateManager.removePipeline(PipelineStateManager.java:107)
	at org.apache.hadoop.hdds.scm.pipeline.SCMPipelineManager.removePipeline(SCMPipelineManager.java:423)
	at org.apache.hadoop.hdds.scm.pipeline.SCMPipelineManager.destroyPipeline(SCMPipelineManager.java:409)
	at org.apache.hadoop.hdds.scm.pipeline.SCMPipelineManager.lambda$finalizeAndDestroyPipeline$0(SCMPipelineManager.java:318)
	at org.apache.hadoop.utils.Scheduler.lambda$schedule$1(Scheduler.java:68)
	at java.util.concurrent.Executors$RunnableAdapter.call(Executors.java:511)
	at java.util.concurrent.FutureTask.run(FutureTask.java:266)
	at java.util.concurrent.ScheduledThreadPoolExecutor$ScheduledFutureTask.access$201(ScheduledThreadPoolExecutor.java:180)
	at java.util.concurrent.ScheduledThreadPoolExecutor$ScheduledFutureTask.run(ScheduledThreadPoolExecutor.java:293)
	at java.util.concurrent.ThreadPoolExecutor.runWorker(ThreadPoolExecutor.java:1149)
	at java.util.concurrent.ThreadPoolExecutor$Worker.run(ThreadPoolExecutor.java:624)
	at java.lang.Thread.run(Thread.java:748)
 0.00% |█                                                                                                    |  0/1 Time: 0:03:21 0.00% |█                                                                                                    |  0/1 Time: 0:03:222019-09-10 20:23:29,965 [grpc-default-executor-4] INFO  impl.RaftServerProxy (RaftServerProxy.java:remove(95)) - 6721d19e-fad5-40c6-a99e-1f07fcc56c74: remove group-473A3ADDDDF6:null
2019-09-10 20:23:29,972 [RatisPipelineUtilsThread] WARN  pipeline.RatisPipelineUtils (RatisPipelineUtils.java:destroyPipeline(66)) - Pipeline destroy failed for pipeline=PipelineID=1d43f9da-0d5f-41be-945d-473a3addddf6 dn=6721d19e-fad5-40c6-a99e-1f07fcc56c74{ip: 192.168.34.25, host: pr-hdds-2032-ffkjc-170187842, networkLocation: /default-rack, certSerialId: null}
2019-09-10 20:23:29,978 [grpc-default-executor-4] INFO  impl.RaftServerProxy (RaftServerProxy.java:remove(95)) - 6effdead-13d1-41e6-a2f2-1b6cf88b37a4: remove group-473A3ADDDDF6:null
2019-09-10 20:23:29,983 [RatisPipelineUtilsThread] WARN  pipeline.RatisPipelineUtils (RatisPipelineUtils.java:destroyPipeline(66)) - Pipeline destroy failed for pipeline=PipelineID=1d43f9da-0d5f-41be-945d-473a3addddf6 dn=6effdead-13d1-41e6-a2f2-1b6cf88b37a4{ip: 192.168.34.25, host: pr-hdds-2032-ffkjc-170187842, networkLocation: /default-rack, certSerialId: null}
2019-09-10 20:23:29,991 [grpc-default-executor-4] INFO  impl.RaftServerProxy (RaftServerProxy.java:remove(95)) - 9f3eeb55-1628-4544-b8a1-8f6a6bd18952: remove group-473A3ADDDDF6:null
2019-09-10 20:23:29,997 [RatisPipelineUtilsThread] WARN  pipeline.RatisPipelineUtils (RatisPipelineUtils.java:destroyPipeline(66)) - Pipeline destroy failed for pipeline=PipelineID=1d43f9da-0d5f-41be-945d-473a3addddf6 dn=9f3eeb55-1628-4544-b8a1-8f6a6bd18952{ip: 192.168.34.25, host: pr-hdds-2032-ffkjc-170187842, networkLocation: /default-rack, certSerialId: null}
2019-09-10 20:23:29,997 [RatisPipelineUtilsThread] ERROR pipeline.SCMPipelineManager (Scheduler.java:lambda$schedule$1(70)) - Destroy pipeline failed for pipeline:Pipeline[ Id: 1d43f9da-0d5f-41be-945d-473a3addddf6, Nodes: 6721d19e-fad5-40c6-a99e-1f07fcc56c74{ip: 192.168.34.25, host: pr-hdds-2032-ffkjc-170187842, networkLocation: /default-rack, certSerialId: null}6effdead-13d1-41e6-a2f2-1b6cf88b37a4{ip: 192.168.34.25, host: pr-hdds-2032-ffkjc-170187842, networkLocation: /default-rack, certSerialId: null}9f3eeb55-1628-4544-b8a1-8f6a6bd18952{ip: 192.168.34.25, host: pr-hdds-2032-ffkjc-170187842, networkLocation: /default-rack, certSerialId: null}, Type:RATIS, Factor:THREE, State:CLOSED]
org.apache.hadoop.hdds.scm.pipeline.PipelineNotFoundException: PipelineID=1d43f9da-0d5f-41be-945d-473a3addddf6 not found
	at org.apache.hadoop.hdds.scm.pipeline.PipelineStateMap.getPipeline(PipelineStateMap.java:132)
	at org.apache.hadoop.hdds.scm.pipeline.PipelineStateMap.removePipeline(PipelineStateMap.java:322)
	at org.apache.hadoop.hdds.scm.pipeline.PipelineStateManager.removePipeline(PipelineStateManager.java:107)
	at org.apache.hadoop.hdds.scm.pipeline.SCMPipelineManager.removePipeline(SCMPipelineManager.java:423)
	at org.apache.hadoop.hdds.scm.pipeline.SCMPipelineManager.destroyPipeline(SCMPipelineManager.java:409)
	at org.apache.hadoop.hdds.scm.pipeline.SCMPipelineManager.lambda$finalizeAndDestroyPipeline$0(SCMPipelineManager.java:318)
	at org.apache.hadoop.utils.Scheduler.lambda$schedule$1(Scheduler.java:68)
	at java.util.concurrent.Executors$RunnableAdapter.call(Executors.java:511)
	at java.util.concurrent.FutureTask.run(FutureTask.java:266)
	at java.util.concurrent.ScheduledThreadPoolExecutor$ScheduledFutureTask.access$201(ScheduledThreadPoolExecutor.java:180)
	at java.util.concurrent.ScheduledThreadPoolExecutor$ScheduledFutureTask.run(ScheduledThreadPoolExecutor.java:293)
	at java.util.concurrent.ThreadPoolExecutor.runWorker(ThreadPoolExecutor.java:1149)
	at java.util.concurrent.ThreadPoolExecutor$Worker.run(ThreadPoolExecutor.java:624)
	at java.lang.Thread.run(Thread.java:748)
 0.00% |█                                                                                                    |  0/1 Time: 0:03:232019-09-10 20:23:30,792 [grpc-default-executor-3] INFO  client.GrpcClientProtocolClient (GrpcClientProtocolClient.java:onNext(264)) - client-698E40308194->6effdead-13d1-41e6-a2f2-1b6cf88b37a4: receive RaftClientReply:client-698E40308194->6effdead-13d1-41e6-a2f2-1b6cf88b37a4@group-EBEE9BAA75A8, cid=45, FAILED org.apache.ratis.protocol.NotLeaderException: Server 6effdead-13d1-41e6-a2f2-1b6cf88b37a4@group-EBEE9BAA75A8 is not the leader 9f3eeb55-1628-4544-b8a1-8f6a6bd18952:192.168.34.25:34224, logIndex=0, commits[6effdead-13d1-41e6-a2f2-1b6cf88b37a4:c16, 6721d19e-fad5-40c6-a99e-1f07fcc56c74:c16, 9f3eeb55-1628-4544-b8a1-8f6a6bd18952:c16]
 0.00% |█                                                                                                    |  0/1 Time: 0:03:24 0.00% |█                                                                                                    |  0/1 Time: 0:03:252019-09-10 20:23:32,969 [grpc-default-executor-3] INFO  impl.RaftServerProxy (RaftServerProxy.java:remove(95)) - 6721d19e-fad5-40c6-a99e-1f07fcc56c74: remove group-473A3ADDDDF6:null
2019-09-10 20:23:32,980 [RatisPipelineUtilsThread] WARN  pipeline.RatisPipelineUtils (RatisPipelineUtils.java:destroyPipeline(66)) - Pipeline destroy failed for pipeline=PipelineID=1d43f9da-0d5f-41be-945d-473a3addddf6 dn=6721d19e-fad5-40c6-a99e-1f07fcc56c74{ip: 192.168.34.25, host: pr-hdds-2032-ffkjc-170187842, networkLocation: /default-rack, certSerialId: null}
2019-09-10 20:23:32,986 [grpc-default-executor-3] INFO  impl.RaftServerProxy (RaftServerProxy.java:remove(95)) - 6effdead-13d1-41e6-a2f2-1b6cf88b37a4: remove group-473A3ADDDDF6:null
2019-09-10 20:23:32,992 [RatisPipelineUtilsThread] WARN  pipeline.RatisPipelineUtils (RatisPipelineUtils.java:destroyPipeline(66)) - Pipeline destroy failed for pipeline=PipelineID=1d43f9da-0d5f-41be-945d-473a3addddf6 dn=6effdead-13d1-41e6-a2f2-1b6cf88b37a4{ip: 192.168.34.25, host: pr-hdds-2032-ffkjc-170187842, networkLocation: /default-rack, certSerialId: null}
2019-09-10 20:23:32,997 [grpc-default-executor-3] INFO  impl.RaftServerProxy (RaftServerProxy.java:remove(95)) - 9f3eeb55-1628-4544-b8a1-8f6a6bd18952: remove group-473A3ADDDDF6:null
2019-09-10 20:23:33,010 [RatisPipelineUtilsThread] WARN  pipeline.RatisPipelineUtils (RatisPipelineUtils.java:destroyPipeline(66)) - Pipeline destroy failed for pipeline=PipelineID=1d43f9da-0d5f-41be-945d-473a3addddf6 dn=9f3eeb55-1628-4544-b8a1-8f6a6bd18952{ip: 192.168.34.25, host: pr-hdds-2032-ffkjc-170187842, networkLocation: /default-rack, certSerialId: null}
2019-09-10 20:23:33,011 [RatisPipelineUtilsThread] ERROR pipeline.SCMPipelineManager (Scheduler.java:lambda$schedule$1(70)) - Destroy pipeline failed for pipeline:Pipeline[ Id: 1d43f9da-0d5f-41be-945d-473a3addddf6, Nodes: 6721d19e-fad5-40c6-a99e-1f07fcc56c74{ip: 192.168.34.25, host: pr-hdds-2032-ffkjc-170187842, networkLocation: /default-rack, certSerialId: null}6effdead-13d1-41e6-a2f2-1b6cf88b37a4{ip: 192.168.34.25, host: pr-hdds-2032-ffkjc-170187842, networkLocation: /default-rack, certSerialId: null}9f3eeb55-1628-4544-b8a1-8f6a6bd18952{ip: 192.168.34.25, host: pr-hdds-2032-ffkjc-170187842, networkLocation: /default-rack, certSerialId: null}, Type:RATIS, Factor:THREE, State:CLOSED]
org.apache.hadoop.hdds.scm.pipeline.PipelineNotFoundException: PipelineID=1d43f9da-0d5f-41be-945d-473a3addddf6 not found
	at org.apache.hadoop.hdds.scm.pipeline.PipelineStateMap.getPipeline(PipelineStateMap.java:132)
	at org.apache.hadoop.hdds.scm.pipeline.PipelineStateMap.removePipeline(PipelineStateMap.java:322)
	at org.apache.hadoop.hdds.scm.pipeline.PipelineStateManager.removePipeline(PipelineStateManager.java:107)
	at org.apache.hadoop.hdds.scm.pipeline.SCMPipelineManager.removePipeline(SCMPipelineManager.java:423)
	at org.apache.hadoop.hdds.scm.pipeline.SCMPipelineManager.destroyPipeline(SCMPipelineManager.java:409)
	at org.apache.hadoop.hdds.scm.pipeline.SCMPipelineManager.lambda$finalizeAndDestroyPipeline$0(SCMPipelineManager.java:318)
	at org.apache.hadoop.utils.Scheduler.lambda$schedule$1(Scheduler.java:68)
	at java.util.concurrent.Executors$RunnableAdapter.call(Executors.java:511)
	at java.util.concurrent.FutureTask.run(FutureTask.java:266)
	at java.util.concurrent.ScheduledThreadPoolExecutor$ScheduledFutureTask.access$201(ScheduledThreadPoolExecutor.java:180)
	at java.util.concurrent.ScheduledThreadPoolExecutor$ScheduledFutureTask.run(ScheduledThreadPoolExecutor.java:293)
	at java.util.concurrent.ThreadPoolExecutor.runWorker(ThreadPoolExecutor.java:1149)
	at java.util.concurrent.ThreadPoolExecutor$Worker.run(ThreadPoolExecutor.java:624)
	at java.lang.Thread.run(Thread.java:748)
 0.00% |█                                                                                                    |  0/1 Time: 0:03:26 0.00% |█                                                                                                    |  0/1 Time: 0:03:272019-09-10 20:23:34,966 [grpc-default-executor-3] INFO  impl.RaftServerProxy (RaftServerProxy.java:remove(95)) - 6721d19e-fad5-40c6-a99e-1f07fcc56c74: remove group-473A3ADDDDF6:null
2019-09-10 20:23:34,974 [RatisPipelineUtilsThread] WARN  pipeline.RatisPipelineUtils (RatisPipelineUtils.java:destroyPipeline(66)) - Pipeline destroy failed for pipeline=PipelineID=1d43f9da-0d5f-41be-945d-473a3addddf6 dn=6721d19e-fad5-40c6-a99e-1f07fcc56c74{ip: 192.168.34.25, host: pr-hdds-2032-ffkjc-170187842, networkLocation: /default-rack, certSerialId: null}
2019-09-10 20:23:34,986 [grpc-default-executor-3] INFO  impl.RaftServerProxy (RaftServerProxy.java:remove(95)) - 6effdead-13d1-41e6-a2f2-1b6cf88b37a4: remove group-473A3ADDDDF6:null
2019-09-10 20:23:34,998 [RatisPipelineUtilsThread] WARN  pipeline.RatisPipelineUtils (RatisPipelineUtils.java:destroyPipeline(66)) - Pipeline destroy failed for pipeline=PipelineID=1d43f9da-0d5f-41be-945d-473a3addddf6 dn=6effdead-13d1-41e6-a2f2-1b6cf88b37a4{ip: 192.168.34.25, host: pr-hdds-2032-ffkjc-170187842, networkLocation: /default-rack, certSerialId: null}
2019-09-10 20:23:35,005 [grpc-default-executor-3] INFO  impl.RaftServerProxy (RaftServerProxy.java:remove(95)) - 9f3eeb55-1628-4544-b8a1-8f6a6bd18952: remove group-473A3ADDDDF6:null
2019-09-10 20:23:35,012 [RatisPipelineUtilsThread] WARN  pipeline.RatisPipelineUtils (RatisPipelineUtils.java:destroyPipeline(66)) - Pipeline destroy failed for pipeline=PipelineID=1d43f9da-0d5f-41be-945d-473a3addddf6 dn=9f3eeb55-1628-4544-b8a1-8f6a6bd18952{ip: 192.168.34.25, host: pr-hdds-2032-ffkjc-170187842, networkLocation: /default-rack, certSerialId: null}
2019-09-10 20:23:35,013 [RatisPipelineUtilsThread] ERROR pipeline.SCMPipelineManager (Scheduler.java:lambda$schedule$1(70)) - Destroy pipeline failed for pipeline:Pipeline[ Id: 1d43f9da-0d5f-41be-945d-473a3addddf6, Nodes: 6721d19e-fad5-40c6-a99e-1f07fcc56c74{ip: 192.168.34.25, host: pr-hdds-2032-ffkjc-170187842, networkLocation: /default-rack, certSerialId: null}6effdead-13d1-41e6-a2f2-1b6cf88b37a4{ip: 192.168.34.25, host: pr-hdds-2032-ffkjc-170187842, networkLocation: /default-rack, certSerialId: null}9f3eeb55-1628-4544-b8a1-8f6a6bd18952{ip: 192.168.34.25, host: pr-hdds-2032-ffkjc-170187842, networkLocation: /default-rack, certSerialId: null}, Type:RATIS, Factor:THREE, State:CLOSED]
org.apache.hadoop.hdds.scm.pipeline.PipelineNotFoundException: PipelineID=1d43f9da-0d5f-41be-945d-473a3addddf6 not found
	at org.apache.hadoop.hdds.scm.pipeline.PipelineStateMap.getPipeline(PipelineStateMap.java:132)
	at org.apache.hadoop.hdds.scm.pipeline.PipelineStateMap.removePipeline(PipelineStateMap.java:322)
	at org.apache.hadoop.hdds.scm.pipeline.PipelineStateManager.removePipeline(PipelineStateManager.java:107)
	at org.apache.hadoop.hdds.scm.pipeline.SCMPipelineManager.removePipeline(SCMPipelineManager.java:423)
	at org.apache.hadoop.hdds.scm.pipeline.SCMPipelineManager.destroyPipeline(SCMPipelineManager.java:409)
	at org.apache.hadoop.hdds.scm.pipeline.SCMPipelineManager.lambda$finalizeAndDestroyPipeline$0(SCMPipelineManager.java:318)
	at org.apache.hadoop.utils.Scheduler.lambda$schedule$1(Scheduler.java:68)
	at java.util.concurrent.Executors$RunnableAdapter.call(Executors.java:511)
	at java.util.concurrent.FutureTask.run(FutureTask.java:266)
	at java.util.concurrent.ScheduledThreadPoolExecutor$ScheduledFutureTask.access$201(ScheduledThreadPoolExecutor.java:180)
	at java.util.concurrent.ScheduledThreadPoolExecutor$ScheduledFutureTask.run(ScheduledThreadPoolExecutor.java:293)
	at java.util.concurrent.ThreadPoolExecutor.runWorker(ThreadPoolExecutor.java:1149)
	at java.util.concurrent.ThreadPoolExecutor$Worker.run(ThreadPoolExecutor.java:624)
	at java.lang.Thread.run(Thread.java:748)
 0.00% |█                                                                                                    |  0/1 Time: 0:03:282019-09-10 20:23:35,754 [9f3eeb55-1628-4544-b8a1-8f6a6bd18952@group-EBEE9BAA75A8-SegmentedRaftLogWorker] WARN  segmented.SegmentedRaftLogWorker (SegmentedRaftLogWorker.java:getFromFuture(90)) - Timeout 0/~
org.apache.ratis.protocol.TimeoutIOException: Timeout 10s: WriteLog:17: (t:1, i:17), STATEMACHINELOGENTRY, client-698E40308194, cid=45-writeStateMachineData
	at org.apache.ratis.util.IOUtils.getFromFuture(IOUtils.java:87)
	at org.apache.ratis.server.raftlog.segmented.SegmentedRaftLogWorker$StateMachineDataPolicy.getFromFuture(SegmentedRaftLogWorker.java:87)
	at org.apache.ratis.server.raftlog.segmented.SegmentedRaftLogWorker$WriteLog.execute(SegmentedRaftLogWorker.java:477)
	at org.apache.ratis.server.raftlog.segmented.SegmentedRaftLogWorker.run(SegmentedRaftLogWorker.java:289)
	at java.lang.Thread.run(Thread.java:748)
Caused by: java.util.concurrent.TimeoutException
	at java.util.concurrent.CompletableFuture.timedGet(CompletableFuture.java:1771)
	at java.util.concurrent.CompletableFuture.get(CompletableFuture.java:1915)
	at org.apache.ratis.util.IOUtils.getFromFuture(IOUtils.java:79)
	... 4 more
2019-09-10 20:23:35,842 [grpc-default-executor-4] INFO  client.GrpcClientProtocolClient (GrpcClientProtocolClient.java:onNext(264)) - client-698E40308194->6721d19e-fad5-40c6-a99e-1f07fcc56c74: receive RaftClientReply:client-698E40308194->6721d19e-fad5-40c6-a99e-1f07fcc56c74@group-EBEE9BAA75A8, cid=45, FAILED org.apache.ratis.protocol.NotLeaderException: Server 6721d19e-fad5-40c6-a99e-1f07fcc56c74@group-EBEE9BAA75A8 is not the leader 9f3eeb55-1628-4544-b8a1-8f6a6bd18952:192.168.34.25:34224, logIndex=0, commits[6721d19e-fad5-40c6-a99e-1f07fcc56c74:c16, 6effdead-13d1-41e6-a2f2-1b6cf88b37a4:c16, 9f3eeb55-1628-4544-b8a1-8f6a6bd18952:c16]
 0.00% |█                                                                                                    |  0/1 Time: 0:03:29 0.00% |█                                                                                                    |  0/1 Time: 0:03:302019-09-10 20:23:37,962 [grpc-default-executor-4] INFO  impl.RaftServerProxy (RaftServerProxy.java:remove(95)) - 6721d19e-fad5-40c6-a99e-1f07fcc56c74: remove group-473A3ADDDDF6:null
2019-09-10 20:23:37,973 [RatisPipelineUtilsThread] WARN  pipeline.RatisPipelineUtils (RatisPipelineUtils.java:destroyPipeline(66)) - Pipeline destroy failed for pipeline=PipelineID=1d43f9da-0d5f-41be-945d-473a3addddf6 dn=6721d19e-fad5-40c6-a99e-1f07fcc56c74{ip: 192.168.34.25, host: pr-hdds-2032-ffkjc-170187842, networkLocation: /default-rack, certSerialId: null}
2019-09-10 20:23:37,980 [grpc-default-executor-4] INFO  impl.RaftServerProxy (RaftServerProxy.java:remove(95)) - 6effdead-13d1-41e6-a2f2-1b6cf88b37a4: remove group-473A3ADDDDF6:null
2019-09-10 20:23:37,989 [RatisPipelineUtilsThread] WARN  pipeline.RatisPipelineUtils (RatisPipelineUtils.java:destroyPipeline(66)) - Pipeline destroy failed for pipeline=PipelineID=1d43f9da-0d5f-41be-945d-473a3addddf6 dn=6effdead-13d1-41e6-a2f2-1b6cf88b37a4{ip: 192.168.34.25, host: pr-hdds-2032-ffkjc-170187842, networkLocation: /default-rack, certSerialId: null}
2019-09-10 20:23:37,994 [grpc-default-executor-4] INFO  impl.RaftServerProxy (RaftServerProxy.java:remove(95)) - 9f3eeb55-1628-4544-b8a1-8f6a6bd18952: remove group-473A3ADDDDF6:null
2019-09-10 20:23:37,999 [RatisPipelineUtilsThread] WARN  pipeline.RatisPipelineUtils (RatisPipelineUtils.java:destroyPipeline(66)) - Pipeline destroy failed for pipeline=PipelineID=1d43f9da-0d5f-41be-945d-473a3addddf6 dn=9f3eeb55-1628-4544-b8a1-8f6a6bd18952{ip: 192.168.34.25, host: pr-hdds-2032-ffkjc-170187842, networkLocation: /default-rack, certSerialId: null}
2019-09-10 20:23:37,999 [RatisPipelineUtilsThread] ERROR pipeline.SCMPipelineManager (Scheduler.java:lambda$schedule$1(70)) - Destroy pipeline failed for pipeline:Pipeline[ Id: 1d43f9da-0d5f-41be-945d-473a3addddf6, Nodes: 6721d19e-fad5-40c6-a99e-1f07fcc56c74{ip: 192.168.34.25, host: pr-hdds-2032-ffkjc-170187842, networkLocation: /default-rack, certSerialId: null}6effdead-13d1-41e6-a2f2-1b6cf88b37a4{ip: 192.168.34.25, host: pr-hdds-2032-ffkjc-170187842, networkLocation: /default-rack, certSerialId: null}9f3eeb55-1628-4544-b8a1-8f6a6bd18952{ip: 192.168.34.25, host: pr-hdds-2032-ffkjc-170187842, networkLocation: /default-rack, certSerialId: null}, Type:RATIS, Factor:THREE, State:CLOSED]
org.apache.hadoop.hdds.scm.pipeline.PipelineNotFoundException: PipelineID=1d43f9da-0d5f-41be-945d-473a3addddf6 not found
	at org.apache.hadoop.hdds.scm.pipeline.PipelineStateMap.getPipeline(PipelineStateMap.java:132)
	at org.apache.hadoop.hdds.scm.pipeline.PipelineStateMap.removePipeline(PipelineStateMap.java:322)
	at org.apache.hadoop.hdds.scm.pipeline.PipelineStateManager.removePipeline(PipelineStateManager.java:107)
	at org.apache.hadoop.hdds.scm.pipeline.SCMPipelineManager.removePipeline(SCMPipelineManager.java:423)
	at org.apache.hadoop.hdds.scm.pipeline.SCMPipelineManager.destroyPipeline(SCMPipelineManager.java:409)
	at org.apache.hadoop.hdds.scm.pipeline.SCMPipelineManager.lambda$finalizeAndDestroyPipeline$0(SCMPipelineManager.java:318)
	at org.apache.hadoop.utils.Scheduler.lambda$schedule$1(Scheduler.java:68)
	at java.util.concurrent.Executors$RunnableAdapter.call(Executors.java:511)
	at java.util.concurrent.FutureTask.run(FutureTask.java:266)
	at java.util.concurrent.ScheduledThreadPoolExecutor$ScheduledFutureTask.access$201(ScheduledThreadPoolExecutor.java:180)
	at java.util.concurrent.ScheduledThreadPoolExecutor$ScheduledFutureTask.run(ScheduledThreadPoolExecutor.java:293)
	at java.util.concurrent.ThreadPoolExecutor.runWorker(ThreadPoolExecutor.java:1149)
	at java.util.concurrent.ThreadPoolExecutor$Worker.run(ThreadPoolExecutor.java:624)
	at java.lang.Thread.run(Thread.java:748)
 0.00% |█                                                                                                    |  0/1 Time: 0:03:31 0.00% |█                                                                                                    |  0/1 Time: 0:03:322019-09-10 20:23:39,965 [grpc-default-executor-3] INFO  impl.RaftServerProxy (RaftServerProxy.java:remove(95)) - 6721d19e-fad5-40c6-a99e-1f07fcc56c74: remove group-473A3ADDDDF6:null
2019-09-10 20:23:39,972 [RatisPipelineUtilsThread] WARN  pipeline.RatisPipelineUtils (RatisPipelineUtils.java:destroyPipeline(66)) - Pipeline destroy failed for pipeline=PipelineID=1d43f9da-0d5f-41be-945d-473a3addddf6 dn=6721d19e-fad5-40c6-a99e-1f07fcc56c74{ip: 192.168.34.25, host: pr-hdds-2032-ffkjc-170187842, networkLocation: /default-rack, certSerialId: null}
2019-09-10 20:23:39,976 [grpc-default-executor-3] INFO  impl.RaftServerProxy (RaftServerProxy.java:remove(95)) - 6effdead-13d1-41e6-a2f2-1b6cf88b37a4: remove group-473A3ADDDDF6:null
2019-09-10 20:23:39,981 [RatisPipelineUtilsThread] WARN  pipeline.RatisPipelineUtils (RatisPipelineUtils.java:destroyPipeline(66)) - Pipeline destroy failed for pipeline=PipelineID=1d43f9da-0d5f-41be-945d-473a3addddf6 dn=6effdead-13d1-41e6-a2f2-1b6cf88b37a4{ip: 192.168.34.25, host: pr-hdds-2032-ffkjc-170187842, networkLocation: /default-rack, certSerialId: null}
2019-09-10 20:23:39,986 [grpc-default-executor-3] INFO  impl.RaftServerProxy (RaftServerProxy.java:remove(95)) - 9f3eeb55-1628-4544-b8a1-8f6a6bd18952: remove group-473A3ADDDDF6:null
2019-09-10 20:23:39,990 [RatisPipelineUtilsThread] WARN  pipeline.RatisPipelineUtils (RatisPipelineUtils.java:destroyPipeline(66)) - Pipeline destroy failed for pipeline=PipelineID=1d43f9da-0d5f-41be-945d-473a3addddf6 dn=9f3eeb55-1628-4544-b8a1-8f6a6bd18952{ip: 192.168.34.25, host: pr-hdds-2032-ffkjc-170187842, networkLocation: /default-rack, certSerialId: null}
2019-09-10 20:23:39,991 [RatisPipelineUtilsThread] ERROR pipeline.SCMPipelineManager (Scheduler.java:lambda$schedule$1(70)) - Destroy pipeline failed for pipeline:Pipeline[ Id: 1d43f9da-0d5f-41be-945d-473a3addddf6, Nodes: 6721d19e-fad5-40c6-a99e-1f07fcc56c74{ip: 192.168.34.25, host: pr-hdds-2032-ffkjc-170187842, networkLocation: /default-rack, certSerialId: null}6effdead-13d1-41e6-a2f2-1b6cf88b37a4{ip: 192.168.34.25, host: pr-hdds-2032-ffkjc-170187842, networkLocation: /default-rack, certSerialId: null}9f3eeb55-1628-4544-b8a1-8f6a6bd18952{ip: 192.168.34.25, host: pr-hdds-2032-ffkjc-170187842, networkLocation: /default-rack, certSerialId: null}, Type:RATIS, Factor:THREE, State:CLOSED]
org.apache.hadoop.hdds.scm.pipeline.PipelineNotFoundException: PipelineID=1d43f9da-0d5f-41be-945d-473a3addddf6 not found
	at org.apache.hadoop.hdds.scm.pipeline.PipelineStateMap.getPipeline(PipelineStateMap.java:132)
	at org.apache.hadoop.hdds.scm.pipeline.PipelineStateMap.removePipeline(PipelineStateMap.java:322)
	at org.apache.hadoop.hdds.scm.pipeline.PipelineStateManager.removePipeline(PipelineStateManager.java:107)
	at org.apache.hadoop.hdds.scm.pipeline.SCMPipelineManager.removePipeline(SCMPipelineManager.java:423)
	at org.apache.hadoop.hdds.scm.pipeline.SCMPipelineManager.destroyPipeline(SCMPipelineManager.java:409)
	at org.apache.hadoop.hdds.scm.pipeline.SCMPipelineManager.lambda$finalizeAndDestroyPipeline$0(SCMPipelineManager.java:318)
	at org.apache.hadoop.utils.Scheduler.lambda$schedule$1(Scheduler.java:68)
	at java.util.concurrent.Executors$RunnableAdapter.call(Executors.java:511)
	at java.util.concurrent.FutureTask.run(FutureTask.java:266)
	at java.util.concurrent.ScheduledThreadPoolExecutor$ScheduledFutureTask.access$201(ScheduledThreadPoolExecutor.java:180)
	at java.util.concurrent.ScheduledThreadPoolExecutor$ScheduledFutureTask.run(ScheduledThreadPoolExecutor.java:293)
	at java.util.concurrent.ThreadPoolExecutor.runWorker(ThreadPoolExecutor.java:1149)
	at java.util.concurrent.ThreadPoolExecutor$Worker.run(ThreadPoolExecutor.java:624)
	at java.lang.Thread.run(Thread.java:748)
 0.00% |█                                                                                                    |  0/1 Time: 0:03:332019-09-10 20:23:40,896 [grpc-default-executor-4] INFO  client.GrpcClientProtocolClient (GrpcClientProtocolClient.java:onNext(264)) - client-698E40308194->6721d19e-fad5-40c6-a99e-1f07fcc56c74: receive RaftClientReply:client-698E40308194->6721d19e-fad5-40c6-a99e-1f07fcc56c74@group-EBEE9BAA75A8, cid=45, FAILED org.apache.ratis.protocol.NotLeaderException: Server 6721d19e-fad5-40c6-a99e-1f07fcc56c74@group-EBEE9BAA75A8 is not the leader 9f3eeb55-1628-4544-b8a1-8f6a6bd18952:192.168.34.25:34224, logIndex=0, commits[6721d19e-fad5-40c6-a99e-1f07fcc56c74:c16, 6effdead-13d1-41e6-a2f2-1b6cf88b37a4:c16, 9f3eeb55-1628-4544-b8a1-8f6a6bd18952:c16]
 0.00% |█                                                                                                    |  0/1 Time: 0:03:34 0.00% |█                                                                                                    |  0/1 Time: 0:03:352019-09-10 20:23:42,975 [grpc-default-executor-3] INFO  impl.RaftServerProxy (RaftServerProxy.java:remove(95)) - 6721d19e-fad5-40c6-a99e-1f07fcc56c74: remove group-473A3ADDDDF6:null
2019-09-10 20:23:42,983 [RatisPipelineUtilsThread] WARN  pipeline.RatisPipelineUtils (RatisPipelineUtils.java:destroyPipeline(66)) - Pipeline destroy failed for pipeline=PipelineID=1d43f9da-0d5f-41be-945d-473a3addddf6 dn=6721d19e-fad5-40c6-a99e-1f07fcc56c74{ip: 192.168.34.25, host: pr-hdds-2032-ffkjc-170187842, networkLocation: /default-rack, certSerialId: null}
2019-09-10 20:23:42,989 [grpc-default-executor-3] INFO  impl.RaftServerProxy (RaftServerProxy.java:remove(95)) - 6effdead-13d1-41e6-a2f2-1b6cf88b37a4: remove group-473A3ADDDDF6:null
2019-09-10 20:23:42,994 [RatisPipelineUtilsThread] WARN  pipeline.RatisPipelineUtils (RatisPipelineUtils.java:destroyPipeline(66)) - Pipeline destroy failed for pipeline=PipelineID=1d43f9da-0d5f-41be-945d-473a3addddf6 dn=6effdead-13d1-41e6-a2f2-1b6cf88b37a4{ip: 192.168.34.25, host: pr-hdds-2032-ffkjc-170187842, networkLocation: /default-rack, certSerialId: null}
2019-09-10 20:23:43,005 [grpc-default-executor-3] INFO  impl.RaftServerProxy (RaftServerProxy.java:remove(95)) - 9f3eeb55-1628-4544-b8a1-8f6a6bd18952: remove group-473A3ADDDDF6:null
2019-09-10 20:23:43,010 [RatisPipelineUtilsThread] WARN  pipeline.RatisPipelineUtils (RatisPipelineUtils.java:destroyPipeline(66)) - Pipeline destroy failed for pipeline=PipelineID=1d43f9da-0d5f-41be-945d-473a3addddf6 dn=9f3eeb55-1628-4544-b8a1-8f6a6bd18952{ip: 192.168.34.25, host: pr-hdds-2032-ffkjc-170187842, networkLocation: /default-rack, certSerialId: null}
2019-09-10 20:23:43,011 [RatisPipelineUtilsThread] ERROR pipeline.SCMPipelineManager (Scheduler.java:lambda$schedule$1(70)) - Destroy pipeline failed for pipeline:Pipeline[ Id: 1d43f9da-0d5f-41be-945d-473a3addddf6, Nodes: 6721d19e-fad5-40c6-a99e-1f07fcc56c74{ip: 192.168.34.25, host: pr-hdds-2032-ffkjc-170187842, networkLocation: /default-rack, certSerialId: null}6effdead-13d1-41e6-a2f2-1b6cf88b37a4{ip: 192.168.34.25, host: pr-hdds-2032-ffkjc-170187842, networkLocation: /default-rack, certSerialId: null}9f3eeb55-1628-4544-b8a1-8f6a6bd18952{ip: 192.168.34.25, host: pr-hdds-2032-ffkjc-170187842, networkLocation: /default-rack, certSerialId: null}, Type:RATIS, Factor:THREE, State:CLOSED]
org.apache.hadoop.hdds.scm.pipeline.PipelineNotFoundException: PipelineID=1d43f9da-0d5f-41be-945d-473a3addddf6 not found
	at org.apache.hadoop.hdds.scm.pipeline.PipelineStateMap.getPipeline(PipelineStateMap.java:132)
	at org.apache.hadoop.hdds.scm.pipeline.PipelineStateMap.removePipeline(PipelineStateMap.java:322)
	at org.apache.hadoop.hdds.scm.pipeline.PipelineStateManager.removePipeline(PipelineStateManager.java:107)
	at org.apache.hadoop.hdds.scm.pipeline.SCMPipelineManager.removePipeline(SCMPipelineManager.java:423)
	at org.apache.hadoop.hdds.scm.pipeline.SCMPipelineManager.destroyPipeline(SCMPipelineManager.java:409)
	at org.apache.hadoop.hdds.scm.pipeline.SCMPipelineManager.lambda$finalizeAndDestroyPipeline$0(SCMPipelineManager.java:318)
	at org.apache.hadoop.utils.Scheduler.lambda$schedule$1(Scheduler.java:68)
	at java.util.concurrent.Executors$RunnableAdapter.call(Executors.java:511)
	at java.util.concurrent.FutureTask.run(FutureTask.java:266)
	at java.util.concurrent.ScheduledThreadPoolExecutor$ScheduledFutureTask.access$201(ScheduledThreadPoolExecutor.java:180)
	at java.util.concurrent.ScheduledThreadPoolExecutor$ScheduledFutureTask.run(ScheduledThreadPoolExecutor.java:293)
	at java.util.concurrent.ThreadPoolExecutor.runWorker(ThreadPoolExecutor.java:1149)
	at java.util.concurrent.ThreadPoolExecutor$Worker.run(ThreadPoolExecutor.java:624)
	at java.lang.Thread.run(Thread.java:748)
 0.00% |█                                                                                                    |  0/1 Time: 0:03:36 0.00% |█                                                                                                    |  0/1 Time: 0:03:372019-09-10 20:23:44,962 [grpc-default-executor-3] INFO  impl.RaftServerProxy (RaftServerProxy.java:remove(95)) - 6721d19e-fad5-40c6-a99e-1f07fcc56c74: remove group-473A3ADDDDF6:null
2019-09-10 20:23:44,968 [RatisPipelineUtilsThread] WARN  pipeline.RatisPipelineUtils (RatisPipelineUtils.java:destroyPipeline(66)) - Pipeline destroy failed for pipeline=PipelineID=1d43f9da-0d5f-41be-945d-473a3addddf6 dn=6721d19e-fad5-40c6-a99e-1f07fcc56c74{ip: 192.168.34.25, host: pr-hdds-2032-ffkjc-170187842, networkLocation: /default-rack, certSerialId: null}
2019-09-10 20:23:44,973 [grpc-default-executor-3] INFO  impl.RaftServerProxy (RaftServerProxy.java:remove(95)) - 6effdead-13d1-41e6-a2f2-1b6cf88b37a4: remove group-473A3ADDDDF6:null
2019-09-10 20:23:44,978 [RatisPipelineUtilsThread] WARN  pipeline.RatisPipelineUtils (RatisPipelineUtils.java:destroyPipeline(66)) - Pipeline destroy failed for pipeline=PipelineID=1d43f9da-0d5f-41be-945d-473a3addddf6 dn=6effdead-13d1-41e6-a2f2-1b6cf88b37a4{ip: 192.168.34.25, host: pr-hdds-2032-ffkjc-170187842, networkLocation: /default-rack, certSerialId: null}
2019-09-10 20:23:44,982 [grpc-default-executor-3] INFO  impl.RaftServerProxy (RaftServerProxy.java:remove(95)) - 9f3eeb55-1628-4544-b8a1-8f6a6bd18952: remove group-473A3ADDDDF6:null
2019-09-10 20:23:44,987 [RatisPipelineUtilsThread] WARN  pipeline.RatisPipelineUtils (RatisPipelineUtils.java:destroyPipeline(66)) - Pipeline destroy failed for pipeline=PipelineID=1d43f9da-0d5f-41be-945d-473a3addddf6 dn=9f3eeb55-1628-4544-b8a1-8f6a6bd18952{ip: 192.168.34.25, host: pr-hdds-2032-ffkjc-170187842, networkLocation: /default-rack, certSerialId: null}
2019-09-10 20:23:44,988 [RatisPipelineUtilsThread] ERROR pipeline.SCMPipelineManager (Scheduler.java:lambda$schedule$1(70)) - Destroy pipeline failed for pipeline:Pipeline[ Id: 1d43f9da-0d5f-41be-945d-473a3addddf6, Nodes: 6721d19e-fad5-40c6-a99e-1f07fcc56c74{ip: 192.168.34.25, host: pr-hdds-2032-ffkjc-170187842, networkLocation: /default-rack, certSerialId: null}6effdead-13d1-41e6-a2f2-1b6cf88b37a4{ip: 192.168.34.25, host: pr-hdds-2032-ffkjc-170187842, networkLocation: /default-rack, certSerialId: null}9f3eeb55-1628-4544-b8a1-8f6a6bd18952{ip: 192.168.34.25, host: pr-hdds-2032-ffkjc-170187842, networkLocation: /default-rack, certSerialId: null}, Type:RATIS, Factor:THREE, State:CLOSED]
org.apache.hadoop.hdds.scm.pipeline.PipelineNotFoundException: PipelineID=1d43f9da-0d5f-41be-945d-473a3addddf6 not found
	at org.apache.hadoop.hdds.scm.pipeline.PipelineStateMap.getPipeline(PipelineStateMap.java:132)
	at org.apache.hadoop.hdds.scm.pipeline.PipelineStateMap.removePipeline(PipelineStateMap.java:322)
	at org.apache.hadoop.hdds.scm.pipeline.PipelineStateManager.removePipeline(PipelineStateManager.java:107)
	at org.apache.hadoop.hdds.scm.pipeline.SCMPipelineManager.removePipeline(SCMPipelineManager.java:423)
	at org.apache.hadoop.hdds.scm.pipeline.SCMPipelineManager.destroyPipeline(SCMPipelineManager.java:409)
	at org.apache.hadoop.hdds.scm.pipeline.SCMPipelineManager.lambda$finalizeAndDestroyPipeline$0(SCMPipelineManager.java:318)
	at org.apache.hadoop.utils.Scheduler.lambda$schedule$1(Scheduler.java:68)
	at java.util.concurrent.Executors$RunnableAdapter.call(Executors.java:511)
	at java.util.concurrent.FutureTask.run(FutureTask.java:266)
	at java.util.concurrent.ScheduledThreadPoolExecutor$ScheduledFutureTask.access$201(ScheduledThreadPoolExecutor.java:180)
	at java.util.concurrent.ScheduledThreadPoolExecutor$ScheduledFutureTask.run(ScheduledThreadPoolExecutor.java:293)
	at java.util.concurrent.ThreadPoolExecutor.runWorker(ThreadPoolExecutor.java:1149)
	at java.util.concurrent.ThreadPoolExecutor$Worker.run(ThreadPoolExecutor.java:624)
	at java.lang.Thread.run(Thread.java:748)
 0.00% |█                                                                                                    |  0/1 Time: 0:03:382019-09-10 20:23:45,756 [9f3eeb55-1628-4544-b8a1-8f6a6bd18952@group-EBEE9BAA75A8-SegmentedRaftLogWorker] WARN  segmented.SegmentedRaftLogWorker (SegmentedRaftLogWorker.java:getFromFuture(90)) - Timeout 1/~
org.apache.ratis.protocol.TimeoutIOException: Timeout 10s: WriteLog:17: (t:1, i:17), STATEMACHINELOGENTRY, client-698E40308194, cid=45-writeStateMachineData
	at org.apache.ratis.util.IOUtils.getFromFuture(IOUtils.java:87)
	at org.apache.ratis.server.raftlog.segmented.SegmentedRaftLogWorker$StateMachineDataPolicy.getFromFuture(SegmentedRaftLogWorker.java:87)
	at org.apache.ratis.server.raftlog.segmented.SegmentedRaftLogWorker$WriteLog.execute(SegmentedRaftLogWorker.java:477)
	at org.apache.ratis.server.raftlog.segmented.SegmentedRaftLogWorker.run(SegmentedRaftLogWorker.java:289)
	at java.lang.Thread.run(Thread.java:748)
Caused by: java.util.concurrent.TimeoutException
	at java.util.concurrent.CompletableFuture.timedGet(CompletableFuture.java:1771)
	at java.util.concurrent.CompletableFuture.get(CompletableFuture.java:1915)
	at org.apache.ratis.util.IOUtils.getFromFuture(IOUtils.java:79)
	... 4 more
2019-09-10 20:23:45,957 [grpc-default-executor-3] INFO  client.GrpcClientProtocolClient (GrpcClientProtocolClient.java:onNext(264)) - client-698E40308194->6721d19e-fad5-40c6-a99e-1f07fcc56c74: receive RaftClientReply:client-698E40308194->6721d19e-fad5-40c6-a99e-1f07fcc56c74@group-EBEE9BAA75A8, cid=45, FAILED org.apache.ratis.protocol.NotLeaderException: Server 6721d19e-fad5-40c6-a99e-1f07fcc56c74@group-EBEE9BAA75A8 is not the leader 9f3eeb55-1628-4544-b8a1-8f6a6bd18952:192.168.34.25:34224, logIndex=0, commits[6721d19e-fad5-40c6-a99e-1f07fcc56c74:c16, 6effdead-13d1-41e6-a2f2-1b6cf88b37a4:c16, 9f3eeb55-1628-4544-b8a1-8f6a6bd18952:c16]
 0.00% |█                                                                                                    |  0/1 Time: 0:03:39 0.00% |█                                                                                                    |  0/1 Time: 0:03:402019-09-10 20:23:47,965 [grpc-default-executor-2] INFO  impl.RaftServerProxy (RaftServerProxy.java:remove(95)) - 6721d19e-fad5-40c6-a99e-1f07fcc56c74: remove group-473A3ADDDDF6:null
2019-09-10 20:23:47,977 [RatisPipelineUtilsThread] WARN  pipeline.RatisPipelineUtils (RatisPipelineUtils.java:destroyPipeline(66)) - Pipeline destroy failed for pipeline=PipelineID=1d43f9da-0d5f-41be-945d-473a3addddf6 dn=6721d19e-fad5-40c6-a99e-1f07fcc56c74{ip: 192.168.34.25, host: pr-hdds-2032-ffkjc-170187842, networkLocation: /default-rack, certSerialId: null}
2019-09-10 20:23:47,981 [grpc-default-executor-2] INFO  impl.RaftServerProxy (RaftServerProxy.java:remove(95)) - 6effdead-13d1-41e6-a2f2-1b6cf88b37a4: remove group-473A3ADDDDF6:null
2019-09-10 20:23:47,989 [RatisPipelineUtilsThread] WARN  pipeline.RatisPipelineUtils (RatisPipelineUtils.java:destroyPipeline(66)) - Pipeline destroy failed for pipeline=PipelineID=1d43f9da-0d5f-41be-945d-473a3addddf6 dn=6effdead-13d1-41e6-a2f2-1b6cf88b37a4{ip: 192.168.34.25, host: pr-hdds-2032-ffkjc-170187842, networkLocation: /default-rack, certSerialId: null}
2019-09-10 20:23:47,993 [grpc-default-executor-2] INFO  impl.RaftServerProxy (RaftServerProxy.java:remove(95)) - 9f3eeb55-1628-4544-b8a1-8f6a6bd18952: remove group-473A3ADDDDF6:null
2019-09-10 20:23:47,998 [RatisPipelineUtilsThread] WARN  pipeline.RatisPipelineUtils (RatisPipelineUtils.java:destroyPipeline(66)) - Pipeline destroy failed for pipeline=PipelineID=1d43f9da-0d5f-41be-945d-473a3addddf6 dn=9f3eeb55-1628-4544-b8a1-8f6a6bd18952{ip: 192.168.34.25, host: pr-hdds-2032-ffkjc-170187842, networkLocation: /default-rack, certSerialId: null}
2019-09-10 20:23:47,998 [RatisPipelineUtilsThread] ERROR pipeline.SCMPipelineManager (Scheduler.java:lambda$schedule$1(70)) - Destroy pipeline failed for pipeline:Pipeline[ Id: 1d43f9da-0d5f-41be-945d-473a3addddf6, Nodes: 6721d19e-fad5-40c6-a99e-1f07fcc56c74{ip: 192.168.34.25, host: pr-hdds-2032-ffkjc-170187842, networkLocation: /default-rack, certSerialId: null}6effdead-13d1-41e6-a2f2-1b6cf88b37a4{ip: 192.168.34.25, host: pr-hdds-2032-ffkjc-170187842, networkLocation: /default-rack, certSerialId: null}9f3eeb55-1628-4544-b8a1-8f6a6bd18952{ip: 192.168.34.25, host: pr-hdds-2032-ffkjc-170187842, networkLocation: /default-rack, certSerialId: null}, Type:RATIS, Factor:THREE, State:CLOSED]
org.apache.hadoop.hdds.scm.pipeline.PipelineNotFoundException: PipelineID=1d43f9da-0d5f-41be-945d-473a3addddf6 not found
	at org.apache.hadoop.hdds.scm.pipeline.PipelineStateMap.getPipeline(PipelineStateMap.java:132)
	at org.apache.hadoop.hdds.scm.pipeline.PipelineStateMap.removePipeline(PipelineStateMap.java:322)
	at org.apache.hadoop.hdds.scm.pipeline.PipelineStateManager.removePipeline(PipelineStateManager.java:107)
	at org.apache.hadoop.hdds.scm.pipeline.SCMPipelineManager.removePipeline(SCMPipelineManager.java:423)
	at org.apache.hadoop.hdds.scm.pipeline.SCMPipelineManager.destroyPipeline(SCMPipelineManager.java:409)
	at org.apache.hadoop.hdds.scm.pipeline.SCMPipelineManager.lambda$finalizeAndDestroyPipeline$0(SCMPipelineManager.java:318)
	at org.apache.hadoop.utils.Scheduler.lambda$schedule$1(Scheduler.java:68)
	at java.util.concurrent.Executors$RunnableAdapter.call(Executors.java:511)
	at java.util.concurrent.FutureTask.run(FutureTask.java:266)
	at java.util.concurrent.ScheduledThreadPoolExecutor$ScheduledFutureTask.access$201(ScheduledThreadPoolExecutor.java:180)
	at java.util.concurrent.ScheduledThreadPoolExecutor$ScheduledFutureTask.run(ScheduledThreadPoolExecutor.java:293)
	at java.util.concurrent.ThreadPoolExecutor.runWorker(ThreadPoolExecutor.java:1149)
	at java.util.concurrent.ThreadPoolExecutor$Worker.run(ThreadPoolExecutor.java:624)
	at java.lang.Thread.run(Thread.java:748)
 0.00% |█                                                                                                    |  0/1 Time: 0:03:41 0.00% |█                                                                                                    |  0/1 Time: 0:03:422019-09-10 20:23:49,964 [grpc-default-executor-2] INFO  impl.RaftServerProxy (RaftServerProxy.java:remove(95)) - 6721d19e-fad5-40c6-a99e-1f07fcc56c74: remove group-473A3ADDDDF6:null
2019-09-10 20:23:49,974 [RatisPipelineUtilsThread] WARN  pipeline.RatisPipelineUtils (RatisPipelineUtils.java:destroyPipeline(66)) - Pipeline destroy failed for pipeline=PipelineID=1d43f9da-0d5f-41be-945d-473a3addddf6 dn=6721d19e-fad5-40c6-a99e-1f07fcc56c74{ip: 192.168.34.25, host: pr-hdds-2032-ffkjc-170187842, networkLocation: /default-rack, certSerialId: null}
2019-09-10 20:23:49,980 [grpc-default-executor-2] INFO  impl.RaftServerProxy (RaftServerProxy.java:remove(95)) - 6effdead-13d1-41e6-a2f2-1b6cf88b37a4: remove group-473A3ADDDDF6:null
2019-09-10 20:23:49,997 [RatisPipelineUtilsThread] WARN  pipeline.RatisPipelineUtils (RatisPipelineUtils.java:destroyPipeline(66)) - Pipeline destroy failed for pipeline=PipelineID=1d43f9da-0d5f-41be-945d-473a3addddf6 dn=6effdead-13d1-41e6-a2f2-1b6cf88b37a4{ip: 192.168.34.25, host: pr-hdds-2032-ffkjc-170187842, networkLocation: /default-rack, certSerialId: null}
2019-09-10 20:23:50,001 [grpc-default-executor-2] INFO  impl.RaftServerProxy (RaftServerProxy.java:remove(95)) - 9f3eeb55-1628-4544-b8a1-8f6a6bd18952: remove group-473A3ADDDDF6:null
2019-09-10 20:23:50,005 [RatisPipelineUtilsThread] WARN  pipeline.RatisPipelineUtils (RatisPipelineUtils.java:destroyPipeline(66)) - Pipeline destroy failed for pipeline=PipelineID=1d43f9da-0d5f-41be-945d-473a3addddf6 dn=9f3eeb55-1628-4544-b8a1-8f6a6bd18952{ip: 192.168.34.25, host: pr-hdds-2032-ffkjc-170187842, networkLocation: /default-rack, certSerialId: null}
2019-09-10 20:23:50,005 [RatisPipelineUtilsThread] ERROR pipeline.SCMPipelineManager (Scheduler.java:lambda$schedule$1(70)) - Destroy pipeline failed for pipeline:Pipeline[ Id: 1d43f9da-0d5f-41be-945d-473a3addddf6, Nodes: 6721d19e-fad5-40c6-a99e-1f07fcc56c74{ip: 192.168.34.25, host: pr-hdds-2032-ffkjc-170187842, networkLocation: /default-rack, certSerialId: null}6effdead-13d1-41e6-a2f2-1b6cf88b37a4{ip: 192.168.34.25, host: pr-hdds-2032-ffkjc-170187842, networkLocation: /default-rack, certSerialId: null}9f3eeb55-1628-4544-b8a1-8f6a6bd18952{ip: 192.168.34.25, host: pr-hdds-2032-ffkjc-170187842, networkLocation: /default-rack, certSerialId: null}, Type:RATIS, Factor:THREE, State:CLOSED]
org.apache.hadoop.hdds.scm.pipeline.PipelineNotFoundException: PipelineID=1d43f9da-0d5f-41be-945d-473a3addddf6 not found
	at org.apache.hadoop.hdds.scm.pipeline.PipelineStateMap.getPipeline(PipelineStateMap.java:132)
	at org.apache.hadoop.hdds.scm.pipeline.PipelineStateMap.removePipeline(PipelineStateMap.java:322)
	at org.apache.hadoop.hdds.scm.pipeline.PipelineStateManager.removePipeline(PipelineStateManager.java:107)
	at org.apache.hadoop.hdds.scm.pipeline.SCMPipelineManager.removePipeline(SCMPipelineManager.java:423)
	at org.apache.hadoop.hdds.scm.pipeline.SCMPipelineManager.destroyPipeline(SCMPipelineManager.java:409)
	at org.apache.hadoop.hdds.scm.pipeline.SCMPipelineManager.lambda$finalizeAndDestroyPipeline$0(SCMPipelineManager.java:318)
	at org.apache.hadoop.utils.Scheduler.lambda$schedule$1(Scheduler.java:68)
	at java.util.concurrent.Executors$RunnableAdapter.call(Executors.java:511)
	at java.util.concurrent.FutureTask.run(FutureTask.java:266)
	at java.util.concurrent.ScheduledThreadPoolExecutor$ScheduledFutureTask.access$201(ScheduledThreadPoolExecutor.java:180)
	at java.util.concurrent.ScheduledThreadPoolExecutor$ScheduledFutureTask.run(ScheduledThreadPoolExecutor.java:293)
	at java.util.concurrent.ThreadPoolExecutor.runWorker(ThreadPoolExecutor.java:1149)
	at java.util.concurrent.ThreadPoolExecutor$Worker.run(ThreadPoolExecutor.java:624)
	at java.lang.Thread.run(Thread.java:748)
 0.00% |█                                                                                                    |  0/1 Time: 0:03:432019-09-10 20:23:51,009 [grpc-default-executor-2] INFO  client.GrpcClientProtocolClient (GrpcClientProtocolClient.java:onNext(264)) - client-698E40308194->6721d19e-fad5-40c6-a99e-1f07fcc56c74: receive RaftClientReply:client-698E40308194->6721d19e-fad5-40c6-a99e-1f07fcc56c74@group-EBEE9BAA75A8, cid=45, FAILED org.apache.ratis.protocol.NotLeaderException: Server 6721d19e-fad5-40c6-a99e-1f07fcc56c74@group-EBEE9BAA75A8 is not the leader 9f3eeb55-1628-4544-b8a1-8f6a6bd18952:192.168.34.25:34224, logIndex=0, commits[6721d19e-fad5-40c6-a99e-1f07fcc56c74:c16, 6effdead-13d1-41e6-a2f2-1b6cf88b37a4:c16, 9f3eeb55-1628-4544-b8a1-8f6a6bd18952:c16]
 0.00% |█                                                                                                    |  0/1 Time: 0:03:44 0.00% |█                                                                                                    |  0/1 Time: 0:03:452019-09-10 20:23:52,963 [grpc-default-executor-2] INFO  impl.RaftServerProxy (RaftServerProxy.java:remove(95)) - 6721d19e-fad5-40c6-a99e-1f07fcc56c74: remove group-473A3ADDDDF6:null
2019-09-10 20:23:52,967 [RatisPipelineUtilsThread] WARN  pipeline.RatisPipelineUtils (RatisPipelineUtils.java:destroyPipeline(66)) - Pipeline destroy failed for pipeline=PipelineID=1d43f9da-0d5f-41be-945d-473a3addddf6 dn=6721d19e-fad5-40c6-a99e-1f07fcc56c74{ip: 192.168.34.25, host: pr-hdds-2032-ffkjc-170187842, networkLocation: /default-rack, certSerialId: null}
2019-09-10 20:23:52,971 [grpc-default-executor-2] INFO  impl.RaftServerProxy (RaftServerProxy.java:remove(95)) - 6effdead-13d1-41e6-a2f2-1b6cf88b37a4: remove group-473A3ADDDDF6:null
2019-09-10 20:23:52,974 [RatisPipelineUtilsThread] WARN  pipeline.RatisPipelineUtils (RatisPipelineUtils.java:destroyPipeline(66)) - Pipeline destroy failed for pipeline=PipelineID=1d43f9da-0d5f-41be-945d-473a3addddf6 dn=6effdead-13d1-41e6-a2f2-1b6cf88b37a4{ip: 192.168.34.25, host: pr-hdds-2032-ffkjc-170187842, networkLocation: /default-rack, certSerialId: null}
2019-09-10 20:23:52,977 [grpc-default-executor-2] INFO  impl.RaftServerProxy (RaftServerProxy.java:remove(95)) - 9f3eeb55-1628-4544-b8a1-8f6a6bd18952: remove group-473A3ADDDDF6:null
2019-09-10 20:23:52,981 [RatisPipelineUtilsThread] WARN  pipeline.RatisPipelineUtils (RatisPipelineUtils.java:destroyPipeline(66)) - Pipeline destroy failed for pipeline=PipelineID=1d43f9da-0d5f-41be-945d-473a3addddf6 dn=9f3eeb55-1628-4544-b8a1-8f6a6bd18952{ip: 192.168.34.25, host: pr-hdds-2032-ffkjc-170187842, networkLocation: /default-rack, certSerialId: null}
2019-09-10 20:23:52,981 [RatisPipelineUtilsThread] ERROR pipeline.SCMPipelineManager (Scheduler.java:lambda$schedule$1(70)) - Destroy pipeline failed for pipeline:Pipeline[ Id: 1d43f9da-0d5f-41be-945d-473a3addddf6, Nodes: 6721d19e-fad5-40c6-a99e-1f07fcc56c74{ip: 192.168.34.25, host: pr-hdds-2032-ffkjc-170187842, networkLocation: /default-rack, certSerialId: null}6effdead-13d1-41e6-a2f2-1b6cf88b37a4{ip: 192.168.34.25, host: pr-hdds-2032-ffkjc-170187842, networkLocation: /default-rack, certSerialId: null}9f3eeb55-1628-4544-b8a1-8f6a6bd18952{ip: 192.168.34.25, host: pr-hdds-2032-ffkjc-170187842, networkLocation: /default-rack, certSerialId: null}, Type:RATIS, Factor:THREE, State:CLOSED]
org.apache.hadoop.hdds.scm.pipeline.PipelineNotFoundException: PipelineID=1d43f9da-0d5f-41be-945d-473a3addddf6 not found
	at org.apache.hadoop.hdds.scm.pipeline.PipelineStateMap.getPipeline(PipelineStateMap.java:132)
	at org.apache.hadoop.hdds.scm.pipeline.PipelineStateMap.removePipeline(PipelineStateMap.java:322)
	at org.apache.hadoop.hdds.scm.pipeline.PipelineStateManager.removePipeline(PipelineStateManager.java:107)
	at org.apache.hadoop.hdds.scm.pipeline.SCMPipelineManager.removePipeline(SCMPipelineManager.java:423)
	at org.apache.hadoop.hdds.scm.pipeline.SCMPipelineManager.destroyPipeline(SCMPipelineManager.java:409)
	at org.apache.hadoop.hdds.scm.pipeline.SCMPipelineManager.lambda$finalizeAndDestroyPipeline$0(SCMPipelineManager.java:318)
	at org.apache.hadoop.utils.Scheduler.lambda$schedule$1(Scheduler.java:68)
	at java.util.concurrent.Executors$RunnableAdapter.call(Executors.java:511)
	at java.util.concurrent.FutureTask.run(FutureTask.java:266)
	at java.util.concurrent.ScheduledThreadPoolExecutor$ScheduledFutureTask.access$201(ScheduledThreadPoolExecutor.java:180)
	at java.util.concurrent.ScheduledThreadPoolExecutor$ScheduledFutureTask.run(ScheduledThreadPoolExecutor.java:293)
	at java.util.concurrent.ThreadPoolExecutor.runWorker(ThreadPoolExecutor.java:1149)
	at java.util.concurrent.ThreadPoolExecutor$Worker.run(ThreadPoolExecutor.java:624)
	at java.lang.Thread.run(Thread.java:748)
 0.00% |█                                                                                                    |  0/1 Time: 0:03:46 0.00% |█                                                                                                    |  0/1 Time: 0:03:472019-09-10 20:23:54,965 [grpc-default-executor-2] INFO  impl.RaftServerProxy (RaftServerProxy.java:remove(95)) - 6721d19e-fad5-40c6-a99e-1f07fcc56c74: remove group-473A3ADDDDF6:null
2019-09-10 20:23:54,972 [RatisPipelineUtilsThread] WARN  pipeline.RatisPipelineUtils (RatisPipelineUtils.java:destroyPipeline(66)) - Pipeline destroy failed for pipeline=PipelineID=1d43f9da-0d5f-41be-945d-473a3addddf6 dn=6721d19e-fad5-40c6-a99e-1f07fcc56c74{ip: 192.168.34.25, host: pr-hdds-2032-ffkjc-170187842, networkLocation: /default-rack, certSerialId: null}
2019-09-10 20:23:54,976 [grpc-default-executor-2] INFO  impl.RaftServerProxy (RaftServerProxy.java:remove(95)) - 6effdead-13d1-41e6-a2f2-1b6cf88b37a4: remove group-473A3ADDDDF6:null
2019-09-10 20:23:54,979 [RatisPipelineUtilsThread] WARN  pipeline.RatisPipelineUtils (RatisPipelineUtils.java:destroyPipeline(66)) - Pipeline destroy failed for pipeline=PipelineID=1d43f9da-0d5f-41be-945d-473a3addddf6 dn=6effdead-13d1-41e6-a2f2-1b6cf88b37a4{ip: 192.168.34.25, host: pr-hdds-2032-ffkjc-170187842, networkLocation: /default-rack, certSerialId: null}
2019-09-10 20:23:54,983 [grpc-default-executor-2] INFO  impl.RaftServerProxy (RaftServerProxy.java:remove(95)) - 9f3eeb55-1628-4544-b8a1-8f6a6bd18952: remove group-473A3ADDDDF6:null
2019-09-10 20:23:54,986 [RatisPipelineUtilsThread] WARN  pipeline.RatisPipelineUtils (RatisPipelineUtils.java:destroyPipeline(66)) - Pipeline destroy failed for pipeline=PipelineID=1d43f9da-0d5f-41be-945d-473a3addddf6 dn=9f3eeb55-1628-4544-b8a1-8f6a6bd18952{ip: 192.168.34.25, host: pr-hdds-2032-ffkjc-170187842, networkLocation: /default-rack, certSerialId: null}
2019-09-10 20:23:54,986 [RatisPipelineUtilsThread] ERROR pipeline.SCMPipelineManager (Scheduler.java:lambda$schedule$1(70)) - Destroy pipeline failed for pipeline:Pipeline[ Id: 1d43f9da-0d5f-41be-945d-473a3addddf6, Nodes: 6721d19e-fad5-40c6-a99e-1f07fcc56c74{ip: 192.168.34.25, host: pr-hdds-2032-ffkjc-170187842, networkLocation: /default-rack, certSerialId: null}6effdead-13d1-41e6-a2f2-1b6cf88b37a4{ip: 192.168.34.25, host: pr-hdds-2032-ffkjc-170187842, networkLocation: /default-rack, certSerialId: null}9f3eeb55-1628-4544-b8a1-8f6a6bd18952{ip: 192.168.34.25, host: pr-hdds-2032-ffkjc-170187842, networkLocation: /default-rack, certSerialId: null}, Type:RATIS, Factor:THREE, State:CLOSED]
org.apache.hadoop.hdds.scm.pipeline.PipelineNotFoundException: PipelineID=1d43f9da-0d5f-41be-945d-473a3addddf6 not found
	at org.apache.hadoop.hdds.scm.pipeline.PipelineStateMap.getPipeline(PipelineStateMap.java:132)
	at org.apache.hadoop.hdds.scm.pipeline.PipelineStateMap.removePipeline(PipelineStateMap.java:322)
	at org.apache.hadoop.hdds.scm.pipeline.PipelineStateManager.removePipeline(PipelineStateManager.java:107)
	at org.apache.hadoop.hdds.scm.pipeline.SCMPipelineManager.removePipeline(SCMPipelineManager.java:423)
	at org.apache.hadoop.hdds.scm.pipeline.SCMPipelineManager.destroyPipeline(SCMPipelineManager.java:409)
	at org.apache.hadoop.hdds.scm.pipeline.SCMPipelineManager.lambda$finalizeAndDestroyPipeline$0(SCMPipelineManager.java:318)
	at org.apache.hadoop.utils.Scheduler.lambda$schedule$1(Scheduler.java:68)
	at java.util.concurrent.Executors$RunnableAdapter.call(Executors.java:511)
	at java.util.concurrent.FutureTask.run(FutureTask.java:266)
	at java.util.concurrent.ScheduledThreadPoolExecutor$ScheduledFutureTask.access$201(ScheduledThreadPoolExecutor.java:180)
	at java.util.concurrent.ScheduledThreadPoolExecutor$ScheduledFutureTask.run(ScheduledThreadPoolExecutor.java:293)
	at java.util.concurrent.ThreadPoolExecutor.runWorker(ThreadPoolExecutor.java:1149)
	at java.util.concurrent.ThreadPoolExecutor$Worker.run(ThreadPoolExecutor.java:624)
	at java.lang.Thread.run(Thread.java:748)
 0.00% |█                                                                                                    |  0/1 Time: 0:03:482019-09-10 20:23:55,757 [9f3eeb55-1628-4544-b8a1-8f6a6bd18952@group-EBEE9BAA75A8-SegmentedRaftLogWorker] WARN  segmented.SegmentedRaftLogWorker (SegmentedRaftLogWorker.java:getFromFuture(90)) - Timeout 2/~
org.apache.ratis.protocol.TimeoutIOException: Timeout 10s: WriteLog:17: (t:1, i:17), STATEMACHINELOGENTRY, client-698E40308194, cid=45-writeStateMachineData
	at org.apache.ratis.util.IOUtils.getFromFuture(IOUtils.java:87)
	at org.apache.ratis.server.raftlog.segmented.SegmentedRaftLogWorker$StateMachineDataPolicy.getFromFuture(SegmentedRaftLogWorker.java:87)
	at org.apache.ratis.server.raftlog.segmented.SegmentedRaftLogWorker$WriteLog.execute(SegmentedRaftLogWorker.java:477)
	at org.apache.ratis.server.raftlog.segmented.SegmentedRaftLogWorker.run(SegmentedRaftLogWorker.java:289)
	at java.lang.Thread.run(Thread.java:748)
Caused by: java.util.concurrent.TimeoutException
	at java.util.concurrent.CompletableFuture.timedGet(CompletableFuture.java:1771)
	at java.util.concurrent.CompletableFuture.get(CompletableFuture.java:1915)
	at org.apache.ratis.util.IOUtils.getFromFuture(IOUtils.java:79)
	... 4 more
2019-09-10 20:23:56,049 [grpc-default-executor-4] INFO  client.GrpcClientProtocolClient (GrpcClientProtocolClient.java:onNext(264)) - client-698E40308194->6721d19e-fad5-40c6-a99e-1f07fcc56c74: receive RaftClientReply:client-698E40308194->6721d19e-fad5-40c6-a99e-1f07fcc56c74@group-EBEE9BAA75A8, cid=45, FAILED org.apache.ratis.protocol.NotLeaderException: Server 6721d19e-fad5-40c6-a99e-1f07fcc56c74@group-EBEE9BAA75A8 is not the leader 9f3eeb55-1628-4544-b8a1-8f6a6bd18952:192.168.34.25:34224, logIndex=0, commits[6721d19e-fad5-40c6-a99e-1f07fcc56c74:c16, 6effdead-13d1-41e6-a2f2-1b6cf88b37a4:c16, 9f3eeb55-1628-4544-b8a1-8f6a6bd18952:c16]
 0.00% |█                                                                                                    |  0/1 Time: 0:03:49 0.00% |█                                                                                                    |  0/1 Time: 0:03:502019-09-10 20:23:57,962 [grpc-default-executor-4] INFO  impl.RaftServerProxy (RaftServerProxy.java:remove(95)) - 6721d19e-fad5-40c6-a99e-1f07fcc56c74: remove group-473A3ADDDDF6:null
2019-09-10 20:23:57,971 [RatisPipelineUtilsThread] WARN  pipeline.RatisPipelineUtils (RatisPipelineUtils.java:destroyPipeline(66)) - Pipeline destroy failed for pipeline=PipelineID=1d43f9da-0d5f-41be-945d-473a3addddf6 dn=6721d19e-fad5-40c6-a99e-1f07fcc56c74{ip: 192.168.34.25, host: pr-hdds-2032-ffkjc-170187842, networkLocation: /default-rack, certSerialId: null}
2019-09-10 20:23:57,974 [grpc-default-executor-4] INFO  impl.RaftServerProxy (RaftServerProxy.java:remove(95)) - 6effdead-13d1-41e6-a2f2-1b6cf88b37a4: remove group-473A3ADDDDF6:null
2019-09-10 20:23:57,977 [RatisPipelineUtilsThread] WARN  pipeline.RatisPipelineUtils (RatisPipelineUtils.java:destroyPipeline(66)) - Pipeline destroy failed for pipeline=PipelineID=1d43f9da-0d5f-41be-945d-473a3addddf6 dn=6effdead-13d1-41e6-a2f2-1b6cf88b37a4{ip: 192.168.34.25, host: pr-hdds-2032-ffkjc-170187842, networkLocation: /default-rack, certSerialId: null}
2019-09-10 20:23:57,980 [grpc-default-executor-4] INFO  impl.RaftServerProxy (RaftServerProxy.java:remove(95)) - 9f3eeb55-1628-4544-b8a1-8f6a6bd18952: remove group-473A3ADDDDF6:null
2019-09-10 20:23:57,983 [RatisPipelineUtilsThread] WARN  pipeline.RatisPipelineUtils (RatisPipelineUtils.java:destroyPipeline(66)) - Pipeline destroy failed for pipeline=PipelineID=1d43f9da-0d5f-41be-945d-473a3addddf6 dn=9f3eeb55-1628-4544-b8a1-8f6a6bd18952{ip: 192.168.34.25, host: pr-hdds-2032-ffkjc-170187842, networkLocation: /default-rack, certSerialId: null}
2019-09-10 20:23:57,983 [RatisPipelineUtilsThread] ERROR pipeline.SCMPipelineManager (Scheduler.java:lambda$schedule$1(70)) - Destroy pipeline failed for pipeline:Pipeline[ Id: 1d43f9da-0d5f-41be-945d-473a3addddf6, Nodes: 6721d19e-fad5-40c6-a99e-1f07fcc56c74{ip: 192.168.34.25, host: pr-hdds-2032-ffkjc-170187842, networkLocation: /default-rack, certSerialId: null}6effdead-13d1-41e6-a2f2-1b6cf88b37a4{ip: 192.168.34.25, host: pr-hdds-2032-ffkjc-170187842, networkLocation: /default-rack, certSerialId: null}9f3eeb55-1628-4544-b8a1-8f6a6bd18952{ip: 192.168.34.25, host: pr-hdds-2032-ffkjc-170187842, networkLocation: /default-rack, certSerialId: null}, Type:RATIS, Factor:THREE, State:CLOSED]
org.apache.hadoop.hdds.scm.pipeline.PipelineNotFoundException: PipelineID=1d43f9da-0d5f-41be-945d-473a3addddf6 not found
	at org.apache.hadoop.hdds.scm.pipeline.PipelineStateMap.getPipeline(PipelineStateMap.java:132)
	at org.apache.hadoop.hdds.scm.pipeline.PipelineStateMap.removePipeline(PipelineStateMap.java:322)
	at org.apache.hadoop.hdds.scm.pipeline.PipelineStateManager.removePipeline(PipelineStateManager.java:107)
	at org.apache.hadoop.hdds.scm.pipeline.SCMPipelineManager.removePipeline(SCMPipelineManager.java:423)
	at org.apache.hadoop.hdds.scm.pipeline.SCMPipelineManager.destroyPipeline(SCMPipelineManager.java:409)
	at org.apache.hadoop.hdds.scm.pipeline.SCMPipelineManager.lambda$finalizeAndDestroyPipeline$0(SCMPipelineManager.java:318)
	at org.apache.hadoop.utils.Scheduler.lambda$schedule$1(Scheduler.java:68)
	at java.util.concurrent.Executors$RunnableAdapter.call(Executors.java:511)
	at java.util.concurrent.FutureTask.run(FutureTask.java:266)
	at java.util.concurrent.ScheduledThreadPoolExecutor$ScheduledFutureTask.access$201(ScheduledThreadPoolExecutor.java:180)
	at java.util.concurrent.ScheduledThreadPoolExecutor$ScheduledFutureTask.run(ScheduledThreadPoolExecutor.java:293)
	at java.util.concurrent.ThreadPoolExecutor.runWorker(ThreadPoolExecutor.java:1149)
	at java.util.concurrent.ThreadPoolExecutor$Worker.run(ThreadPoolExecutor.java:624)
	at java.lang.Thread.run(Thread.java:748)
 0.00% |█                                                                                                    |  0/1 Time: 0:03:51 0.00% |█                                                                                                    |  0/1 Time: 0:03:522019-09-10 20:23:59,960 [grpc-default-executor-2] INFO  impl.RaftServerProxy (RaftServerProxy.java:remove(95)) - 6721d19e-fad5-40c6-a99e-1f07fcc56c74: remove group-473A3ADDDDF6:null
2019-09-10 20:23:59,964 [RatisPipelineUtilsThread] WARN  pipeline.RatisPipelineUtils (RatisPipelineUtils.java:destroyPipeline(66)) - Pipeline destroy failed for pipeline=PipelineID=1d43f9da-0d5f-41be-945d-473a3addddf6 dn=6721d19e-fad5-40c6-a99e-1f07fcc56c74{ip: 192.168.34.25, host: pr-hdds-2032-ffkjc-170187842, networkLocation: /default-rack, certSerialId: null}
2019-09-10 20:23:59,967 [grpc-default-executor-2] INFO  impl.RaftServerProxy (RaftServerProxy.java:remove(95)) - 6effdead-13d1-41e6-a2f2-1b6cf88b37a4: remove group-473A3ADDDDF6:null
2019-09-10 20:23:59,970 [RatisPipelineUtilsThread] WARN  pipeline.RatisPipelineUtils (RatisPipelineUtils.java:destroyPipeline(66)) - Pipeline destroy failed for pipeline=PipelineID=1d43f9da-0d5f-41be-945d-473a3addddf6 dn=6effdead-13d1-41e6-a2f2-1b6cf88b37a4{ip: 192.168.34.25, host: pr-hdds-2032-ffkjc-170187842, networkLocation: /default-rack, certSerialId: null}
2019-09-10 20:23:59,974 [grpc-default-executor-2] INFO  impl.RaftServerProxy (RaftServerProxy.java:remove(95)) - 9f3eeb55-1628-4544-b8a1-8f6a6bd18952: remove group-473A3ADDDDF6:null
2019-09-10 20:23:59,977 [RatisPipelineUtilsThread] WARN  pipeline.RatisPipelineUtils (RatisPipelineUtils.java:destroyPipeline(66)) - Pipeline destroy failed for pipeline=PipelineID=1d43f9da-0d5f-41be-945d-473a3addddf6 dn=9f3eeb55-1628-4544-b8a1-8f6a6bd18952{ip: 192.168.34.25, host: pr-hdds-2032-ffkjc-170187842, networkLocation: /default-rack, certSerialId: null}
2019-09-10 20:23:59,977 [RatisPipelineUtilsThread] ERROR pipeline.SCMPipelineManager (Scheduler.java:lambda$schedule$1(70)) - Destroy pipeline failed for pipeline:Pipeline[ Id: 1d43f9da-0d5f-41be-945d-473a3addddf6, Nodes: 6721d19e-fad5-40c6-a99e-1f07fcc56c74{ip: 192.168.34.25, host: pr-hdds-2032-ffkjc-170187842, networkLocation: /default-rack, certSerialId: null}6effdead-13d1-41e6-a2f2-1b6cf88b37a4{ip: 192.168.34.25, host: pr-hdds-2032-ffkjc-170187842, networkLocation: /default-rack, certSerialId: null}9f3eeb55-1628-4544-b8a1-8f6a6bd18952{ip: 192.168.34.25, host: pr-hdds-2032-ffkjc-170187842, networkLocation: /default-rack, certSerialId: null}, Type:RATIS, Factor:THREE, State:CLOSED]
org.apache.hadoop.hdds.scm.pipeline.PipelineNotFoundException: PipelineID=1d43f9da-0d5f-41be-945d-473a3addddf6 not found
	at org.apache.hadoop.hdds.scm.pipeline.PipelineStateMap.getPipeline(PipelineStateMap.java:132)
	at org.apache.hadoop.hdds.scm.pipeline.PipelineStateMap.removePipeline(PipelineStateMap.java:322)
	at org.apache.hadoop.hdds.scm.pipeline.PipelineStateManager.removePipeline(PipelineStateManager.java:107)
	at org.apache.hadoop.hdds.scm.pipeline.SCMPipelineManager.removePipeline(SCMPipelineManager.java:423)
	at org.apache.hadoop.hdds.scm.pipeline.SCMPipelineManager.destroyPipeline(SCMPipelineManager.java:409)
	at org.apache.hadoop.hdds.scm.pipeline.SCMPipelineManager.lambda$finalizeAndDestroyPipeline$0(SCMPipelineManager.java:318)
	at org.apache.hadoop.utils.Scheduler.lambda$schedule$1(Scheduler.java:68)
	at java.util.concurrent.Executors$RunnableAdapter.call(Executors.java:511)
	at java.util.concurrent.FutureTask.run(FutureTask.java:266)
	at java.util.concurrent.ScheduledThreadPoolExecutor$ScheduledFutureTask.access$201(ScheduledThreadPoolExecutor.java:180)
	at java.util.concurrent.ScheduledThreadPoolExecutor$ScheduledFutureTask.run(ScheduledThreadPoolExecutor.java:293)
	at java.util.concurrent.ThreadPoolExecutor.runWorker(ThreadPoolExecutor.java:1149)
	at java.util.concurrent.ThreadPoolExecutor$Worker.run(ThreadPoolExecutor.java:624)
	at java.lang.Thread.run(Thread.java:748)
 0.00% |█                                                                                                    |  0/1 Time: 0:03:532019-09-10 20:24:01,093 [grpc-default-executor-4] INFO  client.GrpcClientProtocolClient (GrpcClientProtocolClient.java:onNext(264)) - client-698E40308194->6effdead-13d1-41e6-a2f2-1b6cf88b37a4: receive RaftClientReply:client-698E40308194->6effdead-13d1-41e6-a2f2-1b6cf88b37a4@group-EBEE9BAA75A8, cid=45, FAILED org.apache.ratis.protocol.NotLeaderException: Server 6effdead-13d1-41e6-a2f2-1b6cf88b37a4@group-EBEE9BAA75A8 is not the leader 9f3eeb55-1628-4544-b8a1-8f6a6bd18952:192.168.34.25:34224, logIndex=0, commits[6effdead-13d1-41e6-a2f2-1b6cf88b37a4:c16, 6721d19e-fad5-40c6-a99e-1f07fcc56c74:c16, 9f3eeb55-1628-4544-b8a1-8f6a6bd18952:c16]
 0.00% |█                                                                                                    |  0/1 Time: 0:03:54 0.00% |█                                                                                                    |  0/1 Time: 0:03:552019-09-10 20:24:02,963 [grpc-default-executor-2] INFO  impl.RaftServerProxy (RaftServerProxy.java:remove(95)) - 6721d19e-fad5-40c6-a99e-1f07fcc56c74: remove group-473A3ADDDDF6:null
2019-09-10 20:24:02,966 [RatisPipelineUtilsThread] WARN  pipeline.RatisPipelineUtils (RatisPipelineUtils.java:destroyPipeline(66)) - Pipeline destroy failed for pipeline=PipelineID=1d43f9da-0d5f-41be-945d-473a3addddf6 dn=6721d19e-fad5-40c6-a99e-1f07fcc56c74{ip: 192.168.34.25, host: pr-hdds-2032-ffkjc-170187842, networkLocation: /default-rack, certSerialId: null}
2019-09-10 20:24:02,970 [grpc-default-executor-2] INFO  impl.RaftServerProxy (RaftServerProxy.java:remove(95)) - 6effdead-13d1-41e6-a2f2-1b6cf88b37a4: remove group-473A3ADDDDF6:null
2019-09-10 20:24:02,973 [RatisPipelineUtilsThread] WARN  pipeline.RatisPipelineUtils (RatisPipelineUtils.java:destroyPipeline(66)) - Pipeline destroy failed for pipeline=PipelineID=1d43f9da-0d5f-41be-945d-473a3addddf6 dn=6effdead-13d1-41e6-a2f2-1b6cf88b37a4{ip: 192.168.34.25, host: pr-hdds-2032-ffkjc-170187842, networkLocation: /default-rack, certSerialId: null}
2019-09-10 20:24:02,976 [grpc-default-executor-2] INFO  impl.RaftServerProxy (RaftServerProxy.java:remove(95)) - 9f3eeb55-1628-4544-b8a1-8f6a6bd18952: remove group-473A3ADDDDF6:null
2019-09-10 20:24:02,978 [RatisPipelineUtilsThread] WARN  pipeline.RatisPipelineUtils (RatisPipelineUtils.java:destroyPipeline(66)) - Pipeline destroy failed for pipeline=PipelineID=1d43f9da-0d5f-41be-945d-473a3addddf6 dn=9f3eeb55-1628-4544-b8a1-8f6a6bd18952{ip: 192.168.34.25, host: pr-hdds-2032-ffkjc-170187842, networkLocation: /default-rack, certSerialId: null}
2019-09-10 20:24:02,979 [RatisPipelineUtilsThread] ERROR pipeline.SCMPipelineManager (Scheduler.java:lambda$schedule$1(70)) - Destroy pipeline failed for pipeline:Pipeline[ Id: 1d43f9da-0d5f-41be-945d-473a3addddf6, Nodes: 6721d19e-fad5-40c6-a99e-1f07fcc56c74{ip: 192.168.34.25, host: pr-hdds-2032-ffkjc-170187842, networkLocation: /default-rack, certSerialId: null}6effdead-13d1-41e6-a2f2-1b6cf88b37a4{ip: 192.168.34.25, host: pr-hdds-2032-ffkjc-170187842, networkLocation: /default-rack, certSerialId: null}9f3eeb55-1628-4544-b8a1-8f6a6bd18952{ip: 192.168.34.25, host: pr-hdds-2032-ffkjc-170187842, networkLocation: /default-rack, certSerialId: null}, Type:RATIS, Factor:THREE, State:CLOSED]
org.apache.hadoop.hdds.scm.pipeline.PipelineNotFoundException: PipelineID=1d43f9da-0d5f-41be-945d-473a3addddf6 not found
	at org.apache.hadoop.hdds.scm.pipeline.PipelineStateMap.getPipeline(PipelineStateMap.java:132)
	at org.apache.hadoop.hdds.scm.pipeline.PipelineStateMap.removePipeline(PipelineStateMap.java:322)
	at org.apache.hadoop.hdds.scm.pipeline.PipelineStateManager.removePipeline(PipelineStateManager.java:107)
	at org.apache.hadoop.hdds.scm.pipeline.SCMPipelineManager.removePipeline(SCMPipelineManager.java:423)
	at org.apache.hadoop.hdds.scm.pipeline.SCMPipelineManager.destroyPipeline(SCMPipelineManager.java:409)
	at org.apache.hadoop.hdds.scm.pipeline.SCMPipelineManager.lambda$finalizeAndDestroyPipeline$0(SCMPipelineManager.java:318)
	at org.apache.hadoop.utils.Scheduler.lambda$schedule$1(Scheduler.java:68)
	at java.util.concurrent.Executors$RunnableAdapter.call(Executors.java:511)
	at java.util.concurrent.FutureTask.run(FutureTask.java:266)
	at java.util.concurrent.ScheduledThreadPoolExecutor$ScheduledFutureTask.access$201(ScheduledThreadPoolExecutor.java:180)
	at java.util.concurrent.ScheduledThreadPoolExecutor$ScheduledFutureTask.run(ScheduledThreadPoolExecutor.java:293)
	at java.util.concurrent.ThreadPoolExecutor.runWorker(ThreadPoolExecutor.java:1149)
	at java.util.concurrent.ThreadPoolExecutor$Worker.run(ThreadPoolExecutor.java:624)
	at java.lang.Thread.run(Thread.java:748)
 0.00% |█                                                                                                    |  0/1 Time: 0:03:56 0.00% |█                                                                                                    |  0/1 Time: 0:03:572019-09-10 20:24:04,962 [grpc-default-executor-3] INFO  impl.RaftServerProxy (RaftServerProxy.java:remove(95)) - 6721d19e-fad5-40c6-a99e-1f07fcc56c74: remove group-473A3ADDDDF6:null
2019-09-10 20:24:04,966 [RatisPipelineUtilsThread] WARN  pipeline.RatisPipelineUtils (RatisPipelineUtils.java:destroyPipeline(66)) - Pipeline destroy failed for pipeline=PipelineID=1d43f9da-0d5f-41be-945d-473a3addddf6 dn=6721d19e-fad5-40c6-a99e-1f07fcc56c74{ip: 192.168.34.25, host: pr-hdds-2032-ffkjc-170187842, networkLocation: /default-rack, certSerialId: null}
2019-09-10 20:24:04,970 [grpc-default-executor-3] INFO  impl.RaftServerProxy (RaftServerProxy.java:remove(95)) - 6effdead-13d1-41e6-a2f2-1b6cf88b37a4: remove group-473A3ADDDDF6:null
2019-09-10 20:24:04,973 [RatisPipelineUtilsThread] WARN  pipeline.RatisPipelineUtils (RatisPipelineUtils.java:destroyPipeline(66)) - Pipeline destroy failed for pipeline=PipelineID=1d43f9da-0d5f-41be-945d-473a3addddf6 dn=6effdead-13d1-41e6-a2f2-1b6cf88b37a4{ip: 192.168.34.25, host: pr-hdds-2032-ffkjc-170187842, networkLocation: /default-rack, certSerialId: null}
2019-09-10 20:24:04,976 [grpc-default-executor-3] INFO  impl.RaftServerProxy (RaftServerProxy.java:remove(95)) - 9f3eeb55-1628-4544-b8a1-8f6a6bd18952: remove group-473A3ADDDDF6:null
2019-09-10 20:24:04,979 [RatisPipelineUtilsThread] WARN  pipeline.RatisPipelineUtils (RatisPipelineUtils.java:destroyPipeline(66)) - Pipeline destroy failed for pipeline=PipelineID=1d43f9da-0d5f-41be-945d-473a3addddf6 dn=9f3eeb55-1628-4544-b8a1-8f6a6bd18952{ip: 192.168.34.25, host: pr-hdds-2032-ffkjc-170187842, networkLocation: /default-rack, certSerialId: null}
2019-09-10 20:24:04,980 [RatisPipelineUtilsThread] ERROR pipeline.SCMPipelineManager (Scheduler.java:lambda$schedule$1(70)) - Destroy pipeline failed for pipeline:Pipeline[ Id: 1d43f9da-0d5f-41be-945d-473a3addddf6, Nodes: 6721d19e-fad5-40c6-a99e-1f07fcc56c74{ip: 192.168.34.25, host: pr-hdds-2032-ffkjc-170187842, networkLocation: /default-rack, certSerialId: null}6effdead-13d1-41e6-a2f2-1b6cf88b37a4{ip: 192.168.34.25, host: pr-hdds-2032-ffkjc-170187842, networkLocation: /default-rack, certSerialId: null}9f3eeb55-1628-4544-b8a1-8f6a6bd18952{ip: 192.168.34.25, host: pr-hdds-2032-ffkjc-170187842, networkLocation: /default-rack, certSerialId: null}, Type:RATIS, Factor:THREE, State:CLOSED]
org.apache.hadoop.hdds.scm.pipeline.PipelineNotFoundException: PipelineID=1d43f9da-0d5f-41be-945d-473a3addddf6 not found
	at org.apache.hadoop.hdds.scm.pipeline.PipelineStateMap.getPipeline(PipelineStateMap.java:132)
	at org.apache.hadoop.hdds.scm.pipeline.PipelineStateMap.removePipeline(PipelineStateMap.java:322)
	at org.apache.hadoop.hdds.scm.pipeline.PipelineStateManager.removePipeline(PipelineStateManager.java:107)
	at org.apache.hadoop.hdds.scm.pipeline.SCMPipelineManager.removePipeline(SCMPipelineManager.java:423)
	at org.apache.hadoop.hdds.scm.pipeline.SCMPipelineManager.destroyPipeline(SCMPipelineManager.java:409)
	at org.apache.hadoop.hdds.scm.pipeline.SCMPipelineManager.lambda$finalizeAndDestroyPipeline$0(SCMPipelineManager.java:318)
	at org.apache.hadoop.utils.Scheduler.lambda$schedule$1(Scheduler.java:68)
	at java.util.concurrent.Executors$RunnableAdapter.call(Executors.java:511)
	at java.util.concurrent.FutureTask.run(FutureTask.java:266)
	at java.util.concurrent.ScheduledThreadPoolExecutor$ScheduledFutureTask.access$201(ScheduledThreadPoolExecutor.java:180)
	at java.util.concurrent.ScheduledThreadPoolExecutor$ScheduledFutureTask.run(ScheduledThreadPoolExecutor.java:293)
	at java.util.concurrent.ThreadPoolExecutor.runWorker(ThreadPoolExecutor.java:1149)
	at java.util.concurrent.ThreadPoolExecutor$Worker.run(ThreadPoolExecutor.java:624)
	at java.lang.Thread.run(Thread.java:748)
 0.00% |█                                                                                                    |  0/1 Time: 0:03:582019-09-10 20:24:05,758 [9f3eeb55-1628-4544-b8a1-8f6a6bd18952@group-EBEE9BAA75A8-SegmentedRaftLogWorker] WARN  segmented.SegmentedRaftLogWorker (SegmentedRaftLogWorker.java:getFromFuture(90)) - Timeout 3/~
org.apache.ratis.protocol.TimeoutIOException: Timeout 10s: WriteLog:17: (t:1, i:17), STATEMACHINELOGENTRY, client-698E40308194, cid=45-writeStateMachineData
	at org.apache.ratis.util.IOUtils.getFromFuture(IOUtils.java:87)
	at org.apache.ratis.server.raftlog.segmented.SegmentedRaftLogWorker$StateMachineDataPolicy.getFromFuture(SegmentedRaftLogWorker.java:87)
	at org.apache.ratis.server.raftlog.segmented.SegmentedRaftLogWorker$WriteLog.execute(SegmentedRaftLogWorker.java:477)
	at org.apache.ratis.server.raftlog.segmented.SegmentedRaftLogWorker.run(SegmentedRaftLogWorker.java:289)
	at java.lang.Thread.run(Thread.java:748)
Caused by: java.util.concurrent.TimeoutException
	at java.util.concurrent.CompletableFuture.timedGet(CompletableFuture.java:1771)
	at java.util.concurrent.CompletableFuture.get(CompletableFuture.java:1915)
	at org.apache.ratis.util.IOUtils.getFromFuture(IOUtils.java:79)
	... 4 more
2019-09-10 20:24:06,130 [grpc-default-executor-2] INFO  client.GrpcClientProtocolClient (GrpcClientProtocolClient.java:onNext(264)) - client-698E40308194->6effdead-13d1-41e6-a2f2-1b6cf88b37a4: receive RaftClientReply:client-698E40308194->6effdead-13d1-41e6-a2f2-1b6cf88b37a4@group-EBEE9BAA75A8, cid=45, FAILED org.apache.ratis.protocol.NotLeaderException: Server 6effdead-13d1-41e6-a2f2-1b6cf88b37a4@group-EBEE9BAA75A8 is not the leader 9f3eeb55-1628-4544-b8a1-8f6a6bd18952:192.168.34.25:34224, logIndex=0, commits[6effdead-13d1-41e6-a2f2-1b6cf88b37a4:c16, 6721d19e-fad5-40c6-a99e-1f07fcc56c74:c16, 9f3eeb55-1628-4544-b8a1-8f6a6bd18952:c16]
 0.00% |█                                                                                                    |  0/1 Time: 0:03:59 0.00% |█                                                                                                    |  0/1 Time: 0:04:002019-09-10 20:24:07,962 [grpc-default-executor-3] INFO  impl.RaftServerProxy (RaftServerProxy.java:remove(95)) - 6721d19e-fad5-40c6-a99e-1f07fcc56c74: remove group-473A3ADDDDF6:null
2019-09-10 20:24:07,968 [RatisPipelineUtilsThread] WARN  pipeline.RatisPipelineUtils (RatisPipelineUtils.java:destroyPipeline(66)) - Pipeline destroy failed for pipeline=PipelineID=1d43f9da-0d5f-41be-945d-473a3addddf6 dn=6721d19e-fad5-40c6-a99e-1f07fcc56c74{ip: 192.168.34.25, host: pr-hdds-2032-ffkjc-170187842, networkLocation: /default-rack, certSerialId: null}
2019-09-10 20:24:07,971 [grpc-default-executor-3] INFO  impl.RaftServerProxy (RaftServerProxy.java:remove(95)) - 6effdead-13d1-41e6-a2f2-1b6cf88b37a4: remove group-473A3ADDDDF6:null
2019-09-10 20:24:07,974 [RatisPipelineUtilsThread] WARN  pipeline.RatisPipelineUtils (RatisPipelineUtils.java:destroyPipeline(66)) - Pipeline destroy failed for pipeline=PipelineID=1d43f9da-0d5f-41be-945d-473a3addddf6 dn=6effdead-13d1-41e6-a2f2-1b6cf88b37a4{ip: 192.168.34.25, host: pr-hdds-2032-ffkjc-170187842, networkLocation: /default-rack, certSerialId: null}
2019-09-10 20:24:07,978 [grpc-default-executor-3] INFO  impl.RaftServerProxy (RaftServerProxy.java:remove(95)) - 9f3eeb55-1628-4544-b8a1-8f6a6bd18952: remove group-473A3ADDDDF6:null
2019-09-10 20:24:07,982 [RatisPipelineUtilsThread] WARN  pipeline.RatisPipelineUtils (RatisPipelineUtils.java:destroyPipeline(66)) - Pipeline destroy failed for pipeline=PipelineID=1d43f9da-0d5f-41be-945d-473a3addddf6 dn=9f3eeb55-1628-4544-b8a1-8f6a6bd18952{ip: 192.168.34.25, host: pr-hdds-2032-ffkjc-170187842, networkLocation: /default-rack, certSerialId: null}
2019-09-10 20:24:07,982 [RatisPipelineUtilsThread] ERROR pipeline.SCMPipelineManager (Scheduler.java:lambda$schedule$1(70)) - Destroy pipeline failed for pipeline:Pipeline[ Id: 1d43f9da-0d5f-41be-945d-473a3addddf6, Nodes: 6721d19e-fad5-40c6-a99e-1f07fcc56c74{ip: 192.168.34.25, host: pr-hdds-2032-ffkjc-170187842, networkLocation: /default-rack, certSerialId: null}6effdead-13d1-41e6-a2f2-1b6cf88b37a4{ip: 192.168.34.25, host: pr-hdds-2032-ffkjc-170187842, networkLocation: /default-rack, certSerialId: null}9f3eeb55-1628-4544-b8a1-8f6a6bd18952{ip: 192.168.34.25, host: pr-hdds-2032-ffkjc-170187842, networkLocation: /default-rack, certSerialId: null}, Type:RATIS, Factor:THREE, State:CLOSED]
org.apache.hadoop.hdds.scm.pipeline.PipelineNotFoundException: PipelineID=1d43f9da-0d5f-41be-945d-473a3addddf6 not found
	at org.apache.hadoop.hdds.scm.pipeline.PipelineStateMap.getPipeline(PipelineStateMap.java:132)
	at org.apache.hadoop.hdds.scm.pipeline.PipelineStateMap.removePipeline(PipelineStateMap.java:322)
	at org.apache.hadoop.hdds.scm.pipeline.PipelineStateManager.removePipeline(PipelineStateManager.java:107)
	at org.apache.hadoop.hdds.scm.pipeline.SCMPipelineManager.removePipeline(SCMPipelineManager.java:423)
	at org.apache.hadoop.hdds.scm.pipeline.SCMPipelineManager.destroyPipeline(SCMPipelineManager.java:409)
	at org.apache.hadoop.hdds.scm.pipeline.SCMPipelineManager.lambda$finalizeAndDestroyPipeline$0(SCMPipelineManager.java:318)
	at org.apache.hadoop.utils.Scheduler.lambda$schedule$1(Scheduler.java:68)
	at java.util.concurrent.Executors$RunnableAdapter.call(Executors.java:511)
	at java.util.concurrent.FutureTask.run(FutureTask.java:266)
	at java.util.concurrent.ScheduledThreadPoolExecutor$ScheduledFutureTask.access$201(ScheduledThreadPoolExecutor.java:180)
	at java.util.concurrent.ScheduledThreadPoolExecutor$ScheduledFutureTask.run(ScheduledThreadPoolExecutor.java:293)
	at java.util.concurrent.ThreadPoolExecutor.runWorker(ThreadPoolExecutor.java:1149)
	at java.util.concurrent.ThreadPoolExecutor$Worker.run(ThreadPoolExecutor.java:624)
	at java.lang.Thread.run(Thread.java:748)
 0.00% |█                                                                                                    |  0/1 Time: 0:04:01 0.00% |█                                                                                                    |  0/1 Time: 0:04:022019-09-10 20:24:09,962 [grpc-default-executor-3] INFO  impl.RaftServerProxy (RaftServerProxy.java:remove(95)) - 6721d19e-fad5-40c6-a99e-1f07fcc56c74: remove group-473A3ADDDDF6:null
2019-09-10 20:24:09,966 [RatisPipelineUtilsThread] WARN  pipeline.RatisPipelineUtils (RatisPipelineUtils.java:destroyPipeline(66)) - Pipeline destroy failed for pipeline=PipelineID=1d43f9da-0d5f-41be-945d-473a3addddf6 dn=6721d19e-fad5-40c6-a99e-1f07fcc56c74{ip: 192.168.34.25, host: pr-hdds-2032-ffkjc-170187842, networkLocation: /default-rack, certSerialId: null}
2019-09-10 20:24:09,970 [grpc-default-executor-3] INFO  impl.RaftServerProxy (RaftServerProxy.java:remove(95)) - 6effdead-13d1-41e6-a2f2-1b6cf88b37a4: remove group-473A3ADDDDF6:null
2019-09-10 20:24:09,972 [RatisPipelineUtilsThread] WARN  pipeline.RatisPipelineUtils (RatisPipelineUtils.java:destroyPipeline(66)) - Pipeline destroy failed for pipeline=PipelineID=1d43f9da-0d5f-41be-945d-473a3addddf6 dn=6effdead-13d1-41e6-a2f2-1b6cf88b37a4{ip: 192.168.34.25, host: pr-hdds-2032-ffkjc-170187842, networkLocation: /default-rack, certSerialId: null}
2019-09-10 20:24:09,976 [grpc-default-executor-3] INFO  impl.RaftServerProxy (RaftServerProxy.java:remove(95)) - 9f3eeb55-1628-4544-b8a1-8f6a6bd18952: remove group-473A3ADDDDF6:null
2019-09-10 20:24:09,978 [RatisPipelineUtilsThread] WARN  pipeline.RatisPipelineUtils (RatisPipelineUtils.java:destroyPipeline(66)) - Pipeline destroy failed for pipeline=PipelineID=1d43f9da-0d5f-41be-945d-473a3addddf6 dn=9f3eeb55-1628-4544-b8a1-8f6a6bd18952{ip: 192.168.34.25, host: pr-hdds-2032-ffkjc-170187842, networkLocation: /default-rack, certSerialId: null}
2019-09-10 20:24:09,979 [RatisPipelineUtilsThread] ERROR pipeline.SCMPipelineManager (Scheduler.java:lambda$schedule$1(70)) - Destroy pipeline failed for pipeline:Pipeline[ Id: 1d43f9da-0d5f-41be-945d-473a3addddf6, Nodes: 6721d19e-fad5-40c6-a99e-1f07fcc56c74{ip: 192.168.34.25, host: pr-hdds-2032-ffkjc-170187842, networkLocation: /default-rack, certSerialId: null}6effdead-13d1-41e6-a2f2-1b6cf88b37a4{ip: 192.168.34.25, host: pr-hdds-2032-ffkjc-170187842, networkLocation: /default-rack, certSerialId: null}9f3eeb55-1628-4544-b8a1-8f6a6bd18952{ip: 192.168.34.25, host: pr-hdds-2032-ffkjc-170187842, networkLocation: /default-rack, certSerialId: null}, Type:RATIS, Factor:THREE, State:CLOSED]
org.apache.hadoop.hdds.scm.pipeline.PipelineNotFoundException: PipelineID=1d43f9da-0d5f-41be-945d-473a3addddf6 not found
	at org.apache.hadoop.hdds.scm.pipeline.PipelineStateMap.getPipeline(PipelineStateMap.java:132)
	at org.apache.hadoop.hdds.scm.pipeline.PipelineStateMap.removePipeline(PipelineStateMap.java:322)
	at org.apache.hadoop.hdds.scm.pipeline.PipelineStateManager.removePipeline(PipelineStateManager.java:107)
	at org.apache.hadoop.hdds.scm.pipeline.SCMPipelineManager.removePipeline(SCMPipelineManager.java:423)
	at org.apache.hadoop.hdds.scm.pipeline.SCMPipelineManager.destroyPipeline(SCMPipelineManager.java:409)
	at org.apache.hadoop.hdds.scm.pipeline.SCMPipelineManager.lambda$finalizeAndDestroyPipeline$0(SCMPipelineManager.java:318)
	at org.apache.hadoop.utils.Scheduler.lambda$schedule$1(Scheduler.java:68)
	at java.util.concurrent.Executors$RunnableAdapter.call(Executors.java:511)
	at java.util.concurrent.FutureTask.run(FutureTask.java:266)
	at java.util.concurrent.ScheduledThreadPoolExecutor$ScheduledFutureTask.access$201(ScheduledThreadPoolExecutor.java:180)
	at java.util.concurrent.ScheduledThreadPoolExecutor$ScheduledFutureTask.run(ScheduledThreadPoolExecutor.java:293)
	at java.util.concurrent.ThreadPoolExecutor.runWorker(ThreadPoolExecutor.java:1149)
	at java.util.concurrent.ThreadPoolExecutor$Worker.run(ThreadPoolExecutor.java:624)
	at java.lang.Thread.run(Thread.java:748)
 0.00% |█                                                                                                    |  0/1 Time: 0:04:03 0.00% |█                                                                                                    |  0/1 Time: 0:04:042019-09-10 20:24:11,166 [grpc-default-executor-2] INFO  client.GrpcClientProtocolClient (GrpcClientProtocolClient.java:onNext(264)) - client-698E40308194->6effdead-13d1-41e6-a2f2-1b6cf88b37a4: receive RaftClientReply:client-698E40308194->6effdead-13d1-41e6-a2f2-1b6cf88b37a4@group-EBEE9BAA75A8, cid=45, FAILED org.apache.ratis.protocol.NotLeaderException: Server 6effdead-13d1-41e6-a2f2-1b6cf88b37a4@group-EBEE9BAA75A8 is not the leader 9f3eeb55-1628-4544-b8a1-8f6a6bd18952:192.168.34.25:34224, logIndex=0, commits[6effdead-13d1-41e6-a2f2-1b6cf88b37a4:c16, 6721d19e-fad5-40c6-a99e-1f07fcc56c74:c16, 9f3eeb55-1628-4544-b8a1-8f6a6bd18952:c16]
 0.00% |█                                                                                                    |  0/1 Time: 0:04:052019-09-10 20:24:12,965 [grpc-default-executor-3] INFO  impl.RaftServerProxy (RaftServerProxy.java:remove(95)) - 6721d19e-fad5-40c6-a99e-1f07fcc56c74: remove group-473A3ADDDDF6:null
2019-09-10 20:24:12,968 [RatisPipelineUtilsThread] WARN  pipeline.RatisPipelineUtils (RatisPipelineUtils.java:destroyPipeline(66)) - Pipeline destroy failed for pipeline=PipelineID=1d43f9da-0d5f-41be-945d-473a3addddf6 dn=6721d19e-fad5-40c6-a99e-1f07fcc56c74{ip: 192.168.34.25, host: pr-hdds-2032-ffkjc-170187842, networkLocation: /default-rack, certSerialId: null}
2019-09-10 20:24:12,972 [grpc-default-executor-3] INFO  impl.RaftServerProxy (RaftServerProxy.java:remove(95)) - 6effdead-13d1-41e6-a2f2-1b6cf88b37a4: remove group-473A3ADDDDF6:null
2019-09-10 20:24:12,974 [RatisPipelineUtilsThread] WARN  pipeline.RatisPipelineUtils (RatisPipelineUtils.java:destroyPipeline(66)) - Pipeline destroy failed for pipeline=PipelineID=1d43f9da-0d5f-41be-945d-473a3addddf6 dn=6effdead-13d1-41e6-a2f2-1b6cf88b37a4{ip: 192.168.34.25, host: pr-hdds-2032-ffkjc-170187842, networkLocation: /default-rack, certSerialId: null}
2019-09-10 20:24:12,978 [grpc-default-executor-3] INFO  impl.RaftServerProxy (RaftServerProxy.java:remove(95)) - 9f3eeb55-1628-4544-b8a1-8f6a6bd18952: remove group-473A3ADDDDF6:null
2019-09-10 20:24:12,980 [RatisPipelineUtilsThread] WARN  pipeline.RatisPipelineUtils (RatisPipelineUtils.java:destroyPipeline(66)) - Pipeline destroy failed for pipeline=PipelineID=1d43f9da-0d5f-41be-945d-473a3addddf6 dn=9f3eeb55-1628-4544-b8a1-8f6a6bd18952{ip: 192.168.34.25, host: pr-hdds-2032-ffkjc-170187842, networkLocation: /default-rack, certSerialId: null}
2019-09-10 20:24:12,980 [RatisPipelineUtilsThread] ERROR pipeline.SCMPipelineManager (Scheduler.java:lambda$schedule$1(70)) - Destroy pipeline failed for pipeline:Pipeline[ Id: 1d43f9da-0d5f-41be-945d-473a3addddf6, Nodes: 6721d19e-fad5-40c6-a99e-1f07fcc56c74{ip: 192.168.34.25, host: pr-hdds-2032-ffkjc-170187842, networkLocation: /default-rack, certSerialId: null}6effdead-13d1-41e6-a2f2-1b6cf88b37a4{ip: 192.168.34.25, host: pr-hdds-2032-ffkjc-170187842, networkLocation: /default-rack, certSerialId: null}9f3eeb55-1628-4544-b8a1-8f6a6bd18952{ip: 192.168.34.25, host: pr-hdds-2032-ffkjc-170187842, networkLocation: /default-rack, certSerialId: null}, Type:RATIS, Factor:THREE, State:CLOSED]
org.apache.hadoop.hdds.scm.pipeline.PipelineNotFoundException: PipelineID=1d43f9da-0d5f-41be-945d-473a3addddf6 not found
	at org.apache.hadoop.hdds.scm.pipeline.PipelineStateMap.getPipeline(PipelineStateMap.java:132)
	at org.apache.hadoop.hdds.scm.pipeline.PipelineStateMap.removePipeline(PipelineStateMap.java:322)
	at org.apache.hadoop.hdds.scm.pipeline.PipelineStateManager.removePipeline(PipelineStateManager.java:107)
	at org.apache.hadoop.hdds.scm.pipeline.SCMPipelineManager.removePipeline(SCMPipelineManager.java:423)
	at org.apache.hadoop.hdds.scm.pipeline.SCMPipelineManager.destroyPipeline(SCMPipelineManager.java:409)
	at org.apache.hadoop.hdds.scm.pipeline.SCMPipelineManager.lambda$finalizeAndDestroyPipeline$0(SCMPipelineManager.java:318)
	at org.apache.hadoop.utils.Scheduler.lambda$schedule$1(Scheduler.java:68)
	at java.util.concurrent.Executors$RunnableAdapter.call(Executors.java:511)
	at java.util.concurrent.FutureTask.run(FutureTask.java:266)
	at java.util.concurrent.ScheduledThreadPoolExecutor$ScheduledFutureTask.access$201(ScheduledThreadPoolExecutor.java:180)
	at java.util.concurrent.ScheduledThreadPoolExecutor$ScheduledFutureTask.run(ScheduledThreadPoolExecutor.java:293)
	at java.util.concurrent.ThreadPoolExecutor.runWorker(ThreadPoolExecutor.java:1149)
	at java.util.concurrent.ThreadPoolExecutor$Worker.run(ThreadPoolExecutor.java:624)
	at java.lang.Thread.run(Thread.java:748)
 0.00% |█                                                                                                    |  0/1 Time: 0:04:06 0.00% |█                                                                                                    |  0/1 Time: 0:04:072019-09-10 20:24:14,962 [grpc-default-executor-2] INFO  impl.RaftServerProxy (RaftServerProxy.java:remove(95)) - 6721d19e-fad5-40c6-a99e-1f07fcc56c74: remove group-473A3ADDDDF6:null
2019-09-10 20:24:14,965 [RatisPipelineUtilsThread] WARN  pipeline.RatisPipelineUtils (RatisPipelineUtils.java:destroyPipeline(66)) - Pipeline destroy failed for pipeline=PipelineID=1d43f9da-0d5f-41be-945d-473a3addddf6 dn=6721d19e-fad5-40c6-a99e-1f07fcc56c74{ip: 192.168.34.25, host: pr-hdds-2032-ffkjc-170187842, networkLocation: /default-rack, certSerialId: null}
2019-09-10 20:24:14,968 [grpc-default-executor-2] INFO  impl.RaftServerProxy (RaftServerProxy.java:remove(95)) - 6effdead-13d1-41e6-a2f2-1b6cf88b37a4: remove group-473A3ADDDDF6:null
2019-09-10 20:24:14,970 [RatisPipelineUtilsThread] WARN  pipeline.RatisPipelineUtils (RatisPipelineUtils.java:destroyPipeline(66)) - Pipeline destroy failed for pipeline=PipelineID=1d43f9da-0d5f-41be-945d-473a3addddf6 dn=6effdead-13d1-41e6-a2f2-1b6cf88b37a4{ip: 192.168.34.25, host: pr-hdds-2032-ffkjc-170187842, networkLocation: /default-rack, certSerialId: null}
2019-09-10 20:24:14,973 [grpc-default-executor-2] INFO  impl.RaftServerProxy (RaftServerProxy.java:remove(95)) - 9f3eeb55-1628-4544-b8a1-8f6a6bd18952: remove group-473A3ADDDDF6:null
2019-09-10 20:24:14,975 [RatisPipelineUtilsThread] WARN  pipeline.RatisPipelineUtils (RatisPipelineUtils.java:destroyPipeline(66)) - Pipeline destroy failed for pipeline=PipelineID=1d43f9da-0d5f-41be-945d-473a3addddf6 dn=9f3eeb55-1628-4544-b8a1-8f6a6bd18952{ip: 192.168.34.25, host: pr-hdds-2032-ffkjc-170187842, networkLocation: /default-rack, certSerialId: null}
2019-09-10 20:24:14,975 [RatisPipelineUtilsThread] ERROR pipeline.SCMPipelineManager (Scheduler.java:lambda$schedule$1(70)) - Destroy pipeline failed for pipeline:Pipeline[ Id: 1d43f9da-0d5f-41be-945d-473a3addddf6, Nodes: 6721d19e-fad5-40c6-a99e-1f07fcc56c74{ip: 192.168.34.25, host: pr-hdds-2032-ffkjc-170187842, networkLocation: /default-rack, certSerialId: null}6effdead-13d1-41e6-a2f2-1b6cf88b37a4{ip: 192.168.34.25, host: pr-hdds-2032-ffkjc-170187842, networkLocation: /default-rack, certSerialId: null}9f3eeb55-1628-4544-b8a1-8f6a6bd18952{ip: 192.168.34.25, host: pr-hdds-2032-ffkjc-170187842, networkLocation: /default-rack, certSerialId: null}, Type:RATIS, Factor:THREE, State:CLOSED]
org.apache.hadoop.hdds.scm.pipeline.PipelineNotFoundException: PipelineID=1d43f9da-0d5f-41be-945d-473a3addddf6 not found
	at org.apache.hadoop.hdds.scm.pipeline.PipelineStateMap.getPipeline(PipelineStateMap.java:132)
	at org.apache.hadoop.hdds.scm.pipeline.PipelineStateMap.removePipeline(PipelineStateMap.java:322)
	at org.apache.hadoop.hdds.scm.pipeline.PipelineStateManager.removePipeline(PipelineStateManager.java:107)
	at org.apache.hadoop.hdds.scm.pipeline.SCMPipelineManager.removePipeline(SCMPipelineManager.java:423)
	at org.apache.hadoop.hdds.scm.pipeline.SCMPipelineManager.destroyPipeline(SCMPipelineManager.java:409)
	at org.apache.hadoop.hdds.scm.pipeline.SCMPipelineManager.lambda$finalizeAndDestroyPipeline$0(SCMPipelineManager.java:318)
	at org.apache.hadoop.utils.Scheduler.lambda$schedule$1(Scheduler.java:68)
	at java.util.concurrent.Executors$RunnableAdapter.call(Executors.java:511)
	at java.util.concurrent.FutureTask.run(FutureTask.java:266)
	at java.util.concurrent.ScheduledThreadPoolExecutor$ScheduledFutureTask.access$201(ScheduledThreadPoolExecutor.java:180)
	at java.util.concurrent.ScheduledThreadPoolExecutor$ScheduledFutureTask.run(ScheduledThreadPoolExecutor.java:293)
	at java.util.concurrent.ThreadPoolExecutor.runWorker(ThreadPoolExecutor.java:1149)
	at java.util.concurrent.ThreadPoolExecutor$Worker.run(ThreadPoolExecutor.java:624)
	at java.lang.Thread.run(Thread.java:748)
 0.00% |█                                                                                                    |  0/1 Time: 0:04:082019-09-10 20:24:15,759 [9f3eeb55-1628-4544-b8a1-8f6a6bd18952@group-EBEE9BAA75A8-SegmentedRaftLogWorker] WARN  segmented.SegmentedRaftLogWorker (SegmentedRaftLogWorker.java:getFromFuture(90)) - Timeout 4/~
org.apache.ratis.protocol.TimeoutIOException: Timeout 10s: WriteLog:17: (t:1, i:17), STATEMACHINELOGENTRY, client-698E40308194, cid=45-writeStateMachineData
	at org.apache.ratis.util.IOUtils.getFromFuture(IOUtils.java:87)
	at org.apache.ratis.server.raftlog.segmented.SegmentedRaftLogWorker$StateMachineDataPolicy.getFromFuture(SegmentedRaftLogWorker.java:87)
	at org.apache.ratis.server.raftlog.segmented.SegmentedRaftLogWorker$WriteLog.execute(SegmentedRaftLogWorker.java:477)
	at org.apache.ratis.server.raftlog.segmented.SegmentedRaftLogWorker.run(SegmentedRaftLogWorker.java:289)
	at java.lang.Thread.run(Thread.java:748)
Caused by: java.util.concurrent.TimeoutException
	at java.util.concurrent.CompletableFuture.timedGet(CompletableFuture.java:1771)
	at java.util.concurrent.CompletableFuture.get(CompletableFuture.java:1915)
	at org.apache.ratis.util.IOUtils.getFromFuture(IOUtils.java:79)
	... 4 more
 0.00% |█                                                                                                    |  0/1 Time: 0:04:092019-09-10 20:24:16,205 [grpc-default-executor-3] INFO  client.GrpcClientProtocolClient (GrpcClientProtocolClient.java:onNext(264)) - client-698E40308194->6effdead-13d1-41e6-a2f2-1b6cf88b37a4: receive RaftClientReply:client-698E40308194->6effdead-13d1-41e6-a2f2-1b6cf88b37a4@group-EBEE9BAA75A8, cid=45, FAILED org.apache.ratis.protocol.NotLeaderException: Server 6effdead-13d1-41e6-a2f2-1b6cf88b37a4@group-EBEE9BAA75A8 is not the leader 9f3eeb55-1628-4544-b8a1-8f6a6bd18952:192.168.34.25:34224, logIndex=0, commits[6effdead-13d1-41e6-a2f2-1b6cf88b37a4:c16, 6721d19e-fad5-40c6-a99e-1f07fcc56c74:c16, 9f3eeb55-1628-4544-b8a1-8f6a6bd18952:c16]
 0.00% |█                                                                                                    |  0/1 Time: 0:04:102019-09-10 20:24:17,967 [grpc-default-executor-2] INFO  impl.RaftServerProxy (RaftServerProxy.java:remove(95)) - 6721d19e-fad5-40c6-a99e-1f07fcc56c74: remove group-473A3ADDDDF6:null
2019-09-10 20:24:17,971 [RatisPipelineUtilsThread] WARN  pipeline.RatisPipelineUtils (RatisPipelineUtils.java:destroyPipeline(66)) - Pipeline destroy failed for pipeline=PipelineID=1d43f9da-0d5f-41be-945d-473a3addddf6 dn=6721d19e-fad5-40c6-a99e-1f07fcc56c74{ip: 192.168.34.25, host: pr-hdds-2032-ffkjc-170187842, networkLocation: /default-rack, certSerialId: null}
2019-09-10 20:24:17,975 [grpc-default-executor-3] INFO  impl.RaftServerProxy (RaftServerProxy.java:remove(95)) - 6effdead-13d1-41e6-a2f2-1b6cf88b37a4: remove group-473A3ADDDDF6:null
2019-09-10 20:24:17,978 [RatisPipelineUtilsThread] WARN  pipeline.RatisPipelineUtils (RatisPipelineUtils.java:destroyPipeline(66)) - Pipeline destroy failed for pipeline=PipelineID=1d43f9da-0d5f-41be-945d-473a3addddf6 dn=6effdead-13d1-41e6-a2f2-1b6cf88b37a4{ip: 192.168.34.25, host: pr-hdds-2032-ffkjc-170187842, networkLocation: /default-rack, certSerialId: null}
2019-09-10 20:24:17,981 [grpc-default-executor-3] INFO  impl.RaftServerProxy (RaftServerProxy.java:remove(95)) - 9f3eeb55-1628-4544-b8a1-8f6a6bd18952: remove group-473A3ADDDDF6:null
2019-09-10 20:24:17,984 [RatisPipelineUtilsThread] WARN  pipeline.RatisPipelineUtils (RatisPipelineUtils.java:destroyPipeline(66)) - Pipeline destroy failed for pipeline=PipelineID=1d43f9da-0d5f-41be-945d-473a3addddf6 dn=9f3eeb55-1628-4544-b8a1-8f6a6bd18952{ip: 192.168.34.25, host: pr-hdds-2032-ffkjc-170187842, networkLocation: /default-rack, certSerialId: null}
2019-09-10 20:24:17,985 [RatisPipelineUtilsThread] ERROR pipeline.SCMPipelineManager (Scheduler.java:lambda$schedule$1(70)) - Destroy pipeline failed for pipeline:Pipeline[ Id: 1d43f9da-0d5f-41be-945d-473a3addddf6, Nodes: 6721d19e-fad5-40c6-a99e-1f07fcc56c74{ip: 192.168.34.25, host: pr-hdds-2032-ffkjc-170187842, networkLocation: /default-rack, certSerialId: null}6effdead-13d1-41e6-a2f2-1b6cf88b37a4{ip: 192.168.34.25, host: pr-hdds-2032-ffkjc-170187842, networkLocation: /default-rack, certSerialId: null}9f3eeb55-1628-4544-b8a1-8f6a6bd18952{ip: 192.168.34.25, host: pr-hdds-2032-ffkjc-170187842, networkLocation: /default-rack, certSerialId: null}, Type:RATIS, Factor:THREE, State:CLOSED]
org.apache.hadoop.hdds.scm.pipeline.PipelineNotFoundException: PipelineID=1d43f9da-0d5f-41be-945d-473a3addddf6 not found
	at org.apache.hadoop.hdds.scm.pipeline.PipelineStateMap.getPipeline(PipelineStateMap.java:132)
	at org.apache.hadoop.hdds.scm.pipeline.PipelineStateMap.removePipeline(PipelineStateMap.java:322)
	at org.apache.hadoop.hdds.scm.pipeline.PipelineStateManager.removePipeline(PipelineStateManager.java:107)
	at org.apache.hadoop.hdds.scm.pipeline.SCMPipelineManager.removePipeline(SCMPipelineManager.java:423)
	at org.apache.hadoop.hdds.scm.pipeline.SCMPipelineManager.destroyPipeline(SCMPipelineManager.java:409)
	at org.apache.hadoop.hdds.scm.pipeline.SCMPipelineManager.lambda$finalizeAndDestroyPipeline$0(SCMPipelineManager.java:318)
	at org.apache.hadoop.utils.Scheduler.lambda$schedule$1(Scheduler.java:68)
	at java.util.concurrent.Executors$RunnableAdapter.call(Executors.java:511)
	at java.util.concurrent.FutureTask.run(FutureTask.java:266)
	at java.util.concurrent.ScheduledThreadPoolExecutor$ScheduledFutureTask.access$201(ScheduledThreadPoolExecutor.java:180)
	at java.util.concurrent.ScheduledThreadPoolExecutor$ScheduledFutureTask.run(ScheduledThreadPoolExecutor.java:293)
	at java.util.concurrent.ThreadPoolExecutor.runWorker(ThreadPoolExecutor.java:1149)
	at java.util.concurrent.ThreadPoolExecutor$Worker.run(ThreadPoolExecutor.java:624)
	at java.lang.Thread.run(Thread.java:748)
 0.00% |█                                                                                                    |  0/1 Time: 0:04:11 0.00% |█                                                                                                    |  0/1 Time: 0:04:122019-09-10 20:24:19,973 [grpc-default-executor-2] INFO  impl.RaftServerProxy (RaftServerProxy.java:remove(95)) - 6721d19e-fad5-40c6-a99e-1f07fcc56c74: remove group-473A3ADDDDF6:null
2019-09-10 20:24:19,977 [RatisPipelineUtilsThread] WARN  pipeline.RatisPipelineUtils (RatisPipelineUtils.java:destroyPipeline(66)) - Pipeline destroy failed for pipeline=PipelineID=1d43f9da-0d5f-41be-945d-473a3addddf6 dn=6721d19e-fad5-40c6-a99e-1f07fcc56c74{ip: 192.168.34.25, host: pr-hdds-2032-ffkjc-170187842, networkLocation: /default-rack, certSerialId: null}
2019-09-10 20:24:19,980 [grpc-default-executor-2] INFO  impl.RaftServerProxy (RaftServerProxy.java:remove(95)) - 6effdead-13d1-41e6-a2f2-1b6cf88b37a4: remove group-473A3ADDDDF6:null
2019-09-10 20:24:19,983 [RatisPipelineUtilsThread] WARN  pipeline.RatisPipelineUtils (RatisPipelineUtils.java:destroyPipeline(66)) - Pipeline destroy failed for pipeline=PipelineID=1d43f9da-0d5f-41be-945d-473a3addddf6 dn=6effdead-13d1-41e6-a2f2-1b6cf88b37a4{ip: 192.168.34.25, host: pr-hdds-2032-ffkjc-170187842, networkLocation: /default-rack, certSerialId: null}
2019-09-10 20:24:19,986 [grpc-default-executor-2] INFO  impl.RaftServerProxy (RaftServerProxy.java:remove(95)) - 9f3eeb55-1628-4544-b8a1-8f6a6bd18952: remove group-473A3ADDDDF6:null
2019-09-10 20:24:19,989 [RatisPipelineUtilsThread] WARN  pipeline.RatisPipelineUtils (RatisPipelineUtils.java:destroyPipeline(66)) - Pipeline destroy failed for pipeline=PipelineID=1d43f9da-0d5f-41be-945d-473a3addddf6 dn=9f3eeb55-1628-4544-b8a1-8f6a6bd18952{ip: 192.168.34.25, host: pr-hdds-2032-ffkjc-170187842, networkLocation: /default-rack, certSerialId: null}
2019-09-10 20:24:19,989 [RatisPipelineUtilsThread] ERROR pipeline.SCMPipelineManager (Scheduler.java:lambda$schedule$1(70)) - Destroy pipeline failed for pipeline:Pipeline[ Id: 1d43f9da-0d5f-41be-945d-473a3addddf6, Nodes: 6721d19e-fad5-40c6-a99e-1f07fcc56c74{ip: 192.168.34.25, host: pr-hdds-2032-ffkjc-170187842, networkLocation: /default-rack, certSerialId: null}6effdead-13d1-41e6-a2f2-1b6cf88b37a4{ip: 192.168.34.25, host: pr-hdds-2032-ffkjc-170187842, networkLocation: /default-rack, certSerialId: null}9f3eeb55-1628-4544-b8a1-8f6a6bd18952{ip: 192.168.34.25, host: pr-hdds-2032-ffkjc-170187842, networkLocation: /default-rack, certSerialId: null}, Type:RATIS, Factor:THREE, State:CLOSED]
org.apache.hadoop.hdds.scm.pipeline.PipelineNotFoundException: PipelineID=1d43f9da-0d5f-41be-945d-473a3addddf6 not found
	at org.apache.hadoop.hdds.scm.pipeline.PipelineStateMap.getPipeline(PipelineStateMap.java:132)
	at org.apache.hadoop.hdds.scm.pipeline.PipelineStateMap.removePipeline(PipelineStateMap.java:322)
	at org.apache.hadoop.hdds.scm.pipeline.PipelineStateManager.removePipeline(PipelineStateManager.java:107)
	at org.apache.hadoop.hdds.scm.pipeline.SCMPipelineManager.removePipeline(SCMPipelineManager.java:423)
	at org.apache.hadoop.hdds.scm.pipeline.SCMPipelineManager.destroyPipeline(SCMPipelineManager.java:409)
	at org.apache.hadoop.hdds.scm.pipeline.SCMPipelineManager.lambda$finalizeAndDestroyPipeline$0(SCMPipelineManager.java:318)
	at org.apache.hadoop.utils.Scheduler.lambda$schedule$1(Scheduler.java:68)
	at java.util.concurrent.Executors$RunnableAdapter.call(Executors.java:511)
	at java.util.concurrent.FutureTask.run(FutureTask.java:266)
	at java.util.concurrent.ScheduledThreadPoolExecutor$ScheduledFutureTask.access$201(ScheduledThreadPoolExecutor.java:180)
	at java.util.concurrent.ScheduledThreadPoolExecutor$ScheduledFutureTask.run(ScheduledThreadPoolExecutor.java:293)
	at java.util.concurrent.ThreadPoolExecutor.runWorker(ThreadPoolExecutor.java:1149)
	at java.util.concurrent.ThreadPoolExecutor$Worker.run(ThreadPoolExecutor.java:624)
	at java.lang.Thread.run(Thread.java:748)
 0.00% |█                                                                                                    |  0/1 Time: 0:04:13 0.00% |█                                                                                                    |  0/1 Time: 0:04:142019-09-10 20:24:21,249 [grpc-default-executor-3] INFO  client.GrpcClientProtocolClient (GrpcClientProtocolClient.java:onNext(264)) - client-698E40308194->6effdead-13d1-41e6-a2f2-1b6cf88b37a4: receive RaftClientReply:client-698E40308194->6effdead-13d1-41e6-a2f2-1b6cf88b37a4@group-EBEE9BAA75A8, cid=45, FAILED org.apache.ratis.protocol.NotLeaderException: Server 6effdead-13d1-41e6-a2f2-1b6cf88b37a4@group-EBEE9BAA75A8 is not the leader 9f3eeb55-1628-4544-b8a1-8f6a6bd18952:192.168.34.25:34224, logIndex=0, commits[6effdead-13d1-41e6-a2f2-1b6cf88b37a4:c16, 6721d19e-fad5-40c6-a99e-1f07fcc56c74:c16, 9f3eeb55-1628-4544-b8a1-8f6a6bd18952:c16]
 0.00% |█                                                                                                    |  0/1 Time: 0:04:152019-09-10 20:24:22,966 [grpc-default-executor-2] INFO  impl.RaftServerProxy (RaftServerProxy.java:remove(95)) - 6721d19e-fad5-40c6-a99e-1f07fcc56c74: remove group-473A3ADDDDF6:null
2019-09-10 20:24:22,969 [RatisPipelineUtilsThread] WARN  pipeline.RatisPipelineUtils (RatisPipelineUtils.java:destroyPipeline(66)) - Pipeline destroy failed for pipeline=PipelineID=1d43f9da-0d5f-41be-945d-473a3addddf6 dn=6721d19e-fad5-40c6-a99e-1f07fcc56c74{ip: 192.168.34.25, host: pr-hdds-2032-ffkjc-170187842, networkLocation: /default-rack, certSerialId: null}
2019-09-10 20:24:22,972 [grpc-default-executor-2] INFO  impl.RaftServerProxy (RaftServerProxy.java:remove(95)) - 6effdead-13d1-41e6-a2f2-1b6cf88b37a4: remove group-473A3ADDDDF6:null
2019-09-10 20:24:22,974 [RatisPipelineUtilsThread] WARN  pipeline.RatisPipelineUtils (RatisPipelineUtils.java:destroyPipeline(66)) - Pipeline destroy failed for pipeline=PipelineID=1d43f9da-0d5f-41be-945d-473a3addddf6 dn=6effdead-13d1-41e6-a2f2-1b6cf88b37a4{ip: 192.168.34.25, host: pr-hdds-2032-ffkjc-170187842, networkLocation: /default-rack, certSerialId: null}
2019-09-10 20:24:22,977 [grpc-default-executor-2] INFO  impl.RaftServerProxy (RaftServerProxy.java:remove(95)) - 9f3eeb55-1628-4544-b8a1-8f6a6bd18952: remove group-473A3ADDDDF6:null
2019-09-10 20:24:22,980 [RatisPipelineUtilsThread] WARN  pipeline.RatisPipelineUtils (RatisPipelineUtils.java:destroyPipeline(66)) - Pipeline destroy failed for pipeline=PipelineID=1d43f9da-0d5f-41be-945d-473a3addddf6 dn=9f3eeb55-1628-4544-b8a1-8f6a6bd18952{ip: 192.168.34.25, host: pr-hdds-2032-ffkjc-170187842, networkLocation: /default-rack, certSerialId: null}
2019-09-10 20:24:22,980 [RatisPipelineUtilsThread] ERROR pipeline.SCMPipelineManager (Scheduler.java:lambda$schedule$1(70)) - Destroy pipeline failed for pipeline:Pipeline[ Id: 1d43f9da-0d5f-41be-945d-473a3addddf6, Nodes: 6721d19e-fad5-40c6-a99e-1f07fcc56c74{ip: 192.168.34.25, host: pr-hdds-2032-ffkjc-170187842, networkLocation: /default-rack, certSerialId: null}6effdead-13d1-41e6-a2f2-1b6cf88b37a4{ip: 192.168.34.25, host: pr-hdds-2032-ffkjc-170187842, networkLocation: /default-rack, certSerialId: null}9f3eeb55-1628-4544-b8a1-8f6a6bd18952{ip: 192.168.34.25, host: pr-hdds-2032-ffkjc-170187842, networkLocation: /default-rack, certSerialId: null}, Type:RATIS, Factor:THREE, State:CLOSED]
org.apache.hadoop.hdds.scm.pipeline.PipelineNotFoundException: PipelineID=1d43f9da-0d5f-41be-945d-473a3addddf6 not found
	at org.apache.hadoop.hdds.scm.pipeline.PipelineStateMap.getPipeline(PipelineStateMap.java:132)
	at org.apache.hadoop.hdds.scm.pipeline.PipelineStateMap.removePipeline(PipelineStateMap.java:322)
	at org.apache.hadoop.hdds.scm.pipeline.PipelineStateManager.removePipeline(PipelineStateManager.java:107)
	at org.apache.hadoop.hdds.scm.pipeline.SCMPipelineManager.removePipeline(SCMPipelineManager.java:423)
	at org.apache.hadoop.hdds.scm.pipeline.SCMPipelineManager.destroyPipeline(SCMPipelineManager.java:409)
	at org.apache.hadoop.hdds.scm.pipeline.SCMPipelineManager.lambda$finalizeAndDestroyPipeline$0(SCMPipelineManager.java:318)
	at org.apache.hadoop.utils.Scheduler.lambda$schedule$1(Scheduler.java:68)
	at java.util.concurrent.Executors$RunnableAdapter.call(Executors.java:511)
	at java.util.concurrent.FutureTask.run(FutureTask.java:266)
	at java.util.concurrent.ScheduledThreadPoolExecutor$ScheduledFutureTask.access$201(ScheduledThreadPoolExecutor.java:180)
	at java.util.concurrent.ScheduledThreadPoolExecutor$ScheduledFutureTask.run(ScheduledThreadPoolExecutor.java:293)
	at java.util.concurrent.ThreadPoolExecutor.runWorker(ThreadPoolExecutor.java:1149)
	at java.util.concurrent.ThreadPoolExecutor$Worker.run(ThreadPoolExecutor.java:624)
	at java.lang.Thread.run(Thread.java:748)
 0.00% |█                                                                                                    |  0/1 Time: 0:04:16 0.00% |█                                                                                                    |  0/1 Time: 0:04:172019-09-10 20:24:24,966 [grpc-default-executor-2] INFO  impl.RaftServerProxy (RaftServerProxy.java:remove(95)) - 6721d19e-fad5-40c6-a99e-1f07fcc56c74: remove group-473A3ADDDDF6:null
2019-09-10 20:24:24,970 [RatisPipelineUtilsThread] WARN  pipeline.RatisPipelineUtils (RatisPipelineUtils.java:destroyPipeline(66)) - Pipeline destroy failed for pipeline=PipelineID=1d43f9da-0d5f-41be-945d-473a3addddf6 dn=6721d19e-fad5-40c6-a99e-1f07fcc56c74{ip: 192.168.34.25, host: pr-hdds-2032-ffkjc-170187842, networkLocation: /default-rack, certSerialId: null}
2019-09-10 20:24:24,975 [grpc-default-executor-2] INFO  impl.RaftServerProxy (RaftServerProxy.java:remove(95)) - 6effdead-13d1-41e6-a2f2-1b6cf88b37a4: remove group-473A3ADDDDF6:null
2019-09-10 20:24:24,981 [RatisPipelineUtilsThread] WARN  pipeline.RatisPipelineUtils (RatisPipelineUtils.java:destroyPipeline(66)) - Pipeline destroy failed for pipeline=PipelineID=1d43f9da-0d5f-41be-945d-473a3addddf6 dn=6effdead-13d1-41e6-a2f2-1b6cf88b37a4{ip: 192.168.34.25, host: pr-hdds-2032-ffkjc-170187842, networkLocation: /default-rack, certSerialId: null}
2019-09-10 20:24:24,985 [grpc-default-executor-2] INFO  impl.RaftServerProxy (RaftServerProxy.java:remove(95)) - 9f3eeb55-1628-4544-b8a1-8f6a6bd18952: remove group-473A3ADDDDF6:null
2019-09-10 20:24:24,988 [RatisPipelineUtilsThread] WARN  pipeline.RatisPipelineUtils (RatisPipelineUtils.java:destroyPipeline(66)) - Pipeline destroy failed for pipeline=PipelineID=1d43f9da-0d5f-41be-945d-473a3addddf6 dn=9f3eeb55-1628-4544-b8a1-8f6a6bd18952{ip: 192.168.34.25, host: pr-hdds-2032-ffkjc-170187842, networkLocation: /default-rack, certSerialId: null}
2019-09-10 20:24:24,988 [RatisPipelineUtilsThread] ERROR pipeline.SCMPipelineManager (Scheduler.java:lambda$schedule$1(70)) - Destroy pipeline failed for pipeline:Pipeline[ Id: 1d43f9da-0d5f-41be-945d-473a3addddf6, Nodes: 6721d19e-fad5-40c6-a99e-1f07fcc56c74{ip: 192.168.34.25, host: pr-hdds-2032-ffkjc-170187842, networkLocation: /default-rack, certSerialId: null}6effdead-13d1-41e6-a2f2-1b6cf88b37a4{ip: 192.168.34.25, host: pr-hdds-2032-ffkjc-170187842, networkLocation: /default-rack, certSerialId: null}9f3eeb55-1628-4544-b8a1-8f6a6bd18952{ip: 192.168.34.25, host: pr-hdds-2032-ffkjc-170187842, networkLocation: /default-rack, certSerialId: null}, Type:RATIS, Factor:THREE, State:CLOSED]
org.apache.hadoop.hdds.scm.pipeline.PipelineNotFoundException: PipelineID=1d43f9da-0d5f-41be-945d-473a3addddf6 not found
	at org.apache.hadoop.hdds.scm.pipeline.PipelineStateMap.getPipeline(PipelineStateMap.java:132)
	at org.apache.hadoop.hdds.scm.pipeline.PipelineStateMap.removePipeline(PipelineStateMap.java:322)
	at org.apache.hadoop.hdds.scm.pipeline.PipelineStateManager.removePipeline(PipelineStateManager.java:107)
	at org.apache.hadoop.hdds.scm.pipeline.SCMPipelineManager.removePipeline(SCMPipelineManager.java:423)
	at org.apache.hadoop.hdds.scm.pipeline.SCMPipelineManager.destroyPipeline(SCMPipelineManager.java:409)
	at org.apache.hadoop.hdds.scm.pipeline.SCMPipelineManager.lambda$finalizeAndDestroyPipeline$0(SCMPipelineManager.java:318)
	at org.apache.hadoop.utils.Scheduler.lambda$schedule$1(Scheduler.java:68)
	at java.util.concurrent.Executors$RunnableAdapter.call(Executors.java:511)
	at java.util.concurrent.FutureTask.run(FutureTask.java:266)
	at java.util.concurrent.ScheduledThreadPoolExecutor$ScheduledFutureTask.access$201(ScheduledThreadPoolExecutor.java:180)
	at java.util.concurrent.ScheduledThreadPoolExecutor$ScheduledFutureTask.run(ScheduledThreadPoolExecutor.java:293)
	at java.util.concurrent.ThreadPoolExecutor.runWorker(ThreadPoolExecutor.java:1149)
	at java.util.concurrent.ThreadPoolExecutor$Worker.run(ThreadPoolExecutor.java:624)
	at java.lang.Thread.run(Thread.java:748)
2019-09-10 20:24:25,024 [grpc-default-executor-2] INFO  impl.RaftServerProxy (RaftServerProxy.java:remove(95)) - 6721d19e-fad5-40c6-a99e-1f07fcc56c74: remove group-473A3ADDDDF6:null
2019-09-10 20:24:25,027 [RatisPipelineUtilsThread] WARN  pipeline.RatisPipelineUtils (RatisPipelineUtils.java:destroyPipeline(66)) - Pipeline destroy failed for pipeline=PipelineID=1d43f9da-0d5f-41be-945d-473a3addddf6 dn=6721d19e-fad5-40c6-a99e-1f07fcc56c74{ip: 192.168.34.25, host: pr-hdds-2032-ffkjc-170187842, networkLocation: /default-rack, certSerialId: null}
2019-09-10 20:24:25,030 [grpc-default-executor-2] INFO  impl.RaftServerProxy (RaftServerProxy.java:remove(95)) - 6effdead-13d1-41e6-a2f2-1b6cf88b37a4: remove group-473A3ADDDDF6:null
2019-09-10 20:24:25,032 [RatisPipelineUtilsThread] WARN  pipeline.RatisPipelineUtils (RatisPipelineUtils.java:destroyPipeline(66)) - Pipeline destroy failed for pipeline=PipelineID=1d43f9da-0d5f-41be-945d-473a3addddf6 dn=6effdead-13d1-41e6-a2f2-1b6cf88b37a4{ip: 192.168.34.25, host: pr-hdds-2032-ffkjc-170187842, networkLocation: /default-rack, certSerialId: null}
2019-09-10 20:24:25,034 [grpc-default-executor-2] INFO  impl.RaftServerProxy (RaftServerProxy.java:remove(95)) - 9f3eeb55-1628-4544-b8a1-8f6a6bd18952: remove group-473A3ADDDDF6:null
2019-09-10 20:24:25,036 [RatisPipelineUtilsThread] WARN  pipeline.RatisPipelineUtils (RatisPipelineUtils.java:destroyPipeline(66)) - Pipeline destroy failed for pipeline=PipelineID=1d43f9da-0d5f-41be-945d-473a3addddf6 dn=9f3eeb55-1628-4544-b8a1-8f6a6bd18952{ip: 192.168.34.25, host: pr-hdds-2032-ffkjc-170187842, networkLocation: /default-rack, certSerialId: null}
2019-09-10 20:24:25,037 [RatisPipelineUtilsThread] ERROR pipeline.SCMPipelineManager (Scheduler.java:lambda$schedule$1(70)) - Destroy pipeline failed for pipeline:Pipeline[ Id: 1d43f9da-0d5f-41be-945d-473a3addddf6, Nodes: 6721d19e-fad5-40c6-a99e-1f07fcc56c74{ip: 192.168.34.25, host: pr-hdds-2032-ffkjc-170187842, networkLocation: /default-rack, certSerialId: null}6effdead-13d1-41e6-a2f2-1b6cf88b37a4{ip: 192.168.34.25, host: pr-hdds-2032-ffkjc-170187842, networkLocation: /default-rack, certSerialId: null}9f3eeb55-1628-4544-b8a1-8f6a6bd18952{ip: 192.168.34.25, host: pr-hdds-2032-ffkjc-170187842, networkLocation: /default-rack, certSerialId: null}, Type:RATIS, Factor:THREE, State:CLOSED]
org.apache.hadoop.hdds.scm.pipeline.PipelineNotFoundException: PipelineID=1d43f9da-0d5f-41be-945d-473a3addddf6 not found
	at org.apache.hadoop.hdds.scm.pipeline.PipelineStateMap.getPipeline(PipelineStateMap.java:132)
	at org.apache.hadoop.hdds.scm.pipeline.PipelineStateMap.removePipeline(PipelineStateMap.java:322)
	at org.apache.hadoop.hdds.scm.pipeline.PipelineStateManager.removePipeline(PipelineStateManager.java:107)
	at org.apache.hadoop.hdds.scm.pipeline.SCMPipelineManager.removePipeline(SCMPipelineManager.java:423)
	at org.apache.hadoop.hdds.scm.pipeline.SCMPipelineManager.destroyPipeline(SCMPipelineManager.java:409)
	at org.apache.hadoop.hdds.scm.pipeline.SCMPipelineManager.lambda$finalizeAndDestroyPipeline$0(SCMPipelineManager.java:318)
	at org.apache.hadoop.utils.Scheduler.lambda$schedule$1(Scheduler.java:68)
	at java.util.concurrent.Executors$RunnableAdapter.call(Executors.java:511)
	at java.util.concurrent.FutureTask.run(FutureTask.java:266)
	at java.util.concurrent.ScheduledThreadPoolExecutor$ScheduledFutureTask.access$201(ScheduledThreadPoolExecutor.java:180)
	at java.util.concurrent.ScheduledThreadPoolExecutor$ScheduledFutureTask.run(ScheduledThreadPoolExecutor.java:293)
	at java.util.concurrent.ThreadPoolExecutor.runWorker(ThreadPoolExecutor.java:1149)
	at java.util.concurrent.ThreadPoolExecutor$Worker.run(ThreadPoolExecutor.java:624)
	at java.lang.Thread.run(Thread.java:748)
2019-09-10 20:24:25,140 [grpc-default-executor-2] INFO  impl.RaftServerProxy (RaftServerProxy.java:remove(95)) - 6721d19e-fad5-40c6-a99e-1f07fcc56c74: remove group-473A3ADDDDF6:null
2019-09-10 20:24:25,143 [RatisPipelineUtilsThread] WARN  pipeline.RatisPipelineUtils (RatisPipelineUtils.java:destroyPipeline(66)) - Pipeline destroy failed for pipeline=PipelineID=1d43f9da-0d5f-41be-945d-473a3addddf6 dn=6721d19e-fad5-40c6-a99e-1f07fcc56c74{ip: 192.168.34.25, host: pr-hdds-2032-ffkjc-170187842, networkLocation: /default-rack, certSerialId: null}
2019-09-10 20:24:25,146 [grpc-default-executor-2] INFO  impl.RaftServerProxy (RaftServerProxy.java:remove(95)) - 6effdead-13d1-41e6-a2f2-1b6cf88b37a4: remove group-473A3ADDDDF6:null
2019-09-10 20:24:25,148 [RatisPipelineUtilsThread] WARN  pipeline.RatisPipelineUtils (RatisPipelineUtils.java:destroyPipeline(66)) - Pipeline destroy failed for pipeline=PipelineID=1d43f9da-0d5f-41be-945d-473a3addddf6 dn=6effdead-13d1-41e6-a2f2-1b6cf88b37a4{ip: 192.168.34.25, host: pr-hdds-2032-ffkjc-170187842, networkLocation: /default-rack, certSerialId: null}
2019-09-10 20:24:25,150 [grpc-default-executor-2] INFO  impl.RaftServerProxy (RaftServerProxy.java:remove(95)) - 9f3eeb55-1628-4544-b8a1-8f6a6bd18952: remove group-473A3ADDDDF6:null
2019-09-10 20:24:25,152 [RatisPipelineUtilsThread] WARN  pipeline.RatisPipelineUtils (RatisPipelineUtils.java:destroyPipeline(66)) - Pipeline destroy failed for pipeline=PipelineID=1d43f9da-0d5f-41be-945d-473a3addddf6 dn=9f3eeb55-1628-4544-b8a1-8f6a6bd18952{ip: 192.168.34.25, host: pr-hdds-2032-ffkjc-170187842, networkLocation: /default-rack, certSerialId: null}
2019-09-10 20:24:25,153 [RatisPipelineUtilsThread] ERROR pipeline.SCMPipelineManager (Scheduler.java:lambda$schedule$1(70)) - Destroy pipeline failed for pipeline:Pipeline[ Id: 1d43f9da-0d5f-41be-945d-473a3addddf6, Nodes: 6721d19e-fad5-40c6-a99e-1f07fcc56c74{ip: 192.168.34.25, host: pr-hdds-2032-ffkjc-170187842, networkLocation: /default-rack, certSerialId: null}6effdead-13d1-41e6-a2f2-1b6cf88b37a4{ip: 192.168.34.25, host: pr-hdds-2032-ffkjc-170187842, networkLocation: /default-rack, certSerialId: null}9f3eeb55-1628-4544-b8a1-8f6a6bd18952{ip: 192.168.34.25, host: pr-hdds-2032-ffkjc-170187842, networkLocation: /default-rack, certSerialId: null}, Type:RATIS, Factor:THREE, State:CLOSED]
org.apache.hadoop.hdds.scm.pipeline.PipelineNotFoundException: PipelineID=1d43f9da-0d5f-41be-945d-473a3addddf6 not found
	at org.apache.hadoop.hdds.scm.pipeline.PipelineStateMap.getPipeline(PipelineStateMap.java:132)
	at org.apache.hadoop.hdds.scm.pipeline.PipelineStateMap.removePipeline(PipelineStateMap.java:322)
	at org.apache.hadoop.hdds.scm.pipeline.PipelineStateManager.removePipeline(PipelineStateManager.java:107)
	at org.apache.hadoop.hdds.scm.pipeline.SCMPipelineManager.removePipeline(SCMPipelineManager.java:423)
	at org.apache.hadoop.hdds.scm.pipeline.SCMPipelineManager.destroyPipeline(SCMPipelineManager.java:409)
	at org.apache.hadoop.hdds.scm.pipeline.SCMPipelineManager.lambda$finalizeAndDestroyPipeline$0(SCMPipelineManager.java:318)
	at org.apache.hadoop.utils.Scheduler.lambda$schedule$1(Scheduler.java:68)
	at java.util.concurrent.Executors$RunnableAdapter.call(Executors.java:511)
	at java.util.concurrent.FutureTask.run(FutureTask.java:266)
	at java.util.concurrent.ScheduledThreadPoolExecutor$ScheduledFutureTask.access$201(ScheduledThreadPoolExecutor.java:180)
	at java.util.concurrent.ScheduledThreadPoolExecutor$ScheduledFutureTask.run(ScheduledThreadPoolExecutor.java:293)
	at java.util.concurrent.ThreadPoolExecutor.runWorker(ThreadPoolExecutor.java:1149)
	at java.util.concurrent.ThreadPoolExecutor$Worker.run(ThreadPoolExecutor.java:624)
	at java.lang.Thread.run(Thread.java:748)
 0.00% |█                                                                                                    |  0/1 Time: 0:04:182019-09-10 20:24:25,273 [grpc-default-executor-3] INFO  impl.RaftServerProxy (RaftServerProxy.java:remove(95)) - 6721d19e-fad5-40c6-a99e-1f07fcc56c74: remove group-473A3ADDDDF6:null
2019-09-10 20:24:25,279 [RatisPipelineUtilsThread] WARN  pipeline.RatisPipelineUtils (RatisPipelineUtils.java:destroyPipeline(66)) - Pipeline destroy failed for pipeline=PipelineID=1d43f9da-0d5f-41be-945d-473a3addddf6 dn=6721d19e-fad5-40c6-a99e-1f07fcc56c74{ip: 192.168.34.25, host: pr-hdds-2032-ffkjc-170187842, networkLocation: /default-rack, certSerialId: null}
2019-09-10 20:24:25,283 [grpc-default-executor-2] INFO  impl.RaftServerProxy (RaftServerProxy.java:remove(95)) - 6effdead-13d1-41e6-a2f2-1b6cf88b37a4: remove group-473A3ADDDDF6:null
2019-09-10 20:24:25,285 [RatisPipelineUtilsThread] WARN  pipeline.RatisPipelineUtils (RatisPipelineUtils.java:destroyPipeline(66)) - Pipeline destroy failed for pipeline=PipelineID=1d43f9da-0d5f-41be-945d-473a3addddf6 dn=6effdead-13d1-41e6-a2f2-1b6cf88b37a4{ip: 192.168.34.25, host: pr-hdds-2032-ffkjc-170187842, networkLocation: /default-rack, certSerialId: null}
2019-09-10 20:24:25,289 [grpc-default-executor-2] INFO  impl.RaftServerProxy (RaftServerProxy.java:remove(95)) - 9f3eeb55-1628-4544-b8a1-8f6a6bd18952: remove group-473A3ADDDDF6:null
2019-09-10 20:24:25,291 [RatisPipelineUtilsThread] WARN  pipeline.RatisPipelineUtils (RatisPipelineUtils.java:destroyPipeline(66)) - Pipeline destroy failed for pipeline=PipelineID=1d43f9da-0d5f-41be-945d-473a3addddf6 dn=9f3eeb55-1628-4544-b8a1-8f6a6bd18952{ip: 192.168.34.25, host: pr-hdds-2032-ffkjc-170187842, networkLocation: /default-rack, certSerialId: null}
2019-09-10 20:24:25,291 [RatisPipelineUtilsThread] ERROR pipeline.SCMPipelineManager (Scheduler.java:lambda$schedule$1(70)) - Destroy pipeline failed for pipeline:Pipeline[ Id: 1d43f9da-0d5f-41be-945d-473a3addddf6, Nodes: 6721d19e-fad5-40c6-a99e-1f07fcc56c74{ip: 192.168.34.25, host: pr-hdds-2032-ffkjc-170187842, networkLocation: /default-rack, certSerialId: null}6effdead-13d1-41e6-a2f2-1b6cf88b37a4{ip: 192.168.34.25, host: pr-hdds-2032-ffkjc-170187842, networkLocation: /default-rack, certSerialId: null}9f3eeb55-1628-4544-b8a1-8f6a6bd18952{ip: 192.168.34.25, host: pr-hdds-2032-ffkjc-170187842, networkLocation: /default-rack, certSerialId: null}, Type:RATIS, Factor:THREE, State:CLOSED]
org.apache.hadoop.hdds.scm.pipeline.PipelineNotFoundException: PipelineID=1d43f9da-0d5f-41be-945d-473a3addddf6 not found
	at org.apache.hadoop.hdds.scm.pipeline.PipelineStateMap.getPipeline(PipelineStateMap.java:132)
	at org.apache.hadoop.hdds.scm.pipeline.PipelineStateMap.removePipeline(PipelineStateMap.java:322)
	at org.apache.hadoop.hdds.scm.pipeline.PipelineStateManager.removePipeline(PipelineStateManager.java:107)
	at org.apache.hadoop.hdds.scm.pipeline.SCMPipelineManager.removePipeline(SCMPipelineManager.java:423)
	at org.apache.hadoop.hdds.scm.pipeline.SCMPipelineManager.destroyPipeline(SCMPipelineManager.java:409)
	at org.apache.hadoop.hdds.scm.pipeline.SCMPipelineManager.lambda$finalizeAndDestroyPipeline$0(SCMPipelineManager.java:318)
	at org.apache.hadoop.utils.Scheduler.lambda$schedule$1(Scheduler.java:68)
	at java.util.concurrent.Executors$RunnableAdapter.call(Executors.java:511)
	at java.util.concurrent.FutureTask.run(FutureTask.java:266)
	at java.util.concurrent.ScheduledThreadPoolExecutor$ScheduledFutureTask.access$201(ScheduledThreadPoolExecutor.java:180)
	at java.util.concurrent.ScheduledThreadPoolExecutor$ScheduledFutureTask.run(ScheduledThreadPoolExecutor.java:293)
	at java.util.concurrent.ThreadPoolExecutor.runWorker(ThreadPoolExecutor.java:1149)
	at java.util.concurrent.ThreadPoolExecutor$Worker.run(ThreadPoolExecutor.java:624)
	at java.lang.Thread.run(Thread.java:748)
2019-09-10 20:24:25,761 [9f3eeb55-1628-4544-b8a1-8f6a6bd18952@group-EBEE9BAA75A8-SegmentedRaftLogWorker] WARN  segmented.SegmentedRaftLogWorker (SegmentedRaftLogWorker.java:getFromFuture(90)) - Timeout 5/~
org.apache.ratis.protocol.TimeoutIOException: Timeout 10s: WriteLog:17: (t:1, i:17), STATEMACHINELOGENTRY, client-698E40308194, cid=45-writeStateMachineData
	at org.apache.ratis.util.IOUtils.getFromFuture(IOUtils.java:87)
	at org.apache.ratis.server.raftlog.segmented.SegmentedRaftLogWorker$StateMachineDataPolicy.getFromFuture(SegmentedRaftLogWorker.java:87)
	at org.apache.ratis.server.raftlog.segmented.SegmentedRaftLogWorker$WriteLog.execute(SegmentedRaftLogWorker.java:477)
	at org.apache.ratis.server.raftlog.segmented.SegmentedRaftLogWorker.run(SegmentedRaftLogWorker.java:289)
	at java.lang.Thread.run(Thread.java:748)
Caused by: java.util.concurrent.TimeoutException
	at java.util.concurrent.CompletableFuture.timedGet(CompletableFuture.java:1771)
	at java.util.concurrent.CompletableFuture.get(CompletableFuture.java:1915)
	at org.apache.ratis.util.IOUtils.getFromFuture(IOUtils.java:79)
	... 4 more
 0.00% |█                                                                                                    |  0/1 Time: 0:04:192019-09-10 20:24:26,291 [grpc-default-executor-2] INFO  client.GrpcClientProtocolClient (GrpcClientProtocolClient.java:onNext(264)) - client-698E40308194->6721d19e-fad5-40c6-a99e-1f07fcc56c74: receive RaftClientReply:client-698E40308194->6721d19e-fad5-40c6-a99e-1f07fcc56c74@group-EBEE9BAA75A8, cid=45, FAILED org.apache.ratis.protocol.NotLeaderException: Server 6721d19e-fad5-40c6-a99e-1f07fcc56c74@group-EBEE9BAA75A8 is not the leader 9f3eeb55-1628-4544-b8a1-8f6a6bd18952:192.168.34.25:34224, logIndex=0, commits[6721d19e-fad5-40c6-a99e-1f07fcc56c74:c16, 6effdead-13d1-41e6-a2f2-1b6cf88b37a4:c16, 9f3eeb55-1628-4544-b8a1-8f6a6bd18952:c16]
 0.00% |█                                                                                                    |  0/1 Time: 0:04:20 0.00% |█                                                                                                    |  0/1 Time: 0:04:21 0.00% |█                                                                                                    |  0/1 Time: 0:04:22 0.00% |█                                                                                                    |  0/1 Time: 0:04:23 0.00% |█                                                                                                    |  0/1 Time: 0:04:242019-09-10 20:24:31,332 [grpc-default-executor-3] INFO  client.GrpcClientProtocolClient (GrpcClientProtocolClient.java:onNext(264)) - client-698E40308194->6effdead-13d1-41e6-a2f2-1b6cf88b37a4: receive RaftClientReply:client-698E40308194->6effdead-13d1-41e6-a2f2-1b6cf88b37a4@group-EBEE9BAA75A8, cid=45, FAILED org.apache.ratis.protocol.NotLeaderException: Server 6effdead-13d1-41e6-a2f2-1b6cf88b37a4@group-EBEE9BAA75A8 is not the leader 9f3eeb55-1628-4544-b8a1-8f6a6bd18952:192.168.34.25:34224, logIndex=0, commits[6effdead-13d1-41e6-a2f2-1b6cf88b37a4:c16, 6721d19e-fad5-40c6-a99e-1f07fcc56c74:c16, 9f3eeb55-1628-4544-b8a1-8f6a6bd18952:c16]
 0.00% |█                                                                                                    |  0/1 Time: 0:04:25 0.00% |█                                                                                                    |  0/1 Time: 0:04:26 0.00% |█                                                                                                    |  0/1 Time: 0:04:27 0.00% |█                                                                                                    |  0/1 Time: 0:04:282019-09-10 20:24:35,762 [9f3eeb55-1628-4544-b8a1-8f6a6bd18952@group-EBEE9BAA75A8-SegmentedRaftLogWorker] WARN  segmented.SegmentedRaftLogWorker (SegmentedRaftLogWorker.java:getFromFuture(90)) - Timeout 6/~
org.apache.ratis.protocol.TimeoutIOException: Timeout 10s: WriteLog:17: (t:1, i:17), STATEMACHINELOGENTRY, client-698E40308194, cid=45-writeStateMachineData
	at org.apache.ratis.util.IOUtils.getFromFuture(IOUtils.java:87)
	at org.apache.ratis.server.raftlog.segmented.SegmentedRaftLogWorker$StateMachineDataPolicy.getFromFuture(SegmentedRaftLogWorker.java:87)
	at org.apache.ratis.server.raftlog.segmented.SegmentedRaftLogWorker$WriteLog.execute(SegmentedRaftLogWorker.java:477)
	at org.apache.ratis.server.raftlog.segmented.SegmentedRaftLogWorker.run(SegmentedRaftLogWorker.java:289)
	at java.lang.Thread.run(Thread.java:748)
Caused by: java.util.concurrent.TimeoutException
	at java.util.concurrent.CompletableFuture.timedGet(CompletableFuture.java:1771)
	at java.util.concurrent.CompletableFuture.get(CompletableFuture.java:1915)
	at org.apache.ratis.util.IOUtils.getFromFuture(IOUtils.java:79)
	... 4 more
 0.00% |█                                                                                                    |  0/1 Time: 0:04:292019-09-10 20:24:36,387 [grpc-default-executor-3] INFO  client.GrpcClientProtocolClient (GrpcClientProtocolClient.java:onNext(264)) - client-698E40308194->6effdead-13d1-41e6-a2f2-1b6cf88b37a4: receive RaftClientReply:client-698E40308194->6effdead-13d1-41e6-a2f2-1b6cf88b37a4@group-EBEE9BAA75A8, cid=45, FAILED org.apache.ratis.protocol.NotLeaderException: Server 6effdead-13d1-41e6-a2f2-1b6cf88b37a4@group-EBEE9BAA75A8 is not the leader 9f3eeb55-1628-4544-b8a1-8f6a6bd18952:192.168.34.25:34224, logIndex=0, commits[6effdead-13d1-41e6-a2f2-1b6cf88b37a4:c16, 6721d19e-fad5-40c6-a99e-1f07fcc56c74:c16, 9f3eeb55-1628-4544-b8a1-8f6a6bd18952:c16]
 0.00% |█                                                                                                    |  0/1 Time: 0:04:30 0.00% |█                                                                                                    |  0/1 Time: 0:04:31 0.00% |█                                                                                                    |  0/1 Time: 0:04:32 0.00% |█                                                                                                    |  0/1 Time: 0:04:33 0.00% |█                                                                                                    |  0/1 Time: 0:04:342019-09-10 20:24:41,432 [grpc-default-executor-4] INFO  client.GrpcClientProtocolClient (GrpcClientProtocolClient.java:onNext(264)) - client-698E40308194->6721d19e-fad5-40c6-a99e-1f07fcc56c74: receive RaftClientReply:client-698E40308194->6721d19e-fad5-40c6-a99e-1f07fcc56c74@group-EBEE9BAA75A8, cid=45, FAILED org.apache.ratis.protocol.NotLeaderException: Server 6721d19e-fad5-40c6-a99e-1f07fcc56c74@group-EBEE9BAA75A8 is not the leader 9f3eeb55-1628-4544-b8a1-8f6a6bd18952:192.168.34.25:34224, logIndex=0, commits[6721d19e-fad5-40c6-a99e-1f07fcc56c74:c16, 6effdead-13d1-41e6-a2f2-1b6cf88b37a4:c16, 9f3eeb55-1628-4544-b8a1-8f6a6bd18952:c16]
 0.00% |█                                                                                                    |  0/1 Time: 0:04:35 0.00% |█                                                                                                    |  0/1 Time: 0:04:36 0.00% |█                                                                                                    |  0/1 Time: 0:04:37 0.00% |█                                                                                                    |  0/1 Time: 0:04:382019-09-10 20:24:45,764 [9f3eeb55-1628-4544-b8a1-8f6a6bd18952@group-EBEE9BAA75A8-SegmentedRaftLogWorker] WARN  segmented.SegmentedRaftLogWorker (SegmentedRaftLogWorker.java:getFromFuture(90)) - Timeout 7/~
org.apache.ratis.protocol.TimeoutIOException: Timeout 10s: WriteLog:17: (t:1, i:17), STATEMACHINELOGENTRY, client-698E40308194, cid=45-writeStateMachineData
	at org.apache.ratis.util.IOUtils.getFromFuture(IOUtils.java:87)
	at org.apache.ratis.server.raftlog.segmented.SegmentedRaftLogWorker$StateMachineDataPolicy.getFromFuture(SegmentedRaftLogWorker.java:87)
	at org.apache.ratis.server.raftlog.segmented.SegmentedRaftLogWorker$WriteLog.execute(SegmentedRaftLogWorker.java:477)
	at org.apache.ratis.server.raftlog.segmented.SegmentedRaftLogWorker.run(SegmentedRaftLogWorker.java:289)
	at java.lang.Thread.run(Thread.java:748)
Caused by: java.util.concurrent.TimeoutException
	at java.util.concurrent.CompletableFuture.timedGet(CompletableFuture.java:1771)
	at java.util.concurrent.CompletableFuture.get(CompletableFuture.java:1915)
	at org.apache.ratis.util.IOUtils.getFromFuture(IOUtils.java:79)
	... 4 more
 0.00% |█                                                                                                    |  0/1 Time: 0:04:392019-09-10 20:24:46,470 [grpc-default-executor-4] INFO  client.GrpcClientProtocolClient (GrpcClientProtocolClient.java:onNext(264)) - client-698E40308194->6721d19e-fad5-40c6-a99e-1f07fcc56c74: receive RaftClientReply:client-698E40308194->6721d19e-fad5-40c6-a99e-1f07fcc56c74@group-EBEE9BAA75A8, cid=45, FAILED org.apache.ratis.protocol.NotLeaderException: Server 6721d19e-fad5-40c6-a99e-1f07fcc56c74@group-EBEE9BAA75A8 is not the leader 9f3eeb55-1628-4544-b8a1-8f6a6bd18952:192.168.34.25:34224, logIndex=0, commits[6721d19e-fad5-40c6-a99e-1f07fcc56c74:c16, 6effdead-13d1-41e6-a2f2-1b6cf88b37a4:c16, 9f3eeb55-1628-4544-b8a1-8f6a6bd18952:c16]
 0.00% |█                                                                                                    |  0/1 Time: 0:04:40 0.00% |█                                                                                                    |  0/1 Time: 0:04:41 0.00% |█                                                                                                    |  0/1 Time: 0:04:42 0.00% |█                                                                                                    |  0/1 Time: 0:04:43 0.00% |█                                                                                                    |  0/1 Time: 0:04:442019-09-10 20:24:51,505 [grpc-default-executor-2] INFO  client.GrpcClientProtocolClient (GrpcClientProtocolClient.java:onNext(264)) - client-698E40308194->6721d19e-fad5-40c6-a99e-1f07fcc56c74: receive RaftClientReply:client-698E40308194->6721d19e-fad5-40c6-a99e-1f07fcc56c74@group-EBEE9BAA75A8, cid=45, FAILED org.apache.ratis.protocol.NotLeaderException: Server 6721d19e-fad5-40c6-a99e-1f07fcc56c74@group-EBEE9BAA75A8 is not the leader 9f3eeb55-1628-4544-b8a1-8f6a6bd18952:192.168.34.25:34224, logIndex=0, commits[6721d19e-fad5-40c6-a99e-1f07fcc56c74:c16, 6effdead-13d1-41e6-a2f2-1b6cf88b37a4:c16, 9f3eeb55-1628-4544-b8a1-8f6a6bd18952:c16]
 0.00% |█                                                                                                    |  0/1 Time: 0:04:45 0.00% |█                                                                                                    |  0/1 Time: 0:04:46 0.00% |█                                                                                                    |  0/1 Time: 0:04:47 0.00% |█                                                                                                    |  0/1 Time: 0:04:482019-09-10 20:24:55,765 [9f3eeb55-1628-4544-b8a1-8f6a6bd18952@group-EBEE9BAA75A8-SegmentedRaftLogWorker] WARN  segmented.SegmentedRaftLogWorker (SegmentedRaftLogWorker.java:getFromFuture(90)) - Timeout 8/~
org.apache.ratis.protocol.TimeoutIOException: Timeout 10s: WriteLog:17: (t:1, i:17), STATEMACHINELOGENTRY, client-698E40308194, cid=45-writeStateMachineData
	at org.apache.ratis.util.IOUtils.getFromFuture(IOUtils.java:87)
	at org.apache.ratis.server.raftlog.segmented.SegmentedRaftLogWorker$StateMachineDataPolicy.getFromFuture(SegmentedRaftLogWorker.java:87)
	at org.apache.ratis.server.raftlog.segmented.SegmentedRaftLogWorker$WriteLog.execute(SegmentedRaftLogWorker.java:477)
	at org.apache.ratis.server.raftlog.segmented.SegmentedRaftLogWorker.run(SegmentedRaftLogWorker.java:289)
	at java.lang.Thread.run(Thread.java:748)
Caused by: java.util.concurrent.TimeoutException
	at java.util.concurrent.CompletableFuture.timedGet(CompletableFuture.java:1771)
	at java.util.concurrent.CompletableFuture.get(CompletableFuture.java:1915)
	at org.apache.ratis.util.IOUtils.getFromFuture(IOUtils.java:79)
	... 4 more
 0.00% |█                                                                                                    |  0/1 Time: 0:04:492019-09-10 20:24:56,539 [grpc-default-executor-2] INFO  client.GrpcClientProtocolClient (GrpcClientProtocolClient.java:onNext(264)) - client-698E40308194->6effdead-13d1-41e6-a2f2-1b6cf88b37a4: receive RaftClientReply:client-698E40308194->6effdead-13d1-41e6-a2f2-1b6cf88b37a4@group-EBEE9BAA75A8, cid=45, FAILED org.apache.ratis.protocol.NotLeaderException: Server 6effdead-13d1-41e6-a2f2-1b6cf88b37a4@group-EBEE9BAA75A8 is not the leader 9f3eeb55-1628-4544-b8a1-8f6a6bd18952:192.168.34.25:34224, logIndex=0, commits[6effdead-13d1-41e6-a2f2-1b6cf88b37a4:c16, 6721d19e-fad5-40c6-a99e-1f07fcc56c74:c16, 9f3eeb55-1628-4544-b8a1-8f6a6bd18952:c16]
 0.00% |█                                                                                                    |  0/1 Time: 0:04:50 0.00% |█                                                                                                    |  0/1 Time: 0:04:51 0.00% |█                                                                                                    |  0/1 Time: 0:04:52 0.00% |█                                                                                                    |  0/1 Time: 0:04:53 0.00% |█                                                                                                    |  0/1 Time: 0:04:542019-09-10 20:25:01,576 [grpc-default-executor-2] INFO  client.GrpcClientProtocolClient (GrpcClientProtocolClient.java:onNext(264)) - client-698E40308194->6721d19e-fad5-40c6-a99e-1f07fcc56c74: receive RaftClientReply:client-698E40308194->6721d19e-fad5-40c6-a99e-1f07fcc56c74@group-EBEE9BAA75A8, cid=45, FAILED org.apache.ratis.protocol.NotLeaderException: Server 6721d19e-fad5-40c6-a99e-1f07fcc56c74@group-EBEE9BAA75A8 is not the leader 9f3eeb55-1628-4544-b8a1-8f6a6bd18952:192.168.34.25:34224, logIndex=0, commits[6721d19e-fad5-40c6-a99e-1f07fcc56c74:c16, 6effdead-13d1-41e6-a2f2-1b6cf88b37a4:c16, 9f3eeb55-1628-4544-b8a1-8f6a6bd18952:c16]
 0.00% |█                                                                                                    |  0/1 Time: 0:04:55 0.00% |█                                                                                                    |  0/1 Time: 0:04:56 0.00% |█                                                                                                    |  0/1 Time: 0:04:57 0.00% |█                                                                                                    |  0/1 Time: 0:04:582019-09-10 20:25:05,766 [9f3eeb55-1628-4544-b8a1-8f6a6bd18952@group-EBEE9BAA75A8-SegmentedRaftLogWorker] WARN  segmented.SegmentedRaftLogWorker (SegmentedRaftLogWorker.java:getFromFuture(90)) - Timeout 9/~
org.apache.ratis.protocol.TimeoutIOException: Timeout 10s: WriteLog:17: (t:1, i:17), STATEMACHINELOGENTRY, client-698E40308194, cid=45-writeStateMachineData
	at org.apache.ratis.util.IOUtils.getFromFuture(IOUtils.java:87)
	at org.apache.ratis.server.raftlog.segmented.SegmentedRaftLogWorker$StateMachineDataPolicy.getFromFuture(SegmentedRaftLogWorker.java:87)
	at org.apache.ratis.server.raftlog.segmented.SegmentedRaftLogWorker$WriteLog.execute(SegmentedRaftLogWorker.java:477)
	at org.apache.ratis.server.raftlog.segmented.SegmentedRaftLogWorker.run(SegmentedRaftLogWorker.java:289)
	at java.lang.Thread.run(Thread.java:748)
Caused by: java.util.concurrent.TimeoutException
	at java.util.concurrent.CompletableFuture.timedGet(CompletableFuture.java:1771)
	at java.util.concurrent.CompletableFuture.get(CompletableFuture.java:1915)
	at org.apache.ratis.util.IOUtils.getFromFuture(IOUtils.java:79)
	... 4 more
 0.00% |█                                                                                                    |  0/1 Time: 0:04:592019-09-10 20:25:06,613 [grpc-default-executor-4] INFO  client.GrpcClientProtocolClient (GrpcClientProtocolClient.java:onNext(264)) - client-698E40308194->6721d19e-fad5-40c6-a99e-1f07fcc56c74: receive RaftClientReply:client-698E40308194->6721d19e-fad5-40c6-a99e-1f07fcc56c74@group-EBEE9BAA75A8, cid=45, FAILED org.apache.ratis.protocol.NotLeaderException: Server 6721d19e-fad5-40c6-a99e-1f07fcc56c74@group-EBEE9BAA75A8 is not the leader 9f3eeb55-1628-4544-b8a1-8f6a6bd18952:192.168.34.25:34224, logIndex=0, commits[6721d19e-fad5-40c6-a99e-1f07fcc56c74:c16, 6effdead-13d1-41e6-a2f2-1b6cf88b37a4:c16, 9f3eeb55-1628-4544-b8a1-8f6a6bd18952:c16]
 0.00% |█                                                                                                    |  0/1 Time: 0:05:002019-09-10 20:25:08,153 [ReplicationMonitor] INFO  container.ReplicationManager (ReplicationManager.java:forceCloseContainer(464)) - Force closing container #1 with BCSID 12, which is in QUASI_CLOSED state.
2019-09-10 20:25:08,155 [ReplicationMonitor] INFO  container.ReplicationManager (ReplicationManager.java:sendCloseCommand(659)) - Sending close container command for container #1 to datanode 6effdead-13d1-41e6-a2f2-1b6cf88b37a4{ip: 192.168.34.25, host: pr-hdds-2032-ffkjc-170187842, networkLocation: /default-rack, certSerialId: null}.
2019-09-10 20:25:08,156 [ReplicationMonitor] INFO  container.ReplicationManager (ReplicationManager.java:sendCloseCommand(659)) - Sending close container command for container #1 to datanode 6721d19e-fad5-40c6-a99e-1f07fcc56c74{ip: 192.168.34.25, host: pr-hdds-2032-ffkjc-170187842, networkLocation: /default-rack, certSerialId: null}.
2019-09-10 20:25:08,156 [ReplicationMonitor] INFO  container.ReplicationManager (ReplicationManager.java:sendCloseCommand(659)) - Sending close container command for container #1 to datanode 9f3eeb55-1628-4544-b8a1-8f6a6bd18952{ip: 192.168.34.25, host: pr-hdds-2032-ffkjc-170187842, networkLocation: /default-rack, certSerialId: null}.
2019-09-10 20:25:08,156 [ReplicationMonitor] INFO  container.ReplicationManager (ReplicationManager.java:forceCloseContainer(464)) - Force closing container #2 with BCSID 0, which is in QUASI_CLOSED state.
2019-09-10 20:25:08,157 [ReplicationMonitor] INFO  container.ReplicationManager (ReplicationManager.java:sendCloseCommand(659)) - Sending close container command for container #2 to datanode 9f3eeb55-1628-4544-b8a1-8f6a6bd18952{ip: 192.168.34.25, host: pr-hdds-2032-ffkjc-170187842, networkLocation: /default-rack, certSerialId: null}.
2019-09-10 20:25:08,157 [ReplicationMonitor] INFO  container.ReplicationManager (ReplicationManager.java:sendCloseCommand(659)) - Sending close container command for container #2 to datanode 6effdead-13d1-41e6-a2f2-1b6cf88b37a4{ip: 192.168.34.25, host: pr-hdds-2032-ffkjc-170187842, networkLocation: /default-rack, certSerialId: null}.
2019-09-10 20:25:08,157 [ReplicationMonitor] INFO  container.ReplicationManager (ReplicationManager.java:sendCloseCommand(659)) - Sending close container command for container #2 to datanode 6721d19e-fad5-40c6-a99e-1f07fcc56c74{ip: 192.168.34.25, host: pr-hdds-2032-ffkjc-170187842, networkLocation: /default-rack, certSerialId: null}.
2019-09-10 20:25:08,158 [ReplicationMonitor] INFO  container.ReplicationManager (ReplicationManager.java:run(225)) - Replication Monitor Thread took 12 milliseconds for processing 5 containers.
 0.00% |█                                                                                                    |  0/1 Time: 0:05:01 0.00% |█                                                                                                    |  0/1 Time: 0:05:022019-09-10 20:25:09,886 [Command processor thread] INFO  interfaces.Container (KeyValueContainer.java:flushAndSyncDB(384)) - Container 1 is synced with bcsId 12.
2019-09-10 20:25:09,888 [Command processor thread] INFO  interfaces.Container (KeyValueContainer.java:flushAndSyncDB(384)) - Container 1 is synced with bcsId 12.
2019-09-10 20:25:09,905 [Command processor thread] INFO  interfaces.Container (KeyValueContainer.java:close(333)) - Container 1 is closed with bcsId 12.
2019-09-10 20:25:09,905 [Command processor thread] INFO  interfaces.Container (KeyValueContainer.java:flushAndSyncDB(384)) - Container 2 is synced with bcsId 0.
2019-09-10 20:25:09,905 [Command processor thread] INFO  interfaces.Container (KeyValueContainer.java:flushAndSyncDB(384)) - Container 2 is synced with bcsId 0.
2019-09-10 20:25:09,906 [EventQueue-IncrementalContainerReportForIncrementalContainerReportHandler] INFO  container.IncrementalContainerReportHandler (AbstractContainerReportHandler.java:updateContainerState(202)) - Moving container #1 to CLOSED state, datanode 6721d19e-fad5-40c6-a99e-1f07fcc56c74{ip: 192.168.34.25, host: pr-hdds-2032-ffkjc-170187842, networkLocation: /default-rack, certSerialId: null} reported CLOSED replica.
2019-09-10 20:25:09,921 [Command processor thread] INFO  interfaces.Container (KeyValueContainer.java:close(333)) - Container 2 is closed with bcsId 0.
2019-09-10 20:25:09,922 [EventQueue-IncrementalContainerReportForIncrementalContainerReportHandler] INFO  container.IncrementalContainerReportHandler (AbstractContainerReportHandler.java:updateContainerState(202)) - Moving container #2 to CLOSED state, datanode 6721d19e-fad5-40c6-a99e-1f07fcc56c74{ip: 192.168.34.25, host: pr-hdds-2032-ffkjc-170187842, networkLocation: /default-rack, certSerialId: null} reported CLOSED replica.
 0.00% |█                                                                                                    |  0/1 Time: 0:05:032019-09-10 20:25:10,893 [Command processor thread] INFO  interfaces.Container (KeyValueContainer.java:flushAndSyncDB(384)) - Container 1 is synced with bcsId 12.
2019-09-10 20:25:10,894 [Command processor thread] INFO  interfaces.Container (KeyValueContainer.java:flushAndSyncDB(384)) - Container 1 is synced with bcsId 12.
2019-09-10 20:25:10,895 [Command processor thread] INFO  interfaces.Container (KeyValueContainer.java:flushAndSyncDB(384)) - Container 1 is synced with bcsId 12.
2019-09-10 20:25:10,895 [Command processor thread] INFO  interfaces.Container (KeyValueContainer.java:flushAndSyncDB(384)) - Container 1 is synced with bcsId 12.
2019-09-10 20:25:10,927 [Command processor thread] INFO  interfaces.Container (KeyValueContainer.java:close(333)) - Container 1 is closed with bcsId 12.
2019-09-10 20:25:10,927 [Command processor thread] INFO  interfaces.Container (KeyValueContainer.java:close(333)) - Container 1 is closed with bcsId 12.
2019-09-10 20:25:10,928 [Command processor thread] INFO  interfaces.Container (KeyValueContainer.java:flushAndSyncDB(384)) - Container 2 is synced with bcsId 0.
2019-09-10 20:25:10,928 [Command processor thread] INFO  interfaces.Container (KeyValueContainer.java:flushAndSyncDB(384)) - Container 2 is synced with bcsId 0.
2019-09-10 20:25:10,928 [Command processor thread] INFO  interfaces.Container (KeyValueContainer.java:flushAndSyncDB(384)) - Container 2 is synced with bcsId 0.
2019-09-10 20:25:10,928 [Command processor thread] INFO  interfaces.Container (KeyValueContainer.java:flushAndSyncDB(384)) - Container 2 is synced with bcsId 0.
2019-09-10 20:25:10,943 [Command processor thread] INFO  interfaces.Container (KeyValueContainer.java:close(333)) - Container 2 is closed with bcsId 0.
2019-09-10 20:25:10,943 [Command processor thread] INFO  interfaces.Container (KeyValueContainer.java:close(333)) - Container 2 is closed with bcsId 0.
 0.00% |█                                                                                                    |  0/1 Time: 0:05:042019-09-10 20:25:11,652 [grpc-default-executor-2] INFO  client.GrpcClientProtocolClient (GrpcClientProtocolClient.java:onNext(264)) - client-698E40308194->6effdead-13d1-41e6-a2f2-1b6cf88b37a4: receive RaftClientReply:client-698E40308194->6effdead-13d1-41e6-a2f2-1b6cf88b37a4@group-EBEE9BAA75A8, cid=45, FAILED org.apache.ratis.protocol.NotLeaderException: Server 6effdead-13d1-41e6-a2f2-1b6cf88b37a4@group-EBEE9BAA75A8 is not the leader 9f3eeb55-1628-4544-b8a1-8f6a6bd18952:192.168.34.25:34224, logIndex=0, commits[6effdead-13d1-41e6-a2f2-1b6cf88b37a4:c16, 6721d19e-fad5-40c6-a99e-1f07fcc56c74:c16, 9f3eeb55-1628-4544-b8a1-8f6a6bd18952:c16]
 0.00% |█                                                                                                    |  0/1 Time: 0:05:05 0.00% |█                                                                                                    |  0/1 Time: 0:05:06 0.00% |█                                                                                                    |  0/1 Time: 0:05:07 0.00% |█                                                                                                    |  0/1 Time: 0:05:082019-09-10 20:25:15,769 [9f3eeb55-1628-4544-b8a1-8f6a6bd18952@group-EBEE9BAA75A8-SegmentedRaftLogWorker] WARN  segmented.SegmentedRaftLogWorker (SegmentedRaftLogWorker.java:getFromFuture(90)) - Timeout 10/~
org.apache.ratis.protocol.TimeoutIOException: Timeout 10s: WriteLog:17: (t:1, i:17), STATEMACHINELOGENTRY, client-698E40308194, cid=45-writeStateMachineData
	at org.apache.ratis.util.IOUtils.getFromFuture(IOUtils.java:87)
	at org.apache.ratis.server.raftlog.segmented.SegmentedRaftLogWorker$StateMachineDataPolicy.getFromFuture(SegmentedRaftLogWorker.java:87)
	at org.apache.ratis.server.raftlog.segmented.SegmentedRaftLogWorker$WriteLog.execute(SegmentedRaftLogWorker.java:477)
	at org.apache.ratis.server.raftlog.segmented.SegmentedRaftLogWorker.run(SegmentedRaftLogWorker.java:289)
	at java.lang.Thread.run(Thread.java:748)
Caused by: java.util.concurrent.TimeoutException
	at java.util.concurrent.CompletableFuture.timedGet(CompletableFuture.java:1771)
	at java.util.concurrent.CompletableFuture.get(CompletableFuture.java:1915)
	at org.apache.ratis.util.IOUtils.getFromFuture(IOUtils.java:79)
	... 4 more
 0.00% |█                                                                                                    |  0/1 Time: 0:05:092019-09-10 20:25:16,701 [grpc-default-executor-2] INFO  client.GrpcClientProtocolClient (GrpcClientProtocolClient.java:onNext(264)) - client-698E40308194->6721d19e-fad5-40c6-a99e-1f07fcc56c74: receive RaftClientReply:client-698E40308194->6721d19e-fad5-40c6-a99e-1f07fcc56c74@group-EBEE9BAA75A8, cid=45, FAILED org.apache.ratis.protocol.NotLeaderException: Server 6721d19e-fad5-40c6-a99e-1f07fcc56c74@group-EBEE9BAA75A8 is not the leader 9f3eeb55-1628-4544-b8a1-8f6a6bd18952:192.168.34.25:34224, logIndex=0, commits[6721d19e-fad5-40c6-a99e-1f07fcc56c74:c16, 6effdead-13d1-41e6-a2f2-1b6cf88b37a4:c16, 9f3eeb55-1628-4544-b8a1-8f6a6bd18952:c16]
 0.00% |█                                                                                                    |  0/1 Time: 0:05:10 0.00% |█                                                                                                    |  0/1 Time: 0:05:11 0.00% |█                                                                                                    |  0/1 Time: 0:05:12 0.00% |█                                                                                                    |  0/1 Time: 0:05:13 0.00% |█                                                                                                    |  0/1 Time: 0:05:142019-09-10 20:25:21,738 [grpc-default-executor-4] INFO  client.GrpcClientProtocolClient (GrpcClientProtocolClient.java:onNext(264)) - client-698E40308194->6721d19e-fad5-40c6-a99e-1f07fcc56c74: receive RaftClientReply:client-698E40308194->6721d19e-fad5-40c6-a99e-1f07fcc56c74@group-EBEE9BAA75A8, cid=45, FAILED org.apache.ratis.protocol.NotLeaderException: Server 6721d19e-fad5-40c6-a99e-1f07fcc56c74@group-EBEE9BAA75A8 is not the leader 9f3eeb55-1628-4544-b8a1-8f6a6bd18952:192.168.34.25:34224, logIndex=0, commits[6721d19e-fad5-40c6-a99e-1f07fcc56c74:c16, 6effdead-13d1-41e6-a2f2-1b6cf88b37a4:c16, 9f3eeb55-1628-4544-b8a1-8f6a6bd18952:c16]
 0.00% |█                                                                                                    |  0/1 Time: 0:05:15 0.00% |█                                                                                                    |  0/1 Time: 0:05:16 0.00% |█                                                                                                    |  0/1 Time: 0:05:17 0.00% |█                                                                                                    |  0/1 Time: 0:05:182019-09-10 20:25:25,770 [9f3eeb55-1628-4544-b8a1-8f6a6bd18952@group-EBEE9BAA75A8-SegmentedRaftLogWorker] WARN  segmented.SegmentedRaftLogWorker (SegmentedRaftLogWorker.java:getFromFuture(90)) - Timeout 11/~
org.apache.ratis.protocol.TimeoutIOException: Timeout 10s: WriteLog:17: (t:1, i:17), STATEMACHINELOGENTRY, client-698E40308194, cid=45-writeStateMachineData
	at org.apache.ratis.util.IOUtils.getFromFuture(IOUtils.java:87)
	at org.apache.ratis.server.raftlog.segmented.SegmentedRaftLogWorker$StateMachineDataPolicy.getFromFuture(SegmentedRaftLogWorker.java:87)
	at org.apache.ratis.server.raftlog.segmented.SegmentedRaftLogWorker$WriteLog.execute(SegmentedRaftLogWorker.java:477)
	at org.apache.ratis.server.raftlog.segmented.SegmentedRaftLogWorker.run(SegmentedRaftLogWorker.java:289)
	at java.lang.Thread.run(Thread.java:748)
Caused by: java.util.concurrent.TimeoutException
	at java.util.concurrent.CompletableFuture.timedGet(CompletableFuture.java:1771)
	at java.util.concurrent.CompletableFuture.get(CompletableFuture.java:1915)
	at org.apache.ratis.util.IOUtils.getFromFuture(IOUtils.java:79)
	... 4 more
 0.00% |█                                                                                                    |  0/1 Time: 0:05:192019-09-10 20:25:26,768 [grpc-default-executor-3] INFO  client.GrpcClientProtocolClient (GrpcClientProtocolClient.java:onNext(264)) - client-698E40308194->6effdead-13d1-41e6-a2f2-1b6cf88b37a4: receive RaftClientReply:client-698E40308194->6effdead-13d1-41e6-a2f2-1b6cf88b37a4@group-EBEE9BAA75A8, cid=45, FAILED org.apache.ratis.protocol.NotLeaderException: Server 6effdead-13d1-41e6-a2f2-1b6cf88b37a4@group-EBEE9BAA75A8 is not the leader 9f3eeb55-1628-4544-b8a1-8f6a6bd18952:192.168.34.25:34224, logIndex=0, commits[6effdead-13d1-41e6-a2f2-1b6cf88b37a4:c16, 6721d19e-fad5-40c6-a99e-1f07fcc56c74:c16, 9f3eeb55-1628-4544-b8a1-8f6a6bd18952:c16]
 0.00% |█                                                                                                    |  0/1 Time: 0:05:20 0.00% |█                                                                                                    |  0/1 Time: 0:05:21 0.00% |█                                                                                                    |  0/1 Time: 0:05:22 0.00% |█                                                                                                    |  0/1 Time: 0:05:23 0.00% |█                                                                                                    |  0/1 Time: 0:05:242019-09-10 20:25:31,830 [grpc-default-executor-4] INFO  client.GrpcClientProtocolClient (GrpcClientProtocolClient.java:onNext(264)) - client-698E40308194->6effdead-13d1-41e6-a2f2-1b6cf88b37a4: receive RaftClientReply:client-698E40308194->6effdead-13d1-41e6-a2f2-1b6cf88b37a4@group-EBEE9BAA75A8, cid=45, FAILED org.apache.ratis.protocol.NotLeaderException: Server 6effdead-13d1-41e6-a2f2-1b6cf88b37a4@group-EBEE9BAA75A8 is not the leader 9f3eeb55-1628-4544-b8a1-8f6a6bd18952:192.168.34.25:34224, logIndex=0, commits[6effdead-13d1-41e6-a2f2-1b6cf88b37a4:c16, 6721d19e-fad5-40c6-a99e-1f07fcc56c74:c16, 9f3eeb55-1628-4544-b8a1-8f6a6bd18952:c16]
 0.00% |█                                                                                                    |  0/1 Time: 0:05:25 0.00% |█                                                                                                    |  0/1 Time: 0:05:26 0.00% |█                                                                                                    |  0/1 Time: 0:05:27 0.00% |█                                                                                                    |  0/1 Time: 0:05:282019-09-10 20:25:35,772 [9f3eeb55-1628-4544-b8a1-8f6a6bd18952@group-EBEE9BAA75A8-SegmentedRaftLogWorker] WARN  segmented.SegmentedRaftLogWorker (SegmentedRaftLogWorker.java:getFromFuture(90)) - Timeout 12/~
org.apache.ratis.protocol.TimeoutIOException: Timeout 10s: WriteLog:17: (t:1, i:17), STATEMACHINELOGENTRY, client-698E40308194, cid=45-writeStateMachineData
	at org.apache.ratis.util.IOUtils.getFromFuture(IOUtils.java:87)
	at org.apache.ratis.server.raftlog.segmented.SegmentedRaftLogWorker$StateMachineDataPolicy.getFromFuture(SegmentedRaftLogWorker.java:87)
	at org.apache.ratis.server.raftlog.segmented.SegmentedRaftLogWorker$WriteLog.execute(SegmentedRaftLogWorker.java:477)
	at org.apache.ratis.server.raftlog.segmented.SegmentedRaftLogWorker.run(SegmentedRaftLogWorker.java:289)
	at java.lang.Thread.run(Thread.java:748)
Caused by: java.util.concurrent.TimeoutException
	at java.util.concurrent.CompletableFuture.timedGet(CompletableFuture.java:1771)
	at java.util.concurrent.CompletableFuture.get(CompletableFuture.java:1915)
	at org.apache.ratis.util.IOUtils.getFromFuture(IOUtils.java:79)
	... 4 more
 0.00% |█                                                                                                    |  0/1 Time: 0:05:292019-09-10 20:25:36,889 [grpc-default-executor-4] INFO  client.GrpcClientProtocolClient (GrpcClientProtocolClient.java:onNext(264)) - client-698E40308194->6721d19e-fad5-40c6-a99e-1f07fcc56c74: receive RaftClientReply:client-698E40308194->6721d19e-fad5-40c6-a99e-1f07fcc56c74@group-EBEE9BAA75A8, cid=45, FAILED org.apache.ratis.protocol.NotLeaderException: Server 6721d19e-fad5-40c6-a99e-1f07fcc56c74@group-EBEE9BAA75A8 is not the leader 9f3eeb55-1628-4544-b8a1-8f6a6bd18952:192.168.34.25:34224, logIndex=0, commits[6721d19e-fad5-40c6-a99e-1f07fcc56c74:c16, 6effdead-13d1-41e6-a2f2-1b6cf88b37a4:c16, 9f3eeb55-1628-4544-b8a1-8f6a6bd18952:c16]
 0.00% |█                                                                                                    |  0/1 Time: 0:05:30 0.00% |█                                                                                                    |  0/1 Time: 0:05:31 0.00% |█                                                                                                    |  0/1 Time: 0:05:32 0.00% |█                                                                                                    |  0/1 Time: 0:05:33 0.00% |█                                                                                                    |  0/1 Time: 0:05:342019-09-10 20:25:41,920 [grpc-default-executor-2] INFO  client.GrpcClientProtocolClient (GrpcClientProtocolClient.java:onNext(264)) - client-698E40308194->6721d19e-fad5-40c6-a99e-1f07fcc56c74: receive RaftClientReply:client-698E40308194->6721d19e-fad5-40c6-a99e-1f07fcc56c74@group-EBEE9BAA75A8, cid=45, FAILED org.apache.ratis.protocol.NotLeaderException: Server 6721d19e-fad5-40c6-a99e-1f07fcc56c74@group-EBEE9BAA75A8 is not the leader 9f3eeb55-1628-4544-b8a1-8f6a6bd18952:192.168.34.25:34224, logIndex=0, commits[6721d19e-fad5-40c6-a99e-1f07fcc56c74:c16, 6effdead-13d1-41e6-a2f2-1b6cf88b37a4:c16, 9f3eeb55-1628-4544-b8a1-8f6a6bd18952:c16]
 0.00% |█                                                                                                    |  0/1 Time: 0:05:35 0.00% |█                                                                                                    |  0/1 Time: 0:05:36 0.00% |█                                                                                                    |  0/1 Time: 0:05:37 0.00% |█                                                                                                    |  0/1 Time: 0:05:382019-09-10 20:25:45,774 [9f3eeb55-1628-4544-b8a1-8f6a6bd18952@group-EBEE9BAA75A8-SegmentedRaftLogWorker] WARN  segmented.SegmentedRaftLogWorker (SegmentedRaftLogWorker.java:getFromFuture(90)) - Timeout 13/~
org.apache.ratis.protocol.TimeoutIOException: Timeout 10s: WriteLog:17: (t:1, i:17), STATEMACHINELOGENTRY, client-698E40308194, cid=45-writeStateMachineData
	at org.apache.ratis.util.IOUtils.getFromFuture(IOUtils.java:87)
	at org.apache.ratis.server.raftlog.segmented.SegmentedRaftLogWorker$StateMachineDataPolicy.getFromFuture(SegmentedRaftLogWorker.java:87)
	at org.apache.ratis.server.raftlog.segmented.SegmentedRaftLogWorker$WriteLog.execute(SegmentedRaftLogWorker.java:477)
	at org.apache.ratis.server.raftlog.segmented.SegmentedRaftLogWorker.run(SegmentedRaftLogWorker.java:289)
	at java.lang.Thread.run(Thread.java:748)
Caused by: java.util.concurrent.TimeoutException
	at java.util.concurrent.CompletableFuture.timedGet(CompletableFuture.java:1771)
	at java.util.concurrent.CompletableFuture.get(CompletableFuture.java:1915)
	at org.apache.ratis.util.IOUtils.getFromFuture(IOUtils.java:79)
	... 4 more
 0.00% |█                                                                                                    |  0/1 Time: 0:05:392019-09-10 20:25:46,960 [grpc-default-executor-2] INFO  client.GrpcClientProtocolClient (GrpcClientProtocolClient.java:onNext(264)) - client-698E40308194->6effdead-13d1-41e6-a2f2-1b6cf88b37a4: receive RaftClientReply:client-698E40308194->6effdead-13d1-41e6-a2f2-1b6cf88b37a4@group-EBEE9BAA75A8, cid=45, FAILED org.apache.ratis.protocol.NotLeaderException: Server 6effdead-13d1-41e6-a2f2-1b6cf88b37a4@group-EBEE9BAA75A8 is not the leader 9f3eeb55-1628-4544-b8a1-8f6a6bd18952:192.168.34.25:34224, logIndex=0, commits[6effdead-13d1-41e6-a2f2-1b6cf88b37a4:c16, 6721d19e-fad5-40c6-a99e-1f07fcc56c74:c16, 9f3eeb55-1628-4544-b8a1-8f6a6bd18952:c16]
 0.00% |█                                                                                                    |  0/1 Time: 0:05:40 0.00% |█                                                                                                    |  0/1 Time: 0:05:41 0.00% |█                                                                                                    |  0/1 Time: 0:05:42 0.00% |█                                                                                                    |  0/1 Time: 0:05:43 0.00% |█                                                                                                    |  0/1 Time: 0:05:442019-09-10 20:25:52,003 [grpc-default-executor-4] INFO  client.GrpcClientProtocolClient (GrpcClientProtocolClient.java:onNext(264)) - client-698E40308194->6effdead-13d1-41e6-a2f2-1b6cf88b37a4: receive RaftClientReply:client-698E40308194->6effdead-13d1-41e6-a2f2-1b6cf88b37a4@group-EBEE9BAA75A8, cid=45, FAILED org.apache.ratis.protocol.NotLeaderException: Server 6effdead-13d1-41e6-a2f2-1b6cf88b37a4@group-EBEE9BAA75A8 is not the leader 9f3eeb55-1628-4544-b8a1-8f6a6bd18952:192.168.34.25:34224, logIndex=0, commits[6effdead-13d1-41e6-a2f2-1b6cf88b37a4:c16, 6721d19e-fad5-40c6-a99e-1f07fcc56c74:c16, 9f3eeb55-1628-4544-b8a1-8f6a6bd18952:c16]
 0.00% |█                                                                                                    |  0/1 Time: 0:05:45 0.00% |█                                                                                                    |  0/1 Time: 0:05:46 0.00% |█                                                                                                    |  0/1 Time: 0:05:47 0.00% |█                                                                                                    |  0/1 Time: 0:05:482019-09-10 20:25:55,775 [9f3eeb55-1628-4544-b8a1-8f6a6bd18952@group-EBEE9BAA75A8-SegmentedRaftLogWorker] WARN  segmented.SegmentedRaftLogWorker (SegmentedRaftLogWorker.java:getFromFuture(90)) - Timeout 14/~
org.apache.ratis.protocol.TimeoutIOException: Timeout 10s: WriteLog:17: (t:1, i:17), STATEMACHINELOGENTRY, client-698E40308194, cid=45-writeStateMachineData
	at org.apache.ratis.util.IOUtils.getFromFuture(IOUtils.java:87)
	at org.apache.ratis.server.raftlog.segmented.SegmentedRaftLogWorker$StateMachineDataPolicy.getFromFuture(SegmentedRaftLogWorker.java:87)
	at org.apache.ratis.server.raftlog.segmented.SegmentedRaftLogWorker$WriteLog.execute(SegmentedRaftLogWorker.java:477)
	at org.apache.ratis.server.raftlog.segmented.SegmentedRaftLogWorker.run(SegmentedRaftLogWorker.java:289)
	at java.lang.Thread.run(Thread.java:748)
Caused by: java.util.concurrent.TimeoutException
	at java.util.concurrent.CompletableFuture.timedGet(CompletableFuture.java:1771)
	at java.util.concurrent.CompletableFuture.get(CompletableFuture.java:1915)
	at org.apache.ratis.util.IOUtils.getFromFuture(IOUtils.java:79)
	... 4 more
 0.00% |█                                                                                                    |  0/1 Time: 0:05:492019-09-10 20:25:57,053 [grpc-default-executor-3] INFO  client.GrpcClientProtocolClient (GrpcClientProtocolClient.java:onNext(264)) - client-698E40308194->6721d19e-fad5-40c6-a99e-1f07fcc56c74: receive RaftClientReply:client-698E40308194->6721d19e-fad5-40c6-a99e-1f07fcc56c74@group-EBEE9BAA75A8, cid=45, FAILED org.apache.ratis.protocol.NotLeaderException: Server 6721d19e-fad5-40c6-a99e-1f07fcc56c74@group-EBEE9BAA75A8 is not the leader 9f3eeb55-1628-4544-b8a1-8f6a6bd18952:192.168.34.25:34224, logIndex=0, commits[6721d19e-fad5-40c6-a99e-1f07fcc56c74:c16, 6effdead-13d1-41e6-a2f2-1b6cf88b37a4:c16, 9f3eeb55-1628-4544-b8a1-8f6a6bd18952:c16]
 0.00% |█                                                                                                    |  0/1 Time: 0:05:50 0.00% |█                                                                                                    |  0/1 Time: 0:05:51 0.00% |█                                                                                                    |  0/1 Time: 0:05:52 0.00% |█                                                                                                    |  0/1 Time: 0:05:53 0.00% |█                                                                                                    |  0/1 Time: 0:05:542019-09-10 20:26:02,104 [grpc-default-executor-4] INFO  client.GrpcClientProtocolClient (GrpcClientProtocolClient.java:onNext(264)) - client-698E40308194->6721d19e-fad5-40c6-a99e-1f07fcc56c74: receive RaftClientReply:client-698E40308194->6721d19e-fad5-40c6-a99e-1f07fcc56c74@group-EBEE9BAA75A8, cid=45, FAILED org.apache.ratis.protocol.NotLeaderException: Server 6721d19e-fad5-40c6-a99e-1f07fcc56c74@group-EBEE9BAA75A8 is not the leader 9f3eeb55-1628-4544-b8a1-8f6a6bd18952:192.168.34.25:34224, logIndex=0, commits[6721d19e-fad5-40c6-a99e-1f07fcc56c74:c16, 6effdead-13d1-41e6-a2f2-1b6cf88b37a4:c16, 9f3eeb55-1628-4544-b8a1-8f6a6bd18952:c16]
 0.00% |█                                                                                                    |  0/1 Time: 0:05:55 0.00% |█                                                                                                    |  0/1 Time: 0:05:56 0.00% |█                                                                                                    |  0/1 Time: 0:05:57 0.00% |█                                                                                                    |  0/1 Time: 0:05:582019-09-10 20:26:05,777 [9f3eeb55-1628-4544-b8a1-8f6a6bd18952@group-EBEE9BAA75A8-SegmentedRaftLogWorker] WARN  segmented.SegmentedRaftLogWorker (SegmentedRaftLogWorker.java:getFromFuture(90)) - Timeout 15/~
org.apache.ratis.protocol.TimeoutIOException: Timeout 10s: WriteLog:17: (t:1, i:17), STATEMACHINELOGENTRY, client-698E40308194, cid=45-writeStateMachineData
	at org.apache.ratis.util.IOUtils.getFromFuture(IOUtils.java:87)
	at org.apache.ratis.server.raftlog.segmented.SegmentedRaftLogWorker$StateMachineDataPolicy.getFromFuture(SegmentedRaftLogWorker.java:87)
	at org.apache.ratis.server.raftlog.segmented.SegmentedRaftLogWorker$WriteLog.execute(SegmentedRaftLogWorker.java:477)
	at org.apache.ratis.server.raftlog.segmented.SegmentedRaftLogWorker.run(SegmentedRaftLogWorker.java:289)
	at java.lang.Thread.run(Thread.java:748)
Caused by: java.util.concurrent.TimeoutException
	at java.util.concurrent.CompletableFuture.timedGet(CompletableFuture.java:1771)
	at java.util.concurrent.CompletableFuture.get(CompletableFuture.java:1915)
	at org.apache.ratis.util.IOUtils.getFromFuture(IOUtils.java:79)
	... 4 more
 0.00% |█                                                                                                    |  0/1 Time: 0:05:592019-09-10 20:26:07,135 [grpc-default-executor-4] INFO  client.GrpcClientProtocolClient (GrpcClientProtocolClient.java:onNext(264)) - client-698E40308194->6effdead-13d1-41e6-a2f2-1b6cf88b37a4: receive RaftClientReply:client-698E40308194->6effdead-13d1-41e6-a2f2-1b6cf88b37a4@group-EBEE9BAA75A8, cid=45, FAILED org.apache.ratis.protocol.NotLeaderException: Server 6effdead-13d1-41e6-a2f2-1b6cf88b37a4@group-EBEE9BAA75A8 is not the leader 9f3eeb55-1628-4544-b8a1-8f6a6bd18952:192.168.34.25:34224, logIndex=0, commits[6effdead-13d1-41e6-a2f2-1b6cf88b37a4:c16, 6721d19e-fad5-40c6-a99e-1f07fcc56c74:c16, 9f3eeb55-1628-4544-b8a1-8f6a6bd18952:c16]
 0.00% |█                                                                                                    |  0/1 Time: 0:06:00 0.00% |█                                                                                                    |  0/1 Time: 0:06:01 0.00% |█                                                                                                    |  0/1 Time: 0:06:02 0.00% |█                                                                                                    |  0/1 Time: 0:06:03 0.00% |█                                                                                                    |  0/1 Time: 0:06:042019-09-10 20:26:12,165 [grpc-default-executor-3] INFO  client.GrpcClientProtocolClient (GrpcClientProtocolClient.java:onNext(264)) - client-698E40308194->6721d19e-fad5-40c6-a99e-1f07fcc56c74: receive RaftClientReply:client-698E40308194->6721d19e-fad5-40c6-a99e-1f07fcc56c74@group-EBEE9BAA75A8, cid=45, FAILED org.apache.ratis.protocol.NotLeaderException: Server 6721d19e-fad5-40c6-a99e-1f07fcc56c74@group-EBEE9BAA75A8 is not the leader 9f3eeb55-1628-4544-b8a1-8f6a6bd18952:192.168.34.25:34224, logIndex=0, commits[6721d19e-fad5-40c6-a99e-1f07fcc56c74:c16, 6effdead-13d1-41e6-a2f2-1b6cf88b37a4:c16, 9f3eeb55-1628-4544-b8a1-8f6a6bd18952:c16]
 0.00% |█                                                                                                    |  0/1 Time: 0:06:05 0.00% |█                                                                                                    |  0/1 Time: 0:06:06 0.00% |█                                                                                                    |  0/1 Time: 0:06:07 0.00% |█                                                                                                    |  0/1 Time: 0:06:082019-09-10 20:26:15,778 [9f3eeb55-1628-4544-b8a1-8f6a6bd18952@group-EBEE9BAA75A8-SegmentedRaftLogWorker] WARN  segmented.SegmentedRaftLogWorker (SegmentedRaftLogWorker.java:getFromFuture(90)) - Timeout 16/~
org.apache.ratis.protocol.TimeoutIOException: Timeout 10s: WriteLog:17: (t:1, i:17), STATEMACHINELOGENTRY, client-698E40308194, cid=45-writeStateMachineData
	at org.apache.ratis.util.IOUtils.getFromFuture(IOUtils.java:87)
	at org.apache.ratis.server.raftlog.segmented.SegmentedRaftLogWorker$StateMachineDataPolicy.getFromFuture(SegmentedRaftLogWorker.java:87)
	at org.apache.ratis.server.raftlog.segmented.SegmentedRaftLogWorker$WriteLog.execute(SegmentedRaftLogWorker.java:477)
	at org.apache.ratis.server.raftlog.segmented.SegmentedRaftLogWorker.run(SegmentedRaftLogWorker.java:289)
	at java.lang.Thread.run(Thread.java:748)
Caused by: java.util.concurrent.TimeoutException
	at java.util.concurrent.CompletableFuture.timedGet(CompletableFuture.java:1771)
	at java.util.concurrent.CompletableFuture.get(CompletableFuture.java:1915)
	at org.apache.ratis.util.IOUtils.getFromFuture(IOUtils.java:79)
	... 4 more
 0.00% |█                                                                                                    |  0/1 Time: 0:06:092019-09-10 20:26:17,196 [grpc-default-executor-4] INFO  client.GrpcClientProtocolClient (GrpcClientProtocolClient.java:onNext(264)) - client-698E40308194->6721d19e-fad5-40c6-a99e-1f07fcc56c74: receive RaftClientReply:client-698E40308194->6721d19e-fad5-40c6-a99e-1f07fcc56c74@group-EBEE9BAA75A8, cid=45, FAILED org.apache.ratis.protocol.NotLeaderException: Server 6721d19e-fad5-40c6-a99e-1f07fcc56c74@group-EBEE9BAA75A8 is not the leader 9f3eeb55-1628-4544-b8a1-8f6a6bd18952:192.168.34.25:34224, logIndex=0, commits[6721d19e-fad5-40c6-a99e-1f07fcc56c74:c16, 6effdead-13d1-41e6-a2f2-1b6cf88b37a4:c16, 9f3eeb55-1628-4544-b8a1-8f6a6bd18952:c16]
 0.00% |█                                                                                                    |  0/1 Time: 0:06:10 0.00% |█                                                                                                    |  0/1 Time: 0:06:11 0.00% |█                                                                                                    |  0/1 Time: 0:06:12 0.00% |█                                                                                                    |  0/1 Time: 0:06:13 0.00% |█                                                                                                    |  0/1 Time: 0:06:14 0.00% |█                                                                                                    |  0/1 Time: 0:06:152019-09-10 20:26:22,231 [grpc-default-executor-4] INFO  client.GrpcClientProtocolClient (GrpcClientProtocolClient.java:onNext(264)) - client-698E40308194->6721d19e-fad5-40c6-a99e-1f07fcc56c74: receive RaftClientReply:client-698E40308194->6721d19e-fad5-40c6-a99e-1f07fcc56c74@group-EBEE9BAA75A8, cid=45, FAILED org.apache.ratis.protocol.NotLeaderException: Server 6721d19e-fad5-40c6-a99e-1f07fcc56c74@group-EBEE9BAA75A8 is not the leader 9f3eeb55-1628-4544-b8a1-8f6a6bd18952:192.168.34.25:34224, logIndex=0, commits[6721d19e-fad5-40c6-a99e-1f07fcc56c74:c16, 6effdead-13d1-41e6-a2f2-1b6cf88b37a4:c16, 9f3eeb55-1628-4544-b8a1-8f6a6bd18952:c16]
 0.00% |█                                                                                                    |  0/1 Time: 0:06:16 0.00% |█                                                                                                    |  0/1 Time: 0:06:17 0.00% |█                                                                                                    |  0/1 Time: 0:06:182019-09-10 20:26:25,780 [9f3eeb55-1628-4544-b8a1-8f6a6bd18952@group-EBEE9BAA75A8-SegmentedRaftLogWorker] WARN  segmented.SegmentedRaftLogWorker (SegmentedRaftLogWorker.java:getFromFuture(90)) - Timeout 17/~
org.apache.ratis.protocol.TimeoutIOException: Timeout 10s: WriteLog:17: (t:1, i:17), STATEMACHINELOGENTRY, client-698E40308194, cid=45-writeStateMachineData
	at org.apache.ratis.util.IOUtils.getFromFuture(IOUtils.java:87)
	at org.apache.ratis.server.raftlog.segmented.SegmentedRaftLogWorker$StateMachineDataPolicy.getFromFuture(SegmentedRaftLogWorker.java:87)
	at org.apache.ratis.server.raftlog.segmented.SegmentedRaftLogWorker$WriteLog.execute(SegmentedRaftLogWorker.java:477)
	at org.apache.ratis.server.raftlog.segmented.SegmentedRaftLogWorker.run(SegmentedRaftLogWorker.java:289)
	at java.lang.Thread.run(Thread.java:748)
Caused by: java.util.concurrent.TimeoutException
	at java.util.concurrent.CompletableFuture.timedGet(CompletableFuture.java:1771)
	at java.util.concurrent.CompletableFuture.get(CompletableFuture.java:1915)
	at org.apache.ratis.util.IOUtils.getFromFuture(IOUtils.java:79)
	... 4 more
 0.00% |█                                                                                                    |  0/1 Time: 0:06:19 0.00% |█                                                                                                    |  0/1 Time: 0:06:202019-09-10 20:26:27,267 [grpc-default-executor-4] INFO  client.GrpcClientProtocolClient (GrpcClientProtocolClient.java:onNext(264)) - client-698E40308194->6effdead-13d1-41e6-a2f2-1b6cf88b37a4: receive RaftClientReply:client-698E40308194->6effdead-13d1-41e6-a2f2-1b6cf88b37a4@group-EBEE9BAA75A8, cid=45, FAILED org.apache.ratis.protocol.NotLeaderException: Server 6effdead-13d1-41e6-a2f2-1b6cf88b37a4@group-EBEE9BAA75A8 is not the leader 9f3eeb55-1628-4544-b8a1-8f6a6bd18952:192.168.34.25:34224, logIndex=0, commits[6effdead-13d1-41e6-a2f2-1b6cf88b37a4:c16, 6721d19e-fad5-40c6-a99e-1f07fcc56c74:c16, 9f3eeb55-1628-4544-b8a1-8f6a6bd18952:c16]
 0.00% |█                                                                                                    |  0/1 Time: 0:06:21 0.00% |█                                                                                                    |  0/1 Time: 0:06:22 0.00% |█                                                                                                    |  0/1 Time: 0:06:23 0.00% |█                                                                                                    |  0/1 Time: 0:06:24 0.00% |█                                                                                                    |  0/1 Time: 0:06:252019-09-10 20:26:32,312 [grpc-default-executor-2] INFO  client.GrpcClientProtocolClient (GrpcClientProtocolClient.java:onNext(264)) - client-698E40308194->6effdead-13d1-41e6-a2f2-1b6cf88b37a4: receive RaftClientReply:client-698E40308194->6effdead-13d1-41e6-a2f2-1b6cf88b37a4@group-EBEE9BAA75A8, cid=45, FAILED org.apache.ratis.protocol.NotLeaderException: Server 6effdead-13d1-41e6-a2f2-1b6cf88b37a4@group-EBEE9BAA75A8 is not the leader 9f3eeb55-1628-4544-b8a1-8f6a6bd18952:192.168.34.25:34224, logIndex=0, commits[6effdead-13d1-41e6-a2f2-1b6cf88b37a4:c16, 6721d19e-fad5-40c6-a99e-1f07fcc56c74:c16, 9f3eeb55-1628-4544-b8a1-8f6a6bd18952:c16]
 0.00% |█                                                                                                    |  0/1 Time: 0:06:26 0.00% |█                                                                                                    |  0/1 Time: 0:06:27 0.00% |█                                                                                                    |  0/1 Time: 0:06:282019-09-10 20:26:35,781 [9f3eeb55-1628-4544-b8a1-8f6a6bd18952@group-EBEE9BAA75A8-SegmentedRaftLogWorker] WARN  segmented.SegmentedRaftLogWorker (SegmentedRaftLogWorker.java:getFromFuture(90)) - Timeout 18/~
org.apache.ratis.protocol.TimeoutIOException: Timeout 10s: WriteLog:17: (t:1, i:17), STATEMACHINELOGENTRY, client-698E40308194, cid=45-writeStateMachineData
	at org.apache.ratis.util.IOUtils.getFromFuture(IOUtils.java:87)
	at org.apache.ratis.server.raftlog.segmented.SegmentedRaftLogWorker$StateMachineDataPolicy.getFromFuture(SegmentedRaftLogWorker.java:87)
	at org.apache.ratis.server.raftlog.segmented.SegmentedRaftLogWorker$WriteLog.execute(SegmentedRaftLogWorker.java:477)
	at org.apache.ratis.server.raftlog.segmented.SegmentedRaftLogWorker.run(SegmentedRaftLogWorker.java:289)
	at java.lang.Thread.run(Thread.java:748)
Caused by: java.util.concurrent.TimeoutException
	at java.util.concurrent.CompletableFuture.timedGet(CompletableFuture.java:1771)
	at java.util.concurrent.CompletableFuture.get(CompletableFuture.java:1915)
	at org.apache.ratis.util.IOUtils.getFromFuture(IOUtils.java:79)
	... 4 more
 0.00% |█                                                                                                    |  0/1 Time: 0:06:29 0.00% |█                                                                                                    |  0/1 Time: 0:06:302019-09-10 20:26:37,358 [grpc-default-executor-2] INFO  client.GrpcClientProtocolClient (GrpcClientProtocolClient.java:onNext(264)) - client-698E40308194->6effdead-13d1-41e6-a2f2-1b6cf88b37a4: receive RaftClientReply:client-698E40308194->6effdead-13d1-41e6-a2f2-1b6cf88b37a4@group-EBEE9BAA75A8, cid=45, FAILED org.apache.ratis.protocol.NotLeaderException: Server 6effdead-13d1-41e6-a2f2-1b6cf88b37a4@group-EBEE9BAA75A8 is not the leader 9f3eeb55-1628-4544-b8a1-8f6a6bd18952:192.168.34.25:34224, logIndex=0, commits[6effdead-13d1-41e6-a2f2-1b6cf88b37a4:c16, 6721d19e-fad5-40c6-a99e-1f07fcc56c74:c16, 9f3eeb55-1628-4544-b8a1-8f6a6bd18952:c16]
 0.00% |█                                                                                                    |  0/1 Time: 0:06:31 0.00% |█                                                                                                    |  0/1 Time: 0:06:32 0.00% |█                                                                                                    |  0/1 Time: 0:06:33 0.00% |█                                                                                                    |  0/1 Time: 0:06:34 0.00% |█                                                                                                    |  0/1 Time: 0:06:352019-09-10 20:26:42,407 [grpc-default-executor-4] INFO  client.GrpcClientProtocolClient (GrpcClientProtocolClient.java:onNext(264)) - client-698E40308194->6effdead-13d1-41e6-a2f2-1b6cf88b37a4: receive RaftClientReply:client-698E40308194->6effdead-13d1-41e6-a2f2-1b6cf88b37a4@group-EBEE9BAA75A8, cid=45, FAILED org.apache.ratis.protocol.NotLeaderException: Server 6effdead-13d1-41e6-a2f2-1b6cf88b37a4@group-EBEE9BAA75A8 is not the leader 9f3eeb55-1628-4544-b8a1-8f6a6bd18952:192.168.34.25:34224, logIndex=0, commits[6effdead-13d1-41e6-a2f2-1b6cf88b37a4:c16, 6721d19e-fad5-40c6-a99e-1f07fcc56c74:c16, 9f3eeb55-1628-4544-b8a1-8f6a6bd18952:c16]
 0.00% |█                                                                                                    |  0/1 Time: 0:06:36 0.00% |█                                                                                                    |  0/1 Time: 0:06:37 0.00% |█                                                                                                    |  0/1 Time: 0:06:382019-09-10 20:26:45,783 [9f3eeb55-1628-4544-b8a1-8f6a6bd18952@group-EBEE9BAA75A8-SegmentedRaftLogWorker] WARN  segmented.SegmentedRaftLogWorker (SegmentedRaftLogWorker.java:getFromFuture(90)) - Timeout 19/~
org.apache.ratis.protocol.TimeoutIOException: Timeout 10s: WriteLog:17: (t:1, i:17), STATEMACHINELOGENTRY, client-698E40308194, cid=45-writeStateMachineData
	at org.apache.ratis.util.IOUtils.getFromFuture(IOUtils.java:87)
	at org.apache.ratis.server.raftlog.segmented.SegmentedRaftLogWorker$StateMachineDataPolicy.getFromFuture(SegmentedRaftLogWorker.java:87)
	at org.apache.ratis.server.raftlog.segmented.SegmentedRaftLogWorker$WriteLog.execute(SegmentedRaftLogWorker.java:477)
	at org.apache.ratis.server.raftlog.segmented.SegmentedRaftLogWorker.run(SegmentedRaftLogWorker.java:289)
	at java.lang.Thread.run(Thread.java:748)
Caused by: java.util.concurrent.TimeoutException
	at java.util.concurrent.CompletableFuture.timedGet(CompletableFuture.java:1771)
	at java.util.concurrent.CompletableFuture.get(CompletableFuture.java:1915)
	at org.apache.ratis.util.IOUtils.getFromFuture(IOUtils.java:79)
	... 4 more
 0.00% |█                                                                                                    |  0/1 Time: 0:06:39 0.00% |█                                                                                                    |  0/1 Time: 0:06:402019-09-10 20:26:47,452 [grpc-default-executor-3] INFO  client.GrpcClientProtocolClient (GrpcClientProtocolClient.java:onNext(264)) - client-698E40308194->6effdead-13d1-41e6-a2f2-1b6cf88b37a4: receive RaftClientReply:client-698E40308194->6effdead-13d1-41e6-a2f2-1b6cf88b37a4@group-EBEE9BAA75A8, cid=45, FAILED org.apache.ratis.protocol.NotLeaderException: Server 6effdead-13d1-41e6-a2f2-1b6cf88b37a4@group-EBEE9BAA75A8 is not the leader 9f3eeb55-1628-4544-b8a1-8f6a6bd18952:192.168.34.25:34224, logIndex=0, commits[6effdead-13d1-41e6-a2f2-1b6cf88b37a4:c16, 6721d19e-fad5-40c6-a99e-1f07fcc56c74:c16, 9f3eeb55-1628-4544-b8a1-8f6a6bd18952:c16]
 0.00% |█                                                                                                    |  0/1 Time: 0:06:41 0.00% |█                                                                                                    |  0/1 Time: 0:06:42 0.00% |█                                                                                                    |  0/1 Time: 0:06:43 0.00% |█                                                                                                    |  0/1 Time: 0:06:44 0.00% |█                                                                                                    |  0/1 Time: 0:06:452019-09-10 20:26:52,492 [grpc-default-executor-3] INFO  client.GrpcClientProtocolClient (GrpcClientProtocolClient.java:onNext(264)) - client-698E40308194->6effdead-13d1-41e6-a2f2-1b6cf88b37a4: receive RaftClientReply:client-698E40308194->6effdead-13d1-41e6-a2f2-1b6cf88b37a4@group-EBEE9BAA75A8, cid=45, FAILED org.apache.ratis.protocol.NotLeaderException: Server 6effdead-13d1-41e6-a2f2-1b6cf88b37a4@group-EBEE9BAA75A8 is not the leader 9f3eeb55-1628-4544-b8a1-8f6a6bd18952:192.168.34.25:34224, logIndex=0, commits[6effdead-13d1-41e6-a2f2-1b6cf88b37a4:c16, 6721d19e-fad5-40c6-a99e-1f07fcc56c74:c16, 9f3eeb55-1628-4544-b8a1-8f6a6bd18952:c16]
 0.00% |█                                                                                                    |  0/1 Time: 0:06:46 0.00% |█                                                                                                    |  0/1 Time: 0:06:47 0.00% |█                                                                                                    |  0/1 Time: 0:06:482019-09-10 20:26:55,798 [9f3eeb55-1628-4544-b8a1-8f6a6bd18952@group-EBEE9BAA75A8-SegmentedRaftLogWorker] WARN  segmented.SegmentedRaftLogWorker (SegmentedRaftLogWorker.java:getFromFuture(90)) - Timeout 20/~
org.apache.ratis.protocol.TimeoutIOException: Timeout 10s: WriteLog:17: (t:1, i:17), STATEMACHINELOGENTRY, client-698E40308194, cid=45-writeStateMachineData
	at org.apache.ratis.util.IOUtils.getFromFuture(IOUtils.java:87)
	at org.apache.ratis.server.raftlog.segmented.SegmentedRaftLogWorker$StateMachineDataPolicy.getFromFuture(SegmentedRaftLogWorker.java:87)
	at org.apache.ratis.server.raftlog.segmented.SegmentedRaftLogWorker$WriteLog.execute(SegmentedRaftLogWorker.java:477)
	at org.apache.ratis.server.raftlog.segmented.SegmentedRaftLogWorker.run(SegmentedRaftLogWorker.java:289)
	at java.lang.Thread.run(Thread.java:748)
Caused by: java.util.concurrent.TimeoutException
	at java.util.concurrent.CompletableFuture.timedGet(CompletableFuture.java:1771)
	at java.util.concurrent.CompletableFuture.get(CompletableFuture.java:1915)
	at org.apache.ratis.util.IOUtils.getFromFuture(IOUtils.java:79)
	... 4 more
 0.00% |█                                                                                                    |  0/1 Time: 0:06:49 0.00% |█                                                                                                    |  0/1 Time: 0:06:502019-09-10 20:26:57,532 [grpc-default-executor-4] INFO  client.GrpcClientProtocolClient (GrpcClientProtocolClient.java:onNext(264)) - client-698E40308194->6effdead-13d1-41e6-a2f2-1b6cf88b37a4: receive RaftClientReply:client-698E40308194->6effdead-13d1-41e6-a2f2-1b6cf88b37a4@group-EBEE9BAA75A8, cid=45, FAILED org.apache.ratis.protocol.NotLeaderException: Server 6effdead-13d1-41e6-a2f2-1b6cf88b37a4@group-EBEE9BAA75A8 is not the leader 9f3eeb55-1628-4544-b8a1-8f6a6bd18952:192.168.34.25:34224, logIndex=0, commits[6effdead-13d1-41e6-a2f2-1b6cf88b37a4:c16, 6721d19e-fad5-40c6-a99e-1f07fcc56c74:c16, 9f3eeb55-1628-4544-b8a1-8f6a6bd18952:c16]
 0.00% |█                                                                                                    |  0/1 Time: 0:06:51 0.00% |█                                                                                                    |  0/1 Time: 0:06:52 0.00% |█                                                                                                    |  0/1 Time: 0:06:53 0.00% |█                                                                                                    |  0/1 Time: 0:06:54 0.00% |█                                                                                                    |  0/1 Time: 0:06:552019-09-10 20:27:02,570 [grpc-default-executor-2] INFO  client.GrpcClientProtocolClient (GrpcClientProtocolClient.java:onNext(264)) - client-698E40308194->6effdead-13d1-41e6-a2f2-1b6cf88b37a4: receive RaftClientReply:client-698E40308194->6effdead-13d1-41e6-a2f2-1b6cf88b37a4@group-EBEE9BAA75A8, cid=45, FAILED org.apache.ratis.protocol.NotLeaderException: Server 6effdead-13d1-41e6-a2f2-1b6cf88b37a4@group-EBEE9BAA75A8 is not the leader 9f3eeb55-1628-4544-b8a1-8f6a6bd18952:192.168.34.25:34224, logIndex=0, commits[6effdead-13d1-41e6-a2f2-1b6cf88b37a4:c16, 6721d19e-fad5-40c6-a99e-1f07fcc56c74:c16, 9f3eeb55-1628-4544-b8a1-8f6a6bd18952:c16]
 0.00% |█                                                                                                    |  0/1 Time: 0:06:56 0.00% |█                                                                                                    |  0/1 Time: 0:06:57 0.00% |█                                                                                                    |  0/1 Time: 0:06:582019-09-10 20:27:05,799 [9f3eeb55-1628-4544-b8a1-8f6a6bd18952@group-EBEE9BAA75A8-SegmentedRaftLogWorker] WARN  segmented.SegmentedRaftLogWorker (SegmentedRaftLogWorker.java:getFromFuture(90)) - Timeout 21/~
org.apache.ratis.protocol.TimeoutIOException: Timeout 10s: WriteLog:17: (t:1, i:17), STATEMACHINELOGENTRY, client-698E40308194, cid=45-writeStateMachineData
	at org.apache.ratis.util.IOUtils.getFromFuture(IOUtils.java:87)
	at org.apache.ratis.server.raftlog.segmented.SegmentedRaftLogWorker$StateMachineDataPolicy.getFromFuture(SegmentedRaftLogWorker.java:87)
	at org.apache.ratis.server.raftlog.segmented.SegmentedRaftLogWorker$WriteLog.execute(SegmentedRaftLogWorker.java:477)
	at org.apache.ratis.server.raftlog.segmented.SegmentedRaftLogWorker.run(SegmentedRaftLogWorker.java:289)
	at java.lang.Thread.run(Thread.java:748)
Caused by: java.util.concurrent.TimeoutException
	at java.util.concurrent.CompletableFuture.timedGet(CompletableFuture.java:1771)
	at java.util.concurrent.CompletableFuture.get(CompletableFuture.java:1915)
	at org.apache.ratis.util.IOUtils.getFromFuture(IOUtils.java:79)
	... 4 more
 0.00% |█                                                                                                    |  0/1 Time: 0:06:59 0.00% |█                                                                                                    |  0/1 Time: 0:07:002019-09-10 20:27:07,620 [grpc-default-executor-4] INFO  client.GrpcClientProtocolClient (GrpcClientProtocolClient.java:onNext(264)) - client-698E40308194->6721d19e-fad5-40c6-a99e-1f07fcc56c74: receive RaftClientReply:client-698E40308194->6721d19e-fad5-40c6-a99e-1f07fcc56c74@group-EBEE9BAA75A8, cid=45, FAILED org.apache.ratis.protocol.NotLeaderException: Server 6721d19e-fad5-40c6-a99e-1f07fcc56c74@group-EBEE9BAA75A8 is not the leader 9f3eeb55-1628-4544-b8a1-8f6a6bd18952:192.168.34.25:34224, logIndex=0, commits[6721d19e-fad5-40c6-a99e-1f07fcc56c74:c16, 6effdead-13d1-41e6-a2f2-1b6cf88b37a4:c16, 9f3eeb55-1628-4544-b8a1-8f6a6bd18952:c16]
 0.00% |█                                                                                                    |  0/1 Time: 0:07:01 0.00% |█                                                                                                    |  0/1 Time: 0:07:02 0.00% |█                                                                                                    |  0/1 Time: 0:07:03 0.00% |█                                                                                                    |  0/1 Time: 0:07:04 0.00% |█                                                                                                    |  0/1 Time: 0:07:052019-09-10 20:27:12,673 [grpc-default-executor-3] INFO  client.GrpcClientProtocolClient (GrpcClientProtocolClient.java:onNext(264)) - client-698E40308194->6721d19e-fad5-40c6-a99e-1f07fcc56c74: receive RaftClientReply:client-698E40308194->6721d19e-fad5-40c6-a99e-1f07fcc56c74@group-EBEE9BAA75A8, cid=45, FAILED org.apache.ratis.protocol.NotLeaderException: Server 6721d19e-fad5-40c6-a99e-1f07fcc56c74@group-EBEE9BAA75A8 is not the leader 9f3eeb55-1628-4544-b8a1-8f6a6bd18952:192.168.34.25:34224, logIndex=0, commits[6721d19e-fad5-40c6-a99e-1f07fcc56c74:c16, 6effdead-13d1-41e6-a2f2-1b6cf88b37a4:c16, 9f3eeb55-1628-4544-b8a1-8f6a6bd18952:c16]
 0.00% |█                                                                                                    |  0/1 Time: 0:07:06 0.00% |█                                                                                                    |  0/1 Time: 0:07:07 0.00% |█                                                                                                    |  0/1 Time: 0:07:082019-09-10 20:27:15,800 [9f3eeb55-1628-4544-b8a1-8f6a6bd18952@group-EBEE9BAA75A8-SegmentedRaftLogWorker] WARN  segmented.SegmentedRaftLogWorker (SegmentedRaftLogWorker.java:getFromFuture(90)) - Timeout 22/~
org.apache.ratis.protocol.TimeoutIOException: Timeout 10s: WriteLog:17: (t:1, i:17), STATEMACHINELOGENTRY, client-698E40308194, cid=45-writeStateMachineData
	at org.apache.ratis.util.IOUtils.getFromFuture(IOUtils.java:87)
	at org.apache.ratis.server.raftlog.segmented.SegmentedRaftLogWorker$StateMachineDataPolicy.getFromFuture(SegmentedRaftLogWorker.java:87)
	at org.apache.ratis.server.raftlog.segmented.SegmentedRaftLogWorker$WriteLog.execute(SegmentedRaftLogWorker.java:477)
	at org.apache.ratis.server.raftlog.segmented.SegmentedRaftLogWorker.run(SegmentedRaftLogWorker.java:289)
	at java.lang.Thread.run(Thread.java:748)
Caused by: java.util.concurrent.TimeoutException
	at java.util.concurrent.CompletableFuture.timedGet(CompletableFuture.java:1771)
	at java.util.concurrent.CompletableFuture.get(CompletableFuture.java:1915)
	at org.apache.ratis.util.IOUtils.getFromFuture(IOUtils.java:79)
	... 4 more
 0.00% |█                                                                                                    |  0/1 Time: 0:07:09 0.00% |█                                                                                                    |  0/1 Time: 0:07:102019-09-10 20:27:17,724 [grpc-default-executor-2] INFO  client.GrpcClientProtocolClient (GrpcClientProtocolClient.java:onNext(264)) - client-698E40308194->6effdead-13d1-41e6-a2f2-1b6cf88b37a4: receive RaftClientReply:client-698E40308194->6effdead-13d1-41e6-a2f2-1b6cf88b37a4@group-EBEE9BAA75A8, cid=45, FAILED org.apache.ratis.protocol.NotLeaderException: Server 6effdead-13d1-41e6-a2f2-1b6cf88b37a4@group-EBEE9BAA75A8 is not the leader 9f3eeb55-1628-4544-b8a1-8f6a6bd18952:192.168.34.25:34224, logIndex=0, commits[6effdead-13d1-41e6-a2f2-1b6cf88b37a4:c16, 6721d19e-fad5-40c6-a99e-1f07fcc56c74:c16, 9f3eeb55-1628-4544-b8a1-8f6a6bd18952:c16]
 0.00% |█                                                                                                    |  0/1 Time: 0:07:11 0.00% |█                                                                                                    |  0/1 Time: 0:07:12 0.00% |█                                                                                                    |  0/1 Time: 0:07:13 0.00% |█                                                                                                    |  0/1 Time: 0:07:14 0.00% |█                                                                                                    |  0/1 Time: 0:07:152019-09-10 20:27:22,773 [grpc-default-executor-3] INFO  client.GrpcClientProtocolClient (GrpcClientProtocolClient.java:onNext(264)) - client-698E40308194->6721d19e-fad5-40c6-a99e-1f07fcc56c74: receive RaftClientReply:client-698E40308194->6721d19e-fad5-40c6-a99e-1f07fcc56c74@group-EBEE9BAA75A8, cid=45, FAILED org.apache.ratis.protocol.NotLeaderException: Server 6721d19e-fad5-40c6-a99e-1f07fcc56c74@group-EBEE9BAA75A8 is not the leader 9f3eeb55-1628-4544-b8a1-8f6a6bd18952:192.168.34.25:34224, logIndex=0, commits[6721d19e-fad5-40c6-a99e-1f07fcc56c74:c16, 6effdead-13d1-41e6-a2f2-1b6cf88b37a4:c16, 9f3eeb55-1628-4544-b8a1-8f6a6bd18952:c16]
 0.00% |█                                                                                                    |  0/1 Time: 0:07:16 0.00% |█                                                                                                    |  0/1 Time: 0:07:17 0.00% |█                                                                                                    |  0/1 Time: 0:07:182019-09-10 20:27:25,802 [9f3eeb55-1628-4544-b8a1-8f6a6bd18952@group-EBEE9BAA75A8-SegmentedRaftLogWorker] WARN  segmented.SegmentedRaftLogWorker (SegmentedRaftLogWorker.java:getFromFuture(90)) - Timeout 23/~
org.apache.ratis.protocol.TimeoutIOException: Timeout 10s: WriteLog:17: (t:1, i:17), STATEMACHINELOGENTRY, client-698E40308194, cid=45-writeStateMachineData
	at org.apache.ratis.util.IOUtils.getFromFuture(IOUtils.java:87)
	at org.apache.ratis.server.raftlog.segmented.SegmentedRaftLogWorker$StateMachineDataPolicy.getFromFuture(SegmentedRaftLogWorker.java:87)
	at org.apache.ratis.server.raftlog.segmented.SegmentedRaftLogWorker$WriteLog.execute(SegmentedRaftLogWorker.java:477)
	at org.apache.ratis.server.raftlog.segmented.SegmentedRaftLogWorker.run(SegmentedRaftLogWorker.java:289)
	at java.lang.Thread.run(Thread.java:748)
Caused by: java.util.concurrent.TimeoutException
	at java.util.concurrent.CompletableFuture.timedGet(CompletableFuture.java:1771)
	at java.util.concurrent.CompletableFuture.get(CompletableFuture.java:1915)
	at org.apache.ratis.util.IOUtils.getFromFuture(IOUtils.java:79)
	... 4 more
 0.00% |█                                                                                                    |  0/1 Time: 0:07:19 0.00% |█                                                                                                    |  0/1 Time: 0:07:202019-09-10 20:27:27,806 [grpc-default-executor-2] INFO  client.GrpcClientProtocolClient (GrpcClientProtocolClient.java:onNext(264)) - client-698E40308194->6721d19e-fad5-40c6-a99e-1f07fcc56c74: receive RaftClientReply:client-698E40308194->6721d19e-fad5-40c6-a99e-1f07fcc56c74@group-EBEE9BAA75A8, cid=45, FAILED org.apache.ratis.protocol.NotLeaderException: Server 6721d19e-fad5-40c6-a99e-1f07fcc56c74@group-EBEE9BAA75A8 is not the leader 9f3eeb55-1628-4544-b8a1-8f6a6bd18952:192.168.34.25:34224, logIndex=0, commits[6721d19e-fad5-40c6-a99e-1f07fcc56c74:c16, 6effdead-13d1-41e6-a2f2-1b6cf88b37a4:c16, 9f3eeb55-1628-4544-b8a1-8f6a6bd18952:c16]
 0.00% |█                                                                                                    |  0/1 Time: 0:07:21 0.00% |█                                                                                                    |  0/1 Time: 0:07:22 0.00% |█                                                                                                    |  0/1 Time: 0:07:23 0.00% |█                                                                                                    |  0/1 Time: 0:07:24 0.00% |█                                                                                                    |  0/1 Time: 0:07:252019-09-10 20:27:32,861 [grpc-default-executor-3] INFO  client.GrpcClientProtocolClient (GrpcClientProtocolClient.java:onNext(264)) - client-698E40308194->6721d19e-fad5-40c6-a99e-1f07fcc56c74: receive RaftClientReply:client-698E40308194->6721d19e-fad5-40c6-a99e-1f07fcc56c74@group-EBEE9BAA75A8, cid=45, FAILED org.apache.ratis.protocol.NotLeaderException: Server 6721d19e-fad5-40c6-a99e-1f07fcc56c74@group-EBEE9BAA75A8 is not the leader 9f3eeb55-1628-4544-b8a1-8f6a6bd18952:192.168.34.25:34224, logIndex=0, commits[6721d19e-fad5-40c6-a99e-1f07fcc56c74:c16, 6effdead-13d1-41e6-a2f2-1b6cf88b37a4:c16, 9f3eeb55-1628-4544-b8a1-8f6a6bd18952:c16]
 0.00% |█                                                                                                    |  0/1 Time: 0:07:26 0.00% |█                                                                                                    |  0/1 Time: 0:07:27 0.00% |█                                                                                                    |  0/1 Time: 0:07:282019-09-10 20:27:35,803 [9f3eeb55-1628-4544-b8a1-8f6a6bd18952@group-EBEE9BAA75A8-SegmentedRaftLogWorker] WARN  segmented.SegmentedRaftLogWorker (SegmentedRaftLogWorker.java:getFromFuture(90)) - Timeout 24/~
org.apache.ratis.protocol.TimeoutIOException: Timeout 10s: WriteLog:17: (t:1, i:17), STATEMACHINELOGENTRY, client-698E40308194, cid=45-writeStateMachineData
	at org.apache.ratis.util.IOUtils.getFromFuture(IOUtils.java:87)
	at org.apache.ratis.server.raftlog.segmented.SegmentedRaftLogWorker$StateMachineDataPolicy.getFromFuture(SegmentedRaftLogWorker.java:87)
	at org.apache.ratis.server.raftlog.segmented.SegmentedRaftLogWorker$WriteLog.execute(SegmentedRaftLogWorker.java:477)
	at org.apache.ratis.server.raftlog.segmented.SegmentedRaftLogWorker.run(SegmentedRaftLogWorker.java:289)
	at java.lang.Thread.run(Thread.java:748)
Caused by: java.util.concurrent.TimeoutException
	at java.util.concurrent.CompletableFuture.timedGet(CompletableFuture.java:1771)
	at java.util.concurrent.CompletableFuture.get(CompletableFuture.java:1915)
	at org.apache.ratis.util.IOUtils.getFromFuture(IOUtils.java:79)
	... 4 more
 0.00% |█                                                                                                    |  0/1 Time: 0:07:29 0.00% |█                                                                                                    |  0/1 Time: 0:07:302019-09-10 20:27:37,893 [grpc-default-executor-2] INFO  client.GrpcClientProtocolClient (GrpcClientProtocolClient.java:onNext(264)) - client-698E40308194->6effdead-13d1-41e6-a2f2-1b6cf88b37a4: receive RaftClientReply:client-698E40308194->6effdead-13d1-41e6-a2f2-1b6cf88b37a4@group-EBEE9BAA75A8, cid=45, FAILED org.apache.ratis.protocol.NotLeaderException: Server 6effdead-13d1-41e6-a2f2-1b6cf88b37a4@group-EBEE9BAA75A8 is not the leader 9f3eeb55-1628-4544-b8a1-8f6a6bd18952:192.168.34.25:34224, logIndex=0, commits[6effdead-13d1-41e6-a2f2-1b6cf88b37a4:c16, 6721d19e-fad5-40c6-a99e-1f07fcc56c74:c16, 9f3eeb55-1628-4544-b8a1-8f6a6bd18952:c16]
 0.00% |█                                                                                                    |  0/1 Time: 0:07:31 0.00% |█                                                                                                    |  0/1 Time: 0:07:32 0.00% |█                                                                                                    |  0/1 Time: 0:07:33 0.00% |█                                                                                                    |  0/1 Time: 0:07:34 0.00% |█                                                                                                    |  0/1 Time: 0:07:352019-09-10 20:27:42,935 [grpc-default-executor-3] INFO  client.GrpcClientProtocolClient (GrpcClientProtocolClient.java:onNext(264)) - client-698E40308194->6effdead-13d1-41e6-a2f2-1b6cf88b37a4: receive RaftClientReply:client-698E40308194->6effdead-13d1-41e6-a2f2-1b6cf88b37a4@group-EBEE9BAA75A8, cid=45, FAILED org.apache.ratis.protocol.NotLeaderException: Server 6effdead-13d1-41e6-a2f2-1b6cf88b37a4@group-EBEE9BAA75A8 is not the leader 9f3eeb55-1628-4544-b8a1-8f6a6bd18952:192.168.34.25:34224, logIndex=0, commits[6effdead-13d1-41e6-a2f2-1b6cf88b37a4:c16, 6721d19e-fad5-40c6-a99e-1f07fcc56c74:c16, 9f3eeb55-1628-4544-b8a1-8f6a6bd18952:c16]
 0.00% |█                                                                                                    |  0/1 Time: 0:07:36 0.00% |█                                                                                                    |  0/1 Time: 0:07:37 0.00% |█                                                                                                    |  0/1 Time: 0:07:382019-09-10 20:27:45,805 [9f3eeb55-1628-4544-b8a1-8f6a6bd18952@group-EBEE9BAA75A8-SegmentedRaftLogWorker] WARN  segmented.SegmentedRaftLogWorker (SegmentedRaftLogWorker.java:getFromFuture(90)) - Timeout 25/~
org.apache.ratis.protocol.TimeoutIOException: Timeout 10s: WriteLog:17: (t:1, i:17), STATEMACHINELOGENTRY, client-698E40308194, cid=45-writeStateMachineData
	at org.apache.ratis.util.IOUtils.getFromFuture(IOUtils.java:87)
	at org.apache.ratis.server.raftlog.segmented.SegmentedRaftLogWorker$StateMachineDataPolicy.getFromFuture(SegmentedRaftLogWorker.java:87)
	at org.apache.ratis.server.raftlog.segmented.SegmentedRaftLogWorker$WriteLog.execute(SegmentedRaftLogWorker.java:477)
	at org.apache.ratis.server.raftlog.segmented.SegmentedRaftLogWorker.run(SegmentedRaftLogWorker.java:289)
	at java.lang.Thread.run(Thread.java:748)
Caused by: java.util.concurrent.TimeoutException
	at java.util.concurrent.CompletableFuture.timedGet(CompletableFuture.java:1771)
	at java.util.concurrent.CompletableFuture.get(CompletableFuture.java:1915)
	at org.apache.ratis.util.IOUtils.getFromFuture(IOUtils.java:79)
	... 4 more
 0.00% |█                                                                                                    |  0/1 Time: 0:07:39 0.00% |█                                                                                                    |  0/1 Time: 0:07:402019-09-10 20:27:47,981 [grpc-default-executor-2] INFO  client.GrpcClientProtocolClient (GrpcClientProtocolClient.java:onNext(264)) - client-698E40308194->6effdead-13d1-41e6-a2f2-1b6cf88b37a4: receive RaftClientReply:client-698E40308194->6effdead-13d1-41e6-a2f2-1b6cf88b37a4@group-EBEE9BAA75A8, cid=45, FAILED org.apache.ratis.protocol.NotLeaderException: Server 6effdead-13d1-41e6-a2f2-1b6cf88b37a4@group-EBEE9BAA75A8 is not the leader 9f3eeb55-1628-4544-b8a1-8f6a6bd18952:192.168.34.25:34224, logIndex=0, commits[6effdead-13d1-41e6-a2f2-1b6cf88b37a4:c16, 6721d19e-fad5-40c6-a99e-1f07fcc56c74:c16, 9f3eeb55-1628-4544-b8a1-8f6a6bd18952:c16]
 0.00% |█                                                                                                    |  0/1 Time: 0:07:41 0.00% |█                                                                                                    |  0/1 Time: 0:07:42 0.00% |█                                                                                                    |  0/1 Time: 0:07:43 0.00% |█                                                                                                    |  0/1 Time: 0:07:44 0.00% |█                                                                                                    |  0/1 Time: 0:07:452019-09-10 20:27:53,033 [grpc-default-executor-2] INFO  client.GrpcClientProtocolClient (GrpcClientProtocolClient.java:onNext(264)) - client-698E40308194->6effdead-13d1-41e6-a2f2-1b6cf88b37a4: receive RaftClientReply:client-698E40308194->6effdead-13d1-41e6-a2f2-1b6cf88b37a4@group-EBEE9BAA75A8, cid=45, FAILED org.apache.ratis.protocol.NotLeaderException: Server 6effdead-13d1-41e6-a2f2-1b6cf88b37a4@group-EBEE9BAA75A8 is not the leader 9f3eeb55-1628-4544-b8a1-8f6a6bd18952:192.168.34.25:34224, logIndex=0, commits[6effdead-13d1-41e6-a2f2-1b6cf88b37a4:c16, 6721d19e-fad5-40c6-a99e-1f07fcc56c74:c16, 9f3eeb55-1628-4544-b8a1-8f6a6bd18952:c16]
 0.00% |█                                                                                                    |  0/1 Time: 0:07:46 0.00% |█                                                                                                    |  0/1 Time: 0:07:47 0.00% |█                                                                                                    |  0/1 Time: 0:07:482019-09-10 20:27:55,808 [9f3eeb55-1628-4544-b8a1-8f6a6bd18952@group-EBEE9BAA75A8-SegmentedRaftLogWorker] WARN  segmented.SegmentedRaftLogWorker (SegmentedRaftLogWorker.java:getFromFuture(90)) - Timeout 26/~
org.apache.ratis.protocol.TimeoutIOException: Timeout 10s: WriteLog:17: (t:1, i:17), STATEMACHINELOGENTRY, client-698E40308194, cid=45-writeStateMachineData
	at org.apache.ratis.util.IOUtils.getFromFuture(IOUtils.java:87)
	at org.apache.ratis.server.raftlog.segmented.SegmentedRaftLogWorker$StateMachineDataPolicy.getFromFuture(SegmentedRaftLogWorker.java:87)
	at org.apache.ratis.server.raftlog.segmented.SegmentedRaftLogWorker$WriteLog.execute(SegmentedRaftLogWorker.java:477)
	at org.apache.ratis.server.raftlog.segmented.SegmentedRaftLogWorker.run(SegmentedRaftLogWorker.java:289)
	at java.lang.Thread.run(Thread.java:748)
Caused by: java.util.concurrent.TimeoutException
	at java.util.concurrent.CompletableFuture.timedGet(CompletableFuture.java:1771)
	at java.util.concurrent.CompletableFuture.get(CompletableFuture.java:1915)
	at org.apache.ratis.util.IOUtils.getFromFuture(IOUtils.java:79)
	... 4 more
 0.00% |█                                                                                                    |  0/1 Time: 0:07:49 0.00% |█                                                                                                    |  0/1 Time: 0:07:502019-09-10 20:27:58,089 [grpc-default-executor-2] INFO  client.GrpcClientProtocolClient (GrpcClientProtocolClient.java:onNext(264)) - client-698E40308194->6effdead-13d1-41e6-a2f2-1b6cf88b37a4: receive RaftClientReply:client-698E40308194->6effdead-13d1-41e6-a2f2-1b6cf88b37a4@group-EBEE9BAA75A8, cid=45, FAILED org.apache.ratis.protocol.NotLeaderException: Server 6effdead-13d1-41e6-a2f2-1b6cf88b37a4@group-EBEE9BAA75A8 is not the leader 9f3eeb55-1628-4544-b8a1-8f6a6bd18952:192.168.34.25:34224, logIndex=0, commits[6effdead-13d1-41e6-a2f2-1b6cf88b37a4:c16, 6721d19e-fad5-40c6-a99e-1f07fcc56c74:c16, 9f3eeb55-1628-4544-b8a1-8f6a6bd18952:c16]
 0.00% |█                                                                                                    |  0/1 Time: 0:07:51 0.00% |█                                                                                                    |  0/1 Time: 0:07:52 0.00% |█                                                                                                    |  0/1 Time: 0:07:53 0.00% |█                                                                                                    |  0/1 Time: 0:07:54 0.00% |█                                                                                                    |  0/1 Time: 0:07:552019-09-10 20:28:03,147 [grpc-default-executor-2] INFO  client.GrpcClientProtocolClient (GrpcClientProtocolClient.java:onNext(264)) - client-698E40308194->6721d19e-fad5-40c6-a99e-1f07fcc56c74: receive RaftClientReply:client-698E40308194->6721d19e-fad5-40c6-a99e-1f07fcc56c74@group-EBEE9BAA75A8, cid=45, FAILED org.apache.ratis.protocol.NotLeaderException: Server 6721d19e-fad5-40c6-a99e-1f07fcc56c74@group-EBEE9BAA75A8 is not the leader 9f3eeb55-1628-4544-b8a1-8f6a6bd18952:192.168.34.25:34224, logIndex=0, commits[6721d19e-fad5-40c6-a99e-1f07fcc56c74:c16, 6effdead-13d1-41e6-a2f2-1b6cf88b37a4:c16, 9f3eeb55-1628-4544-b8a1-8f6a6bd18952:c16]
 0.00% |█                                                                                                    |  0/1 Time: 0:07:56 0.00% |█                                                                                                    |  0/1 Time: 0:07:57 0.00% |█                                                                                                    |  0/1 Time: 0:07:582019-09-10 20:28:05,810 [9f3eeb55-1628-4544-b8a1-8f6a6bd18952@group-EBEE9BAA75A8-SegmentedRaftLogWorker] WARN  segmented.SegmentedRaftLogWorker (SegmentedRaftLogWorker.java:getFromFuture(90)) - Timeout 27/~
org.apache.ratis.protocol.TimeoutIOException: Timeout 10s: WriteLog:17: (t:1, i:17), STATEMACHINELOGENTRY, client-698E40308194, cid=45-writeStateMachineData
	at org.apache.ratis.util.IOUtils.getFromFuture(IOUtils.java:87)
	at org.apache.ratis.server.raftlog.segmented.SegmentedRaftLogWorker$StateMachineDataPolicy.getFromFuture(SegmentedRaftLogWorker.java:87)
	at org.apache.ratis.server.raftlog.segmented.SegmentedRaftLogWorker$WriteLog.execute(SegmentedRaftLogWorker.java:477)
	at org.apache.ratis.server.raftlog.segmented.SegmentedRaftLogWorker.run(SegmentedRaftLogWorker.java:289)
	at java.lang.Thread.run(Thread.java:748)
Caused by: java.util.concurrent.TimeoutException
	at java.util.concurrent.CompletableFuture.timedGet(CompletableFuture.java:1771)
	at java.util.concurrent.CompletableFuture.get(CompletableFuture.java:1915)
	at org.apache.ratis.util.IOUtils.getFromFuture(IOUtils.java:79)
	... 4 more
 0.00% |█                                                                                                    |  0/1 Time: 0:07:59 0.00% |█                                                                                                    |  0/1 Time: 0:08:002019-09-10 20:28:08,192 [grpc-default-executor-2] INFO  client.GrpcClientProtocolClient (GrpcClientProtocolClient.java:onNext(264)) - client-698E40308194->6effdead-13d1-41e6-a2f2-1b6cf88b37a4: receive RaftClientReply:client-698E40308194->6effdead-13d1-41e6-a2f2-1b6cf88b37a4@group-EBEE9BAA75A8, cid=45, FAILED org.apache.ratis.protocol.NotLeaderException: Server 6effdead-13d1-41e6-a2f2-1b6cf88b37a4@group-EBEE9BAA75A8 is not the leader 9f3eeb55-1628-4544-b8a1-8f6a6bd18952:192.168.34.25:34224, logIndex=0, commits[6effdead-13d1-41e6-a2f2-1b6cf88b37a4:c16, 6721d19e-fad5-40c6-a99e-1f07fcc56c74:c16, 9f3eeb55-1628-4544-b8a1-8f6a6bd18952:c16]
 0.00% |█                                                                                                    |  0/1 Time: 0:08:01 0.00% |█                                                                                                    |  0/1 Time: 0:08:02 0.00% |█                                                                                                    |  0/1 Time: 0:08:03 0.00% |█                                                                                                    |  0/1 Time: 0:08:04 0.00% |█                                                                                                    |  0/1 Time: 0:08:05 0.00% |█                                                                                                    |  0/1 Time: 0:08:062019-09-10 20:28:13,254 [grpc-default-executor-2] INFO  client.GrpcClientProtocolClient (GrpcClientProtocolClient.java:onNext(264)) - client-698E40308194->6effdead-13d1-41e6-a2f2-1b6cf88b37a4: receive RaftClientReply:client-698E40308194->6effdead-13d1-41e6-a2f2-1b6cf88b37a4@group-EBEE9BAA75A8, cid=45, FAILED org.apache.ratis.protocol.NotLeaderException: Server 6effdead-13d1-41e6-a2f2-1b6cf88b37a4@group-EBEE9BAA75A8 is not the leader 9f3eeb55-1628-4544-b8a1-8f6a6bd18952:192.168.34.25:34224, logIndex=0, commits[6effdead-13d1-41e6-a2f2-1b6cf88b37a4:c16, 6721d19e-fad5-40c6-a99e-1f07fcc56c74:c16, 9f3eeb55-1628-4544-b8a1-8f6a6bd18952:c16]
 0.00% |█                                                                                                    |  0/1 Time: 0:08:07 0.00% |█                                                                                                    |  0/1 Time: 0:08:082019-09-10 20:28:15,813 [9f3eeb55-1628-4544-b8a1-8f6a6bd18952@group-EBEE9BAA75A8-SegmentedRaftLogWorker] WARN  segmented.SegmentedRaftLogWorker (SegmentedRaftLogWorker.java:getFromFuture(90)) - Timeout 28/~
org.apache.ratis.protocol.TimeoutIOException: Timeout 10s: WriteLog:17: (t:1, i:17), STATEMACHINELOGENTRY, client-698E40308194, cid=45-writeStateMachineData
	at org.apache.ratis.util.IOUtils.getFromFuture(IOUtils.java:87)
	at org.apache.ratis.server.raftlog.segmented.SegmentedRaftLogWorker$StateMachineDataPolicy.getFromFuture(SegmentedRaftLogWorker.java:87)
	at org.apache.ratis.server.raftlog.segmented.SegmentedRaftLogWorker$WriteLog.execute(SegmentedRaftLogWorker.java:477)
	at org.apache.ratis.server.raftlog.segmented.SegmentedRaftLogWorker.run(SegmentedRaftLogWorker.java:289)
	at java.lang.Thread.run(Thread.java:748)
Caused by: java.util.concurrent.TimeoutException
	at java.util.concurrent.CompletableFuture.timedGet(CompletableFuture.java:1771)
	at java.util.concurrent.CompletableFuture.get(CompletableFuture.java:1915)
	at org.apache.ratis.util.IOUtils.getFromFuture(IOUtils.java:79)
	... 4 more
 0.00% |█                                                                                                    |  0/1 Time: 0:08:09 0.00% |█                                                                                                    |  0/1 Time: 0:08:10 0.00% |█                                                                                                    |  0/1 Time: 0:08:112019-09-10 20:28:18,291 [grpc-default-executor-2] INFO  client.GrpcClientProtocolClient (GrpcClientProtocolClient.java:onNext(264)) - client-698E40308194->6721d19e-fad5-40c6-a99e-1f07fcc56c74: receive RaftClientReply:client-698E40308194->6721d19e-fad5-40c6-a99e-1f07fcc56c74@group-EBEE9BAA75A8, cid=45, FAILED org.apache.ratis.protocol.NotLeaderException: Server 6721d19e-fad5-40c6-a99e-1f07fcc56c74@group-EBEE9BAA75A8 is not the leader 9f3eeb55-1628-4544-b8a1-8f6a6bd18952:192.168.34.25:34224, logIndex=0, commits[6721d19e-fad5-40c6-a99e-1f07fcc56c74:c16, 6effdead-13d1-41e6-a2f2-1b6cf88b37a4:c16, 9f3eeb55-1628-4544-b8a1-8f6a6bd18952:c16]
 0.00% |█                                                                                                    |  0/1 Time: 0:08:12 0.00% |█                                                                                                    |  0/1 Time: 0:08:13 0.00% |█                                                                                                    |  0/1 Time: 0:08:14 0.00% |█                                                                                                    |  0/1 Time: 0:08:15 0.00% |█                                                                                                    |  0/1 Time: 0:08:162019-09-10 20:28:23,335 [grpc-default-executor-4] INFO  client.GrpcClientProtocolClient (GrpcClientProtocolClient.java:onNext(264)) - client-698E40308194->6721d19e-fad5-40c6-a99e-1f07fcc56c74: receive RaftClientReply:client-698E40308194->6721d19e-fad5-40c6-a99e-1f07fcc56c74@group-EBEE9BAA75A8, cid=45, FAILED org.apache.ratis.protocol.NotLeaderException: Server 6721d19e-fad5-40c6-a99e-1f07fcc56c74@group-EBEE9BAA75A8 is not the leader 9f3eeb55-1628-4544-b8a1-8f6a6bd18952:192.168.34.25:34224, logIndex=0, commits[6721d19e-fad5-40c6-a99e-1f07fcc56c74:c16, 6effdead-13d1-41e6-a2f2-1b6cf88b37a4:c16, 9f3eeb55-1628-4544-b8a1-8f6a6bd18952:c16]
 0.00% |█                                                                                                    |  0/1 Time: 0:08:17 0.00% |█                                                                                                    |  0/1 Time: 0:08:182019-09-10 20:28:25,815 [9f3eeb55-1628-4544-b8a1-8f6a6bd18952@group-EBEE9BAA75A8-SegmentedRaftLogWorker] WARN  segmented.SegmentedRaftLogWorker (SegmentedRaftLogWorker.java:getFromFuture(90)) - Timeout 29/~
org.apache.ratis.protocol.TimeoutIOException: Timeout 10s: WriteLog:17: (t:1, i:17), STATEMACHINELOGENTRY, client-698E40308194, cid=45-writeStateMachineData
	at org.apache.ratis.util.IOUtils.getFromFuture(IOUtils.java:87)
	at org.apache.ratis.server.raftlog.segmented.SegmentedRaftLogWorker$StateMachineDataPolicy.getFromFuture(SegmentedRaftLogWorker.java:87)
	at org.apache.ratis.server.raftlog.segmented.SegmentedRaftLogWorker$WriteLog.execute(SegmentedRaftLogWorker.java:477)
	at org.apache.ratis.server.raftlog.segmented.SegmentedRaftLogWorker.run(SegmentedRaftLogWorker.java:289)
	at java.lang.Thread.run(Thread.java:748)
Caused by: java.util.concurrent.TimeoutException
	at java.util.concurrent.CompletableFuture.timedGet(CompletableFuture.java:1771)
	at java.util.concurrent.CompletableFuture.get(CompletableFuture.java:1915)
	at org.apache.ratis.util.IOUtils.getFromFuture(IOUtils.java:79)
	... 4 more
 0.00% |█                                                                                                    |  0/1 Time: 0:08:19 0.00% |█                                                                                                    |  0/1 Time: 0:08:20 0.00% |█                                                                                                    |  0/1 Time: 0:08:212019-09-10 20:28:28,367 [grpc-default-executor-2] INFO  client.GrpcClientProtocolClient (GrpcClientProtocolClient.java:onNext(264)) - client-698E40308194->6721d19e-fad5-40c6-a99e-1f07fcc56c74: receive RaftClientReply:client-698E40308194->6721d19e-fad5-40c6-a99e-1f07fcc56c74@group-EBEE9BAA75A8, cid=45, FAILED org.apache.ratis.protocol.NotLeaderException: Server 6721d19e-fad5-40c6-a99e-1f07fcc56c74@group-EBEE9BAA75A8 is not the leader 9f3eeb55-1628-4544-b8a1-8f6a6bd18952:192.168.34.25:34224, logIndex=0, commits[6721d19e-fad5-40c6-a99e-1f07fcc56c74:c16, 6effdead-13d1-41e6-a2f2-1b6cf88b37a4:c16, 9f3eeb55-1628-4544-b8a1-8f6a6bd18952:c16]
2019-09-10 20:28:28,377 [pool-53-thread-3] WARN  io.KeyOutputStream (KeyOutputStream.java:handleException(274)) - Encountered exception java.io.IOException: Unexpected Storage Container Exception: java.util.concurrent.CompletionException: java.util.concurrent.CompletionException: org.apache.ratis.protocol.RaftRetryFailureException: Failed RaftClientRequest:client-698E40308194->6721d19e-fad5-40c6-a99e-1f07fcc56c74@group-EBEE9BAA75A8, cid=45, seq=9*, RW, org.apache.hadoop.hdds.scm.XceiverClientRatis$$Lambda$345/822904465@14d98d00 for 180 attempts with RetryLimited(maxAttempts=180, sleepTime=1000ms) on the pipeline Pipeline[ Id: f8dfd507-ac73-4b58-9234-ebee9baa75a8, Nodes: 6721d19e-fad5-40c6-a99e-1f07fcc56c74{ip: 192.168.34.25, host: pr-hdds-2032-ffkjc-170187842, networkLocation: /default-rack, certSerialId: null}6effdead-13d1-41e6-a2f2-1b6cf88b37a4{ip: 192.168.34.25, host: pr-hdds-2032-ffkjc-170187842, networkLocation: /default-rack, certSerialId: null}9f3eeb55-1628-4544-b8a1-8f6a6bd18952{ip: 192.168.34.25, host: pr-hdds-2032-ffkjc-170187842, networkLocation: /default-rack, certSerialId: null}, Type:RATIS, Factor:THREE, State:OPEN]. The last committed block length is 0, uncommitted data length is 2097152 retry count 0
2019-09-10 20:28:28,399 [IPC Server handler 10 on 37468] WARN  block.BlockManagerImpl (BlockManagerImpl.java:allocateBlock(192)) - Pipeline creation failed for type:RATIS factor:THREE. Retrying get pipelines call once.
org.apache.hadoop.hdds.scm.pipeline.InsufficientDatanodesException: Cannot create pipeline of factor 3 using 0 nodes.
	at org.apache.hadoop.hdds.scm.pipeline.RatisPipelineProvider.create(RatisPipelineProvider.java:152)
	at org.apache.hadoop.hdds.scm.pipeline.PipelineFactory.create(PipelineFactory.java:57)
	at org.apache.hadoop.hdds.scm.pipeline.SCMPipelineManager.createPipeline(SCMPipelineManager.java:151)
	at org.apache.hadoop.hdds.scm.block.BlockManagerImpl.allocateBlock(BlockManagerImpl.java:190)
	at org.apache.hadoop.hdds.scm.server.SCMBlockProtocolServer.allocateBlock(SCMBlockProtocolServer.java:182)
	at org.apache.hadoop.ozone.protocolPB.ScmBlockLocationProtocolServerSideTranslatorPB.allocateScmBlock(ScmBlockLocationProtocolServerSideTranslatorPB.java:183)
	at org.apache.hadoop.ozone.protocolPB.ScmBlockLocationProtocolServerSideTranslatorPB.processMessage(ScmBlockLocationProtocolServerSideTranslatorPB.java:141)
	at org.apache.hadoop.ozone.protocolPB.ScmBlockLocationProtocolServerSideTranslatorPB.send(ScmBlockLocationProtocolServerSideTranslatorPB.java:116)
	at org.apache.hadoop.hdds.protocol.proto.ScmBlockLocationProtocolProtos$ScmBlockLocationProtocolService$2.callBlockingMethod(ScmBlockLocationProtocolProtos.java:13157)
	at org.apache.hadoop.ipc.ProtobufRpcEngine$Server$ProtoBufRpcInvoker.call(ProtobufRpcEngine.java:524)
	at org.apache.hadoop.ipc.RPC$Server.call(RPC.java:1025)
	at org.apache.hadoop.ipc.Server$RpcCall.run(Server.java:876)
	at org.apache.hadoop.ipc.Server$RpcCall.run(Server.java:822)
	at java.security.AccessController.doPrivileged(Native Method)
	at javax.security.auth.Subject.doAs(Subject.java:422)
	at org.apache.hadoop.security.UserGroupInformation.doAs(UserGroupInformation.java:1730)
	at org.apache.hadoop.ipc.Server$Handler.run(Server.java:2682)
2019-09-10 20:28:28,400 [IPC Server handler 10 on 37468] INFO  block.BlockManagerImpl (BlockManagerImpl.java:allocateBlock(198)) - Could not find available pipeline of type:RATIS and factor:THREE even after retrying
2019-09-10 20:28:28,400 [IPC Server handler 10 on 37468] ERROR block.BlockManagerImpl (BlockManagerImpl.java:allocateBlock(222)) - Unable to allocate a block for the size: 4194304, type: RATIS, factor: THREE
2019-09-10 20:28:28,405 [pool-53-thread-3] ERROR io.BlockOutputStreamEntryPool (BlockOutputStreamEntryPool.java:allocateBlockIfNeeded(299)) - Try to allocate more blocks for write failed, already allocated 0 blocks for this write.
INTERNAL_ERROR org.apache.hadoop.ozone.om.exceptions.OMException: Allocated 0 blocks. Requested 1 blocks
	at org.apache.hadoop.ozone.om.protocolPB.OzoneManagerProtocolClientSideTranslatorPB.handleError(OzoneManagerProtocolClientSideTranslatorPB.java:725)
	at org.apache.hadoop.ozone.om.protocolPB.OzoneManagerProtocolClientSideTranslatorPB.allocateBlock(OzoneManagerProtocolClientSideTranslatorPB.java:757)
	at org.apache.hadoop.ozone.client.io.BlockOutputStreamEntryPool.allocateNewBlock(BlockOutputStreamEntryPool.java:248)
	at org.apache.hadoop.ozone.client.io.BlockOutputStreamEntryPool.allocateBlockIfNeeded(BlockOutputStreamEntryPool.java:296)
	at org.apache.hadoop.ozone.client.io.KeyOutputStream.handleWrite(KeyOutputStream.java:198)
	at org.apache.hadoop.ozone.client.io.KeyOutputStream.handleRetry(KeyOutputStream.java:375)
	at org.apache.hadoop.ozone.client.io.KeyOutputStream.handleException(KeyOutputStream.java:324)
	at org.apache.hadoop.ozone.client.io.KeyOutputStream.handleWrite(KeyOutputStream.java:228)
	at org.apache.hadoop.ozone.client.io.KeyOutputStream.write(KeyOutputStream.java:190)
	at org.apache.hadoop.ozone.client.io.OzoneOutputStream.write(OzoneOutputStream.java:49)
	at org.apache.hadoop.ozone.freon.RandomKeyGenerator.createKey(RandomKeyGenerator.java:708)
	at org.apache.hadoop.ozone.freon.RandomKeyGenerator.access$1100(RandomKeyGenerator.java:88)
	at org.apache.hadoop.ozone.freon.RandomKeyGenerator$ObjectCreator.run(RandomKeyGenerator.java:615)
	at java.util.concurrent.Executors$RunnableAdapter.call(Executors.java:511)
	at java.util.concurrent.FutureTask.run(FutureTask.java:266)
	at java.util.concurrent.ThreadPoolExecutor.runWorker(ThreadPoolExecutor.java:1149)
	at java.util.concurrent.ThreadPoolExecutor$Worker.run(ThreadPoolExecutor.java:624)
	at java.lang.Thread.run(Thread.java:748)
2019-09-10 20:28:28,406 [pool-53-thread-3] ERROR freon.RandomKeyGenerator (RandomKeyGenerator.java:createKey(733)) - Exception while adding key: key-0-79305 in bucket: bucket-0-37003 of volume: vol-0-77429.
INTERNAL_ERROR org.apache.hadoop.ozone.om.exceptions.OMException: Allocated 0 blocks. Requested 1 blocks
	at org.apache.hadoop.ozone.om.protocolPB.OzoneManagerProtocolClientSideTranslatorPB.handleError(OzoneManagerProtocolClientSideTranslatorPB.java:725)
	at org.apache.hadoop.ozone.om.protocolPB.OzoneManagerProtocolClientSideTranslatorPB.allocateBlock(OzoneManagerProtocolClientSideTranslatorPB.java:757)
	at org.apache.hadoop.ozone.client.io.BlockOutputStreamEntryPool.allocateNewBlock(BlockOutputStreamEntryPool.java:248)
	at org.apache.hadoop.ozone.client.io.BlockOutputStreamEntryPool.allocateBlockIfNeeded(BlockOutputStreamEntryPool.java:296)
	at org.apache.hadoop.ozone.client.io.KeyOutputStream.handleWrite(KeyOutputStream.java:198)
	at org.apache.hadoop.ozone.client.io.KeyOutputStream.handleRetry(KeyOutputStream.java:375)
	at org.apache.hadoop.ozone.client.io.KeyOutputStream.handleException(KeyOutputStream.java:324)
	at org.apache.hadoop.ozone.client.io.KeyOutputStream.handleWrite(KeyOutputStream.java:228)
	at org.apache.hadoop.ozone.client.io.KeyOutputStream.write(KeyOutputStream.java:190)
	at org.apache.hadoop.ozone.client.io.OzoneOutputStream.write(OzoneOutputStream.java:49)
	at org.apache.hadoop.ozone.freon.RandomKeyGenerator.createKey(RandomKeyGenerator.java:708)
	at org.apache.hadoop.ozone.freon.RandomKeyGenerator.access$1100(RandomKeyGenerator.java:88)
	at org.apache.hadoop.ozone.freon.RandomKeyGenerator$ObjectCreator.run(RandomKeyGenerator.java:615)
	at java.util.concurrent.Executors$RunnableAdapter.call(Executors.java:511)
	at java.util.concurrent.FutureTask.run(FutureTask.java:266)
	at java.util.concurrent.ThreadPoolExecutor.runWorker(ThreadPoolExecutor.java:1149)
	at java.util.concurrent.ThreadPoolExecutor$Worker.run(ThreadPoolExecutor.java:624)
	at java.lang.Thread.run(Thread.java:748)
 0.00% |█                                                                                                    |  0/1 Time: 0:08:22 0.00% |█                                                                                                    |  0/1 Time: 0:08:23 0.00% |█                                                                                                    |  0/1 Time: 0:08:24 100.00% |█████████████████████████████████████████████████████████████████████████████████████████████████████|  1/1 Time: 0:08:25
2019-09-10 20:28:35,817 [9f3eeb55-1628-4544-b8a1-8f6a6bd18952@group-EBEE9BAA75A8-SegmentedRaftLogWorker] WARN  segmented.SegmentedRaftLogWorker (SegmentedRaftLogWorker.java:getFromFuture(90)) - Timeout 30/~
org.apache.ratis.protocol.TimeoutIOException: Timeout 10s: WriteLog:17: (t:1, i:17), STATEMACHINELOGENTRY, client-698E40308194, cid=45-writeStateMachineData
	at org.apache.ratis.util.IOUtils.getFromFuture(IOUtils.java:87)
	at org.apache.ratis.server.raftlog.segmented.SegmentedRaftLogWorker$StateMachineDataPolicy.getFromFuture(SegmentedRaftLogWorker.java:87)
	at org.apache.ratis.server.raftlog.segmented.SegmentedRaftLogWorker$WriteLog.execute(SegmentedRaftLogWorker.java:477)
	at org.apache.ratis.server.raftlog.segmented.SegmentedRaftLogWorker.run(SegmentedRaftLogWorker.java:289)
	at java.lang.Thread.run(Thread.java:748)
Caused by: java.util.concurrent.TimeoutException
	at java.util.concurrent.CompletableFuture.timedGet(CompletableFuture.java:1771)
	at java.util.concurrent.CompletableFuture.get(CompletableFuture.java:1915)
	at org.apache.ratis.util.IOUtils.getFromFuture(IOUtils.java:79)
	... 4 more
]]></system-out>
    <system-err><![CDATA[ERROR StatusLogger No Log4j 2 configuration file found. Using default configuration (logging only errors to the console), or user programmatically provided configurations. Set system property 'log4j2.debug' to show Log4j 2 internal initialization logging. See https://logging.apache.org/log4j/2.x/manual/configuration.html for instructions on how to configure Log4j 2
]]></system-err>
  </testcase>
</testsuite>