<?xml version="1.0" encoding="UTF-8"?>
<testsuite xmlns:xsi="http://www.w3.org/2001/XMLSchema-instance" xsi:noNamespaceSchemaLocation="https://maven.apache.org/surefire/maven-surefire-plugin/xsd/surefire-test-report.xsd" name="org.apache.hadoop.ozone.client.rpc.TestBlockOutputStream" time="792.38" tests="6" errors="0" skipped="0" failures="4">
  <properties>
    <property name="awt.toolkit" value="sun.awt.X11.XToolkit"/>
    <property name="file.encoding.pkg" value="sun.io"/>
    <property name="java.specification.version" value="1.8"/>
    <property name="sun.cpu.isalist" value=""/>
    <property name="sun.jnu.encoding" value="UTF-8"/>
    <property name="java.class.path" value="/workdir/hadoop-ozone/integration-test/target/test-classes:/workdir/hadoop-ozone/integration-test/target/classes:/home/user/.m2/repository/org/apache/hadoop/hadoop-ozone-common/0.5.0-SNAPSHOT/hadoop-ozone-common-0.5.0-SNAPSHOT.jar:/home/user/.m2/repository/org/apache/commons/commons-compress/1.4.1/commons-compress-1.4.1.jar:/home/user/.m2/repository/org/tukaani/xz/1.0/xz-1.0.jar:/home/user/.m2/repository/org/apache/hadoop/hadoop-common/3.2.0/hadoop-common-3.2.0.jar:/home/user/.m2/repository/org/apache/hadoop/hadoop-hdfs/3.2.0/hadoop-hdfs-3.2.0.jar:/home/user/.m2/repository/org/apache/hadoop/hadoop-hdfs-client/3.2.0/hadoop-hdfs-client-3.2.0.jar:/home/user/.m2/repository/com/fasterxml/jackson/core/jackson-annotations/2.9.5/jackson-annotations-2.9.5.jar:/home/user/.m2/repository/org/apache/hadoop/hadoop-hdds-common/0.5.0-SNAPSHOT/hadoop-hdds-common-0.5.0-SNAPSHOT.jar:/home/user/.m2/repository/javax/annotation/javax.annotation-api/1.2/javax.annotation-api-1.2.jar:/home/user/.m2/repository/org/apache/ratis/ratis-server/0.4.0-78e95b9-SNAPSHOT/ratis-server-0.4.0-78e95b9-SNAPSHOT.jar:/home/user/.m2/repository/org/apache/ratis/ratis-thirdparty-misc/0.2.0/ratis-thirdparty-misc-0.2.0.jar:/home/user/.m2/repository/org/apache/ratis/ratis-proto/0.4.0-78e95b9-SNAPSHOT/ratis-proto-0.4.0-78e95b9-SNAPSHOT.jar:/home/user/.m2/repository/org/apache/ratis/ratis-common/0.4.0-78e95b9-SNAPSHOT/ratis-common-0.4.0-78e95b9-SNAPSHOT.jar:/home/user/.m2/repository/org/apache/ratis/ratis-client/0.4.0-78e95b9-SNAPSHOT/ratis-client-0.4.0-78e95b9-SNAPSHOT.jar:/home/user/.m2/repository/org/apache/ratis/ratis-metrics/0.4.0-78e95b9-SNAPSHOT/ratis-metrics-0.4.0-78e95b9-SNAPSHOT.jar:/home/user/.m2/repository/com/github/joshelser/dropwizard-metrics-hadoop-metrics2-reporter/0.1.2/dropwizard-metrics-hadoop-metrics2-reporter-0.1.2.jar:/home/user/.m2/repository/io/dropwizard/metrics/metrics-jvm/3.2.5/metrics-jvm-3.2.5.jar:/home/user/.m2/repository/io/dropwizard/metrics/metrics-ganglia/3.2.5/metrics-ganglia-3.2.5.jar:/home/user/.m2/repository/info/ganglia/gmetric4j/gmetric4j/1.0.7/gmetric4j-1.0.7.jar:/home/user/.m2/repository/org/apache/ratis/ratis-netty/0.4.0-78e95b9-SNAPSHOT/ratis-netty-0.4.0-78e95b9-SNAPSHOT.jar:/home/user/.m2/repository/org/apache/ratis/ratis-grpc/0.4.0-78e95b9-SNAPSHOT/ratis-grpc-0.4.0-78e95b9-SNAPSHOT.jar:/home/user/.m2/repository/org/rocksdb/rocksdbjni/6.0.1/rocksdbjni-6.0.1.jar:/home/user/.m2/repository/org/apache/logging/log4j/log4j-api/2.11.0/log4j-api-2.11.0.jar:/home/user/.m2/repository/org/apache/logging/log4j/log4j-core/2.11.0/log4j-core-2.11.0.jar:/home/user/.m2/repository/com/lmax/disruptor/3.4.2/disruptor-3.4.2.jar:/home/user/.m2/repository/org/apache/commons/commons-pool2/2.6.0/commons-pool2-2.6.0.jar:/home/user/.m2/repository/org/bouncycastle/bcpkix-jdk15on/1.60/bcpkix-jdk15on-1.60.jar:/home/user/.m2/repository/commons-validator/commons-validator/1.6/commons-validator-1.6.jar:/home/user/.m2/repository/commons-digester/commons-digester/1.8.1/commons-digester-1.8.1.jar:/home/user/.m2/repository/io/jaegertracing/jaeger-client/0.33.1/jaeger-client-0.33.1.jar:/home/user/.m2/repository/io/jaegertracing/jaeger-thrift/0.33.1/jaeger-thrift-0.33.1.jar:/home/user/.m2/repository/org/apache/thrift/libthrift/0.11.0/libthrift-0.11.0.jar:/home/user/.m2/repository/com/squareup/okhttp3/okhttp/3.9.0/okhttp-3.9.0.jar:/home/user/.m2/repository/com/squareup/okio/okio/1.13.0/okio-1.13.0.jar:/home/user/.m2/repository/io/jaegertracing/jaeger-core/0.33.1/jaeger-core-0.33.1.jar:/home/user/.m2/repository/io/jaegertracing/jaeger-tracerresolver/0.33.1/jaeger-tracerresolver-0.33.1.jar:/home/user/.m2/repository/io/opentracing/contrib/opentracing-tracerresolver/0.1.5/opentracing-tracerresolver-0.1.5.jar:/home/user/.m2/repository/io/opentracing/opentracing-util/0.31.0/opentracing-util-0.31.0.jar:/home/user/.m2/repository/io/opentracing/opentracing-api/0.31.0/opentracing-api-0.31.0.jar:/home/user/.m2/repository/io/opentracing/opentracing-noop/0.31.0/opentracing-noop-0.31.0.jar:/home/user/.m2/repository/org/apache/hadoop/hadoop-hdds-server-framework/0.5.0-SNAPSHOT/hadoop-hdds-server-framework-0.5.0-SNAPSHOT.jar:/home/user/.m2/repository/org/apache/hadoop/hadoop-hdds-container-service/0.5.0-SNAPSHOT/hadoop-hdds-container-service-0.5.0-SNAPSHOT.jar:/home/user/.m2/repository/org/apache/hadoop/hadoop-hdds-client/0.5.0-SNAPSHOT/hadoop-hdds-client-0.5.0-SNAPSHOT.jar:/home/user/.m2/repository/org/apache/hadoop/hadoop-hdds-tools/0.5.0-SNAPSHOT/hadoop-hdds-tools-0.5.0-SNAPSHOT.jar:/home/user/.m2/repository/org/apache/hadoop/hadoop-hdds-server-scm/0.5.0-SNAPSHOT/hadoop-hdds-server-scm-0.5.0-SNAPSHOT.jar:/home/user/.m2/repository/org/apache/hadoop/hadoop-hdds-docs/0.5.0-SNAPSHOT/hadoop-hdds-docs-0.5.0-SNAPSHOT.jar:/home/user/.m2/repository/io/dropwizard/metrics/metrics-core/3.2.4/metrics-core-3.2.4.jar:/home/user/.m2/repository/org/hamcrest/hamcrest-all/1.3/hamcrest-all-1.3.jar:/home/user/.m2/repository/org/bouncycastle/bcprov-jdk15on/1.60/bcprov-jdk15on-1.60.jar:/home/user/.m2/repository/info/picocli/picocli/3.9.6/picocli-3.9.6.jar:/home/user/.m2/repository/com/google/protobuf/protobuf-java/2.5.0/protobuf-java-2.5.0.jar:/home/user/.m2/repository/com/google/guava/guava/11.0.2/guava-11.0.2.jar:/home/user/.m2/repository/org/apache/hadoop/hadoop-ozone-ozone-manager/0.5.0-SNAPSHOT/hadoop-ozone-ozone-manager-0.5.0-SNAPSHOT.jar:/home/user/.m2/repository/org/apache/hadoop/hadoop-minikdc/3.2.0/hadoop-minikdc-3.2.0.jar:/home/user/.m2/repository/commons-io/commons-io/2.5/commons-io-2.5.jar:/home/user/.m2/repository/org/apache/kerby/kerb-simplekdc/1.0.1/kerb-simplekdc-1.0.1.jar:/home/user/.m2/repository/org/apache/kerby/kerb-client/1.0.1/kerb-client-1.0.1.jar:/home/user/.m2/repository/org/apache/kerby/kerby-config/1.0.1/kerby-config-1.0.1.jar:/home/user/.m2/repository/org/apache/kerby/kerb-core/1.0.1/kerb-core-1.0.1.jar:/home/user/.m2/repository/org/apache/kerby/kerby-pkix/1.0.1/kerby-pkix-1.0.1.jar:/home/user/.m2/repository/org/apache/kerby/kerby-asn1/1.0.1/kerby-asn1-1.0.1.jar:/home/user/.m2/repository/org/apache/kerby/kerby-util/1.0.1/kerby-util-1.0.1.jar:/home/user/.m2/repository/org/apache/kerby/kerb-common/1.0.1/kerb-common-1.0.1.jar:/home/user/.m2/repository/org/apache/kerby/kerb-crypto/1.0.1/kerb-crypto-1.0.1.jar:/home/user/.m2/repository/org/apache/kerby/kerb-util/1.0.1/kerb-util-1.0.1.jar:/home/user/.m2/repository/org/apache/kerby/token-provider/1.0.1/token-provider-1.0.1.jar:/home/user/.m2/repository/org/apache/kerby/kerb-admin/1.0.1/kerb-admin-1.0.1.jar:/home/user/.m2/repository/org/apache/kerby/kerb-server/1.0.1/kerb-server-1.0.1.jar:/home/user/.m2/repository/org/apache/kerby/kerb-identity/1.0.1/kerb-identity-1.0.1.jar:/home/user/.m2/repository/org/apache/kerby/kerby-xdr/1.0.1/kerby-xdr-1.0.1.jar:/home/user/.m2/repository/org/slf4j/slf4j-log4j12/1.7.25/slf4j-log4j12-1.7.25.jar:/home/user/.m2/repository/org/apache/hadoop/hadoop-ozone-s3gateway/0.5.0-SNAPSHOT/hadoop-ozone-s3gateway-0.5.0-SNAPSHOT.jar:/home/user/.m2/repository/org/jboss/weld/servlet/weld-servlet/2.4.7.Final/weld-servlet-2.4.7.Final.jar:/home/user/.m2/repository/org/glassfish/jersey/containers/jersey-container-servlet-core/2.27/jersey-container-servlet-core-2.27.jar:/home/user/.m2/repository/org/glassfish/hk2/external/javax.inject/2.5.0-b42/javax.inject-2.5.0-b42.jar:/home/user/.m2/repository/org/glassfish/jersey/core/jersey-common/2.27/jersey-common-2.27.jar:/home/user/.m2/repository/org/glassfish/hk2/osgi-resource-locator/1.0.1/osgi-resource-locator-1.0.1.jar:/home/user/.m2/repository/javax/ws/rs/javax.ws.rs-api/2.1/javax.ws.rs-api-2.1.jar:/home/user/.m2/repository/org/glassfish/jersey/ext/cdi/jersey-cdi1x/2.27/jersey-cdi1x-2.27.jar:/home/user/.m2/repository/org/glassfish/jersey/inject/jersey-hk2/2.27/jersey-hk2-2.27.jar:/home/user/.m2/repository/org/glassfish/hk2/hk2-locator/2.5.0-b42/hk2-locator-2.5.0-b42.jar:/home/user/.m2/repository/org/javassist/javassist/3.22.0-CR2/javassist-3.22.0-CR2.jar:/home/user/.m2/repository/org/glassfish/hk2/hk2-api/2.5.0/hk2-api-2.5.0.jar:/home/user/.m2/repository/org/glassfish/hk2/external/jakarta.inject/2.5.0/jakarta.inject-2.5.0.jar:/home/user/.m2/repository/org/glassfish/hk2/hk2-utils/2.5.0/hk2-utils-2.5.0.jar:/home/user/.m2/repository/jakarta/annotation/jakarta.annotation-api/1.3.4/jakarta.annotation-api-1.3.4.jar:/home/user/.m2/repository/org/glassfish/hk2/external/aopalliance-repackaged/2.5.0/aopalliance-repackaged-2.5.0.jar:/home/user/.m2/repository/com/fasterxml/jackson/dataformat/jackson-dataformat-xml/2.9.0/jackson-dataformat-xml-2.9.0.jar:/home/user/.m2/repository/com/fasterxml/jackson/core/jackson-core/2.9.5/jackson-core-2.9.5.jar:/home/user/.m2/repository/com/fasterxml/jackson/module/jackson-module-jaxb-annotations/2.9.5/jackson-module-jaxb-annotations-2.9.5.jar:/home/user/.m2/repository/javax/enterprise/cdi-api/1.2/cdi-api-1.2.jar:/home/user/.m2/repository/javax/el/javax.el-api/3.0.0/javax.el-api-3.0.0.jar:/home/user/.m2/repository/javax/interceptor/javax.interceptor-api/1.2/javax.interceptor-api-1.2.jar:/home/user/.m2/repository/javax/inject/javax.inject/1/javax.inject-1.jar:/home/user/.m2/repository/com/sun/xml/bind/jaxb-impl/2.3.0.1/jaxb-impl-2.3.0.1.jar:/home/user/.m2/repository/com/sun/xml/bind/jaxb-core/2.3.0.1/jaxb-core-2.3.0.1.jar:/home/user/.m2/repository/javax/xml/bind/jaxb-api/2.3.0/jaxb-api-2.3.0.jar:/home/user/.m2/repository/javax/activation/activation/1.1.1/activation-1.1.1.jar:/home/user/.m2/repository/org/apache/hadoop/hadoop-ozone-csi/0.5.0-SNAPSHOT/hadoop-ozone-csi-0.5.0-SNAPSHOT.jar:/home/user/.m2/repository/com/google/protobuf/protobuf-java-util/3.5.1/protobuf-java-util-3.5.1.jar:/home/user/.m2/repository/org/apache/hadoop/hadoop-hdds-config/0.5.0-SNAPSHOT/hadoop-hdds-config-0.5.0-SNAPSHOT.jar:/home/user/.m2/repository/io/grpc/grpc-netty/1.17.1/grpc-netty-1.17.1.jar:/home/user/.m2/repository/io/grpc/grpc-core/1.17.1/grpc-core-1.17.1.jar:/home/user/.m2/repository/io/grpc/grpc-context/1.17.1/grpc-context-1.17.1.jar:/home/user/.m2/repository/com/google/errorprone/error_prone_annotations/2.2.0/error_prone_annotations-2.2.0.jar:/home/user/.m2/repository/org/codehaus/mojo/animal-sniffer-annotations/1.17/animal-sniffer-annotations-1.17.jar:/home/user/.m2/repository/io/opencensus/opencensus-api/0.17.0/opencensus-api-0.17.0.jar:/home/user/.m2/repository/io/opencensus/opencensus-contrib-grpc-metrics/0.17.0/opencensus-contrib-grpc-metrics-0.17.0.jar:/home/user/.m2/repository/io/netty/netty-codec-http2/4.1.30.Final/netty-codec-http2-4.1.30.Final.jar:/home/user/.m2/repository/io/netty/netty-codec-http/4.1.30.Final/netty-codec-http-4.1.30.Final.jar:/home/user/.m2/repository/io/netty/netty-codec/4.1.30.Final/netty-codec-4.1.30.Final.jar:/home/user/.m2/repository/io/netty/netty-handler/4.1.30.Final/netty-handler-4.1.30.Final.jar:/home/user/.m2/repository/io/netty/netty-handler-proxy/4.1.30.Final/netty-handler-proxy-4.1.30.Final.jar:/home/user/.m2/repository/io/netty/netty-codec-socks/4.1.30.Final/netty-codec-socks-4.1.30.Final.jar:/home/user/.m2/repository/io/netty/netty-transport-native-epoll/4.1.30.Final/netty-transport-native-epoll-4.1.30.Final.jar:/home/user/.m2/repository/io/netty/netty-common/4.1.30.Final/netty-common-4.1.30.Final.jar:/home/user/.m2/repository/io/netty/netty-buffer/4.1.30.Final/netty-buffer-4.1.30.Final.jar:/home/user/.m2/repository/io/netty/netty-transport/4.1.30.Final/netty-transport-4.1.30.Final.jar:/home/user/.m2/repository/io/netty/netty-resolver/4.1.30.Final/netty-resolver-4.1.30.Final.jar:/home/user/.m2/repository/io/netty/netty-transport-native-unix-common/4.1.30.Final/netty-transport-native-unix-common-4.1.30.Final.jar:/home/user/.m2/repository/io/grpc/grpc-protobuf/1.17.1/grpc-protobuf-1.17.1.jar:/home/user/.m2/repository/com/google/api/grpc/proto-google-common-protos/1.0.0/proto-google-common-protos-1.0.0.jar:/home/user/.m2/repository/io/grpc/grpc-protobuf-lite/1.17.1/grpc-protobuf-lite-1.17.1.jar:/home/user/.m2/repository/io/grpc/grpc-stub/1.17.1/grpc-stub-1.17.1.jar:/home/user/.m2/repository/org/apache/hadoop/hadoop-ozone-recon/0.5.0-SNAPSHOT/hadoop-ozone-recon-0.5.0-SNAPSHOT.jar:/home/user/.m2/repository/org/apache/hadoop/hadoop-ozone-reconcodegen/0.5.0-SNAPSHOT/hadoop-ozone-reconcodegen-0.5.0-SNAPSHOT.jar:/home/user/.m2/repository/com/google/inject/extensions/guice-multibindings/4.0/guice-multibindings-4.0.jar:/home/user/.m2/repository/com/google/inject/guice/4.0/guice-4.0.jar:/home/user/.m2/repository/aopalliance/aopalliance/1.0/aopalliance-1.0.jar:/home/user/.m2/repository/com/google/inject/extensions/guice-servlet/4.0/guice-servlet-4.0.jar:/home/user/.m2/repository/org/glassfish/jersey/containers/jersey-container-servlet/2.27/jersey-container-servlet-2.27.jar:/home/user/.m2/repository/org/glassfish/hk2/guice-bridge/2.5.0/guice-bridge-2.5.0.jar:/home/user/.m2/repository/org/glassfish/jersey/core/jersey-server/2.27/jersey-server-2.27.jar:/home/user/.m2/repository/org/glassfish/jersey/core/jersey-client/2.27/jersey-client-2.27.jar:/home/user/.m2/repository/org/glassfish/jersey/media/jersey-media-jaxb/2.27/jersey-media-jaxb-2.27.jar:/home/user/.m2/repository/javax/validation/validation-api/1.1.0.Final/validation-api-1.1.0.Final.jar:/home/user/.m2/repository/org/glassfish/jersey/media/jersey-media-json-jackson/2.27/jersey-media-json-jackson-2.27.jar:/home/user/.m2/repository/org/glassfish/jersey/ext/jersey-entity-filtering/2.27/jersey-entity-filtering-2.27.jar:/home/user/.m2/repository/com/google/inject/extensions/guice-assistedinject/4.0/guice-assistedinject-4.0.jar:/home/user/.m2/repository/org/jooq/jooq/3.11.10/jooq-3.11.10.jar:/home/user/.m2/repository/org/jooq/jooq-meta/3.11.10/jooq-meta-3.11.10.jar:/home/user/.m2/repository/org/jooq/jooq-codegen/3.11.10/jooq-codegen-3.11.10.jar:/home/user/.m2/repository/com/jolbox/bonecp/0.8.0.RELEASE/bonecp-0.8.0.RELEASE.jar:/home/user/.m2/repository/org/xerial/sqlite-jdbc/3.25.2/sqlite-jdbc-3.25.2.jar:/home/user/.m2/repository/org/springframework/spring-jdbc/5.1.3.RELEASE/spring-jdbc-5.1.3.RELEASE.jar:/home/user/.m2/repository/org/springframework/spring-beans/5.1.3.RELEASE/spring-beans-5.1.3.RELEASE.jar:/home/user/.m2/repository/org/springframework/spring-core/5.1.3.RELEASE/spring-core-5.1.3.RELEASE.jar:/home/user/.m2/repository/org/springframework/spring-jcl/5.1.3.RELEASE/spring-jcl-5.1.3.RELEASE.jar:/home/user/.m2/repository/org/springframework/spring-tx/5.1.3.RELEASE/spring-tx-5.1.3.RELEASE.jar:/home/user/.m2/repository/org/apache/hadoop/hadoop-ozone-client/0.5.0-SNAPSHOT/hadoop-ozone-client-0.5.0-SNAPSHOT.jar:/home/user/.m2/repository/commons-lang/commons-lang/2.6/commons-lang-2.6.jar:/home/user/.m2/repository/org/apache/hadoop/hadoop-ozone-ozone-manager/0.5.0-SNAPSHOT/hadoop-ozone-ozone-manager-0.5.0-SNAPSHOT-tests.jar:/home/user/.m2/repository/junit/junit/4.11/junit-4.11.jar:/home/user/.m2/repository/org/hamcrest/hamcrest-core/1.3/hamcrest-core-1.3.jar:/home/user/.m2/repository/org/openjdk/jmh/jmh-core/1.19/jmh-core-1.19.jar:/home/user/.m2/repository/net/sf/jopt-simple/jopt-simple/4.6/jopt-simple-4.6.jar:/home/user/.m2/repository/org/apache/commons/commons-math3/3.1.1/commons-math3-3.1.1.jar:/home/user/.m2/repository/org/openjdk/jmh/jmh-generator-annprocess/1.19/jmh-generator-annprocess-1.19.jar:/home/user/.m2/repository/org/mockito/mockito-all/1.8.5/mockito-all-1.8.5.jar:/home/user/.m2/repository/org/apache/hadoop/hadoop-kms/3.2.0/hadoop-kms-3.2.0.jar:/home/user/.m2/repository/org/apache/hadoop/hadoop-auth/3.2.0/hadoop-auth-3.2.0.jar:/home/user/.m2/repository/com/nimbusds/nimbus-jose-jwt/4.41.1/nimbus-jose-jwt-4.41.1.jar:/home/user/.m2/repository/com/github/stephenc/jcip/jcip-annotations/1.0-1/jcip-annotations-1.0-1.jar:/home/user/.m2/repository/net/minidev/json-smart/2.3/json-smart-2.3.jar:/home/user/.m2/repository/net/minidev/accessors-smart/1.2/accessors-smart-1.2.jar:/home/user/.m2/repository/org/ow2/asm/asm/5.0.4/asm-5.0.4.jar:/home/user/.m2/repository/org/apache/curator/curator-framework/2.12.0/curator-framework-2.12.0.jar:/home/user/.m2/repository/com/sun/jersey/jersey-core/1.19/jersey-core-1.19.jar:/home/user/.m2/repository/javax/ws/rs/jsr311-api/1.1.1/jsr311-api-1.1.1.jar:/home/user/.m2/repository/com/sun/jersey/jersey-server/1.19/jersey-server-1.19.jar:/home/user/.m2/repository/javax/servlet/javax.servlet-api/3.1.0/javax.servlet-api-3.1.0.jar:/home/user/.m2/repository/org/eclipse/jetty/jetty-server/9.3.24.v20180605/jetty-server-9.3.24.v20180605.jar:/home/user/.m2/repository/org/eclipse/jetty/jetty-http/9.3.24.v20180605/jetty-http-9.3.24.v20180605.jar:/home/user/.m2/repository/org/eclipse/jetty/jetty-io/9.3.24.v20180605/jetty-io-9.3.24.v20180605.jar:/home/user/.m2/repository/org/eclipse/jetty/jetty-webapp/9.3.24.v20180605/jetty-webapp-9.3.24.v20180605.jar:/home/user/.m2/repository/org/eclipse/jetty/jetty-xml/9.3.24.v20180605/jetty-xml-9.3.24.v20180605.jar:/home/user/.m2/repository/log4j/log4j/1.2.17/log4j-1.2.17.jar:/home/user/.m2/repository/org/slf4j/slf4j-api/1.7.25/slf4j-api-1.7.25.jar:/home/user/.m2/repository/org/slf4j/jul-to-slf4j/1.7.25/jul-to-slf4j-1.7.25.jar:/home/user/.m2/repository/org/eclipse/jetty/jetty-util/9.3.24.v20180605/jetty-util-9.3.24.v20180605.jar:/home/user/.m2/repository/com/fasterxml/jackson/core/jackson-databind/2.9.5/jackson-databind-2.9.5.jar:/home/user/.m2/repository/org/apache/hadoop/hadoop-kms/3.2.0/hadoop-kms-3.2.0-tests.jar:/home/user/.m2/repository/org/apache/hadoop/hadoop-hdds-server-scm/0.5.0-SNAPSHOT/hadoop-hdds-server-scm-0.5.0-SNAPSHOT-tests.jar:/home/user/.m2/repository/org/apache/hadoop/hadoop-hdds-container-service/0.5.0-SNAPSHOT/hadoop-hdds-container-service-0.5.0-SNAPSHOT-tests.jar:/home/user/.m2/repository/org/yaml/snakeyaml/1.16/snakeyaml-1.16.jar:/home/user/.m2/repository/org/apache/hadoop/hadoop-common/3.2.0/hadoop-common-3.2.0-tests.jar:/home/user/.m2/repository/org/apache/hadoop/hadoop-annotations/3.2.0/hadoop-annotations-3.2.0.jar:/usr/lib/jvm/java-1.8-openjdk/jre/../lib/tools.jar:/home/user/.m2/repository/commons-cli/commons-cli/1.2/commons-cli-1.2.jar:/home/user/.m2/repository/org/apache/httpcomponents/httpclient/4.5.2/httpclient-4.5.2.jar:/home/user/.m2/repository/org/apache/httpcomponents/httpcore/4.4.4/httpcore-4.4.4.jar:/home/user/.m2/repository/commons-codec/commons-codec/1.11/commons-codec-1.11.jar:/home/user/.m2/repository/commons-net/commons-net/3.6/commons-net-3.6.jar:/home/user/.m2/repository/commons-collections/commons-collections/3.2.2/commons-collections-3.2.2.jar:/home/user/.m2/repository/org/eclipse/jetty/jetty-servlet/9.3.24.v20180605/jetty-servlet-9.3.24.v20180605.jar:/home/user/.m2/repository/org/eclipse/jetty/jetty-security/9.3.24.v20180605/jetty-security-9.3.24.v20180605.jar:/home/user/.m2/repository/javax/servlet/jsp/jsp-api/2.1/jsp-api-2.1.jar:/home/user/.m2/repository/com/sun/jersey/jersey-servlet/1.19/jersey-servlet-1.19.jar:/home/user/.m2/repository/com/sun/jersey/jersey-json/1.19/jersey-json-1.19.jar:/home/user/.m2/repository/org/codehaus/jettison/jettison/1.1/jettison-1.1.jar:/home/user/.m2/repository/org/codehaus/jackson/jackson-core-asl/1.9.13/jackson-core-asl-1.9.13.jar:/home/user/.m2/repository/org/codehaus/jackson/jackson-mapper-asl/1.9.13/jackson-mapper-asl-1.9.13.jar:/home/user/.m2/repository/org/codehaus/jackson/jackson-jaxrs/1.9.13/jackson-jaxrs-1.9.13.jar:/home/user/.m2/repository/org/codehaus/jackson/jackson-xc/1.9.13/jackson-xc-1.9.13.jar:/home/user/.m2/repository/commons-logging/commons-logging/1.1.3/commons-logging-1.1.3.jar:/home/user/.m2/repository/commons-beanutils/commons-beanutils/1.9.3/commons-beanutils-1.9.3.jar:/home/user/.m2/repository/org/apache/commons/commons-configuration2/2.1.1/commons-configuration2-2.1.1.jar:/home/user/.m2/repository/org/apache/commons/commons-lang3/3.7/commons-lang3-3.7.jar:/home/user/.m2/repository/org/apache/commons/commons-text/1.4/commons-text-1.4.jar:/home/user/.m2/repository/org/apache/avro/avro/1.7.7/avro-1.7.7.jar:/home/user/.m2/repository/com/thoughtworks/paranamer/paranamer/2.3/paranamer-2.3.jar:/home/user/.m2/repository/org/xerial/snappy/snappy-java/1.0.5/snappy-java-1.0.5.jar:/home/user/.m2/repository/com/google/re2j/re2j/1.1/re2j-1.1.jar:/home/user/.m2/repository/com/google/code/gson/gson/2.2.4/gson-2.2.4.jar:/home/user/.m2/repository/com/jcraft/jsch/0.1.54/jsch-0.1.54.jar:/home/user/.m2/repository/org/apache/curator/curator-client/2.12.0/curator-client-2.12.0.jar:/home/user/.m2/repository/org/apache/curator/curator-recipes/2.12.0/curator-recipes-2.12.0.jar:/home/user/.m2/repository/com/google/code/findbugs/jsr305/3.0.0/jsr305-3.0.0.jar:/home/user/.m2/repository/org/apache/htrace/htrace-core4/4.1.0-incubating/htrace-core4-4.1.0-incubating.jar:/home/user/.m2/repository/org/apache/zookeeper/zookeeper/3.4.13/zookeeper-3.4.13.jar:/home/user/.m2/repository/org/apache/yetus/audience-annotations/0.5.0/audience-annotations-0.5.0.jar:/home/user/.m2/repository/org/codehaus/woodstox/stax2-api/3.1.4/stax2-api-3.1.4.jar:/home/user/.m2/repository/com/fasterxml/woodstox/woodstox-core/5.0.3/woodstox-core-5.0.3.jar:/home/user/.m2/repository/dnsjava/dnsjava/2.1.7/dnsjava-2.1.7.jar:/home/user/.m2/repository/org/apache/hadoop/hadoop-hdfs/3.2.0/hadoop-hdfs-3.2.0-tests.jar:/home/user/.m2/repository/org/eclipse/jetty/jetty-util-ajax/9.3.24.v20180605/jetty-util-ajax-9.3.24.v20180605.jar:/home/user/.m2/repository/commons-daemon/commons-daemon/1.0.13/commons-daemon-1.0.13.jar:/home/user/.m2/repository/io/netty/netty/3.10.5.Final/netty-3.10.5.Final.jar:/home/user/.m2/repository/io/netty/netty-all/4.0.52.Final/netty-all-4.0.52.Final.jar:/home/user/.m2/repository/org/fusesource/leveldbjni/leveldbjni-all/1.8/leveldbjni-all-1.8.jar:"/>
    <property name="java.vm.vendor" value="IcedTea"/>
    <property name="sun.arch.data.model" value="64"/>
    <property name="test.build.dir" value="/workdir/hadoop-ozone/integration-test/target/test-dir"/>
    <property name="test.cache.data" value=""/>
    <property name="java.vendor.url" value="https://icedtea.classpath.org"/>
    <property name="user.timezone" value=""/>
    <property name="java.vm.specification.version" value="1.8"/>
    <property name="os.name" value="Linux"/>
    <property name="test.build.data" value="/workdir/hadoop-ozone/integration-test/target/test-dir"/>
    <property name="user.country" value="US"/>
    <property name="sun.java.launcher" value="SUN_STANDARD"/>
    <property name="sun.boot.library.path" value="/usr/lib/jvm/java-1.8-openjdk/jre/lib/amd64"/>
    <property name="sun.java.command" value="/workdir/hadoop-ozone/integration-test/target/surefire/surefirebooter4974964540521919199.jar /workdir/hadoop-ozone/integration-test/target/surefire 2019-09-11T19-14-34_217-jvmRun1 surefire353508259847260667tmp surefire_336157548724362296525tmp"/>
    <property name="test" value="!TestMiniChaosOzoneCluster"/>
    <property name="surefire.test.class.path" value="/workdir/hadoop-ozone/integration-test/target/test-classes:/workdir/hadoop-ozone/integration-test/target/classes:/home/user/.m2/repository/org/apache/hadoop/hadoop-ozone-common/0.5.0-SNAPSHOT/hadoop-ozone-common-0.5.0-SNAPSHOT.jar:/home/user/.m2/repository/org/apache/commons/commons-compress/1.4.1/commons-compress-1.4.1.jar:/home/user/.m2/repository/org/tukaani/xz/1.0/xz-1.0.jar:/home/user/.m2/repository/org/apache/hadoop/hadoop-common/3.2.0/hadoop-common-3.2.0.jar:/home/user/.m2/repository/org/apache/hadoop/hadoop-hdfs/3.2.0/hadoop-hdfs-3.2.0.jar:/home/user/.m2/repository/org/apache/hadoop/hadoop-hdfs-client/3.2.0/hadoop-hdfs-client-3.2.0.jar:/home/user/.m2/repository/com/fasterxml/jackson/core/jackson-annotations/2.9.5/jackson-annotations-2.9.5.jar:/home/user/.m2/repository/org/apache/hadoop/hadoop-hdds-common/0.5.0-SNAPSHOT/hadoop-hdds-common-0.5.0-SNAPSHOT.jar:/home/user/.m2/repository/javax/annotation/javax.annotation-api/1.2/javax.annotation-api-1.2.jar:/home/user/.m2/repository/org/apache/ratis/ratis-server/0.4.0-78e95b9-SNAPSHOT/ratis-server-0.4.0-78e95b9-SNAPSHOT.jar:/home/user/.m2/repository/org/apache/ratis/ratis-thirdparty-misc/0.2.0/ratis-thirdparty-misc-0.2.0.jar:/home/user/.m2/repository/org/apache/ratis/ratis-proto/0.4.0-78e95b9-SNAPSHOT/ratis-proto-0.4.0-78e95b9-SNAPSHOT.jar:/home/user/.m2/repository/org/apache/ratis/ratis-common/0.4.0-78e95b9-SNAPSHOT/ratis-common-0.4.0-78e95b9-SNAPSHOT.jar:/home/user/.m2/repository/org/apache/ratis/ratis-client/0.4.0-78e95b9-SNAPSHOT/ratis-client-0.4.0-78e95b9-SNAPSHOT.jar:/home/user/.m2/repository/org/apache/ratis/ratis-metrics/0.4.0-78e95b9-SNAPSHOT/ratis-metrics-0.4.0-78e95b9-SNAPSHOT.jar:/home/user/.m2/repository/com/github/joshelser/dropwizard-metrics-hadoop-metrics2-reporter/0.1.2/dropwizard-metrics-hadoop-metrics2-reporter-0.1.2.jar:/home/user/.m2/repository/io/dropwizard/metrics/metrics-jvm/3.2.5/metrics-jvm-3.2.5.jar:/home/user/.m2/repository/io/dropwizard/metrics/metrics-ganglia/3.2.5/metrics-ganglia-3.2.5.jar:/home/user/.m2/repository/info/ganglia/gmetric4j/gmetric4j/1.0.7/gmetric4j-1.0.7.jar:/home/user/.m2/repository/org/apache/ratis/ratis-netty/0.4.0-78e95b9-SNAPSHOT/ratis-netty-0.4.0-78e95b9-SNAPSHOT.jar:/home/user/.m2/repository/org/apache/ratis/ratis-grpc/0.4.0-78e95b9-SNAPSHOT/ratis-grpc-0.4.0-78e95b9-SNAPSHOT.jar:/home/user/.m2/repository/org/rocksdb/rocksdbjni/6.0.1/rocksdbjni-6.0.1.jar:/home/user/.m2/repository/org/apache/logging/log4j/log4j-api/2.11.0/log4j-api-2.11.0.jar:/home/user/.m2/repository/org/apache/logging/log4j/log4j-core/2.11.0/log4j-core-2.11.0.jar:/home/user/.m2/repository/com/lmax/disruptor/3.4.2/disruptor-3.4.2.jar:/home/user/.m2/repository/org/apache/commons/commons-pool2/2.6.0/commons-pool2-2.6.0.jar:/home/user/.m2/repository/org/bouncycastle/bcpkix-jdk15on/1.60/bcpkix-jdk15on-1.60.jar:/home/user/.m2/repository/commons-validator/commons-validator/1.6/commons-validator-1.6.jar:/home/user/.m2/repository/commons-digester/commons-digester/1.8.1/commons-digester-1.8.1.jar:/home/user/.m2/repository/io/jaegertracing/jaeger-client/0.33.1/jaeger-client-0.33.1.jar:/home/user/.m2/repository/io/jaegertracing/jaeger-thrift/0.33.1/jaeger-thrift-0.33.1.jar:/home/user/.m2/repository/org/apache/thrift/libthrift/0.11.0/libthrift-0.11.0.jar:/home/user/.m2/repository/com/squareup/okhttp3/okhttp/3.9.0/okhttp-3.9.0.jar:/home/user/.m2/repository/com/squareup/okio/okio/1.13.0/okio-1.13.0.jar:/home/user/.m2/repository/io/jaegertracing/jaeger-core/0.33.1/jaeger-core-0.33.1.jar:/home/user/.m2/repository/io/jaegertracing/jaeger-tracerresolver/0.33.1/jaeger-tracerresolver-0.33.1.jar:/home/user/.m2/repository/io/opentracing/contrib/opentracing-tracerresolver/0.1.5/opentracing-tracerresolver-0.1.5.jar:/home/user/.m2/repository/io/opentracing/opentracing-util/0.31.0/opentracing-util-0.31.0.jar:/home/user/.m2/repository/io/opentracing/opentracing-api/0.31.0/opentracing-api-0.31.0.jar:/home/user/.m2/repository/io/opentracing/opentracing-noop/0.31.0/opentracing-noop-0.31.0.jar:/home/user/.m2/repository/org/apache/hadoop/hadoop-hdds-server-framework/0.5.0-SNAPSHOT/hadoop-hdds-server-framework-0.5.0-SNAPSHOT.jar:/home/user/.m2/repository/org/apache/hadoop/hadoop-hdds-container-service/0.5.0-SNAPSHOT/hadoop-hdds-container-service-0.5.0-SNAPSHOT.jar:/home/user/.m2/repository/org/apache/hadoop/hadoop-hdds-client/0.5.0-SNAPSHOT/hadoop-hdds-client-0.5.0-SNAPSHOT.jar:/home/user/.m2/repository/org/apache/hadoop/hadoop-hdds-tools/0.5.0-SNAPSHOT/hadoop-hdds-tools-0.5.0-SNAPSHOT.jar:/home/user/.m2/repository/org/apache/hadoop/hadoop-hdds-server-scm/0.5.0-SNAPSHOT/hadoop-hdds-server-scm-0.5.0-SNAPSHOT.jar:/home/user/.m2/repository/org/apache/hadoop/hadoop-hdds-docs/0.5.0-SNAPSHOT/hadoop-hdds-docs-0.5.0-SNAPSHOT.jar:/home/user/.m2/repository/io/dropwizard/metrics/metrics-core/3.2.4/metrics-core-3.2.4.jar:/home/user/.m2/repository/org/hamcrest/hamcrest-all/1.3/hamcrest-all-1.3.jar:/home/user/.m2/repository/org/bouncycastle/bcprov-jdk15on/1.60/bcprov-jdk15on-1.60.jar:/home/user/.m2/repository/info/picocli/picocli/3.9.6/picocli-3.9.6.jar:/home/user/.m2/repository/com/google/protobuf/protobuf-java/2.5.0/protobuf-java-2.5.0.jar:/home/user/.m2/repository/com/google/guava/guava/11.0.2/guava-11.0.2.jar:/home/user/.m2/repository/org/apache/hadoop/hadoop-ozone-ozone-manager/0.5.0-SNAPSHOT/hadoop-ozone-ozone-manager-0.5.0-SNAPSHOT.jar:/home/user/.m2/repository/org/apache/hadoop/hadoop-minikdc/3.2.0/hadoop-minikdc-3.2.0.jar:/home/user/.m2/repository/commons-io/commons-io/2.5/commons-io-2.5.jar:/home/user/.m2/repository/org/apache/kerby/kerb-simplekdc/1.0.1/kerb-simplekdc-1.0.1.jar:/home/user/.m2/repository/org/apache/kerby/kerb-client/1.0.1/kerb-client-1.0.1.jar:/home/user/.m2/repository/org/apache/kerby/kerby-config/1.0.1/kerby-config-1.0.1.jar:/home/user/.m2/repository/org/apache/kerby/kerb-core/1.0.1/kerb-core-1.0.1.jar:/home/user/.m2/repository/org/apache/kerby/kerby-pkix/1.0.1/kerby-pkix-1.0.1.jar:/home/user/.m2/repository/org/apache/kerby/kerby-asn1/1.0.1/kerby-asn1-1.0.1.jar:/home/user/.m2/repository/org/apache/kerby/kerby-util/1.0.1/kerby-util-1.0.1.jar:/home/user/.m2/repository/org/apache/kerby/kerb-common/1.0.1/kerb-common-1.0.1.jar:/home/user/.m2/repository/org/apache/kerby/kerb-crypto/1.0.1/kerb-crypto-1.0.1.jar:/home/user/.m2/repository/org/apache/kerby/kerb-util/1.0.1/kerb-util-1.0.1.jar:/home/user/.m2/repository/org/apache/kerby/token-provider/1.0.1/token-provider-1.0.1.jar:/home/user/.m2/repository/org/apache/kerby/kerb-admin/1.0.1/kerb-admin-1.0.1.jar:/home/user/.m2/repository/org/apache/kerby/kerb-server/1.0.1/kerb-server-1.0.1.jar:/home/user/.m2/repository/org/apache/kerby/kerb-identity/1.0.1/kerb-identity-1.0.1.jar:/home/user/.m2/repository/org/apache/kerby/kerby-xdr/1.0.1/kerby-xdr-1.0.1.jar:/home/user/.m2/repository/org/slf4j/slf4j-log4j12/1.7.25/slf4j-log4j12-1.7.25.jar:/home/user/.m2/repository/org/apache/hadoop/hadoop-ozone-s3gateway/0.5.0-SNAPSHOT/hadoop-ozone-s3gateway-0.5.0-SNAPSHOT.jar:/home/user/.m2/repository/org/jboss/weld/servlet/weld-servlet/2.4.7.Final/weld-servlet-2.4.7.Final.jar:/home/user/.m2/repository/org/glassfish/jersey/containers/jersey-container-servlet-core/2.27/jersey-container-servlet-core-2.27.jar:/home/user/.m2/repository/org/glassfish/hk2/external/javax.inject/2.5.0-b42/javax.inject-2.5.0-b42.jar:/home/user/.m2/repository/org/glassfish/jersey/core/jersey-common/2.27/jersey-common-2.27.jar:/home/user/.m2/repository/org/glassfish/hk2/osgi-resource-locator/1.0.1/osgi-resource-locator-1.0.1.jar:/home/user/.m2/repository/javax/ws/rs/javax.ws.rs-api/2.1/javax.ws.rs-api-2.1.jar:/home/user/.m2/repository/org/glassfish/jersey/ext/cdi/jersey-cdi1x/2.27/jersey-cdi1x-2.27.jar:/home/user/.m2/repository/org/glassfish/jersey/inject/jersey-hk2/2.27/jersey-hk2-2.27.jar:/home/user/.m2/repository/org/glassfish/hk2/hk2-locator/2.5.0-b42/hk2-locator-2.5.0-b42.jar:/home/user/.m2/repository/org/javassist/javassist/3.22.0-CR2/javassist-3.22.0-CR2.jar:/home/user/.m2/repository/org/glassfish/hk2/hk2-api/2.5.0/hk2-api-2.5.0.jar:/home/user/.m2/repository/org/glassfish/hk2/external/jakarta.inject/2.5.0/jakarta.inject-2.5.0.jar:/home/user/.m2/repository/org/glassfish/hk2/hk2-utils/2.5.0/hk2-utils-2.5.0.jar:/home/user/.m2/repository/jakarta/annotation/jakarta.annotation-api/1.3.4/jakarta.annotation-api-1.3.4.jar:/home/user/.m2/repository/org/glassfish/hk2/external/aopalliance-repackaged/2.5.0/aopalliance-repackaged-2.5.0.jar:/home/user/.m2/repository/com/fasterxml/jackson/dataformat/jackson-dataformat-xml/2.9.0/jackson-dataformat-xml-2.9.0.jar:/home/user/.m2/repository/com/fasterxml/jackson/core/jackson-core/2.9.5/jackson-core-2.9.5.jar:/home/user/.m2/repository/com/fasterxml/jackson/module/jackson-module-jaxb-annotations/2.9.5/jackson-module-jaxb-annotations-2.9.5.jar:/home/user/.m2/repository/javax/enterprise/cdi-api/1.2/cdi-api-1.2.jar:/home/user/.m2/repository/javax/el/javax.el-api/3.0.0/javax.el-api-3.0.0.jar:/home/user/.m2/repository/javax/interceptor/javax.interceptor-api/1.2/javax.interceptor-api-1.2.jar:/home/user/.m2/repository/javax/inject/javax.inject/1/javax.inject-1.jar:/home/user/.m2/repository/com/sun/xml/bind/jaxb-impl/2.3.0.1/jaxb-impl-2.3.0.1.jar:/home/user/.m2/repository/com/sun/xml/bind/jaxb-core/2.3.0.1/jaxb-core-2.3.0.1.jar:/home/user/.m2/repository/javax/xml/bind/jaxb-api/2.3.0/jaxb-api-2.3.0.jar:/home/user/.m2/repository/javax/activation/activation/1.1.1/activation-1.1.1.jar:/home/user/.m2/repository/org/apache/hadoop/hadoop-ozone-csi/0.5.0-SNAPSHOT/hadoop-ozone-csi-0.5.0-SNAPSHOT.jar:/home/user/.m2/repository/com/google/protobuf/protobuf-java-util/3.5.1/protobuf-java-util-3.5.1.jar:/home/user/.m2/repository/org/apache/hadoop/hadoop-hdds-config/0.5.0-SNAPSHOT/hadoop-hdds-config-0.5.0-SNAPSHOT.jar:/home/user/.m2/repository/io/grpc/grpc-netty/1.17.1/grpc-netty-1.17.1.jar:/home/user/.m2/repository/io/grpc/grpc-core/1.17.1/grpc-core-1.17.1.jar:/home/user/.m2/repository/io/grpc/grpc-context/1.17.1/grpc-context-1.17.1.jar:/home/user/.m2/repository/com/google/errorprone/error_prone_annotations/2.2.0/error_prone_annotations-2.2.0.jar:/home/user/.m2/repository/org/codehaus/mojo/animal-sniffer-annotations/1.17/animal-sniffer-annotations-1.17.jar:/home/user/.m2/repository/io/opencensus/opencensus-api/0.17.0/opencensus-api-0.17.0.jar:/home/user/.m2/repository/io/opencensus/opencensus-contrib-grpc-metrics/0.17.0/opencensus-contrib-grpc-metrics-0.17.0.jar:/home/user/.m2/repository/io/netty/netty-codec-http2/4.1.30.Final/netty-codec-http2-4.1.30.Final.jar:/home/user/.m2/repository/io/netty/netty-codec-http/4.1.30.Final/netty-codec-http-4.1.30.Final.jar:/home/user/.m2/repository/io/netty/netty-codec/4.1.30.Final/netty-codec-4.1.30.Final.jar:/home/user/.m2/repository/io/netty/netty-handler/4.1.30.Final/netty-handler-4.1.30.Final.jar:/home/user/.m2/repository/io/netty/netty-handler-proxy/4.1.30.Final/netty-handler-proxy-4.1.30.Final.jar:/home/user/.m2/repository/io/netty/netty-codec-socks/4.1.30.Final/netty-codec-socks-4.1.30.Final.jar:/home/user/.m2/repository/io/netty/netty-transport-native-epoll/4.1.30.Final/netty-transport-native-epoll-4.1.30.Final.jar:/home/user/.m2/repository/io/netty/netty-common/4.1.30.Final/netty-common-4.1.30.Final.jar:/home/user/.m2/repository/io/netty/netty-buffer/4.1.30.Final/netty-buffer-4.1.30.Final.jar:/home/user/.m2/repository/io/netty/netty-transport/4.1.30.Final/netty-transport-4.1.30.Final.jar:/home/user/.m2/repository/io/netty/netty-resolver/4.1.30.Final/netty-resolver-4.1.30.Final.jar:/home/user/.m2/repository/io/netty/netty-transport-native-unix-common/4.1.30.Final/netty-transport-native-unix-common-4.1.30.Final.jar:/home/user/.m2/repository/io/grpc/grpc-protobuf/1.17.1/grpc-protobuf-1.17.1.jar:/home/user/.m2/repository/com/google/api/grpc/proto-google-common-protos/1.0.0/proto-google-common-protos-1.0.0.jar:/home/user/.m2/repository/io/grpc/grpc-protobuf-lite/1.17.1/grpc-protobuf-lite-1.17.1.jar:/home/user/.m2/repository/io/grpc/grpc-stub/1.17.1/grpc-stub-1.17.1.jar:/home/user/.m2/repository/org/apache/hadoop/hadoop-ozone-recon/0.5.0-SNAPSHOT/hadoop-ozone-recon-0.5.0-SNAPSHOT.jar:/home/user/.m2/repository/org/apache/hadoop/hadoop-ozone-reconcodegen/0.5.0-SNAPSHOT/hadoop-ozone-reconcodegen-0.5.0-SNAPSHOT.jar:/home/user/.m2/repository/com/google/inject/extensions/guice-multibindings/4.0/guice-multibindings-4.0.jar:/home/user/.m2/repository/com/google/inject/guice/4.0/guice-4.0.jar:/home/user/.m2/repository/aopalliance/aopalliance/1.0/aopalliance-1.0.jar:/home/user/.m2/repository/com/google/inject/extensions/guice-servlet/4.0/guice-servlet-4.0.jar:/home/user/.m2/repository/org/glassfish/jersey/containers/jersey-container-servlet/2.27/jersey-container-servlet-2.27.jar:/home/user/.m2/repository/org/glassfish/hk2/guice-bridge/2.5.0/guice-bridge-2.5.0.jar:/home/user/.m2/repository/org/glassfish/jersey/core/jersey-server/2.27/jersey-server-2.27.jar:/home/user/.m2/repository/org/glassfish/jersey/core/jersey-client/2.27/jersey-client-2.27.jar:/home/user/.m2/repository/org/glassfish/jersey/media/jersey-media-jaxb/2.27/jersey-media-jaxb-2.27.jar:/home/user/.m2/repository/javax/validation/validation-api/1.1.0.Final/validation-api-1.1.0.Final.jar:/home/user/.m2/repository/org/glassfish/jersey/media/jersey-media-json-jackson/2.27/jersey-media-json-jackson-2.27.jar:/home/user/.m2/repository/org/glassfish/jersey/ext/jersey-entity-filtering/2.27/jersey-entity-filtering-2.27.jar:/home/user/.m2/repository/com/google/inject/extensions/guice-assistedinject/4.0/guice-assistedinject-4.0.jar:/home/user/.m2/repository/org/jooq/jooq/3.11.10/jooq-3.11.10.jar:/home/user/.m2/repository/org/jooq/jooq-meta/3.11.10/jooq-meta-3.11.10.jar:/home/user/.m2/repository/org/jooq/jooq-codegen/3.11.10/jooq-codegen-3.11.10.jar:/home/user/.m2/repository/com/jolbox/bonecp/0.8.0.RELEASE/bonecp-0.8.0.RELEASE.jar:/home/user/.m2/repository/org/xerial/sqlite-jdbc/3.25.2/sqlite-jdbc-3.25.2.jar:/home/user/.m2/repository/org/springframework/spring-jdbc/5.1.3.RELEASE/spring-jdbc-5.1.3.RELEASE.jar:/home/user/.m2/repository/org/springframework/spring-beans/5.1.3.RELEASE/spring-beans-5.1.3.RELEASE.jar:/home/user/.m2/repository/org/springframework/spring-core/5.1.3.RELEASE/spring-core-5.1.3.RELEASE.jar:/home/user/.m2/repository/org/springframework/spring-jcl/5.1.3.RELEASE/spring-jcl-5.1.3.RELEASE.jar:/home/user/.m2/repository/org/springframework/spring-tx/5.1.3.RELEASE/spring-tx-5.1.3.RELEASE.jar:/home/user/.m2/repository/org/apache/hadoop/hadoop-ozone-client/0.5.0-SNAPSHOT/hadoop-ozone-client-0.5.0-SNAPSHOT.jar:/home/user/.m2/repository/commons-lang/commons-lang/2.6/commons-lang-2.6.jar:/home/user/.m2/repository/org/apache/hadoop/hadoop-ozone-ozone-manager/0.5.0-SNAPSHOT/hadoop-ozone-ozone-manager-0.5.0-SNAPSHOT-tests.jar:/home/user/.m2/repository/junit/junit/4.11/junit-4.11.jar:/home/user/.m2/repository/org/hamcrest/hamcrest-core/1.3/hamcrest-core-1.3.jar:/home/user/.m2/repository/org/openjdk/jmh/jmh-core/1.19/jmh-core-1.19.jar:/home/user/.m2/repository/net/sf/jopt-simple/jopt-simple/4.6/jopt-simple-4.6.jar:/home/user/.m2/repository/org/apache/commons/commons-math3/3.1.1/commons-math3-3.1.1.jar:/home/user/.m2/repository/org/openjdk/jmh/jmh-generator-annprocess/1.19/jmh-generator-annprocess-1.19.jar:/home/user/.m2/repository/org/mockito/mockito-all/1.8.5/mockito-all-1.8.5.jar:/home/user/.m2/repository/org/apache/hadoop/hadoop-kms/3.2.0/hadoop-kms-3.2.0.jar:/home/user/.m2/repository/org/apache/hadoop/hadoop-auth/3.2.0/hadoop-auth-3.2.0.jar:/home/user/.m2/repository/com/nimbusds/nimbus-jose-jwt/4.41.1/nimbus-jose-jwt-4.41.1.jar:/home/user/.m2/repository/com/github/stephenc/jcip/jcip-annotations/1.0-1/jcip-annotations-1.0-1.jar:/home/user/.m2/repository/net/minidev/json-smart/2.3/json-smart-2.3.jar:/home/user/.m2/repository/net/minidev/accessors-smart/1.2/accessors-smart-1.2.jar:/home/user/.m2/repository/org/ow2/asm/asm/5.0.4/asm-5.0.4.jar:/home/user/.m2/repository/org/apache/curator/curator-framework/2.12.0/curator-framework-2.12.0.jar:/home/user/.m2/repository/com/sun/jersey/jersey-core/1.19/jersey-core-1.19.jar:/home/user/.m2/repository/javax/ws/rs/jsr311-api/1.1.1/jsr311-api-1.1.1.jar:/home/user/.m2/repository/com/sun/jersey/jersey-server/1.19/jersey-server-1.19.jar:/home/user/.m2/repository/javax/servlet/javax.servlet-api/3.1.0/javax.servlet-api-3.1.0.jar:/home/user/.m2/repository/org/eclipse/jetty/jetty-server/9.3.24.v20180605/jetty-server-9.3.24.v20180605.jar:/home/user/.m2/repository/org/eclipse/jetty/jetty-http/9.3.24.v20180605/jetty-http-9.3.24.v20180605.jar:/home/user/.m2/repository/org/eclipse/jetty/jetty-io/9.3.24.v20180605/jetty-io-9.3.24.v20180605.jar:/home/user/.m2/repository/org/eclipse/jetty/jetty-webapp/9.3.24.v20180605/jetty-webapp-9.3.24.v20180605.jar:/home/user/.m2/repository/org/eclipse/jetty/jetty-xml/9.3.24.v20180605/jetty-xml-9.3.24.v20180605.jar:/home/user/.m2/repository/log4j/log4j/1.2.17/log4j-1.2.17.jar:/home/user/.m2/repository/org/slf4j/slf4j-api/1.7.25/slf4j-api-1.7.25.jar:/home/user/.m2/repository/org/slf4j/jul-to-slf4j/1.7.25/jul-to-slf4j-1.7.25.jar:/home/user/.m2/repository/org/eclipse/jetty/jetty-util/9.3.24.v20180605/jetty-util-9.3.24.v20180605.jar:/home/user/.m2/repository/com/fasterxml/jackson/core/jackson-databind/2.9.5/jackson-databind-2.9.5.jar:/home/user/.m2/repository/org/apache/hadoop/hadoop-kms/3.2.0/hadoop-kms-3.2.0-tests.jar:/home/user/.m2/repository/org/apache/hadoop/hadoop-hdds-server-scm/0.5.0-SNAPSHOT/hadoop-hdds-server-scm-0.5.0-SNAPSHOT-tests.jar:/home/user/.m2/repository/org/apache/hadoop/hadoop-hdds-container-service/0.5.0-SNAPSHOT/hadoop-hdds-container-service-0.5.0-SNAPSHOT-tests.jar:/home/user/.m2/repository/org/yaml/snakeyaml/1.16/snakeyaml-1.16.jar:/home/user/.m2/repository/org/apache/hadoop/hadoop-common/3.2.0/hadoop-common-3.2.0-tests.jar:/home/user/.m2/repository/org/apache/hadoop/hadoop-annotations/3.2.0/hadoop-annotations-3.2.0.jar:/usr/lib/jvm/java-1.8-openjdk/jre/../lib/tools.jar:/home/user/.m2/repository/commons-cli/commons-cli/1.2/commons-cli-1.2.jar:/home/user/.m2/repository/org/apache/httpcomponents/httpclient/4.5.2/httpclient-4.5.2.jar:/home/user/.m2/repository/org/apache/httpcomponents/httpcore/4.4.4/httpcore-4.4.4.jar:/home/user/.m2/repository/commons-codec/commons-codec/1.11/commons-codec-1.11.jar:/home/user/.m2/repository/commons-net/commons-net/3.6/commons-net-3.6.jar:/home/user/.m2/repository/commons-collections/commons-collections/3.2.2/commons-collections-3.2.2.jar:/home/user/.m2/repository/org/eclipse/jetty/jetty-servlet/9.3.24.v20180605/jetty-servlet-9.3.24.v20180605.jar:/home/user/.m2/repository/org/eclipse/jetty/jetty-security/9.3.24.v20180605/jetty-security-9.3.24.v20180605.jar:/home/user/.m2/repository/javax/servlet/jsp/jsp-api/2.1/jsp-api-2.1.jar:/home/user/.m2/repository/com/sun/jersey/jersey-servlet/1.19/jersey-servlet-1.19.jar:/home/user/.m2/repository/com/sun/jersey/jersey-json/1.19/jersey-json-1.19.jar:/home/user/.m2/repository/org/codehaus/jettison/jettison/1.1/jettison-1.1.jar:/home/user/.m2/repository/org/codehaus/jackson/jackson-core-asl/1.9.13/jackson-core-asl-1.9.13.jar:/home/user/.m2/repository/org/codehaus/jackson/jackson-mapper-asl/1.9.13/jackson-mapper-asl-1.9.13.jar:/home/user/.m2/repository/org/codehaus/jackson/jackson-jaxrs/1.9.13/jackson-jaxrs-1.9.13.jar:/home/user/.m2/repository/org/codehaus/jackson/jackson-xc/1.9.13/jackson-xc-1.9.13.jar:/home/user/.m2/repository/commons-logging/commons-logging/1.1.3/commons-logging-1.1.3.jar:/home/user/.m2/repository/commons-beanutils/commons-beanutils/1.9.3/commons-beanutils-1.9.3.jar:/home/user/.m2/repository/org/apache/commons/commons-configuration2/2.1.1/commons-configuration2-2.1.1.jar:/home/user/.m2/repository/org/apache/commons/commons-lang3/3.7/commons-lang3-3.7.jar:/home/user/.m2/repository/org/apache/commons/commons-text/1.4/commons-text-1.4.jar:/home/user/.m2/repository/org/apache/avro/avro/1.7.7/avro-1.7.7.jar:/home/user/.m2/repository/com/thoughtworks/paranamer/paranamer/2.3/paranamer-2.3.jar:/home/user/.m2/repository/org/xerial/snappy/snappy-java/1.0.5/snappy-java-1.0.5.jar:/home/user/.m2/repository/com/google/re2j/re2j/1.1/re2j-1.1.jar:/home/user/.m2/repository/com/google/code/gson/gson/2.2.4/gson-2.2.4.jar:/home/user/.m2/repository/com/jcraft/jsch/0.1.54/jsch-0.1.54.jar:/home/user/.m2/repository/org/apache/curator/curator-client/2.12.0/curator-client-2.12.0.jar:/home/user/.m2/repository/org/apache/curator/curator-recipes/2.12.0/curator-recipes-2.12.0.jar:/home/user/.m2/repository/com/google/code/findbugs/jsr305/3.0.0/jsr305-3.0.0.jar:/home/user/.m2/repository/org/apache/htrace/htrace-core4/4.1.0-incubating/htrace-core4-4.1.0-incubating.jar:/home/user/.m2/repository/org/apache/zookeeper/zookeeper/3.4.13/zookeeper-3.4.13.jar:/home/user/.m2/repository/org/apache/yetus/audience-annotations/0.5.0/audience-annotations-0.5.0.jar:/home/user/.m2/repository/org/codehaus/woodstox/stax2-api/3.1.4/stax2-api-3.1.4.jar:/home/user/.m2/repository/com/fasterxml/woodstox/woodstox-core/5.0.3/woodstox-core-5.0.3.jar:/home/user/.m2/repository/dnsjava/dnsjava/2.1.7/dnsjava-2.1.7.jar:/home/user/.m2/repository/org/apache/hadoop/hadoop-hdfs/3.2.0/hadoop-hdfs-3.2.0-tests.jar:/home/user/.m2/repository/org/eclipse/jetty/jetty-util-ajax/9.3.24.v20180605/jetty-util-ajax-9.3.24.v20180605.jar:/home/user/.m2/repository/commons-daemon/commons-daemon/1.0.13/commons-daemon-1.0.13.jar:/home/user/.m2/repository/io/netty/netty/3.10.5.Final/netty-3.10.5.Final.jar:/home/user/.m2/repository/io/netty/netty-all/4.0.52.Final/netty-all-4.0.52.Final.jar:/home/user/.m2/repository/org/fusesource/leveldbjni/leveldbjni-all/1.8/leveldbjni-all-1.8.jar:"/>
    <property name="sun.cpu.endian" value="little"/>
    <property name="user.home" value="/home/user"/>
    <property name="user.language" value="en"/>
    <property name="java.specification.vendor" value="Oracle Corporation"/>
    <property name="java.home" value="/usr/lib/jvm/java-1.8-openjdk/jre"/>
    <property name="java.security.krb5.conf" value="/workdir/hadoop-ozone/integration-test/target/test-classes/krb5.conf"/>
    <property name="basedir" value="/workdir/hadoop-ozone/integration-test"/>
    <property name="file.separator" value="/"/>
    <property name="line.separator" value="&#10;"/>
    <property name="java.vm.specification.vendor" value="Oracle Corporation"/>
    <property name="java.specification.name" value="Java Platform API Specification"/>
    <property name="java.awt.graphicsenv" value="sun.awt.X11GraphicsEnvironment"/>
    <property name="surefire.real.class.path" value="/workdir/hadoop-ozone/integration-test/target/surefire/surefirebooter4974964540521919199.jar"/>
    <property name="hadoop.log.dir" value="/workdir/hadoop-ozone/integration-test/target/log"/>
    <property name="sun.boot.class.path" value="/usr/lib/jvm/java-1.8-openjdk/jre/lib/resources.jar:/usr/lib/jvm/java-1.8-openjdk/jre/lib/rt.jar:/usr/lib/jvm/java-1.8-openjdk/jre/lib/sunrsasign.jar:/usr/lib/jvm/java-1.8-openjdk/jre/lib/jsse.jar:/usr/lib/jvm/java-1.8-openjdk/jre/lib/jce.jar:/usr/lib/jvm/java-1.8-openjdk/jre/lib/charsets.jar:/usr/lib/jvm/java-1.8-openjdk/jre/lib/jfr.jar:/usr/lib/jvm/java-1.8-openjdk/jre/classes"/>
    <property name="sun.management.compiler" value="HotSpot 64-Bit Tiered Compilers"/>
    <property name="java.runtime.version" value="1.8.0_212-b04"/>
    <property name="java.net.preferIPv4Stack" value="true"/>
    <property name="user.name" value="jenkins1000"/>
    <property name="path.separator" value=":"/>
    <property name="java.security.egd" value="file:///dev/urandom"/>
    <property name="os.version" value="3.10.0-957.12.2.el7.x86_64"/>
    <property name="java.endorsed.dirs" value="/usr/lib/jvm/java-1.8-openjdk/jre/lib/endorsed"/>
    <property name="java.runtime.name" value="OpenJDK Runtime Environment"/>
    <property name="file.encoding" value="UTF-8"/>
    <property name="java.vm.name" value="OpenJDK 64-Bit Server VM"/>
    <property name="test.build.webapps" value=""/>
    <property name="localRepository" value="/home/user/.m2/repository"/>
    <property name="java.vendor.url.bug" value="https://icedtea.classpath.org/bugzilla"/>
    <property name="java.io.tmpdir" value="/tmp"/>
    <property name="require.test.libhadoop" value=""/>
    <property name="java.version" value="1.8.0_212"/>
    <property name="user.dir" value="/workdir/hadoop-ozone/integration-test"/>
    <property name="os.arch" value="amd64"/>
    <property name="java.vm.specification.name" value="Java Virtual Machine Specification"/>
    <property name="test.build.classes" value="/workdir/hadoop-ozone/integration-test/target/test-classes"/>
    <property name="java.awt.printerjob" value="sun.print.PSPrinterJob"/>
    <property name="sun.os.patch.level" value="unknown"/>
    <property name="hadoop.tmp.dir" value="/workdir/hadoop-ozone/integration-test/target/tmp"/>
    <property name="java.library.path" value="/usr/lib/jvm/java-1.8-openjdk/jre/lib/amd64/server:/usr/lib/jvm/java-1.8-openjdk/jre/lib/amd64:/usr/lib/jvm/java-1.8-openjdk/jre/../lib/amd64:/workdir/hadoop-ozone/integration-test/target/native/target/usr/local/lib:/workdir/hadoop-ozone/integration-test/../../hadoop-common-project/hadoop-common/target/native/target/usr/local/lib:/usr/java/packages/lib/amd64:/usr/lib64:/lib64:/lib:/usr/lib"/>
    <property name="java.vm.info" value="mixed mode"/>
    <property name="java.vendor" value="IcedTea"/>
    <property name="java.vm.version" value="25.212-b04"/>
    <property name="java.ext.dirs" value="/usr/lib/jvm/java-1.8-openjdk/jre/lib/ext:/usr/java/packages/lib/ext"/>
    <property name="sun.io.unicode.encoding" value="UnicodeLittle"/>
    <property name="java.class.version" value="52.0"/>
  </properties>
  <testcase name="testFlushChunk" classname="org.apache.hadoop.ozone.client.rpc.TestBlockOutputStream" time="5.601"/>
  <testcase name="testMultiChunkWrite2" classname="org.apache.hadoop.ozone.client.rpc.TestBlockOutputStream" time="187.721">
    <failure message="expected:&lt;5&gt; but was:&lt;8&gt;" type="java.lang.AssertionError"><![CDATA[java.lang.AssertionError: expected:<5> but was:<8>
	at org.junit.Assert.fail(Assert.java:88)
	at org.junit.Assert.failNotEquals(Assert.java:743)
	at org.junit.Assert.assertEquals(Assert.java:118)
	at org.junit.Assert.assertEquals(Assert.java:555)
	at org.junit.Assert.assertEquals(Assert.java:542)
	at org.apache.hadoop.ozone.client.rpc.TestBlockOutputStream.testMultiChunkWrite2(TestBlockOutputStream.java:466)
	at sun.reflect.NativeMethodAccessorImpl.invoke0(Native Method)
	at sun.reflect.NativeMethodAccessorImpl.invoke(NativeMethodAccessorImpl.java:62)
	at sun.reflect.DelegatingMethodAccessorImpl.invoke(DelegatingMethodAccessorImpl.java:43)
	at java.lang.reflect.Method.invoke(Method.java:498)
	at org.junit.runners.model.FrameworkMethod$1.runReflectiveCall(FrameworkMethod.java:47)
	at org.junit.internal.runners.model.ReflectiveCallable.run(ReflectiveCallable.java:12)
	at org.junit.runners.model.FrameworkMethod.invokeExplosively(FrameworkMethod.java:44)
	at org.junit.internal.runners.statements.InvokeMethod.evaluate(InvokeMethod.java:17)
	at org.junit.runners.ParentRunner.runLeaf(ParentRunner.java:271)
	at org.junit.runners.BlockJUnit4ClassRunner.runChild(BlockJUnit4ClassRunner.java:70)
	at org.junit.runners.BlockJUnit4ClassRunner.runChild(BlockJUnit4ClassRunner.java:50)
	at org.junit.runners.ParentRunner$3.run(ParentRunner.java:238)
	at org.junit.runners.ParentRunner$1.schedule(ParentRunner.java:63)
	at org.junit.runners.ParentRunner.runChildren(ParentRunner.java:236)
	at org.junit.runners.ParentRunner.access$000(ParentRunner.java:53)
	at org.junit.runners.ParentRunner$2.evaluate(ParentRunner.java:229)
	at org.junit.internal.runners.statements.RunBefores.evaluate(RunBefores.java:26)
	at org.junit.internal.runners.statements.RunAfters.evaluate(RunAfters.java:27)
	at org.junit.runners.ParentRunner.run(ParentRunner.java:309)
	at org.apache.maven.surefire.junit4.JUnit4Provider.execute(JUnit4Provider.java:365)
	at org.apache.maven.surefire.junit4.JUnit4Provider.executeWithRerun(JUnit4Provider.java:273)
	at org.apache.maven.surefire.junit4.JUnit4Provider.executeTestSet(JUnit4Provider.java:238)
	at org.apache.maven.surefire.junit4.JUnit4Provider.invoke(JUnit4Provider.java:159)
	at org.apache.maven.surefire.booter.ForkedBooter.invokeProviderInSameClassLoader(ForkedBooter.java:384)
	at org.apache.maven.surefire.booter.ForkedBooter.runSuitesInProcess(ForkedBooter.java:345)
	at org.apache.maven.surefire.booter.ForkedBooter.execute(ForkedBooter.java:126)
	at org.apache.maven.surefire.booter.ForkedBooter.main(ForkedBooter.java:418)
]]></failure>
    <system-out><![CDATA[2019-09-11 19:59:04,966 [java.util.concurrent.ThreadPoolExecutor$Worker@78bd30d7[State = -1, empty queue]] WARN  server.GrpcLogAppender (GrpcLogAppender.java:timeoutAppendRequest(200)) - 8bc19c34-ed99-4952-a694-bf62b7894053@group-815FDE6FCAD8->f44a2839-6f6e-45eb-9e76-f53daf5fe8b6-GrpcLogAppender: appendEntries Timeout, request=8bc19c34-ed99-4952-a694-bf62b7894053->f44a2839-6f6e-45eb-9e76-f53daf5fe8b6#8-t1, previous=(t:1, i:6), leaderCommit=6, initializing? false, entries: size=1, first=(t:1, i:7), STATEMACHINELOGENTRY, client-7CA8507644EA, cid=16
2019-09-11 19:59:04,966 [java.util.concurrent.ThreadPoolExecutor$Worker@28769ca6[State = -1, empty queue]] WARN  server.GrpcLogAppender (GrpcLogAppender.java:timeoutAppendRequest(200)) - 8bc19c34-ed99-4952-a694-bf62b7894053@group-815FDE6FCAD8->24ad807e-6d45-451f-a21b-d43dbe93db59-GrpcLogAppender: appendEntries Timeout, request=8bc19c34-ed99-4952-a694-bf62b7894053->24ad807e-6d45-451f-a21b-d43dbe93db59#8-t1, previous=(t:1, i:6), leaderCommit=6, initializing? false, entries: size=1, first=(t:1, i:7), STATEMACHINELOGENTRY, client-7CA8507644EA, cid=16
2019-09-11 19:59:04,975 [java.util.concurrent.ThreadPoolExecutor$Worker@78bd30d7[State = -1, empty queue]] WARN  server.GrpcLogAppender (GrpcLogAppender.java:timeoutAppendRequest(200)) - 8bc19c34-ed99-4952-a694-bf62b7894053@group-815FDE6FCAD8->f44a2839-6f6e-45eb-9e76-f53daf5fe8b6-GrpcLogAppender: appendEntries Timeout, request=8bc19c34-ed99-4952-a694-bf62b7894053->f44a2839-6f6e-45eb-9e76-f53daf5fe8b6#9-t1, previous=(t:1, i:7), leaderCommit=6, initializing? false, entries: size=1, first=(t:1, i:8), STATEMACHINELOGENTRY, client-7CA8507644EA, cid=17
2019-09-11 19:59:04,977 [java.util.concurrent.ThreadPoolExecutor$Worker@28769ca6[State = -1, empty queue]] WARN  server.GrpcLogAppender (GrpcLogAppender.java:timeoutAppendRequest(200)) - 8bc19c34-ed99-4952-a694-bf62b7894053@group-815FDE6FCAD8->24ad807e-6d45-451f-a21b-d43dbe93db59-GrpcLogAppender: appendEntries Timeout, request=8bc19c34-ed99-4952-a694-bf62b7894053->24ad807e-6d45-451f-a21b-d43dbe93db59#9-t1, previous=(t:1, i:7), leaderCommit=6, initializing? false, entries: size=1, first=(t:1, i:8), STATEMACHINELOGENTRY, client-7CA8507644EA, cid=17
2019-09-11 19:59:04,980 [java.util.concurrent.ThreadPoolExecutor$Worker@78bd30d7[State = -1, empty queue]] WARN  server.GrpcLogAppender (GrpcLogAppender.java:timeoutAppendRequest(200)) - 8bc19c34-ed99-4952-a694-bf62b7894053@group-815FDE6FCAD8->f44a2839-6f6e-45eb-9e76-f53daf5fe8b6-GrpcLogAppender: appendEntries Timeout, request=8bc19c34-ed99-4952-a694-bf62b7894053->f44a2839-6f6e-45eb-9e76-f53daf5fe8b6#10-t1, previous=(t:1, i:8), leaderCommit=6, initializing? false, entries: size=1, first=(t:1, i:9), STATEMACHINELOGENTRY, client-7CA8507644EA, cid=18
2019-09-11 19:59:04,982 [java.util.concurrent.ThreadPoolExecutor$Worker@28769ca6[State = -1, empty queue]] WARN  server.GrpcLogAppender (GrpcLogAppender.java:timeoutAppendRequest(200)) - 8bc19c34-ed99-4952-a694-bf62b7894053@group-815FDE6FCAD8->24ad807e-6d45-451f-a21b-d43dbe93db59-GrpcLogAppender: appendEntries Timeout, request=8bc19c34-ed99-4952-a694-bf62b7894053->24ad807e-6d45-451f-a21b-d43dbe93db59#10-t1, previous=(t:1, i:8), leaderCommit=6, initializing? false, entries: size=1, first=(t:1, i:9), STATEMACHINELOGENTRY, client-7CA8507644EA, cid=18
2019-09-11 19:59:04,984 [java.util.concurrent.ThreadPoolExecutor$Worker@78bd30d7[State = -1, empty queue]] WARN  server.GrpcLogAppender (GrpcLogAppender.java:timeoutAppendRequest(200)) - 8bc19c34-ed99-4952-a694-bf62b7894053@group-815FDE6FCAD8->f44a2839-6f6e-45eb-9e76-f53daf5fe8b6-GrpcLogAppender: appendEntries Timeout, request=8bc19c34-ed99-4952-a694-bf62b7894053->f44a2839-6f6e-45eb-9e76-f53daf5fe8b6#11-t1, previous=(t:1, i:9), leaderCommit=6, initializing? false, entries: size=1, first=(t:1, i:10), STATEMACHINELOGENTRY, client-7CA8507644EA, cid=19
2019-09-11 19:59:04,987 [java.util.concurrent.ThreadPoolExecutor$Worker@28769ca6[State = -1, empty queue]] WARN  server.GrpcLogAppender (GrpcLogAppender.java:timeoutAppendRequest(200)) - 8bc19c34-ed99-4952-a694-bf62b7894053@group-815FDE6FCAD8->24ad807e-6d45-451f-a21b-d43dbe93db59-GrpcLogAppender: appendEntries Timeout, request=8bc19c34-ed99-4952-a694-bf62b7894053->24ad807e-6d45-451f-a21b-d43dbe93db59#11-t1, previous=(t:1, i:9), leaderCommit=6, initializing? false, entries: size=1, first=(t:1, i:10), STATEMACHINELOGENTRY, client-7CA8507644EA, cid=19
2019-09-11 19:59:04,996 [java.util.concurrent.ThreadPoolExecutor$Worker@78bd30d7[State = -1, empty queue]] WARN  server.GrpcLogAppender (GrpcLogAppender.java:timeoutAppendRequest(200)) - 8bc19c34-ed99-4952-a694-bf62b7894053@group-815FDE6FCAD8->f44a2839-6f6e-45eb-9e76-f53daf5fe8b6-GrpcLogAppender: appendEntries Timeout, request=8bc19c34-ed99-4952-a694-bf62b7894053->f44a2839-6f6e-45eb-9e76-f53daf5fe8b6#12-t1, previous=(t:1, i:10), leaderCommit=6, initializing? false, entries: size=1, first=(t:1, i:11), STATEMACHINELOGENTRY, client-7CA8507644EA, cid=20
2019-09-11 19:59:05,001 [java.util.concurrent.ThreadPoolExecutor$Worker@28769ca6[State = -1, empty queue]] WARN  server.GrpcLogAppender (GrpcLogAppender.java:timeoutAppendRequest(200)) - 8bc19c34-ed99-4952-a694-bf62b7894053@group-815FDE6FCAD8->24ad807e-6d45-451f-a21b-d43dbe93db59-GrpcLogAppender: appendEntries Timeout, request=8bc19c34-ed99-4952-a694-bf62b7894053->24ad807e-6d45-451f-a21b-d43dbe93db59#12-t1, previous=(t:1, i:10), leaderCommit=6, initializing? false, entries: size=1, first=(t:1, i:11), STATEMACHINELOGENTRY, client-7CA8507644EA, cid=20
2019-09-11 19:59:07,074 [grpc-default-executor-2] INFO  client.GrpcClientProtocolClient (GrpcClientProtocolClient.java:onNext(264)) - client-7CA8507644EA->f44a2839-6f6e-45eb-9e76-f53daf5fe8b6: receive RaftClientReply:client-7CA8507644EA->f44a2839-6f6e-45eb-9e76-f53daf5fe8b6@group-815FDE6FCAD8, cid=16, FAILED org.apache.ratis.protocol.NotLeaderException: Server f44a2839-6f6e-45eb-9e76-f53daf5fe8b6@group-815FDE6FCAD8 is not the leader 8bc19c34-ed99-4952-a694-bf62b7894053:192.168.36.83:44276, logIndex=0, commits[f44a2839-6f6e-45eb-9e76-f53daf5fe8b6:c6, 24ad807e-6d45-451f-a21b-d43dbe93db59:c4, 8bc19c34-ed99-4952-a694-bf62b7894053:c6]
2019-09-11 19:59:07,472 [java.util.concurrent.ThreadPoolExecutor$Worker@78bd30d7[State = -1, empty queue]] WARN  server.GrpcLogAppender (GrpcLogAppender.java:timeoutAppendRequest(200)) - 8bc19c34-ed99-4952-a694-bf62b7894053@group-815FDE6FCAD8->f44a2839-6f6e-45eb-9e76-f53daf5fe8b6-GrpcLogAppender: appendEntries Timeout, request=8bc19c34-ed99-4952-a694-bf62b7894053->f44a2839-6f6e-45eb-9e76-f53daf5fe8b6#13-t1, previous=(t:1, i:11), leaderCommit=6, initializing? false, entries: <empty>
2019-09-11 19:59:07,472 [java.util.concurrent.ThreadPoolExecutor$Worker@28769ca6[State = -1, empty queue]] WARN  server.GrpcLogAppender (GrpcLogAppender.java:timeoutAppendRequest(200)) - 8bc19c34-ed99-4952-a694-bf62b7894053@group-815FDE6FCAD8->24ad807e-6d45-451f-a21b-d43dbe93db59-GrpcLogAppender: appendEntries Timeout, request=8bc19c34-ed99-4952-a694-bf62b7894053->24ad807e-6d45-451f-a21b-d43dbe93db59#13-t1, previous=(t:1, i:11), leaderCommit=6, initializing? false, entries: <empty>
2019-09-11 19:59:09,973 [java.util.concurrent.ThreadPoolExecutor$Worker@78bd30d7[State = -1, empty queue]] WARN  server.GrpcLogAppender (GrpcLogAppender.java:timeoutAppendRequest(200)) - 8bc19c34-ed99-4952-a694-bf62b7894053@group-815FDE6FCAD8->f44a2839-6f6e-45eb-9e76-f53daf5fe8b6-GrpcLogAppender: appendEntries Timeout, request=8bc19c34-ed99-4952-a694-bf62b7894053->f44a2839-6f6e-45eb-9e76-f53daf5fe8b6#14-t1, previous=(t:1, i:11), leaderCommit=6, initializing? false, entries: <empty>
2019-09-11 19:59:09,973 [java.util.concurrent.ThreadPoolExecutor$Worker@28769ca6[State = -1, empty queue]] WARN  server.GrpcLogAppender (GrpcLogAppender.java:timeoutAppendRequest(200)) - 8bc19c34-ed99-4952-a694-bf62b7894053@group-815FDE6FCAD8->24ad807e-6d45-451f-a21b-d43dbe93db59-GrpcLogAppender: appendEntries Timeout, request=8bc19c34-ed99-4952-a694-bf62b7894053->24ad807e-6d45-451f-a21b-d43dbe93db59#14-t1, previous=(t:1, i:11), leaderCommit=6, initializing? false, entries: <empty>
2019-09-11 19:59:11,969 [8bc19c34-ed99-4952-a694-bf62b7894053@group-815FDE6FCAD8-SegmentedRaftLogWorker] WARN  segmented.SegmentedRaftLogWorker (SegmentedRaftLogWorker.java:getFromFuture(90)) - Timeout 0/~
org.apache.ratis.protocol.TimeoutIOException: Timeout 10s: WriteLog:7: (t:1, i:7), STATEMACHINELOGENTRY, client-7CA8507644EA, cid=16-writeStateMachineData
	at org.apache.ratis.util.IOUtils.getFromFuture(IOUtils.java:87)
	at org.apache.ratis.server.raftlog.segmented.SegmentedRaftLogWorker$StateMachineDataPolicy.getFromFuture(SegmentedRaftLogWorker.java:87)
	at org.apache.ratis.server.raftlog.segmented.SegmentedRaftLogWorker$WriteLog.execute(SegmentedRaftLogWorker.java:477)
	at org.apache.ratis.server.raftlog.segmented.SegmentedRaftLogWorker.run(SegmentedRaftLogWorker.java:289)
	at java.lang.Thread.run(Thread.java:748)
Caused by: java.util.concurrent.TimeoutException
	at java.util.concurrent.CompletableFuture.timedGet(CompletableFuture.java:1771)
	at java.util.concurrent.CompletableFuture.get(CompletableFuture.java:1915)
	at org.apache.ratis.util.IOUtils.getFromFuture(IOUtils.java:79)
	... 4 more
2019-09-11 19:59:12,038 [24ad807e-6d45-451f-a21b-d43dbe93db59@group-815FDE6FCAD8-SegmentedRaftLogWorker] WARN  segmented.SegmentedRaftLogWorker (SegmentedRaftLogWorker.java:getFromFuture(90)) - Timeout 0/~
org.apache.ratis.protocol.TimeoutIOException: Timeout 10s: WriteLog:8: (t:1, i:8), STATEMACHINELOGENTRY, client-7CA8507644EA, cid=17-writeStateMachineData
	at org.apache.ratis.util.IOUtils.getFromFuture(IOUtils.java:87)
	at org.apache.ratis.server.raftlog.segmented.SegmentedRaftLogWorker$StateMachineDataPolicy.getFromFuture(SegmentedRaftLogWorker.java:87)
	at org.apache.ratis.server.raftlog.segmented.SegmentedRaftLogWorker$WriteLog.execute(SegmentedRaftLogWorker.java:477)
	at org.apache.ratis.server.raftlog.segmented.SegmentedRaftLogWorker.run(SegmentedRaftLogWorker.java:289)
	at java.lang.Thread.run(Thread.java:748)
Caused by: java.util.concurrent.TimeoutException
	at java.util.concurrent.CompletableFuture.timedGet(CompletableFuture.java:1771)
	at java.util.concurrent.CompletableFuture.get(CompletableFuture.java:1915)
	at org.apache.ratis.util.IOUtils.getFromFuture(IOUtils.java:79)
	... 4 more
2019-09-11 19:59:12,038 [f44a2839-6f6e-45eb-9e76-f53daf5fe8b6@group-815FDE6FCAD8-SegmentedRaftLogWorker] WARN  segmented.SegmentedRaftLogWorker (SegmentedRaftLogWorker.java:getFromFuture(90)) - Timeout 0/~
org.apache.ratis.protocol.TimeoutIOException: Timeout 10s: WriteLog:8: (t:1, i:8), STATEMACHINELOGENTRY, client-7CA8507644EA, cid=17-writeStateMachineData
	at org.apache.ratis.util.IOUtils.getFromFuture(IOUtils.java:87)
	at org.apache.ratis.server.raftlog.segmented.SegmentedRaftLogWorker$StateMachineDataPolicy.getFromFuture(SegmentedRaftLogWorker.java:87)
	at org.apache.ratis.server.raftlog.segmented.SegmentedRaftLogWorker$WriteLog.execute(SegmentedRaftLogWorker.java:477)
	at org.apache.ratis.server.raftlog.segmented.SegmentedRaftLogWorker.run(SegmentedRaftLogWorker.java:289)
	at java.lang.Thread.run(Thread.java:748)
Caused by: java.util.concurrent.TimeoutException
	at java.util.concurrent.CompletableFuture.timedGet(CompletableFuture.java:1771)
	at java.util.concurrent.CompletableFuture.get(CompletableFuture.java:1915)
	at org.apache.ratis.util.IOUtils.getFromFuture(IOUtils.java:79)
	... 4 more
2019-09-11 19:59:12,174 [grpc-default-executor-2] INFO  client.GrpcClientProtocolClient (GrpcClientProtocolClient.java:onNext(264)) - client-7CA8507644EA->24ad807e-6d45-451f-a21b-d43dbe93db59: receive RaftClientReply:client-7CA8507644EA->24ad807e-6d45-451f-a21b-d43dbe93db59@group-815FDE6FCAD8, cid=16, FAILED org.apache.ratis.protocol.NotLeaderException: Server 24ad807e-6d45-451f-a21b-d43dbe93db59@group-815FDE6FCAD8 is not the leader 8bc19c34-ed99-4952-a694-bf62b7894053:192.168.36.83:44276, logIndex=0, commits[24ad807e-6d45-451f-a21b-d43dbe93db59:c6, f44a2839-6f6e-45eb-9e76-f53daf5fe8b6:c4, 8bc19c34-ed99-4952-a694-bf62b7894053:c6]
2019-09-11 19:59:12,474 [java.util.concurrent.ThreadPoolExecutor$Worker@78bd30d7[State = -1, empty queue]] WARN  server.GrpcLogAppender (GrpcLogAppender.java:timeoutAppendRequest(200)) - 8bc19c34-ed99-4952-a694-bf62b7894053@group-815FDE6FCAD8->f44a2839-6f6e-45eb-9e76-f53daf5fe8b6-GrpcLogAppender: appendEntries Timeout, request=8bc19c34-ed99-4952-a694-bf62b7894053->f44a2839-6f6e-45eb-9e76-f53daf5fe8b6#15-t1, previous=(t:1, i:11), leaderCommit=6, initializing? false, entries: <empty>
2019-09-11 19:59:12,474 [java.util.concurrent.ThreadPoolExecutor$Worker@28769ca6[State = -1, empty queue]] WARN  server.GrpcLogAppender (GrpcLogAppender.java:timeoutAppendRequest(200)) - 8bc19c34-ed99-4952-a694-bf62b7894053@group-815FDE6FCAD8->24ad807e-6d45-451f-a21b-d43dbe93db59-GrpcLogAppender: appendEntries Timeout, request=8bc19c34-ed99-4952-a694-bf62b7894053->24ad807e-6d45-451f-a21b-d43dbe93db59#15-t1, previous=(t:1, i:11), leaderCommit=6, initializing? false, entries: <empty>
2019-09-11 19:59:14,977 [java.util.concurrent.ThreadPoolExecutor$Worker@28769ca6[State = -1, empty queue]] WARN  server.GrpcLogAppender (GrpcLogAppender.java:timeoutAppendRequest(200)) - 8bc19c34-ed99-4952-a694-bf62b7894053@group-815FDE6FCAD8->24ad807e-6d45-451f-a21b-d43dbe93db59-GrpcLogAppender: appendEntries Timeout, request=8bc19c34-ed99-4952-a694-bf62b7894053->24ad807e-6d45-451f-a21b-d43dbe93db59#16-t1, previous=(t:1, i:11), leaderCommit=6, initializing? false, entries: <empty>
2019-09-11 19:59:14,977 [java.util.concurrent.ThreadPoolExecutor$Worker@78bd30d7[State = -1, empty queue]] WARN  server.GrpcLogAppender (GrpcLogAppender.java:timeoutAppendRequest(200)) - 8bc19c34-ed99-4952-a694-bf62b7894053@group-815FDE6FCAD8->f44a2839-6f6e-45eb-9e76-f53daf5fe8b6-GrpcLogAppender: appendEntries Timeout, request=8bc19c34-ed99-4952-a694-bf62b7894053->f44a2839-6f6e-45eb-9e76-f53daf5fe8b6#16-t1, previous=(t:1, i:11), leaderCommit=6, initializing? false, entries: <empty>
2019-09-11 19:59:17,233 [grpc-default-executor-1] INFO  client.GrpcClientProtocolClient (GrpcClientProtocolClient.java:onNext(264)) - client-7CA8507644EA->24ad807e-6d45-451f-a21b-d43dbe93db59: receive RaftClientReply:client-7CA8507644EA->24ad807e-6d45-451f-a21b-d43dbe93db59@group-815FDE6FCAD8, cid=16, FAILED org.apache.ratis.protocol.NotLeaderException: Server 24ad807e-6d45-451f-a21b-d43dbe93db59@group-815FDE6FCAD8 is not the leader 8bc19c34-ed99-4952-a694-bf62b7894053:192.168.36.83:44276, logIndex=0, commits[24ad807e-6d45-451f-a21b-d43dbe93db59:c6, f44a2839-6f6e-45eb-9e76-f53daf5fe8b6:c4, 8bc19c34-ed99-4952-a694-bf62b7894053:c6]
2019-09-11 19:59:17,478 [java.util.concurrent.ThreadPoolExecutor$Worker@78bd30d7[State = -1, empty queue]] WARN  server.GrpcLogAppender (GrpcLogAppender.java:timeoutAppendRequest(200)) - 8bc19c34-ed99-4952-a694-bf62b7894053@group-815FDE6FCAD8->f44a2839-6f6e-45eb-9e76-f53daf5fe8b6-GrpcLogAppender: appendEntries Timeout, request=8bc19c34-ed99-4952-a694-bf62b7894053->f44a2839-6f6e-45eb-9e76-f53daf5fe8b6#17-t1, previous=(t:1, i:11), leaderCommit=6, initializing? false, entries: <empty>
2019-09-11 19:59:17,478 [java.util.concurrent.ThreadPoolExecutor$Worker@28769ca6[State = -1, empty queue]] WARN  server.GrpcLogAppender (GrpcLogAppender.java:timeoutAppendRequest(200)) - 8bc19c34-ed99-4952-a694-bf62b7894053@group-815FDE6FCAD8->24ad807e-6d45-451f-a21b-d43dbe93db59-GrpcLogAppender: appendEntries Timeout, request=8bc19c34-ed99-4952-a694-bf62b7894053->24ad807e-6d45-451f-a21b-d43dbe93db59#17-t1, previous=(t:1, i:11), leaderCommit=6, initializing? false, entries: <empty>
2019-09-11 19:59:19,979 [java.util.concurrent.ThreadPoolExecutor$Worker@78bd30d7[State = -1, empty queue]] WARN  server.GrpcLogAppender (GrpcLogAppender.java:timeoutAppendRequest(200)) - 8bc19c34-ed99-4952-a694-bf62b7894053@group-815FDE6FCAD8->f44a2839-6f6e-45eb-9e76-f53daf5fe8b6-GrpcLogAppender: appendEntries Timeout, request=8bc19c34-ed99-4952-a694-bf62b7894053->f44a2839-6f6e-45eb-9e76-f53daf5fe8b6#18-t1, previous=(t:1, i:11), leaderCommit=6, initializing? false, entries: <empty>
2019-09-11 19:59:19,979 [java.util.concurrent.ThreadPoolExecutor$Worker@28769ca6[State = -1, empty queue]] WARN  server.GrpcLogAppender (GrpcLogAppender.java:timeoutAppendRequest(200)) - 8bc19c34-ed99-4952-a694-bf62b7894053@group-815FDE6FCAD8->24ad807e-6d45-451f-a21b-d43dbe93db59-GrpcLogAppender: appendEntries Timeout, request=8bc19c34-ed99-4952-a694-bf62b7894053->24ad807e-6d45-451f-a21b-d43dbe93db59#18-t1, previous=(t:1, i:11), leaderCommit=6, initializing? false, entries: <empty>
2019-09-11 19:59:21,973 [8bc19c34-ed99-4952-a694-bf62b7894053@group-815FDE6FCAD8-SegmentedRaftLogWorker] WARN  segmented.SegmentedRaftLogWorker (SegmentedRaftLogWorker.java:getFromFuture(90)) - Timeout 1/~
org.apache.ratis.protocol.TimeoutIOException: Timeout 10s: WriteLog:7: (t:1, i:7), STATEMACHINELOGENTRY, client-7CA8507644EA, cid=16-writeStateMachineData
	at org.apache.ratis.util.IOUtils.getFromFuture(IOUtils.java:87)
	at org.apache.ratis.server.raftlog.segmented.SegmentedRaftLogWorker$StateMachineDataPolicy.getFromFuture(SegmentedRaftLogWorker.java:87)
	at org.apache.ratis.server.raftlog.segmented.SegmentedRaftLogWorker$WriteLog.execute(SegmentedRaftLogWorker.java:477)
	at org.apache.ratis.server.raftlog.segmented.SegmentedRaftLogWorker.run(SegmentedRaftLogWorker.java:289)
	at java.lang.Thread.run(Thread.java:748)
Caused by: java.util.concurrent.TimeoutException
	at java.util.concurrent.CompletableFuture.timedGet(CompletableFuture.java:1771)
	at java.util.concurrent.CompletableFuture.get(CompletableFuture.java:1915)
	at org.apache.ratis.util.IOUtils.getFromFuture(IOUtils.java:79)
	... 4 more
2019-09-11 19:59:22,039 [24ad807e-6d45-451f-a21b-d43dbe93db59@group-815FDE6FCAD8-SegmentedRaftLogWorker] WARN  segmented.SegmentedRaftLogWorker (SegmentedRaftLogWorker.java:getFromFuture(90)) - Timeout 1/~
org.apache.ratis.protocol.TimeoutIOException: Timeout 10s: WriteLog:8: (t:1, i:8), STATEMACHINELOGENTRY, client-7CA8507644EA, cid=17-writeStateMachineData
	at org.apache.ratis.util.IOUtils.getFromFuture(IOUtils.java:87)
	at org.apache.ratis.server.raftlog.segmented.SegmentedRaftLogWorker$StateMachineDataPolicy.getFromFuture(SegmentedRaftLogWorker.java:87)
	at org.apache.ratis.server.raftlog.segmented.SegmentedRaftLogWorker$WriteLog.execute(SegmentedRaftLogWorker.java:477)
	at org.apache.ratis.server.raftlog.segmented.SegmentedRaftLogWorker.run(SegmentedRaftLogWorker.java:289)
	at java.lang.Thread.run(Thread.java:748)
Caused by: java.util.concurrent.TimeoutException
	at java.util.concurrent.CompletableFuture.timedGet(CompletableFuture.java:1771)
	at java.util.concurrent.CompletableFuture.get(CompletableFuture.java:1915)
	at org.apache.ratis.util.IOUtils.getFromFuture(IOUtils.java:79)
	... 4 more
2019-09-11 19:59:22,039 [f44a2839-6f6e-45eb-9e76-f53daf5fe8b6@group-815FDE6FCAD8-SegmentedRaftLogWorker] WARN  segmented.SegmentedRaftLogWorker (SegmentedRaftLogWorker.java:getFromFuture(90)) - Timeout 1/~
org.apache.ratis.protocol.TimeoutIOException: Timeout 10s: WriteLog:8: (t:1, i:8), STATEMACHINELOGENTRY, client-7CA8507644EA, cid=17-writeStateMachineData
	at org.apache.ratis.util.IOUtils.getFromFuture(IOUtils.java:87)
	at org.apache.ratis.server.raftlog.segmented.SegmentedRaftLogWorker$StateMachineDataPolicy.getFromFuture(SegmentedRaftLogWorker.java:87)
	at org.apache.ratis.server.raftlog.segmented.SegmentedRaftLogWorker$WriteLog.execute(SegmentedRaftLogWorker.java:477)
	at org.apache.ratis.server.raftlog.segmented.SegmentedRaftLogWorker.run(SegmentedRaftLogWorker.java:289)
	at java.lang.Thread.run(Thread.java:748)
Caused by: java.util.concurrent.TimeoutException
	at java.util.concurrent.CompletableFuture.timedGet(CompletableFuture.java:1771)
	at java.util.concurrent.CompletableFuture.get(CompletableFuture.java:1915)
	at org.apache.ratis.util.IOUtils.getFromFuture(IOUtils.java:79)
	... 4 more
2019-09-11 19:59:22,279 [grpc-default-executor-2] INFO  client.GrpcClientProtocolClient (GrpcClientProtocolClient.java:onNext(264)) - client-7CA8507644EA->f44a2839-6f6e-45eb-9e76-f53daf5fe8b6: receive RaftClientReply:client-7CA8507644EA->f44a2839-6f6e-45eb-9e76-f53daf5fe8b6@group-815FDE6FCAD8, cid=16, FAILED org.apache.ratis.protocol.NotLeaderException: Server f44a2839-6f6e-45eb-9e76-f53daf5fe8b6@group-815FDE6FCAD8 is not the leader 8bc19c34-ed99-4952-a694-bf62b7894053:192.168.36.83:44276, logIndex=0, commits[f44a2839-6f6e-45eb-9e76-f53daf5fe8b6:c6, 24ad807e-6d45-451f-a21b-d43dbe93db59:c4, 8bc19c34-ed99-4952-a694-bf62b7894053:c6]
2019-09-11 19:59:22,480 [java.util.concurrent.ThreadPoolExecutor$Worker@28769ca6[State = -1, empty queue]] WARN  server.GrpcLogAppender (GrpcLogAppender.java:timeoutAppendRequest(200)) - 8bc19c34-ed99-4952-a694-bf62b7894053@group-815FDE6FCAD8->24ad807e-6d45-451f-a21b-d43dbe93db59-GrpcLogAppender: appendEntries Timeout, request=8bc19c34-ed99-4952-a694-bf62b7894053->24ad807e-6d45-451f-a21b-d43dbe93db59#19-t1, previous=(t:1, i:11), leaderCommit=6, initializing? false, entries: <empty>
2019-09-11 19:59:22,480 [java.util.concurrent.ThreadPoolExecutor$Worker@78bd30d7[State = -1, empty queue]] WARN  server.GrpcLogAppender (GrpcLogAppender.java:timeoutAppendRequest(200)) - 8bc19c34-ed99-4952-a694-bf62b7894053@group-815FDE6FCAD8->f44a2839-6f6e-45eb-9e76-f53daf5fe8b6-GrpcLogAppender: appendEntries Timeout, request=8bc19c34-ed99-4952-a694-bf62b7894053->f44a2839-6f6e-45eb-9e76-f53daf5fe8b6#19-t1, previous=(t:1, i:11), leaderCommit=6, initializing? false, entries: <empty>
2019-09-11 19:59:24,981 [java.util.concurrent.ThreadPoolExecutor$Worker@28769ca6[State = -1, empty queue]] WARN  server.GrpcLogAppender (GrpcLogAppender.java:timeoutAppendRequest(200)) - 8bc19c34-ed99-4952-a694-bf62b7894053@group-815FDE6FCAD8->24ad807e-6d45-451f-a21b-d43dbe93db59-GrpcLogAppender: appendEntries Timeout, request=8bc19c34-ed99-4952-a694-bf62b7894053->24ad807e-6d45-451f-a21b-d43dbe93db59#20-t1, previous=(t:1, i:11), leaderCommit=6, initializing? false, entries: <empty>
2019-09-11 19:59:24,981 [java.util.concurrent.ThreadPoolExecutor$Worker@78bd30d7[State = -1, empty queue]] WARN  server.GrpcLogAppender (GrpcLogAppender.java:timeoutAppendRequest(200)) - 8bc19c34-ed99-4952-a694-bf62b7894053@group-815FDE6FCAD8->f44a2839-6f6e-45eb-9e76-f53daf5fe8b6-GrpcLogAppender: appendEntries Timeout, request=8bc19c34-ed99-4952-a694-bf62b7894053->f44a2839-6f6e-45eb-9e76-f53daf5fe8b6#20-t1, previous=(t:1, i:11), leaderCommit=6, initializing? false, entries: <empty>
2019-09-11 19:59:27,341 [grpc-default-executor-1] INFO  client.GrpcClientProtocolClient (GrpcClientProtocolClient.java:onNext(264)) - client-7CA8507644EA->24ad807e-6d45-451f-a21b-d43dbe93db59: receive RaftClientReply:client-7CA8507644EA->24ad807e-6d45-451f-a21b-d43dbe93db59@group-815FDE6FCAD8, cid=16, FAILED org.apache.ratis.protocol.NotLeaderException: Server 24ad807e-6d45-451f-a21b-d43dbe93db59@group-815FDE6FCAD8 is not the leader 8bc19c34-ed99-4952-a694-bf62b7894053:192.168.36.83:44276, logIndex=0, commits[24ad807e-6d45-451f-a21b-d43dbe93db59:c6, f44a2839-6f6e-45eb-9e76-f53daf5fe8b6:c4, 8bc19c34-ed99-4952-a694-bf62b7894053:c6]
2019-09-11 19:59:27,482 [java.util.concurrent.ThreadPoolExecutor$Worker@78bd30d7[State = -1, empty queue]] WARN  server.GrpcLogAppender (GrpcLogAppender.java:timeoutAppendRequest(200)) - 8bc19c34-ed99-4952-a694-bf62b7894053@group-815FDE6FCAD8->f44a2839-6f6e-45eb-9e76-f53daf5fe8b6-GrpcLogAppender: appendEntries Timeout, request=8bc19c34-ed99-4952-a694-bf62b7894053->f44a2839-6f6e-45eb-9e76-f53daf5fe8b6#21-t1, previous=(t:1, i:11), leaderCommit=6, initializing? false, entries: <empty>
2019-09-11 19:59:27,482 [java.util.concurrent.ThreadPoolExecutor$Worker@28769ca6[State = -1, empty queue]] WARN  server.GrpcLogAppender (GrpcLogAppender.java:timeoutAppendRequest(200)) - 8bc19c34-ed99-4952-a694-bf62b7894053@group-815FDE6FCAD8->24ad807e-6d45-451f-a21b-d43dbe93db59-GrpcLogAppender: appendEntries Timeout, request=8bc19c34-ed99-4952-a694-bf62b7894053->24ad807e-6d45-451f-a21b-d43dbe93db59#21-t1, previous=(t:1, i:11), leaderCommit=6, initializing? false, entries: <empty>
2019-09-11 19:59:29,983 [java.util.concurrent.ThreadPoolExecutor$Worker@28769ca6[State = -1, empty queue]] WARN  server.GrpcLogAppender (GrpcLogAppender.java:timeoutAppendRequest(200)) - 8bc19c34-ed99-4952-a694-bf62b7894053@group-815FDE6FCAD8->24ad807e-6d45-451f-a21b-d43dbe93db59-GrpcLogAppender: appendEntries Timeout, request=8bc19c34-ed99-4952-a694-bf62b7894053->24ad807e-6d45-451f-a21b-d43dbe93db59#22-t1, previous=(t:1, i:11), leaderCommit=6, initializing? false, entries: <empty>
2019-09-11 19:59:29,983 [java.util.concurrent.ThreadPoolExecutor$Worker@78bd30d7[State = -1, empty queue]] WARN  server.GrpcLogAppender (GrpcLogAppender.java:timeoutAppendRequest(200)) - 8bc19c34-ed99-4952-a694-bf62b7894053@group-815FDE6FCAD8->f44a2839-6f6e-45eb-9e76-f53daf5fe8b6-GrpcLogAppender: appendEntries Timeout, request=8bc19c34-ed99-4952-a694-bf62b7894053->f44a2839-6f6e-45eb-9e76-f53daf5fe8b6#22-t1, previous=(t:1, i:11), leaderCommit=6, initializing? false, entries: <empty>
2019-09-11 19:59:31,975 [8bc19c34-ed99-4952-a694-bf62b7894053@group-815FDE6FCAD8-SegmentedRaftLogWorker] WARN  segmented.SegmentedRaftLogWorker (SegmentedRaftLogWorker.java:getFromFuture(90)) - Timeout 2/~
org.apache.ratis.protocol.TimeoutIOException: Timeout 10s: WriteLog:7: (t:1, i:7), STATEMACHINELOGENTRY, client-7CA8507644EA, cid=16-writeStateMachineData
	at org.apache.ratis.util.IOUtils.getFromFuture(IOUtils.java:87)
	at org.apache.ratis.server.raftlog.segmented.SegmentedRaftLogWorker$StateMachineDataPolicy.getFromFuture(SegmentedRaftLogWorker.java:87)
	at org.apache.ratis.server.raftlog.segmented.SegmentedRaftLogWorker$WriteLog.execute(SegmentedRaftLogWorker.java:477)
	at org.apache.ratis.server.raftlog.segmented.SegmentedRaftLogWorker.run(SegmentedRaftLogWorker.java:289)
	at java.lang.Thread.run(Thread.java:748)
Caused by: java.util.concurrent.TimeoutException
	at java.util.concurrent.CompletableFuture.timedGet(CompletableFuture.java:1771)
	at java.util.concurrent.CompletableFuture.get(CompletableFuture.java:1915)
	at org.apache.ratis.util.IOUtils.getFromFuture(IOUtils.java:79)
	... 4 more
2019-09-11 19:59:32,040 [24ad807e-6d45-451f-a21b-d43dbe93db59@group-815FDE6FCAD8-SegmentedRaftLogWorker] WARN  segmented.SegmentedRaftLogWorker (SegmentedRaftLogWorker.java:getFromFuture(90)) - Timeout 2/~
org.apache.ratis.protocol.TimeoutIOException: Timeout 10s: WriteLog:8: (t:1, i:8), STATEMACHINELOGENTRY, client-7CA8507644EA, cid=17-writeStateMachineData
	at org.apache.ratis.util.IOUtils.getFromFuture(IOUtils.java:87)
	at org.apache.ratis.server.raftlog.segmented.SegmentedRaftLogWorker$StateMachineDataPolicy.getFromFuture(SegmentedRaftLogWorker.java:87)
	at org.apache.ratis.server.raftlog.segmented.SegmentedRaftLogWorker$WriteLog.execute(SegmentedRaftLogWorker.java:477)
	at org.apache.ratis.server.raftlog.segmented.SegmentedRaftLogWorker.run(SegmentedRaftLogWorker.java:289)
	at java.lang.Thread.run(Thread.java:748)
Caused by: java.util.concurrent.TimeoutException
	at java.util.concurrent.CompletableFuture.timedGet(CompletableFuture.java:1771)
	at java.util.concurrent.CompletableFuture.get(CompletableFuture.java:1915)
	at org.apache.ratis.util.IOUtils.getFromFuture(IOUtils.java:79)
	... 4 more
2019-09-11 19:59:32,041 [f44a2839-6f6e-45eb-9e76-f53daf5fe8b6@group-815FDE6FCAD8-SegmentedRaftLogWorker] WARN  segmented.SegmentedRaftLogWorker (SegmentedRaftLogWorker.java:getFromFuture(90)) - Timeout 2/~
org.apache.ratis.protocol.TimeoutIOException: Timeout 10s: WriteLog:8: (t:1, i:8), STATEMACHINELOGENTRY, client-7CA8507644EA, cid=17-writeStateMachineData
	at org.apache.ratis.util.IOUtils.getFromFuture(IOUtils.java:87)
	at org.apache.ratis.server.raftlog.segmented.SegmentedRaftLogWorker$StateMachineDataPolicy.getFromFuture(SegmentedRaftLogWorker.java:87)
	at org.apache.ratis.server.raftlog.segmented.SegmentedRaftLogWorker$WriteLog.execute(SegmentedRaftLogWorker.java:477)
	at org.apache.ratis.server.raftlog.segmented.SegmentedRaftLogWorker.run(SegmentedRaftLogWorker.java:289)
	at java.lang.Thread.run(Thread.java:748)
Caused by: java.util.concurrent.TimeoutException
	at java.util.concurrent.CompletableFuture.timedGet(CompletableFuture.java:1771)
	at java.util.concurrent.CompletableFuture.get(CompletableFuture.java:1915)
	at org.apache.ratis.util.IOUtils.getFromFuture(IOUtils.java:79)
	... 4 more
2019-09-11 19:59:32,412 [grpc-default-executor-1] INFO  client.GrpcClientProtocolClient (GrpcClientProtocolClient.java:onNext(264)) - client-7CA8507644EA->24ad807e-6d45-451f-a21b-d43dbe93db59: receive RaftClientReply:client-7CA8507644EA->24ad807e-6d45-451f-a21b-d43dbe93db59@group-815FDE6FCAD8, cid=16, FAILED org.apache.ratis.protocol.NotLeaderException: Server 24ad807e-6d45-451f-a21b-d43dbe93db59@group-815FDE6FCAD8 is not the leader 8bc19c34-ed99-4952-a694-bf62b7894053:192.168.36.83:44276, logIndex=0, commits[24ad807e-6d45-451f-a21b-d43dbe93db59:c6, f44a2839-6f6e-45eb-9e76-f53daf5fe8b6:c4, 8bc19c34-ed99-4952-a694-bf62b7894053:c6]
2019-09-11 19:59:32,485 [java.util.concurrent.ThreadPoolExecutor$Worker@28769ca6[State = -1, empty queue]] WARN  server.GrpcLogAppender (GrpcLogAppender.java:timeoutAppendRequest(200)) - 8bc19c34-ed99-4952-a694-bf62b7894053@group-815FDE6FCAD8->24ad807e-6d45-451f-a21b-d43dbe93db59-GrpcLogAppender: appendEntries Timeout, request=8bc19c34-ed99-4952-a694-bf62b7894053->24ad807e-6d45-451f-a21b-d43dbe93db59#23-t1, previous=(t:1, i:11), leaderCommit=6, initializing? false, entries: <empty>
2019-09-11 19:59:32,485 [java.util.concurrent.ThreadPoolExecutor$Worker@78bd30d7[State = -1, empty queue]] WARN  server.GrpcLogAppender (GrpcLogAppender.java:timeoutAppendRequest(200)) - 8bc19c34-ed99-4952-a694-bf62b7894053@group-815FDE6FCAD8->f44a2839-6f6e-45eb-9e76-f53daf5fe8b6-GrpcLogAppender: appendEntries Timeout, request=8bc19c34-ed99-4952-a694-bf62b7894053->f44a2839-6f6e-45eb-9e76-f53daf5fe8b6#23-t1, previous=(t:1, i:11), leaderCommit=6, initializing? false, entries: <empty>
2019-09-11 19:59:34,986 [java.util.concurrent.ThreadPoolExecutor$Worker@28769ca6[State = -1, empty queue]] WARN  server.GrpcLogAppender (GrpcLogAppender.java:timeoutAppendRequest(200)) - 8bc19c34-ed99-4952-a694-bf62b7894053@group-815FDE6FCAD8->24ad807e-6d45-451f-a21b-d43dbe93db59-GrpcLogAppender: appendEntries Timeout, request=8bc19c34-ed99-4952-a694-bf62b7894053->24ad807e-6d45-451f-a21b-d43dbe93db59#24-t1, previous=(t:1, i:11), leaderCommit=6, initializing? false, entries: <empty>
2019-09-11 19:59:34,986 [java.util.concurrent.ThreadPoolExecutor$Worker@78bd30d7[State = -1, empty queue]] WARN  server.GrpcLogAppender (GrpcLogAppender.java:timeoutAppendRequest(200)) - 8bc19c34-ed99-4952-a694-bf62b7894053@group-815FDE6FCAD8->f44a2839-6f6e-45eb-9e76-f53daf5fe8b6-GrpcLogAppender: appendEntries Timeout, request=8bc19c34-ed99-4952-a694-bf62b7894053->f44a2839-6f6e-45eb-9e76-f53daf5fe8b6#24-t1, previous=(t:1, i:11), leaderCommit=6, initializing? false, entries: <empty>
2019-09-11 19:59:37,471 [grpc-default-executor-1] INFO  client.GrpcClientProtocolClient (GrpcClientProtocolClient.java:onNext(264)) - client-7CA8507644EA->f44a2839-6f6e-45eb-9e76-f53daf5fe8b6: receive RaftClientReply:client-7CA8507644EA->f44a2839-6f6e-45eb-9e76-f53daf5fe8b6@group-815FDE6FCAD8, cid=16, FAILED org.apache.ratis.protocol.NotLeaderException: Server f44a2839-6f6e-45eb-9e76-f53daf5fe8b6@group-815FDE6FCAD8 is not the leader 8bc19c34-ed99-4952-a694-bf62b7894053:192.168.36.83:44276, logIndex=0, commits[f44a2839-6f6e-45eb-9e76-f53daf5fe8b6:c6, 24ad807e-6d45-451f-a21b-d43dbe93db59:c4, 8bc19c34-ed99-4952-a694-bf62b7894053:c6]
2019-09-11 19:59:37,487 [java.util.concurrent.ThreadPoolExecutor$Worker@78bd30d7[State = -1, empty queue]] WARN  server.GrpcLogAppender (GrpcLogAppender.java:timeoutAppendRequest(200)) - 8bc19c34-ed99-4952-a694-bf62b7894053@group-815FDE6FCAD8->f44a2839-6f6e-45eb-9e76-f53daf5fe8b6-GrpcLogAppender: appendEntries Timeout, request=8bc19c34-ed99-4952-a694-bf62b7894053->f44a2839-6f6e-45eb-9e76-f53daf5fe8b6#25-t1, previous=(t:1, i:11), leaderCommit=6, initializing? false, entries: <empty>
2019-09-11 19:59:37,487 [java.util.concurrent.ThreadPoolExecutor$Worker@28769ca6[State = -1, empty queue]] WARN  server.GrpcLogAppender (GrpcLogAppender.java:timeoutAppendRequest(200)) - 8bc19c34-ed99-4952-a694-bf62b7894053@group-815FDE6FCAD8->24ad807e-6d45-451f-a21b-d43dbe93db59-GrpcLogAppender: appendEntries Timeout, request=8bc19c34-ed99-4952-a694-bf62b7894053->24ad807e-6d45-451f-a21b-d43dbe93db59#25-t1, previous=(t:1, i:11), leaderCommit=6, initializing? false, entries: <empty>
2019-09-11 19:59:39,989 [java.util.concurrent.ThreadPoolExecutor$Worker@78bd30d7[State = -1, empty queue]] WARN  server.GrpcLogAppender (GrpcLogAppender.java:timeoutAppendRequest(200)) - 8bc19c34-ed99-4952-a694-bf62b7894053@group-815FDE6FCAD8->f44a2839-6f6e-45eb-9e76-f53daf5fe8b6-GrpcLogAppender: appendEntries Timeout, request=8bc19c34-ed99-4952-a694-bf62b7894053->f44a2839-6f6e-45eb-9e76-f53daf5fe8b6#26-t1, previous=(t:1, i:11), leaderCommit=6, initializing? false, entries: <empty>
2019-09-11 19:59:39,989 [java.util.concurrent.ThreadPoolExecutor$Worker@28769ca6[State = -1, empty queue]] WARN  server.GrpcLogAppender (GrpcLogAppender.java:timeoutAppendRequest(200)) - 8bc19c34-ed99-4952-a694-bf62b7894053@group-815FDE6FCAD8->24ad807e-6d45-451f-a21b-d43dbe93db59-GrpcLogAppender: appendEntries Timeout, request=8bc19c34-ed99-4952-a694-bf62b7894053->24ad807e-6d45-451f-a21b-d43dbe93db59#26-t1, previous=(t:1, i:11), leaderCommit=6, initializing? false, entries: <empty>
2019-09-11 19:59:41,976 [8bc19c34-ed99-4952-a694-bf62b7894053@group-815FDE6FCAD8-SegmentedRaftLogWorker] WARN  segmented.SegmentedRaftLogWorker (SegmentedRaftLogWorker.java:getFromFuture(90)) - Timeout 3/~
org.apache.ratis.protocol.TimeoutIOException: Timeout 10s: WriteLog:7: (t:1, i:7), STATEMACHINELOGENTRY, client-7CA8507644EA, cid=16-writeStateMachineData
	at org.apache.ratis.util.IOUtils.getFromFuture(IOUtils.java:87)
	at org.apache.ratis.server.raftlog.segmented.SegmentedRaftLogWorker$StateMachineDataPolicy.getFromFuture(SegmentedRaftLogWorker.java:87)
	at org.apache.ratis.server.raftlog.segmented.SegmentedRaftLogWorker$WriteLog.execute(SegmentedRaftLogWorker.java:477)
	at org.apache.ratis.server.raftlog.segmented.SegmentedRaftLogWorker.run(SegmentedRaftLogWorker.java:289)
	at java.lang.Thread.run(Thread.java:748)
Caused by: java.util.concurrent.TimeoutException
	at java.util.concurrent.CompletableFuture.timedGet(CompletableFuture.java:1771)
	at java.util.concurrent.CompletableFuture.get(CompletableFuture.java:1915)
	at org.apache.ratis.util.IOUtils.getFromFuture(IOUtils.java:79)
	... 4 more
2019-09-11 19:59:42,041 [24ad807e-6d45-451f-a21b-d43dbe93db59@group-815FDE6FCAD8-SegmentedRaftLogWorker] WARN  segmented.SegmentedRaftLogWorker (SegmentedRaftLogWorker.java:getFromFuture(90)) - Timeout 3/~
org.apache.ratis.protocol.TimeoutIOException: Timeout 10s: WriteLog:8: (t:1, i:8), STATEMACHINELOGENTRY, client-7CA8507644EA, cid=17-writeStateMachineData
	at org.apache.ratis.util.IOUtils.getFromFuture(IOUtils.java:87)
	at org.apache.ratis.server.raftlog.segmented.SegmentedRaftLogWorker$StateMachineDataPolicy.getFromFuture(SegmentedRaftLogWorker.java:87)
	at org.apache.ratis.server.raftlog.segmented.SegmentedRaftLogWorker$WriteLog.execute(SegmentedRaftLogWorker.java:477)
	at org.apache.ratis.server.raftlog.segmented.SegmentedRaftLogWorker.run(SegmentedRaftLogWorker.java:289)
	at java.lang.Thread.run(Thread.java:748)
Caused by: java.util.concurrent.TimeoutException
	at java.util.concurrent.CompletableFuture.timedGet(CompletableFuture.java:1771)
	at java.util.concurrent.CompletableFuture.get(CompletableFuture.java:1915)
	at org.apache.ratis.util.IOUtils.getFromFuture(IOUtils.java:79)
	... 4 more
2019-09-11 19:59:42,041 [f44a2839-6f6e-45eb-9e76-f53daf5fe8b6@group-815FDE6FCAD8-SegmentedRaftLogWorker] WARN  segmented.SegmentedRaftLogWorker (SegmentedRaftLogWorker.java:getFromFuture(90)) - Timeout 3/~
org.apache.ratis.protocol.TimeoutIOException: Timeout 10s: WriteLog:8: (t:1, i:8), STATEMACHINELOGENTRY, client-7CA8507644EA, cid=17-writeStateMachineData
	at org.apache.ratis.util.IOUtils.getFromFuture(IOUtils.java:87)
	at org.apache.ratis.server.raftlog.segmented.SegmentedRaftLogWorker$StateMachineDataPolicy.getFromFuture(SegmentedRaftLogWorker.java:87)
	at org.apache.ratis.server.raftlog.segmented.SegmentedRaftLogWorker$WriteLog.execute(SegmentedRaftLogWorker.java:477)
	at org.apache.ratis.server.raftlog.segmented.SegmentedRaftLogWorker.run(SegmentedRaftLogWorker.java:289)
	at java.lang.Thread.run(Thread.java:748)
Caused by: java.util.concurrent.TimeoutException
	at java.util.concurrent.CompletableFuture.timedGet(CompletableFuture.java:1771)
	at java.util.concurrent.CompletableFuture.get(CompletableFuture.java:1915)
	at org.apache.ratis.util.IOUtils.getFromFuture(IOUtils.java:79)
	... 4 more
2019-09-11 19:59:42,490 [java.util.concurrent.ThreadPoolExecutor$Worker@28769ca6[State = -1, empty queue]] WARN  server.GrpcLogAppender (GrpcLogAppender.java:timeoutAppendRequest(200)) - 8bc19c34-ed99-4952-a694-bf62b7894053@group-815FDE6FCAD8->24ad807e-6d45-451f-a21b-d43dbe93db59-GrpcLogAppender: appendEntries Timeout, request=8bc19c34-ed99-4952-a694-bf62b7894053->24ad807e-6d45-451f-a21b-d43dbe93db59#27-t1, previous=(t:1, i:11), leaderCommit=6, initializing? false, entries: <empty>
2019-09-11 19:59:42,490 [java.util.concurrent.ThreadPoolExecutor$Worker@78bd30d7[State = -1, empty queue]] WARN  server.GrpcLogAppender (GrpcLogAppender.java:timeoutAppendRequest(200)) - 8bc19c34-ed99-4952-a694-bf62b7894053@group-815FDE6FCAD8->f44a2839-6f6e-45eb-9e76-f53daf5fe8b6-GrpcLogAppender: appendEntries Timeout, request=8bc19c34-ed99-4952-a694-bf62b7894053->f44a2839-6f6e-45eb-9e76-f53daf5fe8b6#27-t1, previous=(t:1, i:11), leaderCommit=6, initializing? false, entries: <empty>
2019-09-11 19:59:42,559 [grpc-default-executor-3] INFO  client.GrpcClientProtocolClient (GrpcClientProtocolClient.java:onNext(264)) - client-7CA8507644EA->24ad807e-6d45-451f-a21b-d43dbe93db59: receive RaftClientReply:client-7CA8507644EA->24ad807e-6d45-451f-a21b-d43dbe93db59@group-815FDE6FCAD8, cid=16, FAILED org.apache.ratis.protocol.NotLeaderException: Server 24ad807e-6d45-451f-a21b-d43dbe93db59@group-815FDE6FCAD8 is not the leader 8bc19c34-ed99-4952-a694-bf62b7894053:192.168.36.83:44276, logIndex=0, commits[24ad807e-6d45-451f-a21b-d43dbe93db59:c6, f44a2839-6f6e-45eb-9e76-f53daf5fe8b6:c4, 8bc19c34-ed99-4952-a694-bf62b7894053:c6]
2019-09-11 19:59:44,991 [java.util.concurrent.ThreadPoolExecutor$Worker@28769ca6[State = -1, empty queue]] WARN  server.GrpcLogAppender (GrpcLogAppender.java:timeoutAppendRequest(200)) - 8bc19c34-ed99-4952-a694-bf62b7894053@group-815FDE6FCAD8->24ad807e-6d45-451f-a21b-d43dbe93db59-GrpcLogAppender: appendEntries Timeout, request=8bc19c34-ed99-4952-a694-bf62b7894053->24ad807e-6d45-451f-a21b-d43dbe93db59#28-t1, previous=(t:1, i:11), leaderCommit=6, initializing? false, entries: <empty>
2019-09-11 19:59:44,991 [java.util.concurrent.ThreadPoolExecutor$Worker@78bd30d7[State = -1, empty queue]] WARN  server.GrpcLogAppender (GrpcLogAppender.java:timeoutAppendRequest(200)) - 8bc19c34-ed99-4952-a694-bf62b7894053@group-815FDE6FCAD8->f44a2839-6f6e-45eb-9e76-f53daf5fe8b6-GrpcLogAppender: appendEntries Timeout, request=8bc19c34-ed99-4952-a694-bf62b7894053->f44a2839-6f6e-45eb-9e76-f53daf5fe8b6#28-t1, previous=(t:1, i:11), leaderCommit=6, initializing? false, entries: <empty>
2019-09-11 19:59:47,492 [java.util.concurrent.ThreadPoolExecutor$Worker@78bd30d7[State = -1, empty queue]] WARN  server.GrpcLogAppender (GrpcLogAppender.java:timeoutAppendRequest(200)) - 8bc19c34-ed99-4952-a694-bf62b7894053@group-815FDE6FCAD8->f44a2839-6f6e-45eb-9e76-f53daf5fe8b6-GrpcLogAppender: appendEntries Timeout, request=8bc19c34-ed99-4952-a694-bf62b7894053->f44a2839-6f6e-45eb-9e76-f53daf5fe8b6#29-t1, previous=(t:1, i:11), leaderCommit=6, initializing? false, entries: <empty>
2019-09-11 19:59:47,492 [java.util.concurrent.ThreadPoolExecutor$Worker@28769ca6[State = -1, empty queue]] WARN  server.GrpcLogAppender (GrpcLogAppender.java:timeoutAppendRequest(200)) - 8bc19c34-ed99-4952-a694-bf62b7894053@group-815FDE6FCAD8->24ad807e-6d45-451f-a21b-d43dbe93db59-GrpcLogAppender: appendEntries Timeout, request=8bc19c34-ed99-4952-a694-bf62b7894053->24ad807e-6d45-451f-a21b-d43dbe93db59#29-t1, previous=(t:1, i:11), leaderCommit=6, initializing? false, entries: <empty>
2019-09-11 19:59:47,612 [grpc-default-executor-2] INFO  client.GrpcClientProtocolClient (GrpcClientProtocolClient.java:onNext(264)) - client-7CA8507644EA->24ad807e-6d45-451f-a21b-d43dbe93db59: receive RaftClientReply:client-7CA8507644EA->24ad807e-6d45-451f-a21b-d43dbe93db59@group-815FDE6FCAD8, cid=16, FAILED org.apache.ratis.protocol.NotLeaderException: Server 24ad807e-6d45-451f-a21b-d43dbe93db59@group-815FDE6FCAD8 is not the leader 8bc19c34-ed99-4952-a694-bf62b7894053:192.168.36.83:44276, logIndex=0, commits[24ad807e-6d45-451f-a21b-d43dbe93db59:c6, f44a2839-6f6e-45eb-9e76-f53daf5fe8b6:c4, 8bc19c34-ed99-4952-a694-bf62b7894053:c6]
2019-09-11 19:59:49,995 [java.util.concurrent.ThreadPoolExecutor$Worker@28769ca6[State = -1, empty queue]] WARN  server.GrpcLogAppender (GrpcLogAppender.java:timeoutAppendRequest(200)) - 8bc19c34-ed99-4952-a694-bf62b7894053@group-815FDE6FCAD8->24ad807e-6d45-451f-a21b-d43dbe93db59-GrpcLogAppender: appendEntries Timeout, request=8bc19c34-ed99-4952-a694-bf62b7894053->24ad807e-6d45-451f-a21b-d43dbe93db59#30-t1, previous=(t:1, i:11), leaderCommit=6, initializing? false, entries: <empty>
2019-09-11 19:59:49,996 [java.util.concurrent.ThreadPoolExecutor$Worker@78bd30d7[State = -1, empty queue]] WARN  server.GrpcLogAppender (GrpcLogAppender.java:timeoutAppendRequest(200)) - 8bc19c34-ed99-4952-a694-bf62b7894053@group-815FDE6FCAD8->f44a2839-6f6e-45eb-9e76-f53daf5fe8b6-GrpcLogAppender: appendEntries Timeout, request=8bc19c34-ed99-4952-a694-bf62b7894053->f44a2839-6f6e-45eb-9e76-f53daf5fe8b6#30-t1, previous=(t:1, i:11), leaderCommit=6, initializing? false, entries: <empty>
2019-09-11 19:59:51,978 [8bc19c34-ed99-4952-a694-bf62b7894053@group-815FDE6FCAD8-SegmentedRaftLogWorker] WARN  segmented.SegmentedRaftLogWorker (SegmentedRaftLogWorker.java:getFromFuture(90)) - Timeout 4/~
org.apache.ratis.protocol.TimeoutIOException: Timeout 10s: WriteLog:7: (t:1, i:7), STATEMACHINELOGENTRY, client-7CA8507644EA, cid=16-writeStateMachineData
	at org.apache.ratis.util.IOUtils.getFromFuture(IOUtils.java:87)
	at org.apache.ratis.server.raftlog.segmented.SegmentedRaftLogWorker$StateMachineDataPolicy.getFromFuture(SegmentedRaftLogWorker.java:87)
	at org.apache.ratis.server.raftlog.segmented.SegmentedRaftLogWorker$WriteLog.execute(SegmentedRaftLogWorker.java:477)
	at org.apache.ratis.server.raftlog.segmented.SegmentedRaftLogWorker.run(SegmentedRaftLogWorker.java:289)
	at java.lang.Thread.run(Thread.java:748)
Caused by: java.util.concurrent.TimeoutException
	at java.util.concurrent.CompletableFuture.timedGet(CompletableFuture.java:1771)
	at java.util.concurrent.CompletableFuture.get(CompletableFuture.java:1915)
	at org.apache.ratis.util.IOUtils.getFromFuture(IOUtils.java:79)
	... 4 more
2019-09-11 19:59:52,042 [24ad807e-6d45-451f-a21b-d43dbe93db59@group-815FDE6FCAD8-SegmentedRaftLogWorker] WARN  segmented.SegmentedRaftLogWorker (SegmentedRaftLogWorker.java:getFromFuture(90)) - Timeout 4/~
org.apache.ratis.protocol.TimeoutIOException: Timeout 10s: WriteLog:8: (t:1, i:8), STATEMACHINELOGENTRY, client-7CA8507644EA, cid=17-writeStateMachineData
	at org.apache.ratis.util.IOUtils.getFromFuture(IOUtils.java:87)
	at org.apache.ratis.server.raftlog.segmented.SegmentedRaftLogWorker$StateMachineDataPolicy.getFromFuture(SegmentedRaftLogWorker.java:87)
	at org.apache.ratis.server.raftlog.segmented.SegmentedRaftLogWorker$WriteLog.execute(SegmentedRaftLogWorker.java:477)
	at org.apache.ratis.server.raftlog.segmented.SegmentedRaftLogWorker.run(SegmentedRaftLogWorker.java:289)
	at java.lang.Thread.run(Thread.java:748)
Caused by: java.util.concurrent.TimeoutException
	at java.util.concurrent.CompletableFuture.timedGet(CompletableFuture.java:1771)
	at java.util.concurrent.CompletableFuture.get(CompletableFuture.java:1915)
	at org.apache.ratis.util.IOUtils.getFromFuture(IOUtils.java:79)
	... 4 more
2019-09-11 19:59:52,042 [f44a2839-6f6e-45eb-9e76-f53daf5fe8b6@group-815FDE6FCAD8-SegmentedRaftLogWorker] WARN  segmented.SegmentedRaftLogWorker (SegmentedRaftLogWorker.java:getFromFuture(90)) - Timeout 4/~
org.apache.ratis.protocol.TimeoutIOException: Timeout 10s: WriteLog:8: (t:1, i:8), STATEMACHINELOGENTRY, client-7CA8507644EA, cid=17-writeStateMachineData
	at org.apache.ratis.util.IOUtils.getFromFuture(IOUtils.java:87)
	at org.apache.ratis.server.raftlog.segmented.SegmentedRaftLogWorker$StateMachineDataPolicy.getFromFuture(SegmentedRaftLogWorker.java:87)
	at org.apache.ratis.server.raftlog.segmented.SegmentedRaftLogWorker$WriteLog.execute(SegmentedRaftLogWorker.java:477)
	at org.apache.ratis.server.raftlog.segmented.SegmentedRaftLogWorker.run(SegmentedRaftLogWorker.java:289)
	at java.lang.Thread.run(Thread.java:748)
Caused by: java.util.concurrent.TimeoutException
	at java.util.concurrent.CompletableFuture.timedGet(CompletableFuture.java:1771)
	at java.util.concurrent.CompletableFuture.get(CompletableFuture.java:1915)
	at org.apache.ratis.util.IOUtils.getFromFuture(IOUtils.java:79)
	... 4 more
2019-09-11 19:59:52,493 [java.util.concurrent.ThreadPoolExecutor$Worker@28769ca6[State = -1, empty queue]] WARN  server.GrpcLogAppender (GrpcLogAppender.java:timeoutAppendRequest(200)) - 8bc19c34-ed99-4952-a694-bf62b7894053@group-815FDE6FCAD8->24ad807e-6d45-451f-a21b-d43dbe93db59-GrpcLogAppender: appendEntries Timeout, request=8bc19c34-ed99-4952-a694-bf62b7894053->24ad807e-6d45-451f-a21b-d43dbe93db59#31-t1, previous=(t:1, i:11), leaderCommit=6, initializing? false, entries: <empty>
2019-09-11 19:59:52,493 [java.util.concurrent.ThreadPoolExecutor$Worker@78bd30d7[State = -1, empty queue]] WARN  server.GrpcLogAppender (GrpcLogAppender.java:timeoutAppendRequest(200)) - 8bc19c34-ed99-4952-a694-bf62b7894053@group-815FDE6FCAD8->f44a2839-6f6e-45eb-9e76-f53daf5fe8b6-GrpcLogAppender: appendEntries Timeout, request=8bc19c34-ed99-4952-a694-bf62b7894053->f44a2839-6f6e-45eb-9e76-f53daf5fe8b6#31-t1, previous=(t:1, i:11), leaderCommit=6, initializing? false, entries: <empty>
2019-09-11 19:59:52,668 [grpc-default-executor-0] INFO  client.GrpcClientProtocolClient (GrpcClientProtocolClient.java:onNext(264)) - client-7CA8507644EA->f44a2839-6f6e-45eb-9e76-f53daf5fe8b6: receive RaftClientReply:client-7CA8507644EA->f44a2839-6f6e-45eb-9e76-f53daf5fe8b6@group-815FDE6FCAD8, cid=16, FAILED org.apache.ratis.protocol.NotLeaderException: Server f44a2839-6f6e-45eb-9e76-f53daf5fe8b6@group-815FDE6FCAD8 is not the leader 8bc19c34-ed99-4952-a694-bf62b7894053:192.168.36.83:44276, logIndex=0, commits[f44a2839-6f6e-45eb-9e76-f53daf5fe8b6:c6, 24ad807e-6d45-451f-a21b-d43dbe93db59:c4, 8bc19c34-ed99-4952-a694-bf62b7894053:c6]
2019-09-11 19:59:54,994 [java.util.concurrent.ThreadPoolExecutor$Worker@28769ca6[State = -1, empty queue]] WARN  server.GrpcLogAppender (GrpcLogAppender.java:timeoutAppendRequest(200)) - 8bc19c34-ed99-4952-a694-bf62b7894053@group-815FDE6FCAD8->24ad807e-6d45-451f-a21b-d43dbe93db59-GrpcLogAppender: appendEntries Timeout, request=8bc19c34-ed99-4952-a694-bf62b7894053->24ad807e-6d45-451f-a21b-d43dbe93db59#32-t1, previous=(t:1, i:11), leaderCommit=6, initializing? false, entries: <empty>
2019-09-11 19:59:54,994 [java.util.concurrent.ThreadPoolExecutor$Worker@78bd30d7[State = -1, empty queue]] WARN  server.GrpcLogAppender (GrpcLogAppender.java:timeoutAppendRequest(200)) - 8bc19c34-ed99-4952-a694-bf62b7894053@group-815FDE6FCAD8->f44a2839-6f6e-45eb-9e76-f53daf5fe8b6-GrpcLogAppender: appendEntries Timeout, request=8bc19c34-ed99-4952-a694-bf62b7894053->f44a2839-6f6e-45eb-9e76-f53daf5fe8b6#32-t1, previous=(t:1, i:11), leaderCommit=6, initializing? false, entries: <empty>
2019-09-11 19:59:57,495 [java.util.concurrent.ThreadPoolExecutor$Worker@78bd30d7[State = -1, empty queue]] WARN  server.GrpcLogAppender (GrpcLogAppender.java:timeoutAppendRequest(200)) - 8bc19c34-ed99-4952-a694-bf62b7894053@group-815FDE6FCAD8->f44a2839-6f6e-45eb-9e76-f53daf5fe8b6-GrpcLogAppender: appendEntries Timeout, request=8bc19c34-ed99-4952-a694-bf62b7894053->f44a2839-6f6e-45eb-9e76-f53daf5fe8b6#33-t1, previous=(t:1, i:11), leaderCommit=6, initializing? false, entries: <empty>
2019-09-11 19:59:57,495 [java.util.concurrent.ThreadPoolExecutor$Worker@28769ca6[State = -1, empty queue]] WARN  server.GrpcLogAppender (GrpcLogAppender.java:timeoutAppendRequest(200)) - 8bc19c34-ed99-4952-a694-bf62b7894053@group-815FDE6FCAD8->24ad807e-6d45-451f-a21b-d43dbe93db59-GrpcLogAppender: appendEntries Timeout, request=8bc19c34-ed99-4952-a694-bf62b7894053->24ad807e-6d45-451f-a21b-d43dbe93db59#33-t1, previous=(t:1, i:11), leaderCommit=6, initializing? false, entries: <empty>
2019-09-11 19:59:57,729 [grpc-default-executor-0] INFO  client.GrpcClientProtocolClient (GrpcClientProtocolClient.java:onNext(264)) - client-7CA8507644EA->24ad807e-6d45-451f-a21b-d43dbe93db59: receive RaftClientReply:client-7CA8507644EA->24ad807e-6d45-451f-a21b-d43dbe93db59@group-815FDE6FCAD8, cid=16, FAILED org.apache.ratis.protocol.NotLeaderException: Server 24ad807e-6d45-451f-a21b-d43dbe93db59@group-815FDE6FCAD8 is not the leader 8bc19c34-ed99-4952-a694-bf62b7894053:192.168.36.83:44276, logIndex=0, commits[24ad807e-6d45-451f-a21b-d43dbe93db59:c6, f44a2839-6f6e-45eb-9e76-f53daf5fe8b6:c4, 8bc19c34-ed99-4952-a694-bf62b7894053:c6]
2019-09-11 19:59:59,996 [java.util.concurrent.ThreadPoolExecutor$Worker@28769ca6[State = -1, empty queue]] WARN  server.GrpcLogAppender (GrpcLogAppender.java:timeoutAppendRequest(200)) - 8bc19c34-ed99-4952-a694-bf62b7894053@group-815FDE6FCAD8->24ad807e-6d45-451f-a21b-d43dbe93db59-GrpcLogAppender: appendEntries Timeout, request=8bc19c34-ed99-4952-a694-bf62b7894053->24ad807e-6d45-451f-a21b-d43dbe93db59#34-t1, previous=(t:1, i:11), leaderCommit=6, initializing? false, entries: <empty>
2019-09-11 19:59:59,996 [java.util.concurrent.ThreadPoolExecutor$Worker@78bd30d7[State = -1, empty queue]] WARN  server.GrpcLogAppender (GrpcLogAppender.java:timeoutAppendRequest(200)) - 8bc19c34-ed99-4952-a694-bf62b7894053@group-815FDE6FCAD8->f44a2839-6f6e-45eb-9e76-f53daf5fe8b6-GrpcLogAppender: appendEntries Timeout, request=8bc19c34-ed99-4952-a694-bf62b7894053->f44a2839-6f6e-45eb-9e76-f53daf5fe8b6#34-t1, previous=(t:1, i:11), leaderCommit=6, initializing? false, entries: <empty>
2019-09-11 20:00:01,980 [8bc19c34-ed99-4952-a694-bf62b7894053@group-815FDE6FCAD8-SegmentedRaftLogWorker] WARN  segmented.SegmentedRaftLogWorker (SegmentedRaftLogWorker.java:getFromFuture(90)) - Timeout 5/~
org.apache.ratis.protocol.TimeoutIOException: Timeout 10s: WriteLog:7: (t:1, i:7), STATEMACHINELOGENTRY, client-7CA8507644EA, cid=16-writeStateMachineData
	at org.apache.ratis.util.IOUtils.getFromFuture(IOUtils.java:87)
	at org.apache.ratis.server.raftlog.segmented.SegmentedRaftLogWorker$StateMachineDataPolicy.getFromFuture(SegmentedRaftLogWorker.java:87)
	at org.apache.ratis.server.raftlog.segmented.SegmentedRaftLogWorker$WriteLog.execute(SegmentedRaftLogWorker.java:477)
	at org.apache.ratis.server.raftlog.segmented.SegmentedRaftLogWorker.run(SegmentedRaftLogWorker.java:289)
	at java.lang.Thread.run(Thread.java:748)
Caused by: java.util.concurrent.TimeoutException
	at java.util.concurrent.CompletableFuture.timedGet(CompletableFuture.java:1771)
	at java.util.concurrent.CompletableFuture.get(CompletableFuture.java:1915)
	at org.apache.ratis.util.IOUtils.getFromFuture(IOUtils.java:79)
	... 4 more
2019-09-11 20:00:02,043 [24ad807e-6d45-451f-a21b-d43dbe93db59@group-815FDE6FCAD8-SegmentedRaftLogWorker] WARN  segmented.SegmentedRaftLogWorker (SegmentedRaftLogWorker.java:getFromFuture(90)) - Timeout 5/~
org.apache.ratis.protocol.TimeoutIOException: Timeout 10s: WriteLog:8: (t:1, i:8), STATEMACHINELOGENTRY, client-7CA8507644EA, cid=17-writeStateMachineData
	at org.apache.ratis.util.IOUtils.getFromFuture(IOUtils.java:87)
	at org.apache.ratis.server.raftlog.segmented.SegmentedRaftLogWorker$StateMachineDataPolicy.getFromFuture(SegmentedRaftLogWorker.java:87)
	at org.apache.ratis.server.raftlog.segmented.SegmentedRaftLogWorker$WriteLog.execute(SegmentedRaftLogWorker.java:477)
	at org.apache.ratis.server.raftlog.segmented.SegmentedRaftLogWorker.run(SegmentedRaftLogWorker.java:289)
	at java.lang.Thread.run(Thread.java:748)
Caused by: java.util.concurrent.TimeoutException
	at java.util.concurrent.CompletableFuture.timedGet(CompletableFuture.java:1771)
	at java.util.concurrent.CompletableFuture.get(CompletableFuture.java:1915)
	at org.apache.ratis.util.IOUtils.getFromFuture(IOUtils.java:79)
	... 4 more
2019-09-11 20:00:02,043 [f44a2839-6f6e-45eb-9e76-f53daf5fe8b6@group-815FDE6FCAD8-SegmentedRaftLogWorker] WARN  segmented.SegmentedRaftLogWorker (SegmentedRaftLogWorker.java:getFromFuture(90)) - Timeout 5/~
org.apache.ratis.protocol.TimeoutIOException: Timeout 10s: WriteLog:8: (t:1, i:8), STATEMACHINELOGENTRY, client-7CA8507644EA, cid=17-writeStateMachineData
	at org.apache.ratis.util.IOUtils.getFromFuture(IOUtils.java:87)
	at org.apache.ratis.server.raftlog.segmented.SegmentedRaftLogWorker$StateMachineDataPolicy.getFromFuture(SegmentedRaftLogWorker.java:87)
	at org.apache.ratis.server.raftlog.segmented.SegmentedRaftLogWorker$WriteLog.execute(SegmentedRaftLogWorker.java:477)
	at org.apache.ratis.server.raftlog.segmented.SegmentedRaftLogWorker.run(SegmentedRaftLogWorker.java:289)
	at java.lang.Thread.run(Thread.java:748)
Caused by: java.util.concurrent.TimeoutException
	at java.util.concurrent.CompletableFuture.timedGet(CompletableFuture.java:1771)
	at java.util.concurrent.CompletableFuture.get(CompletableFuture.java:1915)
	at org.apache.ratis.util.IOUtils.getFromFuture(IOUtils.java:79)
	... 4 more
2019-09-11 20:00:02,496 [java.util.concurrent.ThreadPoolExecutor$Worker@78bd30d7[State = -1, empty queue]] WARN  server.GrpcLogAppender (GrpcLogAppender.java:timeoutAppendRequest(200)) - 8bc19c34-ed99-4952-a694-bf62b7894053@group-815FDE6FCAD8->f44a2839-6f6e-45eb-9e76-f53daf5fe8b6-GrpcLogAppender: appendEntries Timeout, request=8bc19c34-ed99-4952-a694-bf62b7894053->f44a2839-6f6e-45eb-9e76-f53daf5fe8b6#35-t1, previous=(t:1, i:11), leaderCommit=6, initializing? false, entries: <empty>
2019-09-11 20:00:02,496 [java.util.concurrent.ThreadPoolExecutor$Worker@28769ca6[State = -1, empty queue]] WARN  server.GrpcLogAppender (GrpcLogAppender.java:timeoutAppendRequest(200)) - 8bc19c34-ed99-4952-a694-bf62b7894053@group-815FDE6FCAD8->24ad807e-6d45-451f-a21b-d43dbe93db59-GrpcLogAppender: appendEntries Timeout, request=8bc19c34-ed99-4952-a694-bf62b7894053->24ad807e-6d45-451f-a21b-d43dbe93db59#35-t1, previous=(t:1, i:11), leaderCommit=6, initializing? false, entries: <empty>
2019-09-11 20:00:02,791 [grpc-default-executor-1] INFO  client.GrpcClientProtocolClient (GrpcClientProtocolClient.java:onNext(264)) - client-7CA8507644EA->24ad807e-6d45-451f-a21b-d43dbe93db59: receive RaftClientReply:client-7CA8507644EA->24ad807e-6d45-451f-a21b-d43dbe93db59@group-815FDE6FCAD8, cid=16, FAILED org.apache.ratis.protocol.NotLeaderException: Server 24ad807e-6d45-451f-a21b-d43dbe93db59@group-815FDE6FCAD8 is not the leader 8bc19c34-ed99-4952-a694-bf62b7894053:192.168.36.83:44276, logIndex=0, commits[24ad807e-6d45-451f-a21b-d43dbe93db59:c6, f44a2839-6f6e-45eb-9e76-f53daf5fe8b6:c4, 8bc19c34-ed99-4952-a694-bf62b7894053:c6]
2019-09-11 20:00:04,997 [java.util.concurrent.ThreadPoolExecutor$Worker@78bd30d7[State = -1, empty queue]] WARN  server.GrpcLogAppender (GrpcLogAppender.java:timeoutAppendRequest(200)) - 8bc19c34-ed99-4952-a694-bf62b7894053@group-815FDE6FCAD8->f44a2839-6f6e-45eb-9e76-f53daf5fe8b6-GrpcLogAppender: appendEntries Timeout, request=8bc19c34-ed99-4952-a694-bf62b7894053->f44a2839-6f6e-45eb-9e76-f53daf5fe8b6#36-t1, previous=(t:1, i:11), leaderCommit=6, initializing? false, entries: <empty>
2019-09-11 20:00:04,997 [java.util.concurrent.ThreadPoolExecutor$Worker@28769ca6[State = -1, empty queue]] WARN  server.GrpcLogAppender (GrpcLogAppender.java:timeoutAppendRequest(200)) - 8bc19c34-ed99-4952-a694-bf62b7894053@group-815FDE6FCAD8->24ad807e-6d45-451f-a21b-d43dbe93db59-GrpcLogAppender: appendEntries Timeout, request=8bc19c34-ed99-4952-a694-bf62b7894053->24ad807e-6d45-451f-a21b-d43dbe93db59#36-t1, previous=(t:1, i:11), leaderCommit=6, initializing? false, entries: <empty>
2019-09-11 20:00:07,498 [java.util.concurrent.ThreadPoolExecutor$Worker@28769ca6[State = -1, empty queue]] WARN  server.GrpcLogAppender (GrpcLogAppender.java:timeoutAppendRequest(200)) - 8bc19c34-ed99-4952-a694-bf62b7894053@group-815FDE6FCAD8->24ad807e-6d45-451f-a21b-d43dbe93db59-GrpcLogAppender: appendEntries Timeout, request=8bc19c34-ed99-4952-a694-bf62b7894053->24ad807e-6d45-451f-a21b-d43dbe93db59#37-t1, previous=(t:1, i:11), leaderCommit=6, initializing? false, entries: <empty>
2019-09-11 20:00:07,498 [java.util.concurrent.ThreadPoolExecutor$Worker@78bd30d7[State = -1, empty queue]] WARN  server.GrpcLogAppender (GrpcLogAppender.java:timeoutAppendRequest(200)) - 8bc19c34-ed99-4952-a694-bf62b7894053@group-815FDE6FCAD8->f44a2839-6f6e-45eb-9e76-f53daf5fe8b6-GrpcLogAppender: appendEntries Timeout, request=8bc19c34-ed99-4952-a694-bf62b7894053->f44a2839-6f6e-45eb-9e76-f53daf5fe8b6#37-t1, previous=(t:1, i:11), leaderCommit=6, initializing? false, entries: <empty>
2019-09-11 20:00:07,850 [grpc-default-executor-0] INFO  client.GrpcClientProtocolClient (GrpcClientProtocolClient.java:onNext(264)) - client-7CA8507644EA->f44a2839-6f6e-45eb-9e76-f53daf5fe8b6: receive RaftClientReply:client-7CA8507644EA->f44a2839-6f6e-45eb-9e76-f53daf5fe8b6@group-815FDE6FCAD8, cid=16, FAILED org.apache.ratis.protocol.NotLeaderException: Server f44a2839-6f6e-45eb-9e76-f53daf5fe8b6@group-815FDE6FCAD8 is not the leader 8bc19c34-ed99-4952-a694-bf62b7894053:192.168.36.83:44276, logIndex=0, commits[f44a2839-6f6e-45eb-9e76-f53daf5fe8b6:c6, 24ad807e-6d45-451f-a21b-d43dbe93db59:c4, 8bc19c34-ed99-4952-a694-bf62b7894053:c6]
2019-09-11 20:00:09,999 [java.util.concurrent.ThreadPoolExecutor$Worker@28769ca6[State = -1, empty queue]] WARN  server.GrpcLogAppender (GrpcLogAppender.java:timeoutAppendRequest(200)) - 8bc19c34-ed99-4952-a694-bf62b7894053@group-815FDE6FCAD8->24ad807e-6d45-451f-a21b-d43dbe93db59-GrpcLogAppender: appendEntries Timeout, request=8bc19c34-ed99-4952-a694-bf62b7894053->24ad807e-6d45-451f-a21b-d43dbe93db59#38-t1, previous=(t:1, i:11), leaderCommit=6, initializing? false, entries: <empty>
2019-09-11 20:00:09,999 [java.util.concurrent.ThreadPoolExecutor$Worker@78bd30d7[State = -1, empty queue]] WARN  server.GrpcLogAppender (GrpcLogAppender.java:timeoutAppendRequest(200)) - 8bc19c34-ed99-4952-a694-bf62b7894053@group-815FDE6FCAD8->f44a2839-6f6e-45eb-9e76-f53daf5fe8b6-GrpcLogAppender: appendEntries Timeout, request=8bc19c34-ed99-4952-a694-bf62b7894053->f44a2839-6f6e-45eb-9e76-f53daf5fe8b6#38-t1, previous=(t:1, i:11), leaderCommit=6, initializing? false, entries: <empty>
2019-09-11 20:00:11,981 [8bc19c34-ed99-4952-a694-bf62b7894053@group-815FDE6FCAD8-SegmentedRaftLogWorker] WARN  segmented.SegmentedRaftLogWorker (SegmentedRaftLogWorker.java:getFromFuture(90)) - Timeout 6/~
org.apache.ratis.protocol.TimeoutIOException: Timeout 10s: WriteLog:7: (t:1, i:7), STATEMACHINELOGENTRY, client-7CA8507644EA, cid=16-writeStateMachineData
	at org.apache.ratis.util.IOUtils.getFromFuture(IOUtils.java:87)
	at org.apache.ratis.server.raftlog.segmented.SegmentedRaftLogWorker$StateMachineDataPolicy.getFromFuture(SegmentedRaftLogWorker.java:87)
	at org.apache.ratis.server.raftlog.segmented.SegmentedRaftLogWorker$WriteLog.execute(SegmentedRaftLogWorker.java:477)
	at org.apache.ratis.server.raftlog.segmented.SegmentedRaftLogWorker.run(SegmentedRaftLogWorker.java:289)
	at java.lang.Thread.run(Thread.java:748)
Caused by: java.util.concurrent.TimeoutException
	at java.util.concurrent.CompletableFuture.timedGet(CompletableFuture.java:1771)
	at java.util.concurrent.CompletableFuture.get(CompletableFuture.java:1915)
	at org.apache.ratis.util.IOUtils.getFromFuture(IOUtils.java:79)
	... 4 more
2019-09-11 20:00:12,044 [24ad807e-6d45-451f-a21b-d43dbe93db59@group-815FDE6FCAD8-SegmentedRaftLogWorker] WARN  segmented.SegmentedRaftLogWorker (SegmentedRaftLogWorker.java:getFromFuture(90)) - Timeout 6/~
org.apache.ratis.protocol.TimeoutIOException: Timeout 10s: WriteLog:8: (t:1, i:8), STATEMACHINELOGENTRY, client-7CA8507644EA, cid=17-writeStateMachineData
	at org.apache.ratis.util.IOUtils.getFromFuture(IOUtils.java:87)
	at org.apache.ratis.server.raftlog.segmented.SegmentedRaftLogWorker$StateMachineDataPolicy.getFromFuture(SegmentedRaftLogWorker.java:87)
	at org.apache.ratis.server.raftlog.segmented.SegmentedRaftLogWorker$WriteLog.execute(SegmentedRaftLogWorker.java:477)
	at org.apache.ratis.server.raftlog.segmented.SegmentedRaftLogWorker.run(SegmentedRaftLogWorker.java:289)
	at java.lang.Thread.run(Thread.java:748)
Caused by: java.util.concurrent.TimeoutException
	at java.util.concurrent.CompletableFuture.timedGet(CompletableFuture.java:1771)
	at java.util.concurrent.CompletableFuture.get(CompletableFuture.java:1915)
	at org.apache.ratis.util.IOUtils.getFromFuture(IOUtils.java:79)
	... 4 more
2019-09-11 20:00:12,062 [f44a2839-6f6e-45eb-9e76-f53daf5fe8b6@group-815FDE6FCAD8-SegmentedRaftLogWorker] WARN  segmented.SegmentedRaftLogWorker (SegmentedRaftLogWorker.java:getFromFuture(90)) - Timeout 6/~
org.apache.ratis.protocol.TimeoutIOException: Timeout 10s: WriteLog:8: (t:1, i:8), STATEMACHINELOGENTRY, client-7CA8507644EA, cid=17-writeStateMachineData
	at org.apache.ratis.util.IOUtils.getFromFuture(IOUtils.java:87)
	at org.apache.ratis.server.raftlog.segmented.SegmentedRaftLogWorker$StateMachineDataPolicy.getFromFuture(SegmentedRaftLogWorker.java:87)
	at org.apache.ratis.server.raftlog.segmented.SegmentedRaftLogWorker$WriteLog.execute(SegmentedRaftLogWorker.java:477)
	at org.apache.ratis.server.raftlog.segmented.SegmentedRaftLogWorker.run(SegmentedRaftLogWorker.java:289)
	at java.lang.Thread.run(Thread.java:748)
Caused by: java.util.concurrent.TimeoutException
	at java.util.concurrent.CompletableFuture.timedGet(CompletableFuture.java:1771)
	at java.util.concurrent.CompletableFuture.get(CompletableFuture.java:1915)
	at org.apache.ratis.util.IOUtils.getFromFuture(IOUtils.java:79)
	... 4 more
2019-09-11 20:00:12,500 [java.util.concurrent.ThreadPoolExecutor$Worker@78bd30d7[State = -1, empty queue]] WARN  server.GrpcLogAppender (GrpcLogAppender.java:timeoutAppendRequest(200)) - 8bc19c34-ed99-4952-a694-bf62b7894053@group-815FDE6FCAD8->f44a2839-6f6e-45eb-9e76-f53daf5fe8b6-GrpcLogAppender: appendEntries Timeout, request=8bc19c34-ed99-4952-a694-bf62b7894053->f44a2839-6f6e-45eb-9e76-f53daf5fe8b6#39-t1, previous=(t:1, i:11), leaderCommit=6, initializing? false, entries: <empty>
2019-09-11 20:00:12,500 [java.util.concurrent.ThreadPoolExecutor$Worker@28769ca6[State = -1, empty queue]] WARN  server.GrpcLogAppender (GrpcLogAppender.java:timeoutAppendRequest(200)) - 8bc19c34-ed99-4952-a694-bf62b7894053@group-815FDE6FCAD8->24ad807e-6d45-451f-a21b-d43dbe93db59-GrpcLogAppender: appendEntries Timeout, request=8bc19c34-ed99-4952-a694-bf62b7894053->24ad807e-6d45-451f-a21b-d43dbe93db59#39-t1, previous=(t:1, i:11), leaderCommit=6, initializing? false, entries: <empty>
2019-09-11 20:00:12,901 [grpc-default-executor-0] INFO  client.GrpcClientProtocolClient (GrpcClientProtocolClient.java:onNext(264)) - client-7CA8507644EA->24ad807e-6d45-451f-a21b-d43dbe93db59: receive RaftClientReply:client-7CA8507644EA->24ad807e-6d45-451f-a21b-d43dbe93db59@group-815FDE6FCAD8, cid=16, FAILED org.apache.ratis.protocol.NotLeaderException: Server 24ad807e-6d45-451f-a21b-d43dbe93db59@group-815FDE6FCAD8 is not the leader 8bc19c34-ed99-4952-a694-bf62b7894053:192.168.36.83:44276, logIndex=0, commits[24ad807e-6d45-451f-a21b-d43dbe93db59:c6, f44a2839-6f6e-45eb-9e76-f53daf5fe8b6:c4, 8bc19c34-ed99-4952-a694-bf62b7894053:c6]
2019-09-11 20:00:15,000 [java.util.concurrent.ThreadPoolExecutor$Worker@78bd30d7[State = -1, empty queue]] WARN  server.GrpcLogAppender (GrpcLogAppender.java:timeoutAppendRequest(200)) - 8bc19c34-ed99-4952-a694-bf62b7894053@group-815FDE6FCAD8->f44a2839-6f6e-45eb-9e76-f53daf5fe8b6-GrpcLogAppender: appendEntries Timeout, request=8bc19c34-ed99-4952-a694-bf62b7894053->f44a2839-6f6e-45eb-9e76-f53daf5fe8b6#40-t1, previous=(t:1, i:11), leaderCommit=6, initializing? false, entries: <empty>
2019-09-11 20:00:15,000 [java.util.concurrent.ThreadPoolExecutor$Worker@28769ca6[State = -1, empty queue]] WARN  server.GrpcLogAppender (GrpcLogAppender.java:timeoutAppendRequest(200)) - 8bc19c34-ed99-4952-a694-bf62b7894053@group-815FDE6FCAD8->24ad807e-6d45-451f-a21b-d43dbe93db59-GrpcLogAppender: appendEntries Timeout, request=8bc19c34-ed99-4952-a694-bf62b7894053->24ad807e-6d45-451f-a21b-d43dbe93db59#40-t1, previous=(t:1, i:11), leaderCommit=6, initializing? false, entries: <empty>
2019-09-11 20:00:17,502 [java.util.concurrent.ThreadPoolExecutor$Worker@28769ca6[State = -1, empty queue]] WARN  server.GrpcLogAppender (GrpcLogAppender.java:timeoutAppendRequest(200)) - 8bc19c34-ed99-4952-a694-bf62b7894053@group-815FDE6FCAD8->24ad807e-6d45-451f-a21b-d43dbe93db59-GrpcLogAppender: appendEntries Timeout, request=8bc19c34-ed99-4952-a694-bf62b7894053->24ad807e-6d45-451f-a21b-d43dbe93db59#41-t1, previous=(t:1, i:11), leaderCommit=6, initializing? false, entries: <empty>
2019-09-11 20:00:17,502 [java.util.concurrent.ThreadPoolExecutor$Worker@78bd30d7[State = -1, empty queue]] WARN  server.GrpcLogAppender (GrpcLogAppender.java:timeoutAppendRequest(200)) - 8bc19c34-ed99-4952-a694-bf62b7894053@group-815FDE6FCAD8->f44a2839-6f6e-45eb-9e76-f53daf5fe8b6-GrpcLogAppender: appendEntries Timeout, request=8bc19c34-ed99-4952-a694-bf62b7894053->f44a2839-6f6e-45eb-9e76-f53daf5fe8b6#41-t1, previous=(t:1, i:11), leaderCommit=6, initializing? false, entries: <empty>
2019-09-11 20:00:17,973 [grpc-default-executor-2] INFO  client.GrpcClientProtocolClient (GrpcClientProtocolClient.java:onNext(264)) - client-7CA8507644EA->24ad807e-6d45-451f-a21b-d43dbe93db59: receive RaftClientReply:client-7CA8507644EA->24ad807e-6d45-451f-a21b-d43dbe93db59@group-815FDE6FCAD8, cid=16, FAILED org.apache.ratis.protocol.NotLeaderException: Server 24ad807e-6d45-451f-a21b-d43dbe93db59@group-815FDE6FCAD8 is not the leader 8bc19c34-ed99-4952-a694-bf62b7894053:192.168.36.83:44276, logIndex=0, commits[24ad807e-6d45-451f-a21b-d43dbe93db59:c6, f44a2839-6f6e-45eb-9e76-f53daf5fe8b6:c4, 8bc19c34-ed99-4952-a694-bf62b7894053:c6]
2019-09-11 20:00:20,002 [java.util.concurrent.ThreadPoolExecutor$Worker@78bd30d7[State = -1, empty queue]] WARN  server.GrpcLogAppender (GrpcLogAppender.java:timeoutAppendRequest(200)) - 8bc19c34-ed99-4952-a694-bf62b7894053@group-815FDE6FCAD8->f44a2839-6f6e-45eb-9e76-f53daf5fe8b6-GrpcLogAppender: appendEntries Timeout, request=8bc19c34-ed99-4952-a694-bf62b7894053->f44a2839-6f6e-45eb-9e76-f53daf5fe8b6#42-t1, previous=(t:1, i:11), leaderCommit=6, initializing? false, entries: <empty>
2019-09-11 20:00:20,002 [java.util.concurrent.ThreadPoolExecutor$Worker@28769ca6[State = -1, empty queue]] WARN  server.GrpcLogAppender (GrpcLogAppender.java:timeoutAppendRequest(200)) - 8bc19c34-ed99-4952-a694-bf62b7894053@group-815FDE6FCAD8->24ad807e-6d45-451f-a21b-d43dbe93db59-GrpcLogAppender: appendEntries Timeout, request=8bc19c34-ed99-4952-a694-bf62b7894053->24ad807e-6d45-451f-a21b-d43dbe93db59#42-t1, previous=(t:1, i:11), leaderCommit=6, initializing? false, entries: <empty>
2019-09-11 20:00:21,983 [8bc19c34-ed99-4952-a694-bf62b7894053@group-815FDE6FCAD8-SegmentedRaftLogWorker] WARN  segmented.SegmentedRaftLogWorker (SegmentedRaftLogWorker.java:getFromFuture(90)) - Timeout 7/~
org.apache.ratis.protocol.TimeoutIOException: Timeout 10s: WriteLog:7: (t:1, i:7), STATEMACHINELOGENTRY, client-7CA8507644EA, cid=16-writeStateMachineData
	at org.apache.ratis.util.IOUtils.getFromFuture(IOUtils.java:87)
	at org.apache.ratis.server.raftlog.segmented.SegmentedRaftLogWorker$StateMachineDataPolicy.getFromFuture(SegmentedRaftLogWorker.java:87)
	at org.apache.ratis.server.raftlog.segmented.SegmentedRaftLogWorker$WriteLog.execute(SegmentedRaftLogWorker.java:477)
	at org.apache.ratis.server.raftlog.segmented.SegmentedRaftLogWorker.run(SegmentedRaftLogWorker.java:289)
	at java.lang.Thread.run(Thread.java:748)
Caused by: java.util.concurrent.TimeoutException
	at java.util.concurrent.CompletableFuture.timedGet(CompletableFuture.java:1771)
	at java.util.concurrent.CompletableFuture.get(CompletableFuture.java:1915)
	at org.apache.ratis.util.IOUtils.getFromFuture(IOUtils.java:79)
	... 4 more
2019-09-11 20:00:22,063 [f44a2839-6f6e-45eb-9e76-f53daf5fe8b6@group-815FDE6FCAD8-SegmentedRaftLogWorker] WARN  segmented.SegmentedRaftLogWorker (SegmentedRaftLogWorker.java:getFromFuture(90)) - Timeout 7/~
org.apache.ratis.protocol.TimeoutIOException: Timeout 10s: WriteLog:8: (t:1, i:8), STATEMACHINELOGENTRY, client-7CA8507644EA, cid=17-writeStateMachineData
	at org.apache.ratis.util.IOUtils.getFromFuture(IOUtils.java:87)
	at org.apache.ratis.server.raftlog.segmented.SegmentedRaftLogWorker$StateMachineDataPolicy.getFromFuture(SegmentedRaftLogWorker.java:87)
	at org.apache.ratis.server.raftlog.segmented.SegmentedRaftLogWorker$WriteLog.execute(SegmentedRaftLogWorker.java:477)
	at org.apache.ratis.server.raftlog.segmented.SegmentedRaftLogWorker.run(SegmentedRaftLogWorker.java:289)
	at java.lang.Thread.run(Thread.java:748)
Caused by: java.util.concurrent.TimeoutException
	at java.util.concurrent.CompletableFuture.timedGet(CompletableFuture.java:1771)
	at java.util.concurrent.CompletableFuture.get(CompletableFuture.java:1915)
	at org.apache.ratis.util.IOUtils.getFromFuture(IOUtils.java:79)
	... 4 more
2019-09-11 20:00:22,063 [24ad807e-6d45-451f-a21b-d43dbe93db59@group-815FDE6FCAD8-SegmentedRaftLogWorker] WARN  segmented.SegmentedRaftLogWorker (SegmentedRaftLogWorker.java:getFromFuture(90)) - Timeout 7/~
org.apache.ratis.protocol.TimeoutIOException: Timeout 10s: WriteLog:8: (t:1, i:8), STATEMACHINELOGENTRY, client-7CA8507644EA, cid=17-writeStateMachineData
	at org.apache.ratis.util.IOUtils.getFromFuture(IOUtils.java:87)
	at org.apache.ratis.server.raftlog.segmented.SegmentedRaftLogWorker$StateMachineDataPolicy.getFromFuture(SegmentedRaftLogWorker.java:87)
	at org.apache.ratis.server.raftlog.segmented.SegmentedRaftLogWorker$WriteLog.execute(SegmentedRaftLogWorker.java:477)
	at org.apache.ratis.server.raftlog.segmented.SegmentedRaftLogWorker.run(SegmentedRaftLogWorker.java:289)
	at java.lang.Thread.run(Thread.java:748)
Caused by: java.util.concurrent.TimeoutException
	at java.util.concurrent.CompletableFuture.timedGet(CompletableFuture.java:1771)
	at java.util.concurrent.CompletableFuture.get(CompletableFuture.java:1915)
	at org.apache.ratis.util.IOUtils.getFromFuture(IOUtils.java:79)
	... 4 more
2019-09-11 20:00:22,503 [java.util.concurrent.ThreadPoolExecutor$Worker@28769ca6[State = -1, empty queue]] WARN  server.GrpcLogAppender (GrpcLogAppender.java:timeoutAppendRequest(200)) - 8bc19c34-ed99-4952-a694-bf62b7894053@group-815FDE6FCAD8->24ad807e-6d45-451f-a21b-d43dbe93db59-GrpcLogAppender: appendEntries Timeout, request=8bc19c34-ed99-4952-a694-bf62b7894053->24ad807e-6d45-451f-a21b-d43dbe93db59#43-t1, previous=(t:1, i:11), leaderCommit=6, initializing? false, entries: <empty>
2019-09-11 20:00:22,503 [java.util.concurrent.ThreadPoolExecutor$Worker@78bd30d7[State = -1, empty queue]] WARN  server.GrpcLogAppender (GrpcLogAppender.java:timeoutAppendRequest(200)) - 8bc19c34-ed99-4952-a694-bf62b7894053@group-815FDE6FCAD8->f44a2839-6f6e-45eb-9e76-f53daf5fe8b6-GrpcLogAppender: appendEntries Timeout, request=8bc19c34-ed99-4952-a694-bf62b7894053->f44a2839-6f6e-45eb-9e76-f53daf5fe8b6#43-t1, previous=(t:1, i:11), leaderCommit=6, initializing? false, entries: <empty>
2019-09-11 20:00:23,042 [grpc-default-executor-2] INFO  client.GrpcClientProtocolClient (GrpcClientProtocolClient.java:onNext(264)) - client-7CA8507644EA->24ad807e-6d45-451f-a21b-d43dbe93db59: receive RaftClientReply:client-7CA8507644EA->24ad807e-6d45-451f-a21b-d43dbe93db59@group-815FDE6FCAD8, cid=16, FAILED org.apache.ratis.protocol.NotLeaderException: Server 24ad807e-6d45-451f-a21b-d43dbe93db59@group-815FDE6FCAD8 is not the leader 8bc19c34-ed99-4952-a694-bf62b7894053:192.168.36.83:44276, logIndex=0, commits[24ad807e-6d45-451f-a21b-d43dbe93db59:c6, f44a2839-6f6e-45eb-9e76-f53daf5fe8b6:c4, 8bc19c34-ed99-4952-a694-bf62b7894053:c6]
2019-09-11 20:00:25,004 [java.util.concurrent.ThreadPoolExecutor$Worker@28769ca6[State = -1, empty queue]] WARN  server.GrpcLogAppender (GrpcLogAppender.java:timeoutAppendRequest(200)) - 8bc19c34-ed99-4952-a694-bf62b7894053@group-815FDE6FCAD8->24ad807e-6d45-451f-a21b-d43dbe93db59-GrpcLogAppender: appendEntries Timeout, request=8bc19c34-ed99-4952-a694-bf62b7894053->24ad807e-6d45-451f-a21b-d43dbe93db59#44-t1, previous=(t:1, i:11), leaderCommit=6, initializing? false, entries: <empty>
2019-09-11 20:00:25,004 [java.util.concurrent.ThreadPoolExecutor$Worker@78bd30d7[State = -1, empty queue]] WARN  server.GrpcLogAppender (GrpcLogAppender.java:timeoutAppendRequest(200)) - 8bc19c34-ed99-4952-a694-bf62b7894053@group-815FDE6FCAD8->f44a2839-6f6e-45eb-9e76-f53daf5fe8b6-GrpcLogAppender: appendEntries Timeout, request=8bc19c34-ed99-4952-a694-bf62b7894053->f44a2839-6f6e-45eb-9e76-f53daf5fe8b6#44-t1, previous=(t:1, i:11), leaderCommit=6, initializing? false, entries: <empty>
2019-09-11 20:00:27,504 [java.util.concurrent.ThreadPoolExecutor$Worker@28769ca6[State = -1, empty queue]] WARN  server.GrpcLogAppender (GrpcLogAppender.java:timeoutAppendRequest(200)) - 8bc19c34-ed99-4952-a694-bf62b7894053@group-815FDE6FCAD8->24ad807e-6d45-451f-a21b-d43dbe93db59-GrpcLogAppender: appendEntries Timeout, request=8bc19c34-ed99-4952-a694-bf62b7894053->24ad807e-6d45-451f-a21b-d43dbe93db59#45-t1, previous=(t:1, i:11), leaderCommit=6, initializing? false, entries: <empty>
2019-09-11 20:00:27,504 [java.util.concurrent.ThreadPoolExecutor$Worker@78bd30d7[State = -1, empty queue]] WARN  server.GrpcLogAppender (GrpcLogAppender.java:timeoutAppendRequest(200)) - 8bc19c34-ed99-4952-a694-bf62b7894053@group-815FDE6FCAD8->f44a2839-6f6e-45eb-9e76-f53daf5fe8b6-GrpcLogAppender: appendEntries Timeout, request=8bc19c34-ed99-4952-a694-bf62b7894053->f44a2839-6f6e-45eb-9e76-f53daf5fe8b6#45-t1, previous=(t:1, i:11), leaderCommit=6, initializing? false, entries: <empty>
2019-09-11 20:00:28,126 [grpc-default-executor-1] INFO  client.GrpcClientProtocolClient (GrpcClientProtocolClient.java:onNext(264)) - client-7CA8507644EA->24ad807e-6d45-451f-a21b-d43dbe93db59: receive RaftClientReply:client-7CA8507644EA->24ad807e-6d45-451f-a21b-d43dbe93db59@group-815FDE6FCAD8, cid=16, FAILED org.apache.ratis.protocol.NotLeaderException: Server 24ad807e-6d45-451f-a21b-d43dbe93db59@group-815FDE6FCAD8 is not the leader 8bc19c34-ed99-4952-a694-bf62b7894053:192.168.36.83:44276, logIndex=0, commits[24ad807e-6d45-451f-a21b-d43dbe93db59:c6, f44a2839-6f6e-45eb-9e76-f53daf5fe8b6:c4, 8bc19c34-ed99-4952-a694-bf62b7894053:c6]
2019-09-11 20:00:30,005 [java.util.concurrent.ThreadPoolExecutor$Worker@28769ca6[State = -1, empty queue]] WARN  server.GrpcLogAppender (GrpcLogAppender.java:timeoutAppendRequest(200)) - 8bc19c34-ed99-4952-a694-bf62b7894053@group-815FDE6FCAD8->24ad807e-6d45-451f-a21b-d43dbe93db59-GrpcLogAppender: appendEntries Timeout, request=8bc19c34-ed99-4952-a694-bf62b7894053->24ad807e-6d45-451f-a21b-d43dbe93db59#46-t1, previous=(t:1, i:11), leaderCommit=6, initializing? false, entries: <empty>
2019-09-11 20:00:30,005 [java.util.concurrent.ThreadPoolExecutor$Worker@78bd30d7[State = -1, empty queue]] WARN  server.GrpcLogAppender (GrpcLogAppender.java:timeoutAppendRequest(200)) - 8bc19c34-ed99-4952-a694-bf62b7894053@group-815FDE6FCAD8->f44a2839-6f6e-45eb-9e76-f53daf5fe8b6-GrpcLogAppender: appendEntries Timeout, request=8bc19c34-ed99-4952-a694-bf62b7894053->f44a2839-6f6e-45eb-9e76-f53daf5fe8b6#46-t1, previous=(t:1, i:11), leaderCommit=6, initializing? false, entries: <empty>
2019-09-11 20:00:31,984 [8bc19c34-ed99-4952-a694-bf62b7894053@group-815FDE6FCAD8-SegmentedRaftLogWorker] WARN  segmented.SegmentedRaftLogWorker (SegmentedRaftLogWorker.java:getFromFuture(90)) - Timeout 8/~
org.apache.ratis.protocol.TimeoutIOException: Timeout 10s: WriteLog:7: (t:1, i:7), STATEMACHINELOGENTRY, client-7CA8507644EA, cid=16-writeStateMachineData
	at org.apache.ratis.util.IOUtils.getFromFuture(IOUtils.java:87)
	at org.apache.ratis.server.raftlog.segmented.SegmentedRaftLogWorker$StateMachineDataPolicy.getFromFuture(SegmentedRaftLogWorker.java:87)
	at org.apache.ratis.server.raftlog.segmented.SegmentedRaftLogWorker$WriteLog.execute(SegmentedRaftLogWorker.java:477)
	at org.apache.ratis.server.raftlog.segmented.SegmentedRaftLogWorker.run(SegmentedRaftLogWorker.java:289)
	at java.lang.Thread.run(Thread.java:748)
Caused by: java.util.concurrent.TimeoutException
	at java.util.concurrent.CompletableFuture.timedGet(CompletableFuture.java:1771)
	at java.util.concurrent.CompletableFuture.get(CompletableFuture.java:1915)
	at org.apache.ratis.util.IOUtils.getFromFuture(IOUtils.java:79)
	... 4 more
2019-09-11 20:00:32,064 [f44a2839-6f6e-45eb-9e76-f53daf5fe8b6@group-815FDE6FCAD8-SegmentedRaftLogWorker] WARN  segmented.SegmentedRaftLogWorker (SegmentedRaftLogWorker.java:getFromFuture(90)) - Timeout 8/~
org.apache.ratis.protocol.TimeoutIOException: Timeout 10s: WriteLog:8: (t:1, i:8), STATEMACHINELOGENTRY, client-7CA8507644EA, cid=17-writeStateMachineData
	at org.apache.ratis.util.IOUtils.getFromFuture(IOUtils.java:87)
	at org.apache.ratis.server.raftlog.segmented.SegmentedRaftLogWorker$StateMachineDataPolicy.getFromFuture(SegmentedRaftLogWorker.java:87)
	at org.apache.ratis.server.raftlog.segmented.SegmentedRaftLogWorker$WriteLog.execute(SegmentedRaftLogWorker.java:477)
	at org.apache.ratis.server.raftlog.segmented.SegmentedRaftLogWorker.run(SegmentedRaftLogWorker.java:289)
	at java.lang.Thread.run(Thread.java:748)
Caused by: java.util.concurrent.TimeoutException
	at java.util.concurrent.CompletableFuture.timedGet(CompletableFuture.java:1771)
	at java.util.concurrent.CompletableFuture.get(CompletableFuture.java:1915)
	at org.apache.ratis.util.IOUtils.getFromFuture(IOUtils.java:79)
	... 4 more
2019-09-11 20:00:32,064 [24ad807e-6d45-451f-a21b-d43dbe93db59@group-815FDE6FCAD8-SegmentedRaftLogWorker] WARN  segmented.SegmentedRaftLogWorker (SegmentedRaftLogWorker.java:getFromFuture(90)) - Timeout 8/~
org.apache.ratis.protocol.TimeoutIOException: Timeout 10s: WriteLog:8: (t:1, i:8), STATEMACHINELOGENTRY, client-7CA8507644EA, cid=17-writeStateMachineData
	at org.apache.ratis.util.IOUtils.getFromFuture(IOUtils.java:87)
	at org.apache.ratis.server.raftlog.segmented.SegmentedRaftLogWorker$StateMachineDataPolicy.getFromFuture(SegmentedRaftLogWorker.java:87)
	at org.apache.ratis.server.raftlog.segmented.SegmentedRaftLogWorker$WriteLog.execute(SegmentedRaftLogWorker.java:477)
	at org.apache.ratis.server.raftlog.segmented.SegmentedRaftLogWorker.run(SegmentedRaftLogWorker.java:289)
	at java.lang.Thread.run(Thread.java:748)
Caused by: java.util.concurrent.TimeoutException
	at java.util.concurrent.CompletableFuture.timedGet(CompletableFuture.java:1771)
	at java.util.concurrent.CompletableFuture.get(CompletableFuture.java:1915)
	at org.apache.ratis.util.IOUtils.getFromFuture(IOUtils.java:79)
	... 4 more
2019-09-11 20:00:32,506 [java.util.concurrent.ThreadPoolExecutor$Worker@78bd30d7[State = -1, empty queue]] WARN  server.GrpcLogAppender (GrpcLogAppender.java:timeoutAppendRequest(200)) - 8bc19c34-ed99-4952-a694-bf62b7894053@group-815FDE6FCAD8->f44a2839-6f6e-45eb-9e76-f53daf5fe8b6-GrpcLogAppender: appendEntries Timeout, request=8bc19c34-ed99-4952-a694-bf62b7894053->f44a2839-6f6e-45eb-9e76-f53daf5fe8b6#47-t1, previous=(t:1, i:11), leaderCommit=6, initializing? false, entries: <empty>
2019-09-11 20:00:32,506 [java.util.concurrent.ThreadPoolExecutor$Worker@28769ca6[State = -1, empty queue]] WARN  server.GrpcLogAppender (GrpcLogAppender.java:timeoutAppendRequest(200)) - 8bc19c34-ed99-4952-a694-bf62b7894053@group-815FDE6FCAD8->24ad807e-6d45-451f-a21b-d43dbe93db59-GrpcLogAppender: appendEntries Timeout, request=8bc19c34-ed99-4952-a694-bf62b7894053->24ad807e-6d45-451f-a21b-d43dbe93db59#47-t1, previous=(t:1, i:11), leaderCommit=6, initializing? false, entries: <empty>
2019-09-11 20:00:33,194 [grpc-default-executor-2] INFO  client.GrpcClientProtocolClient (GrpcClientProtocolClient.java:onNext(264)) - client-7CA8507644EA->f44a2839-6f6e-45eb-9e76-f53daf5fe8b6: receive RaftClientReply:client-7CA8507644EA->f44a2839-6f6e-45eb-9e76-f53daf5fe8b6@group-815FDE6FCAD8, cid=16, FAILED org.apache.ratis.protocol.NotLeaderException: Server f44a2839-6f6e-45eb-9e76-f53daf5fe8b6@group-815FDE6FCAD8 is not the leader 8bc19c34-ed99-4952-a694-bf62b7894053:192.168.36.83:44276, logIndex=0, commits[f44a2839-6f6e-45eb-9e76-f53daf5fe8b6:c6, 24ad807e-6d45-451f-a21b-d43dbe93db59:c4, 8bc19c34-ed99-4952-a694-bf62b7894053:c6]
2019-09-11 20:00:35,007 [java.util.concurrent.ThreadPoolExecutor$Worker@28769ca6[State = -1, empty queue]] WARN  server.GrpcLogAppender (GrpcLogAppender.java:timeoutAppendRequest(200)) - 8bc19c34-ed99-4952-a694-bf62b7894053@group-815FDE6FCAD8->24ad807e-6d45-451f-a21b-d43dbe93db59-GrpcLogAppender: appendEntries Timeout, request=8bc19c34-ed99-4952-a694-bf62b7894053->24ad807e-6d45-451f-a21b-d43dbe93db59#48-t1, previous=(t:1, i:11), leaderCommit=6, initializing? false, entries: <empty>
2019-09-11 20:00:35,007 [java.util.concurrent.ThreadPoolExecutor$Worker@78bd30d7[State = -1, empty queue]] WARN  server.GrpcLogAppender (GrpcLogAppender.java:timeoutAppendRequest(200)) - 8bc19c34-ed99-4952-a694-bf62b7894053@group-815FDE6FCAD8->f44a2839-6f6e-45eb-9e76-f53daf5fe8b6-GrpcLogAppender: appendEntries Timeout, request=8bc19c34-ed99-4952-a694-bf62b7894053->f44a2839-6f6e-45eb-9e76-f53daf5fe8b6#48-t1, previous=(t:1, i:11), leaderCommit=6, initializing? false, entries: <empty>
2019-09-11 20:00:37,509 [java.util.concurrent.ThreadPoolExecutor$Worker@78bd30d7[State = -1, empty queue]] WARN  server.GrpcLogAppender (GrpcLogAppender.java:timeoutAppendRequest(200)) - 8bc19c34-ed99-4952-a694-bf62b7894053@group-815FDE6FCAD8->f44a2839-6f6e-45eb-9e76-f53daf5fe8b6-GrpcLogAppender: appendEntries Timeout, request=8bc19c34-ed99-4952-a694-bf62b7894053->f44a2839-6f6e-45eb-9e76-f53daf5fe8b6#49-t1, previous=(t:1, i:11), leaderCommit=6, initializing? false, entries: <empty>
2019-09-11 20:00:37,509 [java.util.concurrent.ThreadPoolExecutor$Worker@28769ca6[State = -1, empty queue]] WARN  server.GrpcLogAppender (GrpcLogAppender.java:timeoutAppendRequest(200)) - 8bc19c34-ed99-4952-a694-bf62b7894053@group-815FDE6FCAD8->24ad807e-6d45-451f-a21b-d43dbe93db59-GrpcLogAppender: appendEntries Timeout, request=8bc19c34-ed99-4952-a694-bf62b7894053->24ad807e-6d45-451f-a21b-d43dbe93db59#49-t1, previous=(t:1, i:11), leaderCommit=6, initializing? false, entries: <empty>
2019-09-11 20:00:38,246 [grpc-default-executor-2] INFO  client.GrpcClientProtocolClient (GrpcClientProtocolClient.java:onNext(264)) - client-7CA8507644EA->24ad807e-6d45-451f-a21b-d43dbe93db59: receive RaftClientReply:client-7CA8507644EA->24ad807e-6d45-451f-a21b-d43dbe93db59@group-815FDE6FCAD8, cid=16, FAILED org.apache.ratis.protocol.NotLeaderException: Server 24ad807e-6d45-451f-a21b-d43dbe93db59@group-815FDE6FCAD8 is not the leader 8bc19c34-ed99-4952-a694-bf62b7894053:192.168.36.83:44276, logIndex=0, commits[24ad807e-6d45-451f-a21b-d43dbe93db59:c6, f44a2839-6f6e-45eb-9e76-f53daf5fe8b6:c4, 8bc19c34-ed99-4952-a694-bf62b7894053:c6]
2019-09-11 20:00:40,011 [java.util.concurrent.ThreadPoolExecutor$Worker@78bd30d7[State = -1, empty queue]] WARN  server.GrpcLogAppender (GrpcLogAppender.java:timeoutAppendRequest(200)) - 8bc19c34-ed99-4952-a694-bf62b7894053@group-815FDE6FCAD8->f44a2839-6f6e-45eb-9e76-f53daf5fe8b6-GrpcLogAppender: appendEntries Timeout, request=8bc19c34-ed99-4952-a694-bf62b7894053->f44a2839-6f6e-45eb-9e76-f53daf5fe8b6#50-t1, previous=(t:1, i:11), leaderCommit=6, initializing? false, entries: <empty>
2019-09-11 20:00:40,011 [java.util.concurrent.ThreadPoolExecutor$Worker@28769ca6[State = -1, empty queue]] WARN  server.GrpcLogAppender (GrpcLogAppender.java:timeoutAppendRequest(200)) - 8bc19c34-ed99-4952-a694-bf62b7894053@group-815FDE6FCAD8->24ad807e-6d45-451f-a21b-d43dbe93db59-GrpcLogAppender: appendEntries Timeout, request=8bc19c34-ed99-4952-a694-bf62b7894053->24ad807e-6d45-451f-a21b-d43dbe93db59#50-t1, previous=(t:1, i:11), leaderCommit=6, initializing? false, entries: <empty>
2019-09-11 20:00:41,986 [8bc19c34-ed99-4952-a694-bf62b7894053@group-815FDE6FCAD8-SegmentedRaftLogWorker] WARN  segmented.SegmentedRaftLogWorker (SegmentedRaftLogWorker.java:getFromFuture(90)) - Timeout 9/~
org.apache.ratis.protocol.TimeoutIOException: Timeout 10s: WriteLog:7: (t:1, i:7), STATEMACHINELOGENTRY, client-7CA8507644EA, cid=16-writeStateMachineData
	at org.apache.ratis.util.IOUtils.getFromFuture(IOUtils.java:87)
	at org.apache.ratis.server.raftlog.segmented.SegmentedRaftLogWorker$StateMachineDataPolicy.getFromFuture(SegmentedRaftLogWorker.java:87)
	at org.apache.ratis.server.raftlog.segmented.SegmentedRaftLogWorker$WriteLog.execute(SegmentedRaftLogWorker.java:477)
	at org.apache.ratis.server.raftlog.segmented.SegmentedRaftLogWorker.run(SegmentedRaftLogWorker.java:289)
	at java.lang.Thread.run(Thread.java:748)
Caused by: java.util.concurrent.TimeoutException
	at java.util.concurrent.CompletableFuture.timedGet(CompletableFuture.java:1771)
	at java.util.concurrent.CompletableFuture.get(CompletableFuture.java:1915)
	at org.apache.ratis.util.IOUtils.getFromFuture(IOUtils.java:79)
	... 4 more
2019-09-11 20:00:42,065 [f44a2839-6f6e-45eb-9e76-f53daf5fe8b6@group-815FDE6FCAD8-SegmentedRaftLogWorker] WARN  segmented.SegmentedRaftLogWorker (SegmentedRaftLogWorker.java:getFromFuture(90)) - Timeout 9/~
org.apache.ratis.protocol.TimeoutIOException: Timeout 10s: WriteLog:8: (t:1, i:8), STATEMACHINELOGENTRY, client-7CA8507644EA, cid=17-writeStateMachineData
	at org.apache.ratis.util.IOUtils.getFromFuture(IOUtils.java:87)
	at org.apache.ratis.server.raftlog.segmented.SegmentedRaftLogWorker$StateMachineDataPolicy.getFromFuture(SegmentedRaftLogWorker.java:87)
	at org.apache.ratis.server.raftlog.segmented.SegmentedRaftLogWorker$WriteLog.execute(SegmentedRaftLogWorker.java:477)
	at org.apache.ratis.server.raftlog.segmented.SegmentedRaftLogWorker.run(SegmentedRaftLogWorker.java:289)
	at java.lang.Thread.run(Thread.java:748)
Caused by: java.util.concurrent.TimeoutException
	at java.util.concurrent.CompletableFuture.timedGet(CompletableFuture.java:1771)
	at java.util.concurrent.CompletableFuture.get(CompletableFuture.java:1915)
	at org.apache.ratis.util.IOUtils.getFromFuture(IOUtils.java:79)
	... 4 more
2019-09-11 20:00:42,065 [24ad807e-6d45-451f-a21b-d43dbe93db59@group-815FDE6FCAD8-SegmentedRaftLogWorker] WARN  segmented.SegmentedRaftLogWorker (SegmentedRaftLogWorker.java:getFromFuture(90)) - Timeout 9/~
org.apache.ratis.protocol.TimeoutIOException: Timeout 10s: WriteLog:8: (t:1, i:8), STATEMACHINELOGENTRY, client-7CA8507644EA, cid=17-writeStateMachineData
	at org.apache.ratis.util.IOUtils.getFromFuture(IOUtils.java:87)
	at org.apache.ratis.server.raftlog.segmented.SegmentedRaftLogWorker$StateMachineDataPolicy.getFromFuture(SegmentedRaftLogWorker.java:87)
	at org.apache.ratis.server.raftlog.segmented.SegmentedRaftLogWorker$WriteLog.execute(SegmentedRaftLogWorker.java:477)
	at org.apache.ratis.server.raftlog.segmented.SegmentedRaftLogWorker.run(SegmentedRaftLogWorker.java:289)
	at java.lang.Thread.run(Thread.java:748)
Caused by: java.util.concurrent.TimeoutException
	at java.util.concurrent.CompletableFuture.timedGet(CompletableFuture.java:1771)
	at java.util.concurrent.CompletableFuture.get(CompletableFuture.java:1915)
	at org.apache.ratis.util.IOUtils.getFromFuture(IOUtils.java:79)
	... 4 more
2019-09-11 20:00:42,512 [java.util.concurrent.ThreadPoolExecutor$Worker@28769ca6[State = -1, empty queue]] WARN  server.GrpcLogAppender (GrpcLogAppender.java:timeoutAppendRequest(200)) - 8bc19c34-ed99-4952-a694-bf62b7894053@group-815FDE6FCAD8->24ad807e-6d45-451f-a21b-d43dbe93db59-GrpcLogAppender: appendEntries Timeout, request=8bc19c34-ed99-4952-a694-bf62b7894053->24ad807e-6d45-451f-a21b-d43dbe93db59#51-t1, previous=(t:1, i:11), leaderCommit=6, initializing? false, entries: <empty>
2019-09-11 20:00:42,512 [java.util.concurrent.ThreadPoolExecutor$Worker@78bd30d7[State = -1, empty queue]] WARN  server.GrpcLogAppender (GrpcLogAppender.java:timeoutAppendRequest(200)) - 8bc19c34-ed99-4952-a694-bf62b7894053@group-815FDE6FCAD8->f44a2839-6f6e-45eb-9e76-f53daf5fe8b6-GrpcLogAppender: appendEntries Timeout, request=8bc19c34-ed99-4952-a694-bf62b7894053->f44a2839-6f6e-45eb-9e76-f53daf5fe8b6#51-t1, previous=(t:1, i:11), leaderCommit=6, initializing? false, entries: <empty>
2019-09-11 20:00:43,305 [grpc-default-executor-1] INFO  client.GrpcClientProtocolClient (GrpcClientProtocolClient.java:onNext(264)) - client-7CA8507644EA->f44a2839-6f6e-45eb-9e76-f53daf5fe8b6: receive RaftClientReply:client-7CA8507644EA->f44a2839-6f6e-45eb-9e76-f53daf5fe8b6@group-815FDE6FCAD8, cid=16, FAILED org.apache.ratis.protocol.NotLeaderException: Server f44a2839-6f6e-45eb-9e76-f53daf5fe8b6@group-815FDE6FCAD8 is not the leader 8bc19c34-ed99-4952-a694-bf62b7894053:192.168.36.83:44276, logIndex=0, commits[f44a2839-6f6e-45eb-9e76-f53daf5fe8b6:c6, 24ad807e-6d45-451f-a21b-d43dbe93db59:c4, 8bc19c34-ed99-4952-a694-bf62b7894053:c6]
2019-09-11 20:00:45,012 [java.util.concurrent.ThreadPoolExecutor$Worker@28769ca6[State = -1, empty queue]] WARN  server.GrpcLogAppender (GrpcLogAppender.java:timeoutAppendRequest(200)) - 8bc19c34-ed99-4952-a694-bf62b7894053@group-815FDE6FCAD8->24ad807e-6d45-451f-a21b-d43dbe93db59-GrpcLogAppender: appendEntries Timeout, request=8bc19c34-ed99-4952-a694-bf62b7894053->24ad807e-6d45-451f-a21b-d43dbe93db59#52-t1, previous=(t:1, i:11), leaderCommit=6, initializing? false, entries: <empty>
2019-09-11 20:00:45,012 [java.util.concurrent.ThreadPoolExecutor$Worker@78bd30d7[State = -1, empty queue]] WARN  server.GrpcLogAppender (GrpcLogAppender.java:timeoutAppendRequest(200)) - 8bc19c34-ed99-4952-a694-bf62b7894053@group-815FDE6FCAD8->f44a2839-6f6e-45eb-9e76-f53daf5fe8b6-GrpcLogAppender: appendEntries Timeout, request=8bc19c34-ed99-4952-a694-bf62b7894053->f44a2839-6f6e-45eb-9e76-f53daf5fe8b6#52-t1, previous=(t:1, i:11), leaderCommit=6, initializing? false, entries: <empty>
2019-09-11 20:00:47,513 [java.util.concurrent.ThreadPoolExecutor$Worker@28769ca6[State = -1, empty queue]] WARN  server.GrpcLogAppender (GrpcLogAppender.java:timeoutAppendRequest(200)) - 8bc19c34-ed99-4952-a694-bf62b7894053@group-815FDE6FCAD8->24ad807e-6d45-451f-a21b-d43dbe93db59-GrpcLogAppender: appendEntries Timeout, request=8bc19c34-ed99-4952-a694-bf62b7894053->24ad807e-6d45-451f-a21b-d43dbe93db59#53-t1, previous=(t:1, i:11), leaderCommit=6, initializing? false, entries: <empty>
2019-09-11 20:00:47,513 [java.util.concurrent.ThreadPoolExecutor$Worker@78bd30d7[State = -1, empty queue]] WARN  server.GrpcLogAppender (GrpcLogAppender.java:timeoutAppendRequest(200)) - 8bc19c34-ed99-4952-a694-bf62b7894053@group-815FDE6FCAD8->f44a2839-6f6e-45eb-9e76-f53daf5fe8b6-GrpcLogAppender: appendEntries Timeout, request=8bc19c34-ed99-4952-a694-bf62b7894053->f44a2839-6f6e-45eb-9e76-f53daf5fe8b6#53-t1, previous=(t:1, i:11), leaderCommit=6, initializing? false, entries: <empty>
2019-09-11 20:00:48,349 [grpc-default-executor-2] INFO  client.GrpcClientProtocolClient (GrpcClientProtocolClient.java:onNext(264)) - client-7CA8507644EA->f44a2839-6f6e-45eb-9e76-f53daf5fe8b6: receive RaftClientReply:client-7CA8507644EA->f44a2839-6f6e-45eb-9e76-f53daf5fe8b6@group-815FDE6FCAD8, cid=16, FAILED org.apache.ratis.protocol.NotLeaderException: Server f44a2839-6f6e-45eb-9e76-f53daf5fe8b6@group-815FDE6FCAD8 is not the leader 8bc19c34-ed99-4952-a694-bf62b7894053:192.168.36.83:44276, logIndex=0, commits[f44a2839-6f6e-45eb-9e76-f53daf5fe8b6:c6, 24ad807e-6d45-451f-a21b-d43dbe93db59:c4, 8bc19c34-ed99-4952-a694-bf62b7894053:c6]
2019-09-11 20:00:50,014 [java.util.concurrent.ThreadPoolExecutor$Worker@28769ca6[State = -1, empty queue]] WARN  server.GrpcLogAppender (GrpcLogAppender.java:timeoutAppendRequest(200)) - 8bc19c34-ed99-4952-a694-bf62b7894053@group-815FDE6FCAD8->24ad807e-6d45-451f-a21b-d43dbe93db59-GrpcLogAppender: appendEntries Timeout, request=8bc19c34-ed99-4952-a694-bf62b7894053->24ad807e-6d45-451f-a21b-d43dbe93db59#54-t1, previous=(t:1, i:11), leaderCommit=6, initializing? false, entries: <empty>
2019-09-11 20:00:50,014 [java.util.concurrent.ThreadPoolExecutor$Worker@78bd30d7[State = -1, empty queue]] WARN  server.GrpcLogAppender (GrpcLogAppender.java:timeoutAppendRequest(200)) - 8bc19c34-ed99-4952-a694-bf62b7894053@group-815FDE6FCAD8->f44a2839-6f6e-45eb-9e76-f53daf5fe8b6-GrpcLogAppender: appendEntries Timeout, request=8bc19c34-ed99-4952-a694-bf62b7894053->f44a2839-6f6e-45eb-9e76-f53daf5fe8b6#54-t1, previous=(t:1, i:11), leaderCommit=6, initializing? false, entries: <empty>
2019-09-11 20:00:51,987 [8bc19c34-ed99-4952-a694-bf62b7894053@group-815FDE6FCAD8-SegmentedRaftLogWorker] WARN  segmented.SegmentedRaftLogWorker (SegmentedRaftLogWorker.java:getFromFuture(90)) - Timeout 10/~
org.apache.ratis.protocol.TimeoutIOException: Timeout 10s: WriteLog:7: (t:1, i:7), STATEMACHINELOGENTRY, client-7CA8507644EA, cid=16-writeStateMachineData
	at org.apache.ratis.util.IOUtils.getFromFuture(IOUtils.java:87)
	at org.apache.ratis.server.raftlog.segmented.SegmentedRaftLogWorker$StateMachineDataPolicy.getFromFuture(SegmentedRaftLogWorker.java:87)
	at org.apache.ratis.server.raftlog.segmented.SegmentedRaftLogWorker$WriteLog.execute(SegmentedRaftLogWorker.java:477)
	at org.apache.ratis.server.raftlog.segmented.SegmentedRaftLogWorker.run(SegmentedRaftLogWorker.java:289)
	at java.lang.Thread.run(Thread.java:748)
Caused by: java.util.concurrent.TimeoutException
	at java.util.concurrent.CompletableFuture.timedGet(CompletableFuture.java:1771)
	at java.util.concurrent.CompletableFuture.get(CompletableFuture.java:1915)
	at org.apache.ratis.util.IOUtils.getFromFuture(IOUtils.java:79)
	... 4 more
2019-09-11 20:00:52,065 [f44a2839-6f6e-45eb-9e76-f53daf5fe8b6@group-815FDE6FCAD8-SegmentedRaftLogWorker] WARN  segmented.SegmentedRaftLogWorker (SegmentedRaftLogWorker.java:getFromFuture(90)) - Timeout 10/~
org.apache.ratis.protocol.TimeoutIOException: Timeout 10s: WriteLog:8: (t:1, i:8), STATEMACHINELOGENTRY, client-7CA8507644EA, cid=17-writeStateMachineData
	at org.apache.ratis.util.IOUtils.getFromFuture(IOUtils.java:87)
	at org.apache.ratis.server.raftlog.segmented.SegmentedRaftLogWorker$StateMachineDataPolicy.getFromFuture(SegmentedRaftLogWorker.java:87)
	at org.apache.ratis.server.raftlog.segmented.SegmentedRaftLogWorker$WriteLog.execute(SegmentedRaftLogWorker.java:477)
	at org.apache.ratis.server.raftlog.segmented.SegmentedRaftLogWorker.run(SegmentedRaftLogWorker.java:289)
	at java.lang.Thread.run(Thread.java:748)
Caused by: java.util.concurrent.TimeoutException
	at java.util.concurrent.CompletableFuture.timedGet(CompletableFuture.java:1771)
	at java.util.concurrent.CompletableFuture.get(CompletableFuture.java:1915)
	at org.apache.ratis.util.IOUtils.getFromFuture(IOUtils.java:79)
	... 4 more
2019-09-11 20:00:52,066 [24ad807e-6d45-451f-a21b-d43dbe93db59@group-815FDE6FCAD8-SegmentedRaftLogWorker] WARN  segmented.SegmentedRaftLogWorker (SegmentedRaftLogWorker.java:getFromFuture(90)) - Timeout 10/~
org.apache.ratis.protocol.TimeoutIOException: Timeout 10s: WriteLog:8: (t:1, i:8), STATEMACHINELOGENTRY, client-7CA8507644EA, cid=17-writeStateMachineData
	at org.apache.ratis.util.IOUtils.getFromFuture(IOUtils.java:87)
	at org.apache.ratis.server.raftlog.segmented.SegmentedRaftLogWorker$StateMachineDataPolicy.getFromFuture(SegmentedRaftLogWorker.java:87)
	at org.apache.ratis.server.raftlog.segmented.SegmentedRaftLogWorker$WriteLog.execute(SegmentedRaftLogWorker.java:477)
	at org.apache.ratis.server.raftlog.segmented.SegmentedRaftLogWorker.run(SegmentedRaftLogWorker.java:289)
	at java.lang.Thread.run(Thread.java:748)
Caused by: java.util.concurrent.TimeoutException
	at java.util.concurrent.CompletableFuture.timedGet(CompletableFuture.java:1771)
	at java.util.concurrent.CompletableFuture.get(CompletableFuture.java:1915)
	at org.apache.ratis.util.IOUtils.getFromFuture(IOUtils.java:79)
	... 4 more
2019-09-11 20:00:52,514 [java.util.concurrent.ThreadPoolExecutor$Worker@78bd30d7[State = -1, empty queue]] WARN  server.GrpcLogAppender (GrpcLogAppender.java:timeoutAppendRequest(200)) - 8bc19c34-ed99-4952-a694-bf62b7894053@group-815FDE6FCAD8->f44a2839-6f6e-45eb-9e76-f53daf5fe8b6-GrpcLogAppender: appendEntries Timeout, request=8bc19c34-ed99-4952-a694-bf62b7894053->f44a2839-6f6e-45eb-9e76-f53daf5fe8b6#55-t1, previous=(t:1, i:11), leaderCommit=6, initializing? false, entries: <empty>
2019-09-11 20:00:52,514 [java.util.concurrent.ThreadPoolExecutor$Worker@28769ca6[State = -1, empty queue]] WARN  server.GrpcLogAppender (GrpcLogAppender.java:timeoutAppendRequest(200)) - 8bc19c34-ed99-4952-a694-bf62b7894053@group-815FDE6FCAD8->24ad807e-6d45-451f-a21b-d43dbe93db59-GrpcLogAppender: appendEntries Timeout, request=8bc19c34-ed99-4952-a694-bf62b7894053->24ad807e-6d45-451f-a21b-d43dbe93db59#55-t1, previous=(t:1, i:11), leaderCommit=6, initializing? false, entries: <empty>
2019-09-11 20:00:53,408 [grpc-default-executor-0] INFO  client.GrpcClientProtocolClient (GrpcClientProtocolClient.java:onNext(264)) - client-7CA8507644EA->24ad807e-6d45-451f-a21b-d43dbe93db59: receive RaftClientReply:client-7CA8507644EA->24ad807e-6d45-451f-a21b-d43dbe93db59@group-815FDE6FCAD8, cid=16, FAILED org.apache.ratis.protocol.NotLeaderException: Server 24ad807e-6d45-451f-a21b-d43dbe93db59@group-815FDE6FCAD8 is not the leader 8bc19c34-ed99-4952-a694-bf62b7894053:192.168.36.83:44276, logIndex=0, commits[24ad807e-6d45-451f-a21b-d43dbe93db59:c6, f44a2839-6f6e-45eb-9e76-f53daf5fe8b6:c4, 8bc19c34-ed99-4952-a694-bf62b7894053:c6]
2019-09-11 20:00:55,017 [java.util.concurrent.ThreadPoolExecutor$Worker@78bd30d7[State = -1, empty queue]] WARN  server.GrpcLogAppender (GrpcLogAppender.java:timeoutAppendRequest(200)) - 8bc19c34-ed99-4952-a694-bf62b7894053@group-815FDE6FCAD8->f44a2839-6f6e-45eb-9e76-f53daf5fe8b6-GrpcLogAppender: appendEntries Timeout, request=8bc19c34-ed99-4952-a694-bf62b7894053->f44a2839-6f6e-45eb-9e76-f53daf5fe8b6#56-t1, previous=(t:1, i:11), leaderCommit=6, initializing? false, entries: <empty>
2019-09-11 20:00:55,017 [java.util.concurrent.ThreadPoolExecutor$Worker@28769ca6[State = -1, empty queue]] WARN  server.GrpcLogAppender (GrpcLogAppender.java:timeoutAppendRequest(200)) - 8bc19c34-ed99-4952-a694-bf62b7894053@group-815FDE6FCAD8->24ad807e-6d45-451f-a21b-d43dbe93db59-GrpcLogAppender: appendEntries Timeout, request=8bc19c34-ed99-4952-a694-bf62b7894053->24ad807e-6d45-451f-a21b-d43dbe93db59#56-t1, previous=(t:1, i:11), leaderCommit=6, initializing? false, entries: <empty>
2019-09-11 20:00:57,521 [java.util.concurrent.ThreadPoolExecutor$Worker@28769ca6[State = -1, empty queue]] WARN  server.GrpcLogAppender (GrpcLogAppender.java:timeoutAppendRequest(200)) - 8bc19c34-ed99-4952-a694-bf62b7894053@group-815FDE6FCAD8->24ad807e-6d45-451f-a21b-d43dbe93db59-GrpcLogAppender: appendEntries Timeout, request=8bc19c34-ed99-4952-a694-bf62b7894053->24ad807e-6d45-451f-a21b-d43dbe93db59#57-t1, previous=(t:1, i:11), leaderCommit=6, initializing? false, entries: <empty>
2019-09-11 20:00:57,521 [java.util.concurrent.ThreadPoolExecutor$Worker@78bd30d7[State = -1, empty queue]] WARN  server.GrpcLogAppender (GrpcLogAppender.java:timeoutAppendRequest(200)) - 8bc19c34-ed99-4952-a694-bf62b7894053@group-815FDE6FCAD8->f44a2839-6f6e-45eb-9e76-f53daf5fe8b6-GrpcLogAppender: appendEntries Timeout, request=8bc19c34-ed99-4952-a694-bf62b7894053->f44a2839-6f6e-45eb-9e76-f53daf5fe8b6#57-t1, previous=(t:1, i:11), leaderCommit=6, initializing? false, entries: <empty>
2019-09-11 20:00:58,490 [grpc-default-executor-0] INFO  client.GrpcClientProtocolClient (GrpcClientProtocolClient.java:onNext(264)) - client-7CA8507644EA->f44a2839-6f6e-45eb-9e76-f53daf5fe8b6: receive RaftClientReply:client-7CA8507644EA->f44a2839-6f6e-45eb-9e76-f53daf5fe8b6@group-815FDE6FCAD8, cid=16, FAILED org.apache.ratis.protocol.NotLeaderException: Server f44a2839-6f6e-45eb-9e76-f53daf5fe8b6@group-815FDE6FCAD8 is not the leader 8bc19c34-ed99-4952-a694-bf62b7894053:192.168.36.83:44276, logIndex=0, commits[f44a2839-6f6e-45eb-9e76-f53daf5fe8b6:c6, 24ad807e-6d45-451f-a21b-d43dbe93db59:c4, 8bc19c34-ed99-4952-a694-bf62b7894053:c6]
2019-09-11 20:01:00,022 [java.util.concurrent.ThreadPoolExecutor$Worker@78bd30d7[State = -1, empty queue]] WARN  server.GrpcLogAppender (GrpcLogAppender.java:timeoutAppendRequest(200)) - 8bc19c34-ed99-4952-a694-bf62b7894053@group-815FDE6FCAD8->f44a2839-6f6e-45eb-9e76-f53daf5fe8b6-GrpcLogAppender: appendEntries Timeout, request=8bc19c34-ed99-4952-a694-bf62b7894053->f44a2839-6f6e-45eb-9e76-f53daf5fe8b6#58-t1, previous=(t:1, i:11), leaderCommit=6, initializing? false, entries: <empty>
2019-09-11 20:01:00,022 [java.util.concurrent.ThreadPoolExecutor$Worker@28769ca6[State = -1, empty queue]] WARN  server.GrpcLogAppender (GrpcLogAppender.java:timeoutAppendRequest(200)) - 8bc19c34-ed99-4952-a694-bf62b7894053@group-815FDE6FCAD8->24ad807e-6d45-451f-a21b-d43dbe93db59-GrpcLogAppender: appendEntries Timeout, request=8bc19c34-ed99-4952-a694-bf62b7894053->24ad807e-6d45-451f-a21b-d43dbe93db59#58-t1, previous=(t:1, i:11), leaderCommit=6, initializing? false, entries: <empty>
2019-09-11 20:01:01,989 [8bc19c34-ed99-4952-a694-bf62b7894053@group-815FDE6FCAD8-SegmentedRaftLogWorker] WARN  segmented.SegmentedRaftLogWorker (SegmentedRaftLogWorker.java:getFromFuture(90)) - Timeout 11/~
org.apache.ratis.protocol.TimeoutIOException: Timeout 10s: WriteLog:7: (t:1, i:7), STATEMACHINELOGENTRY, client-7CA8507644EA, cid=16-writeStateMachineData
	at org.apache.ratis.util.IOUtils.getFromFuture(IOUtils.java:87)
	at org.apache.ratis.server.raftlog.segmented.SegmentedRaftLogWorker$StateMachineDataPolicy.getFromFuture(SegmentedRaftLogWorker.java:87)
	at org.apache.ratis.server.raftlog.segmented.SegmentedRaftLogWorker$WriteLog.execute(SegmentedRaftLogWorker.java:477)
	at org.apache.ratis.server.raftlog.segmented.SegmentedRaftLogWorker.run(SegmentedRaftLogWorker.java:289)
	at java.lang.Thread.run(Thread.java:748)
Caused by: java.util.concurrent.TimeoutException
	at java.util.concurrent.CompletableFuture.timedGet(CompletableFuture.java:1771)
	at java.util.concurrent.CompletableFuture.get(CompletableFuture.java:1915)
	at org.apache.ratis.util.IOUtils.getFromFuture(IOUtils.java:79)
	... 4 more
2019-09-11 20:01:02,064 [org.apache.ratis.server.impl.LogAppender$AppenderDaemon$$Lambda$513/1740195529@329fb36f] ERROR ratis.XceiverServerRatis (XceiverServerRatis.java:triggerPipelineClose(568)) - pipeline Action CLOSE  on pipeline PipelineID=14a294df-f6cd-45c4-a05c-815fde6fcad8.Reason : 8bc19c34-ed99-4952-a694-bf62b7894053 has not seen follower/s f44a2839-6f6e-45eb-9e76-f53daf5fe8b6 for 120359ms 24ad807e-6d45-451f-a21b-d43dbe93db59 for 120363ms
2019-09-11 20:01:02,064 [org.apache.ratis.server.impl.LogAppender$AppenderDaemon$$Lambda$513/1740195529@16de7a74] ERROR ratis.XceiverServerRatis (XceiverServerRatis.java:triggerPipelineClose(568)) - pipeline Action CLOSE  on pipeline PipelineID=14a294df-f6cd-45c4-a05c-815fde6fcad8.Reason : 8bc19c34-ed99-4952-a694-bf62b7894053 has not seen follower/s f44a2839-6f6e-45eb-9e76-f53daf5fe8b6 for 120359ms 24ad807e-6d45-451f-a21b-d43dbe93db59 for 120363ms
2019-09-11 20:01:02,066 [f44a2839-6f6e-45eb-9e76-f53daf5fe8b6@group-815FDE6FCAD8-SegmentedRaftLogWorker] WARN  segmented.SegmentedRaftLogWorker (SegmentedRaftLogWorker.java:getFromFuture(90)) - Timeout 11/~
org.apache.ratis.protocol.TimeoutIOException: Timeout 10s: WriteLog:8: (t:1, i:8), STATEMACHINELOGENTRY, client-7CA8507644EA, cid=17-writeStateMachineData
	at org.apache.ratis.util.IOUtils.getFromFuture(IOUtils.java:87)
	at org.apache.ratis.server.raftlog.segmented.SegmentedRaftLogWorker$StateMachineDataPolicy.getFromFuture(SegmentedRaftLogWorker.java:87)
	at org.apache.ratis.server.raftlog.segmented.SegmentedRaftLogWorker$WriteLog.execute(SegmentedRaftLogWorker.java:477)
	at org.apache.ratis.server.raftlog.segmented.SegmentedRaftLogWorker.run(SegmentedRaftLogWorker.java:289)
	at java.lang.Thread.run(Thread.java:748)
Caused by: java.util.concurrent.TimeoutException
	at java.util.concurrent.CompletableFuture.timedGet(CompletableFuture.java:1771)
	at java.util.concurrent.CompletableFuture.get(CompletableFuture.java:1915)
	at org.apache.ratis.util.IOUtils.getFromFuture(IOUtils.java:79)
	... 4 more
2019-09-11 20:01:02,067 [24ad807e-6d45-451f-a21b-d43dbe93db59@group-815FDE6FCAD8-SegmentedRaftLogWorker] WARN  segmented.SegmentedRaftLogWorker (SegmentedRaftLogWorker.java:getFromFuture(90)) - Timeout 11/~
org.apache.ratis.protocol.TimeoutIOException: Timeout 10s: WriteLog:8: (t:1, i:8), STATEMACHINELOGENTRY, client-7CA8507644EA, cid=17-writeStateMachineData
	at org.apache.ratis.util.IOUtils.getFromFuture(IOUtils.java:87)
	at org.apache.ratis.server.raftlog.segmented.SegmentedRaftLogWorker$StateMachineDataPolicy.getFromFuture(SegmentedRaftLogWorker.java:87)
	at org.apache.ratis.server.raftlog.segmented.SegmentedRaftLogWorker$WriteLog.execute(SegmentedRaftLogWorker.java:477)
	at org.apache.ratis.server.raftlog.segmented.SegmentedRaftLogWorker.run(SegmentedRaftLogWorker.java:289)
	at java.lang.Thread.run(Thread.java:748)
Caused by: java.util.concurrent.TimeoutException
	at java.util.concurrent.CompletableFuture.timedGet(CompletableFuture.java:1771)
	at java.util.concurrent.CompletableFuture.get(CompletableFuture.java:1915)
	at org.apache.ratis.util.IOUtils.getFromFuture(IOUtils.java:79)
	... 4 more
2019-09-11 20:01:02,069 [EventQueue-PipelineActionsForPipelineActionHandler] ERROR pipeline.PipelineActionHandler (PipelineActionHandler.java:onMessage(60)) - Received pipeline action CLOSE for Pipeline[ Id: 14a294df-f6cd-45c4-a05c-815fde6fcad8, Nodes: 8bc19c34-ed99-4952-a694-bf62b7894053{ip: 192.168.36.83, host: pr-hdds-2096-jg2tg-1247294052, networkLocation: /default-rack, certSerialId: null}f44a2839-6f6e-45eb-9e76-f53daf5fe8b6{ip: 192.168.36.83, host: pr-hdds-2096-jg2tg-1247294052, networkLocation: /default-rack, certSerialId: null}24ad807e-6d45-451f-a21b-d43dbe93db59{ip: 192.168.36.83, host: pr-hdds-2096-jg2tg-1247294052, networkLocation: /default-rack, certSerialId: null}, Type:RATIS, Factor:THREE, State:OPEN] from datanode 8bc19c34-ed99-4952-a694-bf62b7894053{ip: 192.168.36.83, host: pr-hdds-2096-jg2tg-1247294052, networkLocation: /default-rack, certSerialId: null}. Reason : 8bc19c34-ed99-4952-a694-bf62b7894053 has not seen follower/s f44a2839-6f6e-45eb-9e76-f53daf5fe8b6 for 120359ms 24ad807e-6d45-451f-a21b-d43dbe93db59 for 120363ms
2019-09-11 20:01:02,070 [EventQueue-PipelineActionsForPipelineActionHandler] INFO  pipeline.SCMPipelineManager (SCMPipelineManager.java:finalizeAndDestroyPipeline(311)) - destroying pipeline:Pipeline[ Id: 14a294df-f6cd-45c4-a05c-815fde6fcad8, Nodes: 8bc19c34-ed99-4952-a694-bf62b7894053{ip: 192.168.36.83, host: pr-hdds-2096-jg2tg-1247294052, networkLocation: /default-rack, certSerialId: null}f44a2839-6f6e-45eb-9e76-f53daf5fe8b6{ip: 192.168.36.83, host: pr-hdds-2096-jg2tg-1247294052, networkLocation: /default-rack, certSerialId: null}24ad807e-6d45-451f-a21b-d43dbe93db59{ip: 192.168.36.83, host: pr-hdds-2096-jg2tg-1247294052, networkLocation: /default-rack, certSerialId: null}, Type:RATIS, Factor:THREE, State:OPEN]
2019-09-11 20:01:02,071 [EventQueue-PipelineActionsForPipelineActionHandler] INFO  pipeline.PipelineStateManager (PipelineStateManager.java:finalizePipeline(123)) - Pipeline Pipeline[ Id: 14a294df-f6cd-45c4-a05c-815fde6fcad8, Nodes: 8bc19c34-ed99-4952-a694-bf62b7894053{ip: 192.168.36.83, host: pr-hdds-2096-jg2tg-1247294052, networkLocation: /default-rack, certSerialId: null}f44a2839-6f6e-45eb-9e76-f53daf5fe8b6{ip: 192.168.36.83, host: pr-hdds-2096-jg2tg-1247294052, networkLocation: /default-rack, certSerialId: null}24ad807e-6d45-451f-a21b-d43dbe93db59{ip: 192.168.36.83, host: pr-hdds-2096-jg2tg-1247294052, networkLocation: /default-rack, certSerialId: null}, Type:RATIS, Factor:THREE, State:CLOSED] moved to CLOSED state
2019-09-11 20:01:02,073 [EventQueue-CloseContainerForCloseContainerEventHandler] INFO  container.CloseContainerEventHandler (CloseContainerEventHandler.java:onMessage(61)) - Close container Event triggered for container : #1
2019-09-11 20:01:02,079 [EventQueue-CloseContainerForCloseContainerEventHandler] INFO  container.CloseContainerEventHandler (CloseContainerEventHandler.java:onMessage(61)) - Close container Event triggered for container : #2
2019-09-11 20:01:02,524 [java.util.concurrent.ThreadPoolExecutor$Worker@78bd30d7[State = -1, empty queue]] WARN  server.GrpcLogAppender (GrpcLogAppender.java:timeoutAppendRequest(200)) - 8bc19c34-ed99-4952-a694-bf62b7894053@group-815FDE6FCAD8->f44a2839-6f6e-45eb-9e76-f53daf5fe8b6-GrpcLogAppender: appendEntries Timeout, request=8bc19c34-ed99-4952-a694-bf62b7894053->f44a2839-6f6e-45eb-9e76-f53daf5fe8b6#59-t1, previous=(t:1, i:11), leaderCommit=6, initializing? false, entries: <empty>
2019-09-11 20:01:02,526 [java.util.concurrent.ThreadPoolExecutor$Worker@28769ca6[State = -1, empty queue]] WARN  server.GrpcLogAppender (GrpcLogAppender.java:timeoutAppendRequest(200)) - 8bc19c34-ed99-4952-a694-bf62b7894053@group-815FDE6FCAD8->24ad807e-6d45-451f-a21b-d43dbe93db59-GrpcLogAppender: appendEntries Timeout, request=8bc19c34-ed99-4952-a694-bf62b7894053->24ad807e-6d45-451f-a21b-d43dbe93db59#59-t1, previous=(t:1, i:11), leaderCommit=6, initializing? false, entries: <empty>
2019-09-11 20:01:03,543 [grpc-default-executor-2] INFO  client.GrpcClientProtocolClient (GrpcClientProtocolClient.java:onNext(264)) - client-7CA8507644EA->f44a2839-6f6e-45eb-9e76-f53daf5fe8b6: receive RaftClientReply:client-7CA8507644EA->f44a2839-6f6e-45eb-9e76-f53daf5fe8b6@group-815FDE6FCAD8, cid=16, FAILED org.apache.ratis.protocol.NotLeaderException: Server f44a2839-6f6e-45eb-9e76-f53daf5fe8b6@group-815FDE6FCAD8 is not the leader 8bc19c34-ed99-4952-a694-bf62b7894053:192.168.36.83:44276, logIndex=0, commits[f44a2839-6f6e-45eb-9e76-f53daf5fe8b6:c6, 24ad807e-6d45-451f-a21b-d43dbe93db59:c4, 8bc19c34-ed99-4952-a694-bf62b7894053:c6]
2019-09-11 20:01:04,524 [org.apache.ratis.server.impl.LogAppender$AppenderDaemon$$Lambda$513/1740195529@329fb36f] ERROR ratis.XceiverServerRatis (XceiverServerRatis.java:triggerPipelineClose(568)) - pipeline Action CLOSE  on pipeline PipelineID=14a294df-f6cd-45c4-a05c-815fde6fcad8.Reason : 8bc19c34-ed99-4952-a694-bf62b7894053 has not seen follower/s f44a2839-6f6e-45eb-9e76-f53daf5fe8b6 for 122837ms 24ad807e-6d45-451f-a21b-d43dbe93db59 for 122838ms
2019-09-11 20:01:04,524 [org.apache.ratis.server.impl.LogAppender$AppenderDaemon$$Lambda$513/1740195529@16de7a74] ERROR ratis.XceiverServerRatis (XceiverServerRatis.java:triggerPipelineClose(568)) - pipeline Action CLOSE  on pipeline PipelineID=14a294df-f6cd-45c4-a05c-815fde6fcad8.Reason : 8bc19c34-ed99-4952-a694-bf62b7894053 has not seen follower/s f44a2839-6f6e-45eb-9e76-f53daf5fe8b6 for 122838ms 24ad807e-6d45-451f-a21b-d43dbe93db59 for 122838ms
2019-09-11 20:01:05,023 [java.util.concurrent.ThreadPoolExecutor$Worker@28769ca6[State = -1, empty queue]] WARN  server.GrpcLogAppender (GrpcLogAppender.java:timeoutAppendRequest(200)) - 8bc19c34-ed99-4952-a694-bf62b7894053@group-815FDE6FCAD8->24ad807e-6d45-451f-a21b-d43dbe93db59-GrpcLogAppender: appendEntries Timeout, request=8bc19c34-ed99-4952-a694-bf62b7894053->24ad807e-6d45-451f-a21b-d43dbe93db59#60-t1, previous=(t:1, i:11), leaderCommit=6, initializing? false, entries: <empty>
2019-09-11 20:01:05,025 [java.util.concurrent.ThreadPoolExecutor$Worker@78bd30d7[State = -1, empty queue]] WARN  server.GrpcLogAppender (GrpcLogAppender.java:timeoutAppendRequest(200)) - 8bc19c34-ed99-4952-a694-bf62b7894053@group-815FDE6FCAD8->f44a2839-6f6e-45eb-9e76-f53daf5fe8b6-GrpcLogAppender: appendEntries Timeout, request=8bc19c34-ed99-4952-a694-bf62b7894053->f44a2839-6f6e-45eb-9e76-f53daf5fe8b6#60-t1, previous=(t:1, i:11), leaderCommit=6, initializing? false, entries: <empty>
2019-09-11 20:01:05,065 [EventQueue-PipelineActionsForPipelineActionHandler] ERROR pipeline.PipelineActionHandler (PipelineActionHandler.java:onMessage(60)) - Received pipeline action CLOSE for Pipeline[ Id: 14a294df-f6cd-45c4-a05c-815fde6fcad8, Nodes: 8bc19c34-ed99-4952-a694-bf62b7894053{ip: 192.168.36.83, host: pr-hdds-2096-jg2tg-1247294052, networkLocation: /default-rack, certSerialId: null}f44a2839-6f6e-45eb-9e76-f53daf5fe8b6{ip: 192.168.36.83, host: pr-hdds-2096-jg2tg-1247294052, networkLocation: /default-rack, certSerialId: null}24ad807e-6d45-451f-a21b-d43dbe93db59{ip: 192.168.36.83, host: pr-hdds-2096-jg2tg-1247294052, networkLocation: /default-rack, certSerialId: null}, Type:RATIS, Factor:THREE, State:CLOSED] from datanode 8bc19c34-ed99-4952-a694-bf62b7894053{ip: 192.168.36.83, host: pr-hdds-2096-jg2tg-1247294052, networkLocation: /default-rack, certSerialId: null}. Reason : 8bc19c34-ed99-4952-a694-bf62b7894053 has not seen follower/s f44a2839-6f6e-45eb-9e76-f53daf5fe8b6 for 122837ms 24ad807e-6d45-451f-a21b-d43dbe93db59 for 122838ms
2019-09-11 20:01:05,065 [EventQueue-PipelineActionsForPipelineActionHandler] INFO  pipeline.SCMPipelineManager (SCMPipelineManager.java:finalizeAndDestroyPipeline(311)) - destroying pipeline:Pipeline[ Id: 14a294df-f6cd-45c4-a05c-815fde6fcad8, Nodes: 8bc19c34-ed99-4952-a694-bf62b7894053{ip: 192.168.36.83, host: pr-hdds-2096-jg2tg-1247294052, networkLocation: /default-rack, certSerialId: null}f44a2839-6f6e-45eb-9e76-f53daf5fe8b6{ip: 192.168.36.83, host: pr-hdds-2096-jg2tg-1247294052, networkLocation: /default-rack, certSerialId: null}24ad807e-6d45-451f-a21b-d43dbe93db59{ip: 192.168.36.83, host: pr-hdds-2096-jg2tg-1247294052, networkLocation: /default-rack, certSerialId: null}, Type:RATIS, Factor:THREE, State:CLOSED]
2019-09-11 20:01:05,085 [org.apache.ratis.server.impl.LogAppender$AppenderDaemon$$Lambda$513/1740195529@16de7a74] ERROR ratis.XceiverServerRatis (XceiverServerRatis.java:triggerPipelineClose(568)) - pipeline Action CLOSE  on pipeline PipelineID=14a294df-f6cd-45c4-a05c-815fde6fcad8.Reason : 8bc19c34-ed99-4952-a694-bf62b7894053 has not seen follower/s f44a2839-6f6e-45eb-9e76-f53daf5fe8b6 for 123398ms 24ad807e-6d45-451f-a21b-d43dbe93db59 for 123399ms
2019-09-11 20:01:05,085 [org.apache.ratis.server.impl.LogAppender$AppenderDaemon$$Lambda$513/1740195529@329fb36f] ERROR ratis.XceiverServerRatis (XceiverServerRatis.java:triggerPipelineClose(568)) - pipeline Action CLOSE  on pipeline PipelineID=14a294df-f6cd-45c4-a05c-815fde6fcad8.Reason : 8bc19c34-ed99-4952-a694-bf62b7894053 has not seen follower/s f44a2839-6f6e-45eb-9e76-f53daf5fe8b6 for 123398ms 24ad807e-6d45-451f-a21b-d43dbe93db59 for 123399ms
2019-09-11 20:01:06,083 [EventQueue-PipelineActionsForPipelineActionHandler] ERROR pipeline.PipelineActionHandler (PipelineActionHandler.java:onMessage(60)) - Received pipeline action CLOSE for Pipeline[ Id: 14a294df-f6cd-45c4-a05c-815fde6fcad8, Nodes: 8bc19c34-ed99-4952-a694-bf62b7894053{ip: 192.168.36.83, host: pr-hdds-2096-jg2tg-1247294052, networkLocation: /default-rack, certSerialId: null}f44a2839-6f6e-45eb-9e76-f53daf5fe8b6{ip: 192.168.36.83, host: pr-hdds-2096-jg2tg-1247294052, networkLocation: /default-rack, certSerialId: null}24ad807e-6d45-451f-a21b-d43dbe93db59{ip: 192.168.36.83, host: pr-hdds-2096-jg2tg-1247294052, networkLocation: /default-rack, certSerialId: null}, Type:RATIS, Factor:THREE, State:CLOSED] from datanode 8bc19c34-ed99-4952-a694-bf62b7894053{ip: 192.168.36.83, host: pr-hdds-2096-jg2tg-1247294052, networkLocation: /default-rack, certSerialId: null}. Reason : 8bc19c34-ed99-4952-a694-bf62b7894053 has not seen follower/s f44a2839-6f6e-45eb-9e76-f53daf5fe8b6 for 123398ms 24ad807e-6d45-451f-a21b-d43dbe93db59 for 123399ms
2019-09-11 20:01:06,083 [EventQueue-PipelineActionsForPipelineActionHandler] INFO  pipeline.SCMPipelineManager (SCMPipelineManager.java:finalizeAndDestroyPipeline(311)) - destroying pipeline:Pipeline[ Id: 14a294df-f6cd-45c4-a05c-815fde6fcad8, Nodes: 8bc19c34-ed99-4952-a694-bf62b7894053{ip: 192.168.36.83, host: pr-hdds-2096-jg2tg-1247294052, networkLocation: /default-rack, certSerialId: null}f44a2839-6f6e-45eb-9e76-f53daf5fe8b6{ip: 192.168.36.83, host: pr-hdds-2096-jg2tg-1247294052, networkLocation: /default-rack, certSerialId: null}24ad807e-6d45-451f-a21b-d43dbe93db59{ip: 192.168.36.83, host: pr-hdds-2096-jg2tg-1247294052, networkLocation: /default-rack, certSerialId: null}, Type:RATIS, Factor:THREE, State:CLOSED]
2019-09-11 20:01:07,524 [java.util.concurrent.ThreadPoolExecutor$Worker@28769ca6[State = -1, empty queue]] WARN  server.GrpcLogAppender (GrpcLogAppender.java:timeoutAppendRequest(200)) - 8bc19c34-ed99-4952-a694-bf62b7894053@group-815FDE6FCAD8->24ad807e-6d45-451f-a21b-d43dbe93db59-GrpcLogAppender: appendEntries Timeout, request=8bc19c34-ed99-4952-a694-bf62b7894053->24ad807e-6d45-451f-a21b-d43dbe93db59#61-t1, previous=(t:1, i:11), leaderCommit=6, initializing? false, entries: <empty>
2019-09-11 20:01:07,526 [java.util.concurrent.ThreadPoolExecutor$Worker@78bd30d7[State = -1, empty queue]] WARN  server.GrpcLogAppender (GrpcLogAppender.java:timeoutAppendRequest(200)) - 8bc19c34-ed99-4952-a694-bf62b7894053@group-815FDE6FCAD8->f44a2839-6f6e-45eb-9e76-f53daf5fe8b6-GrpcLogAppender: appendEntries Timeout, request=8bc19c34-ed99-4952-a694-bf62b7894053->f44a2839-6f6e-45eb-9e76-f53daf5fe8b6#61-t1, previous=(t:1, i:11), leaderCommit=6, initializing? false, entries: <empty>
2019-09-11 20:01:07,585 [org.apache.ratis.server.impl.LogAppender$AppenderDaemon$$Lambda$513/1740195529@329fb36f] ERROR ratis.XceiverServerRatis (XceiverServerRatis.java:triggerPipelineClose(568)) - pipeline Action CLOSE  on pipeline PipelineID=14a294df-f6cd-45c4-a05c-815fde6fcad8.Reason : 8bc19c34-ed99-4952-a694-bf62b7894053 has not seen follower/s f44a2839-6f6e-45eb-9e76-f53daf5fe8b6 for 125899ms 24ad807e-6d45-451f-a21b-d43dbe93db59 for 125900ms
2019-09-11 20:01:07,585 [org.apache.ratis.server.impl.LogAppender$AppenderDaemon$$Lambda$513/1740195529@16de7a74] ERROR ratis.XceiverServerRatis (XceiverServerRatis.java:triggerPipelineClose(568)) - pipeline Action CLOSE  on pipeline PipelineID=14a294df-f6cd-45c4-a05c-815fde6fcad8.Reason : 8bc19c34-ed99-4952-a694-bf62b7894053 has not seen follower/s f44a2839-6f6e-45eb-9e76-f53daf5fe8b6 for 125899ms 24ad807e-6d45-451f-a21b-d43dbe93db59 for 125900ms
2019-09-11 20:01:08,083 [EventQueue-PipelineActionsForPipelineActionHandler] ERROR pipeline.PipelineActionHandler (PipelineActionHandler.java:onMessage(60)) - Received pipeline action CLOSE for Pipeline[ Id: 14a294df-f6cd-45c4-a05c-815fde6fcad8, Nodes: 8bc19c34-ed99-4952-a694-bf62b7894053{ip: 192.168.36.83, host: pr-hdds-2096-jg2tg-1247294052, networkLocation: /default-rack, certSerialId: null}f44a2839-6f6e-45eb-9e76-f53daf5fe8b6{ip: 192.168.36.83, host: pr-hdds-2096-jg2tg-1247294052, networkLocation: /default-rack, certSerialId: null}24ad807e-6d45-451f-a21b-d43dbe93db59{ip: 192.168.36.83, host: pr-hdds-2096-jg2tg-1247294052, networkLocation: /default-rack, certSerialId: null}, Type:RATIS, Factor:THREE, State:CLOSED] from datanode 8bc19c34-ed99-4952-a694-bf62b7894053{ip: 192.168.36.83, host: pr-hdds-2096-jg2tg-1247294052, networkLocation: /default-rack, certSerialId: null}. Reason : 8bc19c34-ed99-4952-a694-bf62b7894053 has not seen follower/s f44a2839-6f6e-45eb-9e76-f53daf5fe8b6 for 125899ms 24ad807e-6d45-451f-a21b-d43dbe93db59 for 125900ms
2019-09-11 20:01:08,084 [EventQueue-PipelineActionsForPipelineActionHandler] INFO  pipeline.SCMPipelineManager (SCMPipelineManager.java:finalizeAndDestroyPipeline(311)) - destroying pipeline:Pipeline[ Id: 14a294df-f6cd-45c4-a05c-815fde6fcad8, Nodes: 8bc19c34-ed99-4952-a694-bf62b7894053{ip: 192.168.36.83, host: pr-hdds-2096-jg2tg-1247294052, networkLocation: /default-rack, certSerialId: null}f44a2839-6f6e-45eb-9e76-f53daf5fe8b6{ip: 192.168.36.83, host: pr-hdds-2096-jg2tg-1247294052, networkLocation: /default-rack, certSerialId: null}24ad807e-6d45-451f-a21b-d43dbe93db59{ip: 192.168.36.83, host: pr-hdds-2096-jg2tg-1247294052, networkLocation: /default-rack, certSerialId: null}, Type:RATIS, Factor:THREE, State:CLOSED]
2019-09-11 20:01:08,085 [java.util.concurrent.ThreadPoolExecutor$Worker@78bd30d7[State = -1, empty queue]] WARN  server.GrpcLogAppender (GrpcLogAppender.java:timeoutAppendRequest(200)) - 8bc19c34-ed99-4952-a694-bf62b7894053@group-815FDE6FCAD8->f44a2839-6f6e-45eb-9e76-f53daf5fe8b6-GrpcLogAppender: appendEntries Timeout, request=8bc19c34-ed99-4952-a694-bf62b7894053->f44a2839-6f6e-45eb-9e76-f53daf5fe8b6#62-t1, previous=(t:1, i:11), leaderCommit=6, initializing? false, entries: size=1, first=(t:1, i:12), STATEMACHINELOGENTRY, client-5042AFDAC174, cid=2
2019-09-11 20:01:08,085 [java.util.concurrent.ThreadPoolExecutor$Worker@28769ca6[State = -1, empty queue]] WARN  server.GrpcLogAppender (GrpcLogAppender.java:timeoutAppendRequest(200)) - 8bc19c34-ed99-4952-a694-bf62b7894053@group-815FDE6FCAD8->24ad807e-6d45-451f-a21b-d43dbe93db59-GrpcLogAppender: appendEntries Timeout, request=8bc19c34-ed99-4952-a694-bf62b7894053->24ad807e-6d45-451f-a21b-d43dbe93db59#62-t1, previous=(t:1, i:11), leaderCommit=6, initializing? false, entries: size=1, first=(t:1, i:12), STATEMACHINELOGENTRY, client-5042AFDAC174, cid=2
2019-09-11 20:01:08,583 [grpc-default-executor-2] INFO  client.GrpcClientProtocolClient (GrpcClientProtocolClient.java:onNext(264)) - client-7CA8507644EA->f44a2839-6f6e-45eb-9e76-f53daf5fe8b6: receive RaftClientReply:client-7CA8507644EA->f44a2839-6f6e-45eb-9e76-f53daf5fe8b6@group-815FDE6FCAD8, cid=16, FAILED org.apache.ratis.protocol.NotLeaderException: Server f44a2839-6f6e-45eb-9e76-f53daf5fe8b6@group-815FDE6FCAD8 is not the leader 8bc19c34-ed99-4952-a694-bf62b7894053:192.168.36.83:44276, logIndex=0, commits[f44a2839-6f6e-45eb-9e76-f53daf5fe8b6:c6, 24ad807e-6d45-451f-a21b-d43dbe93db59:c4, 8bc19c34-ed99-4952-a694-bf62b7894053:c6]
2019-09-11 20:01:10,086 [org.apache.ratis.server.impl.LogAppender$AppenderDaemon$$Lambda$513/1740195529@329fb36f] ERROR ratis.XceiverServerRatis (XceiverServerRatis.java:triggerPipelineClose(568)) - pipeline Action CLOSE  on pipeline PipelineID=14a294df-f6cd-45c4-a05c-815fde6fcad8.Reason : 8bc19c34-ed99-4952-a694-bf62b7894053 has not seen follower/s f44a2839-6f6e-45eb-9e76-f53daf5fe8b6 for 128400ms 24ad807e-6d45-451f-a21b-d43dbe93db59 for 128400ms
2019-09-11 20:01:10,086 [org.apache.ratis.server.impl.LogAppender$AppenderDaemon$$Lambda$513/1740195529@16de7a74] ERROR ratis.XceiverServerRatis (XceiverServerRatis.java:triggerPipelineClose(568)) - pipeline Action CLOSE  on pipeline PipelineID=14a294df-f6cd-45c4-a05c-815fde6fcad8.Reason : 8bc19c34-ed99-4952-a694-bf62b7894053 has not seen follower/s f44a2839-6f6e-45eb-9e76-f53daf5fe8b6 for 128400ms 24ad807e-6d45-451f-a21b-d43dbe93db59 for 128400ms
2019-09-11 20:01:10,585 [java.util.concurrent.ThreadPoolExecutor$Worker@78bd30d7[State = -1, empty queue]] WARN  server.GrpcLogAppender (GrpcLogAppender.java:timeoutAppendRequest(200)) - 8bc19c34-ed99-4952-a694-bf62b7894053@group-815FDE6FCAD8->f44a2839-6f6e-45eb-9e76-f53daf5fe8b6-GrpcLogAppender: appendEntries Timeout, request=8bc19c34-ed99-4952-a694-bf62b7894053->f44a2839-6f6e-45eb-9e76-f53daf5fe8b6#63-t1, previous=(t:1, i:12), leaderCommit=6, initializing? false, entries: <empty>
2019-09-11 20:01:10,585 [java.util.concurrent.ThreadPoolExecutor$Worker@28769ca6[State = -1, empty queue]] WARN  server.GrpcLogAppender (GrpcLogAppender.java:timeoutAppendRequest(200)) - 8bc19c34-ed99-4952-a694-bf62b7894053@group-815FDE6FCAD8->24ad807e-6d45-451f-a21b-d43dbe93db59-GrpcLogAppender: appendEntries Timeout, request=8bc19c34-ed99-4952-a694-bf62b7894053->24ad807e-6d45-451f-a21b-d43dbe93db59#63-t1, previous=(t:1, i:12), leaderCommit=6, initializing? false, entries: <empty>
2019-09-11 20:01:11,087 [EventQueue-PipelineActionsForPipelineActionHandler] ERROR pipeline.PipelineActionHandler (PipelineActionHandler.java:onMessage(60)) - Received pipeline action CLOSE for Pipeline[ Id: 14a294df-f6cd-45c4-a05c-815fde6fcad8, Nodes: 8bc19c34-ed99-4952-a694-bf62b7894053{ip: 192.168.36.83, host: pr-hdds-2096-jg2tg-1247294052, networkLocation: /default-rack, certSerialId: null}f44a2839-6f6e-45eb-9e76-f53daf5fe8b6{ip: 192.168.36.83, host: pr-hdds-2096-jg2tg-1247294052, networkLocation: /default-rack, certSerialId: null}24ad807e-6d45-451f-a21b-d43dbe93db59{ip: 192.168.36.83, host: pr-hdds-2096-jg2tg-1247294052, networkLocation: /default-rack, certSerialId: null}, Type:RATIS, Factor:THREE, State:CLOSED] from datanode 8bc19c34-ed99-4952-a694-bf62b7894053{ip: 192.168.36.83, host: pr-hdds-2096-jg2tg-1247294052, networkLocation: /default-rack, certSerialId: null}. Reason : 8bc19c34-ed99-4952-a694-bf62b7894053 has not seen follower/s f44a2839-6f6e-45eb-9e76-f53daf5fe8b6 for 128400ms 24ad807e-6d45-451f-a21b-d43dbe93db59 for 128400ms
2019-09-11 20:01:11,087 [EventQueue-PipelineActionsForPipelineActionHandler] INFO  pipeline.SCMPipelineManager (SCMPipelineManager.java:finalizeAndDestroyPipeline(311)) - destroying pipeline:Pipeline[ Id: 14a294df-f6cd-45c4-a05c-815fde6fcad8, Nodes: 8bc19c34-ed99-4952-a694-bf62b7894053{ip: 192.168.36.83, host: pr-hdds-2096-jg2tg-1247294052, networkLocation: /default-rack, certSerialId: null}f44a2839-6f6e-45eb-9e76-f53daf5fe8b6{ip: 192.168.36.83, host: pr-hdds-2096-jg2tg-1247294052, networkLocation: /default-rack, certSerialId: null}24ad807e-6d45-451f-a21b-d43dbe93db59{ip: 192.168.36.83, host: pr-hdds-2096-jg2tg-1247294052, networkLocation: /default-rack, certSerialId: null}, Type:RATIS, Factor:THREE, State:CLOSED]
2019-09-11 20:01:11,990 [8bc19c34-ed99-4952-a694-bf62b7894053@group-815FDE6FCAD8-SegmentedRaftLogWorker] WARN  segmented.SegmentedRaftLogWorker (SegmentedRaftLogWorker.java:getFromFuture(90)) - Timeout 12/~
org.apache.ratis.protocol.TimeoutIOException: Timeout 10s: WriteLog:7: (t:1, i:7), STATEMACHINELOGENTRY, client-7CA8507644EA, cid=16-writeStateMachineData
	at org.apache.ratis.util.IOUtils.getFromFuture(IOUtils.java:87)
	at org.apache.ratis.server.raftlog.segmented.SegmentedRaftLogWorker$StateMachineDataPolicy.getFromFuture(SegmentedRaftLogWorker.java:87)
	at org.apache.ratis.server.raftlog.segmented.SegmentedRaftLogWorker$WriteLog.execute(SegmentedRaftLogWorker.java:477)
	at org.apache.ratis.server.raftlog.segmented.SegmentedRaftLogWorker.run(SegmentedRaftLogWorker.java:289)
	at java.lang.Thread.run(Thread.java:748)
Caused by: java.util.concurrent.TimeoutException
	at java.util.concurrent.CompletableFuture.timedGet(CompletableFuture.java:1771)
	at java.util.concurrent.CompletableFuture.get(CompletableFuture.java:1915)
	at org.apache.ratis.util.IOUtils.getFromFuture(IOUtils.java:79)
	... 4 more
2019-09-11 20:01:12,067 [f44a2839-6f6e-45eb-9e76-f53daf5fe8b6@group-815FDE6FCAD8-SegmentedRaftLogWorker] WARN  segmented.SegmentedRaftLogWorker (SegmentedRaftLogWorker.java:getFromFuture(90)) - Timeout 12/~
org.apache.ratis.protocol.TimeoutIOException: Timeout 10s: WriteLog:8: (t:1, i:8), STATEMACHINELOGENTRY, client-7CA8507644EA, cid=17-writeStateMachineData
	at org.apache.ratis.util.IOUtils.getFromFuture(IOUtils.java:87)
	at org.apache.ratis.server.raftlog.segmented.SegmentedRaftLogWorker$StateMachineDataPolicy.getFromFuture(SegmentedRaftLogWorker.java:87)
	at org.apache.ratis.server.raftlog.segmented.SegmentedRaftLogWorker$WriteLog.execute(SegmentedRaftLogWorker.java:477)
	at org.apache.ratis.server.raftlog.segmented.SegmentedRaftLogWorker.run(SegmentedRaftLogWorker.java:289)
	at java.lang.Thread.run(Thread.java:748)
Caused by: java.util.concurrent.TimeoutException
	at java.util.concurrent.CompletableFuture.timedGet(CompletableFuture.java:1771)
	at java.util.concurrent.CompletableFuture.get(CompletableFuture.java:1915)
	at org.apache.ratis.util.IOUtils.getFromFuture(IOUtils.java:79)
	... 4 more
2019-09-11 20:01:12,070 [24ad807e-6d45-451f-a21b-d43dbe93db59@group-815FDE6FCAD8-SegmentedRaftLogWorker] WARN  segmented.SegmentedRaftLogWorker (SegmentedRaftLogWorker.java:getFromFuture(90)) - Timeout 12/~
org.apache.ratis.protocol.TimeoutIOException: Timeout 10s: WriteLog:8: (t:1, i:8), STATEMACHINELOGENTRY, client-7CA8507644EA, cid=17-writeStateMachineData
	at org.apache.ratis.util.IOUtils.getFromFuture(IOUtils.java:87)
	at org.apache.ratis.server.raftlog.segmented.SegmentedRaftLogWorker$StateMachineDataPolicy.getFromFuture(SegmentedRaftLogWorker.java:87)
	at org.apache.ratis.server.raftlog.segmented.SegmentedRaftLogWorker$WriteLog.execute(SegmentedRaftLogWorker.java:477)
	at org.apache.ratis.server.raftlog.segmented.SegmentedRaftLogWorker.run(SegmentedRaftLogWorker.java:289)
	at java.lang.Thread.run(Thread.java:748)
Caused by: java.util.concurrent.TimeoutException
	at java.util.concurrent.CompletableFuture.timedGet(CompletableFuture.java:1771)
	at java.util.concurrent.CompletableFuture.get(CompletableFuture.java:1915)
	at org.apache.ratis.util.IOUtils.getFromFuture(IOUtils.java:79)
	... 4 more
2019-09-11 20:01:12,587 [org.apache.ratis.server.impl.LogAppender$AppenderDaemon$$Lambda$513/1740195529@329fb36f] ERROR ratis.XceiverServerRatis (XceiverServerRatis.java:triggerPipelineClose(568)) - pipeline Action CLOSE  on pipeline PipelineID=14a294df-f6cd-45c4-a05c-815fde6fcad8.Reason : 8bc19c34-ed99-4952-a694-bf62b7894053 has not seen follower/s f44a2839-6f6e-45eb-9e76-f53daf5fe8b6 for 130901ms 24ad807e-6d45-451f-a21b-d43dbe93db59 for 130902ms
2019-09-11 20:01:12,587 [org.apache.ratis.server.impl.LogAppender$AppenderDaemon$$Lambda$513/1740195529@16de7a74] ERROR ratis.XceiverServerRatis (XceiverServerRatis.java:triggerPipelineClose(568)) - pipeline Action CLOSE  on pipeline PipelineID=14a294df-f6cd-45c4-a05c-815fde6fcad8.Reason : 8bc19c34-ed99-4952-a694-bf62b7894053 has not seen follower/s f44a2839-6f6e-45eb-9e76-f53daf5fe8b6 for 130901ms 24ad807e-6d45-451f-a21b-d43dbe93db59 for 130902ms
2019-09-11 20:01:13,084 [EventQueue-PipelineActionsForPipelineActionHandler] ERROR pipeline.PipelineActionHandler (PipelineActionHandler.java:onMessage(60)) - Received pipeline action CLOSE for Pipeline[ Id: 14a294df-f6cd-45c4-a05c-815fde6fcad8, Nodes: 8bc19c34-ed99-4952-a694-bf62b7894053{ip: 192.168.36.83, host: pr-hdds-2096-jg2tg-1247294052, networkLocation: /default-rack, certSerialId: null}f44a2839-6f6e-45eb-9e76-f53daf5fe8b6{ip: 192.168.36.83, host: pr-hdds-2096-jg2tg-1247294052, networkLocation: /default-rack, certSerialId: null}24ad807e-6d45-451f-a21b-d43dbe93db59{ip: 192.168.36.83, host: pr-hdds-2096-jg2tg-1247294052, networkLocation: /default-rack, certSerialId: null}, Type:RATIS, Factor:THREE, State:CLOSED] from datanode 8bc19c34-ed99-4952-a694-bf62b7894053{ip: 192.168.36.83, host: pr-hdds-2096-jg2tg-1247294052, networkLocation: /default-rack, certSerialId: null}. Reason : 8bc19c34-ed99-4952-a694-bf62b7894053 has not seen follower/s f44a2839-6f6e-45eb-9e76-f53daf5fe8b6 for 130901ms 24ad807e-6d45-451f-a21b-d43dbe93db59 for 130902ms
2019-09-11 20:01:13,084 [EventQueue-PipelineActionsForPipelineActionHandler] INFO  pipeline.SCMPipelineManager (SCMPipelineManager.java:finalizeAndDestroyPipeline(311)) - destroying pipeline:Pipeline[ Id: 14a294df-f6cd-45c4-a05c-815fde6fcad8, Nodes: 8bc19c34-ed99-4952-a694-bf62b7894053{ip: 192.168.36.83, host: pr-hdds-2096-jg2tg-1247294052, networkLocation: /default-rack, certSerialId: null}f44a2839-6f6e-45eb-9e76-f53daf5fe8b6{ip: 192.168.36.83, host: pr-hdds-2096-jg2tg-1247294052, networkLocation: /default-rack, certSerialId: null}24ad807e-6d45-451f-a21b-d43dbe93db59{ip: 192.168.36.83, host: pr-hdds-2096-jg2tg-1247294052, networkLocation: /default-rack, certSerialId: null}, Type:RATIS, Factor:THREE, State:CLOSED]
2019-09-11 20:01:13,086 [java.util.concurrent.ThreadPoolExecutor$Worker@78bd30d7[State = -1, empty queue]] WARN  server.GrpcLogAppender (GrpcLogAppender.java:timeoutAppendRequest(200)) - 8bc19c34-ed99-4952-a694-bf62b7894053@group-815FDE6FCAD8->f44a2839-6f6e-45eb-9e76-f53daf5fe8b6-GrpcLogAppender: appendEntries Timeout, request=8bc19c34-ed99-4952-a694-bf62b7894053->f44a2839-6f6e-45eb-9e76-f53daf5fe8b6#64-t1, previous=(t:1, i:12), leaderCommit=6, initializing? false, entries: <empty>
2019-09-11 20:01:13,086 [java.util.concurrent.ThreadPoolExecutor$Worker@28769ca6[State = -1, empty queue]] WARN  server.GrpcLogAppender (GrpcLogAppender.java:timeoutAppendRequest(200)) - 8bc19c34-ed99-4952-a694-bf62b7894053@group-815FDE6FCAD8->24ad807e-6d45-451f-a21b-d43dbe93db59-GrpcLogAppender: appendEntries Timeout, request=8bc19c34-ed99-4952-a694-bf62b7894053->24ad807e-6d45-451f-a21b-d43dbe93db59#64-t1, previous=(t:1, i:12), leaderCommit=6, initializing? false, entries: <empty>
2019-09-11 20:01:13,634 [grpc-default-executor-2] INFO  client.GrpcClientProtocolClient (GrpcClientProtocolClient.java:onNext(264)) - client-7CA8507644EA->f44a2839-6f6e-45eb-9e76-f53daf5fe8b6: receive RaftClientReply:client-7CA8507644EA->f44a2839-6f6e-45eb-9e76-f53daf5fe8b6@group-815FDE6FCAD8, cid=16, FAILED org.apache.ratis.protocol.NotLeaderException: Server f44a2839-6f6e-45eb-9e76-f53daf5fe8b6@group-815FDE6FCAD8 is not the leader 8bc19c34-ed99-4952-a694-bf62b7894053:192.168.36.83:44276, logIndex=0, commits[f44a2839-6f6e-45eb-9e76-f53daf5fe8b6:c6, 24ad807e-6d45-451f-a21b-d43dbe93db59:c4, 8bc19c34-ed99-4952-a694-bf62b7894053:c6]
2019-09-11 20:01:15,089 [org.apache.ratis.server.impl.LogAppender$AppenderDaemon$$Lambda$513/1740195529@16de7a74] ERROR ratis.XceiverServerRatis (XceiverServerRatis.java:triggerPipelineClose(568)) - pipeline Action CLOSE  on pipeline PipelineID=14a294df-f6cd-45c4-a05c-815fde6fcad8.Reason : 8bc19c34-ed99-4952-a694-bf62b7894053 has not seen follower/s f44a2839-6f6e-45eb-9e76-f53daf5fe8b6 for 133402ms 24ad807e-6d45-451f-a21b-d43dbe93db59 for 133403ms
2019-09-11 20:01:15,089 [org.apache.ratis.server.impl.LogAppender$AppenderDaemon$$Lambda$513/1740195529@329fb36f] ERROR ratis.XceiverServerRatis (XceiverServerRatis.java:triggerPipelineClose(568)) - pipeline Action CLOSE  on pipeline PipelineID=14a294df-f6cd-45c4-a05c-815fde6fcad8.Reason : 8bc19c34-ed99-4952-a694-bf62b7894053 has not seen follower/s f44a2839-6f6e-45eb-9e76-f53daf5fe8b6 for 133402ms 24ad807e-6d45-451f-a21b-d43dbe93db59 for 133403ms
2019-09-11 20:01:15,587 [java.util.concurrent.ThreadPoolExecutor$Worker@28769ca6[State = -1, empty queue]] WARN  server.GrpcLogAppender (GrpcLogAppender.java:timeoutAppendRequest(200)) - 8bc19c34-ed99-4952-a694-bf62b7894053@group-815FDE6FCAD8->24ad807e-6d45-451f-a21b-d43dbe93db59-GrpcLogAppender: appendEntries Timeout, request=8bc19c34-ed99-4952-a694-bf62b7894053->24ad807e-6d45-451f-a21b-d43dbe93db59#65-t1, previous=(t:1, i:12), leaderCommit=6, initializing? false, entries: <empty>
2019-09-11 20:01:15,587 [java.util.concurrent.ThreadPoolExecutor$Worker@78bd30d7[State = -1, empty queue]] WARN  server.GrpcLogAppender (GrpcLogAppender.java:timeoutAppendRequest(200)) - 8bc19c34-ed99-4952-a694-bf62b7894053@group-815FDE6FCAD8->f44a2839-6f6e-45eb-9e76-f53daf5fe8b6-GrpcLogAppender: appendEntries Timeout, request=8bc19c34-ed99-4952-a694-bf62b7894053->f44a2839-6f6e-45eb-9e76-f53daf5fe8b6#65-t1, previous=(t:1, i:12), leaderCommit=6, initializing? false, entries: <empty>
2019-09-11 20:01:16,084 [EventQueue-PipelineActionsForPipelineActionHandler] ERROR pipeline.PipelineActionHandler (PipelineActionHandler.java:onMessage(60)) - Received pipeline action CLOSE for Pipeline[ Id: 14a294df-f6cd-45c4-a05c-815fde6fcad8, Nodes: 8bc19c34-ed99-4952-a694-bf62b7894053{ip: 192.168.36.83, host: pr-hdds-2096-jg2tg-1247294052, networkLocation: /default-rack, certSerialId: null}f44a2839-6f6e-45eb-9e76-f53daf5fe8b6{ip: 192.168.36.83, host: pr-hdds-2096-jg2tg-1247294052, networkLocation: /default-rack, certSerialId: null}24ad807e-6d45-451f-a21b-d43dbe93db59{ip: 192.168.36.83, host: pr-hdds-2096-jg2tg-1247294052, networkLocation: /default-rack, certSerialId: null}, Type:RATIS, Factor:THREE, State:CLOSED] from datanode 8bc19c34-ed99-4952-a694-bf62b7894053{ip: 192.168.36.83, host: pr-hdds-2096-jg2tg-1247294052, networkLocation: /default-rack, certSerialId: null}. Reason : 8bc19c34-ed99-4952-a694-bf62b7894053 has not seen follower/s f44a2839-6f6e-45eb-9e76-f53daf5fe8b6 for 133402ms 24ad807e-6d45-451f-a21b-d43dbe93db59 for 133403ms
2019-09-11 20:01:16,085 [EventQueue-PipelineActionsForPipelineActionHandler] INFO  pipeline.SCMPipelineManager (SCMPipelineManager.java:finalizeAndDestroyPipeline(311)) - destroying pipeline:Pipeline[ Id: 14a294df-f6cd-45c4-a05c-815fde6fcad8, Nodes: 8bc19c34-ed99-4952-a694-bf62b7894053{ip: 192.168.36.83, host: pr-hdds-2096-jg2tg-1247294052, networkLocation: /default-rack, certSerialId: null}f44a2839-6f6e-45eb-9e76-f53daf5fe8b6{ip: 192.168.36.83, host: pr-hdds-2096-jg2tg-1247294052, networkLocation: /default-rack, certSerialId: null}24ad807e-6d45-451f-a21b-d43dbe93db59{ip: 192.168.36.83, host: pr-hdds-2096-jg2tg-1247294052, networkLocation: /default-rack, certSerialId: null}, Type:RATIS, Factor:THREE, State:CLOSED]
2019-09-11 20:01:17,590 [org.apache.ratis.server.impl.LogAppender$AppenderDaemon$$Lambda$513/1740195529@16de7a74] ERROR ratis.XceiverServerRatis (XceiverServerRatis.java:triggerPipelineClose(568)) - pipeline Action CLOSE  on pipeline PipelineID=14a294df-f6cd-45c4-a05c-815fde6fcad8.Reason : 8bc19c34-ed99-4952-a694-bf62b7894053 has not seen follower/s f44a2839-6f6e-45eb-9e76-f53daf5fe8b6 for 135904ms 24ad807e-6d45-451f-a21b-d43dbe93db59 for 135904ms
2019-09-11 20:01:17,590 [org.apache.ratis.server.impl.LogAppender$AppenderDaemon$$Lambda$513/1740195529@329fb36f] ERROR ratis.XceiverServerRatis (XceiverServerRatis.java:triggerPipelineClose(568)) - pipeline Action CLOSE  on pipeline PipelineID=14a294df-f6cd-45c4-a05c-815fde6fcad8.Reason : 8bc19c34-ed99-4952-a694-bf62b7894053 has not seen follower/s f44a2839-6f6e-45eb-9e76-f53daf5fe8b6 for 135904ms 24ad807e-6d45-451f-a21b-d43dbe93db59 for 135904ms
2019-09-11 20:01:18,084 [EventQueue-PipelineActionsForPipelineActionHandler] ERROR pipeline.PipelineActionHandler (PipelineActionHandler.java:onMessage(60)) - Received pipeline action CLOSE for Pipeline[ Id: 14a294df-f6cd-45c4-a05c-815fde6fcad8, Nodes: 8bc19c34-ed99-4952-a694-bf62b7894053{ip: 192.168.36.83, host: pr-hdds-2096-jg2tg-1247294052, networkLocation: /default-rack, certSerialId: null}f44a2839-6f6e-45eb-9e76-f53daf5fe8b6{ip: 192.168.36.83, host: pr-hdds-2096-jg2tg-1247294052, networkLocation: /default-rack, certSerialId: null}24ad807e-6d45-451f-a21b-d43dbe93db59{ip: 192.168.36.83, host: pr-hdds-2096-jg2tg-1247294052, networkLocation: /default-rack, certSerialId: null}, Type:RATIS, Factor:THREE, State:CLOSED] from datanode 8bc19c34-ed99-4952-a694-bf62b7894053{ip: 192.168.36.83, host: pr-hdds-2096-jg2tg-1247294052, networkLocation: /default-rack, certSerialId: null}. Reason : 8bc19c34-ed99-4952-a694-bf62b7894053 has not seen follower/s f44a2839-6f6e-45eb-9e76-f53daf5fe8b6 for 135904ms 24ad807e-6d45-451f-a21b-d43dbe93db59 for 135904ms
2019-09-11 20:01:18,085 [EventQueue-PipelineActionsForPipelineActionHandler] INFO  pipeline.SCMPipelineManager (SCMPipelineManager.java:finalizeAndDestroyPipeline(311)) - destroying pipeline:Pipeline[ Id: 14a294df-f6cd-45c4-a05c-815fde6fcad8, Nodes: 8bc19c34-ed99-4952-a694-bf62b7894053{ip: 192.168.36.83, host: pr-hdds-2096-jg2tg-1247294052, networkLocation: /default-rack, certSerialId: null}f44a2839-6f6e-45eb-9e76-f53daf5fe8b6{ip: 192.168.36.83, host: pr-hdds-2096-jg2tg-1247294052, networkLocation: /default-rack, certSerialId: null}24ad807e-6d45-451f-a21b-d43dbe93db59{ip: 192.168.36.83, host: pr-hdds-2096-jg2tg-1247294052, networkLocation: /default-rack, certSerialId: null}, Type:RATIS, Factor:THREE, State:CLOSED]
2019-09-11 20:01:18,089 [java.util.concurrent.ThreadPoolExecutor$Worker@28769ca6[State = -1, empty queue]] WARN  server.GrpcLogAppender (GrpcLogAppender.java:timeoutAppendRequest(200)) - 8bc19c34-ed99-4952-a694-bf62b7894053@group-815FDE6FCAD8->24ad807e-6d45-451f-a21b-d43dbe93db59-GrpcLogAppender: appendEntries Timeout, request=8bc19c34-ed99-4952-a694-bf62b7894053->24ad807e-6d45-451f-a21b-d43dbe93db59#66-t1, previous=(t:1, i:12), leaderCommit=6, initializing? false, entries: <empty>
2019-09-11 20:01:18,089 [java.util.concurrent.ThreadPoolExecutor$Worker@78bd30d7[State = -1, empty queue]] WARN  server.GrpcLogAppender (GrpcLogAppender.java:timeoutAppendRequest(200)) - 8bc19c34-ed99-4952-a694-bf62b7894053@group-815FDE6FCAD8->f44a2839-6f6e-45eb-9e76-f53daf5fe8b6-GrpcLogAppender: appendEntries Timeout, request=8bc19c34-ed99-4952-a694-bf62b7894053->f44a2839-6f6e-45eb-9e76-f53daf5fe8b6#66-t1, previous=(t:1, i:12), leaderCommit=6, initializing? false, entries: <empty>
2019-09-11 20:01:18,696 [grpc-default-executor-2] INFO  client.GrpcClientProtocolClient (GrpcClientProtocolClient.java:onNext(264)) - client-7CA8507644EA->f44a2839-6f6e-45eb-9e76-f53daf5fe8b6: receive RaftClientReply:client-7CA8507644EA->f44a2839-6f6e-45eb-9e76-f53daf5fe8b6@group-815FDE6FCAD8, cid=16, FAILED org.apache.ratis.protocol.NotLeaderException: Server f44a2839-6f6e-45eb-9e76-f53daf5fe8b6@group-815FDE6FCAD8 is not the leader 8bc19c34-ed99-4952-a694-bf62b7894053:192.168.36.83:44276, logIndex=0, commits[f44a2839-6f6e-45eb-9e76-f53daf5fe8b6:c6, 24ad807e-6d45-451f-a21b-d43dbe93db59:c4, 8bc19c34-ed99-4952-a694-bf62b7894053:c6]
2019-09-11 20:01:20,091 [org.apache.ratis.server.impl.LogAppender$AppenderDaemon$$Lambda$513/1740195529@329fb36f] ERROR ratis.XceiverServerRatis (XceiverServerRatis.java:triggerPipelineClose(568)) - pipeline Action CLOSE  on pipeline PipelineID=14a294df-f6cd-45c4-a05c-815fde6fcad8.Reason : 8bc19c34-ed99-4952-a694-bf62b7894053 has not seen follower/s f44a2839-6f6e-45eb-9e76-f53daf5fe8b6 for 138405ms 24ad807e-6d45-451f-a21b-d43dbe93db59 for 138405ms
2019-09-11 20:01:20,091 [org.apache.ratis.server.impl.LogAppender$AppenderDaemon$$Lambda$513/1740195529@16de7a74] ERROR ratis.XceiverServerRatis (XceiverServerRatis.java:triggerPipelineClose(568)) - pipeline Action CLOSE  on pipeline PipelineID=14a294df-f6cd-45c4-a05c-815fde6fcad8.Reason : 8bc19c34-ed99-4952-a694-bf62b7894053 has not seen follower/s f44a2839-6f6e-45eb-9e76-f53daf5fe8b6 for 138405ms 24ad807e-6d45-451f-a21b-d43dbe93db59 for 138405ms
2019-09-11 20:01:20,590 [java.util.concurrent.ThreadPoolExecutor$Worker@28769ca6[State = -1, empty queue]] WARN  server.GrpcLogAppender (GrpcLogAppender.java:timeoutAppendRequest(200)) - 8bc19c34-ed99-4952-a694-bf62b7894053@group-815FDE6FCAD8->24ad807e-6d45-451f-a21b-d43dbe93db59-GrpcLogAppender: appendEntries Timeout, request=8bc19c34-ed99-4952-a694-bf62b7894053->24ad807e-6d45-451f-a21b-d43dbe93db59#67-t1, previous=(t:1, i:12), leaderCommit=6, initializing? false, entries: <empty>
2019-09-11 20:01:20,590 [java.util.concurrent.ThreadPoolExecutor$Worker@78bd30d7[State = -1, empty queue]] WARN  server.GrpcLogAppender (GrpcLogAppender.java:timeoutAppendRequest(200)) - 8bc19c34-ed99-4952-a694-bf62b7894053@group-815FDE6FCAD8->f44a2839-6f6e-45eb-9e76-f53daf5fe8b6-GrpcLogAppender: appendEntries Timeout, request=8bc19c34-ed99-4952-a694-bf62b7894053->f44a2839-6f6e-45eb-9e76-f53daf5fe8b6#67-t1, previous=(t:1, i:12), leaderCommit=6, initializing? false, entries: <empty>
2019-09-11 20:01:21,085 [EventQueue-PipelineActionsForPipelineActionHandler] ERROR pipeline.PipelineActionHandler (PipelineActionHandler.java:onMessage(60)) - Received pipeline action CLOSE for Pipeline[ Id: 14a294df-f6cd-45c4-a05c-815fde6fcad8, Nodes: 8bc19c34-ed99-4952-a694-bf62b7894053{ip: 192.168.36.83, host: pr-hdds-2096-jg2tg-1247294052, networkLocation: /default-rack, certSerialId: null}f44a2839-6f6e-45eb-9e76-f53daf5fe8b6{ip: 192.168.36.83, host: pr-hdds-2096-jg2tg-1247294052, networkLocation: /default-rack, certSerialId: null}24ad807e-6d45-451f-a21b-d43dbe93db59{ip: 192.168.36.83, host: pr-hdds-2096-jg2tg-1247294052, networkLocation: /default-rack, certSerialId: null}, Type:RATIS, Factor:THREE, State:CLOSED] from datanode 8bc19c34-ed99-4952-a694-bf62b7894053{ip: 192.168.36.83, host: pr-hdds-2096-jg2tg-1247294052, networkLocation: /default-rack, certSerialId: null}. Reason : 8bc19c34-ed99-4952-a694-bf62b7894053 has not seen follower/s f44a2839-6f6e-45eb-9e76-f53daf5fe8b6 for 138405ms 24ad807e-6d45-451f-a21b-d43dbe93db59 for 138405ms
2019-09-11 20:01:21,085 [EventQueue-PipelineActionsForPipelineActionHandler] INFO  pipeline.SCMPipelineManager (SCMPipelineManager.java:finalizeAndDestroyPipeline(311)) - destroying pipeline:Pipeline[ Id: 14a294df-f6cd-45c4-a05c-815fde6fcad8, Nodes: 8bc19c34-ed99-4952-a694-bf62b7894053{ip: 192.168.36.83, host: pr-hdds-2096-jg2tg-1247294052, networkLocation: /default-rack, certSerialId: null}f44a2839-6f6e-45eb-9e76-f53daf5fe8b6{ip: 192.168.36.83, host: pr-hdds-2096-jg2tg-1247294052, networkLocation: /default-rack, certSerialId: null}24ad807e-6d45-451f-a21b-d43dbe93db59{ip: 192.168.36.83, host: pr-hdds-2096-jg2tg-1247294052, networkLocation: /default-rack, certSerialId: null}, Type:RATIS, Factor:THREE, State:CLOSED]
2019-09-11 20:01:21,994 [8bc19c34-ed99-4952-a694-bf62b7894053@group-815FDE6FCAD8-SegmentedRaftLogWorker] WARN  segmented.SegmentedRaftLogWorker (SegmentedRaftLogWorker.java:getFromFuture(90)) - Timeout 13/~
org.apache.ratis.protocol.TimeoutIOException: Timeout 10s: WriteLog:7: (t:1, i:7), STATEMACHINELOGENTRY, client-7CA8507644EA, cid=16-writeStateMachineData
	at org.apache.ratis.util.IOUtils.getFromFuture(IOUtils.java:87)
	at org.apache.ratis.server.raftlog.segmented.SegmentedRaftLogWorker$StateMachineDataPolicy.getFromFuture(SegmentedRaftLogWorker.java:87)
	at org.apache.ratis.server.raftlog.segmented.SegmentedRaftLogWorker$WriteLog.execute(SegmentedRaftLogWorker.java:477)
	at org.apache.ratis.server.raftlog.segmented.SegmentedRaftLogWorker.run(SegmentedRaftLogWorker.java:289)
	at java.lang.Thread.run(Thread.java:748)
Caused by: java.util.concurrent.TimeoutException
	at java.util.concurrent.CompletableFuture.timedGet(CompletableFuture.java:1771)
	at java.util.concurrent.CompletableFuture.get(CompletableFuture.java:1915)
	at org.apache.ratis.util.IOUtils.getFromFuture(IOUtils.java:79)
	... 4 more
2019-09-11 20:01:22,070 [f44a2839-6f6e-45eb-9e76-f53daf5fe8b6@group-815FDE6FCAD8-SegmentedRaftLogWorker] WARN  segmented.SegmentedRaftLogWorker (SegmentedRaftLogWorker.java:getFromFuture(90)) - Timeout 13/~
org.apache.ratis.protocol.TimeoutIOException: Timeout 10s: WriteLog:8: (t:1, i:8), STATEMACHINELOGENTRY, client-7CA8507644EA, cid=17-writeStateMachineData
	at org.apache.ratis.util.IOUtils.getFromFuture(IOUtils.java:87)
	at org.apache.ratis.server.raftlog.segmented.SegmentedRaftLogWorker$StateMachineDataPolicy.getFromFuture(SegmentedRaftLogWorker.java:87)
	at org.apache.ratis.server.raftlog.segmented.SegmentedRaftLogWorker$WriteLog.execute(SegmentedRaftLogWorker.java:477)
	at org.apache.ratis.server.raftlog.segmented.SegmentedRaftLogWorker.run(SegmentedRaftLogWorker.java:289)
	at java.lang.Thread.run(Thread.java:748)
Caused by: java.util.concurrent.TimeoutException
	at java.util.concurrent.CompletableFuture.timedGet(CompletableFuture.java:1771)
	at java.util.concurrent.CompletableFuture.get(CompletableFuture.java:1915)
	at org.apache.ratis.util.IOUtils.getFromFuture(IOUtils.java:79)
	... 4 more
2019-09-11 20:01:22,084 [24ad807e-6d45-451f-a21b-d43dbe93db59@group-815FDE6FCAD8-SegmentedRaftLogWorker] WARN  segmented.SegmentedRaftLogWorker (SegmentedRaftLogWorker.java:getFromFuture(90)) - Timeout 13/~
org.apache.ratis.protocol.TimeoutIOException: Timeout 10s: WriteLog:8: (t:1, i:8), STATEMACHINELOGENTRY, client-7CA8507644EA, cid=17-writeStateMachineData
	at org.apache.ratis.util.IOUtils.getFromFuture(IOUtils.java:87)
	at org.apache.ratis.server.raftlog.segmented.SegmentedRaftLogWorker$StateMachineDataPolicy.getFromFuture(SegmentedRaftLogWorker.java:87)
	at org.apache.ratis.server.raftlog.segmented.SegmentedRaftLogWorker$WriteLog.execute(SegmentedRaftLogWorker.java:477)
	at org.apache.ratis.server.raftlog.segmented.SegmentedRaftLogWorker.run(SegmentedRaftLogWorker.java:289)
	at java.lang.Thread.run(Thread.java:748)
Caused by: java.util.concurrent.TimeoutException
	at java.util.concurrent.CompletableFuture.timedGet(CompletableFuture.java:1771)
	at java.util.concurrent.CompletableFuture.get(CompletableFuture.java:1915)
	at org.apache.ratis.util.IOUtils.getFromFuture(IOUtils.java:79)
	... 4 more
2019-09-11 20:01:22,592 [org.apache.ratis.server.impl.LogAppender$AppenderDaemon$$Lambda$513/1740195529@329fb36f] ERROR ratis.XceiverServerRatis (XceiverServerRatis.java:triggerPipelineClose(568)) - pipeline Action CLOSE  on pipeline PipelineID=14a294df-f6cd-45c4-a05c-815fde6fcad8.Reason : 8bc19c34-ed99-4952-a694-bf62b7894053 has not seen follower/s f44a2839-6f6e-45eb-9e76-f53daf5fe8b6 for 140906ms 24ad807e-6d45-451f-a21b-d43dbe93db59 for 140907ms
2019-09-11 20:01:22,592 [org.apache.ratis.server.impl.LogAppender$AppenderDaemon$$Lambda$513/1740195529@16de7a74] ERROR ratis.XceiverServerRatis (XceiverServerRatis.java:triggerPipelineClose(568)) - pipeline Action CLOSE  on pipeline PipelineID=14a294df-f6cd-45c4-a05c-815fde6fcad8.Reason : 8bc19c34-ed99-4952-a694-bf62b7894053 has not seen follower/s f44a2839-6f6e-45eb-9e76-f53daf5fe8b6 for 140906ms 24ad807e-6d45-451f-a21b-d43dbe93db59 for 140907ms
2019-09-11 20:01:23,085 [EventQueue-PipelineActionsForPipelineActionHandler] ERROR pipeline.PipelineActionHandler (PipelineActionHandler.java:onMessage(60)) - Received pipeline action CLOSE for Pipeline[ Id: 14a294df-f6cd-45c4-a05c-815fde6fcad8, Nodes: 8bc19c34-ed99-4952-a694-bf62b7894053{ip: 192.168.36.83, host: pr-hdds-2096-jg2tg-1247294052, networkLocation: /default-rack, certSerialId: null}f44a2839-6f6e-45eb-9e76-f53daf5fe8b6{ip: 192.168.36.83, host: pr-hdds-2096-jg2tg-1247294052, networkLocation: /default-rack, certSerialId: null}24ad807e-6d45-451f-a21b-d43dbe93db59{ip: 192.168.36.83, host: pr-hdds-2096-jg2tg-1247294052, networkLocation: /default-rack, certSerialId: null}, Type:RATIS, Factor:THREE, State:CLOSED] from datanode 8bc19c34-ed99-4952-a694-bf62b7894053{ip: 192.168.36.83, host: pr-hdds-2096-jg2tg-1247294052, networkLocation: /default-rack, certSerialId: null}. Reason : 8bc19c34-ed99-4952-a694-bf62b7894053 has not seen follower/s f44a2839-6f6e-45eb-9e76-f53daf5fe8b6 for 140906ms 24ad807e-6d45-451f-a21b-d43dbe93db59 for 140907ms
2019-09-11 20:01:23,085 [EventQueue-PipelineActionsForPipelineActionHandler] INFO  pipeline.SCMPipelineManager (SCMPipelineManager.java:finalizeAndDestroyPipeline(311)) - destroying pipeline:Pipeline[ Id: 14a294df-f6cd-45c4-a05c-815fde6fcad8, Nodes: 8bc19c34-ed99-4952-a694-bf62b7894053{ip: 192.168.36.83, host: pr-hdds-2096-jg2tg-1247294052, networkLocation: /default-rack, certSerialId: null}f44a2839-6f6e-45eb-9e76-f53daf5fe8b6{ip: 192.168.36.83, host: pr-hdds-2096-jg2tg-1247294052, networkLocation: /default-rack, certSerialId: null}24ad807e-6d45-451f-a21b-d43dbe93db59{ip: 192.168.36.83, host: pr-hdds-2096-jg2tg-1247294052, networkLocation: /default-rack, certSerialId: null}, Type:RATIS, Factor:THREE, State:CLOSED]
2019-09-11 20:01:23,091 [java.util.concurrent.ThreadPoolExecutor$Worker@78bd30d7[State = -1, empty queue]] WARN  server.GrpcLogAppender (GrpcLogAppender.java:timeoutAppendRequest(200)) - 8bc19c34-ed99-4952-a694-bf62b7894053@group-815FDE6FCAD8->f44a2839-6f6e-45eb-9e76-f53daf5fe8b6-GrpcLogAppender: appendEntries Timeout, request=8bc19c34-ed99-4952-a694-bf62b7894053->f44a2839-6f6e-45eb-9e76-f53daf5fe8b6#68-t1, previous=(t:1, i:12), leaderCommit=6, initializing? false, entries: <empty>
2019-09-11 20:01:23,091 [java.util.concurrent.ThreadPoolExecutor$Worker@28769ca6[State = -1, empty queue]] WARN  server.GrpcLogAppender (GrpcLogAppender.java:timeoutAppendRequest(200)) - 8bc19c34-ed99-4952-a694-bf62b7894053@group-815FDE6FCAD8->24ad807e-6d45-451f-a21b-d43dbe93db59-GrpcLogAppender: appendEntries Timeout, request=8bc19c34-ed99-4952-a694-bf62b7894053->24ad807e-6d45-451f-a21b-d43dbe93db59#68-t1, previous=(t:1, i:12), leaderCommit=6, initializing? false, entries: <empty>
2019-09-11 20:01:23,755 [grpc-default-executor-1] INFO  client.GrpcClientProtocolClient (GrpcClientProtocolClient.java:onNext(264)) - client-7CA8507644EA->24ad807e-6d45-451f-a21b-d43dbe93db59: receive RaftClientReply:client-7CA8507644EA->24ad807e-6d45-451f-a21b-d43dbe93db59@group-815FDE6FCAD8, cid=16, FAILED org.apache.ratis.protocol.NotLeaderException: Server 24ad807e-6d45-451f-a21b-d43dbe93db59@group-815FDE6FCAD8 is not the leader 8bc19c34-ed99-4952-a694-bf62b7894053:192.168.36.83:44276, logIndex=0, commits[24ad807e-6d45-451f-a21b-d43dbe93db59:c6, f44a2839-6f6e-45eb-9e76-f53daf5fe8b6:c4, 8bc19c34-ed99-4952-a694-bf62b7894053:c6]
2019-09-11 20:01:25,094 [org.apache.ratis.server.impl.LogAppender$AppenderDaemon$$Lambda$513/1740195529@16de7a74] ERROR ratis.XceiverServerRatis (XceiverServerRatis.java:triggerPipelineClose(568)) - pipeline Action CLOSE  on pipeline PipelineID=14a294df-f6cd-45c4-a05c-815fde6fcad8.Reason : 8bc19c34-ed99-4952-a694-bf62b7894053 has not seen follower/s f44a2839-6f6e-45eb-9e76-f53daf5fe8b6 for 143408ms 24ad807e-6d45-451f-a21b-d43dbe93db59 for 143408ms
2019-09-11 20:01:25,094 [org.apache.ratis.server.impl.LogAppender$AppenderDaemon$$Lambda$513/1740195529@329fb36f] ERROR ratis.XceiverServerRatis (XceiverServerRatis.java:triggerPipelineClose(568)) - pipeline Action CLOSE  on pipeline PipelineID=14a294df-f6cd-45c4-a05c-815fde6fcad8.Reason : 8bc19c34-ed99-4952-a694-bf62b7894053 has not seen follower/s f44a2839-6f6e-45eb-9e76-f53daf5fe8b6 for 143408ms 24ad807e-6d45-451f-a21b-d43dbe93db59 for 143408ms
2019-09-11 20:01:25,592 [java.util.concurrent.ThreadPoolExecutor$Worker@78bd30d7[State = -1, empty queue]] WARN  server.GrpcLogAppender (GrpcLogAppender.java:timeoutAppendRequest(200)) - 8bc19c34-ed99-4952-a694-bf62b7894053@group-815FDE6FCAD8->f44a2839-6f6e-45eb-9e76-f53daf5fe8b6-GrpcLogAppender: appendEntries Timeout, request=8bc19c34-ed99-4952-a694-bf62b7894053->f44a2839-6f6e-45eb-9e76-f53daf5fe8b6#69-t1, previous=(t:1, i:12), leaderCommit=6, initializing? false, entries: <empty>
2019-09-11 20:01:25,592 [java.util.concurrent.ThreadPoolExecutor$Worker@28769ca6[State = -1, empty queue]] WARN  server.GrpcLogAppender (GrpcLogAppender.java:timeoutAppendRequest(200)) - 8bc19c34-ed99-4952-a694-bf62b7894053@group-815FDE6FCAD8->24ad807e-6d45-451f-a21b-d43dbe93db59-GrpcLogAppender: appendEntries Timeout, request=8bc19c34-ed99-4952-a694-bf62b7894053->24ad807e-6d45-451f-a21b-d43dbe93db59#69-t1, previous=(t:1, i:12), leaderCommit=6, initializing? false, entries: <empty>
2019-09-11 20:01:26,085 [EventQueue-PipelineActionsForPipelineActionHandler] ERROR pipeline.PipelineActionHandler (PipelineActionHandler.java:onMessage(60)) - Received pipeline action CLOSE for Pipeline[ Id: 14a294df-f6cd-45c4-a05c-815fde6fcad8, Nodes: 8bc19c34-ed99-4952-a694-bf62b7894053{ip: 192.168.36.83, host: pr-hdds-2096-jg2tg-1247294052, networkLocation: /default-rack, certSerialId: null}f44a2839-6f6e-45eb-9e76-f53daf5fe8b6{ip: 192.168.36.83, host: pr-hdds-2096-jg2tg-1247294052, networkLocation: /default-rack, certSerialId: null}24ad807e-6d45-451f-a21b-d43dbe93db59{ip: 192.168.36.83, host: pr-hdds-2096-jg2tg-1247294052, networkLocation: /default-rack, certSerialId: null}, Type:RATIS, Factor:THREE, State:CLOSED] from datanode 8bc19c34-ed99-4952-a694-bf62b7894053{ip: 192.168.36.83, host: pr-hdds-2096-jg2tg-1247294052, networkLocation: /default-rack, certSerialId: null}. Reason : 8bc19c34-ed99-4952-a694-bf62b7894053 has not seen follower/s f44a2839-6f6e-45eb-9e76-f53daf5fe8b6 for 143408ms 24ad807e-6d45-451f-a21b-d43dbe93db59 for 143408ms
2019-09-11 20:01:26,086 [EventQueue-PipelineActionsForPipelineActionHandler] INFO  pipeline.SCMPipelineManager (SCMPipelineManager.java:finalizeAndDestroyPipeline(311)) - destroying pipeline:Pipeline[ Id: 14a294df-f6cd-45c4-a05c-815fde6fcad8, Nodes: 8bc19c34-ed99-4952-a694-bf62b7894053{ip: 192.168.36.83, host: pr-hdds-2096-jg2tg-1247294052, networkLocation: /default-rack, certSerialId: null}f44a2839-6f6e-45eb-9e76-f53daf5fe8b6{ip: 192.168.36.83, host: pr-hdds-2096-jg2tg-1247294052, networkLocation: /default-rack, certSerialId: null}24ad807e-6d45-451f-a21b-d43dbe93db59{ip: 192.168.36.83, host: pr-hdds-2096-jg2tg-1247294052, networkLocation: /default-rack, certSerialId: null}, Type:RATIS, Factor:THREE, State:CLOSED]
2019-09-11 20:01:27,595 [org.apache.ratis.server.impl.LogAppender$AppenderDaemon$$Lambda$513/1740195529@16de7a74] ERROR ratis.XceiverServerRatis (XceiverServerRatis.java:triggerPipelineClose(568)) - pipeline Action CLOSE  on pipeline PipelineID=14a294df-f6cd-45c4-a05c-815fde6fcad8.Reason : 8bc19c34-ed99-4952-a694-bf62b7894053 has not seen follower/s f44a2839-6f6e-45eb-9e76-f53daf5fe8b6 for 145909ms 24ad807e-6d45-451f-a21b-d43dbe93db59 for 145909ms
2019-09-11 20:01:27,595 [org.apache.ratis.server.impl.LogAppender$AppenderDaemon$$Lambda$513/1740195529@329fb36f] ERROR ratis.XceiverServerRatis (XceiverServerRatis.java:triggerPipelineClose(568)) - pipeline Action CLOSE  on pipeline PipelineID=14a294df-f6cd-45c4-a05c-815fde6fcad8.Reason : 8bc19c34-ed99-4952-a694-bf62b7894053 has not seen follower/s f44a2839-6f6e-45eb-9e76-f53daf5fe8b6 for 145909ms 24ad807e-6d45-451f-a21b-d43dbe93db59 for 145909ms
2019-09-11 20:01:28,086 [EventQueue-PipelineActionsForPipelineActionHandler] ERROR pipeline.PipelineActionHandler (PipelineActionHandler.java:onMessage(60)) - Received pipeline action CLOSE for Pipeline[ Id: 14a294df-f6cd-45c4-a05c-815fde6fcad8, Nodes: 8bc19c34-ed99-4952-a694-bf62b7894053{ip: 192.168.36.83, host: pr-hdds-2096-jg2tg-1247294052, networkLocation: /default-rack, certSerialId: null}f44a2839-6f6e-45eb-9e76-f53daf5fe8b6{ip: 192.168.36.83, host: pr-hdds-2096-jg2tg-1247294052, networkLocation: /default-rack, certSerialId: null}24ad807e-6d45-451f-a21b-d43dbe93db59{ip: 192.168.36.83, host: pr-hdds-2096-jg2tg-1247294052, networkLocation: /default-rack, certSerialId: null}, Type:RATIS, Factor:THREE, State:CLOSED] from datanode 8bc19c34-ed99-4952-a694-bf62b7894053{ip: 192.168.36.83, host: pr-hdds-2096-jg2tg-1247294052, networkLocation: /default-rack, certSerialId: null}. Reason : 8bc19c34-ed99-4952-a694-bf62b7894053 has not seen follower/s f44a2839-6f6e-45eb-9e76-f53daf5fe8b6 for 145909ms 24ad807e-6d45-451f-a21b-d43dbe93db59 for 145909ms
2019-09-11 20:01:28,086 [EventQueue-PipelineActionsForPipelineActionHandler] INFO  pipeline.SCMPipelineManager (SCMPipelineManager.java:finalizeAndDestroyPipeline(311)) - destroying pipeline:Pipeline[ Id: 14a294df-f6cd-45c4-a05c-815fde6fcad8, Nodes: 8bc19c34-ed99-4952-a694-bf62b7894053{ip: 192.168.36.83, host: pr-hdds-2096-jg2tg-1247294052, networkLocation: /default-rack, certSerialId: null}f44a2839-6f6e-45eb-9e76-f53daf5fe8b6{ip: 192.168.36.83, host: pr-hdds-2096-jg2tg-1247294052, networkLocation: /default-rack, certSerialId: null}24ad807e-6d45-451f-a21b-d43dbe93db59{ip: 192.168.36.83, host: pr-hdds-2096-jg2tg-1247294052, networkLocation: /default-rack, certSerialId: null}, Type:RATIS, Factor:THREE, State:CLOSED]
2019-09-11 20:01:28,094 [java.util.concurrent.ThreadPoolExecutor$Worker@78bd30d7[State = -1, empty queue]] WARN  server.GrpcLogAppender (GrpcLogAppender.java:timeoutAppendRequest(200)) - 8bc19c34-ed99-4952-a694-bf62b7894053@group-815FDE6FCAD8->f44a2839-6f6e-45eb-9e76-f53daf5fe8b6-GrpcLogAppender: appendEntries Timeout, request=8bc19c34-ed99-4952-a694-bf62b7894053->f44a2839-6f6e-45eb-9e76-f53daf5fe8b6#70-t1, previous=(t:1, i:12), leaderCommit=6, initializing? false, entries: <empty>
2019-09-11 20:01:28,094 [java.util.concurrent.ThreadPoolExecutor$Worker@28769ca6[State = -1, empty queue]] WARN  server.GrpcLogAppender (GrpcLogAppender.java:timeoutAppendRequest(200)) - 8bc19c34-ed99-4952-a694-bf62b7894053@group-815FDE6FCAD8->24ad807e-6d45-451f-a21b-d43dbe93db59-GrpcLogAppender: appendEntries Timeout, request=8bc19c34-ed99-4952-a694-bf62b7894053->24ad807e-6d45-451f-a21b-d43dbe93db59#70-t1, previous=(t:1, i:12), leaderCommit=6, initializing? false, entries: <empty>
2019-09-11 20:01:28,831 [grpc-default-executor-1] INFO  client.GrpcClientProtocolClient (GrpcClientProtocolClient.java:onNext(264)) - client-7CA8507644EA->24ad807e-6d45-451f-a21b-d43dbe93db59: receive RaftClientReply:client-7CA8507644EA->24ad807e-6d45-451f-a21b-d43dbe93db59@group-815FDE6FCAD8, cid=16, FAILED org.apache.ratis.protocol.NotLeaderException: Server 24ad807e-6d45-451f-a21b-d43dbe93db59@group-815FDE6FCAD8 is not the leader 8bc19c34-ed99-4952-a694-bf62b7894053:192.168.36.83:44276, logIndex=0, commits[24ad807e-6d45-451f-a21b-d43dbe93db59:c6, f44a2839-6f6e-45eb-9e76-f53daf5fe8b6:c4, 8bc19c34-ed99-4952-a694-bf62b7894053:c6]
2019-09-11 20:01:30,096 [org.apache.ratis.server.impl.LogAppender$AppenderDaemon$$Lambda$513/1740195529@16de7a74] ERROR ratis.XceiverServerRatis (XceiverServerRatis.java:triggerPipelineClose(568)) - pipeline Action CLOSE  on pipeline PipelineID=14a294df-f6cd-45c4-a05c-815fde6fcad8.Reason : 8bc19c34-ed99-4952-a694-bf62b7894053 has not seen follower/s f44a2839-6f6e-45eb-9e76-f53daf5fe8b6 for 148410ms 24ad807e-6d45-451f-a21b-d43dbe93db59 for 148410ms
2019-09-11 20:01:30,096 [org.apache.ratis.server.impl.LogAppender$AppenderDaemon$$Lambda$513/1740195529@329fb36f] ERROR ratis.XceiverServerRatis (XceiverServerRatis.java:triggerPipelineClose(568)) - pipeline Action CLOSE  on pipeline PipelineID=14a294df-f6cd-45c4-a05c-815fde6fcad8.Reason : 8bc19c34-ed99-4952-a694-bf62b7894053 has not seen follower/s f44a2839-6f6e-45eb-9e76-f53daf5fe8b6 for 148410ms 24ad807e-6d45-451f-a21b-d43dbe93db59 for 148410ms
2019-09-11 20:01:30,595 [java.util.concurrent.ThreadPoolExecutor$Worker@28769ca6[State = -1, empty queue]] WARN  server.GrpcLogAppender (GrpcLogAppender.java:timeoutAppendRequest(200)) - 8bc19c34-ed99-4952-a694-bf62b7894053@group-815FDE6FCAD8->24ad807e-6d45-451f-a21b-d43dbe93db59-GrpcLogAppender: appendEntries Timeout, request=8bc19c34-ed99-4952-a694-bf62b7894053->24ad807e-6d45-451f-a21b-d43dbe93db59#71-t1, previous=(t:1, i:12), leaderCommit=6, initializing? false, entries: <empty>
2019-09-11 20:01:30,595 [java.util.concurrent.ThreadPoolExecutor$Worker@78bd30d7[State = -1, empty queue]] WARN  server.GrpcLogAppender (GrpcLogAppender.java:timeoutAppendRequest(200)) - 8bc19c34-ed99-4952-a694-bf62b7894053@group-815FDE6FCAD8->f44a2839-6f6e-45eb-9e76-f53daf5fe8b6-GrpcLogAppender: appendEntries Timeout, request=8bc19c34-ed99-4952-a694-bf62b7894053->f44a2839-6f6e-45eb-9e76-f53daf5fe8b6#71-t1, previous=(t:1, i:12), leaderCommit=6, initializing? false, entries: <empty>
2019-09-11 20:01:31,087 [EventQueue-PipelineActionsForPipelineActionHandler] ERROR pipeline.PipelineActionHandler (PipelineActionHandler.java:onMessage(60)) - Received pipeline action CLOSE for Pipeline[ Id: 14a294df-f6cd-45c4-a05c-815fde6fcad8, Nodes: 8bc19c34-ed99-4952-a694-bf62b7894053{ip: 192.168.36.83, host: pr-hdds-2096-jg2tg-1247294052, networkLocation: /default-rack, certSerialId: null}f44a2839-6f6e-45eb-9e76-f53daf5fe8b6{ip: 192.168.36.83, host: pr-hdds-2096-jg2tg-1247294052, networkLocation: /default-rack, certSerialId: null}24ad807e-6d45-451f-a21b-d43dbe93db59{ip: 192.168.36.83, host: pr-hdds-2096-jg2tg-1247294052, networkLocation: /default-rack, certSerialId: null}, Type:RATIS, Factor:THREE, State:CLOSED] from datanode 8bc19c34-ed99-4952-a694-bf62b7894053{ip: 192.168.36.83, host: pr-hdds-2096-jg2tg-1247294052, networkLocation: /default-rack, certSerialId: null}. Reason : 8bc19c34-ed99-4952-a694-bf62b7894053 has not seen follower/s f44a2839-6f6e-45eb-9e76-f53daf5fe8b6 for 148410ms 24ad807e-6d45-451f-a21b-d43dbe93db59 for 148410ms
2019-09-11 20:01:31,087 [EventQueue-PipelineActionsForPipelineActionHandler] INFO  pipeline.SCMPipelineManager (SCMPipelineManager.java:finalizeAndDestroyPipeline(311)) - destroying pipeline:Pipeline[ Id: 14a294df-f6cd-45c4-a05c-815fde6fcad8, Nodes: 8bc19c34-ed99-4952-a694-bf62b7894053{ip: 192.168.36.83, host: pr-hdds-2096-jg2tg-1247294052, networkLocation: /default-rack, certSerialId: null}f44a2839-6f6e-45eb-9e76-f53daf5fe8b6{ip: 192.168.36.83, host: pr-hdds-2096-jg2tg-1247294052, networkLocation: /default-rack, certSerialId: null}24ad807e-6d45-451f-a21b-d43dbe93db59{ip: 192.168.36.83, host: pr-hdds-2096-jg2tg-1247294052, networkLocation: /default-rack, certSerialId: null}, Type:RATIS, Factor:THREE, State:CLOSED]
2019-09-11 20:01:31,999 [8bc19c34-ed99-4952-a694-bf62b7894053@group-815FDE6FCAD8-SegmentedRaftLogWorker] WARN  segmented.SegmentedRaftLogWorker (SegmentedRaftLogWorker.java:getFromFuture(90)) - Timeout 14/~
org.apache.ratis.protocol.TimeoutIOException: Timeout 10s: WriteLog:7: (t:1, i:7), STATEMACHINELOGENTRY, client-7CA8507644EA, cid=16-writeStateMachineData
	at org.apache.ratis.util.IOUtils.getFromFuture(IOUtils.java:87)
	at org.apache.ratis.server.raftlog.segmented.SegmentedRaftLogWorker$StateMachineDataPolicy.getFromFuture(SegmentedRaftLogWorker.java:87)
	at org.apache.ratis.server.raftlog.segmented.SegmentedRaftLogWorker$WriteLog.execute(SegmentedRaftLogWorker.java:477)
	at org.apache.ratis.server.raftlog.segmented.SegmentedRaftLogWorker.run(SegmentedRaftLogWorker.java:289)
	at java.lang.Thread.run(Thread.java:748)
Caused by: java.util.concurrent.TimeoutException
	at java.util.concurrent.CompletableFuture.timedGet(CompletableFuture.java:1771)
	at java.util.concurrent.CompletableFuture.get(CompletableFuture.java:1915)
	at org.apache.ratis.util.IOUtils.getFromFuture(IOUtils.java:79)
	... 4 more
2019-09-11 20:01:32,084 [f44a2839-6f6e-45eb-9e76-f53daf5fe8b6@group-815FDE6FCAD8-SegmentedRaftLogWorker] WARN  segmented.SegmentedRaftLogWorker (SegmentedRaftLogWorker.java:getFromFuture(90)) - Timeout 14/~
org.apache.ratis.protocol.TimeoutIOException: Timeout 10s: WriteLog:8: (t:1, i:8), STATEMACHINELOGENTRY, client-7CA8507644EA, cid=17-writeStateMachineData
	at org.apache.ratis.util.IOUtils.getFromFuture(IOUtils.java:87)
	at org.apache.ratis.server.raftlog.segmented.SegmentedRaftLogWorker$StateMachineDataPolicy.getFromFuture(SegmentedRaftLogWorker.java:87)
	at org.apache.ratis.server.raftlog.segmented.SegmentedRaftLogWorker$WriteLog.execute(SegmentedRaftLogWorker.java:477)
	at org.apache.ratis.server.raftlog.segmented.SegmentedRaftLogWorker.run(SegmentedRaftLogWorker.java:289)
	at java.lang.Thread.run(Thread.java:748)
Caused by: java.util.concurrent.TimeoutException
	at java.util.concurrent.CompletableFuture.timedGet(CompletableFuture.java:1771)
	at java.util.concurrent.CompletableFuture.get(CompletableFuture.java:1915)
	at org.apache.ratis.util.IOUtils.getFromFuture(IOUtils.java:79)
	... 4 more
2019-09-11 20:01:32,085 [24ad807e-6d45-451f-a21b-d43dbe93db59@group-815FDE6FCAD8-SegmentedRaftLogWorker] WARN  segmented.SegmentedRaftLogWorker (SegmentedRaftLogWorker.java:getFromFuture(90)) - Timeout 14/~
org.apache.ratis.protocol.TimeoutIOException: Timeout 10s: WriteLog:8: (t:1, i:8), STATEMACHINELOGENTRY, client-7CA8507644EA, cid=17-writeStateMachineData
	at org.apache.ratis.util.IOUtils.getFromFuture(IOUtils.java:87)
	at org.apache.ratis.server.raftlog.segmented.SegmentedRaftLogWorker$StateMachineDataPolicy.getFromFuture(SegmentedRaftLogWorker.java:87)
	at org.apache.ratis.server.raftlog.segmented.SegmentedRaftLogWorker$WriteLog.execute(SegmentedRaftLogWorker.java:477)
	at org.apache.ratis.server.raftlog.segmented.SegmentedRaftLogWorker.run(SegmentedRaftLogWorker.java:289)
	at java.lang.Thread.run(Thread.java:748)
Caused by: java.util.concurrent.TimeoutException
	at java.util.concurrent.CompletableFuture.timedGet(CompletableFuture.java:1771)
	at java.util.concurrent.CompletableFuture.get(CompletableFuture.java:1915)
	at org.apache.ratis.util.IOUtils.getFromFuture(IOUtils.java:79)
	... 4 more
2019-09-11 20:01:32,597 [org.apache.ratis.server.impl.LogAppender$AppenderDaemon$$Lambda$513/1740195529@329fb36f] ERROR ratis.XceiverServerRatis (XceiverServerRatis.java:triggerPipelineClose(568)) - pipeline Action CLOSE  on pipeline PipelineID=14a294df-f6cd-45c4-a05c-815fde6fcad8.Reason : 8bc19c34-ed99-4952-a694-bf62b7894053 has not seen follower/s f44a2839-6f6e-45eb-9e76-f53daf5fe8b6 for 150911ms 24ad807e-6d45-451f-a21b-d43dbe93db59 for 150911ms
2019-09-11 20:01:32,597 [org.apache.ratis.server.impl.LogAppender$AppenderDaemon$$Lambda$513/1740195529@16de7a74] ERROR ratis.XceiverServerRatis (XceiverServerRatis.java:triggerPipelineClose(568)) - pipeline Action CLOSE  on pipeline PipelineID=14a294df-f6cd-45c4-a05c-815fde6fcad8.Reason : 8bc19c34-ed99-4952-a694-bf62b7894053 has not seen follower/s f44a2839-6f6e-45eb-9e76-f53daf5fe8b6 for 150911ms 24ad807e-6d45-451f-a21b-d43dbe93db59 for 150911ms
2019-09-11 20:01:33,087 [EventQueue-PipelineActionsForPipelineActionHandler] ERROR pipeline.PipelineActionHandler (PipelineActionHandler.java:onMessage(60)) - Received pipeline action CLOSE for Pipeline[ Id: 14a294df-f6cd-45c4-a05c-815fde6fcad8, Nodes: 8bc19c34-ed99-4952-a694-bf62b7894053{ip: 192.168.36.83, host: pr-hdds-2096-jg2tg-1247294052, networkLocation: /default-rack, certSerialId: null}f44a2839-6f6e-45eb-9e76-f53daf5fe8b6{ip: 192.168.36.83, host: pr-hdds-2096-jg2tg-1247294052, networkLocation: /default-rack, certSerialId: null}24ad807e-6d45-451f-a21b-d43dbe93db59{ip: 192.168.36.83, host: pr-hdds-2096-jg2tg-1247294052, networkLocation: /default-rack, certSerialId: null}, Type:RATIS, Factor:THREE, State:CLOSED] from datanode 8bc19c34-ed99-4952-a694-bf62b7894053{ip: 192.168.36.83, host: pr-hdds-2096-jg2tg-1247294052, networkLocation: /default-rack, certSerialId: null}. Reason : 8bc19c34-ed99-4952-a694-bf62b7894053 has not seen follower/s f44a2839-6f6e-45eb-9e76-f53daf5fe8b6 for 150911ms 24ad807e-6d45-451f-a21b-d43dbe93db59 for 150911ms
2019-09-11 20:01:33,087 [EventQueue-PipelineActionsForPipelineActionHandler] INFO  pipeline.SCMPipelineManager (SCMPipelineManager.java:finalizeAndDestroyPipeline(311)) - destroying pipeline:Pipeline[ Id: 14a294df-f6cd-45c4-a05c-815fde6fcad8, Nodes: 8bc19c34-ed99-4952-a694-bf62b7894053{ip: 192.168.36.83, host: pr-hdds-2096-jg2tg-1247294052, networkLocation: /default-rack, certSerialId: null}f44a2839-6f6e-45eb-9e76-f53daf5fe8b6{ip: 192.168.36.83, host: pr-hdds-2096-jg2tg-1247294052, networkLocation: /default-rack, certSerialId: null}24ad807e-6d45-451f-a21b-d43dbe93db59{ip: 192.168.36.83, host: pr-hdds-2096-jg2tg-1247294052, networkLocation: /default-rack, certSerialId: null}, Type:RATIS, Factor:THREE, State:CLOSED]
2019-09-11 20:01:33,096 [java.util.concurrent.ThreadPoolExecutor$Worker@28769ca6[State = -1, empty queue]] WARN  server.GrpcLogAppender (GrpcLogAppender.java:timeoutAppendRequest(200)) - 8bc19c34-ed99-4952-a694-bf62b7894053@group-815FDE6FCAD8->24ad807e-6d45-451f-a21b-d43dbe93db59-GrpcLogAppender: appendEntries Timeout, request=8bc19c34-ed99-4952-a694-bf62b7894053->24ad807e-6d45-451f-a21b-d43dbe93db59#72-t1, previous=(t:1, i:12), leaderCommit=6, initializing? false, entries: <empty>
2019-09-11 20:01:33,096 [java.util.concurrent.ThreadPoolExecutor$Worker@78bd30d7[State = -1, empty queue]] WARN  server.GrpcLogAppender (GrpcLogAppender.java:timeoutAppendRequest(200)) - 8bc19c34-ed99-4952-a694-bf62b7894053@group-815FDE6FCAD8->f44a2839-6f6e-45eb-9e76-f53daf5fe8b6-GrpcLogAppender: appendEntries Timeout, request=8bc19c34-ed99-4952-a694-bf62b7894053->f44a2839-6f6e-45eb-9e76-f53daf5fe8b6#72-t1, previous=(t:1, i:12), leaderCommit=6, initializing? false, entries: <empty>
2019-09-11 20:01:33,879 [grpc-default-executor-1] INFO  client.GrpcClientProtocolClient (GrpcClientProtocolClient.java:onNext(264)) - client-7CA8507644EA->f44a2839-6f6e-45eb-9e76-f53daf5fe8b6: receive RaftClientReply:client-7CA8507644EA->f44a2839-6f6e-45eb-9e76-f53daf5fe8b6@group-815FDE6FCAD8, cid=16, FAILED org.apache.ratis.protocol.NotLeaderException: Server f44a2839-6f6e-45eb-9e76-f53daf5fe8b6@group-815FDE6FCAD8 is not the leader 8bc19c34-ed99-4952-a694-bf62b7894053:192.168.36.83:44276, logIndex=0, commits[f44a2839-6f6e-45eb-9e76-f53daf5fe8b6:c6, 24ad807e-6d45-451f-a21b-d43dbe93db59:c4, 8bc19c34-ed99-4952-a694-bf62b7894053:c6]
2019-09-11 20:01:35,098 [org.apache.ratis.server.impl.LogAppender$AppenderDaemon$$Lambda$513/1740195529@329fb36f] ERROR ratis.XceiverServerRatis (XceiverServerRatis.java:triggerPipelineClose(568)) - pipeline Action CLOSE  on pipeline PipelineID=14a294df-f6cd-45c4-a05c-815fde6fcad8.Reason : 8bc19c34-ed99-4952-a694-bf62b7894053 has not seen follower/s f44a2839-6f6e-45eb-9e76-f53daf5fe8b6 for 153412ms 24ad807e-6d45-451f-a21b-d43dbe93db59 for 153413ms
2019-09-11 20:01:35,098 [org.apache.ratis.server.impl.LogAppender$AppenderDaemon$$Lambda$513/1740195529@16de7a74] ERROR ratis.XceiverServerRatis (XceiverServerRatis.java:triggerPipelineClose(568)) - pipeline Action CLOSE  on pipeline PipelineID=14a294df-f6cd-45c4-a05c-815fde6fcad8.Reason : 8bc19c34-ed99-4952-a694-bf62b7894053 has not seen follower/s f44a2839-6f6e-45eb-9e76-f53daf5fe8b6 for 153412ms 24ad807e-6d45-451f-a21b-d43dbe93db59 for 153413ms
2019-09-11 20:01:35,597 [java.util.concurrent.ThreadPoolExecutor$Worker@28769ca6[State = -1, empty queue]] WARN  server.GrpcLogAppender (GrpcLogAppender.java:timeoutAppendRequest(200)) - 8bc19c34-ed99-4952-a694-bf62b7894053@group-815FDE6FCAD8->24ad807e-6d45-451f-a21b-d43dbe93db59-GrpcLogAppender: appendEntries Timeout, request=8bc19c34-ed99-4952-a694-bf62b7894053->24ad807e-6d45-451f-a21b-d43dbe93db59#73-t1, previous=(t:1, i:12), leaderCommit=6, initializing? false, entries: <empty>
2019-09-11 20:01:35,597 [java.util.concurrent.ThreadPoolExecutor$Worker@78bd30d7[State = -1, empty queue]] WARN  server.GrpcLogAppender (GrpcLogAppender.java:timeoutAppendRequest(200)) - 8bc19c34-ed99-4952-a694-bf62b7894053@group-815FDE6FCAD8->f44a2839-6f6e-45eb-9e76-f53daf5fe8b6-GrpcLogAppender: appendEntries Timeout, request=8bc19c34-ed99-4952-a694-bf62b7894053->f44a2839-6f6e-45eb-9e76-f53daf5fe8b6#73-t1, previous=(t:1, i:12), leaderCommit=6, initializing? false, entries: <empty>
2019-09-11 20:01:36,086 [EventQueue-PipelineActionsForPipelineActionHandler] ERROR pipeline.PipelineActionHandler (PipelineActionHandler.java:onMessage(60)) - Received pipeline action CLOSE for Pipeline[ Id: 14a294df-f6cd-45c4-a05c-815fde6fcad8, Nodes: 8bc19c34-ed99-4952-a694-bf62b7894053{ip: 192.168.36.83, host: pr-hdds-2096-jg2tg-1247294052, networkLocation: /default-rack, certSerialId: null}f44a2839-6f6e-45eb-9e76-f53daf5fe8b6{ip: 192.168.36.83, host: pr-hdds-2096-jg2tg-1247294052, networkLocation: /default-rack, certSerialId: null}24ad807e-6d45-451f-a21b-d43dbe93db59{ip: 192.168.36.83, host: pr-hdds-2096-jg2tg-1247294052, networkLocation: /default-rack, certSerialId: null}, Type:RATIS, Factor:THREE, State:CLOSED] from datanode 8bc19c34-ed99-4952-a694-bf62b7894053{ip: 192.168.36.83, host: pr-hdds-2096-jg2tg-1247294052, networkLocation: /default-rack, certSerialId: null}. Reason : 8bc19c34-ed99-4952-a694-bf62b7894053 has not seen follower/s f44a2839-6f6e-45eb-9e76-f53daf5fe8b6 for 153412ms 24ad807e-6d45-451f-a21b-d43dbe93db59 for 153413ms
2019-09-11 20:01:36,086 [EventQueue-PipelineActionsForPipelineActionHandler] INFO  pipeline.SCMPipelineManager (SCMPipelineManager.java:finalizeAndDestroyPipeline(311)) - destroying pipeline:Pipeline[ Id: 14a294df-f6cd-45c4-a05c-815fde6fcad8, Nodes: 8bc19c34-ed99-4952-a694-bf62b7894053{ip: 192.168.36.83, host: pr-hdds-2096-jg2tg-1247294052, networkLocation: /default-rack, certSerialId: null}f44a2839-6f6e-45eb-9e76-f53daf5fe8b6{ip: 192.168.36.83, host: pr-hdds-2096-jg2tg-1247294052, networkLocation: /default-rack, certSerialId: null}24ad807e-6d45-451f-a21b-d43dbe93db59{ip: 192.168.36.83, host: pr-hdds-2096-jg2tg-1247294052, networkLocation: /default-rack, certSerialId: null}, Type:RATIS, Factor:THREE, State:CLOSED]
2019-09-11 20:01:37,599 [org.apache.ratis.server.impl.LogAppender$AppenderDaemon$$Lambda$513/1740195529@329fb36f] ERROR ratis.XceiverServerRatis (XceiverServerRatis.java:triggerPipelineClose(568)) - pipeline Action CLOSE  on pipeline PipelineID=14a294df-f6cd-45c4-a05c-815fde6fcad8.Reason : 8bc19c34-ed99-4952-a694-bf62b7894053 has not seen follower/s f44a2839-6f6e-45eb-9e76-f53daf5fe8b6 for 155913ms 24ad807e-6d45-451f-a21b-d43dbe93db59 for 155914ms
2019-09-11 20:01:37,599 [org.apache.ratis.server.impl.LogAppender$AppenderDaemon$$Lambda$513/1740195529@16de7a74] ERROR ratis.XceiverServerRatis (XceiverServerRatis.java:triggerPipelineClose(568)) - pipeline Action CLOSE  on pipeline PipelineID=14a294df-f6cd-45c4-a05c-815fde6fcad8.Reason : 8bc19c34-ed99-4952-a694-bf62b7894053 has not seen follower/s f44a2839-6f6e-45eb-9e76-f53daf5fe8b6 for 155913ms 24ad807e-6d45-451f-a21b-d43dbe93db59 for 155914ms
2019-09-11 20:01:38,086 [EventQueue-PipelineActionsForPipelineActionHandler] ERROR pipeline.PipelineActionHandler (PipelineActionHandler.java:onMessage(60)) - Received pipeline action CLOSE for Pipeline[ Id: 14a294df-f6cd-45c4-a05c-815fde6fcad8, Nodes: 8bc19c34-ed99-4952-a694-bf62b7894053{ip: 192.168.36.83, host: pr-hdds-2096-jg2tg-1247294052, networkLocation: /default-rack, certSerialId: null}f44a2839-6f6e-45eb-9e76-f53daf5fe8b6{ip: 192.168.36.83, host: pr-hdds-2096-jg2tg-1247294052, networkLocation: /default-rack, certSerialId: null}24ad807e-6d45-451f-a21b-d43dbe93db59{ip: 192.168.36.83, host: pr-hdds-2096-jg2tg-1247294052, networkLocation: /default-rack, certSerialId: null}, Type:RATIS, Factor:THREE, State:CLOSED] from datanode 8bc19c34-ed99-4952-a694-bf62b7894053{ip: 192.168.36.83, host: pr-hdds-2096-jg2tg-1247294052, networkLocation: /default-rack, certSerialId: null}. Reason : 8bc19c34-ed99-4952-a694-bf62b7894053 has not seen follower/s f44a2839-6f6e-45eb-9e76-f53daf5fe8b6 for 155913ms 24ad807e-6d45-451f-a21b-d43dbe93db59 for 155914ms
2019-09-11 20:01:38,086 [EventQueue-PipelineActionsForPipelineActionHandler] INFO  pipeline.SCMPipelineManager (SCMPipelineManager.java:finalizeAndDestroyPipeline(311)) - destroying pipeline:Pipeline[ Id: 14a294df-f6cd-45c4-a05c-815fde6fcad8, Nodes: 8bc19c34-ed99-4952-a694-bf62b7894053{ip: 192.168.36.83, host: pr-hdds-2096-jg2tg-1247294052, networkLocation: /default-rack, certSerialId: null}f44a2839-6f6e-45eb-9e76-f53daf5fe8b6{ip: 192.168.36.83, host: pr-hdds-2096-jg2tg-1247294052, networkLocation: /default-rack, certSerialId: null}24ad807e-6d45-451f-a21b-d43dbe93db59{ip: 192.168.36.83, host: pr-hdds-2096-jg2tg-1247294052, networkLocation: /default-rack, certSerialId: null}, Type:RATIS, Factor:THREE, State:CLOSED]
2019-09-11 20:01:38,098 [java.util.concurrent.ThreadPoolExecutor$Worker@28769ca6[State = -1, empty queue]] WARN  server.GrpcLogAppender (GrpcLogAppender.java:timeoutAppendRequest(200)) - 8bc19c34-ed99-4952-a694-bf62b7894053@group-815FDE6FCAD8->24ad807e-6d45-451f-a21b-d43dbe93db59-GrpcLogAppender: appendEntries Timeout, request=8bc19c34-ed99-4952-a694-bf62b7894053->24ad807e-6d45-451f-a21b-d43dbe93db59#74-t1, previous=(t:1, i:12), leaderCommit=6, initializing? false, entries: <empty>
2019-09-11 20:01:38,098 [java.util.concurrent.ThreadPoolExecutor$Worker@78bd30d7[State = -1, empty queue]] WARN  server.GrpcLogAppender (GrpcLogAppender.java:timeoutAppendRequest(200)) - 8bc19c34-ed99-4952-a694-bf62b7894053@group-815FDE6FCAD8->f44a2839-6f6e-45eb-9e76-f53daf5fe8b6-GrpcLogAppender: appendEntries Timeout, request=8bc19c34-ed99-4952-a694-bf62b7894053->f44a2839-6f6e-45eb-9e76-f53daf5fe8b6#74-t1, previous=(t:1, i:12), leaderCommit=6, initializing? false, entries: <empty>
2019-09-11 20:01:38,928 [grpc-default-executor-0] INFO  client.GrpcClientProtocolClient (GrpcClientProtocolClient.java:onNext(264)) - client-7CA8507644EA->24ad807e-6d45-451f-a21b-d43dbe93db59: receive RaftClientReply:client-7CA8507644EA->24ad807e-6d45-451f-a21b-d43dbe93db59@group-815FDE6FCAD8, cid=16, FAILED org.apache.ratis.protocol.NotLeaderException: Server 24ad807e-6d45-451f-a21b-d43dbe93db59@group-815FDE6FCAD8 is not the leader 8bc19c34-ed99-4952-a694-bf62b7894053:192.168.36.83:44276, logIndex=0, commits[24ad807e-6d45-451f-a21b-d43dbe93db59:c6, f44a2839-6f6e-45eb-9e76-f53daf5fe8b6:c4, 8bc19c34-ed99-4952-a694-bf62b7894053:c6]
2019-09-11 20:01:40,100 [org.apache.ratis.server.impl.LogAppender$AppenderDaemon$$Lambda$513/1740195529@16de7a74] ERROR ratis.XceiverServerRatis (XceiverServerRatis.java:triggerPipelineClose(568)) - pipeline Action CLOSE  on pipeline PipelineID=14a294df-f6cd-45c4-a05c-815fde6fcad8.Reason : 8bc19c34-ed99-4952-a694-bf62b7894053 has not seen follower/s f44a2839-6f6e-45eb-9e76-f53daf5fe8b6 for 158414ms 24ad807e-6d45-451f-a21b-d43dbe93db59 for 158415ms
2019-09-11 20:01:40,100 [org.apache.ratis.server.impl.LogAppender$AppenderDaemon$$Lambda$513/1740195529@329fb36f] ERROR ratis.XceiverServerRatis (XceiverServerRatis.java:triggerPipelineClose(568)) - pipeline Action CLOSE  on pipeline PipelineID=14a294df-f6cd-45c4-a05c-815fde6fcad8.Reason : 8bc19c34-ed99-4952-a694-bf62b7894053 has not seen follower/s f44a2839-6f6e-45eb-9e76-f53daf5fe8b6 for 158414ms 24ad807e-6d45-451f-a21b-d43dbe93db59 for 158415ms
2019-09-11 20:01:40,599 [java.util.concurrent.ThreadPoolExecutor$Worker@28769ca6[State = -1, empty queue]] WARN  server.GrpcLogAppender (GrpcLogAppender.java:timeoutAppendRequest(200)) - 8bc19c34-ed99-4952-a694-bf62b7894053@group-815FDE6FCAD8->24ad807e-6d45-451f-a21b-d43dbe93db59-GrpcLogAppender: appendEntries Timeout, request=8bc19c34-ed99-4952-a694-bf62b7894053->24ad807e-6d45-451f-a21b-d43dbe93db59#75-t1, previous=(t:1, i:12), leaderCommit=6, initializing? false, entries: <empty>
2019-09-11 20:01:40,599 [java.util.concurrent.ThreadPoolExecutor$Worker@78bd30d7[State = -1, empty queue]] WARN  server.GrpcLogAppender (GrpcLogAppender.java:timeoutAppendRequest(200)) - 8bc19c34-ed99-4952-a694-bf62b7894053@group-815FDE6FCAD8->f44a2839-6f6e-45eb-9e76-f53daf5fe8b6-GrpcLogAppender: appendEntries Timeout, request=8bc19c34-ed99-4952-a694-bf62b7894053->f44a2839-6f6e-45eb-9e76-f53daf5fe8b6#75-t1, previous=(t:1, i:12), leaderCommit=6, initializing? false, entries: <empty>
2019-09-11 20:01:41,087 [EventQueue-PipelineActionsForPipelineActionHandler] ERROR pipeline.PipelineActionHandler (PipelineActionHandler.java:onMessage(60)) - Received pipeline action CLOSE for Pipeline[ Id: 14a294df-f6cd-45c4-a05c-815fde6fcad8, Nodes: 8bc19c34-ed99-4952-a694-bf62b7894053{ip: 192.168.36.83, host: pr-hdds-2096-jg2tg-1247294052, networkLocation: /default-rack, certSerialId: null}f44a2839-6f6e-45eb-9e76-f53daf5fe8b6{ip: 192.168.36.83, host: pr-hdds-2096-jg2tg-1247294052, networkLocation: /default-rack, certSerialId: null}24ad807e-6d45-451f-a21b-d43dbe93db59{ip: 192.168.36.83, host: pr-hdds-2096-jg2tg-1247294052, networkLocation: /default-rack, certSerialId: null}, Type:RATIS, Factor:THREE, State:CLOSED] from datanode 8bc19c34-ed99-4952-a694-bf62b7894053{ip: 192.168.36.83, host: pr-hdds-2096-jg2tg-1247294052, networkLocation: /default-rack, certSerialId: null}. Reason : 8bc19c34-ed99-4952-a694-bf62b7894053 has not seen follower/s f44a2839-6f6e-45eb-9e76-f53daf5fe8b6 for 158414ms 24ad807e-6d45-451f-a21b-d43dbe93db59 for 158415ms
2019-09-11 20:01:41,087 [EventQueue-PipelineActionsForPipelineActionHandler] INFO  pipeline.SCMPipelineManager (SCMPipelineManager.java:finalizeAndDestroyPipeline(311)) - destroying pipeline:Pipeline[ Id: 14a294df-f6cd-45c4-a05c-815fde6fcad8, Nodes: 8bc19c34-ed99-4952-a694-bf62b7894053{ip: 192.168.36.83, host: pr-hdds-2096-jg2tg-1247294052, networkLocation: /default-rack, certSerialId: null}f44a2839-6f6e-45eb-9e76-f53daf5fe8b6{ip: 192.168.36.83, host: pr-hdds-2096-jg2tg-1247294052, networkLocation: /default-rack, certSerialId: null}24ad807e-6d45-451f-a21b-d43dbe93db59{ip: 192.168.36.83, host: pr-hdds-2096-jg2tg-1247294052, networkLocation: /default-rack, certSerialId: null}, Type:RATIS, Factor:THREE, State:CLOSED]
2019-09-11 20:01:42,000 [8bc19c34-ed99-4952-a694-bf62b7894053@group-815FDE6FCAD8-SegmentedRaftLogWorker] WARN  segmented.SegmentedRaftLogWorker (SegmentedRaftLogWorker.java:getFromFuture(90)) - Timeout 15/~
org.apache.ratis.protocol.TimeoutIOException: Timeout 10s: WriteLog:7: (t:1, i:7), STATEMACHINELOGENTRY, client-7CA8507644EA, cid=16-writeStateMachineData
	at org.apache.ratis.util.IOUtils.getFromFuture(IOUtils.java:87)
	at org.apache.ratis.server.raftlog.segmented.SegmentedRaftLogWorker$StateMachineDataPolicy.getFromFuture(SegmentedRaftLogWorker.java:87)
	at org.apache.ratis.server.raftlog.segmented.SegmentedRaftLogWorker$WriteLog.execute(SegmentedRaftLogWorker.java:477)
	at org.apache.ratis.server.raftlog.segmented.SegmentedRaftLogWorker.run(SegmentedRaftLogWorker.java:289)
	at java.lang.Thread.run(Thread.java:748)
Caused by: java.util.concurrent.TimeoutException
	at java.util.concurrent.CompletableFuture.timedGet(CompletableFuture.java:1771)
	at java.util.concurrent.CompletableFuture.get(CompletableFuture.java:1915)
	at org.apache.ratis.util.IOUtils.getFromFuture(IOUtils.java:79)
	... 4 more
2019-09-11 20:01:42,085 [f44a2839-6f6e-45eb-9e76-f53daf5fe8b6@group-815FDE6FCAD8-SegmentedRaftLogWorker] WARN  segmented.SegmentedRaftLogWorker (SegmentedRaftLogWorker.java:getFromFuture(90)) - Timeout 15/~
org.apache.ratis.protocol.TimeoutIOException: Timeout 10s: WriteLog:8: (t:1, i:8), STATEMACHINELOGENTRY, client-7CA8507644EA, cid=17-writeStateMachineData
	at org.apache.ratis.util.IOUtils.getFromFuture(IOUtils.java:87)
	at org.apache.ratis.server.raftlog.segmented.SegmentedRaftLogWorker$StateMachineDataPolicy.getFromFuture(SegmentedRaftLogWorker.java:87)
	at org.apache.ratis.server.raftlog.segmented.SegmentedRaftLogWorker$WriteLog.execute(SegmentedRaftLogWorker.java:477)
	at org.apache.ratis.server.raftlog.segmented.SegmentedRaftLogWorker.run(SegmentedRaftLogWorker.java:289)
	at java.lang.Thread.run(Thread.java:748)
Caused by: java.util.concurrent.TimeoutException
	at java.util.concurrent.CompletableFuture.timedGet(CompletableFuture.java:1771)
	at java.util.concurrent.CompletableFuture.get(CompletableFuture.java:1915)
	at org.apache.ratis.util.IOUtils.getFromFuture(IOUtils.java:79)
	... 4 more
2019-09-11 20:01:42,108 [24ad807e-6d45-451f-a21b-d43dbe93db59@group-815FDE6FCAD8-SegmentedRaftLogWorker] WARN  segmented.SegmentedRaftLogWorker (SegmentedRaftLogWorker.java:getFromFuture(90)) - Timeout 15/~
org.apache.ratis.protocol.TimeoutIOException: Timeout 10s: WriteLog:8: (t:1, i:8), STATEMACHINELOGENTRY, client-7CA8507644EA, cid=17-writeStateMachineData
	at org.apache.ratis.util.IOUtils.getFromFuture(IOUtils.java:87)
	at org.apache.ratis.server.raftlog.segmented.SegmentedRaftLogWorker$StateMachineDataPolicy.getFromFuture(SegmentedRaftLogWorker.java:87)
	at org.apache.ratis.server.raftlog.segmented.SegmentedRaftLogWorker$WriteLog.execute(SegmentedRaftLogWorker.java:477)
	at org.apache.ratis.server.raftlog.segmented.SegmentedRaftLogWorker.run(SegmentedRaftLogWorker.java:289)
	at java.lang.Thread.run(Thread.java:748)
Caused by: java.util.concurrent.TimeoutException
	at java.util.concurrent.CompletableFuture.timedGet(CompletableFuture.java:1771)
	at java.util.concurrent.CompletableFuture.get(CompletableFuture.java:1915)
	at org.apache.ratis.util.IOUtils.getFromFuture(IOUtils.java:79)
	... 4 more
2019-09-11 20:01:42,601 [org.apache.ratis.server.impl.LogAppender$AppenderDaemon$$Lambda$513/1740195529@16de7a74] ERROR ratis.XceiverServerRatis (XceiverServerRatis.java:triggerPipelineClose(568)) - pipeline Action CLOSE  on pipeline PipelineID=14a294df-f6cd-45c4-a05c-815fde6fcad8.Reason : 8bc19c34-ed99-4952-a694-bf62b7894053 has not seen follower/s f44a2839-6f6e-45eb-9e76-f53daf5fe8b6 for 160915ms 24ad807e-6d45-451f-a21b-d43dbe93db59 for 160915ms
2019-09-11 20:01:42,601 [org.apache.ratis.server.impl.LogAppender$AppenderDaemon$$Lambda$513/1740195529@329fb36f] ERROR ratis.XceiverServerRatis (XceiverServerRatis.java:triggerPipelineClose(568)) - pipeline Action CLOSE  on pipeline PipelineID=14a294df-f6cd-45c4-a05c-815fde6fcad8.Reason : 8bc19c34-ed99-4952-a694-bf62b7894053 has not seen follower/s f44a2839-6f6e-45eb-9e76-f53daf5fe8b6 for 160915ms 24ad807e-6d45-451f-a21b-d43dbe93db59 for 160916ms
2019-09-11 20:01:43,100 [java.util.concurrent.ThreadPoolExecutor$Worker@28769ca6[State = -1, empty queue]] WARN  server.GrpcLogAppender (GrpcLogAppender.java:timeoutAppendRequest(200)) - 8bc19c34-ed99-4952-a694-bf62b7894053@group-815FDE6FCAD8->24ad807e-6d45-451f-a21b-d43dbe93db59-GrpcLogAppender: appendEntries Timeout, request=8bc19c34-ed99-4952-a694-bf62b7894053->24ad807e-6d45-451f-a21b-d43dbe93db59#76-t1, previous=(t:1, i:12), leaderCommit=6, initializing? false, entries: <empty>
2019-09-11 20:01:43,100 [java.util.concurrent.ThreadPoolExecutor$Worker@78bd30d7[State = -1, empty queue]] WARN  server.GrpcLogAppender (GrpcLogAppender.java:timeoutAppendRequest(200)) - 8bc19c34-ed99-4952-a694-bf62b7894053@group-815FDE6FCAD8->f44a2839-6f6e-45eb-9e76-f53daf5fe8b6-GrpcLogAppender: appendEntries Timeout, request=8bc19c34-ed99-4952-a694-bf62b7894053->f44a2839-6f6e-45eb-9e76-f53daf5fe8b6#76-t1, previous=(t:1, i:12), leaderCommit=6, initializing? false, entries: <empty>
2019-09-11 20:01:43,102 [EventQueue-PipelineActionsForPipelineActionHandler] ERROR pipeline.PipelineActionHandler (PipelineActionHandler.java:onMessage(60)) - Received pipeline action CLOSE for Pipeline[ Id: 14a294df-f6cd-45c4-a05c-815fde6fcad8, Nodes: 8bc19c34-ed99-4952-a694-bf62b7894053{ip: 192.168.36.83, host: pr-hdds-2096-jg2tg-1247294052, networkLocation: /default-rack, certSerialId: null}f44a2839-6f6e-45eb-9e76-f53daf5fe8b6{ip: 192.168.36.83, host: pr-hdds-2096-jg2tg-1247294052, networkLocation: /default-rack, certSerialId: null}24ad807e-6d45-451f-a21b-d43dbe93db59{ip: 192.168.36.83, host: pr-hdds-2096-jg2tg-1247294052, networkLocation: /default-rack, certSerialId: null}, Type:RATIS, Factor:THREE, State:CLOSED] from datanode 8bc19c34-ed99-4952-a694-bf62b7894053{ip: 192.168.36.83, host: pr-hdds-2096-jg2tg-1247294052, networkLocation: /default-rack, certSerialId: null}. Reason : 8bc19c34-ed99-4952-a694-bf62b7894053 has not seen follower/s f44a2839-6f6e-45eb-9e76-f53daf5fe8b6 for 160915ms 24ad807e-6d45-451f-a21b-d43dbe93db59 for 160915ms
2019-09-11 20:01:43,102 [EventQueue-PipelineActionsForPipelineActionHandler] INFO  pipeline.SCMPipelineManager (SCMPipelineManager.java:finalizeAndDestroyPipeline(311)) - destroying pipeline:Pipeline[ Id: 14a294df-f6cd-45c4-a05c-815fde6fcad8, Nodes: 8bc19c34-ed99-4952-a694-bf62b7894053{ip: 192.168.36.83, host: pr-hdds-2096-jg2tg-1247294052, networkLocation: /default-rack, certSerialId: null}f44a2839-6f6e-45eb-9e76-f53daf5fe8b6{ip: 192.168.36.83, host: pr-hdds-2096-jg2tg-1247294052, networkLocation: /default-rack, certSerialId: null}24ad807e-6d45-451f-a21b-d43dbe93db59{ip: 192.168.36.83, host: pr-hdds-2096-jg2tg-1247294052, networkLocation: /default-rack, certSerialId: null}, Type:RATIS, Factor:THREE, State:CLOSED]
2019-09-11 20:01:43,979 [grpc-default-executor-0] INFO  client.GrpcClientProtocolClient (GrpcClientProtocolClient.java:onNext(264)) - client-7CA8507644EA->24ad807e-6d45-451f-a21b-d43dbe93db59: receive RaftClientReply:client-7CA8507644EA->24ad807e-6d45-451f-a21b-d43dbe93db59@group-815FDE6FCAD8, cid=16, FAILED org.apache.ratis.protocol.NotLeaderException: Server 24ad807e-6d45-451f-a21b-d43dbe93db59@group-815FDE6FCAD8 is not the leader 8bc19c34-ed99-4952-a694-bf62b7894053:192.168.36.83:44276, logIndex=0, commits[24ad807e-6d45-451f-a21b-d43dbe93db59:c6, f44a2839-6f6e-45eb-9e76-f53daf5fe8b6:c4, 8bc19c34-ed99-4952-a694-bf62b7894053:c6]
2019-09-11 20:01:45,102 [org.apache.ratis.server.impl.LogAppender$AppenderDaemon$$Lambda$513/1740195529@16de7a74] ERROR ratis.XceiverServerRatis (XceiverServerRatis.java:triggerPipelineClose(568)) - pipeline Action CLOSE  on pipeline PipelineID=14a294df-f6cd-45c4-a05c-815fde6fcad8.Reason : 8bc19c34-ed99-4952-a694-bf62b7894053 has not seen follower/s f44a2839-6f6e-45eb-9e76-f53daf5fe8b6 for 163416ms 24ad807e-6d45-451f-a21b-d43dbe93db59 for 163417ms
2019-09-11 20:01:45,102 [org.apache.ratis.server.impl.LogAppender$AppenderDaemon$$Lambda$513/1740195529@329fb36f] ERROR ratis.XceiverServerRatis (XceiverServerRatis.java:triggerPipelineClose(568)) - pipeline Action CLOSE  on pipeline PipelineID=14a294df-f6cd-45c4-a05c-815fde6fcad8.Reason : 8bc19c34-ed99-4952-a694-bf62b7894053 has not seen follower/s f44a2839-6f6e-45eb-9e76-f53daf5fe8b6 for 163416ms 24ad807e-6d45-451f-a21b-d43dbe93db59 for 163417ms
2019-09-11 20:01:45,601 [java.util.concurrent.ThreadPoolExecutor$Worker@28769ca6[State = -1, empty queue]] WARN  server.GrpcLogAppender (GrpcLogAppender.java:timeoutAppendRequest(200)) - 8bc19c34-ed99-4952-a694-bf62b7894053@group-815FDE6FCAD8->24ad807e-6d45-451f-a21b-d43dbe93db59-GrpcLogAppender: appendEntries Timeout, request=8bc19c34-ed99-4952-a694-bf62b7894053->24ad807e-6d45-451f-a21b-d43dbe93db59#77-t1, previous=(t:1, i:12), leaderCommit=6, initializing? false, entries: <empty>
2019-09-11 20:01:45,602 [java.util.concurrent.ThreadPoolExecutor$Worker@78bd30d7[State = -1, empty queue]] WARN  server.GrpcLogAppender (GrpcLogAppender.java:timeoutAppendRequest(200)) - 8bc19c34-ed99-4952-a694-bf62b7894053@group-815FDE6FCAD8->f44a2839-6f6e-45eb-9e76-f53daf5fe8b6-GrpcLogAppender: appendEntries Timeout, request=8bc19c34-ed99-4952-a694-bf62b7894053->f44a2839-6f6e-45eb-9e76-f53daf5fe8b6#77-t1, previous=(t:1, i:12), leaderCommit=6, initializing? false, entries: <empty>
2019-09-11 20:01:46,102 [EventQueue-PipelineActionsForPipelineActionHandler] ERROR pipeline.PipelineActionHandler (PipelineActionHandler.java:onMessage(60)) - Received pipeline action CLOSE for Pipeline[ Id: 14a294df-f6cd-45c4-a05c-815fde6fcad8, Nodes: 8bc19c34-ed99-4952-a694-bf62b7894053{ip: 192.168.36.83, host: pr-hdds-2096-jg2tg-1247294052, networkLocation: /default-rack, certSerialId: null}f44a2839-6f6e-45eb-9e76-f53daf5fe8b6{ip: 192.168.36.83, host: pr-hdds-2096-jg2tg-1247294052, networkLocation: /default-rack, certSerialId: null}24ad807e-6d45-451f-a21b-d43dbe93db59{ip: 192.168.36.83, host: pr-hdds-2096-jg2tg-1247294052, networkLocation: /default-rack, certSerialId: null}, Type:RATIS, Factor:THREE, State:CLOSED] from datanode 8bc19c34-ed99-4952-a694-bf62b7894053{ip: 192.168.36.83, host: pr-hdds-2096-jg2tg-1247294052, networkLocation: /default-rack, certSerialId: null}. Reason : 8bc19c34-ed99-4952-a694-bf62b7894053 has not seen follower/s f44a2839-6f6e-45eb-9e76-f53daf5fe8b6 for 163416ms 24ad807e-6d45-451f-a21b-d43dbe93db59 for 163417ms
2019-09-11 20:01:46,102 [EventQueue-PipelineActionsForPipelineActionHandler] INFO  pipeline.SCMPipelineManager (SCMPipelineManager.java:finalizeAndDestroyPipeline(311)) - destroying pipeline:Pipeline[ Id: 14a294df-f6cd-45c4-a05c-815fde6fcad8, Nodes: 8bc19c34-ed99-4952-a694-bf62b7894053{ip: 192.168.36.83, host: pr-hdds-2096-jg2tg-1247294052, networkLocation: /default-rack, certSerialId: null}f44a2839-6f6e-45eb-9e76-f53daf5fe8b6{ip: 192.168.36.83, host: pr-hdds-2096-jg2tg-1247294052, networkLocation: /default-rack, certSerialId: null}24ad807e-6d45-451f-a21b-d43dbe93db59{ip: 192.168.36.83, host: pr-hdds-2096-jg2tg-1247294052, networkLocation: /default-rack, certSerialId: null}, Type:RATIS, Factor:THREE, State:CLOSED]
2019-09-11 20:01:47,603 [org.apache.ratis.server.impl.LogAppender$AppenderDaemon$$Lambda$513/1740195529@329fb36f] ERROR ratis.XceiverServerRatis (XceiverServerRatis.java:triggerPipelineClose(568)) - pipeline Action CLOSE  on pipeline PipelineID=14a294df-f6cd-45c4-a05c-815fde6fcad8.Reason : 8bc19c34-ed99-4952-a694-bf62b7894053 has not seen follower/s f44a2839-6f6e-45eb-9e76-f53daf5fe8b6 for 165917ms 24ad807e-6d45-451f-a21b-d43dbe93db59 for 165918ms
2019-09-11 20:01:47,603 [org.apache.ratis.server.impl.LogAppender$AppenderDaemon$$Lambda$513/1740195529@16de7a74] ERROR ratis.XceiverServerRatis (XceiverServerRatis.java:triggerPipelineClose(568)) - pipeline Action CLOSE  on pipeline PipelineID=14a294df-f6cd-45c4-a05c-815fde6fcad8.Reason : 8bc19c34-ed99-4952-a694-bf62b7894053 has not seen follower/s f44a2839-6f6e-45eb-9e76-f53daf5fe8b6 for 165917ms 24ad807e-6d45-451f-a21b-d43dbe93db59 for 165918ms
2019-09-11 20:01:48,102 [java.util.concurrent.ThreadPoolExecutor$Worker@78bd30d7[State = -1, empty queue]] WARN  server.GrpcLogAppender (GrpcLogAppender.java:timeoutAppendRequest(200)) - 8bc19c34-ed99-4952-a694-bf62b7894053@group-815FDE6FCAD8->f44a2839-6f6e-45eb-9e76-f53daf5fe8b6-GrpcLogAppender: appendEntries Timeout, request=8bc19c34-ed99-4952-a694-bf62b7894053->f44a2839-6f6e-45eb-9e76-f53daf5fe8b6#78-t1, previous=(t:1, i:12), leaderCommit=6, initializing? false, entries: <empty>
2019-09-11 20:01:48,102 [java.util.concurrent.ThreadPoolExecutor$Worker@28769ca6[State = -1, empty queue]] WARN  server.GrpcLogAppender (GrpcLogAppender.java:timeoutAppendRequest(200)) - 8bc19c34-ed99-4952-a694-bf62b7894053@group-815FDE6FCAD8->24ad807e-6d45-451f-a21b-d43dbe93db59-GrpcLogAppender: appendEntries Timeout, request=8bc19c34-ed99-4952-a694-bf62b7894053->24ad807e-6d45-451f-a21b-d43dbe93db59#78-t1, previous=(t:1, i:12), leaderCommit=6, initializing? false, entries: <empty>
2019-09-11 20:01:48,103 [EventQueue-PipelineActionsForPipelineActionHandler] ERROR pipeline.PipelineActionHandler (PipelineActionHandler.java:onMessage(60)) - Received pipeline action CLOSE for Pipeline[ Id: 14a294df-f6cd-45c4-a05c-815fde6fcad8, Nodes: 8bc19c34-ed99-4952-a694-bf62b7894053{ip: 192.168.36.83, host: pr-hdds-2096-jg2tg-1247294052, networkLocation: /default-rack, certSerialId: null}f44a2839-6f6e-45eb-9e76-f53daf5fe8b6{ip: 192.168.36.83, host: pr-hdds-2096-jg2tg-1247294052, networkLocation: /default-rack, certSerialId: null}24ad807e-6d45-451f-a21b-d43dbe93db59{ip: 192.168.36.83, host: pr-hdds-2096-jg2tg-1247294052, networkLocation: /default-rack, certSerialId: null}, Type:RATIS, Factor:THREE, State:CLOSED] from datanode 8bc19c34-ed99-4952-a694-bf62b7894053{ip: 192.168.36.83, host: pr-hdds-2096-jg2tg-1247294052, networkLocation: /default-rack, certSerialId: null}. Reason : 8bc19c34-ed99-4952-a694-bf62b7894053 has not seen follower/s f44a2839-6f6e-45eb-9e76-f53daf5fe8b6 for 165917ms 24ad807e-6d45-451f-a21b-d43dbe93db59 for 165918ms
2019-09-11 20:01:48,103 [EventQueue-PipelineActionsForPipelineActionHandler] INFO  pipeline.SCMPipelineManager (SCMPipelineManager.java:finalizeAndDestroyPipeline(311)) - destroying pipeline:Pipeline[ Id: 14a294df-f6cd-45c4-a05c-815fde6fcad8, Nodes: 8bc19c34-ed99-4952-a694-bf62b7894053{ip: 192.168.36.83, host: pr-hdds-2096-jg2tg-1247294052, networkLocation: /default-rack, certSerialId: null}f44a2839-6f6e-45eb-9e76-f53daf5fe8b6{ip: 192.168.36.83, host: pr-hdds-2096-jg2tg-1247294052, networkLocation: /default-rack, certSerialId: null}24ad807e-6d45-451f-a21b-d43dbe93db59{ip: 192.168.36.83, host: pr-hdds-2096-jg2tg-1247294052, networkLocation: /default-rack, certSerialId: null}, Type:RATIS, Factor:THREE, State:CLOSED]
2019-09-11 20:01:49,036 [grpc-default-executor-1] INFO  client.GrpcClientProtocolClient (GrpcClientProtocolClient.java:onNext(264)) - client-7CA8507644EA->24ad807e-6d45-451f-a21b-d43dbe93db59: receive RaftClientReply:client-7CA8507644EA->24ad807e-6d45-451f-a21b-d43dbe93db59@group-815FDE6FCAD8, cid=16, FAILED org.apache.ratis.protocol.NotLeaderException: Server 24ad807e-6d45-451f-a21b-d43dbe93db59@group-815FDE6FCAD8 is not the leader 8bc19c34-ed99-4952-a694-bf62b7894053:192.168.36.83:44276, logIndex=0, commits[24ad807e-6d45-451f-a21b-d43dbe93db59:c6, f44a2839-6f6e-45eb-9e76-f53daf5fe8b6:c4, 8bc19c34-ed99-4952-a694-bf62b7894053:c6]
2019-09-11 20:01:50,104 [org.apache.ratis.server.impl.LogAppender$AppenderDaemon$$Lambda$513/1740195529@16de7a74] ERROR ratis.XceiverServerRatis (XceiverServerRatis.java:triggerPipelineClose(568)) - pipeline Action CLOSE  on pipeline PipelineID=14a294df-f6cd-45c4-a05c-815fde6fcad8.Reason : 8bc19c34-ed99-4952-a694-bf62b7894053 has not seen follower/s f44a2839-6f6e-45eb-9e76-f53daf5fe8b6 for 168418ms 24ad807e-6d45-451f-a21b-d43dbe93db59 for 168418ms
2019-09-11 20:01:50,105 [org.apache.ratis.server.impl.LogAppender$AppenderDaemon$$Lambda$513/1740195529@329fb36f] ERROR ratis.XceiverServerRatis (XceiverServerRatis.java:triggerPipelineClose(568)) - pipeline Action CLOSE  on pipeline PipelineID=14a294df-f6cd-45c4-a05c-815fde6fcad8.Reason : 8bc19c34-ed99-4952-a694-bf62b7894053 has not seen follower/s f44a2839-6f6e-45eb-9e76-f53daf5fe8b6 for 168418ms 24ad807e-6d45-451f-a21b-d43dbe93db59 for 168419ms
2019-09-11 20:01:50,603 [java.util.concurrent.ThreadPoolExecutor$Worker@28769ca6[State = -1, empty queue]] WARN  server.GrpcLogAppender (GrpcLogAppender.java:timeoutAppendRequest(200)) - 8bc19c34-ed99-4952-a694-bf62b7894053@group-815FDE6FCAD8->24ad807e-6d45-451f-a21b-d43dbe93db59-GrpcLogAppender: appendEntries Timeout, request=8bc19c34-ed99-4952-a694-bf62b7894053->24ad807e-6d45-451f-a21b-d43dbe93db59#79-t1, previous=(t:1, i:12), leaderCommit=6, initializing? false, entries: <empty>
2019-09-11 20:01:50,603 [java.util.concurrent.ThreadPoolExecutor$Worker@78bd30d7[State = -1, empty queue]] WARN  server.GrpcLogAppender (GrpcLogAppender.java:timeoutAppendRequest(200)) - 8bc19c34-ed99-4952-a694-bf62b7894053@group-815FDE6FCAD8->f44a2839-6f6e-45eb-9e76-f53daf5fe8b6-GrpcLogAppender: appendEntries Timeout, request=8bc19c34-ed99-4952-a694-bf62b7894053->f44a2839-6f6e-45eb-9e76-f53daf5fe8b6#79-t1, previous=(t:1, i:12), leaderCommit=6, initializing? false, entries: <empty>
2019-09-11 20:01:51,103 [EventQueue-PipelineActionsForPipelineActionHandler] ERROR pipeline.PipelineActionHandler (PipelineActionHandler.java:onMessage(60)) - Received pipeline action CLOSE for Pipeline[ Id: 14a294df-f6cd-45c4-a05c-815fde6fcad8, Nodes: 8bc19c34-ed99-4952-a694-bf62b7894053{ip: 192.168.36.83, host: pr-hdds-2096-jg2tg-1247294052, networkLocation: /default-rack, certSerialId: null}f44a2839-6f6e-45eb-9e76-f53daf5fe8b6{ip: 192.168.36.83, host: pr-hdds-2096-jg2tg-1247294052, networkLocation: /default-rack, certSerialId: null}24ad807e-6d45-451f-a21b-d43dbe93db59{ip: 192.168.36.83, host: pr-hdds-2096-jg2tg-1247294052, networkLocation: /default-rack, certSerialId: null}, Type:RATIS, Factor:THREE, State:CLOSED] from datanode 8bc19c34-ed99-4952-a694-bf62b7894053{ip: 192.168.36.83, host: pr-hdds-2096-jg2tg-1247294052, networkLocation: /default-rack, certSerialId: null}. Reason : 8bc19c34-ed99-4952-a694-bf62b7894053 has not seen follower/s f44a2839-6f6e-45eb-9e76-f53daf5fe8b6 for 168418ms 24ad807e-6d45-451f-a21b-d43dbe93db59 for 168418ms
2019-09-11 20:01:51,104 [EventQueue-PipelineActionsForPipelineActionHandler] INFO  pipeline.SCMPipelineManager (SCMPipelineManager.java:finalizeAndDestroyPipeline(311)) - destroying pipeline:Pipeline[ Id: 14a294df-f6cd-45c4-a05c-815fde6fcad8, Nodes: 8bc19c34-ed99-4952-a694-bf62b7894053{ip: 192.168.36.83, host: pr-hdds-2096-jg2tg-1247294052, networkLocation: /default-rack, certSerialId: null}f44a2839-6f6e-45eb-9e76-f53daf5fe8b6{ip: 192.168.36.83, host: pr-hdds-2096-jg2tg-1247294052, networkLocation: /default-rack, certSerialId: null}24ad807e-6d45-451f-a21b-d43dbe93db59{ip: 192.168.36.83, host: pr-hdds-2096-jg2tg-1247294052, networkLocation: /default-rack, certSerialId: null}, Type:RATIS, Factor:THREE, State:CLOSED]
2019-09-11 20:01:52,001 [8bc19c34-ed99-4952-a694-bf62b7894053@group-815FDE6FCAD8-SegmentedRaftLogWorker] WARN  segmented.SegmentedRaftLogWorker (SegmentedRaftLogWorker.java:getFromFuture(90)) - Timeout 16/~
org.apache.ratis.protocol.TimeoutIOException: Timeout 10s: WriteLog:7: (t:1, i:7), STATEMACHINELOGENTRY, client-7CA8507644EA, cid=16-writeStateMachineData
	at org.apache.ratis.util.IOUtils.getFromFuture(IOUtils.java:87)
	at org.apache.ratis.server.raftlog.segmented.SegmentedRaftLogWorker$StateMachineDataPolicy.getFromFuture(SegmentedRaftLogWorker.java:87)
	at org.apache.ratis.server.raftlog.segmented.SegmentedRaftLogWorker$WriteLog.execute(SegmentedRaftLogWorker.java:477)
	at org.apache.ratis.server.raftlog.segmented.SegmentedRaftLogWorker.run(SegmentedRaftLogWorker.java:289)
	at java.lang.Thread.run(Thread.java:748)
Caused by: java.util.concurrent.TimeoutException
	at java.util.concurrent.CompletableFuture.timedGet(CompletableFuture.java:1771)
	at java.util.concurrent.CompletableFuture.get(CompletableFuture.java:1915)
	at org.apache.ratis.util.IOUtils.getFromFuture(IOUtils.java:79)
	... 4 more
2019-09-11 20:01:52,108 [f44a2839-6f6e-45eb-9e76-f53daf5fe8b6@group-815FDE6FCAD8-SegmentedRaftLogWorker] WARN  segmented.SegmentedRaftLogWorker (SegmentedRaftLogWorker.java:getFromFuture(90)) - Timeout 16/~
org.apache.ratis.protocol.TimeoutIOException: Timeout 10s: WriteLog:8: (t:1, i:8), STATEMACHINELOGENTRY, client-7CA8507644EA, cid=17-writeStateMachineData
	at org.apache.ratis.util.IOUtils.getFromFuture(IOUtils.java:87)
	at org.apache.ratis.server.raftlog.segmented.SegmentedRaftLogWorker$StateMachineDataPolicy.getFromFuture(SegmentedRaftLogWorker.java:87)
	at org.apache.ratis.server.raftlog.segmented.SegmentedRaftLogWorker$WriteLog.execute(SegmentedRaftLogWorker.java:477)
	at org.apache.ratis.server.raftlog.segmented.SegmentedRaftLogWorker.run(SegmentedRaftLogWorker.java:289)
	at java.lang.Thread.run(Thread.java:748)
Caused by: java.util.concurrent.TimeoutException
	at java.util.concurrent.CompletableFuture.timedGet(CompletableFuture.java:1771)
	at java.util.concurrent.CompletableFuture.get(CompletableFuture.java:1915)
	at org.apache.ratis.util.IOUtils.getFromFuture(IOUtils.java:79)
	... 4 more
2019-09-11 20:01:52,109 [24ad807e-6d45-451f-a21b-d43dbe93db59@group-815FDE6FCAD8-SegmentedRaftLogWorker] WARN  segmented.SegmentedRaftLogWorker (SegmentedRaftLogWorker.java:getFromFuture(90)) - Timeout 16/~
org.apache.ratis.protocol.TimeoutIOException: Timeout 10s: WriteLog:8: (t:1, i:8), STATEMACHINELOGENTRY, client-7CA8507644EA, cid=17-writeStateMachineData
	at org.apache.ratis.util.IOUtils.getFromFuture(IOUtils.java:87)
	at org.apache.ratis.server.raftlog.segmented.SegmentedRaftLogWorker$StateMachineDataPolicy.getFromFuture(SegmentedRaftLogWorker.java:87)
	at org.apache.ratis.server.raftlog.segmented.SegmentedRaftLogWorker$WriteLog.execute(SegmentedRaftLogWorker.java:477)
	at org.apache.ratis.server.raftlog.segmented.SegmentedRaftLogWorker.run(SegmentedRaftLogWorker.java:289)
	at java.lang.Thread.run(Thread.java:748)
Caused by: java.util.concurrent.TimeoutException
	at java.util.concurrent.CompletableFuture.timedGet(CompletableFuture.java:1771)
	at java.util.concurrent.CompletableFuture.get(CompletableFuture.java:1915)
	at org.apache.ratis.util.IOUtils.getFromFuture(IOUtils.java:79)
	... 4 more
2019-09-11 20:01:52,605 [org.apache.ratis.server.impl.LogAppender$AppenderDaemon$$Lambda$513/1740195529@16de7a74] ERROR ratis.XceiverServerRatis (XceiverServerRatis.java:triggerPipelineClose(568)) - pipeline Action CLOSE  on pipeline PipelineID=14a294df-f6cd-45c4-a05c-815fde6fcad8.Reason : 8bc19c34-ed99-4952-a694-bf62b7894053 has not seen follower/s f44a2839-6f6e-45eb-9e76-f53daf5fe8b6 for 170919ms 24ad807e-6d45-451f-a21b-d43dbe93db59 for 170919ms
2019-09-11 20:01:52,605 [org.apache.ratis.server.impl.LogAppender$AppenderDaemon$$Lambda$513/1740195529@329fb36f] ERROR ratis.XceiverServerRatis (XceiverServerRatis.java:triggerPipelineClose(568)) - pipeline Action CLOSE  on pipeline PipelineID=14a294df-f6cd-45c4-a05c-815fde6fcad8.Reason : 8bc19c34-ed99-4952-a694-bf62b7894053 has not seen follower/s f44a2839-6f6e-45eb-9e76-f53daf5fe8b6 for 170919ms 24ad807e-6d45-451f-a21b-d43dbe93db59 for 170920ms
2019-09-11 20:01:53,103 [EventQueue-PipelineActionsForPipelineActionHandler] ERROR pipeline.PipelineActionHandler (PipelineActionHandler.java:onMessage(60)) - Received pipeline action CLOSE for Pipeline[ Id: 14a294df-f6cd-45c4-a05c-815fde6fcad8, Nodes: 8bc19c34-ed99-4952-a694-bf62b7894053{ip: 192.168.36.83, host: pr-hdds-2096-jg2tg-1247294052, networkLocation: /default-rack, certSerialId: null}f44a2839-6f6e-45eb-9e76-f53daf5fe8b6{ip: 192.168.36.83, host: pr-hdds-2096-jg2tg-1247294052, networkLocation: /default-rack, certSerialId: null}24ad807e-6d45-451f-a21b-d43dbe93db59{ip: 192.168.36.83, host: pr-hdds-2096-jg2tg-1247294052, networkLocation: /default-rack, certSerialId: null}, Type:RATIS, Factor:THREE, State:CLOSED] from datanode 8bc19c34-ed99-4952-a694-bf62b7894053{ip: 192.168.36.83, host: pr-hdds-2096-jg2tg-1247294052, networkLocation: /default-rack, certSerialId: null}. Reason : 8bc19c34-ed99-4952-a694-bf62b7894053 has not seen follower/s f44a2839-6f6e-45eb-9e76-f53daf5fe8b6 for 170919ms 24ad807e-6d45-451f-a21b-d43dbe93db59 for 170919ms
2019-09-11 20:01:53,103 [EventQueue-PipelineActionsForPipelineActionHandler] INFO  pipeline.SCMPipelineManager (SCMPipelineManager.java:finalizeAndDestroyPipeline(311)) - destroying pipeline:Pipeline[ Id: 14a294df-f6cd-45c4-a05c-815fde6fcad8, Nodes: 8bc19c34-ed99-4952-a694-bf62b7894053{ip: 192.168.36.83, host: pr-hdds-2096-jg2tg-1247294052, networkLocation: /default-rack, certSerialId: null}f44a2839-6f6e-45eb-9e76-f53daf5fe8b6{ip: 192.168.36.83, host: pr-hdds-2096-jg2tg-1247294052, networkLocation: /default-rack, certSerialId: null}24ad807e-6d45-451f-a21b-d43dbe93db59{ip: 192.168.36.83, host: pr-hdds-2096-jg2tg-1247294052, networkLocation: /default-rack, certSerialId: null}, Type:RATIS, Factor:THREE, State:CLOSED]
2019-09-11 20:01:53,104 [java.util.concurrent.ThreadPoolExecutor$Worker@78bd30d7[State = -1, empty queue]] WARN  server.GrpcLogAppender (GrpcLogAppender.java:timeoutAppendRequest(200)) - 8bc19c34-ed99-4952-a694-bf62b7894053@group-815FDE6FCAD8->f44a2839-6f6e-45eb-9e76-f53daf5fe8b6-GrpcLogAppender: appendEntries Timeout, request=8bc19c34-ed99-4952-a694-bf62b7894053->f44a2839-6f6e-45eb-9e76-f53daf5fe8b6#80-t1, previous=(t:1, i:12), leaderCommit=6, initializing? false, entries: <empty>
2019-09-11 20:01:53,105 [java.util.concurrent.ThreadPoolExecutor$Worker@28769ca6[State = -1, empty queue]] WARN  server.GrpcLogAppender (GrpcLogAppender.java:timeoutAppendRequest(200)) - 8bc19c34-ed99-4952-a694-bf62b7894053@group-815FDE6FCAD8->24ad807e-6d45-451f-a21b-d43dbe93db59-GrpcLogAppender: appendEntries Timeout, request=8bc19c34-ed99-4952-a694-bf62b7894053->24ad807e-6d45-451f-a21b-d43dbe93db59#80-t1, previous=(t:1, i:12), leaderCommit=6, initializing? false, entries: <empty>
2019-09-11 20:01:54,089 [grpc-default-executor-1] INFO  client.GrpcClientProtocolClient (GrpcClientProtocolClient.java:onNext(264)) - client-7CA8507644EA->f44a2839-6f6e-45eb-9e76-f53daf5fe8b6: receive RaftClientReply:client-7CA8507644EA->f44a2839-6f6e-45eb-9e76-f53daf5fe8b6@group-815FDE6FCAD8, cid=16, FAILED org.apache.ratis.protocol.NotLeaderException: Server f44a2839-6f6e-45eb-9e76-f53daf5fe8b6@group-815FDE6FCAD8 is not the leader 8bc19c34-ed99-4952-a694-bf62b7894053:192.168.36.83:44276, logIndex=0, commits[f44a2839-6f6e-45eb-9e76-f53daf5fe8b6:c6, 24ad807e-6d45-451f-a21b-d43dbe93db59:c4, 8bc19c34-ed99-4952-a694-bf62b7894053:c6]
2019-09-11 20:01:55,106 [org.apache.ratis.server.impl.LogAppender$AppenderDaemon$$Lambda$513/1740195529@16de7a74] ERROR ratis.XceiverServerRatis (XceiverServerRatis.java:triggerPipelineClose(568)) - pipeline Action CLOSE  on pipeline PipelineID=14a294df-f6cd-45c4-a05c-815fde6fcad8.Reason : 8bc19c34-ed99-4952-a694-bf62b7894053 has not seen follower/s f44a2839-6f6e-45eb-9e76-f53daf5fe8b6 for 173420ms 24ad807e-6d45-451f-a21b-d43dbe93db59 for 173420ms
2019-09-11 20:01:55,106 [org.apache.ratis.server.impl.LogAppender$AppenderDaemon$$Lambda$513/1740195529@329fb36f] ERROR ratis.XceiverServerRatis (XceiverServerRatis.java:triggerPipelineClose(568)) - pipeline Action CLOSE  on pipeline PipelineID=14a294df-f6cd-45c4-a05c-815fde6fcad8.Reason : 8bc19c34-ed99-4952-a694-bf62b7894053 has not seen follower/s f44a2839-6f6e-45eb-9e76-f53daf5fe8b6 for 173420ms 24ad807e-6d45-451f-a21b-d43dbe93db59 for 173420ms
2019-09-11 20:01:55,115 [EventQueue-PipelineActionsForPipelineActionHandler] ERROR pipeline.PipelineActionHandler (PipelineActionHandler.java:onMessage(60)) - Received pipeline action CLOSE for Pipeline[ Id: 14a294df-f6cd-45c4-a05c-815fde6fcad8, Nodes: 8bc19c34-ed99-4952-a694-bf62b7894053{ip: 192.168.36.83, host: pr-hdds-2096-jg2tg-1247294052, networkLocation: /default-rack, certSerialId: null}f44a2839-6f6e-45eb-9e76-f53daf5fe8b6{ip: 192.168.36.83, host: pr-hdds-2096-jg2tg-1247294052, networkLocation: /default-rack, certSerialId: null}24ad807e-6d45-451f-a21b-d43dbe93db59{ip: 192.168.36.83, host: pr-hdds-2096-jg2tg-1247294052, networkLocation: /default-rack, certSerialId: null}, Type:RATIS, Factor:THREE, State:CLOSED] from datanode 8bc19c34-ed99-4952-a694-bf62b7894053{ip: 192.168.36.83, host: pr-hdds-2096-jg2tg-1247294052, networkLocation: /default-rack, certSerialId: null}. Reason : 8bc19c34-ed99-4952-a694-bf62b7894053 has not seen follower/s f44a2839-6f6e-45eb-9e76-f53daf5fe8b6 for 173420ms 24ad807e-6d45-451f-a21b-d43dbe93db59 for 173420ms
2019-09-11 20:01:55,115 [EventQueue-PipelineActionsForPipelineActionHandler] INFO  pipeline.SCMPipelineManager (SCMPipelineManager.java:finalizeAndDestroyPipeline(311)) - destroying pipeline:Pipeline[ Id: 14a294df-f6cd-45c4-a05c-815fde6fcad8, Nodes: 8bc19c34-ed99-4952-a694-bf62b7894053{ip: 192.168.36.83, host: pr-hdds-2096-jg2tg-1247294052, networkLocation: /default-rack, certSerialId: null}f44a2839-6f6e-45eb-9e76-f53daf5fe8b6{ip: 192.168.36.83, host: pr-hdds-2096-jg2tg-1247294052, networkLocation: /default-rack, certSerialId: null}24ad807e-6d45-451f-a21b-d43dbe93db59{ip: 192.168.36.83, host: pr-hdds-2096-jg2tg-1247294052, networkLocation: /default-rack, certSerialId: null}, Type:RATIS, Factor:THREE, State:CLOSED]
2019-09-11 20:01:55,605 [java.util.concurrent.ThreadPoolExecutor$Worker@78bd30d7[State = -1, empty queue]] WARN  server.GrpcLogAppender (GrpcLogAppender.java:timeoutAppendRequest(200)) - 8bc19c34-ed99-4952-a694-bf62b7894053@group-815FDE6FCAD8->f44a2839-6f6e-45eb-9e76-f53daf5fe8b6-GrpcLogAppender: appendEntries Timeout, request=8bc19c34-ed99-4952-a694-bf62b7894053->f44a2839-6f6e-45eb-9e76-f53daf5fe8b6#81-t1, previous=(t:1, i:12), leaderCommit=6, initializing? false, entries: <empty>
2019-09-11 20:01:55,605 [java.util.concurrent.ThreadPoolExecutor$Worker@28769ca6[State = -1, empty queue]] WARN  server.GrpcLogAppender (GrpcLogAppender.java:timeoutAppendRequest(200)) - 8bc19c34-ed99-4952-a694-bf62b7894053@group-815FDE6FCAD8->24ad807e-6d45-451f-a21b-d43dbe93db59-GrpcLogAppender: appendEntries Timeout, request=8bc19c34-ed99-4952-a694-bf62b7894053->24ad807e-6d45-451f-a21b-d43dbe93db59#81-t1, previous=(t:1, i:12), leaderCommit=6, initializing? false, entries: <empty>
2019-09-11 20:01:57,607 [org.apache.ratis.server.impl.LogAppender$AppenderDaemon$$Lambda$513/1740195529@16de7a74] ERROR ratis.XceiverServerRatis (XceiverServerRatis.java:triggerPipelineClose(568)) - pipeline Action CLOSE  on pipeline PipelineID=14a294df-f6cd-45c4-a05c-815fde6fcad8.Reason : 8bc19c34-ed99-4952-a694-bf62b7894053 has not seen follower/s f44a2839-6f6e-45eb-9e76-f53daf5fe8b6 for 175921ms 24ad807e-6d45-451f-a21b-d43dbe93db59 for 175921ms
2019-09-11 20:01:57,607 [org.apache.ratis.server.impl.LogAppender$AppenderDaemon$$Lambda$513/1740195529@329fb36f] ERROR ratis.XceiverServerRatis (XceiverServerRatis.java:triggerPipelineClose(568)) - pipeline Action CLOSE  on pipeline PipelineID=14a294df-f6cd-45c4-a05c-815fde6fcad8.Reason : 8bc19c34-ed99-4952-a694-bf62b7894053 has not seen follower/s f44a2839-6f6e-45eb-9e76-f53daf5fe8b6 for 175921ms 24ad807e-6d45-451f-a21b-d43dbe93db59 for 175921ms
2019-09-11 20:01:58,106 [java.util.concurrent.ThreadPoolExecutor$Worker@78bd30d7[State = -1, empty queue]] WARN  server.GrpcLogAppender (GrpcLogAppender.java:timeoutAppendRequest(200)) - 8bc19c34-ed99-4952-a694-bf62b7894053@group-815FDE6FCAD8->f44a2839-6f6e-45eb-9e76-f53daf5fe8b6-GrpcLogAppender: appendEntries Timeout, request=8bc19c34-ed99-4952-a694-bf62b7894053->f44a2839-6f6e-45eb-9e76-f53daf5fe8b6#82-t1, previous=(t:1, i:12), leaderCommit=6, initializing? false, entries: <empty>
2019-09-11 20:01:58,106 [java.util.concurrent.ThreadPoolExecutor$Worker@28769ca6[State = -1, empty queue]] WARN  server.GrpcLogAppender (GrpcLogAppender.java:timeoutAppendRequest(200)) - 8bc19c34-ed99-4952-a694-bf62b7894053@group-815FDE6FCAD8->24ad807e-6d45-451f-a21b-d43dbe93db59-GrpcLogAppender: appendEntries Timeout, request=8bc19c34-ed99-4952-a694-bf62b7894053->24ad807e-6d45-451f-a21b-d43dbe93db59#82-t1, previous=(t:1, i:12), leaderCommit=6, initializing? false, entries: <empty>
2019-09-11 20:01:58,115 [EventQueue-PipelineActionsForPipelineActionHandler] ERROR pipeline.PipelineActionHandler (PipelineActionHandler.java:onMessage(60)) - Received pipeline action CLOSE for Pipeline[ Id: 14a294df-f6cd-45c4-a05c-815fde6fcad8, Nodes: 8bc19c34-ed99-4952-a694-bf62b7894053{ip: 192.168.36.83, host: pr-hdds-2096-jg2tg-1247294052, networkLocation: /default-rack, certSerialId: null}f44a2839-6f6e-45eb-9e76-f53daf5fe8b6{ip: 192.168.36.83, host: pr-hdds-2096-jg2tg-1247294052, networkLocation: /default-rack, certSerialId: null}24ad807e-6d45-451f-a21b-d43dbe93db59{ip: 192.168.36.83, host: pr-hdds-2096-jg2tg-1247294052, networkLocation: /default-rack, certSerialId: null}, Type:RATIS, Factor:THREE, State:CLOSED] from datanode 8bc19c34-ed99-4952-a694-bf62b7894053{ip: 192.168.36.83, host: pr-hdds-2096-jg2tg-1247294052, networkLocation: /default-rack, certSerialId: null}. Reason : 8bc19c34-ed99-4952-a694-bf62b7894053 has not seen follower/s f44a2839-6f6e-45eb-9e76-f53daf5fe8b6 for 175921ms 24ad807e-6d45-451f-a21b-d43dbe93db59 for 175921ms
2019-09-11 20:01:58,115 [EventQueue-PipelineActionsForPipelineActionHandler] INFO  pipeline.SCMPipelineManager (SCMPipelineManager.java:finalizeAndDestroyPipeline(311)) - destroying pipeline:Pipeline[ Id: 14a294df-f6cd-45c4-a05c-815fde6fcad8, Nodes: 8bc19c34-ed99-4952-a694-bf62b7894053{ip: 192.168.36.83, host: pr-hdds-2096-jg2tg-1247294052, networkLocation: /default-rack, certSerialId: null}f44a2839-6f6e-45eb-9e76-f53daf5fe8b6{ip: 192.168.36.83, host: pr-hdds-2096-jg2tg-1247294052, networkLocation: /default-rack, certSerialId: null}24ad807e-6d45-451f-a21b-d43dbe93db59{ip: 192.168.36.83, host: pr-hdds-2096-jg2tg-1247294052, networkLocation: /default-rack, certSerialId: null}, Type:RATIS, Factor:THREE, State:CLOSED]
2019-09-11 20:01:59,159 [grpc-default-executor-0] INFO  client.GrpcClientProtocolClient (GrpcClientProtocolClient.java:onNext(264)) - client-7CA8507644EA->24ad807e-6d45-451f-a21b-d43dbe93db59: receive RaftClientReply:client-7CA8507644EA->24ad807e-6d45-451f-a21b-d43dbe93db59@group-815FDE6FCAD8, cid=16, FAILED org.apache.ratis.protocol.NotLeaderException: Server 24ad807e-6d45-451f-a21b-d43dbe93db59@group-815FDE6FCAD8 is not the leader 8bc19c34-ed99-4952-a694-bf62b7894053:192.168.36.83:44276, logIndex=0, commits[24ad807e-6d45-451f-a21b-d43dbe93db59:c6, f44a2839-6f6e-45eb-9e76-f53daf5fe8b6:c4, 8bc19c34-ed99-4952-a694-bf62b7894053:c6]
2019-09-11 20:02:00,108 [org.apache.ratis.server.impl.LogAppender$AppenderDaemon$$Lambda$513/1740195529@329fb36f] ERROR ratis.XceiverServerRatis (XceiverServerRatis.java:triggerPipelineClose(568)) - pipeline Action CLOSE  on pipeline PipelineID=14a294df-f6cd-45c4-a05c-815fde6fcad8.Reason : 8bc19c34-ed99-4952-a694-bf62b7894053 has not seen follower/s f44a2839-6f6e-45eb-9e76-f53daf5fe8b6 for 178422ms 24ad807e-6d45-451f-a21b-d43dbe93db59 for 178422ms
2019-09-11 20:02:00,108 [org.apache.ratis.server.impl.LogAppender$AppenderDaemon$$Lambda$513/1740195529@16de7a74] ERROR ratis.XceiverServerRatis (XceiverServerRatis.java:triggerPipelineClose(568)) - pipeline Action CLOSE  on pipeline PipelineID=14a294df-f6cd-45c4-a05c-815fde6fcad8.Reason : 8bc19c34-ed99-4952-a694-bf62b7894053 has not seen follower/s f44a2839-6f6e-45eb-9e76-f53daf5fe8b6 for 178422ms 24ad807e-6d45-451f-a21b-d43dbe93db59 for 178423ms
2019-09-11 20:02:00,115 [EventQueue-PipelineActionsForPipelineActionHandler] ERROR pipeline.PipelineActionHandler (PipelineActionHandler.java:onMessage(60)) - Received pipeline action CLOSE for Pipeline[ Id: 14a294df-f6cd-45c4-a05c-815fde6fcad8, Nodes: 8bc19c34-ed99-4952-a694-bf62b7894053{ip: 192.168.36.83, host: pr-hdds-2096-jg2tg-1247294052, networkLocation: /default-rack, certSerialId: null}f44a2839-6f6e-45eb-9e76-f53daf5fe8b6{ip: 192.168.36.83, host: pr-hdds-2096-jg2tg-1247294052, networkLocation: /default-rack, certSerialId: null}24ad807e-6d45-451f-a21b-d43dbe93db59{ip: 192.168.36.83, host: pr-hdds-2096-jg2tg-1247294052, networkLocation: /default-rack, certSerialId: null}, Type:RATIS, Factor:THREE, State:CLOSED] from datanode 8bc19c34-ed99-4952-a694-bf62b7894053{ip: 192.168.36.83, host: pr-hdds-2096-jg2tg-1247294052, networkLocation: /default-rack, certSerialId: null}. Reason : 8bc19c34-ed99-4952-a694-bf62b7894053 has not seen follower/s f44a2839-6f6e-45eb-9e76-f53daf5fe8b6 for 178422ms 24ad807e-6d45-451f-a21b-d43dbe93db59 for 178422ms
2019-09-11 20:02:00,115 [EventQueue-PipelineActionsForPipelineActionHandler] INFO  pipeline.SCMPipelineManager (SCMPipelineManager.java:finalizeAndDestroyPipeline(311)) - destroying pipeline:Pipeline[ Id: 14a294df-f6cd-45c4-a05c-815fde6fcad8, Nodes: 8bc19c34-ed99-4952-a694-bf62b7894053{ip: 192.168.36.83, host: pr-hdds-2096-jg2tg-1247294052, networkLocation: /default-rack, certSerialId: null}f44a2839-6f6e-45eb-9e76-f53daf5fe8b6{ip: 192.168.36.83, host: pr-hdds-2096-jg2tg-1247294052, networkLocation: /default-rack, certSerialId: null}24ad807e-6d45-451f-a21b-d43dbe93db59{ip: 192.168.36.83, host: pr-hdds-2096-jg2tg-1247294052, networkLocation: /default-rack, certSerialId: null}, Type:RATIS, Factor:THREE, State:CLOSED]
2019-09-11 20:02:00,607 [java.util.concurrent.ThreadPoolExecutor$Worker@78bd30d7[State = -1, empty queue]] WARN  server.GrpcLogAppender (GrpcLogAppender.java:timeoutAppendRequest(200)) - 8bc19c34-ed99-4952-a694-bf62b7894053@group-815FDE6FCAD8->f44a2839-6f6e-45eb-9e76-f53daf5fe8b6-GrpcLogAppender: appendEntries Timeout, request=8bc19c34-ed99-4952-a694-bf62b7894053->f44a2839-6f6e-45eb-9e76-f53daf5fe8b6#83-t1, previous=(t:1, i:12), leaderCommit=6, initializing? false, entries: <empty>
2019-09-11 20:02:00,607 [java.util.concurrent.ThreadPoolExecutor$Worker@28769ca6[State = -1, empty queue]] WARN  server.GrpcLogAppender (GrpcLogAppender.java:timeoutAppendRequest(200)) - 8bc19c34-ed99-4952-a694-bf62b7894053@group-815FDE6FCAD8->24ad807e-6d45-451f-a21b-d43dbe93db59-GrpcLogAppender: appendEntries Timeout, request=8bc19c34-ed99-4952-a694-bf62b7894053->24ad807e-6d45-451f-a21b-d43dbe93db59#83-t1, previous=(t:1, i:12), leaderCommit=6, initializing? false, entries: <empty>
2019-09-11 20:02:02,002 [8bc19c34-ed99-4952-a694-bf62b7894053@group-815FDE6FCAD8-SegmentedRaftLogWorker] WARN  segmented.SegmentedRaftLogWorker (SegmentedRaftLogWorker.java:getFromFuture(90)) - Timeout 17/~
org.apache.ratis.protocol.TimeoutIOException: Timeout 10s: WriteLog:7: (t:1, i:7), STATEMACHINELOGENTRY, client-7CA8507644EA, cid=16-writeStateMachineData
	at org.apache.ratis.util.IOUtils.getFromFuture(IOUtils.java:87)
	at org.apache.ratis.server.raftlog.segmented.SegmentedRaftLogWorker$StateMachineDataPolicy.getFromFuture(SegmentedRaftLogWorker.java:87)
	at org.apache.ratis.server.raftlog.segmented.SegmentedRaftLogWorker$WriteLog.execute(SegmentedRaftLogWorker.java:477)
	at org.apache.ratis.server.raftlog.segmented.SegmentedRaftLogWorker.run(SegmentedRaftLogWorker.java:289)
	at java.lang.Thread.run(Thread.java:748)
Caused by: java.util.concurrent.TimeoutException
	at java.util.concurrent.CompletableFuture.timedGet(CompletableFuture.java:1771)
	at java.util.concurrent.CompletableFuture.get(CompletableFuture.java:1915)
	at org.apache.ratis.util.IOUtils.getFromFuture(IOUtils.java:79)
	... 4 more
2019-09-11 20:02:02,109 [f44a2839-6f6e-45eb-9e76-f53daf5fe8b6@group-815FDE6FCAD8-SegmentedRaftLogWorker] WARN  segmented.SegmentedRaftLogWorker (SegmentedRaftLogWorker.java:getFromFuture(90)) - Timeout 17/~
org.apache.ratis.protocol.TimeoutIOException: Timeout 10s: WriteLog:8: (t:1, i:8), STATEMACHINELOGENTRY, client-7CA8507644EA, cid=17-writeStateMachineData
	at org.apache.ratis.util.IOUtils.getFromFuture(IOUtils.java:87)
	at org.apache.ratis.server.raftlog.segmented.SegmentedRaftLogWorker$StateMachineDataPolicy.getFromFuture(SegmentedRaftLogWorker.java:87)
	at org.apache.ratis.server.raftlog.segmented.SegmentedRaftLogWorker$WriteLog.execute(SegmentedRaftLogWorker.java:477)
	at org.apache.ratis.server.raftlog.segmented.SegmentedRaftLogWorker.run(SegmentedRaftLogWorker.java:289)
	at java.lang.Thread.run(Thread.java:748)
Caused by: java.util.concurrent.TimeoutException
	at java.util.concurrent.CompletableFuture.timedGet(CompletableFuture.java:1771)
	at java.util.concurrent.CompletableFuture.get(CompletableFuture.java:1915)
	at org.apache.ratis.util.IOUtils.getFromFuture(IOUtils.java:79)
	... 4 more
2019-09-11 20:02:02,110 [24ad807e-6d45-451f-a21b-d43dbe93db59@group-815FDE6FCAD8-SegmentedRaftLogWorker] WARN  segmented.SegmentedRaftLogWorker (SegmentedRaftLogWorker.java:getFromFuture(90)) - Timeout 17/~
org.apache.ratis.protocol.TimeoutIOException: Timeout 10s: WriteLog:8: (t:1, i:8), STATEMACHINELOGENTRY, client-7CA8507644EA, cid=17-writeStateMachineData
	at org.apache.ratis.util.IOUtils.getFromFuture(IOUtils.java:87)
	at org.apache.ratis.server.raftlog.segmented.SegmentedRaftLogWorker$StateMachineDataPolicy.getFromFuture(SegmentedRaftLogWorker.java:87)
	at org.apache.ratis.server.raftlog.segmented.SegmentedRaftLogWorker$WriteLog.execute(SegmentedRaftLogWorker.java:477)
	at org.apache.ratis.server.raftlog.segmented.SegmentedRaftLogWorker.run(SegmentedRaftLogWorker.java:289)
	at java.lang.Thread.run(Thread.java:748)
Caused by: java.util.concurrent.TimeoutException
	at java.util.concurrent.CompletableFuture.timedGet(CompletableFuture.java:1771)
	at java.util.concurrent.CompletableFuture.get(CompletableFuture.java:1915)
	at org.apache.ratis.util.IOUtils.getFromFuture(IOUtils.java:79)
	... 4 more
2019-09-11 20:02:02,609 [org.apache.ratis.server.impl.LogAppender$AppenderDaemon$$Lambda$513/1740195529@329fb36f] ERROR ratis.XceiverServerRatis (XceiverServerRatis.java:triggerPipelineClose(568)) - pipeline Action CLOSE  on pipeline PipelineID=14a294df-f6cd-45c4-a05c-815fde6fcad8.Reason : 8bc19c34-ed99-4952-a694-bf62b7894053 has not seen follower/s f44a2839-6f6e-45eb-9e76-f53daf5fe8b6 for 180923ms 24ad807e-6d45-451f-a21b-d43dbe93db59 for 180924ms
2019-09-11 20:02:02,609 [org.apache.ratis.server.impl.LogAppender$AppenderDaemon$$Lambda$513/1740195529@16de7a74] ERROR ratis.XceiverServerRatis (XceiverServerRatis.java:triggerPipelineClose(568)) - pipeline Action CLOSE  on pipeline PipelineID=14a294df-f6cd-45c4-a05c-815fde6fcad8.Reason : 8bc19c34-ed99-4952-a694-bf62b7894053 has not seen follower/s f44a2839-6f6e-45eb-9e76-f53daf5fe8b6 for 180923ms 24ad807e-6d45-451f-a21b-d43dbe93db59 for 180924ms
2019-09-11 20:02:03,108 [java.util.concurrent.ThreadPoolExecutor$Worker@28769ca6[State = -1, empty queue]] WARN  server.GrpcLogAppender (GrpcLogAppender.java:timeoutAppendRequest(200)) - 8bc19c34-ed99-4952-a694-bf62b7894053@group-815FDE6FCAD8->24ad807e-6d45-451f-a21b-d43dbe93db59-GrpcLogAppender: appendEntries Timeout, request=8bc19c34-ed99-4952-a694-bf62b7894053->24ad807e-6d45-451f-a21b-d43dbe93db59#84-t1, previous=(t:1, i:12), leaderCommit=6, initializing? false, entries: <empty>
2019-09-11 20:02:03,108 [java.util.concurrent.ThreadPoolExecutor$Worker@78bd30d7[State = -1, empty queue]] WARN  server.GrpcLogAppender (GrpcLogAppender.java:timeoutAppendRequest(200)) - 8bc19c34-ed99-4952-a694-bf62b7894053@group-815FDE6FCAD8->f44a2839-6f6e-45eb-9e76-f53daf5fe8b6-GrpcLogAppender: appendEntries Timeout, request=8bc19c34-ed99-4952-a694-bf62b7894053->f44a2839-6f6e-45eb-9e76-f53daf5fe8b6#84-t1, previous=(t:1, i:12), leaderCommit=6, initializing? false, entries: <empty>
2019-09-11 20:02:03,116 [EventQueue-PipelineActionsForPipelineActionHandler] ERROR pipeline.PipelineActionHandler (PipelineActionHandler.java:onMessage(60)) - Received pipeline action CLOSE for Pipeline[ Id: 14a294df-f6cd-45c4-a05c-815fde6fcad8, Nodes: 8bc19c34-ed99-4952-a694-bf62b7894053{ip: 192.168.36.83, host: pr-hdds-2096-jg2tg-1247294052, networkLocation: /default-rack, certSerialId: null}f44a2839-6f6e-45eb-9e76-f53daf5fe8b6{ip: 192.168.36.83, host: pr-hdds-2096-jg2tg-1247294052, networkLocation: /default-rack, certSerialId: null}24ad807e-6d45-451f-a21b-d43dbe93db59{ip: 192.168.36.83, host: pr-hdds-2096-jg2tg-1247294052, networkLocation: /default-rack, certSerialId: null}, Type:RATIS, Factor:THREE, State:CLOSED] from datanode 8bc19c34-ed99-4952-a694-bf62b7894053{ip: 192.168.36.83, host: pr-hdds-2096-jg2tg-1247294052, networkLocation: /default-rack, certSerialId: null}. Reason : 8bc19c34-ed99-4952-a694-bf62b7894053 has not seen follower/s f44a2839-6f6e-45eb-9e76-f53daf5fe8b6 for 180923ms 24ad807e-6d45-451f-a21b-d43dbe93db59 for 180924ms
2019-09-11 20:02:03,117 [EventQueue-PipelineActionsForPipelineActionHandler] INFO  pipeline.SCMPipelineManager (SCMPipelineManager.java:finalizeAndDestroyPipeline(311)) - destroying pipeline:Pipeline[ Id: 14a294df-f6cd-45c4-a05c-815fde6fcad8, Nodes: 8bc19c34-ed99-4952-a694-bf62b7894053{ip: 192.168.36.83, host: pr-hdds-2096-jg2tg-1247294052, networkLocation: /default-rack, certSerialId: null}f44a2839-6f6e-45eb-9e76-f53daf5fe8b6{ip: 192.168.36.83, host: pr-hdds-2096-jg2tg-1247294052, networkLocation: /default-rack, certSerialId: null}24ad807e-6d45-451f-a21b-d43dbe93db59{ip: 192.168.36.83, host: pr-hdds-2096-jg2tg-1247294052, networkLocation: /default-rack, certSerialId: null}, Type:RATIS, Factor:THREE, State:CLOSED]
2019-09-11 20:02:04,206 [grpc-default-executor-0] INFO  client.GrpcClientProtocolClient (GrpcClientProtocolClient.java:onNext(264)) - client-7CA8507644EA->f44a2839-6f6e-45eb-9e76-f53daf5fe8b6: receive RaftClientReply:client-7CA8507644EA->f44a2839-6f6e-45eb-9e76-f53daf5fe8b6@group-815FDE6FCAD8, cid=16, FAILED org.apache.ratis.protocol.NotLeaderException: Server f44a2839-6f6e-45eb-9e76-f53daf5fe8b6@group-815FDE6FCAD8 is not the leader 8bc19c34-ed99-4952-a694-bf62b7894053:192.168.36.83:44276, logIndex=0, commits[f44a2839-6f6e-45eb-9e76-f53daf5fe8b6:c6, 24ad807e-6d45-451f-a21b-d43dbe93db59:c4, 8bc19c34-ed99-4952-a694-bf62b7894053:c6]
2019-09-11 20:02:05,110 [org.apache.ratis.server.impl.LogAppender$AppenderDaemon$$Lambda$513/1740195529@329fb36f] ERROR ratis.XceiverServerRatis (XceiverServerRatis.java:triggerPipelineClose(568)) - pipeline Action CLOSE  on pipeline PipelineID=14a294df-f6cd-45c4-a05c-815fde6fcad8.Reason : 8bc19c34-ed99-4952-a694-bf62b7894053 has not seen follower/s f44a2839-6f6e-45eb-9e76-f53daf5fe8b6 for 183424ms 24ad807e-6d45-451f-a21b-d43dbe93db59 for 183425ms
2019-09-11 20:02:05,110 [org.apache.ratis.server.impl.LogAppender$AppenderDaemon$$Lambda$513/1740195529@16de7a74] ERROR ratis.XceiverServerRatis (XceiverServerRatis.java:triggerPipelineClose(568)) - pipeline Action CLOSE  on pipeline PipelineID=14a294df-f6cd-45c4-a05c-815fde6fcad8.Reason : 8bc19c34-ed99-4952-a694-bf62b7894053 has not seen follower/s f44a2839-6f6e-45eb-9e76-f53daf5fe8b6 for 183424ms 24ad807e-6d45-451f-a21b-d43dbe93db59 for 183425ms
2019-09-11 20:02:05,117 [EventQueue-PipelineActionsForPipelineActionHandler] ERROR pipeline.PipelineActionHandler (PipelineActionHandler.java:onMessage(60)) - Received pipeline action CLOSE for Pipeline[ Id: 14a294df-f6cd-45c4-a05c-815fde6fcad8, Nodes: 8bc19c34-ed99-4952-a694-bf62b7894053{ip: 192.168.36.83, host: pr-hdds-2096-jg2tg-1247294052, networkLocation: /default-rack, certSerialId: null}f44a2839-6f6e-45eb-9e76-f53daf5fe8b6{ip: 192.168.36.83, host: pr-hdds-2096-jg2tg-1247294052, networkLocation: /default-rack, certSerialId: null}24ad807e-6d45-451f-a21b-d43dbe93db59{ip: 192.168.36.83, host: pr-hdds-2096-jg2tg-1247294052, networkLocation: /default-rack, certSerialId: null}, Type:RATIS, Factor:THREE, State:CLOSED] from datanode 8bc19c34-ed99-4952-a694-bf62b7894053{ip: 192.168.36.83, host: pr-hdds-2096-jg2tg-1247294052, networkLocation: /default-rack, certSerialId: null}. Reason : 8bc19c34-ed99-4952-a694-bf62b7894053 has not seen follower/s f44a2839-6f6e-45eb-9e76-f53daf5fe8b6 for 183424ms 24ad807e-6d45-451f-a21b-d43dbe93db59 for 183425ms
2019-09-11 20:02:05,117 [EventQueue-PipelineActionsForPipelineActionHandler] INFO  pipeline.SCMPipelineManager (SCMPipelineManager.java:finalizeAndDestroyPipeline(311)) - destroying pipeline:Pipeline[ Id: 14a294df-f6cd-45c4-a05c-815fde6fcad8, Nodes: 8bc19c34-ed99-4952-a694-bf62b7894053{ip: 192.168.36.83, host: pr-hdds-2096-jg2tg-1247294052, networkLocation: /default-rack, certSerialId: null}f44a2839-6f6e-45eb-9e76-f53daf5fe8b6{ip: 192.168.36.83, host: pr-hdds-2096-jg2tg-1247294052, networkLocation: /default-rack, certSerialId: null}24ad807e-6d45-451f-a21b-d43dbe93db59{ip: 192.168.36.83, host: pr-hdds-2096-jg2tg-1247294052, networkLocation: /default-rack, certSerialId: null}, Type:RATIS, Factor:THREE, State:CLOSED]
2019-09-11 20:02:05,609 [java.util.concurrent.ThreadPoolExecutor$Worker@78bd30d7[State = -1, empty queue]] WARN  server.GrpcLogAppender (GrpcLogAppender.java:timeoutAppendRequest(200)) - 8bc19c34-ed99-4952-a694-bf62b7894053@group-815FDE6FCAD8->f44a2839-6f6e-45eb-9e76-f53daf5fe8b6-GrpcLogAppender: appendEntries Timeout, request=8bc19c34-ed99-4952-a694-bf62b7894053->f44a2839-6f6e-45eb-9e76-f53daf5fe8b6#85-t1, previous=(t:1, i:12), leaderCommit=6, initializing? false, entries: <empty>
2019-09-11 20:02:05,609 [java.util.concurrent.ThreadPoolExecutor$Worker@28769ca6[State = -1, empty queue]] WARN  server.GrpcLogAppender (GrpcLogAppender.java:timeoutAppendRequest(200)) - 8bc19c34-ed99-4952-a694-bf62b7894053@group-815FDE6FCAD8->24ad807e-6d45-451f-a21b-d43dbe93db59-GrpcLogAppender: appendEntries Timeout, request=8bc19c34-ed99-4952-a694-bf62b7894053->24ad807e-6d45-451f-a21b-d43dbe93db59#85-t1, previous=(t:1, i:12), leaderCommit=6, initializing? false, entries: <empty>
2019-09-11 20:02:07,611 [org.apache.ratis.server.impl.LogAppender$AppenderDaemon$$Lambda$513/1740195529@329fb36f] ERROR ratis.XceiverServerRatis (XceiverServerRatis.java:triggerPipelineClose(568)) - pipeline Action CLOSE  on pipeline PipelineID=14a294df-f6cd-45c4-a05c-815fde6fcad8.Reason : 8bc19c34-ed99-4952-a694-bf62b7894053 has not seen follower/s f44a2839-6f6e-45eb-9e76-f53daf5fe8b6 for 185925ms 24ad807e-6d45-451f-a21b-d43dbe93db59 for 185926ms
2019-09-11 20:02:07,611 [org.apache.ratis.server.impl.LogAppender$AppenderDaemon$$Lambda$513/1740195529@16de7a74] ERROR ratis.XceiverServerRatis (XceiverServerRatis.java:triggerPipelineClose(568)) - pipeline Action CLOSE  on pipeline PipelineID=14a294df-f6cd-45c4-a05c-815fde6fcad8.Reason : 8bc19c34-ed99-4952-a694-bf62b7894053 has not seen follower/s f44a2839-6f6e-45eb-9e76-f53daf5fe8b6 for 185925ms 24ad807e-6d45-451f-a21b-d43dbe93db59 for 185926ms
2019-09-11 20:02:08,094 [grpc-default-executor-1] INFO  impl.RaftServerProxy (RaftServerProxy.java:remove(95)) - 8bc19c34-ed99-4952-a694-bf62b7894053: remove    LEADER 8bc19c34-ed99-4952-a694-bf62b7894053@group-815FDE6FCAD8:t1, leader=8bc19c34-ed99-4952-a694-bf62b7894053, voted=8bc19c34-ed99-4952-a694-bf62b7894053, raftlog=8bc19c34-ed99-4952-a694-bf62b7894053@group-815FDE6FCAD8-SegmentedRaftLog:OPENED:c6,f6,i12, conf=0: [f44a2839-6f6e-45eb-9e76-f53daf5fe8b6:192.168.36.83:36974, 24ad807e-6d45-451f-a21b-d43dbe93db59:192.168.36.83:43423, 8bc19c34-ed99-4952-a694-bf62b7894053:192.168.36.83:44276], old=null RUNNING
2019-09-11 20:02:08,100 [grpc-default-executor-1] INFO  impl.RaftServerImpl (RaftServerImpl.java:lambda$shutdown$3(251)) - 8bc19c34-ed99-4952-a694-bf62b7894053@group-815FDE6FCAD8: shutdown
2019-09-11 20:02:08,100 [grpc-default-executor-1] INFO  util.JmxRegister (JmxRegister.java:unregister(73)) - Successfully un-registered JMX Bean with object name Ratis:service=RaftServer,group=group-815FDE6FCAD8,id=8bc19c34-ed99-4952-a694-bf62b7894053
2019-09-11 20:02:08,101 [grpc-default-executor-1] INFO  impl.RoleInfo (RoleInfo.java:shutdownLeaderState(104)) - 8bc19c34-ed99-4952-a694-bf62b7894053: shutdown LeaderState
2019-09-11 20:02:08,105 [org.apache.ratis.server.impl.LogAppender$AppenderDaemon$$Lambda$513/1740195529@329fb36f] WARN  server.GrpcLogAppender (GrpcLogAppender.java:mayWait(143)) - 8bc19c34-ed99-4952-a694-bf62b7894053@group-815FDE6FCAD8->24ad807e-6d45-451f-a21b-d43dbe93db59-GrpcLogAppender: Wait interrupted by java.lang.InterruptedException
2019-09-11 20:02:08,105 [grpc-default-executor-1] INFO  impl.PendingRequests (PendingRequests.java:sendNotLeaderResponses(202)) - 8bc19c34-ed99-4952-a694-bf62b7894053-PendingRequests: sendNotLeaderResponses
2019-09-11 20:02:08,105 [org.apache.ratis.server.impl.LogAppender$AppenderDaemon$$Lambda$513/1740195529@16de7a74] WARN  server.GrpcLogAppender (GrpcLogAppender.java:mayWait(143)) - 8bc19c34-ed99-4952-a694-bf62b7894053@group-815FDE6FCAD8->f44a2839-6f6e-45eb-9e76-f53daf5fe8b6-GrpcLogAppender: Wait interrupted by java.lang.InterruptedException
2019-09-11 20:02:08,107 [grpc-default-executor-0] INFO  server.GrpcServerProtocolService (GrpcServerProtocolService.java:onCompleted(113)) - 24ad807e-6d45-451f-a21b-d43dbe93db59: Completed APPEND_ENTRIES, lastRequest: 8bc19c34-ed99-4952-a694-bf62b7894053->24ad807e-6d45-451f-a21b-d43dbe93db59#87-t1, previous=(t:1, i:12), leaderCommit=6, initializing? false, entries: <empty>
2019-09-11 20:02:08,107 [grpc-default-executor-2] INFO  server.GrpcServerProtocolService (GrpcServerProtocolService.java:onCompleted(113)) - f44a2839-6f6e-45eb-9e76-f53daf5fe8b6: Completed APPEND_ENTRIES, lastRequest: 8bc19c34-ed99-4952-a694-bf62b7894053->f44a2839-6f6e-45eb-9e76-f53daf5fe8b6#87-t1, previous=(t:1, i:12), leaderCommit=6, initializing? false, entries: <empty>
2019-09-11 20:02:08,110 [grpc-default-executor-0] INFO  server.GrpcLogAppender (GrpcLogAppender.java:onCompleted(293)) - 8bc19c34-ed99-4952-a694-bf62b7894053@group-815FDE6FCAD8->24ad807e-6d45-451f-a21b-d43dbe93db59-AppendLogResponseHandler: follower responses appendEntries COMPLETED
2019-09-11 20:02:08,110 [java.util.concurrent.ThreadPoolExecutor$Worker@78bd30d7[State = -1, empty queue]] WARN  server.GrpcLogAppender (GrpcLogAppender.java:timeoutAppendRequest(200)) - 8bc19c34-ed99-4952-a694-bf62b7894053@group-815FDE6FCAD8->f44a2839-6f6e-45eb-9e76-f53daf5fe8b6-GrpcLogAppender: appendEntries Timeout, request=8bc19c34-ed99-4952-a694-bf62b7894053->f44a2839-6f6e-45eb-9e76-f53daf5fe8b6#86-t1, previous=(t:1, i:12), leaderCommit=6, initializing? false, entries: <empty>
2019-09-11 20:02:08,110 [java.util.concurrent.ThreadPoolExecutor$Worker@28769ca6[State = -1, empty queue]] WARN  server.GrpcLogAppender (GrpcLogAppender.java:timeoutAppendRequest(200)) - 8bc19c34-ed99-4952-a694-bf62b7894053@group-815FDE6FCAD8->24ad807e-6d45-451f-a21b-d43dbe93db59-GrpcLogAppender: appendEntries Timeout, request=8bc19c34-ed99-4952-a694-bf62b7894053->24ad807e-6d45-451f-a21b-d43dbe93db59#86-t1, previous=(t:1, i:12), leaderCommit=6, initializing? false, entries: <empty>
2019-09-11 20:02:08,110 [grpc-default-executor-2] INFO  server.GrpcLogAppender (GrpcLogAppender.java:onCompleted(293)) - 8bc19c34-ed99-4952-a694-bf62b7894053@group-815FDE6FCAD8->f44a2839-6f6e-45eb-9e76-f53daf5fe8b6-AppendLogResponseHandler: follower responses appendEntries COMPLETED
2019-09-11 20:02:08,112 [grpc-default-executor-0] INFO  impl.FollowerInfo (FollowerInfo.java:lambda$new$0(51)) - 8bc19c34-ed99-4952-a694-bf62b7894053@group-815FDE6FCAD8->24ad807e-6d45-451f-a21b-d43dbe93db59: nextIndex: updateUnconditionally 13 -> 7
2019-09-11 20:02:08,112 [grpc-default-executor-2] INFO  impl.FollowerInfo (FollowerInfo.java:lambda$new$0(51)) - 8bc19c34-ed99-4952-a694-bf62b7894053@group-815FDE6FCAD8->f44a2839-6f6e-45eb-9e76-f53daf5fe8b6: nextIndex: updateUnconditionally 13 -> 7
2019-09-11 20:02:08,117 [EventQueue-PipelineActionsForPipelineActionHandler] ERROR pipeline.PipelineActionHandler (PipelineActionHandler.java:onMessage(60)) - Received pipeline action CLOSE for Pipeline[ Id: 14a294df-f6cd-45c4-a05c-815fde6fcad8, Nodes: 8bc19c34-ed99-4952-a694-bf62b7894053{ip: 192.168.36.83, host: pr-hdds-2096-jg2tg-1247294052, networkLocation: /default-rack, certSerialId: null}f44a2839-6f6e-45eb-9e76-f53daf5fe8b6{ip: 192.168.36.83, host: pr-hdds-2096-jg2tg-1247294052, networkLocation: /default-rack, certSerialId: null}24ad807e-6d45-451f-a21b-d43dbe93db59{ip: 192.168.36.83, host: pr-hdds-2096-jg2tg-1247294052, networkLocation: /default-rack, certSerialId: null}, Type:RATIS, Factor:THREE, State:CLOSED] from datanode 8bc19c34-ed99-4952-a694-bf62b7894053{ip: 192.168.36.83, host: pr-hdds-2096-jg2tg-1247294052, networkLocation: /default-rack, certSerialId: null}. Reason : 8bc19c34-ed99-4952-a694-bf62b7894053 has not seen follower/s f44a2839-6f6e-45eb-9e76-f53daf5fe8b6 for 185925ms 24ad807e-6d45-451f-a21b-d43dbe93db59 for 185926ms
2019-09-11 20:02:08,117 [EventQueue-PipelineActionsForPipelineActionHandler] INFO  pipeline.SCMPipelineManager (SCMPipelineManager.java:finalizeAndDestroyPipeline(311)) - destroying pipeline:Pipeline[ Id: 14a294df-f6cd-45c4-a05c-815fde6fcad8, Nodes: 8bc19c34-ed99-4952-a694-bf62b7894053{ip: 192.168.36.83, host: pr-hdds-2096-jg2tg-1247294052, networkLocation: /default-rack, certSerialId: null}f44a2839-6f6e-45eb-9e76-f53daf5fe8b6{ip: 192.168.36.83, host: pr-hdds-2096-jg2tg-1247294052, networkLocation: /default-rack, certSerialId: null}24ad807e-6d45-451f-a21b-d43dbe93db59{ip: 192.168.36.83, host: pr-hdds-2096-jg2tg-1247294052, networkLocation: /default-rack, certSerialId: null}, Type:RATIS, Factor:THREE, State:CLOSED]
2019-09-11 20:02:08,123 [grpc-default-executor-1] INFO  impl.StateMachineUpdater (StateMachineUpdater.java:stopAndJoin(125)) - 8bc19c34-ed99-4952-a694-bf62b7894053@group-815FDE6FCAD8-StateMachineUpdater: set stopIndex = 6
2019-09-11 20:02:08,140 [8bc19c34-ed99-4952-a694-bf62b7894053@group-815FDE6FCAD8-StateMachineUpdater] INFO  ratis.ContainerStateMachine (ContainerStateMachine.java:takeSnapshot(289)) - group-815FDE6FCAD8: Taking a snapshot at:(t:1, i:6) file /workdir/hadoop-ozone/integration-test/target/test-dir/MiniOzoneClusterImpl-0a14e7f9-644e-4233-9ad1-c76f0b8b7528/datanode-6/data/ratis/14a294df-f6cd-45c4-a05c-815fde6fcad8/sm/snapshot.1_6
2019-09-11 20:02:08,141 [Command processor thread] ERROR commandhandler.CloseContainerCommandHandler (CloseContainerCommandHandler.java:handle(125)) - Can't close container #2
java.io.IOException: org.apache.ratis.protocol.GroupMismatchException: 8bc19c34-ed99-4952-a694-bf62b7894053: group-815FDE6FCAD8 not found.
	at org.apache.hadoop.ozone.container.common.transport.server.ratis.XceiverServerRatis.submitRequest(XceiverServerRatis.java:495)
	at org.apache.hadoop.ozone.container.common.statemachine.commandhandler.CloseContainerCommandHandler.handle(CloseContainerCommandHandler.java:102)
	at org.apache.hadoop.ozone.container.common.statemachine.commandhandler.CommandDispatcher.handle(CommandDispatcher.java:99)
	at org.apache.hadoop.ozone.container.common.statemachine.DatanodeStateMachine.lambda$initCommandHandlerThread$1(DatanodeStateMachine.java:432)
	at java.lang.Thread.run(Thread.java:748)
Caused by: java.util.concurrent.ExecutionException: org.apache.ratis.protocol.GroupMismatchException: 8bc19c34-ed99-4952-a694-bf62b7894053: group-815FDE6FCAD8 not found.
	at java.util.concurrent.CompletableFuture.reportGet(CompletableFuture.java:357)
	at java.util.concurrent.CompletableFuture.get(CompletableFuture.java:1895)
	at org.apache.hadoop.ozone.container.common.transport.server.ratis.XceiverServerRatis.submitRequest(XceiverServerRatis.java:493)
	... 4 more
Caused by: org.apache.ratis.protocol.GroupMismatchException: 8bc19c34-ed99-4952-a694-bf62b7894053: group-815FDE6FCAD8 not found.
	at org.apache.ratis.server.impl.RaftServerProxy$ImplMap.get(RaftServerProxy.java:122)
	at org.apache.ratis.server.impl.RaftServerProxy.getImplFuture(RaftServerProxy.java:269)
	at org.apache.ratis.server.impl.RaftServerProxy.submitRequest(RaftServerProxy.java:327)
	at org.apache.ratis.server.impl.RaftServerProxy.submitClientRequestAsync(RaftServerProxy.java:333)
	... 5 more
2019-09-11 20:02:08,176 [8bc19c34-ed99-4952-a694-bf62b7894053@group-815FDE6FCAD8-StateMachineUpdater] INFO  ratis.ContainerStateMachine (ContainerStateMachine.java:takeSnapshot(300)) - group-815FDE6FCAD8: Finished taking a snapshot at:(t:1, i:6) file:/workdir/hadoop-ozone/integration-test/target/test-dir/MiniOzoneClusterImpl-0a14e7f9-644e-4233-9ad1-c76f0b8b7528/datanode-6/data/ratis/14a294df-f6cd-45c4-a05c-815fde6fcad8/sm/snapshot.1_6 time:51
2019-09-11 20:02:08,177 [8bc19c34-ed99-4952-a694-bf62b7894053@group-815FDE6FCAD8-StateMachineUpdater] INFO  impl.StateMachineUpdater (StateMachineUpdater.java:takeSnapshot(258)) - 8bc19c34-ed99-4952-a694-bf62b7894053@group-815FDE6FCAD8-StateMachineUpdater: Took a snapshot at index 6
2019-09-11 20:02:08,179 [8bc19c34-ed99-4952-a694-bf62b7894053@group-815FDE6FCAD8-StateMachineUpdater] INFO  impl.StateMachineUpdater (StateMachineUpdater.java:lambda$new$0(83)) - 8bc19c34-ed99-4952-a694-bf62b7894053@group-815FDE6FCAD8-StateMachineUpdater: snapshotIndex: updateIncreasingly -1 -> 6
2019-09-11 20:02:08,192 [grpc-default-executor-1] INFO  impl.RaftServerImpl (ServerState.java:close(385)) - 8bc19c34-ed99-4952-a694-bf62b7894053@group-815FDE6FCAD8: closes. applyIndex: 6
2019-09-11 20:02:08,194 [8bc19c34-ed99-4952-a694-bf62b7894053@group-815FDE6FCAD8-SegmentedRaftLogWorker] ERROR ratis.XceiverServerRatis (XceiverServerRatis.java:triggerPipelineClose(568)) - pipeline Action CLOSE  on pipeline PipelineID=14a294df-f6cd-45c4-a05c-815fde6fcad8.Reason : WriteLog:7: (t:1, i:7), STATEMACHINELOGENTRY, client-7CA8507644EA, cid=16-writeStateMachineData interrupted.
2019-09-11 20:02:08,196 [grpc-default-executor-1] INFO  segmented.SegmentedRaftLogWorker (SegmentedRaftLogWorker.java:close(228)) - 8bc19c34-ed99-4952-a694-bf62b7894053@group-815FDE6FCAD8-SegmentedRaftLogWorker close()
2019-09-11 20:02:08,196 [EventQueue-PipelineActionsForPipelineActionHandler] ERROR pipeline.PipelineActionHandler (PipelineActionHandler.java:onMessage(60)) - Received pipeline action CLOSE for Pipeline[ Id: 14a294df-f6cd-45c4-a05c-815fde6fcad8, Nodes: 8bc19c34-ed99-4952-a694-bf62b7894053{ip: 192.168.36.83, host: pr-hdds-2096-jg2tg-1247294052, networkLocation: /default-rack, certSerialId: null}f44a2839-6f6e-45eb-9e76-f53daf5fe8b6{ip: 192.168.36.83, host: pr-hdds-2096-jg2tg-1247294052, networkLocation: /default-rack, certSerialId: null}24ad807e-6d45-451f-a21b-d43dbe93db59{ip: 192.168.36.83, host: pr-hdds-2096-jg2tg-1247294052, networkLocation: /default-rack, certSerialId: null}, Type:RATIS, Factor:THREE, State:CLOSED] from datanode 8bc19c34-ed99-4952-a694-bf62b7894053{ip: 192.168.36.83, host: pr-hdds-2096-jg2tg-1247294052, networkLocation: /default-rack, certSerialId: null}. Reason : WriteLog:7: (t:1, i:7), STATEMACHINELOGENTRY, client-7CA8507644EA, cid=16-writeStateMachineData interrupted.
2019-09-11 20:02:08,199 [EventQueue-PipelineActionsForPipelineActionHandler] INFO  pipeline.SCMPipelineManager (SCMPipelineManager.java:finalizeAndDestroyPipeline(311)) - destroying pipeline:Pipeline[ Id: 14a294df-f6cd-45c4-a05c-815fde6fcad8, Nodes: 8bc19c34-ed99-4952-a694-bf62b7894053{ip: 192.168.36.83, host: pr-hdds-2096-jg2tg-1247294052, networkLocation: /default-rack, certSerialId: null}f44a2839-6f6e-45eb-9e76-f53daf5fe8b6{ip: 192.168.36.83, host: pr-hdds-2096-jg2tg-1247294052, networkLocation: /default-rack, certSerialId: null}24ad807e-6d45-451f-a21b-d43dbe93db59{ip: 192.168.36.83, host: pr-hdds-2096-jg2tg-1247294052, networkLocation: /default-rack, certSerialId: null}, Type:RATIS, Factor:THREE, State:CLOSED]
2019-09-11 20:02:08,214 [grpc-default-executor-1] INFO  interfaces.Container (KeyValueContainer.java:flushAndSyncDB(386)) - Container 1 is synced with bcsId 4.
2019-09-11 20:02:08,214 [grpc-default-executor-1] INFO  interfaces.Container (KeyValueContainer.java:flushAndSyncDB(386)) - Container 1 is synced with bcsId 4.
2019-09-11 20:02:08,223 [EventQueue-IncrementalContainerReportForIncrementalContainerReportHandler] INFO  container.IncrementalContainerReportHandler (AbstractContainerReportHandler.java:updateContainerState(169)) - Moving container #1 to QUASI_CLOSED state, datanode 8bc19c34-ed99-4952-a694-bf62b7894053{ip: 192.168.36.83, host: pr-hdds-2096-jg2tg-1247294052, networkLocation: /default-rack, certSerialId: null} reported QUASI_CLOSED replica.
2019-09-11 20:02:08,268 [grpc-default-executor-1] INFO  interfaces.Container (KeyValueContainer.java:flushAndSyncDB(386)) - Container 2 is synced with bcsId 0.
2019-09-11 20:02:08,268 [grpc-default-executor-1] INFO  interfaces.Container (KeyValueContainer.java:flushAndSyncDB(386)) - Container 2 is synced with bcsId 0.
2019-09-11 20:02:08,276 [EventQueue-IncrementalContainerReportForIncrementalContainerReportHandler] INFO  container.IncrementalContainerReportHandler (AbstractContainerReportHandler.java:updateContainerState(169)) - Moving container #2 to QUASI_CLOSED state, datanode 8bc19c34-ed99-4952-a694-bf62b7894053{ip: 192.168.36.83, host: pr-hdds-2096-jg2tg-1247294052, networkLocation: /default-rack, certSerialId: null} reported QUASI_CLOSED replica.
2019-09-11 20:02:08,294 [grpc-default-executor-1] INFO  impl.RaftServerProxy (RaftServerProxy.java:remove(95)) - f44a2839-6f6e-45eb-9e76-f53daf5fe8b6: remove  FOLLOWER f44a2839-6f6e-45eb-9e76-f53daf5fe8b6@group-815FDE6FCAD8:t1, leader=8bc19c34-ed99-4952-a694-bf62b7894053, voted=f44a2839-6f6e-45eb-9e76-f53daf5fe8b6, raftlog=f44a2839-6f6e-45eb-9e76-f53daf5fe8b6@group-815FDE6FCAD8-SegmentedRaftLog:OPENED:c6,f6,i12, conf=0: [f44a2839-6f6e-45eb-9e76-f53daf5fe8b6:192.168.36.83:36974, 24ad807e-6d45-451f-a21b-d43dbe93db59:192.168.36.83:43423, 8bc19c34-ed99-4952-a694-bf62b7894053:192.168.36.83:44276], old=null RUNNING
2019-09-11 20:02:08,294 [grpc-default-executor-1] INFO  impl.RaftServerImpl (RaftServerImpl.java:lambda$shutdown$3(251)) - f44a2839-6f6e-45eb-9e76-f53daf5fe8b6@group-815FDE6FCAD8: shutdown
2019-09-11 20:02:08,294 [grpc-default-executor-1] INFO  util.JmxRegister (JmxRegister.java:unregister(73)) - Successfully un-registered JMX Bean with object name Ratis:service=RaftServer,group=group-815FDE6FCAD8,id=f44a2839-6f6e-45eb-9e76-f53daf5fe8b6
2019-09-11 20:02:08,295 [grpc-default-executor-1] INFO  impl.RoleInfo (RoleInfo.java:shutdownFollowerState(121)) - f44a2839-6f6e-45eb-9e76-f53daf5fe8b6: shutdown FollowerState
2019-09-11 20:02:08,295 [grpc-default-executor-1] INFO  impl.StateMachineUpdater (StateMachineUpdater.java:stopAndJoin(125)) - f44a2839-6f6e-45eb-9e76-f53daf5fe8b6@group-815FDE6FCAD8-StateMachineUpdater: set stopIndex = 6
2019-09-11 20:02:08,296 [f44a2839-6f6e-45eb-9e76-f53daf5fe8b6@group-815FDE6FCAD8-StateMachineUpdater] INFO  ratis.ContainerStateMachine (ContainerStateMachine.java:takeSnapshot(289)) - group-815FDE6FCAD8: Taking a snapshot at:(t:1, i:4) file /workdir/hadoop-ozone/integration-test/target/test-dir/MiniOzoneClusterImpl-0a14e7f9-644e-4233-9ad1-c76f0b8b7528/datanode-2/data/ratis/14a294df-f6cd-45c4-a05c-815fde6fcad8/sm/snapshot.1_4
2019-09-11 20:02:08,296 [Thread-319] INFO  impl.FollowerState (FollowerState.java:run(115)) - f44a2839-6f6e-45eb-9e76-f53daf5fe8b6: FollowerState was interrupted: java.lang.InterruptedException: sleep interrupted
2019-09-11 20:02:08,308 [f44a2839-6f6e-45eb-9e76-f53daf5fe8b6@group-815FDE6FCAD8-StateMachineUpdater] INFO  ratis.ContainerStateMachine (ContainerStateMachine.java:takeSnapshot(300)) - group-815FDE6FCAD8: Finished taking a snapshot at:(t:1, i:4) file:/workdir/hadoop-ozone/integration-test/target/test-dir/MiniOzoneClusterImpl-0a14e7f9-644e-4233-9ad1-c76f0b8b7528/datanode-2/data/ratis/14a294df-f6cd-45c4-a05c-815fde6fcad8/sm/snapshot.1_4 time:13
2019-09-11 20:02:08,309 [f44a2839-6f6e-45eb-9e76-f53daf5fe8b6@group-815FDE6FCAD8-StateMachineUpdater] INFO  impl.StateMachineUpdater (StateMachineUpdater.java:takeSnapshot(258)) - f44a2839-6f6e-45eb-9e76-f53daf5fe8b6@group-815FDE6FCAD8-StateMachineUpdater: Took a snapshot at index 4
2019-09-11 20:02:08,309 [f44a2839-6f6e-45eb-9e76-f53daf5fe8b6@group-815FDE6FCAD8-StateMachineUpdater] INFO  impl.StateMachineUpdater (StateMachineUpdater.java:lambda$new$0(83)) - f44a2839-6f6e-45eb-9e76-f53daf5fe8b6@group-815FDE6FCAD8-StateMachineUpdater: snapshotIndex: updateIncreasingly -1 -> 4
2019-09-11 20:02:08,309 [f44a2839-6f6e-45eb-9e76-f53daf5fe8b6@group-815FDE6FCAD8-StateMachineUpdater] INFO  ratis.ContainerStateMachine (ContainerStateMachine.java:takeSnapshot(289)) - group-815FDE6FCAD8: Taking a snapshot at:(t:1, i:4) file /workdir/hadoop-ozone/integration-test/target/test-dir/MiniOzoneClusterImpl-0a14e7f9-644e-4233-9ad1-c76f0b8b7528/datanode-2/data/ratis/14a294df-f6cd-45c4-a05c-815fde6fcad8/sm/snapshot.1_4
2019-09-11 20:02:08,320 [f44a2839-6f6e-45eb-9e76-f53daf5fe8b6@group-815FDE6FCAD8-StateMachineUpdater] INFO  ratis.ContainerStateMachine (ContainerStateMachine.java:takeSnapshot(300)) - group-815FDE6FCAD8: Finished taking a snapshot at:(t:1, i:4) file:/workdir/hadoop-ozone/integration-test/target/test-dir/MiniOzoneClusterImpl-0a14e7f9-644e-4233-9ad1-c76f0b8b7528/datanode-2/data/ratis/14a294df-f6cd-45c4-a05c-815fde6fcad8/sm/snapshot.1_4 time:12
2019-09-11 20:02:08,321 [f44a2839-6f6e-45eb-9e76-f53daf5fe8b6@group-815FDE6FCAD8-StateMachineUpdater] INFO  impl.StateMachineUpdater (StateMachineUpdater.java:takeSnapshot(258)) - f44a2839-6f6e-45eb-9e76-f53daf5fe8b6@group-815FDE6FCAD8-StateMachineUpdater: Took a snapshot at index 4
2019-09-11 20:02:08,321 [f44a2839-6f6e-45eb-9e76-f53daf5fe8b6@group-815FDE6FCAD8-StateMachineUpdater] INFO  impl.StateMachineUpdater (StateMachineUpdater.java:lambda$new$0(83)) - f44a2839-6f6e-45eb-9e76-f53daf5fe8b6@group-815FDE6FCAD8-StateMachineUpdater: snapshotIndex: updateIncreasingly 4 -> 4
2019-09-11 20:02:08,321 [grpc-default-executor-1] INFO  impl.RaftServerImpl (ServerState.java:close(385)) - f44a2839-6f6e-45eb-9e76-f53daf5fe8b6@group-815FDE6FCAD8: closes. applyIndex: 6
2019-09-11 20:02:08,324 [f44a2839-6f6e-45eb-9e76-f53daf5fe8b6@group-815FDE6FCAD8-SegmentedRaftLogWorker] ERROR ratis.XceiverServerRatis (XceiverServerRatis.java:triggerPipelineClose(568)) - pipeline Action CLOSE  on pipeline PipelineID=14a294df-f6cd-45c4-a05c-815fde6fcad8.Reason : WriteLog:8: (t:1, i:8), STATEMACHINELOGENTRY, client-7CA8507644EA, cid=17-writeStateMachineData interrupted.
2019-09-11 20:02:08,328 [EventQueue-PipelineActionsForPipelineActionHandler] ERROR pipeline.PipelineActionHandler (PipelineActionHandler.java:onMessage(60)) - Received pipeline action CLOSE for Pipeline[ Id: 14a294df-f6cd-45c4-a05c-815fde6fcad8, Nodes: 8bc19c34-ed99-4952-a694-bf62b7894053{ip: 192.168.36.83, host: pr-hdds-2096-jg2tg-1247294052, networkLocation: /default-rack, certSerialId: null}f44a2839-6f6e-45eb-9e76-f53daf5fe8b6{ip: 192.168.36.83, host: pr-hdds-2096-jg2tg-1247294052, networkLocation: /default-rack, certSerialId: null}24ad807e-6d45-451f-a21b-d43dbe93db59{ip: 192.168.36.83, host: pr-hdds-2096-jg2tg-1247294052, networkLocation: /default-rack, certSerialId: null}, Type:RATIS, Factor:THREE, State:CLOSED] from datanode f44a2839-6f6e-45eb-9e76-f53daf5fe8b6{ip: 192.168.36.83, host: pr-hdds-2096-jg2tg-1247294052, networkLocation: /default-rack, certSerialId: null}. Reason : WriteLog:8: (t:1, i:8), STATEMACHINELOGENTRY, client-7CA8507644EA, cid=17-writeStateMachineData interrupted.
2019-09-11 20:02:08,328 [EventQueue-PipelineActionsForPipelineActionHandler] INFO  pipeline.SCMPipelineManager (SCMPipelineManager.java:finalizeAndDestroyPipeline(311)) - destroying pipeline:Pipeline[ Id: 14a294df-f6cd-45c4-a05c-815fde6fcad8, Nodes: 8bc19c34-ed99-4952-a694-bf62b7894053{ip: 192.168.36.83, host: pr-hdds-2096-jg2tg-1247294052, networkLocation: /default-rack, certSerialId: null}f44a2839-6f6e-45eb-9e76-f53daf5fe8b6{ip: 192.168.36.83, host: pr-hdds-2096-jg2tg-1247294052, networkLocation: /default-rack, certSerialId: null}24ad807e-6d45-451f-a21b-d43dbe93db59{ip: 192.168.36.83, host: pr-hdds-2096-jg2tg-1247294052, networkLocation: /default-rack, certSerialId: null}, Type:RATIS, Factor:THREE, State:CLOSED]
2019-09-11 20:02:08,330 [grpc-default-executor-1] INFO  segmented.SegmentedRaftLogWorker (SegmentedRaftLogWorker.java:close(228)) - f44a2839-6f6e-45eb-9e76-f53daf5fe8b6@group-815FDE6FCAD8-SegmentedRaftLogWorker close()
2019-09-11 20:02:08,347 [grpc-default-executor-1] INFO  interfaces.Container (KeyValueContainer.java:flushAndSyncDB(386)) - Container 1 is synced with bcsId 4.
2019-09-11 20:02:08,347 [grpc-default-executor-1] INFO  interfaces.Container (KeyValueContainer.java:flushAndSyncDB(386)) - Container 1 is synced with bcsId 4.
2019-09-11 20:02:08,397 [grpc-default-executor-1] INFO  interfaces.Container (KeyValueContainer.java:flushAndSyncDB(386)) - Container 2 is synced with bcsId 0.
2019-09-11 20:02:08,397 [grpc-default-executor-1] INFO  interfaces.Container (KeyValueContainer.java:flushAndSyncDB(386)) - Container 2 is synced with bcsId 0.
2019-09-11 20:02:08,415 [grpc-default-executor-1] INFO  impl.RaftServerProxy (RaftServerProxy.java:remove(95)) - 24ad807e-6d45-451f-a21b-d43dbe93db59: remove  FOLLOWER 24ad807e-6d45-451f-a21b-d43dbe93db59@group-815FDE6FCAD8:t1, leader=8bc19c34-ed99-4952-a694-bf62b7894053, voted=8bc19c34-ed99-4952-a694-bf62b7894053, raftlog=24ad807e-6d45-451f-a21b-d43dbe93db59@group-815FDE6FCAD8-SegmentedRaftLog:OPENED:c6,f6,i12, conf=0: [f44a2839-6f6e-45eb-9e76-f53daf5fe8b6:192.168.36.83:36974, 24ad807e-6d45-451f-a21b-d43dbe93db59:192.168.36.83:43423, 8bc19c34-ed99-4952-a694-bf62b7894053:192.168.36.83:44276], old=null RUNNING
2019-09-11 20:02:08,415 [grpc-default-executor-1] INFO  impl.RaftServerImpl (RaftServerImpl.java:lambda$shutdown$3(251)) - 24ad807e-6d45-451f-a21b-d43dbe93db59@group-815FDE6FCAD8: shutdown
2019-09-11 20:02:08,415 [grpc-default-executor-1] INFO  util.JmxRegister (JmxRegister.java:unregister(73)) - Successfully un-registered JMX Bean with object name Ratis:service=RaftServer,group=group-815FDE6FCAD8,id=24ad807e-6d45-451f-a21b-d43dbe93db59
2019-09-11 20:02:08,416 [grpc-default-executor-1] INFO  impl.RoleInfo (RoleInfo.java:shutdownFollowerState(121)) - 24ad807e-6d45-451f-a21b-d43dbe93db59: shutdown FollowerState
2019-09-11 20:02:08,416 [grpc-default-executor-1] INFO  impl.StateMachineUpdater (StateMachineUpdater.java:stopAndJoin(125)) - 24ad807e-6d45-451f-a21b-d43dbe93db59@group-815FDE6FCAD8-StateMachineUpdater: set stopIndex = 6
2019-09-11 20:02:08,416 [24ad807e-6d45-451f-a21b-d43dbe93db59@group-815FDE6FCAD8-StateMachineUpdater] INFO  ratis.ContainerStateMachine (ContainerStateMachine.java:takeSnapshot(289)) - group-815FDE6FCAD8: Taking a snapshot at:(t:1, i:4) file /workdir/hadoop-ozone/integration-test/target/test-dir/MiniOzoneClusterImpl-0a14e7f9-644e-4233-9ad1-c76f0b8b7528/datanode-5/data/ratis/14a294df-f6cd-45c4-a05c-815fde6fcad8/sm/snapshot.1_4
2019-09-11 20:02:08,416 [Thread-310] INFO  impl.FollowerState (FollowerState.java:run(115)) - 24ad807e-6d45-451f-a21b-d43dbe93db59: FollowerState was interrupted: java.lang.InterruptedException: sleep interrupted
2019-09-11 20:02:08,430 [24ad807e-6d45-451f-a21b-d43dbe93db59@group-815FDE6FCAD8-StateMachineUpdater] INFO  ratis.ContainerStateMachine (ContainerStateMachine.java:takeSnapshot(300)) - group-815FDE6FCAD8: Finished taking a snapshot at:(t:1, i:4) file:/workdir/hadoop-ozone/integration-test/target/test-dir/MiniOzoneClusterImpl-0a14e7f9-644e-4233-9ad1-c76f0b8b7528/datanode-5/data/ratis/14a294df-f6cd-45c4-a05c-815fde6fcad8/sm/snapshot.1_4 time:14
2019-09-11 20:02:08,431 [24ad807e-6d45-451f-a21b-d43dbe93db59@group-815FDE6FCAD8-StateMachineUpdater] INFO  impl.StateMachineUpdater (StateMachineUpdater.java:takeSnapshot(258)) - 24ad807e-6d45-451f-a21b-d43dbe93db59@group-815FDE6FCAD8-StateMachineUpdater: Took a snapshot at index 4
2019-09-11 20:02:08,431 [24ad807e-6d45-451f-a21b-d43dbe93db59@group-815FDE6FCAD8-StateMachineUpdater] INFO  impl.StateMachineUpdater (StateMachineUpdater.java:lambda$new$0(83)) - 24ad807e-6d45-451f-a21b-d43dbe93db59@group-815FDE6FCAD8-StateMachineUpdater: snapshotIndex: updateIncreasingly -1 -> 4
2019-09-11 20:02:08,431 [24ad807e-6d45-451f-a21b-d43dbe93db59@group-815FDE6FCAD8-StateMachineUpdater] INFO  ratis.ContainerStateMachine (ContainerStateMachine.java:takeSnapshot(289)) - group-815FDE6FCAD8: Taking a snapshot at:(t:1, i:4) file /workdir/hadoop-ozone/integration-test/target/test-dir/MiniOzoneClusterImpl-0a14e7f9-644e-4233-9ad1-c76f0b8b7528/datanode-5/data/ratis/14a294df-f6cd-45c4-a05c-815fde6fcad8/sm/snapshot.1_4
2019-09-11 20:02:08,444 [24ad807e-6d45-451f-a21b-d43dbe93db59@group-815FDE6FCAD8-StateMachineUpdater] INFO  ratis.ContainerStateMachine (ContainerStateMachine.java:takeSnapshot(300)) - group-815FDE6FCAD8: Finished taking a snapshot at:(t:1, i:4) file:/workdir/hadoop-ozone/integration-test/target/test-dir/MiniOzoneClusterImpl-0a14e7f9-644e-4233-9ad1-c76f0b8b7528/datanode-5/data/ratis/14a294df-f6cd-45c4-a05c-815fde6fcad8/sm/snapshot.1_4 time:13
2019-09-11 20:02:08,444 [24ad807e-6d45-451f-a21b-d43dbe93db59@group-815FDE6FCAD8-StateMachineUpdater] INFO  impl.StateMachineUpdater (StateMachineUpdater.java:takeSnapshot(258)) - 24ad807e-6d45-451f-a21b-d43dbe93db59@group-815FDE6FCAD8-StateMachineUpdater: Took a snapshot at index 4
2019-09-11 20:02:08,444 [24ad807e-6d45-451f-a21b-d43dbe93db59@group-815FDE6FCAD8-StateMachineUpdater] INFO  impl.StateMachineUpdater (StateMachineUpdater.java:lambda$new$0(83)) - 24ad807e-6d45-451f-a21b-d43dbe93db59@group-815FDE6FCAD8-StateMachineUpdater: snapshotIndex: updateIncreasingly 4 -> 4
2019-09-11 20:02:08,444 [grpc-default-executor-1] INFO  impl.RaftServerImpl (ServerState.java:close(385)) - 24ad807e-6d45-451f-a21b-d43dbe93db59@group-815FDE6FCAD8: closes. applyIndex: 6
2019-09-11 20:02:08,451 [24ad807e-6d45-451f-a21b-d43dbe93db59@group-815FDE6FCAD8-SegmentedRaftLogWorker] ERROR ratis.XceiverServerRatis (XceiverServerRatis.java:triggerPipelineClose(568)) - pipeline Action CLOSE  on pipeline PipelineID=14a294df-f6cd-45c4-a05c-815fde6fcad8.Reason : WriteLog:8: (t:1, i:8), STATEMACHINELOGENTRY, client-7CA8507644EA, cid=17-writeStateMachineData interrupted.
2019-09-11 20:02:08,454 [EventQueue-PipelineActionsForPipelineActionHandler] ERROR pipeline.PipelineActionHandler (PipelineActionHandler.java:onMessage(60)) - Received pipeline action CLOSE for Pipeline[ Id: 14a294df-f6cd-45c4-a05c-815fde6fcad8, Nodes: 8bc19c34-ed99-4952-a694-bf62b7894053{ip: 192.168.36.83, host: pr-hdds-2096-jg2tg-1247294052, networkLocation: /default-rack, certSerialId: null}f44a2839-6f6e-45eb-9e76-f53daf5fe8b6{ip: 192.168.36.83, host: pr-hdds-2096-jg2tg-1247294052, networkLocation: /default-rack, certSerialId: null}24ad807e-6d45-451f-a21b-d43dbe93db59{ip: 192.168.36.83, host: pr-hdds-2096-jg2tg-1247294052, networkLocation: /default-rack, certSerialId: null}, Type:RATIS, Factor:THREE, State:CLOSED] from datanode 24ad807e-6d45-451f-a21b-d43dbe93db59{ip: 192.168.36.83, host: pr-hdds-2096-jg2tg-1247294052, networkLocation: /default-rack, certSerialId: null}. Reason : WriteLog:8: (t:1, i:8), STATEMACHINELOGENTRY, client-7CA8507644EA, cid=17-writeStateMachineData interrupted.
2019-09-11 20:02:08,455 [EventQueue-PipelineActionsForPipelineActionHandler] INFO  pipeline.SCMPipelineManager (SCMPipelineManager.java:finalizeAndDestroyPipeline(311)) - destroying pipeline:Pipeline[ Id: 14a294df-f6cd-45c4-a05c-815fde6fcad8, Nodes: 8bc19c34-ed99-4952-a694-bf62b7894053{ip: 192.168.36.83, host: pr-hdds-2096-jg2tg-1247294052, networkLocation: /default-rack, certSerialId: null}f44a2839-6f6e-45eb-9e76-f53daf5fe8b6{ip: 192.168.36.83, host: pr-hdds-2096-jg2tg-1247294052, networkLocation: /default-rack, certSerialId: null}24ad807e-6d45-451f-a21b-d43dbe93db59{ip: 192.168.36.83, host: pr-hdds-2096-jg2tg-1247294052, networkLocation: /default-rack, certSerialId: null}, Type:RATIS, Factor:THREE, State:CLOSED]
2019-09-11 20:02:08,465 [grpc-default-executor-1] INFO  segmented.SegmentedRaftLogWorker (SegmentedRaftLogWorker.java:close(228)) - 24ad807e-6d45-451f-a21b-d43dbe93db59@group-815FDE6FCAD8-SegmentedRaftLogWorker close()
2019-09-11 20:02:08,480 [grpc-default-executor-1] INFO  interfaces.Container (KeyValueContainer.java:flushAndSyncDB(386)) - Container 1 is synced with bcsId 4.
2019-09-11 20:02:08,481 [grpc-default-executor-1] INFO  interfaces.Container (KeyValueContainer.java:flushAndSyncDB(386)) - Container 1 is synced with bcsId 4.
2019-09-11 20:02:08,544 [grpc-default-executor-1] INFO  interfaces.Container (KeyValueContainer.java:flushAndSyncDB(386)) - Container 2 is synced with bcsId 0.
2019-09-11 20:02:08,544 [grpc-default-executor-1] INFO  interfaces.Container (KeyValueContainer.java:flushAndSyncDB(386)) - Container 2 is synced with bcsId 0.
2019-09-11 20:02:08,565 [RatisPipelineUtilsThread] INFO  pipeline.PipelineStateManager (PipelineStateManager.java:removePipeline(108)) - Pipeline Pipeline[ Id: 14a294df-f6cd-45c4-a05c-815fde6fcad8, Nodes: 8bc19c34-ed99-4952-a694-bf62b7894053{ip: 192.168.36.83, host: pr-hdds-2096-jg2tg-1247294052, networkLocation: /default-rack, certSerialId: null}f44a2839-6f6e-45eb-9e76-f53daf5fe8b6{ip: 192.168.36.83, host: pr-hdds-2096-jg2tg-1247294052, networkLocation: /default-rack, certSerialId: null}24ad807e-6d45-451f-a21b-d43dbe93db59{ip: 192.168.36.83, host: pr-hdds-2096-jg2tg-1247294052, networkLocation: /default-rack, certSerialId: null}, Type:RATIS, Factor:THREE, State:CLOSED] removed from db
2019-09-11 20:02:08,581 [grpc-default-executor-0] INFO  impl.RaftServerProxy (RaftServerProxy.java:addNew(89)) - 8bc19c34-ed99-4952-a694-bf62b7894053: addNew group-CB2A302804FE:[f44a2839-6f6e-45eb-9e76-f53daf5fe8b6:192.168.36.83:36974, 24ad807e-6d45-451f-a21b-d43dbe93db59:192.168.36.83:43423, 8bc19c34-ed99-4952-a694-bf62b7894053:192.168.36.83:44276] returns group-CB2A302804FE:java.util.concurrent.CompletableFuture@46f5da66[Not completed]
2019-09-11 20:02:08,582 [grpc-default-executor-1] INFO  impl.RaftServerProxy (RaftServerProxy.java:addNew(89)) - 24ad807e-6d45-451f-a21b-d43dbe93db59: addNew group-CB2A302804FE:[f44a2839-6f6e-45eb-9e76-f53daf5fe8b6:192.168.36.83:36974, 24ad807e-6d45-451f-a21b-d43dbe93db59:192.168.36.83:43423, 8bc19c34-ed99-4952-a694-bf62b7894053:192.168.36.83:44276] returns group-CB2A302804FE:java.util.concurrent.CompletableFuture@46095994[Not completed]
2019-09-11 20:02:08,584 [grpc-default-executor-0] INFO  impl.RaftServerProxy (RaftServerProxy.java:addNew(89)) - f44a2839-6f6e-45eb-9e76-f53daf5fe8b6: addNew group-CB2A302804FE:[f44a2839-6f6e-45eb-9e76-f53daf5fe8b6:192.168.36.83:36974, 24ad807e-6d45-451f-a21b-d43dbe93db59:192.168.36.83:43423, 8bc19c34-ed99-4952-a694-bf62b7894053:192.168.36.83:44276] returns group-CB2A302804FE:java.util.concurrent.CompletableFuture@63051651[Not completed]
2019-09-11 20:02:08,585 [pool-87-thread-1] INFO  impl.RaftServerImpl (RaftServerImpl.java:<init>(95)) - 8bc19c34-ed99-4952-a694-bf62b7894053: new RaftServerImpl for group-CB2A302804FE:[f44a2839-6f6e-45eb-9e76-f53daf5fe8b6:192.168.36.83:36974, 24ad807e-6d45-451f-a21b-d43dbe93db59:192.168.36.83:43423, 8bc19c34-ed99-4952-a694-bf62b7894053:192.168.36.83:44276] with ContainerStateMachine:uninitialized
2019-09-11 20:02:08,585 [pool-87-thread-1] INFO  server.RaftServerConfigKeys (ConfUtils.java:logGet(43)) - raft.server.rpc.timeout.min = 5s (custom)
2019-09-11 20:02:08,586 [pool-87-thread-1] INFO  server.RaftServerConfigKeys (ConfUtils.java:logGet(43)) - raft.server.rpc.timeout.max = 5200ms (custom)
2019-09-11 20:02:08,586 [pool-87-thread-1] INFO  server.RaftServerConfigKeys (ConfUtils.java:logGet(43)) - raft.server.rpcslowness.timeout = 120s (custom)
2019-09-11 20:02:08,586 [pool-87-thread-1] INFO  server.RaftServerConfigKeys (ConfUtils.java:logGet(43)) - raft.server.sleep.deviation.threshold = 300 (default)
2019-09-11 20:02:08,586 [pool-87-thread-1] INFO  server.RaftServerConfigKeys (ConfUtils.java:logGet(43)) - raft.server.log.appender.install.snapshot.enabled = false (custom)
2019-09-11 20:02:08,586 [pool-87-thread-1] INFO  impl.RaftServerImpl (ServerState.java:<init>(103)) - 8bc19c34-ed99-4952-a694-bf62b7894053@group-CB2A302804FE: ConfigurationManager, init=-1: [f44a2839-6f6e-45eb-9e76-f53daf5fe8b6:192.168.36.83:36974, 24ad807e-6d45-451f-a21b-d43dbe93db59:192.168.36.83:43423, 8bc19c34-ed99-4952-a694-bf62b7894053:192.168.36.83:44276], old=null, confs=<EMPTY_MAP>
2019-09-11 20:02:08,586 [pool-87-thread-1] INFO  server.RaftServerConfigKeys (ConfUtils.java:logGet(43)) - raft.server.storage.dir = [/workdir/hadoop-ozone/integration-test/target/test-dir/MiniOzoneClusterImpl-0a14e7f9-644e-4233-9ad1-c76f0b8b7528/datanode-6/data/ratis] (custom)
2019-09-11 20:02:08,587 [pool-47-thread-1] INFO  impl.RaftServerImpl (RaftServerImpl.java:<init>(95)) - f44a2839-6f6e-45eb-9e76-f53daf5fe8b6: new RaftServerImpl for group-CB2A302804FE:[f44a2839-6f6e-45eb-9e76-f53daf5fe8b6:192.168.36.83:36974, 24ad807e-6d45-451f-a21b-d43dbe93db59:192.168.36.83:43423, 8bc19c34-ed99-4952-a694-bf62b7894053:192.168.36.83:44276] with ContainerStateMachine:uninitialized
2019-09-11 20:02:08,587 [pool-47-thread-1] INFO  server.RaftServerConfigKeys (ConfUtils.java:logGet(43)) - raft.server.rpc.timeout.min = 5s (custom)
2019-09-11 20:02:08,587 [pool-87-thread-1] INFO  storage.RaftStorageDirectory (RaftStorageDirectory.java:analyzeStorage(246)) - The storage directory /workdir/hadoop-ozone/integration-test/target/test-dir/MiniOzoneClusterImpl-0a14e7f9-644e-4233-9ad1-c76f0b8b7528/datanode-6/data/ratis/b7bf361e-591e-4431-96d2-cb2a302804fe does not exist. Creating ...
2019-09-11 20:02:08,587 [pool-47-thread-1] INFO  server.RaftServerConfigKeys (ConfUtils.java:logGet(43)) - raft.server.rpc.timeout.max = 5200ms (custom)
2019-09-11 20:02:08,587 [pool-77-thread-1] INFO  impl.RaftServerImpl (RaftServerImpl.java:<init>(95)) - 24ad807e-6d45-451f-a21b-d43dbe93db59: new RaftServerImpl for group-CB2A302804FE:[f44a2839-6f6e-45eb-9e76-f53daf5fe8b6:192.168.36.83:36974, 24ad807e-6d45-451f-a21b-d43dbe93db59:192.168.36.83:43423, 8bc19c34-ed99-4952-a694-bf62b7894053:192.168.36.83:44276] with ContainerStateMachine:uninitialized
2019-09-11 20:02:08,587 [pool-47-thread-1] INFO  server.RaftServerConfigKeys (ConfUtils.java:logGet(43)) - raft.server.rpcslowness.timeout = 120s (custom)
2019-09-11 20:02:08,587 [pool-77-thread-1] INFO  server.RaftServerConfigKeys (ConfUtils.java:logGet(43)) - raft.server.rpc.timeout.min = 5s (custom)
2019-09-11 20:02:08,587 [pool-47-thread-1] INFO  server.RaftServerConfigKeys (ConfUtils.java:logGet(43)) - raft.server.sleep.deviation.threshold = 300 (default)
2019-09-11 20:02:08,588 [pool-77-thread-1] INFO  server.RaftServerConfigKeys (ConfUtils.java:logGet(43)) - raft.server.rpc.timeout.max = 5200ms (custom)
2019-09-11 20:02:08,588 [pool-47-thread-1] INFO  server.RaftServerConfigKeys (ConfUtils.java:logGet(43)) - raft.server.log.appender.install.snapshot.enabled = false (custom)
2019-09-11 20:02:08,588 [pool-77-thread-1] INFO  server.RaftServerConfigKeys (ConfUtils.java:logGet(43)) - raft.server.rpcslowness.timeout = 120s (custom)
2019-09-11 20:02:08,588 [pool-47-thread-1] INFO  impl.RaftServerImpl (ServerState.java:<init>(103)) - f44a2839-6f6e-45eb-9e76-f53daf5fe8b6@group-CB2A302804FE: ConfigurationManager, init=-1: [f44a2839-6f6e-45eb-9e76-f53daf5fe8b6:192.168.36.83:36974, 24ad807e-6d45-451f-a21b-d43dbe93db59:192.168.36.83:43423, 8bc19c34-ed99-4952-a694-bf62b7894053:192.168.36.83:44276], old=null, confs=<EMPTY_MAP>
2019-09-11 20:02:08,588 [pool-77-thread-1] INFO  server.RaftServerConfigKeys (ConfUtils.java:logGet(43)) - raft.server.sleep.deviation.threshold = 300 (default)
2019-09-11 20:02:08,588 [pool-77-thread-1] INFO  server.RaftServerConfigKeys (ConfUtils.java:logGet(43)) - raft.server.log.appender.install.snapshot.enabled = false (custom)
2019-09-11 20:02:08,588 [pool-47-thread-1] INFO  server.RaftServerConfigKeys (ConfUtils.java:logGet(43)) - raft.server.storage.dir = [/workdir/hadoop-ozone/integration-test/target/test-dir/MiniOzoneClusterImpl-0a14e7f9-644e-4233-9ad1-c76f0b8b7528/datanode-2/data/ratis] (custom)
2019-09-11 20:02:08,588 [pool-77-thread-1] INFO  impl.RaftServerImpl (ServerState.java:<init>(103)) - 24ad807e-6d45-451f-a21b-d43dbe93db59@group-CB2A302804FE: ConfigurationManager, init=-1: [f44a2839-6f6e-45eb-9e76-f53daf5fe8b6:192.168.36.83:36974, 24ad807e-6d45-451f-a21b-d43dbe93db59:192.168.36.83:43423, 8bc19c34-ed99-4952-a694-bf62b7894053:192.168.36.83:44276], old=null, confs=<EMPTY_MAP>
2019-09-11 20:02:08,588 [pool-77-thread-1] INFO  server.RaftServerConfigKeys (ConfUtils.java:logGet(43)) - raft.server.storage.dir = [/workdir/hadoop-ozone/integration-test/target/test-dir/MiniOzoneClusterImpl-0a14e7f9-644e-4233-9ad1-c76f0b8b7528/datanode-5/data/ratis] (custom)
2019-09-11 20:02:08,589 [pool-47-thread-1] INFO  storage.RaftStorageDirectory (RaftStorageDirectory.java:analyzeStorage(246)) - The storage directory /workdir/hadoop-ozone/integration-test/target/test-dir/MiniOzoneClusterImpl-0a14e7f9-644e-4233-9ad1-c76f0b8b7528/datanode-2/data/ratis/b7bf361e-591e-4431-96d2-cb2a302804fe does not exist. Creating ...
2019-09-11 20:02:08,589 [pool-77-thread-1] INFO  storage.RaftStorageDirectory (RaftStorageDirectory.java:analyzeStorage(246)) - The storage directory /workdir/hadoop-ozone/integration-test/target/test-dir/MiniOzoneClusterImpl-0a14e7f9-644e-4233-9ad1-c76f0b8b7528/datanode-5/data/ratis/b7bf361e-591e-4431-96d2-cb2a302804fe does not exist. Creating ...
2019-09-11 20:02:08,600 [pool-47-thread-1] INFO  storage.RaftStorageDirectory (RaftStorageDirectory.java:tryLock(328)) - Lock on /workdir/hadoop-ozone/integration-test/target/test-dir/MiniOzoneClusterImpl-0a14e7f9-644e-4233-9ad1-c76f0b8b7528/datanode-2/data/ratis/b7bf361e-591e-4431-96d2-cb2a302804fe/in_use.lock acquired by nodename 31903@pr-hdds-2096-jg2tg-1247294052
2019-09-11 20:02:08,600 [pool-77-thread-1] INFO  storage.RaftStorageDirectory (RaftStorageDirectory.java:tryLock(328)) - Lock on /workdir/hadoop-ozone/integration-test/target/test-dir/MiniOzoneClusterImpl-0a14e7f9-644e-4233-9ad1-c76f0b8b7528/datanode-5/data/ratis/b7bf361e-591e-4431-96d2-cb2a302804fe/in_use.lock acquired by nodename 31903@pr-hdds-2096-jg2tg-1247294052
2019-09-11 20:02:08,600 [pool-87-thread-1] INFO  storage.RaftStorageDirectory (RaftStorageDirectory.java:tryLock(328)) - Lock on /workdir/hadoop-ozone/integration-test/target/test-dir/MiniOzoneClusterImpl-0a14e7f9-644e-4233-9ad1-c76f0b8b7528/datanode-6/data/ratis/b7bf361e-591e-4431-96d2-cb2a302804fe/in_use.lock acquired by nodename 31903@pr-hdds-2096-jg2tg-1247294052
2019-09-11 20:02:08,604 [pool-47-thread-1] INFO  storage.RaftStorage (RaftStorage.java:format(72)) - Storage directory /workdir/hadoop-ozone/integration-test/target/test-dir/MiniOzoneClusterImpl-0a14e7f9-644e-4233-9ad1-c76f0b8b7528/datanode-2/data/ratis/b7bf361e-591e-4431-96d2-cb2a302804fe has been successfully formatted.
2019-09-11 20:02:08,604 [pool-87-thread-1] INFO  storage.RaftStorage (RaftStorage.java:format(72)) - Storage directory /workdir/hadoop-ozone/integration-test/target/test-dir/MiniOzoneClusterImpl-0a14e7f9-644e-4233-9ad1-c76f0b8b7528/datanode-6/data/ratis/b7bf361e-591e-4431-96d2-cb2a302804fe has been successfully formatted.
2019-09-11 20:02:08,604 [pool-77-thread-1] INFO  storage.RaftStorage (RaftStorage.java:format(72)) - Storage directory /workdir/hadoop-ozone/integration-test/target/test-dir/MiniOzoneClusterImpl-0a14e7f9-644e-4233-9ad1-c76f0b8b7528/datanode-5/data/ratis/b7bf361e-591e-4431-96d2-cb2a302804fe has been successfully formatted.
2019-09-11 20:02:08,604 [pool-47-thread-1] INFO  ratis.ContainerStateMachine (ContainerStateMachine.java:loadSnapshot(230)) - group-CB2A302804FE: The snapshot info is null. Setting the last applied indexto:(t:0, i:~)
2019-09-11 20:02:08,605 [pool-87-thread-1] INFO  ratis.ContainerStateMachine (ContainerStateMachine.java:loadSnapshot(230)) - group-CB2A302804FE: The snapshot info is null. Setting the last applied indexto:(t:0, i:~)
2019-09-11 20:02:08,605 [pool-47-thread-1] INFO  server.RaftServerConfigKeys (ConfUtils.java:logGet(43)) - raft.server.notification.no-leader.timeout = 120s (custom)
2019-09-11 20:02:08,605 [pool-77-thread-1] INFO  ratis.ContainerStateMachine (ContainerStateMachine.java:loadSnapshot(230)) - group-CB2A302804FE: The snapshot info is null. Setting the last applied indexto:(t:0, i:~)
2019-09-11 20:02:08,605 [pool-47-thread-1] INFO  server.RaftServerConfigKeys (ConfUtils.java:logGet(43)) - raft.server.log.use.memory = false (default)
2019-09-11 20:02:08,605 [pool-87-thread-1] INFO  server.RaftServerConfigKeys (ConfUtils.java:logGet(43)) - raft.server.notification.no-leader.timeout = 120s (custom)
2019-09-11 20:02:08,605 [pool-47-thread-1] INFO  server.RaftServerConfigKeys (ConfUtils.java:logGet(43)) - raft.server.log.purge.gap = 1000000 (custom)
2019-09-11 20:02:08,605 [pool-77-thread-1] INFO  server.RaftServerConfigKeys (ConfUtils.java:logGet(43)) - raft.server.notification.no-leader.timeout = 120s (custom)
2019-09-11 20:02:08,605 [pool-47-thread-1] INFO  server.RaftServerConfigKeys (ConfUtils.java:logGet(43)) - raft.server.log.appender.buffer.byte-limit = 33554432 (custom)
2019-09-11 20:02:08,605 [pool-87-thread-1] INFO  server.RaftServerConfigKeys (ConfUtils.java:logGet(43)) - raft.server.log.use.memory = false (default)
2019-09-11 20:02:08,605 [pool-47-thread-1] INFO  server.RaftServerConfigKeys (ConfUtils.java:logGet(43)) - raft.server.log.segment.size.max = 1048576 (custom)
2019-09-11 20:02:08,605 [pool-77-thread-1] INFO  server.RaftServerConfigKeys (ConfUtils.java:logGet(43)) - raft.server.log.use.memory = false (default)
2019-09-11 20:02:08,606 [pool-47-thread-1] INFO  server.RaftServerConfigKeys (ConfUtils.java:logGet(43)) - raft.server.log.segment.cache.num.max = 2 (custom)
2019-09-11 20:02:08,606 [pool-87-thread-1] INFO  server.RaftServerConfigKeys (ConfUtils.java:logGet(43)) - raft.server.log.purge.gap = 1000000 (custom)
2019-09-11 20:02:08,606 [pool-47-thread-1] INFO  segmented.SegmentedRaftLogWorker (SegmentedRaftLogWorker.java:<init>(172)) - new f44a2839-6f6e-45eb-9e76-f53daf5fe8b6@group-CB2A302804FE-SegmentedRaftLogWorker for RaftStorage:Storage Directory /workdir/hadoop-ozone/integration-test/target/test-dir/MiniOzoneClusterImpl-0a14e7f9-644e-4233-9ad1-c76f0b8b7528/datanode-2/data/ratis/b7bf361e-591e-4431-96d2-cb2a302804fe
2019-09-11 20:02:08,606 [pool-77-thread-1] INFO  server.RaftServerConfigKeys (ConfUtils.java:logGet(43)) - raft.server.log.purge.gap = 1000000 (custom)
2019-09-11 20:02:08,606 [pool-47-thread-1] INFO  server.RaftServerConfigKeys (ConfUtils.java:logGet(43)) - raft.server.log.queue.byte-limit = 2147483647 (custom)
2019-09-11 20:02:08,606 [pool-87-thread-1] INFO  server.RaftServerConfigKeys (ConfUtils.java:logGet(43)) - raft.server.log.appender.buffer.byte-limit = 33554432 (custom)
2019-09-11 20:02:08,606 [pool-47-thread-1] INFO  server.RaftServerConfigKeys (ConfUtils.java:logGet(43)) - raft.server.log.queue.element-limit = 1024 (custom)
2019-09-11 20:02:08,606 [pool-77-thread-1] INFO  server.RaftServerConfigKeys (ConfUtils.java:logGet(43)) - raft.server.log.appender.buffer.byte-limit = 33554432 (custom)
2019-09-11 20:02:08,606 [pool-47-thread-1] INFO  server.RaftServerConfigKeys (ConfUtils.java:logGet(43)) - raft.server.log.segment.size.max = 1048576 (custom)
2019-09-11 20:02:08,606 [pool-87-thread-1] INFO  server.RaftServerConfigKeys (ConfUtils.java:logGet(43)) - raft.server.log.segment.size.max = 1048576 (custom)
2019-09-11 20:02:08,607 [pool-47-thread-1] INFO  server.RaftServerConfigKeys (ConfUtils.java:logGet(43)) - raft.server.log.preallocated.size = 16384 (custom)
2019-09-11 20:02:08,607 [pool-77-thread-1] INFO  server.RaftServerConfigKeys (ConfUtils.java:logGet(43)) - raft.server.log.segment.size.max = 1048576 (custom)
2019-09-11 20:02:08,607 [pool-47-thread-1] INFO  server.RaftServerConfigKeys (ConfUtils.java:logGet(43)) - raft.server.log.write.buffer.size = 33554432 (custom)
2019-09-11 20:02:08,607 [pool-87-thread-1] INFO  server.RaftServerConfigKeys (ConfUtils.java:logGet(43)) - raft.server.log.segment.cache.num.max = 2 (custom)
2019-09-11 20:02:08,607 [pool-47-thread-1] INFO  server.RaftServerConfigKeys (ConfUtils.java:logGet(43)) - raft.server.log.force.sync.num = 128 (default)
2019-09-11 20:02:08,607 [pool-77-thread-1] INFO  server.RaftServerConfigKeys (ConfUtils.java:logGet(43)) - raft.server.log.segment.cache.num.max = 2 (custom)
2019-09-11 20:02:08,607 [pool-47-thread-1] INFO  server.RaftServerConfigKeys (ConfUtils.java:logGet(43)) - raft.server.log.statemachine.data.sync = true (default)
2019-09-11 20:02:08,607 [pool-87-thread-1] INFO  segmented.SegmentedRaftLogWorker (SegmentedRaftLogWorker.java:<init>(172)) - new 8bc19c34-ed99-4952-a694-bf62b7894053@group-CB2A302804FE-SegmentedRaftLogWorker for RaftStorage:Storage Directory /workdir/hadoop-ozone/integration-test/target/test-dir/MiniOzoneClusterImpl-0a14e7f9-644e-4233-9ad1-c76f0b8b7528/datanode-6/data/ratis/b7bf361e-591e-4431-96d2-cb2a302804fe
2019-09-11 20:02:08,607 [pool-47-thread-1] INFO  server.RaftServerConfigKeys (ConfUtils.java:logGet(43)) - raft.server.log.statemachine.data.sync.timeout = 10s (default)
2019-09-11 20:02:08,607 [pool-77-thread-1] INFO  segmented.SegmentedRaftLogWorker (SegmentedRaftLogWorker.java:<init>(172)) - new 24ad807e-6d45-451f-a21b-d43dbe93db59@group-CB2A302804FE-SegmentedRaftLogWorker for RaftStorage:Storage Directory /workdir/hadoop-ozone/integration-test/target/test-dir/MiniOzoneClusterImpl-0a14e7f9-644e-4233-9ad1-c76f0b8b7528/datanode-5/data/ratis/b7bf361e-591e-4431-96d2-cb2a302804fe
2019-09-11 20:02:08,608 [pool-47-thread-1] INFO  server.RaftServerConfigKeys (ConfUtils.java:logGet(43)) - raft.server.log.statemachine.data.sync.timeout.retry = -1 (default)
2019-09-11 20:02:08,608 [pool-87-thread-1] INFO  server.RaftServerConfigKeys (ConfUtils.java:logGet(43)) - raft.server.log.queue.byte-limit = 2147483647 (custom)
2019-09-11 20:02:08,608 [pool-47-thread-1] INFO  server.RaftServerConfigKeys (ConfUtils.java:logGet(43)) - raft.server.log.statemachine.data.caching.enabled = true (custom)
2019-09-11 20:02:08,608 [pool-77-thread-1] INFO  server.RaftServerConfigKeys (ConfUtils.java:logGet(43)) - raft.server.log.queue.byte-limit = 2147483647 (custom)
2019-09-11 20:02:08,608 [pool-87-thread-1] INFO  server.RaftServerConfigKeys (ConfUtils.java:logGet(43)) - raft.server.log.queue.element-limit = 1024 (custom)
2019-09-11 20:02:08,608 [pool-47-thread-1] INFO  segmented.SegmentedRaftLogWorker (SegmentedRaftLogWorker.java:lambda$new$0(132)) - f44a2839-6f6e-45eb-9e76-f53daf5fe8b6@group-CB2A302804FE-SegmentedRaftLogWorker: flushIndex: setUnconditionally 0 -> -1
2019-09-11 20:02:08,608 [pool-77-thread-1] INFO  server.RaftServerConfigKeys (ConfUtils.java:logGet(43)) - raft.server.log.queue.element-limit = 1024 (custom)
2019-09-11 20:02:08,608 [pool-87-thread-1] INFO  server.RaftServerConfigKeys (ConfUtils.java:logGet(43)) - raft.server.log.segment.size.max = 1048576 (custom)
2019-09-11 20:02:08,609 [pool-47-thread-1] INFO  server.RaftServerConfigKeys (ConfUtils.java:logGet(43)) - raft.server.snapshot.auto.trigger.enabled = true (custom)
2019-09-11 20:02:08,609 [pool-77-thread-1] INFO  server.RaftServerConfigKeys (ConfUtils.java:logGet(43)) - raft.server.log.segment.size.max = 1048576 (custom)
2019-09-11 20:02:08,609 [pool-47-thread-1] INFO  server.RaftServerConfigKeys (ConfUtils.java:logGet(43)) - raft.server.snapshot.auto.trigger.threshold = 10000 (custom)
2019-09-11 20:02:08,609 [pool-87-thread-1] INFO  server.RaftServerConfigKeys (ConfUtils.java:logGet(43)) - raft.server.log.preallocated.size = 16384 (custom)
2019-09-11 20:02:08,609 [pool-47-thread-1] INFO  server.RaftServerConfigKeys (ConfUtils.java:logGet(43)) - raft.server.snapshot.retention.num.files = -1 (default)
2019-09-11 20:02:08,609 [pool-77-thread-1] INFO  server.RaftServerConfigKeys (ConfUtils.java:logGet(43)) - raft.server.log.preallocated.size = 16384 (custom)
2019-09-11 20:02:08,609 [pool-47-thread-1] INFO  server.RaftServerConfigKeys (ConfUtils.java:logGet(43)) - raft.server.retrycache.expirytime = 600000ms (custom)
2019-09-11 20:02:08,609 [pool-87-thread-1] INFO  server.RaftServerConfigKeys (ConfUtils.java:logGet(43)) - raft.server.log.write.buffer.size = 33554432 (custom)
2019-09-11 20:02:08,609 [pool-77-thread-1] INFO  server.RaftServerConfigKeys (ConfUtils.java:logGet(43)) - raft.server.log.write.buffer.size = 33554432 (custom)
2019-09-11 20:02:08,610 [pool-87-thread-1] INFO  server.RaftServerConfigKeys (ConfUtils.java:logGet(43)) - raft.server.log.force.sync.num = 128 (default)
2019-09-11 20:02:08,610 [pool-77-thread-1] INFO  server.RaftServerConfigKeys (ConfUtils.java:logGet(43)) - raft.server.log.force.sync.num = 128 (default)
2019-09-11 20:02:08,610 [pool-87-thread-1] INFO  server.RaftServerConfigKeys (ConfUtils.java:logGet(43)) - raft.server.log.statemachine.data.sync = true (default)
2019-09-11 20:02:08,610 [pool-77-thread-1] INFO  server.RaftServerConfigKeys (ConfUtils.java:logGet(43)) - raft.server.log.statemachine.data.sync = true (default)
2019-09-11 20:02:08,610 [pool-87-thread-1] INFO  server.RaftServerConfigKeys (ConfUtils.java:logGet(43)) - raft.server.log.statemachine.data.sync.timeout = 10s (default)
2019-09-11 20:02:08,610 [pool-77-thread-1] INFO  server.RaftServerConfigKeys (ConfUtils.java:logGet(43)) - raft.server.log.statemachine.data.sync.timeout = 10s (default)
2019-09-11 20:02:08,610 [pool-87-thread-1] INFO  server.RaftServerConfigKeys (ConfUtils.java:logGet(43)) - raft.server.log.statemachine.data.sync.timeout.retry = -1 (default)
2019-09-11 20:02:08,610 [pool-77-thread-1] INFO  server.RaftServerConfigKeys (ConfUtils.java:logGet(43)) - raft.server.log.statemachine.data.sync.timeout.retry = -1 (default)
2019-09-11 20:02:08,611 [pool-87-thread-1] INFO  server.RaftServerConfigKeys (ConfUtils.java:logGet(43)) - raft.server.log.statemachine.data.caching.enabled = true (custom)
2019-09-11 20:02:08,611 [pool-77-thread-1] INFO  server.RaftServerConfigKeys (ConfUtils.java:logGet(43)) - raft.server.log.statemachine.data.caching.enabled = true (custom)
2019-09-11 20:02:08,611 [pool-87-thread-1] INFO  segmented.SegmentedRaftLogWorker (SegmentedRaftLogWorker.java:lambda$new$0(132)) - 8bc19c34-ed99-4952-a694-bf62b7894053@group-CB2A302804FE-SegmentedRaftLogWorker: flushIndex: setUnconditionally 0 -> -1
2019-09-11 20:02:08,611 [pool-77-thread-1] INFO  segmented.SegmentedRaftLogWorker (SegmentedRaftLogWorker.java:lambda$new$0(132)) - 24ad807e-6d45-451f-a21b-d43dbe93db59@group-CB2A302804FE-SegmentedRaftLogWorker: flushIndex: setUnconditionally 0 -> -1
2019-09-11 20:02:08,611 [pool-87-thread-1] INFO  server.RaftServerConfigKeys (ConfUtils.java:logGet(43)) - raft.server.snapshot.auto.trigger.enabled = true (custom)
2019-09-11 20:02:08,611 [pool-77-thread-1] INFO  server.RaftServerConfigKeys (ConfUtils.java:logGet(43)) - raft.server.snapshot.auto.trigger.enabled = true (custom)
2019-09-11 20:02:08,611 [pool-87-thread-1] INFO  server.RaftServerConfigKeys (ConfUtils.java:logGet(43)) - raft.server.snapshot.auto.trigger.threshold = 10000 (custom)
2019-09-11 20:02:08,611 [pool-77-thread-1] INFO  server.RaftServerConfigKeys (ConfUtils.java:logGet(43)) - raft.server.snapshot.auto.trigger.threshold = 10000 (custom)
2019-09-11 20:02:08,612 [pool-87-thread-1] INFO  server.RaftServerConfigKeys (ConfUtils.java:logGet(43)) - raft.server.snapshot.retention.num.files = -1 (default)
2019-09-11 20:02:08,612 [pool-77-thread-1] INFO  server.RaftServerConfigKeys (ConfUtils.java:logGet(43)) - raft.server.snapshot.retention.num.files = -1 (default)
2019-09-11 20:02:08,612 [pool-87-thread-1] INFO  server.RaftServerConfigKeys (ConfUtils.java:logGet(43)) - raft.server.retrycache.expirytime = 600000ms (custom)
2019-09-11 20:02:08,612 [pool-77-thread-1] INFO  server.RaftServerConfigKeys (ConfUtils.java:logGet(43)) - raft.server.retrycache.expirytime = 600000ms (custom)
2019-09-11 20:02:08,612 [pool-47-thread-1] INFO  impl.RaftServerImpl (RaftServerImpl.java:start(185)) - f44a2839-6f6e-45eb-9e76-f53daf5fe8b6@group-CB2A302804FE: start as a follower, conf=-1: [f44a2839-6f6e-45eb-9e76-f53daf5fe8b6:192.168.36.83:36974, 24ad807e-6d45-451f-a21b-d43dbe93db59:192.168.36.83:43423, 8bc19c34-ed99-4952-a694-bf62b7894053:192.168.36.83:44276], old=null
2019-09-11 20:02:08,612 [pool-47-thread-1] INFO  impl.RaftServerImpl (RaftServerImpl.java:setRole(174)) - f44a2839-6f6e-45eb-9e76-f53daf5fe8b6@group-CB2A302804FE: changes role from      null to FOLLOWER at term 0 for startAsFollower
2019-09-11 20:02:08,612 [pool-47-thread-1] INFO  impl.RoleInfo (RoleInfo.java:updateAndGet(143)) - f44a2839-6f6e-45eb-9e76-f53daf5fe8b6: start FollowerState
2019-09-11 20:02:08,613 [pool-47-thread-1] INFO  util.JmxRegister (JmxRegister.java:tryRegister(44)) - Successfully registered JMX Bean with object name Ratis:service=RaftServer,group=group-CB2A302804FE,id=f44a2839-6f6e-45eb-9e76-f53daf5fe8b6
2019-09-11 20:02:08,617 [pool-87-thread-1] INFO  impl.RaftServerImpl (RaftServerImpl.java:start(185)) - 8bc19c34-ed99-4952-a694-bf62b7894053@group-CB2A302804FE: start as a follower, conf=-1: [f44a2839-6f6e-45eb-9e76-f53daf5fe8b6:192.168.36.83:36974, 24ad807e-6d45-451f-a21b-d43dbe93db59:192.168.36.83:43423, 8bc19c34-ed99-4952-a694-bf62b7894053:192.168.36.83:44276], old=null
2019-09-11 20:02:08,617 [pool-87-thread-1] INFO  impl.RaftServerImpl (RaftServerImpl.java:setRole(174)) - 8bc19c34-ed99-4952-a694-bf62b7894053@group-CB2A302804FE: changes role from      null to FOLLOWER at term 0 for startAsFollower
2019-09-11 20:02:08,617 [pool-87-thread-1] INFO  impl.RoleInfo (RoleInfo.java:updateAndGet(143)) - 8bc19c34-ed99-4952-a694-bf62b7894053: start FollowerState
2019-09-11 20:02:08,617 [pool-77-thread-1] INFO  impl.RaftServerImpl (RaftServerImpl.java:start(185)) - 24ad807e-6d45-451f-a21b-d43dbe93db59@group-CB2A302804FE: start as a follower, conf=-1: [f44a2839-6f6e-45eb-9e76-f53daf5fe8b6:192.168.36.83:36974, 24ad807e-6d45-451f-a21b-d43dbe93db59:192.168.36.83:43423, 8bc19c34-ed99-4952-a694-bf62b7894053:192.168.36.83:44276], old=null
2019-09-11 20:02:08,618 [pool-77-thread-1] INFO  impl.RaftServerImpl (RaftServerImpl.java:setRole(174)) - 24ad807e-6d45-451f-a21b-d43dbe93db59@group-CB2A302804FE: changes role from      null to FOLLOWER at term 0 for startAsFollower
2019-09-11 20:02:08,618 [pool-87-thread-1] INFO  util.JmxRegister (JmxRegister.java:tryRegister(44)) - Successfully registered JMX Bean with object name Ratis:service=RaftServer,group=group-CB2A302804FE,id=8bc19c34-ed99-4952-a694-bf62b7894053
2019-09-11 20:02:08,618 [pool-77-thread-1] INFO  impl.RoleInfo (RoleInfo.java:updateAndGet(143)) - 24ad807e-6d45-451f-a21b-d43dbe93db59: start FollowerState
2019-09-11 20:02:08,618 [pool-77-thread-1] INFO  util.JmxRegister (JmxRegister.java:tryRegister(44)) - Successfully registered JMX Bean with object name Ratis:service=RaftServer,group=group-CB2A302804FE,id=24ad807e-6d45-451f-a21b-d43dbe93db59
2019-09-11 20:02:08,623 [RatisPipelineUtilsThread] INFO  pipeline.PipelineStateManager (PipelineStateManager.java:addPipeline(56)) - Created pipeline Pipeline[ Id: b7bf361e-591e-4431-96d2-cb2a302804fe, Nodes: 8bc19c34-ed99-4952-a694-bf62b7894053{ip: 192.168.36.83, host: pr-hdds-2096-jg2tg-1247294052, networkLocation: /default-rack, certSerialId: null}f44a2839-6f6e-45eb-9e76-f53daf5fe8b6{ip: 192.168.36.83, host: pr-hdds-2096-jg2tg-1247294052, networkLocation: /default-rack, certSerialId: null}24ad807e-6d45-451f-a21b-d43dbe93db59{ip: 192.168.36.83, host: pr-hdds-2096-jg2tg-1247294052, networkLocation: /default-rack, certSerialId: null}, Type:RATIS, Factor:THREE, State:OPEN]
2019-09-11 20:02:09,259 [main] WARN  io.KeyOutputStream (KeyOutputStream.java:handleException(276)) - Encountered exception java.io.IOException: Unexpected Storage Container Exception: java.util.concurrent.CompletionException: java.util.concurrent.CompletionException: org.apache.ratis.protocol.GroupMismatchException: 8bc19c34-ed99-4952-a694-bf62b7894053: group-815FDE6FCAD8 not found. on the pipeline Pipeline[ Id: 14a294df-f6cd-45c4-a05c-815fde6fcad8, Nodes: 8bc19c34-ed99-4952-a694-bf62b7894053{ip: 192.168.36.83, host: pr-hdds-2096-jg2tg-1247294052, networkLocation: /default-rack, certSerialId: null}f44a2839-6f6e-45eb-9e76-f53daf5fe8b6{ip: 192.168.36.83, host: pr-hdds-2096-jg2tg-1247294052, networkLocation: /default-rack, certSerialId: null}24ad807e-6d45-451f-a21b-d43dbe93db59{ip: 192.168.36.83, host: pr-hdds-2096-jg2tg-1247294052, networkLocation: /default-rack, certSerialId: null}, Type:RATIS, Factor:THREE, State:OPEN]. The last committed block length is 0, uncommitted data length is 250 retry count 0
2019-09-11 20:02:09,311 [grpc-default-executor-0] INFO  client.GrpcClientProtocolClient (GrpcClientProtocolClient.java:onNext(264)) - client-9954D3AE5C83->802f7a56-3ac2-455e-92a2-71244eb20cf7: receive RaftClientReply:client-9954D3AE5C83->802f7a56-3ac2-455e-92a2-71244eb20cf7@group-CB0F6128481C, cid=27, FAILED org.apache.ratis.protocol.NotLeaderException: Server 802f7a56-3ac2-455e-92a2-71244eb20cf7@group-CB0F6128481C is not the leader 9bb405f0-f563-4579-83ea-0bbe163a9fbc:192.168.36.83:46254, logIndex=0, commits[802f7a56-3ac2-455e-92a2-71244eb20cf7:c0, 9bb405f0-f563-4579-83ea-0bbe163a9fbc:c0, e0c56373-add1-4904-83f3-08b0a755b8ed:c0]
2019-09-11 20:02:09,451 [grpc-default-executor-0] INFO  client.GrpcClientProtocolClient (GrpcClientProtocolClient.java:onNext(264)) - client-9954D3AE5C83->9bb405f0-f563-4579-83ea-0bbe163a9fbc: receive RaftClientReply:client-9954D3AE5C83->9bb405f0-f563-4579-83ea-0bbe163a9fbc@group-CB0F6128481C, cid=27, SUCCESS, logIndex=1, commits[9bb405f0-f563-4579-83ea-0bbe163a9fbc:c1, 802f7a56-3ac2-455e-92a2-71244eb20cf7:c0, e0c56373-add1-4904-83f3-08b0a755b8ed:c0]
2019-09-11 20:02:09,489 [grpc-default-executor-2] INFO  client.GrpcClientProtocolClient (GrpcClientProtocolClient.java:onNext(264)) - client-9954D3AE5C83->9bb405f0-f563-4579-83ea-0bbe163a9fbc: receive RaftClientReply:client-9954D3AE5C83->9bb405f0-f563-4579-83ea-0bbe163a9fbc@group-CB0F6128481C, cid=28, SUCCESS, logIndex=3, commits[9bb405f0-f563-4579-83ea-0bbe163a9fbc:c4, 802f7a56-3ac2-455e-92a2-71244eb20cf7:c2, e0c56373-add1-4904-83f3-08b0a755b8ed:c2]
2019-09-11 20:02:09,549 [grpc-default-executor-1] INFO  client.GrpcClientProtocolClient (GrpcClientProtocolClient.java:onNext(264)) - client-9954D3AE5C83->9bb405f0-f563-4579-83ea-0bbe163a9fbc: receive RaftClientReply:client-9954D3AE5C83->9bb405f0-f563-4579-83ea-0bbe163a9fbc@group-CB0F6128481C, cid=29, SUCCESS, logIndex=4, commits[9bb405f0-f563-4579-83ea-0bbe163a9fbc:c10, 802f7a56-3ac2-455e-92a2-71244eb20cf7:c6, e0c56373-add1-4904-83f3-08b0a755b8ed:c6]
2019-09-11 20:02:09,549 [grpc-default-executor-1] INFO  client.GrpcClientProtocolClient (GrpcClientProtocolClient.java:onNext(264)) - client-9954D3AE5C83->9bb405f0-f563-4579-83ea-0bbe163a9fbc: receive RaftClientReply:client-9954D3AE5C83->9bb405f0-f563-4579-83ea-0bbe163a9fbc@group-CB0F6128481C, cid=30, SUCCESS, logIndex=5, commits[9bb405f0-f563-4579-83ea-0bbe163a9fbc:c10, 802f7a56-3ac2-455e-92a2-71244eb20cf7:c6, e0c56373-add1-4904-83f3-08b0a755b8ed:c6]
2019-09-11 20:02:09,624 [grpc-default-executor-1] INFO  client.GrpcClientProtocolClient (GrpcClientProtocolClient.java:onNext(264)) - client-9954D3AE5C83->9bb405f0-f563-4579-83ea-0bbe163a9fbc: receive RaftClientReply:client-9954D3AE5C83->9bb405f0-f563-4579-83ea-0bbe163a9fbc@group-CB0F6128481C, cid=31, SUCCESS, logIndex=6, commits[9bb405f0-f563-4579-83ea-0bbe163a9fbc:c10, 802f7a56-3ac2-455e-92a2-71244eb20cf7:c6, e0c56373-add1-4904-83f3-08b0a755b8ed:c6]
]]></system-out>
  </testcase>
  <testcase name="testMultiChunkWrite" classname="org.apache.hadoop.ozone.client.rpc.TestBlockOutputStream" time="187.049">
    <failure message="expected:&lt;10&gt; but was:&lt;12&gt;" type="java.lang.AssertionError"><![CDATA[java.lang.AssertionError: expected:<10> but was:<12>
	at org.junit.Assert.fail(Assert.java:88)
	at org.junit.Assert.failNotEquals(Assert.java:743)
	at org.junit.Assert.assertEquals(Assert.java:118)
	at org.junit.Assert.assertEquals(Assert.java:555)
	at org.junit.Assert.assertEquals(Assert.java:542)
	at org.apache.hadoop.ozone.client.rpc.TestBlockOutputStream.testMultiChunkWrite(TestBlockOutputStream.java:364)
	at sun.reflect.NativeMethodAccessorImpl.invoke0(Native Method)
	at sun.reflect.NativeMethodAccessorImpl.invoke(NativeMethodAccessorImpl.java:62)
	at sun.reflect.DelegatingMethodAccessorImpl.invoke(DelegatingMethodAccessorImpl.java:43)
	at java.lang.reflect.Method.invoke(Method.java:498)
	at org.junit.runners.model.FrameworkMethod$1.runReflectiveCall(FrameworkMethod.java:47)
	at org.junit.internal.runners.model.ReflectiveCallable.run(ReflectiveCallable.java:12)
	at org.junit.runners.model.FrameworkMethod.invokeExplosively(FrameworkMethod.java:44)
	at org.junit.internal.runners.statements.InvokeMethod.evaluate(InvokeMethod.java:17)
	at org.junit.runners.ParentRunner.runLeaf(ParentRunner.java:271)
	at org.junit.runners.BlockJUnit4ClassRunner.runChild(BlockJUnit4ClassRunner.java:70)
	at org.junit.runners.BlockJUnit4ClassRunner.runChild(BlockJUnit4ClassRunner.java:50)
	at org.junit.runners.ParentRunner$3.run(ParentRunner.java:238)
	at org.junit.runners.ParentRunner$1.schedule(ParentRunner.java:63)
	at org.junit.runners.ParentRunner.runChildren(ParentRunner.java:236)
	at org.junit.runners.ParentRunner.access$000(ParentRunner.java:53)
	at org.junit.runners.ParentRunner$2.evaluate(ParentRunner.java:229)
	at org.junit.internal.runners.statements.RunBefores.evaluate(RunBefores.java:26)
	at org.junit.internal.runners.statements.RunAfters.evaluate(RunAfters.java:27)
	at org.junit.runners.ParentRunner.run(ParentRunner.java:309)
	at org.apache.maven.surefire.junit4.JUnit4Provider.execute(JUnit4Provider.java:365)
	at org.apache.maven.surefire.junit4.JUnit4Provider.executeWithRerun(JUnit4Provider.java:273)
	at org.apache.maven.surefire.junit4.JUnit4Provider.executeTestSet(JUnit4Provider.java:238)
	at org.apache.maven.surefire.junit4.JUnit4Provider.invoke(JUnit4Provider.java:159)
	at org.apache.maven.surefire.booter.ForkedBooter.invokeProviderInSameClassLoader(ForkedBooter.java:384)
	at org.apache.maven.surefire.booter.ForkedBooter.runSuitesInProcess(ForkedBooter.java:345)
	at org.apache.maven.surefire.booter.ForkedBooter.execute(ForkedBooter.java:126)
	at org.apache.maven.surefire.booter.ForkedBooter.main(ForkedBooter.java:418)
]]></failure>
    <system-out><![CDATA[2019-09-11 20:02:11,076 [grpc-default-executor-0] INFO  impl.RaftServerProxy (RaftServerProxy.java:remove(95)) - 8bc19c34-ed99-4952-a694-bf62b7894053: remove group-815FDE6FCAD8:null
2019-09-11 20:02:11,085 [RatisPipelineUtilsThread] WARN  pipeline.RatisPipelineUtils (RatisPipelineUtils.java:destroyPipeline(66)) - Pipeline destroy failed for pipeline=PipelineID=14a294df-f6cd-45c4-a05c-815fde6fcad8 dn=8bc19c34-ed99-4952-a694-bf62b7894053{ip: 192.168.36.83, host: pr-hdds-2096-jg2tg-1247294052, networkLocation: /default-rack, certSerialId: null}
2019-09-11 20:02:11,092 [grpc-default-executor-0] INFO  impl.RaftServerProxy (RaftServerProxy.java:remove(95)) - f44a2839-6f6e-45eb-9e76-f53daf5fe8b6: remove group-815FDE6FCAD8:null
2019-09-11 20:02:11,099 [RatisPipelineUtilsThread] WARN  pipeline.RatisPipelineUtils (RatisPipelineUtils.java:destroyPipeline(66)) - Pipeline destroy failed for pipeline=PipelineID=14a294df-f6cd-45c4-a05c-815fde6fcad8 dn=f44a2839-6f6e-45eb-9e76-f53daf5fe8b6{ip: 192.168.36.83, host: pr-hdds-2096-jg2tg-1247294052, networkLocation: /default-rack, certSerialId: null}
2019-09-11 20:02:11,117 [grpc-default-executor-0] INFO  impl.RaftServerProxy (RaftServerProxy.java:remove(95)) - 24ad807e-6d45-451f-a21b-d43dbe93db59: remove group-815FDE6FCAD8:null
2019-09-11 20:02:11,125 [RatisPipelineUtilsThread] WARN  pipeline.RatisPipelineUtils (RatisPipelineUtils.java:destroyPipeline(66)) - Pipeline destroy failed for pipeline=PipelineID=14a294df-f6cd-45c4-a05c-815fde6fcad8 dn=24ad807e-6d45-451f-a21b-d43dbe93db59{ip: 192.168.36.83, host: pr-hdds-2096-jg2tg-1247294052, networkLocation: /default-rack, certSerialId: null}
2019-09-11 20:02:11,126 [RatisPipelineUtilsThread] ERROR pipeline.SCMPipelineManager (Scheduler.java:lambda$schedule$1(70)) - Destroy pipeline failed for pipeline:Pipeline[ Id: 14a294df-f6cd-45c4-a05c-815fde6fcad8, Nodes: 8bc19c34-ed99-4952-a694-bf62b7894053{ip: 192.168.36.83, host: pr-hdds-2096-jg2tg-1247294052, networkLocation: /default-rack, certSerialId: null}f44a2839-6f6e-45eb-9e76-f53daf5fe8b6{ip: 192.168.36.83, host: pr-hdds-2096-jg2tg-1247294052, networkLocation: /default-rack, certSerialId: null}24ad807e-6d45-451f-a21b-d43dbe93db59{ip: 192.168.36.83, host: pr-hdds-2096-jg2tg-1247294052, networkLocation: /default-rack, certSerialId: null}, Type:RATIS, Factor:THREE, State:CLOSED]
org.apache.hadoop.hdds.scm.pipeline.PipelineNotFoundException: PipelineID=14a294df-f6cd-45c4-a05c-815fde6fcad8 not found
	at org.apache.hadoop.hdds.scm.pipeline.PipelineStateMap.getPipeline(PipelineStateMap.java:132)
	at org.apache.hadoop.hdds.scm.pipeline.PipelineStateMap.removePipeline(PipelineStateMap.java:322)
	at org.apache.hadoop.hdds.scm.pipeline.PipelineStateManager.removePipeline(PipelineStateManager.java:107)
	at org.apache.hadoop.hdds.scm.pipeline.SCMPipelineManager.removePipeline(SCMPipelineManager.java:423)
	at org.apache.hadoop.hdds.scm.pipeline.SCMPipelineManager.destroyPipeline(SCMPipelineManager.java:409)
	at org.apache.hadoop.hdds.scm.pipeline.SCMPipelineManager.lambda$finalizeAndDestroyPipeline$0(SCMPipelineManager.java:318)
	at org.apache.hadoop.utils.Scheduler.lambda$schedule$1(Scheduler.java:68)
	at java.util.concurrent.Executors$RunnableAdapter.call(Executors.java:511)
	at java.util.concurrent.FutureTask.run(FutureTask.java:266)
	at java.util.concurrent.ScheduledThreadPoolExecutor$ScheduledFutureTask.access$201(ScheduledThreadPoolExecutor.java:180)
	at java.util.concurrent.ScheduledThreadPoolExecutor$ScheduledFutureTask.run(ScheduledThreadPoolExecutor.java:293)
	at java.util.concurrent.ThreadPoolExecutor.runWorker(ThreadPoolExecutor.java:1149)
	at java.util.concurrent.ThreadPoolExecutor$Worker.run(ThreadPoolExecutor.java:624)
	at java.lang.Thread.run(Thread.java:748)
2019-09-11 20:02:12,098 [grpc-default-executor-0] INFO  impl.RaftServerProxy (RaftServerProxy.java:remove(95)) - 8bc19c34-ed99-4952-a694-bf62b7894053: remove group-815FDE6FCAD8:null
2019-09-11 20:02:12,110 [RatisPipelineUtilsThread] WARN  pipeline.RatisPipelineUtils (RatisPipelineUtils.java:destroyPipeline(66)) - Pipeline destroy failed for pipeline=PipelineID=14a294df-f6cd-45c4-a05c-815fde6fcad8 dn=8bc19c34-ed99-4952-a694-bf62b7894053{ip: 192.168.36.83, host: pr-hdds-2096-jg2tg-1247294052, networkLocation: /default-rack, certSerialId: null}
2019-09-11 20:02:12,121 [grpc-default-executor-0] INFO  impl.RaftServerProxy (RaftServerProxy.java:remove(95)) - f44a2839-6f6e-45eb-9e76-f53daf5fe8b6: remove group-815FDE6FCAD8:null
2019-09-11 20:02:12,128 [RatisPipelineUtilsThread] WARN  pipeline.RatisPipelineUtils (RatisPipelineUtils.java:destroyPipeline(66)) - Pipeline destroy failed for pipeline=PipelineID=14a294df-f6cd-45c4-a05c-815fde6fcad8 dn=f44a2839-6f6e-45eb-9e76-f53daf5fe8b6{ip: 192.168.36.83, host: pr-hdds-2096-jg2tg-1247294052, networkLocation: /default-rack, certSerialId: null}
2019-09-11 20:02:12,135 [grpc-default-executor-0] INFO  impl.RaftServerProxy (RaftServerProxy.java:remove(95)) - 24ad807e-6d45-451f-a21b-d43dbe93db59: remove group-815FDE6FCAD8:null
2019-09-11 20:02:12,143 [RatisPipelineUtilsThread] WARN  pipeline.RatisPipelineUtils (RatisPipelineUtils.java:destroyPipeline(66)) - Pipeline destroy failed for pipeline=PipelineID=14a294df-f6cd-45c4-a05c-815fde6fcad8 dn=24ad807e-6d45-451f-a21b-d43dbe93db59{ip: 192.168.36.83, host: pr-hdds-2096-jg2tg-1247294052, networkLocation: /default-rack, certSerialId: null}
2019-09-11 20:02:12,143 [RatisPipelineUtilsThread] ERROR pipeline.SCMPipelineManager (Scheduler.java:lambda$schedule$1(70)) - Destroy pipeline failed for pipeline:Pipeline[ Id: 14a294df-f6cd-45c4-a05c-815fde6fcad8, Nodes: 8bc19c34-ed99-4952-a694-bf62b7894053{ip: 192.168.36.83, host: pr-hdds-2096-jg2tg-1247294052, networkLocation: /default-rack, certSerialId: null}f44a2839-6f6e-45eb-9e76-f53daf5fe8b6{ip: 192.168.36.83, host: pr-hdds-2096-jg2tg-1247294052, networkLocation: /default-rack, certSerialId: null}24ad807e-6d45-451f-a21b-d43dbe93db59{ip: 192.168.36.83, host: pr-hdds-2096-jg2tg-1247294052, networkLocation: /default-rack, certSerialId: null}, Type:RATIS, Factor:THREE, State:CLOSED]
org.apache.hadoop.hdds.scm.pipeline.PipelineNotFoundException: PipelineID=14a294df-f6cd-45c4-a05c-815fde6fcad8 not found
	at org.apache.hadoop.hdds.scm.pipeline.PipelineStateMap.getPipeline(PipelineStateMap.java:132)
	at org.apache.hadoop.hdds.scm.pipeline.PipelineStateMap.removePipeline(PipelineStateMap.java:322)
	at org.apache.hadoop.hdds.scm.pipeline.PipelineStateManager.removePipeline(PipelineStateManager.java:107)
	at org.apache.hadoop.hdds.scm.pipeline.SCMPipelineManager.removePipeline(SCMPipelineManager.java:423)
	at org.apache.hadoop.hdds.scm.pipeline.SCMPipelineManager.destroyPipeline(SCMPipelineManager.java:409)
	at org.apache.hadoop.hdds.scm.pipeline.SCMPipelineManager.lambda$finalizeAndDestroyPipeline$0(SCMPipelineManager.java:318)
	at org.apache.hadoop.utils.Scheduler.lambda$schedule$1(Scheduler.java:68)
	at java.util.concurrent.Executors$RunnableAdapter.call(Executors.java:511)
	at java.util.concurrent.FutureTask.run(FutureTask.java:266)
	at java.util.concurrent.ScheduledThreadPoolExecutor$ScheduledFutureTask.access$201(ScheduledThreadPoolExecutor.java:180)
	at java.util.concurrent.ScheduledThreadPoolExecutor$ScheduledFutureTask.run(ScheduledThreadPoolExecutor.java:293)
	at java.util.concurrent.ThreadPoolExecutor.runWorker(ThreadPoolExecutor.java:1149)
	at java.util.concurrent.ThreadPoolExecutor$Worker.run(ThreadPoolExecutor.java:624)
	at java.lang.Thread.run(Thread.java:748)
2019-09-11 20:02:12,676 [java.util.concurrent.ThreadPoolExecutor$Worker@64f81f1[State = -1, empty queue]] WARN  server.GrpcLogAppender (GrpcLogAppender.java:timeoutAppendRequest(200)) - 9bb405f0-f563-4579-83ea-0bbe163a9fbc@group-CB0F6128481C->e0c56373-add1-4904-83f3-08b0a755b8ed-GrpcLogAppender: appendEntries Timeout, request=9bb405f0-f563-4579-83ea-0bbe163a9fbc->e0c56373-add1-4904-83f3-08b0a755b8ed#87-t1, previous=(t:1, i:10), leaderCommit=10, initializing? false, entries: size=1, first=(t:1, i:11), STATEMACHINELOGENTRY, client-9954D3AE5C83, cid=32
2019-09-11 20:02:12,677 [java.util.concurrent.ThreadPoolExecutor$Worker@64f81f1[State = -1, empty queue]] WARN  server.GrpcLogAppender (GrpcLogAppender.java:timeoutAppendRequest(200)) - 9bb405f0-f563-4579-83ea-0bbe163a9fbc@group-CB0F6128481C->e0c56373-add1-4904-83f3-08b0a755b8ed-GrpcLogAppender: appendEntries Timeout, request=9bb405f0-f563-4579-83ea-0bbe163a9fbc->e0c56373-add1-4904-83f3-08b0a755b8ed#88-t1, previous=(t:1, i:11), leaderCommit=10, initializing? false, entries: size=1, first=(t:1, i:12), STATEMACHINELOGENTRY, client-9954D3AE5C83, cid=33
2019-09-11 20:02:12,678 [java.util.concurrent.ThreadPoolExecutor$Worker@64f81f1[State = -1, empty queue]] WARN  server.GrpcLogAppender (GrpcLogAppender.java:timeoutAppendRequest(200)) - 9bb405f0-f563-4579-83ea-0bbe163a9fbc@group-CB0F6128481C->e0c56373-add1-4904-83f3-08b0a755b8ed-GrpcLogAppender: appendEntries Timeout, request=9bb405f0-f563-4579-83ea-0bbe163a9fbc->e0c56373-add1-4904-83f3-08b0a755b8ed#89-t1, previous=(t:1, i:12), leaderCommit=10, initializing? false, entries: size=1, first=(t:1, i:13), STATEMACHINELOGENTRY, client-9954D3AE5C83, cid=34
2019-09-11 20:02:13,658 [Thread-803] INFO  impl.FollowerState (FollowerState.java:run(106)) - f44a2839-6f6e-45eb-9e76-f53daf5fe8b6:group-CB2A302804FE changes to CANDIDATE, lastRpcTime:5045, electionTimeout:5045ms
2019-09-11 20:02:13,659 [Thread-803] INFO  impl.RoleInfo (RoleInfo.java:shutdownFollowerState(121)) - f44a2839-6f6e-45eb-9e76-f53daf5fe8b6: shutdown FollowerState
2019-09-11 20:02:13,659 [Thread-803] INFO  impl.RaftServerImpl (RaftServerImpl.java:setRole(174)) - f44a2839-6f6e-45eb-9e76-f53daf5fe8b6@group-CB2A302804FE: changes role from  FOLLOWER to CANDIDATE at term 0 for changeToCandidate
2019-09-11 20:02:13,659 [Thread-803] INFO  impl.RoleInfo (RoleInfo.java:updateAndGet(143)) - f44a2839-6f6e-45eb-9e76-f53daf5fe8b6: start LeaderElection
2019-09-11 20:02:13,683 [f44a2839-6f6e-45eb-9e76-f53daf5fe8b6@group-CB2A302804FE:LeaderElection12] INFO  impl.LeaderElection (LeaderElection.java:askForVotes(182)) - f44a2839-6f6e-45eb-9e76-f53daf5fe8b6@group-CB2A302804FE:LeaderElection12: begin an election at term 1 for -1: [f44a2839-6f6e-45eb-9e76-f53daf5fe8b6:192.168.36.83:36974, 24ad807e-6d45-451f-a21b-d43dbe93db59:192.168.36.83:43423, 8bc19c34-ed99-4952-a694-bf62b7894053:192.168.36.83:44276], old=null
2019-09-11 20:02:13,697 [grpc-default-executor-4] INFO  impl.RaftServerImpl (RaftServerImpl.java:setRole(174)) - 24ad807e-6d45-451f-a21b-d43dbe93db59@group-CB2A302804FE: changes role from  FOLLOWER to FOLLOWER at term 1 for recognizeCandidate:f44a2839-6f6e-45eb-9e76-f53daf5fe8b6
2019-09-11 20:02:13,697 [grpc-default-executor-0] INFO  impl.RaftServerImpl (RaftServerImpl.java:setRole(174)) - 8bc19c34-ed99-4952-a694-bf62b7894053@group-CB2A302804FE: changes role from  FOLLOWER to FOLLOWER at term 1 for recognizeCandidate:f44a2839-6f6e-45eb-9e76-f53daf5fe8b6
2019-09-11 20:02:13,697 [grpc-default-executor-4] INFO  impl.RoleInfo (RoleInfo.java:shutdownFollowerState(121)) - 24ad807e-6d45-451f-a21b-d43dbe93db59: shutdown FollowerState
2019-09-11 20:02:13,697 [grpc-default-executor-0] INFO  impl.RoleInfo (RoleInfo.java:shutdownFollowerState(121)) - 8bc19c34-ed99-4952-a694-bf62b7894053: shutdown FollowerState
2019-09-11 20:02:13,698 [grpc-default-executor-4] INFO  impl.RoleInfo (RoleInfo.java:updateAndGet(143)) - 24ad807e-6d45-451f-a21b-d43dbe93db59: start FollowerState
2019-09-11 20:02:13,698 [grpc-default-executor-0] INFO  impl.RoleInfo (RoleInfo.java:updateAndGet(143)) - 8bc19c34-ed99-4952-a694-bf62b7894053: start FollowerState
2019-09-11 20:02:13,698 [Thread-806] INFO  impl.FollowerState (FollowerState.java:run(115)) - 24ad807e-6d45-451f-a21b-d43dbe93db59: FollowerState was interrupted: java.lang.InterruptedException: sleep interrupted
2019-09-11 20:02:13,716 [f44a2839-6f6e-45eb-9e76-f53daf5fe8b6@group-CB2A302804FE:LeaderElection12] INFO  impl.LeaderElection (LeaderElection.java:logAndReturn(56)) - f44a2839-6f6e-45eb-9e76-f53daf5fe8b6@group-CB2A302804FE:LeaderElection12: Election PASSED; received 1 response(s) [f44a2839-6f6e-45eb-9e76-f53daf5fe8b6<-8bc19c34-ed99-4952-a694-bf62b7894053#0:OK-t1] and 0 exception(s); f44a2839-6f6e-45eb-9e76-f53daf5fe8b6@group-CB2A302804FE:t1, leader=null, voted=f44a2839-6f6e-45eb-9e76-f53daf5fe8b6, raftlog=f44a2839-6f6e-45eb-9e76-f53daf5fe8b6@group-CB2A302804FE-SegmentedRaftLog:OPENED:c-1,f-1,i0, conf=-1: [f44a2839-6f6e-45eb-9e76-f53daf5fe8b6:192.168.36.83:36974, 24ad807e-6d45-451f-a21b-d43dbe93db59:192.168.36.83:43423, 8bc19c34-ed99-4952-a694-bf62b7894053:192.168.36.83:44276], old=null
2019-09-11 20:02:13,716 [f44a2839-6f6e-45eb-9e76-f53daf5fe8b6@group-CB2A302804FE:LeaderElection12] INFO  impl.RoleInfo (RoleInfo.java:shutdownLeaderElection(134)) - f44a2839-6f6e-45eb-9e76-f53daf5fe8b6: shutdown LeaderElection
2019-09-11 20:02:13,718 [f44a2839-6f6e-45eb-9e76-f53daf5fe8b6@group-CB2A302804FE:LeaderElection12] INFO  impl.RaftServerImpl (RaftServerImpl.java:setRole(174)) - f44a2839-6f6e-45eb-9e76-f53daf5fe8b6@group-CB2A302804FE: changes role from CANDIDATE to LEADER at term 1 for changeToLeader
2019-09-11 20:02:13,719 [f44a2839-6f6e-45eb-9e76-f53daf5fe8b6@group-CB2A302804FE:LeaderElection12] INFO  impl.RaftServerImpl (ServerState.java:setLeader(253)) - f44a2839-6f6e-45eb-9e76-f53daf5fe8b6@group-CB2A302804FE: change Leader from null to f44a2839-6f6e-45eb-9e76-f53daf5fe8b6 at term 1 for becomeLeader, leader elected after 5113ms
2019-09-11 20:02:13,719 [f44a2839-6f6e-45eb-9e76-f53daf5fe8b6@group-CB2A302804FE:LeaderElection12] INFO  server.RaftServerConfigKeys (ConfUtils.java:logGet(43)) - raft.server.staging.catchup.gap = 1000 (default)
2019-09-11 20:02:13,719 [f44a2839-6f6e-45eb-9e76-f53daf5fe8b6@group-CB2A302804FE:LeaderElection12] INFO  server.RaftServerConfigKeys (ConfUtils.java:logGet(43)) - raft.server.rpc.sleep.time = 25ms (default)
2019-09-11 20:02:13,719 [f44a2839-6f6e-45eb-9e76-f53daf5fe8b6@group-CB2A302804FE:LeaderElection12] INFO  server.RaftServerConfigKeys (ConfUtils.java:logGet(43)) - raft.server.write.element-limit = 4096 (default)
2019-09-11 20:02:13,720 [f44a2839-6f6e-45eb-9e76-f53daf5fe8b6@group-CB2A302804FE:LeaderElection12] INFO  server.RaftServerConfigKeys (ConfUtils.java:logGet(43)) - raft.server.watch.timeout = 10s (default)
2019-09-11 20:02:13,720 [f44a2839-6f6e-45eb-9e76-f53daf5fe8b6@group-CB2A302804FE:LeaderElection12] INFO  server.RaftServerConfigKeys (ConfUtils.java:logGet(43)) - raft.server.watch.timeout.denomination = 1s (default)
2019-09-11 20:02:13,720 [f44a2839-6f6e-45eb-9e76-f53daf5fe8b6@group-CB2A302804FE:LeaderElection12] INFO  server.RaftServerConfigKeys (ConfUtils.java:logGet(43)) - raft.server.watch.element-limit = 65536 (default)
2019-09-11 20:02:13,724 [f44a2839-6f6e-45eb-9e76-f53daf5fe8b6@group-CB2A302804FE:LeaderElection12] INFO  server.RaftServerConfigKeys (ConfUtils.java:logGet(43)) - raft.server.log.appender.snapshot.chunk.size.max = 16MB (=16777216) (default)
2019-09-11 20:02:13,724 [f44a2839-6f6e-45eb-9e76-f53daf5fe8b6@group-CB2A302804FE:LeaderElection12] INFO  server.RaftServerConfigKeys (ConfUtils.java:logGet(43)) - raft.server.log.appender.buffer.byte-limit = 33554432 (custom)
2019-09-11 20:02:13,725 [f44a2839-6f6e-45eb-9e76-f53daf5fe8b6@group-CB2A302804FE:LeaderElection12] INFO  server.RaftServerConfigKeys (ConfUtils.java:logGet(43)) - raft.server.log.appender.buffer.element-limit = 1 (custom)
2019-09-11 20:02:13,725 [f44a2839-6f6e-45eb-9e76-f53daf5fe8b6@group-CB2A302804FE:LeaderElection12] INFO  grpc.GrpcConfigKeys$Server (ConfUtils.java:logGet(43)) - raft.grpc.server.leader.outstanding.appends.max = 128 (default)
2019-09-11 20:02:13,725 [f44a2839-6f6e-45eb-9e76-f53daf5fe8b6@group-CB2A302804FE:LeaderElection12] INFO  server.RaftServerConfigKeys (ConfUtils.java:logGet(43)) - raft.server.rpc.request.timeout = 3000ms (default)
2019-09-11 20:02:13,725 [f44a2839-6f6e-45eb-9e76-f53daf5fe8b6@group-CB2A302804FE:LeaderElection12] INFO  server.RaftServerConfigKeys (ConfUtils.java:logGet(43)) - raft.server.log.appender.install.snapshot.enabled = false (custom)
2019-09-11 20:02:13,726 [f44a2839-6f6e-45eb-9e76-f53daf5fe8b6@group-CB2A302804FE:LeaderElection12] INFO  server.RaftServerConfigKeys (ConfUtils.java:logGet(43)) - raft.server.log.appender.snapshot.chunk.size.max = 16MB (=16777216) (default)
2019-09-11 20:02:13,726 [f44a2839-6f6e-45eb-9e76-f53daf5fe8b6@group-CB2A302804FE:LeaderElection12] INFO  server.RaftServerConfigKeys (ConfUtils.java:logGet(43)) - raft.server.log.appender.buffer.byte-limit = 33554432 (custom)
2019-09-11 20:02:13,726 [f44a2839-6f6e-45eb-9e76-f53daf5fe8b6@group-CB2A302804FE:LeaderElection12] INFO  server.RaftServerConfigKeys (ConfUtils.java:logGet(43)) - raft.server.log.appender.buffer.element-limit = 1 (custom)
2019-09-11 20:02:13,726 [f44a2839-6f6e-45eb-9e76-f53daf5fe8b6@group-CB2A302804FE:LeaderElection12] INFO  grpc.GrpcConfigKeys$Server (ConfUtils.java:logGet(43)) - raft.grpc.server.leader.outstanding.appends.max = 128 (default)
2019-09-11 20:02:13,727 [f44a2839-6f6e-45eb-9e76-f53daf5fe8b6@group-CB2A302804FE:LeaderElection12] INFO  server.RaftServerConfigKeys (ConfUtils.java:logGet(43)) - raft.server.rpc.request.timeout = 3000ms (default)
2019-09-11 20:02:13,727 [f44a2839-6f6e-45eb-9e76-f53daf5fe8b6@group-CB2A302804FE:LeaderElection12] INFO  server.RaftServerConfigKeys (ConfUtils.java:logGet(43)) - raft.server.log.appender.install.snapshot.enabled = false (custom)
2019-09-11 20:02:13,727 [f44a2839-6f6e-45eb-9e76-f53daf5fe8b6@group-CB2A302804FE:LeaderElection12] INFO  impl.RoleInfo (RoleInfo.java:updateAndGet(143)) - f44a2839-6f6e-45eb-9e76-f53daf5fe8b6: start LeaderState
2019-09-11 20:02:13,728 [f44a2839-6f6e-45eb-9e76-f53daf5fe8b6@group-CB2A302804FE:LeaderElection12] INFO  segmented.SegmentedRaftLogWorker (SegmentedRaftLogWorker.java:startLogSegment(380)) - f44a2839-6f6e-45eb-9e76-f53daf5fe8b6@group-CB2A302804FE-SegmentedRaftLogWorker: Starting segment from index:0
2019-09-11 20:02:13,729 [f44a2839-6f6e-45eb-9e76-f53daf5fe8b6@group-CB2A302804FE:LeaderElection12] INFO  impl.RaftServerImpl (ServerState.java:setRaftConf(354)) - f44a2839-6f6e-45eb-9e76-f53daf5fe8b6@group-CB2A302804FE: set configuration 0: [f44a2839-6f6e-45eb-9e76-f53daf5fe8b6:192.168.36.83:36974, 24ad807e-6d45-451f-a21b-d43dbe93db59:192.168.36.83:43423, 8bc19c34-ed99-4952-a694-bf62b7894053:192.168.36.83:44276], old=null at 0
2019-09-11 20:02:13,767 [grpc-default-executor-4] INFO  impl.RaftServerImpl (ServerState.java:setLeader(253)) - 8bc19c34-ed99-4952-a694-bf62b7894053@group-CB2A302804FE: change Leader from null to f44a2839-6f6e-45eb-9e76-f53daf5fe8b6 at term 1 for appendEntries, leader elected after 5162ms
2019-09-11 20:02:13,769 [grpc-default-executor-0] INFO  impl.RaftServerImpl (ServerState.java:setLeader(253)) - 24ad807e-6d45-451f-a21b-d43dbe93db59@group-CB2A302804FE: change Leader from null to f44a2839-6f6e-45eb-9e76-f53daf5fe8b6 at term 1 for appendEntries, leader elected after 5164ms
2019-09-11 20:02:13,772 [grpc-default-executor-4] INFO  impl.RaftServerImpl (ServerState.java:setRaftConf(354)) - 8bc19c34-ed99-4952-a694-bf62b7894053@group-CB2A302804FE: set configuration 0: [f44a2839-6f6e-45eb-9e76-f53daf5fe8b6:192.168.36.83:36974, 24ad807e-6d45-451f-a21b-d43dbe93db59:192.168.36.83:43423, 8bc19c34-ed99-4952-a694-bf62b7894053:192.168.36.83:44276], old=null at 0
2019-09-11 20:02:13,772 [grpc-default-executor-0] INFO  impl.RaftServerImpl (ServerState.java:setRaftConf(354)) - 24ad807e-6d45-451f-a21b-d43dbe93db59@group-CB2A302804FE: set configuration 0: [f44a2839-6f6e-45eb-9e76-f53daf5fe8b6:192.168.36.83:36974, 24ad807e-6d45-451f-a21b-d43dbe93db59:192.168.36.83:43423, 8bc19c34-ed99-4952-a694-bf62b7894053:192.168.36.83:44276], old=null at 0
2019-09-11 20:02:13,772 [grpc-default-executor-4] INFO  segmented.SegmentedRaftLogWorker (SegmentedRaftLogWorker.java:startLogSegment(380)) - 8bc19c34-ed99-4952-a694-bf62b7894053@group-CB2A302804FE-SegmentedRaftLogWorker: Starting segment from index:0
2019-09-11 20:02:13,772 [grpc-default-executor-0] INFO  segmented.SegmentedRaftLogWorker (SegmentedRaftLogWorker.java:startLogSegment(380)) - 24ad807e-6d45-451f-a21b-d43dbe93db59@group-CB2A302804FE-SegmentedRaftLogWorker: Starting segment from index:0
2019-09-11 20:02:13,776 [f44a2839-6f6e-45eb-9e76-f53daf5fe8b6@group-CB2A302804FE-SegmentedRaftLogWorker] INFO  segmented.SegmentedRaftLogWorker (SegmentedRaftLogWorker.java:execute(569)) - f44a2839-6f6e-45eb-9e76-f53daf5fe8b6@group-CB2A302804FE-SegmentedRaftLogWorker: created new log segment /workdir/hadoop-ozone/integration-test/target/test-dir/MiniOzoneClusterImpl-0a14e7f9-644e-4233-9ad1-c76f0b8b7528/datanode-2/data/ratis/b7bf361e-591e-4431-96d2-cb2a302804fe/current/log_inprogress_0
2019-09-11 20:02:13,804 [24ad807e-6d45-451f-a21b-d43dbe93db59@group-CB2A302804FE-SegmentedRaftLogWorker] INFO  segmented.SegmentedRaftLogWorker (SegmentedRaftLogWorker.java:execute(569)) - 24ad807e-6d45-451f-a21b-d43dbe93db59@group-CB2A302804FE-SegmentedRaftLogWorker: created new log segment /workdir/hadoop-ozone/integration-test/target/test-dir/MiniOzoneClusterImpl-0a14e7f9-644e-4233-9ad1-c76f0b8b7528/datanode-5/data/ratis/b7bf361e-591e-4431-96d2-cb2a302804fe/current/log_inprogress_0
2019-09-11 20:02:13,808 [8bc19c34-ed99-4952-a694-bf62b7894053@group-CB2A302804FE-SegmentedRaftLogWorker] INFO  segmented.SegmentedRaftLogWorker (SegmentedRaftLogWorker.java:execute(569)) - 8bc19c34-ed99-4952-a694-bf62b7894053@group-CB2A302804FE-SegmentedRaftLogWorker: created new log segment /workdir/hadoop-ozone/integration-test/target/test-dir/MiniOzoneClusterImpl-0a14e7f9-644e-4233-9ad1-c76f0b8b7528/datanode-6/data/ratis/b7bf361e-591e-4431-96d2-cb2a302804fe/current/log_inprogress_0
2019-09-11 20:02:14,095 [grpc-default-executor-0] INFO  impl.RaftServerProxy (RaftServerProxy.java:remove(95)) - 8bc19c34-ed99-4952-a694-bf62b7894053: remove group-815FDE6FCAD8:null
2019-09-11 20:02:14,105 [RatisPipelineUtilsThread] WARN  pipeline.RatisPipelineUtils (RatisPipelineUtils.java:destroyPipeline(66)) - Pipeline destroy failed for pipeline=PipelineID=14a294df-f6cd-45c4-a05c-815fde6fcad8 dn=8bc19c34-ed99-4952-a694-bf62b7894053{ip: 192.168.36.83, host: pr-hdds-2096-jg2tg-1247294052, networkLocation: /default-rack, certSerialId: null}
2019-09-11 20:02:14,112 [grpc-default-executor-0] INFO  impl.RaftServerProxy (RaftServerProxy.java:remove(95)) - f44a2839-6f6e-45eb-9e76-f53daf5fe8b6: remove group-815FDE6FCAD8:null
2019-09-11 20:02:14,120 [RatisPipelineUtilsThread] WARN  pipeline.RatisPipelineUtils (RatisPipelineUtils.java:destroyPipeline(66)) - Pipeline destroy failed for pipeline=PipelineID=14a294df-f6cd-45c4-a05c-815fde6fcad8 dn=f44a2839-6f6e-45eb-9e76-f53daf5fe8b6{ip: 192.168.36.83, host: pr-hdds-2096-jg2tg-1247294052, networkLocation: /default-rack, certSerialId: null}
2019-09-11 20:02:14,127 [grpc-default-executor-0] INFO  impl.RaftServerProxy (RaftServerProxy.java:remove(95)) - 24ad807e-6d45-451f-a21b-d43dbe93db59: remove group-815FDE6FCAD8:null
2019-09-11 20:02:14,134 [RatisPipelineUtilsThread] WARN  pipeline.RatisPipelineUtils (RatisPipelineUtils.java:destroyPipeline(66)) - Pipeline destroy failed for pipeline=PipelineID=14a294df-f6cd-45c4-a05c-815fde6fcad8 dn=24ad807e-6d45-451f-a21b-d43dbe93db59{ip: 192.168.36.83, host: pr-hdds-2096-jg2tg-1247294052, networkLocation: /default-rack, certSerialId: null}
2019-09-11 20:02:14,134 [RatisPipelineUtilsThread] ERROR pipeline.SCMPipelineManager (Scheduler.java:lambda$schedule$1(70)) - Destroy pipeline failed for pipeline:Pipeline[ Id: 14a294df-f6cd-45c4-a05c-815fde6fcad8, Nodes: 8bc19c34-ed99-4952-a694-bf62b7894053{ip: 192.168.36.83, host: pr-hdds-2096-jg2tg-1247294052, networkLocation: /default-rack, certSerialId: null}f44a2839-6f6e-45eb-9e76-f53daf5fe8b6{ip: 192.168.36.83, host: pr-hdds-2096-jg2tg-1247294052, networkLocation: /default-rack, certSerialId: null}24ad807e-6d45-451f-a21b-d43dbe93db59{ip: 192.168.36.83, host: pr-hdds-2096-jg2tg-1247294052, networkLocation: /default-rack, certSerialId: null}, Type:RATIS, Factor:THREE, State:CLOSED]
org.apache.hadoop.hdds.scm.pipeline.PipelineNotFoundException: PipelineID=14a294df-f6cd-45c4-a05c-815fde6fcad8 not found
	at org.apache.hadoop.hdds.scm.pipeline.PipelineStateMap.getPipeline(PipelineStateMap.java:132)
	at org.apache.hadoop.hdds.scm.pipeline.PipelineStateMap.removePipeline(PipelineStateMap.java:322)
	at org.apache.hadoop.hdds.scm.pipeline.PipelineStateManager.removePipeline(PipelineStateManager.java:107)
	at org.apache.hadoop.hdds.scm.pipeline.SCMPipelineManager.removePipeline(SCMPipelineManager.java:423)
	at org.apache.hadoop.hdds.scm.pipeline.SCMPipelineManager.destroyPipeline(SCMPipelineManager.java:409)
	at org.apache.hadoop.hdds.scm.pipeline.SCMPipelineManager.lambda$finalizeAndDestroyPipeline$0(SCMPipelineManager.java:318)
	at org.apache.hadoop.utils.Scheduler.lambda$schedule$1(Scheduler.java:68)
	at java.util.concurrent.Executors$RunnableAdapter.call(Executors.java:511)
	at java.util.concurrent.FutureTask.run(FutureTask.java:266)
	at java.util.concurrent.ScheduledThreadPoolExecutor$ScheduledFutureTask.access$201(ScheduledThreadPoolExecutor.java:180)
	at java.util.concurrent.ScheduledThreadPoolExecutor$ScheduledFutureTask.run(ScheduledThreadPoolExecutor.java:293)
	at java.util.concurrent.ThreadPoolExecutor.runWorker(ThreadPoolExecutor.java:1149)
	at java.util.concurrent.ThreadPoolExecutor$Worker.run(ThreadPoolExecutor.java:624)
	at java.lang.Thread.run(Thread.java:748)
2019-09-11 20:02:14,698 [grpc-default-executor-0] INFO  client.GrpcClientProtocolClient (GrpcClientProtocolClient.java:onNext(264)) - client-9954D3AE5C83->802f7a56-3ac2-455e-92a2-71244eb20cf7: receive RaftClientReply:client-9954D3AE5C83->802f7a56-3ac2-455e-92a2-71244eb20cf7@group-CB0F6128481C, cid=32, FAILED org.apache.ratis.protocol.NotLeaderException: Server 802f7a56-3ac2-455e-92a2-71244eb20cf7@group-CB0F6128481C is not the leader 9bb405f0-f563-4579-83ea-0bbe163a9fbc:192.168.36.83:46254, logIndex=0, commits[802f7a56-3ac2-455e-92a2-71244eb20cf7:c10, 9bb405f0-f563-4579-83ea-0bbe163a9fbc:c10, e0c56373-add1-4904-83f3-08b0a755b8ed:c6]
2019-09-11 20:02:15,178 [java.util.concurrent.ThreadPoolExecutor$Worker@64f81f1[State = -1, empty queue]] WARN  server.GrpcLogAppender (GrpcLogAppender.java:timeoutAppendRequest(200)) - 9bb405f0-f563-4579-83ea-0bbe163a9fbc@group-CB0F6128481C->e0c56373-add1-4904-83f3-08b0a755b8ed-GrpcLogAppender: appendEntries Timeout, request=9bb405f0-f563-4579-83ea-0bbe163a9fbc->e0c56373-add1-4904-83f3-08b0a755b8ed#90-t1, previous=(t:1, i:13), leaderCommit=10, initializing? false, entries: <empty>
2019-09-11 20:02:17,116 [grpc-default-executor-4] INFO  impl.RaftServerProxy (RaftServerProxy.java:remove(95)) - 8bc19c34-ed99-4952-a694-bf62b7894053: remove group-815FDE6FCAD8:null
2019-09-11 20:02:17,144 [RatisPipelineUtilsThread] WARN  pipeline.RatisPipelineUtils (RatisPipelineUtils.java:destroyPipeline(66)) - Pipeline destroy failed for pipeline=PipelineID=14a294df-f6cd-45c4-a05c-815fde6fcad8 dn=8bc19c34-ed99-4952-a694-bf62b7894053{ip: 192.168.36.83, host: pr-hdds-2096-jg2tg-1247294052, networkLocation: /default-rack, certSerialId: null}
2019-09-11 20:02:17,156 [grpc-default-executor-4] INFO  impl.RaftServerProxy (RaftServerProxy.java:remove(95)) - f44a2839-6f6e-45eb-9e76-f53daf5fe8b6: remove group-815FDE6FCAD8:null
2019-09-11 20:02:17,162 [RatisPipelineUtilsThread] WARN  pipeline.RatisPipelineUtils (RatisPipelineUtils.java:destroyPipeline(66)) - Pipeline destroy failed for pipeline=PipelineID=14a294df-f6cd-45c4-a05c-815fde6fcad8 dn=f44a2839-6f6e-45eb-9e76-f53daf5fe8b6{ip: 192.168.36.83, host: pr-hdds-2096-jg2tg-1247294052, networkLocation: /default-rack, certSerialId: null}
2019-09-11 20:02:17,170 [grpc-default-executor-4] INFO  impl.RaftServerProxy (RaftServerProxy.java:remove(95)) - 24ad807e-6d45-451f-a21b-d43dbe93db59: remove group-815FDE6FCAD8:null
2019-09-11 20:02:17,175 [RatisPipelineUtilsThread] WARN  pipeline.RatisPipelineUtils (RatisPipelineUtils.java:destroyPipeline(66)) - Pipeline destroy failed for pipeline=PipelineID=14a294df-f6cd-45c4-a05c-815fde6fcad8 dn=24ad807e-6d45-451f-a21b-d43dbe93db59{ip: 192.168.36.83, host: pr-hdds-2096-jg2tg-1247294052, networkLocation: /default-rack, certSerialId: null}
2019-09-11 20:02:17,176 [RatisPipelineUtilsThread] ERROR pipeline.SCMPipelineManager (Scheduler.java:lambda$schedule$1(70)) - Destroy pipeline failed for pipeline:Pipeline[ Id: 14a294df-f6cd-45c4-a05c-815fde6fcad8, Nodes: 8bc19c34-ed99-4952-a694-bf62b7894053{ip: 192.168.36.83, host: pr-hdds-2096-jg2tg-1247294052, networkLocation: /default-rack, certSerialId: null}f44a2839-6f6e-45eb-9e76-f53daf5fe8b6{ip: 192.168.36.83, host: pr-hdds-2096-jg2tg-1247294052, networkLocation: /default-rack, certSerialId: null}24ad807e-6d45-451f-a21b-d43dbe93db59{ip: 192.168.36.83, host: pr-hdds-2096-jg2tg-1247294052, networkLocation: /default-rack, certSerialId: null}, Type:RATIS, Factor:THREE, State:CLOSED]
org.apache.hadoop.hdds.scm.pipeline.PipelineNotFoundException: PipelineID=14a294df-f6cd-45c4-a05c-815fde6fcad8 not found
	at org.apache.hadoop.hdds.scm.pipeline.PipelineStateMap.getPipeline(PipelineStateMap.java:132)
	at org.apache.hadoop.hdds.scm.pipeline.PipelineStateMap.removePipeline(PipelineStateMap.java:322)
	at org.apache.hadoop.hdds.scm.pipeline.PipelineStateManager.removePipeline(PipelineStateManager.java:107)
	at org.apache.hadoop.hdds.scm.pipeline.SCMPipelineManager.removePipeline(SCMPipelineManager.java:423)
	at org.apache.hadoop.hdds.scm.pipeline.SCMPipelineManager.destroyPipeline(SCMPipelineManager.java:409)
	at org.apache.hadoop.hdds.scm.pipeline.SCMPipelineManager.lambda$finalizeAndDestroyPipeline$0(SCMPipelineManager.java:318)
	at org.apache.hadoop.utils.Scheduler.lambda$schedule$1(Scheduler.java:68)
	at java.util.concurrent.Executors$RunnableAdapter.call(Executors.java:511)
	at java.util.concurrent.FutureTask.run(FutureTask.java:266)
	at java.util.concurrent.ScheduledThreadPoolExecutor$ScheduledFutureTask.access$201(ScheduledThreadPoolExecutor.java:180)
	at java.util.concurrent.ScheduledThreadPoolExecutor$ScheduledFutureTask.run(ScheduledThreadPoolExecutor.java:293)
	at java.util.concurrent.ThreadPoolExecutor.runWorker(ThreadPoolExecutor.java:1149)
	at java.util.concurrent.ThreadPoolExecutor$Worker.run(ThreadPoolExecutor.java:624)
	at java.lang.Thread.run(Thread.java:748)
2019-09-11 20:02:17,679 [java.util.concurrent.ThreadPoolExecutor$Worker@64f81f1[State = -1, empty queue]] WARN  server.GrpcLogAppender (GrpcLogAppender.java:timeoutAppendRequest(200)) - 9bb405f0-f563-4579-83ea-0bbe163a9fbc@group-CB0F6128481C->e0c56373-add1-4904-83f3-08b0a755b8ed-GrpcLogAppender: appendEntries Timeout, request=9bb405f0-f563-4579-83ea-0bbe163a9fbc->e0c56373-add1-4904-83f3-08b0a755b8ed#91-t1, previous=(t:1, i:13), leaderCommit=10, initializing? false, entries: <empty>
2019-09-11 20:02:19,095 [grpc-default-executor-4] INFO  impl.RaftServerProxy (RaftServerProxy.java:remove(95)) - 8bc19c34-ed99-4952-a694-bf62b7894053: remove group-815FDE6FCAD8:null
2019-09-11 20:02:19,103 [RatisPipelineUtilsThread] WARN  pipeline.RatisPipelineUtils (RatisPipelineUtils.java:destroyPipeline(66)) - Pipeline destroy failed for pipeline=PipelineID=14a294df-f6cd-45c4-a05c-815fde6fcad8 dn=8bc19c34-ed99-4952-a694-bf62b7894053{ip: 192.168.36.83, host: pr-hdds-2096-jg2tg-1247294052, networkLocation: /default-rack, certSerialId: null}
2019-09-11 20:02:19,111 [grpc-default-executor-4] INFO  impl.RaftServerProxy (RaftServerProxy.java:remove(95)) - f44a2839-6f6e-45eb-9e76-f53daf5fe8b6: remove group-815FDE6FCAD8:null
2019-09-11 20:02:19,118 [RatisPipelineUtilsThread] WARN  pipeline.RatisPipelineUtils (RatisPipelineUtils.java:destroyPipeline(66)) - Pipeline destroy failed for pipeline=PipelineID=14a294df-f6cd-45c4-a05c-815fde6fcad8 dn=f44a2839-6f6e-45eb-9e76-f53daf5fe8b6{ip: 192.168.36.83, host: pr-hdds-2096-jg2tg-1247294052, networkLocation: /default-rack, certSerialId: null}
2019-09-11 20:02:19,126 [grpc-default-executor-4] INFO  impl.RaftServerProxy (RaftServerProxy.java:remove(95)) - 24ad807e-6d45-451f-a21b-d43dbe93db59: remove group-815FDE6FCAD8:null
2019-09-11 20:02:19,133 [RatisPipelineUtilsThread] WARN  pipeline.RatisPipelineUtils (RatisPipelineUtils.java:destroyPipeline(66)) - Pipeline destroy failed for pipeline=PipelineID=14a294df-f6cd-45c4-a05c-815fde6fcad8 dn=24ad807e-6d45-451f-a21b-d43dbe93db59{ip: 192.168.36.83, host: pr-hdds-2096-jg2tg-1247294052, networkLocation: /default-rack, certSerialId: null}
2019-09-11 20:02:19,133 [RatisPipelineUtilsThread] ERROR pipeline.SCMPipelineManager (Scheduler.java:lambda$schedule$1(70)) - Destroy pipeline failed for pipeline:Pipeline[ Id: 14a294df-f6cd-45c4-a05c-815fde6fcad8, Nodes: 8bc19c34-ed99-4952-a694-bf62b7894053{ip: 192.168.36.83, host: pr-hdds-2096-jg2tg-1247294052, networkLocation: /default-rack, certSerialId: null}f44a2839-6f6e-45eb-9e76-f53daf5fe8b6{ip: 192.168.36.83, host: pr-hdds-2096-jg2tg-1247294052, networkLocation: /default-rack, certSerialId: null}24ad807e-6d45-451f-a21b-d43dbe93db59{ip: 192.168.36.83, host: pr-hdds-2096-jg2tg-1247294052, networkLocation: /default-rack, certSerialId: null}, Type:RATIS, Factor:THREE, State:CLOSED]
org.apache.hadoop.hdds.scm.pipeline.PipelineNotFoundException: PipelineID=14a294df-f6cd-45c4-a05c-815fde6fcad8 not found
	at org.apache.hadoop.hdds.scm.pipeline.PipelineStateMap.getPipeline(PipelineStateMap.java:132)
	at org.apache.hadoop.hdds.scm.pipeline.PipelineStateMap.removePipeline(PipelineStateMap.java:322)
	at org.apache.hadoop.hdds.scm.pipeline.PipelineStateManager.removePipeline(PipelineStateManager.java:107)
	at org.apache.hadoop.hdds.scm.pipeline.SCMPipelineManager.removePipeline(SCMPipelineManager.java:423)
	at org.apache.hadoop.hdds.scm.pipeline.SCMPipelineManager.destroyPipeline(SCMPipelineManager.java:409)
	at org.apache.hadoop.hdds.scm.pipeline.SCMPipelineManager.lambda$finalizeAndDestroyPipeline$0(SCMPipelineManager.java:318)
	at org.apache.hadoop.utils.Scheduler.lambda$schedule$1(Scheduler.java:68)
	at java.util.concurrent.Executors$RunnableAdapter.call(Executors.java:511)
	at java.util.concurrent.FutureTask.run(FutureTask.java:266)
	at java.util.concurrent.ScheduledThreadPoolExecutor$ScheduledFutureTask.access$201(ScheduledThreadPoolExecutor.java:180)
	at java.util.concurrent.ScheduledThreadPoolExecutor$ScheduledFutureTask.run(ScheduledThreadPoolExecutor.java:293)
	at java.util.concurrent.ThreadPoolExecutor.runWorker(ThreadPoolExecutor.java:1149)
	at java.util.concurrent.ThreadPoolExecutor$Worker.run(ThreadPoolExecutor.java:624)
	at java.lang.Thread.run(Thread.java:748)
2019-09-11 20:02:19,675 [9bb405f0-f563-4579-83ea-0bbe163a9fbc@group-CB0F6128481C-SegmentedRaftLogWorker] WARN  segmented.SegmentedRaftLogWorker (SegmentedRaftLogWorker.java:getFromFuture(90)) - Timeout 0/~
org.apache.ratis.protocol.TimeoutIOException: Timeout 10s: WriteLog:11: (t:1, i:11), STATEMACHINELOGENTRY, client-9954D3AE5C83, cid=32-writeStateMachineData
	at org.apache.ratis.util.IOUtils.getFromFuture(IOUtils.java:87)
	at org.apache.ratis.server.raftlog.segmented.SegmentedRaftLogWorker$StateMachineDataPolicy.getFromFuture(SegmentedRaftLogWorker.java:87)
	at org.apache.ratis.server.raftlog.segmented.SegmentedRaftLogWorker$WriteLog.execute(SegmentedRaftLogWorker.java:477)
	at org.apache.ratis.server.raftlog.segmented.SegmentedRaftLogWorker.run(SegmentedRaftLogWorker.java:289)
	at java.lang.Thread.run(Thread.java:748)
Caused by: java.util.concurrent.TimeoutException
	at java.util.concurrent.CompletableFuture.timedGet(CompletableFuture.java:1771)
	at java.util.concurrent.CompletableFuture.get(CompletableFuture.java:1915)
	at org.apache.ratis.util.IOUtils.getFromFuture(IOUtils.java:79)
	... 4 more
2019-09-11 20:02:19,677 [e0c56373-add1-4904-83f3-08b0a755b8ed@group-CB0F6128481C-SegmentedRaftLogWorker] WARN  segmented.SegmentedRaftLogWorker (SegmentedRaftLogWorker.java:getFromFuture(90)) - Timeout 0/~
org.apache.ratis.protocol.TimeoutIOException: Timeout 10s: WriteLog:11: (t:1, i:11), STATEMACHINELOGENTRY, client-9954D3AE5C83, cid=32-writeStateMachineData
	at org.apache.ratis.util.IOUtils.getFromFuture(IOUtils.java:87)
	at org.apache.ratis.server.raftlog.segmented.SegmentedRaftLogWorker$StateMachineDataPolicy.getFromFuture(SegmentedRaftLogWorker.java:87)
	at org.apache.ratis.server.raftlog.segmented.SegmentedRaftLogWorker$WriteLog.execute(SegmentedRaftLogWorker.java:477)
	at org.apache.ratis.server.raftlog.segmented.SegmentedRaftLogWorker.run(SegmentedRaftLogWorker.java:289)
	at java.lang.Thread.run(Thread.java:748)
Caused by: java.util.concurrent.TimeoutException
	at java.util.concurrent.CompletableFuture.timedGet(CompletableFuture.java:1771)
	at java.util.concurrent.CompletableFuture.get(CompletableFuture.java:1915)
	at org.apache.ratis.util.IOUtils.getFromFuture(IOUtils.java:79)
	... 4 more
2019-09-11 20:02:19,745 [grpc-default-executor-4] INFO  client.GrpcClientProtocolClient (GrpcClientProtocolClient.java:onNext(264)) - client-9954D3AE5C83->802f7a56-3ac2-455e-92a2-71244eb20cf7: receive RaftClientReply:client-9954D3AE5C83->802f7a56-3ac2-455e-92a2-71244eb20cf7@group-CB0F6128481C, cid=32, FAILED org.apache.ratis.protocol.NotLeaderException: Server 802f7a56-3ac2-455e-92a2-71244eb20cf7@group-CB0F6128481C is not the leader 9bb405f0-f563-4579-83ea-0bbe163a9fbc:192.168.36.83:46254, logIndex=0, commits[802f7a56-3ac2-455e-92a2-71244eb20cf7:c10, 9bb405f0-f563-4579-83ea-0bbe163a9fbc:c10, e0c56373-add1-4904-83f3-08b0a755b8ed:c6]
2019-09-11 20:02:20,179 [java.util.concurrent.ThreadPoolExecutor$Worker@64f81f1[State = -1, empty queue]] WARN  server.GrpcLogAppender (GrpcLogAppender.java:timeoutAppendRequest(200)) - 9bb405f0-f563-4579-83ea-0bbe163a9fbc@group-CB0F6128481C->e0c56373-add1-4904-83f3-08b0a755b8ed-GrpcLogAppender: appendEntries Timeout, request=9bb405f0-f563-4579-83ea-0bbe163a9fbc->e0c56373-add1-4904-83f3-08b0a755b8ed#92-t1, previous=(t:1, i:13), leaderCommit=10, initializing? false, entries: <empty>
2019-09-11 20:02:22,098 [grpc-default-executor-0] INFO  impl.RaftServerProxy (RaftServerProxy.java:remove(95)) - 8bc19c34-ed99-4952-a694-bf62b7894053: remove group-815FDE6FCAD8:null
2019-09-11 20:02:22,109 [RatisPipelineUtilsThread] WARN  pipeline.RatisPipelineUtils (RatisPipelineUtils.java:destroyPipeline(66)) - Pipeline destroy failed for pipeline=PipelineID=14a294df-f6cd-45c4-a05c-815fde6fcad8 dn=8bc19c34-ed99-4952-a694-bf62b7894053{ip: 192.168.36.83, host: pr-hdds-2096-jg2tg-1247294052, networkLocation: /default-rack, certSerialId: null}
2019-09-11 20:02:22,117 [grpc-default-executor-0] INFO  impl.RaftServerProxy (RaftServerProxy.java:remove(95)) - f44a2839-6f6e-45eb-9e76-f53daf5fe8b6: remove group-815FDE6FCAD8:null
2019-09-11 20:02:22,126 [RatisPipelineUtilsThread] WARN  pipeline.RatisPipelineUtils (RatisPipelineUtils.java:destroyPipeline(66)) - Pipeline destroy failed for pipeline=PipelineID=14a294df-f6cd-45c4-a05c-815fde6fcad8 dn=f44a2839-6f6e-45eb-9e76-f53daf5fe8b6{ip: 192.168.36.83, host: pr-hdds-2096-jg2tg-1247294052, networkLocation: /default-rack, certSerialId: null}
2019-09-11 20:02:22,146 [grpc-default-executor-0] INFO  impl.RaftServerProxy (RaftServerProxy.java:remove(95)) - 24ad807e-6d45-451f-a21b-d43dbe93db59: remove group-815FDE6FCAD8:null
2019-09-11 20:02:22,158 [RatisPipelineUtilsThread] WARN  pipeline.RatisPipelineUtils (RatisPipelineUtils.java:destroyPipeline(66)) - Pipeline destroy failed for pipeline=PipelineID=14a294df-f6cd-45c4-a05c-815fde6fcad8 dn=24ad807e-6d45-451f-a21b-d43dbe93db59{ip: 192.168.36.83, host: pr-hdds-2096-jg2tg-1247294052, networkLocation: /default-rack, certSerialId: null}
2019-09-11 20:02:22,159 [RatisPipelineUtilsThread] ERROR pipeline.SCMPipelineManager (Scheduler.java:lambda$schedule$1(70)) - Destroy pipeline failed for pipeline:Pipeline[ Id: 14a294df-f6cd-45c4-a05c-815fde6fcad8, Nodes: 8bc19c34-ed99-4952-a694-bf62b7894053{ip: 192.168.36.83, host: pr-hdds-2096-jg2tg-1247294052, networkLocation: /default-rack, certSerialId: null}f44a2839-6f6e-45eb-9e76-f53daf5fe8b6{ip: 192.168.36.83, host: pr-hdds-2096-jg2tg-1247294052, networkLocation: /default-rack, certSerialId: null}24ad807e-6d45-451f-a21b-d43dbe93db59{ip: 192.168.36.83, host: pr-hdds-2096-jg2tg-1247294052, networkLocation: /default-rack, certSerialId: null}, Type:RATIS, Factor:THREE, State:CLOSED]
org.apache.hadoop.hdds.scm.pipeline.PipelineNotFoundException: PipelineID=14a294df-f6cd-45c4-a05c-815fde6fcad8 not found
	at org.apache.hadoop.hdds.scm.pipeline.PipelineStateMap.getPipeline(PipelineStateMap.java:132)
	at org.apache.hadoop.hdds.scm.pipeline.PipelineStateMap.removePipeline(PipelineStateMap.java:322)
	at org.apache.hadoop.hdds.scm.pipeline.PipelineStateManager.removePipeline(PipelineStateManager.java:107)
	at org.apache.hadoop.hdds.scm.pipeline.SCMPipelineManager.removePipeline(SCMPipelineManager.java:423)
	at org.apache.hadoop.hdds.scm.pipeline.SCMPipelineManager.destroyPipeline(SCMPipelineManager.java:409)
	at org.apache.hadoop.hdds.scm.pipeline.SCMPipelineManager.lambda$finalizeAndDestroyPipeline$0(SCMPipelineManager.java:318)
	at org.apache.hadoop.utils.Scheduler.lambda$schedule$1(Scheduler.java:68)
	at java.util.concurrent.Executors$RunnableAdapter.call(Executors.java:511)
	at java.util.concurrent.FutureTask.run(FutureTask.java:266)
	at java.util.concurrent.ScheduledThreadPoolExecutor$ScheduledFutureTask.access$201(ScheduledThreadPoolExecutor.java:180)
	at java.util.concurrent.ScheduledThreadPoolExecutor$ScheduledFutureTask.run(ScheduledThreadPoolExecutor.java:293)
	at java.util.concurrent.ThreadPoolExecutor.runWorker(ThreadPoolExecutor.java:1149)
	at java.util.concurrent.ThreadPoolExecutor$Worker.run(ThreadPoolExecutor.java:624)
	at java.lang.Thread.run(Thread.java:748)
2019-09-11 20:02:22,680 [java.util.concurrent.ThreadPoolExecutor$Worker@64f81f1[State = -1, empty queue]] WARN  server.GrpcLogAppender (GrpcLogAppender.java:timeoutAppendRequest(200)) - 9bb405f0-f563-4579-83ea-0bbe163a9fbc@group-CB0F6128481C->e0c56373-add1-4904-83f3-08b0a755b8ed-GrpcLogAppender: appendEntries Timeout, request=9bb405f0-f563-4579-83ea-0bbe163a9fbc->e0c56373-add1-4904-83f3-08b0a755b8ed#93-t1, previous=(t:1, i:13), leaderCommit=10, initializing? false, entries: <empty>
2019-09-11 20:02:24,094 [grpc-default-executor-4] INFO  impl.RaftServerProxy (RaftServerProxy.java:remove(95)) - 8bc19c34-ed99-4952-a694-bf62b7894053: remove group-815FDE6FCAD8:null
2019-09-11 20:02:24,102 [RatisPipelineUtilsThread] WARN  pipeline.RatisPipelineUtils (RatisPipelineUtils.java:destroyPipeline(66)) - Pipeline destroy failed for pipeline=PipelineID=14a294df-f6cd-45c4-a05c-815fde6fcad8 dn=8bc19c34-ed99-4952-a694-bf62b7894053{ip: 192.168.36.83, host: pr-hdds-2096-jg2tg-1247294052, networkLocation: /default-rack, certSerialId: null}
2019-09-11 20:02:24,108 [grpc-default-executor-4] INFO  impl.RaftServerProxy (RaftServerProxy.java:remove(95)) - f44a2839-6f6e-45eb-9e76-f53daf5fe8b6: remove group-815FDE6FCAD8:null
2019-09-11 20:02:24,120 [RatisPipelineUtilsThread] WARN  pipeline.RatisPipelineUtils (RatisPipelineUtils.java:destroyPipeline(66)) - Pipeline destroy failed for pipeline=PipelineID=14a294df-f6cd-45c4-a05c-815fde6fcad8 dn=f44a2839-6f6e-45eb-9e76-f53daf5fe8b6{ip: 192.168.36.83, host: pr-hdds-2096-jg2tg-1247294052, networkLocation: /default-rack, certSerialId: null}
2019-09-11 20:02:24,125 [grpc-default-executor-4] INFO  impl.RaftServerProxy (RaftServerProxy.java:remove(95)) - 24ad807e-6d45-451f-a21b-d43dbe93db59: remove group-815FDE6FCAD8:null
2019-09-11 20:02:24,130 [RatisPipelineUtilsThread] WARN  pipeline.RatisPipelineUtils (RatisPipelineUtils.java:destroyPipeline(66)) - Pipeline destroy failed for pipeline=PipelineID=14a294df-f6cd-45c4-a05c-815fde6fcad8 dn=24ad807e-6d45-451f-a21b-d43dbe93db59{ip: 192.168.36.83, host: pr-hdds-2096-jg2tg-1247294052, networkLocation: /default-rack, certSerialId: null}
2019-09-11 20:02:24,130 [RatisPipelineUtilsThread] ERROR pipeline.SCMPipelineManager (Scheduler.java:lambda$schedule$1(70)) - Destroy pipeline failed for pipeline:Pipeline[ Id: 14a294df-f6cd-45c4-a05c-815fde6fcad8, Nodes: 8bc19c34-ed99-4952-a694-bf62b7894053{ip: 192.168.36.83, host: pr-hdds-2096-jg2tg-1247294052, networkLocation: /default-rack, certSerialId: null}f44a2839-6f6e-45eb-9e76-f53daf5fe8b6{ip: 192.168.36.83, host: pr-hdds-2096-jg2tg-1247294052, networkLocation: /default-rack, certSerialId: null}24ad807e-6d45-451f-a21b-d43dbe93db59{ip: 192.168.36.83, host: pr-hdds-2096-jg2tg-1247294052, networkLocation: /default-rack, certSerialId: null}, Type:RATIS, Factor:THREE, State:CLOSED]
org.apache.hadoop.hdds.scm.pipeline.PipelineNotFoundException: PipelineID=14a294df-f6cd-45c4-a05c-815fde6fcad8 not found
	at org.apache.hadoop.hdds.scm.pipeline.PipelineStateMap.getPipeline(PipelineStateMap.java:132)
	at org.apache.hadoop.hdds.scm.pipeline.PipelineStateMap.removePipeline(PipelineStateMap.java:322)
	at org.apache.hadoop.hdds.scm.pipeline.PipelineStateManager.removePipeline(PipelineStateManager.java:107)
	at org.apache.hadoop.hdds.scm.pipeline.SCMPipelineManager.removePipeline(SCMPipelineManager.java:423)
	at org.apache.hadoop.hdds.scm.pipeline.SCMPipelineManager.destroyPipeline(SCMPipelineManager.java:409)
	at org.apache.hadoop.hdds.scm.pipeline.SCMPipelineManager.lambda$finalizeAndDestroyPipeline$0(SCMPipelineManager.java:318)
	at org.apache.hadoop.utils.Scheduler.lambda$schedule$1(Scheduler.java:68)
	at java.util.concurrent.Executors$RunnableAdapter.call(Executors.java:511)
	at java.util.concurrent.FutureTask.run(FutureTask.java:266)
	at java.util.concurrent.ScheduledThreadPoolExecutor$ScheduledFutureTask.access$201(ScheduledThreadPoolExecutor.java:180)
	at java.util.concurrent.ScheduledThreadPoolExecutor$ScheduledFutureTask.run(ScheduledThreadPoolExecutor.java:293)
	at java.util.concurrent.ThreadPoolExecutor.runWorker(ThreadPoolExecutor.java:1149)
	at java.util.concurrent.ThreadPoolExecutor$Worker.run(ThreadPoolExecutor.java:624)
	at java.lang.Thread.run(Thread.java:748)
2019-09-11 20:02:24,798 [grpc-default-executor-4] INFO  client.GrpcClientProtocolClient (GrpcClientProtocolClient.java:onNext(264)) - client-9954D3AE5C83->802f7a56-3ac2-455e-92a2-71244eb20cf7: receive RaftClientReply:client-9954D3AE5C83->802f7a56-3ac2-455e-92a2-71244eb20cf7@group-CB0F6128481C, cid=32, FAILED org.apache.ratis.protocol.NotLeaderException: Server 802f7a56-3ac2-455e-92a2-71244eb20cf7@group-CB0F6128481C is not the leader 9bb405f0-f563-4579-83ea-0bbe163a9fbc:192.168.36.83:46254, logIndex=0, commits[802f7a56-3ac2-455e-92a2-71244eb20cf7:c10, 9bb405f0-f563-4579-83ea-0bbe163a9fbc:c10, e0c56373-add1-4904-83f3-08b0a755b8ed:c6]
2019-09-11 20:02:25,180 [java.util.concurrent.ThreadPoolExecutor$Worker@64f81f1[State = -1, empty queue]] WARN  server.GrpcLogAppender (GrpcLogAppender.java:timeoutAppendRequest(200)) - 9bb405f0-f563-4579-83ea-0bbe163a9fbc@group-CB0F6128481C->e0c56373-add1-4904-83f3-08b0a755b8ed-GrpcLogAppender: appendEntries Timeout, request=9bb405f0-f563-4579-83ea-0bbe163a9fbc->e0c56373-add1-4904-83f3-08b0a755b8ed#94-t1, previous=(t:1, i:13), leaderCommit=10, initializing? false, entries: <empty>
2019-09-11 20:02:27,093 [grpc-default-executor-0] INFO  impl.RaftServerProxy (RaftServerProxy.java:remove(95)) - 8bc19c34-ed99-4952-a694-bf62b7894053: remove group-815FDE6FCAD8:null
2019-09-11 20:02:27,114 [RatisPipelineUtilsThread] WARN  pipeline.RatisPipelineUtils (RatisPipelineUtils.java:destroyPipeline(66)) - Pipeline destroy failed for pipeline=PipelineID=14a294df-f6cd-45c4-a05c-815fde6fcad8 dn=8bc19c34-ed99-4952-a694-bf62b7894053{ip: 192.168.36.83, host: pr-hdds-2096-jg2tg-1247294052, networkLocation: /default-rack, certSerialId: null}
2019-09-11 20:02:27,118 [grpc-default-executor-0] INFO  impl.RaftServerProxy (RaftServerProxy.java:remove(95)) - f44a2839-6f6e-45eb-9e76-f53daf5fe8b6: remove group-815FDE6FCAD8:null
2019-09-11 20:02:27,127 [RatisPipelineUtilsThread] WARN  pipeline.RatisPipelineUtils (RatisPipelineUtils.java:destroyPipeline(66)) - Pipeline destroy failed for pipeline=PipelineID=14a294df-f6cd-45c4-a05c-815fde6fcad8 dn=f44a2839-6f6e-45eb-9e76-f53daf5fe8b6{ip: 192.168.36.83, host: pr-hdds-2096-jg2tg-1247294052, networkLocation: /default-rack, certSerialId: null}
2019-09-11 20:02:27,131 [grpc-default-executor-0] INFO  impl.RaftServerProxy (RaftServerProxy.java:remove(95)) - 24ad807e-6d45-451f-a21b-d43dbe93db59: remove group-815FDE6FCAD8:null
2019-09-11 20:02:27,137 [RatisPipelineUtilsThread] WARN  pipeline.RatisPipelineUtils (RatisPipelineUtils.java:destroyPipeline(66)) - Pipeline destroy failed for pipeline=PipelineID=14a294df-f6cd-45c4-a05c-815fde6fcad8 dn=24ad807e-6d45-451f-a21b-d43dbe93db59{ip: 192.168.36.83, host: pr-hdds-2096-jg2tg-1247294052, networkLocation: /default-rack, certSerialId: null}
2019-09-11 20:02:27,138 [RatisPipelineUtilsThread] ERROR pipeline.SCMPipelineManager (Scheduler.java:lambda$schedule$1(70)) - Destroy pipeline failed for pipeline:Pipeline[ Id: 14a294df-f6cd-45c4-a05c-815fde6fcad8, Nodes: 8bc19c34-ed99-4952-a694-bf62b7894053{ip: 192.168.36.83, host: pr-hdds-2096-jg2tg-1247294052, networkLocation: /default-rack, certSerialId: null}f44a2839-6f6e-45eb-9e76-f53daf5fe8b6{ip: 192.168.36.83, host: pr-hdds-2096-jg2tg-1247294052, networkLocation: /default-rack, certSerialId: null}24ad807e-6d45-451f-a21b-d43dbe93db59{ip: 192.168.36.83, host: pr-hdds-2096-jg2tg-1247294052, networkLocation: /default-rack, certSerialId: null}, Type:RATIS, Factor:THREE, State:CLOSED]
org.apache.hadoop.hdds.scm.pipeline.PipelineNotFoundException: PipelineID=14a294df-f6cd-45c4-a05c-815fde6fcad8 not found
	at org.apache.hadoop.hdds.scm.pipeline.PipelineStateMap.getPipeline(PipelineStateMap.java:132)
	at org.apache.hadoop.hdds.scm.pipeline.PipelineStateMap.removePipeline(PipelineStateMap.java:322)
	at org.apache.hadoop.hdds.scm.pipeline.PipelineStateManager.removePipeline(PipelineStateManager.java:107)
	at org.apache.hadoop.hdds.scm.pipeline.SCMPipelineManager.removePipeline(SCMPipelineManager.java:423)
	at org.apache.hadoop.hdds.scm.pipeline.SCMPipelineManager.destroyPipeline(SCMPipelineManager.java:409)
	at org.apache.hadoop.hdds.scm.pipeline.SCMPipelineManager.lambda$finalizeAndDestroyPipeline$0(SCMPipelineManager.java:318)
	at org.apache.hadoop.utils.Scheduler.lambda$schedule$1(Scheduler.java:68)
	at java.util.concurrent.Executors$RunnableAdapter.call(Executors.java:511)
	at java.util.concurrent.FutureTask.run(FutureTask.java:266)
	at java.util.concurrent.ScheduledThreadPoolExecutor$ScheduledFutureTask.access$201(ScheduledThreadPoolExecutor.java:180)
	at java.util.concurrent.ScheduledThreadPoolExecutor$ScheduledFutureTask.run(ScheduledThreadPoolExecutor.java:293)
	at java.util.concurrent.ThreadPoolExecutor.runWorker(ThreadPoolExecutor.java:1149)
	at java.util.concurrent.ThreadPoolExecutor$Worker.run(ThreadPoolExecutor.java:624)
	at java.lang.Thread.run(Thread.java:748)
2019-09-11 20:02:27,681 [java.util.concurrent.ThreadPoolExecutor$Worker@64f81f1[State = -1, empty queue]] WARN  server.GrpcLogAppender (GrpcLogAppender.java:timeoutAppendRequest(200)) - 9bb405f0-f563-4579-83ea-0bbe163a9fbc@group-CB0F6128481C->e0c56373-add1-4904-83f3-08b0a755b8ed-GrpcLogAppender: appendEntries Timeout, request=9bb405f0-f563-4579-83ea-0bbe163a9fbc->e0c56373-add1-4904-83f3-08b0a755b8ed#95-t1, previous=(t:1, i:13), leaderCommit=10, initializing? false, entries: <empty>
2019-09-11 20:02:29,094 [grpc-default-executor-0] INFO  impl.RaftServerProxy (RaftServerProxy.java:remove(95)) - 8bc19c34-ed99-4952-a694-bf62b7894053: remove group-815FDE6FCAD8:null
2019-09-11 20:02:29,102 [RatisPipelineUtilsThread] WARN  pipeline.RatisPipelineUtils (RatisPipelineUtils.java:destroyPipeline(66)) - Pipeline destroy failed for pipeline=PipelineID=14a294df-f6cd-45c4-a05c-815fde6fcad8 dn=8bc19c34-ed99-4952-a694-bf62b7894053{ip: 192.168.36.83, host: pr-hdds-2096-jg2tg-1247294052, networkLocation: /default-rack, certSerialId: null}
2019-09-11 20:02:29,106 [grpc-default-executor-0] INFO  impl.RaftServerProxy (RaftServerProxy.java:remove(95)) - f44a2839-6f6e-45eb-9e76-f53daf5fe8b6: remove group-815FDE6FCAD8:null
2019-09-11 20:02:29,111 [RatisPipelineUtilsThread] WARN  pipeline.RatisPipelineUtils (RatisPipelineUtils.java:destroyPipeline(66)) - Pipeline destroy failed for pipeline=PipelineID=14a294df-f6cd-45c4-a05c-815fde6fcad8 dn=f44a2839-6f6e-45eb-9e76-f53daf5fe8b6{ip: 192.168.36.83, host: pr-hdds-2096-jg2tg-1247294052, networkLocation: /default-rack, certSerialId: null}
2019-09-11 20:02:29,114 [grpc-default-executor-0] INFO  impl.RaftServerProxy (RaftServerProxy.java:remove(95)) - 24ad807e-6d45-451f-a21b-d43dbe93db59: remove group-815FDE6FCAD8:null
2019-09-11 20:02:29,119 [RatisPipelineUtilsThread] WARN  pipeline.RatisPipelineUtils (RatisPipelineUtils.java:destroyPipeline(66)) - Pipeline destroy failed for pipeline=PipelineID=14a294df-f6cd-45c4-a05c-815fde6fcad8 dn=24ad807e-6d45-451f-a21b-d43dbe93db59{ip: 192.168.36.83, host: pr-hdds-2096-jg2tg-1247294052, networkLocation: /default-rack, certSerialId: null}
2019-09-11 20:02:29,119 [RatisPipelineUtilsThread] ERROR pipeline.SCMPipelineManager (Scheduler.java:lambda$schedule$1(70)) - Destroy pipeline failed for pipeline:Pipeline[ Id: 14a294df-f6cd-45c4-a05c-815fde6fcad8, Nodes: 8bc19c34-ed99-4952-a694-bf62b7894053{ip: 192.168.36.83, host: pr-hdds-2096-jg2tg-1247294052, networkLocation: /default-rack, certSerialId: null}f44a2839-6f6e-45eb-9e76-f53daf5fe8b6{ip: 192.168.36.83, host: pr-hdds-2096-jg2tg-1247294052, networkLocation: /default-rack, certSerialId: null}24ad807e-6d45-451f-a21b-d43dbe93db59{ip: 192.168.36.83, host: pr-hdds-2096-jg2tg-1247294052, networkLocation: /default-rack, certSerialId: null}, Type:RATIS, Factor:THREE, State:CLOSED]
org.apache.hadoop.hdds.scm.pipeline.PipelineNotFoundException: PipelineID=14a294df-f6cd-45c4-a05c-815fde6fcad8 not found
	at org.apache.hadoop.hdds.scm.pipeline.PipelineStateMap.getPipeline(PipelineStateMap.java:132)
	at org.apache.hadoop.hdds.scm.pipeline.PipelineStateMap.removePipeline(PipelineStateMap.java:322)
	at org.apache.hadoop.hdds.scm.pipeline.PipelineStateManager.removePipeline(PipelineStateManager.java:107)
	at org.apache.hadoop.hdds.scm.pipeline.SCMPipelineManager.removePipeline(SCMPipelineManager.java:423)
	at org.apache.hadoop.hdds.scm.pipeline.SCMPipelineManager.destroyPipeline(SCMPipelineManager.java:409)
	at org.apache.hadoop.hdds.scm.pipeline.SCMPipelineManager.lambda$finalizeAndDestroyPipeline$0(SCMPipelineManager.java:318)
	at org.apache.hadoop.utils.Scheduler.lambda$schedule$1(Scheduler.java:68)
	at java.util.concurrent.Executors$RunnableAdapter.call(Executors.java:511)
	at java.util.concurrent.FutureTask.run(FutureTask.java:266)
	at java.util.concurrent.ScheduledThreadPoolExecutor$ScheduledFutureTask.access$201(ScheduledThreadPoolExecutor.java:180)
	at java.util.concurrent.ScheduledThreadPoolExecutor$ScheduledFutureTask.run(ScheduledThreadPoolExecutor.java:293)
	at java.util.concurrent.ThreadPoolExecutor.runWorker(ThreadPoolExecutor.java:1149)
	at java.util.concurrent.ThreadPoolExecutor$Worker.run(ThreadPoolExecutor.java:624)
	at java.lang.Thread.run(Thread.java:748)
2019-09-11 20:02:29,677 [9bb405f0-f563-4579-83ea-0bbe163a9fbc@group-CB0F6128481C-SegmentedRaftLogWorker] WARN  segmented.SegmentedRaftLogWorker (SegmentedRaftLogWorker.java:getFromFuture(90)) - Timeout 1/~
org.apache.ratis.protocol.TimeoutIOException: Timeout 10s: WriteLog:11: (t:1, i:11), STATEMACHINELOGENTRY, client-9954D3AE5C83, cid=32-writeStateMachineData
	at org.apache.ratis.util.IOUtils.getFromFuture(IOUtils.java:87)
	at org.apache.ratis.server.raftlog.segmented.SegmentedRaftLogWorker$StateMachineDataPolicy.getFromFuture(SegmentedRaftLogWorker.java:87)
	at org.apache.ratis.server.raftlog.segmented.SegmentedRaftLogWorker$WriteLog.execute(SegmentedRaftLogWorker.java:477)
	at org.apache.ratis.server.raftlog.segmented.SegmentedRaftLogWorker.run(SegmentedRaftLogWorker.java:289)
	at java.lang.Thread.run(Thread.java:748)
Caused by: java.util.concurrent.TimeoutException
	at java.util.concurrent.CompletableFuture.timedGet(CompletableFuture.java:1771)
	at java.util.concurrent.CompletableFuture.get(CompletableFuture.java:1915)
	at org.apache.ratis.util.IOUtils.getFromFuture(IOUtils.java:79)
	... 4 more
2019-09-11 20:02:29,678 [e0c56373-add1-4904-83f3-08b0a755b8ed@group-CB0F6128481C-SegmentedRaftLogWorker] WARN  segmented.SegmentedRaftLogWorker (SegmentedRaftLogWorker.java:getFromFuture(90)) - Timeout 1/~
org.apache.ratis.protocol.TimeoutIOException: Timeout 10s: WriteLog:11: (t:1, i:11), STATEMACHINELOGENTRY, client-9954D3AE5C83, cid=32-writeStateMachineData
	at org.apache.ratis.util.IOUtils.getFromFuture(IOUtils.java:87)
	at org.apache.ratis.server.raftlog.segmented.SegmentedRaftLogWorker$StateMachineDataPolicy.getFromFuture(SegmentedRaftLogWorker.java:87)
	at org.apache.ratis.server.raftlog.segmented.SegmentedRaftLogWorker$WriteLog.execute(SegmentedRaftLogWorker.java:477)
	at org.apache.ratis.server.raftlog.segmented.SegmentedRaftLogWorker.run(SegmentedRaftLogWorker.java:289)
	at java.lang.Thread.run(Thread.java:748)
Caused by: java.util.concurrent.TimeoutException
	at java.util.concurrent.CompletableFuture.timedGet(CompletableFuture.java:1771)
	at java.util.concurrent.CompletableFuture.get(CompletableFuture.java:1915)
	at org.apache.ratis.util.IOUtils.getFromFuture(IOUtils.java:79)
	... 4 more
2019-09-11 20:02:29,851 [grpc-default-executor-0] INFO  client.GrpcClientProtocolClient (GrpcClientProtocolClient.java:onNext(264)) - client-9954D3AE5C83->802f7a56-3ac2-455e-92a2-71244eb20cf7: receive RaftClientReply:client-9954D3AE5C83->802f7a56-3ac2-455e-92a2-71244eb20cf7@group-CB0F6128481C, cid=32, FAILED org.apache.ratis.protocol.NotLeaderException: Server 802f7a56-3ac2-455e-92a2-71244eb20cf7@group-CB0F6128481C is not the leader 9bb405f0-f563-4579-83ea-0bbe163a9fbc:192.168.36.83:46254, logIndex=0, commits[802f7a56-3ac2-455e-92a2-71244eb20cf7:c10, 9bb405f0-f563-4579-83ea-0bbe163a9fbc:c10, e0c56373-add1-4904-83f3-08b0a755b8ed:c6]
2019-09-11 20:02:30,182 [java.util.concurrent.ThreadPoolExecutor$Worker@64f81f1[State = -1, empty queue]] WARN  server.GrpcLogAppender (GrpcLogAppender.java:timeoutAppendRequest(200)) - 9bb405f0-f563-4579-83ea-0bbe163a9fbc@group-CB0F6128481C->e0c56373-add1-4904-83f3-08b0a755b8ed-GrpcLogAppender: appendEntries Timeout, request=9bb405f0-f563-4579-83ea-0bbe163a9fbc->e0c56373-add1-4904-83f3-08b0a755b8ed#96-t1, previous=(t:1, i:13), leaderCommit=10, initializing? false, entries: <empty>
2019-09-11 20:02:32,095 [grpc-default-executor-0] INFO  impl.RaftServerProxy (RaftServerProxy.java:remove(95)) - 8bc19c34-ed99-4952-a694-bf62b7894053: remove group-815FDE6FCAD8:null
2019-09-11 20:02:32,104 [RatisPipelineUtilsThread] WARN  pipeline.RatisPipelineUtils (RatisPipelineUtils.java:destroyPipeline(66)) - Pipeline destroy failed for pipeline=PipelineID=14a294df-f6cd-45c4-a05c-815fde6fcad8 dn=8bc19c34-ed99-4952-a694-bf62b7894053{ip: 192.168.36.83, host: pr-hdds-2096-jg2tg-1247294052, networkLocation: /default-rack, certSerialId: null}
2019-09-11 20:02:32,108 [grpc-default-executor-0] INFO  impl.RaftServerProxy (RaftServerProxy.java:remove(95)) - f44a2839-6f6e-45eb-9e76-f53daf5fe8b6: remove group-815FDE6FCAD8:null
2019-09-11 20:02:32,115 [RatisPipelineUtilsThread] WARN  pipeline.RatisPipelineUtils (RatisPipelineUtils.java:destroyPipeline(66)) - Pipeline destroy failed for pipeline=PipelineID=14a294df-f6cd-45c4-a05c-815fde6fcad8 dn=f44a2839-6f6e-45eb-9e76-f53daf5fe8b6{ip: 192.168.36.83, host: pr-hdds-2096-jg2tg-1247294052, networkLocation: /default-rack, certSerialId: null}
2019-09-11 20:02:32,118 [grpc-default-executor-0] INFO  impl.RaftServerProxy (RaftServerProxy.java:remove(95)) - 24ad807e-6d45-451f-a21b-d43dbe93db59: remove group-815FDE6FCAD8:null
2019-09-11 20:02:32,124 [RatisPipelineUtilsThread] WARN  pipeline.RatisPipelineUtils (RatisPipelineUtils.java:destroyPipeline(66)) - Pipeline destroy failed for pipeline=PipelineID=14a294df-f6cd-45c4-a05c-815fde6fcad8 dn=24ad807e-6d45-451f-a21b-d43dbe93db59{ip: 192.168.36.83, host: pr-hdds-2096-jg2tg-1247294052, networkLocation: /default-rack, certSerialId: null}
2019-09-11 20:02:32,124 [RatisPipelineUtilsThread] ERROR pipeline.SCMPipelineManager (Scheduler.java:lambda$schedule$1(70)) - Destroy pipeline failed for pipeline:Pipeline[ Id: 14a294df-f6cd-45c4-a05c-815fde6fcad8, Nodes: 8bc19c34-ed99-4952-a694-bf62b7894053{ip: 192.168.36.83, host: pr-hdds-2096-jg2tg-1247294052, networkLocation: /default-rack, certSerialId: null}f44a2839-6f6e-45eb-9e76-f53daf5fe8b6{ip: 192.168.36.83, host: pr-hdds-2096-jg2tg-1247294052, networkLocation: /default-rack, certSerialId: null}24ad807e-6d45-451f-a21b-d43dbe93db59{ip: 192.168.36.83, host: pr-hdds-2096-jg2tg-1247294052, networkLocation: /default-rack, certSerialId: null}, Type:RATIS, Factor:THREE, State:CLOSED]
org.apache.hadoop.hdds.scm.pipeline.PipelineNotFoundException: PipelineID=14a294df-f6cd-45c4-a05c-815fde6fcad8 not found
	at org.apache.hadoop.hdds.scm.pipeline.PipelineStateMap.getPipeline(PipelineStateMap.java:132)
	at org.apache.hadoop.hdds.scm.pipeline.PipelineStateMap.removePipeline(PipelineStateMap.java:322)
	at org.apache.hadoop.hdds.scm.pipeline.PipelineStateManager.removePipeline(PipelineStateManager.java:107)
	at org.apache.hadoop.hdds.scm.pipeline.SCMPipelineManager.removePipeline(SCMPipelineManager.java:423)
	at org.apache.hadoop.hdds.scm.pipeline.SCMPipelineManager.destroyPipeline(SCMPipelineManager.java:409)
	at org.apache.hadoop.hdds.scm.pipeline.SCMPipelineManager.lambda$finalizeAndDestroyPipeline$0(SCMPipelineManager.java:318)
	at org.apache.hadoop.utils.Scheduler.lambda$schedule$1(Scheduler.java:68)
	at java.util.concurrent.Executors$RunnableAdapter.call(Executors.java:511)
	at java.util.concurrent.FutureTask.run(FutureTask.java:266)
	at java.util.concurrent.ScheduledThreadPoolExecutor$ScheduledFutureTask.access$201(ScheduledThreadPoolExecutor.java:180)
	at java.util.concurrent.ScheduledThreadPoolExecutor$ScheduledFutureTask.run(ScheduledThreadPoolExecutor.java:293)
	at java.util.concurrent.ThreadPoolExecutor.runWorker(ThreadPoolExecutor.java:1149)
	at java.util.concurrent.ThreadPoolExecutor$Worker.run(ThreadPoolExecutor.java:624)
	at java.lang.Thread.run(Thread.java:748)
2019-09-11 20:02:32,682 [java.util.concurrent.ThreadPoolExecutor$Worker@64f81f1[State = -1, empty queue]] WARN  server.GrpcLogAppender (GrpcLogAppender.java:timeoutAppendRequest(200)) - 9bb405f0-f563-4579-83ea-0bbe163a9fbc@group-CB0F6128481C->e0c56373-add1-4904-83f3-08b0a755b8ed-GrpcLogAppender: appendEntries Timeout, request=9bb405f0-f563-4579-83ea-0bbe163a9fbc->e0c56373-add1-4904-83f3-08b0a755b8ed#97-t1, previous=(t:1, i:13), leaderCommit=10, initializing? false, entries: <empty>
2019-09-11 20:02:34,094 [grpc-default-executor-1] INFO  impl.RaftServerProxy (RaftServerProxy.java:remove(95)) - 8bc19c34-ed99-4952-a694-bf62b7894053: remove group-815FDE6FCAD8:null
2019-09-11 20:02:34,101 [RatisPipelineUtilsThread] WARN  pipeline.RatisPipelineUtils (RatisPipelineUtils.java:destroyPipeline(66)) - Pipeline destroy failed for pipeline=PipelineID=14a294df-f6cd-45c4-a05c-815fde6fcad8 dn=8bc19c34-ed99-4952-a694-bf62b7894053{ip: 192.168.36.83, host: pr-hdds-2096-jg2tg-1247294052, networkLocation: /default-rack, certSerialId: null}
2019-09-11 20:02:34,104 [grpc-default-executor-1] INFO  impl.RaftServerProxy (RaftServerProxy.java:remove(95)) - f44a2839-6f6e-45eb-9e76-f53daf5fe8b6: remove group-815FDE6FCAD8:null
2019-09-11 20:02:34,110 [RatisPipelineUtilsThread] WARN  pipeline.RatisPipelineUtils (RatisPipelineUtils.java:destroyPipeline(66)) - Pipeline destroy failed for pipeline=PipelineID=14a294df-f6cd-45c4-a05c-815fde6fcad8 dn=f44a2839-6f6e-45eb-9e76-f53daf5fe8b6{ip: 192.168.36.83, host: pr-hdds-2096-jg2tg-1247294052, networkLocation: /default-rack, certSerialId: null}
2019-09-11 20:02:34,113 [grpc-default-executor-1] INFO  impl.RaftServerProxy (RaftServerProxy.java:remove(95)) - 24ad807e-6d45-451f-a21b-d43dbe93db59: remove group-815FDE6FCAD8:null
2019-09-11 20:02:34,119 [RatisPipelineUtilsThread] WARN  pipeline.RatisPipelineUtils (RatisPipelineUtils.java:destroyPipeline(66)) - Pipeline destroy failed for pipeline=PipelineID=14a294df-f6cd-45c4-a05c-815fde6fcad8 dn=24ad807e-6d45-451f-a21b-d43dbe93db59{ip: 192.168.36.83, host: pr-hdds-2096-jg2tg-1247294052, networkLocation: /default-rack, certSerialId: null}
2019-09-11 20:02:34,120 [RatisPipelineUtilsThread] ERROR pipeline.SCMPipelineManager (Scheduler.java:lambda$schedule$1(70)) - Destroy pipeline failed for pipeline:Pipeline[ Id: 14a294df-f6cd-45c4-a05c-815fde6fcad8, Nodes: 8bc19c34-ed99-4952-a694-bf62b7894053{ip: 192.168.36.83, host: pr-hdds-2096-jg2tg-1247294052, networkLocation: /default-rack, certSerialId: null}f44a2839-6f6e-45eb-9e76-f53daf5fe8b6{ip: 192.168.36.83, host: pr-hdds-2096-jg2tg-1247294052, networkLocation: /default-rack, certSerialId: null}24ad807e-6d45-451f-a21b-d43dbe93db59{ip: 192.168.36.83, host: pr-hdds-2096-jg2tg-1247294052, networkLocation: /default-rack, certSerialId: null}, Type:RATIS, Factor:THREE, State:CLOSED]
org.apache.hadoop.hdds.scm.pipeline.PipelineNotFoundException: PipelineID=14a294df-f6cd-45c4-a05c-815fde6fcad8 not found
	at org.apache.hadoop.hdds.scm.pipeline.PipelineStateMap.getPipeline(PipelineStateMap.java:132)
	at org.apache.hadoop.hdds.scm.pipeline.PipelineStateMap.removePipeline(PipelineStateMap.java:322)
	at org.apache.hadoop.hdds.scm.pipeline.PipelineStateManager.removePipeline(PipelineStateManager.java:107)
	at org.apache.hadoop.hdds.scm.pipeline.SCMPipelineManager.removePipeline(SCMPipelineManager.java:423)
	at org.apache.hadoop.hdds.scm.pipeline.SCMPipelineManager.destroyPipeline(SCMPipelineManager.java:409)
	at org.apache.hadoop.hdds.scm.pipeline.SCMPipelineManager.lambda$finalizeAndDestroyPipeline$0(SCMPipelineManager.java:318)
	at org.apache.hadoop.utils.Scheduler.lambda$schedule$1(Scheduler.java:68)
	at java.util.concurrent.Executors$RunnableAdapter.call(Executors.java:511)
	at java.util.concurrent.FutureTask.run(FutureTask.java:266)
	at java.util.concurrent.ScheduledThreadPoolExecutor$ScheduledFutureTask.access$201(ScheduledThreadPoolExecutor.java:180)
	at java.util.concurrent.ScheduledThreadPoolExecutor$ScheduledFutureTask.run(ScheduledThreadPoolExecutor.java:293)
	at java.util.concurrent.ThreadPoolExecutor.runWorker(ThreadPoolExecutor.java:1149)
	at java.util.concurrent.ThreadPoolExecutor$Worker.run(ThreadPoolExecutor.java:624)
	at java.lang.Thread.run(Thread.java:748)
2019-09-11 20:02:34,891 [grpc-default-executor-1] INFO  client.GrpcClientProtocolClient (GrpcClientProtocolClient.java:onNext(264)) - client-9954D3AE5C83->e0c56373-add1-4904-83f3-08b0a755b8ed: receive RaftClientReply:client-9954D3AE5C83->e0c56373-add1-4904-83f3-08b0a755b8ed@group-CB0F6128481C, cid=32, FAILED org.apache.ratis.protocol.NotLeaderException: Server e0c56373-add1-4904-83f3-08b0a755b8ed@group-CB0F6128481C is not the leader 9bb405f0-f563-4579-83ea-0bbe163a9fbc:192.168.36.83:46254, logIndex=0, commits[e0c56373-add1-4904-83f3-08b0a755b8ed:c10, 802f7a56-3ac2-455e-92a2-71244eb20cf7:c10, 9bb405f0-f563-4579-83ea-0bbe163a9fbc:c10]
2019-09-11 20:02:35,183 [java.util.concurrent.ThreadPoolExecutor$Worker@64f81f1[State = -1, empty queue]] WARN  server.GrpcLogAppender (GrpcLogAppender.java:timeoutAppendRequest(200)) - 9bb405f0-f563-4579-83ea-0bbe163a9fbc@group-CB0F6128481C->e0c56373-add1-4904-83f3-08b0a755b8ed-GrpcLogAppender: appendEntries Timeout, request=9bb405f0-f563-4579-83ea-0bbe163a9fbc->e0c56373-add1-4904-83f3-08b0a755b8ed#98-t1, previous=(t:1, i:13), leaderCommit=10, initializing? false, entries: <empty>
2019-09-11 20:02:37,096 [grpc-default-executor-1] INFO  impl.RaftServerProxy (RaftServerProxy.java:remove(95)) - 8bc19c34-ed99-4952-a694-bf62b7894053: remove group-815FDE6FCAD8:null
2019-09-11 20:02:37,105 [RatisPipelineUtilsThread] WARN  pipeline.RatisPipelineUtils (RatisPipelineUtils.java:destroyPipeline(66)) - Pipeline destroy failed for pipeline=PipelineID=14a294df-f6cd-45c4-a05c-815fde6fcad8 dn=8bc19c34-ed99-4952-a694-bf62b7894053{ip: 192.168.36.83, host: pr-hdds-2096-jg2tg-1247294052, networkLocation: /default-rack, certSerialId: null}
2019-09-11 20:02:37,108 [grpc-default-executor-1] INFO  impl.RaftServerProxy (RaftServerProxy.java:remove(95)) - f44a2839-6f6e-45eb-9e76-f53daf5fe8b6: remove group-815FDE6FCAD8:null
2019-09-11 20:02:37,118 [RatisPipelineUtilsThread] WARN  pipeline.RatisPipelineUtils (RatisPipelineUtils.java:destroyPipeline(66)) - Pipeline destroy failed for pipeline=PipelineID=14a294df-f6cd-45c4-a05c-815fde6fcad8 dn=f44a2839-6f6e-45eb-9e76-f53daf5fe8b6{ip: 192.168.36.83, host: pr-hdds-2096-jg2tg-1247294052, networkLocation: /default-rack, certSerialId: null}
2019-09-11 20:02:37,121 [grpc-default-executor-1] INFO  impl.RaftServerProxy (RaftServerProxy.java:remove(95)) - 24ad807e-6d45-451f-a21b-d43dbe93db59: remove group-815FDE6FCAD8:null
2019-09-11 20:02:37,131 [RatisPipelineUtilsThread] WARN  pipeline.RatisPipelineUtils (RatisPipelineUtils.java:destroyPipeline(66)) - Pipeline destroy failed for pipeline=PipelineID=14a294df-f6cd-45c4-a05c-815fde6fcad8 dn=24ad807e-6d45-451f-a21b-d43dbe93db59{ip: 192.168.36.83, host: pr-hdds-2096-jg2tg-1247294052, networkLocation: /default-rack, certSerialId: null}
2019-09-11 20:02:37,131 [RatisPipelineUtilsThread] ERROR pipeline.SCMPipelineManager (Scheduler.java:lambda$schedule$1(70)) - Destroy pipeline failed for pipeline:Pipeline[ Id: 14a294df-f6cd-45c4-a05c-815fde6fcad8, Nodes: 8bc19c34-ed99-4952-a694-bf62b7894053{ip: 192.168.36.83, host: pr-hdds-2096-jg2tg-1247294052, networkLocation: /default-rack, certSerialId: null}f44a2839-6f6e-45eb-9e76-f53daf5fe8b6{ip: 192.168.36.83, host: pr-hdds-2096-jg2tg-1247294052, networkLocation: /default-rack, certSerialId: null}24ad807e-6d45-451f-a21b-d43dbe93db59{ip: 192.168.36.83, host: pr-hdds-2096-jg2tg-1247294052, networkLocation: /default-rack, certSerialId: null}, Type:RATIS, Factor:THREE, State:CLOSED]
org.apache.hadoop.hdds.scm.pipeline.PipelineNotFoundException: PipelineID=14a294df-f6cd-45c4-a05c-815fde6fcad8 not found
	at org.apache.hadoop.hdds.scm.pipeline.PipelineStateMap.getPipeline(PipelineStateMap.java:132)
	at org.apache.hadoop.hdds.scm.pipeline.PipelineStateMap.removePipeline(PipelineStateMap.java:322)
	at org.apache.hadoop.hdds.scm.pipeline.PipelineStateManager.removePipeline(PipelineStateManager.java:107)
	at org.apache.hadoop.hdds.scm.pipeline.SCMPipelineManager.removePipeline(SCMPipelineManager.java:423)
	at org.apache.hadoop.hdds.scm.pipeline.SCMPipelineManager.destroyPipeline(SCMPipelineManager.java:409)
	at org.apache.hadoop.hdds.scm.pipeline.SCMPipelineManager.lambda$finalizeAndDestroyPipeline$0(SCMPipelineManager.java:318)
	at org.apache.hadoop.utils.Scheduler.lambda$schedule$1(Scheduler.java:68)
	at java.util.concurrent.Executors$RunnableAdapter.call(Executors.java:511)
	at java.util.concurrent.FutureTask.run(FutureTask.java:266)
	at java.util.concurrent.ScheduledThreadPoolExecutor$ScheduledFutureTask.access$201(ScheduledThreadPoolExecutor.java:180)
	at java.util.concurrent.ScheduledThreadPoolExecutor$ScheduledFutureTask.run(ScheduledThreadPoolExecutor.java:293)
	at java.util.concurrent.ThreadPoolExecutor.runWorker(ThreadPoolExecutor.java:1149)
	at java.util.concurrent.ThreadPoolExecutor$Worker.run(ThreadPoolExecutor.java:624)
	at java.lang.Thread.run(Thread.java:748)
2019-09-11 20:02:37,684 [java.util.concurrent.ThreadPoolExecutor$Worker@64f81f1[State = -1, empty queue]] WARN  server.GrpcLogAppender (GrpcLogAppender.java:timeoutAppendRequest(200)) - 9bb405f0-f563-4579-83ea-0bbe163a9fbc@group-CB0F6128481C->e0c56373-add1-4904-83f3-08b0a755b8ed-GrpcLogAppender: appendEntries Timeout, request=9bb405f0-f563-4579-83ea-0bbe163a9fbc->e0c56373-add1-4904-83f3-08b0a755b8ed#99-t1, previous=(t:1, i:13), leaderCommit=10, initializing? false, entries: <empty>
2019-09-11 20:02:39,096 [grpc-default-executor-1] INFO  impl.RaftServerProxy (RaftServerProxy.java:remove(95)) - 8bc19c34-ed99-4952-a694-bf62b7894053: remove group-815FDE6FCAD8:null
2019-09-11 20:02:39,109 [RatisPipelineUtilsThread] WARN  pipeline.RatisPipelineUtils (RatisPipelineUtils.java:destroyPipeline(66)) - Pipeline destroy failed for pipeline=PipelineID=14a294df-f6cd-45c4-a05c-815fde6fcad8 dn=8bc19c34-ed99-4952-a694-bf62b7894053{ip: 192.168.36.83, host: pr-hdds-2096-jg2tg-1247294052, networkLocation: /default-rack, certSerialId: null}
2019-09-11 20:02:39,112 [grpc-default-executor-1] INFO  impl.RaftServerProxy (RaftServerProxy.java:remove(95)) - f44a2839-6f6e-45eb-9e76-f53daf5fe8b6: remove group-815FDE6FCAD8:null
2019-09-11 20:02:39,130 [RatisPipelineUtilsThread] WARN  pipeline.RatisPipelineUtils (RatisPipelineUtils.java:destroyPipeline(66)) - Pipeline destroy failed for pipeline=PipelineID=14a294df-f6cd-45c4-a05c-815fde6fcad8 dn=f44a2839-6f6e-45eb-9e76-f53daf5fe8b6{ip: 192.168.36.83, host: pr-hdds-2096-jg2tg-1247294052, networkLocation: /default-rack, certSerialId: null}
2019-09-11 20:02:39,133 [grpc-default-executor-1] INFO  impl.RaftServerProxy (RaftServerProxy.java:remove(95)) - 24ad807e-6d45-451f-a21b-d43dbe93db59: remove group-815FDE6FCAD8:null
2019-09-11 20:02:39,136 [RatisPipelineUtilsThread] WARN  pipeline.RatisPipelineUtils (RatisPipelineUtils.java:destroyPipeline(66)) - Pipeline destroy failed for pipeline=PipelineID=14a294df-f6cd-45c4-a05c-815fde6fcad8 dn=24ad807e-6d45-451f-a21b-d43dbe93db59{ip: 192.168.36.83, host: pr-hdds-2096-jg2tg-1247294052, networkLocation: /default-rack, certSerialId: null}
2019-09-11 20:02:39,137 [RatisPipelineUtilsThread] ERROR pipeline.SCMPipelineManager (Scheduler.java:lambda$schedule$1(70)) - Destroy pipeline failed for pipeline:Pipeline[ Id: 14a294df-f6cd-45c4-a05c-815fde6fcad8, Nodes: 8bc19c34-ed99-4952-a694-bf62b7894053{ip: 192.168.36.83, host: pr-hdds-2096-jg2tg-1247294052, networkLocation: /default-rack, certSerialId: null}f44a2839-6f6e-45eb-9e76-f53daf5fe8b6{ip: 192.168.36.83, host: pr-hdds-2096-jg2tg-1247294052, networkLocation: /default-rack, certSerialId: null}24ad807e-6d45-451f-a21b-d43dbe93db59{ip: 192.168.36.83, host: pr-hdds-2096-jg2tg-1247294052, networkLocation: /default-rack, certSerialId: null}, Type:RATIS, Factor:THREE, State:CLOSED]
org.apache.hadoop.hdds.scm.pipeline.PipelineNotFoundException: PipelineID=14a294df-f6cd-45c4-a05c-815fde6fcad8 not found
	at org.apache.hadoop.hdds.scm.pipeline.PipelineStateMap.getPipeline(PipelineStateMap.java:132)
	at org.apache.hadoop.hdds.scm.pipeline.PipelineStateMap.removePipeline(PipelineStateMap.java:322)
	at org.apache.hadoop.hdds.scm.pipeline.PipelineStateManager.removePipeline(PipelineStateManager.java:107)
	at org.apache.hadoop.hdds.scm.pipeline.SCMPipelineManager.removePipeline(SCMPipelineManager.java:423)
	at org.apache.hadoop.hdds.scm.pipeline.SCMPipelineManager.destroyPipeline(SCMPipelineManager.java:409)
	at org.apache.hadoop.hdds.scm.pipeline.SCMPipelineManager.lambda$finalizeAndDestroyPipeline$0(SCMPipelineManager.java:318)
	at org.apache.hadoop.utils.Scheduler.lambda$schedule$1(Scheduler.java:68)
	at java.util.concurrent.Executors$RunnableAdapter.call(Executors.java:511)
	at java.util.concurrent.FutureTask.run(FutureTask.java:266)
	at java.util.concurrent.ScheduledThreadPoolExecutor$ScheduledFutureTask.access$201(ScheduledThreadPoolExecutor.java:180)
	at java.util.concurrent.ScheduledThreadPoolExecutor$ScheduledFutureTask.run(ScheduledThreadPoolExecutor.java:293)
	at java.util.concurrent.ThreadPoolExecutor.runWorker(ThreadPoolExecutor.java:1149)
	at java.util.concurrent.ThreadPoolExecutor$Worker.run(ThreadPoolExecutor.java:624)
	at java.lang.Thread.run(Thread.java:748)
2019-09-11 20:02:39,678 [9bb405f0-f563-4579-83ea-0bbe163a9fbc@group-CB0F6128481C-SegmentedRaftLogWorker] WARN  segmented.SegmentedRaftLogWorker (SegmentedRaftLogWorker.java:getFromFuture(90)) - Timeout 2/~
org.apache.ratis.protocol.TimeoutIOException: Timeout 10s: WriteLog:11: (t:1, i:11), STATEMACHINELOGENTRY, client-9954D3AE5C83, cid=32-writeStateMachineData
	at org.apache.ratis.util.IOUtils.getFromFuture(IOUtils.java:87)
	at org.apache.ratis.server.raftlog.segmented.SegmentedRaftLogWorker$StateMachineDataPolicy.getFromFuture(SegmentedRaftLogWorker.java:87)
	at org.apache.ratis.server.raftlog.segmented.SegmentedRaftLogWorker$WriteLog.execute(SegmentedRaftLogWorker.java:477)
	at org.apache.ratis.server.raftlog.segmented.SegmentedRaftLogWorker.run(SegmentedRaftLogWorker.java:289)
	at java.lang.Thread.run(Thread.java:748)
Caused by: java.util.concurrent.TimeoutException
	at java.util.concurrent.CompletableFuture.timedGet(CompletableFuture.java:1771)
	at java.util.concurrent.CompletableFuture.get(CompletableFuture.java:1915)
	at org.apache.ratis.util.IOUtils.getFromFuture(IOUtils.java:79)
	... 4 more
2019-09-11 20:02:39,679 [e0c56373-add1-4904-83f3-08b0a755b8ed@group-CB0F6128481C-SegmentedRaftLogWorker] WARN  segmented.SegmentedRaftLogWorker (SegmentedRaftLogWorker.java:getFromFuture(90)) - Timeout 2/~
org.apache.ratis.protocol.TimeoutIOException: Timeout 10s: WriteLog:11: (t:1, i:11), STATEMACHINELOGENTRY, client-9954D3AE5C83, cid=32-writeStateMachineData
	at org.apache.ratis.util.IOUtils.getFromFuture(IOUtils.java:87)
	at org.apache.ratis.server.raftlog.segmented.SegmentedRaftLogWorker$StateMachineDataPolicy.getFromFuture(SegmentedRaftLogWorker.java:87)
	at org.apache.ratis.server.raftlog.segmented.SegmentedRaftLogWorker$WriteLog.execute(SegmentedRaftLogWorker.java:477)
	at org.apache.ratis.server.raftlog.segmented.SegmentedRaftLogWorker.run(SegmentedRaftLogWorker.java:289)
	at java.lang.Thread.run(Thread.java:748)
Caused by: java.util.concurrent.TimeoutException
	at java.util.concurrent.CompletableFuture.timedGet(CompletableFuture.java:1771)
	at java.util.concurrent.CompletableFuture.get(CompletableFuture.java:1915)
	at org.apache.ratis.util.IOUtils.getFromFuture(IOUtils.java:79)
	... 4 more
2019-09-11 20:02:39,934 [grpc-default-executor-1] INFO  client.GrpcClientProtocolClient (GrpcClientProtocolClient.java:onNext(264)) - client-9954D3AE5C83->802f7a56-3ac2-455e-92a2-71244eb20cf7: receive RaftClientReply:client-9954D3AE5C83->802f7a56-3ac2-455e-92a2-71244eb20cf7@group-CB0F6128481C, cid=32, FAILED org.apache.ratis.protocol.NotLeaderException: Server 802f7a56-3ac2-455e-92a2-71244eb20cf7@group-CB0F6128481C is not the leader 9bb405f0-f563-4579-83ea-0bbe163a9fbc:192.168.36.83:46254, logIndex=0, commits[802f7a56-3ac2-455e-92a2-71244eb20cf7:c10, 9bb405f0-f563-4579-83ea-0bbe163a9fbc:c10, e0c56373-add1-4904-83f3-08b0a755b8ed:c6]
2019-09-11 20:02:40,183 [java.util.concurrent.ThreadPoolExecutor$Worker@64f81f1[State = -1, empty queue]] WARN  server.GrpcLogAppender (GrpcLogAppender.java:timeoutAppendRequest(200)) - 9bb405f0-f563-4579-83ea-0bbe163a9fbc@group-CB0F6128481C->e0c56373-add1-4904-83f3-08b0a755b8ed-GrpcLogAppender: appendEntries Timeout, request=9bb405f0-f563-4579-83ea-0bbe163a9fbc->e0c56373-add1-4904-83f3-08b0a755b8ed#100-t1, previous=(t:1, i:13), leaderCommit=10, initializing? false, entries: <empty>
2019-09-11 20:02:42,093 [grpc-default-executor-0] INFO  impl.RaftServerProxy (RaftServerProxy.java:remove(95)) - 8bc19c34-ed99-4952-a694-bf62b7894053: remove group-815FDE6FCAD8:null
2019-09-11 20:02:42,097 [RatisPipelineUtilsThread] WARN  pipeline.RatisPipelineUtils (RatisPipelineUtils.java:destroyPipeline(66)) - Pipeline destroy failed for pipeline=PipelineID=14a294df-f6cd-45c4-a05c-815fde6fcad8 dn=8bc19c34-ed99-4952-a694-bf62b7894053{ip: 192.168.36.83, host: pr-hdds-2096-jg2tg-1247294052, networkLocation: /default-rack, certSerialId: null}
2019-09-11 20:02:42,100 [grpc-default-executor-0] INFO  impl.RaftServerProxy (RaftServerProxy.java:remove(95)) - f44a2839-6f6e-45eb-9e76-f53daf5fe8b6: remove group-815FDE6FCAD8:null
2019-09-11 20:02:42,102 [RatisPipelineUtilsThread] WARN  pipeline.RatisPipelineUtils (RatisPipelineUtils.java:destroyPipeline(66)) - Pipeline destroy failed for pipeline=PipelineID=14a294df-f6cd-45c4-a05c-815fde6fcad8 dn=f44a2839-6f6e-45eb-9e76-f53daf5fe8b6{ip: 192.168.36.83, host: pr-hdds-2096-jg2tg-1247294052, networkLocation: /default-rack, certSerialId: null}
2019-09-11 20:02:42,105 [grpc-default-executor-0] INFO  impl.RaftServerProxy (RaftServerProxy.java:remove(95)) - 24ad807e-6d45-451f-a21b-d43dbe93db59: remove group-815FDE6FCAD8:null
2019-09-11 20:02:42,108 [RatisPipelineUtilsThread] WARN  pipeline.RatisPipelineUtils (RatisPipelineUtils.java:destroyPipeline(66)) - Pipeline destroy failed for pipeline=PipelineID=14a294df-f6cd-45c4-a05c-815fde6fcad8 dn=24ad807e-6d45-451f-a21b-d43dbe93db59{ip: 192.168.36.83, host: pr-hdds-2096-jg2tg-1247294052, networkLocation: /default-rack, certSerialId: null}
2019-09-11 20:02:42,108 [RatisPipelineUtilsThread] ERROR pipeline.SCMPipelineManager (Scheduler.java:lambda$schedule$1(70)) - Destroy pipeline failed for pipeline:Pipeline[ Id: 14a294df-f6cd-45c4-a05c-815fde6fcad8, Nodes: 8bc19c34-ed99-4952-a694-bf62b7894053{ip: 192.168.36.83, host: pr-hdds-2096-jg2tg-1247294052, networkLocation: /default-rack, certSerialId: null}f44a2839-6f6e-45eb-9e76-f53daf5fe8b6{ip: 192.168.36.83, host: pr-hdds-2096-jg2tg-1247294052, networkLocation: /default-rack, certSerialId: null}24ad807e-6d45-451f-a21b-d43dbe93db59{ip: 192.168.36.83, host: pr-hdds-2096-jg2tg-1247294052, networkLocation: /default-rack, certSerialId: null}, Type:RATIS, Factor:THREE, State:CLOSED]
org.apache.hadoop.hdds.scm.pipeline.PipelineNotFoundException: PipelineID=14a294df-f6cd-45c4-a05c-815fde6fcad8 not found
	at org.apache.hadoop.hdds.scm.pipeline.PipelineStateMap.getPipeline(PipelineStateMap.java:132)
	at org.apache.hadoop.hdds.scm.pipeline.PipelineStateMap.removePipeline(PipelineStateMap.java:322)
	at org.apache.hadoop.hdds.scm.pipeline.PipelineStateManager.removePipeline(PipelineStateManager.java:107)
	at org.apache.hadoop.hdds.scm.pipeline.SCMPipelineManager.removePipeline(SCMPipelineManager.java:423)
	at org.apache.hadoop.hdds.scm.pipeline.SCMPipelineManager.destroyPipeline(SCMPipelineManager.java:409)
	at org.apache.hadoop.hdds.scm.pipeline.SCMPipelineManager.lambda$finalizeAndDestroyPipeline$0(SCMPipelineManager.java:318)
	at org.apache.hadoop.utils.Scheduler.lambda$schedule$1(Scheduler.java:68)
	at java.util.concurrent.Executors$RunnableAdapter.call(Executors.java:511)
	at java.util.concurrent.FutureTask.run(FutureTask.java:266)
	at java.util.concurrent.ScheduledThreadPoolExecutor$ScheduledFutureTask.access$201(ScheduledThreadPoolExecutor.java:180)
	at java.util.concurrent.ScheduledThreadPoolExecutor$ScheduledFutureTask.run(ScheduledThreadPoolExecutor.java:293)
	at java.util.concurrent.ThreadPoolExecutor.runWorker(ThreadPoolExecutor.java:1149)
	at java.util.concurrent.ThreadPoolExecutor$Worker.run(ThreadPoolExecutor.java:624)
	at java.lang.Thread.run(Thread.java:748)
2019-09-11 20:02:42,684 [java.util.concurrent.ThreadPoolExecutor$Worker@64f81f1[State = -1, empty queue]] WARN  server.GrpcLogAppender (GrpcLogAppender.java:timeoutAppendRequest(200)) - 9bb405f0-f563-4579-83ea-0bbe163a9fbc@group-CB0F6128481C->e0c56373-add1-4904-83f3-08b0a755b8ed-GrpcLogAppender: appendEntries Timeout, request=9bb405f0-f563-4579-83ea-0bbe163a9fbc->e0c56373-add1-4904-83f3-08b0a755b8ed#101-t1, previous=(t:1, i:13), leaderCommit=10, initializing? false, entries: <empty>
2019-09-11 20:02:44,091 [grpc-default-executor-1] INFO  impl.RaftServerProxy (RaftServerProxy.java:remove(95)) - 8bc19c34-ed99-4952-a694-bf62b7894053: remove group-815FDE6FCAD8:null
2019-09-11 20:02:44,095 [RatisPipelineUtilsThread] WARN  pipeline.RatisPipelineUtils (RatisPipelineUtils.java:destroyPipeline(66)) - Pipeline destroy failed for pipeline=PipelineID=14a294df-f6cd-45c4-a05c-815fde6fcad8 dn=8bc19c34-ed99-4952-a694-bf62b7894053{ip: 192.168.36.83, host: pr-hdds-2096-jg2tg-1247294052, networkLocation: /default-rack, certSerialId: null}
2019-09-11 20:02:44,098 [grpc-default-executor-1] INFO  impl.RaftServerProxy (RaftServerProxy.java:remove(95)) - f44a2839-6f6e-45eb-9e76-f53daf5fe8b6: remove group-815FDE6FCAD8:null
2019-09-11 20:02:44,100 [RatisPipelineUtilsThread] WARN  pipeline.RatisPipelineUtils (RatisPipelineUtils.java:destroyPipeline(66)) - Pipeline destroy failed for pipeline=PipelineID=14a294df-f6cd-45c4-a05c-815fde6fcad8 dn=f44a2839-6f6e-45eb-9e76-f53daf5fe8b6{ip: 192.168.36.83, host: pr-hdds-2096-jg2tg-1247294052, networkLocation: /default-rack, certSerialId: null}
2019-09-11 20:02:44,103 [grpc-default-executor-1] INFO  impl.RaftServerProxy (RaftServerProxy.java:remove(95)) - 24ad807e-6d45-451f-a21b-d43dbe93db59: remove group-815FDE6FCAD8:null
2019-09-11 20:02:44,105 [RatisPipelineUtilsThread] WARN  pipeline.RatisPipelineUtils (RatisPipelineUtils.java:destroyPipeline(66)) - Pipeline destroy failed for pipeline=PipelineID=14a294df-f6cd-45c4-a05c-815fde6fcad8 dn=24ad807e-6d45-451f-a21b-d43dbe93db59{ip: 192.168.36.83, host: pr-hdds-2096-jg2tg-1247294052, networkLocation: /default-rack, certSerialId: null}
2019-09-11 20:02:44,106 [RatisPipelineUtilsThread] ERROR pipeline.SCMPipelineManager (Scheduler.java:lambda$schedule$1(70)) - Destroy pipeline failed for pipeline:Pipeline[ Id: 14a294df-f6cd-45c4-a05c-815fde6fcad8, Nodes: 8bc19c34-ed99-4952-a694-bf62b7894053{ip: 192.168.36.83, host: pr-hdds-2096-jg2tg-1247294052, networkLocation: /default-rack, certSerialId: null}f44a2839-6f6e-45eb-9e76-f53daf5fe8b6{ip: 192.168.36.83, host: pr-hdds-2096-jg2tg-1247294052, networkLocation: /default-rack, certSerialId: null}24ad807e-6d45-451f-a21b-d43dbe93db59{ip: 192.168.36.83, host: pr-hdds-2096-jg2tg-1247294052, networkLocation: /default-rack, certSerialId: null}, Type:RATIS, Factor:THREE, State:CLOSED]
org.apache.hadoop.hdds.scm.pipeline.PipelineNotFoundException: PipelineID=14a294df-f6cd-45c4-a05c-815fde6fcad8 not found
	at org.apache.hadoop.hdds.scm.pipeline.PipelineStateMap.getPipeline(PipelineStateMap.java:132)
	at org.apache.hadoop.hdds.scm.pipeline.PipelineStateMap.removePipeline(PipelineStateMap.java:322)
	at org.apache.hadoop.hdds.scm.pipeline.PipelineStateManager.removePipeline(PipelineStateManager.java:107)
	at org.apache.hadoop.hdds.scm.pipeline.SCMPipelineManager.removePipeline(SCMPipelineManager.java:423)
	at org.apache.hadoop.hdds.scm.pipeline.SCMPipelineManager.destroyPipeline(SCMPipelineManager.java:409)
	at org.apache.hadoop.hdds.scm.pipeline.SCMPipelineManager.lambda$finalizeAndDestroyPipeline$0(SCMPipelineManager.java:318)
	at org.apache.hadoop.utils.Scheduler.lambda$schedule$1(Scheduler.java:68)
	at java.util.concurrent.Executors$RunnableAdapter.call(Executors.java:511)
	at java.util.concurrent.FutureTask.run(FutureTask.java:266)
	at java.util.concurrent.ScheduledThreadPoolExecutor$ScheduledFutureTask.access$201(ScheduledThreadPoolExecutor.java:180)
	at java.util.concurrent.ScheduledThreadPoolExecutor$ScheduledFutureTask.run(ScheduledThreadPoolExecutor.java:293)
	at java.util.concurrent.ThreadPoolExecutor.runWorker(ThreadPoolExecutor.java:1149)
	at java.util.concurrent.ThreadPoolExecutor$Worker.run(ThreadPoolExecutor.java:624)
	at java.lang.Thread.run(Thread.java:748)
2019-09-11 20:02:44,970 [grpc-default-executor-1] INFO  client.GrpcClientProtocolClient (GrpcClientProtocolClient.java:onNext(264)) - client-9954D3AE5C83->e0c56373-add1-4904-83f3-08b0a755b8ed: receive RaftClientReply:client-9954D3AE5C83->e0c56373-add1-4904-83f3-08b0a755b8ed@group-CB0F6128481C, cid=32, FAILED org.apache.ratis.protocol.NotLeaderException: Server e0c56373-add1-4904-83f3-08b0a755b8ed@group-CB0F6128481C is not the leader 9bb405f0-f563-4579-83ea-0bbe163a9fbc:192.168.36.83:46254, logIndex=0, commits[e0c56373-add1-4904-83f3-08b0a755b8ed:c10, 802f7a56-3ac2-455e-92a2-71244eb20cf7:c10, 9bb405f0-f563-4579-83ea-0bbe163a9fbc:c10]
2019-09-11 20:02:45,184 [java.util.concurrent.ThreadPoolExecutor$Worker@64f81f1[State = -1, empty queue]] WARN  server.GrpcLogAppender (GrpcLogAppender.java:timeoutAppendRequest(200)) - 9bb405f0-f563-4579-83ea-0bbe163a9fbc@group-CB0F6128481C->e0c56373-add1-4904-83f3-08b0a755b8ed-GrpcLogAppender: appendEntries Timeout, request=9bb405f0-f563-4579-83ea-0bbe163a9fbc->e0c56373-add1-4904-83f3-08b0a755b8ed#102-t1, previous=(t:1, i:13), leaderCommit=10, initializing? false, entries: <empty>
2019-09-11 20:02:47,092 [grpc-default-executor-1] INFO  impl.RaftServerProxy (RaftServerProxy.java:remove(95)) - 8bc19c34-ed99-4952-a694-bf62b7894053: remove group-815FDE6FCAD8:null
2019-09-11 20:02:47,101 [RatisPipelineUtilsThread] WARN  pipeline.RatisPipelineUtils (RatisPipelineUtils.java:destroyPipeline(66)) - Pipeline destroy failed for pipeline=PipelineID=14a294df-f6cd-45c4-a05c-815fde6fcad8 dn=8bc19c34-ed99-4952-a694-bf62b7894053{ip: 192.168.36.83, host: pr-hdds-2096-jg2tg-1247294052, networkLocation: /default-rack, certSerialId: null}
2019-09-11 20:02:47,105 [grpc-default-executor-0] INFO  impl.RaftServerProxy (RaftServerProxy.java:remove(95)) - f44a2839-6f6e-45eb-9e76-f53daf5fe8b6: remove group-815FDE6FCAD8:null
2019-09-11 20:02:47,113 [RatisPipelineUtilsThread] WARN  pipeline.RatisPipelineUtils (RatisPipelineUtils.java:destroyPipeline(66)) - Pipeline destroy failed for pipeline=PipelineID=14a294df-f6cd-45c4-a05c-815fde6fcad8 dn=f44a2839-6f6e-45eb-9e76-f53daf5fe8b6{ip: 192.168.36.83, host: pr-hdds-2096-jg2tg-1247294052, networkLocation: /default-rack, certSerialId: null}
2019-09-11 20:02:47,116 [grpc-default-executor-0] INFO  impl.RaftServerProxy (RaftServerProxy.java:remove(95)) - 24ad807e-6d45-451f-a21b-d43dbe93db59: remove group-815FDE6FCAD8:null
2019-09-11 20:02:47,125 [RatisPipelineUtilsThread] WARN  pipeline.RatisPipelineUtils (RatisPipelineUtils.java:destroyPipeline(66)) - Pipeline destroy failed for pipeline=PipelineID=14a294df-f6cd-45c4-a05c-815fde6fcad8 dn=24ad807e-6d45-451f-a21b-d43dbe93db59{ip: 192.168.36.83, host: pr-hdds-2096-jg2tg-1247294052, networkLocation: /default-rack, certSerialId: null}
2019-09-11 20:02:47,125 [RatisPipelineUtilsThread] ERROR pipeline.SCMPipelineManager (Scheduler.java:lambda$schedule$1(70)) - Destroy pipeline failed for pipeline:Pipeline[ Id: 14a294df-f6cd-45c4-a05c-815fde6fcad8, Nodes: 8bc19c34-ed99-4952-a694-bf62b7894053{ip: 192.168.36.83, host: pr-hdds-2096-jg2tg-1247294052, networkLocation: /default-rack, certSerialId: null}f44a2839-6f6e-45eb-9e76-f53daf5fe8b6{ip: 192.168.36.83, host: pr-hdds-2096-jg2tg-1247294052, networkLocation: /default-rack, certSerialId: null}24ad807e-6d45-451f-a21b-d43dbe93db59{ip: 192.168.36.83, host: pr-hdds-2096-jg2tg-1247294052, networkLocation: /default-rack, certSerialId: null}, Type:RATIS, Factor:THREE, State:CLOSED]
org.apache.hadoop.hdds.scm.pipeline.PipelineNotFoundException: PipelineID=14a294df-f6cd-45c4-a05c-815fde6fcad8 not found
	at org.apache.hadoop.hdds.scm.pipeline.PipelineStateMap.getPipeline(PipelineStateMap.java:132)
	at org.apache.hadoop.hdds.scm.pipeline.PipelineStateMap.removePipeline(PipelineStateMap.java:322)
	at org.apache.hadoop.hdds.scm.pipeline.PipelineStateManager.removePipeline(PipelineStateManager.java:107)
	at org.apache.hadoop.hdds.scm.pipeline.SCMPipelineManager.removePipeline(SCMPipelineManager.java:423)
	at org.apache.hadoop.hdds.scm.pipeline.SCMPipelineManager.destroyPipeline(SCMPipelineManager.java:409)
	at org.apache.hadoop.hdds.scm.pipeline.SCMPipelineManager.lambda$finalizeAndDestroyPipeline$0(SCMPipelineManager.java:318)
	at org.apache.hadoop.utils.Scheduler.lambda$schedule$1(Scheduler.java:68)
	at java.util.concurrent.Executors$RunnableAdapter.call(Executors.java:511)
	at java.util.concurrent.FutureTask.run(FutureTask.java:266)
	at java.util.concurrent.ScheduledThreadPoolExecutor$ScheduledFutureTask.access$201(ScheduledThreadPoolExecutor.java:180)
	at java.util.concurrent.ScheduledThreadPoolExecutor$ScheduledFutureTask.run(ScheduledThreadPoolExecutor.java:293)
	at java.util.concurrent.ThreadPoolExecutor.runWorker(ThreadPoolExecutor.java:1149)
	at java.util.concurrent.ThreadPoolExecutor$Worker.run(ThreadPoolExecutor.java:624)
	at java.lang.Thread.run(Thread.java:748)
2019-09-11 20:02:47,685 [java.util.concurrent.ThreadPoolExecutor$Worker@64f81f1[State = -1, empty queue]] WARN  server.GrpcLogAppender (GrpcLogAppender.java:timeoutAppendRequest(200)) - 9bb405f0-f563-4579-83ea-0bbe163a9fbc@group-CB0F6128481C->e0c56373-add1-4904-83f3-08b0a755b8ed-GrpcLogAppender: appendEntries Timeout, request=9bb405f0-f563-4579-83ea-0bbe163a9fbc->e0c56373-add1-4904-83f3-08b0a755b8ed#103-t1, previous=(t:1, i:13), leaderCommit=10, initializing? false, entries: <empty>
2019-09-11 20:02:49,109 [grpc-default-executor-0] INFO  impl.RaftServerProxy (RaftServerProxy.java:remove(95)) - 8bc19c34-ed99-4952-a694-bf62b7894053: remove group-815FDE6FCAD8:null
2019-09-11 20:02:49,113 [RatisPipelineUtilsThread] WARN  pipeline.RatisPipelineUtils (RatisPipelineUtils.java:destroyPipeline(66)) - Pipeline destroy failed for pipeline=PipelineID=14a294df-f6cd-45c4-a05c-815fde6fcad8 dn=8bc19c34-ed99-4952-a694-bf62b7894053{ip: 192.168.36.83, host: pr-hdds-2096-jg2tg-1247294052, networkLocation: /default-rack, certSerialId: null}
2019-09-11 20:02:49,116 [grpc-default-executor-0] INFO  impl.RaftServerProxy (RaftServerProxy.java:remove(95)) - f44a2839-6f6e-45eb-9e76-f53daf5fe8b6: remove group-815FDE6FCAD8:null
2019-09-11 20:02:49,119 [RatisPipelineUtilsThread] WARN  pipeline.RatisPipelineUtils (RatisPipelineUtils.java:destroyPipeline(66)) - Pipeline destroy failed for pipeline=PipelineID=14a294df-f6cd-45c4-a05c-815fde6fcad8 dn=f44a2839-6f6e-45eb-9e76-f53daf5fe8b6{ip: 192.168.36.83, host: pr-hdds-2096-jg2tg-1247294052, networkLocation: /default-rack, certSerialId: null}
2019-09-11 20:02:49,122 [grpc-default-executor-0] INFO  impl.RaftServerProxy (RaftServerProxy.java:remove(95)) - 24ad807e-6d45-451f-a21b-d43dbe93db59: remove group-815FDE6FCAD8:null
2019-09-11 20:02:49,125 [RatisPipelineUtilsThread] WARN  pipeline.RatisPipelineUtils (RatisPipelineUtils.java:destroyPipeline(66)) - Pipeline destroy failed for pipeline=PipelineID=14a294df-f6cd-45c4-a05c-815fde6fcad8 dn=24ad807e-6d45-451f-a21b-d43dbe93db59{ip: 192.168.36.83, host: pr-hdds-2096-jg2tg-1247294052, networkLocation: /default-rack, certSerialId: null}
2019-09-11 20:02:49,125 [RatisPipelineUtilsThread] ERROR pipeline.SCMPipelineManager (Scheduler.java:lambda$schedule$1(70)) - Destroy pipeline failed for pipeline:Pipeline[ Id: 14a294df-f6cd-45c4-a05c-815fde6fcad8, Nodes: 8bc19c34-ed99-4952-a694-bf62b7894053{ip: 192.168.36.83, host: pr-hdds-2096-jg2tg-1247294052, networkLocation: /default-rack, certSerialId: null}f44a2839-6f6e-45eb-9e76-f53daf5fe8b6{ip: 192.168.36.83, host: pr-hdds-2096-jg2tg-1247294052, networkLocation: /default-rack, certSerialId: null}24ad807e-6d45-451f-a21b-d43dbe93db59{ip: 192.168.36.83, host: pr-hdds-2096-jg2tg-1247294052, networkLocation: /default-rack, certSerialId: null}, Type:RATIS, Factor:THREE, State:CLOSED]
org.apache.hadoop.hdds.scm.pipeline.PipelineNotFoundException: PipelineID=14a294df-f6cd-45c4-a05c-815fde6fcad8 not found
	at org.apache.hadoop.hdds.scm.pipeline.PipelineStateMap.getPipeline(PipelineStateMap.java:132)
	at org.apache.hadoop.hdds.scm.pipeline.PipelineStateMap.removePipeline(PipelineStateMap.java:322)
	at org.apache.hadoop.hdds.scm.pipeline.PipelineStateManager.removePipeline(PipelineStateManager.java:107)
	at org.apache.hadoop.hdds.scm.pipeline.SCMPipelineManager.removePipeline(SCMPipelineManager.java:423)
	at org.apache.hadoop.hdds.scm.pipeline.SCMPipelineManager.destroyPipeline(SCMPipelineManager.java:409)
	at org.apache.hadoop.hdds.scm.pipeline.SCMPipelineManager.lambda$finalizeAndDestroyPipeline$0(SCMPipelineManager.java:318)
	at org.apache.hadoop.utils.Scheduler.lambda$schedule$1(Scheduler.java:68)
	at java.util.concurrent.Executors$RunnableAdapter.call(Executors.java:511)
	at java.util.concurrent.FutureTask.run(FutureTask.java:266)
	at java.util.concurrent.ScheduledThreadPoolExecutor$ScheduledFutureTask.access$201(ScheduledThreadPoolExecutor.java:180)
	at java.util.concurrent.ScheduledThreadPoolExecutor$ScheduledFutureTask.run(ScheduledThreadPoolExecutor.java:293)
	at java.util.concurrent.ThreadPoolExecutor.runWorker(ThreadPoolExecutor.java:1149)
	at java.util.concurrent.ThreadPoolExecutor$Worker.run(ThreadPoolExecutor.java:624)
	at java.lang.Thread.run(Thread.java:748)
2019-09-11 20:02:49,679 [9bb405f0-f563-4579-83ea-0bbe163a9fbc@group-CB0F6128481C-SegmentedRaftLogWorker] WARN  segmented.SegmentedRaftLogWorker (SegmentedRaftLogWorker.java:getFromFuture(90)) - Timeout 3/~
org.apache.ratis.protocol.TimeoutIOException: Timeout 10s: WriteLog:11: (t:1, i:11), STATEMACHINELOGENTRY, client-9954D3AE5C83, cid=32-writeStateMachineData
	at org.apache.ratis.util.IOUtils.getFromFuture(IOUtils.java:87)
	at org.apache.ratis.server.raftlog.segmented.SegmentedRaftLogWorker$StateMachineDataPolicy.getFromFuture(SegmentedRaftLogWorker.java:87)
	at org.apache.ratis.server.raftlog.segmented.SegmentedRaftLogWorker$WriteLog.execute(SegmentedRaftLogWorker.java:477)
	at org.apache.ratis.server.raftlog.segmented.SegmentedRaftLogWorker.run(SegmentedRaftLogWorker.java:289)
	at java.lang.Thread.run(Thread.java:748)
Caused by: java.util.concurrent.TimeoutException
	at java.util.concurrent.CompletableFuture.timedGet(CompletableFuture.java:1771)
	at java.util.concurrent.CompletableFuture.get(CompletableFuture.java:1915)
	at org.apache.ratis.util.IOUtils.getFromFuture(IOUtils.java:79)
	... 4 more
2019-09-11 20:02:49,680 [e0c56373-add1-4904-83f3-08b0a755b8ed@group-CB0F6128481C-SegmentedRaftLogWorker] WARN  segmented.SegmentedRaftLogWorker (SegmentedRaftLogWorker.java:getFromFuture(90)) - Timeout 3/~
org.apache.ratis.protocol.TimeoutIOException: Timeout 10s: WriteLog:11: (t:1, i:11), STATEMACHINELOGENTRY, client-9954D3AE5C83, cid=32-writeStateMachineData
	at org.apache.ratis.util.IOUtils.getFromFuture(IOUtils.java:87)
	at org.apache.ratis.server.raftlog.segmented.SegmentedRaftLogWorker$StateMachineDataPolicy.getFromFuture(SegmentedRaftLogWorker.java:87)
	at org.apache.ratis.server.raftlog.segmented.SegmentedRaftLogWorker$WriteLog.execute(SegmentedRaftLogWorker.java:477)
	at org.apache.ratis.server.raftlog.segmented.SegmentedRaftLogWorker.run(SegmentedRaftLogWorker.java:289)
	at java.lang.Thread.run(Thread.java:748)
Caused by: java.util.concurrent.TimeoutException
	at java.util.concurrent.CompletableFuture.timedGet(CompletableFuture.java:1771)
	at java.util.concurrent.CompletableFuture.get(CompletableFuture.java:1915)
	at org.apache.ratis.util.IOUtils.getFromFuture(IOUtils.java:79)
	... 4 more
2019-09-11 20:02:50,031 [grpc-default-executor-0] INFO  client.GrpcClientProtocolClient (GrpcClientProtocolClient.java:onNext(264)) - client-9954D3AE5C83->802f7a56-3ac2-455e-92a2-71244eb20cf7: receive RaftClientReply:client-9954D3AE5C83->802f7a56-3ac2-455e-92a2-71244eb20cf7@group-CB0F6128481C, cid=32, FAILED org.apache.ratis.protocol.NotLeaderException: Server 802f7a56-3ac2-455e-92a2-71244eb20cf7@group-CB0F6128481C is not the leader 9bb405f0-f563-4579-83ea-0bbe163a9fbc:192.168.36.83:46254, logIndex=0, commits[802f7a56-3ac2-455e-92a2-71244eb20cf7:c10, 9bb405f0-f563-4579-83ea-0bbe163a9fbc:c10, e0c56373-add1-4904-83f3-08b0a755b8ed:c6]
2019-09-11 20:02:50,185 [java.util.concurrent.ThreadPoolExecutor$Worker@64f81f1[State = -1, empty queue]] WARN  server.GrpcLogAppender (GrpcLogAppender.java:timeoutAppendRequest(200)) - 9bb405f0-f563-4579-83ea-0bbe163a9fbc@group-CB0F6128481C->e0c56373-add1-4904-83f3-08b0a755b8ed-GrpcLogAppender: appendEntries Timeout, request=9bb405f0-f563-4579-83ea-0bbe163a9fbc->e0c56373-add1-4904-83f3-08b0a755b8ed#104-t1, previous=(t:1, i:13), leaderCommit=10, initializing? false, entries: <empty>
2019-09-11 20:02:52,111 [grpc-default-executor-1] INFO  impl.RaftServerProxy (RaftServerProxy.java:remove(95)) - 8bc19c34-ed99-4952-a694-bf62b7894053: remove group-815FDE6FCAD8:null
2019-09-11 20:02:52,115 [RatisPipelineUtilsThread] WARN  pipeline.RatisPipelineUtils (RatisPipelineUtils.java:destroyPipeline(66)) - Pipeline destroy failed for pipeline=PipelineID=14a294df-f6cd-45c4-a05c-815fde6fcad8 dn=8bc19c34-ed99-4952-a694-bf62b7894053{ip: 192.168.36.83, host: pr-hdds-2096-jg2tg-1247294052, networkLocation: /default-rack, certSerialId: null}
2019-09-11 20:02:52,118 [grpc-default-executor-1] INFO  impl.RaftServerProxy (RaftServerProxy.java:remove(95)) - f44a2839-6f6e-45eb-9e76-f53daf5fe8b6: remove group-815FDE6FCAD8:null
2019-09-11 20:02:52,120 [RatisPipelineUtilsThread] WARN  pipeline.RatisPipelineUtils (RatisPipelineUtils.java:destroyPipeline(66)) - Pipeline destroy failed for pipeline=PipelineID=14a294df-f6cd-45c4-a05c-815fde6fcad8 dn=f44a2839-6f6e-45eb-9e76-f53daf5fe8b6{ip: 192.168.36.83, host: pr-hdds-2096-jg2tg-1247294052, networkLocation: /default-rack, certSerialId: null}
2019-09-11 20:02:52,123 [grpc-default-executor-1] INFO  impl.RaftServerProxy (RaftServerProxy.java:remove(95)) - 24ad807e-6d45-451f-a21b-d43dbe93db59: remove group-815FDE6FCAD8:null
2019-09-11 20:02:52,125 [RatisPipelineUtilsThread] WARN  pipeline.RatisPipelineUtils (RatisPipelineUtils.java:destroyPipeline(66)) - Pipeline destroy failed for pipeline=PipelineID=14a294df-f6cd-45c4-a05c-815fde6fcad8 dn=24ad807e-6d45-451f-a21b-d43dbe93db59{ip: 192.168.36.83, host: pr-hdds-2096-jg2tg-1247294052, networkLocation: /default-rack, certSerialId: null}
2019-09-11 20:02:52,126 [RatisPipelineUtilsThread] ERROR pipeline.SCMPipelineManager (Scheduler.java:lambda$schedule$1(70)) - Destroy pipeline failed for pipeline:Pipeline[ Id: 14a294df-f6cd-45c4-a05c-815fde6fcad8, Nodes: 8bc19c34-ed99-4952-a694-bf62b7894053{ip: 192.168.36.83, host: pr-hdds-2096-jg2tg-1247294052, networkLocation: /default-rack, certSerialId: null}f44a2839-6f6e-45eb-9e76-f53daf5fe8b6{ip: 192.168.36.83, host: pr-hdds-2096-jg2tg-1247294052, networkLocation: /default-rack, certSerialId: null}24ad807e-6d45-451f-a21b-d43dbe93db59{ip: 192.168.36.83, host: pr-hdds-2096-jg2tg-1247294052, networkLocation: /default-rack, certSerialId: null}, Type:RATIS, Factor:THREE, State:CLOSED]
org.apache.hadoop.hdds.scm.pipeline.PipelineNotFoundException: PipelineID=14a294df-f6cd-45c4-a05c-815fde6fcad8 not found
	at org.apache.hadoop.hdds.scm.pipeline.PipelineStateMap.getPipeline(PipelineStateMap.java:132)
	at org.apache.hadoop.hdds.scm.pipeline.PipelineStateMap.removePipeline(PipelineStateMap.java:322)
	at org.apache.hadoop.hdds.scm.pipeline.PipelineStateManager.removePipeline(PipelineStateManager.java:107)
	at org.apache.hadoop.hdds.scm.pipeline.SCMPipelineManager.removePipeline(SCMPipelineManager.java:423)
	at org.apache.hadoop.hdds.scm.pipeline.SCMPipelineManager.destroyPipeline(SCMPipelineManager.java:409)
	at org.apache.hadoop.hdds.scm.pipeline.SCMPipelineManager.lambda$finalizeAndDestroyPipeline$0(SCMPipelineManager.java:318)
	at org.apache.hadoop.utils.Scheduler.lambda$schedule$1(Scheduler.java:68)
	at java.util.concurrent.Executors$RunnableAdapter.call(Executors.java:511)
	at java.util.concurrent.FutureTask.run(FutureTask.java:266)
	at java.util.concurrent.ScheduledThreadPoolExecutor$ScheduledFutureTask.access$201(ScheduledThreadPoolExecutor.java:180)
	at java.util.concurrent.ScheduledThreadPoolExecutor$ScheduledFutureTask.run(ScheduledThreadPoolExecutor.java:293)
	at java.util.concurrent.ThreadPoolExecutor.runWorker(ThreadPoolExecutor.java:1149)
	at java.util.concurrent.ThreadPoolExecutor$Worker.run(ThreadPoolExecutor.java:624)
	at java.lang.Thread.run(Thread.java:748)
2019-09-11 20:02:52,686 [java.util.concurrent.ThreadPoolExecutor$Worker@64f81f1[State = -1, empty queue]] WARN  server.GrpcLogAppender (GrpcLogAppender.java:timeoutAppendRequest(200)) - 9bb405f0-f563-4579-83ea-0bbe163a9fbc@group-CB0F6128481C->e0c56373-add1-4904-83f3-08b0a755b8ed-GrpcLogAppender: appendEntries Timeout, request=9bb405f0-f563-4579-83ea-0bbe163a9fbc->e0c56373-add1-4904-83f3-08b0a755b8ed#105-t1, previous=(t:1, i:13), leaderCommit=10, initializing? false, entries: <empty>
2019-09-11 20:02:54,108 [grpc-default-executor-1] INFO  impl.RaftServerProxy (RaftServerProxy.java:remove(95)) - 8bc19c34-ed99-4952-a694-bf62b7894053: remove group-815FDE6FCAD8:null
2019-09-11 20:02:54,112 [RatisPipelineUtilsThread] WARN  pipeline.RatisPipelineUtils (RatisPipelineUtils.java:destroyPipeline(66)) - Pipeline destroy failed for pipeline=PipelineID=14a294df-f6cd-45c4-a05c-815fde6fcad8 dn=8bc19c34-ed99-4952-a694-bf62b7894053{ip: 192.168.36.83, host: pr-hdds-2096-jg2tg-1247294052, networkLocation: /default-rack, certSerialId: null}
2019-09-11 20:02:54,115 [grpc-default-executor-1] INFO  impl.RaftServerProxy (RaftServerProxy.java:remove(95)) - f44a2839-6f6e-45eb-9e76-f53daf5fe8b6: remove group-815FDE6FCAD8:null
2019-09-11 20:02:54,117 [RatisPipelineUtilsThread] WARN  pipeline.RatisPipelineUtils (RatisPipelineUtils.java:destroyPipeline(66)) - Pipeline destroy failed for pipeline=PipelineID=14a294df-f6cd-45c4-a05c-815fde6fcad8 dn=f44a2839-6f6e-45eb-9e76-f53daf5fe8b6{ip: 192.168.36.83, host: pr-hdds-2096-jg2tg-1247294052, networkLocation: /default-rack, certSerialId: null}
2019-09-11 20:02:54,120 [grpc-default-executor-1] INFO  impl.RaftServerProxy (RaftServerProxy.java:remove(95)) - 24ad807e-6d45-451f-a21b-d43dbe93db59: remove group-815FDE6FCAD8:null
2019-09-11 20:02:54,123 [RatisPipelineUtilsThread] WARN  pipeline.RatisPipelineUtils (RatisPipelineUtils.java:destroyPipeline(66)) - Pipeline destroy failed for pipeline=PipelineID=14a294df-f6cd-45c4-a05c-815fde6fcad8 dn=24ad807e-6d45-451f-a21b-d43dbe93db59{ip: 192.168.36.83, host: pr-hdds-2096-jg2tg-1247294052, networkLocation: /default-rack, certSerialId: null}
2019-09-11 20:02:54,123 [RatisPipelineUtilsThread] ERROR pipeline.SCMPipelineManager (Scheduler.java:lambda$schedule$1(70)) - Destroy pipeline failed for pipeline:Pipeline[ Id: 14a294df-f6cd-45c4-a05c-815fde6fcad8, Nodes: 8bc19c34-ed99-4952-a694-bf62b7894053{ip: 192.168.36.83, host: pr-hdds-2096-jg2tg-1247294052, networkLocation: /default-rack, certSerialId: null}f44a2839-6f6e-45eb-9e76-f53daf5fe8b6{ip: 192.168.36.83, host: pr-hdds-2096-jg2tg-1247294052, networkLocation: /default-rack, certSerialId: null}24ad807e-6d45-451f-a21b-d43dbe93db59{ip: 192.168.36.83, host: pr-hdds-2096-jg2tg-1247294052, networkLocation: /default-rack, certSerialId: null}, Type:RATIS, Factor:THREE, State:CLOSED]
org.apache.hadoop.hdds.scm.pipeline.PipelineNotFoundException: PipelineID=14a294df-f6cd-45c4-a05c-815fde6fcad8 not found
	at org.apache.hadoop.hdds.scm.pipeline.PipelineStateMap.getPipeline(PipelineStateMap.java:132)
	at org.apache.hadoop.hdds.scm.pipeline.PipelineStateMap.removePipeline(PipelineStateMap.java:322)
	at org.apache.hadoop.hdds.scm.pipeline.PipelineStateManager.removePipeline(PipelineStateManager.java:107)
	at org.apache.hadoop.hdds.scm.pipeline.SCMPipelineManager.removePipeline(SCMPipelineManager.java:423)
	at org.apache.hadoop.hdds.scm.pipeline.SCMPipelineManager.destroyPipeline(SCMPipelineManager.java:409)
	at org.apache.hadoop.hdds.scm.pipeline.SCMPipelineManager.lambda$finalizeAndDestroyPipeline$0(SCMPipelineManager.java:318)
	at org.apache.hadoop.utils.Scheduler.lambda$schedule$1(Scheduler.java:68)
	at java.util.concurrent.Executors$RunnableAdapter.call(Executors.java:511)
	at java.util.concurrent.FutureTask.run(FutureTask.java:266)
	at java.util.concurrent.ScheduledThreadPoolExecutor$ScheduledFutureTask.access$201(ScheduledThreadPoolExecutor.java:180)
	at java.util.concurrent.ScheduledThreadPoolExecutor$ScheduledFutureTask.run(ScheduledThreadPoolExecutor.java:293)
	at java.util.concurrent.ThreadPoolExecutor.runWorker(ThreadPoolExecutor.java:1149)
	at java.util.concurrent.ThreadPoolExecutor$Worker.run(ThreadPoolExecutor.java:624)
	at java.lang.Thread.run(Thread.java:748)
2019-09-11 20:02:55,073 [grpc-default-executor-1] INFO  client.GrpcClientProtocolClient (GrpcClientProtocolClient.java:onNext(264)) - client-9954D3AE5C83->e0c56373-add1-4904-83f3-08b0a755b8ed: receive RaftClientReply:client-9954D3AE5C83->e0c56373-add1-4904-83f3-08b0a755b8ed@group-CB0F6128481C, cid=32, FAILED org.apache.ratis.protocol.NotLeaderException: Server e0c56373-add1-4904-83f3-08b0a755b8ed@group-CB0F6128481C is not the leader 9bb405f0-f563-4579-83ea-0bbe163a9fbc:192.168.36.83:46254, logIndex=0, commits[e0c56373-add1-4904-83f3-08b0a755b8ed:c10, 802f7a56-3ac2-455e-92a2-71244eb20cf7:c10, 9bb405f0-f563-4579-83ea-0bbe163a9fbc:c10]
2019-09-11 20:02:55,186 [java.util.concurrent.ThreadPoolExecutor$Worker@64f81f1[State = -1, empty queue]] WARN  server.GrpcLogAppender (GrpcLogAppender.java:timeoutAppendRequest(200)) - 9bb405f0-f563-4579-83ea-0bbe163a9fbc@group-CB0F6128481C->e0c56373-add1-4904-83f3-08b0a755b8ed-GrpcLogAppender: appendEntries Timeout, request=9bb405f0-f563-4579-83ea-0bbe163a9fbc->e0c56373-add1-4904-83f3-08b0a755b8ed#106-t1, previous=(t:1, i:13), leaderCommit=10, initializing? false, entries: <empty>
2019-09-11 20:02:57,108 [grpc-default-executor-0] INFO  impl.RaftServerProxy (RaftServerProxy.java:remove(95)) - 8bc19c34-ed99-4952-a694-bf62b7894053: remove group-815FDE6FCAD8:null
2019-09-11 20:02:57,116 [RatisPipelineUtilsThread] WARN  pipeline.RatisPipelineUtils (RatisPipelineUtils.java:destroyPipeline(66)) - Pipeline destroy failed for pipeline=PipelineID=14a294df-f6cd-45c4-a05c-815fde6fcad8 dn=8bc19c34-ed99-4952-a694-bf62b7894053{ip: 192.168.36.83, host: pr-hdds-2096-jg2tg-1247294052, networkLocation: /default-rack, certSerialId: null}
2019-09-11 20:02:57,119 [grpc-default-executor-0] INFO  impl.RaftServerProxy (RaftServerProxy.java:remove(95)) - f44a2839-6f6e-45eb-9e76-f53daf5fe8b6: remove group-815FDE6FCAD8:null
2019-09-11 20:02:57,128 [RatisPipelineUtilsThread] WARN  pipeline.RatisPipelineUtils (RatisPipelineUtils.java:destroyPipeline(66)) - Pipeline destroy failed for pipeline=PipelineID=14a294df-f6cd-45c4-a05c-815fde6fcad8 dn=f44a2839-6f6e-45eb-9e76-f53daf5fe8b6{ip: 192.168.36.83, host: pr-hdds-2096-jg2tg-1247294052, networkLocation: /default-rack, certSerialId: null}
2019-09-11 20:02:57,130 [grpc-default-executor-0] INFO  impl.RaftServerProxy (RaftServerProxy.java:remove(95)) - 24ad807e-6d45-451f-a21b-d43dbe93db59: remove group-815FDE6FCAD8:null
2019-09-11 20:02:57,133 [RatisPipelineUtilsThread] WARN  pipeline.RatisPipelineUtils (RatisPipelineUtils.java:destroyPipeline(66)) - Pipeline destroy failed for pipeline=PipelineID=14a294df-f6cd-45c4-a05c-815fde6fcad8 dn=24ad807e-6d45-451f-a21b-d43dbe93db59{ip: 192.168.36.83, host: pr-hdds-2096-jg2tg-1247294052, networkLocation: /default-rack, certSerialId: null}
2019-09-11 20:02:57,133 [RatisPipelineUtilsThread] ERROR pipeline.SCMPipelineManager (Scheduler.java:lambda$schedule$1(70)) - Destroy pipeline failed for pipeline:Pipeline[ Id: 14a294df-f6cd-45c4-a05c-815fde6fcad8, Nodes: 8bc19c34-ed99-4952-a694-bf62b7894053{ip: 192.168.36.83, host: pr-hdds-2096-jg2tg-1247294052, networkLocation: /default-rack, certSerialId: null}f44a2839-6f6e-45eb-9e76-f53daf5fe8b6{ip: 192.168.36.83, host: pr-hdds-2096-jg2tg-1247294052, networkLocation: /default-rack, certSerialId: null}24ad807e-6d45-451f-a21b-d43dbe93db59{ip: 192.168.36.83, host: pr-hdds-2096-jg2tg-1247294052, networkLocation: /default-rack, certSerialId: null}, Type:RATIS, Factor:THREE, State:CLOSED]
org.apache.hadoop.hdds.scm.pipeline.PipelineNotFoundException: PipelineID=14a294df-f6cd-45c4-a05c-815fde6fcad8 not found
	at org.apache.hadoop.hdds.scm.pipeline.PipelineStateMap.getPipeline(PipelineStateMap.java:132)
	at org.apache.hadoop.hdds.scm.pipeline.PipelineStateMap.removePipeline(PipelineStateMap.java:322)
	at org.apache.hadoop.hdds.scm.pipeline.PipelineStateManager.removePipeline(PipelineStateManager.java:107)
	at org.apache.hadoop.hdds.scm.pipeline.SCMPipelineManager.removePipeline(SCMPipelineManager.java:423)
	at org.apache.hadoop.hdds.scm.pipeline.SCMPipelineManager.destroyPipeline(SCMPipelineManager.java:409)
	at org.apache.hadoop.hdds.scm.pipeline.SCMPipelineManager.lambda$finalizeAndDestroyPipeline$0(SCMPipelineManager.java:318)
	at org.apache.hadoop.utils.Scheduler.lambda$schedule$1(Scheduler.java:68)
	at java.util.concurrent.Executors$RunnableAdapter.call(Executors.java:511)
	at java.util.concurrent.FutureTask.run(FutureTask.java:266)
	at java.util.concurrent.ScheduledThreadPoolExecutor$ScheduledFutureTask.access$201(ScheduledThreadPoolExecutor.java:180)
	at java.util.concurrent.ScheduledThreadPoolExecutor$ScheduledFutureTask.run(ScheduledThreadPoolExecutor.java:293)
	at java.util.concurrent.ThreadPoolExecutor.runWorker(ThreadPoolExecutor.java:1149)
	at java.util.concurrent.ThreadPoolExecutor$Worker.run(ThreadPoolExecutor.java:624)
	at java.lang.Thread.run(Thread.java:748)
2019-09-11 20:02:57,687 [java.util.concurrent.ThreadPoolExecutor$Worker@64f81f1[State = -1, empty queue]] WARN  server.GrpcLogAppender (GrpcLogAppender.java:timeoutAppendRequest(200)) - 9bb405f0-f563-4579-83ea-0bbe163a9fbc@group-CB0F6128481C->e0c56373-add1-4904-83f3-08b0a755b8ed-GrpcLogAppender: appendEntries Timeout, request=9bb405f0-f563-4579-83ea-0bbe163a9fbc->e0c56373-add1-4904-83f3-08b0a755b8ed#107-t1, previous=(t:1, i:13), leaderCommit=10, initializing? false, entries: <empty>
2019-09-11 20:02:59,111 [grpc-default-executor-1] INFO  impl.RaftServerProxy (RaftServerProxy.java:remove(95)) - 8bc19c34-ed99-4952-a694-bf62b7894053: remove group-815FDE6FCAD8:null
2019-09-11 20:02:59,114 [RatisPipelineUtilsThread] WARN  pipeline.RatisPipelineUtils (RatisPipelineUtils.java:destroyPipeline(66)) - Pipeline destroy failed for pipeline=PipelineID=14a294df-f6cd-45c4-a05c-815fde6fcad8 dn=8bc19c34-ed99-4952-a694-bf62b7894053{ip: 192.168.36.83, host: pr-hdds-2096-jg2tg-1247294052, networkLocation: /default-rack, certSerialId: null}
2019-09-11 20:02:59,117 [grpc-default-executor-1] INFO  impl.RaftServerProxy (RaftServerProxy.java:remove(95)) - f44a2839-6f6e-45eb-9e76-f53daf5fe8b6: remove group-815FDE6FCAD8:null
2019-09-11 20:02:59,119 [RatisPipelineUtilsThread] WARN  pipeline.RatisPipelineUtils (RatisPipelineUtils.java:destroyPipeline(66)) - Pipeline destroy failed for pipeline=PipelineID=14a294df-f6cd-45c4-a05c-815fde6fcad8 dn=f44a2839-6f6e-45eb-9e76-f53daf5fe8b6{ip: 192.168.36.83, host: pr-hdds-2096-jg2tg-1247294052, networkLocation: /default-rack, certSerialId: null}
2019-09-11 20:02:59,122 [grpc-default-executor-1] INFO  impl.RaftServerProxy (RaftServerProxy.java:remove(95)) - 24ad807e-6d45-451f-a21b-d43dbe93db59: remove group-815FDE6FCAD8:null
2019-09-11 20:02:59,124 [RatisPipelineUtilsThread] WARN  pipeline.RatisPipelineUtils (RatisPipelineUtils.java:destroyPipeline(66)) - Pipeline destroy failed for pipeline=PipelineID=14a294df-f6cd-45c4-a05c-815fde6fcad8 dn=24ad807e-6d45-451f-a21b-d43dbe93db59{ip: 192.168.36.83, host: pr-hdds-2096-jg2tg-1247294052, networkLocation: /default-rack, certSerialId: null}
2019-09-11 20:02:59,124 [RatisPipelineUtilsThread] ERROR pipeline.SCMPipelineManager (Scheduler.java:lambda$schedule$1(70)) - Destroy pipeline failed for pipeline:Pipeline[ Id: 14a294df-f6cd-45c4-a05c-815fde6fcad8, Nodes: 8bc19c34-ed99-4952-a694-bf62b7894053{ip: 192.168.36.83, host: pr-hdds-2096-jg2tg-1247294052, networkLocation: /default-rack, certSerialId: null}f44a2839-6f6e-45eb-9e76-f53daf5fe8b6{ip: 192.168.36.83, host: pr-hdds-2096-jg2tg-1247294052, networkLocation: /default-rack, certSerialId: null}24ad807e-6d45-451f-a21b-d43dbe93db59{ip: 192.168.36.83, host: pr-hdds-2096-jg2tg-1247294052, networkLocation: /default-rack, certSerialId: null}, Type:RATIS, Factor:THREE, State:CLOSED]
org.apache.hadoop.hdds.scm.pipeline.PipelineNotFoundException: PipelineID=14a294df-f6cd-45c4-a05c-815fde6fcad8 not found
	at org.apache.hadoop.hdds.scm.pipeline.PipelineStateMap.getPipeline(PipelineStateMap.java:132)
	at org.apache.hadoop.hdds.scm.pipeline.PipelineStateMap.removePipeline(PipelineStateMap.java:322)
	at org.apache.hadoop.hdds.scm.pipeline.PipelineStateManager.removePipeline(PipelineStateManager.java:107)
	at org.apache.hadoop.hdds.scm.pipeline.SCMPipelineManager.removePipeline(SCMPipelineManager.java:423)
	at org.apache.hadoop.hdds.scm.pipeline.SCMPipelineManager.destroyPipeline(SCMPipelineManager.java:409)
	at org.apache.hadoop.hdds.scm.pipeline.SCMPipelineManager.lambda$finalizeAndDestroyPipeline$0(SCMPipelineManager.java:318)
	at org.apache.hadoop.utils.Scheduler.lambda$schedule$1(Scheduler.java:68)
	at java.util.concurrent.Executors$RunnableAdapter.call(Executors.java:511)
	at java.util.concurrent.FutureTask.run(FutureTask.java:266)
	at java.util.concurrent.ScheduledThreadPoolExecutor$ScheduledFutureTask.access$201(ScheduledThreadPoolExecutor.java:180)
	at java.util.concurrent.ScheduledThreadPoolExecutor$ScheduledFutureTask.run(ScheduledThreadPoolExecutor.java:293)
	at java.util.concurrent.ThreadPoolExecutor.runWorker(ThreadPoolExecutor.java:1149)
	at java.util.concurrent.ThreadPoolExecutor$Worker.run(ThreadPoolExecutor.java:624)
	at java.lang.Thread.run(Thread.java:748)
2019-09-11 20:02:59,680 [9bb405f0-f563-4579-83ea-0bbe163a9fbc@group-CB0F6128481C-SegmentedRaftLogWorker] WARN  segmented.SegmentedRaftLogWorker (SegmentedRaftLogWorker.java:getFromFuture(90)) - Timeout 4/~
org.apache.ratis.protocol.TimeoutIOException: Timeout 10s: WriteLog:11: (t:1, i:11), STATEMACHINELOGENTRY, client-9954D3AE5C83, cid=32-writeStateMachineData
	at org.apache.ratis.util.IOUtils.getFromFuture(IOUtils.java:87)
	at org.apache.ratis.server.raftlog.segmented.SegmentedRaftLogWorker$StateMachineDataPolicy.getFromFuture(SegmentedRaftLogWorker.java:87)
	at org.apache.ratis.server.raftlog.segmented.SegmentedRaftLogWorker$WriteLog.execute(SegmentedRaftLogWorker.java:477)
	at org.apache.ratis.server.raftlog.segmented.SegmentedRaftLogWorker.run(SegmentedRaftLogWorker.java:289)
	at java.lang.Thread.run(Thread.java:748)
Caused by: java.util.concurrent.TimeoutException
	at java.util.concurrent.CompletableFuture.timedGet(CompletableFuture.java:1771)
	at java.util.concurrent.CompletableFuture.get(CompletableFuture.java:1915)
	at org.apache.ratis.util.IOUtils.getFromFuture(IOUtils.java:79)
	... 4 more
2019-09-11 20:02:59,681 [e0c56373-add1-4904-83f3-08b0a755b8ed@group-CB0F6128481C-SegmentedRaftLogWorker] WARN  segmented.SegmentedRaftLogWorker (SegmentedRaftLogWorker.java:getFromFuture(90)) - Timeout 4/~
org.apache.ratis.protocol.TimeoutIOException: Timeout 10s: WriteLog:11: (t:1, i:11), STATEMACHINELOGENTRY, client-9954D3AE5C83, cid=32-writeStateMachineData
	at org.apache.ratis.util.IOUtils.getFromFuture(IOUtils.java:87)
	at org.apache.ratis.server.raftlog.segmented.SegmentedRaftLogWorker$StateMachineDataPolicy.getFromFuture(SegmentedRaftLogWorker.java:87)
	at org.apache.ratis.server.raftlog.segmented.SegmentedRaftLogWorker$WriteLog.execute(SegmentedRaftLogWorker.java:477)
	at org.apache.ratis.server.raftlog.segmented.SegmentedRaftLogWorker.run(SegmentedRaftLogWorker.java:289)
	at java.lang.Thread.run(Thread.java:748)
Caused by: java.util.concurrent.TimeoutException
	at java.util.concurrent.CompletableFuture.timedGet(CompletableFuture.java:1771)
	at java.util.concurrent.CompletableFuture.get(CompletableFuture.java:1915)
	at org.apache.ratis.util.IOUtils.getFromFuture(IOUtils.java:79)
	... 4 more
2019-09-11 20:03:00,119 [grpc-default-executor-1] INFO  client.GrpcClientProtocolClient (GrpcClientProtocolClient.java:onNext(264)) - client-9954D3AE5C83->802f7a56-3ac2-455e-92a2-71244eb20cf7: receive RaftClientReply:client-9954D3AE5C83->802f7a56-3ac2-455e-92a2-71244eb20cf7@group-CB0F6128481C, cid=32, FAILED org.apache.ratis.protocol.NotLeaderException: Server 802f7a56-3ac2-455e-92a2-71244eb20cf7@group-CB0F6128481C is not the leader 9bb405f0-f563-4579-83ea-0bbe163a9fbc:192.168.36.83:46254, logIndex=0, commits[802f7a56-3ac2-455e-92a2-71244eb20cf7:c10, 9bb405f0-f563-4579-83ea-0bbe163a9fbc:c10, e0c56373-add1-4904-83f3-08b0a755b8ed:c6]
2019-09-11 20:03:00,187 [java.util.concurrent.ThreadPoolExecutor$Worker@64f81f1[State = -1, empty queue]] WARN  server.GrpcLogAppender (GrpcLogAppender.java:timeoutAppendRequest(200)) - 9bb405f0-f563-4579-83ea-0bbe163a9fbc@group-CB0F6128481C->e0c56373-add1-4904-83f3-08b0a755b8ed-GrpcLogAppender: appendEntries Timeout, request=9bb405f0-f563-4579-83ea-0bbe163a9fbc->e0c56373-add1-4904-83f3-08b0a755b8ed#108-t1, previous=(t:1, i:13), leaderCommit=10, initializing? false, entries: <empty>
2019-09-11 20:03:01,121 [grpc-default-executor-0] INFO  impl.RaftServerProxy (RaftServerProxy.java:remove(95)) - 8bc19c34-ed99-4952-a694-bf62b7894053: remove group-815FDE6FCAD8:null
2019-09-11 20:03:01,124 [RatisPipelineUtilsThread] WARN  pipeline.RatisPipelineUtils (RatisPipelineUtils.java:destroyPipeline(66)) - Pipeline destroy failed for pipeline=PipelineID=14a294df-f6cd-45c4-a05c-815fde6fcad8 dn=8bc19c34-ed99-4952-a694-bf62b7894053{ip: 192.168.36.83, host: pr-hdds-2096-jg2tg-1247294052, networkLocation: /default-rack, certSerialId: null}
2019-09-11 20:03:01,127 [grpc-default-executor-0] INFO  impl.RaftServerProxy (RaftServerProxy.java:remove(95)) - f44a2839-6f6e-45eb-9e76-f53daf5fe8b6: remove group-815FDE6FCAD8:null
2019-09-11 20:03:01,129 [RatisPipelineUtilsThread] WARN  pipeline.RatisPipelineUtils (RatisPipelineUtils.java:destroyPipeline(66)) - Pipeline destroy failed for pipeline=PipelineID=14a294df-f6cd-45c4-a05c-815fde6fcad8 dn=f44a2839-6f6e-45eb-9e76-f53daf5fe8b6{ip: 192.168.36.83, host: pr-hdds-2096-jg2tg-1247294052, networkLocation: /default-rack, certSerialId: null}
2019-09-11 20:03:01,135 [grpc-default-executor-0] INFO  impl.RaftServerProxy (RaftServerProxy.java:remove(95)) - 24ad807e-6d45-451f-a21b-d43dbe93db59: remove group-815FDE6FCAD8:null
2019-09-11 20:03:01,138 [RatisPipelineUtilsThread] WARN  pipeline.RatisPipelineUtils (RatisPipelineUtils.java:destroyPipeline(66)) - Pipeline destroy failed for pipeline=PipelineID=14a294df-f6cd-45c4-a05c-815fde6fcad8 dn=24ad807e-6d45-451f-a21b-d43dbe93db59{ip: 192.168.36.83, host: pr-hdds-2096-jg2tg-1247294052, networkLocation: /default-rack, certSerialId: null}
2019-09-11 20:03:01,138 [RatisPipelineUtilsThread] ERROR pipeline.SCMPipelineManager (Scheduler.java:lambda$schedule$1(70)) - Destroy pipeline failed for pipeline:Pipeline[ Id: 14a294df-f6cd-45c4-a05c-815fde6fcad8, Nodes: 8bc19c34-ed99-4952-a694-bf62b7894053{ip: 192.168.36.83, host: pr-hdds-2096-jg2tg-1247294052, networkLocation: /default-rack, certSerialId: null}f44a2839-6f6e-45eb-9e76-f53daf5fe8b6{ip: 192.168.36.83, host: pr-hdds-2096-jg2tg-1247294052, networkLocation: /default-rack, certSerialId: null}24ad807e-6d45-451f-a21b-d43dbe93db59{ip: 192.168.36.83, host: pr-hdds-2096-jg2tg-1247294052, networkLocation: /default-rack, certSerialId: null}, Type:RATIS, Factor:THREE, State:CLOSED]
org.apache.hadoop.hdds.scm.pipeline.PipelineNotFoundException: PipelineID=14a294df-f6cd-45c4-a05c-815fde6fcad8 not found
	at org.apache.hadoop.hdds.scm.pipeline.PipelineStateMap.getPipeline(PipelineStateMap.java:132)
	at org.apache.hadoop.hdds.scm.pipeline.PipelineStateMap.removePipeline(PipelineStateMap.java:322)
	at org.apache.hadoop.hdds.scm.pipeline.PipelineStateManager.removePipeline(PipelineStateManager.java:107)
	at org.apache.hadoop.hdds.scm.pipeline.SCMPipelineManager.removePipeline(SCMPipelineManager.java:423)
	at org.apache.hadoop.hdds.scm.pipeline.SCMPipelineManager.destroyPipeline(SCMPipelineManager.java:409)
	at org.apache.hadoop.hdds.scm.pipeline.SCMPipelineManager.lambda$finalizeAndDestroyPipeline$0(SCMPipelineManager.java:318)
	at org.apache.hadoop.utils.Scheduler.lambda$schedule$1(Scheduler.java:68)
	at java.util.concurrent.Executors$RunnableAdapter.call(Executors.java:511)
	at java.util.concurrent.FutureTask.run(FutureTask.java:266)
	at java.util.concurrent.ScheduledThreadPoolExecutor$ScheduledFutureTask.access$201(ScheduledThreadPoolExecutor.java:180)
	at java.util.concurrent.ScheduledThreadPoolExecutor$ScheduledFutureTask.run(ScheduledThreadPoolExecutor.java:293)
	at java.util.concurrent.ThreadPoolExecutor.runWorker(ThreadPoolExecutor.java:1149)
	at java.util.concurrent.ThreadPoolExecutor$Worker.run(ThreadPoolExecutor.java:624)
	at java.lang.Thread.run(Thread.java:748)
2019-09-11 20:03:02,687 [java.util.concurrent.ThreadPoolExecutor$Worker@64f81f1[State = -1, empty queue]] WARN  server.GrpcLogAppender (GrpcLogAppender.java:timeoutAppendRequest(200)) - 9bb405f0-f563-4579-83ea-0bbe163a9fbc@group-CB0F6128481C->e0c56373-add1-4904-83f3-08b0a755b8ed-GrpcLogAppender: appendEntries Timeout, request=9bb405f0-f563-4579-83ea-0bbe163a9fbc->e0c56373-add1-4904-83f3-08b0a755b8ed#109-t1, previous=(t:1, i:13), leaderCommit=10, initializing? false, entries: <empty>
2019-09-11 20:03:04,125 [grpc-default-executor-1] INFO  impl.RaftServerProxy (RaftServerProxy.java:remove(95)) - 8bc19c34-ed99-4952-a694-bf62b7894053: remove group-815FDE6FCAD8:null
2019-09-11 20:03:04,130 [RatisPipelineUtilsThread] WARN  pipeline.RatisPipelineUtils (RatisPipelineUtils.java:destroyPipeline(66)) - Pipeline destroy failed for pipeline=PipelineID=14a294df-f6cd-45c4-a05c-815fde6fcad8 dn=8bc19c34-ed99-4952-a694-bf62b7894053{ip: 192.168.36.83, host: pr-hdds-2096-jg2tg-1247294052, networkLocation: /default-rack, certSerialId: null}
2019-09-11 20:03:04,137 [grpc-default-executor-0] INFO  impl.RaftServerProxy (RaftServerProxy.java:remove(95)) - f44a2839-6f6e-45eb-9e76-f53daf5fe8b6: remove group-815FDE6FCAD8:null
2019-09-11 20:03:04,149 [RatisPipelineUtilsThread] WARN  pipeline.RatisPipelineUtils (RatisPipelineUtils.java:destroyPipeline(66)) - Pipeline destroy failed for pipeline=PipelineID=14a294df-f6cd-45c4-a05c-815fde6fcad8 dn=f44a2839-6f6e-45eb-9e76-f53daf5fe8b6{ip: 192.168.36.83, host: pr-hdds-2096-jg2tg-1247294052, networkLocation: /default-rack, certSerialId: null}
2019-09-11 20:03:04,153 [grpc-default-executor-0] INFO  impl.RaftServerProxy (RaftServerProxy.java:remove(95)) - 24ad807e-6d45-451f-a21b-d43dbe93db59: remove group-815FDE6FCAD8:null
2019-09-11 20:03:04,156 [RatisPipelineUtilsThread] WARN  pipeline.RatisPipelineUtils (RatisPipelineUtils.java:destroyPipeline(66)) - Pipeline destroy failed for pipeline=PipelineID=14a294df-f6cd-45c4-a05c-815fde6fcad8 dn=24ad807e-6d45-451f-a21b-d43dbe93db59{ip: 192.168.36.83, host: pr-hdds-2096-jg2tg-1247294052, networkLocation: /default-rack, certSerialId: null}
2019-09-11 20:03:04,156 [RatisPipelineUtilsThread] ERROR pipeline.SCMPipelineManager (Scheduler.java:lambda$schedule$1(70)) - Destroy pipeline failed for pipeline:Pipeline[ Id: 14a294df-f6cd-45c4-a05c-815fde6fcad8, Nodes: 8bc19c34-ed99-4952-a694-bf62b7894053{ip: 192.168.36.83, host: pr-hdds-2096-jg2tg-1247294052, networkLocation: /default-rack, certSerialId: null}f44a2839-6f6e-45eb-9e76-f53daf5fe8b6{ip: 192.168.36.83, host: pr-hdds-2096-jg2tg-1247294052, networkLocation: /default-rack, certSerialId: null}24ad807e-6d45-451f-a21b-d43dbe93db59{ip: 192.168.36.83, host: pr-hdds-2096-jg2tg-1247294052, networkLocation: /default-rack, certSerialId: null}, Type:RATIS, Factor:THREE, State:CLOSED]
org.apache.hadoop.hdds.scm.pipeline.PipelineNotFoundException: PipelineID=14a294df-f6cd-45c4-a05c-815fde6fcad8 not found
	at org.apache.hadoop.hdds.scm.pipeline.PipelineStateMap.getPipeline(PipelineStateMap.java:132)
	at org.apache.hadoop.hdds.scm.pipeline.PipelineStateMap.removePipeline(PipelineStateMap.java:322)
	at org.apache.hadoop.hdds.scm.pipeline.PipelineStateManager.removePipeline(PipelineStateManager.java:107)
	at org.apache.hadoop.hdds.scm.pipeline.SCMPipelineManager.removePipeline(SCMPipelineManager.java:423)
	at org.apache.hadoop.hdds.scm.pipeline.SCMPipelineManager.destroyPipeline(SCMPipelineManager.java:409)
	at org.apache.hadoop.hdds.scm.pipeline.SCMPipelineManager.lambda$finalizeAndDestroyPipeline$0(SCMPipelineManager.java:318)
	at org.apache.hadoop.utils.Scheduler.lambda$schedule$1(Scheduler.java:68)
	at java.util.concurrent.Executors$RunnableAdapter.call(Executors.java:511)
	at java.util.concurrent.FutureTask.run(FutureTask.java:266)
	at java.util.concurrent.ScheduledThreadPoolExecutor$ScheduledFutureTask.access$201(ScheduledThreadPoolExecutor.java:180)
	at java.util.concurrent.ScheduledThreadPoolExecutor$ScheduledFutureTask.run(ScheduledThreadPoolExecutor.java:293)
	at java.util.concurrent.ThreadPoolExecutor.runWorker(ThreadPoolExecutor.java:1149)
	at java.util.concurrent.ThreadPoolExecutor$Worker.run(ThreadPoolExecutor.java:624)
	at java.lang.Thread.run(Thread.java:748)
2019-09-11 20:03:05,158 [grpc-default-executor-0] INFO  client.GrpcClientProtocolClient (GrpcClientProtocolClient.java:onNext(264)) - client-9954D3AE5C83->e0c56373-add1-4904-83f3-08b0a755b8ed: receive RaftClientReply:client-9954D3AE5C83->e0c56373-add1-4904-83f3-08b0a755b8ed@group-CB0F6128481C, cid=32, FAILED org.apache.ratis.protocol.NotLeaderException: Server e0c56373-add1-4904-83f3-08b0a755b8ed@group-CB0F6128481C is not the leader 9bb405f0-f563-4579-83ea-0bbe163a9fbc:192.168.36.83:46254, logIndex=0, commits[e0c56373-add1-4904-83f3-08b0a755b8ed:c10, 802f7a56-3ac2-455e-92a2-71244eb20cf7:c10, 9bb405f0-f563-4579-83ea-0bbe163a9fbc:c10]
2019-09-11 20:03:05,187 [java.util.concurrent.ThreadPoolExecutor$Worker@64f81f1[State = -1, empty queue]] WARN  server.GrpcLogAppender (GrpcLogAppender.java:timeoutAppendRequest(200)) - 9bb405f0-f563-4579-83ea-0bbe163a9fbc@group-CB0F6128481C->e0c56373-add1-4904-83f3-08b0a755b8ed-GrpcLogAppender: appendEntries Timeout, request=9bb405f0-f563-4579-83ea-0bbe163a9fbc->e0c56373-add1-4904-83f3-08b0a755b8ed#110-t1, previous=(t:1, i:13), leaderCommit=10, initializing? false, entries: <empty>
2019-09-11 20:03:06,120 [grpc-default-executor-0] INFO  impl.RaftServerProxy (RaftServerProxy.java:remove(95)) - 8bc19c34-ed99-4952-a694-bf62b7894053: remove group-815FDE6FCAD8:null
2019-09-11 20:03:06,124 [RatisPipelineUtilsThread] WARN  pipeline.RatisPipelineUtils (RatisPipelineUtils.java:destroyPipeline(66)) - Pipeline destroy failed for pipeline=PipelineID=14a294df-f6cd-45c4-a05c-815fde6fcad8 dn=8bc19c34-ed99-4952-a694-bf62b7894053{ip: 192.168.36.83, host: pr-hdds-2096-jg2tg-1247294052, networkLocation: /default-rack, certSerialId: null}
2019-09-11 20:03:06,128 [grpc-default-executor-0] INFO  impl.RaftServerProxy (RaftServerProxy.java:remove(95)) - f44a2839-6f6e-45eb-9e76-f53daf5fe8b6: remove group-815FDE6FCAD8:null
2019-09-11 20:03:06,131 [RatisPipelineUtilsThread] WARN  pipeline.RatisPipelineUtils (RatisPipelineUtils.java:destroyPipeline(66)) - Pipeline destroy failed for pipeline=PipelineID=14a294df-f6cd-45c4-a05c-815fde6fcad8 dn=f44a2839-6f6e-45eb-9e76-f53daf5fe8b6{ip: 192.168.36.83, host: pr-hdds-2096-jg2tg-1247294052, networkLocation: /default-rack, certSerialId: null}
2019-09-11 20:03:06,134 [grpc-default-executor-0] INFO  impl.RaftServerProxy (RaftServerProxy.java:remove(95)) - 24ad807e-6d45-451f-a21b-d43dbe93db59: remove group-815FDE6FCAD8:null
2019-09-11 20:03:06,137 [RatisPipelineUtilsThread] WARN  pipeline.RatisPipelineUtils (RatisPipelineUtils.java:destroyPipeline(66)) - Pipeline destroy failed for pipeline=PipelineID=14a294df-f6cd-45c4-a05c-815fde6fcad8 dn=24ad807e-6d45-451f-a21b-d43dbe93db59{ip: 192.168.36.83, host: pr-hdds-2096-jg2tg-1247294052, networkLocation: /default-rack, certSerialId: null}
2019-09-11 20:03:06,138 [RatisPipelineUtilsThread] ERROR pipeline.SCMPipelineManager (Scheduler.java:lambda$schedule$1(70)) - Destroy pipeline failed for pipeline:Pipeline[ Id: 14a294df-f6cd-45c4-a05c-815fde6fcad8, Nodes: 8bc19c34-ed99-4952-a694-bf62b7894053{ip: 192.168.36.83, host: pr-hdds-2096-jg2tg-1247294052, networkLocation: /default-rack, certSerialId: null}f44a2839-6f6e-45eb-9e76-f53daf5fe8b6{ip: 192.168.36.83, host: pr-hdds-2096-jg2tg-1247294052, networkLocation: /default-rack, certSerialId: null}24ad807e-6d45-451f-a21b-d43dbe93db59{ip: 192.168.36.83, host: pr-hdds-2096-jg2tg-1247294052, networkLocation: /default-rack, certSerialId: null}, Type:RATIS, Factor:THREE, State:CLOSED]
org.apache.hadoop.hdds.scm.pipeline.PipelineNotFoundException: PipelineID=14a294df-f6cd-45c4-a05c-815fde6fcad8 not found
	at org.apache.hadoop.hdds.scm.pipeline.PipelineStateMap.getPipeline(PipelineStateMap.java:132)
	at org.apache.hadoop.hdds.scm.pipeline.PipelineStateMap.removePipeline(PipelineStateMap.java:322)
	at org.apache.hadoop.hdds.scm.pipeline.PipelineStateManager.removePipeline(PipelineStateManager.java:107)
	at org.apache.hadoop.hdds.scm.pipeline.SCMPipelineManager.removePipeline(SCMPipelineManager.java:423)
	at org.apache.hadoop.hdds.scm.pipeline.SCMPipelineManager.destroyPipeline(SCMPipelineManager.java:409)
	at org.apache.hadoop.hdds.scm.pipeline.SCMPipelineManager.lambda$finalizeAndDestroyPipeline$0(SCMPipelineManager.java:318)
	at org.apache.hadoop.utils.Scheduler.lambda$schedule$1(Scheduler.java:68)
	at java.util.concurrent.Executors$RunnableAdapter.call(Executors.java:511)
	at java.util.concurrent.FutureTask.run(FutureTask.java:266)
	at java.util.concurrent.ScheduledThreadPoolExecutor$ScheduledFutureTask.access$201(ScheduledThreadPoolExecutor.java:180)
	at java.util.concurrent.ScheduledThreadPoolExecutor$ScheduledFutureTask.run(ScheduledThreadPoolExecutor.java:293)
	at java.util.concurrent.ThreadPoolExecutor.runWorker(ThreadPoolExecutor.java:1149)
	at java.util.concurrent.ThreadPoolExecutor$Worker.run(ThreadPoolExecutor.java:624)
	at java.lang.Thread.run(Thread.java:748)
2019-09-11 20:03:07,688 [java.util.concurrent.ThreadPoolExecutor$Worker@64f81f1[State = -1, empty queue]] WARN  server.GrpcLogAppender (GrpcLogAppender.java:timeoutAppendRequest(200)) - 9bb405f0-f563-4579-83ea-0bbe163a9fbc@group-CB0F6128481C->e0c56373-add1-4904-83f3-08b0a755b8ed-GrpcLogAppender: appendEntries Timeout, request=9bb405f0-f563-4579-83ea-0bbe163a9fbc->e0c56373-add1-4904-83f3-08b0a755b8ed#111-t1, previous=(t:1, i:13), leaderCommit=10, initializing? false, entries: <empty>
2019-09-11 20:03:09,121 [grpc-default-executor-0] INFO  impl.RaftServerProxy (RaftServerProxy.java:remove(95)) - 8bc19c34-ed99-4952-a694-bf62b7894053: remove group-815FDE6FCAD8:null
2019-09-11 20:03:09,124 [RatisPipelineUtilsThread] WARN  pipeline.RatisPipelineUtils (RatisPipelineUtils.java:destroyPipeline(66)) - Pipeline destroy failed for pipeline=PipelineID=14a294df-f6cd-45c4-a05c-815fde6fcad8 dn=8bc19c34-ed99-4952-a694-bf62b7894053{ip: 192.168.36.83, host: pr-hdds-2096-jg2tg-1247294052, networkLocation: /default-rack, certSerialId: null}
2019-09-11 20:03:09,127 [grpc-default-executor-0] INFO  impl.RaftServerProxy (RaftServerProxy.java:remove(95)) - f44a2839-6f6e-45eb-9e76-f53daf5fe8b6: remove group-815FDE6FCAD8:null
2019-09-11 20:03:09,129 [RatisPipelineUtilsThread] WARN  pipeline.RatisPipelineUtils (RatisPipelineUtils.java:destroyPipeline(66)) - Pipeline destroy failed for pipeline=PipelineID=14a294df-f6cd-45c4-a05c-815fde6fcad8 dn=f44a2839-6f6e-45eb-9e76-f53daf5fe8b6{ip: 192.168.36.83, host: pr-hdds-2096-jg2tg-1247294052, networkLocation: /default-rack, certSerialId: null}
2019-09-11 20:03:09,131 [grpc-default-executor-0] INFO  impl.RaftServerProxy (RaftServerProxy.java:remove(95)) - 24ad807e-6d45-451f-a21b-d43dbe93db59: remove group-815FDE6FCAD8:null
2019-09-11 20:03:09,133 [RatisPipelineUtilsThread] WARN  pipeline.RatisPipelineUtils (RatisPipelineUtils.java:destroyPipeline(66)) - Pipeline destroy failed for pipeline=PipelineID=14a294df-f6cd-45c4-a05c-815fde6fcad8 dn=24ad807e-6d45-451f-a21b-d43dbe93db59{ip: 192.168.36.83, host: pr-hdds-2096-jg2tg-1247294052, networkLocation: /default-rack, certSerialId: null}
2019-09-11 20:03:09,134 [RatisPipelineUtilsThread] ERROR pipeline.SCMPipelineManager (Scheduler.java:lambda$schedule$1(70)) - Destroy pipeline failed for pipeline:Pipeline[ Id: 14a294df-f6cd-45c4-a05c-815fde6fcad8, Nodes: 8bc19c34-ed99-4952-a694-bf62b7894053{ip: 192.168.36.83, host: pr-hdds-2096-jg2tg-1247294052, networkLocation: /default-rack, certSerialId: null}f44a2839-6f6e-45eb-9e76-f53daf5fe8b6{ip: 192.168.36.83, host: pr-hdds-2096-jg2tg-1247294052, networkLocation: /default-rack, certSerialId: null}24ad807e-6d45-451f-a21b-d43dbe93db59{ip: 192.168.36.83, host: pr-hdds-2096-jg2tg-1247294052, networkLocation: /default-rack, certSerialId: null}, Type:RATIS, Factor:THREE, State:CLOSED]
org.apache.hadoop.hdds.scm.pipeline.PipelineNotFoundException: PipelineID=14a294df-f6cd-45c4-a05c-815fde6fcad8 not found
	at org.apache.hadoop.hdds.scm.pipeline.PipelineStateMap.getPipeline(PipelineStateMap.java:132)
	at org.apache.hadoop.hdds.scm.pipeline.PipelineStateMap.removePipeline(PipelineStateMap.java:322)
	at org.apache.hadoop.hdds.scm.pipeline.PipelineStateManager.removePipeline(PipelineStateManager.java:107)
	at org.apache.hadoop.hdds.scm.pipeline.SCMPipelineManager.removePipeline(SCMPipelineManager.java:423)
	at org.apache.hadoop.hdds.scm.pipeline.SCMPipelineManager.destroyPipeline(SCMPipelineManager.java:409)
	at org.apache.hadoop.hdds.scm.pipeline.SCMPipelineManager.lambda$finalizeAndDestroyPipeline$0(SCMPipelineManager.java:318)
	at org.apache.hadoop.utils.Scheduler.lambda$schedule$1(Scheduler.java:68)
	at java.util.concurrent.Executors$RunnableAdapter.call(Executors.java:511)
	at java.util.concurrent.FutureTask.run(FutureTask.java:266)
	at java.util.concurrent.ScheduledThreadPoolExecutor$ScheduledFutureTask.access$201(ScheduledThreadPoolExecutor.java:180)
	at java.util.concurrent.ScheduledThreadPoolExecutor$ScheduledFutureTask.run(ScheduledThreadPoolExecutor.java:293)
	at java.util.concurrent.ThreadPoolExecutor.runWorker(ThreadPoolExecutor.java:1149)
	at java.util.concurrent.ThreadPoolExecutor$Worker.run(ThreadPoolExecutor.java:624)
	at java.lang.Thread.run(Thread.java:748)
2019-09-11 20:03:09,681 [9bb405f0-f563-4579-83ea-0bbe163a9fbc@group-CB0F6128481C-SegmentedRaftLogWorker] WARN  segmented.SegmentedRaftLogWorker (SegmentedRaftLogWorker.java:getFromFuture(90)) - Timeout 5/~
org.apache.ratis.protocol.TimeoutIOException: Timeout 10s: WriteLog:11: (t:1, i:11), STATEMACHINELOGENTRY, client-9954D3AE5C83, cid=32-writeStateMachineData
	at org.apache.ratis.util.IOUtils.getFromFuture(IOUtils.java:87)
	at org.apache.ratis.server.raftlog.segmented.SegmentedRaftLogWorker$StateMachineDataPolicy.getFromFuture(SegmentedRaftLogWorker.java:87)
	at org.apache.ratis.server.raftlog.segmented.SegmentedRaftLogWorker$WriteLog.execute(SegmentedRaftLogWorker.java:477)
	at org.apache.ratis.server.raftlog.segmented.SegmentedRaftLogWorker.run(SegmentedRaftLogWorker.java:289)
	at java.lang.Thread.run(Thread.java:748)
Caused by: java.util.concurrent.TimeoutException
	at java.util.concurrent.CompletableFuture.timedGet(CompletableFuture.java:1771)
	at java.util.concurrent.CompletableFuture.get(CompletableFuture.java:1915)
	at org.apache.ratis.util.IOUtils.getFromFuture(IOUtils.java:79)
	... 4 more
2019-09-11 20:03:09,682 [e0c56373-add1-4904-83f3-08b0a755b8ed@group-CB0F6128481C-SegmentedRaftLogWorker] WARN  segmented.SegmentedRaftLogWorker (SegmentedRaftLogWorker.java:getFromFuture(90)) - Timeout 5/~
org.apache.ratis.protocol.TimeoutIOException: Timeout 10s: WriteLog:11: (t:1, i:11), STATEMACHINELOGENTRY, client-9954D3AE5C83, cid=32-writeStateMachineData
	at org.apache.ratis.util.IOUtils.getFromFuture(IOUtils.java:87)
	at org.apache.ratis.server.raftlog.segmented.SegmentedRaftLogWorker$StateMachineDataPolicy.getFromFuture(SegmentedRaftLogWorker.java:87)
	at org.apache.ratis.server.raftlog.segmented.SegmentedRaftLogWorker$WriteLog.execute(SegmentedRaftLogWorker.java:477)
	at org.apache.ratis.server.raftlog.segmented.SegmentedRaftLogWorker.run(SegmentedRaftLogWorker.java:289)
	at java.lang.Thread.run(Thread.java:748)
Caused by: java.util.concurrent.TimeoutException
	at java.util.concurrent.CompletableFuture.timedGet(CompletableFuture.java:1771)
	at java.util.concurrent.CompletableFuture.get(CompletableFuture.java:1915)
	at org.apache.ratis.util.IOUtils.getFromFuture(IOUtils.java:79)
	... 4 more
2019-09-11 20:03:10,188 [java.util.concurrent.ThreadPoolExecutor$Worker@64f81f1[State = -1, empty queue]] WARN  server.GrpcLogAppender (GrpcLogAppender.java:timeoutAppendRequest(200)) - 9bb405f0-f563-4579-83ea-0bbe163a9fbc@group-CB0F6128481C->e0c56373-add1-4904-83f3-08b0a755b8ed-GrpcLogAppender: appendEntries Timeout, request=9bb405f0-f563-4579-83ea-0bbe163a9fbc->e0c56373-add1-4904-83f3-08b0a755b8ed#112-t1, previous=(t:1, i:13), leaderCommit=10, initializing? false, entries: <empty>
2019-09-11 20:03:10,189 [grpc-default-executor-0] INFO  client.GrpcClientProtocolClient (GrpcClientProtocolClient.java:onNext(264)) - client-9954D3AE5C83->e0c56373-add1-4904-83f3-08b0a755b8ed: receive RaftClientReply:client-9954D3AE5C83->e0c56373-add1-4904-83f3-08b0a755b8ed@group-CB0F6128481C, cid=32, FAILED org.apache.ratis.protocol.NotLeaderException: Server e0c56373-add1-4904-83f3-08b0a755b8ed@group-CB0F6128481C is not the leader 9bb405f0-f563-4579-83ea-0bbe163a9fbc:192.168.36.83:46254, logIndex=0, commits[e0c56373-add1-4904-83f3-08b0a755b8ed:c10, 802f7a56-3ac2-455e-92a2-71244eb20cf7:c10, 9bb405f0-f563-4579-83ea-0bbe163a9fbc:c10]
2019-09-11 20:03:11,122 [grpc-default-executor-1] INFO  impl.RaftServerProxy (RaftServerProxy.java:remove(95)) - 8bc19c34-ed99-4952-a694-bf62b7894053: remove group-815FDE6FCAD8:null
2019-09-11 20:03:11,126 [RatisPipelineUtilsThread] WARN  pipeline.RatisPipelineUtils (RatisPipelineUtils.java:destroyPipeline(66)) - Pipeline destroy failed for pipeline=PipelineID=14a294df-f6cd-45c4-a05c-815fde6fcad8 dn=8bc19c34-ed99-4952-a694-bf62b7894053{ip: 192.168.36.83, host: pr-hdds-2096-jg2tg-1247294052, networkLocation: /default-rack, certSerialId: null}
2019-09-11 20:03:11,130 [grpc-default-executor-1] INFO  impl.RaftServerProxy (RaftServerProxy.java:remove(95)) - f44a2839-6f6e-45eb-9e76-f53daf5fe8b6: remove group-815FDE6FCAD8:null
2019-09-11 20:03:11,133 [RatisPipelineUtilsThread] WARN  pipeline.RatisPipelineUtils (RatisPipelineUtils.java:destroyPipeline(66)) - Pipeline destroy failed for pipeline=PipelineID=14a294df-f6cd-45c4-a05c-815fde6fcad8 dn=f44a2839-6f6e-45eb-9e76-f53daf5fe8b6{ip: 192.168.36.83, host: pr-hdds-2096-jg2tg-1247294052, networkLocation: /default-rack, certSerialId: null}
2019-09-11 20:03:11,137 [grpc-default-executor-1] INFO  impl.RaftServerProxy (RaftServerProxy.java:remove(95)) - 24ad807e-6d45-451f-a21b-d43dbe93db59: remove group-815FDE6FCAD8:null
2019-09-11 20:03:11,139 [RatisPipelineUtilsThread] WARN  pipeline.RatisPipelineUtils (RatisPipelineUtils.java:destroyPipeline(66)) - Pipeline destroy failed for pipeline=PipelineID=14a294df-f6cd-45c4-a05c-815fde6fcad8 dn=24ad807e-6d45-451f-a21b-d43dbe93db59{ip: 192.168.36.83, host: pr-hdds-2096-jg2tg-1247294052, networkLocation: /default-rack, certSerialId: null}
2019-09-11 20:03:11,140 [RatisPipelineUtilsThread] ERROR pipeline.SCMPipelineManager (Scheduler.java:lambda$schedule$1(70)) - Destroy pipeline failed for pipeline:Pipeline[ Id: 14a294df-f6cd-45c4-a05c-815fde6fcad8, Nodes: 8bc19c34-ed99-4952-a694-bf62b7894053{ip: 192.168.36.83, host: pr-hdds-2096-jg2tg-1247294052, networkLocation: /default-rack, certSerialId: null}f44a2839-6f6e-45eb-9e76-f53daf5fe8b6{ip: 192.168.36.83, host: pr-hdds-2096-jg2tg-1247294052, networkLocation: /default-rack, certSerialId: null}24ad807e-6d45-451f-a21b-d43dbe93db59{ip: 192.168.36.83, host: pr-hdds-2096-jg2tg-1247294052, networkLocation: /default-rack, certSerialId: null}, Type:RATIS, Factor:THREE, State:CLOSED]
org.apache.hadoop.hdds.scm.pipeline.PipelineNotFoundException: PipelineID=14a294df-f6cd-45c4-a05c-815fde6fcad8 not found
	at org.apache.hadoop.hdds.scm.pipeline.PipelineStateMap.getPipeline(PipelineStateMap.java:132)
	at org.apache.hadoop.hdds.scm.pipeline.PipelineStateMap.removePipeline(PipelineStateMap.java:322)
	at org.apache.hadoop.hdds.scm.pipeline.PipelineStateManager.removePipeline(PipelineStateManager.java:107)
	at org.apache.hadoop.hdds.scm.pipeline.SCMPipelineManager.removePipeline(SCMPipelineManager.java:423)
	at org.apache.hadoop.hdds.scm.pipeline.SCMPipelineManager.destroyPipeline(SCMPipelineManager.java:409)
	at org.apache.hadoop.hdds.scm.pipeline.SCMPipelineManager.lambda$finalizeAndDestroyPipeline$0(SCMPipelineManager.java:318)
	at org.apache.hadoop.utils.Scheduler.lambda$schedule$1(Scheduler.java:68)
	at java.util.concurrent.Executors$RunnableAdapter.call(Executors.java:511)
	at java.util.concurrent.FutureTask.run(FutureTask.java:266)
	at java.util.concurrent.ScheduledThreadPoolExecutor$ScheduledFutureTask.access$201(ScheduledThreadPoolExecutor.java:180)
	at java.util.concurrent.ScheduledThreadPoolExecutor$ScheduledFutureTask.run(ScheduledThreadPoolExecutor.java:293)
	at java.util.concurrent.ThreadPoolExecutor.runWorker(ThreadPoolExecutor.java:1149)
	at java.util.concurrent.ThreadPoolExecutor$Worker.run(ThreadPoolExecutor.java:624)
	at java.lang.Thread.run(Thread.java:748)
2019-09-11 20:03:12,689 [java.util.concurrent.ThreadPoolExecutor$Worker@64f81f1[State = -1, empty queue]] WARN  server.GrpcLogAppender (GrpcLogAppender.java:timeoutAppendRequest(200)) - 9bb405f0-f563-4579-83ea-0bbe163a9fbc@group-CB0F6128481C->e0c56373-add1-4904-83f3-08b0a755b8ed-GrpcLogAppender: appendEntries Timeout, request=9bb405f0-f563-4579-83ea-0bbe163a9fbc->e0c56373-add1-4904-83f3-08b0a755b8ed#113-t1, previous=(t:1, i:13), leaderCommit=10, initializing? false, entries: <empty>
2019-09-11 20:03:14,124 [grpc-default-executor-0] INFO  impl.RaftServerProxy (RaftServerProxy.java:remove(95)) - 8bc19c34-ed99-4952-a694-bf62b7894053: remove group-815FDE6FCAD8:null
2019-09-11 20:03:14,128 [RatisPipelineUtilsThread] WARN  pipeline.RatisPipelineUtils (RatisPipelineUtils.java:destroyPipeline(66)) - Pipeline destroy failed for pipeline=PipelineID=14a294df-f6cd-45c4-a05c-815fde6fcad8 dn=8bc19c34-ed99-4952-a694-bf62b7894053{ip: 192.168.36.83, host: pr-hdds-2096-jg2tg-1247294052, networkLocation: /default-rack, certSerialId: null}
2019-09-11 20:03:14,132 [grpc-default-executor-0] INFO  impl.RaftServerProxy (RaftServerProxy.java:remove(95)) - f44a2839-6f6e-45eb-9e76-f53daf5fe8b6: remove group-815FDE6FCAD8:null
2019-09-11 20:03:14,135 [RatisPipelineUtilsThread] WARN  pipeline.RatisPipelineUtils (RatisPipelineUtils.java:destroyPipeline(66)) - Pipeline destroy failed for pipeline=PipelineID=14a294df-f6cd-45c4-a05c-815fde6fcad8 dn=f44a2839-6f6e-45eb-9e76-f53daf5fe8b6{ip: 192.168.36.83, host: pr-hdds-2096-jg2tg-1247294052, networkLocation: /default-rack, certSerialId: null}
2019-09-11 20:03:14,139 [grpc-default-executor-0] INFO  impl.RaftServerProxy (RaftServerProxy.java:remove(95)) - 24ad807e-6d45-451f-a21b-d43dbe93db59: remove group-815FDE6FCAD8:null
2019-09-11 20:03:14,141 [RatisPipelineUtilsThread] WARN  pipeline.RatisPipelineUtils (RatisPipelineUtils.java:destroyPipeline(66)) - Pipeline destroy failed for pipeline=PipelineID=14a294df-f6cd-45c4-a05c-815fde6fcad8 dn=24ad807e-6d45-451f-a21b-d43dbe93db59{ip: 192.168.36.83, host: pr-hdds-2096-jg2tg-1247294052, networkLocation: /default-rack, certSerialId: null}
2019-09-11 20:03:14,142 [RatisPipelineUtilsThread] ERROR pipeline.SCMPipelineManager (Scheduler.java:lambda$schedule$1(70)) - Destroy pipeline failed for pipeline:Pipeline[ Id: 14a294df-f6cd-45c4-a05c-815fde6fcad8, Nodes: 8bc19c34-ed99-4952-a694-bf62b7894053{ip: 192.168.36.83, host: pr-hdds-2096-jg2tg-1247294052, networkLocation: /default-rack, certSerialId: null}f44a2839-6f6e-45eb-9e76-f53daf5fe8b6{ip: 192.168.36.83, host: pr-hdds-2096-jg2tg-1247294052, networkLocation: /default-rack, certSerialId: null}24ad807e-6d45-451f-a21b-d43dbe93db59{ip: 192.168.36.83, host: pr-hdds-2096-jg2tg-1247294052, networkLocation: /default-rack, certSerialId: null}, Type:RATIS, Factor:THREE, State:CLOSED]
org.apache.hadoop.hdds.scm.pipeline.PipelineNotFoundException: PipelineID=14a294df-f6cd-45c4-a05c-815fde6fcad8 not found
	at org.apache.hadoop.hdds.scm.pipeline.PipelineStateMap.getPipeline(PipelineStateMap.java:132)
	at org.apache.hadoop.hdds.scm.pipeline.PipelineStateMap.removePipeline(PipelineStateMap.java:322)
	at org.apache.hadoop.hdds.scm.pipeline.PipelineStateManager.removePipeline(PipelineStateManager.java:107)
	at org.apache.hadoop.hdds.scm.pipeline.SCMPipelineManager.removePipeline(SCMPipelineManager.java:423)
	at org.apache.hadoop.hdds.scm.pipeline.SCMPipelineManager.destroyPipeline(SCMPipelineManager.java:409)
	at org.apache.hadoop.hdds.scm.pipeline.SCMPipelineManager.lambda$finalizeAndDestroyPipeline$0(SCMPipelineManager.java:318)
	at org.apache.hadoop.utils.Scheduler.lambda$schedule$1(Scheduler.java:68)
	at java.util.concurrent.Executors$RunnableAdapter.call(Executors.java:511)
	at java.util.concurrent.FutureTask.run(FutureTask.java:266)
	at java.util.concurrent.ScheduledThreadPoolExecutor$ScheduledFutureTask.access$201(ScheduledThreadPoolExecutor.java:180)
	at java.util.concurrent.ScheduledThreadPoolExecutor$ScheduledFutureTask.run(ScheduledThreadPoolExecutor.java:293)
	at java.util.concurrent.ThreadPoolExecutor.runWorker(ThreadPoolExecutor.java:1149)
	at java.util.concurrent.ThreadPoolExecutor$Worker.run(ThreadPoolExecutor.java:624)
	at java.lang.Thread.run(Thread.java:748)
2019-09-11 20:03:14,212 [grpc-default-executor-1] INFO  impl.RaftServerProxy (RaftServerProxy.java:remove(95)) - 8bc19c34-ed99-4952-a694-bf62b7894053: remove group-815FDE6FCAD8:null
2019-09-11 20:03:14,224 [RatisPipelineUtilsThread] WARN  pipeline.RatisPipelineUtils (RatisPipelineUtils.java:destroyPipeline(66)) - Pipeline destroy failed for pipeline=PipelineID=14a294df-f6cd-45c4-a05c-815fde6fcad8 dn=8bc19c34-ed99-4952-a694-bf62b7894053{ip: 192.168.36.83, host: pr-hdds-2096-jg2tg-1247294052, networkLocation: /default-rack, certSerialId: null}
2019-09-11 20:03:14,227 [grpc-default-executor-0] INFO  impl.RaftServerProxy (RaftServerProxy.java:remove(95)) - f44a2839-6f6e-45eb-9e76-f53daf5fe8b6: remove group-815FDE6FCAD8:null
2019-09-11 20:03:14,230 [RatisPipelineUtilsThread] WARN  pipeline.RatisPipelineUtils (RatisPipelineUtils.java:destroyPipeline(66)) - Pipeline destroy failed for pipeline=PipelineID=14a294df-f6cd-45c4-a05c-815fde6fcad8 dn=f44a2839-6f6e-45eb-9e76-f53daf5fe8b6{ip: 192.168.36.83, host: pr-hdds-2096-jg2tg-1247294052, networkLocation: /default-rack, certSerialId: null}
2019-09-11 20:03:14,233 [grpc-default-executor-0] INFO  impl.RaftServerProxy (RaftServerProxy.java:remove(95)) - 24ad807e-6d45-451f-a21b-d43dbe93db59: remove group-815FDE6FCAD8:null
2019-09-11 20:03:14,235 [RatisPipelineUtilsThread] WARN  pipeline.RatisPipelineUtils (RatisPipelineUtils.java:destroyPipeline(66)) - Pipeline destroy failed for pipeline=PipelineID=14a294df-f6cd-45c4-a05c-815fde6fcad8 dn=24ad807e-6d45-451f-a21b-d43dbe93db59{ip: 192.168.36.83, host: pr-hdds-2096-jg2tg-1247294052, networkLocation: /default-rack, certSerialId: null}
2019-09-11 20:03:14,235 [RatisPipelineUtilsThread] ERROR pipeline.SCMPipelineManager (Scheduler.java:lambda$schedule$1(70)) - Destroy pipeline failed for pipeline:Pipeline[ Id: 14a294df-f6cd-45c4-a05c-815fde6fcad8, Nodes: 8bc19c34-ed99-4952-a694-bf62b7894053{ip: 192.168.36.83, host: pr-hdds-2096-jg2tg-1247294052, networkLocation: /default-rack, certSerialId: null}f44a2839-6f6e-45eb-9e76-f53daf5fe8b6{ip: 192.168.36.83, host: pr-hdds-2096-jg2tg-1247294052, networkLocation: /default-rack, certSerialId: null}24ad807e-6d45-451f-a21b-d43dbe93db59{ip: 192.168.36.83, host: pr-hdds-2096-jg2tg-1247294052, networkLocation: /default-rack, certSerialId: null}, Type:RATIS, Factor:THREE, State:CLOSED]
org.apache.hadoop.hdds.scm.pipeline.PipelineNotFoundException: PipelineID=14a294df-f6cd-45c4-a05c-815fde6fcad8 not found
	at org.apache.hadoop.hdds.scm.pipeline.PipelineStateMap.getPipeline(PipelineStateMap.java:132)
	at org.apache.hadoop.hdds.scm.pipeline.PipelineStateMap.removePipeline(PipelineStateMap.java:322)
	at org.apache.hadoop.hdds.scm.pipeline.PipelineStateManager.removePipeline(PipelineStateManager.java:107)
	at org.apache.hadoop.hdds.scm.pipeline.SCMPipelineManager.removePipeline(SCMPipelineManager.java:423)
	at org.apache.hadoop.hdds.scm.pipeline.SCMPipelineManager.destroyPipeline(SCMPipelineManager.java:409)
	at org.apache.hadoop.hdds.scm.pipeline.SCMPipelineManager.lambda$finalizeAndDestroyPipeline$0(SCMPipelineManager.java:318)
	at org.apache.hadoop.utils.Scheduler.lambda$schedule$1(Scheduler.java:68)
	at java.util.concurrent.Executors$RunnableAdapter.call(Executors.java:511)
	at java.util.concurrent.FutureTask.run(FutureTask.java:266)
	at java.util.concurrent.ScheduledThreadPoolExecutor$ScheduledFutureTask.access$201(ScheduledThreadPoolExecutor.java:180)
	at java.util.concurrent.ScheduledThreadPoolExecutor$ScheduledFutureTask.run(ScheduledThreadPoolExecutor.java:293)
	at java.util.concurrent.ThreadPoolExecutor.runWorker(ThreadPoolExecutor.java:1149)
	at java.util.concurrent.ThreadPoolExecutor$Worker.run(ThreadPoolExecutor.java:624)
	at java.lang.Thread.run(Thread.java:748)
2019-09-11 20:03:14,333 [grpc-default-executor-0] INFO  impl.RaftServerProxy (RaftServerProxy.java:remove(95)) - 8bc19c34-ed99-4952-a694-bf62b7894053: remove group-815FDE6FCAD8:null
2019-09-11 20:03:14,336 [RatisPipelineUtilsThread] WARN  pipeline.RatisPipelineUtils (RatisPipelineUtils.java:destroyPipeline(66)) - Pipeline destroy failed for pipeline=PipelineID=14a294df-f6cd-45c4-a05c-815fde6fcad8 dn=8bc19c34-ed99-4952-a694-bf62b7894053{ip: 192.168.36.83, host: pr-hdds-2096-jg2tg-1247294052, networkLocation: /default-rack, certSerialId: null}
2019-09-11 20:03:14,340 [grpc-default-executor-0] INFO  impl.RaftServerProxy (RaftServerProxy.java:remove(95)) - f44a2839-6f6e-45eb-9e76-f53daf5fe8b6: remove group-815FDE6FCAD8:null
2019-09-11 20:03:14,342 [RatisPipelineUtilsThread] WARN  pipeline.RatisPipelineUtils (RatisPipelineUtils.java:destroyPipeline(66)) - Pipeline destroy failed for pipeline=PipelineID=14a294df-f6cd-45c4-a05c-815fde6fcad8 dn=f44a2839-6f6e-45eb-9e76-f53daf5fe8b6{ip: 192.168.36.83, host: pr-hdds-2096-jg2tg-1247294052, networkLocation: /default-rack, certSerialId: null}
2019-09-11 20:03:14,346 [grpc-default-executor-0] INFO  impl.RaftServerProxy (RaftServerProxy.java:remove(95)) - 24ad807e-6d45-451f-a21b-d43dbe93db59: remove group-815FDE6FCAD8:null
2019-09-11 20:03:14,348 [RatisPipelineUtilsThread] WARN  pipeline.RatisPipelineUtils (RatisPipelineUtils.java:destroyPipeline(66)) - Pipeline destroy failed for pipeline=PipelineID=14a294df-f6cd-45c4-a05c-815fde6fcad8 dn=24ad807e-6d45-451f-a21b-d43dbe93db59{ip: 192.168.36.83, host: pr-hdds-2096-jg2tg-1247294052, networkLocation: /default-rack, certSerialId: null}
2019-09-11 20:03:14,349 [RatisPipelineUtilsThread] ERROR pipeline.SCMPipelineManager (Scheduler.java:lambda$schedule$1(70)) - Destroy pipeline failed for pipeline:Pipeline[ Id: 14a294df-f6cd-45c4-a05c-815fde6fcad8, Nodes: 8bc19c34-ed99-4952-a694-bf62b7894053{ip: 192.168.36.83, host: pr-hdds-2096-jg2tg-1247294052, networkLocation: /default-rack, certSerialId: null}f44a2839-6f6e-45eb-9e76-f53daf5fe8b6{ip: 192.168.36.83, host: pr-hdds-2096-jg2tg-1247294052, networkLocation: /default-rack, certSerialId: null}24ad807e-6d45-451f-a21b-d43dbe93db59{ip: 192.168.36.83, host: pr-hdds-2096-jg2tg-1247294052, networkLocation: /default-rack, certSerialId: null}, Type:RATIS, Factor:THREE, State:CLOSED]
org.apache.hadoop.hdds.scm.pipeline.PipelineNotFoundException: PipelineID=14a294df-f6cd-45c4-a05c-815fde6fcad8 not found
	at org.apache.hadoop.hdds.scm.pipeline.PipelineStateMap.getPipeline(PipelineStateMap.java:132)
	at org.apache.hadoop.hdds.scm.pipeline.PipelineStateMap.removePipeline(PipelineStateMap.java:322)
	at org.apache.hadoop.hdds.scm.pipeline.PipelineStateManager.removePipeline(PipelineStateManager.java:107)
	at org.apache.hadoop.hdds.scm.pipeline.SCMPipelineManager.removePipeline(SCMPipelineManager.java:423)
	at org.apache.hadoop.hdds.scm.pipeline.SCMPipelineManager.destroyPipeline(SCMPipelineManager.java:409)
	at org.apache.hadoop.hdds.scm.pipeline.SCMPipelineManager.lambda$finalizeAndDestroyPipeline$0(SCMPipelineManager.java:318)
	at org.apache.hadoop.utils.Scheduler.lambda$schedule$1(Scheduler.java:68)
	at java.util.concurrent.Executors$RunnableAdapter.call(Executors.java:511)
	at java.util.concurrent.FutureTask.run(FutureTask.java:266)
	at java.util.concurrent.ScheduledThreadPoolExecutor$ScheduledFutureTask.access$201(ScheduledThreadPoolExecutor.java:180)
	at java.util.concurrent.ScheduledThreadPoolExecutor$ScheduledFutureTask.run(ScheduledThreadPoolExecutor.java:293)
	at java.util.concurrent.ThreadPoolExecutor.runWorker(ThreadPoolExecutor.java:1149)
	at java.util.concurrent.ThreadPoolExecutor$Worker.run(ThreadPoolExecutor.java:624)
	at java.lang.Thread.run(Thread.java:748)
2019-09-11 20:03:14,460 [grpc-default-executor-0] INFO  impl.RaftServerProxy (RaftServerProxy.java:remove(95)) - 8bc19c34-ed99-4952-a694-bf62b7894053: remove group-815FDE6FCAD8:null
2019-09-11 20:03:14,463 [RatisPipelineUtilsThread] WARN  pipeline.RatisPipelineUtils (RatisPipelineUtils.java:destroyPipeline(66)) - Pipeline destroy failed for pipeline=PipelineID=14a294df-f6cd-45c4-a05c-815fde6fcad8 dn=8bc19c34-ed99-4952-a694-bf62b7894053{ip: 192.168.36.83, host: pr-hdds-2096-jg2tg-1247294052, networkLocation: /default-rack, certSerialId: null}
2019-09-11 20:03:14,467 [grpc-default-executor-0] INFO  impl.RaftServerProxy (RaftServerProxy.java:remove(95)) - f44a2839-6f6e-45eb-9e76-f53daf5fe8b6: remove group-815FDE6FCAD8:null
2019-09-11 20:03:14,470 [RatisPipelineUtilsThread] WARN  pipeline.RatisPipelineUtils (RatisPipelineUtils.java:destroyPipeline(66)) - Pipeline destroy failed for pipeline=PipelineID=14a294df-f6cd-45c4-a05c-815fde6fcad8 dn=f44a2839-6f6e-45eb-9e76-f53daf5fe8b6{ip: 192.168.36.83, host: pr-hdds-2096-jg2tg-1247294052, networkLocation: /default-rack, certSerialId: null}
2019-09-11 20:03:14,474 [grpc-default-executor-0] INFO  impl.RaftServerProxy (RaftServerProxy.java:remove(95)) - 24ad807e-6d45-451f-a21b-d43dbe93db59: remove group-815FDE6FCAD8:null
2019-09-11 20:03:14,476 [RatisPipelineUtilsThread] WARN  pipeline.RatisPipelineUtils (RatisPipelineUtils.java:destroyPipeline(66)) - Pipeline destroy failed for pipeline=PipelineID=14a294df-f6cd-45c4-a05c-815fde6fcad8 dn=24ad807e-6d45-451f-a21b-d43dbe93db59{ip: 192.168.36.83, host: pr-hdds-2096-jg2tg-1247294052, networkLocation: /default-rack, certSerialId: null}
2019-09-11 20:03:14,476 [RatisPipelineUtilsThread] ERROR pipeline.SCMPipelineManager (Scheduler.java:lambda$schedule$1(70)) - Destroy pipeline failed for pipeline:Pipeline[ Id: 14a294df-f6cd-45c4-a05c-815fde6fcad8, Nodes: 8bc19c34-ed99-4952-a694-bf62b7894053{ip: 192.168.36.83, host: pr-hdds-2096-jg2tg-1247294052, networkLocation: /default-rack, certSerialId: null}f44a2839-6f6e-45eb-9e76-f53daf5fe8b6{ip: 192.168.36.83, host: pr-hdds-2096-jg2tg-1247294052, networkLocation: /default-rack, certSerialId: null}24ad807e-6d45-451f-a21b-d43dbe93db59{ip: 192.168.36.83, host: pr-hdds-2096-jg2tg-1247294052, networkLocation: /default-rack, certSerialId: null}, Type:RATIS, Factor:THREE, State:CLOSED]
org.apache.hadoop.hdds.scm.pipeline.PipelineNotFoundException: PipelineID=14a294df-f6cd-45c4-a05c-815fde6fcad8 not found
	at org.apache.hadoop.hdds.scm.pipeline.PipelineStateMap.getPipeline(PipelineStateMap.java:132)
	at org.apache.hadoop.hdds.scm.pipeline.PipelineStateMap.removePipeline(PipelineStateMap.java:322)
	at org.apache.hadoop.hdds.scm.pipeline.PipelineStateManager.removePipeline(PipelineStateManager.java:107)
	at org.apache.hadoop.hdds.scm.pipeline.SCMPipelineManager.removePipeline(SCMPipelineManager.java:423)
	at org.apache.hadoop.hdds.scm.pipeline.SCMPipelineManager.destroyPipeline(SCMPipelineManager.java:409)
	at org.apache.hadoop.hdds.scm.pipeline.SCMPipelineManager.lambda$finalizeAndDestroyPipeline$0(SCMPipelineManager.java:318)
	at org.apache.hadoop.utils.Scheduler.lambda$schedule$1(Scheduler.java:68)
	at java.util.concurrent.Executors$RunnableAdapter.call(Executors.java:511)
	at java.util.concurrent.FutureTask.run(FutureTask.java:266)
	at java.util.concurrent.ScheduledThreadPoolExecutor$ScheduledFutureTask.access$201(ScheduledThreadPoolExecutor.java:180)
	at java.util.concurrent.ScheduledThreadPoolExecutor$ScheduledFutureTask.run(ScheduledThreadPoolExecutor.java:293)
	at java.util.concurrent.ThreadPoolExecutor.runWorker(ThreadPoolExecutor.java:1149)
	at java.util.concurrent.ThreadPoolExecutor$Worker.run(ThreadPoolExecutor.java:624)
	at java.lang.Thread.run(Thread.java:748)
2019-09-11 20:03:15,189 [java.util.concurrent.ThreadPoolExecutor$Worker@64f81f1[State = -1, empty queue]] WARN  server.GrpcLogAppender (GrpcLogAppender.java:timeoutAppendRequest(200)) - 9bb405f0-f563-4579-83ea-0bbe163a9fbc@group-CB0F6128481C->e0c56373-add1-4904-83f3-08b0a755b8ed-GrpcLogAppender: appendEntries Timeout, request=9bb405f0-f563-4579-83ea-0bbe163a9fbc->e0c56373-add1-4904-83f3-08b0a755b8ed#114-t1, previous=(t:1, i:13), leaderCommit=10, initializing? false, entries: <empty>
2019-09-11 20:03:15,236 [grpc-default-executor-0] INFO  client.GrpcClientProtocolClient (GrpcClientProtocolClient.java:onNext(264)) - client-9954D3AE5C83->802f7a56-3ac2-455e-92a2-71244eb20cf7: receive RaftClientReply:client-9954D3AE5C83->802f7a56-3ac2-455e-92a2-71244eb20cf7@group-CB0F6128481C, cid=32, FAILED org.apache.ratis.protocol.NotLeaderException: Server 802f7a56-3ac2-455e-92a2-71244eb20cf7@group-CB0F6128481C is not the leader 9bb405f0-f563-4579-83ea-0bbe163a9fbc:192.168.36.83:46254, logIndex=0, commits[802f7a56-3ac2-455e-92a2-71244eb20cf7:c10, 9bb405f0-f563-4579-83ea-0bbe163a9fbc:c10, e0c56373-add1-4904-83f3-08b0a755b8ed:c6]
2019-09-11 20:03:17,690 [java.util.concurrent.ThreadPoolExecutor$Worker@64f81f1[State = -1, empty queue]] WARN  server.GrpcLogAppender (GrpcLogAppender.java:timeoutAppendRequest(200)) - 9bb405f0-f563-4579-83ea-0bbe163a9fbc@group-CB0F6128481C->e0c56373-add1-4904-83f3-08b0a755b8ed-GrpcLogAppender: appendEntries Timeout, request=9bb405f0-f563-4579-83ea-0bbe163a9fbc->e0c56373-add1-4904-83f3-08b0a755b8ed#115-t1, previous=(t:1, i:13), leaderCommit=10, initializing? false, entries: <empty>
2019-09-11 20:03:19,681 [9bb405f0-f563-4579-83ea-0bbe163a9fbc@group-CB0F6128481C-SegmentedRaftLogWorker] WARN  segmented.SegmentedRaftLogWorker (SegmentedRaftLogWorker.java:getFromFuture(90)) - Timeout 6/~
org.apache.ratis.protocol.TimeoutIOException: Timeout 10s: WriteLog:11: (t:1, i:11), STATEMACHINELOGENTRY, client-9954D3AE5C83, cid=32-writeStateMachineData
	at org.apache.ratis.util.IOUtils.getFromFuture(IOUtils.java:87)
	at org.apache.ratis.server.raftlog.segmented.SegmentedRaftLogWorker$StateMachineDataPolicy.getFromFuture(SegmentedRaftLogWorker.java:87)
	at org.apache.ratis.server.raftlog.segmented.SegmentedRaftLogWorker$WriteLog.execute(SegmentedRaftLogWorker.java:477)
	at org.apache.ratis.server.raftlog.segmented.SegmentedRaftLogWorker.run(SegmentedRaftLogWorker.java:289)
	at java.lang.Thread.run(Thread.java:748)
Caused by: java.util.concurrent.TimeoutException
	at java.util.concurrent.CompletableFuture.timedGet(CompletableFuture.java:1771)
	at java.util.concurrent.CompletableFuture.get(CompletableFuture.java:1915)
	at org.apache.ratis.util.IOUtils.getFromFuture(IOUtils.java:79)
	... 4 more
2019-09-11 20:03:19,682 [e0c56373-add1-4904-83f3-08b0a755b8ed@group-CB0F6128481C-SegmentedRaftLogWorker] WARN  segmented.SegmentedRaftLogWorker (SegmentedRaftLogWorker.java:getFromFuture(90)) - Timeout 6/~
org.apache.ratis.protocol.TimeoutIOException: Timeout 10s: WriteLog:11: (t:1, i:11), STATEMACHINELOGENTRY, client-9954D3AE5C83, cid=32-writeStateMachineData
	at org.apache.ratis.util.IOUtils.getFromFuture(IOUtils.java:87)
	at org.apache.ratis.server.raftlog.segmented.SegmentedRaftLogWorker$StateMachineDataPolicy.getFromFuture(SegmentedRaftLogWorker.java:87)
	at org.apache.ratis.server.raftlog.segmented.SegmentedRaftLogWorker$WriteLog.execute(SegmentedRaftLogWorker.java:477)
	at org.apache.ratis.server.raftlog.segmented.SegmentedRaftLogWorker.run(SegmentedRaftLogWorker.java:289)
	at java.lang.Thread.run(Thread.java:748)
Caused by: java.util.concurrent.TimeoutException
	at java.util.concurrent.CompletableFuture.timedGet(CompletableFuture.java:1771)
	at java.util.concurrent.CompletableFuture.get(CompletableFuture.java:1915)
	at org.apache.ratis.util.IOUtils.getFromFuture(IOUtils.java:79)
	... 4 more
2019-09-11 20:03:20,190 [java.util.concurrent.ThreadPoolExecutor$Worker@64f81f1[State = -1, empty queue]] WARN  server.GrpcLogAppender (GrpcLogAppender.java:timeoutAppendRequest(200)) - 9bb405f0-f563-4579-83ea-0bbe163a9fbc@group-CB0F6128481C->e0c56373-add1-4904-83f3-08b0a755b8ed-GrpcLogAppender: appendEntries Timeout, request=9bb405f0-f563-4579-83ea-0bbe163a9fbc->e0c56373-add1-4904-83f3-08b0a755b8ed#116-t1, previous=(t:1, i:13), leaderCommit=10, initializing? false, entries: <empty>
2019-09-11 20:03:20,282 [grpc-default-executor-0] INFO  client.GrpcClientProtocolClient (GrpcClientProtocolClient.java:onNext(264)) - client-9954D3AE5C83->e0c56373-add1-4904-83f3-08b0a755b8ed: receive RaftClientReply:client-9954D3AE5C83->e0c56373-add1-4904-83f3-08b0a755b8ed@group-CB0F6128481C, cid=32, FAILED org.apache.ratis.protocol.NotLeaderException: Server e0c56373-add1-4904-83f3-08b0a755b8ed@group-CB0F6128481C is not the leader 9bb405f0-f563-4579-83ea-0bbe163a9fbc:192.168.36.83:46254, logIndex=0, commits[e0c56373-add1-4904-83f3-08b0a755b8ed:c10, 802f7a56-3ac2-455e-92a2-71244eb20cf7:c10, 9bb405f0-f563-4579-83ea-0bbe163a9fbc:c10]
2019-09-11 20:03:22,691 [java.util.concurrent.ThreadPoolExecutor$Worker@64f81f1[State = -1, empty queue]] WARN  server.GrpcLogAppender (GrpcLogAppender.java:timeoutAppendRequest(200)) - 9bb405f0-f563-4579-83ea-0bbe163a9fbc@group-CB0F6128481C->e0c56373-add1-4904-83f3-08b0a755b8ed-GrpcLogAppender: appendEntries Timeout, request=9bb405f0-f563-4579-83ea-0bbe163a9fbc->e0c56373-add1-4904-83f3-08b0a755b8ed#117-t1, previous=(t:1, i:13), leaderCommit=10, initializing? false, entries: <empty>
2019-09-11 20:03:25,193 [java.util.concurrent.ThreadPoolExecutor$Worker@64f81f1[State = -1, empty queue]] WARN  server.GrpcLogAppender (GrpcLogAppender.java:timeoutAppendRequest(200)) - 9bb405f0-f563-4579-83ea-0bbe163a9fbc@group-CB0F6128481C->e0c56373-add1-4904-83f3-08b0a755b8ed-GrpcLogAppender: appendEntries Timeout, request=9bb405f0-f563-4579-83ea-0bbe163a9fbc->e0c56373-add1-4904-83f3-08b0a755b8ed#118-t1, previous=(t:1, i:13), leaderCommit=10, initializing? false, entries: <empty>
2019-09-11 20:03:25,357 [grpc-default-executor-0] INFO  client.GrpcClientProtocolClient (GrpcClientProtocolClient.java:onNext(264)) - client-9954D3AE5C83->802f7a56-3ac2-455e-92a2-71244eb20cf7: receive RaftClientReply:client-9954D3AE5C83->802f7a56-3ac2-455e-92a2-71244eb20cf7@group-CB0F6128481C, cid=32, FAILED org.apache.ratis.protocol.NotLeaderException: Server 802f7a56-3ac2-455e-92a2-71244eb20cf7@group-CB0F6128481C is not the leader 9bb405f0-f563-4579-83ea-0bbe163a9fbc:192.168.36.83:46254, logIndex=0, commits[802f7a56-3ac2-455e-92a2-71244eb20cf7:c10, 9bb405f0-f563-4579-83ea-0bbe163a9fbc:c10, e0c56373-add1-4904-83f3-08b0a755b8ed:c6]
2019-09-11 20:03:27,693 [java.util.concurrent.ThreadPoolExecutor$Worker@64f81f1[State = -1, empty queue]] WARN  server.GrpcLogAppender (GrpcLogAppender.java:timeoutAppendRequest(200)) - 9bb405f0-f563-4579-83ea-0bbe163a9fbc@group-CB0F6128481C->e0c56373-add1-4904-83f3-08b0a755b8ed-GrpcLogAppender: appendEntries Timeout, request=9bb405f0-f563-4579-83ea-0bbe163a9fbc->e0c56373-add1-4904-83f3-08b0a755b8ed#119-t1, previous=(t:1, i:13), leaderCommit=10, initializing? false, entries: <empty>
2019-09-11 20:03:29,683 [9bb405f0-f563-4579-83ea-0bbe163a9fbc@group-CB0F6128481C-SegmentedRaftLogWorker] WARN  segmented.SegmentedRaftLogWorker (SegmentedRaftLogWorker.java:getFromFuture(90)) - Timeout 7/~
org.apache.ratis.protocol.TimeoutIOException: Timeout 10s: WriteLog:11: (t:1, i:11), STATEMACHINELOGENTRY, client-9954D3AE5C83, cid=32-writeStateMachineData
	at org.apache.ratis.util.IOUtils.getFromFuture(IOUtils.java:87)
	at org.apache.ratis.server.raftlog.segmented.SegmentedRaftLogWorker$StateMachineDataPolicy.getFromFuture(SegmentedRaftLogWorker.java:87)
	at org.apache.ratis.server.raftlog.segmented.SegmentedRaftLogWorker$WriteLog.execute(SegmentedRaftLogWorker.java:477)
	at org.apache.ratis.server.raftlog.segmented.SegmentedRaftLogWorker.run(SegmentedRaftLogWorker.java:289)
	at java.lang.Thread.run(Thread.java:748)
Caused by: java.util.concurrent.TimeoutException
	at java.util.concurrent.CompletableFuture.timedGet(CompletableFuture.java:1771)
	at java.util.concurrent.CompletableFuture.get(CompletableFuture.java:1915)
	at org.apache.ratis.util.IOUtils.getFromFuture(IOUtils.java:79)
	... 4 more
2019-09-11 20:03:29,683 [e0c56373-add1-4904-83f3-08b0a755b8ed@group-CB0F6128481C-SegmentedRaftLogWorker] WARN  segmented.SegmentedRaftLogWorker (SegmentedRaftLogWorker.java:getFromFuture(90)) - Timeout 7/~
org.apache.ratis.protocol.TimeoutIOException: Timeout 10s: WriteLog:11: (t:1, i:11), STATEMACHINELOGENTRY, client-9954D3AE5C83, cid=32-writeStateMachineData
	at org.apache.ratis.util.IOUtils.getFromFuture(IOUtils.java:87)
	at org.apache.ratis.server.raftlog.segmented.SegmentedRaftLogWorker$StateMachineDataPolicy.getFromFuture(SegmentedRaftLogWorker.java:87)
	at org.apache.ratis.server.raftlog.segmented.SegmentedRaftLogWorker$WriteLog.execute(SegmentedRaftLogWorker.java:477)
	at org.apache.ratis.server.raftlog.segmented.SegmentedRaftLogWorker.run(SegmentedRaftLogWorker.java:289)
	at java.lang.Thread.run(Thread.java:748)
Caused by: java.util.concurrent.TimeoutException
	at java.util.concurrent.CompletableFuture.timedGet(CompletableFuture.java:1771)
	at java.util.concurrent.CompletableFuture.get(CompletableFuture.java:1915)
	at org.apache.ratis.util.IOUtils.getFromFuture(IOUtils.java:79)
	... 4 more
2019-09-11 20:03:30,193 [java.util.concurrent.ThreadPoolExecutor$Worker@64f81f1[State = -1, empty queue]] WARN  server.GrpcLogAppender (GrpcLogAppender.java:timeoutAppendRequest(200)) - 9bb405f0-f563-4579-83ea-0bbe163a9fbc@group-CB0F6128481C->e0c56373-add1-4904-83f3-08b0a755b8ed-GrpcLogAppender: appendEntries Timeout, request=9bb405f0-f563-4579-83ea-0bbe163a9fbc->e0c56373-add1-4904-83f3-08b0a755b8ed#120-t1, previous=(t:1, i:13), leaderCommit=10, initializing? false, entries: <empty>
2019-09-11 20:03:30,402 [grpc-default-executor-0] INFO  client.GrpcClientProtocolClient (GrpcClientProtocolClient.java:onNext(264)) - client-9954D3AE5C83->e0c56373-add1-4904-83f3-08b0a755b8ed: receive RaftClientReply:client-9954D3AE5C83->e0c56373-add1-4904-83f3-08b0a755b8ed@group-CB0F6128481C, cid=32, FAILED org.apache.ratis.protocol.NotLeaderException: Server e0c56373-add1-4904-83f3-08b0a755b8ed@group-CB0F6128481C is not the leader 9bb405f0-f563-4579-83ea-0bbe163a9fbc:192.168.36.83:46254, logIndex=0, commits[e0c56373-add1-4904-83f3-08b0a755b8ed:c10, 802f7a56-3ac2-455e-92a2-71244eb20cf7:c10, 9bb405f0-f563-4579-83ea-0bbe163a9fbc:c10]
2019-09-11 20:03:32,694 [java.util.concurrent.ThreadPoolExecutor$Worker@64f81f1[State = -1, empty queue]] WARN  server.GrpcLogAppender (GrpcLogAppender.java:timeoutAppendRequest(200)) - 9bb405f0-f563-4579-83ea-0bbe163a9fbc@group-CB0F6128481C->e0c56373-add1-4904-83f3-08b0a755b8ed-GrpcLogAppender: appendEntries Timeout, request=9bb405f0-f563-4579-83ea-0bbe163a9fbc->e0c56373-add1-4904-83f3-08b0a755b8ed#121-t1, previous=(t:1, i:13), leaderCommit=10, initializing? false, entries: <empty>
2019-09-11 20:03:35,196 [java.util.concurrent.ThreadPoolExecutor$Worker@64f81f1[State = -1, empty queue]] WARN  server.GrpcLogAppender (GrpcLogAppender.java:timeoutAppendRequest(200)) - 9bb405f0-f563-4579-83ea-0bbe163a9fbc@group-CB0F6128481C->e0c56373-add1-4904-83f3-08b0a755b8ed-GrpcLogAppender: appendEntries Timeout, request=9bb405f0-f563-4579-83ea-0bbe163a9fbc->e0c56373-add1-4904-83f3-08b0a755b8ed#122-t1, previous=(t:1, i:13), leaderCommit=10, initializing? false, entries: <empty>
2019-09-11 20:03:35,454 [grpc-default-executor-1] INFO  client.GrpcClientProtocolClient (GrpcClientProtocolClient.java:onNext(264)) - client-9954D3AE5C83->e0c56373-add1-4904-83f3-08b0a755b8ed: receive RaftClientReply:client-9954D3AE5C83->e0c56373-add1-4904-83f3-08b0a755b8ed@group-CB0F6128481C, cid=32, FAILED org.apache.ratis.protocol.NotLeaderException: Server e0c56373-add1-4904-83f3-08b0a755b8ed@group-CB0F6128481C is not the leader 9bb405f0-f563-4579-83ea-0bbe163a9fbc:192.168.36.83:46254, logIndex=0, commits[e0c56373-add1-4904-83f3-08b0a755b8ed:c10, 802f7a56-3ac2-455e-92a2-71244eb20cf7:c10, 9bb405f0-f563-4579-83ea-0bbe163a9fbc:c10]
2019-09-11 20:03:37,696 [java.util.concurrent.ThreadPoolExecutor$Worker@64f81f1[State = -1, empty queue]] WARN  server.GrpcLogAppender (GrpcLogAppender.java:timeoutAppendRequest(200)) - 9bb405f0-f563-4579-83ea-0bbe163a9fbc@group-CB0F6128481C->e0c56373-add1-4904-83f3-08b0a755b8ed-GrpcLogAppender: appendEntries Timeout, request=9bb405f0-f563-4579-83ea-0bbe163a9fbc->e0c56373-add1-4904-83f3-08b0a755b8ed#123-t1, previous=(t:1, i:13), leaderCommit=10, initializing? false, entries: <empty>
2019-09-11 20:03:39,684 [9bb405f0-f563-4579-83ea-0bbe163a9fbc@group-CB0F6128481C-SegmentedRaftLogWorker] WARN  segmented.SegmentedRaftLogWorker (SegmentedRaftLogWorker.java:getFromFuture(90)) - Timeout 8/~
org.apache.ratis.protocol.TimeoutIOException: Timeout 10s: WriteLog:11: (t:1, i:11), STATEMACHINELOGENTRY, client-9954D3AE5C83, cid=32-writeStateMachineData
	at org.apache.ratis.util.IOUtils.getFromFuture(IOUtils.java:87)
	at org.apache.ratis.server.raftlog.segmented.SegmentedRaftLogWorker$StateMachineDataPolicy.getFromFuture(SegmentedRaftLogWorker.java:87)
	at org.apache.ratis.server.raftlog.segmented.SegmentedRaftLogWorker$WriteLog.execute(SegmentedRaftLogWorker.java:477)
	at org.apache.ratis.server.raftlog.segmented.SegmentedRaftLogWorker.run(SegmentedRaftLogWorker.java:289)
	at java.lang.Thread.run(Thread.java:748)
Caused by: java.util.concurrent.TimeoutException
	at java.util.concurrent.CompletableFuture.timedGet(CompletableFuture.java:1771)
	at java.util.concurrent.CompletableFuture.get(CompletableFuture.java:1915)
	at org.apache.ratis.util.IOUtils.getFromFuture(IOUtils.java:79)
	... 4 more
2019-09-11 20:03:39,685 [e0c56373-add1-4904-83f3-08b0a755b8ed@group-CB0F6128481C-SegmentedRaftLogWorker] WARN  segmented.SegmentedRaftLogWorker (SegmentedRaftLogWorker.java:getFromFuture(90)) - Timeout 8/~
org.apache.ratis.protocol.TimeoutIOException: Timeout 10s: WriteLog:11: (t:1, i:11), STATEMACHINELOGENTRY, client-9954D3AE5C83, cid=32-writeStateMachineData
	at org.apache.ratis.util.IOUtils.getFromFuture(IOUtils.java:87)
	at org.apache.ratis.server.raftlog.segmented.SegmentedRaftLogWorker$StateMachineDataPolicy.getFromFuture(SegmentedRaftLogWorker.java:87)
	at org.apache.ratis.server.raftlog.segmented.SegmentedRaftLogWorker$WriteLog.execute(SegmentedRaftLogWorker.java:477)
	at org.apache.ratis.server.raftlog.segmented.SegmentedRaftLogWorker.run(SegmentedRaftLogWorker.java:289)
	at java.lang.Thread.run(Thread.java:748)
Caused by: java.util.concurrent.TimeoutException
	at java.util.concurrent.CompletableFuture.timedGet(CompletableFuture.java:1771)
	at java.util.concurrent.CompletableFuture.get(CompletableFuture.java:1915)
	at org.apache.ratis.util.IOUtils.getFromFuture(IOUtils.java:79)
	... 4 more
2019-09-11 20:03:40,196 [java.util.concurrent.ThreadPoolExecutor$Worker@64f81f1[State = -1, empty queue]] WARN  server.GrpcLogAppender (GrpcLogAppender.java:timeoutAppendRequest(200)) - 9bb405f0-f563-4579-83ea-0bbe163a9fbc@group-CB0F6128481C->e0c56373-add1-4904-83f3-08b0a755b8ed-GrpcLogAppender: appendEntries Timeout, request=9bb405f0-f563-4579-83ea-0bbe163a9fbc->e0c56373-add1-4904-83f3-08b0a755b8ed#124-t1, previous=(t:1, i:13), leaderCommit=10, initializing? false, entries: <empty>
2019-09-11 20:03:40,513 [grpc-default-executor-0] INFO  client.GrpcClientProtocolClient (GrpcClientProtocolClient.java:onNext(264)) - client-9954D3AE5C83->802f7a56-3ac2-455e-92a2-71244eb20cf7: receive RaftClientReply:client-9954D3AE5C83->802f7a56-3ac2-455e-92a2-71244eb20cf7@group-CB0F6128481C, cid=32, FAILED org.apache.ratis.protocol.NotLeaderException: Server 802f7a56-3ac2-455e-92a2-71244eb20cf7@group-CB0F6128481C is not the leader 9bb405f0-f563-4579-83ea-0bbe163a9fbc:192.168.36.83:46254, logIndex=0, commits[802f7a56-3ac2-455e-92a2-71244eb20cf7:c10, 9bb405f0-f563-4579-83ea-0bbe163a9fbc:c10, e0c56373-add1-4904-83f3-08b0a755b8ed:c6]
2019-09-11 20:03:42,697 [java.util.concurrent.ThreadPoolExecutor$Worker@64f81f1[State = -1, empty queue]] WARN  server.GrpcLogAppender (GrpcLogAppender.java:timeoutAppendRequest(200)) - 9bb405f0-f563-4579-83ea-0bbe163a9fbc@group-CB0F6128481C->e0c56373-add1-4904-83f3-08b0a755b8ed-GrpcLogAppender: appendEntries Timeout, request=9bb405f0-f563-4579-83ea-0bbe163a9fbc->e0c56373-add1-4904-83f3-08b0a755b8ed#125-t1, previous=(t:1, i:13), leaderCommit=10, initializing? false, entries: <empty>
2019-09-11 20:03:45,198 [java.util.concurrent.ThreadPoolExecutor$Worker@64f81f1[State = -1, empty queue]] WARN  server.GrpcLogAppender (GrpcLogAppender.java:timeoutAppendRequest(200)) - 9bb405f0-f563-4579-83ea-0bbe163a9fbc@group-CB0F6128481C->e0c56373-add1-4904-83f3-08b0a755b8ed-GrpcLogAppender: appendEntries Timeout, request=9bb405f0-f563-4579-83ea-0bbe163a9fbc->e0c56373-add1-4904-83f3-08b0a755b8ed#126-t1, previous=(t:1, i:13), leaderCommit=10, initializing? false, entries: <empty>
2019-09-11 20:03:45,562 [grpc-default-executor-1] INFO  client.GrpcClientProtocolClient (GrpcClientProtocolClient.java:onNext(264)) - client-9954D3AE5C83->802f7a56-3ac2-455e-92a2-71244eb20cf7: receive RaftClientReply:client-9954D3AE5C83->802f7a56-3ac2-455e-92a2-71244eb20cf7@group-CB0F6128481C, cid=32, FAILED org.apache.ratis.protocol.NotLeaderException: Server 802f7a56-3ac2-455e-92a2-71244eb20cf7@group-CB0F6128481C is not the leader 9bb405f0-f563-4579-83ea-0bbe163a9fbc:192.168.36.83:46254, logIndex=0, commits[802f7a56-3ac2-455e-92a2-71244eb20cf7:c10, 9bb405f0-f563-4579-83ea-0bbe163a9fbc:c10, e0c56373-add1-4904-83f3-08b0a755b8ed:c6]
2019-09-11 20:03:47,699 [java.util.concurrent.ThreadPoolExecutor$Worker@64f81f1[State = -1, empty queue]] WARN  server.GrpcLogAppender (GrpcLogAppender.java:timeoutAppendRequest(200)) - 9bb405f0-f563-4579-83ea-0bbe163a9fbc@group-CB0F6128481C->e0c56373-add1-4904-83f3-08b0a755b8ed-GrpcLogAppender: appendEntries Timeout, request=9bb405f0-f563-4579-83ea-0bbe163a9fbc->e0c56373-add1-4904-83f3-08b0a755b8ed#127-t1, previous=(t:1, i:13), leaderCommit=10, initializing? false, entries: <empty>
2019-09-11 20:03:49,686 [9bb405f0-f563-4579-83ea-0bbe163a9fbc@group-CB0F6128481C-SegmentedRaftLogWorker] WARN  segmented.SegmentedRaftLogWorker (SegmentedRaftLogWorker.java:getFromFuture(90)) - Timeout 9/~
org.apache.ratis.protocol.TimeoutIOException: Timeout 10s: WriteLog:11: (t:1, i:11), STATEMACHINELOGENTRY, client-9954D3AE5C83, cid=32-writeStateMachineData
	at org.apache.ratis.util.IOUtils.getFromFuture(IOUtils.java:87)
	at org.apache.ratis.server.raftlog.segmented.SegmentedRaftLogWorker$StateMachineDataPolicy.getFromFuture(SegmentedRaftLogWorker.java:87)
	at org.apache.ratis.server.raftlog.segmented.SegmentedRaftLogWorker$WriteLog.execute(SegmentedRaftLogWorker.java:477)
	at org.apache.ratis.server.raftlog.segmented.SegmentedRaftLogWorker.run(SegmentedRaftLogWorker.java:289)
	at java.lang.Thread.run(Thread.java:748)
Caused by: java.util.concurrent.TimeoutException
	at java.util.concurrent.CompletableFuture.timedGet(CompletableFuture.java:1771)
	at java.util.concurrent.CompletableFuture.get(CompletableFuture.java:1915)
	at org.apache.ratis.util.IOUtils.getFromFuture(IOUtils.java:79)
	... 4 more
2019-09-11 20:03:49,686 [e0c56373-add1-4904-83f3-08b0a755b8ed@group-CB0F6128481C-SegmentedRaftLogWorker] WARN  segmented.SegmentedRaftLogWorker (SegmentedRaftLogWorker.java:getFromFuture(90)) - Timeout 9/~
org.apache.ratis.protocol.TimeoutIOException: Timeout 10s: WriteLog:11: (t:1, i:11), STATEMACHINELOGENTRY, client-9954D3AE5C83, cid=32-writeStateMachineData
	at org.apache.ratis.util.IOUtils.getFromFuture(IOUtils.java:87)
	at org.apache.ratis.server.raftlog.segmented.SegmentedRaftLogWorker$StateMachineDataPolicy.getFromFuture(SegmentedRaftLogWorker.java:87)
	at org.apache.ratis.server.raftlog.segmented.SegmentedRaftLogWorker$WriteLog.execute(SegmentedRaftLogWorker.java:477)
	at org.apache.ratis.server.raftlog.segmented.SegmentedRaftLogWorker.run(SegmentedRaftLogWorker.java:289)
	at java.lang.Thread.run(Thread.java:748)
Caused by: java.util.concurrent.TimeoutException
	at java.util.concurrent.CompletableFuture.timedGet(CompletableFuture.java:1771)
	at java.util.concurrent.CompletableFuture.get(CompletableFuture.java:1915)
	at org.apache.ratis.util.IOUtils.getFromFuture(IOUtils.java:79)
	... 4 more
2019-09-11 20:03:50,199 [java.util.concurrent.ThreadPoolExecutor$Worker@64f81f1[State = -1, empty queue]] WARN  server.GrpcLogAppender (GrpcLogAppender.java:timeoutAppendRequest(200)) - 9bb405f0-f563-4579-83ea-0bbe163a9fbc@group-CB0F6128481C->e0c56373-add1-4904-83f3-08b0a755b8ed-GrpcLogAppender: appendEntries Timeout, request=9bb405f0-f563-4579-83ea-0bbe163a9fbc->e0c56373-add1-4904-83f3-08b0a755b8ed#128-t1, previous=(t:1, i:13), leaderCommit=10, initializing? false, entries: <empty>
2019-09-11 20:03:50,600 [grpc-default-executor-5] INFO  client.GrpcClientProtocolClient (GrpcClientProtocolClient.java:onNext(264)) - client-9954D3AE5C83->802f7a56-3ac2-455e-92a2-71244eb20cf7: receive RaftClientReply:client-9954D3AE5C83->802f7a56-3ac2-455e-92a2-71244eb20cf7@group-CB0F6128481C, cid=32, FAILED org.apache.ratis.protocol.NotLeaderException: Server 802f7a56-3ac2-455e-92a2-71244eb20cf7@group-CB0F6128481C is not the leader 9bb405f0-f563-4579-83ea-0bbe163a9fbc:192.168.36.83:46254, logIndex=0, commits[802f7a56-3ac2-455e-92a2-71244eb20cf7:c10, 9bb405f0-f563-4579-83ea-0bbe163a9fbc:c10, e0c56373-add1-4904-83f3-08b0a755b8ed:c6]
2019-09-11 20:03:52,702 [java.util.concurrent.ThreadPoolExecutor$Worker@64f81f1[State = -1, empty queue]] WARN  server.GrpcLogAppender (GrpcLogAppender.java:timeoutAppendRequest(200)) - 9bb405f0-f563-4579-83ea-0bbe163a9fbc@group-CB0F6128481C->e0c56373-add1-4904-83f3-08b0a755b8ed-GrpcLogAppender: appendEntries Timeout, request=9bb405f0-f563-4579-83ea-0bbe163a9fbc->e0c56373-add1-4904-83f3-08b0a755b8ed#129-t1, previous=(t:1, i:13), leaderCommit=10, initializing? false, entries: <empty>
2019-09-11 20:03:55,203 [java.util.concurrent.ThreadPoolExecutor$Worker@64f81f1[State = -1, empty queue]] WARN  server.GrpcLogAppender (GrpcLogAppender.java:timeoutAppendRequest(200)) - 9bb405f0-f563-4579-83ea-0bbe163a9fbc@group-CB0F6128481C->e0c56373-add1-4904-83f3-08b0a755b8ed-GrpcLogAppender: appendEntries Timeout, request=9bb405f0-f563-4579-83ea-0bbe163a9fbc->e0c56373-add1-4904-83f3-08b0a755b8ed#130-t1, previous=(t:1, i:13), leaderCommit=10, initializing? false, entries: <empty>
2019-09-11 20:03:55,645 [grpc-default-executor-1] INFO  client.GrpcClientProtocolClient (GrpcClientProtocolClient.java:onNext(264)) - client-9954D3AE5C83->e0c56373-add1-4904-83f3-08b0a755b8ed: receive RaftClientReply:client-9954D3AE5C83->e0c56373-add1-4904-83f3-08b0a755b8ed@group-CB0F6128481C, cid=32, FAILED org.apache.ratis.protocol.NotLeaderException: Server e0c56373-add1-4904-83f3-08b0a755b8ed@group-CB0F6128481C is not the leader 9bb405f0-f563-4579-83ea-0bbe163a9fbc:192.168.36.83:46254, logIndex=0, commits[e0c56373-add1-4904-83f3-08b0a755b8ed:c10, 802f7a56-3ac2-455e-92a2-71244eb20cf7:c10, 9bb405f0-f563-4579-83ea-0bbe163a9fbc:c10]
2019-09-11 20:03:56,987 [ReplicationMonitor] INFO  container.ReplicationManager (ReplicationManager.java:forceCloseContainer(464)) - Force closing container #1 with BCSID 4, which is in QUASI_CLOSED state.
2019-09-11 20:03:56,989 [ReplicationMonitor] INFO  container.ReplicationManager (ReplicationManager.java:sendCloseCommand(659)) - Sending close container command for container #1 to datanode 8bc19c34-ed99-4952-a694-bf62b7894053{ip: 192.168.36.83, host: pr-hdds-2096-jg2tg-1247294052, networkLocation: /default-rack, certSerialId: null}.
2019-09-11 20:03:56,989 [ReplicationMonitor] INFO  container.ReplicationManager (ReplicationManager.java:sendCloseCommand(659)) - Sending close container command for container #1 to datanode f44a2839-6f6e-45eb-9e76-f53daf5fe8b6{ip: 192.168.36.83, host: pr-hdds-2096-jg2tg-1247294052, networkLocation: /default-rack, certSerialId: null}.
2019-09-11 20:03:56,989 [ReplicationMonitor] INFO  container.ReplicationManager (ReplicationManager.java:sendCloseCommand(659)) - Sending close container command for container #1 to datanode 24ad807e-6d45-451f-a21b-d43dbe93db59{ip: 192.168.36.83, host: pr-hdds-2096-jg2tg-1247294052, networkLocation: /default-rack, certSerialId: null}.
2019-09-11 20:03:56,990 [ReplicationMonitor] INFO  container.ReplicationManager (ReplicationManager.java:forceCloseContainer(464)) - Force closing container #2 with BCSID 0, which is in QUASI_CLOSED state.
2019-09-11 20:03:56,990 [ReplicationMonitor] INFO  container.ReplicationManager (ReplicationManager.java:sendCloseCommand(659)) - Sending close container command for container #2 to datanode 8bc19c34-ed99-4952-a694-bf62b7894053{ip: 192.168.36.83, host: pr-hdds-2096-jg2tg-1247294052, networkLocation: /default-rack, certSerialId: null}.
2019-09-11 20:03:56,990 [ReplicationMonitor] INFO  container.ReplicationManager (ReplicationManager.java:sendCloseCommand(659)) - Sending close container command for container #2 to datanode f44a2839-6f6e-45eb-9e76-f53daf5fe8b6{ip: 192.168.36.83, host: pr-hdds-2096-jg2tg-1247294052, networkLocation: /default-rack, certSerialId: null}.
2019-09-11 20:03:56,990 [ReplicationMonitor] INFO  container.ReplicationManager (ReplicationManager.java:sendCloseCommand(659)) - Sending close container command for container #2 to datanode 24ad807e-6d45-451f-a21b-d43dbe93db59{ip: 192.168.36.83, host: pr-hdds-2096-jg2tg-1247294052, networkLocation: /default-rack, certSerialId: null}.
2019-09-11 20:03:56,990 [ReplicationMonitor] INFO  container.ReplicationManager (ReplicationManager.java:run(225)) - Replication Monitor Thread took 9 milliseconds for processing 4 containers.
2019-09-11 20:03:57,703 [java.util.concurrent.ThreadPoolExecutor$Worker@64f81f1[State = -1, empty queue]] WARN  server.GrpcLogAppender (GrpcLogAppender.java:timeoutAppendRequest(200)) - 9bb405f0-f563-4579-83ea-0bbe163a9fbc@group-CB0F6128481C->e0c56373-add1-4904-83f3-08b0a755b8ed-GrpcLogAppender: appendEntries Timeout, request=9bb405f0-f563-4579-83ea-0bbe163a9fbc->e0c56373-add1-4904-83f3-08b0a755b8ed#131-t1, previous=(t:1, i:13), leaderCommit=10, initializing? false, entries: <empty>
2019-09-11 20:03:58,302 [Command processor thread] INFO  interfaces.Container (KeyValueContainer.java:flushAndSyncDB(386)) - Container 1 is synced with bcsId 4.
2019-09-11 20:03:58,305 [Command processor thread] INFO  interfaces.Container (KeyValueContainer.java:flushAndSyncDB(386)) - Container 1 is synced with bcsId 4.
2019-09-11 20:03:58,322 [Command processor thread] INFO  interfaces.Container (KeyValueContainer.java:close(335)) - Container 1 is closed with bcsId 4.
2019-09-11 20:03:58,322 [Command processor thread] INFO  interfaces.Container (KeyValueContainer.java:flushAndSyncDB(386)) - Container 2 is synced with bcsId 0.
2019-09-11 20:03:58,322 [Command processor thread] INFO  interfaces.Container (KeyValueContainer.java:flushAndSyncDB(386)) - Container 2 is synced with bcsId 0.
2019-09-11 20:03:58,323 [EventQueue-IncrementalContainerReportForIncrementalContainerReportHandler] INFO  container.IncrementalContainerReportHandler (AbstractContainerReportHandler.java:updateContainerState(202)) - Moving container #1 to CLOSED state, datanode 8bc19c34-ed99-4952-a694-bf62b7894053{ip: 192.168.36.83, host: pr-hdds-2096-jg2tg-1247294052, networkLocation: /default-rack, certSerialId: null} reported CLOSED replica.
2019-09-11 20:03:58,337 [Command processor thread] INFO  interfaces.Container (KeyValueContainer.java:close(335)) - Container 2 is closed with bcsId 0.
2019-09-11 20:03:58,338 [EventQueue-IncrementalContainerReportForIncrementalContainerReportHandler] INFO  container.IncrementalContainerReportHandler (AbstractContainerReportHandler.java:updateContainerState(202)) - Moving container #2 to CLOSED state, datanode 8bc19c34-ed99-4952-a694-bf62b7894053{ip: 192.168.36.83, host: pr-hdds-2096-jg2tg-1247294052, networkLocation: /default-rack, certSerialId: null} reported CLOSED replica.
2019-09-11 20:03:58,422 [Command processor thread] INFO  interfaces.Container (KeyValueContainer.java:flushAndSyncDB(386)) - Container 1 is synced with bcsId 4.
2019-09-11 20:03:58,422 [Command processor thread] INFO  interfaces.Container (KeyValueContainer.java:flushAndSyncDB(386)) - Container 1 is synced with bcsId 4.
2019-09-11 20:03:58,436 [Command processor thread] INFO  interfaces.Container (KeyValueContainer.java:close(335)) - Container 1 is closed with bcsId 4.
2019-09-11 20:03:58,437 [Command processor thread] INFO  interfaces.Container (KeyValueContainer.java:flushAndSyncDB(386)) - Container 2 is synced with bcsId 0.
2019-09-11 20:03:58,437 [Command processor thread] INFO  interfaces.Container (KeyValueContainer.java:flushAndSyncDB(386)) - Container 2 is synced with bcsId 0.
2019-09-11 20:03:58,452 [Command processor thread] INFO  interfaces.Container (KeyValueContainer.java:close(335)) - Container 2 is closed with bcsId 0.
2019-09-11 20:03:59,590 [Command processor thread] INFO  interfaces.Container (KeyValueContainer.java:flushAndSyncDB(386)) - Container 1 is synced with bcsId 4.
2019-09-11 20:03:59,590 [Command processor thread] INFO  interfaces.Container (KeyValueContainer.java:flushAndSyncDB(386)) - Container 1 is synced with bcsId 4.
2019-09-11 20:03:59,598 [Command processor thread] INFO  interfaces.Container (KeyValueContainer.java:close(335)) - Container 1 is closed with bcsId 4.
2019-09-11 20:03:59,599 [Command processor thread] INFO  interfaces.Container (KeyValueContainer.java:flushAndSyncDB(386)) - Container 2 is synced with bcsId 0.
2019-09-11 20:03:59,599 [Command processor thread] INFO  interfaces.Container (KeyValueContainer.java:flushAndSyncDB(386)) - Container 2 is synced with bcsId 0.
2019-09-11 20:03:59,611 [Command processor thread] INFO  interfaces.Container (KeyValueContainer.java:close(335)) - Container 2 is closed with bcsId 0.
2019-09-11 20:03:59,687 [9bb405f0-f563-4579-83ea-0bbe163a9fbc@group-CB0F6128481C-SegmentedRaftLogWorker] WARN  segmented.SegmentedRaftLogWorker (SegmentedRaftLogWorker.java:getFromFuture(90)) - Timeout 10/~
org.apache.ratis.protocol.TimeoutIOException: Timeout 10s: WriteLog:11: (t:1, i:11), STATEMACHINELOGENTRY, client-9954D3AE5C83, cid=32-writeStateMachineData
	at org.apache.ratis.util.IOUtils.getFromFuture(IOUtils.java:87)
	at org.apache.ratis.server.raftlog.segmented.SegmentedRaftLogWorker$StateMachineDataPolicy.getFromFuture(SegmentedRaftLogWorker.java:87)
	at org.apache.ratis.server.raftlog.segmented.SegmentedRaftLogWorker$WriteLog.execute(SegmentedRaftLogWorker.java:477)
	at org.apache.ratis.server.raftlog.segmented.SegmentedRaftLogWorker.run(SegmentedRaftLogWorker.java:289)
	at java.lang.Thread.run(Thread.java:748)
Caused by: java.util.concurrent.TimeoutException
	at java.util.concurrent.CompletableFuture.timedGet(CompletableFuture.java:1771)
	at java.util.concurrent.CompletableFuture.get(CompletableFuture.java:1915)
	at org.apache.ratis.util.IOUtils.getFromFuture(IOUtils.java:79)
	... 4 more
2019-09-11 20:03:59,702 [e0c56373-add1-4904-83f3-08b0a755b8ed@group-CB0F6128481C-SegmentedRaftLogWorker] WARN  segmented.SegmentedRaftLogWorker (SegmentedRaftLogWorker.java:getFromFuture(90)) - Timeout 10/~
org.apache.ratis.protocol.TimeoutIOException: Timeout 10s: WriteLog:11: (t:1, i:11), STATEMACHINELOGENTRY, client-9954D3AE5C83, cid=32-writeStateMachineData
	at org.apache.ratis.util.IOUtils.getFromFuture(IOUtils.java:87)
	at org.apache.ratis.server.raftlog.segmented.SegmentedRaftLogWorker$StateMachineDataPolicy.getFromFuture(SegmentedRaftLogWorker.java:87)
	at org.apache.ratis.server.raftlog.segmented.SegmentedRaftLogWorker$WriteLog.execute(SegmentedRaftLogWorker.java:477)
	at org.apache.ratis.server.raftlog.segmented.SegmentedRaftLogWorker.run(SegmentedRaftLogWorker.java:289)
	at java.lang.Thread.run(Thread.java:748)
Caused by: java.util.concurrent.TimeoutException
	at java.util.concurrent.CompletableFuture.timedGet(CompletableFuture.java:1771)
	at java.util.concurrent.CompletableFuture.get(CompletableFuture.java:1915)
	at org.apache.ratis.util.IOUtils.getFromFuture(IOUtils.java:79)
	... 4 more
2019-09-11 20:04:00,204 [java.util.concurrent.ThreadPoolExecutor$Worker@64f81f1[State = -1, empty queue]] WARN  server.GrpcLogAppender (GrpcLogAppender.java:timeoutAppendRequest(200)) - 9bb405f0-f563-4579-83ea-0bbe163a9fbc@group-CB0F6128481C->e0c56373-add1-4904-83f3-08b0a755b8ed-GrpcLogAppender: appendEntries Timeout, request=9bb405f0-f563-4579-83ea-0bbe163a9fbc->e0c56373-add1-4904-83f3-08b0a755b8ed#132-t1, previous=(t:1, i:13), leaderCommit=10, initializing? false, entries: <empty>
2019-09-11 20:04:00,692 [grpc-default-executor-5] INFO  client.GrpcClientProtocolClient (GrpcClientProtocolClient.java:onNext(264)) - client-9954D3AE5C83->e0c56373-add1-4904-83f3-08b0a755b8ed: receive RaftClientReply:client-9954D3AE5C83->e0c56373-add1-4904-83f3-08b0a755b8ed@group-CB0F6128481C, cid=32, FAILED org.apache.ratis.protocol.NotLeaderException: Server e0c56373-add1-4904-83f3-08b0a755b8ed@group-CB0F6128481C is not the leader 9bb405f0-f563-4579-83ea-0bbe163a9fbc:192.168.36.83:46254, logIndex=0, commits[e0c56373-add1-4904-83f3-08b0a755b8ed:c10, 802f7a56-3ac2-455e-92a2-71244eb20cf7:c10, 9bb405f0-f563-4579-83ea-0bbe163a9fbc:c10]
2019-09-11 20:04:02,704 [java.util.concurrent.ThreadPoolExecutor$Worker@64f81f1[State = -1, empty queue]] WARN  server.GrpcLogAppender (GrpcLogAppender.java:timeoutAppendRequest(200)) - 9bb405f0-f563-4579-83ea-0bbe163a9fbc@group-CB0F6128481C->e0c56373-add1-4904-83f3-08b0a755b8ed-GrpcLogAppender: appendEntries Timeout, request=9bb405f0-f563-4579-83ea-0bbe163a9fbc->e0c56373-add1-4904-83f3-08b0a755b8ed#133-t1, previous=(t:1, i:13), leaderCommit=10, initializing? false, entries: <empty>
2019-09-11 20:04:05,205 [java.util.concurrent.ThreadPoolExecutor$Worker@64f81f1[State = -1, empty queue]] WARN  server.GrpcLogAppender (GrpcLogAppender.java:timeoutAppendRequest(200)) - 9bb405f0-f563-4579-83ea-0bbe163a9fbc@group-CB0F6128481C->e0c56373-add1-4904-83f3-08b0a755b8ed-GrpcLogAppender: appendEntries Timeout, request=9bb405f0-f563-4579-83ea-0bbe163a9fbc->e0c56373-add1-4904-83f3-08b0a755b8ed#134-t1, previous=(t:1, i:13), leaderCommit=10, initializing? false, entries: <empty>
2019-09-11 20:04:05,739 [grpc-default-executor-1] INFO  client.GrpcClientProtocolClient (GrpcClientProtocolClient.java:onNext(264)) - client-9954D3AE5C83->802f7a56-3ac2-455e-92a2-71244eb20cf7: receive RaftClientReply:client-9954D3AE5C83->802f7a56-3ac2-455e-92a2-71244eb20cf7@group-CB0F6128481C, cid=32, FAILED org.apache.ratis.protocol.NotLeaderException: Server 802f7a56-3ac2-455e-92a2-71244eb20cf7@group-CB0F6128481C is not the leader 9bb405f0-f563-4579-83ea-0bbe163a9fbc:192.168.36.83:46254, logIndex=0, commits[802f7a56-3ac2-455e-92a2-71244eb20cf7:c10, 9bb405f0-f563-4579-83ea-0bbe163a9fbc:c10, e0c56373-add1-4904-83f3-08b0a755b8ed:c6]
2019-09-11 20:04:07,705 [java.util.concurrent.ThreadPoolExecutor$Worker@64f81f1[State = -1, empty queue]] WARN  server.GrpcLogAppender (GrpcLogAppender.java:timeoutAppendRequest(200)) - 9bb405f0-f563-4579-83ea-0bbe163a9fbc@group-CB0F6128481C->e0c56373-add1-4904-83f3-08b0a755b8ed-GrpcLogAppender: appendEntries Timeout, request=9bb405f0-f563-4579-83ea-0bbe163a9fbc->e0c56373-add1-4904-83f3-08b0a755b8ed#135-t1, previous=(t:1, i:13), leaderCommit=10, initializing? false, entries: <empty>
2019-09-11 20:04:09,688 [9bb405f0-f563-4579-83ea-0bbe163a9fbc@group-CB0F6128481C-SegmentedRaftLogWorker] WARN  segmented.SegmentedRaftLogWorker (SegmentedRaftLogWorker.java:getFromFuture(90)) - Timeout 11/~
org.apache.ratis.protocol.TimeoutIOException: Timeout 10s: WriteLog:11: (t:1, i:11), STATEMACHINELOGENTRY, client-9954D3AE5C83, cid=32-writeStateMachineData
	at org.apache.ratis.util.IOUtils.getFromFuture(IOUtils.java:87)
	at org.apache.ratis.server.raftlog.segmented.SegmentedRaftLogWorker$StateMachineDataPolicy.getFromFuture(SegmentedRaftLogWorker.java:87)
	at org.apache.ratis.server.raftlog.segmented.SegmentedRaftLogWorker$WriteLog.execute(SegmentedRaftLogWorker.java:477)
	at org.apache.ratis.server.raftlog.segmented.SegmentedRaftLogWorker.run(SegmentedRaftLogWorker.java:289)
	at java.lang.Thread.run(Thread.java:748)
Caused by: java.util.concurrent.TimeoutException
	at java.util.concurrent.CompletableFuture.timedGet(CompletableFuture.java:1771)
	at java.util.concurrent.CompletableFuture.get(CompletableFuture.java:1915)
	at org.apache.ratis.util.IOUtils.getFromFuture(IOUtils.java:79)
	... 4 more
2019-09-11 20:04:09,703 [e0c56373-add1-4904-83f3-08b0a755b8ed@group-CB0F6128481C-SegmentedRaftLogWorker] WARN  segmented.SegmentedRaftLogWorker (SegmentedRaftLogWorker.java:getFromFuture(90)) - Timeout 11/~
org.apache.ratis.protocol.TimeoutIOException: Timeout 10s: WriteLog:11: (t:1, i:11), STATEMACHINELOGENTRY, client-9954D3AE5C83, cid=32-writeStateMachineData
	at org.apache.ratis.util.IOUtils.getFromFuture(IOUtils.java:87)
	at org.apache.ratis.server.raftlog.segmented.SegmentedRaftLogWorker$StateMachineDataPolicy.getFromFuture(SegmentedRaftLogWorker.java:87)
	at org.apache.ratis.server.raftlog.segmented.SegmentedRaftLogWorker$WriteLog.execute(SegmentedRaftLogWorker.java:477)
	at org.apache.ratis.server.raftlog.segmented.SegmentedRaftLogWorker.run(SegmentedRaftLogWorker.java:289)
	at java.lang.Thread.run(Thread.java:748)
Caused by: java.util.concurrent.TimeoutException
	at java.util.concurrent.CompletableFuture.timedGet(CompletableFuture.java:1771)
	at java.util.concurrent.CompletableFuture.get(CompletableFuture.java:1915)
	at org.apache.ratis.util.IOUtils.getFromFuture(IOUtils.java:79)
	... 4 more
2019-09-11 20:04:09,714 [org.apache.ratis.server.impl.LogAppender$AppenderDaemon$$Lambda$513/1740195529@603b50d] ERROR ratis.XceiverServerRatis (XceiverServerRatis.java:triggerPipelineClose(568)) - pipeline Action CLOSE  on pipeline PipelineID=81716df0-3bfb-41b4-bf98-cb0f6128481c.Reason : 9bb405f0-f563-4579-83ea-0bbe163a9fbc has not seen follower/s e0c56373-add1-4904-83f3-08b0a755b8ed for 120208ms
2019-09-11 20:04:09,807 [EventQueue-PipelineActionsForPipelineActionHandler] ERROR pipeline.PipelineActionHandler (PipelineActionHandler.java:onMessage(60)) - Received pipeline action CLOSE for Pipeline[ Id: 81716df0-3bfb-41b4-bf98-cb0f6128481c, Nodes: 802f7a56-3ac2-455e-92a2-71244eb20cf7{ip: 192.168.36.83, host: pr-hdds-2096-jg2tg-1247294052, networkLocation: /default-rack, certSerialId: null}e0c56373-add1-4904-83f3-08b0a755b8ed{ip: 192.168.36.83, host: pr-hdds-2096-jg2tg-1247294052, networkLocation: /default-rack, certSerialId: null}9bb405f0-f563-4579-83ea-0bbe163a9fbc{ip: 192.168.36.83, host: pr-hdds-2096-jg2tg-1247294052, networkLocation: /default-rack, certSerialId: null}, Type:RATIS, Factor:THREE, State:OPEN] from datanode 9bb405f0-f563-4579-83ea-0bbe163a9fbc{ip: 192.168.36.83, host: pr-hdds-2096-jg2tg-1247294052, networkLocation: /default-rack, certSerialId: null}. Reason : 9bb405f0-f563-4579-83ea-0bbe163a9fbc has not seen follower/s e0c56373-add1-4904-83f3-08b0a755b8ed for 120208ms
2019-09-11 20:04:09,807 [EventQueue-PipelineActionsForPipelineActionHandler] INFO  pipeline.SCMPipelineManager (SCMPipelineManager.java:finalizeAndDestroyPipeline(311)) - destroying pipeline:Pipeline[ Id: 81716df0-3bfb-41b4-bf98-cb0f6128481c, Nodes: 802f7a56-3ac2-455e-92a2-71244eb20cf7{ip: 192.168.36.83, host: pr-hdds-2096-jg2tg-1247294052, networkLocation: /default-rack, certSerialId: null}e0c56373-add1-4904-83f3-08b0a755b8ed{ip: 192.168.36.83, host: pr-hdds-2096-jg2tg-1247294052, networkLocation: /default-rack, certSerialId: null}9bb405f0-f563-4579-83ea-0bbe163a9fbc{ip: 192.168.36.83, host: pr-hdds-2096-jg2tg-1247294052, networkLocation: /default-rack, certSerialId: null}, Type:RATIS, Factor:THREE, State:OPEN]
2019-09-11 20:04:09,807 [EventQueue-PipelineActionsForPipelineActionHandler] INFO  pipeline.PipelineStateManager (PipelineStateManager.java:finalizePipeline(123)) - Pipeline Pipeline[ Id: 81716df0-3bfb-41b4-bf98-cb0f6128481c, Nodes: 802f7a56-3ac2-455e-92a2-71244eb20cf7{ip: 192.168.36.83, host: pr-hdds-2096-jg2tg-1247294052, networkLocation: /default-rack, certSerialId: null}e0c56373-add1-4904-83f3-08b0a755b8ed{ip: 192.168.36.83, host: pr-hdds-2096-jg2tg-1247294052, networkLocation: /default-rack, certSerialId: null}9bb405f0-f563-4579-83ea-0bbe163a9fbc{ip: 192.168.36.83, host: pr-hdds-2096-jg2tg-1247294052, networkLocation: /default-rack, certSerialId: null}, Type:RATIS, Factor:THREE, State:CLOSED] moved to CLOSED state
2019-09-11 20:04:09,807 [EventQueue-CloseContainerForCloseContainerEventHandler] INFO  container.CloseContainerEventHandler (CloseContainerEventHandler.java:onMessage(61)) - Close container Event triggered for container : #3
2019-09-11 20:04:09,808 [EventQueue-CloseContainerForCloseContainerEventHandler] INFO  container.CloseContainerEventHandler (CloseContainerEventHandler.java:onMessage(61)) - Close container Event triggered for container : #4
2019-09-11 20:04:10,206 [java.util.concurrent.ThreadPoolExecutor$Worker@64f81f1[State = -1, empty queue]] WARN  server.GrpcLogAppender (GrpcLogAppender.java:timeoutAppendRequest(200)) - 9bb405f0-f563-4579-83ea-0bbe163a9fbc@group-CB0F6128481C->e0c56373-add1-4904-83f3-08b0a755b8ed-GrpcLogAppender: appendEntries Timeout, request=9bb405f0-f563-4579-83ea-0bbe163a9fbc->e0c56373-add1-4904-83f3-08b0a755b8ed#136-t1, previous=(t:1, i:13), leaderCommit=10, initializing? false, entries: <empty>
2019-09-11 20:04:10,782 [grpc-default-executor-1] INFO  client.GrpcClientProtocolClient (GrpcClientProtocolClient.java:onNext(264)) - client-9954D3AE5C83->e0c56373-add1-4904-83f3-08b0a755b8ed: receive RaftClientReply:client-9954D3AE5C83->e0c56373-add1-4904-83f3-08b0a755b8ed@group-CB0F6128481C, cid=32, FAILED org.apache.ratis.protocol.NotLeaderException: Server e0c56373-add1-4904-83f3-08b0a755b8ed@group-CB0F6128481C is not the leader 9bb405f0-f563-4579-83ea-0bbe163a9fbc:192.168.36.83:46254, logIndex=0, commits[e0c56373-add1-4904-83f3-08b0a755b8ed:c10, 802f7a56-3ac2-455e-92a2-71244eb20cf7:c10, 9bb405f0-f563-4579-83ea-0bbe163a9fbc:c10]
2019-09-11 20:04:12,207 [org.apache.ratis.server.impl.LogAppender$AppenderDaemon$$Lambda$513/1740195529@603b50d] ERROR ratis.XceiverServerRatis (XceiverServerRatis.java:triggerPipelineClose(568)) - pipeline Action CLOSE  on pipeline PipelineID=81716df0-3bfb-41b4-bf98-cb0f6128481c.Reason : 9bb405f0-f563-4579-83ea-0bbe163a9fbc has not seen follower/s e0c56373-add1-4904-83f3-08b0a755b8ed for 122708ms
2019-09-11 20:04:12,707 [java.util.concurrent.ThreadPoolExecutor$Worker@64f81f1[State = -1, empty queue]] WARN  server.GrpcLogAppender (GrpcLogAppender.java:timeoutAppendRequest(200)) - 9bb405f0-f563-4579-83ea-0bbe163a9fbc@group-CB0F6128481C->e0c56373-add1-4904-83f3-08b0a755b8ed-GrpcLogAppender: appendEntries Timeout, request=9bb405f0-f563-4579-83ea-0bbe163a9fbc->e0c56373-add1-4904-83f3-08b0a755b8ed#137-t1, previous=(t:1, i:13), leaderCommit=10, initializing? false, entries: <empty>
2019-09-11 20:04:12,812 [EventQueue-PipelineActionsForPipelineActionHandler] ERROR pipeline.PipelineActionHandler (PipelineActionHandler.java:onMessage(60)) - Received pipeline action CLOSE for Pipeline[ Id: 81716df0-3bfb-41b4-bf98-cb0f6128481c, Nodes: 802f7a56-3ac2-455e-92a2-71244eb20cf7{ip: 192.168.36.83, host: pr-hdds-2096-jg2tg-1247294052, networkLocation: /default-rack, certSerialId: null}e0c56373-add1-4904-83f3-08b0a755b8ed{ip: 192.168.36.83, host: pr-hdds-2096-jg2tg-1247294052, networkLocation: /default-rack, certSerialId: null}9bb405f0-f563-4579-83ea-0bbe163a9fbc{ip: 192.168.36.83, host: pr-hdds-2096-jg2tg-1247294052, networkLocation: /default-rack, certSerialId: null}, Type:RATIS, Factor:THREE, State:CLOSED] from datanode 9bb405f0-f563-4579-83ea-0bbe163a9fbc{ip: 192.168.36.83, host: pr-hdds-2096-jg2tg-1247294052, networkLocation: /default-rack, certSerialId: null}. Reason : 9bb405f0-f563-4579-83ea-0bbe163a9fbc has not seen follower/s e0c56373-add1-4904-83f3-08b0a755b8ed for 122708ms
2019-09-11 20:04:12,813 [EventQueue-PipelineActionsForPipelineActionHandler] INFO  pipeline.SCMPipelineManager (SCMPipelineManager.java:finalizeAndDestroyPipeline(311)) - destroying pipeline:Pipeline[ Id: 81716df0-3bfb-41b4-bf98-cb0f6128481c, Nodes: 802f7a56-3ac2-455e-92a2-71244eb20cf7{ip: 192.168.36.83, host: pr-hdds-2096-jg2tg-1247294052, networkLocation: /default-rack, certSerialId: null}e0c56373-add1-4904-83f3-08b0a755b8ed{ip: 192.168.36.83, host: pr-hdds-2096-jg2tg-1247294052, networkLocation: /default-rack, certSerialId: null}9bb405f0-f563-4579-83ea-0bbe163a9fbc{ip: 192.168.36.83, host: pr-hdds-2096-jg2tg-1247294052, networkLocation: /default-rack, certSerialId: null}, Type:RATIS, Factor:THREE, State:CLOSED]
2019-09-11 20:04:12,819 [org.apache.ratis.server.impl.LogAppender$AppenderDaemon$$Lambda$513/1740195529@603b50d] ERROR ratis.XceiverServerRatis (XceiverServerRatis.java:triggerPipelineClose(568)) - pipeline Action CLOSE  on pipeline PipelineID=81716df0-3bfb-41b4-bf98-cb0f6128481c.Reason : 9bb405f0-f563-4579-83ea-0bbe163a9fbc has not seen follower/s e0c56373-add1-4904-83f3-08b0a755b8ed for 123320ms
2019-09-11 20:04:13,817 [EventQueue-PipelineActionsForPipelineActionHandler] ERROR pipeline.PipelineActionHandler (PipelineActionHandler.java:onMessage(60)) - Received pipeline action CLOSE for Pipeline[ Id: 81716df0-3bfb-41b4-bf98-cb0f6128481c, Nodes: 802f7a56-3ac2-455e-92a2-71244eb20cf7{ip: 192.168.36.83, host: pr-hdds-2096-jg2tg-1247294052, networkLocation: /default-rack, certSerialId: null}e0c56373-add1-4904-83f3-08b0a755b8ed{ip: 192.168.36.83, host: pr-hdds-2096-jg2tg-1247294052, networkLocation: /default-rack, certSerialId: null}9bb405f0-f563-4579-83ea-0bbe163a9fbc{ip: 192.168.36.83, host: pr-hdds-2096-jg2tg-1247294052, networkLocation: /default-rack, certSerialId: null}, Type:RATIS, Factor:THREE, State:CLOSED] from datanode 9bb405f0-f563-4579-83ea-0bbe163a9fbc{ip: 192.168.36.83, host: pr-hdds-2096-jg2tg-1247294052, networkLocation: /default-rack, certSerialId: null}. Reason : 9bb405f0-f563-4579-83ea-0bbe163a9fbc has not seen follower/s e0c56373-add1-4904-83f3-08b0a755b8ed for 123320ms
2019-09-11 20:04:13,818 [EventQueue-PipelineActionsForPipelineActionHandler] INFO  pipeline.SCMPipelineManager (SCMPipelineManager.java:finalizeAndDestroyPipeline(311)) - destroying pipeline:Pipeline[ Id: 81716df0-3bfb-41b4-bf98-cb0f6128481c, Nodes: 802f7a56-3ac2-455e-92a2-71244eb20cf7{ip: 192.168.36.83, host: pr-hdds-2096-jg2tg-1247294052, networkLocation: /default-rack, certSerialId: null}e0c56373-add1-4904-83f3-08b0a755b8ed{ip: 192.168.36.83, host: pr-hdds-2096-jg2tg-1247294052, networkLocation: /default-rack, certSerialId: null}9bb405f0-f563-4579-83ea-0bbe163a9fbc{ip: 192.168.36.83, host: pr-hdds-2096-jg2tg-1247294052, networkLocation: /default-rack, certSerialId: null}, Type:RATIS, Factor:THREE, State:CLOSED]
2019-09-11 20:04:15,207 [java.util.concurrent.ThreadPoolExecutor$Worker@64f81f1[State = -1, empty queue]] WARN  server.GrpcLogAppender (GrpcLogAppender.java:timeoutAppendRequest(200)) - 9bb405f0-f563-4579-83ea-0bbe163a9fbc@group-CB0F6128481C->e0c56373-add1-4904-83f3-08b0a755b8ed-GrpcLogAppender: appendEntries Timeout, request=9bb405f0-f563-4579-83ea-0bbe163a9fbc->e0c56373-add1-4904-83f3-08b0a755b8ed#138-t1, previous=(t:1, i:13), leaderCommit=10, initializing? false, entries: <empty>
2019-09-11 20:04:15,320 [org.apache.ratis.server.impl.LogAppender$AppenderDaemon$$Lambda$513/1740195529@603b50d] ERROR ratis.XceiverServerRatis (XceiverServerRatis.java:triggerPipelineClose(568)) - pipeline Action CLOSE  on pipeline PipelineID=81716df0-3bfb-41b4-bf98-cb0f6128481c.Reason : 9bb405f0-f563-4579-83ea-0bbe163a9fbc has not seen follower/s e0c56373-add1-4904-83f3-08b0a755b8ed for 125821ms
2019-09-11 20:04:15,819 [java.util.concurrent.ThreadPoolExecutor$Worker@64f81f1[State = -1, empty queue]] WARN  server.GrpcLogAppender (GrpcLogAppender.java:timeoutAppendRequest(200)) - 9bb405f0-f563-4579-83ea-0bbe163a9fbc@group-CB0F6128481C->e0c56373-add1-4904-83f3-08b0a755b8ed-GrpcLogAppender: appendEntries Timeout, request=9bb405f0-f563-4579-83ea-0bbe163a9fbc->e0c56373-add1-4904-83f3-08b0a755b8ed#139-t1, previous=(t:1, i:13), leaderCommit=10, initializing? false, entries: size=1, first=(t:1, i:14), STATEMACHINELOGENTRY, client-09A9F47287A2, cid=10
2019-09-11 20:04:15,819 [EventQueue-PipelineActionsForPipelineActionHandler] ERROR pipeline.PipelineActionHandler (PipelineActionHandler.java:onMessage(60)) - Received pipeline action CLOSE for Pipeline[ Id: 81716df0-3bfb-41b4-bf98-cb0f6128481c, Nodes: 802f7a56-3ac2-455e-92a2-71244eb20cf7{ip: 192.168.36.83, host: pr-hdds-2096-jg2tg-1247294052, networkLocation: /default-rack, certSerialId: null}e0c56373-add1-4904-83f3-08b0a755b8ed{ip: 192.168.36.83, host: pr-hdds-2096-jg2tg-1247294052, networkLocation: /default-rack, certSerialId: null}9bb405f0-f563-4579-83ea-0bbe163a9fbc{ip: 192.168.36.83, host: pr-hdds-2096-jg2tg-1247294052, networkLocation: /default-rack, certSerialId: null}, Type:RATIS, Factor:THREE, State:CLOSED] from datanode 9bb405f0-f563-4579-83ea-0bbe163a9fbc{ip: 192.168.36.83, host: pr-hdds-2096-jg2tg-1247294052, networkLocation: /default-rack, certSerialId: null}. Reason : 9bb405f0-f563-4579-83ea-0bbe163a9fbc has not seen follower/s e0c56373-add1-4904-83f3-08b0a755b8ed for 125821ms
2019-09-11 20:04:15,819 [EventQueue-PipelineActionsForPipelineActionHandler] INFO  pipeline.SCMPipelineManager (SCMPipelineManager.java:finalizeAndDestroyPipeline(311)) - destroying pipeline:Pipeline[ Id: 81716df0-3bfb-41b4-bf98-cb0f6128481c, Nodes: 802f7a56-3ac2-455e-92a2-71244eb20cf7{ip: 192.168.36.83, host: pr-hdds-2096-jg2tg-1247294052, networkLocation: /default-rack, certSerialId: null}e0c56373-add1-4904-83f3-08b0a755b8ed{ip: 192.168.36.83, host: pr-hdds-2096-jg2tg-1247294052, networkLocation: /default-rack, certSerialId: null}9bb405f0-f563-4579-83ea-0bbe163a9fbc{ip: 192.168.36.83, host: pr-hdds-2096-jg2tg-1247294052, networkLocation: /default-rack, certSerialId: null}, Type:RATIS, Factor:THREE, State:CLOSED]
2019-09-11 20:04:15,831 [grpc-default-executor-5] INFO  client.GrpcClientProtocolClient (GrpcClientProtocolClient.java:onNext(264)) - client-9954D3AE5C83->e0c56373-add1-4904-83f3-08b0a755b8ed: receive RaftClientReply:client-9954D3AE5C83->e0c56373-add1-4904-83f3-08b0a755b8ed@group-CB0F6128481C, cid=32, FAILED org.apache.ratis.protocol.NotLeaderException: Server e0c56373-add1-4904-83f3-08b0a755b8ed@group-CB0F6128481C is not the leader 9bb405f0-f563-4579-83ea-0bbe163a9fbc:192.168.36.83:46254, logIndex=0, commits[e0c56373-add1-4904-83f3-08b0a755b8ed:c10, 802f7a56-3ac2-455e-92a2-71244eb20cf7:c10, 9bb405f0-f563-4579-83ea-0bbe163a9fbc:c10]
2019-09-11 20:04:17,820 [org.apache.ratis.server.impl.LogAppender$AppenderDaemon$$Lambda$513/1740195529@603b50d] ERROR ratis.XceiverServerRatis (XceiverServerRatis.java:triggerPipelineClose(568)) - pipeline Action CLOSE  on pipeline PipelineID=81716df0-3bfb-41b4-bf98-cb0f6128481c.Reason : 9bb405f0-f563-4579-83ea-0bbe163a9fbc has not seen follower/s e0c56373-add1-4904-83f3-08b0a755b8ed for 128321ms
2019-09-11 20:04:18,320 [java.util.concurrent.ThreadPoolExecutor$Worker@64f81f1[State = -1, empty queue]] WARN  server.GrpcLogAppender (GrpcLogAppender.java:timeoutAppendRequest(200)) - 9bb405f0-f563-4579-83ea-0bbe163a9fbc@group-CB0F6128481C->e0c56373-add1-4904-83f3-08b0a755b8ed-GrpcLogAppender: appendEntries Timeout, request=9bb405f0-f563-4579-83ea-0bbe163a9fbc->e0c56373-add1-4904-83f3-08b0a755b8ed#140-t1, previous=(t:1, i:14), leaderCommit=10, initializing? false, entries: <empty>
2019-09-11 20:04:18,819 [EventQueue-PipelineActionsForPipelineActionHandler] ERROR pipeline.PipelineActionHandler (PipelineActionHandler.java:onMessage(60)) - Received pipeline action CLOSE for Pipeline[ Id: 81716df0-3bfb-41b4-bf98-cb0f6128481c, Nodes: 802f7a56-3ac2-455e-92a2-71244eb20cf7{ip: 192.168.36.83, host: pr-hdds-2096-jg2tg-1247294052, networkLocation: /default-rack, certSerialId: null}e0c56373-add1-4904-83f3-08b0a755b8ed{ip: 192.168.36.83, host: pr-hdds-2096-jg2tg-1247294052, networkLocation: /default-rack, certSerialId: null}9bb405f0-f563-4579-83ea-0bbe163a9fbc{ip: 192.168.36.83, host: pr-hdds-2096-jg2tg-1247294052, networkLocation: /default-rack, certSerialId: null}, Type:RATIS, Factor:THREE, State:CLOSED] from datanode 9bb405f0-f563-4579-83ea-0bbe163a9fbc{ip: 192.168.36.83, host: pr-hdds-2096-jg2tg-1247294052, networkLocation: /default-rack, certSerialId: null}. Reason : 9bb405f0-f563-4579-83ea-0bbe163a9fbc has not seen follower/s e0c56373-add1-4904-83f3-08b0a755b8ed for 128321ms
2019-09-11 20:04:18,819 [EventQueue-PipelineActionsForPipelineActionHandler] INFO  pipeline.SCMPipelineManager (SCMPipelineManager.java:finalizeAndDestroyPipeline(311)) - destroying pipeline:Pipeline[ Id: 81716df0-3bfb-41b4-bf98-cb0f6128481c, Nodes: 802f7a56-3ac2-455e-92a2-71244eb20cf7{ip: 192.168.36.83, host: pr-hdds-2096-jg2tg-1247294052, networkLocation: /default-rack, certSerialId: null}e0c56373-add1-4904-83f3-08b0a755b8ed{ip: 192.168.36.83, host: pr-hdds-2096-jg2tg-1247294052, networkLocation: /default-rack, certSerialId: null}9bb405f0-f563-4579-83ea-0bbe163a9fbc{ip: 192.168.36.83, host: pr-hdds-2096-jg2tg-1247294052, networkLocation: /default-rack, certSerialId: null}, Type:RATIS, Factor:THREE, State:CLOSED]
2019-09-11 20:04:19,689 [9bb405f0-f563-4579-83ea-0bbe163a9fbc@group-CB0F6128481C-SegmentedRaftLogWorker] WARN  segmented.SegmentedRaftLogWorker (SegmentedRaftLogWorker.java:getFromFuture(90)) - Timeout 12/~
org.apache.ratis.protocol.TimeoutIOException: Timeout 10s: WriteLog:11: (t:1, i:11), STATEMACHINELOGENTRY, client-9954D3AE5C83, cid=32-writeStateMachineData
	at org.apache.ratis.util.IOUtils.getFromFuture(IOUtils.java:87)
	at org.apache.ratis.server.raftlog.segmented.SegmentedRaftLogWorker$StateMachineDataPolicy.getFromFuture(SegmentedRaftLogWorker.java:87)
	at org.apache.ratis.server.raftlog.segmented.SegmentedRaftLogWorker$WriteLog.execute(SegmentedRaftLogWorker.java:477)
	at org.apache.ratis.server.raftlog.segmented.SegmentedRaftLogWorker.run(SegmentedRaftLogWorker.java:289)
	at java.lang.Thread.run(Thread.java:748)
Caused by: java.util.concurrent.TimeoutException
	at java.util.concurrent.CompletableFuture.timedGet(CompletableFuture.java:1771)
	at java.util.concurrent.CompletableFuture.get(CompletableFuture.java:1915)
	at org.apache.ratis.util.IOUtils.getFromFuture(IOUtils.java:79)
	... 4 more
2019-09-11 20:04:19,704 [e0c56373-add1-4904-83f3-08b0a755b8ed@group-CB0F6128481C-SegmentedRaftLogWorker] WARN  segmented.SegmentedRaftLogWorker (SegmentedRaftLogWorker.java:getFromFuture(90)) - Timeout 12/~
org.apache.ratis.protocol.TimeoutIOException: Timeout 10s: WriteLog:11: (t:1, i:11), STATEMACHINELOGENTRY, client-9954D3AE5C83, cid=32-writeStateMachineData
	at org.apache.ratis.util.IOUtils.getFromFuture(IOUtils.java:87)
	at org.apache.ratis.server.raftlog.segmented.SegmentedRaftLogWorker$StateMachineDataPolicy.getFromFuture(SegmentedRaftLogWorker.java:87)
	at org.apache.ratis.server.raftlog.segmented.SegmentedRaftLogWorker$WriteLog.execute(SegmentedRaftLogWorker.java:477)
	at org.apache.ratis.server.raftlog.segmented.SegmentedRaftLogWorker.run(SegmentedRaftLogWorker.java:289)
	at java.lang.Thread.run(Thread.java:748)
Caused by: java.util.concurrent.TimeoutException
	at java.util.concurrent.CompletableFuture.timedGet(CompletableFuture.java:1771)
	at java.util.concurrent.CompletableFuture.get(CompletableFuture.java:1915)
	at org.apache.ratis.util.IOUtils.getFromFuture(IOUtils.java:79)
	... 4 more
2019-09-11 20:04:20,321 [org.apache.ratis.server.impl.LogAppender$AppenderDaemon$$Lambda$513/1740195529@603b50d] ERROR ratis.XceiverServerRatis (XceiverServerRatis.java:triggerPipelineClose(568)) - pipeline Action CLOSE  on pipeline PipelineID=81716df0-3bfb-41b4-bf98-cb0f6128481c.Reason : 9bb405f0-f563-4579-83ea-0bbe163a9fbc has not seen follower/s e0c56373-add1-4904-83f3-08b0a755b8ed for 130822ms
2019-09-11 20:04:20,818 [EventQueue-PipelineActionsForPipelineActionHandler] ERROR pipeline.PipelineActionHandler (PipelineActionHandler.java:onMessage(60)) - Received pipeline action CLOSE for Pipeline[ Id: 81716df0-3bfb-41b4-bf98-cb0f6128481c, Nodes: 802f7a56-3ac2-455e-92a2-71244eb20cf7{ip: 192.168.36.83, host: pr-hdds-2096-jg2tg-1247294052, networkLocation: /default-rack, certSerialId: null}e0c56373-add1-4904-83f3-08b0a755b8ed{ip: 192.168.36.83, host: pr-hdds-2096-jg2tg-1247294052, networkLocation: /default-rack, certSerialId: null}9bb405f0-f563-4579-83ea-0bbe163a9fbc{ip: 192.168.36.83, host: pr-hdds-2096-jg2tg-1247294052, networkLocation: /default-rack, certSerialId: null}, Type:RATIS, Factor:THREE, State:CLOSED] from datanode 9bb405f0-f563-4579-83ea-0bbe163a9fbc{ip: 192.168.36.83, host: pr-hdds-2096-jg2tg-1247294052, networkLocation: /default-rack, certSerialId: null}. Reason : 9bb405f0-f563-4579-83ea-0bbe163a9fbc has not seen follower/s e0c56373-add1-4904-83f3-08b0a755b8ed for 130822ms
2019-09-11 20:04:20,819 [EventQueue-PipelineActionsForPipelineActionHandler] INFO  pipeline.SCMPipelineManager (SCMPipelineManager.java:finalizeAndDestroyPipeline(311)) - destroying pipeline:Pipeline[ Id: 81716df0-3bfb-41b4-bf98-cb0f6128481c, Nodes: 802f7a56-3ac2-455e-92a2-71244eb20cf7{ip: 192.168.36.83, host: pr-hdds-2096-jg2tg-1247294052, networkLocation: /default-rack, certSerialId: null}e0c56373-add1-4904-83f3-08b0a755b8ed{ip: 192.168.36.83, host: pr-hdds-2096-jg2tg-1247294052, networkLocation: /default-rack, certSerialId: null}9bb405f0-f563-4579-83ea-0bbe163a9fbc{ip: 192.168.36.83, host: pr-hdds-2096-jg2tg-1247294052, networkLocation: /default-rack, certSerialId: null}, Type:RATIS, Factor:THREE, State:CLOSED]
2019-09-11 20:04:20,820 [java.util.concurrent.ThreadPoolExecutor$Worker@64f81f1[State = -1, empty queue]] WARN  server.GrpcLogAppender (GrpcLogAppender.java:timeoutAppendRequest(200)) - 9bb405f0-f563-4579-83ea-0bbe163a9fbc@group-CB0F6128481C->e0c56373-add1-4904-83f3-08b0a755b8ed-GrpcLogAppender: appendEntries Timeout, request=9bb405f0-f563-4579-83ea-0bbe163a9fbc->e0c56373-add1-4904-83f3-08b0a755b8ed#141-t1, previous=(t:1, i:14), leaderCommit=10, initializing? false, entries: <empty>
2019-09-11 20:04:20,873 [grpc-default-executor-1] INFO  client.GrpcClientProtocolClient (GrpcClientProtocolClient.java:onNext(264)) - client-9954D3AE5C83->e0c56373-add1-4904-83f3-08b0a755b8ed: receive RaftClientReply:client-9954D3AE5C83->e0c56373-add1-4904-83f3-08b0a755b8ed@group-CB0F6128481C, cid=32, FAILED org.apache.ratis.protocol.NotLeaderException: Server e0c56373-add1-4904-83f3-08b0a755b8ed@group-CB0F6128481C is not the leader 9bb405f0-f563-4579-83ea-0bbe163a9fbc:192.168.36.83:46254, logIndex=0, commits[e0c56373-add1-4904-83f3-08b0a755b8ed:c10, 802f7a56-3ac2-455e-92a2-71244eb20cf7:c10, 9bb405f0-f563-4579-83ea-0bbe163a9fbc:c10]
2019-09-11 20:04:22,822 [org.apache.ratis.server.impl.LogAppender$AppenderDaemon$$Lambda$513/1740195529@603b50d] ERROR ratis.XceiverServerRatis (XceiverServerRatis.java:triggerPipelineClose(568)) - pipeline Action CLOSE  on pipeline PipelineID=81716df0-3bfb-41b4-bf98-cb0f6128481c.Reason : 9bb405f0-f563-4579-83ea-0bbe163a9fbc has not seen follower/s e0c56373-add1-4904-83f3-08b0a755b8ed for 133323ms
2019-09-11 20:04:23,321 [java.util.concurrent.ThreadPoolExecutor$Worker@64f81f1[State = -1, empty queue]] WARN  server.GrpcLogAppender (GrpcLogAppender.java:timeoutAppendRequest(200)) - 9bb405f0-f563-4579-83ea-0bbe163a9fbc@group-CB0F6128481C->e0c56373-add1-4904-83f3-08b0a755b8ed-GrpcLogAppender: appendEntries Timeout, request=9bb405f0-f563-4579-83ea-0bbe163a9fbc->e0c56373-add1-4904-83f3-08b0a755b8ed#142-t1, previous=(t:1, i:14), leaderCommit=10, initializing? false, entries: <empty>
2019-09-11 20:04:23,819 [EventQueue-PipelineActionsForPipelineActionHandler] ERROR pipeline.PipelineActionHandler (PipelineActionHandler.java:onMessage(60)) - Received pipeline action CLOSE for Pipeline[ Id: 81716df0-3bfb-41b4-bf98-cb0f6128481c, Nodes: 802f7a56-3ac2-455e-92a2-71244eb20cf7{ip: 192.168.36.83, host: pr-hdds-2096-jg2tg-1247294052, networkLocation: /default-rack, certSerialId: null}e0c56373-add1-4904-83f3-08b0a755b8ed{ip: 192.168.36.83, host: pr-hdds-2096-jg2tg-1247294052, networkLocation: /default-rack, certSerialId: null}9bb405f0-f563-4579-83ea-0bbe163a9fbc{ip: 192.168.36.83, host: pr-hdds-2096-jg2tg-1247294052, networkLocation: /default-rack, certSerialId: null}, Type:RATIS, Factor:THREE, State:CLOSED] from datanode 9bb405f0-f563-4579-83ea-0bbe163a9fbc{ip: 192.168.36.83, host: pr-hdds-2096-jg2tg-1247294052, networkLocation: /default-rack, certSerialId: null}. Reason : 9bb405f0-f563-4579-83ea-0bbe163a9fbc has not seen follower/s e0c56373-add1-4904-83f3-08b0a755b8ed for 133323ms
2019-09-11 20:04:23,819 [EventQueue-PipelineActionsForPipelineActionHandler] INFO  pipeline.SCMPipelineManager (SCMPipelineManager.java:finalizeAndDestroyPipeline(311)) - destroying pipeline:Pipeline[ Id: 81716df0-3bfb-41b4-bf98-cb0f6128481c, Nodes: 802f7a56-3ac2-455e-92a2-71244eb20cf7{ip: 192.168.36.83, host: pr-hdds-2096-jg2tg-1247294052, networkLocation: /default-rack, certSerialId: null}e0c56373-add1-4904-83f3-08b0a755b8ed{ip: 192.168.36.83, host: pr-hdds-2096-jg2tg-1247294052, networkLocation: /default-rack, certSerialId: null}9bb405f0-f563-4579-83ea-0bbe163a9fbc{ip: 192.168.36.83, host: pr-hdds-2096-jg2tg-1247294052, networkLocation: /default-rack, certSerialId: null}, Type:RATIS, Factor:THREE, State:CLOSED]
2019-09-11 20:04:25,323 [org.apache.ratis.server.impl.LogAppender$AppenderDaemon$$Lambda$513/1740195529@603b50d] ERROR ratis.XceiverServerRatis (XceiverServerRatis.java:triggerPipelineClose(568)) - pipeline Action CLOSE  on pipeline PipelineID=81716df0-3bfb-41b4-bf98-cb0f6128481c.Reason : 9bb405f0-f563-4579-83ea-0bbe163a9fbc has not seen follower/s e0c56373-add1-4904-83f3-08b0a755b8ed for 135824ms
2019-09-11 20:04:25,819 [EventQueue-PipelineActionsForPipelineActionHandler] ERROR pipeline.PipelineActionHandler (PipelineActionHandler.java:onMessage(60)) - Received pipeline action CLOSE for Pipeline[ Id: 81716df0-3bfb-41b4-bf98-cb0f6128481c, Nodes: 802f7a56-3ac2-455e-92a2-71244eb20cf7{ip: 192.168.36.83, host: pr-hdds-2096-jg2tg-1247294052, networkLocation: /default-rack, certSerialId: null}e0c56373-add1-4904-83f3-08b0a755b8ed{ip: 192.168.36.83, host: pr-hdds-2096-jg2tg-1247294052, networkLocation: /default-rack, certSerialId: null}9bb405f0-f563-4579-83ea-0bbe163a9fbc{ip: 192.168.36.83, host: pr-hdds-2096-jg2tg-1247294052, networkLocation: /default-rack, certSerialId: null}, Type:RATIS, Factor:THREE, State:CLOSED] from datanode 9bb405f0-f563-4579-83ea-0bbe163a9fbc{ip: 192.168.36.83, host: pr-hdds-2096-jg2tg-1247294052, networkLocation: /default-rack, certSerialId: null}. Reason : 9bb405f0-f563-4579-83ea-0bbe163a9fbc has not seen follower/s e0c56373-add1-4904-83f3-08b0a755b8ed for 135824ms
2019-09-11 20:04:25,819 [EventQueue-PipelineActionsForPipelineActionHandler] INFO  pipeline.SCMPipelineManager (SCMPipelineManager.java:finalizeAndDestroyPipeline(311)) - destroying pipeline:Pipeline[ Id: 81716df0-3bfb-41b4-bf98-cb0f6128481c, Nodes: 802f7a56-3ac2-455e-92a2-71244eb20cf7{ip: 192.168.36.83, host: pr-hdds-2096-jg2tg-1247294052, networkLocation: /default-rack, certSerialId: null}e0c56373-add1-4904-83f3-08b0a755b8ed{ip: 192.168.36.83, host: pr-hdds-2096-jg2tg-1247294052, networkLocation: /default-rack, certSerialId: null}9bb405f0-f563-4579-83ea-0bbe163a9fbc{ip: 192.168.36.83, host: pr-hdds-2096-jg2tg-1247294052, networkLocation: /default-rack, certSerialId: null}, Type:RATIS, Factor:THREE, State:CLOSED]
2019-09-11 20:04:25,822 [java.util.concurrent.ThreadPoolExecutor$Worker@64f81f1[State = -1, empty queue]] WARN  server.GrpcLogAppender (GrpcLogAppender.java:timeoutAppendRequest(200)) - 9bb405f0-f563-4579-83ea-0bbe163a9fbc@group-CB0F6128481C->e0c56373-add1-4904-83f3-08b0a755b8ed-GrpcLogAppender: appendEntries Timeout, request=9bb405f0-f563-4579-83ea-0bbe163a9fbc->e0c56373-add1-4904-83f3-08b0a755b8ed#143-t1, previous=(t:1, i:14), leaderCommit=10, initializing? false, entries: <empty>
2019-09-11 20:04:25,919 [grpc-default-executor-0] INFO  client.GrpcClientProtocolClient (GrpcClientProtocolClient.java:onNext(264)) - client-9954D3AE5C83->802f7a56-3ac2-455e-92a2-71244eb20cf7: receive RaftClientReply:client-9954D3AE5C83->802f7a56-3ac2-455e-92a2-71244eb20cf7@group-CB0F6128481C, cid=32, FAILED org.apache.ratis.protocol.NotLeaderException: Server 802f7a56-3ac2-455e-92a2-71244eb20cf7@group-CB0F6128481C is not the leader 9bb405f0-f563-4579-83ea-0bbe163a9fbc:192.168.36.83:46254, logIndex=0, commits[802f7a56-3ac2-455e-92a2-71244eb20cf7:c10, 9bb405f0-f563-4579-83ea-0bbe163a9fbc:c10, e0c56373-add1-4904-83f3-08b0a755b8ed:c6]
2019-09-11 20:04:27,825 [org.apache.ratis.server.impl.LogAppender$AppenderDaemon$$Lambda$513/1740195529@603b50d] ERROR ratis.XceiverServerRatis (XceiverServerRatis.java:triggerPipelineClose(568)) - pipeline Action CLOSE  on pipeline PipelineID=81716df0-3bfb-41b4-bf98-cb0f6128481c.Reason : 9bb405f0-f563-4579-83ea-0bbe163a9fbc has not seen follower/s e0c56373-add1-4904-83f3-08b0a755b8ed for 138326ms
2019-09-11 20:04:28,323 [java.util.concurrent.ThreadPoolExecutor$Worker@64f81f1[State = -1, empty queue]] WARN  server.GrpcLogAppender (GrpcLogAppender.java:timeoutAppendRequest(200)) - 9bb405f0-f563-4579-83ea-0bbe163a9fbc@group-CB0F6128481C->e0c56373-add1-4904-83f3-08b0a755b8ed-GrpcLogAppender: appendEntries Timeout, request=9bb405f0-f563-4579-83ea-0bbe163a9fbc->e0c56373-add1-4904-83f3-08b0a755b8ed#144-t1, previous=(t:1, i:14), leaderCommit=10, initializing? false, entries: <empty>
2019-09-11 20:04:28,818 [EventQueue-PipelineActionsForPipelineActionHandler] ERROR pipeline.PipelineActionHandler (PipelineActionHandler.java:onMessage(60)) - Received pipeline action CLOSE for Pipeline[ Id: 81716df0-3bfb-41b4-bf98-cb0f6128481c, Nodes: 802f7a56-3ac2-455e-92a2-71244eb20cf7{ip: 192.168.36.83, host: pr-hdds-2096-jg2tg-1247294052, networkLocation: /default-rack, certSerialId: null}e0c56373-add1-4904-83f3-08b0a755b8ed{ip: 192.168.36.83, host: pr-hdds-2096-jg2tg-1247294052, networkLocation: /default-rack, certSerialId: null}9bb405f0-f563-4579-83ea-0bbe163a9fbc{ip: 192.168.36.83, host: pr-hdds-2096-jg2tg-1247294052, networkLocation: /default-rack, certSerialId: null}, Type:RATIS, Factor:THREE, State:CLOSED] from datanode 9bb405f0-f563-4579-83ea-0bbe163a9fbc{ip: 192.168.36.83, host: pr-hdds-2096-jg2tg-1247294052, networkLocation: /default-rack, certSerialId: null}. Reason : 9bb405f0-f563-4579-83ea-0bbe163a9fbc has not seen follower/s e0c56373-add1-4904-83f3-08b0a755b8ed for 138326ms
2019-09-11 20:04:28,819 [EventQueue-PipelineActionsForPipelineActionHandler] INFO  pipeline.SCMPipelineManager (SCMPipelineManager.java:finalizeAndDestroyPipeline(311)) - destroying pipeline:Pipeline[ Id: 81716df0-3bfb-41b4-bf98-cb0f6128481c, Nodes: 802f7a56-3ac2-455e-92a2-71244eb20cf7{ip: 192.168.36.83, host: pr-hdds-2096-jg2tg-1247294052, networkLocation: /default-rack, certSerialId: null}e0c56373-add1-4904-83f3-08b0a755b8ed{ip: 192.168.36.83, host: pr-hdds-2096-jg2tg-1247294052, networkLocation: /default-rack, certSerialId: null}9bb405f0-f563-4579-83ea-0bbe163a9fbc{ip: 192.168.36.83, host: pr-hdds-2096-jg2tg-1247294052, networkLocation: /default-rack, certSerialId: null}, Type:RATIS, Factor:THREE, State:CLOSED]
2019-09-11 20:04:29,691 [9bb405f0-f563-4579-83ea-0bbe163a9fbc@group-CB0F6128481C-SegmentedRaftLogWorker] WARN  segmented.SegmentedRaftLogWorker (SegmentedRaftLogWorker.java:getFromFuture(90)) - Timeout 13/~
org.apache.ratis.protocol.TimeoutIOException: Timeout 10s: WriteLog:11: (t:1, i:11), STATEMACHINELOGENTRY, client-9954D3AE5C83, cid=32-writeStateMachineData
	at org.apache.ratis.util.IOUtils.getFromFuture(IOUtils.java:87)
	at org.apache.ratis.server.raftlog.segmented.SegmentedRaftLogWorker$StateMachineDataPolicy.getFromFuture(SegmentedRaftLogWorker.java:87)
	at org.apache.ratis.server.raftlog.segmented.SegmentedRaftLogWorker$WriteLog.execute(SegmentedRaftLogWorker.java:477)
	at org.apache.ratis.server.raftlog.segmented.SegmentedRaftLogWorker.run(SegmentedRaftLogWorker.java:289)
	at java.lang.Thread.run(Thread.java:748)
Caused by: java.util.concurrent.TimeoutException
	at java.util.concurrent.CompletableFuture.timedGet(CompletableFuture.java:1771)
	at java.util.concurrent.CompletableFuture.get(CompletableFuture.java:1915)
	at org.apache.ratis.util.IOUtils.getFromFuture(IOUtils.java:79)
	... 4 more
2019-09-11 20:04:29,705 [e0c56373-add1-4904-83f3-08b0a755b8ed@group-CB0F6128481C-SegmentedRaftLogWorker] WARN  segmented.SegmentedRaftLogWorker (SegmentedRaftLogWorker.java:getFromFuture(90)) - Timeout 13/~
org.apache.ratis.protocol.TimeoutIOException: Timeout 10s: WriteLog:11: (t:1, i:11), STATEMACHINELOGENTRY, client-9954D3AE5C83, cid=32-writeStateMachineData
	at org.apache.ratis.util.IOUtils.getFromFuture(IOUtils.java:87)
	at org.apache.ratis.server.raftlog.segmented.SegmentedRaftLogWorker$StateMachineDataPolicy.getFromFuture(SegmentedRaftLogWorker.java:87)
	at org.apache.ratis.server.raftlog.segmented.SegmentedRaftLogWorker$WriteLog.execute(SegmentedRaftLogWorker.java:477)
	at org.apache.ratis.server.raftlog.segmented.SegmentedRaftLogWorker.run(SegmentedRaftLogWorker.java:289)
	at java.lang.Thread.run(Thread.java:748)
Caused by: java.util.concurrent.TimeoutException
	at java.util.concurrent.CompletableFuture.timedGet(CompletableFuture.java:1771)
	at java.util.concurrent.CompletableFuture.get(CompletableFuture.java:1915)
	at org.apache.ratis.util.IOUtils.getFromFuture(IOUtils.java:79)
	... 4 more
2019-09-11 20:04:30,326 [org.apache.ratis.server.impl.LogAppender$AppenderDaemon$$Lambda$513/1740195529@603b50d] ERROR ratis.XceiverServerRatis (XceiverServerRatis.java:triggerPipelineClose(568)) - pipeline Action CLOSE  on pipeline PipelineID=81716df0-3bfb-41b4-bf98-cb0f6128481c.Reason : 9bb405f0-f563-4579-83ea-0bbe163a9fbc has not seen follower/s e0c56373-add1-4904-83f3-08b0a755b8ed for 140827ms
2019-09-11 20:04:30,819 [EventQueue-PipelineActionsForPipelineActionHandler] ERROR pipeline.PipelineActionHandler (PipelineActionHandler.java:onMessage(60)) - Received pipeline action CLOSE for Pipeline[ Id: 81716df0-3bfb-41b4-bf98-cb0f6128481c, Nodes: 802f7a56-3ac2-455e-92a2-71244eb20cf7{ip: 192.168.36.83, host: pr-hdds-2096-jg2tg-1247294052, networkLocation: /default-rack, certSerialId: null}e0c56373-add1-4904-83f3-08b0a755b8ed{ip: 192.168.36.83, host: pr-hdds-2096-jg2tg-1247294052, networkLocation: /default-rack, certSerialId: null}9bb405f0-f563-4579-83ea-0bbe163a9fbc{ip: 192.168.36.83, host: pr-hdds-2096-jg2tg-1247294052, networkLocation: /default-rack, certSerialId: null}, Type:RATIS, Factor:THREE, State:CLOSED] from datanode 9bb405f0-f563-4579-83ea-0bbe163a9fbc{ip: 192.168.36.83, host: pr-hdds-2096-jg2tg-1247294052, networkLocation: /default-rack, certSerialId: null}. Reason : 9bb405f0-f563-4579-83ea-0bbe163a9fbc has not seen follower/s e0c56373-add1-4904-83f3-08b0a755b8ed for 140827ms
2019-09-11 20:04:30,820 [EventQueue-PipelineActionsForPipelineActionHandler] INFO  pipeline.SCMPipelineManager (SCMPipelineManager.java:finalizeAndDestroyPipeline(311)) - destroying pipeline:Pipeline[ Id: 81716df0-3bfb-41b4-bf98-cb0f6128481c, Nodes: 802f7a56-3ac2-455e-92a2-71244eb20cf7{ip: 192.168.36.83, host: pr-hdds-2096-jg2tg-1247294052, networkLocation: /default-rack, certSerialId: null}e0c56373-add1-4904-83f3-08b0a755b8ed{ip: 192.168.36.83, host: pr-hdds-2096-jg2tg-1247294052, networkLocation: /default-rack, certSerialId: null}9bb405f0-f563-4579-83ea-0bbe163a9fbc{ip: 192.168.36.83, host: pr-hdds-2096-jg2tg-1247294052, networkLocation: /default-rack, certSerialId: null}, Type:RATIS, Factor:THREE, State:CLOSED]
2019-09-11 20:04:30,825 [java.util.concurrent.ThreadPoolExecutor$Worker@64f81f1[State = -1, empty queue]] WARN  server.GrpcLogAppender (GrpcLogAppender.java:timeoutAppendRequest(200)) - 9bb405f0-f563-4579-83ea-0bbe163a9fbc@group-CB0F6128481C->e0c56373-add1-4904-83f3-08b0a755b8ed-GrpcLogAppender: appendEntries Timeout, request=9bb405f0-f563-4579-83ea-0bbe163a9fbc->e0c56373-add1-4904-83f3-08b0a755b8ed#145-t1, previous=(t:1, i:14), leaderCommit=10, initializing? false, entries: <empty>
2019-09-11 20:04:30,991 [grpc-default-executor-1] INFO  client.GrpcClientProtocolClient (GrpcClientProtocolClient.java:onNext(264)) - client-9954D3AE5C83->802f7a56-3ac2-455e-92a2-71244eb20cf7: receive RaftClientReply:client-9954D3AE5C83->802f7a56-3ac2-455e-92a2-71244eb20cf7@group-CB0F6128481C, cid=32, FAILED org.apache.ratis.protocol.NotLeaderException: Server 802f7a56-3ac2-455e-92a2-71244eb20cf7@group-CB0F6128481C is not the leader 9bb405f0-f563-4579-83ea-0bbe163a9fbc:192.168.36.83:46254, logIndex=0, commits[802f7a56-3ac2-455e-92a2-71244eb20cf7:c10, 9bb405f0-f563-4579-83ea-0bbe163a9fbc:c10, e0c56373-add1-4904-83f3-08b0a755b8ed:c6]
2019-09-11 20:04:32,827 [org.apache.ratis.server.impl.LogAppender$AppenderDaemon$$Lambda$513/1740195529@603b50d] ERROR ratis.XceiverServerRatis (XceiverServerRatis.java:triggerPipelineClose(568)) - pipeline Action CLOSE  on pipeline PipelineID=81716df0-3bfb-41b4-bf98-cb0f6128481c.Reason : 9bb405f0-f563-4579-83ea-0bbe163a9fbc has not seen follower/s e0c56373-add1-4904-83f3-08b0a755b8ed for 143328ms
2019-09-11 20:04:33,326 [java.util.concurrent.ThreadPoolExecutor$Worker@64f81f1[State = -1, empty queue]] WARN  server.GrpcLogAppender (GrpcLogAppender.java:timeoutAppendRequest(200)) - 9bb405f0-f563-4579-83ea-0bbe163a9fbc@group-CB0F6128481C->e0c56373-add1-4904-83f3-08b0a755b8ed-GrpcLogAppender: appendEntries Timeout, request=9bb405f0-f563-4579-83ea-0bbe163a9fbc->e0c56373-add1-4904-83f3-08b0a755b8ed#146-t1, previous=(t:1, i:14), leaderCommit=10, initializing? false, entries: <empty>
2019-09-11 20:04:33,820 [EventQueue-PipelineActionsForPipelineActionHandler] ERROR pipeline.PipelineActionHandler (PipelineActionHandler.java:onMessage(60)) - Received pipeline action CLOSE for Pipeline[ Id: 81716df0-3bfb-41b4-bf98-cb0f6128481c, Nodes: 802f7a56-3ac2-455e-92a2-71244eb20cf7{ip: 192.168.36.83, host: pr-hdds-2096-jg2tg-1247294052, networkLocation: /default-rack, certSerialId: null}e0c56373-add1-4904-83f3-08b0a755b8ed{ip: 192.168.36.83, host: pr-hdds-2096-jg2tg-1247294052, networkLocation: /default-rack, certSerialId: null}9bb405f0-f563-4579-83ea-0bbe163a9fbc{ip: 192.168.36.83, host: pr-hdds-2096-jg2tg-1247294052, networkLocation: /default-rack, certSerialId: null}, Type:RATIS, Factor:THREE, State:CLOSED] from datanode 9bb405f0-f563-4579-83ea-0bbe163a9fbc{ip: 192.168.36.83, host: pr-hdds-2096-jg2tg-1247294052, networkLocation: /default-rack, certSerialId: null}. Reason : 9bb405f0-f563-4579-83ea-0bbe163a9fbc has not seen follower/s e0c56373-add1-4904-83f3-08b0a755b8ed for 143328ms
2019-09-11 20:04:33,821 [EventQueue-PipelineActionsForPipelineActionHandler] INFO  pipeline.SCMPipelineManager (SCMPipelineManager.java:finalizeAndDestroyPipeline(311)) - destroying pipeline:Pipeline[ Id: 81716df0-3bfb-41b4-bf98-cb0f6128481c, Nodes: 802f7a56-3ac2-455e-92a2-71244eb20cf7{ip: 192.168.36.83, host: pr-hdds-2096-jg2tg-1247294052, networkLocation: /default-rack, certSerialId: null}e0c56373-add1-4904-83f3-08b0a755b8ed{ip: 192.168.36.83, host: pr-hdds-2096-jg2tg-1247294052, networkLocation: /default-rack, certSerialId: null}9bb405f0-f563-4579-83ea-0bbe163a9fbc{ip: 192.168.36.83, host: pr-hdds-2096-jg2tg-1247294052, networkLocation: /default-rack, certSerialId: null}, Type:RATIS, Factor:THREE, State:CLOSED]
2019-09-11 20:04:35,328 [org.apache.ratis.server.impl.LogAppender$AppenderDaemon$$Lambda$513/1740195529@603b50d] ERROR ratis.XceiverServerRatis (XceiverServerRatis.java:triggerPipelineClose(568)) - pipeline Action CLOSE  on pipeline PipelineID=81716df0-3bfb-41b4-bf98-cb0f6128481c.Reason : 9bb405f0-f563-4579-83ea-0bbe163a9fbc has not seen follower/s e0c56373-add1-4904-83f3-08b0a755b8ed for 145829ms
2019-09-11 20:04:35,821 [EventQueue-PipelineActionsForPipelineActionHandler] ERROR pipeline.PipelineActionHandler (PipelineActionHandler.java:onMessage(60)) - Received pipeline action CLOSE for Pipeline[ Id: 81716df0-3bfb-41b4-bf98-cb0f6128481c, Nodes: 802f7a56-3ac2-455e-92a2-71244eb20cf7{ip: 192.168.36.83, host: pr-hdds-2096-jg2tg-1247294052, networkLocation: /default-rack, certSerialId: null}e0c56373-add1-4904-83f3-08b0a755b8ed{ip: 192.168.36.83, host: pr-hdds-2096-jg2tg-1247294052, networkLocation: /default-rack, certSerialId: null}9bb405f0-f563-4579-83ea-0bbe163a9fbc{ip: 192.168.36.83, host: pr-hdds-2096-jg2tg-1247294052, networkLocation: /default-rack, certSerialId: null}, Type:RATIS, Factor:THREE, State:CLOSED] from datanode 9bb405f0-f563-4579-83ea-0bbe163a9fbc{ip: 192.168.36.83, host: pr-hdds-2096-jg2tg-1247294052, networkLocation: /default-rack, certSerialId: null}. Reason : 9bb405f0-f563-4579-83ea-0bbe163a9fbc has not seen follower/s e0c56373-add1-4904-83f3-08b0a755b8ed for 145829ms
2019-09-11 20:04:35,821 [EventQueue-PipelineActionsForPipelineActionHandler] INFO  pipeline.SCMPipelineManager (SCMPipelineManager.java:finalizeAndDestroyPipeline(311)) - destroying pipeline:Pipeline[ Id: 81716df0-3bfb-41b4-bf98-cb0f6128481c, Nodes: 802f7a56-3ac2-455e-92a2-71244eb20cf7{ip: 192.168.36.83, host: pr-hdds-2096-jg2tg-1247294052, networkLocation: /default-rack, certSerialId: null}e0c56373-add1-4904-83f3-08b0a755b8ed{ip: 192.168.36.83, host: pr-hdds-2096-jg2tg-1247294052, networkLocation: /default-rack, certSerialId: null}9bb405f0-f563-4579-83ea-0bbe163a9fbc{ip: 192.168.36.83, host: pr-hdds-2096-jg2tg-1247294052, networkLocation: /default-rack, certSerialId: null}, Type:RATIS, Factor:THREE, State:CLOSED]
2019-09-11 20:04:35,827 [java.util.concurrent.ThreadPoolExecutor$Worker@64f81f1[State = -1, empty queue]] WARN  server.GrpcLogAppender (GrpcLogAppender.java:timeoutAppendRequest(200)) - 9bb405f0-f563-4579-83ea-0bbe163a9fbc@group-CB0F6128481C->e0c56373-add1-4904-83f3-08b0a755b8ed-GrpcLogAppender: appendEntries Timeout, request=9bb405f0-f563-4579-83ea-0bbe163a9fbc->e0c56373-add1-4904-83f3-08b0a755b8ed#147-t1, previous=(t:1, i:14), leaderCommit=10, initializing? false, entries: <empty>
2019-09-11 20:04:36,048 [grpc-default-executor-0] INFO  client.GrpcClientProtocolClient (GrpcClientProtocolClient.java:onNext(264)) - client-9954D3AE5C83->802f7a56-3ac2-455e-92a2-71244eb20cf7: receive RaftClientReply:client-9954D3AE5C83->802f7a56-3ac2-455e-92a2-71244eb20cf7@group-CB0F6128481C, cid=32, FAILED org.apache.ratis.protocol.NotLeaderException: Server 802f7a56-3ac2-455e-92a2-71244eb20cf7@group-CB0F6128481C is not the leader 9bb405f0-f563-4579-83ea-0bbe163a9fbc:192.168.36.83:46254, logIndex=0, commits[802f7a56-3ac2-455e-92a2-71244eb20cf7:c10, 9bb405f0-f563-4579-83ea-0bbe163a9fbc:c10, e0c56373-add1-4904-83f3-08b0a755b8ed:c6]
2019-09-11 20:04:37,829 [org.apache.ratis.server.impl.LogAppender$AppenderDaemon$$Lambda$513/1740195529@603b50d] ERROR ratis.XceiverServerRatis (XceiverServerRatis.java:triggerPipelineClose(568)) - pipeline Action CLOSE  on pipeline PipelineID=81716df0-3bfb-41b4-bf98-cb0f6128481c.Reason : 9bb405f0-f563-4579-83ea-0bbe163a9fbc has not seen follower/s e0c56373-add1-4904-83f3-08b0a755b8ed for 148330ms
2019-09-11 20:04:38,328 [java.util.concurrent.ThreadPoolExecutor$Worker@64f81f1[State = -1, empty queue]] WARN  server.GrpcLogAppender (GrpcLogAppender.java:timeoutAppendRequest(200)) - 9bb405f0-f563-4579-83ea-0bbe163a9fbc@group-CB0F6128481C->e0c56373-add1-4904-83f3-08b0a755b8ed-GrpcLogAppender: appendEntries Timeout, request=9bb405f0-f563-4579-83ea-0bbe163a9fbc->e0c56373-add1-4904-83f3-08b0a755b8ed#148-t1, previous=(t:1, i:14), leaderCommit=10, initializing? false, entries: <empty>
2019-09-11 20:04:38,821 [EventQueue-PipelineActionsForPipelineActionHandler] ERROR pipeline.PipelineActionHandler (PipelineActionHandler.java:onMessage(60)) - Received pipeline action CLOSE for Pipeline[ Id: 81716df0-3bfb-41b4-bf98-cb0f6128481c, Nodes: 802f7a56-3ac2-455e-92a2-71244eb20cf7{ip: 192.168.36.83, host: pr-hdds-2096-jg2tg-1247294052, networkLocation: /default-rack, certSerialId: null}e0c56373-add1-4904-83f3-08b0a755b8ed{ip: 192.168.36.83, host: pr-hdds-2096-jg2tg-1247294052, networkLocation: /default-rack, certSerialId: null}9bb405f0-f563-4579-83ea-0bbe163a9fbc{ip: 192.168.36.83, host: pr-hdds-2096-jg2tg-1247294052, networkLocation: /default-rack, certSerialId: null}, Type:RATIS, Factor:THREE, State:CLOSED] from datanode 9bb405f0-f563-4579-83ea-0bbe163a9fbc{ip: 192.168.36.83, host: pr-hdds-2096-jg2tg-1247294052, networkLocation: /default-rack, certSerialId: null}. Reason : 9bb405f0-f563-4579-83ea-0bbe163a9fbc has not seen follower/s e0c56373-add1-4904-83f3-08b0a755b8ed for 148330ms
2019-09-11 20:04:38,822 [EventQueue-PipelineActionsForPipelineActionHandler] INFO  pipeline.SCMPipelineManager (SCMPipelineManager.java:finalizeAndDestroyPipeline(311)) - destroying pipeline:Pipeline[ Id: 81716df0-3bfb-41b4-bf98-cb0f6128481c, Nodes: 802f7a56-3ac2-455e-92a2-71244eb20cf7{ip: 192.168.36.83, host: pr-hdds-2096-jg2tg-1247294052, networkLocation: /default-rack, certSerialId: null}e0c56373-add1-4904-83f3-08b0a755b8ed{ip: 192.168.36.83, host: pr-hdds-2096-jg2tg-1247294052, networkLocation: /default-rack, certSerialId: null}9bb405f0-f563-4579-83ea-0bbe163a9fbc{ip: 192.168.36.83, host: pr-hdds-2096-jg2tg-1247294052, networkLocation: /default-rack, certSerialId: null}, Type:RATIS, Factor:THREE, State:CLOSED]
2019-09-11 20:04:39,692 [9bb405f0-f563-4579-83ea-0bbe163a9fbc@group-CB0F6128481C-SegmentedRaftLogWorker] WARN  segmented.SegmentedRaftLogWorker (SegmentedRaftLogWorker.java:getFromFuture(90)) - Timeout 14/~
org.apache.ratis.protocol.TimeoutIOException: Timeout 10s: WriteLog:11: (t:1, i:11), STATEMACHINELOGENTRY, client-9954D3AE5C83, cid=32-writeStateMachineData
	at org.apache.ratis.util.IOUtils.getFromFuture(IOUtils.java:87)
	at org.apache.ratis.server.raftlog.segmented.SegmentedRaftLogWorker$StateMachineDataPolicy.getFromFuture(SegmentedRaftLogWorker.java:87)
	at org.apache.ratis.server.raftlog.segmented.SegmentedRaftLogWorker$WriteLog.execute(SegmentedRaftLogWorker.java:477)
	at org.apache.ratis.server.raftlog.segmented.SegmentedRaftLogWorker.run(SegmentedRaftLogWorker.java:289)
	at java.lang.Thread.run(Thread.java:748)
Caused by: java.util.concurrent.TimeoutException
	at java.util.concurrent.CompletableFuture.timedGet(CompletableFuture.java:1771)
	at java.util.concurrent.CompletableFuture.get(CompletableFuture.java:1915)
	at org.apache.ratis.util.IOUtils.getFromFuture(IOUtils.java:79)
	... 4 more
2019-09-11 20:04:39,706 [e0c56373-add1-4904-83f3-08b0a755b8ed@group-CB0F6128481C-SegmentedRaftLogWorker] WARN  segmented.SegmentedRaftLogWorker (SegmentedRaftLogWorker.java:getFromFuture(90)) - Timeout 14/~
org.apache.ratis.protocol.TimeoutIOException: Timeout 10s: WriteLog:11: (t:1, i:11), STATEMACHINELOGENTRY, client-9954D3AE5C83, cid=32-writeStateMachineData
	at org.apache.ratis.util.IOUtils.getFromFuture(IOUtils.java:87)
	at org.apache.ratis.server.raftlog.segmented.SegmentedRaftLogWorker$StateMachineDataPolicy.getFromFuture(SegmentedRaftLogWorker.java:87)
	at org.apache.ratis.server.raftlog.segmented.SegmentedRaftLogWorker$WriteLog.execute(SegmentedRaftLogWorker.java:477)
	at org.apache.ratis.server.raftlog.segmented.SegmentedRaftLogWorker.run(SegmentedRaftLogWorker.java:289)
	at java.lang.Thread.run(Thread.java:748)
Caused by: java.util.concurrent.TimeoutException
	at java.util.concurrent.CompletableFuture.timedGet(CompletableFuture.java:1771)
	at java.util.concurrent.CompletableFuture.get(CompletableFuture.java:1915)
	at org.apache.ratis.util.IOUtils.getFromFuture(IOUtils.java:79)
	... 4 more
2019-09-11 20:04:40,330 [org.apache.ratis.server.impl.LogAppender$AppenderDaemon$$Lambda$513/1740195529@603b50d] ERROR ratis.XceiverServerRatis (XceiverServerRatis.java:triggerPipelineClose(568)) - pipeline Action CLOSE  on pipeline PipelineID=81716df0-3bfb-41b4-bf98-cb0f6128481c.Reason : 9bb405f0-f563-4579-83ea-0bbe163a9fbc has not seen follower/s e0c56373-add1-4904-83f3-08b0a755b8ed for 150831ms
2019-09-11 20:04:40,823 [EventQueue-PipelineActionsForPipelineActionHandler] ERROR pipeline.PipelineActionHandler (PipelineActionHandler.java:onMessage(60)) - Received pipeline action CLOSE for Pipeline[ Id: 81716df0-3bfb-41b4-bf98-cb0f6128481c, Nodes: 802f7a56-3ac2-455e-92a2-71244eb20cf7{ip: 192.168.36.83, host: pr-hdds-2096-jg2tg-1247294052, networkLocation: /default-rack, certSerialId: null}e0c56373-add1-4904-83f3-08b0a755b8ed{ip: 192.168.36.83, host: pr-hdds-2096-jg2tg-1247294052, networkLocation: /default-rack, certSerialId: null}9bb405f0-f563-4579-83ea-0bbe163a9fbc{ip: 192.168.36.83, host: pr-hdds-2096-jg2tg-1247294052, networkLocation: /default-rack, certSerialId: null}, Type:RATIS, Factor:THREE, State:CLOSED] from datanode 9bb405f0-f563-4579-83ea-0bbe163a9fbc{ip: 192.168.36.83, host: pr-hdds-2096-jg2tg-1247294052, networkLocation: /default-rack, certSerialId: null}. Reason : 9bb405f0-f563-4579-83ea-0bbe163a9fbc has not seen follower/s e0c56373-add1-4904-83f3-08b0a755b8ed for 150831ms
2019-09-11 20:04:40,823 [EventQueue-PipelineActionsForPipelineActionHandler] INFO  pipeline.SCMPipelineManager (SCMPipelineManager.java:finalizeAndDestroyPipeline(311)) - destroying pipeline:Pipeline[ Id: 81716df0-3bfb-41b4-bf98-cb0f6128481c, Nodes: 802f7a56-3ac2-455e-92a2-71244eb20cf7{ip: 192.168.36.83, host: pr-hdds-2096-jg2tg-1247294052, networkLocation: /default-rack, certSerialId: null}e0c56373-add1-4904-83f3-08b0a755b8ed{ip: 192.168.36.83, host: pr-hdds-2096-jg2tg-1247294052, networkLocation: /default-rack, certSerialId: null}9bb405f0-f563-4579-83ea-0bbe163a9fbc{ip: 192.168.36.83, host: pr-hdds-2096-jg2tg-1247294052, networkLocation: /default-rack, certSerialId: null}, Type:RATIS, Factor:THREE, State:CLOSED]
2019-09-11 20:04:40,829 [java.util.concurrent.ThreadPoolExecutor$Worker@64f81f1[State = -1, empty queue]] WARN  server.GrpcLogAppender (GrpcLogAppender.java:timeoutAppendRequest(200)) - 9bb405f0-f563-4579-83ea-0bbe163a9fbc@group-CB0F6128481C->e0c56373-add1-4904-83f3-08b0a755b8ed-GrpcLogAppender: appendEntries Timeout, request=9bb405f0-f563-4579-83ea-0bbe163a9fbc->e0c56373-add1-4904-83f3-08b0a755b8ed#149-t1, previous=(t:1, i:14), leaderCommit=10, initializing? false, entries: <empty>
2019-09-11 20:04:41,103 [grpc-default-executor-0] INFO  client.GrpcClientProtocolClient (GrpcClientProtocolClient.java:onNext(264)) - client-9954D3AE5C83->802f7a56-3ac2-455e-92a2-71244eb20cf7: receive RaftClientReply:client-9954D3AE5C83->802f7a56-3ac2-455e-92a2-71244eb20cf7@group-CB0F6128481C, cid=32, FAILED org.apache.ratis.protocol.NotLeaderException: Server 802f7a56-3ac2-455e-92a2-71244eb20cf7@group-CB0F6128481C is not the leader 9bb405f0-f563-4579-83ea-0bbe163a9fbc:192.168.36.83:46254, logIndex=0, commits[802f7a56-3ac2-455e-92a2-71244eb20cf7:c10, 9bb405f0-f563-4579-83ea-0bbe163a9fbc:c10, e0c56373-add1-4904-83f3-08b0a755b8ed:c6]
2019-09-11 20:04:42,831 [org.apache.ratis.server.impl.LogAppender$AppenderDaemon$$Lambda$513/1740195529@603b50d] ERROR ratis.XceiverServerRatis (XceiverServerRatis.java:triggerPipelineClose(568)) - pipeline Action CLOSE  on pipeline PipelineID=81716df0-3bfb-41b4-bf98-cb0f6128481c.Reason : 9bb405f0-f563-4579-83ea-0bbe163a9fbc has not seen follower/s e0c56373-add1-4904-83f3-08b0a755b8ed for 153332ms
2019-09-11 20:04:43,330 [java.util.concurrent.ThreadPoolExecutor$Worker@64f81f1[State = -1, empty queue]] WARN  server.GrpcLogAppender (GrpcLogAppender.java:timeoutAppendRequest(200)) - 9bb405f0-f563-4579-83ea-0bbe163a9fbc@group-CB0F6128481C->e0c56373-add1-4904-83f3-08b0a755b8ed-GrpcLogAppender: appendEntries Timeout, request=9bb405f0-f563-4579-83ea-0bbe163a9fbc->e0c56373-add1-4904-83f3-08b0a755b8ed#150-t1, previous=(t:1, i:14), leaderCommit=10, initializing? false, entries: <empty>
2019-09-11 20:04:43,822 [EventQueue-PipelineActionsForPipelineActionHandler] ERROR pipeline.PipelineActionHandler (PipelineActionHandler.java:onMessage(60)) - Received pipeline action CLOSE for Pipeline[ Id: 81716df0-3bfb-41b4-bf98-cb0f6128481c, Nodes: 802f7a56-3ac2-455e-92a2-71244eb20cf7{ip: 192.168.36.83, host: pr-hdds-2096-jg2tg-1247294052, networkLocation: /default-rack, certSerialId: null}e0c56373-add1-4904-83f3-08b0a755b8ed{ip: 192.168.36.83, host: pr-hdds-2096-jg2tg-1247294052, networkLocation: /default-rack, certSerialId: null}9bb405f0-f563-4579-83ea-0bbe163a9fbc{ip: 192.168.36.83, host: pr-hdds-2096-jg2tg-1247294052, networkLocation: /default-rack, certSerialId: null}, Type:RATIS, Factor:THREE, State:CLOSED] from datanode 9bb405f0-f563-4579-83ea-0bbe163a9fbc{ip: 192.168.36.83, host: pr-hdds-2096-jg2tg-1247294052, networkLocation: /default-rack, certSerialId: null}. Reason : 9bb405f0-f563-4579-83ea-0bbe163a9fbc has not seen follower/s e0c56373-add1-4904-83f3-08b0a755b8ed for 153332ms
2019-09-11 20:04:43,822 [EventQueue-PipelineActionsForPipelineActionHandler] INFO  pipeline.SCMPipelineManager (SCMPipelineManager.java:finalizeAndDestroyPipeline(311)) - destroying pipeline:Pipeline[ Id: 81716df0-3bfb-41b4-bf98-cb0f6128481c, Nodes: 802f7a56-3ac2-455e-92a2-71244eb20cf7{ip: 192.168.36.83, host: pr-hdds-2096-jg2tg-1247294052, networkLocation: /default-rack, certSerialId: null}e0c56373-add1-4904-83f3-08b0a755b8ed{ip: 192.168.36.83, host: pr-hdds-2096-jg2tg-1247294052, networkLocation: /default-rack, certSerialId: null}9bb405f0-f563-4579-83ea-0bbe163a9fbc{ip: 192.168.36.83, host: pr-hdds-2096-jg2tg-1247294052, networkLocation: /default-rack, certSerialId: null}, Type:RATIS, Factor:THREE, State:CLOSED]
2019-09-11 20:04:45,332 [org.apache.ratis.server.impl.LogAppender$AppenderDaemon$$Lambda$513/1740195529@603b50d] ERROR ratis.XceiverServerRatis (XceiverServerRatis.java:triggerPipelineClose(568)) - pipeline Action CLOSE  on pipeline PipelineID=81716df0-3bfb-41b4-bf98-cb0f6128481c.Reason : 9bb405f0-f563-4579-83ea-0bbe163a9fbc has not seen follower/s e0c56373-add1-4904-83f3-08b0a755b8ed for 155833ms
2019-09-11 20:04:45,823 [EventQueue-PipelineActionsForPipelineActionHandler] ERROR pipeline.PipelineActionHandler (PipelineActionHandler.java:onMessage(60)) - Received pipeline action CLOSE for Pipeline[ Id: 81716df0-3bfb-41b4-bf98-cb0f6128481c, Nodes: 802f7a56-3ac2-455e-92a2-71244eb20cf7{ip: 192.168.36.83, host: pr-hdds-2096-jg2tg-1247294052, networkLocation: /default-rack, certSerialId: null}e0c56373-add1-4904-83f3-08b0a755b8ed{ip: 192.168.36.83, host: pr-hdds-2096-jg2tg-1247294052, networkLocation: /default-rack, certSerialId: null}9bb405f0-f563-4579-83ea-0bbe163a9fbc{ip: 192.168.36.83, host: pr-hdds-2096-jg2tg-1247294052, networkLocation: /default-rack, certSerialId: null}, Type:RATIS, Factor:THREE, State:CLOSED] from datanode 9bb405f0-f563-4579-83ea-0bbe163a9fbc{ip: 192.168.36.83, host: pr-hdds-2096-jg2tg-1247294052, networkLocation: /default-rack, certSerialId: null}. Reason : 9bb405f0-f563-4579-83ea-0bbe163a9fbc has not seen follower/s e0c56373-add1-4904-83f3-08b0a755b8ed for 155833ms
2019-09-11 20:04:45,823 [EventQueue-PipelineActionsForPipelineActionHandler] INFO  pipeline.SCMPipelineManager (SCMPipelineManager.java:finalizeAndDestroyPipeline(311)) - destroying pipeline:Pipeline[ Id: 81716df0-3bfb-41b4-bf98-cb0f6128481c, Nodes: 802f7a56-3ac2-455e-92a2-71244eb20cf7{ip: 192.168.36.83, host: pr-hdds-2096-jg2tg-1247294052, networkLocation: /default-rack, certSerialId: null}e0c56373-add1-4904-83f3-08b0a755b8ed{ip: 192.168.36.83, host: pr-hdds-2096-jg2tg-1247294052, networkLocation: /default-rack, certSerialId: null}9bb405f0-f563-4579-83ea-0bbe163a9fbc{ip: 192.168.36.83, host: pr-hdds-2096-jg2tg-1247294052, networkLocation: /default-rack, certSerialId: null}, Type:RATIS, Factor:THREE, State:CLOSED]
2019-09-11 20:04:45,831 [java.util.concurrent.ThreadPoolExecutor$Worker@64f81f1[State = -1, empty queue]] WARN  server.GrpcLogAppender (GrpcLogAppender.java:timeoutAppendRequest(200)) - 9bb405f0-f563-4579-83ea-0bbe163a9fbc@group-CB0F6128481C->e0c56373-add1-4904-83f3-08b0a755b8ed-GrpcLogAppender: appendEntries Timeout, request=9bb405f0-f563-4579-83ea-0bbe163a9fbc->e0c56373-add1-4904-83f3-08b0a755b8ed#151-t1, previous=(t:1, i:14), leaderCommit=10, initializing? false, entries: <empty>
2019-09-11 20:04:46,140 [grpc-default-executor-0] INFO  client.GrpcClientProtocolClient (GrpcClientProtocolClient.java:onNext(264)) - client-9954D3AE5C83->802f7a56-3ac2-455e-92a2-71244eb20cf7: receive RaftClientReply:client-9954D3AE5C83->802f7a56-3ac2-455e-92a2-71244eb20cf7@group-CB0F6128481C, cid=32, FAILED org.apache.ratis.protocol.NotLeaderException: Server 802f7a56-3ac2-455e-92a2-71244eb20cf7@group-CB0F6128481C is not the leader 9bb405f0-f563-4579-83ea-0bbe163a9fbc:192.168.36.83:46254, logIndex=0, commits[802f7a56-3ac2-455e-92a2-71244eb20cf7:c10, 9bb405f0-f563-4579-83ea-0bbe163a9fbc:c10, e0c56373-add1-4904-83f3-08b0a755b8ed:c6]
2019-09-11 20:04:47,833 [org.apache.ratis.server.impl.LogAppender$AppenderDaemon$$Lambda$513/1740195529@603b50d] ERROR ratis.XceiverServerRatis (XceiverServerRatis.java:triggerPipelineClose(568)) - pipeline Action CLOSE  on pipeline PipelineID=81716df0-3bfb-41b4-bf98-cb0f6128481c.Reason : 9bb405f0-f563-4579-83ea-0bbe163a9fbc has not seen follower/s e0c56373-add1-4904-83f3-08b0a755b8ed for 158334ms
2019-09-11 20:04:48,332 [java.util.concurrent.ThreadPoolExecutor$Worker@64f81f1[State = -1, empty queue]] WARN  server.GrpcLogAppender (GrpcLogAppender.java:timeoutAppendRequest(200)) - 9bb405f0-f563-4579-83ea-0bbe163a9fbc@group-CB0F6128481C->e0c56373-add1-4904-83f3-08b0a755b8ed-GrpcLogAppender: appendEntries Timeout, request=9bb405f0-f563-4579-83ea-0bbe163a9fbc->e0c56373-add1-4904-83f3-08b0a755b8ed#152-t1, previous=(t:1, i:14), leaderCommit=10, initializing? false, entries: <empty>
2019-09-11 20:04:48,822 [EventQueue-PipelineActionsForPipelineActionHandler] ERROR pipeline.PipelineActionHandler (PipelineActionHandler.java:onMessage(60)) - Received pipeline action CLOSE for Pipeline[ Id: 81716df0-3bfb-41b4-bf98-cb0f6128481c, Nodes: 802f7a56-3ac2-455e-92a2-71244eb20cf7{ip: 192.168.36.83, host: pr-hdds-2096-jg2tg-1247294052, networkLocation: /default-rack, certSerialId: null}e0c56373-add1-4904-83f3-08b0a755b8ed{ip: 192.168.36.83, host: pr-hdds-2096-jg2tg-1247294052, networkLocation: /default-rack, certSerialId: null}9bb405f0-f563-4579-83ea-0bbe163a9fbc{ip: 192.168.36.83, host: pr-hdds-2096-jg2tg-1247294052, networkLocation: /default-rack, certSerialId: null}, Type:RATIS, Factor:THREE, State:CLOSED] from datanode 9bb405f0-f563-4579-83ea-0bbe163a9fbc{ip: 192.168.36.83, host: pr-hdds-2096-jg2tg-1247294052, networkLocation: /default-rack, certSerialId: null}. Reason : 9bb405f0-f563-4579-83ea-0bbe163a9fbc has not seen follower/s e0c56373-add1-4904-83f3-08b0a755b8ed for 158334ms
2019-09-11 20:04:48,822 [EventQueue-PipelineActionsForPipelineActionHandler] INFO  pipeline.SCMPipelineManager (SCMPipelineManager.java:finalizeAndDestroyPipeline(311)) - destroying pipeline:Pipeline[ Id: 81716df0-3bfb-41b4-bf98-cb0f6128481c, Nodes: 802f7a56-3ac2-455e-92a2-71244eb20cf7{ip: 192.168.36.83, host: pr-hdds-2096-jg2tg-1247294052, networkLocation: /default-rack, certSerialId: null}e0c56373-add1-4904-83f3-08b0a755b8ed{ip: 192.168.36.83, host: pr-hdds-2096-jg2tg-1247294052, networkLocation: /default-rack, certSerialId: null}9bb405f0-f563-4579-83ea-0bbe163a9fbc{ip: 192.168.36.83, host: pr-hdds-2096-jg2tg-1247294052, networkLocation: /default-rack, certSerialId: null}, Type:RATIS, Factor:THREE, State:CLOSED]
2019-09-11 20:04:49,693 [9bb405f0-f563-4579-83ea-0bbe163a9fbc@group-CB0F6128481C-SegmentedRaftLogWorker] WARN  segmented.SegmentedRaftLogWorker (SegmentedRaftLogWorker.java:getFromFuture(90)) - Timeout 15/~
org.apache.ratis.protocol.TimeoutIOException: Timeout 10s: WriteLog:11: (t:1, i:11), STATEMACHINELOGENTRY, client-9954D3AE5C83, cid=32-writeStateMachineData
	at org.apache.ratis.util.IOUtils.getFromFuture(IOUtils.java:87)
	at org.apache.ratis.server.raftlog.segmented.SegmentedRaftLogWorker$StateMachineDataPolicy.getFromFuture(SegmentedRaftLogWorker.java:87)
	at org.apache.ratis.server.raftlog.segmented.SegmentedRaftLogWorker$WriteLog.execute(SegmentedRaftLogWorker.java:477)
	at org.apache.ratis.server.raftlog.segmented.SegmentedRaftLogWorker.run(SegmentedRaftLogWorker.java:289)
	at java.lang.Thread.run(Thread.java:748)
Caused by: java.util.concurrent.TimeoutException
	at java.util.concurrent.CompletableFuture.timedGet(CompletableFuture.java:1771)
	at java.util.concurrent.CompletableFuture.get(CompletableFuture.java:1915)
	at org.apache.ratis.util.IOUtils.getFromFuture(IOUtils.java:79)
	... 4 more
2019-09-11 20:04:49,706 [e0c56373-add1-4904-83f3-08b0a755b8ed@group-CB0F6128481C-SegmentedRaftLogWorker] WARN  segmented.SegmentedRaftLogWorker (SegmentedRaftLogWorker.java:getFromFuture(90)) - Timeout 15/~
org.apache.ratis.protocol.TimeoutIOException: Timeout 10s: WriteLog:11: (t:1, i:11), STATEMACHINELOGENTRY, client-9954D3AE5C83, cid=32-writeStateMachineData
	at org.apache.ratis.util.IOUtils.getFromFuture(IOUtils.java:87)
	at org.apache.ratis.server.raftlog.segmented.SegmentedRaftLogWorker$StateMachineDataPolicy.getFromFuture(SegmentedRaftLogWorker.java:87)
	at org.apache.ratis.server.raftlog.segmented.SegmentedRaftLogWorker$WriteLog.execute(SegmentedRaftLogWorker.java:477)
	at org.apache.ratis.server.raftlog.segmented.SegmentedRaftLogWorker.run(SegmentedRaftLogWorker.java:289)
	at java.lang.Thread.run(Thread.java:748)
Caused by: java.util.concurrent.TimeoutException
	at java.util.concurrent.CompletableFuture.timedGet(CompletableFuture.java:1771)
	at java.util.concurrent.CompletableFuture.get(CompletableFuture.java:1915)
	at org.apache.ratis.util.IOUtils.getFromFuture(IOUtils.java:79)
	... 4 more
2019-09-11 20:04:50,334 [org.apache.ratis.server.impl.LogAppender$AppenderDaemon$$Lambda$513/1740195529@603b50d] ERROR ratis.XceiverServerRatis (XceiverServerRatis.java:triggerPipelineClose(568)) - pipeline Action CLOSE  on pipeline PipelineID=81716df0-3bfb-41b4-bf98-cb0f6128481c.Reason : 9bb405f0-f563-4579-83ea-0bbe163a9fbc has not seen follower/s e0c56373-add1-4904-83f3-08b0a755b8ed for 160835ms
2019-09-11 20:04:50,824 [EventQueue-PipelineActionsForPipelineActionHandler] ERROR pipeline.PipelineActionHandler (PipelineActionHandler.java:onMessage(60)) - Received pipeline action CLOSE for Pipeline[ Id: 81716df0-3bfb-41b4-bf98-cb0f6128481c, Nodes: 802f7a56-3ac2-455e-92a2-71244eb20cf7{ip: 192.168.36.83, host: pr-hdds-2096-jg2tg-1247294052, networkLocation: /default-rack, certSerialId: null}e0c56373-add1-4904-83f3-08b0a755b8ed{ip: 192.168.36.83, host: pr-hdds-2096-jg2tg-1247294052, networkLocation: /default-rack, certSerialId: null}9bb405f0-f563-4579-83ea-0bbe163a9fbc{ip: 192.168.36.83, host: pr-hdds-2096-jg2tg-1247294052, networkLocation: /default-rack, certSerialId: null}, Type:RATIS, Factor:THREE, State:CLOSED] from datanode 9bb405f0-f563-4579-83ea-0bbe163a9fbc{ip: 192.168.36.83, host: pr-hdds-2096-jg2tg-1247294052, networkLocation: /default-rack, certSerialId: null}. Reason : 9bb405f0-f563-4579-83ea-0bbe163a9fbc has not seen follower/s e0c56373-add1-4904-83f3-08b0a755b8ed for 160835ms
2019-09-11 20:04:50,824 [EventQueue-PipelineActionsForPipelineActionHandler] INFO  pipeline.SCMPipelineManager (SCMPipelineManager.java:finalizeAndDestroyPipeline(311)) - destroying pipeline:Pipeline[ Id: 81716df0-3bfb-41b4-bf98-cb0f6128481c, Nodes: 802f7a56-3ac2-455e-92a2-71244eb20cf7{ip: 192.168.36.83, host: pr-hdds-2096-jg2tg-1247294052, networkLocation: /default-rack, certSerialId: null}e0c56373-add1-4904-83f3-08b0a755b8ed{ip: 192.168.36.83, host: pr-hdds-2096-jg2tg-1247294052, networkLocation: /default-rack, certSerialId: null}9bb405f0-f563-4579-83ea-0bbe163a9fbc{ip: 192.168.36.83, host: pr-hdds-2096-jg2tg-1247294052, networkLocation: /default-rack, certSerialId: null}, Type:RATIS, Factor:THREE, State:CLOSED]
2019-09-11 20:04:50,833 [java.util.concurrent.ThreadPoolExecutor$Worker@64f81f1[State = -1, empty queue]] WARN  server.GrpcLogAppender (GrpcLogAppender.java:timeoutAppendRequest(200)) - 9bb405f0-f563-4579-83ea-0bbe163a9fbc@group-CB0F6128481C->e0c56373-add1-4904-83f3-08b0a755b8ed-GrpcLogAppender: appendEntries Timeout, request=9bb405f0-f563-4579-83ea-0bbe163a9fbc->e0c56373-add1-4904-83f3-08b0a755b8ed#153-t1, previous=(t:1, i:14), leaderCommit=10, initializing? false, entries: <empty>
2019-09-11 20:04:51,198 [grpc-default-executor-5] INFO  client.GrpcClientProtocolClient (GrpcClientProtocolClient.java:onNext(264)) - client-9954D3AE5C83->e0c56373-add1-4904-83f3-08b0a755b8ed: receive RaftClientReply:client-9954D3AE5C83->e0c56373-add1-4904-83f3-08b0a755b8ed@group-CB0F6128481C, cid=32, FAILED org.apache.ratis.protocol.NotLeaderException: Server e0c56373-add1-4904-83f3-08b0a755b8ed@group-CB0F6128481C is not the leader 9bb405f0-f563-4579-83ea-0bbe163a9fbc:192.168.36.83:46254, logIndex=0, commits[e0c56373-add1-4904-83f3-08b0a755b8ed:c10, 802f7a56-3ac2-455e-92a2-71244eb20cf7:c10, 9bb405f0-f563-4579-83ea-0bbe163a9fbc:c10]
2019-09-11 20:04:52,834 [org.apache.ratis.server.impl.LogAppender$AppenderDaemon$$Lambda$513/1740195529@603b50d] ERROR ratis.XceiverServerRatis (XceiverServerRatis.java:triggerPipelineClose(568)) - pipeline Action CLOSE  on pipeline PipelineID=81716df0-3bfb-41b4-bf98-cb0f6128481c.Reason : 9bb405f0-f563-4579-83ea-0bbe163a9fbc has not seen follower/s e0c56373-add1-4904-83f3-08b0a755b8ed for 163335ms
2019-09-11 20:04:53,334 [java.util.concurrent.ThreadPoolExecutor$Worker@64f81f1[State = -1, empty queue]] WARN  server.GrpcLogAppender (GrpcLogAppender.java:timeoutAppendRequest(200)) - 9bb405f0-f563-4579-83ea-0bbe163a9fbc@group-CB0F6128481C->e0c56373-add1-4904-83f3-08b0a755b8ed-GrpcLogAppender: appendEntries Timeout, request=9bb405f0-f563-4579-83ea-0bbe163a9fbc->e0c56373-add1-4904-83f3-08b0a755b8ed#154-t1, previous=(t:1, i:14), leaderCommit=10, initializing? false, entries: <empty>
2019-09-11 20:04:53,824 [EventQueue-PipelineActionsForPipelineActionHandler] ERROR pipeline.PipelineActionHandler (PipelineActionHandler.java:onMessage(60)) - Received pipeline action CLOSE for Pipeline[ Id: 81716df0-3bfb-41b4-bf98-cb0f6128481c, Nodes: 802f7a56-3ac2-455e-92a2-71244eb20cf7{ip: 192.168.36.83, host: pr-hdds-2096-jg2tg-1247294052, networkLocation: /default-rack, certSerialId: null}e0c56373-add1-4904-83f3-08b0a755b8ed{ip: 192.168.36.83, host: pr-hdds-2096-jg2tg-1247294052, networkLocation: /default-rack, certSerialId: null}9bb405f0-f563-4579-83ea-0bbe163a9fbc{ip: 192.168.36.83, host: pr-hdds-2096-jg2tg-1247294052, networkLocation: /default-rack, certSerialId: null}, Type:RATIS, Factor:THREE, State:CLOSED] from datanode 9bb405f0-f563-4579-83ea-0bbe163a9fbc{ip: 192.168.36.83, host: pr-hdds-2096-jg2tg-1247294052, networkLocation: /default-rack, certSerialId: null}. Reason : 9bb405f0-f563-4579-83ea-0bbe163a9fbc has not seen follower/s e0c56373-add1-4904-83f3-08b0a755b8ed for 163335ms
2019-09-11 20:04:53,824 [EventQueue-PipelineActionsForPipelineActionHandler] INFO  pipeline.SCMPipelineManager (SCMPipelineManager.java:finalizeAndDestroyPipeline(311)) - destroying pipeline:Pipeline[ Id: 81716df0-3bfb-41b4-bf98-cb0f6128481c, Nodes: 802f7a56-3ac2-455e-92a2-71244eb20cf7{ip: 192.168.36.83, host: pr-hdds-2096-jg2tg-1247294052, networkLocation: /default-rack, certSerialId: null}e0c56373-add1-4904-83f3-08b0a755b8ed{ip: 192.168.36.83, host: pr-hdds-2096-jg2tg-1247294052, networkLocation: /default-rack, certSerialId: null}9bb405f0-f563-4579-83ea-0bbe163a9fbc{ip: 192.168.36.83, host: pr-hdds-2096-jg2tg-1247294052, networkLocation: /default-rack, certSerialId: null}, Type:RATIS, Factor:THREE, State:CLOSED]
2019-09-11 20:04:55,335 [org.apache.ratis.server.impl.LogAppender$AppenderDaemon$$Lambda$513/1740195529@603b50d] ERROR ratis.XceiverServerRatis (XceiverServerRatis.java:triggerPipelineClose(568)) - pipeline Action CLOSE  on pipeline PipelineID=81716df0-3bfb-41b4-bf98-cb0f6128481c.Reason : 9bb405f0-f563-4579-83ea-0bbe163a9fbc has not seen follower/s e0c56373-add1-4904-83f3-08b0a755b8ed for 165836ms
2019-09-11 20:04:55,811 [grpc-default-executor-1] INFO  impl.RaftServerProxy (RaftServerProxy.java:addNew(89)) - 802f7a56-3ac2-455e-92a2-71244eb20cf7: addNew group-C7A422292FA5:[802f7a56-3ac2-455e-92a2-71244eb20cf7:192.168.36.83:33220, 9bb405f0-f563-4579-83ea-0bbe163a9fbc:192.168.36.83:46254, e0c56373-add1-4904-83f3-08b0a755b8ed:192.168.36.83:45126] returns group-C7A422292FA5:java.util.concurrent.CompletableFuture@6aa18c9c[Not completed]
2019-09-11 20:04:55,811 [grpc-default-executor-5] INFO  impl.RaftServerProxy (RaftServerProxy.java:addNew(89)) - 9bb405f0-f563-4579-83ea-0bbe163a9fbc: addNew group-C7A422292FA5:[802f7a56-3ac2-455e-92a2-71244eb20cf7:192.168.36.83:33220, 9bb405f0-f563-4579-83ea-0bbe163a9fbc:192.168.36.83:46254, e0c56373-add1-4904-83f3-08b0a755b8ed:192.168.36.83:45126] returns group-C7A422292FA5:java.util.concurrent.CompletableFuture@2824173d[Not completed]
2019-09-11 20:04:55,812 [grpc-default-executor-0] INFO  impl.RaftServerProxy (RaftServerProxy.java:addNew(89)) - e0c56373-add1-4904-83f3-08b0a755b8ed: addNew group-C7A422292FA5:[802f7a56-3ac2-455e-92a2-71244eb20cf7:192.168.36.83:33220, 9bb405f0-f563-4579-83ea-0bbe163a9fbc:192.168.36.83:46254, e0c56373-add1-4904-83f3-08b0a755b8ed:192.168.36.83:45126] returns group-C7A422292FA5:java.util.concurrent.CompletableFuture@22854787[Not completed]
2019-09-11 20:04:55,814 [pool-57-thread-1] INFO  impl.RaftServerImpl (RaftServerImpl.java:<init>(95)) - 802f7a56-3ac2-455e-92a2-71244eb20cf7: new RaftServerImpl for group-C7A422292FA5:[802f7a56-3ac2-455e-92a2-71244eb20cf7:192.168.36.83:33220, 9bb405f0-f563-4579-83ea-0bbe163a9fbc:192.168.36.83:46254, e0c56373-add1-4904-83f3-08b0a755b8ed:192.168.36.83:45126] with ContainerStateMachine:uninitialized
2019-09-11 20:04:55,814 [pool-57-thread-1] INFO  server.RaftServerConfigKeys (ConfUtils.java:logGet(43)) - raft.server.rpc.timeout.min = 5s (custom)
2019-09-11 20:04:55,814 [pool-57-thread-1] INFO  server.RaftServerConfigKeys (ConfUtils.java:logGet(43)) - raft.server.rpc.timeout.max = 5200ms (custom)
2019-09-11 20:04:55,814 [pool-57-thread-1] INFO  server.RaftServerConfigKeys (ConfUtils.java:logGet(43)) - raft.server.rpcslowness.timeout = 120s (custom)
2019-09-11 20:04:55,814 [pool-57-thread-1] INFO  server.RaftServerConfigKeys (ConfUtils.java:logGet(43)) - raft.server.sleep.deviation.threshold = 300 (default)
2019-09-11 20:04:55,814 [pool-57-thread-1] INFO  server.RaftServerConfigKeys (ConfUtils.java:logGet(43)) - raft.server.log.appender.install.snapshot.enabled = false (custom)
2019-09-11 20:04:55,814 [pool-57-thread-1] INFO  impl.RaftServerImpl (ServerState.java:<init>(103)) - 802f7a56-3ac2-455e-92a2-71244eb20cf7@group-C7A422292FA5: ConfigurationManager, init=-1: [802f7a56-3ac2-455e-92a2-71244eb20cf7:192.168.36.83:33220, 9bb405f0-f563-4579-83ea-0bbe163a9fbc:192.168.36.83:46254, e0c56373-add1-4904-83f3-08b0a755b8ed:192.168.36.83:45126], old=null, confs=<EMPTY_MAP>
2019-09-11 20:04:55,814 [pool-37-thread-1] INFO  impl.RaftServerImpl (RaftServerImpl.java:<init>(95)) - e0c56373-add1-4904-83f3-08b0a755b8ed: new RaftServerImpl for group-C7A422292FA5:[802f7a56-3ac2-455e-92a2-71244eb20cf7:192.168.36.83:33220, 9bb405f0-f563-4579-83ea-0bbe163a9fbc:192.168.36.83:46254, e0c56373-add1-4904-83f3-08b0a755b8ed:192.168.36.83:45126] with ContainerStateMachine:uninitialized
2019-09-11 20:04:55,815 [pool-57-thread-1] INFO  server.RaftServerConfigKeys (ConfUtils.java:logGet(43)) - raft.server.storage.dir = [/workdir/hadoop-ozone/integration-test/target/test-dir/MiniOzoneClusterImpl-0a14e7f9-644e-4233-9ad1-c76f0b8b7528/datanode-3/data/ratis] (custom)
2019-09-11 20:04:55,815 [pool-37-thread-1] INFO  server.RaftServerConfigKeys (ConfUtils.java:logGet(43)) - raft.server.rpc.timeout.min = 5s (custom)
2019-09-11 20:04:55,815 [pool-37-thread-1] INFO  server.RaftServerConfigKeys (ConfUtils.java:logGet(43)) - raft.server.rpc.timeout.max = 5200ms (custom)
2019-09-11 20:04:55,815 [pool-37-thread-1] INFO  server.RaftServerConfigKeys (ConfUtils.java:logGet(43)) - raft.server.rpcslowness.timeout = 120s (custom)
2019-09-11 20:04:55,815 [pool-57-thread-1] INFO  storage.RaftStorageDirectory (RaftStorageDirectory.java:analyzeStorage(246)) - The storage directory /workdir/hadoop-ozone/integration-test/target/test-dir/MiniOzoneClusterImpl-0a14e7f9-644e-4233-9ad1-c76f0b8b7528/datanode-3/data/ratis/a5e33a2e-eade-4ad2-a9ca-c7a422292fa5 does not exist. Creating ...
2019-09-11 20:04:55,815 [pool-37-thread-1] INFO  server.RaftServerConfigKeys (ConfUtils.java:logGet(43)) - raft.server.sleep.deviation.threshold = 300 (default)
2019-09-11 20:04:55,815 [pool-37-thread-1] INFO  server.RaftServerConfigKeys (ConfUtils.java:logGet(43)) - raft.server.log.appender.install.snapshot.enabled = false (custom)
2019-09-11 20:04:55,816 [pool-37-thread-1] INFO  impl.RaftServerImpl (ServerState.java:<init>(103)) - e0c56373-add1-4904-83f3-08b0a755b8ed@group-C7A422292FA5: ConfigurationManager, init=-1: [802f7a56-3ac2-455e-92a2-71244eb20cf7:192.168.36.83:33220, 9bb405f0-f563-4579-83ea-0bbe163a9fbc:192.168.36.83:46254, e0c56373-add1-4904-83f3-08b0a755b8ed:192.168.36.83:45126], old=null, confs=<EMPTY_MAP>
2019-09-11 20:04:55,816 [pool-27-thread-1] INFO  impl.RaftServerImpl (RaftServerImpl.java:<init>(95)) - 9bb405f0-f563-4579-83ea-0bbe163a9fbc: new RaftServerImpl for group-C7A422292FA5:[802f7a56-3ac2-455e-92a2-71244eb20cf7:192.168.36.83:33220, 9bb405f0-f563-4579-83ea-0bbe163a9fbc:192.168.36.83:46254, e0c56373-add1-4904-83f3-08b0a755b8ed:192.168.36.83:45126] with ContainerStateMachine:uninitialized
2019-09-11 20:04:55,816 [pool-37-thread-1] INFO  server.RaftServerConfigKeys (ConfUtils.java:logGet(43)) - raft.server.storage.dir = [/workdir/hadoop-ozone/integration-test/target/test-dir/MiniOzoneClusterImpl-0a14e7f9-644e-4233-9ad1-c76f0b8b7528/datanode-1/data/ratis] (custom)
2019-09-11 20:04:55,816 [pool-27-thread-1] INFO  server.RaftServerConfigKeys (ConfUtils.java:logGet(43)) - raft.server.rpc.timeout.min = 5s (custom)
2019-09-11 20:04:55,816 [pool-27-thread-1] INFO  server.RaftServerConfigKeys (ConfUtils.java:logGet(43)) - raft.server.rpc.timeout.max = 5200ms (custom)
2019-09-11 20:04:55,816 [pool-37-thread-1] INFO  storage.RaftStorageDirectory (RaftStorageDirectory.java:analyzeStorage(246)) - The storage directory /workdir/hadoop-ozone/integration-test/target/test-dir/MiniOzoneClusterImpl-0a14e7f9-644e-4233-9ad1-c76f0b8b7528/datanode-1/data/ratis/a5e33a2e-eade-4ad2-a9ca-c7a422292fa5 does not exist. Creating ...
2019-09-11 20:04:55,816 [pool-27-thread-1] INFO  server.RaftServerConfigKeys (ConfUtils.java:logGet(43)) - raft.server.rpcslowness.timeout = 120s (custom)
2019-09-11 20:04:55,817 [pool-27-thread-1] INFO  server.RaftServerConfigKeys (ConfUtils.java:logGet(43)) - raft.server.sleep.deviation.threshold = 300 (default)
2019-09-11 20:04:55,817 [pool-27-thread-1] INFO  server.RaftServerConfigKeys (ConfUtils.java:logGet(43)) - raft.server.log.appender.install.snapshot.enabled = false (custom)
2019-09-11 20:04:55,817 [pool-27-thread-1] INFO  impl.RaftServerImpl (ServerState.java:<init>(103)) - 9bb405f0-f563-4579-83ea-0bbe163a9fbc@group-C7A422292FA5: ConfigurationManager, init=-1: [802f7a56-3ac2-455e-92a2-71244eb20cf7:192.168.36.83:33220, 9bb405f0-f563-4579-83ea-0bbe163a9fbc:192.168.36.83:46254, e0c56373-add1-4904-83f3-08b0a755b8ed:192.168.36.83:45126], old=null, confs=<EMPTY_MAP>
2019-09-11 20:04:55,817 [pool-27-thread-1] INFO  server.RaftServerConfigKeys (ConfUtils.java:logGet(43)) - raft.server.storage.dir = [/workdir/hadoop-ozone/integration-test/target/test-dir/MiniOzoneClusterImpl-0a14e7f9-644e-4233-9ad1-c76f0b8b7528/datanode-0/data/ratis] (custom)
2019-09-11 20:04:55,817 [pool-27-thread-1] INFO  storage.RaftStorageDirectory (RaftStorageDirectory.java:analyzeStorage(246)) - The storage directory /workdir/hadoop-ozone/integration-test/target/test-dir/MiniOzoneClusterImpl-0a14e7f9-644e-4233-9ad1-c76f0b8b7528/datanode-0/data/ratis/a5e33a2e-eade-4ad2-a9ca-c7a422292fa5 does not exist. Creating ...
2019-09-11 20:04:55,829 [pool-37-thread-1] INFO  storage.RaftStorageDirectory (RaftStorageDirectory.java:tryLock(328)) - Lock on /workdir/hadoop-ozone/integration-test/target/test-dir/MiniOzoneClusterImpl-0a14e7f9-644e-4233-9ad1-c76f0b8b7528/datanode-1/data/ratis/a5e33a2e-eade-4ad2-a9ca-c7a422292fa5/in_use.lock acquired by nodename 31903@pr-hdds-2096-jg2tg-1247294052
2019-09-11 20:04:55,829 [pool-57-thread-1] INFO  storage.RaftStorageDirectory (RaftStorageDirectory.java:tryLock(328)) - Lock on /workdir/hadoop-ozone/integration-test/target/test-dir/MiniOzoneClusterImpl-0a14e7f9-644e-4233-9ad1-c76f0b8b7528/datanode-3/data/ratis/a5e33a2e-eade-4ad2-a9ca-c7a422292fa5/in_use.lock acquired by nodename 31903@pr-hdds-2096-jg2tg-1247294052
2019-09-11 20:04:55,829 [pool-27-thread-1] INFO  storage.RaftStorageDirectory (RaftStorageDirectory.java:tryLock(328)) - Lock on /workdir/hadoop-ozone/integration-test/target/test-dir/MiniOzoneClusterImpl-0a14e7f9-644e-4233-9ad1-c76f0b8b7528/datanode-0/data/ratis/a5e33a2e-eade-4ad2-a9ca-c7a422292fa5/in_use.lock acquired by nodename 31903@pr-hdds-2096-jg2tg-1247294052
2019-09-11 20:04:55,834 [java.util.concurrent.ThreadPoolExecutor$Worker@64f81f1[State = -1, empty queue]] WARN  server.GrpcLogAppender (GrpcLogAppender.java:timeoutAppendRequest(200)) - 9bb405f0-f563-4579-83ea-0bbe163a9fbc@group-CB0F6128481C->e0c56373-add1-4904-83f3-08b0a755b8ed-GrpcLogAppender: appendEntries Timeout, request=9bb405f0-f563-4579-83ea-0bbe163a9fbc->e0c56373-add1-4904-83f3-08b0a755b8ed#155-t1, previous=(t:1, i:14), leaderCommit=10, initializing? false, entries: <empty>
2019-09-11 20:04:55,843 [pool-37-thread-1] INFO  storage.RaftStorage (RaftStorage.java:format(72)) - Storage directory /workdir/hadoop-ozone/integration-test/target/test-dir/MiniOzoneClusterImpl-0a14e7f9-644e-4233-9ad1-c76f0b8b7528/datanode-1/data/ratis/a5e33a2e-eade-4ad2-a9ca-c7a422292fa5 has been successfully formatted.
2019-09-11 20:04:55,843 [pool-27-thread-1] INFO  storage.RaftStorage (RaftStorage.java:format(72)) - Storage directory /workdir/hadoop-ozone/integration-test/target/test-dir/MiniOzoneClusterImpl-0a14e7f9-644e-4233-9ad1-c76f0b8b7528/datanode-0/data/ratis/a5e33a2e-eade-4ad2-a9ca-c7a422292fa5 has been successfully formatted.
2019-09-11 20:04:55,843 [pool-57-thread-1] INFO  storage.RaftStorage (RaftStorage.java:format(72)) - Storage directory /workdir/hadoop-ozone/integration-test/target/test-dir/MiniOzoneClusterImpl-0a14e7f9-644e-4233-9ad1-c76f0b8b7528/datanode-3/data/ratis/a5e33a2e-eade-4ad2-a9ca-c7a422292fa5 has been successfully formatted.
2019-09-11 20:04:55,843 [pool-37-thread-1] INFO  ratis.ContainerStateMachine (ContainerStateMachine.java:loadSnapshot(230)) - group-C7A422292FA5: The snapshot info is null. Setting the last applied indexto:(t:0, i:~)
2019-09-11 20:04:55,843 [pool-27-thread-1] INFO  ratis.ContainerStateMachine (ContainerStateMachine.java:loadSnapshot(230)) - group-C7A422292FA5: The snapshot info is null. Setting the last applied indexto:(t:0, i:~)
2019-09-11 20:04:55,843 [pool-57-thread-1] INFO  ratis.ContainerStateMachine (ContainerStateMachine.java:loadSnapshot(230)) - group-C7A422292FA5: The snapshot info is null. Setting the last applied indexto:(t:0, i:~)
2019-09-11 20:04:55,844 [pool-27-thread-1] INFO  server.RaftServerConfigKeys (ConfUtils.java:logGet(43)) - raft.server.notification.no-leader.timeout = 120s (custom)
2019-09-11 20:04:55,844 [pool-37-thread-1] INFO  server.RaftServerConfigKeys (ConfUtils.java:logGet(43)) - raft.server.notification.no-leader.timeout = 120s (custom)
2019-09-11 20:04:55,844 [pool-27-thread-1] INFO  server.RaftServerConfigKeys (ConfUtils.java:logGet(43)) - raft.server.log.use.memory = false (default)
2019-09-11 20:04:55,844 [pool-57-thread-1] INFO  server.RaftServerConfigKeys (ConfUtils.java:logGet(43)) - raft.server.notification.no-leader.timeout = 120s (custom)
2019-09-11 20:04:55,844 [pool-37-thread-1] INFO  server.RaftServerConfigKeys (ConfUtils.java:logGet(43)) - raft.server.log.use.memory = false (default)
2019-09-11 20:04:55,844 [pool-27-thread-1] INFO  server.RaftServerConfigKeys (ConfUtils.java:logGet(43)) - raft.server.log.purge.gap = 1000000 (custom)
2019-09-11 20:04:55,844 [pool-57-thread-1] INFO  server.RaftServerConfigKeys (ConfUtils.java:logGet(43)) - raft.server.log.use.memory = false (default)
2019-09-11 20:04:55,845 [pool-27-thread-1] INFO  server.RaftServerConfigKeys (ConfUtils.java:logGet(43)) - raft.server.log.appender.buffer.byte-limit = 33554432 (custom)
2019-09-11 20:04:55,844 [pool-37-thread-1] INFO  server.RaftServerConfigKeys (ConfUtils.java:logGet(43)) - raft.server.log.purge.gap = 1000000 (custom)
2019-09-11 20:04:55,845 [pool-27-thread-1] INFO  server.RaftServerConfigKeys (ConfUtils.java:logGet(43)) - raft.server.log.segment.size.max = 1048576 (custom)
2019-09-11 20:04:55,845 [pool-57-thread-1] INFO  server.RaftServerConfigKeys (ConfUtils.java:logGet(43)) - raft.server.log.purge.gap = 1000000 (custom)
2019-09-11 20:04:55,845 [pool-27-thread-1] INFO  server.RaftServerConfigKeys (ConfUtils.java:logGet(43)) - raft.server.log.segment.cache.num.max = 2 (custom)
2019-09-11 20:04:55,845 [pool-37-thread-1] INFO  server.RaftServerConfigKeys (ConfUtils.java:logGet(43)) - raft.server.log.appender.buffer.byte-limit = 33554432 (custom)
2019-09-11 20:04:55,845 [pool-27-thread-1] INFO  segmented.SegmentedRaftLogWorker (SegmentedRaftLogWorker.java:<init>(172)) - new 9bb405f0-f563-4579-83ea-0bbe163a9fbc@group-C7A422292FA5-SegmentedRaftLogWorker for RaftStorage:Storage Directory /workdir/hadoop-ozone/integration-test/target/test-dir/MiniOzoneClusterImpl-0a14e7f9-644e-4233-9ad1-c76f0b8b7528/datanode-0/data/ratis/a5e33a2e-eade-4ad2-a9ca-c7a422292fa5
2019-09-11 20:04:55,845 [pool-57-thread-1] INFO  server.RaftServerConfigKeys (ConfUtils.java:logGet(43)) - raft.server.log.appender.buffer.byte-limit = 33554432 (custom)
2019-09-11 20:04:55,846 [pool-27-thread-1] INFO  server.RaftServerConfigKeys (ConfUtils.java:logGet(43)) - raft.server.log.queue.byte-limit = 2147483647 (custom)
2019-09-11 20:04:55,845 [pool-37-thread-1] INFO  server.RaftServerConfigKeys (ConfUtils.java:logGet(43)) - raft.server.log.segment.size.max = 1048576 (custom)
2019-09-11 20:04:55,846 [pool-27-thread-1] INFO  server.RaftServerConfigKeys (ConfUtils.java:logGet(43)) - raft.server.log.queue.element-limit = 1024 (custom)
2019-09-11 20:04:55,846 [pool-57-thread-1] INFO  server.RaftServerConfigKeys (ConfUtils.java:logGet(43)) - raft.server.log.segment.size.max = 1048576 (custom)
2019-09-11 20:04:55,846 [pool-27-thread-1] INFO  server.RaftServerConfigKeys (ConfUtils.java:logGet(43)) - raft.server.log.segment.size.max = 1048576 (custom)
2019-09-11 20:04:55,846 [pool-37-thread-1] INFO  server.RaftServerConfigKeys (ConfUtils.java:logGet(43)) - raft.server.log.segment.cache.num.max = 2 (custom)
2019-09-11 20:04:55,846 [pool-27-thread-1] INFO  server.RaftServerConfigKeys (ConfUtils.java:logGet(43)) - raft.server.log.preallocated.size = 16384 (custom)
2019-09-11 20:04:55,846 [pool-57-thread-1] INFO  server.RaftServerConfigKeys (ConfUtils.java:logGet(43)) - raft.server.log.segment.cache.num.max = 2 (custom)
2019-09-11 20:04:55,847 [pool-27-thread-1] INFO  server.RaftServerConfigKeys (ConfUtils.java:logGet(43)) - raft.server.log.write.buffer.size = 33554432 (custom)
2019-09-11 20:04:55,847 [pool-37-thread-1] INFO  segmented.SegmentedRaftLogWorker (SegmentedRaftLogWorker.java:<init>(172)) - new e0c56373-add1-4904-83f3-08b0a755b8ed@group-C7A422292FA5-SegmentedRaftLogWorker for RaftStorage:Storage Directory /workdir/hadoop-ozone/integration-test/target/test-dir/MiniOzoneClusterImpl-0a14e7f9-644e-4233-9ad1-c76f0b8b7528/datanode-1/data/ratis/a5e33a2e-eade-4ad2-a9ca-c7a422292fa5
2019-09-11 20:04:55,847 [pool-27-thread-1] INFO  server.RaftServerConfigKeys (ConfUtils.java:logGet(43)) - raft.server.log.force.sync.num = 128 (default)
2019-09-11 20:04:55,847 [pool-57-thread-1] INFO  segmented.SegmentedRaftLogWorker (SegmentedRaftLogWorker.java:<init>(172)) - new 802f7a56-3ac2-455e-92a2-71244eb20cf7@group-C7A422292FA5-SegmentedRaftLogWorker for RaftStorage:Storage Directory /workdir/hadoop-ozone/integration-test/target/test-dir/MiniOzoneClusterImpl-0a14e7f9-644e-4233-9ad1-c76f0b8b7528/datanode-3/data/ratis/a5e33a2e-eade-4ad2-a9ca-c7a422292fa5
2019-09-11 20:04:55,847 [pool-27-thread-1] INFO  server.RaftServerConfigKeys (ConfUtils.java:logGet(43)) - raft.server.log.statemachine.data.sync = true (default)
2019-09-11 20:04:55,847 [pool-37-thread-1] INFO  server.RaftServerConfigKeys (ConfUtils.java:logGet(43)) - raft.server.log.queue.byte-limit = 2147483647 (custom)
2019-09-11 20:04:55,848 [pool-27-thread-1] INFO  server.RaftServerConfigKeys (ConfUtils.java:logGet(43)) - raft.server.log.statemachine.data.sync.timeout = 10s (default)
2019-09-11 20:04:55,847 [pool-57-thread-1] INFO  server.RaftServerConfigKeys (ConfUtils.java:logGet(43)) - raft.server.log.queue.byte-limit = 2147483647 (custom)
2019-09-11 20:04:55,848 [pool-27-thread-1] INFO  server.RaftServerConfigKeys (ConfUtils.java:logGet(43)) - raft.server.log.statemachine.data.sync.timeout.retry = -1 (default)
2019-09-11 20:04:55,848 [pool-37-thread-1] INFO  server.RaftServerConfigKeys (ConfUtils.java:logGet(43)) - raft.server.log.queue.element-limit = 1024 (custom)
2019-09-11 20:04:55,848 [pool-27-thread-1] INFO  server.RaftServerConfigKeys (ConfUtils.java:logGet(43)) - raft.server.log.statemachine.data.caching.enabled = true (custom)
2019-09-11 20:04:55,848 [pool-57-thread-1] INFO  server.RaftServerConfigKeys (ConfUtils.java:logGet(43)) - raft.server.log.queue.element-limit = 1024 (custom)
2019-09-11 20:04:55,848 [pool-37-thread-1] INFO  server.RaftServerConfigKeys (ConfUtils.java:logGet(43)) - raft.server.log.segment.size.max = 1048576 (custom)
2019-09-11 20:04:55,849 [pool-57-thread-1] INFO  server.RaftServerConfigKeys (ConfUtils.java:logGet(43)) - raft.server.log.segment.size.max = 1048576 (custom)
2019-09-11 20:04:55,849 [pool-27-thread-1] INFO  segmented.SegmentedRaftLogWorker (SegmentedRaftLogWorker.java:lambda$new$0(132)) - 9bb405f0-f563-4579-83ea-0bbe163a9fbc@group-C7A422292FA5-SegmentedRaftLogWorker: flushIndex: setUnconditionally 0 -> -1
2019-09-11 20:04:55,849 [pool-37-thread-1] INFO  server.RaftServerConfigKeys (ConfUtils.java:logGet(43)) - raft.server.log.preallocated.size = 16384 (custom)
2019-09-11 20:04:55,849 [pool-57-thread-1] INFO  server.RaftServerConfigKeys (ConfUtils.java:logGet(43)) - raft.server.log.preallocated.size = 16384 (custom)
2019-09-11 20:04:55,849 [pool-37-thread-1] INFO  server.RaftServerConfigKeys (ConfUtils.java:logGet(43)) - raft.server.log.write.buffer.size = 33554432 (custom)
2019-09-11 20:04:55,849 [pool-27-thread-1] INFO  server.RaftServerConfigKeys (ConfUtils.java:logGet(43)) - raft.server.snapshot.auto.trigger.enabled = true (custom)
2019-09-11 20:04:55,849 [pool-57-thread-1] INFO  server.RaftServerConfigKeys (ConfUtils.java:logGet(43)) - raft.server.log.write.buffer.size = 33554432 (custom)
2019-09-11 20:04:55,850 [pool-27-thread-1] INFO  server.RaftServerConfigKeys (ConfUtils.java:logGet(43)) - raft.server.snapshot.auto.trigger.threshold = 10000 (custom)
2019-09-11 20:04:55,849 [pool-37-thread-1] INFO  server.RaftServerConfigKeys (ConfUtils.java:logGet(43)) - raft.server.log.force.sync.num = 128 (default)
2019-09-11 20:04:55,850 [pool-27-thread-1] INFO  server.RaftServerConfigKeys (ConfUtils.java:logGet(43)) - raft.server.snapshot.retention.num.files = -1 (default)
2019-09-11 20:04:55,850 [pool-57-thread-1] INFO  server.RaftServerConfigKeys (ConfUtils.java:logGet(43)) - raft.server.log.force.sync.num = 128 (default)
2019-09-11 20:04:55,850 [pool-27-thread-1] INFO  server.RaftServerConfigKeys (ConfUtils.java:logGet(43)) - raft.server.retrycache.expirytime = 600000ms (custom)
2019-09-11 20:04:55,850 [pool-37-thread-1] INFO  server.RaftServerConfigKeys (ConfUtils.java:logGet(43)) - raft.server.log.statemachine.data.sync = true (default)
2019-09-11 20:04:55,850 [pool-57-thread-1] INFO  server.RaftServerConfigKeys (ConfUtils.java:logGet(43)) - raft.server.log.statemachine.data.sync = true (default)
2019-09-11 20:04:55,850 [pool-37-thread-1] INFO  server.RaftServerConfigKeys (ConfUtils.java:logGet(43)) - raft.server.log.statemachine.data.sync.timeout = 10s (default)
2019-09-11 20:04:55,850 [pool-57-thread-1] INFO  server.RaftServerConfigKeys (ConfUtils.java:logGet(43)) - raft.server.log.statemachine.data.sync.timeout = 10s (default)
2019-09-11 20:04:55,851 [pool-37-thread-1] INFO  server.RaftServerConfigKeys (ConfUtils.java:logGet(43)) - raft.server.log.statemachine.data.sync.timeout.retry = -1 (default)
2019-09-11 20:04:55,851 [pool-57-thread-1] INFO  server.RaftServerConfigKeys (ConfUtils.java:logGet(43)) - raft.server.log.statemachine.data.sync.timeout.retry = -1 (default)
2019-09-11 20:04:55,851 [pool-37-thread-1] INFO  server.RaftServerConfigKeys (ConfUtils.java:logGet(43)) - raft.server.log.statemachine.data.caching.enabled = true (custom)
2019-09-11 20:04:55,851 [pool-57-thread-1] INFO  server.RaftServerConfigKeys (ConfUtils.java:logGet(43)) - raft.server.log.statemachine.data.caching.enabled = true (custom)
2019-09-11 20:04:55,851 [pool-37-thread-1] INFO  segmented.SegmentedRaftLogWorker (SegmentedRaftLogWorker.java:lambda$new$0(132)) - e0c56373-add1-4904-83f3-08b0a755b8ed@group-C7A422292FA5-SegmentedRaftLogWorker: flushIndex: setUnconditionally 0 -> -1
2019-09-11 20:04:55,851 [pool-57-thread-1] INFO  segmented.SegmentedRaftLogWorker (SegmentedRaftLogWorker.java:lambda$new$0(132)) - 802f7a56-3ac2-455e-92a2-71244eb20cf7@group-C7A422292FA5-SegmentedRaftLogWorker: flushIndex: setUnconditionally 0 -> -1
2019-09-11 20:04:55,852 [pool-37-thread-1] INFO  server.RaftServerConfigKeys (ConfUtils.java:logGet(43)) - raft.server.snapshot.auto.trigger.enabled = true (custom)
2019-09-11 20:04:55,852 [pool-57-thread-1] INFO  server.RaftServerConfigKeys (ConfUtils.java:logGet(43)) - raft.server.snapshot.auto.trigger.enabled = true (custom)
2019-09-11 20:04:55,852 [pool-37-thread-1] INFO  server.RaftServerConfigKeys (ConfUtils.java:logGet(43)) - raft.server.snapshot.auto.trigger.threshold = 10000 (custom)
2019-09-11 20:04:55,852 [pool-57-thread-1] INFO  server.RaftServerConfigKeys (ConfUtils.java:logGet(43)) - raft.server.snapshot.auto.trigger.threshold = 10000 (custom)
2019-09-11 20:04:55,852 [pool-37-thread-1] INFO  server.RaftServerConfigKeys (ConfUtils.java:logGet(43)) - raft.server.snapshot.retention.num.files = -1 (default)
2019-09-11 20:04:55,852 [pool-57-thread-1] INFO  server.RaftServerConfigKeys (ConfUtils.java:logGet(43)) - raft.server.snapshot.retention.num.files = -1 (default)
2019-09-11 20:04:55,852 [pool-37-thread-1] INFO  server.RaftServerConfigKeys (ConfUtils.java:logGet(43)) - raft.server.retrycache.expirytime = 600000ms (custom)
2019-09-11 20:04:55,852 [pool-57-thread-1] INFO  server.RaftServerConfigKeys (ConfUtils.java:logGet(43)) - raft.server.retrycache.expirytime = 600000ms (custom)
2019-09-11 20:04:55,855 [pool-27-thread-1] INFO  impl.RaftServerImpl (RaftServerImpl.java:start(185)) - 9bb405f0-f563-4579-83ea-0bbe163a9fbc@group-C7A422292FA5: start as a follower, conf=-1: [802f7a56-3ac2-455e-92a2-71244eb20cf7:192.168.36.83:33220, 9bb405f0-f563-4579-83ea-0bbe163a9fbc:192.168.36.83:46254, e0c56373-add1-4904-83f3-08b0a755b8ed:192.168.36.83:45126], old=null
2019-09-11 20:04:55,855 [pool-27-thread-1] INFO  impl.RaftServerImpl (RaftServerImpl.java:setRole(174)) - 9bb405f0-f563-4579-83ea-0bbe163a9fbc@group-C7A422292FA5: changes role from      null to FOLLOWER at term 0 for startAsFollower
2019-09-11 20:04:55,855 [pool-27-thread-1] INFO  impl.RoleInfo (RoleInfo.java:updateAndGet(143)) - 9bb405f0-f563-4579-83ea-0bbe163a9fbc: start FollowerState
2019-09-11 20:04:55,856 [pool-27-thread-1] INFO  util.JmxRegister (JmxRegister.java:tryRegister(44)) - Successfully registered JMX Bean with object name Ratis:service=RaftServer,group=group-C7A422292FA5,id=9bb405f0-f563-4579-83ea-0bbe163a9fbc
2019-09-11 20:04:55,856 [pool-37-thread-1] INFO  impl.RaftServerImpl (RaftServerImpl.java:start(185)) - e0c56373-add1-4904-83f3-08b0a755b8ed@group-C7A422292FA5: start as a follower, conf=-1: [802f7a56-3ac2-455e-92a2-71244eb20cf7:192.168.36.83:33220, 9bb405f0-f563-4579-83ea-0bbe163a9fbc:192.168.36.83:46254, e0c56373-add1-4904-83f3-08b0a755b8ed:192.168.36.83:45126], old=null
2019-09-11 20:04:55,856 [pool-37-thread-1] INFO  impl.RaftServerImpl (RaftServerImpl.java:setRole(174)) - e0c56373-add1-4904-83f3-08b0a755b8ed@group-C7A422292FA5: changes role from      null to FOLLOWER at term 0 for startAsFollower
2019-09-11 20:04:55,856 [pool-37-thread-1] INFO  impl.RoleInfo (RoleInfo.java:updateAndGet(143)) - e0c56373-add1-4904-83f3-08b0a755b8ed: start FollowerState
2019-09-11 20:04:55,856 [pool-57-thread-1] INFO  impl.RaftServerImpl (RaftServerImpl.java:start(185)) - 802f7a56-3ac2-455e-92a2-71244eb20cf7@group-C7A422292FA5: start as a follower, conf=-1: [802f7a56-3ac2-455e-92a2-71244eb20cf7:192.168.36.83:33220, 9bb405f0-f563-4579-83ea-0bbe163a9fbc:192.168.36.83:46254, e0c56373-add1-4904-83f3-08b0a755b8ed:192.168.36.83:45126], old=null
2019-09-11 20:04:55,857 [pool-57-thread-1] INFO  impl.RaftServerImpl (RaftServerImpl.java:setRole(174)) - 802f7a56-3ac2-455e-92a2-71244eb20cf7@group-C7A422292FA5: changes role from      null to FOLLOWER at term 0 for startAsFollower
2019-09-11 20:04:55,857 [pool-37-thread-1] INFO  util.JmxRegister (JmxRegister.java:tryRegister(44)) - Successfully registered JMX Bean with object name Ratis:service=RaftServer,group=group-C7A422292FA5,id=e0c56373-add1-4904-83f3-08b0a755b8ed
2019-09-11 20:04:55,857 [pool-57-thread-1] INFO  impl.RoleInfo (RoleInfo.java:updateAndGet(143)) - 802f7a56-3ac2-455e-92a2-71244eb20cf7: start FollowerState
2019-09-11 20:04:55,858 [pool-57-thread-1] INFO  util.JmxRegister (JmxRegister.java:tryRegister(44)) - Successfully registered JMX Bean with object name Ratis:service=RaftServer,group=group-C7A422292FA5,id=802f7a56-3ac2-455e-92a2-71244eb20cf7
2019-09-11 20:04:55,860 [RatisPipelineUtilsThread] INFO  pipeline.PipelineStateManager (PipelineStateManager.java:addPipeline(56)) - Created pipeline Pipeline[ Id: a5e33a2e-eade-4ad2-a9ca-c7a422292fa5, Nodes: 802f7a56-3ac2-455e-92a2-71244eb20cf7{ip: 192.168.36.83, host: pr-hdds-2096-jg2tg-1247294052, networkLocation: /default-rack, certSerialId: null}e0c56373-add1-4904-83f3-08b0a755b8ed{ip: 192.168.36.83, host: pr-hdds-2096-jg2tg-1247294052, networkLocation: /default-rack, certSerialId: null}9bb405f0-f563-4579-83ea-0bbe163a9fbc{ip: 192.168.36.83, host: pr-hdds-2096-jg2tg-1247294052, networkLocation: /default-rack, certSerialId: null}, Type:RATIS, Factor:THREE, State:OPEN]
2019-09-11 20:04:55,861 [EventQueue-PipelineActionsForPipelineActionHandler] ERROR pipeline.PipelineActionHandler (PipelineActionHandler.java:onMessage(60)) - Received pipeline action CLOSE for Pipeline[ Id: 81716df0-3bfb-41b4-bf98-cb0f6128481c, Nodes: 802f7a56-3ac2-455e-92a2-71244eb20cf7{ip: 192.168.36.83, host: pr-hdds-2096-jg2tg-1247294052, networkLocation: /default-rack, certSerialId: null}e0c56373-add1-4904-83f3-08b0a755b8ed{ip: 192.168.36.83, host: pr-hdds-2096-jg2tg-1247294052, networkLocation: /default-rack, certSerialId: null}9bb405f0-f563-4579-83ea-0bbe163a9fbc{ip: 192.168.36.83, host: pr-hdds-2096-jg2tg-1247294052, networkLocation: /default-rack, certSerialId: null}, Type:RATIS, Factor:THREE, State:CLOSED] from datanode 9bb405f0-f563-4579-83ea-0bbe163a9fbc{ip: 192.168.36.83, host: pr-hdds-2096-jg2tg-1247294052, networkLocation: /default-rack, certSerialId: null}. Reason : 9bb405f0-f563-4579-83ea-0bbe163a9fbc has not seen follower/s e0c56373-add1-4904-83f3-08b0a755b8ed for 165836ms
2019-09-11 20:04:55,861 [EventQueue-PipelineActionsForPipelineActionHandler] INFO  pipeline.SCMPipelineManager (SCMPipelineManager.java:finalizeAndDestroyPipeline(311)) - destroying pipeline:Pipeline[ Id: 81716df0-3bfb-41b4-bf98-cb0f6128481c, Nodes: 802f7a56-3ac2-455e-92a2-71244eb20cf7{ip: 192.168.36.83, host: pr-hdds-2096-jg2tg-1247294052, networkLocation: /default-rack, certSerialId: null}e0c56373-add1-4904-83f3-08b0a755b8ed{ip: 192.168.36.83, host: pr-hdds-2096-jg2tg-1247294052, networkLocation: /default-rack, certSerialId: null}9bb405f0-f563-4579-83ea-0bbe163a9fbc{ip: 192.168.36.83, host: pr-hdds-2096-jg2tg-1247294052, networkLocation: /default-rack, certSerialId: null}, Type:RATIS, Factor:THREE, State:CLOSED]
2019-09-11 20:04:56,239 [grpc-default-executor-0] INFO  client.GrpcClientProtocolClient (GrpcClientProtocolClient.java:onNext(264)) - client-9954D3AE5C83->e0c56373-add1-4904-83f3-08b0a755b8ed: receive RaftClientReply:client-9954D3AE5C83->e0c56373-add1-4904-83f3-08b0a755b8ed@group-CB0F6128481C, cid=32, FAILED org.apache.ratis.protocol.NotLeaderException: Server e0c56373-add1-4904-83f3-08b0a755b8ed@group-CB0F6128481C is not the leader 9bb405f0-f563-4579-83ea-0bbe163a9fbc:192.168.36.83:46254, logIndex=0, commits[e0c56373-add1-4904-83f3-08b0a755b8ed:c10, 802f7a56-3ac2-455e-92a2-71244eb20cf7:c10, 9bb405f0-f563-4579-83ea-0bbe163a9fbc:c10]
2019-09-11 20:04:57,836 [org.apache.ratis.server.impl.LogAppender$AppenderDaemon$$Lambda$513/1740195529@603b50d] ERROR ratis.XceiverServerRatis (XceiverServerRatis.java:triggerPipelineClose(568)) - pipeline Action CLOSE  on pipeline PipelineID=81716df0-3bfb-41b4-bf98-cb0f6128481c.Reason : 9bb405f0-f563-4579-83ea-0bbe163a9fbc has not seen follower/s e0c56373-add1-4904-83f3-08b0a755b8ed for 168337ms
2019-09-11 20:04:58,335 [java.util.concurrent.ThreadPoolExecutor$Worker@64f81f1[State = -1, empty queue]] WARN  server.GrpcLogAppender (GrpcLogAppender.java:timeoutAppendRequest(200)) - 9bb405f0-f563-4579-83ea-0bbe163a9fbc@group-CB0F6128481C->e0c56373-add1-4904-83f3-08b0a755b8ed-GrpcLogAppender: appendEntries Timeout, request=9bb405f0-f563-4579-83ea-0bbe163a9fbc->e0c56373-add1-4904-83f3-08b0a755b8ed#156-t1, previous=(t:1, i:14), leaderCommit=10, initializing? false, entries: <empty>
2019-09-11 20:04:58,823 [EventQueue-PipelineActionsForPipelineActionHandler] ERROR pipeline.PipelineActionHandler (PipelineActionHandler.java:onMessage(60)) - Received pipeline action CLOSE for Pipeline[ Id: 81716df0-3bfb-41b4-bf98-cb0f6128481c, Nodes: 802f7a56-3ac2-455e-92a2-71244eb20cf7{ip: 192.168.36.83, host: pr-hdds-2096-jg2tg-1247294052, networkLocation: /default-rack, certSerialId: null}e0c56373-add1-4904-83f3-08b0a755b8ed{ip: 192.168.36.83, host: pr-hdds-2096-jg2tg-1247294052, networkLocation: /default-rack, certSerialId: null}9bb405f0-f563-4579-83ea-0bbe163a9fbc{ip: 192.168.36.83, host: pr-hdds-2096-jg2tg-1247294052, networkLocation: /default-rack, certSerialId: null}, Type:RATIS, Factor:THREE, State:CLOSED] from datanode 9bb405f0-f563-4579-83ea-0bbe163a9fbc{ip: 192.168.36.83, host: pr-hdds-2096-jg2tg-1247294052, networkLocation: /default-rack, certSerialId: null}. Reason : 9bb405f0-f563-4579-83ea-0bbe163a9fbc has not seen follower/s e0c56373-add1-4904-83f3-08b0a755b8ed for 168337ms
2019-09-11 20:04:58,823 [EventQueue-PipelineActionsForPipelineActionHandler] INFO  pipeline.SCMPipelineManager (SCMPipelineManager.java:finalizeAndDestroyPipeline(311)) - destroying pipeline:Pipeline[ Id: 81716df0-3bfb-41b4-bf98-cb0f6128481c, Nodes: 802f7a56-3ac2-455e-92a2-71244eb20cf7{ip: 192.168.36.83, host: pr-hdds-2096-jg2tg-1247294052, networkLocation: /default-rack, certSerialId: null}e0c56373-add1-4904-83f3-08b0a755b8ed{ip: 192.168.36.83, host: pr-hdds-2096-jg2tg-1247294052, networkLocation: /default-rack, certSerialId: null}9bb405f0-f563-4579-83ea-0bbe163a9fbc{ip: 192.168.36.83, host: pr-hdds-2096-jg2tg-1247294052, networkLocation: /default-rack, certSerialId: null}, Type:RATIS, Factor:THREE, State:CLOSED]
2019-09-11 20:04:59,694 [9bb405f0-f563-4579-83ea-0bbe163a9fbc@group-CB0F6128481C-SegmentedRaftLogWorker] WARN  segmented.SegmentedRaftLogWorker (SegmentedRaftLogWorker.java:getFromFuture(90)) - Timeout 16/~
org.apache.ratis.protocol.TimeoutIOException: Timeout 10s: WriteLog:11: (t:1, i:11), STATEMACHINELOGENTRY, client-9954D3AE5C83, cid=32-writeStateMachineData
	at org.apache.ratis.util.IOUtils.getFromFuture(IOUtils.java:87)
	at org.apache.ratis.server.raftlog.segmented.SegmentedRaftLogWorker$StateMachineDataPolicy.getFromFuture(SegmentedRaftLogWorker.java:87)
	at org.apache.ratis.server.raftlog.segmented.SegmentedRaftLogWorker$WriteLog.execute(SegmentedRaftLogWorker.java:477)
	at org.apache.ratis.server.raftlog.segmented.SegmentedRaftLogWorker.run(SegmentedRaftLogWorker.java:289)
	at java.lang.Thread.run(Thread.java:748)
Caused by: java.util.concurrent.TimeoutException
	at java.util.concurrent.CompletableFuture.timedGet(CompletableFuture.java:1771)
	at java.util.concurrent.CompletableFuture.get(CompletableFuture.java:1915)
	at org.apache.ratis.util.IOUtils.getFromFuture(IOUtils.java:79)
	... 4 more
2019-09-11 20:04:59,707 [e0c56373-add1-4904-83f3-08b0a755b8ed@group-CB0F6128481C-SegmentedRaftLogWorker] WARN  segmented.SegmentedRaftLogWorker (SegmentedRaftLogWorker.java:getFromFuture(90)) - Timeout 16/~
org.apache.ratis.protocol.TimeoutIOException: Timeout 10s: WriteLog:11: (t:1, i:11), STATEMACHINELOGENTRY, client-9954D3AE5C83, cid=32-writeStateMachineData
	at org.apache.ratis.util.IOUtils.getFromFuture(IOUtils.java:87)
	at org.apache.ratis.server.raftlog.segmented.SegmentedRaftLogWorker$StateMachineDataPolicy.getFromFuture(SegmentedRaftLogWorker.java:87)
	at org.apache.ratis.server.raftlog.segmented.SegmentedRaftLogWorker$WriteLog.execute(SegmentedRaftLogWorker.java:477)
	at org.apache.ratis.server.raftlog.segmented.SegmentedRaftLogWorker.run(SegmentedRaftLogWorker.java:289)
	at java.lang.Thread.run(Thread.java:748)
Caused by: java.util.concurrent.TimeoutException
	at java.util.concurrent.CompletableFuture.timedGet(CompletableFuture.java:1771)
	at java.util.concurrent.CompletableFuture.get(CompletableFuture.java:1915)
	at org.apache.ratis.util.IOUtils.getFromFuture(IOUtils.java:79)
	... 4 more
2019-09-11 20:05:00,337 [org.apache.ratis.server.impl.LogAppender$AppenderDaemon$$Lambda$513/1740195529@603b50d] ERROR ratis.XceiverServerRatis (XceiverServerRatis.java:triggerPipelineClose(568)) - pipeline Action CLOSE  on pipeline PipelineID=81716df0-3bfb-41b4-bf98-cb0f6128481c.Reason : 9bb405f0-f563-4579-83ea-0bbe163a9fbc has not seen follower/s e0c56373-add1-4904-83f3-08b0a755b8ed for 170838ms
2019-09-11 20:05:00,824 [EventQueue-PipelineActionsForPipelineActionHandler] ERROR pipeline.PipelineActionHandler (PipelineActionHandler.java:onMessage(60)) - Received pipeline action CLOSE for Pipeline[ Id: 81716df0-3bfb-41b4-bf98-cb0f6128481c, Nodes: 802f7a56-3ac2-455e-92a2-71244eb20cf7{ip: 192.168.36.83, host: pr-hdds-2096-jg2tg-1247294052, networkLocation: /default-rack, certSerialId: null}e0c56373-add1-4904-83f3-08b0a755b8ed{ip: 192.168.36.83, host: pr-hdds-2096-jg2tg-1247294052, networkLocation: /default-rack, certSerialId: null}9bb405f0-f563-4579-83ea-0bbe163a9fbc{ip: 192.168.36.83, host: pr-hdds-2096-jg2tg-1247294052, networkLocation: /default-rack, certSerialId: null}, Type:RATIS, Factor:THREE, State:CLOSED] from datanode 9bb405f0-f563-4579-83ea-0bbe163a9fbc{ip: 192.168.36.83, host: pr-hdds-2096-jg2tg-1247294052, networkLocation: /default-rack, certSerialId: null}. Reason : 9bb405f0-f563-4579-83ea-0bbe163a9fbc has not seen follower/s e0c56373-add1-4904-83f3-08b0a755b8ed for 170838ms
2019-09-11 20:05:00,824 [EventQueue-PipelineActionsForPipelineActionHandler] INFO  pipeline.SCMPipelineManager (SCMPipelineManager.java:finalizeAndDestroyPipeline(311)) - destroying pipeline:Pipeline[ Id: 81716df0-3bfb-41b4-bf98-cb0f6128481c, Nodes: 802f7a56-3ac2-455e-92a2-71244eb20cf7{ip: 192.168.36.83, host: pr-hdds-2096-jg2tg-1247294052, networkLocation: /default-rack, certSerialId: null}e0c56373-add1-4904-83f3-08b0a755b8ed{ip: 192.168.36.83, host: pr-hdds-2096-jg2tg-1247294052, networkLocation: /default-rack, certSerialId: null}9bb405f0-f563-4579-83ea-0bbe163a9fbc{ip: 192.168.36.83, host: pr-hdds-2096-jg2tg-1247294052, networkLocation: /default-rack, certSerialId: null}, Type:RATIS, Factor:THREE, State:CLOSED]
2019-09-11 20:05:00,836 [java.util.concurrent.ThreadPoolExecutor$Worker@64f81f1[State = -1, empty queue]] WARN  server.GrpcLogAppender (GrpcLogAppender.java:timeoutAppendRequest(200)) - 9bb405f0-f563-4579-83ea-0bbe163a9fbc@group-CB0F6128481C->e0c56373-add1-4904-83f3-08b0a755b8ed-GrpcLogAppender: appendEntries Timeout, request=9bb405f0-f563-4579-83ea-0bbe163a9fbc->e0c56373-add1-4904-83f3-08b0a755b8ed#157-t1, previous=(t:1, i:14), leaderCommit=10, initializing? false, entries: <empty>
2019-09-11 20:05:00,923 [Thread-1334] INFO  impl.FollowerState (FollowerState.java:run(106)) - 9bb405f0-f563-4579-83ea-0bbe163a9fbc:group-C7A422292FA5 changes to CANDIDATE, lastRpcTime:5067, electionTimeout:5067ms
2019-09-11 20:05:00,923 [Thread-1334] INFO  impl.RoleInfo (RoleInfo.java:shutdownFollowerState(121)) - 9bb405f0-f563-4579-83ea-0bbe163a9fbc: shutdown FollowerState
2019-09-11 20:05:00,923 [Thread-1334] INFO  impl.RaftServerImpl (RaftServerImpl.java:setRole(174)) - 9bb405f0-f563-4579-83ea-0bbe163a9fbc@group-C7A422292FA5: changes role from  FOLLOWER to CANDIDATE at term 0 for changeToCandidate
2019-09-11 20:05:00,923 [Thread-1334] INFO  impl.RoleInfo (RoleInfo.java:updateAndGet(143)) - 9bb405f0-f563-4579-83ea-0bbe163a9fbc: start LeaderElection
2019-09-11 20:05:00,943 [9bb405f0-f563-4579-83ea-0bbe163a9fbc@group-C7A422292FA5:LeaderElection13] INFO  impl.LeaderElection (LeaderElection.java:askForVotes(182)) - 9bb405f0-f563-4579-83ea-0bbe163a9fbc@group-C7A422292FA5:LeaderElection13: begin an election at term 1 for -1: [802f7a56-3ac2-455e-92a2-71244eb20cf7:192.168.36.83:33220, 9bb405f0-f563-4579-83ea-0bbe163a9fbc:192.168.36.83:46254, e0c56373-add1-4904-83f3-08b0a755b8ed:192.168.36.83:45126], old=null
2019-09-11 20:05:00,948 [grpc-default-executor-5] INFO  impl.RaftServerImpl (RaftServerImpl.java:setRole(174)) - 802f7a56-3ac2-455e-92a2-71244eb20cf7@group-C7A422292FA5: changes role from  FOLLOWER to FOLLOWER at term 1 for recognizeCandidate:9bb405f0-f563-4579-83ea-0bbe163a9fbc
2019-09-11 20:05:00,948 [grpc-default-executor-0] INFO  impl.RaftServerImpl (RaftServerImpl.java:setRole(174)) - e0c56373-add1-4904-83f3-08b0a755b8ed@group-C7A422292FA5: changes role from  FOLLOWER to FOLLOWER at term 1 for recognizeCandidate:9bb405f0-f563-4579-83ea-0bbe163a9fbc
2019-09-11 20:05:00,948 [grpc-default-executor-5] INFO  impl.RoleInfo (RoleInfo.java:shutdownFollowerState(121)) - 802f7a56-3ac2-455e-92a2-71244eb20cf7: shutdown FollowerState
2019-09-11 20:05:00,948 [grpc-default-executor-0] INFO  impl.RoleInfo (RoleInfo.java:shutdownFollowerState(121)) - e0c56373-add1-4904-83f3-08b0a755b8ed: shutdown FollowerState
2019-09-11 20:05:00,948 [Thread-1337] INFO  impl.FollowerState (FollowerState.java:run(115)) - 802f7a56-3ac2-455e-92a2-71244eb20cf7: FollowerState was interrupted: java.lang.InterruptedException: sleep interrupted
2019-09-11 20:05:00,948 [grpc-default-executor-5] INFO  impl.RoleInfo (RoleInfo.java:updateAndGet(143)) - 802f7a56-3ac2-455e-92a2-71244eb20cf7: start FollowerState
2019-09-11 20:05:00,948 [grpc-default-executor-0] INFO  impl.RoleInfo (RoleInfo.java:updateAndGet(143)) - e0c56373-add1-4904-83f3-08b0a755b8ed: start FollowerState
2019-09-11 20:05:00,948 [Thread-1336] INFO  impl.FollowerState (FollowerState.java:run(115)) - e0c56373-add1-4904-83f3-08b0a755b8ed: FollowerState was interrupted: java.lang.InterruptedException: sleep interrupted
2019-09-11 20:05:00,976 [9bb405f0-f563-4579-83ea-0bbe163a9fbc@group-C7A422292FA5:LeaderElection13] INFO  impl.LeaderElection (LeaderElection.java:logAndReturn(56)) - 9bb405f0-f563-4579-83ea-0bbe163a9fbc@group-C7A422292FA5:LeaderElection13: Election PASSED; received 1 response(s) [9bb405f0-f563-4579-83ea-0bbe163a9fbc<-e0c56373-add1-4904-83f3-08b0a755b8ed#0:OK-t1] and 0 exception(s); 9bb405f0-f563-4579-83ea-0bbe163a9fbc@group-C7A422292FA5:t1, leader=null, voted=9bb405f0-f563-4579-83ea-0bbe163a9fbc, raftlog=9bb405f0-f563-4579-83ea-0bbe163a9fbc@group-C7A422292FA5-SegmentedRaftLog:OPENED:c-1,f-1,i0, conf=-1: [802f7a56-3ac2-455e-92a2-71244eb20cf7:192.168.36.83:33220, 9bb405f0-f563-4579-83ea-0bbe163a9fbc:192.168.36.83:46254, e0c56373-add1-4904-83f3-08b0a755b8ed:192.168.36.83:45126], old=null
2019-09-11 20:05:00,977 [9bb405f0-f563-4579-83ea-0bbe163a9fbc@group-C7A422292FA5:LeaderElection13] INFO  impl.RoleInfo (RoleInfo.java:shutdownLeaderElection(134)) - 9bb405f0-f563-4579-83ea-0bbe163a9fbc: shutdown LeaderElection
2019-09-11 20:05:00,979 [9bb405f0-f563-4579-83ea-0bbe163a9fbc@group-C7A422292FA5:LeaderElection13] INFO  impl.RaftServerImpl (RaftServerImpl.java:setRole(174)) - 9bb405f0-f563-4579-83ea-0bbe163a9fbc@group-C7A422292FA5: changes role from CANDIDATE to LEADER at term 1 for changeToLeader
2019-09-11 20:05:00,979 [9bb405f0-f563-4579-83ea-0bbe163a9fbc@group-C7A422292FA5:LeaderElection13] INFO  impl.RaftServerImpl (ServerState.java:setLeader(253)) - 9bb405f0-f563-4579-83ea-0bbe163a9fbc@group-C7A422292FA5: change Leader from null to 9bb405f0-f563-4579-83ea-0bbe163a9fbc at term 1 for becomeLeader, leader elected after 5135ms
2019-09-11 20:05:00,979 [9bb405f0-f563-4579-83ea-0bbe163a9fbc@group-C7A422292FA5:LeaderElection13] INFO  server.RaftServerConfigKeys (ConfUtils.java:logGet(43)) - raft.server.staging.catchup.gap = 1000 (default)
2019-09-11 20:05:00,980 [9bb405f0-f563-4579-83ea-0bbe163a9fbc@group-C7A422292FA5:LeaderElection13] INFO  server.RaftServerConfigKeys (ConfUtils.java:logGet(43)) - raft.server.rpc.sleep.time = 25ms (default)
2019-09-11 20:05:00,980 [9bb405f0-f563-4579-83ea-0bbe163a9fbc@group-C7A422292FA5:LeaderElection13] INFO  server.RaftServerConfigKeys (ConfUtils.java:logGet(43)) - raft.server.write.element-limit = 4096 (default)
2019-09-11 20:05:00,980 [9bb405f0-f563-4579-83ea-0bbe163a9fbc@group-C7A422292FA5:LeaderElection13] INFO  server.RaftServerConfigKeys (ConfUtils.java:logGet(43)) - raft.server.watch.timeout = 10s (default)
2019-09-11 20:05:00,980 [9bb405f0-f563-4579-83ea-0bbe163a9fbc@group-C7A422292FA5:LeaderElection13] INFO  server.RaftServerConfigKeys (ConfUtils.java:logGet(43)) - raft.server.watch.timeout.denomination = 1s (default)
2019-09-11 20:05:00,980 [9bb405f0-f563-4579-83ea-0bbe163a9fbc@group-C7A422292FA5:LeaderElection13] INFO  server.RaftServerConfigKeys (ConfUtils.java:logGet(43)) - raft.server.watch.element-limit = 65536 (default)
2019-09-11 20:05:00,984 [9bb405f0-f563-4579-83ea-0bbe163a9fbc@group-C7A422292FA5:LeaderElection13] INFO  server.RaftServerConfigKeys (ConfUtils.java:logGet(43)) - raft.server.log.appender.snapshot.chunk.size.max = 16MB (=16777216) (default)
2019-09-11 20:05:00,984 [9bb405f0-f563-4579-83ea-0bbe163a9fbc@group-C7A422292FA5:LeaderElection13] INFO  server.RaftServerConfigKeys (ConfUtils.java:logGet(43)) - raft.server.log.appender.buffer.byte-limit = 33554432 (custom)
2019-09-11 20:05:00,984 [9bb405f0-f563-4579-83ea-0bbe163a9fbc@group-C7A422292FA5:LeaderElection13] INFO  server.RaftServerConfigKeys (ConfUtils.java:logGet(43)) - raft.server.log.appender.buffer.element-limit = 1 (custom)
2019-09-11 20:05:00,984 [9bb405f0-f563-4579-83ea-0bbe163a9fbc@group-C7A422292FA5:LeaderElection13] INFO  grpc.GrpcConfigKeys$Server (ConfUtils.java:logGet(43)) - raft.grpc.server.leader.outstanding.appends.max = 128 (default)
2019-09-11 20:05:00,985 [9bb405f0-f563-4579-83ea-0bbe163a9fbc@group-C7A422292FA5:LeaderElection13] INFO  server.RaftServerConfigKeys (ConfUtils.java:logGet(43)) - raft.server.rpc.request.timeout = 3000ms (default)
2019-09-11 20:05:00,985 [9bb405f0-f563-4579-83ea-0bbe163a9fbc@group-C7A422292FA5:LeaderElection13] INFO  server.RaftServerConfigKeys (ConfUtils.java:logGet(43)) - raft.server.log.appender.install.snapshot.enabled = false (custom)
2019-09-11 20:05:00,985 [9bb405f0-f563-4579-83ea-0bbe163a9fbc@group-C7A422292FA5:LeaderElection13] INFO  server.RaftServerConfigKeys (ConfUtils.java:logGet(43)) - raft.server.log.appender.snapshot.chunk.size.max = 16MB (=16777216) (default)
2019-09-11 20:05:00,985 [9bb405f0-f563-4579-83ea-0bbe163a9fbc@group-C7A422292FA5:LeaderElection13] INFO  server.RaftServerConfigKeys (ConfUtils.java:logGet(43)) - raft.server.log.appender.buffer.byte-limit = 33554432 (custom)
2019-09-11 20:05:00,986 [9bb405f0-f563-4579-83ea-0bbe163a9fbc@group-C7A422292FA5:LeaderElection13] INFO  server.RaftServerConfigKeys (ConfUtils.java:logGet(43)) - raft.server.log.appender.buffer.element-limit = 1 (custom)
2019-09-11 20:05:00,986 [9bb405f0-f563-4579-83ea-0bbe163a9fbc@group-C7A422292FA5:LeaderElection13] INFO  grpc.GrpcConfigKeys$Server (ConfUtils.java:logGet(43)) - raft.grpc.server.leader.outstanding.appends.max = 128 (default)
2019-09-11 20:05:00,986 [9bb405f0-f563-4579-83ea-0bbe163a9fbc@group-C7A422292FA5:LeaderElection13] INFO  server.RaftServerConfigKeys (ConfUtils.java:logGet(43)) - raft.server.rpc.request.timeout = 3000ms (default)
2019-09-11 20:05:00,986 [9bb405f0-f563-4579-83ea-0bbe163a9fbc@group-C7A422292FA5:LeaderElection13] INFO  server.RaftServerConfigKeys (ConfUtils.java:logGet(43)) - raft.server.log.appender.install.snapshot.enabled = false (custom)
2019-09-11 20:05:00,986 [9bb405f0-f563-4579-83ea-0bbe163a9fbc@group-C7A422292FA5:LeaderElection13] INFO  impl.RoleInfo (RoleInfo.java:updateAndGet(143)) - 9bb405f0-f563-4579-83ea-0bbe163a9fbc: start LeaderState
2019-09-11 20:05:00,987 [9bb405f0-f563-4579-83ea-0bbe163a9fbc@group-C7A422292FA5:LeaderElection13] INFO  segmented.SegmentedRaftLogWorker (SegmentedRaftLogWorker.java:startLogSegment(380)) - 9bb405f0-f563-4579-83ea-0bbe163a9fbc@group-C7A422292FA5-SegmentedRaftLogWorker: Starting segment from index:0
2019-09-11 20:05:00,988 [9bb405f0-f563-4579-83ea-0bbe163a9fbc@group-C7A422292FA5:LeaderElection13] INFO  impl.RaftServerImpl (ServerState.java:setRaftConf(354)) - 9bb405f0-f563-4579-83ea-0bbe163a9fbc@group-C7A422292FA5: set configuration 0: [802f7a56-3ac2-455e-92a2-71244eb20cf7:192.168.36.83:33220, 9bb405f0-f563-4579-83ea-0bbe163a9fbc:192.168.36.83:46254, e0c56373-add1-4904-83f3-08b0a755b8ed:192.168.36.83:45126], old=null at 0
2019-09-11 20:05:01,015 [grpc-default-executor-0] INFO  impl.RaftServerImpl (ServerState.java:setLeader(253)) - e0c56373-add1-4904-83f3-08b0a755b8ed@group-C7A422292FA5: change Leader from null to 9bb405f0-f563-4579-83ea-0bbe163a9fbc at term 1 for appendEntries, leader elected after 5171ms
2019-09-11 20:05:01,016 [grpc-default-executor-5] INFO  impl.RaftServerImpl (ServerState.java:setLeader(253)) - 802f7a56-3ac2-455e-92a2-71244eb20cf7@group-C7A422292FA5: change Leader from null to 9bb405f0-f563-4579-83ea-0bbe163a9fbc at term 1 for appendEntries, leader elected after 5171ms
2019-09-11 20:05:01,023 [grpc-default-executor-5] INFO  impl.RaftServerImpl (ServerState.java:setRaftConf(354)) - e0c56373-add1-4904-83f3-08b0a755b8ed@group-C7A422292FA5: set configuration 0: [802f7a56-3ac2-455e-92a2-71244eb20cf7:192.168.36.83:33220, 9bb405f0-f563-4579-83ea-0bbe163a9fbc:192.168.36.83:46254, e0c56373-add1-4904-83f3-08b0a755b8ed:192.168.36.83:45126], old=null at 0
2019-09-11 20:05:01,023 [grpc-default-executor-5] INFO  segmented.SegmentedRaftLogWorker (SegmentedRaftLogWorker.java:startLogSegment(380)) - e0c56373-add1-4904-83f3-08b0a755b8ed@group-C7A422292FA5-SegmentedRaftLogWorker: Starting segment from index:0
2019-09-11 20:05:01,023 [grpc-default-executor-0] INFO  impl.RaftServerImpl (ServerState.java:setRaftConf(354)) - 802f7a56-3ac2-455e-92a2-71244eb20cf7@group-C7A422292FA5: set configuration 0: [802f7a56-3ac2-455e-92a2-71244eb20cf7:192.168.36.83:33220, 9bb405f0-f563-4579-83ea-0bbe163a9fbc:192.168.36.83:46254, e0c56373-add1-4904-83f3-08b0a755b8ed:192.168.36.83:45126], old=null at 0
2019-09-11 20:05:01,023 [grpc-default-executor-0] INFO  segmented.SegmentedRaftLogWorker (SegmentedRaftLogWorker.java:startLogSegment(380)) - 802f7a56-3ac2-455e-92a2-71244eb20cf7@group-C7A422292FA5-SegmentedRaftLogWorker: Starting segment from index:0
2019-09-11 20:05:01,037 [9bb405f0-f563-4579-83ea-0bbe163a9fbc@group-C7A422292FA5-SegmentedRaftLogWorker] INFO  segmented.SegmentedRaftLogWorker (SegmentedRaftLogWorker.java:execute(569)) - 9bb405f0-f563-4579-83ea-0bbe163a9fbc@group-C7A422292FA5-SegmentedRaftLogWorker: created new log segment /workdir/hadoop-ozone/integration-test/target/test-dir/MiniOzoneClusterImpl-0a14e7f9-644e-4233-9ad1-c76f0b8b7528/datanode-0/data/ratis/a5e33a2e-eade-4ad2-a9ca-c7a422292fa5/current/log_inprogress_0
2019-09-11 20:05:01,077 [802f7a56-3ac2-455e-92a2-71244eb20cf7@group-C7A422292FA5-SegmentedRaftLogWorker] INFO  segmented.SegmentedRaftLogWorker (SegmentedRaftLogWorker.java:execute(569)) - 802f7a56-3ac2-455e-92a2-71244eb20cf7@group-C7A422292FA5-SegmentedRaftLogWorker: created new log segment /workdir/hadoop-ozone/integration-test/target/test-dir/MiniOzoneClusterImpl-0a14e7f9-644e-4233-9ad1-c76f0b8b7528/datanode-3/data/ratis/a5e33a2e-eade-4ad2-a9ca-c7a422292fa5/current/log_inprogress_0
2019-09-11 20:05:01,077 [e0c56373-add1-4904-83f3-08b0a755b8ed@group-C7A422292FA5-SegmentedRaftLogWorker] INFO  segmented.SegmentedRaftLogWorker (SegmentedRaftLogWorker.java:execute(569)) - e0c56373-add1-4904-83f3-08b0a755b8ed@group-C7A422292FA5-SegmentedRaftLogWorker: created new log segment /workdir/hadoop-ozone/integration-test/target/test-dir/MiniOzoneClusterImpl-0a14e7f9-644e-4233-9ad1-c76f0b8b7528/datanode-1/data/ratis/a5e33a2e-eade-4ad2-a9ca-c7a422292fa5/current/log_inprogress_0
2019-09-11 20:05:01,277 [grpc-default-executor-0] INFO  client.GrpcClientProtocolClient (GrpcClientProtocolClient.java:onNext(264)) - client-9954D3AE5C83->802f7a56-3ac2-455e-92a2-71244eb20cf7: receive RaftClientReply:client-9954D3AE5C83->802f7a56-3ac2-455e-92a2-71244eb20cf7@group-CB0F6128481C, cid=32, FAILED org.apache.ratis.protocol.NotLeaderException: Server 802f7a56-3ac2-455e-92a2-71244eb20cf7@group-CB0F6128481C is not the leader 9bb405f0-f563-4579-83ea-0bbe163a9fbc:192.168.36.83:46254, logIndex=0, commits[802f7a56-3ac2-455e-92a2-71244eb20cf7:c10, 9bb405f0-f563-4579-83ea-0bbe163a9fbc:c10, e0c56373-add1-4904-83f3-08b0a755b8ed:c6]
2019-09-11 20:05:02,837 [org.apache.ratis.server.impl.LogAppender$AppenderDaemon$$Lambda$513/1740195529@603b50d] ERROR ratis.XceiverServerRatis (XceiverServerRatis.java:triggerPipelineClose(568)) - pipeline Action CLOSE  on pipeline PipelineID=81716df0-3bfb-41b4-bf98-cb0f6128481c.Reason : 9bb405f0-f563-4579-83ea-0bbe163a9fbc has not seen follower/s e0c56373-add1-4904-83f3-08b0a755b8ed for 173339ms
2019-09-11 20:05:03,337 [java.util.concurrent.ThreadPoolExecutor$Worker@64f81f1[State = -1, empty queue]] WARN  server.GrpcLogAppender (GrpcLogAppender.java:timeoutAppendRequest(200)) - 9bb405f0-f563-4579-83ea-0bbe163a9fbc@group-CB0F6128481C->e0c56373-add1-4904-83f3-08b0a755b8ed-GrpcLogAppender: appendEntries Timeout, request=9bb405f0-f563-4579-83ea-0bbe163a9fbc->e0c56373-add1-4904-83f3-08b0a755b8ed#158-t1, previous=(t:1, i:14), leaderCommit=10, initializing? false, entries: <empty>
2019-09-11 20:05:03,824 [EventQueue-PipelineActionsForPipelineActionHandler] ERROR pipeline.PipelineActionHandler (PipelineActionHandler.java:onMessage(60)) - Received pipeline action CLOSE for Pipeline[ Id: 81716df0-3bfb-41b4-bf98-cb0f6128481c, Nodes: 802f7a56-3ac2-455e-92a2-71244eb20cf7{ip: 192.168.36.83, host: pr-hdds-2096-jg2tg-1247294052, networkLocation: /default-rack, certSerialId: null}e0c56373-add1-4904-83f3-08b0a755b8ed{ip: 192.168.36.83, host: pr-hdds-2096-jg2tg-1247294052, networkLocation: /default-rack, certSerialId: null}9bb405f0-f563-4579-83ea-0bbe163a9fbc{ip: 192.168.36.83, host: pr-hdds-2096-jg2tg-1247294052, networkLocation: /default-rack, certSerialId: null}, Type:RATIS, Factor:THREE, State:CLOSED] from datanode 9bb405f0-f563-4579-83ea-0bbe163a9fbc{ip: 192.168.36.83, host: pr-hdds-2096-jg2tg-1247294052, networkLocation: /default-rack, certSerialId: null}. Reason : 9bb405f0-f563-4579-83ea-0bbe163a9fbc has not seen follower/s e0c56373-add1-4904-83f3-08b0a755b8ed for 173339ms
2019-09-11 20:05:03,824 [EventQueue-PipelineActionsForPipelineActionHandler] INFO  pipeline.SCMPipelineManager (SCMPipelineManager.java:finalizeAndDestroyPipeline(311)) - destroying pipeline:Pipeline[ Id: 81716df0-3bfb-41b4-bf98-cb0f6128481c, Nodes: 802f7a56-3ac2-455e-92a2-71244eb20cf7{ip: 192.168.36.83, host: pr-hdds-2096-jg2tg-1247294052, networkLocation: /default-rack, certSerialId: null}e0c56373-add1-4904-83f3-08b0a755b8ed{ip: 192.168.36.83, host: pr-hdds-2096-jg2tg-1247294052, networkLocation: /default-rack, certSerialId: null}9bb405f0-f563-4579-83ea-0bbe163a9fbc{ip: 192.168.36.83, host: pr-hdds-2096-jg2tg-1247294052, networkLocation: /default-rack, certSerialId: null}, Type:RATIS, Factor:THREE, State:CLOSED]
2019-09-11 20:05:05,339 [org.apache.ratis.server.impl.LogAppender$AppenderDaemon$$Lambda$513/1740195529@603b50d] ERROR ratis.XceiverServerRatis (XceiverServerRatis.java:triggerPipelineClose(568)) - pipeline Action CLOSE  on pipeline PipelineID=81716df0-3bfb-41b4-bf98-cb0f6128481c.Reason : 9bb405f0-f563-4579-83ea-0bbe163a9fbc has not seen follower/s e0c56373-add1-4904-83f3-08b0a755b8ed for 175839ms
2019-09-11 20:05:05,823 [EventQueue-PipelineActionsForPipelineActionHandler] ERROR pipeline.PipelineActionHandler (PipelineActionHandler.java:onMessage(60)) - Received pipeline action CLOSE for Pipeline[ Id: 81716df0-3bfb-41b4-bf98-cb0f6128481c, Nodes: 802f7a56-3ac2-455e-92a2-71244eb20cf7{ip: 192.168.36.83, host: pr-hdds-2096-jg2tg-1247294052, networkLocation: /default-rack, certSerialId: null}e0c56373-add1-4904-83f3-08b0a755b8ed{ip: 192.168.36.83, host: pr-hdds-2096-jg2tg-1247294052, networkLocation: /default-rack, certSerialId: null}9bb405f0-f563-4579-83ea-0bbe163a9fbc{ip: 192.168.36.83, host: pr-hdds-2096-jg2tg-1247294052, networkLocation: /default-rack, certSerialId: null}, Type:RATIS, Factor:THREE, State:CLOSED] from datanode 9bb405f0-f563-4579-83ea-0bbe163a9fbc{ip: 192.168.36.83, host: pr-hdds-2096-jg2tg-1247294052, networkLocation: /default-rack, certSerialId: null}. Reason : 9bb405f0-f563-4579-83ea-0bbe163a9fbc has not seen follower/s e0c56373-add1-4904-83f3-08b0a755b8ed for 175839ms
2019-09-11 20:05:05,823 [EventQueue-PipelineActionsForPipelineActionHandler] INFO  pipeline.SCMPipelineManager (SCMPipelineManager.java:finalizeAndDestroyPipeline(311)) - destroying pipeline:Pipeline[ Id: 81716df0-3bfb-41b4-bf98-cb0f6128481c, Nodes: 802f7a56-3ac2-455e-92a2-71244eb20cf7{ip: 192.168.36.83, host: pr-hdds-2096-jg2tg-1247294052, networkLocation: /default-rack, certSerialId: null}e0c56373-add1-4904-83f3-08b0a755b8ed{ip: 192.168.36.83, host: pr-hdds-2096-jg2tg-1247294052, networkLocation: /default-rack, certSerialId: null}9bb405f0-f563-4579-83ea-0bbe163a9fbc{ip: 192.168.36.83, host: pr-hdds-2096-jg2tg-1247294052, networkLocation: /default-rack, certSerialId: null}, Type:RATIS, Factor:THREE, State:CLOSED]
2019-09-11 20:05:05,837 [java.util.concurrent.ThreadPoolExecutor$Worker@64f81f1[State = -1, empty queue]] WARN  server.GrpcLogAppender (GrpcLogAppender.java:timeoutAppendRequest(200)) - 9bb405f0-f563-4579-83ea-0bbe163a9fbc@group-CB0F6128481C->e0c56373-add1-4904-83f3-08b0a755b8ed-GrpcLogAppender: appendEntries Timeout, request=9bb405f0-f563-4579-83ea-0bbe163a9fbc->e0c56373-add1-4904-83f3-08b0a755b8ed#159-t1, previous=(t:1, i:14), leaderCommit=10, initializing? false, entries: <empty>
2019-09-11 20:05:06,317 [grpc-default-executor-1] INFO  client.GrpcClientProtocolClient (GrpcClientProtocolClient.java:onNext(264)) - client-9954D3AE5C83->802f7a56-3ac2-455e-92a2-71244eb20cf7: receive RaftClientReply:client-9954D3AE5C83->802f7a56-3ac2-455e-92a2-71244eb20cf7@group-CB0F6128481C, cid=32, FAILED org.apache.ratis.protocol.NotLeaderException: Server 802f7a56-3ac2-455e-92a2-71244eb20cf7@group-CB0F6128481C is not the leader 9bb405f0-f563-4579-83ea-0bbe163a9fbc:192.168.36.83:46254, logIndex=0, commits[802f7a56-3ac2-455e-92a2-71244eb20cf7:c10, 9bb405f0-f563-4579-83ea-0bbe163a9fbc:c10, e0c56373-add1-4904-83f3-08b0a755b8ed:c6]
2019-09-11 20:05:07,839 [org.apache.ratis.server.impl.LogAppender$AppenderDaemon$$Lambda$513/1740195529@603b50d] ERROR ratis.XceiverServerRatis (XceiverServerRatis.java:triggerPipelineClose(568)) - pipeline Action CLOSE  on pipeline PipelineID=81716df0-3bfb-41b4-bf98-cb0f6128481c.Reason : 9bb405f0-f563-4579-83ea-0bbe163a9fbc has not seen follower/s e0c56373-add1-4904-83f3-08b0a755b8ed for 178340ms
2019-09-11 20:05:08,339 [java.util.concurrent.ThreadPoolExecutor$Worker@64f81f1[State = -1, empty queue]] WARN  server.GrpcLogAppender (GrpcLogAppender.java:timeoutAppendRequest(200)) - 9bb405f0-f563-4579-83ea-0bbe163a9fbc@group-CB0F6128481C->e0c56373-add1-4904-83f3-08b0a755b8ed-GrpcLogAppender: appendEntries Timeout, request=9bb405f0-f563-4579-83ea-0bbe163a9fbc->e0c56373-add1-4904-83f3-08b0a755b8ed#160-t1, previous=(t:1, i:14), leaderCommit=10, initializing? false, entries: <empty>
2019-09-11 20:05:08,824 [EventQueue-PipelineActionsForPipelineActionHandler] ERROR pipeline.PipelineActionHandler (PipelineActionHandler.java:onMessage(60)) - Received pipeline action CLOSE for Pipeline[ Id: 81716df0-3bfb-41b4-bf98-cb0f6128481c, Nodes: 802f7a56-3ac2-455e-92a2-71244eb20cf7{ip: 192.168.36.83, host: pr-hdds-2096-jg2tg-1247294052, networkLocation: /default-rack, certSerialId: null}e0c56373-add1-4904-83f3-08b0a755b8ed{ip: 192.168.36.83, host: pr-hdds-2096-jg2tg-1247294052, networkLocation: /default-rack, certSerialId: null}9bb405f0-f563-4579-83ea-0bbe163a9fbc{ip: 192.168.36.83, host: pr-hdds-2096-jg2tg-1247294052, networkLocation: /default-rack, certSerialId: null}, Type:RATIS, Factor:THREE, State:CLOSED] from datanode 9bb405f0-f563-4579-83ea-0bbe163a9fbc{ip: 192.168.36.83, host: pr-hdds-2096-jg2tg-1247294052, networkLocation: /default-rack, certSerialId: null}. Reason : 9bb405f0-f563-4579-83ea-0bbe163a9fbc has not seen follower/s e0c56373-add1-4904-83f3-08b0a755b8ed for 178340ms
2019-09-11 20:05:08,825 [EventQueue-PipelineActionsForPipelineActionHandler] INFO  pipeline.SCMPipelineManager (SCMPipelineManager.java:finalizeAndDestroyPipeline(311)) - destroying pipeline:Pipeline[ Id: 81716df0-3bfb-41b4-bf98-cb0f6128481c, Nodes: 802f7a56-3ac2-455e-92a2-71244eb20cf7{ip: 192.168.36.83, host: pr-hdds-2096-jg2tg-1247294052, networkLocation: /default-rack, certSerialId: null}e0c56373-add1-4904-83f3-08b0a755b8ed{ip: 192.168.36.83, host: pr-hdds-2096-jg2tg-1247294052, networkLocation: /default-rack, certSerialId: null}9bb405f0-f563-4579-83ea-0bbe163a9fbc{ip: 192.168.36.83, host: pr-hdds-2096-jg2tg-1247294052, networkLocation: /default-rack, certSerialId: null}, Type:RATIS, Factor:THREE, State:CLOSED]
2019-09-11 20:05:09,695 [9bb405f0-f563-4579-83ea-0bbe163a9fbc@group-CB0F6128481C-SegmentedRaftLogWorker] WARN  segmented.SegmentedRaftLogWorker (SegmentedRaftLogWorker.java:getFromFuture(90)) - Timeout 17/~
org.apache.ratis.protocol.TimeoutIOException: Timeout 10s: WriteLog:11: (t:1, i:11), STATEMACHINELOGENTRY, client-9954D3AE5C83, cid=32-writeStateMachineData
	at org.apache.ratis.util.IOUtils.getFromFuture(IOUtils.java:87)
	at org.apache.ratis.server.raftlog.segmented.SegmentedRaftLogWorker$StateMachineDataPolicy.getFromFuture(SegmentedRaftLogWorker.java:87)
	at org.apache.ratis.server.raftlog.segmented.SegmentedRaftLogWorker$WriteLog.execute(SegmentedRaftLogWorker.java:477)
	at org.apache.ratis.server.raftlog.segmented.SegmentedRaftLogWorker.run(SegmentedRaftLogWorker.java:289)
	at java.lang.Thread.run(Thread.java:748)
Caused by: java.util.concurrent.TimeoutException
	at java.util.concurrent.CompletableFuture.timedGet(CompletableFuture.java:1771)
	at java.util.concurrent.CompletableFuture.get(CompletableFuture.java:1915)
	at org.apache.ratis.util.IOUtils.getFromFuture(IOUtils.java:79)
	... 4 more
2019-09-11 20:05:09,708 [e0c56373-add1-4904-83f3-08b0a755b8ed@group-CB0F6128481C-SegmentedRaftLogWorker] WARN  segmented.SegmentedRaftLogWorker (SegmentedRaftLogWorker.java:getFromFuture(90)) - Timeout 17/~
org.apache.ratis.protocol.TimeoutIOException: Timeout 10s: WriteLog:11: (t:1, i:11), STATEMACHINELOGENTRY, client-9954D3AE5C83, cid=32-writeStateMachineData
	at org.apache.ratis.util.IOUtils.getFromFuture(IOUtils.java:87)
	at org.apache.ratis.server.raftlog.segmented.SegmentedRaftLogWorker$StateMachineDataPolicy.getFromFuture(SegmentedRaftLogWorker.java:87)
	at org.apache.ratis.server.raftlog.segmented.SegmentedRaftLogWorker$WriteLog.execute(SegmentedRaftLogWorker.java:477)
	at org.apache.ratis.server.raftlog.segmented.SegmentedRaftLogWorker.run(SegmentedRaftLogWorker.java:289)
	at java.lang.Thread.run(Thread.java:748)
Caused by: java.util.concurrent.TimeoutException
	at java.util.concurrent.CompletableFuture.timedGet(CompletableFuture.java:1771)
	at java.util.concurrent.CompletableFuture.get(CompletableFuture.java:1915)
	at org.apache.ratis.util.IOUtils.getFromFuture(IOUtils.java:79)
	... 4 more
2019-09-11 20:05:10,343 [org.apache.ratis.server.impl.LogAppender$AppenderDaemon$$Lambda$513/1740195529@603b50d] ERROR ratis.XceiverServerRatis (XceiverServerRatis.java:triggerPipelineClose(568)) - pipeline Action CLOSE  on pipeline PipelineID=81716df0-3bfb-41b4-bf98-cb0f6128481c.Reason : 9bb405f0-f563-4579-83ea-0bbe163a9fbc has not seen follower/s e0c56373-add1-4904-83f3-08b0a755b8ed for 180844ms
2019-09-11 20:05:10,824 [EventQueue-PipelineActionsForPipelineActionHandler] ERROR pipeline.PipelineActionHandler (PipelineActionHandler.java:onMessage(60)) - Received pipeline action CLOSE for Pipeline[ Id: 81716df0-3bfb-41b4-bf98-cb0f6128481c, Nodes: 802f7a56-3ac2-455e-92a2-71244eb20cf7{ip: 192.168.36.83, host: pr-hdds-2096-jg2tg-1247294052, networkLocation: /default-rack, certSerialId: null}e0c56373-add1-4904-83f3-08b0a755b8ed{ip: 192.168.36.83, host: pr-hdds-2096-jg2tg-1247294052, networkLocation: /default-rack, certSerialId: null}9bb405f0-f563-4579-83ea-0bbe163a9fbc{ip: 192.168.36.83, host: pr-hdds-2096-jg2tg-1247294052, networkLocation: /default-rack, certSerialId: null}, Type:RATIS, Factor:THREE, State:CLOSED] from datanode 9bb405f0-f563-4579-83ea-0bbe163a9fbc{ip: 192.168.36.83, host: pr-hdds-2096-jg2tg-1247294052, networkLocation: /default-rack, certSerialId: null}. Reason : 9bb405f0-f563-4579-83ea-0bbe163a9fbc has not seen follower/s e0c56373-add1-4904-83f3-08b0a755b8ed for 180844ms
2019-09-11 20:05:10,824 [EventQueue-PipelineActionsForPipelineActionHandler] INFO  pipeline.SCMPipelineManager (SCMPipelineManager.java:finalizeAndDestroyPipeline(311)) - destroying pipeline:Pipeline[ Id: 81716df0-3bfb-41b4-bf98-cb0f6128481c, Nodes: 802f7a56-3ac2-455e-92a2-71244eb20cf7{ip: 192.168.36.83, host: pr-hdds-2096-jg2tg-1247294052, networkLocation: /default-rack, certSerialId: null}e0c56373-add1-4904-83f3-08b0a755b8ed{ip: 192.168.36.83, host: pr-hdds-2096-jg2tg-1247294052, networkLocation: /default-rack, certSerialId: null}9bb405f0-f563-4579-83ea-0bbe163a9fbc{ip: 192.168.36.83, host: pr-hdds-2096-jg2tg-1247294052, networkLocation: /default-rack, certSerialId: null}, Type:RATIS, Factor:THREE, State:CLOSED]
2019-09-11 20:05:10,839 [java.util.concurrent.ThreadPoolExecutor$Worker@64f81f1[State = -1, empty queue]] WARN  server.GrpcLogAppender (GrpcLogAppender.java:timeoutAppendRequest(200)) - 9bb405f0-f563-4579-83ea-0bbe163a9fbc@group-CB0F6128481C->e0c56373-add1-4904-83f3-08b0a755b8ed-GrpcLogAppender: appendEntries Timeout, request=9bb405f0-f563-4579-83ea-0bbe163a9fbc->e0c56373-add1-4904-83f3-08b0a755b8ed#161-t1, previous=(t:1, i:14), leaderCommit=10, initializing? false, entries: <empty>
2019-09-11 20:05:11,368 [grpc-default-executor-0] INFO  client.GrpcClientProtocolClient (GrpcClientProtocolClient.java:onNext(264)) - client-9954D3AE5C83->e0c56373-add1-4904-83f3-08b0a755b8ed: receive RaftClientReply:client-9954D3AE5C83->e0c56373-add1-4904-83f3-08b0a755b8ed@group-CB0F6128481C, cid=32, FAILED org.apache.ratis.protocol.NotLeaderException: Server e0c56373-add1-4904-83f3-08b0a755b8ed@group-CB0F6128481C is not the leader 9bb405f0-f563-4579-83ea-0bbe163a9fbc:192.168.36.83:46254, logIndex=0, commits[e0c56373-add1-4904-83f3-08b0a755b8ed:c10, 802f7a56-3ac2-455e-92a2-71244eb20cf7:c10, 9bb405f0-f563-4579-83ea-0bbe163a9fbc:c10]
2019-09-11 20:05:12,844 [org.apache.ratis.server.impl.LogAppender$AppenderDaemon$$Lambda$513/1740195529@603b50d] ERROR ratis.XceiverServerRatis (XceiverServerRatis.java:triggerPipelineClose(568)) - pipeline Action CLOSE  on pipeline PipelineID=81716df0-3bfb-41b4-bf98-cb0f6128481c.Reason : 9bb405f0-f563-4579-83ea-0bbe163a9fbc has not seen follower/s e0c56373-add1-4904-83f3-08b0a755b8ed for 183345ms
2019-09-11 20:05:13,343 [java.util.concurrent.ThreadPoolExecutor$Worker@64f81f1[State = -1, empty queue]] WARN  server.GrpcLogAppender (GrpcLogAppender.java:timeoutAppendRequest(200)) - 9bb405f0-f563-4579-83ea-0bbe163a9fbc@group-CB0F6128481C->e0c56373-add1-4904-83f3-08b0a755b8ed-GrpcLogAppender: appendEntries Timeout, request=9bb405f0-f563-4579-83ea-0bbe163a9fbc->e0c56373-add1-4904-83f3-08b0a755b8ed#162-t1, previous=(t:1, i:14), leaderCommit=10, initializing? false, entries: <empty>
2019-09-11 20:05:13,824 [EventQueue-PipelineActionsForPipelineActionHandler] ERROR pipeline.PipelineActionHandler (PipelineActionHandler.java:onMessage(60)) - Received pipeline action CLOSE for Pipeline[ Id: 81716df0-3bfb-41b4-bf98-cb0f6128481c, Nodes: 802f7a56-3ac2-455e-92a2-71244eb20cf7{ip: 192.168.36.83, host: pr-hdds-2096-jg2tg-1247294052, networkLocation: /default-rack, certSerialId: null}e0c56373-add1-4904-83f3-08b0a755b8ed{ip: 192.168.36.83, host: pr-hdds-2096-jg2tg-1247294052, networkLocation: /default-rack, certSerialId: null}9bb405f0-f563-4579-83ea-0bbe163a9fbc{ip: 192.168.36.83, host: pr-hdds-2096-jg2tg-1247294052, networkLocation: /default-rack, certSerialId: null}, Type:RATIS, Factor:THREE, State:CLOSED] from datanode 9bb405f0-f563-4579-83ea-0bbe163a9fbc{ip: 192.168.36.83, host: pr-hdds-2096-jg2tg-1247294052, networkLocation: /default-rack, certSerialId: null}. Reason : 9bb405f0-f563-4579-83ea-0bbe163a9fbc has not seen follower/s e0c56373-add1-4904-83f3-08b0a755b8ed for 183345ms
2019-09-11 20:05:13,824 [EventQueue-PipelineActionsForPipelineActionHandler] INFO  pipeline.SCMPipelineManager (SCMPipelineManager.java:finalizeAndDestroyPipeline(311)) - destroying pipeline:Pipeline[ Id: 81716df0-3bfb-41b4-bf98-cb0f6128481c, Nodes: 802f7a56-3ac2-455e-92a2-71244eb20cf7{ip: 192.168.36.83, host: pr-hdds-2096-jg2tg-1247294052, networkLocation: /default-rack, certSerialId: null}e0c56373-add1-4904-83f3-08b0a755b8ed{ip: 192.168.36.83, host: pr-hdds-2096-jg2tg-1247294052, networkLocation: /default-rack, certSerialId: null}9bb405f0-f563-4579-83ea-0bbe163a9fbc{ip: 192.168.36.83, host: pr-hdds-2096-jg2tg-1247294052, networkLocation: /default-rack, certSerialId: null}, Type:RATIS, Factor:THREE, State:CLOSED]
2019-09-11 20:05:15,346 [org.apache.ratis.server.impl.LogAppender$AppenderDaemon$$Lambda$513/1740195529@603b50d] ERROR ratis.XceiverServerRatis (XceiverServerRatis.java:triggerPipelineClose(568)) - pipeline Action CLOSE  on pipeline PipelineID=81716df0-3bfb-41b4-bf98-cb0f6128481c.Reason : 9bb405f0-f563-4579-83ea-0bbe163a9fbc has not seen follower/s e0c56373-add1-4904-83f3-08b0a755b8ed for 185847ms
2019-09-11 20:05:15,816 [grpc-default-executor-1] INFO  impl.RaftServerProxy (RaftServerProxy.java:remove(95)) - 802f7a56-3ac2-455e-92a2-71244eb20cf7: remove  FOLLOWER 802f7a56-3ac2-455e-92a2-71244eb20cf7@group-CB0F6128481C:t1, leader=9bb405f0-f563-4579-83ea-0bbe163a9fbc, voted=9bb405f0-f563-4579-83ea-0bbe163a9fbc, raftlog=802f7a56-3ac2-455e-92a2-71244eb20cf7@group-CB0F6128481C-SegmentedRaftLog:OPENED:c10,f14,i14, conf=0: [802f7a56-3ac2-455e-92a2-71244eb20cf7:192.168.36.83:33220, 9bb405f0-f563-4579-83ea-0bbe163a9fbc:192.168.36.83:46254, e0c56373-add1-4904-83f3-08b0a755b8ed:192.168.36.83:45126], old=null RUNNING
2019-09-11 20:05:15,816 [grpc-default-executor-1] INFO  impl.RaftServerImpl (RaftServerImpl.java:lambda$shutdown$3(251)) - 802f7a56-3ac2-455e-92a2-71244eb20cf7@group-CB0F6128481C: shutdown
2019-09-11 20:05:15,817 [grpc-default-executor-1] INFO  util.JmxRegister (JmxRegister.java:unregister(73)) - Successfully un-registered JMX Bean with object name Ratis:service=RaftServer,group=group-CB0F6128481C,id=802f7a56-3ac2-455e-92a2-71244eb20cf7
2019-09-11 20:05:15,817 [grpc-default-executor-1] INFO  impl.RoleInfo (RoleInfo.java:shutdownFollowerState(121)) - 802f7a56-3ac2-455e-92a2-71244eb20cf7: shutdown FollowerState
2019-09-11 20:05:15,818 [grpc-default-executor-1] INFO  impl.StateMachineUpdater (StateMachineUpdater.java:stopAndJoin(125)) - 802f7a56-3ac2-455e-92a2-71244eb20cf7@group-CB0F6128481C-StateMachineUpdater: set stopIndex = 10
2019-09-11 20:05:15,818 [Thread-320] INFO  impl.FollowerState (FollowerState.java:run(115)) - 802f7a56-3ac2-455e-92a2-71244eb20cf7: FollowerState was interrupted: java.lang.InterruptedException: sleep interrupted
2019-09-11 20:05:15,818 [802f7a56-3ac2-455e-92a2-71244eb20cf7@group-CB0F6128481C-StateMachineUpdater] INFO  ratis.ContainerStateMachine (ContainerStateMachine.java:takeSnapshot(289)) - group-CB0F6128481C: Taking a snapshot at:(t:1, i:6) file /workdir/hadoop-ozone/integration-test/target/test-dir/MiniOzoneClusterImpl-0a14e7f9-644e-4233-9ad1-c76f0b8b7528/datanode-3/data/ratis/81716df0-3bfb-41b4-bf98-cb0f6128481c/sm/snapshot.1_6
2019-09-11 20:05:15,824 [EventQueue-PipelineActionsForPipelineActionHandler] ERROR pipeline.PipelineActionHandler (PipelineActionHandler.java:onMessage(60)) - Received pipeline action CLOSE for Pipeline[ Id: 81716df0-3bfb-41b4-bf98-cb0f6128481c, Nodes: 802f7a56-3ac2-455e-92a2-71244eb20cf7{ip: 192.168.36.83, host: pr-hdds-2096-jg2tg-1247294052, networkLocation: /default-rack, certSerialId: null}e0c56373-add1-4904-83f3-08b0a755b8ed{ip: 192.168.36.83, host: pr-hdds-2096-jg2tg-1247294052, networkLocation: /default-rack, certSerialId: null}9bb405f0-f563-4579-83ea-0bbe163a9fbc{ip: 192.168.36.83, host: pr-hdds-2096-jg2tg-1247294052, networkLocation: /default-rack, certSerialId: null}, Type:RATIS, Factor:THREE, State:CLOSED] from datanode 9bb405f0-f563-4579-83ea-0bbe163a9fbc{ip: 192.168.36.83, host: pr-hdds-2096-jg2tg-1247294052, networkLocation: /default-rack, certSerialId: null}. Reason : 9bb405f0-f563-4579-83ea-0bbe163a9fbc has not seen follower/s e0c56373-add1-4904-83f3-08b0a755b8ed for 185847ms
2019-09-11 20:05:15,824 [EventQueue-PipelineActionsForPipelineActionHandler] INFO  pipeline.SCMPipelineManager (SCMPipelineManager.java:finalizeAndDestroyPipeline(311)) - destroying pipeline:Pipeline[ Id: 81716df0-3bfb-41b4-bf98-cb0f6128481c, Nodes: 802f7a56-3ac2-455e-92a2-71244eb20cf7{ip: 192.168.36.83, host: pr-hdds-2096-jg2tg-1247294052, networkLocation: /default-rack, certSerialId: null}e0c56373-add1-4904-83f3-08b0a755b8ed{ip: 192.168.36.83, host: pr-hdds-2096-jg2tg-1247294052, networkLocation: /default-rack, certSerialId: null}9bb405f0-f563-4579-83ea-0bbe163a9fbc{ip: 192.168.36.83, host: pr-hdds-2096-jg2tg-1247294052, networkLocation: /default-rack, certSerialId: null}, Type:RATIS, Factor:THREE, State:CLOSED]
2019-09-11 20:05:15,831 [802f7a56-3ac2-455e-92a2-71244eb20cf7@group-CB0F6128481C-StateMachineUpdater] INFO  ratis.ContainerStateMachine (ContainerStateMachine.java:takeSnapshot(300)) - group-CB0F6128481C: Finished taking a snapshot at:(t:1, i:6) file:/workdir/hadoop-ozone/integration-test/target/test-dir/MiniOzoneClusterImpl-0a14e7f9-644e-4233-9ad1-c76f0b8b7528/datanode-3/data/ratis/81716df0-3bfb-41b4-bf98-cb0f6128481c/sm/snapshot.1_6 time:14
2019-09-11 20:05:15,831 [802f7a56-3ac2-455e-92a2-71244eb20cf7@group-CB0F6128481C-StateMachineUpdater] INFO  impl.StateMachineUpdater (StateMachineUpdater.java:takeSnapshot(258)) - 802f7a56-3ac2-455e-92a2-71244eb20cf7@group-CB0F6128481C-StateMachineUpdater: Took a snapshot at index 6
2019-09-11 20:05:15,832 [802f7a56-3ac2-455e-92a2-71244eb20cf7@group-CB0F6128481C-StateMachineUpdater] INFO  impl.StateMachineUpdater (StateMachineUpdater.java:lambda$new$0(83)) - 802f7a56-3ac2-455e-92a2-71244eb20cf7@group-CB0F6128481C-StateMachineUpdater: snapshotIndex: updateIncreasingly -1 -> 6
2019-09-11 20:05:15,832 [802f7a56-3ac2-455e-92a2-71244eb20cf7@group-CB0F6128481C-StateMachineUpdater] INFO  ratis.ContainerStateMachine (ContainerStateMachine.java:takeSnapshot(289)) - group-CB0F6128481C: Taking a snapshot at:(t:1, i:6) file /workdir/hadoop-ozone/integration-test/target/test-dir/MiniOzoneClusterImpl-0a14e7f9-644e-4233-9ad1-c76f0b8b7528/datanode-3/data/ratis/81716df0-3bfb-41b4-bf98-cb0f6128481c/sm/snapshot.1_6
2019-09-11 20:05:15,844 [java.util.concurrent.ThreadPoolExecutor$Worker@64f81f1[State = -1, empty queue]] WARN  server.GrpcLogAppender (GrpcLogAppender.java:timeoutAppendRequest(200)) - 9bb405f0-f563-4579-83ea-0bbe163a9fbc@group-CB0F6128481C->e0c56373-add1-4904-83f3-08b0a755b8ed-GrpcLogAppender: appendEntries Timeout, request=9bb405f0-f563-4579-83ea-0bbe163a9fbc->e0c56373-add1-4904-83f3-08b0a755b8ed#163-t1, previous=(t:1, i:14), leaderCommit=10, initializing? false, entries: <empty>
2019-09-11 20:05:15,845 [802f7a56-3ac2-455e-92a2-71244eb20cf7@group-CB0F6128481C-StateMachineUpdater] INFO  ratis.ContainerStateMachine (ContainerStateMachine.java:takeSnapshot(300)) - group-CB0F6128481C: Finished taking a snapshot at:(t:1, i:6) file:/workdir/hadoop-ozone/integration-test/target/test-dir/MiniOzoneClusterImpl-0a14e7f9-644e-4233-9ad1-c76f0b8b7528/datanode-3/data/ratis/81716df0-3bfb-41b4-bf98-cb0f6128481c/sm/snapshot.1_6 time:13
2019-09-11 20:05:15,845 [802f7a56-3ac2-455e-92a2-71244eb20cf7@group-CB0F6128481C-StateMachineUpdater] INFO  impl.StateMachineUpdater (StateMachineUpdater.java:takeSnapshot(258)) - 802f7a56-3ac2-455e-92a2-71244eb20cf7@group-CB0F6128481C-StateMachineUpdater: Took a snapshot at index 6
2019-09-11 20:05:15,845 [802f7a56-3ac2-455e-92a2-71244eb20cf7@group-CB0F6128481C-StateMachineUpdater] INFO  impl.StateMachineUpdater (StateMachineUpdater.java:lambda$new$0(83)) - 802f7a56-3ac2-455e-92a2-71244eb20cf7@group-CB0F6128481C-StateMachineUpdater: snapshotIndex: updateIncreasingly 6 -> 6
2019-09-11 20:05:15,845 [grpc-default-executor-1] INFO  impl.RaftServerImpl (ServerState.java:close(385)) - 802f7a56-3ac2-455e-92a2-71244eb20cf7@group-CB0F6128481C: closes. applyIndex: 10
2019-09-11 20:05:15,847 [802f7a56-3ac2-455e-92a2-71244eb20cf7@group-CB0F6128481C-SegmentedRaftLogWorker] INFO  segmented.SegmentedRaftLogWorker (SegmentedRaftLogWorker.java:run(313)) - 802f7a56-3ac2-455e-92a2-71244eb20cf7@group-CB0F6128481C-SegmentedRaftLogWorker was interrupted, exiting. There are 0 tasks remaining in the queue.
2019-09-11 20:05:15,850 [grpc-default-executor-1] INFO  segmented.SegmentedRaftLogWorker (SegmentedRaftLogWorker.java:close(228)) - 802f7a56-3ac2-455e-92a2-71244eb20cf7@group-CB0F6128481C-SegmentedRaftLogWorker close()
2019-09-11 20:05:15,868 [grpc-default-executor-1] INFO  interfaces.Container (KeyValueContainer.java:flushAndSyncDB(386)) - Container 3 is synced with bcsId 6.
2019-09-11 20:05:15,868 [grpc-default-executor-1] INFO  interfaces.Container (KeyValueContainer.java:flushAndSyncDB(386)) - Container 3 is synced with bcsId 6.
2019-09-11 20:05:15,885 [EventQueue-IncrementalContainerReportForIncrementalContainerReportHandler] INFO  container.IncrementalContainerReportHandler (AbstractContainerReportHandler.java:updateContainerState(169)) - Moving container #3 to QUASI_CLOSED state, datanode 802f7a56-3ac2-455e-92a2-71244eb20cf7{ip: 192.168.36.83, host: pr-hdds-2096-jg2tg-1247294052, networkLocation: /default-rack, certSerialId: null} reported QUASI_CLOSED replica.
2019-09-11 20:05:15,940 [grpc-default-executor-1] INFO  interfaces.Container (KeyValueContainer.java:flushAndSyncDB(386)) - Container 4 is synced with bcsId 0.
2019-09-11 20:05:15,940 [grpc-default-executor-1] INFO  interfaces.Container (KeyValueContainer.java:flushAndSyncDB(386)) - Container 4 is synced with bcsId 0.
2019-09-11 20:05:15,955 [EventQueue-IncrementalContainerReportForIncrementalContainerReportHandler] INFO  container.IncrementalContainerReportHandler (AbstractContainerReportHandler.java:updateContainerState(169)) - Moving container #4 to QUASI_CLOSED state, datanode 802f7a56-3ac2-455e-92a2-71244eb20cf7{ip: 192.168.36.83, host: pr-hdds-2096-jg2tg-1247294052, networkLocation: /default-rack, certSerialId: null} reported QUASI_CLOSED replica.
2019-09-11 20:05:15,960 [grpc-default-executor-1] INFO  impl.RaftServerProxy (RaftServerProxy.java:remove(95)) - e0c56373-add1-4904-83f3-08b0a755b8ed: remove  FOLLOWER e0c56373-add1-4904-83f3-08b0a755b8ed@group-CB0F6128481C:t1, leader=9bb405f0-f563-4579-83ea-0bbe163a9fbc, voted=e0c56373-add1-4904-83f3-08b0a755b8ed, raftlog=e0c56373-add1-4904-83f3-08b0a755b8ed@group-CB0F6128481C-SegmentedRaftLog:OPENED:c10,f10,i14, conf=0: [802f7a56-3ac2-455e-92a2-71244eb20cf7:192.168.36.83:33220, 9bb405f0-f563-4579-83ea-0bbe163a9fbc:192.168.36.83:46254, e0c56373-add1-4904-83f3-08b0a755b8ed:192.168.36.83:45126], old=null RUNNING
2019-09-11 20:05:15,960 [grpc-default-executor-1] INFO  impl.RaftServerImpl (RaftServerImpl.java:lambda$shutdown$3(251)) - e0c56373-add1-4904-83f3-08b0a755b8ed@group-CB0F6128481C: shutdown
2019-09-11 20:05:15,961 [grpc-default-executor-1] INFO  util.JmxRegister (JmxRegister.java:unregister(73)) - Successfully un-registered JMX Bean with object name Ratis:service=RaftServer,group=group-CB0F6128481C,id=e0c56373-add1-4904-83f3-08b0a755b8ed
2019-09-11 20:05:15,961 [grpc-default-executor-1] INFO  impl.RoleInfo (RoleInfo.java:shutdownFollowerState(121)) - e0c56373-add1-4904-83f3-08b0a755b8ed: shutdown FollowerState
2019-09-11 20:05:15,961 [grpc-default-executor-1] INFO  impl.StateMachineUpdater (StateMachineUpdater.java:stopAndJoin(125)) - e0c56373-add1-4904-83f3-08b0a755b8ed@group-CB0F6128481C-StateMachineUpdater: set stopIndex = 10
2019-09-11 20:05:15,961 [Thread-323] INFO  impl.FollowerState (FollowerState.java:run(115)) - e0c56373-add1-4904-83f3-08b0a755b8ed: FollowerState was interrupted: java.lang.InterruptedException: sleep interrupted
2019-09-11 20:05:15,961 [e0c56373-add1-4904-83f3-08b0a755b8ed@group-CB0F6128481C-StateMachineUpdater] INFO  ratis.ContainerStateMachine (ContainerStateMachine.java:takeSnapshot(289)) - group-CB0F6128481C: Taking a snapshot at:(t:1, i:6) file /workdir/hadoop-ozone/integration-test/target/test-dir/MiniOzoneClusterImpl-0a14e7f9-644e-4233-9ad1-c76f0b8b7528/datanode-1/data/ratis/81716df0-3bfb-41b4-bf98-cb0f6128481c/sm/snapshot.1_6
2019-09-11 20:05:15,974 [e0c56373-add1-4904-83f3-08b0a755b8ed@group-CB0F6128481C-StateMachineUpdater] INFO  ratis.ContainerStateMachine (ContainerStateMachine.java:takeSnapshot(300)) - group-CB0F6128481C: Finished taking a snapshot at:(t:1, i:6) file:/workdir/hadoop-ozone/integration-test/target/test-dir/MiniOzoneClusterImpl-0a14e7f9-644e-4233-9ad1-c76f0b8b7528/datanode-1/data/ratis/81716df0-3bfb-41b4-bf98-cb0f6128481c/sm/snapshot.1_6 time:13
2019-09-11 20:05:15,974 [e0c56373-add1-4904-83f3-08b0a755b8ed@group-CB0F6128481C-StateMachineUpdater] INFO  impl.StateMachineUpdater (StateMachineUpdater.java:takeSnapshot(258)) - e0c56373-add1-4904-83f3-08b0a755b8ed@group-CB0F6128481C-StateMachineUpdater: Took a snapshot at index 6
2019-09-11 20:05:15,974 [e0c56373-add1-4904-83f3-08b0a755b8ed@group-CB0F6128481C-StateMachineUpdater] INFO  impl.StateMachineUpdater (StateMachineUpdater.java:lambda$new$0(83)) - e0c56373-add1-4904-83f3-08b0a755b8ed@group-CB0F6128481C-StateMachineUpdater: snapshotIndex: updateIncreasingly -1 -> 6
2019-09-11 20:05:15,975 [e0c56373-add1-4904-83f3-08b0a755b8ed@group-CB0F6128481C-StateMachineUpdater] INFO  ratis.ContainerStateMachine (ContainerStateMachine.java:takeSnapshot(289)) - group-CB0F6128481C: Taking a snapshot at:(t:1, i:6) file /workdir/hadoop-ozone/integration-test/target/test-dir/MiniOzoneClusterImpl-0a14e7f9-644e-4233-9ad1-c76f0b8b7528/datanode-1/data/ratis/81716df0-3bfb-41b4-bf98-cb0f6128481c/sm/snapshot.1_6
2019-09-11 20:05:15,987 [e0c56373-add1-4904-83f3-08b0a755b8ed@group-CB0F6128481C-StateMachineUpdater] INFO  ratis.ContainerStateMachine (ContainerStateMachine.java:takeSnapshot(300)) - group-CB0F6128481C: Finished taking a snapshot at:(t:1, i:6) file:/workdir/hadoop-ozone/integration-test/target/test-dir/MiniOzoneClusterImpl-0a14e7f9-644e-4233-9ad1-c76f0b8b7528/datanode-1/data/ratis/81716df0-3bfb-41b4-bf98-cb0f6128481c/sm/snapshot.1_6 time:12
2019-09-11 20:05:15,987 [e0c56373-add1-4904-83f3-08b0a755b8ed@group-CB0F6128481C-StateMachineUpdater] INFO  impl.StateMachineUpdater (StateMachineUpdater.java:takeSnapshot(258)) - e0c56373-add1-4904-83f3-08b0a755b8ed@group-CB0F6128481C-StateMachineUpdater: Took a snapshot at index 6
2019-09-11 20:05:15,987 [e0c56373-add1-4904-83f3-08b0a755b8ed@group-CB0F6128481C-StateMachineUpdater] INFO  impl.StateMachineUpdater (StateMachineUpdater.java:lambda$new$0(83)) - e0c56373-add1-4904-83f3-08b0a755b8ed@group-CB0F6128481C-StateMachineUpdater: snapshotIndex: updateIncreasingly 6 -> 6
2019-09-11 20:05:15,988 [grpc-default-executor-1] INFO  impl.RaftServerImpl (ServerState.java:close(385)) - e0c56373-add1-4904-83f3-08b0a755b8ed@group-CB0F6128481C: closes. applyIndex: 10
2019-09-11 20:05:15,992 [e0c56373-add1-4904-83f3-08b0a755b8ed@group-CB0F6128481C-SegmentedRaftLogWorker] ERROR ratis.XceiverServerRatis (XceiverServerRatis.java:triggerPipelineClose(568)) - pipeline Action CLOSE  on pipeline PipelineID=81716df0-3bfb-41b4-bf98-cb0f6128481c.Reason : WriteLog:11: (t:1, i:11), STATEMACHINELOGENTRY, client-9954D3AE5C83, cid=32-writeStateMachineData interrupted.
2019-09-11 20:05:15,995 [grpc-default-executor-1] INFO  segmented.SegmentedRaftLogWorker (SegmentedRaftLogWorker.java:close(228)) - e0c56373-add1-4904-83f3-08b0a755b8ed@group-CB0F6128481C-SegmentedRaftLogWorker close()
2019-09-11 20:05:15,995 [EventQueue-PipelineActionsForPipelineActionHandler] ERROR pipeline.PipelineActionHandler (PipelineActionHandler.java:onMessage(60)) - Received pipeline action CLOSE for Pipeline[ Id: 81716df0-3bfb-41b4-bf98-cb0f6128481c, Nodes: 802f7a56-3ac2-455e-92a2-71244eb20cf7{ip: 192.168.36.83, host: pr-hdds-2096-jg2tg-1247294052, networkLocation: /default-rack, certSerialId: null}e0c56373-add1-4904-83f3-08b0a755b8ed{ip: 192.168.36.83, host: pr-hdds-2096-jg2tg-1247294052, networkLocation: /default-rack, certSerialId: null}9bb405f0-f563-4579-83ea-0bbe163a9fbc{ip: 192.168.36.83, host: pr-hdds-2096-jg2tg-1247294052, networkLocation: /default-rack, certSerialId: null}, Type:RATIS, Factor:THREE, State:CLOSED] from datanode e0c56373-add1-4904-83f3-08b0a755b8ed{ip: 192.168.36.83, host: pr-hdds-2096-jg2tg-1247294052, networkLocation: /default-rack, certSerialId: null}. Reason : WriteLog:11: (t:1, i:11), STATEMACHINELOGENTRY, client-9954D3AE5C83, cid=32-writeStateMachineData interrupted.
2019-09-11 20:05:15,998 [EventQueue-PipelineActionsForPipelineActionHandler] INFO  pipeline.SCMPipelineManager (SCMPipelineManager.java:finalizeAndDestroyPipeline(311)) - destroying pipeline:Pipeline[ Id: 81716df0-3bfb-41b4-bf98-cb0f6128481c, Nodes: 802f7a56-3ac2-455e-92a2-71244eb20cf7{ip: 192.168.36.83, host: pr-hdds-2096-jg2tg-1247294052, networkLocation: /default-rack, certSerialId: null}e0c56373-add1-4904-83f3-08b0a755b8ed{ip: 192.168.36.83, host: pr-hdds-2096-jg2tg-1247294052, networkLocation: /default-rack, certSerialId: null}9bb405f0-f563-4579-83ea-0bbe163a9fbc{ip: 192.168.36.83, host: pr-hdds-2096-jg2tg-1247294052, networkLocation: /default-rack, certSerialId: null}, Type:RATIS, Factor:THREE, State:CLOSED]
2019-09-11 20:05:16,010 [grpc-default-executor-1] INFO  interfaces.Container (KeyValueContainer.java:flushAndSyncDB(386)) - Container 3 is synced with bcsId 6.
2019-09-11 20:05:16,011 [grpc-default-executor-1] INFO  interfaces.Container (KeyValueContainer.java:flushAndSyncDB(386)) - Container 3 is synced with bcsId 6.
2019-09-11 20:05:16,079 [grpc-default-executor-1] INFO  interfaces.Container (KeyValueContainer.java:flushAndSyncDB(386)) - Container 4 is synced with bcsId 0.
2019-09-11 20:05:16,080 [grpc-default-executor-1] INFO  interfaces.Container (KeyValueContainer.java:flushAndSyncDB(386)) - Container 4 is synced with bcsId 0.
2019-09-11 20:05:16,099 [grpc-default-executor-1] INFO  impl.RaftServerProxy (RaftServerProxy.java:remove(95)) - 9bb405f0-f563-4579-83ea-0bbe163a9fbc: remove    LEADER 9bb405f0-f563-4579-83ea-0bbe163a9fbc@group-CB0F6128481C:t1, leader=9bb405f0-f563-4579-83ea-0bbe163a9fbc, voted=9bb405f0-f563-4579-83ea-0bbe163a9fbc, raftlog=9bb405f0-f563-4579-83ea-0bbe163a9fbc@group-CB0F6128481C-SegmentedRaftLog:OPENED:c10,f10,i14, conf=0: [802f7a56-3ac2-455e-92a2-71244eb20cf7:192.168.36.83:33220, 9bb405f0-f563-4579-83ea-0bbe163a9fbc:192.168.36.83:46254, e0c56373-add1-4904-83f3-08b0a755b8ed:192.168.36.83:45126], old=null RUNNING
2019-09-11 20:05:16,099 [grpc-default-executor-1] INFO  impl.RaftServerImpl (RaftServerImpl.java:lambda$shutdown$3(251)) - 9bb405f0-f563-4579-83ea-0bbe163a9fbc@group-CB0F6128481C: shutdown
2019-09-11 20:05:16,100 [grpc-default-executor-1] INFO  util.JmxRegister (JmxRegister.java:unregister(73)) - Successfully un-registered JMX Bean with object name Ratis:service=RaftServer,group=group-CB0F6128481C,id=9bb405f0-f563-4579-83ea-0bbe163a9fbc
2019-09-11 20:05:16,100 [grpc-default-executor-1] INFO  impl.RoleInfo (RoleInfo.java:shutdownLeaderState(104)) - 9bb405f0-f563-4579-83ea-0bbe163a9fbc: shutdown LeaderState
2019-09-11 20:05:16,106 [grpc-default-executor-1] INFO  impl.PendingRequests (PendingRequests.java:sendNotLeaderResponses(202)) - 9bb405f0-f563-4579-83ea-0bbe163a9fbc-PendingRequests: sendNotLeaderResponses
2019-09-11 20:05:16,106 [org.apache.ratis.server.impl.LogAppender$AppenderDaemon$$Lambda$513/1740195529@76a3d251] WARN  server.GrpcLogAppender (GrpcLogAppender.java:mayWait(143)) - 9bb405f0-f563-4579-83ea-0bbe163a9fbc@group-CB0F6128481C->802f7a56-3ac2-455e-92a2-71244eb20cf7-GrpcLogAppender: Wait interrupted by java.lang.InterruptedException
2019-09-11 20:05:16,106 [org.apache.ratis.server.impl.LogAppender$AppenderDaemon$$Lambda$513/1740195529@603b50d] WARN  server.GrpcLogAppender (GrpcLogAppender.java:mayWait(143)) - 9bb405f0-f563-4579-83ea-0bbe163a9fbc@group-CB0F6128481C->e0c56373-add1-4904-83f3-08b0a755b8ed-GrpcLogAppender: Wait interrupted by java.lang.InterruptedException
2019-09-11 20:05:16,113 [grpc-default-executor-1] INFO  impl.StateMachineUpdater (StateMachineUpdater.java:stopAndJoin(125)) - 9bb405f0-f563-4579-83ea-0bbe163a9fbc@group-CB0F6128481C-StateMachineUpdater: set stopIndex = 10
2019-09-11 20:05:16,113 [grpc-default-executor-7] INFO  server.GrpcServerProtocolService (GrpcServerProtocolService.java:onCompleted(113)) - e0c56373-add1-4904-83f3-08b0a755b8ed: Completed APPEND_ENTRIES, lastRequest: 9bb405f0-f563-4579-83ea-0bbe163a9fbc->e0c56373-add1-4904-83f3-08b0a755b8ed#164-t1, previous=(t:1, i:14), leaderCommit=10, initializing? false, entries: <empty>
2019-09-11 20:05:16,113 [9bb405f0-f563-4579-83ea-0bbe163a9fbc@group-CB0F6128481C-StateMachineUpdater] INFO  ratis.ContainerStateMachine (ContainerStateMachine.java:takeSnapshot(289)) - group-CB0F6128481C: Taking a snapshot at:(t:1, i:10) file /workdir/hadoop-ozone/integration-test/target/test-dir/MiniOzoneClusterImpl-0a14e7f9-644e-4233-9ad1-c76f0b8b7528/datanode-0/data/ratis/81716df0-3bfb-41b4-bf98-cb0f6128481c/sm/snapshot.1_10
2019-09-11 20:05:16,113 [grpc-default-executor-6] INFO  server.GrpcServerProtocolService (GrpcServerProtocolService.java:onCompleted(113)) - 802f7a56-3ac2-455e-92a2-71244eb20cf7: Completed APPEND_ENTRIES, lastRequest: 9bb405f0-f563-4579-83ea-0bbe163a9fbc->802f7a56-3ac2-455e-92a2-71244eb20cf7#164-t1, previous=(t:1, i:14), leaderCommit=10, initializing? false, entries: <empty>
2019-09-11 20:05:16,114 [grpc-default-executor-7] INFO  server.GrpcLogAppender (GrpcLogAppender.java:onCompleted(293)) - 9bb405f0-f563-4579-83ea-0bbe163a9fbc@group-CB0F6128481C->e0c56373-add1-4904-83f3-08b0a755b8ed-AppendLogResponseHandler: follower responses appendEntries COMPLETED
2019-09-11 20:05:16,114 [grpc-default-executor-5] INFO  server.GrpcLogAppender (GrpcLogAppender.java:onCompleted(293)) - 9bb405f0-f563-4579-83ea-0bbe163a9fbc@group-CB0F6128481C->802f7a56-3ac2-455e-92a2-71244eb20cf7-AppendLogResponseHandler: follower responses appendEntries COMPLETED
2019-09-11 20:05:16,115 [grpc-default-executor-7] INFO  impl.FollowerInfo (FollowerInfo.java:lambda$new$0(51)) - 9bb405f0-f563-4579-83ea-0bbe163a9fbc@group-CB0F6128481C->e0c56373-add1-4904-83f3-08b0a755b8ed: nextIndex: updateUnconditionally 15 -> 11
2019-09-11 20:05:16,115 [grpc-default-executor-5] INFO  impl.FollowerInfo (FollowerInfo.java:lambda$new$0(51)) - 9bb405f0-f563-4579-83ea-0bbe163a9fbc@group-CB0F6128481C->802f7a56-3ac2-455e-92a2-71244eb20cf7: nextIndex: updateUnconditionally 15 -> 14
2019-09-11 20:05:16,117 [grpc-default-executor-0] WARN  server.GrpcLogAppender (LogUtils.java:warn(134)) - 9bb405f0-f563-4579-83ea-0bbe163a9fbc@group-C7A422292FA5->802f7a56-3ac2-455e-92a2-71244eb20cf7-AppendLogResponseHandler: Failed appendEntries: org.apache.ratis.thirdparty.io.grpc.StatusRuntimeException: UNAVAILABLE: Channel shutdownNow invoked
2019-09-11 20:05:16,117 [grpc-default-executor-6] WARN  server.GrpcLogAppender (LogUtils.java:warn(134)) - 9bb405f0-f563-4579-83ea-0bbe163a9fbc@group-C7A422292FA5->e0c56373-add1-4904-83f3-08b0a755b8ed-AppendLogResponseHandler: Failed appendEntries: org.apache.ratis.thirdparty.io.grpc.StatusRuntimeException: UNAVAILABLE: Channel shutdownNow invoked
2019-09-11 20:05:16,117 [grpc-default-executor-0] INFO  impl.FollowerInfo (FollowerInfo.java:lambda$new$0(51)) - 9bb405f0-f563-4579-83ea-0bbe163a9fbc@group-C7A422292FA5->802f7a56-3ac2-455e-92a2-71244eb20cf7: nextIndex: updateUnconditionally 1 -> 0
2019-09-11 20:05:16,117 [grpc-default-executor-6] INFO  impl.FollowerInfo (FollowerInfo.java:lambda$new$0(51)) - 9bb405f0-f563-4579-83ea-0bbe163a9fbc@group-C7A422292FA5->e0c56373-add1-4904-83f3-08b0a755b8ed: nextIndex: updateUnconditionally 1 -> 0
2019-09-11 20:05:16,118 [grpc-default-executor-9] WARN  server.GrpcServerProtocolService (LogUtils.java:warn(134)) - e0c56373-add1-4904-83f3-08b0a755b8ed: installSnapshot onError, lastRequest: 9bb405f0-f563-4579-83ea-0bbe163a9fbc->e0c56373-add1-4904-83f3-08b0a755b8ed#7-t1, previous=(t:1, i:0), leaderCommit=0, initializing? false, entries: <empty>: org.apache.ratis.thirdparty.io.grpc.StatusRuntimeException: CANCELLED: cancelled before receiving half close
2019-09-11 20:05:16,118 [grpc-default-executor-8] WARN  server.GrpcServerProtocolService (LogUtils.java:warn(134)) - 802f7a56-3ac2-455e-92a2-71244eb20cf7: installSnapshot onError, lastRequest: 9bb405f0-f563-4579-83ea-0bbe163a9fbc->802f7a56-3ac2-455e-92a2-71244eb20cf7#7-t1, previous=(t:1, i:0), leaderCommit=0, initializing? false, entries: <empty>: org.apache.ratis.thirdparty.io.grpc.StatusRuntimeException: CANCELLED: cancelled before receiving half close
2019-09-11 20:05:16,127 [9bb405f0-f563-4579-83ea-0bbe163a9fbc@group-CB0F6128481C-StateMachineUpdater] INFO  ratis.ContainerStateMachine (ContainerStateMachine.java:takeSnapshot(300)) - group-CB0F6128481C: Finished taking a snapshot at:(t:1, i:10) file:/workdir/hadoop-ozone/integration-test/target/test-dir/MiniOzoneClusterImpl-0a14e7f9-644e-4233-9ad1-c76f0b8b7528/datanode-0/data/ratis/81716df0-3bfb-41b4-bf98-cb0f6128481c/sm/snapshot.1_10 time:15
2019-09-11 20:05:16,128 [9bb405f0-f563-4579-83ea-0bbe163a9fbc@group-CB0F6128481C-StateMachineUpdater] INFO  impl.StateMachineUpdater (StateMachineUpdater.java:takeSnapshot(258)) - 9bb405f0-f563-4579-83ea-0bbe163a9fbc@group-CB0F6128481C-StateMachineUpdater: Took a snapshot at index 10
2019-09-11 20:05:16,128 [9bb405f0-f563-4579-83ea-0bbe163a9fbc@group-CB0F6128481C-StateMachineUpdater] INFO  impl.StateMachineUpdater (StateMachineUpdater.java:lambda$new$0(83)) - 9bb405f0-f563-4579-83ea-0bbe163a9fbc@group-CB0F6128481C-StateMachineUpdater: snapshotIndex: updateIncreasingly -1 -> 10
2019-09-11 20:05:16,128 [grpc-default-executor-1] INFO  impl.RaftServerImpl (ServerState.java:close(385)) - 9bb405f0-f563-4579-83ea-0bbe163a9fbc@group-CB0F6128481C: closes. applyIndex: 10
2019-09-11 20:05:16,129 [Command processor thread] ERROR commandhandler.CloseContainerCommandHandler (CloseContainerCommandHandler.java:handle(125)) - Can't close container #4
java.io.IOException: org.apache.ratis.protocol.GroupMismatchException: 9bb405f0-f563-4579-83ea-0bbe163a9fbc: group-CB0F6128481C not found.
	at org.apache.hadoop.ozone.container.common.transport.server.ratis.XceiverServerRatis.submitRequest(XceiverServerRatis.java:495)
	at org.apache.hadoop.ozone.container.common.statemachine.commandhandler.CloseContainerCommandHandler.handle(CloseContainerCommandHandler.java:102)
	at org.apache.hadoop.ozone.container.common.statemachine.commandhandler.CommandDispatcher.handle(CommandDispatcher.java:99)
	at org.apache.hadoop.ozone.container.common.statemachine.DatanodeStateMachine.lambda$initCommandHandlerThread$1(DatanodeStateMachine.java:432)
	at java.lang.Thread.run(Thread.java:748)
Caused by: java.util.concurrent.ExecutionException: org.apache.ratis.protocol.GroupMismatchException: 9bb405f0-f563-4579-83ea-0bbe163a9fbc: group-CB0F6128481C not found.
	at java.util.concurrent.CompletableFuture.reportGet(CompletableFuture.java:357)
	at java.util.concurrent.CompletableFuture.get(CompletableFuture.java:1895)
	at org.apache.hadoop.ozone.container.common.transport.server.ratis.XceiverServerRatis.submitRequest(XceiverServerRatis.java:493)
	... 4 more
Caused by: org.apache.ratis.protocol.GroupMismatchException: 9bb405f0-f563-4579-83ea-0bbe163a9fbc: group-CB0F6128481C not found.
	at org.apache.ratis.server.impl.RaftServerProxy$ImplMap.get(RaftServerProxy.java:122)
	at org.apache.ratis.server.impl.RaftServerProxy.getImplFuture(RaftServerProxy.java:269)
	at org.apache.ratis.server.impl.RaftServerProxy.submitRequest(RaftServerProxy.java:327)
	at org.apache.ratis.server.impl.RaftServerProxy.submitClientRequestAsync(RaftServerProxy.java:333)
	... 5 more
2019-09-11 20:05:16,131 [9bb405f0-f563-4579-83ea-0bbe163a9fbc@group-CB0F6128481C-SegmentedRaftLogWorker] ERROR ratis.XceiverServerRatis (XceiverServerRatis.java:triggerPipelineClose(568)) - pipeline Action CLOSE  on pipeline PipelineID=81716df0-3bfb-41b4-bf98-cb0f6128481c.Reason : WriteLog:11: (t:1, i:11), STATEMACHINELOGENTRY, client-9954D3AE5C83, cid=32-writeStateMachineData interrupted.
2019-09-11 20:05:16,134 [EventQueue-PipelineActionsForPipelineActionHandler] ERROR pipeline.PipelineActionHandler (PipelineActionHandler.java:onMessage(60)) - Received pipeline action CLOSE for Pipeline[ Id: 81716df0-3bfb-41b4-bf98-cb0f6128481c, Nodes: 802f7a56-3ac2-455e-92a2-71244eb20cf7{ip: 192.168.36.83, host: pr-hdds-2096-jg2tg-1247294052, networkLocation: /default-rack, certSerialId: null}e0c56373-add1-4904-83f3-08b0a755b8ed{ip: 192.168.36.83, host: pr-hdds-2096-jg2tg-1247294052, networkLocation: /default-rack, certSerialId: null}9bb405f0-f563-4579-83ea-0bbe163a9fbc{ip: 192.168.36.83, host: pr-hdds-2096-jg2tg-1247294052, networkLocation: /default-rack, certSerialId: null}, Type:RATIS, Factor:THREE, State:CLOSED] from datanode 9bb405f0-f563-4579-83ea-0bbe163a9fbc{ip: 192.168.36.83, host: pr-hdds-2096-jg2tg-1247294052, networkLocation: /default-rack, certSerialId: null}. Reason : WriteLog:11: (t:1, i:11), STATEMACHINELOGENTRY, client-9954D3AE5C83, cid=32-writeStateMachineData interrupted.
2019-09-11 20:05:16,134 [grpc-default-executor-1] INFO  segmented.SegmentedRaftLogWorker (SegmentedRaftLogWorker.java:close(228)) - 9bb405f0-f563-4579-83ea-0bbe163a9fbc@group-CB0F6128481C-SegmentedRaftLogWorker close()
2019-09-11 20:05:16,136 [EventQueue-PipelineActionsForPipelineActionHandler] INFO  pipeline.SCMPipelineManager (SCMPipelineManager.java:finalizeAndDestroyPipeline(311)) - destroying pipeline:Pipeline[ Id: 81716df0-3bfb-41b4-bf98-cb0f6128481c, Nodes: 802f7a56-3ac2-455e-92a2-71244eb20cf7{ip: 192.168.36.83, host: pr-hdds-2096-jg2tg-1247294052, networkLocation: /default-rack, certSerialId: null}e0c56373-add1-4904-83f3-08b0a755b8ed{ip: 192.168.36.83, host: pr-hdds-2096-jg2tg-1247294052, networkLocation: /default-rack, certSerialId: null}9bb405f0-f563-4579-83ea-0bbe163a9fbc{ip: 192.168.36.83, host: pr-hdds-2096-jg2tg-1247294052, networkLocation: /default-rack, certSerialId: null}, Type:RATIS, Factor:THREE, State:CLOSED]
2019-09-11 20:05:16,144 [grpc-default-executor-1] INFO  interfaces.Container (KeyValueContainer.java:flushAndSyncDB(386)) - Container 3 is synced with bcsId 6.
2019-09-11 20:05:16,144 [grpc-default-executor-1] INFO  interfaces.Container (KeyValueContainer.java:flushAndSyncDB(386)) - Container 3 is synced with bcsId 6.
2019-09-11 20:05:16,203 [grpc-default-executor-1] INFO  interfaces.Container (KeyValueContainer.java:flushAndSyncDB(386)) - Container 4 is synced with bcsId 0.
2019-09-11 20:05:16,204 [grpc-default-executor-1] INFO  interfaces.Container (KeyValueContainer.java:flushAndSyncDB(386)) - Container 4 is synced with bcsId 0.
2019-09-11 20:05:16,219 [RatisPipelineUtilsThread] INFO  pipeline.PipelineStateManager (PipelineStateManager.java:removePipeline(108)) - Pipeline Pipeline[ Id: 81716df0-3bfb-41b4-bf98-cb0f6128481c, Nodes: 802f7a56-3ac2-455e-92a2-71244eb20cf7{ip: 192.168.36.83, host: pr-hdds-2096-jg2tg-1247294052, networkLocation: /default-rack, certSerialId: null}e0c56373-add1-4904-83f3-08b0a755b8ed{ip: 192.168.36.83, host: pr-hdds-2096-jg2tg-1247294052, networkLocation: /default-rack, certSerialId: null}9bb405f0-f563-4579-83ea-0bbe163a9fbc{ip: 192.168.36.83, host: pr-hdds-2096-jg2tg-1247294052, networkLocation: /default-rack, certSerialId: null}, Type:RATIS, Factor:THREE, State:CLOSED] removed from db
2019-09-11 20:05:16,421 [main] WARN  io.KeyOutputStream (KeyOutputStream.java:handleException(276)) - Encountered exception java.io.IOException: Unexpected Storage Container Exception: java.util.concurrent.CompletionException: java.util.concurrent.CompletionException: org.apache.ratis.protocol.GroupMismatchException: e0c56373-add1-4904-83f3-08b0a755b8ed: group-CB0F6128481C not found. on the pipeline Pipeline[ Id: 81716df0-3bfb-41b4-bf98-cb0f6128481c, Nodes: 802f7a56-3ac2-455e-92a2-71244eb20cf7{ip: 192.168.36.83, host: pr-hdds-2096-jg2tg-1247294052, networkLocation: /default-rack, certSerialId: null}e0c56373-add1-4904-83f3-08b0a755b8ed{ip: 192.168.36.83, host: pr-hdds-2096-jg2tg-1247294052, networkLocation: /default-rack, certSerialId: null}9bb405f0-f563-4579-83ea-0bbe163a9fbc{ip: 192.168.36.83, host: pr-hdds-2096-jg2tg-1247294052, networkLocation: /default-rack, certSerialId: null}, Type:RATIS, Factor:THREE, State:OPEN]. The last committed block length is 0, uncommitted data length is 150 retry count 0
2019-09-11 20:05:16,469 [grpc-default-executor-1] INFO  client.GrpcClientProtocolClient (GrpcClientProtocolClient.java:onNext(264)) - client-FE03BA7EFCF8->802f7a56-3ac2-455e-92a2-71244eb20cf7: receive RaftClientReply:client-FE03BA7EFCF8->802f7a56-3ac2-455e-92a2-71244eb20cf7@group-C7A422292FA5, cid=131, FAILED org.apache.ratis.protocol.NotLeaderException: Server 802f7a56-3ac2-455e-92a2-71244eb20cf7@group-C7A422292FA5 is not the leader 9bb405f0-f563-4579-83ea-0bbe163a9fbc:192.168.36.83:46254, logIndex=0, commits[802f7a56-3ac2-455e-92a2-71244eb20cf7:c0, 9bb405f0-f563-4579-83ea-0bbe163a9fbc:c0, e0c56373-add1-4904-83f3-08b0a755b8ed:c0]
2019-09-11 20:05:16,495 [grpc-default-executor-9] INFO  impl.RaftServerImpl (ServerState.java:setRaftConf(354)) - e0c56373-add1-4904-83f3-08b0a755b8ed@group-C7A422292FA5: set configuration 0: [802f7a56-3ac2-455e-92a2-71244eb20cf7:192.168.36.83:33220, 9bb405f0-f563-4579-83ea-0bbe163a9fbc:192.168.36.83:46254, e0c56373-add1-4904-83f3-08b0a755b8ed:192.168.36.83:45126], old=null at 0
2019-09-11 20:05:16,495 [grpc-default-executor-1] INFO  impl.RaftServerImpl (ServerState.java:setRaftConf(354)) - 802f7a56-3ac2-455e-92a2-71244eb20cf7@group-C7A422292FA5: set configuration 0: [802f7a56-3ac2-455e-92a2-71244eb20cf7:192.168.36.83:33220, 9bb405f0-f563-4579-83ea-0bbe163a9fbc:192.168.36.83:46254, e0c56373-add1-4904-83f3-08b0a755b8ed:192.168.36.83:45126], old=null at 0
2019-09-11 20:05:16,610 [grpc-default-executor-9] INFO  client.GrpcClientProtocolClient (GrpcClientProtocolClient.java:onNext(264)) - client-FE03BA7EFCF8->9bb405f0-f563-4579-83ea-0bbe163a9fbc: receive RaftClientReply:client-FE03BA7EFCF8->9bb405f0-f563-4579-83ea-0bbe163a9fbc@group-C7A422292FA5, cid=131, SUCCESS, logIndex=1, commits[9bb405f0-f563-4579-83ea-0bbe163a9fbc:c1, 802f7a56-3ac2-455e-92a2-71244eb20cf7:c0, e0c56373-add1-4904-83f3-08b0a755b8ed:c0]
2019-09-11 20:05:16,642 [grpc-default-executor-1] INFO  client.GrpcClientProtocolClient (GrpcClientProtocolClient.java:onNext(264)) - client-FE03BA7EFCF8->9bb405f0-f563-4579-83ea-0bbe163a9fbc: receive RaftClientReply:client-FE03BA7EFCF8->9bb405f0-f563-4579-83ea-0bbe163a9fbc@group-C7A422292FA5, cid=132, SUCCESS, logIndex=3, commits[9bb405f0-f563-4579-83ea-0bbe163a9fbc:c4, 802f7a56-3ac2-455e-92a2-71244eb20cf7:c2, e0c56373-add1-4904-83f3-08b0a755b8ed:c2]
2019-09-11 20:05:16,698 [grpc-default-executor-1] INFO  client.GrpcClientProtocolClient (GrpcClientProtocolClient.java:onNext(264)) - client-FE03BA7EFCF8->9bb405f0-f563-4579-83ea-0bbe163a9fbc: receive RaftClientReply:client-FE03BA7EFCF8->9bb405f0-f563-4579-83ea-0bbe163a9fbc@group-C7A422292FA5, cid=133, SUCCESS, logIndex=4, commits[9bb405f0-f563-4579-83ea-0bbe163a9fbc:c6, 802f7a56-3ac2-455e-92a2-71244eb20cf7:c4, e0c56373-add1-4904-83f3-08b0a755b8ed:c4]
]]></system-out>
    <system-err><![CDATA[Sep 11, 2019 8:05:16 PM org.apache.ratis.thirdparty.io.grpc.internal.SerializingExecutor run
SEVERE: Exception while executing runnable org.apache.ratis.thirdparty.io.grpc.internal.ServerImpl$JumpToApplicationThreadServerStreamListener$1Closed@6b82c147
org.apache.ratis.thirdparty.io.grpc.StatusRuntimeException: CANCELLED: call already cancelled
	at org.apache.ratis.thirdparty.io.grpc.Status.asRuntimeException(Status.java:517)
	at org.apache.ratis.thirdparty.io.grpc.stub.ServerCalls$ServerCallStreamObserverImpl.onCompleted(ServerCalls.java:356)
	at org.apache.ratis.grpc.server.GrpcServerProtocolService$ServerRequestStreamObserver.onError(GrpcServerProtocolService.java:121)
	at org.apache.ratis.thirdparty.io.grpc.stub.ServerCalls$StreamingServerCallHandler$StreamingServerCallListener.onCancel(ServerCalls.java:269)
	at org.apache.ratis.thirdparty.io.grpc.internal.ServerCallImpl$ServerStreamListenerImpl.closed(ServerCallImpl.java:293)
	at org.apache.ratis.thirdparty.io.grpc.internal.ServerImpl$JumpToApplicationThreadServerStreamListener$1Closed.runInContext(ServerImpl.java:741)
	at org.apache.ratis.thirdparty.io.grpc.internal.ContextRunnable.run(ContextRunnable.java:37)
	at org.apache.ratis.thirdparty.io.grpc.internal.SerializingExecutor.run(SerializingExecutor.java:123)
	at java.util.concurrent.ThreadPoolExecutor.runWorker(ThreadPoolExecutor.java:1149)
	at java.util.concurrent.ThreadPoolExecutor$Worker.run(ThreadPoolExecutor.java:624)
	at java.lang.Thread.run(Thread.java:748)

Sep 11, 2019 8:05:16 PM org.apache.ratis.thirdparty.io.grpc.internal.SerializingExecutor run
SEVERE: Exception while executing runnable org.apache.ratis.thirdparty.io.grpc.internal.ServerImpl$JumpToApplicationThreadServerStreamListener$1Closed@67a92704
org.apache.ratis.thirdparty.io.grpc.StatusRuntimeException: CANCELLED: call already cancelled
	at org.apache.ratis.thirdparty.io.grpc.Status.asRuntimeException(Status.java:517)
	at org.apache.ratis.thirdparty.io.grpc.stub.ServerCalls$ServerCallStreamObserverImpl.onCompleted(ServerCalls.java:356)
	at org.apache.ratis.grpc.server.GrpcServerProtocolService$ServerRequestStreamObserver.onError(GrpcServerProtocolService.java:121)
	at org.apache.ratis.thirdparty.io.grpc.stub.ServerCalls$StreamingServerCallHandler$StreamingServerCallListener.onCancel(ServerCalls.java:269)
	at org.apache.ratis.thirdparty.io.grpc.internal.ServerCallImpl$ServerStreamListenerImpl.closed(ServerCallImpl.java:293)
	at org.apache.ratis.thirdparty.io.grpc.internal.ServerImpl$JumpToApplicationThreadServerStreamListener$1Closed.runInContext(ServerImpl.java:741)
	at org.apache.ratis.thirdparty.io.grpc.internal.ContextRunnable.run(ContextRunnable.java:37)
	at org.apache.ratis.thirdparty.io.grpc.internal.SerializingExecutor.run(SerializingExecutor.java:123)
	at java.util.concurrent.ThreadPoolExecutor.runWorker(ThreadPoolExecutor.java:1149)
	at java.util.concurrent.ThreadPoolExecutor$Worker.run(ThreadPoolExecutor.java:624)
	at java.lang.Thread.run(Thread.java:748)

]]></system-err>
  </testcase>
  <testcase name="testFullBufferCondition" classname="org.apache.hadoop.ozone.client.rpc.TestBlockOutputStream" time="192.418">
    <failure type="java.lang.AssertionError">java.lang.AssertionError
	at org.junit.Assert.fail(Assert.java:86)
	at org.junit.Assert.assertTrue(Assert.java:41)
	at org.junit.Assert.assertTrue(Assert.java:52)
	at org.apache.hadoop.ozone.client.rpc.TestBlockOutputStream.testFullBufferCondition(TestBlockOutputStream.java:515)
	at sun.reflect.NativeMethodAccessorImpl.invoke0(Native Method)
	at sun.reflect.NativeMethodAccessorImpl.invoke(NativeMethodAccessorImpl.java:62)
	at sun.reflect.DelegatingMethodAccessorImpl.invoke(DelegatingMethodAccessorImpl.java:43)
	at java.lang.reflect.Method.invoke(Method.java:498)
	at org.junit.runners.model.FrameworkMethod$1.runReflectiveCall(FrameworkMethod.java:47)
	at org.junit.internal.runners.model.ReflectiveCallable.run(ReflectiveCallable.java:12)
	at org.junit.runners.model.FrameworkMethod.invokeExplosively(FrameworkMethod.java:44)
	at org.junit.internal.runners.statements.InvokeMethod.evaluate(InvokeMethod.java:17)
	at org.junit.runners.ParentRunner.runLeaf(ParentRunner.java:271)
	at org.junit.runners.BlockJUnit4ClassRunner.runChild(BlockJUnit4ClassRunner.java:70)
	at org.junit.runners.BlockJUnit4ClassRunner.runChild(BlockJUnit4ClassRunner.java:50)
	at org.junit.runners.ParentRunner$3.run(ParentRunner.java:238)
	at org.junit.runners.ParentRunner$1.schedule(ParentRunner.java:63)
	at org.junit.runners.ParentRunner.runChildren(ParentRunner.java:236)
	at org.junit.runners.ParentRunner.access$000(ParentRunner.java:53)
	at org.junit.runners.ParentRunner$2.evaluate(ParentRunner.java:229)
	at org.junit.internal.runners.statements.RunBefores.evaluate(RunBefores.java:26)
	at org.junit.internal.runners.statements.RunAfters.evaluate(RunAfters.java:27)
	at org.junit.runners.ParentRunner.run(ParentRunner.java:309)
	at org.apache.maven.surefire.junit4.JUnit4Provider.execute(JUnit4Provider.java:365)
	at org.apache.maven.surefire.junit4.JUnit4Provider.executeWithRerun(JUnit4Provider.java:273)
	at org.apache.maven.surefire.junit4.JUnit4Provider.executeTestSet(JUnit4Provider.java:238)
	at org.apache.maven.surefire.junit4.JUnit4Provider.invoke(JUnit4Provider.java:159)
	at org.apache.maven.surefire.booter.ForkedBooter.invokeProviderInSameClassLoader(ForkedBooter.java:384)
	at org.apache.maven.surefire.booter.ForkedBooter.runSuitesInProcess(ForkedBooter.java:345)
	at org.apache.maven.surefire.booter.ForkedBooter.execute(ForkedBooter.java:126)
	at org.apache.maven.surefire.booter.ForkedBooter.main(ForkedBooter.java:418)
</failure>
    <system-out><![CDATA[2019-09-11 20:05:18,817 [grpc-default-executor-8] INFO  impl.RaftServerProxy (RaftServerProxy.java:remove(95)) - 802f7a56-3ac2-455e-92a2-71244eb20cf7: remove group-CB0F6128481C:null
2019-09-11 20:05:18,821 [RatisPipelineUtilsThread] WARN  pipeline.RatisPipelineUtils (RatisPipelineUtils.java:destroyPipeline(66)) - Pipeline destroy failed for pipeline=PipelineID=81716df0-3bfb-41b4-bf98-cb0f6128481c dn=802f7a56-3ac2-455e-92a2-71244eb20cf7{ip: 192.168.36.83, host: pr-hdds-2096-jg2tg-1247294052, networkLocation: /default-rack, certSerialId: null}
2019-09-11 20:05:18,824 [grpc-default-executor-8] INFO  impl.RaftServerProxy (RaftServerProxy.java:remove(95)) - e0c56373-add1-4904-83f3-08b0a755b8ed: remove group-CB0F6128481C:null
2019-09-11 20:05:18,827 [RatisPipelineUtilsThread] WARN  pipeline.RatisPipelineUtils (RatisPipelineUtils.java:destroyPipeline(66)) - Pipeline destroy failed for pipeline=PipelineID=81716df0-3bfb-41b4-bf98-cb0f6128481c dn=e0c56373-add1-4904-83f3-08b0a755b8ed{ip: 192.168.36.83, host: pr-hdds-2096-jg2tg-1247294052, networkLocation: /default-rack, certSerialId: null}
2019-09-11 20:05:18,831 [grpc-default-executor-8] INFO  impl.RaftServerProxy (RaftServerProxy.java:remove(95)) - 9bb405f0-f563-4579-83ea-0bbe163a9fbc: remove group-CB0F6128481C:null
2019-09-11 20:05:18,833 [RatisPipelineUtilsThread] WARN  pipeline.RatisPipelineUtils (RatisPipelineUtils.java:destroyPipeline(66)) - Pipeline destroy failed for pipeline=PipelineID=81716df0-3bfb-41b4-bf98-cb0f6128481c dn=9bb405f0-f563-4579-83ea-0bbe163a9fbc{ip: 192.168.36.83, host: pr-hdds-2096-jg2tg-1247294052, networkLocation: /default-rack, certSerialId: null}
2019-09-11 20:05:18,834 [RatisPipelineUtilsThread] ERROR pipeline.SCMPipelineManager (Scheduler.java:lambda$schedule$1(70)) - Destroy pipeline failed for pipeline:Pipeline[ Id: 81716df0-3bfb-41b4-bf98-cb0f6128481c, Nodes: 802f7a56-3ac2-455e-92a2-71244eb20cf7{ip: 192.168.36.83, host: pr-hdds-2096-jg2tg-1247294052, networkLocation: /default-rack, certSerialId: null}e0c56373-add1-4904-83f3-08b0a755b8ed{ip: 192.168.36.83, host: pr-hdds-2096-jg2tg-1247294052, networkLocation: /default-rack, certSerialId: null}9bb405f0-f563-4579-83ea-0bbe163a9fbc{ip: 192.168.36.83, host: pr-hdds-2096-jg2tg-1247294052, networkLocation: /default-rack, certSerialId: null}, Type:RATIS, Factor:THREE, State:CLOSED]
org.apache.hadoop.hdds.scm.pipeline.PipelineNotFoundException: PipelineID=81716df0-3bfb-41b4-bf98-cb0f6128481c not found
	at org.apache.hadoop.hdds.scm.pipeline.PipelineStateMap.getPipeline(PipelineStateMap.java:132)
	at org.apache.hadoop.hdds.scm.pipeline.PipelineStateMap.removePipeline(PipelineStateMap.java:322)
	at org.apache.hadoop.hdds.scm.pipeline.PipelineStateManager.removePipeline(PipelineStateManager.java:107)
	at org.apache.hadoop.hdds.scm.pipeline.SCMPipelineManager.removePipeline(SCMPipelineManager.java:423)
	at org.apache.hadoop.hdds.scm.pipeline.SCMPipelineManager.destroyPipeline(SCMPipelineManager.java:409)
	at org.apache.hadoop.hdds.scm.pipeline.SCMPipelineManager.lambda$finalizeAndDestroyPipeline$0(SCMPipelineManager.java:318)
	at org.apache.hadoop.utils.Scheduler.lambda$schedule$1(Scheduler.java:68)
	at java.util.concurrent.Executors$RunnableAdapter.call(Executors.java:511)
	at java.util.concurrent.FutureTask.run(FutureTask.java:266)
	at java.util.concurrent.ScheduledThreadPoolExecutor$ScheduledFutureTask.access$201(ScheduledThreadPoolExecutor.java:180)
	at java.util.concurrent.ScheduledThreadPoolExecutor$ScheduledFutureTask.run(ScheduledThreadPoolExecutor.java:293)
	at java.util.concurrent.ThreadPoolExecutor.runWorker(ThreadPoolExecutor.java:1149)
	at java.util.concurrent.ThreadPoolExecutor$Worker.run(ThreadPoolExecutor.java:624)
	at java.lang.Thread.run(Thread.java:748)
2019-09-11 20:05:19,742 [java.util.concurrent.ThreadPoolExecutor$Worker@3aabbd53[State = -1, empty queue]] WARN  server.GrpcLogAppender (GrpcLogAppender.java:timeoutAppendRequest(200)) - 9bb405f0-f563-4579-83ea-0bbe163a9fbc@group-C7A422292FA5->802f7a56-3ac2-455e-92a2-71244eb20cf7-GrpcLogAppender: appendEntries Timeout, request=9bb405f0-f563-4579-83ea-0bbe163a9fbc->802f7a56-3ac2-455e-92a2-71244eb20cf7#15-t1, previous=(t:1, i:6), leaderCommit=6, initializing? false, entries: size=1, first=(t:1, i:7), STATEMACHINELOGENTRY, client-FE03BA7EFCF8, cid=134
2019-09-11 20:05:19,742 [java.util.concurrent.ThreadPoolExecutor$Worker@39cc96d6[State = -1, empty queue]] WARN  server.GrpcLogAppender (GrpcLogAppender.java:timeoutAppendRequest(200)) - 9bb405f0-f563-4579-83ea-0bbe163a9fbc@group-C7A422292FA5->e0c56373-add1-4904-83f3-08b0a755b8ed-GrpcLogAppender: appendEntries Timeout, request=9bb405f0-f563-4579-83ea-0bbe163a9fbc->e0c56373-add1-4904-83f3-08b0a755b8ed#15-t1, previous=(t:1, i:6), leaderCommit=6, initializing? false, entries: size=1, first=(t:1, i:7), STATEMACHINELOGENTRY, client-FE03BA7EFCF8, cid=134
2019-09-11 20:05:19,743 [java.util.concurrent.ThreadPoolExecutor$Worker@39cc96d6[State = -1, empty queue]] WARN  server.GrpcLogAppender (GrpcLogAppender.java:timeoutAppendRequest(200)) - 9bb405f0-f563-4579-83ea-0bbe163a9fbc@group-C7A422292FA5->e0c56373-add1-4904-83f3-08b0a755b8ed-GrpcLogAppender: appendEntries Timeout, request=9bb405f0-f563-4579-83ea-0bbe163a9fbc->e0c56373-add1-4904-83f3-08b0a755b8ed#16-t1, previous=(t:1, i:7), leaderCommit=6, initializing? false, entries: size=1, first=(t:1, i:8), STATEMACHINELOGENTRY, client-FE03BA7EFCF8, cid=135
2019-09-11 20:05:19,743 [java.util.concurrent.ThreadPoolExecutor$Worker@3aabbd53[State = -1, empty queue]] WARN  server.GrpcLogAppender (GrpcLogAppender.java:timeoutAppendRequest(200)) - 9bb405f0-f563-4579-83ea-0bbe163a9fbc@group-C7A422292FA5->802f7a56-3ac2-455e-92a2-71244eb20cf7-GrpcLogAppender: appendEntries Timeout, request=9bb405f0-f563-4579-83ea-0bbe163a9fbc->802f7a56-3ac2-455e-92a2-71244eb20cf7#16-t1, previous=(t:1, i:7), leaderCommit=6, initializing? false, entries: size=1, first=(t:1, i:8), STATEMACHINELOGENTRY, client-FE03BA7EFCF8, cid=135
2019-09-11 20:05:19,744 [java.util.concurrent.ThreadPoolExecutor$Worker@39cc96d6[State = -1, empty queue]] WARN  server.GrpcLogAppender (GrpcLogAppender.java:timeoutAppendRequest(200)) - 9bb405f0-f563-4579-83ea-0bbe163a9fbc@group-C7A422292FA5->e0c56373-add1-4904-83f3-08b0a755b8ed-GrpcLogAppender: appendEntries Timeout, request=9bb405f0-f563-4579-83ea-0bbe163a9fbc->e0c56373-add1-4904-83f3-08b0a755b8ed#17-t1, previous=(t:1, i:8), leaderCommit=6, initializing? false, entries: size=1, first=(t:1, i:9), STATEMACHINELOGENTRY, client-FE03BA7EFCF8, cid=136
2019-09-11 20:05:19,744 [java.util.concurrent.ThreadPoolExecutor$Worker@3aabbd53[State = -1, empty queue]] WARN  server.GrpcLogAppender (GrpcLogAppender.java:timeoutAppendRequest(200)) - 9bb405f0-f563-4579-83ea-0bbe163a9fbc@group-C7A422292FA5->802f7a56-3ac2-455e-92a2-71244eb20cf7-GrpcLogAppender: appendEntries Timeout, request=9bb405f0-f563-4579-83ea-0bbe163a9fbc->802f7a56-3ac2-455e-92a2-71244eb20cf7#17-t1, previous=(t:1, i:8), leaderCommit=6, initializing? false, entries: size=1, first=(t:1, i:9), STATEMACHINELOGENTRY, client-FE03BA7EFCF8, cid=136
2019-09-11 20:05:19,745 [java.util.concurrent.ThreadPoolExecutor$Worker@3aabbd53[State = -1, empty queue]] WARN  server.GrpcLogAppender (GrpcLogAppender.java:timeoutAppendRequest(200)) - 9bb405f0-f563-4579-83ea-0bbe163a9fbc@group-C7A422292FA5->802f7a56-3ac2-455e-92a2-71244eb20cf7-GrpcLogAppender: appendEntries Timeout, request=9bb405f0-f563-4579-83ea-0bbe163a9fbc->802f7a56-3ac2-455e-92a2-71244eb20cf7#18-t1, previous=(t:1, i:9), leaderCommit=6, initializing? false, entries: size=1, first=(t:1, i:10), STATEMACHINELOGENTRY, client-FE03BA7EFCF8, cid=137
2019-09-11 20:05:19,745 [java.util.concurrent.ThreadPoolExecutor$Worker@39cc96d6[State = -1, empty queue]] WARN  server.GrpcLogAppender (GrpcLogAppender.java:timeoutAppendRequest(200)) - 9bb405f0-f563-4579-83ea-0bbe163a9fbc@group-C7A422292FA5->e0c56373-add1-4904-83f3-08b0a755b8ed-GrpcLogAppender: appendEntries Timeout, request=9bb405f0-f563-4579-83ea-0bbe163a9fbc->e0c56373-add1-4904-83f3-08b0a755b8ed#18-t1, previous=(t:1, i:9), leaderCommit=6, initializing? false, entries: size=1, first=(t:1, i:10), STATEMACHINELOGENTRY, client-FE03BA7EFCF8, cid=137
2019-09-11 20:05:19,746 [java.util.concurrent.ThreadPoolExecutor$Worker@39cc96d6[State = -1, empty queue]] WARN  server.GrpcLogAppender (GrpcLogAppender.java:timeoutAppendRequest(200)) - 9bb405f0-f563-4579-83ea-0bbe163a9fbc@group-C7A422292FA5->e0c56373-add1-4904-83f3-08b0a755b8ed-GrpcLogAppender: appendEntries Timeout, request=9bb405f0-f563-4579-83ea-0bbe163a9fbc->e0c56373-add1-4904-83f3-08b0a755b8ed#19-t1, previous=(t:1, i:10), leaderCommit=6, initializing? false, entries: size=1, first=(t:1, i:11), STATEMACHINELOGENTRY, client-FE03BA7EFCF8, cid=138
2019-09-11 20:05:19,746 [java.util.concurrent.ThreadPoolExecutor$Worker@3aabbd53[State = -1, empty queue]] WARN  server.GrpcLogAppender (GrpcLogAppender.java:timeoutAppendRequest(200)) - 9bb405f0-f563-4579-83ea-0bbe163a9fbc@group-C7A422292FA5->802f7a56-3ac2-455e-92a2-71244eb20cf7-GrpcLogAppender: appendEntries Timeout, request=9bb405f0-f563-4579-83ea-0bbe163a9fbc->802f7a56-3ac2-455e-92a2-71244eb20cf7#19-t1, previous=(t:1, i:10), leaderCommit=6, initializing? false, entries: size=1, first=(t:1, i:11), STATEMACHINELOGENTRY, client-FE03BA7EFCF8, cid=138
2019-09-11 20:05:19,746 [java.util.concurrent.ThreadPoolExecutor$Worker@39cc96d6[State = -1, empty queue]] WARN  server.GrpcLogAppender (GrpcLogAppender.java:timeoutAppendRequest(200)) - 9bb405f0-f563-4579-83ea-0bbe163a9fbc@group-C7A422292FA5->e0c56373-add1-4904-83f3-08b0a755b8ed-GrpcLogAppender: appendEntries Timeout, request=9bb405f0-f563-4579-83ea-0bbe163a9fbc->e0c56373-add1-4904-83f3-08b0a755b8ed#20-t1, previous=(t:1, i:11), leaderCommit=6, initializing? false, entries: size=1, first=(t:1, i:12), STATEMACHINELOGENTRY, client-FE03BA7EFCF8, cid=139
2019-09-11 20:05:19,746 [java.util.concurrent.ThreadPoolExecutor$Worker@3aabbd53[State = -1, empty queue]] WARN  server.GrpcLogAppender (GrpcLogAppender.java:timeoutAppendRequest(200)) - 9bb405f0-f563-4579-83ea-0bbe163a9fbc@group-C7A422292FA5->802f7a56-3ac2-455e-92a2-71244eb20cf7-GrpcLogAppender: appendEntries Timeout, request=9bb405f0-f563-4579-83ea-0bbe163a9fbc->802f7a56-3ac2-455e-92a2-71244eb20cf7#20-t1, previous=(t:1, i:11), leaderCommit=6, initializing? false, entries: size=1, first=(t:1, i:12), STATEMACHINELOGENTRY, client-FE03BA7EFCF8, cid=139
2019-09-11 20:05:19,826 [grpc-default-executor-1] INFO  impl.RaftServerProxy (RaftServerProxy.java:remove(95)) - 802f7a56-3ac2-455e-92a2-71244eb20cf7: remove group-CB0F6128481C:null
2019-09-11 20:05:19,829 [RatisPipelineUtilsThread] WARN  pipeline.RatisPipelineUtils (RatisPipelineUtils.java:destroyPipeline(66)) - Pipeline destroy failed for pipeline=PipelineID=81716df0-3bfb-41b4-bf98-cb0f6128481c dn=802f7a56-3ac2-455e-92a2-71244eb20cf7{ip: 192.168.36.83, host: pr-hdds-2096-jg2tg-1247294052, networkLocation: /default-rack, certSerialId: null}
2019-09-11 20:05:19,832 [grpc-default-executor-1] INFO  impl.RaftServerProxy (RaftServerProxy.java:remove(95)) - e0c56373-add1-4904-83f3-08b0a755b8ed: remove group-CB0F6128481C:null
2019-09-11 20:05:19,834 [RatisPipelineUtilsThread] WARN  pipeline.RatisPipelineUtils (RatisPipelineUtils.java:destroyPipeline(66)) - Pipeline destroy failed for pipeline=PipelineID=81716df0-3bfb-41b4-bf98-cb0f6128481c dn=e0c56373-add1-4904-83f3-08b0a755b8ed{ip: 192.168.36.83, host: pr-hdds-2096-jg2tg-1247294052, networkLocation: /default-rack, certSerialId: null}
2019-09-11 20:05:19,837 [grpc-default-executor-1] INFO  impl.RaftServerProxy (RaftServerProxy.java:remove(95)) - 9bb405f0-f563-4579-83ea-0bbe163a9fbc: remove group-CB0F6128481C:null
2019-09-11 20:05:19,839 [RatisPipelineUtilsThread] WARN  pipeline.RatisPipelineUtils (RatisPipelineUtils.java:destroyPipeline(66)) - Pipeline destroy failed for pipeline=PipelineID=81716df0-3bfb-41b4-bf98-cb0f6128481c dn=9bb405f0-f563-4579-83ea-0bbe163a9fbc{ip: 192.168.36.83, host: pr-hdds-2096-jg2tg-1247294052, networkLocation: /default-rack, certSerialId: null}
2019-09-11 20:05:19,840 [RatisPipelineUtilsThread] ERROR pipeline.SCMPipelineManager (Scheduler.java:lambda$schedule$1(70)) - Destroy pipeline failed for pipeline:Pipeline[ Id: 81716df0-3bfb-41b4-bf98-cb0f6128481c, Nodes: 802f7a56-3ac2-455e-92a2-71244eb20cf7{ip: 192.168.36.83, host: pr-hdds-2096-jg2tg-1247294052, networkLocation: /default-rack, certSerialId: null}e0c56373-add1-4904-83f3-08b0a755b8ed{ip: 192.168.36.83, host: pr-hdds-2096-jg2tg-1247294052, networkLocation: /default-rack, certSerialId: null}9bb405f0-f563-4579-83ea-0bbe163a9fbc{ip: 192.168.36.83, host: pr-hdds-2096-jg2tg-1247294052, networkLocation: /default-rack, certSerialId: null}, Type:RATIS, Factor:THREE, State:CLOSED]
org.apache.hadoop.hdds.scm.pipeline.PipelineNotFoundException: PipelineID=81716df0-3bfb-41b4-bf98-cb0f6128481c not found
	at org.apache.hadoop.hdds.scm.pipeline.PipelineStateMap.getPipeline(PipelineStateMap.java:132)
	at org.apache.hadoop.hdds.scm.pipeline.PipelineStateMap.removePipeline(PipelineStateMap.java:322)
	at org.apache.hadoop.hdds.scm.pipeline.PipelineStateManager.removePipeline(PipelineStateManager.java:107)
	at org.apache.hadoop.hdds.scm.pipeline.SCMPipelineManager.removePipeline(SCMPipelineManager.java:423)
	at org.apache.hadoop.hdds.scm.pipeline.SCMPipelineManager.destroyPipeline(SCMPipelineManager.java:409)
	at org.apache.hadoop.hdds.scm.pipeline.SCMPipelineManager.lambda$finalizeAndDestroyPipeline$0(SCMPipelineManager.java:318)
	at org.apache.hadoop.utils.Scheduler.lambda$schedule$1(Scheduler.java:68)
	at java.util.concurrent.Executors$RunnableAdapter.call(Executors.java:511)
	at java.util.concurrent.FutureTask.run(FutureTask.java:266)
	at java.util.concurrent.ScheduledThreadPoolExecutor$ScheduledFutureTask.access$201(ScheduledThreadPoolExecutor.java:180)
	at java.util.concurrent.ScheduledThreadPoolExecutor$ScheduledFutureTask.run(ScheduledThreadPoolExecutor.java:293)
	at java.util.concurrent.ThreadPoolExecutor.runWorker(ThreadPoolExecutor.java:1149)
	at java.util.concurrent.ThreadPoolExecutor$Worker.run(ThreadPoolExecutor.java:624)
	at java.lang.Thread.run(Thread.java:748)
2019-09-11 20:05:21,773 [grpc-default-executor-1] INFO  client.GrpcClientProtocolClient (GrpcClientProtocolClient.java:onNext(264)) - client-FE03BA7EFCF8->e0c56373-add1-4904-83f3-08b0a755b8ed: receive RaftClientReply:client-FE03BA7EFCF8->e0c56373-add1-4904-83f3-08b0a755b8ed@group-C7A422292FA5, cid=134, FAILED org.apache.ratis.protocol.NotLeaderException: Server e0c56373-add1-4904-83f3-08b0a755b8ed@group-C7A422292FA5 is not the leader 9bb405f0-f563-4579-83ea-0bbe163a9fbc:192.168.36.83:46254, logIndex=0, commits[e0c56373-add1-4904-83f3-08b0a755b8ed:c6, 802f7a56-3ac2-455e-92a2-71244eb20cf7:c4, 9bb405f0-f563-4579-83ea-0bbe163a9fbc:c6]
2019-09-11 20:05:21,823 [grpc-default-executor-1] INFO  impl.RaftServerProxy (RaftServerProxy.java:remove(95)) - 802f7a56-3ac2-455e-92a2-71244eb20cf7: remove group-CB0F6128481C:null
2019-09-11 20:05:21,826 [RatisPipelineUtilsThread] WARN  pipeline.RatisPipelineUtils (RatisPipelineUtils.java:destroyPipeline(66)) - Pipeline destroy failed for pipeline=PipelineID=81716df0-3bfb-41b4-bf98-cb0f6128481c dn=802f7a56-3ac2-455e-92a2-71244eb20cf7{ip: 192.168.36.83, host: pr-hdds-2096-jg2tg-1247294052, networkLocation: /default-rack, certSerialId: null}
2019-09-11 20:05:21,829 [grpc-default-executor-1] INFO  impl.RaftServerProxy (RaftServerProxy.java:remove(95)) - e0c56373-add1-4904-83f3-08b0a755b8ed: remove group-CB0F6128481C:null
2019-09-11 20:05:21,831 [RatisPipelineUtilsThread] WARN  pipeline.RatisPipelineUtils (RatisPipelineUtils.java:destroyPipeline(66)) - Pipeline destroy failed for pipeline=PipelineID=81716df0-3bfb-41b4-bf98-cb0f6128481c dn=e0c56373-add1-4904-83f3-08b0a755b8ed{ip: 192.168.36.83, host: pr-hdds-2096-jg2tg-1247294052, networkLocation: /default-rack, certSerialId: null}
2019-09-11 20:05:21,833 [grpc-default-executor-1] INFO  impl.RaftServerProxy (RaftServerProxy.java:remove(95)) - 9bb405f0-f563-4579-83ea-0bbe163a9fbc: remove group-CB0F6128481C:null
2019-09-11 20:05:21,836 [RatisPipelineUtilsThread] WARN  pipeline.RatisPipelineUtils (RatisPipelineUtils.java:destroyPipeline(66)) - Pipeline destroy failed for pipeline=PipelineID=81716df0-3bfb-41b4-bf98-cb0f6128481c dn=9bb405f0-f563-4579-83ea-0bbe163a9fbc{ip: 192.168.36.83, host: pr-hdds-2096-jg2tg-1247294052, networkLocation: /default-rack, certSerialId: null}
2019-09-11 20:05:21,836 [RatisPipelineUtilsThread] ERROR pipeline.SCMPipelineManager (Scheduler.java:lambda$schedule$1(70)) - Destroy pipeline failed for pipeline:Pipeline[ Id: 81716df0-3bfb-41b4-bf98-cb0f6128481c, Nodes: 802f7a56-3ac2-455e-92a2-71244eb20cf7{ip: 192.168.36.83, host: pr-hdds-2096-jg2tg-1247294052, networkLocation: /default-rack, certSerialId: null}e0c56373-add1-4904-83f3-08b0a755b8ed{ip: 192.168.36.83, host: pr-hdds-2096-jg2tg-1247294052, networkLocation: /default-rack, certSerialId: null}9bb405f0-f563-4579-83ea-0bbe163a9fbc{ip: 192.168.36.83, host: pr-hdds-2096-jg2tg-1247294052, networkLocation: /default-rack, certSerialId: null}, Type:RATIS, Factor:THREE, State:CLOSED]
org.apache.hadoop.hdds.scm.pipeline.PipelineNotFoundException: PipelineID=81716df0-3bfb-41b4-bf98-cb0f6128481c not found
	at org.apache.hadoop.hdds.scm.pipeline.PipelineStateMap.getPipeline(PipelineStateMap.java:132)
	at org.apache.hadoop.hdds.scm.pipeline.PipelineStateMap.removePipeline(PipelineStateMap.java:322)
	at org.apache.hadoop.hdds.scm.pipeline.PipelineStateManager.removePipeline(PipelineStateManager.java:107)
	at org.apache.hadoop.hdds.scm.pipeline.SCMPipelineManager.removePipeline(SCMPipelineManager.java:423)
	at org.apache.hadoop.hdds.scm.pipeline.SCMPipelineManager.destroyPipeline(SCMPipelineManager.java:409)
	at org.apache.hadoop.hdds.scm.pipeline.SCMPipelineManager.lambda$finalizeAndDestroyPipeline$0(SCMPipelineManager.java:318)
	at org.apache.hadoop.utils.Scheduler.lambda$schedule$1(Scheduler.java:68)
	at java.util.concurrent.Executors$RunnableAdapter.call(Executors.java:511)
	at java.util.concurrent.FutureTask.run(FutureTask.java:266)
	at java.util.concurrent.ScheduledThreadPoolExecutor$ScheduledFutureTask.access$201(ScheduledThreadPoolExecutor.java:180)
	at java.util.concurrent.ScheduledThreadPoolExecutor$ScheduledFutureTask.run(ScheduledThreadPoolExecutor.java:293)
	at java.util.concurrent.ThreadPoolExecutor.runWorker(ThreadPoolExecutor.java:1149)
	at java.util.concurrent.ThreadPoolExecutor$Worker.run(ThreadPoolExecutor.java:624)
	at java.lang.Thread.run(Thread.java:748)
2019-09-11 20:05:22,247 [java.util.concurrent.ThreadPoolExecutor$Worker@3aabbd53[State = -1, empty queue]] WARN  server.GrpcLogAppender (GrpcLogAppender.java:timeoutAppendRequest(200)) - 9bb405f0-f563-4579-83ea-0bbe163a9fbc@group-C7A422292FA5->802f7a56-3ac2-455e-92a2-71244eb20cf7-GrpcLogAppender: appendEntries Timeout, request=9bb405f0-f563-4579-83ea-0bbe163a9fbc->802f7a56-3ac2-455e-92a2-71244eb20cf7#21-t1, previous=(t:1, i:12), leaderCommit=6, initializing? false, entries: <empty>
2019-09-11 20:05:22,247 [java.util.concurrent.ThreadPoolExecutor$Worker@39cc96d6[State = -1, empty queue]] WARN  server.GrpcLogAppender (GrpcLogAppender.java:timeoutAppendRequest(200)) - 9bb405f0-f563-4579-83ea-0bbe163a9fbc@group-C7A422292FA5->e0c56373-add1-4904-83f3-08b0a755b8ed-GrpcLogAppender: appendEntries Timeout, request=9bb405f0-f563-4579-83ea-0bbe163a9fbc->e0c56373-add1-4904-83f3-08b0a755b8ed#21-t1, previous=(t:1, i:12), leaderCommit=6, initializing? false, entries: <empty>
2019-09-11 20:05:24,748 [java.util.concurrent.ThreadPoolExecutor$Worker@3aabbd53[State = -1, empty queue]] WARN  server.GrpcLogAppender (GrpcLogAppender.java:timeoutAppendRequest(200)) - 9bb405f0-f563-4579-83ea-0bbe163a9fbc@group-C7A422292FA5->802f7a56-3ac2-455e-92a2-71244eb20cf7-GrpcLogAppender: appendEntries Timeout, request=9bb405f0-f563-4579-83ea-0bbe163a9fbc->802f7a56-3ac2-455e-92a2-71244eb20cf7#22-t1, previous=(t:1, i:12), leaderCommit=6, initializing? false, entries: <empty>
2019-09-11 20:05:24,748 [java.util.concurrent.ThreadPoolExecutor$Worker@39cc96d6[State = -1, empty queue]] WARN  server.GrpcLogAppender (GrpcLogAppender.java:timeoutAppendRequest(200)) - 9bb405f0-f563-4579-83ea-0bbe163a9fbc@group-C7A422292FA5->e0c56373-add1-4904-83f3-08b0a755b8ed-GrpcLogAppender: appendEntries Timeout, request=9bb405f0-f563-4579-83ea-0bbe163a9fbc->e0c56373-add1-4904-83f3-08b0a755b8ed#22-t1, previous=(t:1, i:12), leaderCommit=6, initializing? false, entries: <empty>
2019-09-11 20:05:24,830 [grpc-default-executor-1] INFO  impl.RaftServerProxy (RaftServerProxy.java:remove(95)) - 802f7a56-3ac2-455e-92a2-71244eb20cf7: remove group-CB0F6128481C:null
2019-09-11 20:05:24,836 [RatisPipelineUtilsThread] WARN  pipeline.RatisPipelineUtils (RatisPipelineUtils.java:destroyPipeline(66)) - Pipeline destroy failed for pipeline=PipelineID=81716df0-3bfb-41b4-bf98-cb0f6128481c dn=802f7a56-3ac2-455e-92a2-71244eb20cf7{ip: 192.168.36.83, host: pr-hdds-2096-jg2tg-1247294052, networkLocation: /default-rack, certSerialId: null}
2019-09-11 20:05:24,840 [grpc-default-executor-1] INFO  impl.RaftServerProxy (RaftServerProxy.java:remove(95)) - e0c56373-add1-4904-83f3-08b0a755b8ed: remove group-CB0F6128481C:null
2019-09-11 20:05:24,843 [RatisPipelineUtilsThread] WARN  pipeline.RatisPipelineUtils (RatisPipelineUtils.java:destroyPipeline(66)) - Pipeline destroy failed for pipeline=PipelineID=81716df0-3bfb-41b4-bf98-cb0f6128481c dn=e0c56373-add1-4904-83f3-08b0a755b8ed{ip: 192.168.36.83, host: pr-hdds-2096-jg2tg-1247294052, networkLocation: /default-rack, certSerialId: null}
2019-09-11 20:05:24,846 [grpc-default-executor-1] INFO  impl.RaftServerProxy (RaftServerProxy.java:remove(95)) - 9bb405f0-f563-4579-83ea-0bbe163a9fbc: remove group-CB0F6128481C:null
2019-09-11 20:05:24,849 [RatisPipelineUtilsThread] WARN  pipeline.RatisPipelineUtils (RatisPipelineUtils.java:destroyPipeline(66)) - Pipeline destroy failed for pipeline=PipelineID=81716df0-3bfb-41b4-bf98-cb0f6128481c dn=9bb405f0-f563-4579-83ea-0bbe163a9fbc{ip: 192.168.36.83, host: pr-hdds-2096-jg2tg-1247294052, networkLocation: /default-rack, certSerialId: null}
2019-09-11 20:05:24,849 [RatisPipelineUtilsThread] ERROR pipeline.SCMPipelineManager (Scheduler.java:lambda$schedule$1(70)) - Destroy pipeline failed for pipeline:Pipeline[ Id: 81716df0-3bfb-41b4-bf98-cb0f6128481c, Nodes: 802f7a56-3ac2-455e-92a2-71244eb20cf7{ip: 192.168.36.83, host: pr-hdds-2096-jg2tg-1247294052, networkLocation: /default-rack, certSerialId: null}e0c56373-add1-4904-83f3-08b0a755b8ed{ip: 192.168.36.83, host: pr-hdds-2096-jg2tg-1247294052, networkLocation: /default-rack, certSerialId: null}9bb405f0-f563-4579-83ea-0bbe163a9fbc{ip: 192.168.36.83, host: pr-hdds-2096-jg2tg-1247294052, networkLocation: /default-rack, certSerialId: null}, Type:RATIS, Factor:THREE, State:CLOSED]
org.apache.hadoop.hdds.scm.pipeline.PipelineNotFoundException: PipelineID=81716df0-3bfb-41b4-bf98-cb0f6128481c not found
	at org.apache.hadoop.hdds.scm.pipeline.PipelineStateMap.getPipeline(PipelineStateMap.java:132)
	at org.apache.hadoop.hdds.scm.pipeline.PipelineStateMap.removePipeline(PipelineStateMap.java:322)
	at org.apache.hadoop.hdds.scm.pipeline.PipelineStateManager.removePipeline(PipelineStateManager.java:107)
	at org.apache.hadoop.hdds.scm.pipeline.SCMPipelineManager.removePipeline(SCMPipelineManager.java:423)
	at org.apache.hadoop.hdds.scm.pipeline.SCMPipelineManager.destroyPipeline(SCMPipelineManager.java:409)
	at org.apache.hadoop.hdds.scm.pipeline.SCMPipelineManager.lambda$finalizeAndDestroyPipeline$0(SCMPipelineManager.java:318)
	at org.apache.hadoop.utils.Scheduler.lambda$schedule$1(Scheduler.java:68)
	at java.util.concurrent.Executors$RunnableAdapter.call(Executors.java:511)
	at java.util.concurrent.FutureTask.run(FutureTask.java:266)
	at java.util.concurrent.ScheduledThreadPoolExecutor$ScheduledFutureTask.access$201(ScheduledThreadPoolExecutor.java:180)
	at java.util.concurrent.ScheduledThreadPoolExecutor$ScheduledFutureTask.run(ScheduledThreadPoolExecutor.java:293)
	at java.util.concurrent.ThreadPoolExecutor.runWorker(ThreadPoolExecutor.java:1149)
	at java.util.concurrent.ThreadPoolExecutor$Worker.run(ThreadPoolExecutor.java:624)
	at java.lang.Thread.run(Thread.java:748)
2019-09-11 20:05:26,743 [e0c56373-add1-4904-83f3-08b0a755b8ed@group-C7A422292FA5-SegmentedRaftLogWorker] WARN  segmented.SegmentedRaftLogWorker (SegmentedRaftLogWorker.java:getFromFuture(90)) - Timeout 0/~
org.apache.ratis.protocol.TimeoutIOException: Timeout 10s: WriteLog:7: (t:1, i:7), STATEMACHINELOGENTRY, client-FE03BA7EFCF8, cid=134-writeStateMachineData
	at org.apache.ratis.util.IOUtils.getFromFuture(IOUtils.java:87)
	at org.apache.ratis.server.raftlog.segmented.SegmentedRaftLogWorker$StateMachineDataPolicy.getFromFuture(SegmentedRaftLogWorker.java:87)
	at org.apache.ratis.server.raftlog.segmented.SegmentedRaftLogWorker$WriteLog.execute(SegmentedRaftLogWorker.java:477)
	at org.apache.ratis.server.raftlog.segmented.SegmentedRaftLogWorker.run(SegmentedRaftLogWorker.java:289)
	at java.lang.Thread.run(Thread.java:748)
Caused by: java.util.concurrent.TimeoutException
	at java.util.concurrent.CompletableFuture.timedGet(CompletableFuture.java:1771)
	at java.util.concurrent.CompletableFuture.get(CompletableFuture.java:1915)
	at org.apache.ratis.util.IOUtils.getFromFuture(IOUtils.java:79)
	... 4 more
2019-09-11 20:05:26,824 [grpc-default-executor-1] INFO  client.GrpcClientProtocolClient (GrpcClientProtocolClient.java:onNext(264)) - client-FE03BA7EFCF8->802f7a56-3ac2-455e-92a2-71244eb20cf7: receive RaftClientReply:client-FE03BA7EFCF8->802f7a56-3ac2-455e-92a2-71244eb20cf7@group-C7A422292FA5, cid=134, FAILED org.apache.ratis.protocol.NotLeaderException: Server 802f7a56-3ac2-455e-92a2-71244eb20cf7@group-C7A422292FA5 is not the leader 9bb405f0-f563-4579-83ea-0bbe163a9fbc:192.168.36.83:46254, logIndex=0, commits[802f7a56-3ac2-455e-92a2-71244eb20cf7:c6, 9bb405f0-f563-4579-83ea-0bbe163a9fbc:c6, e0c56373-add1-4904-83f3-08b0a755b8ed:c4]
2019-09-11 20:05:26,834 [grpc-default-executor-8] INFO  impl.RaftServerProxy (RaftServerProxy.java:remove(95)) - 802f7a56-3ac2-455e-92a2-71244eb20cf7: remove group-CB0F6128481C:null
2019-09-11 20:05:26,837 [RatisPipelineUtilsThread] WARN  pipeline.RatisPipelineUtils (RatisPipelineUtils.java:destroyPipeline(66)) - Pipeline destroy failed for pipeline=PipelineID=81716df0-3bfb-41b4-bf98-cb0f6128481c dn=802f7a56-3ac2-455e-92a2-71244eb20cf7{ip: 192.168.36.83, host: pr-hdds-2096-jg2tg-1247294052, networkLocation: /default-rack, certSerialId: null}
2019-09-11 20:05:26,840 [grpc-default-executor-8] INFO  impl.RaftServerProxy (RaftServerProxy.java:remove(95)) - e0c56373-add1-4904-83f3-08b0a755b8ed: remove group-CB0F6128481C:null
2019-09-11 20:05:26,842 [RatisPipelineUtilsThread] WARN  pipeline.RatisPipelineUtils (RatisPipelineUtils.java:destroyPipeline(66)) - Pipeline destroy failed for pipeline=PipelineID=81716df0-3bfb-41b4-bf98-cb0f6128481c dn=e0c56373-add1-4904-83f3-08b0a755b8ed{ip: 192.168.36.83, host: pr-hdds-2096-jg2tg-1247294052, networkLocation: /default-rack, certSerialId: null}
2019-09-11 20:05:26,847 [9bb405f0-f563-4579-83ea-0bbe163a9fbc@group-C7A422292FA5-SegmentedRaftLogWorker] WARN  segmented.SegmentedRaftLogWorker (SegmentedRaftLogWorker.java:getFromFuture(90)) - Timeout 0/~
org.apache.ratis.protocol.TimeoutIOException: Timeout 10s: WriteLog:8: (t:1, i:8), STATEMACHINELOGENTRY, client-FE03BA7EFCF8, cid=135-writeStateMachineData
	at org.apache.ratis.util.IOUtils.getFromFuture(IOUtils.java:87)
	at org.apache.ratis.server.raftlog.segmented.SegmentedRaftLogWorker$StateMachineDataPolicy.getFromFuture(SegmentedRaftLogWorker.java:87)
	at org.apache.ratis.server.raftlog.segmented.SegmentedRaftLogWorker$WriteLog.execute(SegmentedRaftLogWorker.java:477)
	at org.apache.ratis.server.raftlog.segmented.SegmentedRaftLogWorker.run(SegmentedRaftLogWorker.java:289)
	at java.lang.Thread.run(Thread.java:748)
Caused by: java.util.concurrent.TimeoutException
	at java.util.concurrent.CompletableFuture.timedGet(CompletableFuture.java:1771)
	at java.util.concurrent.CompletableFuture.get(CompletableFuture.java:1915)
	at org.apache.ratis.util.IOUtils.getFromFuture(IOUtils.java:79)
	... 4 more
2019-09-11 20:05:26,847 [802f7a56-3ac2-455e-92a2-71244eb20cf7@group-C7A422292FA5-SegmentedRaftLogWorker] WARN  segmented.SegmentedRaftLogWorker (SegmentedRaftLogWorker.java:getFromFuture(90)) - Timeout 0/~
org.apache.ratis.protocol.TimeoutIOException: Timeout 10s: WriteLog:8: (t:1, i:8), STATEMACHINELOGENTRY, client-FE03BA7EFCF8, cid=135-writeStateMachineData
	at org.apache.ratis.util.IOUtils.getFromFuture(IOUtils.java:87)
	at org.apache.ratis.server.raftlog.segmented.SegmentedRaftLogWorker$StateMachineDataPolicy.getFromFuture(SegmentedRaftLogWorker.java:87)
	at org.apache.ratis.server.raftlog.segmented.SegmentedRaftLogWorker$WriteLog.execute(SegmentedRaftLogWorker.java:477)
	at org.apache.ratis.server.raftlog.segmented.SegmentedRaftLogWorker.run(SegmentedRaftLogWorker.java:289)
	at java.lang.Thread.run(Thread.java:748)
Caused by: java.util.concurrent.TimeoutException
	at java.util.concurrent.CompletableFuture.timedGet(CompletableFuture.java:1771)
	at java.util.concurrent.CompletableFuture.get(CompletableFuture.java:1915)
	at org.apache.ratis.util.IOUtils.getFromFuture(IOUtils.java:79)
	... 4 more
2019-09-11 20:05:26,850 [grpc-default-executor-8] INFO  impl.RaftServerProxy (RaftServerProxy.java:remove(95)) - 9bb405f0-f563-4579-83ea-0bbe163a9fbc: remove group-CB0F6128481C:null
2019-09-11 20:05:26,854 [RatisPipelineUtilsThread] WARN  pipeline.RatisPipelineUtils (RatisPipelineUtils.java:destroyPipeline(66)) - Pipeline destroy failed for pipeline=PipelineID=81716df0-3bfb-41b4-bf98-cb0f6128481c dn=9bb405f0-f563-4579-83ea-0bbe163a9fbc{ip: 192.168.36.83, host: pr-hdds-2096-jg2tg-1247294052, networkLocation: /default-rack, certSerialId: null}
2019-09-11 20:05:26,854 [RatisPipelineUtilsThread] ERROR pipeline.SCMPipelineManager (Scheduler.java:lambda$schedule$1(70)) - Destroy pipeline failed for pipeline:Pipeline[ Id: 81716df0-3bfb-41b4-bf98-cb0f6128481c, Nodes: 802f7a56-3ac2-455e-92a2-71244eb20cf7{ip: 192.168.36.83, host: pr-hdds-2096-jg2tg-1247294052, networkLocation: /default-rack, certSerialId: null}e0c56373-add1-4904-83f3-08b0a755b8ed{ip: 192.168.36.83, host: pr-hdds-2096-jg2tg-1247294052, networkLocation: /default-rack, certSerialId: null}9bb405f0-f563-4579-83ea-0bbe163a9fbc{ip: 192.168.36.83, host: pr-hdds-2096-jg2tg-1247294052, networkLocation: /default-rack, certSerialId: null}, Type:RATIS, Factor:THREE, State:CLOSED]
org.apache.hadoop.hdds.scm.pipeline.PipelineNotFoundException: PipelineID=81716df0-3bfb-41b4-bf98-cb0f6128481c not found
	at org.apache.hadoop.hdds.scm.pipeline.PipelineStateMap.getPipeline(PipelineStateMap.java:132)
	at org.apache.hadoop.hdds.scm.pipeline.PipelineStateMap.removePipeline(PipelineStateMap.java:322)
	at org.apache.hadoop.hdds.scm.pipeline.PipelineStateManager.removePipeline(PipelineStateManager.java:107)
	at org.apache.hadoop.hdds.scm.pipeline.SCMPipelineManager.removePipeline(SCMPipelineManager.java:423)
	at org.apache.hadoop.hdds.scm.pipeline.SCMPipelineManager.destroyPipeline(SCMPipelineManager.java:409)
	at org.apache.hadoop.hdds.scm.pipeline.SCMPipelineManager.lambda$finalizeAndDestroyPipeline$0(SCMPipelineManager.java:318)
	at org.apache.hadoop.utils.Scheduler.lambda$schedule$1(Scheduler.java:68)
	at java.util.concurrent.Executors$RunnableAdapter.call(Executors.java:511)
	at java.util.concurrent.FutureTask.run(FutureTask.java:266)
	at java.util.concurrent.ScheduledThreadPoolExecutor$ScheduledFutureTask.access$201(ScheduledThreadPoolExecutor.java:180)
	at java.util.concurrent.ScheduledThreadPoolExecutor$ScheduledFutureTask.run(ScheduledThreadPoolExecutor.java:293)
	at java.util.concurrent.ThreadPoolExecutor.runWorker(ThreadPoolExecutor.java:1149)
	at java.util.concurrent.ThreadPoolExecutor$Worker.run(ThreadPoolExecutor.java:624)
	at java.lang.Thread.run(Thread.java:748)
2019-09-11 20:05:27,248 [java.util.concurrent.ThreadPoolExecutor$Worker@3aabbd53[State = -1, empty queue]] WARN  server.GrpcLogAppender (GrpcLogAppender.java:timeoutAppendRequest(200)) - 9bb405f0-f563-4579-83ea-0bbe163a9fbc@group-C7A422292FA5->802f7a56-3ac2-455e-92a2-71244eb20cf7-GrpcLogAppender: appendEntries Timeout, request=9bb405f0-f563-4579-83ea-0bbe163a9fbc->802f7a56-3ac2-455e-92a2-71244eb20cf7#23-t1, previous=(t:1, i:12), leaderCommit=6, initializing? false, entries: <empty>
2019-09-11 20:05:27,249 [java.util.concurrent.ThreadPoolExecutor$Worker@39cc96d6[State = -1, empty queue]] WARN  server.GrpcLogAppender (GrpcLogAppender.java:timeoutAppendRequest(200)) - 9bb405f0-f563-4579-83ea-0bbe163a9fbc@group-C7A422292FA5->e0c56373-add1-4904-83f3-08b0a755b8ed-GrpcLogAppender: appendEntries Timeout, request=9bb405f0-f563-4579-83ea-0bbe163a9fbc->e0c56373-add1-4904-83f3-08b0a755b8ed#23-t1, previous=(t:1, i:12), leaderCommit=6, initializing? false, entries: <empty>
2019-09-11 20:05:29,750 [java.util.concurrent.ThreadPoolExecutor$Worker@39cc96d6[State = -1, empty queue]] WARN  server.GrpcLogAppender (GrpcLogAppender.java:timeoutAppendRequest(200)) - 9bb405f0-f563-4579-83ea-0bbe163a9fbc@group-C7A422292FA5->e0c56373-add1-4904-83f3-08b0a755b8ed-GrpcLogAppender: appendEntries Timeout, request=9bb405f0-f563-4579-83ea-0bbe163a9fbc->e0c56373-add1-4904-83f3-08b0a755b8ed#24-t1, previous=(t:1, i:12), leaderCommit=6, initializing? false, entries: <empty>
2019-09-11 20:05:29,750 [java.util.concurrent.ThreadPoolExecutor$Worker@3aabbd53[State = -1, empty queue]] WARN  server.GrpcLogAppender (GrpcLogAppender.java:timeoutAppendRequest(200)) - 9bb405f0-f563-4579-83ea-0bbe163a9fbc@group-C7A422292FA5->802f7a56-3ac2-455e-92a2-71244eb20cf7-GrpcLogAppender: appendEntries Timeout, request=9bb405f0-f563-4579-83ea-0bbe163a9fbc->802f7a56-3ac2-455e-92a2-71244eb20cf7#24-t1, previous=(t:1, i:12), leaderCommit=6, initializing? false, entries: <empty>
2019-09-11 20:05:29,831 [grpc-default-executor-1] INFO  impl.RaftServerProxy (RaftServerProxy.java:remove(95)) - 802f7a56-3ac2-455e-92a2-71244eb20cf7: remove group-CB0F6128481C:null
2019-09-11 20:05:29,846 [RatisPipelineUtilsThread] WARN  pipeline.RatisPipelineUtils (RatisPipelineUtils.java:destroyPipeline(66)) - Pipeline destroy failed for pipeline=PipelineID=81716df0-3bfb-41b4-bf98-cb0f6128481c dn=802f7a56-3ac2-455e-92a2-71244eb20cf7{ip: 192.168.36.83, host: pr-hdds-2096-jg2tg-1247294052, networkLocation: /default-rack, certSerialId: null}
2019-09-11 20:05:29,849 [grpc-default-executor-1] INFO  impl.RaftServerProxy (RaftServerProxy.java:remove(95)) - e0c56373-add1-4904-83f3-08b0a755b8ed: remove group-CB0F6128481C:null
2019-09-11 20:05:29,851 [RatisPipelineUtilsThread] WARN  pipeline.RatisPipelineUtils (RatisPipelineUtils.java:destroyPipeline(66)) - Pipeline destroy failed for pipeline=PipelineID=81716df0-3bfb-41b4-bf98-cb0f6128481c dn=e0c56373-add1-4904-83f3-08b0a755b8ed{ip: 192.168.36.83, host: pr-hdds-2096-jg2tg-1247294052, networkLocation: /default-rack, certSerialId: null}
2019-09-11 20:05:29,854 [grpc-default-executor-1] INFO  impl.RaftServerProxy (RaftServerProxy.java:remove(95)) - 9bb405f0-f563-4579-83ea-0bbe163a9fbc: remove group-CB0F6128481C:null
2019-09-11 20:05:29,856 [RatisPipelineUtilsThread] WARN  pipeline.RatisPipelineUtils (RatisPipelineUtils.java:destroyPipeline(66)) - Pipeline destroy failed for pipeline=PipelineID=81716df0-3bfb-41b4-bf98-cb0f6128481c dn=9bb405f0-f563-4579-83ea-0bbe163a9fbc{ip: 192.168.36.83, host: pr-hdds-2096-jg2tg-1247294052, networkLocation: /default-rack, certSerialId: null}
2019-09-11 20:05:29,856 [RatisPipelineUtilsThread] ERROR pipeline.SCMPipelineManager (Scheduler.java:lambda$schedule$1(70)) - Destroy pipeline failed for pipeline:Pipeline[ Id: 81716df0-3bfb-41b4-bf98-cb0f6128481c, Nodes: 802f7a56-3ac2-455e-92a2-71244eb20cf7{ip: 192.168.36.83, host: pr-hdds-2096-jg2tg-1247294052, networkLocation: /default-rack, certSerialId: null}e0c56373-add1-4904-83f3-08b0a755b8ed{ip: 192.168.36.83, host: pr-hdds-2096-jg2tg-1247294052, networkLocation: /default-rack, certSerialId: null}9bb405f0-f563-4579-83ea-0bbe163a9fbc{ip: 192.168.36.83, host: pr-hdds-2096-jg2tg-1247294052, networkLocation: /default-rack, certSerialId: null}, Type:RATIS, Factor:THREE, State:CLOSED]
org.apache.hadoop.hdds.scm.pipeline.PipelineNotFoundException: PipelineID=81716df0-3bfb-41b4-bf98-cb0f6128481c not found
	at org.apache.hadoop.hdds.scm.pipeline.PipelineStateMap.getPipeline(PipelineStateMap.java:132)
	at org.apache.hadoop.hdds.scm.pipeline.PipelineStateMap.removePipeline(PipelineStateMap.java:322)
	at org.apache.hadoop.hdds.scm.pipeline.PipelineStateManager.removePipeline(PipelineStateManager.java:107)
	at org.apache.hadoop.hdds.scm.pipeline.SCMPipelineManager.removePipeline(SCMPipelineManager.java:423)
	at org.apache.hadoop.hdds.scm.pipeline.SCMPipelineManager.destroyPipeline(SCMPipelineManager.java:409)
	at org.apache.hadoop.hdds.scm.pipeline.SCMPipelineManager.lambda$finalizeAndDestroyPipeline$0(SCMPipelineManager.java:318)
	at org.apache.hadoop.utils.Scheduler.lambda$schedule$1(Scheduler.java:68)
	at java.util.concurrent.Executors$RunnableAdapter.call(Executors.java:511)
	at java.util.concurrent.FutureTask.run(FutureTask.java:266)
	at java.util.concurrent.ScheduledThreadPoolExecutor$ScheduledFutureTask.access$201(ScheduledThreadPoolExecutor.java:180)
	at java.util.concurrent.ScheduledThreadPoolExecutor$ScheduledFutureTask.run(ScheduledThreadPoolExecutor.java:293)
	at java.util.concurrent.ThreadPoolExecutor.runWorker(ThreadPoolExecutor.java:1149)
	at java.util.concurrent.ThreadPoolExecutor$Worker.run(ThreadPoolExecutor.java:624)
	at java.lang.Thread.run(Thread.java:748)
2019-09-11 20:05:31,825 [grpc-default-executor-1] INFO  impl.RaftServerProxy (RaftServerProxy.java:remove(95)) - 802f7a56-3ac2-455e-92a2-71244eb20cf7: remove group-CB0F6128481C:null
2019-09-11 20:05:31,828 [RatisPipelineUtilsThread] WARN  pipeline.RatisPipelineUtils (RatisPipelineUtils.java:destroyPipeline(66)) - Pipeline destroy failed for pipeline=PipelineID=81716df0-3bfb-41b4-bf98-cb0f6128481c dn=802f7a56-3ac2-455e-92a2-71244eb20cf7{ip: 192.168.36.83, host: pr-hdds-2096-jg2tg-1247294052, networkLocation: /default-rack, certSerialId: null}
2019-09-11 20:05:31,831 [grpc-default-executor-1] INFO  impl.RaftServerProxy (RaftServerProxy.java:remove(95)) - e0c56373-add1-4904-83f3-08b0a755b8ed: remove group-CB0F6128481C:null
2019-09-11 20:05:31,833 [RatisPipelineUtilsThread] WARN  pipeline.RatisPipelineUtils (RatisPipelineUtils.java:destroyPipeline(66)) - Pipeline destroy failed for pipeline=PipelineID=81716df0-3bfb-41b4-bf98-cb0f6128481c dn=e0c56373-add1-4904-83f3-08b0a755b8ed{ip: 192.168.36.83, host: pr-hdds-2096-jg2tg-1247294052, networkLocation: /default-rack, certSerialId: null}
2019-09-11 20:05:31,836 [grpc-default-executor-1] INFO  impl.RaftServerProxy (RaftServerProxy.java:remove(95)) - 9bb405f0-f563-4579-83ea-0bbe163a9fbc: remove group-CB0F6128481C:null
2019-09-11 20:05:31,838 [RatisPipelineUtilsThread] WARN  pipeline.RatisPipelineUtils (RatisPipelineUtils.java:destroyPipeline(66)) - Pipeline destroy failed for pipeline=PipelineID=81716df0-3bfb-41b4-bf98-cb0f6128481c dn=9bb405f0-f563-4579-83ea-0bbe163a9fbc{ip: 192.168.36.83, host: pr-hdds-2096-jg2tg-1247294052, networkLocation: /default-rack, certSerialId: null}
2019-09-11 20:05:31,838 [RatisPipelineUtilsThread] ERROR pipeline.SCMPipelineManager (Scheduler.java:lambda$schedule$1(70)) - Destroy pipeline failed for pipeline:Pipeline[ Id: 81716df0-3bfb-41b4-bf98-cb0f6128481c, Nodes: 802f7a56-3ac2-455e-92a2-71244eb20cf7{ip: 192.168.36.83, host: pr-hdds-2096-jg2tg-1247294052, networkLocation: /default-rack, certSerialId: null}e0c56373-add1-4904-83f3-08b0a755b8ed{ip: 192.168.36.83, host: pr-hdds-2096-jg2tg-1247294052, networkLocation: /default-rack, certSerialId: null}9bb405f0-f563-4579-83ea-0bbe163a9fbc{ip: 192.168.36.83, host: pr-hdds-2096-jg2tg-1247294052, networkLocation: /default-rack, certSerialId: null}, Type:RATIS, Factor:THREE, State:CLOSED]
org.apache.hadoop.hdds.scm.pipeline.PipelineNotFoundException: PipelineID=81716df0-3bfb-41b4-bf98-cb0f6128481c not found
	at org.apache.hadoop.hdds.scm.pipeline.PipelineStateMap.getPipeline(PipelineStateMap.java:132)
	at org.apache.hadoop.hdds.scm.pipeline.PipelineStateMap.removePipeline(PipelineStateMap.java:322)
	at org.apache.hadoop.hdds.scm.pipeline.PipelineStateManager.removePipeline(PipelineStateManager.java:107)
	at org.apache.hadoop.hdds.scm.pipeline.SCMPipelineManager.removePipeline(SCMPipelineManager.java:423)
	at org.apache.hadoop.hdds.scm.pipeline.SCMPipelineManager.destroyPipeline(SCMPipelineManager.java:409)
	at org.apache.hadoop.hdds.scm.pipeline.SCMPipelineManager.lambda$finalizeAndDestroyPipeline$0(SCMPipelineManager.java:318)
	at org.apache.hadoop.utils.Scheduler.lambda$schedule$1(Scheduler.java:68)
	at java.util.concurrent.Executors$RunnableAdapter.call(Executors.java:511)
	at java.util.concurrent.FutureTask.run(FutureTask.java:266)
	at java.util.concurrent.ScheduledThreadPoolExecutor$ScheduledFutureTask.access$201(ScheduledThreadPoolExecutor.java:180)
	at java.util.concurrent.ScheduledThreadPoolExecutor$ScheduledFutureTask.run(ScheduledThreadPoolExecutor.java:293)
	at java.util.concurrent.ThreadPoolExecutor.runWorker(ThreadPoolExecutor.java:1149)
	at java.util.concurrent.ThreadPoolExecutor$Worker.run(ThreadPoolExecutor.java:624)
	at java.lang.Thread.run(Thread.java:748)
2019-09-11 20:05:31,865 [grpc-default-executor-1] INFO  client.GrpcClientProtocolClient (GrpcClientProtocolClient.java:onNext(264)) - client-FE03BA7EFCF8->802f7a56-3ac2-455e-92a2-71244eb20cf7: receive RaftClientReply:client-FE03BA7EFCF8->802f7a56-3ac2-455e-92a2-71244eb20cf7@group-C7A422292FA5, cid=134, FAILED org.apache.ratis.protocol.NotLeaderException: Server 802f7a56-3ac2-455e-92a2-71244eb20cf7@group-C7A422292FA5 is not the leader 9bb405f0-f563-4579-83ea-0bbe163a9fbc:192.168.36.83:46254, logIndex=0, commits[802f7a56-3ac2-455e-92a2-71244eb20cf7:c6, 9bb405f0-f563-4579-83ea-0bbe163a9fbc:c6, e0c56373-add1-4904-83f3-08b0a755b8ed:c4]
2019-09-11 20:05:32,250 [java.util.concurrent.ThreadPoolExecutor$Worker@39cc96d6[State = -1, empty queue]] WARN  server.GrpcLogAppender (GrpcLogAppender.java:timeoutAppendRequest(200)) - 9bb405f0-f563-4579-83ea-0bbe163a9fbc@group-C7A422292FA5->e0c56373-add1-4904-83f3-08b0a755b8ed-GrpcLogAppender: appendEntries Timeout, request=9bb405f0-f563-4579-83ea-0bbe163a9fbc->e0c56373-add1-4904-83f3-08b0a755b8ed#25-t1, previous=(t:1, i:12), leaderCommit=6, initializing? false, entries: <empty>
2019-09-11 20:05:32,250 [java.util.concurrent.ThreadPoolExecutor$Worker@3aabbd53[State = -1, empty queue]] WARN  server.GrpcLogAppender (GrpcLogAppender.java:timeoutAppendRequest(200)) - 9bb405f0-f563-4579-83ea-0bbe163a9fbc@group-C7A422292FA5->802f7a56-3ac2-455e-92a2-71244eb20cf7-GrpcLogAppender: appendEntries Timeout, request=9bb405f0-f563-4579-83ea-0bbe163a9fbc->802f7a56-3ac2-455e-92a2-71244eb20cf7#25-t1, previous=(t:1, i:12), leaderCommit=6, initializing? false, entries: <empty>
2019-09-11 20:05:34,750 [java.util.concurrent.ThreadPoolExecutor$Worker@3aabbd53[State = -1, empty queue]] WARN  server.GrpcLogAppender (GrpcLogAppender.java:timeoutAppendRequest(200)) - 9bb405f0-f563-4579-83ea-0bbe163a9fbc@group-C7A422292FA5->802f7a56-3ac2-455e-92a2-71244eb20cf7-GrpcLogAppender: appendEntries Timeout, request=9bb405f0-f563-4579-83ea-0bbe163a9fbc->802f7a56-3ac2-455e-92a2-71244eb20cf7#26-t1, previous=(t:1, i:12), leaderCommit=6, initializing? false, entries: <empty>
2019-09-11 20:05:34,750 [java.util.concurrent.ThreadPoolExecutor$Worker@39cc96d6[State = -1, empty queue]] WARN  server.GrpcLogAppender (GrpcLogAppender.java:timeoutAppendRequest(200)) - 9bb405f0-f563-4579-83ea-0bbe163a9fbc@group-C7A422292FA5->e0c56373-add1-4904-83f3-08b0a755b8ed-GrpcLogAppender: appendEntries Timeout, request=9bb405f0-f563-4579-83ea-0bbe163a9fbc->e0c56373-add1-4904-83f3-08b0a755b8ed#26-t1, previous=(t:1, i:12), leaderCommit=6, initializing? false, entries: <empty>
2019-09-11 20:05:34,828 [grpc-default-executor-8] INFO  impl.RaftServerProxy (RaftServerProxy.java:remove(95)) - 802f7a56-3ac2-455e-92a2-71244eb20cf7: remove group-CB0F6128481C:null
2019-09-11 20:05:34,833 [RatisPipelineUtilsThread] WARN  pipeline.RatisPipelineUtils (RatisPipelineUtils.java:destroyPipeline(66)) - Pipeline destroy failed for pipeline=PipelineID=81716df0-3bfb-41b4-bf98-cb0f6128481c dn=802f7a56-3ac2-455e-92a2-71244eb20cf7{ip: 192.168.36.83, host: pr-hdds-2096-jg2tg-1247294052, networkLocation: /default-rack, certSerialId: null}
2019-09-11 20:05:34,836 [grpc-default-executor-8] INFO  impl.RaftServerProxy (RaftServerProxy.java:remove(95)) - e0c56373-add1-4904-83f3-08b0a755b8ed: remove group-CB0F6128481C:null
2019-09-11 20:05:34,838 [RatisPipelineUtilsThread] WARN  pipeline.RatisPipelineUtils (RatisPipelineUtils.java:destroyPipeline(66)) - Pipeline destroy failed for pipeline=PipelineID=81716df0-3bfb-41b4-bf98-cb0f6128481c dn=e0c56373-add1-4904-83f3-08b0a755b8ed{ip: 192.168.36.83, host: pr-hdds-2096-jg2tg-1247294052, networkLocation: /default-rack, certSerialId: null}
2019-09-11 20:05:34,841 [grpc-default-executor-8] INFO  impl.RaftServerProxy (RaftServerProxy.java:remove(95)) - 9bb405f0-f563-4579-83ea-0bbe163a9fbc: remove group-CB0F6128481C:null
2019-09-11 20:05:34,843 [RatisPipelineUtilsThread] WARN  pipeline.RatisPipelineUtils (RatisPipelineUtils.java:destroyPipeline(66)) - Pipeline destroy failed for pipeline=PipelineID=81716df0-3bfb-41b4-bf98-cb0f6128481c dn=9bb405f0-f563-4579-83ea-0bbe163a9fbc{ip: 192.168.36.83, host: pr-hdds-2096-jg2tg-1247294052, networkLocation: /default-rack, certSerialId: null}
2019-09-11 20:05:34,844 [RatisPipelineUtilsThread] ERROR pipeline.SCMPipelineManager (Scheduler.java:lambda$schedule$1(70)) - Destroy pipeline failed for pipeline:Pipeline[ Id: 81716df0-3bfb-41b4-bf98-cb0f6128481c, Nodes: 802f7a56-3ac2-455e-92a2-71244eb20cf7{ip: 192.168.36.83, host: pr-hdds-2096-jg2tg-1247294052, networkLocation: /default-rack, certSerialId: null}e0c56373-add1-4904-83f3-08b0a755b8ed{ip: 192.168.36.83, host: pr-hdds-2096-jg2tg-1247294052, networkLocation: /default-rack, certSerialId: null}9bb405f0-f563-4579-83ea-0bbe163a9fbc{ip: 192.168.36.83, host: pr-hdds-2096-jg2tg-1247294052, networkLocation: /default-rack, certSerialId: null}, Type:RATIS, Factor:THREE, State:CLOSED]
org.apache.hadoop.hdds.scm.pipeline.PipelineNotFoundException: PipelineID=81716df0-3bfb-41b4-bf98-cb0f6128481c not found
	at org.apache.hadoop.hdds.scm.pipeline.PipelineStateMap.getPipeline(PipelineStateMap.java:132)
	at org.apache.hadoop.hdds.scm.pipeline.PipelineStateMap.removePipeline(PipelineStateMap.java:322)
	at org.apache.hadoop.hdds.scm.pipeline.PipelineStateManager.removePipeline(PipelineStateManager.java:107)
	at org.apache.hadoop.hdds.scm.pipeline.SCMPipelineManager.removePipeline(SCMPipelineManager.java:423)
	at org.apache.hadoop.hdds.scm.pipeline.SCMPipelineManager.destroyPipeline(SCMPipelineManager.java:409)
	at org.apache.hadoop.hdds.scm.pipeline.SCMPipelineManager.lambda$finalizeAndDestroyPipeline$0(SCMPipelineManager.java:318)
	at org.apache.hadoop.utils.Scheduler.lambda$schedule$1(Scheduler.java:68)
	at java.util.concurrent.Executors$RunnableAdapter.call(Executors.java:511)
	at java.util.concurrent.FutureTask.run(FutureTask.java:266)
	at java.util.concurrent.ScheduledThreadPoolExecutor$ScheduledFutureTask.access$201(ScheduledThreadPoolExecutor.java:180)
	at java.util.concurrent.ScheduledThreadPoolExecutor$ScheduledFutureTask.run(ScheduledThreadPoolExecutor.java:293)
	at java.util.concurrent.ThreadPoolExecutor.runWorker(ThreadPoolExecutor.java:1149)
	at java.util.concurrent.ThreadPoolExecutor$Worker.run(ThreadPoolExecutor.java:624)
	at java.lang.Thread.run(Thread.java:748)
2019-09-11 20:05:36,745 [e0c56373-add1-4904-83f3-08b0a755b8ed@group-C7A422292FA5-SegmentedRaftLogWorker] WARN  segmented.SegmentedRaftLogWorker (SegmentedRaftLogWorker.java:getFromFuture(90)) - Timeout 1/~
org.apache.ratis.protocol.TimeoutIOException: Timeout 10s: WriteLog:7: (t:1, i:7), STATEMACHINELOGENTRY, client-FE03BA7EFCF8, cid=134-writeStateMachineData
	at org.apache.ratis.util.IOUtils.getFromFuture(IOUtils.java:87)
	at org.apache.ratis.server.raftlog.segmented.SegmentedRaftLogWorker$StateMachineDataPolicy.getFromFuture(SegmentedRaftLogWorker.java:87)
	at org.apache.ratis.server.raftlog.segmented.SegmentedRaftLogWorker$WriteLog.execute(SegmentedRaftLogWorker.java:477)
	at org.apache.ratis.server.raftlog.segmented.SegmentedRaftLogWorker.run(SegmentedRaftLogWorker.java:289)
	at java.lang.Thread.run(Thread.java:748)
Caused by: java.util.concurrent.TimeoutException
	at java.util.concurrent.CompletableFuture.timedGet(CompletableFuture.java:1771)
	at java.util.concurrent.CompletableFuture.get(CompletableFuture.java:1915)
	at org.apache.ratis.util.IOUtils.getFromFuture(IOUtils.java:79)
	... 4 more
2019-09-11 20:05:36,828 [grpc-default-executor-8] INFO  impl.RaftServerProxy (RaftServerProxy.java:remove(95)) - 802f7a56-3ac2-455e-92a2-71244eb20cf7: remove group-CB0F6128481C:null
2019-09-11 20:05:36,830 [RatisPipelineUtilsThread] WARN  pipeline.RatisPipelineUtils (RatisPipelineUtils.java:destroyPipeline(66)) - Pipeline destroy failed for pipeline=PipelineID=81716df0-3bfb-41b4-bf98-cb0f6128481c dn=802f7a56-3ac2-455e-92a2-71244eb20cf7{ip: 192.168.36.83, host: pr-hdds-2096-jg2tg-1247294052, networkLocation: /default-rack, certSerialId: null}
2019-09-11 20:05:36,834 [grpc-default-executor-8] INFO  impl.RaftServerProxy (RaftServerProxy.java:remove(95)) - e0c56373-add1-4904-83f3-08b0a755b8ed: remove group-CB0F6128481C:null
2019-09-11 20:05:36,836 [RatisPipelineUtilsThread] WARN  pipeline.RatisPipelineUtils (RatisPipelineUtils.java:destroyPipeline(66)) - Pipeline destroy failed for pipeline=PipelineID=81716df0-3bfb-41b4-bf98-cb0f6128481c dn=e0c56373-add1-4904-83f3-08b0a755b8ed{ip: 192.168.36.83, host: pr-hdds-2096-jg2tg-1247294052, networkLocation: /default-rack, certSerialId: null}
2019-09-11 20:05:36,839 [grpc-default-executor-8] INFO  impl.RaftServerProxy (RaftServerProxy.java:remove(95)) - 9bb405f0-f563-4579-83ea-0bbe163a9fbc: remove group-CB0F6128481C:null
2019-09-11 20:05:36,841 [RatisPipelineUtilsThread] WARN  pipeline.RatisPipelineUtils (RatisPipelineUtils.java:destroyPipeline(66)) - Pipeline destroy failed for pipeline=PipelineID=81716df0-3bfb-41b4-bf98-cb0f6128481c dn=9bb405f0-f563-4579-83ea-0bbe163a9fbc{ip: 192.168.36.83, host: pr-hdds-2096-jg2tg-1247294052, networkLocation: /default-rack, certSerialId: null}
2019-09-11 20:05:36,842 [RatisPipelineUtilsThread] ERROR pipeline.SCMPipelineManager (Scheduler.java:lambda$schedule$1(70)) - Destroy pipeline failed for pipeline:Pipeline[ Id: 81716df0-3bfb-41b4-bf98-cb0f6128481c, Nodes: 802f7a56-3ac2-455e-92a2-71244eb20cf7{ip: 192.168.36.83, host: pr-hdds-2096-jg2tg-1247294052, networkLocation: /default-rack, certSerialId: null}e0c56373-add1-4904-83f3-08b0a755b8ed{ip: 192.168.36.83, host: pr-hdds-2096-jg2tg-1247294052, networkLocation: /default-rack, certSerialId: null}9bb405f0-f563-4579-83ea-0bbe163a9fbc{ip: 192.168.36.83, host: pr-hdds-2096-jg2tg-1247294052, networkLocation: /default-rack, certSerialId: null}, Type:RATIS, Factor:THREE, State:CLOSED]
org.apache.hadoop.hdds.scm.pipeline.PipelineNotFoundException: PipelineID=81716df0-3bfb-41b4-bf98-cb0f6128481c not found
	at org.apache.hadoop.hdds.scm.pipeline.PipelineStateMap.getPipeline(PipelineStateMap.java:132)
	at org.apache.hadoop.hdds.scm.pipeline.PipelineStateMap.removePipeline(PipelineStateMap.java:322)
	at org.apache.hadoop.hdds.scm.pipeline.PipelineStateManager.removePipeline(PipelineStateManager.java:107)
	at org.apache.hadoop.hdds.scm.pipeline.SCMPipelineManager.removePipeline(SCMPipelineManager.java:423)
	at org.apache.hadoop.hdds.scm.pipeline.SCMPipelineManager.destroyPipeline(SCMPipelineManager.java:409)
	at org.apache.hadoop.hdds.scm.pipeline.SCMPipelineManager.lambda$finalizeAndDestroyPipeline$0(SCMPipelineManager.java:318)
	at org.apache.hadoop.utils.Scheduler.lambda$schedule$1(Scheduler.java:68)
	at java.util.concurrent.Executors$RunnableAdapter.call(Executors.java:511)
	at java.util.concurrent.FutureTask.run(FutureTask.java:266)
	at java.util.concurrent.ScheduledThreadPoolExecutor$ScheduledFutureTask.access$201(ScheduledThreadPoolExecutor.java:180)
	at java.util.concurrent.ScheduledThreadPoolExecutor$ScheduledFutureTask.run(ScheduledThreadPoolExecutor.java:293)
	at java.util.concurrent.ThreadPoolExecutor.runWorker(ThreadPoolExecutor.java:1149)
	at java.util.concurrent.ThreadPoolExecutor$Worker.run(ThreadPoolExecutor.java:624)
	at java.lang.Thread.run(Thread.java:748)
2019-09-11 20:05:36,849 [9bb405f0-f563-4579-83ea-0bbe163a9fbc@group-C7A422292FA5-SegmentedRaftLogWorker] WARN  segmented.SegmentedRaftLogWorker (SegmentedRaftLogWorker.java:getFromFuture(90)) - Timeout 1/~
org.apache.ratis.protocol.TimeoutIOException: Timeout 10s: WriteLog:8: (t:1, i:8), STATEMACHINELOGENTRY, client-FE03BA7EFCF8, cid=135-writeStateMachineData
	at org.apache.ratis.util.IOUtils.getFromFuture(IOUtils.java:87)
	at org.apache.ratis.server.raftlog.segmented.SegmentedRaftLogWorker$StateMachineDataPolicy.getFromFuture(SegmentedRaftLogWorker.java:87)
	at org.apache.ratis.server.raftlog.segmented.SegmentedRaftLogWorker$WriteLog.execute(SegmentedRaftLogWorker.java:477)
	at org.apache.ratis.server.raftlog.segmented.SegmentedRaftLogWorker.run(SegmentedRaftLogWorker.java:289)
	at java.lang.Thread.run(Thread.java:748)
Caused by: java.util.concurrent.TimeoutException
	at java.util.concurrent.CompletableFuture.timedGet(CompletableFuture.java:1771)
	at java.util.concurrent.CompletableFuture.get(CompletableFuture.java:1915)
	at org.apache.ratis.util.IOUtils.getFromFuture(IOUtils.java:79)
	... 4 more
2019-09-11 20:05:36,849 [802f7a56-3ac2-455e-92a2-71244eb20cf7@group-C7A422292FA5-SegmentedRaftLogWorker] WARN  segmented.SegmentedRaftLogWorker (SegmentedRaftLogWorker.java:getFromFuture(90)) - Timeout 1/~
org.apache.ratis.protocol.TimeoutIOException: Timeout 10s: WriteLog:8: (t:1, i:8), STATEMACHINELOGENTRY, client-FE03BA7EFCF8, cid=135-writeStateMachineData
	at org.apache.ratis.util.IOUtils.getFromFuture(IOUtils.java:87)
	at org.apache.ratis.server.raftlog.segmented.SegmentedRaftLogWorker$StateMachineDataPolicy.getFromFuture(SegmentedRaftLogWorker.java:87)
	at org.apache.ratis.server.raftlog.segmented.SegmentedRaftLogWorker$WriteLog.execute(SegmentedRaftLogWorker.java:477)
	at org.apache.ratis.server.raftlog.segmented.SegmentedRaftLogWorker.run(SegmentedRaftLogWorker.java:289)
	at java.lang.Thread.run(Thread.java:748)
Caused by: java.util.concurrent.TimeoutException
	at java.util.concurrent.CompletableFuture.timedGet(CompletableFuture.java:1771)
	at java.util.concurrent.CompletableFuture.get(CompletableFuture.java:1915)
	at org.apache.ratis.util.IOUtils.getFromFuture(IOUtils.java:79)
	... 4 more
2019-09-11 20:05:36,906 [grpc-default-executor-8] INFO  client.GrpcClientProtocolClient (GrpcClientProtocolClient.java:onNext(264)) - client-FE03BA7EFCF8->e0c56373-add1-4904-83f3-08b0a755b8ed: receive RaftClientReply:client-FE03BA7EFCF8->e0c56373-add1-4904-83f3-08b0a755b8ed@group-C7A422292FA5, cid=134, FAILED org.apache.ratis.protocol.NotLeaderException: Server e0c56373-add1-4904-83f3-08b0a755b8ed@group-C7A422292FA5 is not the leader 9bb405f0-f563-4579-83ea-0bbe163a9fbc:192.168.36.83:46254, logIndex=0, commits[e0c56373-add1-4904-83f3-08b0a755b8ed:c6, 802f7a56-3ac2-455e-92a2-71244eb20cf7:c4, 9bb405f0-f563-4579-83ea-0bbe163a9fbc:c6]
2019-09-11 20:05:37,250 [java.util.concurrent.ThreadPoolExecutor$Worker@3aabbd53[State = -1, empty queue]] WARN  server.GrpcLogAppender (GrpcLogAppender.java:timeoutAppendRequest(200)) - 9bb405f0-f563-4579-83ea-0bbe163a9fbc@group-C7A422292FA5->802f7a56-3ac2-455e-92a2-71244eb20cf7-GrpcLogAppender: appendEntries Timeout, request=9bb405f0-f563-4579-83ea-0bbe163a9fbc->802f7a56-3ac2-455e-92a2-71244eb20cf7#27-t1, previous=(t:1, i:12), leaderCommit=6, initializing? false, entries: <empty>
2019-09-11 20:05:37,250 [java.util.concurrent.ThreadPoolExecutor$Worker@39cc96d6[State = -1, empty queue]] WARN  server.GrpcLogAppender (GrpcLogAppender.java:timeoutAppendRequest(200)) - 9bb405f0-f563-4579-83ea-0bbe163a9fbc@group-C7A422292FA5->e0c56373-add1-4904-83f3-08b0a755b8ed-GrpcLogAppender: appendEntries Timeout, request=9bb405f0-f563-4579-83ea-0bbe163a9fbc->e0c56373-add1-4904-83f3-08b0a755b8ed#27-t1, previous=(t:1, i:12), leaderCommit=6, initializing? false, entries: <empty>
2019-09-11 20:05:39,751 [java.util.concurrent.ThreadPoolExecutor$Worker@39cc96d6[State = -1, empty queue]] WARN  server.GrpcLogAppender (GrpcLogAppender.java:timeoutAppendRequest(200)) - 9bb405f0-f563-4579-83ea-0bbe163a9fbc@group-C7A422292FA5->e0c56373-add1-4904-83f3-08b0a755b8ed-GrpcLogAppender: appendEntries Timeout, request=9bb405f0-f563-4579-83ea-0bbe163a9fbc->e0c56373-add1-4904-83f3-08b0a755b8ed#28-t1, previous=(t:1, i:12), leaderCommit=6, initializing? false, entries: <empty>
2019-09-11 20:05:39,751 [java.util.concurrent.ThreadPoolExecutor$Worker@3aabbd53[State = -1, empty queue]] WARN  server.GrpcLogAppender (GrpcLogAppender.java:timeoutAppendRequest(200)) - 9bb405f0-f563-4579-83ea-0bbe163a9fbc@group-C7A422292FA5->802f7a56-3ac2-455e-92a2-71244eb20cf7-GrpcLogAppender: appendEntries Timeout, request=9bb405f0-f563-4579-83ea-0bbe163a9fbc->802f7a56-3ac2-455e-92a2-71244eb20cf7#28-t1, previous=(t:1, i:12), leaderCommit=6, initializing? false, entries: <empty>
2019-09-11 20:05:39,829 [grpc-default-executor-1] INFO  impl.RaftServerProxy (RaftServerProxy.java:remove(95)) - 802f7a56-3ac2-455e-92a2-71244eb20cf7: remove group-CB0F6128481C:null
2019-09-11 20:05:39,833 [RatisPipelineUtilsThread] WARN  pipeline.RatisPipelineUtils (RatisPipelineUtils.java:destroyPipeline(66)) - Pipeline destroy failed for pipeline=PipelineID=81716df0-3bfb-41b4-bf98-cb0f6128481c dn=802f7a56-3ac2-455e-92a2-71244eb20cf7{ip: 192.168.36.83, host: pr-hdds-2096-jg2tg-1247294052, networkLocation: /default-rack, certSerialId: null}
2019-09-11 20:05:39,836 [grpc-default-executor-1] INFO  impl.RaftServerProxy (RaftServerProxy.java:remove(95)) - e0c56373-add1-4904-83f3-08b0a755b8ed: remove group-CB0F6128481C:null
2019-09-11 20:05:39,838 [RatisPipelineUtilsThread] WARN  pipeline.RatisPipelineUtils (RatisPipelineUtils.java:destroyPipeline(66)) - Pipeline destroy failed for pipeline=PipelineID=81716df0-3bfb-41b4-bf98-cb0f6128481c dn=e0c56373-add1-4904-83f3-08b0a755b8ed{ip: 192.168.36.83, host: pr-hdds-2096-jg2tg-1247294052, networkLocation: /default-rack, certSerialId: null}
2019-09-11 20:05:39,841 [grpc-default-executor-1] INFO  impl.RaftServerProxy (RaftServerProxy.java:remove(95)) - 9bb405f0-f563-4579-83ea-0bbe163a9fbc: remove group-CB0F6128481C:null
2019-09-11 20:05:39,843 [RatisPipelineUtilsThread] WARN  pipeline.RatisPipelineUtils (RatisPipelineUtils.java:destroyPipeline(66)) - Pipeline destroy failed for pipeline=PipelineID=81716df0-3bfb-41b4-bf98-cb0f6128481c dn=9bb405f0-f563-4579-83ea-0bbe163a9fbc{ip: 192.168.36.83, host: pr-hdds-2096-jg2tg-1247294052, networkLocation: /default-rack, certSerialId: null}
2019-09-11 20:05:39,843 [RatisPipelineUtilsThread] ERROR pipeline.SCMPipelineManager (Scheduler.java:lambda$schedule$1(70)) - Destroy pipeline failed for pipeline:Pipeline[ Id: 81716df0-3bfb-41b4-bf98-cb0f6128481c, Nodes: 802f7a56-3ac2-455e-92a2-71244eb20cf7{ip: 192.168.36.83, host: pr-hdds-2096-jg2tg-1247294052, networkLocation: /default-rack, certSerialId: null}e0c56373-add1-4904-83f3-08b0a755b8ed{ip: 192.168.36.83, host: pr-hdds-2096-jg2tg-1247294052, networkLocation: /default-rack, certSerialId: null}9bb405f0-f563-4579-83ea-0bbe163a9fbc{ip: 192.168.36.83, host: pr-hdds-2096-jg2tg-1247294052, networkLocation: /default-rack, certSerialId: null}, Type:RATIS, Factor:THREE, State:CLOSED]
org.apache.hadoop.hdds.scm.pipeline.PipelineNotFoundException: PipelineID=81716df0-3bfb-41b4-bf98-cb0f6128481c not found
	at org.apache.hadoop.hdds.scm.pipeline.PipelineStateMap.getPipeline(PipelineStateMap.java:132)
	at org.apache.hadoop.hdds.scm.pipeline.PipelineStateMap.removePipeline(PipelineStateMap.java:322)
	at org.apache.hadoop.hdds.scm.pipeline.PipelineStateManager.removePipeline(PipelineStateManager.java:107)
	at org.apache.hadoop.hdds.scm.pipeline.SCMPipelineManager.removePipeline(SCMPipelineManager.java:423)
	at org.apache.hadoop.hdds.scm.pipeline.SCMPipelineManager.destroyPipeline(SCMPipelineManager.java:409)
	at org.apache.hadoop.hdds.scm.pipeline.SCMPipelineManager.lambda$finalizeAndDestroyPipeline$0(SCMPipelineManager.java:318)
	at org.apache.hadoop.utils.Scheduler.lambda$schedule$1(Scheduler.java:68)
	at java.util.concurrent.Executors$RunnableAdapter.call(Executors.java:511)
	at java.util.concurrent.FutureTask.run(FutureTask.java:266)
	at java.util.concurrent.ScheduledThreadPoolExecutor$ScheduledFutureTask.access$201(ScheduledThreadPoolExecutor.java:180)
	at java.util.concurrent.ScheduledThreadPoolExecutor$ScheduledFutureTask.run(ScheduledThreadPoolExecutor.java:293)
	at java.util.concurrent.ThreadPoolExecutor.runWorker(ThreadPoolExecutor.java:1149)
	at java.util.concurrent.ThreadPoolExecutor$Worker.run(ThreadPoolExecutor.java:624)
	at java.lang.Thread.run(Thread.java:748)
2019-09-11 20:05:41,829 [grpc-default-executor-1] INFO  impl.RaftServerProxy (RaftServerProxy.java:remove(95)) - 802f7a56-3ac2-455e-92a2-71244eb20cf7: remove group-CB0F6128481C:null
2019-09-11 20:05:41,832 [RatisPipelineUtilsThread] WARN  pipeline.RatisPipelineUtils (RatisPipelineUtils.java:destroyPipeline(66)) - Pipeline destroy failed for pipeline=PipelineID=81716df0-3bfb-41b4-bf98-cb0f6128481c dn=802f7a56-3ac2-455e-92a2-71244eb20cf7{ip: 192.168.36.83, host: pr-hdds-2096-jg2tg-1247294052, networkLocation: /default-rack, certSerialId: null}
2019-09-11 20:05:41,836 [grpc-default-executor-1] INFO  impl.RaftServerProxy (RaftServerProxy.java:remove(95)) - e0c56373-add1-4904-83f3-08b0a755b8ed: remove group-CB0F6128481C:null
2019-09-11 20:05:41,838 [RatisPipelineUtilsThread] WARN  pipeline.RatisPipelineUtils (RatisPipelineUtils.java:destroyPipeline(66)) - Pipeline destroy failed for pipeline=PipelineID=81716df0-3bfb-41b4-bf98-cb0f6128481c dn=e0c56373-add1-4904-83f3-08b0a755b8ed{ip: 192.168.36.83, host: pr-hdds-2096-jg2tg-1247294052, networkLocation: /default-rack, certSerialId: null}
2019-09-11 20:05:41,840 [grpc-default-executor-1] INFO  impl.RaftServerProxy (RaftServerProxy.java:remove(95)) - 9bb405f0-f563-4579-83ea-0bbe163a9fbc: remove group-CB0F6128481C:null
2019-09-11 20:05:41,843 [RatisPipelineUtilsThread] WARN  pipeline.RatisPipelineUtils (RatisPipelineUtils.java:destroyPipeline(66)) - Pipeline destroy failed for pipeline=PipelineID=81716df0-3bfb-41b4-bf98-cb0f6128481c dn=9bb405f0-f563-4579-83ea-0bbe163a9fbc{ip: 192.168.36.83, host: pr-hdds-2096-jg2tg-1247294052, networkLocation: /default-rack, certSerialId: null}
2019-09-11 20:05:41,843 [RatisPipelineUtilsThread] ERROR pipeline.SCMPipelineManager (Scheduler.java:lambda$schedule$1(70)) - Destroy pipeline failed for pipeline:Pipeline[ Id: 81716df0-3bfb-41b4-bf98-cb0f6128481c, Nodes: 802f7a56-3ac2-455e-92a2-71244eb20cf7{ip: 192.168.36.83, host: pr-hdds-2096-jg2tg-1247294052, networkLocation: /default-rack, certSerialId: null}e0c56373-add1-4904-83f3-08b0a755b8ed{ip: 192.168.36.83, host: pr-hdds-2096-jg2tg-1247294052, networkLocation: /default-rack, certSerialId: null}9bb405f0-f563-4579-83ea-0bbe163a9fbc{ip: 192.168.36.83, host: pr-hdds-2096-jg2tg-1247294052, networkLocation: /default-rack, certSerialId: null}, Type:RATIS, Factor:THREE, State:CLOSED]
org.apache.hadoop.hdds.scm.pipeline.PipelineNotFoundException: PipelineID=81716df0-3bfb-41b4-bf98-cb0f6128481c not found
	at org.apache.hadoop.hdds.scm.pipeline.PipelineStateMap.getPipeline(PipelineStateMap.java:132)
	at org.apache.hadoop.hdds.scm.pipeline.PipelineStateMap.removePipeline(PipelineStateMap.java:322)
	at org.apache.hadoop.hdds.scm.pipeline.PipelineStateManager.removePipeline(PipelineStateManager.java:107)
	at org.apache.hadoop.hdds.scm.pipeline.SCMPipelineManager.removePipeline(SCMPipelineManager.java:423)
	at org.apache.hadoop.hdds.scm.pipeline.SCMPipelineManager.destroyPipeline(SCMPipelineManager.java:409)
	at org.apache.hadoop.hdds.scm.pipeline.SCMPipelineManager.lambda$finalizeAndDestroyPipeline$0(SCMPipelineManager.java:318)
	at org.apache.hadoop.utils.Scheduler.lambda$schedule$1(Scheduler.java:68)
	at java.util.concurrent.Executors$RunnableAdapter.call(Executors.java:511)
	at java.util.concurrent.FutureTask.run(FutureTask.java:266)
	at java.util.concurrent.ScheduledThreadPoolExecutor$ScheduledFutureTask.access$201(ScheduledThreadPoolExecutor.java:180)
	at java.util.concurrent.ScheduledThreadPoolExecutor$ScheduledFutureTask.run(ScheduledThreadPoolExecutor.java:293)
	at java.util.concurrent.ThreadPoolExecutor.runWorker(ThreadPoolExecutor.java:1149)
	at java.util.concurrent.ThreadPoolExecutor$Worker.run(ThreadPoolExecutor.java:624)
	at java.lang.Thread.run(Thread.java:748)
2019-09-11 20:05:41,953 [grpc-default-executor-1] INFO  client.GrpcClientProtocolClient (GrpcClientProtocolClient.java:onNext(264)) - client-FE03BA7EFCF8->e0c56373-add1-4904-83f3-08b0a755b8ed: receive RaftClientReply:client-FE03BA7EFCF8->e0c56373-add1-4904-83f3-08b0a755b8ed@group-C7A422292FA5, cid=134, FAILED org.apache.ratis.protocol.NotLeaderException: Server e0c56373-add1-4904-83f3-08b0a755b8ed@group-C7A422292FA5 is not the leader 9bb405f0-f563-4579-83ea-0bbe163a9fbc:192.168.36.83:46254, logIndex=0, commits[e0c56373-add1-4904-83f3-08b0a755b8ed:c6, 802f7a56-3ac2-455e-92a2-71244eb20cf7:c4, 9bb405f0-f563-4579-83ea-0bbe163a9fbc:c6]
2019-09-11 20:05:42,251 [java.util.concurrent.ThreadPoolExecutor$Worker@3aabbd53[State = -1, empty queue]] WARN  server.GrpcLogAppender (GrpcLogAppender.java:timeoutAppendRequest(200)) - 9bb405f0-f563-4579-83ea-0bbe163a9fbc@group-C7A422292FA5->802f7a56-3ac2-455e-92a2-71244eb20cf7-GrpcLogAppender: appendEntries Timeout, request=9bb405f0-f563-4579-83ea-0bbe163a9fbc->802f7a56-3ac2-455e-92a2-71244eb20cf7#29-t1, previous=(t:1, i:12), leaderCommit=6, initializing? false, entries: <empty>
2019-09-11 20:05:42,251 [java.util.concurrent.ThreadPoolExecutor$Worker@39cc96d6[State = -1, empty queue]] WARN  server.GrpcLogAppender (GrpcLogAppender.java:timeoutAppendRequest(200)) - 9bb405f0-f563-4579-83ea-0bbe163a9fbc@group-C7A422292FA5->e0c56373-add1-4904-83f3-08b0a755b8ed-GrpcLogAppender: appendEntries Timeout, request=9bb405f0-f563-4579-83ea-0bbe163a9fbc->e0c56373-add1-4904-83f3-08b0a755b8ed#29-t1, previous=(t:1, i:12), leaderCommit=6, initializing? false, entries: <empty>
2019-09-11 20:05:44,752 [java.util.concurrent.ThreadPoolExecutor$Worker@39cc96d6[State = -1, empty queue]] WARN  server.GrpcLogAppender (GrpcLogAppender.java:timeoutAppendRequest(200)) - 9bb405f0-f563-4579-83ea-0bbe163a9fbc@group-C7A422292FA5->e0c56373-add1-4904-83f3-08b0a755b8ed-GrpcLogAppender: appendEntries Timeout, request=9bb405f0-f563-4579-83ea-0bbe163a9fbc->e0c56373-add1-4904-83f3-08b0a755b8ed#30-t1, previous=(t:1, i:12), leaderCommit=6, initializing? false, entries: <empty>
2019-09-11 20:05:44,752 [java.util.concurrent.ThreadPoolExecutor$Worker@3aabbd53[State = -1, empty queue]] WARN  server.GrpcLogAppender (GrpcLogAppender.java:timeoutAppendRequest(200)) - 9bb405f0-f563-4579-83ea-0bbe163a9fbc@group-C7A422292FA5->802f7a56-3ac2-455e-92a2-71244eb20cf7-GrpcLogAppender: appendEntries Timeout, request=9bb405f0-f563-4579-83ea-0bbe163a9fbc->802f7a56-3ac2-455e-92a2-71244eb20cf7#30-t1, previous=(t:1, i:12), leaderCommit=6, initializing? false, entries: <empty>
2019-09-11 20:05:44,834 [grpc-default-executor-1] INFO  impl.RaftServerProxy (RaftServerProxy.java:remove(95)) - 802f7a56-3ac2-455e-92a2-71244eb20cf7: remove group-CB0F6128481C:null
2019-09-11 20:05:44,838 [RatisPipelineUtilsThread] WARN  pipeline.RatisPipelineUtils (RatisPipelineUtils.java:destroyPipeline(66)) - Pipeline destroy failed for pipeline=PipelineID=81716df0-3bfb-41b4-bf98-cb0f6128481c dn=802f7a56-3ac2-455e-92a2-71244eb20cf7{ip: 192.168.36.83, host: pr-hdds-2096-jg2tg-1247294052, networkLocation: /default-rack, certSerialId: null}
2019-09-11 20:05:44,842 [grpc-default-executor-1] INFO  impl.RaftServerProxy (RaftServerProxy.java:remove(95)) - e0c56373-add1-4904-83f3-08b0a755b8ed: remove group-CB0F6128481C:null
2019-09-11 20:05:44,844 [RatisPipelineUtilsThread] WARN  pipeline.RatisPipelineUtils (RatisPipelineUtils.java:destroyPipeline(66)) - Pipeline destroy failed for pipeline=PipelineID=81716df0-3bfb-41b4-bf98-cb0f6128481c dn=e0c56373-add1-4904-83f3-08b0a755b8ed{ip: 192.168.36.83, host: pr-hdds-2096-jg2tg-1247294052, networkLocation: /default-rack, certSerialId: null}
2019-09-11 20:05:44,846 [grpc-default-executor-1] INFO  impl.RaftServerProxy (RaftServerProxy.java:remove(95)) - 9bb405f0-f563-4579-83ea-0bbe163a9fbc: remove group-CB0F6128481C:null
2019-09-11 20:05:44,848 [RatisPipelineUtilsThread] WARN  pipeline.RatisPipelineUtils (RatisPipelineUtils.java:destroyPipeline(66)) - Pipeline destroy failed for pipeline=PipelineID=81716df0-3bfb-41b4-bf98-cb0f6128481c dn=9bb405f0-f563-4579-83ea-0bbe163a9fbc{ip: 192.168.36.83, host: pr-hdds-2096-jg2tg-1247294052, networkLocation: /default-rack, certSerialId: null}
2019-09-11 20:05:44,848 [RatisPipelineUtilsThread] ERROR pipeline.SCMPipelineManager (Scheduler.java:lambda$schedule$1(70)) - Destroy pipeline failed for pipeline:Pipeline[ Id: 81716df0-3bfb-41b4-bf98-cb0f6128481c, Nodes: 802f7a56-3ac2-455e-92a2-71244eb20cf7{ip: 192.168.36.83, host: pr-hdds-2096-jg2tg-1247294052, networkLocation: /default-rack, certSerialId: null}e0c56373-add1-4904-83f3-08b0a755b8ed{ip: 192.168.36.83, host: pr-hdds-2096-jg2tg-1247294052, networkLocation: /default-rack, certSerialId: null}9bb405f0-f563-4579-83ea-0bbe163a9fbc{ip: 192.168.36.83, host: pr-hdds-2096-jg2tg-1247294052, networkLocation: /default-rack, certSerialId: null}, Type:RATIS, Factor:THREE, State:CLOSED]
org.apache.hadoop.hdds.scm.pipeline.PipelineNotFoundException: PipelineID=81716df0-3bfb-41b4-bf98-cb0f6128481c not found
	at org.apache.hadoop.hdds.scm.pipeline.PipelineStateMap.getPipeline(PipelineStateMap.java:132)
	at org.apache.hadoop.hdds.scm.pipeline.PipelineStateMap.removePipeline(PipelineStateMap.java:322)
	at org.apache.hadoop.hdds.scm.pipeline.PipelineStateManager.removePipeline(PipelineStateManager.java:107)
	at org.apache.hadoop.hdds.scm.pipeline.SCMPipelineManager.removePipeline(SCMPipelineManager.java:423)
	at org.apache.hadoop.hdds.scm.pipeline.SCMPipelineManager.destroyPipeline(SCMPipelineManager.java:409)
	at org.apache.hadoop.hdds.scm.pipeline.SCMPipelineManager.lambda$finalizeAndDestroyPipeline$0(SCMPipelineManager.java:318)
	at org.apache.hadoop.utils.Scheduler.lambda$schedule$1(Scheduler.java:68)
	at java.util.concurrent.Executors$RunnableAdapter.call(Executors.java:511)
	at java.util.concurrent.FutureTask.run(FutureTask.java:266)
	at java.util.concurrent.ScheduledThreadPoolExecutor$ScheduledFutureTask.access$201(ScheduledThreadPoolExecutor.java:180)
	at java.util.concurrent.ScheduledThreadPoolExecutor$ScheduledFutureTask.run(ScheduledThreadPoolExecutor.java:293)
	at java.util.concurrent.ThreadPoolExecutor.runWorker(ThreadPoolExecutor.java:1149)
	at java.util.concurrent.ThreadPoolExecutor$Worker.run(ThreadPoolExecutor.java:624)
	at java.lang.Thread.run(Thread.java:748)
2019-09-11 20:05:46,746 [e0c56373-add1-4904-83f3-08b0a755b8ed@group-C7A422292FA5-SegmentedRaftLogWorker] WARN  segmented.SegmentedRaftLogWorker (SegmentedRaftLogWorker.java:getFromFuture(90)) - Timeout 2/~
org.apache.ratis.protocol.TimeoutIOException: Timeout 10s: WriteLog:7: (t:1, i:7), STATEMACHINELOGENTRY, client-FE03BA7EFCF8, cid=134-writeStateMachineData
	at org.apache.ratis.util.IOUtils.getFromFuture(IOUtils.java:87)
	at org.apache.ratis.server.raftlog.segmented.SegmentedRaftLogWorker$StateMachineDataPolicy.getFromFuture(SegmentedRaftLogWorker.java:87)
	at org.apache.ratis.server.raftlog.segmented.SegmentedRaftLogWorker$WriteLog.execute(SegmentedRaftLogWorker.java:477)
	at org.apache.ratis.server.raftlog.segmented.SegmentedRaftLogWorker.run(SegmentedRaftLogWorker.java:289)
	at java.lang.Thread.run(Thread.java:748)
Caused by: java.util.concurrent.TimeoutException
	at java.util.concurrent.CompletableFuture.timedGet(CompletableFuture.java:1771)
	at java.util.concurrent.CompletableFuture.get(CompletableFuture.java:1915)
	at org.apache.ratis.util.IOUtils.getFromFuture(IOUtils.java:79)
	... 4 more
2019-09-11 20:05:46,831 [grpc-default-executor-1] INFO  impl.RaftServerProxy (RaftServerProxy.java:remove(95)) - 802f7a56-3ac2-455e-92a2-71244eb20cf7: remove group-CB0F6128481C:null
2019-09-11 20:05:46,834 [RatisPipelineUtilsThread] WARN  pipeline.RatisPipelineUtils (RatisPipelineUtils.java:destroyPipeline(66)) - Pipeline destroy failed for pipeline=PipelineID=81716df0-3bfb-41b4-bf98-cb0f6128481c dn=802f7a56-3ac2-455e-92a2-71244eb20cf7{ip: 192.168.36.83, host: pr-hdds-2096-jg2tg-1247294052, networkLocation: /default-rack, certSerialId: null}
2019-09-11 20:05:46,837 [grpc-default-executor-1] INFO  impl.RaftServerProxy (RaftServerProxy.java:remove(95)) - e0c56373-add1-4904-83f3-08b0a755b8ed: remove group-CB0F6128481C:null
2019-09-11 20:05:46,839 [RatisPipelineUtilsThread] WARN  pipeline.RatisPipelineUtils (RatisPipelineUtils.java:destroyPipeline(66)) - Pipeline destroy failed for pipeline=PipelineID=81716df0-3bfb-41b4-bf98-cb0f6128481c dn=e0c56373-add1-4904-83f3-08b0a755b8ed{ip: 192.168.36.83, host: pr-hdds-2096-jg2tg-1247294052, networkLocation: /default-rack, certSerialId: null}
2019-09-11 20:05:46,842 [grpc-default-executor-1] INFO  impl.RaftServerProxy (RaftServerProxy.java:remove(95)) - 9bb405f0-f563-4579-83ea-0bbe163a9fbc: remove group-CB0F6128481C:null
2019-09-11 20:05:46,844 [RatisPipelineUtilsThread] WARN  pipeline.RatisPipelineUtils (RatisPipelineUtils.java:destroyPipeline(66)) - Pipeline destroy failed for pipeline=PipelineID=81716df0-3bfb-41b4-bf98-cb0f6128481c dn=9bb405f0-f563-4579-83ea-0bbe163a9fbc{ip: 192.168.36.83, host: pr-hdds-2096-jg2tg-1247294052, networkLocation: /default-rack, certSerialId: null}
2019-09-11 20:05:46,844 [RatisPipelineUtilsThread] ERROR pipeline.SCMPipelineManager (Scheduler.java:lambda$schedule$1(70)) - Destroy pipeline failed for pipeline:Pipeline[ Id: 81716df0-3bfb-41b4-bf98-cb0f6128481c, Nodes: 802f7a56-3ac2-455e-92a2-71244eb20cf7{ip: 192.168.36.83, host: pr-hdds-2096-jg2tg-1247294052, networkLocation: /default-rack, certSerialId: null}e0c56373-add1-4904-83f3-08b0a755b8ed{ip: 192.168.36.83, host: pr-hdds-2096-jg2tg-1247294052, networkLocation: /default-rack, certSerialId: null}9bb405f0-f563-4579-83ea-0bbe163a9fbc{ip: 192.168.36.83, host: pr-hdds-2096-jg2tg-1247294052, networkLocation: /default-rack, certSerialId: null}, Type:RATIS, Factor:THREE, State:CLOSED]
org.apache.hadoop.hdds.scm.pipeline.PipelineNotFoundException: PipelineID=81716df0-3bfb-41b4-bf98-cb0f6128481c not found
	at org.apache.hadoop.hdds.scm.pipeline.PipelineStateMap.getPipeline(PipelineStateMap.java:132)
	at org.apache.hadoop.hdds.scm.pipeline.PipelineStateMap.removePipeline(PipelineStateMap.java:322)
	at org.apache.hadoop.hdds.scm.pipeline.PipelineStateManager.removePipeline(PipelineStateManager.java:107)
	at org.apache.hadoop.hdds.scm.pipeline.SCMPipelineManager.removePipeline(SCMPipelineManager.java:423)
	at org.apache.hadoop.hdds.scm.pipeline.SCMPipelineManager.destroyPipeline(SCMPipelineManager.java:409)
	at org.apache.hadoop.hdds.scm.pipeline.SCMPipelineManager.lambda$finalizeAndDestroyPipeline$0(SCMPipelineManager.java:318)
	at org.apache.hadoop.utils.Scheduler.lambda$schedule$1(Scheduler.java:68)
	at java.util.concurrent.Executors$RunnableAdapter.call(Executors.java:511)
	at java.util.concurrent.FutureTask.run(FutureTask.java:266)
	at java.util.concurrent.ScheduledThreadPoolExecutor$ScheduledFutureTask.access$201(ScheduledThreadPoolExecutor.java:180)
	at java.util.concurrent.ScheduledThreadPoolExecutor$ScheduledFutureTask.run(ScheduledThreadPoolExecutor.java:293)
	at java.util.concurrent.ThreadPoolExecutor.runWorker(ThreadPoolExecutor.java:1149)
	at java.util.concurrent.ThreadPoolExecutor$Worker.run(ThreadPoolExecutor.java:624)
	at java.lang.Thread.run(Thread.java:748)
2019-09-11 20:05:46,849 [9bb405f0-f563-4579-83ea-0bbe163a9fbc@group-C7A422292FA5-SegmentedRaftLogWorker] WARN  segmented.SegmentedRaftLogWorker (SegmentedRaftLogWorker.java:getFromFuture(90)) - Timeout 2/~
org.apache.ratis.protocol.TimeoutIOException: Timeout 10s: WriteLog:8: (t:1, i:8), STATEMACHINELOGENTRY, client-FE03BA7EFCF8, cid=135-writeStateMachineData
	at org.apache.ratis.util.IOUtils.getFromFuture(IOUtils.java:87)
	at org.apache.ratis.server.raftlog.segmented.SegmentedRaftLogWorker$StateMachineDataPolicy.getFromFuture(SegmentedRaftLogWorker.java:87)
	at org.apache.ratis.server.raftlog.segmented.SegmentedRaftLogWorker$WriteLog.execute(SegmentedRaftLogWorker.java:477)
	at org.apache.ratis.server.raftlog.segmented.SegmentedRaftLogWorker.run(SegmentedRaftLogWorker.java:289)
	at java.lang.Thread.run(Thread.java:748)
Caused by: java.util.concurrent.TimeoutException
	at java.util.concurrent.CompletableFuture.timedGet(CompletableFuture.java:1771)
	at java.util.concurrent.CompletableFuture.get(CompletableFuture.java:1915)
	at org.apache.ratis.util.IOUtils.getFromFuture(IOUtils.java:79)
	... 4 more
2019-09-11 20:05:46,867 [802f7a56-3ac2-455e-92a2-71244eb20cf7@group-C7A422292FA5-SegmentedRaftLogWorker] WARN  segmented.SegmentedRaftLogWorker (SegmentedRaftLogWorker.java:getFromFuture(90)) - Timeout 2/~
org.apache.ratis.protocol.TimeoutIOException: Timeout 10s: WriteLog:8: (t:1, i:8), STATEMACHINELOGENTRY, client-FE03BA7EFCF8, cid=135-writeStateMachineData
	at org.apache.ratis.util.IOUtils.getFromFuture(IOUtils.java:87)
	at org.apache.ratis.server.raftlog.segmented.SegmentedRaftLogWorker$StateMachineDataPolicy.getFromFuture(SegmentedRaftLogWorker.java:87)
	at org.apache.ratis.server.raftlog.segmented.SegmentedRaftLogWorker$WriteLog.execute(SegmentedRaftLogWorker.java:477)
	at org.apache.ratis.server.raftlog.segmented.SegmentedRaftLogWorker.run(SegmentedRaftLogWorker.java:289)
	at java.lang.Thread.run(Thread.java:748)
Caused by: java.util.concurrent.TimeoutException
	at java.util.concurrent.CompletableFuture.timedGet(CompletableFuture.java:1771)
	at java.util.concurrent.CompletableFuture.get(CompletableFuture.java:1915)
	at org.apache.ratis.util.IOUtils.getFromFuture(IOUtils.java:79)
	... 4 more
2019-09-11 20:05:47,036 [grpc-default-executor-1] INFO  client.GrpcClientProtocolClient (GrpcClientProtocolClient.java:onNext(264)) - client-FE03BA7EFCF8->802f7a56-3ac2-455e-92a2-71244eb20cf7: receive RaftClientReply:client-FE03BA7EFCF8->802f7a56-3ac2-455e-92a2-71244eb20cf7@group-C7A422292FA5, cid=134, FAILED org.apache.ratis.protocol.NotLeaderException: Server 802f7a56-3ac2-455e-92a2-71244eb20cf7@group-C7A422292FA5 is not the leader 9bb405f0-f563-4579-83ea-0bbe163a9fbc:192.168.36.83:46254, logIndex=0, commits[802f7a56-3ac2-455e-92a2-71244eb20cf7:c6, 9bb405f0-f563-4579-83ea-0bbe163a9fbc:c6, e0c56373-add1-4904-83f3-08b0a755b8ed:c4]
2019-09-11 20:05:47,252 [java.util.concurrent.ThreadPoolExecutor$Worker@3aabbd53[State = -1, empty queue]] WARN  server.GrpcLogAppender (GrpcLogAppender.java:timeoutAppendRequest(200)) - 9bb405f0-f563-4579-83ea-0bbe163a9fbc@group-C7A422292FA5->802f7a56-3ac2-455e-92a2-71244eb20cf7-GrpcLogAppender: appendEntries Timeout, request=9bb405f0-f563-4579-83ea-0bbe163a9fbc->802f7a56-3ac2-455e-92a2-71244eb20cf7#31-t1, previous=(t:1, i:12), leaderCommit=6, initializing? false, entries: <empty>
2019-09-11 20:05:47,252 [java.util.concurrent.ThreadPoolExecutor$Worker@39cc96d6[State = -1, empty queue]] WARN  server.GrpcLogAppender (GrpcLogAppender.java:timeoutAppendRequest(200)) - 9bb405f0-f563-4579-83ea-0bbe163a9fbc@group-C7A422292FA5->e0c56373-add1-4904-83f3-08b0a755b8ed-GrpcLogAppender: appendEntries Timeout, request=9bb405f0-f563-4579-83ea-0bbe163a9fbc->e0c56373-add1-4904-83f3-08b0a755b8ed#31-t1, previous=(t:1, i:12), leaderCommit=6, initializing? false, entries: <empty>
2019-09-11 20:05:49,753 [java.util.concurrent.ThreadPoolExecutor$Worker@39cc96d6[State = -1, empty queue]] WARN  server.GrpcLogAppender (GrpcLogAppender.java:timeoutAppendRequest(200)) - 9bb405f0-f563-4579-83ea-0bbe163a9fbc@group-C7A422292FA5->e0c56373-add1-4904-83f3-08b0a755b8ed-GrpcLogAppender: appendEntries Timeout, request=9bb405f0-f563-4579-83ea-0bbe163a9fbc->e0c56373-add1-4904-83f3-08b0a755b8ed#32-t1, previous=(t:1, i:12), leaderCommit=6, initializing? false, entries: <empty>
2019-09-11 20:05:49,753 [java.util.concurrent.ThreadPoolExecutor$Worker@3aabbd53[State = -1, empty queue]] WARN  server.GrpcLogAppender (GrpcLogAppender.java:timeoutAppendRequest(200)) - 9bb405f0-f563-4579-83ea-0bbe163a9fbc@group-C7A422292FA5->802f7a56-3ac2-455e-92a2-71244eb20cf7-GrpcLogAppender: appendEntries Timeout, request=9bb405f0-f563-4579-83ea-0bbe163a9fbc->802f7a56-3ac2-455e-92a2-71244eb20cf7#32-t1, previous=(t:1, i:12), leaderCommit=6, initializing? false, entries: <empty>
2019-09-11 20:05:49,835 [grpc-default-executor-1] INFO  impl.RaftServerProxy (RaftServerProxy.java:remove(95)) - 802f7a56-3ac2-455e-92a2-71244eb20cf7: remove group-CB0F6128481C:null
2019-09-11 20:05:49,842 [RatisPipelineUtilsThread] WARN  pipeline.RatisPipelineUtils (RatisPipelineUtils.java:destroyPipeline(66)) - Pipeline destroy failed for pipeline=PipelineID=81716df0-3bfb-41b4-bf98-cb0f6128481c dn=802f7a56-3ac2-455e-92a2-71244eb20cf7{ip: 192.168.36.83, host: pr-hdds-2096-jg2tg-1247294052, networkLocation: /default-rack, certSerialId: null}
2019-09-11 20:05:49,845 [grpc-default-executor-1] INFO  impl.RaftServerProxy (RaftServerProxy.java:remove(95)) - e0c56373-add1-4904-83f3-08b0a755b8ed: remove group-CB0F6128481C:null
2019-09-11 20:05:49,847 [RatisPipelineUtilsThread] WARN  pipeline.RatisPipelineUtils (RatisPipelineUtils.java:destroyPipeline(66)) - Pipeline destroy failed for pipeline=PipelineID=81716df0-3bfb-41b4-bf98-cb0f6128481c dn=e0c56373-add1-4904-83f3-08b0a755b8ed{ip: 192.168.36.83, host: pr-hdds-2096-jg2tg-1247294052, networkLocation: /default-rack, certSerialId: null}
2019-09-11 20:05:49,850 [grpc-default-executor-1] INFO  impl.RaftServerProxy (RaftServerProxy.java:remove(95)) - 9bb405f0-f563-4579-83ea-0bbe163a9fbc: remove group-CB0F6128481C:null
2019-09-11 20:05:49,852 [RatisPipelineUtilsThread] WARN  pipeline.RatisPipelineUtils (RatisPipelineUtils.java:destroyPipeline(66)) - Pipeline destroy failed for pipeline=PipelineID=81716df0-3bfb-41b4-bf98-cb0f6128481c dn=9bb405f0-f563-4579-83ea-0bbe163a9fbc{ip: 192.168.36.83, host: pr-hdds-2096-jg2tg-1247294052, networkLocation: /default-rack, certSerialId: null}
2019-09-11 20:05:49,852 [RatisPipelineUtilsThread] ERROR pipeline.SCMPipelineManager (Scheduler.java:lambda$schedule$1(70)) - Destroy pipeline failed for pipeline:Pipeline[ Id: 81716df0-3bfb-41b4-bf98-cb0f6128481c, Nodes: 802f7a56-3ac2-455e-92a2-71244eb20cf7{ip: 192.168.36.83, host: pr-hdds-2096-jg2tg-1247294052, networkLocation: /default-rack, certSerialId: null}e0c56373-add1-4904-83f3-08b0a755b8ed{ip: 192.168.36.83, host: pr-hdds-2096-jg2tg-1247294052, networkLocation: /default-rack, certSerialId: null}9bb405f0-f563-4579-83ea-0bbe163a9fbc{ip: 192.168.36.83, host: pr-hdds-2096-jg2tg-1247294052, networkLocation: /default-rack, certSerialId: null}, Type:RATIS, Factor:THREE, State:CLOSED]
org.apache.hadoop.hdds.scm.pipeline.PipelineNotFoundException: PipelineID=81716df0-3bfb-41b4-bf98-cb0f6128481c not found
	at org.apache.hadoop.hdds.scm.pipeline.PipelineStateMap.getPipeline(PipelineStateMap.java:132)
	at org.apache.hadoop.hdds.scm.pipeline.PipelineStateMap.removePipeline(PipelineStateMap.java:322)
	at org.apache.hadoop.hdds.scm.pipeline.PipelineStateManager.removePipeline(PipelineStateManager.java:107)
	at org.apache.hadoop.hdds.scm.pipeline.SCMPipelineManager.removePipeline(SCMPipelineManager.java:423)
	at org.apache.hadoop.hdds.scm.pipeline.SCMPipelineManager.destroyPipeline(SCMPipelineManager.java:409)
	at org.apache.hadoop.hdds.scm.pipeline.SCMPipelineManager.lambda$finalizeAndDestroyPipeline$0(SCMPipelineManager.java:318)
	at org.apache.hadoop.utils.Scheduler.lambda$schedule$1(Scheduler.java:68)
	at java.util.concurrent.Executors$RunnableAdapter.call(Executors.java:511)
	at java.util.concurrent.FutureTask.run(FutureTask.java:266)
	at java.util.concurrent.ScheduledThreadPoolExecutor$ScheduledFutureTask.access$201(ScheduledThreadPoolExecutor.java:180)
	at java.util.concurrent.ScheduledThreadPoolExecutor$ScheduledFutureTask.run(ScheduledThreadPoolExecutor.java:293)
	at java.util.concurrent.ThreadPoolExecutor.runWorker(ThreadPoolExecutor.java:1149)
	at java.util.concurrent.ThreadPoolExecutor$Worker.run(ThreadPoolExecutor.java:624)
	at java.lang.Thread.run(Thread.java:748)
2019-09-11 20:05:51,828 [grpc-default-executor-1] INFO  impl.RaftServerProxy (RaftServerProxy.java:remove(95)) - 802f7a56-3ac2-455e-92a2-71244eb20cf7: remove group-CB0F6128481C:null
2019-09-11 20:05:51,830 [RatisPipelineUtilsThread] WARN  pipeline.RatisPipelineUtils (RatisPipelineUtils.java:destroyPipeline(66)) - Pipeline destroy failed for pipeline=PipelineID=81716df0-3bfb-41b4-bf98-cb0f6128481c dn=802f7a56-3ac2-455e-92a2-71244eb20cf7{ip: 192.168.36.83, host: pr-hdds-2096-jg2tg-1247294052, networkLocation: /default-rack, certSerialId: null}
2019-09-11 20:05:51,833 [grpc-default-executor-8] INFO  impl.RaftServerProxy (RaftServerProxy.java:remove(95)) - e0c56373-add1-4904-83f3-08b0a755b8ed: remove group-CB0F6128481C:null
2019-09-11 20:05:51,835 [RatisPipelineUtilsThread] WARN  pipeline.RatisPipelineUtils (RatisPipelineUtils.java:destroyPipeline(66)) - Pipeline destroy failed for pipeline=PipelineID=81716df0-3bfb-41b4-bf98-cb0f6128481c dn=e0c56373-add1-4904-83f3-08b0a755b8ed{ip: 192.168.36.83, host: pr-hdds-2096-jg2tg-1247294052, networkLocation: /default-rack, certSerialId: null}
2019-09-11 20:05:51,838 [grpc-default-executor-8] INFO  impl.RaftServerProxy (RaftServerProxy.java:remove(95)) - 9bb405f0-f563-4579-83ea-0bbe163a9fbc: remove group-CB0F6128481C:null
2019-09-11 20:05:51,840 [RatisPipelineUtilsThread] WARN  pipeline.RatisPipelineUtils (RatisPipelineUtils.java:destroyPipeline(66)) - Pipeline destroy failed for pipeline=PipelineID=81716df0-3bfb-41b4-bf98-cb0f6128481c dn=9bb405f0-f563-4579-83ea-0bbe163a9fbc{ip: 192.168.36.83, host: pr-hdds-2096-jg2tg-1247294052, networkLocation: /default-rack, certSerialId: null}
2019-09-11 20:05:51,840 [RatisPipelineUtilsThread] ERROR pipeline.SCMPipelineManager (Scheduler.java:lambda$schedule$1(70)) - Destroy pipeline failed for pipeline:Pipeline[ Id: 81716df0-3bfb-41b4-bf98-cb0f6128481c, Nodes: 802f7a56-3ac2-455e-92a2-71244eb20cf7{ip: 192.168.36.83, host: pr-hdds-2096-jg2tg-1247294052, networkLocation: /default-rack, certSerialId: null}e0c56373-add1-4904-83f3-08b0a755b8ed{ip: 192.168.36.83, host: pr-hdds-2096-jg2tg-1247294052, networkLocation: /default-rack, certSerialId: null}9bb405f0-f563-4579-83ea-0bbe163a9fbc{ip: 192.168.36.83, host: pr-hdds-2096-jg2tg-1247294052, networkLocation: /default-rack, certSerialId: null}, Type:RATIS, Factor:THREE, State:CLOSED]
org.apache.hadoop.hdds.scm.pipeline.PipelineNotFoundException: PipelineID=81716df0-3bfb-41b4-bf98-cb0f6128481c not found
	at org.apache.hadoop.hdds.scm.pipeline.PipelineStateMap.getPipeline(PipelineStateMap.java:132)
	at org.apache.hadoop.hdds.scm.pipeline.PipelineStateMap.removePipeline(PipelineStateMap.java:322)
	at org.apache.hadoop.hdds.scm.pipeline.PipelineStateManager.removePipeline(PipelineStateManager.java:107)
	at org.apache.hadoop.hdds.scm.pipeline.SCMPipelineManager.removePipeline(SCMPipelineManager.java:423)
	at org.apache.hadoop.hdds.scm.pipeline.SCMPipelineManager.destroyPipeline(SCMPipelineManager.java:409)
	at org.apache.hadoop.hdds.scm.pipeline.SCMPipelineManager.lambda$finalizeAndDestroyPipeline$0(SCMPipelineManager.java:318)
	at org.apache.hadoop.utils.Scheduler.lambda$schedule$1(Scheduler.java:68)
	at java.util.concurrent.Executors$RunnableAdapter.call(Executors.java:511)
	at java.util.concurrent.FutureTask.run(FutureTask.java:266)
	at java.util.concurrent.ScheduledThreadPoolExecutor$ScheduledFutureTask.access$201(ScheduledThreadPoolExecutor.java:180)
	at java.util.concurrent.ScheduledThreadPoolExecutor$ScheduledFutureTask.run(ScheduledThreadPoolExecutor.java:293)
	at java.util.concurrent.ThreadPoolExecutor.runWorker(ThreadPoolExecutor.java:1149)
	at java.util.concurrent.ThreadPoolExecutor$Worker.run(ThreadPoolExecutor.java:624)
	at java.lang.Thread.run(Thread.java:748)
2019-09-11 20:05:52,086 [grpc-default-executor-8] INFO  client.GrpcClientProtocolClient (GrpcClientProtocolClient.java:onNext(264)) - client-FE03BA7EFCF8->802f7a56-3ac2-455e-92a2-71244eb20cf7: receive RaftClientReply:client-FE03BA7EFCF8->802f7a56-3ac2-455e-92a2-71244eb20cf7@group-C7A422292FA5, cid=134, FAILED org.apache.ratis.protocol.NotLeaderException: Server 802f7a56-3ac2-455e-92a2-71244eb20cf7@group-C7A422292FA5 is not the leader 9bb405f0-f563-4579-83ea-0bbe163a9fbc:192.168.36.83:46254, logIndex=0, commits[802f7a56-3ac2-455e-92a2-71244eb20cf7:c6, 9bb405f0-f563-4579-83ea-0bbe163a9fbc:c6, e0c56373-add1-4904-83f3-08b0a755b8ed:c4]
2019-09-11 20:05:52,253 [java.util.concurrent.ThreadPoolExecutor$Worker@39cc96d6[State = -1, empty queue]] WARN  server.GrpcLogAppender (GrpcLogAppender.java:timeoutAppendRequest(200)) - 9bb405f0-f563-4579-83ea-0bbe163a9fbc@group-C7A422292FA5->e0c56373-add1-4904-83f3-08b0a755b8ed-GrpcLogAppender: appendEntries Timeout, request=9bb405f0-f563-4579-83ea-0bbe163a9fbc->e0c56373-add1-4904-83f3-08b0a755b8ed#33-t1, previous=(t:1, i:12), leaderCommit=6, initializing? false, entries: <empty>
2019-09-11 20:05:52,253 [java.util.concurrent.ThreadPoolExecutor$Worker@3aabbd53[State = -1, empty queue]] WARN  server.GrpcLogAppender (GrpcLogAppender.java:timeoutAppendRequest(200)) - 9bb405f0-f563-4579-83ea-0bbe163a9fbc@group-C7A422292FA5->802f7a56-3ac2-455e-92a2-71244eb20cf7-GrpcLogAppender: appendEntries Timeout, request=9bb405f0-f563-4579-83ea-0bbe163a9fbc->802f7a56-3ac2-455e-92a2-71244eb20cf7#33-t1, previous=(t:1, i:12), leaderCommit=6, initializing? false, entries: <empty>
2019-09-11 20:05:54,753 [java.util.concurrent.ThreadPoolExecutor$Worker@3aabbd53[State = -1, empty queue]] WARN  server.GrpcLogAppender (GrpcLogAppender.java:timeoutAppendRequest(200)) - 9bb405f0-f563-4579-83ea-0bbe163a9fbc@group-C7A422292FA5->802f7a56-3ac2-455e-92a2-71244eb20cf7-GrpcLogAppender: appendEntries Timeout, request=9bb405f0-f563-4579-83ea-0bbe163a9fbc->802f7a56-3ac2-455e-92a2-71244eb20cf7#34-t1, previous=(t:1, i:12), leaderCommit=6, initializing? false, entries: <empty>
2019-09-11 20:05:54,753 [java.util.concurrent.ThreadPoolExecutor$Worker@39cc96d6[State = -1, empty queue]] WARN  server.GrpcLogAppender (GrpcLogAppender.java:timeoutAppendRequest(200)) - 9bb405f0-f563-4579-83ea-0bbe163a9fbc@group-C7A422292FA5->e0c56373-add1-4904-83f3-08b0a755b8ed-GrpcLogAppender: appendEntries Timeout, request=9bb405f0-f563-4579-83ea-0bbe163a9fbc->e0c56373-add1-4904-83f3-08b0a755b8ed#34-t1, previous=(t:1, i:12), leaderCommit=6, initializing? false, entries: <empty>
2019-09-11 20:05:54,826 [grpc-default-executor-1] INFO  impl.RaftServerProxy (RaftServerProxy.java:remove(95)) - 802f7a56-3ac2-455e-92a2-71244eb20cf7: remove group-CB0F6128481C:null
2019-09-11 20:05:54,830 [RatisPipelineUtilsThread] WARN  pipeline.RatisPipelineUtils (RatisPipelineUtils.java:destroyPipeline(66)) - Pipeline destroy failed for pipeline=PipelineID=81716df0-3bfb-41b4-bf98-cb0f6128481c dn=802f7a56-3ac2-455e-92a2-71244eb20cf7{ip: 192.168.36.83, host: pr-hdds-2096-jg2tg-1247294052, networkLocation: /default-rack, certSerialId: null}
2019-09-11 20:05:54,833 [grpc-default-executor-1] INFO  impl.RaftServerProxy (RaftServerProxy.java:remove(95)) - e0c56373-add1-4904-83f3-08b0a755b8ed: remove group-CB0F6128481C:null
2019-09-11 20:05:54,835 [RatisPipelineUtilsThread] WARN  pipeline.RatisPipelineUtils (RatisPipelineUtils.java:destroyPipeline(66)) - Pipeline destroy failed for pipeline=PipelineID=81716df0-3bfb-41b4-bf98-cb0f6128481c dn=e0c56373-add1-4904-83f3-08b0a755b8ed{ip: 192.168.36.83, host: pr-hdds-2096-jg2tg-1247294052, networkLocation: /default-rack, certSerialId: null}
2019-09-11 20:05:54,837 [grpc-default-executor-1] INFO  impl.RaftServerProxy (RaftServerProxy.java:remove(95)) - 9bb405f0-f563-4579-83ea-0bbe163a9fbc: remove group-CB0F6128481C:null
2019-09-11 20:05:54,840 [RatisPipelineUtilsThread] WARN  pipeline.RatisPipelineUtils (RatisPipelineUtils.java:destroyPipeline(66)) - Pipeline destroy failed for pipeline=PipelineID=81716df0-3bfb-41b4-bf98-cb0f6128481c dn=9bb405f0-f563-4579-83ea-0bbe163a9fbc{ip: 192.168.36.83, host: pr-hdds-2096-jg2tg-1247294052, networkLocation: /default-rack, certSerialId: null}
2019-09-11 20:05:54,840 [RatisPipelineUtilsThread] ERROR pipeline.SCMPipelineManager (Scheduler.java:lambda$schedule$1(70)) - Destroy pipeline failed for pipeline:Pipeline[ Id: 81716df0-3bfb-41b4-bf98-cb0f6128481c, Nodes: 802f7a56-3ac2-455e-92a2-71244eb20cf7{ip: 192.168.36.83, host: pr-hdds-2096-jg2tg-1247294052, networkLocation: /default-rack, certSerialId: null}e0c56373-add1-4904-83f3-08b0a755b8ed{ip: 192.168.36.83, host: pr-hdds-2096-jg2tg-1247294052, networkLocation: /default-rack, certSerialId: null}9bb405f0-f563-4579-83ea-0bbe163a9fbc{ip: 192.168.36.83, host: pr-hdds-2096-jg2tg-1247294052, networkLocation: /default-rack, certSerialId: null}, Type:RATIS, Factor:THREE, State:CLOSED]
org.apache.hadoop.hdds.scm.pipeline.PipelineNotFoundException: PipelineID=81716df0-3bfb-41b4-bf98-cb0f6128481c not found
	at org.apache.hadoop.hdds.scm.pipeline.PipelineStateMap.getPipeline(PipelineStateMap.java:132)
	at org.apache.hadoop.hdds.scm.pipeline.PipelineStateMap.removePipeline(PipelineStateMap.java:322)
	at org.apache.hadoop.hdds.scm.pipeline.PipelineStateManager.removePipeline(PipelineStateManager.java:107)
	at org.apache.hadoop.hdds.scm.pipeline.SCMPipelineManager.removePipeline(SCMPipelineManager.java:423)
	at org.apache.hadoop.hdds.scm.pipeline.SCMPipelineManager.destroyPipeline(SCMPipelineManager.java:409)
	at org.apache.hadoop.hdds.scm.pipeline.SCMPipelineManager.lambda$finalizeAndDestroyPipeline$0(SCMPipelineManager.java:318)
	at org.apache.hadoop.utils.Scheduler.lambda$schedule$1(Scheduler.java:68)
	at java.util.concurrent.Executors$RunnableAdapter.call(Executors.java:511)
	at java.util.concurrent.FutureTask.run(FutureTask.java:266)
	at java.util.concurrent.ScheduledThreadPoolExecutor$ScheduledFutureTask.access$201(ScheduledThreadPoolExecutor.java:180)
	at java.util.concurrent.ScheduledThreadPoolExecutor$ScheduledFutureTask.run(ScheduledThreadPoolExecutor.java:293)
	at java.util.concurrent.ThreadPoolExecutor.runWorker(ThreadPoolExecutor.java:1149)
	at java.util.concurrent.ThreadPoolExecutor$Worker.run(ThreadPoolExecutor.java:624)
	at java.lang.Thread.run(Thread.java:748)
2019-09-11 20:05:56,747 [e0c56373-add1-4904-83f3-08b0a755b8ed@group-C7A422292FA5-SegmentedRaftLogWorker] WARN  segmented.SegmentedRaftLogWorker (SegmentedRaftLogWorker.java:getFromFuture(90)) - Timeout 3/~
org.apache.ratis.protocol.TimeoutIOException: Timeout 10s: WriteLog:7: (t:1, i:7), STATEMACHINELOGENTRY, client-FE03BA7EFCF8, cid=134-writeStateMachineData
	at org.apache.ratis.util.IOUtils.getFromFuture(IOUtils.java:87)
	at org.apache.ratis.server.raftlog.segmented.SegmentedRaftLogWorker$StateMachineDataPolicy.getFromFuture(SegmentedRaftLogWorker.java:87)
	at org.apache.ratis.server.raftlog.segmented.SegmentedRaftLogWorker$WriteLog.execute(SegmentedRaftLogWorker.java:477)
	at org.apache.ratis.server.raftlog.segmented.SegmentedRaftLogWorker.run(SegmentedRaftLogWorker.java:289)
	at java.lang.Thread.run(Thread.java:748)
Caused by: java.util.concurrent.TimeoutException
	at java.util.concurrent.CompletableFuture.timedGet(CompletableFuture.java:1771)
	at java.util.concurrent.CompletableFuture.get(CompletableFuture.java:1915)
	at org.apache.ratis.util.IOUtils.getFromFuture(IOUtils.java:79)
	... 4 more
2019-09-11 20:05:56,828 [grpc-default-executor-8] INFO  impl.RaftServerProxy (RaftServerProxy.java:remove(95)) - 802f7a56-3ac2-455e-92a2-71244eb20cf7: remove group-CB0F6128481C:null
2019-09-11 20:05:56,831 [RatisPipelineUtilsThread] WARN  pipeline.RatisPipelineUtils (RatisPipelineUtils.java:destroyPipeline(66)) - Pipeline destroy failed for pipeline=PipelineID=81716df0-3bfb-41b4-bf98-cb0f6128481c dn=802f7a56-3ac2-455e-92a2-71244eb20cf7{ip: 192.168.36.83, host: pr-hdds-2096-jg2tg-1247294052, networkLocation: /default-rack, certSerialId: null}
2019-09-11 20:05:56,834 [grpc-default-executor-8] INFO  impl.RaftServerProxy (RaftServerProxy.java:remove(95)) - e0c56373-add1-4904-83f3-08b0a755b8ed: remove group-CB0F6128481C:null
2019-09-11 20:05:56,837 [RatisPipelineUtilsThread] WARN  pipeline.RatisPipelineUtils (RatisPipelineUtils.java:destroyPipeline(66)) - Pipeline destroy failed for pipeline=PipelineID=81716df0-3bfb-41b4-bf98-cb0f6128481c dn=e0c56373-add1-4904-83f3-08b0a755b8ed{ip: 192.168.36.83, host: pr-hdds-2096-jg2tg-1247294052, networkLocation: /default-rack, certSerialId: null}
2019-09-11 20:05:56,840 [grpc-default-executor-8] INFO  impl.RaftServerProxy (RaftServerProxy.java:remove(95)) - 9bb405f0-f563-4579-83ea-0bbe163a9fbc: remove group-CB0F6128481C:null
2019-09-11 20:05:56,842 [RatisPipelineUtilsThread] WARN  pipeline.RatisPipelineUtils (RatisPipelineUtils.java:destroyPipeline(66)) - Pipeline destroy failed for pipeline=PipelineID=81716df0-3bfb-41b4-bf98-cb0f6128481c dn=9bb405f0-f563-4579-83ea-0bbe163a9fbc{ip: 192.168.36.83, host: pr-hdds-2096-jg2tg-1247294052, networkLocation: /default-rack, certSerialId: null}
2019-09-11 20:05:56,842 [RatisPipelineUtilsThread] ERROR pipeline.SCMPipelineManager (Scheduler.java:lambda$schedule$1(70)) - Destroy pipeline failed for pipeline:Pipeline[ Id: 81716df0-3bfb-41b4-bf98-cb0f6128481c, Nodes: 802f7a56-3ac2-455e-92a2-71244eb20cf7{ip: 192.168.36.83, host: pr-hdds-2096-jg2tg-1247294052, networkLocation: /default-rack, certSerialId: null}e0c56373-add1-4904-83f3-08b0a755b8ed{ip: 192.168.36.83, host: pr-hdds-2096-jg2tg-1247294052, networkLocation: /default-rack, certSerialId: null}9bb405f0-f563-4579-83ea-0bbe163a9fbc{ip: 192.168.36.83, host: pr-hdds-2096-jg2tg-1247294052, networkLocation: /default-rack, certSerialId: null}, Type:RATIS, Factor:THREE, State:CLOSED]
org.apache.hadoop.hdds.scm.pipeline.PipelineNotFoundException: PipelineID=81716df0-3bfb-41b4-bf98-cb0f6128481c not found
	at org.apache.hadoop.hdds.scm.pipeline.PipelineStateMap.getPipeline(PipelineStateMap.java:132)
	at org.apache.hadoop.hdds.scm.pipeline.PipelineStateMap.removePipeline(PipelineStateMap.java:322)
	at org.apache.hadoop.hdds.scm.pipeline.PipelineStateManager.removePipeline(PipelineStateManager.java:107)
	at org.apache.hadoop.hdds.scm.pipeline.SCMPipelineManager.removePipeline(SCMPipelineManager.java:423)
	at org.apache.hadoop.hdds.scm.pipeline.SCMPipelineManager.destroyPipeline(SCMPipelineManager.java:409)
	at org.apache.hadoop.hdds.scm.pipeline.SCMPipelineManager.lambda$finalizeAndDestroyPipeline$0(SCMPipelineManager.java:318)
	at org.apache.hadoop.utils.Scheduler.lambda$schedule$1(Scheduler.java:68)
	at java.util.concurrent.Executors$RunnableAdapter.call(Executors.java:511)
	at java.util.concurrent.FutureTask.run(FutureTask.java:266)
	at java.util.concurrent.ScheduledThreadPoolExecutor$ScheduledFutureTask.access$201(ScheduledThreadPoolExecutor.java:180)
	at java.util.concurrent.ScheduledThreadPoolExecutor$ScheduledFutureTask.run(ScheduledThreadPoolExecutor.java:293)
	at java.util.concurrent.ThreadPoolExecutor.runWorker(ThreadPoolExecutor.java:1149)
	at java.util.concurrent.ThreadPoolExecutor$Worker.run(ThreadPoolExecutor.java:624)
	at java.lang.Thread.run(Thread.java:748)
2019-09-11 20:05:56,867 [9bb405f0-f563-4579-83ea-0bbe163a9fbc@group-C7A422292FA5-SegmentedRaftLogWorker] WARN  segmented.SegmentedRaftLogWorker (SegmentedRaftLogWorker.java:getFromFuture(90)) - Timeout 3/~
org.apache.ratis.protocol.TimeoutIOException: Timeout 10s: WriteLog:8: (t:1, i:8), STATEMACHINELOGENTRY, client-FE03BA7EFCF8, cid=135-writeStateMachineData
	at org.apache.ratis.util.IOUtils.getFromFuture(IOUtils.java:87)
	at org.apache.ratis.server.raftlog.segmented.SegmentedRaftLogWorker$StateMachineDataPolicy.getFromFuture(SegmentedRaftLogWorker.java:87)
	at org.apache.ratis.server.raftlog.segmented.SegmentedRaftLogWorker$WriteLog.execute(SegmentedRaftLogWorker.java:477)
	at org.apache.ratis.server.raftlog.segmented.SegmentedRaftLogWorker.run(SegmentedRaftLogWorker.java:289)
	at java.lang.Thread.run(Thread.java:748)
Caused by: java.util.concurrent.TimeoutException
	at java.util.concurrent.CompletableFuture.timedGet(CompletableFuture.java:1771)
	at java.util.concurrent.CompletableFuture.get(CompletableFuture.java:1915)
	at org.apache.ratis.util.IOUtils.getFromFuture(IOUtils.java:79)
	... 4 more
2019-09-11 20:05:56,868 [802f7a56-3ac2-455e-92a2-71244eb20cf7@group-C7A422292FA5-SegmentedRaftLogWorker] WARN  segmented.SegmentedRaftLogWorker (SegmentedRaftLogWorker.java:getFromFuture(90)) - Timeout 3/~
org.apache.ratis.protocol.TimeoutIOException: Timeout 10s: WriteLog:8: (t:1, i:8), STATEMACHINELOGENTRY, client-FE03BA7EFCF8, cid=135-writeStateMachineData
	at org.apache.ratis.util.IOUtils.getFromFuture(IOUtils.java:87)
	at org.apache.ratis.server.raftlog.segmented.SegmentedRaftLogWorker$StateMachineDataPolicy.getFromFuture(SegmentedRaftLogWorker.java:87)
	at org.apache.ratis.server.raftlog.segmented.SegmentedRaftLogWorker$WriteLog.execute(SegmentedRaftLogWorker.java:477)
	at org.apache.ratis.server.raftlog.segmented.SegmentedRaftLogWorker.run(SegmentedRaftLogWorker.java:289)
	at java.lang.Thread.run(Thread.java:748)
Caused by: java.util.concurrent.TimeoutException
	at java.util.concurrent.CompletableFuture.timedGet(CompletableFuture.java:1771)
	at java.util.concurrent.CompletableFuture.get(CompletableFuture.java:1915)
	at org.apache.ratis.util.IOUtils.getFromFuture(IOUtils.java:79)
	... 4 more
2019-09-11 20:05:57,133 [grpc-default-executor-8] INFO  client.GrpcClientProtocolClient (GrpcClientProtocolClient.java:onNext(264)) - client-FE03BA7EFCF8->802f7a56-3ac2-455e-92a2-71244eb20cf7: receive RaftClientReply:client-FE03BA7EFCF8->802f7a56-3ac2-455e-92a2-71244eb20cf7@group-C7A422292FA5, cid=134, FAILED org.apache.ratis.protocol.NotLeaderException: Server 802f7a56-3ac2-455e-92a2-71244eb20cf7@group-C7A422292FA5 is not the leader 9bb405f0-f563-4579-83ea-0bbe163a9fbc:192.168.36.83:46254, logIndex=0, commits[802f7a56-3ac2-455e-92a2-71244eb20cf7:c6, 9bb405f0-f563-4579-83ea-0bbe163a9fbc:c6, e0c56373-add1-4904-83f3-08b0a755b8ed:c4]
2019-09-11 20:05:57,254 [java.util.concurrent.ThreadPoolExecutor$Worker@39cc96d6[State = -1, empty queue]] WARN  server.GrpcLogAppender (GrpcLogAppender.java:timeoutAppendRequest(200)) - 9bb405f0-f563-4579-83ea-0bbe163a9fbc@group-C7A422292FA5->e0c56373-add1-4904-83f3-08b0a755b8ed-GrpcLogAppender: appendEntries Timeout, request=9bb405f0-f563-4579-83ea-0bbe163a9fbc->e0c56373-add1-4904-83f3-08b0a755b8ed#35-t1, previous=(t:1, i:12), leaderCommit=6, initializing? false, entries: <empty>
2019-09-11 20:05:57,254 [java.util.concurrent.ThreadPoolExecutor$Worker@3aabbd53[State = -1, empty queue]] WARN  server.GrpcLogAppender (GrpcLogAppender.java:timeoutAppendRequest(200)) - 9bb405f0-f563-4579-83ea-0bbe163a9fbc@group-C7A422292FA5->802f7a56-3ac2-455e-92a2-71244eb20cf7-GrpcLogAppender: appendEntries Timeout, request=9bb405f0-f563-4579-83ea-0bbe163a9fbc->802f7a56-3ac2-455e-92a2-71244eb20cf7#35-t1, previous=(t:1, i:12), leaderCommit=6, initializing? false, entries: <empty>
2019-09-11 20:05:59,754 [java.util.concurrent.ThreadPoolExecutor$Worker@39cc96d6[State = -1, empty queue]] WARN  server.GrpcLogAppender (GrpcLogAppender.java:timeoutAppendRequest(200)) - 9bb405f0-f563-4579-83ea-0bbe163a9fbc@group-C7A422292FA5->e0c56373-add1-4904-83f3-08b0a755b8ed-GrpcLogAppender: appendEntries Timeout, request=9bb405f0-f563-4579-83ea-0bbe163a9fbc->e0c56373-add1-4904-83f3-08b0a755b8ed#36-t1, previous=(t:1, i:12), leaderCommit=6, initializing? false, entries: <empty>
2019-09-11 20:05:59,754 [java.util.concurrent.ThreadPoolExecutor$Worker@3aabbd53[State = -1, empty queue]] WARN  server.GrpcLogAppender (GrpcLogAppender.java:timeoutAppendRequest(200)) - 9bb405f0-f563-4579-83ea-0bbe163a9fbc@group-C7A422292FA5->802f7a56-3ac2-455e-92a2-71244eb20cf7-GrpcLogAppender: appendEntries Timeout, request=9bb405f0-f563-4579-83ea-0bbe163a9fbc->802f7a56-3ac2-455e-92a2-71244eb20cf7#36-t1, previous=(t:1, i:12), leaderCommit=6, initializing? false, entries: <empty>
2019-09-11 20:05:59,829 [grpc-default-executor-1] INFO  impl.RaftServerProxy (RaftServerProxy.java:remove(95)) - 802f7a56-3ac2-455e-92a2-71244eb20cf7: remove group-CB0F6128481C:null
2019-09-11 20:05:59,831 [RatisPipelineUtilsThread] WARN  pipeline.RatisPipelineUtils (RatisPipelineUtils.java:destroyPipeline(66)) - Pipeline destroy failed for pipeline=PipelineID=81716df0-3bfb-41b4-bf98-cb0f6128481c dn=802f7a56-3ac2-455e-92a2-71244eb20cf7{ip: 192.168.36.83, host: pr-hdds-2096-jg2tg-1247294052, networkLocation: /default-rack, certSerialId: null}
2019-09-11 20:05:59,834 [grpc-default-executor-1] INFO  impl.RaftServerProxy (RaftServerProxy.java:remove(95)) - e0c56373-add1-4904-83f3-08b0a755b8ed: remove group-CB0F6128481C:null
2019-09-11 20:05:59,835 [RatisPipelineUtilsThread] WARN  pipeline.RatisPipelineUtils (RatisPipelineUtils.java:destroyPipeline(66)) - Pipeline destroy failed for pipeline=PipelineID=81716df0-3bfb-41b4-bf98-cb0f6128481c dn=e0c56373-add1-4904-83f3-08b0a755b8ed{ip: 192.168.36.83, host: pr-hdds-2096-jg2tg-1247294052, networkLocation: /default-rack, certSerialId: null}
2019-09-11 20:05:59,838 [grpc-default-executor-1] INFO  impl.RaftServerProxy (RaftServerProxy.java:remove(95)) - 9bb405f0-f563-4579-83ea-0bbe163a9fbc: remove group-CB0F6128481C:null
2019-09-11 20:05:59,840 [RatisPipelineUtilsThread] WARN  pipeline.RatisPipelineUtils (RatisPipelineUtils.java:destroyPipeline(66)) - Pipeline destroy failed for pipeline=PipelineID=81716df0-3bfb-41b4-bf98-cb0f6128481c dn=9bb405f0-f563-4579-83ea-0bbe163a9fbc{ip: 192.168.36.83, host: pr-hdds-2096-jg2tg-1247294052, networkLocation: /default-rack, certSerialId: null}
2019-09-11 20:05:59,840 [RatisPipelineUtilsThread] ERROR pipeline.SCMPipelineManager (Scheduler.java:lambda$schedule$1(70)) - Destroy pipeline failed for pipeline:Pipeline[ Id: 81716df0-3bfb-41b4-bf98-cb0f6128481c, Nodes: 802f7a56-3ac2-455e-92a2-71244eb20cf7{ip: 192.168.36.83, host: pr-hdds-2096-jg2tg-1247294052, networkLocation: /default-rack, certSerialId: null}e0c56373-add1-4904-83f3-08b0a755b8ed{ip: 192.168.36.83, host: pr-hdds-2096-jg2tg-1247294052, networkLocation: /default-rack, certSerialId: null}9bb405f0-f563-4579-83ea-0bbe163a9fbc{ip: 192.168.36.83, host: pr-hdds-2096-jg2tg-1247294052, networkLocation: /default-rack, certSerialId: null}, Type:RATIS, Factor:THREE, State:CLOSED]
org.apache.hadoop.hdds.scm.pipeline.PipelineNotFoundException: PipelineID=81716df0-3bfb-41b4-bf98-cb0f6128481c not found
	at org.apache.hadoop.hdds.scm.pipeline.PipelineStateMap.getPipeline(PipelineStateMap.java:132)
	at org.apache.hadoop.hdds.scm.pipeline.PipelineStateMap.removePipeline(PipelineStateMap.java:322)
	at org.apache.hadoop.hdds.scm.pipeline.PipelineStateManager.removePipeline(PipelineStateManager.java:107)
	at org.apache.hadoop.hdds.scm.pipeline.SCMPipelineManager.removePipeline(SCMPipelineManager.java:423)
	at org.apache.hadoop.hdds.scm.pipeline.SCMPipelineManager.destroyPipeline(SCMPipelineManager.java:409)
	at org.apache.hadoop.hdds.scm.pipeline.SCMPipelineManager.lambda$finalizeAndDestroyPipeline$0(SCMPipelineManager.java:318)
	at org.apache.hadoop.utils.Scheduler.lambda$schedule$1(Scheduler.java:68)
	at java.util.concurrent.Executors$RunnableAdapter.call(Executors.java:511)
	at java.util.concurrent.FutureTask.run(FutureTask.java:266)
	at java.util.concurrent.ScheduledThreadPoolExecutor$ScheduledFutureTask.access$201(ScheduledThreadPoolExecutor.java:180)
	at java.util.concurrent.ScheduledThreadPoolExecutor$ScheduledFutureTask.run(ScheduledThreadPoolExecutor.java:293)
	at java.util.concurrent.ThreadPoolExecutor.runWorker(ThreadPoolExecutor.java:1149)
	at java.util.concurrent.ThreadPoolExecutor$Worker.run(ThreadPoolExecutor.java:624)
	at java.lang.Thread.run(Thread.java:748)
2019-09-11 20:06:01,868 [grpc-default-executor-1] INFO  impl.RaftServerProxy (RaftServerProxy.java:remove(95)) - 802f7a56-3ac2-455e-92a2-71244eb20cf7: remove group-CB0F6128481C:null
2019-09-11 20:06:01,871 [RatisPipelineUtilsThread] WARN  pipeline.RatisPipelineUtils (RatisPipelineUtils.java:destroyPipeline(66)) - Pipeline destroy failed for pipeline=PipelineID=81716df0-3bfb-41b4-bf98-cb0f6128481c dn=802f7a56-3ac2-455e-92a2-71244eb20cf7{ip: 192.168.36.83, host: pr-hdds-2096-jg2tg-1247294052, networkLocation: /default-rack, certSerialId: null}
2019-09-11 20:06:01,874 [grpc-default-executor-1] INFO  impl.RaftServerProxy (RaftServerProxy.java:remove(95)) - e0c56373-add1-4904-83f3-08b0a755b8ed: remove group-CB0F6128481C:null
2019-09-11 20:06:01,877 [RatisPipelineUtilsThread] WARN  pipeline.RatisPipelineUtils (RatisPipelineUtils.java:destroyPipeline(66)) - Pipeline destroy failed for pipeline=PipelineID=81716df0-3bfb-41b4-bf98-cb0f6128481c dn=e0c56373-add1-4904-83f3-08b0a755b8ed{ip: 192.168.36.83, host: pr-hdds-2096-jg2tg-1247294052, networkLocation: /default-rack, certSerialId: null}
2019-09-11 20:06:01,880 [grpc-default-executor-1] INFO  impl.RaftServerProxy (RaftServerProxy.java:remove(95)) - 9bb405f0-f563-4579-83ea-0bbe163a9fbc: remove group-CB0F6128481C:null
2019-09-11 20:06:01,882 [RatisPipelineUtilsThread] WARN  pipeline.RatisPipelineUtils (RatisPipelineUtils.java:destroyPipeline(66)) - Pipeline destroy failed for pipeline=PipelineID=81716df0-3bfb-41b4-bf98-cb0f6128481c dn=9bb405f0-f563-4579-83ea-0bbe163a9fbc{ip: 192.168.36.83, host: pr-hdds-2096-jg2tg-1247294052, networkLocation: /default-rack, certSerialId: null}
2019-09-11 20:06:01,882 [RatisPipelineUtilsThread] ERROR pipeline.SCMPipelineManager (Scheduler.java:lambda$schedule$1(70)) - Destroy pipeline failed for pipeline:Pipeline[ Id: 81716df0-3bfb-41b4-bf98-cb0f6128481c, Nodes: 802f7a56-3ac2-455e-92a2-71244eb20cf7{ip: 192.168.36.83, host: pr-hdds-2096-jg2tg-1247294052, networkLocation: /default-rack, certSerialId: null}e0c56373-add1-4904-83f3-08b0a755b8ed{ip: 192.168.36.83, host: pr-hdds-2096-jg2tg-1247294052, networkLocation: /default-rack, certSerialId: null}9bb405f0-f563-4579-83ea-0bbe163a9fbc{ip: 192.168.36.83, host: pr-hdds-2096-jg2tg-1247294052, networkLocation: /default-rack, certSerialId: null}, Type:RATIS, Factor:THREE, State:CLOSED]
org.apache.hadoop.hdds.scm.pipeline.PipelineNotFoundException: PipelineID=81716df0-3bfb-41b4-bf98-cb0f6128481c not found
	at org.apache.hadoop.hdds.scm.pipeline.PipelineStateMap.getPipeline(PipelineStateMap.java:132)
	at org.apache.hadoop.hdds.scm.pipeline.PipelineStateMap.removePipeline(PipelineStateMap.java:322)
	at org.apache.hadoop.hdds.scm.pipeline.PipelineStateManager.removePipeline(PipelineStateManager.java:107)
	at org.apache.hadoop.hdds.scm.pipeline.SCMPipelineManager.removePipeline(SCMPipelineManager.java:423)
	at org.apache.hadoop.hdds.scm.pipeline.SCMPipelineManager.destroyPipeline(SCMPipelineManager.java:409)
	at org.apache.hadoop.hdds.scm.pipeline.SCMPipelineManager.lambda$finalizeAndDestroyPipeline$0(SCMPipelineManager.java:318)
	at org.apache.hadoop.utils.Scheduler.lambda$schedule$1(Scheduler.java:68)
	at java.util.concurrent.Executors$RunnableAdapter.call(Executors.java:511)
	at java.util.concurrent.FutureTask.run(FutureTask.java:266)
	at java.util.concurrent.ScheduledThreadPoolExecutor$ScheduledFutureTask.access$201(ScheduledThreadPoolExecutor.java:180)
	at java.util.concurrent.ScheduledThreadPoolExecutor$ScheduledFutureTask.run(ScheduledThreadPoolExecutor.java:293)
	at java.util.concurrent.ThreadPoolExecutor.runWorker(ThreadPoolExecutor.java:1149)
	at java.util.concurrent.ThreadPoolExecutor$Worker.run(ThreadPoolExecutor.java:624)
	at java.lang.Thread.run(Thread.java:748)
2019-09-11 20:06:02,174 [grpc-default-executor-1] INFO  client.GrpcClientProtocolClient (GrpcClientProtocolClient.java:onNext(264)) - client-FE03BA7EFCF8->802f7a56-3ac2-455e-92a2-71244eb20cf7: receive RaftClientReply:client-FE03BA7EFCF8->802f7a56-3ac2-455e-92a2-71244eb20cf7@group-C7A422292FA5, cid=134, FAILED org.apache.ratis.protocol.NotLeaderException: Server 802f7a56-3ac2-455e-92a2-71244eb20cf7@group-C7A422292FA5 is not the leader 9bb405f0-f563-4579-83ea-0bbe163a9fbc:192.168.36.83:46254, logIndex=0, commits[802f7a56-3ac2-455e-92a2-71244eb20cf7:c6, 9bb405f0-f563-4579-83ea-0bbe163a9fbc:c6, e0c56373-add1-4904-83f3-08b0a755b8ed:c4]
2019-09-11 20:06:02,254 [java.util.concurrent.ThreadPoolExecutor$Worker@39cc96d6[State = -1, empty queue]] WARN  server.GrpcLogAppender (GrpcLogAppender.java:timeoutAppendRequest(200)) - 9bb405f0-f563-4579-83ea-0bbe163a9fbc@group-C7A422292FA5->e0c56373-add1-4904-83f3-08b0a755b8ed-GrpcLogAppender: appendEntries Timeout, request=9bb405f0-f563-4579-83ea-0bbe163a9fbc->e0c56373-add1-4904-83f3-08b0a755b8ed#37-t1, previous=(t:1, i:12), leaderCommit=6, initializing? false, entries: <empty>
2019-09-11 20:06:02,254 [java.util.concurrent.ThreadPoolExecutor$Worker@3aabbd53[State = -1, empty queue]] WARN  server.GrpcLogAppender (GrpcLogAppender.java:timeoutAppendRequest(200)) - 9bb405f0-f563-4579-83ea-0bbe163a9fbc@group-C7A422292FA5->802f7a56-3ac2-455e-92a2-71244eb20cf7-GrpcLogAppender: appendEntries Timeout, request=9bb405f0-f563-4579-83ea-0bbe163a9fbc->802f7a56-3ac2-455e-92a2-71244eb20cf7#37-t1, previous=(t:1, i:12), leaderCommit=6, initializing? false, entries: <empty>
2019-09-11 20:06:04,755 [java.util.concurrent.ThreadPoolExecutor$Worker@39cc96d6[State = -1, empty queue]] WARN  server.GrpcLogAppender (GrpcLogAppender.java:timeoutAppendRequest(200)) - 9bb405f0-f563-4579-83ea-0bbe163a9fbc@group-C7A422292FA5->e0c56373-add1-4904-83f3-08b0a755b8ed-GrpcLogAppender: appendEntries Timeout, request=9bb405f0-f563-4579-83ea-0bbe163a9fbc->e0c56373-add1-4904-83f3-08b0a755b8ed#38-t1, previous=(t:1, i:12), leaderCommit=6, initializing? false, entries: <empty>
2019-09-11 20:06:04,755 [java.util.concurrent.ThreadPoolExecutor$Worker@3aabbd53[State = -1, empty queue]] WARN  server.GrpcLogAppender (GrpcLogAppender.java:timeoutAppendRequest(200)) - 9bb405f0-f563-4579-83ea-0bbe163a9fbc@group-C7A422292FA5->802f7a56-3ac2-455e-92a2-71244eb20cf7-GrpcLogAppender: appendEntries Timeout, request=9bb405f0-f563-4579-83ea-0bbe163a9fbc->802f7a56-3ac2-455e-92a2-71244eb20cf7#38-t1, previous=(t:1, i:12), leaderCommit=6, initializing? false, entries: <empty>
2019-09-11 20:06:04,831 [grpc-default-executor-1] INFO  impl.RaftServerProxy (RaftServerProxy.java:remove(95)) - 802f7a56-3ac2-455e-92a2-71244eb20cf7: remove group-CB0F6128481C:null
2019-09-11 20:06:04,834 [RatisPipelineUtilsThread] WARN  pipeline.RatisPipelineUtils (RatisPipelineUtils.java:destroyPipeline(66)) - Pipeline destroy failed for pipeline=PipelineID=81716df0-3bfb-41b4-bf98-cb0f6128481c dn=802f7a56-3ac2-455e-92a2-71244eb20cf7{ip: 192.168.36.83, host: pr-hdds-2096-jg2tg-1247294052, networkLocation: /default-rack, certSerialId: null}
2019-09-11 20:06:04,837 [grpc-default-executor-1] INFO  impl.RaftServerProxy (RaftServerProxy.java:remove(95)) - e0c56373-add1-4904-83f3-08b0a755b8ed: remove group-CB0F6128481C:null
2019-09-11 20:06:04,839 [RatisPipelineUtilsThread] WARN  pipeline.RatisPipelineUtils (RatisPipelineUtils.java:destroyPipeline(66)) - Pipeline destroy failed for pipeline=PipelineID=81716df0-3bfb-41b4-bf98-cb0f6128481c dn=e0c56373-add1-4904-83f3-08b0a755b8ed{ip: 192.168.36.83, host: pr-hdds-2096-jg2tg-1247294052, networkLocation: /default-rack, certSerialId: null}
2019-09-11 20:06:04,842 [grpc-default-executor-1] INFO  impl.RaftServerProxy (RaftServerProxy.java:remove(95)) - 9bb405f0-f563-4579-83ea-0bbe163a9fbc: remove group-CB0F6128481C:null
2019-09-11 20:06:04,843 [RatisPipelineUtilsThread] WARN  pipeline.RatisPipelineUtils (RatisPipelineUtils.java:destroyPipeline(66)) - Pipeline destroy failed for pipeline=PipelineID=81716df0-3bfb-41b4-bf98-cb0f6128481c dn=9bb405f0-f563-4579-83ea-0bbe163a9fbc{ip: 192.168.36.83, host: pr-hdds-2096-jg2tg-1247294052, networkLocation: /default-rack, certSerialId: null}
2019-09-11 20:06:04,844 [RatisPipelineUtilsThread] ERROR pipeline.SCMPipelineManager (Scheduler.java:lambda$schedule$1(70)) - Destroy pipeline failed for pipeline:Pipeline[ Id: 81716df0-3bfb-41b4-bf98-cb0f6128481c, Nodes: 802f7a56-3ac2-455e-92a2-71244eb20cf7{ip: 192.168.36.83, host: pr-hdds-2096-jg2tg-1247294052, networkLocation: /default-rack, certSerialId: null}e0c56373-add1-4904-83f3-08b0a755b8ed{ip: 192.168.36.83, host: pr-hdds-2096-jg2tg-1247294052, networkLocation: /default-rack, certSerialId: null}9bb405f0-f563-4579-83ea-0bbe163a9fbc{ip: 192.168.36.83, host: pr-hdds-2096-jg2tg-1247294052, networkLocation: /default-rack, certSerialId: null}, Type:RATIS, Factor:THREE, State:CLOSED]
org.apache.hadoop.hdds.scm.pipeline.PipelineNotFoundException: PipelineID=81716df0-3bfb-41b4-bf98-cb0f6128481c not found
	at org.apache.hadoop.hdds.scm.pipeline.PipelineStateMap.getPipeline(PipelineStateMap.java:132)
	at org.apache.hadoop.hdds.scm.pipeline.PipelineStateMap.removePipeline(PipelineStateMap.java:322)
	at org.apache.hadoop.hdds.scm.pipeline.PipelineStateManager.removePipeline(PipelineStateManager.java:107)
	at org.apache.hadoop.hdds.scm.pipeline.SCMPipelineManager.removePipeline(SCMPipelineManager.java:423)
	at org.apache.hadoop.hdds.scm.pipeline.SCMPipelineManager.destroyPipeline(SCMPipelineManager.java:409)
	at org.apache.hadoop.hdds.scm.pipeline.SCMPipelineManager.lambda$finalizeAndDestroyPipeline$0(SCMPipelineManager.java:318)
	at org.apache.hadoop.utils.Scheduler.lambda$schedule$1(Scheduler.java:68)
	at java.util.concurrent.Executors$RunnableAdapter.call(Executors.java:511)
	at java.util.concurrent.FutureTask.run(FutureTask.java:266)
	at java.util.concurrent.ScheduledThreadPoolExecutor$ScheduledFutureTask.access$201(ScheduledThreadPoolExecutor.java:180)
	at java.util.concurrent.ScheduledThreadPoolExecutor$ScheduledFutureTask.run(ScheduledThreadPoolExecutor.java:293)
	at java.util.concurrent.ThreadPoolExecutor.runWorker(ThreadPoolExecutor.java:1149)
	at java.util.concurrent.ThreadPoolExecutor$Worker.run(ThreadPoolExecutor.java:624)
	at java.lang.Thread.run(Thread.java:748)
2019-09-11 20:06:06,748 [e0c56373-add1-4904-83f3-08b0a755b8ed@group-C7A422292FA5-SegmentedRaftLogWorker] WARN  segmented.SegmentedRaftLogWorker (SegmentedRaftLogWorker.java:getFromFuture(90)) - Timeout 4/~
org.apache.ratis.protocol.TimeoutIOException: Timeout 10s: WriteLog:7: (t:1, i:7), STATEMACHINELOGENTRY, client-FE03BA7EFCF8, cid=134-writeStateMachineData
	at org.apache.ratis.util.IOUtils.getFromFuture(IOUtils.java:87)
	at org.apache.ratis.server.raftlog.segmented.SegmentedRaftLogWorker$StateMachineDataPolicy.getFromFuture(SegmentedRaftLogWorker.java:87)
	at org.apache.ratis.server.raftlog.segmented.SegmentedRaftLogWorker$WriteLog.execute(SegmentedRaftLogWorker.java:477)
	at org.apache.ratis.server.raftlog.segmented.SegmentedRaftLogWorker.run(SegmentedRaftLogWorker.java:289)
	at java.lang.Thread.run(Thread.java:748)
Caused by: java.util.concurrent.TimeoutException
	at java.util.concurrent.CompletableFuture.timedGet(CompletableFuture.java:1771)
	at java.util.concurrent.CompletableFuture.get(CompletableFuture.java:1915)
	at org.apache.ratis.util.IOUtils.getFromFuture(IOUtils.java:79)
	... 4 more
2019-09-11 20:06:06,831 [grpc-default-executor-1] INFO  impl.RaftServerProxy (RaftServerProxy.java:remove(95)) - 802f7a56-3ac2-455e-92a2-71244eb20cf7: remove group-CB0F6128481C:null
2019-09-11 20:06:06,834 [RatisPipelineUtilsThread] WARN  pipeline.RatisPipelineUtils (RatisPipelineUtils.java:destroyPipeline(66)) - Pipeline destroy failed for pipeline=PipelineID=81716df0-3bfb-41b4-bf98-cb0f6128481c dn=802f7a56-3ac2-455e-92a2-71244eb20cf7{ip: 192.168.36.83, host: pr-hdds-2096-jg2tg-1247294052, networkLocation: /default-rack, certSerialId: null}
2019-09-11 20:06:06,837 [grpc-default-executor-1] INFO  impl.RaftServerProxy (RaftServerProxy.java:remove(95)) - e0c56373-add1-4904-83f3-08b0a755b8ed: remove group-CB0F6128481C:null
2019-09-11 20:06:06,840 [RatisPipelineUtilsThread] WARN  pipeline.RatisPipelineUtils (RatisPipelineUtils.java:destroyPipeline(66)) - Pipeline destroy failed for pipeline=PipelineID=81716df0-3bfb-41b4-bf98-cb0f6128481c dn=e0c56373-add1-4904-83f3-08b0a755b8ed{ip: 192.168.36.83, host: pr-hdds-2096-jg2tg-1247294052, networkLocation: /default-rack, certSerialId: null}
2019-09-11 20:06:06,843 [grpc-default-executor-1] INFO  impl.RaftServerProxy (RaftServerProxy.java:remove(95)) - 9bb405f0-f563-4579-83ea-0bbe163a9fbc: remove group-CB0F6128481C:null
2019-09-11 20:06:06,846 [RatisPipelineUtilsThread] WARN  pipeline.RatisPipelineUtils (RatisPipelineUtils.java:destroyPipeline(66)) - Pipeline destroy failed for pipeline=PipelineID=81716df0-3bfb-41b4-bf98-cb0f6128481c dn=9bb405f0-f563-4579-83ea-0bbe163a9fbc{ip: 192.168.36.83, host: pr-hdds-2096-jg2tg-1247294052, networkLocation: /default-rack, certSerialId: null}
2019-09-11 20:06:06,846 [RatisPipelineUtilsThread] ERROR pipeline.SCMPipelineManager (Scheduler.java:lambda$schedule$1(70)) - Destroy pipeline failed for pipeline:Pipeline[ Id: 81716df0-3bfb-41b4-bf98-cb0f6128481c, Nodes: 802f7a56-3ac2-455e-92a2-71244eb20cf7{ip: 192.168.36.83, host: pr-hdds-2096-jg2tg-1247294052, networkLocation: /default-rack, certSerialId: null}e0c56373-add1-4904-83f3-08b0a755b8ed{ip: 192.168.36.83, host: pr-hdds-2096-jg2tg-1247294052, networkLocation: /default-rack, certSerialId: null}9bb405f0-f563-4579-83ea-0bbe163a9fbc{ip: 192.168.36.83, host: pr-hdds-2096-jg2tg-1247294052, networkLocation: /default-rack, certSerialId: null}, Type:RATIS, Factor:THREE, State:CLOSED]
org.apache.hadoop.hdds.scm.pipeline.PipelineNotFoundException: PipelineID=81716df0-3bfb-41b4-bf98-cb0f6128481c not found
	at org.apache.hadoop.hdds.scm.pipeline.PipelineStateMap.getPipeline(PipelineStateMap.java:132)
	at org.apache.hadoop.hdds.scm.pipeline.PipelineStateMap.removePipeline(PipelineStateMap.java:322)
	at org.apache.hadoop.hdds.scm.pipeline.PipelineStateManager.removePipeline(PipelineStateManager.java:107)
	at org.apache.hadoop.hdds.scm.pipeline.SCMPipelineManager.removePipeline(SCMPipelineManager.java:423)
	at org.apache.hadoop.hdds.scm.pipeline.SCMPipelineManager.destroyPipeline(SCMPipelineManager.java:409)
	at org.apache.hadoop.hdds.scm.pipeline.SCMPipelineManager.lambda$finalizeAndDestroyPipeline$0(SCMPipelineManager.java:318)
	at org.apache.hadoop.utils.Scheduler.lambda$schedule$1(Scheduler.java:68)
	at java.util.concurrent.Executors$RunnableAdapter.call(Executors.java:511)
	at java.util.concurrent.FutureTask.run(FutureTask.java:266)
	at java.util.concurrent.ScheduledThreadPoolExecutor$ScheduledFutureTask.access$201(ScheduledThreadPoolExecutor.java:180)
	at java.util.concurrent.ScheduledThreadPoolExecutor$ScheduledFutureTask.run(ScheduledThreadPoolExecutor.java:293)
	at java.util.concurrent.ThreadPoolExecutor.runWorker(ThreadPoolExecutor.java:1149)
	at java.util.concurrent.ThreadPoolExecutor$Worker.run(ThreadPoolExecutor.java:624)
	at java.lang.Thread.run(Thread.java:748)
2019-09-11 20:06:06,868 [9bb405f0-f563-4579-83ea-0bbe163a9fbc@group-C7A422292FA5-SegmentedRaftLogWorker] WARN  segmented.SegmentedRaftLogWorker (SegmentedRaftLogWorker.java:getFromFuture(90)) - Timeout 4/~
org.apache.ratis.protocol.TimeoutIOException: Timeout 10s: WriteLog:8: (t:1, i:8), STATEMACHINELOGENTRY, client-FE03BA7EFCF8, cid=135-writeStateMachineData
	at org.apache.ratis.util.IOUtils.getFromFuture(IOUtils.java:87)
	at org.apache.ratis.server.raftlog.segmented.SegmentedRaftLogWorker$StateMachineDataPolicy.getFromFuture(SegmentedRaftLogWorker.java:87)
	at org.apache.ratis.server.raftlog.segmented.SegmentedRaftLogWorker$WriteLog.execute(SegmentedRaftLogWorker.java:477)
	at org.apache.ratis.server.raftlog.segmented.SegmentedRaftLogWorker.run(SegmentedRaftLogWorker.java:289)
	at java.lang.Thread.run(Thread.java:748)
Caused by: java.util.concurrent.TimeoutException
	at java.util.concurrent.CompletableFuture.timedGet(CompletableFuture.java:1771)
	at java.util.concurrent.CompletableFuture.get(CompletableFuture.java:1915)
	at org.apache.ratis.util.IOUtils.getFromFuture(IOUtils.java:79)
	... 4 more
2019-09-11 20:06:06,869 [802f7a56-3ac2-455e-92a2-71244eb20cf7@group-C7A422292FA5-SegmentedRaftLogWorker] WARN  segmented.SegmentedRaftLogWorker (SegmentedRaftLogWorker.java:getFromFuture(90)) - Timeout 4/~
org.apache.ratis.protocol.TimeoutIOException: Timeout 10s: WriteLog:8: (t:1, i:8), STATEMACHINELOGENTRY, client-FE03BA7EFCF8, cid=135-writeStateMachineData
	at org.apache.ratis.util.IOUtils.getFromFuture(IOUtils.java:87)
	at org.apache.ratis.server.raftlog.segmented.SegmentedRaftLogWorker$StateMachineDataPolicy.getFromFuture(SegmentedRaftLogWorker.java:87)
	at org.apache.ratis.server.raftlog.segmented.SegmentedRaftLogWorker$WriteLog.execute(SegmentedRaftLogWorker.java:477)
	at org.apache.ratis.server.raftlog.segmented.SegmentedRaftLogWorker.run(SegmentedRaftLogWorker.java:289)
	at java.lang.Thread.run(Thread.java:748)
Caused by: java.util.concurrent.TimeoutException
	at java.util.concurrent.CompletableFuture.timedGet(CompletableFuture.java:1771)
	at java.util.concurrent.CompletableFuture.get(CompletableFuture.java:1915)
	at org.apache.ratis.util.IOUtils.getFromFuture(IOUtils.java:79)
	... 4 more
2019-09-11 20:06:07,235 [grpc-default-executor-1] INFO  client.GrpcClientProtocolClient (GrpcClientProtocolClient.java:onNext(264)) - client-FE03BA7EFCF8->e0c56373-add1-4904-83f3-08b0a755b8ed: receive RaftClientReply:client-FE03BA7EFCF8->e0c56373-add1-4904-83f3-08b0a755b8ed@group-C7A422292FA5, cid=134, FAILED org.apache.ratis.protocol.NotLeaderException: Server e0c56373-add1-4904-83f3-08b0a755b8ed@group-C7A422292FA5 is not the leader 9bb405f0-f563-4579-83ea-0bbe163a9fbc:192.168.36.83:46254, logIndex=0, commits[e0c56373-add1-4904-83f3-08b0a755b8ed:c6, 802f7a56-3ac2-455e-92a2-71244eb20cf7:c4, 9bb405f0-f563-4579-83ea-0bbe163a9fbc:c6]
2019-09-11 20:06:07,255 [java.util.concurrent.ThreadPoolExecutor$Worker@39cc96d6[State = -1, empty queue]] WARN  server.GrpcLogAppender (GrpcLogAppender.java:timeoutAppendRequest(200)) - 9bb405f0-f563-4579-83ea-0bbe163a9fbc@group-C7A422292FA5->e0c56373-add1-4904-83f3-08b0a755b8ed-GrpcLogAppender: appendEntries Timeout, request=9bb405f0-f563-4579-83ea-0bbe163a9fbc->e0c56373-add1-4904-83f3-08b0a755b8ed#39-t1, previous=(t:1, i:12), leaderCommit=6, initializing? false, entries: <empty>
2019-09-11 20:06:07,255 [java.util.concurrent.ThreadPoolExecutor$Worker@3aabbd53[State = -1, empty queue]] WARN  server.GrpcLogAppender (GrpcLogAppender.java:timeoutAppendRequest(200)) - 9bb405f0-f563-4579-83ea-0bbe163a9fbc@group-C7A422292FA5->802f7a56-3ac2-455e-92a2-71244eb20cf7-GrpcLogAppender: appendEntries Timeout, request=9bb405f0-f563-4579-83ea-0bbe163a9fbc->802f7a56-3ac2-455e-92a2-71244eb20cf7#39-t1, previous=(t:1, i:12), leaderCommit=6, initializing? false, entries: <empty>
2019-09-11 20:06:09,756 [java.util.concurrent.ThreadPoolExecutor$Worker@3aabbd53[State = -1, empty queue]] WARN  server.GrpcLogAppender (GrpcLogAppender.java:timeoutAppendRequest(200)) - 9bb405f0-f563-4579-83ea-0bbe163a9fbc@group-C7A422292FA5->802f7a56-3ac2-455e-92a2-71244eb20cf7-GrpcLogAppender: appendEntries Timeout, request=9bb405f0-f563-4579-83ea-0bbe163a9fbc->802f7a56-3ac2-455e-92a2-71244eb20cf7#40-t1, previous=(t:1, i:12), leaderCommit=6, initializing? false, entries: <empty>
2019-09-11 20:06:09,756 [java.util.concurrent.ThreadPoolExecutor$Worker@39cc96d6[State = -1, empty queue]] WARN  server.GrpcLogAppender (GrpcLogAppender.java:timeoutAppendRequest(200)) - 9bb405f0-f563-4579-83ea-0bbe163a9fbc@group-C7A422292FA5->e0c56373-add1-4904-83f3-08b0a755b8ed-GrpcLogAppender: appendEntries Timeout, request=9bb405f0-f563-4579-83ea-0bbe163a9fbc->e0c56373-add1-4904-83f3-08b0a755b8ed#40-t1, previous=(t:1, i:12), leaderCommit=6, initializing? false, entries: <empty>
2019-09-11 20:06:09,832 [grpc-default-executor-1] INFO  impl.RaftServerProxy (RaftServerProxy.java:remove(95)) - 802f7a56-3ac2-455e-92a2-71244eb20cf7: remove group-CB0F6128481C:null
2019-09-11 20:06:09,836 [RatisPipelineUtilsThread] WARN  pipeline.RatisPipelineUtils (RatisPipelineUtils.java:destroyPipeline(66)) - Pipeline destroy failed for pipeline=PipelineID=81716df0-3bfb-41b4-bf98-cb0f6128481c dn=802f7a56-3ac2-455e-92a2-71244eb20cf7{ip: 192.168.36.83, host: pr-hdds-2096-jg2tg-1247294052, networkLocation: /default-rack, certSerialId: null}
2019-09-11 20:06:09,839 [grpc-default-executor-1] INFO  impl.RaftServerProxy (RaftServerProxy.java:remove(95)) - e0c56373-add1-4904-83f3-08b0a755b8ed: remove group-CB0F6128481C:null
2019-09-11 20:06:09,841 [RatisPipelineUtilsThread] WARN  pipeline.RatisPipelineUtils (RatisPipelineUtils.java:destroyPipeline(66)) - Pipeline destroy failed for pipeline=PipelineID=81716df0-3bfb-41b4-bf98-cb0f6128481c dn=e0c56373-add1-4904-83f3-08b0a755b8ed{ip: 192.168.36.83, host: pr-hdds-2096-jg2tg-1247294052, networkLocation: /default-rack, certSerialId: null}
2019-09-11 20:06:09,844 [grpc-default-executor-1] INFO  impl.RaftServerProxy (RaftServerProxy.java:remove(95)) - 9bb405f0-f563-4579-83ea-0bbe163a9fbc: remove group-CB0F6128481C:null
2019-09-11 20:06:09,846 [RatisPipelineUtilsThread] WARN  pipeline.RatisPipelineUtils (RatisPipelineUtils.java:destroyPipeline(66)) - Pipeline destroy failed for pipeline=PipelineID=81716df0-3bfb-41b4-bf98-cb0f6128481c dn=9bb405f0-f563-4579-83ea-0bbe163a9fbc{ip: 192.168.36.83, host: pr-hdds-2096-jg2tg-1247294052, networkLocation: /default-rack, certSerialId: null}
2019-09-11 20:06:09,847 [RatisPipelineUtilsThread] ERROR pipeline.SCMPipelineManager (Scheduler.java:lambda$schedule$1(70)) - Destroy pipeline failed for pipeline:Pipeline[ Id: 81716df0-3bfb-41b4-bf98-cb0f6128481c, Nodes: 802f7a56-3ac2-455e-92a2-71244eb20cf7{ip: 192.168.36.83, host: pr-hdds-2096-jg2tg-1247294052, networkLocation: /default-rack, certSerialId: null}e0c56373-add1-4904-83f3-08b0a755b8ed{ip: 192.168.36.83, host: pr-hdds-2096-jg2tg-1247294052, networkLocation: /default-rack, certSerialId: null}9bb405f0-f563-4579-83ea-0bbe163a9fbc{ip: 192.168.36.83, host: pr-hdds-2096-jg2tg-1247294052, networkLocation: /default-rack, certSerialId: null}, Type:RATIS, Factor:THREE, State:CLOSED]
org.apache.hadoop.hdds.scm.pipeline.PipelineNotFoundException: PipelineID=81716df0-3bfb-41b4-bf98-cb0f6128481c not found
	at org.apache.hadoop.hdds.scm.pipeline.PipelineStateMap.getPipeline(PipelineStateMap.java:132)
	at org.apache.hadoop.hdds.scm.pipeline.PipelineStateMap.removePipeline(PipelineStateMap.java:322)
	at org.apache.hadoop.hdds.scm.pipeline.PipelineStateManager.removePipeline(PipelineStateManager.java:107)
	at org.apache.hadoop.hdds.scm.pipeline.SCMPipelineManager.removePipeline(SCMPipelineManager.java:423)
	at org.apache.hadoop.hdds.scm.pipeline.SCMPipelineManager.destroyPipeline(SCMPipelineManager.java:409)
	at org.apache.hadoop.hdds.scm.pipeline.SCMPipelineManager.lambda$finalizeAndDestroyPipeline$0(SCMPipelineManager.java:318)
	at org.apache.hadoop.utils.Scheduler.lambda$schedule$1(Scheduler.java:68)
	at java.util.concurrent.Executors$RunnableAdapter.call(Executors.java:511)
	at java.util.concurrent.FutureTask.run(FutureTask.java:266)
	at java.util.concurrent.ScheduledThreadPoolExecutor$ScheduledFutureTask.access$201(ScheduledThreadPoolExecutor.java:180)
	at java.util.concurrent.ScheduledThreadPoolExecutor$ScheduledFutureTask.run(ScheduledThreadPoolExecutor.java:293)
	at java.util.concurrent.ThreadPoolExecutor.runWorker(ThreadPoolExecutor.java:1149)
	at java.util.concurrent.ThreadPoolExecutor$Worker.run(ThreadPoolExecutor.java:624)
	at java.lang.Thread.run(Thread.java:748)
2019-09-11 20:06:11,830 [grpc-default-executor-1] INFO  impl.RaftServerProxy (RaftServerProxy.java:remove(95)) - 802f7a56-3ac2-455e-92a2-71244eb20cf7: remove group-CB0F6128481C:null
2019-09-11 20:06:11,833 [RatisPipelineUtilsThread] WARN  pipeline.RatisPipelineUtils (RatisPipelineUtils.java:destroyPipeline(66)) - Pipeline destroy failed for pipeline=PipelineID=81716df0-3bfb-41b4-bf98-cb0f6128481c dn=802f7a56-3ac2-455e-92a2-71244eb20cf7{ip: 192.168.36.83, host: pr-hdds-2096-jg2tg-1247294052, networkLocation: /default-rack, certSerialId: null}
2019-09-11 20:06:11,836 [grpc-default-executor-1] INFO  impl.RaftServerProxy (RaftServerProxy.java:remove(95)) - e0c56373-add1-4904-83f3-08b0a755b8ed: remove group-CB0F6128481C:null
2019-09-11 20:06:11,838 [RatisPipelineUtilsThread] WARN  pipeline.RatisPipelineUtils (RatisPipelineUtils.java:destroyPipeline(66)) - Pipeline destroy failed for pipeline=PipelineID=81716df0-3bfb-41b4-bf98-cb0f6128481c dn=e0c56373-add1-4904-83f3-08b0a755b8ed{ip: 192.168.36.83, host: pr-hdds-2096-jg2tg-1247294052, networkLocation: /default-rack, certSerialId: null}
2019-09-11 20:06:11,842 [grpc-default-executor-1] INFO  impl.RaftServerProxy (RaftServerProxy.java:remove(95)) - 9bb405f0-f563-4579-83ea-0bbe163a9fbc: remove group-CB0F6128481C:null
2019-09-11 20:06:11,844 [RatisPipelineUtilsThread] WARN  pipeline.RatisPipelineUtils (RatisPipelineUtils.java:destroyPipeline(66)) - Pipeline destroy failed for pipeline=PipelineID=81716df0-3bfb-41b4-bf98-cb0f6128481c dn=9bb405f0-f563-4579-83ea-0bbe163a9fbc{ip: 192.168.36.83, host: pr-hdds-2096-jg2tg-1247294052, networkLocation: /default-rack, certSerialId: null}
2019-09-11 20:06:11,844 [RatisPipelineUtilsThread] ERROR pipeline.SCMPipelineManager (Scheduler.java:lambda$schedule$1(70)) - Destroy pipeline failed for pipeline:Pipeline[ Id: 81716df0-3bfb-41b4-bf98-cb0f6128481c, Nodes: 802f7a56-3ac2-455e-92a2-71244eb20cf7{ip: 192.168.36.83, host: pr-hdds-2096-jg2tg-1247294052, networkLocation: /default-rack, certSerialId: null}e0c56373-add1-4904-83f3-08b0a755b8ed{ip: 192.168.36.83, host: pr-hdds-2096-jg2tg-1247294052, networkLocation: /default-rack, certSerialId: null}9bb405f0-f563-4579-83ea-0bbe163a9fbc{ip: 192.168.36.83, host: pr-hdds-2096-jg2tg-1247294052, networkLocation: /default-rack, certSerialId: null}, Type:RATIS, Factor:THREE, State:CLOSED]
org.apache.hadoop.hdds.scm.pipeline.PipelineNotFoundException: PipelineID=81716df0-3bfb-41b4-bf98-cb0f6128481c not found
	at org.apache.hadoop.hdds.scm.pipeline.PipelineStateMap.getPipeline(PipelineStateMap.java:132)
	at org.apache.hadoop.hdds.scm.pipeline.PipelineStateMap.removePipeline(PipelineStateMap.java:322)
	at org.apache.hadoop.hdds.scm.pipeline.PipelineStateManager.removePipeline(PipelineStateManager.java:107)
	at org.apache.hadoop.hdds.scm.pipeline.SCMPipelineManager.removePipeline(SCMPipelineManager.java:423)
	at org.apache.hadoop.hdds.scm.pipeline.SCMPipelineManager.destroyPipeline(SCMPipelineManager.java:409)
	at org.apache.hadoop.hdds.scm.pipeline.SCMPipelineManager.lambda$finalizeAndDestroyPipeline$0(SCMPipelineManager.java:318)
	at org.apache.hadoop.utils.Scheduler.lambda$schedule$1(Scheduler.java:68)
	at java.util.concurrent.Executors$RunnableAdapter.call(Executors.java:511)
	at java.util.concurrent.FutureTask.run(FutureTask.java:266)
	at java.util.concurrent.ScheduledThreadPoolExecutor$ScheduledFutureTask.access$201(ScheduledThreadPoolExecutor.java:180)
	at java.util.concurrent.ScheduledThreadPoolExecutor$ScheduledFutureTask.run(ScheduledThreadPoolExecutor.java:293)
	at java.util.concurrent.ThreadPoolExecutor.runWorker(ThreadPoolExecutor.java:1149)
	at java.util.concurrent.ThreadPoolExecutor$Worker.run(ThreadPoolExecutor.java:624)
	at java.lang.Thread.run(Thread.java:748)
2019-09-11 20:06:12,256 [java.util.concurrent.ThreadPoolExecutor$Worker@3aabbd53[State = -1, empty queue]] WARN  server.GrpcLogAppender (GrpcLogAppender.java:timeoutAppendRequest(200)) - 9bb405f0-f563-4579-83ea-0bbe163a9fbc@group-C7A422292FA5->802f7a56-3ac2-455e-92a2-71244eb20cf7-GrpcLogAppender: appendEntries Timeout, request=9bb405f0-f563-4579-83ea-0bbe163a9fbc->802f7a56-3ac2-455e-92a2-71244eb20cf7#41-t1, previous=(t:1, i:12), leaderCommit=6, initializing? false, entries: <empty>
2019-09-11 20:06:12,256 [java.util.concurrent.ThreadPoolExecutor$Worker@39cc96d6[State = -1, empty queue]] WARN  server.GrpcLogAppender (GrpcLogAppender.java:timeoutAppendRequest(200)) - 9bb405f0-f563-4579-83ea-0bbe163a9fbc@group-C7A422292FA5->e0c56373-add1-4904-83f3-08b0a755b8ed-GrpcLogAppender: appendEntries Timeout, request=9bb405f0-f563-4579-83ea-0bbe163a9fbc->e0c56373-add1-4904-83f3-08b0a755b8ed#41-t1, previous=(t:1, i:12), leaderCommit=6, initializing? false, entries: <empty>
2019-09-11 20:06:12,280 [grpc-default-executor-1] INFO  client.GrpcClientProtocolClient (GrpcClientProtocolClient.java:onNext(264)) - client-FE03BA7EFCF8->802f7a56-3ac2-455e-92a2-71244eb20cf7: receive RaftClientReply:client-FE03BA7EFCF8->802f7a56-3ac2-455e-92a2-71244eb20cf7@group-C7A422292FA5, cid=134, FAILED org.apache.ratis.protocol.NotLeaderException: Server 802f7a56-3ac2-455e-92a2-71244eb20cf7@group-C7A422292FA5 is not the leader 9bb405f0-f563-4579-83ea-0bbe163a9fbc:192.168.36.83:46254, logIndex=0, commits[802f7a56-3ac2-455e-92a2-71244eb20cf7:c6, 9bb405f0-f563-4579-83ea-0bbe163a9fbc:c6, e0c56373-add1-4904-83f3-08b0a755b8ed:c4]
2019-09-11 20:06:14,756 [java.util.concurrent.ThreadPoolExecutor$Worker@3aabbd53[State = -1, empty queue]] WARN  server.GrpcLogAppender (GrpcLogAppender.java:timeoutAppendRequest(200)) - 9bb405f0-f563-4579-83ea-0bbe163a9fbc@group-C7A422292FA5->802f7a56-3ac2-455e-92a2-71244eb20cf7-GrpcLogAppender: appendEntries Timeout, request=9bb405f0-f563-4579-83ea-0bbe163a9fbc->802f7a56-3ac2-455e-92a2-71244eb20cf7#42-t1, previous=(t:1, i:12), leaderCommit=6, initializing? false, entries: <empty>
2019-09-11 20:06:14,756 [java.util.concurrent.ThreadPoolExecutor$Worker@39cc96d6[State = -1, empty queue]] WARN  server.GrpcLogAppender (GrpcLogAppender.java:timeoutAppendRequest(200)) - 9bb405f0-f563-4579-83ea-0bbe163a9fbc@group-C7A422292FA5->e0c56373-add1-4904-83f3-08b0a755b8ed-GrpcLogAppender: appendEntries Timeout, request=9bb405f0-f563-4579-83ea-0bbe163a9fbc->e0c56373-add1-4904-83f3-08b0a755b8ed#42-t1, previous=(t:1, i:12), leaderCommit=6, initializing? false, entries: <empty>
2019-09-11 20:06:14,833 [grpc-default-executor-1] INFO  impl.RaftServerProxy (RaftServerProxy.java:remove(95)) - 802f7a56-3ac2-455e-92a2-71244eb20cf7: remove group-CB0F6128481C:null
2019-09-11 20:06:14,836 [RatisPipelineUtilsThread] WARN  pipeline.RatisPipelineUtils (RatisPipelineUtils.java:destroyPipeline(66)) - Pipeline destroy failed for pipeline=PipelineID=81716df0-3bfb-41b4-bf98-cb0f6128481c dn=802f7a56-3ac2-455e-92a2-71244eb20cf7{ip: 192.168.36.83, host: pr-hdds-2096-jg2tg-1247294052, networkLocation: /default-rack, certSerialId: null}
2019-09-11 20:06:14,839 [grpc-default-executor-1] INFO  impl.RaftServerProxy (RaftServerProxy.java:remove(95)) - e0c56373-add1-4904-83f3-08b0a755b8ed: remove group-CB0F6128481C:null
2019-09-11 20:06:14,841 [RatisPipelineUtilsThread] WARN  pipeline.RatisPipelineUtils (RatisPipelineUtils.java:destroyPipeline(66)) - Pipeline destroy failed for pipeline=PipelineID=81716df0-3bfb-41b4-bf98-cb0f6128481c dn=e0c56373-add1-4904-83f3-08b0a755b8ed{ip: 192.168.36.83, host: pr-hdds-2096-jg2tg-1247294052, networkLocation: /default-rack, certSerialId: null}
2019-09-11 20:06:14,844 [grpc-default-executor-1] INFO  impl.RaftServerProxy (RaftServerProxy.java:remove(95)) - 9bb405f0-f563-4579-83ea-0bbe163a9fbc: remove group-CB0F6128481C:null
2019-09-11 20:06:14,846 [RatisPipelineUtilsThread] WARN  pipeline.RatisPipelineUtils (RatisPipelineUtils.java:destroyPipeline(66)) - Pipeline destroy failed for pipeline=PipelineID=81716df0-3bfb-41b4-bf98-cb0f6128481c dn=9bb405f0-f563-4579-83ea-0bbe163a9fbc{ip: 192.168.36.83, host: pr-hdds-2096-jg2tg-1247294052, networkLocation: /default-rack, certSerialId: null}
2019-09-11 20:06:14,846 [RatisPipelineUtilsThread] ERROR pipeline.SCMPipelineManager (Scheduler.java:lambda$schedule$1(70)) - Destroy pipeline failed for pipeline:Pipeline[ Id: 81716df0-3bfb-41b4-bf98-cb0f6128481c, Nodes: 802f7a56-3ac2-455e-92a2-71244eb20cf7{ip: 192.168.36.83, host: pr-hdds-2096-jg2tg-1247294052, networkLocation: /default-rack, certSerialId: null}e0c56373-add1-4904-83f3-08b0a755b8ed{ip: 192.168.36.83, host: pr-hdds-2096-jg2tg-1247294052, networkLocation: /default-rack, certSerialId: null}9bb405f0-f563-4579-83ea-0bbe163a9fbc{ip: 192.168.36.83, host: pr-hdds-2096-jg2tg-1247294052, networkLocation: /default-rack, certSerialId: null}, Type:RATIS, Factor:THREE, State:CLOSED]
org.apache.hadoop.hdds.scm.pipeline.PipelineNotFoundException: PipelineID=81716df0-3bfb-41b4-bf98-cb0f6128481c not found
	at org.apache.hadoop.hdds.scm.pipeline.PipelineStateMap.getPipeline(PipelineStateMap.java:132)
	at org.apache.hadoop.hdds.scm.pipeline.PipelineStateMap.removePipeline(PipelineStateMap.java:322)
	at org.apache.hadoop.hdds.scm.pipeline.PipelineStateManager.removePipeline(PipelineStateManager.java:107)
	at org.apache.hadoop.hdds.scm.pipeline.SCMPipelineManager.removePipeline(SCMPipelineManager.java:423)
	at org.apache.hadoop.hdds.scm.pipeline.SCMPipelineManager.destroyPipeline(SCMPipelineManager.java:409)
	at org.apache.hadoop.hdds.scm.pipeline.SCMPipelineManager.lambda$finalizeAndDestroyPipeline$0(SCMPipelineManager.java:318)
	at org.apache.hadoop.utils.Scheduler.lambda$schedule$1(Scheduler.java:68)
	at java.util.concurrent.Executors$RunnableAdapter.call(Executors.java:511)
	at java.util.concurrent.FutureTask.run(FutureTask.java:266)
	at java.util.concurrent.ScheduledThreadPoolExecutor$ScheduledFutureTask.access$201(ScheduledThreadPoolExecutor.java:180)
	at java.util.concurrent.ScheduledThreadPoolExecutor$ScheduledFutureTask.run(ScheduledThreadPoolExecutor.java:293)
	at java.util.concurrent.ThreadPoolExecutor.runWorker(ThreadPoolExecutor.java:1149)
	at java.util.concurrent.ThreadPoolExecutor$Worker.run(ThreadPoolExecutor.java:624)
	at java.lang.Thread.run(Thread.java:748)
2019-09-11 20:06:16,749 [e0c56373-add1-4904-83f3-08b0a755b8ed@group-C7A422292FA5-SegmentedRaftLogWorker] WARN  segmented.SegmentedRaftLogWorker (SegmentedRaftLogWorker.java:getFromFuture(90)) - Timeout 5/~
org.apache.ratis.protocol.TimeoutIOException: Timeout 10s: WriteLog:7: (t:1, i:7), STATEMACHINELOGENTRY, client-FE03BA7EFCF8, cid=134-writeStateMachineData
	at org.apache.ratis.util.IOUtils.getFromFuture(IOUtils.java:87)
	at org.apache.ratis.server.raftlog.segmented.SegmentedRaftLogWorker$StateMachineDataPolicy.getFromFuture(SegmentedRaftLogWorker.java:87)
	at org.apache.ratis.server.raftlog.segmented.SegmentedRaftLogWorker$WriteLog.execute(SegmentedRaftLogWorker.java:477)
	at org.apache.ratis.server.raftlog.segmented.SegmentedRaftLogWorker.run(SegmentedRaftLogWorker.java:289)
	at java.lang.Thread.run(Thread.java:748)
Caused by: java.util.concurrent.TimeoutException
	at java.util.concurrent.CompletableFuture.timedGet(CompletableFuture.java:1771)
	at java.util.concurrent.CompletableFuture.get(CompletableFuture.java:1915)
	at org.apache.ratis.util.IOUtils.getFromFuture(IOUtils.java:79)
	... 4 more
2019-09-11 20:06:16,832 [grpc-default-executor-8] INFO  impl.RaftServerProxy (RaftServerProxy.java:remove(95)) - 802f7a56-3ac2-455e-92a2-71244eb20cf7: remove group-CB0F6128481C:null
2019-09-11 20:06:16,835 [RatisPipelineUtilsThread] WARN  pipeline.RatisPipelineUtils (RatisPipelineUtils.java:destroyPipeline(66)) - Pipeline destroy failed for pipeline=PipelineID=81716df0-3bfb-41b4-bf98-cb0f6128481c dn=802f7a56-3ac2-455e-92a2-71244eb20cf7{ip: 192.168.36.83, host: pr-hdds-2096-jg2tg-1247294052, networkLocation: /default-rack, certSerialId: null}
2019-09-11 20:06:16,839 [grpc-default-executor-8] INFO  impl.RaftServerProxy (RaftServerProxy.java:remove(95)) - e0c56373-add1-4904-83f3-08b0a755b8ed: remove group-CB0F6128481C:null
2019-09-11 20:06:16,841 [RatisPipelineUtilsThread] WARN  pipeline.RatisPipelineUtils (RatisPipelineUtils.java:destroyPipeline(66)) - Pipeline destroy failed for pipeline=PipelineID=81716df0-3bfb-41b4-bf98-cb0f6128481c dn=e0c56373-add1-4904-83f3-08b0a755b8ed{ip: 192.168.36.83, host: pr-hdds-2096-jg2tg-1247294052, networkLocation: /default-rack, certSerialId: null}
2019-09-11 20:06:16,843 [grpc-default-executor-8] INFO  impl.RaftServerProxy (RaftServerProxy.java:remove(95)) - 9bb405f0-f563-4579-83ea-0bbe163a9fbc: remove group-CB0F6128481C:null
2019-09-11 20:06:16,845 [RatisPipelineUtilsThread] WARN  pipeline.RatisPipelineUtils (RatisPipelineUtils.java:destroyPipeline(66)) - Pipeline destroy failed for pipeline=PipelineID=81716df0-3bfb-41b4-bf98-cb0f6128481c dn=9bb405f0-f563-4579-83ea-0bbe163a9fbc{ip: 192.168.36.83, host: pr-hdds-2096-jg2tg-1247294052, networkLocation: /default-rack, certSerialId: null}
2019-09-11 20:06:16,846 [RatisPipelineUtilsThread] ERROR pipeline.SCMPipelineManager (Scheduler.java:lambda$schedule$1(70)) - Destroy pipeline failed for pipeline:Pipeline[ Id: 81716df0-3bfb-41b4-bf98-cb0f6128481c, Nodes: 802f7a56-3ac2-455e-92a2-71244eb20cf7{ip: 192.168.36.83, host: pr-hdds-2096-jg2tg-1247294052, networkLocation: /default-rack, certSerialId: null}e0c56373-add1-4904-83f3-08b0a755b8ed{ip: 192.168.36.83, host: pr-hdds-2096-jg2tg-1247294052, networkLocation: /default-rack, certSerialId: null}9bb405f0-f563-4579-83ea-0bbe163a9fbc{ip: 192.168.36.83, host: pr-hdds-2096-jg2tg-1247294052, networkLocation: /default-rack, certSerialId: null}, Type:RATIS, Factor:THREE, State:CLOSED]
org.apache.hadoop.hdds.scm.pipeline.PipelineNotFoundException: PipelineID=81716df0-3bfb-41b4-bf98-cb0f6128481c not found
	at org.apache.hadoop.hdds.scm.pipeline.PipelineStateMap.getPipeline(PipelineStateMap.java:132)
	at org.apache.hadoop.hdds.scm.pipeline.PipelineStateMap.removePipeline(PipelineStateMap.java:322)
	at org.apache.hadoop.hdds.scm.pipeline.PipelineStateManager.removePipeline(PipelineStateManager.java:107)
	at org.apache.hadoop.hdds.scm.pipeline.SCMPipelineManager.removePipeline(SCMPipelineManager.java:423)
	at org.apache.hadoop.hdds.scm.pipeline.SCMPipelineManager.destroyPipeline(SCMPipelineManager.java:409)
	at org.apache.hadoop.hdds.scm.pipeline.SCMPipelineManager.lambda$finalizeAndDestroyPipeline$0(SCMPipelineManager.java:318)
	at org.apache.hadoop.utils.Scheduler.lambda$schedule$1(Scheduler.java:68)
	at java.util.concurrent.Executors$RunnableAdapter.call(Executors.java:511)
	at java.util.concurrent.FutureTask.run(FutureTask.java:266)
	at java.util.concurrent.ScheduledThreadPoolExecutor$ScheduledFutureTask.access$201(ScheduledThreadPoolExecutor.java:180)
	at java.util.concurrent.ScheduledThreadPoolExecutor$ScheduledFutureTask.run(ScheduledThreadPoolExecutor.java:293)
	at java.util.concurrent.ThreadPoolExecutor.runWorker(ThreadPoolExecutor.java:1149)
	at java.util.concurrent.ThreadPoolExecutor$Worker.run(ThreadPoolExecutor.java:624)
	at java.lang.Thread.run(Thread.java:748)
2019-09-11 20:06:16,868 [9bb405f0-f563-4579-83ea-0bbe163a9fbc@group-C7A422292FA5-SegmentedRaftLogWorker] WARN  segmented.SegmentedRaftLogWorker (SegmentedRaftLogWorker.java:getFromFuture(90)) - Timeout 5/~
org.apache.ratis.protocol.TimeoutIOException: Timeout 10s: WriteLog:8: (t:1, i:8), STATEMACHINELOGENTRY, client-FE03BA7EFCF8, cid=135-writeStateMachineData
	at org.apache.ratis.util.IOUtils.getFromFuture(IOUtils.java:87)
	at org.apache.ratis.server.raftlog.segmented.SegmentedRaftLogWorker$StateMachineDataPolicy.getFromFuture(SegmentedRaftLogWorker.java:87)
	at org.apache.ratis.server.raftlog.segmented.SegmentedRaftLogWorker$WriteLog.execute(SegmentedRaftLogWorker.java:477)
	at org.apache.ratis.server.raftlog.segmented.SegmentedRaftLogWorker.run(SegmentedRaftLogWorker.java:289)
	at java.lang.Thread.run(Thread.java:748)
Caused by: java.util.concurrent.TimeoutException
	at java.util.concurrent.CompletableFuture.timedGet(CompletableFuture.java:1771)
	at java.util.concurrent.CompletableFuture.get(CompletableFuture.java:1915)
	at org.apache.ratis.util.IOUtils.getFromFuture(IOUtils.java:79)
	... 4 more
2019-09-11 20:06:16,870 [802f7a56-3ac2-455e-92a2-71244eb20cf7@group-C7A422292FA5-SegmentedRaftLogWorker] WARN  segmented.SegmentedRaftLogWorker (SegmentedRaftLogWorker.java:getFromFuture(90)) - Timeout 5/~
org.apache.ratis.protocol.TimeoutIOException: Timeout 10s: WriteLog:8: (t:1, i:8), STATEMACHINELOGENTRY, client-FE03BA7EFCF8, cid=135-writeStateMachineData
	at org.apache.ratis.util.IOUtils.getFromFuture(IOUtils.java:87)
	at org.apache.ratis.server.raftlog.segmented.SegmentedRaftLogWorker$StateMachineDataPolicy.getFromFuture(SegmentedRaftLogWorker.java:87)
	at org.apache.ratis.server.raftlog.segmented.SegmentedRaftLogWorker$WriteLog.execute(SegmentedRaftLogWorker.java:477)
	at org.apache.ratis.server.raftlog.segmented.SegmentedRaftLogWorker.run(SegmentedRaftLogWorker.java:289)
	at java.lang.Thread.run(Thread.java:748)
Caused by: java.util.concurrent.TimeoutException
	at java.util.concurrent.CompletableFuture.timedGet(CompletableFuture.java:1771)
	at java.util.concurrent.CompletableFuture.get(CompletableFuture.java:1915)
	at org.apache.ratis.util.IOUtils.getFromFuture(IOUtils.java:79)
	... 4 more
2019-09-11 20:06:17,256 [java.util.concurrent.ThreadPoolExecutor$Worker@39cc96d6[State = -1, empty queue]] WARN  server.GrpcLogAppender (GrpcLogAppender.java:timeoutAppendRequest(200)) - 9bb405f0-f563-4579-83ea-0bbe163a9fbc@group-C7A422292FA5->e0c56373-add1-4904-83f3-08b0a755b8ed-GrpcLogAppender: appendEntries Timeout, request=9bb405f0-f563-4579-83ea-0bbe163a9fbc->e0c56373-add1-4904-83f3-08b0a755b8ed#43-t1, previous=(t:1, i:12), leaderCommit=6, initializing? false, entries: <empty>
2019-09-11 20:06:17,256 [java.util.concurrent.ThreadPoolExecutor$Worker@3aabbd53[State = -1, empty queue]] WARN  server.GrpcLogAppender (GrpcLogAppender.java:timeoutAppendRequest(200)) - 9bb405f0-f563-4579-83ea-0bbe163a9fbc@group-C7A422292FA5->802f7a56-3ac2-455e-92a2-71244eb20cf7-GrpcLogAppender: appendEntries Timeout, request=9bb405f0-f563-4579-83ea-0bbe163a9fbc->802f7a56-3ac2-455e-92a2-71244eb20cf7#43-t1, previous=(t:1, i:12), leaderCommit=6, initializing? false, entries: <empty>
2019-09-11 20:06:17,327 [grpc-default-executor-8] INFO  client.GrpcClientProtocolClient (GrpcClientProtocolClient.java:onNext(264)) - client-FE03BA7EFCF8->802f7a56-3ac2-455e-92a2-71244eb20cf7: receive RaftClientReply:client-FE03BA7EFCF8->802f7a56-3ac2-455e-92a2-71244eb20cf7@group-C7A422292FA5, cid=134, FAILED org.apache.ratis.protocol.NotLeaderException: Server 802f7a56-3ac2-455e-92a2-71244eb20cf7@group-C7A422292FA5 is not the leader 9bb405f0-f563-4579-83ea-0bbe163a9fbc:192.168.36.83:46254, logIndex=0, commits[802f7a56-3ac2-455e-92a2-71244eb20cf7:c6, 9bb405f0-f563-4579-83ea-0bbe163a9fbc:c6, e0c56373-add1-4904-83f3-08b0a755b8ed:c4]
2019-09-11 20:06:19,757 [java.util.concurrent.ThreadPoolExecutor$Worker@3aabbd53[State = -1, empty queue]] WARN  server.GrpcLogAppender (GrpcLogAppender.java:timeoutAppendRequest(200)) - 9bb405f0-f563-4579-83ea-0bbe163a9fbc@group-C7A422292FA5->802f7a56-3ac2-455e-92a2-71244eb20cf7-GrpcLogAppender: appendEntries Timeout, request=9bb405f0-f563-4579-83ea-0bbe163a9fbc->802f7a56-3ac2-455e-92a2-71244eb20cf7#44-t1, previous=(t:1, i:12), leaderCommit=6, initializing? false, entries: <empty>
2019-09-11 20:06:19,757 [java.util.concurrent.ThreadPoolExecutor$Worker@39cc96d6[State = -1, empty queue]] WARN  server.GrpcLogAppender (GrpcLogAppender.java:timeoutAppendRequest(200)) - 9bb405f0-f563-4579-83ea-0bbe163a9fbc@group-C7A422292FA5->e0c56373-add1-4904-83f3-08b0a755b8ed-GrpcLogAppender: appendEntries Timeout, request=9bb405f0-f563-4579-83ea-0bbe163a9fbc->e0c56373-add1-4904-83f3-08b0a755b8ed#44-t1, previous=(t:1, i:12), leaderCommit=6, initializing? false, entries: <empty>
2019-09-11 20:06:19,835 [grpc-default-executor-1] INFO  impl.RaftServerProxy (RaftServerProxy.java:remove(95)) - 802f7a56-3ac2-455e-92a2-71244eb20cf7: remove group-CB0F6128481C:null
2019-09-11 20:06:19,839 [RatisPipelineUtilsThread] WARN  pipeline.RatisPipelineUtils (RatisPipelineUtils.java:destroyPipeline(66)) - Pipeline destroy failed for pipeline=PipelineID=81716df0-3bfb-41b4-bf98-cb0f6128481c dn=802f7a56-3ac2-455e-92a2-71244eb20cf7{ip: 192.168.36.83, host: pr-hdds-2096-jg2tg-1247294052, networkLocation: /default-rack, certSerialId: null}
2019-09-11 20:06:19,842 [grpc-default-executor-1] INFO  impl.RaftServerProxy (RaftServerProxy.java:remove(95)) - e0c56373-add1-4904-83f3-08b0a755b8ed: remove group-CB0F6128481C:null
2019-09-11 20:06:19,844 [RatisPipelineUtilsThread] WARN  pipeline.RatisPipelineUtils (RatisPipelineUtils.java:destroyPipeline(66)) - Pipeline destroy failed for pipeline=PipelineID=81716df0-3bfb-41b4-bf98-cb0f6128481c dn=e0c56373-add1-4904-83f3-08b0a755b8ed{ip: 192.168.36.83, host: pr-hdds-2096-jg2tg-1247294052, networkLocation: /default-rack, certSerialId: null}
2019-09-11 20:06:19,847 [grpc-default-executor-1] INFO  impl.RaftServerProxy (RaftServerProxy.java:remove(95)) - 9bb405f0-f563-4579-83ea-0bbe163a9fbc: remove group-CB0F6128481C:null
2019-09-11 20:06:19,849 [RatisPipelineUtilsThread] WARN  pipeline.RatisPipelineUtils (RatisPipelineUtils.java:destroyPipeline(66)) - Pipeline destroy failed for pipeline=PipelineID=81716df0-3bfb-41b4-bf98-cb0f6128481c dn=9bb405f0-f563-4579-83ea-0bbe163a9fbc{ip: 192.168.36.83, host: pr-hdds-2096-jg2tg-1247294052, networkLocation: /default-rack, certSerialId: null}
2019-09-11 20:06:19,849 [RatisPipelineUtilsThread] ERROR pipeline.SCMPipelineManager (Scheduler.java:lambda$schedule$1(70)) - Destroy pipeline failed for pipeline:Pipeline[ Id: 81716df0-3bfb-41b4-bf98-cb0f6128481c, Nodes: 802f7a56-3ac2-455e-92a2-71244eb20cf7{ip: 192.168.36.83, host: pr-hdds-2096-jg2tg-1247294052, networkLocation: /default-rack, certSerialId: null}e0c56373-add1-4904-83f3-08b0a755b8ed{ip: 192.168.36.83, host: pr-hdds-2096-jg2tg-1247294052, networkLocation: /default-rack, certSerialId: null}9bb405f0-f563-4579-83ea-0bbe163a9fbc{ip: 192.168.36.83, host: pr-hdds-2096-jg2tg-1247294052, networkLocation: /default-rack, certSerialId: null}, Type:RATIS, Factor:THREE, State:CLOSED]
org.apache.hadoop.hdds.scm.pipeline.PipelineNotFoundException: PipelineID=81716df0-3bfb-41b4-bf98-cb0f6128481c not found
	at org.apache.hadoop.hdds.scm.pipeline.PipelineStateMap.getPipeline(PipelineStateMap.java:132)
	at org.apache.hadoop.hdds.scm.pipeline.PipelineStateMap.removePipeline(PipelineStateMap.java:322)
	at org.apache.hadoop.hdds.scm.pipeline.PipelineStateManager.removePipeline(PipelineStateManager.java:107)
	at org.apache.hadoop.hdds.scm.pipeline.SCMPipelineManager.removePipeline(SCMPipelineManager.java:423)
	at org.apache.hadoop.hdds.scm.pipeline.SCMPipelineManager.destroyPipeline(SCMPipelineManager.java:409)
	at org.apache.hadoop.hdds.scm.pipeline.SCMPipelineManager.lambda$finalizeAndDestroyPipeline$0(SCMPipelineManager.java:318)
	at org.apache.hadoop.utils.Scheduler.lambda$schedule$1(Scheduler.java:68)
	at java.util.concurrent.Executors$RunnableAdapter.call(Executors.java:511)
	at java.util.concurrent.FutureTask.run(FutureTask.java:266)
	at java.util.concurrent.ScheduledThreadPoolExecutor$ScheduledFutureTask.access$201(ScheduledThreadPoolExecutor.java:180)
	at java.util.concurrent.ScheduledThreadPoolExecutor$ScheduledFutureTask.run(ScheduledThreadPoolExecutor.java:293)
	at java.util.concurrent.ThreadPoolExecutor.runWorker(ThreadPoolExecutor.java:1149)
	at java.util.concurrent.ThreadPoolExecutor$Worker.run(ThreadPoolExecutor.java:624)
	at java.lang.Thread.run(Thread.java:748)
2019-09-11 20:06:21,830 [grpc-default-executor-8] INFO  impl.RaftServerProxy (RaftServerProxy.java:remove(95)) - 802f7a56-3ac2-455e-92a2-71244eb20cf7: remove group-CB0F6128481C:null
2019-09-11 20:06:21,834 [RatisPipelineUtilsThread] WARN  pipeline.RatisPipelineUtils (RatisPipelineUtils.java:destroyPipeline(66)) - Pipeline destroy failed for pipeline=PipelineID=81716df0-3bfb-41b4-bf98-cb0f6128481c dn=802f7a56-3ac2-455e-92a2-71244eb20cf7{ip: 192.168.36.83, host: pr-hdds-2096-jg2tg-1247294052, networkLocation: /default-rack, certSerialId: null}
2019-09-11 20:06:21,837 [grpc-default-executor-8] INFO  impl.RaftServerProxy (RaftServerProxy.java:remove(95)) - e0c56373-add1-4904-83f3-08b0a755b8ed: remove group-CB0F6128481C:null
2019-09-11 20:06:21,839 [RatisPipelineUtilsThread] WARN  pipeline.RatisPipelineUtils (RatisPipelineUtils.java:destroyPipeline(66)) - Pipeline destroy failed for pipeline=PipelineID=81716df0-3bfb-41b4-bf98-cb0f6128481c dn=e0c56373-add1-4904-83f3-08b0a755b8ed{ip: 192.168.36.83, host: pr-hdds-2096-jg2tg-1247294052, networkLocation: /default-rack, certSerialId: null}
2019-09-11 20:06:21,841 [grpc-default-executor-8] INFO  impl.RaftServerProxy (RaftServerProxy.java:remove(95)) - 9bb405f0-f563-4579-83ea-0bbe163a9fbc: remove group-CB0F6128481C:null
2019-09-11 20:06:21,843 [RatisPipelineUtilsThread] WARN  pipeline.RatisPipelineUtils (RatisPipelineUtils.java:destroyPipeline(66)) - Pipeline destroy failed for pipeline=PipelineID=81716df0-3bfb-41b4-bf98-cb0f6128481c dn=9bb405f0-f563-4579-83ea-0bbe163a9fbc{ip: 192.168.36.83, host: pr-hdds-2096-jg2tg-1247294052, networkLocation: /default-rack, certSerialId: null}
2019-09-11 20:06:21,844 [RatisPipelineUtilsThread] ERROR pipeline.SCMPipelineManager (Scheduler.java:lambda$schedule$1(70)) - Destroy pipeline failed for pipeline:Pipeline[ Id: 81716df0-3bfb-41b4-bf98-cb0f6128481c, Nodes: 802f7a56-3ac2-455e-92a2-71244eb20cf7{ip: 192.168.36.83, host: pr-hdds-2096-jg2tg-1247294052, networkLocation: /default-rack, certSerialId: null}e0c56373-add1-4904-83f3-08b0a755b8ed{ip: 192.168.36.83, host: pr-hdds-2096-jg2tg-1247294052, networkLocation: /default-rack, certSerialId: null}9bb405f0-f563-4579-83ea-0bbe163a9fbc{ip: 192.168.36.83, host: pr-hdds-2096-jg2tg-1247294052, networkLocation: /default-rack, certSerialId: null}, Type:RATIS, Factor:THREE, State:CLOSED]
org.apache.hadoop.hdds.scm.pipeline.PipelineNotFoundException: PipelineID=81716df0-3bfb-41b4-bf98-cb0f6128481c not found
	at org.apache.hadoop.hdds.scm.pipeline.PipelineStateMap.getPipeline(PipelineStateMap.java:132)
	at org.apache.hadoop.hdds.scm.pipeline.PipelineStateMap.removePipeline(PipelineStateMap.java:322)
	at org.apache.hadoop.hdds.scm.pipeline.PipelineStateManager.removePipeline(PipelineStateManager.java:107)
	at org.apache.hadoop.hdds.scm.pipeline.SCMPipelineManager.removePipeline(SCMPipelineManager.java:423)
	at org.apache.hadoop.hdds.scm.pipeline.SCMPipelineManager.destroyPipeline(SCMPipelineManager.java:409)
	at org.apache.hadoop.hdds.scm.pipeline.SCMPipelineManager.lambda$finalizeAndDestroyPipeline$0(SCMPipelineManager.java:318)
	at org.apache.hadoop.utils.Scheduler.lambda$schedule$1(Scheduler.java:68)
	at java.util.concurrent.Executors$RunnableAdapter.call(Executors.java:511)
	at java.util.concurrent.FutureTask.run(FutureTask.java:266)
	at java.util.concurrent.ScheduledThreadPoolExecutor$ScheduledFutureTask.access$201(ScheduledThreadPoolExecutor.java:180)
	at java.util.concurrent.ScheduledThreadPoolExecutor$ScheduledFutureTask.run(ScheduledThreadPoolExecutor.java:293)
	at java.util.concurrent.ThreadPoolExecutor.runWorker(ThreadPoolExecutor.java:1149)
	at java.util.concurrent.ThreadPoolExecutor$Worker.run(ThreadPoolExecutor.java:624)
	at java.lang.Thread.run(Thread.java:748)
2019-09-11 20:06:22,003 [grpc-default-executor-8] INFO  impl.RaftServerProxy (RaftServerProxy.java:remove(95)) - 802f7a56-3ac2-455e-92a2-71244eb20cf7: remove group-CB0F6128481C:null
2019-09-11 20:06:22,005 [RatisPipelineUtilsThread] WARN  pipeline.RatisPipelineUtils (RatisPipelineUtils.java:destroyPipeline(66)) - Pipeline destroy failed for pipeline=PipelineID=81716df0-3bfb-41b4-bf98-cb0f6128481c dn=802f7a56-3ac2-455e-92a2-71244eb20cf7{ip: 192.168.36.83, host: pr-hdds-2096-jg2tg-1247294052, networkLocation: /default-rack, certSerialId: null}
2019-09-11 20:06:22,008 [grpc-default-executor-8] INFO  impl.RaftServerProxy (RaftServerProxy.java:remove(95)) - e0c56373-add1-4904-83f3-08b0a755b8ed: remove group-CB0F6128481C:null
2019-09-11 20:06:22,010 [RatisPipelineUtilsThread] WARN  pipeline.RatisPipelineUtils (RatisPipelineUtils.java:destroyPipeline(66)) - Pipeline destroy failed for pipeline=PipelineID=81716df0-3bfb-41b4-bf98-cb0f6128481c dn=e0c56373-add1-4904-83f3-08b0a755b8ed{ip: 192.168.36.83, host: pr-hdds-2096-jg2tg-1247294052, networkLocation: /default-rack, certSerialId: null}
2019-09-11 20:06:22,012 [grpc-default-executor-8] INFO  impl.RaftServerProxy (RaftServerProxy.java:remove(95)) - 9bb405f0-f563-4579-83ea-0bbe163a9fbc: remove group-CB0F6128481C:null
2019-09-11 20:06:22,014 [RatisPipelineUtilsThread] WARN  pipeline.RatisPipelineUtils (RatisPipelineUtils.java:destroyPipeline(66)) - Pipeline destroy failed for pipeline=PipelineID=81716df0-3bfb-41b4-bf98-cb0f6128481c dn=9bb405f0-f563-4579-83ea-0bbe163a9fbc{ip: 192.168.36.83, host: pr-hdds-2096-jg2tg-1247294052, networkLocation: /default-rack, certSerialId: null}
2019-09-11 20:06:22,014 [RatisPipelineUtilsThread] ERROR pipeline.SCMPipelineManager (Scheduler.java:lambda$schedule$1(70)) - Destroy pipeline failed for pipeline:Pipeline[ Id: 81716df0-3bfb-41b4-bf98-cb0f6128481c, Nodes: 802f7a56-3ac2-455e-92a2-71244eb20cf7{ip: 192.168.36.83, host: pr-hdds-2096-jg2tg-1247294052, networkLocation: /default-rack, certSerialId: null}e0c56373-add1-4904-83f3-08b0a755b8ed{ip: 192.168.36.83, host: pr-hdds-2096-jg2tg-1247294052, networkLocation: /default-rack, certSerialId: null}9bb405f0-f563-4579-83ea-0bbe163a9fbc{ip: 192.168.36.83, host: pr-hdds-2096-jg2tg-1247294052, networkLocation: /default-rack, certSerialId: null}, Type:RATIS, Factor:THREE, State:CLOSED]
org.apache.hadoop.hdds.scm.pipeline.PipelineNotFoundException: PipelineID=81716df0-3bfb-41b4-bf98-cb0f6128481c not found
	at org.apache.hadoop.hdds.scm.pipeline.PipelineStateMap.getPipeline(PipelineStateMap.java:132)
	at org.apache.hadoop.hdds.scm.pipeline.PipelineStateMap.removePipeline(PipelineStateMap.java:322)
	at org.apache.hadoop.hdds.scm.pipeline.PipelineStateManager.removePipeline(PipelineStateManager.java:107)
	at org.apache.hadoop.hdds.scm.pipeline.SCMPipelineManager.removePipeline(SCMPipelineManager.java:423)
	at org.apache.hadoop.hdds.scm.pipeline.SCMPipelineManager.destroyPipeline(SCMPipelineManager.java:409)
	at org.apache.hadoop.hdds.scm.pipeline.SCMPipelineManager.lambda$finalizeAndDestroyPipeline$0(SCMPipelineManager.java:318)
	at org.apache.hadoop.utils.Scheduler.lambda$schedule$1(Scheduler.java:68)
	at java.util.concurrent.Executors$RunnableAdapter.call(Executors.java:511)
	at java.util.concurrent.FutureTask.run(FutureTask.java:266)
	at java.util.concurrent.ScheduledThreadPoolExecutor$ScheduledFutureTask.access$201(ScheduledThreadPoolExecutor.java:180)
	at java.util.concurrent.ScheduledThreadPoolExecutor$ScheduledFutureTask.run(ScheduledThreadPoolExecutor.java:293)
	at java.util.concurrent.ThreadPoolExecutor.runWorker(ThreadPoolExecutor.java:1149)
	at java.util.concurrent.ThreadPoolExecutor$Worker.run(ThreadPoolExecutor.java:624)
	at java.lang.Thread.run(Thread.java:748)
2019-09-11 20:06:22,143 [grpc-default-executor-8] INFO  impl.RaftServerProxy (RaftServerProxy.java:remove(95)) - 802f7a56-3ac2-455e-92a2-71244eb20cf7: remove group-CB0F6128481C:null
2019-09-11 20:06:22,145 [RatisPipelineUtilsThread] WARN  pipeline.RatisPipelineUtils (RatisPipelineUtils.java:destroyPipeline(66)) - Pipeline destroy failed for pipeline=PipelineID=81716df0-3bfb-41b4-bf98-cb0f6128481c dn=802f7a56-3ac2-455e-92a2-71244eb20cf7{ip: 192.168.36.83, host: pr-hdds-2096-jg2tg-1247294052, networkLocation: /default-rack, certSerialId: null}
2019-09-11 20:06:22,147 [grpc-default-executor-8] INFO  impl.RaftServerProxy (RaftServerProxy.java:remove(95)) - e0c56373-add1-4904-83f3-08b0a755b8ed: remove group-CB0F6128481C:null
2019-09-11 20:06:22,150 [RatisPipelineUtilsThread] WARN  pipeline.RatisPipelineUtils (RatisPipelineUtils.java:destroyPipeline(66)) - Pipeline destroy failed for pipeline=PipelineID=81716df0-3bfb-41b4-bf98-cb0f6128481c dn=e0c56373-add1-4904-83f3-08b0a755b8ed{ip: 192.168.36.83, host: pr-hdds-2096-jg2tg-1247294052, networkLocation: /default-rack, certSerialId: null}
2019-09-11 20:06:22,152 [grpc-default-executor-8] INFO  impl.RaftServerProxy (RaftServerProxy.java:remove(95)) - 9bb405f0-f563-4579-83ea-0bbe163a9fbc: remove group-CB0F6128481C:null
2019-09-11 20:06:22,154 [RatisPipelineUtilsThread] WARN  pipeline.RatisPipelineUtils (RatisPipelineUtils.java:destroyPipeline(66)) - Pipeline destroy failed for pipeline=PipelineID=81716df0-3bfb-41b4-bf98-cb0f6128481c dn=9bb405f0-f563-4579-83ea-0bbe163a9fbc{ip: 192.168.36.83, host: pr-hdds-2096-jg2tg-1247294052, networkLocation: /default-rack, certSerialId: null}
2019-09-11 20:06:22,154 [RatisPipelineUtilsThread] ERROR pipeline.SCMPipelineManager (Scheduler.java:lambda$schedule$1(70)) - Destroy pipeline failed for pipeline:Pipeline[ Id: 81716df0-3bfb-41b4-bf98-cb0f6128481c, Nodes: 802f7a56-3ac2-455e-92a2-71244eb20cf7{ip: 192.168.36.83, host: pr-hdds-2096-jg2tg-1247294052, networkLocation: /default-rack, certSerialId: null}e0c56373-add1-4904-83f3-08b0a755b8ed{ip: 192.168.36.83, host: pr-hdds-2096-jg2tg-1247294052, networkLocation: /default-rack, certSerialId: null}9bb405f0-f563-4579-83ea-0bbe163a9fbc{ip: 192.168.36.83, host: pr-hdds-2096-jg2tg-1247294052, networkLocation: /default-rack, certSerialId: null}, Type:RATIS, Factor:THREE, State:CLOSED]
org.apache.hadoop.hdds.scm.pipeline.PipelineNotFoundException: PipelineID=81716df0-3bfb-41b4-bf98-cb0f6128481c not found
	at org.apache.hadoop.hdds.scm.pipeline.PipelineStateMap.getPipeline(PipelineStateMap.java:132)
	at org.apache.hadoop.hdds.scm.pipeline.PipelineStateMap.removePipeline(PipelineStateMap.java:322)
	at org.apache.hadoop.hdds.scm.pipeline.PipelineStateManager.removePipeline(PipelineStateManager.java:107)
	at org.apache.hadoop.hdds.scm.pipeline.SCMPipelineManager.removePipeline(SCMPipelineManager.java:423)
	at org.apache.hadoop.hdds.scm.pipeline.SCMPipelineManager.destroyPipeline(SCMPipelineManager.java:409)
	at org.apache.hadoop.hdds.scm.pipeline.SCMPipelineManager.lambda$finalizeAndDestroyPipeline$0(SCMPipelineManager.java:318)
	at org.apache.hadoop.utils.Scheduler.lambda$schedule$1(Scheduler.java:68)
	at java.util.concurrent.Executors$RunnableAdapter.call(Executors.java:511)
	at java.util.concurrent.FutureTask.run(FutureTask.java:266)
	at java.util.concurrent.ScheduledThreadPoolExecutor$ScheduledFutureTask.access$201(ScheduledThreadPoolExecutor.java:180)
	at java.util.concurrent.ScheduledThreadPoolExecutor$ScheduledFutureTask.run(ScheduledThreadPoolExecutor.java:293)
	at java.util.concurrent.ThreadPoolExecutor.runWorker(ThreadPoolExecutor.java:1149)
	at java.util.concurrent.ThreadPoolExecutor$Worker.run(ThreadPoolExecutor.java:624)
	at java.lang.Thread.run(Thread.java:748)
2019-09-11 20:06:22,258 [java.util.concurrent.ThreadPoolExecutor$Worker@3aabbd53[State = -1, empty queue]] WARN  server.GrpcLogAppender (GrpcLogAppender.java:timeoutAppendRequest(200)) - 9bb405f0-f563-4579-83ea-0bbe163a9fbc@group-C7A422292FA5->802f7a56-3ac2-455e-92a2-71244eb20cf7-GrpcLogAppender: appendEntries Timeout, request=9bb405f0-f563-4579-83ea-0bbe163a9fbc->802f7a56-3ac2-455e-92a2-71244eb20cf7#45-t1, previous=(t:1, i:12), leaderCommit=6, initializing? false, entries: <empty>
2019-09-11 20:06:22,258 [java.util.concurrent.ThreadPoolExecutor$Worker@39cc96d6[State = -1, empty queue]] WARN  server.GrpcLogAppender (GrpcLogAppender.java:timeoutAppendRequest(200)) - 9bb405f0-f563-4579-83ea-0bbe163a9fbc@group-C7A422292FA5->e0c56373-add1-4904-83f3-08b0a755b8ed-GrpcLogAppender: appendEntries Timeout, request=9bb405f0-f563-4579-83ea-0bbe163a9fbc->e0c56373-add1-4904-83f3-08b0a755b8ed#45-t1, previous=(t:1, i:12), leaderCommit=6, initializing? false, entries: <empty>
2019-09-11 20:06:22,372 [grpc-default-executor-8] INFO  client.GrpcClientProtocolClient (GrpcClientProtocolClient.java:onNext(264)) - client-FE03BA7EFCF8->e0c56373-add1-4904-83f3-08b0a755b8ed: receive RaftClientReply:client-FE03BA7EFCF8->e0c56373-add1-4904-83f3-08b0a755b8ed@group-C7A422292FA5, cid=134, FAILED org.apache.ratis.protocol.NotLeaderException: Server e0c56373-add1-4904-83f3-08b0a755b8ed@group-C7A422292FA5 is not the leader 9bb405f0-f563-4579-83ea-0bbe163a9fbc:192.168.36.83:46254, logIndex=0, commits[e0c56373-add1-4904-83f3-08b0a755b8ed:c6, 802f7a56-3ac2-455e-92a2-71244eb20cf7:c4, 9bb405f0-f563-4579-83ea-0bbe163a9fbc:c6]
2019-09-11 20:06:24,758 [java.util.concurrent.ThreadPoolExecutor$Worker@3aabbd53[State = -1, empty queue]] WARN  server.GrpcLogAppender (GrpcLogAppender.java:timeoutAppendRequest(200)) - 9bb405f0-f563-4579-83ea-0bbe163a9fbc@group-C7A422292FA5->802f7a56-3ac2-455e-92a2-71244eb20cf7-GrpcLogAppender: appendEntries Timeout, request=9bb405f0-f563-4579-83ea-0bbe163a9fbc->802f7a56-3ac2-455e-92a2-71244eb20cf7#46-t1, previous=(t:1, i:12), leaderCommit=6, initializing? false, entries: <empty>
2019-09-11 20:06:24,758 [java.util.concurrent.ThreadPoolExecutor$Worker@39cc96d6[State = -1, empty queue]] WARN  server.GrpcLogAppender (GrpcLogAppender.java:timeoutAppendRequest(200)) - 9bb405f0-f563-4579-83ea-0bbe163a9fbc@group-C7A422292FA5->e0c56373-add1-4904-83f3-08b0a755b8ed-GrpcLogAppender: appendEntries Timeout, request=9bb405f0-f563-4579-83ea-0bbe163a9fbc->e0c56373-add1-4904-83f3-08b0a755b8ed#46-t1, previous=(t:1, i:12), leaderCommit=6, initializing? false, entries: <empty>
2019-09-11 20:06:26,750 [e0c56373-add1-4904-83f3-08b0a755b8ed@group-C7A422292FA5-SegmentedRaftLogWorker] WARN  segmented.SegmentedRaftLogWorker (SegmentedRaftLogWorker.java:getFromFuture(90)) - Timeout 6/~
org.apache.ratis.protocol.TimeoutIOException: Timeout 10s: WriteLog:7: (t:1, i:7), STATEMACHINELOGENTRY, client-FE03BA7EFCF8, cid=134-writeStateMachineData
	at org.apache.ratis.util.IOUtils.getFromFuture(IOUtils.java:87)
	at org.apache.ratis.server.raftlog.segmented.SegmentedRaftLogWorker$StateMachineDataPolicy.getFromFuture(SegmentedRaftLogWorker.java:87)
	at org.apache.ratis.server.raftlog.segmented.SegmentedRaftLogWorker$WriteLog.execute(SegmentedRaftLogWorker.java:477)
	at org.apache.ratis.server.raftlog.segmented.SegmentedRaftLogWorker.run(SegmentedRaftLogWorker.java:289)
	at java.lang.Thread.run(Thread.java:748)
Caused by: java.util.concurrent.TimeoutException
	at java.util.concurrent.CompletableFuture.timedGet(CompletableFuture.java:1771)
	at java.util.concurrent.CompletableFuture.get(CompletableFuture.java:1915)
	at org.apache.ratis.util.IOUtils.getFromFuture(IOUtils.java:79)
	... 4 more
2019-09-11 20:06:26,869 [9bb405f0-f563-4579-83ea-0bbe163a9fbc@group-C7A422292FA5-SegmentedRaftLogWorker] WARN  segmented.SegmentedRaftLogWorker (SegmentedRaftLogWorker.java:getFromFuture(90)) - Timeout 6/~
org.apache.ratis.protocol.TimeoutIOException: Timeout 10s: WriteLog:8: (t:1, i:8), STATEMACHINELOGENTRY, client-FE03BA7EFCF8, cid=135-writeStateMachineData
	at org.apache.ratis.util.IOUtils.getFromFuture(IOUtils.java:87)
	at org.apache.ratis.server.raftlog.segmented.SegmentedRaftLogWorker$StateMachineDataPolicy.getFromFuture(SegmentedRaftLogWorker.java:87)
	at org.apache.ratis.server.raftlog.segmented.SegmentedRaftLogWorker$WriteLog.execute(SegmentedRaftLogWorker.java:477)
	at org.apache.ratis.server.raftlog.segmented.SegmentedRaftLogWorker.run(SegmentedRaftLogWorker.java:289)
	at java.lang.Thread.run(Thread.java:748)
Caused by: java.util.concurrent.TimeoutException
	at java.util.concurrent.CompletableFuture.timedGet(CompletableFuture.java:1771)
	at java.util.concurrent.CompletableFuture.get(CompletableFuture.java:1915)
	at org.apache.ratis.util.IOUtils.getFromFuture(IOUtils.java:79)
	... 4 more
2019-09-11 20:06:26,871 [802f7a56-3ac2-455e-92a2-71244eb20cf7@group-C7A422292FA5-SegmentedRaftLogWorker] WARN  segmented.SegmentedRaftLogWorker (SegmentedRaftLogWorker.java:getFromFuture(90)) - Timeout 6/~
org.apache.ratis.protocol.TimeoutIOException: Timeout 10s: WriteLog:8: (t:1, i:8), STATEMACHINELOGENTRY, client-FE03BA7EFCF8, cid=135-writeStateMachineData
	at org.apache.ratis.util.IOUtils.getFromFuture(IOUtils.java:87)
	at org.apache.ratis.server.raftlog.segmented.SegmentedRaftLogWorker$StateMachineDataPolicy.getFromFuture(SegmentedRaftLogWorker.java:87)
	at org.apache.ratis.server.raftlog.segmented.SegmentedRaftLogWorker$WriteLog.execute(SegmentedRaftLogWorker.java:477)
	at org.apache.ratis.server.raftlog.segmented.SegmentedRaftLogWorker.run(SegmentedRaftLogWorker.java:289)
	at java.lang.Thread.run(Thread.java:748)
Caused by: java.util.concurrent.TimeoutException
	at java.util.concurrent.CompletableFuture.timedGet(CompletableFuture.java:1771)
	at java.util.concurrent.CompletableFuture.get(CompletableFuture.java:1915)
	at org.apache.ratis.util.IOUtils.getFromFuture(IOUtils.java:79)
	... 4 more
2019-09-11 20:06:27,259 [java.util.concurrent.ThreadPoolExecutor$Worker@39cc96d6[State = -1, empty queue]] WARN  server.GrpcLogAppender (GrpcLogAppender.java:timeoutAppendRequest(200)) - 9bb405f0-f563-4579-83ea-0bbe163a9fbc@group-C7A422292FA5->e0c56373-add1-4904-83f3-08b0a755b8ed-GrpcLogAppender: appendEntries Timeout, request=9bb405f0-f563-4579-83ea-0bbe163a9fbc->e0c56373-add1-4904-83f3-08b0a755b8ed#47-t1, previous=(t:1, i:12), leaderCommit=6, initializing? false, entries: <empty>
2019-09-11 20:06:27,259 [java.util.concurrent.ThreadPoolExecutor$Worker@3aabbd53[State = -1, empty queue]] WARN  server.GrpcLogAppender (GrpcLogAppender.java:timeoutAppendRequest(200)) - 9bb405f0-f563-4579-83ea-0bbe163a9fbc@group-C7A422292FA5->802f7a56-3ac2-455e-92a2-71244eb20cf7-GrpcLogAppender: appendEntries Timeout, request=9bb405f0-f563-4579-83ea-0bbe163a9fbc->802f7a56-3ac2-455e-92a2-71244eb20cf7#47-t1, previous=(t:1, i:12), leaderCommit=6, initializing? false, entries: <empty>
2019-09-11 20:06:27,419 [grpc-default-executor-1] INFO  client.GrpcClientProtocolClient (GrpcClientProtocolClient.java:onNext(264)) - client-FE03BA7EFCF8->e0c56373-add1-4904-83f3-08b0a755b8ed: receive RaftClientReply:client-FE03BA7EFCF8->e0c56373-add1-4904-83f3-08b0a755b8ed@group-C7A422292FA5, cid=134, FAILED org.apache.ratis.protocol.NotLeaderException: Server e0c56373-add1-4904-83f3-08b0a755b8ed@group-C7A422292FA5 is not the leader 9bb405f0-f563-4579-83ea-0bbe163a9fbc:192.168.36.83:46254, logIndex=0, commits[e0c56373-add1-4904-83f3-08b0a755b8ed:c6, 802f7a56-3ac2-455e-92a2-71244eb20cf7:c4, 9bb405f0-f563-4579-83ea-0bbe163a9fbc:c6]
2019-09-11 20:06:29,759 [java.util.concurrent.ThreadPoolExecutor$Worker@39cc96d6[State = -1, empty queue]] WARN  server.GrpcLogAppender (GrpcLogAppender.java:timeoutAppendRequest(200)) - 9bb405f0-f563-4579-83ea-0bbe163a9fbc@group-C7A422292FA5->e0c56373-add1-4904-83f3-08b0a755b8ed-GrpcLogAppender: appendEntries Timeout, request=9bb405f0-f563-4579-83ea-0bbe163a9fbc->e0c56373-add1-4904-83f3-08b0a755b8ed#48-t1, previous=(t:1, i:12), leaderCommit=6, initializing? false, entries: <empty>
2019-09-11 20:06:29,759 [java.util.concurrent.ThreadPoolExecutor$Worker@3aabbd53[State = -1, empty queue]] WARN  server.GrpcLogAppender (GrpcLogAppender.java:timeoutAppendRequest(200)) - 9bb405f0-f563-4579-83ea-0bbe163a9fbc@group-C7A422292FA5->802f7a56-3ac2-455e-92a2-71244eb20cf7-GrpcLogAppender: appendEntries Timeout, request=9bb405f0-f563-4579-83ea-0bbe163a9fbc->802f7a56-3ac2-455e-92a2-71244eb20cf7#48-t1, previous=(t:1, i:12), leaderCommit=6, initializing? false, entries: <empty>
2019-09-11 20:06:32,260 [java.util.concurrent.ThreadPoolExecutor$Worker@39cc96d6[State = -1, empty queue]] WARN  server.GrpcLogAppender (GrpcLogAppender.java:timeoutAppendRequest(200)) - 9bb405f0-f563-4579-83ea-0bbe163a9fbc@group-C7A422292FA5->e0c56373-add1-4904-83f3-08b0a755b8ed-GrpcLogAppender: appendEntries Timeout, request=9bb405f0-f563-4579-83ea-0bbe163a9fbc->e0c56373-add1-4904-83f3-08b0a755b8ed#49-t1, previous=(t:1, i:12), leaderCommit=6, initializing? false, entries: <empty>
2019-09-11 20:06:32,260 [java.util.concurrent.ThreadPoolExecutor$Worker@3aabbd53[State = -1, empty queue]] WARN  server.GrpcLogAppender (GrpcLogAppender.java:timeoutAppendRequest(200)) - 9bb405f0-f563-4579-83ea-0bbe163a9fbc@group-C7A422292FA5->802f7a56-3ac2-455e-92a2-71244eb20cf7-GrpcLogAppender: appendEntries Timeout, request=9bb405f0-f563-4579-83ea-0bbe163a9fbc->802f7a56-3ac2-455e-92a2-71244eb20cf7#49-t1, previous=(t:1, i:12), leaderCommit=6, initializing? false, entries: <empty>
2019-09-11 20:06:32,481 [grpc-default-executor-8] INFO  client.GrpcClientProtocolClient (GrpcClientProtocolClient.java:onNext(264)) - client-FE03BA7EFCF8->e0c56373-add1-4904-83f3-08b0a755b8ed: receive RaftClientReply:client-FE03BA7EFCF8->e0c56373-add1-4904-83f3-08b0a755b8ed@group-C7A422292FA5, cid=134, FAILED org.apache.ratis.protocol.NotLeaderException: Server e0c56373-add1-4904-83f3-08b0a755b8ed@group-C7A422292FA5 is not the leader 9bb405f0-f563-4579-83ea-0bbe163a9fbc:192.168.36.83:46254, logIndex=0, commits[e0c56373-add1-4904-83f3-08b0a755b8ed:c6, 802f7a56-3ac2-455e-92a2-71244eb20cf7:c4, 9bb405f0-f563-4579-83ea-0bbe163a9fbc:c6]
2019-09-11 20:06:34,760 [java.util.concurrent.ThreadPoolExecutor$Worker@39cc96d6[State = -1, empty queue]] WARN  server.GrpcLogAppender (GrpcLogAppender.java:timeoutAppendRequest(200)) - 9bb405f0-f563-4579-83ea-0bbe163a9fbc@group-C7A422292FA5->e0c56373-add1-4904-83f3-08b0a755b8ed-GrpcLogAppender: appendEntries Timeout, request=9bb405f0-f563-4579-83ea-0bbe163a9fbc->e0c56373-add1-4904-83f3-08b0a755b8ed#50-t1, previous=(t:1, i:12), leaderCommit=6, initializing? false, entries: <empty>
2019-09-11 20:06:34,760 [java.util.concurrent.ThreadPoolExecutor$Worker@3aabbd53[State = -1, empty queue]] WARN  server.GrpcLogAppender (GrpcLogAppender.java:timeoutAppendRequest(200)) - 9bb405f0-f563-4579-83ea-0bbe163a9fbc@group-C7A422292FA5->802f7a56-3ac2-455e-92a2-71244eb20cf7-GrpcLogAppender: appendEntries Timeout, request=9bb405f0-f563-4579-83ea-0bbe163a9fbc->802f7a56-3ac2-455e-92a2-71244eb20cf7#50-t1, previous=(t:1, i:12), leaderCommit=6, initializing? false, entries: <empty>
2019-09-11 20:06:36,752 [e0c56373-add1-4904-83f3-08b0a755b8ed@group-C7A422292FA5-SegmentedRaftLogWorker] WARN  segmented.SegmentedRaftLogWorker (SegmentedRaftLogWorker.java:getFromFuture(90)) - Timeout 7/~
org.apache.ratis.protocol.TimeoutIOException: Timeout 10s: WriteLog:7: (t:1, i:7), STATEMACHINELOGENTRY, client-FE03BA7EFCF8, cid=134-writeStateMachineData
	at org.apache.ratis.util.IOUtils.getFromFuture(IOUtils.java:87)
	at org.apache.ratis.server.raftlog.segmented.SegmentedRaftLogWorker$StateMachineDataPolicy.getFromFuture(SegmentedRaftLogWorker.java:87)
	at org.apache.ratis.server.raftlog.segmented.SegmentedRaftLogWorker$WriteLog.execute(SegmentedRaftLogWorker.java:477)
	at org.apache.ratis.server.raftlog.segmented.SegmentedRaftLogWorker.run(SegmentedRaftLogWorker.java:289)
	at java.lang.Thread.run(Thread.java:748)
Caused by: java.util.concurrent.TimeoutException
	at java.util.concurrent.CompletableFuture.timedGet(CompletableFuture.java:1771)
	at java.util.concurrent.CompletableFuture.get(CompletableFuture.java:1915)
	at org.apache.ratis.util.IOUtils.getFromFuture(IOUtils.java:79)
	... 4 more
2019-09-11 20:06:36,870 [9bb405f0-f563-4579-83ea-0bbe163a9fbc@group-C7A422292FA5-SegmentedRaftLogWorker] WARN  segmented.SegmentedRaftLogWorker (SegmentedRaftLogWorker.java:getFromFuture(90)) - Timeout 7/~
org.apache.ratis.protocol.TimeoutIOException: Timeout 10s: WriteLog:8: (t:1, i:8), STATEMACHINELOGENTRY, client-FE03BA7EFCF8, cid=135-writeStateMachineData
	at org.apache.ratis.util.IOUtils.getFromFuture(IOUtils.java:87)
	at org.apache.ratis.server.raftlog.segmented.SegmentedRaftLogWorker$StateMachineDataPolicy.getFromFuture(SegmentedRaftLogWorker.java:87)
	at org.apache.ratis.server.raftlog.segmented.SegmentedRaftLogWorker$WriteLog.execute(SegmentedRaftLogWorker.java:477)
	at org.apache.ratis.server.raftlog.segmented.SegmentedRaftLogWorker.run(SegmentedRaftLogWorker.java:289)
	at java.lang.Thread.run(Thread.java:748)
Caused by: java.util.concurrent.TimeoutException
	at java.util.concurrent.CompletableFuture.timedGet(CompletableFuture.java:1771)
	at java.util.concurrent.CompletableFuture.get(CompletableFuture.java:1915)
	at org.apache.ratis.util.IOUtils.getFromFuture(IOUtils.java:79)
	... 4 more
2019-09-11 20:06:36,871 [802f7a56-3ac2-455e-92a2-71244eb20cf7@group-C7A422292FA5-SegmentedRaftLogWorker] WARN  segmented.SegmentedRaftLogWorker (SegmentedRaftLogWorker.java:getFromFuture(90)) - Timeout 7/~
org.apache.ratis.protocol.TimeoutIOException: Timeout 10s: WriteLog:8: (t:1, i:8), STATEMACHINELOGENTRY, client-FE03BA7EFCF8, cid=135-writeStateMachineData
	at org.apache.ratis.util.IOUtils.getFromFuture(IOUtils.java:87)
	at org.apache.ratis.server.raftlog.segmented.SegmentedRaftLogWorker$StateMachineDataPolicy.getFromFuture(SegmentedRaftLogWorker.java:87)
	at org.apache.ratis.server.raftlog.segmented.SegmentedRaftLogWorker$WriteLog.execute(SegmentedRaftLogWorker.java:477)
	at org.apache.ratis.server.raftlog.segmented.SegmentedRaftLogWorker.run(SegmentedRaftLogWorker.java:289)
	at java.lang.Thread.run(Thread.java:748)
Caused by: java.util.concurrent.TimeoutException
	at java.util.concurrent.CompletableFuture.timedGet(CompletableFuture.java:1771)
	at java.util.concurrent.CompletableFuture.get(CompletableFuture.java:1915)
	at org.apache.ratis.util.IOUtils.getFromFuture(IOUtils.java:79)
	... 4 more
2019-09-11 20:06:37,260 [java.util.concurrent.ThreadPoolExecutor$Worker@39cc96d6[State = -1, empty queue]] WARN  server.GrpcLogAppender (GrpcLogAppender.java:timeoutAppendRequest(200)) - 9bb405f0-f563-4579-83ea-0bbe163a9fbc@group-C7A422292FA5->e0c56373-add1-4904-83f3-08b0a755b8ed-GrpcLogAppender: appendEntries Timeout, request=9bb405f0-f563-4579-83ea-0bbe163a9fbc->e0c56373-add1-4904-83f3-08b0a755b8ed#51-t1, previous=(t:1, i:12), leaderCommit=6, initializing? false, entries: <empty>
2019-09-11 20:06:37,260 [java.util.concurrent.ThreadPoolExecutor$Worker@3aabbd53[State = -1, empty queue]] WARN  server.GrpcLogAppender (GrpcLogAppender.java:timeoutAppendRequest(200)) - 9bb405f0-f563-4579-83ea-0bbe163a9fbc@group-C7A422292FA5->802f7a56-3ac2-455e-92a2-71244eb20cf7-GrpcLogAppender: appendEntries Timeout, request=9bb405f0-f563-4579-83ea-0bbe163a9fbc->802f7a56-3ac2-455e-92a2-71244eb20cf7#51-t1, previous=(t:1, i:12), leaderCommit=6, initializing? false, entries: <empty>
2019-09-11 20:06:37,516 [grpc-default-executor-8] INFO  client.GrpcClientProtocolClient (GrpcClientProtocolClient.java:onNext(264)) - client-FE03BA7EFCF8->802f7a56-3ac2-455e-92a2-71244eb20cf7: receive RaftClientReply:client-FE03BA7EFCF8->802f7a56-3ac2-455e-92a2-71244eb20cf7@group-C7A422292FA5, cid=134, FAILED org.apache.ratis.protocol.NotLeaderException: Server 802f7a56-3ac2-455e-92a2-71244eb20cf7@group-C7A422292FA5 is not the leader 9bb405f0-f563-4579-83ea-0bbe163a9fbc:192.168.36.83:46254, logIndex=0, commits[802f7a56-3ac2-455e-92a2-71244eb20cf7:c6, 9bb405f0-f563-4579-83ea-0bbe163a9fbc:c6, e0c56373-add1-4904-83f3-08b0a755b8ed:c4]
2019-09-11 20:06:39,761 [java.util.concurrent.ThreadPoolExecutor$Worker@39cc96d6[State = -1, empty queue]] WARN  server.GrpcLogAppender (GrpcLogAppender.java:timeoutAppendRequest(200)) - 9bb405f0-f563-4579-83ea-0bbe163a9fbc@group-C7A422292FA5->e0c56373-add1-4904-83f3-08b0a755b8ed-GrpcLogAppender: appendEntries Timeout, request=9bb405f0-f563-4579-83ea-0bbe163a9fbc->e0c56373-add1-4904-83f3-08b0a755b8ed#52-t1, previous=(t:1, i:12), leaderCommit=6, initializing? false, entries: <empty>
2019-09-11 20:06:39,761 [java.util.concurrent.ThreadPoolExecutor$Worker@3aabbd53[State = -1, empty queue]] WARN  server.GrpcLogAppender (GrpcLogAppender.java:timeoutAppendRequest(200)) - 9bb405f0-f563-4579-83ea-0bbe163a9fbc@group-C7A422292FA5->802f7a56-3ac2-455e-92a2-71244eb20cf7-GrpcLogAppender: appendEntries Timeout, request=9bb405f0-f563-4579-83ea-0bbe163a9fbc->802f7a56-3ac2-455e-92a2-71244eb20cf7#52-t1, previous=(t:1, i:12), leaderCommit=6, initializing? false, entries: <empty>
2019-09-11 20:06:42,261 [java.util.concurrent.ThreadPoolExecutor$Worker@3aabbd53[State = -1, empty queue]] WARN  server.GrpcLogAppender (GrpcLogAppender.java:timeoutAppendRequest(200)) - 9bb405f0-f563-4579-83ea-0bbe163a9fbc@group-C7A422292FA5->802f7a56-3ac2-455e-92a2-71244eb20cf7-GrpcLogAppender: appendEntries Timeout, request=9bb405f0-f563-4579-83ea-0bbe163a9fbc->802f7a56-3ac2-455e-92a2-71244eb20cf7#53-t1, previous=(t:1, i:12), leaderCommit=6, initializing? false, entries: <empty>
2019-09-11 20:06:42,261 [java.util.concurrent.ThreadPoolExecutor$Worker@39cc96d6[State = -1, empty queue]] WARN  server.GrpcLogAppender (GrpcLogAppender.java:timeoutAppendRequest(200)) - 9bb405f0-f563-4579-83ea-0bbe163a9fbc@group-C7A422292FA5->e0c56373-add1-4904-83f3-08b0a755b8ed-GrpcLogAppender: appendEntries Timeout, request=9bb405f0-f563-4579-83ea-0bbe163a9fbc->e0c56373-add1-4904-83f3-08b0a755b8ed#53-t1, previous=(t:1, i:12), leaderCommit=6, initializing? false, entries: <empty>
2019-09-11 20:06:42,561 [grpc-default-executor-6] INFO  client.GrpcClientProtocolClient (GrpcClientProtocolClient.java:onNext(264)) - client-FE03BA7EFCF8->e0c56373-add1-4904-83f3-08b0a755b8ed: receive RaftClientReply:client-FE03BA7EFCF8->e0c56373-add1-4904-83f3-08b0a755b8ed@group-C7A422292FA5, cid=134, FAILED org.apache.ratis.protocol.NotLeaderException: Server e0c56373-add1-4904-83f3-08b0a755b8ed@group-C7A422292FA5 is not the leader 9bb405f0-f563-4579-83ea-0bbe163a9fbc:192.168.36.83:46254, logIndex=0, commits[e0c56373-add1-4904-83f3-08b0a755b8ed:c6, 802f7a56-3ac2-455e-92a2-71244eb20cf7:c4, 9bb405f0-f563-4579-83ea-0bbe163a9fbc:c6]
2019-09-11 20:06:44,761 [java.util.concurrent.ThreadPoolExecutor$Worker@3aabbd53[State = -1, empty queue]] WARN  server.GrpcLogAppender (GrpcLogAppender.java:timeoutAppendRequest(200)) - 9bb405f0-f563-4579-83ea-0bbe163a9fbc@group-C7A422292FA5->802f7a56-3ac2-455e-92a2-71244eb20cf7-GrpcLogAppender: appendEntries Timeout, request=9bb405f0-f563-4579-83ea-0bbe163a9fbc->802f7a56-3ac2-455e-92a2-71244eb20cf7#54-t1, previous=(t:1, i:12), leaderCommit=6, initializing? false, entries: <empty>
2019-09-11 20:06:44,761 [java.util.concurrent.ThreadPoolExecutor$Worker@39cc96d6[State = -1, empty queue]] WARN  server.GrpcLogAppender (GrpcLogAppender.java:timeoutAppendRequest(200)) - 9bb405f0-f563-4579-83ea-0bbe163a9fbc@group-C7A422292FA5->e0c56373-add1-4904-83f3-08b0a755b8ed-GrpcLogAppender: appendEntries Timeout, request=9bb405f0-f563-4579-83ea-0bbe163a9fbc->e0c56373-add1-4904-83f3-08b0a755b8ed#54-t1, previous=(t:1, i:12), leaderCommit=6, initializing? false, entries: <empty>
2019-09-11 20:06:46,753 [e0c56373-add1-4904-83f3-08b0a755b8ed@group-C7A422292FA5-SegmentedRaftLogWorker] WARN  segmented.SegmentedRaftLogWorker (SegmentedRaftLogWorker.java:getFromFuture(90)) - Timeout 8/~
org.apache.ratis.protocol.TimeoutIOException: Timeout 10s: WriteLog:7: (t:1, i:7), STATEMACHINELOGENTRY, client-FE03BA7EFCF8, cid=134-writeStateMachineData
	at org.apache.ratis.util.IOUtils.getFromFuture(IOUtils.java:87)
	at org.apache.ratis.server.raftlog.segmented.SegmentedRaftLogWorker$StateMachineDataPolicy.getFromFuture(SegmentedRaftLogWorker.java:87)
	at org.apache.ratis.server.raftlog.segmented.SegmentedRaftLogWorker$WriteLog.execute(SegmentedRaftLogWorker.java:477)
	at org.apache.ratis.server.raftlog.segmented.SegmentedRaftLogWorker.run(SegmentedRaftLogWorker.java:289)
	at java.lang.Thread.run(Thread.java:748)
Caused by: java.util.concurrent.TimeoutException
	at java.util.concurrent.CompletableFuture.timedGet(CompletableFuture.java:1771)
	at java.util.concurrent.CompletableFuture.get(CompletableFuture.java:1915)
	at org.apache.ratis.util.IOUtils.getFromFuture(IOUtils.java:79)
	... 4 more
2019-09-11 20:06:46,871 [9bb405f0-f563-4579-83ea-0bbe163a9fbc@group-C7A422292FA5-SegmentedRaftLogWorker] WARN  segmented.SegmentedRaftLogWorker (SegmentedRaftLogWorker.java:getFromFuture(90)) - Timeout 8/~
org.apache.ratis.protocol.TimeoutIOException: Timeout 10s: WriteLog:8: (t:1, i:8), STATEMACHINELOGENTRY, client-FE03BA7EFCF8, cid=135-writeStateMachineData
	at org.apache.ratis.util.IOUtils.getFromFuture(IOUtils.java:87)
	at org.apache.ratis.server.raftlog.segmented.SegmentedRaftLogWorker$StateMachineDataPolicy.getFromFuture(SegmentedRaftLogWorker.java:87)
	at org.apache.ratis.server.raftlog.segmented.SegmentedRaftLogWorker$WriteLog.execute(SegmentedRaftLogWorker.java:477)
	at org.apache.ratis.server.raftlog.segmented.SegmentedRaftLogWorker.run(SegmentedRaftLogWorker.java:289)
	at java.lang.Thread.run(Thread.java:748)
Caused by: java.util.concurrent.TimeoutException
	at java.util.concurrent.CompletableFuture.timedGet(CompletableFuture.java:1771)
	at java.util.concurrent.CompletableFuture.get(CompletableFuture.java:1915)
	at org.apache.ratis.util.IOUtils.getFromFuture(IOUtils.java:79)
	... 4 more
2019-09-11 20:06:46,872 [802f7a56-3ac2-455e-92a2-71244eb20cf7@group-C7A422292FA5-SegmentedRaftLogWorker] WARN  segmented.SegmentedRaftLogWorker (SegmentedRaftLogWorker.java:getFromFuture(90)) - Timeout 8/~
org.apache.ratis.protocol.TimeoutIOException: Timeout 10s: WriteLog:8: (t:1, i:8), STATEMACHINELOGENTRY, client-FE03BA7EFCF8, cid=135-writeStateMachineData
	at org.apache.ratis.util.IOUtils.getFromFuture(IOUtils.java:87)
	at org.apache.ratis.server.raftlog.segmented.SegmentedRaftLogWorker$StateMachineDataPolicy.getFromFuture(SegmentedRaftLogWorker.java:87)
	at org.apache.ratis.server.raftlog.segmented.SegmentedRaftLogWorker$WriteLog.execute(SegmentedRaftLogWorker.java:477)
	at org.apache.ratis.server.raftlog.segmented.SegmentedRaftLogWorker.run(SegmentedRaftLogWorker.java:289)
	at java.lang.Thread.run(Thread.java:748)
Caused by: java.util.concurrent.TimeoutException
	at java.util.concurrent.CompletableFuture.timedGet(CompletableFuture.java:1771)
	at java.util.concurrent.CompletableFuture.get(CompletableFuture.java:1915)
	at org.apache.ratis.util.IOUtils.getFromFuture(IOUtils.java:79)
	... 4 more
2019-09-11 20:06:47,262 [java.util.concurrent.ThreadPoolExecutor$Worker@39cc96d6[State = -1, empty queue]] WARN  server.GrpcLogAppender (GrpcLogAppender.java:timeoutAppendRequest(200)) - 9bb405f0-f563-4579-83ea-0bbe163a9fbc@group-C7A422292FA5->e0c56373-add1-4904-83f3-08b0a755b8ed-GrpcLogAppender: appendEntries Timeout, request=9bb405f0-f563-4579-83ea-0bbe163a9fbc->e0c56373-add1-4904-83f3-08b0a755b8ed#55-t1, previous=(t:1, i:12), leaderCommit=6, initializing? false, entries: <empty>
2019-09-11 20:06:47,262 [java.util.concurrent.ThreadPoolExecutor$Worker@3aabbd53[State = -1, empty queue]] WARN  server.GrpcLogAppender (GrpcLogAppender.java:timeoutAppendRequest(200)) - 9bb405f0-f563-4579-83ea-0bbe163a9fbc@group-C7A422292FA5->802f7a56-3ac2-455e-92a2-71244eb20cf7-GrpcLogAppender: appendEntries Timeout, request=9bb405f0-f563-4579-83ea-0bbe163a9fbc->802f7a56-3ac2-455e-92a2-71244eb20cf7#55-t1, previous=(t:1, i:12), leaderCommit=6, initializing? false, entries: <empty>
2019-09-11 20:06:47,597 [grpc-default-executor-6] INFO  client.GrpcClientProtocolClient (GrpcClientProtocolClient.java:onNext(264)) - client-FE03BA7EFCF8->802f7a56-3ac2-455e-92a2-71244eb20cf7: receive RaftClientReply:client-FE03BA7EFCF8->802f7a56-3ac2-455e-92a2-71244eb20cf7@group-C7A422292FA5, cid=134, FAILED org.apache.ratis.protocol.NotLeaderException: Server 802f7a56-3ac2-455e-92a2-71244eb20cf7@group-C7A422292FA5 is not the leader 9bb405f0-f563-4579-83ea-0bbe163a9fbc:192.168.36.83:46254, logIndex=0, commits[802f7a56-3ac2-455e-92a2-71244eb20cf7:c6, 9bb405f0-f563-4579-83ea-0bbe163a9fbc:c6, e0c56373-add1-4904-83f3-08b0a755b8ed:c4]
2019-09-11 20:06:49,762 [java.util.concurrent.ThreadPoolExecutor$Worker@3aabbd53[State = -1, empty queue]] WARN  server.GrpcLogAppender (GrpcLogAppender.java:timeoutAppendRequest(200)) - 9bb405f0-f563-4579-83ea-0bbe163a9fbc@group-C7A422292FA5->802f7a56-3ac2-455e-92a2-71244eb20cf7-GrpcLogAppender: appendEntries Timeout, request=9bb405f0-f563-4579-83ea-0bbe163a9fbc->802f7a56-3ac2-455e-92a2-71244eb20cf7#56-t1, previous=(t:1, i:12), leaderCommit=6, initializing? false, entries: <empty>
2019-09-11 20:06:49,762 [java.util.concurrent.ThreadPoolExecutor$Worker@39cc96d6[State = -1, empty queue]] WARN  server.GrpcLogAppender (GrpcLogAppender.java:timeoutAppendRequest(200)) - 9bb405f0-f563-4579-83ea-0bbe163a9fbc@group-C7A422292FA5->e0c56373-add1-4904-83f3-08b0a755b8ed-GrpcLogAppender: appendEntries Timeout, request=9bb405f0-f563-4579-83ea-0bbe163a9fbc->e0c56373-add1-4904-83f3-08b0a755b8ed#56-t1, previous=(t:1, i:12), leaderCommit=6, initializing? false, entries: <empty>
2019-09-11 20:06:52,262 [java.util.concurrent.ThreadPoolExecutor$Worker@39cc96d6[State = -1, empty queue]] WARN  server.GrpcLogAppender (GrpcLogAppender.java:timeoutAppendRequest(200)) - 9bb405f0-f563-4579-83ea-0bbe163a9fbc@group-C7A422292FA5->e0c56373-add1-4904-83f3-08b0a755b8ed-GrpcLogAppender: appendEntries Timeout, request=9bb405f0-f563-4579-83ea-0bbe163a9fbc->e0c56373-add1-4904-83f3-08b0a755b8ed#57-t1, previous=(t:1, i:12), leaderCommit=6, initializing? false, entries: <empty>
2019-09-11 20:06:52,262 [java.util.concurrent.ThreadPoolExecutor$Worker@3aabbd53[State = -1, empty queue]] WARN  server.GrpcLogAppender (GrpcLogAppender.java:timeoutAppendRequest(200)) - 9bb405f0-f563-4579-83ea-0bbe163a9fbc@group-C7A422292FA5->802f7a56-3ac2-455e-92a2-71244eb20cf7-GrpcLogAppender: appendEntries Timeout, request=9bb405f0-f563-4579-83ea-0bbe163a9fbc->802f7a56-3ac2-455e-92a2-71244eb20cf7#57-t1, previous=(t:1, i:12), leaderCommit=6, initializing? false, entries: <empty>
2019-09-11 20:06:52,784 [grpc-default-executor-8] INFO  client.GrpcClientProtocolClient (GrpcClientProtocolClient.java:onNext(264)) - client-FE03BA7EFCF8->e0c56373-add1-4904-83f3-08b0a755b8ed: receive RaftClientReply:client-FE03BA7EFCF8->e0c56373-add1-4904-83f3-08b0a755b8ed@group-C7A422292FA5, cid=134, FAILED org.apache.ratis.protocol.NotLeaderException: Server e0c56373-add1-4904-83f3-08b0a755b8ed@group-C7A422292FA5 is not the leader 9bb405f0-f563-4579-83ea-0bbe163a9fbc:192.168.36.83:46254, logIndex=0, commits[e0c56373-add1-4904-83f3-08b0a755b8ed:c6, 802f7a56-3ac2-455e-92a2-71244eb20cf7:c4, 9bb405f0-f563-4579-83ea-0bbe163a9fbc:c6]
2019-09-11 20:06:54,767 [java.util.concurrent.ThreadPoolExecutor$Worker@3aabbd53[State = -1, empty queue]] WARN  server.GrpcLogAppender (GrpcLogAppender.java:timeoutAppendRequest(200)) - 9bb405f0-f563-4579-83ea-0bbe163a9fbc@group-C7A422292FA5->802f7a56-3ac2-455e-92a2-71244eb20cf7-GrpcLogAppender: appendEntries Timeout, request=9bb405f0-f563-4579-83ea-0bbe163a9fbc->802f7a56-3ac2-455e-92a2-71244eb20cf7#58-t1, previous=(t:1, i:12), leaderCommit=6, initializing? false, entries: <empty>
2019-09-11 20:06:54,767 [java.util.concurrent.ThreadPoolExecutor$Worker@39cc96d6[State = -1, empty queue]] WARN  server.GrpcLogAppender (GrpcLogAppender.java:timeoutAppendRequest(200)) - 9bb405f0-f563-4579-83ea-0bbe163a9fbc@group-C7A422292FA5->e0c56373-add1-4904-83f3-08b0a755b8ed-GrpcLogAppender: appendEntries Timeout, request=9bb405f0-f563-4579-83ea-0bbe163a9fbc->e0c56373-add1-4904-83f3-08b0a755b8ed#58-t1, previous=(t:1, i:12), leaderCommit=6, initializing? false, entries: <empty>
2019-09-11 20:06:56,755 [e0c56373-add1-4904-83f3-08b0a755b8ed@group-C7A422292FA5-SegmentedRaftLogWorker] WARN  segmented.SegmentedRaftLogWorker (SegmentedRaftLogWorker.java:getFromFuture(90)) - Timeout 9/~
org.apache.ratis.protocol.TimeoutIOException: Timeout 10s: WriteLog:7: (t:1, i:7), STATEMACHINELOGENTRY, client-FE03BA7EFCF8, cid=134-writeStateMachineData
	at org.apache.ratis.util.IOUtils.getFromFuture(IOUtils.java:87)
	at org.apache.ratis.server.raftlog.segmented.SegmentedRaftLogWorker$StateMachineDataPolicy.getFromFuture(SegmentedRaftLogWorker.java:87)
	at org.apache.ratis.server.raftlog.segmented.SegmentedRaftLogWorker$WriteLog.execute(SegmentedRaftLogWorker.java:477)
	at org.apache.ratis.server.raftlog.segmented.SegmentedRaftLogWorker.run(SegmentedRaftLogWorker.java:289)
	at java.lang.Thread.run(Thread.java:748)
Caused by: java.util.concurrent.TimeoutException
	at java.util.concurrent.CompletableFuture.timedGet(CompletableFuture.java:1771)
	at java.util.concurrent.CompletableFuture.get(CompletableFuture.java:1915)
	at org.apache.ratis.util.IOUtils.getFromFuture(IOUtils.java:79)
	... 4 more
2019-09-11 20:06:56,871 [9bb405f0-f563-4579-83ea-0bbe163a9fbc@group-C7A422292FA5-SegmentedRaftLogWorker] WARN  segmented.SegmentedRaftLogWorker (SegmentedRaftLogWorker.java:getFromFuture(90)) - Timeout 9/~
org.apache.ratis.protocol.TimeoutIOException: Timeout 10s: WriteLog:8: (t:1, i:8), STATEMACHINELOGENTRY, client-FE03BA7EFCF8, cid=135-writeStateMachineData
	at org.apache.ratis.util.IOUtils.getFromFuture(IOUtils.java:87)
	at org.apache.ratis.server.raftlog.segmented.SegmentedRaftLogWorker$StateMachineDataPolicy.getFromFuture(SegmentedRaftLogWorker.java:87)
	at org.apache.ratis.server.raftlog.segmented.SegmentedRaftLogWorker$WriteLog.execute(SegmentedRaftLogWorker.java:477)
	at org.apache.ratis.server.raftlog.segmented.SegmentedRaftLogWorker.run(SegmentedRaftLogWorker.java:289)
	at java.lang.Thread.run(Thread.java:748)
Caused by: java.util.concurrent.TimeoutException
	at java.util.concurrent.CompletableFuture.timedGet(CompletableFuture.java:1771)
	at java.util.concurrent.CompletableFuture.get(CompletableFuture.java:1915)
	at org.apache.ratis.util.IOUtils.getFromFuture(IOUtils.java:79)
	... 4 more
2019-09-11 20:06:56,873 [802f7a56-3ac2-455e-92a2-71244eb20cf7@group-C7A422292FA5-SegmentedRaftLogWorker] WARN  segmented.SegmentedRaftLogWorker (SegmentedRaftLogWorker.java:getFromFuture(90)) - Timeout 9/~
org.apache.ratis.protocol.TimeoutIOException: Timeout 10s: WriteLog:8: (t:1, i:8), STATEMACHINELOGENTRY, client-FE03BA7EFCF8, cid=135-writeStateMachineData
	at org.apache.ratis.util.IOUtils.getFromFuture(IOUtils.java:87)
	at org.apache.ratis.server.raftlog.segmented.SegmentedRaftLogWorker$StateMachineDataPolicy.getFromFuture(SegmentedRaftLogWorker.java:87)
	at org.apache.ratis.server.raftlog.segmented.SegmentedRaftLogWorker$WriteLog.execute(SegmentedRaftLogWorker.java:477)
	at org.apache.ratis.server.raftlog.segmented.SegmentedRaftLogWorker.run(SegmentedRaftLogWorker.java:289)
	at java.lang.Thread.run(Thread.java:748)
Caused by: java.util.concurrent.TimeoutException
	at java.util.concurrent.CompletableFuture.timedGet(CompletableFuture.java:1771)
	at java.util.concurrent.CompletableFuture.get(CompletableFuture.java:1915)
	at org.apache.ratis.util.IOUtils.getFromFuture(IOUtils.java:79)
	... 4 more
2019-09-11 20:06:57,267 [java.util.concurrent.ThreadPoolExecutor$Worker@3aabbd53[State = -1, empty queue]] WARN  server.GrpcLogAppender (GrpcLogAppender.java:timeoutAppendRequest(200)) - 9bb405f0-f563-4579-83ea-0bbe163a9fbc@group-C7A422292FA5->802f7a56-3ac2-455e-92a2-71244eb20cf7-GrpcLogAppender: appendEntries Timeout, request=9bb405f0-f563-4579-83ea-0bbe163a9fbc->802f7a56-3ac2-455e-92a2-71244eb20cf7#59-t1, previous=(t:1, i:12), leaderCommit=6, initializing? false, entries: <empty>
2019-09-11 20:06:57,267 [java.util.concurrent.ThreadPoolExecutor$Worker@39cc96d6[State = -1, empty queue]] WARN  server.GrpcLogAppender (GrpcLogAppender.java:timeoutAppendRequest(200)) - 9bb405f0-f563-4579-83ea-0bbe163a9fbc@group-C7A422292FA5->e0c56373-add1-4904-83f3-08b0a755b8ed-GrpcLogAppender: appendEntries Timeout, request=9bb405f0-f563-4579-83ea-0bbe163a9fbc->e0c56373-add1-4904-83f3-08b0a755b8ed#59-t1, previous=(t:1, i:12), leaderCommit=6, initializing? false, entries: <empty>
2019-09-11 20:06:57,819 [grpc-default-executor-8] INFO  client.GrpcClientProtocolClient (GrpcClientProtocolClient.java:onNext(264)) - client-FE03BA7EFCF8->e0c56373-add1-4904-83f3-08b0a755b8ed: receive RaftClientReply:client-FE03BA7EFCF8->e0c56373-add1-4904-83f3-08b0a755b8ed@group-C7A422292FA5, cid=134, FAILED org.apache.ratis.protocol.NotLeaderException: Server e0c56373-add1-4904-83f3-08b0a755b8ed@group-C7A422292FA5 is not the leader 9bb405f0-f563-4579-83ea-0bbe163a9fbc:192.168.36.83:46254, logIndex=0, commits[e0c56373-add1-4904-83f3-08b0a755b8ed:c6, 802f7a56-3ac2-455e-92a2-71244eb20cf7:c4, 9bb405f0-f563-4579-83ea-0bbe163a9fbc:c6]
2019-09-11 20:06:59,768 [java.util.concurrent.ThreadPoolExecutor$Worker@3aabbd53[State = -1, empty queue]] WARN  server.GrpcLogAppender (GrpcLogAppender.java:timeoutAppendRequest(200)) - 9bb405f0-f563-4579-83ea-0bbe163a9fbc@group-C7A422292FA5->802f7a56-3ac2-455e-92a2-71244eb20cf7-GrpcLogAppender: appendEntries Timeout, request=9bb405f0-f563-4579-83ea-0bbe163a9fbc->802f7a56-3ac2-455e-92a2-71244eb20cf7#60-t1, previous=(t:1, i:12), leaderCommit=6, initializing? false, entries: <empty>
2019-09-11 20:06:59,768 [java.util.concurrent.ThreadPoolExecutor$Worker@39cc96d6[State = -1, empty queue]] WARN  server.GrpcLogAppender (GrpcLogAppender.java:timeoutAppendRequest(200)) - 9bb405f0-f563-4579-83ea-0bbe163a9fbc@group-C7A422292FA5->e0c56373-add1-4904-83f3-08b0a755b8ed-GrpcLogAppender: appendEntries Timeout, request=9bb405f0-f563-4579-83ea-0bbe163a9fbc->e0c56373-add1-4904-83f3-08b0a755b8ed#60-t1, previous=(t:1, i:12), leaderCommit=6, initializing? false, entries: <empty>
2019-09-11 20:07:02,268 [java.util.concurrent.ThreadPoolExecutor$Worker@39cc96d6[State = -1, empty queue]] WARN  server.GrpcLogAppender (GrpcLogAppender.java:timeoutAppendRequest(200)) - 9bb405f0-f563-4579-83ea-0bbe163a9fbc@group-C7A422292FA5->e0c56373-add1-4904-83f3-08b0a755b8ed-GrpcLogAppender: appendEntries Timeout, request=9bb405f0-f563-4579-83ea-0bbe163a9fbc->e0c56373-add1-4904-83f3-08b0a755b8ed#61-t1, previous=(t:1, i:12), leaderCommit=6, initializing? false, entries: <empty>
2019-09-11 20:07:02,268 [java.util.concurrent.ThreadPoolExecutor$Worker@3aabbd53[State = -1, empty queue]] WARN  server.GrpcLogAppender (GrpcLogAppender.java:timeoutAppendRequest(200)) - 9bb405f0-f563-4579-83ea-0bbe163a9fbc@group-C7A422292FA5->802f7a56-3ac2-455e-92a2-71244eb20cf7-GrpcLogAppender: appendEntries Timeout, request=9bb405f0-f563-4579-83ea-0bbe163a9fbc->802f7a56-3ac2-455e-92a2-71244eb20cf7#61-t1, previous=(t:1, i:12), leaderCommit=6, initializing? false, entries: <empty>
2019-09-11 20:07:02,893 [grpc-default-executor-8] INFO  client.GrpcClientProtocolClient (GrpcClientProtocolClient.java:onNext(264)) - client-FE03BA7EFCF8->802f7a56-3ac2-455e-92a2-71244eb20cf7: receive RaftClientReply:client-FE03BA7EFCF8->802f7a56-3ac2-455e-92a2-71244eb20cf7@group-C7A422292FA5, cid=134, FAILED org.apache.ratis.protocol.NotLeaderException: Server 802f7a56-3ac2-455e-92a2-71244eb20cf7@group-C7A422292FA5 is not the leader 9bb405f0-f563-4579-83ea-0bbe163a9fbc:192.168.36.83:46254, logIndex=0, commits[802f7a56-3ac2-455e-92a2-71244eb20cf7:c6, 9bb405f0-f563-4579-83ea-0bbe163a9fbc:c6, e0c56373-add1-4904-83f3-08b0a755b8ed:c4]
2019-09-11 20:07:04,769 [java.util.concurrent.ThreadPoolExecutor$Worker@39cc96d6[State = -1, empty queue]] WARN  server.GrpcLogAppender (GrpcLogAppender.java:timeoutAppendRequest(200)) - 9bb405f0-f563-4579-83ea-0bbe163a9fbc@group-C7A422292FA5->e0c56373-add1-4904-83f3-08b0a755b8ed-GrpcLogAppender: appendEntries Timeout, request=9bb405f0-f563-4579-83ea-0bbe163a9fbc->e0c56373-add1-4904-83f3-08b0a755b8ed#62-t1, previous=(t:1, i:12), leaderCommit=6, initializing? false, entries: <empty>
2019-09-11 20:07:04,769 [java.util.concurrent.ThreadPoolExecutor$Worker@3aabbd53[State = -1, empty queue]] WARN  server.GrpcLogAppender (GrpcLogAppender.java:timeoutAppendRequest(200)) - 9bb405f0-f563-4579-83ea-0bbe163a9fbc@group-C7A422292FA5->802f7a56-3ac2-455e-92a2-71244eb20cf7-GrpcLogAppender: appendEntries Timeout, request=9bb405f0-f563-4579-83ea-0bbe163a9fbc->802f7a56-3ac2-455e-92a2-71244eb20cf7#62-t1, previous=(t:1, i:12), leaderCommit=6, initializing? false, entries: <empty>
2019-09-11 20:07:06,756 [e0c56373-add1-4904-83f3-08b0a755b8ed@group-C7A422292FA5-SegmentedRaftLogWorker] WARN  segmented.SegmentedRaftLogWorker (SegmentedRaftLogWorker.java:getFromFuture(90)) - Timeout 10/~
org.apache.ratis.protocol.TimeoutIOException: Timeout 10s: WriteLog:7: (t:1, i:7), STATEMACHINELOGENTRY, client-FE03BA7EFCF8, cid=134-writeStateMachineData
	at org.apache.ratis.util.IOUtils.getFromFuture(IOUtils.java:87)
	at org.apache.ratis.server.raftlog.segmented.SegmentedRaftLogWorker$StateMachineDataPolicy.getFromFuture(SegmentedRaftLogWorker.java:87)
	at org.apache.ratis.server.raftlog.segmented.SegmentedRaftLogWorker$WriteLog.execute(SegmentedRaftLogWorker.java:477)
	at org.apache.ratis.server.raftlog.segmented.SegmentedRaftLogWorker.run(SegmentedRaftLogWorker.java:289)
	at java.lang.Thread.run(Thread.java:748)
Caused by: java.util.concurrent.TimeoutException
	at java.util.concurrent.CompletableFuture.timedGet(CompletableFuture.java:1771)
	at java.util.concurrent.CompletableFuture.get(CompletableFuture.java:1915)
	at org.apache.ratis.util.IOUtils.getFromFuture(IOUtils.java:79)
	... 4 more
2019-09-11 20:07:06,872 [9bb405f0-f563-4579-83ea-0bbe163a9fbc@group-C7A422292FA5-SegmentedRaftLogWorker] WARN  segmented.SegmentedRaftLogWorker (SegmentedRaftLogWorker.java:getFromFuture(90)) - Timeout 10/~
org.apache.ratis.protocol.TimeoutIOException: Timeout 10s: WriteLog:8: (t:1, i:8), STATEMACHINELOGENTRY, client-FE03BA7EFCF8, cid=135-writeStateMachineData
	at org.apache.ratis.util.IOUtils.getFromFuture(IOUtils.java:87)
	at org.apache.ratis.server.raftlog.segmented.SegmentedRaftLogWorker$StateMachineDataPolicy.getFromFuture(SegmentedRaftLogWorker.java:87)
	at org.apache.ratis.server.raftlog.segmented.SegmentedRaftLogWorker$WriteLog.execute(SegmentedRaftLogWorker.java:477)
	at org.apache.ratis.server.raftlog.segmented.SegmentedRaftLogWorker.run(SegmentedRaftLogWorker.java:289)
	at java.lang.Thread.run(Thread.java:748)
Caused by: java.util.concurrent.TimeoutException
	at java.util.concurrent.CompletableFuture.timedGet(CompletableFuture.java:1771)
	at java.util.concurrent.CompletableFuture.get(CompletableFuture.java:1915)
	at org.apache.ratis.util.IOUtils.getFromFuture(IOUtils.java:79)
	... 4 more
2019-09-11 20:07:06,874 [802f7a56-3ac2-455e-92a2-71244eb20cf7@group-C7A422292FA5-SegmentedRaftLogWorker] WARN  segmented.SegmentedRaftLogWorker (SegmentedRaftLogWorker.java:getFromFuture(90)) - Timeout 10/~
org.apache.ratis.protocol.TimeoutIOException: Timeout 10s: WriteLog:8: (t:1, i:8), STATEMACHINELOGENTRY, client-FE03BA7EFCF8, cid=135-writeStateMachineData
	at org.apache.ratis.util.IOUtils.getFromFuture(IOUtils.java:87)
	at org.apache.ratis.server.raftlog.segmented.SegmentedRaftLogWorker$StateMachineDataPolicy.getFromFuture(SegmentedRaftLogWorker.java:87)
	at org.apache.ratis.server.raftlog.segmented.SegmentedRaftLogWorker$WriteLog.execute(SegmentedRaftLogWorker.java:477)
	at org.apache.ratis.server.raftlog.segmented.SegmentedRaftLogWorker.run(SegmentedRaftLogWorker.java:289)
	at java.lang.Thread.run(Thread.java:748)
Caused by: java.util.concurrent.TimeoutException
	at java.util.concurrent.CompletableFuture.timedGet(CompletableFuture.java:1771)
	at java.util.concurrent.CompletableFuture.get(CompletableFuture.java:1915)
	at org.apache.ratis.util.IOUtils.getFromFuture(IOUtils.java:79)
	... 4 more
2019-09-11 20:07:07,269 [java.util.concurrent.ThreadPoolExecutor$Worker@39cc96d6[State = -1, empty queue]] WARN  server.GrpcLogAppender (GrpcLogAppender.java:timeoutAppendRequest(200)) - 9bb405f0-f563-4579-83ea-0bbe163a9fbc@group-C7A422292FA5->e0c56373-add1-4904-83f3-08b0a755b8ed-GrpcLogAppender: appendEntries Timeout, request=9bb405f0-f563-4579-83ea-0bbe163a9fbc->e0c56373-add1-4904-83f3-08b0a755b8ed#63-t1, previous=(t:1, i:12), leaderCommit=6, initializing? false, entries: <empty>
2019-09-11 20:07:07,269 [java.util.concurrent.ThreadPoolExecutor$Worker@3aabbd53[State = -1, empty queue]] WARN  server.GrpcLogAppender (GrpcLogAppender.java:timeoutAppendRequest(200)) - 9bb405f0-f563-4579-83ea-0bbe163a9fbc@group-C7A422292FA5->802f7a56-3ac2-455e-92a2-71244eb20cf7-GrpcLogAppender: appendEntries Timeout, request=9bb405f0-f563-4579-83ea-0bbe163a9fbc->802f7a56-3ac2-455e-92a2-71244eb20cf7#63-t1, previous=(t:1, i:12), leaderCommit=6, initializing? false, entries: <empty>
2019-09-11 20:07:07,948 [grpc-default-executor-8] INFO  client.GrpcClientProtocolClient (GrpcClientProtocolClient.java:onNext(264)) - client-FE03BA7EFCF8->802f7a56-3ac2-455e-92a2-71244eb20cf7: receive RaftClientReply:client-FE03BA7EFCF8->802f7a56-3ac2-455e-92a2-71244eb20cf7@group-C7A422292FA5, cid=134, FAILED org.apache.ratis.protocol.NotLeaderException: Server 802f7a56-3ac2-455e-92a2-71244eb20cf7@group-C7A422292FA5 is not the leader 9bb405f0-f563-4579-83ea-0bbe163a9fbc:192.168.36.83:46254, logIndex=0, commits[802f7a56-3ac2-455e-92a2-71244eb20cf7:c6, 9bb405f0-f563-4579-83ea-0bbe163a9fbc:c6, e0c56373-add1-4904-83f3-08b0a755b8ed:c4]
2019-09-11 20:07:09,769 [java.util.concurrent.ThreadPoolExecutor$Worker@39cc96d6[State = -1, empty queue]] WARN  server.GrpcLogAppender (GrpcLogAppender.java:timeoutAppendRequest(200)) - 9bb405f0-f563-4579-83ea-0bbe163a9fbc@group-C7A422292FA5->e0c56373-add1-4904-83f3-08b0a755b8ed-GrpcLogAppender: appendEntries Timeout, request=9bb405f0-f563-4579-83ea-0bbe163a9fbc->e0c56373-add1-4904-83f3-08b0a755b8ed#64-t1, previous=(t:1, i:12), leaderCommit=6, initializing? false, entries: <empty>
2019-09-11 20:07:09,769 [java.util.concurrent.ThreadPoolExecutor$Worker@3aabbd53[State = -1, empty queue]] WARN  server.GrpcLogAppender (GrpcLogAppender.java:timeoutAppendRequest(200)) - 9bb405f0-f563-4579-83ea-0bbe163a9fbc@group-C7A422292FA5->802f7a56-3ac2-455e-92a2-71244eb20cf7-GrpcLogAppender: appendEntries Timeout, request=9bb405f0-f563-4579-83ea-0bbe163a9fbc->802f7a56-3ac2-455e-92a2-71244eb20cf7#64-t1, previous=(t:1, i:12), leaderCommit=6, initializing? false, entries: <empty>
2019-09-11 20:07:12,269 [java.util.concurrent.ThreadPoolExecutor$Worker@39cc96d6[State = -1, empty queue]] WARN  server.GrpcLogAppender (GrpcLogAppender.java:timeoutAppendRequest(200)) - 9bb405f0-f563-4579-83ea-0bbe163a9fbc@group-C7A422292FA5->e0c56373-add1-4904-83f3-08b0a755b8ed-GrpcLogAppender: appendEntries Timeout, request=9bb405f0-f563-4579-83ea-0bbe163a9fbc->e0c56373-add1-4904-83f3-08b0a755b8ed#65-t1, previous=(t:1, i:12), leaderCommit=6, initializing? false, entries: <empty>
2019-09-11 20:07:12,269 [java.util.concurrent.ThreadPoolExecutor$Worker@3aabbd53[State = -1, empty queue]] WARN  server.GrpcLogAppender (GrpcLogAppender.java:timeoutAppendRequest(200)) - 9bb405f0-f563-4579-83ea-0bbe163a9fbc@group-C7A422292FA5->802f7a56-3ac2-455e-92a2-71244eb20cf7-GrpcLogAppender: appendEntries Timeout, request=9bb405f0-f563-4579-83ea-0bbe163a9fbc->802f7a56-3ac2-455e-92a2-71244eb20cf7#65-t1, previous=(t:1, i:12), leaderCommit=6, initializing? false, entries: <empty>
2019-09-11 20:07:12,981 [grpc-default-executor-8] INFO  client.GrpcClientProtocolClient (GrpcClientProtocolClient.java:onNext(264)) - client-FE03BA7EFCF8->e0c56373-add1-4904-83f3-08b0a755b8ed: receive RaftClientReply:client-FE03BA7EFCF8->e0c56373-add1-4904-83f3-08b0a755b8ed@group-C7A422292FA5, cid=134, FAILED org.apache.ratis.protocol.NotLeaderException: Server e0c56373-add1-4904-83f3-08b0a755b8ed@group-C7A422292FA5 is not the leader 9bb405f0-f563-4579-83ea-0bbe163a9fbc:192.168.36.83:46254, logIndex=0, commits[e0c56373-add1-4904-83f3-08b0a755b8ed:c6, 802f7a56-3ac2-455e-92a2-71244eb20cf7:c4, 9bb405f0-f563-4579-83ea-0bbe163a9fbc:c6]
2019-09-11 20:07:14,769 [java.util.concurrent.ThreadPoolExecutor$Worker@3aabbd53[State = -1, empty queue]] WARN  server.GrpcLogAppender (GrpcLogAppender.java:timeoutAppendRequest(200)) - 9bb405f0-f563-4579-83ea-0bbe163a9fbc@group-C7A422292FA5->802f7a56-3ac2-455e-92a2-71244eb20cf7-GrpcLogAppender: appendEntries Timeout, request=9bb405f0-f563-4579-83ea-0bbe163a9fbc->802f7a56-3ac2-455e-92a2-71244eb20cf7#66-t1, previous=(t:1, i:12), leaderCommit=6, initializing? false, entries: <empty>
2019-09-11 20:07:14,769 [java.util.concurrent.ThreadPoolExecutor$Worker@39cc96d6[State = -1, empty queue]] WARN  server.GrpcLogAppender (GrpcLogAppender.java:timeoutAppendRequest(200)) - 9bb405f0-f563-4579-83ea-0bbe163a9fbc@group-C7A422292FA5->e0c56373-add1-4904-83f3-08b0a755b8ed-GrpcLogAppender: appendEntries Timeout, request=9bb405f0-f563-4579-83ea-0bbe163a9fbc->e0c56373-add1-4904-83f3-08b0a755b8ed#66-t1, previous=(t:1, i:12), leaderCommit=6, initializing? false, entries: <empty>
2019-09-11 20:07:16,758 [e0c56373-add1-4904-83f3-08b0a755b8ed@group-C7A422292FA5-SegmentedRaftLogWorker] WARN  segmented.SegmentedRaftLogWorker (SegmentedRaftLogWorker.java:getFromFuture(90)) - Timeout 11/~
org.apache.ratis.protocol.TimeoutIOException: Timeout 10s: WriteLog:7: (t:1, i:7), STATEMACHINELOGENTRY, client-FE03BA7EFCF8, cid=134-writeStateMachineData
	at org.apache.ratis.util.IOUtils.getFromFuture(IOUtils.java:87)
	at org.apache.ratis.server.raftlog.segmented.SegmentedRaftLogWorker$StateMachineDataPolicy.getFromFuture(SegmentedRaftLogWorker.java:87)
	at org.apache.ratis.server.raftlog.segmented.SegmentedRaftLogWorker$WriteLog.execute(SegmentedRaftLogWorker.java:477)
	at org.apache.ratis.server.raftlog.segmented.SegmentedRaftLogWorker.run(SegmentedRaftLogWorker.java:289)
	at java.lang.Thread.run(Thread.java:748)
Caused by: java.util.concurrent.TimeoutException
	at java.util.concurrent.CompletableFuture.timedGet(CompletableFuture.java:1771)
	at java.util.concurrent.CompletableFuture.get(CompletableFuture.java:1915)
	at org.apache.ratis.util.IOUtils.getFromFuture(IOUtils.java:79)
	... 4 more
2019-09-11 20:07:16,771 [org.apache.ratis.server.impl.LogAppender$AppenderDaemon$$Lambda$513/1740195529@5858ebf6] ERROR ratis.XceiverServerRatis (XceiverServerRatis.java:triggerPipelineClose(568)) - pipeline Action CLOSE  on pipeline PipelineID=a5e33a2e-eade-4ad2-a9ca-c7a422292fa5.Reason : 9bb405f0-f563-4579-83ea-0bbe163a9fbc has not seen follower/s 802f7a56-3ac2-455e-92a2-71244eb20cf7 for 120117ms e0c56373-add1-4904-83f3-08b0a755b8ed for 120117ms
2019-09-11 20:07:16,771 [org.apache.ratis.server.impl.LogAppender$AppenderDaemon$$Lambda$513/1740195529@5f17ede1] ERROR ratis.XceiverServerRatis (XceiverServerRatis.java:triggerPipelineClose(568)) - pipeline Action CLOSE  on pipeline PipelineID=a5e33a2e-eade-4ad2-a9ca-c7a422292fa5.Reason : 9bb405f0-f563-4579-83ea-0bbe163a9fbc has not seen follower/s 802f7a56-3ac2-455e-92a2-71244eb20cf7 for 120117ms e0c56373-add1-4904-83f3-08b0a755b8ed for 120117ms
2019-09-11 20:07:16,873 [9bb405f0-f563-4579-83ea-0bbe163a9fbc@group-C7A422292FA5-SegmentedRaftLogWorker] WARN  segmented.SegmentedRaftLogWorker (SegmentedRaftLogWorker.java:getFromFuture(90)) - Timeout 11/~
org.apache.ratis.protocol.TimeoutIOException: Timeout 10s: WriteLog:8: (t:1, i:8), STATEMACHINELOGENTRY, client-FE03BA7EFCF8, cid=135-writeStateMachineData
	at org.apache.ratis.util.IOUtils.getFromFuture(IOUtils.java:87)
	at org.apache.ratis.server.raftlog.segmented.SegmentedRaftLogWorker$StateMachineDataPolicy.getFromFuture(SegmentedRaftLogWorker.java:87)
	at org.apache.ratis.server.raftlog.segmented.SegmentedRaftLogWorker$WriteLog.execute(SegmentedRaftLogWorker.java:477)
	at org.apache.ratis.server.raftlog.segmented.SegmentedRaftLogWorker.run(SegmentedRaftLogWorker.java:289)
	at java.lang.Thread.run(Thread.java:748)
Caused by: java.util.concurrent.TimeoutException
	at java.util.concurrent.CompletableFuture.timedGet(CompletableFuture.java:1771)
	at java.util.concurrent.CompletableFuture.get(CompletableFuture.java:1915)
	at org.apache.ratis.util.IOUtils.getFromFuture(IOUtils.java:79)
	... 4 more
2019-09-11 20:07:16,898 [802f7a56-3ac2-455e-92a2-71244eb20cf7@group-C7A422292FA5-SegmentedRaftLogWorker] WARN  segmented.SegmentedRaftLogWorker (SegmentedRaftLogWorker.java:getFromFuture(90)) - Timeout 11/~
org.apache.ratis.protocol.TimeoutIOException: Timeout 10s: WriteLog:8: (t:1, i:8), STATEMACHINELOGENTRY, client-FE03BA7EFCF8, cid=135-writeStateMachineData
	at org.apache.ratis.util.IOUtils.getFromFuture(IOUtils.java:87)
	at org.apache.ratis.server.raftlog.segmented.SegmentedRaftLogWorker$StateMachineDataPolicy.getFromFuture(SegmentedRaftLogWorker.java:87)
	at org.apache.ratis.server.raftlog.segmented.SegmentedRaftLogWorker$WriteLog.execute(SegmentedRaftLogWorker.java:477)
	at org.apache.ratis.server.raftlog.segmented.SegmentedRaftLogWorker.run(SegmentedRaftLogWorker.java:289)
	at java.lang.Thread.run(Thread.java:748)
Caused by: java.util.concurrent.TimeoutException
	at java.util.concurrent.CompletableFuture.timedGet(CompletableFuture.java:1771)
	at java.util.concurrent.CompletableFuture.get(CompletableFuture.java:1915)
	at org.apache.ratis.util.IOUtils.getFromFuture(IOUtils.java:79)
	... 4 more
2019-09-11 20:07:16,899 [EventQueue-PipelineActionsForPipelineActionHandler] ERROR pipeline.PipelineActionHandler (PipelineActionHandler.java:onMessage(60)) - Received pipeline action CLOSE for Pipeline[ Id: a5e33a2e-eade-4ad2-a9ca-c7a422292fa5, Nodes: 802f7a56-3ac2-455e-92a2-71244eb20cf7{ip: 192.168.36.83, host: pr-hdds-2096-jg2tg-1247294052, networkLocation: /default-rack, certSerialId: null}e0c56373-add1-4904-83f3-08b0a755b8ed{ip: 192.168.36.83, host: pr-hdds-2096-jg2tg-1247294052, networkLocation: /default-rack, certSerialId: null}9bb405f0-f563-4579-83ea-0bbe163a9fbc{ip: 192.168.36.83, host: pr-hdds-2096-jg2tg-1247294052, networkLocation: /default-rack, certSerialId: null}, Type:RATIS, Factor:THREE, State:OPEN] from datanode 9bb405f0-f563-4579-83ea-0bbe163a9fbc{ip: 192.168.36.83, host: pr-hdds-2096-jg2tg-1247294052, networkLocation: /default-rack, certSerialId: null}. Reason : 9bb405f0-f563-4579-83ea-0bbe163a9fbc has not seen follower/s 802f7a56-3ac2-455e-92a2-71244eb20cf7 for 120117ms e0c56373-add1-4904-83f3-08b0a755b8ed for 120117ms
2019-09-11 20:07:16,899 [EventQueue-PipelineActionsForPipelineActionHandler] INFO  pipeline.SCMPipelineManager (SCMPipelineManager.java:finalizeAndDestroyPipeline(311)) - destroying pipeline:Pipeline[ Id: a5e33a2e-eade-4ad2-a9ca-c7a422292fa5, Nodes: 802f7a56-3ac2-455e-92a2-71244eb20cf7{ip: 192.168.36.83, host: pr-hdds-2096-jg2tg-1247294052, networkLocation: /default-rack, certSerialId: null}e0c56373-add1-4904-83f3-08b0a755b8ed{ip: 192.168.36.83, host: pr-hdds-2096-jg2tg-1247294052, networkLocation: /default-rack, certSerialId: null}9bb405f0-f563-4579-83ea-0bbe163a9fbc{ip: 192.168.36.83, host: pr-hdds-2096-jg2tg-1247294052, networkLocation: /default-rack, certSerialId: null}, Type:RATIS, Factor:THREE, State:OPEN]
2019-09-11 20:07:16,900 [EventQueue-PipelineActionsForPipelineActionHandler] INFO  pipeline.PipelineStateManager (PipelineStateManager.java:finalizePipeline(123)) - Pipeline Pipeline[ Id: a5e33a2e-eade-4ad2-a9ca-c7a422292fa5, Nodes: 802f7a56-3ac2-455e-92a2-71244eb20cf7{ip: 192.168.36.83, host: pr-hdds-2096-jg2tg-1247294052, networkLocation: /default-rack, certSerialId: null}e0c56373-add1-4904-83f3-08b0a755b8ed{ip: 192.168.36.83, host: pr-hdds-2096-jg2tg-1247294052, networkLocation: /default-rack, certSerialId: null}9bb405f0-f563-4579-83ea-0bbe163a9fbc{ip: 192.168.36.83, host: pr-hdds-2096-jg2tg-1247294052, networkLocation: /default-rack, certSerialId: null}, Type:RATIS, Factor:THREE, State:CLOSED] moved to CLOSED state
2019-09-11 20:07:16,900 [EventQueue-CloseContainerForCloseContainerEventHandler] INFO  container.CloseContainerEventHandler (CloseContainerEventHandler.java:onMessage(61)) - Close container Event triggered for container : #5
2019-09-11 20:07:16,901 [EventQueue-CloseContainerForCloseContainerEventHandler] INFO  container.CloseContainerEventHandler (CloseContainerEventHandler.java:onMessage(61)) - Close container Event triggered for container : #6
2019-09-11 20:07:17,270 [java.util.concurrent.ThreadPoolExecutor$Worker@3aabbd53[State = -1, empty queue]] WARN  server.GrpcLogAppender (GrpcLogAppender.java:timeoutAppendRequest(200)) - 9bb405f0-f563-4579-83ea-0bbe163a9fbc@group-C7A422292FA5->802f7a56-3ac2-455e-92a2-71244eb20cf7-GrpcLogAppender: appendEntries Timeout, request=9bb405f0-f563-4579-83ea-0bbe163a9fbc->802f7a56-3ac2-455e-92a2-71244eb20cf7#67-t1, previous=(t:1, i:12), leaderCommit=6, initializing? false, entries: <empty>
2019-09-11 20:07:17,270 [java.util.concurrent.ThreadPoolExecutor$Worker@39cc96d6[State = -1, empty queue]] WARN  server.GrpcLogAppender (GrpcLogAppender.java:timeoutAppendRequest(200)) - 9bb405f0-f563-4579-83ea-0bbe163a9fbc@group-C7A422292FA5->e0c56373-add1-4904-83f3-08b0a755b8ed-GrpcLogAppender: appendEntries Timeout, request=9bb405f0-f563-4579-83ea-0bbe163a9fbc->e0c56373-add1-4904-83f3-08b0a755b8ed#67-t1, previous=(t:1, i:12), leaderCommit=6, initializing? false, entries: <empty>
2019-09-11 20:07:18,029 [grpc-default-executor-1] INFO  client.GrpcClientProtocolClient (GrpcClientProtocolClient.java:onNext(264)) - client-FE03BA7EFCF8->e0c56373-add1-4904-83f3-08b0a755b8ed: receive RaftClientReply:client-FE03BA7EFCF8->e0c56373-add1-4904-83f3-08b0a755b8ed@group-C7A422292FA5, cid=134, FAILED org.apache.ratis.protocol.NotLeaderException: Server e0c56373-add1-4904-83f3-08b0a755b8ed@group-C7A422292FA5 is not the leader 9bb405f0-f563-4579-83ea-0bbe163a9fbc:192.168.36.83:46254, logIndex=0, commits[e0c56373-add1-4904-83f3-08b0a755b8ed:c6, 802f7a56-3ac2-455e-92a2-71244eb20cf7:c4, 9bb405f0-f563-4579-83ea-0bbe163a9fbc:c6]
2019-09-11 20:07:18,913 [org.apache.ratis.server.impl.LogAppender$AppenderDaemon$$Lambda$513/1740195529@5f17ede1] ERROR ratis.XceiverServerRatis (XceiverServerRatis.java:triggerPipelineClose(568)) - pipeline Action CLOSE  on pipeline PipelineID=a5e33a2e-eade-4ad2-a9ca-c7a422292fa5.Reason : 9bb405f0-f563-4579-83ea-0bbe163a9fbc has not seen follower/s 802f7a56-3ac2-455e-92a2-71244eb20cf7 for 122260ms e0c56373-add1-4904-83f3-08b0a755b8ed for 122259ms
2019-09-11 20:07:18,913 [org.apache.ratis.server.impl.LogAppender$AppenderDaemon$$Lambda$513/1740195529@5858ebf6] ERROR ratis.XceiverServerRatis (XceiverServerRatis.java:triggerPipelineClose(568)) - pipeline Action CLOSE  on pipeline PipelineID=a5e33a2e-eade-4ad2-a9ca-c7a422292fa5.Reason : 9bb405f0-f563-4579-83ea-0bbe163a9fbc has not seen follower/s 802f7a56-3ac2-455e-92a2-71244eb20cf7 for 122260ms e0c56373-add1-4904-83f3-08b0a755b8ed for 122259ms
2019-09-11 20:07:19,770 [java.util.concurrent.ThreadPoolExecutor$Worker@3aabbd53[State = -1, empty queue]] WARN  server.GrpcLogAppender (GrpcLogAppender.java:timeoutAppendRequest(200)) - 9bb405f0-f563-4579-83ea-0bbe163a9fbc@group-C7A422292FA5->802f7a56-3ac2-455e-92a2-71244eb20cf7-GrpcLogAppender: appendEntries Timeout, request=9bb405f0-f563-4579-83ea-0bbe163a9fbc->802f7a56-3ac2-455e-92a2-71244eb20cf7#68-t1, previous=(t:1, i:12), leaderCommit=6, initializing? false, entries: <empty>
2019-09-11 20:07:19,770 [java.util.concurrent.ThreadPoolExecutor$Worker@39cc96d6[State = -1, empty queue]] WARN  server.GrpcLogAppender (GrpcLogAppender.java:timeoutAppendRequest(200)) - 9bb405f0-f563-4579-83ea-0bbe163a9fbc@group-C7A422292FA5->e0c56373-add1-4904-83f3-08b0a755b8ed-GrpcLogAppender: appendEntries Timeout, request=9bb405f0-f563-4579-83ea-0bbe163a9fbc->e0c56373-add1-4904-83f3-08b0a755b8ed#68-t1, previous=(t:1, i:12), leaderCommit=6, initializing? false, entries: <empty>
2019-09-11 20:07:19,913 [EventQueue-PipelineActionsForPipelineActionHandler] ERROR pipeline.PipelineActionHandler (PipelineActionHandler.java:onMessage(60)) - Received pipeline action CLOSE for Pipeline[ Id: a5e33a2e-eade-4ad2-a9ca-c7a422292fa5, Nodes: 802f7a56-3ac2-455e-92a2-71244eb20cf7{ip: 192.168.36.83, host: pr-hdds-2096-jg2tg-1247294052, networkLocation: /default-rack, certSerialId: null}e0c56373-add1-4904-83f3-08b0a755b8ed{ip: 192.168.36.83, host: pr-hdds-2096-jg2tg-1247294052, networkLocation: /default-rack, certSerialId: null}9bb405f0-f563-4579-83ea-0bbe163a9fbc{ip: 192.168.36.83, host: pr-hdds-2096-jg2tg-1247294052, networkLocation: /default-rack, certSerialId: null}, Type:RATIS, Factor:THREE, State:CLOSED] from datanode 9bb405f0-f563-4579-83ea-0bbe163a9fbc{ip: 192.168.36.83, host: pr-hdds-2096-jg2tg-1247294052, networkLocation: /default-rack, certSerialId: null}. Reason : 9bb405f0-f563-4579-83ea-0bbe163a9fbc has not seen follower/s 802f7a56-3ac2-455e-92a2-71244eb20cf7 for 122260ms e0c56373-add1-4904-83f3-08b0a755b8ed for 122259ms
2019-09-11 20:07:19,913 [EventQueue-PipelineActionsForPipelineActionHandler] INFO  pipeline.SCMPipelineManager (SCMPipelineManager.java:finalizeAndDestroyPipeline(311)) - destroying pipeline:Pipeline[ Id: a5e33a2e-eade-4ad2-a9ca-c7a422292fa5, Nodes: 802f7a56-3ac2-455e-92a2-71244eb20cf7{ip: 192.168.36.83, host: pr-hdds-2096-jg2tg-1247294052, networkLocation: /default-rack, certSerialId: null}e0c56373-add1-4904-83f3-08b0a755b8ed{ip: 192.168.36.83, host: pr-hdds-2096-jg2tg-1247294052, networkLocation: /default-rack, certSerialId: null}9bb405f0-f563-4579-83ea-0bbe163a9fbc{ip: 192.168.36.83, host: pr-hdds-2096-jg2tg-1247294052, networkLocation: /default-rack, certSerialId: null}, Type:RATIS, Factor:THREE, State:CLOSED]
2019-09-11 20:07:21,415 [org.apache.ratis.server.impl.LogAppender$AppenderDaemon$$Lambda$513/1740195529@5f17ede1] ERROR ratis.XceiverServerRatis (XceiverServerRatis.java:triggerPipelineClose(568)) - pipeline Action CLOSE  on pipeline PipelineID=a5e33a2e-eade-4ad2-a9ca-c7a422292fa5.Reason : 9bb405f0-f563-4579-83ea-0bbe163a9fbc has not seen follower/s 802f7a56-3ac2-455e-92a2-71244eb20cf7 for 124762ms e0c56373-add1-4904-83f3-08b0a755b8ed for 124762ms
2019-09-11 20:07:21,415 [org.apache.ratis.server.impl.LogAppender$AppenderDaemon$$Lambda$513/1740195529@5858ebf6] ERROR ratis.XceiverServerRatis (XceiverServerRatis.java:triggerPipelineClose(568)) - pipeline Action CLOSE  on pipeline PipelineID=a5e33a2e-eade-4ad2-a9ca-c7a422292fa5.Reason : 9bb405f0-f563-4579-83ea-0bbe163a9fbc has not seen follower/s 802f7a56-3ac2-455e-92a2-71244eb20cf7 for 124762ms e0c56373-add1-4904-83f3-08b0a755b8ed for 124762ms
2019-09-11 20:07:21,913 [EventQueue-PipelineActionsForPipelineActionHandler] ERROR pipeline.PipelineActionHandler (PipelineActionHandler.java:onMessage(60)) - Received pipeline action CLOSE for Pipeline[ Id: a5e33a2e-eade-4ad2-a9ca-c7a422292fa5, Nodes: 802f7a56-3ac2-455e-92a2-71244eb20cf7{ip: 192.168.36.83, host: pr-hdds-2096-jg2tg-1247294052, networkLocation: /default-rack, certSerialId: null}e0c56373-add1-4904-83f3-08b0a755b8ed{ip: 192.168.36.83, host: pr-hdds-2096-jg2tg-1247294052, networkLocation: /default-rack, certSerialId: null}9bb405f0-f563-4579-83ea-0bbe163a9fbc{ip: 192.168.36.83, host: pr-hdds-2096-jg2tg-1247294052, networkLocation: /default-rack, certSerialId: null}, Type:RATIS, Factor:THREE, State:CLOSED] from datanode 9bb405f0-f563-4579-83ea-0bbe163a9fbc{ip: 192.168.36.83, host: pr-hdds-2096-jg2tg-1247294052, networkLocation: /default-rack, certSerialId: null}. Reason : 9bb405f0-f563-4579-83ea-0bbe163a9fbc has not seen follower/s 802f7a56-3ac2-455e-92a2-71244eb20cf7 for 124762ms e0c56373-add1-4904-83f3-08b0a755b8ed for 124762ms
2019-09-11 20:07:21,913 [java.util.concurrent.ThreadPoolExecutor$Worker@39cc96d6[State = -1, empty queue]] WARN  server.GrpcLogAppender (GrpcLogAppender.java:timeoutAppendRequest(200)) - 9bb405f0-f563-4579-83ea-0bbe163a9fbc@group-C7A422292FA5->e0c56373-add1-4904-83f3-08b0a755b8ed-GrpcLogAppender: appendEntries Timeout, request=9bb405f0-f563-4579-83ea-0bbe163a9fbc->e0c56373-add1-4904-83f3-08b0a755b8ed#69-t1, previous=(t:1, i:12), leaderCommit=6, initializing? false, entries: size=1, first=(t:1, i:13), STATEMACHINELOGENTRY, client-09A9F47287A2, cid=15
2019-09-11 20:07:21,913 [java.util.concurrent.ThreadPoolExecutor$Worker@3aabbd53[State = -1, empty queue]] WARN  server.GrpcLogAppender (GrpcLogAppender.java:timeoutAppendRequest(200)) - 9bb405f0-f563-4579-83ea-0bbe163a9fbc@group-C7A422292FA5->802f7a56-3ac2-455e-92a2-71244eb20cf7-GrpcLogAppender: appendEntries Timeout, request=9bb405f0-f563-4579-83ea-0bbe163a9fbc->802f7a56-3ac2-455e-92a2-71244eb20cf7#69-t1, previous=(t:1, i:12), leaderCommit=6, initializing? false, entries: size=1, first=(t:1, i:13), STATEMACHINELOGENTRY, client-09A9F47287A2, cid=15
2019-09-11 20:07:21,914 [EventQueue-PipelineActionsForPipelineActionHandler] INFO  pipeline.SCMPipelineManager (SCMPipelineManager.java:finalizeAndDestroyPipeline(311)) - destroying pipeline:Pipeline[ Id: a5e33a2e-eade-4ad2-a9ca-c7a422292fa5, Nodes: 802f7a56-3ac2-455e-92a2-71244eb20cf7{ip: 192.168.36.83, host: pr-hdds-2096-jg2tg-1247294052, networkLocation: /default-rack, certSerialId: null}e0c56373-add1-4904-83f3-08b0a755b8ed{ip: 192.168.36.83, host: pr-hdds-2096-jg2tg-1247294052, networkLocation: /default-rack, certSerialId: null}9bb405f0-f563-4579-83ea-0bbe163a9fbc{ip: 192.168.36.83, host: pr-hdds-2096-jg2tg-1247294052, networkLocation: /default-rack, certSerialId: null}, Type:RATIS, Factor:THREE, State:CLOSED]
2019-09-11 20:07:23,089 [grpc-default-executor-8] INFO  client.GrpcClientProtocolClient (GrpcClientProtocolClient.java:onNext(264)) - client-FE03BA7EFCF8->802f7a56-3ac2-455e-92a2-71244eb20cf7: receive RaftClientReply:client-FE03BA7EFCF8->802f7a56-3ac2-455e-92a2-71244eb20cf7@group-C7A422292FA5, cid=134, FAILED org.apache.ratis.protocol.NotLeaderException: Server 802f7a56-3ac2-455e-92a2-71244eb20cf7@group-C7A422292FA5 is not the leader 9bb405f0-f563-4579-83ea-0bbe163a9fbc:192.168.36.83:46254, logIndex=0, commits[802f7a56-3ac2-455e-92a2-71244eb20cf7:c6, 9bb405f0-f563-4579-83ea-0bbe163a9fbc:c6, e0c56373-add1-4904-83f3-08b0a755b8ed:c4]
2019-09-11 20:07:23,916 [org.apache.ratis.server.impl.LogAppender$AppenderDaemon$$Lambda$513/1740195529@5858ebf6] ERROR ratis.XceiverServerRatis (XceiverServerRatis.java:triggerPipelineClose(568)) - pipeline Action CLOSE  on pipeline PipelineID=a5e33a2e-eade-4ad2-a9ca-c7a422292fa5.Reason : 9bb405f0-f563-4579-83ea-0bbe163a9fbc has not seen follower/s 802f7a56-3ac2-455e-92a2-71244eb20cf7 for 127263ms e0c56373-add1-4904-83f3-08b0a755b8ed for 127263ms
2019-09-11 20:07:23,916 [org.apache.ratis.server.impl.LogAppender$AppenderDaemon$$Lambda$513/1740195529@5f17ede1] ERROR ratis.XceiverServerRatis (XceiverServerRatis.java:triggerPipelineClose(568)) - pipeline Action CLOSE  on pipeline PipelineID=a5e33a2e-eade-4ad2-a9ca-c7a422292fa5.Reason : 9bb405f0-f563-4579-83ea-0bbe163a9fbc has not seen follower/s 802f7a56-3ac2-455e-92a2-71244eb20cf7 for 127263ms e0c56373-add1-4904-83f3-08b0a755b8ed for 127263ms
2019-09-11 20:07:24,415 [java.util.concurrent.ThreadPoolExecutor$Worker@39cc96d6[State = -1, empty queue]] WARN  server.GrpcLogAppender (GrpcLogAppender.java:timeoutAppendRequest(200)) - 9bb405f0-f563-4579-83ea-0bbe163a9fbc@group-C7A422292FA5->e0c56373-add1-4904-83f3-08b0a755b8ed-GrpcLogAppender: appendEntries Timeout, request=9bb405f0-f563-4579-83ea-0bbe163a9fbc->e0c56373-add1-4904-83f3-08b0a755b8ed#70-t1, previous=(t:1, i:13), leaderCommit=6, initializing? false, entries: <empty>
2019-09-11 20:07:24,415 [java.util.concurrent.ThreadPoolExecutor$Worker@3aabbd53[State = -1, empty queue]] WARN  server.GrpcLogAppender (GrpcLogAppender.java:timeoutAppendRequest(200)) - 9bb405f0-f563-4579-83ea-0bbe163a9fbc@group-C7A422292FA5->802f7a56-3ac2-455e-92a2-71244eb20cf7-GrpcLogAppender: appendEntries Timeout, request=9bb405f0-f563-4579-83ea-0bbe163a9fbc->802f7a56-3ac2-455e-92a2-71244eb20cf7#70-t1, previous=(t:1, i:13), leaderCommit=6, initializing? false, entries: <empty>
2019-09-11 20:07:24,914 [EventQueue-PipelineActionsForPipelineActionHandler] ERROR pipeline.PipelineActionHandler (PipelineActionHandler.java:onMessage(60)) - Received pipeline action CLOSE for Pipeline[ Id: a5e33a2e-eade-4ad2-a9ca-c7a422292fa5, Nodes: 802f7a56-3ac2-455e-92a2-71244eb20cf7{ip: 192.168.36.83, host: pr-hdds-2096-jg2tg-1247294052, networkLocation: /default-rack, certSerialId: null}e0c56373-add1-4904-83f3-08b0a755b8ed{ip: 192.168.36.83, host: pr-hdds-2096-jg2tg-1247294052, networkLocation: /default-rack, certSerialId: null}9bb405f0-f563-4579-83ea-0bbe163a9fbc{ip: 192.168.36.83, host: pr-hdds-2096-jg2tg-1247294052, networkLocation: /default-rack, certSerialId: null}, Type:RATIS, Factor:THREE, State:CLOSED] from datanode 9bb405f0-f563-4579-83ea-0bbe163a9fbc{ip: 192.168.36.83, host: pr-hdds-2096-jg2tg-1247294052, networkLocation: /default-rack, certSerialId: null}. Reason : 9bb405f0-f563-4579-83ea-0bbe163a9fbc has not seen follower/s 802f7a56-3ac2-455e-92a2-71244eb20cf7 for 127263ms e0c56373-add1-4904-83f3-08b0a755b8ed for 127263ms
2019-09-11 20:07:24,914 [EventQueue-PipelineActionsForPipelineActionHandler] INFO  pipeline.SCMPipelineManager (SCMPipelineManager.java:finalizeAndDestroyPipeline(311)) - destroying pipeline:Pipeline[ Id: a5e33a2e-eade-4ad2-a9ca-c7a422292fa5, Nodes: 802f7a56-3ac2-455e-92a2-71244eb20cf7{ip: 192.168.36.83, host: pr-hdds-2096-jg2tg-1247294052, networkLocation: /default-rack, certSerialId: null}e0c56373-add1-4904-83f3-08b0a755b8ed{ip: 192.168.36.83, host: pr-hdds-2096-jg2tg-1247294052, networkLocation: /default-rack, certSerialId: null}9bb405f0-f563-4579-83ea-0bbe163a9fbc{ip: 192.168.36.83, host: pr-hdds-2096-jg2tg-1247294052, networkLocation: /default-rack, certSerialId: null}, Type:RATIS, Factor:THREE, State:CLOSED]
2019-09-11 20:07:26,418 [org.apache.ratis.server.impl.LogAppender$AppenderDaemon$$Lambda$513/1740195529@5f17ede1] ERROR ratis.XceiverServerRatis (XceiverServerRatis.java:triggerPipelineClose(568)) - pipeline Action CLOSE  on pipeline PipelineID=a5e33a2e-eade-4ad2-a9ca-c7a422292fa5.Reason : 9bb405f0-f563-4579-83ea-0bbe163a9fbc has not seen follower/s 802f7a56-3ac2-455e-92a2-71244eb20cf7 for 129764ms e0c56373-add1-4904-83f3-08b0a755b8ed for 129764ms
2019-09-11 20:07:26,418 [org.apache.ratis.server.impl.LogAppender$AppenderDaemon$$Lambda$513/1740195529@5858ebf6] ERROR ratis.XceiverServerRatis (XceiverServerRatis.java:triggerPipelineClose(568)) - pipeline Action CLOSE  on pipeline PipelineID=a5e33a2e-eade-4ad2-a9ca-c7a422292fa5.Reason : 9bb405f0-f563-4579-83ea-0bbe163a9fbc has not seen follower/s 802f7a56-3ac2-455e-92a2-71244eb20cf7 for 129764ms e0c56373-add1-4904-83f3-08b0a755b8ed for 129764ms
2019-09-11 20:07:26,759 [e0c56373-add1-4904-83f3-08b0a755b8ed@group-C7A422292FA5-SegmentedRaftLogWorker] WARN  segmented.SegmentedRaftLogWorker (SegmentedRaftLogWorker.java:getFromFuture(90)) - Timeout 12/~
org.apache.ratis.protocol.TimeoutIOException: Timeout 10s: WriteLog:7: (t:1, i:7), STATEMACHINELOGENTRY, client-FE03BA7EFCF8, cid=134-writeStateMachineData
	at org.apache.ratis.util.IOUtils.getFromFuture(IOUtils.java:87)
	at org.apache.ratis.server.raftlog.segmented.SegmentedRaftLogWorker$StateMachineDataPolicy.getFromFuture(SegmentedRaftLogWorker.java:87)
	at org.apache.ratis.server.raftlog.segmented.SegmentedRaftLogWorker$WriteLog.execute(SegmentedRaftLogWorker.java:477)
	at org.apache.ratis.server.raftlog.segmented.SegmentedRaftLogWorker.run(SegmentedRaftLogWorker.java:289)
	at java.lang.Thread.run(Thread.java:748)
Caused by: java.util.concurrent.TimeoutException
	at java.util.concurrent.CompletableFuture.timedGet(CompletableFuture.java:1771)
	at java.util.concurrent.CompletableFuture.get(CompletableFuture.java:1915)
	at org.apache.ratis.util.IOUtils.getFromFuture(IOUtils.java:79)
	... 4 more
2019-09-11 20:07:26,899 [9bb405f0-f563-4579-83ea-0bbe163a9fbc@group-C7A422292FA5-SegmentedRaftLogWorker] WARN  segmented.SegmentedRaftLogWorker (SegmentedRaftLogWorker.java:getFromFuture(90)) - Timeout 12/~
org.apache.ratis.protocol.TimeoutIOException: Timeout 10s: WriteLog:8: (t:1, i:8), STATEMACHINELOGENTRY, client-FE03BA7EFCF8, cid=135-writeStateMachineData
	at org.apache.ratis.util.IOUtils.getFromFuture(IOUtils.java:87)
	at org.apache.ratis.server.raftlog.segmented.SegmentedRaftLogWorker$StateMachineDataPolicy.getFromFuture(SegmentedRaftLogWorker.java:87)
	at org.apache.ratis.server.raftlog.segmented.SegmentedRaftLogWorker$WriteLog.execute(SegmentedRaftLogWorker.java:477)
	at org.apache.ratis.server.raftlog.segmented.SegmentedRaftLogWorker.run(SegmentedRaftLogWorker.java:289)
	at java.lang.Thread.run(Thread.java:748)
Caused by: java.util.concurrent.TimeoutException
	at java.util.concurrent.CompletableFuture.timedGet(CompletableFuture.java:1771)
	at java.util.concurrent.CompletableFuture.get(CompletableFuture.java:1915)
	at org.apache.ratis.util.IOUtils.getFromFuture(IOUtils.java:79)
	... 4 more
2019-09-11 20:07:26,899 [802f7a56-3ac2-455e-92a2-71244eb20cf7@group-C7A422292FA5-SegmentedRaftLogWorker] WARN  segmented.SegmentedRaftLogWorker (SegmentedRaftLogWorker.java:getFromFuture(90)) - Timeout 12/~
org.apache.ratis.protocol.TimeoutIOException: Timeout 10s: WriteLog:8: (t:1, i:8), STATEMACHINELOGENTRY, client-FE03BA7EFCF8, cid=135-writeStateMachineData
	at org.apache.ratis.util.IOUtils.getFromFuture(IOUtils.java:87)
	at org.apache.ratis.server.raftlog.segmented.SegmentedRaftLogWorker$StateMachineDataPolicy.getFromFuture(SegmentedRaftLogWorker.java:87)
	at org.apache.ratis.server.raftlog.segmented.SegmentedRaftLogWorker$WriteLog.execute(SegmentedRaftLogWorker.java:477)
	at org.apache.ratis.server.raftlog.segmented.SegmentedRaftLogWorker.run(SegmentedRaftLogWorker.java:289)
	at java.lang.Thread.run(Thread.java:748)
Caused by: java.util.concurrent.TimeoutException
	at java.util.concurrent.CompletableFuture.timedGet(CompletableFuture.java:1771)
	at java.util.concurrent.CompletableFuture.get(CompletableFuture.java:1915)
	at org.apache.ratis.util.IOUtils.getFromFuture(IOUtils.java:79)
	... 4 more
2019-09-11 20:07:26,914 [EventQueue-PipelineActionsForPipelineActionHandler] ERROR pipeline.PipelineActionHandler (PipelineActionHandler.java:onMessage(60)) - Received pipeline action CLOSE for Pipeline[ Id: a5e33a2e-eade-4ad2-a9ca-c7a422292fa5, Nodes: 802f7a56-3ac2-455e-92a2-71244eb20cf7{ip: 192.168.36.83, host: pr-hdds-2096-jg2tg-1247294052, networkLocation: /default-rack, certSerialId: null}e0c56373-add1-4904-83f3-08b0a755b8ed{ip: 192.168.36.83, host: pr-hdds-2096-jg2tg-1247294052, networkLocation: /default-rack, certSerialId: null}9bb405f0-f563-4579-83ea-0bbe163a9fbc{ip: 192.168.36.83, host: pr-hdds-2096-jg2tg-1247294052, networkLocation: /default-rack, certSerialId: null}, Type:RATIS, Factor:THREE, State:CLOSED] from datanode 9bb405f0-f563-4579-83ea-0bbe163a9fbc{ip: 192.168.36.83, host: pr-hdds-2096-jg2tg-1247294052, networkLocation: /default-rack, certSerialId: null}. Reason : 9bb405f0-f563-4579-83ea-0bbe163a9fbc has not seen follower/s 802f7a56-3ac2-455e-92a2-71244eb20cf7 for 129764ms e0c56373-add1-4904-83f3-08b0a755b8ed for 129764ms
2019-09-11 20:07:26,914 [EventQueue-PipelineActionsForPipelineActionHandler] INFO  pipeline.SCMPipelineManager (SCMPipelineManager.java:finalizeAndDestroyPipeline(311)) - destroying pipeline:Pipeline[ Id: a5e33a2e-eade-4ad2-a9ca-c7a422292fa5, Nodes: 802f7a56-3ac2-455e-92a2-71244eb20cf7{ip: 192.168.36.83, host: pr-hdds-2096-jg2tg-1247294052, networkLocation: /default-rack, certSerialId: null}e0c56373-add1-4904-83f3-08b0a755b8ed{ip: 192.168.36.83, host: pr-hdds-2096-jg2tg-1247294052, networkLocation: /default-rack, certSerialId: null}9bb405f0-f563-4579-83ea-0bbe163a9fbc{ip: 192.168.36.83, host: pr-hdds-2096-jg2tg-1247294052, networkLocation: /default-rack, certSerialId: null}, Type:RATIS, Factor:THREE, State:CLOSED]
2019-09-11 20:07:26,916 [java.util.concurrent.ThreadPoolExecutor$Worker@3aabbd53[State = -1, empty queue]] WARN  server.GrpcLogAppender (GrpcLogAppender.java:timeoutAppendRequest(200)) - 9bb405f0-f563-4579-83ea-0bbe163a9fbc@group-C7A422292FA5->802f7a56-3ac2-455e-92a2-71244eb20cf7-GrpcLogAppender: appendEntries Timeout, request=9bb405f0-f563-4579-83ea-0bbe163a9fbc->802f7a56-3ac2-455e-92a2-71244eb20cf7#71-t1, previous=(t:1, i:13), leaderCommit=6, initializing? false, entries: <empty>
2019-09-11 20:07:26,916 [java.util.concurrent.ThreadPoolExecutor$Worker@39cc96d6[State = -1, empty queue]] WARN  server.GrpcLogAppender (GrpcLogAppender.java:timeoutAppendRequest(200)) - 9bb405f0-f563-4579-83ea-0bbe163a9fbc@group-C7A422292FA5->e0c56373-add1-4904-83f3-08b0a755b8ed-GrpcLogAppender: appendEntries Timeout, request=9bb405f0-f563-4579-83ea-0bbe163a9fbc->e0c56373-add1-4904-83f3-08b0a755b8ed#71-t1, previous=(t:1, i:13), leaderCommit=6, initializing? false, entries: <empty>
2019-09-11 20:07:28,148 [grpc-default-executor-8] INFO  client.GrpcClientProtocolClient (GrpcClientProtocolClient.java:onNext(264)) - client-FE03BA7EFCF8->e0c56373-add1-4904-83f3-08b0a755b8ed: receive RaftClientReply:client-FE03BA7EFCF8->e0c56373-add1-4904-83f3-08b0a755b8ed@group-C7A422292FA5, cid=134, FAILED org.apache.ratis.protocol.NotLeaderException: Server e0c56373-add1-4904-83f3-08b0a755b8ed@group-C7A422292FA5 is not the leader 9bb405f0-f563-4579-83ea-0bbe163a9fbc:192.168.36.83:46254, logIndex=0, commits[e0c56373-add1-4904-83f3-08b0a755b8ed:c6, 802f7a56-3ac2-455e-92a2-71244eb20cf7:c4, 9bb405f0-f563-4579-83ea-0bbe163a9fbc:c6]
2019-09-11 20:07:28,918 [org.apache.ratis.server.impl.LogAppender$AppenderDaemon$$Lambda$513/1740195529@5858ebf6] ERROR ratis.XceiverServerRatis (XceiverServerRatis.java:triggerPipelineClose(568)) - pipeline Action CLOSE  on pipeline PipelineID=a5e33a2e-eade-4ad2-a9ca-c7a422292fa5.Reason : 9bb405f0-f563-4579-83ea-0bbe163a9fbc has not seen follower/s 802f7a56-3ac2-455e-92a2-71244eb20cf7 for 132265ms e0c56373-add1-4904-83f3-08b0a755b8ed for 132265ms
2019-09-11 20:07:28,918 [org.apache.ratis.server.impl.LogAppender$AppenderDaemon$$Lambda$513/1740195529@5f17ede1] ERROR ratis.XceiverServerRatis (XceiverServerRatis.java:triggerPipelineClose(568)) - pipeline Action CLOSE  on pipeline PipelineID=a5e33a2e-eade-4ad2-a9ca-c7a422292fa5.Reason : 9bb405f0-f563-4579-83ea-0bbe163a9fbc has not seen follower/s 802f7a56-3ac2-455e-92a2-71244eb20cf7 for 132265ms e0c56373-add1-4904-83f3-08b0a755b8ed for 132265ms
2019-09-11 20:07:29,417 [java.util.concurrent.ThreadPoolExecutor$Worker@39cc96d6[State = -1, empty queue]] WARN  server.GrpcLogAppender (GrpcLogAppender.java:timeoutAppendRequest(200)) - 9bb405f0-f563-4579-83ea-0bbe163a9fbc@group-C7A422292FA5->e0c56373-add1-4904-83f3-08b0a755b8ed-GrpcLogAppender: appendEntries Timeout, request=9bb405f0-f563-4579-83ea-0bbe163a9fbc->e0c56373-add1-4904-83f3-08b0a755b8ed#72-t1, previous=(t:1, i:13), leaderCommit=6, initializing? false, entries: <empty>
2019-09-11 20:07:29,417 [java.util.concurrent.ThreadPoolExecutor$Worker@3aabbd53[State = -1, empty queue]] WARN  server.GrpcLogAppender (GrpcLogAppender.java:timeoutAppendRequest(200)) - 9bb405f0-f563-4579-83ea-0bbe163a9fbc@group-C7A422292FA5->802f7a56-3ac2-455e-92a2-71244eb20cf7-GrpcLogAppender: appendEntries Timeout, request=9bb405f0-f563-4579-83ea-0bbe163a9fbc->802f7a56-3ac2-455e-92a2-71244eb20cf7#72-t1, previous=(t:1, i:13), leaderCommit=6, initializing? false, entries: <empty>
2019-09-11 20:07:29,916 [EventQueue-PipelineActionsForPipelineActionHandler] ERROR pipeline.PipelineActionHandler (PipelineActionHandler.java:onMessage(60)) - Received pipeline action CLOSE for Pipeline[ Id: a5e33a2e-eade-4ad2-a9ca-c7a422292fa5, Nodes: 802f7a56-3ac2-455e-92a2-71244eb20cf7{ip: 192.168.36.83, host: pr-hdds-2096-jg2tg-1247294052, networkLocation: /default-rack, certSerialId: null}e0c56373-add1-4904-83f3-08b0a755b8ed{ip: 192.168.36.83, host: pr-hdds-2096-jg2tg-1247294052, networkLocation: /default-rack, certSerialId: null}9bb405f0-f563-4579-83ea-0bbe163a9fbc{ip: 192.168.36.83, host: pr-hdds-2096-jg2tg-1247294052, networkLocation: /default-rack, certSerialId: null}, Type:RATIS, Factor:THREE, State:CLOSED] from datanode 9bb405f0-f563-4579-83ea-0bbe163a9fbc{ip: 192.168.36.83, host: pr-hdds-2096-jg2tg-1247294052, networkLocation: /default-rack, certSerialId: null}. Reason : 9bb405f0-f563-4579-83ea-0bbe163a9fbc has not seen follower/s 802f7a56-3ac2-455e-92a2-71244eb20cf7 for 132265ms e0c56373-add1-4904-83f3-08b0a755b8ed for 132265ms
2019-09-11 20:07:29,917 [EventQueue-PipelineActionsForPipelineActionHandler] INFO  pipeline.SCMPipelineManager (SCMPipelineManager.java:finalizeAndDestroyPipeline(311)) - destroying pipeline:Pipeline[ Id: a5e33a2e-eade-4ad2-a9ca-c7a422292fa5, Nodes: 802f7a56-3ac2-455e-92a2-71244eb20cf7{ip: 192.168.36.83, host: pr-hdds-2096-jg2tg-1247294052, networkLocation: /default-rack, certSerialId: null}e0c56373-add1-4904-83f3-08b0a755b8ed{ip: 192.168.36.83, host: pr-hdds-2096-jg2tg-1247294052, networkLocation: /default-rack, certSerialId: null}9bb405f0-f563-4579-83ea-0bbe163a9fbc{ip: 192.168.36.83, host: pr-hdds-2096-jg2tg-1247294052, networkLocation: /default-rack, certSerialId: null}, Type:RATIS, Factor:THREE, State:CLOSED]
2019-09-11 20:07:31,420 [org.apache.ratis.server.impl.LogAppender$AppenderDaemon$$Lambda$513/1740195529@5f17ede1] ERROR ratis.XceiverServerRatis (XceiverServerRatis.java:triggerPipelineClose(568)) - pipeline Action CLOSE  on pipeline PipelineID=a5e33a2e-eade-4ad2-a9ca-c7a422292fa5.Reason : 9bb405f0-f563-4579-83ea-0bbe163a9fbc has not seen follower/s 802f7a56-3ac2-455e-92a2-71244eb20cf7 for 134767ms e0c56373-add1-4904-83f3-08b0a755b8ed for 134766ms
2019-09-11 20:07:31,420 [org.apache.ratis.server.impl.LogAppender$AppenderDaemon$$Lambda$513/1740195529@5858ebf6] ERROR ratis.XceiverServerRatis (XceiverServerRatis.java:triggerPipelineClose(568)) - pipeline Action CLOSE  on pipeline PipelineID=a5e33a2e-eade-4ad2-a9ca-c7a422292fa5.Reason : 9bb405f0-f563-4579-83ea-0bbe163a9fbc has not seen follower/s 802f7a56-3ac2-455e-92a2-71244eb20cf7 for 134767ms e0c56373-add1-4904-83f3-08b0a755b8ed for 134766ms
2019-09-11 20:07:31,914 [EventQueue-PipelineActionsForPipelineActionHandler] ERROR pipeline.PipelineActionHandler (PipelineActionHandler.java:onMessage(60)) - Received pipeline action CLOSE for Pipeline[ Id: a5e33a2e-eade-4ad2-a9ca-c7a422292fa5, Nodes: 802f7a56-3ac2-455e-92a2-71244eb20cf7{ip: 192.168.36.83, host: pr-hdds-2096-jg2tg-1247294052, networkLocation: /default-rack, certSerialId: null}e0c56373-add1-4904-83f3-08b0a755b8ed{ip: 192.168.36.83, host: pr-hdds-2096-jg2tg-1247294052, networkLocation: /default-rack, certSerialId: null}9bb405f0-f563-4579-83ea-0bbe163a9fbc{ip: 192.168.36.83, host: pr-hdds-2096-jg2tg-1247294052, networkLocation: /default-rack, certSerialId: null}, Type:RATIS, Factor:THREE, State:CLOSED] from datanode 9bb405f0-f563-4579-83ea-0bbe163a9fbc{ip: 192.168.36.83, host: pr-hdds-2096-jg2tg-1247294052, networkLocation: /default-rack, certSerialId: null}. Reason : 9bb405f0-f563-4579-83ea-0bbe163a9fbc has not seen follower/s 802f7a56-3ac2-455e-92a2-71244eb20cf7 for 134767ms e0c56373-add1-4904-83f3-08b0a755b8ed for 134766ms
2019-09-11 20:07:31,914 [EventQueue-PipelineActionsForPipelineActionHandler] INFO  pipeline.SCMPipelineManager (SCMPipelineManager.java:finalizeAndDestroyPipeline(311)) - destroying pipeline:Pipeline[ Id: a5e33a2e-eade-4ad2-a9ca-c7a422292fa5, Nodes: 802f7a56-3ac2-455e-92a2-71244eb20cf7{ip: 192.168.36.83, host: pr-hdds-2096-jg2tg-1247294052, networkLocation: /default-rack, certSerialId: null}e0c56373-add1-4904-83f3-08b0a755b8ed{ip: 192.168.36.83, host: pr-hdds-2096-jg2tg-1247294052, networkLocation: /default-rack, certSerialId: null}9bb405f0-f563-4579-83ea-0bbe163a9fbc{ip: 192.168.36.83, host: pr-hdds-2096-jg2tg-1247294052, networkLocation: /default-rack, certSerialId: null}, Type:RATIS, Factor:THREE, State:CLOSED]
2019-09-11 20:07:31,918 [java.util.concurrent.ThreadPoolExecutor$Worker@3aabbd53[State = -1, empty queue]] WARN  server.GrpcLogAppender (GrpcLogAppender.java:timeoutAppendRequest(200)) - 9bb405f0-f563-4579-83ea-0bbe163a9fbc@group-C7A422292FA5->802f7a56-3ac2-455e-92a2-71244eb20cf7-GrpcLogAppender: appendEntries Timeout, request=9bb405f0-f563-4579-83ea-0bbe163a9fbc->802f7a56-3ac2-455e-92a2-71244eb20cf7#73-t1, previous=(t:1, i:13), leaderCommit=6, initializing? false, entries: <empty>
2019-09-11 20:07:31,918 [java.util.concurrent.ThreadPoolExecutor$Worker@39cc96d6[State = -1, empty queue]] WARN  server.GrpcLogAppender (GrpcLogAppender.java:timeoutAppendRequest(200)) - 9bb405f0-f563-4579-83ea-0bbe163a9fbc@group-C7A422292FA5->e0c56373-add1-4904-83f3-08b0a755b8ed-GrpcLogAppender: appendEntries Timeout, request=9bb405f0-f563-4579-83ea-0bbe163a9fbc->e0c56373-add1-4904-83f3-08b0a755b8ed#73-t1, previous=(t:1, i:13), leaderCommit=6, initializing? false, entries: <empty>
2019-09-11 20:07:33,206 [grpc-default-executor-8] INFO  client.GrpcClientProtocolClient (GrpcClientProtocolClient.java:onNext(264)) - client-FE03BA7EFCF8->e0c56373-add1-4904-83f3-08b0a755b8ed: receive RaftClientReply:client-FE03BA7EFCF8->e0c56373-add1-4904-83f3-08b0a755b8ed@group-C7A422292FA5, cid=134, FAILED org.apache.ratis.protocol.NotLeaderException: Server e0c56373-add1-4904-83f3-08b0a755b8ed@group-C7A422292FA5 is not the leader 9bb405f0-f563-4579-83ea-0bbe163a9fbc:192.168.36.83:46254, logIndex=0, commits[e0c56373-add1-4904-83f3-08b0a755b8ed:c6, 802f7a56-3ac2-455e-92a2-71244eb20cf7:c4, 9bb405f0-f563-4579-83ea-0bbe163a9fbc:c6]
2019-09-11 20:07:33,920 [org.apache.ratis.server.impl.LogAppender$AppenderDaemon$$Lambda$513/1740195529@5858ebf6] ERROR ratis.XceiverServerRatis (XceiverServerRatis.java:triggerPipelineClose(568)) - pipeline Action CLOSE  on pipeline PipelineID=a5e33a2e-eade-4ad2-a9ca-c7a422292fa5.Reason : 9bb405f0-f563-4579-83ea-0bbe163a9fbc has not seen follower/s 802f7a56-3ac2-455e-92a2-71244eb20cf7 for 137267ms e0c56373-add1-4904-83f3-08b0a755b8ed for 137267ms
2019-09-11 20:07:33,921 [org.apache.ratis.server.impl.LogAppender$AppenderDaemon$$Lambda$513/1740195529@5f17ede1] ERROR ratis.XceiverServerRatis (XceiverServerRatis.java:triggerPipelineClose(568)) - pipeline Action CLOSE  on pipeline PipelineID=a5e33a2e-eade-4ad2-a9ca-c7a422292fa5.Reason : 9bb405f0-f563-4579-83ea-0bbe163a9fbc has not seen follower/s 802f7a56-3ac2-455e-92a2-71244eb20cf7 for 137268ms e0c56373-add1-4904-83f3-08b0a755b8ed for 137267ms
2019-09-11 20:07:34,420 [java.util.concurrent.ThreadPoolExecutor$Worker@3aabbd53[State = -1, empty queue]] WARN  server.GrpcLogAppender (GrpcLogAppender.java:timeoutAppendRequest(200)) - 9bb405f0-f563-4579-83ea-0bbe163a9fbc@group-C7A422292FA5->802f7a56-3ac2-455e-92a2-71244eb20cf7-GrpcLogAppender: appendEntries Timeout, request=9bb405f0-f563-4579-83ea-0bbe163a9fbc->802f7a56-3ac2-455e-92a2-71244eb20cf7#74-t1, previous=(t:1, i:13), leaderCommit=6, initializing? false, entries: <empty>
2019-09-11 20:07:34,420 [java.util.concurrent.ThreadPoolExecutor$Worker@39cc96d6[State = -1, empty queue]] WARN  server.GrpcLogAppender (GrpcLogAppender.java:timeoutAppendRequest(200)) - 9bb405f0-f563-4579-83ea-0bbe163a9fbc@group-C7A422292FA5->e0c56373-add1-4904-83f3-08b0a755b8ed-GrpcLogAppender: appendEntries Timeout, request=9bb405f0-f563-4579-83ea-0bbe163a9fbc->e0c56373-add1-4904-83f3-08b0a755b8ed#74-t1, previous=(t:1, i:13), leaderCommit=6, initializing? false, entries: <empty>
2019-09-11 20:07:34,914 [EventQueue-PipelineActionsForPipelineActionHandler] ERROR pipeline.PipelineActionHandler (PipelineActionHandler.java:onMessage(60)) - Received pipeline action CLOSE for Pipeline[ Id: a5e33a2e-eade-4ad2-a9ca-c7a422292fa5, Nodes: 802f7a56-3ac2-455e-92a2-71244eb20cf7{ip: 192.168.36.83, host: pr-hdds-2096-jg2tg-1247294052, networkLocation: /default-rack, certSerialId: null}e0c56373-add1-4904-83f3-08b0a755b8ed{ip: 192.168.36.83, host: pr-hdds-2096-jg2tg-1247294052, networkLocation: /default-rack, certSerialId: null}9bb405f0-f563-4579-83ea-0bbe163a9fbc{ip: 192.168.36.83, host: pr-hdds-2096-jg2tg-1247294052, networkLocation: /default-rack, certSerialId: null}, Type:RATIS, Factor:THREE, State:CLOSED] from datanode 9bb405f0-f563-4579-83ea-0bbe163a9fbc{ip: 192.168.36.83, host: pr-hdds-2096-jg2tg-1247294052, networkLocation: /default-rack, certSerialId: null}. Reason : 9bb405f0-f563-4579-83ea-0bbe163a9fbc has not seen follower/s 802f7a56-3ac2-455e-92a2-71244eb20cf7 for 137267ms e0c56373-add1-4904-83f3-08b0a755b8ed for 137267ms
2019-09-11 20:07:34,914 [EventQueue-PipelineActionsForPipelineActionHandler] INFO  pipeline.SCMPipelineManager (SCMPipelineManager.java:finalizeAndDestroyPipeline(311)) - destroying pipeline:Pipeline[ Id: a5e33a2e-eade-4ad2-a9ca-c7a422292fa5, Nodes: 802f7a56-3ac2-455e-92a2-71244eb20cf7{ip: 192.168.36.83, host: pr-hdds-2096-jg2tg-1247294052, networkLocation: /default-rack, certSerialId: null}e0c56373-add1-4904-83f3-08b0a755b8ed{ip: 192.168.36.83, host: pr-hdds-2096-jg2tg-1247294052, networkLocation: /default-rack, certSerialId: null}9bb405f0-f563-4579-83ea-0bbe163a9fbc{ip: 192.168.36.83, host: pr-hdds-2096-jg2tg-1247294052, networkLocation: /default-rack, certSerialId: null}, Type:RATIS, Factor:THREE, State:CLOSED]
2019-09-11 20:07:36,421 [org.apache.ratis.server.impl.LogAppender$AppenderDaemon$$Lambda$513/1740195529@5858ebf6] ERROR ratis.XceiverServerRatis (XceiverServerRatis.java:triggerPipelineClose(568)) - pipeline Action CLOSE  on pipeline PipelineID=a5e33a2e-eade-4ad2-a9ca-c7a422292fa5.Reason : 9bb405f0-f563-4579-83ea-0bbe163a9fbc has not seen follower/s 802f7a56-3ac2-455e-92a2-71244eb20cf7 for 139768ms e0c56373-add1-4904-83f3-08b0a755b8ed for 139767ms
2019-09-11 20:07:36,421 [org.apache.ratis.server.impl.LogAppender$AppenderDaemon$$Lambda$513/1740195529@5f17ede1] ERROR ratis.XceiverServerRatis (XceiverServerRatis.java:triggerPipelineClose(568)) - pipeline Action CLOSE  on pipeline PipelineID=a5e33a2e-eade-4ad2-a9ca-c7a422292fa5.Reason : 9bb405f0-f563-4579-83ea-0bbe163a9fbc has not seen follower/s 802f7a56-3ac2-455e-92a2-71244eb20cf7 for 139768ms e0c56373-add1-4904-83f3-08b0a755b8ed for 139768ms
2019-09-11 20:07:36,760 [e0c56373-add1-4904-83f3-08b0a755b8ed@group-C7A422292FA5-SegmentedRaftLogWorker] WARN  segmented.SegmentedRaftLogWorker (SegmentedRaftLogWorker.java:getFromFuture(90)) - Timeout 13/~
org.apache.ratis.protocol.TimeoutIOException: Timeout 10s: WriteLog:7: (t:1, i:7), STATEMACHINELOGENTRY, client-FE03BA7EFCF8, cid=134-writeStateMachineData
	at org.apache.ratis.util.IOUtils.getFromFuture(IOUtils.java:87)
	at org.apache.ratis.server.raftlog.segmented.SegmentedRaftLogWorker$StateMachineDataPolicy.getFromFuture(SegmentedRaftLogWorker.java:87)
	at org.apache.ratis.server.raftlog.segmented.SegmentedRaftLogWorker$WriteLog.execute(SegmentedRaftLogWorker.java:477)
	at org.apache.ratis.server.raftlog.segmented.SegmentedRaftLogWorker.run(SegmentedRaftLogWorker.java:289)
	at java.lang.Thread.run(Thread.java:748)
Caused by: java.util.concurrent.TimeoutException
	at java.util.concurrent.CompletableFuture.timedGet(CompletableFuture.java:1771)
	at java.util.concurrent.CompletableFuture.get(CompletableFuture.java:1915)
	at org.apache.ratis.util.IOUtils.getFromFuture(IOUtils.java:79)
	... 4 more
2019-09-11 20:07:36,899 [9bb405f0-f563-4579-83ea-0bbe163a9fbc@group-C7A422292FA5-SegmentedRaftLogWorker] WARN  segmented.SegmentedRaftLogWorker (SegmentedRaftLogWorker.java:getFromFuture(90)) - Timeout 13/~
org.apache.ratis.protocol.TimeoutIOException: Timeout 10s: WriteLog:8: (t:1, i:8), STATEMACHINELOGENTRY, client-FE03BA7EFCF8, cid=135-writeStateMachineData
	at org.apache.ratis.util.IOUtils.getFromFuture(IOUtils.java:87)
	at org.apache.ratis.server.raftlog.segmented.SegmentedRaftLogWorker$StateMachineDataPolicy.getFromFuture(SegmentedRaftLogWorker.java:87)
	at org.apache.ratis.server.raftlog.segmented.SegmentedRaftLogWorker$WriteLog.execute(SegmentedRaftLogWorker.java:477)
	at org.apache.ratis.server.raftlog.segmented.SegmentedRaftLogWorker.run(SegmentedRaftLogWorker.java:289)
	at java.lang.Thread.run(Thread.java:748)
Caused by: java.util.concurrent.TimeoutException
	at java.util.concurrent.CompletableFuture.timedGet(CompletableFuture.java:1771)
	at java.util.concurrent.CompletableFuture.get(CompletableFuture.java:1915)
	at org.apache.ratis.util.IOUtils.getFromFuture(IOUtils.java:79)
	... 4 more
2019-09-11 20:07:36,900 [802f7a56-3ac2-455e-92a2-71244eb20cf7@group-C7A422292FA5-SegmentedRaftLogWorker] WARN  segmented.SegmentedRaftLogWorker (SegmentedRaftLogWorker.java:getFromFuture(90)) - Timeout 13/~
org.apache.ratis.protocol.TimeoutIOException: Timeout 10s: WriteLog:8: (t:1, i:8), STATEMACHINELOGENTRY, client-FE03BA7EFCF8, cid=135-writeStateMachineData
	at org.apache.ratis.util.IOUtils.getFromFuture(IOUtils.java:87)
	at org.apache.ratis.server.raftlog.segmented.SegmentedRaftLogWorker$StateMachineDataPolicy.getFromFuture(SegmentedRaftLogWorker.java:87)
	at org.apache.ratis.server.raftlog.segmented.SegmentedRaftLogWorker$WriteLog.execute(SegmentedRaftLogWorker.java:477)
	at org.apache.ratis.server.raftlog.segmented.SegmentedRaftLogWorker.run(SegmentedRaftLogWorker.java:289)
	at java.lang.Thread.run(Thread.java:748)
Caused by: java.util.concurrent.TimeoutException
	at java.util.concurrent.CompletableFuture.timedGet(CompletableFuture.java:1771)
	at java.util.concurrent.CompletableFuture.get(CompletableFuture.java:1915)
	at org.apache.ratis.util.IOUtils.getFromFuture(IOUtils.java:79)
	... 4 more
2019-09-11 20:07:36,913 [EventQueue-PipelineActionsForPipelineActionHandler] ERROR pipeline.PipelineActionHandler (PipelineActionHandler.java:onMessage(60)) - Received pipeline action CLOSE for Pipeline[ Id: a5e33a2e-eade-4ad2-a9ca-c7a422292fa5, Nodes: 802f7a56-3ac2-455e-92a2-71244eb20cf7{ip: 192.168.36.83, host: pr-hdds-2096-jg2tg-1247294052, networkLocation: /default-rack, certSerialId: null}e0c56373-add1-4904-83f3-08b0a755b8ed{ip: 192.168.36.83, host: pr-hdds-2096-jg2tg-1247294052, networkLocation: /default-rack, certSerialId: null}9bb405f0-f563-4579-83ea-0bbe163a9fbc{ip: 192.168.36.83, host: pr-hdds-2096-jg2tg-1247294052, networkLocation: /default-rack, certSerialId: null}, Type:RATIS, Factor:THREE, State:CLOSED] from datanode 9bb405f0-f563-4579-83ea-0bbe163a9fbc{ip: 192.168.36.83, host: pr-hdds-2096-jg2tg-1247294052, networkLocation: /default-rack, certSerialId: null}. Reason : 9bb405f0-f563-4579-83ea-0bbe163a9fbc has not seen follower/s 802f7a56-3ac2-455e-92a2-71244eb20cf7 for 139768ms e0c56373-add1-4904-83f3-08b0a755b8ed for 139767ms
2019-09-11 20:07:36,914 [EventQueue-PipelineActionsForPipelineActionHandler] INFO  pipeline.SCMPipelineManager (SCMPipelineManager.java:finalizeAndDestroyPipeline(311)) - destroying pipeline:Pipeline[ Id: a5e33a2e-eade-4ad2-a9ca-c7a422292fa5, Nodes: 802f7a56-3ac2-455e-92a2-71244eb20cf7{ip: 192.168.36.83, host: pr-hdds-2096-jg2tg-1247294052, networkLocation: /default-rack, certSerialId: null}e0c56373-add1-4904-83f3-08b0a755b8ed{ip: 192.168.36.83, host: pr-hdds-2096-jg2tg-1247294052, networkLocation: /default-rack, certSerialId: null}9bb405f0-f563-4579-83ea-0bbe163a9fbc{ip: 192.168.36.83, host: pr-hdds-2096-jg2tg-1247294052, networkLocation: /default-rack, certSerialId: null}, Type:RATIS, Factor:THREE, State:CLOSED]
2019-09-11 20:07:36,920 [java.util.concurrent.ThreadPoolExecutor$Worker@3aabbd53[State = -1, empty queue]] WARN  server.GrpcLogAppender (GrpcLogAppender.java:timeoutAppendRequest(200)) - 9bb405f0-f563-4579-83ea-0bbe163a9fbc@group-C7A422292FA5->802f7a56-3ac2-455e-92a2-71244eb20cf7-GrpcLogAppender: appendEntries Timeout, request=9bb405f0-f563-4579-83ea-0bbe163a9fbc->802f7a56-3ac2-455e-92a2-71244eb20cf7#75-t1, previous=(t:1, i:13), leaderCommit=6, initializing? false, entries: <empty>
2019-09-11 20:07:36,921 [java.util.concurrent.ThreadPoolExecutor$Worker@39cc96d6[State = -1, empty queue]] WARN  server.GrpcLogAppender (GrpcLogAppender.java:timeoutAppendRequest(200)) - 9bb405f0-f563-4579-83ea-0bbe163a9fbc@group-C7A422292FA5->e0c56373-add1-4904-83f3-08b0a755b8ed-GrpcLogAppender: appendEntries Timeout, request=9bb405f0-f563-4579-83ea-0bbe163a9fbc->e0c56373-add1-4904-83f3-08b0a755b8ed#75-t1, previous=(t:1, i:13), leaderCommit=6, initializing? false, entries: <empty>
2019-09-11 20:07:38,242 [grpc-default-executor-6] INFO  client.GrpcClientProtocolClient (GrpcClientProtocolClient.java:onNext(264)) - client-FE03BA7EFCF8->802f7a56-3ac2-455e-92a2-71244eb20cf7: receive RaftClientReply:client-FE03BA7EFCF8->802f7a56-3ac2-455e-92a2-71244eb20cf7@group-C7A422292FA5, cid=134, FAILED org.apache.ratis.protocol.NotLeaderException: Server 802f7a56-3ac2-455e-92a2-71244eb20cf7@group-C7A422292FA5 is not the leader 9bb405f0-f563-4579-83ea-0bbe163a9fbc:192.168.36.83:46254, logIndex=0, commits[802f7a56-3ac2-455e-92a2-71244eb20cf7:c6, 9bb405f0-f563-4579-83ea-0bbe163a9fbc:c6, e0c56373-add1-4904-83f3-08b0a755b8ed:c4]
2019-09-11 20:07:38,922 [org.apache.ratis.server.impl.LogAppender$AppenderDaemon$$Lambda$513/1740195529@5858ebf6] ERROR ratis.XceiverServerRatis (XceiverServerRatis.java:triggerPipelineClose(568)) - pipeline Action CLOSE  on pipeline PipelineID=a5e33a2e-eade-4ad2-a9ca-c7a422292fa5.Reason : 9bb405f0-f563-4579-83ea-0bbe163a9fbc has not seen follower/s 802f7a56-3ac2-455e-92a2-71244eb20cf7 for 142268ms e0c56373-add1-4904-83f3-08b0a755b8ed for 142268ms
2019-09-11 20:07:38,922 [org.apache.ratis.server.impl.LogAppender$AppenderDaemon$$Lambda$513/1740195529@5f17ede1] ERROR ratis.XceiverServerRatis (XceiverServerRatis.java:triggerPipelineClose(568)) - pipeline Action CLOSE  on pipeline PipelineID=a5e33a2e-eade-4ad2-a9ca-c7a422292fa5.Reason : 9bb405f0-f563-4579-83ea-0bbe163a9fbc has not seen follower/s 802f7a56-3ac2-455e-92a2-71244eb20cf7 for 142269ms e0c56373-add1-4904-83f3-08b0a755b8ed for 142268ms
2019-09-11 20:07:39,421 [java.util.concurrent.ThreadPoolExecutor$Worker@3aabbd53[State = -1, empty queue]] WARN  server.GrpcLogAppender (GrpcLogAppender.java:timeoutAppendRequest(200)) - 9bb405f0-f563-4579-83ea-0bbe163a9fbc@group-C7A422292FA5->802f7a56-3ac2-455e-92a2-71244eb20cf7-GrpcLogAppender: appendEntries Timeout, request=9bb405f0-f563-4579-83ea-0bbe163a9fbc->802f7a56-3ac2-455e-92a2-71244eb20cf7#76-t1, previous=(t:1, i:13), leaderCommit=6, initializing? false, entries: <empty>
2019-09-11 20:07:39,421 [java.util.concurrent.ThreadPoolExecutor$Worker@39cc96d6[State = -1, empty queue]] WARN  server.GrpcLogAppender (GrpcLogAppender.java:timeoutAppendRequest(200)) - 9bb405f0-f563-4579-83ea-0bbe163a9fbc@group-C7A422292FA5->e0c56373-add1-4904-83f3-08b0a755b8ed-GrpcLogAppender: appendEntries Timeout, request=9bb405f0-f563-4579-83ea-0bbe163a9fbc->e0c56373-add1-4904-83f3-08b0a755b8ed#76-t1, previous=(t:1, i:13), leaderCommit=6, initializing? false, entries: <empty>
2019-09-11 20:07:39,913 [EventQueue-PipelineActionsForPipelineActionHandler] ERROR pipeline.PipelineActionHandler (PipelineActionHandler.java:onMessage(60)) - Received pipeline action CLOSE for Pipeline[ Id: a5e33a2e-eade-4ad2-a9ca-c7a422292fa5, Nodes: 802f7a56-3ac2-455e-92a2-71244eb20cf7{ip: 192.168.36.83, host: pr-hdds-2096-jg2tg-1247294052, networkLocation: /default-rack, certSerialId: null}e0c56373-add1-4904-83f3-08b0a755b8ed{ip: 192.168.36.83, host: pr-hdds-2096-jg2tg-1247294052, networkLocation: /default-rack, certSerialId: null}9bb405f0-f563-4579-83ea-0bbe163a9fbc{ip: 192.168.36.83, host: pr-hdds-2096-jg2tg-1247294052, networkLocation: /default-rack, certSerialId: null}, Type:RATIS, Factor:THREE, State:CLOSED] from datanode 9bb405f0-f563-4579-83ea-0bbe163a9fbc{ip: 192.168.36.83, host: pr-hdds-2096-jg2tg-1247294052, networkLocation: /default-rack, certSerialId: null}. Reason : 9bb405f0-f563-4579-83ea-0bbe163a9fbc has not seen follower/s 802f7a56-3ac2-455e-92a2-71244eb20cf7 for 142268ms e0c56373-add1-4904-83f3-08b0a755b8ed for 142268ms
2019-09-11 20:07:39,914 [EventQueue-PipelineActionsForPipelineActionHandler] INFO  pipeline.SCMPipelineManager (SCMPipelineManager.java:finalizeAndDestroyPipeline(311)) - destroying pipeline:Pipeline[ Id: a5e33a2e-eade-4ad2-a9ca-c7a422292fa5, Nodes: 802f7a56-3ac2-455e-92a2-71244eb20cf7{ip: 192.168.36.83, host: pr-hdds-2096-jg2tg-1247294052, networkLocation: /default-rack, certSerialId: null}e0c56373-add1-4904-83f3-08b0a755b8ed{ip: 192.168.36.83, host: pr-hdds-2096-jg2tg-1247294052, networkLocation: /default-rack, certSerialId: null}9bb405f0-f563-4579-83ea-0bbe163a9fbc{ip: 192.168.36.83, host: pr-hdds-2096-jg2tg-1247294052, networkLocation: /default-rack, certSerialId: null}, Type:RATIS, Factor:THREE, State:CLOSED]
2019-09-11 20:07:41,423 [org.apache.ratis.server.impl.LogAppender$AppenderDaemon$$Lambda$513/1740195529@5858ebf6] ERROR ratis.XceiverServerRatis (XceiverServerRatis.java:triggerPipelineClose(568)) - pipeline Action CLOSE  on pipeline PipelineID=a5e33a2e-eade-4ad2-a9ca-c7a422292fa5.Reason : 9bb405f0-f563-4579-83ea-0bbe163a9fbc has not seen follower/s 802f7a56-3ac2-455e-92a2-71244eb20cf7 for 144769ms e0c56373-add1-4904-83f3-08b0a755b8ed for 144769ms
2019-09-11 20:07:41,423 [org.apache.ratis.server.impl.LogAppender$AppenderDaemon$$Lambda$513/1740195529@5f17ede1] ERROR ratis.XceiverServerRatis (XceiverServerRatis.java:triggerPipelineClose(568)) - pipeline Action CLOSE  on pipeline PipelineID=a5e33a2e-eade-4ad2-a9ca-c7a422292fa5.Reason : 9bb405f0-f563-4579-83ea-0bbe163a9fbc has not seen follower/s 802f7a56-3ac2-455e-92a2-71244eb20cf7 for 144769ms e0c56373-add1-4904-83f3-08b0a755b8ed for 144769ms
2019-09-11 20:07:41,915 [EventQueue-PipelineActionsForPipelineActionHandler] ERROR pipeline.PipelineActionHandler (PipelineActionHandler.java:onMessage(60)) - Received pipeline action CLOSE for Pipeline[ Id: a5e33a2e-eade-4ad2-a9ca-c7a422292fa5, Nodes: 802f7a56-3ac2-455e-92a2-71244eb20cf7{ip: 192.168.36.83, host: pr-hdds-2096-jg2tg-1247294052, networkLocation: /default-rack, certSerialId: null}e0c56373-add1-4904-83f3-08b0a755b8ed{ip: 192.168.36.83, host: pr-hdds-2096-jg2tg-1247294052, networkLocation: /default-rack, certSerialId: null}9bb405f0-f563-4579-83ea-0bbe163a9fbc{ip: 192.168.36.83, host: pr-hdds-2096-jg2tg-1247294052, networkLocation: /default-rack, certSerialId: null}, Type:RATIS, Factor:THREE, State:CLOSED] from datanode 9bb405f0-f563-4579-83ea-0bbe163a9fbc{ip: 192.168.36.83, host: pr-hdds-2096-jg2tg-1247294052, networkLocation: /default-rack, certSerialId: null}. Reason : 9bb405f0-f563-4579-83ea-0bbe163a9fbc has not seen follower/s 802f7a56-3ac2-455e-92a2-71244eb20cf7 for 144769ms e0c56373-add1-4904-83f3-08b0a755b8ed for 144769ms
2019-09-11 20:07:41,915 [EventQueue-PipelineActionsForPipelineActionHandler] INFO  pipeline.SCMPipelineManager (SCMPipelineManager.java:finalizeAndDestroyPipeline(311)) - destroying pipeline:Pipeline[ Id: a5e33a2e-eade-4ad2-a9ca-c7a422292fa5, Nodes: 802f7a56-3ac2-455e-92a2-71244eb20cf7{ip: 192.168.36.83, host: pr-hdds-2096-jg2tg-1247294052, networkLocation: /default-rack, certSerialId: null}e0c56373-add1-4904-83f3-08b0a755b8ed{ip: 192.168.36.83, host: pr-hdds-2096-jg2tg-1247294052, networkLocation: /default-rack, certSerialId: null}9bb405f0-f563-4579-83ea-0bbe163a9fbc{ip: 192.168.36.83, host: pr-hdds-2096-jg2tg-1247294052, networkLocation: /default-rack, certSerialId: null}, Type:RATIS, Factor:THREE, State:CLOSED]
2019-09-11 20:07:41,922 [java.util.concurrent.ThreadPoolExecutor$Worker@3aabbd53[State = -1, empty queue]] WARN  server.GrpcLogAppender (GrpcLogAppender.java:timeoutAppendRequest(200)) - 9bb405f0-f563-4579-83ea-0bbe163a9fbc@group-C7A422292FA5->802f7a56-3ac2-455e-92a2-71244eb20cf7-GrpcLogAppender: appendEntries Timeout, request=9bb405f0-f563-4579-83ea-0bbe163a9fbc->802f7a56-3ac2-455e-92a2-71244eb20cf7#77-t1, previous=(t:1, i:13), leaderCommit=6, initializing? false, entries: <empty>
2019-09-11 20:07:41,922 [java.util.concurrent.ThreadPoolExecutor$Worker@39cc96d6[State = -1, empty queue]] WARN  server.GrpcLogAppender (GrpcLogAppender.java:timeoutAppendRequest(200)) - 9bb405f0-f563-4579-83ea-0bbe163a9fbc@group-C7A422292FA5->e0c56373-add1-4904-83f3-08b0a755b8ed-GrpcLogAppender: appendEntries Timeout, request=9bb405f0-f563-4579-83ea-0bbe163a9fbc->e0c56373-add1-4904-83f3-08b0a755b8ed#77-t1, previous=(t:1, i:13), leaderCommit=6, initializing? false, entries: <empty>
2019-09-11 20:07:43,287 [grpc-default-executor-6] INFO  client.GrpcClientProtocolClient (GrpcClientProtocolClient.java:onNext(264)) - client-FE03BA7EFCF8->802f7a56-3ac2-455e-92a2-71244eb20cf7: receive RaftClientReply:client-FE03BA7EFCF8->802f7a56-3ac2-455e-92a2-71244eb20cf7@group-C7A422292FA5, cid=134, FAILED org.apache.ratis.protocol.NotLeaderException: Server 802f7a56-3ac2-455e-92a2-71244eb20cf7@group-C7A422292FA5 is not the leader 9bb405f0-f563-4579-83ea-0bbe163a9fbc:192.168.36.83:46254, logIndex=0, commits[802f7a56-3ac2-455e-92a2-71244eb20cf7:c6, 9bb405f0-f563-4579-83ea-0bbe163a9fbc:c6, e0c56373-add1-4904-83f3-08b0a755b8ed:c4]
2019-09-11 20:07:43,924 [org.apache.ratis.server.impl.LogAppender$AppenderDaemon$$Lambda$513/1740195529@5858ebf6] ERROR ratis.XceiverServerRatis (XceiverServerRatis.java:triggerPipelineClose(568)) - pipeline Action CLOSE  on pipeline PipelineID=a5e33a2e-eade-4ad2-a9ca-c7a422292fa5.Reason : 9bb405f0-f563-4579-83ea-0bbe163a9fbc has not seen follower/s 802f7a56-3ac2-455e-92a2-71244eb20cf7 for 147271ms e0c56373-add1-4904-83f3-08b0a755b8ed for 147270ms
2019-09-11 20:07:43,924 [org.apache.ratis.server.impl.LogAppender$AppenderDaemon$$Lambda$513/1740195529@5f17ede1] ERROR ratis.XceiverServerRatis (XceiverServerRatis.java:triggerPipelineClose(568)) - pipeline Action CLOSE  on pipeline PipelineID=a5e33a2e-eade-4ad2-a9ca-c7a422292fa5.Reason : 9bb405f0-f563-4579-83ea-0bbe163a9fbc has not seen follower/s 802f7a56-3ac2-455e-92a2-71244eb20cf7 for 147271ms e0c56373-add1-4904-83f3-08b0a755b8ed for 147270ms
2019-09-11 20:07:44,423 [java.util.concurrent.ThreadPoolExecutor$Worker@39cc96d6[State = -1, empty queue]] WARN  server.GrpcLogAppender (GrpcLogAppender.java:timeoutAppendRequest(200)) - 9bb405f0-f563-4579-83ea-0bbe163a9fbc@group-C7A422292FA5->e0c56373-add1-4904-83f3-08b0a755b8ed-GrpcLogAppender: appendEntries Timeout, request=9bb405f0-f563-4579-83ea-0bbe163a9fbc->e0c56373-add1-4904-83f3-08b0a755b8ed#78-t1, previous=(t:1, i:13), leaderCommit=6, initializing? false, entries: <empty>
2019-09-11 20:07:44,423 [java.util.concurrent.ThreadPoolExecutor$Worker@3aabbd53[State = -1, empty queue]] WARN  server.GrpcLogAppender (GrpcLogAppender.java:timeoutAppendRequest(200)) - 9bb405f0-f563-4579-83ea-0bbe163a9fbc@group-C7A422292FA5->802f7a56-3ac2-455e-92a2-71244eb20cf7-GrpcLogAppender: appendEntries Timeout, request=9bb405f0-f563-4579-83ea-0bbe163a9fbc->802f7a56-3ac2-455e-92a2-71244eb20cf7#78-t1, previous=(t:1, i:13), leaderCommit=6, initializing? false, entries: <empty>
2019-09-11 20:07:44,915 [EventQueue-PipelineActionsForPipelineActionHandler] ERROR pipeline.PipelineActionHandler (PipelineActionHandler.java:onMessage(60)) - Received pipeline action CLOSE for Pipeline[ Id: a5e33a2e-eade-4ad2-a9ca-c7a422292fa5, Nodes: 802f7a56-3ac2-455e-92a2-71244eb20cf7{ip: 192.168.36.83, host: pr-hdds-2096-jg2tg-1247294052, networkLocation: /default-rack, certSerialId: null}e0c56373-add1-4904-83f3-08b0a755b8ed{ip: 192.168.36.83, host: pr-hdds-2096-jg2tg-1247294052, networkLocation: /default-rack, certSerialId: null}9bb405f0-f563-4579-83ea-0bbe163a9fbc{ip: 192.168.36.83, host: pr-hdds-2096-jg2tg-1247294052, networkLocation: /default-rack, certSerialId: null}, Type:RATIS, Factor:THREE, State:CLOSED] from datanode 9bb405f0-f563-4579-83ea-0bbe163a9fbc{ip: 192.168.36.83, host: pr-hdds-2096-jg2tg-1247294052, networkLocation: /default-rack, certSerialId: null}. Reason : 9bb405f0-f563-4579-83ea-0bbe163a9fbc has not seen follower/s 802f7a56-3ac2-455e-92a2-71244eb20cf7 for 147271ms e0c56373-add1-4904-83f3-08b0a755b8ed for 147270ms
2019-09-11 20:07:44,915 [EventQueue-PipelineActionsForPipelineActionHandler] INFO  pipeline.SCMPipelineManager (SCMPipelineManager.java:finalizeAndDestroyPipeline(311)) - destroying pipeline:Pipeline[ Id: a5e33a2e-eade-4ad2-a9ca-c7a422292fa5, Nodes: 802f7a56-3ac2-455e-92a2-71244eb20cf7{ip: 192.168.36.83, host: pr-hdds-2096-jg2tg-1247294052, networkLocation: /default-rack, certSerialId: null}e0c56373-add1-4904-83f3-08b0a755b8ed{ip: 192.168.36.83, host: pr-hdds-2096-jg2tg-1247294052, networkLocation: /default-rack, certSerialId: null}9bb405f0-f563-4579-83ea-0bbe163a9fbc{ip: 192.168.36.83, host: pr-hdds-2096-jg2tg-1247294052, networkLocation: /default-rack, certSerialId: null}, Type:RATIS, Factor:THREE, State:CLOSED]
2019-09-11 20:07:46,427 [org.apache.ratis.server.impl.LogAppender$AppenderDaemon$$Lambda$513/1740195529@5858ebf6] ERROR ratis.XceiverServerRatis (XceiverServerRatis.java:triggerPipelineClose(568)) - pipeline Action CLOSE  on pipeline PipelineID=a5e33a2e-eade-4ad2-a9ca-c7a422292fa5.Reason : 9bb405f0-f563-4579-83ea-0bbe163a9fbc has not seen follower/s 802f7a56-3ac2-455e-92a2-71244eb20cf7 for 149773ms e0c56373-add1-4904-83f3-08b0a755b8ed for 149773ms
2019-09-11 20:07:46,427 [org.apache.ratis.server.impl.LogAppender$AppenderDaemon$$Lambda$513/1740195529@5f17ede1] ERROR ratis.XceiverServerRatis (XceiverServerRatis.java:triggerPipelineClose(568)) - pipeline Action CLOSE  on pipeline PipelineID=a5e33a2e-eade-4ad2-a9ca-c7a422292fa5.Reason : 9bb405f0-f563-4579-83ea-0bbe163a9fbc has not seen follower/s 802f7a56-3ac2-455e-92a2-71244eb20cf7 for 149773ms e0c56373-add1-4904-83f3-08b0a755b8ed for 149773ms
2019-09-11 20:07:46,762 [e0c56373-add1-4904-83f3-08b0a755b8ed@group-C7A422292FA5-SegmentedRaftLogWorker] WARN  segmented.SegmentedRaftLogWorker (SegmentedRaftLogWorker.java:getFromFuture(90)) - Timeout 14/~
org.apache.ratis.protocol.TimeoutIOException: Timeout 10s: WriteLog:7: (t:1, i:7), STATEMACHINELOGENTRY, client-FE03BA7EFCF8, cid=134-writeStateMachineData
	at org.apache.ratis.util.IOUtils.getFromFuture(IOUtils.java:87)
	at org.apache.ratis.server.raftlog.segmented.SegmentedRaftLogWorker$StateMachineDataPolicy.getFromFuture(SegmentedRaftLogWorker.java:87)
	at org.apache.ratis.server.raftlog.segmented.SegmentedRaftLogWorker$WriteLog.execute(SegmentedRaftLogWorker.java:477)
	at org.apache.ratis.server.raftlog.segmented.SegmentedRaftLogWorker.run(SegmentedRaftLogWorker.java:289)
	at java.lang.Thread.run(Thread.java:748)
Caused by: java.util.concurrent.TimeoutException
	at java.util.concurrent.CompletableFuture.timedGet(CompletableFuture.java:1771)
	at java.util.concurrent.CompletableFuture.get(CompletableFuture.java:1915)
	at org.apache.ratis.util.IOUtils.getFromFuture(IOUtils.java:79)
	... 4 more
2019-09-11 20:07:46,900 [9bb405f0-f563-4579-83ea-0bbe163a9fbc@group-C7A422292FA5-SegmentedRaftLogWorker] WARN  segmented.SegmentedRaftLogWorker (SegmentedRaftLogWorker.java:getFromFuture(90)) - Timeout 14/~
org.apache.ratis.protocol.TimeoutIOException: Timeout 10s: WriteLog:8: (t:1, i:8), STATEMACHINELOGENTRY, client-FE03BA7EFCF8, cid=135-writeStateMachineData
	at org.apache.ratis.util.IOUtils.getFromFuture(IOUtils.java:87)
	at org.apache.ratis.server.raftlog.segmented.SegmentedRaftLogWorker$StateMachineDataPolicy.getFromFuture(SegmentedRaftLogWorker.java:87)
	at org.apache.ratis.server.raftlog.segmented.SegmentedRaftLogWorker$WriteLog.execute(SegmentedRaftLogWorker.java:477)
	at org.apache.ratis.server.raftlog.segmented.SegmentedRaftLogWorker.run(SegmentedRaftLogWorker.java:289)
	at java.lang.Thread.run(Thread.java:748)
Caused by: java.util.concurrent.TimeoutException
	at java.util.concurrent.CompletableFuture.timedGet(CompletableFuture.java:1771)
	at java.util.concurrent.CompletableFuture.get(CompletableFuture.java:1915)
	at org.apache.ratis.util.IOUtils.getFromFuture(IOUtils.java:79)
	... 4 more
2019-09-11 20:07:46,901 [802f7a56-3ac2-455e-92a2-71244eb20cf7@group-C7A422292FA5-SegmentedRaftLogWorker] WARN  segmented.SegmentedRaftLogWorker (SegmentedRaftLogWorker.java:getFromFuture(90)) - Timeout 14/~
org.apache.ratis.protocol.TimeoutIOException: Timeout 10s: WriteLog:8: (t:1, i:8), STATEMACHINELOGENTRY, client-FE03BA7EFCF8, cid=135-writeStateMachineData
	at org.apache.ratis.util.IOUtils.getFromFuture(IOUtils.java:87)
	at org.apache.ratis.server.raftlog.segmented.SegmentedRaftLogWorker$StateMachineDataPolicy.getFromFuture(SegmentedRaftLogWorker.java:87)
	at org.apache.ratis.server.raftlog.segmented.SegmentedRaftLogWorker$WriteLog.execute(SegmentedRaftLogWorker.java:477)
	at org.apache.ratis.server.raftlog.segmented.SegmentedRaftLogWorker.run(SegmentedRaftLogWorker.java:289)
	at java.lang.Thread.run(Thread.java:748)
Caused by: java.util.concurrent.TimeoutException
	at java.util.concurrent.CompletableFuture.timedGet(CompletableFuture.java:1771)
	at java.util.concurrent.CompletableFuture.get(CompletableFuture.java:1915)
	at org.apache.ratis.util.IOUtils.getFromFuture(IOUtils.java:79)
	... 4 more
2019-09-11 20:07:46,915 [EventQueue-PipelineActionsForPipelineActionHandler] ERROR pipeline.PipelineActionHandler (PipelineActionHandler.java:onMessage(60)) - Received pipeline action CLOSE for Pipeline[ Id: a5e33a2e-eade-4ad2-a9ca-c7a422292fa5, Nodes: 802f7a56-3ac2-455e-92a2-71244eb20cf7{ip: 192.168.36.83, host: pr-hdds-2096-jg2tg-1247294052, networkLocation: /default-rack, certSerialId: null}e0c56373-add1-4904-83f3-08b0a755b8ed{ip: 192.168.36.83, host: pr-hdds-2096-jg2tg-1247294052, networkLocation: /default-rack, certSerialId: null}9bb405f0-f563-4579-83ea-0bbe163a9fbc{ip: 192.168.36.83, host: pr-hdds-2096-jg2tg-1247294052, networkLocation: /default-rack, certSerialId: null}, Type:RATIS, Factor:THREE, State:CLOSED] from datanode 9bb405f0-f563-4579-83ea-0bbe163a9fbc{ip: 192.168.36.83, host: pr-hdds-2096-jg2tg-1247294052, networkLocation: /default-rack, certSerialId: null}. Reason : 9bb405f0-f563-4579-83ea-0bbe163a9fbc has not seen follower/s 802f7a56-3ac2-455e-92a2-71244eb20cf7 for 149773ms e0c56373-add1-4904-83f3-08b0a755b8ed for 149773ms
2019-09-11 20:07:46,915 [EventQueue-PipelineActionsForPipelineActionHandler] INFO  pipeline.SCMPipelineManager (SCMPipelineManager.java:finalizeAndDestroyPipeline(311)) - destroying pipeline:Pipeline[ Id: a5e33a2e-eade-4ad2-a9ca-c7a422292fa5, Nodes: 802f7a56-3ac2-455e-92a2-71244eb20cf7{ip: 192.168.36.83, host: pr-hdds-2096-jg2tg-1247294052, networkLocation: /default-rack, certSerialId: null}e0c56373-add1-4904-83f3-08b0a755b8ed{ip: 192.168.36.83, host: pr-hdds-2096-jg2tg-1247294052, networkLocation: /default-rack, certSerialId: null}9bb405f0-f563-4579-83ea-0bbe163a9fbc{ip: 192.168.36.83, host: pr-hdds-2096-jg2tg-1247294052, networkLocation: /default-rack, certSerialId: null}, Type:RATIS, Factor:THREE, State:CLOSED]
2019-09-11 20:07:46,924 [java.util.concurrent.ThreadPoolExecutor$Worker@3aabbd53[State = -1, empty queue]] WARN  server.GrpcLogAppender (GrpcLogAppender.java:timeoutAppendRequest(200)) - 9bb405f0-f563-4579-83ea-0bbe163a9fbc@group-C7A422292FA5->802f7a56-3ac2-455e-92a2-71244eb20cf7-GrpcLogAppender: appendEntries Timeout, request=9bb405f0-f563-4579-83ea-0bbe163a9fbc->802f7a56-3ac2-455e-92a2-71244eb20cf7#79-t1, previous=(t:1, i:13), leaderCommit=6, initializing? false, entries: <empty>
2019-09-11 20:07:46,924 [java.util.concurrent.ThreadPoolExecutor$Worker@39cc96d6[State = -1, empty queue]] WARN  server.GrpcLogAppender (GrpcLogAppender.java:timeoutAppendRequest(200)) - 9bb405f0-f563-4579-83ea-0bbe163a9fbc@group-C7A422292FA5->e0c56373-add1-4904-83f3-08b0a755b8ed-GrpcLogAppender: appendEntries Timeout, request=9bb405f0-f563-4579-83ea-0bbe163a9fbc->e0c56373-add1-4904-83f3-08b0a755b8ed#79-t1, previous=(t:1, i:13), leaderCommit=6, initializing? false, entries: <empty>
2019-09-11 20:07:48,331 [grpc-default-executor-1] INFO  client.GrpcClientProtocolClient (GrpcClientProtocolClient.java:onNext(264)) - client-FE03BA7EFCF8->e0c56373-add1-4904-83f3-08b0a755b8ed: receive RaftClientReply:client-FE03BA7EFCF8->e0c56373-add1-4904-83f3-08b0a755b8ed@group-C7A422292FA5, cid=134, FAILED org.apache.ratis.protocol.NotLeaderException: Server e0c56373-add1-4904-83f3-08b0a755b8ed@group-C7A422292FA5 is not the leader 9bb405f0-f563-4579-83ea-0bbe163a9fbc:192.168.36.83:46254, logIndex=0, commits[e0c56373-add1-4904-83f3-08b0a755b8ed:c6, 802f7a56-3ac2-455e-92a2-71244eb20cf7:c4, 9bb405f0-f563-4579-83ea-0bbe163a9fbc:c6]
2019-09-11 20:07:48,929 [org.apache.ratis.server.impl.LogAppender$AppenderDaemon$$Lambda$513/1740195529@5f17ede1] ERROR ratis.XceiverServerRatis (XceiverServerRatis.java:triggerPipelineClose(568)) - pipeline Action CLOSE  on pipeline PipelineID=a5e33a2e-eade-4ad2-a9ca-c7a422292fa5.Reason : 9bb405f0-f563-4579-83ea-0bbe163a9fbc has not seen follower/s 802f7a56-3ac2-455e-92a2-71244eb20cf7 for 152275ms e0c56373-add1-4904-83f3-08b0a755b8ed for 152275ms
2019-09-11 20:07:48,929 [org.apache.ratis.server.impl.LogAppender$AppenderDaemon$$Lambda$513/1740195529@5858ebf6] ERROR ratis.XceiverServerRatis (XceiverServerRatis.java:triggerPipelineClose(568)) - pipeline Action CLOSE  on pipeline PipelineID=a5e33a2e-eade-4ad2-a9ca-c7a422292fa5.Reason : 9bb405f0-f563-4579-83ea-0bbe163a9fbc has not seen follower/s 802f7a56-3ac2-455e-92a2-71244eb20cf7 for 152275ms e0c56373-add1-4904-83f3-08b0a755b8ed for 152275ms
2019-09-11 20:07:49,426 [java.util.concurrent.ThreadPoolExecutor$Worker@3aabbd53[State = -1, empty queue]] WARN  server.GrpcLogAppender (GrpcLogAppender.java:timeoutAppendRequest(200)) - 9bb405f0-f563-4579-83ea-0bbe163a9fbc@group-C7A422292FA5->802f7a56-3ac2-455e-92a2-71244eb20cf7-GrpcLogAppender: appendEntries Timeout, request=9bb405f0-f563-4579-83ea-0bbe163a9fbc->802f7a56-3ac2-455e-92a2-71244eb20cf7#80-t1, previous=(t:1, i:13), leaderCommit=6, initializing? false, entries: <empty>
2019-09-11 20:07:49,426 [java.util.concurrent.ThreadPoolExecutor$Worker@39cc96d6[State = -1, empty queue]] WARN  server.GrpcLogAppender (GrpcLogAppender.java:timeoutAppendRequest(200)) - 9bb405f0-f563-4579-83ea-0bbe163a9fbc@group-C7A422292FA5->e0c56373-add1-4904-83f3-08b0a755b8ed-GrpcLogAppender: appendEntries Timeout, request=9bb405f0-f563-4579-83ea-0bbe163a9fbc->e0c56373-add1-4904-83f3-08b0a755b8ed#80-t1, previous=(t:1, i:13), leaderCommit=6, initializing? false, entries: <empty>
2019-09-11 20:07:49,917 [EventQueue-PipelineActionsForPipelineActionHandler] ERROR pipeline.PipelineActionHandler (PipelineActionHandler.java:onMessage(60)) - Received pipeline action CLOSE for Pipeline[ Id: a5e33a2e-eade-4ad2-a9ca-c7a422292fa5, Nodes: 802f7a56-3ac2-455e-92a2-71244eb20cf7{ip: 192.168.36.83, host: pr-hdds-2096-jg2tg-1247294052, networkLocation: /default-rack, certSerialId: null}e0c56373-add1-4904-83f3-08b0a755b8ed{ip: 192.168.36.83, host: pr-hdds-2096-jg2tg-1247294052, networkLocation: /default-rack, certSerialId: null}9bb405f0-f563-4579-83ea-0bbe163a9fbc{ip: 192.168.36.83, host: pr-hdds-2096-jg2tg-1247294052, networkLocation: /default-rack, certSerialId: null}, Type:RATIS, Factor:THREE, State:CLOSED] from datanode 9bb405f0-f563-4579-83ea-0bbe163a9fbc{ip: 192.168.36.83, host: pr-hdds-2096-jg2tg-1247294052, networkLocation: /default-rack, certSerialId: null}. Reason : 9bb405f0-f563-4579-83ea-0bbe163a9fbc has not seen follower/s 802f7a56-3ac2-455e-92a2-71244eb20cf7 for 152275ms e0c56373-add1-4904-83f3-08b0a755b8ed for 152275ms
2019-09-11 20:07:49,918 [EventQueue-PipelineActionsForPipelineActionHandler] INFO  pipeline.SCMPipelineManager (SCMPipelineManager.java:finalizeAndDestroyPipeline(311)) - destroying pipeline:Pipeline[ Id: a5e33a2e-eade-4ad2-a9ca-c7a422292fa5, Nodes: 802f7a56-3ac2-455e-92a2-71244eb20cf7{ip: 192.168.36.83, host: pr-hdds-2096-jg2tg-1247294052, networkLocation: /default-rack, certSerialId: null}e0c56373-add1-4904-83f3-08b0a755b8ed{ip: 192.168.36.83, host: pr-hdds-2096-jg2tg-1247294052, networkLocation: /default-rack, certSerialId: null}9bb405f0-f563-4579-83ea-0bbe163a9fbc{ip: 192.168.36.83, host: pr-hdds-2096-jg2tg-1247294052, networkLocation: /default-rack, certSerialId: null}, Type:RATIS, Factor:THREE, State:CLOSED]
2019-09-11 20:07:51,431 [org.apache.ratis.server.impl.LogAppender$AppenderDaemon$$Lambda$513/1740195529@5858ebf6] ERROR ratis.XceiverServerRatis (XceiverServerRatis.java:triggerPipelineClose(568)) - pipeline Action CLOSE  on pipeline PipelineID=a5e33a2e-eade-4ad2-a9ca-c7a422292fa5.Reason : 9bb405f0-f563-4579-83ea-0bbe163a9fbc has not seen follower/s 802f7a56-3ac2-455e-92a2-71244eb20cf7 for 154778ms e0c56373-add1-4904-83f3-08b0a755b8ed for 154777ms
2019-09-11 20:07:51,431 [org.apache.ratis.server.impl.LogAppender$AppenderDaemon$$Lambda$513/1740195529@5f17ede1] ERROR ratis.XceiverServerRatis (XceiverServerRatis.java:triggerPipelineClose(568)) - pipeline Action CLOSE  on pipeline PipelineID=a5e33a2e-eade-4ad2-a9ca-c7a422292fa5.Reason : 9bb405f0-f563-4579-83ea-0bbe163a9fbc has not seen follower/s 802f7a56-3ac2-455e-92a2-71244eb20cf7 for 154778ms e0c56373-add1-4904-83f3-08b0a755b8ed for 154777ms
2019-09-11 20:07:51,916 [EventQueue-PipelineActionsForPipelineActionHandler] ERROR pipeline.PipelineActionHandler (PipelineActionHandler.java:onMessage(60)) - Received pipeline action CLOSE for Pipeline[ Id: a5e33a2e-eade-4ad2-a9ca-c7a422292fa5, Nodes: 802f7a56-3ac2-455e-92a2-71244eb20cf7{ip: 192.168.36.83, host: pr-hdds-2096-jg2tg-1247294052, networkLocation: /default-rack, certSerialId: null}e0c56373-add1-4904-83f3-08b0a755b8ed{ip: 192.168.36.83, host: pr-hdds-2096-jg2tg-1247294052, networkLocation: /default-rack, certSerialId: null}9bb405f0-f563-4579-83ea-0bbe163a9fbc{ip: 192.168.36.83, host: pr-hdds-2096-jg2tg-1247294052, networkLocation: /default-rack, certSerialId: null}, Type:RATIS, Factor:THREE, State:CLOSED] from datanode 9bb405f0-f563-4579-83ea-0bbe163a9fbc{ip: 192.168.36.83, host: pr-hdds-2096-jg2tg-1247294052, networkLocation: /default-rack, certSerialId: null}. Reason : 9bb405f0-f563-4579-83ea-0bbe163a9fbc has not seen follower/s 802f7a56-3ac2-455e-92a2-71244eb20cf7 for 154778ms e0c56373-add1-4904-83f3-08b0a755b8ed for 154777ms
2019-09-11 20:07:51,916 [EventQueue-PipelineActionsForPipelineActionHandler] INFO  pipeline.SCMPipelineManager (SCMPipelineManager.java:finalizeAndDestroyPipeline(311)) - destroying pipeline:Pipeline[ Id: a5e33a2e-eade-4ad2-a9ca-c7a422292fa5, Nodes: 802f7a56-3ac2-455e-92a2-71244eb20cf7{ip: 192.168.36.83, host: pr-hdds-2096-jg2tg-1247294052, networkLocation: /default-rack, certSerialId: null}e0c56373-add1-4904-83f3-08b0a755b8ed{ip: 192.168.36.83, host: pr-hdds-2096-jg2tg-1247294052, networkLocation: /default-rack, certSerialId: null}9bb405f0-f563-4579-83ea-0bbe163a9fbc{ip: 192.168.36.83, host: pr-hdds-2096-jg2tg-1247294052, networkLocation: /default-rack, certSerialId: null}, Type:RATIS, Factor:THREE, State:CLOSED]
2019-09-11 20:07:51,928 [java.util.concurrent.ThreadPoolExecutor$Worker@3aabbd53[State = -1, empty queue]] WARN  server.GrpcLogAppender (GrpcLogAppender.java:timeoutAppendRequest(200)) - 9bb405f0-f563-4579-83ea-0bbe163a9fbc@group-C7A422292FA5->802f7a56-3ac2-455e-92a2-71244eb20cf7-GrpcLogAppender: appendEntries Timeout, request=9bb405f0-f563-4579-83ea-0bbe163a9fbc->802f7a56-3ac2-455e-92a2-71244eb20cf7#81-t1, previous=(t:1, i:13), leaderCommit=6, initializing? false, entries: <empty>
2019-09-11 20:07:51,928 [java.util.concurrent.ThreadPoolExecutor$Worker@39cc96d6[State = -1, empty queue]] WARN  server.GrpcLogAppender (GrpcLogAppender.java:timeoutAppendRequest(200)) - 9bb405f0-f563-4579-83ea-0bbe163a9fbc@group-C7A422292FA5->e0c56373-add1-4904-83f3-08b0a755b8ed-GrpcLogAppender: appendEntries Timeout, request=9bb405f0-f563-4579-83ea-0bbe163a9fbc->e0c56373-add1-4904-83f3-08b0a755b8ed#81-t1, previous=(t:1, i:13), leaderCommit=6, initializing? false, entries: <empty>
2019-09-11 20:07:53,382 [grpc-default-executor-8] INFO  client.GrpcClientProtocolClient (GrpcClientProtocolClient.java:onNext(264)) - client-FE03BA7EFCF8->802f7a56-3ac2-455e-92a2-71244eb20cf7: receive RaftClientReply:client-FE03BA7EFCF8->802f7a56-3ac2-455e-92a2-71244eb20cf7@group-C7A422292FA5, cid=134, FAILED org.apache.ratis.protocol.NotLeaderException: Server 802f7a56-3ac2-455e-92a2-71244eb20cf7@group-C7A422292FA5 is not the leader 9bb405f0-f563-4579-83ea-0bbe163a9fbc:192.168.36.83:46254, logIndex=0, commits[802f7a56-3ac2-455e-92a2-71244eb20cf7:c6, 9bb405f0-f563-4579-83ea-0bbe163a9fbc:c6, e0c56373-add1-4904-83f3-08b0a755b8ed:c4]
2019-09-11 20:07:53,933 [org.apache.ratis.server.impl.LogAppender$AppenderDaemon$$Lambda$513/1740195529@5858ebf6] ERROR ratis.XceiverServerRatis (XceiverServerRatis.java:triggerPipelineClose(568)) - pipeline Action CLOSE  on pipeline PipelineID=a5e33a2e-eade-4ad2-a9ca-c7a422292fa5.Reason : 9bb405f0-f563-4579-83ea-0bbe163a9fbc has not seen follower/s 802f7a56-3ac2-455e-92a2-71244eb20cf7 for 157279ms e0c56373-add1-4904-83f3-08b0a755b8ed for 157279ms
2019-09-11 20:07:53,933 [org.apache.ratis.server.impl.LogAppender$AppenderDaemon$$Lambda$513/1740195529@5f17ede1] ERROR ratis.XceiverServerRatis (XceiverServerRatis.java:triggerPipelineClose(568)) - pipeline Action CLOSE  on pipeline PipelineID=a5e33a2e-eade-4ad2-a9ca-c7a422292fa5.Reason : 9bb405f0-f563-4579-83ea-0bbe163a9fbc has not seen follower/s 802f7a56-3ac2-455e-92a2-71244eb20cf7 for 157280ms e0c56373-add1-4904-83f3-08b0a755b8ed for 157279ms
2019-09-11 20:07:54,431 [java.util.concurrent.ThreadPoolExecutor$Worker@39cc96d6[State = -1, empty queue]] WARN  server.GrpcLogAppender (GrpcLogAppender.java:timeoutAppendRequest(200)) - 9bb405f0-f563-4579-83ea-0bbe163a9fbc@group-C7A422292FA5->e0c56373-add1-4904-83f3-08b0a755b8ed-GrpcLogAppender: appendEntries Timeout, request=9bb405f0-f563-4579-83ea-0bbe163a9fbc->e0c56373-add1-4904-83f3-08b0a755b8ed#82-t1, previous=(t:1, i:13), leaderCommit=6, initializing? false, entries: <empty>
2019-09-11 20:07:54,431 [java.util.concurrent.ThreadPoolExecutor$Worker@3aabbd53[State = -1, empty queue]] WARN  server.GrpcLogAppender (GrpcLogAppender.java:timeoutAppendRequest(200)) - 9bb405f0-f563-4579-83ea-0bbe163a9fbc@group-C7A422292FA5->802f7a56-3ac2-455e-92a2-71244eb20cf7-GrpcLogAppender: appendEntries Timeout, request=9bb405f0-f563-4579-83ea-0bbe163a9fbc->802f7a56-3ac2-455e-92a2-71244eb20cf7#82-t1, previous=(t:1, i:13), leaderCommit=6, initializing? false, entries: <empty>
2019-09-11 20:07:54,917 [EventQueue-PipelineActionsForPipelineActionHandler] ERROR pipeline.PipelineActionHandler (PipelineActionHandler.java:onMessage(60)) - Received pipeline action CLOSE for Pipeline[ Id: a5e33a2e-eade-4ad2-a9ca-c7a422292fa5, Nodes: 802f7a56-3ac2-455e-92a2-71244eb20cf7{ip: 192.168.36.83, host: pr-hdds-2096-jg2tg-1247294052, networkLocation: /default-rack, certSerialId: null}e0c56373-add1-4904-83f3-08b0a755b8ed{ip: 192.168.36.83, host: pr-hdds-2096-jg2tg-1247294052, networkLocation: /default-rack, certSerialId: null}9bb405f0-f563-4579-83ea-0bbe163a9fbc{ip: 192.168.36.83, host: pr-hdds-2096-jg2tg-1247294052, networkLocation: /default-rack, certSerialId: null}, Type:RATIS, Factor:THREE, State:CLOSED] from datanode 9bb405f0-f563-4579-83ea-0bbe163a9fbc{ip: 192.168.36.83, host: pr-hdds-2096-jg2tg-1247294052, networkLocation: /default-rack, certSerialId: null}. Reason : 9bb405f0-f563-4579-83ea-0bbe163a9fbc has not seen follower/s 802f7a56-3ac2-455e-92a2-71244eb20cf7 for 157279ms e0c56373-add1-4904-83f3-08b0a755b8ed for 157279ms
2019-09-11 20:07:54,917 [EventQueue-PipelineActionsForPipelineActionHandler] INFO  pipeline.SCMPipelineManager (SCMPipelineManager.java:finalizeAndDestroyPipeline(311)) - destroying pipeline:Pipeline[ Id: a5e33a2e-eade-4ad2-a9ca-c7a422292fa5, Nodes: 802f7a56-3ac2-455e-92a2-71244eb20cf7{ip: 192.168.36.83, host: pr-hdds-2096-jg2tg-1247294052, networkLocation: /default-rack, certSerialId: null}e0c56373-add1-4904-83f3-08b0a755b8ed{ip: 192.168.36.83, host: pr-hdds-2096-jg2tg-1247294052, networkLocation: /default-rack, certSerialId: null}9bb405f0-f563-4579-83ea-0bbe163a9fbc{ip: 192.168.36.83, host: pr-hdds-2096-jg2tg-1247294052, networkLocation: /default-rack, certSerialId: null}, Type:RATIS, Factor:THREE, State:CLOSED]
2019-09-11 20:07:56,434 [org.apache.ratis.server.impl.LogAppender$AppenderDaemon$$Lambda$513/1740195529@5858ebf6] ERROR ratis.XceiverServerRatis (XceiverServerRatis.java:triggerPipelineClose(568)) - pipeline Action CLOSE  on pipeline PipelineID=a5e33a2e-eade-4ad2-a9ca-c7a422292fa5.Reason : 9bb405f0-f563-4579-83ea-0bbe163a9fbc has not seen follower/s 802f7a56-3ac2-455e-92a2-71244eb20cf7 for 159781ms e0c56373-add1-4904-83f3-08b0a755b8ed for 159780ms
2019-09-11 20:07:56,434 [org.apache.ratis.server.impl.LogAppender$AppenderDaemon$$Lambda$513/1740195529@5f17ede1] ERROR ratis.XceiverServerRatis (XceiverServerRatis.java:triggerPipelineClose(568)) - pipeline Action CLOSE  on pipeline PipelineID=a5e33a2e-eade-4ad2-a9ca-c7a422292fa5.Reason : 9bb405f0-f563-4579-83ea-0bbe163a9fbc has not seen follower/s 802f7a56-3ac2-455e-92a2-71244eb20cf7 for 159781ms e0c56373-add1-4904-83f3-08b0a755b8ed for 159780ms
2019-09-11 20:07:56,763 [e0c56373-add1-4904-83f3-08b0a755b8ed@group-C7A422292FA5-SegmentedRaftLogWorker] WARN  segmented.SegmentedRaftLogWorker (SegmentedRaftLogWorker.java:getFromFuture(90)) - Timeout 15/~
org.apache.ratis.protocol.TimeoutIOException: Timeout 10s: WriteLog:7: (t:1, i:7), STATEMACHINELOGENTRY, client-FE03BA7EFCF8, cid=134-writeStateMachineData
	at org.apache.ratis.util.IOUtils.getFromFuture(IOUtils.java:87)
	at org.apache.ratis.server.raftlog.segmented.SegmentedRaftLogWorker$StateMachineDataPolicy.getFromFuture(SegmentedRaftLogWorker.java:87)
	at org.apache.ratis.server.raftlog.segmented.SegmentedRaftLogWorker$WriteLog.execute(SegmentedRaftLogWorker.java:477)
	at org.apache.ratis.server.raftlog.segmented.SegmentedRaftLogWorker.run(SegmentedRaftLogWorker.java:289)
	at java.lang.Thread.run(Thread.java:748)
Caused by: java.util.concurrent.TimeoutException
	at java.util.concurrent.CompletableFuture.timedGet(CompletableFuture.java:1771)
	at java.util.concurrent.CompletableFuture.get(CompletableFuture.java:1915)
	at org.apache.ratis.util.IOUtils.getFromFuture(IOUtils.java:79)
	... 4 more
2019-09-11 20:07:56,901 [9bb405f0-f563-4579-83ea-0bbe163a9fbc@group-C7A422292FA5-SegmentedRaftLogWorker] WARN  segmented.SegmentedRaftLogWorker (SegmentedRaftLogWorker.java:getFromFuture(90)) - Timeout 15/~
org.apache.ratis.protocol.TimeoutIOException: Timeout 10s: WriteLog:8: (t:1, i:8), STATEMACHINELOGENTRY, client-FE03BA7EFCF8, cid=135-writeStateMachineData
	at org.apache.ratis.util.IOUtils.getFromFuture(IOUtils.java:87)
	at org.apache.ratis.server.raftlog.segmented.SegmentedRaftLogWorker$StateMachineDataPolicy.getFromFuture(SegmentedRaftLogWorker.java:87)
	at org.apache.ratis.server.raftlog.segmented.SegmentedRaftLogWorker$WriteLog.execute(SegmentedRaftLogWorker.java:477)
	at org.apache.ratis.server.raftlog.segmented.SegmentedRaftLogWorker.run(SegmentedRaftLogWorker.java:289)
	at java.lang.Thread.run(Thread.java:748)
Caused by: java.util.concurrent.TimeoutException
	at java.util.concurrent.CompletableFuture.timedGet(CompletableFuture.java:1771)
	at java.util.concurrent.CompletableFuture.get(CompletableFuture.java:1915)
	at org.apache.ratis.util.IOUtils.getFromFuture(IOUtils.java:79)
	... 4 more
2019-09-11 20:07:56,901 [802f7a56-3ac2-455e-92a2-71244eb20cf7@group-C7A422292FA5-SegmentedRaftLogWorker] WARN  segmented.SegmentedRaftLogWorker (SegmentedRaftLogWorker.java:getFromFuture(90)) - Timeout 15/~
org.apache.ratis.protocol.TimeoutIOException: Timeout 10s: WriteLog:8: (t:1, i:8), STATEMACHINELOGENTRY, client-FE03BA7EFCF8, cid=135-writeStateMachineData
	at org.apache.ratis.util.IOUtils.getFromFuture(IOUtils.java:87)
	at org.apache.ratis.server.raftlog.segmented.SegmentedRaftLogWorker$StateMachineDataPolicy.getFromFuture(SegmentedRaftLogWorker.java:87)
	at org.apache.ratis.server.raftlog.segmented.SegmentedRaftLogWorker$WriteLog.execute(SegmentedRaftLogWorker.java:477)
	at org.apache.ratis.server.raftlog.segmented.SegmentedRaftLogWorker.run(SegmentedRaftLogWorker.java:289)
	at java.lang.Thread.run(Thread.java:748)
Caused by: java.util.concurrent.TimeoutException
	at java.util.concurrent.CompletableFuture.timedGet(CompletableFuture.java:1771)
	at java.util.concurrent.CompletableFuture.get(CompletableFuture.java:1915)
	at org.apache.ratis.util.IOUtils.getFromFuture(IOUtils.java:79)
	... 4 more
2019-09-11 20:07:56,917 [EventQueue-PipelineActionsForPipelineActionHandler] ERROR pipeline.PipelineActionHandler (PipelineActionHandler.java:onMessage(60)) - Received pipeline action CLOSE for Pipeline[ Id: a5e33a2e-eade-4ad2-a9ca-c7a422292fa5, Nodes: 802f7a56-3ac2-455e-92a2-71244eb20cf7{ip: 192.168.36.83, host: pr-hdds-2096-jg2tg-1247294052, networkLocation: /default-rack, certSerialId: null}e0c56373-add1-4904-83f3-08b0a755b8ed{ip: 192.168.36.83, host: pr-hdds-2096-jg2tg-1247294052, networkLocation: /default-rack, certSerialId: null}9bb405f0-f563-4579-83ea-0bbe163a9fbc{ip: 192.168.36.83, host: pr-hdds-2096-jg2tg-1247294052, networkLocation: /default-rack, certSerialId: null}, Type:RATIS, Factor:THREE, State:CLOSED] from datanode 9bb405f0-f563-4579-83ea-0bbe163a9fbc{ip: 192.168.36.83, host: pr-hdds-2096-jg2tg-1247294052, networkLocation: /default-rack, certSerialId: null}. Reason : 9bb405f0-f563-4579-83ea-0bbe163a9fbc has not seen follower/s 802f7a56-3ac2-455e-92a2-71244eb20cf7 for 159781ms e0c56373-add1-4904-83f3-08b0a755b8ed for 159780ms
2019-09-11 20:07:56,917 [EventQueue-PipelineActionsForPipelineActionHandler] INFO  pipeline.SCMPipelineManager (SCMPipelineManager.java:finalizeAndDestroyPipeline(311)) - destroying pipeline:Pipeline[ Id: a5e33a2e-eade-4ad2-a9ca-c7a422292fa5, Nodes: 802f7a56-3ac2-455e-92a2-71244eb20cf7{ip: 192.168.36.83, host: pr-hdds-2096-jg2tg-1247294052, networkLocation: /default-rack, certSerialId: null}e0c56373-add1-4904-83f3-08b0a755b8ed{ip: 192.168.36.83, host: pr-hdds-2096-jg2tg-1247294052, networkLocation: /default-rack, certSerialId: null}9bb405f0-f563-4579-83ea-0bbe163a9fbc{ip: 192.168.36.83, host: pr-hdds-2096-jg2tg-1247294052, networkLocation: /default-rack, certSerialId: null}, Type:RATIS, Factor:THREE, State:CLOSED]
2019-09-11 20:07:56,933 [java.util.concurrent.ThreadPoolExecutor$Worker@39cc96d6[State = -1, empty queue]] WARN  server.GrpcLogAppender (GrpcLogAppender.java:timeoutAppendRequest(200)) - 9bb405f0-f563-4579-83ea-0bbe163a9fbc@group-C7A422292FA5->e0c56373-add1-4904-83f3-08b0a755b8ed-GrpcLogAppender: appendEntries Timeout, request=9bb405f0-f563-4579-83ea-0bbe163a9fbc->e0c56373-add1-4904-83f3-08b0a755b8ed#83-t1, previous=(t:1, i:13), leaderCommit=6, initializing? false, entries: <empty>
2019-09-11 20:07:56,933 [java.util.concurrent.ThreadPoolExecutor$Worker@3aabbd53[State = -1, empty queue]] WARN  server.GrpcLogAppender (GrpcLogAppender.java:timeoutAppendRequest(200)) - 9bb405f0-f563-4579-83ea-0bbe163a9fbc@group-C7A422292FA5->802f7a56-3ac2-455e-92a2-71244eb20cf7-GrpcLogAppender: appendEntries Timeout, request=9bb405f0-f563-4579-83ea-0bbe163a9fbc->802f7a56-3ac2-455e-92a2-71244eb20cf7#83-t1, previous=(t:1, i:13), leaderCommit=6, initializing? false, entries: <empty>
2019-09-11 20:07:58,425 [grpc-default-executor-1] INFO  client.GrpcClientProtocolClient (GrpcClientProtocolClient.java:onNext(264)) - client-FE03BA7EFCF8->e0c56373-add1-4904-83f3-08b0a755b8ed: receive RaftClientReply:client-FE03BA7EFCF8->e0c56373-add1-4904-83f3-08b0a755b8ed@group-C7A422292FA5, cid=134, FAILED org.apache.ratis.protocol.NotLeaderException: Server e0c56373-add1-4904-83f3-08b0a755b8ed@group-C7A422292FA5 is not the leader 9bb405f0-f563-4579-83ea-0bbe163a9fbc:192.168.36.83:46254, logIndex=0, commits[e0c56373-add1-4904-83f3-08b0a755b8ed:c6, 802f7a56-3ac2-455e-92a2-71244eb20cf7:c4, 9bb405f0-f563-4579-83ea-0bbe163a9fbc:c6]
2019-09-11 20:07:58,935 [org.apache.ratis.server.impl.LogAppender$AppenderDaemon$$Lambda$513/1740195529@5858ebf6] ERROR ratis.XceiverServerRatis (XceiverServerRatis.java:triggerPipelineClose(568)) - pipeline Action CLOSE  on pipeline PipelineID=a5e33a2e-eade-4ad2-a9ca-c7a422292fa5.Reason : 9bb405f0-f563-4579-83ea-0bbe163a9fbc has not seen follower/s 802f7a56-3ac2-455e-92a2-71244eb20cf7 for 162281ms e0c56373-add1-4904-83f3-08b0a755b8ed for 162281ms
2019-09-11 20:07:58,935 [org.apache.ratis.server.impl.LogAppender$AppenderDaemon$$Lambda$513/1740195529@5f17ede1] ERROR ratis.XceiverServerRatis (XceiverServerRatis.java:triggerPipelineClose(568)) - pipeline Action CLOSE  on pipeline PipelineID=a5e33a2e-eade-4ad2-a9ca-c7a422292fa5.Reason : 9bb405f0-f563-4579-83ea-0bbe163a9fbc has not seen follower/s 802f7a56-3ac2-455e-92a2-71244eb20cf7 for 162281ms e0c56373-add1-4904-83f3-08b0a755b8ed for 162281ms
2019-09-11 20:07:59,434 [java.util.concurrent.ThreadPoolExecutor$Worker@39cc96d6[State = -1, empty queue]] WARN  server.GrpcLogAppender (GrpcLogAppender.java:timeoutAppendRequest(200)) - 9bb405f0-f563-4579-83ea-0bbe163a9fbc@group-C7A422292FA5->e0c56373-add1-4904-83f3-08b0a755b8ed-GrpcLogAppender: appendEntries Timeout, request=9bb405f0-f563-4579-83ea-0bbe163a9fbc->e0c56373-add1-4904-83f3-08b0a755b8ed#84-t1, previous=(t:1, i:13), leaderCommit=6, initializing? false, entries: <empty>
2019-09-11 20:07:59,434 [java.util.concurrent.ThreadPoolExecutor$Worker@3aabbd53[State = -1, empty queue]] WARN  server.GrpcLogAppender (GrpcLogAppender.java:timeoutAppendRequest(200)) - 9bb405f0-f563-4579-83ea-0bbe163a9fbc@group-C7A422292FA5->802f7a56-3ac2-455e-92a2-71244eb20cf7-GrpcLogAppender: appendEntries Timeout, request=9bb405f0-f563-4579-83ea-0bbe163a9fbc->802f7a56-3ac2-455e-92a2-71244eb20cf7#84-t1, previous=(t:1, i:13), leaderCommit=6, initializing? false, entries: <empty>
2019-09-11 20:07:59,917 [EventQueue-PipelineActionsForPipelineActionHandler] ERROR pipeline.PipelineActionHandler (PipelineActionHandler.java:onMessage(60)) - Received pipeline action CLOSE for Pipeline[ Id: a5e33a2e-eade-4ad2-a9ca-c7a422292fa5, Nodes: 802f7a56-3ac2-455e-92a2-71244eb20cf7{ip: 192.168.36.83, host: pr-hdds-2096-jg2tg-1247294052, networkLocation: /default-rack, certSerialId: null}e0c56373-add1-4904-83f3-08b0a755b8ed{ip: 192.168.36.83, host: pr-hdds-2096-jg2tg-1247294052, networkLocation: /default-rack, certSerialId: null}9bb405f0-f563-4579-83ea-0bbe163a9fbc{ip: 192.168.36.83, host: pr-hdds-2096-jg2tg-1247294052, networkLocation: /default-rack, certSerialId: null}, Type:RATIS, Factor:THREE, State:CLOSED] from datanode 9bb405f0-f563-4579-83ea-0bbe163a9fbc{ip: 192.168.36.83, host: pr-hdds-2096-jg2tg-1247294052, networkLocation: /default-rack, certSerialId: null}. Reason : 9bb405f0-f563-4579-83ea-0bbe163a9fbc has not seen follower/s 802f7a56-3ac2-455e-92a2-71244eb20cf7 for 162281ms e0c56373-add1-4904-83f3-08b0a755b8ed for 162281ms
2019-09-11 20:07:59,917 [EventQueue-PipelineActionsForPipelineActionHandler] INFO  pipeline.SCMPipelineManager (SCMPipelineManager.java:finalizeAndDestroyPipeline(311)) - destroying pipeline:Pipeline[ Id: a5e33a2e-eade-4ad2-a9ca-c7a422292fa5, Nodes: 802f7a56-3ac2-455e-92a2-71244eb20cf7{ip: 192.168.36.83, host: pr-hdds-2096-jg2tg-1247294052, networkLocation: /default-rack, certSerialId: null}e0c56373-add1-4904-83f3-08b0a755b8ed{ip: 192.168.36.83, host: pr-hdds-2096-jg2tg-1247294052, networkLocation: /default-rack, certSerialId: null}9bb405f0-f563-4579-83ea-0bbe163a9fbc{ip: 192.168.36.83, host: pr-hdds-2096-jg2tg-1247294052, networkLocation: /default-rack, certSerialId: null}, Type:RATIS, Factor:THREE, State:CLOSED]
2019-09-11 20:08:01,436 [org.apache.ratis.server.impl.LogAppender$AppenderDaemon$$Lambda$513/1740195529@5f17ede1] ERROR ratis.XceiverServerRatis (XceiverServerRatis.java:triggerPipelineClose(568)) - pipeline Action CLOSE  on pipeline PipelineID=a5e33a2e-eade-4ad2-a9ca-c7a422292fa5.Reason : 9bb405f0-f563-4579-83ea-0bbe163a9fbc has not seen follower/s 802f7a56-3ac2-455e-92a2-71244eb20cf7 for 164782ms e0c56373-add1-4904-83f3-08b0a755b8ed for 164782ms
2019-09-11 20:08:01,436 [org.apache.ratis.server.impl.LogAppender$AppenderDaemon$$Lambda$513/1740195529@5858ebf6] ERROR ratis.XceiverServerRatis (XceiverServerRatis.java:triggerPipelineClose(568)) - pipeline Action CLOSE  on pipeline PipelineID=a5e33a2e-eade-4ad2-a9ca-c7a422292fa5.Reason : 9bb405f0-f563-4579-83ea-0bbe163a9fbc has not seen follower/s 802f7a56-3ac2-455e-92a2-71244eb20cf7 for 164782ms e0c56373-add1-4904-83f3-08b0a755b8ed for 164782ms
2019-09-11 20:08:01,916 [EventQueue-PipelineActionsForPipelineActionHandler] ERROR pipeline.PipelineActionHandler (PipelineActionHandler.java:onMessage(60)) - Received pipeline action CLOSE for Pipeline[ Id: a5e33a2e-eade-4ad2-a9ca-c7a422292fa5, Nodes: 802f7a56-3ac2-455e-92a2-71244eb20cf7{ip: 192.168.36.83, host: pr-hdds-2096-jg2tg-1247294052, networkLocation: /default-rack, certSerialId: null}e0c56373-add1-4904-83f3-08b0a755b8ed{ip: 192.168.36.83, host: pr-hdds-2096-jg2tg-1247294052, networkLocation: /default-rack, certSerialId: null}9bb405f0-f563-4579-83ea-0bbe163a9fbc{ip: 192.168.36.83, host: pr-hdds-2096-jg2tg-1247294052, networkLocation: /default-rack, certSerialId: null}, Type:RATIS, Factor:THREE, State:CLOSED] from datanode 9bb405f0-f563-4579-83ea-0bbe163a9fbc{ip: 192.168.36.83, host: pr-hdds-2096-jg2tg-1247294052, networkLocation: /default-rack, certSerialId: null}. Reason : 9bb405f0-f563-4579-83ea-0bbe163a9fbc has not seen follower/s 802f7a56-3ac2-455e-92a2-71244eb20cf7 for 164782ms e0c56373-add1-4904-83f3-08b0a755b8ed for 164782ms
2019-09-11 20:08:01,916 [EventQueue-PipelineActionsForPipelineActionHandler] INFO  pipeline.SCMPipelineManager (SCMPipelineManager.java:finalizeAndDestroyPipeline(311)) - destroying pipeline:Pipeline[ Id: a5e33a2e-eade-4ad2-a9ca-c7a422292fa5, Nodes: 802f7a56-3ac2-455e-92a2-71244eb20cf7{ip: 192.168.36.83, host: pr-hdds-2096-jg2tg-1247294052, networkLocation: /default-rack, certSerialId: null}e0c56373-add1-4904-83f3-08b0a755b8ed{ip: 192.168.36.83, host: pr-hdds-2096-jg2tg-1247294052, networkLocation: /default-rack, certSerialId: null}9bb405f0-f563-4579-83ea-0bbe163a9fbc{ip: 192.168.36.83, host: pr-hdds-2096-jg2tg-1247294052, networkLocation: /default-rack, certSerialId: null}, Type:RATIS, Factor:THREE, State:CLOSED]
2019-09-11 20:08:01,934 [java.util.concurrent.ThreadPoolExecutor$Worker@39cc96d6[State = -1, empty queue]] WARN  server.GrpcLogAppender (GrpcLogAppender.java:timeoutAppendRequest(200)) - 9bb405f0-f563-4579-83ea-0bbe163a9fbc@group-C7A422292FA5->e0c56373-add1-4904-83f3-08b0a755b8ed-GrpcLogAppender: appendEntries Timeout, request=9bb405f0-f563-4579-83ea-0bbe163a9fbc->e0c56373-add1-4904-83f3-08b0a755b8ed#85-t1, previous=(t:1, i:13), leaderCommit=6, initializing? false, entries: <empty>
2019-09-11 20:08:01,934 [java.util.concurrent.ThreadPoolExecutor$Worker@3aabbd53[State = -1, empty queue]] WARN  server.GrpcLogAppender (GrpcLogAppender.java:timeoutAppendRequest(200)) - 9bb405f0-f563-4579-83ea-0bbe163a9fbc@group-C7A422292FA5->802f7a56-3ac2-455e-92a2-71244eb20cf7-GrpcLogAppender: appendEntries Timeout, request=9bb405f0-f563-4579-83ea-0bbe163a9fbc->802f7a56-3ac2-455e-92a2-71244eb20cf7#85-t1, previous=(t:1, i:13), leaderCommit=6, initializing? false, entries: <empty>
2019-09-11 20:08:03,471 [grpc-default-executor-1] INFO  client.GrpcClientProtocolClient (GrpcClientProtocolClient.java:onNext(264)) - client-FE03BA7EFCF8->802f7a56-3ac2-455e-92a2-71244eb20cf7: receive RaftClientReply:client-FE03BA7EFCF8->802f7a56-3ac2-455e-92a2-71244eb20cf7@group-C7A422292FA5, cid=134, FAILED org.apache.ratis.protocol.NotLeaderException: Server 802f7a56-3ac2-455e-92a2-71244eb20cf7@group-C7A422292FA5 is not the leader 9bb405f0-f563-4579-83ea-0bbe163a9fbc:192.168.36.83:46254, logIndex=0, commits[802f7a56-3ac2-455e-92a2-71244eb20cf7:c6, 9bb405f0-f563-4579-83ea-0bbe163a9fbc:c6, e0c56373-add1-4904-83f3-08b0a755b8ed:c4]
2019-09-11 20:08:03,937 [org.apache.ratis.server.impl.LogAppender$AppenderDaemon$$Lambda$513/1740195529@5f17ede1] ERROR ratis.XceiverServerRatis (XceiverServerRatis.java:triggerPipelineClose(568)) - pipeline Action CLOSE  on pipeline PipelineID=a5e33a2e-eade-4ad2-a9ca-c7a422292fa5.Reason : 9bb405f0-f563-4579-83ea-0bbe163a9fbc has not seen follower/s 802f7a56-3ac2-455e-92a2-71244eb20cf7 for 167284ms e0c56373-add1-4904-83f3-08b0a755b8ed for 167283ms
2019-09-11 20:08:03,937 [org.apache.ratis.server.impl.LogAppender$AppenderDaemon$$Lambda$513/1740195529@5858ebf6] ERROR ratis.XceiverServerRatis (XceiverServerRatis.java:triggerPipelineClose(568)) - pipeline Action CLOSE  on pipeline PipelineID=a5e33a2e-eade-4ad2-a9ca-c7a422292fa5.Reason : 9bb405f0-f563-4579-83ea-0bbe163a9fbc has not seen follower/s 802f7a56-3ac2-455e-92a2-71244eb20cf7 for 167284ms e0c56373-add1-4904-83f3-08b0a755b8ed for 167283ms
2019-09-11 20:08:04,435 [java.util.concurrent.ThreadPoolExecutor$Worker@39cc96d6[State = -1, empty queue]] WARN  server.GrpcLogAppender (GrpcLogAppender.java:timeoutAppendRequest(200)) - 9bb405f0-f563-4579-83ea-0bbe163a9fbc@group-C7A422292FA5->e0c56373-add1-4904-83f3-08b0a755b8ed-GrpcLogAppender: appendEntries Timeout, request=9bb405f0-f563-4579-83ea-0bbe163a9fbc->e0c56373-add1-4904-83f3-08b0a755b8ed#86-t1, previous=(t:1, i:13), leaderCommit=6, initializing? false, entries: <empty>
2019-09-11 20:08:04,436 [java.util.concurrent.ThreadPoolExecutor$Worker@3aabbd53[State = -1, empty queue]] WARN  server.GrpcLogAppender (GrpcLogAppender.java:timeoutAppendRequest(200)) - 9bb405f0-f563-4579-83ea-0bbe163a9fbc@group-C7A422292FA5->802f7a56-3ac2-455e-92a2-71244eb20cf7-GrpcLogAppender: appendEntries Timeout, request=9bb405f0-f563-4579-83ea-0bbe163a9fbc->802f7a56-3ac2-455e-92a2-71244eb20cf7#86-t1, previous=(t:1, i:13), leaderCommit=6, initializing? false, entries: <empty>
2019-09-11 20:08:04,916 [EventQueue-PipelineActionsForPipelineActionHandler] ERROR pipeline.PipelineActionHandler (PipelineActionHandler.java:onMessage(60)) - Received pipeline action CLOSE for Pipeline[ Id: a5e33a2e-eade-4ad2-a9ca-c7a422292fa5, Nodes: 802f7a56-3ac2-455e-92a2-71244eb20cf7{ip: 192.168.36.83, host: pr-hdds-2096-jg2tg-1247294052, networkLocation: /default-rack, certSerialId: null}e0c56373-add1-4904-83f3-08b0a755b8ed{ip: 192.168.36.83, host: pr-hdds-2096-jg2tg-1247294052, networkLocation: /default-rack, certSerialId: null}9bb405f0-f563-4579-83ea-0bbe163a9fbc{ip: 192.168.36.83, host: pr-hdds-2096-jg2tg-1247294052, networkLocation: /default-rack, certSerialId: null}, Type:RATIS, Factor:THREE, State:CLOSED] from datanode 9bb405f0-f563-4579-83ea-0bbe163a9fbc{ip: 192.168.36.83, host: pr-hdds-2096-jg2tg-1247294052, networkLocation: /default-rack, certSerialId: null}. Reason : 9bb405f0-f563-4579-83ea-0bbe163a9fbc has not seen follower/s 802f7a56-3ac2-455e-92a2-71244eb20cf7 for 167284ms e0c56373-add1-4904-83f3-08b0a755b8ed for 167283ms
2019-09-11 20:08:04,917 [EventQueue-PipelineActionsForPipelineActionHandler] INFO  pipeline.SCMPipelineManager (SCMPipelineManager.java:finalizeAndDestroyPipeline(311)) - destroying pipeline:Pipeline[ Id: a5e33a2e-eade-4ad2-a9ca-c7a422292fa5, Nodes: 802f7a56-3ac2-455e-92a2-71244eb20cf7{ip: 192.168.36.83, host: pr-hdds-2096-jg2tg-1247294052, networkLocation: /default-rack, certSerialId: null}e0c56373-add1-4904-83f3-08b0a755b8ed{ip: 192.168.36.83, host: pr-hdds-2096-jg2tg-1247294052, networkLocation: /default-rack, certSerialId: null}9bb405f0-f563-4579-83ea-0bbe163a9fbc{ip: 192.168.36.83, host: pr-hdds-2096-jg2tg-1247294052, networkLocation: /default-rack, certSerialId: null}, Type:RATIS, Factor:THREE, State:CLOSED]
2019-09-11 20:08:06,438 [org.apache.ratis.server.impl.LogAppender$AppenderDaemon$$Lambda$513/1740195529@5858ebf6] ERROR ratis.XceiverServerRatis (XceiverServerRatis.java:triggerPipelineClose(568)) - pipeline Action CLOSE  on pipeline PipelineID=a5e33a2e-eade-4ad2-a9ca-c7a422292fa5.Reason : 9bb405f0-f563-4579-83ea-0bbe163a9fbc has not seen follower/s 802f7a56-3ac2-455e-92a2-71244eb20cf7 for 169785ms e0c56373-add1-4904-83f3-08b0a755b8ed for 169785ms
2019-09-11 20:08:06,438 [org.apache.ratis.server.impl.LogAppender$AppenderDaemon$$Lambda$513/1740195529@5f17ede1] ERROR ratis.XceiverServerRatis (XceiverServerRatis.java:triggerPipelineClose(568)) - pipeline Action CLOSE  on pipeline PipelineID=a5e33a2e-eade-4ad2-a9ca-c7a422292fa5.Reason : 9bb405f0-f563-4579-83ea-0bbe163a9fbc has not seen follower/s 802f7a56-3ac2-455e-92a2-71244eb20cf7 for 169785ms e0c56373-add1-4904-83f3-08b0a755b8ed for 169785ms
2019-09-11 20:08:06,765 [e0c56373-add1-4904-83f3-08b0a755b8ed@group-C7A422292FA5-SegmentedRaftLogWorker] WARN  segmented.SegmentedRaftLogWorker (SegmentedRaftLogWorker.java:getFromFuture(90)) - Timeout 16/~
org.apache.ratis.protocol.TimeoutIOException: Timeout 10s: WriteLog:7: (t:1, i:7), STATEMACHINELOGENTRY, client-FE03BA7EFCF8, cid=134-writeStateMachineData
	at org.apache.ratis.util.IOUtils.getFromFuture(IOUtils.java:87)
	at org.apache.ratis.server.raftlog.segmented.SegmentedRaftLogWorker$StateMachineDataPolicy.getFromFuture(SegmentedRaftLogWorker.java:87)
	at org.apache.ratis.server.raftlog.segmented.SegmentedRaftLogWorker$WriteLog.execute(SegmentedRaftLogWorker.java:477)
	at org.apache.ratis.server.raftlog.segmented.SegmentedRaftLogWorker.run(SegmentedRaftLogWorker.java:289)
	at java.lang.Thread.run(Thread.java:748)
Caused by: java.util.concurrent.TimeoutException
	at java.util.concurrent.CompletableFuture.timedGet(CompletableFuture.java:1771)
	at java.util.concurrent.CompletableFuture.get(CompletableFuture.java:1915)
	at org.apache.ratis.util.IOUtils.getFromFuture(IOUtils.java:79)
	... 4 more
2019-09-11 20:08:06,902 [9bb405f0-f563-4579-83ea-0bbe163a9fbc@group-C7A422292FA5-SegmentedRaftLogWorker] WARN  segmented.SegmentedRaftLogWorker (SegmentedRaftLogWorker.java:getFromFuture(90)) - Timeout 16/~
org.apache.ratis.protocol.TimeoutIOException: Timeout 10s: WriteLog:8: (t:1, i:8), STATEMACHINELOGENTRY, client-FE03BA7EFCF8, cid=135-writeStateMachineData
	at org.apache.ratis.util.IOUtils.getFromFuture(IOUtils.java:87)
	at org.apache.ratis.server.raftlog.segmented.SegmentedRaftLogWorker$StateMachineDataPolicy.getFromFuture(SegmentedRaftLogWorker.java:87)
	at org.apache.ratis.server.raftlog.segmented.SegmentedRaftLogWorker$WriteLog.execute(SegmentedRaftLogWorker.java:477)
	at org.apache.ratis.server.raftlog.segmented.SegmentedRaftLogWorker.run(SegmentedRaftLogWorker.java:289)
	at java.lang.Thread.run(Thread.java:748)
Caused by: java.util.concurrent.TimeoutException
	at java.util.concurrent.CompletableFuture.timedGet(CompletableFuture.java:1771)
	at java.util.concurrent.CompletableFuture.get(CompletableFuture.java:1915)
	at org.apache.ratis.util.IOUtils.getFromFuture(IOUtils.java:79)
	... 4 more
2019-09-11 20:08:06,902 [802f7a56-3ac2-455e-92a2-71244eb20cf7@group-C7A422292FA5-SegmentedRaftLogWorker] WARN  segmented.SegmentedRaftLogWorker (SegmentedRaftLogWorker.java:getFromFuture(90)) - Timeout 16/~
org.apache.ratis.protocol.TimeoutIOException: Timeout 10s: WriteLog:8: (t:1, i:8), STATEMACHINELOGENTRY, client-FE03BA7EFCF8, cid=135-writeStateMachineData
	at org.apache.ratis.util.IOUtils.getFromFuture(IOUtils.java:87)
	at org.apache.ratis.server.raftlog.segmented.SegmentedRaftLogWorker$StateMachineDataPolicy.getFromFuture(SegmentedRaftLogWorker.java:87)
	at org.apache.ratis.server.raftlog.segmented.SegmentedRaftLogWorker$WriteLog.execute(SegmentedRaftLogWorker.java:477)
	at org.apache.ratis.server.raftlog.segmented.SegmentedRaftLogWorker.run(SegmentedRaftLogWorker.java:289)
	at java.lang.Thread.run(Thread.java:748)
Caused by: java.util.concurrent.TimeoutException
	at java.util.concurrent.CompletableFuture.timedGet(CompletableFuture.java:1771)
	at java.util.concurrent.CompletableFuture.get(CompletableFuture.java:1915)
	at org.apache.ratis.util.IOUtils.getFromFuture(IOUtils.java:79)
	... 4 more
2019-09-11 20:08:06,917 [EventQueue-PipelineActionsForPipelineActionHandler] ERROR pipeline.PipelineActionHandler (PipelineActionHandler.java:onMessage(60)) - Received pipeline action CLOSE for Pipeline[ Id: a5e33a2e-eade-4ad2-a9ca-c7a422292fa5, Nodes: 802f7a56-3ac2-455e-92a2-71244eb20cf7{ip: 192.168.36.83, host: pr-hdds-2096-jg2tg-1247294052, networkLocation: /default-rack, certSerialId: null}e0c56373-add1-4904-83f3-08b0a755b8ed{ip: 192.168.36.83, host: pr-hdds-2096-jg2tg-1247294052, networkLocation: /default-rack, certSerialId: null}9bb405f0-f563-4579-83ea-0bbe163a9fbc{ip: 192.168.36.83, host: pr-hdds-2096-jg2tg-1247294052, networkLocation: /default-rack, certSerialId: null}, Type:RATIS, Factor:THREE, State:CLOSED] from datanode 9bb405f0-f563-4579-83ea-0bbe163a9fbc{ip: 192.168.36.83, host: pr-hdds-2096-jg2tg-1247294052, networkLocation: /default-rack, certSerialId: null}. Reason : 9bb405f0-f563-4579-83ea-0bbe163a9fbc has not seen follower/s 802f7a56-3ac2-455e-92a2-71244eb20cf7 for 169785ms e0c56373-add1-4904-83f3-08b0a755b8ed for 169785ms
2019-09-11 20:08:06,918 [EventQueue-PipelineActionsForPipelineActionHandler] INFO  pipeline.SCMPipelineManager (SCMPipelineManager.java:finalizeAndDestroyPipeline(311)) - destroying pipeline:Pipeline[ Id: a5e33a2e-eade-4ad2-a9ca-c7a422292fa5, Nodes: 802f7a56-3ac2-455e-92a2-71244eb20cf7{ip: 192.168.36.83, host: pr-hdds-2096-jg2tg-1247294052, networkLocation: /default-rack, certSerialId: null}e0c56373-add1-4904-83f3-08b0a755b8ed{ip: 192.168.36.83, host: pr-hdds-2096-jg2tg-1247294052, networkLocation: /default-rack, certSerialId: null}9bb405f0-f563-4579-83ea-0bbe163a9fbc{ip: 192.168.36.83, host: pr-hdds-2096-jg2tg-1247294052, networkLocation: /default-rack, certSerialId: null}, Type:RATIS, Factor:THREE, State:CLOSED]
2019-09-11 20:08:06,937 [java.util.concurrent.ThreadPoolExecutor$Worker@39cc96d6[State = -1, empty queue]] WARN  server.GrpcLogAppender (GrpcLogAppender.java:timeoutAppendRequest(200)) - 9bb405f0-f563-4579-83ea-0bbe163a9fbc@group-C7A422292FA5->e0c56373-add1-4904-83f3-08b0a755b8ed-GrpcLogAppender: appendEntries Timeout, request=9bb405f0-f563-4579-83ea-0bbe163a9fbc->e0c56373-add1-4904-83f3-08b0a755b8ed#87-t1, previous=(t:1, i:13), leaderCommit=6, initializing? false, entries: <empty>
2019-09-11 20:08:06,937 [java.util.concurrent.ThreadPoolExecutor$Worker@3aabbd53[State = -1, empty queue]] WARN  server.GrpcLogAppender (GrpcLogAppender.java:timeoutAppendRequest(200)) - 9bb405f0-f563-4579-83ea-0bbe163a9fbc@group-C7A422292FA5->802f7a56-3ac2-455e-92a2-71244eb20cf7-GrpcLogAppender: appendEntries Timeout, request=9bb405f0-f563-4579-83ea-0bbe163a9fbc->802f7a56-3ac2-455e-92a2-71244eb20cf7#87-t1, previous=(t:1, i:13), leaderCommit=6, initializing? false, entries: <empty>
2019-09-11 20:08:08,509 [grpc-default-executor-1] INFO  client.GrpcClientProtocolClient (GrpcClientProtocolClient.java:onNext(264)) - client-FE03BA7EFCF8->e0c56373-add1-4904-83f3-08b0a755b8ed: receive RaftClientReply:client-FE03BA7EFCF8->e0c56373-add1-4904-83f3-08b0a755b8ed@group-C7A422292FA5, cid=134, FAILED org.apache.ratis.protocol.NotLeaderException: Server e0c56373-add1-4904-83f3-08b0a755b8ed@group-C7A422292FA5 is not the leader 9bb405f0-f563-4579-83ea-0bbe163a9fbc:192.168.36.83:46254, logIndex=0, commits[e0c56373-add1-4904-83f3-08b0a755b8ed:c6, 802f7a56-3ac2-455e-92a2-71244eb20cf7:c4, 9bb405f0-f563-4579-83ea-0bbe163a9fbc:c6]
2019-09-11 20:08:08,938 [org.apache.ratis.server.impl.LogAppender$AppenderDaemon$$Lambda$513/1740195529@5858ebf6] ERROR ratis.XceiverServerRatis (XceiverServerRatis.java:triggerPipelineClose(568)) - pipeline Action CLOSE  on pipeline PipelineID=a5e33a2e-eade-4ad2-a9ca-c7a422292fa5.Reason : 9bb405f0-f563-4579-83ea-0bbe163a9fbc has not seen follower/s 802f7a56-3ac2-455e-92a2-71244eb20cf7 for 172285ms e0c56373-add1-4904-83f3-08b0a755b8ed for 172285ms
2019-09-11 20:08:08,939 [org.apache.ratis.server.impl.LogAppender$AppenderDaemon$$Lambda$513/1740195529@5f17ede1] ERROR ratis.XceiverServerRatis (XceiverServerRatis.java:triggerPipelineClose(568)) - pipeline Action CLOSE  on pipeline PipelineID=a5e33a2e-eade-4ad2-a9ca-c7a422292fa5.Reason : 9bb405f0-f563-4579-83ea-0bbe163a9fbc has not seen follower/s 802f7a56-3ac2-455e-92a2-71244eb20cf7 for 172285ms e0c56373-add1-4904-83f3-08b0a755b8ed for 172285ms
2019-09-11 20:08:09,438 [java.util.concurrent.ThreadPoolExecutor$Worker@39cc96d6[State = -1, empty queue]] WARN  server.GrpcLogAppender (GrpcLogAppender.java:timeoutAppendRequest(200)) - 9bb405f0-f563-4579-83ea-0bbe163a9fbc@group-C7A422292FA5->e0c56373-add1-4904-83f3-08b0a755b8ed-GrpcLogAppender: appendEntries Timeout, request=9bb405f0-f563-4579-83ea-0bbe163a9fbc->e0c56373-add1-4904-83f3-08b0a755b8ed#88-t1, previous=(t:1, i:13), leaderCommit=6, initializing? false, entries: <empty>
2019-09-11 20:08:09,438 [java.util.concurrent.ThreadPoolExecutor$Worker@3aabbd53[State = -1, empty queue]] WARN  server.GrpcLogAppender (GrpcLogAppender.java:timeoutAppendRequest(200)) - 9bb405f0-f563-4579-83ea-0bbe163a9fbc@group-C7A422292FA5->802f7a56-3ac2-455e-92a2-71244eb20cf7-GrpcLogAppender: appendEntries Timeout, request=9bb405f0-f563-4579-83ea-0bbe163a9fbc->802f7a56-3ac2-455e-92a2-71244eb20cf7#88-t1, previous=(t:1, i:13), leaderCommit=6, initializing? false, entries: <empty>
2019-09-11 20:08:09,918 [EventQueue-PipelineActionsForPipelineActionHandler] ERROR pipeline.PipelineActionHandler (PipelineActionHandler.java:onMessage(60)) - Received pipeline action CLOSE for Pipeline[ Id: a5e33a2e-eade-4ad2-a9ca-c7a422292fa5, Nodes: 802f7a56-3ac2-455e-92a2-71244eb20cf7{ip: 192.168.36.83, host: pr-hdds-2096-jg2tg-1247294052, networkLocation: /default-rack, certSerialId: null}e0c56373-add1-4904-83f3-08b0a755b8ed{ip: 192.168.36.83, host: pr-hdds-2096-jg2tg-1247294052, networkLocation: /default-rack, certSerialId: null}9bb405f0-f563-4579-83ea-0bbe163a9fbc{ip: 192.168.36.83, host: pr-hdds-2096-jg2tg-1247294052, networkLocation: /default-rack, certSerialId: null}, Type:RATIS, Factor:THREE, State:CLOSED] from datanode 9bb405f0-f563-4579-83ea-0bbe163a9fbc{ip: 192.168.36.83, host: pr-hdds-2096-jg2tg-1247294052, networkLocation: /default-rack, certSerialId: null}. Reason : 9bb405f0-f563-4579-83ea-0bbe163a9fbc has not seen follower/s 802f7a56-3ac2-455e-92a2-71244eb20cf7 for 172285ms e0c56373-add1-4904-83f3-08b0a755b8ed for 172285ms
2019-09-11 20:08:09,918 [EventQueue-PipelineActionsForPipelineActionHandler] INFO  pipeline.SCMPipelineManager (SCMPipelineManager.java:finalizeAndDestroyPipeline(311)) - destroying pipeline:Pipeline[ Id: a5e33a2e-eade-4ad2-a9ca-c7a422292fa5, Nodes: 802f7a56-3ac2-455e-92a2-71244eb20cf7{ip: 192.168.36.83, host: pr-hdds-2096-jg2tg-1247294052, networkLocation: /default-rack, certSerialId: null}e0c56373-add1-4904-83f3-08b0a755b8ed{ip: 192.168.36.83, host: pr-hdds-2096-jg2tg-1247294052, networkLocation: /default-rack, certSerialId: null}9bb405f0-f563-4579-83ea-0bbe163a9fbc{ip: 192.168.36.83, host: pr-hdds-2096-jg2tg-1247294052, networkLocation: /default-rack, certSerialId: null}, Type:RATIS, Factor:THREE, State:CLOSED]
2019-09-11 20:08:11,440 [org.apache.ratis.server.impl.LogAppender$AppenderDaemon$$Lambda$513/1740195529@5f17ede1] ERROR ratis.XceiverServerRatis (XceiverServerRatis.java:triggerPipelineClose(568)) - pipeline Action CLOSE  on pipeline PipelineID=a5e33a2e-eade-4ad2-a9ca-c7a422292fa5.Reason : 9bb405f0-f563-4579-83ea-0bbe163a9fbc has not seen follower/s 802f7a56-3ac2-455e-92a2-71244eb20cf7 for 174786ms e0c56373-add1-4904-83f3-08b0a755b8ed for 174786ms
2019-09-11 20:08:11,440 [org.apache.ratis.server.impl.LogAppender$AppenderDaemon$$Lambda$513/1740195529@5858ebf6] ERROR ratis.XceiverServerRatis (XceiverServerRatis.java:triggerPipelineClose(568)) - pipeline Action CLOSE  on pipeline PipelineID=a5e33a2e-eade-4ad2-a9ca-c7a422292fa5.Reason : 9bb405f0-f563-4579-83ea-0bbe163a9fbc has not seen follower/s 802f7a56-3ac2-455e-92a2-71244eb20cf7 for 174786ms e0c56373-add1-4904-83f3-08b0a755b8ed for 174786ms
2019-09-11 20:08:11,918 [EventQueue-PipelineActionsForPipelineActionHandler] ERROR pipeline.PipelineActionHandler (PipelineActionHandler.java:onMessage(60)) - Received pipeline action CLOSE for Pipeline[ Id: a5e33a2e-eade-4ad2-a9ca-c7a422292fa5, Nodes: 802f7a56-3ac2-455e-92a2-71244eb20cf7{ip: 192.168.36.83, host: pr-hdds-2096-jg2tg-1247294052, networkLocation: /default-rack, certSerialId: null}e0c56373-add1-4904-83f3-08b0a755b8ed{ip: 192.168.36.83, host: pr-hdds-2096-jg2tg-1247294052, networkLocation: /default-rack, certSerialId: null}9bb405f0-f563-4579-83ea-0bbe163a9fbc{ip: 192.168.36.83, host: pr-hdds-2096-jg2tg-1247294052, networkLocation: /default-rack, certSerialId: null}, Type:RATIS, Factor:THREE, State:CLOSED] from datanode 9bb405f0-f563-4579-83ea-0bbe163a9fbc{ip: 192.168.36.83, host: pr-hdds-2096-jg2tg-1247294052, networkLocation: /default-rack, certSerialId: null}. Reason : 9bb405f0-f563-4579-83ea-0bbe163a9fbc has not seen follower/s 802f7a56-3ac2-455e-92a2-71244eb20cf7 for 174786ms e0c56373-add1-4904-83f3-08b0a755b8ed for 174786ms
2019-09-11 20:08:11,918 [EventQueue-PipelineActionsForPipelineActionHandler] INFO  pipeline.SCMPipelineManager (SCMPipelineManager.java:finalizeAndDestroyPipeline(311)) - destroying pipeline:Pipeline[ Id: a5e33a2e-eade-4ad2-a9ca-c7a422292fa5, Nodes: 802f7a56-3ac2-455e-92a2-71244eb20cf7{ip: 192.168.36.83, host: pr-hdds-2096-jg2tg-1247294052, networkLocation: /default-rack, certSerialId: null}e0c56373-add1-4904-83f3-08b0a755b8ed{ip: 192.168.36.83, host: pr-hdds-2096-jg2tg-1247294052, networkLocation: /default-rack, certSerialId: null}9bb405f0-f563-4579-83ea-0bbe163a9fbc{ip: 192.168.36.83, host: pr-hdds-2096-jg2tg-1247294052, networkLocation: /default-rack, certSerialId: null}, Type:RATIS, Factor:THREE, State:CLOSED]
2019-09-11 20:08:11,938 [java.util.concurrent.ThreadPoolExecutor$Worker@3aabbd53[State = -1, empty queue]] WARN  server.GrpcLogAppender (GrpcLogAppender.java:timeoutAppendRequest(200)) - 9bb405f0-f563-4579-83ea-0bbe163a9fbc@group-C7A422292FA5->802f7a56-3ac2-455e-92a2-71244eb20cf7-GrpcLogAppender: appendEntries Timeout, request=9bb405f0-f563-4579-83ea-0bbe163a9fbc->802f7a56-3ac2-455e-92a2-71244eb20cf7#89-t1, previous=(t:1, i:13), leaderCommit=6, initializing? false, entries: <empty>
2019-09-11 20:08:11,938 [java.util.concurrent.ThreadPoolExecutor$Worker@39cc96d6[State = -1, empty queue]] WARN  server.GrpcLogAppender (GrpcLogAppender.java:timeoutAppendRequest(200)) - 9bb405f0-f563-4579-83ea-0bbe163a9fbc@group-C7A422292FA5->e0c56373-add1-4904-83f3-08b0a755b8ed-GrpcLogAppender: appendEntries Timeout, request=9bb405f0-f563-4579-83ea-0bbe163a9fbc->e0c56373-add1-4904-83f3-08b0a755b8ed#89-t1, previous=(t:1, i:13), leaderCommit=6, initializing? false, entries: <empty>
2019-09-11 20:08:13,576 [grpc-default-executor-1] INFO  client.GrpcClientProtocolClient (GrpcClientProtocolClient.java:onNext(264)) - client-FE03BA7EFCF8->802f7a56-3ac2-455e-92a2-71244eb20cf7: receive RaftClientReply:client-FE03BA7EFCF8->802f7a56-3ac2-455e-92a2-71244eb20cf7@group-C7A422292FA5, cid=134, FAILED org.apache.ratis.protocol.NotLeaderException: Server 802f7a56-3ac2-455e-92a2-71244eb20cf7@group-C7A422292FA5 is not the leader 9bb405f0-f563-4579-83ea-0bbe163a9fbc:192.168.36.83:46254, logIndex=0, commits[802f7a56-3ac2-455e-92a2-71244eb20cf7:c6, 9bb405f0-f563-4579-83ea-0bbe163a9fbc:c6, e0c56373-add1-4904-83f3-08b0a755b8ed:c4]
2019-09-11 20:08:13,942 [org.apache.ratis.server.impl.LogAppender$AppenderDaemon$$Lambda$513/1740195529@5f17ede1] ERROR ratis.XceiverServerRatis (XceiverServerRatis.java:triggerPipelineClose(568)) - pipeline Action CLOSE  on pipeline PipelineID=a5e33a2e-eade-4ad2-a9ca-c7a422292fa5.Reason : 9bb405f0-f563-4579-83ea-0bbe163a9fbc has not seen follower/s 802f7a56-3ac2-455e-92a2-71244eb20cf7 for 177288ms e0c56373-add1-4904-83f3-08b0a755b8ed for 177288ms
2019-09-11 20:08:13,942 [org.apache.ratis.server.impl.LogAppender$AppenderDaemon$$Lambda$513/1740195529@5858ebf6] ERROR ratis.XceiverServerRatis (XceiverServerRatis.java:triggerPipelineClose(568)) - pipeline Action CLOSE  on pipeline PipelineID=a5e33a2e-eade-4ad2-a9ca-c7a422292fa5.Reason : 9bb405f0-f563-4579-83ea-0bbe163a9fbc has not seen follower/s 802f7a56-3ac2-455e-92a2-71244eb20cf7 for 177288ms e0c56373-add1-4904-83f3-08b0a755b8ed for 177288ms
2019-09-11 20:08:14,440 [java.util.concurrent.ThreadPoolExecutor$Worker@39cc96d6[State = -1, empty queue]] WARN  server.GrpcLogAppender (GrpcLogAppender.java:timeoutAppendRequest(200)) - 9bb405f0-f563-4579-83ea-0bbe163a9fbc@group-C7A422292FA5->e0c56373-add1-4904-83f3-08b0a755b8ed-GrpcLogAppender: appendEntries Timeout, request=9bb405f0-f563-4579-83ea-0bbe163a9fbc->e0c56373-add1-4904-83f3-08b0a755b8ed#90-t1, previous=(t:1, i:13), leaderCommit=6, initializing? false, entries: <empty>
2019-09-11 20:08:14,440 [java.util.concurrent.ThreadPoolExecutor$Worker@3aabbd53[State = -1, empty queue]] WARN  server.GrpcLogAppender (GrpcLogAppender.java:timeoutAppendRequest(200)) - 9bb405f0-f563-4579-83ea-0bbe163a9fbc@group-C7A422292FA5->802f7a56-3ac2-455e-92a2-71244eb20cf7-GrpcLogAppender: appendEntries Timeout, request=9bb405f0-f563-4579-83ea-0bbe163a9fbc->802f7a56-3ac2-455e-92a2-71244eb20cf7#90-t1, previous=(t:1, i:13), leaderCommit=6, initializing? false, entries: <empty>
2019-09-11 20:08:14,918 [EventQueue-PipelineActionsForPipelineActionHandler] ERROR pipeline.PipelineActionHandler (PipelineActionHandler.java:onMessage(60)) - Received pipeline action CLOSE for Pipeline[ Id: a5e33a2e-eade-4ad2-a9ca-c7a422292fa5, Nodes: 802f7a56-3ac2-455e-92a2-71244eb20cf7{ip: 192.168.36.83, host: pr-hdds-2096-jg2tg-1247294052, networkLocation: /default-rack, certSerialId: null}e0c56373-add1-4904-83f3-08b0a755b8ed{ip: 192.168.36.83, host: pr-hdds-2096-jg2tg-1247294052, networkLocation: /default-rack, certSerialId: null}9bb405f0-f563-4579-83ea-0bbe163a9fbc{ip: 192.168.36.83, host: pr-hdds-2096-jg2tg-1247294052, networkLocation: /default-rack, certSerialId: null}, Type:RATIS, Factor:THREE, State:CLOSED] from datanode 9bb405f0-f563-4579-83ea-0bbe163a9fbc{ip: 192.168.36.83, host: pr-hdds-2096-jg2tg-1247294052, networkLocation: /default-rack, certSerialId: null}. Reason : 9bb405f0-f563-4579-83ea-0bbe163a9fbc has not seen follower/s 802f7a56-3ac2-455e-92a2-71244eb20cf7 for 177288ms e0c56373-add1-4904-83f3-08b0a755b8ed for 177288ms
2019-09-11 20:08:14,918 [EventQueue-PipelineActionsForPipelineActionHandler] INFO  pipeline.SCMPipelineManager (SCMPipelineManager.java:finalizeAndDestroyPipeline(311)) - destroying pipeline:Pipeline[ Id: a5e33a2e-eade-4ad2-a9ca-c7a422292fa5, Nodes: 802f7a56-3ac2-455e-92a2-71244eb20cf7{ip: 192.168.36.83, host: pr-hdds-2096-jg2tg-1247294052, networkLocation: /default-rack, certSerialId: null}e0c56373-add1-4904-83f3-08b0a755b8ed{ip: 192.168.36.83, host: pr-hdds-2096-jg2tg-1247294052, networkLocation: /default-rack, certSerialId: null}9bb405f0-f563-4579-83ea-0bbe163a9fbc{ip: 192.168.36.83, host: pr-hdds-2096-jg2tg-1247294052, networkLocation: /default-rack, certSerialId: null}, Type:RATIS, Factor:THREE, State:CLOSED]
2019-09-11 20:08:16,444 [org.apache.ratis.server.impl.LogAppender$AppenderDaemon$$Lambda$513/1740195529@5f17ede1] ERROR ratis.XceiverServerRatis (XceiverServerRatis.java:triggerPipelineClose(568)) - pipeline Action CLOSE  on pipeline PipelineID=a5e33a2e-eade-4ad2-a9ca-c7a422292fa5.Reason : 9bb405f0-f563-4579-83ea-0bbe163a9fbc has not seen follower/s 802f7a56-3ac2-455e-92a2-71244eb20cf7 for 179790ms e0c56373-add1-4904-83f3-08b0a755b8ed for 179790ms
2019-09-11 20:08:16,444 [org.apache.ratis.server.impl.LogAppender$AppenderDaemon$$Lambda$513/1740195529@5858ebf6] ERROR ratis.XceiverServerRatis (XceiverServerRatis.java:triggerPipelineClose(568)) - pipeline Action CLOSE  on pipeline PipelineID=a5e33a2e-eade-4ad2-a9ca-c7a422292fa5.Reason : 9bb405f0-f563-4579-83ea-0bbe163a9fbc has not seen follower/s 802f7a56-3ac2-455e-92a2-71244eb20cf7 for 179790ms e0c56373-add1-4904-83f3-08b0a755b8ed for 179790ms
2019-09-11 20:08:16,767 [e0c56373-add1-4904-83f3-08b0a755b8ed@group-C7A422292FA5-SegmentedRaftLogWorker] WARN  segmented.SegmentedRaftLogWorker (SegmentedRaftLogWorker.java:getFromFuture(90)) - Timeout 17/~
org.apache.ratis.protocol.TimeoutIOException: Timeout 10s: WriteLog:7: (t:1, i:7), STATEMACHINELOGENTRY, client-FE03BA7EFCF8, cid=134-writeStateMachineData
	at org.apache.ratis.util.IOUtils.getFromFuture(IOUtils.java:87)
	at org.apache.ratis.server.raftlog.segmented.SegmentedRaftLogWorker$StateMachineDataPolicy.getFromFuture(SegmentedRaftLogWorker.java:87)
	at org.apache.ratis.server.raftlog.segmented.SegmentedRaftLogWorker$WriteLog.execute(SegmentedRaftLogWorker.java:477)
	at org.apache.ratis.server.raftlog.segmented.SegmentedRaftLogWorker.run(SegmentedRaftLogWorker.java:289)
	at java.lang.Thread.run(Thread.java:748)
Caused by: java.util.concurrent.TimeoutException
	at java.util.concurrent.CompletableFuture.timedGet(CompletableFuture.java:1771)
	at java.util.concurrent.CompletableFuture.get(CompletableFuture.java:1915)
	at org.apache.ratis.util.IOUtils.getFromFuture(IOUtils.java:79)
	... 4 more
2019-09-11 20:08:16,902 [9bb405f0-f563-4579-83ea-0bbe163a9fbc@group-C7A422292FA5-SegmentedRaftLogWorker] WARN  segmented.SegmentedRaftLogWorker (SegmentedRaftLogWorker.java:getFromFuture(90)) - Timeout 17/~
org.apache.ratis.protocol.TimeoutIOException: Timeout 10s: WriteLog:8: (t:1, i:8), STATEMACHINELOGENTRY, client-FE03BA7EFCF8, cid=135-writeStateMachineData
	at org.apache.ratis.util.IOUtils.getFromFuture(IOUtils.java:87)
	at org.apache.ratis.server.raftlog.segmented.SegmentedRaftLogWorker$StateMachineDataPolicy.getFromFuture(SegmentedRaftLogWorker.java:87)
	at org.apache.ratis.server.raftlog.segmented.SegmentedRaftLogWorker$WriteLog.execute(SegmentedRaftLogWorker.java:477)
	at org.apache.ratis.server.raftlog.segmented.SegmentedRaftLogWorker.run(SegmentedRaftLogWorker.java:289)
	at java.lang.Thread.run(Thread.java:748)
Caused by: java.util.concurrent.TimeoutException
	at java.util.concurrent.CompletableFuture.timedGet(CompletableFuture.java:1771)
	at java.util.concurrent.CompletableFuture.get(CompletableFuture.java:1915)
	at org.apache.ratis.util.IOUtils.getFromFuture(IOUtils.java:79)
	... 4 more
2019-09-11 20:08:16,903 [802f7a56-3ac2-455e-92a2-71244eb20cf7@group-C7A422292FA5-SegmentedRaftLogWorker] WARN  segmented.SegmentedRaftLogWorker (SegmentedRaftLogWorker.java:getFromFuture(90)) - Timeout 17/~
org.apache.ratis.protocol.TimeoutIOException: Timeout 10s: WriteLog:8: (t:1, i:8), STATEMACHINELOGENTRY, client-FE03BA7EFCF8, cid=135-writeStateMachineData
	at org.apache.ratis.util.IOUtils.getFromFuture(IOUtils.java:87)
	at org.apache.ratis.server.raftlog.segmented.SegmentedRaftLogWorker$StateMachineDataPolicy.getFromFuture(SegmentedRaftLogWorker.java:87)
	at org.apache.ratis.server.raftlog.segmented.SegmentedRaftLogWorker$WriteLog.execute(SegmentedRaftLogWorker.java:477)
	at org.apache.ratis.server.raftlog.segmented.SegmentedRaftLogWorker.run(SegmentedRaftLogWorker.java:289)
	at java.lang.Thread.run(Thread.java:748)
Caused by: java.util.concurrent.TimeoutException
	at java.util.concurrent.CompletableFuture.timedGet(CompletableFuture.java:1771)
	at java.util.concurrent.CompletableFuture.get(CompletableFuture.java:1915)
	at org.apache.ratis.util.IOUtils.getFromFuture(IOUtils.java:79)
	... 4 more
2019-09-11 20:08:16,918 [EventQueue-PipelineActionsForPipelineActionHandler] ERROR pipeline.PipelineActionHandler (PipelineActionHandler.java:onMessage(60)) - Received pipeline action CLOSE for Pipeline[ Id: a5e33a2e-eade-4ad2-a9ca-c7a422292fa5, Nodes: 802f7a56-3ac2-455e-92a2-71244eb20cf7{ip: 192.168.36.83, host: pr-hdds-2096-jg2tg-1247294052, networkLocation: /default-rack, certSerialId: null}e0c56373-add1-4904-83f3-08b0a755b8ed{ip: 192.168.36.83, host: pr-hdds-2096-jg2tg-1247294052, networkLocation: /default-rack, certSerialId: null}9bb405f0-f563-4579-83ea-0bbe163a9fbc{ip: 192.168.36.83, host: pr-hdds-2096-jg2tg-1247294052, networkLocation: /default-rack, certSerialId: null}, Type:RATIS, Factor:THREE, State:CLOSED] from datanode 9bb405f0-f563-4579-83ea-0bbe163a9fbc{ip: 192.168.36.83, host: pr-hdds-2096-jg2tg-1247294052, networkLocation: /default-rack, certSerialId: null}. Reason : 9bb405f0-f563-4579-83ea-0bbe163a9fbc has not seen follower/s 802f7a56-3ac2-455e-92a2-71244eb20cf7 for 179790ms e0c56373-add1-4904-83f3-08b0a755b8ed for 179790ms
2019-09-11 20:08:16,918 [EventQueue-PipelineActionsForPipelineActionHandler] INFO  pipeline.SCMPipelineManager (SCMPipelineManager.java:finalizeAndDestroyPipeline(311)) - destroying pipeline:Pipeline[ Id: a5e33a2e-eade-4ad2-a9ca-c7a422292fa5, Nodes: 802f7a56-3ac2-455e-92a2-71244eb20cf7{ip: 192.168.36.83, host: pr-hdds-2096-jg2tg-1247294052, networkLocation: /default-rack, certSerialId: null}e0c56373-add1-4904-83f3-08b0a755b8ed{ip: 192.168.36.83, host: pr-hdds-2096-jg2tg-1247294052, networkLocation: /default-rack, certSerialId: null}9bb405f0-f563-4579-83ea-0bbe163a9fbc{ip: 192.168.36.83, host: pr-hdds-2096-jg2tg-1247294052, networkLocation: /default-rack, certSerialId: null}, Type:RATIS, Factor:THREE, State:CLOSED]
2019-09-11 20:08:16,941 [java.util.concurrent.ThreadPoolExecutor$Worker@3aabbd53[State = -1, empty queue]] WARN  server.GrpcLogAppender (GrpcLogAppender.java:timeoutAppendRequest(200)) - 9bb405f0-f563-4579-83ea-0bbe163a9fbc@group-C7A422292FA5->802f7a56-3ac2-455e-92a2-71244eb20cf7-GrpcLogAppender: appendEntries Timeout, request=9bb405f0-f563-4579-83ea-0bbe163a9fbc->802f7a56-3ac2-455e-92a2-71244eb20cf7#91-t1, previous=(t:1, i:13), leaderCommit=6, initializing? false, entries: <empty>
2019-09-11 20:08:16,941 [java.util.concurrent.ThreadPoolExecutor$Worker@39cc96d6[State = -1, empty queue]] WARN  server.GrpcLogAppender (GrpcLogAppender.java:timeoutAppendRequest(200)) - 9bb405f0-f563-4579-83ea-0bbe163a9fbc@group-C7A422292FA5->e0c56373-add1-4904-83f3-08b0a755b8ed-GrpcLogAppender: appendEntries Timeout, request=9bb405f0-f563-4579-83ea-0bbe163a9fbc->e0c56373-add1-4904-83f3-08b0a755b8ed#91-t1, previous=(t:1, i:13), leaderCommit=6, initializing? false, entries: <empty>
2019-09-11 20:08:18,632 [grpc-default-executor-6] INFO  client.GrpcClientProtocolClient (GrpcClientProtocolClient.java:onNext(264)) - client-FE03BA7EFCF8->e0c56373-add1-4904-83f3-08b0a755b8ed: receive RaftClientReply:client-FE03BA7EFCF8->e0c56373-add1-4904-83f3-08b0a755b8ed@group-C7A422292FA5, cid=134, FAILED org.apache.ratis.protocol.NotLeaderException: Server e0c56373-add1-4904-83f3-08b0a755b8ed@group-C7A422292FA5 is not the leader 9bb405f0-f563-4579-83ea-0bbe163a9fbc:192.168.36.83:46254, logIndex=0, commits[e0c56373-add1-4904-83f3-08b0a755b8ed:c6, 802f7a56-3ac2-455e-92a2-71244eb20cf7:c4, 9bb405f0-f563-4579-83ea-0bbe163a9fbc:c6]
2019-09-11 20:08:18,944 [org.apache.ratis.server.impl.LogAppender$AppenderDaemon$$Lambda$513/1740195529@5f17ede1] ERROR ratis.XceiverServerRatis (XceiverServerRatis.java:triggerPipelineClose(568)) - pipeline Action CLOSE  on pipeline PipelineID=a5e33a2e-eade-4ad2-a9ca-c7a422292fa5.Reason : 9bb405f0-f563-4579-83ea-0bbe163a9fbc has not seen follower/s 802f7a56-3ac2-455e-92a2-71244eb20cf7 for 182291ms e0c56373-add1-4904-83f3-08b0a755b8ed for 182291ms
2019-09-11 20:08:18,944 [org.apache.ratis.server.impl.LogAppender$AppenderDaemon$$Lambda$513/1740195529@5858ebf6] ERROR ratis.XceiverServerRatis (XceiverServerRatis.java:triggerPipelineClose(568)) - pipeline Action CLOSE  on pipeline PipelineID=a5e33a2e-eade-4ad2-a9ca-c7a422292fa5.Reason : 9bb405f0-f563-4579-83ea-0bbe163a9fbc has not seen follower/s 802f7a56-3ac2-455e-92a2-71244eb20cf7 for 182291ms e0c56373-add1-4904-83f3-08b0a755b8ed for 182291ms
2019-09-11 20:08:19,443 [java.util.concurrent.ThreadPoolExecutor$Worker@39cc96d6[State = -1, empty queue]] WARN  server.GrpcLogAppender (GrpcLogAppender.java:timeoutAppendRequest(200)) - 9bb405f0-f563-4579-83ea-0bbe163a9fbc@group-C7A422292FA5->e0c56373-add1-4904-83f3-08b0a755b8ed-GrpcLogAppender: appendEntries Timeout, request=9bb405f0-f563-4579-83ea-0bbe163a9fbc->e0c56373-add1-4904-83f3-08b0a755b8ed#92-t1, previous=(t:1, i:13), leaderCommit=6, initializing? false, entries: <empty>
2019-09-11 20:08:19,443 [java.util.concurrent.ThreadPoolExecutor$Worker@3aabbd53[State = -1, empty queue]] WARN  server.GrpcLogAppender (GrpcLogAppender.java:timeoutAppendRequest(200)) - 9bb405f0-f563-4579-83ea-0bbe163a9fbc@group-C7A422292FA5->802f7a56-3ac2-455e-92a2-71244eb20cf7-GrpcLogAppender: appendEntries Timeout, request=9bb405f0-f563-4579-83ea-0bbe163a9fbc->802f7a56-3ac2-455e-92a2-71244eb20cf7#92-t1, previous=(t:1, i:13), leaderCommit=6, initializing? false, entries: <empty>
2019-09-11 20:08:19,918 [EventQueue-PipelineActionsForPipelineActionHandler] ERROR pipeline.PipelineActionHandler (PipelineActionHandler.java:onMessage(60)) - Received pipeline action CLOSE for Pipeline[ Id: a5e33a2e-eade-4ad2-a9ca-c7a422292fa5, Nodes: 802f7a56-3ac2-455e-92a2-71244eb20cf7{ip: 192.168.36.83, host: pr-hdds-2096-jg2tg-1247294052, networkLocation: /default-rack, certSerialId: null}e0c56373-add1-4904-83f3-08b0a755b8ed{ip: 192.168.36.83, host: pr-hdds-2096-jg2tg-1247294052, networkLocation: /default-rack, certSerialId: null}9bb405f0-f563-4579-83ea-0bbe163a9fbc{ip: 192.168.36.83, host: pr-hdds-2096-jg2tg-1247294052, networkLocation: /default-rack, certSerialId: null}, Type:RATIS, Factor:THREE, State:CLOSED] from datanode 9bb405f0-f563-4579-83ea-0bbe163a9fbc{ip: 192.168.36.83, host: pr-hdds-2096-jg2tg-1247294052, networkLocation: /default-rack, certSerialId: null}. Reason : 9bb405f0-f563-4579-83ea-0bbe163a9fbc has not seen follower/s 802f7a56-3ac2-455e-92a2-71244eb20cf7 for 182291ms e0c56373-add1-4904-83f3-08b0a755b8ed for 182291ms
2019-09-11 20:08:19,918 [EventQueue-PipelineActionsForPipelineActionHandler] INFO  pipeline.SCMPipelineManager (SCMPipelineManager.java:finalizeAndDestroyPipeline(311)) - destroying pipeline:Pipeline[ Id: a5e33a2e-eade-4ad2-a9ca-c7a422292fa5, Nodes: 802f7a56-3ac2-455e-92a2-71244eb20cf7{ip: 192.168.36.83, host: pr-hdds-2096-jg2tg-1247294052, networkLocation: /default-rack, certSerialId: null}e0c56373-add1-4904-83f3-08b0a755b8ed{ip: 192.168.36.83, host: pr-hdds-2096-jg2tg-1247294052, networkLocation: /default-rack, certSerialId: null}9bb405f0-f563-4579-83ea-0bbe163a9fbc{ip: 192.168.36.83, host: pr-hdds-2096-jg2tg-1247294052, networkLocation: /default-rack, certSerialId: null}, Type:RATIS, Factor:THREE, State:CLOSED]
2019-09-11 20:08:21,446 [org.apache.ratis.server.impl.LogAppender$AppenderDaemon$$Lambda$513/1740195529@5858ebf6] ERROR ratis.XceiverServerRatis (XceiverServerRatis.java:triggerPipelineClose(568)) - pipeline Action CLOSE  on pipeline PipelineID=a5e33a2e-eade-4ad2-a9ca-c7a422292fa5.Reason : 9bb405f0-f563-4579-83ea-0bbe163a9fbc has not seen follower/s 802f7a56-3ac2-455e-92a2-71244eb20cf7 for 184792ms e0c56373-add1-4904-83f3-08b0a755b8ed for 184792ms
2019-09-11 20:08:21,446 [org.apache.ratis.server.impl.LogAppender$AppenderDaemon$$Lambda$513/1740195529@5f17ede1] ERROR ratis.XceiverServerRatis (XceiverServerRatis.java:triggerPipelineClose(568)) - pipeline Action CLOSE  on pipeline PipelineID=a5e33a2e-eade-4ad2-a9ca-c7a422292fa5.Reason : 9bb405f0-f563-4579-83ea-0bbe163a9fbc has not seen follower/s 802f7a56-3ac2-455e-92a2-71244eb20cf7 for 184792ms e0c56373-add1-4904-83f3-08b0a755b8ed for 184792ms
2019-09-11 20:08:21,918 [EventQueue-PipelineActionsForPipelineActionHandler] ERROR pipeline.PipelineActionHandler (PipelineActionHandler.java:onMessage(60)) - Received pipeline action CLOSE for Pipeline[ Id: a5e33a2e-eade-4ad2-a9ca-c7a422292fa5, Nodes: 802f7a56-3ac2-455e-92a2-71244eb20cf7{ip: 192.168.36.83, host: pr-hdds-2096-jg2tg-1247294052, networkLocation: /default-rack, certSerialId: null}e0c56373-add1-4904-83f3-08b0a755b8ed{ip: 192.168.36.83, host: pr-hdds-2096-jg2tg-1247294052, networkLocation: /default-rack, certSerialId: null}9bb405f0-f563-4579-83ea-0bbe163a9fbc{ip: 192.168.36.83, host: pr-hdds-2096-jg2tg-1247294052, networkLocation: /default-rack, certSerialId: null}, Type:RATIS, Factor:THREE, State:CLOSED] from datanode 9bb405f0-f563-4579-83ea-0bbe163a9fbc{ip: 192.168.36.83, host: pr-hdds-2096-jg2tg-1247294052, networkLocation: /default-rack, certSerialId: null}. Reason : 9bb405f0-f563-4579-83ea-0bbe163a9fbc has not seen follower/s 802f7a56-3ac2-455e-92a2-71244eb20cf7 for 184792ms e0c56373-add1-4904-83f3-08b0a755b8ed for 184792ms
2019-09-11 20:08:21,918 [EventQueue-PipelineActionsForPipelineActionHandler] INFO  pipeline.SCMPipelineManager (SCMPipelineManager.java:finalizeAndDestroyPipeline(311)) - destroying pipeline:Pipeline[ Id: a5e33a2e-eade-4ad2-a9ca-c7a422292fa5, Nodes: 802f7a56-3ac2-455e-92a2-71244eb20cf7{ip: 192.168.36.83, host: pr-hdds-2096-jg2tg-1247294052, networkLocation: /default-rack, certSerialId: null}e0c56373-add1-4904-83f3-08b0a755b8ed{ip: 192.168.36.83, host: pr-hdds-2096-jg2tg-1247294052, networkLocation: /default-rack, certSerialId: null}9bb405f0-f563-4579-83ea-0bbe163a9fbc{ip: 192.168.36.83, host: pr-hdds-2096-jg2tg-1247294052, networkLocation: /default-rack, certSerialId: null}, Type:RATIS, Factor:THREE, State:CLOSED]
2019-09-11 20:08:21,944 [java.util.concurrent.ThreadPoolExecutor$Worker@39cc96d6[State = -1, empty queue]] WARN  server.GrpcLogAppender (GrpcLogAppender.java:timeoutAppendRequest(200)) - 9bb405f0-f563-4579-83ea-0bbe163a9fbc@group-C7A422292FA5->e0c56373-add1-4904-83f3-08b0a755b8ed-GrpcLogAppender: appendEntries Timeout, request=9bb405f0-f563-4579-83ea-0bbe163a9fbc->e0c56373-add1-4904-83f3-08b0a755b8ed#93-t1, previous=(t:1, i:13), leaderCommit=6, initializing? false, entries: <empty>
2019-09-11 20:08:21,944 [java.util.concurrent.ThreadPoolExecutor$Worker@3aabbd53[State = -1, empty queue]] WARN  server.GrpcLogAppender (GrpcLogAppender.java:timeoutAppendRequest(200)) - 9bb405f0-f563-4579-83ea-0bbe163a9fbc@group-C7A422292FA5->802f7a56-3ac2-455e-92a2-71244eb20cf7-GrpcLogAppender: appendEntries Timeout, request=9bb405f0-f563-4579-83ea-0bbe163a9fbc->802f7a56-3ac2-455e-92a2-71244eb20cf7#93-t1, previous=(t:1, i:13), leaderCommit=6, initializing? false, entries: <empty>
2019-09-11 20:08:22,907 [grpc-default-executor-6] INFO  impl.RaftServerProxy (RaftServerProxy.java:remove(95)) - 802f7a56-3ac2-455e-92a2-71244eb20cf7: remove  FOLLOWER 802f7a56-3ac2-455e-92a2-71244eb20cf7@group-C7A422292FA5:t1, leader=9bb405f0-f563-4579-83ea-0bbe163a9fbc, voted=9bb405f0-f563-4579-83ea-0bbe163a9fbc, raftlog=802f7a56-3ac2-455e-92a2-71244eb20cf7@group-C7A422292FA5-SegmentedRaftLog:OPENED:c6,f6,i13, conf=0: [802f7a56-3ac2-455e-92a2-71244eb20cf7:192.168.36.83:33220, 9bb405f0-f563-4579-83ea-0bbe163a9fbc:192.168.36.83:46254, e0c56373-add1-4904-83f3-08b0a755b8ed:192.168.36.83:45126], old=null RUNNING
2019-09-11 20:08:22,907 [grpc-default-executor-6] INFO  impl.RaftServerImpl (RaftServerImpl.java:lambda$shutdown$3(251)) - 802f7a56-3ac2-455e-92a2-71244eb20cf7@group-C7A422292FA5: shutdown
2019-09-11 20:08:22,908 [grpc-default-executor-6] INFO  util.JmxRegister (JmxRegister.java:unregister(73)) - Successfully un-registered JMX Bean with object name Ratis:service=RaftServer,group=group-C7A422292FA5,id=802f7a56-3ac2-455e-92a2-71244eb20cf7
2019-09-11 20:08:22,908 [grpc-default-executor-6] INFO  impl.RoleInfo (RoleInfo.java:shutdownFollowerState(121)) - 802f7a56-3ac2-455e-92a2-71244eb20cf7: shutdown FollowerState
2019-09-11 20:08:22,908 [grpc-default-executor-6] INFO  impl.StateMachineUpdater (StateMachineUpdater.java:stopAndJoin(125)) - 802f7a56-3ac2-455e-92a2-71244eb20cf7@group-C7A422292FA5-StateMachineUpdater: set stopIndex = 6
2019-09-11 20:08:22,909 [802f7a56-3ac2-455e-92a2-71244eb20cf7@group-C7A422292FA5-StateMachineUpdater] INFO  ratis.ContainerStateMachine (ContainerStateMachine.java:takeSnapshot(289)) - group-C7A422292FA5: Taking a snapshot at:(t:1, i:4) file /workdir/hadoop-ozone/integration-test/target/test-dir/MiniOzoneClusterImpl-0a14e7f9-644e-4233-9ad1-c76f0b8b7528/datanode-3/data/ratis/a5e33a2e-eade-4ad2-a9ca-c7a422292fa5/sm/snapshot.1_4
2019-09-11 20:08:22,909 [Thread-1354] INFO  impl.FollowerState (FollowerState.java:run(115)) - 802f7a56-3ac2-455e-92a2-71244eb20cf7: FollowerState was interrupted: java.lang.InterruptedException: sleep interrupted
2019-09-11 20:08:22,925 [802f7a56-3ac2-455e-92a2-71244eb20cf7@group-C7A422292FA5-StateMachineUpdater] INFO  ratis.ContainerStateMachine (ContainerStateMachine.java:takeSnapshot(300)) - group-C7A422292FA5: Finished taking a snapshot at:(t:1, i:4) file:/workdir/hadoop-ozone/integration-test/target/test-dir/MiniOzoneClusterImpl-0a14e7f9-644e-4233-9ad1-c76f0b8b7528/datanode-3/data/ratis/a5e33a2e-eade-4ad2-a9ca-c7a422292fa5/sm/snapshot.1_4 time:16
2019-09-11 20:08:22,925 [802f7a56-3ac2-455e-92a2-71244eb20cf7@group-C7A422292FA5-StateMachineUpdater] INFO  impl.StateMachineUpdater (StateMachineUpdater.java:takeSnapshot(258)) - 802f7a56-3ac2-455e-92a2-71244eb20cf7@group-C7A422292FA5-StateMachineUpdater: Took a snapshot at index 4
2019-09-11 20:08:22,925 [802f7a56-3ac2-455e-92a2-71244eb20cf7@group-C7A422292FA5-StateMachineUpdater] INFO  impl.StateMachineUpdater (StateMachineUpdater.java:lambda$new$0(83)) - 802f7a56-3ac2-455e-92a2-71244eb20cf7@group-C7A422292FA5-StateMachineUpdater: snapshotIndex: updateIncreasingly -1 -> 4
2019-09-11 20:08:22,926 [802f7a56-3ac2-455e-92a2-71244eb20cf7@group-C7A422292FA5-StateMachineUpdater] INFO  ratis.ContainerStateMachine (ContainerStateMachine.java:takeSnapshot(289)) - group-C7A422292FA5: Taking a snapshot at:(t:1, i:4) file /workdir/hadoop-ozone/integration-test/target/test-dir/MiniOzoneClusterImpl-0a14e7f9-644e-4233-9ad1-c76f0b8b7528/datanode-3/data/ratis/a5e33a2e-eade-4ad2-a9ca-c7a422292fa5/sm/snapshot.1_4
2019-09-11 20:08:22,937 [802f7a56-3ac2-455e-92a2-71244eb20cf7@group-C7A422292FA5-StateMachineUpdater] INFO  ratis.ContainerStateMachine (ContainerStateMachine.java:takeSnapshot(300)) - group-C7A422292FA5: Finished taking a snapshot at:(t:1, i:4) file:/workdir/hadoop-ozone/integration-test/target/test-dir/MiniOzoneClusterImpl-0a14e7f9-644e-4233-9ad1-c76f0b8b7528/datanode-3/data/ratis/a5e33a2e-eade-4ad2-a9ca-c7a422292fa5/sm/snapshot.1_4 time:11
2019-09-11 20:08:22,937 [802f7a56-3ac2-455e-92a2-71244eb20cf7@group-C7A422292FA5-StateMachineUpdater] INFO  impl.StateMachineUpdater (StateMachineUpdater.java:takeSnapshot(258)) - 802f7a56-3ac2-455e-92a2-71244eb20cf7@group-C7A422292FA5-StateMachineUpdater: Took a snapshot at index 4
2019-09-11 20:08:22,937 [802f7a56-3ac2-455e-92a2-71244eb20cf7@group-C7A422292FA5-StateMachineUpdater] INFO  impl.StateMachineUpdater (StateMachineUpdater.java:lambda$new$0(83)) - 802f7a56-3ac2-455e-92a2-71244eb20cf7@group-C7A422292FA5-StateMachineUpdater: snapshotIndex: updateIncreasingly 4 -> 4
2019-09-11 20:08:22,938 [grpc-default-executor-6] INFO  impl.RaftServerImpl (ServerState.java:close(385)) - 802f7a56-3ac2-455e-92a2-71244eb20cf7@group-C7A422292FA5: closes. applyIndex: 6
2019-09-11 20:08:22,941 [802f7a56-3ac2-455e-92a2-71244eb20cf7@group-C7A422292FA5-SegmentedRaftLogWorker] ERROR ratis.XceiverServerRatis (XceiverServerRatis.java:triggerPipelineClose(568)) - pipeline Action CLOSE  on pipeline PipelineID=a5e33a2e-eade-4ad2-a9ca-c7a422292fa5.Reason : WriteLog:8: (t:1, i:8), STATEMACHINELOGENTRY, client-FE03BA7EFCF8, cid=135-writeStateMachineData interrupted.
2019-09-11 20:08:22,944 [EventQueue-PipelineActionsForPipelineActionHandler] ERROR pipeline.PipelineActionHandler (PipelineActionHandler.java:onMessage(60)) - Received pipeline action CLOSE for Pipeline[ Id: a5e33a2e-eade-4ad2-a9ca-c7a422292fa5, Nodes: 802f7a56-3ac2-455e-92a2-71244eb20cf7{ip: 192.168.36.83, host: pr-hdds-2096-jg2tg-1247294052, networkLocation: /default-rack, certSerialId: null}e0c56373-add1-4904-83f3-08b0a755b8ed{ip: 192.168.36.83, host: pr-hdds-2096-jg2tg-1247294052, networkLocation: /default-rack, certSerialId: null}9bb405f0-f563-4579-83ea-0bbe163a9fbc{ip: 192.168.36.83, host: pr-hdds-2096-jg2tg-1247294052, networkLocation: /default-rack, certSerialId: null}, Type:RATIS, Factor:THREE, State:CLOSED] from datanode 802f7a56-3ac2-455e-92a2-71244eb20cf7{ip: 192.168.36.83, host: pr-hdds-2096-jg2tg-1247294052, networkLocation: /default-rack, certSerialId: null}. Reason : WriteLog:8: (t:1, i:8), STATEMACHINELOGENTRY, client-FE03BA7EFCF8, cid=135-writeStateMachineData interrupted.
2019-09-11 20:08:22,944 [EventQueue-PipelineActionsForPipelineActionHandler] INFO  pipeline.SCMPipelineManager (SCMPipelineManager.java:finalizeAndDestroyPipeline(311)) - destroying pipeline:Pipeline[ Id: a5e33a2e-eade-4ad2-a9ca-c7a422292fa5, Nodes: 802f7a56-3ac2-455e-92a2-71244eb20cf7{ip: 192.168.36.83, host: pr-hdds-2096-jg2tg-1247294052, networkLocation: /default-rack, certSerialId: null}e0c56373-add1-4904-83f3-08b0a755b8ed{ip: 192.168.36.83, host: pr-hdds-2096-jg2tg-1247294052, networkLocation: /default-rack, certSerialId: null}9bb405f0-f563-4579-83ea-0bbe163a9fbc{ip: 192.168.36.83, host: pr-hdds-2096-jg2tg-1247294052, networkLocation: /default-rack, certSerialId: null}, Type:RATIS, Factor:THREE, State:CLOSED]
2019-09-11 20:08:22,953 [grpc-default-executor-6] INFO  segmented.SegmentedRaftLogWorker (SegmentedRaftLogWorker.java:close(228)) - 802f7a56-3ac2-455e-92a2-71244eb20cf7@group-C7A422292FA5-SegmentedRaftLogWorker close()
2019-09-11 20:08:22,969 [grpc-default-executor-6] INFO  interfaces.Container (KeyValueContainer.java:flushAndSyncDB(386)) - Container 5 is synced with bcsId 4.
2019-09-11 20:08:22,970 [grpc-default-executor-6] INFO  interfaces.Container (KeyValueContainer.java:flushAndSyncDB(386)) - Container 5 is synced with bcsId 4.
2019-09-11 20:08:22,985 [EventQueue-IncrementalContainerReportForIncrementalContainerReportHandler] INFO  container.IncrementalContainerReportHandler (AbstractContainerReportHandler.java:updateContainerState(169)) - Moving container #5 to QUASI_CLOSED state, datanode 802f7a56-3ac2-455e-92a2-71244eb20cf7{ip: 192.168.36.83, host: pr-hdds-2096-jg2tg-1247294052, networkLocation: /default-rack, certSerialId: null} reported QUASI_CLOSED replica.
2019-09-11 20:08:23,040 [grpc-default-executor-6] INFO  interfaces.Container (KeyValueContainer.java:flushAndSyncDB(386)) - Container 6 is synced with bcsId 0.
2019-09-11 20:08:23,040 [grpc-default-executor-6] INFO  interfaces.Container (KeyValueContainer.java:flushAndSyncDB(386)) - Container 6 is synced with bcsId 0.
2019-09-11 20:08:23,046 [EventQueue-IncrementalContainerReportForIncrementalContainerReportHandler] INFO  container.IncrementalContainerReportHandler (AbstractContainerReportHandler.java:updateContainerState(169)) - Moving container #6 to QUASI_CLOSED state, datanode 802f7a56-3ac2-455e-92a2-71244eb20cf7{ip: 192.168.36.83, host: pr-hdds-2096-jg2tg-1247294052, networkLocation: /default-rack, certSerialId: null} reported QUASI_CLOSED replica.
2019-09-11 20:08:23,049 [grpc-default-executor-6] INFO  impl.RaftServerProxy (RaftServerProxy.java:remove(95)) - e0c56373-add1-4904-83f3-08b0a755b8ed: remove  FOLLOWER e0c56373-add1-4904-83f3-08b0a755b8ed@group-C7A422292FA5:t1, leader=9bb405f0-f563-4579-83ea-0bbe163a9fbc, voted=9bb405f0-f563-4579-83ea-0bbe163a9fbc, raftlog=e0c56373-add1-4904-83f3-08b0a755b8ed@group-C7A422292FA5-SegmentedRaftLog:OPENED:c6,f6,i13, conf=0: [802f7a56-3ac2-455e-92a2-71244eb20cf7:192.168.36.83:33220, 9bb405f0-f563-4579-83ea-0bbe163a9fbc:192.168.36.83:46254, e0c56373-add1-4904-83f3-08b0a755b8ed:192.168.36.83:45126], old=null RUNNING
2019-09-11 20:08:23,050 [grpc-default-executor-6] INFO  impl.RaftServerImpl (RaftServerImpl.java:lambda$shutdown$3(251)) - e0c56373-add1-4904-83f3-08b0a755b8ed@group-C7A422292FA5: shutdown
2019-09-11 20:08:23,050 [grpc-default-executor-6] INFO  util.JmxRegister (JmxRegister.java:unregister(73)) - Successfully un-registered JMX Bean with object name Ratis:service=RaftServer,group=group-C7A422292FA5,id=e0c56373-add1-4904-83f3-08b0a755b8ed
2019-09-11 20:08:23,050 [grpc-default-executor-6] INFO  impl.RoleInfo (RoleInfo.java:shutdownFollowerState(121)) - e0c56373-add1-4904-83f3-08b0a755b8ed: shutdown FollowerState
2019-09-11 20:08:23,050 [grpc-default-executor-6] INFO  impl.StateMachineUpdater (StateMachineUpdater.java:stopAndJoin(125)) - e0c56373-add1-4904-83f3-08b0a755b8ed@group-C7A422292FA5-StateMachineUpdater: set stopIndex = 6
2019-09-11 20:08:23,050 [e0c56373-add1-4904-83f3-08b0a755b8ed@group-C7A422292FA5-StateMachineUpdater] INFO  ratis.ContainerStateMachine (ContainerStateMachine.java:takeSnapshot(289)) - group-C7A422292FA5: Taking a snapshot at:(t:1, i:4) file /workdir/hadoop-ozone/integration-test/target/test-dir/MiniOzoneClusterImpl-0a14e7f9-644e-4233-9ad1-c76f0b8b7528/datanode-1/data/ratis/a5e33a2e-eade-4ad2-a9ca-c7a422292fa5/sm/snapshot.1_4
2019-09-11 20:08:23,050 [Thread-1355] INFO  impl.FollowerState (FollowerState.java:run(115)) - e0c56373-add1-4904-83f3-08b0a755b8ed: FollowerState was interrupted: java.lang.InterruptedException: sleep interrupted
2019-09-11 20:08:23,064 [e0c56373-add1-4904-83f3-08b0a755b8ed@group-C7A422292FA5-StateMachineUpdater] INFO  ratis.ContainerStateMachine (ContainerStateMachine.java:takeSnapshot(300)) - group-C7A422292FA5: Finished taking a snapshot at:(t:1, i:4) file:/workdir/hadoop-ozone/integration-test/target/test-dir/MiniOzoneClusterImpl-0a14e7f9-644e-4233-9ad1-c76f0b8b7528/datanode-1/data/ratis/a5e33a2e-eade-4ad2-a9ca-c7a422292fa5/sm/snapshot.1_4 time:14
2019-09-11 20:08:23,064 [e0c56373-add1-4904-83f3-08b0a755b8ed@group-C7A422292FA5-StateMachineUpdater] INFO  impl.StateMachineUpdater (StateMachineUpdater.java:takeSnapshot(258)) - e0c56373-add1-4904-83f3-08b0a755b8ed@group-C7A422292FA5-StateMachineUpdater: Took a snapshot at index 4
2019-09-11 20:08:23,064 [e0c56373-add1-4904-83f3-08b0a755b8ed@group-C7A422292FA5-StateMachineUpdater] INFO  impl.StateMachineUpdater (StateMachineUpdater.java:lambda$new$0(83)) - e0c56373-add1-4904-83f3-08b0a755b8ed@group-C7A422292FA5-StateMachineUpdater: snapshotIndex: updateIncreasingly -1 -> 4
2019-09-11 20:08:23,064 [e0c56373-add1-4904-83f3-08b0a755b8ed@group-C7A422292FA5-StateMachineUpdater] INFO  ratis.ContainerStateMachine (ContainerStateMachine.java:takeSnapshot(289)) - group-C7A422292FA5: Taking a snapshot at:(t:1, i:4) file /workdir/hadoop-ozone/integration-test/target/test-dir/MiniOzoneClusterImpl-0a14e7f9-644e-4233-9ad1-c76f0b8b7528/datanode-1/data/ratis/a5e33a2e-eade-4ad2-a9ca-c7a422292fa5/sm/snapshot.1_4
2019-09-11 20:08:23,068 [e0c56373-add1-4904-83f3-08b0a755b8ed@group-C7A422292FA5-StateMachineUpdater] INFO  ratis.ContainerStateMachine (ContainerStateMachine.java:takeSnapshot(300)) - group-C7A422292FA5: Finished taking a snapshot at:(t:1, i:4) file:/workdir/hadoop-ozone/integration-test/target/test-dir/MiniOzoneClusterImpl-0a14e7f9-644e-4233-9ad1-c76f0b8b7528/datanode-1/data/ratis/a5e33a2e-eade-4ad2-a9ca-c7a422292fa5/sm/snapshot.1_4 time:5
2019-09-11 20:08:23,068 [e0c56373-add1-4904-83f3-08b0a755b8ed@group-C7A422292FA5-StateMachineUpdater] INFO  impl.StateMachineUpdater (StateMachineUpdater.java:takeSnapshot(258)) - e0c56373-add1-4904-83f3-08b0a755b8ed@group-C7A422292FA5-StateMachineUpdater: Took a snapshot at index 4
2019-09-11 20:08:23,069 [e0c56373-add1-4904-83f3-08b0a755b8ed@group-C7A422292FA5-StateMachineUpdater] INFO  impl.StateMachineUpdater (StateMachineUpdater.java:lambda$new$0(83)) - e0c56373-add1-4904-83f3-08b0a755b8ed@group-C7A422292FA5-StateMachineUpdater: snapshotIndex: updateIncreasingly 4 -> 4
2019-09-11 20:08:23,069 [grpc-default-executor-6] INFO  impl.RaftServerImpl (ServerState.java:close(385)) - e0c56373-add1-4904-83f3-08b0a755b8ed@group-C7A422292FA5: closes. applyIndex: 6
2019-09-11 20:08:23,069 [e0c56373-add1-4904-83f3-08b0a755b8ed@group-C7A422292FA5-SegmentedRaftLogWorker] ERROR ratis.XceiverServerRatis (XceiverServerRatis.java:triggerPipelineClose(568)) - pipeline Action CLOSE  on pipeline PipelineID=a5e33a2e-eade-4ad2-a9ca-c7a422292fa5.Reason : WriteLog:7: (t:1, i:7), STATEMACHINELOGENTRY, client-FE03BA7EFCF8, cid=134-writeStateMachineData interrupted.
2019-09-11 20:08:23,072 [grpc-default-executor-6] INFO  segmented.SegmentedRaftLogWorker (SegmentedRaftLogWorker.java:close(228)) - e0c56373-add1-4904-83f3-08b0a755b8ed@group-C7A422292FA5-SegmentedRaftLogWorker close()
2019-09-11 20:08:23,075 [EventQueue-PipelineActionsForPipelineActionHandler] ERROR pipeline.PipelineActionHandler (PipelineActionHandler.java:onMessage(60)) - Received pipeline action CLOSE for Pipeline[ Id: a5e33a2e-eade-4ad2-a9ca-c7a422292fa5, Nodes: 802f7a56-3ac2-455e-92a2-71244eb20cf7{ip: 192.168.36.83, host: pr-hdds-2096-jg2tg-1247294052, networkLocation: /default-rack, certSerialId: null}e0c56373-add1-4904-83f3-08b0a755b8ed{ip: 192.168.36.83, host: pr-hdds-2096-jg2tg-1247294052, networkLocation: /default-rack, certSerialId: null}9bb405f0-f563-4579-83ea-0bbe163a9fbc{ip: 192.168.36.83, host: pr-hdds-2096-jg2tg-1247294052, networkLocation: /default-rack, certSerialId: null}, Type:RATIS, Factor:THREE, State:CLOSED] from datanode e0c56373-add1-4904-83f3-08b0a755b8ed{ip: 192.168.36.83, host: pr-hdds-2096-jg2tg-1247294052, networkLocation: /default-rack, certSerialId: null}. Reason : WriteLog:7: (t:1, i:7), STATEMACHINELOGENTRY, client-FE03BA7EFCF8, cid=134-writeStateMachineData interrupted.
2019-09-11 20:08:23,076 [EventQueue-PipelineActionsForPipelineActionHandler] INFO  pipeline.SCMPipelineManager (SCMPipelineManager.java:finalizeAndDestroyPipeline(311)) - destroying pipeline:Pipeline[ Id: a5e33a2e-eade-4ad2-a9ca-c7a422292fa5, Nodes: 802f7a56-3ac2-455e-92a2-71244eb20cf7{ip: 192.168.36.83, host: pr-hdds-2096-jg2tg-1247294052, networkLocation: /default-rack, certSerialId: null}e0c56373-add1-4904-83f3-08b0a755b8ed{ip: 192.168.36.83, host: pr-hdds-2096-jg2tg-1247294052, networkLocation: /default-rack, certSerialId: null}9bb405f0-f563-4579-83ea-0bbe163a9fbc{ip: 192.168.36.83, host: pr-hdds-2096-jg2tg-1247294052, networkLocation: /default-rack, certSerialId: null}, Type:RATIS, Factor:THREE, State:CLOSED]
2019-09-11 20:08:23,086 [grpc-default-executor-6] INFO  interfaces.Container (KeyValueContainer.java:flushAndSyncDB(386)) - Container 5 is synced with bcsId 4.
2019-09-11 20:08:23,086 [grpc-default-executor-6] INFO  interfaces.Container (KeyValueContainer.java:flushAndSyncDB(386)) - Container 5 is synced with bcsId 4.
2019-09-11 20:08:23,127 [grpc-default-executor-6] INFO  interfaces.Container (KeyValueContainer.java:flushAndSyncDB(386)) - Container 6 is synced with bcsId 0.
2019-09-11 20:08:23,127 [grpc-default-executor-6] INFO  interfaces.Container (KeyValueContainer.java:flushAndSyncDB(386)) - Container 6 is synced with bcsId 0.
2019-09-11 20:08:23,141 [grpc-default-executor-6] INFO  impl.RaftServerProxy (RaftServerProxy.java:remove(95)) - 9bb405f0-f563-4579-83ea-0bbe163a9fbc: remove    LEADER 9bb405f0-f563-4579-83ea-0bbe163a9fbc@group-C7A422292FA5:t1, leader=9bb405f0-f563-4579-83ea-0bbe163a9fbc, voted=9bb405f0-f563-4579-83ea-0bbe163a9fbc, raftlog=9bb405f0-f563-4579-83ea-0bbe163a9fbc@group-C7A422292FA5-SegmentedRaftLog:OPENED:c6,f6,i13, conf=0: [802f7a56-3ac2-455e-92a2-71244eb20cf7:192.168.36.83:33220, 9bb405f0-f563-4579-83ea-0bbe163a9fbc:192.168.36.83:46254, e0c56373-add1-4904-83f3-08b0a755b8ed:192.168.36.83:45126], old=null RUNNING
2019-09-11 20:08:23,141 [grpc-default-executor-6] INFO  impl.RaftServerImpl (RaftServerImpl.java:lambda$shutdown$3(251)) - 9bb405f0-f563-4579-83ea-0bbe163a9fbc@group-C7A422292FA5: shutdown
2019-09-11 20:08:23,141 [grpc-default-executor-6] INFO  util.JmxRegister (JmxRegister.java:unregister(73)) - Successfully un-registered JMX Bean with object name Ratis:service=RaftServer,group=group-C7A422292FA5,id=9bb405f0-f563-4579-83ea-0bbe163a9fbc
2019-09-11 20:08:23,141 [grpc-default-executor-6] INFO  impl.RoleInfo (RoleInfo.java:shutdownLeaderState(104)) - 9bb405f0-f563-4579-83ea-0bbe163a9fbc: shutdown LeaderState
2019-09-11 20:08:23,147 [org.apache.ratis.server.impl.LogAppender$AppenderDaemon$$Lambda$513/1740195529@5858ebf6] WARN  server.GrpcLogAppender (GrpcLogAppender.java:mayWait(143)) - 9bb405f0-f563-4579-83ea-0bbe163a9fbc@group-C7A422292FA5->802f7a56-3ac2-455e-92a2-71244eb20cf7-GrpcLogAppender: Wait interrupted by java.lang.InterruptedException
2019-09-11 20:08:23,147 [grpc-default-executor-6] INFO  impl.PendingRequests (PendingRequests.java:sendNotLeaderResponses(202)) - 9bb405f0-f563-4579-83ea-0bbe163a9fbc-PendingRequests: sendNotLeaderResponses
2019-09-11 20:08:23,147 [org.apache.ratis.server.impl.LogAppender$AppenderDaemon$$Lambda$513/1740195529@5f17ede1] WARN  server.GrpcLogAppender (GrpcLogAppender.java:mayWait(143)) - 9bb405f0-f563-4579-83ea-0bbe163a9fbc@group-C7A422292FA5->e0c56373-add1-4904-83f3-08b0a755b8ed-GrpcLogAppender: Wait interrupted by java.lang.InterruptedException
2019-09-11 20:08:23,150 [grpc-default-executor-8] INFO  server.GrpcServerProtocolService (GrpcServerProtocolService.java:onCompleted(113)) - 802f7a56-3ac2-455e-92a2-71244eb20cf7: Completed APPEND_ENTRIES, lastRequest: 9bb405f0-f563-4579-83ea-0bbe163a9fbc->802f7a56-3ac2-455e-92a2-71244eb20cf7#94-t1, previous=(t:1, i:13), leaderCommit=6, initializing? false, entries: <empty>
2019-09-11 20:08:23,150 [grpc-default-executor-1] INFO  server.GrpcServerProtocolService (GrpcServerProtocolService.java:onCompleted(113)) - e0c56373-add1-4904-83f3-08b0a755b8ed: Completed APPEND_ENTRIES, lastRequest: 9bb405f0-f563-4579-83ea-0bbe163a9fbc->e0c56373-add1-4904-83f3-08b0a755b8ed#94-t1, previous=(t:1, i:13), leaderCommit=6, initializing? false, entries: <empty>
2019-09-11 20:08:23,150 [grpc-default-executor-8] INFO  server.GrpcLogAppender (GrpcLogAppender.java:onCompleted(293)) - 9bb405f0-f563-4579-83ea-0bbe163a9fbc@group-C7A422292FA5->802f7a56-3ac2-455e-92a2-71244eb20cf7-AppendLogResponseHandler: follower responses appendEntries COMPLETED
2019-09-11 20:08:23,150 [grpc-default-executor-1] INFO  server.GrpcLogAppender (GrpcLogAppender.java:onCompleted(293)) - 9bb405f0-f563-4579-83ea-0bbe163a9fbc@group-C7A422292FA5->e0c56373-add1-4904-83f3-08b0a755b8ed-AppendLogResponseHandler: follower responses appendEntries COMPLETED
2019-09-11 20:08:23,155 [grpc-default-executor-6] INFO  impl.StateMachineUpdater (StateMachineUpdater.java:stopAndJoin(125)) - 9bb405f0-f563-4579-83ea-0bbe163a9fbc@group-C7A422292FA5-StateMachineUpdater: set stopIndex = 6
2019-09-11 20:08:23,155 [grpc-default-executor-1] INFO  impl.FollowerInfo (FollowerInfo.java:lambda$new$0(51)) - 9bb405f0-f563-4579-83ea-0bbe163a9fbc@group-C7A422292FA5->e0c56373-add1-4904-83f3-08b0a755b8ed: nextIndex: updateUnconditionally 14 -> 7
2019-09-11 20:08:23,155 [9bb405f0-f563-4579-83ea-0bbe163a9fbc@group-C7A422292FA5-StateMachineUpdater] INFO  ratis.ContainerStateMachine (ContainerStateMachine.java:takeSnapshot(289)) - group-C7A422292FA5: Taking a snapshot at:(t:1, i:6) file /workdir/hadoop-ozone/integration-test/target/test-dir/MiniOzoneClusterImpl-0a14e7f9-644e-4233-9ad1-c76f0b8b7528/datanode-0/data/ratis/a5e33a2e-eade-4ad2-a9ca-c7a422292fa5/sm/snapshot.1_6
2019-09-11 20:08:23,155 [grpc-default-executor-8] INFO  impl.FollowerInfo (FollowerInfo.java:lambda$new$0(51)) - 9bb405f0-f563-4579-83ea-0bbe163a9fbc@group-C7A422292FA5->802f7a56-3ac2-455e-92a2-71244eb20cf7: nextIndex: updateUnconditionally 14 -> 7
2019-09-11 20:08:23,159 [9bb405f0-f563-4579-83ea-0bbe163a9fbc@group-C7A422292FA5-StateMachineUpdater] INFO  ratis.ContainerStateMachine (ContainerStateMachine.java:takeSnapshot(300)) - group-C7A422292FA5: Finished taking a snapshot at:(t:1, i:6) file:/workdir/hadoop-ozone/integration-test/target/test-dir/MiniOzoneClusterImpl-0a14e7f9-644e-4233-9ad1-c76f0b8b7528/datanode-0/data/ratis/a5e33a2e-eade-4ad2-a9ca-c7a422292fa5/sm/snapshot.1_6 time:4
2019-09-11 20:08:23,159 [9bb405f0-f563-4579-83ea-0bbe163a9fbc@group-C7A422292FA5-StateMachineUpdater] INFO  impl.StateMachineUpdater (StateMachineUpdater.java:takeSnapshot(258)) - 9bb405f0-f563-4579-83ea-0bbe163a9fbc@group-C7A422292FA5-StateMachineUpdater: Took a snapshot at index 6
2019-09-11 20:08:23,159 [9bb405f0-f563-4579-83ea-0bbe163a9fbc@group-C7A422292FA5-StateMachineUpdater] INFO  impl.StateMachineUpdater (StateMachineUpdater.java:lambda$new$0(83)) - 9bb405f0-f563-4579-83ea-0bbe163a9fbc@group-C7A422292FA5-StateMachineUpdater: snapshotIndex: updateIncreasingly -1 -> 6
2019-09-11 20:08:23,160 [grpc-default-executor-6] INFO  impl.RaftServerImpl (ServerState.java:close(385)) - 9bb405f0-f563-4579-83ea-0bbe163a9fbc@group-C7A422292FA5: closes. applyIndex: 6
2019-09-11 20:08:23,160 [Command processor thread] ERROR commandhandler.CloseContainerCommandHandler (CloseContainerCommandHandler.java:handle(125)) - Can't close container #6
java.io.IOException: org.apache.ratis.protocol.GroupMismatchException: 9bb405f0-f563-4579-83ea-0bbe163a9fbc: group-C7A422292FA5 not found.
	at org.apache.hadoop.ozone.container.common.transport.server.ratis.XceiverServerRatis.submitRequest(XceiverServerRatis.java:495)
	at org.apache.hadoop.ozone.container.common.statemachine.commandhandler.CloseContainerCommandHandler.handle(CloseContainerCommandHandler.java:102)
	at org.apache.hadoop.ozone.container.common.statemachine.commandhandler.CommandDispatcher.handle(CommandDispatcher.java:99)
	at org.apache.hadoop.ozone.container.common.statemachine.DatanodeStateMachine.lambda$initCommandHandlerThread$1(DatanodeStateMachine.java:432)
	at java.lang.Thread.run(Thread.java:748)
Caused by: java.util.concurrent.ExecutionException: org.apache.ratis.protocol.GroupMismatchException: 9bb405f0-f563-4579-83ea-0bbe163a9fbc: group-C7A422292FA5 not found.
	at java.util.concurrent.CompletableFuture.reportGet(CompletableFuture.java:357)
	at java.util.concurrent.CompletableFuture.get(CompletableFuture.java:1895)
	at org.apache.hadoop.ozone.container.common.transport.server.ratis.XceiverServerRatis.submitRequest(XceiverServerRatis.java:493)
	... 4 more
Caused by: org.apache.ratis.protocol.GroupMismatchException: 9bb405f0-f563-4579-83ea-0bbe163a9fbc: group-C7A422292FA5 not found.
	at org.apache.ratis.server.impl.RaftServerProxy$ImplMap.get(RaftServerProxy.java:122)
	at org.apache.ratis.server.impl.RaftServerProxy.getImplFuture(RaftServerProxy.java:269)
	at org.apache.ratis.server.impl.RaftServerProxy.submitRequest(RaftServerProxy.java:327)
	at org.apache.ratis.server.impl.RaftServerProxy.submitClientRequestAsync(RaftServerProxy.java:333)
	... 5 more
2019-09-11 20:08:23,160 [9bb405f0-f563-4579-83ea-0bbe163a9fbc@group-C7A422292FA5-SegmentedRaftLogWorker] ERROR ratis.XceiverServerRatis (XceiverServerRatis.java:triggerPipelineClose(568)) - pipeline Action CLOSE  on pipeline PipelineID=a5e33a2e-eade-4ad2-a9ca-c7a422292fa5.Reason : WriteLog:8: (t:1, i:8), STATEMACHINELOGENTRY, client-FE03BA7EFCF8, cid=135-writeStateMachineData interrupted.
2019-09-11 20:08:23,164 [EventQueue-PipelineActionsForPipelineActionHandler] ERROR pipeline.PipelineActionHandler (PipelineActionHandler.java:onMessage(60)) - Received pipeline action CLOSE for Pipeline[ Id: a5e33a2e-eade-4ad2-a9ca-c7a422292fa5, Nodes: 802f7a56-3ac2-455e-92a2-71244eb20cf7{ip: 192.168.36.83, host: pr-hdds-2096-jg2tg-1247294052, networkLocation: /default-rack, certSerialId: null}e0c56373-add1-4904-83f3-08b0a755b8ed{ip: 192.168.36.83, host: pr-hdds-2096-jg2tg-1247294052, networkLocation: /default-rack, certSerialId: null}9bb405f0-f563-4579-83ea-0bbe163a9fbc{ip: 192.168.36.83, host: pr-hdds-2096-jg2tg-1247294052, networkLocation: /default-rack, certSerialId: null}, Type:RATIS, Factor:THREE, State:CLOSED] from datanode 9bb405f0-f563-4579-83ea-0bbe163a9fbc{ip: 192.168.36.83, host: pr-hdds-2096-jg2tg-1247294052, networkLocation: /default-rack, certSerialId: null}. Reason : WriteLog:8: (t:1, i:8), STATEMACHINELOGENTRY, client-FE03BA7EFCF8, cid=135-writeStateMachineData interrupted.
2019-09-11 20:08:23,164 [EventQueue-PipelineActionsForPipelineActionHandler] INFO  pipeline.SCMPipelineManager (SCMPipelineManager.java:finalizeAndDestroyPipeline(311)) - destroying pipeline:Pipeline[ Id: a5e33a2e-eade-4ad2-a9ca-c7a422292fa5, Nodes: 802f7a56-3ac2-455e-92a2-71244eb20cf7{ip: 192.168.36.83, host: pr-hdds-2096-jg2tg-1247294052, networkLocation: /default-rack, certSerialId: null}e0c56373-add1-4904-83f3-08b0a755b8ed{ip: 192.168.36.83, host: pr-hdds-2096-jg2tg-1247294052, networkLocation: /default-rack, certSerialId: null}9bb405f0-f563-4579-83ea-0bbe163a9fbc{ip: 192.168.36.83, host: pr-hdds-2096-jg2tg-1247294052, networkLocation: /default-rack, certSerialId: null}, Type:RATIS, Factor:THREE, State:CLOSED]
2019-09-11 20:08:23,173 [grpc-default-executor-6] INFO  segmented.SegmentedRaftLogWorker (SegmentedRaftLogWorker.java:close(228)) - 9bb405f0-f563-4579-83ea-0bbe163a9fbc@group-C7A422292FA5-SegmentedRaftLogWorker close()
2019-09-11 20:08:23,187 [grpc-default-executor-6] INFO  interfaces.Container (KeyValueContainer.java:flushAndSyncDB(386)) - Container 5 is synced with bcsId 4.
2019-09-11 20:08:23,188 [grpc-default-executor-6] INFO  interfaces.Container (KeyValueContainer.java:flushAndSyncDB(386)) - Container 5 is synced with bcsId 4.
2019-09-11 20:08:23,250 [grpc-default-executor-6] INFO  interfaces.Container (KeyValueContainer.java:flushAndSyncDB(386)) - Container 6 is synced with bcsId 0.
2019-09-11 20:08:23,250 [grpc-default-executor-6] INFO  interfaces.Container (KeyValueContainer.java:flushAndSyncDB(386)) - Container 6 is synced with bcsId 0.
2019-09-11 20:08:23,266 [RatisPipelineUtilsThread] INFO  pipeline.PipelineStateManager (PipelineStateManager.java:removePipeline(108)) - Pipeline Pipeline[ Id: a5e33a2e-eade-4ad2-a9ca-c7a422292fa5, Nodes: 802f7a56-3ac2-455e-92a2-71244eb20cf7{ip: 192.168.36.83, host: pr-hdds-2096-jg2tg-1247294052, networkLocation: /default-rack, certSerialId: null}e0c56373-add1-4904-83f3-08b0a755b8ed{ip: 192.168.36.83, host: pr-hdds-2096-jg2tg-1247294052, networkLocation: /default-rack, certSerialId: null}9bb405f0-f563-4579-83ea-0bbe163a9fbc{ip: 192.168.36.83, host: pr-hdds-2096-jg2tg-1247294052, networkLocation: /default-rack, certSerialId: null}, Type:RATIS, Factor:THREE, State:CLOSED] removed from db
2019-09-11 20:08:23,285 [grpc-default-executor-8] INFO  impl.RaftServerProxy (RaftServerProxy.java:addNew(89)) - e0c56373-add1-4904-83f3-08b0a755b8ed: addNew group-61D96FA8A4D2:[802f7a56-3ac2-455e-92a2-71244eb20cf7:192.168.36.83:33220, 9bb405f0-f563-4579-83ea-0bbe163a9fbc:192.168.36.83:46254, e0c56373-add1-4904-83f3-08b0a755b8ed:192.168.36.83:45126] returns group-61D96FA8A4D2:java.util.concurrent.CompletableFuture@2b7f55d0[Not completed]
2019-09-11 20:08:23,285 [grpc-default-executor-6] INFO  impl.RaftServerProxy (RaftServerProxy.java:addNew(89)) - 802f7a56-3ac2-455e-92a2-71244eb20cf7: addNew group-61D96FA8A4D2:[802f7a56-3ac2-455e-92a2-71244eb20cf7:192.168.36.83:33220, 9bb405f0-f563-4579-83ea-0bbe163a9fbc:192.168.36.83:46254, e0c56373-add1-4904-83f3-08b0a755b8ed:192.168.36.83:45126] returns group-61D96FA8A4D2:java.util.concurrent.CompletableFuture@1851ae90[Not completed]
2019-09-11 20:08:23,285 [grpc-default-executor-8] INFO  impl.RaftServerProxy (RaftServerProxy.java:addNew(89)) - 9bb405f0-f563-4579-83ea-0bbe163a9fbc: addNew group-61D96FA8A4D2:[802f7a56-3ac2-455e-92a2-71244eb20cf7:192.168.36.83:33220, 9bb405f0-f563-4579-83ea-0bbe163a9fbc:192.168.36.83:46254, e0c56373-add1-4904-83f3-08b0a755b8ed:192.168.36.83:45126] returns group-61D96FA8A4D2:java.util.concurrent.CompletableFuture@7534a94d[Not completed]
2019-09-11 20:08:23,287 [pool-57-thread-1] INFO  impl.RaftServerImpl (RaftServerImpl.java:<init>(95)) - 802f7a56-3ac2-455e-92a2-71244eb20cf7: new RaftServerImpl for group-61D96FA8A4D2:[802f7a56-3ac2-455e-92a2-71244eb20cf7:192.168.36.83:33220, 9bb405f0-f563-4579-83ea-0bbe163a9fbc:192.168.36.83:46254, e0c56373-add1-4904-83f3-08b0a755b8ed:192.168.36.83:45126] with ContainerStateMachine:uninitialized
2019-09-11 20:08:23,287 [pool-57-thread-1] INFO  server.RaftServerConfigKeys (ConfUtils.java:logGet(43)) - raft.server.rpc.timeout.min = 5s (custom)
2019-09-11 20:08:23,288 [pool-57-thread-1] INFO  server.RaftServerConfigKeys (ConfUtils.java:logGet(43)) - raft.server.rpc.timeout.max = 5200ms (custom)
2019-09-11 20:08:23,288 [pool-57-thread-1] INFO  server.RaftServerConfigKeys (ConfUtils.java:logGet(43)) - raft.server.rpcslowness.timeout = 120s (custom)
2019-09-11 20:08:23,288 [pool-57-thread-1] INFO  server.RaftServerConfigKeys (ConfUtils.java:logGet(43)) - raft.server.sleep.deviation.threshold = 300 (default)
2019-09-11 20:08:23,288 [pool-57-thread-1] INFO  server.RaftServerConfigKeys (ConfUtils.java:logGet(43)) - raft.server.log.appender.install.snapshot.enabled = false (custom)
2019-09-11 20:08:23,288 [pool-57-thread-1] INFO  impl.RaftServerImpl (ServerState.java:<init>(103)) - 802f7a56-3ac2-455e-92a2-71244eb20cf7@group-61D96FA8A4D2: ConfigurationManager, init=-1: [802f7a56-3ac2-455e-92a2-71244eb20cf7:192.168.36.83:33220, 9bb405f0-f563-4579-83ea-0bbe163a9fbc:192.168.36.83:46254, e0c56373-add1-4904-83f3-08b0a755b8ed:192.168.36.83:45126], old=null, confs=<EMPTY_MAP>
2019-09-11 20:08:23,288 [pool-37-thread-1] INFO  impl.RaftServerImpl (RaftServerImpl.java:<init>(95)) - e0c56373-add1-4904-83f3-08b0a755b8ed: new RaftServerImpl for group-61D96FA8A4D2:[802f7a56-3ac2-455e-92a2-71244eb20cf7:192.168.36.83:33220, 9bb405f0-f563-4579-83ea-0bbe163a9fbc:192.168.36.83:46254, e0c56373-add1-4904-83f3-08b0a755b8ed:192.168.36.83:45126] with ContainerStateMachine:uninitialized
2019-09-11 20:08:23,288 [pool-57-thread-1] INFO  server.RaftServerConfigKeys (ConfUtils.java:logGet(43)) - raft.server.storage.dir = [/workdir/hadoop-ozone/integration-test/target/test-dir/MiniOzoneClusterImpl-0a14e7f9-644e-4233-9ad1-c76f0b8b7528/datanode-3/data/ratis] (custom)
2019-09-11 20:08:23,288 [pool-37-thread-1] INFO  server.RaftServerConfigKeys (ConfUtils.java:logGet(43)) - raft.server.rpc.timeout.min = 5s (custom)
2019-09-11 20:08:23,288 [pool-37-thread-1] INFO  server.RaftServerConfigKeys (ConfUtils.java:logGet(43)) - raft.server.rpc.timeout.max = 5200ms (custom)
2019-09-11 20:08:23,289 [pool-37-thread-1] INFO  server.RaftServerConfigKeys (ConfUtils.java:logGet(43)) - raft.server.rpcslowness.timeout = 120s (custom)
2019-09-11 20:08:23,289 [pool-57-thread-1] INFO  storage.RaftStorageDirectory (RaftStorageDirectory.java:analyzeStorage(246)) - The storage directory /workdir/hadoop-ozone/integration-test/target/test-dir/MiniOzoneClusterImpl-0a14e7f9-644e-4233-9ad1-c76f0b8b7528/datanode-3/data/ratis/c7e82ce3-5b06-437e-9115-61d96fa8a4d2 does not exist. Creating ...
2019-09-11 20:08:23,289 [pool-27-thread-1] INFO  impl.RaftServerImpl (RaftServerImpl.java:<init>(95)) - 9bb405f0-f563-4579-83ea-0bbe163a9fbc: new RaftServerImpl for group-61D96FA8A4D2:[802f7a56-3ac2-455e-92a2-71244eb20cf7:192.168.36.83:33220, 9bb405f0-f563-4579-83ea-0bbe163a9fbc:192.168.36.83:46254, e0c56373-add1-4904-83f3-08b0a755b8ed:192.168.36.83:45126] with ContainerStateMachine:uninitialized
2019-09-11 20:08:23,289 [pool-37-thread-1] INFO  server.RaftServerConfigKeys (ConfUtils.java:logGet(43)) - raft.server.sleep.deviation.threshold = 300 (default)
2019-09-11 20:08:23,289 [pool-27-thread-1] INFO  server.RaftServerConfigKeys (ConfUtils.java:logGet(43)) - raft.server.rpc.timeout.min = 5s (custom)
2019-09-11 20:08:23,289 [pool-37-thread-1] INFO  server.RaftServerConfigKeys (ConfUtils.java:logGet(43)) - raft.server.log.appender.install.snapshot.enabled = false (custom)
2019-09-11 20:08:23,289 [pool-27-thread-1] INFO  server.RaftServerConfigKeys (ConfUtils.java:logGet(43)) - raft.server.rpc.timeout.max = 5200ms (custom)
2019-09-11 20:08:23,289 [pool-37-thread-1] INFO  impl.RaftServerImpl (ServerState.java:<init>(103)) - e0c56373-add1-4904-83f3-08b0a755b8ed@group-61D96FA8A4D2: ConfigurationManager, init=-1: [802f7a56-3ac2-455e-92a2-71244eb20cf7:192.168.36.83:33220, 9bb405f0-f563-4579-83ea-0bbe163a9fbc:192.168.36.83:46254, e0c56373-add1-4904-83f3-08b0a755b8ed:192.168.36.83:45126], old=null, confs=<EMPTY_MAP>
2019-09-11 20:08:23,289 [pool-27-thread-1] INFO  server.RaftServerConfigKeys (ConfUtils.java:logGet(43)) - raft.server.rpcslowness.timeout = 120s (custom)
2019-09-11 20:08:23,290 [pool-37-thread-1] INFO  server.RaftServerConfigKeys (ConfUtils.java:logGet(43)) - raft.server.storage.dir = [/workdir/hadoop-ozone/integration-test/target/test-dir/MiniOzoneClusterImpl-0a14e7f9-644e-4233-9ad1-c76f0b8b7528/datanode-1/data/ratis] (custom)
2019-09-11 20:08:23,290 [pool-27-thread-1] INFO  server.RaftServerConfigKeys (ConfUtils.java:logGet(43)) - raft.server.sleep.deviation.threshold = 300 (default)
2019-09-11 20:08:23,290 [pool-27-thread-1] INFO  server.RaftServerConfigKeys (ConfUtils.java:logGet(43)) - raft.server.log.appender.install.snapshot.enabled = false (custom)
2019-09-11 20:08:23,290 [pool-27-thread-1] INFO  impl.RaftServerImpl (ServerState.java:<init>(103)) - 9bb405f0-f563-4579-83ea-0bbe163a9fbc@group-61D96FA8A4D2: ConfigurationManager, init=-1: [802f7a56-3ac2-455e-92a2-71244eb20cf7:192.168.36.83:33220, 9bb405f0-f563-4579-83ea-0bbe163a9fbc:192.168.36.83:46254, e0c56373-add1-4904-83f3-08b0a755b8ed:192.168.36.83:45126], old=null, confs=<EMPTY_MAP>
2019-09-11 20:08:23,290 [pool-37-thread-1] INFO  storage.RaftStorageDirectory (RaftStorageDirectory.java:analyzeStorage(246)) - The storage directory /workdir/hadoop-ozone/integration-test/target/test-dir/MiniOzoneClusterImpl-0a14e7f9-644e-4233-9ad1-c76f0b8b7528/datanode-1/data/ratis/c7e82ce3-5b06-437e-9115-61d96fa8a4d2 does not exist. Creating ...
2019-09-11 20:08:23,290 [pool-27-thread-1] INFO  server.RaftServerConfigKeys (ConfUtils.java:logGet(43)) - raft.server.storage.dir = [/workdir/hadoop-ozone/integration-test/target/test-dir/MiniOzoneClusterImpl-0a14e7f9-644e-4233-9ad1-c76f0b8b7528/datanode-0/data/ratis] (custom)
2019-09-11 20:08:23,290 [pool-27-thread-1] INFO  storage.RaftStorageDirectory (RaftStorageDirectory.java:analyzeStorage(246)) - The storage directory /workdir/hadoop-ozone/integration-test/target/test-dir/MiniOzoneClusterImpl-0a14e7f9-644e-4233-9ad1-c76f0b8b7528/datanode-0/data/ratis/c7e82ce3-5b06-437e-9115-61d96fa8a4d2 does not exist. Creating ...
2019-09-11 20:08:23,303 [pool-27-thread-1] INFO  storage.RaftStorageDirectory (RaftStorageDirectory.java:tryLock(328)) - Lock on /workdir/hadoop-ozone/integration-test/target/test-dir/MiniOzoneClusterImpl-0a14e7f9-644e-4233-9ad1-c76f0b8b7528/datanode-0/data/ratis/c7e82ce3-5b06-437e-9115-61d96fa8a4d2/in_use.lock acquired by nodename 31903@pr-hdds-2096-jg2tg-1247294052
2019-09-11 20:08:23,303 [pool-37-thread-1] INFO  storage.RaftStorageDirectory (RaftStorageDirectory.java:tryLock(328)) - Lock on /workdir/hadoop-ozone/integration-test/target/test-dir/MiniOzoneClusterImpl-0a14e7f9-644e-4233-9ad1-c76f0b8b7528/datanode-1/data/ratis/c7e82ce3-5b06-437e-9115-61d96fa8a4d2/in_use.lock acquired by nodename 31903@pr-hdds-2096-jg2tg-1247294052
2019-09-11 20:08:23,303 [pool-57-thread-1] INFO  storage.RaftStorageDirectory (RaftStorageDirectory.java:tryLock(328)) - Lock on /workdir/hadoop-ozone/integration-test/target/test-dir/MiniOzoneClusterImpl-0a14e7f9-644e-4233-9ad1-c76f0b8b7528/datanode-3/data/ratis/c7e82ce3-5b06-437e-9115-61d96fa8a4d2/in_use.lock acquired by nodename 31903@pr-hdds-2096-jg2tg-1247294052
2019-09-11 20:08:23,317 [pool-27-thread-1] INFO  storage.RaftStorage (RaftStorage.java:format(72)) - Storage directory /workdir/hadoop-ozone/integration-test/target/test-dir/MiniOzoneClusterImpl-0a14e7f9-644e-4233-9ad1-c76f0b8b7528/datanode-0/data/ratis/c7e82ce3-5b06-437e-9115-61d96fa8a4d2 has been successfully formatted.
2019-09-11 20:08:23,317 [pool-37-thread-1] INFO  storage.RaftStorage (RaftStorage.java:format(72)) - Storage directory /workdir/hadoop-ozone/integration-test/target/test-dir/MiniOzoneClusterImpl-0a14e7f9-644e-4233-9ad1-c76f0b8b7528/datanode-1/data/ratis/c7e82ce3-5b06-437e-9115-61d96fa8a4d2 has been successfully formatted.
2019-09-11 20:08:23,317 [pool-57-thread-1] INFO  storage.RaftStorage (RaftStorage.java:format(72)) - Storage directory /workdir/hadoop-ozone/integration-test/target/test-dir/MiniOzoneClusterImpl-0a14e7f9-644e-4233-9ad1-c76f0b8b7528/datanode-3/data/ratis/c7e82ce3-5b06-437e-9115-61d96fa8a4d2 has been successfully formatted.
2019-09-11 20:08:23,317 [pool-37-thread-1] INFO  ratis.ContainerStateMachine (ContainerStateMachine.java:loadSnapshot(230)) - group-61D96FA8A4D2: The snapshot info is null. Setting the last applied indexto:(t:0, i:~)
2019-09-11 20:08:23,318 [pool-57-thread-1] INFO  ratis.ContainerStateMachine (ContainerStateMachine.java:loadSnapshot(230)) - group-61D96FA8A4D2: The snapshot info is null. Setting the last applied indexto:(t:0, i:~)
2019-09-11 20:08:23,317 [pool-27-thread-1] INFO  ratis.ContainerStateMachine (ContainerStateMachine.java:loadSnapshot(230)) - group-61D96FA8A4D2: The snapshot info is null. Setting the last applied indexto:(t:0, i:~)
2019-09-11 20:08:23,318 [pool-57-thread-1] INFO  server.RaftServerConfigKeys (ConfUtils.java:logGet(43)) - raft.server.notification.no-leader.timeout = 120s (custom)
2019-09-11 20:08:23,318 [pool-37-thread-1] INFO  server.RaftServerConfigKeys (ConfUtils.java:logGet(43)) - raft.server.notification.no-leader.timeout = 120s (custom)
2019-09-11 20:08:23,318 [pool-57-thread-1] INFO  server.RaftServerConfigKeys (ConfUtils.java:logGet(43)) - raft.server.log.use.memory = false (default)
2019-09-11 20:08:23,318 [pool-27-thread-1] INFO  server.RaftServerConfigKeys (ConfUtils.java:logGet(43)) - raft.server.notification.no-leader.timeout = 120s (custom)
2019-09-11 20:08:23,318 [pool-57-thread-1] INFO  server.RaftServerConfigKeys (ConfUtils.java:logGet(43)) - raft.server.log.purge.gap = 1000000 (custom)
2019-09-11 20:08:23,318 [pool-37-thread-1] INFO  server.RaftServerConfigKeys (ConfUtils.java:logGet(43)) - raft.server.log.use.memory = false (default)
2019-09-11 20:08:23,318 [pool-57-thread-1] INFO  server.RaftServerConfigKeys (ConfUtils.java:logGet(43)) - raft.server.log.appender.buffer.byte-limit = 33554432 (custom)
2019-09-11 20:08:23,318 [pool-27-thread-1] INFO  server.RaftServerConfigKeys (ConfUtils.java:logGet(43)) - raft.server.log.use.memory = false (default)
2019-09-11 20:08:23,318 [pool-57-thread-1] INFO  server.RaftServerConfigKeys (ConfUtils.java:logGet(43)) - raft.server.log.segment.size.max = 1048576 (custom)
2019-09-11 20:08:23,318 [pool-37-thread-1] INFO  server.RaftServerConfigKeys (ConfUtils.java:logGet(43)) - raft.server.log.purge.gap = 1000000 (custom)
2019-09-11 20:08:23,319 [pool-57-thread-1] INFO  server.RaftServerConfigKeys (ConfUtils.java:logGet(43)) - raft.server.log.segment.cache.num.max = 2 (custom)
2019-09-11 20:08:23,319 [pool-27-thread-1] INFO  server.RaftServerConfigKeys (ConfUtils.java:logGet(43)) - raft.server.log.purge.gap = 1000000 (custom)
2019-09-11 20:08:23,319 [pool-57-thread-1] INFO  segmented.SegmentedRaftLogWorker (SegmentedRaftLogWorker.java:<init>(172)) - new 802f7a56-3ac2-455e-92a2-71244eb20cf7@group-61D96FA8A4D2-SegmentedRaftLogWorker for RaftStorage:Storage Directory /workdir/hadoop-ozone/integration-test/target/test-dir/MiniOzoneClusterImpl-0a14e7f9-644e-4233-9ad1-c76f0b8b7528/datanode-3/data/ratis/c7e82ce3-5b06-437e-9115-61d96fa8a4d2
2019-09-11 20:08:23,319 [pool-37-thread-1] INFO  server.RaftServerConfigKeys (ConfUtils.java:logGet(43)) - raft.server.log.appender.buffer.byte-limit = 33554432 (custom)
2019-09-11 20:08:23,319 [pool-57-thread-1] INFO  server.RaftServerConfigKeys (ConfUtils.java:logGet(43)) - raft.server.log.queue.byte-limit = 2147483647 (custom)
2019-09-11 20:08:23,319 [pool-27-thread-1] INFO  server.RaftServerConfigKeys (ConfUtils.java:logGet(43)) - raft.server.log.appender.buffer.byte-limit = 33554432 (custom)
2019-09-11 20:08:23,319 [pool-57-thread-1] INFO  server.RaftServerConfigKeys (ConfUtils.java:logGet(43)) - raft.server.log.queue.element-limit = 1024 (custom)
2019-09-11 20:08:23,319 [pool-37-thread-1] INFO  server.RaftServerConfigKeys (ConfUtils.java:logGet(43)) - raft.server.log.segment.size.max = 1048576 (custom)
2019-09-11 20:08:23,319 [pool-57-thread-1] INFO  server.RaftServerConfigKeys (ConfUtils.java:logGet(43)) - raft.server.log.segment.size.max = 1048576 (custom)
2019-09-11 20:08:23,319 [pool-27-thread-1] INFO  server.RaftServerConfigKeys (ConfUtils.java:logGet(43)) - raft.server.log.segment.size.max = 1048576 (custom)
2019-09-11 20:08:23,320 [pool-57-thread-1] INFO  server.RaftServerConfigKeys (ConfUtils.java:logGet(43)) - raft.server.log.preallocated.size = 16384 (custom)
2019-09-11 20:08:23,320 [pool-57-thread-1] INFO  server.RaftServerConfigKeys (ConfUtils.java:logGet(43)) - raft.server.log.write.buffer.size = 33554432 (custom)
2019-09-11 20:08:23,320 [pool-37-thread-1] INFO  server.RaftServerConfigKeys (ConfUtils.java:logGet(43)) - raft.server.log.segment.cache.num.max = 2 (custom)
2019-09-11 20:08:23,320 [pool-57-thread-1] INFO  server.RaftServerConfigKeys (ConfUtils.java:logGet(43)) - raft.server.log.force.sync.num = 128 (default)
2019-09-11 20:08:23,320 [pool-27-thread-1] INFO  server.RaftServerConfigKeys (ConfUtils.java:logGet(43)) - raft.server.log.segment.cache.num.max = 2 (custom)
2019-09-11 20:08:23,320 [pool-57-thread-1] INFO  server.RaftServerConfigKeys (ConfUtils.java:logGet(43)) - raft.server.log.statemachine.data.sync = true (default)
2019-09-11 20:08:23,320 [pool-37-thread-1] INFO  segmented.SegmentedRaftLogWorker (SegmentedRaftLogWorker.java:<init>(172)) - new e0c56373-add1-4904-83f3-08b0a755b8ed@group-61D96FA8A4D2-SegmentedRaftLogWorker for RaftStorage:Storage Directory /workdir/hadoop-ozone/integration-test/target/test-dir/MiniOzoneClusterImpl-0a14e7f9-644e-4233-9ad1-c76f0b8b7528/datanode-1/data/ratis/c7e82ce3-5b06-437e-9115-61d96fa8a4d2
2019-09-11 20:08:23,320 [pool-57-thread-1] INFO  server.RaftServerConfigKeys (ConfUtils.java:logGet(43)) - raft.server.log.statemachine.data.sync.timeout = 10s (default)
2019-09-11 20:08:23,320 [pool-27-thread-1] INFO  segmented.SegmentedRaftLogWorker (SegmentedRaftLogWorker.java:<init>(172)) - new 9bb405f0-f563-4579-83ea-0bbe163a9fbc@group-61D96FA8A4D2-SegmentedRaftLogWorker for RaftStorage:Storage Directory /workdir/hadoop-ozone/integration-test/target/test-dir/MiniOzoneClusterImpl-0a14e7f9-644e-4233-9ad1-c76f0b8b7528/datanode-0/data/ratis/c7e82ce3-5b06-437e-9115-61d96fa8a4d2
2019-09-11 20:08:23,321 [pool-57-thread-1] INFO  server.RaftServerConfigKeys (ConfUtils.java:logGet(43)) - raft.server.log.statemachine.data.sync.timeout.retry = -1 (default)
2019-09-11 20:08:23,321 [pool-37-thread-1] INFO  server.RaftServerConfigKeys (ConfUtils.java:logGet(43)) - raft.server.log.queue.byte-limit = 2147483647 (custom)
2019-09-11 20:08:23,321 [pool-57-thread-1] INFO  server.RaftServerConfigKeys (ConfUtils.java:logGet(43)) - raft.server.log.statemachine.data.caching.enabled = true (custom)
2019-09-11 20:08:23,321 [pool-27-thread-1] INFO  server.RaftServerConfigKeys (ConfUtils.java:logGet(43)) - raft.server.log.queue.byte-limit = 2147483647 (custom)
2019-09-11 20:08:23,321 [pool-37-thread-1] INFO  server.RaftServerConfigKeys (ConfUtils.java:logGet(43)) - raft.server.log.queue.element-limit = 1024 (custom)
2019-09-11 20:08:23,321 [pool-57-thread-1] INFO  segmented.SegmentedRaftLogWorker (SegmentedRaftLogWorker.java:lambda$new$0(132)) - 802f7a56-3ac2-455e-92a2-71244eb20cf7@group-61D96FA8A4D2-SegmentedRaftLogWorker: flushIndex: setUnconditionally 0 -> -1
2019-09-11 20:08:23,321 [pool-27-thread-1] INFO  server.RaftServerConfigKeys (ConfUtils.java:logGet(43)) - raft.server.log.queue.element-limit = 1024 (custom)
2019-09-11 20:08:23,321 [pool-37-thread-1] INFO  server.RaftServerConfigKeys (ConfUtils.java:logGet(43)) - raft.server.log.segment.size.max = 1048576 (custom)
2019-09-11 20:08:23,321 [pool-27-thread-1] INFO  server.RaftServerConfigKeys (ConfUtils.java:logGet(43)) - raft.server.log.segment.size.max = 1048576 (custom)
2019-09-11 20:08:23,322 [pool-37-thread-1] INFO  server.RaftServerConfigKeys (ConfUtils.java:logGet(43)) - raft.server.log.preallocated.size = 16384 (custom)
2019-09-11 20:08:23,322 [pool-57-thread-1] INFO  server.RaftServerConfigKeys (ConfUtils.java:logGet(43)) - raft.server.snapshot.auto.trigger.enabled = true (custom)
2019-09-11 20:08:23,322 [pool-37-thread-1] INFO  server.RaftServerConfigKeys (ConfUtils.java:logGet(43)) - raft.server.log.write.buffer.size = 33554432 (custom)
2019-09-11 20:08:23,322 [pool-37-thread-1] INFO  server.RaftServerConfigKeys (ConfUtils.java:logGet(43)) - raft.server.log.force.sync.num = 128 (default)
2019-09-11 20:08:23,322 [pool-27-thread-1] INFO  server.RaftServerConfigKeys (ConfUtils.java:logGet(43)) - raft.server.log.preallocated.size = 16384 (custom)
2019-09-11 20:08:23,322 [pool-37-thread-1] INFO  server.RaftServerConfigKeys (ConfUtils.java:logGet(43)) - raft.server.log.statemachine.data.sync = true (default)
2019-09-11 20:08:23,322 [pool-57-thread-1] INFO  server.RaftServerConfigKeys (ConfUtils.java:logGet(43)) - raft.server.snapshot.auto.trigger.threshold = 10000 (custom)
2019-09-11 20:08:23,322 [pool-37-thread-1] INFO  server.RaftServerConfigKeys (ConfUtils.java:logGet(43)) - raft.server.log.statemachine.data.sync.timeout = 10s (default)
2019-09-11 20:08:23,322 [pool-27-thread-1] INFO  server.RaftServerConfigKeys (ConfUtils.java:logGet(43)) - raft.server.log.write.buffer.size = 33554432 (custom)
2019-09-11 20:08:23,323 [pool-37-thread-1] INFO  server.RaftServerConfigKeys (ConfUtils.java:logGet(43)) - raft.server.log.statemachine.data.sync.timeout.retry = -1 (default)
2019-09-11 20:08:23,322 [pool-57-thread-1] INFO  server.RaftServerConfigKeys (ConfUtils.java:logGet(43)) - raft.server.snapshot.retention.num.files = -1 (default)
2019-09-11 20:08:23,323 [pool-37-thread-1] INFO  server.RaftServerConfigKeys (ConfUtils.java:logGet(43)) - raft.server.log.statemachine.data.caching.enabled = true (custom)
2019-09-11 20:08:23,323 [pool-27-thread-1] INFO  server.RaftServerConfigKeys (ConfUtils.java:logGet(43)) - raft.server.log.force.sync.num = 128 (default)
2019-09-11 20:08:23,323 [pool-57-thread-1] INFO  server.RaftServerConfigKeys (ConfUtils.java:logGet(43)) - raft.server.retrycache.expirytime = 600000ms (custom)
2019-09-11 20:08:23,323 [pool-27-thread-1] INFO  server.RaftServerConfigKeys (ConfUtils.java:logGet(43)) - raft.server.log.statemachine.data.sync = true (default)
2019-09-11 20:08:23,323 [pool-37-thread-1] INFO  segmented.SegmentedRaftLogWorker (SegmentedRaftLogWorker.java:lambda$new$0(132)) - e0c56373-add1-4904-83f3-08b0a755b8ed@group-61D96FA8A4D2-SegmentedRaftLogWorker: flushIndex: setUnconditionally 0 -> -1
2019-09-11 20:08:23,323 [pool-27-thread-1] INFO  server.RaftServerConfigKeys (ConfUtils.java:logGet(43)) - raft.server.log.statemachine.data.sync.timeout = 10s (default)
2019-09-11 20:08:23,324 [pool-27-thread-1] INFO  server.RaftServerConfigKeys (ConfUtils.java:logGet(43)) - raft.server.log.statemachine.data.sync.timeout.retry = -1 (default)
2019-09-11 20:08:23,324 [pool-37-thread-1] INFO  server.RaftServerConfigKeys (ConfUtils.java:logGet(43)) - raft.server.snapshot.auto.trigger.enabled = true (custom)
2019-09-11 20:08:23,324 [pool-27-thread-1] INFO  server.RaftServerConfigKeys (ConfUtils.java:logGet(43)) - raft.server.log.statemachine.data.caching.enabled = true (custom)
2019-09-11 20:08:23,324 [pool-37-thread-1] INFO  server.RaftServerConfigKeys (ConfUtils.java:logGet(43)) - raft.server.snapshot.auto.trigger.threshold = 10000 (custom)
2019-09-11 20:08:23,324 [pool-27-thread-1] INFO  segmented.SegmentedRaftLogWorker (SegmentedRaftLogWorker.java:lambda$new$0(132)) - 9bb405f0-f563-4579-83ea-0bbe163a9fbc@group-61D96FA8A4D2-SegmentedRaftLogWorker: flushIndex: setUnconditionally 0 -> -1
2019-09-11 20:08:23,324 [pool-37-thread-1] INFO  server.RaftServerConfigKeys (ConfUtils.java:logGet(43)) - raft.server.snapshot.retention.num.files = -1 (default)
2019-09-11 20:08:23,324 [pool-27-thread-1] INFO  server.RaftServerConfigKeys (ConfUtils.java:logGet(43)) - raft.server.snapshot.auto.trigger.enabled = true (custom)
2019-09-11 20:08:23,324 [pool-37-thread-1] INFO  server.RaftServerConfigKeys (ConfUtils.java:logGet(43)) - raft.server.retrycache.expirytime = 600000ms (custom)
2019-09-11 20:08:23,324 [pool-27-thread-1] INFO  server.RaftServerConfigKeys (ConfUtils.java:logGet(43)) - raft.server.snapshot.auto.trigger.threshold = 10000 (custom)
2019-09-11 20:08:23,324 [pool-27-thread-1] INFO  server.RaftServerConfigKeys (ConfUtils.java:logGet(43)) - raft.server.snapshot.retention.num.files = -1 (default)
2019-09-11 20:08:23,325 [pool-27-thread-1] INFO  server.RaftServerConfigKeys (ConfUtils.java:logGet(43)) - raft.server.retrycache.expirytime = 600000ms (custom)
2019-09-11 20:08:23,325 [pool-57-thread-1] INFO  impl.RaftServerImpl (RaftServerImpl.java:start(185)) - 802f7a56-3ac2-455e-92a2-71244eb20cf7@group-61D96FA8A4D2: start as a follower, conf=-1: [802f7a56-3ac2-455e-92a2-71244eb20cf7:192.168.36.83:33220, 9bb405f0-f563-4579-83ea-0bbe163a9fbc:192.168.36.83:46254, e0c56373-add1-4904-83f3-08b0a755b8ed:192.168.36.83:45126], old=null
2019-09-11 20:08:23,326 [pool-57-thread-1] INFO  impl.RaftServerImpl (RaftServerImpl.java:setRole(174)) - 802f7a56-3ac2-455e-92a2-71244eb20cf7@group-61D96FA8A4D2: changes role from      null to FOLLOWER at term 0 for startAsFollower
2019-09-11 20:08:23,326 [pool-57-thread-1] INFO  impl.RoleInfo (RoleInfo.java:updateAndGet(143)) - 802f7a56-3ac2-455e-92a2-71244eb20cf7: start FollowerState
2019-09-11 20:08:23,341 [pool-57-thread-1] INFO  util.JmxRegister (JmxRegister.java:tryRegister(44)) - Successfully registered JMX Bean with object name Ratis:service=RaftServer,group=group-61D96FA8A4D2,id=802f7a56-3ac2-455e-92a2-71244eb20cf7
2019-09-11 20:08:23,351 [pool-37-thread-1] INFO  impl.RaftServerImpl (RaftServerImpl.java:start(185)) - e0c56373-add1-4904-83f3-08b0a755b8ed@group-61D96FA8A4D2: start as a follower, conf=-1: [802f7a56-3ac2-455e-92a2-71244eb20cf7:192.168.36.83:33220, 9bb405f0-f563-4579-83ea-0bbe163a9fbc:192.168.36.83:46254, e0c56373-add1-4904-83f3-08b0a755b8ed:192.168.36.83:45126], old=null
2019-09-11 20:08:23,351 [pool-27-thread-1] INFO  impl.RaftServerImpl (RaftServerImpl.java:start(185)) - 9bb405f0-f563-4579-83ea-0bbe163a9fbc@group-61D96FA8A4D2: start as a follower, conf=-1: [802f7a56-3ac2-455e-92a2-71244eb20cf7:192.168.36.83:33220, 9bb405f0-f563-4579-83ea-0bbe163a9fbc:192.168.36.83:46254, e0c56373-add1-4904-83f3-08b0a755b8ed:192.168.36.83:45126], old=null
2019-09-11 20:08:23,351 [pool-37-thread-1] INFO  impl.RaftServerImpl (RaftServerImpl.java:setRole(174)) - e0c56373-add1-4904-83f3-08b0a755b8ed@group-61D96FA8A4D2: changes role from      null to FOLLOWER at term 0 for startAsFollower
2019-09-11 20:08:23,351 [pool-27-thread-1] INFO  impl.RaftServerImpl (RaftServerImpl.java:setRole(174)) - 9bb405f0-f563-4579-83ea-0bbe163a9fbc@group-61D96FA8A4D2: changes role from      null to FOLLOWER at term 0 for startAsFollower
2019-09-11 20:08:23,351 [pool-37-thread-1] INFO  impl.RoleInfo (RoleInfo.java:updateAndGet(143)) - e0c56373-add1-4904-83f3-08b0a755b8ed: start FollowerState
2019-09-11 20:08:23,351 [pool-27-thread-1] INFO  impl.RoleInfo (RoleInfo.java:updateAndGet(143)) - 9bb405f0-f563-4579-83ea-0bbe163a9fbc: start FollowerState
2019-09-11 20:08:23,352 [pool-37-thread-1] INFO  util.JmxRegister (JmxRegister.java:tryRegister(44)) - Successfully registered JMX Bean with object name Ratis:service=RaftServer,group=group-61D96FA8A4D2,id=e0c56373-add1-4904-83f3-08b0a755b8ed
2019-09-11 20:08:23,352 [pool-27-thread-1] INFO  util.JmxRegister (JmxRegister.java:tryRegister(44)) - Successfully registered JMX Bean with object name Ratis:service=RaftServer,group=group-61D96FA8A4D2,id=9bb405f0-f563-4579-83ea-0bbe163a9fbc
2019-09-11 20:08:23,354 [RatisPipelineUtilsThread] INFO  pipeline.PipelineStateManager (PipelineStateManager.java:addPipeline(56)) - Created pipeline Pipeline[ Id: c7e82ce3-5b06-437e-9115-61d96fa8a4d2, Nodes: 802f7a56-3ac2-455e-92a2-71244eb20cf7{ip: 192.168.36.83, host: pr-hdds-2096-jg2tg-1247294052, networkLocation: /default-rack, certSerialId: null}e0c56373-add1-4904-83f3-08b0a755b8ed{ip: 192.168.36.83, host: pr-hdds-2096-jg2tg-1247294052, networkLocation: /default-rack, certSerialId: null}9bb405f0-f563-4579-83ea-0bbe163a9fbc{ip: 192.168.36.83, host: pr-hdds-2096-jg2tg-1247294052, networkLocation: /default-rack, certSerialId: null}, Type:RATIS, Factor:THREE, State:OPEN]
2019-09-11 20:08:23,691 [main] WARN  io.KeyOutputStream (KeyOutputStream.java:handleException(276)) - Encountered exception java.io.IOException: Unexpected Storage Container Exception: java.util.concurrent.CompletionException: java.util.concurrent.CompletionException: org.apache.ratis.protocol.GroupMismatchException: e0c56373-add1-4904-83f3-08b0a755b8ed: group-C7A422292FA5 not found. on the pipeline Pipeline[ Id: a5e33a2e-eade-4ad2-a9ca-c7a422292fa5, Nodes: 802f7a56-3ac2-455e-92a2-71244eb20cf7{ip: 192.168.36.83, host: pr-hdds-2096-jg2tg-1247294052, networkLocation: /default-rack, certSerialId: null}e0c56373-add1-4904-83f3-08b0a755b8ed{ip: 192.168.36.83, host: pr-hdds-2096-jg2tg-1247294052, networkLocation: /default-rack, certSerialId: null}9bb405f0-f563-4579-83ea-0bbe163a9fbc{ip: 192.168.36.83, host: pr-hdds-2096-jg2tg-1247294052, networkLocation: /default-rack, certSerialId: null}, Type:RATIS, Factor:THREE, State:OPEN]. The last committed block length is 0, uncommitted data length is 400 retry count 0
2019-09-11 20:08:23,732 [grpc-default-executor-8] INFO  client.GrpcClientProtocolClient (GrpcClientProtocolClient.java:onNext(264)) - client-1170F4C7A823->802f7a56-3ac2-455e-92a2-71244eb20cf7: receive RaftClientReply:client-1170F4C7A823->802f7a56-3ac2-455e-92a2-71244eb20cf7@group-61D96FA8A4D2, cid=233, FAILED org.apache.ratis.protocol.NotLeaderException: Server 802f7a56-3ac2-455e-92a2-71244eb20cf7@group-61D96FA8A4D2 is not the leader, logIndex=0, commits[802f7a56-3ac2-455e-92a2-71244eb20cf7:c-1]
2019-09-11 20:08:24,753 [grpc-default-executor-6] INFO  client.GrpcClientProtocolClient (GrpcClientProtocolClient.java:onNext(264)) - client-1170F4C7A823->e0c56373-add1-4904-83f3-08b0a755b8ed: receive RaftClientReply:client-1170F4C7A823->e0c56373-add1-4904-83f3-08b0a755b8ed@group-61D96FA8A4D2, cid=233, FAILED org.apache.ratis.protocol.NotLeaderException: Server e0c56373-add1-4904-83f3-08b0a755b8ed@group-61D96FA8A4D2 is not the leader, logIndex=0, commits[e0c56373-add1-4904-83f3-08b0a755b8ed:c-1]
2019-09-11 20:08:25,770 [grpc-default-executor-6] INFO  client.GrpcClientProtocolClient (GrpcClientProtocolClient.java:onNext(264)) - client-1170F4C7A823->802f7a56-3ac2-455e-92a2-71244eb20cf7: receive RaftClientReply:client-1170F4C7A823->802f7a56-3ac2-455e-92a2-71244eb20cf7@group-61D96FA8A4D2, cid=233, FAILED org.apache.ratis.protocol.NotLeaderException: Server 802f7a56-3ac2-455e-92a2-71244eb20cf7@group-61D96FA8A4D2 is not the leader, logIndex=0, commits[802f7a56-3ac2-455e-92a2-71244eb20cf7:c-1]
2019-09-11 20:08:25,917 [grpc-default-executor-6] INFO  impl.RaftServerProxy (RaftServerProxy.java:remove(95)) - 802f7a56-3ac2-455e-92a2-71244eb20cf7: remove group-C7A422292FA5:null
2019-09-11 20:08:25,920 [RatisPipelineUtilsThread] WARN  pipeline.RatisPipelineUtils (RatisPipelineUtils.java:destroyPipeline(66)) - Pipeline destroy failed for pipeline=PipelineID=a5e33a2e-eade-4ad2-a9ca-c7a422292fa5 dn=802f7a56-3ac2-455e-92a2-71244eb20cf7{ip: 192.168.36.83, host: pr-hdds-2096-jg2tg-1247294052, networkLocation: /default-rack, certSerialId: null}
2019-09-11 20:08:25,922 [grpc-default-executor-6] INFO  impl.RaftServerProxy (RaftServerProxy.java:remove(95)) - e0c56373-add1-4904-83f3-08b0a755b8ed: remove group-C7A422292FA5:null
2019-09-11 20:08:25,924 [RatisPipelineUtilsThread] WARN  pipeline.RatisPipelineUtils (RatisPipelineUtils.java:destroyPipeline(66)) - Pipeline destroy failed for pipeline=PipelineID=a5e33a2e-eade-4ad2-a9ca-c7a422292fa5 dn=e0c56373-add1-4904-83f3-08b0a755b8ed{ip: 192.168.36.83, host: pr-hdds-2096-jg2tg-1247294052, networkLocation: /default-rack, certSerialId: null}
2019-09-11 20:08:25,926 [grpc-default-executor-6] INFO  impl.RaftServerProxy (RaftServerProxy.java:remove(95)) - 9bb405f0-f563-4579-83ea-0bbe163a9fbc: remove group-C7A422292FA5:null
2019-09-11 20:08:25,927 [RatisPipelineUtilsThread] WARN  pipeline.RatisPipelineUtils (RatisPipelineUtils.java:destroyPipeline(66)) - Pipeline destroy failed for pipeline=PipelineID=a5e33a2e-eade-4ad2-a9ca-c7a422292fa5 dn=9bb405f0-f563-4579-83ea-0bbe163a9fbc{ip: 192.168.36.83, host: pr-hdds-2096-jg2tg-1247294052, networkLocation: /default-rack, certSerialId: null}
2019-09-11 20:08:25,928 [RatisPipelineUtilsThread] ERROR pipeline.SCMPipelineManager (Scheduler.java:lambda$schedule$1(70)) - Destroy pipeline failed for pipeline:Pipeline[ Id: a5e33a2e-eade-4ad2-a9ca-c7a422292fa5, Nodes: 802f7a56-3ac2-455e-92a2-71244eb20cf7{ip: 192.168.36.83, host: pr-hdds-2096-jg2tg-1247294052, networkLocation: /default-rack, certSerialId: null}e0c56373-add1-4904-83f3-08b0a755b8ed{ip: 192.168.36.83, host: pr-hdds-2096-jg2tg-1247294052, networkLocation: /default-rack, certSerialId: null}9bb405f0-f563-4579-83ea-0bbe163a9fbc{ip: 192.168.36.83, host: pr-hdds-2096-jg2tg-1247294052, networkLocation: /default-rack, certSerialId: null}, Type:RATIS, Factor:THREE, State:CLOSED]
org.apache.hadoop.hdds.scm.pipeline.PipelineNotFoundException: PipelineID=a5e33a2e-eade-4ad2-a9ca-c7a422292fa5 not found
	at org.apache.hadoop.hdds.scm.pipeline.PipelineStateMap.getPipeline(PipelineStateMap.java:132)
	at org.apache.hadoop.hdds.scm.pipeline.PipelineStateMap.removePipeline(PipelineStateMap.java:322)
	at org.apache.hadoop.hdds.scm.pipeline.PipelineStateManager.removePipeline(PipelineStateManager.java:107)
	at org.apache.hadoop.hdds.scm.pipeline.SCMPipelineManager.removePipeline(SCMPipelineManager.java:423)
	at org.apache.hadoop.hdds.scm.pipeline.SCMPipelineManager.destroyPipeline(SCMPipelineManager.java:409)
	at org.apache.hadoop.hdds.scm.pipeline.SCMPipelineManager.lambda$finalizeAndDestroyPipeline$0(SCMPipelineManager.java:318)
	at org.apache.hadoop.utils.Scheduler.lambda$schedule$1(Scheduler.java:68)
	at java.util.concurrent.Executors$RunnableAdapter.call(Executors.java:511)
	at java.util.concurrent.FutureTask.run(FutureTask.java:266)
	at java.util.concurrent.ScheduledThreadPoolExecutor$ScheduledFutureTask.access$201(ScheduledThreadPoolExecutor.java:180)
	at java.util.concurrent.ScheduledThreadPoolExecutor$ScheduledFutureTask.run(ScheduledThreadPoolExecutor.java:293)
	at java.util.concurrent.ThreadPoolExecutor.runWorker(ThreadPoolExecutor.java:1149)
	at java.util.concurrent.ThreadPoolExecutor$Worker.run(ThreadPoolExecutor.java:624)
	at java.lang.Thread.run(Thread.java:748)
2019-09-11 20:08:26,791 [grpc-default-executor-8] INFO  client.GrpcClientProtocolClient (GrpcClientProtocolClient.java:onNext(264)) - client-1170F4C7A823->9bb405f0-f563-4579-83ea-0bbe163a9fbc: receive RaftClientReply:client-1170F4C7A823->9bb405f0-f563-4579-83ea-0bbe163a9fbc@group-61D96FA8A4D2, cid=233, FAILED org.apache.ratis.protocol.NotLeaderException: Server 9bb405f0-f563-4579-83ea-0bbe163a9fbc@group-61D96FA8A4D2 is not the leader, logIndex=0, commits[9bb405f0-f563-4579-83ea-0bbe163a9fbc:c-1]
2019-09-11 20:08:27,812 [grpc-default-executor-8] INFO  client.GrpcClientProtocolClient (GrpcClientProtocolClient.java:onNext(264)) - client-1170F4C7A823->802f7a56-3ac2-455e-92a2-71244eb20cf7: receive RaftClientReply:client-1170F4C7A823->802f7a56-3ac2-455e-92a2-71244eb20cf7@group-61D96FA8A4D2, cid=233, FAILED org.apache.ratis.protocol.NotLeaderException: Server 802f7a56-3ac2-455e-92a2-71244eb20cf7@group-61D96FA8A4D2 is not the leader, logIndex=0, commits[802f7a56-3ac2-455e-92a2-71244eb20cf7:c-1]
2019-09-11 20:08:27,920 [grpc-default-executor-6] INFO  impl.RaftServerProxy (RaftServerProxy.java:remove(95)) - 802f7a56-3ac2-455e-92a2-71244eb20cf7: remove group-C7A422292FA5:null
2019-09-11 20:08:27,924 [RatisPipelineUtilsThread] WARN  pipeline.RatisPipelineUtils (RatisPipelineUtils.java:destroyPipeline(66)) - Pipeline destroy failed for pipeline=PipelineID=a5e33a2e-eade-4ad2-a9ca-c7a422292fa5 dn=802f7a56-3ac2-455e-92a2-71244eb20cf7{ip: 192.168.36.83, host: pr-hdds-2096-jg2tg-1247294052, networkLocation: /default-rack, certSerialId: null}
2019-09-11 20:08:27,926 [grpc-default-executor-6] INFO  impl.RaftServerProxy (RaftServerProxy.java:remove(95)) - e0c56373-add1-4904-83f3-08b0a755b8ed: remove group-C7A422292FA5:null
2019-09-11 20:08:27,928 [RatisPipelineUtilsThread] WARN  pipeline.RatisPipelineUtils (RatisPipelineUtils.java:destroyPipeline(66)) - Pipeline destroy failed for pipeline=PipelineID=a5e33a2e-eade-4ad2-a9ca-c7a422292fa5 dn=e0c56373-add1-4904-83f3-08b0a755b8ed{ip: 192.168.36.83, host: pr-hdds-2096-jg2tg-1247294052, networkLocation: /default-rack, certSerialId: null}
2019-09-11 20:08:27,931 [grpc-default-executor-6] INFO  impl.RaftServerProxy (RaftServerProxy.java:remove(95)) - 9bb405f0-f563-4579-83ea-0bbe163a9fbc: remove group-C7A422292FA5:null
2019-09-11 20:08:27,933 [RatisPipelineUtilsThread] WARN  pipeline.RatisPipelineUtils (RatisPipelineUtils.java:destroyPipeline(66)) - Pipeline destroy failed for pipeline=PipelineID=a5e33a2e-eade-4ad2-a9ca-c7a422292fa5 dn=9bb405f0-f563-4579-83ea-0bbe163a9fbc{ip: 192.168.36.83, host: pr-hdds-2096-jg2tg-1247294052, networkLocation: /default-rack, certSerialId: null}
2019-09-11 20:08:27,933 [RatisPipelineUtilsThread] ERROR pipeline.SCMPipelineManager (Scheduler.java:lambda$schedule$1(70)) - Destroy pipeline failed for pipeline:Pipeline[ Id: a5e33a2e-eade-4ad2-a9ca-c7a422292fa5, Nodes: 802f7a56-3ac2-455e-92a2-71244eb20cf7{ip: 192.168.36.83, host: pr-hdds-2096-jg2tg-1247294052, networkLocation: /default-rack, certSerialId: null}e0c56373-add1-4904-83f3-08b0a755b8ed{ip: 192.168.36.83, host: pr-hdds-2096-jg2tg-1247294052, networkLocation: /default-rack, certSerialId: null}9bb405f0-f563-4579-83ea-0bbe163a9fbc{ip: 192.168.36.83, host: pr-hdds-2096-jg2tg-1247294052, networkLocation: /default-rack, certSerialId: null}, Type:RATIS, Factor:THREE, State:CLOSED]
org.apache.hadoop.hdds.scm.pipeline.PipelineNotFoundException: PipelineID=a5e33a2e-eade-4ad2-a9ca-c7a422292fa5 not found
	at org.apache.hadoop.hdds.scm.pipeline.PipelineStateMap.getPipeline(PipelineStateMap.java:132)
	at org.apache.hadoop.hdds.scm.pipeline.PipelineStateMap.removePipeline(PipelineStateMap.java:322)
	at org.apache.hadoop.hdds.scm.pipeline.PipelineStateManager.removePipeline(PipelineStateManager.java:107)
	at org.apache.hadoop.hdds.scm.pipeline.SCMPipelineManager.removePipeline(SCMPipelineManager.java:423)
	at org.apache.hadoop.hdds.scm.pipeline.SCMPipelineManager.destroyPipeline(SCMPipelineManager.java:409)
	at org.apache.hadoop.hdds.scm.pipeline.SCMPipelineManager.lambda$finalizeAndDestroyPipeline$0(SCMPipelineManager.java:318)
	at org.apache.hadoop.utils.Scheduler.lambda$schedule$1(Scheduler.java:68)
	at java.util.concurrent.Executors$RunnableAdapter.call(Executors.java:511)
	at java.util.concurrent.FutureTask.run(FutureTask.java:266)
	at java.util.concurrent.ScheduledThreadPoolExecutor$ScheduledFutureTask.access$201(ScheduledThreadPoolExecutor.java:180)
	at java.util.concurrent.ScheduledThreadPoolExecutor$ScheduledFutureTask.run(ScheduledThreadPoolExecutor.java:293)
	at java.util.concurrent.ThreadPoolExecutor.runWorker(ThreadPoolExecutor.java:1149)
	at java.util.concurrent.ThreadPoolExecutor$Worker.run(ThreadPoolExecutor.java:624)
	at java.lang.Thread.run(Thread.java:748)
2019-09-11 20:08:28,449 [Thread-1965] INFO  impl.FollowerState (FollowerState.java:run(106)) - 802f7a56-3ac2-455e-92a2-71244eb20cf7:group-61D96FA8A4D2 changes to CANDIDATE, lastRpcTime:5123, electionTimeout:5123ms
2019-09-11 20:08:28,450 [Thread-1965] INFO  impl.RoleInfo (RoleInfo.java:shutdownFollowerState(121)) - 802f7a56-3ac2-455e-92a2-71244eb20cf7: shutdown FollowerState
2019-09-11 20:08:28,450 [Thread-1965] INFO  impl.RaftServerImpl (RaftServerImpl.java:setRole(174)) - 802f7a56-3ac2-455e-92a2-71244eb20cf7@group-61D96FA8A4D2: changes role from  FOLLOWER to CANDIDATE at term 0 for changeToCandidate
2019-09-11 20:08:28,450 [Thread-1965] INFO  impl.RoleInfo (RoleInfo.java:updateAndGet(143)) - 802f7a56-3ac2-455e-92a2-71244eb20cf7: start LeaderElection
2019-09-11 20:08:28,483 [802f7a56-3ac2-455e-92a2-71244eb20cf7@group-61D96FA8A4D2:LeaderElection14] INFO  impl.LeaderElection (LeaderElection.java:askForVotes(182)) - 802f7a56-3ac2-455e-92a2-71244eb20cf7@group-61D96FA8A4D2:LeaderElection14: begin an election at term 1 for -1: [802f7a56-3ac2-455e-92a2-71244eb20cf7:192.168.36.83:33220, 9bb405f0-f563-4579-83ea-0bbe163a9fbc:192.168.36.83:46254, e0c56373-add1-4904-83f3-08b0a755b8ed:192.168.36.83:45126], old=null
2019-09-11 20:08:28,492 [grpc-default-executor-8] INFO  impl.RaftServerImpl (RaftServerImpl.java:setRole(174)) - e0c56373-add1-4904-83f3-08b0a755b8ed@group-61D96FA8A4D2: changes role from  FOLLOWER to FOLLOWER at term 1 for recognizeCandidate:802f7a56-3ac2-455e-92a2-71244eb20cf7
2019-09-11 20:08:28,492 [grpc-default-executor-6] INFO  impl.RaftServerImpl (RaftServerImpl.java:setRole(174)) - 9bb405f0-f563-4579-83ea-0bbe163a9fbc@group-61D96FA8A4D2: changes role from  FOLLOWER to FOLLOWER at term 1 for recognizeCandidate:802f7a56-3ac2-455e-92a2-71244eb20cf7
2019-09-11 20:08:28,492 [grpc-default-executor-8] INFO  impl.RoleInfo (RoleInfo.java:shutdownFollowerState(121)) - e0c56373-add1-4904-83f3-08b0a755b8ed: shutdown FollowerState
2019-09-11 20:08:28,493 [grpc-default-executor-6] INFO  impl.RoleInfo (RoleInfo.java:shutdownFollowerState(121)) - 9bb405f0-f563-4579-83ea-0bbe163a9fbc: shutdown FollowerState
2019-09-11 20:08:28,493 [grpc-default-executor-8] INFO  impl.RoleInfo (RoleInfo.java:updateAndGet(143)) - e0c56373-add1-4904-83f3-08b0a755b8ed: start FollowerState
2019-09-11 20:08:28,493 [grpc-default-executor-6] INFO  impl.RoleInfo (RoleInfo.java:updateAndGet(143)) - 9bb405f0-f563-4579-83ea-0bbe163a9fbc: start FollowerState
2019-09-11 20:08:28,493 [Thread-1967] INFO  impl.FollowerState (FollowerState.java:run(115)) - e0c56373-add1-4904-83f3-08b0a755b8ed: FollowerState was interrupted: java.lang.InterruptedException: sleep interrupted
2019-09-11 20:08:28,493 [Thread-1968] INFO  impl.FollowerState (FollowerState.java:run(115)) - 9bb405f0-f563-4579-83ea-0bbe163a9fbc: FollowerState was interrupted: java.lang.InterruptedException: sleep interrupted
2019-09-11 20:08:28,512 [802f7a56-3ac2-455e-92a2-71244eb20cf7@group-61D96FA8A4D2:LeaderElection14] INFO  impl.LeaderElection (LeaderElection.java:logAndReturn(56)) - 802f7a56-3ac2-455e-92a2-71244eb20cf7@group-61D96FA8A4D2:LeaderElection14: Election PASSED; received 1 response(s) [802f7a56-3ac2-455e-92a2-71244eb20cf7<-e0c56373-add1-4904-83f3-08b0a755b8ed#0:OK-t1] and 0 exception(s); 802f7a56-3ac2-455e-92a2-71244eb20cf7@group-61D96FA8A4D2:t1, leader=null, voted=802f7a56-3ac2-455e-92a2-71244eb20cf7, raftlog=802f7a56-3ac2-455e-92a2-71244eb20cf7@group-61D96FA8A4D2-SegmentedRaftLog:OPENED:c-1,f-1,i0, conf=-1: [802f7a56-3ac2-455e-92a2-71244eb20cf7:192.168.36.83:33220, 9bb405f0-f563-4579-83ea-0bbe163a9fbc:192.168.36.83:46254, e0c56373-add1-4904-83f3-08b0a755b8ed:192.168.36.83:45126], old=null
2019-09-11 20:08:28,512 [802f7a56-3ac2-455e-92a2-71244eb20cf7@group-61D96FA8A4D2:LeaderElection14] INFO  impl.RoleInfo (RoleInfo.java:shutdownLeaderElection(134)) - 802f7a56-3ac2-455e-92a2-71244eb20cf7: shutdown LeaderElection
2019-09-11 20:08:28,514 [802f7a56-3ac2-455e-92a2-71244eb20cf7@group-61D96FA8A4D2:LeaderElection14] INFO  impl.RaftServerImpl (RaftServerImpl.java:setRole(174)) - 802f7a56-3ac2-455e-92a2-71244eb20cf7@group-61D96FA8A4D2: changes role from CANDIDATE to LEADER at term 1 for changeToLeader
2019-09-11 20:08:28,515 [802f7a56-3ac2-455e-92a2-71244eb20cf7@group-61D96FA8A4D2:LeaderElection14] INFO  impl.RaftServerImpl (ServerState.java:setLeader(253)) - 802f7a56-3ac2-455e-92a2-71244eb20cf7@group-61D96FA8A4D2: change Leader from null to 802f7a56-3ac2-455e-92a2-71244eb20cf7 at term 1 for becomeLeader, leader elected after 5196ms
2019-09-11 20:08:28,515 [802f7a56-3ac2-455e-92a2-71244eb20cf7@group-61D96FA8A4D2:LeaderElection14] INFO  server.RaftServerConfigKeys (ConfUtils.java:logGet(43)) - raft.server.staging.catchup.gap = 1000 (default)
2019-09-11 20:08:28,515 [802f7a56-3ac2-455e-92a2-71244eb20cf7@group-61D96FA8A4D2:LeaderElection14] INFO  server.RaftServerConfigKeys (ConfUtils.java:logGet(43)) - raft.server.rpc.sleep.time = 25ms (default)
2019-09-11 20:08:28,515 [802f7a56-3ac2-455e-92a2-71244eb20cf7@group-61D96FA8A4D2:LeaderElection14] INFO  server.RaftServerConfigKeys (ConfUtils.java:logGet(43)) - raft.server.write.element-limit = 4096 (default)
2019-09-11 20:08:28,515 [802f7a56-3ac2-455e-92a2-71244eb20cf7@group-61D96FA8A4D2:LeaderElection14] INFO  server.RaftServerConfigKeys (ConfUtils.java:logGet(43)) - raft.server.watch.timeout = 10s (default)
2019-09-11 20:08:28,515 [802f7a56-3ac2-455e-92a2-71244eb20cf7@group-61D96FA8A4D2:LeaderElection14] INFO  server.RaftServerConfigKeys (ConfUtils.java:logGet(43)) - raft.server.watch.timeout.denomination = 1s (default)
2019-09-11 20:08:28,516 [802f7a56-3ac2-455e-92a2-71244eb20cf7@group-61D96FA8A4D2:LeaderElection14] INFO  server.RaftServerConfigKeys (ConfUtils.java:logGet(43)) - raft.server.watch.element-limit = 65536 (default)
2019-09-11 20:08:28,518 [802f7a56-3ac2-455e-92a2-71244eb20cf7@group-61D96FA8A4D2:LeaderElection14] INFO  server.RaftServerConfigKeys (ConfUtils.java:logGet(43)) - raft.server.log.appender.snapshot.chunk.size.max = 16MB (=16777216) (default)
2019-09-11 20:08:28,518 [802f7a56-3ac2-455e-92a2-71244eb20cf7@group-61D96FA8A4D2:LeaderElection14] INFO  server.RaftServerConfigKeys (ConfUtils.java:logGet(43)) - raft.server.log.appender.buffer.byte-limit = 33554432 (custom)
2019-09-11 20:08:28,518 [802f7a56-3ac2-455e-92a2-71244eb20cf7@group-61D96FA8A4D2:LeaderElection14] INFO  server.RaftServerConfigKeys (ConfUtils.java:logGet(43)) - raft.server.log.appender.buffer.element-limit = 1 (custom)
2019-09-11 20:08:28,519 [802f7a56-3ac2-455e-92a2-71244eb20cf7@group-61D96FA8A4D2:LeaderElection14] INFO  grpc.GrpcConfigKeys$Server (ConfUtils.java:logGet(43)) - raft.grpc.server.leader.outstanding.appends.max = 128 (default)
2019-09-11 20:08:28,519 [802f7a56-3ac2-455e-92a2-71244eb20cf7@group-61D96FA8A4D2:LeaderElection14] INFO  server.RaftServerConfigKeys (ConfUtils.java:logGet(43)) - raft.server.rpc.request.timeout = 3000ms (default)
2019-09-11 20:08:28,519 [802f7a56-3ac2-455e-92a2-71244eb20cf7@group-61D96FA8A4D2:LeaderElection14] INFO  server.RaftServerConfigKeys (ConfUtils.java:logGet(43)) - raft.server.log.appender.install.snapshot.enabled = false (custom)
2019-09-11 20:08:28,519 [802f7a56-3ac2-455e-92a2-71244eb20cf7@group-61D96FA8A4D2:LeaderElection14] INFO  server.RaftServerConfigKeys (ConfUtils.java:logGet(43)) - raft.server.log.appender.snapshot.chunk.size.max = 16MB (=16777216) (default)
2019-09-11 20:08:28,519 [802f7a56-3ac2-455e-92a2-71244eb20cf7@group-61D96FA8A4D2:LeaderElection14] INFO  server.RaftServerConfigKeys (ConfUtils.java:logGet(43)) - raft.server.log.appender.buffer.byte-limit = 33554432 (custom)
2019-09-11 20:08:28,519 [802f7a56-3ac2-455e-92a2-71244eb20cf7@group-61D96FA8A4D2:LeaderElection14] INFO  server.RaftServerConfigKeys (ConfUtils.java:logGet(43)) - raft.server.log.appender.buffer.element-limit = 1 (custom)
2019-09-11 20:08:28,519 [802f7a56-3ac2-455e-92a2-71244eb20cf7@group-61D96FA8A4D2:LeaderElection14] INFO  grpc.GrpcConfigKeys$Server (ConfUtils.java:logGet(43)) - raft.grpc.server.leader.outstanding.appends.max = 128 (default)
2019-09-11 20:08:28,519 [802f7a56-3ac2-455e-92a2-71244eb20cf7@group-61D96FA8A4D2:LeaderElection14] INFO  server.RaftServerConfigKeys (ConfUtils.java:logGet(43)) - raft.server.rpc.request.timeout = 3000ms (default)
2019-09-11 20:08:28,520 [802f7a56-3ac2-455e-92a2-71244eb20cf7@group-61D96FA8A4D2:LeaderElection14] INFO  server.RaftServerConfigKeys (ConfUtils.java:logGet(43)) - raft.server.log.appender.install.snapshot.enabled = false (custom)
2019-09-11 20:08:28,520 [802f7a56-3ac2-455e-92a2-71244eb20cf7@group-61D96FA8A4D2:LeaderElection14] INFO  impl.RoleInfo (RoleInfo.java:updateAndGet(143)) - 802f7a56-3ac2-455e-92a2-71244eb20cf7: start LeaderState
2019-09-11 20:08:28,520 [802f7a56-3ac2-455e-92a2-71244eb20cf7@group-61D96FA8A4D2:LeaderElection14] INFO  segmented.SegmentedRaftLogWorker (SegmentedRaftLogWorker.java:startLogSegment(380)) - 802f7a56-3ac2-455e-92a2-71244eb20cf7@group-61D96FA8A4D2-SegmentedRaftLogWorker: Starting segment from index:0
2019-09-11 20:08:28,552 [802f7a56-3ac2-455e-92a2-71244eb20cf7@group-61D96FA8A4D2:LeaderElection14] INFO  impl.RaftServerImpl (ServerState.java:setRaftConf(354)) - 802f7a56-3ac2-455e-92a2-71244eb20cf7@group-61D96FA8A4D2: set configuration 0: [802f7a56-3ac2-455e-92a2-71244eb20cf7:192.168.36.83:33220, 9bb405f0-f563-4579-83ea-0bbe163a9fbc:192.168.36.83:46254, e0c56373-add1-4904-83f3-08b0a755b8ed:192.168.36.83:45126], old=null at 0
2019-09-11 20:08:28,557 [grpc-default-executor-8] INFO  impl.RaftServerImpl (ServerState.java:setLeader(253)) - 9bb405f0-f563-4579-83ea-0bbe163a9fbc@group-61D96FA8A4D2: change Leader from null to 802f7a56-3ac2-455e-92a2-71244eb20cf7 at term 1 for appendEntries, leader elected after 5238ms
2019-09-11 20:08:28,557 [grpc-default-executor-6] INFO  impl.RaftServerImpl (ServerState.java:setLeader(253)) - e0c56373-add1-4904-83f3-08b0a755b8ed@group-61D96FA8A4D2: change Leader from null to 802f7a56-3ac2-455e-92a2-71244eb20cf7 at term 1 for appendEntries, leader elected after 5238ms
2019-09-11 20:08:28,559 [grpc-default-executor-8] INFO  impl.RaftServerImpl (ServerState.java:setRaftConf(354)) - e0c56373-add1-4904-83f3-08b0a755b8ed@group-61D96FA8A4D2: set configuration 0: [802f7a56-3ac2-455e-92a2-71244eb20cf7:192.168.36.83:33220, 9bb405f0-f563-4579-83ea-0bbe163a9fbc:192.168.36.83:46254, e0c56373-add1-4904-83f3-08b0a755b8ed:192.168.36.83:45126], old=null at 0
2019-09-11 20:08:28,559 [grpc-default-executor-6] INFO  impl.RaftServerImpl (ServerState.java:setRaftConf(354)) - 9bb405f0-f563-4579-83ea-0bbe163a9fbc@group-61D96FA8A4D2: set configuration 0: [802f7a56-3ac2-455e-92a2-71244eb20cf7:192.168.36.83:33220, 9bb405f0-f563-4579-83ea-0bbe163a9fbc:192.168.36.83:46254, e0c56373-add1-4904-83f3-08b0a755b8ed:192.168.36.83:45126], old=null at 0
2019-09-11 20:08:28,559 [grpc-default-executor-8] INFO  segmented.SegmentedRaftLogWorker (SegmentedRaftLogWorker.java:startLogSegment(380)) - e0c56373-add1-4904-83f3-08b0a755b8ed@group-61D96FA8A4D2-SegmentedRaftLogWorker: Starting segment from index:0
2019-09-11 20:08:28,559 [grpc-default-executor-6] INFO  segmented.SegmentedRaftLogWorker (SegmentedRaftLogWorker.java:startLogSegment(380)) - 9bb405f0-f563-4579-83ea-0bbe163a9fbc@group-61D96FA8A4D2-SegmentedRaftLogWorker: Starting segment from index:0
2019-09-11 20:08:28,565 [802f7a56-3ac2-455e-92a2-71244eb20cf7@group-61D96FA8A4D2-SegmentedRaftLogWorker] INFO  segmented.SegmentedRaftLogWorker (SegmentedRaftLogWorker.java:execute(569)) - 802f7a56-3ac2-455e-92a2-71244eb20cf7@group-61D96FA8A4D2-SegmentedRaftLogWorker: created new log segment /workdir/hadoop-ozone/integration-test/target/test-dir/MiniOzoneClusterImpl-0a14e7f9-644e-4233-9ad1-c76f0b8b7528/datanode-3/data/ratis/c7e82ce3-5b06-437e-9115-61d96fa8a4d2/current/log_inprogress_0
2019-09-11 20:08:28,598 [e0c56373-add1-4904-83f3-08b0a755b8ed@group-61D96FA8A4D2-SegmentedRaftLogWorker] INFO  segmented.SegmentedRaftLogWorker (SegmentedRaftLogWorker.java:execute(569)) - e0c56373-add1-4904-83f3-08b0a755b8ed@group-61D96FA8A4D2-SegmentedRaftLogWorker: created new log segment /workdir/hadoop-ozone/integration-test/target/test-dir/MiniOzoneClusterImpl-0a14e7f9-644e-4233-9ad1-c76f0b8b7528/datanode-1/data/ratis/c7e82ce3-5b06-437e-9115-61d96fa8a4d2/current/log_inprogress_0
2019-09-11 20:08:28,598 [9bb405f0-f563-4579-83ea-0bbe163a9fbc@group-61D96FA8A4D2-SegmentedRaftLogWorker] INFO  segmented.SegmentedRaftLogWorker (SegmentedRaftLogWorker.java:execute(569)) - 9bb405f0-f563-4579-83ea-0bbe163a9fbc@group-61D96FA8A4D2-SegmentedRaftLogWorker: created new log segment /workdir/hadoop-ozone/integration-test/target/test-dir/MiniOzoneClusterImpl-0a14e7f9-644e-4233-9ad1-c76f0b8b7528/datanode-0/data/ratis/c7e82ce3-5b06-437e-9115-61d96fa8a4d2/current/log_inprogress_0
2019-09-11 20:08:28,829 [grpc-default-executor-6] INFO  client.GrpcClientProtocolClient (GrpcClientProtocolClient.java:onNext(264)) - client-1170F4C7A823->e0c56373-add1-4904-83f3-08b0a755b8ed: receive RaftClientReply:client-1170F4C7A823->e0c56373-add1-4904-83f3-08b0a755b8ed@group-61D96FA8A4D2, cid=233, FAILED org.apache.ratis.protocol.NotLeaderException: Server e0c56373-add1-4904-83f3-08b0a755b8ed@group-61D96FA8A4D2 is not the leader 802f7a56-3ac2-455e-92a2-71244eb20cf7:192.168.36.83:33220, logIndex=0, commits[e0c56373-add1-4904-83f3-08b0a755b8ed:c-1, 802f7a56-3ac2-455e-92a2-71244eb20cf7:c-1, 9bb405f0-f563-4579-83ea-0bbe163a9fbc:c-1]
2019-09-11 20:08:28,952 [grpc-default-executor-6] INFO  client.GrpcClientProtocolClient (GrpcClientProtocolClient.java:onNext(264)) - client-1170F4C7A823->802f7a56-3ac2-455e-92a2-71244eb20cf7: receive RaftClientReply:client-1170F4C7A823->802f7a56-3ac2-455e-92a2-71244eb20cf7@group-61D96FA8A4D2, cid=233, SUCCESS, logIndex=1, commits[802f7a56-3ac2-455e-92a2-71244eb20cf7:c1, 9bb405f0-f563-4579-83ea-0bbe163a9fbc:c0, e0c56373-add1-4904-83f3-08b0a755b8ed:c0]
2019-09-11 20:08:28,983 [grpc-default-executor-11] INFO  client.GrpcClientProtocolClient (GrpcClientProtocolClient.java:onNext(264)) - client-1170F4C7A823->802f7a56-3ac2-455e-92a2-71244eb20cf7: receive RaftClientReply:client-1170F4C7A823->802f7a56-3ac2-455e-92a2-71244eb20cf7@group-61D96FA8A4D2, cid=234, SUCCESS, logIndex=3, commits[802f7a56-3ac2-455e-92a2-71244eb20cf7:c4, 9bb405f0-f563-4579-83ea-0bbe163a9fbc:c2, e0c56373-add1-4904-83f3-08b0a755b8ed:c2]
2019-09-11 20:08:29,033 [grpc-default-executor-6] INFO  client.GrpcClientProtocolClient (GrpcClientProtocolClient.java:onNext(264)) - client-1170F4C7A823->802f7a56-3ac2-455e-92a2-71244eb20cf7: receive RaftClientReply:client-1170F4C7A823->802f7a56-3ac2-455e-92a2-71244eb20cf7@group-61D96FA8A4D2, cid=235, SUCCESS, logIndex=4, commits[802f7a56-3ac2-455e-92a2-71244eb20cf7:c12, 9bb405f0-f563-4579-83ea-0bbe163a9fbc:c8, e0c56373-add1-4904-83f3-08b0a755b8ed:c8]
2019-09-11 20:08:29,033 [grpc-default-executor-6] INFO  client.GrpcClientProtocolClient (GrpcClientProtocolClient.java:onNext(264)) - client-1170F4C7A823->802f7a56-3ac2-455e-92a2-71244eb20cf7: receive RaftClientReply:client-1170F4C7A823->802f7a56-3ac2-455e-92a2-71244eb20cf7@group-61D96FA8A4D2, cid=236, SUCCESS, logIndex=5, commits[802f7a56-3ac2-455e-92a2-71244eb20cf7:c12, 9bb405f0-f563-4579-83ea-0bbe163a9fbc:c8, e0c56373-add1-4904-83f3-08b0a755b8ed:c8]
2019-09-11 20:08:29,034 [grpc-default-executor-6] INFO  client.GrpcClientProtocolClient (GrpcClientProtocolClient.java:onNext(264)) - client-1170F4C7A823->802f7a56-3ac2-455e-92a2-71244eb20cf7: receive RaftClientReply:client-1170F4C7A823->802f7a56-3ac2-455e-92a2-71244eb20cf7@group-61D96FA8A4D2, cid=237, SUCCESS, logIndex=6, commits[802f7a56-3ac2-455e-92a2-71244eb20cf7:c12, 9bb405f0-f563-4579-83ea-0bbe163a9fbc:c8, e0c56373-add1-4904-83f3-08b0a755b8ed:c8]
2019-09-11 20:08:29,115 [grpc-default-executor-6] INFO  client.GrpcClientProtocolClient (GrpcClientProtocolClient.java:onNext(264)) - client-1170F4C7A823->802f7a56-3ac2-455e-92a2-71244eb20cf7: receive RaftClientReply:client-1170F4C7A823->802f7a56-3ac2-455e-92a2-71244eb20cf7@group-61D96FA8A4D2, cid=238, SUCCESS, logIndex=7, commits[802f7a56-3ac2-455e-92a2-71244eb20cf7:c12, 9bb405f0-f563-4579-83ea-0bbe163a9fbc:c8, e0c56373-add1-4904-83f3-08b0a755b8ed:c8]
]]></system-out>
  </testcase>
  <testcase name="testBufferCaching" classname="org.apache.hadoop.ozone.client.rpc.TestBlockOutputStream" time="0.257"/>
  <testcase name="testWriteWithExceedingMaxBufferLimit" classname="org.apache.hadoop.ozone.client.rpc.TestBlockOutputStream" time="187.123">
    <failure message="expected:&lt;25&gt; but was:&lt;29&gt;" type="java.lang.AssertionError"><![CDATA[java.lang.AssertionError: expected:<25> but was:<29>
	at org.junit.Assert.fail(Assert.java:88)
	at org.junit.Assert.failNotEquals(Assert.java:743)
	at org.junit.Assert.assertEquals(Assert.java:118)
	at org.junit.Assert.assertEquals(Assert.java:555)
	at org.junit.Assert.assertEquals(Assert.java:542)
	at org.apache.hadoop.ozone.client.rpc.TestBlockOutputStream.testWriteWithExceedingMaxBufferLimit(TestBlockOutputStream.java:614)
	at sun.reflect.NativeMethodAccessorImpl.invoke0(Native Method)
	at sun.reflect.NativeMethodAccessorImpl.invoke(NativeMethodAccessorImpl.java:62)
	at sun.reflect.DelegatingMethodAccessorImpl.invoke(DelegatingMethodAccessorImpl.java:43)
	at java.lang.reflect.Method.invoke(Method.java:498)
	at org.junit.runners.model.FrameworkMethod$1.runReflectiveCall(FrameworkMethod.java:47)
	at org.junit.internal.runners.model.ReflectiveCallable.run(ReflectiveCallable.java:12)
	at org.junit.runners.model.FrameworkMethod.invokeExplosively(FrameworkMethod.java:44)
	at org.junit.internal.runners.statements.InvokeMethod.evaluate(InvokeMethod.java:17)
	at org.junit.runners.ParentRunner.runLeaf(ParentRunner.java:271)
	at org.junit.runners.BlockJUnit4ClassRunner.runChild(BlockJUnit4ClassRunner.java:70)
	at org.junit.runners.BlockJUnit4ClassRunner.runChild(BlockJUnit4ClassRunner.java:50)
	at org.junit.runners.ParentRunner$3.run(ParentRunner.java:238)
	at org.junit.runners.ParentRunner$1.schedule(ParentRunner.java:63)
	at org.junit.runners.ParentRunner.runChildren(ParentRunner.java:236)
	at org.junit.runners.ParentRunner.access$000(ParentRunner.java:53)
	at org.junit.runners.ParentRunner$2.evaluate(ParentRunner.java:229)
	at org.junit.internal.runners.statements.RunBefores.evaluate(RunBefores.java:26)
	at org.junit.internal.runners.statements.RunAfters.evaluate(RunAfters.java:27)
	at org.junit.runners.ParentRunner.run(ParentRunner.java:309)
	at org.apache.maven.surefire.junit4.JUnit4Provider.execute(JUnit4Provider.java:365)
	at org.apache.maven.surefire.junit4.JUnit4Provider.executeWithRerun(JUnit4Provider.java:273)
	at org.apache.maven.surefire.junit4.JUnit4Provider.executeTestSet(JUnit4Provider.java:238)
	at org.apache.maven.surefire.junit4.JUnit4Provider.invoke(JUnit4Provider.java:159)
	at org.apache.maven.surefire.booter.ForkedBooter.invokeProviderInSameClassLoader(ForkedBooter.java:384)
	at org.apache.maven.surefire.booter.ForkedBooter.runSuitesInProcess(ForkedBooter.java:345)
	at org.apache.maven.surefire.booter.ForkedBooter.execute(ForkedBooter.java:126)
	at org.apache.maven.surefire.booter.ForkedBooter.main(ForkedBooter.java:418)
]]></failure>
    <system-out><![CDATA[2019-09-11 20:08:30,919 [grpc-default-executor-1] INFO  impl.RaftServerProxy (RaftServerProxy.java:remove(95)) - 802f7a56-3ac2-455e-92a2-71244eb20cf7: remove group-C7A422292FA5:null
2019-09-11 20:08:30,921 [RatisPipelineUtilsThread] WARN  pipeline.RatisPipelineUtils (RatisPipelineUtils.java:destroyPipeline(66)) - Pipeline destroy failed for pipeline=PipelineID=a5e33a2e-eade-4ad2-a9ca-c7a422292fa5 dn=802f7a56-3ac2-455e-92a2-71244eb20cf7{ip: 192.168.36.83, host: pr-hdds-2096-jg2tg-1247294052, networkLocation: /default-rack, certSerialId: null}
2019-09-11 20:08:30,924 [grpc-default-executor-1] INFO  impl.RaftServerProxy (RaftServerProxy.java:remove(95)) - e0c56373-add1-4904-83f3-08b0a755b8ed: remove group-C7A422292FA5:null
2019-09-11 20:08:30,926 [RatisPipelineUtilsThread] WARN  pipeline.RatisPipelineUtils (RatisPipelineUtils.java:destroyPipeline(66)) - Pipeline destroy failed for pipeline=PipelineID=a5e33a2e-eade-4ad2-a9ca-c7a422292fa5 dn=e0c56373-add1-4904-83f3-08b0a755b8ed{ip: 192.168.36.83, host: pr-hdds-2096-jg2tg-1247294052, networkLocation: /default-rack, certSerialId: null}
2019-09-11 20:08:30,929 [grpc-default-executor-1] INFO  impl.RaftServerProxy (RaftServerProxy.java:remove(95)) - 9bb405f0-f563-4579-83ea-0bbe163a9fbc: remove group-C7A422292FA5:null
2019-09-11 20:08:30,931 [RatisPipelineUtilsThread] WARN  pipeline.RatisPipelineUtils (RatisPipelineUtils.java:destroyPipeline(66)) - Pipeline destroy failed for pipeline=PipelineID=a5e33a2e-eade-4ad2-a9ca-c7a422292fa5 dn=9bb405f0-f563-4579-83ea-0bbe163a9fbc{ip: 192.168.36.83, host: pr-hdds-2096-jg2tg-1247294052, networkLocation: /default-rack, certSerialId: null}
2019-09-11 20:08:30,931 [RatisPipelineUtilsThread] ERROR pipeline.SCMPipelineManager (Scheduler.java:lambda$schedule$1(70)) - Destroy pipeline failed for pipeline:Pipeline[ Id: a5e33a2e-eade-4ad2-a9ca-c7a422292fa5, Nodes: 802f7a56-3ac2-455e-92a2-71244eb20cf7{ip: 192.168.36.83, host: pr-hdds-2096-jg2tg-1247294052, networkLocation: /default-rack, certSerialId: null}e0c56373-add1-4904-83f3-08b0a755b8ed{ip: 192.168.36.83, host: pr-hdds-2096-jg2tg-1247294052, networkLocation: /default-rack, certSerialId: null}9bb405f0-f563-4579-83ea-0bbe163a9fbc{ip: 192.168.36.83, host: pr-hdds-2096-jg2tg-1247294052, networkLocation: /default-rack, certSerialId: null}, Type:RATIS, Factor:THREE, State:CLOSED]
org.apache.hadoop.hdds.scm.pipeline.PipelineNotFoundException: PipelineID=a5e33a2e-eade-4ad2-a9ca-c7a422292fa5 not found
	at org.apache.hadoop.hdds.scm.pipeline.PipelineStateMap.getPipeline(PipelineStateMap.java:132)
	at org.apache.hadoop.hdds.scm.pipeline.PipelineStateMap.removePipeline(PipelineStateMap.java:322)
	at org.apache.hadoop.hdds.scm.pipeline.PipelineStateManager.removePipeline(PipelineStateManager.java:107)
	at org.apache.hadoop.hdds.scm.pipeline.SCMPipelineManager.removePipeline(SCMPipelineManager.java:423)
	at org.apache.hadoop.hdds.scm.pipeline.SCMPipelineManager.destroyPipeline(SCMPipelineManager.java:409)
	at org.apache.hadoop.hdds.scm.pipeline.SCMPipelineManager.lambda$finalizeAndDestroyPipeline$0(SCMPipelineManager.java:318)
	at org.apache.hadoop.utils.Scheduler.lambda$schedule$1(Scheduler.java:68)
	at java.util.concurrent.Executors$RunnableAdapter.call(Executors.java:511)
	at java.util.concurrent.FutureTask.run(FutureTask.java:266)
	at java.util.concurrent.ScheduledThreadPoolExecutor$ScheduledFutureTask.access$201(ScheduledThreadPoolExecutor.java:180)
	at java.util.concurrent.ScheduledThreadPoolExecutor$ScheduledFutureTask.run(ScheduledThreadPoolExecutor.java:293)
	at java.util.concurrent.ThreadPoolExecutor.runWorker(ThreadPoolExecutor.java:1149)
	at java.util.concurrent.ThreadPoolExecutor$Worker.run(ThreadPoolExecutor.java:624)
	at java.lang.Thread.run(Thread.java:748)
2019-09-11 20:08:32,391 [java.util.concurrent.ThreadPoolExecutor$Worker@178a595d[State = -1, empty queue]] WARN  server.GrpcLogAppender (GrpcLogAppender.java:timeoutAppendRequest(200)) - 802f7a56-3ac2-455e-92a2-71244eb20cf7@group-61D96FA8A4D2->e0c56373-add1-4904-83f3-08b0a755b8ed-GrpcLogAppender: appendEntries Timeout, request=802f7a56-3ac2-455e-92a2-71244eb20cf7->e0c56373-add1-4904-83f3-08b0a755b8ed#18-t1, previous=(t:1, i:16), leaderCommit=16, initializing? false, entries: size=1, first=(t:1, i:17), STATEMACHINELOGENTRY, client-1170F4C7A823, cid=247
2019-09-11 20:08:32,391 [java.util.concurrent.ThreadPoolExecutor$Worker@35e4abe9[State = -1, empty queue]] WARN  server.GrpcLogAppender (GrpcLogAppender.java:timeoutAppendRequest(200)) - 802f7a56-3ac2-455e-92a2-71244eb20cf7@group-61D96FA8A4D2->9bb405f0-f563-4579-83ea-0bbe163a9fbc-GrpcLogAppender: appendEntries Timeout, request=802f7a56-3ac2-455e-92a2-71244eb20cf7->9bb405f0-f563-4579-83ea-0bbe163a9fbc#18-t1, previous=(t:1, i:16), leaderCommit=16, initializing? false, entries: size=1, first=(t:1, i:17), STATEMACHINELOGENTRY, client-1170F4C7A823, cid=247
2019-09-11 20:08:32,392 [java.util.concurrent.ThreadPoolExecutor$Worker@178a595d[State = -1, empty queue]] WARN  server.GrpcLogAppender (GrpcLogAppender.java:timeoutAppendRequest(200)) - 802f7a56-3ac2-455e-92a2-71244eb20cf7@group-61D96FA8A4D2->e0c56373-add1-4904-83f3-08b0a755b8ed-GrpcLogAppender: appendEntries Timeout, request=802f7a56-3ac2-455e-92a2-71244eb20cf7->e0c56373-add1-4904-83f3-08b0a755b8ed#19-t1, previous=(t:1, i:17), leaderCommit=16, initializing? false, entries: size=1, first=(t:1, i:18), STATEMACHINELOGENTRY, client-1170F4C7A823, cid=248
2019-09-11 20:08:32,392 [java.util.concurrent.ThreadPoolExecutor$Worker@35e4abe9[State = -1, empty queue]] WARN  server.GrpcLogAppender (GrpcLogAppender.java:timeoutAppendRequest(200)) - 802f7a56-3ac2-455e-92a2-71244eb20cf7@group-61D96FA8A4D2->9bb405f0-f563-4579-83ea-0bbe163a9fbc-GrpcLogAppender: appendEntries Timeout, request=802f7a56-3ac2-455e-92a2-71244eb20cf7->9bb405f0-f563-4579-83ea-0bbe163a9fbc#19-t1, previous=(t:1, i:17), leaderCommit=16, initializing? false, entries: size=1, first=(t:1, i:18), STATEMACHINELOGENTRY, client-1170F4C7A823, cid=248
2019-09-11 20:08:32,392 [java.util.concurrent.ThreadPoolExecutor$Worker@178a595d[State = -1, empty queue]] WARN  server.GrpcLogAppender (GrpcLogAppender.java:timeoutAppendRequest(200)) - 802f7a56-3ac2-455e-92a2-71244eb20cf7@group-61D96FA8A4D2->e0c56373-add1-4904-83f3-08b0a755b8ed-GrpcLogAppender: appendEntries Timeout, request=802f7a56-3ac2-455e-92a2-71244eb20cf7->e0c56373-add1-4904-83f3-08b0a755b8ed#20-t1, previous=(t:1, i:18), leaderCommit=16, initializing? false, entries: size=1, first=(t:1, i:19), STATEMACHINELOGENTRY, client-1170F4C7A823, cid=249
2019-09-11 20:08:32,392 [java.util.concurrent.ThreadPoolExecutor$Worker@35e4abe9[State = -1, empty queue]] WARN  server.GrpcLogAppender (GrpcLogAppender.java:timeoutAppendRequest(200)) - 802f7a56-3ac2-455e-92a2-71244eb20cf7@group-61D96FA8A4D2->9bb405f0-f563-4579-83ea-0bbe163a9fbc-GrpcLogAppender: appendEntries Timeout, request=802f7a56-3ac2-455e-92a2-71244eb20cf7->9bb405f0-f563-4579-83ea-0bbe163a9fbc#20-t1, previous=(t:1, i:18), leaderCommit=16, initializing? false, entries: size=1, first=(t:1, i:19), STATEMACHINELOGENTRY, client-1170F4C7A823, cid=249
2019-09-11 20:08:32,393 [java.util.concurrent.ThreadPoolExecutor$Worker@178a595d[State = -1, empty queue]] WARN  server.GrpcLogAppender (GrpcLogAppender.java:timeoutAppendRequest(200)) - 802f7a56-3ac2-455e-92a2-71244eb20cf7@group-61D96FA8A4D2->e0c56373-add1-4904-83f3-08b0a755b8ed-GrpcLogAppender: appendEntries Timeout, request=802f7a56-3ac2-455e-92a2-71244eb20cf7->e0c56373-add1-4904-83f3-08b0a755b8ed#21-t1, previous=(t:1, i:19), leaderCommit=16, initializing? false, entries: size=1, first=(t:1, i:20), STATEMACHINELOGENTRY, client-1170F4C7A823, cid=250
2019-09-11 20:08:32,393 [java.util.concurrent.ThreadPoolExecutor$Worker@35e4abe9[State = -1, empty queue]] WARN  server.GrpcLogAppender (GrpcLogAppender.java:timeoutAppendRequest(200)) - 802f7a56-3ac2-455e-92a2-71244eb20cf7@group-61D96FA8A4D2->9bb405f0-f563-4579-83ea-0bbe163a9fbc-GrpcLogAppender: appendEntries Timeout, request=802f7a56-3ac2-455e-92a2-71244eb20cf7->9bb405f0-f563-4579-83ea-0bbe163a9fbc#21-t1, previous=(t:1, i:19), leaderCommit=16, initializing? false, entries: size=1, first=(t:1, i:20), STATEMACHINELOGENTRY, client-1170F4C7A823, cid=250
2019-09-11 20:08:32,394 [java.util.concurrent.ThreadPoolExecutor$Worker@35e4abe9[State = -1, empty queue]] WARN  server.GrpcLogAppender (GrpcLogAppender.java:timeoutAppendRequest(200)) - 802f7a56-3ac2-455e-92a2-71244eb20cf7@group-61D96FA8A4D2->9bb405f0-f563-4579-83ea-0bbe163a9fbc-GrpcLogAppender: appendEntries Timeout, request=802f7a56-3ac2-455e-92a2-71244eb20cf7->9bb405f0-f563-4579-83ea-0bbe163a9fbc#22-t1, previous=(t:1, i:20), leaderCommit=16, initializing? false, entries: size=1, first=(t:1, i:21), STATEMACHINELOGENTRY, client-1170F4C7A823, cid=251
2019-09-11 20:08:32,394 [java.util.concurrent.ThreadPoolExecutor$Worker@178a595d[State = -1, empty queue]] WARN  server.GrpcLogAppender (GrpcLogAppender.java:timeoutAppendRequest(200)) - 802f7a56-3ac2-455e-92a2-71244eb20cf7@group-61D96FA8A4D2->e0c56373-add1-4904-83f3-08b0a755b8ed-GrpcLogAppender: appendEntries Timeout, request=802f7a56-3ac2-455e-92a2-71244eb20cf7->e0c56373-add1-4904-83f3-08b0a755b8ed#22-t1, previous=(t:1, i:20), leaderCommit=16, initializing? false, entries: size=1, first=(t:1, i:21), STATEMACHINELOGENTRY, client-1170F4C7A823, cid=251
2019-09-11 20:08:32,394 [java.util.concurrent.ThreadPoolExecutor$Worker@35e4abe9[State = -1, empty queue]] WARN  server.GrpcLogAppender (GrpcLogAppender.java:timeoutAppendRequest(200)) - 802f7a56-3ac2-455e-92a2-71244eb20cf7@group-61D96FA8A4D2->9bb405f0-f563-4579-83ea-0bbe163a9fbc-GrpcLogAppender: appendEntries Timeout, request=802f7a56-3ac2-455e-92a2-71244eb20cf7->9bb405f0-f563-4579-83ea-0bbe163a9fbc#23-t1, previous=(t:1, i:21), leaderCommit=16, initializing? false, entries: size=1, first=(t:1, i:22), STATEMACHINELOGENTRY, client-1170F4C7A823, cid=252
2019-09-11 20:08:32,394 [java.util.concurrent.ThreadPoolExecutor$Worker@178a595d[State = -1, empty queue]] WARN  server.GrpcLogAppender (GrpcLogAppender.java:timeoutAppendRequest(200)) - 802f7a56-3ac2-455e-92a2-71244eb20cf7@group-61D96FA8A4D2->e0c56373-add1-4904-83f3-08b0a755b8ed-GrpcLogAppender: appendEntries Timeout, request=802f7a56-3ac2-455e-92a2-71244eb20cf7->e0c56373-add1-4904-83f3-08b0a755b8ed#23-t1, previous=(t:1, i:21), leaderCommit=16, initializing? false, entries: size=1, first=(t:1, i:22), STATEMACHINELOGENTRY, client-1170F4C7A823, cid=252
2019-09-11 20:08:32,924 [grpc-default-executor-1] INFO  impl.RaftServerProxy (RaftServerProxy.java:remove(95)) - 802f7a56-3ac2-455e-92a2-71244eb20cf7: remove group-C7A422292FA5:null
2019-09-11 20:08:32,930 [RatisPipelineUtilsThread] WARN  pipeline.RatisPipelineUtils (RatisPipelineUtils.java:destroyPipeline(66)) - Pipeline destroy failed for pipeline=PipelineID=a5e33a2e-eade-4ad2-a9ca-c7a422292fa5 dn=802f7a56-3ac2-455e-92a2-71244eb20cf7{ip: 192.168.36.83, host: pr-hdds-2096-jg2tg-1247294052, networkLocation: /default-rack, certSerialId: null}
2019-09-11 20:08:32,933 [grpc-default-executor-1] INFO  impl.RaftServerProxy (RaftServerProxy.java:remove(95)) - e0c56373-add1-4904-83f3-08b0a755b8ed: remove group-C7A422292FA5:null
2019-09-11 20:08:32,935 [RatisPipelineUtilsThread] WARN  pipeline.RatisPipelineUtils (RatisPipelineUtils.java:destroyPipeline(66)) - Pipeline destroy failed for pipeline=PipelineID=a5e33a2e-eade-4ad2-a9ca-c7a422292fa5 dn=e0c56373-add1-4904-83f3-08b0a755b8ed{ip: 192.168.36.83, host: pr-hdds-2096-jg2tg-1247294052, networkLocation: /default-rack, certSerialId: null}
2019-09-11 20:08:32,937 [grpc-default-executor-1] INFO  impl.RaftServerProxy (RaftServerProxy.java:remove(95)) - 9bb405f0-f563-4579-83ea-0bbe163a9fbc: remove group-C7A422292FA5:null
2019-09-11 20:08:32,939 [RatisPipelineUtilsThread] WARN  pipeline.RatisPipelineUtils (RatisPipelineUtils.java:destroyPipeline(66)) - Pipeline destroy failed for pipeline=PipelineID=a5e33a2e-eade-4ad2-a9ca-c7a422292fa5 dn=9bb405f0-f563-4579-83ea-0bbe163a9fbc{ip: 192.168.36.83, host: pr-hdds-2096-jg2tg-1247294052, networkLocation: /default-rack, certSerialId: null}
2019-09-11 20:08:32,939 [RatisPipelineUtilsThread] ERROR pipeline.SCMPipelineManager (Scheduler.java:lambda$schedule$1(70)) - Destroy pipeline failed for pipeline:Pipeline[ Id: a5e33a2e-eade-4ad2-a9ca-c7a422292fa5, Nodes: 802f7a56-3ac2-455e-92a2-71244eb20cf7{ip: 192.168.36.83, host: pr-hdds-2096-jg2tg-1247294052, networkLocation: /default-rack, certSerialId: null}e0c56373-add1-4904-83f3-08b0a755b8ed{ip: 192.168.36.83, host: pr-hdds-2096-jg2tg-1247294052, networkLocation: /default-rack, certSerialId: null}9bb405f0-f563-4579-83ea-0bbe163a9fbc{ip: 192.168.36.83, host: pr-hdds-2096-jg2tg-1247294052, networkLocation: /default-rack, certSerialId: null}, Type:RATIS, Factor:THREE, State:CLOSED]
org.apache.hadoop.hdds.scm.pipeline.PipelineNotFoundException: PipelineID=a5e33a2e-eade-4ad2-a9ca-c7a422292fa5 not found
	at org.apache.hadoop.hdds.scm.pipeline.PipelineStateMap.getPipeline(PipelineStateMap.java:132)
	at org.apache.hadoop.hdds.scm.pipeline.PipelineStateMap.removePipeline(PipelineStateMap.java:322)
	at org.apache.hadoop.hdds.scm.pipeline.PipelineStateManager.removePipeline(PipelineStateManager.java:107)
	at org.apache.hadoop.hdds.scm.pipeline.SCMPipelineManager.removePipeline(SCMPipelineManager.java:423)
	at org.apache.hadoop.hdds.scm.pipeline.SCMPipelineManager.destroyPipeline(SCMPipelineManager.java:409)
	at org.apache.hadoop.hdds.scm.pipeline.SCMPipelineManager.lambda$finalizeAndDestroyPipeline$0(SCMPipelineManager.java:318)
	at org.apache.hadoop.utils.Scheduler.lambda$schedule$1(Scheduler.java:68)
	at java.util.concurrent.Executors$RunnableAdapter.call(Executors.java:511)
	at java.util.concurrent.FutureTask.run(FutureTask.java:266)
	at java.util.concurrent.ScheduledThreadPoolExecutor$ScheduledFutureTask.access$201(ScheduledThreadPoolExecutor.java:180)
	at java.util.concurrent.ScheduledThreadPoolExecutor$ScheduledFutureTask.run(ScheduledThreadPoolExecutor.java:293)
	at java.util.concurrent.ThreadPoolExecutor.runWorker(ThreadPoolExecutor.java:1149)
	at java.util.concurrent.ThreadPoolExecutor$Worker.run(ThreadPoolExecutor.java:624)
	at java.lang.Thread.run(Thread.java:748)
2019-09-11 20:08:34,415 [grpc-default-executor-1] INFO  client.GrpcClientProtocolClient (GrpcClientProtocolClient.java:onNext(264)) - client-1170F4C7A823->9bb405f0-f563-4579-83ea-0bbe163a9fbc: receive RaftClientReply:client-1170F4C7A823->9bb405f0-f563-4579-83ea-0bbe163a9fbc@group-61D96FA8A4D2, cid=247, FAILED org.apache.ratis.protocol.NotLeaderException: Server 9bb405f0-f563-4579-83ea-0bbe163a9fbc@group-61D96FA8A4D2 is not the leader 802f7a56-3ac2-455e-92a2-71244eb20cf7:192.168.36.83:33220, logIndex=0, commits[9bb405f0-f563-4579-83ea-0bbe163a9fbc:c16, 802f7a56-3ac2-455e-92a2-71244eb20cf7:c16, e0c56373-add1-4904-83f3-08b0a755b8ed:c14]
2019-09-11 20:08:34,894 [java.util.concurrent.ThreadPoolExecutor$Worker@178a595d[State = -1, empty queue]] WARN  server.GrpcLogAppender (GrpcLogAppender.java:timeoutAppendRequest(200)) - 802f7a56-3ac2-455e-92a2-71244eb20cf7@group-61D96FA8A4D2->e0c56373-add1-4904-83f3-08b0a755b8ed-GrpcLogAppender: appendEntries Timeout, request=802f7a56-3ac2-455e-92a2-71244eb20cf7->e0c56373-add1-4904-83f3-08b0a755b8ed#24-t1, previous=(t:1, i:22), leaderCommit=16, initializing? false, entries: <empty>
2019-09-11 20:08:34,894 [java.util.concurrent.ThreadPoolExecutor$Worker@35e4abe9[State = -1, empty queue]] WARN  server.GrpcLogAppender (GrpcLogAppender.java:timeoutAppendRequest(200)) - 802f7a56-3ac2-455e-92a2-71244eb20cf7@group-61D96FA8A4D2->9bb405f0-f563-4579-83ea-0bbe163a9fbc-GrpcLogAppender: appendEntries Timeout, request=802f7a56-3ac2-455e-92a2-71244eb20cf7->9bb405f0-f563-4579-83ea-0bbe163a9fbc#24-t1, previous=(t:1, i:22), leaderCommit=16, initializing? false, entries: <empty>
2019-09-11 20:08:35,922 [grpc-default-executor-1] INFO  impl.RaftServerProxy (RaftServerProxy.java:remove(95)) - 802f7a56-3ac2-455e-92a2-71244eb20cf7: remove group-C7A422292FA5:null
2019-09-11 20:08:35,924 [RatisPipelineUtilsThread] WARN  pipeline.RatisPipelineUtils (RatisPipelineUtils.java:destroyPipeline(66)) - Pipeline destroy failed for pipeline=PipelineID=a5e33a2e-eade-4ad2-a9ca-c7a422292fa5 dn=802f7a56-3ac2-455e-92a2-71244eb20cf7{ip: 192.168.36.83, host: pr-hdds-2096-jg2tg-1247294052, networkLocation: /default-rack, certSerialId: null}
2019-09-11 20:08:35,927 [grpc-default-executor-1] INFO  impl.RaftServerProxy (RaftServerProxy.java:remove(95)) - e0c56373-add1-4904-83f3-08b0a755b8ed: remove group-C7A422292FA5:null
2019-09-11 20:08:35,930 [RatisPipelineUtilsThread] WARN  pipeline.RatisPipelineUtils (RatisPipelineUtils.java:destroyPipeline(66)) - Pipeline destroy failed for pipeline=PipelineID=a5e33a2e-eade-4ad2-a9ca-c7a422292fa5 dn=e0c56373-add1-4904-83f3-08b0a755b8ed{ip: 192.168.36.83, host: pr-hdds-2096-jg2tg-1247294052, networkLocation: /default-rack, certSerialId: null}
2019-09-11 20:08:35,934 [grpc-default-executor-1] INFO  impl.RaftServerProxy (RaftServerProxy.java:remove(95)) - 9bb405f0-f563-4579-83ea-0bbe163a9fbc: remove group-C7A422292FA5:null
2019-09-11 20:08:35,936 [RatisPipelineUtilsThread] WARN  pipeline.RatisPipelineUtils (RatisPipelineUtils.java:destroyPipeline(66)) - Pipeline destroy failed for pipeline=PipelineID=a5e33a2e-eade-4ad2-a9ca-c7a422292fa5 dn=9bb405f0-f563-4579-83ea-0bbe163a9fbc{ip: 192.168.36.83, host: pr-hdds-2096-jg2tg-1247294052, networkLocation: /default-rack, certSerialId: null}
2019-09-11 20:08:35,937 [RatisPipelineUtilsThread] ERROR pipeline.SCMPipelineManager (Scheduler.java:lambda$schedule$1(70)) - Destroy pipeline failed for pipeline:Pipeline[ Id: a5e33a2e-eade-4ad2-a9ca-c7a422292fa5, Nodes: 802f7a56-3ac2-455e-92a2-71244eb20cf7{ip: 192.168.36.83, host: pr-hdds-2096-jg2tg-1247294052, networkLocation: /default-rack, certSerialId: null}e0c56373-add1-4904-83f3-08b0a755b8ed{ip: 192.168.36.83, host: pr-hdds-2096-jg2tg-1247294052, networkLocation: /default-rack, certSerialId: null}9bb405f0-f563-4579-83ea-0bbe163a9fbc{ip: 192.168.36.83, host: pr-hdds-2096-jg2tg-1247294052, networkLocation: /default-rack, certSerialId: null}, Type:RATIS, Factor:THREE, State:CLOSED]
org.apache.hadoop.hdds.scm.pipeline.PipelineNotFoundException: PipelineID=a5e33a2e-eade-4ad2-a9ca-c7a422292fa5 not found
	at org.apache.hadoop.hdds.scm.pipeline.PipelineStateMap.getPipeline(PipelineStateMap.java:132)
	at org.apache.hadoop.hdds.scm.pipeline.PipelineStateMap.removePipeline(PipelineStateMap.java:322)
	at org.apache.hadoop.hdds.scm.pipeline.PipelineStateManager.removePipeline(PipelineStateManager.java:107)
	at org.apache.hadoop.hdds.scm.pipeline.SCMPipelineManager.removePipeline(SCMPipelineManager.java:423)
	at org.apache.hadoop.hdds.scm.pipeline.SCMPipelineManager.destroyPipeline(SCMPipelineManager.java:409)
	at org.apache.hadoop.hdds.scm.pipeline.SCMPipelineManager.lambda$finalizeAndDestroyPipeline$0(SCMPipelineManager.java:318)
	at org.apache.hadoop.utils.Scheduler.lambda$schedule$1(Scheduler.java:68)
	at java.util.concurrent.Executors$RunnableAdapter.call(Executors.java:511)
	at java.util.concurrent.FutureTask.run(FutureTask.java:266)
	at java.util.concurrent.ScheduledThreadPoolExecutor$ScheduledFutureTask.access$201(ScheduledThreadPoolExecutor.java:180)
	at java.util.concurrent.ScheduledThreadPoolExecutor$ScheduledFutureTask.run(ScheduledThreadPoolExecutor.java:293)
	at java.util.concurrent.ThreadPoolExecutor.runWorker(ThreadPoolExecutor.java:1149)
	at java.util.concurrent.ThreadPoolExecutor$Worker.run(ThreadPoolExecutor.java:624)
	at java.lang.Thread.run(Thread.java:748)
2019-09-11 20:08:37,394 [java.util.concurrent.ThreadPoolExecutor$Worker@35e4abe9[State = -1, empty queue]] WARN  server.GrpcLogAppender (GrpcLogAppender.java:timeoutAppendRequest(200)) - 802f7a56-3ac2-455e-92a2-71244eb20cf7@group-61D96FA8A4D2->9bb405f0-f563-4579-83ea-0bbe163a9fbc-GrpcLogAppender: appendEntries Timeout, request=802f7a56-3ac2-455e-92a2-71244eb20cf7->9bb405f0-f563-4579-83ea-0bbe163a9fbc#25-t1, previous=(t:1, i:22), leaderCommit=16, initializing? false, entries: <empty>
2019-09-11 20:08:37,394 [java.util.concurrent.ThreadPoolExecutor$Worker@178a595d[State = -1, empty queue]] WARN  server.GrpcLogAppender (GrpcLogAppender.java:timeoutAppendRequest(200)) - 802f7a56-3ac2-455e-92a2-71244eb20cf7@group-61D96FA8A4D2->e0c56373-add1-4904-83f3-08b0a755b8ed-GrpcLogAppender: appendEntries Timeout, request=802f7a56-3ac2-455e-92a2-71244eb20cf7->e0c56373-add1-4904-83f3-08b0a755b8ed#25-t1, previous=(t:1, i:22), leaderCommit=16, initializing? false, entries: <empty>
2019-09-11 20:08:37,921 [grpc-default-executor-11] INFO  impl.RaftServerProxy (RaftServerProxy.java:remove(95)) - 802f7a56-3ac2-455e-92a2-71244eb20cf7: remove group-C7A422292FA5:null
2019-09-11 20:08:37,925 [RatisPipelineUtilsThread] WARN  pipeline.RatisPipelineUtils (RatisPipelineUtils.java:destroyPipeline(66)) - Pipeline destroy failed for pipeline=PipelineID=a5e33a2e-eade-4ad2-a9ca-c7a422292fa5 dn=802f7a56-3ac2-455e-92a2-71244eb20cf7{ip: 192.168.36.83, host: pr-hdds-2096-jg2tg-1247294052, networkLocation: /default-rack, certSerialId: null}
2019-09-11 20:08:37,927 [grpc-default-executor-11] INFO  impl.RaftServerProxy (RaftServerProxy.java:remove(95)) - e0c56373-add1-4904-83f3-08b0a755b8ed: remove group-C7A422292FA5:null
2019-09-11 20:08:37,929 [RatisPipelineUtilsThread] WARN  pipeline.RatisPipelineUtils (RatisPipelineUtils.java:destroyPipeline(66)) - Pipeline destroy failed for pipeline=PipelineID=a5e33a2e-eade-4ad2-a9ca-c7a422292fa5 dn=e0c56373-add1-4904-83f3-08b0a755b8ed{ip: 192.168.36.83, host: pr-hdds-2096-jg2tg-1247294052, networkLocation: /default-rack, certSerialId: null}
2019-09-11 20:08:37,931 [grpc-default-executor-11] INFO  impl.RaftServerProxy (RaftServerProxy.java:remove(95)) - 9bb405f0-f563-4579-83ea-0bbe163a9fbc: remove group-C7A422292FA5:null
2019-09-11 20:08:37,933 [RatisPipelineUtilsThread] WARN  pipeline.RatisPipelineUtils (RatisPipelineUtils.java:destroyPipeline(66)) - Pipeline destroy failed for pipeline=PipelineID=a5e33a2e-eade-4ad2-a9ca-c7a422292fa5 dn=9bb405f0-f563-4579-83ea-0bbe163a9fbc{ip: 192.168.36.83, host: pr-hdds-2096-jg2tg-1247294052, networkLocation: /default-rack, certSerialId: null}
2019-09-11 20:08:37,933 [RatisPipelineUtilsThread] ERROR pipeline.SCMPipelineManager (Scheduler.java:lambda$schedule$1(70)) - Destroy pipeline failed for pipeline:Pipeline[ Id: a5e33a2e-eade-4ad2-a9ca-c7a422292fa5, Nodes: 802f7a56-3ac2-455e-92a2-71244eb20cf7{ip: 192.168.36.83, host: pr-hdds-2096-jg2tg-1247294052, networkLocation: /default-rack, certSerialId: null}e0c56373-add1-4904-83f3-08b0a755b8ed{ip: 192.168.36.83, host: pr-hdds-2096-jg2tg-1247294052, networkLocation: /default-rack, certSerialId: null}9bb405f0-f563-4579-83ea-0bbe163a9fbc{ip: 192.168.36.83, host: pr-hdds-2096-jg2tg-1247294052, networkLocation: /default-rack, certSerialId: null}, Type:RATIS, Factor:THREE, State:CLOSED]
org.apache.hadoop.hdds.scm.pipeline.PipelineNotFoundException: PipelineID=a5e33a2e-eade-4ad2-a9ca-c7a422292fa5 not found
	at org.apache.hadoop.hdds.scm.pipeline.PipelineStateMap.getPipeline(PipelineStateMap.java:132)
	at org.apache.hadoop.hdds.scm.pipeline.PipelineStateMap.removePipeline(PipelineStateMap.java:322)
	at org.apache.hadoop.hdds.scm.pipeline.PipelineStateManager.removePipeline(PipelineStateManager.java:107)
	at org.apache.hadoop.hdds.scm.pipeline.SCMPipelineManager.removePipeline(SCMPipelineManager.java:423)
	at org.apache.hadoop.hdds.scm.pipeline.SCMPipelineManager.destroyPipeline(SCMPipelineManager.java:409)
	at org.apache.hadoop.hdds.scm.pipeline.SCMPipelineManager.lambda$finalizeAndDestroyPipeline$0(SCMPipelineManager.java:318)
	at org.apache.hadoop.utils.Scheduler.lambda$schedule$1(Scheduler.java:68)
	at java.util.concurrent.Executors$RunnableAdapter.call(Executors.java:511)
	at java.util.concurrent.FutureTask.run(FutureTask.java:266)
	at java.util.concurrent.ScheduledThreadPoolExecutor$ScheduledFutureTask.access$201(ScheduledThreadPoolExecutor.java:180)
	at java.util.concurrent.ScheduledThreadPoolExecutor$ScheduledFutureTask.run(ScheduledThreadPoolExecutor.java:293)
	at java.util.concurrent.ThreadPoolExecutor.runWorker(ThreadPoolExecutor.java:1149)
	at java.util.concurrent.ThreadPoolExecutor$Worker.run(ThreadPoolExecutor.java:624)
	at java.lang.Thread.run(Thread.java:748)
2019-09-11 20:08:39,459 [grpc-default-executor-11] INFO  client.GrpcClientProtocolClient (GrpcClientProtocolClient.java:onNext(264)) - client-1170F4C7A823->9bb405f0-f563-4579-83ea-0bbe163a9fbc: receive RaftClientReply:client-1170F4C7A823->9bb405f0-f563-4579-83ea-0bbe163a9fbc@group-61D96FA8A4D2, cid=247, FAILED org.apache.ratis.protocol.NotLeaderException: Server 9bb405f0-f563-4579-83ea-0bbe163a9fbc@group-61D96FA8A4D2 is not the leader 802f7a56-3ac2-455e-92a2-71244eb20cf7:192.168.36.83:33220, logIndex=0, commits[9bb405f0-f563-4579-83ea-0bbe163a9fbc:c16, 802f7a56-3ac2-455e-92a2-71244eb20cf7:c16, e0c56373-add1-4904-83f3-08b0a755b8ed:c14]
2019-09-11 20:08:39,501 [e0c56373-add1-4904-83f3-08b0a755b8ed@group-61D96FA8A4D2-SegmentedRaftLogWorker] WARN  segmented.SegmentedRaftLogWorker (SegmentedRaftLogWorker.java:getFromFuture(90)) - Timeout 0/~
org.apache.ratis.protocol.TimeoutIOException: Timeout 10s: WriteLog:18: (t:1, i:18), STATEMACHINELOGENTRY, client-1170F4C7A823, cid=248-writeStateMachineData
	at org.apache.ratis.util.IOUtils.getFromFuture(IOUtils.java:87)
	at org.apache.ratis.server.raftlog.segmented.SegmentedRaftLogWorker$StateMachineDataPolicy.getFromFuture(SegmentedRaftLogWorker.java:87)
	at org.apache.ratis.server.raftlog.segmented.SegmentedRaftLogWorker$WriteLog.execute(SegmentedRaftLogWorker.java:477)
	at org.apache.ratis.server.raftlog.segmented.SegmentedRaftLogWorker.run(SegmentedRaftLogWorker.java:289)
	at java.lang.Thread.run(Thread.java:748)
Caused by: java.util.concurrent.TimeoutException
	at java.util.concurrent.CompletableFuture.timedGet(CompletableFuture.java:1771)
	at java.util.concurrent.CompletableFuture.get(CompletableFuture.java:1915)
	at org.apache.ratis.util.IOUtils.getFromFuture(IOUtils.java:79)
	... 4 more
2019-09-11 20:08:39,501 [9bb405f0-f563-4579-83ea-0bbe163a9fbc@group-61D96FA8A4D2-SegmentedRaftLogWorker] WARN  segmented.SegmentedRaftLogWorker (SegmentedRaftLogWorker.java:getFromFuture(90)) - Timeout 0/~
org.apache.ratis.protocol.TimeoutIOException: Timeout 10s: WriteLog:18: (t:1, i:18), STATEMACHINELOGENTRY, client-1170F4C7A823, cid=248-writeStateMachineData
	at org.apache.ratis.util.IOUtils.getFromFuture(IOUtils.java:87)
	at org.apache.ratis.server.raftlog.segmented.SegmentedRaftLogWorker$StateMachineDataPolicy.getFromFuture(SegmentedRaftLogWorker.java:87)
	at org.apache.ratis.server.raftlog.segmented.SegmentedRaftLogWorker$WriteLog.execute(SegmentedRaftLogWorker.java:477)
	at org.apache.ratis.server.raftlog.segmented.SegmentedRaftLogWorker.run(SegmentedRaftLogWorker.java:289)
	at java.lang.Thread.run(Thread.java:748)
Caused by: java.util.concurrent.TimeoutException
	at java.util.concurrent.CompletableFuture.timedGet(CompletableFuture.java:1771)
	at java.util.concurrent.CompletableFuture.get(CompletableFuture.java:1915)
	at org.apache.ratis.util.IOUtils.getFromFuture(IOUtils.java:79)
	... 4 more
2019-09-11 20:08:39,501 [802f7a56-3ac2-455e-92a2-71244eb20cf7@group-61D96FA8A4D2-SegmentedRaftLogWorker] WARN  segmented.SegmentedRaftLogWorker (SegmentedRaftLogWorker.java:getFromFuture(90)) - Timeout 0/~
org.apache.ratis.protocol.TimeoutIOException: Timeout 10s: WriteLog:18: (t:1, i:18), STATEMACHINELOGENTRY, client-1170F4C7A823, cid=248-writeStateMachineData
	at org.apache.ratis.util.IOUtils.getFromFuture(IOUtils.java:87)
	at org.apache.ratis.server.raftlog.segmented.SegmentedRaftLogWorker$StateMachineDataPolicy.getFromFuture(SegmentedRaftLogWorker.java:87)
	at org.apache.ratis.server.raftlog.segmented.SegmentedRaftLogWorker$WriteLog.execute(SegmentedRaftLogWorker.java:477)
	at org.apache.ratis.server.raftlog.segmented.SegmentedRaftLogWorker.run(SegmentedRaftLogWorker.java:289)
	at java.lang.Thread.run(Thread.java:748)
Caused by: java.util.concurrent.TimeoutException
	at java.util.concurrent.CompletableFuture.timedGet(CompletableFuture.java:1771)
	at java.util.concurrent.CompletableFuture.get(CompletableFuture.java:1915)
	at org.apache.ratis.util.IOUtils.getFromFuture(IOUtils.java:79)
	... 4 more
2019-09-11 20:08:39,895 [java.util.concurrent.ThreadPoolExecutor$Worker@35e4abe9[State = -1, empty queue]] WARN  server.GrpcLogAppender (GrpcLogAppender.java:timeoutAppendRequest(200)) - 802f7a56-3ac2-455e-92a2-71244eb20cf7@group-61D96FA8A4D2->9bb405f0-f563-4579-83ea-0bbe163a9fbc-GrpcLogAppender: appendEntries Timeout, request=802f7a56-3ac2-455e-92a2-71244eb20cf7->9bb405f0-f563-4579-83ea-0bbe163a9fbc#26-t1, previous=(t:1, i:22), leaderCommit=16, initializing? false, entries: <empty>
2019-09-11 20:08:39,895 [java.util.concurrent.ThreadPoolExecutor$Worker@178a595d[State = -1, empty queue]] WARN  server.GrpcLogAppender (GrpcLogAppender.java:timeoutAppendRequest(200)) - 802f7a56-3ac2-455e-92a2-71244eb20cf7@group-61D96FA8A4D2->e0c56373-add1-4904-83f3-08b0a755b8ed-GrpcLogAppender: appendEntries Timeout, request=802f7a56-3ac2-455e-92a2-71244eb20cf7->e0c56373-add1-4904-83f3-08b0a755b8ed#26-t1, previous=(t:1, i:22), leaderCommit=16, initializing? false, entries: <empty>
2019-09-11 20:08:40,920 [grpc-default-executor-11] INFO  impl.RaftServerProxy (RaftServerProxy.java:remove(95)) - 802f7a56-3ac2-455e-92a2-71244eb20cf7: remove group-C7A422292FA5:null
2019-09-11 20:08:40,924 [RatisPipelineUtilsThread] WARN  pipeline.RatisPipelineUtils (RatisPipelineUtils.java:destroyPipeline(66)) - Pipeline destroy failed for pipeline=PipelineID=a5e33a2e-eade-4ad2-a9ca-c7a422292fa5 dn=802f7a56-3ac2-455e-92a2-71244eb20cf7{ip: 192.168.36.83, host: pr-hdds-2096-jg2tg-1247294052, networkLocation: /default-rack, certSerialId: null}
2019-09-11 20:08:40,927 [grpc-default-executor-11] INFO  impl.RaftServerProxy (RaftServerProxy.java:remove(95)) - e0c56373-add1-4904-83f3-08b0a755b8ed: remove group-C7A422292FA5:null
2019-09-11 20:08:40,929 [RatisPipelineUtilsThread] WARN  pipeline.RatisPipelineUtils (RatisPipelineUtils.java:destroyPipeline(66)) - Pipeline destroy failed for pipeline=PipelineID=a5e33a2e-eade-4ad2-a9ca-c7a422292fa5 dn=e0c56373-add1-4904-83f3-08b0a755b8ed{ip: 192.168.36.83, host: pr-hdds-2096-jg2tg-1247294052, networkLocation: /default-rack, certSerialId: null}
2019-09-11 20:08:40,932 [grpc-default-executor-11] INFO  impl.RaftServerProxy (RaftServerProxy.java:remove(95)) - 9bb405f0-f563-4579-83ea-0bbe163a9fbc: remove group-C7A422292FA5:null
2019-09-11 20:08:40,934 [RatisPipelineUtilsThread] WARN  pipeline.RatisPipelineUtils (RatisPipelineUtils.java:destroyPipeline(66)) - Pipeline destroy failed for pipeline=PipelineID=a5e33a2e-eade-4ad2-a9ca-c7a422292fa5 dn=9bb405f0-f563-4579-83ea-0bbe163a9fbc{ip: 192.168.36.83, host: pr-hdds-2096-jg2tg-1247294052, networkLocation: /default-rack, certSerialId: null}
2019-09-11 20:08:40,934 [RatisPipelineUtilsThread] ERROR pipeline.SCMPipelineManager (Scheduler.java:lambda$schedule$1(70)) - Destroy pipeline failed for pipeline:Pipeline[ Id: a5e33a2e-eade-4ad2-a9ca-c7a422292fa5, Nodes: 802f7a56-3ac2-455e-92a2-71244eb20cf7{ip: 192.168.36.83, host: pr-hdds-2096-jg2tg-1247294052, networkLocation: /default-rack, certSerialId: null}e0c56373-add1-4904-83f3-08b0a755b8ed{ip: 192.168.36.83, host: pr-hdds-2096-jg2tg-1247294052, networkLocation: /default-rack, certSerialId: null}9bb405f0-f563-4579-83ea-0bbe163a9fbc{ip: 192.168.36.83, host: pr-hdds-2096-jg2tg-1247294052, networkLocation: /default-rack, certSerialId: null}, Type:RATIS, Factor:THREE, State:CLOSED]
org.apache.hadoop.hdds.scm.pipeline.PipelineNotFoundException: PipelineID=a5e33a2e-eade-4ad2-a9ca-c7a422292fa5 not found
	at org.apache.hadoop.hdds.scm.pipeline.PipelineStateMap.getPipeline(PipelineStateMap.java:132)
	at org.apache.hadoop.hdds.scm.pipeline.PipelineStateMap.removePipeline(PipelineStateMap.java:322)
	at org.apache.hadoop.hdds.scm.pipeline.PipelineStateManager.removePipeline(PipelineStateManager.java:107)
	at org.apache.hadoop.hdds.scm.pipeline.SCMPipelineManager.removePipeline(SCMPipelineManager.java:423)
	at org.apache.hadoop.hdds.scm.pipeline.SCMPipelineManager.destroyPipeline(SCMPipelineManager.java:409)
	at org.apache.hadoop.hdds.scm.pipeline.SCMPipelineManager.lambda$finalizeAndDestroyPipeline$0(SCMPipelineManager.java:318)
	at org.apache.hadoop.utils.Scheduler.lambda$schedule$1(Scheduler.java:68)
	at java.util.concurrent.Executors$RunnableAdapter.call(Executors.java:511)
	at java.util.concurrent.FutureTask.run(FutureTask.java:266)
	at java.util.concurrent.ScheduledThreadPoolExecutor$ScheduledFutureTask.access$201(ScheduledThreadPoolExecutor.java:180)
	at java.util.concurrent.ScheduledThreadPoolExecutor$ScheduledFutureTask.run(ScheduledThreadPoolExecutor.java:293)
	at java.util.concurrent.ThreadPoolExecutor.runWorker(ThreadPoolExecutor.java:1149)
	at java.util.concurrent.ThreadPoolExecutor$Worker.run(ThreadPoolExecutor.java:624)
	at java.lang.Thread.run(Thread.java:748)
2019-09-11 20:08:42,395 [java.util.concurrent.ThreadPoolExecutor$Worker@178a595d[State = -1, empty queue]] WARN  server.GrpcLogAppender (GrpcLogAppender.java:timeoutAppendRequest(200)) - 802f7a56-3ac2-455e-92a2-71244eb20cf7@group-61D96FA8A4D2->e0c56373-add1-4904-83f3-08b0a755b8ed-GrpcLogAppender: appendEntries Timeout, request=802f7a56-3ac2-455e-92a2-71244eb20cf7->e0c56373-add1-4904-83f3-08b0a755b8ed#27-t1, previous=(t:1, i:22), leaderCommit=16, initializing? false, entries: <empty>
2019-09-11 20:08:42,395 [java.util.concurrent.ThreadPoolExecutor$Worker@35e4abe9[State = -1, empty queue]] WARN  server.GrpcLogAppender (GrpcLogAppender.java:timeoutAppendRequest(200)) - 802f7a56-3ac2-455e-92a2-71244eb20cf7@group-61D96FA8A4D2->9bb405f0-f563-4579-83ea-0bbe163a9fbc-GrpcLogAppender: appendEntries Timeout, request=802f7a56-3ac2-455e-92a2-71244eb20cf7->9bb405f0-f563-4579-83ea-0bbe163a9fbc#27-t1, previous=(t:1, i:22), leaderCommit=16, initializing? false, entries: <empty>
2019-09-11 20:08:42,922 [grpc-default-executor-1] INFO  impl.RaftServerProxy (RaftServerProxy.java:remove(95)) - 802f7a56-3ac2-455e-92a2-71244eb20cf7: remove group-C7A422292FA5:null
2019-09-11 20:08:42,926 [RatisPipelineUtilsThread] WARN  pipeline.RatisPipelineUtils (RatisPipelineUtils.java:destroyPipeline(66)) - Pipeline destroy failed for pipeline=PipelineID=a5e33a2e-eade-4ad2-a9ca-c7a422292fa5 dn=802f7a56-3ac2-455e-92a2-71244eb20cf7{ip: 192.168.36.83, host: pr-hdds-2096-jg2tg-1247294052, networkLocation: /default-rack, certSerialId: null}
2019-09-11 20:08:42,929 [grpc-default-executor-1] INFO  impl.RaftServerProxy (RaftServerProxy.java:remove(95)) - e0c56373-add1-4904-83f3-08b0a755b8ed: remove group-C7A422292FA5:null
2019-09-11 20:08:42,931 [RatisPipelineUtilsThread] WARN  pipeline.RatisPipelineUtils (RatisPipelineUtils.java:destroyPipeline(66)) - Pipeline destroy failed for pipeline=PipelineID=a5e33a2e-eade-4ad2-a9ca-c7a422292fa5 dn=e0c56373-add1-4904-83f3-08b0a755b8ed{ip: 192.168.36.83, host: pr-hdds-2096-jg2tg-1247294052, networkLocation: /default-rack, certSerialId: null}
2019-09-11 20:08:42,933 [grpc-default-executor-1] INFO  impl.RaftServerProxy (RaftServerProxy.java:remove(95)) - 9bb405f0-f563-4579-83ea-0bbe163a9fbc: remove group-C7A422292FA5:null
2019-09-11 20:08:42,935 [RatisPipelineUtilsThread] WARN  pipeline.RatisPipelineUtils (RatisPipelineUtils.java:destroyPipeline(66)) - Pipeline destroy failed for pipeline=PipelineID=a5e33a2e-eade-4ad2-a9ca-c7a422292fa5 dn=9bb405f0-f563-4579-83ea-0bbe163a9fbc{ip: 192.168.36.83, host: pr-hdds-2096-jg2tg-1247294052, networkLocation: /default-rack, certSerialId: null}
2019-09-11 20:08:42,935 [RatisPipelineUtilsThread] ERROR pipeline.SCMPipelineManager (Scheduler.java:lambda$schedule$1(70)) - Destroy pipeline failed for pipeline:Pipeline[ Id: a5e33a2e-eade-4ad2-a9ca-c7a422292fa5, Nodes: 802f7a56-3ac2-455e-92a2-71244eb20cf7{ip: 192.168.36.83, host: pr-hdds-2096-jg2tg-1247294052, networkLocation: /default-rack, certSerialId: null}e0c56373-add1-4904-83f3-08b0a755b8ed{ip: 192.168.36.83, host: pr-hdds-2096-jg2tg-1247294052, networkLocation: /default-rack, certSerialId: null}9bb405f0-f563-4579-83ea-0bbe163a9fbc{ip: 192.168.36.83, host: pr-hdds-2096-jg2tg-1247294052, networkLocation: /default-rack, certSerialId: null}, Type:RATIS, Factor:THREE, State:CLOSED]
org.apache.hadoop.hdds.scm.pipeline.PipelineNotFoundException: PipelineID=a5e33a2e-eade-4ad2-a9ca-c7a422292fa5 not found
	at org.apache.hadoop.hdds.scm.pipeline.PipelineStateMap.getPipeline(PipelineStateMap.java:132)
	at org.apache.hadoop.hdds.scm.pipeline.PipelineStateMap.removePipeline(PipelineStateMap.java:322)
	at org.apache.hadoop.hdds.scm.pipeline.PipelineStateManager.removePipeline(PipelineStateManager.java:107)
	at org.apache.hadoop.hdds.scm.pipeline.SCMPipelineManager.removePipeline(SCMPipelineManager.java:423)
	at org.apache.hadoop.hdds.scm.pipeline.SCMPipelineManager.destroyPipeline(SCMPipelineManager.java:409)
	at org.apache.hadoop.hdds.scm.pipeline.SCMPipelineManager.lambda$finalizeAndDestroyPipeline$0(SCMPipelineManager.java:318)
	at org.apache.hadoop.utils.Scheduler.lambda$schedule$1(Scheduler.java:68)
	at java.util.concurrent.Executors$RunnableAdapter.call(Executors.java:511)
	at java.util.concurrent.FutureTask.run(FutureTask.java:266)
	at java.util.concurrent.ScheduledThreadPoolExecutor$ScheduledFutureTask.access$201(ScheduledThreadPoolExecutor.java:180)
	at java.util.concurrent.ScheduledThreadPoolExecutor$ScheduledFutureTask.run(ScheduledThreadPoolExecutor.java:293)
	at java.util.concurrent.ThreadPoolExecutor.runWorker(ThreadPoolExecutor.java:1149)
	at java.util.concurrent.ThreadPoolExecutor$Worker.run(ThreadPoolExecutor.java:624)
	at java.lang.Thread.run(Thread.java:748)
2019-09-11 20:08:44,496 [grpc-default-executor-11] INFO  client.GrpcClientProtocolClient (GrpcClientProtocolClient.java:onNext(264)) - client-1170F4C7A823->9bb405f0-f563-4579-83ea-0bbe163a9fbc: receive RaftClientReply:client-1170F4C7A823->9bb405f0-f563-4579-83ea-0bbe163a9fbc@group-61D96FA8A4D2, cid=247, FAILED org.apache.ratis.protocol.NotLeaderException: Server 9bb405f0-f563-4579-83ea-0bbe163a9fbc@group-61D96FA8A4D2 is not the leader 802f7a56-3ac2-455e-92a2-71244eb20cf7:192.168.36.83:33220, logIndex=0, commits[9bb405f0-f563-4579-83ea-0bbe163a9fbc:c16, 802f7a56-3ac2-455e-92a2-71244eb20cf7:c16, e0c56373-add1-4904-83f3-08b0a755b8ed:c14]
2019-09-11 20:08:44,510 [grpc-default-executor-6] WARN  client.GrpcClientProtocolService (LogUtils.java:warn(134)) - 77-OrderedRequestStreamObserver77: onError: org.apache.ratis.thirdparty.io.grpc.StatusRuntimeException: CANCELLED: cancelled before receiving half close
2019-09-11 20:08:44,895 [java.util.concurrent.ThreadPoolExecutor$Worker@35e4abe9[State = -1, empty queue]] WARN  server.GrpcLogAppender (GrpcLogAppender.java:timeoutAppendRequest(200)) - 802f7a56-3ac2-455e-92a2-71244eb20cf7@group-61D96FA8A4D2->9bb405f0-f563-4579-83ea-0bbe163a9fbc-GrpcLogAppender: appendEntries Timeout, request=802f7a56-3ac2-455e-92a2-71244eb20cf7->9bb405f0-f563-4579-83ea-0bbe163a9fbc#28-t1, previous=(t:1, i:22), leaderCommit=16, initializing? false, entries: <empty>
2019-09-11 20:08:44,895 [java.util.concurrent.ThreadPoolExecutor$Worker@178a595d[State = -1, empty queue]] WARN  server.GrpcLogAppender (GrpcLogAppender.java:timeoutAppendRequest(200)) - 802f7a56-3ac2-455e-92a2-71244eb20cf7@group-61D96FA8A4D2->e0c56373-add1-4904-83f3-08b0a755b8ed-GrpcLogAppender: appendEntries Timeout, request=802f7a56-3ac2-455e-92a2-71244eb20cf7->e0c56373-add1-4904-83f3-08b0a755b8ed#28-t1, previous=(t:1, i:22), leaderCommit=16, initializing? false, entries: <empty>
2019-09-11 20:08:45,918 [grpc-default-executor-6] INFO  impl.RaftServerProxy (RaftServerProxy.java:remove(95)) - 802f7a56-3ac2-455e-92a2-71244eb20cf7: remove group-C7A422292FA5:null
2019-09-11 20:08:45,921 [RatisPipelineUtilsThread] WARN  pipeline.RatisPipelineUtils (RatisPipelineUtils.java:destroyPipeline(66)) - Pipeline destroy failed for pipeline=PipelineID=a5e33a2e-eade-4ad2-a9ca-c7a422292fa5 dn=802f7a56-3ac2-455e-92a2-71244eb20cf7{ip: 192.168.36.83, host: pr-hdds-2096-jg2tg-1247294052, networkLocation: /default-rack, certSerialId: null}
2019-09-11 20:08:45,924 [grpc-default-executor-6] INFO  impl.RaftServerProxy (RaftServerProxy.java:remove(95)) - e0c56373-add1-4904-83f3-08b0a755b8ed: remove group-C7A422292FA5:null
2019-09-11 20:08:45,926 [RatisPipelineUtilsThread] WARN  pipeline.RatisPipelineUtils (RatisPipelineUtils.java:destroyPipeline(66)) - Pipeline destroy failed for pipeline=PipelineID=a5e33a2e-eade-4ad2-a9ca-c7a422292fa5 dn=e0c56373-add1-4904-83f3-08b0a755b8ed{ip: 192.168.36.83, host: pr-hdds-2096-jg2tg-1247294052, networkLocation: /default-rack, certSerialId: null}
2019-09-11 20:08:45,929 [grpc-default-executor-6] INFO  impl.RaftServerProxy (RaftServerProxy.java:remove(95)) - 9bb405f0-f563-4579-83ea-0bbe163a9fbc: remove group-C7A422292FA5:null
2019-09-11 20:08:45,930 [RatisPipelineUtilsThread] WARN  pipeline.RatisPipelineUtils (RatisPipelineUtils.java:destroyPipeline(66)) - Pipeline destroy failed for pipeline=PipelineID=a5e33a2e-eade-4ad2-a9ca-c7a422292fa5 dn=9bb405f0-f563-4579-83ea-0bbe163a9fbc{ip: 192.168.36.83, host: pr-hdds-2096-jg2tg-1247294052, networkLocation: /default-rack, certSerialId: null}
2019-09-11 20:08:45,931 [RatisPipelineUtilsThread] ERROR pipeline.SCMPipelineManager (Scheduler.java:lambda$schedule$1(70)) - Destroy pipeline failed for pipeline:Pipeline[ Id: a5e33a2e-eade-4ad2-a9ca-c7a422292fa5, Nodes: 802f7a56-3ac2-455e-92a2-71244eb20cf7{ip: 192.168.36.83, host: pr-hdds-2096-jg2tg-1247294052, networkLocation: /default-rack, certSerialId: null}e0c56373-add1-4904-83f3-08b0a755b8ed{ip: 192.168.36.83, host: pr-hdds-2096-jg2tg-1247294052, networkLocation: /default-rack, certSerialId: null}9bb405f0-f563-4579-83ea-0bbe163a9fbc{ip: 192.168.36.83, host: pr-hdds-2096-jg2tg-1247294052, networkLocation: /default-rack, certSerialId: null}, Type:RATIS, Factor:THREE, State:CLOSED]
org.apache.hadoop.hdds.scm.pipeline.PipelineNotFoundException: PipelineID=a5e33a2e-eade-4ad2-a9ca-c7a422292fa5 not found
	at org.apache.hadoop.hdds.scm.pipeline.PipelineStateMap.getPipeline(PipelineStateMap.java:132)
	at org.apache.hadoop.hdds.scm.pipeline.PipelineStateMap.removePipeline(PipelineStateMap.java:322)
	at org.apache.hadoop.hdds.scm.pipeline.PipelineStateManager.removePipeline(PipelineStateManager.java:107)
	at org.apache.hadoop.hdds.scm.pipeline.SCMPipelineManager.removePipeline(SCMPipelineManager.java:423)
	at org.apache.hadoop.hdds.scm.pipeline.SCMPipelineManager.destroyPipeline(SCMPipelineManager.java:409)
	at org.apache.hadoop.hdds.scm.pipeline.SCMPipelineManager.lambda$finalizeAndDestroyPipeline$0(SCMPipelineManager.java:318)
	at org.apache.hadoop.utils.Scheduler.lambda$schedule$1(Scheduler.java:68)
	at java.util.concurrent.Executors$RunnableAdapter.call(Executors.java:511)
	at java.util.concurrent.FutureTask.run(FutureTask.java:266)
	at java.util.concurrent.ScheduledThreadPoolExecutor$ScheduledFutureTask.access$201(ScheduledThreadPoolExecutor.java:180)
	at java.util.concurrent.ScheduledThreadPoolExecutor$ScheduledFutureTask.run(ScheduledThreadPoolExecutor.java:293)
	at java.util.concurrent.ThreadPoolExecutor.runWorker(ThreadPoolExecutor.java:1149)
	at java.util.concurrent.ThreadPoolExecutor$Worker.run(ThreadPoolExecutor.java:624)
	at java.lang.Thread.run(Thread.java:748)
2019-09-11 20:08:47,396 [java.util.concurrent.ThreadPoolExecutor$Worker@35e4abe9[State = -1, empty queue]] WARN  server.GrpcLogAppender (GrpcLogAppender.java:timeoutAppendRequest(200)) - 802f7a56-3ac2-455e-92a2-71244eb20cf7@group-61D96FA8A4D2->9bb405f0-f563-4579-83ea-0bbe163a9fbc-GrpcLogAppender: appendEntries Timeout, request=802f7a56-3ac2-455e-92a2-71244eb20cf7->9bb405f0-f563-4579-83ea-0bbe163a9fbc#29-t1, previous=(t:1, i:22), leaderCommit=16, initializing? false, entries: <empty>
2019-09-11 20:08:47,396 [java.util.concurrent.ThreadPoolExecutor$Worker@178a595d[State = -1, empty queue]] WARN  server.GrpcLogAppender (GrpcLogAppender.java:timeoutAppendRequest(200)) - 802f7a56-3ac2-455e-92a2-71244eb20cf7@group-61D96FA8A4D2->e0c56373-add1-4904-83f3-08b0a755b8ed-GrpcLogAppender: appendEntries Timeout, request=802f7a56-3ac2-455e-92a2-71244eb20cf7->e0c56373-add1-4904-83f3-08b0a755b8ed#29-t1, previous=(t:1, i:22), leaderCommit=16, initializing? false, entries: <empty>
2019-09-11 20:08:47,919 [grpc-default-executor-6] INFO  impl.RaftServerProxy (RaftServerProxy.java:remove(95)) - 802f7a56-3ac2-455e-92a2-71244eb20cf7: remove group-C7A422292FA5:null
2019-09-11 20:08:47,922 [RatisPipelineUtilsThread] WARN  pipeline.RatisPipelineUtils (RatisPipelineUtils.java:destroyPipeline(66)) - Pipeline destroy failed for pipeline=PipelineID=a5e33a2e-eade-4ad2-a9ca-c7a422292fa5 dn=802f7a56-3ac2-455e-92a2-71244eb20cf7{ip: 192.168.36.83, host: pr-hdds-2096-jg2tg-1247294052, networkLocation: /default-rack, certSerialId: null}
2019-09-11 20:08:47,924 [grpc-default-executor-6] INFO  impl.RaftServerProxy (RaftServerProxy.java:remove(95)) - e0c56373-add1-4904-83f3-08b0a755b8ed: remove group-C7A422292FA5:null
2019-09-11 20:08:47,926 [RatisPipelineUtilsThread] WARN  pipeline.RatisPipelineUtils (RatisPipelineUtils.java:destroyPipeline(66)) - Pipeline destroy failed for pipeline=PipelineID=a5e33a2e-eade-4ad2-a9ca-c7a422292fa5 dn=e0c56373-add1-4904-83f3-08b0a755b8ed{ip: 192.168.36.83, host: pr-hdds-2096-jg2tg-1247294052, networkLocation: /default-rack, certSerialId: null}
2019-09-11 20:08:47,929 [grpc-default-executor-6] INFO  impl.RaftServerProxy (RaftServerProxy.java:remove(95)) - 9bb405f0-f563-4579-83ea-0bbe163a9fbc: remove group-C7A422292FA5:null
2019-09-11 20:08:47,931 [RatisPipelineUtilsThread] WARN  pipeline.RatisPipelineUtils (RatisPipelineUtils.java:destroyPipeline(66)) - Pipeline destroy failed for pipeline=PipelineID=a5e33a2e-eade-4ad2-a9ca-c7a422292fa5 dn=9bb405f0-f563-4579-83ea-0bbe163a9fbc{ip: 192.168.36.83, host: pr-hdds-2096-jg2tg-1247294052, networkLocation: /default-rack, certSerialId: null}
2019-09-11 20:08:47,931 [RatisPipelineUtilsThread] ERROR pipeline.SCMPipelineManager (Scheduler.java:lambda$schedule$1(70)) - Destroy pipeline failed for pipeline:Pipeline[ Id: a5e33a2e-eade-4ad2-a9ca-c7a422292fa5, Nodes: 802f7a56-3ac2-455e-92a2-71244eb20cf7{ip: 192.168.36.83, host: pr-hdds-2096-jg2tg-1247294052, networkLocation: /default-rack, certSerialId: null}e0c56373-add1-4904-83f3-08b0a755b8ed{ip: 192.168.36.83, host: pr-hdds-2096-jg2tg-1247294052, networkLocation: /default-rack, certSerialId: null}9bb405f0-f563-4579-83ea-0bbe163a9fbc{ip: 192.168.36.83, host: pr-hdds-2096-jg2tg-1247294052, networkLocation: /default-rack, certSerialId: null}, Type:RATIS, Factor:THREE, State:CLOSED]
org.apache.hadoop.hdds.scm.pipeline.PipelineNotFoundException: PipelineID=a5e33a2e-eade-4ad2-a9ca-c7a422292fa5 not found
	at org.apache.hadoop.hdds.scm.pipeline.PipelineStateMap.getPipeline(PipelineStateMap.java:132)
	at org.apache.hadoop.hdds.scm.pipeline.PipelineStateMap.removePipeline(PipelineStateMap.java:322)
	at org.apache.hadoop.hdds.scm.pipeline.PipelineStateManager.removePipeline(PipelineStateManager.java:107)
	at org.apache.hadoop.hdds.scm.pipeline.SCMPipelineManager.removePipeline(SCMPipelineManager.java:423)
	at org.apache.hadoop.hdds.scm.pipeline.SCMPipelineManager.destroyPipeline(SCMPipelineManager.java:409)
	at org.apache.hadoop.hdds.scm.pipeline.SCMPipelineManager.lambda$finalizeAndDestroyPipeline$0(SCMPipelineManager.java:318)
	at org.apache.hadoop.utils.Scheduler.lambda$schedule$1(Scheduler.java:68)
	at java.util.concurrent.Executors$RunnableAdapter.call(Executors.java:511)
	at java.util.concurrent.FutureTask.run(FutureTask.java:266)
	at java.util.concurrent.ScheduledThreadPoolExecutor$ScheduledFutureTask.access$201(ScheduledThreadPoolExecutor.java:180)
	at java.util.concurrent.ScheduledThreadPoolExecutor$ScheduledFutureTask.run(ScheduledThreadPoolExecutor.java:293)
	at java.util.concurrent.ThreadPoolExecutor.runWorker(ThreadPoolExecutor.java:1149)
	at java.util.concurrent.ThreadPoolExecutor$Worker.run(ThreadPoolExecutor.java:624)
	at java.lang.Thread.run(Thread.java:748)
2019-09-11 20:08:49,502 [e0c56373-add1-4904-83f3-08b0a755b8ed@group-61D96FA8A4D2-SegmentedRaftLogWorker] WARN  segmented.SegmentedRaftLogWorker (SegmentedRaftLogWorker.java:getFromFuture(90)) - Timeout 1/~
org.apache.ratis.protocol.TimeoutIOException: Timeout 10s: WriteLog:18: (t:1, i:18), STATEMACHINELOGENTRY, client-1170F4C7A823, cid=248-writeStateMachineData
	at org.apache.ratis.util.IOUtils.getFromFuture(IOUtils.java:87)
	at org.apache.ratis.server.raftlog.segmented.SegmentedRaftLogWorker$StateMachineDataPolicy.getFromFuture(SegmentedRaftLogWorker.java:87)
	at org.apache.ratis.server.raftlog.segmented.SegmentedRaftLogWorker$WriteLog.execute(SegmentedRaftLogWorker.java:477)
	at org.apache.ratis.server.raftlog.segmented.SegmentedRaftLogWorker.run(SegmentedRaftLogWorker.java:289)
	at java.lang.Thread.run(Thread.java:748)
Caused by: java.util.concurrent.TimeoutException
	at java.util.concurrent.CompletableFuture.timedGet(CompletableFuture.java:1771)
	at java.util.concurrent.CompletableFuture.get(CompletableFuture.java:1915)
	at org.apache.ratis.util.IOUtils.getFromFuture(IOUtils.java:79)
	... 4 more
2019-09-11 20:08:49,502 [802f7a56-3ac2-455e-92a2-71244eb20cf7@group-61D96FA8A4D2-SegmentedRaftLogWorker] WARN  segmented.SegmentedRaftLogWorker (SegmentedRaftLogWorker.java:getFromFuture(90)) - Timeout 1/~
org.apache.ratis.protocol.TimeoutIOException: Timeout 10s: WriteLog:18: (t:1, i:18), STATEMACHINELOGENTRY, client-1170F4C7A823, cid=248-writeStateMachineData
	at org.apache.ratis.util.IOUtils.getFromFuture(IOUtils.java:87)
	at org.apache.ratis.server.raftlog.segmented.SegmentedRaftLogWorker$StateMachineDataPolicy.getFromFuture(SegmentedRaftLogWorker.java:87)
	at org.apache.ratis.server.raftlog.segmented.SegmentedRaftLogWorker$WriteLog.execute(SegmentedRaftLogWorker.java:477)
	at org.apache.ratis.server.raftlog.segmented.SegmentedRaftLogWorker.run(SegmentedRaftLogWorker.java:289)
	at java.lang.Thread.run(Thread.java:748)
Caused by: java.util.concurrent.TimeoutException
	at java.util.concurrent.CompletableFuture.timedGet(CompletableFuture.java:1771)
	at java.util.concurrent.CompletableFuture.get(CompletableFuture.java:1915)
	at org.apache.ratis.util.IOUtils.getFromFuture(IOUtils.java:79)
	... 4 more
2019-09-11 20:08:49,502 [9bb405f0-f563-4579-83ea-0bbe163a9fbc@group-61D96FA8A4D2-SegmentedRaftLogWorker] WARN  segmented.SegmentedRaftLogWorker (SegmentedRaftLogWorker.java:getFromFuture(90)) - Timeout 1/~
org.apache.ratis.protocol.TimeoutIOException: Timeout 10s: WriteLog:18: (t:1, i:18), STATEMACHINELOGENTRY, client-1170F4C7A823, cid=248-writeStateMachineData
	at org.apache.ratis.util.IOUtils.getFromFuture(IOUtils.java:87)
	at org.apache.ratis.server.raftlog.segmented.SegmentedRaftLogWorker$StateMachineDataPolicy.getFromFuture(SegmentedRaftLogWorker.java:87)
	at org.apache.ratis.server.raftlog.segmented.SegmentedRaftLogWorker$WriteLog.execute(SegmentedRaftLogWorker.java:477)
	at org.apache.ratis.server.raftlog.segmented.SegmentedRaftLogWorker.run(SegmentedRaftLogWorker.java:289)
	at java.lang.Thread.run(Thread.java:748)
Caused by: java.util.concurrent.TimeoutException
	at java.util.concurrent.CompletableFuture.timedGet(CompletableFuture.java:1771)
	at java.util.concurrent.CompletableFuture.get(CompletableFuture.java:1915)
	at org.apache.ratis.util.IOUtils.getFromFuture(IOUtils.java:79)
	... 4 more
2019-09-11 20:08:49,539 [grpc-default-executor-6] INFO  client.GrpcClientProtocolClient (GrpcClientProtocolClient.java:onNext(264)) - client-1170F4C7A823->9bb405f0-f563-4579-83ea-0bbe163a9fbc: receive RaftClientReply:client-1170F4C7A823->9bb405f0-f563-4579-83ea-0bbe163a9fbc@group-61D96FA8A4D2, cid=247, FAILED org.apache.ratis.protocol.NotLeaderException: Server 9bb405f0-f563-4579-83ea-0bbe163a9fbc@group-61D96FA8A4D2 is not the leader 802f7a56-3ac2-455e-92a2-71244eb20cf7:192.168.36.83:33220, logIndex=0, commits[9bb405f0-f563-4579-83ea-0bbe163a9fbc:c16, 802f7a56-3ac2-455e-92a2-71244eb20cf7:c16, e0c56373-add1-4904-83f3-08b0a755b8ed:c14]
2019-09-11 20:08:49,896 [java.util.concurrent.ThreadPoolExecutor$Worker@35e4abe9[State = -1, empty queue]] WARN  server.GrpcLogAppender (GrpcLogAppender.java:timeoutAppendRequest(200)) - 802f7a56-3ac2-455e-92a2-71244eb20cf7@group-61D96FA8A4D2->9bb405f0-f563-4579-83ea-0bbe163a9fbc-GrpcLogAppender: appendEntries Timeout, request=802f7a56-3ac2-455e-92a2-71244eb20cf7->9bb405f0-f563-4579-83ea-0bbe163a9fbc#30-t1, previous=(t:1, i:22), leaderCommit=16, initializing? false, entries: <empty>
2019-09-11 20:08:49,896 [java.util.concurrent.ThreadPoolExecutor$Worker@178a595d[State = -1, empty queue]] WARN  server.GrpcLogAppender (GrpcLogAppender.java:timeoutAppendRequest(200)) - 802f7a56-3ac2-455e-92a2-71244eb20cf7@group-61D96FA8A4D2->e0c56373-add1-4904-83f3-08b0a755b8ed-GrpcLogAppender: appendEntries Timeout, request=802f7a56-3ac2-455e-92a2-71244eb20cf7->e0c56373-add1-4904-83f3-08b0a755b8ed#30-t1, previous=(t:1, i:22), leaderCommit=16, initializing? false, entries: <empty>
2019-09-11 20:08:50,920 [grpc-default-executor-11] INFO  impl.RaftServerProxy (RaftServerProxy.java:remove(95)) - 802f7a56-3ac2-455e-92a2-71244eb20cf7: remove group-C7A422292FA5:null
2019-09-11 20:08:50,923 [RatisPipelineUtilsThread] WARN  pipeline.RatisPipelineUtils (RatisPipelineUtils.java:destroyPipeline(66)) - Pipeline destroy failed for pipeline=PipelineID=a5e33a2e-eade-4ad2-a9ca-c7a422292fa5 dn=802f7a56-3ac2-455e-92a2-71244eb20cf7{ip: 192.168.36.83, host: pr-hdds-2096-jg2tg-1247294052, networkLocation: /default-rack, certSerialId: null}
2019-09-11 20:08:50,925 [grpc-default-executor-11] INFO  impl.RaftServerProxy (RaftServerProxy.java:remove(95)) - e0c56373-add1-4904-83f3-08b0a755b8ed: remove group-C7A422292FA5:null
2019-09-11 20:08:50,927 [RatisPipelineUtilsThread] WARN  pipeline.RatisPipelineUtils (RatisPipelineUtils.java:destroyPipeline(66)) - Pipeline destroy failed for pipeline=PipelineID=a5e33a2e-eade-4ad2-a9ca-c7a422292fa5 dn=e0c56373-add1-4904-83f3-08b0a755b8ed{ip: 192.168.36.83, host: pr-hdds-2096-jg2tg-1247294052, networkLocation: /default-rack, certSerialId: null}
2019-09-11 20:08:50,930 [grpc-default-executor-11] INFO  impl.RaftServerProxy (RaftServerProxy.java:remove(95)) - 9bb405f0-f563-4579-83ea-0bbe163a9fbc: remove group-C7A422292FA5:null
2019-09-11 20:08:50,932 [RatisPipelineUtilsThread] WARN  pipeline.RatisPipelineUtils (RatisPipelineUtils.java:destroyPipeline(66)) - Pipeline destroy failed for pipeline=PipelineID=a5e33a2e-eade-4ad2-a9ca-c7a422292fa5 dn=9bb405f0-f563-4579-83ea-0bbe163a9fbc{ip: 192.168.36.83, host: pr-hdds-2096-jg2tg-1247294052, networkLocation: /default-rack, certSerialId: null}
2019-09-11 20:08:50,932 [RatisPipelineUtilsThread] ERROR pipeline.SCMPipelineManager (Scheduler.java:lambda$schedule$1(70)) - Destroy pipeline failed for pipeline:Pipeline[ Id: a5e33a2e-eade-4ad2-a9ca-c7a422292fa5, Nodes: 802f7a56-3ac2-455e-92a2-71244eb20cf7{ip: 192.168.36.83, host: pr-hdds-2096-jg2tg-1247294052, networkLocation: /default-rack, certSerialId: null}e0c56373-add1-4904-83f3-08b0a755b8ed{ip: 192.168.36.83, host: pr-hdds-2096-jg2tg-1247294052, networkLocation: /default-rack, certSerialId: null}9bb405f0-f563-4579-83ea-0bbe163a9fbc{ip: 192.168.36.83, host: pr-hdds-2096-jg2tg-1247294052, networkLocation: /default-rack, certSerialId: null}, Type:RATIS, Factor:THREE, State:CLOSED]
org.apache.hadoop.hdds.scm.pipeline.PipelineNotFoundException: PipelineID=a5e33a2e-eade-4ad2-a9ca-c7a422292fa5 not found
	at org.apache.hadoop.hdds.scm.pipeline.PipelineStateMap.getPipeline(PipelineStateMap.java:132)
	at org.apache.hadoop.hdds.scm.pipeline.PipelineStateMap.removePipeline(PipelineStateMap.java:322)
	at org.apache.hadoop.hdds.scm.pipeline.PipelineStateManager.removePipeline(PipelineStateManager.java:107)
	at org.apache.hadoop.hdds.scm.pipeline.SCMPipelineManager.removePipeline(SCMPipelineManager.java:423)
	at org.apache.hadoop.hdds.scm.pipeline.SCMPipelineManager.destroyPipeline(SCMPipelineManager.java:409)
	at org.apache.hadoop.hdds.scm.pipeline.SCMPipelineManager.lambda$finalizeAndDestroyPipeline$0(SCMPipelineManager.java:318)
	at org.apache.hadoop.utils.Scheduler.lambda$schedule$1(Scheduler.java:68)
	at java.util.concurrent.Executors$RunnableAdapter.call(Executors.java:511)
	at java.util.concurrent.FutureTask.run(FutureTask.java:266)
	at java.util.concurrent.ScheduledThreadPoolExecutor$ScheduledFutureTask.access$201(ScheduledThreadPoolExecutor.java:180)
	at java.util.concurrent.ScheduledThreadPoolExecutor$ScheduledFutureTask.run(ScheduledThreadPoolExecutor.java:293)
	at java.util.concurrent.ThreadPoolExecutor.runWorker(ThreadPoolExecutor.java:1149)
	at java.util.concurrent.ThreadPoolExecutor$Worker.run(ThreadPoolExecutor.java:624)
	at java.lang.Thread.run(Thread.java:748)
2019-09-11 20:08:52,396 [java.util.concurrent.ThreadPoolExecutor$Worker@35e4abe9[State = -1, empty queue]] WARN  server.GrpcLogAppender (GrpcLogAppender.java:timeoutAppendRequest(200)) - 802f7a56-3ac2-455e-92a2-71244eb20cf7@group-61D96FA8A4D2->9bb405f0-f563-4579-83ea-0bbe163a9fbc-GrpcLogAppender: appendEntries Timeout, request=802f7a56-3ac2-455e-92a2-71244eb20cf7->9bb405f0-f563-4579-83ea-0bbe163a9fbc#31-t1, previous=(t:1, i:22), leaderCommit=16, initializing? false, entries: <empty>
2019-09-11 20:08:52,396 [java.util.concurrent.ThreadPoolExecutor$Worker@178a595d[State = -1, empty queue]] WARN  server.GrpcLogAppender (GrpcLogAppender.java:timeoutAppendRequest(200)) - 802f7a56-3ac2-455e-92a2-71244eb20cf7@group-61D96FA8A4D2->e0c56373-add1-4904-83f3-08b0a755b8ed-GrpcLogAppender: appendEntries Timeout, request=802f7a56-3ac2-455e-92a2-71244eb20cf7->e0c56373-add1-4904-83f3-08b0a755b8ed#31-t1, previous=(t:1, i:22), leaderCommit=16, initializing? false, entries: <empty>
2019-09-11 20:08:52,919 [grpc-default-executor-11] INFO  impl.RaftServerProxy (RaftServerProxy.java:remove(95)) - 802f7a56-3ac2-455e-92a2-71244eb20cf7: remove group-C7A422292FA5:null
2019-09-11 20:08:52,922 [RatisPipelineUtilsThread] WARN  pipeline.RatisPipelineUtils (RatisPipelineUtils.java:destroyPipeline(66)) - Pipeline destroy failed for pipeline=PipelineID=a5e33a2e-eade-4ad2-a9ca-c7a422292fa5 dn=802f7a56-3ac2-455e-92a2-71244eb20cf7{ip: 192.168.36.83, host: pr-hdds-2096-jg2tg-1247294052, networkLocation: /default-rack, certSerialId: null}
2019-09-11 20:08:52,925 [grpc-default-executor-11] INFO  impl.RaftServerProxy (RaftServerProxy.java:remove(95)) - e0c56373-add1-4904-83f3-08b0a755b8ed: remove group-C7A422292FA5:null
2019-09-11 20:08:52,927 [RatisPipelineUtilsThread] WARN  pipeline.RatisPipelineUtils (RatisPipelineUtils.java:destroyPipeline(66)) - Pipeline destroy failed for pipeline=PipelineID=a5e33a2e-eade-4ad2-a9ca-c7a422292fa5 dn=e0c56373-add1-4904-83f3-08b0a755b8ed{ip: 192.168.36.83, host: pr-hdds-2096-jg2tg-1247294052, networkLocation: /default-rack, certSerialId: null}
2019-09-11 20:08:52,929 [grpc-default-executor-11] INFO  impl.RaftServerProxy (RaftServerProxy.java:remove(95)) - 9bb405f0-f563-4579-83ea-0bbe163a9fbc: remove group-C7A422292FA5:null
2019-09-11 20:08:52,931 [RatisPipelineUtilsThread] WARN  pipeline.RatisPipelineUtils (RatisPipelineUtils.java:destroyPipeline(66)) - Pipeline destroy failed for pipeline=PipelineID=a5e33a2e-eade-4ad2-a9ca-c7a422292fa5 dn=9bb405f0-f563-4579-83ea-0bbe163a9fbc{ip: 192.168.36.83, host: pr-hdds-2096-jg2tg-1247294052, networkLocation: /default-rack, certSerialId: null}
2019-09-11 20:08:52,932 [RatisPipelineUtilsThread] ERROR pipeline.SCMPipelineManager (Scheduler.java:lambda$schedule$1(70)) - Destroy pipeline failed for pipeline:Pipeline[ Id: a5e33a2e-eade-4ad2-a9ca-c7a422292fa5, Nodes: 802f7a56-3ac2-455e-92a2-71244eb20cf7{ip: 192.168.36.83, host: pr-hdds-2096-jg2tg-1247294052, networkLocation: /default-rack, certSerialId: null}e0c56373-add1-4904-83f3-08b0a755b8ed{ip: 192.168.36.83, host: pr-hdds-2096-jg2tg-1247294052, networkLocation: /default-rack, certSerialId: null}9bb405f0-f563-4579-83ea-0bbe163a9fbc{ip: 192.168.36.83, host: pr-hdds-2096-jg2tg-1247294052, networkLocation: /default-rack, certSerialId: null}, Type:RATIS, Factor:THREE, State:CLOSED]
org.apache.hadoop.hdds.scm.pipeline.PipelineNotFoundException: PipelineID=a5e33a2e-eade-4ad2-a9ca-c7a422292fa5 not found
	at org.apache.hadoop.hdds.scm.pipeline.PipelineStateMap.getPipeline(PipelineStateMap.java:132)
	at org.apache.hadoop.hdds.scm.pipeline.PipelineStateMap.removePipeline(PipelineStateMap.java:322)
	at org.apache.hadoop.hdds.scm.pipeline.PipelineStateManager.removePipeline(PipelineStateManager.java:107)
	at org.apache.hadoop.hdds.scm.pipeline.SCMPipelineManager.removePipeline(SCMPipelineManager.java:423)
	at org.apache.hadoop.hdds.scm.pipeline.SCMPipelineManager.destroyPipeline(SCMPipelineManager.java:409)
	at org.apache.hadoop.hdds.scm.pipeline.SCMPipelineManager.lambda$finalizeAndDestroyPipeline$0(SCMPipelineManager.java:318)
	at org.apache.hadoop.utils.Scheduler.lambda$schedule$1(Scheduler.java:68)
	at java.util.concurrent.Executors$RunnableAdapter.call(Executors.java:511)
	at java.util.concurrent.FutureTask.run(FutureTask.java:266)
	at java.util.concurrent.ScheduledThreadPoolExecutor$ScheduledFutureTask.access$201(ScheduledThreadPoolExecutor.java:180)
	at java.util.concurrent.ScheduledThreadPoolExecutor$ScheduledFutureTask.run(ScheduledThreadPoolExecutor.java:293)
	at java.util.concurrent.ThreadPoolExecutor.runWorker(ThreadPoolExecutor.java:1149)
	at java.util.concurrent.ThreadPoolExecutor$Worker.run(ThreadPoolExecutor.java:624)
	at java.lang.Thread.run(Thread.java:748)
2019-09-11 20:08:54,586 [grpc-default-executor-6] INFO  client.GrpcClientProtocolClient (GrpcClientProtocolClient.java:onNext(264)) - client-1170F4C7A823->9bb405f0-f563-4579-83ea-0bbe163a9fbc: receive RaftClientReply:client-1170F4C7A823->9bb405f0-f563-4579-83ea-0bbe163a9fbc@group-61D96FA8A4D2, cid=247, FAILED org.apache.ratis.protocol.NotLeaderException: Server 9bb405f0-f563-4579-83ea-0bbe163a9fbc@group-61D96FA8A4D2 is not the leader 802f7a56-3ac2-455e-92a2-71244eb20cf7:192.168.36.83:33220, logIndex=0, commits[9bb405f0-f563-4579-83ea-0bbe163a9fbc:c16, 802f7a56-3ac2-455e-92a2-71244eb20cf7:c16, e0c56373-add1-4904-83f3-08b0a755b8ed:c14]
2019-09-11 20:08:54,896 [java.util.concurrent.ThreadPoolExecutor$Worker@35e4abe9[State = -1, empty queue]] WARN  server.GrpcLogAppender (GrpcLogAppender.java:timeoutAppendRequest(200)) - 802f7a56-3ac2-455e-92a2-71244eb20cf7@group-61D96FA8A4D2->9bb405f0-f563-4579-83ea-0bbe163a9fbc-GrpcLogAppender: appendEntries Timeout, request=802f7a56-3ac2-455e-92a2-71244eb20cf7->9bb405f0-f563-4579-83ea-0bbe163a9fbc#32-t1, previous=(t:1, i:22), leaderCommit=16, initializing? false, entries: <empty>
2019-09-11 20:08:54,897 [java.util.concurrent.ThreadPoolExecutor$Worker@178a595d[State = -1, empty queue]] WARN  server.GrpcLogAppender (GrpcLogAppender.java:timeoutAppendRequest(200)) - 802f7a56-3ac2-455e-92a2-71244eb20cf7@group-61D96FA8A4D2->e0c56373-add1-4904-83f3-08b0a755b8ed-GrpcLogAppender: appendEntries Timeout, request=802f7a56-3ac2-455e-92a2-71244eb20cf7->e0c56373-add1-4904-83f3-08b0a755b8ed#32-t1, previous=(t:1, i:22), leaderCommit=16, initializing? false, entries: <empty>
2019-09-11 20:08:55,925 [grpc-default-executor-6] INFO  impl.RaftServerProxy (RaftServerProxy.java:remove(95)) - 802f7a56-3ac2-455e-92a2-71244eb20cf7: remove group-C7A422292FA5:null
2019-09-11 20:08:55,928 [RatisPipelineUtilsThread] WARN  pipeline.RatisPipelineUtils (RatisPipelineUtils.java:destroyPipeline(66)) - Pipeline destroy failed for pipeline=PipelineID=a5e33a2e-eade-4ad2-a9ca-c7a422292fa5 dn=802f7a56-3ac2-455e-92a2-71244eb20cf7{ip: 192.168.36.83, host: pr-hdds-2096-jg2tg-1247294052, networkLocation: /default-rack, certSerialId: null}
2019-09-11 20:08:55,930 [grpc-default-executor-6] INFO  impl.RaftServerProxy (RaftServerProxy.java:remove(95)) - e0c56373-add1-4904-83f3-08b0a755b8ed: remove group-C7A422292FA5:null
2019-09-11 20:08:55,932 [RatisPipelineUtilsThread] WARN  pipeline.RatisPipelineUtils (RatisPipelineUtils.java:destroyPipeline(66)) - Pipeline destroy failed for pipeline=PipelineID=a5e33a2e-eade-4ad2-a9ca-c7a422292fa5 dn=e0c56373-add1-4904-83f3-08b0a755b8ed{ip: 192.168.36.83, host: pr-hdds-2096-jg2tg-1247294052, networkLocation: /default-rack, certSerialId: null}
2019-09-11 20:08:55,935 [grpc-default-executor-6] INFO  impl.RaftServerProxy (RaftServerProxy.java:remove(95)) - 9bb405f0-f563-4579-83ea-0bbe163a9fbc: remove group-C7A422292FA5:null
2019-09-11 20:08:55,937 [RatisPipelineUtilsThread] WARN  pipeline.RatisPipelineUtils (RatisPipelineUtils.java:destroyPipeline(66)) - Pipeline destroy failed for pipeline=PipelineID=a5e33a2e-eade-4ad2-a9ca-c7a422292fa5 dn=9bb405f0-f563-4579-83ea-0bbe163a9fbc{ip: 192.168.36.83, host: pr-hdds-2096-jg2tg-1247294052, networkLocation: /default-rack, certSerialId: null}
2019-09-11 20:08:55,937 [RatisPipelineUtilsThread] ERROR pipeline.SCMPipelineManager (Scheduler.java:lambda$schedule$1(70)) - Destroy pipeline failed for pipeline:Pipeline[ Id: a5e33a2e-eade-4ad2-a9ca-c7a422292fa5, Nodes: 802f7a56-3ac2-455e-92a2-71244eb20cf7{ip: 192.168.36.83, host: pr-hdds-2096-jg2tg-1247294052, networkLocation: /default-rack, certSerialId: null}e0c56373-add1-4904-83f3-08b0a755b8ed{ip: 192.168.36.83, host: pr-hdds-2096-jg2tg-1247294052, networkLocation: /default-rack, certSerialId: null}9bb405f0-f563-4579-83ea-0bbe163a9fbc{ip: 192.168.36.83, host: pr-hdds-2096-jg2tg-1247294052, networkLocation: /default-rack, certSerialId: null}, Type:RATIS, Factor:THREE, State:CLOSED]
org.apache.hadoop.hdds.scm.pipeline.PipelineNotFoundException: PipelineID=a5e33a2e-eade-4ad2-a9ca-c7a422292fa5 not found
	at org.apache.hadoop.hdds.scm.pipeline.PipelineStateMap.getPipeline(PipelineStateMap.java:132)
	at org.apache.hadoop.hdds.scm.pipeline.PipelineStateMap.removePipeline(PipelineStateMap.java:322)
	at org.apache.hadoop.hdds.scm.pipeline.PipelineStateManager.removePipeline(PipelineStateManager.java:107)
	at org.apache.hadoop.hdds.scm.pipeline.SCMPipelineManager.removePipeline(SCMPipelineManager.java:423)
	at org.apache.hadoop.hdds.scm.pipeline.SCMPipelineManager.destroyPipeline(SCMPipelineManager.java:409)
	at org.apache.hadoop.hdds.scm.pipeline.SCMPipelineManager.lambda$finalizeAndDestroyPipeline$0(SCMPipelineManager.java:318)
	at org.apache.hadoop.utils.Scheduler.lambda$schedule$1(Scheduler.java:68)
	at java.util.concurrent.Executors$RunnableAdapter.call(Executors.java:511)
	at java.util.concurrent.FutureTask.run(FutureTask.java:266)
	at java.util.concurrent.ScheduledThreadPoolExecutor$ScheduledFutureTask.access$201(ScheduledThreadPoolExecutor.java:180)
	at java.util.concurrent.ScheduledThreadPoolExecutor$ScheduledFutureTask.run(ScheduledThreadPoolExecutor.java:293)
	at java.util.concurrent.ThreadPoolExecutor.runWorker(ThreadPoolExecutor.java:1149)
	at java.util.concurrent.ThreadPoolExecutor$Worker.run(ThreadPoolExecutor.java:624)
	at java.lang.Thread.run(Thread.java:748)
2019-09-11 20:08:56,992 [ReplicationMonitor] INFO  container.ReplicationManager (ReplicationManager.java:forceCloseContainer(464)) - Force closing container #5 with BCSID 4, which is in QUASI_CLOSED state.
2019-09-11 20:08:56,993 [ReplicationMonitor] INFO  container.ReplicationManager (ReplicationManager.java:sendCloseCommand(659)) - Sending close container command for container #5 to datanode 9bb405f0-f563-4579-83ea-0bbe163a9fbc{ip: 192.168.36.83, host: pr-hdds-2096-jg2tg-1247294052, networkLocation: /default-rack, certSerialId: null}.
2019-09-11 20:08:56,994 [ReplicationMonitor] INFO  container.ReplicationManager (ReplicationManager.java:sendCloseCommand(659)) - Sending close container command for container #5 to datanode e0c56373-add1-4904-83f3-08b0a755b8ed{ip: 192.168.36.83, host: pr-hdds-2096-jg2tg-1247294052, networkLocation: /default-rack, certSerialId: null}.
2019-09-11 20:08:56,994 [ReplicationMonitor] INFO  container.ReplicationManager (ReplicationManager.java:sendCloseCommand(659)) - Sending close container command for container #5 to datanode 802f7a56-3ac2-455e-92a2-71244eb20cf7{ip: 192.168.36.83, host: pr-hdds-2096-jg2tg-1247294052, networkLocation: /default-rack, certSerialId: null}.
2019-09-11 20:08:56,994 [ReplicationMonitor] INFO  container.ReplicationManager (ReplicationManager.java:forceCloseContainer(464)) - Force closing container #6 with BCSID 0, which is in QUASI_CLOSED state.
2019-09-11 20:08:56,995 [ReplicationMonitor] INFO  container.ReplicationManager (ReplicationManager.java:sendCloseCommand(659)) - Sending close container command for container #6 to datanode e0c56373-add1-4904-83f3-08b0a755b8ed{ip: 192.168.36.83, host: pr-hdds-2096-jg2tg-1247294052, networkLocation: /default-rack, certSerialId: null}.
2019-09-11 20:08:56,995 [ReplicationMonitor] INFO  container.ReplicationManager (ReplicationManager.java:sendCloseCommand(659)) - Sending close container command for container #6 to datanode 802f7a56-3ac2-455e-92a2-71244eb20cf7{ip: 192.168.36.83, host: pr-hdds-2096-jg2tg-1247294052, networkLocation: /default-rack, certSerialId: null}.
2019-09-11 20:08:56,995 [ReplicationMonitor] INFO  container.ReplicationManager (ReplicationManager.java:sendCloseCommand(659)) - Sending close container command for container #6 to datanode 9bb405f0-f563-4579-83ea-0bbe163a9fbc{ip: 192.168.36.83, host: pr-hdds-2096-jg2tg-1247294052, networkLocation: /default-rack, certSerialId: null}.
2019-09-11 20:08:57,002 [ReplicationMonitor] INFO  container.ReplicationManager (ReplicationManager.java:forceCloseContainer(464)) - Force closing container #3 with BCSID 6, which is in QUASI_CLOSED state.
2019-09-11 20:08:57,002 [ReplicationMonitor] INFO  container.ReplicationManager (ReplicationManager.java:sendCloseCommand(659)) - Sending close container command for container #3 to datanode e0c56373-add1-4904-83f3-08b0a755b8ed{ip: 192.168.36.83, host: pr-hdds-2096-jg2tg-1247294052, networkLocation: /default-rack, certSerialId: null}.
2019-09-11 20:08:57,002 [ReplicationMonitor] INFO  container.ReplicationManager (ReplicationManager.java:sendCloseCommand(659)) - Sending close container command for container #3 to datanode 9bb405f0-f563-4579-83ea-0bbe163a9fbc{ip: 192.168.36.83, host: pr-hdds-2096-jg2tg-1247294052, networkLocation: /default-rack, certSerialId: null}.
2019-09-11 20:08:57,003 [ReplicationMonitor] INFO  container.ReplicationManager (ReplicationManager.java:sendCloseCommand(659)) - Sending close container command for container #3 to datanode 802f7a56-3ac2-455e-92a2-71244eb20cf7{ip: 192.168.36.83, host: pr-hdds-2096-jg2tg-1247294052, networkLocation: /default-rack, certSerialId: null}.
2019-09-11 20:08:57,003 [ReplicationMonitor] INFO  container.ReplicationManager (ReplicationManager.java:forceCloseContainer(464)) - Force closing container #4 with BCSID 0, which is in QUASI_CLOSED state.
2019-09-11 20:08:57,003 [ReplicationMonitor] INFO  container.ReplicationManager (ReplicationManager.java:sendCloseCommand(659)) - Sending close container command for container #4 to datanode 9bb405f0-f563-4579-83ea-0bbe163a9fbc{ip: 192.168.36.83, host: pr-hdds-2096-jg2tg-1247294052, networkLocation: /default-rack, certSerialId: null}.
2019-09-11 20:08:57,003 [ReplicationMonitor] INFO  container.ReplicationManager (ReplicationManager.java:sendCloseCommand(659)) - Sending close container command for container #4 to datanode 802f7a56-3ac2-455e-92a2-71244eb20cf7{ip: 192.168.36.83, host: pr-hdds-2096-jg2tg-1247294052, networkLocation: /default-rack, certSerialId: null}.
2019-09-11 20:08:57,004 [ReplicationMonitor] INFO  container.ReplicationManager (ReplicationManager.java:sendCloseCommand(659)) - Sending close container command for container #4 to datanode e0c56373-add1-4904-83f3-08b0a755b8ed{ip: 192.168.36.83, host: pr-hdds-2096-jg2tg-1247294052, networkLocation: /default-rack, certSerialId: null}.
2019-09-11 20:08:57,004 [ReplicationMonitor] INFO  container.ReplicationManager (ReplicationManager.java:run(225)) - Replication Monitor Thread took 13 milliseconds for processing 9 containers.
2019-09-11 20:08:57,397 [java.util.concurrent.ThreadPoolExecutor$Worker@35e4abe9[State = -1, empty queue]] WARN  server.GrpcLogAppender (GrpcLogAppender.java:timeoutAppendRequest(200)) - 802f7a56-3ac2-455e-92a2-71244eb20cf7@group-61D96FA8A4D2->9bb405f0-f563-4579-83ea-0bbe163a9fbc-GrpcLogAppender: appendEntries Timeout, request=802f7a56-3ac2-455e-92a2-71244eb20cf7->9bb405f0-f563-4579-83ea-0bbe163a9fbc#33-t1, previous=(t:1, i:22), leaderCommit=16, initializing? false, entries: <empty>
2019-09-11 20:08:57,397 [java.util.concurrent.ThreadPoolExecutor$Worker@178a595d[State = -1, empty queue]] WARN  server.GrpcLogAppender (GrpcLogAppender.java:timeoutAppendRequest(200)) - 802f7a56-3ac2-455e-92a2-71244eb20cf7@group-61D96FA8A4D2->e0c56373-add1-4904-83f3-08b0a755b8ed-GrpcLogAppender: appendEntries Timeout, request=802f7a56-3ac2-455e-92a2-71244eb20cf7->e0c56373-add1-4904-83f3-08b0a755b8ed#33-t1, previous=(t:1, i:22), leaderCommit=16, initializing? false, entries: <empty>
2019-09-11 20:08:57,924 [grpc-default-executor-6] INFO  impl.RaftServerProxy (RaftServerProxy.java:remove(95)) - 802f7a56-3ac2-455e-92a2-71244eb20cf7: remove group-C7A422292FA5:null
2019-09-11 20:08:57,928 [RatisPipelineUtilsThread] WARN  pipeline.RatisPipelineUtils (RatisPipelineUtils.java:destroyPipeline(66)) - Pipeline destroy failed for pipeline=PipelineID=a5e33a2e-eade-4ad2-a9ca-c7a422292fa5 dn=802f7a56-3ac2-455e-92a2-71244eb20cf7{ip: 192.168.36.83, host: pr-hdds-2096-jg2tg-1247294052, networkLocation: /default-rack, certSerialId: null}
2019-09-11 20:08:57,931 [grpc-default-executor-6] INFO  impl.RaftServerProxy (RaftServerProxy.java:remove(95)) - e0c56373-add1-4904-83f3-08b0a755b8ed: remove group-C7A422292FA5:null
2019-09-11 20:08:57,933 [RatisPipelineUtilsThread] WARN  pipeline.RatisPipelineUtils (RatisPipelineUtils.java:destroyPipeline(66)) - Pipeline destroy failed for pipeline=PipelineID=a5e33a2e-eade-4ad2-a9ca-c7a422292fa5 dn=e0c56373-add1-4904-83f3-08b0a755b8ed{ip: 192.168.36.83, host: pr-hdds-2096-jg2tg-1247294052, networkLocation: /default-rack, certSerialId: null}
2019-09-11 20:08:57,938 [grpc-default-executor-6] INFO  impl.RaftServerProxy (RaftServerProxy.java:remove(95)) - 9bb405f0-f563-4579-83ea-0bbe163a9fbc: remove group-C7A422292FA5:null
2019-09-11 20:08:57,940 [RatisPipelineUtilsThread] WARN  pipeline.RatisPipelineUtils (RatisPipelineUtils.java:destroyPipeline(66)) - Pipeline destroy failed for pipeline=PipelineID=a5e33a2e-eade-4ad2-a9ca-c7a422292fa5 dn=9bb405f0-f563-4579-83ea-0bbe163a9fbc{ip: 192.168.36.83, host: pr-hdds-2096-jg2tg-1247294052, networkLocation: /default-rack, certSerialId: null}
2019-09-11 20:08:57,941 [RatisPipelineUtilsThread] ERROR pipeline.SCMPipelineManager (Scheduler.java:lambda$schedule$1(70)) - Destroy pipeline failed for pipeline:Pipeline[ Id: a5e33a2e-eade-4ad2-a9ca-c7a422292fa5, Nodes: 802f7a56-3ac2-455e-92a2-71244eb20cf7{ip: 192.168.36.83, host: pr-hdds-2096-jg2tg-1247294052, networkLocation: /default-rack, certSerialId: null}e0c56373-add1-4904-83f3-08b0a755b8ed{ip: 192.168.36.83, host: pr-hdds-2096-jg2tg-1247294052, networkLocation: /default-rack, certSerialId: null}9bb405f0-f563-4579-83ea-0bbe163a9fbc{ip: 192.168.36.83, host: pr-hdds-2096-jg2tg-1247294052, networkLocation: /default-rack, certSerialId: null}, Type:RATIS, Factor:THREE, State:CLOSED]
org.apache.hadoop.hdds.scm.pipeline.PipelineNotFoundException: PipelineID=a5e33a2e-eade-4ad2-a9ca-c7a422292fa5 not found
	at org.apache.hadoop.hdds.scm.pipeline.PipelineStateMap.getPipeline(PipelineStateMap.java:132)
	at org.apache.hadoop.hdds.scm.pipeline.PipelineStateMap.removePipeline(PipelineStateMap.java:322)
	at org.apache.hadoop.hdds.scm.pipeline.PipelineStateManager.removePipeline(PipelineStateManager.java:107)
	at org.apache.hadoop.hdds.scm.pipeline.SCMPipelineManager.removePipeline(SCMPipelineManager.java:423)
	at org.apache.hadoop.hdds.scm.pipeline.SCMPipelineManager.destroyPipeline(SCMPipelineManager.java:409)
	at org.apache.hadoop.hdds.scm.pipeline.SCMPipelineManager.lambda$finalizeAndDestroyPipeline$0(SCMPipelineManager.java:318)
	at org.apache.hadoop.utils.Scheduler.lambda$schedule$1(Scheduler.java:68)
	at java.util.concurrent.Executors$RunnableAdapter.call(Executors.java:511)
	at java.util.concurrent.FutureTask.run(FutureTask.java:266)
	at java.util.concurrent.ScheduledThreadPoolExecutor$ScheduledFutureTask.access$201(ScheduledThreadPoolExecutor.java:180)
	at java.util.concurrent.ScheduledThreadPoolExecutor$ScheduledFutureTask.run(ScheduledThreadPoolExecutor.java:293)
	at java.util.concurrent.ThreadPoolExecutor.runWorker(ThreadPoolExecutor.java:1149)
	at java.util.concurrent.ThreadPoolExecutor$Worker.run(ThreadPoolExecutor.java:624)
	at java.lang.Thread.run(Thread.java:748)
2019-09-11 20:08:58,505 [Command processor thread] INFO  interfaces.Container (KeyValueContainer.java:flushAndSyncDB(386)) - Container 5 is synced with bcsId 4.
2019-09-11 20:08:58,506 [Command processor thread] INFO  interfaces.Container (KeyValueContainer.java:flushAndSyncDB(386)) - Container 5 is synced with bcsId 4.
2019-09-11 20:08:58,507 [Command processor thread] INFO  interfaces.Container (KeyValueContainer.java:flushAndSyncDB(386)) - Container 5 is synced with bcsId 4.
2019-09-11 20:08:58,508 [Command processor thread] INFO  interfaces.Container (KeyValueContainer.java:flushAndSyncDB(386)) - Container 5 is synced with bcsId 4.
2019-09-11 20:08:58,517 [Command processor thread] INFO  interfaces.Container (KeyValueContainer.java:flushAndSyncDB(386)) - Container 5 is synced with bcsId 4.
2019-09-11 20:08:58,518 [Command processor thread] INFO  interfaces.Container (KeyValueContainer.java:flushAndSyncDB(386)) - Container 5 is synced with bcsId 4.
2019-09-11 20:08:58,521 [Command processor thread] INFO  interfaces.Container (KeyValueContainer.java:close(335)) - Container 5 is closed with bcsId 4.
2019-09-11 20:08:58,521 [Command processor thread] INFO  interfaces.Container (KeyValueContainer.java:close(335)) - Container 5 is closed with bcsId 4.
2019-09-11 20:08:58,521 [Command processor thread] INFO  interfaces.Container (KeyValueContainer.java:close(335)) - Container 5 is closed with bcsId 4.
2019-09-11 20:08:58,521 [Command processor thread] INFO  interfaces.Container (KeyValueContainer.java:flushAndSyncDB(386)) - Container 6 is synced with bcsId 0.
2019-09-11 20:08:58,521 [Command processor thread] INFO  interfaces.Container (KeyValueContainer.java:flushAndSyncDB(386)) - Container 6 is synced with bcsId 0.
2019-09-11 20:08:58,521 [Command processor thread] INFO  interfaces.Container (KeyValueContainer.java:flushAndSyncDB(386)) - Container 6 is synced with bcsId 0.
2019-09-11 20:08:58,521 [Command processor thread] INFO  interfaces.Container (KeyValueContainer.java:flushAndSyncDB(386)) - Container 6 is synced with bcsId 0.
2019-09-11 20:08:58,521 [Command processor thread] INFO  interfaces.Container (KeyValueContainer.java:flushAndSyncDB(386)) - Container 6 is synced with bcsId 0.
2019-09-11 20:08:58,522 [Command processor thread] INFO  interfaces.Container (KeyValueContainer.java:flushAndSyncDB(386)) - Container 6 is synced with bcsId 0.
2019-09-11 20:08:58,522 [EventQueue-IncrementalContainerReportForIncrementalContainerReportHandler] INFO  container.IncrementalContainerReportHandler (AbstractContainerReportHandler.java:updateContainerState(202)) - Moving container #5 to CLOSED state, datanode e0c56373-add1-4904-83f3-08b0a755b8ed{ip: 192.168.36.83, host: pr-hdds-2096-jg2tg-1247294052, networkLocation: /default-rack, certSerialId: null} reported CLOSED replica.
2019-09-11 20:08:58,536 [Command processor thread] INFO  interfaces.Container (KeyValueContainer.java:close(335)) - Container 6 is closed with bcsId 0.
2019-09-11 20:08:58,536 [Command processor thread] INFO  interfaces.Container (KeyValueContainer.java:close(335)) - Container 6 is closed with bcsId 0.
2019-09-11 20:08:58,536 [Command processor thread] INFO  interfaces.Container (KeyValueContainer.java:close(335)) - Container 6 is closed with bcsId 0.
2019-09-11 20:08:58,536 [Command processor thread] INFO  interfaces.Container (KeyValueContainer.java:flushAndSyncDB(386)) - Container 3 is synced with bcsId 6.
2019-09-11 20:08:58,536 [Command processor thread] INFO  interfaces.Container (KeyValueContainer.java:flushAndSyncDB(386)) - Container 3 is synced with bcsId 6.
2019-09-11 20:08:58,536 [Command processor thread] INFO  interfaces.Container (KeyValueContainer.java:flushAndSyncDB(386)) - Container 3 is synced with bcsId 6.
2019-09-11 20:08:58,537 [Command processor thread] INFO  interfaces.Container (KeyValueContainer.java:flushAndSyncDB(386)) - Container 3 is synced with bcsId 6.
2019-09-11 20:08:58,537 [Command processor thread] INFO  interfaces.Container (KeyValueContainer.java:flushAndSyncDB(386)) - Container 3 is synced with bcsId 6.
2019-09-11 20:08:58,537 [Command processor thread] INFO  interfaces.Container (KeyValueContainer.java:flushAndSyncDB(386)) - Container 3 is synced with bcsId 6.
2019-09-11 20:08:58,537 [EventQueue-IncrementalContainerReportForIncrementalContainerReportHandler] INFO  container.IncrementalContainerReportHandler (AbstractContainerReportHandler.java:updateContainerState(202)) - Moving container #6 to CLOSED state, datanode 9bb405f0-f563-4579-83ea-0bbe163a9fbc{ip: 192.168.36.83, host: pr-hdds-2096-jg2tg-1247294052, networkLocation: /default-rack, certSerialId: null} reported CLOSED replica.
2019-09-11 20:08:58,551 [Command processor thread] INFO  interfaces.Container (KeyValueContainer.java:close(335)) - Container 3 is closed with bcsId 6.
2019-09-11 20:08:58,551 [Command processor thread] INFO  interfaces.Container (KeyValueContainer.java:close(335)) - Container 3 is closed with bcsId 6.
2019-09-11 20:08:58,551 [Command processor thread] INFO  interfaces.Container (KeyValueContainer.java:close(335)) - Container 3 is closed with bcsId 6.
2019-09-11 20:08:58,551 [Command processor thread] INFO  interfaces.Container (KeyValueContainer.java:flushAndSyncDB(386)) - Container 4 is synced with bcsId 0.
2019-09-11 20:08:58,551 [Command processor thread] INFO  interfaces.Container (KeyValueContainer.java:flushAndSyncDB(386)) - Container 4 is synced with bcsId 0.
2019-09-11 20:08:58,552 [Command processor thread] INFO  interfaces.Container (KeyValueContainer.java:flushAndSyncDB(386)) - Container 4 is synced with bcsId 0.
2019-09-11 20:08:58,552 [Command processor thread] INFO  interfaces.Container (KeyValueContainer.java:flushAndSyncDB(386)) - Container 4 is synced with bcsId 0.
2019-09-11 20:08:58,552 [EventQueue-IncrementalContainerReportForIncrementalContainerReportHandler] INFO  container.IncrementalContainerReportHandler (AbstractContainerReportHandler.java:updateContainerState(202)) - Moving container #3 to CLOSED state, datanode e0c56373-add1-4904-83f3-08b0a755b8ed{ip: 192.168.36.83, host: pr-hdds-2096-jg2tg-1247294052, networkLocation: /default-rack, certSerialId: null} reported CLOSED replica.
2019-09-11 20:08:58,552 [Command processor thread] INFO  interfaces.Container (KeyValueContainer.java:flushAndSyncDB(386)) - Container 4 is synced with bcsId 0.
2019-09-11 20:08:58,552 [Command processor thread] INFO  interfaces.Container (KeyValueContainer.java:flushAndSyncDB(386)) - Container 4 is synced with bcsId 0.
2019-09-11 20:08:58,566 [Command processor thread] INFO  interfaces.Container (KeyValueContainer.java:close(335)) - Container 4 is closed with bcsId 0.
2019-09-11 20:08:58,566 [Command processor thread] INFO  interfaces.Container (KeyValueContainer.java:close(335)) - Container 4 is closed with bcsId 0.
2019-09-11 20:08:58,566 [Command processor thread] INFO  interfaces.Container (KeyValueContainer.java:close(335)) - Container 4 is closed with bcsId 0.
2019-09-11 20:08:58,567 [EventQueue-IncrementalContainerReportForIncrementalContainerReportHandler] INFO  container.IncrementalContainerReportHandler (AbstractContainerReportHandler.java:updateContainerState(202)) - Moving container #4 to CLOSED state, datanode e0c56373-add1-4904-83f3-08b0a755b8ed{ip: 192.168.36.83, host: pr-hdds-2096-jg2tg-1247294052, networkLocation: /default-rack, certSerialId: null} reported CLOSED replica.
2019-09-11 20:08:59,503 [e0c56373-add1-4904-83f3-08b0a755b8ed@group-61D96FA8A4D2-SegmentedRaftLogWorker] WARN  segmented.SegmentedRaftLogWorker (SegmentedRaftLogWorker.java:getFromFuture(90)) - Timeout 2/~
org.apache.ratis.protocol.TimeoutIOException: Timeout 10s: WriteLog:18: (t:1, i:18), STATEMACHINELOGENTRY, client-1170F4C7A823, cid=248-writeStateMachineData
	at org.apache.ratis.util.IOUtils.getFromFuture(IOUtils.java:87)
	at org.apache.ratis.server.raftlog.segmented.SegmentedRaftLogWorker$StateMachineDataPolicy.getFromFuture(SegmentedRaftLogWorker.java:87)
	at org.apache.ratis.server.raftlog.segmented.SegmentedRaftLogWorker$WriteLog.execute(SegmentedRaftLogWorker.java:477)
	at org.apache.ratis.server.raftlog.segmented.SegmentedRaftLogWorker.run(SegmentedRaftLogWorker.java:289)
	at java.lang.Thread.run(Thread.java:748)
Caused by: java.util.concurrent.TimeoutException
	at java.util.concurrent.CompletableFuture.timedGet(CompletableFuture.java:1771)
	at java.util.concurrent.CompletableFuture.get(CompletableFuture.java:1915)
	at org.apache.ratis.util.IOUtils.getFromFuture(IOUtils.java:79)
	... 4 more
2019-09-11 20:08:59,504 [9bb405f0-f563-4579-83ea-0bbe163a9fbc@group-61D96FA8A4D2-SegmentedRaftLogWorker] WARN  segmented.SegmentedRaftLogWorker (SegmentedRaftLogWorker.java:getFromFuture(90)) - Timeout 2/~
org.apache.ratis.protocol.TimeoutIOException: Timeout 10s: WriteLog:18: (t:1, i:18), STATEMACHINELOGENTRY, client-1170F4C7A823, cid=248-writeStateMachineData
	at org.apache.ratis.util.IOUtils.getFromFuture(IOUtils.java:87)
	at org.apache.ratis.server.raftlog.segmented.SegmentedRaftLogWorker$StateMachineDataPolicy.getFromFuture(SegmentedRaftLogWorker.java:87)
	at org.apache.ratis.server.raftlog.segmented.SegmentedRaftLogWorker$WriteLog.execute(SegmentedRaftLogWorker.java:477)
	at org.apache.ratis.server.raftlog.segmented.SegmentedRaftLogWorker.run(SegmentedRaftLogWorker.java:289)
	at java.lang.Thread.run(Thread.java:748)
Caused by: java.util.concurrent.TimeoutException
	at java.util.concurrent.CompletableFuture.timedGet(CompletableFuture.java:1771)
	at java.util.concurrent.CompletableFuture.get(CompletableFuture.java:1915)
	at org.apache.ratis.util.IOUtils.getFromFuture(IOUtils.java:79)
	... 4 more
2019-09-11 20:08:59,504 [802f7a56-3ac2-455e-92a2-71244eb20cf7@group-61D96FA8A4D2-SegmentedRaftLogWorker] WARN  segmented.SegmentedRaftLogWorker (SegmentedRaftLogWorker.java:getFromFuture(90)) - Timeout 2/~
org.apache.ratis.protocol.TimeoutIOException: Timeout 10s: WriteLog:18: (t:1, i:18), STATEMACHINELOGENTRY, client-1170F4C7A823, cid=248-writeStateMachineData
	at org.apache.ratis.util.IOUtils.getFromFuture(IOUtils.java:87)
	at org.apache.ratis.server.raftlog.segmented.SegmentedRaftLogWorker$StateMachineDataPolicy.getFromFuture(SegmentedRaftLogWorker.java:87)
	at org.apache.ratis.server.raftlog.segmented.SegmentedRaftLogWorker$WriteLog.execute(SegmentedRaftLogWorker.java:477)
	at org.apache.ratis.server.raftlog.segmented.SegmentedRaftLogWorker.run(SegmentedRaftLogWorker.java:289)
	at java.lang.Thread.run(Thread.java:748)
Caused by: java.util.concurrent.TimeoutException
	at java.util.concurrent.CompletableFuture.timedGet(CompletableFuture.java:1771)
	at java.util.concurrent.CompletableFuture.get(CompletableFuture.java:1915)
	at org.apache.ratis.util.IOUtils.getFromFuture(IOUtils.java:79)
	... 4 more
2019-09-11 20:08:59,632 [grpc-default-executor-11] INFO  client.GrpcClientProtocolClient (GrpcClientProtocolClient.java:onNext(264)) - client-1170F4C7A823->e0c56373-add1-4904-83f3-08b0a755b8ed: receive RaftClientReply:client-1170F4C7A823->e0c56373-add1-4904-83f3-08b0a755b8ed@group-61D96FA8A4D2, cid=247, FAILED org.apache.ratis.protocol.NotLeaderException: Server e0c56373-add1-4904-83f3-08b0a755b8ed@group-61D96FA8A4D2 is not the leader 802f7a56-3ac2-455e-92a2-71244eb20cf7:192.168.36.83:33220, logIndex=0, commits[e0c56373-add1-4904-83f3-08b0a755b8ed:c16, 802f7a56-3ac2-455e-92a2-71244eb20cf7:c16, 9bb405f0-f563-4579-83ea-0bbe163a9fbc:c14]
2019-09-11 20:08:59,897 [java.util.concurrent.ThreadPoolExecutor$Worker@35e4abe9[State = -1, empty queue]] WARN  server.GrpcLogAppender (GrpcLogAppender.java:timeoutAppendRequest(200)) - 802f7a56-3ac2-455e-92a2-71244eb20cf7@group-61D96FA8A4D2->9bb405f0-f563-4579-83ea-0bbe163a9fbc-GrpcLogAppender: appendEntries Timeout, request=802f7a56-3ac2-455e-92a2-71244eb20cf7->9bb405f0-f563-4579-83ea-0bbe163a9fbc#34-t1, previous=(t:1, i:22), leaderCommit=16, initializing? false, entries: <empty>
2019-09-11 20:08:59,897 [java.util.concurrent.ThreadPoolExecutor$Worker@178a595d[State = -1, empty queue]] WARN  server.GrpcLogAppender (GrpcLogAppender.java:timeoutAppendRequest(200)) - 802f7a56-3ac2-455e-92a2-71244eb20cf7@group-61D96FA8A4D2->e0c56373-add1-4904-83f3-08b0a755b8ed-GrpcLogAppender: appendEntries Timeout, request=802f7a56-3ac2-455e-92a2-71244eb20cf7->e0c56373-add1-4904-83f3-08b0a755b8ed#34-t1, previous=(t:1, i:22), leaderCommit=16, initializing? false, entries: <empty>
2019-09-11 20:09:00,923 [grpc-default-executor-11] INFO  impl.RaftServerProxy (RaftServerProxy.java:remove(95)) - 802f7a56-3ac2-455e-92a2-71244eb20cf7: remove group-C7A422292FA5:null
2019-09-11 20:09:00,925 [RatisPipelineUtilsThread] WARN  pipeline.RatisPipelineUtils (RatisPipelineUtils.java:destroyPipeline(66)) - Pipeline destroy failed for pipeline=PipelineID=a5e33a2e-eade-4ad2-a9ca-c7a422292fa5 dn=802f7a56-3ac2-455e-92a2-71244eb20cf7{ip: 192.168.36.83, host: pr-hdds-2096-jg2tg-1247294052, networkLocation: /default-rack, certSerialId: null}
2019-09-11 20:09:00,928 [grpc-default-executor-11] INFO  impl.RaftServerProxy (RaftServerProxy.java:remove(95)) - e0c56373-add1-4904-83f3-08b0a755b8ed: remove group-C7A422292FA5:null
2019-09-11 20:09:00,930 [RatisPipelineUtilsThread] WARN  pipeline.RatisPipelineUtils (RatisPipelineUtils.java:destroyPipeline(66)) - Pipeline destroy failed for pipeline=PipelineID=a5e33a2e-eade-4ad2-a9ca-c7a422292fa5 dn=e0c56373-add1-4904-83f3-08b0a755b8ed{ip: 192.168.36.83, host: pr-hdds-2096-jg2tg-1247294052, networkLocation: /default-rack, certSerialId: null}
2019-09-11 20:09:00,932 [grpc-default-executor-11] INFO  impl.RaftServerProxy (RaftServerProxy.java:remove(95)) - 9bb405f0-f563-4579-83ea-0bbe163a9fbc: remove group-C7A422292FA5:null
2019-09-11 20:09:00,934 [RatisPipelineUtilsThread] WARN  pipeline.RatisPipelineUtils (RatisPipelineUtils.java:destroyPipeline(66)) - Pipeline destroy failed for pipeline=PipelineID=a5e33a2e-eade-4ad2-a9ca-c7a422292fa5 dn=9bb405f0-f563-4579-83ea-0bbe163a9fbc{ip: 192.168.36.83, host: pr-hdds-2096-jg2tg-1247294052, networkLocation: /default-rack, certSerialId: null}
2019-09-11 20:09:00,934 [RatisPipelineUtilsThread] ERROR pipeline.SCMPipelineManager (Scheduler.java:lambda$schedule$1(70)) - Destroy pipeline failed for pipeline:Pipeline[ Id: a5e33a2e-eade-4ad2-a9ca-c7a422292fa5, Nodes: 802f7a56-3ac2-455e-92a2-71244eb20cf7{ip: 192.168.36.83, host: pr-hdds-2096-jg2tg-1247294052, networkLocation: /default-rack, certSerialId: null}e0c56373-add1-4904-83f3-08b0a755b8ed{ip: 192.168.36.83, host: pr-hdds-2096-jg2tg-1247294052, networkLocation: /default-rack, certSerialId: null}9bb405f0-f563-4579-83ea-0bbe163a9fbc{ip: 192.168.36.83, host: pr-hdds-2096-jg2tg-1247294052, networkLocation: /default-rack, certSerialId: null}, Type:RATIS, Factor:THREE, State:CLOSED]
org.apache.hadoop.hdds.scm.pipeline.PipelineNotFoundException: PipelineID=a5e33a2e-eade-4ad2-a9ca-c7a422292fa5 not found
	at org.apache.hadoop.hdds.scm.pipeline.PipelineStateMap.getPipeline(PipelineStateMap.java:132)
	at org.apache.hadoop.hdds.scm.pipeline.PipelineStateMap.removePipeline(PipelineStateMap.java:322)
	at org.apache.hadoop.hdds.scm.pipeline.PipelineStateManager.removePipeline(PipelineStateManager.java:107)
	at org.apache.hadoop.hdds.scm.pipeline.SCMPipelineManager.removePipeline(SCMPipelineManager.java:423)
	at org.apache.hadoop.hdds.scm.pipeline.SCMPipelineManager.destroyPipeline(SCMPipelineManager.java:409)
	at org.apache.hadoop.hdds.scm.pipeline.SCMPipelineManager.lambda$finalizeAndDestroyPipeline$0(SCMPipelineManager.java:318)
	at org.apache.hadoop.utils.Scheduler.lambda$schedule$1(Scheduler.java:68)
	at java.util.concurrent.Executors$RunnableAdapter.call(Executors.java:511)
	at java.util.concurrent.FutureTask.run(FutureTask.java:266)
	at java.util.concurrent.ScheduledThreadPoolExecutor$ScheduledFutureTask.access$201(ScheduledThreadPoolExecutor.java:180)
	at java.util.concurrent.ScheduledThreadPoolExecutor$ScheduledFutureTask.run(ScheduledThreadPoolExecutor.java:293)
	at java.util.concurrent.ThreadPoolExecutor.runWorker(ThreadPoolExecutor.java:1149)
	at java.util.concurrent.ThreadPoolExecutor$Worker.run(ThreadPoolExecutor.java:624)
	at java.lang.Thread.run(Thread.java:748)
2019-09-11 20:09:02,397 [java.util.concurrent.ThreadPoolExecutor$Worker@35e4abe9[State = -1, empty queue]] WARN  server.GrpcLogAppender (GrpcLogAppender.java:timeoutAppendRequest(200)) - 802f7a56-3ac2-455e-92a2-71244eb20cf7@group-61D96FA8A4D2->9bb405f0-f563-4579-83ea-0bbe163a9fbc-GrpcLogAppender: appendEntries Timeout, request=802f7a56-3ac2-455e-92a2-71244eb20cf7->9bb405f0-f563-4579-83ea-0bbe163a9fbc#35-t1, previous=(t:1, i:22), leaderCommit=16, initializing? false, entries: <empty>
2019-09-11 20:09:02,398 [java.util.concurrent.ThreadPoolExecutor$Worker@178a595d[State = -1, empty queue]] WARN  server.GrpcLogAppender (GrpcLogAppender.java:timeoutAppendRequest(200)) - 802f7a56-3ac2-455e-92a2-71244eb20cf7@group-61D96FA8A4D2->e0c56373-add1-4904-83f3-08b0a755b8ed-GrpcLogAppender: appendEntries Timeout, request=802f7a56-3ac2-455e-92a2-71244eb20cf7->e0c56373-add1-4904-83f3-08b0a755b8ed#35-t1, previous=(t:1, i:22), leaderCommit=16, initializing? false, entries: <empty>
2019-09-11 20:09:02,921 [grpc-default-executor-11] INFO  impl.RaftServerProxy (RaftServerProxy.java:remove(95)) - 802f7a56-3ac2-455e-92a2-71244eb20cf7: remove group-C7A422292FA5:null
2019-09-11 20:09:02,923 [RatisPipelineUtilsThread] WARN  pipeline.RatisPipelineUtils (RatisPipelineUtils.java:destroyPipeline(66)) - Pipeline destroy failed for pipeline=PipelineID=a5e33a2e-eade-4ad2-a9ca-c7a422292fa5 dn=802f7a56-3ac2-455e-92a2-71244eb20cf7{ip: 192.168.36.83, host: pr-hdds-2096-jg2tg-1247294052, networkLocation: /default-rack, certSerialId: null}
2019-09-11 20:09:02,926 [grpc-default-executor-11] INFO  impl.RaftServerProxy (RaftServerProxy.java:remove(95)) - e0c56373-add1-4904-83f3-08b0a755b8ed: remove group-C7A422292FA5:null
2019-09-11 20:09:02,927 [RatisPipelineUtilsThread] WARN  pipeline.RatisPipelineUtils (RatisPipelineUtils.java:destroyPipeline(66)) - Pipeline destroy failed for pipeline=PipelineID=a5e33a2e-eade-4ad2-a9ca-c7a422292fa5 dn=e0c56373-add1-4904-83f3-08b0a755b8ed{ip: 192.168.36.83, host: pr-hdds-2096-jg2tg-1247294052, networkLocation: /default-rack, certSerialId: null}
2019-09-11 20:09:02,930 [grpc-default-executor-11] INFO  impl.RaftServerProxy (RaftServerProxy.java:remove(95)) - 9bb405f0-f563-4579-83ea-0bbe163a9fbc: remove group-C7A422292FA5:null
2019-09-11 20:09:02,932 [RatisPipelineUtilsThread] WARN  pipeline.RatisPipelineUtils (RatisPipelineUtils.java:destroyPipeline(66)) - Pipeline destroy failed for pipeline=PipelineID=a5e33a2e-eade-4ad2-a9ca-c7a422292fa5 dn=9bb405f0-f563-4579-83ea-0bbe163a9fbc{ip: 192.168.36.83, host: pr-hdds-2096-jg2tg-1247294052, networkLocation: /default-rack, certSerialId: null}
2019-09-11 20:09:02,932 [RatisPipelineUtilsThread] ERROR pipeline.SCMPipelineManager (Scheduler.java:lambda$schedule$1(70)) - Destroy pipeline failed for pipeline:Pipeline[ Id: a5e33a2e-eade-4ad2-a9ca-c7a422292fa5, Nodes: 802f7a56-3ac2-455e-92a2-71244eb20cf7{ip: 192.168.36.83, host: pr-hdds-2096-jg2tg-1247294052, networkLocation: /default-rack, certSerialId: null}e0c56373-add1-4904-83f3-08b0a755b8ed{ip: 192.168.36.83, host: pr-hdds-2096-jg2tg-1247294052, networkLocation: /default-rack, certSerialId: null}9bb405f0-f563-4579-83ea-0bbe163a9fbc{ip: 192.168.36.83, host: pr-hdds-2096-jg2tg-1247294052, networkLocation: /default-rack, certSerialId: null}, Type:RATIS, Factor:THREE, State:CLOSED]
org.apache.hadoop.hdds.scm.pipeline.PipelineNotFoundException: PipelineID=a5e33a2e-eade-4ad2-a9ca-c7a422292fa5 not found
	at org.apache.hadoop.hdds.scm.pipeline.PipelineStateMap.getPipeline(PipelineStateMap.java:132)
	at org.apache.hadoop.hdds.scm.pipeline.PipelineStateMap.removePipeline(PipelineStateMap.java:322)
	at org.apache.hadoop.hdds.scm.pipeline.PipelineStateManager.removePipeline(PipelineStateManager.java:107)
	at org.apache.hadoop.hdds.scm.pipeline.SCMPipelineManager.removePipeline(SCMPipelineManager.java:423)
	at org.apache.hadoop.hdds.scm.pipeline.SCMPipelineManager.destroyPipeline(SCMPipelineManager.java:409)
	at org.apache.hadoop.hdds.scm.pipeline.SCMPipelineManager.lambda$finalizeAndDestroyPipeline$0(SCMPipelineManager.java:318)
	at org.apache.hadoop.utils.Scheduler.lambda$schedule$1(Scheduler.java:68)
	at java.util.concurrent.Executors$RunnableAdapter.call(Executors.java:511)
	at java.util.concurrent.FutureTask.run(FutureTask.java:266)
	at java.util.concurrent.ScheduledThreadPoolExecutor$ScheduledFutureTask.access$201(ScheduledThreadPoolExecutor.java:180)
	at java.util.concurrent.ScheduledThreadPoolExecutor$ScheduledFutureTask.run(ScheduledThreadPoolExecutor.java:293)
	at java.util.concurrent.ThreadPoolExecutor.runWorker(ThreadPoolExecutor.java:1149)
	at java.util.concurrent.ThreadPoolExecutor$Worker.run(ThreadPoolExecutor.java:624)
	at java.lang.Thread.run(Thread.java:748)
2019-09-11 20:09:04,672 [grpc-default-executor-6] INFO  client.GrpcClientProtocolClient (GrpcClientProtocolClient.java:onNext(264)) - client-1170F4C7A823->e0c56373-add1-4904-83f3-08b0a755b8ed: receive RaftClientReply:client-1170F4C7A823->e0c56373-add1-4904-83f3-08b0a755b8ed@group-61D96FA8A4D2, cid=247, FAILED org.apache.ratis.protocol.NotLeaderException: Server e0c56373-add1-4904-83f3-08b0a755b8ed@group-61D96FA8A4D2 is not the leader 802f7a56-3ac2-455e-92a2-71244eb20cf7:192.168.36.83:33220, logIndex=0, commits[e0c56373-add1-4904-83f3-08b0a755b8ed:c16, 802f7a56-3ac2-455e-92a2-71244eb20cf7:c16, 9bb405f0-f563-4579-83ea-0bbe163a9fbc:c14]
2019-09-11 20:09:04,898 [java.util.concurrent.ThreadPoolExecutor$Worker@35e4abe9[State = -1, empty queue]] WARN  server.GrpcLogAppender (GrpcLogAppender.java:timeoutAppendRequest(200)) - 802f7a56-3ac2-455e-92a2-71244eb20cf7@group-61D96FA8A4D2->9bb405f0-f563-4579-83ea-0bbe163a9fbc-GrpcLogAppender: appendEntries Timeout, request=802f7a56-3ac2-455e-92a2-71244eb20cf7->9bb405f0-f563-4579-83ea-0bbe163a9fbc#36-t1, previous=(t:1, i:22), leaderCommit=16, initializing? false, entries: <empty>
2019-09-11 20:09:04,898 [java.util.concurrent.ThreadPoolExecutor$Worker@178a595d[State = -1, empty queue]] WARN  server.GrpcLogAppender (GrpcLogAppender.java:timeoutAppendRequest(200)) - 802f7a56-3ac2-455e-92a2-71244eb20cf7@group-61D96FA8A4D2->e0c56373-add1-4904-83f3-08b0a755b8ed-GrpcLogAppender: appendEntries Timeout, request=802f7a56-3ac2-455e-92a2-71244eb20cf7->e0c56373-add1-4904-83f3-08b0a755b8ed#36-t1, previous=(t:1, i:22), leaderCommit=16, initializing? false, entries: <empty>
2019-09-11 20:09:05,924 [grpc-default-executor-6] INFO  impl.RaftServerProxy (RaftServerProxy.java:remove(95)) - 802f7a56-3ac2-455e-92a2-71244eb20cf7: remove group-C7A422292FA5:null
2019-09-11 20:09:05,927 [RatisPipelineUtilsThread] WARN  pipeline.RatisPipelineUtils (RatisPipelineUtils.java:destroyPipeline(66)) - Pipeline destroy failed for pipeline=PipelineID=a5e33a2e-eade-4ad2-a9ca-c7a422292fa5 dn=802f7a56-3ac2-455e-92a2-71244eb20cf7{ip: 192.168.36.83, host: pr-hdds-2096-jg2tg-1247294052, networkLocation: /default-rack, certSerialId: null}
2019-09-11 20:09:05,930 [grpc-default-executor-6] INFO  impl.RaftServerProxy (RaftServerProxy.java:remove(95)) - e0c56373-add1-4904-83f3-08b0a755b8ed: remove group-C7A422292FA5:null
2019-09-11 20:09:05,932 [RatisPipelineUtilsThread] WARN  pipeline.RatisPipelineUtils (RatisPipelineUtils.java:destroyPipeline(66)) - Pipeline destroy failed for pipeline=PipelineID=a5e33a2e-eade-4ad2-a9ca-c7a422292fa5 dn=e0c56373-add1-4904-83f3-08b0a755b8ed{ip: 192.168.36.83, host: pr-hdds-2096-jg2tg-1247294052, networkLocation: /default-rack, certSerialId: null}
2019-09-11 20:09:05,934 [grpc-default-executor-6] INFO  impl.RaftServerProxy (RaftServerProxy.java:remove(95)) - 9bb405f0-f563-4579-83ea-0bbe163a9fbc: remove group-C7A422292FA5:null
2019-09-11 20:09:05,936 [RatisPipelineUtilsThread] WARN  pipeline.RatisPipelineUtils (RatisPipelineUtils.java:destroyPipeline(66)) - Pipeline destroy failed for pipeline=PipelineID=a5e33a2e-eade-4ad2-a9ca-c7a422292fa5 dn=9bb405f0-f563-4579-83ea-0bbe163a9fbc{ip: 192.168.36.83, host: pr-hdds-2096-jg2tg-1247294052, networkLocation: /default-rack, certSerialId: null}
2019-09-11 20:09:05,936 [RatisPipelineUtilsThread] ERROR pipeline.SCMPipelineManager (Scheduler.java:lambda$schedule$1(70)) - Destroy pipeline failed for pipeline:Pipeline[ Id: a5e33a2e-eade-4ad2-a9ca-c7a422292fa5, Nodes: 802f7a56-3ac2-455e-92a2-71244eb20cf7{ip: 192.168.36.83, host: pr-hdds-2096-jg2tg-1247294052, networkLocation: /default-rack, certSerialId: null}e0c56373-add1-4904-83f3-08b0a755b8ed{ip: 192.168.36.83, host: pr-hdds-2096-jg2tg-1247294052, networkLocation: /default-rack, certSerialId: null}9bb405f0-f563-4579-83ea-0bbe163a9fbc{ip: 192.168.36.83, host: pr-hdds-2096-jg2tg-1247294052, networkLocation: /default-rack, certSerialId: null}, Type:RATIS, Factor:THREE, State:CLOSED]
org.apache.hadoop.hdds.scm.pipeline.PipelineNotFoundException: PipelineID=a5e33a2e-eade-4ad2-a9ca-c7a422292fa5 not found
	at org.apache.hadoop.hdds.scm.pipeline.PipelineStateMap.getPipeline(PipelineStateMap.java:132)
	at org.apache.hadoop.hdds.scm.pipeline.PipelineStateMap.removePipeline(PipelineStateMap.java:322)
	at org.apache.hadoop.hdds.scm.pipeline.PipelineStateManager.removePipeline(PipelineStateManager.java:107)
	at org.apache.hadoop.hdds.scm.pipeline.SCMPipelineManager.removePipeline(SCMPipelineManager.java:423)
	at org.apache.hadoop.hdds.scm.pipeline.SCMPipelineManager.destroyPipeline(SCMPipelineManager.java:409)
	at org.apache.hadoop.hdds.scm.pipeline.SCMPipelineManager.lambda$finalizeAndDestroyPipeline$0(SCMPipelineManager.java:318)
	at org.apache.hadoop.utils.Scheduler.lambda$schedule$1(Scheduler.java:68)
	at java.util.concurrent.Executors$RunnableAdapter.call(Executors.java:511)
	at java.util.concurrent.FutureTask.run(FutureTask.java:266)
	at java.util.concurrent.ScheduledThreadPoolExecutor$ScheduledFutureTask.access$201(ScheduledThreadPoolExecutor.java:180)
	at java.util.concurrent.ScheduledThreadPoolExecutor$ScheduledFutureTask.run(ScheduledThreadPoolExecutor.java:293)
	at java.util.concurrent.ThreadPoolExecutor.runWorker(ThreadPoolExecutor.java:1149)
	at java.util.concurrent.ThreadPoolExecutor$Worker.run(ThreadPoolExecutor.java:624)
	at java.lang.Thread.run(Thread.java:748)
2019-09-11 20:09:07,398 [java.util.concurrent.ThreadPoolExecutor$Worker@35e4abe9[State = -1, empty queue]] WARN  server.GrpcLogAppender (GrpcLogAppender.java:timeoutAppendRequest(200)) - 802f7a56-3ac2-455e-92a2-71244eb20cf7@group-61D96FA8A4D2->9bb405f0-f563-4579-83ea-0bbe163a9fbc-GrpcLogAppender: appendEntries Timeout, request=802f7a56-3ac2-455e-92a2-71244eb20cf7->9bb405f0-f563-4579-83ea-0bbe163a9fbc#37-t1, previous=(t:1, i:22), leaderCommit=16, initializing? false, entries: <empty>
2019-09-11 20:09:07,398 [java.util.concurrent.ThreadPoolExecutor$Worker@178a595d[State = -1, empty queue]] WARN  server.GrpcLogAppender (GrpcLogAppender.java:timeoutAppendRequest(200)) - 802f7a56-3ac2-455e-92a2-71244eb20cf7@group-61D96FA8A4D2->e0c56373-add1-4904-83f3-08b0a755b8ed-GrpcLogAppender: appendEntries Timeout, request=802f7a56-3ac2-455e-92a2-71244eb20cf7->e0c56373-add1-4904-83f3-08b0a755b8ed#37-t1, previous=(t:1, i:22), leaderCommit=16, initializing? false, entries: <empty>
2019-09-11 20:09:07,924 [grpc-default-executor-11] INFO  impl.RaftServerProxy (RaftServerProxy.java:remove(95)) - 802f7a56-3ac2-455e-92a2-71244eb20cf7: remove group-C7A422292FA5:null
2019-09-11 20:09:07,927 [RatisPipelineUtilsThread] WARN  pipeline.RatisPipelineUtils (RatisPipelineUtils.java:destroyPipeline(66)) - Pipeline destroy failed for pipeline=PipelineID=a5e33a2e-eade-4ad2-a9ca-c7a422292fa5 dn=802f7a56-3ac2-455e-92a2-71244eb20cf7{ip: 192.168.36.83, host: pr-hdds-2096-jg2tg-1247294052, networkLocation: /default-rack, certSerialId: null}
2019-09-11 20:09:07,929 [grpc-default-executor-11] INFO  impl.RaftServerProxy (RaftServerProxy.java:remove(95)) - e0c56373-add1-4904-83f3-08b0a755b8ed: remove group-C7A422292FA5:null
2019-09-11 20:09:07,931 [RatisPipelineUtilsThread] WARN  pipeline.RatisPipelineUtils (RatisPipelineUtils.java:destroyPipeline(66)) - Pipeline destroy failed for pipeline=PipelineID=a5e33a2e-eade-4ad2-a9ca-c7a422292fa5 dn=e0c56373-add1-4904-83f3-08b0a755b8ed{ip: 192.168.36.83, host: pr-hdds-2096-jg2tg-1247294052, networkLocation: /default-rack, certSerialId: null}
2019-09-11 20:09:07,933 [grpc-default-executor-11] INFO  impl.RaftServerProxy (RaftServerProxy.java:remove(95)) - 9bb405f0-f563-4579-83ea-0bbe163a9fbc: remove group-C7A422292FA5:null
2019-09-11 20:09:07,934 [RatisPipelineUtilsThread] WARN  pipeline.RatisPipelineUtils (RatisPipelineUtils.java:destroyPipeline(66)) - Pipeline destroy failed for pipeline=PipelineID=a5e33a2e-eade-4ad2-a9ca-c7a422292fa5 dn=9bb405f0-f563-4579-83ea-0bbe163a9fbc{ip: 192.168.36.83, host: pr-hdds-2096-jg2tg-1247294052, networkLocation: /default-rack, certSerialId: null}
2019-09-11 20:09:07,935 [RatisPipelineUtilsThread] ERROR pipeline.SCMPipelineManager (Scheduler.java:lambda$schedule$1(70)) - Destroy pipeline failed for pipeline:Pipeline[ Id: a5e33a2e-eade-4ad2-a9ca-c7a422292fa5, Nodes: 802f7a56-3ac2-455e-92a2-71244eb20cf7{ip: 192.168.36.83, host: pr-hdds-2096-jg2tg-1247294052, networkLocation: /default-rack, certSerialId: null}e0c56373-add1-4904-83f3-08b0a755b8ed{ip: 192.168.36.83, host: pr-hdds-2096-jg2tg-1247294052, networkLocation: /default-rack, certSerialId: null}9bb405f0-f563-4579-83ea-0bbe163a9fbc{ip: 192.168.36.83, host: pr-hdds-2096-jg2tg-1247294052, networkLocation: /default-rack, certSerialId: null}, Type:RATIS, Factor:THREE, State:CLOSED]
org.apache.hadoop.hdds.scm.pipeline.PipelineNotFoundException: PipelineID=a5e33a2e-eade-4ad2-a9ca-c7a422292fa5 not found
	at org.apache.hadoop.hdds.scm.pipeline.PipelineStateMap.getPipeline(PipelineStateMap.java:132)
	at org.apache.hadoop.hdds.scm.pipeline.PipelineStateMap.removePipeline(PipelineStateMap.java:322)
	at org.apache.hadoop.hdds.scm.pipeline.PipelineStateManager.removePipeline(PipelineStateManager.java:107)
	at org.apache.hadoop.hdds.scm.pipeline.SCMPipelineManager.removePipeline(SCMPipelineManager.java:423)
	at org.apache.hadoop.hdds.scm.pipeline.SCMPipelineManager.destroyPipeline(SCMPipelineManager.java:409)
	at org.apache.hadoop.hdds.scm.pipeline.SCMPipelineManager.lambda$finalizeAndDestroyPipeline$0(SCMPipelineManager.java:318)
	at org.apache.hadoop.utils.Scheduler.lambda$schedule$1(Scheduler.java:68)
	at java.util.concurrent.Executors$RunnableAdapter.call(Executors.java:511)
	at java.util.concurrent.FutureTask.run(FutureTask.java:266)
	at java.util.concurrent.ScheduledThreadPoolExecutor$ScheduledFutureTask.access$201(ScheduledThreadPoolExecutor.java:180)
	at java.util.concurrent.ScheduledThreadPoolExecutor$ScheduledFutureTask.run(ScheduledThreadPoolExecutor.java:293)
	at java.util.concurrent.ThreadPoolExecutor.runWorker(ThreadPoolExecutor.java:1149)
	at java.util.concurrent.ThreadPoolExecutor$Worker.run(ThreadPoolExecutor.java:624)
	at java.lang.Thread.run(Thread.java:748)
2019-09-11 20:09:09,505 [e0c56373-add1-4904-83f3-08b0a755b8ed@group-61D96FA8A4D2-SegmentedRaftLogWorker] WARN  segmented.SegmentedRaftLogWorker (SegmentedRaftLogWorker.java:getFromFuture(90)) - Timeout 3/~
org.apache.ratis.protocol.TimeoutIOException: Timeout 10s: WriteLog:18: (t:1, i:18), STATEMACHINELOGENTRY, client-1170F4C7A823, cid=248-writeStateMachineData
	at org.apache.ratis.util.IOUtils.getFromFuture(IOUtils.java:87)
	at org.apache.ratis.server.raftlog.segmented.SegmentedRaftLogWorker$StateMachineDataPolicy.getFromFuture(SegmentedRaftLogWorker.java:87)
	at org.apache.ratis.server.raftlog.segmented.SegmentedRaftLogWorker$WriteLog.execute(SegmentedRaftLogWorker.java:477)
	at org.apache.ratis.server.raftlog.segmented.SegmentedRaftLogWorker.run(SegmentedRaftLogWorker.java:289)
	at java.lang.Thread.run(Thread.java:748)
Caused by: java.util.concurrent.TimeoutException
	at java.util.concurrent.CompletableFuture.timedGet(CompletableFuture.java:1771)
	at java.util.concurrent.CompletableFuture.get(CompletableFuture.java:1915)
	at org.apache.ratis.util.IOUtils.getFromFuture(IOUtils.java:79)
	... 4 more
2019-09-11 20:09:09,522 [9bb405f0-f563-4579-83ea-0bbe163a9fbc@group-61D96FA8A4D2-SegmentedRaftLogWorker] WARN  segmented.SegmentedRaftLogWorker (SegmentedRaftLogWorker.java:getFromFuture(90)) - Timeout 3/~
org.apache.ratis.protocol.TimeoutIOException: Timeout 10s: WriteLog:18: (t:1, i:18), STATEMACHINELOGENTRY, client-1170F4C7A823, cid=248-writeStateMachineData
	at org.apache.ratis.util.IOUtils.getFromFuture(IOUtils.java:87)
	at org.apache.ratis.server.raftlog.segmented.SegmentedRaftLogWorker$StateMachineDataPolicy.getFromFuture(SegmentedRaftLogWorker.java:87)
	at org.apache.ratis.server.raftlog.segmented.SegmentedRaftLogWorker$WriteLog.execute(SegmentedRaftLogWorker.java:477)
	at org.apache.ratis.server.raftlog.segmented.SegmentedRaftLogWorker.run(SegmentedRaftLogWorker.java:289)
	at java.lang.Thread.run(Thread.java:748)
Caused by: java.util.concurrent.TimeoutException
	at java.util.concurrent.CompletableFuture.timedGet(CompletableFuture.java:1771)
	at java.util.concurrent.CompletableFuture.get(CompletableFuture.java:1915)
	at org.apache.ratis.util.IOUtils.getFromFuture(IOUtils.java:79)
	... 4 more
2019-09-11 20:09:09,522 [802f7a56-3ac2-455e-92a2-71244eb20cf7@group-61D96FA8A4D2-SegmentedRaftLogWorker] WARN  segmented.SegmentedRaftLogWorker (SegmentedRaftLogWorker.java:getFromFuture(90)) - Timeout 3/~
org.apache.ratis.protocol.TimeoutIOException: Timeout 10s: WriteLog:18: (t:1, i:18), STATEMACHINELOGENTRY, client-1170F4C7A823, cid=248-writeStateMachineData
	at org.apache.ratis.util.IOUtils.getFromFuture(IOUtils.java:87)
	at org.apache.ratis.server.raftlog.segmented.SegmentedRaftLogWorker$StateMachineDataPolicy.getFromFuture(SegmentedRaftLogWorker.java:87)
	at org.apache.ratis.server.raftlog.segmented.SegmentedRaftLogWorker$WriteLog.execute(SegmentedRaftLogWorker.java:477)
	at org.apache.ratis.server.raftlog.segmented.SegmentedRaftLogWorker.run(SegmentedRaftLogWorker.java:289)
	at java.lang.Thread.run(Thread.java:748)
Caused by: java.util.concurrent.TimeoutException
	at java.util.concurrent.CompletableFuture.timedGet(CompletableFuture.java:1771)
	at java.util.concurrent.CompletableFuture.get(CompletableFuture.java:1915)
	at org.apache.ratis.util.IOUtils.getFromFuture(IOUtils.java:79)
	... 4 more
2019-09-11 20:09:09,714 [grpc-default-executor-6] INFO  client.GrpcClientProtocolClient (GrpcClientProtocolClient.java:onNext(264)) - client-1170F4C7A823->9bb405f0-f563-4579-83ea-0bbe163a9fbc: receive RaftClientReply:client-1170F4C7A823->9bb405f0-f563-4579-83ea-0bbe163a9fbc@group-61D96FA8A4D2, cid=247, FAILED org.apache.ratis.protocol.NotLeaderException: Server 9bb405f0-f563-4579-83ea-0bbe163a9fbc@group-61D96FA8A4D2 is not the leader 802f7a56-3ac2-455e-92a2-71244eb20cf7:192.168.36.83:33220, logIndex=0, commits[9bb405f0-f563-4579-83ea-0bbe163a9fbc:c16, 802f7a56-3ac2-455e-92a2-71244eb20cf7:c16, e0c56373-add1-4904-83f3-08b0a755b8ed:c14]
2019-09-11 20:09:09,898 [java.util.concurrent.ThreadPoolExecutor$Worker@35e4abe9[State = -1, empty queue]] WARN  server.GrpcLogAppender (GrpcLogAppender.java:timeoutAppendRequest(200)) - 802f7a56-3ac2-455e-92a2-71244eb20cf7@group-61D96FA8A4D2->9bb405f0-f563-4579-83ea-0bbe163a9fbc-GrpcLogAppender: appendEntries Timeout, request=802f7a56-3ac2-455e-92a2-71244eb20cf7->9bb405f0-f563-4579-83ea-0bbe163a9fbc#38-t1, previous=(t:1, i:22), leaderCommit=16, initializing? false, entries: <empty>
2019-09-11 20:09:09,899 [java.util.concurrent.ThreadPoolExecutor$Worker@178a595d[State = -1, empty queue]] WARN  server.GrpcLogAppender (GrpcLogAppender.java:timeoutAppendRequest(200)) - 802f7a56-3ac2-455e-92a2-71244eb20cf7@group-61D96FA8A4D2->e0c56373-add1-4904-83f3-08b0a755b8ed-GrpcLogAppender: appendEntries Timeout, request=802f7a56-3ac2-455e-92a2-71244eb20cf7->e0c56373-add1-4904-83f3-08b0a755b8ed#38-t1, previous=(t:1, i:22), leaderCommit=16, initializing? false, entries: <empty>
2019-09-11 20:09:10,928 [grpc-default-executor-11] INFO  impl.RaftServerProxy (RaftServerProxy.java:remove(95)) - 802f7a56-3ac2-455e-92a2-71244eb20cf7: remove group-C7A422292FA5:null
2019-09-11 20:09:10,933 [RatisPipelineUtilsThread] WARN  pipeline.RatisPipelineUtils (RatisPipelineUtils.java:destroyPipeline(66)) - Pipeline destroy failed for pipeline=PipelineID=a5e33a2e-eade-4ad2-a9ca-c7a422292fa5 dn=802f7a56-3ac2-455e-92a2-71244eb20cf7{ip: 192.168.36.83, host: pr-hdds-2096-jg2tg-1247294052, networkLocation: /default-rack, certSerialId: null}
2019-09-11 20:09:10,936 [grpc-default-executor-11] INFO  impl.RaftServerProxy (RaftServerProxy.java:remove(95)) - e0c56373-add1-4904-83f3-08b0a755b8ed: remove group-C7A422292FA5:null
2019-09-11 20:09:10,938 [RatisPipelineUtilsThread] WARN  pipeline.RatisPipelineUtils (RatisPipelineUtils.java:destroyPipeline(66)) - Pipeline destroy failed for pipeline=PipelineID=a5e33a2e-eade-4ad2-a9ca-c7a422292fa5 dn=e0c56373-add1-4904-83f3-08b0a755b8ed{ip: 192.168.36.83, host: pr-hdds-2096-jg2tg-1247294052, networkLocation: /default-rack, certSerialId: null}
2019-09-11 20:09:10,941 [grpc-default-executor-11] INFO  impl.RaftServerProxy (RaftServerProxy.java:remove(95)) - 9bb405f0-f563-4579-83ea-0bbe163a9fbc: remove group-C7A422292FA5:null
2019-09-11 20:09:10,943 [RatisPipelineUtilsThread] WARN  pipeline.RatisPipelineUtils (RatisPipelineUtils.java:destroyPipeline(66)) - Pipeline destroy failed for pipeline=PipelineID=a5e33a2e-eade-4ad2-a9ca-c7a422292fa5 dn=9bb405f0-f563-4579-83ea-0bbe163a9fbc{ip: 192.168.36.83, host: pr-hdds-2096-jg2tg-1247294052, networkLocation: /default-rack, certSerialId: null}
2019-09-11 20:09:10,943 [RatisPipelineUtilsThread] ERROR pipeline.SCMPipelineManager (Scheduler.java:lambda$schedule$1(70)) - Destroy pipeline failed for pipeline:Pipeline[ Id: a5e33a2e-eade-4ad2-a9ca-c7a422292fa5, Nodes: 802f7a56-3ac2-455e-92a2-71244eb20cf7{ip: 192.168.36.83, host: pr-hdds-2096-jg2tg-1247294052, networkLocation: /default-rack, certSerialId: null}e0c56373-add1-4904-83f3-08b0a755b8ed{ip: 192.168.36.83, host: pr-hdds-2096-jg2tg-1247294052, networkLocation: /default-rack, certSerialId: null}9bb405f0-f563-4579-83ea-0bbe163a9fbc{ip: 192.168.36.83, host: pr-hdds-2096-jg2tg-1247294052, networkLocation: /default-rack, certSerialId: null}, Type:RATIS, Factor:THREE, State:CLOSED]
org.apache.hadoop.hdds.scm.pipeline.PipelineNotFoundException: PipelineID=a5e33a2e-eade-4ad2-a9ca-c7a422292fa5 not found
	at org.apache.hadoop.hdds.scm.pipeline.PipelineStateMap.getPipeline(PipelineStateMap.java:132)
	at org.apache.hadoop.hdds.scm.pipeline.PipelineStateMap.removePipeline(PipelineStateMap.java:322)
	at org.apache.hadoop.hdds.scm.pipeline.PipelineStateManager.removePipeline(PipelineStateManager.java:107)
	at org.apache.hadoop.hdds.scm.pipeline.SCMPipelineManager.removePipeline(SCMPipelineManager.java:423)
	at org.apache.hadoop.hdds.scm.pipeline.SCMPipelineManager.destroyPipeline(SCMPipelineManager.java:409)
	at org.apache.hadoop.hdds.scm.pipeline.SCMPipelineManager.lambda$finalizeAndDestroyPipeline$0(SCMPipelineManager.java:318)
	at org.apache.hadoop.utils.Scheduler.lambda$schedule$1(Scheduler.java:68)
	at java.util.concurrent.Executors$RunnableAdapter.call(Executors.java:511)
	at java.util.concurrent.FutureTask.run(FutureTask.java:266)
	at java.util.concurrent.ScheduledThreadPoolExecutor$ScheduledFutureTask.access$201(ScheduledThreadPoolExecutor.java:180)
	at java.util.concurrent.ScheduledThreadPoolExecutor$ScheduledFutureTask.run(ScheduledThreadPoolExecutor.java:293)
	at java.util.concurrent.ThreadPoolExecutor.runWorker(ThreadPoolExecutor.java:1149)
	at java.util.concurrent.ThreadPoolExecutor$Worker.run(ThreadPoolExecutor.java:624)
	at java.lang.Thread.run(Thread.java:748)
2019-09-11 20:09:12,399 [java.util.concurrent.ThreadPoolExecutor$Worker@35e4abe9[State = -1, empty queue]] WARN  server.GrpcLogAppender (GrpcLogAppender.java:timeoutAppendRequest(200)) - 802f7a56-3ac2-455e-92a2-71244eb20cf7@group-61D96FA8A4D2->9bb405f0-f563-4579-83ea-0bbe163a9fbc-GrpcLogAppender: appendEntries Timeout, request=802f7a56-3ac2-455e-92a2-71244eb20cf7->9bb405f0-f563-4579-83ea-0bbe163a9fbc#39-t1, previous=(t:1, i:22), leaderCommit=16, initializing? false, entries: <empty>
2019-09-11 20:09:12,399 [java.util.concurrent.ThreadPoolExecutor$Worker@178a595d[State = -1, empty queue]] WARN  server.GrpcLogAppender (GrpcLogAppender.java:timeoutAppendRequest(200)) - 802f7a56-3ac2-455e-92a2-71244eb20cf7@group-61D96FA8A4D2->e0c56373-add1-4904-83f3-08b0a755b8ed-GrpcLogAppender: appendEntries Timeout, request=802f7a56-3ac2-455e-92a2-71244eb20cf7->e0c56373-add1-4904-83f3-08b0a755b8ed#39-t1, previous=(t:1, i:22), leaderCommit=16, initializing? false, entries: <empty>
2019-09-11 20:09:12,924 [grpc-default-executor-11] INFO  impl.RaftServerProxy (RaftServerProxy.java:remove(95)) - 802f7a56-3ac2-455e-92a2-71244eb20cf7: remove group-C7A422292FA5:null
2019-09-11 20:09:12,928 [RatisPipelineUtilsThread] WARN  pipeline.RatisPipelineUtils (RatisPipelineUtils.java:destroyPipeline(66)) - Pipeline destroy failed for pipeline=PipelineID=a5e33a2e-eade-4ad2-a9ca-c7a422292fa5 dn=802f7a56-3ac2-455e-92a2-71244eb20cf7{ip: 192.168.36.83, host: pr-hdds-2096-jg2tg-1247294052, networkLocation: /default-rack, certSerialId: null}
2019-09-11 20:09:12,930 [grpc-default-executor-11] INFO  impl.RaftServerProxy (RaftServerProxy.java:remove(95)) - e0c56373-add1-4904-83f3-08b0a755b8ed: remove group-C7A422292FA5:null
2019-09-11 20:09:12,932 [RatisPipelineUtilsThread] WARN  pipeline.RatisPipelineUtils (RatisPipelineUtils.java:destroyPipeline(66)) - Pipeline destroy failed for pipeline=PipelineID=a5e33a2e-eade-4ad2-a9ca-c7a422292fa5 dn=e0c56373-add1-4904-83f3-08b0a755b8ed{ip: 192.168.36.83, host: pr-hdds-2096-jg2tg-1247294052, networkLocation: /default-rack, certSerialId: null}
2019-09-11 20:09:12,934 [grpc-default-executor-11] INFO  impl.RaftServerProxy (RaftServerProxy.java:remove(95)) - 9bb405f0-f563-4579-83ea-0bbe163a9fbc: remove group-C7A422292FA5:null
2019-09-11 20:09:12,936 [RatisPipelineUtilsThread] WARN  pipeline.RatisPipelineUtils (RatisPipelineUtils.java:destroyPipeline(66)) - Pipeline destroy failed for pipeline=PipelineID=a5e33a2e-eade-4ad2-a9ca-c7a422292fa5 dn=9bb405f0-f563-4579-83ea-0bbe163a9fbc{ip: 192.168.36.83, host: pr-hdds-2096-jg2tg-1247294052, networkLocation: /default-rack, certSerialId: null}
2019-09-11 20:09:12,936 [RatisPipelineUtilsThread] ERROR pipeline.SCMPipelineManager (Scheduler.java:lambda$schedule$1(70)) - Destroy pipeline failed for pipeline:Pipeline[ Id: a5e33a2e-eade-4ad2-a9ca-c7a422292fa5, Nodes: 802f7a56-3ac2-455e-92a2-71244eb20cf7{ip: 192.168.36.83, host: pr-hdds-2096-jg2tg-1247294052, networkLocation: /default-rack, certSerialId: null}e0c56373-add1-4904-83f3-08b0a755b8ed{ip: 192.168.36.83, host: pr-hdds-2096-jg2tg-1247294052, networkLocation: /default-rack, certSerialId: null}9bb405f0-f563-4579-83ea-0bbe163a9fbc{ip: 192.168.36.83, host: pr-hdds-2096-jg2tg-1247294052, networkLocation: /default-rack, certSerialId: null}, Type:RATIS, Factor:THREE, State:CLOSED]
org.apache.hadoop.hdds.scm.pipeline.PipelineNotFoundException: PipelineID=a5e33a2e-eade-4ad2-a9ca-c7a422292fa5 not found
	at org.apache.hadoop.hdds.scm.pipeline.PipelineStateMap.getPipeline(PipelineStateMap.java:132)
	at org.apache.hadoop.hdds.scm.pipeline.PipelineStateMap.removePipeline(PipelineStateMap.java:322)
	at org.apache.hadoop.hdds.scm.pipeline.PipelineStateManager.removePipeline(PipelineStateManager.java:107)
	at org.apache.hadoop.hdds.scm.pipeline.SCMPipelineManager.removePipeline(SCMPipelineManager.java:423)
	at org.apache.hadoop.hdds.scm.pipeline.SCMPipelineManager.destroyPipeline(SCMPipelineManager.java:409)
	at org.apache.hadoop.hdds.scm.pipeline.SCMPipelineManager.lambda$finalizeAndDestroyPipeline$0(SCMPipelineManager.java:318)
	at org.apache.hadoop.utils.Scheduler.lambda$schedule$1(Scheduler.java:68)
	at java.util.concurrent.Executors$RunnableAdapter.call(Executors.java:511)
	at java.util.concurrent.FutureTask.run(FutureTask.java:266)
	at java.util.concurrent.ScheduledThreadPoolExecutor$ScheduledFutureTask.access$201(ScheduledThreadPoolExecutor.java:180)
	at java.util.concurrent.ScheduledThreadPoolExecutor$ScheduledFutureTask.run(ScheduledThreadPoolExecutor.java:293)
	at java.util.concurrent.ThreadPoolExecutor.runWorker(ThreadPoolExecutor.java:1149)
	at java.util.concurrent.ThreadPoolExecutor$Worker.run(ThreadPoolExecutor.java:624)
	at java.lang.Thread.run(Thread.java:748)
2019-09-11 20:09:14,747 [grpc-default-executor-6] INFO  client.GrpcClientProtocolClient (GrpcClientProtocolClient.java:onNext(264)) - client-1170F4C7A823->e0c56373-add1-4904-83f3-08b0a755b8ed: receive RaftClientReply:client-1170F4C7A823->e0c56373-add1-4904-83f3-08b0a755b8ed@group-61D96FA8A4D2, cid=247, FAILED org.apache.ratis.protocol.NotLeaderException: Server e0c56373-add1-4904-83f3-08b0a755b8ed@group-61D96FA8A4D2 is not the leader 802f7a56-3ac2-455e-92a2-71244eb20cf7:192.168.36.83:33220, logIndex=0, commits[e0c56373-add1-4904-83f3-08b0a755b8ed:c16, 802f7a56-3ac2-455e-92a2-71244eb20cf7:c16, 9bb405f0-f563-4579-83ea-0bbe163a9fbc:c14]
2019-09-11 20:09:14,899 [java.util.concurrent.ThreadPoolExecutor$Worker@35e4abe9[State = -1, empty queue]] WARN  server.GrpcLogAppender (GrpcLogAppender.java:timeoutAppendRequest(200)) - 802f7a56-3ac2-455e-92a2-71244eb20cf7@group-61D96FA8A4D2->9bb405f0-f563-4579-83ea-0bbe163a9fbc-GrpcLogAppender: appendEntries Timeout, request=802f7a56-3ac2-455e-92a2-71244eb20cf7->9bb405f0-f563-4579-83ea-0bbe163a9fbc#40-t1, previous=(t:1, i:22), leaderCommit=16, initializing? false, entries: <empty>
2019-09-11 20:09:14,899 [java.util.concurrent.ThreadPoolExecutor$Worker@178a595d[State = -1, empty queue]] WARN  server.GrpcLogAppender (GrpcLogAppender.java:timeoutAppendRequest(200)) - 802f7a56-3ac2-455e-92a2-71244eb20cf7@group-61D96FA8A4D2->e0c56373-add1-4904-83f3-08b0a755b8ed-GrpcLogAppender: appendEntries Timeout, request=802f7a56-3ac2-455e-92a2-71244eb20cf7->e0c56373-add1-4904-83f3-08b0a755b8ed#40-t1, previous=(t:1, i:22), leaderCommit=16, initializing? false, entries: <empty>
2019-09-11 20:09:15,925 [grpc-default-executor-11] INFO  impl.RaftServerProxy (RaftServerProxy.java:remove(95)) - 802f7a56-3ac2-455e-92a2-71244eb20cf7: remove group-C7A422292FA5:null
2019-09-11 20:09:15,928 [RatisPipelineUtilsThread] WARN  pipeline.RatisPipelineUtils (RatisPipelineUtils.java:destroyPipeline(66)) - Pipeline destroy failed for pipeline=PipelineID=a5e33a2e-eade-4ad2-a9ca-c7a422292fa5 dn=802f7a56-3ac2-455e-92a2-71244eb20cf7{ip: 192.168.36.83, host: pr-hdds-2096-jg2tg-1247294052, networkLocation: /default-rack, certSerialId: null}
2019-09-11 20:09:15,931 [grpc-default-executor-11] INFO  impl.RaftServerProxy (RaftServerProxy.java:remove(95)) - e0c56373-add1-4904-83f3-08b0a755b8ed: remove group-C7A422292FA5:null
2019-09-11 20:09:15,933 [RatisPipelineUtilsThread] WARN  pipeline.RatisPipelineUtils (RatisPipelineUtils.java:destroyPipeline(66)) - Pipeline destroy failed for pipeline=PipelineID=a5e33a2e-eade-4ad2-a9ca-c7a422292fa5 dn=e0c56373-add1-4904-83f3-08b0a755b8ed{ip: 192.168.36.83, host: pr-hdds-2096-jg2tg-1247294052, networkLocation: /default-rack, certSerialId: null}
2019-09-11 20:09:15,935 [grpc-default-executor-11] INFO  impl.RaftServerProxy (RaftServerProxy.java:remove(95)) - 9bb405f0-f563-4579-83ea-0bbe163a9fbc: remove group-C7A422292FA5:null
2019-09-11 20:09:15,937 [RatisPipelineUtilsThread] WARN  pipeline.RatisPipelineUtils (RatisPipelineUtils.java:destroyPipeline(66)) - Pipeline destroy failed for pipeline=PipelineID=a5e33a2e-eade-4ad2-a9ca-c7a422292fa5 dn=9bb405f0-f563-4579-83ea-0bbe163a9fbc{ip: 192.168.36.83, host: pr-hdds-2096-jg2tg-1247294052, networkLocation: /default-rack, certSerialId: null}
2019-09-11 20:09:15,937 [RatisPipelineUtilsThread] ERROR pipeline.SCMPipelineManager (Scheduler.java:lambda$schedule$1(70)) - Destroy pipeline failed for pipeline:Pipeline[ Id: a5e33a2e-eade-4ad2-a9ca-c7a422292fa5, Nodes: 802f7a56-3ac2-455e-92a2-71244eb20cf7{ip: 192.168.36.83, host: pr-hdds-2096-jg2tg-1247294052, networkLocation: /default-rack, certSerialId: null}e0c56373-add1-4904-83f3-08b0a755b8ed{ip: 192.168.36.83, host: pr-hdds-2096-jg2tg-1247294052, networkLocation: /default-rack, certSerialId: null}9bb405f0-f563-4579-83ea-0bbe163a9fbc{ip: 192.168.36.83, host: pr-hdds-2096-jg2tg-1247294052, networkLocation: /default-rack, certSerialId: null}, Type:RATIS, Factor:THREE, State:CLOSED]
org.apache.hadoop.hdds.scm.pipeline.PipelineNotFoundException: PipelineID=a5e33a2e-eade-4ad2-a9ca-c7a422292fa5 not found
	at org.apache.hadoop.hdds.scm.pipeline.PipelineStateMap.getPipeline(PipelineStateMap.java:132)
	at org.apache.hadoop.hdds.scm.pipeline.PipelineStateMap.removePipeline(PipelineStateMap.java:322)
	at org.apache.hadoop.hdds.scm.pipeline.PipelineStateManager.removePipeline(PipelineStateManager.java:107)
	at org.apache.hadoop.hdds.scm.pipeline.SCMPipelineManager.removePipeline(SCMPipelineManager.java:423)
	at org.apache.hadoop.hdds.scm.pipeline.SCMPipelineManager.destroyPipeline(SCMPipelineManager.java:409)
	at org.apache.hadoop.hdds.scm.pipeline.SCMPipelineManager.lambda$finalizeAndDestroyPipeline$0(SCMPipelineManager.java:318)
	at org.apache.hadoop.utils.Scheduler.lambda$schedule$1(Scheduler.java:68)
	at java.util.concurrent.Executors$RunnableAdapter.call(Executors.java:511)
	at java.util.concurrent.FutureTask.run(FutureTask.java:266)
	at java.util.concurrent.ScheduledThreadPoolExecutor$ScheduledFutureTask.access$201(ScheduledThreadPoolExecutor.java:180)
	at java.util.concurrent.ScheduledThreadPoolExecutor$ScheduledFutureTask.run(ScheduledThreadPoolExecutor.java:293)
	at java.util.concurrent.ThreadPoolExecutor.runWorker(ThreadPoolExecutor.java:1149)
	at java.util.concurrent.ThreadPoolExecutor$Worker.run(ThreadPoolExecutor.java:624)
	at java.lang.Thread.run(Thread.java:748)
2019-09-11 20:09:17,399 [java.util.concurrent.ThreadPoolExecutor$Worker@35e4abe9[State = -1, empty queue]] WARN  server.GrpcLogAppender (GrpcLogAppender.java:timeoutAppendRequest(200)) - 802f7a56-3ac2-455e-92a2-71244eb20cf7@group-61D96FA8A4D2->9bb405f0-f563-4579-83ea-0bbe163a9fbc-GrpcLogAppender: appendEntries Timeout, request=802f7a56-3ac2-455e-92a2-71244eb20cf7->9bb405f0-f563-4579-83ea-0bbe163a9fbc#41-t1, previous=(t:1, i:22), leaderCommit=16, initializing? false, entries: <empty>
2019-09-11 20:09:17,400 [java.util.concurrent.ThreadPoolExecutor$Worker@178a595d[State = -1, empty queue]] WARN  server.GrpcLogAppender (GrpcLogAppender.java:timeoutAppendRequest(200)) - 802f7a56-3ac2-455e-92a2-71244eb20cf7@group-61D96FA8A4D2->e0c56373-add1-4904-83f3-08b0a755b8ed-GrpcLogAppender: appendEntries Timeout, request=802f7a56-3ac2-455e-92a2-71244eb20cf7->e0c56373-add1-4904-83f3-08b0a755b8ed#41-t1, previous=(t:1, i:22), leaderCommit=16, initializing? false, entries: <empty>
2019-09-11 20:09:17,924 [grpc-default-executor-11] INFO  impl.RaftServerProxy (RaftServerProxy.java:remove(95)) - 802f7a56-3ac2-455e-92a2-71244eb20cf7: remove group-C7A422292FA5:null
2019-09-11 20:09:17,928 [RatisPipelineUtilsThread] WARN  pipeline.RatisPipelineUtils (RatisPipelineUtils.java:destroyPipeline(66)) - Pipeline destroy failed for pipeline=PipelineID=a5e33a2e-eade-4ad2-a9ca-c7a422292fa5 dn=802f7a56-3ac2-455e-92a2-71244eb20cf7{ip: 192.168.36.83, host: pr-hdds-2096-jg2tg-1247294052, networkLocation: /default-rack, certSerialId: null}
2019-09-11 20:09:17,930 [grpc-default-executor-11] INFO  impl.RaftServerProxy (RaftServerProxy.java:remove(95)) - e0c56373-add1-4904-83f3-08b0a755b8ed: remove group-C7A422292FA5:null
2019-09-11 20:09:17,932 [RatisPipelineUtilsThread] WARN  pipeline.RatisPipelineUtils (RatisPipelineUtils.java:destroyPipeline(66)) - Pipeline destroy failed for pipeline=PipelineID=a5e33a2e-eade-4ad2-a9ca-c7a422292fa5 dn=e0c56373-add1-4904-83f3-08b0a755b8ed{ip: 192.168.36.83, host: pr-hdds-2096-jg2tg-1247294052, networkLocation: /default-rack, certSerialId: null}
2019-09-11 20:09:17,934 [grpc-default-executor-11] INFO  impl.RaftServerProxy (RaftServerProxy.java:remove(95)) - 9bb405f0-f563-4579-83ea-0bbe163a9fbc: remove group-C7A422292FA5:null
2019-09-11 20:09:17,936 [RatisPipelineUtilsThread] WARN  pipeline.RatisPipelineUtils (RatisPipelineUtils.java:destroyPipeline(66)) - Pipeline destroy failed for pipeline=PipelineID=a5e33a2e-eade-4ad2-a9ca-c7a422292fa5 dn=9bb405f0-f563-4579-83ea-0bbe163a9fbc{ip: 192.168.36.83, host: pr-hdds-2096-jg2tg-1247294052, networkLocation: /default-rack, certSerialId: null}
2019-09-11 20:09:17,942 [RatisPipelineUtilsThread] ERROR pipeline.SCMPipelineManager (Scheduler.java:lambda$schedule$1(70)) - Destroy pipeline failed for pipeline:Pipeline[ Id: a5e33a2e-eade-4ad2-a9ca-c7a422292fa5, Nodes: 802f7a56-3ac2-455e-92a2-71244eb20cf7{ip: 192.168.36.83, host: pr-hdds-2096-jg2tg-1247294052, networkLocation: /default-rack, certSerialId: null}e0c56373-add1-4904-83f3-08b0a755b8ed{ip: 192.168.36.83, host: pr-hdds-2096-jg2tg-1247294052, networkLocation: /default-rack, certSerialId: null}9bb405f0-f563-4579-83ea-0bbe163a9fbc{ip: 192.168.36.83, host: pr-hdds-2096-jg2tg-1247294052, networkLocation: /default-rack, certSerialId: null}, Type:RATIS, Factor:THREE, State:CLOSED]
org.apache.hadoop.hdds.scm.pipeline.PipelineNotFoundException: PipelineID=a5e33a2e-eade-4ad2-a9ca-c7a422292fa5 not found
	at org.apache.hadoop.hdds.scm.pipeline.PipelineStateMap.getPipeline(PipelineStateMap.java:132)
	at org.apache.hadoop.hdds.scm.pipeline.PipelineStateMap.removePipeline(PipelineStateMap.java:322)
	at org.apache.hadoop.hdds.scm.pipeline.PipelineStateManager.removePipeline(PipelineStateManager.java:107)
	at org.apache.hadoop.hdds.scm.pipeline.SCMPipelineManager.removePipeline(SCMPipelineManager.java:423)
	at org.apache.hadoop.hdds.scm.pipeline.SCMPipelineManager.destroyPipeline(SCMPipelineManager.java:409)
	at org.apache.hadoop.hdds.scm.pipeline.SCMPipelineManager.lambda$finalizeAndDestroyPipeline$0(SCMPipelineManager.java:318)
	at org.apache.hadoop.utils.Scheduler.lambda$schedule$1(Scheduler.java:68)
	at java.util.concurrent.Executors$RunnableAdapter.call(Executors.java:511)
	at java.util.concurrent.FutureTask.run(FutureTask.java:266)
	at java.util.concurrent.ScheduledThreadPoolExecutor$ScheduledFutureTask.access$201(ScheduledThreadPoolExecutor.java:180)
	at java.util.concurrent.ScheduledThreadPoolExecutor$ScheduledFutureTask.run(ScheduledThreadPoolExecutor.java:293)
	at java.util.concurrent.ThreadPoolExecutor.runWorker(ThreadPoolExecutor.java:1149)
	at java.util.concurrent.ThreadPoolExecutor$Worker.run(ThreadPoolExecutor.java:624)
	at java.lang.Thread.run(Thread.java:748)
2019-09-11 20:09:19,506 [e0c56373-add1-4904-83f3-08b0a755b8ed@group-61D96FA8A4D2-SegmentedRaftLogWorker] WARN  segmented.SegmentedRaftLogWorker (SegmentedRaftLogWorker.java:getFromFuture(90)) - Timeout 4/~
org.apache.ratis.protocol.TimeoutIOException: Timeout 10s: WriteLog:18: (t:1, i:18), STATEMACHINELOGENTRY, client-1170F4C7A823, cid=248-writeStateMachineData
	at org.apache.ratis.util.IOUtils.getFromFuture(IOUtils.java:87)
	at org.apache.ratis.server.raftlog.segmented.SegmentedRaftLogWorker$StateMachineDataPolicy.getFromFuture(SegmentedRaftLogWorker.java:87)
	at org.apache.ratis.server.raftlog.segmented.SegmentedRaftLogWorker$WriteLog.execute(SegmentedRaftLogWorker.java:477)
	at org.apache.ratis.server.raftlog.segmented.SegmentedRaftLogWorker.run(SegmentedRaftLogWorker.java:289)
	at java.lang.Thread.run(Thread.java:748)
Caused by: java.util.concurrent.TimeoutException
	at java.util.concurrent.CompletableFuture.timedGet(CompletableFuture.java:1771)
	at java.util.concurrent.CompletableFuture.get(CompletableFuture.java:1915)
	at org.apache.ratis.util.IOUtils.getFromFuture(IOUtils.java:79)
	... 4 more
2019-09-11 20:09:19,522 [9bb405f0-f563-4579-83ea-0bbe163a9fbc@group-61D96FA8A4D2-SegmentedRaftLogWorker] WARN  segmented.SegmentedRaftLogWorker (SegmentedRaftLogWorker.java:getFromFuture(90)) - Timeout 4/~
org.apache.ratis.protocol.TimeoutIOException: Timeout 10s: WriteLog:18: (t:1, i:18), STATEMACHINELOGENTRY, client-1170F4C7A823, cid=248-writeStateMachineData
	at org.apache.ratis.util.IOUtils.getFromFuture(IOUtils.java:87)
	at org.apache.ratis.server.raftlog.segmented.SegmentedRaftLogWorker$StateMachineDataPolicy.getFromFuture(SegmentedRaftLogWorker.java:87)
	at org.apache.ratis.server.raftlog.segmented.SegmentedRaftLogWorker$WriteLog.execute(SegmentedRaftLogWorker.java:477)
	at org.apache.ratis.server.raftlog.segmented.SegmentedRaftLogWorker.run(SegmentedRaftLogWorker.java:289)
	at java.lang.Thread.run(Thread.java:748)
Caused by: java.util.concurrent.TimeoutException
	at java.util.concurrent.CompletableFuture.timedGet(CompletableFuture.java:1771)
	at java.util.concurrent.CompletableFuture.get(CompletableFuture.java:1915)
	at org.apache.ratis.util.IOUtils.getFromFuture(IOUtils.java:79)
	... 4 more
2019-09-11 20:09:19,523 [802f7a56-3ac2-455e-92a2-71244eb20cf7@group-61D96FA8A4D2-SegmentedRaftLogWorker] WARN  segmented.SegmentedRaftLogWorker (SegmentedRaftLogWorker.java:getFromFuture(90)) - Timeout 4/~
org.apache.ratis.protocol.TimeoutIOException: Timeout 10s: WriteLog:18: (t:1, i:18), STATEMACHINELOGENTRY, client-1170F4C7A823, cid=248-writeStateMachineData
	at org.apache.ratis.util.IOUtils.getFromFuture(IOUtils.java:87)
	at org.apache.ratis.server.raftlog.segmented.SegmentedRaftLogWorker$StateMachineDataPolicy.getFromFuture(SegmentedRaftLogWorker.java:87)
	at org.apache.ratis.server.raftlog.segmented.SegmentedRaftLogWorker$WriteLog.execute(SegmentedRaftLogWorker.java:477)
	at org.apache.ratis.server.raftlog.segmented.SegmentedRaftLogWorker.run(SegmentedRaftLogWorker.java:289)
	at java.lang.Thread.run(Thread.java:748)
Caused by: java.util.concurrent.TimeoutException
	at java.util.concurrent.CompletableFuture.timedGet(CompletableFuture.java:1771)
	at java.util.concurrent.CompletableFuture.get(CompletableFuture.java:1915)
	at org.apache.ratis.util.IOUtils.getFromFuture(IOUtils.java:79)
	... 4 more
2019-09-11 20:09:19,791 [grpc-default-executor-11] INFO  client.GrpcClientProtocolClient (GrpcClientProtocolClient.java:onNext(264)) - client-1170F4C7A823->e0c56373-add1-4904-83f3-08b0a755b8ed: receive RaftClientReply:client-1170F4C7A823->e0c56373-add1-4904-83f3-08b0a755b8ed@group-61D96FA8A4D2, cid=247, FAILED org.apache.ratis.protocol.NotLeaderException: Server e0c56373-add1-4904-83f3-08b0a755b8ed@group-61D96FA8A4D2 is not the leader 802f7a56-3ac2-455e-92a2-71244eb20cf7:192.168.36.83:33220, logIndex=0, commits[e0c56373-add1-4904-83f3-08b0a755b8ed:c16, 802f7a56-3ac2-455e-92a2-71244eb20cf7:c16, 9bb405f0-f563-4579-83ea-0bbe163a9fbc:c14]
2019-09-11 20:09:19,900 [java.util.concurrent.ThreadPoolExecutor$Worker@35e4abe9[State = -1, empty queue]] WARN  server.GrpcLogAppender (GrpcLogAppender.java:timeoutAppendRequest(200)) - 802f7a56-3ac2-455e-92a2-71244eb20cf7@group-61D96FA8A4D2->9bb405f0-f563-4579-83ea-0bbe163a9fbc-GrpcLogAppender: appendEntries Timeout, request=802f7a56-3ac2-455e-92a2-71244eb20cf7->9bb405f0-f563-4579-83ea-0bbe163a9fbc#42-t1, previous=(t:1, i:22), leaderCommit=16, initializing? false, entries: <empty>
2019-09-11 20:09:19,900 [java.util.concurrent.ThreadPoolExecutor$Worker@178a595d[State = -1, empty queue]] WARN  server.GrpcLogAppender (GrpcLogAppender.java:timeoutAppendRequest(200)) - 802f7a56-3ac2-455e-92a2-71244eb20cf7@group-61D96FA8A4D2->e0c56373-add1-4904-83f3-08b0a755b8ed-GrpcLogAppender: appendEntries Timeout, request=802f7a56-3ac2-455e-92a2-71244eb20cf7->e0c56373-add1-4904-83f3-08b0a755b8ed#42-t1, previous=(t:1, i:22), leaderCommit=16, initializing? false, entries: <empty>
2019-09-11 20:09:20,922 [grpc-default-executor-11] INFO  impl.RaftServerProxy (RaftServerProxy.java:remove(95)) - 802f7a56-3ac2-455e-92a2-71244eb20cf7: remove group-C7A422292FA5:null
2019-09-11 20:09:20,925 [RatisPipelineUtilsThread] WARN  pipeline.RatisPipelineUtils (RatisPipelineUtils.java:destroyPipeline(66)) - Pipeline destroy failed for pipeline=PipelineID=a5e33a2e-eade-4ad2-a9ca-c7a422292fa5 dn=802f7a56-3ac2-455e-92a2-71244eb20cf7{ip: 192.168.36.83, host: pr-hdds-2096-jg2tg-1247294052, networkLocation: /default-rack, certSerialId: null}
2019-09-11 20:09:20,928 [grpc-default-executor-11] INFO  impl.RaftServerProxy (RaftServerProxy.java:remove(95)) - e0c56373-add1-4904-83f3-08b0a755b8ed: remove group-C7A422292FA5:null
2019-09-11 20:09:20,930 [RatisPipelineUtilsThread] WARN  pipeline.RatisPipelineUtils (RatisPipelineUtils.java:destroyPipeline(66)) - Pipeline destroy failed for pipeline=PipelineID=a5e33a2e-eade-4ad2-a9ca-c7a422292fa5 dn=e0c56373-add1-4904-83f3-08b0a755b8ed{ip: 192.168.36.83, host: pr-hdds-2096-jg2tg-1247294052, networkLocation: /default-rack, certSerialId: null}
2019-09-11 20:09:20,932 [grpc-default-executor-11] INFO  impl.RaftServerProxy (RaftServerProxy.java:remove(95)) - 9bb405f0-f563-4579-83ea-0bbe163a9fbc: remove group-C7A422292FA5:null
2019-09-11 20:09:20,934 [RatisPipelineUtilsThread] WARN  pipeline.RatisPipelineUtils (RatisPipelineUtils.java:destroyPipeline(66)) - Pipeline destroy failed for pipeline=PipelineID=a5e33a2e-eade-4ad2-a9ca-c7a422292fa5 dn=9bb405f0-f563-4579-83ea-0bbe163a9fbc{ip: 192.168.36.83, host: pr-hdds-2096-jg2tg-1247294052, networkLocation: /default-rack, certSerialId: null}
2019-09-11 20:09:20,935 [RatisPipelineUtilsThread] ERROR pipeline.SCMPipelineManager (Scheduler.java:lambda$schedule$1(70)) - Destroy pipeline failed for pipeline:Pipeline[ Id: a5e33a2e-eade-4ad2-a9ca-c7a422292fa5, Nodes: 802f7a56-3ac2-455e-92a2-71244eb20cf7{ip: 192.168.36.83, host: pr-hdds-2096-jg2tg-1247294052, networkLocation: /default-rack, certSerialId: null}e0c56373-add1-4904-83f3-08b0a755b8ed{ip: 192.168.36.83, host: pr-hdds-2096-jg2tg-1247294052, networkLocation: /default-rack, certSerialId: null}9bb405f0-f563-4579-83ea-0bbe163a9fbc{ip: 192.168.36.83, host: pr-hdds-2096-jg2tg-1247294052, networkLocation: /default-rack, certSerialId: null}, Type:RATIS, Factor:THREE, State:CLOSED]
org.apache.hadoop.hdds.scm.pipeline.PipelineNotFoundException: PipelineID=a5e33a2e-eade-4ad2-a9ca-c7a422292fa5 not found
	at org.apache.hadoop.hdds.scm.pipeline.PipelineStateMap.getPipeline(PipelineStateMap.java:132)
	at org.apache.hadoop.hdds.scm.pipeline.PipelineStateMap.removePipeline(PipelineStateMap.java:322)
	at org.apache.hadoop.hdds.scm.pipeline.PipelineStateManager.removePipeline(PipelineStateManager.java:107)
	at org.apache.hadoop.hdds.scm.pipeline.SCMPipelineManager.removePipeline(SCMPipelineManager.java:423)
	at org.apache.hadoop.hdds.scm.pipeline.SCMPipelineManager.destroyPipeline(SCMPipelineManager.java:409)
	at org.apache.hadoop.hdds.scm.pipeline.SCMPipelineManager.lambda$finalizeAndDestroyPipeline$0(SCMPipelineManager.java:318)
	at org.apache.hadoop.utils.Scheduler.lambda$schedule$1(Scheduler.java:68)
	at java.util.concurrent.Executors$RunnableAdapter.call(Executors.java:511)
	at java.util.concurrent.FutureTask.run(FutureTask.java:266)
	at java.util.concurrent.ScheduledThreadPoolExecutor$ScheduledFutureTask.access$201(ScheduledThreadPoolExecutor.java:180)
	at java.util.concurrent.ScheduledThreadPoolExecutor$ScheduledFutureTask.run(ScheduledThreadPoolExecutor.java:293)
	at java.util.concurrent.ThreadPoolExecutor.runWorker(ThreadPoolExecutor.java:1149)
	at java.util.concurrent.ThreadPoolExecutor$Worker.run(ThreadPoolExecutor.java:624)
	at java.lang.Thread.run(Thread.java:748)
2019-09-11 20:09:22,400 [java.util.concurrent.ThreadPoolExecutor$Worker@35e4abe9[State = -1, empty queue]] WARN  server.GrpcLogAppender (GrpcLogAppender.java:timeoutAppendRequest(200)) - 802f7a56-3ac2-455e-92a2-71244eb20cf7@group-61D96FA8A4D2->9bb405f0-f563-4579-83ea-0bbe163a9fbc-GrpcLogAppender: appendEntries Timeout, request=802f7a56-3ac2-455e-92a2-71244eb20cf7->9bb405f0-f563-4579-83ea-0bbe163a9fbc#43-t1, previous=(t:1, i:22), leaderCommit=16, initializing? false, entries: <empty>
2019-09-11 20:09:22,400 [java.util.concurrent.ThreadPoolExecutor$Worker@178a595d[State = -1, empty queue]] WARN  server.GrpcLogAppender (GrpcLogAppender.java:timeoutAppendRequest(200)) - 802f7a56-3ac2-455e-92a2-71244eb20cf7@group-61D96FA8A4D2->e0c56373-add1-4904-83f3-08b0a755b8ed-GrpcLogAppender: appendEntries Timeout, request=802f7a56-3ac2-455e-92a2-71244eb20cf7->e0c56373-add1-4904-83f3-08b0a755b8ed#43-t1, previous=(t:1, i:22), leaderCommit=16, initializing? false, entries: <empty>
2019-09-11 20:09:22,922 [grpc-default-executor-11] INFO  impl.RaftServerProxy (RaftServerProxy.java:remove(95)) - 802f7a56-3ac2-455e-92a2-71244eb20cf7: remove group-C7A422292FA5:null
2019-09-11 20:09:22,925 [RatisPipelineUtilsThread] WARN  pipeline.RatisPipelineUtils (RatisPipelineUtils.java:destroyPipeline(66)) - Pipeline destroy failed for pipeline=PipelineID=a5e33a2e-eade-4ad2-a9ca-c7a422292fa5 dn=802f7a56-3ac2-455e-92a2-71244eb20cf7{ip: 192.168.36.83, host: pr-hdds-2096-jg2tg-1247294052, networkLocation: /default-rack, certSerialId: null}
2019-09-11 20:09:22,928 [grpc-default-executor-11] INFO  impl.RaftServerProxy (RaftServerProxy.java:remove(95)) - e0c56373-add1-4904-83f3-08b0a755b8ed: remove group-C7A422292FA5:null
2019-09-11 20:09:22,930 [RatisPipelineUtilsThread] WARN  pipeline.RatisPipelineUtils (RatisPipelineUtils.java:destroyPipeline(66)) - Pipeline destroy failed for pipeline=PipelineID=a5e33a2e-eade-4ad2-a9ca-c7a422292fa5 dn=e0c56373-add1-4904-83f3-08b0a755b8ed{ip: 192.168.36.83, host: pr-hdds-2096-jg2tg-1247294052, networkLocation: /default-rack, certSerialId: null}
2019-09-11 20:09:22,933 [grpc-default-executor-11] INFO  impl.RaftServerProxy (RaftServerProxy.java:remove(95)) - 9bb405f0-f563-4579-83ea-0bbe163a9fbc: remove group-C7A422292FA5:null
2019-09-11 20:09:22,935 [RatisPipelineUtilsThread] WARN  pipeline.RatisPipelineUtils (RatisPipelineUtils.java:destroyPipeline(66)) - Pipeline destroy failed for pipeline=PipelineID=a5e33a2e-eade-4ad2-a9ca-c7a422292fa5 dn=9bb405f0-f563-4579-83ea-0bbe163a9fbc{ip: 192.168.36.83, host: pr-hdds-2096-jg2tg-1247294052, networkLocation: /default-rack, certSerialId: null}
2019-09-11 20:09:22,935 [RatisPipelineUtilsThread] ERROR pipeline.SCMPipelineManager (Scheduler.java:lambda$schedule$1(70)) - Destroy pipeline failed for pipeline:Pipeline[ Id: a5e33a2e-eade-4ad2-a9ca-c7a422292fa5, Nodes: 802f7a56-3ac2-455e-92a2-71244eb20cf7{ip: 192.168.36.83, host: pr-hdds-2096-jg2tg-1247294052, networkLocation: /default-rack, certSerialId: null}e0c56373-add1-4904-83f3-08b0a755b8ed{ip: 192.168.36.83, host: pr-hdds-2096-jg2tg-1247294052, networkLocation: /default-rack, certSerialId: null}9bb405f0-f563-4579-83ea-0bbe163a9fbc{ip: 192.168.36.83, host: pr-hdds-2096-jg2tg-1247294052, networkLocation: /default-rack, certSerialId: null}, Type:RATIS, Factor:THREE, State:CLOSED]
org.apache.hadoop.hdds.scm.pipeline.PipelineNotFoundException: PipelineID=a5e33a2e-eade-4ad2-a9ca-c7a422292fa5 not found
	at org.apache.hadoop.hdds.scm.pipeline.PipelineStateMap.getPipeline(PipelineStateMap.java:132)
	at org.apache.hadoop.hdds.scm.pipeline.PipelineStateMap.removePipeline(PipelineStateMap.java:322)
	at org.apache.hadoop.hdds.scm.pipeline.PipelineStateManager.removePipeline(PipelineStateManager.java:107)
	at org.apache.hadoop.hdds.scm.pipeline.SCMPipelineManager.removePipeline(SCMPipelineManager.java:423)
	at org.apache.hadoop.hdds.scm.pipeline.SCMPipelineManager.destroyPipeline(SCMPipelineManager.java:409)
	at org.apache.hadoop.hdds.scm.pipeline.SCMPipelineManager.lambda$finalizeAndDestroyPipeline$0(SCMPipelineManager.java:318)
	at org.apache.hadoop.utils.Scheduler.lambda$schedule$1(Scheduler.java:68)
	at java.util.concurrent.Executors$RunnableAdapter.call(Executors.java:511)
	at java.util.concurrent.FutureTask.run(FutureTask.java:266)
	at java.util.concurrent.ScheduledThreadPoolExecutor$ScheduledFutureTask.access$201(ScheduledThreadPoolExecutor.java:180)
	at java.util.concurrent.ScheduledThreadPoolExecutor$ScheduledFutureTask.run(ScheduledThreadPoolExecutor.java:293)
	at java.util.concurrent.ThreadPoolExecutor.runWorker(ThreadPoolExecutor.java:1149)
	at java.util.concurrent.ThreadPoolExecutor$Worker.run(ThreadPoolExecutor.java:624)
	at java.lang.Thread.run(Thread.java:748)
2019-09-11 20:09:24,824 [grpc-default-executor-6] INFO  client.GrpcClientProtocolClient (GrpcClientProtocolClient.java:onNext(264)) - client-1170F4C7A823->9bb405f0-f563-4579-83ea-0bbe163a9fbc: receive RaftClientReply:client-1170F4C7A823->9bb405f0-f563-4579-83ea-0bbe163a9fbc@group-61D96FA8A4D2, cid=247, FAILED org.apache.ratis.protocol.NotLeaderException: Server 9bb405f0-f563-4579-83ea-0bbe163a9fbc@group-61D96FA8A4D2 is not the leader 802f7a56-3ac2-455e-92a2-71244eb20cf7:192.168.36.83:33220, logIndex=0, commits[9bb405f0-f563-4579-83ea-0bbe163a9fbc:c16, 802f7a56-3ac2-455e-92a2-71244eb20cf7:c16, e0c56373-add1-4904-83f3-08b0a755b8ed:c14]
2019-09-11 20:09:24,900 [java.util.concurrent.ThreadPoolExecutor$Worker@35e4abe9[State = -1, empty queue]] WARN  server.GrpcLogAppender (GrpcLogAppender.java:timeoutAppendRequest(200)) - 802f7a56-3ac2-455e-92a2-71244eb20cf7@group-61D96FA8A4D2->9bb405f0-f563-4579-83ea-0bbe163a9fbc-GrpcLogAppender: appendEntries Timeout, request=802f7a56-3ac2-455e-92a2-71244eb20cf7->9bb405f0-f563-4579-83ea-0bbe163a9fbc#44-t1, previous=(t:1, i:22), leaderCommit=16, initializing? false, entries: <empty>
2019-09-11 20:09:24,900 [java.util.concurrent.ThreadPoolExecutor$Worker@178a595d[State = -1, empty queue]] WARN  server.GrpcLogAppender (GrpcLogAppender.java:timeoutAppendRequest(200)) - 802f7a56-3ac2-455e-92a2-71244eb20cf7@group-61D96FA8A4D2->e0c56373-add1-4904-83f3-08b0a755b8ed-GrpcLogAppender: appendEntries Timeout, request=802f7a56-3ac2-455e-92a2-71244eb20cf7->e0c56373-add1-4904-83f3-08b0a755b8ed#44-t1, previous=(t:1, i:22), leaderCommit=16, initializing? false, entries: <empty>
2019-09-11 20:09:25,922 [grpc-default-executor-1] INFO  impl.RaftServerProxy (RaftServerProxy.java:remove(95)) - 802f7a56-3ac2-455e-92a2-71244eb20cf7: remove group-C7A422292FA5:null
2019-09-11 20:09:25,925 [RatisPipelineUtilsThread] WARN  pipeline.RatisPipelineUtils (RatisPipelineUtils.java:destroyPipeline(66)) - Pipeline destroy failed for pipeline=PipelineID=a5e33a2e-eade-4ad2-a9ca-c7a422292fa5 dn=802f7a56-3ac2-455e-92a2-71244eb20cf7{ip: 192.168.36.83, host: pr-hdds-2096-jg2tg-1247294052, networkLocation: /default-rack, certSerialId: null}
2019-09-11 20:09:25,927 [grpc-default-executor-1] INFO  impl.RaftServerProxy (RaftServerProxy.java:remove(95)) - e0c56373-add1-4904-83f3-08b0a755b8ed: remove group-C7A422292FA5:null
2019-09-11 20:09:25,929 [RatisPipelineUtilsThread] WARN  pipeline.RatisPipelineUtils (RatisPipelineUtils.java:destroyPipeline(66)) - Pipeline destroy failed for pipeline=PipelineID=a5e33a2e-eade-4ad2-a9ca-c7a422292fa5 dn=e0c56373-add1-4904-83f3-08b0a755b8ed{ip: 192.168.36.83, host: pr-hdds-2096-jg2tg-1247294052, networkLocation: /default-rack, certSerialId: null}
2019-09-11 20:09:25,931 [grpc-default-executor-1] INFO  impl.RaftServerProxy (RaftServerProxy.java:remove(95)) - 9bb405f0-f563-4579-83ea-0bbe163a9fbc: remove group-C7A422292FA5:null
2019-09-11 20:09:25,933 [RatisPipelineUtilsThread] WARN  pipeline.RatisPipelineUtils (RatisPipelineUtils.java:destroyPipeline(66)) - Pipeline destroy failed for pipeline=PipelineID=a5e33a2e-eade-4ad2-a9ca-c7a422292fa5 dn=9bb405f0-f563-4579-83ea-0bbe163a9fbc{ip: 192.168.36.83, host: pr-hdds-2096-jg2tg-1247294052, networkLocation: /default-rack, certSerialId: null}
2019-09-11 20:09:25,934 [RatisPipelineUtilsThread] ERROR pipeline.SCMPipelineManager (Scheduler.java:lambda$schedule$1(70)) - Destroy pipeline failed for pipeline:Pipeline[ Id: a5e33a2e-eade-4ad2-a9ca-c7a422292fa5, Nodes: 802f7a56-3ac2-455e-92a2-71244eb20cf7{ip: 192.168.36.83, host: pr-hdds-2096-jg2tg-1247294052, networkLocation: /default-rack, certSerialId: null}e0c56373-add1-4904-83f3-08b0a755b8ed{ip: 192.168.36.83, host: pr-hdds-2096-jg2tg-1247294052, networkLocation: /default-rack, certSerialId: null}9bb405f0-f563-4579-83ea-0bbe163a9fbc{ip: 192.168.36.83, host: pr-hdds-2096-jg2tg-1247294052, networkLocation: /default-rack, certSerialId: null}, Type:RATIS, Factor:THREE, State:CLOSED]
org.apache.hadoop.hdds.scm.pipeline.PipelineNotFoundException: PipelineID=a5e33a2e-eade-4ad2-a9ca-c7a422292fa5 not found
	at org.apache.hadoop.hdds.scm.pipeline.PipelineStateMap.getPipeline(PipelineStateMap.java:132)
	at org.apache.hadoop.hdds.scm.pipeline.PipelineStateMap.removePipeline(PipelineStateMap.java:322)
	at org.apache.hadoop.hdds.scm.pipeline.PipelineStateManager.removePipeline(PipelineStateManager.java:107)
	at org.apache.hadoop.hdds.scm.pipeline.SCMPipelineManager.removePipeline(SCMPipelineManager.java:423)
	at org.apache.hadoop.hdds.scm.pipeline.SCMPipelineManager.destroyPipeline(SCMPipelineManager.java:409)
	at org.apache.hadoop.hdds.scm.pipeline.SCMPipelineManager.lambda$finalizeAndDestroyPipeline$0(SCMPipelineManager.java:318)
	at org.apache.hadoop.utils.Scheduler.lambda$schedule$1(Scheduler.java:68)
	at java.util.concurrent.Executors$RunnableAdapter.call(Executors.java:511)
	at java.util.concurrent.FutureTask.run(FutureTask.java:266)
	at java.util.concurrent.ScheduledThreadPoolExecutor$ScheduledFutureTask.access$201(ScheduledThreadPoolExecutor.java:180)
	at java.util.concurrent.ScheduledThreadPoolExecutor$ScheduledFutureTask.run(ScheduledThreadPoolExecutor.java:293)
	at java.util.concurrent.ThreadPoolExecutor.runWorker(ThreadPoolExecutor.java:1149)
	at java.util.concurrent.ThreadPoolExecutor$Worker.run(ThreadPoolExecutor.java:624)
	at java.lang.Thread.run(Thread.java:748)
2019-09-11 20:09:27,400 [java.util.concurrent.ThreadPoolExecutor$Worker@35e4abe9[State = -1, empty queue]] WARN  server.GrpcLogAppender (GrpcLogAppender.java:timeoutAppendRequest(200)) - 802f7a56-3ac2-455e-92a2-71244eb20cf7@group-61D96FA8A4D2->9bb405f0-f563-4579-83ea-0bbe163a9fbc-GrpcLogAppender: appendEntries Timeout, request=802f7a56-3ac2-455e-92a2-71244eb20cf7->9bb405f0-f563-4579-83ea-0bbe163a9fbc#45-t1, previous=(t:1, i:22), leaderCommit=16, initializing? false, entries: <empty>
2019-09-11 20:09:27,401 [java.util.concurrent.ThreadPoolExecutor$Worker@178a595d[State = -1, empty queue]] WARN  server.GrpcLogAppender (GrpcLogAppender.java:timeoutAppendRequest(200)) - 802f7a56-3ac2-455e-92a2-71244eb20cf7@group-61D96FA8A4D2->e0c56373-add1-4904-83f3-08b0a755b8ed-GrpcLogAppender: appendEntries Timeout, request=802f7a56-3ac2-455e-92a2-71244eb20cf7->e0c56373-add1-4904-83f3-08b0a755b8ed#45-t1, previous=(t:1, i:22), leaderCommit=16, initializing? false, entries: <empty>
2019-09-11 20:09:27,922 [grpc-default-executor-1] INFO  impl.RaftServerProxy (RaftServerProxy.java:remove(95)) - 802f7a56-3ac2-455e-92a2-71244eb20cf7: remove group-C7A422292FA5:null
2019-09-11 20:09:27,925 [RatisPipelineUtilsThread] WARN  pipeline.RatisPipelineUtils (RatisPipelineUtils.java:destroyPipeline(66)) - Pipeline destroy failed for pipeline=PipelineID=a5e33a2e-eade-4ad2-a9ca-c7a422292fa5 dn=802f7a56-3ac2-455e-92a2-71244eb20cf7{ip: 192.168.36.83, host: pr-hdds-2096-jg2tg-1247294052, networkLocation: /default-rack, certSerialId: null}
2019-09-11 20:09:27,928 [grpc-default-executor-1] INFO  impl.RaftServerProxy (RaftServerProxy.java:remove(95)) - e0c56373-add1-4904-83f3-08b0a755b8ed: remove group-C7A422292FA5:null
2019-09-11 20:09:27,930 [RatisPipelineUtilsThread] WARN  pipeline.RatisPipelineUtils (RatisPipelineUtils.java:destroyPipeline(66)) - Pipeline destroy failed for pipeline=PipelineID=a5e33a2e-eade-4ad2-a9ca-c7a422292fa5 dn=e0c56373-add1-4904-83f3-08b0a755b8ed{ip: 192.168.36.83, host: pr-hdds-2096-jg2tg-1247294052, networkLocation: /default-rack, certSerialId: null}
2019-09-11 20:09:27,932 [grpc-default-executor-1] INFO  impl.RaftServerProxy (RaftServerProxy.java:remove(95)) - 9bb405f0-f563-4579-83ea-0bbe163a9fbc: remove group-C7A422292FA5:null
2019-09-11 20:09:27,934 [RatisPipelineUtilsThread] WARN  pipeline.RatisPipelineUtils (RatisPipelineUtils.java:destroyPipeline(66)) - Pipeline destroy failed for pipeline=PipelineID=a5e33a2e-eade-4ad2-a9ca-c7a422292fa5 dn=9bb405f0-f563-4579-83ea-0bbe163a9fbc{ip: 192.168.36.83, host: pr-hdds-2096-jg2tg-1247294052, networkLocation: /default-rack, certSerialId: null}
2019-09-11 20:09:27,935 [RatisPipelineUtilsThread] ERROR pipeline.SCMPipelineManager (Scheduler.java:lambda$schedule$1(70)) - Destroy pipeline failed for pipeline:Pipeline[ Id: a5e33a2e-eade-4ad2-a9ca-c7a422292fa5, Nodes: 802f7a56-3ac2-455e-92a2-71244eb20cf7{ip: 192.168.36.83, host: pr-hdds-2096-jg2tg-1247294052, networkLocation: /default-rack, certSerialId: null}e0c56373-add1-4904-83f3-08b0a755b8ed{ip: 192.168.36.83, host: pr-hdds-2096-jg2tg-1247294052, networkLocation: /default-rack, certSerialId: null}9bb405f0-f563-4579-83ea-0bbe163a9fbc{ip: 192.168.36.83, host: pr-hdds-2096-jg2tg-1247294052, networkLocation: /default-rack, certSerialId: null}, Type:RATIS, Factor:THREE, State:CLOSED]
org.apache.hadoop.hdds.scm.pipeline.PipelineNotFoundException: PipelineID=a5e33a2e-eade-4ad2-a9ca-c7a422292fa5 not found
	at org.apache.hadoop.hdds.scm.pipeline.PipelineStateMap.getPipeline(PipelineStateMap.java:132)
	at org.apache.hadoop.hdds.scm.pipeline.PipelineStateMap.removePipeline(PipelineStateMap.java:322)
	at org.apache.hadoop.hdds.scm.pipeline.PipelineStateManager.removePipeline(PipelineStateManager.java:107)
	at org.apache.hadoop.hdds.scm.pipeline.SCMPipelineManager.removePipeline(SCMPipelineManager.java:423)
	at org.apache.hadoop.hdds.scm.pipeline.SCMPipelineManager.destroyPipeline(SCMPipelineManager.java:409)
	at org.apache.hadoop.hdds.scm.pipeline.SCMPipelineManager.lambda$finalizeAndDestroyPipeline$0(SCMPipelineManager.java:318)
	at org.apache.hadoop.utils.Scheduler.lambda$schedule$1(Scheduler.java:68)
	at java.util.concurrent.Executors$RunnableAdapter.call(Executors.java:511)
	at java.util.concurrent.FutureTask.run(FutureTask.java:266)
	at java.util.concurrent.ScheduledThreadPoolExecutor$ScheduledFutureTask.access$201(ScheduledThreadPoolExecutor.java:180)
	at java.util.concurrent.ScheduledThreadPoolExecutor$ScheduledFutureTask.run(ScheduledThreadPoolExecutor.java:293)
	at java.util.concurrent.ThreadPoolExecutor.runWorker(ThreadPoolExecutor.java:1149)
	at java.util.concurrent.ThreadPoolExecutor$Worker.run(ThreadPoolExecutor.java:624)
	at java.lang.Thread.run(Thread.java:748)
2019-09-11 20:09:28,948 [grpc-default-executor-1] INFO  impl.RaftServerProxy (RaftServerProxy.java:remove(95)) - 802f7a56-3ac2-455e-92a2-71244eb20cf7: remove group-C7A422292FA5:null
2019-09-11 20:09:28,950 [RatisPipelineUtilsThread] WARN  pipeline.RatisPipelineUtils (RatisPipelineUtils.java:destroyPipeline(66)) - Pipeline destroy failed for pipeline=PipelineID=a5e33a2e-eade-4ad2-a9ca-c7a422292fa5 dn=802f7a56-3ac2-455e-92a2-71244eb20cf7{ip: 192.168.36.83, host: pr-hdds-2096-jg2tg-1247294052, networkLocation: /default-rack, certSerialId: null}
2019-09-11 20:09:28,953 [grpc-default-executor-1] INFO  impl.RaftServerProxy (RaftServerProxy.java:remove(95)) - e0c56373-add1-4904-83f3-08b0a755b8ed: remove group-C7A422292FA5:null
2019-09-11 20:09:28,954 [RatisPipelineUtilsThread] WARN  pipeline.RatisPipelineUtils (RatisPipelineUtils.java:destroyPipeline(66)) - Pipeline destroy failed for pipeline=PipelineID=a5e33a2e-eade-4ad2-a9ca-c7a422292fa5 dn=e0c56373-add1-4904-83f3-08b0a755b8ed{ip: 192.168.36.83, host: pr-hdds-2096-jg2tg-1247294052, networkLocation: /default-rack, certSerialId: null}
2019-09-11 20:09:28,957 [grpc-default-executor-1] INFO  impl.RaftServerProxy (RaftServerProxy.java:remove(95)) - 9bb405f0-f563-4579-83ea-0bbe163a9fbc: remove group-C7A422292FA5:null
2019-09-11 20:09:28,958 [RatisPipelineUtilsThread] WARN  pipeline.RatisPipelineUtils (RatisPipelineUtils.java:destroyPipeline(66)) - Pipeline destroy failed for pipeline=PipelineID=a5e33a2e-eade-4ad2-a9ca-c7a422292fa5 dn=9bb405f0-f563-4579-83ea-0bbe163a9fbc{ip: 192.168.36.83, host: pr-hdds-2096-jg2tg-1247294052, networkLocation: /default-rack, certSerialId: null}
2019-09-11 20:09:28,959 [RatisPipelineUtilsThread] ERROR pipeline.SCMPipelineManager (Scheduler.java:lambda$schedule$1(70)) - Destroy pipeline failed for pipeline:Pipeline[ Id: a5e33a2e-eade-4ad2-a9ca-c7a422292fa5, Nodes: 802f7a56-3ac2-455e-92a2-71244eb20cf7{ip: 192.168.36.83, host: pr-hdds-2096-jg2tg-1247294052, networkLocation: /default-rack, certSerialId: null}e0c56373-add1-4904-83f3-08b0a755b8ed{ip: 192.168.36.83, host: pr-hdds-2096-jg2tg-1247294052, networkLocation: /default-rack, certSerialId: null}9bb405f0-f563-4579-83ea-0bbe163a9fbc{ip: 192.168.36.83, host: pr-hdds-2096-jg2tg-1247294052, networkLocation: /default-rack, certSerialId: null}, Type:RATIS, Factor:THREE, State:CLOSED]
org.apache.hadoop.hdds.scm.pipeline.PipelineNotFoundException: PipelineID=a5e33a2e-eade-4ad2-a9ca-c7a422292fa5 not found
	at org.apache.hadoop.hdds.scm.pipeline.PipelineStateMap.getPipeline(PipelineStateMap.java:132)
	at org.apache.hadoop.hdds.scm.pipeline.PipelineStateMap.removePipeline(PipelineStateMap.java:322)
	at org.apache.hadoop.hdds.scm.pipeline.PipelineStateManager.removePipeline(PipelineStateManager.java:107)
	at org.apache.hadoop.hdds.scm.pipeline.SCMPipelineManager.removePipeline(SCMPipelineManager.java:423)
	at org.apache.hadoop.hdds.scm.pipeline.SCMPipelineManager.destroyPipeline(SCMPipelineManager.java:409)
	at org.apache.hadoop.hdds.scm.pipeline.SCMPipelineManager.lambda$finalizeAndDestroyPipeline$0(SCMPipelineManager.java:318)
	at org.apache.hadoop.utils.Scheduler.lambda$schedule$1(Scheduler.java:68)
	at java.util.concurrent.Executors$RunnableAdapter.call(Executors.java:511)
	at java.util.concurrent.FutureTask.run(FutureTask.java:266)
	at java.util.concurrent.ScheduledThreadPoolExecutor$ScheduledFutureTask.access$201(ScheduledThreadPoolExecutor.java:180)
	at java.util.concurrent.ScheduledThreadPoolExecutor$ScheduledFutureTask.run(ScheduledThreadPoolExecutor.java:293)
	at java.util.concurrent.ThreadPoolExecutor.runWorker(ThreadPoolExecutor.java:1149)
	at java.util.concurrent.ThreadPoolExecutor$Worker.run(ThreadPoolExecutor.java:624)
	at java.lang.Thread.run(Thread.java:748)
2019-09-11 20:09:29,079 [grpc-default-executor-1] INFO  impl.RaftServerProxy (RaftServerProxy.java:remove(95)) - 802f7a56-3ac2-455e-92a2-71244eb20cf7: remove group-C7A422292FA5:null
2019-09-11 20:09:29,082 [RatisPipelineUtilsThread] WARN  pipeline.RatisPipelineUtils (RatisPipelineUtils.java:destroyPipeline(66)) - Pipeline destroy failed for pipeline=PipelineID=a5e33a2e-eade-4ad2-a9ca-c7a422292fa5 dn=802f7a56-3ac2-455e-92a2-71244eb20cf7{ip: 192.168.36.83, host: pr-hdds-2096-jg2tg-1247294052, networkLocation: /default-rack, certSerialId: null}
2019-09-11 20:09:29,084 [grpc-default-executor-1] INFO  impl.RaftServerProxy (RaftServerProxy.java:remove(95)) - e0c56373-add1-4904-83f3-08b0a755b8ed: remove group-C7A422292FA5:null
2019-09-11 20:09:29,087 [RatisPipelineUtilsThread] WARN  pipeline.RatisPipelineUtils (RatisPipelineUtils.java:destroyPipeline(66)) - Pipeline destroy failed for pipeline=PipelineID=a5e33a2e-eade-4ad2-a9ca-c7a422292fa5 dn=e0c56373-add1-4904-83f3-08b0a755b8ed{ip: 192.168.36.83, host: pr-hdds-2096-jg2tg-1247294052, networkLocation: /default-rack, certSerialId: null}
2019-09-11 20:09:29,089 [grpc-default-executor-1] INFO  impl.RaftServerProxy (RaftServerProxy.java:remove(95)) - 9bb405f0-f563-4579-83ea-0bbe163a9fbc: remove group-C7A422292FA5:null
2019-09-11 20:09:29,091 [RatisPipelineUtilsThread] WARN  pipeline.RatisPipelineUtils (RatisPipelineUtils.java:destroyPipeline(66)) - Pipeline destroy failed for pipeline=PipelineID=a5e33a2e-eade-4ad2-a9ca-c7a422292fa5 dn=9bb405f0-f563-4579-83ea-0bbe163a9fbc{ip: 192.168.36.83, host: pr-hdds-2096-jg2tg-1247294052, networkLocation: /default-rack, certSerialId: null}
2019-09-11 20:09:29,091 [RatisPipelineUtilsThread] ERROR pipeline.SCMPipelineManager (Scheduler.java:lambda$schedule$1(70)) - Destroy pipeline failed for pipeline:Pipeline[ Id: a5e33a2e-eade-4ad2-a9ca-c7a422292fa5, Nodes: 802f7a56-3ac2-455e-92a2-71244eb20cf7{ip: 192.168.36.83, host: pr-hdds-2096-jg2tg-1247294052, networkLocation: /default-rack, certSerialId: null}e0c56373-add1-4904-83f3-08b0a755b8ed{ip: 192.168.36.83, host: pr-hdds-2096-jg2tg-1247294052, networkLocation: /default-rack, certSerialId: null}9bb405f0-f563-4579-83ea-0bbe163a9fbc{ip: 192.168.36.83, host: pr-hdds-2096-jg2tg-1247294052, networkLocation: /default-rack, certSerialId: null}, Type:RATIS, Factor:THREE, State:CLOSED]
org.apache.hadoop.hdds.scm.pipeline.PipelineNotFoundException: PipelineID=a5e33a2e-eade-4ad2-a9ca-c7a422292fa5 not found
	at org.apache.hadoop.hdds.scm.pipeline.PipelineStateMap.getPipeline(PipelineStateMap.java:132)
	at org.apache.hadoop.hdds.scm.pipeline.PipelineStateMap.removePipeline(PipelineStateMap.java:322)
	at org.apache.hadoop.hdds.scm.pipeline.PipelineStateManager.removePipeline(PipelineStateManager.java:107)
	at org.apache.hadoop.hdds.scm.pipeline.SCMPipelineManager.removePipeline(SCMPipelineManager.java:423)
	at org.apache.hadoop.hdds.scm.pipeline.SCMPipelineManager.destroyPipeline(SCMPipelineManager.java:409)
	at org.apache.hadoop.hdds.scm.pipeline.SCMPipelineManager.lambda$finalizeAndDestroyPipeline$0(SCMPipelineManager.java:318)
	at org.apache.hadoop.utils.Scheduler.lambda$schedule$1(Scheduler.java:68)
	at java.util.concurrent.Executors$RunnableAdapter.call(Executors.java:511)
	at java.util.concurrent.FutureTask.run(FutureTask.java:266)
	at java.util.concurrent.ScheduledThreadPoolExecutor$ScheduledFutureTask.access$201(ScheduledThreadPoolExecutor.java:180)
	at java.util.concurrent.ScheduledThreadPoolExecutor$ScheduledFutureTask.run(ScheduledThreadPoolExecutor.java:293)
	at java.util.concurrent.ThreadPoolExecutor.runWorker(ThreadPoolExecutor.java:1149)
	at java.util.concurrent.ThreadPoolExecutor$Worker.run(ThreadPoolExecutor.java:624)
	at java.lang.Thread.run(Thread.java:748)
2019-09-11 20:09:29,168 [grpc-default-executor-1] INFO  impl.RaftServerProxy (RaftServerProxy.java:remove(95)) - 802f7a56-3ac2-455e-92a2-71244eb20cf7: remove group-C7A422292FA5:null
2019-09-11 20:09:29,170 [RatisPipelineUtilsThread] WARN  pipeline.RatisPipelineUtils (RatisPipelineUtils.java:destroyPipeline(66)) - Pipeline destroy failed for pipeline=PipelineID=a5e33a2e-eade-4ad2-a9ca-c7a422292fa5 dn=802f7a56-3ac2-455e-92a2-71244eb20cf7{ip: 192.168.36.83, host: pr-hdds-2096-jg2tg-1247294052, networkLocation: /default-rack, certSerialId: null}
2019-09-11 20:09:29,173 [grpc-default-executor-1] INFO  impl.RaftServerProxy (RaftServerProxy.java:remove(95)) - e0c56373-add1-4904-83f3-08b0a755b8ed: remove group-C7A422292FA5:null
2019-09-11 20:09:29,175 [RatisPipelineUtilsThread] WARN  pipeline.RatisPipelineUtils (RatisPipelineUtils.java:destroyPipeline(66)) - Pipeline destroy failed for pipeline=PipelineID=a5e33a2e-eade-4ad2-a9ca-c7a422292fa5 dn=e0c56373-add1-4904-83f3-08b0a755b8ed{ip: 192.168.36.83, host: pr-hdds-2096-jg2tg-1247294052, networkLocation: /default-rack, certSerialId: null}
2019-09-11 20:09:29,177 [grpc-default-executor-1] INFO  impl.RaftServerProxy (RaftServerProxy.java:remove(95)) - 9bb405f0-f563-4579-83ea-0bbe163a9fbc: remove group-C7A422292FA5:null
2019-09-11 20:09:29,179 [RatisPipelineUtilsThread] WARN  pipeline.RatisPipelineUtils (RatisPipelineUtils.java:destroyPipeline(66)) - Pipeline destroy failed for pipeline=PipelineID=a5e33a2e-eade-4ad2-a9ca-c7a422292fa5 dn=9bb405f0-f563-4579-83ea-0bbe163a9fbc{ip: 192.168.36.83, host: pr-hdds-2096-jg2tg-1247294052, networkLocation: /default-rack, certSerialId: null}
2019-09-11 20:09:29,179 [RatisPipelineUtilsThread] ERROR pipeline.SCMPipelineManager (Scheduler.java:lambda$schedule$1(70)) - Destroy pipeline failed for pipeline:Pipeline[ Id: a5e33a2e-eade-4ad2-a9ca-c7a422292fa5, Nodes: 802f7a56-3ac2-455e-92a2-71244eb20cf7{ip: 192.168.36.83, host: pr-hdds-2096-jg2tg-1247294052, networkLocation: /default-rack, certSerialId: null}e0c56373-add1-4904-83f3-08b0a755b8ed{ip: 192.168.36.83, host: pr-hdds-2096-jg2tg-1247294052, networkLocation: /default-rack, certSerialId: null}9bb405f0-f563-4579-83ea-0bbe163a9fbc{ip: 192.168.36.83, host: pr-hdds-2096-jg2tg-1247294052, networkLocation: /default-rack, certSerialId: null}, Type:RATIS, Factor:THREE, State:CLOSED]
org.apache.hadoop.hdds.scm.pipeline.PipelineNotFoundException: PipelineID=a5e33a2e-eade-4ad2-a9ca-c7a422292fa5 not found
	at org.apache.hadoop.hdds.scm.pipeline.PipelineStateMap.getPipeline(PipelineStateMap.java:132)
	at org.apache.hadoop.hdds.scm.pipeline.PipelineStateMap.removePipeline(PipelineStateMap.java:322)
	at org.apache.hadoop.hdds.scm.pipeline.PipelineStateManager.removePipeline(PipelineStateManager.java:107)
	at org.apache.hadoop.hdds.scm.pipeline.SCMPipelineManager.removePipeline(SCMPipelineManager.java:423)
	at org.apache.hadoop.hdds.scm.pipeline.SCMPipelineManager.destroyPipeline(SCMPipelineManager.java:409)
	at org.apache.hadoop.hdds.scm.pipeline.SCMPipelineManager.lambda$finalizeAndDestroyPipeline$0(SCMPipelineManager.java:318)
	at org.apache.hadoop.utils.Scheduler.lambda$schedule$1(Scheduler.java:68)
	at java.util.concurrent.Executors$RunnableAdapter.call(Executors.java:511)
	at java.util.concurrent.FutureTask.run(FutureTask.java:266)
	at java.util.concurrent.ScheduledThreadPoolExecutor$ScheduledFutureTask.access$201(ScheduledThreadPoolExecutor.java:180)
	at java.util.concurrent.ScheduledThreadPoolExecutor$ScheduledFutureTask.run(ScheduledThreadPoolExecutor.java:293)
	at java.util.concurrent.ThreadPoolExecutor.runWorker(ThreadPoolExecutor.java:1149)
	at java.util.concurrent.ThreadPoolExecutor$Worker.run(ThreadPoolExecutor.java:624)
	at java.lang.Thread.run(Thread.java:748)
2019-09-11 20:09:29,507 [e0c56373-add1-4904-83f3-08b0a755b8ed@group-61D96FA8A4D2-SegmentedRaftLogWorker] WARN  segmented.SegmentedRaftLogWorker (SegmentedRaftLogWorker.java:getFromFuture(90)) - Timeout 5/~
org.apache.ratis.protocol.TimeoutIOException: Timeout 10s: WriteLog:18: (t:1, i:18), STATEMACHINELOGENTRY, client-1170F4C7A823, cid=248-writeStateMachineData
	at org.apache.ratis.util.IOUtils.getFromFuture(IOUtils.java:87)
	at org.apache.ratis.server.raftlog.segmented.SegmentedRaftLogWorker$StateMachineDataPolicy.getFromFuture(SegmentedRaftLogWorker.java:87)
	at org.apache.ratis.server.raftlog.segmented.SegmentedRaftLogWorker$WriteLog.execute(SegmentedRaftLogWorker.java:477)
	at org.apache.ratis.server.raftlog.segmented.SegmentedRaftLogWorker.run(SegmentedRaftLogWorker.java:289)
	at java.lang.Thread.run(Thread.java:748)
Caused by: java.util.concurrent.TimeoutException
	at java.util.concurrent.CompletableFuture.timedGet(CompletableFuture.java:1771)
	at java.util.concurrent.CompletableFuture.get(CompletableFuture.java:1915)
	at org.apache.ratis.util.IOUtils.getFromFuture(IOUtils.java:79)
	... 4 more
2019-09-11 20:09:29,523 [9bb405f0-f563-4579-83ea-0bbe163a9fbc@group-61D96FA8A4D2-SegmentedRaftLogWorker] WARN  segmented.SegmentedRaftLogWorker (SegmentedRaftLogWorker.java:getFromFuture(90)) - Timeout 5/~
org.apache.ratis.protocol.TimeoutIOException: Timeout 10s: WriteLog:18: (t:1, i:18), STATEMACHINELOGENTRY, client-1170F4C7A823, cid=248-writeStateMachineData
	at org.apache.ratis.util.IOUtils.getFromFuture(IOUtils.java:87)
	at org.apache.ratis.server.raftlog.segmented.SegmentedRaftLogWorker$StateMachineDataPolicy.getFromFuture(SegmentedRaftLogWorker.java:87)
	at org.apache.ratis.server.raftlog.segmented.SegmentedRaftLogWorker$WriteLog.execute(SegmentedRaftLogWorker.java:477)
	at org.apache.ratis.server.raftlog.segmented.SegmentedRaftLogWorker.run(SegmentedRaftLogWorker.java:289)
	at java.lang.Thread.run(Thread.java:748)
Caused by: java.util.concurrent.TimeoutException
	at java.util.concurrent.CompletableFuture.timedGet(CompletableFuture.java:1771)
	at java.util.concurrent.CompletableFuture.get(CompletableFuture.java:1915)
	at org.apache.ratis.util.IOUtils.getFromFuture(IOUtils.java:79)
	... 4 more
2019-09-11 20:09:29,523 [802f7a56-3ac2-455e-92a2-71244eb20cf7@group-61D96FA8A4D2-SegmentedRaftLogWorker] WARN  segmented.SegmentedRaftLogWorker (SegmentedRaftLogWorker.java:getFromFuture(90)) - Timeout 5/~
org.apache.ratis.protocol.TimeoutIOException: Timeout 10s: WriteLog:18: (t:1, i:18), STATEMACHINELOGENTRY, client-1170F4C7A823, cid=248-writeStateMachineData
	at org.apache.ratis.util.IOUtils.getFromFuture(IOUtils.java:87)
	at org.apache.ratis.server.raftlog.segmented.SegmentedRaftLogWorker$StateMachineDataPolicy.getFromFuture(SegmentedRaftLogWorker.java:87)
	at org.apache.ratis.server.raftlog.segmented.SegmentedRaftLogWorker$WriteLog.execute(SegmentedRaftLogWorker.java:477)
	at org.apache.ratis.server.raftlog.segmented.SegmentedRaftLogWorker.run(SegmentedRaftLogWorker.java:289)
	at java.lang.Thread.run(Thread.java:748)
Caused by: java.util.concurrent.TimeoutException
	at java.util.concurrent.CompletableFuture.timedGet(CompletableFuture.java:1771)
	at java.util.concurrent.CompletableFuture.get(CompletableFuture.java:1915)
	at org.apache.ratis.util.IOUtils.getFromFuture(IOUtils.java:79)
	... 4 more
2019-09-11 20:09:29,887 [grpc-default-executor-11] INFO  client.GrpcClientProtocolClient (GrpcClientProtocolClient.java:onNext(264)) - client-1170F4C7A823->e0c56373-add1-4904-83f3-08b0a755b8ed: receive RaftClientReply:client-1170F4C7A823->e0c56373-add1-4904-83f3-08b0a755b8ed@group-61D96FA8A4D2, cid=247, FAILED org.apache.ratis.protocol.NotLeaderException: Server e0c56373-add1-4904-83f3-08b0a755b8ed@group-61D96FA8A4D2 is not the leader 802f7a56-3ac2-455e-92a2-71244eb20cf7:192.168.36.83:33220, logIndex=0, commits[e0c56373-add1-4904-83f3-08b0a755b8ed:c16, 802f7a56-3ac2-455e-92a2-71244eb20cf7:c16, 9bb405f0-f563-4579-83ea-0bbe163a9fbc:c14]
2019-09-11 20:09:29,900 [java.util.concurrent.ThreadPoolExecutor$Worker@35e4abe9[State = -1, empty queue]] WARN  server.GrpcLogAppender (GrpcLogAppender.java:timeoutAppendRequest(200)) - 802f7a56-3ac2-455e-92a2-71244eb20cf7@group-61D96FA8A4D2->9bb405f0-f563-4579-83ea-0bbe163a9fbc-GrpcLogAppender: appendEntries Timeout, request=802f7a56-3ac2-455e-92a2-71244eb20cf7->9bb405f0-f563-4579-83ea-0bbe163a9fbc#46-t1, previous=(t:1, i:22), leaderCommit=16, initializing? false, entries: <empty>
2019-09-11 20:09:29,901 [java.util.concurrent.ThreadPoolExecutor$Worker@178a595d[State = -1, empty queue]] WARN  server.GrpcLogAppender (GrpcLogAppender.java:timeoutAppendRequest(200)) - 802f7a56-3ac2-455e-92a2-71244eb20cf7@group-61D96FA8A4D2->e0c56373-add1-4904-83f3-08b0a755b8ed-GrpcLogAppender: appendEntries Timeout, request=802f7a56-3ac2-455e-92a2-71244eb20cf7->e0c56373-add1-4904-83f3-08b0a755b8ed#46-t1, previous=(t:1, i:22), leaderCommit=16, initializing? false, entries: <empty>
2019-09-11 20:09:32,401 [java.util.concurrent.ThreadPoolExecutor$Worker@35e4abe9[State = -1, empty queue]] WARN  server.GrpcLogAppender (GrpcLogAppender.java:timeoutAppendRequest(200)) - 802f7a56-3ac2-455e-92a2-71244eb20cf7@group-61D96FA8A4D2->9bb405f0-f563-4579-83ea-0bbe163a9fbc-GrpcLogAppender: appendEntries Timeout, request=802f7a56-3ac2-455e-92a2-71244eb20cf7->9bb405f0-f563-4579-83ea-0bbe163a9fbc#47-t1, previous=(t:1, i:22), leaderCommit=16, initializing? false, entries: <empty>
2019-09-11 20:09:32,402 [java.util.concurrent.ThreadPoolExecutor$Worker@178a595d[State = -1, empty queue]] WARN  server.GrpcLogAppender (GrpcLogAppender.java:timeoutAppendRequest(200)) - 802f7a56-3ac2-455e-92a2-71244eb20cf7@group-61D96FA8A4D2->e0c56373-add1-4904-83f3-08b0a755b8ed-GrpcLogAppender: appendEntries Timeout, request=802f7a56-3ac2-455e-92a2-71244eb20cf7->e0c56373-add1-4904-83f3-08b0a755b8ed#47-t1, previous=(t:1, i:22), leaderCommit=16, initializing? false, entries: <empty>
2019-09-11 20:09:34,901 [java.util.concurrent.ThreadPoolExecutor$Worker@35e4abe9[State = -1, empty queue]] WARN  server.GrpcLogAppender (GrpcLogAppender.java:timeoutAppendRequest(200)) - 802f7a56-3ac2-455e-92a2-71244eb20cf7@group-61D96FA8A4D2->9bb405f0-f563-4579-83ea-0bbe163a9fbc-GrpcLogAppender: appendEntries Timeout, request=802f7a56-3ac2-455e-92a2-71244eb20cf7->9bb405f0-f563-4579-83ea-0bbe163a9fbc#48-t1, previous=(t:1, i:22), leaderCommit=16, initializing? false, entries: <empty>
2019-09-11 20:09:34,902 [java.util.concurrent.ThreadPoolExecutor$Worker@178a595d[State = -1, empty queue]] WARN  server.GrpcLogAppender (GrpcLogAppender.java:timeoutAppendRequest(200)) - 802f7a56-3ac2-455e-92a2-71244eb20cf7@group-61D96FA8A4D2->e0c56373-add1-4904-83f3-08b0a755b8ed-GrpcLogAppender: appendEntries Timeout, request=802f7a56-3ac2-455e-92a2-71244eb20cf7->e0c56373-add1-4904-83f3-08b0a755b8ed#48-t1, previous=(t:1, i:22), leaderCommit=16, initializing? false, entries: <empty>
2019-09-11 20:09:34,935 [grpc-default-executor-11] INFO  client.GrpcClientProtocolClient (GrpcClientProtocolClient.java:onNext(264)) - client-1170F4C7A823->e0c56373-add1-4904-83f3-08b0a755b8ed: receive RaftClientReply:client-1170F4C7A823->e0c56373-add1-4904-83f3-08b0a755b8ed@group-61D96FA8A4D2, cid=247, FAILED org.apache.ratis.protocol.NotLeaderException: Server e0c56373-add1-4904-83f3-08b0a755b8ed@group-61D96FA8A4D2 is not the leader 802f7a56-3ac2-455e-92a2-71244eb20cf7:192.168.36.83:33220, logIndex=0, commits[e0c56373-add1-4904-83f3-08b0a755b8ed:c16, 802f7a56-3ac2-455e-92a2-71244eb20cf7:c16, 9bb405f0-f563-4579-83ea-0bbe163a9fbc:c14]
2019-09-11 20:09:37,402 [java.util.concurrent.ThreadPoolExecutor$Worker@35e4abe9[State = -1, empty queue]] WARN  server.GrpcLogAppender (GrpcLogAppender.java:timeoutAppendRequest(200)) - 802f7a56-3ac2-455e-92a2-71244eb20cf7@group-61D96FA8A4D2->9bb405f0-f563-4579-83ea-0bbe163a9fbc-GrpcLogAppender: appendEntries Timeout, request=802f7a56-3ac2-455e-92a2-71244eb20cf7->9bb405f0-f563-4579-83ea-0bbe163a9fbc#49-t1, previous=(t:1, i:22), leaderCommit=16, initializing? false, entries: <empty>
2019-09-11 20:09:37,402 [java.util.concurrent.ThreadPoolExecutor$Worker@178a595d[State = -1, empty queue]] WARN  server.GrpcLogAppender (GrpcLogAppender.java:timeoutAppendRequest(200)) - 802f7a56-3ac2-455e-92a2-71244eb20cf7@group-61D96FA8A4D2->e0c56373-add1-4904-83f3-08b0a755b8ed-GrpcLogAppender: appendEntries Timeout, request=802f7a56-3ac2-455e-92a2-71244eb20cf7->e0c56373-add1-4904-83f3-08b0a755b8ed#49-t1, previous=(t:1, i:22), leaderCommit=16, initializing? false, entries: <empty>
2019-09-11 20:09:39,508 [e0c56373-add1-4904-83f3-08b0a755b8ed@group-61D96FA8A4D2-SegmentedRaftLogWorker] WARN  segmented.SegmentedRaftLogWorker (SegmentedRaftLogWorker.java:getFromFuture(90)) - Timeout 6/~
org.apache.ratis.protocol.TimeoutIOException: Timeout 10s: WriteLog:18: (t:1, i:18), STATEMACHINELOGENTRY, client-1170F4C7A823, cid=248-writeStateMachineData
	at org.apache.ratis.util.IOUtils.getFromFuture(IOUtils.java:87)
	at org.apache.ratis.server.raftlog.segmented.SegmentedRaftLogWorker$StateMachineDataPolicy.getFromFuture(SegmentedRaftLogWorker.java:87)
	at org.apache.ratis.server.raftlog.segmented.SegmentedRaftLogWorker$WriteLog.execute(SegmentedRaftLogWorker.java:477)
	at org.apache.ratis.server.raftlog.segmented.SegmentedRaftLogWorker.run(SegmentedRaftLogWorker.java:289)
	at java.lang.Thread.run(Thread.java:748)
Caused by: java.util.concurrent.TimeoutException
	at java.util.concurrent.CompletableFuture.timedGet(CompletableFuture.java:1771)
	at java.util.concurrent.CompletableFuture.get(CompletableFuture.java:1915)
	at org.apache.ratis.util.IOUtils.getFromFuture(IOUtils.java:79)
	... 4 more
2019-09-11 20:09:39,523 [9bb405f0-f563-4579-83ea-0bbe163a9fbc@group-61D96FA8A4D2-SegmentedRaftLogWorker] WARN  segmented.SegmentedRaftLogWorker (SegmentedRaftLogWorker.java:getFromFuture(90)) - Timeout 6/~
org.apache.ratis.protocol.TimeoutIOException: Timeout 10s: WriteLog:18: (t:1, i:18), STATEMACHINELOGENTRY, client-1170F4C7A823, cid=248-writeStateMachineData
	at org.apache.ratis.util.IOUtils.getFromFuture(IOUtils.java:87)
	at org.apache.ratis.server.raftlog.segmented.SegmentedRaftLogWorker$StateMachineDataPolicy.getFromFuture(SegmentedRaftLogWorker.java:87)
	at org.apache.ratis.server.raftlog.segmented.SegmentedRaftLogWorker$WriteLog.execute(SegmentedRaftLogWorker.java:477)
	at org.apache.ratis.server.raftlog.segmented.SegmentedRaftLogWorker.run(SegmentedRaftLogWorker.java:289)
	at java.lang.Thread.run(Thread.java:748)
Caused by: java.util.concurrent.TimeoutException
	at java.util.concurrent.CompletableFuture.timedGet(CompletableFuture.java:1771)
	at java.util.concurrent.CompletableFuture.get(CompletableFuture.java:1915)
	at org.apache.ratis.util.IOUtils.getFromFuture(IOUtils.java:79)
	... 4 more
2019-09-11 20:09:39,524 [802f7a56-3ac2-455e-92a2-71244eb20cf7@group-61D96FA8A4D2-SegmentedRaftLogWorker] WARN  segmented.SegmentedRaftLogWorker (SegmentedRaftLogWorker.java:getFromFuture(90)) - Timeout 6/~
org.apache.ratis.protocol.TimeoutIOException: Timeout 10s: WriteLog:18: (t:1, i:18), STATEMACHINELOGENTRY, client-1170F4C7A823, cid=248-writeStateMachineData
	at org.apache.ratis.util.IOUtils.getFromFuture(IOUtils.java:87)
	at org.apache.ratis.server.raftlog.segmented.SegmentedRaftLogWorker$StateMachineDataPolicy.getFromFuture(SegmentedRaftLogWorker.java:87)
	at org.apache.ratis.server.raftlog.segmented.SegmentedRaftLogWorker$WriteLog.execute(SegmentedRaftLogWorker.java:477)
	at org.apache.ratis.server.raftlog.segmented.SegmentedRaftLogWorker.run(SegmentedRaftLogWorker.java:289)
	at java.lang.Thread.run(Thread.java:748)
Caused by: java.util.concurrent.TimeoutException
	at java.util.concurrent.CompletableFuture.timedGet(CompletableFuture.java:1771)
	at java.util.concurrent.CompletableFuture.get(CompletableFuture.java:1915)
	at org.apache.ratis.util.IOUtils.getFromFuture(IOUtils.java:79)
	... 4 more
2019-09-11 20:09:39,902 [java.util.concurrent.ThreadPoolExecutor$Worker@35e4abe9[State = -1, empty queue]] WARN  server.GrpcLogAppender (GrpcLogAppender.java:timeoutAppendRequest(200)) - 802f7a56-3ac2-455e-92a2-71244eb20cf7@group-61D96FA8A4D2->9bb405f0-f563-4579-83ea-0bbe163a9fbc-GrpcLogAppender: appendEntries Timeout, request=802f7a56-3ac2-455e-92a2-71244eb20cf7->9bb405f0-f563-4579-83ea-0bbe163a9fbc#50-t1, previous=(t:1, i:22), leaderCommit=16, initializing? false, entries: <empty>
2019-09-11 20:09:39,903 [java.util.concurrent.ThreadPoolExecutor$Worker@178a595d[State = -1, empty queue]] WARN  server.GrpcLogAppender (GrpcLogAppender.java:timeoutAppendRequest(200)) - 802f7a56-3ac2-455e-92a2-71244eb20cf7@group-61D96FA8A4D2->e0c56373-add1-4904-83f3-08b0a755b8ed-GrpcLogAppender: appendEntries Timeout, request=802f7a56-3ac2-455e-92a2-71244eb20cf7->e0c56373-add1-4904-83f3-08b0a755b8ed#50-t1, previous=(t:1, i:22), leaderCommit=16, initializing? false, entries: <empty>
2019-09-11 20:09:39,989 [grpc-default-executor-1] INFO  client.GrpcClientProtocolClient (GrpcClientProtocolClient.java:onNext(264)) - client-1170F4C7A823->e0c56373-add1-4904-83f3-08b0a755b8ed: receive RaftClientReply:client-1170F4C7A823->e0c56373-add1-4904-83f3-08b0a755b8ed@group-61D96FA8A4D2, cid=247, FAILED org.apache.ratis.protocol.NotLeaderException: Server e0c56373-add1-4904-83f3-08b0a755b8ed@group-61D96FA8A4D2 is not the leader 802f7a56-3ac2-455e-92a2-71244eb20cf7:192.168.36.83:33220, logIndex=0, commits[e0c56373-add1-4904-83f3-08b0a755b8ed:c16, 802f7a56-3ac2-455e-92a2-71244eb20cf7:c16, 9bb405f0-f563-4579-83ea-0bbe163a9fbc:c14]
2019-09-11 20:09:42,402 [java.util.concurrent.ThreadPoolExecutor$Worker@35e4abe9[State = -1, empty queue]] WARN  server.GrpcLogAppender (GrpcLogAppender.java:timeoutAppendRequest(200)) - 802f7a56-3ac2-455e-92a2-71244eb20cf7@group-61D96FA8A4D2->9bb405f0-f563-4579-83ea-0bbe163a9fbc-GrpcLogAppender: appendEntries Timeout, request=802f7a56-3ac2-455e-92a2-71244eb20cf7->9bb405f0-f563-4579-83ea-0bbe163a9fbc#51-t1, previous=(t:1, i:22), leaderCommit=16, initializing? false, entries: <empty>
2019-09-11 20:09:42,403 [java.util.concurrent.ThreadPoolExecutor$Worker@178a595d[State = -1, empty queue]] WARN  server.GrpcLogAppender (GrpcLogAppender.java:timeoutAppendRequest(200)) - 802f7a56-3ac2-455e-92a2-71244eb20cf7@group-61D96FA8A4D2->e0c56373-add1-4904-83f3-08b0a755b8ed-GrpcLogAppender: appendEntries Timeout, request=802f7a56-3ac2-455e-92a2-71244eb20cf7->e0c56373-add1-4904-83f3-08b0a755b8ed#51-t1, previous=(t:1, i:22), leaderCommit=16, initializing? false, entries: <empty>
2019-09-11 20:09:44,903 [java.util.concurrent.ThreadPoolExecutor$Worker@35e4abe9[State = -1, empty queue]] WARN  server.GrpcLogAppender (GrpcLogAppender.java:timeoutAppendRequest(200)) - 802f7a56-3ac2-455e-92a2-71244eb20cf7@group-61D96FA8A4D2->9bb405f0-f563-4579-83ea-0bbe163a9fbc-GrpcLogAppender: appendEntries Timeout, request=802f7a56-3ac2-455e-92a2-71244eb20cf7->9bb405f0-f563-4579-83ea-0bbe163a9fbc#52-t1, previous=(t:1, i:22), leaderCommit=16, initializing? false, entries: <empty>
2019-09-11 20:09:44,903 [java.util.concurrent.ThreadPoolExecutor$Worker@178a595d[State = -1, empty queue]] WARN  server.GrpcLogAppender (GrpcLogAppender.java:timeoutAppendRequest(200)) - 802f7a56-3ac2-455e-92a2-71244eb20cf7@group-61D96FA8A4D2->e0c56373-add1-4904-83f3-08b0a755b8ed-GrpcLogAppender: appendEntries Timeout, request=802f7a56-3ac2-455e-92a2-71244eb20cf7->e0c56373-add1-4904-83f3-08b0a755b8ed#52-t1, previous=(t:1, i:22), leaderCommit=16, initializing? false, entries: <empty>
2019-09-11 20:09:45,032 [grpc-default-executor-1] INFO  client.GrpcClientProtocolClient (GrpcClientProtocolClient.java:onNext(264)) - client-1170F4C7A823->9bb405f0-f563-4579-83ea-0bbe163a9fbc: receive RaftClientReply:client-1170F4C7A823->9bb405f0-f563-4579-83ea-0bbe163a9fbc@group-61D96FA8A4D2, cid=247, FAILED org.apache.ratis.protocol.NotLeaderException: Server 9bb405f0-f563-4579-83ea-0bbe163a9fbc@group-61D96FA8A4D2 is not the leader 802f7a56-3ac2-455e-92a2-71244eb20cf7:192.168.36.83:33220, logIndex=0, commits[9bb405f0-f563-4579-83ea-0bbe163a9fbc:c16, 802f7a56-3ac2-455e-92a2-71244eb20cf7:c16, e0c56373-add1-4904-83f3-08b0a755b8ed:c14]
2019-09-11 20:09:47,403 [java.util.concurrent.ThreadPoolExecutor$Worker@35e4abe9[State = -1, empty queue]] WARN  server.GrpcLogAppender (GrpcLogAppender.java:timeoutAppendRequest(200)) - 802f7a56-3ac2-455e-92a2-71244eb20cf7@group-61D96FA8A4D2->9bb405f0-f563-4579-83ea-0bbe163a9fbc-GrpcLogAppender: appendEntries Timeout, request=802f7a56-3ac2-455e-92a2-71244eb20cf7->9bb405f0-f563-4579-83ea-0bbe163a9fbc#53-t1, previous=(t:1, i:22), leaderCommit=16, initializing? false, entries: <empty>
2019-09-11 20:09:47,404 [java.util.concurrent.ThreadPoolExecutor$Worker@178a595d[State = -1, empty queue]] WARN  server.GrpcLogAppender (GrpcLogAppender.java:timeoutAppendRequest(200)) - 802f7a56-3ac2-455e-92a2-71244eb20cf7@group-61D96FA8A4D2->e0c56373-add1-4904-83f3-08b0a755b8ed-GrpcLogAppender: appendEntries Timeout, request=802f7a56-3ac2-455e-92a2-71244eb20cf7->e0c56373-add1-4904-83f3-08b0a755b8ed#53-t1, previous=(t:1, i:22), leaderCommit=16, initializing? false, entries: <empty>
2019-09-11 20:09:49,510 [e0c56373-add1-4904-83f3-08b0a755b8ed@group-61D96FA8A4D2-SegmentedRaftLogWorker] WARN  segmented.SegmentedRaftLogWorker (SegmentedRaftLogWorker.java:getFromFuture(90)) - Timeout 7/~
org.apache.ratis.protocol.TimeoutIOException: Timeout 10s: WriteLog:18: (t:1, i:18), STATEMACHINELOGENTRY, client-1170F4C7A823, cid=248-writeStateMachineData
	at org.apache.ratis.util.IOUtils.getFromFuture(IOUtils.java:87)
	at org.apache.ratis.server.raftlog.segmented.SegmentedRaftLogWorker$StateMachineDataPolicy.getFromFuture(SegmentedRaftLogWorker.java:87)
	at org.apache.ratis.server.raftlog.segmented.SegmentedRaftLogWorker$WriteLog.execute(SegmentedRaftLogWorker.java:477)
	at org.apache.ratis.server.raftlog.segmented.SegmentedRaftLogWorker.run(SegmentedRaftLogWorker.java:289)
	at java.lang.Thread.run(Thread.java:748)
Caused by: java.util.concurrent.TimeoutException
	at java.util.concurrent.CompletableFuture.timedGet(CompletableFuture.java:1771)
	at java.util.concurrent.CompletableFuture.get(CompletableFuture.java:1915)
	at org.apache.ratis.util.IOUtils.getFromFuture(IOUtils.java:79)
	... 4 more
2019-09-11 20:09:49,524 [9bb405f0-f563-4579-83ea-0bbe163a9fbc@group-61D96FA8A4D2-SegmentedRaftLogWorker] WARN  segmented.SegmentedRaftLogWorker (SegmentedRaftLogWorker.java:getFromFuture(90)) - Timeout 7/~
org.apache.ratis.protocol.TimeoutIOException: Timeout 10s: WriteLog:18: (t:1, i:18), STATEMACHINELOGENTRY, client-1170F4C7A823, cid=248-writeStateMachineData
	at org.apache.ratis.util.IOUtils.getFromFuture(IOUtils.java:87)
	at org.apache.ratis.server.raftlog.segmented.SegmentedRaftLogWorker$StateMachineDataPolicy.getFromFuture(SegmentedRaftLogWorker.java:87)
	at org.apache.ratis.server.raftlog.segmented.SegmentedRaftLogWorker$WriteLog.execute(SegmentedRaftLogWorker.java:477)
	at org.apache.ratis.server.raftlog.segmented.SegmentedRaftLogWorker.run(SegmentedRaftLogWorker.java:289)
	at java.lang.Thread.run(Thread.java:748)
Caused by: java.util.concurrent.TimeoutException
	at java.util.concurrent.CompletableFuture.timedGet(CompletableFuture.java:1771)
	at java.util.concurrent.CompletableFuture.get(CompletableFuture.java:1915)
	at org.apache.ratis.util.IOUtils.getFromFuture(IOUtils.java:79)
	... 4 more
2019-09-11 20:09:49,525 [802f7a56-3ac2-455e-92a2-71244eb20cf7@group-61D96FA8A4D2-SegmentedRaftLogWorker] WARN  segmented.SegmentedRaftLogWorker (SegmentedRaftLogWorker.java:getFromFuture(90)) - Timeout 7/~
org.apache.ratis.protocol.TimeoutIOException: Timeout 10s: WriteLog:18: (t:1, i:18), STATEMACHINELOGENTRY, client-1170F4C7A823, cid=248-writeStateMachineData
	at org.apache.ratis.util.IOUtils.getFromFuture(IOUtils.java:87)
	at org.apache.ratis.server.raftlog.segmented.SegmentedRaftLogWorker$StateMachineDataPolicy.getFromFuture(SegmentedRaftLogWorker.java:87)
	at org.apache.ratis.server.raftlog.segmented.SegmentedRaftLogWorker$WriteLog.execute(SegmentedRaftLogWorker.java:477)
	at org.apache.ratis.server.raftlog.segmented.SegmentedRaftLogWorker.run(SegmentedRaftLogWorker.java:289)
	at java.lang.Thread.run(Thread.java:748)
Caused by: java.util.concurrent.TimeoutException
	at java.util.concurrent.CompletableFuture.timedGet(CompletableFuture.java:1771)
	at java.util.concurrent.CompletableFuture.get(CompletableFuture.java:1915)
	at org.apache.ratis.util.IOUtils.getFromFuture(IOUtils.java:79)
	... 4 more
2019-09-11 20:09:49,903 [java.util.concurrent.ThreadPoolExecutor$Worker@35e4abe9[State = -1, empty queue]] WARN  server.GrpcLogAppender (GrpcLogAppender.java:timeoutAppendRequest(200)) - 802f7a56-3ac2-455e-92a2-71244eb20cf7@group-61D96FA8A4D2->9bb405f0-f563-4579-83ea-0bbe163a9fbc-GrpcLogAppender: appendEntries Timeout, request=802f7a56-3ac2-455e-92a2-71244eb20cf7->9bb405f0-f563-4579-83ea-0bbe163a9fbc#54-t1, previous=(t:1, i:22), leaderCommit=16, initializing? false, entries: <empty>
2019-09-11 20:09:49,904 [java.util.concurrent.ThreadPoolExecutor$Worker@178a595d[State = -1, empty queue]] WARN  server.GrpcLogAppender (GrpcLogAppender.java:timeoutAppendRequest(200)) - 802f7a56-3ac2-455e-92a2-71244eb20cf7@group-61D96FA8A4D2->e0c56373-add1-4904-83f3-08b0a755b8ed-GrpcLogAppender: appendEntries Timeout, request=802f7a56-3ac2-455e-92a2-71244eb20cf7->e0c56373-add1-4904-83f3-08b0a755b8ed#54-t1, previous=(t:1, i:22), leaderCommit=16, initializing? false, entries: <empty>
2019-09-11 20:09:50,083 [grpc-default-executor-1] INFO  client.GrpcClientProtocolClient (GrpcClientProtocolClient.java:onNext(264)) - client-1170F4C7A823->9bb405f0-f563-4579-83ea-0bbe163a9fbc: receive RaftClientReply:client-1170F4C7A823->9bb405f0-f563-4579-83ea-0bbe163a9fbc@group-61D96FA8A4D2, cid=247, FAILED org.apache.ratis.protocol.NotLeaderException: Server 9bb405f0-f563-4579-83ea-0bbe163a9fbc@group-61D96FA8A4D2 is not the leader 802f7a56-3ac2-455e-92a2-71244eb20cf7:192.168.36.83:33220, logIndex=0, commits[9bb405f0-f563-4579-83ea-0bbe163a9fbc:c16, 802f7a56-3ac2-455e-92a2-71244eb20cf7:c16, e0c56373-add1-4904-83f3-08b0a755b8ed:c14]
2019-09-11 20:09:52,403 [java.util.concurrent.ThreadPoolExecutor$Worker@35e4abe9[State = -1, empty queue]] WARN  server.GrpcLogAppender (GrpcLogAppender.java:timeoutAppendRequest(200)) - 802f7a56-3ac2-455e-92a2-71244eb20cf7@group-61D96FA8A4D2->9bb405f0-f563-4579-83ea-0bbe163a9fbc-GrpcLogAppender: appendEntries Timeout, request=802f7a56-3ac2-455e-92a2-71244eb20cf7->9bb405f0-f563-4579-83ea-0bbe163a9fbc#55-t1, previous=(t:1, i:22), leaderCommit=16, initializing? false, entries: <empty>
2019-09-11 20:09:52,404 [java.util.concurrent.ThreadPoolExecutor$Worker@178a595d[State = -1, empty queue]] WARN  server.GrpcLogAppender (GrpcLogAppender.java:timeoutAppendRequest(200)) - 802f7a56-3ac2-455e-92a2-71244eb20cf7@group-61D96FA8A4D2->e0c56373-add1-4904-83f3-08b0a755b8ed-GrpcLogAppender: appendEntries Timeout, request=802f7a56-3ac2-455e-92a2-71244eb20cf7->e0c56373-add1-4904-83f3-08b0a755b8ed#55-t1, previous=(t:1, i:22), leaderCommit=16, initializing? false, entries: <empty>
2019-09-11 20:09:54,904 [java.util.concurrent.ThreadPoolExecutor$Worker@35e4abe9[State = -1, empty queue]] WARN  server.GrpcLogAppender (GrpcLogAppender.java:timeoutAppendRequest(200)) - 802f7a56-3ac2-455e-92a2-71244eb20cf7@group-61D96FA8A4D2->9bb405f0-f563-4579-83ea-0bbe163a9fbc-GrpcLogAppender: appendEntries Timeout, request=802f7a56-3ac2-455e-92a2-71244eb20cf7->9bb405f0-f563-4579-83ea-0bbe163a9fbc#56-t1, previous=(t:1, i:22), leaderCommit=16, initializing? false, entries: <empty>
2019-09-11 20:09:54,905 [java.util.concurrent.ThreadPoolExecutor$Worker@178a595d[State = -1, empty queue]] WARN  server.GrpcLogAppender (GrpcLogAppender.java:timeoutAppendRequest(200)) - 802f7a56-3ac2-455e-92a2-71244eb20cf7@group-61D96FA8A4D2->e0c56373-add1-4904-83f3-08b0a755b8ed-GrpcLogAppender: appendEntries Timeout, request=802f7a56-3ac2-455e-92a2-71244eb20cf7->e0c56373-add1-4904-83f3-08b0a755b8ed#56-t1, previous=(t:1, i:22), leaderCommit=16, initializing? false, entries: <empty>
2019-09-11 20:09:55,136 [grpc-default-executor-11] INFO  client.GrpcClientProtocolClient (GrpcClientProtocolClient.java:onNext(264)) - client-1170F4C7A823->9bb405f0-f563-4579-83ea-0bbe163a9fbc: receive RaftClientReply:client-1170F4C7A823->9bb405f0-f563-4579-83ea-0bbe163a9fbc@group-61D96FA8A4D2, cid=247, FAILED org.apache.ratis.protocol.NotLeaderException: Server 9bb405f0-f563-4579-83ea-0bbe163a9fbc@group-61D96FA8A4D2 is not the leader 802f7a56-3ac2-455e-92a2-71244eb20cf7:192.168.36.83:33220, logIndex=0, commits[9bb405f0-f563-4579-83ea-0bbe163a9fbc:c16, 802f7a56-3ac2-455e-92a2-71244eb20cf7:c16, e0c56373-add1-4904-83f3-08b0a755b8ed:c14]
2019-09-11 20:09:57,404 [java.util.concurrent.ThreadPoolExecutor$Worker@35e4abe9[State = -1, empty queue]] WARN  server.GrpcLogAppender (GrpcLogAppender.java:timeoutAppendRequest(200)) - 802f7a56-3ac2-455e-92a2-71244eb20cf7@group-61D96FA8A4D2->9bb405f0-f563-4579-83ea-0bbe163a9fbc-GrpcLogAppender: appendEntries Timeout, request=802f7a56-3ac2-455e-92a2-71244eb20cf7->9bb405f0-f563-4579-83ea-0bbe163a9fbc#57-t1, previous=(t:1, i:22), leaderCommit=16, initializing? false, entries: <empty>
2019-09-11 20:09:57,405 [java.util.concurrent.ThreadPoolExecutor$Worker@178a595d[State = -1, empty queue]] WARN  server.GrpcLogAppender (GrpcLogAppender.java:timeoutAppendRequest(200)) - 802f7a56-3ac2-455e-92a2-71244eb20cf7@group-61D96FA8A4D2->e0c56373-add1-4904-83f3-08b0a755b8ed-GrpcLogAppender: appendEntries Timeout, request=802f7a56-3ac2-455e-92a2-71244eb20cf7->e0c56373-add1-4904-83f3-08b0a755b8ed#57-t1, previous=(t:1, i:22), leaderCommit=16, initializing? false, entries: <empty>
2019-09-11 20:09:59,511 [e0c56373-add1-4904-83f3-08b0a755b8ed@group-61D96FA8A4D2-SegmentedRaftLogWorker] WARN  segmented.SegmentedRaftLogWorker (SegmentedRaftLogWorker.java:getFromFuture(90)) - Timeout 8/~
org.apache.ratis.protocol.TimeoutIOException: Timeout 10s: WriteLog:18: (t:1, i:18), STATEMACHINELOGENTRY, client-1170F4C7A823, cid=248-writeStateMachineData
	at org.apache.ratis.util.IOUtils.getFromFuture(IOUtils.java:87)
	at org.apache.ratis.server.raftlog.segmented.SegmentedRaftLogWorker$StateMachineDataPolicy.getFromFuture(SegmentedRaftLogWorker.java:87)
	at org.apache.ratis.server.raftlog.segmented.SegmentedRaftLogWorker$WriteLog.execute(SegmentedRaftLogWorker.java:477)
	at org.apache.ratis.server.raftlog.segmented.SegmentedRaftLogWorker.run(SegmentedRaftLogWorker.java:289)
	at java.lang.Thread.run(Thread.java:748)
Caused by: java.util.concurrent.TimeoutException
	at java.util.concurrent.CompletableFuture.timedGet(CompletableFuture.java:1771)
	at java.util.concurrent.CompletableFuture.get(CompletableFuture.java:1915)
	at org.apache.ratis.util.IOUtils.getFromFuture(IOUtils.java:79)
	... 4 more
2019-09-11 20:09:59,525 [9bb405f0-f563-4579-83ea-0bbe163a9fbc@group-61D96FA8A4D2-SegmentedRaftLogWorker] WARN  segmented.SegmentedRaftLogWorker (SegmentedRaftLogWorker.java:getFromFuture(90)) - Timeout 8/~
org.apache.ratis.protocol.TimeoutIOException: Timeout 10s: WriteLog:18: (t:1, i:18), STATEMACHINELOGENTRY, client-1170F4C7A823, cid=248-writeStateMachineData
	at org.apache.ratis.util.IOUtils.getFromFuture(IOUtils.java:87)
	at org.apache.ratis.server.raftlog.segmented.SegmentedRaftLogWorker$StateMachineDataPolicy.getFromFuture(SegmentedRaftLogWorker.java:87)
	at org.apache.ratis.server.raftlog.segmented.SegmentedRaftLogWorker$WriteLog.execute(SegmentedRaftLogWorker.java:477)
	at org.apache.ratis.server.raftlog.segmented.SegmentedRaftLogWorker.run(SegmentedRaftLogWorker.java:289)
	at java.lang.Thread.run(Thread.java:748)
Caused by: java.util.concurrent.TimeoutException
	at java.util.concurrent.CompletableFuture.timedGet(CompletableFuture.java:1771)
	at java.util.concurrent.CompletableFuture.get(CompletableFuture.java:1915)
	at org.apache.ratis.util.IOUtils.getFromFuture(IOUtils.java:79)
	... 4 more
2019-09-11 20:09:59,525 [802f7a56-3ac2-455e-92a2-71244eb20cf7@group-61D96FA8A4D2-SegmentedRaftLogWorker] WARN  segmented.SegmentedRaftLogWorker (SegmentedRaftLogWorker.java:getFromFuture(90)) - Timeout 8/~
org.apache.ratis.protocol.TimeoutIOException: Timeout 10s: WriteLog:18: (t:1, i:18), STATEMACHINELOGENTRY, client-1170F4C7A823, cid=248-writeStateMachineData
	at org.apache.ratis.util.IOUtils.getFromFuture(IOUtils.java:87)
	at org.apache.ratis.server.raftlog.segmented.SegmentedRaftLogWorker$StateMachineDataPolicy.getFromFuture(SegmentedRaftLogWorker.java:87)
	at org.apache.ratis.server.raftlog.segmented.SegmentedRaftLogWorker$WriteLog.execute(SegmentedRaftLogWorker.java:477)
	at org.apache.ratis.server.raftlog.segmented.SegmentedRaftLogWorker.run(SegmentedRaftLogWorker.java:289)
	at java.lang.Thread.run(Thread.java:748)
Caused by: java.util.concurrent.TimeoutException
	at java.util.concurrent.CompletableFuture.timedGet(CompletableFuture.java:1771)
	at java.util.concurrent.CompletableFuture.get(CompletableFuture.java:1915)
	at org.apache.ratis.util.IOUtils.getFromFuture(IOUtils.java:79)
	... 4 more
2019-09-11 20:09:59,904 [java.util.concurrent.ThreadPoolExecutor$Worker@35e4abe9[State = -1, empty queue]] WARN  server.GrpcLogAppender (GrpcLogAppender.java:timeoutAppendRequest(200)) - 802f7a56-3ac2-455e-92a2-71244eb20cf7@group-61D96FA8A4D2->9bb405f0-f563-4579-83ea-0bbe163a9fbc-GrpcLogAppender: appendEntries Timeout, request=802f7a56-3ac2-455e-92a2-71244eb20cf7->9bb405f0-f563-4579-83ea-0bbe163a9fbc#58-t1, previous=(t:1, i:22), leaderCommit=16, initializing? false, entries: <empty>
2019-09-11 20:09:59,905 [java.util.concurrent.ThreadPoolExecutor$Worker@178a595d[State = -1, empty queue]] WARN  server.GrpcLogAppender (GrpcLogAppender.java:timeoutAppendRequest(200)) - 802f7a56-3ac2-455e-92a2-71244eb20cf7@group-61D96FA8A4D2->e0c56373-add1-4904-83f3-08b0a755b8ed-GrpcLogAppender: appendEntries Timeout, request=802f7a56-3ac2-455e-92a2-71244eb20cf7->e0c56373-add1-4904-83f3-08b0a755b8ed#58-t1, previous=(t:1, i:22), leaderCommit=16, initializing? false, entries: <empty>
2019-09-11 20:10:00,182 [grpc-default-executor-1] INFO  client.GrpcClientProtocolClient (GrpcClientProtocolClient.java:onNext(264)) - client-1170F4C7A823->9bb405f0-f563-4579-83ea-0bbe163a9fbc: receive RaftClientReply:client-1170F4C7A823->9bb405f0-f563-4579-83ea-0bbe163a9fbc@group-61D96FA8A4D2, cid=247, FAILED org.apache.ratis.protocol.NotLeaderException: Server 9bb405f0-f563-4579-83ea-0bbe163a9fbc@group-61D96FA8A4D2 is not the leader 802f7a56-3ac2-455e-92a2-71244eb20cf7:192.168.36.83:33220, logIndex=0, commits[9bb405f0-f563-4579-83ea-0bbe163a9fbc:c16, 802f7a56-3ac2-455e-92a2-71244eb20cf7:c16, e0c56373-add1-4904-83f3-08b0a755b8ed:c14]
2019-09-11 20:10:02,404 [java.util.concurrent.ThreadPoolExecutor$Worker@35e4abe9[State = -1, empty queue]] WARN  server.GrpcLogAppender (GrpcLogAppender.java:timeoutAppendRequest(200)) - 802f7a56-3ac2-455e-92a2-71244eb20cf7@group-61D96FA8A4D2->9bb405f0-f563-4579-83ea-0bbe163a9fbc-GrpcLogAppender: appendEntries Timeout, request=802f7a56-3ac2-455e-92a2-71244eb20cf7->9bb405f0-f563-4579-83ea-0bbe163a9fbc#59-t1, previous=(t:1, i:22), leaderCommit=16, initializing? false, entries: <empty>
2019-09-11 20:10:02,405 [java.util.concurrent.ThreadPoolExecutor$Worker@178a595d[State = -1, empty queue]] WARN  server.GrpcLogAppender (GrpcLogAppender.java:timeoutAppendRequest(200)) - 802f7a56-3ac2-455e-92a2-71244eb20cf7@group-61D96FA8A4D2->e0c56373-add1-4904-83f3-08b0a755b8ed-GrpcLogAppender: appendEntries Timeout, request=802f7a56-3ac2-455e-92a2-71244eb20cf7->e0c56373-add1-4904-83f3-08b0a755b8ed#59-t1, previous=(t:1, i:22), leaderCommit=16, initializing? false, entries: <empty>
2019-09-11 20:10:04,905 [java.util.concurrent.ThreadPoolExecutor$Worker@35e4abe9[State = -1, empty queue]] WARN  server.GrpcLogAppender (GrpcLogAppender.java:timeoutAppendRequest(200)) - 802f7a56-3ac2-455e-92a2-71244eb20cf7@group-61D96FA8A4D2->9bb405f0-f563-4579-83ea-0bbe163a9fbc-GrpcLogAppender: appendEntries Timeout, request=802f7a56-3ac2-455e-92a2-71244eb20cf7->9bb405f0-f563-4579-83ea-0bbe163a9fbc#60-t1, previous=(t:1, i:22), leaderCommit=16, initializing? false, entries: <empty>
2019-09-11 20:10:04,906 [java.util.concurrent.ThreadPoolExecutor$Worker@178a595d[State = -1, empty queue]] WARN  server.GrpcLogAppender (GrpcLogAppender.java:timeoutAppendRequest(200)) - 802f7a56-3ac2-455e-92a2-71244eb20cf7@group-61D96FA8A4D2->e0c56373-add1-4904-83f3-08b0a755b8ed-GrpcLogAppender: appendEntries Timeout, request=802f7a56-3ac2-455e-92a2-71244eb20cf7->e0c56373-add1-4904-83f3-08b0a755b8ed#60-t1, previous=(t:1, i:22), leaderCommit=16, initializing? false, entries: <empty>
2019-09-11 20:10:05,234 [grpc-default-executor-6] INFO  client.GrpcClientProtocolClient (GrpcClientProtocolClient.java:onNext(264)) - client-1170F4C7A823->e0c56373-add1-4904-83f3-08b0a755b8ed: receive RaftClientReply:client-1170F4C7A823->e0c56373-add1-4904-83f3-08b0a755b8ed@group-61D96FA8A4D2, cid=247, FAILED org.apache.ratis.protocol.NotLeaderException: Server e0c56373-add1-4904-83f3-08b0a755b8ed@group-61D96FA8A4D2 is not the leader 802f7a56-3ac2-455e-92a2-71244eb20cf7:192.168.36.83:33220, logIndex=0, commits[e0c56373-add1-4904-83f3-08b0a755b8ed:c16, 802f7a56-3ac2-455e-92a2-71244eb20cf7:c16, 9bb405f0-f563-4579-83ea-0bbe163a9fbc:c14]
2019-09-11 20:10:07,405 [java.util.concurrent.ThreadPoolExecutor$Worker@35e4abe9[State = -1, empty queue]] WARN  server.GrpcLogAppender (GrpcLogAppender.java:timeoutAppendRequest(200)) - 802f7a56-3ac2-455e-92a2-71244eb20cf7@group-61D96FA8A4D2->9bb405f0-f563-4579-83ea-0bbe163a9fbc-GrpcLogAppender: appendEntries Timeout, request=802f7a56-3ac2-455e-92a2-71244eb20cf7->9bb405f0-f563-4579-83ea-0bbe163a9fbc#61-t1, previous=(t:1, i:22), leaderCommit=16, initializing? false, entries: <empty>
2019-09-11 20:10:07,406 [java.util.concurrent.ThreadPoolExecutor$Worker@178a595d[State = -1, empty queue]] WARN  server.GrpcLogAppender (GrpcLogAppender.java:timeoutAppendRequest(200)) - 802f7a56-3ac2-455e-92a2-71244eb20cf7@group-61D96FA8A4D2->e0c56373-add1-4904-83f3-08b0a755b8ed-GrpcLogAppender: appendEntries Timeout, request=802f7a56-3ac2-455e-92a2-71244eb20cf7->e0c56373-add1-4904-83f3-08b0a755b8ed#61-t1, previous=(t:1, i:22), leaderCommit=16, initializing? false, entries: <empty>
2019-09-11 20:10:09,513 [e0c56373-add1-4904-83f3-08b0a755b8ed@group-61D96FA8A4D2-SegmentedRaftLogWorker] WARN  segmented.SegmentedRaftLogWorker (SegmentedRaftLogWorker.java:getFromFuture(90)) - Timeout 9/~
org.apache.ratis.protocol.TimeoutIOException: Timeout 10s: WriteLog:18: (t:1, i:18), STATEMACHINELOGENTRY, client-1170F4C7A823, cid=248-writeStateMachineData
	at org.apache.ratis.util.IOUtils.getFromFuture(IOUtils.java:87)
	at org.apache.ratis.server.raftlog.segmented.SegmentedRaftLogWorker$StateMachineDataPolicy.getFromFuture(SegmentedRaftLogWorker.java:87)
	at org.apache.ratis.server.raftlog.segmented.SegmentedRaftLogWorker$WriteLog.execute(SegmentedRaftLogWorker.java:477)
	at org.apache.ratis.server.raftlog.segmented.SegmentedRaftLogWorker.run(SegmentedRaftLogWorker.java:289)
	at java.lang.Thread.run(Thread.java:748)
Caused by: java.util.concurrent.TimeoutException
	at java.util.concurrent.CompletableFuture.timedGet(CompletableFuture.java:1771)
	at java.util.concurrent.CompletableFuture.get(CompletableFuture.java:1915)
	at org.apache.ratis.util.IOUtils.getFromFuture(IOUtils.java:79)
	... 4 more
2019-09-11 20:10:09,526 [9bb405f0-f563-4579-83ea-0bbe163a9fbc@group-61D96FA8A4D2-SegmentedRaftLogWorker] WARN  segmented.SegmentedRaftLogWorker (SegmentedRaftLogWorker.java:getFromFuture(90)) - Timeout 9/~
org.apache.ratis.protocol.TimeoutIOException: Timeout 10s: WriteLog:18: (t:1, i:18), STATEMACHINELOGENTRY, client-1170F4C7A823, cid=248-writeStateMachineData
	at org.apache.ratis.util.IOUtils.getFromFuture(IOUtils.java:87)
	at org.apache.ratis.server.raftlog.segmented.SegmentedRaftLogWorker$StateMachineDataPolicy.getFromFuture(SegmentedRaftLogWorker.java:87)
	at org.apache.ratis.server.raftlog.segmented.SegmentedRaftLogWorker$WriteLog.execute(SegmentedRaftLogWorker.java:477)
	at org.apache.ratis.server.raftlog.segmented.SegmentedRaftLogWorker.run(SegmentedRaftLogWorker.java:289)
	at java.lang.Thread.run(Thread.java:748)
Caused by: java.util.concurrent.TimeoutException
	at java.util.concurrent.CompletableFuture.timedGet(CompletableFuture.java:1771)
	at java.util.concurrent.CompletableFuture.get(CompletableFuture.java:1915)
	at org.apache.ratis.util.IOUtils.getFromFuture(IOUtils.java:79)
	... 4 more
2019-09-11 20:10:09,526 [802f7a56-3ac2-455e-92a2-71244eb20cf7@group-61D96FA8A4D2-SegmentedRaftLogWorker] WARN  segmented.SegmentedRaftLogWorker (SegmentedRaftLogWorker.java:getFromFuture(90)) - Timeout 9/~
org.apache.ratis.protocol.TimeoutIOException: Timeout 10s: WriteLog:18: (t:1, i:18), STATEMACHINELOGENTRY, client-1170F4C7A823, cid=248-writeStateMachineData
	at org.apache.ratis.util.IOUtils.getFromFuture(IOUtils.java:87)
	at org.apache.ratis.server.raftlog.segmented.SegmentedRaftLogWorker$StateMachineDataPolicy.getFromFuture(SegmentedRaftLogWorker.java:87)
	at org.apache.ratis.server.raftlog.segmented.SegmentedRaftLogWorker$WriteLog.execute(SegmentedRaftLogWorker.java:477)
	at org.apache.ratis.server.raftlog.segmented.SegmentedRaftLogWorker.run(SegmentedRaftLogWorker.java:289)
	at java.lang.Thread.run(Thread.java:748)
Caused by: java.util.concurrent.TimeoutException
	at java.util.concurrent.CompletableFuture.timedGet(CompletableFuture.java:1771)
	at java.util.concurrent.CompletableFuture.get(CompletableFuture.java:1915)
	at org.apache.ratis.util.IOUtils.getFromFuture(IOUtils.java:79)
	... 4 more
2019-09-11 20:10:09,905 [java.util.concurrent.ThreadPoolExecutor$Worker@35e4abe9[State = -1, empty queue]] WARN  server.GrpcLogAppender (GrpcLogAppender.java:timeoutAppendRequest(200)) - 802f7a56-3ac2-455e-92a2-71244eb20cf7@group-61D96FA8A4D2->9bb405f0-f563-4579-83ea-0bbe163a9fbc-GrpcLogAppender: appendEntries Timeout, request=802f7a56-3ac2-455e-92a2-71244eb20cf7->9bb405f0-f563-4579-83ea-0bbe163a9fbc#62-t1, previous=(t:1, i:22), leaderCommit=16, initializing? false, entries: <empty>
2019-09-11 20:10:09,906 [java.util.concurrent.ThreadPoolExecutor$Worker@178a595d[State = -1, empty queue]] WARN  server.GrpcLogAppender (GrpcLogAppender.java:timeoutAppendRequest(200)) - 802f7a56-3ac2-455e-92a2-71244eb20cf7@group-61D96FA8A4D2->e0c56373-add1-4904-83f3-08b0a755b8ed-GrpcLogAppender: appendEntries Timeout, request=802f7a56-3ac2-455e-92a2-71244eb20cf7->e0c56373-add1-4904-83f3-08b0a755b8ed#62-t1, previous=(t:1, i:22), leaderCommit=16, initializing? false, entries: <empty>
2019-09-11 20:10:10,275 [grpc-default-executor-1] INFO  client.GrpcClientProtocolClient (GrpcClientProtocolClient.java:onNext(264)) - client-1170F4C7A823->e0c56373-add1-4904-83f3-08b0a755b8ed: receive RaftClientReply:client-1170F4C7A823->e0c56373-add1-4904-83f3-08b0a755b8ed@group-61D96FA8A4D2, cid=247, FAILED org.apache.ratis.protocol.NotLeaderException: Server e0c56373-add1-4904-83f3-08b0a755b8ed@group-61D96FA8A4D2 is not the leader 802f7a56-3ac2-455e-92a2-71244eb20cf7:192.168.36.83:33220, logIndex=0, commits[e0c56373-add1-4904-83f3-08b0a755b8ed:c16, 802f7a56-3ac2-455e-92a2-71244eb20cf7:c16, 9bb405f0-f563-4579-83ea-0bbe163a9fbc:c14]
2019-09-11 20:10:12,405 [java.util.concurrent.ThreadPoolExecutor$Worker@35e4abe9[State = -1, empty queue]] WARN  server.GrpcLogAppender (GrpcLogAppender.java:timeoutAppendRequest(200)) - 802f7a56-3ac2-455e-92a2-71244eb20cf7@group-61D96FA8A4D2->9bb405f0-f563-4579-83ea-0bbe163a9fbc-GrpcLogAppender: appendEntries Timeout, request=802f7a56-3ac2-455e-92a2-71244eb20cf7->9bb405f0-f563-4579-83ea-0bbe163a9fbc#63-t1, previous=(t:1, i:22), leaderCommit=16, initializing? false, entries: <empty>
2019-09-11 20:10:12,406 [java.util.concurrent.ThreadPoolExecutor$Worker@178a595d[State = -1, empty queue]] WARN  server.GrpcLogAppender (GrpcLogAppender.java:timeoutAppendRequest(200)) - 802f7a56-3ac2-455e-92a2-71244eb20cf7@group-61D96FA8A4D2->e0c56373-add1-4904-83f3-08b0a755b8ed-GrpcLogAppender: appendEntries Timeout, request=802f7a56-3ac2-455e-92a2-71244eb20cf7->e0c56373-add1-4904-83f3-08b0a755b8ed#63-t1, previous=(t:1, i:22), leaderCommit=16, initializing? false, entries: <empty>
2019-09-11 20:10:14,905 [java.util.concurrent.ThreadPoolExecutor$Worker@35e4abe9[State = -1, empty queue]] WARN  server.GrpcLogAppender (GrpcLogAppender.java:timeoutAppendRequest(200)) - 802f7a56-3ac2-455e-92a2-71244eb20cf7@group-61D96FA8A4D2->9bb405f0-f563-4579-83ea-0bbe163a9fbc-GrpcLogAppender: appendEntries Timeout, request=802f7a56-3ac2-455e-92a2-71244eb20cf7->9bb405f0-f563-4579-83ea-0bbe163a9fbc#64-t1, previous=(t:1, i:22), leaderCommit=16, initializing? false, entries: <empty>
2019-09-11 20:10:14,907 [java.util.concurrent.ThreadPoolExecutor$Worker@178a595d[State = -1, empty queue]] WARN  server.GrpcLogAppender (GrpcLogAppender.java:timeoutAppendRequest(200)) - 802f7a56-3ac2-455e-92a2-71244eb20cf7@group-61D96FA8A4D2->e0c56373-add1-4904-83f3-08b0a755b8ed-GrpcLogAppender: appendEntries Timeout, request=802f7a56-3ac2-455e-92a2-71244eb20cf7->e0c56373-add1-4904-83f3-08b0a755b8ed#64-t1, previous=(t:1, i:22), leaderCommit=16, initializing? false, entries: <empty>
2019-09-11 20:10:15,328 [grpc-default-executor-1] INFO  client.GrpcClientProtocolClient (GrpcClientProtocolClient.java:onNext(264)) - client-1170F4C7A823->9bb405f0-f563-4579-83ea-0bbe163a9fbc: receive RaftClientReply:client-1170F4C7A823->9bb405f0-f563-4579-83ea-0bbe163a9fbc@group-61D96FA8A4D2, cid=247, FAILED org.apache.ratis.protocol.NotLeaderException: Server 9bb405f0-f563-4579-83ea-0bbe163a9fbc@group-61D96FA8A4D2 is not the leader 802f7a56-3ac2-455e-92a2-71244eb20cf7:192.168.36.83:33220, logIndex=0, commits[9bb405f0-f563-4579-83ea-0bbe163a9fbc:c16, 802f7a56-3ac2-455e-92a2-71244eb20cf7:c16, e0c56373-add1-4904-83f3-08b0a755b8ed:c14]
2019-09-11 20:10:17,406 [java.util.concurrent.ThreadPoolExecutor$Worker@35e4abe9[State = -1, empty queue]] WARN  server.GrpcLogAppender (GrpcLogAppender.java:timeoutAppendRequest(200)) - 802f7a56-3ac2-455e-92a2-71244eb20cf7@group-61D96FA8A4D2->9bb405f0-f563-4579-83ea-0bbe163a9fbc-GrpcLogAppender: appendEntries Timeout, request=802f7a56-3ac2-455e-92a2-71244eb20cf7->9bb405f0-f563-4579-83ea-0bbe163a9fbc#65-t1, previous=(t:1, i:22), leaderCommit=16, initializing? false, entries: <empty>
2019-09-11 20:10:17,407 [java.util.concurrent.ThreadPoolExecutor$Worker@178a595d[State = -1, empty queue]] WARN  server.GrpcLogAppender (GrpcLogAppender.java:timeoutAppendRequest(200)) - 802f7a56-3ac2-455e-92a2-71244eb20cf7@group-61D96FA8A4D2->e0c56373-add1-4904-83f3-08b0a755b8ed-GrpcLogAppender: appendEntries Timeout, request=802f7a56-3ac2-455e-92a2-71244eb20cf7->e0c56373-add1-4904-83f3-08b0a755b8ed#65-t1, previous=(t:1, i:22), leaderCommit=16, initializing? false, entries: <empty>
2019-09-11 20:10:19,514 [e0c56373-add1-4904-83f3-08b0a755b8ed@group-61D96FA8A4D2-SegmentedRaftLogWorker] WARN  segmented.SegmentedRaftLogWorker (SegmentedRaftLogWorker.java:getFromFuture(90)) - Timeout 10/~
org.apache.ratis.protocol.TimeoutIOException: Timeout 10s: WriteLog:18: (t:1, i:18), STATEMACHINELOGENTRY, client-1170F4C7A823, cid=248-writeStateMachineData
	at org.apache.ratis.util.IOUtils.getFromFuture(IOUtils.java:87)
	at org.apache.ratis.server.raftlog.segmented.SegmentedRaftLogWorker$StateMachineDataPolicy.getFromFuture(SegmentedRaftLogWorker.java:87)
	at org.apache.ratis.server.raftlog.segmented.SegmentedRaftLogWorker$WriteLog.execute(SegmentedRaftLogWorker.java:477)
	at org.apache.ratis.server.raftlog.segmented.SegmentedRaftLogWorker.run(SegmentedRaftLogWorker.java:289)
	at java.lang.Thread.run(Thread.java:748)
Caused by: java.util.concurrent.TimeoutException
	at java.util.concurrent.CompletableFuture.timedGet(CompletableFuture.java:1771)
	at java.util.concurrent.CompletableFuture.get(CompletableFuture.java:1915)
	at org.apache.ratis.util.IOUtils.getFromFuture(IOUtils.java:79)
	... 4 more
2019-09-11 20:10:19,527 [9bb405f0-f563-4579-83ea-0bbe163a9fbc@group-61D96FA8A4D2-SegmentedRaftLogWorker] WARN  segmented.SegmentedRaftLogWorker (SegmentedRaftLogWorker.java:getFromFuture(90)) - Timeout 10/~
org.apache.ratis.protocol.TimeoutIOException: Timeout 10s: WriteLog:18: (t:1, i:18), STATEMACHINELOGENTRY, client-1170F4C7A823, cid=248-writeStateMachineData
	at org.apache.ratis.util.IOUtils.getFromFuture(IOUtils.java:87)
	at org.apache.ratis.server.raftlog.segmented.SegmentedRaftLogWorker$StateMachineDataPolicy.getFromFuture(SegmentedRaftLogWorker.java:87)
	at org.apache.ratis.server.raftlog.segmented.SegmentedRaftLogWorker$WriteLog.execute(SegmentedRaftLogWorker.java:477)
	at org.apache.ratis.server.raftlog.segmented.SegmentedRaftLogWorker.run(SegmentedRaftLogWorker.java:289)
	at java.lang.Thread.run(Thread.java:748)
Caused by: java.util.concurrent.TimeoutException
	at java.util.concurrent.CompletableFuture.timedGet(CompletableFuture.java:1771)
	at java.util.concurrent.CompletableFuture.get(CompletableFuture.java:1915)
	at org.apache.ratis.util.IOUtils.getFromFuture(IOUtils.java:79)
	... 4 more
2019-09-11 20:10:19,527 [802f7a56-3ac2-455e-92a2-71244eb20cf7@group-61D96FA8A4D2-SegmentedRaftLogWorker] WARN  segmented.SegmentedRaftLogWorker (SegmentedRaftLogWorker.java:getFromFuture(90)) - Timeout 10/~
org.apache.ratis.protocol.TimeoutIOException: Timeout 10s: WriteLog:18: (t:1, i:18), STATEMACHINELOGENTRY, client-1170F4C7A823, cid=248-writeStateMachineData
	at org.apache.ratis.util.IOUtils.getFromFuture(IOUtils.java:87)
	at org.apache.ratis.server.raftlog.segmented.SegmentedRaftLogWorker$StateMachineDataPolicy.getFromFuture(SegmentedRaftLogWorker.java:87)
	at org.apache.ratis.server.raftlog.segmented.SegmentedRaftLogWorker$WriteLog.execute(SegmentedRaftLogWorker.java:477)
	at org.apache.ratis.server.raftlog.segmented.SegmentedRaftLogWorker.run(SegmentedRaftLogWorker.java:289)
	at java.lang.Thread.run(Thread.java:748)
Caused by: java.util.concurrent.TimeoutException
	at java.util.concurrent.CompletableFuture.timedGet(CompletableFuture.java:1771)
	at java.util.concurrent.CompletableFuture.get(CompletableFuture.java:1915)
	at org.apache.ratis.util.IOUtils.getFromFuture(IOUtils.java:79)
	... 4 more
2019-09-11 20:10:19,907 [java.util.concurrent.ThreadPoolExecutor$Worker@35e4abe9[State = -1, empty queue]] WARN  server.GrpcLogAppender (GrpcLogAppender.java:timeoutAppendRequest(200)) - 802f7a56-3ac2-455e-92a2-71244eb20cf7@group-61D96FA8A4D2->9bb405f0-f563-4579-83ea-0bbe163a9fbc-GrpcLogAppender: appendEntries Timeout, request=802f7a56-3ac2-455e-92a2-71244eb20cf7->9bb405f0-f563-4579-83ea-0bbe163a9fbc#66-t1, previous=(t:1, i:22), leaderCommit=16, initializing? false, entries: <empty>
2019-09-11 20:10:19,907 [java.util.concurrent.ThreadPoolExecutor$Worker@178a595d[State = -1, empty queue]] WARN  server.GrpcLogAppender (GrpcLogAppender.java:timeoutAppendRequest(200)) - 802f7a56-3ac2-455e-92a2-71244eb20cf7@group-61D96FA8A4D2->e0c56373-add1-4904-83f3-08b0a755b8ed-GrpcLogAppender: appendEntries Timeout, request=802f7a56-3ac2-455e-92a2-71244eb20cf7->e0c56373-add1-4904-83f3-08b0a755b8ed#66-t1, previous=(t:1, i:22), leaderCommit=16, initializing? false, entries: <empty>
2019-09-11 20:10:20,389 [grpc-default-executor-11] INFO  client.GrpcClientProtocolClient (GrpcClientProtocolClient.java:onNext(264)) - client-1170F4C7A823->e0c56373-add1-4904-83f3-08b0a755b8ed: receive RaftClientReply:client-1170F4C7A823->e0c56373-add1-4904-83f3-08b0a755b8ed@group-61D96FA8A4D2, cid=247, FAILED org.apache.ratis.protocol.NotLeaderException: Server e0c56373-add1-4904-83f3-08b0a755b8ed@group-61D96FA8A4D2 is not the leader 802f7a56-3ac2-455e-92a2-71244eb20cf7:192.168.36.83:33220, logIndex=0, commits[e0c56373-add1-4904-83f3-08b0a755b8ed:c16, 802f7a56-3ac2-455e-92a2-71244eb20cf7:c16, 9bb405f0-f563-4579-83ea-0bbe163a9fbc:c14]
2019-09-11 20:10:22,408 [java.util.concurrent.ThreadPoolExecutor$Worker@35e4abe9[State = -1, empty queue]] WARN  server.GrpcLogAppender (GrpcLogAppender.java:timeoutAppendRequest(200)) - 802f7a56-3ac2-455e-92a2-71244eb20cf7@group-61D96FA8A4D2->9bb405f0-f563-4579-83ea-0bbe163a9fbc-GrpcLogAppender: appendEntries Timeout, request=802f7a56-3ac2-455e-92a2-71244eb20cf7->9bb405f0-f563-4579-83ea-0bbe163a9fbc#67-t1, previous=(t:1, i:22), leaderCommit=16, initializing? false, entries: <empty>
2019-09-11 20:10:22,408 [java.util.concurrent.ThreadPoolExecutor$Worker@178a595d[State = -1, empty queue]] WARN  server.GrpcLogAppender (GrpcLogAppender.java:timeoutAppendRequest(200)) - 802f7a56-3ac2-455e-92a2-71244eb20cf7@group-61D96FA8A4D2->e0c56373-add1-4904-83f3-08b0a755b8ed-GrpcLogAppender: appendEntries Timeout, request=802f7a56-3ac2-455e-92a2-71244eb20cf7->e0c56373-add1-4904-83f3-08b0a755b8ed#67-t1, previous=(t:1, i:22), leaderCommit=16, initializing? false, entries: <empty>
2019-09-11 20:10:24,908 [java.util.concurrent.ThreadPoolExecutor$Worker@35e4abe9[State = -1, empty queue]] WARN  server.GrpcLogAppender (GrpcLogAppender.java:timeoutAppendRequest(200)) - 802f7a56-3ac2-455e-92a2-71244eb20cf7@group-61D96FA8A4D2->9bb405f0-f563-4579-83ea-0bbe163a9fbc-GrpcLogAppender: appendEntries Timeout, request=802f7a56-3ac2-455e-92a2-71244eb20cf7->9bb405f0-f563-4579-83ea-0bbe163a9fbc#68-t1, previous=(t:1, i:22), leaderCommit=16, initializing? false, entries: <empty>
2019-09-11 20:10:24,908 [java.util.concurrent.ThreadPoolExecutor$Worker@178a595d[State = -1, empty queue]] WARN  server.GrpcLogAppender (GrpcLogAppender.java:timeoutAppendRequest(200)) - 802f7a56-3ac2-455e-92a2-71244eb20cf7@group-61D96FA8A4D2->e0c56373-add1-4904-83f3-08b0a755b8ed-GrpcLogAppender: appendEntries Timeout, request=802f7a56-3ac2-455e-92a2-71244eb20cf7->e0c56373-add1-4904-83f3-08b0a755b8ed#68-t1, previous=(t:1, i:22), leaderCommit=16, initializing? false, entries: <empty>
2019-09-11 20:10:25,458 [grpc-default-executor-6] INFO  client.GrpcClientProtocolClient (GrpcClientProtocolClient.java:onNext(264)) - client-1170F4C7A823->9bb405f0-f563-4579-83ea-0bbe163a9fbc: receive RaftClientReply:client-1170F4C7A823->9bb405f0-f563-4579-83ea-0bbe163a9fbc@group-61D96FA8A4D2, cid=247, FAILED org.apache.ratis.protocol.NotLeaderException: Server 9bb405f0-f563-4579-83ea-0bbe163a9fbc@group-61D96FA8A4D2 is not the leader 802f7a56-3ac2-455e-92a2-71244eb20cf7:192.168.36.83:33220, logIndex=0, commits[9bb405f0-f563-4579-83ea-0bbe163a9fbc:c16, 802f7a56-3ac2-455e-92a2-71244eb20cf7:c16, e0c56373-add1-4904-83f3-08b0a755b8ed:c14]
2019-09-11 20:10:27,429 [java.util.concurrent.ThreadPoolExecutor$Worker@35e4abe9[State = -1, empty queue]] WARN  server.GrpcLogAppender (GrpcLogAppender.java:timeoutAppendRequest(200)) - 802f7a56-3ac2-455e-92a2-71244eb20cf7@group-61D96FA8A4D2->9bb405f0-f563-4579-83ea-0bbe163a9fbc-GrpcLogAppender: appendEntries Timeout, request=802f7a56-3ac2-455e-92a2-71244eb20cf7->9bb405f0-f563-4579-83ea-0bbe163a9fbc#69-t1, previous=(t:1, i:22), leaderCommit=16, initializing? false, entries: <empty>
2019-09-11 20:10:27,429 [java.util.concurrent.ThreadPoolExecutor$Worker@178a595d[State = -1, empty queue]] WARN  server.GrpcLogAppender (GrpcLogAppender.java:timeoutAppendRequest(200)) - 802f7a56-3ac2-455e-92a2-71244eb20cf7@group-61D96FA8A4D2->e0c56373-add1-4904-83f3-08b0a755b8ed-GrpcLogAppender: appendEntries Timeout, request=802f7a56-3ac2-455e-92a2-71244eb20cf7->e0c56373-add1-4904-83f3-08b0a755b8ed#69-t1, previous=(t:1, i:22), leaderCommit=16, initializing? false, entries: <empty>
2019-09-11 20:10:29,433 [org.apache.ratis.server.impl.LogAppender$AppenderDaemon$$Lambda$513/1740195529@6a76aae7] ERROR ratis.XceiverServerRatis (XceiverServerRatis.java:triggerPipelineClose(568)) - pipeline Action CLOSE  on pipeline PipelineID=c7e82ce3-5b06-437e-9115-61d96fa8a4d2.Reason : 802f7a56-3ac2-455e-92a2-71244eb20cf7 has not seen follower/s 9bb405f0-f563-4579-83ea-0bbe163a9fbc for 120166ms e0c56373-add1-4904-83f3-08b0a755b8ed for 120166ms
2019-09-11 20:10:29,433 [org.apache.ratis.server.impl.LogAppender$AppenderDaemon$$Lambda$513/1740195529@3d8e5178] ERROR ratis.XceiverServerRatis (XceiverServerRatis.java:triggerPipelineClose(568)) - pipeline Action CLOSE  on pipeline PipelineID=c7e82ce3-5b06-437e-9115-61d96fa8a4d2.Reason : 802f7a56-3ac2-455e-92a2-71244eb20cf7 has not seen follower/s 9bb405f0-f563-4579-83ea-0bbe163a9fbc for 120166ms e0c56373-add1-4904-83f3-08b0a755b8ed for 120166ms
2019-09-11 20:10:29,515 [e0c56373-add1-4904-83f3-08b0a755b8ed@group-61D96FA8A4D2-SegmentedRaftLogWorker] WARN  segmented.SegmentedRaftLogWorker (SegmentedRaftLogWorker.java:getFromFuture(90)) - Timeout 11/~
org.apache.ratis.protocol.TimeoutIOException: Timeout 10s: WriteLog:18: (t:1, i:18), STATEMACHINELOGENTRY, client-1170F4C7A823, cid=248-writeStateMachineData
	at org.apache.ratis.util.IOUtils.getFromFuture(IOUtils.java:87)
	at org.apache.ratis.server.raftlog.segmented.SegmentedRaftLogWorker$StateMachineDataPolicy.getFromFuture(SegmentedRaftLogWorker.java:87)
	at org.apache.ratis.server.raftlog.segmented.SegmentedRaftLogWorker$WriteLog.execute(SegmentedRaftLogWorker.java:477)
	at org.apache.ratis.server.raftlog.segmented.SegmentedRaftLogWorker.run(SegmentedRaftLogWorker.java:289)
	at java.lang.Thread.run(Thread.java:748)
Caused by: java.util.concurrent.TimeoutException
	at java.util.concurrent.CompletableFuture.timedGet(CompletableFuture.java:1771)
	at java.util.concurrent.CompletableFuture.get(CompletableFuture.java:1915)
	at org.apache.ratis.util.IOUtils.getFromFuture(IOUtils.java:79)
	... 4 more
2019-09-11 20:10:29,528 [9bb405f0-f563-4579-83ea-0bbe163a9fbc@group-61D96FA8A4D2-SegmentedRaftLogWorker] WARN  segmented.SegmentedRaftLogWorker (SegmentedRaftLogWorker.java:getFromFuture(90)) - Timeout 11/~
org.apache.ratis.protocol.TimeoutIOException: Timeout 10s: WriteLog:18: (t:1, i:18), STATEMACHINELOGENTRY, client-1170F4C7A823, cid=248-writeStateMachineData
	at org.apache.ratis.util.IOUtils.getFromFuture(IOUtils.java:87)
	at org.apache.ratis.server.raftlog.segmented.SegmentedRaftLogWorker$StateMachineDataPolicy.getFromFuture(SegmentedRaftLogWorker.java:87)
	at org.apache.ratis.server.raftlog.segmented.SegmentedRaftLogWorker$WriteLog.execute(SegmentedRaftLogWorker.java:477)
	at org.apache.ratis.server.raftlog.segmented.SegmentedRaftLogWorker.run(SegmentedRaftLogWorker.java:289)
	at java.lang.Thread.run(Thread.java:748)
Caused by: java.util.concurrent.TimeoutException
	at java.util.concurrent.CompletableFuture.timedGet(CompletableFuture.java:1771)
	at java.util.concurrent.CompletableFuture.get(CompletableFuture.java:1915)
	at org.apache.ratis.util.IOUtils.getFromFuture(IOUtils.java:79)
	... 4 more
2019-09-11 20:10:29,550 [802f7a56-3ac2-455e-92a2-71244eb20cf7@group-61D96FA8A4D2-SegmentedRaftLogWorker] WARN  segmented.SegmentedRaftLogWorker (SegmentedRaftLogWorker.java:getFromFuture(90)) - Timeout 11/~
org.apache.ratis.protocol.TimeoutIOException: Timeout 10s: WriteLog:18: (t:1, i:18), STATEMACHINELOGENTRY, client-1170F4C7A823, cid=248-writeStateMachineData
	at org.apache.ratis.util.IOUtils.getFromFuture(IOUtils.java:87)
	at org.apache.ratis.server.raftlog.segmented.SegmentedRaftLogWorker$StateMachineDataPolicy.getFromFuture(SegmentedRaftLogWorker.java:87)
	at org.apache.ratis.server.raftlog.segmented.SegmentedRaftLogWorker$WriteLog.execute(SegmentedRaftLogWorker.java:477)
	at org.apache.ratis.server.raftlog.segmented.SegmentedRaftLogWorker.run(SegmentedRaftLogWorker.java:289)
	at java.lang.Thread.run(Thread.java:748)
Caused by: java.util.concurrent.TimeoutException
	at java.util.concurrent.CompletableFuture.timedGet(CompletableFuture.java:1771)
	at java.util.concurrent.CompletableFuture.get(CompletableFuture.java:1915)
	at org.apache.ratis.util.IOUtils.getFromFuture(IOUtils.java:79)
	... 4 more
2019-09-11 20:10:29,665 [EventQueue-PipelineActionsForPipelineActionHandler] ERROR pipeline.PipelineActionHandler (PipelineActionHandler.java:onMessage(60)) - Received pipeline action CLOSE for Pipeline[ Id: c7e82ce3-5b06-437e-9115-61d96fa8a4d2, Nodes: 802f7a56-3ac2-455e-92a2-71244eb20cf7{ip: 192.168.36.83, host: pr-hdds-2096-jg2tg-1247294052, networkLocation: /default-rack, certSerialId: null}e0c56373-add1-4904-83f3-08b0a755b8ed{ip: 192.168.36.83, host: pr-hdds-2096-jg2tg-1247294052, networkLocation: /default-rack, certSerialId: null}9bb405f0-f563-4579-83ea-0bbe163a9fbc{ip: 192.168.36.83, host: pr-hdds-2096-jg2tg-1247294052, networkLocation: /default-rack, certSerialId: null}, Type:RATIS, Factor:THREE, State:OPEN] from datanode 802f7a56-3ac2-455e-92a2-71244eb20cf7{ip: 192.168.36.83, host: pr-hdds-2096-jg2tg-1247294052, networkLocation: /default-rack, certSerialId: null}. Reason : 802f7a56-3ac2-455e-92a2-71244eb20cf7 has not seen follower/s 9bb405f0-f563-4579-83ea-0bbe163a9fbc for 120166ms e0c56373-add1-4904-83f3-08b0a755b8ed for 120166ms
2019-09-11 20:10:29,665 [EventQueue-PipelineActionsForPipelineActionHandler] INFO  pipeline.SCMPipelineManager (SCMPipelineManager.java:finalizeAndDestroyPipeline(311)) - destroying pipeline:Pipeline[ Id: c7e82ce3-5b06-437e-9115-61d96fa8a4d2, Nodes: 802f7a56-3ac2-455e-92a2-71244eb20cf7{ip: 192.168.36.83, host: pr-hdds-2096-jg2tg-1247294052, networkLocation: /default-rack, certSerialId: null}e0c56373-add1-4904-83f3-08b0a755b8ed{ip: 192.168.36.83, host: pr-hdds-2096-jg2tg-1247294052, networkLocation: /default-rack, certSerialId: null}9bb405f0-f563-4579-83ea-0bbe163a9fbc{ip: 192.168.36.83, host: pr-hdds-2096-jg2tg-1247294052, networkLocation: /default-rack, certSerialId: null}, Type:RATIS, Factor:THREE, State:OPEN]
2019-09-11 20:10:29,665 [EventQueue-PipelineActionsForPipelineActionHandler] INFO  pipeline.PipelineStateManager (PipelineStateManager.java:finalizePipeline(123)) - Pipeline Pipeline[ Id: c7e82ce3-5b06-437e-9115-61d96fa8a4d2, Nodes: 802f7a56-3ac2-455e-92a2-71244eb20cf7{ip: 192.168.36.83, host: pr-hdds-2096-jg2tg-1247294052, networkLocation: /default-rack, certSerialId: null}e0c56373-add1-4904-83f3-08b0a755b8ed{ip: 192.168.36.83, host: pr-hdds-2096-jg2tg-1247294052, networkLocation: /default-rack, certSerialId: null}9bb405f0-f563-4579-83ea-0bbe163a9fbc{ip: 192.168.36.83, host: pr-hdds-2096-jg2tg-1247294052, networkLocation: /default-rack, certSerialId: null}, Type:RATIS, Factor:THREE, State:CLOSED] moved to CLOSED state
2019-09-11 20:10:29,666 [EventQueue-CloseContainerForCloseContainerEventHandler] INFO  container.CloseContainerEventHandler (CloseContainerEventHandler.java:onMessage(61)) - Close container Event triggered for container : #7
2019-09-11 20:10:29,667 [EventQueue-CloseContainerForCloseContainerEventHandler] INFO  container.CloseContainerEventHandler (CloseContainerEventHandler.java:onMessage(61)) - Close container Event triggered for container : #8
2019-09-11 20:10:29,667 [EventQueue-CloseContainerForCloseContainerEventHandler] INFO  container.CloseContainerEventHandler (CloseContainerEventHandler.java:onMessage(61)) - Close container Event triggered for container : #9
2019-09-11 20:10:29,930 [java.util.concurrent.ThreadPoolExecutor$Worker@35e4abe9[State = -1, empty queue]] WARN  server.GrpcLogAppender (GrpcLogAppender.java:timeoutAppendRequest(200)) - 802f7a56-3ac2-455e-92a2-71244eb20cf7@group-61D96FA8A4D2->9bb405f0-f563-4579-83ea-0bbe163a9fbc-GrpcLogAppender: appendEntries Timeout, request=802f7a56-3ac2-455e-92a2-71244eb20cf7->9bb405f0-f563-4579-83ea-0bbe163a9fbc#70-t1, previous=(t:1, i:22), leaderCommit=16, initializing? false, entries: <empty>
2019-09-11 20:10:29,930 [java.util.concurrent.ThreadPoolExecutor$Worker@178a595d[State = -1, empty queue]] WARN  server.GrpcLogAppender (GrpcLogAppender.java:timeoutAppendRequest(200)) - 802f7a56-3ac2-455e-92a2-71244eb20cf7@group-61D96FA8A4D2->e0c56373-add1-4904-83f3-08b0a755b8ed-GrpcLogAppender: appendEntries Timeout, request=802f7a56-3ac2-455e-92a2-71244eb20cf7->e0c56373-add1-4904-83f3-08b0a755b8ed#70-t1, previous=(t:1, i:22), leaderCommit=16, initializing? false, entries: <empty>
2019-09-11 20:10:30,508 [grpc-default-executor-6] INFO  client.GrpcClientProtocolClient (GrpcClientProtocolClient.java:onNext(264)) - client-1170F4C7A823->9bb405f0-f563-4579-83ea-0bbe163a9fbc: receive RaftClientReply:client-1170F4C7A823->9bb405f0-f563-4579-83ea-0bbe163a9fbc@group-61D96FA8A4D2, cid=247, FAILED org.apache.ratis.protocol.NotLeaderException: Server 9bb405f0-f563-4579-83ea-0bbe163a9fbc@group-61D96FA8A4D2 is not the leader 802f7a56-3ac2-455e-92a2-71244eb20cf7:192.168.36.83:33220, logIndex=0, commits[9bb405f0-f563-4579-83ea-0bbe163a9fbc:c16, 802f7a56-3ac2-455e-92a2-71244eb20cf7:c16, e0c56373-add1-4904-83f3-08b0a755b8ed:c14]
2019-09-11 20:10:31,683 [org.apache.ratis.server.impl.LogAppender$AppenderDaemon$$Lambda$513/1740195529@3d8e5178] ERROR ratis.XceiverServerRatis (XceiverServerRatis.java:triggerPipelineClose(568)) - pipeline Action CLOSE  on pipeline PipelineID=c7e82ce3-5b06-437e-9115-61d96fa8a4d2.Reason : 802f7a56-3ac2-455e-92a2-71244eb20cf7 has not seen follower/s 9bb405f0-f563-4579-83ea-0bbe163a9fbc for 122417ms e0c56373-add1-4904-83f3-08b0a755b8ed for 122417ms
2019-09-11 20:10:31,683 [org.apache.ratis.server.impl.LogAppender$AppenderDaemon$$Lambda$513/1740195529@6a76aae7] ERROR ratis.XceiverServerRatis (XceiverServerRatis.java:triggerPipelineClose(568)) - pipeline Action CLOSE  on pipeline PipelineID=c7e82ce3-5b06-437e-9115-61d96fa8a4d2.Reason : 802f7a56-3ac2-455e-92a2-71244eb20cf7 has not seen follower/s 9bb405f0-f563-4579-83ea-0bbe163a9fbc for 122417ms e0c56373-add1-4904-83f3-08b0a755b8ed for 122417ms
2019-09-11 20:10:32,432 [java.util.concurrent.ThreadPoolExecutor$Worker@178a595d[State = -1, empty queue]] WARN  server.GrpcLogAppender (GrpcLogAppender.java:timeoutAppendRequest(200)) - 802f7a56-3ac2-455e-92a2-71244eb20cf7@group-61D96FA8A4D2->e0c56373-add1-4904-83f3-08b0a755b8ed-GrpcLogAppender: appendEntries Timeout, request=802f7a56-3ac2-455e-92a2-71244eb20cf7->e0c56373-add1-4904-83f3-08b0a755b8ed#71-t1, previous=(t:1, i:22), leaderCommit=16, initializing? false, entries: <empty>
2019-09-11 20:10:32,432 [java.util.concurrent.ThreadPoolExecutor$Worker@35e4abe9[State = -1, empty queue]] WARN  server.GrpcLogAppender (GrpcLogAppender.java:timeoutAppendRequest(200)) - 802f7a56-3ac2-455e-92a2-71244eb20cf7@group-61D96FA8A4D2->9bb405f0-f563-4579-83ea-0bbe163a9fbc-GrpcLogAppender: appendEntries Timeout, request=802f7a56-3ac2-455e-92a2-71244eb20cf7->9bb405f0-f563-4579-83ea-0bbe163a9fbc#71-t1, previous=(t:1, i:22), leaderCommit=16, initializing? false, entries: <empty>
2019-09-11 20:10:32,681 [EventQueue-PipelineActionsForPipelineActionHandler] ERROR pipeline.PipelineActionHandler (PipelineActionHandler.java:onMessage(60)) - Received pipeline action CLOSE for Pipeline[ Id: c7e82ce3-5b06-437e-9115-61d96fa8a4d2, Nodes: 802f7a56-3ac2-455e-92a2-71244eb20cf7{ip: 192.168.36.83, host: pr-hdds-2096-jg2tg-1247294052, networkLocation: /default-rack, certSerialId: null}e0c56373-add1-4904-83f3-08b0a755b8ed{ip: 192.168.36.83, host: pr-hdds-2096-jg2tg-1247294052, networkLocation: /default-rack, certSerialId: null}9bb405f0-f563-4579-83ea-0bbe163a9fbc{ip: 192.168.36.83, host: pr-hdds-2096-jg2tg-1247294052, networkLocation: /default-rack, certSerialId: null}, Type:RATIS, Factor:THREE, State:CLOSED] from datanode 802f7a56-3ac2-455e-92a2-71244eb20cf7{ip: 192.168.36.83, host: pr-hdds-2096-jg2tg-1247294052, networkLocation: /default-rack, certSerialId: null}. Reason : 802f7a56-3ac2-455e-92a2-71244eb20cf7 has not seen follower/s 9bb405f0-f563-4579-83ea-0bbe163a9fbc for 122417ms e0c56373-add1-4904-83f3-08b0a755b8ed for 122417ms
2019-09-11 20:10:32,681 [EventQueue-PipelineActionsForPipelineActionHandler] INFO  pipeline.SCMPipelineManager (SCMPipelineManager.java:finalizeAndDestroyPipeline(311)) - destroying pipeline:Pipeline[ Id: c7e82ce3-5b06-437e-9115-61d96fa8a4d2, Nodes: 802f7a56-3ac2-455e-92a2-71244eb20cf7{ip: 192.168.36.83, host: pr-hdds-2096-jg2tg-1247294052, networkLocation: /default-rack, certSerialId: null}e0c56373-add1-4904-83f3-08b0a755b8ed{ip: 192.168.36.83, host: pr-hdds-2096-jg2tg-1247294052, networkLocation: /default-rack, certSerialId: null}9bb405f0-f563-4579-83ea-0bbe163a9fbc{ip: 192.168.36.83, host: pr-hdds-2096-jg2tg-1247294052, networkLocation: /default-rack, certSerialId: null}, Type:RATIS, Factor:THREE, State:CLOSED]
2019-09-11 20:10:34,184 [org.apache.ratis.server.impl.LogAppender$AppenderDaemon$$Lambda$513/1740195529@3d8e5178] ERROR ratis.XceiverServerRatis (XceiverServerRatis.java:triggerPipelineClose(568)) - pipeline Action CLOSE  on pipeline PipelineID=c7e82ce3-5b06-437e-9115-61d96fa8a4d2.Reason : 802f7a56-3ac2-455e-92a2-71244eb20cf7 has not seen follower/s 9bb405f0-f563-4579-83ea-0bbe163a9fbc for 124918ms e0c56373-add1-4904-83f3-08b0a755b8ed for 124918ms
2019-09-11 20:10:34,184 [org.apache.ratis.server.impl.LogAppender$AppenderDaemon$$Lambda$513/1740195529@6a76aae7] ERROR ratis.XceiverServerRatis (XceiverServerRatis.java:triggerPipelineClose(568)) - pipeline Action CLOSE  on pipeline PipelineID=c7e82ce3-5b06-437e-9115-61d96fa8a4d2.Reason : 802f7a56-3ac2-455e-92a2-71244eb20cf7 has not seen follower/s 9bb405f0-f563-4579-83ea-0bbe163a9fbc for 124918ms e0c56373-add1-4904-83f3-08b0a755b8ed for 124918ms
2019-09-11 20:10:34,681 [EventQueue-PipelineActionsForPipelineActionHandler] ERROR pipeline.PipelineActionHandler (PipelineActionHandler.java:onMessage(60)) - Received pipeline action CLOSE for Pipeline[ Id: c7e82ce3-5b06-437e-9115-61d96fa8a4d2, Nodes: 802f7a56-3ac2-455e-92a2-71244eb20cf7{ip: 192.168.36.83, host: pr-hdds-2096-jg2tg-1247294052, networkLocation: /default-rack, certSerialId: null}e0c56373-add1-4904-83f3-08b0a755b8ed{ip: 192.168.36.83, host: pr-hdds-2096-jg2tg-1247294052, networkLocation: /default-rack, certSerialId: null}9bb405f0-f563-4579-83ea-0bbe163a9fbc{ip: 192.168.36.83, host: pr-hdds-2096-jg2tg-1247294052, networkLocation: /default-rack, certSerialId: null}, Type:RATIS, Factor:THREE, State:CLOSED] from datanode 802f7a56-3ac2-455e-92a2-71244eb20cf7{ip: 192.168.36.83, host: pr-hdds-2096-jg2tg-1247294052, networkLocation: /default-rack, certSerialId: null}. Reason : 802f7a56-3ac2-455e-92a2-71244eb20cf7 has not seen follower/s 9bb405f0-f563-4579-83ea-0bbe163a9fbc for 124918ms e0c56373-add1-4904-83f3-08b0a755b8ed for 124918ms
2019-09-11 20:10:34,681 [EventQueue-PipelineActionsForPipelineActionHandler] INFO  pipeline.SCMPipelineManager (SCMPipelineManager.java:finalizeAndDestroyPipeline(311)) - destroying pipeline:Pipeline[ Id: c7e82ce3-5b06-437e-9115-61d96fa8a4d2, Nodes: 802f7a56-3ac2-455e-92a2-71244eb20cf7{ip: 192.168.36.83, host: pr-hdds-2096-jg2tg-1247294052, networkLocation: /default-rack, certSerialId: null}e0c56373-add1-4904-83f3-08b0a755b8ed{ip: 192.168.36.83, host: pr-hdds-2096-jg2tg-1247294052, networkLocation: /default-rack, certSerialId: null}9bb405f0-f563-4579-83ea-0bbe163a9fbc{ip: 192.168.36.83, host: pr-hdds-2096-jg2tg-1247294052, networkLocation: /default-rack, certSerialId: null}, Type:RATIS, Factor:THREE, State:CLOSED]
2019-09-11 20:10:34,685 [java.util.concurrent.ThreadPoolExecutor$Worker@35e4abe9[State = -1, empty queue]] WARN  server.GrpcLogAppender (GrpcLogAppender.java:timeoutAppendRequest(200)) - 802f7a56-3ac2-455e-92a2-71244eb20cf7@group-61D96FA8A4D2->9bb405f0-f563-4579-83ea-0bbe163a9fbc-GrpcLogAppender: appendEntries Timeout, request=802f7a56-3ac2-455e-92a2-71244eb20cf7->9bb405f0-f563-4579-83ea-0bbe163a9fbc#72-t1, previous=(t:1, i:22), leaderCommit=16, initializing? false, entries: size=1, first=(t:1, i:23), STATEMACHINELOGENTRY, client-D31EE47E06FA, cid=18
2019-09-11 20:10:34,685 [java.util.concurrent.ThreadPoolExecutor$Worker@178a595d[State = -1, empty queue]] WARN  server.GrpcLogAppender (GrpcLogAppender.java:timeoutAppendRequest(200)) - 802f7a56-3ac2-455e-92a2-71244eb20cf7@group-61D96FA8A4D2->e0c56373-add1-4904-83f3-08b0a755b8ed-GrpcLogAppender: appendEntries Timeout, request=802f7a56-3ac2-455e-92a2-71244eb20cf7->e0c56373-add1-4904-83f3-08b0a755b8ed#72-t1, previous=(t:1, i:22), leaderCommit=16, initializing? false, entries: size=1, first=(t:1, i:23), STATEMACHINELOGENTRY, client-D31EE47E06FA, cid=18
2019-09-11 20:10:35,553 [grpc-default-executor-6] INFO  client.GrpcClientProtocolClient (GrpcClientProtocolClient.java:onNext(264)) - client-1170F4C7A823->9bb405f0-f563-4579-83ea-0bbe163a9fbc: receive RaftClientReply:client-1170F4C7A823->9bb405f0-f563-4579-83ea-0bbe163a9fbc@group-61D96FA8A4D2, cid=247, FAILED org.apache.ratis.protocol.NotLeaderException: Server 9bb405f0-f563-4579-83ea-0bbe163a9fbc@group-61D96FA8A4D2 is not the leader 802f7a56-3ac2-455e-92a2-71244eb20cf7:192.168.36.83:33220, logIndex=0, commits[9bb405f0-f563-4579-83ea-0bbe163a9fbc:c16, 802f7a56-3ac2-455e-92a2-71244eb20cf7:c16, e0c56373-add1-4904-83f3-08b0a755b8ed:c14]
2019-09-11 20:10:36,685 [org.apache.ratis.server.impl.LogAppender$AppenderDaemon$$Lambda$513/1740195529@6a76aae7] ERROR ratis.XceiverServerRatis (XceiverServerRatis.java:triggerPipelineClose(568)) - pipeline Action CLOSE  on pipeline PipelineID=c7e82ce3-5b06-437e-9115-61d96fa8a4d2.Reason : 802f7a56-3ac2-455e-92a2-71244eb20cf7 has not seen follower/s 9bb405f0-f563-4579-83ea-0bbe163a9fbc for 127418ms e0c56373-add1-4904-83f3-08b0a755b8ed for 127418ms
2019-09-11 20:10:36,685 [org.apache.ratis.server.impl.LogAppender$AppenderDaemon$$Lambda$513/1740195529@3d8e5178] ERROR ratis.XceiverServerRatis (XceiverServerRatis.java:triggerPipelineClose(568)) - pipeline Action CLOSE  on pipeline PipelineID=c7e82ce3-5b06-437e-9115-61d96fa8a4d2.Reason : 802f7a56-3ac2-455e-92a2-71244eb20cf7 has not seen follower/s 9bb405f0-f563-4579-83ea-0bbe163a9fbc for 127419ms e0c56373-add1-4904-83f3-08b0a755b8ed for 127419ms
2019-09-11 20:10:37,184 [java.util.concurrent.ThreadPoolExecutor$Worker@178a595d[State = -1, empty queue]] WARN  server.GrpcLogAppender (GrpcLogAppender.java:timeoutAppendRequest(200)) - 802f7a56-3ac2-455e-92a2-71244eb20cf7@group-61D96FA8A4D2->e0c56373-add1-4904-83f3-08b0a755b8ed-GrpcLogAppender: appendEntries Timeout, request=802f7a56-3ac2-455e-92a2-71244eb20cf7->e0c56373-add1-4904-83f3-08b0a755b8ed#73-t1, previous=(t:1, i:23), leaderCommit=16, initializing? false, entries: <empty>
2019-09-11 20:10:37,184 [java.util.concurrent.ThreadPoolExecutor$Worker@35e4abe9[State = -1, empty queue]] WARN  server.GrpcLogAppender (GrpcLogAppender.java:timeoutAppendRequest(200)) - 802f7a56-3ac2-455e-92a2-71244eb20cf7@group-61D96FA8A4D2->9bb405f0-f563-4579-83ea-0bbe163a9fbc-GrpcLogAppender: appendEntries Timeout, request=802f7a56-3ac2-455e-92a2-71244eb20cf7->9bb405f0-f563-4579-83ea-0bbe163a9fbc#73-t1, previous=(t:1, i:23), leaderCommit=16, initializing? false, entries: <empty>
2019-09-11 20:10:37,681 [EventQueue-PipelineActionsForPipelineActionHandler] ERROR pipeline.PipelineActionHandler (PipelineActionHandler.java:onMessage(60)) - Received pipeline action CLOSE for Pipeline[ Id: c7e82ce3-5b06-437e-9115-61d96fa8a4d2, Nodes: 802f7a56-3ac2-455e-92a2-71244eb20cf7{ip: 192.168.36.83, host: pr-hdds-2096-jg2tg-1247294052, networkLocation: /default-rack, certSerialId: null}e0c56373-add1-4904-83f3-08b0a755b8ed{ip: 192.168.36.83, host: pr-hdds-2096-jg2tg-1247294052, networkLocation: /default-rack, certSerialId: null}9bb405f0-f563-4579-83ea-0bbe163a9fbc{ip: 192.168.36.83, host: pr-hdds-2096-jg2tg-1247294052, networkLocation: /default-rack, certSerialId: null}, Type:RATIS, Factor:THREE, State:CLOSED] from datanode 802f7a56-3ac2-455e-92a2-71244eb20cf7{ip: 192.168.36.83, host: pr-hdds-2096-jg2tg-1247294052, networkLocation: /default-rack, certSerialId: null}. Reason : 802f7a56-3ac2-455e-92a2-71244eb20cf7 has not seen follower/s 9bb405f0-f563-4579-83ea-0bbe163a9fbc for 127418ms e0c56373-add1-4904-83f3-08b0a755b8ed for 127418ms
2019-09-11 20:10:37,681 [EventQueue-PipelineActionsForPipelineActionHandler] INFO  pipeline.SCMPipelineManager (SCMPipelineManager.java:finalizeAndDestroyPipeline(311)) - destroying pipeline:Pipeline[ Id: c7e82ce3-5b06-437e-9115-61d96fa8a4d2, Nodes: 802f7a56-3ac2-455e-92a2-71244eb20cf7{ip: 192.168.36.83, host: pr-hdds-2096-jg2tg-1247294052, networkLocation: /default-rack, certSerialId: null}e0c56373-add1-4904-83f3-08b0a755b8ed{ip: 192.168.36.83, host: pr-hdds-2096-jg2tg-1247294052, networkLocation: /default-rack, certSerialId: null}9bb405f0-f563-4579-83ea-0bbe163a9fbc{ip: 192.168.36.83, host: pr-hdds-2096-jg2tg-1247294052, networkLocation: /default-rack, certSerialId: null}, Type:RATIS, Factor:THREE, State:CLOSED]
2019-09-11 20:10:39,188 [org.apache.ratis.server.impl.LogAppender$AppenderDaemon$$Lambda$513/1740195529@6a76aae7] ERROR ratis.XceiverServerRatis (XceiverServerRatis.java:triggerPipelineClose(568)) - pipeline Action CLOSE  on pipeline PipelineID=c7e82ce3-5b06-437e-9115-61d96fa8a4d2.Reason : 802f7a56-3ac2-455e-92a2-71244eb20cf7 has not seen follower/s 9bb405f0-f563-4579-83ea-0bbe163a9fbc for 129921ms e0c56373-add1-4904-83f3-08b0a755b8ed for 129921ms
2019-09-11 20:10:39,188 [org.apache.ratis.server.impl.LogAppender$AppenderDaemon$$Lambda$513/1740195529@3d8e5178] ERROR ratis.XceiverServerRatis (XceiverServerRatis.java:triggerPipelineClose(568)) - pipeline Action CLOSE  on pipeline PipelineID=c7e82ce3-5b06-437e-9115-61d96fa8a4d2.Reason : 802f7a56-3ac2-455e-92a2-71244eb20cf7 has not seen follower/s 9bb405f0-f563-4579-83ea-0bbe163a9fbc for 129921ms e0c56373-add1-4904-83f3-08b0a755b8ed for 129921ms
2019-09-11 20:10:39,517 [e0c56373-add1-4904-83f3-08b0a755b8ed@group-61D96FA8A4D2-SegmentedRaftLogWorker] WARN  segmented.SegmentedRaftLogWorker (SegmentedRaftLogWorker.java:getFromFuture(90)) - Timeout 12/~
org.apache.ratis.protocol.TimeoutIOException: Timeout 10s: WriteLog:18: (t:1, i:18), STATEMACHINELOGENTRY, client-1170F4C7A823, cid=248-writeStateMachineData
	at org.apache.ratis.util.IOUtils.getFromFuture(IOUtils.java:87)
	at org.apache.ratis.server.raftlog.segmented.SegmentedRaftLogWorker$StateMachineDataPolicy.getFromFuture(SegmentedRaftLogWorker.java:87)
	at org.apache.ratis.server.raftlog.segmented.SegmentedRaftLogWorker$WriteLog.execute(SegmentedRaftLogWorker.java:477)
	at org.apache.ratis.server.raftlog.segmented.SegmentedRaftLogWorker.run(SegmentedRaftLogWorker.java:289)
	at java.lang.Thread.run(Thread.java:748)
Caused by: java.util.concurrent.TimeoutException
	at java.util.concurrent.CompletableFuture.timedGet(CompletableFuture.java:1771)
	at java.util.concurrent.CompletableFuture.get(CompletableFuture.java:1915)
	at org.apache.ratis.util.IOUtils.getFromFuture(IOUtils.java:79)
	... 4 more
2019-09-11 20:10:39,551 [9bb405f0-f563-4579-83ea-0bbe163a9fbc@group-61D96FA8A4D2-SegmentedRaftLogWorker] WARN  segmented.SegmentedRaftLogWorker (SegmentedRaftLogWorker.java:getFromFuture(90)) - Timeout 12/~
org.apache.ratis.protocol.TimeoutIOException: Timeout 10s: WriteLog:18: (t:1, i:18), STATEMACHINELOGENTRY, client-1170F4C7A823, cid=248-writeStateMachineData
	at org.apache.ratis.util.IOUtils.getFromFuture(IOUtils.java:87)
	at org.apache.ratis.server.raftlog.segmented.SegmentedRaftLogWorker$StateMachineDataPolicy.getFromFuture(SegmentedRaftLogWorker.java:87)
	at org.apache.ratis.server.raftlog.segmented.SegmentedRaftLogWorker$WriteLog.execute(SegmentedRaftLogWorker.java:477)
	at org.apache.ratis.server.raftlog.segmented.SegmentedRaftLogWorker.run(SegmentedRaftLogWorker.java:289)
	at java.lang.Thread.run(Thread.java:748)
Caused by: java.util.concurrent.TimeoutException
	at java.util.concurrent.CompletableFuture.timedGet(CompletableFuture.java:1771)
	at java.util.concurrent.CompletableFuture.get(CompletableFuture.java:1915)
	at org.apache.ratis.util.IOUtils.getFromFuture(IOUtils.java:79)
	... 4 more
2019-09-11 20:10:39,551 [802f7a56-3ac2-455e-92a2-71244eb20cf7@group-61D96FA8A4D2-SegmentedRaftLogWorker] WARN  segmented.SegmentedRaftLogWorker (SegmentedRaftLogWorker.java:getFromFuture(90)) - Timeout 12/~
org.apache.ratis.protocol.TimeoutIOException: Timeout 10s: WriteLog:18: (t:1, i:18), STATEMACHINELOGENTRY, client-1170F4C7A823, cid=248-writeStateMachineData
	at org.apache.ratis.util.IOUtils.getFromFuture(IOUtils.java:87)
	at org.apache.ratis.server.raftlog.segmented.SegmentedRaftLogWorker$StateMachineDataPolicy.getFromFuture(SegmentedRaftLogWorker.java:87)
	at org.apache.ratis.server.raftlog.segmented.SegmentedRaftLogWorker$WriteLog.execute(SegmentedRaftLogWorker.java:477)
	at org.apache.ratis.server.raftlog.segmented.SegmentedRaftLogWorker.run(SegmentedRaftLogWorker.java:289)
	at java.lang.Thread.run(Thread.java:748)
Caused by: java.util.concurrent.TimeoutException
	at java.util.concurrent.CompletableFuture.timedGet(CompletableFuture.java:1771)
	at java.util.concurrent.CompletableFuture.get(CompletableFuture.java:1915)
	at org.apache.ratis.util.IOUtils.getFromFuture(IOUtils.java:79)
	... 4 more
2019-09-11 20:10:39,681 [EventQueue-PipelineActionsForPipelineActionHandler] ERROR pipeline.PipelineActionHandler (PipelineActionHandler.java:onMessage(60)) - Received pipeline action CLOSE for Pipeline[ Id: c7e82ce3-5b06-437e-9115-61d96fa8a4d2, Nodes: 802f7a56-3ac2-455e-92a2-71244eb20cf7{ip: 192.168.36.83, host: pr-hdds-2096-jg2tg-1247294052, networkLocation: /default-rack, certSerialId: null}e0c56373-add1-4904-83f3-08b0a755b8ed{ip: 192.168.36.83, host: pr-hdds-2096-jg2tg-1247294052, networkLocation: /default-rack, certSerialId: null}9bb405f0-f563-4579-83ea-0bbe163a9fbc{ip: 192.168.36.83, host: pr-hdds-2096-jg2tg-1247294052, networkLocation: /default-rack, certSerialId: null}, Type:RATIS, Factor:THREE, State:CLOSED] from datanode 802f7a56-3ac2-455e-92a2-71244eb20cf7{ip: 192.168.36.83, host: pr-hdds-2096-jg2tg-1247294052, networkLocation: /default-rack, certSerialId: null}. Reason : 802f7a56-3ac2-455e-92a2-71244eb20cf7 has not seen follower/s 9bb405f0-f563-4579-83ea-0bbe163a9fbc for 129921ms e0c56373-add1-4904-83f3-08b0a755b8ed for 129921ms
2019-09-11 20:10:39,681 [EventQueue-PipelineActionsForPipelineActionHandler] INFO  pipeline.SCMPipelineManager (SCMPipelineManager.java:finalizeAndDestroyPipeline(311)) - destroying pipeline:Pipeline[ Id: c7e82ce3-5b06-437e-9115-61d96fa8a4d2, Nodes: 802f7a56-3ac2-455e-92a2-71244eb20cf7{ip: 192.168.36.83, host: pr-hdds-2096-jg2tg-1247294052, networkLocation: /default-rack, certSerialId: null}e0c56373-add1-4904-83f3-08b0a755b8ed{ip: 192.168.36.83, host: pr-hdds-2096-jg2tg-1247294052, networkLocation: /default-rack, certSerialId: null}9bb405f0-f563-4579-83ea-0bbe163a9fbc{ip: 192.168.36.83, host: pr-hdds-2096-jg2tg-1247294052, networkLocation: /default-rack, certSerialId: null}, Type:RATIS, Factor:THREE, State:CLOSED]
2019-09-11 20:10:39,685 [java.util.concurrent.ThreadPoolExecutor$Worker@178a595d[State = -1, empty queue]] WARN  server.GrpcLogAppender (GrpcLogAppender.java:timeoutAppendRequest(200)) - 802f7a56-3ac2-455e-92a2-71244eb20cf7@group-61D96FA8A4D2->e0c56373-add1-4904-83f3-08b0a755b8ed-GrpcLogAppender: appendEntries Timeout, request=802f7a56-3ac2-455e-92a2-71244eb20cf7->e0c56373-add1-4904-83f3-08b0a755b8ed#74-t1, previous=(t:1, i:23), leaderCommit=16, initializing? false, entries: <empty>
2019-09-11 20:10:39,685 [java.util.concurrent.ThreadPoolExecutor$Worker@35e4abe9[State = -1, empty queue]] WARN  server.GrpcLogAppender (GrpcLogAppender.java:timeoutAppendRequest(200)) - 802f7a56-3ac2-455e-92a2-71244eb20cf7@group-61D96FA8A4D2->9bb405f0-f563-4579-83ea-0bbe163a9fbc-GrpcLogAppender: appendEntries Timeout, request=802f7a56-3ac2-455e-92a2-71244eb20cf7->9bb405f0-f563-4579-83ea-0bbe163a9fbc#74-t1, previous=(t:1, i:23), leaderCommit=16, initializing? false, entries: <empty>
2019-09-11 20:10:40,611 [grpc-default-executor-6] INFO  client.GrpcClientProtocolClient (GrpcClientProtocolClient.java:onNext(264)) - client-1170F4C7A823->e0c56373-add1-4904-83f3-08b0a755b8ed: receive RaftClientReply:client-1170F4C7A823->e0c56373-add1-4904-83f3-08b0a755b8ed@group-61D96FA8A4D2, cid=247, FAILED org.apache.ratis.protocol.NotLeaderException: Server e0c56373-add1-4904-83f3-08b0a755b8ed@group-61D96FA8A4D2 is not the leader 802f7a56-3ac2-455e-92a2-71244eb20cf7:192.168.36.83:33220, logIndex=0, commits[e0c56373-add1-4904-83f3-08b0a755b8ed:c16, 802f7a56-3ac2-455e-92a2-71244eb20cf7:c16, 9bb405f0-f563-4579-83ea-0bbe163a9fbc:c14]
2019-09-11 20:10:41,688 [org.apache.ratis.server.impl.LogAppender$AppenderDaemon$$Lambda$513/1740195529@6a76aae7] ERROR ratis.XceiverServerRatis (XceiverServerRatis.java:triggerPipelineClose(568)) - pipeline Action CLOSE  on pipeline PipelineID=c7e82ce3-5b06-437e-9115-61d96fa8a4d2.Reason : 802f7a56-3ac2-455e-92a2-71244eb20cf7 has not seen follower/s 9bb405f0-f563-4579-83ea-0bbe163a9fbc for 132421ms e0c56373-add1-4904-83f3-08b0a755b8ed for 132422ms
2019-09-11 20:10:41,688 [org.apache.ratis.server.impl.LogAppender$AppenderDaemon$$Lambda$513/1740195529@3d8e5178] ERROR ratis.XceiverServerRatis (XceiverServerRatis.java:triggerPipelineClose(568)) - pipeline Action CLOSE  on pipeline PipelineID=c7e82ce3-5b06-437e-9115-61d96fa8a4d2.Reason : 802f7a56-3ac2-455e-92a2-71244eb20cf7 has not seen follower/s 9bb405f0-f563-4579-83ea-0bbe163a9fbc for 132421ms e0c56373-add1-4904-83f3-08b0a755b8ed for 132422ms
2019-09-11 20:10:42,187 [java.util.concurrent.ThreadPoolExecutor$Worker@178a595d[State = -1, empty queue]] WARN  server.GrpcLogAppender (GrpcLogAppender.java:timeoutAppendRequest(200)) - 802f7a56-3ac2-455e-92a2-71244eb20cf7@group-61D96FA8A4D2->e0c56373-add1-4904-83f3-08b0a755b8ed-GrpcLogAppender: appendEntries Timeout, request=802f7a56-3ac2-455e-92a2-71244eb20cf7->e0c56373-add1-4904-83f3-08b0a755b8ed#75-t1, previous=(t:1, i:23), leaderCommit=16, initializing? false, entries: <empty>
2019-09-11 20:10:42,187 [java.util.concurrent.ThreadPoolExecutor$Worker@35e4abe9[State = -1, empty queue]] WARN  server.GrpcLogAppender (GrpcLogAppender.java:timeoutAppendRequest(200)) - 802f7a56-3ac2-455e-92a2-71244eb20cf7@group-61D96FA8A4D2->9bb405f0-f563-4579-83ea-0bbe163a9fbc-GrpcLogAppender: appendEntries Timeout, request=802f7a56-3ac2-455e-92a2-71244eb20cf7->9bb405f0-f563-4579-83ea-0bbe163a9fbc#75-t1, previous=(t:1, i:23), leaderCommit=16, initializing? false, entries: <empty>
2019-09-11 20:10:42,681 [EventQueue-PipelineActionsForPipelineActionHandler] ERROR pipeline.PipelineActionHandler (PipelineActionHandler.java:onMessage(60)) - Received pipeline action CLOSE for Pipeline[ Id: c7e82ce3-5b06-437e-9115-61d96fa8a4d2, Nodes: 802f7a56-3ac2-455e-92a2-71244eb20cf7{ip: 192.168.36.83, host: pr-hdds-2096-jg2tg-1247294052, networkLocation: /default-rack, certSerialId: null}e0c56373-add1-4904-83f3-08b0a755b8ed{ip: 192.168.36.83, host: pr-hdds-2096-jg2tg-1247294052, networkLocation: /default-rack, certSerialId: null}9bb405f0-f563-4579-83ea-0bbe163a9fbc{ip: 192.168.36.83, host: pr-hdds-2096-jg2tg-1247294052, networkLocation: /default-rack, certSerialId: null}, Type:RATIS, Factor:THREE, State:CLOSED] from datanode 802f7a56-3ac2-455e-92a2-71244eb20cf7{ip: 192.168.36.83, host: pr-hdds-2096-jg2tg-1247294052, networkLocation: /default-rack, certSerialId: null}. Reason : 802f7a56-3ac2-455e-92a2-71244eb20cf7 has not seen follower/s 9bb405f0-f563-4579-83ea-0bbe163a9fbc for 132421ms e0c56373-add1-4904-83f3-08b0a755b8ed for 132422ms
2019-09-11 20:10:42,681 [EventQueue-PipelineActionsForPipelineActionHandler] INFO  pipeline.SCMPipelineManager (SCMPipelineManager.java:finalizeAndDestroyPipeline(311)) - destroying pipeline:Pipeline[ Id: c7e82ce3-5b06-437e-9115-61d96fa8a4d2, Nodes: 802f7a56-3ac2-455e-92a2-71244eb20cf7{ip: 192.168.36.83, host: pr-hdds-2096-jg2tg-1247294052, networkLocation: /default-rack, certSerialId: null}e0c56373-add1-4904-83f3-08b0a755b8ed{ip: 192.168.36.83, host: pr-hdds-2096-jg2tg-1247294052, networkLocation: /default-rack, certSerialId: null}9bb405f0-f563-4579-83ea-0bbe163a9fbc{ip: 192.168.36.83, host: pr-hdds-2096-jg2tg-1247294052, networkLocation: /default-rack, certSerialId: null}, Type:RATIS, Factor:THREE, State:CLOSED]
2019-09-11 20:10:44,189 [org.apache.ratis.server.impl.LogAppender$AppenderDaemon$$Lambda$513/1740195529@6a76aae7] ERROR ratis.XceiverServerRatis (XceiverServerRatis.java:triggerPipelineClose(568)) - pipeline Action CLOSE  on pipeline PipelineID=c7e82ce3-5b06-437e-9115-61d96fa8a4d2.Reason : 802f7a56-3ac2-455e-92a2-71244eb20cf7 has not seen follower/s 9bb405f0-f563-4579-83ea-0bbe163a9fbc for 134922ms e0c56373-add1-4904-83f3-08b0a755b8ed for 134922ms
2019-09-11 20:10:44,189 [org.apache.ratis.server.impl.LogAppender$AppenderDaemon$$Lambda$513/1740195529@3d8e5178] ERROR ratis.XceiverServerRatis (XceiverServerRatis.java:triggerPipelineClose(568)) - pipeline Action CLOSE  on pipeline PipelineID=c7e82ce3-5b06-437e-9115-61d96fa8a4d2.Reason : 802f7a56-3ac2-455e-92a2-71244eb20cf7 has not seen follower/s 9bb405f0-f563-4579-83ea-0bbe163a9fbc for 134922ms e0c56373-add1-4904-83f3-08b0a755b8ed for 134922ms
2019-09-11 20:10:44,680 [EventQueue-PipelineActionsForPipelineActionHandler] ERROR pipeline.PipelineActionHandler (PipelineActionHandler.java:onMessage(60)) - Received pipeline action CLOSE for Pipeline[ Id: c7e82ce3-5b06-437e-9115-61d96fa8a4d2, Nodes: 802f7a56-3ac2-455e-92a2-71244eb20cf7{ip: 192.168.36.83, host: pr-hdds-2096-jg2tg-1247294052, networkLocation: /default-rack, certSerialId: null}e0c56373-add1-4904-83f3-08b0a755b8ed{ip: 192.168.36.83, host: pr-hdds-2096-jg2tg-1247294052, networkLocation: /default-rack, certSerialId: null}9bb405f0-f563-4579-83ea-0bbe163a9fbc{ip: 192.168.36.83, host: pr-hdds-2096-jg2tg-1247294052, networkLocation: /default-rack, certSerialId: null}, Type:RATIS, Factor:THREE, State:CLOSED] from datanode 802f7a56-3ac2-455e-92a2-71244eb20cf7{ip: 192.168.36.83, host: pr-hdds-2096-jg2tg-1247294052, networkLocation: /default-rack, certSerialId: null}. Reason : 802f7a56-3ac2-455e-92a2-71244eb20cf7 has not seen follower/s 9bb405f0-f563-4579-83ea-0bbe163a9fbc for 134922ms e0c56373-add1-4904-83f3-08b0a755b8ed for 134922ms
2019-09-11 20:10:44,681 [EventQueue-PipelineActionsForPipelineActionHandler] INFO  pipeline.SCMPipelineManager (SCMPipelineManager.java:finalizeAndDestroyPipeline(311)) - destroying pipeline:Pipeline[ Id: c7e82ce3-5b06-437e-9115-61d96fa8a4d2, Nodes: 802f7a56-3ac2-455e-92a2-71244eb20cf7{ip: 192.168.36.83, host: pr-hdds-2096-jg2tg-1247294052, networkLocation: /default-rack, certSerialId: null}e0c56373-add1-4904-83f3-08b0a755b8ed{ip: 192.168.36.83, host: pr-hdds-2096-jg2tg-1247294052, networkLocation: /default-rack, certSerialId: null}9bb405f0-f563-4579-83ea-0bbe163a9fbc{ip: 192.168.36.83, host: pr-hdds-2096-jg2tg-1247294052, networkLocation: /default-rack, certSerialId: null}, Type:RATIS, Factor:THREE, State:CLOSED]
2019-09-11 20:10:44,688 [java.util.concurrent.ThreadPoolExecutor$Worker@178a595d[State = -1, empty queue]] WARN  server.GrpcLogAppender (GrpcLogAppender.java:timeoutAppendRequest(200)) - 802f7a56-3ac2-455e-92a2-71244eb20cf7@group-61D96FA8A4D2->e0c56373-add1-4904-83f3-08b0a755b8ed-GrpcLogAppender: appendEntries Timeout, request=802f7a56-3ac2-455e-92a2-71244eb20cf7->e0c56373-add1-4904-83f3-08b0a755b8ed#76-t1, previous=(t:1, i:23), leaderCommit=16, initializing? false, entries: <empty>
2019-09-11 20:10:44,688 [java.util.concurrent.ThreadPoolExecutor$Worker@35e4abe9[State = -1, empty queue]] WARN  server.GrpcLogAppender (GrpcLogAppender.java:timeoutAppendRequest(200)) - 802f7a56-3ac2-455e-92a2-71244eb20cf7@group-61D96FA8A4D2->9bb405f0-f563-4579-83ea-0bbe163a9fbc-GrpcLogAppender: appendEntries Timeout, request=802f7a56-3ac2-455e-92a2-71244eb20cf7->9bb405f0-f563-4579-83ea-0bbe163a9fbc#76-t1, previous=(t:1, i:23), leaderCommit=16, initializing? false, entries: <empty>
2019-09-11 20:10:45,651 [grpc-default-executor-13] INFO  client.GrpcClientProtocolClient (GrpcClientProtocolClient.java:onNext(264)) - client-1170F4C7A823->e0c56373-add1-4904-83f3-08b0a755b8ed: receive RaftClientReply:client-1170F4C7A823->e0c56373-add1-4904-83f3-08b0a755b8ed@group-61D96FA8A4D2, cid=247, FAILED org.apache.ratis.protocol.NotLeaderException: Server e0c56373-add1-4904-83f3-08b0a755b8ed@group-61D96FA8A4D2 is not the leader 802f7a56-3ac2-455e-92a2-71244eb20cf7:192.168.36.83:33220, logIndex=0, commits[e0c56373-add1-4904-83f3-08b0a755b8ed:c16, 802f7a56-3ac2-455e-92a2-71244eb20cf7:c16, 9bb405f0-f563-4579-83ea-0bbe163a9fbc:c14]
2019-09-11 20:10:46,690 [org.apache.ratis.server.impl.LogAppender$AppenderDaemon$$Lambda$513/1740195529@6a76aae7] ERROR ratis.XceiverServerRatis (XceiverServerRatis.java:triggerPipelineClose(568)) - pipeline Action CLOSE  on pipeline PipelineID=c7e82ce3-5b06-437e-9115-61d96fa8a4d2.Reason : 802f7a56-3ac2-455e-92a2-71244eb20cf7 has not seen follower/s 9bb405f0-f563-4579-83ea-0bbe163a9fbc for 137423ms e0c56373-add1-4904-83f3-08b0a755b8ed for 137423ms
2019-09-11 20:10:46,690 [org.apache.ratis.server.impl.LogAppender$AppenderDaemon$$Lambda$513/1740195529@3d8e5178] ERROR ratis.XceiverServerRatis (XceiverServerRatis.java:triggerPipelineClose(568)) - pipeline Action CLOSE  on pipeline PipelineID=c7e82ce3-5b06-437e-9115-61d96fa8a4d2.Reason : 802f7a56-3ac2-455e-92a2-71244eb20cf7 has not seen follower/s 9bb405f0-f563-4579-83ea-0bbe163a9fbc for 137423ms e0c56373-add1-4904-83f3-08b0a755b8ed for 137423ms
2019-09-11 20:10:47,189 [java.util.concurrent.ThreadPoolExecutor$Worker@178a595d[State = -1, empty queue]] WARN  server.GrpcLogAppender (GrpcLogAppender.java:timeoutAppendRequest(200)) - 802f7a56-3ac2-455e-92a2-71244eb20cf7@group-61D96FA8A4D2->e0c56373-add1-4904-83f3-08b0a755b8ed-GrpcLogAppender: appendEntries Timeout, request=802f7a56-3ac2-455e-92a2-71244eb20cf7->e0c56373-add1-4904-83f3-08b0a755b8ed#77-t1, previous=(t:1, i:23), leaderCommit=16, initializing? false, entries: <empty>
2019-09-11 20:10:47,189 [java.util.concurrent.ThreadPoolExecutor$Worker@35e4abe9[State = -1, empty queue]] WARN  server.GrpcLogAppender (GrpcLogAppender.java:timeoutAppendRequest(200)) - 802f7a56-3ac2-455e-92a2-71244eb20cf7@group-61D96FA8A4D2->9bb405f0-f563-4579-83ea-0bbe163a9fbc-GrpcLogAppender: appendEntries Timeout, request=802f7a56-3ac2-455e-92a2-71244eb20cf7->9bb405f0-f563-4579-83ea-0bbe163a9fbc#77-t1, previous=(t:1, i:23), leaderCommit=16, initializing? false, entries: <empty>
2019-09-11 20:10:47,681 [EventQueue-PipelineActionsForPipelineActionHandler] ERROR pipeline.PipelineActionHandler (PipelineActionHandler.java:onMessage(60)) - Received pipeline action CLOSE for Pipeline[ Id: c7e82ce3-5b06-437e-9115-61d96fa8a4d2, Nodes: 802f7a56-3ac2-455e-92a2-71244eb20cf7{ip: 192.168.36.83, host: pr-hdds-2096-jg2tg-1247294052, networkLocation: /default-rack, certSerialId: null}e0c56373-add1-4904-83f3-08b0a755b8ed{ip: 192.168.36.83, host: pr-hdds-2096-jg2tg-1247294052, networkLocation: /default-rack, certSerialId: null}9bb405f0-f563-4579-83ea-0bbe163a9fbc{ip: 192.168.36.83, host: pr-hdds-2096-jg2tg-1247294052, networkLocation: /default-rack, certSerialId: null}, Type:RATIS, Factor:THREE, State:CLOSED] from datanode 802f7a56-3ac2-455e-92a2-71244eb20cf7{ip: 192.168.36.83, host: pr-hdds-2096-jg2tg-1247294052, networkLocation: /default-rack, certSerialId: null}. Reason : 802f7a56-3ac2-455e-92a2-71244eb20cf7 has not seen follower/s 9bb405f0-f563-4579-83ea-0bbe163a9fbc for 137423ms e0c56373-add1-4904-83f3-08b0a755b8ed for 137423ms
2019-09-11 20:10:47,681 [EventQueue-PipelineActionsForPipelineActionHandler] INFO  pipeline.SCMPipelineManager (SCMPipelineManager.java:finalizeAndDestroyPipeline(311)) - destroying pipeline:Pipeline[ Id: c7e82ce3-5b06-437e-9115-61d96fa8a4d2, Nodes: 802f7a56-3ac2-455e-92a2-71244eb20cf7{ip: 192.168.36.83, host: pr-hdds-2096-jg2tg-1247294052, networkLocation: /default-rack, certSerialId: null}e0c56373-add1-4904-83f3-08b0a755b8ed{ip: 192.168.36.83, host: pr-hdds-2096-jg2tg-1247294052, networkLocation: /default-rack, certSerialId: null}9bb405f0-f563-4579-83ea-0bbe163a9fbc{ip: 192.168.36.83, host: pr-hdds-2096-jg2tg-1247294052, networkLocation: /default-rack, certSerialId: null}, Type:RATIS, Factor:THREE, State:CLOSED]
2019-09-11 20:10:49,191 [org.apache.ratis.server.impl.LogAppender$AppenderDaemon$$Lambda$513/1740195529@6a76aae7] ERROR ratis.XceiverServerRatis (XceiverServerRatis.java:triggerPipelineClose(568)) - pipeline Action CLOSE  on pipeline PipelineID=c7e82ce3-5b06-437e-9115-61d96fa8a4d2.Reason : 802f7a56-3ac2-455e-92a2-71244eb20cf7 has not seen follower/s 9bb405f0-f563-4579-83ea-0bbe163a9fbc for 139924ms e0c56373-add1-4904-83f3-08b0a755b8ed for 139925ms
2019-09-11 20:10:49,191 [org.apache.ratis.server.impl.LogAppender$AppenderDaemon$$Lambda$513/1740195529@3d8e5178] ERROR ratis.XceiverServerRatis (XceiverServerRatis.java:triggerPipelineClose(568)) - pipeline Action CLOSE  on pipeline PipelineID=c7e82ce3-5b06-437e-9115-61d96fa8a4d2.Reason : 802f7a56-3ac2-455e-92a2-71244eb20cf7 has not seen follower/s 9bb405f0-f563-4579-83ea-0bbe163a9fbc for 139924ms e0c56373-add1-4904-83f3-08b0a755b8ed for 139925ms
2019-09-11 20:10:49,518 [e0c56373-add1-4904-83f3-08b0a755b8ed@group-61D96FA8A4D2-SegmentedRaftLogWorker] WARN  segmented.SegmentedRaftLogWorker (SegmentedRaftLogWorker.java:getFromFuture(90)) - Timeout 13/~
org.apache.ratis.protocol.TimeoutIOException: Timeout 10s: WriteLog:18: (t:1, i:18), STATEMACHINELOGENTRY, client-1170F4C7A823, cid=248-writeStateMachineData
	at org.apache.ratis.util.IOUtils.getFromFuture(IOUtils.java:87)
	at org.apache.ratis.server.raftlog.segmented.SegmentedRaftLogWorker$StateMachineDataPolicy.getFromFuture(SegmentedRaftLogWorker.java:87)
	at org.apache.ratis.server.raftlog.segmented.SegmentedRaftLogWorker$WriteLog.execute(SegmentedRaftLogWorker.java:477)
	at org.apache.ratis.server.raftlog.segmented.SegmentedRaftLogWorker.run(SegmentedRaftLogWorker.java:289)
	at java.lang.Thread.run(Thread.java:748)
Caused by: java.util.concurrent.TimeoutException
	at java.util.concurrent.CompletableFuture.timedGet(CompletableFuture.java:1771)
	at java.util.concurrent.CompletableFuture.get(CompletableFuture.java:1915)
	at org.apache.ratis.util.IOUtils.getFromFuture(IOUtils.java:79)
	... 4 more
2019-09-11 20:10:49,551 [9bb405f0-f563-4579-83ea-0bbe163a9fbc@group-61D96FA8A4D2-SegmentedRaftLogWorker] WARN  segmented.SegmentedRaftLogWorker (SegmentedRaftLogWorker.java:getFromFuture(90)) - Timeout 13/~
org.apache.ratis.protocol.TimeoutIOException: Timeout 10s: WriteLog:18: (t:1, i:18), STATEMACHINELOGENTRY, client-1170F4C7A823, cid=248-writeStateMachineData
	at org.apache.ratis.util.IOUtils.getFromFuture(IOUtils.java:87)
	at org.apache.ratis.server.raftlog.segmented.SegmentedRaftLogWorker$StateMachineDataPolicy.getFromFuture(SegmentedRaftLogWorker.java:87)
	at org.apache.ratis.server.raftlog.segmented.SegmentedRaftLogWorker$WriteLog.execute(SegmentedRaftLogWorker.java:477)
	at org.apache.ratis.server.raftlog.segmented.SegmentedRaftLogWorker.run(SegmentedRaftLogWorker.java:289)
	at java.lang.Thread.run(Thread.java:748)
Caused by: java.util.concurrent.TimeoutException
	at java.util.concurrent.CompletableFuture.timedGet(CompletableFuture.java:1771)
	at java.util.concurrent.CompletableFuture.get(CompletableFuture.java:1915)
	at org.apache.ratis.util.IOUtils.getFromFuture(IOUtils.java:79)
	... 4 more
2019-09-11 20:10:49,552 [802f7a56-3ac2-455e-92a2-71244eb20cf7@group-61D96FA8A4D2-SegmentedRaftLogWorker] WARN  segmented.SegmentedRaftLogWorker (SegmentedRaftLogWorker.java:getFromFuture(90)) - Timeout 13/~
org.apache.ratis.protocol.TimeoutIOException: Timeout 10s: WriteLog:18: (t:1, i:18), STATEMACHINELOGENTRY, client-1170F4C7A823, cid=248-writeStateMachineData
	at org.apache.ratis.util.IOUtils.getFromFuture(IOUtils.java:87)
	at org.apache.ratis.server.raftlog.segmented.SegmentedRaftLogWorker$StateMachineDataPolicy.getFromFuture(SegmentedRaftLogWorker.java:87)
	at org.apache.ratis.server.raftlog.segmented.SegmentedRaftLogWorker$WriteLog.execute(SegmentedRaftLogWorker.java:477)
	at org.apache.ratis.server.raftlog.segmented.SegmentedRaftLogWorker.run(SegmentedRaftLogWorker.java:289)
	at java.lang.Thread.run(Thread.java:748)
Caused by: java.util.concurrent.TimeoutException
	at java.util.concurrent.CompletableFuture.timedGet(CompletableFuture.java:1771)
	at java.util.concurrent.CompletableFuture.get(CompletableFuture.java:1915)
	at org.apache.ratis.util.IOUtils.getFromFuture(IOUtils.java:79)
	... 4 more
2019-09-11 20:10:49,686 [EventQueue-PipelineActionsForPipelineActionHandler] ERROR pipeline.PipelineActionHandler (PipelineActionHandler.java:onMessage(60)) - Received pipeline action CLOSE for Pipeline[ Id: c7e82ce3-5b06-437e-9115-61d96fa8a4d2, Nodes: 802f7a56-3ac2-455e-92a2-71244eb20cf7{ip: 192.168.36.83, host: pr-hdds-2096-jg2tg-1247294052, networkLocation: /default-rack, certSerialId: null}e0c56373-add1-4904-83f3-08b0a755b8ed{ip: 192.168.36.83, host: pr-hdds-2096-jg2tg-1247294052, networkLocation: /default-rack, certSerialId: null}9bb405f0-f563-4579-83ea-0bbe163a9fbc{ip: 192.168.36.83, host: pr-hdds-2096-jg2tg-1247294052, networkLocation: /default-rack, certSerialId: null}, Type:RATIS, Factor:THREE, State:CLOSED] from datanode 802f7a56-3ac2-455e-92a2-71244eb20cf7{ip: 192.168.36.83, host: pr-hdds-2096-jg2tg-1247294052, networkLocation: /default-rack, certSerialId: null}. Reason : 802f7a56-3ac2-455e-92a2-71244eb20cf7 has not seen follower/s 9bb405f0-f563-4579-83ea-0bbe163a9fbc for 139924ms e0c56373-add1-4904-83f3-08b0a755b8ed for 139925ms
2019-09-11 20:10:49,686 [EventQueue-PipelineActionsForPipelineActionHandler] INFO  pipeline.SCMPipelineManager (SCMPipelineManager.java:finalizeAndDestroyPipeline(311)) - destroying pipeline:Pipeline[ Id: c7e82ce3-5b06-437e-9115-61d96fa8a4d2, Nodes: 802f7a56-3ac2-455e-92a2-71244eb20cf7{ip: 192.168.36.83, host: pr-hdds-2096-jg2tg-1247294052, networkLocation: /default-rack, certSerialId: null}e0c56373-add1-4904-83f3-08b0a755b8ed{ip: 192.168.36.83, host: pr-hdds-2096-jg2tg-1247294052, networkLocation: /default-rack, certSerialId: null}9bb405f0-f563-4579-83ea-0bbe163a9fbc{ip: 192.168.36.83, host: pr-hdds-2096-jg2tg-1247294052, networkLocation: /default-rack, certSerialId: null}, Type:RATIS, Factor:THREE, State:CLOSED]
2019-09-11 20:10:49,690 [java.util.concurrent.ThreadPoolExecutor$Worker@178a595d[State = -1, empty queue]] WARN  server.GrpcLogAppender (GrpcLogAppender.java:timeoutAppendRequest(200)) - 802f7a56-3ac2-455e-92a2-71244eb20cf7@group-61D96FA8A4D2->e0c56373-add1-4904-83f3-08b0a755b8ed-GrpcLogAppender: appendEntries Timeout, request=802f7a56-3ac2-455e-92a2-71244eb20cf7->e0c56373-add1-4904-83f3-08b0a755b8ed#78-t1, previous=(t:1, i:23), leaderCommit=16, initializing? false, entries: <empty>
2019-09-11 20:10:49,690 [java.util.concurrent.ThreadPoolExecutor$Worker@35e4abe9[State = -1, empty queue]] WARN  server.GrpcLogAppender (GrpcLogAppender.java:timeoutAppendRequest(200)) - 802f7a56-3ac2-455e-92a2-71244eb20cf7@group-61D96FA8A4D2->9bb405f0-f563-4579-83ea-0bbe163a9fbc-GrpcLogAppender: appendEntries Timeout, request=802f7a56-3ac2-455e-92a2-71244eb20cf7->9bb405f0-f563-4579-83ea-0bbe163a9fbc#78-t1, previous=(t:1, i:23), leaderCommit=16, initializing? false, entries: <empty>
2019-09-11 20:10:50,697 [grpc-default-executor-6] INFO  client.GrpcClientProtocolClient (GrpcClientProtocolClient.java:onNext(264)) - client-1170F4C7A823->e0c56373-add1-4904-83f3-08b0a755b8ed: receive RaftClientReply:client-1170F4C7A823->e0c56373-add1-4904-83f3-08b0a755b8ed@group-61D96FA8A4D2, cid=247, FAILED org.apache.ratis.protocol.NotLeaderException: Server e0c56373-add1-4904-83f3-08b0a755b8ed@group-61D96FA8A4D2 is not the leader 802f7a56-3ac2-455e-92a2-71244eb20cf7:192.168.36.83:33220, logIndex=0, commits[e0c56373-add1-4904-83f3-08b0a755b8ed:c16, 802f7a56-3ac2-455e-92a2-71244eb20cf7:c16, 9bb405f0-f563-4579-83ea-0bbe163a9fbc:c14]
2019-09-11 20:10:51,692 [org.apache.ratis.server.impl.LogAppender$AppenderDaemon$$Lambda$513/1740195529@6a76aae7] ERROR ratis.XceiverServerRatis (XceiverServerRatis.java:triggerPipelineClose(568)) - pipeline Action CLOSE  on pipeline PipelineID=c7e82ce3-5b06-437e-9115-61d96fa8a4d2.Reason : 802f7a56-3ac2-455e-92a2-71244eb20cf7 has not seen follower/s 9bb405f0-f563-4579-83ea-0bbe163a9fbc for 142425ms e0c56373-add1-4904-83f3-08b0a755b8ed for 142425ms
2019-09-11 20:10:51,692 [org.apache.ratis.server.impl.LogAppender$AppenderDaemon$$Lambda$513/1740195529@3d8e5178] ERROR ratis.XceiverServerRatis (XceiverServerRatis.java:triggerPipelineClose(568)) - pipeline Action CLOSE  on pipeline PipelineID=c7e82ce3-5b06-437e-9115-61d96fa8a4d2.Reason : 802f7a56-3ac2-455e-92a2-71244eb20cf7 has not seen follower/s 9bb405f0-f563-4579-83ea-0bbe163a9fbc for 142425ms e0c56373-add1-4904-83f3-08b0a755b8ed for 142425ms
2019-09-11 20:10:52,191 [java.util.concurrent.ThreadPoolExecutor$Worker@35e4abe9[State = -1, empty queue]] WARN  server.GrpcLogAppender (GrpcLogAppender.java:timeoutAppendRequest(200)) - 802f7a56-3ac2-455e-92a2-71244eb20cf7@group-61D96FA8A4D2->9bb405f0-f563-4579-83ea-0bbe163a9fbc-GrpcLogAppender: appendEntries Timeout, request=802f7a56-3ac2-455e-92a2-71244eb20cf7->9bb405f0-f563-4579-83ea-0bbe163a9fbc#79-t1, previous=(t:1, i:23), leaderCommit=16, initializing? false, entries: <empty>
2019-09-11 20:10:52,191 [java.util.concurrent.ThreadPoolExecutor$Worker@178a595d[State = -1, empty queue]] WARN  server.GrpcLogAppender (GrpcLogAppender.java:timeoutAppendRequest(200)) - 802f7a56-3ac2-455e-92a2-71244eb20cf7@group-61D96FA8A4D2->e0c56373-add1-4904-83f3-08b0a755b8ed-GrpcLogAppender: appendEntries Timeout, request=802f7a56-3ac2-455e-92a2-71244eb20cf7->e0c56373-add1-4904-83f3-08b0a755b8ed#79-t1, previous=(t:1, i:23), leaderCommit=16, initializing? false, entries: <empty>
2019-09-11 20:10:52,683 [EventQueue-PipelineActionsForPipelineActionHandler] ERROR pipeline.PipelineActionHandler (PipelineActionHandler.java:onMessage(60)) - Received pipeline action CLOSE for Pipeline[ Id: c7e82ce3-5b06-437e-9115-61d96fa8a4d2, Nodes: 802f7a56-3ac2-455e-92a2-71244eb20cf7{ip: 192.168.36.83, host: pr-hdds-2096-jg2tg-1247294052, networkLocation: /default-rack, certSerialId: null}e0c56373-add1-4904-83f3-08b0a755b8ed{ip: 192.168.36.83, host: pr-hdds-2096-jg2tg-1247294052, networkLocation: /default-rack, certSerialId: null}9bb405f0-f563-4579-83ea-0bbe163a9fbc{ip: 192.168.36.83, host: pr-hdds-2096-jg2tg-1247294052, networkLocation: /default-rack, certSerialId: null}, Type:RATIS, Factor:THREE, State:CLOSED] from datanode 802f7a56-3ac2-455e-92a2-71244eb20cf7{ip: 192.168.36.83, host: pr-hdds-2096-jg2tg-1247294052, networkLocation: /default-rack, certSerialId: null}. Reason : 802f7a56-3ac2-455e-92a2-71244eb20cf7 has not seen follower/s 9bb405f0-f563-4579-83ea-0bbe163a9fbc for 142425ms e0c56373-add1-4904-83f3-08b0a755b8ed for 142425ms
2019-09-11 20:10:52,683 [EventQueue-PipelineActionsForPipelineActionHandler] INFO  pipeline.SCMPipelineManager (SCMPipelineManager.java:finalizeAndDestroyPipeline(311)) - destroying pipeline:Pipeline[ Id: c7e82ce3-5b06-437e-9115-61d96fa8a4d2, Nodes: 802f7a56-3ac2-455e-92a2-71244eb20cf7{ip: 192.168.36.83, host: pr-hdds-2096-jg2tg-1247294052, networkLocation: /default-rack, certSerialId: null}e0c56373-add1-4904-83f3-08b0a755b8ed{ip: 192.168.36.83, host: pr-hdds-2096-jg2tg-1247294052, networkLocation: /default-rack, certSerialId: null}9bb405f0-f563-4579-83ea-0bbe163a9fbc{ip: 192.168.36.83, host: pr-hdds-2096-jg2tg-1247294052, networkLocation: /default-rack, certSerialId: null}, Type:RATIS, Factor:THREE, State:CLOSED]
2019-09-11 20:10:54,192 [org.apache.ratis.server.impl.LogAppender$AppenderDaemon$$Lambda$513/1740195529@6a76aae7] ERROR ratis.XceiverServerRatis (XceiverServerRatis.java:triggerPipelineClose(568)) - pipeline Action CLOSE  on pipeline PipelineID=c7e82ce3-5b06-437e-9115-61d96fa8a4d2.Reason : 802f7a56-3ac2-455e-92a2-71244eb20cf7 has not seen follower/s 9bb405f0-f563-4579-83ea-0bbe163a9fbc for 144926ms e0c56373-add1-4904-83f3-08b0a755b8ed for 144926ms
2019-09-11 20:10:54,193 [org.apache.ratis.server.impl.LogAppender$AppenderDaemon$$Lambda$513/1740195529@3d8e5178] ERROR ratis.XceiverServerRatis (XceiverServerRatis.java:triggerPipelineClose(568)) - pipeline Action CLOSE  on pipeline PipelineID=c7e82ce3-5b06-437e-9115-61d96fa8a4d2.Reason : 802f7a56-3ac2-455e-92a2-71244eb20cf7 has not seen follower/s 9bb405f0-f563-4579-83ea-0bbe163a9fbc for 144926ms e0c56373-add1-4904-83f3-08b0a755b8ed for 144926ms
2019-09-11 20:10:54,683 [EventQueue-PipelineActionsForPipelineActionHandler] ERROR pipeline.PipelineActionHandler (PipelineActionHandler.java:onMessage(60)) - Received pipeline action CLOSE for Pipeline[ Id: c7e82ce3-5b06-437e-9115-61d96fa8a4d2, Nodes: 802f7a56-3ac2-455e-92a2-71244eb20cf7{ip: 192.168.36.83, host: pr-hdds-2096-jg2tg-1247294052, networkLocation: /default-rack, certSerialId: null}e0c56373-add1-4904-83f3-08b0a755b8ed{ip: 192.168.36.83, host: pr-hdds-2096-jg2tg-1247294052, networkLocation: /default-rack, certSerialId: null}9bb405f0-f563-4579-83ea-0bbe163a9fbc{ip: 192.168.36.83, host: pr-hdds-2096-jg2tg-1247294052, networkLocation: /default-rack, certSerialId: null}, Type:RATIS, Factor:THREE, State:CLOSED] from datanode 802f7a56-3ac2-455e-92a2-71244eb20cf7{ip: 192.168.36.83, host: pr-hdds-2096-jg2tg-1247294052, networkLocation: /default-rack, certSerialId: null}. Reason : 802f7a56-3ac2-455e-92a2-71244eb20cf7 has not seen follower/s 9bb405f0-f563-4579-83ea-0bbe163a9fbc for 144926ms e0c56373-add1-4904-83f3-08b0a755b8ed for 144926ms
2019-09-11 20:10:54,683 [EventQueue-PipelineActionsForPipelineActionHandler] INFO  pipeline.SCMPipelineManager (SCMPipelineManager.java:finalizeAndDestroyPipeline(311)) - destroying pipeline:Pipeline[ Id: c7e82ce3-5b06-437e-9115-61d96fa8a4d2, Nodes: 802f7a56-3ac2-455e-92a2-71244eb20cf7{ip: 192.168.36.83, host: pr-hdds-2096-jg2tg-1247294052, networkLocation: /default-rack, certSerialId: null}e0c56373-add1-4904-83f3-08b0a755b8ed{ip: 192.168.36.83, host: pr-hdds-2096-jg2tg-1247294052, networkLocation: /default-rack, certSerialId: null}9bb405f0-f563-4579-83ea-0bbe163a9fbc{ip: 192.168.36.83, host: pr-hdds-2096-jg2tg-1247294052, networkLocation: /default-rack, certSerialId: null}, Type:RATIS, Factor:THREE, State:CLOSED]
2019-09-11 20:10:54,691 [java.util.concurrent.ThreadPoolExecutor$Worker@178a595d[State = -1, empty queue]] WARN  server.GrpcLogAppender (GrpcLogAppender.java:timeoutAppendRequest(200)) - 802f7a56-3ac2-455e-92a2-71244eb20cf7@group-61D96FA8A4D2->e0c56373-add1-4904-83f3-08b0a755b8ed-GrpcLogAppender: appendEntries Timeout, request=802f7a56-3ac2-455e-92a2-71244eb20cf7->e0c56373-add1-4904-83f3-08b0a755b8ed#80-t1, previous=(t:1, i:23), leaderCommit=16, initializing? false, entries: <empty>
2019-09-11 20:10:54,691 [java.util.concurrent.ThreadPoolExecutor$Worker@35e4abe9[State = -1, empty queue]] WARN  server.GrpcLogAppender (GrpcLogAppender.java:timeoutAppendRequest(200)) - 802f7a56-3ac2-455e-92a2-71244eb20cf7@group-61D96FA8A4D2->9bb405f0-f563-4579-83ea-0bbe163a9fbc-GrpcLogAppender: appendEntries Timeout, request=802f7a56-3ac2-455e-92a2-71244eb20cf7->9bb405f0-f563-4579-83ea-0bbe163a9fbc#80-t1, previous=(t:1, i:23), leaderCommit=16, initializing? false, entries: <empty>
2019-09-11 20:10:55,734 [grpc-default-executor-13] INFO  client.GrpcClientProtocolClient (GrpcClientProtocolClient.java:onNext(264)) - client-1170F4C7A823->e0c56373-add1-4904-83f3-08b0a755b8ed: receive RaftClientReply:client-1170F4C7A823->e0c56373-add1-4904-83f3-08b0a755b8ed@group-61D96FA8A4D2, cid=247, FAILED org.apache.ratis.protocol.NotLeaderException: Server e0c56373-add1-4904-83f3-08b0a755b8ed@group-61D96FA8A4D2 is not the leader 802f7a56-3ac2-455e-92a2-71244eb20cf7:192.168.36.83:33220, logIndex=0, commits[e0c56373-add1-4904-83f3-08b0a755b8ed:c16, 802f7a56-3ac2-455e-92a2-71244eb20cf7:c16, 9bb405f0-f563-4579-83ea-0bbe163a9fbc:c14]
2019-09-11 20:10:55,876 [grpc-default-executor-1] INFO  impl.RaftServerProxy (RaftServerProxy.java:addNew(89)) - 802f7a56-3ac2-455e-92a2-71244eb20cf7: addNew group-D865ADAED05F:[802f7a56-3ac2-455e-92a2-71244eb20cf7:192.168.36.83:33220, 9bb405f0-f563-4579-83ea-0bbe163a9fbc:192.168.36.83:46254, e0c56373-add1-4904-83f3-08b0a755b8ed:192.168.36.83:45126] returns group-D865ADAED05F:java.util.concurrent.CompletableFuture@6fdf1926[Not completed]
2019-09-11 20:10:55,876 [grpc-default-executor-13] INFO  impl.RaftServerProxy (RaftServerProxy.java:addNew(89)) - 9bb405f0-f563-4579-83ea-0bbe163a9fbc: addNew group-D865ADAED05F:[802f7a56-3ac2-455e-92a2-71244eb20cf7:192.168.36.83:33220, 9bb405f0-f563-4579-83ea-0bbe163a9fbc:192.168.36.83:46254, e0c56373-add1-4904-83f3-08b0a755b8ed:192.168.36.83:45126] returns group-D865ADAED05F:java.util.concurrent.CompletableFuture@369a764b[Not completed]
2019-09-11 20:10:55,876 [grpc-default-executor-6] INFO  impl.RaftServerProxy (RaftServerProxy.java:addNew(89)) - e0c56373-add1-4904-83f3-08b0a755b8ed: addNew group-D865ADAED05F:[802f7a56-3ac2-455e-92a2-71244eb20cf7:192.168.36.83:33220, 9bb405f0-f563-4579-83ea-0bbe163a9fbc:192.168.36.83:46254, e0c56373-add1-4904-83f3-08b0a755b8ed:192.168.36.83:45126] returns group-D865ADAED05F:java.util.concurrent.CompletableFuture@2fdd7822[Not completed]
2019-09-11 20:10:55,880 [pool-37-thread-1] INFO  impl.RaftServerImpl (RaftServerImpl.java:<init>(95)) - e0c56373-add1-4904-83f3-08b0a755b8ed: new RaftServerImpl for group-D865ADAED05F:[802f7a56-3ac2-455e-92a2-71244eb20cf7:192.168.36.83:33220, 9bb405f0-f563-4579-83ea-0bbe163a9fbc:192.168.36.83:46254, e0c56373-add1-4904-83f3-08b0a755b8ed:192.168.36.83:45126] with ContainerStateMachine:uninitialized
2019-09-11 20:10:55,880 [pool-37-thread-1] INFO  server.RaftServerConfigKeys (ConfUtils.java:logGet(43)) - raft.server.rpc.timeout.min = 5s (custom)
2019-09-11 20:10:55,880 [pool-37-thread-1] INFO  server.RaftServerConfigKeys (ConfUtils.java:logGet(43)) - raft.server.rpc.timeout.max = 5200ms (custom)
2019-09-11 20:10:55,880 [pool-37-thread-1] INFO  server.RaftServerConfigKeys (ConfUtils.java:logGet(43)) - raft.server.rpcslowness.timeout = 120s (custom)
2019-09-11 20:10:55,881 [pool-37-thread-1] INFO  server.RaftServerConfigKeys (ConfUtils.java:logGet(43)) - raft.server.sleep.deviation.threshold = 300 (default)
2019-09-11 20:10:55,881 [pool-37-thread-1] INFO  server.RaftServerConfigKeys (ConfUtils.java:logGet(43)) - raft.server.log.appender.install.snapshot.enabled = false (custom)
2019-09-11 20:10:55,881 [pool-27-thread-1] INFO  impl.RaftServerImpl (RaftServerImpl.java:<init>(95)) - 9bb405f0-f563-4579-83ea-0bbe163a9fbc: new RaftServerImpl for group-D865ADAED05F:[802f7a56-3ac2-455e-92a2-71244eb20cf7:192.168.36.83:33220, 9bb405f0-f563-4579-83ea-0bbe163a9fbc:192.168.36.83:46254, e0c56373-add1-4904-83f3-08b0a755b8ed:192.168.36.83:45126] with ContainerStateMachine:uninitialized
2019-09-11 20:10:55,881 [pool-37-thread-1] INFO  impl.RaftServerImpl (ServerState.java:<init>(103)) - e0c56373-add1-4904-83f3-08b0a755b8ed@group-D865ADAED05F: ConfigurationManager, init=-1: [802f7a56-3ac2-455e-92a2-71244eb20cf7:192.168.36.83:33220, 9bb405f0-f563-4579-83ea-0bbe163a9fbc:192.168.36.83:46254, e0c56373-add1-4904-83f3-08b0a755b8ed:192.168.36.83:45126], old=null, confs=<EMPTY_MAP>
2019-09-11 20:10:55,881 [pool-27-thread-1] INFO  server.RaftServerConfigKeys (ConfUtils.java:logGet(43)) - raft.server.rpc.timeout.min = 5s (custom)
2019-09-11 20:10:55,881 [pool-27-thread-1] INFO  server.RaftServerConfigKeys (ConfUtils.java:logGet(43)) - raft.server.rpc.timeout.max = 5200ms (custom)
2019-09-11 20:10:55,881 [pool-27-thread-1] INFO  server.RaftServerConfigKeys (ConfUtils.java:logGet(43)) - raft.server.rpcslowness.timeout = 120s (custom)
2019-09-11 20:10:55,881 [pool-37-thread-1] INFO  server.RaftServerConfigKeys (ConfUtils.java:logGet(43)) - raft.server.storage.dir = [/workdir/hadoop-ozone/integration-test/target/test-dir/MiniOzoneClusterImpl-0a14e7f9-644e-4233-9ad1-c76f0b8b7528/datanode-1/data/ratis] (custom)
2019-09-11 20:10:55,882 [pool-27-thread-1] INFO  server.RaftServerConfigKeys (ConfUtils.java:logGet(43)) - raft.server.sleep.deviation.threshold = 300 (default)
2019-09-11 20:10:55,882 [pool-27-thread-1] INFO  server.RaftServerConfigKeys (ConfUtils.java:logGet(43)) - raft.server.log.appender.install.snapshot.enabled = false (custom)
2019-09-11 20:10:55,882 [pool-27-thread-1] INFO  impl.RaftServerImpl (ServerState.java:<init>(103)) - 9bb405f0-f563-4579-83ea-0bbe163a9fbc@group-D865ADAED05F: ConfigurationManager, init=-1: [802f7a56-3ac2-455e-92a2-71244eb20cf7:192.168.36.83:33220, 9bb405f0-f563-4579-83ea-0bbe163a9fbc:192.168.36.83:46254, e0c56373-add1-4904-83f3-08b0a755b8ed:192.168.36.83:45126], old=null, confs=<EMPTY_MAP>
2019-09-11 20:10:55,882 [pool-57-thread-1] INFO  impl.RaftServerImpl (RaftServerImpl.java:<init>(95)) - 802f7a56-3ac2-455e-92a2-71244eb20cf7: new RaftServerImpl for group-D865ADAED05F:[802f7a56-3ac2-455e-92a2-71244eb20cf7:192.168.36.83:33220, 9bb405f0-f563-4579-83ea-0bbe163a9fbc:192.168.36.83:46254, e0c56373-add1-4904-83f3-08b0a755b8ed:192.168.36.83:45126] with ContainerStateMachine:uninitialized
2019-09-11 20:10:55,882 [pool-37-thread-1] INFO  storage.RaftStorageDirectory (RaftStorageDirectory.java:analyzeStorage(246)) - The storage directory /workdir/hadoop-ozone/integration-test/target/test-dir/MiniOzoneClusterImpl-0a14e7f9-644e-4233-9ad1-c76f0b8b7528/datanode-1/data/ratis/e697b417-c12e-41cb-b871-d865adaed05f does not exist. Creating ...
2019-09-11 20:10:55,882 [pool-27-thread-1] INFO  server.RaftServerConfigKeys (ConfUtils.java:logGet(43)) - raft.server.storage.dir = [/workdir/hadoop-ozone/integration-test/target/test-dir/MiniOzoneClusterImpl-0a14e7f9-644e-4233-9ad1-c76f0b8b7528/datanode-0/data/ratis] (custom)
2019-09-11 20:10:55,882 [pool-57-thread-1] INFO  server.RaftServerConfigKeys (ConfUtils.java:logGet(43)) - raft.server.rpc.timeout.min = 5s (custom)
2019-09-11 20:10:55,883 [pool-57-thread-1] INFO  server.RaftServerConfigKeys (ConfUtils.java:logGet(43)) - raft.server.rpc.timeout.max = 5200ms (custom)
2019-09-11 20:10:55,883 [pool-27-thread-1] INFO  storage.RaftStorageDirectory (RaftStorageDirectory.java:analyzeStorage(246)) - The storage directory /workdir/hadoop-ozone/integration-test/target/test-dir/MiniOzoneClusterImpl-0a14e7f9-644e-4233-9ad1-c76f0b8b7528/datanode-0/data/ratis/e697b417-c12e-41cb-b871-d865adaed05f does not exist. Creating ...
2019-09-11 20:10:55,883 [pool-57-thread-1] INFO  server.RaftServerConfigKeys (ConfUtils.java:logGet(43)) - raft.server.rpcslowness.timeout = 120s (custom)
2019-09-11 20:10:55,883 [pool-57-thread-1] INFO  server.RaftServerConfigKeys (ConfUtils.java:logGet(43)) - raft.server.sleep.deviation.threshold = 300 (default)
2019-09-11 20:10:55,884 [pool-57-thread-1] INFO  server.RaftServerConfigKeys (ConfUtils.java:logGet(43)) - raft.server.log.appender.install.snapshot.enabled = false (custom)
2019-09-11 20:10:55,884 [pool-57-thread-1] INFO  impl.RaftServerImpl (ServerState.java:<init>(103)) - 802f7a56-3ac2-455e-92a2-71244eb20cf7@group-D865ADAED05F: ConfigurationManager, init=-1: [802f7a56-3ac2-455e-92a2-71244eb20cf7:192.168.36.83:33220, 9bb405f0-f563-4579-83ea-0bbe163a9fbc:192.168.36.83:46254, e0c56373-add1-4904-83f3-08b0a755b8ed:192.168.36.83:45126], old=null, confs=<EMPTY_MAP>
2019-09-11 20:10:55,884 [pool-57-thread-1] INFO  server.RaftServerConfigKeys (ConfUtils.java:logGet(43)) - raft.server.storage.dir = [/workdir/hadoop-ozone/integration-test/target/test-dir/MiniOzoneClusterImpl-0a14e7f9-644e-4233-9ad1-c76f0b8b7528/datanode-3/data/ratis] (custom)
2019-09-11 20:10:55,885 [pool-57-thread-1] INFO  storage.RaftStorageDirectory (RaftStorageDirectory.java:analyzeStorage(246)) - The storage directory /workdir/hadoop-ozone/integration-test/target/test-dir/MiniOzoneClusterImpl-0a14e7f9-644e-4233-9ad1-c76f0b8b7528/datanode-3/data/ratis/e697b417-c12e-41cb-b871-d865adaed05f does not exist. Creating ...
2019-09-11 20:10:55,905 [pool-57-thread-1] INFO  storage.RaftStorageDirectory (RaftStorageDirectory.java:tryLock(328)) - Lock on /workdir/hadoop-ozone/integration-test/target/test-dir/MiniOzoneClusterImpl-0a14e7f9-644e-4233-9ad1-c76f0b8b7528/datanode-3/data/ratis/e697b417-c12e-41cb-b871-d865adaed05f/in_use.lock acquired by nodename 31903@pr-hdds-2096-jg2tg-1247294052
2019-09-11 20:10:55,906 [pool-27-thread-1] INFO  storage.RaftStorageDirectory (RaftStorageDirectory.java:tryLock(328)) - Lock on /workdir/hadoop-ozone/integration-test/target/test-dir/MiniOzoneClusterImpl-0a14e7f9-644e-4233-9ad1-c76f0b8b7528/datanode-0/data/ratis/e697b417-c12e-41cb-b871-d865adaed05f/in_use.lock acquired by nodename 31903@pr-hdds-2096-jg2tg-1247294052
2019-09-11 20:10:55,905 [pool-37-thread-1] INFO  storage.RaftStorageDirectory (RaftStorageDirectory.java:tryLock(328)) - Lock on /workdir/hadoop-ozone/integration-test/target/test-dir/MiniOzoneClusterImpl-0a14e7f9-644e-4233-9ad1-c76f0b8b7528/datanode-1/data/ratis/e697b417-c12e-41cb-b871-d865adaed05f/in_use.lock acquired by nodename 31903@pr-hdds-2096-jg2tg-1247294052
2019-09-11 20:10:55,920 [pool-37-thread-1] INFO  storage.RaftStorage (RaftStorage.java:format(72)) - Storage directory /workdir/hadoop-ozone/integration-test/target/test-dir/MiniOzoneClusterImpl-0a14e7f9-644e-4233-9ad1-c76f0b8b7528/datanode-1/data/ratis/e697b417-c12e-41cb-b871-d865adaed05f has been successfully formatted.
2019-09-11 20:10:55,920 [pool-27-thread-1] INFO  storage.RaftStorage (RaftStorage.java:format(72)) - Storage directory /workdir/hadoop-ozone/integration-test/target/test-dir/MiniOzoneClusterImpl-0a14e7f9-644e-4233-9ad1-c76f0b8b7528/datanode-0/data/ratis/e697b417-c12e-41cb-b871-d865adaed05f has been successfully formatted.
2019-09-11 20:10:55,920 [pool-37-thread-1] INFO  ratis.ContainerStateMachine (ContainerStateMachine.java:loadSnapshot(230)) - group-D865ADAED05F: The snapshot info is null. Setting the last applied indexto:(t:0, i:~)
2019-09-11 20:10:55,920 [pool-57-thread-1] INFO  storage.RaftStorage (RaftStorage.java:format(72)) - Storage directory /workdir/hadoop-ozone/integration-test/target/test-dir/MiniOzoneClusterImpl-0a14e7f9-644e-4233-9ad1-c76f0b8b7528/datanode-3/data/ratis/e697b417-c12e-41cb-b871-d865adaed05f has been successfully formatted.
2019-09-11 20:10:55,920 [pool-27-thread-1] INFO  ratis.ContainerStateMachine (ContainerStateMachine.java:loadSnapshot(230)) - group-D865ADAED05F: The snapshot info is null. Setting the last applied indexto:(t:0, i:~)
2019-09-11 20:10:55,920 [pool-37-thread-1] INFO  server.RaftServerConfigKeys (ConfUtils.java:logGet(43)) - raft.server.notification.no-leader.timeout = 120s (custom)
2019-09-11 20:10:55,920 [pool-27-thread-1] INFO  server.RaftServerConfigKeys (ConfUtils.java:logGet(43)) - raft.server.notification.no-leader.timeout = 120s (custom)
2019-09-11 20:10:55,920 [pool-57-thread-1] INFO  ratis.ContainerStateMachine (ContainerStateMachine.java:loadSnapshot(230)) - group-D865ADAED05F: The snapshot info is null. Setting the last applied indexto:(t:0, i:~)
2019-09-11 20:10:55,921 [pool-27-thread-1] INFO  server.RaftServerConfigKeys (ConfUtils.java:logGet(43)) - raft.server.log.use.memory = false (default)
2019-09-11 20:10:55,921 [pool-37-thread-1] INFO  server.RaftServerConfigKeys (ConfUtils.java:logGet(43)) - raft.server.log.use.memory = false (default)
2019-09-11 20:10:55,921 [pool-57-thread-1] INFO  server.RaftServerConfigKeys (ConfUtils.java:logGet(43)) - raft.server.notification.no-leader.timeout = 120s (custom)
2019-09-11 20:10:55,921 [pool-27-thread-1] INFO  server.RaftServerConfigKeys (ConfUtils.java:logGet(43)) - raft.server.log.purge.gap = 1000000 (custom)
2019-09-11 20:10:55,921 [pool-37-thread-1] INFO  server.RaftServerConfigKeys (ConfUtils.java:logGet(43)) - raft.server.log.purge.gap = 1000000 (custom)
2019-09-11 20:10:55,921 [pool-27-thread-1] INFO  server.RaftServerConfigKeys (ConfUtils.java:logGet(43)) - raft.server.log.appender.buffer.byte-limit = 33554432 (custom)
2019-09-11 20:10:55,921 [pool-57-thread-1] INFO  server.RaftServerConfigKeys (ConfUtils.java:logGet(43)) - raft.server.log.use.memory = false (default)
2019-09-11 20:10:55,922 [pool-27-thread-1] INFO  server.RaftServerConfigKeys (ConfUtils.java:logGet(43)) - raft.server.log.segment.size.max = 1048576 (custom)
2019-09-11 20:10:55,922 [pool-37-thread-1] INFO  server.RaftServerConfigKeys (ConfUtils.java:logGet(43)) - raft.server.log.appender.buffer.byte-limit = 33554432 (custom)
2019-09-11 20:10:55,922 [pool-27-thread-1] INFO  server.RaftServerConfigKeys (ConfUtils.java:logGet(43)) - raft.server.log.segment.cache.num.max = 2 (custom)
2019-09-11 20:10:55,922 [pool-57-thread-1] INFO  server.RaftServerConfigKeys (ConfUtils.java:logGet(43)) - raft.server.log.purge.gap = 1000000 (custom)
2019-09-11 20:10:55,922 [pool-27-thread-1] INFO  segmented.SegmentedRaftLogWorker (SegmentedRaftLogWorker.java:<init>(172)) - new 9bb405f0-f563-4579-83ea-0bbe163a9fbc@group-D865ADAED05F-SegmentedRaftLogWorker for RaftStorage:Storage Directory /workdir/hadoop-ozone/integration-test/target/test-dir/MiniOzoneClusterImpl-0a14e7f9-644e-4233-9ad1-c76f0b8b7528/datanode-0/data/ratis/e697b417-c12e-41cb-b871-d865adaed05f
2019-09-11 20:10:55,922 [pool-37-thread-1] INFO  server.RaftServerConfigKeys (ConfUtils.java:logGet(43)) - raft.server.log.segment.size.max = 1048576 (custom)
2019-09-11 20:10:55,923 [pool-27-thread-1] INFO  server.RaftServerConfigKeys (ConfUtils.java:logGet(43)) - raft.server.log.queue.byte-limit = 2147483647 (custom)
2019-09-11 20:10:55,922 [pool-57-thread-1] INFO  server.RaftServerConfigKeys (ConfUtils.java:logGet(43)) - raft.server.log.appender.buffer.byte-limit = 33554432 (custom)
2019-09-11 20:10:55,923 [pool-27-thread-1] INFO  server.RaftServerConfigKeys (ConfUtils.java:logGet(43)) - raft.server.log.queue.element-limit = 1024 (custom)
2019-09-11 20:10:55,923 [pool-37-thread-1] INFO  server.RaftServerConfigKeys (ConfUtils.java:logGet(43)) - raft.server.log.segment.cache.num.max = 2 (custom)
2019-09-11 20:10:55,923 [pool-27-thread-1] INFO  server.RaftServerConfigKeys (ConfUtils.java:logGet(43)) - raft.server.log.segment.size.max = 1048576 (custom)
2019-09-11 20:10:55,923 [pool-57-thread-1] INFO  server.RaftServerConfigKeys (ConfUtils.java:logGet(43)) - raft.server.log.segment.size.max = 1048576 (custom)
2019-09-11 20:10:55,924 [pool-27-thread-1] INFO  server.RaftServerConfigKeys (ConfUtils.java:logGet(43)) - raft.server.log.preallocated.size = 16384 (custom)
2019-09-11 20:10:55,923 [pool-37-thread-1] INFO  segmented.SegmentedRaftLogWorker (SegmentedRaftLogWorker.java:<init>(172)) - new e0c56373-add1-4904-83f3-08b0a755b8ed@group-D865ADAED05F-SegmentedRaftLogWorker for RaftStorage:Storage Directory /workdir/hadoop-ozone/integration-test/target/test-dir/MiniOzoneClusterImpl-0a14e7f9-644e-4233-9ad1-c76f0b8b7528/datanode-1/data/ratis/e697b417-c12e-41cb-b871-d865adaed05f
2019-09-11 20:10:55,924 [pool-27-thread-1] INFO  server.RaftServerConfigKeys (ConfUtils.java:logGet(43)) - raft.server.log.write.buffer.size = 33554432 (custom)
2019-09-11 20:10:55,924 [pool-57-thread-1] INFO  server.RaftServerConfigKeys (ConfUtils.java:logGet(43)) - raft.server.log.segment.cache.num.max = 2 (custom)
2019-09-11 20:10:55,924 [pool-27-thread-1] INFO  server.RaftServerConfigKeys (ConfUtils.java:logGet(43)) - raft.server.log.force.sync.num = 128 (default)
2019-09-11 20:10:55,924 [pool-37-thread-1] INFO  server.RaftServerConfigKeys (ConfUtils.java:logGet(43)) - raft.server.log.queue.byte-limit = 2147483647 (custom)
2019-09-11 20:10:55,925 [pool-27-thread-1] INFO  server.RaftServerConfigKeys (ConfUtils.java:logGet(43)) - raft.server.log.statemachine.data.sync = true (default)
2019-09-11 20:10:55,924 [pool-57-thread-1] INFO  segmented.SegmentedRaftLogWorker (SegmentedRaftLogWorker.java:<init>(172)) - new 802f7a56-3ac2-455e-92a2-71244eb20cf7@group-D865ADAED05F-SegmentedRaftLogWorker for RaftStorage:Storage Directory /workdir/hadoop-ozone/integration-test/target/test-dir/MiniOzoneClusterImpl-0a14e7f9-644e-4233-9ad1-c76f0b8b7528/datanode-3/data/ratis/e697b417-c12e-41cb-b871-d865adaed05f
2019-09-11 20:10:55,925 [pool-27-thread-1] INFO  server.RaftServerConfigKeys (ConfUtils.java:logGet(43)) - raft.server.log.statemachine.data.sync.timeout = 10s (default)
2019-09-11 20:10:55,925 [pool-37-thread-1] INFO  server.RaftServerConfigKeys (ConfUtils.java:logGet(43)) - raft.server.log.queue.element-limit = 1024 (custom)
2019-09-11 20:10:55,925 [pool-27-thread-1] INFO  server.RaftServerConfigKeys (ConfUtils.java:logGet(43)) - raft.server.log.statemachine.data.sync.timeout.retry = -1 (default)
2019-09-11 20:10:55,925 [pool-57-thread-1] INFO  server.RaftServerConfigKeys (ConfUtils.java:logGet(43)) - raft.server.log.queue.byte-limit = 2147483647 (custom)
2019-09-11 20:10:55,926 [pool-27-thread-1] INFO  server.RaftServerConfigKeys (ConfUtils.java:logGet(43)) - raft.server.log.statemachine.data.caching.enabled = true (custom)
2019-09-11 20:10:55,925 [pool-37-thread-1] INFO  server.RaftServerConfigKeys (ConfUtils.java:logGet(43)) - raft.server.log.segment.size.max = 1048576 (custom)
2019-09-11 20:10:55,926 [pool-37-thread-1] INFO  server.RaftServerConfigKeys (ConfUtils.java:logGet(43)) - raft.server.log.preallocated.size = 16384 (custom)
2019-09-11 20:10:55,926 [pool-57-thread-1] INFO  server.RaftServerConfigKeys (ConfUtils.java:logGet(43)) - raft.server.log.queue.element-limit = 1024 (custom)
2019-09-11 20:10:55,926 [pool-27-thread-1] INFO  segmented.SegmentedRaftLogWorker (SegmentedRaftLogWorker.java:lambda$new$0(132)) - 9bb405f0-f563-4579-83ea-0bbe163a9fbc@group-D865ADAED05F-SegmentedRaftLogWorker: flushIndex: setUnconditionally 0 -> -1
2019-09-11 20:10:55,926 [pool-37-thread-1] INFO  server.RaftServerConfigKeys (ConfUtils.java:logGet(43)) - raft.server.log.write.buffer.size = 33554432 (custom)
2019-09-11 20:10:55,926 [pool-57-thread-1] INFO  server.RaftServerConfigKeys (ConfUtils.java:logGet(43)) - raft.server.log.segment.size.max = 1048576 (custom)
2019-09-11 20:10:55,927 [pool-27-thread-1] INFO  server.RaftServerConfigKeys (ConfUtils.java:logGet(43)) - raft.server.snapshot.auto.trigger.enabled = true (custom)
2019-09-11 20:10:55,927 [pool-37-thread-1] INFO  server.RaftServerConfigKeys (ConfUtils.java:logGet(43)) - raft.server.log.force.sync.num = 128 (default)
2019-09-11 20:10:55,927 [pool-27-thread-1] INFO  server.RaftServerConfigKeys (ConfUtils.java:logGet(43)) - raft.server.snapshot.auto.trigger.threshold = 10000 (custom)
2019-09-11 20:10:55,927 [pool-57-thread-1] INFO  server.RaftServerConfigKeys (ConfUtils.java:logGet(43)) - raft.server.log.preallocated.size = 16384 (custom)
2019-09-11 20:10:55,927 [pool-27-thread-1] INFO  server.RaftServerConfigKeys (ConfUtils.java:logGet(43)) - raft.server.snapshot.retention.num.files = -1 (default)
2019-09-11 20:10:55,927 [pool-37-thread-1] INFO  server.RaftServerConfigKeys (ConfUtils.java:logGet(43)) - raft.server.log.statemachine.data.sync = true (default)
2019-09-11 20:10:55,928 [pool-27-thread-1] INFO  server.RaftServerConfigKeys (ConfUtils.java:logGet(43)) - raft.server.retrycache.expirytime = 600000ms (custom)
2019-09-11 20:10:55,928 [pool-57-thread-1] INFO  server.RaftServerConfigKeys (ConfUtils.java:logGet(43)) - raft.server.log.write.buffer.size = 33554432 (custom)
2019-09-11 20:10:55,928 [pool-37-thread-1] INFO  server.RaftServerConfigKeys (ConfUtils.java:logGet(43)) - raft.server.log.statemachine.data.sync.timeout = 10s (default)
2019-09-11 20:10:55,928 [pool-57-thread-1] INFO  server.RaftServerConfigKeys (ConfUtils.java:logGet(43)) - raft.server.log.force.sync.num = 128 (default)
2019-09-11 20:10:55,928 [pool-37-thread-1] INFO  server.RaftServerConfigKeys (ConfUtils.java:logGet(43)) - raft.server.log.statemachine.data.sync.timeout.retry = -1 (default)
2019-09-11 20:10:55,928 [pool-57-thread-1] INFO  server.RaftServerConfigKeys (ConfUtils.java:logGet(43)) - raft.server.log.statemachine.data.sync = true (default)
2019-09-11 20:10:55,929 [pool-37-thread-1] INFO  server.RaftServerConfigKeys (ConfUtils.java:logGet(43)) - raft.server.log.statemachine.data.caching.enabled = true (custom)
2019-09-11 20:10:55,929 [pool-57-thread-1] INFO  server.RaftServerConfigKeys (ConfUtils.java:logGet(43)) - raft.server.log.statemachine.data.sync.timeout = 10s (default)
2019-09-11 20:10:55,929 [pool-57-thread-1] INFO  server.RaftServerConfigKeys (ConfUtils.java:logGet(43)) - raft.server.log.statemachine.data.sync.timeout.retry = -1 (default)
2019-09-11 20:10:55,929 [pool-37-thread-1] INFO  segmented.SegmentedRaftLogWorker (SegmentedRaftLogWorker.java:lambda$new$0(132)) - e0c56373-add1-4904-83f3-08b0a755b8ed@group-D865ADAED05F-SegmentedRaftLogWorker: flushIndex: setUnconditionally 0 -> -1
2019-09-11 20:10:55,929 [pool-57-thread-1] INFO  server.RaftServerConfigKeys (ConfUtils.java:logGet(43)) - raft.server.log.statemachine.data.caching.enabled = true (custom)
2019-09-11 20:10:55,930 [pool-37-thread-1] INFO  server.RaftServerConfigKeys (ConfUtils.java:logGet(43)) - raft.server.snapshot.auto.trigger.enabled = true (custom)
2019-09-11 20:10:55,930 [pool-37-thread-1] INFO  server.RaftServerConfigKeys (ConfUtils.java:logGet(43)) - raft.server.snapshot.auto.trigger.threshold = 10000 (custom)
2019-09-11 20:10:55,930 [pool-57-thread-1] INFO  segmented.SegmentedRaftLogWorker (SegmentedRaftLogWorker.java:lambda$new$0(132)) - 802f7a56-3ac2-455e-92a2-71244eb20cf7@group-D865ADAED05F-SegmentedRaftLogWorker: flushIndex: setUnconditionally 0 -> -1
2019-09-11 20:10:55,930 [pool-37-thread-1] INFO  server.RaftServerConfigKeys (ConfUtils.java:logGet(43)) - raft.server.snapshot.retention.num.files = -1 (default)
2019-09-11 20:10:55,930 [pool-37-thread-1] INFO  server.RaftServerConfigKeys (ConfUtils.java:logGet(43)) - raft.server.retrycache.expirytime = 600000ms (custom)
2019-09-11 20:10:55,930 [pool-57-thread-1] INFO  server.RaftServerConfigKeys (ConfUtils.java:logGet(43)) - raft.server.snapshot.auto.trigger.enabled = true (custom)
2019-09-11 20:10:55,931 [pool-57-thread-1] INFO  server.RaftServerConfigKeys (ConfUtils.java:logGet(43)) - raft.server.snapshot.auto.trigger.threshold = 10000 (custom)
2019-09-11 20:10:55,931 [pool-57-thread-1] INFO  server.RaftServerConfigKeys (ConfUtils.java:logGet(43)) - raft.server.snapshot.retention.num.files = -1 (default)
2019-09-11 20:10:55,931 [pool-57-thread-1] INFO  server.RaftServerConfigKeys (ConfUtils.java:logGet(43)) - raft.server.retrycache.expirytime = 600000ms (custom)
2019-09-11 20:10:55,932 [pool-27-thread-1] INFO  impl.RaftServerImpl (RaftServerImpl.java:start(185)) - 9bb405f0-f563-4579-83ea-0bbe163a9fbc@group-D865ADAED05F: start as a follower, conf=-1: [802f7a56-3ac2-455e-92a2-71244eb20cf7:192.168.36.83:33220, 9bb405f0-f563-4579-83ea-0bbe163a9fbc:192.168.36.83:46254, e0c56373-add1-4904-83f3-08b0a755b8ed:192.168.36.83:45126], old=null
2019-09-11 20:10:55,932 [pool-27-thread-1] INFO  impl.RaftServerImpl (RaftServerImpl.java:setRole(174)) - 9bb405f0-f563-4579-83ea-0bbe163a9fbc@group-D865ADAED05F: changes role from      null to FOLLOWER at term 0 for startAsFollower
2019-09-11 20:10:55,932 [pool-27-thread-1] INFO  impl.RoleInfo (RoleInfo.java:updateAndGet(143)) - 9bb405f0-f563-4579-83ea-0bbe163a9fbc: start FollowerState
2019-09-11 20:10:55,933 [pool-27-thread-1] INFO  util.JmxRegister (JmxRegister.java:tryRegister(44)) - Successfully registered JMX Bean with object name Ratis:service=RaftServer,group=group-D865ADAED05F,id=9bb405f0-f563-4579-83ea-0bbe163a9fbc
2019-09-11 20:10:55,934 [pool-37-thread-1] INFO  impl.RaftServerImpl (RaftServerImpl.java:start(185)) - e0c56373-add1-4904-83f3-08b0a755b8ed@group-D865ADAED05F: start as a follower, conf=-1: [802f7a56-3ac2-455e-92a2-71244eb20cf7:192.168.36.83:33220, 9bb405f0-f563-4579-83ea-0bbe163a9fbc:192.168.36.83:46254, e0c56373-add1-4904-83f3-08b0a755b8ed:192.168.36.83:45126], old=null
2019-09-11 20:10:55,934 [pool-37-thread-1] INFO  impl.RaftServerImpl (RaftServerImpl.java:setRole(174)) - e0c56373-add1-4904-83f3-08b0a755b8ed@group-D865ADAED05F: changes role from      null to FOLLOWER at term 0 for startAsFollower
2019-09-11 20:10:55,934 [pool-37-thread-1] INFO  impl.RoleInfo (RoleInfo.java:updateAndGet(143)) - e0c56373-add1-4904-83f3-08b0a755b8ed: start FollowerState
2019-09-11 20:10:55,934 [pool-37-thread-1] INFO  util.JmxRegister (JmxRegister.java:tryRegister(44)) - Successfully registered JMX Bean with object name Ratis:service=RaftServer,group=group-D865ADAED05F,id=e0c56373-add1-4904-83f3-08b0a755b8ed
2019-09-11 20:10:55,934 [pool-57-thread-1] INFO  impl.RaftServerImpl (RaftServerImpl.java:start(185)) - 802f7a56-3ac2-455e-92a2-71244eb20cf7@group-D865ADAED05F: start as a follower, conf=-1: [802f7a56-3ac2-455e-92a2-71244eb20cf7:192.168.36.83:33220, 9bb405f0-f563-4579-83ea-0bbe163a9fbc:192.168.36.83:46254, e0c56373-add1-4904-83f3-08b0a755b8ed:192.168.36.83:45126], old=null
2019-09-11 20:10:55,935 [pool-57-thread-1] INFO  impl.RaftServerImpl (RaftServerImpl.java:setRole(174)) - 802f7a56-3ac2-455e-92a2-71244eb20cf7@group-D865ADAED05F: changes role from      null to FOLLOWER at term 0 for startAsFollower
2019-09-11 20:10:55,935 [pool-57-thread-1] INFO  impl.RoleInfo (RoleInfo.java:updateAndGet(143)) - 802f7a56-3ac2-455e-92a2-71244eb20cf7: start FollowerState
2019-09-11 20:10:55,935 [pool-57-thread-1] INFO  util.JmxRegister (JmxRegister.java:tryRegister(44)) - Successfully registered JMX Bean with object name Ratis:service=RaftServer,group=group-D865ADAED05F,id=802f7a56-3ac2-455e-92a2-71244eb20cf7
2019-09-11 20:10:55,937 [RatisPipelineUtilsThread] INFO  pipeline.PipelineStateManager (PipelineStateManager.java:addPipeline(56)) - Created pipeline Pipeline[ Id: e697b417-c12e-41cb-b871-d865adaed05f, Nodes: 802f7a56-3ac2-455e-92a2-71244eb20cf7{ip: 192.168.36.83, host: pr-hdds-2096-jg2tg-1247294052, networkLocation: /default-rack, certSerialId: null}e0c56373-add1-4904-83f3-08b0a755b8ed{ip: 192.168.36.83, host: pr-hdds-2096-jg2tg-1247294052, networkLocation: /default-rack, certSerialId: null}9bb405f0-f563-4579-83ea-0bbe163a9fbc{ip: 192.168.36.83, host: pr-hdds-2096-jg2tg-1247294052, networkLocation: /default-rack, certSerialId: null}, Type:RATIS, Factor:THREE, State:OPEN]
2019-09-11 20:10:56,693 [org.apache.ratis.server.impl.LogAppender$AppenderDaemon$$Lambda$513/1740195529@6a76aae7] ERROR ratis.XceiverServerRatis (XceiverServerRatis.java:triggerPipelineClose(568)) - pipeline Action CLOSE  on pipeline PipelineID=c7e82ce3-5b06-437e-9115-61d96fa8a4d2.Reason : 802f7a56-3ac2-455e-92a2-71244eb20cf7 has not seen follower/s 9bb405f0-f563-4579-83ea-0bbe163a9fbc for 147427ms e0c56373-add1-4904-83f3-08b0a755b8ed for 147427ms
2019-09-11 20:10:56,693 [org.apache.ratis.server.impl.LogAppender$AppenderDaemon$$Lambda$513/1740195529@3d8e5178] ERROR ratis.XceiverServerRatis (XceiverServerRatis.java:triggerPipelineClose(568)) - pipeline Action CLOSE  on pipeline PipelineID=c7e82ce3-5b06-437e-9115-61d96fa8a4d2.Reason : 802f7a56-3ac2-455e-92a2-71244eb20cf7 has not seen follower/s 9bb405f0-f563-4579-83ea-0bbe163a9fbc for 147427ms e0c56373-add1-4904-83f3-08b0a755b8ed for 147427ms
2019-09-11 20:10:57,192 [java.util.concurrent.ThreadPoolExecutor$Worker@178a595d[State = -1, empty queue]] WARN  server.GrpcLogAppender (GrpcLogAppender.java:timeoutAppendRequest(200)) - 802f7a56-3ac2-455e-92a2-71244eb20cf7@group-61D96FA8A4D2->e0c56373-add1-4904-83f3-08b0a755b8ed-GrpcLogAppender: appendEntries Timeout, request=802f7a56-3ac2-455e-92a2-71244eb20cf7->e0c56373-add1-4904-83f3-08b0a755b8ed#81-t1, previous=(t:1, i:23), leaderCommit=16, initializing? false, entries: <empty>
2019-09-11 20:10:57,193 [java.util.concurrent.ThreadPoolExecutor$Worker@35e4abe9[State = -1, empty queue]] WARN  server.GrpcLogAppender (GrpcLogAppender.java:timeoutAppendRequest(200)) - 802f7a56-3ac2-455e-92a2-71244eb20cf7@group-61D96FA8A4D2->9bb405f0-f563-4579-83ea-0bbe163a9fbc-GrpcLogAppender: appendEntries Timeout, request=802f7a56-3ac2-455e-92a2-71244eb20cf7->9bb405f0-f563-4579-83ea-0bbe163a9fbc#81-t1, previous=(t:1, i:23), leaderCommit=16, initializing? false, entries: <empty>
2019-09-11 20:10:57,682 [EventQueue-PipelineActionsForPipelineActionHandler] ERROR pipeline.PipelineActionHandler (PipelineActionHandler.java:onMessage(60)) - Received pipeline action CLOSE for Pipeline[ Id: c7e82ce3-5b06-437e-9115-61d96fa8a4d2, Nodes: 802f7a56-3ac2-455e-92a2-71244eb20cf7{ip: 192.168.36.83, host: pr-hdds-2096-jg2tg-1247294052, networkLocation: /default-rack, certSerialId: null}e0c56373-add1-4904-83f3-08b0a755b8ed{ip: 192.168.36.83, host: pr-hdds-2096-jg2tg-1247294052, networkLocation: /default-rack, certSerialId: null}9bb405f0-f563-4579-83ea-0bbe163a9fbc{ip: 192.168.36.83, host: pr-hdds-2096-jg2tg-1247294052, networkLocation: /default-rack, certSerialId: null}, Type:RATIS, Factor:THREE, State:CLOSED] from datanode 802f7a56-3ac2-455e-92a2-71244eb20cf7{ip: 192.168.36.83, host: pr-hdds-2096-jg2tg-1247294052, networkLocation: /default-rack, certSerialId: null}. Reason : 802f7a56-3ac2-455e-92a2-71244eb20cf7 has not seen follower/s 9bb405f0-f563-4579-83ea-0bbe163a9fbc for 147427ms e0c56373-add1-4904-83f3-08b0a755b8ed for 147427ms
2019-09-11 20:10:57,683 [EventQueue-PipelineActionsForPipelineActionHandler] INFO  pipeline.SCMPipelineManager (SCMPipelineManager.java:finalizeAndDestroyPipeline(311)) - destroying pipeline:Pipeline[ Id: c7e82ce3-5b06-437e-9115-61d96fa8a4d2, Nodes: 802f7a56-3ac2-455e-92a2-71244eb20cf7{ip: 192.168.36.83, host: pr-hdds-2096-jg2tg-1247294052, networkLocation: /default-rack, certSerialId: null}e0c56373-add1-4904-83f3-08b0a755b8ed{ip: 192.168.36.83, host: pr-hdds-2096-jg2tg-1247294052, networkLocation: /default-rack, certSerialId: null}9bb405f0-f563-4579-83ea-0bbe163a9fbc{ip: 192.168.36.83, host: pr-hdds-2096-jg2tg-1247294052, networkLocation: /default-rack, certSerialId: null}, Type:RATIS, Factor:THREE, State:CLOSED]
2019-09-11 20:10:59,194 [org.apache.ratis.server.impl.LogAppender$AppenderDaemon$$Lambda$513/1740195529@6a76aae7] ERROR ratis.XceiverServerRatis (XceiverServerRatis.java:triggerPipelineClose(568)) - pipeline Action CLOSE  on pipeline PipelineID=c7e82ce3-5b06-437e-9115-61d96fa8a4d2.Reason : 802f7a56-3ac2-455e-92a2-71244eb20cf7 has not seen follower/s 9bb405f0-f563-4579-83ea-0bbe163a9fbc for 149927ms e0c56373-add1-4904-83f3-08b0a755b8ed for 149927ms
2019-09-11 20:10:59,194 [org.apache.ratis.server.impl.LogAppender$AppenderDaemon$$Lambda$513/1740195529@3d8e5178] ERROR ratis.XceiverServerRatis (XceiverServerRatis.java:triggerPipelineClose(568)) - pipeline Action CLOSE  on pipeline PipelineID=c7e82ce3-5b06-437e-9115-61d96fa8a4d2.Reason : 802f7a56-3ac2-455e-92a2-71244eb20cf7 has not seen follower/s 9bb405f0-f563-4579-83ea-0bbe163a9fbc for 149927ms e0c56373-add1-4904-83f3-08b0a755b8ed for 149928ms
2019-09-11 20:10:59,518 [e0c56373-add1-4904-83f3-08b0a755b8ed@group-61D96FA8A4D2-SegmentedRaftLogWorker] WARN  segmented.SegmentedRaftLogWorker (SegmentedRaftLogWorker.java:getFromFuture(90)) - Timeout 14/~
org.apache.ratis.protocol.TimeoutIOException: Timeout 10s: WriteLog:18: (t:1, i:18), STATEMACHINELOGENTRY, client-1170F4C7A823, cid=248-writeStateMachineData
	at org.apache.ratis.util.IOUtils.getFromFuture(IOUtils.java:87)
	at org.apache.ratis.server.raftlog.segmented.SegmentedRaftLogWorker$StateMachineDataPolicy.getFromFuture(SegmentedRaftLogWorker.java:87)
	at org.apache.ratis.server.raftlog.segmented.SegmentedRaftLogWorker$WriteLog.execute(SegmentedRaftLogWorker.java:477)
	at org.apache.ratis.server.raftlog.segmented.SegmentedRaftLogWorker.run(SegmentedRaftLogWorker.java:289)
	at java.lang.Thread.run(Thread.java:748)
Caused by: java.util.concurrent.TimeoutException
	at java.util.concurrent.CompletableFuture.timedGet(CompletableFuture.java:1771)
	at java.util.concurrent.CompletableFuture.get(CompletableFuture.java:1915)
	at org.apache.ratis.util.IOUtils.getFromFuture(IOUtils.java:79)
	... 4 more
2019-09-11 20:10:59,552 [9bb405f0-f563-4579-83ea-0bbe163a9fbc@group-61D96FA8A4D2-SegmentedRaftLogWorker] WARN  segmented.SegmentedRaftLogWorker (SegmentedRaftLogWorker.java:getFromFuture(90)) - Timeout 14/~
org.apache.ratis.protocol.TimeoutIOException: Timeout 10s: WriteLog:18: (t:1, i:18), STATEMACHINELOGENTRY, client-1170F4C7A823, cid=248-writeStateMachineData
	at org.apache.ratis.util.IOUtils.getFromFuture(IOUtils.java:87)
	at org.apache.ratis.server.raftlog.segmented.SegmentedRaftLogWorker$StateMachineDataPolicy.getFromFuture(SegmentedRaftLogWorker.java:87)
	at org.apache.ratis.server.raftlog.segmented.SegmentedRaftLogWorker$WriteLog.execute(SegmentedRaftLogWorker.java:477)
	at org.apache.ratis.server.raftlog.segmented.SegmentedRaftLogWorker.run(SegmentedRaftLogWorker.java:289)
	at java.lang.Thread.run(Thread.java:748)
Caused by: java.util.concurrent.TimeoutException
	at java.util.concurrent.CompletableFuture.timedGet(CompletableFuture.java:1771)
	at java.util.concurrent.CompletableFuture.get(CompletableFuture.java:1915)
	at org.apache.ratis.util.IOUtils.getFromFuture(IOUtils.java:79)
	... 4 more
2019-09-11 20:10:59,553 [802f7a56-3ac2-455e-92a2-71244eb20cf7@group-61D96FA8A4D2-SegmentedRaftLogWorker] WARN  segmented.SegmentedRaftLogWorker (SegmentedRaftLogWorker.java:getFromFuture(90)) - Timeout 14/~
org.apache.ratis.protocol.TimeoutIOException: Timeout 10s: WriteLog:18: (t:1, i:18), STATEMACHINELOGENTRY, client-1170F4C7A823, cid=248-writeStateMachineData
	at org.apache.ratis.util.IOUtils.getFromFuture(IOUtils.java:87)
	at org.apache.ratis.server.raftlog.segmented.SegmentedRaftLogWorker$StateMachineDataPolicy.getFromFuture(SegmentedRaftLogWorker.java:87)
	at org.apache.ratis.server.raftlog.segmented.SegmentedRaftLogWorker$WriteLog.execute(SegmentedRaftLogWorker.java:477)
	at org.apache.ratis.server.raftlog.segmented.SegmentedRaftLogWorker.run(SegmentedRaftLogWorker.java:289)
	at java.lang.Thread.run(Thread.java:748)
Caused by: java.util.concurrent.TimeoutException
	at java.util.concurrent.CompletableFuture.timedGet(CompletableFuture.java:1771)
	at java.util.concurrent.CompletableFuture.get(CompletableFuture.java:1915)
	at org.apache.ratis.util.IOUtils.getFromFuture(IOUtils.java:79)
	... 4 more
2019-09-11 20:10:59,682 [EventQueue-PipelineActionsForPipelineActionHandler] ERROR pipeline.PipelineActionHandler (PipelineActionHandler.java:onMessage(60)) - Received pipeline action CLOSE for Pipeline[ Id: c7e82ce3-5b06-437e-9115-61d96fa8a4d2, Nodes: 802f7a56-3ac2-455e-92a2-71244eb20cf7{ip: 192.168.36.83, host: pr-hdds-2096-jg2tg-1247294052, networkLocation: /default-rack, certSerialId: null}e0c56373-add1-4904-83f3-08b0a755b8ed{ip: 192.168.36.83, host: pr-hdds-2096-jg2tg-1247294052, networkLocation: /default-rack, certSerialId: null}9bb405f0-f563-4579-83ea-0bbe163a9fbc{ip: 192.168.36.83, host: pr-hdds-2096-jg2tg-1247294052, networkLocation: /default-rack, certSerialId: null}, Type:RATIS, Factor:THREE, State:CLOSED] from datanode 802f7a56-3ac2-455e-92a2-71244eb20cf7{ip: 192.168.36.83, host: pr-hdds-2096-jg2tg-1247294052, networkLocation: /default-rack, certSerialId: null}. Reason : 802f7a56-3ac2-455e-92a2-71244eb20cf7 has not seen follower/s 9bb405f0-f563-4579-83ea-0bbe163a9fbc for 149927ms e0c56373-add1-4904-83f3-08b0a755b8ed for 149927ms
2019-09-11 20:10:59,682 [EventQueue-PipelineActionsForPipelineActionHandler] INFO  pipeline.SCMPipelineManager (SCMPipelineManager.java:finalizeAndDestroyPipeline(311)) - destroying pipeline:Pipeline[ Id: c7e82ce3-5b06-437e-9115-61d96fa8a4d2, Nodes: 802f7a56-3ac2-455e-92a2-71244eb20cf7{ip: 192.168.36.83, host: pr-hdds-2096-jg2tg-1247294052, networkLocation: /default-rack, certSerialId: null}e0c56373-add1-4904-83f3-08b0a755b8ed{ip: 192.168.36.83, host: pr-hdds-2096-jg2tg-1247294052, networkLocation: /default-rack, certSerialId: null}9bb405f0-f563-4579-83ea-0bbe163a9fbc{ip: 192.168.36.83, host: pr-hdds-2096-jg2tg-1247294052, networkLocation: /default-rack, certSerialId: null}, Type:RATIS, Factor:THREE, State:CLOSED]
2019-09-11 20:10:59,693 [java.util.concurrent.ThreadPoolExecutor$Worker@178a595d[State = -1, empty queue]] WARN  server.GrpcLogAppender (GrpcLogAppender.java:timeoutAppendRequest(200)) - 802f7a56-3ac2-455e-92a2-71244eb20cf7@group-61D96FA8A4D2->e0c56373-add1-4904-83f3-08b0a755b8ed-GrpcLogAppender: appendEntries Timeout, request=802f7a56-3ac2-455e-92a2-71244eb20cf7->e0c56373-add1-4904-83f3-08b0a755b8ed#82-t1, previous=(t:1, i:23), leaderCommit=16, initializing? false, entries: <empty>
2019-09-11 20:10:59,693 [java.util.concurrent.ThreadPoolExecutor$Worker@35e4abe9[State = -1, empty queue]] WARN  server.GrpcLogAppender (GrpcLogAppender.java:timeoutAppendRequest(200)) - 802f7a56-3ac2-455e-92a2-71244eb20cf7@group-61D96FA8A4D2->9bb405f0-f563-4579-83ea-0bbe163a9fbc-GrpcLogAppender: appendEntries Timeout, request=802f7a56-3ac2-455e-92a2-71244eb20cf7->9bb405f0-f563-4579-83ea-0bbe163a9fbc#82-t1, previous=(t:1, i:23), leaderCommit=16, initializing? false, entries: <empty>
2019-09-11 20:11:00,785 [grpc-default-executor-6] INFO  client.GrpcClientProtocolClient (GrpcClientProtocolClient.java:onNext(264)) - client-1170F4C7A823->9bb405f0-f563-4579-83ea-0bbe163a9fbc: receive RaftClientReply:client-1170F4C7A823->9bb405f0-f563-4579-83ea-0bbe163a9fbc@group-61D96FA8A4D2, cid=247, FAILED org.apache.ratis.protocol.NotLeaderException: Server 9bb405f0-f563-4579-83ea-0bbe163a9fbc@group-61D96FA8A4D2 is not the leader 802f7a56-3ac2-455e-92a2-71244eb20cf7:192.168.36.83:33220, logIndex=0, commits[9bb405f0-f563-4579-83ea-0bbe163a9fbc:c16, 802f7a56-3ac2-455e-92a2-71244eb20cf7:c16, e0c56373-add1-4904-83f3-08b0a755b8ed:c14]
2019-09-11 20:11:00,955 [Thread-2472] INFO  impl.FollowerState (FollowerState.java:run(106)) - 802f7a56-3ac2-455e-92a2-71244eb20cf7:group-D865ADAED05F changes to CANDIDATE, lastRpcTime:5020, electionTimeout:5020ms
2019-09-11 20:11:00,956 [Thread-2472] INFO  impl.RoleInfo (RoleInfo.java:shutdownFollowerState(121)) - 802f7a56-3ac2-455e-92a2-71244eb20cf7: shutdown FollowerState
2019-09-11 20:11:00,956 [Thread-2472] INFO  impl.RaftServerImpl (RaftServerImpl.java:setRole(174)) - 802f7a56-3ac2-455e-92a2-71244eb20cf7@group-D865ADAED05F: changes role from  FOLLOWER to CANDIDATE at term 0 for changeToCandidate
2019-09-11 20:11:00,956 [Thread-2472] INFO  impl.RoleInfo (RoleInfo.java:updateAndGet(143)) - 802f7a56-3ac2-455e-92a2-71244eb20cf7: start LeaderElection
2019-09-11 20:11:00,962 [Thread-2468] INFO  impl.FollowerState (FollowerState.java:run(106)) - 9bb405f0-f563-4579-83ea-0bbe163a9fbc:group-D865ADAED05F changes to CANDIDATE, lastRpcTime:5027, electionTimeout:5025ms
2019-09-11 20:11:00,964 [Thread-2468] INFO  impl.RoleInfo (RoleInfo.java:shutdownFollowerState(121)) - 9bb405f0-f563-4579-83ea-0bbe163a9fbc: shutdown FollowerState
2019-09-11 20:11:00,964 [Thread-2468] INFO  impl.RaftServerImpl (RaftServerImpl.java:setRole(174)) - 9bb405f0-f563-4579-83ea-0bbe163a9fbc@group-D865ADAED05F: changes role from  FOLLOWER to CANDIDATE at term 0 for changeToCandidate
2019-09-11 20:11:00,964 [Thread-2468] INFO  impl.RoleInfo (RoleInfo.java:updateAndGet(143)) - 9bb405f0-f563-4579-83ea-0bbe163a9fbc: start LeaderElection
2019-09-11 20:11:00,979 [9bb405f0-f563-4579-83ea-0bbe163a9fbc@group-D865ADAED05F:LeaderElection16] INFO  impl.LeaderElection (LeaderElection.java:askForVotes(182)) - 9bb405f0-f563-4579-83ea-0bbe163a9fbc@group-D865ADAED05F:LeaderElection16: begin an election at term 1 for -1: [802f7a56-3ac2-455e-92a2-71244eb20cf7:192.168.36.83:33220, 9bb405f0-f563-4579-83ea-0bbe163a9fbc:192.168.36.83:46254, e0c56373-add1-4904-83f3-08b0a755b8ed:192.168.36.83:45126], old=null
2019-09-11 20:11:00,979 [802f7a56-3ac2-455e-92a2-71244eb20cf7@group-D865ADAED05F:LeaderElection15] INFO  impl.LeaderElection (LeaderElection.java:askForVotes(182)) - 802f7a56-3ac2-455e-92a2-71244eb20cf7@group-D865ADAED05F:LeaderElection15: begin an election at term 1 for -1: [802f7a56-3ac2-455e-92a2-71244eb20cf7:192.168.36.83:33220, 9bb405f0-f563-4579-83ea-0bbe163a9fbc:192.168.36.83:46254, e0c56373-add1-4904-83f3-08b0a755b8ed:192.168.36.83:45126], old=null
2019-09-11 20:11:00,984 [grpc-default-executor-6] INFO  impl.RaftServerImpl (RaftServerImpl.java:setRole(174)) - e0c56373-add1-4904-83f3-08b0a755b8ed@group-D865ADAED05F: changes role from  FOLLOWER to FOLLOWER at term 1 for recognizeCandidate:802f7a56-3ac2-455e-92a2-71244eb20cf7
2019-09-11 20:11:00,985 [grpc-default-executor-6] INFO  impl.RoleInfo (RoleInfo.java:shutdownFollowerState(121)) - e0c56373-add1-4904-83f3-08b0a755b8ed: shutdown FollowerState
2019-09-11 20:11:00,985 [grpc-default-executor-6] INFO  impl.RoleInfo (RoleInfo.java:updateAndGet(143)) - e0c56373-add1-4904-83f3-08b0a755b8ed: start FollowerState
2019-09-11 20:11:00,985 [Thread-2470] INFO  impl.FollowerState (FollowerState.java:run(115)) - e0c56373-add1-4904-83f3-08b0a755b8ed: FollowerState was interrupted: java.lang.InterruptedException: sleep interrupted
2019-09-11 20:11:01,004 [802f7a56-3ac2-455e-92a2-71244eb20cf7@group-D865ADAED05F:LeaderElection15] INFO  impl.LeaderElection (LeaderElection.java:logAndReturn(56)) - 802f7a56-3ac2-455e-92a2-71244eb20cf7@group-D865ADAED05F:LeaderElection15: Election PASSED; received 2 response(s) [802f7a56-3ac2-455e-92a2-71244eb20cf7<-9bb405f0-f563-4579-83ea-0bbe163a9fbc#0:FAIL-t1, 802f7a56-3ac2-455e-92a2-71244eb20cf7<-e0c56373-add1-4904-83f3-08b0a755b8ed#0:OK-t1] and 0 exception(s); 802f7a56-3ac2-455e-92a2-71244eb20cf7@group-D865ADAED05F:t1, leader=null, voted=802f7a56-3ac2-455e-92a2-71244eb20cf7, raftlog=802f7a56-3ac2-455e-92a2-71244eb20cf7@group-D865ADAED05F-SegmentedRaftLog:OPENED:c-1,f-1,i0, conf=-1: [802f7a56-3ac2-455e-92a2-71244eb20cf7:192.168.36.83:33220, 9bb405f0-f563-4579-83ea-0bbe163a9fbc:192.168.36.83:46254, e0c56373-add1-4904-83f3-08b0a755b8ed:192.168.36.83:45126], old=null
2019-09-11 20:11:01,005 [9bb405f0-f563-4579-83ea-0bbe163a9fbc@group-D865ADAED05F:LeaderElection16] INFO  impl.LeaderElection (LeaderElection.java:logAndReturn(56)) - 9bb405f0-f563-4579-83ea-0bbe163a9fbc@group-D865ADAED05F:LeaderElection16: Election REJECTED; received 2 response(s) [9bb405f0-f563-4579-83ea-0bbe163a9fbc<-802f7a56-3ac2-455e-92a2-71244eb20cf7#0:FAIL-t1, 9bb405f0-f563-4579-83ea-0bbe163a9fbc<-e0c56373-add1-4904-83f3-08b0a755b8ed#0:FAIL-t1] and 0 exception(s); 9bb405f0-f563-4579-83ea-0bbe163a9fbc@group-D865ADAED05F:t1, leader=null, voted=9bb405f0-f563-4579-83ea-0bbe163a9fbc, raftlog=9bb405f0-f563-4579-83ea-0bbe163a9fbc@group-D865ADAED05F-SegmentedRaftLog:OPENED:c-1,f-1,i0, conf=-1: [802f7a56-3ac2-455e-92a2-71244eb20cf7:192.168.36.83:33220, 9bb405f0-f563-4579-83ea-0bbe163a9fbc:192.168.36.83:46254, e0c56373-add1-4904-83f3-08b0a755b8ed:192.168.36.83:45126], old=null
2019-09-11 20:11:01,005 [802f7a56-3ac2-455e-92a2-71244eb20cf7@group-D865ADAED05F:LeaderElection15] INFO  impl.RoleInfo (RoleInfo.java:shutdownLeaderElection(134)) - 802f7a56-3ac2-455e-92a2-71244eb20cf7: shutdown LeaderElection
2019-09-11 20:11:01,007 [9bb405f0-f563-4579-83ea-0bbe163a9fbc@group-D865ADAED05F:LeaderElection16] INFO  impl.RaftServerImpl (RaftServerImpl.java:setRole(174)) - 9bb405f0-f563-4579-83ea-0bbe163a9fbc@group-D865ADAED05F: changes role from CANDIDATE to FOLLOWER at term 1 for DISCOVERED_A_NEW_TERM
2019-09-11 20:11:01,009 [802f7a56-3ac2-455e-92a2-71244eb20cf7@group-D865ADAED05F:LeaderElection15] INFO  impl.RaftServerImpl (RaftServerImpl.java:setRole(174)) - 802f7a56-3ac2-455e-92a2-71244eb20cf7@group-D865ADAED05F: changes role from CANDIDATE to LEADER at term 1 for changeToLeader
2019-09-11 20:11:01,010 [9bb405f0-f563-4579-83ea-0bbe163a9fbc@group-D865ADAED05F:LeaderElection16] INFO  impl.RoleInfo (RoleInfo.java:shutdownLeaderElection(134)) - 9bb405f0-f563-4579-83ea-0bbe163a9fbc: shutdown LeaderElection
2019-09-11 20:11:01,010 [802f7a56-3ac2-455e-92a2-71244eb20cf7@group-D865ADAED05F:LeaderElection15] INFO  impl.RaftServerImpl (ServerState.java:setLeader(253)) - 802f7a56-3ac2-455e-92a2-71244eb20cf7@group-D865ADAED05F: change Leader from null to 802f7a56-3ac2-455e-92a2-71244eb20cf7 at term 1 for becomeLeader, leader elected after 5088ms
2019-09-11 20:11:01,010 [9bb405f0-f563-4579-83ea-0bbe163a9fbc@group-D865ADAED05F:LeaderElection16] INFO  impl.RoleInfo (RoleInfo.java:updateAndGet(143)) - 9bb405f0-f563-4579-83ea-0bbe163a9fbc: start FollowerState
2019-09-11 20:11:01,010 [802f7a56-3ac2-455e-92a2-71244eb20cf7@group-D865ADAED05F:LeaderElection15] INFO  server.RaftServerConfigKeys (ConfUtils.java:logGet(43)) - raft.server.staging.catchup.gap = 1000 (default)
2019-09-11 20:11:01,010 [802f7a56-3ac2-455e-92a2-71244eb20cf7@group-D865ADAED05F:LeaderElection15] INFO  server.RaftServerConfigKeys (ConfUtils.java:logGet(43)) - raft.server.rpc.sleep.time = 25ms (default)
2019-09-11 20:11:01,013 [802f7a56-3ac2-455e-92a2-71244eb20cf7@group-D865ADAED05F:LeaderElection15] INFO  server.RaftServerConfigKeys (ConfUtils.java:logGet(43)) - raft.server.write.element-limit = 4096 (default)
2019-09-11 20:11:01,013 [802f7a56-3ac2-455e-92a2-71244eb20cf7@group-D865ADAED05F:LeaderElection15] INFO  server.RaftServerConfigKeys (ConfUtils.java:logGet(43)) - raft.server.watch.timeout = 10s (default)
2019-09-11 20:11:01,013 [802f7a56-3ac2-455e-92a2-71244eb20cf7@group-D865ADAED05F:LeaderElection15] INFO  server.RaftServerConfigKeys (ConfUtils.java:logGet(43)) - raft.server.watch.timeout.denomination = 1s (default)
2019-09-11 20:11:01,013 [802f7a56-3ac2-455e-92a2-71244eb20cf7@group-D865ADAED05F:LeaderElection15] INFO  server.RaftServerConfigKeys (ConfUtils.java:logGet(43)) - raft.server.watch.element-limit = 65536 (default)
2019-09-11 20:11:01,016 [802f7a56-3ac2-455e-92a2-71244eb20cf7@group-D865ADAED05F:LeaderElection15] INFO  server.RaftServerConfigKeys (ConfUtils.java:logGet(43)) - raft.server.log.appender.snapshot.chunk.size.max = 16MB (=16777216) (default)
2019-09-11 20:11:01,016 [802f7a56-3ac2-455e-92a2-71244eb20cf7@group-D865ADAED05F:LeaderElection15] INFO  server.RaftServerConfigKeys (ConfUtils.java:logGet(43)) - raft.server.log.appender.buffer.byte-limit = 33554432 (custom)
2019-09-11 20:11:01,016 [802f7a56-3ac2-455e-92a2-71244eb20cf7@group-D865ADAED05F:LeaderElection15] INFO  server.RaftServerConfigKeys (ConfUtils.java:logGet(43)) - raft.server.log.appender.buffer.element-limit = 1 (custom)
2019-09-11 20:11:01,017 [802f7a56-3ac2-455e-92a2-71244eb20cf7@group-D865ADAED05F:LeaderElection15] INFO  grpc.GrpcConfigKeys$Server (ConfUtils.java:logGet(43)) - raft.grpc.server.leader.outstanding.appends.max = 128 (default)
2019-09-11 20:11:01,017 [802f7a56-3ac2-455e-92a2-71244eb20cf7@group-D865ADAED05F:LeaderElection15] INFO  server.RaftServerConfigKeys (ConfUtils.java:logGet(43)) - raft.server.rpc.request.timeout = 3000ms (default)
2019-09-11 20:11:01,017 [802f7a56-3ac2-455e-92a2-71244eb20cf7@group-D865ADAED05F:LeaderElection15] INFO  server.RaftServerConfigKeys (ConfUtils.java:logGet(43)) - raft.server.log.appender.install.snapshot.enabled = false (custom)
2019-09-11 20:11:01,017 [802f7a56-3ac2-455e-92a2-71244eb20cf7@group-D865ADAED05F:LeaderElection15] INFO  server.RaftServerConfigKeys (ConfUtils.java:logGet(43)) - raft.server.log.appender.snapshot.chunk.size.max = 16MB (=16777216) (default)
2019-09-11 20:11:01,017 [802f7a56-3ac2-455e-92a2-71244eb20cf7@group-D865ADAED05F:LeaderElection15] INFO  server.RaftServerConfigKeys (ConfUtils.java:logGet(43)) - raft.server.log.appender.buffer.byte-limit = 33554432 (custom)
2019-09-11 20:11:01,018 [802f7a56-3ac2-455e-92a2-71244eb20cf7@group-D865ADAED05F:LeaderElection15] INFO  server.RaftServerConfigKeys (ConfUtils.java:logGet(43)) - raft.server.log.appender.buffer.element-limit = 1 (custom)
2019-09-11 20:11:01,018 [802f7a56-3ac2-455e-92a2-71244eb20cf7@group-D865ADAED05F:LeaderElection15] INFO  grpc.GrpcConfigKeys$Server (ConfUtils.java:logGet(43)) - raft.grpc.server.leader.outstanding.appends.max = 128 (default)
2019-09-11 20:11:01,018 [802f7a56-3ac2-455e-92a2-71244eb20cf7@group-D865ADAED05F:LeaderElection15] INFO  server.RaftServerConfigKeys (ConfUtils.java:logGet(43)) - raft.server.rpc.request.timeout = 3000ms (default)
2019-09-11 20:11:01,018 [802f7a56-3ac2-455e-92a2-71244eb20cf7@group-D865ADAED05F:LeaderElection15] INFO  server.RaftServerConfigKeys (ConfUtils.java:logGet(43)) - raft.server.log.appender.install.snapshot.enabled = false (custom)
2019-09-11 20:11:01,019 [802f7a56-3ac2-455e-92a2-71244eb20cf7@group-D865ADAED05F:LeaderElection15] INFO  impl.RoleInfo (RoleInfo.java:updateAndGet(143)) - 802f7a56-3ac2-455e-92a2-71244eb20cf7: start LeaderState
2019-09-11 20:11:01,019 [802f7a56-3ac2-455e-92a2-71244eb20cf7@group-D865ADAED05F:LeaderElection15] INFO  segmented.SegmentedRaftLogWorker (SegmentedRaftLogWorker.java:startLogSegment(380)) - 802f7a56-3ac2-455e-92a2-71244eb20cf7@group-D865ADAED05F-SegmentedRaftLogWorker: Starting segment from index:0
2019-09-11 20:11:01,020 [802f7a56-3ac2-455e-92a2-71244eb20cf7@group-D865ADAED05F:LeaderElection15] INFO  impl.RaftServerImpl (ServerState.java:setRaftConf(354)) - 802f7a56-3ac2-455e-92a2-71244eb20cf7@group-D865ADAED05F: set configuration 0: [802f7a56-3ac2-455e-92a2-71244eb20cf7:192.168.36.83:33220, 9bb405f0-f563-4579-83ea-0bbe163a9fbc:192.168.36.83:46254, e0c56373-add1-4904-83f3-08b0a755b8ed:192.168.36.83:45126], old=null at 0
2019-09-11 20:11:01,048 [grpc-default-executor-6] INFO  impl.RaftServerImpl (ServerState.java:setLeader(253)) - e0c56373-add1-4904-83f3-08b0a755b8ed@group-D865ADAED05F: change Leader from null to 802f7a56-3ac2-455e-92a2-71244eb20cf7 at term 1 for appendEntries, leader elected after 5127ms
2019-09-11 20:11:01,048 [grpc-default-executor-13] INFO  impl.RaftServerImpl (ServerState.java:setLeader(253)) - 9bb405f0-f563-4579-83ea-0bbe163a9fbc@group-D865ADAED05F: change Leader from null to 802f7a56-3ac2-455e-92a2-71244eb20cf7 at term 1 for appendEntries, leader elected after 5127ms
2019-09-11 20:11:01,050 [grpc-default-executor-13] INFO  impl.RaftServerImpl (ServerState.java:setRaftConf(354)) - e0c56373-add1-4904-83f3-08b0a755b8ed@group-D865ADAED05F: set configuration 0: [802f7a56-3ac2-455e-92a2-71244eb20cf7:192.168.36.83:33220, 9bb405f0-f563-4579-83ea-0bbe163a9fbc:192.168.36.83:46254, e0c56373-add1-4904-83f3-08b0a755b8ed:192.168.36.83:45126], old=null at 0
2019-09-11 20:11:01,050 [grpc-default-executor-6] INFO  impl.RaftServerImpl (ServerState.java:setRaftConf(354)) - 9bb405f0-f563-4579-83ea-0bbe163a9fbc@group-D865ADAED05F: set configuration 0: [802f7a56-3ac2-455e-92a2-71244eb20cf7:192.168.36.83:33220, 9bb405f0-f563-4579-83ea-0bbe163a9fbc:192.168.36.83:46254, e0c56373-add1-4904-83f3-08b0a755b8ed:192.168.36.83:45126], old=null at 0
2019-09-11 20:11:01,050 [grpc-default-executor-13] INFO  segmented.SegmentedRaftLogWorker (SegmentedRaftLogWorker.java:startLogSegment(380)) - e0c56373-add1-4904-83f3-08b0a755b8ed@group-D865ADAED05F-SegmentedRaftLogWorker: Starting segment from index:0
2019-09-11 20:11:01,051 [grpc-default-executor-6] INFO  segmented.SegmentedRaftLogWorker (SegmentedRaftLogWorker.java:startLogSegment(380)) - 9bb405f0-f563-4579-83ea-0bbe163a9fbc@group-D865ADAED05F-SegmentedRaftLogWorker: Starting segment from index:0
2019-09-11 20:11:01,060 [802f7a56-3ac2-455e-92a2-71244eb20cf7@group-D865ADAED05F-SegmentedRaftLogWorker] INFO  segmented.SegmentedRaftLogWorker (SegmentedRaftLogWorker.java:execute(569)) - 802f7a56-3ac2-455e-92a2-71244eb20cf7@group-D865ADAED05F-SegmentedRaftLogWorker: created new log segment /workdir/hadoop-ozone/integration-test/target/test-dir/MiniOzoneClusterImpl-0a14e7f9-644e-4233-9ad1-c76f0b8b7528/datanode-3/data/ratis/e697b417-c12e-41cb-b871-d865adaed05f/current/log_inprogress_0
2019-09-11 20:11:01,089 [9bb405f0-f563-4579-83ea-0bbe163a9fbc@group-D865ADAED05F-SegmentedRaftLogWorker] INFO  segmented.SegmentedRaftLogWorker (SegmentedRaftLogWorker.java:execute(569)) - 9bb405f0-f563-4579-83ea-0bbe163a9fbc@group-D865ADAED05F-SegmentedRaftLogWorker: created new log segment /workdir/hadoop-ozone/integration-test/target/test-dir/MiniOzoneClusterImpl-0a14e7f9-644e-4233-9ad1-c76f0b8b7528/datanode-0/data/ratis/e697b417-c12e-41cb-b871-d865adaed05f/current/log_inprogress_0
2019-09-11 20:11:01,089 [e0c56373-add1-4904-83f3-08b0a755b8ed@group-D865ADAED05F-SegmentedRaftLogWorker] INFO  segmented.SegmentedRaftLogWorker (SegmentedRaftLogWorker.java:execute(569)) - e0c56373-add1-4904-83f3-08b0a755b8ed@group-D865ADAED05F-SegmentedRaftLogWorker: created new log segment /workdir/hadoop-ozone/integration-test/target/test-dir/MiniOzoneClusterImpl-0a14e7f9-644e-4233-9ad1-c76f0b8b7528/datanode-1/data/ratis/e697b417-c12e-41cb-b871-d865adaed05f/current/log_inprogress_0
2019-09-11 20:11:01,695 [org.apache.ratis.server.impl.LogAppender$AppenderDaemon$$Lambda$513/1740195529@6a76aae7] ERROR ratis.XceiverServerRatis (XceiverServerRatis.java:triggerPipelineClose(568)) - pipeline Action CLOSE  on pipeline PipelineID=c7e82ce3-5b06-437e-9115-61d96fa8a4d2.Reason : 802f7a56-3ac2-455e-92a2-71244eb20cf7 has not seen follower/s 9bb405f0-f563-4579-83ea-0bbe163a9fbc for 152428ms e0c56373-add1-4904-83f3-08b0a755b8ed for 152429ms
2019-09-11 20:11:01,695 [org.apache.ratis.server.impl.LogAppender$AppenderDaemon$$Lambda$513/1740195529@3d8e5178] ERROR ratis.XceiverServerRatis (XceiverServerRatis.java:triggerPipelineClose(568)) - pipeline Action CLOSE  on pipeline PipelineID=c7e82ce3-5b06-437e-9115-61d96fa8a4d2.Reason : 802f7a56-3ac2-455e-92a2-71244eb20cf7 has not seen follower/s 9bb405f0-f563-4579-83ea-0bbe163a9fbc for 152428ms e0c56373-add1-4904-83f3-08b0a755b8ed for 152429ms
2019-09-11 20:11:02,194 [java.util.concurrent.ThreadPoolExecutor$Worker@178a595d[State = -1, empty queue]] WARN  server.GrpcLogAppender (GrpcLogAppender.java:timeoutAppendRequest(200)) - 802f7a56-3ac2-455e-92a2-71244eb20cf7@group-61D96FA8A4D2->e0c56373-add1-4904-83f3-08b0a755b8ed-GrpcLogAppender: appendEntries Timeout, request=802f7a56-3ac2-455e-92a2-71244eb20cf7->e0c56373-add1-4904-83f3-08b0a755b8ed#83-t1, previous=(t:1, i:23), leaderCommit=16, initializing? false, entries: <empty>
2019-09-11 20:11:02,194 [java.util.concurrent.ThreadPoolExecutor$Worker@35e4abe9[State = -1, empty queue]] WARN  server.GrpcLogAppender (GrpcLogAppender.java:timeoutAppendRequest(200)) - 802f7a56-3ac2-455e-92a2-71244eb20cf7@group-61D96FA8A4D2->9bb405f0-f563-4579-83ea-0bbe163a9fbc-GrpcLogAppender: appendEntries Timeout, request=802f7a56-3ac2-455e-92a2-71244eb20cf7->9bb405f0-f563-4579-83ea-0bbe163a9fbc#83-t1, previous=(t:1, i:23), leaderCommit=16, initializing? false, entries: <empty>
2019-09-11 20:11:02,682 [EventQueue-PipelineActionsForPipelineActionHandler] ERROR pipeline.PipelineActionHandler (PipelineActionHandler.java:onMessage(60)) - Received pipeline action CLOSE for Pipeline[ Id: c7e82ce3-5b06-437e-9115-61d96fa8a4d2, Nodes: 802f7a56-3ac2-455e-92a2-71244eb20cf7{ip: 192.168.36.83, host: pr-hdds-2096-jg2tg-1247294052, networkLocation: /default-rack, certSerialId: null}e0c56373-add1-4904-83f3-08b0a755b8ed{ip: 192.168.36.83, host: pr-hdds-2096-jg2tg-1247294052, networkLocation: /default-rack, certSerialId: null}9bb405f0-f563-4579-83ea-0bbe163a9fbc{ip: 192.168.36.83, host: pr-hdds-2096-jg2tg-1247294052, networkLocation: /default-rack, certSerialId: null}, Type:RATIS, Factor:THREE, State:CLOSED] from datanode 802f7a56-3ac2-455e-92a2-71244eb20cf7{ip: 192.168.36.83, host: pr-hdds-2096-jg2tg-1247294052, networkLocation: /default-rack, certSerialId: null}. Reason : 802f7a56-3ac2-455e-92a2-71244eb20cf7 has not seen follower/s 9bb405f0-f563-4579-83ea-0bbe163a9fbc for 152428ms e0c56373-add1-4904-83f3-08b0a755b8ed for 152429ms
2019-09-11 20:11:02,683 [EventQueue-PipelineActionsForPipelineActionHandler] INFO  pipeline.SCMPipelineManager (SCMPipelineManager.java:finalizeAndDestroyPipeline(311)) - destroying pipeline:Pipeline[ Id: c7e82ce3-5b06-437e-9115-61d96fa8a4d2, Nodes: 802f7a56-3ac2-455e-92a2-71244eb20cf7{ip: 192.168.36.83, host: pr-hdds-2096-jg2tg-1247294052, networkLocation: /default-rack, certSerialId: null}e0c56373-add1-4904-83f3-08b0a755b8ed{ip: 192.168.36.83, host: pr-hdds-2096-jg2tg-1247294052, networkLocation: /default-rack, certSerialId: null}9bb405f0-f563-4579-83ea-0bbe163a9fbc{ip: 192.168.36.83, host: pr-hdds-2096-jg2tg-1247294052, networkLocation: /default-rack, certSerialId: null}, Type:RATIS, Factor:THREE, State:CLOSED]
2019-09-11 20:11:04,196 [org.apache.ratis.server.impl.LogAppender$AppenderDaemon$$Lambda$513/1740195529@3d8e5178] ERROR ratis.XceiverServerRatis (XceiverServerRatis.java:triggerPipelineClose(568)) - pipeline Action CLOSE  on pipeline PipelineID=c7e82ce3-5b06-437e-9115-61d96fa8a4d2.Reason : 802f7a56-3ac2-455e-92a2-71244eb20cf7 has not seen follower/s 9bb405f0-f563-4579-83ea-0bbe163a9fbc for 154930ms e0c56373-add1-4904-83f3-08b0a755b8ed for 154930ms
2019-09-11 20:11:04,196 [org.apache.ratis.server.impl.LogAppender$AppenderDaemon$$Lambda$513/1740195529@6a76aae7] ERROR ratis.XceiverServerRatis (XceiverServerRatis.java:triggerPipelineClose(568)) - pipeline Action CLOSE  on pipeline PipelineID=c7e82ce3-5b06-437e-9115-61d96fa8a4d2.Reason : 802f7a56-3ac2-455e-92a2-71244eb20cf7 has not seen follower/s 9bb405f0-f563-4579-83ea-0bbe163a9fbc for 154930ms e0c56373-add1-4904-83f3-08b0a755b8ed for 154930ms
2019-09-11 20:11:04,684 [EventQueue-PipelineActionsForPipelineActionHandler] ERROR pipeline.PipelineActionHandler (PipelineActionHandler.java:onMessage(60)) - Received pipeline action CLOSE for Pipeline[ Id: c7e82ce3-5b06-437e-9115-61d96fa8a4d2, Nodes: 802f7a56-3ac2-455e-92a2-71244eb20cf7{ip: 192.168.36.83, host: pr-hdds-2096-jg2tg-1247294052, networkLocation: /default-rack, certSerialId: null}e0c56373-add1-4904-83f3-08b0a755b8ed{ip: 192.168.36.83, host: pr-hdds-2096-jg2tg-1247294052, networkLocation: /default-rack, certSerialId: null}9bb405f0-f563-4579-83ea-0bbe163a9fbc{ip: 192.168.36.83, host: pr-hdds-2096-jg2tg-1247294052, networkLocation: /default-rack, certSerialId: null}, Type:RATIS, Factor:THREE, State:CLOSED] from datanode 802f7a56-3ac2-455e-92a2-71244eb20cf7{ip: 192.168.36.83, host: pr-hdds-2096-jg2tg-1247294052, networkLocation: /default-rack, certSerialId: null}. Reason : 802f7a56-3ac2-455e-92a2-71244eb20cf7 has not seen follower/s 9bb405f0-f563-4579-83ea-0bbe163a9fbc for 154930ms e0c56373-add1-4904-83f3-08b0a755b8ed for 154930ms
2019-09-11 20:11:04,684 [EventQueue-PipelineActionsForPipelineActionHandler] INFO  pipeline.SCMPipelineManager (SCMPipelineManager.java:finalizeAndDestroyPipeline(311)) - destroying pipeline:Pipeline[ Id: c7e82ce3-5b06-437e-9115-61d96fa8a4d2, Nodes: 802f7a56-3ac2-455e-92a2-71244eb20cf7{ip: 192.168.36.83, host: pr-hdds-2096-jg2tg-1247294052, networkLocation: /default-rack, certSerialId: null}e0c56373-add1-4904-83f3-08b0a755b8ed{ip: 192.168.36.83, host: pr-hdds-2096-jg2tg-1247294052, networkLocation: /default-rack, certSerialId: null}9bb405f0-f563-4579-83ea-0bbe163a9fbc{ip: 192.168.36.83, host: pr-hdds-2096-jg2tg-1247294052, networkLocation: /default-rack, certSerialId: null}, Type:RATIS, Factor:THREE, State:CLOSED]
2019-09-11 20:11:04,695 [java.util.concurrent.ThreadPoolExecutor$Worker@35e4abe9[State = -1, empty queue]] WARN  server.GrpcLogAppender (GrpcLogAppender.java:timeoutAppendRequest(200)) - 802f7a56-3ac2-455e-92a2-71244eb20cf7@group-61D96FA8A4D2->9bb405f0-f563-4579-83ea-0bbe163a9fbc-GrpcLogAppender: appendEntries Timeout, request=802f7a56-3ac2-455e-92a2-71244eb20cf7->9bb405f0-f563-4579-83ea-0bbe163a9fbc#84-t1, previous=(t:1, i:23), leaderCommit=16, initializing? false, entries: <empty>
2019-09-11 20:11:04,695 [java.util.concurrent.ThreadPoolExecutor$Worker@178a595d[State = -1, empty queue]] WARN  server.GrpcLogAppender (GrpcLogAppender.java:timeoutAppendRequest(200)) - 802f7a56-3ac2-455e-92a2-71244eb20cf7@group-61D96FA8A4D2->e0c56373-add1-4904-83f3-08b0a755b8ed-GrpcLogAppender: appendEntries Timeout, request=802f7a56-3ac2-455e-92a2-71244eb20cf7->e0c56373-add1-4904-83f3-08b0a755b8ed#84-t1, previous=(t:1, i:23), leaderCommit=16, initializing? false, entries: <empty>
2019-09-11 20:11:05,835 [grpc-default-executor-6] INFO  client.GrpcClientProtocolClient (GrpcClientProtocolClient.java:onNext(264)) - client-1170F4C7A823->9bb405f0-f563-4579-83ea-0bbe163a9fbc: receive RaftClientReply:client-1170F4C7A823->9bb405f0-f563-4579-83ea-0bbe163a9fbc@group-61D96FA8A4D2, cid=247, FAILED org.apache.ratis.protocol.NotLeaderException: Server 9bb405f0-f563-4579-83ea-0bbe163a9fbc@group-61D96FA8A4D2 is not the leader 802f7a56-3ac2-455e-92a2-71244eb20cf7:192.168.36.83:33220, logIndex=0, commits[9bb405f0-f563-4579-83ea-0bbe163a9fbc:c16, 802f7a56-3ac2-455e-92a2-71244eb20cf7:c16, e0c56373-add1-4904-83f3-08b0a755b8ed:c14]
2019-09-11 20:11:06,697 [org.apache.ratis.server.impl.LogAppender$AppenderDaemon$$Lambda$513/1740195529@3d8e5178] ERROR ratis.XceiverServerRatis (XceiverServerRatis.java:triggerPipelineClose(568)) - pipeline Action CLOSE  on pipeline PipelineID=c7e82ce3-5b06-437e-9115-61d96fa8a4d2.Reason : 802f7a56-3ac2-455e-92a2-71244eb20cf7 has not seen follower/s 9bb405f0-f563-4579-83ea-0bbe163a9fbc for 157430ms e0c56373-add1-4904-83f3-08b0a755b8ed for 157431ms
2019-09-11 20:11:06,697 [org.apache.ratis.server.impl.LogAppender$AppenderDaemon$$Lambda$513/1740195529@6a76aae7] ERROR ratis.XceiverServerRatis (XceiverServerRatis.java:triggerPipelineClose(568)) - pipeline Action CLOSE  on pipeline PipelineID=c7e82ce3-5b06-437e-9115-61d96fa8a4d2.Reason : 802f7a56-3ac2-455e-92a2-71244eb20cf7 has not seen follower/s 9bb405f0-f563-4579-83ea-0bbe163a9fbc for 157430ms e0c56373-add1-4904-83f3-08b0a755b8ed for 157431ms
2019-09-11 20:11:07,196 [java.util.concurrent.ThreadPoolExecutor$Worker@178a595d[State = -1, empty queue]] WARN  server.GrpcLogAppender (GrpcLogAppender.java:timeoutAppendRequest(200)) - 802f7a56-3ac2-455e-92a2-71244eb20cf7@group-61D96FA8A4D2->e0c56373-add1-4904-83f3-08b0a755b8ed-GrpcLogAppender: appendEntries Timeout, request=802f7a56-3ac2-455e-92a2-71244eb20cf7->e0c56373-add1-4904-83f3-08b0a755b8ed#85-t1, previous=(t:1, i:23), leaderCommit=16, initializing? false, entries: <empty>
2019-09-11 20:11:07,196 [java.util.concurrent.ThreadPoolExecutor$Worker@35e4abe9[State = -1, empty queue]] WARN  server.GrpcLogAppender (GrpcLogAppender.java:timeoutAppendRequest(200)) - 802f7a56-3ac2-455e-92a2-71244eb20cf7@group-61D96FA8A4D2->9bb405f0-f563-4579-83ea-0bbe163a9fbc-GrpcLogAppender: appendEntries Timeout, request=802f7a56-3ac2-455e-92a2-71244eb20cf7->9bb405f0-f563-4579-83ea-0bbe163a9fbc#85-t1, previous=(t:1, i:23), leaderCommit=16, initializing? false, entries: <empty>
2019-09-11 20:11:07,683 [EventQueue-PipelineActionsForPipelineActionHandler] ERROR pipeline.PipelineActionHandler (PipelineActionHandler.java:onMessage(60)) - Received pipeline action CLOSE for Pipeline[ Id: c7e82ce3-5b06-437e-9115-61d96fa8a4d2, Nodes: 802f7a56-3ac2-455e-92a2-71244eb20cf7{ip: 192.168.36.83, host: pr-hdds-2096-jg2tg-1247294052, networkLocation: /default-rack, certSerialId: null}e0c56373-add1-4904-83f3-08b0a755b8ed{ip: 192.168.36.83, host: pr-hdds-2096-jg2tg-1247294052, networkLocation: /default-rack, certSerialId: null}9bb405f0-f563-4579-83ea-0bbe163a9fbc{ip: 192.168.36.83, host: pr-hdds-2096-jg2tg-1247294052, networkLocation: /default-rack, certSerialId: null}, Type:RATIS, Factor:THREE, State:CLOSED] from datanode 802f7a56-3ac2-455e-92a2-71244eb20cf7{ip: 192.168.36.83, host: pr-hdds-2096-jg2tg-1247294052, networkLocation: /default-rack, certSerialId: null}. Reason : 802f7a56-3ac2-455e-92a2-71244eb20cf7 has not seen follower/s 9bb405f0-f563-4579-83ea-0bbe163a9fbc for 157430ms e0c56373-add1-4904-83f3-08b0a755b8ed for 157431ms
2019-09-11 20:11:07,683 [EventQueue-PipelineActionsForPipelineActionHandler] INFO  pipeline.SCMPipelineManager (SCMPipelineManager.java:finalizeAndDestroyPipeline(311)) - destroying pipeline:Pipeline[ Id: c7e82ce3-5b06-437e-9115-61d96fa8a4d2, Nodes: 802f7a56-3ac2-455e-92a2-71244eb20cf7{ip: 192.168.36.83, host: pr-hdds-2096-jg2tg-1247294052, networkLocation: /default-rack, certSerialId: null}e0c56373-add1-4904-83f3-08b0a755b8ed{ip: 192.168.36.83, host: pr-hdds-2096-jg2tg-1247294052, networkLocation: /default-rack, certSerialId: null}9bb405f0-f563-4579-83ea-0bbe163a9fbc{ip: 192.168.36.83, host: pr-hdds-2096-jg2tg-1247294052, networkLocation: /default-rack, certSerialId: null}, Type:RATIS, Factor:THREE, State:CLOSED]
2019-09-11 20:11:09,199 [org.apache.ratis.server.impl.LogAppender$AppenderDaemon$$Lambda$513/1740195529@6a76aae7] ERROR ratis.XceiverServerRatis (XceiverServerRatis.java:triggerPipelineClose(568)) - pipeline Action CLOSE  on pipeline PipelineID=c7e82ce3-5b06-437e-9115-61d96fa8a4d2.Reason : 802f7a56-3ac2-455e-92a2-71244eb20cf7 has not seen follower/s 9bb405f0-f563-4579-83ea-0bbe163a9fbc for 159932ms e0c56373-add1-4904-83f3-08b0a755b8ed for 159932ms
2019-09-11 20:11:09,199 [org.apache.ratis.server.impl.LogAppender$AppenderDaemon$$Lambda$513/1740195529@3d8e5178] ERROR ratis.XceiverServerRatis (XceiverServerRatis.java:triggerPipelineClose(568)) - pipeline Action CLOSE  on pipeline PipelineID=c7e82ce3-5b06-437e-9115-61d96fa8a4d2.Reason : 802f7a56-3ac2-455e-92a2-71244eb20cf7 has not seen follower/s 9bb405f0-f563-4579-83ea-0bbe163a9fbc for 159932ms e0c56373-add1-4904-83f3-08b0a755b8ed for 159932ms
2019-09-11 20:11:09,520 [e0c56373-add1-4904-83f3-08b0a755b8ed@group-61D96FA8A4D2-SegmentedRaftLogWorker] WARN  segmented.SegmentedRaftLogWorker (SegmentedRaftLogWorker.java:getFromFuture(90)) - Timeout 15/~
org.apache.ratis.protocol.TimeoutIOException: Timeout 10s: WriteLog:18: (t:1, i:18), STATEMACHINELOGENTRY, client-1170F4C7A823, cid=248-writeStateMachineData
	at org.apache.ratis.util.IOUtils.getFromFuture(IOUtils.java:87)
	at org.apache.ratis.server.raftlog.segmented.SegmentedRaftLogWorker$StateMachineDataPolicy.getFromFuture(SegmentedRaftLogWorker.java:87)
	at org.apache.ratis.server.raftlog.segmented.SegmentedRaftLogWorker$WriteLog.execute(SegmentedRaftLogWorker.java:477)
	at org.apache.ratis.server.raftlog.segmented.SegmentedRaftLogWorker.run(SegmentedRaftLogWorker.java:289)
	at java.lang.Thread.run(Thread.java:748)
Caused by: java.util.concurrent.TimeoutException
	at java.util.concurrent.CompletableFuture.timedGet(CompletableFuture.java:1771)
	at java.util.concurrent.CompletableFuture.get(CompletableFuture.java:1915)
	at org.apache.ratis.util.IOUtils.getFromFuture(IOUtils.java:79)
	... 4 more
2019-09-11 20:11:09,553 [9bb405f0-f563-4579-83ea-0bbe163a9fbc@group-61D96FA8A4D2-SegmentedRaftLogWorker] WARN  segmented.SegmentedRaftLogWorker (SegmentedRaftLogWorker.java:getFromFuture(90)) - Timeout 15/~
org.apache.ratis.protocol.TimeoutIOException: Timeout 10s: WriteLog:18: (t:1, i:18), STATEMACHINELOGENTRY, client-1170F4C7A823, cid=248-writeStateMachineData
	at org.apache.ratis.util.IOUtils.getFromFuture(IOUtils.java:87)
	at org.apache.ratis.server.raftlog.segmented.SegmentedRaftLogWorker$StateMachineDataPolicy.getFromFuture(SegmentedRaftLogWorker.java:87)
	at org.apache.ratis.server.raftlog.segmented.SegmentedRaftLogWorker$WriteLog.execute(SegmentedRaftLogWorker.java:477)
	at org.apache.ratis.server.raftlog.segmented.SegmentedRaftLogWorker.run(SegmentedRaftLogWorker.java:289)
	at java.lang.Thread.run(Thread.java:748)
Caused by: java.util.concurrent.TimeoutException
	at java.util.concurrent.CompletableFuture.timedGet(CompletableFuture.java:1771)
	at java.util.concurrent.CompletableFuture.get(CompletableFuture.java:1915)
	at org.apache.ratis.util.IOUtils.getFromFuture(IOUtils.java:79)
	... 4 more
2019-09-11 20:11:09,553 [802f7a56-3ac2-455e-92a2-71244eb20cf7@group-61D96FA8A4D2-SegmentedRaftLogWorker] WARN  segmented.SegmentedRaftLogWorker (SegmentedRaftLogWorker.java:getFromFuture(90)) - Timeout 15/~
org.apache.ratis.protocol.TimeoutIOException: Timeout 10s: WriteLog:18: (t:1, i:18), STATEMACHINELOGENTRY, client-1170F4C7A823, cid=248-writeStateMachineData
	at org.apache.ratis.util.IOUtils.getFromFuture(IOUtils.java:87)
	at org.apache.ratis.server.raftlog.segmented.SegmentedRaftLogWorker$StateMachineDataPolicy.getFromFuture(SegmentedRaftLogWorker.java:87)
	at org.apache.ratis.server.raftlog.segmented.SegmentedRaftLogWorker$WriteLog.execute(SegmentedRaftLogWorker.java:477)
	at org.apache.ratis.server.raftlog.segmented.SegmentedRaftLogWorker.run(SegmentedRaftLogWorker.java:289)
	at java.lang.Thread.run(Thread.java:748)
Caused by: java.util.concurrent.TimeoutException
	at java.util.concurrent.CompletableFuture.timedGet(CompletableFuture.java:1771)
	at java.util.concurrent.CompletableFuture.get(CompletableFuture.java:1915)
	at org.apache.ratis.util.IOUtils.getFromFuture(IOUtils.java:79)
	... 4 more
2019-09-11 20:11:09,683 [EventQueue-PipelineActionsForPipelineActionHandler] ERROR pipeline.PipelineActionHandler (PipelineActionHandler.java:onMessage(60)) - Received pipeline action CLOSE for Pipeline[ Id: c7e82ce3-5b06-437e-9115-61d96fa8a4d2, Nodes: 802f7a56-3ac2-455e-92a2-71244eb20cf7{ip: 192.168.36.83, host: pr-hdds-2096-jg2tg-1247294052, networkLocation: /default-rack, certSerialId: null}e0c56373-add1-4904-83f3-08b0a755b8ed{ip: 192.168.36.83, host: pr-hdds-2096-jg2tg-1247294052, networkLocation: /default-rack, certSerialId: null}9bb405f0-f563-4579-83ea-0bbe163a9fbc{ip: 192.168.36.83, host: pr-hdds-2096-jg2tg-1247294052, networkLocation: /default-rack, certSerialId: null}, Type:RATIS, Factor:THREE, State:CLOSED] from datanode 802f7a56-3ac2-455e-92a2-71244eb20cf7{ip: 192.168.36.83, host: pr-hdds-2096-jg2tg-1247294052, networkLocation: /default-rack, certSerialId: null}. Reason : 802f7a56-3ac2-455e-92a2-71244eb20cf7 has not seen follower/s 9bb405f0-f563-4579-83ea-0bbe163a9fbc for 159932ms e0c56373-add1-4904-83f3-08b0a755b8ed for 159932ms
2019-09-11 20:11:09,684 [EventQueue-PipelineActionsForPipelineActionHandler] INFO  pipeline.SCMPipelineManager (SCMPipelineManager.java:finalizeAndDestroyPipeline(311)) - destroying pipeline:Pipeline[ Id: c7e82ce3-5b06-437e-9115-61d96fa8a4d2, Nodes: 802f7a56-3ac2-455e-92a2-71244eb20cf7{ip: 192.168.36.83, host: pr-hdds-2096-jg2tg-1247294052, networkLocation: /default-rack, certSerialId: null}e0c56373-add1-4904-83f3-08b0a755b8ed{ip: 192.168.36.83, host: pr-hdds-2096-jg2tg-1247294052, networkLocation: /default-rack, certSerialId: null}9bb405f0-f563-4579-83ea-0bbe163a9fbc{ip: 192.168.36.83, host: pr-hdds-2096-jg2tg-1247294052, networkLocation: /default-rack, certSerialId: null}, Type:RATIS, Factor:THREE, State:CLOSED]
2019-09-11 20:11:09,697 [java.util.concurrent.ThreadPoolExecutor$Worker@35e4abe9[State = -1, empty queue]] WARN  server.GrpcLogAppender (GrpcLogAppender.java:timeoutAppendRequest(200)) - 802f7a56-3ac2-455e-92a2-71244eb20cf7@group-61D96FA8A4D2->9bb405f0-f563-4579-83ea-0bbe163a9fbc-GrpcLogAppender: appendEntries Timeout, request=802f7a56-3ac2-455e-92a2-71244eb20cf7->9bb405f0-f563-4579-83ea-0bbe163a9fbc#86-t1, previous=(t:1, i:23), leaderCommit=16, initializing? false, entries: <empty>
2019-09-11 20:11:09,697 [java.util.concurrent.ThreadPoolExecutor$Worker@178a595d[State = -1, empty queue]] WARN  server.GrpcLogAppender (GrpcLogAppender.java:timeoutAppendRequest(200)) - 802f7a56-3ac2-455e-92a2-71244eb20cf7@group-61D96FA8A4D2->e0c56373-add1-4904-83f3-08b0a755b8ed-GrpcLogAppender: appendEntries Timeout, request=802f7a56-3ac2-455e-92a2-71244eb20cf7->e0c56373-add1-4904-83f3-08b0a755b8ed#86-t1, previous=(t:1, i:23), leaderCommit=16, initializing? false, entries: <empty>
2019-09-11 20:11:10,876 [grpc-default-executor-13] INFO  client.GrpcClientProtocolClient (GrpcClientProtocolClient.java:onNext(264)) - client-1170F4C7A823->e0c56373-add1-4904-83f3-08b0a755b8ed: receive RaftClientReply:client-1170F4C7A823->e0c56373-add1-4904-83f3-08b0a755b8ed@group-61D96FA8A4D2, cid=247, FAILED org.apache.ratis.protocol.NotLeaderException: Server e0c56373-add1-4904-83f3-08b0a755b8ed@group-61D96FA8A4D2 is not the leader 802f7a56-3ac2-455e-92a2-71244eb20cf7:192.168.36.83:33220, logIndex=0, commits[e0c56373-add1-4904-83f3-08b0a755b8ed:c16, 802f7a56-3ac2-455e-92a2-71244eb20cf7:c16, 9bb405f0-f563-4579-83ea-0bbe163a9fbc:c14]
2019-09-11 20:11:11,699 [org.apache.ratis.server.impl.LogAppender$AppenderDaemon$$Lambda$513/1740195529@6a76aae7] ERROR ratis.XceiverServerRatis (XceiverServerRatis.java:triggerPipelineClose(568)) - pipeline Action CLOSE  on pipeline PipelineID=c7e82ce3-5b06-437e-9115-61d96fa8a4d2.Reason : 802f7a56-3ac2-455e-92a2-71244eb20cf7 has not seen follower/s 9bb405f0-f563-4579-83ea-0bbe163a9fbc for 162432ms e0c56373-add1-4904-83f3-08b0a755b8ed for 162432ms
2019-09-11 20:11:11,699 [org.apache.ratis.server.impl.LogAppender$AppenderDaemon$$Lambda$513/1740195529@3d8e5178] ERROR ratis.XceiverServerRatis (XceiverServerRatis.java:triggerPipelineClose(568)) - pipeline Action CLOSE  on pipeline PipelineID=c7e82ce3-5b06-437e-9115-61d96fa8a4d2.Reason : 802f7a56-3ac2-455e-92a2-71244eb20cf7 has not seen follower/s 9bb405f0-f563-4579-83ea-0bbe163a9fbc for 162432ms e0c56373-add1-4904-83f3-08b0a755b8ed for 162433ms
2019-09-11 20:11:12,198 [java.util.concurrent.ThreadPoolExecutor$Worker@178a595d[State = -1, empty queue]] WARN  server.GrpcLogAppender (GrpcLogAppender.java:timeoutAppendRequest(200)) - 802f7a56-3ac2-455e-92a2-71244eb20cf7@group-61D96FA8A4D2->e0c56373-add1-4904-83f3-08b0a755b8ed-GrpcLogAppender: appendEntries Timeout, request=802f7a56-3ac2-455e-92a2-71244eb20cf7->e0c56373-add1-4904-83f3-08b0a755b8ed#87-t1, previous=(t:1, i:23), leaderCommit=16, initializing? false, entries: <empty>
2019-09-11 20:11:12,198 [java.util.concurrent.ThreadPoolExecutor$Worker@35e4abe9[State = -1, empty queue]] WARN  server.GrpcLogAppender (GrpcLogAppender.java:timeoutAppendRequest(200)) - 802f7a56-3ac2-455e-92a2-71244eb20cf7@group-61D96FA8A4D2->9bb405f0-f563-4579-83ea-0bbe163a9fbc-GrpcLogAppender: appendEntries Timeout, request=802f7a56-3ac2-455e-92a2-71244eb20cf7->9bb405f0-f563-4579-83ea-0bbe163a9fbc#87-t1, previous=(t:1, i:23), leaderCommit=16, initializing? false, entries: <empty>
2019-09-11 20:11:12,683 [EventQueue-PipelineActionsForPipelineActionHandler] ERROR pipeline.PipelineActionHandler (PipelineActionHandler.java:onMessage(60)) - Received pipeline action CLOSE for Pipeline[ Id: c7e82ce3-5b06-437e-9115-61d96fa8a4d2, Nodes: 802f7a56-3ac2-455e-92a2-71244eb20cf7{ip: 192.168.36.83, host: pr-hdds-2096-jg2tg-1247294052, networkLocation: /default-rack, certSerialId: null}e0c56373-add1-4904-83f3-08b0a755b8ed{ip: 192.168.36.83, host: pr-hdds-2096-jg2tg-1247294052, networkLocation: /default-rack, certSerialId: null}9bb405f0-f563-4579-83ea-0bbe163a9fbc{ip: 192.168.36.83, host: pr-hdds-2096-jg2tg-1247294052, networkLocation: /default-rack, certSerialId: null}, Type:RATIS, Factor:THREE, State:CLOSED] from datanode 802f7a56-3ac2-455e-92a2-71244eb20cf7{ip: 192.168.36.83, host: pr-hdds-2096-jg2tg-1247294052, networkLocation: /default-rack, certSerialId: null}. Reason : 802f7a56-3ac2-455e-92a2-71244eb20cf7 has not seen follower/s 9bb405f0-f563-4579-83ea-0bbe163a9fbc for 162432ms e0c56373-add1-4904-83f3-08b0a755b8ed for 162432ms
2019-09-11 20:11:12,684 [EventQueue-PipelineActionsForPipelineActionHandler] INFO  pipeline.SCMPipelineManager (SCMPipelineManager.java:finalizeAndDestroyPipeline(311)) - destroying pipeline:Pipeline[ Id: c7e82ce3-5b06-437e-9115-61d96fa8a4d2, Nodes: 802f7a56-3ac2-455e-92a2-71244eb20cf7{ip: 192.168.36.83, host: pr-hdds-2096-jg2tg-1247294052, networkLocation: /default-rack, certSerialId: null}e0c56373-add1-4904-83f3-08b0a755b8ed{ip: 192.168.36.83, host: pr-hdds-2096-jg2tg-1247294052, networkLocation: /default-rack, certSerialId: null}9bb405f0-f563-4579-83ea-0bbe163a9fbc{ip: 192.168.36.83, host: pr-hdds-2096-jg2tg-1247294052, networkLocation: /default-rack, certSerialId: null}, Type:RATIS, Factor:THREE, State:CLOSED]
2019-09-11 20:11:14,200 [org.apache.ratis.server.impl.LogAppender$AppenderDaemon$$Lambda$513/1740195529@3d8e5178] ERROR ratis.XceiverServerRatis (XceiverServerRatis.java:triggerPipelineClose(568)) - pipeline Action CLOSE  on pipeline PipelineID=c7e82ce3-5b06-437e-9115-61d96fa8a4d2.Reason : 802f7a56-3ac2-455e-92a2-71244eb20cf7 has not seen follower/s 9bb405f0-f563-4579-83ea-0bbe163a9fbc for 164933ms e0c56373-add1-4904-83f3-08b0a755b8ed for 164934ms
2019-09-11 20:11:14,200 [org.apache.ratis.server.impl.LogAppender$AppenderDaemon$$Lambda$513/1740195529@6a76aae7] ERROR ratis.XceiverServerRatis (XceiverServerRatis.java:triggerPipelineClose(568)) - pipeline Action CLOSE  on pipeline PipelineID=c7e82ce3-5b06-437e-9115-61d96fa8a4d2.Reason : 802f7a56-3ac2-455e-92a2-71244eb20cf7 has not seen follower/s 9bb405f0-f563-4579-83ea-0bbe163a9fbc for 164933ms e0c56373-add1-4904-83f3-08b0a755b8ed for 164934ms
2019-09-11 20:11:14,685 [EventQueue-PipelineActionsForPipelineActionHandler] ERROR pipeline.PipelineActionHandler (PipelineActionHandler.java:onMessage(60)) - Received pipeline action CLOSE for Pipeline[ Id: c7e82ce3-5b06-437e-9115-61d96fa8a4d2, Nodes: 802f7a56-3ac2-455e-92a2-71244eb20cf7{ip: 192.168.36.83, host: pr-hdds-2096-jg2tg-1247294052, networkLocation: /default-rack, certSerialId: null}e0c56373-add1-4904-83f3-08b0a755b8ed{ip: 192.168.36.83, host: pr-hdds-2096-jg2tg-1247294052, networkLocation: /default-rack, certSerialId: null}9bb405f0-f563-4579-83ea-0bbe163a9fbc{ip: 192.168.36.83, host: pr-hdds-2096-jg2tg-1247294052, networkLocation: /default-rack, certSerialId: null}, Type:RATIS, Factor:THREE, State:CLOSED] from datanode 802f7a56-3ac2-455e-92a2-71244eb20cf7{ip: 192.168.36.83, host: pr-hdds-2096-jg2tg-1247294052, networkLocation: /default-rack, certSerialId: null}. Reason : 802f7a56-3ac2-455e-92a2-71244eb20cf7 has not seen follower/s 9bb405f0-f563-4579-83ea-0bbe163a9fbc for 164933ms e0c56373-add1-4904-83f3-08b0a755b8ed for 164934ms
2019-09-11 20:11:14,685 [EventQueue-PipelineActionsForPipelineActionHandler] INFO  pipeline.SCMPipelineManager (SCMPipelineManager.java:finalizeAndDestroyPipeline(311)) - destroying pipeline:Pipeline[ Id: c7e82ce3-5b06-437e-9115-61d96fa8a4d2, Nodes: 802f7a56-3ac2-455e-92a2-71244eb20cf7{ip: 192.168.36.83, host: pr-hdds-2096-jg2tg-1247294052, networkLocation: /default-rack, certSerialId: null}e0c56373-add1-4904-83f3-08b0a755b8ed{ip: 192.168.36.83, host: pr-hdds-2096-jg2tg-1247294052, networkLocation: /default-rack, certSerialId: null}9bb405f0-f563-4579-83ea-0bbe163a9fbc{ip: 192.168.36.83, host: pr-hdds-2096-jg2tg-1247294052, networkLocation: /default-rack, certSerialId: null}, Type:RATIS, Factor:THREE, State:CLOSED]
2019-09-11 20:11:14,699 [java.util.concurrent.ThreadPoolExecutor$Worker@178a595d[State = -1, empty queue]] WARN  server.GrpcLogAppender (GrpcLogAppender.java:timeoutAppendRequest(200)) - 802f7a56-3ac2-455e-92a2-71244eb20cf7@group-61D96FA8A4D2->e0c56373-add1-4904-83f3-08b0a755b8ed-GrpcLogAppender: appendEntries Timeout, request=802f7a56-3ac2-455e-92a2-71244eb20cf7->e0c56373-add1-4904-83f3-08b0a755b8ed#88-t1, previous=(t:1, i:23), leaderCommit=16, initializing? false, entries: <empty>
2019-09-11 20:11:14,699 [java.util.concurrent.ThreadPoolExecutor$Worker@35e4abe9[State = -1, empty queue]] WARN  server.GrpcLogAppender (GrpcLogAppender.java:timeoutAppendRequest(200)) - 802f7a56-3ac2-455e-92a2-71244eb20cf7@group-61D96FA8A4D2->9bb405f0-f563-4579-83ea-0bbe163a9fbc-GrpcLogAppender: appendEntries Timeout, request=802f7a56-3ac2-455e-92a2-71244eb20cf7->9bb405f0-f563-4579-83ea-0bbe163a9fbc#88-t1, previous=(t:1, i:23), leaderCommit=16, initializing? false, entries: <empty>
2019-09-11 20:11:15,925 [grpc-default-executor-13] INFO  client.GrpcClientProtocolClient (GrpcClientProtocolClient.java:onNext(264)) - client-1170F4C7A823->e0c56373-add1-4904-83f3-08b0a755b8ed: receive RaftClientReply:client-1170F4C7A823->e0c56373-add1-4904-83f3-08b0a755b8ed@group-61D96FA8A4D2, cid=247, FAILED org.apache.ratis.protocol.NotLeaderException: Server e0c56373-add1-4904-83f3-08b0a755b8ed@group-61D96FA8A4D2 is not the leader 802f7a56-3ac2-455e-92a2-71244eb20cf7:192.168.36.83:33220, logIndex=0, commits[e0c56373-add1-4904-83f3-08b0a755b8ed:c16, 802f7a56-3ac2-455e-92a2-71244eb20cf7:c16, 9bb405f0-f563-4579-83ea-0bbe163a9fbc:c14]
2019-09-11 20:11:16,701 [org.apache.ratis.server.impl.LogAppender$AppenderDaemon$$Lambda$513/1740195529@3d8e5178] ERROR ratis.XceiverServerRatis (XceiverServerRatis.java:triggerPipelineClose(568)) - pipeline Action CLOSE  on pipeline PipelineID=c7e82ce3-5b06-437e-9115-61d96fa8a4d2.Reason : 802f7a56-3ac2-455e-92a2-71244eb20cf7 has not seen follower/s 9bb405f0-f563-4579-83ea-0bbe163a9fbc for 167434ms e0c56373-add1-4904-83f3-08b0a755b8ed for 167435ms
2019-09-11 20:11:16,701 [org.apache.ratis.server.impl.LogAppender$AppenderDaemon$$Lambda$513/1740195529@6a76aae7] ERROR ratis.XceiverServerRatis (XceiverServerRatis.java:triggerPipelineClose(568)) - pipeline Action CLOSE  on pipeline PipelineID=c7e82ce3-5b06-437e-9115-61d96fa8a4d2.Reason : 802f7a56-3ac2-455e-92a2-71244eb20cf7 has not seen follower/s 9bb405f0-f563-4579-83ea-0bbe163a9fbc for 167434ms e0c56373-add1-4904-83f3-08b0a755b8ed for 167435ms
2019-09-11 20:11:17,200 [java.util.concurrent.ThreadPoolExecutor$Worker@178a595d[State = -1, empty queue]] WARN  server.GrpcLogAppender (GrpcLogAppender.java:timeoutAppendRequest(200)) - 802f7a56-3ac2-455e-92a2-71244eb20cf7@group-61D96FA8A4D2->e0c56373-add1-4904-83f3-08b0a755b8ed-GrpcLogAppender: appendEntries Timeout, request=802f7a56-3ac2-455e-92a2-71244eb20cf7->e0c56373-add1-4904-83f3-08b0a755b8ed#89-t1, previous=(t:1, i:23), leaderCommit=16, initializing? false, entries: <empty>
2019-09-11 20:11:17,200 [java.util.concurrent.ThreadPoolExecutor$Worker@35e4abe9[State = -1, empty queue]] WARN  server.GrpcLogAppender (GrpcLogAppender.java:timeoutAppendRequest(200)) - 802f7a56-3ac2-455e-92a2-71244eb20cf7@group-61D96FA8A4D2->9bb405f0-f563-4579-83ea-0bbe163a9fbc-GrpcLogAppender: appendEntries Timeout, request=802f7a56-3ac2-455e-92a2-71244eb20cf7->9bb405f0-f563-4579-83ea-0bbe163a9fbc#89-t1, previous=(t:1, i:23), leaderCommit=16, initializing? false, entries: <empty>
2019-09-11 20:11:17,685 [EventQueue-PipelineActionsForPipelineActionHandler] ERROR pipeline.PipelineActionHandler (PipelineActionHandler.java:onMessage(60)) - Received pipeline action CLOSE for Pipeline[ Id: c7e82ce3-5b06-437e-9115-61d96fa8a4d2, Nodes: 802f7a56-3ac2-455e-92a2-71244eb20cf7{ip: 192.168.36.83, host: pr-hdds-2096-jg2tg-1247294052, networkLocation: /default-rack, certSerialId: null}e0c56373-add1-4904-83f3-08b0a755b8ed{ip: 192.168.36.83, host: pr-hdds-2096-jg2tg-1247294052, networkLocation: /default-rack, certSerialId: null}9bb405f0-f563-4579-83ea-0bbe163a9fbc{ip: 192.168.36.83, host: pr-hdds-2096-jg2tg-1247294052, networkLocation: /default-rack, certSerialId: null}, Type:RATIS, Factor:THREE, State:CLOSED] from datanode 802f7a56-3ac2-455e-92a2-71244eb20cf7{ip: 192.168.36.83, host: pr-hdds-2096-jg2tg-1247294052, networkLocation: /default-rack, certSerialId: null}. Reason : 802f7a56-3ac2-455e-92a2-71244eb20cf7 has not seen follower/s 9bb405f0-f563-4579-83ea-0bbe163a9fbc for 167434ms e0c56373-add1-4904-83f3-08b0a755b8ed for 167435ms
2019-09-11 20:11:17,685 [EventQueue-PipelineActionsForPipelineActionHandler] INFO  pipeline.SCMPipelineManager (SCMPipelineManager.java:finalizeAndDestroyPipeline(311)) - destroying pipeline:Pipeline[ Id: c7e82ce3-5b06-437e-9115-61d96fa8a4d2, Nodes: 802f7a56-3ac2-455e-92a2-71244eb20cf7{ip: 192.168.36.83, host: pr-hdds-2096-jg2tg-1247294052, networkLocation: /default-rack, certSerialId: null}e0c56373-add1-4904-83f3-08b0a755b8ed{ip: 192.168.36.83, host: pr-hdds-2096-jg2tg-1247294052, networkLocation: /default-rack, certSerialId: null}9bb405f0-f563-4579-83ea-0bbe163a9fbc{ip: 192.168.36.83, host: pr-hdds-2096-jg2tg-1247294052, networkLocation: /default-rack, certSerialId: null}, Type:RATIS, Factor:THREE, State:CLOSED]
2019-09-11 20:11:19,201 [org.apache.ratis.server.impl.LogAppender$AppenderDaemon$$Lambda$513/1740195529@3d8e5178] ERROR ratis.XceiverServerRatis (XceiverServerRatis.java:triggerPipelineClose(568)) - pipeline Action CLOSE  on pipeline PipelineID=c7e82ce3-5b06-437e-9115-61d96fa8a4d2.Reason : 802f7a56-3ac2-455e-92a2-71244eb20cf7 has not seen follower/s 9bb405f0-f563-4579-83ea-0bbe163a9fbc for 169935ms e0c56373-add1-4904-83f3-08b0a755b8ed for 169935ms
2019-09-11 20:11:19,201 [org.apache.ratis.server.impl.LogAppender$AppenderDaemon$$Lambda$513/1740195529@6a76aae7] ERROR ratis.XceiverServerRatis (XceiverServerRatis.java:triggerPipelineClose(568)) - pipeline Action CLOSE  on pipeline PipelineID=c7e82ce3-5b06-437e-9115-61d96fa8a4d2.Reason : 802f7a56-3ac2-455e-92a2-71244eb20cf7 has not seen follower/s 9bb405f0-f563-4579-83ea-0bbe163a9fbc for 169935ms e0c56373-add1-4904-83f3-08b0a755b8ed for 169935ms
2019-09-11 20:11:19,521 [e0c56373-add1-4904-83f3-08b0a755b8ed@group-61D96FA8A4D2-SegmentedRaftLogWorker] WARN  segmented.SegmentedRaftLogWorker (SegmentedRaftLogWorker.java:getFromFuture(90)) - Timeout 16/~
org.apache.ratis.protocol.TimeoutIOException: Timeout 10s: WriteLog:18: (t:1, i:18), STATEMACHINELOGENTRY, client-1170F4C7A823, cid=248-writeStateMachineData
	at org.apache.ratis.util.IOUtils.getFromFuture(IOUtils.java:87)
	at org.apache.ratis.server.raftlog.segmented.SegmentedRaftLogWorker$StateMachineDataPolicy.getFromFuture(SegmentedRaftLogWorker.java:87)
	at org.apache.ratis.server.raftlog.segmented.SegmentedRaftLogWorker$WriteLog.execute(SegmentedRaftLogWorker.java:477)
	at org.apache.ratis.server.raftlog.segmented.SegmentedRaftLogWorker.run(SegmentedRaftLogWorker.java:289)
	at java.lang.Thread.run(Thread.java:748)
Caused by: java.util.concurrent.TimeoutException
	at java.util.concurrent.CompletableFuture.timedGet(CompletableFuture.java:1771)
	at java.util.concurrent.CompletableFuture.get(CompletableFuture.java:1915)
	at org.apache.ratis.util.IOUtils.getFromFuture(IOUtils.java:79)
	... 4 more
2019-09-11 20:11:19,554 [9bb405f0-f563-4579-83ea-0bbe163a9fbc@group-61D96FA8A4D2-SegmentedRaftLogWorker] WARN  segmented.SegmentedRaftLogWorker (SegmentedRaftLogWorker.java:getFromFuture(90)) - Timeout 16/~
org.apache.ratis.protocol.TimeoutIOException: Timeout 10s: WriteLog:18: (t:1, i:18), STATEMACHINELOGENTRY, client-1170F4C7A823, cid=248-writeStateMachineData
	at org.apache.ratis.util.IOUtils.getFromFuture(IOUtils.java:87)
	at org.apache.ratis.server.raftlog.segmented.SegmentedRaftLogWorker$StateMachineDataPolicy.getFromFuture(SegmentedRaftLogWorker.java:87)
	at org.apache.ratis.server.raftlog.segmented.SegmentedRaftLogWorker$WriteLog.execute(SegmentedRaftLogWorker.java:477)
	at org.apache.ratis.server.raftlog.segmented.SegmentedRaftLogWorker.run(SegmentedRaftLogWorker.java:289)
	at java.lang.Thread.run(Thread.java:748)
Caused by: java.util.concurrent.TimeoutException
	at java.util.concurrent.CompletableFuture.timedGet(CompletableFuture.java:1771)
	at java.util.concurrent.CompletableFuture.get(CompletableFuture.java:1915)
	at org.apache.ratis.util.IOUtils.getFromFuture(IOUtils.java:79)
	... 4 more
2019-09-11 20:11:19,554 [802f7a56-3ac2-455e-92a2-71244eb20cf7@group-61D96FA8A4D2-SegmentedRaftLogWorker] WARN  segmented.SegmentedRaftLogWorker (SegmentedRaftLogWorker.java:getFromFuture(90)) - Timeout 16/~
org.apache.ratis.protocol.TimeoutIOException: Timeout 10s: WriteLog:18: (t:1, i:18), STATEMACHINELOGENTRY, client-1170F4C7A823, cid=248-writeStateMachineData
	at org.apache.ratis.util.IOUtils.getFromFuture(IOUtils.java:87)
	at org.apache.ratis.server.raftlog.segmented.SegmentedRaftLogWorker$StateMachineDataPolicy.getFromFuture(SegmentedRaftLogWorker.java:87)
	at org.apache.ratis.server.raftlog.segmented.SegmentedRaftLogWorker$WriteLog.execute(SegmentedRaftLogWorker.java:477)
	at org.apache.ratis.server.raftlog.segmented.SegmentedRaftLogWorker.run(SegmentedRaftLogWorker.java:289)
	at java.lang.Thread.run(Thread.java:748)
Caused by: java.util.concurrent.TimeoutException
	at java.util.concurrent.CompletableFuture.timedGet(CompletableFuture.java:1771)
	at java.util.concurrent.CompletableFuture.get(CompletableFuture.java:1915)
	at org.apache.ratis.util.IOUtils.getFromFuture(IOUtils.java:79)
	... 4 more
2019-09-11 20:11:19,684 [EventQueue-PipelineActionsForPipelineActionHandler] ERROR pipeline.PipelineActionHandler (PipelineActionHandler.java:onMessage(60)) - Received pipeline action CLOSE for Pipeline[ Id: c7e82ce3-5b06-437e-9115-61d96fa8a4d2, Nodes: 802f7a56-3ac2-455e-92a2-71244eb20cf7{ip: 192.168.36.83, host: pr-hdds-2096-jg2tg-1247294052, networkLocation: /default-rack, certSerialId: null}e0c56373-add1-4904-83f3-08b0a755b8ed{ip: 192.168.36.83, host: pr-hdds-2096-jg2tg-1247294052, networkLocation: /default-rack, certSerialId: null}9bb405f0-f563-4579-83ea-0bbe163a9fbc{ip: 192.168.36.83, host: pr-hdds-2096-jg2tg-1247294052, networkLocation: /default-rack, certSerialId: null}, Type:RATIS, Factor:THREE, State:CLOSED] from datanode 802f7a56-3ac2-455e-92a2-71244eb20cf7{ip: 192.168.36.83, host: pr-hdds-2096-jg2tg-1247294052, networkLocation: /default-rack, certSerialId: null}. Reason : 802f7a56-3ac2-455e-92a2-71244eb20cf7 has not seen follower/s 9bb405f0-f563-4579-83ea-0bbe163a9fbc for 169935ms e0c56373-add1-4904-83f3-08b0a755b8ed for 169935ms
2019-09-11 20:11:19,685 [EventQueue-PipelineActionsForPipelineActionHandler] INFO  pipeline.SCMPipelineManager (SCMPipelineManager.java:finalizeAndDestroyPipeline(311)) - destroying pipeline:Pipeline[ Id: c7e82ce3-5b06-437e-9115-61d96fa8a4d2, Nodes: 802f7a56-3ac2-455e-92a2-71244eb20cf7{ip: 192.168.36.83, host: pr-hdds-2096-jg2tg-1247294052, networkLocation: /default-rack, certSerialId: null}e0c56373-add1-4904-83f3-08b0a755b8ed{ip: 192.168.36.83, host: pr-hdds-2096-jg2tg-1247294052, networkLocation: /default-rack, certSerialId: null}9bb405f0-f563-4579-83ea-0bbe163a9fbc{ip: 192.168.36.83, host: pr-hdds-2096-jg2tg-1247294052, networkLocation: /default-rack, certSerialId: null}, Type:RATIS, Factor:THREE, State:CLOSED]
2019-09-11 20:11:19,701 [java.util.concurrent.ThreadPoolExecutor$Worker@35e4abe9[State = -1, empty queue]] WARN  server.GrpcLogAppender (GrpcLogAppender.java:timeoutAppendRequest(200)) - 802f7a56-3ac2-455e-92a2-71244eb20cf7@group-61D96FA8A4D2->9bb405f0-f563-4579-83ea-0bbe163a9fbc-GrpcLogAppender: appendEntries Timeout, request=802f7a56-3ac2-455e-92a2-71244eb20cf7->9bb405f0-f563-4579-83ea-0bbe163a9fbc#90-t1, previous=(t:1, i:23), leaderCommit=16, initializing? false, entries: <empty>
2019-09-11 20:11:19,701 [java.util.concurrent.ThreadPoolExecutor$Worker@178a595d[State = -1, empty queue]] WARN  server.GrpcLogAppender (GrpcLogAppender.java:timeoutAppendRequest(200)) - 802f7a56-3ac2-455e-92a2-71244eb20cf7@group-61D96FA8A4D2->e0c56373-add1-4904-83f3-08b0a755b8ed-GrpcLogAppender: appendEntries Timeout, request=802f7a56-3ac2-455e-92a2-71244eb20cf7->e0c56373-add1-4904-83f3-08b0a755b8ed#90-t1, previous=(t:1, i:23), leaderCommit=16, initializing? false, entries: <empty>
2019-09-11 20:11:20,961 [grpc-default-executor-13] INFO  client.GrpcClientProtocolClient (GrpcClientProtocolClient.java:onNext(264)) - client-1170F4C7A823->e0c56373-add1-4904-83f3-08b0a755b8ed: receive RaftClientReply:client-1170F4C7A823->e0c56373-add1-4904-83f3-08b0a755b8ed@group-61D96FA8A4D2, cid=247, FAILED org.apache.ratis.protocol.NotLeaderException: Server e0c56373-add1-4904-83f3-08b0a755b8ed@group-61D96FA8A4D2 is not the leader 802f7a56-3ac2-455e-92a2-71244eb20cf7:192.168.36.83:33220, logIndex=0, commits[e0c56373-add1-4904-83f3-08b0a755b8ed:c16, 802f7a56-3ac2-455e-92a2-71244eb20cf7:c16, 9bb405f0-f563-4579-83ea-0bbe163a9fbc:c14]
2019-09-11 20:11:21,702 [org.apache.ratis.server.impl.LogAppender$AppenderDaemon$$Lambda$513/1740195529@3d8e5178] ERROR ratis.XceiverServerRatis (XceiverServerRatis.java:triggerPipelineClose(568)) - pipeline Action CLOSE  on pipeline PipelineID=c7e82ce3-5b06-437e-9115-61d96fa8a4d2.Reason : 802f7a56-3ac2-455e-92a2-71244eb20cf7 has not seen follower/s 9bb405f0-f563-4579-83ea-0bbe163a9fbc for 172435ms e0c56373-add1-4904-83f3-08b0a755b8ed for 172436ms
2019-09-11 20:11:21,702 [org.apache.ratis.server.impl.LogAppender$AppenderDaemon$$Lambda$513/1740195529@6a76aae7] ERROR ratis.XceiverServerRatis (XceiverServerRatis.java:triggerPipelineClose(568)) - pipeline Action CLOSE  on pipeline PipelineID=c7e82ce3-5b06-437e-9115-61d96fa8a4d2.Reason : 802f7a56-3ac2-455e-92a2-71244eb20cf7 has not seen follower/s 9bb405f0-f563-4579-83ea-0bbe163a9fbc for 172436ms e0c56373-add1-4904-83f3-08b0a755b8ed for 172436ms
2019-09-11 20:11:22,201 [java.util.concurrent.ThreadPoolExecutor$Worker@35e4abe9[State = -1, empty queue]] WARN  server.GrpcLogAppender (GrpcLogAppender.java:timeoutAppendRequest(200)) - 802f7a56-3ac2-455e-92a2-71244eb20cf7@group-61D96FA8A4D2->9bb405f0-f563-4579-83ea-0bbe163a9fbc-GrpcLogAppender: appendEntries Timeout, request=802f7a56-3ac2-455e-92a2-71244eb20cf7->9bb405f0-f563-4579-83ea-0bbe163a9fbc#91-t1, previous=(t:1, i:23), leaderCommit=16, initializing? false, entries: <empty>
2019-09-11 20:11:22,201 [java.util.concurrent.ThreadPoolExecutor$Worker@178a595d[State = -1, empty queue]] WARN  server.GrpcLogAppender (GrpcLogAppender.java:timeoutAppendRequest(200)) - 802f7a56-3ac2-455e-92a2-71244eb20cf7@group-61D96FA8A4D2->e0c56373-add1-4904-83f3-08b0a755b8ed-GrpcLogAppender: appendEntries Timeout, request=802f7a56-3ac2-455e-92a2-71244eb20cf7->e0c56373-add1-4904-83f3-08b0a755b8ed#91-t1, previous=(t:1, i:23), leaderCommit=16, initializing? false, entries: <empty>
2019-09-11 20:11:22,685 [EventQueue-PipelineActionsForPipelineActionHandler] ERROR pipeline.PipelineActionHandler (PipelineActionHandler.java:onMessage(60)) - Received pipeline action CLOSE for Pipeline[ Id: c7e82ce3-5b06-437e-9115-61d96fa8a4d2, Nodes: 802f7a56-3ac2-455e-92a2-71244eb20cf7{ip: 192.168.36.83, host: pr-hdds-2096-jg2tg-1247294052, networkLocation: /default-rack, certSerialId: null}e0c56373-add1-4904-83f3-08b0a755b8ed{ip: 192.168.36.83, host: pr-hdds-2096-jg2tg-1247294052, networkLocation: /default-rack, certSerialId: null}9bb405f0-f563-4579-83ea-0bbe163a9fbc{ip: 192.168.36.83, host: pr-hdds-2096-jg2tg-1247294052, networkLocation: /default-rack, certSerialId: null}, Type:RATIS, Factor:THREE, State:CLOSED] from datanode 802f7a56-3ac2-455e-92a2-71244eb20cf7{ip: 192.168.36.83, host: pr-hdds-2096-jg2tg-1247294052, networkLocation: /default-rack, certSerialId: null}. Reason : 802f7a56-3ac2-455e-92a2-71244eb20cf7 has not seen follower/s 9bb405f0-f563-4579-83ea-0bbe163a9fbc for 172435ms e0c56373-add1-4904-83f3-08b0a755b8ed for 172436ms
2019-09-11 20:11:22,686 [EventQueue-PipelineActionsForPipelineActionHandler] INFO  pipeline.SCMPipelineManager (SCMPipelineManager.java:finalizeAndDestroyPipeline(311)) - destroying pipeline:Pipeline[ Id: c7e82ce3-5b06-437e-9115-61d96fa8a4d2, Nodes: 802f7a56-3ac2-455e-92a2-71244eb20cf7{ip: 192.168.36.83, host: pr-hdds-2096-jg2tg-1247294052, networkLocation: /default-rack, certSerialId: null}e0c56373-add1-4904-83f3-08b0a755b8ed{ip: 192.168.36.83, host: pr-hdds-2096-jg2tg-1247294052, networkLocation: /default-rack, certSerialId: null}9bb405f0-f563-4579-83ea-0bbe163a9fbc{ip: 192.168.36.83, host: pr-hdds-2096-jg2tg-1247294052, networkLocation: /default-rack, certSerialId: null}, Type:RATIS, Factor:THREE, State:CLOSED]
2019-09-11 20:11:24,204 [org.apache.ratis.server.impl.LogAppender$AppenderDaemon$$Lambda$513/1740195529@6a76aae7] ERROR ratis.XceiverServerRatis (XceiverServerRatis.java:triggerPipelineClose(568)) - pipeline Action CLOSE  on pipeline PipelineID=c7e82ce3-5b06-437e-9115-61d96fa8a4d2.Reason : 802f7a56-3ac2-455e-92a2-71244eb20cf7 has not seen follower/s 9bb405f0-f563-4579-83ea-0bbe163a9fbc for 174937ms e0c56373-add1-4904-83f3-08b0a755b8ed for 174937ms
2019-09-11 20:11:24,204 [org.apache.ratis.server.impl.LogAppender$AppenderDaemon$$Lambda$513/1740195529@3d8e5178] ERROR ratis.XceiverServerRatis (XceiverServerRatis.java:triggerPipelineClose(568)) - pipeline Action CLOSE  on pipeline PipelineID=c7e82ce3-5b06-437e-9115-61d96fa8a4d2.Reason : 802f7a56-3ac2-455e-92a2-71244eb20cf7 has not seen follower/s 9bb405f0-f563-4579-83ea-0bbe163a9fbc for 174937ms e0c56373-add1-4904-83f3-08b0a755b8ed for 174937ms
2019-09-11 20:11:24,687 [EventQueue-PipelineActionsForPipelineActionHandler] ERROR pipeline.PipelineActionHandler (PipelineActionHandler.java:onMessage(60)) - Received pipeline action CLOSE for Pipeline[ Id: c7e82ce3-5b06-437e-9115-61d96fa8a4d2, Nodes: 802f7a56-3ac2-455e-92a2-71244eb20cf7{ip: 192.168.36.83, host: pr-hdds-2096-jg2tg-1247294052, networkLocation: /default-rack, certSerialId: null}e0c56373-add1-4904-83f3-08b0a755b8ed{ip: 192.168.36.83, host: pr-hdds-2096-jg2tg-1247294052, networkLocation: /default-rack, certSerialId: null}9bb405f0-f563-4579-83ea-0bbe163a9fbc{ip: 192.168.36.83, host: pr-hdds-2096-jg2tg-1247294052, networkLocation: /default-rack, certSerialId: null}, Type:RATIS, Factor:THREE, State:CLOSED] from datanode 802f7a56-3ac2-455e-92a2-71244eb20cf7{ip: 192.168.36.83, host: pr-hdds-2096-jg2tg-1247294052, networkLocation: /default-rack, certSerialId: null}. Reason : 802f7a56-3ac2-455e-92a2-71244eb20cf7 has not seen follower/s 9bb405f0-f563-4579-83ea-0bbe163a9fbc for 174937ms e0c56373-add1-4904-83f3-08b0a755b8ed for 174937ms
2019-09-11 20:11:24,688 [EventQueue-PipelineActionsForPipelineActionHandler] INFO  pipeline.SCMPipelineManager (SCMPipelineManager.java:finalizeAndDestroyPipeline(311)) - destroying pipeline:Pipeline[ Id: c7e82ce3-5b06-437e-9115-61d96fa8a4d2, Nodes: 802f7a56-3ac2-455e-92a2-71244eb20cf7{ip: 192.168.36.83, host: pr-hdds-2096-jg2tg-1247294052, networkLocation: /default-rack, certSerialId: null}e0c56373-add1-4904-83f3-08b0a755b8ed{ip: 192.168.36.83, host: pr-hdds-2096-jg2tg-1247294052, networkLocation: /default-rack, certSerialId: null}9bb405f0-f563-4579-83ea-0bbe163a9fbc{ip: 192.168.36.83, host: pr-hdds-2096-jg2tg-1247294052, networkLocation: /default-rack, certSerialId: null}, Type:RATIS, Factor:THREE, State:CLOSED]
2019-09-11 20:11:24,702 [java.util.concurrent.ThreadPoolExecutor$Worker@35e4abe9[State = -1, empty queue]] WARN  server.GrpcLogAppender (GrpcLogAppender.java:timeoutAppendRequest(200)) - 802f7a56-3ac2-455e-92a2-71244eb20cf7@group-61D96FA8A4D2->9bb405f0-f563-4579-83ea-0bbe163a9fbc-GrpcLogAppender: appendEntries Timeout, request=802f7a56-3ac2-455e-92a2-71244eb20cf7->9bb405f0-f563-4579-83ea-0bbe163a9fbc#92-t1, previous=(t:1, i:23), leaderCommit=16, initializing? false, entries: <empty>
2019-09-11 20:11:24,702 [java.util.concurrent.ThreadPoolExecutor$Worker@178a595d[State = -1, empty queue]] WARN  server.GrpcLogAppender (GrpcLogAppender.java:timeoutAppendRequest(200)) - 802f7a56-3ac2-455e-92a2-71244eb20cf7@group-61D96FA8A4D2->e0c56373-add1-4904-83f3-08b0a755b8ed-GrpcLogAppender: appendEntries Timeout, request=802f7a56-3ac2-455e-92a2-71244eb20cf7->e0c56373-add1-4904-83f3-08b0a755b8ed#92-t1, previous=(t:1, i:23), leaderCommit=16, initializing? false, entries: <empty>
2019-09-11 20:11:26,016 [grpc-default-executor-6] INFO  client.GrpcClientProtocolClient (GrpcClientProtocolClient.java:onNext(264)) - client-1170F4C7A823->e0c56373-add1-4904-83f3-08b0a755b8ed: receive RaftClientReply:client-1170F4C7A823->e0c56373-add1-4904-83f3-08b0a755b8ed@group-61D96FA8A4D2, cid=247, FAILED org.apache.ratis.protocol.NotLeaderException: Server e0c56373-add1-4904-83f3-08b0a755b8ed@group-61D96FA8A4D2 is not the leader 802f7a56-3ac2-455e-92a2-71244eb20cf7:192.168.36.83:33220, logIndex=0, commits[e0c56373-add1-4904-83f3-08b0a755b8ed:c16, 802f7a56-3ac2-455e-92a2-71244eb20cf7:c16, 9bb405f0-f563-4579-83ea-0bbe163a9fbc:c14]
2019-09-11 20:11:26,704 [org.apache.ratis.server.impl.LogAppender$AppenderDaemon$$Lambda$513/1740195529@3d8e5178] ERROR ratis.XceiverServerRatis (XceiverServerRatis.java:triggerPipelineClose(568)) - pipeline Action CLOSE  on pipeline PipelineID=c7e82ce3-5b06-437e-9115-61d96fa8a4d2.Reason : 802f7a56-3ac2-455e-92a2-71244eb20cf7 has not seen follower/s 9bb405f0-f563-4579-83ea-0bbe163a9fbc for 177437ms e0c56373-add1-4904-83f3-08b0a755b8ed for 177437ms
2019-09-11 20:11:26,704 [org.apache.ratis.server.impl.LogAppender$AppenderDaemon$$Lambda$513/1740195529@6a76aae7] ERROR ratis.XceiverServerRatis (XceiverServerRatis.java:triggerPipelineClose(568)) - pipeline Action CLOSE  on pipeline PipelineID=c7e82ce3-5b06-437e-9115-61d96fa8a4d2.Reason : 802f7a56-3ac2-455e-92a2-71244eb20cf7 has not seen follower/s 9bb405f0-f563-4579-83ea-0bbe163a9fbc for 177438ms e0c56373-add1-4904-83f3-08b0a755b8ed for 177438ms
2019-09-11 20:11:27,203 [java.util.concurrent.ThreadPoolExecutor$Worker@178a595d[State = -1, empty queue]] WARN  server.GrpcLogAppender (GrpcLogAppender.java:timeoutAppendRequest(200)) - 802f7a56-3ac2-455e-92a2-71244eb20cf7@group-61D96FA8A4D2->e0c56373-add1-4904-83f3-08b0a755b8ed-GrpcLogAppender: appendEntries Timeout, request=802f7a56-3ac2-455e-92a2-71244eb20cf7->e0c56373-add1-4904-83f3-08b0a755b8ed#93-t1, previous=(t:1, i:23), leaderCommit=16, initializing? false, entries: <empty>
2019-09-11 20:11:27,203 [java.util.concurrent.ThreadPoolExecutor$Worker@35e4abe9[State = -1, empty queue]] WARN  server.GrpcLogAppender (GrpcLogAppender.java:timeoutAppendRequest(200)) - 802f7a56-3ac2-455e-92a2-71244eb20cf7@group-61D96FA8A4D2->9bb405f0-f563-4579-83ea-0bbe163a9fbc-GrpcLogAppender: appendEntries Timeout, request=802f7a56-3ac2-455e-92a2-71244eb20cf7->9bb405f0-f563-4579-83ea-0bbe163a9fbc#93-t1, previous=(t:1, i:23), leaderCommit=16, initializing? false, entries: <empty>
2019-09-11 20:11:27,687 [EventQueue-PipelineActionsForPipelineActionHandler] ERROR pipeline.PipelineActionHandler (PipelineActionHandler.java:onMessage(60)) - Received pipeline action CLOSE for Pipeline[ Id: c7e82ce3-5b06-437e-9115-61d96fa8a4d2, Nodes: 802f7a56-3ac2-455e-92a2-71244eb20cf7{ip: 192.168.36.83, host: pr-hdds-2096-jg2tg-1247294052, networkLocation: /default-rack, certSerialId: null}e0c56373-add1-4904-83f3-08b0a755b8ed{ip: 192.168.36.83, host: pr-hdds-2096-jg2tg-1247294052, networkLocation: /default-rack, certSerialId: null}9bb405f0-f563-4579-83ea-0bbe163a9fbc{ip: 192.168.36.83, host: pr-hdds-2096-jg2tg-1247294052, networkLocation: /default-rack, certSerialId: null}, Type:RATIS, Factor:THREE, State:CLOSED] from datanode 802f7a56-3ac2-455e-92a2-71244eb20cf7{ip: 192.168.36.83, host: pr-hdds-2096-jg2tg-1247294052, networkLocation: /default-rack, certSerialId: null}. Reason : 802f7a56-3ac2-455e-92a2-71244eb20cf7 has not seen follower/s 9bb405f0-f563-4579-83ea-0bbe163a9fbc for 177437ms e0c56373-add1-4904-83f3-08b0a755b8ed for 177437ms
2019-09-11 20:11:27,687 [EventQueue-PipelineActionsForPipelineActionHandler] INFO  pipeline.SCMPipelineManager (SCMPipelineManager.java:finalizeAndDestroyPipeline(311)) - destroying pipeline:Pipeline[ Id: c7e82ce3-5b06-437e-9115-61d96fa8a4d2, Nodes: 802f7a56-3ac2-455e-92a2-71244eb20cf7{ip: 192.168.36.83, host: pr-hdds-2096-jg2tg-1247294052, networkLocation: /default-rack, certSerialId: null}e0c56373-add1-4904-83f3-08b0a755b8ed{ip: 192.168.36.83, host: pr-hdds-2096-jg2tg-1247294052, networkLocation: /default-rack, certSerialId: null}9bb405f0-f563-4579-83ea-0bbe163a9fbc{ip: 192.168.36.83, host: pr-hdds-2096-jg2tg-1247294052, networkLocation: /default-rack, certSerialId: null}, Type:RATIS, Factor:THREE, State:CLOSED]
2019-09-11 20:11:29,205 [org.apache.ratis.server.impl.LogAppender$AppenderDaemon$$Lambda$513/1740195529@6a76aae7] ERROR ratis.XceiverServerRatis (XceiverServerRatis.java:triggerPipelineClose(568)) - pipeline Action CLOSE  on pipeline PipelineID=c7e82ce3-5b06-437e-9115-61d96fa8a4d2.Reason : 802f7a56-3ac2-455e-92a2-71244eb20cf7 has not seen follower/s 9bb405f0-f563-4579-83ea-0bbe163a9fbc for 179938ms e0c56373-add1-4904-83f3-08b0a755b8ed for 179939ms
2019-09-11 20:11:29,205 [org.apache.ratis.server.impl.LogAppender$AppenderDaemon$$Lambda$513/1740195529@3d8e5178] ERROR ratis.XceiverServerRatis (XceiverServerRatis.java:triggerPipelineClose(568)) - pipeline Action CLOSE  on pipeline PipelineID=c7e82ce3-5b06-437e-9115-61d96fa8a4d2.Reason : 802f7a56-3ac2-455e-92a2-71244eb20cf7 has not seen follower/s 9bb405f0-f563-4579-83ea-0bbe163a9fbc for 179938ms e0c56373-add1-4904-83f3-08b0a755b8ed for 179939ms
2019-09-11 20:11:29,522 [e0c56373-add1-4904-83f3-08b0a755b8ed@group-61D96FA8A4D2-SegmentedRaftLogWorker] WARN  segmented.SegmentedRaftLogWorker (SegmentedRaftLogWorker.java:getFromFuture(90)) - Timeout 17/~
org.apache.ratis.protocol.TimeoutIOException: Timeout 10s: WriteLog:18: (t:1, i:18), STATEMACHINELOGENTRY, client-1170F4C7A823, cid=248-writeStateMachineData
	at org.apache.ratis.util.IOUtils.getFromFuture(IOUtils.java:87)
	at org.apache.ratis.server.raftlog.segmented.SegmentedRaftLogWorker$StateMachineDataPolicy.getFromFuture(SegmentedRaftLogWorker.java:87)
	at org.apache.ratis.server.raftlog.segmented.SegmentedRaftLogWorker$WriteLog.execute(SegmentedRaftLogWorker.java:477)
	at org.apache.ratis.server.raftlog.segmented.SegmentedRaftLogWorker.run(SegmentedRaftLogWorker.java:289)
	at java.lang.Thread.run(Thread.java:748)
Caused by: java.util.concurrent.TimeoutException
	at java.util.concurrent.CompletableFuture.timedGet(CompletableFuture.java:1771)
	at java.util.concurrent.CompletableFuture.get(CompletableFuture.java:1915)
	at org.apache.ratis.util.IOUtils.getFromFuture(IOUtils.java:79)
	... 4 more
2019-09-11 20:11:29,555 [9bb405f0-f563-4579-83ea-0bbe163a9fbc@group-61D96FA8A4D2-SegmentedRaftLogWorker] WARN  segmented.SegmentedRaftLogWorker (SegmentedRaftLogWorker.java:getFromFuture(90)) - Timeout 17/~
org.apache.ratis.protocol.TimeoutIOException: Timeout 10s: WriteLog:18: (t:1, i:18), STATEMACHINELOGENTRY, client-1170F4C7A823, cid=248-writeStateMachineData
	at org.apache.ratis.util.IOUtils.getFromFuture(IOUtils.java:87)
	at org.apache.ratis.server.raftlog.segmented.SegmentedRaftLogWorker$StateMachineDataPolicy.getFromFuture(SegmentedRaftLogWorker.java:87)
	at org.apache.ratis.server.raftlog.segmented.SegmentedRaftLogWorker$WriteLog.execute(SegmentedRaftLogWorker.java:477)
	at org.apache.ratis.server.raftlog.segmented.SegmentedRaftLogWorker.run(SegmentedRaftLogWorker.java:289)
	at java.lang.Thread.run(Thread.java:748)
Caused by: java.util.concurrent.TimeoutException
	at java.util.concurrent.CompletableFuture.timedGet(CompletableFuture.java:1771)
	at java.util.concurrent.CompletableFuture.get(CompletableFuture.java:1915)
	at org.apache.ratis.util.IOUtils.getFromFuture(IOUtils.java:79)
	... 4 more
2019-09-11 20:11:29,555 [802f7a56-3ac2-455e-92a2-71244eb20cf7@group-61D96FA8A4D2-SegmentedRaftLogWorker] WARN  segmented.SegmentedRaftLogWorker (SegmentedRaftLogWorker.java:getFromFuture(90)) - Timeout 17/~
org.apache.ratis.protocol.TimeoutIOException: Timeout 10s: WriteLog:18: (t:1, i:18), STATEMACHINELOGENTRY, client-1170F4C7A823, cid=248-writeStateMachineData
	at org.apache.ratis.util.IOUtils.getFromFuture(IOUtils.java:87)
	at org.apache.ratis.server.raftlog.segmented.SegmentedRaftLogWorker$StateMachineDataPolicy.getFromFuture(SegmentedRaftLogWorker.java:87)
	at org.apache.ratis.server.raftlog.segmented.SegmentedRaftLogWorker$WriteLog.execute(SegmentedRaftLogWorker.java:477)
	at org.apache.ratis.server.raftlog.segmented.SegmentedRaftLogWorker.run(SegmentedRaftLogWorker.java:289)
	at java.lang.Thread.run(Thread.java:748)
Caused by: java.util.concurrent.TimeoutException
	at java.util.concurrent.CompletableFuture.timedGet(CompletableFuture.java:1771)
	at java.util.concurrent.CompletableFuture.get(CompletableFuture.java:1915)
	at org.apache.ratis.util.IOUtils.getFromFuture(IOUtils.java:79)
	... 4 more
2019-09-11 20:11:29,688 [EventQueue-PipelineActionsForPipelineActionHandler] ERROR pipeline.PipelineActionHandler (PipelineActionHandler.java:onMessage(60)) - Received pipeline action CLOSE for Pipeline[ Id: c7e82ce3-5b06-437e-9115-61d96fa8a4d2, Nodes: 802f7a56-3ac2-455e-92a2-71244eb20cf7{ip: 192.168.36.83, host: pr-hdds-2096-jg2tg-1247294052, networkLocation: /default-rack, certSerialId: null}e0c56373-add1-4904-83f3-08b0a755b8ed{ip: 192.168.36.83, host: pr-hdds-2096-jg2tg-1247294052, networkLocation: /default-rack, certSerialId: null}9bb405f0-f563-4579-83ea-0bbe163a9fbc{ip: 192.168.36.83, host: pr-hdds-2096-jg2tg-1247294052, networkLocation: /default-rack, certSerialId: null}, Type:RATIS, Factor:THREE, State:CLOSED] from datanode 802f7a56-3ac2-455e-92a2-71244eb20cf7{ip: 192.168.36.83, host: pr-hdds-2096-jg2tg-1247294052, networkLocation: /default-rack, certSerialId: null}. Reason : 802f7a56-3ac2-455e-92a2-71244eb20cf7 has not seen follower/s 9bb405f0-f563-4579-83ea-0bbe163a9fbc for 179938ms e0c56373-add1-4904-83f3-08b0a755b8ed for 179939ms
2019-09-11 20:11:29,689 [EventQueue-PipelineActionsForPipelineActionHandler] INFO  pipeline.SCMPipelineManager (SCMPipelineManager.java:finalizeAndDestroyPipeline(311)) - destroying pipeline:Pipeline[ Id: c7e82ce3-5b06-437e-9115-61d96fa8a4d2, Nodes: 802f7a56-3ac2-455e-92a2-71244eb20cf7{ip: 192.168.36.83, host: pr-hdds-2096-jg2tg-1247294052, networkLocation: /default-rack, certSerialId: null}e0c56373-add1-4904-83f3-08b0a755b8ed{ip: 192.168.36.83, host: pr-hdds-2096-jg2tg-1247294052, networkLocation: /default-rack, certSerialId: null}9bb405f0-f563-4579-83ea-0bbe163a9fbc{ip: 192.168.36.83, host: pr-hdds-2096-jg2tg-1247294052, networkLocation: /default-rack, certSerialId: null}, Type:RATIS, Factor:THREE, State:CLOSED]
2019-09-11 20:11:29,703 [java.util.concurrent.ThreadPoolExecutor$Worker@35e4abe9[State = -1, empty queue]] WARN  server.GrpcLogAppender (GrpcLogAppender.java:timeoutAppendRequest(200)) - 802f7a56-3ac2-455e-92a2-71244eb20cf7@group-61D96FA8A4D2->9bb405f0-f563-4579-83ea-0bbe163a9fbc-GrpcLogAppender: appendEntries Timeout, request=802f7a56-3ac2-455e-92a2-71244eb20cf7->9bb405f0-f563-4579-83ea-0bbe163a9fbc#94-t1, previous=(t:1, i:23), leaderCommit=16, initializing? false, entries: <empty>
2019-09-11 20:11:29,705 [java.util.concurrent.ThreadPoolExecutor$Worker@178a595d[State = -1, empty queue]] WARN  server.GrpcLogAppender (GrpcLogAppender.java:timeoutAppendRequest(200)) - 802f7a56-3ac2-455e-92a2-71244eb20cf7@group-61D96FA8A4D2->e0c56373-add1-4904-83f3-08b0a755b8ed-GrpcLogAppender: appendEntries Timeout, request=802f7a56-3ac2-455e-92a2-71244eb20cf7->e0c56373-add1-4904-83f3-08b0a755b8ed#94-t1, previous=(t:1, i:23), leaderCommit=16, initializing? false, entries: <empty>
2019-09-11 20:11:31,068 [grpc-default-executor-13] INFO  client.GrpcClientProtocolClient (GrpcClientProtocolClient.java:onNext(264)) - client-1170F4C7A823->9bb405f0-f563-4579-83ea-0bbe163a9fbc: receive RaftClientReply:client-1170F4C7A823->9bb405f0-f563-4579-83ea-0bbe163a9fbc@group-61D96FA8A4D2, cid=247, FAILED org.apache.ratis.protocol.NotLeaderException: Server 9bb405f0-f563-4579-83ea-0bbe163a9fbc@group-61D96FA8A4D2 is not the leader 802f7a56-3ac2-455e-92a2-71244eb20cf7:192.168.36.83:33220, logIndex=0, commits[9bb405f0-f563-4579-83ea-0bbe163a9fbc:c16, 802f7a56-3ac2-455e-92a2-71244eb20cf7:c16, e0c56373-add1-4904-83f3-08b0a755b8ed:c14]
2019-09-11 20:11:31,706 [org.apache.ratis.server.impl.LogAppender$AppenderDaemon$$Lambda$513/1740195529@3d8e5178] ERROR ratis.XceiverServerRatis (XceiverServerRatis.java:triggerPipelineClose(568)) - pipeline Action CLOSE  on pipeline PipelineID=c7e82ce3-5b06-437e-9115-61d96fa8a4d2.Reason : 802f7a56-3ac2-455e-92a2-71244eb20cf7 has not seen follower/s 9bb405f0-f563-4579-83ea-0bbe163a9fbc for 182439ms e0c56373-add1-4904-83f3-08b0a755b8ed for 182439ms
2019-09-11 20:11:31,706 [org.apache.ratis.server.impl.LogAppender$AppenderDaemon$$Lambda$513/1740195529@6a76aae7] ERROR ratis.XceiverServerRatis (XceiverServerRatis.java:triggerPipelineClose(568)) - pipeline Action CLOSE  on pipeline PipelineID=c7e82ce3-5b06-437e-9115-61d96fa8a4d2.Reason : 802f7a56-3ac2-455e-92a2-71244eb20cf7 has not seen follower/s 9bb405f0-f563-4579-83ea-0bbe163a9fbc for 182439ms e0c56373-add1-4904-83f3-08b0a755b8ed for 182440ms
2019-09-11 20:11:32,205 [java.util.concurrent.ThreadPoolExecutor$Worker@35e4abe9[State = -1, empty queue]] WARN  server.GrpcLogAppender (GrpcLogAppender.java:timeoutAppendRequest(200)) - 802f7a56-3ac2-455e-92a2-71244eb20cf7@group-61D96FA8A4D2->9bb405f0-f563-4579-83ea-0bbe163a9fbc-GrpcLogAppender: appendEntries Timeout, request=802f7a56-3ac2-455e-92a2-71244eb20cf7->9bb405f0-f563-4579-83ea-0bbe163a9fbc#95-t1, previous=(t:1, i:23), leaderCommit=16, initializing? false, entries: <empty>
2019-09-11 20:11:32,205 [java.util.concurrent.ThreadPoolExecutor$Worker@178a595d[State = -1, empty queue]] WARN  server.GrpcLogAppender (GrpcLogAppender.java:timeoutAppendRequest(200)) - 802f7a56-3ac2-455e-92a2-71244eb20cf7@group-61D96FA8A4D2->e0c56373-add1-4904-83f3-08b0a755b8ed-GrpcLogAppender: appendEntries Timeout, request=802f7a56-3ac2-455e-92a2-71244eb20cf7->e0c56373-add1-4904-83f3-08b0a755b8ed#95-t1, previous=(t:1, i:23), leaderCommit=16, initializing? false, entries: <empty>
2019-09-11 20:11:32,688 [EventQueue-PipelineActionsForPipelineActionHandler] ERROR pipeline.PipelineActionHandler (PipelineActionHandler.java:onMessage(60)) - Received pipeline action CLOSE for Pipeline[ Id: c7e82ce3-5b06-437e-9115-61d96fa8a4d2, Nodes: 802f7a56-3ac2-455e-92a2-71244eb20cf7{ip: 192.168.36.83, host: pr-hdds-2096-jg2tg-1247294052, networkLocation: /default-rack, certSerialId: null}e0c56373-add1-4904-83f3-08b0a755b8ed{ip: 192.168.36.83, host: pr-hdds-2096-jg2tg-1247294052, networkLocation: /default-rack, certSerialId: null}9bb405f0-f563-4579-83ea-0bbe163a9fbc{ip: 192.168.36.83, host: pr-hdds-2096-jg2tg-1247294052, networkLocation: /default-rack, certSerialId: null}, Type:RATIS, Factor:THREE, State:CLOSED] from datanode 802f7a56-3ac2-455e-92a2-71244eb20cf7{ip: 192.168.36.83, host: pr-hdds-2096-jg2tg-1247294052, networkLocation: /default-rack, certSerialId: null}. Reason : 802f7a56-3ac2-455e-92a2-71244eb20cf7 has not seen follower/s 9bb405f0-f563-4579-83ea-0bbe163a9fbc for 182439ms e0c56373-add1-4904-83f3-08b0a755b8ed for 182439ms
2019-09-11 20:11:32,688 [EventQueue-PipelineActionsForPipelineActionHandler] INFO  pipeline.SCMPipelineManager (SCMPipelineManager.java:finalizeAndDestroyPipeline(311)) - destroying pipeline:Pipeline[ Id: c7e82ce3-5b06-437e-9115-61d96fa8a4d2, Nodes: 802f7a56-3ac2-455e-92a2-71244eb20cf7{ip: 192.168.36.83, host: pr-hdds-2096-jg2tg-1247294052, networkLocation: /default-rack, certSerialId: null}e0c56373-add1-4904-83f3-08b0a755b8ed{ip: 192.168.36.83, host: pr-hdds-2096-jg2tg-1247294052, networkLocation: /default-rack, certSerialId: null}9bb405f0-f563-4579-83ea-0bbe163a9fbc{ip: 192.168.36.83, host: pr-hdds-2096-jg2tg-1247294052, networkLocation: /default-rack, certSerialId: null}, Type:RATIS, Factor:THREE, State:CLOSED]
2019-09-11 20:11:34,208 [org.apache.ratis.server.impl.LogAppender$AppenderDaemon$$Lambda$513/1740195529@3d8e5178] ERROR ratis.XceiverServerRatis (XceiverServerRatis.java:triggerPipelineClose(568)) - pipeline Action CLOSE  on pipeline PipelineID=c7e82ce3-5b06-437e-9115-61d96fa8a4d2.Reason : 802f7a56-3ac2-455e-92a2-71244eb20cf7 has not seen follower/s 9bb405f0-f563-4579-83ea-0bbe163a9fbc for 184941ms e0c56373-add1-4904-83f3-08b0a755b8ed for 184941ms
2019-09-11 20:11:34,208 [org.apache.ratis.server.impl.LogAppender$AppenderDaemon$$Lambda$513/1740195529@6a76aae7] ERROR ratis.XceiverServerRatis (XceiverServerRatis.java:triggerPipelineClose(568)) - pipeline Action CLOSE  on pipeline PipelineID=c7e82ce3-5b06-437e-9115-61d96fa8a4d2.Reason : 802f7a56-3ac2-455e-92a2-71244eb20cf7 has not seen follower/s 9bb405f0-f563-4579-83ea-0bbe163a9fbc for 184941ms e0c56373-add1-4904-83f3-08b0a755b8ed for 184941ms
2019-09-11 20:11:34,687 [EventQueue-PipelineActionsForPipelineActionHandler] ERROR pipeline.PipelineActionHandler (PipelineActionHandler.java:onMessage(60)) - Received pipeline action CLOSE for Pipeline[ Id: c7e82ce3-5b06-437e-9115-61d96fa8a4d2, Nodes: 802f7a56-3ac2-455e-92a2-71244eb20cf7{ip: 192.168.36.83, host: pr-hdds-2096-jg2tg-1247294052, networkLocation: /default-rack, certSerialId: null}e0c56373-add1-4904-83f3-08b0a755b8ed{ip: 192.168.36.83, host: pr-hdds-2096-jg2tg-1247294052, networkLocation: /default-rack, certSerialId: null}9bb405f0-f563-4579-83ea-0bbe163a9fbc{ip: 192.168.36.83, host: pr-hdds-2096-jg2tg-1247294052, networkLocation: /default-rack, certSerialId: null}, Type:RATIS, Factor:THREE, State:CLOSED] from datanode 802f7a56-3ac2-455e-92a2-71244eb20cf7{ip: 192.168.36.83, host: pr-hdds-2096-jg2tg-1247294052, networkLocation: /default-rack, certSerialId: null}. Reason : 802f7a56-3ac2-455e-92a2-71244eb20cf7 has not seen follower/s 9bb405f0-f563-4579-83ea-0bbe163a9fbc for 184941ms e0c56373-add1-4904-83f3-08b0a755b8ed for 184941ms
2019-09-11 20:11:34,688 [EventQueue-PipelineActionsForPipelineActionHandler] INFO  pipeline.SCMPipelineManager (SCMPipelineManager.java:finalizeAndDestroyPipeline(311)) - destroying pipeline:Pipeline[ Id: c7e82ce3-5b06-437e-9115-61d96fa8a4d2, Nodes: 802f7a56-3ac2-455e-92a2-71244eb20cf7{ip: 192.168.36.83, host: pr-hdds-2096-jg2tg-1247294052, networkLocation: /default-rack, certSerialId: null}e0c56373-add1-4904-83f3-08b0a755b8ed{ip: 192.168.36.83, host: pr-hdds-2096-jg2tg-1247294052, networkLocation: /default-rack, certSerialId: null}9bb405f0-f563-4579-83ea-0bbe163a9fbc{ip: 192.168.36.83, host: pr-hdds-2096-jg2tg-1247294052, networkLocation: /default-rack, certSerialId: null}, Type:RATIS, Factor:THREE, State:CLOSED]
2019-09-11 20:11:34,706 [java.util.concurrent.ThreadPoolExecutor$Worker@35e4abe9[State = -1, empty queue]] WARN  server.GrpcLogAppender (GrpcLogAppender.java:timeoutAppendRequest(200)) - 802f7a56-3ac2-455e-92a2-71244eb20cf7@group-61D96FA8A4D2->9bb405f0-f563-4579-83ea-0bbe163a9fbc-GrpcLogAppender: appendEntries Timeout, request=802f7a56-3ac2-455e-92a2-71244eb20cf7->9bb405f0-f563-4579-83ea-0bbe163a9fbc#96-t1, previous=(t:1, i:23), leaderCommit=16, initializing? false, entries: <empty>
2019-09-11 20:11:34,706 [java.util.concurrent.ThreadPoolExecutor$Worker@178a595d[State = -1, empty queue]] WARN  server.GrpcLogAppender (GrpcLogAppender.java:timeoutAppendRequest(200)) - 802f7a56-3ac2-455e-92a2-71244eb20cf7@group-61D96FA8A4D2->e0c56373-add1-4904-83f3-08b0a755b8ed-GrpcLogAppender: appendEntries Timeout, request=802f7a56-3ac2-455e-92a2-71244eb20cf7->e0c56373-add1-4904-83f3-08b0a755b8ed#96-t1, previous=(t:1, i:23), leaderCommit=16, initializing? false, entries: <empty>
2019-09-11 20:11:35,674 [grpc-default-executor-6] INFO  impl.RaftServerProxy (RaftServerProxy.java:remove(95)) - 802f7a56-3ac2-455e-92a2-71244eb20cf7: remove    LEADER 802f7a56-3ac2-455e-92a2-71244eb20cf7@group-61D96FA8A4D2:t1, leader=802f7a56-3ac2-455e-92a2-71244eb20cf7, voted=802f7a56-3ac2-455e-92a2-71244eb20cf7, raftlog=802f7a56-3ac2-455e-92a2-71244eb20cf7@group-61D96FA8A4D2-SegmentedRaftLog:OPENED:c16,f16,i23, conf=0: [802f7a56-3ac2-455e-92a2-71244eb20cf7:192.168.36.83:33220, 9bb405f0-f563-4579-83ea-0bbe163a9fbc:192.168.36.83:46254, e0c56373-add1-4904-83f3-08b0a755b8ed:192.168.36.83:45126], old=null RUNNING
2019-09-11 20:11:35,674 [grpc-default-executor-6] INFO  impl.RaftServerImpl (RaftServerImpl.java:lambda$shutdown$3(251)) - 802f7a56-3ac2-455e-92a2-71244eb20cf7@group-61D96FA8A4D2: shutdown
2019-09-11 20:11:35,675 [grpc-default-executor-6] INFO  util.JmxRegister (JmxRegister.java:unregister(73)) - Successfully un-registered JMX Bean with object name Ratis:service=RaftServer,group=group-61D96FA8A4D2,id=802f7a56-3ac2-455e-92a2-71244eb20cf7
2019-09-11 20:11:35,675 [grpc-default-executor-6] INFO  impl.RoleInfo (RoleInfo.java:shutdownLeaderState(104)) - 802f7a56-3ac2-455e-92a2-71244eb20cf7: shutdown LeaderState
2019-09-11 20:11:35,681 [grpc-default-executor-6] INFO  impl.PendingRequests (PendingRequests.java:sendNotLeaderResponses(202)) - 802f7a56-3ac2-455e-92a2-71244eb20cf7-PendingRequests: sendNotLeaderResponses
2019-09-11 20:11:35,681 [org.apache.ratis.server.impl.LogAppender$AppenderDaemon$$Lambda$513/1740195529@6a76aae7] WARN  server.GrpcLogAppender (GrpcLogAppender.java:mayWait(143)) - 802f7a56-3ac2-455e-92a2-71244eb20cf7@group-61D96FA8A4D2->e0c56373-add1-4904-83f3-08b0a755b8ed-GrpcLogAppender: Wait interrupted by java.lang.InterruptedException
2019-09-11 20:11:35,681 [org.apache.ratis.server.impl.LogAppender$AppenderDaemon$$Lambda$513/1740195529@3d8e5178] WARN  server.GrpcLogAppender (GrpcLogAppender.java:mayWait(143)) - 802f7a56-3ac2-455e-92a2-71244eb20cf7@group-61D96FA8A4D2->9bb405f0-f563-4579-83ea-0bbe163a9fbc-GrpcLogAppender: Wait interrupted by java.lang.InterruptedException
2019-09-11 20:11:35,683 [grpc-default-executor-1] INFO  server.GrpcServerProtocolService (GrpcServerProtocolService.java:onCompleted(113)) - 9bb405f0-f563-4579-83ea-0bbe163a9fbc: Completed APPEND_ENTRIES, lastRequest: 802f7a56-3ac2-455e-92a2-71244eb20cf7->9bb405f0-f563-4579-83ea-0bbe163a9fbc#97-t1, previous=(t:1, i:23), leaderCommit=16, initializing? false, entries: <empty>
2019-09-11 20:11:35,683 [grpc-default-executor-13] INFO  server.GrpcServerProtocolService (GrpcServerProtocolService.java:onCompleted(113)) - e0c56373-add1-4904-83f3-08b0a755b8ed: Completed APPEND_ENTRIES, lastRequest: 802f7a56-3ac2-455e-92a2-71244eb20cf7->e0c56373-add1-4904-83f3-08b0a755b8ed#97-t1, previous=(t:1, i:23), leaderCommit=16, initializing? false, entries: <empty>
2019-09-11 20:11:35,683 [grpc-default-executor-1] INFO  server.GrpcLogAppender (GrpcLogAppender.java:onCompleted(293)) - 802f7a56-3ac2-455e-92a2-71244eb20cf7@group-61D96FA8A4D2->9bb405f0-f563-4579-83ea-0bbe163a9fbc-AppendLogResponseHandler: follower responses appendEntries COMPLETED
2019-09-11 20:11:35,688 [grpc-default-executor-13] INFO  server.GrpcLogAppender (GrpcLogAppender.java:onCompleted(293)) - 802f7a56-3ac2-455e-92a2-71244eb20cf7@group-61D96FA8A4D2->e0c56373-add1-4904-83f3-08b0a755b8ed-AppendLogResponseHandler: follower responses appendEntries COMPLETED
2019-09-11 20:11:35,688 [grpc-default-executor-6] INFO  impl.StateMachineUpdater (StateMachineUpdater.java:stopAndJoin(125)) - 802f7a56-3ac2-455e-92a2-71244eb20cf7@group-61D96FA8A4D2-StateMachineUpdater: set stopIndex = 16
2019-09-11 20:11:35,689 [grpc-default-executor-1] INFO  impl.FollowerInfo (FollowerInfo.java:lambda$new$0(51)) - 802f7a56-3ac2-455e-92a2-71244eb20cf7@group-61D96FA8A4D2->9bb405f0-f563-4579-83ea-0bbe163a9fbc: nextIndex: updateUnconditionally 24 -> 17
2019-09-11 20:11:35,689 [grpc-default-executor-13] INFO  impl.FollowerInfo (FollowerInfo.java:lambda$new$0(51)) - 802f7a56-3ac2-455e-92a2-71244eb20cf7@group-61D96FA8A4D2->e0c56373-add1-4904-83f3-08b0a755b8ed: nextIndex: updateUnconditionally 24 -> 17
2019-09-11 20:11:35,688 [802f7a56-3ac2-455e-92a2-71244eb20cf7@group-61D96FA8A4D2-StateMachineUpdater] INFO  ratis.ContainerStateMachine (ContainerStateMachine.java:takeSnapshot(289)) - group-61D96FA8A4D2: Taking a snapshot at:(t:1, i:16) file /workdir/hadoop-ozone/integration-test/target/test-dir/MiniOzoneClusterImpl-0a14e7f9-644e-4233-9ad1-c76f0b8b7528/datanode-3/data/ratis/c7e82ce3-5b06-437e-9115-61d96fa8a4d2/sm/snapshot.1_16
2019-09-11 20:11:35,690 [grpc-default-executor-1] WARN  server.GrpcServerProtocolService (LogUtils.java:warn(134)) - e0c56373-add1-4904-83f3-08b0a755b8ed: installSnapshot onError, lastRequest: 802f7a56-3ac2-455e-92a2-71244eb20cf7->e0c56373-add1-4904-83f3-08b0a755b8ed#14-t1, previous=(t:1, i:0), leaderCommit=0, initializing? false, entries: <empty>: org.apache.ratis.thirdparty.io.grpc.StatusRuntimeException: CANCELLED: cancelled before receiving half close
2019-09-11 20:11:35,690 [grpc-default-executor-14] WARN  server.GrpcLogAppender (LogUtils.java:warn(134)) - 802f7a56-3ac2-455e-92a2-71244eb20cf7@group-D865ADAED05F->9bb405f0-f563-4579-83ea-0bbe163a9fbc-AppendLogResponseHandler: Failed appendEntries: org.apache.ratis.thirdparty.io.grpc.StatusRuntimeException: UNAVAILABLE: Channel shutdownNow invoked
2019-09-11 20:11:35,690 [grpc-default-executor-15] WARN  server.GrpcLogAppender (LogUtils.java:warn(134)) - 802f7a56-3ac2-455e-92a2-71244eb20cf7@group-D865ADAED05F->e0c56373-add1-4904-83f3-08b0a755b8ed-AppendLogResponseHandler: Failed appendEntries: org.apache.ratis.thirdparty.io.grpc.StatusRuntimeException: UNAVAILABLE: Channel shutdownNow invoked
2019-09-11 20:11:35,690 [grpc-default-executor-14] INFO  impl.FollowerInfo (FollowerInfo.java:lambda$new$0(51)) - 802f7a56-3ac2-455e-92a2-71244eb20cf7@group-D865ADAED05F->9bb405f0-f563-4579-83ea-0bbe163a9fbc: nextIndex: updateUnconditionally 1 -> 0
2019-09-11 20:11:35,690 [grpc-default-executor-16] WARN  server.GrpcServerProtocolService (LogUtils.java:warn(134)) - 9bb405f0-f563-4579-83ea-0bbe163a9fbc: installSnapshot onError, lastRequest: 802f7a56-3ac2-455e-92a2-71244eb20cf7->9bb405f0-f563-4579-83ea-0bbe163a9fbc#14-t1, previous=(t:1, i:0), leaderCommit=0, initializing? false, entries: <empty>: org.apache.ratis.thirdparty.io.grpc.StatusRuntimeException: CANCELLED: cancelled before receiving half close
2019-09-11 20:11:35,691 [grpc-default-executor-15] INFO  impl.FollowerInfo (FollowerInfo.java:lambda$new$0(51)) - 802f7a56-3ac2-455e-92a2-71244eb20cf7@group-D865ADAED05F->e0c56373-add1-4904-83f3-08b0a755b8ed: nextIndex: updateUnconditionally 1 -> 0
2019-09-11 20:11:35,701 [802f7a56-3ac2-455e-92a2-71244eb20cf7@group-61D96FA8A4D2-StateMachineUpdater] INFO  ratis.ContainerStateMachine (ContainerStateMachine.java:takeSnapshot(300)) - group-61D96FA8A4D2: Finished taking a snapshot at:(t:1, i:16) file:/workdir/hadoop-ozone/integration-test/target/test-dir/MiniOzoneClusterImpl-0a14e7f9-644e-4233-9ad1-c76f0b8b7528/datanode-3/data/ratis/c7e82ce3-5b06-437e-9115-61d96fa8a4d2/sm/snapshot.1_16 time:14
2019-09-11 20:11:35,702 [802f7a56-3ac2-455e-92a2-71244eb20cf7@group-61D96FA8A4D2-StateMachineUpdater] INFO  impl.StateMachineUpdater (StateMachineUpdater.java:takeSnapshot(258)) - 802f7a56-3ac2-455e-92a2-71244eb20cf7@group-61D96FA8A4D2-StateMachineUpdater: Took a snapshot at index 16
2019-09-11 20:11:35,702 [802f7a56-3ac2-455e-92a2-71244eb20cf7@group-61D96FA8A4D2-StateMachineUpdater] INFO  impl.StateMachineUpdater (StateMachineUpdater.java:lambda$new$0(83)) - 802f7a56-3ac2-455e-92a2-71244eb20cf7@group-61D96FA8A4D2-StateMachineUpdater: snapshotIndex: updateIncreasingly -1 -> 16
2019-09-11 20:11:35,702 [grpc-default-executor-6] INFO  impl.RaftServerImpl (ServerState.java:close(385)) - 802f7a56-3ac2-455e-92a2-71244eb20cf7@group-61D96FA8A4D2: closes. applyIndex: 16
2019-09-11 20:11:35,703 [Command processor thread] ERROR commandhandler.CloseContainerCommandHandler (CloseContainerCommandHandler.java:handle(125)) - Can't close container #8
java.io.IOException: org.apache.ratis.protocol.GroupMismatchException: 802f7a56-3ac2-455e-92a2-71244eb20cf7: group-61D96FA8A4D2 not found.
	at org.apache.hadoop.ozone.container.common.transport.server.ratis.XceiverServerRatis.submitRequest(XceiverServerRatis.java:495)
	at org.apache.hadoop.ozone.container.common.statemachine.commandhandler.CloseContainerCommandHandler.handle(CloseContainerCommandHandler.java:102)
	at org.apache.hadoop.ozone.container.common.statemachine.commandhandler.CommandDispatcher.handle(CommandDispatcher.java:99)
	at org.apache.hadoop.ozone.container.common.statemachine.DatanodeStateMachine.lambda$initCommandHandlerThread$1(DatanodeStateMachine.java:432)
	at java.lang.Thread.run(Thread.java:748)
Caused by: java.util.concurrent.ExecutionException: org.apache.ratis.protocol.GroupMismatchException: 802f7a56-3ac2-455e-92a2-71244eb20cf7: group-61D96FA8A4D2 not found.
	at java.util.concurrent.CompletableFuture.reportGet(CompletableFuture.java:357)
	at java.util.concurrent.CompletableFuture.get(CompletableFuture.java:1895)
	at org.apache.hadoop.ozone.container.common.transport.server.ratis.XceiverServerRatis.submitRequest(XceiverServerRatis.java:493)
	... 4 more
Caused by: org.apache.ratis.protocol.GroupMismatchException: 802f7a56-3ac2-455e-92a2-71244eb20cf7: group-61D96FA8A4D2 not found.
	at org.apache.ratis.server.impl.RaftServerProxy$ImplMap.get(RaftServerProxy.java:122)
	at org.apache.ratis.server.impl.RaftServerProxy.getImplFuture(RaftServerProxy.java:269)
	at org.apache.ratis.server.impl.RaftServerProxy.submitRequest(RaftServerProxy.java:327)
	at org.apache.ratis.server.impl.RaftServerProxy.submitClientRequestAsync(RaftServerProxy.java:333)
	... 5 more
2019-09-11 20:11:35,703 [802f7a56-3ac2-455e-92a2-71244eb20cf7@group-61D96FA8A4D2-SegmentedRaftLogWorker] ERROR ratis.XceiverServerRatis (XceiverServerRatis.java:triggerPipelineClose(568)) - pipeline Action CLOSE  on pipeline PipelineID=c7e82ce3-5b06-437e-9115-61d96fa8a4d2.Reason : WriteLog:18: (t:1, i:18), STATEMACHINELOGENTRY, client-1170F4C7A823, cid=248-writeStateMachineData interrupted.
2019-09-11 20:11:35,704 [EventQueue-PipelineActionsForPipelineActionHandler] ERROR pipeline.PipelineActionHandler (PipelineActionHandler.java:onMessage(60)) - Received pipeline action CLOSE for Pipeline[ Id: c7e82ce3-5b06-437e-9115-61d96fa8a4d2, Nodes: 802f7a56-3ac2-455e-92a2-71244eb20cf7{ip: 192.168.36.83, host: pr-hdds-2096-jg2tg-1247294052, networkLocation: /default-rack, certSerialId: null}e0c56373-add1-4904-83f3-08b0a755b8ed{ip: 192.168.36.83, host: pr-hdds-2096-jg2tg-1247294052, networkLocation: /default-rack, certSerialId: null}9bb405f0-f563-4579-83ea-0bbe163a9fbc{ip: 192.168.36.83, host: pr-hdds-2096-jg2tg-1247294052, networkLocation: /default-rack, certSerialId: null}, Type:RATIS, Factor:THREE, State:CLOSED] from datanode 802f7a56-3ac2-455e-92a2-71244eb20cf7{ip: 192.168.36.83, host: pr-hdds-2096-jg2tg-1247294052, networkLocation: /default-rack, certSerialId: null}. Reason : WriteLog:18: (t:1, i:18), STATEMACHINELOGENTRY, client-1170F4C7A823, cid=248-writeStateMachineData interrupted.
2019-09-11 20:11:35,706 [EventQueue-PipelineActionsForPipelineActionHandler] INFO  pipeline.SCMPipelineManager (SCMPipelineManager.java:finalizeAndDestroyPipeline(311)) - destroying pipeline:Pipeline[ Id: c7e82ce3-5b06-437e-9115-61d96fa8a4d2, Nodes: 802f7a56-3ac2-455e-92a2-71244eb20cf7{ip: 192.168.36.83, host: pr-hdds-2096-jg2tg-1247294052, networkLocation: /default-rack, certSerialId: null}e0c56373-add1-4904-83f3-08b0a755b8ed{ip: 192.168.36.83, host: pr-hdds-2096-jg2tg-1247294052, networkLocation: /default-rack, certSerialId: null}9bb405f0-f563-4579-83ea-0bbe163a9fbc{ip: 192.168.36.83, host: pr-hdds-2096-jg2tg-1247294052, networkLocation: /default-rack, certSerialId: null}, Type:RATIS, Factor:THREE, State:CLOSED]
2019-09-11 20:11:35,715 [grpc-default-executor-6] INFO  segmented.SegmentedRaftLogWorker (SegmentedRaftLogWorker.java:close(228)) - 802f7a56-3ac2-455e-92a2-71244eb20cf7@group-61D96FA8A4D2-SegmentedRaftLogWorker close()
2019-09-11 20:11:35,725 [Command processor thread] ERROR commandhandler.CloseContainerCommandHandler (CloseContainerCommandHandler.java:handle(125)) - Can't close container #9
java.io.IOException: org.apache.ratis.protocol.GroupMismatchException: 802f7a56-3ac2-455e-92a2-71244eb20cf7: group-61D96FA8A4D2 not found.
	at org.apache.hadoop.ozone.container.common.transport.server.ratis.XceiverServerRatis.submitRequest(XceiverServerRatis.java:495)
	at org.apache.hadoop.ozone.container.common.statemachine.commandhandler.CloseContainerCommandHandler.handle(CloseContainerCommandHandler.java:102)
	at org.apache.hadoop.ozone.container.common.statemachine.commandhandler.CommandDispatcher.handle(CommandDispatcher.java:99)
	at org.apache.hadoop.ozone.container.common.statemachine.DatanodeStateMachine.lambda$initCommandHandlerThread$1(DatanodeStateMachine.java:432)
	at java.lang.Thread.run(Thread.java:748)
Caused by: java.util.concurrent.ExecutionException: org.apache.ratis.protocol.GroupMismatchException: 802f7a56-3ac2-455e-92a2-71244eb20cf7: group-61D96FA8A4D2 not found.
	at java.util.concurrent.CompletableFuture.reportGet(CompletableFuture.java:357)
	at java.util.concurrent.CompletableFuture.get(CompletableFuture.java:1895)
	at org.apache.hadoop.ozone.container.common.transport.server.ratis.XceiverServerRatis.submitRequest(XceiverServerRatis.java:493)
	... 4 more
Caused by: org.apache.ratis.protocol.GroupMismatchException: 802f7a56-3ac2-455e-92a2-71244eb20cf7: group-61D96FA8A4D2 not found.
	at org.apache.ratis.server.impl.RaftServerProxy$ImplMap.get(RaftServerProxy.java:122)
	at org.apache.ratis.server.impl.RaftServerProxy.getImplFuture(RaftServerProxy.java:269)
	at org.apache.ratis.server.impl.RaftServerProxy.submitRequest(RaftServerProxy.java:327)
	at org.apache.ratis.server.impl.RaftServerProxy.submitClientRequestAsync(RaftServerProxy.java:333)
	... 5 more
2019-09-11 20:11:35,737 [grpc-default-executor-6] INFO  interfaces.Container (KeyValueContainer.java:flushAndSyncDB(386)) - Container 7 is synced with bcsId 7.
2019-09-11 20:11:35,737 [grpc-default-executor-6] INFO  interfaces.Container (KeyValueContainer.java:flushAndSyncDB(386)) - Container 7 is synced with bcsId 7.
2019-09-11 20:11:35,751 [EventQueue-IncrementalContainerReportForIncrementalContainerReportHandler] INFO  container.IncrementalContainerReportHandler (AbstractContainerReportHandler.java:updateContainerState(169)) - Moving container #7 to QUASI_CLOSED state, datanode 802f7a56-3ac2-455e-92a2-71244eb20cf7{ip: 192.168.36.83, host: pr-hdds-2096-jg2tg-1247294052, networkLocation: /default-rack, certSerialId: null} reported QUASI_CLOSED replica.
2019-09-11 20:11:35,753 [grpc-default-executor-6] INFO  interfaces.Container (KeyValueContainer.java:flushAndSyncDB(386)) - Container 8 is synced with bcsId 14.
2019-09-11 20:11:35,753 [grpc-default-executor-6] INFO  interfaces.Container (KeyValueContainer.java:flushAndSyncDB(386)) - Container 8 is synced with bcsId 14.
2019-09-11 20:11:35,758 [EventQueue-IncrementalContainerReportForIncrementalContainerReportHandler] INFO  container.IncrementalContainerReportHandler (AbstractContainerReportHandler.java:updateContainerState(169)) - Moving container #8 to QUASI_CLOSED state, datanode 802f7a56-3ac2-455e-92a2-71244eb20cf7{ip: 192.168.36.83, host: pr-hdds-2096-jg2tg-1247294052, networkLocation: /default-rack, certSerialId: null} reported QUASI_CLOSED replica.
2019-09-11 20:11:35,804 [grpc-default-executor-6] INFO  interfaces.Container (KeyValueContainer.java:flushAndSyncDB(386)) - Container 9 is synced with bcsId 0.
2019-09-11 20:11:35,804 [grpc-default-executor-6] INFO  interfaces.Container (KeyValueContainer.java:flushAndSyncDB(386)) - Container 9 is synced with bcsId 0.
2019-09-11 20:11:35,818 [EventQueue-IncrementalContainerReportForIncrementalContainerReportHandler] INFO  container.IncrementalContainerReportHandler (AbstractContainerReportHandler.java:updateContainerState(169)) - Moving container #9 to QUASI_CLOSED state, datanode 802f7a56-3ac2-455e-92a2-71244eb20cf7{ip: 192.168.36.83, host: pr-hdds-2096-jg2tg-1247294052, networkLocation: /default-rack, certSerialId: null} reported QUASI_CLOSED replica.
2019-09-11 20:11:35,821 [grpc-default-executor-6] INFO  impl.RaftServerProxy (RaftServerProxy.java:remove(95)) - e0c56373-add1-4904-83f3-08b0a755b8ed: remove  FOLLOWER e0c56373-add1-4904-83f3-08b0a755b8ed@group-61D96FA8A4D2:t1, leader=802f7a56-3ac2-455e-92a2-71244eb20cf7, voted=802f7a56-3ac2-455e-92a2-71244eb20cf7, raftlog=e0c56373-add1-4904-83f3-08b0a755b8ed@group-61D96FA8A4D2-SegmentedRaftLog:OPENED:c16,f16,i23, conf=0: [802f7a56-3ac2-455e-92a2-71244eb20cf7:192.168.36.83:33220, 9bb405f0-f563-4579-83ea-0bbe163a9fbc:192.168.36.83:46254, e0c56373-add1-4904-83f3-08b0a755b8ed:192.168.36.83:45126], old=null RUNNING
2019-09-11 20:11:35,822 [grpc-default-executor-6] INFO  impl.RaftServerImpl (RaftServerImpl.java:lambda$shutdown$3(251)) - e0c56373-add1-4904-83f3-08b0a755b8ed@group-61D96FA8A4D2: shutdown
2019-09-11 20:11:35,822 [grpc-default-executor-6] INFO  util.JmxRegister (JmxRegister.java:unregister(73)) - Successfully un-registered JMX Bean with object name Ratis:service=RaftServer,group=group-61D96FA8A4D2,id=e0c56373-add1-4904-83f3-08b0a755b8ed
2019-09-11 20:11:35,822 [grpc-default-executor-6] INFO  impl.RoleInfo (RoleInfo.java:shutdownFollowerState(121)) - e0c56373-add1-4904-83f3-08b0a755b8ed: shutdown FollowerState
2019-09-11 20:11:35,822 [grpc-default-executor-6] INFO  impl.StateMachineUpdater (StateMachineUpdater.java:stopAndJoin(125)) - e0c56373-add1-4904-83f3-08b0a755b8ed@group-61D96FA8A4D2-StateMachineUpdater: set stopIndex = 16
2019-09-11 20:11:35,823 [Thread-1998] INFO  impl.FollowerState (FollowerState.java:run(115)) - e0c56373-add1-4904-83f3-08b0a755b8ed: FollowerState was interrupted: java.lang.InterruptedException: sleep interrupted
2019-09-11 20:11:35,823 [e0c56373-add1-4904-83f3-08b0a755b8ed@group-61D96FA8A4D2-StateMachineUpdater] INFO  ratis.ContainerStateMachine (ContainerStateMachine.java:takeSnapshot(289)) - group-61D96FA8A4D2: Taking a snapshot at:(t:1, i:14) file /workdir/hadoop-ozone/integration-test/target/test-dir/MiniOzoneClusterImpl-0a14e7f9-644e-4233-9ad1-c76f0b8b7528/datanode-1/data/ratis/c7e82ce3-5b06-437e-9115-61d96fa8a4d2/sm/snapshot.1_14
2019-09-11 20:11:35,838 [e0c56373-add1-4904-83f3-08b0a755b8ed@group-61D96FA8A4D2-StateMachineUpdater] INFO  ratis.ContainerStateMachine (ContainerStateMachine.java:takeSnapshot(300)) - group-61D96FA8A4D2: Finished taking a snapshot at:(t:1, i:14) file:/workdir/hadoop-ozone/integration-test/target/test-dir/MiniOzoneClusterImpl-0a14e7f9-644e-4233-9ad1-c76f0b8b7528/datanode-1/data/ratis/c7e82ce3-5b06-437e-9115-61d96fa8a4d2/sm/snapshot.1_14 time:15
2019-09-11 20:11:35,838 [e0c56373-add1-4904-83f3-08b0a755b8ed@group-61D96FA8A4D2-StateMachineUpdater] INFO  impl.StateMachineUpdater (StateMachineUpdater.java:takeSnapshot(258)) - e0c56373-add1-4904-83f3-08b0a755b8ed@group-61D96FA8A4D2-StateMachineUpdater: Took a snapshot at index 14
2019-09-11 20:11:35,838 [e0c56373-add1-4904-83f3-08b0a755b8ed@group-61D96FA8A4D2-StateMachineUpdater] INFO  impl.StateMachineUpdater (StateMachineUpdater.java:lambda$new$0(83)) - e0c56373-add1-4904-83f3-08b0a755b8ed@group-61D96FA8A4D2-StateMachineUpdater: snapshotIndex: updateIncreasingly -1 -> 14
2019-09-11 20:11:35,838 [e0c56373-add1-4904-83f3-08b0a755b8ed@group-61D96FA8A4D2-StateMachineUpdater] INFO  ratis.ContainerStateMachine (ContainerStateMachine.java:takeSnapshot(289)) - group-61D96FA8A4D2: Taking a snapshot at:(t:1, i:14) file /workdir/hadoop-ozone/integration-test/target/test-dir/MiniOzoneClusterImpl-0a14e7f9-644e-4233-9ad1-c76f0b8b7528/datanode-1/data/ratis/c7e82ce3-5b06-437e-9115-61d96fa8a4d2/sm/snapshot.1_14
2019-09-11 20:11:35,849 [e0c56373-add1-4904-83f3-08b0a755b8ed@group-61D96FA8A4D2-StateMachineUpdater] INFO  ratis.ContainerStateMachine (ContainerStateMachine.java:takeSnapshot(300)) - group-61D96FA8A4D2: Finished taking a snapshot at:(t:1, i:14) file:/workdir/hadoop-ozone/integration-test/target/test-dir/MiniOzoneClusterImpl-0a14e7f9-644e-4233-9ad1-c76f0b8b7528/datanode-1/data/ratis/c7e82ce3-5b06-437e-9115-61d96fa8a4d2/sm/snapshot.1_14 time:11
2019-09-11 20:11:35,849 [e0c56373-add1-4904-83f3-08b0a755b8ed@group-61D96FA8A4D2-StateMachineUpdater] INFO  impl.StateMachineUpdater (StateMachineUpdater.java:takeSnapshot(258)) - e0c56373-add1-4904-83f3-08b0a755b8ed@group-61D96FA8A4D2-StateMachineUpdater: Took a snapshot at index 14
2019-09-11 20:11:35,849 [e0c56373-add1-4904-83f3-08b0a755b8ed@group-61D96FA8A4D2-StateMachineUpdater] INFO  impl.StateMachineUpdater (StateMachineUpdater.java:lambda$new$0(83)) - e0c56373-add1-4904-83f3-08b0a755b8ed@group-61D96FA8A4D2-StateMachineUpdater: snapshotIndex: updateIncreasingly 14 -> 14
2019-09-11 20:11:35,849 [grpc-default-executor-6] INFO  impl.RaftServerImpl (ServerState.java:close(385)) - e0c56373-add1-4904-83f3-08b0a755b8ed@group-61D96FA8A4D2: closes. applyIndex: 16
2019-09-11 20:11:35,850 [e0c56373-add1-4904-83f3-08b0a755b8ed@group-61D96FA8A4D2-SegmentedRaftLogWorker] ERROR ratis.XceiverServerRatis (XceiverServerRatis.java:triggerPipelineClose(568)) - pipeline Action CLOSE  on pipeline PipelineID=c7e82ce3-5b06-437e-9115-61d96fa8a4d2.Reason : WriteLog:18: (t:1, i:18), STATEMACHINELOGENTRY, client-1170F4C7A823, cid=248-writeStateMachineData interrupted.
2019-09-11 20:11:35,851 [EventQueue-PipelineActionsForPipelineActionHandler] ERROR pipeline.PipelineActionHandler (PipelineActionHandler.java:onMessage(60)) - Received pipeline action CLOSE for Pipeline[ Id: c7e82ce3-5b06-437e-9115-61d96fa8a4d2, Nodes: 802f7a56-3ac2-455e-92a2-71244eb20cf7{ip: 192.168.36.83, host: pr-hdds-2096-jg2tg-1247294052, networkLocation: /default-rack, certSerialId: null}e0c56373-add1-4904-83f3-08b0a755b8ed{ip: 192.168.36.83, host: pr-hdds-2096-jg2tg-1247294052, networkLocation: /default-rack, certSerialId: null}9bb405f0-f563-4579-83ea-0bbe163a9fbc{ip: 192.168.36.83, host: pr-hdds-2096-jg2tg-1247294052, networkLocation: /default-rack, certSerialId: null}, Type:RATIS, Factor:THREE, State:CLOSED] from datanode e0c56373-add1-4904-83f3-08b0a755b8ed{ip: 192.168.36.83, host: pr-hdds-2096-jg2tg-1247294052, networkLocation: /default-rack, certSerialId: null}. Reason : WriteLog:18: (t:1, i:18), STATEMACHINELOGENTRY, client-1170F4C7A823, cid=248-writeStateMachineData interrupted.
2019-09-11 20:11:35,851 [EventQueue-PipelineActionsForPipelineActionHandler] INFO  pipeline.SCMPipelineManager (SCMPipelineManager.java:finalizeAndDestroyPipeline(311)) - destroying pipeline:Pipeline[ Id: c7e82ce3-5b06-437e-9115-61d96fa8a4d2, Nodes: 802f7a56-3ac2-455e-92a2-71244eb20cf7{ip: 192.168.36.83, host: pr-hdds-2096-jg2tg-1247294052, networkLocation: /default-rack, certSerialId: null}e0c56373-add1-4904-83f3-08b0a755b8ed{ip: 192.168.36.83, host: pr-hdds-2096-jg2tg-1247294052, networkLocation: /default-rack, certSerialId: null}9bb405f0-f563-4579-83ea-0bbe163a9fbc{ip: 192.168.36.83, host: pr-hdds-2096-jg2tg-1247294052, networkLocation: /default-rack, certSerialId: null}, Type:RATIS, Factor:THREE, State:CLOSED]
2019-09-11 20:11:35,860 [grpc-default-executor-6] INFO  segmented.SegmentedRaftLogWorker (SegmentedRaftLogWorker.java:close(228)) - e0c56373-add1-4904-83f3-08b0a755b8ed@group-61D96FA8A4D2-SegmentedRaftLogWorker close()
2019-09-11 20:11:35,867 [grpc-default-executor-6] INFO  interfaces.Container (KeyValueContainer.java:flushAndSyncDB(386)) - Container 7 is synced with bcsId 7.
2019-09-11 20:11:35,868 [grpc-default-executor-6] INFO  interfaces.Container (KeyValueContainer.java:flushAndSyncDB(386)) - Container 7 is synced with bcsId 7.
2019-09-11 20:11:35,892 [grpc-default-executor-6] INFO  interfaces.Container (KeyValueContainer.java:flushAndSyncDB(386)) - Container 8 is synced with bcsId 14.
2019-09-11 20:11:35,892 [grpc-default-executor-6] INFO  interfaces.Container (KeyValueContainer.java:flushAndSyncDB(386)) - Container 8 is synced with bcsId 14.
2019-09-11 20:11:35,970 [grpc-default-executor-6] INFO  interfaces.Container (KeyValueContainer.java:flushAndSyncDB(386)) - Container 9 is synced with bcsId 0.
2019-09-11 20:11:35,970 [grpc-default-executor-6] INFO  interfaces.Container (KeyValueContainer.java:flushAndSyncDB(386)) - Container 9 is synced with bcsId 0.
2019-09-11 20:11:35,989 [grpc-default-executor-6] INFO  impl.RaftServerProxy (RaftServerProxy.java:remove(95)) - 9bb405f0-f563-4579-83ea-0bbe163a9fbc: remove  FOLLOWER 9bb405f0-f563-4579-83ea-0bbe163a9fbc@group-61D96FA8A4D2:t1, leader=802f7a56-3ac2-455e-92a2-71244eb20cf7, voted=802f7a56-3ac2-455e-92a2-71244eb20cf7, raftlog=9bb405f0-f563-4579-83ea-0bbe163a9fbc@group-61D96FA8A4D2-SegmentedRaftLog:OPENED:c16,f16,i23, conf=0: [802f7a56-3ac2-455e-92a2-71244eb20cf7:192.168.36.83:33220, 9bb405f0-f563-4579-83ea-0bbe163a9fbc:192.168.36.83:46254, e0c56373-add1-4904-83f3-08b0a755b8ed:192.168.36.83:45126], old=null RUNNING
2019-09-11 20:11:35,990 [grpc-default-executor-6] INFO  impl.RaftServerImpl (RaftServerImpl.java:lambda$shutdown$3(251)) - 9bb405f0-f563-4579-83ea-0bbe163a9fbc@group-61D96FA8A4D2: shutdown
2019-09-11 20:11:35,990 [grpc-default-executor-6] INFO  util.JmxRegister (JmxRegister.java:unregister(73)) - Successfully un-registered JMX Bean with object name Ratis:service=RaftServer,group=group-61D96FA8A4D2,id=9bb405f0-f563-4579-83ea-0bbe163a9fbc
2019-09-11 20:11:35,990 [grpc-default-executor-6] INFO  impl.RoleInfo (RoleInfo.java:shutdownFollowerState(121)) - 9bb405f0-f563-4579-83ea-0bbe163a9fbc: shutdown FollowerState
2019-09-11 20:11:35,990 [grpc-default-executor-6] INFO  impl.StateMachineUpdater (StateMachineUpdater.java:stopAndJoin(125)) - 9bb405f0-f563-4579-83ea-0bbe163a9fbc@group-61D96FA8A4D2-StateMachineUpdater: set stopIndex = 16
2019-09-11 20:11:35,990 [Thread-1999] INFO  impl.FollowerState (FollowerState.java:run(115)) - 9bb405f0-f563-4579-83ea-0bbe163a9fbc: FollowerState was interrupted: java.lang.InterruptedException: sleep interrupted
2019-09-11 20:11:35,991 [9bb405f0-f563-4579-83ea-0bbe163a9fbc@group-61D96FA8A4D2-StateMachineUpdater] INFO  ratis.ContainerStateMachine (ContainerStateMachine.java:takeSnapshot(289)) - group-61D96FA8A4D2: Taking a snapshot at:(t:1, i:14) file /workdir/hadoop-ozone/integration-test/target/test-dir/MiniOzoneClusterImpl-0a14e7f9-644e-4233-9ad1-c76f0b8b7528/datanode-0/data/ratis/c7e82ce3-5b06-437e-9115-61d96fa8a4d2/sm/snapshot.1_14
2019-09-11 20:11:36,007 [9bb405f0-f563-4579-83ea-0bbe163a9fbc@group-61D96FA8A4D2-StateMachineUpdater] INFO  ratis.ContainerStateMachine (ContainerStateMachine.java:takeSnapshot(300)) - group-61D96FA8A4D2: Finished taking a snapshot at:(t:1, i:14) file:/workdir/hadoop-ozone/integration-test/target/test-dir/MiniOzoneClusterImpl-0a14e7f9-644e-4233-9ad1-c76f0b8b7528/datanode-0/data/ratis/c7e82ce3-5b06-437e-9115-61d96fa8a4d2/sm/snapshot.1_14 time:16
2019-09-11 20:11:36,007 [9bb405f0-f563-4579-83ea-0bbe163a9fbc@group-61D96FA8A4D2-StateMachineUpdater] INFO  impl.StateMachineUpdater (StateMachineUpdater.java:takeSnapshot(258)) - 9bb405f0-f563-4579-83ea-0bbe163a9fbc@group-61D96FA8A4D2-StateMachineUpdater: Took a snapshot at index 14
2019-09-11 20:11:36,007 [9bb405f0-f563-4579-83ea-0bbe163a9fbc@group-61D96FA8A4D2-StateMachineUpdater] INFO  impl.StateMachineUpdater (StateMachineUpdater.java:lambda$new$0(83)) - 9bb405f0-f563-4579-83ea-0bbe163a9fbc@group-61D96FA8A4D2-StateMachineUpdater: snapshotIndex: updateIncreasingly -1 -> 14
2019-09-11 20:11:36,008 [9bb405f0-f563-4579-83ea-0bbe163a9fbc@group-61D96FA8A4D2-StateMachineUpdater] INFO  ratis.ContainerStateMachine (ContainerStateMachine.java:takeSnapshot(289)) - group-61D96FA8A4D2: Taking a snapshot at:(t:1, i:14) file /workdir/hadoop-ozone/integration-test/target/test-dir/MiniOzoneClusterImpl-0a14e7f9-644e-4233-9ad1-c76f0b8b7528/datanode-0/data/ratis/c7e82ce3-5b06-437e-9115-61d96fa8a4d2/sm/snapshot.1_14
2019-09-11 20:11:36,021 [9bb405f0-f563-4579-83ea-0bbe163a9fbc@group-61D96FA8A4D2-StateMachineUpdater] INFO  ratis.ContainerStateMachine (ContainerStateMachine.java:takeSnapshot(300)) - group-61D96FA8A4D2: Finished taking a snapshot at:(t:1, i:14) file:/workdir/hadoop-ozone/integration-test/target/test-dir/MiniOzoneClusterImpl-0a14e7f9-644e-4233-9ad1-c76f0b8b7528/datanode-0/data/ratis/c7e82ce3-5b06-437e-9115-61d96fa8a4d2/sm/snapshot.1_14 time:13
2019-09-11 20:11:36,021 [9bb405f0-f563-4579-83ea-0bbe163a9fbc@group-61D96FA8A4D2-StateMachineUpdater] INFO  impl.StateMachineUpdater (StateMachineUpdater.java:takeSnapshot(258)) - 9bb405f0-f563-4579-83ea-0bbe163a9fbc@group-61D96FA8A4D2-StateMachineUpdater: Took a snapshot at index 14
2019-09-11 20:11:36,021 [9bb405f0-f563-4579-83ea-0bbe163a9fbc@group-61D96FA8A4D2-StateMachineUpdater] INFO  impl.StateMachineUpdater (StateMachineUpdater.java:lambda$new$0(83)) - 9bb405f0-f563-4579-83ea-0bbe163a9fbc@group-61D96FA8A4D2-StateMachineUpdater: snapshotIndex: updateIncreasingly 14 -> 14
2019-09-11 20:11:36,022 [grpc-default-executor-6] INFO  impl.RaftServerImpl (ServerState.java:close(385)) - 9bb405f0-f563-4579-83ea-0bbe163a9fbc@group-61D96FA8A4D2: closes. applyIndex: 16
2019-09-11 20:11:36,023 [9bb405f0-f563-4579-83ea-0bbe163a9fbc@group-61D96FA8A4D2-SegmentedRaftLogWorker] ERROR ratis.XceiverServerRatis (XceiverServerRatis.java:triggerPipelineClose(568)) - pipeline Action CLOSE  on pipeline PipelineID=c7e82ce3-5b06-437e-9115-61d96fa8a4d2.Reason : WriteLog:18: (t:1, i:18), STATEMACHINELOGENTRY, client-1170F4C7A823, cid=248-writeStateMachineData interrupted.
2019-09-11 20:11:36,024 [EventQueue-PipelineActionsForPipelineActionHandler] ERROR pipeline.PipelineActionHandler (PipelineActionHandler.java:onMessage(60)) - Received pipeline action CLOSE for Pipeline[ Id: c7e82ce3-5b06-437e-9115-61d96fa8a4d2, Nodes: 802f7a56-3ac2-455e-92a2-71244eb20cf7{ip: 192.168.36.83, host: pr-hdds-2096-jg2tg-1247294052, networkLocation: /default-rack, certSerialId: null}e0c56373-add1-4904-83f3-08b0a755b8ed{ip: 192.168.36.83, host: pr-hdds-2096-jg2tg-1247294052, networkLocation: /default-rack, certSerialId: null}9bb405f0-f563-4579-83ea-0bbe163a9fbc{ip: 192.168.36.83, host: pr-hdds-2096-jg2tg-1247294052, networkLocation: /default-rack, certSerialId: null}, Type:RATIS, Factor:THREE, State:CLOSED] from datanode 9bb405f0-f563-4579-83ea-0bbe163a9fbc{ip: 192.168.36.83, host: pr-hdds-2096-jg2tg-1247294052, networkLocation: /default-rack, certSerialId: null}. Reason : WriteLog:18: (t:1, i:18), STATEMACHINELOGENTRY, client-1170F4C7A823, cid=248-writeStateMachineData interrupted.
2019-09-11 20:11:36,024 [EventQueue-PipelineActionsForPipelineActionHandler] INFO  pipeline.SCMPipelineManager (SCMPipelineManager.java:finalizeAndDestroyPipeline(311)) - destroying pipeline:Pipeline[ Id: c7e82ce3-5b06-437e-9115-61d96fa8a4d2, Nodes: 802f7a56-3ac2-455e-92a2-71244eb20cf7{ip: 192.168.36.83, host: pr-hdds-2096-jg2tg-1247294052, networkLocation: /default-rack, certSerialId: null}e0c56373-add1-4904-83f3-08b0a755b8ed{ip: 192.168.36.83, host: pr-hdds-2096-jg2tg-1247294052, networkLocation: /default-rack, certSerialId: null}9bb405f0-f563-4579-83ea-0bbe163a9fbc{ip: 192.168.36.83, host: pr-hdds-2096-jg2tg-1247294052, networkLocation: /default-rack, certSerialId: null}, Type:RATIS, Factor:THREE, State:CLOSED]
2019-09-11 20:11:36,034 [grpc-default-executor-6] INFO  segmented.SegmentedRaftLogWorker (SegmentedRaftLogWorker.java:close(228)) - 9bb405f0-f563-4579-83ea-0bbe163a9fbc@group-61D96FA8A4D2-SegmentedRaftLogWorker close()
2019-09-11 20:11:36,052 [grpc-default-executor-6] INFO  interfaces.Container (KeyValueContainer.java:flushAndSyncDB(386)) - Container 7 is synced with bcsId 7.
2019-09-11 20:11:36,052 [grpc-default-executor-6] INFO  interfaces.Container (KeyValueContainer.java:flushAndSyncDB(386)) - Container 7 is synced with bcsId 7.
2019-09-11 20:11:36,068 [grpc-default-executor-6] INFO  interfaces.Container (KeyValueContainer.java:flushAndSyncDB(386)) - Container 8 is synced with bcsId 14.
2019-09-11 20:11:36,068 [grpc-default-executor-6] INFO  interfaces.Container (KeyValueContainer.java:flushAndSyncDB(386)) - Container 8 is synced with bcsId 14.
2019-09-11 20:11:36,134 [main] WARN  io.KeyOutputStream (KeyOutputStream.java:handleException(276)) - Encountered exception java.io.IOException: Unexpected Storage Container Exception: java.util.concurrent.CompletionException: java.util.concurrent.CompletionException: org.apache.ratis.protocol.GroupMismatchException: e0c56373-add1-4904-83f3-08b0a755b8ed: group-61D96FA8A4D2 not found. on the pipeline Pipeline[ Id: c7e82ce3-5b06-437e-9115-61d96fa8a4d2, Nodes: 802f7a56-3ac2-455e-92a2-71244eb20cf7{ip: 192.168.36.83, host: pr-hdds-2096-jg2tg-1247294052, networkLocation: /default-rack, certSerialId: null}e0c56373-add1-4904-83f3-08b0a755b8ed{ip: 192.168.36.83, host: pr-hdds-2096-jg2tg-1247294052, networkLocation: /default-rack, certSerialId: null}9bb405f0-f563-4579-83ea-0bbe163a9fbc{ip: 192.168.36.83, host: pr-hdds-2096-jg2tg-1247294052, networkLocation: /default-rack, certSerialId: null}, Type:RATIS, Factor:THREE, State:OPEN]. The last committed block length is 0, uncommitted data length is 400 retry count 0
2019-09-11 20:11:36,141 [grpc-default-executor-6] INFO  interfaces.Container (KeyValueContainer.java:flushAndSyncDB(386)) - Container 9 is synced with bcsId 0.
2019-09-11 20:11:36,143 [grpc-default-executor-6] INFO  interfaces.Container (KeyValueContainer.java:flushAndSyncDB(386)) - Container 9 is synced with bcsId 0.
2019-09-11 20:11:36,167 [grpc-default-executor-1] INFO  impl.RaftServerImpl (ServerState.java:setRaftConf(354)) - e0c56373-add1-4904-83f3-08b0a755b8ed@group-D865ADAED05F: set configuration 0: [802f7a56-3ac2-455e-92a2-71244eb20cf7:192.168.36.83:33220, 9bb405f0-f563-4579-83ea-0bbe163a9fbc:192.168.36.83:46254, e0c56373-add1-4904-83f3-08b0a755b8ed:192.168.36.83:45126], old=null at 0
2019-09-11 20:11:36,167 [grpc-default-executor-16] INFO  impl.RaftServerImpl (ServerState.java:setRaftConf(354)) - 9bb405f0-f563-4579-83ea-0bbe163a9fbc@group-D865ADAED05F: set configuration 0: [802f7a56-3ac2-455e-92a2-71244eb20cf7:192.168.36.83:33220, 9bb405f0-f563-4579-83ea-0bbe163a9fbc:192.168.36.83:46254, e0c56373-add1-4904-83f3-08b0a755b8ed:192.168.36.83:45126], old=null at 0
2019-09-11 20:11:36,189 [RatisPipelineUtilsThread] INFO  pipeline.PipelineStateManager (PipelineStateManager.java:removePipeline(108)) - Pipeline Pipeline[ Id: c7e82ce3-5b06-437e-9115-61d96fa8a4d2, Nodes: 802f7a56-3ac2-455e-92a2-71244eb20cf7{ip: 192.168.36.83, host: pr-hdds-2096-jg2tg-1247294052, networkLocation: /default-rack, certSerialId: null}e0c56373-add1-4904-83f3-08b0a755b8ed{ip: 192.168.36.83, host: pr-hdds-2096-jg2tg-1247294052, networkLocation: /default-rack, certSerialId: null}9bb405f0-f563-4579-83ea-0bbe163a9fbc{ip: 192.168.36.83, host: pr-hdds-2096-jg2tg-1247294052, networkLocation: /default-rack, certSerialId: null}, Type:RATIS, Factor:THREE, State:CLOSED] removed from db
2019-09-11 20:11:36,314 [grpc-default-executor-1] INFO  client.GrpcClientProtocolClient (GrpcClientProtocolClient.java:onNext(264)) - client-7BAA28A86B67->802f7a56-3ac2-455e-92a2-71244eb20cf7: receive RaftClientReply:client-7BAA28A86B67->802f7a56-3ac2-455e-92a2-71244eb20cf7@group-D865ADAED05F, cid=340, SUCCESS, logIndex=1, commits[802f7a56-3ac2-455e-92a2-71244eb20cf7:c1, 9bb405f0-f563-4579-83ea-0bbe163a9fbc:c0, e0c56373-add1-4904-83f3-08b0a755b8ed:c0]
2019-09-11 20:11:36,353 [grpc-default-executor-6] INFO  client.GrpcClientProtocolClient (GrpcClientProtocolClient.java:onNext(264)) - client-7BAA28A86B67->802f7a56-3ac2-455e-92a2-71244eb20cf7: receive RaftClientReply:client-7BAA28A86B67->802f7a56-3ac2-455e-92a2-71244eb20cf7@group-D865ADAED05F, cid=341, SUCCESS, logIndex=3, commits[802f7a56-3ac2-455e-92a2-71244eb20cf7:c4, 9bb405f0-f563-4579-83ea-0bbe163a9fbc:c2, e0c56373-add1-4904-83f3-08b0a755b8ed:c2]
2019-09-11 20:11:36,417 [grpc-default-executor-16] INFO  client.GrpcClientProtocolClient (GrpcClientProtocolClient.java:onNext(264)) - client-7BAA28A86B67->802f7a56-3ac2-455e-92a2-71244eb20cf7: receive RaftClientReply:client-7BAA28A86B67->802f7a56-3ac2-455e-92a2-71244eb20cf7@group-D865ADAED05F, cid=342, SUCCESS, logIndex=4, commits[802f7a56-3ac2-455e-92a2-71244eb20cf7:c12, 9bb405f0-f563-4579-83ea-0bbe163a9fbc:c7, e0c56373-add1-4904-83f3-08b0a755b8ed:c7]
2019-09-11 20:11:36,418 [grpc-default-executor-16] INFO  client.GrpcClientProtocolClient (GrpcClientProtocolClient.java:onNext(264)) - client-7BAA28A86B67->802f7a56-3ac2-455e-92a2-71244eb20cf7: receive RaftClientReply:client-7BAA28A86B67->802f7a56-3ac2-455e-92a2-71244eb20cf7@group-D865ADAED05F, cid=343, SUCCESS, logIndex=5, commits[802f7a56-3ac2-455e-92a2-71244eb20cf7:c12, 9bb405f0-f563-4579-83ea-0bbe163a9fbc:c7, e0c56373-add1-4904-83f3-08b0a755b8ed:c7]
2019-09-11 20:11:36,420 [grpc-default-executor-16] INFO  client.GrpcClientProtocolClient (GrpcClientProtocolClient.java:onNext(264)) - client-7BAA28A86B67->802f7a56-3ac2-455e-92a2-71244eb20cf7: receive RaftClientReply:client-7BAA28A86B67->802f7a56-3ac2-455e-92a2-71244eb20cf7@group-D865ADAED05F, cid=344, SUCCESS, logIndex=6, commits[802f7a56-3ac2-455e-92a2-71244eb20cf7:c12, 9bb405f0-f563-4579-83ea-0bbe163a9fbc:c7, e0c56373-add1-4904-83f3-08b0a755b8ed:c7]
2019-09-11 20:11:36,497 [grpc-default-executor-16] INFO  client.GrpcClientProtocolClient (GrpcClientProtocolClient.java:onNext(264)) - client-7BAA28A86B67->802f7a56-3ac2-455e-92a2-71244eb20cf7: receive RaftClientReply:client-7BAA28A86B67->802f7a56-3ac2-455e-92a2-71244eb20cf7@group-D865ADAED05F, cid=345, SUCCESS, logIndex=7, commits[802f7a56-3ac2-455e-92a2-71244eb20cf7:c12, 9bb405f0-f563-4579-83ea-0bbe163a9fbc:c7, e0c56373-add1-4904-83f3-08b0a755b8ed:c7]
]]></system-out>
    <system-err><![CDATA[Sep 11, 2019 8:11:35 PM org.apache.ratis.thirdparty.io.grpc.internal.SerializingExecutor run
SEVERE: Exception while executing runnable org.apache.ratis.thirdparty.io.grpc.internal.ServerImpl$JumpToApplicationThreadServerStreamListener$1Closed@3c3da2be
org.apache.ratis.thirdparty.io.grpc.StatusRuntimeException: CANCELLED: call already cancelled
	at org.apache.ratis.thirdparty.io.grpc.Status.asRuntimeException(Status.java:517)
	at org.apache.ratis.thirdparty.io.grpc.stub.ServerCalls$ServerCallStreamObserverImpl.onCompleted(ServerCalls.java:356)
	at org.apache.ratis.grpc.server.GrpcServerProtocolService$ServerRequestStreamObserver.onError(GrpcServerProtocolService.java:121)
	at org.apache.ratis.thirdparty.io.grpc.stub.ServerCalls$StreamingServerCallHandler$StreamingServerCallListener.onCancel(ServerCalls.java:269)
	at org.apache.ratis.thirdparty.io.grpc.internal.ServerCallImpl$ServerStreamListenerImpl.closed(ServerCallImpl.java:293)
	at org.apache.ratis.thirdparty.io.grpc.internal.ServerImpl$JumpToApplicationThreadServerStreamListener$1Closed.runInContext(ServerImpl.java:741)
	at org.apache.ratis.thirdparty.io.grpc.internal.ContextRunnable.run(ContextRunnable.java:37)
	at org.apache.ratis.thirdparty.io.grpc.internal.SerializingExecutor.run(SerializingExecutor.java:123)
	at java.util.concurrent.ThreadPoolExecutor.runWorker(ThreadPoolExecutor.java:1149)
	at java.util.concurrent.ThreadPoolExecutor$Worker.run(ThreadPoolExecutor.java:624)
	at java.lang.Thread.run(Thread.java:748)

Sep 11, 2019 8:11:35 PM org.apache.ratis.thirdparty.io.grpc.internal.SerializingExecutor run
SEVERE: Exception while executing runnable org.apache.ratis.thirdparty.io.grpc.internal.ServerImpl$JumpToApplicationThreadServerStreamListener$1Closed@2d1e887
org.apache.ratis.thirdparty.io.grpc.StatusRuntimeException: CANCELLED: call already cancelled
	at org.apache.ratis.thirdparty.io.grpc.Status.asRuntimeException(Status.java:517)
	at org.apache.ratis.thirdparty.io.grpc.stub.ServerCalls$ServerCallStreamObserverImpl.onCompleted(ServerCalls.java:356)
	at org.apache.ratis.grpc.server.GrpcServerProtocolService$ServerRequestStreamObserver.onError(GrpcServerProtocolService.java:121)
	at org.apache.ratis.thirdparty.io.grpc.stub.ServerCalls$StreamingServerCallHandler$StreamingServerCallListener.onCancel(ServerCalls.java:269)
	at org.apache.ratis.thirdparty.io.grpc.internal.ServerCallImpl$ServerStreamListenerImpl.closed(ServerCallImpl.java:293)
	at org.apache.ratis.thirdparty.io.grpc.internal.ServerImpl$JumpToApplicationThreadServerStreamListener$1Closed.runInContext(ServerImpl.java:741)
	at org.apache.ratis.thirdparty.io.grpc.internal.ContextRunnable.run(ContextRunnable.java:37)
	at org.apache.ratis.thirdparty.io.grpc.internal.SerializingExecutor.run(SerializingExecutor.java:123)
	at java.util.concurrent.ThreadPoolExecutor.runWorker(ThreadPoolExecutor.java:1149)
	at java.util.concurrent.ThreadPoolExecutor$Worker.run(ThreadPoolExecutor.java:624)
	at java.lang.Thread.run(Thread.java:748)

]]></system-err>
  </testcase>
</testsuite>