<?xml version="1.0" encoding="UTF-8"?>
<testsuite xmlns:xsi="http://www.w3.org/2001/XMLSchema-instance" xsi:noNamespaceSchemaLocation="https://maven.apache.org/surefire/maven-surefire-plugin/xsd/surefire-test-report.xsd" name="org.apache.hadoop.ozone.client.rpc.TestCommitWatcher" time="59.253" tests="2" errors="0" skipped="0" failures="1">
  <properties>
    <property name="awt.toolkit" value="sun.awt.X11.XToolkit"/>
    <property name="file.encoding.pkg" value="sun.io"/>
    <property name="java.specification.version" value="1.8"/>
    <property name="sun.cpu.isalist" value=""/>
    <property name="sun.jnu.encoding" value="UTF-8"/>
    <property name="java.class.path" value="/workdir/hadoop-ozone/integration-test/target/test-classes:/workdir/hadoop-ozone/integration-test/target/classes:/home/user/.m2/repository/org/apache/hadoop/hadoop-ozone-common/0.5.0-SNAPSHOT/hadoop-ozone-common-0.5.0-SNAPSHOT.jar:/home/user/.m2/repository/org/apache/commons/commons-compress/1.4.1/commons-compress-1.4.1.jar:/home/user/.m2/repository/org/tukaani/xz/1.0/xz-1.0.jar:/home/user/.m2/repository/org/apache/hadoop/hadoop-common/3.2.0/hadoop-common-3.2.0.jar:/home/user/.m2/repository/org/apache/hadoop/hadoop-hdfs/3.2.0/hadoop-hdfs-3.2.0.jar:/home/user/.m2/repository/org/apache/hadoop/hadoop-hdfs-client/3.2.0/hadoop-hdfs-client-3.2.0.jar:/home/user/.m2/repository/com/fasterxml/jackson/core/jackson-annotations/2.9.5/jackson-annotations-2.9.5.jar:/home/user/.m2/repository/org/apache/hadoop/hadoop-hdds-common/0.5.0-SNAPSHOT/hadoop-hdds-common-0.5.0-SNAPSHOT.jar:/home/user/.m2/repository/javax/annotation/javax.annotation-api/1.2/javax.annotation-api-1.2.jar:/home/user/.m2/repository/org/apache/ratis/ratis-server/0.4.0-2337318-SNAPSHOT/ratis-server-0.4.0-2337318-SNAPSHOT.jar:/home/user/.m2/repository/org/apache/ratis/ratis-thirdparty-misc/0.2.0/ratis-thirdparty-misc-0.2.0.jar:/home/user/.m2/repository/org/apache/ratis/ratis-proto/0.4.0-2337318-SNAPSHOT/ratis-proto-0.4.0-2337318-SNAPSHOT.jar:/home/user/.m2/repository/org/apache/ratis/ratis-common/0.4.0-2337318-SNAPSHOT/ratis-common-0.4.0-2337318-SNAPSHOT.jar:/home/user/.m2/repository/org/apache/ratis/ratis-client/0.4.0-2337318-SNAPSHOT/ratis-client-0.4.0-2337318-SNAPSHOT.jar:/home/user/.m2/repository/org/apache/ratis/ratis-metrics/0.4.0-2337318-SNAPSHOT/ratis-metrics-0.4.0-2337318-SNAPSHOT.jar:/home/user/.m2/repository/org/apache/ratis/ratis-netty/0.4.0-2337318-SNAPSHOT/ratis-netty-0.4.0-2337318-SNAPSHOT.jar:/home/user/.m2/repository/org/apache/ratis/ratis-grpc/0.4.0-2337318-SNAPSHOT/ratis-grpc-0.4.0-2337318-SNAPSHOT.jar:/home/user/.m2/repository/org/rocksdb/rocksdbjni/6.0.1/rocksdbjni-6.0.1.jar:/home/user/.m2/repository/org/apache/logging/log4j/log4j-api/2.11.0/log4j-api-2.11.0.jar:/home/user/.m2/repository/org/apache/logging/log4j/log4j-core/2.11.0/log4j-core-2.11.0.jar:/home/user/.m2/repository/com/lmax/disruptor/3.4.2/disruptor-3.4.2.jar:/home/user/.m2/repository/org/apache/commons/commons-pool2/2.6.0/commons-pool2-2.6.0.jar:/home/user/.m2/repository/org/bouncycastle/bcpkix-jdk15on/1.60/bcpkix-jdk15on-1.60.jar:/home/user/.m2/repository/commons-validator/commons-validator/1.6/commons-validator-1.6.jar:/home/user/.m2/repository/commons-digester/commons-digester/1.8.1/commons-digester-1.8.1.jar:/home/user/.m2/repository/io/jaegertracing/jaeger-client/0.33.1/jaeger-client-0.33.1.jar:/home/user/.m2/repository/io/jaegertracing/jaeger-thrift/0.33.1/jaeger-thrift-0.33.1.jar:/home/user/.m2/repository/org/apache/thrift/libthrift/0.11.0/libthrift-0.11.0.jar:/home/user/.m2/repository/com/squareup/okhttp3/okhttp/3.9.0/okhttp-3.9.0.jar:/home/user/.m2/repository/com/squareup/okio/okio/1.13.0/okio-1.13.0.jar:/home/user/.m2/repository/io/jaegertracing/jaeger-core/0.33.1/jaeger-core-0.33.1.jar:/home/user/.m2/repository/io/jaegertracing/jaeger-tracerresolver/0.33.1/jaeger-tracerresolver-0.33.1.jar:/home/user/.m2/repository/io/opentracing/contrib/opentracing-tracerresolver/0.1.5/opentracing-tracerresolver-0.1.5.jar:/home/user/.m2/repository/io/opentracing/opentracing-util/0.31.0/opentracing-util-0.31.0.jar:/home/user/.m2/repository/io/opentracing/opentracing-api/0.31.0/opentracing-api-0.31.0.jar:/home/user/.m2/repository/io/opentracing/opentracing-noop/0.31.0/opentracing-noop-0.31.0.jar:/home/user/.m2/repository/org/apache/hadoop/hadoop-hdds-server-framework/0.5.0-SNAPSHOT/hadoop-hdds-server-framework-0.5.0-SNAPSHOT.jar:/home/user/.m2/repository/org/apache/hadoop/hadoop-hdds-container-service/0.5.0-SNAPSHOT/hadoop-hdds-container-service-0.5.0-SNAPSHOT.jar:/home/user/.m2/repository/org/apache/hadoop/hadoop-hdds-client/0.5.0-SNAPSHOT/hadoop-hdds-client-0.5.0-SNAPSHOT.jar:/home/user/.m2/repository/org/apache/hadoop/hadoop-hdds-tools/0.5.0-SNAPSHOT/hadoop-hdds-tools-0.5.0-SNAPSHOT.jar:/home/user/.m2/repository/org/apache/hadoop/hadoop-hdds-server-scm/0.5.0-SNAPSHOT/hadoop-hdds-server-scm-0.5.0-SNAPSHOT.jar:/home/user/.m2/repository/org/apache/hadoop/hadoop-hdds-docs/0.5.0-SNAPSHOT/hadoop-hdds-docs-0.5.0-SNAPSHOT.jar:/home/user/.m2/repository/io/dropwizard/metrics/metrics-core/3.2.4/metrics-core-3.2.4.jar:/home/user/.m2/repository/org/hamcrest/hamcrest-all/1.3/hamcrest-all-1.3.jar:/home/user/.m2/repository/org/bouncycastle/bcprov-jdk15on/1.60/bcprov-jdk15on-1.60.jar:/home/user/.m2/repository/info/picocli/picocli/3.9.6/picocli-3.9.6.jar:/home/user/.m2/repository/com/google/protobuf/protobuf-java/2.5.0/protobuf-java-2.5.0.jar:/home/user/.m2/repository/com/google/guava/guava/11.0.2/guava-11.0.2.jar:/home/user/.m2/repository/org/apache/hadoop/hadoop-ozone-ozone-manager/0.5.0-SNAPSHOT/hadoop-ozone-ozone-manager-0.5.0-SNAPSHOT.jar:/home/user/.m2/repository/org/apache/hadoop/hadoop-minikdc/3.2.0/hadoop-minikdc-3.2.0.jar:/home/user/.m2/repository/commons-io/commons-io/2.5/commons-io-2.5.jar:/home/user/.m2/repository/org/apache/kerby/kerb-simplekdc/1.0.1/kerb-simplekdc-1.0.1.jar:/home/user/.m2/repository/org/apache/kerby/kerb-client/1.0.1/kerb-client-1.0.1.jar:/home/user/.m2/repository/org/apache/kerby/kerby-config/1.0.1/kerby-config-1.0.1.jar:/home/user/.m2/repository/org/apache/kerby/kerb-core/1.0.1/kerb-core-1.0.1.jar:/home/user/.m2/repository/org/apache/kerby/kerby-pkix/1.0.1/kerby-pkix-1.0.1.jar:/home/user/.m2/repository/org/apache/kerby/kerby-asn1/1.0.1/kerby-asn1-1.0.1.jar:/home/user/.m2/repository/org/apache/kerby/kerby-util/1.0.1/kerby-util-1.0.1.jar:/home/user/.m2/repository/org/apache/kerby/kerb-common/1.0.1/kerb-common-1.0.1.jar:/home/user/.m2/repository/org/apache/kerby/kerb-crypto/1.0.1/kerb-crypto-1.0.1.jar:/home/user/.m2/repository/org/apache/kerby/kerb-util/1.0.1/kerb-util-1.0.1.jar:/home/user/.m2/repository/org/apache/kerby/token-provider/1.0.1/token-provider-1.0.1.jar:/home/user/.m2/repository/org/apache/kerby/kerb-admin/1.0.1/kerb-admin-1.0.1.jar:/home/user/.m2/repository/org/apache/kerby/kerb-server/1.0.1/kerb-server-1.0.1.jar:/home/user/.m2/repository/org/apache/kerby/kerb-identity/1.0.1/kerb-identity-1.0.1.jar:/home/user/.m2/repository/org/apache/kerby/kerby-xdr/1.0.1/kerby-xdr-1.0.1.jar:/home/user/.m2/repository/org/slf4j/slf4j-log4j12/1.7.25/slf4j-log4j12-1.7.25.jar:/home/user/.m2/repository/org/apache/hadoop/hadoop-ozone-objectstore-service/0.5.0-SNAPSHOT/hadoop-ozone-objectstore-service-0.5.0-SNAPSHOT.jar:/home/user/.m2/repository/org/apache/hadoop/hadoop-ozone-s3gateway/0.5.0-SNAPSHOT/hadoop-ozone-s3gateway-0.5.0-SNAPSHOT.jar:/home/user/.m2/repository/org/jboss/weld/servlet/weld-servlet/2.4.7.Final/weld-servlet-2.4.7.Final.jar:/home/user/.m2/repository/org/glassfish/jersey/containers/jersey-container-servlet-core/2.27/jersey-container-servlet-core-2.27.jar:/home/user/.m2/repository/org/glassfish/hk2/external/javax.inject/2.5.0-b42/javax.inject-2.5.0-b42.jar:/home/user/.m2/repository/org/glassfish/jersey/core/jersey-common/2.27/jersey-common-2.27.jar:/home/user/.m2/repository/org/glassfish/hk2/osgi-resource-locator/1.0.1/osgi-resource-locator-1.0.1.jar:/home/user/.m2/repository/javax/ws/rs/javax.ws.rs-api/2.1/javax.ws.rs-api-2.1.jar:/home/user/.m2/repository/org/glassfish/jersey/ext/cdi/jersey-cdi1x/2.27/jersey-cdi1x-2.27.jar:/home/user/.m2/repository/org/glassfish/jersey/inject/jersey-hk2/2.27/jersey-hk2-2.27.jar:/home/user/.m2/repository/org/glassfish/hk2/hk2-locator/2.5.0-b42/hk2-locator-2.5.0-b42.jar:/home/user/.m2/repository/org/javassist/javassist/3.22.0-CR2/javassist-3.22.0-CR2.jar:/home/user/.m2/repository/org/glassfish/hk2/hk2-api/2.5.0/hk2-api-2.5.0.jar:/home/user/.m2/repository/org/glassfish/hk2/external/jakarta.inject/2.5.0/jakarta.inject-2.5.0.jar:/home/user/.m2/repository/org/glassfish/hk2/hk2-utils/2.5.0/hk2-utils-2.5.0.jar:/home/user/.m2/repository/jakarta/annotation/jakarta.annotation-api/1.3.4/jakarta.annotation-api-1.3.4.jar:/home/user/.m2/repository/org/glassfish/hk2/external/aopalliance-repackaged/2.5.0/aopalliance-repackaged-2.5.0.jar:/home/user/.m2/repository/com/fasterxml/jackson/dataformat/jackson-dataformat-xml/2.9.0/jackson-dataformat-xml-2.9.0.jar:/home/user/.m2/repository/com/fasterxml/jackson/core/jackson-core/2.9.5/jackson-core-2.9.5.jar:/home/user/.m2/repository/com/fasterxml/jackson/module/jackson-module-jaxb-annotations/2.9.5/jackson-module-jaxb-annotations-2.9.5.jar:/home/user/.m2/repository/javax/enterprise/cdi-api/1.2/cdi-api-1.2.jar:/home/user/.m2/repository/javax/el/javax.el-api/3.0.0/javax.el-api-3.0.0.jar:/home/user/.m2/repository/javax/interceptor/javax.interceptor-api/1.2/javax.interceptor-api-1.2.jar:/home/user/.m2/repository/javax/inject/javax.inject/1/javax.inject-1.jar:/home/user/.m2/repository/com/sun/xml/bind/jaxb-impl/2.3.0.1/jaxb-impl-2.3.0.1.jar:/home/user/.m2/repository/com/sun/xml/bind/jaxb-core/2.3.0.1/jaxb-core-2.3.0.1.jar:/home/user/.m2/repository/javax/xml/bind/jaxb-api/2.3.0/jaxb-api-2.3.0.jar:/home/user/.m2/repository/javax/activation/activation/1.1.1/activation-1.1.1.jar:/home/user/.m2/repository/org/apache/hadoop/hadoop-ozone-csi/0.5.0-SNAPSHOT/hadoop-ozone-csi-0.5.0-SNAPSHOT.jar:/home/user/.m2/repository/com/google/protobuf/protobuf-java-util/3.5.1/protobuf-java-util-3.5.1.jar:/home/user/.m2/repository/org/apache/hadoop/hadoop-hdds-config/0.5.0-SNAPSHOT/hadoop-hdds-config-0.5.0-SNAPSHOT.jar:/home/user/.m2/repository/io/grpc/grpc-netty/1.17.1/grpc-netty-1.17.1.jar:/home/user/.m2/repository/io/grpc/grpc-core/1.17.1/grpc-core-1.17.1.jar:/home/user/.m2/repository/io/grpc/grpc-context/1.17.1/grpc-context-1.17.1.jar:/home/user/.m2/repository/com/google/errorprone/error_prone_annotations/2.2.0/error_prone_annotations-2.2.0.jar:/home/user/.m2/repository/org/codehaus/mojo/animal-sniffer-annotations/1.17/animal-sniffer-annotations-1.17.jar:/home/user/.m2/repository/io/opencensus/opencensus-api/0.17.0/opencensus-api-0.17.0.jar:/home/user/.m2/repository/io/opencensus/opencensus-contrib-grpc-metrics/0.17.0/opencensus-contrib-grpc-metrics-0.17.0.jar:/home/user/.m2/repository/io/netty/netty-codec-http2/4.1.30.Final/netty-codec-http2-4.1.30.Final.jar:/home/user/.m2/repository/io/netty/netty-codec-http/4.1.30.Final/netty-codec-http-4.1.30.Final.jar:/home/user/.m2/repository/io/netty/netty-codec/4.1.30.Final/netty-codec-4.1.30.Final.jar:/home/user/.m2/repository/io/netty/netty-handler/4.1.30.Final/netty-handler-4.1.30.Final.jar:/home/user/.m2/repository/io/netty/netty-handler-proxy/4.1.30.Final/netty-handler-proxy-4.1.30.Final.jar:/home/user/.m2/repository/io/netty/netty-codec-socks/4.1.30.Final/netty-codec-socks-4.1.30.Final.jar:/home/user/.m2/repository/io/netty/netty-transport-native-epoll/4.1.30.Final/netty-transport-native-epoll-4.1.30.Final.jar:/home/user/.m2/repository/io/netty/netty-common/4.1.30.Final/netty-common-4.1.30.Final.jar:/home/user/.m2/repository/io/netty/netty-buffer/4.1.30.Final/netty-buffer-4.1.30.Final.jar:/home/user/.m2/repository/io/netty/netty-transport/4.1.30.Final/netty-transport-4.1.30.Final.jar:/home/user/.m2/repository/io/netty/netty-resolver/4.1.30.Final/netty-resolver-4.1.30.Final.jar:/home/user/.m2/repository/io/netty/netty-transport-native-unix-common/4.1.30.Final/netty-transport-native-unix-common-4.1.30.Final.jar:/home/user/.m2/repository/io/grpc/grpc-protobuf/1.17.1/grpc-protobuf-1.17.1.jar:/home/user/.m2/repository/com/google/api/grpc/proto-google-common-protos/1.0.0/proto-google-common-protos-1.0.0.jar:/home/user/.m2/repository/io/grpc/grpc-protobuf-lite/1.17.1/grpc-protobuf-lite-1.17.1.jar:/home/user/.m2/repository/io/grpc/grpc-stub/1.17.1/grpc-stub-1.17.1.jar:/home/user/.m2/repository/org/apache/hadoop/hadoop-ozone-recon/0.5.0-SNAPSHOT/hadoop-ozone-recon-0.5.0-SNAPSHOT.jar:/home/user/.m2/repository/org/apache/hadoop/hadoop-ozone-reconcodegen/0.5.0-SNAPSHOT/hadoop-ozone-reconcodegen-0.5.0-SNAPSHOT.jar:/home/user/.m2/repository/com/google/inject/extensions/guice-multibindings/4.0/guice-multibindings-4.0.jar:/home/user/.m2/repository/com/google/inject/guice/4.0/guice-4.0.jar:/home/user/.m2/repository/aopalliance/aopalliance/1.0/aopalliance-1.0.jar:/home/user/.m2/repository/com/google/inject/extensions/guice-servlet/4.0/guice-servlet-4.0.jar:/home/user/.m2/repository/org/glassfish/jersey/containers/jersey-container-servlet/2.27/jersey-container-servlet-2.27.jar:/home/user/.m2/repository/org/glassfish/hk2/guice-bridge/2.5.0/guice-bridge-2.5.0.jar:/home/user/.m2/repository/org/glassfish/jersey/core/jersey-server/2.27/jersey-server-2.27.jar:/home/user/.m2/repository/org/glassfish/jersey/core/jersey-client/2.27/jersey-client-2.27.jar:/home/user/.m2/repository/org/glassfish/jersey/media/jersey-media-jaxb/2.27/jersey-media-jaxb-2.27.jar:/home/user/.m2/repository/javax/validation/validation-api/1.1.0.Final/validation-api-1.1.0.Final.jar:/home/user/.m2/repository/org/glassfish/jersey/media/jersey-media-json-jackson/2.27/jersey-media-json-jackson-2.27.jar:/home/user/.m2/repository/org/glassfish/jersey/ext/jersey-entity-filtering/2.27/jersey-entity-filtering-2.27.jar:/home/user/.m2/repository/com/google/inject/extensions/guice-assistedinject/4.0/guice-assistedinject-4.0.jar:/home/user/.m2/repository/org/jooq/jooq/3.11.10/jooq-3.11.10.jar:/home/user/.m2/repository/org/jooq/jooq-meta/3.11.10/jooq-meta-3.11.10.jar:/home/user/.m2/repository/org/jooq/jooq-codegen/3.11.10/jooq-codegen-3.11.10.jar:/home/user/.m2/repository/com/jolbox/bonecp/0.8.0.RELEASE/bonecp-0.8.0.RELEASE.jar:/home/user/.m2/repository/org/xerial/sqlite-jdbc/3.25.2/sqlite-jdbc-3.25.2.jar:/home/user/.m2/repository/org/springframework/spring-jdbc/5.1.3.RELEASE/spring-jdbc-5.1.3.RELEASE.jar:/home/user/.m2/repository/org/springframework/spring-beans/5.1.3.RELEASE/spring-beans-5.1.3.RELEASE.jar:/home/user/.m2/repository/org/springframework/spring-core/5.1.3.RELEASE/spring-core-5.1.3.RELEASE.jar:/home/user/.m2/repository/org/springframework/spring-jcl/5.1.3.RELEASE/spring-jcl-5.1.3.RELEASE.jar:/home/user/.m2/repository/org/springframework/spring-tx/5.1.3.RELEASE/spring-tx-5.1.3.RELEASE.jar:/home/user/.m2/repository/org/apache/hadoop/hadoop-ozone-client/0.5.0-SNAPSHOT/hadoop-ozone-client-0.5.0-SNAPSHOT.jar:/home/user/.m2/repository/commons-lang/commons-lang/2.6/commons-lang-2.6.jar:/home/user/.m2/repository/org/apache/hadoop/hadoop-ozone-ozone-manager/0.5.0-SNAPSHOT/hadoop-ozone-ozone-manager-0.5.0-SNAPSHOT-tests.jar:/home/user/.m2/repository/junit/junit/4.11/junit-4.11.jar:/home/user/.m2/repository/org/hamcrest/hamcrest-core/1.3/hamcrest-core-1.3.jar:/home/user/.m2/repository/org/openjdk/jmh/jmh-core/1.19/jmh-core-1.19.jar:/home/user/.m2/repository/net/sf/jopt-simple/jopt-simple/4.6/jopt-simple-4.6.jar:/home/user/.m2/repository/org/apache/commons/commons-math3/3.1.1/commons-math3-3.1.1.jar:/home/user/.m2/repository/org/openjdk/jmh/jmh-generator-annprocess/1.19/jmh-generator-annprocess-1.19.jar:/home/user/.m2/repository/org/mockito/mockito-all/1.8.5/mockito-all-1.8.5.jar:/home/user/.m2/repository/org/apache/hadoop/hadoop-kms/3.2.0/hadoop-kms-3.2.0.jar:/home/user/.m2/repository/org/apache/hadoop/hadoop-auth/3.2.0/hadoop-auth-3.2.0.jar:/home/user/.m2/repository/com/nimbusds/nimbus-jose-jwt/4.41.1/nimbus-jose-jwt-4.41.1.jar:/home/user/.m2/repository/com/github/stephenc/jcip/jcip-annotations/1.0-1/jcip-annotations-1.0-1.jar:/home/user/.m2/repository/net/minidev/json-smart/2.3/json-smart-2.3.jar:/home/user/.m2/repository/net/minidev/accessors-smart/1.2/accessors-smart-1.2.jar:/home/user/.m2/repository/org/ow2/asm/asm/5.0.4/asm-5.0.4.jar:/home/user/.m2/repository/org/apache/curator/curator-framework/2.12.0/curator-framework-2.12.0.jar:/home/user/.m2/repository/com/sun/jersey/jersey-core/1.19/jersey-core-1.19.jar:/home/user/.m2/repository/javax/ws/rs/jsr311-api/1.1.1/jsr311-api-1.1.1.jar:/home/user/.m2/repository/com/sun/jersey/jersey-server/1.19/jersey-server-1.19.jar:/home/user/.m2/repository/javax/servlet/javax.servlet-api/3.1.0/javax.servlet-api-3.1.0.jar:/home/user/.m2/repository/org/eclipse/jetty/jetty-server/9.3.24.v20180605/jetty-server-9.3.24.v20180605.jar:/home/user/.m2/repository/org/eclipse/jetty/jetty-http/9.3.24.v20180605/jetty-http-9.3.24.v20180605.jar:/home/user/.m2/repository/org/eclipse/jetty/jetty-io/9.3.24.v20180605/jetty-io-9.3.24.v20180605.jar:/home/user/.m2/repository/org/eclipse/jetty/jetty-webapp/9.3.24.v20180605/jetty-webapp-9.3.24.v20180605.jar:/home/user/.m2/repository/org/eclipse/jetty/jetty-xml/9.3.24.v20180605/jetty-xml-9.3.24.v20180605.jar:/home/user/.m2/repository/log4j/log4j/1.2.17/log4j-1.2.17.jar:/home/user/.m2/repository/org/slf4j/slf4j-api/1.7.25/slf4j-api-1.7.25.jar:/home/user/.m2/repository/org/slf4j/jul-to-slf4j/1.7.25/jul-to-slf4j-1.7.25.jar:/home/user/.m2/repository/org/eclipse/jetty/jetty-util/9.3.24.v20180605/jetty-util-9.3.24.v20180605.jar:/home/user/.m2/repository/com/fasterxml/jackson/core/jackson-databind/2.9.5/jackson-databind-2.9.5.jar:/home/user/.m2/repository/org/apache/hadoop/hadoop-kms/3.2.0/hadoop-kms-3.2.0-tests.jar:/home/user/.m2/repository/org/apache/hadoop/hadoop-hdds-server-scm/0.5.0-SNAPSHOT/hadoop-hdds-server-scm-0.5.0-SNAPSHOT-tests.jar:/home/user/.m2/repository/org/apache/hadoop/hadoop-hdds-container-service/0.5.0-SNAPSHOT/hadoop-hdds-container-service-0.5.0-SNAPSHOT-tests.jar:/home/user/.m2/repository/org/yaml/snakeyaml/1.16/snakeyaml-1.16.jar:/home/user/.m2/repository/org/apache/hadoop/hadoop-common/3.2.0/hadoop-common-3.2.0-tests.jar:/home/user/.m2/repository/org/apache/hadoop/hadoop-annotations/3.2.0/hadoop-annotations-3.2.0.jar:/usr/lib/jvm/java-1.8-openjdk/jre/../lib/tools.jar:/home/user/.m2/repository/commons-cli/commons-cli/1.2/commons-cli-1.2.jar:/home/user/.m2/repository/org/apache/httpcomponents/httpclient/4.5.2/httpclient-4.5.2.jar:/home/user/.m2/repository/org/apache/httpcomponents/httpcore/4.4.4/httpcore-4.4.4.jar:/home/user/.m2/repository/commons-codec/commons-codec/1.11/commons-codec-1.11.jar:/home/user/.m2/repository/commons-net/commons-net/3.6/commons-net-3.6.jar:/home/user/.m2/repository/commons-collections/commons-collections/3.2.2/commons-collections-3.2.2.jar:/home/user/.m2/repository/org/eclipse/jetty/jetty-servlet/9.3.24.v20180605/jetty-servlet-9.3.24.v20180605.jar:/home/user/.m2/repository/org/eclipse/jetty/jetty-security/9.3.24.v20180605/jetty-security-9.3.24.v20180605.jar:/home/user/.m2/repository/javax/servlet/jsp/jsp-api/2.1/jsp-api-2.1.jar:/home/user/.m2/repository/com/sun/jersey/jersey-servlet/1.19/jersey-servlet-1.19.jar:/home/user/.m2/repository/com/sun/jersey/jersey-json/1.19/jersey-json-1.19.jar:/home/user/.m2/repository/org/codehaus/jettison/jettison/1.1/jettison-1.1.jar:/home/user/.m2/repository/org/codehaus/jackson/jackson-core-asl/1.9.13/jackson-core-asl-1.9.13.jar:/home/user/.m2/repository/org/codehaus/jackson/jackson-mapper-asl/1.9.13/jackson-mapper-asl-1.9.13.jar:/home/user/.m2/repository/org/codehaus/jackson/jackson-jaxrs/1.9.13/jackson-jaxrs-1.9.13.jar:/home/user/.m2/repository/org/codehaus/jackson/jackson-xc/1.9.13/jackson-xc-1.9.13.jar:/home/user/.m2/repository/commons-logging/commons-logging/1.1.3/commons-logging-1.1.3.jar:/home/user/.m2/repository/commons-beanutils/commons-beanutils/1.9.3/commons-beanutils-1.9.3.jar:/home/user/.m2/repository/org/apache/commons/commons-configuration2/2.1.1/commons-configuration2-2.1.1.jar:/home/user/.m2/repository/org/apache/commons/commons-lang3/3.7/commons-lang3-3.7.jar:/home/user/.m2/repository/org/apache/commons/commons-text/1.4/commons-text-1.4.jar:/home/user/.m2/repository/org/apache/avro/avro/1.7.7/avro-1.7.7.jar:/home/user/.m2/repository/com/thoughtworks/paranamer/paranamer/2.3/paranamer-2.3.jar:/home/user/.m2/repository/org/xerial/snappy/snappy-java/1.0.5/snappy-java-1.0.5.jar:/home/user/.m2/repository/com/google/re2j/re2j/1.1/re2j-1.1.jar:/home/user/.m2/repository/com/google/code/gson/gson/2.2.4/gson-2.2.4.jar:/home/user/.m2/repository/com/jcraft/jsch/0.1.54/jsch-0.1.54.jar:/home/user/.m2/repository/org/apache/curator/curator-client/2.12.0/curator-client-2.12.0.jar:/home/user/.m2/repository/org/apache/curator/curator-recipes/2.12.0/curator-recipes-2.12.0.jar:/home/user/.m2/repository/com/google/code/findbugs/jsr305/3.0.0/jsr305-3.0.0.jar:/home/user/.m2/repository/org/apache/htrace/htrace-core4/4.1.0-incubating/htrace-core4-4.1.0-incubating.jar:/home/user/.m2/repository/org/apache/zookeeper/zookeeper/3.4.13/zookeeper-3.4.13.jar:/home/user/.m2/repository/org/apache/yetus/audience-annotations/0.5.0/audience-annotations-0.5.0.jar:/home/user/.m2/repository/org/codehaus/woodstox/stax2-api/3.1.4/stax2-api-3.1.4.jar:/home/user/.m2/repository/com/fasterxml/woodstox/woodstox-core/5.0.3/woodstox-core-5.0.3.jar:/home/user/.m2/repository/dnsjava/dnsjava/2.1.7/dnsjava-2.1.7.jar:/home/user/.m2/repository/org/apache/hadoop/hadoop-hdfs/3.2.0/hadoop-hdfs-3.2.0-tests.jar:/home/user/.m2/repository/org/eclipse/jetty/jetty-util-ajax/9.3.24.v20180605/jetty-util-ajax-9.3.24.v20180605.jar:/home/user/.m2/repository/commons-daemon/commons-daemon/1.0.13/commons-daemon-1.0.13.jar:/home/user/.m2/repository/io/netty/netty/3.10.5.Final/netty-3.10.5.Final.jar:/home/user/.m2/repository/io/netty/netty-all/4.0.52.Final/netty-all-4.0.52.Final.jar:/home/user/.m2/repository/org/fusesource/leveldbjni/leveldbjni-all/1.8/leveldbjni-all-1.8.jar:"/>
    <property name="java.vm.vendor" value="IcedTea"/>
    <property name="sun.arch.data.model" value="64"/>
    <property name="test.build.dir" value="/workdir/hadoop-ozone/integration-test/target/test-dir"/>
    <property name="test.cache.data" value=""/>
    <property name="java.vendor.url" value="https://icedtea.classpath.org"/>
    <property name="user.timezone" value=""/>
    <property name="java.vm.specification.version" value="1.8"/>
    <property name="os.name" value="Linux"/>
    <property name="test.build.data" value="/workdir/hadoop-ozone/integration-test/target/test-dir"/>
    <property name="user.country" value="US"/>
    <property name="sun.java.launcher" value="SUN_STANDARD"/>
    <property name="sun.boot.library.path" value="/usr/lib/jvm/java-1.8-openjdk/jre/lib/amd64"/>
    <property name="sun.java.command" value="/workdir/hadoop-ozone/integration-test/target/surefire/surefirebooter3957757490609957998.jar /workdir/hadoop-ozone/integration-test/target/surefire 2019-08-29T21-31-16_703-jvmRun1 surefire6430188636471284271tmp surefire_56570252704976275246tmp"/>
    <property name="test" value="!TestMiniChaosOzoneCluster"/>
    <property name="surefire.test.class.path" value="/workdir/hadoop-ozone/integration-test/target/test-classes:/workdir/hadoop-ozone/integration-test/target/classes:/home/user/.m2/repository/org/apache/hadoop/hadoop-ozone-common/0.5.0-SNAPSHOT/hadoop-ozone-common-0.5.0-SNAPSHOT.jar:/home/user/.m2/repository/org/apache/commons/commons-compress/1.4.1/commons-compress-1.4.1.jar:/home/user/.m2/repository/org/tukaani/xz/1.0/xz-1.0.jar:/home/user/.m2/repository/org/apache/hadoop/hadoop-common/3.2.0/hadoop-common-3.2.0.jar:/home/user/.m2/repository/org/apache/hadoop/hadoop-hdfs/3.2.0/hadoop-hdfs-3.2.0.jar:/home/user/.m2/repository/org/apache/hadoop/hadoop-hdfs-client/3.2.0/hadoop-hdfs-client-3.2.0.jar:/home/user/.m2/repository/com/fasterxml/jackson/core/jackson-annotations/2.9.5/jackson-annotations-2.9.5.jar:/home/user/.m2/repository/org/apache/hadoop/hadoop-hdds-common/0.5.0-SNAPSHOT/hadoop-hdds-common-0.5.0-SNAPSHOT.jar:/home/user/.m2/repository/javax/annotation/javax.annotation-api/1.2/javax.annotation-api-1.2.jar:/home/user/.m2/repository/org/apache/ratis/ratis-server/0.4.0-2337318-SNAPSHOT/ratis-server-0.4.0-2337318-SNAPSHOT.jar:/home/user/.m2/repository/org/apache/ratis/ratis-thirdparty-misc/0.2.0/ratis-thirdparty-misc-0.2.0.jar:/home/user/.m2/repository/org/apache/ratis/ratis-proto/0.4.0-2337318-SNAPSHOT/ratis-proto-0.4.0-2337318-SNAPSHOT.jar:/home/user/.m2/repository/org/apache/ratis/ratis-common/0.4.0-2337318-SNAPSHOT/ratis-common-0.4.0-2337318-SNAPSHOT.jar:/home/user/.m2/repository/org/apache/ratis/ratis-client/0.4.0-2337318-SNAPSHOT/ratis-client-0.4.0-2337318-SNAPSHOT.jar:/home/user/.m2/repository/org/apache/ratis/ratis-metrics/0.4.0-2337318-SNAPSHOT/ratis-metrics-0.4.0-2337318-SNAPSHOT.jar:/home/user/.m2/repository/org/apache/ratis/ratis-netty/0.4.0-2337318-SNAPSHOT/ratis-netty-0.4.0-2337318-SNAPSHOT.jar:/home/user/.m2/repository/org/apache/ratis/ratis-grpc/0.4.0-2337318-SNAPSHOT/ratis-grpc-0.4.0-2337318-SNAPSHOT.jar:/home/user/.m2/repository/org/rocksdb/rocksdbjni/6.0.1/rocksdbjni-6.0.1.jar:/home/user/.m2/repository/org/apache/logging/log4j/log4j-api/2.11.0/log4j-api-2.11.0.jar:/home/user/.m2/repository/org/apache/logging/log4j/log4j-core/2.11.0/log4j-core-2.11.0.jar:/home/user/.m2/repository/com/lmax/disruptor/3.4.2/disruptor-3.4.2.jar:/home/user/.m2/repository/org/apache/commons/commons-pool2/2.6.0/commons-pool2-2.6.0.jar:/home/user/.m2/repository/org/bouncycastle/bcpkix-jdk15on/1.60/bcpkix-jdk15on-1.60.jar:/home/user/.m2/repository/commons-validator/commons-validator/1.6/commons-validator-1.6.jar:/home/user/.m2/repository/commons-digester/commons-digester/1.8.1/commons-digester-1.8.1.jar:/home/user/.m2/repository/io/jaegertracing/jaeger-client/0.33.1/jaeger-client-0.33.1.jar:/home/user/.m2/repository/io/jaegertracing/jaeger-thrift/0.33.1/jaeger-thrift-0.33.1.jar:/home/user/.m2/repository/org/apache/thrift/libthrift/0.11.0/libthrift-0.11.0.jar:/home/user/.m2/repository/com/squareup/okhttp3/okhttp/3.9.0/okhttp-3.9.0.jar:/home/user/.m2/repository/com/squareup/okio/okio/1.13.0/okio-1.13.0.jar:/home/user/.m2/repository/io/jaegertracing/jaeger-core/0.33.1/jaeger-core-0.33.1.jar:/home/user/.m2/repository/io/jaegertracing/jaeger-tracerresolver/0.33.1/jaeger-tracerresolver-0.33.1.jar:/home/user/.m2/repository/io/opentracing/contrib/opentracing-tracerresolver/0.1.5/opentracing-tracerresolver-0.1.5.jar:/home/user/.m2/repository/io/opentracing/opentracing-util/0.31.0/opentracing-util-0.31.0.jar:/home/user/.m2/repository/io/opentracing/opentracing-api/0.31.0/opentracing-api-0.31.0.jar:/home/user/.m2/repository/io/opentracing/opentracing-noop/0.31.0/opentracing-noop-0.31.0.jar:/home/user/.m2/repository/org/apache/hadoop/hadoop-hdds-server-framework/0.5.0-SNAPSHOT/hadoop-hdds-server-framework-0.5.0-SNAPSHOT.jar:/home/user/.m2/repository/org/apache/hadoop/hadoop-hdds-container-service/0.5.0-SNAPSHOT/hadoop-hdds-container-service-0.5.0-SNAPSHOT.jar:/home/user/.m2/repository/org/apache/hadoop/hadoop-hdds-client/0.5.0-SNAPSHOT/hadoop-hdds-client-0.5.0-SNAPSHOT.jar:/home/user/.m2/repository/org/apache/hadoop/hadoop-hdds-tools/0.5.0-SNAPSHOT/hadoop-hdds-tools-0.5.0-SNAPSHOT.jar:/home/user/.m2/repository/org/apache/hadoop/hadoop-hdds-server-scm/0.5.0-SNAPSHOT/hadoop-hdds-server-scm-0.5.0-SNAPSHOT.jar:/home/user/.m2/repository/org/apache/hadoop/hadoop-hdds-docs/0.5.0-SNAPSHOT/hadoop-hdds-docs-0.5.0-SNAPSHOT.jar:/home/user/.m2/repository/io/dropwizard/metrics/metrics-core/3.2.4/metrics-core-3.2.4.jar:/home/user/.m2/repository/org/hamcrest/hamcrest-all/1.3/hamcrest-all-1.3.jar:/home/user/.m2/repository/org/bouncycastle/bcprov-jdk15on/1.60/bcprov-jdk15on-1.60.jar:/home/user/.m2/repository/info/picocli/picocli/3.9.6/picocli-3.9.6.jar:/home/user/.m2/repository/com/google/protobuf/protobuf-java/2.5.0/protobuf-java-2.5.0.jar:/home/user/.m2/repository/com/google/guava/guava/11.0.2/guava-11.0.2.jar:/home/user/.m2/repository/org/apache/hadoop/hadoop-ozone-ozone-manager/0.5.0-SNAPSHOT/hadoop-ozone-ozone-manager-0.5.0-SNAPSHOT.jar:/home/user/.m2/repository/org/apache/hadoop/hadoop-minikdc/3.2.0/hadoop-minikdc-3.2.0.jar:/home/user/.m2/repository/commons-io/commons-io/2.5/commons-io-2.5.jar:/home/user/.m2/repository/org/apache/kerby/kerb-simplekdc/1.0.1/kerb-simplekdc-1.0.1.jar:/home/user/.m2/repository/org/apache/kerby/kerb-client/1.0.1/kerb-client-1.0.1.jar:/home/user/.m2/repository/org/apache/kerby/kerby-config/1.0.1/kerby-config-1.0.1.jar:/home/user/.m2/repository/org/apache/kerby/kerb-core/1.0.1/kerb-core-1.0.1.jar:/home/user/.m2/repository/org/apache/kerby/kerby-pkix/1.0.1/kerby-pkix-1.0.1.jar:/home/user/.m2/repository/org/apache/kerby/kerby-asn1/1.0.1/kerby-asn1-1.0.1.jar:/home/user/.m2/repository/org/apache/kerby/kerby-util/1.0.1/kerby-util-1.0.1.jar:/home/user/.m2/repository/org/apache/kerby/kerb-common/1.0.1/kerb-common-1.0.1.jar:/home/user/.m2/repository/org/apache/kerby/kerb-crypto/1.0.1/kerb-crypto-1.0.1.jar:/home/user/.m2/repository/org/apache/kerby/kerb-util/1.0.1/kerb-util-1.0.1.jar:/home/user/.m2/repository/org/apache/kerby/token-provider/1.0.1/token-provider-1.0.1.jar:/home/user/.m2/repository/org/apache/kerby/kerb-admin/1.0.1/kerb-admin-1.0.1.jar:/home/user/.m2/repository/org/apache/kerby/kerb-server/1.0.1/kerb-server-1.0.1.jar:/home/user/.m2/repository/org/apache/kerby/kerb-identity/1.0.1/kerb-identity-1.0.1.jar:/home/user/.m2/repository/org/apache/kerby/kerby-xdr/1.0.1/kerby-xdr-1.0.1.jar:/home/user/.m2/repository/org/slf4j/slf4j-log4j12/1.7.25/slf4j-log4j12-1.7.25.jar:/home/user/.m2/repository/org/apache/hadoop/hadoop-ozone-objectstore-service/0.5.0-SNAPSHOT/hadoop-ozone-objectstore-service-0.5.0-SNAPSHOT.jar:/home/user/.m2/repository/org/apache/hadoop/hadoop-ozone-s3gateway/0.5.0-SNAPSHOT/hadoop-ozone-s3gateway-0.5.0-SNAPSHOT.jar:/home/user/.m2/repository/org/jboss/weld/servlet/weld-servlet/2.4.7.Final/weld-servlet-2.4.7.Final.jar:/home/user/.m2/repository/org/glassfish/jersey/containers/jersey-container-servlet-core/2.27/jersey-container-servlet-core-2.27.jar:/home/user/.m2/repository/org/glassfish/hk2/external/javax.inject/2.5.0-b42/javax.inject-2.5.0-b42.jar:/home/user/.m2/repository/org/glassfish/jersey/core/jersey-common/2.27/jersey-common-2.27.jar:/home/user/.m2/repository/org/glassfish/hk2/osgi-resource-locator/1.0.1/osgi-resource-locator-1.0.1.jar:/home/user/.m2/repository/javax/ws/rs/javax.ws.rs-api/2.1/javax.ws.rs-api-2.1.jar:/home/user/.m2/repository/org/glassfish/jersey/ext/cdi/jersey-cdi1x/2.27/jersey-cdi1x-2.27.jar:/home/user/.m2/repository/org/glassfish/jersey/inject/jersey-hk2/2.27/jersey-hk2-2.27.jar:/home/user/.m2/repository/org/glassfish/hk2/hk2-locator/2.5.0-b42/hk2-locator-2.5.0-b42.jar:/home/user/.m2/repository/org/javassist/javassist/3.22.0-CR2/javassist-3.22.0-CR2.jar:/home/user/.m2/repository/org/glassfish/hk2/hk2-api/2.5.0/hk2-api-2.5.0.jar:/home/user/.m2/repository/org/glassfish/hk2/external/jakarta.inject/2.5.0/jakarta.inject-2.5.0.jar:/home/user/.m2/repository/org/glassfish/hk2/hk2-utils/2.5.0/hk2-utils-2.5.0.jar:/home/user/.m2/repository/jakarta/annotation/jakarta.annotation-api/1.3.4/jakarta.annotation-api-1.3.4.jar:/home/user/.m2/repository/org/glassfish/hk2/external/aopalliance-repackaged/2.5.0/aopalliance-repackaged-2.5.0.jar:/home/user/.m2/repository/com/fasterxml/jackson/dataformat/jackson-dataformat-xml/2.9.0/jackson-dataformat-xml-2.9.0.jar:/home/user/.m2/repository/com/fasterxml/jackson/core/jackson-core/2.9.5/jackson-core-2.9.5.jar:/home/user/.m2/repository/com/fasterxml/jackson/module/jackson-module-jaxb-annotations/2.9.5/jackson-module-jaxb-annotations-2.9.5.jar:/home/user/.m2/repository/javax/enterprise/cdi-api/1.2/cdi-api-1.2.jar:/home/user/.m2/repository/javax/el/javax.el-api/3.0.0/javax.el-api-3.0.0.jar:/home/user/.m2/repository/javax/interceptor/javax.interceptor-api/1.2/javax.interceptor-api-1.2.jar:/home/user/.m2/repository/javax/inject/javax.inject/1/javax.inject-1.jar:/home/user/.m2/repository/com/sun/xml/bind/jaxb-impl/2.3.0.1/jaxb-impl-2.3.0.1.jar:/home/user/.m2/repository/com/sun/xml/bind/jaxb-core/2.3.0.1/jaxb-core-2.3.0.1.jar:/home/user/.m2/repository/javax/xml/bind/jaxb-api/2.3.0/jaxb-api-2.3.0.jar:/home/user/.m2/repository/javax/activation/activation/1.1.1/activation-1.1.1.jar:/home/user/.m2/repository/org/apache/hadoop/hadoop-ozone-csi/0.5.0-SNAPSHOT/hadoop-ozone-csi-0.5.0-SNAPSHOT.jar:/home/user/.m2/repository/com/google/protobuf/protobuf-java-util/3.5.1/protobuf-java-util-3.5.1.jar:/home/user/.m2/repository/org/apache/hadoop/hadoop-hdds-config/0.5.0-SNAPSHOT/hadoop-hdds-config-0.5.0-SNAPSHOT.jar:/home/user/.m2/repository/io/grpc/grpc-netty/1.17.1/grpc-netty-1.17.1.jar:/home/user/.m2/repository/io/grpc/grpc-core/1.17.1/grpc-core-1.17.1.jar:/home/user/.m2/repository/io/grpc/grpc-context/1.17.1/grpc-context-1.17.1.jar:/home/user/.m2/repository/com/google/errorprone/error_prone_annotations/2.2.0/error_prone_annotations-2.2.0.jar:/home/user/.m2/repository/org/codehaus/mojo/animal-sniffer-annotations/1.17/animal-sniffer-annotations-1.17.jar:/home/user/.m2/repository/io/opencensus/opencensus-api/0.17.0/opencensus-api-0.17.0.jar:/home/user/.m2/repository/io/opencensus/opencensus-contrib-grpc-metrics/0.17.0/opencensus-contrib-grpc-metrics-0.17.0.jar:/home/user/.m2/repository/io/netty/netty-codec-http2/4.1.30.Final/netty-codec-http2-4.1.30.Final.jar:/home/user/.m2/repository/io/netty/netty-codec-http/4.1.30.Final/netty-codec-http-4.1.30.Final.jar:/home/user/.m2/repository/io/netty/netty-codec/4.1.30.Final/netty-codec-4.1.30.Final.jar:/home/user/.m2/repository/io/netty/netty-handler/4.1.30.Final/netty-handler-4.1.30.Final.jar:/home/user/.m2/repository/io/netty/netty-handler-proxy/4.1.30.Final/netty-handler-proxy-4.1.30.Final.jar:/home/user/.m2/repository/io/netty/netty-codec-socks/4.1.30.Final/netty-codec-socks-4.1.30.Final.jar:/home/user/.m2/repository/io/netty/netty-transport-native-epoll/4.1.30.Final/netty-transport-native-epoll-4.1.30.Final.jar:/home/user/.m2/repository/io/netty/netty-common/4.1.30.Final/netty-common-4.1.30.Final.jar:/home/user/.m2/repository/io/netty/netty-buffer/4.1.30.Final/netty-buffer-4.1.30.Final.jar:/home/user/.m2/repository/io/netty/netty-transport/4.1.30.Final/netty-transport-4.1.30.Final.jar:/home/user/.m2/repository/io/netty/netty-resolver/4.1.30.Final/netty-resolver-4.1.30.Final.jar:/home/user/.m2/repository/io/netty/netty-transport-native-unix-common/4.1.30.Final/netty-transport-native-unix-common-4.1.30.Final.jar:/home/user/.m2/repository/io/grpc/grpc-protobuf/1.17.1/grpc-protobuf-1.17.1.jar:/home/user/.m2/repository/com/google/api/grpc/proto-google-common-protos/1.0.0/proto-google-common-protos-1.0.0.jar:/home/user/.m2/repository/io/grpc/grpc-protobuf-lite/1.17.1/grpc-protobuf-lite-1.17.1.jar:/home/user/.m2/repository/io/grpc/grpc-stub/1.17.1/grpc-stub-1.17.1.jar:/home/user/.m2/repository/org/apache/hadoop/hadoop-ozone-recon/0.5.0-SNAPSHOT/hadoop-ozone-recon-0.5.0-SNAPSHOT.jar:/home/user/.m2/repository/org/apache/hadoop/hadoop-ozone-reconcodegen/0.5.0-SNAPSHOT/hadoop-ozone-reconcodegen-0.5.0-SNAPSHOT.jar:/home/user/.m2/repository/com/google/inject/extensions/guice-multibindings/4.0/guice-multibindings-4.0.jar:/home/user/.m2/repository/com/google/inject/guice/4.0/guice-4.0.jar:/home/user/.m2/repository/aopalliance/aopalliance/1.0/aopalliance-1.0.jar:/home/user/.m2/repository/com/google/inject/extensions/guice-servlet/4.0/guice-servlet-4.0.jar:/home/user/.m2/repository/org/glassfish/jersey/containers/jersey-container-servlet/2.27/jersey-container-servlet-2.27.jar:/home/user/.m2/repository/org/glassfish/hk2/guice-bridge/2.5.0/guice-bridge-2.5.0.jar:/home/user/.m2/repository/org/glassfish/jersey/core/jersey-server/2.27/jersey-server-2.27.jar:/home/user/.m2/repository/org/glassfish/jersey/core/jersey-client/2.27/jersey-client-2.27.jar:/home/user/.m2/repository/org/glassfish/jersey/media/jersey-media-jaxb/2.27/jersey-media-jaxb-2.27.jar:/home/user/.m2/repository/javax/validation/validation-api/1.1.0.Final/validation-api-1.1.0.Final.jar:/home/user/.m2/repository/org/glassfish/jersey/media/jersey-media-json-jackson/2.27/jersey-media-json-jackson-2.27.jar:/home/user/.m2/repository/org/glassfish/jersey/ext/jersey-entity-filtering/2.27/jersey-entity-filtering-2.27.jar:/home/user/.m2/repository/com/google/inject/extensions/guice-assistedinject/4.0/guice-assistedinject-4.0.jar:/home/user/.m2/repository/org/jooq/jooq/3.11.10/jooq-3.11.10.jar:/home/user/.m2/repository/org/jooq/jooq-meta/3.11.10/jooq-meta-3.11.10.jar:/home/user/.m2/repository/org/jooq/jooq-codegen/3.11.10/jooq-codegen-3.11.10.jar:/home/user/.m2/repository/com/jolbox/bonecp/0.8.0.RELEASE/bonecp-0.8.0.RELEASE.jar:/home/user/.m2/repository/org/xerial/sqlite-jdbc/3.25.2/sqlite-jdbc-3.25.2.jar:/home/user/.m2/repository/org/springframework/spring-jdbc/5.1.3.RELEASE/spring-jdbc-5.1.3.RELEASE.jar:/home/user/.m2/repository/org/springframework/spring-beans/5.1.3.RELEASE/spring-beans-5.1.3.RELEASE.jar:/home/user/.m2/repository/org/springframework/spring-core/5.1.3.RELEASE/spring-core-5.1.3.RELEASE.jar:/home/user/.m2/repository/org/springframework/spring-jcl/5.1.3.RELEASE/spring-jcl-5.1.3.RELEASE.jar:/home/user/.m2/repository/org/springframework/spring-tx/5.1.3.RELEASE/spring-tx-5.1.3.RELEASE.jar:/home/user/.m2/repository/org/apache/hadoop/hadoop-ozone-client/0.5.0-SNAPSHOT/hadoop-ozone-client-0.5.0-SNAPSHOT.jar:/home/user/.m2/repository/commons-lang/commons-lang/2.6/commons-lang-2.6.jar:/home/user/.m2/repository/org/apache/hadoop/hadoop-ozone-ozone-manager/0.5.0-SNAPSHOT/hadoop-ozone-ozone-manager-0.5.0-SNAPSHOT-tests.jar:/home/user/.m2/repository/junit/junit/4.11/junit-4.11.jar:/home/user/.m2/repository/org/hamcrest/hamcrest-core/1.3/hamcrest-core-1.3.jar:/home/user/.m2/repository/org/openjdk/jmh/jmh-core/1.19/jmh-core-1.19.jar:/home/user/.m2/repository/net/sf/jopt-simple/jopt-simple/4.6/jopt-simple-4.6.jar:/home/user/.m2/repository/org/apache/commons/commons-math3/3.1.1/commons-math3-3.1.1.jar:/home/user/.m2/repository/org/openjdk/jmh/jmh-generator-annprocess/1.19/jmh-generator-annprocess-1.19.jar:/home/user/.m2/repository/org/mockito/mockito-all/1.8.5/mockito-all-1.8.5.jar:/home/user/.m2/repository/org/apache/hadoop/hadoop-kms/3.2.0/hadoop-kms-3.2.0.jar:/home/user/.m2/repository/org/apache/hadoop/hadoop-auth/3.2.0/hadoop-auth-3.2.0.jar:/home/user/.m2/repository/com/nimbusds/nimbus-jose-jwt/4.41.1/nimbus-jose-jwt-4.41.1.jar:/home/user/.m2/repository/com/github/stephenc/jcip/jcip-annotations/1.0-1/jcip-annotations-1.0-1.jar:/home/user/.m2/repository/net/minidev/json-smart/2.3/json-smart-2.3.jar:/home/user/.m2/repository/net/minidev/accessors-smart/1.2/accessors-smart-1.2.jar:/home/user/.m2/repository/org/ow2/asm/asm/5.0.4/asm-5.0.4.jar:/home/user/.m2/repository/org/apache/curator/curator-framework/2.12.0/curator-framework-2.12.0.jar:/home/user/.m2/repository/com/sun/jersey/jersey-core/1.19/jersey-core-1.19.jar:/home/user/.m2/repository/javax/ws/rs/jsr311-api/1.1.1/jsr311-api-1.1.1.jar:/home/user/.m2/repository/com/sun/jersey/jersey-server/1.19/jersey-server-1.19.jar:/home/user/.m2/repository/javax/servlet/javax.servlet-api/3.1.0/javax.servlet-api-3.1.0.jar:/home/user/.m2/repository/org/eclipse/jetty/jetty-server/9.3.24.v20180605/jetty-server-9.3.24.v20180605.jar:/home/user/.m2/repository/org/eclipse/jetty/jetty-http/9.3.24.v20180605/jetty-http-9.3.24.v20180605.jar:/home/user/.m2/repository/org/eclipse/jetty/jetty-io/9.3.24.v20180605/jetty-io-9.3.24.v20180605.jar:/home/user/.m2/repository/org/eclipse/jetty/jetty-webapp/9.3.24.v20180605/jetty-webapp-9.3.24.v20180605.jar:/home/user/.m2/repository/org/eclipse/jetty/jetty-xml/9.3.24.v20180605/jetty-xml-9.3.24.v20180605.jar:/home/user/.m2/repository/log4j/log4j/1.2.17/log4j-1.2.17.jar:/home/user/.m2/repository/org/slf4j/slf4j-api/1.7.25/slf4j-api-1.7.25.jar:/home/user/.m2/repository/org/slf4j/jul-to-slf4j/1.7.25/jul-to-slf4j-1.7.25.jar:/home/user/.m2/repository/org/eclipse/jetty/jetty-util/9.3.24.v20180605/jetty-util-9.3.24.v20180605.jar:/home/user/.m2/repository/com/fasterxml/jackson/core/jackson-databind/2.9.5/jackson-databind-2.9.5.jar:/home/user/.m2/repository/org/apache/hadoop/hadoop-kms/3.2.0/hadoop-kms-3.2.0-tests.jar:/home/user/.m2/repository/org/apache/hadoop/hadoop-hdds-server-scm/0.5.0-SNAPSHOT/hadoop-hdds-server-scm-0.5.0-SNAPSHOT-tests.jar:/home/user/.m2/repository/org/apache/hadoop/hadoop-hdds-container-service/0.5.0-SNAPSHOT/hadoop-hdds-container-service-0.5.0-SNAPSHOT-tests.jar:/home/user/.m2/repository/org/yaml/snakeyaml/1.16/snakeyaml-1.16.jar:/home/user/.m2/repository/org/apache/hadoop/hadoop-common/3.2.0/hadoop-common-3.2.0-tests.jar:/home/user/.m2/repository/org/apache/hadoop/hadoop-annotations/3.2.0/hadoop-annotations-3.2.0.jar:/usr/lib/jvm/java-1.8-openjdk/jre/../lib/tools.jar:/home/user/.m2/repository/commons-cli/commons-cli/1.2/commons-cli-1.2.jar:/home/user/.m2/repository/org/apache/httpcomponents/httpclient/4.5.2/httpclient-4.5.2.jar:/home/user/.m2/repository/org/apache/httpcomponents/httpcore/4.4.4/httpcore-4.4.4.jar:/home/user/.m2/repository/commons-codec/commons-codec/1.11/commons-codec-1.11.jar:/home/user/.m2/repository/commons-net/commons-net/3.6/commons-net-3.6.jar:/home/user/.m2/repository/commons-collections/commons-collections/3.2.2/commons-collections-3.2.2.jar:/home/user/.m2/repository/org/eclipse/jetty/jetty-servlet/9.3.24.v20180605/jetty-servlet-9.3.24.v20180605.jar:/home/user/.m2/repository/org/eclipse/jetty/jetty-security/9.3.24.v20180605/jetty-security-9.3.24.v20180605.jar:/home/user/.m2/repository/javax/servlet/jsp/jsp-api/2.1/jsp-api-2.1.jar:/home/user/.m2/repository/com/sun/jersey/jersey-servlet/1.19/jersey-servlet-1.19.jar:/home/user/.m2/repository/com/sun/jersey/jersey-json/1.19/jersey-json-1.19.jar:/home/user/.m2/repository/org/codehaus/jettison/jettison/1.1/jettison-1.1.jar:/home/user/.m2/repository/org/codehaus/jackson/jackson-core-asl/1.9.13/jackson-core-asl-1.9.13.jar:/home/user/.m2/repository/org/codehaus/jackson/jackson-mapper-asl/1.9.13/jackson-mapper-asl-1.9.13.jar:/home/user/.m2/repository/org/codehaus/jackson/jackson-jaxrs/1.9.13/jackson-jaxrs-1.9.13.jar:/home/user/.m2/repository/org/codehaus/jackson/jackson-xc/1.9.13/jackson-xc-1.9.13.jar:/home/user/.m2/repository/commons-logging/commons-logging/1.1.3/commons-logging-1.1.3.jar:/home/user/.m2/repository/commons-beanutils/commons-beanutils/1.9.3/commons-beanutils-1.9.3.jar:/home/user/.m2/repository/org/apache/commons/commons-configuration2/2.1.1/commons-configuration2-2.1.1.jar:/home/user/.m2/repository/org/apache/commons/commons-lang3/3.7/commons-lang3-3.7.jar:/home/user/.m2/repository/org/apache/commons/commons-text/1.4/commons-text-1.4.jar:/home/user/.m2/repository/org/apache/avro/avro/1.7.7/avro-1.7.7.jar:/home/user/.m2/repository/com/thoughtworks/paranamer/paranamer/2.3/paranamer-2.3.jar:/home/user/.m2/repository/org/xerial/snappy/snappy-java/1.0.5/snappy-java-1.0.5.jar:/home/user/.m2/repository/com/google/re2j/re2j/1.1/re2j-1.1.jar:/home/user/.m2/repository/com/google/code/gson/gson/2.2.4/gson-2.2.4.jar:/home/user/.m2/repository/com/jcraft/jsch/0.1.54/jsch-0.1.54.jar:/home/user/.m2/repository/org/apache/curator/curator-client/2.12.0/curator-client-2.12.0.jar:/home/user/.m2/repository/org/apache/curator/curator-recipes/2.12.0/curator-recipes-2.12.0.jar:/home/user/.m2/repository/com/google/code/findbugs/jsr305/3.0.0/jsr305-3.0.0.jar:/home/user/.m2/repository/org/apache/htrace/htrace-core4/4.1.0-incubating/htrace-core4-4.1.0-incubating.jar:/home/user/.m2/repository/org/apache/zookeeper/zookeeper/3.4.13/zookeeper-3.4.13.jar:/home/user/.m2/repository/org/apache/yetus/audience-annotations/0.5.0/audience-annotations-0.5.0.jar:/home/user/.m2/repository/org/codehaus/woodstox/stax2-api/3.1.4/stax2-api-3.1.4.jar:/home/user/.m2/repository/com/fasterxml/woodstox/woodstox-core/5.0.3/woodstox-core-5.0.3.jar:/home/user/.m2/repository/dnsjava/dnsjava/2.1.7/dnsjava-2.1.7.jar:/home/user/.m2/repository/org/apache/hadoop/hadoop-hdfs/3.2.0/hadoop-hdfs-3.2.0-tests.jar:/home/user/.m2/repository/org/eclipse/jetty/jetty-util-ajax/9.3.24.v20180605/jetty-util-ajax-9.3.24.v20180605.jar:/home/user/.m2/repository/commons-daemon/commons-daemon/1.0.13/commons-daemon-1.0.13.jar:/home/user/.m2/repository/io/netty/netty/3.10.5.Final/netty-3.10.5.Final.jar:/home/user/.m2/repository/io/netty/netty-all/4.0.52.Final/netty-all-4.0.52.Final.jar:/home/user/.m2/repository/org/fusesource/leveldbjni/leveldbjni-all/1.8/leveldbjni-all-1.8.jar:"/>
    <property name="sun.cpu.endian" value="little"/>
    <property name="user.home" value="/home/user"/>
    <property name="user.language" value="en"/>
    <property name="java.specification.vendor" value="Oracle Corporation"/>
    <property name="java.home" value="/usr/lib/jvm/java-1.8-openjdk/jre"/>
    <property name="java.security.krb5.conf" value="/workdir/hadoop-ozone/integration-test/target/test-classes/krb5.conf"/>
    <property name="basedir" value="/workdir/hadoop-ozone/integration-test"/>
    <property name="file.separator" value="/"/>
    <property name="line.separator" value="&#10;"/>
    <property name="java.vm.specification.vendor" value="Oracle Corporation"/>
    <property name="java.specification.name" value="Java Platform API Specification"/>
    <property name="java.awt.graphicsenv" value="sun.awt.X11GraphicsEnvironment"/>
    <property name="surefire.real.class.path" value="/workdir/hadoop-ozone/integration-test/target/surefire/surefirebooter3957757490609957998.jar"/>
    <property name="hadoop.log.dir" value="/workdir/hadoop-ozone/integration-test/target/log"/>
    <property name="sun.boot.class.path" value="/usr/lib/jvm/java-1.8-openjdk/jre/lib/resources.jar:/usr/lib/jvm/java-1.8-openjdk/jre/lib/rt.jar:/usr/lib/jvm/java-1.8-openjdk/jre/lib/sunrsasign.jar:/usr/lib/jvm/java-1.8-openjdk/jre/lib/jsse.jar:/usr/lib/jvm/java-1.8-openjdk/jre/lib/jce.jar:/usr/lib/jvm/java-1.8-openjdk/jre/lib/charsets.jar:/usr/lib/jvm/java-1.8-openjdk/jre/lib/jfr.jar:/usr/lib/jvm/java-1.8-openjdk/jre/classes"/>
    <property name="sun.management.compiler" value="HotSpot 64-Bit Tiered Compilers"/>
    <property name="java.runtime.version" value="1.8.0_212-b04"/>
    <property name="java.net.preferIPv4Stack" value="true"/>
    <property name="user.name" value="jenkins1000"/>
    <property name="path.separator" value=":"/>
    <property name="java.security.egd" value="file:///dev/urandom"/>
    <property name="os.version" value="3.10.0-957.12.2.el7.x86_64"/>
    <property name="java.endorsed.dirs" value="/usr/lib/jvm/java-1.8-openjdk/jre/lib/endorsed"/>
    <property name="java.runtime.name" value="OpenJDK Runtime Environment"/>
    <property name="file.encoding" value="UTF-8"/>
    <property name="java.vm.name" value="OpenJDK 64-Bit Server VM"/>
    <property name="test.build.webapps" value=""/>
    <property name="localRepository" value="/home/user/.m2/repository"/>
    <property name="java.vendor.url.bug" value="https://icedtea.classpath.org/bugzilla"/>
    <property name="java.io.tmpdir" value="/tmp"/>
    <property name="require.test.libhadoop" value=""/>
    <property name="java.version" value="1.8.0_212"/>
    <property name="user.dir" value="/workdir/hadoop-ozone/integration-test"/>
    <property name="os.arch" value="amd64"/>
    <property name="java.vm.specification.name" value="Java Virtual Machine Specification"/>
    <property name="test.build.classes" value="/workdir/hadoop-ozone/integration-test/target/test-classes"/>
    <property name="java.awt.printerjob" value="sun.print.PSPrinterJob"/>
    <property name="sun.os.patch.level" value="unknown"/>
    <property name="hadoop.tmp.dir" value="/workdir/hadoop-ozone/integration-test/target/tmp"/>
    <property name="java.library.path" value="/usr/lib/jvm/java-1.8-openjdk/jre/lib/amd64/server:/usr/lib/jvm/java-1.8-openjdk/jre/lib/amd64:/usr/lib/jvm/java-1.8-openjdk/jre/../lib/amd64:/workdir/hadoop-ozone/integration-test/target/native/target/usr/local/lib:/workdir/hadoop-ozone/integration-test/../../hadoop-common-project/hadoop-common/target/native/target/usr/local/lib:/usr/java/packages/lib/amd64:/usr/lib64:/lib64:/lib:/usr/lib"/>
    <property name="java.vm.info" value="mixed mode"/>
    <property name="java.vendor" value="IcedTea"/>
    <property name="java.vm.version" value="25.212-b04"/>
    <property name="java.ext.dirs" value="/usr/lib/jvm/java-1.8-openjdk/jre/lib/ext:/usr/java/packages/lib/ext"/>
    <property name="sun.io.unicode.encoding" value="UnicodeLittle"/>
    <property name="java.class.version" value="52.0"/>
  </properties>
  <testcase name="testReleaseBuffers" classname="org.apache.hadoop.ozone.client.rpc.TestCommitWatcher" time="11.171"/>
  <testcase name="testReleaseBuffersOnException" classname="org.apache.hadoop.ozone.client.rpc.TestCommitWatcher" time="19.849">
    <failure type="java.lang.AssertionError">java.lang.AssertionError
	at org.junit.Assert.fail(Assert.java:86)
	at org.junit.Assert.assertTrue(Assert.java:41)
	at org.junit.Assert.assertTrue(Assert.java:52)
	at org.apache.hadoop.ozone.client.rpc.TestCommitWatcher.testReleaseBuffersOnException(TestCommitWatcher.java:284)
	at sun.reflect.NativeMethodAccessorImpl.invoke0(Native Method)
	at sun.reflect.NativeMethodAccessorImpl.invoke(NativeMethodAccessorImpl.java:62)
	at sun.reflect.DelegatingMethodAccessorImpl.invoke(DelegatingMethodAccessorImpl.java:43)
	at java.lang.reflect.Method.invoke(Method.java:498)
	at org.junit.runners.model.FrameworkMethod$1.runReflectiveCall(FrameworkMethod.java:47)
	at org.junit.internal.runners.model.ReflectiveCallable.run(ReflectiveCallable.java:12)
	at org.junit.runners.model.FrameworkMethod.invokeExplosively(FrameworkMethod.java:44)
	at org.junit.internal.runners.statements.InvokeMethod.evaluate(InvokeMethod.java:17)
	at org.junit.runners.ParentRunner.runLeaf(ParentRunner.java:271)
	at org.junit.runners.BlockJUnit4ClassRunner.runChild(BlockJUnit4ClassRunner.java:70)
	at org.junit.runners.BlockJUnit4ClassRunner.runChild(BlockJUnit4ClassRunner.java:50)
	at org.junit.runners.ParentRunner$3.run(ParentRunner.java:238)
	at org.junit.runners.ParentRunner$1.schedule(ParentRunner.java:63)
	at org.junit.runners.ParentRunner.runChildren(ParentRunner.java:236)
	at org.junit.runners.ParentRunner.access$000(ParentRunner.java:53)
	at org.junit.runners.ParentRunner$2.evaluate(ParentRunner.java:229)
	at org.junit.internal.runners.statements.RunBefores.evaluate(RunBefores.java:26)
	at org.junit.internal.runners.statements.RunAfters.evaluate(RunAfters.java:27)
	at org.junit.runners.ParentRunner.run(ParentRunner.java:309)
	at org.apache.maven.surefire.junit4.JUnit4Provider.execute(JUnit4Provider.java:365)
	at org.apache.maven.surefire.junit4.JUnit4Provider.executeWithRerun(JUnit4Provider.java:273)
	at org.apache.maven.surefire.junit4.JUnit4Provider.executeTestSet(JUnit4Provider.java:238)
	at org.apache.maven.surefire.junit4.JUnit4Provider.invoke(JUnit4Provider.java:159)
	at org.apache.maven.surefire.booter.ForkedBooter.invokeProviderInSameClassLoader(ForkedBooter.java:384)
	at org.apache.maven.surefire.booter.ForkedBooter.runSuitesInProcess(ForkedBooter.java:345)
	at org.apache.maven.surefire.booter.ForkedBooter.execute(ForkedBooter.java:126)
	at org.apache.maven.surefire.booter.ForkedBooter.main(ForkedBooter.java:418)
</failure>
    <system-out><![CDATA[2019-08-29 22:15:16,478 [grpc-default-executor-2] INFO  client.GrpcClientProtocolClient (GrpcClientProtocolClient.java:onNext(255)) - client-009E0B8F7BFD->fe46ac88-0177-4d89-936b-4240eb483fdb: receive RaftClientReply:client-009E0B8F7BFD->fe46ac88-0177-4d89-936b-4240eb483fdb@group-81F4D3615B43, cid=17, FAILED org.apache.ratis.protocol.NotLeaderException: Server fe46ac88-0177-4d89-936b-4240eb483fdb is not the leader (null). Request must be sent to leader., logIndex=0, commits[fe46ac88-0177-4d89-936b-4240eb483fdb:c-1]
2019-08-29 22:15:16,962 | INFO  | SCMAudit | user=jenkins1000 | ip=192.168.34.49 | op=SEND_HEARTBEAT {datanodeUUID=edf6df82-bf71-4b14-aaf5-54b696e49e7d, command=[]} | ret=SUCCESS |  
2019-08-29 22:15:16,971 | INFO  | SCMAudit | user=jenkins1000 | ip=192.168.34.49 | op=SEND_HEARTBEAT {datanodeUUID=69199a0c-562d-44ec-811d-ad45c508d5af, command=[]} | ret=SUCCESS |  
2019-08-29 22:15:17,049 | INFO  | SCMAudit | user=jenkins1000 | ip=192.168.34.49 | op=SEND_HEARTBEAT {datanodeUUID=1b25c8cd-0327-45f6-b05a-14552475cf70, command=[]} | ret=SUCCESS |  
2019-08-29 22:15:17,135 | INFO  | SCMAudit | user=jenkins1000 | ip=192.168.34.49 | op=SEND_HEARTBEAT {datanodeUUID=79503922-c704-4438-b874-f28436e706ae, command=[]} | ret=SUCCESS |  
2019-08-29 22:15:17,135 | INFO  | SCMAudit | user=jenkins1000 | ip=192.168.34.49 | op=SEND_HEARTBEAT {datanodeUUID=5166ff44-b289-4f1e-9dd4-cd5365826550, command=[]} | ret=SUCCESS |  
2019-08-29 22:15:17,248 | INFO  | SCMAudit | user=jenkins1000 | ip=192.168.34.49 | op=SEND_HEARTBEAT {datanodeUUID=76d98288-64e6-494f-8cdd-307803370686, command=[]} | ret=SUCCESS |  
2019-08-29 22:15:17,402 | INFO  | SCMAudit | user=jenkins1000 | ip=192.168.34.49 | op=SEND_HEARTBEAT {datanodeUUID=fe46ac88-0177-4d89-936b-4240eb483fdb, command=[]} | ret=SUCCESS |  
2019-08-29 22:15:17,517 [grpc-default-executor-0] INFO  client.GrpcClientProtocolClient (GrpcClientProtocolClient.java:onNext(255)) - client-009E0B8F7BFD->edf6df82-bf71-4b14-aaf5-54b696e49e7d: receive RaftClientReply:client-009E0B8F7BFD->edf6df82-bf71-4b14-aaf5-54b696e49e7d@group-81F4D3615B43, cid=17, FAILED org.apache.ratis.protocol.NotLeaderException: Server edf6df82-bf71-4b14-aaf5-54b696e49e7d is not the leader (null). Request must be sent to leader., logIndex=0, commits[edf6df82-bf71-4b14-aaf5-54b696e49e7d:c-1, fe46ac88-0177-4d89-936b-4240eb483fdb:c-1, 69199a0c-562d-44ec-811d-ad45c508d5af:c-1]
2019-08-29 22:15:17,961 | INFO  | SCMAudit | user=jenkins1000 | ip=192.168.34.49 | op=SEND_HEARTBEAT {datanodeUUID=edf6df82-bf71-4b14-aaf5-54b696e49e7d, command=[]} | ret=SUCCESS |  
2019-08-29 22:15:17,971 | INFO  | SCMAudit | user=jenkins1000 | ip=192.168.34.49 | op=SEND_HEARTBEAT {datanodeUUID=69199a0c-562d-44ec-811d-ad45c508d5af, command=[]} | ret=SUCCESS |  
2019-08-29 22:15:18,049 | INFO  | SCMAudit | user=jenkins1000 | ip=192.168.34.49 | op=SEND_HEARTBEAT {datanodeUUID=1b25c8cd-0327-45f6-b05a-14552475cf70, command=[]} | ret=SUCCESS |  
2019-08-29 22:15:18,134 | INFO  | SCMAudit | user=jenkins1000 | ip=192.168.34.49 | op=SEND_HEARTBEAT {datanodeUUID=5166ff44-b289-4f1e-9dd4-cd5365826550, command=[]} | ret=SUCCESS |  
2019-08-29 22:15:18,135 | INFO  | SCMAudit | user=jenkins1000 | ip=192.168.34.49 | op=SEND_HEARTBEAT {datanodeUUID=79503922-c704-4438-b874-f28436e706ae, command=[]} | ret=SUCCESS |  
2019-08-29 22:15:18,247 | INFO  | SCMAudit | user=jenkins1000 | ip=192.168.34.49 | op=SEND_HEARTBEAT {datanodeUUID=76d98288-64e6-494f-8cdd-307803370686, command=[]} | ret=SUCCESS |  
2019-08-29 22:15:18,402 | INFO  | SCMAudit | user=jenkins1000 | ip=192.168.34.49 | op=SEND_HEARTBEAT {datanodeUUID=fe46ac88-0177-4d89-936b-4240eb483fdb, command=[]} | ret=SUCCESS |  
2019-08-29 22:15:18,548 [grpc-default-executor-2] INFO  client.GrpcClientProtocolClient (GrpcClientProtocolClient.java:onNext(255)) - client-009E0B8F7BFD->fe46ac88-0177-4d89-936b-4240eb483fdb: receive RaftClientReply:client-009E0B8F7BFD->fe46ac88-0177-4d89-936b-4240eb483fdb@group-81F4D3615B43, cid=17, FAILED org.apache.ratis.protocol.NotLeaderException: Server fe46ac88-0177-4d89-936b-4240eb483fdb is not the leader (null). Request must be sent to leader., logIndex=0, commits[fe46ac88-0177-4d89-936b-4240eb483fdb:c-1]
2019-08-29 22:15:18,961 | INFO  | SCMAudit | user=jenkins1000 | ip=192.168.34.49 | op=SEND_HEARTBEAT {datanodeUUID=edf6df82-bf71-4b14-aaf5-54b696e49e7d, command=[]} | ret=SUCCESS |  
2019-08-29 22:15:18,972 | INFO  | SCMAudit | user=jenkins1000 | ip=192.168.34.49 | op=SEND_HEARTBEAT {datanodeUUID=69199a0c-562d-44ec-811d-ad45c508d5af, command=[]} | ret=SUCCESS |  
2019-08-29 22:15:19,050 | INFO  | SCMAudit | user=jenkins1000 | ip=192.168.34.49 | op=SEND_HEARTBEAT {datanodeUUID=1b25c8cd-0327-45f6-b05a-14552475cf70, command=[]} | ret=SUCCESS |  
2019-08-29 22:15:19,135 | INFO  | SCMAudit | user=jenkins1000 | ip=192.168.34.49 | op=SEND_HEARTBEAT {datanodeUUID=5166ff44-b289-4f1e-9dd4-cd5365826550, command=[]} | ret=SUCCESS |  
2019-08-29 22:15:19,135 | INFO  | SCMAudit | user=jenkins1000 | ip=192.168.34.49 | op=SEND_HEARTBEAT {datanodeUUID=79503922-c704-4438-b874-f28436e706ae, command=[]} | ret=SUCCESS |  
2019-08-29 22:15:19,248 | INFO  | SCMAudit | user=jenkins1000 | ip=192.168.34.49 | op=SEND_HEARTBEAT {datanodeUUID=76d98288-64e6-494f-8cdd-307803370686, command=[]} | ret=SUCCESS |  
2019-08-29 22:15:19,403 | INFO  | SCMAudit | user=jenkins1000 | ip=192.168.34.49 | op=SEND_HEARTBEAT {datanodeUUID=fe46ac88-0177-4d89-936b-4240eb483fdb, command=[]} | ret=SUCCESS |  
2019-08-29 22:15:19,596 [grpc-default-executor-2] INFO  client.GrpcClientProtocolClient (GrpcClientProtocolClient.java:onNext(255)) - client-009E0B8F7BFD->69199a0c-562d-44ec-811d-ad45c508d5af: receive RaftClientReply:client-009E0B8F7BFD->69199a0c-562d-44ec-811d-ad45c508d5af@group-81F4D3615B43, cid=17, FAILED org.apache.ratis.protocol.NotLeaderException: Server 69199a0c-562d-44ec-811d-ad45c508d5af is not the leader (null). Request must be sent to leader., logIndex=0, commits[69199a0c-562d-44ec-811d-ad45c508d5af:c-1]
2019-08-29 22:15:19,962 | INFO  | SCMAudit | user=jenkins1000 | ip=192.168.34.49 | op=SEND_HEARTBEAT {datanodeUUID=edf6df82-bf71-4b14-aaf5-54b696e49e7d, command=[]} | ret=SUCCESS |  
2019-08-29 22:15:19,972 | INFO  | SCMAudit | user=jenkins1000 | ip=192.168.34.49 | op=SEND_HEARTBEAT {datanodeUUID=69199a0c-562d-44ec-811d-ad45c508d5af, command=[]} | ret=SUCCESS |  
2019-08-29 22:15:20,050 | INFO  | SCMAudit | user=jenkins1000 | ip=192.168.34.49 | op=SEND_HEARTBEAT {datanodeUUID=1b25c8cd-0327-45f6-b05a-14552475cf70, command=[]} | ret=SUCCESS |  
2019-08-29 22:15:20,134 | INFO  | SCMAudit | user=jenkins1000 | ip=192.168.34.49 | op=SEND_HEARTBEAT {datanodeUUID=5166ff44-b289-4f1e-9dd4-cd5365826550, command=[]} | ret=SUCCESS |  
2019-08-29 22:15:20,136 | INFO  | SCMAudit | user=jenkins1000 | ip=192.168.34.49 | op=SEND_HEARTBEAT {datanodeUUID=79503922-c704-4438-b874-f28436e706ae, command=[]} | ret=SUCCESS |  
2019-08-29 22:15:20,247 | INFO  | SCMAudit | user=jenkins1000 | ip=192.168.34.49 | op=SEND_HEARTBEAT {datanodeUUID=76d98288-64e6-494f-8cdd-307803370686, command=[]} | ret=SUCCESS |  
2019-08-29 22:15:20,323 [Thread-373] INFO  impl.FollowerState (FollowerState.java:run(106)) - fe46ac88-0177-4d89-936b-4240eb483fdb:group-81F4D3615B43 changes to CANDIDATE, lastRpcTime:5007, electionTimeout:5004ms
2019-08-29 22:15:20,323 [Thread-373] INFO  impl.RoleInfo (RoleInfo.java:shutdownFollowerState(121)) - fe46ac88-0177-4d89-936b-4240eb483fdb: shutdown FollowerState
2019-08-29 22:15:20,323 [Thread-373] INFO  impl.RaftServerImpl (RaftServerImpl.java:setRole(171)) - fe46ac88-0177-4d89-936b-4240eb483fdb:group-81F4D3615B43 changes role from FOLLOWER to CANDIDATE at term 3 for changeToCandidate
2019-08-29 22:15:20,324 [Thread-373] INFO  impl.RoleInfo (RoleInfo.java:updateAndGet(143)) - fe46ac88-0177-4d89-936b-4240eb483fdb: start LeaderElection
2019-08-29 22:15:20,336 [Thread-374] INFO  impl.FollowerState (FollowerState.java:run(106)) - 69199a0c-562d-44ec-811d-ad45c508d5af:group-81F4D3615B43 changes to CANDIDATE, lastRpcTime:5015, electionTimeout:5013ms
2019-08-29 22:15:20,336 [Thread-374] INFO  impl.RoleInfo (RoleInfo.java:shutdownFollowerState(121)) - 69199a0c-562d-44ec-811d-ad45c508d5af: shutdown FollowerState
2019-08-29 22:15:20,336 [Thread-374] INFO  impl.RaftServerImpl (RaftServerImpl.java:setRole(171)) - 69199a0c-562d-44ec-811d-ad45c508d5af:group-81F4D3615B43 changes role from FOLLOWER to CANDIDATE at term 3 for changeToCandidate
2019-08-29 22:15:20,336 [Thread-374] INFO  impl.RoleInfo (RoleInfo.java:updateAndGet(143)) - 69199a0c-562d-44ec-811d-ad45c508d5af: start LeaderElection
2019-08-29 22:15:20,354 [fe46ac88-0177-4d89-936b-4240eb483fdb:group-81F4D3615B43:LeaderElection17] INFO  impl.LeaderElection (LeaderElection.java:askForVotes(181)) - fe46ac88-0177-4d89-936b-4240eb483fdb:group-81F4D3615B43:LeaderElection17: begin an election at term 4 for -1: [edf6df82-bf71-4b14-aaf5-54b696e49e7d:192.168.34.49:36054, fe46ac88-0177-4d89-936b-4240eb483fdb:192.168.34.49:33680, 69199a0c-562d-44ec-811d-ad45c508d5af:192.168.34.49:34410], old=null
2019-08-29 22:15:20,354 [69199a0c-562d-44ec-811d-ad45c508d5af:group-81F4D3615B43:LeaderElection18] INFO  impl.LeaderElection (LeaderElection.java:askForVotes(181)) - 69199a0c-562d-44ec-811d-ad45c508d5af:group-81F4D3615B43:LeaderElection18: begin an election at term 4 for -1: [edf6df82-bf71-4b14-aaf5-54b696e49e7d:192.168.34.49:36054, fe46ac88-0177-4d89-936b-4240eb483fdb:192.168.34.49:33680, 69199a0c-562d-44ec-811d-ad45c508d5af:192.168.34.49:34410], old=null
2019-08-29 22:15:20,359 [grpc-default-executor-0] INFO  impl.RaftServerImpl (RaftServerImpl.java:setRole(171)) - edf6df82-bf71-4b14-aaf5-54b696e49e7d:group-81F4D3615B43 changes role from FOLLOWER to FOLLOWER at term 4 for recognizeCandidate:69199a0c-562d-44ec-811d-ad45c508d5af
2019-08-29 22:15:20,360 [grpc-default-executor-0] INFO  impl.RoleInfo (RoleInfo.java:shutdownFollowerState(121)) - edf6df82-bf71-4b14-aaf5-54b696e49e7d: shutdown FollowerState
2019-08-29 22:15:20,360 [grpc-default-executor-0] INFO  impl.RoleInfo (RoleInfo.java:updateAndGet(143)) - edf6df82-bf71-4b14-aaf5-54b696e49e7d: start FollowerState
2019-08-29 22:15:20,360 [Thread-372] INFO  impl.FollowerState (FollowerState.java:run(114)) - edf6df82-bf71-4b14-aaf5-54b696e49e7d: FollowerState was interrupted: java.lang.InterruptedException: sleep interrupted
2019-08-29 22:15:20,379 [grpc-default-executor-2] INFO  impl.RaftServerImpl (RaftServerImpl.java:setRole(171)) - edf6df82-bf71-4b14-aaf5-54b696e49e7d:group-81F4D3615B43 changes role from FOLLOWER to FOLLOWER at term 4 for recognizeCandidate:fe46ac88-0177-4d89-936b-4240eb483fdb
2019-08-29 22:15:20,380 [grpc-default-executor-2] INFO  impl.RoleInfo (RoleInfo.java:shutdownFollowerState(121)) - edf6df82-bf71-4b14-aaf5-54b696e49e7d: shutdown FollowerState
2019-08-29 22:15:20,380 [Thread-428] INFO  impl.FollowerState (FollowerState.java:run(114)) - edf6df82-bf71-4b14-aaf5-54b696e49e7d: FollowerState was interrupted: java.lang.InterruptedException: sleep interrupted
2019-08-29 22:15:20,380 [grpc-default-executor-2] INFO  impl.RoleInfo (RoleInfo.java:updateAndGet(143)) - edf6df82-bf71-4b14-aaf5-54b696e49e7d: start FollowerState
2019-08-29 22:15:20,384 [69199a0c-562d-44ec-811d-ad45c508d5af:group-81F4D3615B43:LeaderElection18] INFO  impl.LeaderElection (LeaderElection.java:logAndReturn(56)) - 69199a0c-562d-44ec-811d-ad45c508d5af:group-81F4D3615B43:LeaderElection18: Election REJECTED; received 2 response(s) [69199a0c-562d-44ec-811d-ad45c508d5af<-edf6df82-bf71-4b14-aaf5-54b696e49e7d#0:FAIL-t4, 69199a0c-562d-44ec-811d-ad45c508d5af<-fe46ac88-0177-4d89-936b-4240eb483fdb#0:FAIL-t4] and 0 exception(s); 69199a0c-562d-44ec-811d-ad45c508d5af:t4, leader=null, voted=69199a0c-562d-44ec-811d-ad45c508d5af, raftlog=69199a0c-562d-44ec-811d-ad45c508d5af-SegmentedRaftLog:OPENED:c-1,f-1,i0, conf=-1: [edf6df82-bf71-4b14-aaf5-54b696e49e7d:192.168.34.49:36054, fe46ac88-0177-4d89-936b-4240eb483fdb:192.168.34.49:33680, 69199a0c-562d-44ec-811d-ad45c508d5af:192.168.34.49:34410], old=null
2019-08-29 22:15:20,384 [fe46ac88-0177-4d89-936b-4240eb483fdb:group-81F4D3615B43:LeaderElection17] INFO  impl.LeaderElection (LeaderElection.java:logAndReturn(56)) - fe46ac88-0177-4d89-936b-4240eb483fdb:group-81F4D3615B43:LeaderElection17: Election REJECTED; received 2 response(s) [fe46ac88-0177-4d89-936b-4240eb483fdb<-edf6df82-bf71-4b14-aaf5-54b696e49e7d#0:FAIL-t4, fe46ac88-0177-4d89-936b-4240eb483fdb<-69199a0c-562d-44ec-811d-ad45c508d5af#0:FAIL-t4] and 0 exception(s); fe46ac88-0177-4d89-936b-4240eb483fdb:t4, leader=null, voted=fe46ac88-0177-4d89-936b-4240eb483fdb, raftlog=fe46ac88-0177-4d89-936b-4240eb483fdb-SegmentedRaftLog:OPENED:c-1,f-1,i0, conf=-1: [edf6df82-bf71-4b14-aaf5-54b696e49e7d:192.168.34.49:36054, fe46ac88-0177-4d89-936b-4240eb483fdb:192.168.34.49:33680, 69199a0c-562d-44ec-811d-ad45c508d5af:192.168.34.49:34410], old=null
2019-08-29 22:15:20,384 [69199a0c-562d-44ec-811d-ad45c508d5af:group-81F4D3615B43:LeaderElection18] INFO  impl.RaftServerImpl (RaftServerImpl.java:setRole(171)) - 69199a0c-562d-44ec-811d-ad45c508d5af:group-81F4D3615B43 changes role from CANDIDATE to FOLLOWER at term 4 for DISCOVERED_A_NEW_TERM
2019-08-29 22:15:20,389 [69199a0c-562d-44ec-811d-ad45c508d5af:group-81F4D3615B43:LeaderElection18] INFO  impl.RoleInfo (RoleInfo.java:shutdownLeaderElection(134)) - 69199a0c-562d-44ec-811d-ad45c508d5af: shutdown LeaderElection
2019-08-29 22:15:20,386 [fe46ac88-0177-4d89-936b-4240eb483fdb:group-81F4D3615B43:LeaderElection17] INFO  impl.RaftServerImpl (RaftServerImpl.java:setRole(171)) - fe46ac88-0177-4d89-936b-4240eb483fdb:group-81F4D3615B43 changes role from CANDIDATE to FOLLOWER at term 4 for DISCOVERED_A_NEW_TERM
2019-08-29 22:15:20,389 [69199a0c-562d-44ec-811d-ad45c508d5af:group-81F4D3615B43:LeaderElection18] INFO  impl.RoleInfo (RoleInfo.java:updateAndGet(143)) - 69199a0c-562d-44ec-811d-ad45c508d5af: start FollowerState
2019-08-29 22:15:20,389 [fe46ac88-0177-4d89-936b-4240eb483fdb:group-81F4D3615B43:LeaderElection17] INFO  impl.RoleInfo (RoleInfo.java:shutdownLeaderElection(134)) - fe46ac88-0177-4d89-936b-4240eb483fdb: shutdown LeaderElection
2019-08-29 22:15:20,391 [fe46ac88-0177-4d89-936b-4240eb483fdb:group-81F4D3615B43:LeaderElection17] INFO  impl.RoleInfo (RoleInfo.java:updateAndGet(143)) - fe46ac88-0177-4d89-936b-4240eb483fdb: start FollowerState
2019-08-29 22:15:20,404 | INFO  | SCMAudit | user=jenkins1000 | ip=192.168.34.49 | op=SEND_HEARTBEAT {datanodeUUID=fe46ac88-0177-4d89-936b-4240eb483fdb, command=[]} | ret=SUCCESS |  
2019-08-29 22:15:20,632 [grpc-default-executor-0] INFO  client.GrpcClientProtocolClient (GrpcClientProtocolClient.java:onNext(255)) - client-009E0B8F7BFD->edf6df82-bf71-4b14-aaf5-54b696e49e7d: receive RaftClientReply:client-009E0B8F7BFD->edf6df82-bf71-4b14-aaf5-54b696e49e7d@group-81F4D3615B43, cid=17, FAILED org.apache.ratis.protocol.NotLeaderException: Server edf6df82-bf71-4b14-aaf5-54b696e49e7d is not the leader (null). Request must be sent to leader., logIndex=0, commits[edf6df82-bf71-4b14-aaf5-54b696e49e7d:c-1, fe46ac88-0177-4d89-936b-4240eb483fdb:c-1, 69199a0c-562d-44ec-811d-ad45c508d5af:c-1]
2019-08-29 22:15:20,962 | INFO  | SCMAudit | user=jenkins1000 | ip=192.168.34.49 | op=SEND_HEARTBEAT {datanodeUUID=edf6df82-bf71-4b14-aaf5-54b696e49e7d, command=[]} | ret=SUCCESS |  
2019-08-29 22:15:20,972 | INFO  | SCMAudit | user=jenkins1000 | ip=192.168.34.49 | op=SEND_HEARTBEAT {datanodeUUID=69199a0c-562d-44ec-811d-ad45c508d5af, command=[]} | ret=SUCCESS |  
2019-08-29 22:15:21,051 | INFO  | SCMAudit | user=jenkins1000 | ip=192.168.34.49 | op=SEND_HEARTBEAT {datanodeUUID=1b25c8cd-0327-45f6-b05a-14552475cf70, command=[]} | ret=SUCCESS |  
2019-08-29 22:15:21,137 | INFO  | SCMAudit | user=jenkins1000 | ip=192.168.34.49 | op=SEND_HEARTBEAT {datanodeUUID=79503922-c704-4438-b874-f28436e706ae, command=[]} | ret=SUCCESS |  
2019-08-29 22:15:21,137 | INFO  | SCMAudit | user=jenkins1000 | ip=192.168.34.49 | op=SEND_HEARTBEAT {datanodeUUID=5166ff44-b289-4f1e-9dd4-cd5365826550, command=[]} | ret=SUCCESS |  
2019-08-29 22:15:21,248 | INFO  | SCMAudit | user=jenkins1000 | ip=192.168.34.49 | op=SEND_HEARTBEAT {datanodeUUID=76d98288-64e6-494f-8cdd-307803370686, command=[]} | ret=SUCCESS |  
2019-08-29 22:15:21,403 | INFO  | SCMAudit | user=jenkins1000 | ip=192.168.34.49 | op=SEND_HEARTBEAT {datanodeUUID=fe46ac88-0177-4d89-936b-4240eb483fdb, command=[]} | ret=SUCCESS |  
2019-08-29 22:15:21,660 [grpc-default-executor-0] INFO  client.GrpcClientProtocolClient (GrpcClientProtocolClient.java:onNext(255)) - client-009E0B8F7BFD->69199a0c-562d-44ec-811d-ad45c508d5af: receive RaftClientReply:client-009E0B8F7BFD->69199a0c-562d-44ec-811d-ad45c508d5af@group-81F4D3615B43, cid=17, FAILED org.apache.ratis.protocol.NotLeaderException: Server 69199a0c-562d-44ec-811d-ad45c508d5af is not the leader (null). Request must be sent to leader., logIndex=0, commits[69199a0c-562d-44ec-811d-ad45c508d5af:c-1]
2019-08-29 22:15:21,961 | INFO  | SCMAudit | user=jenkins1000 | ip=192.168.34.49 | op=SEND_HEARTBEAT {datanodeUUID=edf6df82-bf71-4b14-aaf5-54b696e49e7d, command=[]} | ret=SUCCESS |  
2019-08-29 22:15:21,972 | INFO  | SCMAudit | user=jenkins1000 | ip=192.168.34.49 | op=SEND_HEARTBEAT {datanodeUUID=69199a0c-562d-44ec-811d-ad45c508d5af, command=[]} | ret=SUCCESS |  
2019-08-29 22:15:22,051 | INFO  | SCMAudit | user=jenkins1000 | ip=192.168.34.49 | op=SEND_HEARTBEAT {datanodeUUID=1b25c8cd-0327-45f6-b05a-14552475cf70, command=[]} | ret=SUCCESS |  
2019-08-29 22:15:22,137 | INFO  | SCMAudit | user=jenkins1000 | ip=192.168.34.49 | op=SEND_HEARTBEAT {datanodeUUID=5166ff44-b289-4f1e-9dd4-cd5365826550, command=[]} | ret=SUCCESS |  
2019-08-29 22:15:22,137 | INFO  | SCMAudit | user=jenkins1000 | ip=192.168.34.49 | op=SEND_HEARTBEAT {datanodeUUID=79503922-c704-4438-b874-f28436e706ae, command=[]} | ret=SUCCESS |  
2019-08-29 22:15:22,248 | INFO  | SCMAudit | user=jenkins1000 | ip=192.168.34.49 | op=SEND_HEARTBEAT {datanodeUUID=76d98288-64e6-494f-8cdd-307803370686, command=[]} | ret=SUCCESS |  
2019-08-29 22:15:22,403 | INFO  | SCMAudit | user=jenkins1000 | ip=192.168.34.49 | op=SEND_HEARTBEAT {datanodeUUID=fe46ac88-0177-4d89-936b-4240eb483fdb, command=[]} | ret=SUCCESS |  
2019-08-29 22:15:22,684 [grpc-default-executor-0] INFO  client.GrpcClientProtocolClient (GrpcClientProtocolClient.java:onNext(255)) - client-009E0B8F7BFD->edf6df82-bf71-4b14-aaf5-54b696e49e7d: receive RaftClientReply:client-009E0B8F7BFD->edf6df82-bf71-4b14-aaf5-54b696e49e7d@group-81F4D3615B43, cid=17, FAILED org.apache.ratis.protocol.NotLeaderException: Server edf6df82-bf71-4b14-aaf5-54b696e49e7d is not the leader (null). Request must be sent to leader., logIndex=0, commits[edf6df82-bf71-4b14-aaf5-54b696e49e7d:c-1, fe46ac88-0177-4d89-936b-4240eb483fdb:c-1, 69199a0c-562d-44ec-811d-ad45c508d5af:c-1]
2019-08-29 22:15:22,962 | INFO  | SCMAudit | user=jenkins1000 | ip=192.168.34.49 | op=SEND_HEARTBEAT {datanodeUUID=edf6df82-bf71-4b14-aaf5-54b696e49e7d, command=[]} | ret=SUCCESS |  
2019-08-29 22:15:22,973 | INFO  | SCMAudit | user=jenkins1000 | ip=192.168.34.49 | op=SEND_HEARTBEAT {datanodeUUID=69199a0c-562d-44ec-811d-ad45c508d5af, command=[]} | ret=SUCCESS |  
2019-08-29 22:15:23,052 | INFO  | SCMAudit | user=jenkins1000 | ip=192.168.34.49 | op=SEND_HEARTBEAT {datanodeUUID=1b25c8cd-0327-45f6-b05a-14552475cf70, command=[]} | ret=SUCCESS |  
2019-08-29 22:15:23,137 | INFO  | SCMAudit | user=jenkins1000 | ip=192.168.34.49 | op=SEND_HEARTBEAT {datanodeUUID=5166ff44-b289-4f1e-9dd4-cd5365826550, command=[]} | ret=SUCCESS |  
2019-08-29 22:15:23,138 | INFO  | SCMAudit | user=jenkins1000 | ip=192.168.34.49 | op=SEND_HEARTBEAT {datanodeUUID=79503922-c704-4438-b874-f28436e706ae, command=[]} | ret=SUCCESS |  
2019-08-29 22:15:23,249 | INFO  | SCMAudit | user=jenkins1000 | ip=192.168.34.49 | op=SEND_HEARTBEAT {datanodeUUID=76d98288-64e6-494f-8cdd-307803370686, command=[]} | ret=SUCCESS |  
2019-08-29 22:15:23,403 | INFO  | SCMAudit | user=jenkins1000 | ip=192.168.34.49 | op=SEND_HEARTBEAT {datanodeUUID=fe46ac88-0177-4d89-936b-4240eb483fdb, command=[]} | ret=SUCCESS |  
2019-08-29 22:15:23,708 [grpc-default-executor-0] INFO  client.GrpcClientProtocolClient (GrpcClientProtocolClient.java:onNext(255)) - client-009E0B8F7BFD->fe46ac88-0177-4d89-936b-4240eb483fdb: receive RaftClientReply:client-009E0B8F7BFD->fe46ac88-0177-4d89-936b-4240eb483fdb@group-81F4D3615B43, cid=17, FAILED org.apache.ratis.protocol.NotLeaderException: Server fe46ac88-0177-4d89-936b-4240eb483fdb is not the leader (null). Request must be sent to leader., logIndex=0, commits[fe46ac88-0177-4d89-936b-4240eb483fdb:c-1]
2019-08-29 22:15:23,962 | INFO  | SCMAudit | user=jenkins1000 | ip=192.168.34.49 | op=SEND_HEARTBEAT {datanodeUUID=edf6df82-bf71-4b14-aaf5-54b696e49e7d, command=[]} | ret=SUCCESS |  
2019-08-29 22:15:23,973 | INFO  | SCMAudit | user=jenkins1000 | ip=192.168.34.49 | op=SEND_HEARTBEAT {datanodeUUID=69199a0c-562d-44ec-811d-ad45c508d5af, command=[]} | ret=SUCCESS |  
2019-08-29 22:15:24,051 | INFO  | SCMAudit | user=jenkins1000 | ip=192.168.34.49 | op=SEND_HEARTBEAT {datanodeUUID=1b25c8cd-0327-45f6-b05a-14552475cf70, command=[]} | ret=SUCCESS |  
2019-08-29 22:15:24,137 | INFO  | SCMAudit | user=jenkins1000 | ip=192.168.34.49 | op=SEND_HEARTBEAT {datanodeUUID=79503922-c704-4438-b874-f28436e706ae, command=[]} | ret=SUCCESS |  
2019-08-29 22:15:24,137 | INFO  | SCMAudit | user=jenkins1000 | ip=192.168.34.49 | op=SEND_HEARTBEAT {datanodeUUID=5166ff44-b289-4f1e-9dd4-cd5365826550, command=[]} | ret=SUCCESS |  
2019-08-29 22:15:24,250 | INFO  | SCMAudit | user=jenkins1000 | ip=192.168.34.49 | op=SEND_HEARTBEAT {datanodeUUID=76d98288-64e6-494f-8cdd-307803370686, command=[]} | ret=SUCCESS |  
2019-08-29 22:15:24,403 | INFO  | SCMAudit | user=jenkins1000 | ip=192.168.34.49 | op=SEND_HEARTBEAT {datanodeUUID=fe46ac88-0177-4d89-936b-4240eb483fdb, command=[]} | ret=SUCCESS |  
2019-08-29 22:15:24,750 [grpc-default-executor-0] INFO  client.GrpcClientProtocolClient (GrpcClientProtocolClient.java:onNext(255)) - client-009E0B8F7BFD->69199a0c-562d-44ec-811d-ad45c508d5af: receive RaftClientReply:client-009E0B8F7BFD->69199a0c-562d-44ec-811d-ad45c508d5af@group-81F4D3615B43, cid=17, FAILED org.apache.ratis.protocol.NotLeaderException: Server 69199a0c-562d-44ec-811d-ad45c508d5af is not the leader (null). Request must be sent to leader., logIndex=0, commits[69199a0c-562d-44ec-811d-ad45c508d5af:c-1]
2019-08-29 22:15:24,963 | INFO  | SCMAudit | user=jenkins1000 | ip=192.168.34.49 | op=SEND_HEARTBEAT {datanodeUUID=edf6df82-bf71-4b14-aaf5-54b696e49e7d, command=[]} | ret=SUCCESS |  
2019-08-29 22:15:24,974 | INFO  | SCMAudit | user=jenkins1000 | ip=192.168.34.49 | op=SEND_HEARTBEAT {datanodeUUID=69199a0c-562d-44ec-811d-ad45c508d5af, command=[]} | ret=SUCCESS |  
2019-08-29 22:15:25,052 | INFO  | SCMAudit | user=jenkins1000 | ip=192.168.34.49 | op=SEND_HEARTBEAT {datanodeUUID=1b25c8cd-0327-45f6-b05a-14552475cf70, command=[]} | ret=SUCCESS |  
2019-08-29 22:15:25,137 | INFO  | SCMAudit | user=jenkins1000 | ip=192.168.34.49 | op=SEND_HEARTBEAT {datanodeUUID=79503922-c704-4438-b874-f28436e706ae, command=[]} | ret=SUCCESS |  
2019-08-29 22:15:25,138 | INFO  | SCMAudit | user=jenkins1000 | ip=192.168.34.49 | op=SEND_HEARTBEAT {datanodeUUID=5166ff44-b289-4f1e-9dd4-cd5365826550, command=[]} | ret=SUCCESS |  
2019-08-29 22:15:25,250 | INFO  | SCMAudit | user=jenkins1000 | ip=192.168.34.49 | op=SEND_HEARTBEAT {datanodeUUID=76d98288-64e6-494f-8cdd-307803370686, command=[]} | ret=SUCCESS |  
2019-08-29 22:15:25,403 | INFO  | SCMAudit | user=jenkins1000 | ip=192.168.34.49 | op=SEND_HEARTBEAT {datanodeUUID=fe46ac88-0177-4d89-936b-4240eb483fdb, command=[]} | ret=SUCCESS |  
2019-08-29 22:15:25,442 [Thread-431] INFO  impl.FollowerState (FollowerState.java:run(106)) - fe46ac88-0177-4d89-936b-4240eb483fdb:group-81F4D3615B43 changes to CANDIDATE, lastRpcTime:5052, electionTimeout:5048ms
2019-08-29 22:15:25,442 [Thread-431] INFO  impl.RoleInfo (RoleInfo.java:shutdownFollowerState(121)) - fe46ac88-0177-4d89-936b-4240eb483fdb: shutdown FollowerState
2019-08-29 22:15:25,442 [Thread-431] INFO  impl.RaftServerImpl (RaftServerImpl.java:setRole(171)) - fe46ac88-0177-4d89-936b-4240eb483fdb:group-81F4D3615B43 changes role from FOLLOWER to CANDIDATE at term 4 for changeToCandidate
2019-08-29 22:15:25,442 [Thread-431] INFO  impl.RoleInfo (RoleInfo.java:updateAndGet(143)) - fe46ac88-0177-4d89-936b-4240eb483fdb: start LeaderElection
2019-08-29 22:15:25,460 [fe46ac88-0177-4d89-936b-4240eb483fdb:group-81F4D3615B43:LeaderElection19] INFO  impl.LeaderElection (LeaderElection.java:askForVotes(181)) - fe46ac88-0177-4d89-936b-4240eb483fdb:group-81F4D3615B43:LeaderElection19: begin an election at term 5 for -1: [edf6df82-bf71-4b14-aaf5-54b696e49e7d:192.168.34.49:36054, fe46ac88-0177-4d89-936b-4240eb483fdb:192.168.34.49:33680, 69199a0c-562d-44ec-811d-ad45c508d5af:192.168.34.49:34410], old=null
2019-08-29 22:15:25,465 [grpc-default-executor-0] INFO  impl.RaftServerImpl (RaftServerImpl.java:setRole(171)) - 69199a0c-562d-44ec-811d-ad45c508d5af:group-81F4D3615B43 changes role from FOLLOWER to FOLLOWER at term 5 for recognizeCandidate:fe46ac88-0177-4d89-936b-4240eb483fdb
2019-08-29 22:15:25,465 [grpc-default-executor-0] INFO  impl.RoleInfo (RoleInfo.java:shutdownFollowerState(121)) - 69199a0c-562d-44ec-811d-ad45c508d5af: shutdown FollowerState
2019-08-29 22:15:25,466 [grpc-default-executor-2] INFO  impl.RaftServerImpl (RaftServerImpl.java:setRole(171)) - edf6df82-bf71-4b14-aaf5-54b696e49e7d:group-81F4D3615B43 changes role from FOLLOWER to FOLLOWER at term 5 for recognizeCandidate:fe46ac88-0177-4d89-936b-4240eb483fdb
2019-08-29 22:15:25,466 [Thread-430] INFO  impl.FollowerState (FollowerState.java:run(114)) - 69199a0c-562d-44ec-811d-ad45c508d5af: FollowerState was interrupted: java.lang.InterruptedException: sleep interrupted
2019-08-29 22:15:25,466 [grpc-default-executor-2] INFO  impl.RoleInfo (RoleInfo.java:shutdownFollowerState(121)) - edf6df82-bf71-4b14-aaf5-54b696e49e7d: shutdown FollowerState
2019-08-29 22:15:25,466 [grpc-default-executor-0] INFO  impl.RoleInfo (RoleInfo.java:updateAndGet(143)) - 69199a0c-562d-44ec-811d-ad45c508d5af: start FollowerState
2019-08-29 22:15:25,469 [Thread-429] INFO  impl.FollowerState (FollowerState.java:run(114)) - edf6df82-bf71-4b14-aaf5-54b696e49e7d: FollowerState was interrupted: java.lang.InterruptedException: sleep interrupted
2019-08-29 22:15:25,469 [grpc-default-executor-2] INFO  impl.RoleInfo (RoleInfo.java:updateAndGet(143)) - edf6df82-bf71-4b14-aaf5-54b696e49e7d: start FollowerState
2019-08-29 22:15:25,478 [fe46ac88-0177-4d89-936b-4240eb483fdb:group-81F4D3615B43:LeaderElection19] INFO  impl.LeaderElection (LeaderElection.java:logAndReturn(56)) - fe46ac88-0177-4d89-936b-4240eb483fdb:group-81F4D3615B43:LeaderElection19: Election PASSED; received 2 response(s) [fe46ac88-0177-4d89-936b-4240eb483fdb<-edf6df82-bf71-4b14-aaf5-54b696e49e7d#0:FAIL-t5, fe46ac88-0177-4d89-936b-4240eb483fdb<-69199a0c-562d-44ec-811d-ad45c508d5af#0:OK-t5] and 0 exception(s); fe46ac88-0177-4d89-936b-4240eb483fdb:t5, leader=null, voted=fe46ac88-0177-4d89-936b-4240eb483fdb, raftlog=fe46ac88-0177-4d89-936b-4240eb483fdb-SegmentedRaftLog:OPENED:c-1,f-1,i0, conf=-1: [edf6df82-bf71-4b14-aaf5-54b696e49e7d:192.168.34.49:36054, fe46ac88-0177-4d89-936b-4240eb483fdb:192.168.34.49:33680, 69199a0c-562d-44ec-811d-ad45c508d5af:192.168.34.49:34410], old=null
2019-08-29 22:15:25,478 [fe46ac88-0177-4d89-936b-4240eb483fdb:group-81F4D3615B43:LeaderElection19] INFO  impl.RoleInfo (RoleInfo.java:shutdownLeaderElection(134)) - fe46ac88-0177-4d89-936b-4240eb483fdb: shutdown LeaderElection
2019-08-29 22:15:25,478 [fe46ac88-0177-4d89-936b-4240eb483fdb:group-81F4D3615B43:LeaderElection19] INFO  impl.RaftServerImpl (RaftServerImpl.java:setRole(171)) - fe46ac88-0177-4d89-936b-4240eb483fdb:group-81F4D3615B43 changes role from CANDIDATE to LEADER at term 5 for changeToLeader
2019-08-29 22:15:25,488 [fe46ac88-0177-4d89-936b-4240eb483fdb:group-81F4D3615B43:LeaderElection19] INFO  impl.RaftServerImpl (ServerState.java:setLeader(263)) - fe46ac88-0177-4d89-936b-4240eb483fdb:group-81F4D3615B43 change Leader from null to fe46ac88-0177-4d89-936b-4240eb483fdb at term 5 for becomeLeader, leader elected after 20581ms
2019-08-29 22:15:25,488 [fe46ac88-0177-4d89-936b-4240eb483fdb:group-81F4D3615B43:LeaderElection19] INFO  server.RaftServerConfigKeys (ConfUtils.java:logGet(43)) - raft.server.staging.catchup.gap = 1000 (default)
2019-08-29 22:15:25,488 [fe46ac88-0177-4d89-936b-4240eb483fdb:group-81F4D3615B43:LeaderElection19] INFO  server.RaftServerConfigKeys (ConfUtils.java:logGet(43)) - raft.server.rpc.sleep.time = 25ms (default)
2019-08-29 22:15:25,489 [fe46ac88-0177-4d89-936b-4240eb483fdb:group-81F4D3615B43:LeaderElection19] INFO  server.RaftServerConfigKeys (ConfUtils.java:logGet(43)) - raft.server.write.element-limit = 4096 (default)
2019-08-29 22:15:25,489 [fe46ac88-0177-4d89-936b-4240eb483fdb:group-81F4D3615B43:LeaderElection19] INFO  server.RaftServerConfigKeys (ConfUtils.java:logGet(43)) - raft.server.watch.timeout = 10s (default)
2019-08-29 22:15:25,489 [fe46ac88-0177-4d89-936b-4240eb483fdb:group-81F4D3615B43:LeaderElection19] INFO  server.RaftServerConfigKeys (ConfUtils.java:logGet(43)) - raft.server.watch.timeout.denomination = 1s (default)
2019-08-29 22:15:25,489 [fe46ac88-0177-4d89-936b-4240eb483fdb:group-81F4D3615B43:LeaderElection19] INFO  server.RaftServerConfigKeys (ConfUtils.java:logGet(43)) - raft.server.watch.element-limit = 65536 (default)
2019-08-29 22:15:25,490 [fe46ac88-0177-4d89-936b-4240eb483fdb:group-81F4D3615B43:LeaderElection19] INFO  server.RaftServerConfigKeys (ConfUtils.java:logGet(43)) - raft.server.log.appender.snapshot.chunk.size.max = 16MB (=16777216) (default)
2019-08-29 22:15:25,490 [fe46ac88-0177-4d89-936b-4240eb483fdb:group-81F4D3615B43:LeaderElection19] INFO  server.RaftServerConfigKeys (ConfUtils.java:logGet(43)) - raft.server.log.appender.buffer.byte-limit = 33554432 (custom)
2019-08-29 22:15:25,490 [fe46ac88-0177-4d89-936b-4240eb483fdb:group-81F4D3615B43:LeaderElection19] INFO  server.RaftServerConfigKeys (ConfUtils.java:logGet(43)) - raft.server.log.appender.buffer.element-limit = 1 (custom)
2019-08-29 22:15:25,491 [fe46ac88-0177-4d89-936b-4240eb483fdb:group-81F4D3615B43:LeaderElection19] INFO  grpc.GrpcConfigKeys$Server (ConfUtils.java:logGet(43)) - raft.grpc.server.leader.outstanding.appends.max = 128 (default)
2019-08-29 22:15:25,491 [fe46ac88-0177-4d89-936b-4240eb483fdb:group-81F4D3615B43:LeaderElection19] INFO  server.RaftServerConfigKeys (ConfUtils.java:logGet(43)) - raft.server.rpc.request.timeout = 3000ms (default)
2019-08-29 22:15:25,491 [fe46ac88-0177-4d89-936b-4240eb483fdb:group-81F4D3615B43:LeaderElection19] INFO  server.RaftServerConfigKeys (ConfUtils.java:logGet(43)) - raft.server.log.appender.install.snapshot.enabled = false (custom)
2019-08-29 22:15:25,491 [fe46ac88-0177-4d89-936b-4240eb483fdb:group-81F4D3615B43:LeaderElection19] INFO  server.RaftServerConfigKeys (ConfUtils.java:logGet(43)) - raft.server.log.appender.snapshot.chunk.size.max = 16MB (=16777216) (default)
2019-08-29 22:15:25,492 [fe46ac88-0177-4d89-936b-4240eb483fdb:group-81F4D3615B43:LeaderElection19] INFO  server.RaftServerConfigKeys (ConfUtils.java:logGet(43)) - raft.server.log.appender.buffer.byte-limit = 33554432 (custom)
2019-08-29 22:15:25,492 [fe46ac88-0177-4d89-936b-4240eb483fdb:group-81F4D3615B43:LeaderElection19] INFO  server.RaftServerConfigKeys (ConfUtils.java:logGet(43)) - raft.server.log.appender.buffer.element-limit = 1 (custom)
2019-08-29 22:15:25,492 [fe46ac88-0177-4d89-936b-4240eb483fdb:group-81F4D3615B43:LeaderElection19] INFO  grpc.GrpcConfigKeys$Server (ConfUtils.java:logGet(43)) - raft.grpc.server.leader.outstanding.appends.max = 128 (default)
2019-08-29 22:15:25,492 [fe46ac88-0177-4d89-936b-4240eb483fdb:group-81F4D3615B43:LeaderElection19] INFO  server.RaftServerConfigKeys (ConfUtils.java:logGet(43)) - raft.server.rpc.request.timeout = 3000ms (default)
2019-08-29 22:15:25,492 [fe46ac88-0177-4d89-936b-4240eb483fdb:group-81F4D3615B43:LeaderElection19] INFO  server.RaftServerConfigKeys (ConfUtils.java:logGet(43)) - raft.server.log.appender.install.snapshot.enabled = false (custom)
2019-08-29 22:15:25,493 [fe46ac88-0177-4d89-936b-4240eb483fdb:group-81F4D3615B43:LeaderElection19] INFO  impl.RoleInfo (RoleInfo.java:updateAndGet(143)) - fe46ac88-0177-4d89-936b-4240eb483fdb: start LeaderState
2019-08-29 22:15:25,493 [fe46ac88-0177-4d89-936b-4240eb483fdb:group-81F4D3615B43:LeaderElection19] INFO  segmented.SegmentedRaftLogWorker (SegmentedRaftLogWorker.java:startLogSegment(380)) - fe46ac88-0177-4d89-936b-4240eb483fdb-SegmentedRaftLogWorker:Storage Directory /workdir/hadoop-ozone/integration-test/target/test-dir/MiniOzoneClusterImpl-0d05a71f-8f39-424d-8324-47f80402229e/datanode-6/data/ratis/5ecd73c7-1606-4465-af9b-81f4d3615b43: Starting segment from index:0
2019-08-29 22:15:25,495 [fe46ac88-0177-4d89-936b-4240eb483fdb:group-81F4D3615B43:LeaderElection19] INFO  impl.RaftServerImpl (ServerState.java:setRaftConf(361)) - fe46ac88-0177-4d89-936b-4240eb483fdb:group-81F4D3615B43 set configuration 0: [edf6df82-bf71-4b14-aaf5-54b696e49e7d:192.168.34.49:36054, fe46ac88-0177-4d89-936b-4240eb483fdb:192.168.34.49:33680, 69199a0c-562d-44ec-811d-ad45c508d5af:192.168.34.49:34410], old=null at 0
2019-08-29 22:15:25,498 [grpc-default-executor-0] INFO  impl.RaftServerImpl (ServerState.java:setLeader(263)) - edf6df82-bf71-4b14-aaf5-54b696e49e7d:group-81F4D3615B43 change Leader from null to fe46ac88-0177-4d89-936b-4240eb483fdb at term 5 for appendEntries, leader elected after 15354ms
2019-08-29 22:15:25,499 [grpc-default-executor-0] INFO  impl.RaftServerImpl (ServerState.java:setLeader(263)) - 69199a0c-562d-44ec-811d-ad45c508d5af:group-81F4D3615B43 change Leader from null to fe46ac88-0177-4d89-936b-4240eb483fdb at term 5 for appendEntries, leader elected after 20591ms
2019-08-29 22:15:25,502 [grpc-default-executor-0] INFO  impl.RaftServerImpl (ServerState.java:setRaftConf(361)) - edf6df82-bf71-4b14-aaf5-54b696e49e7d:group-81F4D3615B43 set configuration 0: [edf6df82-bf71-4b14-aaf5-54b696e49e7d:192.168.34.49:36054, fe46ac88-0177-4d89-936b-4240eb483fdb:192.168.34.49:33680, 69199a0c-562d-44ec-811d-ad45c508d5af:192.168.34.49:34410], old=null at 0
2019-08-29 22:15:25,503 [grpc-default-executor-2] INFO  impl.RaftServerImpl (ServerState.java:setRaftConf(361)) - 69199a0c-562d-44ec-811d-ad45c508d5af:group-81F4D3615B43 set configuration 0: [edf6df82-bf71-4b14-aaf5-54b696e49e7d:192.168.34.49:36054, fe46ac88-0177-4d89-936b-4240eb483fdb:192.168.34.49:33680, 69199a0c-562d-44ec-811d-ad45c508d5af:192.168.34.49:34410], old=null at 0
2019-08-29 22:15:25,503 [grpc-default-executor-2] INFO  segmented.SegmentedRaftLogWorker (SegmentedRaftLogWorker.java:startLogSegment(380)) - 69199a0c-562d-44ec-811d-ad45c508d5af-SegmentedRaftLogWorker:Storage Directory /workdir/hadoop-ozone/integration-test/target/test-dir/MiniOzoneClusterImpl-0d05a71f-8f39-424d-8324-47f80402229e/datanode-0/data/ratis/5ecd73c7-1606-4465-af9b-81f4d3615b43: Starting segment from index:0
2019-08-29 22:15:25,507 [grpc-default-executor-0] INFO  segmented.SegmentedRaftLogWorker (SegmentedRaftLogWorker.java:truncate(396)) - edf6df82-bf71-4b14-aaf5-54b696e49e7d-SegmentedRaftLogWorker:Storage Directory /workdir/hadoop-ozone/integration-test/target/test-dir/MiniOzoneClusterImpl-0d05a71f-8f39-424d-8324-47f80402229e/datanode-4/data/ratis/5ecd73c7-1606-4465-af9b-81f4d3615b43: Truncating segments toTruncate: null
  toDelete: [(0, 0) isOpen? true, length=0, newEndIndex=-1], start index 0
2019-08-29 22:15:25,508 [grpc-default-executor-0] INFO  segmented.SegmentedRaftLogWorker (SegmentedRaftLogWorker.java:startLogSegment(380)) - edf6df82-bf71-4b14-aaf5-54b696e49e7d-SegmentedRaftLogWorker:Storage Directory /workdir/hadoop-ozone/integration-test/target/test-dir/MiniOzoneClusterImpl-0d05a71f-8f39-424d-8324-47f80402229e/datanode-4/data/ratis/5ecd73c7-1606-4465-af9b-81f4d3615b43: Starting segment from index:0
2019-08-29 22:15:25,512 [edf6df82-bf71-4b14-aaf5-54b696e49e7d-SegmentedRaftLogWorker:Storage Directory /workdir/hadoop-ozone/integration-test/target/test-dir/MiniOzoneClusterImpl-0d05a71f-8f39-424d-8324-47f80402229e/datanode-4/data/ratis/5ecd73c7-1606-4465-af9b-81f4d3615b43] INFO  segmented.SegmentedRaftLogWorker (SegmentedRaftLogWorker.java:execute(633)) - edf6df82-bf71-4b14-aaf5-54b696e49e7d-SegmentedRaftLogWorker:Storage Directory /workdir/hadoop-ozone/integration-test/target/test-dir/MiniOzoneClusterImpl-0d05a71f-8f39-424d-8324-47f80402229e/datanode-4/data/ratis/5ecd73c7-1606-4465-af9b-81f4d3615b43: Deleted log file /workdir/hadoop-ozone/integration-test/target/test-dir/MiniOzoneClusterImpl-0d05a71f-8f39-424d-8324-47f80402229e/datanode-4/data/ratis/5ecd73c7-1606-4465-af9b-81f4d3615b43/current/log_inprogress_0
2019-08-29 22:15:25,513 [edf6df82-bf71-4b14-aaf5-54b696e49e7d-SegmentedRaftLogWorker:Storage Directory /workdir/hadoop-ozone/integration-test/target/test-dir/MiniOzoneClusterImpl-0d05a71f-8f39-424d-8324-47f80402229e/datanode-4/data/ratis/5ecd73c7-1606-4465-af9b-81f4d3615b43] INFO  segmented.SegmentedRaftLogWorker (SegmentedRaftLogWorker.java:lambda$new$0(132)) - edf6df82-bf71-4b14-aaf5-54b696e49e7d-SegmentedRaftLogWorker:Storage Directory /workdir/hadoop-ozone/integration-test/target/test-dir/MiniOzoneClusterImpl-0d05a71f-8f39-424d-8324-47f80402229e/datanode-4/data/ratis/5ecd73c7-1606-4465-af9b-81f4d3615b43: flushIndex: setUnconditionally 0 -> -1
2019-08-29 22:15:25,544 [fe46ac88-0177-4d89-936b-4240eb483fdb-SegmentedRaftLogWorker:Storage Directory /workdir/hadoop-ozone/integration-test/target/test-dir/MiniOzoneClusterImpl-0d05a71f-8f39-424d-8324-47f80402229e/datanode-6/data/ratis/5ecd73c7-1606-4465-af9b-81f4d3615b43] INFO  segmented.SegmentedRaftLogWorker (SegmentedRaftLogWorker.java:execute(569)) - fe46ac88-0177-4d89-936b-4240eb483fdb-SegmentedRaftLogWorker:Storage Directory /workdir/hadoop-ozone/integration-test/target/test-dir/MiniOzoneClusterImpl-0d05a71f-8f39-424d-8324-47f80402229e/datanode-6/data/ratis/5ecd73c7-1606-4465-af9b-81f4d3615b43: created new log segment /workdir/hadoop-ozone/integration-test/target/test-dir/MiniOzoneClusterImpl-0d05a71f-8f39-424d-8324-47f80402229e/datanode-6/data/ratis/5ecd73c7-1606-4465-af9b-81f4d3615b43/current/log_inprogress_0
2019-08-29 22:15:25,548 [69199a0c-562d-44ec-811d-ad45c508d5af-SegmentedRaftLogWorker:Storage Directory /workdir/hadoop-ozone/integration-test/target/test-dir/MiniOzoneClusterImpl-0d05a71f-8f39-424d-8324-47f80402229e/datanode-0/data/ratis/5ecd73c7-1606-4465-af9b-81f4d3615b43] INFO  segmented.SegmentedRaftLogWorker (SegmentedRaftLogWorker.java:execute(569)) - 69199a0c-562d-44ec-811d-ad45c508d5af-SegmentedRaftLogWorker:Storage Directory /workdir/hadoop-ozone/integration-test/target/test-dir/MiniOzoneClusterImpl-0d05a71f-8f39-424d-8324-47f80402229e/datanode-0/data/ratis/5ecd73c7-1606-4465-af9b-81f4d3615b43: created new log segment /workdir/hadoop-ozone/integration-test/target/test-dir/MiniOzoneClusterImpl-0d05a71f-8f39-424d-8324-47f80402229e/datanode-0/data/ratis/5ecd73c7-1606-4465-af9b-81f4d3615b43/current/log_inprogress_0
2019-08-29 22:15:25,555 [edf6df82-bf71-4b14-aaf5-54b696e49e7d-SegmentedRaftLogWorker:Storage Directory /workdir/hadoop-ozone/integration-test/target/test-dir/MiniOzoneClusterImpl-0d05a71f-8f39-424d-8324-47f80402229e/datanode-4/data/ratis/5ecd73c7-1606-4465-af9b-81f4d3615b43] INFO  segmented.SegmentedRaftLogWorker (SegmentedRaftLogWorker.java:execute(569)) - edf6df82-bf71-4b14-aaf5-54b696e49e7d-SegmentedRaftLogWorker:Storage Directory /workdir/hadoop-ozone/integration-test/target/test-dir/MiniOzoneClusterImpl-0d05a71f-8f39-424d-8324-47f80402229e/datanode-4/data/ratis/5ecd73c7-1606-4465-af9b-81f4d3615b43: created new log segment /workdir/hadoop-ozone/integration-test/target/test-dir/MiniOzoneClusterImpl-0d05a71f-8f39-424d-8324-47f80402229e/datanode-4/data/ratis/5ecd73c7-1606-4465-af9b-81f4d3615b43/current/log_inprogress_0
2019-08-29 22:15:25,858 | INFO  | SCMAudit | user=jenkins1000 | ip=192.168.34.49 | op=SEND_HEARTBEAT {datanodeUUID=edf6df82-bf71-4b14-aaf5-54b696e49e7d, command=[]} | ret=SUCCESS |  
2019-08-29 22:15:25,858 | INFO  | SCMAudit | user=jenkins1000 | ip=192.168.34.49 | op=SEND_HEARTBEAT {datanodeUUID=fe46ac88-0177-4d89-936b-4240eb483fdb, command=[]} | ret=SUCCESS |  
2019-08-29 22:15:25,862 | INFO  | DNAudit | user=null | ip=null | op=WRITE_CHUNK {blockData=conID: 2 locID: 1567116916431 bcsId: 0} | ret=SUCCESS |  
2019-08-29 22:15:25,864 | INFO  | DNAudit | user=null | ip=null | op=WRITE_CHUNK {blockData=conID: 2 locID: 1567116916431 bcsId: 0} | ret=SUCCESS |  
2019-08-29 22:15:25,889 | INFO  | DNAudit | user=null | ip=null | op=WRITE_CHUNK {blockData=conID: 2 locID: 1567116916431 bcsId: 0} | ret=SUCCESS |  
2019-08-29 22:15:25,899 | INFO  | SCMAudit | user=jenkins1000 | ip=192.168.34.49 | op=SEND_HEARTBEAT {datanodeUUID=69199a0c-562d-44ec-811d-ad45c508d5af, command=[]} | ret=SUCCESS |  
2019-08-29 22:15:25,899 | INFO  | DNAudit | user=null | ip=null | op=WRITE_CHUNK {blockData=conID: 2 locID: 1567116916431 bcsId: 0} | ret=SUCCESS |  
2019-08-29 22:15:25,900 [grpc-default-executor-2] INFO  client.GrpcClientProtocolClient (GrpcClientProtocolClient.java:onNext(255)) - client-009E0B8F7BFD->fe46ac88-0177-4d89-936b-4240eb483fdb: receive RaftClientReply:client-009E0B8F7BFD->fe46ac88-0177-4d89-936b-4240eb483fdb@group-81F4D3615B43, cid=17, SUCCESS, logIndex=1, commits[fe46ac88-0177-4d89-936b-4240eb483fdb:c1, edf6df82-bf71-4b14-aaf5-54b696e49e7d:c0, 69199a0c-562d-44ec-811d-ad45c508d5af:c-1]
2019-08-29 22:15:25,906 | INFO  | DNAudit | user=null | ip=null | op=WRITE_CHUNK {blockData=conID: 2 locID: 1567116916431 bcsId: 0} | ret=SUCCESS |  
2019-08-29 22:15:25,918 [pool-92-thread-4] WARN  impl.ChunkManagerImpl (ChunkUtils.java:validateChunkForOverwrite(218)) - Duplicate write chunk request. Chunk overwrite without explicit request. ChunkInfo{chunkName='1567116916431.data.0, offset=0, len=1048576}
2019-08-29 22:15:25,918 [pool-92-thread-4] WARN  impl.ChunkManagerImpl (ChunkManagerImpl.java:writeChunk(111)) - ChunkFile already exists/workdir/hadoop-ozone/integration-test/target/test-dir/MiniOzoneClusterImpl-0d05a71f-8f39-424d-8324-47f80402229e/datanode-6/data/containers/hdds/9b4a12a6-03e4-46cb-b56e-c3eeb8e3a610/current/containerDir0/2/chunks/1567116916431.data.0.Deleting it.
2019-08-29 22:15:25,923 | INFO  | DNAudit | user=null | ip=null | op=WRITE_CHUNK {blockData=conID: 2 locID: 1567116916431 bcsId: 0} | ret=SUCCESS |  
2019-08-29 22:15:25,927 | INFO  | DNAudit | user=null | ip=null | op=WRITE_CHUNK {blockData=conID: 2 locID: 1567116916431 bcsId: 0} | ret=SUCCESS |  
2019-08-29 22:15:25,933 [pool-26-thread-1] WARN  impl.ChunkManagerImpl (ChunkUtils.java:validateChunkForOverwrite(218)) - Duplicate write chunk request. Chunk overwrite without explicit request. ChunkInfo{chunkName='1567116916431.data.0, offset=0, len=1048576}
2019-08-29 22:15:25,933 [pool-70-thread-2] WARN  impl.ChunkManagerImpl (ChunkUtils.java:validateChunkForOverwrite(218)) - Duplicate write chunk request. Chunk overwrite without explicit request. ChunkInfo{chunkName='1567116916431.data.0, offset=0, len=1048576}
2019-08-29 22:15:25,933 [pool-26-thread-1] WARN  impl.ChunkManagerImpl (ChunkManagerImpl.java:writeChunk(111)) - ChunkFile already exists/workdir/hadoop-ozone/integration-test/target/test-dir/MiniOzoneClusterImpl-0d05a71f-8f39-424d-8324-47f80402229e/datanode-0/data/containers/hdds/9b4a12a6-03e4-46cb-b56e-c3eeb8e3a610/current/containerDir0/2/chunks/1567116916431.data.0.Deleting it.
2019-08-29 22:15:25,933 [pool-70-thread-2] WARN  impl.ChunkManagerImpl (ChunkManagerImpl.java:writeChunk(111)) - ChunkFile already exists/workdir/hadoop-ozone/integration-test/target/test-dir/MiniOzoneClusterImpl-0d05a71f-8f39-424d-8324-47f80402229e/datanode-4/data/containers/hdds/9b4a12a6-03e4-46cb-b56e-c3eeb8e3a610/current/containerDir0/2/chunks/1567116916431.data.0.Deleting it.
2019-08-29 22:15:25,936 | INFO  | DNAudit | user=null | ip=null | op=WRITE_CHUNK {blockData=conID: 2 locID: 1567116916431 bcsId: 0} | ret=SUCCESS |  
2019-08-29 22:15:25,937 | INFO  | DNAudit | user=null | ip=null | op=WRITE_CHUNK {blockData=conID: 2 locID: 1567116916431 bcsId: 0} | ret=SUCCESS |  
2019-08-29 22:15:25,975 | INFO  | DNAudit | user=null | ip=null | op=PUT_BLOCK {blockData=[blockId=conID: 2 locID: 1567116916431 bcsId: 0,size=1048576]} | ret=SUCCESS |  
2019-08-29 22:15:25,988 | INFO  | DNAudit | user=null | ip=null | op=WRITE_CHUNK {blockData=conID: 2 locID: 1567116916431 bcsId: 0} | ret=SUCCESS |  
2019-08-29 22:15:25,989 [grpc-default-executor-4] INFO  client.GrpcClientProtocolClient (GrpcClientProtocolClient.java:onNext(255)) - client-009E0B8F7BFD->fe46ac88-0177-4d89-936b-4240eb483fdb: receive RaftClientReply:client-009E0B8F7BFD->fe46ac88-0177-4d89-936b-4240eb483fdb@group-81F4D3615B43, cid=18, SUCCESS, logIndex=3, commits[fe46ac88-0177-4d89-936b-4240eb483fdb:c8, edf6df82-bf71-4b14-aaf5-54b696e49e7d:c6, 69199a0c-562d-44ec-811d-ad45c508d5af:c6]
2019-08-29 22:15:25,990 | INFO  | DNAudit | user=null | ip=null | op=PUT_BLOCK {blockData=[blockId=conID: 2 locID: 1567116916431 bcsId: 0,size=1048576]} | ret=SUCCESS |  
2019-08-29 22:15:25,991 [grpc-default-executor-4] INFO  client.GrpcClientProtocolClient (GrpcClientProtocolClient.java:onNext(255)) - client-009E0B8F7BFD->fe46ac88-0177-4d89-936b-4240eb483fdb: receive RaftClientReply:client-009E0B8F7BFD->fe46ac88-0177-4d89-936b-4240eb483fdb@group-81F4D3615B43, cid=19, SUCCESS, logIndex=4, commits[fe46ac88-0177-4d89-936b-4240eb483fdb:c8, edf6df82-bf71-4b14-aaf5-54b696e49e7d:c6, 69199a0c-562d-44ec-811d-ad45c508d5af:c6]
2019-08-29 22:15:25,991 | INFO  | DNAudit | user=null | ip=null | op=WRITE_CHUNK {blockData=conID: 2 locID: 1567116916431 bcsId: 0} | ret=SUCCESS |  
2019-08-29 22:15:26,051 | INFO  | SCMAudit | user=jenkins1000 | ip=192.168.34.49 | op=SEND_HEARTBEAT {datanodeUUID=1b25c8cd-0327-45f6-b05a-14552475cf70, command=[]} | ret=SUCCESS |  
2019-08-29 22:15:26,060 | INFO  | DNAudit | user=null | ip=null | op=PUT_BLOCK {blockData=[blockId=conID: 2 locID: 1567116916431 bcsId: 0,size=1048576]} | ret=SUCCESS |  
2019-08-29 22:15:26,060 | INFO  | DNAudit | user=null | ip=null | op=PUT_BLOCK {blockData=[blockId=conID: 2 locID: 1567116916431 bcsId: 0,size=1048576]} | ret=SUCCESS |  
2019-08-29 22:15:26,061 | INFO  | DNAudit | user=null | ip=null | op=PUT_BLOCK {blockData=[blockId=conID: 2 locID: 1567116916431 bcsId: 0,size=1048576]} | ret=SUCCESS |  
2019-08-29 22:15:26,062 | INFO  | DNAudit | user=null | ip=null | op=WRITE_CHUNK {blockData=conID: 2 locID: 1567116916431 bcsId: 0} | ret=SUCCESS |  
2019-08-29 22:15:26,063 [grpc-default-executor-4] INFO  client.GrpcClientProtocolClient (GrpcClientProtocolClient.java:onNext(255)) - client-009E0B8F7BFD->fe46ac88-0177-4d89-936b-4240eb483fdb: receive RaftClientReply:client-009E0B8F7BFD->fe46ac88-0177-4d89-936b-4240eb483fdb@group-81F4D3615B43, cid=20, SUCCESS, logIndex=5, commits[fe46ac88-0177-4d89-936b-4240eb483fdb:c8, edf6df82-bf71-4b14-aaf5-54b696e49e7d:c6, 69199a0c-562d-44ec-811d-ad45c508d5af:c6]
2019-08-29 22:15:26,063 | INFO  | DNAudit | user=null | ip=null | op=PUT_BLOCK {blockData=[blockId=conID: 2 locID: 1567116916431 bcsId: 0,size=1048576]} | ret=SUCCESS |  
2019-08-29 22:15:26,064 [main] INFO  datanode.ObjectStoreHandler (ObjectStoreHandler.java:close(155)) - Closing ObjectStoreHandler.
2019-08-29 22:15:26,065 [main] INFO  ozone.HddsDatanodeService (HddsDatanodeService.java:stop(451)) - Stopped plug-in org.apache.hadoop.ozone.web.OzoneHddsDatanodeService@786a3477
2019-08-29 22:15:26,137 | INFO  | SCMAudit | user=jenkins1000 | ip=192.168.34.49 | op=SEND_HEARTBEAT {datanodeUUID=79503922-c704-4438-b874-f28436e706ae, command=[]} | ret=SUCCESS |  
2019-08-29 22:15:26,138 | INFO  | SCMAudit | user=jenkins1000 | ip=192.168.34.49 | op=SEND_HEARTBEAT {datanodeUUID=5166ff44-b289-4f1e-9dd4-cd5365826550, command=[]} | ret=SUCCESS |  
2019-08-29 22:15:26,250 | INFO  | SCMAudit | user=jenkins1000 | ip=192.168.34.49 | op=SEND_HEARTBEAT {datanodeUUID=76d98288-64e6-494f-8cdd-307803370686, command=[]} | ret=SUCCESS |  
2019-08-29 22:15:26,857 [Datanode State Machine Thread - 0] INFO  statemachine.DatanodeStateMachine (DatanodeStateMachine.java:lambda$startDaemon$0(350)) - Ozone container server started.
2019-08-29 22:15:26,858 | INFO  | SCMAudit | user=jenkins1000 | ip=192.168.34.49 | op=SEND_HEARTBEAT {datanodeUUID=edf6df82-bf71-4b14-aaf5-54b696e49e7d, command=[]} | ret=SUCCESS |  
2019-08-29 22:15:26,897 | INFO  | SCMAudit | user=jenkins1000 | ip=192.168.34.49 | op=SEND_HEARTBEAT {datanodeUUID=69199a0c-562d-44ec-811d-ad45c508d5af, command=[]} | ret=SUCCESS |  
2019-08-29 22:15:27,051 | INFO  | SCMAudit | user=jenkins1000 | ip=192.168.34.49 | op=SEND_HEARTBEAT {datanodeUUID=1b25c8cd-0327-45f6-b05a-14552475cf70, command=[]} | ret=SUCCESS |  
2019-08-29 22:15:27,137 | INFO  | SCMAudit | user=jenkins1000 | ip=192.168.34.49 | op=SEND_HEARTBEAT {datanodeUUID=79503922-c704-4438-b874-f28436e706ae, command=[]} | ret=SUCCESS |  
2019-08-29 22:15:27,137 | INFO  | SCMAudit | user=jenkins1000 | ip=192.168.34.49 | op=SEND_HEARTBEAT {datanodeUUID=5166ff44-b289-4f1e-9dd4-cd5365826550, command=[]} | ret=SUCCESS |  
2019-08-29 22:15:27,250 | INFO  | SCMAudit | user=jenkins1000 | ip=192.168.34.49 | op=SEND_HEARTBEAT {datanodeUUID=76d98288-64e6-494f-8cdd-307803370686, command=[]} | ret=SUCCESS |  
2019-08-29 22:15:27,858 | INFO  | SCMAudit | user=jenkins1000 | ip=192.168.34.49 | op=SEND_HEARTBEAT {datanodeUUID=edf6df82-bf71-4b14-aaf5-54b696e49e7d, command=[]} | ret=SUCCESS |  
2019-08-29 22:15:27,897 | INFO  | SCMAudit | user=jenkins1000 | ip=192.168.34.49 | op=SEND_HEARTBEAT {datanodeUUID=69199a0c-562d-44ec-811d-ad45c508d5af, command=[]} | ret=SUCCESS |  
2019-08-29 22:15:28,051 | INFO  | SCMAudit | user=jenkins1000 | ip=192.168.34.49 | op=SEND_HEARTBEAT {datanodeUUID=1b25c8cd-0327-45f6-b05a-14552475cf70, command=[]} | ret=SUCCESS |  
2019-08-29 22:15:28,137 | INFO  | SCMAudit | user=jenkins1000 | ip=192.168.34.49 | op=SEND_HEARTBEAT {datanodeUUID=79503922-c704-4438-b874-f28436e706ae, command=[]} | ret=SUCCESS |  
2019-08-29 22:15:28,138 | INFO  | SCMAudit | user=jenkins1000 | ip=192.168.34.49 | op=SEND_HEARTBEAT {datanodeUUID=5166ff44-b289-4f1e-9dd4-cd5365826550, command=[]} | ret=SUCCESS |  
2019-08-29 22:15:28,250 | INFO  | SCMAudit | user=jenkins1000 | ip=192.168.34.49 | op=SEND_HEARTBEAT {datanodeUUID=76d98288-64e6-494f-8cdd-307803370686, command=[]} | ret=SUCCESS |  
2019-08-29 22:15:28,858 | INFO  | SCMAudit | user=jenkins1000 | ip=192.168.34.49 | op=SEND_HEARTBEAT {datanodeUUID=edf6df82-bf71-4b14-aaf5-54b696e49e7d, command=[]} | ret=SUCCESS |  
2019-08-29 22:15:28,894 [EventQueue-StaleNodeForStaleNodeHandler] INFO  node.StaleNodeHandler (StaleNodeHandler.java:onMessage(58)) - Datanode fe46ac88-0177-4d89-936b-4240eb483fdb{ip: 192.168.34.49, host: pr-hdds-2014-xlb6b-2349153910, networkLocation: /default-rack, certSerialId: null} moved to stale state. Finalizing its pipelines [PipelineID=5ecd73c7-1606-4465-af9b-81f4d3615b43, PipelineID=fb2db3aa-e572-4d80-a19e-bf9a8c9453bf]
2019-08-29 22:15:28,895 [EventQueue-StaleNodeForStaleNodeHandler] INFO  pipeline.SCMPipelineManager (SCMPipelineManager.java:finalizeAndDestroyPipeline(309)) - destroying pipeline:Pipeline[ Id: 5ecd73c7-1606-4465-af9b-81f4d3615b43, Nodes: fe46ac88-0177-4d89-936b-4240eb483fdb{ip: 192.168.34.49, host: pr-hdds-2014-xlb6b-2349153910, networkLocation: /default-rack, certSerialId: null}69199a0c-562d-44ec-811d-ad45c508d5af{ip: 192.168.34.49, host: pr-hdds-2014-xlb6b-2349153910, networkLocation: /default-rack, certSerialId: null}edf6df82-bf71-4b14-aaf5-54b696e49e7d{ip: 192.168.34.49, host: pr-hdds-2014-xlb6b-2349153910, networkLocation: /default-rack, certSerialId: null}, Type:RATIS, Factor:THREE, State:OPEN]
2019-08-29 22:15:28,896 [EventQueue-StaleNodeForStaleNodeHandler] INFO  pipeline.PipelineStateManager (PipelineStateManager.java:finalizePipeline(123)) - Pipeline Pipeline[ Id: 5ecd73c7-1606-4465-af9b-81f4d3615b43, Nodes: fe46ac88-0177-4d89-936b-4240eb483fdb{ip: 192.168.34.49, host: pr-hdds-2014-xlb6b-2349153910, networkLocation: /default-rack, certSerialId: null}69199a0c-562d-44ec-811d-ad45c508d5af{ip: 192.168.34.49, host: pr-hdds-2014-xlb6b-2349153910, networkLocation: /default-rack, certSerialId: null}edf6df82-bf71-4b14-aaf5-54b696e49e7d{ip: 192.168.34.49, host: pr-hdds-2014-xlb6b-2349153910, networkLocation: /default-rack, certSerialId: null}, Type:RATIS, Factor:THREE, State:CLOSED] moved to CLOSED state
2019-08-29 22:15:28,897 | INFO  | SCMAudit | user=jenkins1000 | ip=192.168.34.49 | op=SEND_HEARTBEAT {datanodeUUID=69199a0c-562d-44ec-811d-ad45c508d5af, command=[]} | ret=SUCCESS |  
2019-08-29 22:15:28,897 [EventQueue-CloseContainerForCloseContainerEventHandler] INFO  container.CloseContainerEventHandler (CloseContainerEventHandler.java:onMessage(61)) - Close container Event triggered for container : #2
2019-08-29 22:15:28,899 [EventQueue-StaleNodeForStaleNodeHandler] INFO  pipeline.SCMPipelineManager (SCMPipelineManager.java:finalizeAndDestroyPipeline(309)) - destroying pipeline:Pipeline[ Id: fb2db3aa-e572-4d80-a19e-bf9a8c9453bf, Nodes: fe46ac88-0177-4d89-936b-4240eb483fdb{ip: 192.168.34.49, host: pr-hdds-2014-xlb6b-2349153910, networkLocation: /default-rack, certSerialId: null}, Type:RATIS, Factor:ONE, State:OPEN]
2019-08-29 22:15:28,899 [EventQueue-StaleNodeForStaleNodeHandler] INFO  pipeline.PipelineStateManager (PipelineStateManager.java:finalizePipeline(123)) - Pipeline Pipeline[ Id: fb2db3aa-e572-4d80-a19e-bf9a8c9453bf, Nodes: fe46ac88-0177-4d89-936b-4240eb483fdb{ip: 192.168.34.49, host: pr-hdds-2014-xlb6b-2349153910, networkLocation: /default-rack, certSerialId: null}, Type:RATIS, Factor:ONE, State:CLOSED] moved to CLOSED state
2019-08-29 22:15:29,051 | INFO  | SCMAudit | user=jenkins1000 | ip=192.168.34.49 | op=SEND_HEARTBEAT {datanodeUUID=1b25c8cd-0327-45f6-b05a-14552475cf70, command=[]} | ret=SUCCESS |  
2019-08-29 22:15:29,137 | INFO  | SCMAudit | user=jenkins1000 | ip=192.168.34.49 | op=SEND_HEARTBEAT {datanodeUUID=79503922-c704-4438-b874-f28436e706ae, command=[]} | ret=SUCCESS |  
2019-08-29 22:15:29,138 | INFO  | SCMAudit | user=jenkins1000 | ip=192.168.34.49 | op=SEND_HEARTBEAT {datanodeUUID=5166ff44-b289-4f1e-9dd4-cd5365826550, command=[]} | ret=SUCCESS |  
2019-08-29 22:15:29,250 | INFO  | SCMAudit | user=jenkins1000 | ip=192.168.34.49 | op=SEND_HEARTBEAT {datanodeUUID=76d98288-64e6-494f-8cdd-307803370686, command=[]} | ret=SUCCESS |  
2019-08-29 22:15:29,891 | INFO  | SCMAudit | user=jenkins1000 | ip=192.168.34.49 | op=SEND_HEARTBEAT {datanodeUUID=edf6df82-bf71-4b14-aaf5-54b696e49e7d, command=[commandType: closeContainerCommand closeContainerCommandProto { containerID: 2 pipelineID { id: "5ecd73c7-1606-4465-af9b-81f4d3615b43" } cmdId: 2 force: false } ]} | ret=SUCCESS |  
2019-08-29 22:15:29,897 | INFO  | SCMAudit | user=jenkins1000 | ip=192.168.34.49 | op=SEND_HEARTBEAT {datanodeUUID=69199a0c-562d-44ec-811d-ad45c508d5af, command=[commandType: closeContainerCommand closeContainerCommandProto { containerID: 2 pipelineID { id: "5ecd73c7-1606-4465-af9b-81f4d3615b43" } cmdId: 2 force: false } ]} | ret=SUCCESS |  
2019-08-29 22:15:30,051 | INFO  | SCMAudit | user=jenkins1000 | ip=192.168.34.49 | op=SEND_HEARTBEAT {datanodeUUID=1b25c8cd-0327-45f6-b05a-14552475cf70, command=[]} | ret=SUCCESS |  
2019-08-29 22:15:30,137 | INFO  | SCMAudit | user=jenkins1000 | ip=192.168.34.49 | op=SEND_HEARTBEAT {datanodeUUID=79503922-c704-4438-b874-f28436e706ae, command=[]} | ret=SUCCESS |  
2019-08-29 22:15:30,137 | INFO  | SCMAudit | user=jenkins1000 | ip=192.168.34.49 | op=SEND_HEARTBEAT {datanodeUUID=5166ff44-b289-4f1e-9dd4-cd5365826550, command=[]} | ret=SUCCESS |  
2019-08-29 22:15:30,250 | INFO  | SCMAudit | user=jenkins1000 | ip=192.168.34.49 | op=SEND_HEARTBEAT {datanodeUUID=76d98288-64e6-494f-8cdd-307803370686, command=[]} | ret=SUCCESS |  
2019-08-29 22:15:30,860 | INFO  | SCMAudit | user=jenkins1000 | ip=192.168.34.49 | op=SEND_HEARTBEAT {datanodeUUID=edf6df82-bf71-4b14-aaf5-54b696e49e7d, command=[]} | ret=SUCCESS |  
2019-08-29 22:15:30,890 | INFO  | SCMAudit | user=jenkins1000 | ip=192.168.34.49 | op=SEND_HEARTBEAT {datanodeUUID=edf6df82-bf71-4b14-aaf5-54b696e49e7d, command=[]} | ret=SUCCESS |  
2019-08-29 22:15:30,896 | INFO  | SCMAudit | user=jenkins1000 | ip=192.168.34.49 | op=SEND_HEARTBEAT {datanodeUUID=69199a0c-562d-44ec-811d-ad45c508d5af, command=[]} | ret=SUCCESS |  
2019-08-29 22:15:31,051 | INFO  | SCMAudit | user=jenkins1000 | ip=192.168.34.49 | op=SEND_HEARTBEAT {datanodeUUID=1b25c8cd-0327-45f6-b05a-14552475cf70, command=[]} | ret=SUCCESS |  
2019-08-29 22:15:31,068 [main] INFO  ozoneimpl.OzoneContainer (OzoneContainer.java:stop(199)) - Attempting to stop container services.
2019-08-29 22:15:31,069 [main] INFO  impl.RaftServerProxy (RaftServerProxy.java:lambda$close$4(314)) - fe46ac88-0177-4d89-936b-4240eb483fdb: close
2019-08-29 22:15:31,071 [main] INFO  impl.RaftServerImpl (RaftServerImpl.java:lambda$shutdown$3(245)) - fe46ac88-0177-4d89-936b-4240eb483fdb: shutdown group-81F4D3615B43
2019-08-29 22:15:31,072 [main] INFO  util.JmxRegister (JmxRegister.java:unregister(73)) - Successfully un-registered JMX Bean with object name Ratis:service=RaftServer,group=group-81F4D3615B43,id=fe46ac88-0177-4d89-936b-4240eb483fdb
2019-08-29 22:15:31,072 [main] INFO  impl.RoleInfo (RoleInfo.java:shutdownLeaderState(104)) - fe46ac88-0177-4d89-936b-4240eb483fdb: shutdown LeaderState
2019-08-29 22:15:31,072 [ForkJoinPool.commonPool-worker-0] INFO  impl.RaftServerImpl (RaftServerImpl.java:lambda$shutdown$3(245)) - fe46ac88-0177-4d89-936b-4240eb483fdb: shutdown group-BF9A8C9453BF
2019-08-29 22:15:31,078 [org.apache.ratis.server.impl.LogAppender$AppenderDaemon$$Lambda$489/1562638993@734886df] WARN  server.GrpcLogAppender (GrpcLogAppender.java:mayWait(143)) - GrpcLogAppender(fe46ac88-0177-4d89-936b-4240eb483fdb->edf6df82-bf71-4b14-aaf5-54b696e49e7d): Wait interrupted by java.lang.InterruptedException
2019-08-29 22:15:31,078 [org.apache.ratis.server.impl.LogAppender$AppenderDaemon$$Lambda$489/1562638993@364a06d2] WARN  server.GrpcLogAppender (GrpcLogAppender.java:mayWait(143)) - GrpcLogAppender(fe46ac88-0177-4d89-936b-4240eb483fdb->69199a0c-562d-44ec-811d-ad45c508d5af): Wait interrupted by java.lang.InterruptedException
2019-08-29 22:15:31,078 [main] INFO  impl.PendingRequests (PendingRequests.java:sendNotLeaderResponses(202)) - fe46ac88-0177-4d89-936b-4240eb483fdb-PendingRequests: sendNotLeaderResponses
2019-08-29 22:15:31,078 [ForkJoinPool.commonPool-worker-0] INFO  util.JmxRegister (JmxRegister.java:unregister(73)) - Successfully un-registered JMX Bean with object name Ratis:service=RaftServer,group=group-BF9A8C9453BF,id=fe46ac88-0177-4d89-936b-4240eb483fdb
2019-08-29 22:15:31,079 [ForkJoinPool.commonPool-worker-0] INFO  impl.RoleInfo (RoleInfo.java:shutdownLeaderState(104)) - fe46ac88-0177-4d89-936b-4240eb483fdb: shutdown LeaderState
2019-08-29 22:15:31,079 [grpc-default-executor-0] INFO  server.GrpcServerProtocolService (GrpcServerProtocolService.java:onCompleted(104)) - edf6df82-bf71-4b14-aaf5-54b696e49e7d: appendEntries completed
2019-08-29 22:15:31,081 [ForkJoinPool.commonPool-worker-0] INFO  impl.PendingRequests (PendingRequests.java:sendNotLeaderResponses(202)) - fe46ac88-0177-4d89-936b-4240eb483fdb-PendingRequests: sendNotLeaderResponses
2019-08-29 22:15:31,081 [grpc-default-executor-4] INFO  server.GrpcServerProtocolService (GrpcServerProtocolService.java:onCompleted(104)) - 69199a0c-562d-44ec-811d-ad45c508d5af: appendEntries completed
2019-08-29 22:15:31,083 [ForkJoinPool.commonPool-worker-0] INFO  impl.StateMachineUpdater (StateMachineUpdater.java:stopAndJoin(115)) - StateMachineUpdater:fe46ac88-0177-4d89-936b-4240eb483fdb:group-BF9A8C9453BF: set stopIndex = 0
2019-08-29 22:15:31,083 [grpc-default-executor-4] INFO  server.GrpcLogAppender (GrpcLogAppender.java:onCompleted(292)) - fe46ac88-0177-4d89-936b-4240eb483fdb->edf6df82-bf71-4b14-aaf5-54b696e49e7d: follower responses appendEntries COMPLETED
2019-08-29 22:15:31,084 [grpc-default-executor-4] INFO  impl.FollowerInfo (FollowerInfo.java:lambda$new$0(50)) - fe46ac88-0177-4d89-936b-4240eb483fdb->edf6df82-bf71-4b14-aaf5-54b696e49e7d: nextIndex: updateUnconditionally 9 -> 8
2019-08-29 22:15:31,084 [grpc-default-executor-0] INFO  server.GrpcLogAppender (GrpcLogAppender.java:onCompleted(292)) - fe46ac88-0177-4d89-936b-4240eb483fdb->69199a0c-562d-44ec-811d-ad45c508d5af: follower responses appendEntries COMPLETED
2019-08-29 22:15:31,084 [ForkJoinPool.commonPool-worker-0] INFO  impl.RaftServerImpl (ServerState.java:close(394)) - fe46ac88-0177-4d89-936b-4240eb483fdb:group-BF9A8C9453BF closes. The last applied log index is 0
2019-08-29 22:15:31,087 [main] INFO  impl.StateMachineUpdater (StateMachineUpdater.java:stopAndJoin(115)) - StateMachineUpdater:fe46ac88-0177-4d89-936b-4240eb483fdb:group-81F4D3615B43: set stopIndex = 8
2019-08-29 22:15:31,088 [StateMachineUpdater:fe46ac88-0177-4d89-936b-4240eb483fdb:group-81F4D3615B43] INFO  ratis.ContainerStateMachine (ContainerStateMachine.java:takeSnapshot(283)) - group-81F4D3615B43: Taking a snapshot at:(t:5, i:8) file /workdir/hadoop-ozone/integration-test/target/test-dir/MiniOzoneClusterImpl-0d05a71f-8f39-424d-8324-47f80402229e/datanode-6/data/ratis/5ecd73c7-1606-4465-af9b-81f4d3615b43/sm/snapshot.5_8
2019-08-29 22:15:31,088 [grpc-default-executor-0] INFO  impl.FollowerInfo (FollowerInfo.java:lambda$new$0(50)) - fe46ac88-0177-4d89-936b-4240eb483fdb->69199a0c-562d-44ec-811d-ad45c508d5af: nextIndex: updateUnconditionally 9 -> 8
2019-08-29 22:15:31,090 [fe46ac88-0177-4d89-936b-4240eb483fdb-SegmentedRaftLogWorker:Storage Directory /workdir/hadoop-ozone/integration-test/target/test-dir/MiniOzoneClusterImpl-0d05a71f-8f39-424d-8324-47f80402229e/datanode-6/data/ratis/fb2db3aa-e572-4d80-a19e-bf9a8c9453bf] INFO  segmented.SegmentedRaftLogWorker (SegmentedRaftLogWorker.java:run(313)) - fe46ac88-0177-4d89-936b-4240eb483fdb-SegmentedRaftLogWorker:Storage Directory /workdir/hadoop-ozone/integration-test/target/test-dir/MiniOzoneClusterImpl-0d05a71f-8f39-424d-8324-47f80402229e/datanode-6/data/ratis/fb2db3aa-e572-4d80-a19e-bf9a8c9453bf was interrupted, exiting. There are 0 tasks remaining in the queue.
2019-08-29 22:15:31,091 [ForkJoinPool.commonPool-worker-0] INFO  segmented.SegmentedRaftLogWorker (SegmentedRaftLogWorker.java:close(228)) - fe46ac88-0177-4d89-936b-4240eb483fdb-SegmentedRaftLogWorker:Storage Directory /workdir/hadoop-ozone/integration-test/target/test-dir/MiniOzoneClusterImpl-0d05a71f-8f39-424d-8324-47f80402229e/datanode-6/data/ratis/fb2db3aa-e572-4d80-a19e-bf9a8c9453bf close()
2019-08-29 22:15:31,114 [StateMachineUpdater:fe46ac88-0177-4d89-936b-4240eb483fdb:group-81F4D3615B43] INFO  ratis.ContainerStateMachine (ContainerStateMachine.java:takeSnapshot(294)) - group-81F4D3615B43: Finished taking a snapshot at:(t:5, i:8) file:/workdir/hadoop-ozone/integration-test/target/test-dir/MiniOzoneClusterImpl-0d05a71f-8f39-424d-8324-47f80402229e/datanode-6/data/ratis/5ecd73c7-1606-4465-af9b-81f4d3615b43/sm/snapshot.5_8 time:28
2019-08-29 22:15:31,115 [StateMachineUpdater:fe46ac88-0177-4d89-936b-4240eb483fdb:group-81F4D3615B43] INFO  impl.StateMachineUpdater (StateMachineUpdater.java:takeSnapshot(242)) - StateMachineUpdater:fe46ac88-0177-4d89-936b-4240eb483fdb:group-81F4D3615B43: Took a snapshot at index 8
2019-08-29 22:15:31,115 [StateMachineUpdater:fe46ac88-0177-4d89-936b-4240eb483fdb:group-81F4D3615B43] INFO  impl.StateMachineUpdater (StateMachineUpdater.java:lambda$new$0(80)) - StateMachineUpdater:fe46ac88-0177-4d89-936b-4240eb483fdb:group-81F4D3615B43: snapshotIndex: updateIncreasingly -1 -> 8
2019-08-29 22:15:31,119 [main] INFO  impl.RaftServerImpl (ServerState.java:close(394)) - fe46ac88-0177-4d89-936b-4240eb483fdb:group-81F4D3615B43 closes. The last applied log index is 8
2019-08-29 22:15:31,120 [fe46ac88-0177-4d89-936b-4240eb483fdb-SegmentedRaftLogWorker:Storage Directory /workdir/hadoop-ozone/integration-test/target/test-dir/MiniOzoneClusterImpl-0d05a71f-8f39-424d-8324-47f80402229e/datanode-6/data/ratis/5ecd73c7-1606-4465-af9b-81f4d3615b43] INFO  segmented.SegmentedRaftLogWorker (SegmentedRaftLogWorker.java:run(313)) - fe46ac88-0177-4d89-936b-4240eb483fdb-SegmentedRaftLogWorker:Storage Directory /workdir/hadoop-ozone/integration-test/target/test-dir/MiniOzoneClusterImpl-0d05a71f-8f39-424d-8324-47f80402229e/datanode-6/data/ratis/5ecd73c7-1606-4465-af9b-81f4d3615b43 was interrupted, exiting. There are 0 tasks remaining in the queue.
2019-08-29 22:15:31,123 [main] INFO  segmented.SegmentedRaftLogWorker (SegmentedRaftLogWorker.java:close(228)) - fe46ac88-0177-4d89-936b-4240eb483fdb-SegmentedRaftLogWorker:Storage Directory /workdir/hadoop-ozone/integration-test/target/test-dir/MiniOzoneClusterImpl-0d05a71f-8f39-424d-8324-47f80402229e/datanode-6/data/ratis/5ecd73c7-1606-4465-af9b-81f4d3615b43 close()
2019-08-29 22:15:31,128 [main] INFO  server.GrpcService (GrpcService.java:closeImpl(155)) - fe46ac88-0177-4d89-936b-4240eb483fdb: shutdown server with port 33680 now
2019-08-29 22:15:31,131 [main] INFO  server.GrpcService (GrpcService.java:closeImpl(163)) - fe46ac88-0177-4d89-936b-4240eb483fdb: shutdown server with port 33680 successfully
2019-08-29 22:15:31,133 [main] INFO  utils.BackgroundService (BackgroundService.java:shutdown(148)) - Shutting down service BlockDeletingService
2019-08-29 22:15:31,135 [refreshUsed-/workdir/hadoop-ozone/integration-test/target/test-dir/MiniOzoneClusterImpl-0d05a71f-8f39-424d-8324-47f80402229e/datanode-6/data/containers] WARN  fs.CachingGetSpaceUsed (CachingGetSpaceUsed.java:run(183)) - Thread Interrupted waiting to refresh disk information: sleep interrupted
2019-08-29 22:15:31,140 | INFO  | SCMAudit | user=jenkins1000 | ip=192.168.34.49 | op=SEND_HEARTBEAT {datanodeUUID=79503922-c704-4438-b874-f28436e706ae, command=[]} | ret=SUCCESS |  
2019-08-29 22:15:31,140 | INFO  | SCMAudit | user=jenkins1000 | ip=192.168.34.49 | op=SEND_HEARTBEAT {datanodeUUID=5166ff44-b289-4f1e-9dd4-cd5365826550, command=[]} | ret=SUCCESS |  
2019-08-29 22:15:31,165 [main] INFO  statemachine.DatanodeStateMachine (DatanodeStateMachine.java:stopDaemon(395)) - Ozone container server stopped.
2019-08-29 22:15:31,171 [main] INFO  handler.ContextHandler (ContextHandler.java:doStop(910)) - Stopped o.e.j.w.WebAppContext@6734ff92{/,null,UNAVAILABLE}{/hddsDatanode}
2019-08-29 22:15:31,179 [main] INFO  server.AbstractConnector (AbstractConnector.java:doStop(318)) - Stopped ServerConnector@51eb0e84{HTTP/1.1,[http/1.1]}{0.0.0.0:0}
2019-08-29 22:15:31,179 [main] INFO  handler.ContextHandler (ContextHandler.java:doStop(910)) - Stopped o.e.j.s.ServletContextHandler@58164e9a{/static,jar:file:/home/user/.m2/repository/org/apache/hadoop/hadoop-hdds-container-service/0.5.0-SNAPSHOT/hadoop-hdds-container-service-0.5.0-SNAPSHOT.jar!/webapps/static,UNAVAILABLE}
2019-08-29 22:15:31,179 [main] INFO  handler.ContextHandler (ContextHandler.java:doStop(910)) - Stopped o.e.j.s.ServletContextHandler@59f45950{/logs,file:///workdir/hadoop-ozone/integration-test/target/log,UNAVAILABLE}
2019-08-29 22:15:31,182 [main] INFO  datanode.ObjectStoreHandler (ObjectStoreHandler.java:close(155)) - Closing ObjectStoreHandler.
2019-08-29 22:15:31,182 [main] INFO  ozone.HddsDatanodeService (HddsDatanodeService.java:stop(451)) - Stopped plug-in org.apache.hadoop.ozone.web.OzoneHddsDatanodeService@37e0056e
2019-08-29 22:15:31,250 | INFO  | SCMAudit | user=jenkins1000 | ip=192.168.34.49 | op=SEND_HEARTBEAT {datanodeUUID=76d98288-64e6-494f-8cdd-307803370686, command=[]} | ret=SUCCESS |  
2019-08-29 22:15:31,891 | INFO  | SCMAudit | user=jenkins1000 | ip=192.168.34.49 | op=SEND_HEARTBEAT {datanodeUUID=edf6df82-bf71-4b14-aaf5-54b696e49e7d, command=[]} | ret=SUCCESS |  
2019-08-29 22:15:31,895 [Datanode State Machine Thread - 0] INFO  statemachine.DatanodeStateMachine (DatanodeStateMachine.java:lambda$startDaemon$0(350)) - Ozone container server started.
2019-08-29 22:15:32,051 | INFO  | SCMAudit | user=jenkins1000 | ip=192.168.34.49 | op=SEND_HEARTBEAT {datanodeUUID=1b25c8cd-0327-45f6-b05a-14552475cf70, command=[]} | ret=SUCCESS |  
2019-08-29 22:15:32,136 | INFO  | SCMAudit | user=jenkins1000 | ip=192.168.34.49 | op=SEND_HEARTBEAT {datanodeUUID=79503922-c704-4438-b874-f28436e706ae, command=[]} | ret=SUCCESS |  
2019-08-29 22:15:32,137 | INFO  | SCMAudit | user=jenkins1000 | ip=192.168.34.49 | op=SEND_HEARTBEAT {datanodeUUID=5166ff44-b289-4f1e-9dd4-cd5365826550, command=[]} | ret=SUCCESS |  
2019-08-29 22:15:32,250 | INFO  | SCMAudit | user=jenkins1000 | ip=192.168.34.49 | op=SEND_HEARTBEAT {datanodeUUID=76d98288-64e6-494f-8cdd-307803370686, command=[]} | ret=SUCCESS |  
2019-08-29 22:15:32,890 | INFO  | SCMAudit | user=jenkins1000 | ip=192.168.34.49 | op=SEND_HEARTBEAT {datanodeUUID=edf6df82-bf71-4b14-aaf5-54b696e49e7d, command=[]} | ret=SUCCESS |  
2019-08-29 22:15:33,051 | INFO  | SCMAudit | user=jenkins1000 | ip=192.168.34.49 | op=SEND_HEARTBEAT {datanodeUUID=1b25c8cd-0327-45f6-b05a-14552475cf70, command=[]} | ret=SUCCESS |  
2019-08-29 22:15:33,137 | INFO  | SCMAudit | user=jenkins1000 | ip=192.168.34.49 | op=SEND_HEARTBEAT {datanodeUUID=79503922-c704-4438-b874-f28436e706ae, command=[]} | ret=SUCCESS |  
2019-08-29 22:15:33,138 | INFO  | SCMAudit | user=jenkins1000 | ip=192.168.34.49 | op=SEND_HEARTBEAT {datanodeUUID=5166ff44-b289-4f1e-9dd4-cd5365826550, command=[]} | ret=SUCCESS |  
2019-08-29 22:15:33,250 | INFO  | SCMAudit | user=jenkins1000 | ip=192.168.34.49 | op=SEND_HEARTBEAT {datanodeUUID=76d98288-64e6-494f-8cdd-307803370686, command=[]} | ret=SUCCESS |  
2019-08-29 22:15:33,890 | INFO  | SCMAudit | user=jenkins1000 | ip=192.168.34.49 | op=SEND_HEARTBEAT {datanodeUUID=edf6df82-bf71-4b14-aaf5-54b696e49e7d, command=[]} | ret=SUCCESS |  
2019-08-29 22:15:33,902 [EventQueue-StaleNodeForStaleNodeHandler] INFO  node.StaleNodeHandler (StaleNodeHandler.java:onMessage(58)) - Datanode 69199a0c-562d-44ec-811d-ad45c508d5af{ip: 192.168.34.49, host: pr-hdds-2014-xlb6b-2349153910, networkLocation: /default-rack, certSerialId: null} moved to stale state. Finalizing its pipelines [PipelineID=493b3ef9-d74c-425f-ab4a-c45297c63d0c, PipelineID=5ecd73c7-1606-4465-af9b-81f4d3615b43]
2019-08-29 22:15:33,903 [EventQueue-StaleNodeForStaleNodeHandler] INFO  pipeline.SCMPipelineManager (SCMPipelineManager.java:finalizeAndDestroyPipeline(309)) - destroying pipeline:Pipeline[ Id: 493b3ef9-d74c-425f-ab4a-c45297c63d0c, Nodes: 69199a0c-562d-44ec-811d-ad45c508d5af{ip: 192.168.34.49, host: pr-hdds-2014-xlb6b-2349153910, networkLocation: /default-rack, certSerialId: null}, Type:RATIS, Factor:ONE, State:OPEN]
2019-08-29 22:15:33,903 [EventQueue-StaleNodeForStaleNodeHandler] INFO  pipeline.PipelineStateManager (PipelineStateManager.java:finalizePipeline(123)) - Pipeline Pipeline[ Id: 493b3ef9-d74c-425f-ab4a-c45297c63d0c, Nodes: 69199a0c-562d-44ec-811d-ad45c508d5af{ip: 192.168.34.49, host: pr-hdds-2014-xlb6b-2349153910, networkLocation: /default-rack, certSerialId: null}, Type:RATIS, Factor:ONE, State:CLOSED] moved to CLOSED state
2019-08-29 22:15:33,903 [EventQueue-StaleNodeForStaleNodeHandler] INFO  pipeline.SCMPipelineManager (SCMPipelineManager.java:finalizeAndDestroyPipeline(309)) - destroying pipeline:Pipeline[ Id: 5ecd73c7-1606-4465-af9b-81f4d3615b43, Nodes: fe46ac88-0177-4d89-936b-4240eb483fdb{ip: 192.168.34.49, host: pr-hdds-2014-xlb6b-2349153910, networkLocation: /default-rack, certSerialId: null}69199a0c-562d-44ec-811d-ad45c508d5af{ip: 192.168.34.49, host: pr-hdds-2014-xlb6b-2349153910, networkLocation: /default-rack, certSerialId: null}edf6df82-bf71-4b14-aaf5-54b696e49e7d{ip: 192.168.34.49, host: pr-hdds-2014-xlb6b-2349153910, networkLocation: /default-rack, certSerialId: null}, Type:RATIS, Factor:THREE, State:CLOSED]
2019-08-29 22:15:34,052 | INFO  | SCMAudit | user=jenkins1000 | ip=192.168.34.49 | op=SEND_HEARTBEAT {datanodeUUID=1b25c8cd-0327-45f6-b05a-14552475cf70, command=[]} | ret=SUCCESS |  
2019-08-29 22:15:34,136 | INFO  | SCMAudit | user=jenkins1000 | ip=192.168.34.49 | op=SEND_HEARTBEAT {datanodeUUID=79503922-c704-4438-b874-f28436e706ae, command=[]} | ret=SUCCESS |  
2019-08-29 22:15:34,139 | INFO  | SCMAudit | user=jenkins1000 | ip=192.168.34.49 | op=SEND_HEARTBEAT {datanodeUUID=5166ff44-b289-4f1e-9dd4-cd5365826550, command=[]} | ret=SUCCESS |  
2019-08-29 22:15:34,250 | INFO  | SCMAudit | user=jenkins1000 | ip=192.168.34.49 | op=SEND_HEARTBEAT {datanodeUUID=76d98288-64e6-494f-8cdd-307803370686, command=[]} | ret=SUCCESS |  
2019-08-29 22:15:34,891 | INFO  | SCMAudit | user=jenkins1000 | ip=192.168.34.49 | op=SEND_HEARTBEAT {datanodeUUID=edf6df82-bf71-4b14-aaf5-54b696e49e7d, command=[]} | ret=SUCCESS |  
2019-08-29 22:15:35,052 | INFO  | SCMAudit | user=jenkins1000 | ip=192.168.34.49 | op=SEND_HEARTBEAT {datanodeUUID=1b25c8cd-0327-45f6-b05a-14552475cf70, command=[]} | ret=SUCCESS |  
2019-08-29 22:15:35,138 | INFO  | SCMAudit | user=jenkins1000 | ip=192.168.34.49 | op=SEND_HEARTBEAT {datanodeUUID=79503922-c704-4438-b874-f28436e706ae, command=[]} | ret=SUCCESS |  
2019-08-29 22:15:35,138 | INFO  | SCMAudit | user=jenkins1000 | ip=192.168.34.49 | op=SEND_HEARTBEAT {datanodeUUID=5166ff44-b289-4f1e-9dd4-cd5365826550, command=[]} | ret=SUCCESS |  
2019-08-29 22:15:35,250 | INFO  | SCMAudit | user=jenkins1000 | ip=192.168.34.49 | op=SEND_HEARTBEAT {datanodeUUID=76d98288-64e6-494f-8cdd-307803370686, command=[]} | ret=SUCCESS |  
2019-08-29 22:15:35,890 | INFO  | SCMAudit | user=jenkins1000 | ip=192.168.34.49 | op=SEND_HEARTBEAT {datanodeUUID=edf6df82-bf71-4b14-aaf5-54b696e49e7d, command=[]} | ret=SUCCESS |  
2019-08-29 22:15:36,053 | INFO  | SCMAudit | user=jenkins1000 | ip=192.168.34.49 | op=SEND_HEARTBEAT {datanodeUUID=1b25c8cd-0327-45f6-b05a-14552475cf70, command=[]} | ret=SUCCESS |  
2019-08-29 22:15:36,138 | INFO  | SCMAudit | user=jenkins1000 | ip=192.168.34.49 | op=SEND_HEARTBEAT {datanodeUUID=79503922-c704-4438-b874-f28436e706ae, command=[]} | ret=SUCCESS |  
2019-08-29 22:15:36,139 | INFO  | SCMAudit | user=jenkins1000 | ip=192.168.34.49 | op=SEND_HEARTBEAT {datanodeUUID=5166ff44-b289-4f1e-9dd4-cd5365826550, command=[]} | ret=SUCCESS |  
2019-08-29 22:15:36,183 [main] INFO  ozoneimpl.OzoneContainer (OzoneContainer.java:stop(199)) - Attempting to stop container services.
2019-08-29 22:15:36,184 [main] INFO  impl.RaftServerProxy (RaftServerProxy.java:lambda$close$4(314)) - 69199a0c-562d-44ec-811d-ad45c508d5af: close
2019-08-29 22:15:36,185 [main] INFO  impl.RaftServerImpl (RaftServerImpl.java:lambda$shutdown$3(245)) - 69199a0c-562d-44ec-811d-ad45c508d5af: shutdown group-C45297C63D0C
2019-08-29 22:15:36,186 [main] INFO  util.JmxRegister (JmxRegister.java:unregister(73)) - Successfully un-registered JMX Bean with object name Ratis:service=RaftServer,group=group-C45297C63D0C,id=69199a0c-562d-44ec-811d-ad45c508d5af
2019-08-29 22:15:36,186 [main] INFO  impl.RoleInfo (RoleInfo.java:shutdownLeaderState(104)) - 69199a0c-562d-44ec-811d-ad45c508d5af: shutdown LeaderState
2019-08-29 22:15:36,187 [main] INFO  impl.PendingRequests (PendingRequests.java:sendNotLeaderResponses(202)) - 69199a0c-562d-44ec-811d-ad45c508d5af-PendingRequests: sendNotLeaderResponses
2019-08-29 22:15:36,187 [main] INFO  impl.StateMachineUpdater (StateMachineUpdater.java:stopAndJoin(115)) - StateMachineUpdater:69199a0c-562d-44ec-811d-ad45c508d5af:group-C45297C63D0C: set stopIndex = 0
2019-08-29 22:15:36,188 [main] INFO  impl.RaftServerImpl (ServerState.java:close(394)) - 69199a0c-562d-44ec-811d-ad45c508d5af:group-C45297C63D0C closes. The last applied log index is 0
2019-08-29 22:15:36,188 [69199a0c-562d-44ec-811d-ad45c508d5af-SegmentedRaftLogWorker:Storage Directory /workdir/hadoop-ozone/integration-test/target/test-dir/MiniOzoneClusterImpl-0d05a71f-8f39-424d-8324-47f80402229e/datanode-0/data/ratis/493b3ef9-d74c-425f-ab4a-c45297c63d0c] INFO  segmented.SegmentedRaftLogWorker (SegmentedRaftLogWorker.java:run(313)) - 69199a0c-562d-44ec-811d-ad45c508d5af-SegmentedRaftLogWorker:Storage Directory /workdir/hadoop-ozone/integration-test/target/test-dir/MiniOzoneClusterImpl-0d05a71f-8f39-424d-8324-47f80402229e/datanode-0/data/ratis/493b3ef9-d74c-425f-ab4a-c45297c63d0c was interrupted, exiting. There are 0 tasks remaining in the queue.
2019-08-29 22:15:36,192 [main] INFO  segmented.SegmentedRaftLogWorker (SegmentedRaftLogWorker.java:close(228)) - 69199a0c-562d-44ec-811d-ad45c508d5af-SegmentedRaftLogWorker:Storage Directory /workdir/hadoop-ozone/integration-test/target/test-dir/MiniOzoneClusterImpl-0d05a71f-8f39-424d-8324-47f80402229e/datanode-0/data/ratis/493b3ef9-d74c-425f-ab4a-c45297c63d0c close()
2019-08-29 22:15:36,196 [main] INFO  impl.RaftServerImpl (RaftServerImpl.java:lambda$shutdown$3(245)) - 69199a0c-562d-44ec-811d-ad45c508d5af: shutdown group-81F4D3615B43
2019-08-29 22:15:36,197 [main] INFO  util.JmxRegister (JmxRegister.java:unregister(73)) - Successfully un-registered JMX Bean with object name Ratis:service=RaftServer,group=group-81F4D3615B43,id=69199a0c-562d-44ec-811d-ad45c508d5af
2019-08-29 22:15:36,197 [main] INFO  impl.RoleInfo (RoleInfo.java:shutdownFollowerState(121)) - 69199a0c-562d-44ec-811d-ad45c508d5af: shutdown FollowerState
2019-08-29 22:15:36,197 [main] INFO  impl.StateMachineUpdater (StateMachineUpdater.java:stopAndJoin(115)) - StateMachineUpdater:69199a0c-562d-44ec-811d-ad45c508d5af:group-81F4D3615B43: set stopIndex = 8
2019-08-29 22:15:36,198 [StateMachineUpdater:69199a0c-562d-44ec-811d-ad45c508d5af:group-81F4D3615B43] INFO  ratis.ContainerStateMachine (ContainerStateMachine.java:takeSnapshot(283)) - group-81F4D3615B43: Taking a snapshot at:(t:5, i:6) file /workdir/hadoop-ozone/integration-test/target/test-dir/MiniOzoneClusterImpl-0d05a71f-8f39-424d-8324-47f80402229e/datanode-0/data/ratis/5ecd73c7-1606-4465-af9b-81f4d3615b43/sm/snapshot.5_6
2019-08-29 22:15:36,198 [Thread-454] INFO  impl.FollowerState (FollowerState.java:run(114)) - 69199a0c-562d-44ec-811d-ad45c508d5af: FollowerState was interrupted: java.lang.InterruptedException: sleep interrupted
2019-08-29 22:15:36,207 [StateMachineUpdater:69199a0c-562d-44ec-811d-ad45c508d5af:group-81F4D3615B43] INFO  ratis.ContainerStateMachine (ContainerStateMachine.java:takeSnapshot(294)) - group-81F4D3615B43: Finished taking a snapshot at:(t:5, i:6) file:/workdir/hadoop-ozone/integration-test/target/test-dir/MiniOzoneClusterImpl-0d05a71f-8f39-424d-8324-47f80402229e/datanode-0/data/ratis/5ecd73c7-1606-4465-af9b-81f4d3615b43/sm/snapshot.5_6 time:9
2019-08-29 22:15:36,207 [StateMachineUpdater:69199a0c-562d-44ec-811d-ad45c508d5af:group-81F4D3615B43] INFO  impl.StateMachineUpdater (StateMachineUpdater.java:takeSnapshot(242)) - StateMachineUpdater:69199a0c-562d-44ec-811d-ad45c508d5af:group-81F4D3615B43: Took a snapshot at index 6
2019-08-29 22:15:36,207 [StateMachineUpdater:69199a0c-562d-44ec-811d-ad45c508d5af:group-81F4D3615B43] INFO  impl.StateMachineUpdater (StateMachineUpdater.java:lambda$new$0(80)) - StateMachineUpdater:69199a0c-562d-44ec-811d-ad45c508d5af:group-81F4D3615B43: snapshotIndex: updateIncreasingly -1 -> 6
2019-08-29 22:15:36,208 [main] INFO  impl.RaftServerImpl (ServerState.java:close(394)) - 69199a0c-562d-44ec-811d-ad45c508d5af:group-81F4D3615B43 closes. The last applied log index is 8
2019-08-29 22:15:36,208 [69199a0c-562d-44ec-811d-ad45c508d5af-SegmentedRaftLogWorker:Storage Directory /workdir/hadoop-ozone/integration-test/target/test-dir/MiniOzoneClusterImpl-0d05a71f-8f39-424d-8324-47f80402229e/datanode-0/data/ratis/5ecd73c7-1606-4465-af9b-81f4d3615b43] INFO  segmented.SegmentedRaftLogWorker (SegmentedRaftLogWorker.java:run(313)) - 69199a0c-562d-44ec-811d-ad45c508d5af-SegmentedRaftLogWorker:Storage Directory /workdir/hadoop-ozone/integration-test/target/test-dir/MiniOzoneClusterImpl-0d05a71f-8f39-424d-8324-47f80402229e/datanode-0/data/ratis/5ecd73c7-1606-4465-af9b-81f4d3615b43 was interrupted, exiting. There are 0 tasks remaining in the queue.
2019-08-29 22:15:36,211 [main] INFO  segmented.SegmentedRaftLogWorker (SegmentedRaftLogWorker.java:close(228)) - 69199a0c-562d-44ec-811d-ad45c508d5af-SegmentedRaftLogWorker:Storage Directory /workdir/hadoop-ozone/integration-test/target/test-dir/MiniOzoneClusterImpl-0d05a71f-8f39-424d-8324-47f80402229e/datanode-0/data/ratis/5ecd73c7-1606-4465-af9b-81f4d3615b43 close()
2019-08-29 22:15:36,215 [main] INFO  server.GrpcService (GrpcService.java:closeImpl(155)) - 69199a0c-562d-44ec-811d-ad45c508d5af: shutdown server with port 34410 now
2019-08-29 22:15:36,215 [main] INFO  server.GrpcService (GrpcService.java:closeImpl(163)) - 69199a0c-562d-44ec-811d-ad45c508d5af: shutdown server with port 34410 successfully
2019-08-29 22:15:36,217 [main] INFO  utils.BackgroundService (BackgroundService.java:shutdown(148)) - Shutting down service BlockDeletingService
2019-08-29 22:15:36,218 [refreshUsed-/workdir/hadoop-ozone/integration-test/target/test-dir/MiniOzoneClusterImpl-0d05a71f-8f39-424d-8324-47f80402229e/datanode-0/data/containers] WARN  fs.CachingGetSpaceUsed (CachingGetSpaceUsed.java:run(183)) - Thread Interrupted waiting to refresh disk information: sleep interrupted
2019-08-29 22:15:36,246 [main] INFO  statemachine.DatanodeStateMachine (DatanodeStateMachine.java:stopDaemon(395)) - Ozone container server stopped.
2019-08-29 22:15:36,248 [main] INFO  handler.ContextHandler (ContextHandler.java:doStop(910)) - Stopped o.e.j.w.WebAppContext@10b1a751{/,null,UNAVAILABLE}{/hddsDatanode}
2019-08-29 22:15:36,249 [main] INFO  server.AbstractConnector (AbstractConnector.java:doStop(318)) - Stopped ServerConnector@53cf9c99{HTTP/1.1,[http/1.1]}{0.0.0.0:0}
2019-08-29 22:15:36,249 [main] INFO  handler.ContextHandler (ContextHandler.java:doStop(910)) - Stopped o.e.j.s.ServletContextHandler@1457fde{/static,jar:file:/home/user/.m2/repository/org/apache/hadoop/hadoop-hdds-container-service/0.5.0-SNAPSHOT/hadoop-hdds-container-service-0.5.0-SNAPSHOT.jar!/webapps/static,UNAVAILABLE}
2019-08-29 22:15:36,250 | INFO  | SCMAudit | user=jenkins1000 | ip=192.168.34.49 | op=SEND_HEARTBEAT {datanodeUUID=76d98288-64e6-494f-8cdd-307803370686, command=[]} | ret=SUCCESS |  
2019-08-29 22:15:36,250 [main] INFO  handler.ContextHandler (ContextHandler.java:doStop(910)) - Stopped o.e.j.s.ServletContextHandler@50fb33a{/logs,file:///workdir/hadoop-ozone/integration-test/target/log,UNAVAILABLE}
]]></system-out>
  </testcase>
</testsuite>