<?xml version="1.0" encoding="UTF-8"?>
<testsuite xmlns:xsi="http://www.w3.org/2001/XMLSchema-instance" xsi:noNamespaceSchemaLocation="https://maven.apache.org/surefire/maven-surefire-plugin/xsd/surefire-test-report.xsd" name="org.apache.hadoop.ozone.client.rpc.TestBlockOutputStreamWithFailures" time="676.216" tests="8" errors="0" skipped="0" failures="2">
  <properties>
    <property name="awt.toolkit" value="sun.awt.X11.XToolkit"/>
    <property name="file.encoding.pkg" value="sun.io"/>
    <property name="java.specification.version" value="1.8"/>
    <property name="sun.cpu.isalist" value=""/>
    <property name="sun.jnu.encoding" value="UTF-8"/>
    <property name="java.class.path" value="/workdir/hadoop-ozone/integration-test/target/test-classes:/workdir/hadoop-ozone/integration-test/target/classes:/home/user/.m2/repository/org/apache/hadoop/hadoop-ozone-common/0.5.0-SNAPSHOT/hadoop-ozone-common-0.5.0-SNAPSHOT.jar:/home/user/.m2/repository/org/apache/commons/commons-compress/1.4.1/commons-compress-1.4.1.jar:/home/user/.m2/repository/org/tukaani/xz/1.0/xz-1.0.jar:/home/user/.m2/repository/org/apache/hadoop/hadoop-common/3.2.0/hadoop-common-3.2.0.jar:/home/user/.m2/repository/org/apache/hadoop/hadoop-hdfs/3.2.0/hadoop-hdfs-3.2.0.jar:/home/user/.m2/repository/org/apache/hadoop/hadoop-hdfs-client/3.2.0/hadoop-hdfs-client-3.2.0.jar:/home/user/.m2/repository/com/fasterxml/jackson/core/jackson-annotations/2.9.5/jackson-annotations-2.9.5.jar:/home/user/.m2/repository/org/apache/hadoop/hadoop-hdds-common/0.5.0-SNAPSHOT/hadoop-hdds-common-0.5.0-SNAPSHOT.jar:/home/user/.m2/repository/javax/annotation/javax.annotation-api/1.2/javax.annotation-api-1.2.jar:/home/user/.m2/repository/org/apache/ratis/ratis-server/0.4.0-2337318-SNAPSHOT/ratis-server-0.4.0-2337318-SNAPSHOT.jar:/home/user/.m2/repository/org/apache/ratis/ratis-thirdparty-misc/0.2.0/ratis-thirdparty-misc-0.2.0.jar:/home/user/.m2/repository/org/apache/ratis/ratis-proto/0.4.0-2337318-SNAPSHOT/ratis-proto-0.4.0-2337318-SNAPSHOT.jar:/home/user/.m2/repository/org/apache/ratis/ratis-common/0.4.0-2337318-SNAPSHOT/ratis-common-0.4.0-2337318-SNAPSHOT.jar:/home/user/.m2/repository/org/apache/ratis/ratis-client/0.4.0-2337318-SNAPSHOT/ratis-client-0.4.0-2337318-SNAPSHOT.jar:/home/user/.m2/repository/org/apache/ratis/ratis-metrics/0.4.0-2337318-SNAPSHOT/ratis-metrics-0.4.0-2337318-SNAPSHOT.jar:/home/user/.m2/repository/org/apache/ratis/ratis-netty/0.4.0-2337318-SNAPSHOT/ratis-netty-0.4.0-2337318-SNAPSHOT.jar:/home/user/.m2/repository/org/apache/ratis/ratis-grpc/0.4.0-2337318-SNAPSHOT/ratis-grpc-0.4.0-2337318-SNAPSHOT.jar:/home/user/.m2/repository/org/rocksdb/rocksdbjni/6.0.1/rocksdbjni-6.0.1.jar:/home/user/.m2/repository/org/apache/logging/log4j/log4j-api/2.11.0/log4j-api-2.11.0.jar:/home/user/.m2/repository/org/apache/logging/log4j/log4j-core/2.11.0/log4j-core-2.11.0.jar:/home/user/.m2/repository/com/lmax/disruptor/3.4.2/disruptor-3.4.2.jar:/home/user/.m2/repository/org/apache/commons/commons-pool2/2.6.0/commons-pool2-2.6.0.jar:/home/user/.m2/repository/org/bouncycastle/bcpkix-jdk15on/1.60/bcpkix-jdk15on-1.60.jar:/home/user/.m2/repository/commons-validator/commons-validator/1.6/commons-validator-1.6.jar:/home/user/.m2/repository/commons-digester/commons-digester/1.8.1/commons-digester-1.8.1.jar:/home/user/.m2/repository/io/jaegertracing/jaeger-client/0.33.1/jaeger-client-0.33.1.jar:/home/user/.m2/repository/io/jaegertracing/jaeger-thrift/0.33.1/jaeger-thrift-0.33.1.jar:/home/user/.m2/repository/org/apache/thrift/libthrift/0.11.0/libthrift-0.11.0.jar:/home/user/.m2/repository/com/squareup/okhttp3/okhttp/3.9.0/okhttp-3.9.0.jar:/home/user/.m2/repository/com/squareup/okio/okio/1.13.0/okio-1.13.0.jar:/home/user/.m2/repository/io/jaegertracing/jaeger-core/0.33.1/jaeger-core-0.33.1.jar:/home/user/.m2/repository/io/jaegertracing/jaeger-tracerresolver/0.33.1/jaeger-tracerresolver-0.33.1.jar:/home/user/.m2/repository/io/opentracing/contrib/opentracing-tracerresolver/0.1.5/opentracing-tracerresolver-0.1.5.jar:/home/user/.m2/repository/io/opentracing/opentracing-util/0.31.0/opentracing-util-0.31.0.jar:/home/user/.m2/repository/io/opentracing/opentracing-api/0.31.0/opentracing-api-0.31.0.jar:/home/user/.m2/repository/io/opentracing/opentracing-noop/0.31.0/opentracing-noop-0.31.0.jar:/home/user/.m2/repository/org/apache/hadoop/hadoop-hdds-server-framework/0.5.0-SNAPSHOT/hadoop-hdds-server-framework-0.5.0-SNAPSHOT.jar:/home/user/.m2/repository/org/apache/hadoop/hadoop-hdds-container-service/0.5.0-SNAPSHOT/hadoop-hdds-container-service-0.5.0-SNAPSHOT.jar:/home/user/.m2/repository/org/apache/hadoop/hadoop-hdds-client/0.5.0-SNAPSHOT/hadoop-hdds-client-0.5.0-SNAPSHOT.jar:/home/user/.m2/repository/org/apache/hadoop/hadoop-hdds-tools/0.5.0-SNAPSHOT/hadoop-hdds-tools-0.5.0-SNAPSHOT.jar:/home/user/.m2/repository/org/apache/hadoop/hadoop-hdds-server-scm/0.5.0-SNAPSHOT/hadoop-hdds-server-scm-0.5.0-SNAPSHOT.jar:/home/user/.m2/repository/org/apache/hadoop/hadoop-hdds-docs/0.5.0-SNAPSHOT/hadoop-hdds-docs-0.5.0-SNAPSHOT.jar:/home/user/.m2/repository/io/dropwizard/metrics/metrics-core/3.2.4/metrics-core-3.2.4.jar:/home/user/.m2/repository/org/hamcrest/hamcrest-all/1.3/hamcrest-all-1.3.jar:/home/user/.m2/repository/org/bouncycastle/bcprov-jdk15on/1.60/bcprov-jdk15on-1.60.jar:/home/user/.m2/repository/info/picocli/picocli/3.9.6/picocli-3.9.6.jar:/home/user/.m2/repository/com/google/protobuf/protobuf-java/2.5.0/protobuf-java-2.5.0.jar:/home/user/.m2/repository/com/google/guava/guava/11.0.2/guava-11.0.2.jar:/home/user/.m2/repository/org/apache/hadoop/hadoop-ozone-ozone-manager/0.5.0-SNAPSHOT/hadoop-ozone-ozone-manager-0.5.0-SNAPSHOT.jar:/home/user/.m2/repository/org/apache/hadoop/hadoop-minikdc/3.2.0/hadoop-minikdc-3.2.0.jar:/home/user/.m2/repository/commons-io/commons-io/2.5/commons-io-2.5.jar:/home/user/.m2/repository/org/apache/kerby/kerb-simplekdc/1.0.1/kerb-simplekdc-1.0.1.jar:/home/user/.m2/repository/org/apache/kerby/kerb-client/1.0.1/kerb-client-1.0.1.jar:/home/user/.m2/repository/org/apache/kerby/kerby-config/1.0.1/kerby-config-1.0.1.jar:/home/user/.m2/repository/org/apache/kerby/kerb-core/1.0.1/kerb-core-1.0.1.jar:/home/user/.m2/repository/org/apache/kerby/kerby-pkix/1.0.1/kerby-pkix-1.0.1.jar:/home/user/.m2/repository/org/apache/kerby/kerby-asn1/1.0.1/kerby-asn1-1.0.1.jar:/home/user/.m2/repository/org/apache/kerby/kerby-util/1.0.1/kerby-util-1.0.1.jar:/home/user/.m2/repository/org/apache/kerby/kerb-common/1.0.1/kerb-common-1.0.1.jar:/home/user/.m2/repository/org/apache/kerby/kerb-crypto/1.0.1/kerb-crypto-1.0.1.jar:/home/user/.m2/repository/org/apache/kerby/kerb-util/1.0.1/kerb-util-1.0.1.jar:/home/user/.m2/repository/org/apache/kerby/token-provider/1.0.1/token-provider-1.0.1.jar:/home/user/.m2/repository/org/apache/kerby/kerb-admin/1.0.1/kerb-admin-1.0.1.jar:/home/user/.m2/repository/org/apache/kerby/kerb-server/1.0.1/kerb-server-1.0.1.jar:/home/user/.m2/repository/org/apache/kerby/kerb-identity/1.0.1/kerb-identity-1.0.1.jar:/home/user/.m2/repository/org/apache/kerby/kerby-xdr/1.0.1/kerby-xdr-1.0.1.jar:/home/user/.m2/repository/org/slf4j/slf4j-log4j12/1.7.25/slf4j-log4j12-1.7.25.jar:/home/user/.m2/repository/org/apache/hadoop/hadoop-ozone-s3gateway/0.5.0-SNAPSHOT/hadoop-ozone-s3gateway-0.5.0-SNAPSHOT.jar:/home/user/.m2/repository/org/jboss/weld/servlet/weld-servlet/2.4.7.Final/weld-servlet-2.4.7.Final.jar:/home/user/.m2/repository/org/glassfish/jersey/containers/jersey-container-servlet-core/2.27/jersey-container-servlet-core-2.27.jar:/home/user/.m2/repository/org/glassfish/hk2/external/javax.inject/2.5.0-b42/javax.inject-2.5.0-b42.jar:/home/user/.m2/repository/org/glassfish/jersey/core/jersey-common/2.27/jersey-common-2.27.jar:/home/user/.m2/repository/org/glassfish/hk2/osgi-resource-locator/1.0.1/osgi-resource-locator-1.0.1.jar:/home/user/.m2/repository/javax/ws/rs/javax.ws.rs-api/2.1/javax.ws.rs-api-2.1.jar:/home/user/.m2/repository/org/glassfish/jersey/ext/cdi/jersey-cdi1x/2.27/jersey-cdi1x-2.27.jar:/home/user/.m2/repository/org/glassfish/jersey/inject/jersey-hk2/2.27/jersey-hk2-2.27.jar:/home/user/.m2/repository/org/glassfish/hk2/hk2-locator/2.5.0-b42/hk2-locator-2.5.0-b42.jar:/home/user/.m2/repository/org/javassist/javassist/3.22.0-CR2/javassist-3.22.0-CR2.jar:/home/user/.m2/repository/org/glassfish/hk2/hk2-api/2.5.0/hk2-api-2.5.0.jar:/home/user/.m2/repository/org/glassfish/hk2/external/jakarta.inject/2.5.0/jakarta.inject-2.5.0.jar:/home/user/.m2/repository/org/glassfish/hk2/hk2-utils/2.5.0/hk2-utils-2.5.0.jar:/home/user/.m2/repository/jakarta/annotation/jakarta.annotation-api/1.3.4/jakarta.annotation-api-1.3.4.jar:/home/user/.m2/repository/org/glassfish/hk2/external/aopalliance-repackaged/2.5.0/aopalliance-repackaged-2.5.0.jar:/home/user/.m2/repository/com/fasterxml/jackson/dataformat/jackson-dataformat-xml/2.9.0/jackson-dataformat-xml-2.9.0.jar:/home/user/.m2/repository/com/fasterxml/jackson/core/jackson-core/2.9.5/jackson-core-2.9.5.jar:/home/user/.m2/repository/com/fasterxml/jackson/module/jackson-module-jaxb-annotations/2.9.5/jackson-module-jaxb-annotations-2.9.5.jar:/home/user/.m2/repository/javax/enterprise/cdi-api/1.2/cdi-api-1.2.jar:/home/user/.m2/repository/javax/el/javax.el-api/3.0.0/javax.el-api-3.0.0.jar:/home/user/.m2/repository/javax/interceptor/javax.interceptor-api/1.2/javax.interceptor-api-1.2.jar:/home/user/.m2/repository/javax/inject/javax.inject/1/javax.inject-1.jar:/home/user/.m2/repository/com/sun/xml/bind/jaxb-impl/2.3.0.1/jaxb-impl-2.3.0.1.jar:/home/user/.m2/repository/com/sun/xml/bind/jaxb-core/2.3.0.1/jaxb-core-2.3.0.1.jar:/home/user/.m2/repository/javax/xml/bind/jaxb-api/2.3.0/jaxb-api-2.3.0.jar:/home/user/.m2/repository/javax/activation/activation/1.1.1/activation-1.1.1.jar:/home/user/.m2/repository/org/apache/hadoop/hadoop-ozone-csi/0.5.0-SNAPSHOT/hadoop-ozone-csi-0.5.0-SNAPSHOT.jar:/home/user/.m2/repository/com/google/protobuf/protobuf-java-util/3.5.1/protobuf-java-util-3.5.1.jar:/home/user/.m2/repository/org/apache/hadoop/hadoop-hdds-config/0.5.0-SNAPSHOT/hadoop-hdds-config-0.5.0-SNAPSHOT.jar:/home/user/.m2/repository/io/grpc/grpc-netty/1.17.1/grpc-netty-1.17.1.jar:/home/user/.m2/repository/io/grpc/grpc-core/1.17.1/grpc-core-1.17.1.jar:/home/user/.m2/repository/io/grpc/grpc-context/1.17.1/grpc-context-1.17.1.jar:/home/user/.m2/repository/com/google/errorprone/error_prone_annotations/2.2.0/error_prone_annotations-2.2.0.jar:/home/user/.m2/repository/org/codehaus/mojo/animal-sniffer-annotations/1.17/animal-sniffer-annotations-1.17.jar:/home/user/.m2/repository/io/opencensus/opencensus-api/0.17.0/opencensus-api-0.17.0.jar:/home/user/.m2/repository/io/opencensus/opencensus-contrib-grpc-metrics/0.17.0/opencensus-contrib-grpc-metrics-0.17.0.jar:/home/user/.m2/repository/io/netty/netty-codec-http2/4.1.30.Final/netty-codec-http2-4.1.30.Final.jar:/home/user/.m2/repository/io/netty/netty-codec-http/4.1.30.Final/netty-codec-http-4.1.30.Final.jar:/home/user/.m2/repository/io/netty/netty-codec/4.1.30.Final/netty-codec-4.1.30.Final.jar:/home/user/.m2/repository/io/netty/netty-handler/4.1.30.Final/netty-handler-4.1.30.Final.jar:/home/user/.m2/repository/io/netty/netty-handler-proxy/4.1.30.Final/netty-handler-proxy-4.1.30.Final.jar:/home/user/.m2/repository/io/netty/netty-codec-socks/4.1.30.Final/netty-codec-socks-4.1.30.Final.jar:/home/user/.m2/repository/io/netty/netty-transport-native-epoll/4.1.30.Final/netty-transport-native-epoll-4.1.30.Final.jar:/home/user/.m2/repository/io/netty/netty-common/4.1.30.Final/netty-common-4.1.30.Final.jar:/home/user/.m2/repository/io/netty/netty-buffer/4.1.30.Final/netty-buffer-4.1.30.Final.jar:/home/user/.m2/repository/io/netty/netty-transport/4.1.30.Final/netty-transport-4.1.30.Final.jar:/home/user/.m2/repository/io/netty/netty-resolver/4.1.30.Final/netty-resolver-4.1.30.Final.jar:/home/user/.m2/repository/io/netty/netty-transport-native-unix-common/4.1.30.Final/netty-transport-native-unix-common-4.1.30.Final.jar:/home/user/.m2/repository/io/grpc/grpc-protobuf/1.17.1/grpc-protobuf-1.17.1.jar:/home/user/.m2/repository/com/google/api/grpc/proto-google-common-protos/1.0.0/proto-google-common-protos-1.0.0.jar:/home/user/.m2/repository/io/grpc/grpc-protobuf-lite/1.17.1/grpc-protobuf-lite-1.17.1.jar:/home/user/.m2/repository/io/grpc/grpc-stub/1.17.1/grpc-stub-1.17.1.jar:/home/user/.m2/repository/org/apache/hadoop/hadoop-ozone-recon/0.5.0-SNAPSHOT/hadoop-ozone-recon-0.5.0-SNAPSHOT.jar:/home/user/.m2/repository/org/apache/hadoop/hadoop-ozone-reconcodegen/0.5.0-SNAPSHOT/hadoop-ozone-reconcodegen-0.5.0-SNAPSHOT.jar:/home/user/.m2/repository/com/google/inject/extensions/guice-multibindings/4.0/guice-multibindings-4.0.jar:/home/user/.m2/repository/com/google/inject/guice/4.0/guice-4.0.jar:/home/user/.m2/repository/aopalliance/aopalliance/1.0/aopalliance-1.0.jar:/home/user/.m2/repository/com/google/inject/extensions/guice-servlet/4.0/guice-servlet-4.0.jar:/home/user/.m2/repository/org/glassfish/jersey/containers/jersey-container-servlet/2.27/jersey-container-servlet-2.27.jar:/home/user/.m2/repository/org/glassfish/hk2/guice-bridge/2.5.0/guice-bridge-2.5.0.jar:/home/user/.m2/repository/org/glassfish/jersey/core/jersey-server/2.27/jersey-server-2.27.jar:/home/user/.m2/repository/org/glassfish/jersey/core/jersey-client/2.27/jersey-client-2.27.jar:/home/user/.m2/repository/org/glassfish/jersey/media/jersey-media-jaxb/2.27/jersey-media-jaxb-2.27.jar:/home/user/.m2/repository/javax/validation/validation-api/1.1.0.Final/validation-api-1.1.0.Final.jar:/home/user/.m2/repository/org/glassfish/jersey/media/jersey-media-json-jackson/2.27/jersey-media-json-jackson-2.27.jar:/home/user/.m2/repository/org/glassfish/jersey/ext/jersey-entity-filtering/2.27/jersey-entity-filtering-2.27.jar:/home/user/.m2/repository/com/google/inject/extensions/guice-assistedinject/4.0/guice-assistedinject-4.0.jar:/home/user/.m2/repository/org/jooq/jooq/3.11.10/jooq-3.11.10.jar:/home/user/.m2/repository/org/jooq/jooq-meta/3.11.10/jooq-meta-3.11.10.jar:/home/user/.m2/repository/org/jooq/jooq-codegen/3.11.10/jooq-codegen-3.11.10.jar:/home/user/.m2/repository/com/jolbox/bonecp/0.8.0.RELEASE/bonecp-0.8.0.RELEASE.jar:/home/user/.m2/repository/org/xerial/sqlite-jdbc/3.25.2/sqlite-jdbc-3.25.2.jar:/home/user/.m2/repository/org/springframework/spring-jdbc/5.1.3.RELEASE/spring-jdbc-5.1.3.RELEASE.jar:/home/user/.m2/repository/org/springframework/spring-beans/5.1.3.RELEASE/spring-beans-5.1.3.RELEASE.jar:/home/user/.m2/repository/org/springframework/spring-core/5.1.3.RELEASE/spring-core-5.1.3.RELEASE.jar:/home/user/.m2/repository/org/springframework/spring-jcl/5.1.3.RELEASE/spring-jcl-5.1.3.RELEASE.jar:/home/user/.m2/repository/org/springframework/spring-tx/5.1.3.RELEASE/spring-tx-5.1.3.RELEASE.jar:/home/user/.m2/repository/org/apache/hadoop/hadoop-ozone-client/0.5.0-SNAPSHOT/hadoop-ozone-client-0.5.0-SNAPSHOT.jar:/home/user/.m2/repository/commons-lang/commons-lang/2.6/commons-lang-2.6.jar:/home/user/.m2/repository/org/apache/hadoop/hadoop-ozone-ozone-manager/0.5.0-SNAPSHOT/hadoop-ozone-ozone-manager-0.5.0-SNAPSHOT-tests.jar:/home/user/.m2/repository/junit/junit/4.11/junit-4.11.jar:/home/user/.m2/repository/org/hamcrest/hamcrest-core/1.3/hamcrest-core-1.3.jar:/home/user/.m2/repository/org/openjdk/jmh/jmh-core/1.19/jmh-core-1.19.jar:/home/user/.m2/repository/net/sf/jopt-simple/jopt-simple/4.6/jopt-simple-4.6.jar:/home/user/.m2/repository/org/apache/commons/commons-math3/3.1.1/commons-math3-3.1.1.jar:/home/user/.m2/repository/org/openjdk/jmh/jmh-generator-annprocess/1.19/jmh-generator-annprocess-1.19.jar:/home/user/.m2/repository/org/mockito/mockito-all/1.8.5/mockito-all-1.8.5.jar:/home/user/.m2/repository/org/apache/hadoop/hadoop-kms/3.2.0/hadoop-kms-3.2.0.jar:/home/user/.m2/repository/org/apache/hadoop/hadoop-auth/3.2.0/hadoop-auth-3.2.0.jar:/home/user/.m2/repository/com/nimbusds/nimbus-jose-jwt/4.41.1/nimbus-jose-jwt-4.41.1.jar:/home/user/.m2/repository/com/github/stephenc/jcip/jcip-annotations/1.0-1/jcip-annotations-1.0-1.jar:/home/user/.m2/repository/net/minidev/json-smart/2.3/json-smart-2.3.jar:/home/user/.m2/repository/net/minidev/accessors-smart/1.2/accessors-smart-1.2.jar:/home/user/.m2/repository/org/ow2/asm/asm/5.0.4/asm-5.0.4.jar:/home/user/.m2/repository/org/apache/curator/curator-framework/2.12.0/curator-framework-2.12.0.jar:/home/user/.m2/repository/com/sun/jersey/jersey-core/1.19/jersey-core-1.19.jar:/home/user/.m2/repository/javax/ws/rs/jsr311-api/1.1.1/jsr311-api-1.1.1.jar:/home/user/.m2/repository/com/sun/jersey/jersey-server/1.19/jersey-server-1.19.jar:/home/user/.m2/repository/javax/servlet/javax.servlet-api/3.1.0/javax.servlet-api-3.1.0.jar:/home/user/.m2/repository/org/eclipse/jetty/jetty-server/9.3.24.v20180605/jetty-server-9.3.24.v20180605.jar:/home/user/.m2/repository/org/eclipse/jetty/jetty-http/9.3.24.v20180605/jetty-http-9.3.24.v20180605.jar:/home/user/.m2/repository/org/eclipse/jetty/jetty-io/9.3.24.v20180605/jetty-io-9.3.24.v20180605.jar:/home/user/.m2/repository/org/eclipse/jetty/jetty-webapp/9.3.24.v20180605/jetty-webapp-9.3.24.v20180605.jar:/home/user/.m2/repository/org/eclipse/jetty/jetty-xml/9.3.24.v20180605/jetty-xml-9.3.24.v20180605.jar:/home/user/.m2/repository/log4j/log4j/1.2.17/log4j-1.2.17.jar:/home/user/.m2/repository/org/slf4j/slf4j-api/1.7.25/slf4j-api-1.7.25.jar:/home/user/.m2/repository/org/slf4j/jul-to-slf4j/1.7.25/jul-to-slf4j-1.7.25.jar:/home/user/.m2/repository/org/eclipse/jetty/jetty-util/9.3.24.v20180605/jetty-util-9.3.24.v20180605.jar:/home/user/.m2/repository/com/fasterxml/jackson/core/jackson-databind/2.9.5/jackson-databind-2.9.5.jar:/home/user/.m2/repository/org/apache/hadoop/hadoop-kms/3.2.0/hadoop-kms-3.2.0-tests.jar:/home/user/.m2/repository/org/apache/hadoop/hadoop-hdds-server-scm/0.5.0-SNAPSHOT/hadoop-hdds-server-scm-0.5.0-SNAPSHOT-tests.jar:/home/user/.m2/repository/org/apache/hadoop/hadoop-hdds-container-service/0.5.0-SNAPSHOT/hadoop-hdds-container-service-0.5.0-SNAPSHOT-tests.jar:/home/user/.m2/repository/org/yaml/snakeyaml/1.16/snakeyaml-1.16.jar:/home/user/.m2/repository/org/apache/hadoop/hadoop-common/3.2.0/hadoop-common-3.2.0-tests.jar:/home/user/.m2/repository/org/apache/hadoop/hadoop-annotations/3.2.0/hadoop-annotations-3.2.0.jar:/usr/lib/jvm/java-1.8-openjdk/jre/../lib/tools.jar:/home/user/.m2/repository/commons-cli/commons-cli/1.2/commons-cli-1.2.jar:/home/user/.m2/repository/org/apache/httpcomponents/httpclient/4.5.2/httpclient-4.5.2.jar:/home/user/.m2/repository/org/apache/httpcomponents/httpcore/4.4.4/httpcore-4.4.4.jar:/home/user/.m2/repository/commons-codec/commons-codec/1.11/commons-codec-1.11.jar:/home/user/.m2/repository/commons-net/commons-net/3.6/commons-net-3.6.jar:/home/user/.m2/repository/commons-collections/commons-collections/3.2.2/commons-collections-3.2.2.jar:/home/user/.m2/repository/org/eclipse/jetty/jetty-servlet/9.3.24.v20180605/jetty-servlet-9.3.24.v20180605.jar:/home/user/.m2/repository/org/eclipse/jetty/jetty-security/9.3.24.v20180605/jetty-security-9.3.24.v20180605.jar:/home/user/.m2/repository/javax/servlet/jsp/jsp-api/2.1/jsp-api-2.1.jar:/home/user/.m2/repository/com/sun/jersey/jersey-servlet/1.19/jersey-servlet-1.19.jar:/home/user/.m2/repository/com/sun/jersey/jersey-json/1.19/jersey-json-1.19.jar:/home/user/.m2/repository/org/codehaus/jettison/jettison/1.1/jettison-1.1.jar:/home/user/.m2/repository/org/codehaus/jackson/jackson-core-asl/1.9.13/jackson-core-asl-1.9.13.jar:/home/user/.m2/repository/org/codehaus/jackson/jackson-mapper-asl/1.9.13/jackson-mapper-asl-1.9.13.jar:/home/user/.m2/repository/org/codehaus/jackson/jackson-jaxrs/1.9.13/jackson-jaxrs-1.9.13.jar:/home/user/.m2/repository/org/codehaus/jackson/jackson-xc/1.9.13/jackson-xc-1.9.13.jar:/home/user/.m2/repository/commons-logging/commons-logging/1.1.3/commons-logging-1.1.3.jar:/home/user/.m2/repository/commons-beanutils/commons-beanutils/1.9.3/commons-beanutils-1.9.3.jar:/home/user/.m2/repository/org/apache/commons/commons-configuration2/2.1.1/commons-configuration2-2.1.1.jar:/home/user/.m2/repository/org/apache/commons/commons-lang3/3.7/commons-lang3-3.7.jar:/home/user/.m2/repository/org/apache/commons/commons-text/1.4/commons-text-1.4.jar:/home/user/.m2/repository/org/apache/avro/avro/1.7.7/avro-1.7.7.jar:/home/user/.m2/repository/com/thoughtworks/paranamer/paranamer/2.3/paranamer-2.3.jar:/home/user/.m2/repository/org/xerial/snappy/snappy-java/1.0.5/snappy-java-1.0.5.jar:/home/user/.m2/repository/com/google/re2j/re2j/1.1/re2j-1.1.jar:/home/user/.m2/repository/com/google/code/gson/gson/2.2.4/gson-2.2.4.jar:/home/user/.m2/repository/com/jcraft/jsch/0.1.54/jsch-0.1.54.jar:/home/user/.m2/repository/org/apache/curator/curator-client/2.12.0/curator-client-2.12.0.jar:/home/user/.m2/repository/org/apache/curator/curator-recipes/2.12.0/curator-recipes-2.12.0.jar:/home/user/.m2/repository/com/google/code/findbugs/jsr305/3.0.0/jsr305-3.0.0.jar:/home/user/.m2/repository/org/apache/htrace/htrace-core4/4.1.0-incubating/htrace-core4-4.1.0-incubating.jar:/home/user/.m2/repository/org/apache/zookeeper/zookeeper/3.4.13/zookeeper-3.4.13.jar:/home/user/.m2/repository/org/apache/yetus/audience-annotations/0.5.0/audience-annotations-0.5.0.jar:/home/user/.m2/repository/org/codehaus/woodstox/stax2-api/3.1.4/stax2-api-3.1.4.jar:/home/user/.m2/repository/com/fasterxml/woodstox/woodstox-core/5.0.3/woodstox-core-5.0.3.jar:/home/user/.m2/repository/dnsjava/dnsjava/2.1.7/dnsjava-2.1.7.jar:/home/user/.m2/repository/org/apache/hadoop/hadoop-hdfs/3.2.0/hadoop-hdfs-3.2.0-tests.jar:/home/user/.m2/repository/org/eclipse/jetty/jetty-util-ajax/9.3.24.v20180605/jetty-util-ajax-9.3.24.v20180605.jar:/home/user/.m2/repository/commons-daemon/commons-daemon/1.0.13/commons-daemon-1.0.13.jar:/home/user/.m2/repository/io/netty/netty/3.10.5.Final/netty-3.10.5.Final.jar:/home/user/.m2/repository/io/netty/netty-all/4.0.52.Final/netty-all-4.0.52.Final.jar:/home/user/.m2/repository/org/fusesource/leveldbjni/leveldbjni-all/1.8/leveldbjni-all-1.8.jar:"/>
    <property name="java.vm.vendor" value="IcedTea"/>
    <property name="sun.arch.data.model" value="64"/>
    <property name="test.build.dir" value="/workdir/hadoop-ozone/integration-test/target/test-dir"/>
    <property name="test.cache.data" value=""/>
    <property name="java.vendor.url" value="https://icedtea.classpath.org"/>
    <property name="user.timezone" value=""/>
    <property name="java.vm.specification.version" value="1.8"/>
    <property name="os.name" value="Linux"/>
    <property name="test.build.data" value="/workdir/hadoop-ozone/integration-test/target/test-dir"/>
    <property name="user.country" value="US"/>
    <property name="sun.java.launcher" value="SUN_STANDARD"/>
    <property name="sun.boot.library.path" value="/usr/lib/jvm/java-1.8-openjdk/jre/lib/amd64"/>
    <property name="sun.java.command" value="/workdir/hadoop-ozone/integration-test/target/surefire/surefirebooter1144599732635995947.jar /workdir/hadoop-ozone/integration-test/target/surefire 2019-09-09T17-34-11_170-jvmRun1 surefire6490862092944730579tmp surefire_371042958166560060402tmp"/>
    <property name="test" value="!TestMiniChaosOzoneCluster"/>
    <property name="surefire.test.class.path" value="/workdir/hadoop-ozone/integration-test/target/test-classes:/workdir/hadoop-ozone/integration-test/target/classes:/home/user/.m2/repository/org/apache/hadoop/hadoop-ozone-common/0.5.0-SNAPSHOT/hadoop-ozone-common-0.5.0-SNAPSHOT.jar:/home/user/.m2/repository/org/apache/commons/commons-compress/1.4.1/commons-compress-1.4.1.jar:/home/user/.m2/repository/org/tukaani/xz/1.0/xz-1.0.jar:/home/user/.m2/repository/org/apache/hadoop/hadoop-common/3.2.0/hadoop-common-3.2.0.jar:/home/user/.m2/repository/org/apache/hadoop/hadoop-hdfs/3.2.0/hadoop-hdfs-3.2.0.jar:/home/user/.m2/repository/org/apache/hadoop/hadoop-hdfs-client/3.2.0/hadoop-hdfs-client-3.2.0.jar:/home/user/.m2/repository/com/fasterxml/jackson/core/jackson-annotations/2.9.5/jackson-annotations-2.9.5.jar:/home/user/.m2/repository/org/apache/hadoop/hadoop-hdds-common/0.5.0-SNAPSHOT/hadoop-hdds-common-0.5.0-SNAPSHOT.jar:/home/user/.m2/repository/javax/annotation/javax.annotation-api/1.2/javax.annotation-api-1.2.jar:/home/user/.m2/repository/org/apache/ratis/ratis-server/0.4.0-2337318-SNAPSHOT/ratis-server-0.4.0-2337318-SNAPSHOT.jar:/home/user/.m2/repository/org/apache/ratis/ratis-thirdparty-misc/0.2.0/ratis-thirdparty-misc-0.2.0.jar:/home/user/.m2/repository/org/apache/ratis/ratis-proto/0.4.0-2337318-SNAPSHOT/ratis-proto-0.4.0-2337318-SNAPSHOT.jar:/home/user/.m2/repository/org/apache/ratis/ratis-common/0.4.0-2337318-SNAPSHOT/ratis-common-0.4.0-2337318-SNAPSHOT.jar:/home/user/.m2/repository/org/apache/ratis/ratis-client/0.4.0-2337318-SNAPSHOT/ratis-client-0.4.0-2337318-SNAPSHOT.jar:/home/user/.m2/repository/org/apache/ratis/ratis-metrics/0.4.0-2337318-SNAPSHOT/ratis-metrics-0.4.0-2337318-SNAPSHOT.jar:/home/user/.m2/repository/org/apache/ratis/ratis-netty/0.4.0-2337318-SNAPSHOT/ratis-netty-0.4.0-2337318-SNAPSHOT.jar:/home/user/.m2/repository/org/apache/ratis/ratis-grpc/0.4.0-2337318-SNAPSHOT/ratis-grpc-0.4.0-2337318-SNAPSHOT.jar:/home/user/.m2/repository/org/rocksdb/rocksdbjni/6.0.1/rocksdbjni-6.0.1.jar:/home/user/.m2/repository/org/apache/logging/log4j/log4j-api/2.11.0/log4j-api-2.11.0.jar:/home/user/.m2/repository/org/apache/logging/log4j/log4j-core/2.11.0/log4j-core-2.11.0.jar:/home/user/.m2/repository/com/lmax/disruptor/3.4.2/disruptor-3.4.2.jar:/home/user/.m2/repository/org/apache/commons/commons-pool2/2.6.0/commons-pool2-2.6.0.jar:/home/user/.m2/repository/org/bouncycastle/bcpkix-jdk15on/1.60/bcpkix-jdk15on-1.60.jar:/home/user/.m2/repository/commons-validator/commons-validator/1.6/commons-validator-1.6.jar:/home/user/.m2/repository/commons-digester/commons-digester/1.8.1/commons-digester-1.8.1.jar:/home/user/.m2/repository/io/jaegertracing/jaeger-client/0.33.1/jaeger-client-0.33.1.jar:/home/user/.m2/repository/io/jaegertracing/jaeger-thrift/0.33.1/jaeger-thrift-0.33.1.jar:/home/user/.m2/repository/org/apache/thrift/libthrift/0.11.0/libthrift-0.11.0.jar:/home/user/.m2/repository/com/squareup/okhttp3/okhttp/3.9.0/okhttp-3.9.0.jar:/home/user/.m2/repository/com/squareup/okio/okio/1.13.0/okio-1.13.0.jar:/home/user/.m2/repository/io/jaegertracing/jaeger-core/0.33.1/jaeger-core-0.33.1.jar:/home/user/.m2/repository/io/jaegertracing/jaeger-tracerresolver/0.33.1/jaeger-tracerresolver-0.33.1.jar:/home/user/.m2/repository/io/opentracing/contrib/opentracing-tracerresolver/0.1.5/opentracing-tracerresolver-0.1.5.jar:/home/user/.m2/repository/io/opentracing/opentracing-util/0.31.0/opentracing-util-0.31.0.jar:/home/user/.m2/repository/io/opentracing/opentracing-api/0.31.0/opentracing-api-0.31.0.jar:/home/user/.m2/repository/io/opentracing/opentracing-noop/0.31.0/opentracing-noop-0.31.0.jar:/home/user/.m2/repository/org/apache/hadoop/hadoop-hdds-server-framework/0.5.0-SNAPSHOT/hadoop-hdds-server-framework-0.5.0-SNAPSHOT.jar:/home/user/.m2/repository/org/apache/hadoop/hadoop-hdds-container-service/0.5.0-SNAPSHOT/hadoop-hdds-container-service-0.5.0-SNAPSHOT.jar:/home/user/.m2/repository/org/apache/hadoop/hadoop-hdds-client/0.5.0-SNAPSHOT/hadoop-hdds-client-0.5.0-SNAPSHOT.jar:/home/user/.m2/repository/org/apache/hadoop/hadoop-hdds-tools/0.5.0-SNAPSHOT/hadoop-hdds-tools-0.5.0-SNAPSHOT.jar:/home/user/.m2/repository/org/apache/hadoop/hadoop-hdds-server-scm/0.5.0-SNAPSHOT/hadoop-hdds-server-scm-0.5.0-SNAPSHOT.jar:/home/user/.m2/repository/org/apache/hadoop/hadoop-hdds-docs/0.5.0-SNAPSHOT/hadoop-hdds-docs-0.5.0-SNAPSHOT.jar:/home/user/.m2/repository/io/dropwizard/metrics/metrics-core/3.2.4/metrics-core-3.2.4.jar:/home/user/.m2/repository/org/hamcrest/hamcrest-all/1.3/hamcrest-all-1.3.jar:/home/user/.m2/repository/org/bouncycastle/bcprov-jdk15on/1.60/bcprov-jdk15on-1.60.jar:/home/user/.m2/repository/info/picocli/picocli/3.9.6/picocli-3.9.6.jar:/home/user/.m2/repository/com/google/protobuf/protobuf-java/2.5.0/protobuf-java-2.5.0.jar:/home/user/.m2/repository/com/google/guava/guava/11.0.2/guava-11.0.2.jar:/home/user/.m2/repository/org/apache/hadoop/hadoop-ozone-ozone-manager/0.5.0-SNAPSHOT/hadoop-ozone-ozone-manager-0.5.0-SNAPSHOT.jar:/home/user/.m2/repository/org/apache/hadoop/hadoop-minikdc/3.2.0/hadoop-minikdc-3.2.0.jar:/home/user/.m2/repository/commons-io/commons-io/2.5/commons-io-2.5.jar:/home/user/.m2/repository/org/apache/kerby/kerb-simplekdc/1.0.1/kerb-simplekdc-1.0.1.jar:/home/user/.m2/repository/org/apache/kerby/kerb-client/1.0.1/kerb-client-1.0.1.jar:/home/user/.m2/repository/org/apache/kerby/kerby-config/1.0.1/kerby-config-1.0.1.jar:/home/user/.m2/repository/org/apache/kerby/kerb-core/1.0.1/kerb-core-1.0.1.jar:/home/user/.m2/repository/org/apache/kerby/kerby-pkix/1.0.1/kerby-pkix-1.0.1.jar:/home/user/.m2/repository/org/apache/kerby/kerby-asn1/1.0.1/kerby-asn1-1.0.1.jar:/home/user/.m2/repository/org/apache/kerby/kerby-util/1.0.1/kerby-util-1.0.1.jar:/home/user/.m2/repository/org/apache/kerby/kerb-common/1.0.1/kerb-common-1.0.1.jar:/home/user/.m2/repository/org/apache/kerby/kerb-crypto/1.0.1/kerb-crypto-1.0.1.jar:/home/user/.m2/repository/org/apache/kerby/kerb-util/1.0.1/kerb-util-1.0.1.jar:/home/user/.m2/repository/org/apache/kerby/token-provider/1.0.1/token-provider-1.0.1.jar:/home/user/.m2/repository/org/apache/kerby/kerb-admin/1.0.1/kerb-admin-1.0.1.jar:/home/user/.m2/repository/org/apache/kerby/kerb-server/1.0.1/kerb-server-1.0.1.jar:/home/user/.m2/repository/org/apache/kerby/kerb-identity/1.0.1/kerb-identity-1.0.1.jar:/home/user/.m2/repository/org/apache/kerby/kerby-xdr/1.0.1/kerby-xdr-1.0.1.jar:/home/user/.m2/repository/org/slf4j/slf4j-log4j12/1.7.25/slf4j-log4j12-1.7.25.jar:/home/user/.m2/repository/org/apache/hadoop/hadoop-ozone-s3gateway/0.5.0-SNAPSHOT/hadoop-ozone-s3gateway-0.5.0-SNAPSHOT.jar:/home/user/.m2/repository/org/jboss/weld/servlet/weld-servlet/2.4.7.Final/weld-servlet-2.4.7.Final.jar:/home/user/.m2/repository/org/glassfish/jersey/containers/jersey-container-servlet-core/2.27/jersey-container-servlet-core-2.27.jar:/home/user/.m2/repository/org/glassfish/hk2/external/javax.inject/2.5.0-b42/javax.inject-2.5.0-b42.jar:/home/user/.m2/repository/org/glassfish/jersey/core/jersey-common/2.27/jersey-common-2.27.jar:/home/user/.m2/repository/org/glassfish/hk2/osgi-resource-locator/1.0.1/osgi-resource-locator-1.0.1.jar:/home/user/.m2/repository/javax/ws/rs/javax.ws.rs-api/2.1/javax.ws.rs-api-2.1.jar:/home/user/.m2/repository/org/glassfish/jersey/ext/cdi/jersey-cdi1x/2.27/jersey-cdi1x-2.27.jar:/home/user/.m2/repository/org/glassfish/jersey/inject/jersey-hk2/2.27/jersey-hk2-2.27.jar:/home/user/.m2/repository/org/glassfish/hk2/hk2-locator/2.5.0-b42/hk2-locator-2.5.0-b42.jar:/home/user/.m2/repository/org/javassist/javassist/3.22.0-CR2/javassist-3.22.0-CR2.jar:/home/user/.m2/repository/org/glassfish/hk2/hk2-api/2.5.0/hk2-api-2.5.0.jar:/home/user/.m2/repository/org/glassfish/hk2/external/jakarta.inject/2.5.0/jakarta.inject-2.5.0.jar:/home/user/.m2/repository/org/glassfish/hk2/hk2-utils/2.5.0/hk2-utils-2.5.0.jar:/home/user/.m2/repository/jakarta/annotation/jakarta.annotation-api/1.3.4/jakarta.annotation-api-1.3.4.jar:/home/user/.m2/repository/org/glassfish/hk2/external/aopalliance-repackaged/2.5.0/aopalliance-repackaged-2.5.0.jar:/home/user/.m2/repository/com/fasterxml/jackson/dataformat/jackson-dataformat-xml/2.9.0/jackson-dataformat-xml-2.9.0.jar:/home/user/.m2/repository/com/fasterxml/jackson/core/jackson-core/2.9.5/jackson-core-2.9.5.jar:/home/user/.m2/repository/com/fasterxml/jackson/module/jackson-module-jaxb-annotations/2.9.5/jackson-module-jaxb-annotations-2.9.5.jar:/home/user/.m2/repository/javax/enterprise/cdi-api/1.2/cdi-api-1.2.jar:/home/user/.m2/repository/javax/el/javax.el-api/3.0.0/javax.el-api-3.0.0.jar:/home/user/.m2/repository/javax/interceptor/javax.interceptor-api/1.2/javax.interceptor-api-1.2.jar:/home/user/.m2/repository/javax/inject/javax.inject/1/javax.inject-1.jar:/home/user/.m2/repository/com/sun/xml/bind/jaxb-impl/2.3.0.1/jaxb-impl-2.3.0.1.jar:/home/user/.m2/repository/com/sun/xml/bind/jaxb-core/2.3.0.1/jaxb-core-2.3.0.1.jar:/home/user/.m2/repository/javax/xml/bind/jaxb-api/2.3.0/jaxb-api-2.3.0.jar:/home/user/.m2/repository/javax/activation/activation/1.1.1/activation-1.1.1.jar:/home/user/.m2/repository/org/apache/hadoop/hadoop-ozone-csi/0.5.0-SNAPSHOT/hadoop-ozone-csi-0.5.0-SNAPSHOT.jar:/home/user/.m2/repository/com/google/protobuf/protobuf-java-util/3.5.1/protobuf-java-util-3.5.1.jar:/home/user/.m2/repository/org/apache/hadoop/hadoop-hdds-config/0.5.0-SNAPSHOT/hadoop-hdds-config-0.5.0-SNAPSHOT.jar:/home/user/.m2/repository/io/grpc/grpc-netty/1.17.1/grpc-netty-1.17.1.jar:/home/user/.m2/repository/io/grpc/grpc-core/1.17.1/grpc-core-1.17.1.jar:/home/user/.m2/repository/io/grpc/grpc-context/1.17.1/grpc-context-1.17.1.jar:/home/user/.m2/repository/com/google/errorprone/error_prone_annotations/2.2.0/error_prone_annotations-2.2.0.jar:/home/user/.m2/repository/org/codehaus/mojo/animal-sniffer-annotations/1.17/animal-sniffer-annotations-1.17.jar:/home/user/.m2/repository/io/opencensus/opencensus-api/0.17.0/opencensus-api-0.17.0.jar:/home/user/.m2/repository/io/opencensus/opencensus-contrib-grpc-metrics/0.17.0/opencensus-contrib-grpc-metrics-0.17.0.jar:/home/user/.m2/repository/io/netty/netty-codec-http2/4.1.30.Final/netty-codec-http2-4.1.30.Final.jar:/home/user/.m2/repository/io/netty/netty-codec-http/4.1.30.Final/netty-codec-http-4.1.30.Final.jar:/home/user/.m2/repository/io/netty/netty-codec/4.1.30.Final/netty-codec-4.1.30.Final.jar:/home/user/.m2/repository/io/netty/netty-handler/4.1.30.Final/netty-handler-4.1.30.Final.jar:/home/user/.m2/repository/io/netty/netty-handler-proxy/4.1.30.Final/netty-handler-proxy-4.1.30.Final.jar:/home/user/.m2/repository/io/netty/netty-codec-socks/4.1.30.Final/netty-codec-socks-4.1.30.Final.jar:/home/user/.m2/repository/io/netty/netty-transport-native-epoll/4.1.30.Final/netty-transport-native-epoll-4.1.30.Final.jar:/home/user/.m2/repository/io/netty/netty-common/4.1.30.Final/netty-common-4.1.30.Final.jar:/home/user/.m2/repository/io/netty/netty-buffer/4.1.30.Final/netty-buffer-4.1.30.Final.jar:/home/user/.m2/repository/io/netty/netty-transport/4.1.30.Final/netty-transport-4.1.30.Final.jar:/home/user/.m2/repository/io/netty/netty-resolver/4.1.30.Final/netty-resolver-4.1.30.Final.jar:/home/user/.m2/repository/io/netty/netty-transport-native-unix-common/4.1.30.Final/netty-transport-native-unix-common-4.1.30.Final.jar:/home/user/.m2/repository/io/grpc/grpc-protobuf/1.17.1/grpc-protobuf-1.17.1.jar:/home/user/.m2/repository/com/google/api/grpc/proto-google-common-protos/1.0.0/proto-google-common-protos-1.0.0.jar:/home/user/.m2/repository/io/grpc/grpc-protobuf-lite/1.17.1/grpc-protobuf-lite-1.17.1.jar:/home/user/.m2/repository/io/grpc/grpc-stub/1.17.1/grpc-stub-1.17.1.jar:/home/user/.m2/repository/org/apache/hadoop/hadoop-ozone-recon/0.5.0-SNAPSHOT/hadoop-ozone-recon-0.5.0-SNAPSHOT.jar:/home/user/.m2/repository/org/apache/hadoop/hadoop-ozone-reconcodegen/0.5.0-SNAPSHOT/hadoop-ozone-reconcodegen-0.5.0-SNAPSHOT.jar:/home/user/.m2/repository/com/google/inject/extensions/guice-multibindings/4.0/guice-multibindings-4.0.jar:/home/user/.m2/repository/com/google/inject/guice/4.0/guice-4.0.jar:/home/user/.m2/repository/aopalliance/aopalliance/1.0/aopalliance-1.0.jar:/home/user/.m2/repository/com/google/inject/extensions/guice-servlet/4.0/guice-servlet-4.0.jar:/home/user/.m2/repository/org/glassfish/jersey/containers/jersey-container-servlet/2.27/jersey-container-servlet-2.27.jar:/home/user/.m2/repository/org/glassfish/hk2/guice-bridge/2.5.0/guice-bridge-2.5.0.jar:/home/user/.m2/repository/org/glassfish/jersey/core/jersey-server/2.27/jersey-server-2.27.jar:/home/user/.m2/repository/org/glassfish/jersey/core/jersey-client/2.27/jersey-client-2.27.jar:/home/user/.m2/repository/org/glassfish/jersey/media/jersey-media-jaxb/2.27/jersey-media-jaxb-2.27.jar:/home/user/.m2/repository/javax/validation/validation-api/1.1.0.Final/validation-api-1.1.0.Final.jar:/home/user/.m2/repository/org/glassfish/jersey/media/jersey-media-json-jackson/2.27/jersey-media-json-jackson-2.27.jar:/home/user/.m2/repository/org/glassfish/jersey/ext/jersey-entity-filtering/2.27/jersey-entity-filtering-2.27.jar:/home/user/.m2/repository/com/google/inject/extensions/guice-assistedinject/4.0/guice-assistedinject-4.0.jar:/home/user/.m2/repository/org/jooq/jooq/3.11.10/jooq-3.11.10.jar:/home/user/.m2/repository/org/jooq/jooq-meta/3.11.10/jooq-meta-3.11.10.jar:/home/user/.m2/repository/org/jooq/jooq-codegen/3.11.10/jooq-codegen-3.11.10.jar:/home/user/.m2/repository/com/jolbox/bonecp/0.8.0.RELEASE/bonecp-0.8.0.RELEASE.jar:/home/user/.m2/repository/org/xerial/sqlite-jdbc/3.25.2/sqlite-jdbc-3.25.2.jar:/home/user/.m2/repository/org/springframework/spring-jdbc/5.1.3.RELEASE/spring-jdbc-5.1.3.RELEASE.jar:/home/user/.m2/repository/org/springframework/spring-beans/5.1.3.RELEASE/spring-beans-5.1.3.RELEASE.jar:/home/user/.m2/repository/org/springframework/spring-core/5.1.3.RELEASE/spring-core-5.1.3.RELEASE.jar:/home/user/.m2/repository/org/springframework/spring-jcl/5.1.3.RELEASE/spring-jcl-5.1.3.RELEASE.jar:/home/user/.m2/repository/org/springframework/spring-tx/5.1.3.RELEASE/spring-tx-5.1.3.RELEASE.jar:/home/user/.m2/repository/org/apache/hadoop/hadoop-ozone-client/0.5.0-SNAPSHOT/hadoop-ozone-client-0.5.0-SNAPSHOT.jar:/home/user/.m2/repository/commons-lang/commons-lang/2.6/commons-lang-2.6.jar:/home/user/.m2/repository/org/apache/hadoop/hadoop-ozone-ozone-manager/0.5.0-SNAPSHOT/hadoop-ozone-ozone-manager-0.5.0-SNAPSHOT-tests.jar:/home/user/.m2/repository/junit/junit/4.11/junit-4.11.jar:/home/user/.m2/repository/org/hamcrest/hamcrest-core/1.3/hamcrest-core-1.3.jar:/home/user/.m2/repository/org/openjdk/jmh/jmh-core/1.19/jmh-core-1.19.jar:/home/user/.m2/repository/net/sf/jopt-simple/jopt-simple/4.6/jopt-simple-4.6.jar:/home/user/.m2/repository/org/apache/commons/commons-math3/3.1.1/commons-math3-3.1.1.jar:/home/user/.m2/repository/org/openjdk/jmh/jmh-generator-annprocess/1.19/jmh-generator-annprocess-1.19.jar:/home/user/.m2/repository/org/mockito/mockito-all/1.8.5/mockito-all-1.8.5.jar:/home/user/.m2/repository/org/apache/hadoop/hadoop-kms/3.2.0/hadoop-kms-3.2.0.jar:/home/user/.m2/repository/org/apache/hadoop/hadoop-auth/3.2.0/hadoop-auth-3.2.0.jar:/home/user/.m2/repository/com/nimbusds/nimbus-jose-jwt/4.41.1/nimbus-jose-jwt-4.41.1.jar:/home/user/.m2/repository/com/github/stephenc/jcip/jcip-annotations/1.0-1/jcip-annotations-1.0-1.jar:/home/user/.m2/repository/net/minidev/json-smart/2.3/json-smart-2.3.jar:/home/user/.m2/repository/net/minidev/accessors-smart/1.2/accessors-smart-1.2.jar:/home/user/.m2/repository/org/ow2/asm/asm/5.0.4/asm-5.0.4.jar:/home/user/.m2/repository/org/apache/curator/curator-framework/2.12.0/curator-framework-2.12.0.jar:/home/user/.m2/repository/com/sun/jersey/jersey-core/1.19/jersey-core-1.19.jar:/home/user/.m2/repository/javax/ws/rs/jsr311-api/1.1.1/jsr311-api-1.1.1.jar:/home/user/.m2/repository/com/sun/jersey/jersey-server/1.19/jersey-server-1.19.jar:/home/user/.m2/repository/javax/servlet/javax.servlet-api/3.1.0/javax.servlet-api-3.1.0.jar:/home/user/.m2/repository/org/eclipse/jetty/jetty-server/9.3.24.v20180605/jetty-server-9.3.24.v20180605.jar:/home/user/.m2/repository/org/eclipse/jetty/jetty-http/9.3.24.v20180605/jetty-http-9.3.24.v20180605.jar:/home/user/.m2/repository/org/eclipse/jetty/jetty-io/9.3.24.v20180605/jetty-io-9.3.24.v20180605.jar:/home/user/.m2/repository/org/eclipse/jetty/jetty-webapp/9.3.24.v20180605/jetty-webapp-9.3.24.v20180605.jar:/home/user/.m2/repository/org/eclipse/jetty/jetty-xml/9.3.24.v20180605/jetty-xml-9.3.24.v20180605.jar:/home/user/.m2/repository/log4j/log4j/1.2.17/log4j-1.2.17.jar:/home/user/.m2/repository/org/slf4j/slf4j-api/1.7.25/slf4j-api-1.7.25.jar:/home/user/.m2/repository/org/slf4j/jul-to-slf4j/1.7.25/jul-to-slf4j-1.7.25.jar:/home/user/.m2/repository/org/eclipse/jetty/jetty-util/9.3.24.v20180605/jetty-util-9.3.24.v20180605.jar:/home/user/.m2/repository/com/fasterxml/jackson/core/jackson-databind/2.9.5/jackson-databind-2.9.5.jar:/home/user/.m2/repository/org/apache/hadoop/hadoop-kms/3.2.0/hadoop-kms-3.2.0-tests.jar:/home/user/.m2/repository/org/apache/hadoop/hadoop-hdds-server-scm/0.5.0-SNAPSHOT/hadoop-hdds-server-scm-0.5.0-SNAPSHOT-tests.jar:/home/user/.m2/repository/org/apache/hadoop/hadoop-hdds-container-service/0.5.0-SNAPSHOT/hadoop-hdds-container-service-0.5.0-SNAPSHOT-tests.jar:/home/user/.m2/repository/org/yaml/snakeyaml/1.16/snakeyaml-1.16.jar:/home/user/.m2/repository/org/apache/hadoop/hadoop-common/3.2.0/hadoop-common-3.2.0-tests.jar:/home/user/.m2/repository/org/apache/hadoop/hadoop-annotations/3.2.0/hadoop-annotations-3.2.0.jar:/usr/lib/jvm/java-1.8-openjdk/jre/../lib/tools.jar:/home/user/.m2/repository/commons-cli/commons-cli/1.2/commons-cli-1.2.jar:/home/user/.m2/repository/org/apache/httpcomponents/httpclient/4.5.2/httpclient-4.5.2.jar:/home/user/.m2/repository/org/apache/httpcomponents/httpcore/4.4.4/httpcore-4.4.4.jar:/home/user/.m2/repository/commons-codec/commons-codec/1.11/commons-codec-1.11.jar:/home/user/.m2/repository/commons-net/commons-net/3.6/commons-net-3.6.jar:/home/user/.m2/repository/commons-collections/commons-collections/3.2.2/commons-collections-3.2.2.jar:/home/user/.m2/repository/org/eclipse/jetty/jetty-servlet/9.3.24.v20180605/jetty-servlet-9.3.24.v20180605.jar:/home/user/.m2/repository/org/eclipse/jetty/jetty-security/9.3.24.v20180605/jetty-security-9.3.24.v20180605.jar:/home/user/.m2/repository/javax/servlet/jsp/jsp-api/2.1/jsp-api-2.1.jar:/home/user/.m2/repository/com/sun/jersey/jersey-servlet/1.19/jersey-servlet-1.19.jar:/home/user/.m2/repository/com/sun/jersey/jersey-json/1.19/jersey-json-1.19.jar:/home/user/.m2/repository/org/codehaus/jettison/jettison/1.1/jettison-1.1.jar:/home/user/.m2/repository/org/codehaus/jackson/jackson-core-asl/1.9.13/jackson-core-asl-1.9.13.jar:/home/user/.m2/repository/org/codehaus/jackson/jackson-mapper-asl/1.9.13/jackson-mapper-asl-1.9.13.jar:/home/user/.m2/repository/org/codehaus/jackson/jackson-jaxrs/1.9.13/jackson-jaxrs-1.9.13.jar:/home/user/.m2/repository/org/codehaus/jackson/jackson-xc/1.9.13/jackson-xc-1.9.13.jar:/home/user/.m2/repository/commons-logging/commons-logging/1.1.3/commons-logging-1.1.3.jar:/home/user/.m2/repository/commons-beanutils/commons-beanutils/1.9.3/commons-beanutils-1.9.3.jar:/home/user/.m2/repository/org/apache/commons/commons-configuration2/2.1.1/commons-configuration2-2.1.1.jar:/home/user/.m2/repository/org/apache/commons/commons-lang3/3.7/commons-lang3-3.7.jar:/home/user/.m2/repository/org/apache/commons/commons-text/1.4/commons-text-1.4.jar:/home/user/.m2/repository/org/apache/avro/avro/1.7.7/avro-1.7.7.jar:/home/user/.m2/repository/com/thoughtworks/paranamer/paranamer/2.3/paranamer-2.3.jar:/home/user/.m2/repository/org/xerial/snappy/snappy-java/1.0.5/snappy-java-1.0.5.jar:/home/user/.m2/repository/com/google/re2j/re2j/1.1/re2j-1.1.jar:/home/user/.m2/repository/com/google/code/gson/gson/2.2.4/gson-2.2.4.jar:/home/user/.m2/repository/com/jcraft/jsch/0.1.54/jsch-0.1.54.jar:/home/user/.m2/repository/org/apache/curator/curator-client/2.12.0/curator-client-2.12.0.jar:/home/user/.m2/repository/org/apache/curator/curator-recipes/2.12.0/curator-recipes-2.12.0.jar:/home/user/.m2/repository/com/google/code/findbugs/jsr305/3.0.0/jsr305-3.0.0.jar:/home/user/.m2/repository/org/apache/htrace/htrace-core4/4.1.0-incubating/htrace-core4-4.1.0-incubating.jar:/home/user/.m2/repository/org/apache/zookeeper/zookeeper/3.4.13/zookeeper-3.4.13.jar:/home/user/.m2/repository/org/apache/yetus/audience-annotations/0.5.0/audience-annotations-0.5.0.jar:/home/user/.m2/repository/org/codehaus/woodstox/stax2-api/3.1.4/stax2-api-3.1.4.jar:/home/user/.m2/repository/com/fasterxml/woodstox/woodstox-core/5.0.3/woodstox-core-5.0.3.jar:/home/user/.m2/repository/dnsjava/dnsjava/2.1.7/dnsjava-2.1.7.jar:/home/user/.m2/repository/org/apache/hadoop/hadoop-hdfs/3.2.0/hadoop-hdfs-3.2.0-tests.jar:/home/user/.m2/repository/org/eclipse/jetty/jetty-util-ajax/9.3.24.v20180605/jetty-util-ajax-9.3.24.v20180605.jar:/home/user/.m2/repository/commons-daemon/commons-daemon/1.0.13/commons-daemon-1.0.13.jar:/home/user/.m2/repository/io/netty/netty/3.10.5.Final/netty-3.10.5.Final.jar:/home/user/.m2/repository/io/netty/netty-all/4.0.52.Final/netty-all-4.0.52.Final.jar:/home/user/.m2/repository/org/fusesource/leveldbjni/leveldbjni-all/1.8/leveldbjni-all-1.8.jar:"/>
    <property name="sun.cpu.endian" value="little"/>
    <property name="user.home" value="/home/user"/>
    <property name="user.language" value="en"/>
    <property name="java.specification.vendor" value="Oracle Corporation"/>
    <property name="java.home" value="/usr/lib/jvm/java-1.8-openjdk/jre"/>
    <property name="java.security.krb5.conf" value="/workdir/hadoop-ozone/integration-test/target/test-classes/krb5.conf"/>
    <property name="basedir" value="/workdir/hadoop-ozone/integration-test"/>
    <property name="file.separator" value="/"/>
    <property name="line.separator" value="&#10;"/>
    <property name="java.vm.specification.vendor" value="Oracle Corporation"/>
    <property name="java.specification.name" value="Java Platform API Specification"/>
    <property name="java.awt.graphicsenv" value="sun.awt.X11GraphicsEnvironment"/>
    <property name="surefire.real.class.path" value="/workdir/hadoop-ozone/integration-test/target/surefire/surefirebooter1144599732635995947.jar"/>
    <property name="hadoop.log.dir" value="/workdir/hadoop-ozone/integration-test/target/log"/>
    <property name="sun.boot.class.path" value="/usr/lib/jvm/java-1.8-openjdk/jre/lib/resources.jar:/usr/lib/jvm/java-1.8-openjdk/jre/lib/rt.jar:/usr/lib/jvm/java-1.8-openjdk/jre/lib/sunrsasign.jar:/usr/lib/jvm/java-1.8-openjdk/jre/lib/jsse.jar:/usr/lib/jvm/java-1.8-openjdk/jre/lib/jce.jar:/usr/lib/jvm/java-1.8-openjdk/jre/lib/charsets.jar:/usr/lib/jvm/java-1.8-openjdk/jre/lib/jfr.jar:/usr/lib/jvm/java-1.8-openjdk/jre/classes"/>
    <property name="sun.management.compiler" value="HotSpot 64-Bit Tiered Compilers"/>
    <property name="java.runtime.version" value="1.8.0_212-b04"/>
    <property name="java.net.preferIPv4Stack" value="true"/>
    <property name="user.name" value="jenkins1000"/>
    <property name="path.separator" value=":"/>
    <property name="java.security.egd" value="file:///dev/urandom"/>
    <property name="os.version" value="3.10.0-957.12.2.el7.x86_64"/>
    <property name="java.endorsed.dirs" value="/usr/lib/jvm/java-1.8-openjdk/jre/lib/endorsed"/>
    <property name="java.runtime.name" value="OpenJDK Runtime Environment"/>
    <property name="file.encoding" value="UTF-8"/>
    <property name="java.vm.name" value="OpenJDK 64-Bit Server VM"/>
    <property name="test.build.webapps" value=""/>
    <property name="localRepository" value="/home/user/.m2/repository"/>
    <property name="java.vendor.url.bug" value="https://icedtea.classpath.org/bugzilla"/>
    <property name="java.io.tmpdir" value="/tmp"/>
    <property name="require.test.libhadoop" value=""/>
    <property name="java.version" value="1.8.0_212"/>
    <property name="user.dir" value="/workdir/hadoop-ozone/integration-test"/>
    <property name="os.arch" value="amd64"/>
    <property name="java.vm.specification.name" value="Java Virtual Machine Specification"/>
    <property name="test.build.classes" value="/workdir/hadoop-ozone/integration-test/target/test-classes"/>
    <property name="java.awt.printerjob" value="sun.print.PSPrinterJob"/>
    <property name="sun.os.patch.level" value="unknown"/>
    <property name="hadoop.tmp.dir" value="/workdir/hadoop-ozone/integration-test/target/tmp"/>
    <property name="java.library.path" value="/usr/lib/jvm/java-1.8-openjdk/jre/lib/amd64/server:/usr/lib/jvm/java-1.8-openjdk/jre/lib/amd64:/usr/lib/jvm/java-1.8-openjdk/jre/../lib/amd64:/workdir/hadoop-ozone/integration-test/target/native/target/usr/local/lib:/workdir/hadoop-ozone/integration-test/../../hadoop-common-project/hadoop-common/target/native/target/usr/local/lib:/usr/java/packages/lib/amd64:/usr/lib64:/lib64:/lib:/usr/lib"/>
    <property name="java.vm.info" value="mixed mode"/>
    <property name="java.vendor" value="IcedTea"/>
    <property name="java.vm.version" value="25.212-b04"/>
    <property name="java.ext.dirs" value="/usr/lib/jvm/java-1.8-openjdk/jre/lib/ext:/usr/java/packages/lib/ext"/>
    <property name="sun.io.unicode.encoding" value="UnicodeLittle"/>
    <property name="java.class.version" value="52.0"/>
  </properties>
  <testcase name="test2DatanodesFailure" classname="org.apache.hadoop.ozone.client.rpc.TestBlockOutputStreamWithFailures" time="41.686">
    <failure message="expected:&lt;5&gt; but was:&lt;6&gt;" type="java.lang.AssertionError"><![CDATA[java.lang.AssertionError: expected:<5> but was:<6>
	at org.junit.Assert.fail(Assert.java:88)
	at org.junit.Assert.failNotEquals(Assert.java:743)
	at org.junit.Assert.assertEquals(Assert.java:118)
	at org.junit.Assert.assertEquals(Assert.java:555)
	at org.junit.Assert.assertEquals(Assert.java:542)
	at org.apache.hadoop.ozone.client.rpc.TestBlockOutputStreamWithFailures.test2DatanodesFailure(TestBlockOutputStreamWithFailures.java:467)
	at sun.reflect.NativeMethodAccessorImpl.invoke0(Native Method)
	at sun.reflect.NativeMethodAccessorImpl.invoke(NativeMethodAccessorImpl.java:62)
	at sun.reflect.DelegatingMethodAccessorImpl.invoke(DelegatingMethodAccessorImpl.java:43)
	at java.lang.reflect.Method.invoke(Method.java:498)
	at org.junit.runners.model.FrameworkMethod$1.runReflectiveCall(FrameworkMethod.java:47)
	at org.junit.internal.runners.model.ReflectiveCallable.run(ReflectiveCallable.java:12)
	at org.junit.runners.model.FrameworkMethod.invokeExplosively(FrameworkMethod.java:44)
	at org.junit.internal.runners.statements.InvokeMethod.evaluate(InvokeMethod.java:17)
	at org.junit.internal.runners.statements.RunBefores.evaluate(RunBefores.java:26)
	at org.junit.internal.runners.statements.RunAfters.evaluate(RunAfters.java:27)
	at org.junit.runners.ParentRunner.runLeaf(ParentRunner.java:271)
	at org.junit.runners.BlockJUnit4ClassRunner.runChild(BlockJUnit4ClassRunner.java:70)
	at org.junit.runners.BlockJUnit4ClassRunner.runChild(BlockJUnit4ClassRunner.java:50)
	at org.junit.runners.ParentRunner$3.run(ParentRunner.java:238)
	at org.junit.runners.ParentRunner$1.schedule(ParentRunner.java:63)
	at org.junit.runners.ParentRunner.runChildren(ParentRunner.java:236)
	at org.junit.runners.ParentRunner.access$000(ParentRunner.java:53)
	at org.junit.runners.ParentRunner$2.evaluate(ParentRunner.java:229)
	at org.junit.runners.ParentRunner.run(ParentRunner.java:309)
	at org.apache.maven.surefire.junit4.JUnit4Provider.execute(JUnit4Provider.java:365)
	at org.apache.maven.surefire.junit4.JUnit4Provider.executeWithRerun(JUnit4Provider.java:273)
	at org.apache.maven.surefire.junit4.JUnit4Provider.executeTestSet(JUnit4Provider.java:238)
	at org.apache.maven.surefire.junit4.JUnit4Provider.invoke(JUnit4Provider.java:159)
	at org.apache.maven.surefire.booter.ForkedBooter.invokeProviderInSameClassLoader(ForkedBooter.java:384)
	at org.apache.maven.surefire.booter.ForkedBooter.runSuitesInProcess(ForkedBooter.java:345)
	at org.apache.maven.surefire.booter.ForkedBooter.execute(ForkedBooter.java:126)
	at org.apache.maven.surefire.booter.ForkedBooter.main(ForkedBooter.java:418)
]]></failure>
    <system-out><![CDATA[2019-09-09 17:53:17,740 [main] WARN  server.ServerUtils (ServerUtils.java:getScmDbDir(145)) - ozone.scm.db.dirs is not configured. We recommend adding this setting. Falling back to ozone.metadata.dirs instead.
2019-09-09 17:53:17,860 [main] WARN  server.ServerUtils (ServerUtils.java:getScmDbDir(145)) - ozone.scm.db.dirs is not configured. We recommend adding this setting. Falling back to ozone.metadata.dirs instead.
2019-09-09 17:53:17,863 [main] WARN  server.ServerUtils (ServerUtils.java:getScmDbDir(145)) - ozone.scm.db.dirs is not configured. We recommend adding this setting. Falling back to ozone.metadata.dirs instead.
2019-09-09 17:53:17,880 [main] INFO  util.log (Log.java:initialized(192)) - Logging initialized @863ms
2019-09-09 17:53:17,991 [main] INFO  db.DBStoreBuilder (DBStoreBuilder.java:addTable(110)) - using custom profile for table: deletedBlocks
2019-09-09 17:53:17,991 [main] INFO  db.DBStoreBuilder (DBStoreBuilder.java:processTables(161)) - Using default column profile:DBProfile.DISK for Table:deletedBlocks
2019-09-09 17:53:17,992 [main] INFO  db.DBStoreBuilder (DBStoreBuilder.java:addTable(110)) - using custom profile for table: validCerts
2019-09-09 17:53:17,992 [main] INFO  db.DBStoreBuilder (DBStoreBuilder.java:processTables(161)) - Using default column profile:DBProfile.DISK for Table:validCerts
2019-09-09 17:53:17,992 [main] INFO  db.DBStoreBuilder (DBStoreBuilder.java:addTable(110)) - using custom profile for table: revokedCerts
2019-09-09 17:53:17,993 [main] INFO  db.DBStoreBuilder (DBStoreBuilder.java:processTables(161)) - Using default column profile:DBProfile.DISK for Table:revokedCerts
2019-09-09 17:53:18,006 [main] INFO  db.DBStoreBuilder (DBStoreBuilder.java:addTable(110)) - using custom profile for table: default
2019-09-09 17:53:18,006 [main] INFO  db.DBStoreBuilder (DBStoreBuilder.java:processTables(167)) - Using default column profile:DBProfile.DISK for Table:default
2019-09-09 17:53:18,007 [main] INFO  db.DBStoreBuilder (DBStoreBuilder.java:getDbProfile(198)) - Using default options. DBProfile.DISK
2019-09-09 17:53:18,468 [main] INFO  net.NodeSchemaLoader (NodeSchemaLoader.java:loadSchemaFromFile(125)) - Loading file from sun.misc.CompoundEnumeration@368f2016
2019-09-09 17:53:18,470 [main] INFO  net.NodeSchemaLoader (NodeSchemaLoader.java:loadSchema(171)) - Loading network topology layer schema file
2019-09-09 17:53:18,539 [main] INFO  node.SCMNodeManager (SCMNodeManager.java:<init>(114)) - Entering startup safe mode.
2019-09-09 17:53:18,616 [main] INFO  algorithms.ContainerPlacementPolicyFactory (ContainerPlacementPolicyFactory.java:getPolicy(55)) - Create container placement policy of type org.apache.hadoop.hdds.scm.container.placement.algorithms.SCMContainerPlacementRandom
2019-09-09 17:53:18,632 [main] WARN  server.ServerUtils (ServerUtils.java:getScmDbDir(145)) - ozone.scm.db.dirs is not configured. We recommend adding this setting. Falling back to ozone.metadata.dirs instead.
2019-09-09 17:53:18,825 [main] INFO  pipeline.SCMPipelineManager (SCMPipelineManager.java:initializePipelineState(126)) - No pipeline exists in current db
2019-09-09 17:53:18,828 [main] WARN  server.ServerUtils (ServerUtils.java:getScmDbDir(145)) - ozone.scm.db.dirs is not configured. We recommend adding this setting. Falling back to ozone.metadata.dirs instead.
2019-09-09 17:53:19,150 [main] WARN  events.EventQueue (EventQueue.java:fireEvent(183)) - No event handler registered for event TypedEvent{payloadType=SafeModeStatus, name='SafeModeStatus'}
2019-09-09 17:53:19,844 [main] INFO  ipc.CallQueueManager (CallQueueManager.java:<init>(84)) - Using callQueue: class java.util.concurrent.LinkedBlockingQueue, queueCapacity: 2000, scheduler: class org.apache.hadoop.ipc.DefaultRpcScheduler, ipcBackoff: false.
2019-09-09 17:53:19,885 [Socket Reader #1 for port 44692] INFO  ipc.Server (Server.java:run(1074)) - Starting Socket Reader #1 for port 44692
2019-09-09 17:53:19,916 [main] INFO  ipc.CallQueueManager (CallQueueManager.java:<init>(84)) - Using callQueue: class java.util.concurrent.LinkedBlockingQueue, queueCapacity: 2000, scheduler: class org.apache.hadoop.ipc.DefaultRpcScheduler, ipcBackoff: false.
2019-09-09 17:53:19,917 [Socket Reader #1 for port 46809] INFO  ipc.Server (Server.java:run(1074)) - Starting Socket Reader #1 for port 46809
2019-09-09 17:53:19,925 [main] INFO  ipc.CallQueueManager (CallQueueManager.java:<init>(84)) - Using callQueue: class java.util.concurrent.LinkedBlockingQueue, queueCapacity: 2000, scheduler: class org.apache.hadoop.ipc.DefaultRpcScheduler, ipcBackoff: false.
2019-09-09 17:53:19,926 [Socket Reader #1 for port 37264] INFO  ipc.Server (Server.java:run(1074)) - Starting Socket Reader #1 for port 37264
2019-09-09 17:53:19,948 [main] INFO  hdfs.DFSUtil (DFSUtil.java:httpServerTemplateForNNAndJN(1641)) - Starting Web-server for scm at: http://0.0.0.0:0
2019-09-09 17:53:20,107 [main] INFO  server.AuthenticationFilter (AuthenticationFilter.java:constructSecretProvider(240)) - Unable to initialize FileSignerSecretProvider, falling back to use random secrets.
2019-09-09 17:53:20,116 [main] WARN  http.HttpRequestLog (HttpRequestLog.java:getRequestLog(97)) - Jetty request log can only be enabled using Log4j
2019-09-09 17:53:20,124 [main] INFO  http.HttpServer2 (HttpServer2.java:addGlobalFilter(975)) - Added global filter 'safety' (class=org.apache.hadoop.http.HttpServer2$QuotingInputFilter)
2019-09-09 17:53:20,127 [main] INFO  http.HttpServer2 (HttpServer2.java:addFilter(948)) - Added filter static_user_filter (class=org.apache.hadoop.http.lib.StaticUserWebFilter$StaticUserFilter) to context scm
2019-09-09 17:53:20,127 [main] INFO  http.HttpServer2 (HttpServer2.java:addFilter(958)) - Added filter static_user_filter (class=org.apache.hadoop.http.lib.StaticUserWebFilter$StaticUserFilter) to context logs
2019-09-09 17:53:20,127 [main] INFO  http.HttpServer2 (HttpServer2.java:addFilter(958)) - Added filter static_user_filter (class=org.apache.hadoop.http.lib.StaticUserWebFilter$StaticUserFilter) to context static
2019-09-09 17:53:20,157 [main] INFO  server.StorageContainerManager (StorageContainerManager.java:start(759)) - StorageContainerLocationProtocol RPC server is listening at /0.0.0.0:37264
2019-09-09 17:53:20,233 [main] WARN  impl.MetricsConfig (MetricsConfig.java:loadFirst(134)) - Cannot locate configuration: tried hadoop-metrics2-storagecontainermanager.properties,hadoop-metrics2.properties
2019-09-09 17:53:20,248 [main] INFO  impl.MetricsSystemImpl (MetricsSystemImpl.java:startTimer(374)) - Scheduled Metric snapshot period at 10 second(s).
2019-09-09 17:53:20,249 [main] INFO  impl.MetricsSystemImpl (MetricsSystemImpl.java:start(191)) - StorageContainerManager metrics system started
2019-09-09 17:53:20,475 [main] INFO  server.SCMClientProtocolServer (SCMClientProtocolServer.java:start(151)) - RPC server for Client  is listening at /0.0.0.0:37264
2019-09-09 17:53:20,476 [IPC Server listener on 37264] INFO  ipc.Server (Server.java:run(1153)) - IPC Server listener on 37264: starting
2019-09-09 17:53:20,476 [IPC Server Responder] INFO  ipc.Server (Server.java:run(1314)) - IPC Server Responder: starting
2019-09-09 17:53:20,481 [main] INFO  server.StorageContainerManager (StorageContainerManager.java:start(769)) - ScmBlockLocationProtocol RPC server is listening at /0.0.0.0:46809
2019-09-09 17:53:20,482 [main] INFO  server.SCMBlockProtocolServer (SCMBlockProtocolServer.java:start(146)) - RPC server for Block Protocol is listening at /0.0.0.0:46809
2019-09-09 17:53:20,483 [IPC Server Responder] INFO  ipc.Server (Server.java:run(1314)) - IPC Server Responder: starting
2019-09-09 17:53:20,483 [IPC Server listener on 46809] INFO  ipc.Server (Server.java:run(1153)) - IPC Server listener on 46809: starting
2019-09-09 17:53:20,489 [main] INFO  server.StorageContainerManager (StorageContainerManager.java:start(773)) - ScmDatanodeProtocl RPC server is listening at /0.0.0.0:44692
2019-09-09 17:53:20,490 [main] INFO  server.SCMDatanodeProtocolServer (SCMDatanodeProtocolServer.java:start(191)) - RPC server for DataNodes is listening at /0.0.0.0:44692
2019-09-09 17:53:20,492 [IPC Server Responder] INFO  ipc.Server (Server.java:run(1314)) - IPC Server Responder: starting
2019-09-09 17:53:20,493 [IPC Server listener on 44692] INFO  ipc.Server (Server.java:run(1153)) - IPC Server listener on 44692: starting
2019-09-09 17:53:20,503 [main] INFO  http.HttpServer2 (HttpServer2.java:bindListener(1191)) - Jetty bound to port 42137
2019-09-09 17:53:20,505 [main] INFO  server.Server (Server.java:doStart(351)) - jetty-9.3.24.v20180605, build timestamp: 2018-06-05T17:11:56Z, git hash: 84205aa28f11a4f31f2a3b86d1bba2cc8ab69827
2019-09-09 17:53:20,543 [main] INFO  handler.ContextHandler (ContextHandler.java:doStart(781)) - Started o.e.j.s.ServletContextHandler@5c8eee0f{/logs,file:///workdir/hadoop-ozone/integration-test/target/log,AVAILABLE}
2019-09-09 17:53:20,544 [main] INFO  handler.ContextHandler (ContextHandler.java:doStart(781)) - Started o.e.j.s.ServletContextHandler@26425897{/static,file:///workdir/hadoop-ozone/integration-test/target/test-classes/webapps/static,AVAILABLE}
2019-09-09 17:53:20,575 [main] INFO  handler.ContextHandler (ContextHandler.java:doStart(781)) - Started o.e.j.w.WebAppContext@733037{/,file:///workdir/hadoop-ozone/integration-test/target/test-classes/webapps/scm/,AVAILABLE}{/scm}
2019-09-09 17:53:20,581 [main] INFO  server.AbstractConnector (AbstractConnector.java:doStart(278)) - Started ServerConnector@50b8ae8d{HTTP/1.1,[http/1.1]}{0.0.0.0:42137}
2019-09-09 17:53:20,581 [main] INFO  server.Server (Server.java:doStart(419)) - Started @3564ms
2019-09-09 17:53:20,584 [main] INFO  impl.MetricsSinkAdapter (MetricsSinkAdapter.java:start(204)) - Sink prometheus started
2019-09-09 17:53:20,584 [main] INFO  impl.MetricsSystemImpl (MetricsSystemImpl.java:registerSink(301)) - Registered sink prometheus
2019-09-09 17:53:20,586 [main] INFO  server.BaseHttpServer (BaseHttpServer.java:updateConnectorAddress(215)) - HTTP server of SCM is listening at http://0.0.0.0:42137
2019-09-09 17:53:20,595 [org.apache.hadoop.util.JvmPauseMonitor$Monitor@10b3df93] INFO  util.JvmPauseMonitor (JvmPauseMonitor.java:run(188)) - Starting JVM pause monitor
2019-09-09 17:53:20,600 [main] WARN  server.ServerUtils (ServerUtils.java:getDBPath(222)) - ozone.om.db.dirs is not configured. We recommend adding this setting. Falling back to ozone.metadata.dirs instead.
2019-09-09 17:53:20,780 [main] WARN  server.ServerUtils (ServerUtils.java:getDBPath(222)) - ozone.om.db.dirs is not configured. We recommend adding this setting. Falling back to ozone.metadata.dirs instead.
2019-09-09 17:53:20,780 [main] WARN  server.ServerUtils (ServerUtils.java:getDBPath(222)) - ozone.om.db.dirs is not configured. We recommend adding this setting. Falling back to ozone.metadata.dirs instead.
2019-09-09 17:53:20,782 [main] INFO  om.OzoneManager (OzoneManager.java:setOMNodeDetails(652)) - OM Service ID is not set. Setting it to the default ID: omServiceIdDefault
2019-09-09 17:53:20,782 [main] INFO  om.OzoneManager (OzoneManager.java:setOMNodeDetails(658)) - OM Node ID is not set. Setting it to the OmStorage's OmID: 0462c9b7-0e8b-4f31-9ee9-0b0bc5eb8eec
2019-09-09 17:53:20,783 [main] INFO  om.OzoneManager (OzoneManager.java:loadOMHAConfigs(609)) - Found matching OM address with OMServiceId: null, OMNodeId: null, RPC Address: localhost:0 and Ratis port: 9872
2019-09-09 17:53:21,039 | INFO  | SCMAudit | user=jenkins1000 | ip=192.168.34.39 | op=GET_SCM_INFO null | ret=SUCCESS |  
2019-09-09 17:53:21,505 [main] WARN  server.ServerUtils (ServerUtils.java:getDBPath(222)) - ozone.om.db.dirs is not configured. We recommend adding this setting. Falling back to ozone.metadata.dirs instead.
2019-09-09 17:53:21,513 [main] INFO  db.DBStoreBuilder (DBStoreBuilder.java:addTable(110)) - using custom profile for table: userTable
2019-09-09 17:53:21,513 [main] INFO  db.DBStoreBuilder (DBStoreBuilder.java:processTables(161)) - Using default column profile:DBProfile.DISK for Table:userTable
2019-09-09 17:53:21,514 [main] INFO  db.DBStoreBuilder (DBStoreBuilder.java:addTable(110)) - using custom profile for table: volumeTable
2019-09-09 17:53:21,514 [main] INFO  db.DBStoreBuilder (DBStoreBuilder.java:processTables(161)) - Using default column profile:DBProfile.DISK for Table:volumeTable
2019-09-09 17:53:21,514 [main] INFO  db.DBStoreBuilder (DBStoreBuilder.java:addTable(110)) - using custom profile for table: bucketTable
2019-09-09 17:53:21,514 [main] INFO  db.DBStoreBuilder (DBStoreBuilder.java:processTables(161)) - Using default column profile:DBProfile.DISK for Table:bucketTable
2019-09-09 17:53:21,515 [main] INFO  db.DBStoreBuilder (DBStoreBuilder.java:addTable(110)) - using custom profile for table: keyTable
2019-09-09 17:53:21,515 [main] INFO  db.DBStoreBuilder (DBStoreBuilder.java:processTables(161)) - Using default column profile:DBProfile.DISK for Table:keyTable
2019-09-09 17:53:21,515 [main] INFO  db.DBStoreBuilder (DBStoreBuilder.java:addTable(110)) - using custom profile for table: deletedTable
2019-09-09 17:53:21,515 [main] INFO  db.DBStoreBuilder (DBStoreBuilder.java:processTables(161)) - Using default column profile:DBProfile.DISK for Table:deletedTable
2019-09-09 17:53:21,516 [main] INFO  db.DBStoreBuilder (DBStoreBuilder.java:addTable(110)) - using custom profile for table: openKeyTable
2019-09-09 17:53:21,516 [main] INFO  db.DBStoreBuilder (DBStoreBuilder.java:processTables(161)) - Using default column profile:DBProfile.DISK for Table:openKeyTable
2019-09-09 17:53:21,516 [main] INFO  db.DBStoreBuilder (DBStoreBuilder.java:addTable(110)) - using custom profile for table: s3Table
2019-09-09 17:53:21,516 [main] INFO  db.DBStoreBuilder (DBStoreBuilder.java:processTables(161)) - Using default column profile:DBProfile.DISK for Table:s3Table
2019-09-09 17:53:21,517 [main] INFO  db.DBStoreBuilder (DBStoreBuilder.java:addTable(110)) - using custom profile for table: multipartInfoTable
2019-09-09 17:53:21,517 [main] INFO  db.DBStoreBuilder (DBStoreBuilder.java:processTables(161)) - Using default column profile:DBProfile.DISK for Table:multipartInfoTable
2019-09-09 17:53:21,517 [main] INFO  db.DBStoreBuilder (DBStoreBuilder.java:addTable(110)) - using custom profile for table: dTokenTable
2019-09-09 17:53:21,517 [main] INFO  db.DBStoreBuilder (DBStoreBuilder.java:processTables(161)) - Using default column profile:DBProfile.DISK for Table:dTokenTable
2019-09-09 17:53:21,518 [main] INFO  db.DBStoreBuilder (DBStoreBuilder.java:addTable(110)) - using custom profile for table: s3SecretTable
2019-09-09 17:53:21,518 [main] INFO  db.DBStoreBuilder (DBStoreBuilder.java:processTables(161)) - Using default column profile:DBProfile.DISK for Table:s3SecretTable
2019-09-09 17:53:21,518 [main] INFO  db.DBStoreBuilder (DBStoreBuilder.java:addTable(110)) - using custom profile for table: prefixTable
2019-09-09 17:53:21,518 [main] INFO  db.DBStoreBuilder (DBStoreBuilder.java:processTables(161)) - Using default column profile:DBProfile.DISK for Table:prefixTable
2019-09-09 17:53:21,519 [main] INFO  db.DBStoreBuilder (DBStoreBuilder.java:addTable(110)) - using custom profile for table: default
2019-09-09 17:53:21,519 [main] INFO  db.DBStoreBuilder (DBStoreBuilder.java:processTables(167)) - Using default column profile:DBProfile.DISK for Table:default
2019-09-09 17:53:21,519 [main] INFO  db.DBStoreBuilder (DBStoreBuilder.java:getDbProfile(198)) - Using default options. DBProfile.DISK
2019-09-09 17:53:22,853 [main] INFO  ipc.CallQueueManager (CallQueueManager.java:<init>(84)) - Using callQueue: class java.util.concurrent.LinkedBlockingQueue, queueCapacity: 2000, scheduler: class org.apache.hadoop.ipc.DefaultRpcScheduler, ipcBackoff: false.
2019-09-09 17:53:22,855 [Socket Reader #1 for port 43555] INFO  ipc.Server (Server.java:run(1074)) - Starting Socket Reader #1 for port 43555
2019-09-09 17:53:22,876 [main] INFO  om.OzoneManager (OzoneManager.java:start(1266)) - OzoneManager RPC server is listening at localhost/127.0.0.1:43555
2019-09-09 17:53:22,877 [main] INFO  impl.MetricsSystemImpl (MetricsSystemImpl.java:init(158)) - OzoneManager metrics system started (again)
2019-09-09 17:53:22,878 [IPC Server Responder] INFO  ipc.Server (Server.java:run(1314)) - IPC Server Responder: starting
2019-09-09 17:53:22,878 [IPC Server listener on 43555] INFO  ipc.Server (Server.java:run(1153)) - IPC Server listener on 43555: starting
2019-09-09 17:53:22,884 [main] INFO  hdfs.DFSUtil (DFSUtil.java:httpServerTemplateForNNAndJN(1641)) - Starting Web-server for ozoneManager at: http://0.0.0.0:0
2019-09-09 17:53:22,886 [main] INFO  server.AuthenticationFilter (AuthenticationFilter.java:constructSecretProvider(240)) - Unable to initialize FileSignerSecretProvider, falling back to use random secrets.
2019-09-09 17:53:22,887 [main] WARN  http.HttpRequestLog (HttpRequestLog.java:getRequestLog(97)) - Jetty request log can only be enabled using Log4j
2019-09-09 17:53:22,890 [main] INFO  http.HttpServer2 (HttpServer2.java:addGlobalFilter(975)) - Added global filter 'safety' (class=org.apache.hadoop.http.HttpServer2$QuotingInputFilter)
2019-09-09 17:53:22,892 [main] INFO  http.HttpServer2 (HttpServer2.java:addFilter(948)) - Added filter static_user_filter (class=org.apache.hadoop.http.lib.StaticUserWebFilter$StaticUserFilter) to context ozoneManager
2019-09-09 17:53:22,892 [main] INFO  http.HttpServer2 (HttpServer2.java:addFilter(958)) - Added filter static_user_filter (class=org.apache.hadoop.http.lib.StaticUserWebFilter$StaticUserFilter) to context logs
2019-09-09 17:53:22,892 [main] INFO  http.HttpServer2 (HttpServer2.java:addFilter(958)) - Added filter static_user_filter (class=org.apache.hadoop.http.lib.StaticUserWebFilter$StaticUserFilter) to context static
2019-09-09 17:53:22,895 [main] INFO  http.HttpServer2 (HttpServer2.java:bindListener(1191)) - Jetty bound to port 32804
2019-09-09 17:53:22,895 [main] INFO  server.Server (Server.java:doStart(351)) - jetty-9.3.24.v20180605, build timestamp: 2018-06-05T17:11:56Z, git hash: 84205aa28f11a4f31f2a3b86d1bba2cc8ab69827
2019-09-09 17:53:22,898 [main] INFO  handler.ContextHandler (ContextHandler.java:doStart(781)) - Started o.e.j.s.ServletContextHandler@aac3f4e{/logs,file:///workdir/hadoop-ozone/integration-test/target/log,AVAILABLE}
2019-09-09 17:53:22,899 [main] INFO  handler.ContextHandler (ContextHandler.java:doStart(781)) - Started o.e.j.s.ServletContextHandler@2df3c564{/static,file:///workdir/hadoop-ozone/integration-test/target/test-classes/webapps/static,AVAILABLE}
2019-09-09 17:53:22,906 [main] INFO  handler.ContextHandler (ContextHandler.java:doStart(781)) - Started o.e.j.w.WebAppContext@5fb7183b{/,file:///workdir/hadoop-ozone/integration-test/target/test-classes/webapps/ozoneManager/,AVAILABLE}{/ozoneManager}
2019-09-09 17:53:22,907 [main] INFO  server.AbstractConnector (AbstractConnector.java:doStart(278)) - Started ServerConnector@476a736d{HTTP/1.1,[http/1.1]}{0.0.0.0:32804}
2019-09-09 17:53:22,908 [main] INFO  server.Server (Server.java:doStart(419)) - Started @5890ms
2019-09-09 17:53:22,908 [main] WARN  impl.MetricsSystemImpl (MetricsSystemImpl.java:register(276)) - Sink prometheus already exists!
2019-09-09 17:53:22,909 [main] INFO  server.BaseHttpServer (BaseHttpServer.java:updateConnectorAddress(215)) - HTTP server of OZONEMANAGER is listening at http://0.0.0.0:32804
2019-09-09 17:53:23,122 [main] INFO  impl.MetricsSystemImpl (MetricsSystemImpl.java:init(158)) - HddsDatanode metrics system started (again)
2019-09-09 17:53:23,177 [main] INFO  ozone.HddsDatanodeService (HddsDatanodeService.java:start(184)) - HddsDatanodeService host:pr-hdds-2102-js77h-2988213663 ip:192.168.34.39
2019-09-09 17:53:23,213 [main] INFO  volume.HddsVolume (HddsVolume.java:<init>(176)) - Creating Volume: /workdir/hadoop-ozone/integration-test/target/test-dir/MiniOzoneClusterImpl-dd65e27b-8d45-4efc-9722-0ebdacca054e/datanode-0/data/containers/hdds of  storage type : DISK and capacity : 1482555576320
2019-09-09 17:53:23,215 [main] INFO  volume.VolumeSet (VolumeSet.java:initializeVolumeSet(170)) - Added Volume : /workdir/hadoop-ozone/integration-test/target/test-dir/MiniOzoneClusterImpl-dd65e27b-8d45-4efc-9722-0ebdacca054e/datanode-0/data/containers/hdds to VolumeSet
2019-09-09 17:53:23,218 [main] INFO  volume.ThrottledAsyncChecker (ThrottledAsyncChecker.java:schedule(139)) - Scheduling a check for org.apache.hadoop.ozone.container.common.volume.HddsVolume@3f1ddac2
2019-09-09 17:53:23,235 [main] INFO  volume.HddsVolumeChecker (HddsVolumeChecker.java:checkAllVolumes(202)) - Scheduled health check for volume org.apache.hadoop.ozone.container.common.volume.HddsVolume@3f1ddac2
2019-09-09 17:53:23,369 [main] INFO  impl.RaftServerProxy (ConfUtils.java:logGet(43)) - raft.rpc.type = GRPC (default)
2019-09-09 17:53:23,437 [main] INFO  grpc.GrpcFactory (GrpcFactory.java:checkPooledByteBufAllocatorUseCacheForAllThreads(45)) - PERFORMANCE WARNING: useCacheForAllThreads is true that may cause Netty to create a lot garbage objects and, as a result, trigger GC.
	It is recommended to disable useCacheForAllThreads by setting -Dorg.apache.ratis.thirdparty.io.netty.allocator.useCacheForAllThreads=false in command line.
2019-09-09 17:53:23,442 [main] INFO  grpc.GrpcConfigKeys$Server (ConfUtils.java:logGet(43)) - raft.grpc.server.port = 0 (default)
2019-09-09 17:53:23,442 [main] INFO  server.GrpcService (ConfUtils.java:logGet(43)) - raft.grpc.message.size.max = 33570816 (custom)
2019-09-09 17:53:23,444 [main] INFO  server.RaftServerConfigKeys (ConfUtils.java:logGet(43)) - raft.server.log.appender.buffer.byte-limit = 33554432 (custom)
2019-09-09 17:53:23,445 [main] INFO  server.GrpcService (ConfUtils.java:logGet(43)) - raft.grpc.flow.control.window = 1MB (=1048576) (default)
2019-09-09 17:53:23,445 [main] INFO  server.RaftServerConfigKeys (ConfUtils.java:logGet(43)) - raft.server.rpc.request.timeout = 3000ms (default)
2019-09-09 17:53:23,636 [main] INFO  server.RaftServerConfigKeys (ConfUtils.java:logGet(43)) - raft.server.storage.dir = [/workdir/hadoop-ozone/integration-test/target/test-dir/MiniOzoneClusterImpl-dd65e27b-8d45-4efc-9722-0ebdacca054e/datanode-0/data/ratis] (custom)
2019-09-09 17:53:23,690 [main] INFO  hdfs.DFSUtil (DFSUtil.java:httpServerTemplateForNNAndJN(1641)) - Starting Web-server for hddsDatanode at: http://0.0.0.0:0
2019-09-09 17:53:23,693 [main] INFO  server.AuthenticationFilter (AuthenticationFilter.java:constructSecretProvider(240)) - Unable to initialize FileSignerSecretProvider, falling back to use random secrets.
2019-09-09 17:53:23,694 [main] WARN  http.HttpRequestLog (HttpRequestLog.java:getRequestLog(97)) - Jetty request log can only be enabled using Log4j
2019-09-09 17:53:23,697 [main] INFO  http.HttpServer2 (HttpServer2.java:addGlobalFilter(975)) - Added global filter 'safety' (class=org.apache.hadoop.http.HttpServer2$QuotingInputFilter)
2019-09-09 17:53:23,698 [main] INFO  http.HttpServer2 (HttpServer2.java:addFilter(948)) - Added filter static_user_filter (class=org.apache.hadoop.http.lib.StaticUserWebFilter$StaticUserFilter) to context hddsDatanode
2019-09-09 17:53:23,699 [main] INFO  http.HttpServer2 (HttpServer2.java:addFilter(958)) - Added filter static_user_filter (class=org.apache.hadoop.http.lib.StaticUserWebFilter$StaticUserFilter) to context logs
2019-09-09 17:53:23,699 [main] INFO  http.HttpServer2 (HttpServer2.java:addFilter(958)) - Added filter static_user_filter (class=org.apache.hadoop.http.lib.StaticUserWebFilter$StaticUserFilter) to context static
2019-09-09 17:53:23,701 [main] INFO  http.HttpServer2 (HttpServer2.java:bindListener(1191)) - Jetty bound to port 42060
2019-09-09 17:53:23,702 [main] INFO  server.Server (Server.java:doStart(351)) - jetty-9.3.24.v20180605, build timestamp: 2018-06-05T17:11:56Z, git hash: 84205aa28f11a4f31f2a3b86d1bba2cc8ab69827
2019-09-09 17:53:23,705 [main] INFO  handler.ContextHandler (ContextHandler.java:doStart(781)) - Started o.e.j.s.ServletContextHandler@12eedfee{/logs,file:///workdir/hadoop-ozone/integration-test/target/log,AVAILABLE}
2019-09-09 17:53:23,706 [main] INFO  handler.ContextHandler (ContextHandler.java:doStart(781)) - Started o.e.j.s.ServletContextHandler@1352434e{/static,jar:file:/home/user/.m2/repository/org/apache/hadoop/hadoop-hdds-container-service/0.5.0-SNAPSHOT/hadoop-hdds-container-service-0.5.0-SNAPSHOT.jar!/webapps/static,AVAILABLE}
2019-09-09 17:53:23,754 [main] INFO  handler.ContextHandler (ContextHandler.java:doStart(781)) - Started o.e.j.w.WebAppContext@64d4f7c7{/,file:///tmp/jetty-0.0.0.0-42060-hddsDatanode-_-any-6353828625710905422.dir/webapp/,AVAILABLE}{/hddsDatanode}
2019-09-09 17:53:23,756 [main] INFO  server.AbstractConnector (AbstractConnector.java:doStart(278)) - Started ServerConnector@54e02f6a{HTTP/1.1,[http/1.1]}{0.0.0.0:42060}
2019-09-09 17:53:23,757 [main] INFO  server.Server (Server.java:doStart(419)) - Started @6739ms
2019-09-09 17:53:23,757 [main] WARN  impl.MetricsSystemImpl (MetricsSystemImpl.java:register(276)) - Sink prometheus already exists!
2019-09-09 17:53:23,758 [main] INFO  server.BaseHttpServer (BaseHttpServer.java:updateConnectorAddress(215)) - HTTP server of HDDSDATANODE is listening at http://0.0.0.0:42060
2019-09-09 17:53:23,760 [main] INFO  impl.MetricsSystemImpl (MetricsSystemImpl.java:init(158)) - HddsDatanode metrics system started (again)
2019-09-09 17:53:23,763 [main] INFO  ozone.HddsDatanodeService (HddsDatanodeService.java:start(184)) - HddsDatanodeService host:pr-hdds-2102-js77h-2988213663 ip:192.168.34.39
2019-09-09 17:53:23,765 [org.apache.hadoop.util.JvmPauseMonitor$Monitor@4013f399] INFO  util.JvmPauseMonitor (JvmPauseMonitor.java:run(188)) - Starting JVM pause monitor
2019-09-09 17:53:23,774 [main] INFO  volume.HddsVolume (HddsVolume.java:<init>(176)) - Creating Volume: /workdir/hadoop-ozone/integration-test/target/test-dir/MiniOzoneClusterImpl-dd65e27b-8d45-4efc-9722-0ebdacca054e/datanode-1/data/containers/hdds of  storage type : DISK and capacity : 1482555576320
2019-09-09 17:53:23,775 [main] INFO  volume.VolumeSet (VolumeSet.java:initializeVolumeSet(170)) - Added Volume : /workdir/hadoop-ozone/integration-test/target/test-dir/MiniOzoneClusterImpl-dd65e27b-8d45-4efc-9722-0ebdacca054e/datanode-1/data/containers/hdds to VolumeSet
2019-09-09 17:53:23,775 [main] INFO  volume.ThrottledAsyncChecker (ThrottledAsyncChecker.java:schedule(139)) - Scheduling a check for org.apache.hadoop.ozone.container.common.volume.HddsVolume@29149030
2019-09-09 17:53:23,776 [main] INFO  volume.HddsVolumeChecker (HddsVolumeChecker.java:checkAllVolumes(202)) - Scheduled health check for volume org.apache.hadoop.ozone.container.common.volume.HddsVolume@29149030
2019-09-09 17:53:23,796 [main] INFO  impl.RaftServerProxy (ConfUtils.java:logGet(43)) - raft.rpc.type = GRPC (default)
2019-09-09 17:53:23,796 [main] INFO  grpc.GrpcFactory (GrpcFactory.java:checkPooledByteBufAllocatorUseCacheForAllThreads(45)) - PERFORMANCE WARNING: useCacheForAllThreads is true that may cause Netty to create a lot garbage objects and, as a result, trigger GC.
	It is recommended to disable useCacheForAllThreads by setting -Dorg.apache.ratis.thirdparty.io.netty.allocator.useCacheForAllThreads=false in command line.
2019-09-09 17:53:23,797 [main] INFO  grpc.GrpcConfigKeys$Server (ConfUtils.java:logGet(43)) - raft.grpc.server.port = 0 (default)
2019-09-09 17:53:23,797 [main] INFO  server.GrpcService (ConfUtils.java:logGet(43)) - raft.grpc.message.size.max = 33570816 (custom)
2019-09-09 17:53:23,797 [main] INFO  server.RaftServerConfigKeys (ConfUtils.java:logGet(43)) - raft.server.log.appender.buffer.byte-limit = 33554432 (custom)
2019-09-09 17:53:23,798 [main] INFO  server.GrpcService (ConfUtils.java:logGet(43)) - raft.grpc.flow.control.window = 1MB (=1048576) (default)
2019-09-09 17:53:23,798 [main] INFO  server.RaftServerConfigKeys (ConfUtils.java:logGet(43)) - raft.server.rpc.request.timeout = 3000ms (default)
2019-09-09 17:53:23,799 [main] INFO  server.RaftServerConfigKeys (ConfUtils.java:logGet(43)) - raft.server.storage.dir = [/workdir/hadoop-ozone/integration-test/target/test-dir/MiniOzoneClusterImpl-dd65e27b-8d45-4efc-9722-0ebdacca054e/datanode-1/data/ratis] (custom)
2019-09-09 17:53:23,803 [main] INFO  hdfs.DFSUtil (DFSUtil.java:httpServerTemplateForNNAndJN(1641)) - Starting Web-server for hddsDatanode at: http://0.0.0.0:0
2019-09-09 17:53:23,804 [main] INFO  server.AuthenticationFilter (AuthenticationFilter.java:constructSecretProvider(240)) - Unable to initialize FileSignerSecretProvider, falling back to use random secrets.
2019-09-09 17:53:23,806 [main] WARN  http.HttpRequestLog (HttpRequestLog.java:getRequestLog(97)) - Jetty request log can only be enabled using Log4j
2019-09-09 17:53:23,808 [main] INFO  http.HttpServer2 (HttpServer2.java:addGlobalFilter(975)) - Added global filter 'safety' (class=org.apache.hadoop.http.HttpServer2$QuotingInputFilter)
2019-09-09 17:53:23,809 [main] INFO  http.HttpServer2 (HttpServer2.java:addFilter(948)) - Added filter static_user_filter (class=org.apache.hadoop.http.lib.StaticUserWebFilter$StaticUserFilter) to context hddsDatanode
2019-09-09 17:53:23,809 [main] INFO  http.HttpServer2 (HttpServer2.java:addFilter(958)) - Added filter static_user_filter (class=org.apache.hadoop.http.lib.StaticUserWebFilter$StaticUserFilter) to context logs
2019-09-09 17:53:23,809 [main] INFO  http.HttpServer2 (HttpServer2.java:addFilter(958)) - Added filter static_user_filter (class=org.apache.hadoop.http.lib.StaticUserWebFilter$StaticUserFilter) to context static
2019-09-09 17:53:23,810 [main] INFO  http.HttpServer2 (HttpServer2.java:bindListener(1191)) - Jetty bound to port 38006
2019-09-09 17:53:23,810 [main] INFO  server.Server (Server.java:doStart(351)) - jetty-9.3.24.v20180605, build timestamp: 2018-06-05T17:11:56Z, git hash: 84205aa28f11a4f31f2a3b86d1bba2cc8ab69827
2019-09-09 17:53:23,815 [main] INFO  handler.ContextHandler (ContextHandler.java:doStart(781)) - Started o.e.j.s.ServletContextHandler@2e645fbd{/logs,file:///workdir/hadoop-ozone/integration-test/target/log,AVAILABLE}
2019-09-09 17:53:23,815 [main] INFO  handler.ContextHandler (ContextHandler.java:doStart(781)) - Started o.e.j.s.ServletContextHandler@1e1e9ef3{/static,jar:file:/home/user/.m2/repository/org/apache/hadoop/hadoop-hdds-container-service/0.5.0-SNAPSHOT/hadoop-hdds-container-service-0.5.0-SNAPSHOT.jar!/webapps/static,AVAILABLE}
2019-09-09 17:53:23,859 [main] INFO  handler.ContextHandler (ContextHandler.java:doStart(781)) - Started o.e.j.w.WebAppContext@43f1bb92{/,file:///tmp/jetty-0.0.0.0-38006-hddsDatanode-_-any-9211468611268385616.dir/webapp/,AVAILABLE}{/hddsDatanode}
2019-09-09 17:53:23,860 [main] INFO  server.AbstractConnector (AbstractConnector.java:doStart(278)) - Started ServerConnector@6d6bbd35{HTTP/1.1,[http/1.1]}{0.0.0.0:38006}
2019-09-09 17:53:23,861 [main] INFO  server.Server (Server.java:doStart(419)) - Started @6844ms
2019-09-09 17:53:23,861 [main] WARN  impl.MetricsSystemImpl (MetricsSystemImpl.java:register(276)) - Sink prometheus already exists!
2019-09-09 17:53:23,862 [main] INFO  server.BaseHttpServer (BaseHttpServer.java:updateConnectorAddress(215)) - HTTP server of HDDSDATANODE is listening at http://0.0.0.0:38006
2019-09-09 17:53:23,863 [main] INFO  impl.MetricsSystemImpl (MetricsSystemImpl.java:init(158)) - HddsDatanode metrics system started (again)
2019-09-09 17:53:23,865 [org.apache.hadoop.util.JvmPauseMonitor$Monitor@36506d27] INFO  util.JvmPauseMonitor (JvmPauseMonitor.java:run(188)) - Starting JVM pause monitor
2019-09-09 17:53:23,867 [main] INFO  ozone.HddsDatanodeService (HddsDatanodeService.java:start(184)) - HddsDatanodeService host:pr-hdds-2102-js77h-2988213663 ip:192.168.34.39
2019-09-09 17:53:23,875 [main] INFO  volume.HddsVolume (HddsVolume.java:<init>(176)) - Creating Volume: /workdir/hadoop-ozone/integration-test/target/test-dir/MiniOzoneClusterImpl-dd65e27b-8d45-4efc-9722-0ebdacca054e/datanode-2/data/containers/hdds of  storage type : DISK and capacity : 1482555576320
2019-09-09 17:53:23,875 [main] INFO  volume.VolumeSet (VolumeSet.java:initializeVolumeSet(170)) - Added Volume : /workdir/hadoop-ozone/integration-test/target/test-dir/MiniOzoneClusterImpl-dd65e27b-8d45-4efc-9722-0ebdacca054e/datanode-2/data/containers/hdds to VolumeSet
2019-09-09 17:53:23,875 [main] INFO  volume.ThrottledAsyncChecker (ThrottledAsyncChecker.java:schedule(139)) - Scheduling a check for org.apache.hadoop.ozone.container.common.volume.HddsVolume@1afd72ef
2019-09-09 17:53:23,876 [main] INFO  volume.HddsVolumeChecker (HddsVolumeChecker.java:checkAllVolumes(202)) - Scheduled health check for volume org.apache.hadoop.ozone.container.common.volume.HddsVolume@1afd72ef
2019-09-09 17:53:23,892 [main] INFO  impl.RaftServerProxy (ConfUtils.java:logGet(43)) - raft.rpc.type = GRPC (default)
2019-09-09 17:53:23,893 [main] INFO  grpc.GrpcFactory (GrpcFactory.java:checkPooledByteBufAllocatorUseCacheForAllThreads(45)) - PERFORMANCE WARNING: useCacheForAllThreads is true that may cause Netty to create a lot garbage objects and, as a result, trigger GC.
	It is recommended to disable useCacheForAllThreads by setting -Dorg.apache.ratis.thirdparty.io.netty.allocator.useCacheForAllThreads=false in command line.
2019-09-09 17:53:23,893 [main] INFO  grpc.GrpcConfigKeys$Server (ConfUtils.java:logGet(43)) - raft.grpc.server.port = 0 (default)
2019-09-09 17:53:23,893 [main] INFO  server.GrpcService (ConfUtils.java:logGet(43)) - raft.grpc.message.size.max = 33570816 (custom)
2019-09-09 17:53:23,894 [main] INFO  server.RaftServerConfigKeys (ConfUtils.java:logGet(43)) - raft.server.log.appender.buffer.byte-limit = 33554432 (custom)
2019-09-09 17:53:23,894 [main] INFO  server.GrpcService (ConfUtils.java:logGet(43)) - raft.grpc.flow.control.window = 1MB (=1048576) (default)
2019-09-09 17:53:23,894 [main] INFO  server.RaftServerConfigKeys (ConfUtils.java:logGet(43)) - raft.server.rpc.request.timeout = 3000ms (default)
2019-09-09 17:53:23,895 [main] INFO  server.RaftServerConfigKeys (ConfUtils.java:logGet(43)) - raft.server.storage.dir = [/workdir/hadoop-ozone/integration-test/target/test-dir/MiniOzoneClusterImpl-dd65e27b-8d45-4efc-9722-0ebdacca054e/datanode-2/data/ratis] (custom)
2019-09-09 17:53:23,897 [main] INFO  hdfs.DFSUtil (DFSUtil.java:httpServerTemplateForNNAndJN(1641)) - Starting Web-server for hddsDatanode at: http://0.0.0.0:0
2019-09-09 17:53:23,899 [main] INFO  server.AuthenticationFilter (AuthenticationFilter.java:constructSecretProvider(240)) - Unable to initialize FileSignerSecretProvider, falling back to use random secrets.
2019-09-09 17:53:23,900 [main] WARN  http.HttpRequestLog (HttpRequestLog.java:getRequestLog(97)) - Jetty request log can only be enabled using Log4j
2019-09-09 17:53:23,903 [main] INFO  http.HttpServer2 (HttpServer2.java:addGlobalFilter(975)) - Added global filter 'safety' (class=org.apache.hadoop.http.HttpServer2$QuotingInputFilter)
2019-09-09 17:53:23,904 [main] INFO  http.HttpServer2 (HttpServer2.java:addFilter(948)) - Added filter static_user_filter (class=org.apache.hadoop.http.lib.StaticUserWebFilter$StaticUserFilter) to context hddsDatanode
2019-09-09 17:53:23,904 [main] INFO  http.HttpServer2 (HttpServer2.java:addFilter(958)) - Added filter static_user_filter (class=org.apache.hadoop.http.lib.StaticUserWebFilter$StaticUserFilter) to context static
2019-09-09 17:53:23,905 [main] INFO  http.HttpServer2 (HttpServer2.java:addFilter(958)) - Added filter static_user_filter (class=org.apache.hadoop.http.lib.StaticUserWebFilter$StaticUserFilter) to context logs
2019-09-09 17:53:23,906 [main] INFO  http.HttpServer2 (HttpServer2.java:bindListener(1191)) - Jetty bound to port 37236
2019-09-09 17:53:23,906 [main] INFO  server.Server (Server.java:doStart(351)) - jetty-9.3.24.v20180605, build timestamp: 2018-06-05T17:11:56Z, git hash: 84205aa28f11a4f31f2a3b86d1bba2cc8ab69827
2019-09-09 17:53:23,909 [main] INFO  handler.ContextHandler (ContextHandler.java:doStart(781)) - Started o.e.j.s.ServletContextHandler@1a96d94c{/logs,file:///workdir/hadoop-ozone/integration-test/target/log,AVAILABLE}
2019-09-09 17:53:23,910 [main] INFO  handler.ContextHandler (ContextHandler.java:doStart(781)) - Started o.e.j.s.ServletContextHandler@ae202c6{/static,jar:file:/home/user/.m2/repository/org/apache/hadoop/hadoop-hdds-container-service/0.5.0-SNAPSHOT/hadoop-hdds-container-service-0.5.0-SNAPSHOT.jar!/webapps/static,AVAILABLE}
2019-09-09 17:53:23,919 [Datanode State Machine Thread - 0] INFO  datanode.InitDatanodeState (InitDatanodeState.java:persistContainerDatanodeDetails(140)) - DatanodeDetails is persisted to /workdir/hadoop-ozone/integration-test/target/test-dir/MiniOzoneClusterImpl-dd65e27b-8d45-4efc-9722-0ebdacca054e/datanode-0/meta/datanode.id
2019-09-09 17:53:23,923 [Datanode State Machine Thread - 0] INFO  datanode.InitDatanodeState (InitDatanodeState.java:persistContainerDatanodeDetails(140)) - DatanodeDetails is persisted to /workdir/hadoop-ozone/integration-test/target/test-dir/MiniOzoneClusterImpl-dd65e27b-8d45-4efc-9722-0ebdacca054e/datanode-1/meta/datanode.id
2019-09-09 17:53:23,959 [main] INFO  handler.ContextHandler (ContextHandler.java:doStart(781)) - Started o.e.j.w.WebAppContext@1947596f{/,file:///tmp/jetty-0.0.0.0-37236-hddsDatanode-_-any-4452758232769940730.dir/webapp/,AVAILABLE}{/hddsDatanode}
2019-09-09 17:53:23,960 [main] INFO  server.AbstractConnector (AbstractConnector.java:doStart(278)) - Started ServerConnector@3078cac{HTTP/1.1,[http/1.1]}{0.0.0.0:37236}
2019-09-09 17:53:23,961 [main] INFO  server.Server (Server.java:doStart(419)) - Started @6944ms
2019-09-09 17:53:23,961 [main] WARN  impl.MetricsSystemImpl (MetricsSystemImpl.java:register(276)) - Sink prometheus already exists!
2019-09-09 17:53:23,962 [main] INFO  server.BaseHttpServer (BaseHttpServer.java:updateConnectorAddress(215)) - HTTP server of HDDSDATANODE is listening at http://0.0.0.0:37236
2019-09-09 17:53:23,963 [main] INFO  impl.MetricsSystemImpl (MetricsSystemImpl.java:init(158)) - HddsDatanode metrics system started (again)
2019-09-09 17:53:23,965 [org.apache.hadoop.util.JvmPauseMonitor$Monitor@5e679b25] INFO  util.JvmPauseMonitor (JvmPauseMonitor.java:run(188)) - Starting JVM pause monitor
2019-09-09 17:53:23,966 [main] INFO  ozone.HddsDatanodeService (HddsDatanodeService.java:start(184)) - HddsDatanodeService host:pr-hdds-2102-js77h-2988213663 ip:192.168.34.39
2019-09-09 17:53:23,967 [Datanode State Machine Thread - 0] INFO  datanode.InitDatanodeState (InitDatanodeState.java:persistContainerDatanodeDetails(140)) - DatanodeDetails is persisted to /workdir/hadoop-ozone/integration-test/target/test-dir/MiniOzoneClusterImpl-dd65e27b-8d45-4efc-9722-0ebdacca054e/datanode-2/meta/datanode.id
2019-09-09 17:53:23,973 [main] INFO  volume.HddsVolume (HddsVolume.java:<init>(176)) - Creating Volume: /workdir/hadoop-ozone/integration-test/target/test-dir/MiniOzoneClusterImpl-dd65e27b-8d45-4efc-9722-0ebdacca054e/datanode-3/data/containers/hdds of  storage type : DISK and capacity : 1482555576320
2019-09-09 17:53:23,973 [main] INFO  volume.VolumeSet (VolumeSet.java:initializeVolumeSet(170)) - Added Volume : /workdir/hadoop-ozone/integration-test/target/test-dir/MiniOzoneClusterImpl-dd65e27b-8d45-4efc-9722-0ebdacca054e/datanode-3/data/containers/hdds to VolumeSet
2019-09-09 17:53:23,974 [main] INFO  volume.ThrottledAsyncChecker (ThrottledAsyncChecker.java:schedule(139)) - Scheduling a check for org.apache.hadoop.ozone.container.common.volume.HddsVolume@1d805aa1
2019-09-09 17:53:23,974 [main] INFO  volume.HddsVolumeChecker (HddsVolumeChecker.java:checkAllVolumes(202)) - Scheduled health check for volume org.apache.hadoop.ozone.container.common.volume.HddsVolume@1d805aa1
2019-09-09 17:53:23,989 [main] INFO  impl.RaftServerProxy (ConfUtils.java:logGet(43)) - raft.rpc.type = GRPC (default)
2019-09-09 17:53:23,989 [main] INFO  grpc.GrpcFactory (GrpcFactory.java:checkPooledByteBufAllocatorUseCacheForAllThreads(45)) - PERFORMANCE WARNING: useCacheForAllThreads is true that may cause Netty to create a lot garbage objects and, as a result, trigger GC.
	It is recommended to disable useCacheForAllThreads by setting -Dorg.apache.ratis.thirdparty.io.netty.allocator.useCacheForAllThreads=false in command line.
2019-09-09 17:53:23,990 [main] INFO  grpc.GrpcConfigKeys$Server (ConfUtils.java:logGet(43)) - raft.grpc.server.port = 0 (default)
2019-09-09 17:53:23,990 [main] INFO  server.GrpcService (ConfUtils.java:logGet(43)) - raft.grpc.message.size.max = 33570816 (custom)
2019-09-09 17:53:23,990 [main] INFO  server.RaftServerConfigKeys (ConfUtils.java:logGet(43)) - raft.server.log.appender.buffer.byte-limit = 33554432 (custom)
2019-09-09 17:53:23,990 [main] INFO  server.GrpcService (ConfUtils.java:logGet(43)) - raft.grpc.flow.control.window = 1MB (=1048576) (default)
2019-09-09 17:53:23,991 [main] INFO  server.RaftServerConfigKeys (ConfUtils.java:logGet(43)) - raft.server.rpc.request.timeout = 3000ms (default)
2019-09-09 17:53:23,991 [main] INFO  server.RaftServerConfigKeys (ConfUtils.java:logGet(43)) - raft.server.storage.dir = [/workdir/hadoop-ozone/integration-test/target/test-dir/MiniOzoneClusterImpl-dd65e27b-8d45-4efc-9722-0ebdacca054e/datanode-3/data/ratis] (custom)
2019-09-09 17:53:23,993 [main] INFO  hdfs.DFSUtil (DFSUtil.java:httpServerTemplateForNNAndJN(1641)) - Starting Web-server for hddsDatanode at: http://0.0.0.0:0
2019-09-09 17:53:23,995 [main] INFO  server.AuthenticationFilter (AuthenticationFilter.java:constructSecretProvider(240)) - Unable to initialize FileSignerSecretProvider, falling back to use random secrets.
2019-09-09 17:53:23,995 [main] WARN  http.HttpRequestLog (HttpRequestLog.java:getRequestLog(97)) - Jetty request log can only be enabled using Log4j
2019-09-09 17:53:23,997 [main] INFO  http.HttpServer2 (HttpServer2.java:addGlobalFilter(975)) - Added global filter 'safety' (class=org.apache.hadoop.http.HttpServer2$QuotingInputFilter)
2019-09-09 17:53:23,997 [main] INFO  http.HttpServer2 (HttpServer2.java:addFilter(948)) - Added filter static_user_filter (class=org.apache.hadoop.http.lib.StaticUserWebFilter$StaticUserFilter) to context hddsDatanode
2019-09-09 17:53:23,997 [main] INFO  http.HttpServer2 (HttpServer2.java:addFilter(958)) - Added filter static_user_filter (class=org.apache.hadoop.http.lib.StaticUserWebFilter$StaticUserFilter) to context logs
2019-09-09 17:53:23,997 [main] INFO  http.HttpServer2 (HttpServer2.java:addFilter(958)) - Added filter static_user_filter (class=org.apache.hadoop.http.lib.StaticUserWebFilter$StaticUserFilter) to context static
2019-09-09 17:53:23,998 [main] INFO  http.HttpServer2 (HttpServer2.java:bindListener(1191)) - Jetty bound to port 34592
2019-09-09 17:53:23,998 [main] INFO  server.Server (Server.java:doStart(351)) - jetty-9.3.24.v20180605, build timestamp: 2018-06-05T17:11:56Z, git hash: 84205aa28f11a4f31f2a3b86d1bba2cc8ab69827
2019-09-09 17:53:24,002 [main] INFO  handler.ContextHandler (ContextHandler.java:doStart(781)) - Started o.e.j.s.ServletContextHandler@2fcd7d3f{/logs,file:///workdir/hadoop-ozone/integration-test/target/log,AVAILABLE}
2019-09-09 17:53:24,002 [main] INFO  handler.ContextHandler (ContextHandler.java:doStart(781)) - Started o.e.j.s.ServletContextHandler@6f70a21b{/static,jar:file:/home/user/.m2/repository/org/apache/hadoop/hadoop-hdds-container-service/0.5.0-SNAPSHOT/hadoop-hdds-container-service-0.5.0-SNAPSHOT.jar!/webapps/static,AVAILABLE}
2019-09-09 17:53:24,030 [main] INFO  handler.ContextHandler (ContextHandler.java:doStart(781)) - Started o.e.j.w.WebAppContext@57562473{/,file:///tmp/jetty-0.0.0.0-34592-hddsDatanode-_-any-2927577694011068678.dir/webapp/,AVAILABLE}{/hddsDatanode}
2019-09-09 17:53:24,032 [main] INFO  server.AbstractConnector (AbstractConnector.java:doStart(278)) - Started ServerConnector@7a360554{HTTP/1.1,[http/1.1]}{0.0.0.0:34592}
2019-09-09 17:53:24,034 [main] INFO  server.Server (Server.java:doStart(419)) - Started @7016ms
2019-09-09 17:53:24,034 [main] WARN  impl.MetricsSystemImpl (MetricsSystemImpl.java:register(276)) - Sink prometheus already exists!
2019-09-09 17:53:24,035 [main] INFO  server.BaseHttpServer (BaseHttpServer.java:updateConnectorAddress(215)) - HTTP server of HDDSDATANODE is listening at http://0.0.0.0:34592
2019-09-09 17:53:24,035 [main] INFO  impl.MetricsSystemImpl (MetricsSystemImpl.java:init(158)) - HddsDatanode metrics system started (again)
2019-09-09 17:53:24,037 [org.apache.hadoop.util.JvmPauseMonitor$Monitor@2b77c507] INFO  util.JvmPauseMonitor (JvmPauseMonitor.java:run(188)) - Starting JVM pause monitor
2019-09-09 17:53:24,039 [main] INFO  ozone.HddsDatanodeService (HddsDatanodeService.java:start(184)) - HddsDatanodeService host:pr-hdds-2102-js77h-2988213663 ip:192.168.34.39
2019-09-09 17:53:24,040 [Datanode State Machine Thread - 0] INFO  datanode.InitDatanodeState (InitDatanodeState.java:persistContainerDatanodeDetails(140)) - DatanodeDetails is persisted to /workdir/hadoop-ozone/integration-test/target/test-dir/MiniOzoneClusterImpl-dd65e27b-8d45-4efc-9722-0ebdacca054e/datanode-3/meta/datanode.id
2019-09-09 17:53:24,046 [main] INFO  volume.HddsVolume (HddsVolume.java:<init>(176)) - Creating Volume: /workdir/hadoop-ozone/integration-test/target/test-dir/MiniOzoneClusterImpl-dd65e27b-8d45-4efc-9722-0ebdacca054e/datanode-4/data/containers/hdds of  storage type : DISK and capacity : 1482555576320
2019-09-09 17:53:24,046 [main] INFO  volume.VolumeSet (VolumeSet.java:initializeVolumeSet(170)) - Added Volume : /workdir/hadoop-ozone/integration-test/target/test-dir/MiniOzoneClusterImpl-dd65e27b-8d45-4efc-9722-0ebdacca054e/datanode-4/data/containers/hdds to VolumeSet
2019-09-09 17:53:24,046 [main] INFO  volume.ThrottledAsyncChecker (ThrottledAsyncChecker.java:schedule(139)) - Scheduling a check for org.apache.hadoop.ozone.container.common.volume.HddsVolume@44032fde
2019-09-09 17:53:24,047 [main] INFO  volume.HddsVolumeChecker (HddsVolumeChecker.java:checkAllVolumes(202)) - Scheduled health check for volume org.apache.hadoop.ozone.container.common.volume.HddsVolume@44032fde
2019-09-09 17:53:24,060 [main] INFO  impl.RaftServerProxy (ConfUtils.java:logGet(43)) - raft.rpc.type = GRPC (default)
2019-09-09 17:53:24,061 [main] INFO  grpc.GrpcFactory (GrpcFactory.java:checkPooledByteBufAllocatorUseCacheForAllThreads(45)) - PERFORMANCE WARNING: useCacheForAllThreads is true that may cause Netty to create a lot garbage objects and, as a result, trigger GC.
	It is recommended to disable useCacheForAllThreads by setting -Dorg.apache.ratis.thirdparty.io.netty.allocator.useCacheForAllThreads=false in command line.
2019-09-09 17:53:24,061 [main] INFO  grpc.GrpcConfigKeys$Server (ConfUtils.java:logGet(43)) - raft.grpc.server.port = 0 (default)
2019-09-09 17:53:24,061 [main] INFO  server.GrpcService (ConfUtils.java:logGet(43)) - raft.grpc.message.size.max = 33570816 (custom)
2019-09-09 17:53:24,062 [main] INFO  server.RaftServerConfigKeys (ConfUtils.java:logGet(43)) - raft.server.log.appender.buffer.byte-limit = 33554432 (custom)
2019-09-09 17:53:24,062 [main] INFO  server.GrpcService (ConfUtils.java:logGet(43)) - raft.grpc.flow.control.window = 1MB (=1048576) (default)
2019-09-09 17:53:24,062 [main] INFO  server.RaftServerConfigKeys (ConfUtils.java:logGet(43)) - raft.server.rpc.request.timeout = 3000ms (default)
2019-09-09 17:53:24,063 [main] INFO  server.RaftServerConfigKeys (ConfUtils.java:logGet(43)) - raft.server.storage.dir = [/workdir/hadoop-ozone/integration-test/target/test-dir/MiniOzoneClusterImpl-dd65e27b-8d45-4efc-9722-0ebdacca054e/datanode-4/data/ratis] (custom)
2019-09-09 17:53:24,065 [main] INFO  hdfs.DFSUtil (DFSUtil.java:httpServerTemplateForNNAndJN(1641)) - Starting Web-server for hddsDatanode at: http://0.0.0.0:0
2019-09-09 17:53:24,066 [main] INFO  server.AuthenticationFilter (AuthenticationFilter.java:constructSecretProvider(240)) - Unable to initialize FileSignerSecretProvider, falling back to use random secrets.
2019-09-09 17:53:24,067 [main] WARN  http.HttpRequestLog (HttpRequestLog.java:getRequestLog(97)) - Jetty request log can only be enabled using Log4j
2019-09-09 17:53:24,068 [main] INFO  http.HttpServer2 (HttpServer2.java:addGlobalFilter(975)) - Added global filter 'safety' (class=org.apache.hadoop.http.HttpServer2$QuotingInputFilter)
2019-09-09 17:53:24,069 [main] INFO  http.HttpServer2 (HttpServer2.java:addFilter(948)) - Added filter static_user_filter (class=org.apache.hadoop.http.lib.StaticUserWebFilter$StaticUserFilter) to context hddsDatanode
2019-09-09 17:53:24,069 [main] INFO  http.HttpServer2 (HttpServer2.java:addFilter(958)) - Added filter static_user_filter (class=org.apache.hadoop.http.lib.StaticUserWebFilter$StaticUserFilter) to context logs
2019-09-09 17:53:24,069 [main] INFO  http.HttpServer2 (HttpServer2.java:addFilter(958)) - Added filter static_user_filter (class=org.apache.hadoop.http.lib.StaticUserWebFilter$StaticUserFilter) to context static
2019-09-09 17:53:24,070 [main] INFO  http.HttpServer2 (HttpServer2.java:bindListener(1191)) - Jetty bound to port 34757
2019-09-09 17:53:24,070 [main] INFO  server.Server (Server.java:doStart(351)) - jetty-9.3.24.v20180605, build timestamp: 2018-06-05T17:11:56Z, git hash: 84205aa28f11a4f31f2a3b86d1bba2cc8ab69827
2019-09-09 17:53:24,072 [main] INFO  handler.ContextHandler (ContextHandler.java:doStart(781)) - Started o.e.j.s.ServletContextHandler@59bbe88a{/logs,file:///workdir/hadoop-ozone/integration-test/target/log,AVAILABLE}
2019-09-09 17:53:24,073 [main] INFO  handler.ContextHandler (ContextHandler.java:doStart(781)) - Started o.e.j.s.ServletContextHandler@ed91d8d{/static,jar:file:/home/user/.m2/repository/org/apache/hadoop/hadoop-hdds-container-service/0.5.0-SNAPSHOT/hadoop-hdds-container-service-0.5.0-SNAPSHOT.jar!/webapps/static,AVAILABLE}
2019-09-09 17:53:24,112 [main] INFO  handler.ContextHandler (ContextHandler.java:doStart(781)) - Started o.e.j.w.WebAppContext@3e67f5f2{/,file:///tmp/jetty-0.0.0.0-34757-hddsDatanode-_-any-3812250893273827737.dir/webapp/,AVAILABLE}{/hddsDatanode}
2019-09-09 17:53:24,112 [main] INFO  server.AbstractConnector (AbstractConnector.java:doStart(278)) - Started ServerConnector@fd53053{HTTP/1.1,[http/1.1]}{0.0.0.0:34757}
2019-09-09 17:53:24,113 [main] INFO  server.Server (Server.java:doStart(419)) - Started @7096ms
2019-09-09 17:53:24,114 [main] WARN  impl.MetricsSystemImpl (MetricsSystemImpl.java:register(276)) - Sink prometheus already exists!
2019-09-09 17:53:24,115 [main] INFO  server.BaseHttpServer (BaseHttpServer.java:updateConnectorAddress(215)) - HTTP server of HDDSDATANODE is listening at http://0.0.0.0:34757
2019-09-09 17:53:24,115 [main] INFO  impl.MetricsSystemImpl (MetricsSystemImpl.java:init(158)) - HddsDatanode metrics system started (again)
2019-09-09 17:53:24,119 [org.apache.hadoop.util.JvmPauseMonitor$Monitor@2ae20079] INFO  util.JvmPauseMonitor (JvmPauseMonitor.java:run(188)) - Starting JVM pause monitor
2019-09-09 17:53:24,120 [main] INFO  ozone.HddsDatanodeService (HddsDatanodeService.java:start(184)) - HddsDatanodeService host:pr-hdds-2102-js77h-2988213663 ip:192.168.34.39
2019-09-09 17:53:24,122 [Datanode State Machine Thread - 0] INFO  datanode.InitDatanodeState (InitDatanodeState.java:persistContainerDatanodeDetails(140)) - DatanodeDetails is persisted to /workdir/hadoop-ozone/integration-test/target/test-dir/MiniOzoneClusterImpl-dd65e27b-8d45-4efc-9722-0ebdacca054e/datanode-4/meta/datanode.id
2019-09-09 17:53:24,127 [main] INFO  volume.HddsVolume (HddsVolume.java:<init>(176)) - Creating Volume: /workdir/hadoop-ozone/integration-test/target/test-dir/MiniOzoneClusterImpl-dd65e27b-8d45-4efc-9722-0ebdacca054e/datanode-5/data/containers/hdds of  storage type : DISK and capacity : 1482555576320
2019-09-09 17:53:24,128 [main] INFO  volume.VolumeSet (VolumeSet.java:initializeVolumeSet(170)) - Added Volume : /workdir/hadoop-ozone/integration-test/target/test-dir/MiniOzoneClusterImpl-dd65e27b-8d45-4efc-9722-0ebdacca054e/datanode-5/data/containers/hdds to VolumeSet
2019-09-09 17:53:24,128 [main] INFO  volume.ThrottledAsyncChecker (ThrottledAsyncChecker.java:schedule(139)) - Scheduling a check for org.apache.hadoop.ozone.container.common.volume.HddsVolume@7bab5898
2019-09-09 17:53:24,128 [main] INFO  volume.HddsVolumeChecker (HddsVolumeChecker.java:checkAllVolumes(202)) - Scheduled health check for volume org.apache.hadoop.ozone.container.common.volume.HddsVolume@7bab5898
2019-09-09 17:53:24,152 [main] INFO  impl.RaftServerProxy (ConfUtils.java:logGet(43)) - raft.rpc.type = GRPC (default)
2019-09-09 17:53:24,153 [main] INFO  grpc.GrpcFactory (GrpcFactory.java:checkPooledByteBufAllocatorUseCacheForAllThreads(45)) - PERFORMANCE WARNING: useCacheForAllThreads is true that may cause Netty to create a lot garbage objects and, as a result, trigger GC.
	It is recommended to disable useCacheForAllThreads by setting -Dorg.apache.ratis.thirdparty.io.netty.allocator.useCacheForAllThreads=false in command line.
2019-09-09 17:53:24,153 [main] INFO  grpc.GrpcConfigKeys$Server (ConfUtils.java:logGet(43)) - raft.grpc.server.port = 0 (default)
2019-09-09 17:53:24,153 [main] INFO  server.GrpcService (ConfUtils.java:logGet(43)) - raft.grpc.message.size.max = 33570816 (custom)
2019-09-09 17:53:24,153 [main] INFO  server.RaftServerConfigKeys (ConfUtils.java:logGet(43)) - raft.server.log.appender.buffer.byte-limit = 33554432 (custom)
2019-09-09 17:53:24,154 [main] INFO  server.GrpcService (ConfUtils.java:logGet(43)) - raft.grpc.flow.control.window = 1MB (=1048576) (default)
2019-09-09 17:53:24,154 [main] INFO  server.RaftServerConfigKeys (ConfUtils.java:logGet(43)) - raft.server.rpc.request.timeout = 3000ms (default)
2019-09-09 17:53:24,155 [main] INFO  server.RaftServerConfigKeys (ConfUtils.java:logGet(43)) - raft.server.storage.dir = [/workdir/hadoop-ozone/integration-test/target/test-dir/MiniOzoneClusterImpl-dd65e27b-8d45-4efc-9722-0ebdacca054e/datanode-5/data/ratis] (custom)
2019-09-09 17:53:24,157 [main] INFO  hdfs.DFSUtil (DFSUtil.java:httpServerTemplateForNNAndJN(1641)) - Starting Web-server for hddsDatanode at: http://0.0.0.0:0
2019-09-09 17:53:24,159 [main] INFO  server.AuthenticationFilter (AuthenticationFilter.java:constructSecretProvider(240)) - Unable to initialize FileSignerSecretProvider, falling back to use random secrets.
2019-09-09 17:53:24,160 [main] WARN  http.HttpRequestLog (HttpRequestLog.java:getRequestLog(97)) - Jetty request log can only be enabled using Log4j
2019-09-09 17:53:24,161 [main] INFO  http.HttpServer2 (HttpServer2.java:addGlobalFilter(975)) - Added global filter 'safety' (class=org.apache.hadoop.http.HttpServer2$QuotingInputFilter)
2019-09-09 17:53:24,162 [main] INFO  http.HttpServer2 (HttpServer2.java:addFilter(948)) - Added filter static_user_filter (class=org.apache.hadoop.http.lib.StaticUserWebFilter$StaticUserFilter) to context hddsDatanode
2019-09-09 17:53:24,162 [main] INFO  http.HttpServer2 (HttpServer2.java:addFilter(958)) - Added filter static_user_filter (class=org.apache.hadoop.http.lib.StaticUserWebFilter$StaticUserFilter) to context static
2019-09-09 17:53:24,162 [main] INFO  http.HttpServer2 (HttpServer2.java:addFilter(958)) - Added filter static_user_filter (class=org.apache.hadoop.http.lib.StaticUserWebFilter$StaticUserFilter) to context logs
2019-09-09 17:53:24,163 [main] INFO  http.HttpServer2 (HttpServer2.java:bindListener(1191)) - Jetty bound to port 38955
2019-09-09 17:53:24,164 [main] INFO  server.Server (Server.java:doStart(351)) - jetty-9.3.24.v20180605, build timestamp: 2018-06-05T17:11:56Z, git hash: 84205aa28f11a4f31f2a3b86d1bba2cc8ab69827
2019-09-09 17:53:24,166 [main] INFO  handler.ContextHandler (ContextHandler.java:doStart(781)) - Started o.e.j.s.ServletContextHandler@69923ac3{/logs,file:///workdir/hadoop-ozone/integration-test/target/log,AVAILABLE}
2019-09-09 17:53:24,167 [main] INFO  handler.ContextHandler (ContextHandler.java:doStart(781)) - Started o.e.j.s.ServletContextHandler@73d60e76{/static,jar:file:/home/user/.m2/repository/org/apache/hadoop/hadoop-hdds-container-service/0.5.0-SNAPSHOT/hadoop-hdds-container-service-0.5.0-SNAPSHOT.jar!/webapps/static,AVAILABLE}
2019-09-09 17:53:24,195 [main] INFO  handler.ContextHandler (ContextHandler.java:doStart(781)) - Started o.e.j.w.WebAppContext@26c89563{/,file:///tmp/jetty-0.0.0.0-38955-hddsDatanode-_-any-5412573307809225888.dir/webapp/,AVAILABLE}{/hddsDatanode}
2019-09-09 17:53:24,196 [main] INFO  server.AbstractConnector (AbstractConnector.java:doStart(278)) - Started ServerConnector@3bd6ba24{HTTP/1.1,[http/1.1]}{0.0.0.0:38955}
2019-09-09 17:53:24,197 [main] INFO  server.Server (Server.java:doStart(419)) - Started @7179ms
2019-09-09 17:53:24,197 [main] WARN  impl.MetricsSystemImpl (MetricsSystemImpl.java:register(276)) - Sink prometheus already exists!
2019-09-09 17:53:24,198 [main] INFO  server.BaseHttpServer (BaseHttpServer.java:updateConnectorAddress(215)) - HTTP server of HDDSDATANODE is listening at http://0.0.0.0:38955
2019-09-09 17:53:24,198 [main] INFO  impl.MetricsSystemImpl (MetricsSystemImpl.java:init(158)) - HddsDatanode metrics system started (again)
2019-09-09 17:53:24,202 [main] INFO  ozone.HddsDatanodeService (HddsDatanodeService.java:start(184)) - HddsDatanodeService host:pr-hdds-2102-js77h-2988213663 ip:192.168.34.39
2019-09-09 17:53:24,202 [org.apache.hadoop.util.JvmPauseMonitor$Monitor@72cbc6e7] INFO  util.JvmPauseMonitor (JvmPauseMonitor.java:run(188)) - Starting JVM pause monitor
2019-09-09 17:53:24,205 [Datanode State Machine Thread - 0] INFO  datanode.InitDatanodeState (InitDatanodeState.java:persistContainerDatanodeDetails(140)) - DatanodeDetails is persisted to /workdir/hadoop-ozone/integration-test/target/test-dir/MiniOzoneClusterImpl-dd65e27b-8d45-4efc-9722-0ebdacca054e/datanode-5/meta/datanode.id
2019-09-09 17:53:24,212 [main] INFO  volume.HddsVolume (HddsVolume.java:<init>(176)) - Creating Volume: /workdir/hadoop-ozone/integration-test/target/test-dir/MiniOzoneClusterImpl-dd65e27b-8d45-4efc-9722-0ebdacca054e/datanode-6/data/containers/hdds of  storage type : DISK and capacity : 1482555576320
2019-09-09 17:53:24,212 [main] INFO  volume.VolumeSet (VolumeSet.java:initializeVolumeSet(170)) - Added Volume : /workdir/hadoop-ozone/integration-test/target/test-dir/MiniOzoneClusterImpl-dd65e27b-8d45-4efc-9722-0ebdacca054e/datanode-6/data/containers/hdds to VolumeSet
2019-09-09 17:53:24,212 [main] INFO  volume.ThrottledAsyncChecker (ThrottledAsyncChecker.java:schedule(139)) - Scheduling a check for org.apache.hadoop.ozone.container.common.volume.HddsVolume@40e32762
2019-09-09 17:53:24,213 [main] INFO  volume.HddsVolumeChecker (HddsVolumeChecker.java:checkAllVolumes(202)) - Scheduled health check for volume org.apache.hadoop.ozone.container.common.volume.HddsVolume@40e32762
2019-09-09 17:53:24,226 [main] INFO  impl.RaftServerProxy (ConfUtils.java:logGet(43)) - raft.rpc.type = GRPC (default)
2019-09-09 17:53:24,226 [main] INFO  grpc.GrpcFactory (GrpcFactory.java:checkPooledByteBufAllocatorUseCacheForAllThreads(45)) - PERFORMANCE WARNING: useCacheForAllThreads is true that may cause Netty to create a lot garbage objects and, as a result, trigger GC.
	It is recommended to disable useCacheForAllThreads by setting -Dorg.apache.ratis.thirdparty.io.netty.allocator.useCacheForAllThreads=false in command line.
2019-09-09 17:53:24,226 [main] INFO  grpc.GrpcConfigKeys$Server (ConfUtils.java:logGet(43)) - raft.grpc.server.port = 0 (default)
2019-09-09 17:53:24,226 [main] INFO  server.GrpcService (ConfUtils.java:logGet(43)) - raft.grpc.message.size.max = 33570816 (custom)
2019-09-09 17:53:24,227 [main] INFO  server.RaftServerConfigKeys (ConfUtils.java:logGet(43)) - raft.server.log.appender.buffer.byte-limit = 33554432 (custom)
2019-09-09 17:53:24,227 [main] INFO  server.GrpcService (ConfUtils.java:logGet(43)) - raft.grpc.flow.control.window = 1MB (=1048576) (default)
2019-09-09 17:53:24,227 [main] INFO  server.RaftServerConfigKeys (ConfUtils.java:logGet(43)) - raft.server.rpc.request.timeout = 3000ms (default)
2019-09-09 17:53:24,228 [main] INFO  server.RaftServerConfigKeys (ConfUtils.java:logGet(43)) - raft.server.storage.dir = [/workdir/hadoop-ozone/integration-test/target/test-dir/MiniOzoneClusterImpl-dd65e27b-8d45-4efc-9722-0ebdacca054e/datanode-6/data/ratis] (custom)
2019-09-09 17:53:24,229 [main] INFO  hdfs.DFSUtil (DFSUtil.java:httpServerTemplateForNNAndJN(1641)) - Starting Web-server for hddsDatanode at: http://0.0.0.0:0
2019-09-09 17:53:24,231 [main] INFO  server.AuthenticationFilter (AuthenticationFilter.java:constructSecretProvider(240)) - Unable to initialize FileSignerSecretProvider, falling back to use random secrets.
2019-09-09 17:53:24,231 [main] WARN  http.HttpRequestLog (HttpRequestLog.java:getRequestLog(97)) - Jetty request log can only be enabled using Log4j
2019-09-09 17:53:24,232 [main] INFO  http.HttpServer2 (HttpServer2.java:addGlobalFilter(975)) - Added global filter 'safety' (class=org.apache.hadoop.http.HttpServer2$QuotingInputFilter)
2019-09-09 17:53:24,233 [main] INFO  http.HttpServer2 (HttpServer2.java:addFilter(948)) - Added filter static_user_filter (class=org.apache.hadoop.http.lib.StaticUserWebFilter$StaticUserFilter) to context hddsDatanode
2019-09-09 17:53:24,233 [main] INFO  http.HttpServer2 (HttpServer2.java:addFilter(958)) - Added filter static_user_filter (class=org.apache.hadoop.http.lib.StaticUserWebFilter$StaticUserFilter) to context logs
2019-09-09 17:53:24,233 [main] INFO  http.HttpServer2 (HttpServer2.java:addFilter(958)) - Added filter static_user_filter (class=org.apache.hadoop.http.lib.StaticUserWebFilter$StaticUserFilter) to context static
2019-09-09 17:53:24,234 [main] INFO  http.HttpServer2 (HttpServer2.java:bindListener(1191)) - Jetty bound to port 41835
2019-09-09 17:53:24,234 [main] INFO  server.Server (Server.java:doStart(351)) - jetty-9.3.24.v20180605, build timestamp: 2018-06-05T17:11:56Z, git hash: 84205aa28f11a4f31f2a3b86d1bba2cc8ab69827
2019-09-09 17:53:24,236 [main] INFO  handler.ContextHandler (ContextHandler.java:doStart(781)) - Started o.e.j.s.ServletContextHandler@1a6dc589{/logs,file:///workdir/hadoop-ozone/integration-test/target/log,AVAILABLE}
2019-09-09 17:53:24,236 [main] INFO  handler.ContextHandler (ContextHandler.java:doStart(781)) - Started o.e.j.s.ServletContextHandler@70211df5{/static,jar:file:/home/user/.m2/repository/org/apache/hadoop/hadoop-hdds-container-service/0.5.0-SNAPSHOT/hadoop-hdds-container-service-0.5.0-SNAPSHOT.jar!/webapps/static,AVAILABLE}
2019-09-09 17:53:24,265 [main] INFO  handler.ContextHandler (ContextHandler.java:doStart(781)) - Started o.e.j.w.WebAppContext@5b3bb1f7{/,file:///tmp/jetty-0.0.0.0-41835-hddsDatanode-_-any-2132432557923380603.dir/webapp/,AVAILABLE}{/hddsDatanode}
2019-09-09 17:53:24,266 [main] INFO  server.AbstractConnector (AbstractConnector.java:doStart(278)) - Started ServerConnector@58d6b7b9{HTTP/1.1,[http/1.1]}{0.0.0.0:41835}
2019-09-09 17:53:24,266 [main] INFO  server.Server (Server.java:doStart(419)) - Started @7249ms
2019-09-09 17:53:24,267 [main] WARN  impl.MetricsSystemImpl (MetricsSystemImpl.java:register(276)) - Sink prometheus already exists!
2019-09-09 17:53:24,267 [main] INFO  server.BaseHttpServer (BaseHttpServer.java:updateConnectorAddress(215)) - HTTP server of HDDSDATANODE is listening at http://0.0.0.0:41835
2019-09-09 17:53:24,270 [main] INFO  ozone.MiniOzoneClusterImpl (MiniOzoneClusterImpl.java:lambda$waitForClusterToBeReady$0(140)) - Waiting for cluster to be ready. Got 0 of 7 DN Heartbeats.
2019-09-09 17:53:24,271 [org.apache.hadoop.util.JvmPauseMonitor$Monitor@31ac8b07] INFO  util.JvmPauseMonitor (JvmPauseMonitor.java:run(188)) - Starting JVM pause monitor
2019-09-09 17:53:24,273 [Datanode State Machine Thread - 0] INFO  datanode.InitDatanodeState (InitDatanodeState.java:persistContainerDatanodeDetails(140)) - DatanodeDetails is persisted to /workdir/hadoop-ozone/integration-test/target/test-dir/MiniOzoneClusterImpl-dd65e27b-8d45-4efc-9722-0ebdacca054e/datanode-6/meta/datanode.id
2019-09-09 17:53:25,270 [main] INFO  ozone.MiniOzoneClusterImpl (MiniOzoneClusterImpl.java:lambda$waitForClusterToBeReady$0(140)) - Waiting for cluster to be ready. Got 0 of 7 DN Heartbeats.
2019-09-09 17:53:25,801 | INFO  | SCMAudit | user=jenkins1000 | ip=192.168.34.39 | op=GET_VERSION null | ret=SUCCESS |  
2019-09-09 17:53:25,848 [Datanode State Machine Thread - 0] INFO  ozoneimpl.OzoneContainer (OzoneContainer.java:start(201)) - Attempting to start container services.
2019-09-09 17:53:25,850 [Datanode State Machine Thread - 0] INFO  ozoneimpl.OzoneContainer (OzoneContainer.java:startContainerScrub(175)) - Background container scrubber has been disabled by hdds.containerscrub.enabled
2019-09-09 17:53:25,850 [Datanode State Machine Thread - 0] INFO  ratis.XceiverServerRatis (XceiverServerRatis.java:start(393)) - Starting XceiverServerRatis 79992e98-5725-47f9-a11f-d3f2be4c0891 at port 0
2019-09-09 17:53:25,869 | INFO  | SCMAudit | user=jenkins1000 | ip=192.168.34.39 | op=GET_VERSION null | ret=SUCCESS |  
2019-09-09 17:53:25,880 [Datanode State Machine Thread - 0] INFO  impl.RaftServerProxy (RaftServerProxy.java:lambda$start$3(299)) - 79992e98-5725-47f9-a11f-d3f2be4c0891: start RPC server
2019-09-09 17:53:25,885 [Datanode State Machine Thread - 0] INFO  ozoneimpl.OzoneContainer (OzoneContainer.java:start(201)) - Attempting to start container services.
2019-09-09 17:53:25,888 [Datanode State Machine Thread - 0] INFO  ozoneimpl.OzoneContainer (OzoneContainer.java:startContainerScrub(175)) - Background container scrubber has been disabled by hdds.containerscrub.enabled
2019-09-09 17:53:25,888 [Datanode State Machine Thread - 0] INFO  ratis.XceiverServerRatis (XceiverServerRatis.java:start(393)) - Starting XceiverServerRatis 632bc77f-49d2-4ab2-a75d-f92c37ad2325 at port 0
2019-09-09 17:53:25,898 [Datanode State Machine Thread - 0] INFO  impl.RaftServerProxy (RaftServerProxy.java:lambda$start$3(299)) - 632bc77f-49d2-4ab2-a75d-f92c37ad2325: start RPC server
2019-09-09 17:53:25,968 | INFO  | SCMAudit | user=jenkins1000 | ip=192.168.34.39 | op=GET_VERSION null | ret=SUCCESS |  
2019-09-09 17:53:25,983 [Datanode State Machine Thread - 0] INFO  ozoneimpl.OzoneContainer (OzoneContainer.java:start(201)) - Attempting to start container services.
2019-09-09 17:53:25,988 [Datanode State Machine Thread - 0] INFO  ozoneimpl.OzoneContainer (OzoneContainer.java:startContainerScrub(175)) - Background container scrubber has been disabled by hdds.containerscrub.enabled
2019-09-09 17:53:25,988 [Datanode State Machine Thread - 0] INFO  ratis.XceiverServerRatis (XceiverServerRatis.java:start(393)) - Starting XceiverServerRatis 30f1fa56-7151-4e7f-b33c-622218368397 at port 0
2019-09-09 17:53:25,998 [Datanode State Machine Thread - 0] INFO  impl.RaftServerProxy (RaftServerProxy.java:lambda$start$3(299)) - 30f1fa56-7151-4e7f-b33c-622218368397: start RPC server
2019-09-09 17:53:26,038 [Datanode State Machine Thread - 0] INFO  server.GrpcService (GrpcService.java:startImpl(149)) - 30f1fa56-7151-4e7f-b33c-622218368397: GrpcService started, listening on 0.0.0.0/0.0.0.0:35494
2019-09-09 17:53:26,038 [Datanode State Machine Thread - 0] INFO  server.GrpcService (GrpcService.java:startImpl(149)) - 632bc77f-49d2-4ab2-a75d-f92c37ad2325: GrpcService started, listening on 0.0.0.0/0.0.0.0:44198
2019-09-09 17:53:26,038 [Datanode State Machine Thread - 0] INFO  server.GrpcService (GrpcService.java:startImpl(149)) - 79992e98-5725-47f9-a11f-d3f2be4c0891: GrpcService started, listening on 0.0.0.0/0.0.0.0:33116
2019-09-09 17:53:26,040 [Datanode State Machine Thread - 0] INFO  ratis.XceiverServerRatis (XceiverServerRatis.java:start(403)) - XceiverServerRatis 632bc77f-49d2-4ab2-a75d-f92c37ad2325 is started using port 44198
2019-09-09 17:53:26,040 | INFO  | SCMAudit | user=jenkins1000 | ip=192.168.34.39 | op=GET_VERSION null | ret=SUCCESS |  
2019-09-09 17:53:26,040 [Datanode State Machine Thread - 0] INFO  ratis.XceiverServerRatis (XceiverServerRatis.java:start(403)) - XceiverServerRatis 30f1fa56-7151-4e7f-b33c-622218368397 is started using port 35494
2019-09-09 17:53:26,040 [Datanode State Machine Thread - 0] INFO  ratis.XceiverServerRatis (XceiverServerRatis.java:start(403)) - XceiverServerRatis 79992e98-5725-47f9-a11f-d3f2be4c0891 is started using port 33116
2019-09-09 17:53:26,051 [Datanode State Machine Thread - 0] INFO  server.XceiverServerGrpc (XceiverServerGrpc.java:start(163)) - XceiverServerGrpc 79992e98-5725-47f9-a11f-d3f2be4c0891 is started using port 44330
2019-09-09 17:53:26,052 [Datanode State Machine Thread - 0] INFO  server.XceiverServerGrpc (XceiverServerGrpc.java:start(163)) - XceiverServerGrpc 632bc77f-49d2-4ab2-a75d-f92c37ad2325 is started using port 45263
2019-09-09 17:53:26,051 [Datanode State Machine Thread - 0] INFO  server.XceiverServerGrpc (XceiverServerGrpc.java:start(163)) - XceiverServerGrpc 30f1fa56-7151-4e7f-b33c-622218368397 is started using port 35305
2019-09-09 17:53:26,058 [Datanode State Machine Thread - 0] INFO  ozoneimpl.OzoneContainer (OzoneContainer.java:start(201)) - Attempting to start container services.
2019-09-09 17:53:26,058 [Datanode State Machine Thread - 0] INFO  ozoneimpl.OzoneContainer (OzoneContainer.java:startContainerScrub(175)) - Background container scrubber has been disabled by hdds.containerscrub.enabled
2019-09-09 17:53:26,059 [Datanode State Machine Thread - 0] INFO  ratis.XceiverServerRatis (XceiverServerRatis.java:start(393)) - Starting XceiverServerRatis 48a6b30f-2754-42eb-8fb1-9557657e4eca at port 0
2019-09-09 17:53:26,072 [Datanode State Machine Thread - 0] INFO  impl.RaftServerProxy (RaftServerProxy.java:lambda$start$3(299)) - 48a6b30f-2754-42eb-8fb1-9557657e4eca: start RPC server
2019-09-09 17:53:26,075 [Datanode State Machine Thread - 0] INFO  server.GrpcService (GrpcService.java:startImpl(149)) - 48a6b30f-2754-42eb-8fb1-9557657e4eca: GrpcService started, listening on 0.0.0.0/0.0.0.0:34921
2019-09-09 17:53:26,076 [Datanode State Machine Thread - 0] INFO  ratis.XceiverServerRatis (XceiverServerRatis.java:start(403)) - XceiverServerRatis 48a6b30f-2754-42eb-8fb1-9557657e4eca is started using port 34921
2019-09-09 17:53:26,079 [Datanode State Machine Thread - 0] INFO  server.XceiverServerGrpc (XceiverServerGrpc.java:start(163)) - XceiverServerGrpc 48a6b30f-2754-42eb-8fb1-9557657e4eca is started using port 39708
2019-09-09 17:53:26,121 | INFO  | SCMAudit | user=jenkins1000 | ip=192.168.34.39 | op=GET_VERSION null | ret=SUCCESS |  
2019-09-09 17:53:26,186 [Datanode State Machine Thread - 0] INFO  ozoneimpl.OzoneContainer (OzoneContainer.java:start(201)) - Attempting to start container services.
2019-09-09 17:53:26,186 [Datanode State Machine Thread - 0] INFO  ozoneimpl.OzoneContainer (OzoneContainer.java:startContainerScrub(175)) - Background container scrubber has been disabled by hdds.containerscrub.enabled
2019-09-09 17:53:26,186 [Datanode State Machine Thread - 0] INFO  ratis.XceiverServerRatis (XceiverServerRatis.java:start(393)) - Starting XceiverServerRatis a512d24e-7015-49b3-9efc-742152bae316 at port 0
2019-09-09 17:53:26,196 [Datanode State Machine Thread - 0] INFO  impl.RaftServerProxy (RaftServerProxy.java:lambda$start$3(299)) - a512d24e-7015-49b3-9efc-742152bae316: start RPC server
2019-09-09 17:53:26,201 [Datanode State Machine Thread - 0] INFO  server.GrpcService (GrpcService.java:startImpl(149)) - a512d24e-7015-49b3-9efc-742152bae316: GrpcService started, listening on 0.0.0.0/0.0.0.0:34871
2019-09-09 17:53:26,201 [Datanode State Machine Thread - 0] INFO  ratis.XceiverServerRatis (XceiverServerRatis.java:start(403)) - XceiverServerRatis a512d24e-7015-49b3-9efc-742152bae316 is started using port 34871
2019-09-09 17:53:26,206 [Datanode State Machine Thread - 0] INFO  server.XceiverServerGrpc (XceiverServerGrpc.java:start(163)) - XceiverServerGrpc a512d24e-7015-49b3-9efc-742152bae316 is started using port 36519
2019-09-09 17:53:26,207 | INFO  | SCMAudit | user=jenkins1000 | ip=192.168.34.39 | op=GET_VERSION null | ret=SUCCESS |  
2019-09-09 17:53:26,223 [Datanode State Machine Thread - 0] INFO  ozoneimpl.OzoneContainer (OzoneContainer.java:start(201)) - Attempting to start container services.
2019-09-09 17:53:26,223 [Datanode State Machine Thread - 0] INFO  ozoneimpl.OzoneContainer (OzoneContainer.java:startContainerScrub(175)) - Background container scrubber has been disabled by hdds.containerscrub.enabled
2019-09-09 17:53:26,224 [Datanode State Machine Thread - 0] INFO  ratis.XceiverServerRatis (XceiverServerRatis.java:start(393)) - Starting XceiverServerRatis 3e6286ff-ff2d-4683-9fff-89a0aa7b9349 at port 0
2019-09-09 17:53:26,230 [Datanode State Machine Thread - 0] INFO  impl.RaftServerProxy (RaftServerProxy.java:lambda$start$3(299)) - 3e6286ff-ff2d-4683-9fff-89a0aa7b9349: start RPC server
2019-09-09 17:53:26,234 [Datanode State Machine Thread - 0] INFO  server.GrpcService (GrpcService.java:startImpl(149)) - 3e6286ff-ff2d-4683-9fff-89a0aa7b9349: GrpcService started, listening on 0.0.0.0/0.0.0.0:37539
2019-09-09 17:53:26,234 [Datanode State Machine Thread - 0] INFO  ratis.XceiverServerRatis (XceiverServerRatis.java:start(403)) - XceiverServerRatis 3e6286ff-ff2d-4683-9fff-89a0aa7b9349 is started using port 37539
2019-09-09 17:53:26,237 [Datanode State Machine Thread - 0] INFO  server.XceiverServerGrpc (XceiverServerGrpc.java:start(163)) - XceiverServerGrpc 3e6286ff-ff2d-4683-9fff-89a0aa7b9349 is started using port 40847
2019-09-09 17:53:26,271 [main] INFO  ozone.MiniOzoneClusterImpl (MiniOzoneClusterImpl.java:lambda$waitForClusterToBeReady$0(140)) - Waiting for cluster to be ready. Got 0 of 7 DN Heartbeats.
2019-09-09 17:53:26,274 | INFO  | SCMAudit | user=jenkins1000 | ip=192.168.34.39 | op=GET_VERSION null | ret=SUCCESS |  
2019-09-09 17:53:26,289 [Datanode State Machine Thread - 0] INFO  ozoneimpl.OzoneContainer (OzoneContainer.java:start(201)) - Attempting to start container services.
2019-09-09 17:53:26,289 [Datanode State Machine Thread - 0] INFO  ozoneimpl.OzoneContainer (OzoneContainer.java:startContainerScrub(175)) - Background container scrubber has been disabled by hdds.containerscrub.enabled
2019-09-09 17:53:26,289 [Datanode State Machine Thread - 0] INFO  ratis.XceiverServerRatis (XceiverServerRatis.java:start(393)) - Starting XceiverServerRatis 461d5a8a-abc0-4960-ba8e-ca8a6c8b8d3d at port 0
2019-09-09 17:53:26,298 [Datanode State Machine Thread - 0] INFO  impl.RaftServerProxy (RaftServerProxy.java:lambda$start$3(299)) - 461d5a8a-abc0-4960-ba8e-ca8a6c8b8d3d: start RPC server
2019-09-09 17:53:26,303 [Datanode State Machine Thread - 0] INFO  server.GrpcService (GrpcService.java:startImpl(149)) - 461d5a8a-abc0-4960-ba8e-ca8a6c8b8d3d: GrpcService started, listening on 0.0.0.0/0.0.0.0:43551
2019-09-09 17:53:26,303 [Datanode State Machine Thread - 0] INFO  ratis.XceiverServerRatis (XceiverServerRatis.java:start(403)) - XceiverServerRatis 461d5a8a-abc0-4960-ba8e-ca8a6c8b8d3d is started using port 43551
2019-09-09 17:53:26,307 [Datanode State Machine Thread - 0] INFO  server.XceiverServerGrpc (XceiverServerGrpc.java:start(163)) - XceiverServerGrpc 461d5a8a-abc0-4960-ba8e-ca8a6c8b8d3d is started using port 41583
2019-09-09 17:53:27,271 [main] INFO  ozone.MiniOzoneClusterImpl (MiniOzoneClusterImpl.java:lambda$waitForClusterToBeReady$0(140)) - Waiting for cluster to be ready. Got 0 of 7 DN Heartbeats.
2019-09-09 17:53:27,811 [IPC Server handler 1 on 44692] INFO  net.NetworkTopology (NetworkTopologyImpl.java:add(110)) - Added a new node: /default-rack/79992e98-5725-47f9-a11f-d3f2be4c0891
2019-09-09 17:53:27,812 [IPC Server handler 1 on 44692] INFO  node.SCMNodeManager (SCMNodeManager.java:register(266)) - Registered Data node : 79992e98-5725-47f9-a11f-d3f2be4c0891{ip: 192.168.34.39, host: pr-hdds-2102-js77h-2988213663, networkLocation: /default-rack, certSerialId: null}
2019-09-09 17:53:27,818 [EventQueue-NodeRegistrationContainerReportForDataNodeSafeModeRule] INFO  safemode.SCMSafeModeManager (DataNodeSafeModeRule.java:process(71)) - SCM in safe mode. 1 DataNodes registered, 1 required.
2019-09-09 17:53:27,818 [EventQueue-NodeRegistrationContainerReportForDataNodeSafeModeRule] INFO  safemode.SCMSafeModeManager (SCMSafeModeManager.java:validateSafeModeExitRules(177)) - ScmSafeModeManager, all rules are successfully validated
2019-09-09 17:53:27,818 [EventQueue-NodeRegistrationContainerReportForDataNodeSafeModeRule] INFO  safemode.SCMSafeModeManager (SCMSafeModeManager.java:exitSafeMode(193)) - SCM exiting safe mode.
2019-09-09 17:53:27,827 | INFO  | SCMAudit | user=jenkins1000 | ip=192.168.34.39 | op=REGISTER {datanodeDetails=79992e98-5725-47f9-a11f-d3f2be4c0891{ip: 192.168.34.39, host: pr-hdds-2102-js77h-2988213663, networkLocation: /default-rack, certSerialId: null}} | ret=SUCCESS |  
2019-09-09 17:53:27,871 [IPC Server handler 2 on 44692] INFO  net.NetworkTopology (NetworkTopologyImpl.java:add(110)) - Added a new node: /default-rack/632bc77f-49d2-4ab2-a75d-f92c37ad2325
2019-09-09 17:53:27,872 [IPC Server handler 2 on 44692] INFO  node.SCMNodeManager (SCMNodeManager.java:register(266)) - Registered Data node : 632bc77f-49d2-4ab2-a75d-f92c37ad2325{ip: 192.168.34.39, host: pr-hdds-2102-js77h-2988213663, networkLocation: /default-rack, certSerialId: null}
2019-09-09 17:53:27,872 | INFO  | SCMAudit | user=jenkins1000 | ip=192.168.34.39 | op=REGISTER {datanodeDetails=632bc77f-49d2-4ab2-a75d-f92c37ad2325{ip: 192.168.34.39, host: pr-hdds-2102-js77h-2988213663, networkLocation: /default-rack, certSerialId: null}} | ret=SUCCESS |  
2019-09-09 17:53:27,971 [IPC Server handler 3 on 44692] INFO  net.NetworkTopology (NetworkTopologyImpl.java:add(110)) - Added a new node: /default-rack/30f1fa56-7151-4e7f-b33c-622218368397
2019-09-09 17:53:27,971 [IPC Server handler 3 on 44692] INFO  node.SCMNodeManager (SCMNodeManager.java:register(266)) - Registered Data node : 30f1fa56-7151-4e7f-b33c-622218368397{ip: 192.168.34.39, host: pr-hdds-2102-js77h-2988213663, networkLocation: /default-rack, certSerialId: null}
2019-09-09 17:53:27,972 | INFO  | SCMAudit | user=jenkins1000 | ip=192.168.34.39 | op=REGISTER {datanodeDetails=30f1fa56-7151-4e7f-b33c-622218368397{ip: 192.168.34.39, host: pr-hdds-2102-js77h-2988213663, networkLocation: /default-rack, certSerialId: null}} | ret=SUCCESS |  
2019-09-09 17:53:28,041 [IPC Server handler 4 on 44692] INFO  net.NetworkTopology (NetworkTopologyImpl.java:add(110)) - Added a new node: /default-rack/48a6b30f-2754-42eb-8fb1-9557657e4eca
2019-09-09 17:53:28,042 [IPC Server handler 4 on 44692] INFO  node.SCMNodeManager (SCMNodeManager.java:register(266)) - Registered Data node : 48a6b30f-2754-42eb-8fb1-9557657e4eca{ip: 192.168.34.39, host: pr-hdds-2102-js77h-2988213663, networkLocation: /default-rack, certSerialId: null}
2019-09-09 17:53:28,042 | INFO  | SCMAudit | user=jenkins1000 | ip=192.168.34.39 | op=REGISTER {datanodeDetails=48a6b30f-2754-42eb-8fb1-9557657e4eca{ip: 192.168.34.39, host: pr-hdds-2102-js77h-2988213663, networkLocation: /default-rack, certSerialId: null}} | ret=SUCCESS |  
2019-09-09 17:53:28,123 [IPC Server handler 5 on 44692] INFO  net.NetworkTopology (NetworkTopologyImpl.java:add(110)) - Added a new node: /default-rack/a512d24e-7015-49b3-9efc-742152bae316
2019-09-09 17:53:28,123 [IPC Server handler 5 on 44692] INFO  node.SCMNodeManager (SCMNodeManager.java:register(266)) - Registered Data node : a512d24e-7015-49b3-9efc-742152bae316{ip: 192.168.34.39, host: pr-hdds-2102-js77h-2988213663, networkLocation: /default-rack, certSerialId: null}
2019-09-09 17:53:28,123 | INFO  | SCMAudit | user=jenkins1000 | ip=192.168.34.39 | op=REGISTER {datanodeDetails=a512d24e-7015-49b3-9efc-742152bae316{ip: 192.168.34.39, host: pr-hdds-2102-js77h-2988213663, networkLocation: /default-rack, certSerialId: null}} | ret=SUCCESS |  
2019-09-09 17:53:28,206 [IPC Server handler 7 on 44692] INFO  net.NetworkTopology (NetworkTopologyImpl.java:add(110)) - Added a new node: /default-rack/3e6286ff-ff2d-4683-9fff-89a0aa7b9349
2019-09-09 17:53:28,207 [IPC Server handler 7 on 44692] INFO  node.SCMNodeManager (SCMNodeManager.java:register(266)) - Registered Data node : 3e6286ff-ff2d-4683-9fff-89a0aa7b9349{ip: 192.168.34.39, host: pr-hdds-2102-js77h-2988213663, networkLocation: /default-rack, certSerialId: null}
2019-09-09 17:53:28,207 | INFO  | SCMAudit | user=jenkins1000 | ip=192.168.34.39 | op=REGISTER {datanodeDetails=3e6286ff-ff2d-4683-9fff-89a0aa7b9349{ip: 192.168.34.39, host: pr-hdds-2102-js77h-2988213663, networkLocation: /default-rack, certSerialId: null}} | ret=SUCCESS |  
2019-09-09 17:53:28,279 [main] INFO  ozone.MiniOzoneClusterImpl (MiniOzoneClusterImpl.java:lambda$waitForClusterToBeReady$0(140)) - Waiting for cluster to be ready. Got 6 of 7 DN Heartbeats.
2019-09-09 17:53:28,284 [IPC Server handler 6 on 44692] INFO  net.NetworkTopology (NetworkTopologyImpl.java:add(110)) - Added a new node: /default-rack/461d5a8a-abc0-4960-ba8e-ca8a6c8b8d3d
2019-09-09 17:53:28,284 [IPC Server handler 6 on 44692] INFO  node.SCMNodeManager (SCMNodeManager.java:register(266)) - Registered Data node : 461d5a8a-abc0-4960-ba8e-ca8a6c8b8d3d{ip: 192.168.34.39, host: pr-hdds-2102-js77h-2988213663, networkLocation: /default-rack, certSerialId: null}
2019-09-09 17:53:28,285 | INFO  | SCMAudit | user=jenkins1000 | ip=192.168.34.39 | op=REGISTER {datanodeDetails=461d5a8a-abc0-4960-ba8e-ca8a6c8b8d3d{ip: 192.168.34.39, host: pr-hdds-2102-js77h-2988213663, networkLocation: /default-rack, certSerialId: null}} | ret=SUCCESS |  
2019-09-09 17:53:28,458 [grpc-default-executor-0] INFO  impl.RaftServerProxy (RaftServerProxy.java:addNew(89)) - 79992e98-5725-47f9-a11f-d3f2be4c0891: addNew group-31AF8955D734:[79992e98-5725-47f9-a11f-d3f2be4c0891:192.168.34.39:33116] returns group-31AF8955D734:java.util.concurrent.CompletableFuture@68592cb3[Not completed]
2019-09-09 17:53:28,490 [pool-27-thread-1] INFO  impl.RaftServerImpl (RaftServerImpl.java:<init>(93)) - 79992e98-5725-47f9-a11f-d3f2be4c0891: new RaftServerImpl for group-31AF8955D734:[79992e98-5725-47f9-a11f-d3f2be4c0891:192.168.34.39:33116] with ContainerStateMachine:uninitialized
2019-09-09 17:53:28,493 [pool-27-thread-1] INFO  server.RaftServerConfigKeys (ConfUtils.java:logGet(43)) - raft.server.rpc.timeout.min = 5s (custom)
2019-09-09 17:53:28,495 [pool-27-thread-1] INFO  server.RaftServerConfigKeys (ConfUtils.java:logGet(43)) - raft.server.rpc.timeout.max = 5200ms (custom)
2019-09-09 17:53:28,495 [pool-27-thread-1] INFO  server.RaftServerConfigKeys (ConfUtils.java:logGet(43)) - raft.server.rpcslowness.timeout = 120s (custom)
2019-09-09 17:53:28,496 [pool-27-thread-1] INFO  server.RaftServerConfigKeys (ConfUtils.java:logGet(43)) - raft.server.sleep.deviation.threshold = 300 (default)
2019-09-09 17:53:28,505 [pool-27-thread-1] INFO  server.RaftServerConfigKeys (ConfUtils.java:logGet(43)) - raft.server.log.appender.install.snapshot.enabled = false (custom)
2019-09-09 17:53:28,516 [pool-27-thread-1] INFO  impl.RaftServerImpl (ServerState.java:<init>(105)) - 79992e98-5725-47f9-a11f-d3f2be4c0891:group-31AF8955D734 ConfigurationManager, init=-1: [79992e98-5725-47f9-a11f-d3f2be4c0891:192.168.34.39:33116], old=null, confs=<EMPTY_MAP>
2019-09-09 17:53:28,516 [pool-27-thread-1] INFO  server.RaftServerConfigKeys (ConfUtils.java:logGet(43)) - raft.server.storage.dir = [/workdir/hadoop-ozone/integration-test/target/test-dir/MiniOzoneClusterImpl-dd65e27b-8d45-4efc-9722-0ebdacca054e/datanode-0/data/ratis] (custom)
2019-09-09 17:53:28,527 [pool-27-thread-1] INFO  storage.RaftStorageDirectory (RaftStorageDirectory.java:analyzeStorage(246)) - The storage directory /workdir/hadoop-ozone/integration-test/target/test-dir/MiniOzoneClusterImpl-dd65e27b-8d45-4efc-9722-0ebdacca054e/datanode-0/data/ratis/2f94f07d-291e-4dbe-8310-31af8955d734 does not exist. Creating ...
2019-09-09 17:53:28,546 [pool-27-thread-1] INFO  storage.RaftStorageDirectory (RaftStorageDirectory.java:tryLock(328)) - Lock on /workdir/hadoop-ozone/integration-test/target/test-dir/MiniOzoneClusterImpl-dd65e27b-8d45-4efc-9722-0ebdacca054e/datanode-0/data/ratis/2f94f07d-291e-4dbe-8310-31af8955d734/in_use.lock acquired by nodename 2891@pr-hdds-2102-js77h-2988213663
2019-09-09 17:53:28,562 [pool-27-thread-1] INFO  storage.RaftStorage (RaftStorage.java:format(72)) - Storage directory /workdir/hadoop-ozone/integration-test/target/test-dir/MiniOzoneClusterImpl-dd65e27b-8d45-4efc-9722-0ebdacca054e/datanode-0/data/ratis/2f94f07d-291e-4dbe-8310-31af8955d734 has been successfully formatted.
2019-09-09 17:53:28,565 [pool-27-thread-1] INFO  ratis.ContainerStateMachine (ContainerStateMachine.java:loadSnapshot(227)) - group-31AF8955D734: The snapshot info is null. Setting the last applied indexto:(t:0, i:~)
2019-09-09 17:53:28,565 [pool-27-thread-1] INFO  server.RaftServerConfigKeys (ConfUtils.java:logGet(43)) - raft.server.leader.election.timeout = 120s (custom)
2019-09-09 17:53:28,568 [pool-27-thread-1] INFO  server.RaftServerConfigKeys (ConfUtils.java:logGet(43)) - raft.server.log.use.memory = false (default)
2019-09-09 17:53:28,574 [pool-27-thread-1] INFO  server.RaftServerConfigKeys (ConfUtils.java:logGet(43)) - raft.server.log.purge.gap = 1000000 (custom)
2019-09-09 17:53:28,574 [pool-27-thread-1] INFO  server.RaftServerConfigKeys (ConfUtils.java:logGet(43)) - raft.server.log.appender.buffer.byte-limit = 33554432 (custom)
2019-09-09 17:53:28,576 [pool-27-thread-1] INFO  server.RaftServerConfigKeys (ConfUtils.java:logGet(43)) - raft.server.log.segment.size.max = 1048576 (custom)
2019-09-09 17:53:28,582 [pool-27-thread-1] INFO  server.RaftServerConfigKeys (ConfUtils.java:logGet(43)) - raft.server.log.segment.cache.num.max = 2 (custom)
2019-09-09 17:53:28,588 [pool-27-thread-1] INFO  segmented.SegmentedRaftLogWorker (SegmentedRaftLogWorker.java:<init>(172)) - new 79992e98-5725-47f9-a11f-d3f2be4c0891-SegmentedRaftLogWorker:Storage Directory /workdir/hadoop-ozone/integration-test/target/test-dir/MiniOzoneClusterImpl-dd65e27b-8d45-4efc-9722-0ebdacca054e/datanode-0/data/ratis/2f94f07d-291e-4dbe-8310-31af8955d734 for RaftStorage:Storage Directory /workdir/hadoop-ozone/integration-test/target/test-dir/MiniOzoneClusterImpl-dd65e27b-8d45-4efc-9722-0ebdacca054e/datanode-0/data/ratis/2f94f07d-291e-4dbe-8310-31af8955d734
2019-09-09 17:53:28,606 [pool-27-thread-1] INFO  server.RaftServerConfigKeys (ConfUtils.java:logGet(43)) - raft.server.log.queue.byte-limit = 2147483647 (custom)
2019-09-09 17:53:28,607 [pool-27-thread-1] INFO  server.RaftServerConfigKeys (ConfUtils.java:logGet(43)) - raft.server.log.queue.element-limit = 1024 (custom)
2019-09-09 17:53:28,614 [pool-27-thread-1] INFO  server.RaftServerConfigKeys (ConfUtils.java:logGet(43)) - raft.server.log.segment.size.max = 1048576 (custom)
2019-09-09 17:53:28,615 [pool-27-thread-1] INFO  server.RaftServerConfigKeys (ConfUtils.java:logGet(43)) - raft.server.log.preallocated.size = 16384 (custom)
2019-09-09 17:53:28,616 [pool-27-thread-1] INFO  server.RaftServerConfigKeys (ConfUtils.java:logGet(43)) - raft.server.log.write.buffer.size = 33554432 (custom)
2019-09-09 17:53:28,617 [pool-27-thread-1] INFO  server.RaftServerConfigKeys (ConfUtils.java:logGet(43)) - raft.server.log.force.sync.num = 128 (default)
2019-09-09 17:53:28,618 [pool-27-thread-1] INFO  server.RaftServerConfigKeys (ConfUtils.java:logGet(43)) - raft.server.log.statemachine.data.sync = true (default)
2019-09-09 17:53:28,618 [pool-27-thread-1] INFO  server.RaftServerConfigKeys (ConfUtils.java:logGet(43)) - raft.server.log.statemachine.data.sync.timeout = 10s (default)
2019-09-09 17:53:28,619 [pool-27-thread-1] INFO  server.RaftServerConfigKeys (ConfUtils.java:logGet(43)) - raft.server.log.statemachine.data.sync.timeout.retry = -1 (default)
2019-09-09 17:53:28,631 [pool-27-thread-1] INFO  server.RaftServerConfigKeys (ConfUtils.java:logGet(43)) - raft.server.log.statemachine.data.caching.enabled = true (custom)
2019-09-09 17:53:28,638 [pool-27-thread-1] INFO  segmented.SegmentedRaftLogWorker (SegmentedRaftLogWorker.java:lambda$new$0(132)) - 79992e98-5725-47f9-a11f-d3f2be4c0891-SegmentedRaftLogWorker:Storage Directory /workdir/hadoop-ozone/integration-test/target/test-dir/MiniOzoneClusterImpl-dd65e27b-8d45-4efc-9722-0ebdacca054e/datanode-0/data/ratis/2f94f07d-291e-4dbe-8310-31af8955d734: flushIndex: setUnconditionally 0 -> -1
2019-09-09 17:53:28,643 [pool-27-thread-1] INFO  server.RaftServerConfigKeys (ConfUtils.java:logGet(43)) - raft.server.snapshot.auto.trigger.enabled = true (custom)
2019-09-09 17:53:28,644 [pool-27-thread-1] INFO  server.RaftServerConfigKeys (ConfUtils.java:logGet(43)) - raft.server.snapshot.auto.trigger.threshold = 10000 (custom)
2019-09-09 17:53:28,645 [pool-27-thread-1] INFO  server.RaftServerConfigKeys (ConfUtils.java:logGet(43)) - raft.server.retrycache.expirytime = 600000ms (custom)
2019-09-09 17:53:28,671 [pool-27-thread-1] INFO  impl.RaftServerImpl (RaftServerImpl.java:start(180)) - 79992e98-5725-47f9-a11f-d3f2be4c0891: start group-31AF8955D734
2019-09-09 17:53:28,672 [pool-27-thread-1] INFO  impl.RaftServerImpl (RaftServerImpl.java:setRole(171)) - 79992e98-5725-47f9-a11f-d3f2be4c0891:group-31AF8955D734 changes role from null to FOLLOWER at term 0 for startAsFollower
2019-09-09 17:53:28,673 [pool-27-thread-1] INFO  impl.RoleInfo (RoleInfo.java:updateAndGet(143)) - 79992e98-5725-47f9-a11f-d3f2be4c0891: start FollowerState
2019-09-09 17:53:28,675 [pool-27-thread-1] INFO  util.JmxRegister (JmxRegister.java:tryRegister(44)) - Successfully registered JMX Bean with object name Ratis:service=RaftServer,group=group-31AF8955D734,id=79992e98-5725-47f9-a11f-d3f2be4c0891
2019-09-09 17:53:28,754 [RatisPipelineUtilsThread] INFO  pipeline.PipelineStateManager (PipelineStateManager.java:addPipeline(56)) - Created pipeline Pipeline[ Id: 2f94f07d-291e-4dbe-8310-31af8955d734, Nodes: 79992e98-5725-47f9-a11f-d3f2be4c0891{ip: 192.168.34.39, host: pr-hdds-2102-js77h-2988213663, networkLocation: /default-rack, certSerialId: null}, Type:RATIS, Factor:ONE, State:OPEN]
2019-09-09 17:53:28,789 [grpc-default-executor-0] INFO  impl.RaftServerProxy (RaftServerProxy.java:addNew(89)) - 48a6b30f-2754-42eb-8fb1-9557657e4eca: addNew group-010BF5B00ED5:[48a6b30f-2754-42eb-8fb1-9557657e4eca:192.168.34.39:34921] returns group-010BF5B00ED5:java.util.concurrent.CompletableFuture@14578f31[Not completed]
2019-09-09 17:53:28,843 [pool-57-thread-1] INFO  impl.RaftServerImpl (RaftServerImpl.java:<init>(93)) - 48a6b30f-2754-42eb-8fb1-9557657e4eca: new RaftServerImpl for group-010BF5B00ED5:[48a6b30f-2754-42eb-8fb1-9557657e4eca:192.168.34.39:34921] with ContainerStateMachine:uninitialized
2019-09-09 17:53:28,845 [pool-57-thread-1] INFO  server.RaftServerConfigKeys (ConfUtils.java:logGet(43)) - raft.server.rpc.timeout.min = 5s (custom)
2019-09-09 17:53:28,845 [pool-57-thread-1] INFO  server.RaftServerConfigKeys (ConfUtils.java:logGet(43)) - raft.server.rpc.timeout.max = 5200ms (custom)
2019-09-09 17:53:28,845 [pool-57-thread-1] INFO  server.RaftServerConfigKeys (ConfUtils.java:logGet(43)) - raft.server.rpcslowness.timeout = 120s (custom)
2019-09-09 17:53:28,845 [pool-57-thread-1] INFO  server.RaftServerConfigKeys (ConfUtils.java:logGet(43)) - raft.server.sleep.deviation.threshold = 300 (default)
2019-09-09 17:53:28,845 [pool-57-thread-1] INFO  server.RaftServerConfigKeys (ConfUtils.java:logGet(43)) - raft.server.log.appender.install.snapshot.enabled = false (custom)
2019-09-09 17:53:28,846 [pool-57-thread-1] INFO  impl.RaftServerImpl (ServerState.java:<init>(105)) - 48a6b30f-2754-42eb-8fb1-9557657e4eca:group-010BF5B00ED5 ConfigurationManager, init=-1: [48a6b30f-2754-42eb-8fb1-9557657e4eca:192.168.34.39:34921], old=null, confs=<EMPTY_MAP>
2019-09-09 17:53:28,846 [pool-57-thread-1] INFO  server.RaftServerConfigKeys (ConfUtils.java:logGet(43)) - raft.server.storage.dir = [/workdir/hadoop-ozone/integration-test/target/test-dir/MiniOzoneClusterImpl-dd65e27b-8d45-4efc-9722-0ebdacca054e/datanode-3/data/ratis] (custom)
2019-09-09 17:53:28,846 [pool-57-thread-1] INFO  storage.RaftStorageDirectory (RaftStorageDirectory.java:analyzeStorage(246)) - The storage directory /workdir/hadoop-ozone/integration-test/target/test-dir/MiniOzoneClusterImpl-dd65e27b-8d45-4efc-9722-0ebdacca054e/datanode-3/data/ratis/c5dc8727-3b7f-433c-83e6-010bf5b00ed5 does not exist. Creating ...
2019-09-09 17:53:28,866 [pool-57-thread-1] INFO  storage.RaftStorageDirectory (RaftStorageDirectory.java:tryLock(328)) - Lock on /workdir/hadoop-ozone/integration-test/target/test-dir/MiniOzoneClusterImpl-dd65e27b-8d45-4efc-9722-0ebdacca054e/datanode-3/data/ratis/c5dc8727-3b7f-433c-83e6-010bf5b00ed5/in_use.lock acquired by nodename 2891@pr-hdds-2102-js77h-2988213663
2019-09-09 17:53:28,880 [pool-57-thread-1] INFO  storage.RaftStorage (RaftStorage.java:format(72)) - Storage directory /workdir/hadoop-ozone/integration-test/target/test-dir/MiniOzoneClusterImpl-dd65e27b-8d45-4efc-9722-0ebdacca054e/datanode-3/data/ratis/c5dc8727-3b7f-433c-83e6-010bf5b00ed5 has been successfully formatted.
2019-09-09 17:53:28,882 [pool-57-thread-1] INFO  ratis.ContainerStateMachine (ContainerStateMachine.java:loadSnapshot(227)) - group-010BF5B00ED5: The snapshot info is null. Setting the last applied indexto:(t:0, i:~)
2019-09-09 17:53:28,884 [pool-57-thread-1] INFO  server.RaftServerConfigKeys (ConfUtils.java:logGet(43)) - raft.server.leader.election.timeout = 120s (custom)
2019-09-09 17:53:28,884 [pool-57-thread-1] INFO  server.RaftServerConfigKeys (ConfUtils.java:logGet(43)) - raft.server.log.use.memory = false (default)
2019-09-09 17:53:28,884 [pool-57-thread-1] INFO  server.RaftServerConfigKeys (ConfUtils.java:logGet(43)) - raft.server.log.purge.gap = 1000000 (custom)
2019-09-09 17:53:28,884 [pool-57-thread-1] INFO  server.RaftServerConfigKeys (ConfUtils.java:logGet(43)) - raft.server.log.appender.buffer.byte-limit = 33554432 (custom)
2019-09-09 17:53:28,885 [pool-57-thread-1] INFO  server.RaftServerConfigKeys (ConfUtils.java:logGet(43)) - raft.server.log.segment.size.max = 1048576 (custom)
2019-09-09 17:53:28,885 [pool-57-thread-1] INFO  server.RaftServerConfigKeys (ConfUtils.java:logGet(43)) - raft.server.log.segment.cache.num.max = 2 (custom)
2019-09-09 17:53:28,885 [pool-57-thread-1] INFO  segmented.SegmentedRaftLogWorker (SegmentedRaftLogWorker.java:<init>(172)) - new 48a6b30f-2754-42eb-8fb1-9557657e4eca-SegmentedRaftLogWorker:Storage Directory /workdir/hadoop-ozone/integration-test/target/test-dir/MiniOzoneClusterImpl-dd65e27b-8d45-4efc-9722-0ebdacca054e/datanode-3/data/ratis/c5dc8727-3b7f-433c-83e6-010bf5b00ed5 for RaftStorage:Storage Directory /workdir/hadoop-ozone/integration-test/target/test-dir/MiniOzoneClusterImpl-dd65e27b-8d45-4efc-9722-0ebdacca054e/datanode-3/data/ratis/c5dc8727-3b7f-433c-83e6-010bf5b00ed5
2019-09-09 17:53:28,887 [pool-57-thread-1] INFO  server.RaftServerConfigKeys (ConfUtils.java:logGet(43)) - raft.server.log.queue.byte-limit = 2147483647 (custom)
2019-09-09 17:53:28,887 [pool-57-thread-1] INFO  server.RaftServerConfigKeys (ConfUtils.java:logGet(43)) - raft.server.log.queue.element-limit = 1024 (custom)
2019-09-09 17:53:28,887 [pool-57-thread-1] INFO  server.RaftServerConfigKeys (ConfUtils.java:logGet(43)) - raft.server.log.segment.size.max = 1048576 (custom)
2019-09-09 17:53:28,887 [pool-57-thread-1] INFO  server.RaftServerConfigKeys (ConfUtils.java:logGet(43)) - raft.server.log.preallocated.size = 16384 (custom)
2019-09-09 17:53:28,887 [pool-57-thread-1] INFO  server.RaftServerConfigKeys (ConfUtils.java:logGet(43)) - raft.server.log.write.buffer.size = 33554432 (custom)
2019-09-09 17:53:28,888 [pool-57-thread-1] INFO  server.RaftServerConfigKeys (ConfUtils.java:logGet(43)) - raft.server.log.force.sync.num = 128 (default)
2019-09-09 17:53:28,888 [pool-57-thread-1] INFO  server.RaftServerConfigKeys (ConfUtils.java:logGet(43)) - raft.server.log.statemachine.data.sync = true (default)
2019-09-09 17:53:28,888 [pool-57-thread-1] INFO  server.RaftServerConfigKeys (ConfUtils.java:logGet(43)) - raft.server.log.statemachine.data.sync.timeout = 10s (default)
2019-09-09 17:53:28,888 [pool-57-thread-1] INFO  server.RaftServerConfigKeys (ConfUtils.java:logGet(43)) - raft.server.log.statemachine.data.sync.timeout.retry = -1 (default)
2019-09-09 17:53:28,888 [pool-57-thread-1] INFO  server.RaftServerConfigKeys (ConfUtils.java:logGet(43)) - raft.server.log.statemachine.data.caching.enabled = true (custom)
2019-09-09 17:53:28,889 [pool-57-thread-1] INFO  segmented.SegmentedRaftLogWorker (SegmentedRaftLogWorker.java:lambda$new$0(132)) - 48a6b30f-2754-42eb-8fb1-9557657e4eca-SegmentedRaftLogWorker:Storage Directory /workdir/hadoop-ozone/integration-test/target/test-dir/MiniOzoneClusterImpl-dd65e27b-8d45-4efc-9722-0ebdacca054e/datanode-3/data/ratis/c5dc8727-3b7f-433c-83e6-010bf5b00ed5: flushIndex: setUnconditionally 0 -> -1
2019-09-09 17:53:28,889 [pool-57-thread-1] INFO  server.RaftServerConfigKeys (ConfUtils.java:logGet(43)) - raft.server.snapshot.auto.trigger.enabled = true (custom)
2019-09-09 17:53:28,889 [pool-57-thread-1] INFO  server.RaftServerConfigKeys (ConfUtils.java:logGet(43)) - raft.server.snapshot.auto.trigger.threshold = 10000 (custom)
2019-09-09 17:53:28,889 [pool-57-thread-1] INFO  server.RaftServerConfigKeys (ConfUtils.java:logGet(43)) - raft.server.retrycache.expirytime = 600000ms (custom)
2019-09-09 17:53:28,889 [pool-57-thread-1] INFO  impl.RaftServerImpl (RaftServerImpl.java:start(180)) - 48a6b30f-2754-42eb-8fb1-9557657e4eca: start group-010BF5B00ED5
2019-09-09 17:53:28,890 [pool-57-thread-1] INFO  impl.RaftServerImpl (RaftServerImpl.java:setRole(171)) - 48a6b30f-2754-42eb-8fb1-9557657e4eca:group-010BF5B00ED5 changes role from null to FOLLOWER at term 0 for startAsFollower
2019-09-09 17:53:28,890 [pool-57-thread-1] INFO  impl.RoleInfo (RoleInfo.java:updateAndGet(143)) - 48a6b30f-2754-42eb-8fb1-9557657e4eca: start FollowerState
2019-09-09 17:53:28,892 [pool-57-thread-1] INFO  util.JmxRegister (JmxRegister.java:tryRegister(44)) - Successfully registered JMX Bean with object name Ratis:service=RaftServer,group=group-010BF5B00ED5,id=48a6b30f-2754-42eb-8fb1-9557657e4eca
2019-09-09 17:53:28,908 [RatisPipelineUtilsThread] INFO  pipeline.PipelineStateManager (PipelineStateManager.java:addPipeline(56)) - Created pipeline Pipeline[ Id: c5dc8727-3b7f-433c-83e6-010bf5b00ed5, Nodes: 48a6b30f-2754-42eb-8fb1-9557657e4eca{ip: 192.168.34.39, host: pr-hdds-2102-js77h-2988213663, networkLocation: /default-rack, certSerialId: null}, Type:RATIS, Factor:ONE, State:OPEN]
2019-09-09 17:53:28,940 [grpc-default-executor-0] INFO  impl.RaftServerProxy (RaftServerProxy.java:addNew(89)) - 461d5a8a-abc0-4960-ba8e-ca8a6c8b8d3d: addNew group-455E9D4DC5A5:[461d5a8a-abc0-4960-ba8e-ca8a6c8b8d3d:192.168.34.39:43551] returns group-455E9D4DC5A5:java.util.concurrent.CompletableFuture@7ed5dffa[Not completed]
2019-09-09 17:53:28,959 [pool-87-thread-1] INFO  impl.RaftServerImpl (RaftServerImpl.java:<init>(93)) - 461d5a8a-abc0-4960-ba8e-ca8a6c8b8d3d: new RaftServerImpl for group-455E9D4DC5A5:[461d5a8a-abc0-4960-ba8e-ca8a6c8b8d3d:192.168.34.39:43551] with ContainerStateMachine:uninitialized
2019-09-09 17:53:28,960 [pool-87-thread-1] INFO  server.RaftServerConfigKeys (ConfUtils.java:logGet(43)) - raft.server.rpc.timeout.min = 5s (custom)
2019-09-09 17:53:28,960 [pool-87-thread-1] INFO  server.RaftServerConfigKeys (ConfUtils.java:logGet(43)) - raft.server.rpc.timeout.max = 5200ms (custom)
2019-09-09 17:53:28,960 [pool-87-thread-1] INFO  server.RaftServerConfigKeys (ConfUtils.java:logGet(43)) - raft.server.rpcslowness.timeout = 120s (custom)
2019-09-09 17:53:28,960 [pool-87-thread-1] INFO  server.RaftServerConfigKeys (ConfUtils.java:logGet(43)) - raft.server.sleep.deviation.threshold = 300 (default)
2019-09-09 17:53:28,961 [pool-87-thread-1] INFO  server.RaftServerConfigKeys (ConfUtils.java:logGet(43)) - raft.server.log.appender.install.snapshot.enabled = false (custom)
2019-09-09 17:53:28,961 [pool-87-thread-1] INFO  impl.RaftServerImpl (ServerState.java:<init>(105)) - 461d5a8a-abc0-4960-ba8e-ca8a6c8b8d3d:group-455E9D4DC5A5 ConfigurationManager, init=-1: [461d5a8a-abc0-4960-ba8e-ca8a6c8b8d3d:192.168.34.39:43551], old=null, confs=<EMPTY_MAP>
2019-09-09 17:53:28,961 [pool-87-thread-1] INFO  server.RaftServerConfigKeys (ConfUtils.java:logGet(43)) - raft.server.storage.dir = [/workdir/hadoop-ozone/integration-test/target/test-dir/MiniOzoneClusterImpl-dd65e27b-8d45-4efc-9722-0ebdacca054e/datanode-6/data/ratis] (custom)
2019-09-09 17:53:28,962 [pool-87-thread-1] INFO  storage.RaftStorageDirectory (RaftStorageDirectory.java:analyzeStorage(246)) - The storage directory /workdir/hadoop-ozone/integration-test/target/test-dir/MiniOzoneClusterImpl-dd65e27b-8d45-4efc-9722-0ebdacca054e/datanode-6/data/ratis/8a8dfc02-66dc-40ca-8f93-455e9d4dc5a5 does not exist. Creating ...
2019-09-09 17:53:28,975 [pool-87-thread-1] INFO  storage.RaftStorageDirectory (RaftStorageDirectory.java:tryLock(328)) - Lock on /workdir/hadoop-ozone/integration-test/target/test-dir/MiniOzoneClusterImpl-dd65e27b-8d45-4efc-9722-0ebdacca054e/datanode-6/data/ratis/8a8dfc02-66dc-40ca-8f93-455e9d4dc5a5/in_use.lock acquired by nodename 2891@pr-hdds-2102-js77h-2988213663
2019-09-09 17:53:28,989 [pool-87-thread-1] INFO  storage.RaftStorage (RaftStorage.java:format(72)) - Storage directory /workdir/hadoop-ozone/integration-test/target/test-dir/MiniOzoneClusterImpl-dd65e27b-8d45-4efc-9722-0ebdacca054e/datanode-6/data/ratis/8a8dfc02-66dc-40ca-8f93-455e9d4dc5a5 has been successfully formatted.
2019-09-09 17:53:28,989 [pool-87-thread-1] INFO  ratis.ContainerStateMachine (ContainerStateMachine.java:loadSnapshot(227)) - group-455E9D4DC5A5: The snapshot info is null. Setting the last applied indexto:(t:0, i:~)
2019-09-09 17:53:28,989 [pool-87-thread-1] INFO  server.RaftServerConfigKeys (ConfUtils.java:logGet(43)) - raft.server.leader.election.timeout = 120s (custom)
2019-09-09 17:53:28,990 [pool-87-thread-1] INFO  server.RaftServerConfigKeys (ConfUtils.java:logGet(43)) - raft.server.log.use.memory = false (default)
2019-09-09 17:53:28,990 [pool-87-thread-1] INFO  server.RaftServerConfigKeys (ConfUtils.java:logGet(43)) - raft.server.log.purge.gap = 1000000 (custom)
2019-09-09 17:53:28,990 [pool-87-thread-1] INFO  server.RaftServerConfigKeys (ConfUtils.java:logGet(43)) - raft.server.log.appender.buffer.byte-limit = 33554432 (custom)
2019-09-09 17:53:28,990 [pool-87-thread-1] INFO  server.RaftServerConfigKeys (ConfUtils.java:logGet(43)) - raft.server.log.segment.size.max = 1048576 (custom)
2019-09-09 17:53:28,991 [pool-87-thread-1] INFO  server.RaftServerConfigKeys (ConfUtils.java:logGet(43)) - raft.server.log.segment.cache.num.max = 2 (custom)
2019-09-09 17:53:28,991 [pool-87-thread-1] INFO  segmented.SegmentedRaftLogWorker (SegmentedRaftLogWorker.java:<init>(172)) - new 461d5a8a-abc0-4960-ba8e-ca8a6c8b8d3d-SegmentedRaftLogWorker:Storage Directory /workdir/hadoop-ozone/integration-test/target/test-dir/MiniOzoneClusterImpl-dd65e27b-8d45-4efc-9722-0ebdacca054e/datanode-6/data/ratis/8a8dfc02-66dc-40ca-8f93-455e9d4dc5a5 for RaftStorage:Storage Directory /workdir/hadoop-ozone/integration-test/target/test-dir/MiniOzoneClusterImpl-dd65e27b-8d45-4efc-9722-0ebdacca054e/datanode-6/data/ratis/8a8dfc02-66dc-40ca-8f93-455e9d4dc5a5
2019-09-09 17:53:28,991 [pool-87-thread-1] INFO  server.RaftServerConfigKeys (ConfUtils.java:logGet(43)) - raft.server.log.queue.byte-limit = 2147483647 (custom)
2019-09-09 17:53:28,991 [pool-87-thread-1] INFO  server.RaftServerConfigKeys (ConfUtils.java:logGet(43)) - raft.server.log.queue.element-limit = 1024 (custom)
2019-09-09 17:53:28,992 [pool-87-thread-1] INFO  server.RaftServerConfigKeys (ConfUtils.java:logGet(43)) - raft.server.log.segment.size.max = 1048576 (custom)
2019-09-09 17:53:28,992 [pool-87-thread-1] INFO  server.RaftServerConfigKeys (ConfUtils.java:logGet(43)) - raft.server.log.preallocated.size = 16384 (custom)
2019-09-09 17:53:28,992 [pool-87-thread-1] INFO  server.RaftServerConfigKeys (ConfUtils.java:logGet(43)) - raft.server.log.write.buffer.size = 33554432 (custom)
2019-09-09 17:53:28,992 [pool-87-thread-1] INFO  server.RaftServerConfigKeys (ConfUtils.java:logGet(43)) - raft.server.log.force.sync.num = 128 (default)
2019-09-09 17:53:28,992 [pool-87-thread-1] INFO  server.RaftServerConfigKeys (ConfUtils.java:logGet(43)) - raft.server.log.statemachine.data.sync = true (default)
2019-09-09 17:53:28,993 [pool-87-thread-1] INFO  server.RaftServerConfigKeys (ConfUtils.java:logGet(43)) - raft.server.log.statemachine.data.sync.timeout = 10s (default)
2019-09-09 17:53:28,993 [pool-87-thread-1] INFO  server.RaftServerConfigKeys (ConfUtils.java:logGet(43)) - raft.server.log.statemachine.data.sync.timeout.retry = -1 (default)
2019-09-09 17:53:28,993 [pool-87-thread-1] INFO  server.RaftServerConfigKeys (ConfUtils.java:logGet(43)) - raft.server.log.statemachine.data.caching.enabled = true (custom)
2019-09-09 17:53:28,994 [pool-87-thread-1] INFO  segmented.SegmentedRaftLogWorker (SegmentedRaftLogWorker.java:lambda$new$0(132)) - 461d5a8a-abc0-4960-ba8e-ca8a6c8b8d3d-SegmentedRaftLogWorker:Storage Directory /workdir/hadoop-ozone/integration-test/target/test-dir/MiniOzoneClusterImpl-dd65e27b-8d45-4efc-9722-0ebdacca054e/datanode-6/data/ratis/8a8dfc02-66dc-40ca-8f93-455e9d4dc5a5: flushIndex: setUnconditionally 0 -> -1
2019-09-09 17:53:28,994 [pool-87-thread-1] INFO  server.RaftServerConfigKeys (ConfUtils.java:logGet(43)) - raft.server.snapshot.auto.trigger.enabled = true (custom)
2019-09-09 17:53:28,994 [pool-87-thread-1] INFO  server.RaftServerConfigKeys (ConfUtils.java:logGet(43)) - raft.server.snapshot.auto.trigger.threshold = 10000 (custom)
2019-09-09 17:53:28,995 [pool-87-thread-1] INFO  server.RaftServerConfigKeys (ConfUtils.java:logGet(43)) - raft.server.retrycache.expirytime = 600000ms (custom)
2019-09-09 17:53:28,995 [pool-87-thread-1] INFO  impl.RaftServerImpl (RaftServerImpl.java:start(180)) - 461d5a8a-abc0-4960-ba8e-ca8a6c8b8d3d: start group-455E9D4DC5A5
2019-09-09 17:53:28,995 [pool-87-thread-1] INFO  impl.RaftServerImpl (RaftServerImpl.java:setRole(171)) - 461d5a8a-abc0-4960-ba8e-ca8a6c8b8d3d:group-455E9D4DC5A5 changes role from null to FOLLOWER at term 0 for startAsFollower
2019-09-09 17:53:28,995 [pool-87-thread-1] INFO  impl.RoleInfo (RoleInfo.java:updateAndGet(143)) - 461d5a8a-abc0-4960-ba8e-ca8a6c8b8d3d: start FollowerState
2019-09-09 17:53:28,996 [pool-87-thread-1] INFO  util.JmxRegister (JmxRegister.java:tryRegister(44)) - Successfully registered JMX Bean with object name Ratis:service=RaftServer,group=group-455E9D4DC5A5,id=461d5a8a-abc0-4960-ba8e-ca8a6c8b8d3d
2019-09-09 17:53:29,011 [RatisPipelineUtilsThread] INFO  pipeline.PipelineStateManager (PipelineStateManager.java:addPipeline(56)) - Created pipeline Pipeline[ Id: 8a8dfc02-66dc-40ca-8f93-455e9d4dc5a5, Nodes: 461d5a8a-abc0-4960-ba8e-ca8a6c8b8d3d{ip: 192.168.34.39, host: pr-hdds-2102-js77h-2988213663, networkLocation: /default-rack, certSerialId: null}, Type:RATIS, Factor:ONE, State:OPEN]
2019-09-09 17:53:29,043 [grpc-default-executor-0] INFO  impl.RaftServerProxy (RaftServerProxy.java:addNew(89)) - 30f1fa56-7151-4e7f-b33c-622218368397: addNew group-BFC4C277E80E:[30f1fa56-7151-4e7f-b33c-622218368397:192.168.34.39:35494] returns group-BFC4C277E80E:java.util.concurrent.CompletableFuture@1dfe8006[Not completed]
2019-09-09 17:53:29,050 [pool-47-thread-1] INFO  impl.RaftServerImpl (RaftServerImpl.java:<init>(93)) - 30f1fa56-7151-4e7f-b33c-622218368397: new RaftServerImpl for group-BFC4C277E80E:[30f1fa56-7151-4e7f-b33c-622218368397:192.168.34.39:35494] with ContainerStateMachine:uninitialized
2019-09-09 17:53:29,050 [pool-47-thread-1] INFO  server.RaftServerConfigKeys (ConfUtils.java:logGet(43)) - raft.server.rpc.timeout.min = 5s (custom)
2019-09-09 17:53:29,051 [pool-47-thread-1] INFO  server.RaftServerConfigKeys (ConfUtils.java:logGet(43)) - raft.server.rpc.timeout.max = 5200ms (custom)
2019-09-09 17:53:29,051 [pool-47-thread-1] INFO  server.RaftServerConfigKeys (ConfUtils.java:logGet(43)) - raft.server.rpcslowness.timeout = 120s (custom)
2019-09-09 17:53:29,051 [pool-47-thread-1] INFO  server.RaftServerConfigKeys (ConfUtils.java:logGet(43)) - raft.server.sleep.deviation.threshold = 300 (default)
2019-09-09 17:53:29,051 [pool-47-thread-1] INFO  server.RaftServerConfigKeys (ConfUtils.java:logGet(43)) - raft.server.log.appender.install.snapshot.enabled = false (custom)
2019-09-09 17:53:29,052 [pool-47-thread-1] INFO  impl.RaftServerImpl (ServerState.java:<init>(105)) - 30f1fa56-7151-4e7f-b33c-622218368397:group-BFC4C277E80E ConfigurationManager, init=-1: [30f1fa56-7151-4e7f-b33c-622218368397:192.168.34.39:35494], old=null, confs=<EMPTY_MAP>
2019-09-09 17:53:29,052 [pool-47-thread-1] INFO  server.RaftServerConfigKeys (ConfUtils.java:logGet(43)) - raft.server.storage.dir = [/workdir/hadoop-ozone/integration-test/target/test-dir/MiniOzoneClusterImpl-dd65e27b-8d45-4efc-9722-0ebdacca054e/datanode-2/data/ratis] (custom)
2019-09-09 17:53:29,052 [pool-47-thread-1] INFO  storage.RaftStorageDirectory (RaftStorageDirectory.java:analyzeStorage(246)) - The storage directory /workdir/hadoop-ozone/integration-test/target/test-dir/MiniOzoneClusterImpl-dd65e27b-8d45-4efc-9722-0ebdacca054e/datanode-2/data/ratis/be75cb32-1f7a-4b11-8b9a-bfc4c277e80e does not exist. Creating ...
2019-09-09 17:53:29,065 [pool-47-thread-1] INFO  storage.RaftStorageDirectory (RaftStorageDirectory.java:tryLock(328)) - Lock on /workdir/hadoop-ozone/integration-test/target/test-dir/MiniOzoneClusterImpl-dd65e27b-8d45-4efc-9722-0ebdacca054e/datanode-2/data/ratis/be75cb32-1f7a-4b11-8b9a-bfc4c277e80e/in_use.lock acquired by nodename 2891@pr-hdds-2102-js77h-2988213663
2019-09-09 17:53:29,080 [pool-47-thread-1] INFO  storage.RaftStorage (RaftStorage.java:format(72)) - Storage directory /workdir/hadoop-ozone/integration-test/target/test-dir/MiniOzoneClusterImpl-dd65e27b-8d45-4efc-9722-0ebdacca054e/datanode-2/data/ratis/be75cb32-1f7a-4b11-8b9a-bfc4c277e80e has been successfully formatted.
2019-09-09 17:53:29,080 [pool-47-thread-1] INFO  ratis.ContainerStateMachine (ContainerStateMachine.java:loadSnapshot(227)) - group-BFC4C277E80E: The snapshot info is null. Setting the last applied indexto:(t:0, i:~)
2019-09-09 17:53:29,080 [pool-47-thread-1] INFO  server.RaftServerConfigKeys (ConfUtils.java:logGet(43)) - raft.server.leader.election.timeout = 120s (custom)
2019-09-09 17:53:29,080 [pool-47-thread-1] INFO  server.RaftServerConfigKeys (ConfUtils.java:logGet(43)) - raft.server.log.use.memory = false (default)
2019-09-09 17:53:29,081 [pool-47-thread-1] INFO  server.RaftServerConfigKeys (ConfUtils.java:logGet(43)) - raft.server.log.purge.gap = 1000000 (custom)
2019-09-09 17:53:29,081 [pool-47-thread-1] INFO  server.RaftServerConfigKeys (ConfUtils.java:logGet(43)) - raft.server.log.appender.buffer.byte-limit = 33554432 (custom)
2019-09-09 17:53:29,081 [pool-47-thread-1] INFO  server.RaftServerConfigKeys (ConfUtils.java:logGet(43)) - raft.server.log.segment.size.max = 1048576 (custom)
2019-09-09 17:53:29,081 [pool-47-thread-1] INFO  server.RaftServerConfigKeys (ConfUtils.java:logGet(43)) - raft.server.log.segment.cache.num.max = 2 (custom)
2019-09-09 17:53:29,081 [pool-47-thread-1] INFO  segmented.SegmentedRaftLogWorker (SegmentedRaftLogWorker.java:<init>(172)) - new 30f1fa56-7151-4e7f-b33c-622218368397-SegmentedRaftLogWorker:Storage Directory /workdir/hadoop-ozone/integration-test/target/test-dir/MiniOzoneClusterImpl-dd65e27b-8d45-4efc-9722-0ebdacca054e/datanode-2/data/ratis/be75cb32-1f7a-4b11-8b9a-bfc4c277e80e for RaftStorage:Storage Directory /workdir/hadoop-ozone/integration-test/target/test-dir/MiniOzoneClusterImpl-dd65e27b-8d45-4efc-9722-0ebdacca054e/datanode-2/data/ratis/be75cb32-1f7a-4b11-8b9a-bfc4c277e80e
2019-09-09 17:53:29,082 [pool-47-thread-1] INFO  server.RaftServerConfigKeys (ConfUtils.java:logGet(43)) - raft.server.log.queue.byte-limit = 2147483647 (custom)
2019-09-09 17:53:29,082 [pool-47-thread-1] INFO  server.RaftServerConfigKeys (ConfUtils.java:logGet(43)) - raft.server.log.queue.element-limit = 1024 (custom)
2019-09-09 17:53:29,082 [pool-47-thread-1] INFO  server.RaftServerConfigKeys (ConfUtils.java:logGet(43)) - raft.server.log.segment.size.max = 1048576 (custom)
2019-09-09 17:53:29,082 [pool-47-thread-1] INFO  server.RaftServerConfigKeys (ConfUtils.java:logGet(43)) - raft.server.log.preallocated.size = 16384 (custom)
2019-09-09 17:53:29,082 [pool-47-thread-1] INFO  server.RaftServerConfigKeys (ConfUtils.java:logGet(43)) - raft.server.log.write.buffer.size = 33554432 (custom)
2019-09-09 17:53:29,083 [pool-47-thread-1] INFO  server.RaftServerConfigKeys (ConfUtils.java:logGet(43)) - raft.server.log.force.sync.num = 128 (default)
2019-09-09 17:53:29,083 [pool-47-thread-1] INFO  server.RaftServerConfigKeys (ConfUtils.java:logGet(43)) - raft.server.log.statemachine.data.sync = true (default)
2019-09-09 17:53:29,083 [pool-47-thread-1] INFO  server.RaftServerConfigKeys (ConfUtils.java:logGet(43)) - raft.server.log.statemachine.data.sync.timeout = 10s (default)
2019-09-09 17:53:29,083 [pool-47-thread-1] INFO  server.RaftServerConfigKeys (ConfUtils.java:logGet(43)) - raft.server.log.statemachine.data.sync.timeout.retry = -1 (default)
2019-09-09 17:53:29,084 [pool-47-thread-1] INFO  server.RaftServerConfigKeys (ConfUtils.java:logGet(43)) - raft.server.log.statemachine.data.caching.enabled = true (custom)
2019-09-09 17:53:29,084 [pool-47-thread-1] INFO  segmented.SegmentedRaftLogWorker (SegmentedRaftLogWorker.java:lambda$new$0(132)) - 30f1fa56-7151-4e7f-b33c-622218368397-SegmentedRaftLogWorker:Storage Directory /workdir/hadoop-ozone/integration-test/target/test-dir/MiniOzoneClusterImpl-dd65e27b-8d45-4efc-9722-0ebdacca054e/datanode-2/data/ratis/be75cb32-1f7a-4b11-8b9a-bfc4c277e80e: flushIndex: setUnconditionally 0 -> -1
2019-09-09 17:53:29,084 [pool-47-thread-1] INFO  server.RaftServerConfigKeys (ConfUtils.java:logGet(43)) - raft.server.snapshot.auto.trigger.enabled = true (custom)
2019-09-09 17:53:29,085 [pool-47-thread-1] INFO  server.RaftServerConfigKeys (ConfUtils.java:logGet(43)) - raft.server.snapshot.auto.trigger.threshold = 10000 (custom)
2019-09-09 17:53:29,085 [pool-47-thread-1] INFO  server.RaftServerConfigKeys (ConfUtils.java:logGet(43)) - raft.server.retrycache.expirytime = 600000ms (custom)
2019-09-09 17:53:29,085 [pool-47-thread-1] INFO  impl.RaftServerImpl (RaftServerImpl.java:start(180)) - 30f1fa56-7151-4e7f-b33c-622218368397: start group-BFC4C277E80E
2019-09-09 17:53:29,085 [pool-47-thread-1] INFO  impl.RaftServerImpl (RaftServerImpl.java:setRole(171)) - 30f1fa56-7151-4e7f-b33c-622218368397:group-BFC4C277E80E changes role from null to FOLLOWER at term 0 for startAsFollower
2019-09-09 17:53:29,085 [pool-47-thread-1] INFO  impl.RoleInfo (RoleInfo.java:updateAndGet(143)) - 30f1fa56-7151-4e7f-b33c-622218368397: start FollowerState
2019-09-09 17:53:29,086 [pool-47-thread-1] INFO  util.JmxRegister (JmxRegister.java:tryRegister(44)) - Successfully registered JMX Bean with object name Ratis:service=RaftServer,group=group-BFC4C277E80E,id=30f1fa56-7151-4e7f-b33c-622218368397
2019-09-09 17:53:29,103 [RatisPipelineUtilsThread] INFO  pipeline.PipelineStateManager (PipelineStateManager.java:addPipeline(56)) - Created pipeline Pipeline[ Id: be75cb32-1f7a-4b11-8b9a-bfc4c277e80e, Nodes: 30f1fa56-7151-4e7f-b33c-622218368397{ip: 192.168.34.39, host: pr-hdds-2102-js77h-2988213663, networkLocation: /default-rack, certSerialId: null}, Type:RATIS, Factor:ONE, State:OPEN]
2019-09-09 17:53:29,128 [grpc-default-executor-0] INFO  impl.RaftServerProxy (RaftServerProxy.java:addNew(89)) - a512d24e-7015-49b3-9efc-742152bae316: addNew group-C6B8C09B6E74:[a512d24e-7015-49b3-9efc-742152bae316:192.168.34.39:34871] returns group-C6B8C09B6E74:java.util.concurrent.CompletableFuture@4cdcba09[Not completed]
2019-09-09 17:53:29,133 [pool-67-thread-1] INFO  impl.RaftServerImpl (RaftServerImpl.java:<init>(93)) - a512d24e-7015-49b3-9efc-742152bae316: new RaftServerImpl for group-C6B8C09B6E74:[a512d24e-7015-49b3-9efc-742152bae316:192.168.34.39:34871] with ContainerStateMachine:uninitialized
2019-09-09 17:53:29,133 [pool-67-thread-1] INFO  server.RaftServerConfigKeys (ConfUtils.java:logGet(43)) - raft.server.rpc.timeout.min = 5s (custom)
2019-09-09 17:53:29,133 [pool-67-thread-1] INFO  server.RaftServerConfigKeys (ConfUtils.java:logGet(43)) - raft.server.rpc.timeout.max = 5200ms (custom)
2019-09-09 17:53:29,134 [pool-67-thread-1] INFO  server.RaftServerConfigKeys (ConfUtils.java:logGet(43)) - raft.server.rpcslowness.timeout = 120s (custom)
2019-09-09 17:53:29,134 [pool-67-thread-1] INFO  server.RaftServerConfigKeys (ConfUtils.java:logGet(43)) - raft.server.sleep.deviation.threshold = 300 (default)
2019-09-09 17:53:29,134 [pool-67-thread-1] INFO  server.RaftServerConfigKeys (ConfUtils.java:logGet(43)) - raft.server.log.appender.install.snapshot.enabled = false (custom)
2019-09-09 17:53:29,134 [pool-67-thread-1] INFO  impl.RaftServerImpl (ServerState.java:<init>(105)) - a512d24e-7015-49b3-9efc-742152bae316:group-C6B8C09B6E74 ConfigurationManager, init=-1: [a512d24e-7015-49b3-9efc-742152bae316:192.168.34.39:34871], old=null, confs=<EMPTY_MAP>
2019-09-09 17:53:29,135 [pool-67-thread-1] INFO  server.RaftServerConfigKeys (ConfUtils.java:logGet(43)) - raft.server.storage.dir = [/workdir/hadoop-ozone/integration-test/target/test-dir/MiniOzoneClusterImpl-dd65e27b-8d45-4efc-9722-0ebdacca054e/datanode-4/data/ratis] (custom)
2019-09-09 17:53:29,135 [pool-67-thread-1] INFO  storage.RaftStorageDirectory (RaftStorageDirectory.java:analyzeStorage(246)) - The storage directory /workdir/hadoop-ozone/integration-test/target/test-dir/MiniOzoneClusterImpl-dd65e27b-8d45-4efc-9722-0ebdacca054e/datanode-4/data/ratis/3e502682-61da-4a38-a35c-c6b8c09b6e74 does not exist. Creating ...
2019-09-09 17:53:29,149 [pool-67-thread-1] INFO  storage.RaftStorageDirectory (RaftStorageDirectory.java:tryLock(328)) - Lock on /workdir/hadoop-ozone/integration-test/target/test-dir/MiniOzoneClusterImpl-dd65e27b-8d45-4efc-9722-0ebdacca054e/datanode-4/data/ratis/3e502682-61da-4a38-a35c-c6b8c09b6e74/in_use.lock acquired by nodename 2891@pr-hdds-2102-js77h-2988213663
2019-09-09 17:53:29,167 [pool-67-thread-1] INFO  storage.RaftStorage (RaftStorage.java:format(72)) - Storage directory /workdir/hadoop-ozone/integration-test/target/test-dir/MiniOzoneClusterImpl-dd65e27b-8d45-4efc-9722-0ebdacca054e/datanode-4/data/ratis/3e502682-61da-4a38-a35c-c6b8c09b6e74 has been successfully formatted.
2019-09-09 17:53:29,168 [pool-67-thread-1] INFO  ratis.ContainerStateMachine (ContainerStateMachine.java:loadSnapshot(227)) - group-C6B8C09B6E74: The snapshot info is null. Setting the last applied indexto:(t:0, i:~)
2019-09-09 17:53:29,168 [pool-67-thread-1] INFO  server.RaftServerConfigKeys (ConfUtils.java:logGet(43)) - raft.server.leader.election.timeout = 120s (custom)
2019-09-09 17:53:29,168 [pool-67-thread-1] INFO  server.RaftServerConfigKeys (ConfUtils.java:logGet(43)) - raft.server.log.use.memory = false (default)
2019-09-09 17:53:29,169 [pool-67-thread-1] INFO  server.RaftServerConfigKeys (ConfUtils.java:logGet(43)) - raft.server.log.purge.gap = 1000000 (custom)
2019-09-09 17:53:29,169 [pool-67-thread-1] INFO  server.RaftServerConfigKeys (ConfUtils.java:logGet(43)) - raft.server.log.appender.buffer.byte-limit = 33554432 (custom)
2019-09-09 17:53:29,169 [pool-67-thread-1] INFO  server.RaftServerConfigKeys (ConfUtils.java:logGet(43)) - raft.server.log.segment.size.max = 1048576 (custom)
2019-09-09 17:53:29,169 [pool-67-thread-1] INFO  server.RaftServerConfigKeys (ConfUtils.java:logGet(43)) - raft.server.log.segment.cache.num.max = 2 (custom)
2019-09-09 17:53:29,169 [pool-67-thread-1] INFO  segmented.SegmentedRaftLogWorker (SegmentedRaftLogWorker.java:<init>(172)) - new a512d24e-7015-49b3-9efc-742152bae316-SegmentedRaftLogWorker:Storage Directory /workdir/hadoop-ozone/integration-test/target/test-dir/MiniOzoneClusterImpl-dd65e27b-8d45-4efc-9722-0ebdacca054e/datanode-4/data/ratis/3e502682-61da-4a38-a35c-c6b8c09b6e74 for RaftStorage:Storage Directory /workdir/hadoop-ozone/integration-test/target/test-dir/MiniOzoneClusterImpl-dd65e27b-8d45-4efc-9722-0ebdacca054e/datanode-4/data/ratis/3e502682-61da-4a38-a35c-c6b8c09b6e74
2019-09-09 17:53:29,170 [pool-67-thread-1] INFO  server.RaftServerConfigKeys (ConfUtils.java:logGet(43)) - raft.server.log.queue.byte-limit = 2147483647 (custom)
2019-09-09 17:53:29,170 [pool-67-thread-1] INFO  server.RaftServerConfigKeys (ConfUtils.java:logGet(43)) - raft.server.log.queue.element-limit = 1024 (custom)
2019-09-09 17:53:29,170 [pool-67-thread-1] INFO  server.RaftServerConfigKeys (ConfUtils.java:logGet(43)) - raft.server.log.segment.size.max = 1048576 (custom)
2019-09-09 17:53:29,171 [pool-67-thread-1] INFO  server.RaftServerConfigKeys (ConfUtils.java:logGet(43)) - raft.server.log.preallocated.size = 16384 (custom)
2019-09-09 17:53:29,171 [pool-67-thread-1] INFO  server.RaftServerConfigKeys (ConfUtils.java:logGet(43)) - raft.server.log.write.buffer.size = 33554432 (custom)
2019-09-09 17:53:29,171 [pool-67-thread-1] INFO  server.RaftServerConfigKeys (ConfUtils.java:logGet(43)) - raft.server.log.force.sync.num = 128 (default)
2019-09-09 17:53:29,171 [pool-67-thread-1] INFO  server.RaftServerConfigKeys (ConfUtils.java:logGet(43)) - raft.server.log.statemachine.data.sync = true (default)
2019-09-09 17:53:29,171 [pool-67-thread-1] INFO  server.RaftServerConfigKeys (ConfUtils.java:logGet(43)) - raft.server.log.statemachine.data.sync.timeout = 10s (default)
2019-09-09 17:53:29,172 [pool-67-thread-1] INFO  server.RaftServerConfigKeys (ConfUtils.java:logGet(43)) - raft.server.log.statemachine.data.sync.timeout.retry = -1 (default)
2019-09-09 17:53:29,172 [pool-67-thread-1] INFO  server.RaftServerConfigKeys (ConfUtils.java:logGet(43)) - raft.server.log.statemachine.data.caching.enabled = true (custom)
2019-09-09 17:53:29,173 [pool-67-thread-1] INFO  segmented.SegmentedRaftLogWorker (SegmentedRaftLogWorker.java:lambda$new$0(132)) - a512d24e-7015-49b3-9efc-742152bae316-SegmentedRaftLogWorker:Storage Directory /workdir/hadoop-ozone/integration-test/target/test-dir/MiniOzoneClusterImpl-dd65e27b-8d45-4efc-9722-0ebdacca054e/datanode-4/data/ratis/3e502682-61da-4a38-a35c-c6b8c09b6e74: flushIndex: setUnconditionally 0 -> -1
2019-09-09 17:53:29,173 [pool-67-thread-1] INFO  server.RaftServerConfigKeys (ConfUtils.java:logGet(43)) - raft.server.snapshot.auto.trigger.enabled = true (custom)
2019-09-09 17:53:29,173 [pool-67-thread-1] INFO  server.RaftServerConfigKeys (ConfUtils.java:logGet(43)) - raft.server.snapshot.auto.trigger.threshold = 10000 (custom)
2019-09-09 17:53:29,174 [pool-67-thread-1] INFO  server.RaftServerConfigKeys (ConfUtils.java:logGet(43)) - raft.server.retrycache.expirytime = 600000ms (custom)
2019-09-09 17:53:29,174 [pool-67-thread-1] INFO  impl.RaftServerImpl (RaftServerImpl.java:start(180)) - a512d24e-7015-49b3-9efc-742152bae316: start group-C6B8C09B6E74
2019-09-09 17:53:29,174 [pool-67-thread-1] INFO  impl.RaftServerImpl (RaftServerImpl.java:setRole(171)) - a512d24e-7015-49b3-9efc-742152bae316:group-C6B8C09B6E74 changes role from null to FOLLOWER at term 0 for startAsFollower
2019-09-09 17:53:29,174 [pool-67-thread-1] INFO  impl.RoleInfo (RoleInfo.java:updateAndGet(143)) - a512d24e-7015-49b3-9efc-742152bae316: start FollowerState
2019-09-09 17:53:29,175 [pool-67-thread-1] INFO  util.JmxRegister (JmxRegister.java:tryRegister(44)) - Successfully registered JMX Bean with object name Ratis:service=RaftServer,group=group-C6B8C09B6E74,id=a512d24e-7015-49b3-9efc-742152bae316
2019-09-09 17:53:29,190 [RatisPipelineUtilsThread] INFO  pipeline.PipelineStateManager (PipelineStateManager.java:addPipeline(56)) - Created pipeline Pipeline[ Id: 3e502682-61da-4a38-a35c-c6b8c09b6e74, Nodes: a512d24e-7015-49b3-9efc-742152bae316{ip: 192.168.34.39, host: pr-hdds-2102-js77h-2988213663, networkLocation: /default-rack, certSerialId: null}, Type:RATIS, Factor:ONE, State:OPEN]
2019-09-09 17:53:29,219 [grpc-default-executor-0] INFO  impl.RaftServerProxy (RaftServerProxy.java:addNew(89)) - 632bc77f-49d2-4ab2-a75d-f92c37ad2325: addNew group-8E1F440992CE:[632bc77f-49d2-4ab2-a75d-f92c37ad2325:192.168.34.39:44198] returns group-8E1F440992CE:java.util.concurrent.CompletableFuture@7a994ef3[Not completed]
2019-09-09 17:53:29,222 [pool-37-thread-1] INFO  impl.RaftServerImpl (RaftServerImpl.java:<init>(93)) - 632bc77f-49d2-4ab2-a75d-f92c37ad2325: new RaftServerImpl for group-8E1F440992CE:[632bc77f-49d2-4ab2-a75d-f92c37ad2325:192.168.34.39:44198] with ContainerStateMachine:uninitialized
2019-09-09 17:53:29,222 [pool-37-thread-1] INFO  server.RaftServerConfigKeys (ConfUtils.java:logGet(43)) - raft.server.rpc.timeout.min = 5s (custom)
2019-09-09 17:53:29,223 [pool-37-thread-1] INFO  server.RaftServerConfigKeys (ConfUtils.java:logGet(43)) - raft.server.rpc.timeout.max = 5200ms (custom)
2019-09-09 17:53:29,223 [pool-37-thread-1] INFO  server.RaftServerConfigKeys (ConfUtils.java:logGet(43)) - raft.server.rpcslowness.timeout = 120s (custom)
2019-09-09 17:53:29,223 [pool-37-thread-1] INFO  server.RaftServerConfigKeys (ConfUtils.java:logGet(43)) - raft.server.sleep.deviation.threshold = 300 (default)
2019-09-09 17:53:29,224 [pool-37-thread-1] INFO  server.RaftServerConfigKeys (ConfUtils.java:logGet(43)) - raft.server.log.appender.install.snapshot.enabled = false (custom)
2019-09-09 17:53:29,224 [pool-37-thread-1] INFO  impl.RaftServerImpl (ServerState.java:<init>(105)) - 632bc77f-49d2-4ab2-a75d-f92c37ad2325:group-8E1F440992CE ConfigurationManager, init=-1: [632bc77f-49d2-4ab2-a75d-f92c37ad2325:192.168.34.39:44198], old=null, confs=<EMPTY_MAP>
2019-09-09 17:53:29,224 [pool-37-thread-1] INFO  server.RaftServerConfigKeys (ConfUtils.java:logGet(43)) - raft.server.storage.dir = [/workdir/hadoop-ozone/integration-test/target/test-dir/MiniOzoneClusterImpl-dd65e27b-8d45-4efc-9722-0ebdacca054e/datanode-1/data/ratis] (custom)
2019-09-09 17:53:29,225 [pool-37-thread-1] INFO  storage.RaftStorageDirectory (RaftStorageDirectory.java:analyzeStorage(246)) - The storage directory /workdir/hadoop-ozone/integration-test/target/test-dir/MiniOzoneClusterImpl-dd65e27b-8d45-4efc-9722-0ebdacca054e/datanode-1/data/ratis/b58d29a3-a4a1-4da5-9b81-8e1f440992ce does not exist. Creating ...
2019-09-09 17:53:29,239 [pool-37-thread-1] INFO  storage.RaftStorageDirectory (RaftStorageDirectory.java:tryLock(328)) - Lock on /workdir/hadoop-ozone/integration-test/target/test-dir/MiniOzoneClusterImpl-dd65e27b-8d45-4efc-9722-0ebdacca054e/datanode-1/data/ratis/b58d29a3-a4a1-4da5-9b81-8e1f440992ce/in_use.lock acquired by nodename 2891@pr-hdds-2102-js77h-2988213663
2019-09-09 17:53:29,254 [pool-37-thread-1] INFO  storage.RaftStorage (RaftStorage.java:format(72)) - Storage directory /workdir/hadoop-ozone/integration-test/target/test-dir/MiniOzoneClusterImpl-dd65e27b-8d45-4efc-9722-0ebdacca054e/datanode-1/data/ratis/b58d29a3-a4a1-4da5-9b81-8e1f440992ce has been successfully formatted.
2019-09-09 17:53:29,254 [pool-37-thread-1] INFO  ratis.ContainerStateMachine (ContainerStateMachine.java:loadSnapshot(227)) - group-8E1F440992CE: The snapshot info is null. Setting the last applied indexto:(t:0, i:~)
2019-09-09 17:53:29,255 [pool-37-thread-1] INFO  server.RaftServerConfigKeys (ConfUtils.java:logGet(43)) - raft.server.leader.election.timeout = 120s (custom)
2019-09-09 17:53:29,255 [pool-37-thread-1] INFO  server.RaftServerConfigKeys (ConfUtils.java:logGet(43)) - raft.server.log.use.memory = false (default)
2019-09-09 17:53:29,255 [pool-37-thread-1] INFO  server.RaftServerConfigKeys (ConfUtils.java:logGet(43)) - raft.server.log.purge.gap = 1000000 (custom)
2019-09-09 17:53:29,255 [pool-37-thread-1] INFO  server.RaftServerConfigKeys (ConfUtils.java:logGet(43)) - raft.server.log.appender.buffer.byte-limit = 33554432 (custom)
2019-09-09 17:53:29,255 [pool-37-thread-1] INFO  server.RaftServerConfigKeys (ConfUtils.java:logGet(43)) - raft.server.log.segment.size.max = 1048576 (custom)
2019-09-09 17:53:29,256 [pool-37-thread-1] INFO  server.RaftServerConfigKeys (ConfUtils.java:logGet(43)) - raft.server.log.segment.cache.num.max = 2 (custom)
2019-09-09 17:53:29,256 [pool-37-thread-1] INFO  segmented.SegmentedRaftLogWorker (SegmentedRaftLogWorker.java:<init>(172)) - new 632bc77f-49d2-4ab2-a75d-f92c37ad2325-SegmentedRaftLogWorker:Storage Directory /workdir/hadoop-ozone/integration-test/target/test-dir/MiniOzoneClusterImpl-dd65e27b-8d45-4efc-9722-0ebdacca054e/datanode-1/data/ratis/b58d29a3-a4a1-4da5-9b81-8e1f440992ce for RaftStorage:Storage Directory /workdir/hadoop-ozone/integration-test/target/test-dir/MiniOzoneClusterImpl-dd65e27b-8d45-4efc-9722-0ebdacca054e/datanode-1/data/ratis/b58d29a3-a4a1-4da5-9b81-8e1f440992ce
2019-09-09 17:53:29,256 [pool-37-thread-1] INFO  server.RaftServerConfigKeys (ConfUtils.java:logGet(43)) - raft.server.log.queue.byte-limit = 2147483647 (custom)
2019-09-09 17:53:29,256 [pool-37-thread-1] INFO  server.RaftServerConfigKeys (ConfUtils.java:logGet(43)) - raft.server.log.queue.element-limit = 1024 (custom)
2019-09-09 17:53:29,257 [pool-37-thread-1] INFO  server.RaftServerConfigKeys (ConfUtils.java:logGet(43)) - raft.server.log.segment.size.max = 1048576 (custom)
2019-09-09 17:53:29,257 [pool-37-thread-1] INFO  server.RaftServerConfigKeys (ConfUtils.java:logGet(43)) - raft.server.log.preallocated.size = 16384 (custom)
2019-09-09 17:53:29,257 [pool-37-thread-1] INFO  server.RaftServerConfigKeys (ConfUtils.java:logGet(43)) - raft.server.log.write.buffer.size = 33554432 (custom)
2019-09-09 17:53:29,257 [pool-37-thread-1] INFO  server.RaftServerConfigKeys (ConfUtils.java:logGet(43)) - raft.server.log.force.sync.num = 128 (default)
2019-09-09 17:53:29,257 [pool-37-thread-1] INFO  server.RaftServerConfigKeys (ConfUtils.java:logGet(43)) - raft.server.log.statemachine.data.sync = true (default)
2019-09-09 17:53:29,258 [pool-37-thread-1] INFO  server.RaftServerConfigKeys (ConfUtils.java:logGet(43)) - raft.server.log.statemachine.data.sync.timeout = 10s (default)
2019-09-09 17:53:29,258 [pool-37-thread-1] INFO  server.RaftServerConfigKeys (ConfUtils.java:logGet(43)) - raft.server.log.statemachine.data.sync.timeout.retry = -1 (default)
2019-09-09 17:53:29,258 [pool-37-thread-1] INFO  server.RaftServerConfigKeys (ConfUtils.java:logGet(43)) - raft.server.log.statemachine.data.caching.enabled = true (custom)
2019-09-09 17:53:29,259 [pool-37-thread-1] INFO  segmented.SegmentedRaftLogWorker (SegmentedRaftLogWorker.java:lambda$new$0(132)) - 632bc77f-49d2-4ab2-a75d-f92c37ad2325-SegmentedRaftLogWorker:Storage Directory /workdir/hadoop-ozone/integration-test/target/test-dir/MiniOzoneClusterImpl-dd65e27b-8d45-4efc-9722-0ebdacca054e/datanode-1/data/ratis/b58d29a3-a4a1-4da5-9b81-8e1f440992ce: flushIndex: setUnconditionally 0 -> -1
2019-09-09 17:53:29,259 [pool-37-thread-1] INFO  server.RaftServerConfigKeys (ConfUtils.java:logGet(43)) - raft.server.snapshot.auto.trigger.enabled = true (custom)
2019-09-09 17:53:29,259 [pool-37-thread-1] INFO  server.RaftServerConfigKeys (ConfUtils.java:logGet(43)) - raft.server.snapshot.auto.trigger.threshold = 10000 (custom)
2019-09-09 17:53:29,260 [pool-37-thread-1] INFO  server.RaftServerConfigKeys (ConfUtils.java:logGet(43)) - raft.server.retrycache.expirytime = 600000ms (custom)
2019-09-09 17:53:29,260 [pool-37-thread-1] INFO  impl.RaftServerImpl (RaftServerImpl.java:start(180)) - 632bc77f-49d2-4ab2-a75d-f92c37ad2325: start group-8E1F440992CE
2019-09-09 17:53:29,260 [pool-37-thread-1] INFO  impl.RaftServerImpl (RaftServerImpl.java:setRole(171)) - 632bc77f-49d2-4ab2-a75d-f92c37ad2325:group-8E1F440992CE changes role from null to FOLLOWER at term 0 for startAsFollower
2019-09-09 17:53:29,260 [pool-37-thread-1] INFO  impl.RoleInfo (RoleInfo.java:updateAndGet(143)) - 632bc77f-49d2-4ab2-a75d-f92c37ad2325: start FollowerState
2019-09-09 17:53:29,261 [pool-37-thread-1] INFO  util.JmxRegister (JmxRegister.java:tryRegister(44)) - Successfully registered JMX Bean with object name Ratis:service=RaftServer,group=group-8E1F440992CE,id=632bc77f-49d2-4ab2-a75d-f92c37ad2325
2019-09-09 17:53:29,273 [RatisPipelineUtilsThread] INFO  pipeline.PipelineStateManager (PipelineStateManager.java:addPipeline(56)) - Created pipeline Pipeline[ Id: b58d29a3-a4a1-4da5-9b81-8e1f440992ce, Nodes: 632bc77f-49d2-4ab2-a75d-f92c37ad2325{ip: 192.168.34.39, host: pr-hdds-2102-js77h-2988213663, networkLocation: /default-rack, certSerialId: null}, Type:RATIS, Factor:ONE, State:OPEN]
2019-09-09 17:53:29,280 [main] INFO  ozone.MiniOzoneClusterImpl (MiniOzoneClusterImpl.java:lambda$waitForClusterToBeReady$0(140)) - Cluster is ready. Got 7 of 7 DN Heartbeats.
2019-09-09 17:53:29,289 [grpc-default-executor-0] INFO  impl.RaftServerProxy (RaftServerProxy.java:addNew(89)) - 3e6286ff-ff2d-4683-9fff-89a0aa7b9349: addNew group-77F902481C1E:[3e6286ff-ff2d-4683-9fff-89a0aa7b9349:192.168.34.39:37539] returns group-77F902481C1E:java.util.concurrent.CompletableFuture@4858a3cf[Not completed]
2019-09-09 17:53:29,294 [pool-77-thread-1] INFO  impl.RaftServerImpl (RaftServerImpl.java:<init>(93)) - 3e6286ff-ff2d-4683-9fff-89a0aa7b9349: new RaftServerImpl for group-77F902481C1E:[3e6286ff-ff2d-4683-9fff-89a0aa7b9349:192.168.34.39:37539] with ContainerStateMachine:uninitialized
2019-09-09 17:53:29,294 [pool-77-thread-1] INFO  server.RaftServerConfigKeys (ConfUtils.java:logGet(43)) - raft.server.rpc.timeout.min = 5s (custom)
2019-09-09 17:53:29,294 [pool-77-thread-1] INFO  server.RaftServerConfigKeys (ConfUtils.java:logGet(43)) - raft.server.rpc.timeout.max = 5200ms (custom)
2019-09-09 17:53:29,294 [pool-77-thread-1] INFO  server.RaftServerConfigKeys (ConfUtils.java:logGet(43)) - raft.server.rpcslowness.timeout = 120s (custom)
2019-09-09 17:53:29,295 [pool-77-thread-1] INFO  server.RaftServerConfigKeys (ConfUtils.java:logGet(43)) - raft.server.sleep.deviation.threshold = 300 (default)
2019-09-09 17:53:29,295 [pool-77-thread-1] INFO  server.RaftServerConfigKeys (ConfUtils.java:logGet(43)) - raft.server.log.appender.install.snapshot.enabled = false (custom)
2019-09-09 17:53:29,295 [pool-77-thread-1] INFO  impl.RaftServerImpl (ServerState.java:<init>(105)) - 3e6286ff-ff2d-4683-9fff-89a0aa7b9349:group-77F902481C1E ConfigurationManager, init=-1: [3e6286ff-ff2d-4683-9fff-89a0aa7b9349:192.168.34.39:37539], old=null, confs=<EMPTY_MAP>
2019-09-09 17:53:29,295 [pool-77-thread-1] INFO  server.RaftServerConfigKeys (ConfUtils.java:logGet(43)) - raft.server.storage.dir = [/workdir/hadoop-ozone/integration-test/target/test-dir/MiniOzoneClusterImpl-dd65e27b-8d45-4efc-9722-0ebdacca054e/datanode-5/data/ratis] (custom)
2019-09-09 17:53:29,296 [pool-77-thread-1] INFO  storage.RaftStorageDirectory (RaftStorageDirectory.java:analyzeStorage(246)) - The storage directory /workdir/hadoop-ozone/integration-test/target/test-dir/MiniOzoneClusterImpl-dd65e27b-8d45-4efc-9722-0ebdacca054e/datanode-5/data/ratis/ec608c48-9c70-4181-ab44-77f902481c1e does not exist. Creating ...
2019-09-09 17:53:29,308 [pool-77-thread-1] INFO  storage.RaftStorageDirectory (RaftStorageDirectory.java:tryLock(328)) - Lock on /workdir/hadoop-ozone/integration-test/target/test-dir/MiniOzoneClusterImpl-dd65e27b-8d45-4efc-9722-0ebdacca054e/datanode-5/data/ratis/ec608c48-9c70-4181-ab44-77f902481c1e/in_use.lock acquired by nodename 2891@pr-hdds-2102-js77h-2988213663
2019-09-09 17:53:29,321 [pool-77-thread-1] INFO  storage.RaftStorage (RaftStorage.java:format(72)) - Storage directory /workdir/hadoop-ozone/integration-test/target/test-dir/MiniOzoneClusterImpl-dd65e27b-8d45-4efc-9722-0ebdacca054e/datanode-5/data/ratis/ec608c48-9c70-4181-ab44-77f902481c1e has been successfully formatted.
2019-09-09 17:53:29,322 [pool-77-thread-1] INFO  ratis.ContainerStateMachine (ContainerStateMachine.java:loadSnapshot(227)) - group-77F902481C1E: The snapshot info is null. Setting the last applied indexto:(t:0, i:~)
2019-09-09 17:53:29,322 [pool-77-thread-1] INFO  server.RaftServerConfigKeys (ConfUtils.java:logGet(43)) - raft.server.leader.election.timeout = 120s (custom)
2019-09-09 17:53:29,322 [pool-77-thread-1] INFO  server.RaftServerConfigKeys (ConfUtils.java:logGet(43)) - raft.server.log.use.memory = false (default)
2019-09-09 17:53:29,322 [pool-77-thread-1] INFO  server.RaftServerConfigKeys (ConfUtils.java:logGet(43)) - raft.server.log.purge.gap = 1000000 (custom)
2019-09-09 17:53:29,322 [pool-77-thread-1] INFO  server.RaftServerConfigKeys (ConfUtils.java:logGet(43)) - raft.server.log.appender.buffer.byte-limit = 33554432 (custom)
2019-09-09 17:53:29,323 [pool-77-thread-1] INFO  server.RaftServerConfigKeys (ConfUtils.java:logGet(43)) - raft.server.log.segment.size.max = 1048576 (custom)
2019-09-09 17:53:29,323 [pool-77-thread-1] INFO  server.RaftServerConfigKeys (ConfUtils.java:logGet(43)) - raft.server.log.segment.cache.num.max = 2 (custom)
2019-09-09 17:53:29,323 [pool-77-thread-1] INFO  segmented.SegmentedRaftLogWorker (SegmentedRaftLogWorker.java:<init>(172)) - new 3e6286ff-ff2d-4683-9fff-89a0aa7b9349-SegmentedRaftLogWorker:Storage Directory /workdir/hadoop-ozone/integration-test/target/test-dir/MiniOzoneClusterImpl-dd65e27b-8d45-4efc-9722-0ebdacca054e/datanode-5/data/ratis/ec608c48-9c70-4181-ab44-77f902481c1e for RaftStorage:Storage Directory /workdir/hadoop-ozone/integration-test/target/test-dir/MiniOzoneClusterImpl-dd65e27b-8d45-4efc-9722-0ebdacca054e/datanode-5/data/ratis/ec608c48-9c70-4181-ab44-77f902481c1e
2019-09-09 17:53:29,323 [pool-77-thread-1] INFO  server.RaftServerConfigKeys (ConfUtils.java:logGet(43)) - raft.server.log.queue.byte-limit = 2147483647 (custom)
2019-09-09 17:53:29,323 [pool-77-thread-1] INFO  server.RaftServerConfigKeys (ConfUtils.java:logGet(43)) - raft.server.log.queue.element-limit = 1024 (custom)
2019-09-09 17:53:29,324 [pool-77-thread-1] INFO  server.RaftServerConfigKeys (ConfUtils.java:logGet(43)) - raft.server.log.segment.size.max = 1048576 (custom)
2019-09-09 17:53:29,324 [pool-77-thread-1] INFO  server.RaftServerConfigKeys (ConfUtils.java:logGet(43)) - raft.server.log.preallocated.size = 16384 (custom)
2019-09-09 17:53:29,324 [pool-77-thread-1] INFO  server.RaftServerConfigKeys (ConfUtils.java:logGet(43)) - raft.server.log.write.buffer.size = 33554432 (custom)
2019-09-09 17:53:29,324 [pool-77-thread-1] INFO  server.RaftServerConfigKeys (ConfUtils.java:logGet(43)) - raft.server.log.force.sync.num = 128 (default)
2019-09-09 17:53:29,324 [pool-77-thread-1] INFO  server.RaftServerConfigKeys (ConfUtils.java:logGet(43)) - raft.server.log.statemachine.data.sync = true (default)
2019-09-09 17:53:29,325 [pool-77-thread-1] INFO  server.RaftServerConfigKeys (ConfUtils.java:logGet(43)) - raft.server.log.statemachine.data.sync.timeout = 10s (default)
2019-09-09 17:53:29,325 [pool-77-thread-1] INFO  server.RaftServerConfigKeys (ConfUtils.java:logGet(43)) - raft.server.log.statemachine.data.sync.timeout.retry = -1 (default)
2019-09-09 17:53:29,325 [pool-77-thread-1] INFO  server.RaftServerConfigKeys (ConfUtils.java:logGet(43)) - raft.server.log.statemachine.data.caching.enabled = true (custom)
2019-09-09 17:53:29,325 [pool-77-thread-1] INFO  segmented.SegmentedRaftLogWorker (SegmentedRaftLogWorker.java:lambda$new$0(132)) - 3e6286ff-ff2d-4683-9fff-89a0aa7b9349-SegmentedRaftLogWorker:Storage Directory /workdir/hadoop-ozone/integration-test/target/test-dir/MiniOzoneClusterImpl-dd65e27b-8d45-4efc-9722-0ebdacca054e/datanode-5/data/ratis/ec608c48-9c70-4181-ab44-77f902481c1e: flushIndex: setUnconditionally 0 -> -1
2019-09-09 17:53:29,326 [pool-77-thread-1] INFO  server.RaftServerConfigKeys (ConfUtils.java:logGet(43)) - raft.server.snapshot.auto.trigger.enabled = true (custom)
2019-09-09 17:53:29,326 [pool-77-thread-1] INFO  server.RaftServerConfigKeys (ConfUtils.java:logGet(43)) - raft.server.snapshot.auto.trigger.threshold = 10000 (custom)
2019-09-09 17:53:29,326 [pool-77-thread-1] INFO  server.RaftServerConfigKeys (ConfUtils.java:logGet(43)) - raft.server.retrycache.expirytime = 600000ms (custom)
2019-09-09 17:53:29,327 [pool-77-thread-1] INFO  impl.RaftServerImpl (RaftServerImpl.java:start(180)) - 3e6286ff-ff2d-4683-9fff-89a0aa7b9349: start group-77F902481C1E
2019-09-09 17:53:29,327 [pool-77-thread-1] INFO  impl.RaftServerImpl (RaftServerImpl.java:setRole(171)) - 3e6286ff-ff2d-4683-9fff-89a0aa7b9349:group-77F902481C1E changes role from null to FOLLOWER at term 0 for startAsFollower
2019-09-09 17:53:29,327 [pool-77-thread-1] INFO  impl.RoleInfo (RoleInfo.java:updateAndGet(143)) - 3e6286ff-ff2d-4683-9fff-89a0aa7b9349: start FollowerState
2019-09-09 17:53:29,327 [pool-77-thread-1] INFO  util.JmxRegister (JmxRegister.java:tryRegister(44)) - Successfully registered JMX Bean with object name Ratis:service=RaftServer,group=group-77F902481C1E,id=3e6286ff-ff2d-4683-9fff-89a0aa7b9349
2019-09-09 17:53:29,346 [RatisPipelineUtilsThread] INFO  pipeline.PipelineStateManager (PipelineStateManager.java:addPipeline(56)) - Created pipeline Pipeline[ Id: ec608c48-9c70-4181-ab44-77f902481c1e, Nodes: 3e6286ff-ff2d-4683-9fff-89a0aa7b9349{ip: 192.168.34.39, host: pr-hdds-2102-js77h-2988213663, networkLocation: /default-rack, certSerialId: null}, Type:RATIS, Factor:ONE, State:OPEN]
2019-09-09 17:53:29,385 [grpc-default-executor-1] INFO  impl.RaftServerProxy (RaftServerProxy.java:addNew(89)) - 30f1fa56-7151-4e7f-b33c-622218368397: addNew group-010076F2FA1A:[48a6b30f-2754-42eb-8fb1-9557657e4eca:192.168.34.39:34921, 30f1fa56-7151-4e7f-b33c-622218368397:192.168.34.39:35494, 461d5a8a-abc0-4960-ba8e-ca8a6c8b8d3d:192.168.34.39:43551] returns group-010076F2FA1A:java.util.concurrent.CompletableFuture@45abc92[Not completed]
2019-09-09 17:53:29,385 [grpc-default-executor-2] INFO  impl.RaftServerProxy (RaftServerProxy.java:addNew(89)) - 461d5a8a-abc0-4960-ba8e-ca8a6c8b8d3d: addNew group-010076F2FA1A:[48a6b30f-2754-42eb-8fb1-9557657e4eca:192.168.34.39:34921, 30f1fa56-7151-4e7f-b33c-622218368397:192.168.34.39:35494, 461d5a8a-abc0-4960-ba8e-ca8a6c8b8d3d:192.168.34.39:43551] returns group-010076F2FA1A:java.util.concurrent.CompletableFuture@18600301[Not completed]
2019-09-09 17:53:29,385 [grpc-default-executor-0] INFO  impl.RaftServerProxy (RaftServerProxy.java:addNew(89)) - 48a6b30f-2754-42eb-8fb1-9557657e4eca: addNew group-010076F2FA1A:[48a6b30f-2754-42eb-8fb1-9557657e4eca:192.168.34.39:34921, 30f1fa56-7151-4e7f-b33c-622218368397:192.168.34.39:35494, 461d5a8a-abc0-4960-ba8e-ca8a6c8b8d3d:192.168.34.39:43551] returns group-010076F2FA1A:java.util.concurrent.CompletableFuture@45cf75b4[Not completed]
2019-09-09 17:53:29,387 [pool-87-thread-1] INFO  impl.RaftServerImpl (RaftServerImpl.java:<init>(93)) - 461d5a8a-abc0-4960-ba8e-ca8a6c8b8d3d: new RaftServerImpl for group-010076F2FA1A:[48a6b30f-2754-42eb-8fb1-9557657e4eca:192.168.34.39:34921, 30f1fa56-7151-4e7f-b33c-622218368397:192.168.34.39:35494, 461d5a8a-abc0-4960-ba8e-ca8a6c8b8d3d:192.168.34.39:43551] with ContainerStateMachine:uninitialized
2019-09-09 17:53:29,387 [pool-87-thread-1] INFO  server.RaftServerConfigKeys (ConfUtils.java:logGet(43)) - raft.server.rpc.timeout.min = 5s (custom)
2019-09-09 17:53:29,387 [pool-87-thread-1] INFO  server.RaftServerConfigKeys (ConfUtils.java:logGet(43)) - raft.server.rpc.timeout.max = 5200ms (custom)
2019-09-09 17:53:29,387 [pool-87-thread-1] INFO  server.RaftServerConfigKeys (ConfUtils.java:logGet(43)) - raft.server.rpcslowness.timeout = 120s (custom)
2019-09-09 17:53:29,387 [pool-87-thread-1] INFO  server.RaftServerConfigKeys (ConfUtils.java:logGet(43)) - raft.server.sleep.deviation.threshold = 300 (default)
2019-09-09 17:53:29,387 [pool-87-thread-1] INFO  server.RaftServerConfigKeys (ConfUtils.java:logGet(43)) - raft.server.log.appender.install.snapshot.enabled = false (custom)
2019-09-09 17:53:29,387 [pool-87-thread-1] INFO  impl.RaftServerImpl (ServerState.java:<init>(105)) - 461d5a8a-abc0-4960-ba8e-ca8a6c8b8d3d:group-010076F2FA1A ConfigurationManager, init=-1: [48a6b30f-2754-42eb-8fb1-9557657e4eca:192.168.34.39:34921, 30f1fa56-7151-4e7f-b33c-622218368397:192.168.34.39:35494, 461d5a8a-abc0-4960-ba8e-ca8a6c8b8d3d:192.168.34.39:43551], old=null, confs=<EMPTY_MAP>
2019-09-09 17:53:29,388 [pool-87-thread-1] INFO  server.RaftServerConfigKeys (ConfUtils.java:logGet(43)) - raft.server.storage.dir = [/workdir/hadoop-ozone/integration-test/target/test-dir/MiniOzoneClusterImpl-dd65e27b-8d45-4efc-9722-0ebdacca054e/datanode-6/data/ratis] (custom)
2019-09-09 17:53:29,388 [pool-57-thread-1] INFO  impl.RaftServerImpl (RaftServerImpl.java:<init>(93)) - 48a6b30f-2754-42eb-8fb1-9557657e4eca: new RaftServerImpl for group-010076F2FA1A:[48a6b30f-2754-42eb-8fb1-9557657e4eca:192.168.34.39:34921, 30f1fa56-7151-4e7f-b33c-622218368397:192.168.34.39:35494, 461d5a8a-abc0-4960-ba8e-ca8a6c8b8d3d:192.168.34.39:43551] with ContainerStateMachine:uninitialized
2019-09-09 17:53:29,388 [pool-87-thread-1] INFO  storage.RaftStorageDirectory (RaftStorageDirectory.java:analyzeStorage(246)) - The storage directory /workdir/hadoop-ozone/integration-test/target/test-dir/MiniOzoneClusterImpl-dd65e27b-8d45-4efc-9722-0ebdacca054e/datanode-6/data/ratis/fc58d2ef-dd05-4008-8fe2-010076f2fa1a does not exist. Creating ...
2019-09-09 17:53:29,388 [pool-57-thread-1] INFO  server.RaftServerConfigKeys (ConfUtils.java:logGet(43)) - raft.server.rpc.timeout.min = 5s (custom)
2019-09-09 17:53:29,388 [pool-57-thread-1] INFO  server.RaftServerConfigKeys (ConfUtils.java:logGet(43)) - raft.server.rpc.timeout.max = 5200ms (custom)
2019-09-09 17:53:29,388 [pool-57-thread-1] INFO  server.RaftServerConfigKeys (ConfUtils.java:logGet(43)) - raft.server.rpcslowness.timeout = 120s (custom)
2019-09-09 17:53:29,389 [pool-57-thread-1] INFO  server.RaftServerConfigKeys (ConfUtils.java:logGet(43)) - raft.server.sleep.deviation.threshold = 300 (default)
2019-09-09 17:53:29,389 [pool-57-thread-1] INFO  server.RaftServerConfigKeys (ConfUtils.java:logGet(43)) - raft.server.log.appender.install.snapshot.enabled = false (custom)
2019-09-09 17:53:29,389 [pool-57-thread-1] INFO  impl.RaftServerImpl (ServerState.java:<init>(105)) - 48a6b30f-2754-42eb-8fb1-9557657e4eca:group-010076F2FA1A ConfigurationManager, init=-1: [48a6b30f-2754-42eb-8fb1-9557657e4eca:192.168.34.39:34921, 30f1fa56-7151-4e7f-b33c-622218368397:192.168.34.39:35494, 461d5a8a-abc0-4960-ba8e-ca8a6c8b8d3d:192.168.34.39:43551], old=null, confs=<EMPTY_MAP>
2019-09-09 17:53:29,389 [pool-47-thread-1] INFO  impl.RaftServerImpl (RaftServerImpl.java:<init>(93)) - 30f1fa56-7151-4e7f-b33c-622218368397: new RaftServerImpl for group-010076F2FA1A:[48a6b30f-2754-42eb-8fb1-9557657e4eca:192.168.34.39:34921, 30f1fa56-7151-4e7f-b33c-622218368397:192.168.34.39:35494, 461d5a8a-abc0-4960-ba8e-ca8a6c8b8d3d:192.168.34.39:43551] with ContainerStateMachine:uninitialized
2019-09-09 17:53:29,389 [pool-57-thread-1] INFO  server.RaftServerConfigKeys (ConfUtils.java:logGet(43)) - raft.server.storage.dir = [/workdir/hadoop-ozone/integration-test/target/test-dir/MiniOzoneClusterImpl-dd65e27b-8d45-4efc-9722-0ebdacca054e/datanode-3/data/ratis] (custom)
2019-09-09 17:53:29,389 [pool-47-thread-1] INFO  server.RaftServerConfigKeys (ConfUtils.java:logGet(43)) - raft.server.rpc.timeout.min = 5s (custom)
2019-09-09 17:53:29,390 [pool-47-thread-1] INFO  server.RaftServerConfigKeys (ConfUtils.java:logGet(43)) - raft.server.rpc.timeout.max = 5200ms (custom)
2019-09-09 17:53:29,390 [pool-57-thread-1] INFO  storage.RaftStorageDirectory (RaftStorageDirectory.java:analyzeStorage(246)) - The storage directory /workdir/hadoop-ozone/integration-test/target/test-dir/MiniOzoneClusterImpl-dd65e27b-8d45-4efc-9722-0ebdacca054e/datanode-3/data/ratis/fc58d2ef-dd05-4008-8fe2-010076f2fa1a does not exist. Creating ...
2019-09-09 17:53:29,390 [pool-47-thread-1] INFO  server.RaftServerConfigKeys (ConfUtils.java:logGet(43)) - raft.server.rpcslowness.timeout = 120s (custom)
2019-09-09 17:53:29,390 [pool-47-thread-1] INFO  server.RaftServerConfigKeys (ConfUtils.java:logGet(43)) - raft.server.sleep.deviation.threshold = 300 (default)
2019-09-09 17:53:29,390 [pool-47-thread-1] INFO  server.RaftServerConfigKeys (ConfUtils.java:logGet(43)) - raft.server.log.appender.install.snapshot.enabled = false (custom)
2019-09-09 17:53:29,390 [pool-47-thread-1] INFO  impl.RaftServerImpl (ServerState.java:<init>(105)) - 30f1fa56-7151-4e7f-b33c-622218368397:group-010076F2FA1A ConfigurationManager, init=-1: [48a6b30f-2754-42eb-8fb1-9557657e4eca:192.168.34.39:34921, 30f1fa56-7151-4e7f-b33c-622218368397:192.168.34.39:35494, 461d5a8a-abc0-4960-ba8e-ca8a6c8b8d3d:192.168.34.39:43551], old=null, confs=<EMPTY_MAP>
2019-09-09 17:53:29,391 [pool-47-thread-1] INFO  server.RaftServerConfigKeys (ConfUtils.java:logGet(43)) - raft.server.storage.dir = [/workdir/hadoop-ozone/integration-test/target/test-dir/MiniOzoneClusterImpl-dd65e27b-8d45-4efc-9722-0ebdacca054e/datanode-2/data/ratis] (custom)
2019-09-09 17:53:29,391 [pool-47-thread-1] INFO  storage.RaftStorageDirectory (RaftStorageDirectory.java:analyzeStorage(246)) - The storage directory /workdir/hadoop-ozone/integration-test/target/test-dir/MiniOzoneClusterImpl-dd65e27b-8d45-4efc-9722-0ebdacca054e/datanode-2/data/ratis/fc58d2ef-dd05-4008-8fe2-010076f2fa1a does not exist. Creating ...
2019-09-09 17:53:29,402 [pool-87-thread-1] INFO  storage.RaftStorageDirectory (RaftStorageDirectory.java:tryLock(328)) - Lock on /workdir/hadoop-ozone/integration-test/target/test-dir/MiniOzoneClusterImpl-dd65e27b-8d45-4efc-9722-0ebdacca054e/datanode-6/data/ratis/fc58d2ef-dd05-4008-8fe2-010076f2fa1a/in_use.lock acquired by nodename 2891@pr-hdds-2102-js77h-2988213663
2019-09-09 17:53:29,402 [pool-57-thread-1] INFO  storage.RaftStorageDirectory (RaftStorageDirectory.java:tryLock(328)) - Lock on /workdir/hadoop-ozone/integration-test/target/test-dir/MiniOzoneClusterImpl-dd65e27b-8d45-4efc-9722-0ebdacca054e/datanode-3/data/ratis/fc58d2ef-dd05-4008-8fe2-010076f2fa1a/in_use.lock acquired by nodename 2891@pr-hdds-2102-js77h-2988213663
2019-09-09 17:53:29,402 [pool-47-thread-1] INFO  storage.RaftStorageDirectory (RaftStorageDirectory.java:tryLock(328)) - Lock on /workdir/hadoop-ozone/integration-test/target/test-dir/MiniOzoneClusterImpl-dd65e27b-8d45-4efc-9722-0ebdacca054e/datanode-2/data/ratis/fc58d2ef-dd05-4008-8fe2-010076f2fa1a/in_use.lock acquired by nodename 2891@pr-hdds-2102-js77h-2988213663
2019-09-09 17:53:29,415 [pool-87-thread-1] INFO  storage.RaftStorage (RaftStorage.java:format(72)) - Storage directory /workdir/hadoop-ozone/integration-test/target/test-dir/MiniOzoneClusterImpl-dd65e27b-8d45-4efc-9722-0ebdacca054e/datanode-6/data/ratis/fc58d2ef-dd05-4008-8fe2-010076f2fa1a has been successfully formatted.
2019-09-09 17:53:29,415 [pool-47-thread-1] INFO  storage.RaftStorage (RaftStorage.java:format(72)) - Storage directory /workdir/hadoop-ozone/integration-test/target/test-dir/MiniOzoneClusterImpl-dd65e27b-8d45-4efc-9722-0ebdacca054e/datanode-2/data/ratis/fc58d2ef-dd05-4008-8fe2-010076f2fa1a has been successfully formatted.
2019-09-09 17:53:29,415 [pool-57-thread-1] INFO  storage.RaftStorage (RaftStorage.java:format(72)) - Storage directory /workdir/hadoop-ozone/integration-test/target/test-dir/MiniOzoneClusterImpl-dd65e27b-8d45-4efc-9722-0ebdacca054e/datanode-3/data/ratis/fc58d2ef-dd05-4008-8fe2-010076f2fa1a has been successfully formatted.
2019-09-09 17:53:29,415 [pool-87-thread-1] INFO  ratis.ContainerStateMachine (ContainerStateMachine.java:loadSnapshot(227)) - group-010076F2FA1A: The snapshot info is null. Setting the last applied indexto:(t:0, i:~)
2019-09-09 17:53:29,416 [pool-47-thread-1] INFO  ratis.ContainerStateMachine (ContainerStateMachine.java:loadSnapshot(227)) - group-010076F2FA1A: The snapshot info is null. Setting the last applied indexto:(t:0, i:~)
2019-09-09 17:53:29,416 [pool-87-thread-1] INFO  server.RaftServerConfigKeys (ConfUtils.java:logGet(43)) - raft.server.leader.election.timeout = 120s (custom)
2019-09-09 17:53:29,416 [pool-57-thread-1] INFO  ratis.ContainerStateMachine (ContainerStateMachine.java:loadSnapshot(227)) - group-010076F2FA1A: The snapshot info is null. Setting the last applied indexto:(t:0, i:~)
2019-09-09 17:53:29,416 [pool-87-thread-1] INFO  server.RaftServerConfigKeys (ConfUtils.java:logGet(43)) - raft.server.log.use.memory = false (default)
2019-09-09 17:53:29,416 [pool-47-thread-1] INFO  server.RaftServerConfigKeys (ConfUtils.java:logGet(43)) - raft.server.leader.election.timeout = 120s (custom)
2019-09-09 17:53:29,416 [pool-87-thread-1] INFO  server.RaftServerConfigKeys (ConfUtils.java:logGet(43)) - raft.server.log.purge.gap = 1000000 (custom)
2019-09-09 17:53:29,416 [pool-57-thread-1] INFO  server.RaftServerConfigKeys (ConfUtils.java:logGet(43)) - raft.server.leader.election.timeout = 120s (custom)
2019-09-09 17:53:29,416 [pool-87-thread-1] INFO  server.RaftServerConfigKeys (ConfUtils.java:logGet(43)) - raft.server.log.appender.buffer.byte-limit = 33554432 (custom)
2019-09-09 17:53:29,416 [pool-47-thread-1] INFO  server.RaftServerConfigKeys (ConfUtils.java:logGet(43)) - raft.server.log.use.memory = false (default)
2019-09-09 17:53:29,417 [pool-87-thread-1] INFO  server.RaftServerConfigKeys (ConfUtils.java:logGet(43)) - raft.server.log.segment.size.max = 1048576 (custom)
2019-09-09 17:53:29,417 [pool-57-thread-1] INFO  server.RaftServerConfigKeys (ConfUtils.java:logGet(43)) - raft.server.log.use.memory = false (default)
2019-09-09 17:53:29,417 [pool-87-thread-1] INFO  server.RaftServerConfigKeys (ConfUtils.java:logGet(43)) - raft.server.log.segment.cache.num.max = 2 (custom)
2019-09-09 17:53:29,417 [pool-47-thread-1] INFO  server.RaftServerConfigKeys (ConfUtils.java:logGet(43)) - raft.server.log.purge.gap = 1000000 (custom)
2019-09-09 17:53:29,417 [pool-87-thread-1] INFO  segmented.SegmentedRaftLogWorker (SegmentedRaftLogWorker.java:<init>(172)) - new 461d5a8a-abc0-4960-ba8e-ca8a6c8b8d3d-SegmentedRaftLogWorker:Storage Directory /workdir/hadoop-ozone/integration-test/target/test-dir/MiniOzoneClusterImpl-dd65e27b-8d45-4efc-9722-0ebdacca054e/datanode-6/data/ratis/fc58d2ef-dd05-4008-8fe2-010076f2fa1a for RaftStorage:Storage Directory /workdir/hadoop-ozone/integration-test/target/test-dir/MiniOzoneClusterImpl-dd65e27b-8d45-4efc-9722-0ebdacca054e/datanode-6/data/ratis/fc58d2ef-dd05-4008-8fe2-010076f2fa1a
2019-09-09 17:53:29,417 [pool-57-thread-1] INFO  server.RaftServerConfigKeys (ConfUtils.java:logGet(43)) - raft.server.log.purge.gap = 1000000 (custom)
2019-09-09 17:53:29,417 [pool-87-thread-1] INFO  server.RaftServerConfigKeys (ConfUtils.java:logGet(43)) - raft.server.log.queue.byte-limit = 2147483647 (custom)
2019-09-09 17:53:29,417 [pool-47-thread-1] INFO  server.RaftServerConfigKeys (ConfUtils.java:logGet(43)) - raft.server.log.appender.buffer.byte-limit = 33554432 (custom)
2019-09-09 17:53:29,419 [pool-87-thread-1] INFO  server.RaftServerConfigKeys (ConfUtils.java:logGet(43)) - raft.server.log.queue.element-limit = 1024 (custom)
2019-09-09 17:53:29,417 [pool-57-thread-1] INFO  server.RaftServerConfigKeys (ConfUtils.java:logGet(43)) - raft.server.log.appender.buffer.byte-limit = 33554432 (custom)
2019-09-09 17:53:29,419 [pool-87-thread-1] INFO  server.RaftServerConfigKeys (ConfUtils.java:logGet(43)) - raft.server.log.segment.size.max = 1048576 (custom)
2019-09-09 17:53:29,419 [pool-47-thread-1] INFO  server.RaftServerConfigKeys (ConfUtils.java:logGet(43)) - raft.server.log.segment.size.max = 1048576 (custom)
2019-09-09 17:53:29,419 [pool-87-thread-1] INFO  server.RaftServerConfigKeys (ConfUtils.java:logGet(43)) - raft.server.log.preallocated.size = 16384 (custom)
2019-09-09 17:53:29,419 [pool-57-thread-1] INFO  server.RaftServerConfigKeys (ConfUtils.java:logGet(43)) - raft.server.log.segment.size.max = 1048576 (custom)
2019-09-09 17:53:29,420 [pool-87-thread-1] INFO  server.RaftServerConfigKeys (ConfUtils.java:logGet(43)) - raft.server.log.write.buffer.size = 33554432 (custom)
2019-09-09 17:53:29,420 [pool-47-thread-1] INFO  server.RaftServerConfigKeys (ConfUtils.java:logGet(43)) - raft.server.log.segment.cache.num.max = 2 (custom)
2019-09-09 17:53:29,420 [pool-87-thread-1] INFO  server.RaftServerConfigKeys (ConfUtils.java:logGet(43)) - raft.server.log.force.sync.num = 128 (default)
2019-09-09 17:53:29,420 [pool-57-thread-1] INFO  server.RaftServerConfigKeys (ConfUtils.java:logGet(43)) - raft.server.log.segment.cache.num.max = 2 (custom)
2019-09-09 17:53:29,420 [pool-87-thread-1] INFO  server.RaftServerConfigKeys (ConfUtils.java:logGet(43)) - raft.server.log.statemachine.data.sync = true (default)
2019-09-09 17:53:29,420 [pool-47-thread-1] INFO  segmented.SegmentedRaftLogWorker (SegmentedRaftLogWorker.java:<init>(172)) - new 30f1fa56-7151-4e7f-b33c-622218368397-SegmentedRaftLogWorker:Storage Directory /workdir/hadoop-ozone/integration-test/target/test-dir/MiniOzoneClusterImpl-dd65e27b-8d45-4efc-9722-0ebdacca054e/datanode-2/data/ratis/fc58d2ef-dd05-4008-8fe2-010076f2fa1a for RaftStorage:Storage Directory /workdir/hadoop-ozone/integration-test/target/test-dir/MiniOzoneClusterImpl-dd65e27b-8d45-4efc-9722-0ebdacca054e/datanode-2/data/ratis/fc58d2ef-dd05-4008-8fe2-010076f2fa1a
2019-09-09 17:53:29,420 [pool-87-thread-1] INFO  server.RaftServerConfigKeys (ConfUtils.java:logGet(43)) - raft.server.log.statemachine.data.sync.timeout = 10s (default)
2019-09-09 17:53:29,420 [pool-57-thread-1] INFO  segmented.SegmentedRaftLogWorker (SegmentedRaftLogWorker.java:<init>(172)) - new 48a6b30f-2754-42eb-8fb1-9557657e4eca-SegmentedRaftLogWorker:Storage Directory /workdir/hadoop-ozone/integration-test/target/test-dir/MiniOzoneClusterImpl-dd65e27b-8d45-4efc-9722-0ebdacca054e/datanode-3/data/ratis/fc58d2ef-dd05-4008-8fe2-010076f2fa1a for RaftStorage:Storage Directory /workdir/hadoop-ozone/integration-test/target/test-dir/MiniOzoneClusterImpl-dd65e27b-8d45-4efc-9722-0ebdacca054e/datanode-3/data/ratis/fc58d2ef-dd05-4008-8fe2-010076f2fa1a
2019-09-09 17:53:29,421 [pool-87-thread-1] INFO  server.RaftServerConfigKeys (ConfUtils.java:logGet(43)) - raft.server.log.statemachine.data.sync.timeout.retry = -1 (default)
2019-09-09 17:53:29,421 [pool-47-thread-1] INFO  server.RaftServerConfigKeys (ConfUtils.java:logGet(43)) - raft.server.log.queue.byte-limit = 2147483647 (custom)
2019-09-09 17:53:29,424 [pool-87-thread-1] INFO  server.RaftServerConfigKeys (ConfUtils.java:logGet(43)) - raft.server.log.statemachine.data.caching.enabled = true (custom)
2019-09-09 17:53:29,422 [pool-57-thread-1] INFO  server.RaftServerConfigKeys (ConfUtils.java:logGet(43)) - raft.server.log.queue.byte-limit = 2147483647 (custom)
2019-09-09 17:53:29,424 [pool-47-thread-1] INFO  server.RaftServerConfigKeys (ConfUtils.java:logGet(43)) - raft.server.log.queue.element-limit = 1024 (custom)
2019-09-09 17:53:29,424 [pool-57-thread-1] INFO  server.RaftServerConfigKeys (ConfUtils.java:logGet(43)) - raft.server.log.queue.element-limit = 1024 (custom)
2019-09-09 17:53:29,424 [pool-87-thread-1] INFO  segmented.SegmentedRaftLogWorker (SegmentedRaftLogWorker.java:lambda$new$0(132)) - 461d5a8a-abc0-4960-ba8e-ca8a6c8b8d3d-SegmentedRaftLogWorker:Storage Directory /workdir/hadoop-ozone/integration-test/target/test-dir/MiniOzoneClusterImpl-dd65e27b-8d45-4efc-9722-0ebdacca054e/datanode-6/data/ratis/fc58d2ef-dd05-4008-8fe2-010076f2fa1a: flushIndex: setUnconditionally 0 -> -1
2019-09-09 17:53:29,425 [pool-57-thread-1] INFO  server.RaftServerConfigKeys (ConfUtils.java:logGet(43)) - raft.server.log.segment.size.max = 1048576 (custom)
2019-09-09 17:53:29,425 [pool-47-thread-1] INFO  server.RaftServerConfigKeys (ConfUtils.java:logGet(43)) - raft.server.log.segment.size.max = 1048576 (custom)
2019-09-09 17:53:29,425 [pool-87-thread-1] INFO  server.RaftServerConfigKeys (ConfUtils.java:logGet(43)) - raft.server.snapshot.auto.trigger.enabled = true (custom)
2019-09-09 17:53:29,425 [pool-57-thread-1] INFO  server.RaftServerConfigKeys (ConfUtils.java:logGet(43)) - raft.server.log.preallocated.size = 16384 (custom)
2019-09-09 17:53:29,425 [pool-87-thread-1] INFO  server.RaftServerConfigKeys (ConfUtils.java:logGet(43)) - raft.server.snapshot.auto.trigger.threshold = 10000 (custom)
2019-09-09 17:53:29,425 [pool-47-thread-1] INFO  server.RaftServerConfigKeys (ConfUtils.java:logGet(43)) - raft.server.log.preallocated.size = 16384 (custom)
2019-09-09 17:53:29,425 [pool-87-thread-1] INFO  server.RaftServerConfigKeys (ConfUtils.java:logGet(43)) - raft.server.retrycache.expirytime = 600000ms (custom)
2019-09-09 17:53:29,425 [pool-57-thread-1] INFO  server.RaftServerConfigKeys (ConfUtils.java:logGet(43)) - raft.server.log.write.buffer.size = 33554432 (custom)
2019-09-09 17:53:29,426 [pool-87-thread-1] INFO  impl.RaftServerImpl (RaftServerImpl.java:start(180)) - 461d5a8a-abc0-4960-ba8e-ca8a6c8b8d3d: start group-010076F2FA1A
2019-09-09 17:53:29,426 [pool-87-thread-1] INFO  impl.RaftServerImpl (RaftServerImpl.java:setRole(171)) - 461d5a8a-abc0-4960-ba8e-ca8a6c8b8d3d:group-010076F2FA1A changes role from null to FOLLOWER at term 0 for startAsFollower
2019-09-09 17:53:29,425 [pool-47-thread-1] INFO  server.RaftServerConfigKeys (ConfUtils.java:logGet(43)) - raft.server.log.write.buffer.size = 33554432 (custom)
2019-09-09 17:53:29,426 [pool-87-thread-1] INFO  impl.RoleInfo (RoleInfo.java:updateAndGet(143)) - 461d5a8a-abc0-4960-ba8e-ca8a6c8b8d3d: start FollowerState
2019-09-09 17:53:29,426 [pool-57-thread-1] INFO  server.RaftServerConfigKeys (ConfUtils.java:logGet(43)) - raft.server.log.force.sync.num = 128 (default)
2019-09-09 17:53:29,426 [pool-47-thread-1] INFO  server.RaftServerConfigKeys (ConfUtils.java:logGet(43)) - raft.server.log.force.sync.num = 128 (default)
2019-09-09 17:53:29,426 [pool-57-thread-1] INFO  server.RaftServerConfigKeys (ConfUtils.java:logGet(43)) - raft.server.log.statemachine.data.sync = true (default)
2019-09-09 17:53:29,426 [pool-87-thread-1] INFO  util.JmxRegister (JmxRegister.java:tryRegister(44)) - Successfully registered JMX Bean with object name Ratis:service=RaftServer,group=group-010076F2FA1A,id=461d5a8a-abc0-4960-ba8e-ca8a6c8b8d3d
2019-09-09 17:53:29,426 [pool-47-thread-1] INFO  server.RaftServerConfigKeys (ConfUtils.java:logGet(43)) - raft.server.log.statemachine.data.sync = true (default)
2019-09-09 17:53:29,427 [pool-57-thread-1] INFO  server.RaftServerConfigKeys (ConfUtils.java:logGet(43)) - raft.server.log.statemachine.data.sync.timeout = 10s (default)
2019-09-09 17:53:29,427 [pool-47-thread-1] INFO  server.RaftServerConfigKeys (ConfUtils.java:logGet(43)) - raft.server.log.statemachine.data.sync.timeout = 10s (default)
2019-09-09 17:53:29,427 [pool-57-thread-1] INFO  server.RaftServerConfigKeys (ConfUtils.java:logGet(43)) - raft.server.log.statemachine.data.sync.timeout.retry = -1 (default)
2019-09-09 17:53:29,427 [pool-47-thread-1] INFO  server.RaftServerConfigKeys (ConfUtils.java:logGet(43)) - raft.server.log.statemachine.data.sync.timeout.retry = -1 (default)
2019-09-09 17:53:29,427 [pool-57-thread-1] INFO  server.RaftServerConfigKeys (ConfUtils.java:logGet(43)) - raft.server.log.statemachine.data.caching.enabled = true (custom)
2019-09-09 17:53:29,427 [pool-47-thread-1] INFO  server.RaftServerConfigKeys (ConfUtils.java:logGet(43)) - raft.server.log.statemachine.data.caching.enabled = true (custom)
2019-09-09 17:53:29,428 [pool-57-thread-1] INFO  segmented.SegmentedRaftLogWorker (SegmentedRaftLogWorker.java:lambda$new$0(132)) - 48a6b30f-2754-42eb-8fb1-9557657e4eca-SegmentedRaftLogWorker:Storage Directory /workdir/hadoop-ozone/integration-test/target/test-dir/MiniOzoneClusterImpl-dd65e27b-8d45-4efc-9722-0ebdacca054e/datanode-3/data/ratis/fc58d2ef-dd05-4008-8fe2-010076f2fa1a: flushIndex: setUnconditionally 0 -> -1
2019-09-09 17:53:29,428 [pool-47-thread-1] INFO  segmented.SegmentedRaftLogWorker (SegmentedRaftLogWorker.java:lambda$new$0(132)) - 30f1fa56-7151-4e7f-b33c-622218368397-SegmentedRaftLogWorker:Storage Directory /workdir/hadoop-ozone/integration-test/target/test-dir/MiniOzoneClusterImpl-dd65e27b-8d45-4efc-9722-0ebdacca054e/datanode-2/data/ratis/fc58d2ef-dd05-4008-8fe2-010076f2fa1a: flushIndex: setUnconditionally 0 -> -1
2019-09-09 17:53:29,428 [pool-57-thread-1] INFO  server.RaftServerConfigKeys (ConfUtils.java:logGet(43)) - raft.server.snapshot.auto.trigger.enabled = true (custom)
2019-09-09 17:53:29,428 [pool-47-thread-1] INFO  server.RaftServerConfigKeys (ConfUtils.java:logGet(43)) - raft.server.snapshot.auto.trigger.enabled = true (custom)
2019-09-09 17:53:29,428 [pool-57-thread-1] INFO  server.RaftServerConfigKeys (ConfUtils.java:logGet(43)) - raft.server.snapshot.auto.trigger.threshold = 10000 (custom)
2019-09-09 17:53:29,428 [pool-47-thread-1] INFO  server.RaftServerConfigKeys (ConfUtils.java:logGet(43)) - raft.server.snapshot.auto.trigger.threshold = 10000 (custom)
2019-09-09 17:53:29,430 [pool-57-thread-1] INFO  server.RaftServerConfigKeys (ConfUtils.java:logGet(43)) - raft.server.retrycache.expirytime = 600000ms (custom)
2019-09-09 17:53:29,430 [pool-47-thread-1] INFO  server.RaftServerConfigKeys (ConfUtils.java:logGet(43)) - raft.server.retrycache.expirytime = 600000ms (custom)
2019-09-09 17:53:29,430 [pool-57-thread-1] INFO  impl.RaftServerImpl (RaftServerImpl.java:start(180)) - 48a6b30f-2754-42eb-8fb1-9557657e4eca: start group-010076F2FA1A
2019-09-09 17:53:29,430 [pool-47-thread-1] INFO  impl.RaftServerImpl (RaftServerImpl.java:start(180)) - 30f1fa56-7151-4e7f-b33c-622218368397: start group-010076F2FA1A
2019-09-09 17:53:29,430 [pool-57-thread-1] INFO  impl.RaftServerImpl (RaftServerImpl.java:setRole(171)) - 48a6b30f-2754-42eb-8fb1-9557657e4eca:group-010076F2FA1A changes role from null to FOLLOWER at term 0 for startAsFollower
2019-09-09 17:53:29,430 [pool-47-thread-1] INFO  impl.RaftServerImpl (RaftServerImpl.java:setRole(171)) - 30f1fa56-7151-4e7f-b33c-622218368397:group-010076F2FA1A changes role from null to FOLLOWER at term 0 for startAsFollower
2019-09-09 17:53:29,431 [pool-57-thread-1] INFO  impl.RoleInfo (RoleInfo.java:updateAndGet(143)) - 48a6b30f-2754-42eb-8fb1-9557657e4eca: start FollowerState
2019-09-09 17:53:29,431 [pool-47-thread-1] INFO  impl.RoleInfo (RoleInfo.java:updateAndGet(143)) - 30f1fa56-7151-4e7f-b33c-622218368397: start FollowerState
2019-09-09 17:53:29,431 [pool-57-thread-1] INFO  util.JmxRegister (JmxRegister.java:tryRegister(44)) - Successfully registered JMX Bean with object name Ratis:service=RaftServer,group=group-010076F2FA1A,id=48a6b30f-2754-42eb-8fb1-9557657e4eca
2019-09-09 17:53:29,431 [pool-47-thread-1] INFO  util.JmxRegister (JmxRegister.java:tryRegister(44)) - Successfully registered JMX Bean with object name Ratis:service=RaftServer,group=group-010076F2FA1A,id=30f1fa56-7151-4e7f-b33c-622218368397
2019-09-09 17:53:29,449 [RatisPipelineUtilsThread] INFO  pipeline.PipelineStateManager (PipelineStateManager.java:addPipeline(56)) - Created pipeline Pipeline[ Id: fc58d2ef-dd05-4008-8fe2-010076f2fa1a, Nodes: 48a6b30f-2754-42eb-8fb1-9557657e4eca{ip: 192.168.34.39, host: pr-hdds-2102-js77h-2988213663, networkLocation: /default-rack, certSerialId: null}461d5a8a-abc0-4960-ba8e-ca8a6c8b8d3d{ip: 192.168.34.39, host: pr-hdds-2102-js77h-2988213663, networkLocation: /default-rack, certSerialId: null}30f1fa56-7151-4e7f-b33c-622218368397{ip: 192.168.34.39, host: pr-hdds-2102-js77h-2988213663, networkLocation: /default-rack, certSerialId: null}, Type:RATIS, Factor:THREE, State:OPEN]
2019-09-09 17:53:29,481 [grpc-default-executor-0] INFO  impl.RaftServerProxy (RaftServerProxy.java:addNew(89)) - 632bc77f-49d2-4ab2-a75d-f92c37ad2325: addNew group-7B0B99665CB7:[79992e98-5725-47f9-a11f-d3f2be4c0891:192.168.34.39:33116, 632bc77f-49d2-4ab2-a75d-f92c37ad2325:192.168.34.39:44198, a512d24e-7015-49b3-9efc-742152bae316:192.168.34.39:34871] returns group-7B0B99665CB7:java.util.concurrent.CompletableFuture@459f262[Not completed]
2019-09-09 17:53:29,483 [grpc-default-executor-1] INFO  impl.RaftServerProxy (RaftServerProxy.java:addNew(89)) - 79992e98-5725-47f9-a11f-d3f2be4c0891: addNew group-7B0B99665CB7:[79992e98-5725-47f9-a11f-d3f2be4c0891:192.168.34.39:33116, 632bc77f-49d2-4ab2-a75d-f92c37ad2325:192.168.34.39:44198, a512d24e-7015-49b3-9efc-742152bae316:192.168.34.39:34871] returns group-7B0B99665CB7:java.util.concurrent.CompletableFuture@4567b6a9[Not completed]
2019-09-09 17:53:29,485 [grpc-default-executor-1] INFO  impl.RaftServerProxy (RaftServerProxy.java:addNew(89)) - a512d24e-7015-49b3-9efc-742152bae316: addNew group-7B0B99665CB7:[79992e98-5725-47f9-a11f-d3f2be4c0891:192.168.34.39:33116, 632bc77f-49d2-4ab2-a75d-f92c37ad2325:192.168.34.39:44198, a512d24e-7015-49b3-9efc-742152bae316:192.168.34.39:34871] returns group-7B0B99665CB7:java.util.concurrent.CompletableFuture@2507e57f[Not completed]
2019-09-09 17:53:29,486 [pool-37-thread-1] INFO  impl.RaftServerImpl (RaftServerImpl.java:<init>(93)) - 632bc77f-49d2-4ab2-a75d-f92c37ad2325: new RaftServerImpl for group-7B0B99665CB7:[79992e98-5725-47f9-a11f-d3f2be4c0891:192.168.34.39:33116, 632bc77f-49d2-4ab2-a75d-f92c37ad2325:192.168.34.39:44198, a512d24e-7015-49b3-9efc-742152bae316:192.168.34.39:34871] with ContainerStateMachine:uninitialized
2019-09-09 17:53:29,487 [pool-37-thread-1] INFO  server.RaftServerConfigKeys (ConfUtils.java:logGet(43)) - raft.server.rpc.timeout.min = 5s (custom)
2019-09-09 17:53:29,487 [pool-37-thread-1] INFO  server.RaftServerConfigKeys (ConfUtils.java:logGet(43)) - raft.server.rpc.timeout.max = 5200ms (custom)
2019-09-09 17:53:29,487 [pool-37-thread-1] INFO  server.RaftServerConfigKeys (ConfUtils.java:logGet(43)) - raft.server.rpcslowness.timeout = 120s (custom)
2019-09-09 17:53:29,487 [pool-37-thread-1] INFO  server.RaftServerConfigKeys (ConfUtils.java:logGet(43)) - raft.server.sleep.deviation.threshold = 300 (default)
2019-09-09 17:53:29,487 [pool-37-thread-1] INFO  server.RaftServerConfigKeys (ConfUtils.java:logGet(43)) - raft.server.log.appender.install.snapshot.enabled = false (custom)
2019-09-09 17:53:29,487 [pool-37-thread-1] INFO  impl.RaftServerImpl (ServerState.java:<init>(105)) - 632bc77f-49d2-4ab2-a75d-f92c37ad2325:group-7B0B99665CB7 ConfigurationManager, init=-1: [79992e98-5725-47f9-a11f-d3f2be4c0891:192.168.34.39:33116, 632bc77f-49d2-4ab2-a75d-f92c37ad2325:192.168.34.39:44198, a512d24e-7015-49b3-9efc-742152bae316:192.168.34.39:34871], old=null, confs=<EMPTY_MAP>
2019-09-09 17:53:29,488 [pool-67-thread-1] INFO  impl.RaftServerImpl (RaftServerImpl.java:<init>(93)) - a512d24e-7015-49b3-9efc-742152bae316: new RaftServerImpl for group-7B0B99665CB7:[79992e98-5725-47f9-a11f-d3f2be4c0891:192.168.34.39:33116, 632bc77f-49d2-4ab2-a75d-f92c37ad2325:192.168.34.39:44198, a512d24e-7015-49b3-9efc-742152bae316:192.168.34.39:34871] with ContainerStateMachine:uninitialized
2019-09-09 17:53:29,488 [pool-37-thread-1] INFO  server.RaftServerConfigKeys (ConfUtils.java:logGet(43)) - raft.server.storage.dir = [/workdir/hadoop-ozone/integration-test/target/test-dir/MiniOzoneClusterImpl-dd65e27b-8d45-4efc-9722-0ebdacca054e/datanode-1/data/ratis] (custom)
2019-09-09 17:53:29,488 [pool-67-thread-1] INFO  server.RaftServerConfigKeys (ConfUtils.java:logGet(43)) - raft.server.rpc.timeout.min = 5s (custom)
2019-09-09 17:53:29,488 [pool-67-thread-1] INFO  server.RaftServerConfigKeys (ConfUtils.java:logGet(43)) - raft.server.rpc.timeout.max = 5200ms (custom)
2019-09-09 17:53:29,488 [pool-37-thread-1] INFO  storage.RaftStorageDirectory (RaftStorageDirectory.java:analyzeStorage(246)) - The storage directory /workdir/hadoop-ozone/integration-test/target/test-dir/MiniOzoneClusterImpl-dd65e27b-8d45-4efc-9722-0ebdacca054e/datanode-1/data/ratis/f8a09002-ebc7-4719-808f-7b0b99665cb7 does not exist. Creating ...
2019-09-09 17:53:29,488 [pool-67-thread-1] INFO  server.RaftServerConfigKeys (ConfUtils.java:logGet(43)) - raft.server.rpcslowness.timeout = 120s (custom)
2019-09-09 17:53:29,489 [pool-67-thread-1] INFO  server.RaftServerConfigKeys (ConfUtils.java:logGet(43)) - raft.server.sleep.deviation.threshold = 300 (default)
2019-09-09 17:53:29,489 [pool-27-thread-1] INFO  impl.RaftServerImpl (RaftServerImpl.java:<init>(93)) - 79992e98-5725-47f9-a11f-d3f2be4c0891: new RaftServerImpl for group-7B0B99665CB7:[79992e98-5725-47f9-a11f-d3f2be4c0891:192.168.34.39:33116, 632bc77f-49d2-4ab2-a75d-f92c37ad2325:192.168.34.39:44198, a512d24e-7015-49b3-9efc-742152bae316:192.168.34.39:34871] with ContainerStateMachine:uninitialized
2019-09-09 17:53:29,489 [pool-67-thread-1] INFO  server.RaftServerConfigKeys (ConfUtils.java:logGet(43)) - raft.server.log.appender.install.snapshot.enabled = false (custom)
2019-09-09 17:53:29,489 [pool-27-thread-1] INFO  server.RaftServerConfigKeys (ConfUtils.java:logGet(43)) - raft.server.rpc.timeout.min = 5s (custom)
2019-09-09 17:53:29,489 [pool-67-thread-1] INFO  impl.RaftServerImpl (ServerState.java:<init>(105)) - a512d24e-7015-49b3-9efc-742152bae316:group-7B0B99665CB7 ConfigurationManager, init=-1: [79992e98-5725-47f9-a11f-d3f2be4c0891:192.168.34.39:33116, 632bc77f-49d2-4ab2-a75d-f92c37ad2325:192.168.34.39:44198, a512d24e-7015-49b3-9efc-742152bae316:192.168.34.39:34871], old=null, confs=<EMPTY_MAP>
2019-09-09 17:53:29,489 [pool-27-thread-1] INFO  server.RaftServerConfigKeys (ConfUtils.java:logGet(43)) - raft.server.rpc.timeout.max = 5200ms (custom)
2019-09-09 17:53:29,490 [pool-67-thread-1] INFO  server.RaftServerConfigKeys (ConfUtils.java:logGet(43)) - raft.server.storage.dir = [/workdir/hadoop-ozone/integration-test/target/test-dir/MiniOzoneClusterImpl-dd65e27b-8d45-4efc-9722-0ebdacca054e/datanode-4/data/ratis] (custom)
2019-09-09 17:53:29,490 [pool-27-thread-1] INFO  server.RaftServerConfigKeys (ConfUtils.java:logGet(43)) - raft.server.rpcslowness.timeout = 120s (custom)
2019-09-09 17:53:29,490 [pool-27-thread-1] INFO  server.RaftServerConfigKeys (ConfUtils.java:logGet(43)) - raft.server.sleep.deviation.threshold = 300 (default)
2019-09-09 17:53:29,490 [pool-27-thread-1] INFO  server.RaftServerConfigKeys (ConfUtils.java:logGet(43)) - raft.server.log.appender.install.snapshot.enabled = false (custom)
2019-09-09 17:53:29,490 [pool-67-thread-1] INFO  storage.RaftStorageDirectory (RaftStorageDirectory.java:analyzeStorage(246)) - The storage directory /workdir/hadoop-ozone/integration-test/target/test-dir/MiniOzoneClusterImpl-dd65e27b-8d45-4efc-9722-0ebdacca054e/datanode-4/data/ratis/f8a09002-ebc7-4719-808f-7b0b99665cb7 does not exist. Creating ...
2019-09-09 17:53:29,490 [pool-27-thread-1] INFO  impl.RaftServerImpl (ServerState.java:<init>(105)) - 79992e98-5725-47f9-a11f-d3f2be4c0891:group-7B0B99665CB7 ConfigurationManager, init=-1: [79992e98-5725-47f9-a11f-d3f2be4c0891:192.168.34.39:33116, 632bc77f-49d2-4ab2-a75d-f92c37ad2325:192.168.34.39:44198, a512d24e-7015-49b3-9efc-742152bae316:192.168.34.39:34871], old=null, confs=<EMPTY_MAP>
2019-09-09 17:53:29,491 [pool-27-thread-1] INFO  server.RaftServerConfigKeys (ConfUtils.java:logGet(43)) - raft.server.storage.dir = [/workdir/hadoop-ozone/integration-test/target/test-dir/MiniOzoneClusterImpl-dd65e27b-8d45-4efc-9722-0ebdacca054e/datanode-0/data/ratis] (custom)
2019-09-09 17:53:29,491 [pool-27-thread-1] INFO  storage.RaftStorageDirectory (RaftStorageDirectory.java:analyzeStorage(246)) - The storage directory /workdir/hadoop-ozone/integration-test/target/test-dir/MiniOzoneClusterImpl-dd65e27b-8d45-4efc-9722-0ebdacca054e/datanode-0/data/ratis/f8a09002-ebc7-4719-808f-7b0b99665cb7 does not exist. Creating ...
2019-09-09 17:53:29,502 [pool-27-thread-1] INFO  storage.RaftStorageDirectory (RaftStorageDirectory.java:tryLock(328)) - Lock on /workdir/hadoop-ozone/integration-test/target/test-dir/MiniOzoneClusterImpl-dd65e27b-8d45-4efc-9722-0ebdacca054e/datanode-0/data/ratis/f8a09002-ebc7-4719-808f-7b0b99665cb7/in_use.lock acquired by nodename 2891@pr-hdds-2102-js77h-2988213663
2019-09-09 17:53:29,502 [pool-37-thread-1] INFO  storage.RaftStorageDirectory (RaftStorageDirectory.java:tryLock(328)) - Lock on /workdir/hadoop-ozone/integration-test/target/test-dir/MiniOzoneClusterImpl-dd65e27b-8d45-4efc-9722-0ebdacca054e/datanode-1/data/ratis/f8a09002-ebc7-4719-808f-7b0b99665cb7/in_use.lock acquired by nodename 2891@pr-hdds-2102-js77h-2988213663
2019-09-09 17:53:29,502 [pool-67-thread-1] INFO  storage.RaftStorageDirectory (RaftStorageDirectory.java:tryLock(328)) - Lock on /workdir/hadoop-ozone/integration-test/target/test-dir/MiniOzoneClusterImpl-dd65e27b-8d45-4efc-9722-0ebdacca054e/datanode-4/data/ratis/f8a09002-ebc7-4719-808f-7b0b99665cb7/in_use.lock acquired by nodename 2891@pr-hdds-2102-js77h-2988213663
2019-09-09 17:53:29,524 [pool-37-thread-1] INFO  storage.RaftStorage (RaftStorage.java:format(72)) - Storage directory /workdir/hadoop-ozone/integration-test/target/test-dir/MiniOzoneClusterImpl-dd65e27b-8d45-4efc-9722-0ebdacca054e/datanode-1/data/ratis/f8a09002-ebc7-4719-808f-7b0b99665cb7 has been successfully formatted.
2019-09-09 17:53:29,524 [pool-67-thread-1] INFO  storage.RaftStorage (RaftStorage.java:format(72)) - Storage directory /workdir/hadoop-ozone/integration-test/target/test-dir/MiniOzoneClusterImpl-dd65e27b-8d45-4efc-9722-0ebdacca054e/datanode-4/data/ratis/f8a09002-ebc7-4719-808f-7b0b99665cb7 has been successfully formatted.
2019-09-09 17:53:29,524 [pool-27-thread-1] INFO  storage.RaftStorage (RaftStorage.java:format(72)) - Storage directory /workdir/hadoop-ozone/integration-test/target/test-dir/MiniOzoneClusterImpl-dd65e27b-8d45-4efc-9722-0ebdacca054e/datanode-0/data/ratis/f8a09002-ebc7-4719-808f-7b0b99665cb7 has been successfully formatted.
2019-09-09 17:53:29,524 [pool-37-thread-1] INFO  ratis.ContainerStateMachine (ContainerStateMachine.java:loadSnapshot(227)) - group-7B0B99665CB7: The snapshot info is null. Setting the last applied indexto:(t:0, i:~)
2019-09-09 17:53:29,524 [pool-27-thread-1] INFO  ratis.ContainerStateMachine (ContainerStateMachine.java:loadSnapshot(227)) - group-7B0B99665CB7: The snapshot info is null. Setting the last applied indexto:(t:0, i:~)
2019-09-09 17:53:29,524 [pool-67-thread-1] INFO  ratis.ContainerStateMachine (ContainerStateMachine.java:loadSnapshot(227)) - group-7B0B99665CB7: The snapshot info is null. Setting the last applied indexto:(t:0, i:~)
2019-09-09 17:53:29,524 [pool-27-thread-1] INFO  server.RaftServerConfigKeys (ConfUtils.java:logGet(43)) - raft.server.leader.election.timeout = 120s (custom)
2019-09-09 17:53:29,524 [pool-37-thread-1] INFO  server.RaftServerConfigKeys (ConfUtils.java:logGet(43)) - raft.server.leader.election.timeout = 120s (custom)
2019-09-09 17:53:29,524 [pool-27-thread-1] INFO  server.RaftServerConfigKeys (ConfUtils.java:logGet(43)) - raft.server.log.use.memory = false (default)
2019-09-09 17:53:29,524 [pool-67-thread-1] INFO  server.RaftServerConfigKeys (ConfUtils.java:logGet(43)) - raft.server.leader.election.timeout = 120s (custom)
2019-09-09 17:53:29,525 [pool-27-thread-1] INFO  server.RaftServerConfigKeys (ConfUtils.java:logGet(43)) - raft.server.log.purge.gap = 1000000 (custom)
2019-09-09 17:53:29,525 [pool-37-thread-1] INFO  server.RaftServerConfigKeys (ConfUtils.java:logGet(43)) - raft.server.log.use.memory = false (default)
2019-09-09 17:53:29,525 [pool-27-thread-1] INFO  server.RaftServerConfigKeys (ConfUtils.java:logGet(43)) - raft.server.log.appender.buffer.byte-limit = 33554432 (custom)
2019-09-09 17:53:29,525 [pool-67-thread-1] INFO  server.RaftServerConfigKeys (ConfUtils.java:logGet(43)) - raft.server.log.use.memory = false (default)
2019-09-09 17:53:29,525 [pool-27-thread-1] INFO  server.RaftServerConfigKeys (ConfUtils.java:logGet(43)) - raft.server.log.segment.size.max = 1048576 (custom)
2019-09-09 17:53:29,525 [pool-37-thread-1] INFO  server.RaftServerConfigKeys (ConfUtils.java:logGet(43)) - raft.server.log.purge.gap = 1000000 (custom)
2019-09-09 17:53:29,525 [pool-27-thread-1] INFO  server.RaftServerConfigKeys (ConfUtils.java:logGet(43)) - raft.server.log.segment.cache.num.max = 2 (custom)
2019-09-09 17:53:29,525 [pool-67-thread-1] INFO  server.RaftServerConfigKeys (ConfUtils.java:logGet(43)) - raft.server.log.purge.gap = 1000000 (custom)
2019-09-09 17:53:29,526 [pool-27-thread-1] INFO  segmented.SegmentedRaftLogWorker (SegmentedRaftLogWorker.java:<init>(172)) - new 79992e98-5725-47f9-a11f-d3f2be4c0891-SegmentedRaftLogWorker:Storage Directory /workdir/hadoop-ozone/integration-test/target/test-dir/MiniOzoneClusterImpl-dd65e27b-8d45-4efc-9722-0ebdacca054e/datanode-0/data/ratis/f8a09002-ebc7-4719-808f-7b0b99665cb7 for RaftStorage:Storage Directory /workdir/hadoop-ozone/integration-test/target/test-dir/MiniOzoneClusterImpl-dd65e27b-8d45-4efc-9722-0ebdacca054e/datanode-0/data/ratis/f8a09002-ebc7-4719-808f-7b0b99665cb7
2019-09-09 17:53:29,526 [pool-37-thread-1] INFO  server.RaftServerConfigKeys (ConfUtils.java:logGet(43)) - raft.server.log.appender.buffer.byte-limit = 33554432 (custom)
2019-09-09 17:53:29,526 [pool-27-thread-1] INFO  server.RaftServerConfigKeys (ConfUtils.java:logGet(43)) - raft.server.log.queue.byte-limit = 2147483647 (custom)
2019-09-09 17:53:29,526 [pool-67-thread-1] INFO  server.RaftServerConfigKeys (ConfUtils.java:logGet(43)) - raft.server.log.appender.buffer.byte-limit = 33554432 (custom)
2019-09-09 17:53:29,528 [pool-27-thread-1] INFO  server.RaftServerConfigKeys (ConfUtils.java:logGet(43)) - raft.server.log.queue.element-limit = 1024 (custom)
2019-09-09 17:53:29,528 [pool-37-thread-1] INFO  server.RaftServerConfigKeys (ConfUtils.java:logGet(43)) - raft.server.log.segment.size.max = 1048576 (custom)
2019-09-09 17:53:29,528 [pool-27-thread-1] INFO  server.RaftServerConfigKeys (ConfUtils.java:logGet(43)) - raft.server.log.segment.size.max = 1048576 (custom)
2019-09-09 17:53:29,528 [pool-67-thread-1] INFO  server.RaftServerConfigKeys (ConfUtils.java:logGet(43)) - raft.server.log.segment.size.max = 1048576 (custom)
2019-09-09 17:53:29,529 [pool-27-thread-1] INFO  server.RaftServerConfigKeys (ConfUtils.java:logGet(43)) - raft.server.log.preallocated.size = 16384 (custom)
2019-09-09 17:53:29,529 [pool-37-thread-1] INFO  server.RaftServerConfigKeys (ConfUtils.java:logGet(43)) - raft.server.log.segment.cache.num.max = 2 (custom)
2019-09-09 17:53:29,529 [pool-27-thread-1] INFO  server.RaftServerConfigKeys (ConfUtils.java:logGet(43)) - raft.server.log.write.buffer.size = 33554432 (custom)
2019-09-09 17:53:29,529 [pool-67-thread-1] INFO  server.RaftServerConfigKeys (ConfUtils.java:logGet(43)) - raft.server.log.segment.cache.num.max = 2 (custom)
2019-09-09 17:53:29,529 [pool-27-thread-1] INFO  server.RaftServerConfigKeys (ConfUtils.java:logGet(43)) - raft.server.log.force.sync.num = 128 (default)
2019-09-09 17:53:29,529 [pool-37-thread-1] INFO  segmented.SegmentedRaftLogWorker (SegmentedRaftLogWorker.java:<init>(172)) - new 632bc77f-49d2-4ab2-a75d-f92c37ad2325-SegmentedRaftLogWorker:Storage Directory /workdir/hadoop-ozone/integration-test/target/test-dir/MiniOzoneClusterImpl-dd65e27b-8d45-4efc-9722-0ebdacca054e/datanode-1/data/ratis/f8a09002-ebc7-4719-808f-7b0b99665cb7 for RaftStorage:Storage Directory /workdir/hadoop-ozone/integration-test/target/test-dir/MiniOzoneClusterImpl-dd65e27b-8d45-4efc-9722-0ebdacca054e/datanode-1/data/ratis/f8a09002-ebc7-4719-808f-7b0b99665cb7
2019-09-09 17:53:29,529 [pool-27-thread-1] INFO  server.RaftServerConfigKeys (ConfUtils.java:logGet(43)) - raft.server.log.statemachine.data.sync = true (default)
2019-09-09 17:53:29,529 [pool-67-thread-1] INFO  segmented.SegmentedRaftLogWorker (SegmentedRaftLogWorker.java:<init>(172)) - new a512d24e-7015-49b3-9efc-742152bae316-SegmentedRaftLogWorker:Storage Directory /workdir/hadoop-ozone/integration-test/target/test-dir/MiniOzoneClusterImpl-dd65e27b-8d45-4efc-9722-0ebdacca054e/datanode-4/data/ratis/f8a09002-ebc7-4719-808f-7b0b99665cb7 for RaftStorage:Storage Directory /workdir/hadoop-ozone/integration-test/target/test-dir/MiniOzoneClusterImpl-dd65e27b-8d45-4efc-9722-0ebdacca054e/datanode-4/data/ratis/f8a09002-ebc7-4719-808f-7b0b99665cb7
2019-09-09 17:53:29,530 [pool-27-thread-1] INFO  server.RaftServerConfigKeys (ConfUtils.java:logGet(43)) - raft.server.log.statemachine.data.sync.timeout = 10s (default)
2019-09-09 17:53:29,530 [pool-37-thread-1] INFO  server.RaftServerConfigKeys (ConfUtils.java:logGet(43)) - raft.server.log.queue.byte-limit = 2147483647 (custom)
2019-09-09 17:53:29,532 [pool-27-thread-1] INFO  server.RaftServerConfigKeys (ConfUtils.java:logGet(43)) - raft.server.log.statemachine.data.sync.timeout.retry = -1 (default)
2019-09-09 17:53:29,532 [pool-67-thread-1] INFO  server.RaftServerConfigKeys (ConfUtils.java:logGet(43)) - raft.server.log.queue.byte-limit = 2147483647 (custom)
2019-09-09 17:53:29,534 [pool-37-thread-1] INFO  server.RaftServerConfigKeys (ConfUtils.java:logGet(43)) - raft.server.log.queue.element-limit = 1024 (custom)
2019-09-09 17:53:29,534 [pool-67-thread-1] INFO  server.RaftServerConfigKeys (ConfUtils.java:logGet(43)) - raft.server.log.queue.element-limit = 1024 (custom)
2019-09-09 17:53:29,534 [pool-27-thread-1] INFO  server.RaftServerConfigKeys (ConfUtils.java:logGet(43)) - raft.server.log.statemachine.data.caching.enabled = true (custom)
2019-09-09 17:53:29,535 [pool-67-thread-1] INFO  server.RaftServerConfigKeys (ConfUtils.java:logGet(43)) - raft.server.log.segment.size.max = 1048576 (custom)
2019-09-09 17:53:29,535 [pool-67-thread-1] INFO  server.RaftServerConfigKeys (ConfUtils.java:logGet(43)) - raft.server.log.preallocated.size = 16384 (custom)
2019-09-09 17:53:29,534 [pool-37-thread-1] INFO  server.RaftServerConfigKeys (ConfUtils.java:logGet(43)) - raft.server.log.segment.size.max = 1048576 (custom)
2019-09-09 17:53:29,535 [pool-67-thread-1] INFO  server.RaftServerConfigKeys (ConfUtils.java:logGet(43)) - raft.server.log.write.buffer.size = 33554432 (custom)
2019-09-09 17:53:29,535 [pool-27-thread-1] INFO  segmented.SegmentedRaftLogWorker (SegmentedRaftLogWorker.java:lambda$new$0(132)) - 79992e98-5725-47f9-a11f-d3f2be4c0891-SegmentedRaftLogWorker:Storage Directory /workdir/hadoop-ozone/integration-test/target/test-dir/MiniOzoneClusterImpl-dd65e27b-8d45-4efc-9722-0ebdacca054e/datanode-0/data/ratis/f8a09002-ebc7-4719-808f-7b0b99665cb7: flushIndex: setUnconditionally 0 -> -1
2019-09-09 17:53:29,535 [pool-67-thread-1] INFO  server.RaftServerConfigKeys (ConfUtils.java:logGet(43)) - raft.server.log.force.sync.num = 128 (default)
2019-09-09 17:53:29,535 [pool-37-thread-1] INFO  server.RaftServerConfigKeys (ConfUtils.java:logGet(43)) - raft.server.log.preallocated.size = 16384 (custom)
2019-09-09 17:53:29,536 [pool-67-thread-1] INFO  server.RaftServerConfigKeys (ConfUtils.java:logGet(43)) - raft.server.log.statemachine.data.sync = true (default)
2019-09-09 17:53:29,535 [pool-27-thread-1] INFO  server.RaftServerConfigKeys (ConfUtils.java:logGet(43)) - raft.server.snapshot.auto.trigger.enabled = true (custom)
2019-09-09 17:53:29,536 [pool-67-thread-1] INFO  server.RaftServerConfigKeys (ConfUtils.java:logGet(43)) - raft.server.log.statemachine.data.sync.timeout = 10s (default)
2019-09-09 17:53:29,536 [pool-37-thread-1] INFO  server.RaftServerConfigKeys (ConfUtils.java:logGet(43)) - raft.server.log.write.buffer.size = 33554432 (custom)
2019-09-09 17:53:29,536 [pool-67-thread-1] INFO  server.RaftServerConfigKeys (ConfUtils.java:logGet(43)) - raft.server.log.statemachine.data.sync.timeout.retry = -1 (default)
2019-09-09 17:53:29,536 [pool-27-thread-1] INFO  server.RaftServerConfigKeys (ConfUtils.java:logGet(43)) - raft.server.snapshot.auto.trigger.threshold = 10000 (custom)
2019-09-09 17:53:29,536 [pool-67-thread-1] INFO  server.RaftServerConfigKeys (ConfUtils.java:logGet(43)) - raft.server.log.statemachine.data.caching.enabled = true (custom)
2019-09-09 17:53:29,536 [pool-37-thread-1] INFO  server.RaftServerConfigKeys (ConfUtils.java:logGet(43)) - raft.server.log.force.sync.num = 128 (default)
2019-09-09 17:53:29,537 [pool-37-thread-1] INFO  server.RaftServerConfigKeys (ConfUtils.java:logGet(43)) - raft.server.log.statemachine.data.sync = true (default)
2019-09-09 17:53:29,537 [pool-27-thread-1] INFO  server.RaftServerConfigKeys (ConfUtils.java:logGet(43)) - raft.server.retrycache.expirytime = 600000ms (custom)
2019-09-09 17:53:29,537 [pool-37-thread-1] INFO  server.RaftServerConfigKeys (ConfUtils.java:logGet(43)) - raft.server.log.statemachine.data.sync.timeout = 10s (default)
2019-09-09 17:53:29,537 [pool-67-thread-1] INFO  segmented.SegmentedRaftLogWorker (SegmentedRaftLogWorker.java:lambda$new$0(132)) - a512d24e-7015-49b3-9efc-742152bae316-SegmentedRaftLogWorker:Storage Directory /workdir/hadoop-ozone/integration-test/target/test-dir/MiniOzoneClusterImpl-dd65e27b-8d45-4efc-9722-0ebdacca054e/datanode-4/data/ratis/f8a09002-ebc7-4719-808f-7b0b99665cb7: flushIndex: setUnconditionally 0 -> -1
2019-09-09 17:53:29,537 [pool-27-thread-1] INFO  impl.RaftServerImpl (RaftServerImpl.java:start(180)) - 79992e98-5725-47f9-a11f-d3f2be4c0891: start group-7B0B99665CB7
2019-09-09 17:53:29,537 [pool-37-thread-1] INFO  server.RaftServerConfigKeys (ConfUtils.java:logGet(43)) - raft.server.log.statemachine.data.sync.timeout.retry = -1 (default)
2019-09-09 17:53:29,537 [pool-67-thread-1] INFO  server.RaftServerConfigKeys (ConfUtils.java:logGet(43)) - raft.server.snapshot.auto.trigger.enabled = true (custom)
2019-09-09 17:53:29,537 [pool-27-thread-1] INFO  impl.RaftServerImpl (RaftServerImpl.java:setRole(171)) - 79992e98-5725-47f9-a11f-d3f2be4c0891:group-7B0B99665CB7 changes role from null to FOLLOWER at term 0 for startAsFollower
2019-09-09 17:53:29,538 [pool-67-thread-1] INFO  server.RaftServerConfigKeys (ConfUtils.java:logGet(43)) - raft.server.snapshot.auto.trigger.threshold = 10000 (custom)
2019-09-09 17:53:29,538 [pool-37-thread-1] INFO  server.RaftServerConfigKeys (ConfUtils.java:logGet(43)) - raft.server.log.statemachine.data.caching.enabled = true (custom)
2019-09-09 17:53:29,538 [pool-27-thread-1] INFO  impl.RoleInfo (RoleInfo.java:updateAndGet(143)) - 79992e98-5725-47f9-a11f-d3f2be4c0891: start FollowerState
2019-09-09 17:53:29,538 [pool-37-thread-1] INFO  segmented.SegmentedRaftLogWorker (SegmentedRaftLogWorker.java:lambda$new$0(132)) - 632bc77f-49d2-4ab2-a75d-f92c37ad2325-SegmentedRaftLogWorker:Storage Directory /workdir/hadoop-ozone/integration-test/target/test-dir/MiniOzoneClusterImpl-dd65e27b-8d45-4efc-9722-0ebdacca054e/datanode-1/data/ratis/f8a09002-ebc7-4719-808f-7b0b99665cb7: flushIndex: setUnconditionally 0 -> -1
2019-09-09 17:53:29,538 [pool-67-thread-1] INFO  server.RaftServerConfigKeys (ConfUtils.java:logGet(43)) - raft.server.retrycache.expirytime = 600000ms (custom)
2019-09-09 17:53:29,539 [pool-67-thread-1] INFO  impl.RaftServerImpl (RaftServerImpl.java:start(180)) - a512d24e-7015-49b3-9efc-742152bae316: start group-7B0B99665CB7
2019-09-09 17:53:29,539 [pool-37-thread-1] INFO  server.RaftServerConfigKeys (ConfUtils.java:logGet(43)) - raft.server.snapshot.auto.trigger.enabled = true (custom)
2019-09-09 17:53:29,539 [pool-67-thread-1] INFO  impl.RaftServerImpl (RaftServerImpl.java:setRole(171)) - a512d24e-7015-49b3-9efc-742152bae316:group-7B0B99665CB7 changes role from null to FOLLOWER at term 0 for startAsFollower
2019-09-09 17:53:29,539 [pool-27-thread-1] INFO  util.JmxRegister (JmxRegister.java:tryRegister(44)) - Successfully registered JMX Bean with object name Ratis:service=RaftServer,group=group-7B0B99665CB7,id=79992e98-5725-47f9-a11f-d3f2be4c0891
2019-09-09 17:53:29,539 [pool-67-thread-1] INFO  impl.RoleInfo (RoleInfo.java:updateAndGet(143)) - a512d24e-7015-49b3-9efc-742152bae316: start FollowerState
2019-09-09 17:53:29,539 [pool-37-thread-1] INFO  server.RaftServerConfigKeys (ConfUtils.java:logGet(43)) - raft.server.snapshot.auto.trigger.threshold = 10000 (custom)
2019-09-09 17:53:29,540 [pool-37-thread-1] INFO  server.RaftServerConfigKeys (ConfUtils.java:logGet(43)) - raft.server.retrycache.expirytime = 600000ms (custom)
2019-09-09 17:53:29,540 [pool-67-thread-1] INFO  util.JmxRegister (JmxRegister.java:tryRegister(44)) - Successfully registered JMX Bean with object name Ratis:service=RaftServer,group=group-7B0B99665CB7,id=a512d24e-7015-49b3-9efc-742152bae316
2019-09-09 17:53:29,540 [pool-37-thread-1] INFO  impl.RaftServerImpl (RaftServerImpl.java:start(180)) - 632bc77f-49d2-4ab2-a75d-f92c37ad2325: start group-7B0B99665CB7
2019-09-09 17:53:29,540 [pool-37-thread-1] INFO  impl.RaftServerImpl (RaftServerImpl.java:setRole(171)) - 632bc77f-49d2-4ab2-a75d-f92c37ad2325:group-7B0B99665CB7 changes role from null to FOLLOWER at term 0 for startAsFollower
2019-09-09 17:53:29,540 [pool-37-thread-1] INFO  impl.RoleInfo (RoleInfo.java:updateAndGet(143)) - 632bc77f-49d2-4ab2-a75d-f92c37ad2325: start FollowerState
2019-09-09 17:53:29,541 [pool-37-thread-1] INFO  util.JmxRegister (JmxRegister.java:tryRegister(44)) - Successfully registered JMX Bean with object name Ratis:service=RaftServer,group=group-7B0B99665CB7,id=632bc77f-49d2-4ab2-a75d-f92c37ad2325
2019-09-09 17:53:29,564 [RatisPipelineUtilsThread] INFO  pipeline.PipelineStateManager (PipelineStateManager.java:addPipeline(56)) - Created pipeline Pipeline[ Id: f8a09002-ebc7-4719-808f-7b0b99665cb7, Nodes: a512d24e-7015-49b3-9efc-742152bae316{ip: 192.168.34.39, host: pr-hdds-2102-js77h-2988213663, networkLocation: /default-rack, certSerialId: null}79992e98-5725-47f9-a11f-d3f2be4c0891{ip: 192.168.34.39, host: pr-hdds-2102-js77h-2988213663, networkLocation: /default-rack, certSerialId: null}632bc77f-49d2-4ab2-a75d-f92c37ad2325{ip: 192.168.34.39, host: pr-hdds-2102-js77h-2988213663, networkLocation: /default-rack, certSerialId: null}, Type:RATIS, Factor:THREE, State:OPEN]
2019-09-09 17:53:29,906 | INFO  | SCMAudit | user=jenkins1000 | ip=192.168.34.39 | op=SEND_HEARTBEAT {datanodeUUID=79992e98-5725-47f9-a11f-d3f2be4c0891, command=[]} | ret=SUCCESS |  
2019-09-09 17:53:29,906 | INFO  | SCMAudit | user=jenkins1000 | ip=192.168.34.39 | op=SEND_HEARTBEAT {datanodeUUID=632bc77f-49d2-4ab2-a75d-f92c37ad2325, command=[]} | ret=SUCCESS |  
2019-09-09 17:53:29,971 | INFO  | SCMAudit | user=jenkins1000 | ip=192.168.34.39 | op=SEND_HEARTBEAT {datanodeUUID=30f1fa56-7151-4e7f-b33c-622218368397, command=[]} | ret=SUCCESS |  
2019-09-09 17:53:30,058 | INFO  | SCMAudit | user=jenkins1000 | ip=192.168.34.39 | op=SEND_HEARTBEAT {datanodeUUID=48a6b30f-2754-42eb-8fb1-9557657e4eca, command=[]} | ret=SUCCESS |  
2019-09-09 17:53:30,065 [main] INFO  rpc.RpcClient (RpcClient.java:createVolume(293)) - Creating Volume: testblockoutputstream, with jenkins1000 as owner.
2019-09-09 17:53:30,087 | INFO  | OMAudit | user=jenkins1000 | ip=127.0.0.1 | op=CREATE_VOLUME {admin=jenkins1000, owner=jenkins1000, volume=testblockoutputstream, creationTime=1568051610083, quotaInBytes=1152921504606846976} | ret=SUCCESS |  
2019-09-09 17:53:30,103 | INFO  | OMAudit | user=jenkins1000 | ip=127.0.0.1 | op=READ_VOLUME {volume=testblockoutputstream} | ret=SUCCESS |  
2019-09-09 17:53:30,110 [main] INFO  rpc.RpcClient (RpcClient.java:createBucket(432)) - Creating Bucket: testblockoutputstream/testblockoutputstream, with Versioning false and Storage Type set to DISK and Encryption set to false 
2019-09-09 17:53:30,121 | INFO  | SCMAudit | user=jenkins1000 | ip=192.168.34.39 | op=SEND_HEARTBEAT {datanodeUUID=a512d24e-7015-49b3-9efc-742152bae316, command=[]} | ret=SUCCESS |  
2019-09-09 17:53:30,129 | INFO  | OMAudit | user=jenkins1000 | ip=127.0.0.1 | op=CREATE_BUCKET {volume=testblockoutputstream, bucket=testblockoutputstream, acls=[user:jenkins1000:a[ACCESS], group:default:a[ACCESS]], isVersionEnabled=false, storageType=DISK, creationTime=0} | ret=SUCCESS |  
2019-09-09 17:53:30,131 [main] INFO  impl.MetricsSystemImpl (MetricsSystemImpl.java:init(158)) - XceiverClientMetrics metrics system started (again)
2019-09-09 17:53:30,141 | INFO  | OMAudit | user=jenkins1000 | ip=127.0.0.1 | op=READ_VOLUME {volume=testblockoutputstream} | ret=SUCCESS |  
2019-09-09 17:53:30,148 | INFO  | OMAudit | user=jenkins1000 | ip=127.0.0.1 | op=READ_BUCKET {volume=testblockoutputstream, bucket=testblockoutputstream} | ret=SUCCESS |  
2019-09-09 17:53:30,206 | INFO  | SCMAudit | user=jenkins1000 | ip=192.168.34.39 | op=SEND_HEARTBEAT {datanodeUUID=3e6286ff-ff2d-4683-9fff-89a0aa7b9349, command=[]} | ret=SUCCESS |  
2019-09-09 17:53:30,211 | INFO  | SCMAudit | user=jenkins1000 | ip=192.168.34.39 | op=ALLOCATE_BLOCK {owner=0462c9b7-0e8b-4f31-9ee9-0b0bc5eb8eec, size=800, type=RATIS, factor=THREE} | ret=SUCCESS |  
2019-09-09 17:53:30,245 | INFO  | OMAudit | user=jenkins1000 | ip=127.0.0.1 | op=ALLOCATE_KEY {volume=testblockoutputstream, bucket=testblockoutputstream, key=c85d6910-4103-4ab1-918d-245471f624e0, dataSize=0, replicationType=RATIS, replicationFactor=THREE, keyLocationInfo=null} | ret=SUCCESS |  
2019-09-09 17:53:30,302 | INFO  | SCMAudit | user=jenkins1000 | ip=192.168.34.39 | op=SEND_HEARTBEAT {datanodeUUID=461d5a8a-abc0-4960-ba8e-ca8a6c8b8d3d, command=[]} | ret=SUCCESS |  
2019-09-09 17:53:30,771 | INFO  | SCMAudit | user=jenkins1000 | ip=192.168.34.39 | op=SEND_HEARTBEAT {datanodeUUID=79992e98-5725-47f9-a11f-d3f2be4c0891, command=[]} | ret=SUCCESS |  
2019-09-09 17:53:30,870 | INFO  | SCMAudit | user=jenkins1000 | ip=192.168.34.39 | op=SEND_HEARTBEAT {datanodeUUID=632bc77f-49d2-4ab2-a75d-f92c37ad2325, command=[]} | ret=SUCCESS |  
2019-09-09 17:53:30,873 [Thread-238] INFO  container.ReplicationManager (ReplicationManager.java:start(162)) - Starting Replication Monitor Thread.
2019-09-09 17:53:30,879 [ReplicationMonitor] INFO  container.ReplicationManager (ReplicationManager.java:run(225)) - Replication Monitor Thread took 2 milliseconds for processing 1 containers.
2019-09-09 17:53:30,898 [grpc-default-executor-1] INFO  client.GrpcClientProtocolClient (GrpcClientProtocolClient.java:onNext(255)) - client-E7D07111A96B->a512d24e-7015-49b3-9efc-742152bae316: receive RaftClientReply:client-E7D07111A96B->a512d24e-7015-49b3-9efc-742152bae316@group-7B0B99665CB7, cid=13, FAILED org.apache.ratis.protocol.NotLeaderException: Server a512d24e-7015-49b3-9efc-742152bae316 is not the leader (null). Request must be sent to leader., logIndex=0, commits[a512d24e-7015-49b3-9efc-742152bae316:c-1]
2019-09-09 17:53:30,969 | INFO  | SCMAudit | user=jenkins1000 | ip=192.168.34.39 | op=SEND_HEARTBEAT {datanodeUUID=30f1fa56-7151-4e7f-b33c-622218368397, command=[]} | ret=SUCCESS |  
2019-09-09 17:53:31,042 | INFO  | SCMAudit | user=jenkins1000 | ip=192.168.34.39 | op=SEND_HEARTBEAT {datanodeUUID=48a6b30f-2754-42eb-8fb1-9557657e4eca, command=[]} | ret=SUCCESS |  
2019-09-09 17:53:31,123 | INFO  | SCMAudit | user=jenkins1000 | ip=192.168.34.39 | op=SEND_HEARTBEAT {datanodeUUID=a512d24e-7015-49b3-9efc-742152bae316, command=[]} | ret=SUCCESS |  
2019-09-09 17:53:31,207 | INFO  | SCMAudit | user=jenkins1000 | ip=192.168.34.39 | op=SEND_HEARTBEAT {datanodeUUID=3e6286ff-ff2d-4683-9fff-89a0aa7b9349, command=[]} | ret=SUCCESS |  
2019-09-09 17:53:31,286 | INFO  | SCMAudit | user=jenkins1000 | ip=192.168.34.39 | op=SEND_HEARTBEAT {datanodeUUID=461d5a8a-abc0-4960-ba8e-ca8a6c8b8d3d, command=[]} | ret=SUCCESS |  
2019-09-09 17:53:31,768 | INFO  | SCMAudit | user=jenkins1000 | ip=192.168.34.39 | op=SEND_HEARTBEAT {datanodeUUID=79992e98-5725-47f9-a11f-d3f2be4c0891, command=[]} | ret=SUCCESS |  
2019-09-09 17:53:31,871 | INFO  | SCMAudit | user=jenkins1000 | ip=192.168.34.39 | op=SEND_HEARTBEAT {datanodeUUID=632bc77f-49d2-4ab2-a75d-f92c37ad2325, command=[]} | ret=SUCCESS |  
2019-09-09 17:53:31,933 [grpc-default-executor-0] INFO  client.GrpcClientProtocolClient (GrpcClientProtocolClient.java:onNext(255)) - client-E7D07111A96B->632bc77f-49d2-4ab2-a75d-f92c37ad2325: receive RaftClientReply:client-E7D07111A96B->632bc77f-49d2-4ab2-a75d-f92c37ad2325@group-7B0B99665CB7, cid=13, FAILED org.apache.ratis.protocol.NotLeaderException: Server 632bc77f-49d2-4ab2-a75d-f92c37ad2325 is not the leader (null). Request must be sent to leader., logIndex=0, commits[632bc77f-49d2-4ab2-a75d-f92c37ad2325:c-1]
2019-09-09 17:53:31,981 | INFO  | SCMAudit | user=jenkins1000 | ip=192.168.34.39 | op=SEND_HEARTBEAT {datanodeUUID=30f1fa56-7151-4e7f-b33c-622218368397, command=[]} | ret=SUCCESS |  
2019-09-09 17:53:32,040 | INFO  | SCMAudit | user=jenkins1000 | ip=192.168.34.39 | op=SEND_HEARTBEAT {datanodeUUID=48a6b30f-2754-42eb-8fb1-9557657e4eca, command=[]} | ret=SUCCESS |  
2019-09-09 17:53:32,120 | INFO  | SCMAudit | user=jenkins1000 | ip=192.168.34.39 | op=SEND_HEARTBEAT {datanodeUUID=a512d24e-7015-49b3-9efc-742152bae316, command=[]} | ret=SUCCESS |  
2019-09-09 17:53:32,204 | INFO  | SCMAudit | user=jenkins1000 | ip=192.168.34.39 | op=SEND_HEARTBEAT {datanodeUUID=3e6286ff-ff2d-4683-9fff-89a0aa7b9349, command=[]} | ret=SUCCESS |  
2019-09-09 17:53:32,283 | INFO  | SCMAudit | user=jenkins1000 | ip=192.168.34.39 | op=SEND_HEARTBEAT {datanodeUUID=461d5a8a-abc0-4960-ba8e-ca8a6c8b8d3d, command=[]} | ret=SUCCESS |  
2019-09-09 17:53:32,767 | INFO  | SCMAudit | user=jenkins1000 | ip=192.168.34.39 | op=SEND_HEARTBEAT {datanodeUUID=79992e98-5725-47f9-a11f-d3f2be4c0891, command=[]} | ret=SUCCESS |  
2019-09-09 17:53:32,868 | INFO  | SCMAudit | user=jenkins1000 | ip=192.168.34.39 | op=SEND_HEARTBEAT {datanodeUUID=632bc77f-49d2-4ab2-a75d-f92c37ad2325, command=[]} | ret=SUCCESS |  
2019-09-09 17:53:32,962 [grpc-default-executor-1] INFO  client.GrpcClientProtocolClient (GrpcClientProtocolClient.java:onNext(255)) - client-E7D07111A96B->79992e98-5725-47f9-a11f-d3f2be4c0891: receive RaftClientReply:client-E7D07111A96B->79992e98-5725-47f9-a11f-d3f2be4c0891@group-7B0B99665CB7, cid=13, FAILED org.apache.ratis.protocol.NotLeaderException: Server 79992e98-5725-47f9-a11f-d3f2be4c0891 is not the leader (null). Request must be sent to leader., logIndex=0, commits[79992e98-5725-47f9-a11f-d3f2be4c0891:c-1]
2019-09-09 17:53:32,978 | INFO  | SCMAudit | user=jenkins1000 | ip=192.168.34.39 | op=SEND_HEARTBEAT {datanodeUUID=30f1fa56-7151-4e7f-b33c-622218368397, command=[]} | ret=SUCCESS |  
2019-09-09 17:53:33,041 | INFO  | SCMAudit | user=jenkins1000 | ip=192.168.34.39 | op=SEND_HEARTBEAT {datanodeUUID=48a6b30f-2754-42eb-8fb1-9557657e4eca, command=[]} | ret=SUCCESS |  
2019-09-09 17:53:33,121 | INFO  | SCMAudit | user=jenkins1000 | ip=192.168.34.39 | op=SEND_HEARTBEAT {datanodeUUID=a512d24e-7015-49b3-9efc-742152bae316, command=[]} | ret=SUCCESS |  
2019-09-09 17:53:33,205 | INFO  | SCMAudit | user=jenkins1000 | ip=192.168.34.39 | op=SEND_HEARTBEAT {datanodeUUID=3e6286ff-ff2d-4683-9fff-89a0aa7b9349, command=[]} | ret=SUCCESS |  
2019-09-09 17:53:33,283 | INFO  | SCMAudit | user=jenkins1000 | ip=192.168.34.39 | op=SEND_HEARTBEAT {datanodeUUID=461d5a8a-abc0-4960-ba8e-ca8a6c8b8d3d, command=[]} | ret=SUCCESS |  
2019-09-09 17:53:33,686 [Thread-240] INFO  impl.FollowerState (FollowerState.java:run(106)) - 79992e98-5725-47f9-a11f-d3f2be4c0891:group-31AF8955D734 changes to CANDIDATE, lastRpcTime:5013, electionTimeout:5012ms
2019-09-09 17:53:33,690 [Thread-240] INFO  impl.RoleInfo (RoleInfo.java:shutdownFollowerState(121)) - 79992e98-5725-47f9-a11f-d3f2be4c0891: shutdown FollowerState
2019-09-09 17:53:33,690 [Thread-240] INFO  impl.RaftServerImpl (RaftServerImpl.java:setRole(171)) - 79992e98-5725-47f9-a11f-d3f2be4c0891:group-31AF8955D734 changes role from FOLLOWER to CANDIDATE at term 0 for changeToCandidate
2019-09-09 17:53:33,697 [Thread-240] INFO  impl.RoleInfo (RoleInfo.java:updateAndGet(143)) - 79992e98-5725-47f9-a11f-d3f2be4c0891: start LeaderElection
2019-09-09 17:53:33,718 [79992e98-5725-47f9-a11f-d3f2be4c0891:group-31AF8955D734:LeaderElection1] INFO  impl.LeaderElection (LeaderElection.java:askForVotes(181)) - 79992e98-5725-47f9-a11f-d3f2be4c0891:group-31AF8955D734:LeaderElection1: begin an election at term 1 for -1: [79992e98-5725-47f9-a11f-d3f2be4c0891:192.168.34.39:33116], old=null
2019-09-09 17:53:33,721 [79992e98-5725-47f9-a11f-d3f2be4c0891:group-31AF8955D734:LeaderElection1] INFO  impl.RoleInfo (RoleInfo.java:shutdownLeaderElection(134)) - 79992e98-5725-47f9-a11f-d3f2be4c0891: shutdown LeaderElection
2019-09-09 17:53:33,722 [79992e98-5725-47f9-a11f-d3f2be4c0891:group-31AF8955D734:LeaderElection1] INFO  impl.RaftServerImpl (RaftServerImpl.java:setRole(171)) - 79992e98-5725-47f9-a11f-d3f2be4c0891:group-31AF8955D734 changes role from CANDIDATE to LEADER at term 1 for changeToLeader
2019-09-09 17:53:33,723 [79992e98-5725-47f9-a11f-d3f2be4c0891:group-31AF8955D734:LeaderElection1] INFO  impl.RaftServerImpl (ServerState.java:setLeader(263)) - 79992e98-5725-47f9-a11f-d3f2be4c0891:group-31AF8955D734 change Leader from null to 79992e98-5725-47f9-a11f-d3f2be4c0891 at term 1 for becomeLeader, leader elected after 5157ms
2019-09-09 17:53:33,732 [79992e98-5725-47f9-a11f-d3f2be4c0891:group-31AF8955D734:LeaderElection1] INFO  server.RaftServerConfigKeys (ConfUtils.java:logGet(43)) - raft.server.staging.catchup.gap = 1000 (default)
2019-09-09 17:53:33,732 [79992e98-5725-47f9-a11f-d3f2be4c0891:group-31AF8955D734:LeaderElection1] INFO  server.RaftServerConfigKeys (ConfUtils.java:logGet(43)) - raft.server.rpc.sleep.time = 25ms (default)
2019-09-09 17:53:33,736 [79992e98-5725-47f9-a11f-d3f2be4c0891:group-31AF8955D734:LeaderElection1] INFO  server.RaftServerConfigKeys (ConfUtils.java:logGet(43)) - raft.server.write.element-limit = 4096 (default)
2019-09-09 17:53:33,739 [79992e98-5725-47f9-a11f-d3f2be4c0891:group-31AF8955D734:LeaderElection1] INFO  server.RaftServerConfigKeys (ConfUtils.java:logGet(43)) - raft.server.watch.timeout = 10s (default)
2019-09-09 17:53:33,739 [79992e98-5725-47f9-a11f-d3f2be4c0891:group-31AF8955D734:LeaderElection1] INFO  server.RaftServerConfigKeys (ConfUtils.java:logGet(43)) - raft.server.watch.timeout.denomination = 1s (default)
2019-09-09 17:53:33,740 [79992e98-5725-47f9-a11f-d3f2be4c0891:group-31AF8955D734:LeaderElection1] INFO  server.RaftServerConfigKeys (ConfUtils.java:logGet(43)) - raft.server.watch.element-limit = 65536 (default)
2019-09-09 17:53:33,754 [79992e98-5725-47f9-a11f-d3f2be4c0891:group-31AF8955D734:LeaderElection1] INFO  impl.RoleInfo (RoleInfo.java:updateAndGet(143)) - 79992e98-5725-47f9-a11f-d3f2be4c0891: start LeaderState
2019-09-09 17:53:33,768 | INFO  | SCMAudit | user=jenkins1000 | ip=192.168.34.39 | op=SEND_HEARTBEAT {datanodeUUID=79992e98-5725-47f9-a11f-d3f2be4c0891, command=[]} | ret=SUCCESS |  
2019-09-09 17:53:33,781 [79992e98-5725-47f9-a11f-d3f2be4c0891:group-31AF8955D734:LeaderElection1] INFO  segmented.SegmentedRaftLogWorker (SegmentedRaftLogWorker.java:startLogSegment(380)) - 79992e98-5725-47f9-a11f-d3f2be4c0891-SegmentedRaftLogWorker:Storage Directory /workdir/hadoop-ozone/integration-test/target/test-dir/MiniOzoneClusterImpl-dd65e27b-8d45-4efc-9722-0ebdacca054e/datanode-0/data/ratis/2f94f07d-291e-4dbe-8310-31af8955d734: Starting segment from index:0
2019-09-09 17:53:33,791 [79992e98-5725-47f9-a11f-d3f2be4c0891:group-31AF8955D734:LeaderElection1] INFO  impl.RaftServerImpl (ServerState.java:setRaftConf(361)) - 79992e98-5725-47f9-a11f-d3f2be4c0891:group-31AF8955D734 set configuration 0: [79992e98-5725-47f9-a11f-d3f2be4c0891:192.168.34.39:33116], old=null at 0
2019-09-09 17:53:33,869 | INFO  | SCMAudit | user=jenkins1000 | ip=192.168.34.39 | op=SEND_HEARTBEAT {datanodeUUID=632bc77f-49d2-4ab2-a75d-f92c37ad2325, command=[]} | ret=SUCCESS |  
2019-09-09 17:53:33,967 [Thread-243] INFO  impl.FollowerState (FollowerState.java:run(106)) - 48a6b30f-2754-42eb-8fb1-9557657e4eca:group-010BF5B00ED5 changes to CANDIDATE, lastRpcTime:5077, electionTimeout:5075ms
2019-09-09 17:53:33,971 [Thread-243] INFO  impl.RoleInfo (RoleInfo.java:shutdownFollowerState(121)) - 48a6b30f-2754-42eb-8fb1-9557657e4eca: shutdown FollowerState
2019-09-09 17:53:33,971 [Thread-243] INFO  impl.RaftServerImpl (RaftServerImpl.java:setRole(171)) - 48a6b30f-2754-42eb-8fb1-9557657e4eca:group-010BF5B00ED5 changes role from FOLLOWER to CANDIDATE at term 0 for changeToCandidate
2019-09-09 17:53:33,971 [Thread-243] INFO  impl.RoleInfo (RoleInfo.java:updateAndGet(143)) - 48a6b30f-2754-42eb-8fb1-9557657e4eca: start LeaderElection
2019-09-09 17:53:33,980 | INFO  | SCMAudit | user=jenkins1000 | ip=192.168.34.39 | op=SEND_HEARTBEAT {datanodeUUID=30f1fa56-7151-4e7f-b33c-622218368397, command=[]} | ret=SUCCESS |  
2019-09-09 17:53:33,995 [79992e98-5725-47f9-a11f-d3f2be4c0891-SegmentedRaftLogWorker:Storage Directory /workdir/hadoop-ozone/integration-test/target/test-dir/MiniOzoneClusterImpl-dd65e27b-8d45-4efc-9722-0ebdacca054e/datanode-0/data/ratis/2f94f07d-291e-4dbe-8310-31af8955d734] INFO  segmented.SegmentedRaftLogWorker (SegmentedRaftLogWorker.java:execute(569)) - 79992e98-5725-47f9-a11f-d3f2be4c0891-SegmentedRaftLogWorker:Storage Directory /workdir/hadoop-ozone/integration-test/target/test-dir/MiniOzoneClusterImpl-dd65e27b-8d45-4efc-9722-0ebdacca054e/datanode-0/data/ratis/2f94f07d-291e-4dbe-8310-31af8955d734: created new log segment /workdir/hadoop-ozone/integration-test/target/test-dir/MiniOzoneClusterImpl-dd65e27b-8d45-4efc-9722-0ebdacca054e/datanode-0/data/ratis/2f94f07d-291e-4dbe-8310-31af8955d734/current/log_inprogress_0
2019-09-09 17:53:33,995 [48a6b30f-2754-42eb-8fb1-9557657e4eca:group-010BF5B00ED5:LeaderElection2] INFO  impl.LeaderElection (LeaderElection.java:askForVotes(181)) - 48a6b30f-2754-42eb-8fb1-9557657e4eca:group-010BF5B00ED5:LeaderElection2: begin an election at term 1 for -1: [48a6b30f-2754-42eb-8fb1-9557657e4eca:192.168.34.39:34921], old=null
2019-09-09 17:53:33,998 [48a6b30f-2754-42eb-8fb1-9557657e4eca:group-010BF5B00ED5:LeaderElection2] INFO  impl.RoleInfo (RoleInfo.java:shutdownLeaderElection(134)) - 48a6b30f-2754-42eb-8fb1-9557657e4eca: shutdown LeaderElection
2019-09-09 17:53:33,998 [48a6b30f-2754-42eb-8fb1-9557657e4eca:group-010BF5B00ED5:LeaderElection2] INFO  impl.RaftServerImpl (RaftServerImpl.java:setRole(171)) - 48a6b30f-2754-42eb-8fb1-9557657e4eca:group-010BF5B00ED5 changes role from CANDIDATE to LEADER at term 1 for changeToLeader
2019-09-09 17:53:33,998 [grpc-default-executor-0] INFO  client.GrpcClientProtocolClient (GrpcClientProtocolClient.java:onNext(255)) - client-E7D07111A96B->632bc77f-49d2-4ab2-a75d-f92c37ad2325: receive RaftClientReply:client-E7D07111A96B->632bc77f-49d2-4ab2-a75d-f92c37ad2325@group-7B0B99665CB7, cid=13, FAILED org.apache.ratis.protocol.NotLeaderException: Server 632bc77f-49d2-4ab2-a75d-f92c37ad2325 is not the leader (null). Request must be sent to leader., logIndex=0, commits[632bc77f-49d2-4ab2-a75d-f92c37ad2325:c-1]
2019-09-09 17:53:33,998 [48a6b30f-2754-42eb-8fb1-9557657e4eca:group-010BF5B00ED5:LeaderElection2] INFO  impl.RaftServerImpl (ServerState.java:setLeader(263)) - 48a6b30f-2754-42eb-8fb1-9557657e4eca:group-010BF5B00ED5 change Leader from null to 48a6b30f-2754-42eb-8fb1-9557657e4eca at term 1 for becomeLeader, leader elected after 5114ms
2019-09-09 17:53:34,007 [48a6b30f-2754-42eb-8fb1-9557657e4eca:group-010BF5B00ED5:LeaderElection2] INFO  server.RaftServerConfigKeys (ConfUtils.java:logGet(43)) - raft.server.staging.catchup.gap = 1000 (default)
2019-09-09 17:53:34,007 [48a6b30f-2754-42eb-8fb1-9557657e4eca:group-010BF5B00ED5:LeaderElection2] INFO  server.RaftServerConfigKeys (ConfUtils.java:logGet(43)) - raft.server.rpc.sleep.time = 25ms (default)
2019-09-09 17:53:34,007 [48a6b30f-2754-42eb-8fb1-9557657e4eca:group-010BF5B00ED5:LeaderElection2] INFO  server.RaftServerConfigKeys (ConfUtils.java:logGet(43)) - raft.server.write.element-limit = 4096 (default)
2019-09-09 17:53:34,010 [48a6b30f-2754-42eb-8fb1-9557657e4eca:group-010BF5B00ED5:LeaderElection2] INFO  server.RaftServerConfigKeys (ConfUtils.java:logGet(43)) - raft.server.watch.timeout = 10s (default)
2019-09-09 17:53:34,010 [48a6b30f-2754-42eb-8fb1-9557657e4eca:group-010BF5B00ED5:LeaderElection2] INFO  server.RaftServerConfigKeys (ConfUtils.java:logGet(43)) - raft.server.watch.timeout.denomination = 1s (default)
2019-09-09 17:53:34,010 [48a6b30f-2754-42eb-8fb1-9557657e4eca:group-010BF5B00ED5:LeaderElection2] INFO  server.RaftServerConfigKeys (ConfUtils.java:logGet(43)) - raft.server.watch.element-limit = 65536 (default)
2019-09-09 17:53:34,011 [48a6b30f-2754-42eb-8fb1-9557657e4eca:group-010BF5B00ED5:LeaderElection2] INFO  impl.RoleInfo (RoleInfo.java:updateAndGet(143)) - 48a6b30f-2754-42eb-8fb1-9557657e4eca: start LeaderState
2019-09-09 17:53:34,011 [48a6b30f-2754-42eb-8fb1-9557657e4eca:group-010BF5B00ED5:LeaderElection2] INFO  segmented.SegmentedRaftLogWorker (SegmentedRaftLogWorker.java:startLogSegment(380)) - 48a6b30f-2754-42eb-8fb1-9557657e4eca-SegmentedRaftLogWorker:Storage Directory /workdir/hadoop-ozone/integration-test/target/test-dir/MiniOzoneClusterImpl-dd65e27b-8d45-4efc-9722-0ebdacca054e/datanode-3/data/ratis/c5dc8727-3b7f-433c-83e6-010bf5b00ed5: Starting segment from index:0
2019-09-09 17:53:34,012 [48a6b30f-2754-42eb-8fb1-9557657e4eca:group-010BF5B00ED5:LeaderElection2] INFO  impl.RaftServerImpl (ServerState.java:setRaftConf(361)) - 48a6b30f-2754-42eb-8fb1-9557657e4eca:group-010BF5B00ED5 set configuration 0: [48a6b30f-2754-42eb-8fb1-9557657e4eca:192.168.34.39:34921], old=null at 0
2019-09-09 17:53:34,041 | INFO  | SCMAudit | user=jenkins1000 | ip=192.168.34.39 | op=SEND_HEARTBEAT {datanodeUUID=48a6b30f-2754-42eb-8fb1-9557657e4eca, command=[]} | ret=SUCCESS |  
2019-09-09 17:53:34,055 [48a6b30f-2754-42eb-8fb1-9557657e4eca-SegmentedRaftLogWorker:Storage Directory /workdir/hadoop-ozone/integration-test/target/test-dir/MiniOzoneClusterImpl-dd65e27b-8d45-4efc-9722-0ebdacca054e/datanode-3/data/ratis/c5dc8727-3b7f-433c-83e6-010bf5b00ed5] INFO  segmented.SegmentedRaftLogWorker (SegmentedRaftLogWorker.java:execute(569)) - 48a6b30f-2754-42eb-8fb1-9557657e4eca-SegmentedRaftLogWorker:Storage Directory /workdir/hadoop-ozone/integration-test/target/test-dir/MiniOzoneClusterImpl-dd65e27b-8d45-4efc-9722-0ebdacca054e/datanode-3/data/ratis/c5dc8727-3b7f-433c-83e6-010bf5b00ed5: created new log segment /workdir/hadoop-ozone/integration-test/target/test-dir/MiniOzoneClusterImpl-dd65e27b-8d45-4efc-9722-0ebdacca054e/datanode-3/data/ratis/c5dc8727-3b7f-433c-83e6-010bf5b00ed5/current/log_inprogress_0
2019-09-09 17:53:34,062 [Thread-246] INFO  impl.FollowerState (FollowerState.java:run(106)) - 461d5a8a-abc0-4960-ba8e-ca8a6c8b8d3d:group-455E9D4DC5A5 changes to CANDIDATE, lastRpcTime:5066, electionTimeout:5063ms
2019-09-09 17:53:34,063 [Thread-246] INFO  impl.RoleInfo (RoleInfo.java:shutdownFollowerState(121)) - 461d5a8a-abc0-4960-ba8e-ca8a6c8b8d3d: shutdown FollowerState
2019-09-09 17:53:34,063 [Thread-246] INFO  impl.RaftServerImpl (RaftServerImpl.java:setRole(171)) - 461d5a8a-abc0-4960-ba8e-ca8a6c8b8d3d:group-455E9D4DC5A5 changes role from FOLLOWER to CANDIDATE at term 0 for changeToCandidate
2019-09-09 17:53:34,063 [Thread-246] INFO  impl.RoleInfo (RoleInfo.java:updateAndGet(143)) - 461d5a8a-abc0-4960-ba8e-ca8a6c8b8d3d: start LeaderElection
2019-09-09 17:53:34,082 [461d5a8a-abc0-4960-ba8e-ca8a6c8b8d3d:group-455E9D4DC5A5:LeaderElection3] INFO  impl.LeaderElection (LeaderElection.java:askForVotes(181)) - 461d5a8a-abc0-4960-ba8e-ca8a6c8b8d3d:group-455E9D4DC5A5:LeaderElection3: begin an election at term 1 for -1: [461d5a8a-abc0-4960-ba8e-ca8a6c8b8d3d:192.168.34.39:43551], old=null
2019-09-09 17:53:34,084 [461d5a8a-abc0-4960-ba8e-ca8a6c8b8d3d:group-455E9D4DC5A5:LeaderElection3] INFO  impl.RoleInfo (RoleInfo.java:shutdownLeaderElection(134)) - 461d5a8a-abc0-4960-ba8e-ca8a6c8b8d3d: shutdown LeaderElection
2019-09-09 17:53:34,084 [461d5a8a-abc0-4960-ba8e-ca8a6c8b8d3d:group-455E9D4DC5A5:LeaderElection3] INFO  impl.RaftServerImpl (RaftServerImpl.java:setRole(171)) - 461d5a8a-abc0-4960-ba8e-ca8a6c8b8d3d:group-455E9D4DC5A5 changes role from CANDIDATE to LEADER at term 1 for changeToLeader
2019-09-09 17:53:34,084 [461d5a8a-abc0-4960-ba8e-ca8a6c8b8d3d:group-455E9D4DC5A5:LeaderElection3] INFO  impl.RaftServerImpl (ServerState.java:setLeader(263)) - 461d5a8a-abc0-4960-ba8e-ca8a6c8b8d3d:group-455E9D4DC5A5 change Leader from null to 461d5a8a-abc0-4960-ba8e-ca8a6c8b8d3d at term 1 for becomeLeader, leader elected after 5094ms
2019-09-09 17:53:34,085 [461d5a8a-abc0-4960-ba8e-ca8a6c8b8d3d:group-455E9D4DC5A5:LeaderElection3] INFO  server.RaftServerConfigKeys (ConfUtils.java:logGet(43)) - raft.server.staging.catchup.gap = 1000 (default)
2019-09-09 17:53:34,085 [461d5a8a-abc0-4960-ba8e-ca8a6c8b8d3d:group-455E9D4DC5A5:LeaderElection3] INFO  server.RaftServerConfigKeys (ConfUtils.java:logGet(43)) - raft.server.rpc.sleep.time = 25ms (default)
2019-09-09 17:53:34,085 [461d5a8a-abc0-4960-ba8e-ca8a6c8b8d3d:group-455E9D4DC5A5:LeaderElection3] INFO  server.RaftServerConfigKeys (ConfUtils.java:logGet(43)) - raft.server.write.element-limit = 4096 (default)
2019-09-09 17:53:34,085 [461d5a8a-abc0-4960-ba8e-ca8a6c8b8d3d:group-455E9D4DC5A5:LeaderElection3] INFO  server.RaftServerConfigKeys (ConfUtils.java:logGet(43)) - raft.server.watch.timeout = 10s (default)
2019-09-09 17:53:34,086 [461d5a8a-abc0-4960-ba8e-ca8a6c8b8d3d:group-455E9D4DC5A5:LeaderElection3] INFO  server.RaftServerConfigKeys (ConfUtils.java:logGet(43)) - raft.server.watch.timeout.denomination = 1s (default)
2019-09-09 17:53:34,086 [461d5a8a-abc0-4960-ba8e-ca8a6c8b8d3d:group-455E9D4DC5A5:LeaderElection3] INFO  server.RaftServerConfigKeys (ConfUtils.java:logGet(43)) - raft.server.watch.element-limit = 65536 (default)
2019-09-09 17:53:34,086 [461d5a8a-abc0-4960-ba8e-ca8a6c8b8d3d:group-455E9D4DC5A5:LeaderElection3] INFO  impl.RoleInfo (RoleInfo.java:updateAndGet(143)) - 461d5a8a-abc0-4960-ba8e-ca8a6c8b8d3d: start LeaderState
2019-09-09 17:53:34,086 [461d5a8a-abc0-4960-ba8e-ca8a6c8b8d3d:group-455E9D4DC5A5:LeaderElection3] INFO  segmented.SegmentedRaftLogWorker (SegmentedRaftLogWorker.java:startLogSegment(380)) - 461d5a8a-abc0-4960-ba8e-ca8a6c8b8d3d-SegmentedRaftLogWorker:Storage Directory /workdir/hadoop-ozone/integration-test/target/test-dir/MiniOzoneClusterImpl-dd65e27b-8d45-4efc-9722-0ebdacca054e/datanode-6/data/ratis/8a8dfc02-66dc-40ca-8f93-455e9d4dc5a5: Starting segment from index:0
2019-09-09 17:53:34,087 [461d5a8a-abc0-4960-ba8e-ca8a6c8b8d3d:group-455E9D4DC5A5:LeaderElection3] INFO  impl.RaftServerImpl (ServerState.java:setRaftConf(361)) - 461d5a8a-abc0-4960-ba8e-ca8a6c8b8d3d:group-455E9D4DC5A5 set configuration 0: [461d5a8a-abc0-4960-ba8e-ca8a6c8b8d3d:192.168.34.39:43551], old=null at 0
2019-09-09 17:53:34,122 | INFO  | SCMAudit | user=jenkins1000 | ip=192.168.34.39 | op=SEND_HEARTBEAT {datanodeUUID=a512d24e-7015-49b3-9efc-742152bae316, command=[]} | ret=SUCCESS |  
2019-09-09 17:53:34,125 [461d5a8a-abc0-4960-ba8e-ca8a6c8b8d3d-SegmentedRaftLogWorker:Storage Directory /workdir/hadoop-ozone/integration-test/target/test-dir/MiniOzoneClusterImpl-dd65e27b-8d45-4efc-9722-0ebdacca054e/datanode-6/data/ratis/8a8dfc02-66dc-40ca-8f93-455e9d4dc5a5] INFO  segmented.SegmentedRaftLogWorker (SegmentedRaftLogWorker.java:execute(569)) - 461d5a8a-abc0-4960-ba8e-ca8a6c8b8d3d-SegmentedRaftLogWorker:Storage Directory /workdir/hadoop-ozone/integration-test/target/test-dir/MiniOzoneClusterImpl-dd65e27b-8d45-4efc-9722-0ebdacca054e/datanode-6/data/ratis/8a8dfc02-66dc-40ca-8f93-455e9d4dc5a5: created new log segment /workdir/hadoop-ozone/integration-test/target/test-dir/MiniOzoneClusterImpl-dd65e27b-8d45-4efc-9722-0ebdacca054e/datanode-6/data/ratis/8a8dfc02-66dc-40ca-8f93-455e9d4dc5a5/current/log_inprogress_0
2019-09-09 17:53:34,199 [Thread-249] INFO  impl.FollowerState (FollowerState.java:run(106)) - 30f1fa56-7151-4e7f-b33c-622218368397:group-BFC4C277E80E changes to CANDIDATE, lastRpcTime:5113, electionTimeout:5113ms
2019-09-09 17:53:34,199 [Thread-249] INFO  impl.RoleInfo (RoleInfo.java:shutdownFollowerState(121)) - 30f1fa56-7151-4e7f-b33c-622218368397: shutdown FollowerState
2019-09-09 17:53:34,199 [Thread-249] INFO  impl.RaftServerImpl (RaftServerImpl.java:setRole(171)) - 30f1fa56-7151-4e7f-b33c-622218368397:group-BFC4C277E80E changes role from FOLLOWER to CANDIDATE at term 0 for changeToCandidate
2019-09-09 17:53:34,200 [Thread-249] INFO  impl.RoleInfo (RoleInfo.java:updateAndGet(143)) - 30f1fa56-7151-4e7f-b33c-622218368397: start LeaderElection
2019-09-09 17:53:34,206 | INFO  | SCMAudit | user=jenkins1000 | ip=192.168.34.39 | op=SEND_HEARTBEAT {datanodeUUID=3e6286ff-ff2d-4683-9fff-89a0aa7b9349, command=[]} | ret=SUCCESS |  
2019-09-09 17:53:34,218 [30f1fa56-7151-4e7f-b33c-622218368397:group-BFC4C277E80E:LeaderElection4] INFO  impl.LeaderElection (LeaderElection.java:askForVotes(181)) - 30f1fa56-7151-4e7f-b33c-622218368397:group-BFC4C277E80E:LeaderElection4: begin an election at term 1 for -1: [30f1fa56-7151-4e7f-b33c-622218368397:192.168.34.39:35494], old=null
2019-09-09 17:53:34,220 [30f1fa56-7151-4e7f-b33c-622218368397:group-BFC4C277E80E:LeaderElection4] INFO  impl.RoleInfo (RoleInfo.java:shutdownLeaderElection(134)) - 30f1fa56-7151-4e7f-b33c-622218368397: shutdown LeaderElection
2019-09-09 17:53:34,220 [30f1fa56-7151-4e7f-b33c-622218368397:group-BFC4C277E80E:LeaderElection4] INFO  impl.RaftServerImpl (RaftServerImpl.java:setRole(171)) - 30f1fa56-7151-4e7f-b33c-622218368397:group-BFC4C277E80E changes role from CANDIDATE to LEADER at term 1 for changeToLeader
2019-09-09 17:53:34,221 [30f1fa56-7151-4e7f-b33c-622218368397:group-BFC4C277E80E:LeaderElection4] INFO  impl.RaftServerImpl (ServerState.java:setLeader(263)) - 30f1fa56-7151-4e7f-b33c-622218368397:group-BFC4C277E80E change Leader from null to 30f1fa56-7151-4e7f-b33c-622218368397 at term 1 for becomeLeader, leader elected after 5140ms
2019-09-09 17:53:34,222 [30f1fa56-7151-4e7f-b33c-622218368397:group-BFC4C277E80E:LeaderElection4] INFO  server.RaftServerConfigKeys (ConfUtils.java:logGet(43)) - raft.server.staging.catchup.gap = 1000 (default)
2019-09-09 17:53:34,223 [30f1fa56-7151-4e7f-b33c-622218368397:group-BFC4C277E80E:LeaderElection4] INFO  server.RaftServerConfigKeys (ConfUtils.java:logGet(43)) - raft.server.rpc.sleep.time = 25ms (default)
2019-09-09 17:53:34,223 [30f1fa56-7151-4e7f-b33c-622218368397:group-BFC4C277E80E:LeaderElection4] INFO  server.RaftServerConfigKeys (ConfUtils.java:logGet(43)) - raft.server.write.element-limit = 4096 (default)
2019-09-09 17:53:34,223 [30f1fa56-7151-4e7f-b33c-622218368397:group-BFC4C277E80E:LeaderElection4] INFO  server.RaftServerConfigKeys (ConfUtils.java:logGet(43)) - raft.server.watch.timeout = 10s (default)
2019-09-09 17:53:34,223 [30f1fa56-7151-4e7f-b33c-622218368397:group-BFC4C277E80E:LeaderElection4] INFO  server.RaftServerConfigKeys (ConfUtils.java:logGet(43)) - raft.server.watch.timeout.denomination = 1s (default)
2019-09-09 17:53:34,223 [30f1fa56-7151-4e7f-b33c-622218368397:group-BFC4C277E80E:LeaderElection4] INFO  server.RaftServerConfigKeys (ConfUtils.java:logGet(43)) - raft.server.watch.element-limit = 65536 (default)
2019-09-09 17:53:34,224 [30f1fa56-7151-4e7f-b33c-622218368397:group-BFC4C277E80E:LeaderElection4] INFO  impl.RoleInfo (RoleInfo.java:updateAndGet(143)) - 30f1fa56-7151-4e7f-b33c-622218368397: start LeaderState
2019-09-09 17:53:34,224 [30f1fa56-7151-4e7f-b33c-622218368397:group-BFC4C277E80E:LeaderElection4] INFO  segmented.SegmentedRaftLogWorker (SegmentedRaftLogWorker.java:startLogSegment(380)) - 30f1fa56-7151-4e7f-b33c-622218368397-SegmentedRaftLogWorker:Storage Directory /workdir/hadoop-ozone/integration-test/target/test-dir/MiniOzoneClusterImpl-dd65e27b-8d45-4efc-9722-0ebdacca054e/datanode-2/data/ratis/be75cb32-1f7a-4b11-8b9a-bfc4c277e80e: Starting segment from index:0
2019-09-09 17:53:34,224 [30f1fa56-7151-4e7f-b33c-622218368397:group-BFC4C277E80E:LeaderElection4] INFO  impl.RaftServerImpl (ServerState.java:setRaftConf(361)) - 30f1fa56-7151-4e7f-b33c-622218368397:group-BFC4C277E80E set configuration 0: [30f1fa56-7151-4e7f-b33c-622218368397:192.168.34.39:35494], old=null at 0
2019-09-09 17:53:34,275 [30f1fa56-7151-4e7f-b33c-622218368397-SegmentedRaftLogWorker:Storage Directory /workdir/hadoop-ozone/integration-test/target/test-dir/MiniOzoneClusterImpl-dd65e27b-8d45-4efc-9722-0ebdacca054e/datanode-2/data/ratis/be75cb32-1f7a-4b11-8b9a-bfc4c277e80e] INFO  segmented.SegmentedRaftLogWorker (SegmentedRaftLogWorker.java:execute(569)) - 30f1fa56-7151-4e7f-b33c-622218368397-SegmentedRaftLogWorker:Storage Directory /workdir/hadoop-ozone/integration-test/target/test-dir/MiniOzoneClusterImpl-dd65e27b-8d45-4efc-9722-0ebdacca054e/datanode-2/data/ratis/be75cb32-1f7a-4b11-8b9a-bfc4c277e80e: created new log segment /workdir/hadoop-ozone/integration-test/target/test-dir/MiniOzoneClusterImpl-dd65e27b-8d45-4efc-9722-0ebdacca054e/datanode-2/data/ratis/be75cb32-1f7a-4b11-8b9a-bfc4c277e80e/current/log_inprogress_0
2019-09-09 17:53:34,282 | INFO  | SCMAudit | user=jenkins1000 | ip=192.168.34.39 | op=SEND_HEARTBEAT {datanodeUUID=461d5a8a-abc0-4960-ba8e-ca8a6c8b8d3d, command=[]} | ret=SUCCESS |  
2019-09-09 17:53:34,339 [Thread-252] INFO  impl.FollowerState (FollowerState.java:run(106)) - a512d24e-7015-49b3-9efc-742152bae316:group-C6B8C09B6E74 changes to CANDIDATE, lastRpcTime:5164, electionTimeout:5164ms
2019-09-09 17:53:34,339 [Thread-252] INFO  impl.RoleInfo (RoleInfo.java:shutdownFollowerState(121)) - a512d24e-7015-49b3-9efc-742152bae316: shutdown FollowerState
2019-09-09 17:53:34,339 [Thread-252] INFO  impl.RaftServerImpl (RaftServerImpl.java:setRole(171)) - a512d24e-7015-49b3-9efc-742152bae316:group-C6B8C09B6E74 changes role from FOLLOWER to CANDIDATE at term 0 for changeToCandidate
2019-09-09 17:53:34,340 [Thread-252] INFO  impl.RoleInfo (RoleInfo.java:updateAndGet(143)) - a512d24e-7015-49b3-9efc-742152bae316: start LeaderElection
2019-09-09 17:53:34,359 [a512d24e-7015-49b3-9efc-742152bae316:group-C6B8C09B6E74:LeaderElection5] INFO  impl.LeaderElection (LeaderElection.java:askForVotes(181)) - a512d24e-7015-49b3-9efc-742152bae316:group-C6B8C09B6E74:LeaderElection5: begin an election at term 1 for -1: [a512d24e-7015-49b3-9efc-742152bae316:192.168.34.39:34871], old=null
2019-09-09 17:53:34,361 [a512d24e-7015-49b3-9efc-742152bae316:group-C6B8C09B6E74:LeaderElection5] INFO  impl.RoleInfo (RoleInfo.java:shutdownLeaderElection(134)) - a512d24e-7015-49b3-9efc-742152bae316: shutdown LeaderElection
2019-09-09 17:53:34,361 [a512d24e-7015-49b3-9efc-742152bae316:group-C6B8C09B6E74:LeaderElection5] INFO  impl.RaftServerImpl (RaftServerImpl.java:setRole(171)) - a512d24e-7015-49b3-9efc-742152bae316:group-C6B8C09B6E74 changes role from CANDIDATE to LEADER at term 1 for changeToLeader
2019-09-09 17:53:34,361 [a512d24e-7015-49b3-9efc-742152bae316:group-C6B8C09B6E74:LeaderElection5] INFO  impl.RaftServerImpl (ServerState.java:setLeader(263)) - a512d24e-7015-49b3-9efc-742152bae316:group-C6B8C09B6E74 change Leader from null to a512d24e-7015-49b3-9efc-742152bae316 at term 1 for becomeLeader, leader elected after 5193ms
2019-09-09 17:53:34,364 [a512d24e-7015-49b3-9efc-742152bae316:group-C6B8C09B6E74:LeaderElection5] INFO  server.RaftServerConfigKeys (ConfUtils.java:logGet(43)) - raft.server.staging.catchup.gap = 1000 (default)
2019-09-09 17:53:34,364 [a512d24e-7015-49b3-9efc-742152bae316:group-C6B8C09B6E74:LeaderElection5] INFO  server.RaftServerConfigKeys (ConfUtils.java:logGet(43)) - raft.server.rpc.sleep.time = 25ms (default)
2019-09-09 17:53:34,364 [a512d24e-7015-49b3-9efc-742152bae316:group-C6B8C09B6E74:LeaderElection5] INFO  server.RaftServerConfigKeys (ConfUtils.java:logGet(43)) - raft.server.write.element-limit = 4096 (default)
2019-09-09 17:53:34,364 [a512d24e-7015-49b3-9efc-742152bae316:group-C6B8C09B6E74:LeaderElection5] INFO  server.RaftServerConfigKeys (ConfUtils.java:logGet(43)) - raft.server.watch.timeout = 10s (default)
2019-09-09 17:53:34,364 [a512d24e-7015-49b3-9efc-742152bae316:group-C6B8C09B6E74:LeaderElection5] INFO  server.RaftServerConfigKeys (ConfUtils.java:logGet(43)) - raft.server.watch.timeout.denomination = 1s (default)
2019-09-09 17:53:34,365 [a512d24e-7015-49b3-9efc-742152bae316:group-C6B8C09B6E74:LeaderElection5] INFO  server.RaftServerConfigKeys (ConfUtils.java:logGet(43)) - raft.server.watch.element-limit = 65536 (default)
2019-09-09 17:53:34,365 [a512d24e-7015-49b3-9efc-742152bae316:group-C6B8C09B6E74:LeaderElection5] INFO  impl.RoleInfo (RoleInfo.java:updateAndGet(143)) - a512d24e-7015-49b3-9efc-742152bae316: start LeaderState
2019-09-09 17:53:34,365 [a512d24e-7015-49b3-9efc-742152bae316:group-C6B8C09B6E74:LeaderElection5] INFO  segmented.SegmentedRaftLogWorker (SegmentedRaftLogWorker.java:startLogSegment(380)) - a512d24e-7015-49b3-9efc-742152bae316-SegmentedRaftLogWorker:Storage Directory /workdir/hadoop-ozone/integration-test/target/test-dir/MiniOzoneClusterImpl-dd65e27b-8d45-4efc-9722-0ebdacca054e/datanode-4/data/ratis/3e502682-61da-4a38-a35c-c6b8c09b6e74: Starting segment from index:0
2019-09-09 17:53:34,366 [a512d24e-7015-49b3-9efc-742152bae316:group-C6B8C09B6E74:LeaderElection5] INFO  impl.RaftServerImpl (ServerState.java:setRaftConf(361)) - a512d24e-7015-49b3-9efc-742152bae316:group-C6B8C09B6E74 set configuration 0: [a512d24e-7015-49b3-9efc-742152bae316:192.168.34.39:34871], old=null at 0
2019-09-09 17:53:34,404 [Thread-258] INFO  impl.FollowerState (FollowerState.java:run(106)) - 3e6286ff-ff2d-4683-9fff-89a0aa7b9349:group-77F902481C1E changes to CANDIDATE, lastRpcTime:5077, electionTimeout:5071ms
2019-09-09 17:53:34,404 [Thread-258] INFO  impl.RoleInfo (RoleInfo.java:shutdownFollowerState(121)) - 3e6286ff-ff2d-4683-9fff-89a0aa7b9349: shutdown FollowerState
2019-09-09 17:53:34,404 [Thread-258] INFO  impl.RaftServerImpl (RaftServerImpl.java:setRole(171)) - 3e6286ff-ff2d-4683-9fff-89a0aa7b9349:group-77F902481C1E changes role from FOLLOWER to CANDIDATE at term 0 for changeToCandidate
2019-09-09 17:53:34,405 [Thread-258] INFO  impl.RoleInfo (RoleInfo.java:updateAndGet(143)) - 3e6286ff-ff2d-4683-9fff-89a0aa7b9349: start LeaderElection
2019-09-09 17:53:34,417 [3e6286ff-ff2d-4683-9fff-89a0aa7b9349:group-77F902481C1E:LeaderElection6] INFO  impl.LeaderElection (LeaderElection.java:askForVotes(181)) - 3e6286ff-ff2d-4683-9fff-89a0aa7b9349:group-77F902481C1E:LeaderElection6: begin an election at term 1 for -1: [3e6286ff-ff2d-4683-9fff-89a0aa7b9349:192.168.34.39:37539], old=null
2019-09-09 17:53:34,417 [3e6286ff-ff2d-4683-9fff-89a0aa7b9349:group-77F902481C1E:LeaderElection6] INFO  impl.RoleInfo (RoleInfo.java:shutdownLeaderElection(134)) - 3e6286ff-ff2d-4683-9fff-89a0aa7b9349: shutdown LeaderElection
2019-09-09 17:53:34,421 [a512d24e-7015-49b3-9efc-742152bae316-SegmentedRaftLogWorker:Storage Directory /workdir/hadoop-ozone/integration-test/target/test-dir/MiniOzoneClusterImpl-dd65e27b-8d45-4efc-9722-0ebdacca054e/datanode-4/data/ratis/3e502682-61da-4a38-a35c-c6b8c09b6e74] INFO  segmented.SegmentedRaftLogWorker (SegmentedRaftLogWorker.java:execute(569)) - a512d24e-7015-49b3-9efc-742152bae316-SegmentedRaftLogWorker:Storage Directory /workdir/hadoop-ozone/integration-test/target/test-dir/MiniOzoneClusterImpl-dd65e27b-8d45-4efc-9722-0ebdacca054e/datanode-4/data/ratis/3e502682-61da-4a38-a35c-c6b8c09b6e74: created new log segment /workdir/hadoop-ozone/integration-test/target/test-dir/MiniOzoneClusterImpl-dd65e27b-8d45-4efc-9722-0ebdacca054e/datanode-4/data/ratis/3e502682-61da-4a38-a35c-c6b8c09b6e74/current/log_inprogress_0
2019-09-09 17:53:34,421 [3e6286ff-ff2d-4683-9fff-89a0aa7b9349:group-77F902481C1E:LeaderElection6] INFO  impl.RaftServerImpl (RaftServerImpl.java:setRole(171)) - 3e6286ff-ff2d-4683-9fff-89a0aa7b9349:group-77F902481C1E changes role from CANDIDATE to LEADER at term 1 for changeToLeader
2019-09-09 17:53:34,421 [3e6286ff-ff2d-4683-9fff-89a0aa7b9349:group-77F902481C1E:LeaderElection6] INFO  impl.RaftServerImpl (ServerState.java:setLeader(263)) - 3e6286ff-ff2d-4683-9fff-89a0aa7b9349:group-77F902481C1E change Leader from null to 3e6286ff-ff2d-4683-9fff-89a0aa7b9349 at term 1 for becomeLeader, leader elected after 5099ms
2019-09-09 17:53:34,424 [3e6286ff-ff2d-4683-9fff-89a0aa7b9349:group-77F902481C1E:LeaderElection6] INFO  server.RaftServerConfigKeys (ConfUtils.java:logGet(43)) - raft.server.staging.catchup.gap = 1000 (default)
2019-09-09 17:53:34,424 [3e6286ff-ff2d-4683-9fff-89a0aa7b9349:group-77F902481C1E:LeaderElection6] INFO  server.RaftServerConfigKeys (ConfUtils.java:logGet(43)) - raft.server.rpc.sleep.time = 25ms (default)
2019-09-09 17:53:34,425 [3e6286ff-ff2d-4683-9fff-89a0aa7b9349:group-77F902481C1E:LeaderElection6] INFO  server.RaftServerConfigKeys (ConfUtils.java:logGet(43)) - raft.server.write.element-limit = 4096 (default)
2019-09-09 17:53:34,425 [3e6286ff-ff2d-4683-9fff-89a0aa7b9349:group-77F902481C1E:LeaderElection6] INFO  server.RaftServerConfigKeys (ConfUtils.java:logGet(43)) - raft.server.watch.timeout = 10s (default)
2019-09-09 17:53:34,425 [3e6286ff-ff2d-4683-9fff-89a0aa7b9349:group-77F902481C1E:LeaderElection6] INFO  server.RaftServerConfigKeys (ConfUtils.java:logGet(43)) - raft.server.watch.timeout.denomination = 1s (default)
2019-09-09 17:53:34,425 [3e6286ff-ff2d-4683-9fff-89a0aa7b9349:group-77F902481C1E:LeaderElection6] INFO  server.RaftServerConfigKeys (ConfUtils.java:logGet(43)) - raft.server.watch.element-limit = 65536 (default)
2019-09-09 17:53:34,425 [3e6286ff-ff2d-4683-9fff-89a0aa7b9349:group-77F902481C1E:LeaderElection6] INFO  impl.RoleInfo (RoleInfo.java:updateAndGet(143)) - 3e6286ff-ff2d-4683-9fff-89a0aa7b9349: start LeaderState
2019-09-09 17:53:34,426 [3e6286ff-ff2d-4683-9fff-89a0aa7b9349:group-77F902481C1E:LeaderElection6] INFO  segmented.SegmentedRaftLogWorker (SegmentedRaftLogWorker.java:startLogSegment(380)) - 3e6286ff-ff2d-4683-9fff-89a0aa7b9349-SegmentedRaftLogWorker:Storage Directory /workdir/hadoop-ozone/integration-test/target/test-dir/MiniOzoneClusterImpl-dd65e27b-8d45-4efc-9722-0ebdacca054e/datanode-5/data/ratis/ec608c48-9c70-4181-ab44-77f902481c1e: Starting segment from index:0
2019-09-09 17:53:34,426 [3e6286ff-ff2d-4683-9fff-89a0aa7b9349:group-77F902481C1E:LeaderElection6] INFO  impl.RaftServerImpl (ServerState.java:setRaftConf(361)) - 3e6286ff-ff2d-4683-9fff-89a0aa7b9349:group-77F902481C1E set configuration 0: [3e6286ff-ff2d-4683-9fff-89a0aa7b9349:192.168.34.39:37539], old=null at 0
2019-09-09 17:53:34,462 [Thread-255] INFO  impl.FollowerState (FollowerState.java:run(106)) - 632bc77f-49d2-4ab2-a75d-f92c37ad2325:group-8E1F440992CE changes to CANDIDATE, lastRpcTime:5201, electionTimeout:5186ms
2019-09-09 17:53:34,464 [Thread-266] INFO  impl.FollowerState (FollowerState.java:run(106)) - 30f1fa56-7151-4e7f-b33c-622218368397:group-010076F2FA1A changes to CANDIDATE, lastRpcTime:5033, electionTimeout:5015ms
2019-09-09 17:53:34,464 [Thread-255] INFO  impl.RoleInfo (RoleInfo.java:shutdownFollowerState(121)) - 632bc77f-49d2-4ab2-a75d-f92c37ad2325: shutdown FollowerState
2019-09-09 17:53:34,464 [Thread-266] INFO  impl.RoleInfo (RoleInfo.java:shutdownFollowerState(121)) - 30f1fa56-7151-4e7f-b33c-622218368397: shutdown FollowerState
2019-09-09 17:53:34,464 [Thread-255] INFO  impl.RaftServerImpl (RaftServerImpl.java:setRole(171)) - 632bc77f-49d2-4ab2-a75d-f92c37ad2325:group-8E1F440992CE changes role from FOLLOWER to CANDIDATE at term 0 for changeToCandidate
2019-09-09 17:53:34,465 [Thread-266] INFO  impl.RaftServerImpl (RaftServerImpl.java:setRole(171)) - 30f1fa56-7151-4e7f-b33c-622218368397:group-010076F2FA1A changes role from FOLLOWER to CANDIDATE at term 0 for changeToCandidate
2019-09-09 17:53:34,465 [Thread-255] INFO  impl.RoleInfo (RoleInfo.java:updateAndGet(143)) - 632bc77f-49d2-4ab2-a75d-f92c37ad2325: start LeaderElection
2019-09-09 17:53:34,465 [Thread-266] INFO  impl.RoleInfo (RoleInfo.java:updateAndGet(143)) - 30f1fa56-7151-4e7f-b33c-622218368397: start LeaderElection
2019-09-09 17:53:34,475 [3e6286ff-ff2d-4683-9fff-89a0aa7b9349-SegmentedRaftLogWorker:Storage Directory /workdir/hadoop-ozone/integration-test/target/test-dir/MiniOzoneClusterImpl-dd65e27b-8d45-4efc-9722-0ebdacca054e/datanode-5/data/ratis/ec608c48-9c70-4181-ab44-77f902481c1e] INFO  segmented.SegmentedRaftLogWorker (SegmentedRaftLogWorker.java:execute(569)) - 3e6286ff-ff2d-4683-9fff-89a0aa7b9349-SegmentedRaftLogWorker:Storage Directory /workdir/hadoop-ozone/integration-test/target/test-dir/MiniOzoneClusterImpl-dd65e27b-8d45-4efc-9722-0ebdacca054e/datanode-5/data/ratis/ec608c48-9c70-4181-ab44-77f902481c1e: created new log segment /workdir/hadoop-ozone/integration-test/target/test-dir/MiniOzoneClusterImpl-dd65e27b-8d45-4efc-9722-0ebdacca054e/datanode-5/data/ratis/ec608c48-9c70-4181-ab44-77f902481c1e/current/log_inprogress_0
2019-09-09 17:53:34,487 [632bc77f-49d2-4ab2-a75d-f92c37ad2325:group-8E1F440992CE:LeaderElection7] INFO  impl.LeaderElection (LeaderElection.java:askForVotes(181)) - 632bc77f-49d2-4ab2-a75d-f92c37ad2325:group-8E1F440992CE:LeaderElection7: begin an election at term 1 for -1: [632bc77f-49d2-4ab2-a75d-f92c37ad2325:192.168.34.39:44198], old=null
2019-09-09 17:53:34,487 [30f1fa56-7151-4e7f-b33c-622218368397:group-010076F2FA1A:LeaderElection8] INFO  impl.LeaderElection (LeaderElection.java:askForVotes(181)) - 30f1fa56-7151-4e7f-b33c-622218368397:group-010076F2FA1A:LeaderElection8: begin an election at term 1 for -1: [48a6b30f-2754-42eb-8fb1-9557657e4eca:192.168.34.39:34921, 30f1fa56-7151-4e7f-b33c-622218368397:192.168.34.39:35494, 461d5a8a-abc0-4960-ba8e-ca8a6c8b8d3d:192.168.34.39:43551], old=null
2019-09-09 17:53:34,489 [632bc77f-49d2-4ab2-a75d-f92c37ad2325:group-8E1F440992CE:LeaderElection7] INFO  impl.RoleInfo (RoleInfo.java:shutdownLeaderElection(134)) - 632bc77f-49d2-4ab2-a75d-f92c37ad2325: shutdown LeaderElection
2019-09-09 17:53:34,489 [632bc77f-49d2-4ab2-a75d-f92c37ad2325:group-8E1F440992CE:LeaderElection7] INFO  impl.RaftServerImpl (RaftServerImpl.java:setRole(171)) - 632bc77f-49d2-4ab2-a75d-f92c37ad2325:group-8E1F440992CE changes role from CANDIDATE to LEADER at term 1 for changeToLeader
2019-09-09 17:53:34,489 [632bc77f-49d2-4ab2-a75d-f92c37ad2325:group-8E1F440992CE:LeaderElection7] INFO  impl.RaftServerImpl (ServerState.java:setLeader(263)) - 632bc77f-49d2-4ab2-a75d-f92c37ad2325:group-8E1F440992CE change Leader from null to 632bc77f-49d2-4ab2-a75d-f92c37ad2325 at term 1 for becomeLeader, leader elected after 5234ms
2019-09-09 17:53:34,491 [632bc77f-49d2-4ab2-a75d-f92c37ad2325:group-8E1F440992CE:LeaderElection7] INFO  server.RaftServerConfigKeys (ConfUtils.java:logGet(43)) - raft.server.staging.catchup.gap = 1000 (default)
2019-09-09 17:53:34,491 [632bc77f-49d2-4ab2-a75d-f92c37ad2325:group-8E1F440992CE:LeaderElection7] INFO  server.RaftServerConfigKeys (ConfUtils.java:logGet(43)) - raft.server.rpc.sleep.time = 25ms (default)
2019-09-09 17:53:34,492 [632bc77f-49d2-4ab2-a75d-f92c37ad2325:group-8E1F440992CE:LeaderElection7] INFO  server.RaftServerConfigKeys (ConfUtils.java:logGet(43)) - raft.server.write.element-limit = 4096 (default)
2019-09-09 17:53:34,492 [632bc77f-49d2-4ab2-a75d-f92c37ad2325:group-8E1F440992CE:LeaderElection7] INFO  server.RaftServerConfigKeys (ConfUtils.java:logGet(43)) - raft.server.watch.timeout = 10s (default)
2019-09-09 17:53:34,492 [632bc77f-49d2-4ab2-a75d-f92c37ad2325:group-8E1F440992CE:LeaderElection7] INFO  server.RaftServerConfigKeys (ConfUtils.java:logGet(43)) - raft.server.watch.timeout.denomination = 1s (default)
2019-09-09 17:53:34,492 [632bc77f-49d2-4ab2-a75d-f92c37ad2325:group-8E1F440992CE:LeaderElection7] INFO  server.RaftServerConfigKeys (ConfUtils.java:logGet(43)) - raft.server.watch.element-limit = 65536 (default)
2019-09-09 17:53:34,492 [632bc77f-49d2-4ab2-a75d-f92c37ad2325:group-8E1F440992CE:LeaderElection7] INFO  impl.RoleInfo (RoleInfo.java:updateAndGet(143)) - 632bc77f-49d2-4ab2-a75d-f92c37ad2325: start LeaderState
2019-09-09 17:53:34,493 [632bc77f-49d2-4ab2-a75d-f92c37ad2325:group-8E1F440992CE:LeaderElection7] INFO  segmented.SegmentedRaftLogWorker (SegmentedRaftLogWorker.java:startLogSegment(380)) - 632bc77f-49d2-4ab2-a75d-f92c37ad2325-SegmentedRaftLogWorker:Storage Directory /workdir/hadoop-ozone/integration-test/target/test-dir/MiniOzoneClusterImpl-dd65e27b-8d45-4efc-9722-0ebdacca054e/datanode-1/data/ratis/b58d29a3-a4a1-4da5-9b81-8e1f440992ce: Starting segment from index:0
2019-09-09 17:53:34,493 [632bc77f-49d2-4ab2-a75d-f92c37ad2325:group-8E1F440992CE:LeaderElection7] INFO  impl.RaftServerImpl (ServerState.java:setRaftConf(361)) - 632bc77f-49d2-4ab2-a75d-f92c37ad2325:group-8E1F440992CE set configuration 0: [632bc77f-49d2-4ab2-a75d-f92c37ad2325:192.168.34.39:44198], old=null at 0
2019-09-09 17:53:34,542 [632bc77f-49d2-4ab2-a75d-f92c37ad2325-SegmentedRaftLogWorker:Storage Directory /workdir/hadoop-ozone/integration-test/target/test-dir/MiniOzoneClusterImpl-dd65e27b-8d45-4efc-9722-0ebdacca054e/datanode-1/data/ratis/b58d29a3-a4a1-4da5-9b81-8e1f440992ce] INFO  segmented.SegmentedRaftLogWorker (SegmentedRaftLogWorker.java:execute(569)) - 632bc77f-49d2-4ab2-a75d-f92c37ad2325-SegmentedRaftLogWorker:Storage Directory /workdir/hadoop-ozone/integration-test/target/test-dir/MiniOzoneClusterImpl-dd65e27b-8d45-4efc-9722-0ebdacca054e/datanode-1/data/ratis/b58d29a3-a4a1-4da5-9b81-8e1f440992ce: created new log segment /workdir/hadoop-ozone/integration-test/target/test-dir/MiniOzoneClusterImpl-dd65e27b-8d45-4efc-9722-0ebdacca054e/datanode-1/data/ratis/b58d29a3-a4a1-4da5-9b81-8e1f440992ce/current/log_inprogress_0
2019-09-09 17:53:34,553 [grpc-default-executor-0] INFO  impl.RaftServerImpl (RaftServerImpl.java:setRole(171)) - 461d5a8a-abc0-4960-ba8e-ca8a6c8b8d3d:group-010076F2FA1A changes role from FOLLOWER to FOLLOWER at term 1 for recognizeCandidate:30f1fa56-7151-4e7f-b33c-622218368397
2019-09-09 17:53:34,553 [grpc-default-executor-1] INFO  impl.RaftServerImpl (RaftServerImpl.java:setRole(171)) - 48a6b30f-2754-42eb-8fb1-9557657e4eca:group-010076F2FA1A changes role from FOLLOWER to FOLLOWER at term 1 for recognizeCandidate:30f1fa56-7151-4e7f-b33c-622218368397
2019-09-09 17:53:34,556 [grpc-default-executor-1] INFO  impl.RoleInfo (RoleInfo.java:shutdownFollowerState(121)) - 48a6b30f-2754-42eb-8fb1-9557657e4eca: shutdown FollowerState
2019-09-09 17:53:34,554 [grpc-default-executor-0] INFO  impl.RoleInfo (RoleInfo.java:shutdownFollowerState(121)) - 461d5a8a-abc0-4960-ba8e-ca8a6c8b8d3d: shutdown FollowerState
2019-09-09 17:53:34,556 [grpc-default-executor-1] INFO  impl.RoleInfo (RoleInfo.java:updateAndGet(143)) - 48a6b30f-2754-42eb-8fb1-9557657e4eca: start FollowerState
2019-09-09 17:53:34,556 [grpc-default-executor-0] INFO  impl.RoleInfo (RoleInfo.java:updateAndGet(143)) - 461d5a8a-abc0-4960-ba8e-ca8a6c8b8d3d: start FollowerState
2019-09-09 17:53:34,556 [Thread-261] INFO  impl.FollowerState (FollowerState.java:run(114)) - 461d5a8a-abc0-4960-ba8e-ca8a6c8b8d3d: FollowerState was interrupted: java.lang.InterruptedException: sleep interrupted
2019-09-09 17:53:34,556 [Thread-265] INFO  impl.FollowerState (FollowerState.java:run(114)) - 48a6b30f-2754-42eb-8fb1-9557657e4eca: FollowerState was interrupted: java.lang.InterruptedException: sleep interrupted
2019-09-09 17:53:34,593 [Thread-270] INFO  impl.FollowerState (FollowerState.java:run(106)) - 79992e98-5725-47f9-a11f-d3f2be4c0891:group-7B0B99665CB7 changes to CANDIDATE, lastRpcTime:5055, electionTimeout:5054ms
2019-09-09 17:53:34,596 [Thread-270] INFO  impl.RoleInfo (RoleInfo.java:shutdownFollowerState(121)) - 79992e98-5725-47f9-a11f-d3f2be4c0891: shutdown FollowerState
2019-09-09 17:53:34,596 [Thread-270] INFO  impl.RaftServerImpl (RaftServerImpl.java:setRole(171)) - 79992e98-5725-47f9-a11f-d3f2be4c0891:group-7B0B99665CB7 changes role from FOLLOWER to CANDIDATE at term 0 for changeToCandidate
2019-09-09 17:53:34,596 [Thread-270] INFO  impl.RoleInfo (RoleInfo.java:updateAndGet(143)) - 79992e98-5725-47f9-a11f-d3f2be4c0891: start LeaderElection
2019-09-09 17:53:34,603 [30f1fa56-7151-4e7f-b33c-622218368397:group-010076F2FA1A:LeaderElection8] INFO  impl.LeaderElection (LeaderElection.java:logAndReturn(56)) - 30f1fa56-7151-4e7f-b33c-622218368397:group-010076F2FA1A:LeaderElection8: Election PASSED; received 1 response(s) [30f1fa56-7151-4e7f-b33c-622218368397<-48a6b30f-2754-42eb-8fb1-9557657e4eca#0:OK-t1] and 0 exception(s); 30f1fa56-7151-4e7f-b33c-622218368397:t1, leader=null, voted=30f1fa56-7151-4e7f-b33c-622218368397, raftlog=30f1fa56-7151-4e7f-b33c-622218368397-SegmentedRaftLog:OPENED:c-1,f-1,i0, conf=-1: [48a6b30f-2754-42eb-8fb1-9557657e4eca:192.168.34.39:34921, 30f1fa56-7151-4e7f-b33c-622218368397:192.168.34.39:35494, 461d5a8a-abc0-4960-ba8e-ca8a6c8b8d3d:192.168.34.39:43551], old=null
2019-09-09 17:53:34,603 [30f1fa56-7151-4e7f-b33c-622218368397:group-010076F2FA1A:LeaderElection8] INFO  impl.RoleInfo (RoleInfo.java:shutdownLeaderElection(134)) - 30f1fa56-7151-4e7f-b33c-622218368397: shutdown LeaderElection
2019-09-09 17:53:34,603 [30f1fa56-7151-4e7f-b33c-622218368397:group-010076F2FA1A:LeaderElection8] INFO  impl.RaftServerImpl (RaftServerImpl.java:setRole(171)) - 30f1fa56-7151-4e7f-b33c-622218368397:group-010076F2FA1A changes role from CANDIDATE to LEADER at term 1 for changeToLeader
2019-09-09 17:53:34,603 [30f1fa56-7151-4e7f-b33c-622218368397:group-010076F2FA1A:LeaderElection8] INFO  impl.RaftServerImpl (ServerState.java:setLeader(263)) - 30f1fa56-7151-4e7f-b33c-622218368397:group-010076F2FA1A change Leader from null to 30f1fa56-7151-4e7f-b33c-622218368397 at term 1 for becomeLeader, leader elected after 5187ms
2019-09-09 17:53:34,605 [30f1fa56-7151-4e7f-b33c-622218368397:group-010076F2FA1A:LeaderElection8] INFO  server.RaftServerConfigKeys (ConfUtils.java:logGet(43)) - raft.server.staging.catchup.gap = 1000 (default)
2019-09-09 17:53:34,607 [30f1fa56-7151-4e7f-b33c-622218368397:group-010076F2FA1A:LeaderElection8] INFO  server.RaftServerConfigKeys (ConfUtils.java:logGet(43)) - raft.server.rpc.sleep.time = 25ms (default)
2019-09-09 17:53:34,608 [30f1fa56-7151-4e7f-b33c-622218368397:group-010076F2FA1A:LeaderElection8] INFO  server.RaftServerConfigKeys (ConfUtils.java:logGet(43)) - raft.server.write.element-limit = 4096 (default)
2019-09-09 17:53:34,608 [30f1fa56-7151-4e7f-b33c-622218368397:group-010076F2FA1A:LeaderElection8] INFO  server.RaftServerConfigKeys (ConfUtils.java:logGet(43)) - raft.server.watch.timeout = 10s (default)
2019-09-09 17:53:34,608 [30f1fa56-7151-4e7f-b33c-622218368397:group-010076F2FA1A:LeaderElection8] INFO  server.RaftServerConfigKeys (ConfUtils.java:logGet(43)) - raft.server.watch.timeout.denomination = 1s (default)
2019-09-09 17:53:34,608 [30f1fa56-7151-4e7f-b33c-622218368397:group-010076F2FA1A:LeaderElection8] INFO  server.RaftServerConfigKeys (ConfUtils.java:logGet(43)) - raft.server.watch.element-limit = 65536 (default)
2019-09-09 17:53:34,611 [30f1fa56-7151-4e7f-b33c-622218368397:group-010076F2FA1A:LeaderElection8] INFO  server.RaftServerConfigKeys (ConfUtils.java:logGet(43)) - raft.server.log.appender.snapshot.chunk.size.max = 16MB (=16777216) (default)
2019-09-09 17:53:34,611 [30f1fa56-7151-4e7f-b33c-622218368397:group-010076F2FA1A:LeaderElection8] INFO  server.RaftServerConfigKeys (ConfUtils.java:logGet(43)) - raft.server.log.appender.buffer.byte-limit = 33554432 (custom)
2019-09-09 17:53:34,612 [30f1fa56-7151-4e7f-b33c-622218368397:group-010076F2FA1A:LeaderElection8] INFO  server.RaftServerConfigKeys (ConfUtils.java:logGet(43)) - raft.server.log.appender.buffer.element-limit = 1 (custom)
2019-09-09 17:53:34,614 [79992e98-5725-47f9-a11f-d3f2be4c0891:group-7B0B99665CB7:LeaderElection9] INFO  impl.LeaderElection (LeaderElection.java:askForVotes(181)) - 79992e98-5725-47f9-a11f-d3f2be4c0891:group-7B0B99665CB7:LeaderElection9: begin an election at term 1 for -1: [79992e98-5725-47f9-a11f-d3f2be4c0891:192.168.34.39:33116, 632bc77f-49d2-4ab2-a75d-f92c37ad2325:192.168.34.39:44198, a512d24e-7015-49b3-9efc-742152bae316:192.168.34.39:34871], old=null
2019-09-09 17:53:34,617 [30f1fa56-7151-4e7f-b33c-622218368397:group-010076F2FA1A:LeaderElection8] INFO  grpc.GrpcConfigKeys$Server (ConfUtils.java:logGet(43)) - raft.grpc.server.leader.outstanding.appends.max = 128 (default)
2019-09-09 17:53:34,624 [30f1fa56-7151-4e7f-b33c-622218368397:group-010076F2FA1A:LeaderElection8] INFO  server.RaftServerConfigKeys (ConfUtils.java:logGet(43)) - raft.server.rpc.request.timeout = 3000ms (default)
2019-09-09 17:53:34,625 [30f1fa56-7151-4e7f-b33c-622218368397:group-010076F2FA1A:LeaderElection8] INFO  server.RaftServerConfigKeys (ConfUtils.java:logGet(43)) - raft.server.log.appender.install.snapshot.enabled = false (custom)
2019-09-09 17:53:34,625 [30f1fa56-7151-4e7f-b33c-622218368397:group-010076F2FA1A:LeaderElection8] INFO  server.RaftServerConfigKeys (ConfUtils.java:logGet(43)) - raft.server.log.appender.snapshot.chunk.size.max = 16MB (=16777216) (default)
2019-09-09 17:53:34,631 [30f1fa56-7151-4e7f-b33c-622218368397:group-010076F2FA1A:LeaderElection8] INFO  server.RaftServerConfigKeys (ConfUtils.java:logGet(43)) - raft.server.log.appender.buffer.byte-limit = 33554432 (custom)
2019-09-09 17:53:34,632 [30f1fa56-7151-4e7f-b33c-622218368397:group-010076F2FA1A:LeaderElection8] INFO  server.RaftServerConfigKeys (ConfUtils.java:logGet(43)) - raft.server.log.appender.buffer.element-limit = 1 (custom)
2019-09-09 17:53:34,634 [30f1fa56-7151-4e7f-b33c-622218368397:group-010076F2FA1A:LeaderElection8] INFO  grpc.GrpcConfigKeys$Server (ConfUtils.java:logGet(43)) - raft.grpc.server.leader.outstanding.appends.max = 128 (default)
2019-09-09 17:53:34,634 [30f1fa56-7151-4e7f-b33c-622218368397:group-010076F2FA1A:LeaderElection8] INFO  server.RaftServerConfigKeys (ConfUtils.java:logGet(43)) - raft.server.rpc.request.timeout = 3000ms (default)
2019-09-09 17:53:34,635 [30f1fa56-7151-4e7f-b33c-622218368397:group-010076F2FA1A:LeaderElection8] INFO  server.RaftServerConfigKeys (ConfUtils.java:logGet(43)) - raft.server.log.appender.install.snapshot.enabled = false (custom)
2019-09-09 17:53:34,636 [30f1fa56-7151-4e7f-b33c-622218368397:group-010076F2FA1A:LeaderElection8] INFO  impl.RoleInfo (RoleInfo.java:updateAndGet(143)) - 30f1fa56-7151-4e7f-b33c-622218368397: start LeaderState
2019-09-09 17:53:34,637 [30f1fa56-7151-4e7f-b33c-622218368397:group-010076F2FA1A:LeaderElection8] INFO  segmented.SegmentedRaftLogWorker (SegmentedRaftLogWorker.java:startLogSegment(380)) - 30f1fa56-7151-4e7f-b33c-622218368397-SegmentedRaftLogWorker:Storage Directory /workdir/hadoop-ozone/integration-test/target/test-dir/MiniOzoneClusterImpl-dd65e27b-8d45-4efc-9722-0ebdacca054e/datanode-2/data/ratis/fc58d2ef-dd05-4008-8fe2-010076f2fa1a: Starting segment from index:0
2019-09-09 17:53:34,638 [30f1fa56-7151-4e7f-b33c-622218368397:group-010076F2FA1A:LeaderElection8] INFO  impl.RaftServerImpl (ServerState.java:setRaftConf(361)) - 30f1fa56-7151-4e7f-b33c-622218368397:group-010076F2FA1A set configuration 0: [48a6b30f-2754-42eb-8fb1-9557657e4eca:192.168.34.39:34921, 30f1fa56-7151-4e7f-b33c-622218368397:192.168.34.39:35494, 461d5a8a-abc0-4960-ba8e-ca8a6c8b8d3d:192.168.34.39:43551], old=null at 0
2019-09-09 17:53:34,694 [grpc-default-executor-0] INFO  impl.RaftServerImpl (RaftServerImpl.java:setRole(171)) - 632bc77f-49d2-4ab2-a75d-f92c37ad2325:group-7B0B99665CB7 changes role from FOLLOWER to FOLLOWER at term 1 for recognizeCandidate:79992e98-5725-47f9-a11f-d3f2be4c0891
2019-09-09 17:53:34,694 [grpc-default-executor-1] INFO  impl.RaftServerImpl (RaftServerImpl.java:setRole(171)) - a512d24e-7015-49b3-9efc-742152bae316:group-7B0B99665CB7 changes role from FOLLOWER to FOLLOWER at term 1 for recognizeCandidate:79992e98-5725-47f9-a11f-d3f2be4c0891
2019-09-09 17:53:34,694 [grpc-default-executor-1] INFO  impl.RoleInfo (RoleInfo.java:shutdownFollowerState(121)) - a512d24e-7015-49b3-9efc-742152bae316: shutdown FollowerState
2019-09-09 17:53:34,694 [grpc-default-executor-0] INFO  impl.RoleInfo (RoleInfo.java:shutdownFollowerState(121)) - 632bc77f-49d2-4ab2-a75d-f92c37ad2325: shutdown FollowerState
2019-09-09 17:53:34,695 [grpc-default-executor-1] INFO  impl.RoleInfo (RoleInfo.java:updateAndGet(143)) - a512d24e-7015-49b3-9efc-742152bae316: start FollowerState
2019-09-09 17:53:34,695 [Thread-272] INFO  impl.FollowerState (FollowerState.java:run(114)) - a512d24e-7015-49b3-9efc-742152bae316: FollowerState was interrupted: java.lang.InterruptedException: sleep interrupted
2019-09-09 17:53:34,695 [Thread-276] INFO  impl.FollowerState (FollowerState.java:run(114)) - 632bc77f-49d2-4ab2-a75d-f92c37ad2325: FollowerState was interrupted: java.lang.InterruptedException: sleep interrupted
2019-09-09 17:53:34,695 [grpc-default-executor-0] INFO  impl.RoleInfo (RoleInfo.java:updateAndGet(143)) - 632bc77f-49d2-4ab2-a75d-f92c37ad2325: start FollowerState
2019-09-09 17:53:34,702 [30f1fa56-7151-4e7f-b33c-622218368397-SegmentedRaftLogWorker:Storage Directory /workdir/hadoop-ozone/integration-test/target/test-dir/MiniOzoneClusterImpl-dd65e27b-8d45-4efc-9722-0ebdacca054e/datanode-2/data/ratis/fc58d2ef-dd05-4008-8fe2-010076f2fa1a] INFO  segmented.SegmentedRaftLogWorker (SegmentedRaftLogWorker.java:execute(569)) - 30f1fa56-7151-4e7f-b33c-622218368397-SegmentedRaftLogWorker:Storage Directory /workdir/hadoop-ozone/integration-test/target/test-dir/MiniOzoneClusterImpl-dd65e27b-8d45-4efc-9722-0ebdacca054e/datanode-2/data/ratis/fc58d2ef-dd05-4008-8fe2-010076f2fa1a: created new log segment /workdir/hadoop-ozone/integration-test/target/test-dir/MiniOzoneClusterImpl-dd65e27b-8d45-4efc-9722-0ebdacca054e/datanode-2/data/ratis/fc58d2ef-dd05-4008-8fe2-010076f2fa1a/current/log_inprogress_0
2019-09-09 17:53:34,718 [grpc-default-executor-3] INFO  impl.RaftServerImpl (ServerState.java:setLeader(263)) - 461d5a8a-abc0-4960-ba8e-ca8a6c8b8d3d:group-010076F2FA1A change Leader from null to 30f1fa56-7151-4e7f-b33c-622218368397 at term 1 for appendEntries, leader elected after 5302ms
2019-09-09 17:53:34,720 [grpc-default-executor-2] INFO  impl.RaftServerImpl (ServerState.java:setLeader(263)) - 48a6b30f-2754-42eb-8fb1-9557657e4eca:group-010076F2FA1A change Leader from null to 30f1fa56-7151-4e7f-b33c-622218368397 at term 1 for appendEntries, leader elected after 5304ms
2019-09-09 17:53:34,733 [79992e98-5725-47f9-a11f-d3f2be4c0891:group-7B0B99665CB7:LeaderElection9] INFO  impl.LeaderElection (LeaderElection.java:logAndReturn(56)) - 79992e98-5725-47f9-a11f-d3f2be4c0891:group-7B0B99665CB7:LeaderElection9: Election PASSED; received 1 response(s) [79992e98-5725-47f9-a11f-d3f2be4c0891<-a512d24e-7015-49b3-9efc-742152bae316#0:OK-t1] and 0 exception(s); 79992e98-5725-47f9-a11f-d3f2be4c0891:t1, leader=null, voted=79992e98-5725-47f9-a11f-d3f2be4c0891, raftlog=79992e98-5725-47f9-a11f-d3f2be4c0891-SegmentedRaftLog:OPENED:c-1,f-1,i0, conf=-1: [79992e98-5725-47f9-a11f-d3f2be4c0891:192.168.34.39:33116, 632bc77f-49d2-4ab2-a75d-f92c37ad2325:192.168.34.39:44198, a512d24e-7015-49b3-9efc-742152bae316:192.168.34.39:34871], old=null
2019-09-09 17:53:34,733 [79992e98-5725-47f9-a11f-d3f2be4c0891:group-7B0B99665CB7:LeaderElection9] INFO  impl.RoleInfo (RoleInfo.java:shutdownLeaderElection(134)) - 79992e98-5725-47f9-a11f-d3f2be4c0891: shutdown LeaderElection
2019-09-09 17:53:34,733 [79992e98-5725-47f9-a11f-d3f2be4c0891:group-7B0B99665CB7:LeaderElection9] INFO  impl.RaftServerImpl (RaftServerImpl.java:setRole(171)) - 79992e98-5725-47f9-a11f-d3f2be4c0891:group-7B0B99665CB7 changes role from CANDIDATE to LEADER at term 1 for changeToLeader
2019-09-09 17:53:34,737 [79992e98-5725-47f9-a11f-d3f2be4c0891:group-7B0B99665CB7:LeaderElection9] INFO  impl.RaftServerImpl (ServerState.java:setLeader(263)) - 79992e98-5725-47f9-a11f-d3f2be4c0891:group-7B0B99665CB7 change Leader from null to 79992e98-5725-47f9-a11f-d3f2be4c0891 at term 1 for becomeLeader, leader elected after 5213ms
2019-09-09 17:53:34,738 [79992e98-5725-47f9-a11f-d3f2be4c0891:group-7B0B99665CB7:LeaderElection9] INFO  server.RaftServerConfigKeys (ConfUtils.java:logGet(43)) - raft.server.staging.catchup.gap = 1000 (default)
2019-09-09 17:53:34,738 [79992e98-5725-47f9-a11f-d3f2be4c0891:group-7B0B99665CB7:LeaderElection9] INFO  server.RaftServerConfigKeys (ConfUtils.java:logGet(43)) - raft.server.rpc.sleep.time = 25ms (default)
2019-09-09 17:53:34,738 [79992e98-5725-47f9-a11f-d3f2be4c0891:group-7B0B99665CB7:LeaderElection9] INFO  server.RaftServerConfigKeys (ConfUtils.java:logGet(43)) - raft.server.write.element-limit = 4096 (default)
2019-09-09 17:53:34,740 [79992e98-5725-47f9-a11f-d3f2be4c0891:group-7B0B99665CB7:LeaderElection9] INFO  server.RaftServerConfigKeys (ConfUtils.java:logGet(43)) - raft.server.watch.timeout = 10s (default)
2019-09-09 17:53:34,740 [79992e98-5725-47f9-a11f-d3f2be4c0891:group-7B0B99665CB7:LeaderElection9] INFO  server.RaftServerConfigKeys (ConfUtils.java:logGet(43)) - raft.server.watch.timeout.denomination = 1s (default)
2019-09-09 17:53:34,740 [79992e98-5725-47f9-a11f-d3f2be4c0891:group-7B0B99665CB7:LeaderElection9] INFO  server.RaftServerConfigKeys (ConfUtils.java:logGet(43)) - raft.server.watch.element-limit = 65536 (default)
2019-09-09 17:53:34,740 [79992e98-5725-47f9-a11f-d3f2be4c0891:group-7B0B99665CB7:LeaderElection9] INFO  server.RaftServerConfigKeys (ConfUtils.java:logGet(43)) - raft.server.log.appender.snapshot.chunk.size.max = 16MB (=16777216) (default)
2019-09-09 17:53:34,741 [79992e98-5725-47f9-a11f-d3f2be4c0891:group-7B0B99665CB7:LeaderElection9] INFO  server.RaftServerConfigKeys (ConfUtils.java:logGet(43)) - raft.server.log.appender.buffer.byte-limit = 33554432 (custom)
2019-09-09 17:53:34,741 [79992e98-5725-47f9-a11f-d3f2be4c0891:group-7B0B99665CB7:LeaderElection9] INFO  server.RaftServerConfigKeys (ConfUtils.java:logGet(43)) - raft.server.log.appender.buffer.element-limit = 1 (custom)
2019-09-09 17:53:34,741 [79992e98-5725-47f9-a11f-d3f2be4c0891:group-7B0B99665CB7:LeaderElection9] INFO  grpc.GrpcConfigKeys$Server (ConfUtils.java:logGet(43)) - raft.grpc.server.leader.outstanding.appends.max = 128 (default)
2019-09-09 17:53:34,743 [79992e98-5725-47f9-a11f-d3f2be4c0891:group-7B0B99665CB7:LeaderElection9] INFO  server.RaftServerConfigKeys (ConfUtils.java:logGet(43)) - raft.server.rpc.request.timeout = 3000ms (default)
2019-09-09 17:53:34,743 [79992e98-5725-47f9-a11f-d3f2be4c0891:group-7B0B99665CB7:LeaderElection9] INFO  server.RaftServerConfigKeys (ConfUtils.java:logGet(43)) - raft.server.log.appender.install.snapshot.enabled = false (custom)
2019-09-09 17:53:34,743 [79992e98-5725-47f9-a11f-d3f2be4c0891:group-7B0B99665CB7:LeaderElection9] INFO  server.RaftServerConfigKeys (ConfUtils.java:logGet(43)) - raft.server.log.appender.snapshot.chunk.size.max = 16MB (=16777216) (default)
2019-09-09 17:53:34,743 [79992e98-5725-47f9-a11f-d3f2be4c0891:group-7B0B99665CB7:LeaderElection9] INFO  server.RaftServerConfigKeys (ConfUtils.java:logGet(43)) - raft.server.log.appender.buffer.byte-limit = 33554432 (custom)
2019-09-09 17:53:34,746 [79992e98-5725-47f9-a11f-d3f2be4c0891:group-7B0B99665CB7:LeaderElection9] INFO  server.RaftServerConfigKeys (ConfUtils.java:logGet(43)) - raft.server.log.appender.buffer.element-limit = 1 (custom)
2019-09-09 17:53:34,746 [79992e98-5725-47f9-a11f-d3f2be4c0891:group-7B0B99665CB7:LeaderElection9] INFO  grpc.GrpcConfigKeys$Server (ConfUtils.java:logGet(43)) - raft.grpc.server.leader.outstanding.appends.max = 128 (default)
2019-09-09 17:53:34,747 [79992e98-5725-47f9-a11f-d3f2be4c0891:group-7B0B99665CB7:LeaderElection9] INFO  server.RaftServerConfigKeys (ConfUtils.java:logGet(43)) - raft.server.rpc.request.timeout = 3000ms (default)
2019-09-09 17:53:34,747 [79992e98-5725-47f9-a11f-d3f2be4c0891:group-7B0B99665CB7:LeaderElection9] INFO  server.RaftServerConfigKeys (ConfUtils.java:logGet(43)) - raft.server.log.appender.install.snapshot.enabled = false (custom)
2019-09-09 17:53:34,747 [79992e98-5725-47f9-a11f-d3f2be4c0891:group-7B0B99665CB7:LeaderElection9] INFO  impl.RoleInfo (RoleInfo.java:updateAndGet(143)) - 79992e98-5725-47f9-a11f-d3f2be4c0891: start LeaderState
2019-09-09 17:53:34,747 [79992e98-5725-47f9-a11f-d3f2be4c0891:group-7B0B99665CB7:LeaderElection9] INFO  segmented.SegmentedRaftLogWorker (SegmentedRaftLogWorker.java:startLogSegment(380)) - 79992e98-5725-47f9-a11f-d3f2be4c0891-SegmentedRaftLogWorker:Storage Directory /workdir/hadoop-ozone/integration-test/target/test-dir/MiniOzoneClusterImpl-dd65e27b-8d45-4efc-9722-0ebdacca054e/datanode-0/data/ratis/f8a09002-ebc7-4719-808f-7b0b99665cb7: Starting segment from index:0
2019-09-09 17:53:34,748 [79992e98-5725-47f9-a11f-d3f2be4c0891:group-7B0B99665CB7:LeaderElection9] INFO  impl.RaftServerImpl (ServerState.java:setRaftConf(361)) - 79992e98-5725-47f9-a11f-d3f2be4c0891:group-7B0B99665CB7 set configuration 0: [79992e98-5725-47f9-a11f-d3f2be4c0891:192.168.34.39:33116, 632bc77f-49d2-4ab2-a75d-f92c37ad2325:192.168.34.39:44198, a512d24e-7015-49b3-9efc-742152bae316:192.168.34.39:34871], old=null at 0
2019-09-09 17:53:34,790 | INFO  | SCMAudit | user=jenkins1000 | ip=192.168.34.39 | op=SEND_HEARTBEAT {datanodeUUID=79992e98-5725-47f9-a11f-d3f2be4c0891, command=[]} | ret=SUCCESS |  
2019-09-09 17:53:34,792 [grpc-default-executor-0] INFO  impl.RaftServerImpl (ServerState.java:setLeader(263)) - 632bc77f-49d2-4ab2-a75d-f92c37ad2325:group-7B0B99665CB7 change Leader from null to 79992e98-5725-47f9-a11f-d3f2be4c0891 at term 1 for appendEntries, leader elected after 5267ms
2019-09-09 17:53:34,796 [grpc-default-executor-3] INFO  impl.RaftServerImpl (ServerState.java:setLeader(263)) - a512d24e-7015-49b3-9efc-742152bae316:group-7B0B99665CB7 change Leader from null to 79992e98-5725-47f9-a11f-d3f2be4c0891 at term 1 for appendEntries, leader elected after 5271ms
2019-09-09 17:53:34,807 [79992e98-5725-47f9-a11f-d3f2be4c0891-SegmentedRaftLogWorker:Storage Directory /workdir/hadoop-ozone/integration-test/target/test-dir/MiniOzoneClusterImpl-dd65e27b-8d45-4efc-9722-0ebdacca054e/datanode-0/data/ratis/f8a09002-ebc7-4719-808f-7b0b99665cb7] INFO  segmented.SegmentedRaftLogWorker (SegmentedRaftLogWorker.java:execute(569)) - 79992e98-5725-47f9-a11f-d3f2be4c0891-SegmentedRaftLogWorker:Storage Directory /workdir/hadoop-ozone/integration-test/target/test-dir/MiniOzoneClusterImpl-dd65e27b-8d45-4efc-9722-0ebdacca054e/datanode-0/data/ratis/f8a09002-ebc7-4719-808f-7b0b99665cb7: created new log segment /workdir/hadoop-ozone/integration-test/target/test-dir/MiniOzoneClusterImpl-dd65e27b-8d45-4efc-9722-0ebdacca054e/datanode-0/data/ratis/f8a09002-ebc7-4719-808f-7b0b99665cb7/current/log_inprogress_0
2019-09-09 17:53:34,816 [grpc-default-executor-3] INFO  impl.RaftServerImpl (ServerState.java:setRaftConf(361)) - 461d5a8a-abc0-4960-ba8e-ca8a6c8b8d3d:group-010076F2FA1A set configuration 0: [48a6b30f-2754-42eb-8fb1-9557657e4eca:192.168.34.39:34921, 30f1fa56-7151-4e7f-b33c-622218368397:192.168.34.39:35494, 461d5a8a-abc0-4960-ba8e-ca8a6c8b8d3d:192.168.34.39:43551], old=null at 0
2019-09-09 17:53:34,816 [grpc-default-executor-2] INFO  impl.RaftServerImpl (ServerState.java:setRaftConf(361)) - 48a6b30f-2754-42eb-8fb1-9557657e4eca:group-010076F2FA1A set configuration 0: [48a6b30f-2754-42eb-8fb1-9557657e4eca:192.168.34.39:34921, 30f1fa56-7151-4e7f-b33c-622218368397:192.168.34.39:35494, 461d5a8a-abc0-4960-ba8e-ca8a6c8b8d3d:192.168.34.39:43551], old=null at 0
2019-09-09 17:53:34,817 [grpc-default-executor-3] INFO  segmented.SegmentedRaftLogWorker (SegmentedRaftLogWorker.java:startLogSegment(380)) - 461d5a8a-abc0-4960-ba8e-ca8a6c8b8d3d-SegmentedRaftLogWorker:Storage Directory /workdir/hadoop-ozone/integration-test/target/test-dir/MiniOzoneClusterImpl-dd65e27b-8d45-4efc-9722-0ebdacca054e/datanode-6/data/ratis/fc58d2ef-dd05-4008-8fe2-010076f2fa1a: Starting segment from index:0
2019-09-09 17:53:34,816 [grpc-default-executor-1] INFO  impl.RaftServerImpl (ServerState.java:setRaftConf(361)) - 632bc77f-49d2-4ab2-a75d-f92c37ad2325:group-7B0B99665CB7 set configuration 0: [79992e98-5725-47f9-a11f-d3f2be4c0891:192.168.34.39:33116, 632bc77f-49d2-4ab2-a75d-f92c37ad2325:192.168.34.39:44198, a512d24e-7015-49b3-9efc-742152bae316:192.168.34.39:34871], old=null at 0
2019-09-09 17:53:34,816 [grpc-default-executor-0] INFO  impl.RaftServerImpl (ServerState.java:setRaftConf(361)) - a512d24e-7015-49b3-9efc-742152bae316:group-7B0B99665CB7 set configuration 0: [79992e98-5725-47f9-a11f-d3f2be4c0891:192.168.34.39:33116, 632bc77f-49d2-4ab2-a75d-f92c37ad2325:192.168.34.39:44198, a512d24e-7015-49b3-9efc-742152bae316:192.168.34.39:34871], old=null at 0
2019-09-09 17:53:34,818 [grpc-default-executor-1] INFO  segmented.SegmentedRaftLogWorker (SegmentedRaftLogWorker.java:startLogSegment(380)) - 632bc77f-49d2-4ab2-a75d-f92c37ad2325-SegmentedRaftLogWorker:Storage Directory /workdir/hadoop-ozone/integration-test/target/test-dir/MiniOzoneClusterImpl-dd65e27b-8d45-4efc-9722-0ebdacca054e/datanode-1/data/ratis/f8a09002-ebc7-4719-808f-7b0b99665cb7: Starting segment from index:0
2019-09-09 17:53:34,818 [grpc-default-executor-2] INFO  segmented.SegmentedRaftLogWorker (SegmentedRaftLogWorker.java:startLogSegment(380)) - 48a6b30f-2754-42eb-8fb1-9557657e4eca-SegmentedRaftLogWorker:Storage Directory /workdir/hadoop-ozone/integration-test/target/test-dir/MiniOzoneClusterImpl-dd65e27b-8d45-4efc-9722-0ebdacca054e/datanode-3/data/ratis/fc58d2ef-dd05-4008-8fe2-010076f2fa1a: Starting segment from index:0
2019-09-09 17:53:34,818 [grpc-default-executor-0] INFO  segmented.SegmentedRaftLogWorker (SegmentedRaftLogWorker.java:startLogSegment(380)) - a512d24e-7015-49b3-9efc-742152bae316-SegmentedRaftLogWorker:Storage Directory /workdir/hadoop-ozone/integration-test/target/test-dir/MiniOzoneClusterImpl-dd65e27b-8d45-4efc-9722-0ebdacca054e/datanode-4/data/ratis/f8a09002-ebc7-4719-808f-7b0b99665cb7: Starting segment from index:0
2019-09-09 17:53:34,869 | INFO  | SCMAudit | user=jenkins1000 | ip=192.168.34.39 | op=SEND_HEARTBEAT {datanodeUUID=632bc77f-49d2-4ab2-a75d-f92c37ad2325, command=[]} | ret=SUCCESS |  
2019-09-09 17:53:34,873 [a512d24e-7015-49b3-9efc-742152bae316-SegmentedRaftLogWorker:Storage Directory /workdir/hadoop-ozone/integration-test/target/test-dir/MiniOzoneClusterImpl-dd65e27b-8d45-4efc-9722-0ebdacca054e/datanode-4/data/ratis/f8a09002-ebc7-4719-808f-7b0b99665cb7] INFO  segmented.SegmentedRaftLogWorker (SegmentedRaftLogWorker.java:execute(569)) - a512d24e-7015-49b3-9efc-742152bae316-SegmentedRaftLogWorker:Storage Directory /workdir/hadoop-ozone/integration-test/target/test-dir/MiniOzoneClusterImpl-dd65e27b-8d45-4efc-9722-0ebdacca054e/datanode-4/data/ratis/f8a09002-ebc7-4719-808f-7b0b99665cb7: created new log segment /workdir/hadoop-ozone/integration-test/target/test-dir/MiniOzoneClusterImpl-dd65e27b-8d45-4efc-9722-0ebdacca054e/datanode-4/data/ratis/f8a09002-ebc7-4719-808f-7b0b99665cb7/current/log_inprogress_0
2019-09-09 17:53:34,873 [461d5a8a-abc0-4960-ba8e-ca8a6c8b8d3d-SegmentedRaftLogWorker:Storage Directory /workdir/hadoop-ozone/integration-test/target/test-dir/MiniOzoneClusterImpl-dd65e27b-8d45-4efc-9722-0ebdacca054e/datanode-6/data/ratis/fc58d2ef-dd05-4008-8fe2-010076f2fa1a] INFO  segmented.SegmentedRaftLogWorker (SegmentedRaftLogWorker.java:execute(569)) - 461d5a8a-abc0-4960-ba8e-ca8a6c8b8d3d-SegmentedRaftLogWorker:Storage Directory /workdir/hadoop-ozone/integration-test/target/test-dir/MiniOzoneClusterImpl-dd65e27b-8d45-4efc-9722-0ebdacca054e/datanode-6/data/ratis/fc58d2ef-dd05-4008-8fe2-010076f2fa1a: created new log segment /workdir/hadoop-ozone/integration-test/target/test-dir/MiniOzoneClusterImpl-dd65e27b-8d45-4efc-9722-0ebdacca054e/datanode-6/data/ratis/fc58d2ef-dd05-4008-8fe2-010076f2fa1a/current/log_inprogress_0
2019-09-09 17:53:34,873 [632bc77f-49d2-4ab2-a75d-f92c37ad2325-SegmentedRaftLogWorker:Storage Directory /workdir/hadoop-ozone/integration-test/target/test-dir/MiniOzoneClusterImpl-dd65e27b-8d45-4efc-9722-0ebdacca054e/datanode-1/data/ratis/f8a09002-ebc7-4719-808f-7b0b99665cb7] INFO  segmented.SegmentedRaftLogWorker (SegmentedRaftLogWorker.java:execute(569)) - 632bc77f-49d2-4ab2-a75d-f92c37ad2325-SegmentedRaftLogWorker:Storage Directory /workdir/hadoop-ozone/integration-test/target/test-dir/MiniOzoneClusterImpl-dd65e27b-8d45-4efc-9722-0ebdacca054e/datanode-1/data/ratis/f8a09002-ebc7-4719-808f-7b0b99665cb7: created new log segment /workdir/hadoop-ozone/integration-test/target/test-dir/MiniOzoneClusterImpl-dd65e27b-8d45-4efc-9722-0ebdacca054e/datanode-1/data/ratis/f8a09002-ebc7-4719-808f-7b0b99665cb7/current/log_inprogress_0
2019-09-09 17:53:34,873 [48a6b30f-2754-42eb-8fb1-9557657e4eca-SegmentedRaftLogWorker:Storage Directory /workdir/hadoop-ozone/integration-test/target/test-dir/MiniOzoneClusterImpl-dd65e27b-8d45-4efc-9722-0ebdacca054e/datanode-3/data/ratis/fc58d2ef-dd05-4008-8fe2-010076f2fa1a] INFO  segmented.SegmentedRaftLogWorker (SegmentedRaftLogWorker.java:execute(569)) - 48a6b30f-2754-42eb-8fb1-9557657e4eca-SegmentedRaftLogWorker:Storage Directory /workdir/hadoop-ozone/integration-test/target/test-dir/MiniOzoneClusterImpl-dd65e27b-8d45-4efc-9722-0ebdacca054e/datanode-3/data/ratis/fc58d2ef-dd05-4008-8fe2-010076f2fa1a: created new log segment /workdir/hadoop-ozone/integration-test/target/test-dir/MiniOzoneClusterImpl-dd65e27b-8d45-4efc-9722-0ebdacca054e/datanode-3/data/ratis/fc58d2ef-dd05-4008-8fe2-010076f2fa1a/current/log_inprogress_0
2019-09-09 17:53:34,973 | INFO  | SCMAudit | user=jenkins1000 | ip=192.168.34.39 | op=SEND_HEARTBEAT {datanodeUUID=30f1fa56-7151-4e7f-b33c-622218368397, command=[]} | ret=SUCCESS |  
2019-09-09 17:53:35,024 [grpc-default-executor-2] INFO  client.GrpcClientProtocolClient (GrpcClientProtocolClient.java:onNext(255)) - client-E7D07111A96B->a512d24e-7015-49b3-9efc-742152bae316: receive RaftClientReply:client-E7D07111A96B->a512d24e-7015-49b3-9efc-742152bae316@group-7B0B99665CB7, cid=13, FAILED org.apache.ratis.protocol.NotLeaderException: Server a512d24e-7015-49b3-9efc-742152bae316 is not the leader (79992e98-5725-47f9-a11f-d3f2be4c0891:192.168.34.39:33116). Request must be sent to leader., logIndex=0, commits[a512d24e-7015-49b3-9efc-742152bae316:c-1, 79992e98-5725-47f9-a11f-d3f2be4c0891:c-1, 632bc77f-49d2-4ab2-a75d-f92c37ad2325:c-1]
2019-09-09 17:53:35,042 | INFO  | SCMAudit | user=jenkins1000 | ip=192.168.34.39 | op=SEND_HEARTBEAT {datanodeUUID=48a6b30f-2754-42eb-8fb1-9557657e4eca, command=[]} | ret=SUCCESS |  
2019-09-09 17:53:35,122 | INFO  | SCMAudit | user=jenkins1000 | ip=192.168.34.39 | op=SEND_HEARTBEAT {datanodeUUID=a512d24e-7015-49b3-9efc-742152bae316, command=[]} | ret=SUCCESS |  
2019-09-09 17:53:35,204 | INFO  | SCMAudit | user=jenkins1000 | ip=192.168.34.39 | op=SEND_HEARTBEAT {datanodeUUID=3e6286ff-ff2d-4683-9fff-89a0aa7b9349, command=[]} | ret=SUCCESS |  
2019-09-09 17:53:35,283 | INFO  | SCMAudit | user=jenkins1000 | ip=192.168.34.39 | op=SEND_HEARTBEAT {datanodeUUID=461d5a8a-abc0-4960-ba8e-ca8a6c8b8d3d, command=[]} | ret=SUCCESS |  
2019-09-09 17:53:35,395 | INFO  | SCMAudit | user=jenkins1000 | ip=192.168.34.39 | op=SEND_HEARTBEAT {datanodeUUID=a512d24e-7015-49b3-9efc-742152bae316, command=[]} | ret=SUCCESS |  
2019-09-09 17:53:35,395 | INFO  | SCMAudit | user=jenkins1000 | ip=192.168.34.39 | op=SEND_HEARTBEAT {datanodeUUID=632bc77f-49d2-4ab2-a75d-f92c37ad2325, command=[]} | ret=SUCCESS |  
2019-09-09 17:53:35,395 | INFO  | SCMAudit | user=jenkins1000 | ip=192.168.34.39 | op=SEND_HEARTBEAT {datanodeUUID=79992e98-5725-47f9-a11f-d3f2be4c0891, command=[]} | ret=SUCCESS |  
2019-09-09 17:53:35,422 | INFO  | DNAudit | user=null | ip=null | op=WRITE_CHUNK {blockData=conID: 1 locID: 102763830326591489 bcsId: 0} | ret=SUCCESS |  
2019-09-09 17:53:35,422 | INFO  | DNAudit | user=null | ip=null | op=WRITE_CHUNK {blockData=conID: 1 locID: 102763830326591489 bcsId: 0} | ret=SUCCESS |  
2019-09-09 17:53:35,422 | INFO  | DNAudit | user=null | ip=null | op=WRITE_CHUNK {blockData=conID: 1 locID: 102763830326591489 bcsId: 0} | ret=SUCCESS |  
2019-09-09 17:53:35,443 | INFO  | DNAudit | user=null | ip=null | op=WRITE_CHUNK {blockData=conID: 1 locID: 102763830326591489 bcsId: 0} | ret=SUCCESS |  
2019-09-09 17:53:35,460 | INFO  | DNAudit | user=null | ip=null | op=WRITE_CHUNK {blockData=conID: 1 locID: 102763830326591489 bcsId: 0} | ret=SUCCESS |  
2019-09-09 17:53:35,460 | INFO  | DNAudit | user=null | ip=null | op=WRITE_CHUNK {blockData=conID: 1 locID: 102763830326591489 bcsId: 0} | ret=SUCCESS |  
2019-09-09 17:53:35,463 [grpc-default-executor-2] INFO  client.GrpcClientProtocolClient (GrpcClientProtocolClient.java:onNext(255)) - client-E7D07111A96B->79992e98-5725-47f9-a11f-d3f2be4c0891: receive RaftClientReply:client-E7D07111A96B->79992e98-5725-47f9-a11f-d3f2be4c0891@group-7B0B99665CB7, cid=13, SUCCESS, logIndex=1, commits[79992e98-5725-47f9-a11f-d3f2be4c0891:c1, 632bc77f-49d2-4ab2-a75d-f92c37ad2325:c0, a512d24e-7015-49b3-9efc-742152bae316:c0]
2019-09-09 17:53:35,478 | INFO  | DNAudit | user=null | ip=null | op=WRITE_CHUNK {blockData=conID: 1 locID: 102763830326591489 bcsId: 0} | ret=SUCCESS |  
2019-09-09 17:53:35,480 | INFO  | DNAudit | user=null | ip=null | op=WRITE_CHUNK {blockData=conID: 1 locID: 102763830326591489 bcsId: 0} | ret=SUCCESS |  
2019-09-09 17:53:35,481 | INFO  | DNAudit | user=null | ip=null | op=WRITE_CHUNK {blockData=conID: 1 locID: 102763830326591489 bcsId: 0} | ret=SUCCESS |  
2019-09-09 17:53:35,490 | INFO  | DNAudit | user=null | ip=null | op=WRITE_CHUNK {blockData=conID: 1 locID: 102763830326591489 bcsId: 0} | ret=SUCCESS |  
2019-09-09 17:53:35,491 | INFO  | DNAudit | user=null | ip=null | op=WRITE_CHUNK {blockData=conID: 1 locID: 102763830326591489 bcsId: 0} | ret=SUCCESS |  
2019-09-09 17:53:35,494 | INFO  | DNAudit | user=null | ip=null | op=WRITE_CHUNK {blockData=conID: 1 locID: 102763830326591489 bcsId: 0} | ret=SUCCESS |  
2019-09-09 17:53:35,495 | INFO  | DNAudit | user=null | ip=null | op=WRITE_CHUNK {blockData=conID: 1 locID: 102763830326591489 bcsId: 0} | ret=SUCCESS |  
2019-09-09 17:53:35,499 | INFO  | DNAudit | user=null | ip=null | op=WRITE_CHUNK {blockData=conID: 1 locID: 102763830326591489 bcsId: 0} | ret=SUCCESS |  
2019-09-09 17:53:35,504 | INFO  | DNAudit | user=null | ip=null | op=WRITE_CHUNK {blockData=conID: 1 locID: 102763830326591489 bcsId: 0} | ret=SUCCESS |  
2019-09-09 17:53:35,517 | INFO  | DNAudit | user=null | ip=null | op=WRITE_CHUNK {blockData=conID: 1 locID: 102763830326591489 bcsId: 0} | ret=SUCCESS |  
2019-09-09 17:53:35,519 [grpc-default-executor-1] INFO  client.GrpcClientProtocolClient (GrpcClientProtocolClient.java:onNext(255)) - client-E7D07111A96B->79992e98-5725-47f9-a11f-d3f2be4c0891: receive RaftClientReply:client-E7D07111A96B->79992e98-5725-47f9-a11f-d3f2be4c0891@group-7B0B99665CB7, cid=14, SUCCESS, logIndex=3, commits[79992e98-5725-47f9-a11f-d3f2be4c0891:c3, 632bc77f-49d2-4ab2-a75d-f92c37ad2325:c2, a512d24e-7015-49b3-9efc-742152bae316:c1]
2019-09-09 17:53:35,531 | INFO  | DNAudit | user=null | ip=null | op=WRITE_CHUNK {blockData=conID: 1 locID: 102763830326591489 bcsId: 0} | ret=SUCCESS |  
2019-09-09 17:53:35,532 | INFO  | DNAudit | user=null | ip=null | op=WRITE_CHUNK {blockData=conID: 1 locID: 102763830326591489 bcsId: 0} | ret=SUCCESS |  
2019-09-09 17:53:35,636 | INFO  | DNAudit | user=null | ip=null | op=PUT_BLOCK {blockData=[blockId=conID: 1 locID: 102763830326591489 bcsId: 0,size=200]} | ret=SUCCESS |  
2019-09-09 17:53:35,641 [grpc-default-executor-3] INFO  client.GrpcClientProtocolClient (GrpcClientProtocolClient.java:onNext(255)) - client-E7D07111A96B->79992e98-5725-47f9-a11f-d3f2be4c0891: receive RaftClientReply:client-E7D07111A96B->79992e98-5725-47f9-a11f-d3f2be4c0891@group-7B0B99665CB7, cid=15, SUCCESS, logIndex=4, commits[79992e98-5725-47f9-a11f-d3f2be4c0891:c12, 632bc77f-49d2-4ab2-a75d-f92c37ad2325:c7, a512d24e-7015-49b3-9efc-742152bae316:c7]
2019-09-09 17:53:35,649 | INFO  | DNAudit | user=null | ip=null | op=WRITE_CHUNK {blockData=conID: 1 locID: 102763830326591489 bcsId: 0} | ret=SUCCESS |  
2019-09-09 17:53:35,650 | INFO  | DNAudit | user=null | ip=null | op=WRITE_CHUNK {blockData=conID: 1 locID: 102763830326591489 bcsId: 0} | ret=SUCCESS |  
2019-09-09 17:53:35,651 [grpc-default-executor-3] INFO  client.GrpcClientProtocolClient (GrpcClientProtocolClient.java:onNext(255)) - client-E7D07111A96B->79992e98-5725-47f9-a11f-d3f2be4c0891: receive RaftClientReply:client-E7D07111A96B->79992e98-5725-47f9-a11f-d3f2be4c0891@group-7B0B99665CB7, cid=16, SUCCESS, logIndex=5, commits[79992e98-5725-47f9-a11f-d3f2be4c0891:c12, 632bc77f-49d2-4ab2-a75d-f92c37ad2325:c7, a512d24e-7015-49b3-9efc-742152bae316:c7]
2019-09-09 17:53:35,654 [grpc-default-executor-3] INFO  client.GrpcClientProtocolClient (GrpcClientProtocolClient.java:onNext(255)) - client-E7D07111A96B->79992e98-5725-47f9-a11f-d3f2be4c0891: receive RaftClientReply:client-E7D07111A96B->79992e98-5725-47f9-a11f-d3f2be4c0891@group-7B0B99665CB7, cid=17, SUCCESS, logIndex=6, commits[79992e98-5725-47f9-a11f-d3f2be4c0891:c12, 632bc77f-49d2-4ab2-a75d-f92c37ad2325:c7, a512d24e-7015-49b3-9efc-742152bae316:c7]
2019-09-09 17:53:35,684 | INFO  | DNAudit | user=null | ip=null | op=PUT_BLOCK {blockData=[blockId=conID: 1 locID: 102763830326591489 bcsId: 0,size=200]} | ret=SUCCESS |  
2019-09-09 17:53:35,686 | INFO  | DNAudit | user=null | ip=null | op=WRITE_CHUNK {blockData=conID: 1 locID: 102763830326591489 bcsId: 0} | ret=SUCCESS |  
2019-09-09 17:53:35,686 | INFO  | DNAudit | user=null | ip=null | op=WRITE_CHUNK {blockData=conID: 1 locID: 102763830326591489 bcsId: 0} | ret=SUCCESS |  
2019-09-09 17:53:35,738 | INFO  | DNAudit | user=null | ip=null | op=PUT_BLOCK {blockData=[blockId=conID: 1 locID: 102763830326591489 bcsId: 0,size=400]} | ret=SUCCESS |  
2019-09-09 17:53:35,740 | INFO  | DNAudit | user=null | ip=null | op=PUT_BLOCK {blockData=[blockId=conID: 1 locID: 102763830326591489 bcsId: 0,size=200]} | ret=SUCCESS |  
2019-09-09 17:53:35,738 | INFO  | DNAudit | user=null | ip=null | op=PUT_BLOCK {blockData=[blockId=conID: 1 locID: 102763830326591489 bcsId: 0,size=400]} | ret=SUCCESS |  
2019-09-09 17:53:35,741 | INFO  | DNAudit | user=null | ip=null | op=WRITE_CHUNK {blockData=conID: 1 locID: 102763830326591489 bcsId: 0} | ret=SUCCESS |  
2019-09-09 17:53:35,741 | INFO  | DNAudit | user=null | ip=null | op=WRITE_CHUNK {blockData=conID: 1 locID: 102763830326591489 bcsId: 0} | ret=SUCCESS |  
2019-09-09 17:53:35,742 | INFO  | DNAudit | user=null | ip=null | op=PUT_BLOCK {blockData=[blockId=conID: 1 locID: 102763830326591489 bcsId: 0,size=400]} | ret=SUCCESS |  
2019-09-09 17:53:35,743 [grpc-default-executor-3] INFO  client.GrpcClientProtocolClient (GrpcClientProtocolClient.java:onNext(255)) - client-E7D07111A96B->79992e98-5725-47f9-a11f-d3f2be4c0891: receive RaftClientReply:client-E7D07111A96B->79992e98-5725-47f9-a11f-d3f2be4c0891@group-7B0B99665CB7, cid=18, SUCCESS, logIndex=7, commits[79992e98-5725-47f9-a11f-d3f2be4c0891:c12, 632bc77f-49d2-4ab2-a75d-f92c37ad2325:c7, a512d24e-7015-49b3-9efc-742152bae316:c7]
2019-09-09 17:53:35,754 | INFO  | DNAudit | user=null | ip=null | op=WRITE_CHUNK {blockData=conID: 1 locID: 102763830326591489 bcsId: 7} | ret=SUCCESS |  
2019-09-09 17:53:35,759 | INFO  | DNAudit | user=null | ip=null | op=WRITE_CHUNK {blockData=conID: 1 locID: 102763830326591489 bcsId: 7} | ret=SUCCESS |  
2019-09-09 17:53:35,760 | INFO  | DNAudit | user=null | ip=null | op=WRITE_CHUNK {blockData=conID: 1 locID: 102763830326591489 bcsId: 7} | ret=SUCCESS |  
2019-09-09 17:53:35,773 | INFO  | DNAudit | user=null | ip=null | op=WRITE_CHUNK {blockData=conID: 1 locID: 102763830326591489 bcsId: 7} | ret=SUCCESS |  
2019-09-09 17:53:35,775 [grpc-default-executor-3] INFO  client.GrpcClientProtocolClient (GrpcClientProtocolClient.java:onNext(255)) - client-E7D07111A96B->79992e98-5725-47f9-a11f-d3f2be4c0891: receive RaftClientReply:client-E7D07111A96B->79992e98-5725-47f9-a11f-d3f2be4c0891@group-7B0B99665CB7, cid=19, SUCCESS, logIndex=13, commits[79992e98-5725-47f9-a11f-d3f2be4c0891:c13, 632bc77f-49d2-4ab2-a75d-f92c37ad2325:c12, a512d24e-7015-49b3-9efc-742152bae316:c12]
2019-09-09 17:53:35,786 | INFO  | DNAudit | user=null | ip=null | op=PUT_BLOCK {blockData=[blockId=conID: 1 locID: 102763830326591489 bcsId: 0,size=450]} | ret=SUCCESS |  
2019-09-09 17:53:35,787 | INFO  | DNAudit | user=null | ip=null | op=WRITE_CHUNK {blockData=conID: 1 locID: 102763830326591489 bcsId: 7} | ret=SUCCESS |  
2019-09-09 17:53:35,787 | INFO  | DNAudit | user=null | ip=null | op=WRITE_CHUNK {blockData=conID: 1 locID: 102763830326591489 bcsId: 7} | ret=SUCCESS |  
2019-09-09 17:53:35,789 [grpc-default-executor-1] INFO  client.GrpcClientProtocolClient (GrpcClientProtocolClient.java:onNext(255)) - client-E7D07111A96B->79992e98-5725-47f9-a11f-d3f2be4c0891: receive RaftClientReply:client-E7D07111A96B->79992e98-5725-47f9-a11f-d3f2be4c0891@group-7B0B99665CB7, cid=20, SUCCESS, logIndex=14, commits[79992e98-5725-47f9-a11f-d3f2be4c0891:c14, 632bc77f-49d2-4ab2-a75d-f92c37ad2325:c12, a512d24e-7015-49b3-9efc-742152bae316:c12]
2019-09-09 17:53:35,972 | INFO  | SCMAudit | user=jenkins1000 | ip=192.168.34.39 | op=SEND_HEARTBEAT {datanodeUUID=30f1fa56-7151-4e7f-b33c-622218368397, command=[]} | ret=SUCCESS |  
2019-09-09 17:53:36,044 | INFO  | SCMAudit | user=jenkins1000 | ip=192.168.34.39 | op=SEND_HEARTBEAT {datanodeUUID=48a6b30f-2754-42eb-8fb1-9557657e4eca, command=[]} | ret=SUCCESS |  
2019-09-09 17:53:36,204 | INFO  | SCMAudit | user=jenkins1000 | ip=192.168.34.39 | op=SEND_HEARTBEAT {datanodeUUID=3e6286ff-ff2d-4683-9fff-89a0aa7b9349, command=[]} | ret=SUCCESS |  
2019-09-09 17:53:36,283 | INFO  | SCMAudit | user=jenkins1000 | ip=192.168.34.39 | op=SEND_HEARTBEAT {datanodeUUID=461d5a8a-abc0-4960-ba8e-ca8a6c8b8d3d, command=[]} | ret=SUCCESS |  
2019-09-09 17:53:36,366 | INFO  | SCMAudit | user=jenkins1000 | ip=192.168.34.39 | op=SEND_HEARTBEAT {datanodeUUID=79992e98-5725-47f9-a11f-d3f2be4c0891, command=[]} | ret=SUCCESS |  
2019-09-09 17:53:36,366 | INFO  | SCMAudit | user=jenkins1000 | ip=192.168.34.39 | op=SEND_HEARTBEAT {datanodeUUID=a512d24e-7015-49b3-9efc-742152bae316, command=[]} | ret=SUCCESS |  
2019-09-09 17:53:36,366 | INFO  | SCMAudit | user=jenkins1000 | ip=192.168.34.39 | op=SEND_HEARTBEAT {datanodeUUID=632bc77f-49d2-4ab2-a75d-f92c37ad2325, command=[]} | ret=SUCCESS |  
2019-09-09 17:53:36,811 [main] WARN  scm.XceiverClientRatis (XceiverClientRatis.java:watchForCommit(262)) - 3 way commit failed on pipeline Pipeline[ Id: f8a09002-ebc7-4719-808f-7b0b99665cb7, Nodes: a512d24e-7015-49b3-9efc-742152bae316{ip: 192.168.34.39, host: pr-hdds-2102-js77h-2988213663, networkLocation: /default-rack, certSerialId: null}79992e98-5725-47f9-a11f-d3f2be4c0891{ip: 192.168.34.39, host: pr-hdds-2102-js77h-2988213663, networkLocation: /default-rack, certSerialId: null}632bc77f-49d2-4ab2-a75d-f92c37ad2325{ip: 192.168.34.39, host: pr-hdds-2102-js77h-2988213663, networkLocation: /default-rack, certSerialId: null}, Type:RATIS, Factor:THREE, State:OPEN]
java.util.concurrent.TimeoutException
	at java.util.concurrent.CompletableFuture.timedGet(CompletableFuture.java:1771)
	at java.util.concurrent.CompletableFuture.get(CompletableFuture.java:1915)
	at org.apache.hadoop.hdds.scm.XceiverClientRatis.watchForCommit(XceiverClientRatis.java:259)
	at org.apache.hadoop.hdds.scm.storage.CommitWatcher.watchForCommit(CommitWatcher.java:194)
	at org.apache.hadoop.hdds.scm.storage.CommitWatcher.watchOnLastIndex(CommitWatcher.java:157)
	at org.apache.hadoop.hdds.scm.storage.BlockOutputStream.watchForCommit(BlockOutputStream.java:347)
	at org.apache.hadoop.hdds.scm.storage.BlockOutputStream.handleFlush(BlockOutputStream.java:479)
	at org.apache.hadoop.hdds.scm.storage.BlockOutputStream.flush(BlockOutputStream.java:428)
	at org.apache.hadoop.ozone.client.io.BlockOutputStreamEntry.flush(BlockOutputStreamEntry.java:136)
	at org.apache.hadoop.ozone.client.io.KeyOutputStream.handleFlushOrClose(KeyOutputStream.java:442)
	at org.apache.hadoop.ozone.client.io.KeyOutputStream.flush(KeyOutputStream.java:396)
	at org.apache.hadoop.ozone.client.io.OzoneOutputStream.flush(OzoneOutputStream.java:54)
	at org.apache.hadoop.ozone.client.rpc.TestBlockOutputStreamWithFailures.test2DatanodesFailure(TestBlockOutputStreamWithFailures.java:461)
	at sun.reflect.NativeMethodAccessorImpl.invoke0(Native Method)
	at sun.reflect.NativeMethodAccessorImpl.invoke(NativeMethodAccessorImpl.java:62)
	at sun.reflect.DelegatingMethodAccessorImpl.invoke(DelegatingMethodAccessorImpl.java:43)
	at java.lang.reflect.Method.invoke(Method.java:498)
	at org.junit.runners.model.FrameworkMethod$1.runReflectiveCall(FrameworkMethod.java:47)
	at org.junit.internal.runners.model.ReflectiveCallable.run(ReflectiveCallable.java:12)
	at org.junit.runners.model.FrameworkMethod.invokeExplosively(FrameworkMethod.java:44)
	at org.junit.internal.runners.statements.InvokeMethod.evaluate(InvokeMethod.java:17)
	at org.junit.internal.runners.statements.RunBefores.evaluate(RunBefores.java:26)
	at org.junit.internal.runners.statements.RunAfters.evaluate(RunAfters.java:27)
	at org.junit.runners.ParentRunner.runLeaf(ParentRunner.java:271)
	at org.junit.runners.BlockJUnit4ClassRunner.runChild(BlockJUnit4ClassRunner.java:70)
	at org.junit.runners.BlockJUnit4ClassRunner.runChild(BlockJUnit4ClassRunner.java:50)
	at org.junit.runners.ParentRunner$3.run(ParentRunner.java:238)
	at org.junit.runners.ParentRunner$1.schedule(ParentRunner.java:63)
	at org.junit.runners.ParentRunner.runChildren(ParentRunner.java:236)
	at org.junit.runners.ParentRunner.access$000(ParentRunner.java:53)
	at org.junit.runners.ParentRunner$2.evaluate(ParentRunner.java:229)
	at org.junit.runners.ParentRunner.run(ParentRunner.java:309)
	at org.apache.maven.surefire.junit4.JUnit4Provider.execute(JUnit4Provider.java:365)
	at org.apache.maven.surefire.junit4.JUnit4Provider.executeWithRerun(JUnit4Provider.java:273)
	at org.apache.maven.surefire.junit4.JUnit4Provider.executeTestSet(JUnit4Provider.java:238)
	at org.apache.maven.surefire.junit4.JUnit4Provider.invoke(JUnit4Provider.java:159)
	at org.apache.maven.surefire.booter.ForkedBooter.invokeProviderInSameClassLoader(ForkedBooter.java:384)
	at org.apache.maven.surefire.booter.ForkedBooter.runSuitesInProcess(ForkedBooter.java:345)
	at org.apache.maven.surefire.booter.ForkedBooter.execute(ForkedBooter.java:126)
	at org.apache.maven.surefire.booter.ForkedBooter.main(ForkedBooter.java:418)
2019-09-09 17:53:36,973 | INFO  | SCMAudit | user=jenkins1000 | ip=192.168.34.39 | op=SEND_HEARTBEAT {datanodeUUID=30f1fa56-7151-4e7f-b33c-622218368397, command=[]} | ret=SUCCESS |  
2019-09-09 17:53:37,044 | INFO  | SCMAudit | user=jenkins1000 | ip=192.168.34.39 | op=SEND_HEARTBEAT {datanodeUUID=48a6b30f-2754-42eb-8fb1-9557657e4eca, command=[]} | ret=SUCCESS |  
2019-09-09 17:53:37,204 | INFO  | SCMAudit | user=jenkins1000 | ip=192.168.34.39 | op=SEND_HEARTBEAT {datanodeUUID=3e6286ff-ff2d-4683-9fff-89a0aa7b9349, command=[]} | ret=SUCCESS |  
2019-09-09 17:53:37,283 | INFO  | SCMAudit | user=jenkins1000 | ip=192.168.34.39 | op=SEND_HEARTBEAT {datanodeUUID=461d5a8a-abc0-4960-ba8e-ca8a6c8b8d3d, command=[]} | ret=SUCCESS |  
2019-09-09 17:53:37,366 | INFO  | SCMAudit | user=jenkins1000 | ip=192.168.34.39 | op=SEND_HEARTBEAT {datanodeUUID=a512d24e-7015-49b3-9efc-742152bae316, command=[]} | ret=SUCCESS |  
2019-09-09 17:53:37,366 | INFO  | SCMAudit | user=jenkins1000 | ip=192.168.34.39 | op=SEND_HEARTBEAT {datanodeUUID=632bc77f-49d2-4ab2-a75d-f92c37ad2325, command=[]} | ret=SUCCESS |  
2019-09-09 17:53:37,366 | INFO  | SCMAudit | user=jenkins1000 | ip=192.168.34.39 | op=SEND_HEARTBEAT {datanodeUUID=79992e98-5725-47f9-a11f-d3f2be4c0891, command=[]} | ret=SUCCESS |  
2019-09-09 17:53:37,819 [main] WARN  storage.CommitWatcher (CommitWatcher.java:watchForCommit(203)) - watchForCommit failed for index 14
java.util.concurrent.TimeoutException
	at java.util.concurrent.CompletableFuture.timedGet(CompletableFuture.java:1771)
	at java.util.concurrent.CompletableFuture.get(CompletableFuture.java:1915)
	at org.apache.hadoop.hdds.scm.XceiverClientRatis.watchForCommit(XceiverClientRatis.java:268)
	at org.apache.hadoop.hdds.scm.storage.CommitWatcher.watchForCommit(CommitWatcher.java:194)
	at org.apache.hadoop.hdds.scm.storage.CommitWatcher.watchOnLastIndex(CommitWatcher.java:157)
	at org.apache.hadoop.hdds.scm.storage.BlockOutputStream.watchForCommit(BlockOutputStream.java:347)
	at org.apache.hadoop.hdds.scm.storage.BlockOutputStream.handleFlush(BlockOutputStream.java:479)
	at org.apache.hadoop.hdds.scm.storage.BlockOutputStream.flush(BlockOutputStream.java:428)
	at org.apache.hadoop.ozone.client.io.BlockOutputStreamEntry.flush(BlockOutputStreamEntry.java:136)
	at org.apache.hadoop.ozone.client.io.KeyOutputStream.handleFlushOrClose(KeyOutputStream.java:442)
	at org.apache.hadoop.ozone.client.io.KeyOutputStream.flush(KeyOutputStream.java:396)
	at org.apache.hadoop.ozone.client.io.OzoneOutputStream.flush(OzoneOutputStream.java:54)
	at org.apache.hadoop.ozone.client.rpc.TestBlockOutputStreamWithFailures.test2DatanodesFailure(TestBlockOutputStreamWithFailures.java:461)
	at sun.reflect.NativeMethodAccessorImpl.invoke0(Native Method)
	at sun.reflect.NativeMethodAccessorImpl.invoke(NativeMethodAccessorImpl.java:62)
	at sun.reflect.DelegatingMethodAccessorImpl.invoke(DelegatingMethodAccessorImpl.java:43)
	at java.lang.reflect.Method.invoke(Method.java:498)
	at org.junit.runners.model.FrameworkMethod$1.runReflectiveCall(FrameworkMethod.java:47)
	at org.junit.internal.runners.model.ReflectiveCallable.run(ReflectiveCallable.java:12)
	at org.junit.runners.model.FrameworkMethod.invokeExplosively(FrameworkMethod.java:44)
	at org.junit.internal.runners.statements.InvokeMethod.evaluate(InvokeMethod.java:17)
	at org.junit.internal.runners.statements.RunBefores.evaluate(RunBefores.java:26)
	at org.junit.internal.runners.statements.RunAfters.evaluate(RunAfters.java:27)
	at org.junit.runners.ParentRunner.runLeaf(ParentRunner.java:271)
	at org.junit.runners.BlockJUnit4ClassRunner.runChild(BlockJUnit4ClassRunner.java:70)
	at org.junit.runners.BlockJUnit4ClassRunner.runChild(BlockJUnit4ClassRunner.java:50)
	at org.junit.runners.ParentRunner$3.run(ParentRunner.java:238)
	at org.junit.runners.ParentRunner$1.schedule(ParentRunner.java:63)
	at org.junit.runners.ParentRunner.runChildren(ParentRunner.java:236)
	at org.junit.runners.ParentRunner.access$000(ParentRunner.java:53)
	at org.junit.runners.ParentRunner$2.evaluate(ParentRunner.java:229)
	at org.junit.runners.ParentRunner.run(ParentRunner.java:309)
	at org.apache.maven.surefire.junit4.JUnit4Provider.execute(JUnit4Provider.java:365)
	at org.apache.maven.surefire.junit4.JUnit4Provider.executeWithRerun(JUnit4Provider.java:273)
	at org.apache.maven.surefire.junit4.JUnit4Provider.executeTestSet(JUnit4Provider.java:238)
	at org.apache.maven.surefire.junit4.JUnit4Provider.invoke(JUnit4Provider.java:159)
	at org.apache.maven.surefire.booter.ForkedBooter.invokeProviderInSameClassLoader(ForkedBooter.java:384)
	at org.apache.maven.surefire.booter.ForkedBooter.runSuitesInProcess(ForkedBooter.java:345)
	at org.apache.maven.surefire.booter.ForkedBooter.execute(ForkedBooter.java:126)
	at org.apache.maven.surefire.booter.ForkedBooter.main(ForkedBooter.java:418)
2019-09-09 17:53:37,823 [main] WARN  io.KeyOutputStream (KeyOutputStream.java:handleException(276)) - Encountered exception java.io.IOException: Unexpected Storage Container Exception: java.io.IOException: Unexpected Storage Container Exception: java.util.concurrent.TimeoutException on the pipeline Pipeline[ Id: f8a09002-ebc7-4719-808f-7b0b99665cb7, Nodes: a512d24e-7015-49b3-9efc-742152bae316{ip: 192.168.34.39, host: pr-hdds-2102-js77h-2988213663, networkLocation: /default-rack, certSerialId: null}79992e98-5725-47f9-a11f-d3f2be4c0891{ip: 192.168.34.39, host: pr-hdds-2102-js77h-2988213663, networkLocation: /default-rack, certSerialId: null}632bc77f-49d2-4ab2-a75d-f92c37ad2325{ip: 192.168.34.39, host: pr-hdds-2102-js77h-2988213663, networkLocation: /default-rack, certSerialId: null}, Type:RATIS, Factor:THREE, State:OPEN]. The last committed block length is 400, uncommitted data length is 50 retry count 0
2019-09-09 17:53:37,840 | INFO  | SCMAudit | user=jenkins1000 | ip=192.168.34.39 | op=ALLOCATE_BLOCK {owner=0462c9b7-0e8b-4f31-9ee9-0b0bc5eb8eec, size=800, type=RATIS, factor=THREE} | ret=SUCCESS |  
2019-09-09 17:53:37,843 | INFO  | OMAudit | user=jenkins1000 | ip=127.0.0.1 | op=ALLOCATE_BLOCK {volume=testblockoutputstream, bucket=testblockoutputstream, key=c85d6910-4103-4ab1-918d-245471f624e0, dataSize=0, replicationType=null, replicationFactor=null, keyLocationInfo=null, clientID=102763830323838976} | ret=SUCCESS |  
2019-09-09 17:53:37,863 [grpc-default-executor-1] INFO  client.GrpcClientProtocolClient (GrpcClientProtocolClient.java:onNext(255)) - client-5141608CB2ED->48a6b30f-2754-42eb-8fb1-9557657e4eca: receive RaftClientReply:client-5141608CB2ED->48a6b30f-2754-42eb-8fb1-9557657e4eca@group-010076F2FA1A, cid=23, FAILED org.apache.ratis.protocol.NotLeaderException: Server 48a6b30f-2754-42eb-8fb1-9557657e4eca is not the leader (30f1fa56-7151-4e7f-b33c-622218368397:192.168.34.39:35494). Request must be sent to leader., logIndex=0, commits[48a6b30f-2754-42eb-8fb1-9557657e4eca:c0, 30f1fa56-7151-4e7f-b33c-622218368397:c0, 461d5a8a-abc0-4960-ba8e-ca8a6c8b8d3d:c0]
2019-09-09 17:53:37,972 | INFO  | SCMAudit | user=jenkins1000 | ip=192.168.34.39 | op=SEND_HEARTBEAT {datanodeUUID=30f1fa56-7151-4e7f-b33c-622218368397, command=[]} | ret=SUCCESS |  
2019-09-09 17:53:38,021 | INFO  | DNAudit | user=null | ip=null | op=WRITE_CHUNK {blockData=conID: 2 locID: 102763830826762242 bcsId: 0} | ret=SUCCESS |  
2019-09-09 17:53:38,021 | INFO  | DNAudit | user=null | ip=null | op=WRITE_CHUNK {blockData=conID: 2 locID: 102763830826762242 bcsId: 0} | ret=SUCCESS |  
2019-09-09 17:53:38,023 | INFO  | DNAudit | user=null | ip=null | op=WRITE_CHUNK {blockData=conID: 2 locID: 102763830826762242 bcsId: 0} | ret=SUCCESS |  
2019-09-09 17:53:38,024 | INFO  | SCMAudit | user=jenkins1000 | ip=192.168.34.39 | op=SEND_HEARTBEAT {datanodeUUID=48a6b30f-2754-42eb-8fb1-9557657e4eca, command=[]} | ret=SUCCESS |  
2019-09-09 17:53:38,024 | INFO  | SCMAudit | user=jenkins1000 | ip=192.168.34.39 | op=SEND_HEARTBEAT {datanodeUUID=461d5a8a-abc0-4960-ba8e-ca8a6c8b8d3d, command=[]} | ret=SUCCESS |  
2019-09-09 17:53:38,024 | INFO  | SCMAudit | user=jenkins1000 | ip=192.168.34.39 | op=SEND_HEARTBEAT {datanodeUUID=30f1fa56-7151-4e7f-b33c-622218368397, command=[]} | ret=SUCCESS |  
2019-09-09 17:53:38,040 | INFO  | DNAudit | user=null | ip=null | op=WRITE_CHUNK {blockData=conID: 2 locID: 102763830826762242 bcsId: 0} | ret=SUCCESS |  
2019-09-09 17:53:38,048 [grpc-default-executor-3] INFO  client.GrpcClientProtocolClient (GrpcClientProtocolClient.java:onNext(255)) - client-5141608CB2ED->30f1fa56-7151-4e7f-b33c-622218368397: receive RaftClientReply:client-5141608CB2ED->30f1fa56-7151-4e7f-b33c-622218368397@group-010076F2FA1A, cid=23, SUCCESS, logIndex=1, commits[30f1fa56-7151-4e7f-b33c-622218368397:c1, 48a6b30f-2754-42eb-8fb1-9557657e4eca:c0, 461d5a8a-abc0-4960-ba8e-ca8a6c8b8d3d:c0]
2019-09-09 17:53:38,057 | INFO  | DNAudit | user=null | ip=null | op=WRITE_CHUNK {blockData=conID: 2 locID: 102763830826762242 bcsId: 0} | ret=SUCCESS |  
2019-09-09 17:53:38,057 | INFO  | DNAudit | user=null | ip=null | op=WRITE_CHUNK {blockData=conID: 2 locID: 102763830826762242 bcsId: 0} | ret=SUCCESS |  
2019-09-09 17:53:38,119 | INFO  | DNAudit | user=null | ip=null | op=PUT_BLOCK {blockData=[blockId=conID: 2 locID: 102763830826762242 bcsId: 0,size=50]} | ret=SUCCESS |  
2019-09-09 17:53:38,126 [grpc-default-executor-3] INFO  client.GrpcClientProtocolClient (GrpcClientProtocolClient.java:onNext(255)) - client-5141608CB2ED->30f1fa56-7151-4e7f-b33c-622218368397: receive RaftClientReply:client-5141608CB2ED->30f1fa56-7151-4e7f-b33c-622218368397@group-010076F2FA1A, cid=24, SUCCESS, logIndex=3, commits[30f1fa56-7151-4e7f-b33c-622218368397:c4, 48a6b30f-2754-42eb-8fb1-9557657e4eca:c3, 461d5a8a-abc0-4960-ba8e-ca8a6c8b8d3d:c3]
2019-09-09 17:53:38,127 [main] INFO  ozone.MiniOzoneClusterImpl (MiniOzoneClusterImpl.java:shutdown(307)) - Shutting down the Mini Ozone Cluster
2019-09-09 17:53:38,130 | INFO  | SCMAudit | user=null | ip=null | op=GET_SCM_INFO null | ret=SUCCESS |  
2019-09-09 17:53:38,130 [main] INFO  ozone.MiniOzoneClusterImpl (MiniOzoneClusterImpl.java:stop(322)) - Stopping the Mini Ozone Cluster
2019-09-09 17:53:38,130 [main] INFO  ozone.MiniOzoneClusterImpl (MiniOzoneClusterImpl.java:stop(324)) - Stopping the OzoneManager
2019-09-09 17:53:38,131 [main] INFO  ipc.Server (Server.java:stop(3082)) - Stopping server on 43555
2019-09-09 17:53:38,141 [IPC Server listener on 43555] INFO  ipc.Server (Server.java:run(1185)) - Stopping IPC Server listener on 43555
2019-09-09 17:53:38,151 [main] INFO  ratis.OzoneManagerDoubleBuffer (OzoneManagerDoubleBuffer.java:stop(248)) - Stopping OMDoubleBuffer flush thread
2019-09-09 17:53:38,152 [IPC Server Responder] INFO  ipc.Server (Server.java:run(1319)) - Stopping IPC Server Responder
2019-09-09 17:53:38,174 [OMDoubleBufferFlushThread] INFO  ratis.OzoneManagerDoubleBuffer (OzoneManagerDoubleBuffer.java:flushTransactions(191)) - OMDoubleBuffer flush thread OMDoubleBufferFlushThread is interrupted and will exit. OMDoubleBufferFlushThread
2019-09-09 17:53:38,177 [main] INFO  utils.BackgroundService (BackgroundService.java:shutdown(148)) - Shutting down service KeyDeletingService
2019-09-09 17:53:38,181 | INFO  | DNAudit | user=null | ip=null | op=PUT_BLOCK {blockData=[blockId=conID: 2 locID: 102763830826762242 bcsId: 0,size=50]} | ret=SUCCESS |  
2019-09-09 17:53:38,185 [main] INFO  handler.ContextHandler (ContextHandler.java:doStop(910)) - Stopped o.e.j.w.WebAppContext@5fb7183b{/,null,UNAVAILABLE}{/ozoneManager}
2019-09-09 17:53:38,193 [main] INFO  server.AbstractConnector (AbstractConnector.java:doStop(318)) - Stopped ServerConnector@476a736d{HTTP/1.1,[http/1.1]}{0.0.0.0:0}
2019-09-09 17:53:38,193 [main] INFO  handler.ContextHandler (ContextHandler.java:doStop(910)) - Stopped o.e.j.s.ServletContextHandler@2df3c564{/static,file:///workdir/hadoop-ozone/integration-test/target/test-classes/webapps/static,UNAVAILABLE}
2019-09-09 17:53:38,194 [main] INFO  handler.ContextHandler (ContextHandler.java:doStop(910)) - Stopped o.e.j.s.ServletContextHandler@aac3f4e{/logs,file:///workdir/hadoop-ozone/integration-test/target/log,UNAVAILABLE}
2019-09-09 17:53:38,205 | INFO  | SCMAudit | user=jenkins1000 | ip=192.168.34.39 | op=SEND_HEARTBEAT {datanodeUUID=3e6286ff-ff2d-4683-9fff-89a0aa7b9349, command=[]} | ret=SUCCESS |  
2019-09-09 17:53:38,206 [main] INFO  ozone.MiniOzoneClusterImpl (MiniOzoneClusterImpl.java:stop(330)) - Shutting the HddsDatanodes
2019-09-09 17:53:38,252 | INFO  | DNAudit | user=null | ip=null | op=PUT_BLOCK {blockData=[blockId=conID: 2 locID: 102763830826762242 bcsId: 0,size=50]} | ret=SUCCESS |  
2019-09-09 17:53:38,306 | INFO  | DNAudit | user=null | ip=null | op=PUT_BLOCK {blockData=[blockId=conID: 1 locID: 102763830326591489 bcsId: 0,size=450]} | ret=SUCCESS |  
2019-09-09 17:53:38,307 | INFO  | DNAudit | user=null | ip=null | op=PUT_BLOCK {blockData=[blockId=conID: 1 locID: 102763830326591489 bcsId: 0,size=450]} | ret=SUCCESS |  
2019-09-09 17:53:38,311 [grpc-default-executor-2] INFO  client.GrpcClientProtocolClient (GrpcClientProtocolClient.java:onNext(255)) - client-E7D07111A96B->79992e98-5725-47f9-a11f-d3f2be4c0891: receive RaftClientReply:client-E7D07111A96B->79992e98-5725-47f9-a11f-d3f2be4c0891@group-7B0B99665CB7, cid=21, SUCCESS, logIndex=0, commits[79992e98-5725-47f9-a11f-d3f2be4c0891:c16, 632bc77f-49d2-4ab2-a75d-f92c37ad2325:c16, a512d24e-7015-49b3-9efc-742152bae316:c16]
2019-09-09 17:53:38,312 [grpc-default-executor-2] INFO  client.GrpcClientProtocolClient (GrpcClientProtocolClient.java:onNext(255)) - client-E7D07111A96B->79992e98-5725-47f9-a11f-d3f2be4c0891: receive RaftClientReply:client-E7D07111A96B->79992e98-5725-47f9-a11f-d3f2be4c0891@group-7B0B99665CB7, cid=22, SUCCESS, logIndex=0, commits[79992e98-5725-47f9-a11f-d3f2be4c0891:c16, 632bc77f-49d2-4ab2-a75d-f92c37ad2325:c16, a512d24e-7015-49b3-9efc-742152bae316:c16]
2019-09-09 17:53:38,365 [Datanode State Machine Thread - 0] INFO  statemachine.DatanodeStateMachine (DatanodeStateMachine.java:lambda$startDaemon$0(350)) - Ozone container server started.
2019-09-09 17:53:38,365 [Datanode State Machine Thread - 0] INFO  statemachine.DatanodeStateMachine (DatanodeStateMachine.java:lambda$startDaemon$0(350)) - Ozone container server started.
2019-09-09 17:53:38,368 | INFO  | SCMAudit | user=jenkins1000 | ip=192.168.34.39 | op=SEND_HEARTBEAT {datanodeUUID=79992e98-5725-47f9-a11f-d3f2be4c0891, command=[]} | ret=SUCCESS |  
2019-09-09 17:53:39,020 | INFO  | SCMAudit | user=jenkins1000 | ip=192.168.34.39 | op=SEND_HEARTBEAT {datanodeUUID=48a6b30f-2754-42eb-8fb1-9557657e4eca, command=[]} | ret=SUCCESS |  
2019-09-09 17:53:39,020 | INFO  | SCMAudit | user=jenkins1000 | ip=192.168.34.39 | op=SEND_HEARTBEAT {datanodeUUID=461d5a8a-abc0-4960-ba8e-ca8a6c8b8d3d, command=[]} | ret=SUCCESS |  
2019-09-09 17:53:39,020 | INFO  | SCMAudit | user=jenkins1000 | ip=192.168.34.39 | op=SEND_HEARTBEAT {datanodeUUID=30f1fa56-7151-4e7f-b33c-622218368397, command=[]} | ret=SUCCESS |  
2019-09-09 17:53:39,205 | INFO  | SCMAudit | user=jenkins1000 | ip=192.168.34.39 | op=SEND_HEARTBEAT {datanodeUUID=3e6286ff-ff2d-4683-9fff-89a0aa7b9349, command=[]} | ret=SUCCESS |  
2019-09-09 17:53:39,366 | INFO  | SCMAudit | user=jenkins1000 | ip=192.168.34.39 | op=SEND_HEARTBEAT {datanodeUUID=79992e98-5725-47f9-a11f-d3f2be4c0891, command=[]} | ret=SUCCESS |  
2019-09-09 17:53:40,021 | INFO  | SCMAudit | user=jenkins1000 | ip=192.168.34.39 | op=SEND_HEARTBEAT {datanodeUUID=30f1fa56-7151-4e7f-b33c-622218368397, command=[]} | ret=SUCCESS |  
2019-09-09 17:53:40,021 | INFO  | SCMAudit | user=jenkins1000 | ip=192.168.34.39 | op=SEND_HEARTBEAT {datanodeUUID=461d5a8a-abc0-4960-ba8e-ca8a6c8b8d3d, command=[]} | ret=SUCCESS |  
2019-09-09 17:53:40,021 | INFO  | SCMAudit | user=jenkins1000 | ip=192.168.34.39 | op=SEND_HEARTBEAT {datanodeUUID=48a6b30f-2754-42eb-8fb1-9557657e4eca, command=[]} | ret=SUCCESS |  
2019-09-09 17:53:40,206 | INFO  | SCMAudit | user=jenkins1000 | ip=192.168.34.39 | op=SEND_HEARTBEAT {datanodeUUID=3e6286ff-ff2d-4683-9fff-89a0aa7b9349, command=[]} | ret=SUCCESS |  
2019-09-09 17:53:40,366 | INFO  | SCMAudit | user=jenkins1000 | ip=192.168.34.39 | op=SEND_HEARTBEAT {datanodeUUID=79992e98-5725-47f9-a11f-d3f2be4c0891, command=[]} | ret=SUCCESS |  
2019-09-09 17:53:41,020 | INFO  | SCMAudit | user=jenkins1000 | ip=192.168.34.39 | op=SEND_HEARTBEAT {datanodeUUID=461d5a8a-abc0-4960-ba8e-ca8a6c8b8d3d, command=[]} | ret=SUCCESS |  
2019-09-09 17:53:41,020 | INFO  | SCMAudit | user=jenkins1000 | ip=192.168.34.39 | op=SEND_HEARTBEAT {datanodeUUID=48a6b30f-2754-42eb-8fb1-9557657e4eca, command=[]} | ret=SUCCESS |  
2019-09-09 17:53:41,020 | INFO  | SCMAudit | user=jenkins1000 | ip=192.168.34.39 | op=SEND_HEARTBEAT {datanodeUUID=30f1fa56-7151-4e7f-b33c-622218368397, command=[]} | ret=SUCCESS |  
2019-09-09 17:53:41,205 | INFO  | SCMAudit | user=jenkins1000 | ip=192.168.34.39 | op=SEND_HEARTBEAT {datanodeUUID=3e6286ff-ff2d-4683-9fff-89a0aa7b9349, command=[]} | ret=SUCCESS |  
2019-09-09 17:53:41,367 | INFO  | SCMAudit | user=jenkins1000 | ip=192.168.34.39 | op=SEND_HEARTBEAT {datanodeUUID=79992e98-5725-47f9-a11f-d3f2be4c0891, command=[]} | ret=SUCCESS |  
2019-09-09 17:53:42,020 | INFO  | SCMAudit | user=jenkins1000 | ip=192.168.34.39 | op=SEND_HEARTBEAT {datanodeUUID=461d5a8a-abc0-4960-ba8e-ca8a6c8b8d3d, command=[]} | ret=SUCCESS |  
2019-09-09 17:53:42,020 | INFO  | SCMAudit | user=jenkins1000 | ip=192.168.34.39 | op=SEND_HEARTBEAT {datanodeUUID=48a6b30f-2754-42eb-8fb1-9557657e4eca, command=[]} | ret=SUCCESS |  
2019-09-09 17:53:42,020 | INFO  | SCMAudit | user=jenkins1000 | ip=192.168.34.39 | op=SEND_HEARTBEAT {datanodeUUID=30f1fa56-7151-4e7f-b33c-622218368397, command=[]} | ret=SUCCESS |  
2019-09-09 17:53:42,205 | INFO  | SCMAudit | user=jenkins1000 | ip=192.168.34.39 | op=SEND_HEARTBEAT {datanodeUUID=3e6286ff-ff2d-4683-9fff-89a0aa7b9349, command=[]} | ret=SUCCESS |  
2019-09-09 17:53:42,366 | INFO  | SCMAudit | user=jenkins1000 | ip=192.168.34.39 | op=SEND_HEARTBEAT {datanodeUUID=79992e98-5725-47f9-a11f-d3f2be4c0891, command=[]} | ret=SUCCESS |  
2019-09-09 17:53:42,457 [EventQueue-StaleNodeForStaleNodeHandler] INFO  node.StaleNodeHandler (StaleNodeHandler.java:onMessage(58)) - Datanode a512d24e-7015-49b3-9efc-742152bae316{ip: 192.168.34.39, host: pr-hdds-2102-js77h-2988213663, networkLocation: /default-rack, certSerialId: null} moved to stale state. Finalizing its pipelines [PipelineID=f8a09002-ebc7-4719-808f-7b0b99665cb7, PipelineID=3e502682-61da-4a38-a35c-c6b8c09b6e74]
2019-09-09 17:53:42,458 [EventQueue-StaleNodeForStaleNodeHandler] INFO  pipeline.SCMPipelineManager (SCMPipelineManager.java:finalizeAndDestroyPipeline(309)) - destroying pipeline:Pipeline[ Id: f8a09002-ebc7-4719-808f-7b0b99665cb7, Nodes: a512d24e-7015-49b3-9efc-742152bae316{ip: 192.168.34.39, host: pr-hdds-2102-js77h-2988213663, networkLocation: /default-rack, certSerialId: null}79992e98-5725-47f9-a11f-d3f2be4c0891{ip: 192.168.34.39, host: pr-hdds-2102-js77h-2988213663, networkLocation: /default-rack, certSerialId: null}632bc77f-49d2-4ab2-a75d-f92c37ad2325{ip: 192.168.34.39, host: pr-hdds-2102-js77h-2988213663, networkLocation: /default-rack, certSerialId: null}, Type:RATIS, Factor:THREE, State:OPEN]
2019-09-09 17:53:42,458 [EventQueue-StaleNodeForStaleNodeHandler] INFO  pipeline.PipelineStateManager (PipelineStateManager.java:finalizePipeline(123)) - Pipeline Pipeline[ Id: f8a09002-ebc7-4719-808f-7b0b99665cb7, Nodes: a512d24e-7015-49b3-9efc-742152bae316{ip: 192.168.34.39, host: pr-hdds-2102-js77h-2988213663, networkLocation: /default-rack, certSerialId: null}79992e98-5725-47f9-a11f-d3f2be4c0891{ip: 192.168.34.39, host: pr-hdds-2102-js77h-2988213663, networkLocation: /default-rack, certSerialId: null}632bc77f-49d2-4ab2-a75d-f92c37ad2325{ip: 192.168.34.39, host: pr-hdds-2102-js77h-2988213663, networkLocation: /default-rack, certSerialId: null}, Type:RATIS, Factor:THREE, State:CLOSED] moved to CLOSED state
2019-09-09 17:53:42,459 [EventQueue-CloseContainerForCloseContainerEventHandler] INFO  container.CloseContainerEventHandler (CloseContainerEventHandler.java:onMessage(61)) - Close container Event triggered for container : #1
2019-09-09 17:53:42,462 [EventQueue-StaleNodeForStaleNodeHandler] INFO  pipeline.SCMPipelineManager (SCMPipelineManager.java:finalizeAndDestroyPipeline(309)) - destroying pipeline:Pipeline[ Id: 3e502682-61da-4a38-a35c-c6b8c09b6e74, Nodes: a512d24e-7015-49b3-9efc-742152bae316{ip: 192.168.34.39, host: pr-hdds-2102-js77h-2988213663, networkLocation: /default-rack, certSerialId: null}, Type:RATIS, Factor:ONE, State:OPEN]
2019-09-09 17:53:42,471 [EventQueue-StaleNodeForStaleNodeHandler] INFO  pipeline.PipelineStateManager (PipelineStateManager.java:finalizePipeline(123)) - Pipeline Pipeline[ Id: 3e502682-61da-4a38-a35c-c6b8c09b6e74, Nodes: a512d24e-7015-49b3-9efc-742152bae316{ip: 192.168.34.39, host: pr-hdds-2102-js77h-2988213663, networkLocation: /default-rack, certSerialId: null}, Type:RATIS, Factor:ONE, State:CLOSED] moved to CLOSED state
2019-09-09 17:53:42,471 [EventQueue-StaleNodeForStaleNodeHandler] INFO  node.StaleNodeHandler (StaleNodeHandler.java:onMessage(58)) - Datanode 632bc77f-49d2-4ab2-a75d-f92c37ad2325{ip: 192.168.34.39, host: pr-hdds-2102-js77h-2988213663, networkLocation: /default-rack, certSerialId: null} moved to stale state. Finalizing its pipelines [PipelineID=b58d29a3-a4a1-4da5-9b81-8e1f440992ce, PipelineID=f8a09002-ebc7-4719-808f-7b0b99665cb7]
2019-09-09 17:53:42,471 [EventQueue-StaleNodeForStaleNodeHandler] INFO  pipeline.SCMPipelineManager (SCMPipelineManager.java:finalizeAndDestroyPipeline(309)) - destroying pipeline:Pipeline[ Id: b58d29a3-a4a1-4da5-9b81-8e1f440992ce, Nodes: 632bc77f-49d2-4ab2-a75d-f92c37ad2325{ip: 192.168.34.39, host: pr-hdds-2102-js77h-2988213663, networkLocation: /default-rack, certSerialId: null}, Type:RATIS, Factor:ONE, State:OPEN]
2019-09-09 17:53:42,472 [EventQueue-StaleNodeForStaleNodeHandler] INFO  pipeline.PipelineStateManager (PipelineStateManager.java:finalizePipeline(123)) - Pipeline Pipeline[ Id: b58d29a3-a4a1-4da5-9b81-8e1f440992ce, Nodes: 632bc77f-49d2-4ab2-a75d-f92c37ad2325{ip: 192.168.34.39, host: pr-hdds-2102-js77h-2988213663, networkLocation: /default-rack, certSerialId: null}, Type:RATIS, Factor:ONE, State:CLOSED] moved to CLOSED state
2019-09-09 17:53:42,472 [EventQueue-StaleNodeForStaleNodeHandler] INFO  pipeline.SCMPipelineManager (SCMPipelineManager.java:finalizeAndDestroyPipeline(309)) - destroying pipeline:Pipeline[ Id: f8a09002-ebc7-4719-808f-7b0b99665cb7, Nodes: a512d24e-7015-49b3-9efc-742152bae316{ip: 192.168.34.39, host: pr-hdds-2102-js77h-2988213663, networkLocation: /default-rack, certSerialId: null}79992e98-5725-47f9-a11f-d3f2be4c0891{ip: 192.168.34.39, host: pr-hdds-2102-js77h-2988213663, networkLocation: /default-rack, certSerialId: null}632bc77f-49d2-4ab2-a75d-f92c37ad2325{ip: 192.168.34.39, host: pr-hdds-2102-js77h-2988213663, networkLocation: /default-rack, certSerialId: null}, Type:RATIS, Factor:THREE, State:CLOSED]
2019-09-09 17:53:43,019 | INFO  | SCMAudit | user=jenkins1000 | ip=192.168.34.39 | op=SEND_HEARTBEAT {datanodeUUID=30f1fa56-7151-4e7f-b33c-622218368397, command=[]} | ret=SUCCESS |  
2019-09-09 17:53:43,020 | INFO  | SCMAudit | user=jenkins1000 | ip=192.168.34.39 | op=SEND_HEARTBEAT {datanodeUUID=461d5a8a-abc0-4960-ba8e-ca8a6c8b8d3d, command=[]} | ret=SUCCESS |  
2019-09-09 17:53:43,021 | INFO  | SCMAudit | user=jenkins1000 | ip=192.168.34.39 | op=SEND_HEARTBEAT {datanodeUUID=48a6b30f-2754-42eb-8fb1-9557657e4eca, command=[]} | ret=SUCCESS |  
2019-09-09 17:53:43,205 | INFO  | SCMAudit | user=jenkins1000 | ip=192.168.34.39 | op=SEND_HEARTBEAT {datanodeUUID=3e6286ff-ff2d-4683-9fff-89a0aa7b9349, command=[]} | ret=SUCCESS |  
2019-09-09 17:53:43,208 [ForkJoinPool.commonPool-worker-1] INFO  ozoneimpl.OzoneContainer (OzoneContainer.java:stop(215)) - Attempting to stop container services.
2019-09-09 17:53:43,208 [main] INFO  ozoneimpl.OzoneContainer (OzoneContainer.java:stop(215)) - Attempting to stop container services.
2019-09-09 17:53:43,209 [ForkJoinPool.commonPool-worker-1] INFO  impl.RaftServerProxy (RaftServerProxy.java:lambda$close$4(314)) - 632bc77f-49d2-4ab2-a75d-f92c37ad2325: close
2019-09-09 17:53:43,209 [main] INFO  impl.RaftServerProxy (RaftServerProxy.java:lambda$close$4(314)) - a512d24e-7015-49b3-9efc-742152bae316: close
2019-09-09 17:53:43,210 [ForkJoinPool.commonPool-worker-1] INFO  impl.RaftServerImpl (RaftServerImpl.java:lambda$shutdown$3(245)) - 632bc77f-49d2-4ab2-a75d-f92c37ad2325: shutdown group-8E1F440992CE
2019-09-09 17:53:43,210 [main] INFO  impl.RaftServerImpl (RaftServerImpl.java:lambda$shutdown$3(245)) - a512d24e-7015-49b3-9efc-742152bae316: shutdown group-7B0B99665CB7
2019-09-09 17:53:43,210 [ForkJoinPool.commonPool-worker-1] INFO  util.JmxRegister (JmxRegister.java:unregister(73)) - Successfully un-registered JMX Bean with object name Ratis:service=RaftServer,group=group-8E1F440992CE,id=632bc77f-49d2-4ab2-a75d-f92c37ad2325
2019-09-09 17:53:43,210 [main] INFO  util.JmxRegister (JmxRegister.java:unregister(73)) - Successfully un-registered JMX Bean with object name Ratis:service=RaftServer,group=group-7B0B99665CB7,id=a512d24e-7015-49b3-9efc-742152bae316
2019-09-09 17:53:43,210 [ForkJoinPool.commonPool-worker-1] INFO  impl.RoleInfo (RoleInfo.java:shutdownLeaderState(104)) - 632bc77f-49d2-4ab2-a75d-f92c37ad2325: shutdown LeaderState
2019-09-09 17:53:43,211 [main] INFO  impl.RoleInfo (RoleInfo.java:shutdownFollowerState(121)) - a512d24e-7015-49b3-9efc-742152bae316: shutdown FollowerState
2019-09-09 17:53:43,211 [Thread-319] INFO  impl.FollowerState (FollowerState.java:run(114)) - a512d24e-7015-49b3-9efc-742152bae316: FollowerState was interrupted: java.lang.InterruptedException: sleep interrupted
2019-09-09 17:53:43,211 [ForkJoinPool.commonPool-worker-1] INFO  impl.PendingRequests (PendingRequests.java:sendNotLeaderResponses(202)) - 632bc77f-49d2-4ab2-a75d-f92c37ad2325-PendingRequests: sendNotLeaderResponses
2019-09-09 17:53:43,211 [main] INFO  impl.StateMachineUpdater (StateMachineUpdater.java:stopAndJoin(115)) - StateMachineUpdater:a512d24e-7015-49b3-9efc-742152bae316:group-7B0B99665CB7: set stopIndex = 16
2019-09-09 17:53:43,214 [StateMachineUpdater:a512d24e-7015-49b3-9efc-742152bae316:group-7B0B99665CB7] INFO  ratis.ContainerStateMachine (ContainerStateMachine.java:takeSnapshot(284)) - group-7B0B99665CB7: Taking a snapshot at:(t:1, i:16) file /workdir/hadoop-ozone/integration-test/target/test-dir/MiniOzoneClusterImpl-dd65e27b-8d45-4efc-9722-0ebdacca054e/datanode-4/data/ratis/f8a09002-ebc7-4719-808f-7b0b99665cb7/sm/snapshot.1_16
2019-09-09 17:53:43,215 [ForkJoinPool.commonPool-worker-1] INFO  impl.StateMachineUpdater (StateMachineUpdater.java:stopAndJoin(115)) - StateMachineUpdater:632bc77f-49d2-4ab2-a75d-f92c37ad2325:group-8E1F440992CE: set stopIndex = 0
2019-09-09 17:53:43,219 [ForkJoinPool.commonPool-worker-1] INFO  impl.RaftServerImpl (ServerState.java:close(394)) - 632bc77f-49d2-4ab2-a75d-f92c37ad2325:group-8E1F440992CE closes. The last applied log index is 0
2019-09-09 17:53:43,221 [632bc77f-49d2-4ab2-a75d-f92c37ad2325-SegmentedRaftLogWorker:Storage Directory /workdir/hadoop-ozone/integration-test/target/test-dir/MiniOzoneClusterImpl-dd65e27b-8d45-4efc-9722-0ebdacca054e/datanode-1/data/ratis/b58d29a3-a4a1-4da5-9b81-8e1f440992ce] INFO  segmented.SegmentedRaftLogWorker (SegmentedRaftLogWorker.java:run(313)) - 632bc77f-49d2-4ab2-a75d-f92c37ad2325-SegmentedRaftLogWorker:Storage Directory /workdir/hadoop-ozone/integration-test/target/test-dir/MiniOzoneClusterImpl-dd65e27b-8d45-4efc-9722-0ebdacca054e/datanode-1/data/ratis/b58d29a3-a4a1-4da5-9b81-8e1f440992ce was interrupted, exiting. There are 0 tasks remaining in the queue.
2019-09-09 17:53:43,230 [ForkJoinPool.commonPool-worker-1] INFO  segmented.SegmentedRaftLogWorker (SegmentedRaftLogWorker.java:close(228)) - 632bc77f-49d2-4ab2-a75d-f92c37ad2325-SegmentedRaftLogWorker:Storage Directory /workdir/hadoop-ozone/integration-test/target/test-dir/MiniOzoneClusterImpl-dd65e27b-8d45-4efc-9722-0ebdacca054e/datanode-1/data/ratis/b58d29a3-a4a1-4da5-9b81-8e1f440992ce close()
2019-09-09 17:53:43,234 [ForkJoinPool.commonPool-worker-1] INFO  impl.RaftServerImpl (RaftServerImpl.java:lambda$shutdown$3(245)) - 632bc77f-49d2-4ab2-a75d-f92c37ad2325: shutdown group-7B0B99665CB7
2019-09-09 17:53:43,235 [ForkJoinPool.commonPool-worker-1] INFO  util.JmxRegister (JmxRegister.java:unregister(73)) - Successfully un-registered JMX Bean with object name Ratis:service=RaftServer,group=group-7B0B99665CB7,id=632bc77f-49d2-4ab2-a75d-f92c37ad2325
2019-09-09 17:53:43,235 [ForkJoinPool.commonPool-worker-1] INFO  impl.RoleInfo (RoleInfo.java:shutdownFollowerState(121)) - 632bc77f-49d2-4ab2-a75d-f92c37ad2325: shutdown FollowerState
2019-09-09 17:53:43,235 [ForkJoinPool.commonPool-worker-1] INFO  impl.StateMachineUpdater (StateMachineUpdater.java:stopAndJoin(115)) - StateMachineUpdater:632bc77f-49d2-4ab2-a75d-f92c37ad2325:group-7B0B99665CB7: set stopIndex = 16
2019-09-09 17:53:43,235 [StateMachineUpdater:632bc77f-49d2-4ab2-a75d-f92c37ad2325:group-7B0B99665CB7] INFO  ratis.ContainerStateMachine (ContainerStateMachine.java:takeSnapshot(284)) - group-7B0B99665CB7: Taking a snapshot at:(t:1, i:16) file /workdir/hadoop-ozone/integration-test/target/test-dir/MiniOzoneClusterImpl-dd65e27b-8d45-4efc-9722-0ebdacca054e/datanode-1/data/ratis/f8a09002-ebc7-4719-808f-7b0b99665cb7/sm/snapshot.1_16
2019-09-09 17:53:43,235 [Thread-320] INFO  impl.FollowerState (FollowerState.java:run(114)) - 632bc77f-49d2-4ab2-a75d-f92c37ad2325: FollowerState was interrupted: java.lang.InterruptedException: sleep interrupted
2019-09-09 17:53:43,257 [StateMachineUpdater:a512d24e-7015-49b3-9efc-742152bae316:group-7B0B99665CB7] INFO  ratis.ContainerStateMachine (ContainerStateMachine.java:takeSnapshot(295)) - group-7B0B99665CB7: Finished taking a snapshot at:(t:1, i:16) file:/workdir/hadoop-ozone/integration-test/target/test-dir/MiniOzoneClusterImpl-dd65e27b-8d45-4efc-9722-0ebdacca054e/datanode-4/data/ratis/f8a09002-ebc7-4719-808f-7b0b99665cb7/sm/snapshot.1_16 time:45
2019-09-09 17:53:43,257 [StateMachineUpdater:a512d24e-7015-49b3-9efc-742152bae316:group-7B0B99665CB7] INFO  impl.StateMachineUpdater (StateMachineUpdater.java:takeSnapshot(242)) - StateMachineUpdater:a512d24e-7015-49b3-9efc-742152bae316:group-7B0B99665CB7: Took a snapshot at index 16
2019-09-09 17:53:43,257 [StateMachineUpdater:632bc77f-49d2-4ab2-a75d-f92c37ad2325:group-7B0B99665CB7] INFO  ratis.ContainerStateMachine (ContainerStateMachine.java:takeSnapshot(295)) - group-7B0B99665CB7: Finished taking a snapshot at:(t:1, i:16) file:/workdir/hadoop-ozone/integration-test/target/test-dir/MiniOzoneClusterImpl-dd65e27b-8d45-4efc-9722-0ebdacca054e/datanode-1/data/ratis/f8a09002-ebc7-4719-808f-7b0b99665cb7/sm/snapshot.1_16 time:22
2019-09-09 17:53:43,257 [StateMachineUpdater:a512d24e-7015-49b3-9efc-742152bae316:group-7B0B99665CB7] INFO  impl.StateMachineUpdater (StateMachineUpdater.java:lambda$new$0(80)) - StateMachineUpdater:a512d24e-7015-49b3-9efc-742152bae316:group-7B0B99665CB7: snapshotIndex: updateIncreasingly -1 -> 16
2019-09-09 17:53:43,257 [StateMachineUpdater:632bc77f-49d2-4ab2-a75d-f92c37ad2325:group-7B0B99665CB7] INFO  impl.StateMachineUpdater (StateMachineUpdater.java:takeSnapshot(242)) - StateMachineUpdater:632bc77f-49d2-4ab2-a75d-f92c37ad2325:group-7B0B99665CB7: Took a snapshot at index 16
2019-09-09 17:53:43,257 [StateMachineUpdater:632bc77f-49d2-4ab2-a75d-f92c37ad2325:group-7B0B99665CB7] INFO  impl.StateMachineUpdater (StateMachineUpdater.java:lambda$new$0(80)) - StateMachineUpdater:632bc77f-49d2-4ab2-a75d-f92c37ad2325:group-7B0B99665CB7: snapshotIndex: updateIncreasingly -1 -> 16
2019-09-09 17:53:43,265 [main] INFO  impl.RaftServerImpl (ServerState.java:close(394)) - a512d24e-7015-49b3-9efc-742152bae316:group-7B0B99665CB7 closes. The last applied log index is 16
2019-09-09 17:53:43,266 [a512d24e-7015-49b3-9efc-742152bae316-SegmentedRaftLogWorker:Storage Directory /workdir/hadoop-ozone/integration-test/target/test-dir/MiniOzoneClusterImpl-dd65e27b-8d45-4efc-9722-0ebdacca054e/datanode-4/data/ratis/f8a09002-ebc7-4719-808f-7b0b99665cb7] INFO  segmented.SegmentedRaftLogWorker (SegmentedRaftLogWorker.java:run(313)) - a512d24e-7015-49b3-9efc-742152bae316-SegmentedRaftLogWorker:Storage Directory /workdir/hadoop-ozone/integration-test/target/test-dir/MiniOzoneClusterImpl-dd65e27b-8d45-4efc-9722-0ebdacca054e/datanode-4/data/ratis/f8a09002-ebc7-4719-808f-7b0b99665cb7 was interrupted, exiting. There are 0 tasks remaining in the queue.
2019-09-09 17:53:43,265 [ForkJoinPool.commonPool-worker-1] INFO  impl.RaftServerImpl (ServerState.java:close(394)) - 632bc77f-49d2-4ab2-a75d-f92c37ad2325:group-7B0B99665CB7 closes. The last applied log index is 16
2019-09-09 17:53:43,269 [632bc77f-49d2-4ab2-a75d-f92c37ad2325-SegmentedRaftLogWorker:Storage Directory /workdir/hadoop-ozone/integration-test/target/test-dir/MiniOzoneClusterImpl-dd65e27b-8d45-4efc-9722-0ebdacca054e/datanode-1/data/ratis/f8a09002-ebc7-4719-808f-7b0b99665cb7] INFO  segmented.SegmentedRaftLogWorker (SegmentedRaftLogWorker.java:run(313)) - 632bc77f-49d2-4ab2-a75d-f92c37ad2325-SegmentedRaftLogWorker:Storage Directory /workdir/hadoop-ozone/integration-test/target/test-dir/MiniOzoneClusterImpl-dd65e27b-8d45-4efc-9722-0ebdacca054e/datanode-1/data/ratis/f8a09002-ebc7-4719-808f-7b0b99665cb7 was interrupted, exiting. There are 0 tasks remaining in the queue.
2019-09-09 17:53:43,269 [main] INFO  segmented.SegmentedRaftLogWorker (SegmentedRaftLogWorker.java:close(228)) - a512d24e-7015-49b3-9efc-742152bae316-SegmentedRaftLogWorker:Storage Directory /workdir/hadoop-ozone/integration-test/target/test-dir/MiniOzoneClusterImpl-dd65e27b-8d45-4efc-9722-0ebdacca054e/datanode-4/data/ratis/f8a09002-ebc7-4719-808f-7b0b99665cb7 close()
2019-09-09 17:53:43,271 [ForkJoinPool.commonPool-worker-1] INFO  segmented.SegmentedRaftLogWorker (SegmentedRaftLogWorker.java:close(228)) - 632bc77f-49d2-4ab2-a75d-f92c37ad2325-SegmentedRaftLogWorker:Storage Directory /workdir/hadoop-ozone/integration-test/target/test-dir/MiniOzoneClusterImpl-dd65e27b-8d45-4efc-9722-0ebdacca054e/datanode-1/data/ratis/f8a09002-ebc7-4719-808f-7b0b99665cb7 close()
2019-09-09 17:53:43,276 [main] INFO  impl.RaftServerImpl (RaftServerImpl.java:lambda$shutdown$3(245)) - a512d24e-7015-49b3-9efc-742152bae316: shutdown group-C6B8C09B6E74
2019-09-09 17:53:43,276 [main] INFO  util.JmxRegister (JmxRegister.java:unregister(73)) - Successfully un-registered JMX Bean with object name Ratis:service=RaftServer,group=group-C6B8C09B6E74,id=a512d24e-7015-49b3-9efc-742152bae316
2019-09-09 17:53:43,277 [main] INFO  impl.RoleInfo (RoleInfo.java:shutdownLeaderState(104)) - a512d24e-7015-49b3-9efc-742152bae316: shutdown LeaderState
2019-09-09 17:53:43,279 [main] INFO  impl.PendingRequests (PendingRequests.java:sendNotLeaderResponses(202)) - a512d24e-7015-49b3-9efc-742152bae316-PendingRequests: sendNotLeaderResponses
2019-09-09 17:53:43,282 [main] INFO  impl.StateMachineUpdater (StateMachineUpdater.java:stopAndJoin(115)) - StateMachineUpdater:a512d24e-7015-49b3-9efc-742152bae316:group-C6B8C09B6E74: set stopIndex = 0
2019-09-09 17:53:43,284 [ForkJoinPool.commonPool-worker-1] INFO  server.GrpcService (GrpcService.java:closeImpl(155)) - 632bc77f-49d2-4ab2-a75d-f92c37ad2325: shutdown server with port 44198 now
2019-09-09 17:53:43,285 [main] INFO  impl.RaftServerImpl (ServerState.java:close(394)) - a512d24e-7015-49b3-9efc-742152bae316:group-C6B8C09B6E74 closes. The last applied log index is 0
2019-09-09 17:53:43,285 [a512d24e-7015-49b3-9efc-742152bae316-SegmentedRaftLogWorker:Storage Directory /workdir/hadoop-ozone/integration-test/target/test-dir/MiniOzoneClusterImpl-dd65e27b-8d45-4efc-9722-0ebdacca054e/datanode-4/data/ratis/3e502682-61da-4a38-a35c-c6b8c09b6e74] INFO  segmented.SegmentedRaftLogWorker (SegmentedRaftLogWorker.java:run(313)) - a512d24e-7015-49b3-9efc-742152bae316-SegmentedRaftLogWorker:Storage Directory /workdir/hadoop-ozone/integration-test/target/test-dir/MiniOzoneClusterImpl-dd65e27b-8d45-4efc-9722-0ebdacca054e/datanode-4/data/ratis/3e502682-61da-4a38-a35c-c6b8c09b6e74 was interrupted, exiting. There are 0 tasks remaining in the queue.
2019-09-09 17:53:43,288 [main] INFO  segmented.SegmentedRaftLogWorker (SegmentedRaftLogWorker.java:close(228)) - a512d24e-7015-49b3-9efc-742152bae316-SegmentedRaftLogWorker:Storage Directory /workdir/hadoop-ozone/integration-test/target/test-dir/MiniOzoneClusterImpl-dd65e27b-8d45-4efc-9722-0ebdacca054e/datanode-4/data/ratis/3e502682-61da-4a38-a35c-c6b8c09b6e74 close()
2019-09-09 17:53:43,293 [main] INFO  server.GrpcService (GrpcService.java:closeImpl(155)) - a512d24e-7015-49b3-9efc-742152bae316: shutdown server with port 34871 now
2019-09-09 17:53:43,296 [ForkJoinPool.commonPool-worker-1] INFO  server.GrpcService (GrpcService.java:closeImpl(163)) - 632bc77f-49d2-4ab2-a75d-f92c37ad2325: shutdown server with port 44198 successfully
2019-09-09 17:53:43,299 [grpc-default-executor-0] WARN  server.GrpcServerProtocolService (LogUtils.java:warn(134)) - a512d24e-7015-49b3-9efc-742152bae316: appendEntries onError: org.apache.ratis.thirdparty.io.grpc.StatusRuntimeException: CANCELLED: cancelled before receiving half close
2019-09-09 17:53:43,299 [grpc-default-executor-1] WARN  server.GrpcServerProtocolService (LogUtils.java:warn(134)) - 632bc77f-49d2-4ab2-a75d-f92c37ad2325: appendEntries onError: org.apache.ratis.thirdparty.io.grpc.StatusRuntimeException: CANCELLED: cancelled before receiving half close
2019-09-09 17:53:43,302 [main] INFO  server.GrpcService (GrpcService.java:closeImpl(163)) - a512d24e-7015-49b3-9efc-742152bae316: shutdown server with port 34871 successfully
2019-09-09 17:53:43,305 [refreshUsed-/workdir/hadoop-ozone/integration-test/target/test-dir/MiniOzoneClusterImpl-dd65e27b-8d45-4efc-9722-0ebdacca054e/datanode-4/data/containers] WARN  fs.CachingGetSpaceUsed (CachingGetSpaceUsed.java:run(183)) - Thread Interrupted waiting to refresh disk information: sleep interrupted
2019-09-09 17:53:43,306 [refreshUsed-/workdir/hadoop-ozone/integration-test/target/test-dir/MiniOzoneClusterImpl-dd65e27b-8d45-4efc-9722-0ebdacca054e/datanode-1/data/containers] WARN  fs.CachingGetSpaceUsed (CachingGetSpaceUsed.java:run(183)) - Thread Interrupted waiting to refresh disk information: sleep interrupted
2019-09-09 17:53:43,316 [grpc-default-executor-0] WARN  server.GrpcLogAppender (LogUtils.java:warn(134)) - 79992e98-5725-47f9-a11f-d3f2be4c0891->a512d24e-7015-49b3-9efc-742152bae316: Failed appendEntries: org.apache.ratis.thirdparty.io.grpc.StatusRuntimeException: CANCELLED: HTTP/2 error code: CANCEL
Received Rst Stream
2019-09-09 17:53:43,325 [grpc-default-executor-1] WARN  server.GrpcLogAppender (LogUtils.java:warn(134)) - 79992e98-5725-47f9-a11f-d3f2be4c0891->632bc77f-49d2-4ab2-a75d-f92c37ad2325: Failed appendEntries: org.apache.ratis.thirdparty.io.grpc.StatusRuntimeException: CANCELLED: HTTP/2 error code: CANCEL
Received Rst Stream
2019-09-09 17:53:43,346 [grpc-default-executor-0] INFO  impl.FollowerInfo (FollowerInfo.java:lambda$new$0(50)) - 79992e98-5725-47f9-a11f-d3f2be4c0891->a512d24e-7015-49b3-9efc-742152bae316: nextIndex: updateUnconditionally 17 -> 16
2019-09-09 17:53:43,349 [ForkJoinPool.commonPool-worker-1] INFO  utils.BackgroundService (BackgroundService.java:shutdown(148)) - Shutting down service BlockDeletingService
2019-09-09 17:53:43,349 [grpc-default-executor-1] INFO  impl.FollowerInfo (FollowerInfo.java:lambda$new$0(50)) - 79992e98-5725-47f9-a11f-d3f2be4c0891->632bc77f-49d2-4ab2-a75d-f92c37ad2325: nextIndex: updateUnconditionally 17 -> 16
2019-09-09 17:53:43,353 [main] INFO  utils.BackgroundService (BackgroundService.java:shutdown(148)) - Shutting down service BlockDeletingService
2019-09-09 17:53:43,354 [ForkJoinPool.commonPool-worker-1] INFO  statemachine.DatanodeStateMachine (DatanodeStateMachine.java:stopDaemon(395)) - Ozone container server stopped.
2019-09-09 17:53:43,361 [main] INFO  statemachine.DatanodeStateMachine (DatanodeStateMachine.java:stopDaemon(395)) - Ozone container server stopped.
2019-09-09 17:53:43,365 [ForkJoinPool.commonPool-worker-1] INFO  handler.ContextHandler (ContextHandler.java:doStop(910)) - Stopped o.e.j.w.WebAppContext@43f1bb92{/,null,UNAVAILABLE}{/hddsDatanode}
2019-09-09 17:53:43,365 [main] INFO  handler.ContextHandler (ContextHandler.java:doStop(910)) - Stopped o.e.j.w.WebAppContext@3e67f5f2{/,null,UNAVAILABLE}{/hddsDatanode}
2019-09-09 17:53:43,365 [ForkJoinPool.commonPool-worker-1] INFO  server.AbstractConnector (AbstractConnector.java:doStop(318)) - Stopped ServerConnector@6d6bbd35{HTTP/1.1,[http/1.1]}{0.0.0.0:0}
2019-09-09 17:53:43,365 [main] INFO  server.AbstractConnector (AbstractConnector.java:doStop(318)) - Stopped ServerConnector@fd53053{HTTP/1.1,[http/1.1]}{0.0.0.0:0}
2019-09-09 17:53:43,366 [main] INFO  handler.ContextHandler (ContextHandler.java:doStop(910)) - Stopped o.e.j.s.ServletContextHandler@ed91d8d{/static,jar:file:/home/user/.m2/repository/org/apache/hadoop/hadoop-hdds-container-service/0.5.0-SNAPSHOT/hadoop-hdds-container-service-0.5.0-SNAPSHOT.jar!/webapps/static,UNAVAILABLE}
2019-09-09 17:53:43,366 [main] INFO  handler.ContextHandler (ContextHandler.java:doStop(910)) - Stopped o.e.j.s.ServletContextHandler@59bbe88a{/logs,file:///workdir/hadoop-ozone/integration-test/target/log,UNAVAILABLE}
2019-09-09 17:53:43,368 [ForkJoinPool.commonPool-worker-1] INFO  handler.ContextHandler (ContextHandler.java:doStop(910)) - Stopped o.e.j.s.ServletContextHandler@1e1e9ef3{/static,jar:file:/home/user/.m2/repository/org/apache/hadoop/hadoop-hdds-container-service/0.5.0-SNAPSHOT/hadoop-hdds-container-service-0.5.0-SNAPSHOT.jar!/webapps/static,UNAVAILABLE}
2019-09-09 17:53:43,370 [ForkJoinPool.commonPool-worker-1] INFO  handler.ContextHandler (ContextHandler.java:doStop(910)) - Stopped o.e.j.s.ServletContextHandler@2e645fbd{/logs,file:///workdir/hadoop-ozone/integration-test/target/log,UNAVAILABLE}
2019-09-09 17:53:43,389 | INFO  | SCMAudit | user=jenkins1000 | ip=192.168.34.39 | op=SEND_HEARTBEAT {datanodeUUID=79992e98-5725-47f9-a11f-d3f2be4c0891, command=[commandType: closeContainerCommand closeContainerCommandProto { containerID: 1 pipelineID { id: "f8a09002-ebc7-4719-808f-7b0b99665cb7" } cmdId: 1 force: false } ]} | ret=SUCCESS |  
2019-09-09 17:53:44,019 [Datanode State Machine Thread - 0] INFO  statemachine.DatanodeStateMachine (DatanodeStateMachine.java:lambda$startDaemon$0(350)) - Ozone container server started.
2019-09-09 17:53:44,019 [Datanode State Machine Thread - 0] INFO  statemachine.DatanodeStateMachine (DatanodeStateMachine.java:lambda$startDaemon$0(350)) - Ozone container server started.
2019-09-09 17:53:44,021 | INFO  | SCMAudit | user=jenkins1000 | ip=192.168.34.39 | op=SEND_HEARTBEAT {datanodeUUID=461d5a8a-abc0-4960-ba8e-ca8a6c8b8d3d, command=[]} | ret=SUCCESS |  
2019-09-09 17:53:44,205 | INFO  | SCMAudit | user=jenkins1000 | ip=192.168.34.39 | op=SEND_HEARTBEAT {datanodeUUID=3e6286ff-ff2d-4683-9fff-89a0aa7b9349, command=[]} | ret=SUCCESS |  
2019-09-09 17:53:44,367 | INFO  | SCMAudit | user=jenkins1000 | ip=192.168.34.39 | op=SEND_HEARTBEAT {datanodeUUID=79992e98-5725-47f9-a11f-d3f2be4c0891, command=[]} | ret=SUCCESS |  
2019-09-09 17:53:44,405 | INFO  | SCMAudit | user=jenkins1000 | ip=192.168.34.39 | op=SEND_HEARTBEAT {datanodeUUID=79992e98-5725-47f9-a11f-d3f2be4c0891, command=[]} | ret=SUCCESS |  
2019-09-09 17:53:44,419 [grpc-default-executor-0] WARN  server.GrpcLogAppender (LogUtils.java:warn(134)) - 79992e98-5725-47f9-a11f-d3f2be4c0891->632bc77f-49d2-4ab2-a75d-f92c37ad2325: Failed appendEntries: org.apache.ratis.thirdparty.io.grpc.StatusRuntimeException: UNAVAILABLE: io exception
2019-09-09 17:53:44,419 [grpc-default-executor-3] WARN  server.GrpcLogAppender (LogUtils.java:warn(134)) - 79992e98-5725-47f9-a11f-d3f2be4c0891->a512d24e-7015-49b3-9efc-742152bae316: Failed appendEntries: org.apache.ratis.thirdparty.io.grpc.StatusRuntimeException: UNAVAILABLE: io exception
2019-09-09 17:53:44,424 [grpc-default-executor-3] INFO  impl.FollowerInfo (FollowerInfo.java:lambda$new$0(50)) - 79992e98-5725-47f9-a11f-d3f2be4c0891->a512d24e-7015-49b3-9efc-742152bae316: nextIndex: updateUnconditionally 17 -> 16
2019-09-09 17:53:44,424 [grpc-default-executor-0] INFO  impl.FollowerInfo (FollowerInfo.java:lambda$new$0(50)) - 79992e98-5725-47f9-a11f-d3f2be4c0891->632bc77f-49d2-4ab2-a75d-f92c37ad2325: nextIndex: updateUnconditionally 17 -> 16
2019-09-09 17:53:45,021 | INFO  | SCMAudit | user=jenkins1000 | ip=192.168.34.39 | op=SEND_HEARTBEAT {datanodeUUID=461d5a8a-abc0-4960-ba8e-ca8a6c8b8d3d, command=[]} | ret=SUCCESS |  
2019-09-09 17:53:45,205 | INFO  | SCMAudit | user=jenkins1000 | ip=192.168.34.39 | op=SEND_HEARTBEAT {datanodeUUID=3e6286ff-ff2d-4683-9fff-89a0aa7b9349, command=[]} | ret=SUCCESS |  
2019-09-09 17:53:45,405 | INFO  | SCMAudit | user=jenkins1000 | ip=192.168.34.39 | op=SEND_HEARTBEAT {datanodeUUID=79992e98-5725-47f9-a11f-d3f2be4c0891, command=[]} | ret=SUCCESS |  
2019-09-09 17:53:46,021 | INFO  | SCMAudit | user=jenkins1000 | ip=192.168.34.39 | op=SEND_HEARTBEAT {datanodeUUID=461d5a8a-abc0-4960-ba8e-ca8a6c8b8d3d, command=[]} | ret=SUCCESS |  
2019-09-09 17:53:46,205 | INFO  | SCMAudit | user=jenkins1000 | ip=192.168.34.39 | op=SEND_HEARTBEAT {datanodeUUID=3e6286ff-ff2d-4683-9fff-89a0aa7b9349, command=[]} | ret=SUCCESS |  
2019-09-09 17:53:46,405 | INFO  | SCMAudit | user=jenkins1000 | ip=192.168.34.39 | op=SEND_HEARTBEAT {datanodeUUID=79992e98-5725-47f9-a11f-d3f2be4c0891, command=[]} | ret=SUCCESS |  
2019-09-09 17:53:46,917 [grpc-default-executor-1] WARN  server.GrpcLogAppender (LogUtils.java:warn(134)) - 79992e98-5725-47f9-a11f-d3f2be4c0891->a512d24e-7015-49b3-9efc-742152bae316: Failed appendEntries: org.apache.ratis.thirdparty.io.grpc.StatusRuntimeException: UNAVAILABLE: io exception
2019-09-09 17:53:46,917 [grpc-default-executor-2] WARN  server.GrpcLogAppender (LogUtils.java:warn(134)) - 79992e98-5725-47f9-a11f-d3f2be4c0891->632bc77f-49d2-4ab2-a75d-f92c37ad2325: Failed appendEntries: org.apache.ratis.thirdparty.io.grpc.StatusRuntimeException: UNAVAILABLE: io exception
2019-09-09 17:53:46,921 [grpc-default-executor-1] INFO  impl.FollowerInfo (FollowerInfo.java:lambda$new$0(50)) - 79992e98-5725-47f9-a11f-d3f2be4c0891->a512d24e-7015-49b3-9efc-742152bae316: nextIndex: updateUnconditionally 16 -> 15
2019-09-09 17:53:46,921 [grpc-default-executor-2] INFO  impl.FollowerInfo (FollowerInfo.java:lambda$new$0(50)) - 79992e98-5725-47f9-a11f-d3f2be4c0891->632bc77f-49d2-4ab2-a75d-f92c37ad2325: nextIndex: updateUnconditionally 16 -> 15
2019-09-09 17:53:47,021 | INFO  | SCMAudit | user=jenkins1000 | ip=192.168.34.39 | op=SEND_HEARTBEAT {datanodeUUID=461d5a8a-abc0-4960-ba8e-ca8a6c8b8d3d, command=[]} | ret=SUCCESS |  
2019-09-09 17:53:47,206 | INFO  | SCMAudit | user=jenkins1000 | ip=192.168.34.39 | op=SEND_HEARTBEAT {datanodeUUID=3e6286ff-ff2d-4683-9fff-89a0aa7b9349, command=[]} | ret=SUCCESS |  
2019-09-09 17:53:47,405 | INFO  | SCMAudit | user=jenkins1000 | ip=192.168.34.39 | op=SEND_HEARTBEAT {datanodeUUID=79992e98-5725-47f9-a11f-d3f2be4c0891, command=[]} | ret=SUCCESS |  
2019-09-09 17:53:48,021 | INFO  | SCMAudit | user=jenkins1000 | ip=192.168.34.39 | op=SEND_HEARTBEAT {datanodeUUID=461d5a8a-abc0-4960-ba8e-ca8a6c8b8d3d, command=[]} | ret=SUCCESS |  
2019-09-09 17:53:48,068 [EventQueue-StaleNodeForStaleNodeHandler] INFO  node.StaleNodeHandler (StaleNodeHandler.java:onMessage(58)) - Datanode 48a6b30f-2754-42eb-8fb1-9557657e4eca{ip: 192.168.34.39, host: pr-hdds-2102-js77h-2988213663, networkLocation: /default-rack, certSerialId: null} moved to stale state. Finalizing its pipelines [PipelineID=c5dc8727-3b7f-433c-83e6-010bf5b00ed5, PipelineID=fc58d2ef-dd05-4008-8fe2-010076f2fa1a]
2019-09-09 17:53:48,068 [EventQueue-StaleNodeForStaleNodeHandler] INFO  pipeline.SCMPipelineManager (SCMPipelineManager.java:finalizeAndDestroyPipeline(309)) - destroying pipeline:Pipeline[ Id: c5dc8727-3b7f-433c-83e6-010bf5b00ed5, Nodes: 48a6b30f-2754-42eb-8fb1-9557657e4eca{ip: 192.168.34.39, host: pr-hdds-2102-js77h-2988213663, networkLocation: /default-rack, certSerialId: null}, Type:RATIS, Factor:ONE, State:OPEN]
2019-09-09 17:53:48,069 [EventQueue-StaleNodeForStaleNodeHandler] INFO  pipeline.PipelineStateManager (PipelineStateManager.java:finalizePipeline(123)) - Pipeline Pipeline[ Id: c5dc8727-3b7f-433c-83e6-010bf5b00ed5, Nodes: 48a6b30f-2754-42eb-8fb1-9557657e4eca{ip: 192.168.34.39, host: pr-hdds-2102-js77h-2988213663, networkLocation: /default-rack, certSerialId: null}, Type:RATIS, Factor:ONE, State:CLOSED] moved to CLOSED state
2019-09-09 17:53:48,069 [EventQueue-StaleNodeForStaleNodeHandler] INFO  pipeline.SCMPipelineManager (SCMPipelineManager.java:finalizeAndDestroyPipeline(309)) - destroying pipeline:Pipeline[ Id: fc58d2ef-dd05-4008-8fe2-010076f2fa1a, Nodes: 48a6b30f-2754-42eb-8fb1-9557657e4eca{ip: 192.168.34.39, host: pr-hdds-2102-js77h-2988213663, networkLocation: /default-rack, certSerialId: null}461d5a8a-abc0-4960-ba8e-ca8a6c8b8d3d{ip: 192.168.34.39, host: pr-hdds-2102-js77h-2988213663, networkLocation: /default-rack, certSerialId: null}30f1fa56-7151-4e7f-b33c-622218368397{ip: 192.168.34.39, host: pr-hdds-2102-js77h-2988213663, networkLocation: /default-rack, certSerialId: null}, Type:RATIS, Factor:THREE, State:OPEN]
2019-09-09 17:53:48,069 [EventQueue-StaleNodeForStaleNodeHandler] INFO  pipeline.PipelineStateManager (PipelineStateManager.java:finalizePipeline(123)) - Pipeline Pipeline[ Id: fc58d2ef-dd05-4008-8fe2-010076f2fa1a, Nodes: 48a6b30f-2754-42eb-8fb1-9557657e4eca{ip: 192.168.34.39, host: pr-hdds-2102-js77h-2988213663, networkLocation: /default-rack, certSerialId: null}461d5a8a-abc0-4960-ba8e-ca8a6c8b8d3d{ip: 192.168.34.39, host: pr-hdds-2102-js77h-2988213663, networkLocation: /default-rack, certSerialId: null}30f1fa56-7151-4e7f-b33c-622218368397{ip: 192.168.34.39, host: pr-hdds-2102-js77h-2988213663, networkLocation: /default-rack, certSerialId: null}, Type:RATIS, Factor:THREE, State:CLOSED] moved to CLOSED state
2019-09-09 17:53:48,069 [EventQueue-CloseContainerForCloseContainerEventHandler] INFO  container.CloseContainerEventHandler (CloseContainerEventHandler.java:onMessage(61)) - Close container Event triggered for container : #2
2019-09-09 17:53:48,069 [EventQueue-StaleNodeForStaleNodeHandler] INFO  node.StaleNodeHandler (StaleNodeHandler.java:onMessage(58)) - Datanode 30f1fa56-7151-4e7f-b33c-622218368397{ip: 192.168.34.39, host: pr-hdds-2102-js77h-2988213663, networkLocation: /default-rack, certSerialId: null} moved to stale state. Finalizing its pipelines [PipelineID=fc58d2ef-dd05-4008-8fe2-010076f2fa1a, PipelineID=be75cb32-1f7a-4b11-8b9a-bfc4c277e80e]
2019-09-09 17:53:48,070 [EventQueue-StaleNodeForStaleNodeHandler] INFO  pipeline.SCMPipelineManager (SCMPipelineManager.java:finalizeAndDestroyPipeline(309)) - destroying pipeline:Pipeline[ Id: fc58d2ef-dd05-4008-8fe2-010076f2fa1a, Nodes: 48a6b30f-2754-42eb-8fb1-9557657e4eca{ip: 192.168.34.39, host: pr-hdds-2102-js77h-2988213663, networkLocation: /default-rack, certSerialId: null}461d5a8a-abc0-4960-ba8e-ca8a6c8b8d3d{ip: 192.168.34.39, host: pr-hdds-2102-js77h-2988213663, networkLocation: /default-rack, certSerialId: null}30f1fa56-7151-4e7f-b33c-622218368397{ip: 192.168.34.39, host: pr-hdds-2102-js77h-2988213663, networkLocation: /default-rack, certSerialId: null}, Type:RATIS, Factor:THREE, State:CLOSED]
2019-09-09 17:53:48,070 [EventQueue-StaleNodeForStaleNodeHandler] INFO  pipeline.SCMPipelineManager (SCMPipelineManager.java:finalizeAndDestroyPipeline(309)) - destroying pipeline:Pipeline[ Id: be75cb32-1f7a-4b11-8b9a-bfc4c277e80e, Nodes: 30f1fa56-7151-4e7f-b33c-622218368397{ip: 192.168.34.39, host: pr-hdds-2102-js77h-2988213663, networkLocation: /default-rack, certSerialId: null}, Type:RATIS, Factor:ONE, State:OPEN]
2019-09-09 17:53:48,070 [EventQueue-StaleNodeForStaleNodeHandler] INFO  pipeline.PipelineStateManager (PipelineStateManager.java:finalizePipeline(123)) - Pipeline Pipeline[ Id: be75cb32-1f7a-4b11-8b9a-bfc4c277e80e, Nodes: 30f1fa56-7151-4e7f-b33c-622218368397{ip: 192.168.34.39, host: pr-hdds-2102-js77h-2988213663, networkLocation: /default-rack, certSerialId: null}, Type:RATIS, Factor:ONE, State:CLOSED] moved to CLOSED state
2019-09-09 17:53:48,206 | INFO  | SCMAudit | user=jenkins1000 | ip=192.168.34.39 | op=SEND_HEARTBEAT {datanodeUUID=3e6286ff-ff2d-4683-9fff-89a0aa7b9349, command=[]} | ret=SUCCESS |  
2019-09-09 17:53:48,370 [main] INFO  ozoneimpl.OzoneContainer (OzoneContainer.java:stop(215)) - Attempting to stop container services.
2019-09-09 17:53:48,371 [ForkJoinPool.commonPool-worker-1] INFO  ozoneimpl.OzoneContainer (OzoneContainer.java:stop(215)) - Attempting to stop container services.
2019-09-09 17:53:48,371 [main] INFO  impl.RaftServerProxy (RaftServerProxy.java:lambda$close$4(314)) - 48a6b30f-2754-42eb-8fb1-9557657e4eca: close
2019-09-09 17:53:48,371 [ForkJoinPool.commonPool-worker-1] INFO  impl.RaftServerProxy (RaftServerProxy.java:lambda$close$4(314)) - 30f1fa56-7151-4e7f-b33c-622218368397: close
2019-09-09 17:53:48,371 [main] INFO  impl.RaftServerImpl (RaftServerImpl.java:lambda$shutdown$3(245)) - 48a6b30f-2754-42eb-8fb1-9557657e4eca: shutdown group-010BF5B00ED5
2019-09-09 17:53:48,371 [ForkJoinPool.commonPool-worker-1] INFO  impl.RaftServerImpl (RaftServerImpl.java:lambda$shutdown$3(245)) - 30f1fa56-7151-4e7f-b33c-622218368397: shutdown group-010076F2FA1A
2019-09-09 17:53:48,372 [main] INFO  util.JmxRegister (JmxRegister.java:unregister(73)) - Successfully un-registered JMX Bean with object name Ratis:service=RaftServer,group=group-010BF5B00ED5,id=48a6b30f-2754-42eb-8fb1-9557657e4eca
2019-09-09 17:53:48,372 [ForkJoinPool.commonPool-worker-1] INFO  util.JmxRegister (JmxRegister.java:unregister(73)) - Successfully un-registered JMX Bean with object name Ratis:service=RaftServer,group=group-010076F2FA1A,id=30f1fa56-7151-4e7f-b33c-622218368397
2019-09-09 17:53:48,372 [main] INFO  impl.RoleInfo (RoleInfo.java:shutdownLeaderState(104)) - 48a6b30f-2754-42eb-8fb1-9557657e4eca: shutdown LeaderState
2019-09-09 17:53:48,372 [ForkJoinPool.commonPool-worker-1] INFO  impl.RoleInfo (RoleInfo.java:shutdownLeaderState(104)) - 30f1fa56-7151-4e7f-b33c-622218368397: shutdown LeaderState
2019-09-09 17:53:48,373 [main] INFO  impl.PendingRequests (PendingRequests.java:sendNotLeaderResponses(202)) - 48a6b30f-2754-42eb-8fb1-9557657e4eca-PendingRequests: sendNotLeaderResponses
2019-09-09 17:53:48,375 [org.apache.ratis.server.impl.LogAppender$AppenderDaemon$$Lambda$472/1998228974@575dec84] WARN  server.GrpcLogAppender (GrpcLogAppender.java:mayWait(143)) - GrpcLogAppender(30f1fa56-7151-4e7f-b33c-622218368397->48a6b30f-2754-42eb-8fb1-9557657e4eca): Wait interrupted by java.lang.InterruptedException
2019-09-09 17:53:48,375 [org.apache.ratis.server.impl.LogAppender$AppenderDaemon$$Lambda$472/1998228974@3ab41e64] WARN  server.GrpcLogAppender (GrpcLogAppender.java:mayWait(143)) - GrpcLogAppender(30f1fa56-7151-4e7f-b33c-622218368397->461d5a8a-abc0-4960-ba8e-ca8a6c8b8d3d): Wait interrupted by java.lang.InterruptedException
2019-09-09 17:53:48,375 [ForkJoinPool.commonPool-worker-1] INFO  impl.PendingRequests (PendingRequests.java:sendNotLeaderResponses(202)) - 30f1fa56-7151-4e7f-b33c-622218368397-PendingRequests: sendNotLeaderResponses
2019-09-09 17:53:48,376 [main] INFO  impl.StateMachineUpdater (StateMachineUpdater.java:stopAndJoin(115)) - StateMachineUpdater:48a6b30f-2754-42eb-8fb1-9557657e4eca:group-010BF5B00ED5: set stopIndex = 0
2019-09-09 17:53:48,384 [main] INFO  impl.RaftServerImpl (ServerState.java:close(394)) - 48a6b30f-2754-42eb-8fb1-9557657e4eca:group-010BF5B00ED5 closes. The last applied log index is 0
2019-09-09 17:53:48,384 [48a6b30f-2754-42eb-8fb1-9557657e4eca-SegmentedRaftLogWorker:Storage Directory /workdir/hadoop-ozone/integration-test/target/test-dir/MiniOzoneClusterImpl-dd65e27b-8d45-4efc-9722-0ebdacca054e/datanode-3/data/ratis/c5dc8727-3b7f-433c-83e6-010bf5b00ed5] INFO  segmented.SegmentedRaftLogWorker (SegmentedRaftLogWorker.java:run(313)) - 48a6b30f-2754-42eb-8fb1-9557657e4eca-SegmentedRaftLogWorker:Storage Directory /workdir/hadoop-ozone/integration-test/target/test-dir/MiniOzoneClusterImpl-dd65e27b-8d45-4efc-9722-0ebdacca054e/datanode-3/data/ratis/c5dc8727-3b7f-433c-83e6-010bf5b00ed5 was interrupted, exiting. There are 0 tasks remaining in the queue.
2019-09-09 17:53:48,385 [grpc-default-executor-1] INFO  server.GrpcServerProtocolService (GrpcServerProtocolService.java:onCompleted(104)) - 461d5a8a-abc0-4960-ba8e-ca8a6c8b8d3d: appendEntries completed
2019-09-09 17:53:48,385 [main] INFO  segmented.SegmentedRaftLogWorker (SegmentedRaftLogWorker.java:close(228)) - 48a6b30f-2754-42eb-8fb1-9557657e4eca-SegmentedRaftLogWorker:Storage Directory /workdir/hadoop-ozone/integration-test/target/test-dir/MiniOzoneClusterImpl-dd65e27b-8d45-4efc-9722-0ebdacca054e/datanode-3/data/ratis/c5dc8727-3b7f-433c-83e6-010bf5b00ed5 close()
2019-09-09 17:53:48,385 [grpc-default-executor-2] INFO  server.GrpcServerProtocolService (GrpcServerProtocolService.java:onCompleted(104)) - 48a6b30f-2754-42eb-8fb1-9557657e4eca: appendEntries completed
2019-09-09 17:53:48,388 [main] INFO  impl.RaftServerImpl (RaftServerImpl.java:lambda$shutdown$3(245)) - 48a6b30f-2754-42eb-8fb1-9557657e4eca: shutdown group-010076F2FA1A
2019-09-09 17:53:48,389 [grpc-default-executor-1] INFO  server.GrpcLogAppender (GrpcLogAppender.java:onCompleted(292)) - 30f1fa56-7151-4e7f-b33c-622218368397->461d5a8a-abc0-4960-ba8e-ca8a6c8b8d3d: follower responses appendEntries COMPLETED
2019-09-09 17:53:48,390 [main] INFO  util.JmxRegister (JmxRegister.java:unregister(73)) - Successfully un-registered JMX Bean with object name Ratis:service=RaftServer,group=group-010076F2FA1A,id=48a6b30f-2754-42eb-8fb1-9557657e4eca
2019-09-09 17:53:48,390 [grpc-default-executor-2] INFO  server.GrpcLogAppender (GrpcLogAppender.java:onCompleted(292)) - 30f1fa56-7151-4e7f-b33c-622218368397->48a6b30f-2754-42eb-8fb1-9557657e4eca: follower responses appendEntries COMPLETED
2019-09-09 17:53:48,391 [main] INFO  impl.RoleInfo (RoleInfo.java:shutdownFollowerState(121)) - 48a6b30f-2754-42eb-8fb1-9557657e4eca: shutdown FollowerState
2019-09-09 17:53:48,391 [grpc-default-executor-1] INFO  impl.FollowerInfo (FollowerInfo.java:lambda$new$0(50)) - 30f1fa56-7151-4e7f-b33c-622218368397->461d5a8a-abc0-4960-ba8e-ca8a6c8b8d3d: nextIndex: updateUnconditionally 5 -> 4
2019-09-09 17:53:48,396 [StateMachineUpdater:48a6b30f-2754-42eb-8fb1-9557657e4eca:group-010076F2FA1A] INFO  ratis.ContainerStateMachine (ContainerStateMachine.java:takeSnapshot(284)) - group-010076F2FA1A: Taking a snapshot at:(t:1, i:3) file /workdir/hadoop-ozone/integration-test/target/test-dir/MiniOzoneClusterImpl-dd65e27b-8d45-4efc-9722-0ebdacca054e/datanode-3/data/ratis/fc58d2ef-dd05-4008-8fe2-010076f2fa1a/sm/snapshot.1_3
2019-09-09 17:53:48,396 [StateMachineUpdater:30f1fa56-7151-4e7f-b33c-622218368397:group-010076F2FA1A] INFO  ratis.ContainerStateMachine (ContainerStateMachine.java:takeSnapshot(284)) - group-010076F2FA1A: Taking a snapshot at:(t:1, i:4) file /workdir/hadoop-ozone/integration-test/target/test-dir/MiniOzoneClusterImpl-dd65e27b-8d45-4efc-9722-0ebdacca054e/datanode-2/data/ratis/fc58d2ef-dd05-4008-8fe2-010076f2fa1a/sm/snapshot.1_4
2019-09-09 17:53:48,396 [Thread-311] INFO  impl.FollowerState (FollowerState.java:run(114)) - 48a6b30f-2754-42eb-8fb1-9557657e4eca: FollowerState was interrupted: java.lang.InterruptedException: sleep interrupted
2019-09-09 17:53:48,396 [main] INFO  impl.StateMachineUpdater (StateMachineUpdater.java:stopAndJoin(115)) - StateMachineUpdater:48a6b30f-2754-42eb-8fb1-9557657e4eca:group-010076F2FA1A: set stopIndex = 4
2019-09-09 17:53:48,395 [ForkJoinPool.commonPool-worker-1] INFO  impl.StateMachineUpdater (StateMachineUpdater.java:stopAndJoin(115)) - StateMachineUpdater:30f1fa56-7151-4e7f-b33c-622218368397:group-010076F2FA1A: set stopIndex = 4
2019-09-09 17:53:48,393 [grpc-default-executor-2] INFO  impl.FollowerInfo (FollowerInfo.java:lambda$new$0(50)) - 30f1fa56-7151-4e7f-b33c-622218368397->48a6b30f-2754-42eb-8fb1-9557657e4eca: nextIndex: updateUnconditionally 5 -> 4
2019-09-09 17:53:48,405 | INFO  | SCMAudit | user=jenkins1000 | ip=192.168.34.39 | op=SEND_HEARTBEAT {datanodeUUID=79992e98-5725-47f9-a11f-d3f2be4c0891, command=[]} | ret=SUCCESS |  
2019-09-09 17:53:48,862 [StateMachineUpdater:48a6b30f-2754-42eb-8fb1-9557657e4eca:group-010076F2FA1A] INFO  ratis.ContainerStateMachine (ContainerStateMachine.java:takeSnapshot(295)) - group-010076F2FA1A: Finished taking a snapshot at:(t:1, i:3) file:/workdir/hadoop-ozone/integration-test/target/test-dir/MiniOzoneClusterImpl-dd65e27b-8d45-4efc-9722-0ebdacca054e/datanode-3/data/ratis/fc58d2ef-dd05-4008-8fe2-010076f2fa1a/sm/snapshot.1_3 time:466
2019-09-09 17:53:48,862 [StateMachineUpdater:30f1fa56-7151-4e7f-b33c-622218368397:group-010076F2FA1A] INFO  ratis.ContainerStateMachine (ContainerStateMachine.java:takeSnapshot(295)) - group-010076F2FA1A: Finished taking a snapshot at:(t:1, i:4) file:/workdir/hadoop-ozone/integration-test/target/test-dir/MiniOzoneClusterImpl-dd65e27b-8d45-4efc-9722-0ebdacca054e/datanode-2/data/ratis/fc58d2ef-dd05-4008-8fe2-010076f2fa1a/sm/snapshot.1_4 time:466
2019-09-09 17:53:48,862 [StateMachineUpdater:48a6b30f-2754-42eb-8fb1-9557657e4eca:group-010076F2FA1A] INFO  impl.StateMachineUpdater (StateMachineUpdater.java:takeSnapshot(242)) - StateMachineUpdater:48a6b30f-2754-42eb-8fb1-9557657e4eca:group-010076F2FA1A: Took a snapshot at index 3
2019-09-09 17:53:48,862 [StateMachineUpdater:30f1fa56-7151-4e7f-b33c-622218368397:group-010076F2FA1A] INFO  impl.StateMachineUpdater (StateMachineUpdater.java:takeSnapshot(242)) - StateMachineUpdater:30f1fa56-7151-4e7f-b33c-622218368397:group-010076F2FA1A: Took a snapshot at index 4
2019-09-09 17:53:48,862 [StateMachineUpdater:48a6b30f-2754-42eb-8fb1-9557657e4eca:group-010076F2FA1A] INFO  impl.StateMachineUpdater (StateMachineUpdater.java:lambda$new$0(80)) - StateMachineUpdater:48a6b30f-2754-42eb-8fb1-9557657e4eca:group-010076F2FA1A: snapshotIndex: updateIncreasingly -1 -> 3
2019-09-09 17:53:48,862 [StateMachineUpdater:30f1fa56-7151-4e7f-b33c-622218368397:group-010076F2FA1A] INFO  impl.StateMachineUpdater (StateMachineUpdater.java:lambda$new$0(80)) - StateMachineUpdater:30f1fa56-7151-4e7f-b33c-622218368397:group-010076F2FA1A: snapshotIndex: updateIncreasingly -1 -> 4
2019-09-09 17:53:48,863 [main] INFO  impl.RaftServerImpl (ServerState.java:close(394)) - 48a6b30f-2754-42eb-8fb1-9557657e4eca:group-010076F2FA1A closes. The last applied log index is 4
2019-09-09 17:53:48,863 [ForkJoinPool.commonPool-worker-1] INFO  impl.RaftServerImpl (ServerState.java:close(394)) - 30f1fa56-7151-4e7f-b33c-622218368397:group-010076F2FA1A closes. The last applied log index is 4
2019-09-09 17:53:48,864 [48a6b30f-2754-42eb-8fb1-9557657e4eca-SegmentedRaftLogWorker:Storage Directory /workdir/hadoop-ozone/integration-test/target/test-dir/MiniOzoneClusterImpl-dd65e27b-8d45-4efc-9722-0ebdacca054e/datanode-3/data/ratis/fc58d2ef-dd05-4008-8fe2-010076f2fa1a] INFO  segmented.SegmentedRaftLogWorker (SegmentedRaftLogWorker.java:run(313)) - 48a6b30f-2754-42eb-8fb1-9557657e4eca-SegmentedRaftLogWorker:Storage Directory /workdir/hadoop-ozone/integration-test/target/test-dir/MiniOzoneClusterImpl-dd65e27b-8d45-4efc-9722-0ebdacca054e/datanode-3/data/ratis/fc58d2ef-dd05-4008-8fe2-010076f2fa1a was interrupted, exiting. There are 0 tasks remaining in the queue.
2019-09-09 17:53:48,864 [30f1fa56-7151-4e7f-b33c-622218368397-SegmentedRaftLogWorker:Storage Directory /workdir/hadoop-ozone/integration-test/target/test-dir/MiniOzoneClusterImpl-dd65e27b-8d45-4efc-9722-0ebdacca054e/datanode-2/data/ratis/fc58d2ef-dd05-4008-8fe2-010076f2fa1a] INFO  segmented.SegmentedRaftLogWorker (SegmentedRaftLogWorker.java:run(313)) - 30f1fa56-7151-4e7f-b33c-622218368397-SegmentedRaftLogWorker:Storage Directory /workdir/hadoop-ozone/integration-test/target/test-dir/MiniOzoneClusterImpl-dd65e27b-8d45-4efc-9722-0ebdacca054e/datanode-2/data/ratis/fc58d2ef-dd05-4008-8fe2-010076f2fa1a was interrupted, exiting. There are 0 tasks remaining in the queue.
2019-09-09 17:53:48,868 [ForkJoinPool.commonPool-worker-1] INFO  segmented.SegmentedRaftLogWorker (SegmentedRaftLogWorker.java:close(228)) - 30f1fa56-7151-4e7f-b33c-622218368397-SegmentedRaftLogWorker:Storage Directory /workdir/hadoop-ozone/integration-test/target/test-dir/MiniOzoneClusterImpl-dd65e27b-8d45-4efc-9722-0ebdacca054e/datanode-2/data/ratis/fc58d2ef-dd05-4008-8fe2-010076f2fa1a close()
2019-09-09 17:53:48,868 [main] INFO  segmented.SegmentedRaftLogWorker (SegmentedRaftLogWorker.java:close(228)) - 48a6b30f-2754-42eb-8fb1-9557657e4eca-SegmentedRaftLogWorker:Storage Directory /workdir/hadoop-ozone/integration-test/target/test-dir/MiniOzoneClusterImpl-dd65e27b-8d45-4efc-9722-0ebdacca054e/datanode-3/data/ratis/fc58d2ef-dd05-4008-8fe2-010076f2fa1a close()
2019-09-09 17:53:48,872 [ForkJoinPool.commonPool-worker-1] INFO  impl.RaftServerImpl (RaftServerImpl.java:lambda$shutdown$3(245)) - 30f1fa56-7151-4e7f-b33c-622218368397: shutdown group-BFC4C277E80E
2019-09-09 17:53:48,875 [main] INFO  server.GrpcService (GrpcService.java:closeImpl(155)) - 48a6b30f-2754-42eb-8fb1-9557657e4eca: shutdown server with port 34921 now
2019-09-09 17:53:48,875 [ForkJoinPool.commonPool-worker-1] INFO  util.JmxRegister (JmxRegister.java:unregister(73)) - Successfully un-registered JMX Bean with object name Ratis:service=RaftServer,group=group-BFC4C277E80E,id=30f1fa56-7151-4e7f-b33c-622218368397
2019-09-09 17:53:48,876 [ForkJoinPool.commonPool-worker-1] INFO  impl.RoleInfo (RoleInfo.java:shutdownLeaderState(104)) - 30f1fa56-7151-4e7f-b33c-622218368397: shutdown LeaderState
2019-09-09 17:53:48,876 [main] INFO  server.GrpcService (GrpcService.java:closeImpl(163)) - 48a6b30f-2754-42eb-8fb1-9557657e4eca: shutdown server with port 34921 successfully
2019-09-09 17:53:48,876 [ForkJoinPool.commonPool-worker-1] INFO  impl.PendingRequests (PendingRequests.java:sendNotLeaderResponses(202)) - 30f1fa56-7151-4e7f-b33c-622218368397-PendingRequests: sendNotLeaderResponses
2019-09-09 17:53:48,877 [ForkJoinPool.commonPool-worker-1] INFO  impl.StateMachineUpdater (StateMachineUpdater.java:stopAndJoin(115)) - StateMachineUpdater:30f1fa56-7151-4e7f-b33c-622218368397:group-BFC4C277E80E: set stopIndex = 0
2019-09-09 17:53:48,877 [ForkJoinPool.commonPool-worker-1] INFO  impl.RaftServerImpl (ServerState.java:close(394)) - 30f1fa56-7151-4e7f-b33c-622218368397:group-BFC4C277E80E closes. The last applied log index is 0
2019-09-09 17:53:48,877 [30f1fa56-7151-4e7f-b33c-622218368397-SegmentedRaftLogWorker:Storage Directory /workdir/hadoop-ozone/integration-test/target/test-dir/MiniOzoneClusterImpl-dd65e27b-8d45-4efc-9722-0ebdacca054e/datanode-2/data/ratis/be75cb32-1f7a-4b11-8b9a-bfc4c277e80e] INFO  segmented.SegmentedRaftLogWorker (SegmentedRaftLogWorker.java:run(313)) - 30f1fa56-7151-4e7f-b33c-622218368397-SegmentedRaftLogWorker:Storage Directory /workdir/hadoop-ozone/integration-test/target/test-dir/MiniOzoneClusterImpl-dd65e27b-8d45-4efc-9722-0ebdacca054e/datanode-2/data/ratis/be75cb32-1f7a-4b11-8b9a-bfc4c277e80e was interrupted, exiting. There are 0 tasks remaining in the queue.
2019-09-09 17:53:48,879 [ForkJoinPool.commonPool-worker-1] INFO  segmented.SegmentedRaftLogWorker (SegmentedRaftLogWorker.java:close(228)) - 30f1fa56-7151-4e7f-b33c-622218368397-SegmentedRaftLogWorker:Storage Directory /workdir/hadoop-ozone/integration-test/target/test-dir/MiniOzoneClusterImpl-dd65e27b-8d45-4efc-9722-0ebdacca054e/datanode-2/data/ratis/be75cb32-1f7a-4b11-8b9a-bfc4c277e80e close()
2019-09-09 17:53:48,883 [ForkJoinPool.commonPool-worker-1] INFO  server.GrpcService (GrpcService.java:closeImpl(155)) - 30f1fa56-7151-4e7f-b33c-622218368397: shutdown server with port 35494 now
2019-09-09 17:53:48,884 [ForkJoinPool.commonPool-worker-1] INFO  server.GrpcService (GrpcService.java:closeImpl(163)) - 30f1fa56-7151-4e7f-b33c-622218368397: shutdown server with port 35494 successfully
2019-09-09 17:53:48,886 [refreshUsed-/workdir/hadoop-ozone/integration-test/target/test-dir/MiniOzoneClusterImpl-dd65e27b-8d45-4efc-9722-0ebdacca054e/datanode-3/data/containers] WARN  fs.CachingGetSpaceUsed (CachingGetSpaceUsed.java:run(183)) - Thread Interrupted waiting to refresh disk information: sleep interrupted
2019-09-09 17:53:48,890 [refreshUsed-/workdir/hadoop-ozone/integration-test/target/test-dir/MiniOzoneClusterImpl-dd65e27b-8d45-4efc-9722-0ebdacca054e/datanode-2/data/containers] WARN  fs.CachingGetSpaceUsed (CachingGetSpaceUsed.java:run(183)) - Thread Interrupted waiting to refresh disk information: sleep interrupted
2019-09-09 17:53:48,904 [main] INFO  utils.BackgroundService (BackgroundService.java:shutdown(148)) - Shutting down service BlockDeletingService
2019-09-09 17:53:48,905 [ForkJoinPool.commonPool-worker-1] INFO  utils.BackgroundService (BackgroundService.java:shutdown(148)) - Shutting down service BlockDeletingService
2019-09-09 17:53:48,909 [main] INFO  statemachine.DatanodeStateMachine (DatanodeStateMachine.java:stopDaemon(395)) - Ozone container server stopped.
2019-09-09 17:53:48,909 [ForkJoinPool.commonPool-worker-1] INFO  statemachine.DatanodeStateMachine (DatanodeStateMachine.java:stopDaemon(395)) - Ozone container server stopped.
2019-09-09 17:53:49,022 | INFO  | SCMAudit | user=jenkins1000 | ip=192.168.34.39 | op=SEND_HEARTBEAT {datanodeUUID=461d5a8a-abc0-4960-ba8e-ca8a6c8b8d3d, command=[commandType: closeContainerCommand closeContainerCommandProto { containerID: 2 pipelineID { id: "fc58d2ef-dd05-4008-8fe2-010076f2fa1a" } cmdId: 2 force: false } ]} | ret=SUCCESS |  
2019-09-09 17:53:49,027 [main] INFO  handler.ContextHandler (ContextHandler.java:doStop(910)) - Stopped o.e.j.w.WebAppContext@57562473{/,null,UNAVAILABLE}{/hddsDatanode}
2019-09-09 17:53:49,027 [ForkJoinPool.commonPool-worker-1] INFO  handler.ContextHandler (ContextHandler.java:doStop(910)) - Stopped o.e.j.w.WebAppContext@1947596f{/,null,UNAVAILABLE}{/hddsDatanode}
2019-09-09 17:53:49,028 [main] INFO  server.AbstractConnector (AbstractConnector.java:doStop(318)) - Stopped ServerConnector@7a360554{HTTP/1.1,[http/1.1]}{0.0.0.0:0}
2019-09-09 17:53:49,028 [ForkJoinPool.commonPool-worker-1] INFO  server.AbstractConnector (AbstractConnector.java:doStop(318)) - Stopped ServerConnector@3078cac{HTTP/1.1,[http/1.1]}{0.0.0.0:0}
2019-09-09 17:53:49,028 [main] INFO  handler.ContextHandler (ContextHandler.java:doStop(910)) - Stopped o.e.j.s.ServletContextHandler@6f70a21b{/static,jar:file:/home/user/.m2/repository/org/apache/hadoop/hadoop-hdds-container-service/0.5.0-SNAPSHOT/hadoop-hdds-container-service-0.5.0-SNAPSHOT.jar!/webapps/static,UNAVAILABLE}
2019-09-09 17:53:49,030 [ForkJoinPool.commonPool-worker-1] INFO  handler.ContextHandler (ContextHandler.java:doStop(910)) - Stopped o.e.j.s.ServletContextHandler@ae202c6{/static,jar:file:/home/user/.m2/repository/org/apache/hadoop/hadoop-hdds-container-service/0.5.0-SNAPSHOT/hadoop-hdds-container-service-0.5.0-SNAPSHOT.jar!/webapps/static,UNAVAILABLE}
2019-09-09 17:53:49,030 [main] INFO  handler.ContextHandler (ContextHandler.java:doStop(910)) - Stopped o.e.j.s.ServletContextHandler@2fcd7d3f{/logs,file:///workdir/hadoop-ozone/integration-test/target/log,UNAVAILABLE}
2019-09-09 17:53:49,032 [ForkJoinPool.commonPool-worker-1] INFO  handler.ContextHandler (ContextHandler.java:doStop(910)) - Stopped o.e.j.s.ServletContextHandler@1a96d94c{/logs,file:///workdir/hadoop-ozone/integration-test/target/log,UNAVAILABLE}
2019-09-09 17:53:49,206 | INFO  | SCMAudit | user=jenkins1000 | ip=192.168.34.39 | op=SEND_HEARTBEAT {datanodeUUID=3e6286ff-ff2d-4683-9fff-89a0aa7b9349, command=[]} | ret=SUCCESS |  
2019-09-09 17:53:49,404 [Datanode State Machine Thread - 0] INFO  statemachine.DatanodeStateMachine (DatanodeStateMachine.java:lambda$startDaemon$0(350)) - Ozone container server started.
2019-09-09 17:53:49,419 [grpc-default-executor-3] WARN  server.GrpcLogAppender (LogUtils.java:warn(134)) - 79992e98-5725-47f9-a11f-d3f2be4c0891->a512d24e-7015-49b3-9efc-742152bae316: Failed appendEntries: org.apache.ratis.thirdparty.io.grpc.StatusRuntimeException: UNAVAILABLE: io exception
2019-09-09 17:53:49,421 [grpc-default-executor-3] INFO  impl.FollowerInfo (FollowerInfo.java:lambda$new$0(50)) - 79992e98-5725-47f9-a11f-d3f2be4c0891->a512d24e-7015-49b3-9efc-742152bae316: nextIndex: updateUnconditionally 15 -> 14
2019-09-09 17:53:49,421 [grpc-default-executor-5] WARN  server.GrpcLogAppender (LogUtils.java:warn(134)) - 79992e98-5725-47f9-a11f-d3f2be4c0891->632bc77f-49d2-4ab2-a75d-f92c37ad2325: Failed appendEntries: org.apache.ratis.thirdparty.io.grpc.StatusRuntimeException: UNAVAILABLE: io exception
2019-09-09 17:53:49,423 [grpc-default-executor-5] INFO  impl.FollowerInfo (FollowerInfo.java:lambda$new$0(50)) - 79992e98-5725-47f9-a11f-d3f2be4c0891->632bc77f-49d2-4ab2-a75d-f92c37ad2325: nextIndex: updateUnconditionally 15 -> 14
2019-09-09 17:53:50,020 [Datanode State Machine Thread - 0] INFO  statemachine.DatanodeStateMachine (DatanodeStateMachine.java:lambda$startDaemon$0(350)) - Ozone container server started.
2019-09-09 17:53:50,206 | INFO  | SCMAudit | user=jenkins1000 | ip=192.168.34.39 | op=SEND_HEARTBEAT {datanodeUUID=3e6286ff-ff2d-4683-9fff-89a0aa7b9349, command=[]} | ret=SUCCESS |  
2019-09-09 17:53:51,208 | INFO  | SCMAudit | user=jenkins1000 | ip=192.168.34.39 | op=SEND_HEARTBEAT {datanodeUUID=3e6286ff-ff2d-4683-9fff-89a0aa7b9349, command=[]} | ret=SUCCESS |  
2019-09-09 17:53:51,923 [grpc-default-executor-4] WARN  server.GrpcLogAppender (LogUtils.java:warn(134)) - 79992e98-5725-47f9-a11f-d3f2be4c0891->632bc77f-49d2-4ab2-a75d-f92c37ad2325: Failed appendEntries: org.apache.ratis.thirdparty.io.grpc.StatusRuntimeException: UNAVAILABLE: io exception
2019-09-09 17:53:51,923 [grpc-default-executor-2] WARN  server.GrpcLogAppender (LogUtils.java:warn(134)) - 79992e98-5725-47f9-a11f-d3f2be4c0891->a512d24e-7015-49b3-9efc-742152bae316: Failed appendEntries: org.apache.ratis.thirdparty.io.grpc.StatusRuntimeException: UNAVAILABLE: io exception
2019-09-09 17:53:51,925 [grpc-default-executor-4] INFO  impl.FollowerInfo (FollowerInfo.java:lambda$new$0(50)) - 79992e98-5725-47f9-a11f-d3f2be4c0891->632bc77f-49d2-4ab2-a75d-f92c37ad2325: nextIndex: updateUnconditionally 14 -> 13
2019-09-09 17:53:51,926 [grpc-default-executor-2] INFO  impl.FollowerInfo (FollowerInfo.java:lambda$new$0(50)) - 79992e98-5725-47f9-a11f-d3f2be4c0891->a512d24e-7015-49b3-9efc-742152bae316: nextIndex: updateUnconditionally 14 -> 13
2019-09-09 17:53:52,208 | INFO  | SCMAudit | user=jenkins1000 | ip=192.168.34.39 | op=SEND_HEARTBEAT {datanodeUUID=3e6286ff-ff2d-4683-9fff-89a0aa7b9349, command=[]} | ret=SUCCESS |  
2019-09-09 17:53:53,208 | INFO  | SCMAudit | user=jenkins1000 | ip=192.168.34.39 | op=SEND_HEARTBEAT {datanodeUUID=3e6286ff-ff2d-4683-9fff-89a0aa7b9349, command=[]} | ret=SUCCESS |  
2019-09-09 17:53:53,480 [EventQueue-StaleNodeForStaleNodeHandler] INFO  node.StaleNodeHandler (StaleNodeHandler.java:onMessage(58)) - Datanode 79992e98-5725-47f9-a11f-d3f2be4c0891{ip: 192.168.34.39, host: pr-hdds-2102-js77h-2988213663, networkLocation: /default-rack, certSerialId: null} moved to stale state. Finalizing its pipelines [PipelineID=2f94f07d-291e-4dbe-8310-31af8955d734, PipelineID=f8a09002-ebc7-4719-808f-7b0b99665cb7]
2019-09-09 17:53:53,481 [EventQueue-StaleNodeForStaleNodeHandler] INFO  pipeline.SCMPipelineManager (SCMPipelineManager.java:finalizeAndDestroyPipeline(309)) - destroying pipeline:Pipeline[ Id: 2f94f07d-291e-4dbe-8310-31af8955d734, Nodes: 79992e98-5725-47f9-a11f-d3f2be4c0891{ip: 192.168.34.39, host: pr-hdds-2102-js77h-2988213663, networkLocation: /default-rack, certSerialId: null}, Type:RATIS, Factor:ONE, State:OPEN]
2019-09-09 17:53:53,481 [EventQueue-StaleNodeForStaleNodeHandler] INFO  pipeline.PipelineStateManager (PipelineStateManager.java:finalizePipeline(123)) - Pipeline Pipeline[ Id: 2f94f07d-291e-4dbe-8310-31af8955d734, Nodes: 79992e98-5725-47f9-a11f-d3f2be4c0891{ip: 192.168.34.39, host: pr-hdds-2102-js77h-2988213663, networkLocation: /default-rack, certSerialId: null}, Type:RATIS, Factor:ONE, State:CLOSED] moved to CLOSED state
2019-09-09 17:53:53,481 [EventQueue-StaleNodeForStaleNodeHandler] INFO  pipeline.SCMPipelineManager (SCMPipelineManager.java:finalizeAndDestroyPipeline(309)) - destroying pipeline:Pipeline[ Id: f8a09002-ebc7-4719-808f-7b0b99665cb7, Nodes: a512d24e-7015-49b3-9efc-742152bae316{ip: 192.168.34.39, host: pr-hdds-2102-js77h-2988213663, networkLocation: /default-rack, certSerialId: null}79992e98-5725-47f9-a11f-d3f2be4c0891{ip: 192.168.34.39, host: pr-hdds-2102-js77h-2988213663, networkLocation: /default-rack, certSerialId: null}632bc77f-49d2-4ab2-a75d-f92c37ad2325{ip: 192.168.34.39, host: pr-hdds-2102-js77h-2988213663, networkLocation: /default-rack, certSerialId: null}, Type:RATIS, Factor:THREE, State:CLOSED]
2019-09-09 17:53:54,033 [main] INFO  ozoneimpl.OzoneContainer (OzoneContainer.java:stop(215)) - Attempting to stop container services.
2019-09-09 17:53:54,034 [Command processor thread] ERROR commandhandler.CloseContainerCommandHandler (CloseContainerCommandHandler.java:handle(124)) - Can't close container #1
java.io.IOException
	at org.apache.hadoop.ozone.container.common.transport.server.ratis.XceiverServerRatis.submitRequest(XceiverServerRatis.java:484)
	at org.apache.hadoop.ozone.container.common.statemachine.commandhandler.CloseContainerCommandHandler.handle(CloseContainerCommandHandler.java:109)
	at org.apache.hadoop.ozone.container.common.statemachine.commandhandler.CommandDispatcher.handle(CommandDispatcher.java:99)
	at org.apache.hadoop.ozone.container.common.statemachine.DatanodeStateMachine.lambda$initCommandHandlerThread$1(DatanodeStateMachine.java:432)
	at java.lang.Thread.run(Thread.java:748)
Caused by: java.lang.InterruptedException
	at java.util.concurrent.CompletableFuture.reportGet(CompletableFuture.java:347)
	at java.util.concurrent.CompletableFuture.get(CompletableFuture.java:1895)
	at org.apache.hadoop.ozone.container.common.transport.server.ratis.XceiverServerRatis.submitRequest(XceiverServerRatis.java:482)
	... 4 more
2019-09-09 17:53:54,034 [ForkJoinPool.commonPool-worker-1] INFO  ozoneimpl.OzoneContainer (OzoneContainer.java:stop(215)) - Attempting to stop container services.
2019-09-09 17:53:54,034 [main] INFO  impl.RaftServerProxy (RaftServerProxy.java:lambda$close$4(314)) - 461d5a8a-abc0-4960-ba8e-ca8a6c8b8d3d: close
2019-09-09 17:53:54,035 [ForkJoinPool.commonPool-worker-1] INFO  impl.RaftServerProxy (RaftServerProxy.java:lambda$close$4(314)) - 79992e98-5725-47f9-a11f-d3f2be4c0891: close
2019-09-09 17:53:54,035 [main] INFO  impl.RaftServerImpl (RaftServerImpl.java:lambda$shutdown$3(245)) - 461d5a8a-abc0-4960-ba8e-ca8a6c8b8d3d: shutdown group-010076F2FA1A
2019-09-09 17:53:54,035 [ForkJoinPool.commonPool-worker-1] INFO  impl.RaftServerImpl (RaftServerImpl.java:lambda$shutdown$3(245)) - 79992e98-5725-47f9-a11f-d3f2be4c0891: shutdown group-31AF8955D734
2019-09-09 17:53:54,036 [main] INFO  util.JmxRegister (JmxRegister.java:unregister(73)) - Successfully un-registered JMX Bean with object name Ratis:service=RaftServer,group=group-010076F2FA1A,id=461d5a8a-abc0-4960-ba8e-ca8a6c8b8d3d
2019-09-09 17:53:54,036 [ForkJoinPool.commonPool-worker-1] INFO  util.JmxRegister (JmxRegister.java:unregister(73)) - Successfully un-registered JMX Bean with object name Ratis:service=RaftServer,group=group-31AF8955D734,id=79992e98-5725-47f9-a11f-d3f2be4c0891
2019-09-09 17:53:54,036 [main] INFO  impl.RoleInfo (RoleInfo.java:shutdownFollowerState(121)) - 461d5a8a-abc0-4960-ba8e-ca8a6c8b8d3d: shutdown FollowerState
2019-09-09 17:53:54,036 [ForkJoinPool.commonPool-worker-1] INFO  impl.RoleInfo (RoleInfo.java:shutdownLeaderState(104)) - 79992e98-5725-47f9-a11f-d3f2be4c0891: shutdown LeaderState
2019-09-09 17:53:54,037 [StateMachineUpdater:461d5a8a-abc0-4960-ba8e-ca8a6c8b8d3d:group-010076F2FA1A] INFO  ratis.ContainerStateMachine (ContainerStateMachine.java:takeSnapshot(284)) - group-010076F2FA1A: Taking a snapshot at:(t:1, i:3) file /workdir/hadoop-ozone/integration-test/target/test-dir/MiniOzoneClusterImpl-dd65e27b-8d45-4efc-9722-0ebdacca054e/datanode-6/data/ratis/fc58d2ef-dd05-4008-8fe2-010076f2fa1a/sm/snapshot.1_3
2019-09-09 17:53:54,037 [Thread-312] INFO  impl.FollowerState (FollowerState.java:run(114)) - 461d5a8a-abc0-4960-ba8e-ca8a6c8b8d3d: FollowerState was interrupted: java.lang.InterruptedException: sleep interrupted
2019-09-09 17:53:54,037 [main] INFO  impl.StateMachineUpdater (StateMachineUpdater.java:stopAndJoin(115)) - StateMachineUpdater:461d5a8a-abc0-4960-ba8e-ca8a6c8b8d3d:group-010076F2FA1A: set stopIndex = 4
2019-09-09 17:53:54,037 [ForkJoinPool.commonPool-worker-1] INFO  impl.PendingRequests (PendingRequests.java:sendNotLeaderResponses(202)) - 79992e98-5725-47f9-a11f-d3f2be4c0891-PendingRequests: sendNotLeaderResponses
2019-09-09 17:53:54,040 [ForkJoinPool.commonPool-worker-1] INFO  impl.StateMachineUpdater (StateMachineUpdater.java:stopAndJoin(115)) - StateMachineUpdater:79992e98-5725-47f9-a11f-d3f2be4c0891:group-31AF8955D734: set stopIndex = 0
2019-09-09 17:53:54,040 [ForkJoinPool.commonPool-worker-1] INFO  impl.RaftServerImpl (ServerState.java:close(394)) - 79992e98-5725-47f9-a11f-d3f2be4c0891:group-31AF8955D734 closes. The last applied log index is 0
2019-09-09 17:53:54,040 [79992e98-5725-47f9-a11f-d3f2be4c0891-SegmentedRaftLogWorker:Storage Directory /workdir/hadoop-ozone/integration-test/target/test-dir/MiniOzoneClusterImpl-dd65e27b-8d45-4efc-9722-0ebdacca054e/datanode-0/data/ratis/2f94f07d-291e-4dbe-8310-31af8955d734] INFO  segmented.SegmentedRaftLogWorker (SegmentedRaftLogWorker.java:run(313)) - 79992e98-5725-47f9-a11f-d3f2be4c0891-SegmentedRaftLogWorker:Storage Directory /workdir/hadoop-ozone/integration-test/target/test-dir/MiniOzoneClusterImpl-dd65e27b-8d45-4efc-9722-0ebdacca054e/datanode-0/data/ratis/2f94f07d-291e-4dbe-8310-31af8955d734 was interrupted, exiting. There are 0 tasks remaining in the queue.
2019-09-09 17:53:54,045 [ForkJoinPool.commonPool-worker-1] INFO  segmented.SegmentedRaftLogWorker (SegmentedRaftLogWorker.java:close(228)) - 79992e98-5725-47f9-a11f-d3f2be4c0891-SegmentedRaftLogWorker:Storage Directory /workdir/hadoop-ozone/integration-test/target/test-dir/MiniOzoneClusterImpl-dd65e27b-8d45-4efc-9722-0ebdacca054e/datanode-0/data/ratis/2f94f07d-291e-4dbe-8310-31af8955d734 close()
2019-09-09 17:53:54,047 [ForkJoinPool.commonPool-worker-1] INFO  impl.RaftServerImpl (RaftServerImpl.java:lambda$shutdown$3(245)) - 79992e98-5725-47f9-a11f-d3f2be4c0891: shutdown group-7B0B99665CB7
2019-09-09 17:53:54,047 [ForkJoinPool.commonPool-worker-1] INFO  util.JmxRegister (JmxRegister.java:unregister(73)) - Successfully un-registered JMX Bean with object name Ratis:service=RaftServer,group=group-7B0B99665CB7,id=79992e98-5725-47f9-a11f-d3f2be4c0891
2019-09-09 17:53:54,047 [ForkJoinPool.commonPool-worker-1] INFO  impl.RoleInfo (RoleInfo.java:shutdownLeaderState(104)) - 79992e98-5725-47f9-a11f-d3f2be4c0891: shutdown LeaderState
2019-09-09 17:53:54,049 [org.apache.ratis.server.impl.LogAppender$AppenderDaemon$$Lambda$472/1998228974@6a415c24] WARN  server.GrpcLogAppender (GrpcLogAppender.java:mayWait(143)) - GrpcLogAppender(79992e98-5725-47f9-a11f-d3f2be4c0891->632bc77f-49d2-4ab2-a75d-f92c37ad2325): Wait interrupted by java.lang.InterruptedException
2019-09-09 17:53:54,049 [org.apache.ratis.server.impl.LogAppender$AppenderDaemon$$Lambda$472/1998228974@2f43df08] WARN  server.GrpcLogAppender (GrpcLogAppender.java:mayWait(143)) - GrpcLogAppender(79992e98-5725-47f9-a11f-d3f2be4c0891->a512d24e-7015-49b3-9efc-742152bae316): Wait interrupted by java.lang.InterruptedException
2019-09-09 17:53:54,049 [ForkJoinPool.commonPool-worker-1] INFO  impl.PendingRequests (PendingRequests.java:sendNotLeaderResponses(202)) - 79992e98-5725-47f9-a11f-d3f2be4c0891-PendingRequests: sendNotLeaderResponses
2019-09-09 17:53:54,050 [ForkJoinPool.commonPool-worker-1] INFO  impl.StateMachineUpdater (StateMachineUpdater.java:stopAndJoin(115)) - StateMachineUpdater:79992e98-5725-47f9-a11f-d3f2be4c0891:group-7B0B99665CB7: set stopIndex = 16
2019-09-09 17:53:54,050 [StateMachineUpdater:79992e98-5725-47f9-a11f-d3f2be4c0891:group-7B0B99665CB7] INFO  ratis.ContainerStateMachine (ContainerStateMachine.java:takeSnapshot(284)) - group-7B0B99665CB7: Taking a snapshot at:(t:1, i:14) file /workdir/hadoop-ozone/integration-test/target/test-dir/MiniOzoneClusterImpl-dd65e27b-8d45-4efc-9722-0ebdacca054e/datanode-0/data/ratis/f8a09002-ebc7-4719-808f-7b0b99665cb7/sm/snapshot.1_14
2019-09-09 17:53:54,081 [EventQueue-StaleNodeForStaleNodeHandler] INFO  node.StaleNodeHandler (StaleNodeHandler.java:onMessage(58)) - Datanode 461d5a8a-abc0-4960-ba8e-ca8a6c8b8d3d{ip: 192.168.34.39, host: pr-hdds-2102-js77h-2988213663, networkLocation: /default-rack, certSerialId: null} moved to stale state. Finalizing its pipelines [PipelineID=fc58d2ef-dd05-4008-8fe2-010076f2fa1a, PipelineID=8a8dfc02-66dc-40ca-8f93-455e9d4dc5a5]
2019-09-09 17:53:54,082 [EventQueue-StaleNodeForStaleNodeHandler] INFO  pipeline.SCMPipelineManager (SCMPipelineManager.java:finalizeAndDestroyPipeline(309)) - destroying pipeline:Pipeline[ Id: fc58d2ef-dd05-4008-8fe2-010076f2fa1a, Nodes: 48a6b30f-2754-42eb-8fb1-9557657e4eca{ip: 192.168.34.39, host: pr-hdds-2102-js77h-2988213663, networkLocation: /default-rack, certSerialId: null}461d5a8a-abc0-4960-ba8e-ca8a6c8b8d3d{ip: 192.168.34.39, host: pr-hdds-2102-js77h-2988213663, networkLocation: /default-rack, certSerialId: null}30f1fa56-7151-4e7f-b33c-622218368397{ip: 192.168.34.39, host: pr-hdds-2102-js77h-2988213663, networkLocation: /default-rack, certSerialId: null}, Type:RATIS, Factor:THREE, State:CLOSED]
2019-09-09 17:53:54,082 [EventQueue-StaleNodeForStaleNodeHandler] INFO  pipeline.SCMPipelineManager (SCMPipelineManager.java:finalizeAndDestroyPipeline(309)) - destroying pipeline:Pipeline[ Id: 8a8dfc02-66dc-40ca-8f93-455e9d4dc5a5, Nodes: 461d5a8a-abc0-4960-ba8e-ca8a6c8b8d3d{ip: 192.168.34.39, host: pr-hdds-2102-js77h-2988213663, networkLocation: /default-rack, certSerialId: null}, Type:RATIS, Factor:ONE, State:OPEN]
2019-09-09 17:53:54,082 [EventQueue-StaleNodeForStaleNodeHandler] INFO  pipeline.PipelineStateManager (PipelineStateManager.java:finalizePipeline(123)) - Pipeline Pipeline[ Id: 8a8dfc02-66dc-40ca-8f93-455e9d4dc5a5, Nodes: 461d5a8a-abc0-4960-ba8e-ca8a6c8b8d3d{ip: 192.168.34.39, host: pr-hdds-2102-js77h-2988213663, networkLocation: /default-rack, certSerialId: null}, Type:RATIS, Factor:ONE, State:CLOSED] moved to CLOSED state
2019-09-09 17:53:54,086 [StateMachineUpdater:461d5a8a-abc0-4960-ba8e-ca8a6c8b8d3d:group-010076F2FA1A] INFO  ratis.ContainerStateMachine (ContainerStateMachine.java:takeSnapshot(295)) - group-010076F2FA1A: Finished taking a snapshot at:(t:1, i:3) file:/workdir/hadoop-ozone/integration-test/target/test-dir/MiniOzoneClusterImpl-dd65e27b-8d45-4efc-9722-0ebdacca054e/datanode-6/data/ratis/fc58d2ef-dd05-4008-8fe2-010076f2fa1a/sm/snapshot.1_3 time:50
2019-09-09 17:53:54,086 [StateMachineUpdater:79992e98-5725-47f9-a11f-d3f2be4c0891:group-7B0B99665CB7] INFO  ratis.ContainerStateMachine (ContainerStateMachine.java:takeSnapshot(295)) - group-7B0B99665CB7: Finished taking a snapshot at:(t:1, i:14) file:/workdir/hadoop-ozone/integration-test/target/test-dir/MiniOzoneClusterImpl-dd65e27b-8d45-4efc-9722-0ebdacca054e/datanode-0/data/ratis/f8a09002-ebc7-4719-808f-7b0b99665cb7/sm/snapshot.1_14 time:36
2019-09-09 17:53:54,086 [StateMachineUpdater:461d5a8a-abc0-4960-ba8e-ca8a6c8b8d3d:group-010076F2FA1A] INFO  impl.StateMachineUpdater (StateMachineUpdater.java:takeSnapshot(242)) - StateMachineUpdater:461d5a8a-abc0-4960-ba8e-ca8a6c8b8d3d:group-010076F2FA1A: Took a snapshot at index 3
2019-09-09 17:53:54,087 [StateMachineUpdater:79992e98-5725-47f9-a11f-d3f2be4c0891:group-7B0B99665CB7] INFO  impl.StateMachineUpdater (StateMachineUpdater.java:takeSnapshot(242)) - StateMachineUpdater:79992e98-5725-47f9-a11f-d3f2be4c0891:group-7B0B99665CB7: Took a snapshot at index 14
2019-09-09 17:53:54,087 [StateMachineUpdater:461d5a8a-abc0-4960-ba8e-ca8a6c8b8d3d:group-010076F2FA1A] INFO  impl.StateMachineUpdater (StateMachineUpdater.java:lambda$new$0(80)) - StateMachineUpdater:461d5a8a-abc0-4960-ba8e-ca8a6c8b8d3d:group-010076F2FA1A: snapshotIndex: updateIncreasingly -1 -> 3
2019-09-09 17:53:54,087 [StateMachineUpdater:79992e98-5725-47f9-a11f-d3f2be4c0891:group-7B0B99665CB7] INFO  impl.StateMachineUpdater (StateMachineUpdater.java:lambda$new$0(80)) - StateMachineUpdater:79992e98-5725-47f9-a11f-d3f2be4c0891:group-7B0B99665CB7: snapshotIndex: updateIncreasingly -1 -> 14
2019-09-09 17:53:54,087 [ForkJoinPool.commonPool-worker-1] INFO  impl.RaftServerImpl (ServerState.java:close(394)) - 79992e98-5725-47f9-a11f-d3f2be4c0891:group-7B0B99665CB7 closes. The last applied log index is 16
2019-09-09 17:53:54,087 [main] INFO  impl.RaftServerImpl (ServerState.java:close(394)) - 461d5a8a-abc0-4960-ba8e-ca8a6c8b8d3d:group-010076F2FA1A closes. The last applied log index is 4
2019-09-09 17:53:54,088 [79992e98-5725-47f9-a11f-d3f2be4c0891-SegmentedRaftLogWorker:Storage Directory /workdir/hadoop-ozone/integration-test/target/test-dir/MiniOzoneClusterImpl-dd65e27b-8d45-4efc-9722-0ebdacca054e/datanode-0/data/ratis/f8a09002-ebc7-4719-808f-7b0b99665cb7] INFO  segmented.SegmentedRaftLogWorker (SegmentedRaftLogWorker.java:run(313)) - 79992e98-5725-47f9-a11f-d3f2be4c0891-SegmentedRaftLogWorker:Storage Directory /workdir/hadoop-ozone/integration-test/target/test-dir/MiniOzoneClusterImpl-dd65e27b-8d45-4efc-9722-0ebdacca054e/datanode-0/data/ratis/f8a09002-ebc7-4719-808f-7b0b99665cb7 was interrupted, exiting. There are 0 tasks remaining in the queue.
2019-09-09 17:53:54,088 [461d5a8a-abc0-4960-ba8e-ca8a6c8b8d3d-SegmentedRaftLogWorker:Storage Directory /workdir/hadoop-ozone/integration-test/target/test-dir/MiniOzoneClusterImpl-dd65e27b-8d45-4efc-9722-0ebdacca054e/datanode-6/data/ratis/fc58d2ef-dd05-4008-8fe2-010076f2fa1a] INFO  segmented.SegmentedRaftLogWorker (SegmentedRaftLogWorker.java:run(313)) - 461d5a8a-abc0-4960-ba8e-ca8a6c8b8d3d-SegmentedRaftLogWorker:Storage Directory /workdir/hadoop-ozone/integration-test/target/test-dir/MiniOzoneClusterImpl-dd65e27b-8d45-4efc-9722-0ebdacca054e/datanode-6/data/ratis/fc58d2ef-dd05-4008-8fe2-010076f2fa1a was interrupted, exiting. There are 0 tasks remaining in the queue.
2019-09-09 17:53:54,093 [ForkJoinPool.commonPool-worker-1] INFO  segmented.SegmentedRaftLogWorker (SegmentedRaftLogWorker.java:close(228)) - 79992e98-5725-47f9-a11f-d3f2be4c0891-SegmentedRaftLogWorker:Storage Directory /workdir/hadoop-ozone/integration-test/target/test-dir/MiniOzoneClusterImpl-dd65e27b-8d45-4efc-9722-0ebdacca054e/datanode-0/data/ratis/f8a09002-ebc7-4719-808f-7b0b99665cb7 close()
2019-09-09 17:53:54,093 [main] INFO  segmented.SegmentedRaftLogWorker (SegmentedRaftLogWorker.java:close(228)) - 461d5a8a-abc0-4960-ba8e-ca8a6c8b8d3d-SegmentedRaftLogWorker:Storage Directory /workdir/hadoop-ozone/integration-test/target/test-dir/MiniOzoneClusterImpl-dd65e27b-8d45-4efc-9722-0ebdacca054e/datanode-6/data/ratis/fc58d2ef-dd05-4008-8fe2-010076f2fa1a close()
2019-09-09 17:53:54,094 [ForkJoinPool.commonPool-worker-1] INFO  server.GrpcService (GrpcService.java:closeImpl(155)) - 79992e98-5725-47f9-a11f-d3f2be4c0891: shutdown server with port 33116 now
2019-09-09 17:53:54,095 [main] INFO  impl.RaftServerImpl (RaftServerImpl.java:lambda$shutdown$3(245)) - 461d5a8a-abc0-4960-ba8e-ca8a6c8b8d3d: shutdown group-455E9D4DC5A5
2019-09-09 17:53:54,095 [main] INFO  util.JmxRegister (JmxRegister.java:unregister(73)) - Successfully un-registered JMX Bean with object name Ratis:service=RaftServer,group=group-455E9D4DC5A5,id=461d5a8a-abc0-4960-ba8e-ca8a6c8b8d3d
2019-09-09 17:53:54,096 [main] INFO  impl.RoleInfo (RoleInfo.java:shutdownLeaderState(104)) - 461d5a8a-abc0-4960-ba8e-ca8a6c8b8d3d: shutdown LeaderState
2019-09-09 17:53:54,097 [ForkJoinPool.commonPool-worker-1] INFO  server.GrpcService (GrpcService.java:closeImpl(163)) - 79992e98-5725-47f9-a11f-d3f2be4c0891: shutdown server with port 33116 successfully
2019-09-09 17:53:54,097 [main] INFO  impl.PendingRequests (PendingRequests.java:sendNotLeaderResponses(202)) - 461d5a8a-abc0-4960-ba8e-ca8a6c8b8d3d-PendingRequests: sendNotLeaderResponses
2019-09-09 17:53:54,099 [grpc-default-executor-4] WARN  client.GrpcClientProtocolService (LogUtils.java:warn(134)) - 2-UnorderedRequestStreamObserver2: onError: org.apache.ratis.thirdparty.io.grpc.StatusRuntimeException: CANCELLED: cancelled before receiving half close
2019-09-09 17:53:54,100 [main] INFO  impl.StateMachineUpdater (StateMachineUpdater.java:stopAndJoin(115)) - StateMachineUpdater:461d5a8a-abc0-4960-ba8e-ca8a6c8b8d3d:group-455E9D4DC5A5: set stopIndex = 0
2019-09-09 17:53:54,100 [main] INFO  impl.RaftServerImpl (ServerState.java:close(394)) - 461d5a8a-abc0-4960-ba8e-ca8a6c8b8d3d:group-455E9D4DC5A5 closes. The last applied log index is 0
2019-09-09 17:53:54,101 [461d5a8a-abc0-4960-ba8e-ca8a6c8b8d3d-SegmentedRaftLogWorker:Storage Directory /workdir/hadoop-ozone/integration-test/target/test-dir/MiniOzoneClusterImpl-dd65e27b-8d45-4efc-9722-0ebdacca054e/datanode-6/data/ratis/8a8dfc02-66dc-40ca-8f93-455e9d4dc5a5] INFO  segmented.SegmentedRaftLogWorker (SegmentedRaftLogWorker.java:run(313)) - 461d5a8a-abc0-4960-ba8e-ca8a6c8b8d3d-SegmentedRaftLogWorker:Storage Directory /workdir/hadoop-ozone/integration-test/target/test-dir/MiniOzoneClusterImpl-dd65e27b-8d45-4efc-9722-0ebdacca054e/datanode-6/data/ratis/8a8dfc02-66dc-40ca-8f93-455e9d4dc5a5 was interrupted, exiting. There are 0 tasks remaining in the queue.
2019-09-09 17:53:54,101 [main] INFO  segmented.SegmentedRaftLogWorker (SegmentedRaftLogWorker.java:close(228)) - 461d5a8a-abc0-4960-ba8e-ca8a6c8b8d3d-SegmentedRaftLogWorker:Storage Directory /workdir/hadoop-ozone/integration-test/target/test-dir/MiniOzoneClusterImpl-dd65e27b-8d45-4efc-9722-0ebdacca054e/datanode-6/data/ratis/8a8dfc02-66dc-40ca-8f93-455e9d4dc5a5 close()
2019-09-09 17:53:54,103 [main] INFO  server.GrpcService (GrpcService.java:closeImpl(155)) - 461d5a8a-abc0-4960-ba8e-ca8a6c8b8d3d: shutdown server with port 43551 now
2019-09-09 17:53:54,104 [main] INFO  server.GrpcService (GrpcService.java:closeImpl(163)) - 461d5a8a-abc0-4960-ba8e-ca8a6c8b8d3d: shutdown server with port 43551 successfully
2019-09-09 17:53:54,104 [refreshUsed-/workdir/hadoop-ozone/integration-test/target/test-dir/MiniOzoneClusterImpl-dd65e27b-8d45-4efc-9722-0ebdacca054e/datanode-0/data/containers] WARN  fs.CachingGetSpaceUsed (CachingGetSpaceUsed.java:run(183)) - Thread Interrupted waiting to refresh disk information: sleep interrupted
2019-09-09 17:53:54,106 [refreshUsed-/workdir/hadoop-ozone/integration-test/target/test-dir/MiniOzoneClusterImpl-dd65e27b-8d45-4efc-9722-0ebdacca054e/datanode-6/data/containers] WARN  fs.CachingGetSpaceUsed (CachingGetSpaceUsed.java:run(183)) - Thread Interrupted waiting to refresh disk information: sleep interrupted
2019-09-09 17:53:54,118 [main] INFO  utils.BackgroundService (BackgroundService.java:shutdown(148)) - Shutting down service BlockDeletingService
2019-09-09 17:53:54,122 [main] INFO  statemachine.DatanodeStateMachine (DatanodeStateMachine.java:stopDaemon(395)) - Ozone container server stopped.
2019-09-09 17:53:54,123 [ForkJoinPool.commonPool-worker-1] INFO  utils.BackgroundService (BackgroundService.java:shutdown(148)) - Shutting down service BlockDeletingService
2019-09-09 17:53:54,123 [main] INFO  handler.ContextHandler (ContextHandler.java:doStop(910)) - Stopped o.e.j.w.WebAppContext@5b3bb1f7{/,null,UNAVAILABLE}{/hddsDatanode}
2019-09-09 17:53:54,126 [ForkJoinPool.commonPool-worker-1] INFO  statemachine.DatanodeStateMachine (DatanodeStateMachine.java:stopDaemon(395)) - Ozone container server stopped.
2019-09-09 17:53:54,128 [main] INFO  server.AbstractConnector (AbstractConnector.java:doStop(318)) - Stopped ServerConnector@58d6b7b9{HTTP/1.1,[http/1.1]}{0.0.0.0:0}
2019-09-09 17:53:54,129 [main] INFO  handler.ContextHandler (ContextHandler.java:doStop(910)) - Stopped o.e.j.s.ServletContextHandler@70211df5{/static,jar:file:/home/user/.m2/repository/org/apache/hadoop/hadoop-hdds-container-service/0.5.0-SNAPSHOT/hadoop-hdds-container-service-0.5.0-SNAPSHOT.jar!/webapps/static,UNAVAILABLE}
2019-09-09 17:53:54,130 [ForkJoinPool.commonPool-worker-1] INFO  handler.ContextHandler (ContextHandler.java:doStop(910)) - Stopped o.e.j.w.WebAppContext@64d4f7c7{/,null,UNAVAILABLE}{/hddsDatanode}
2019-09-09 17:53:54,130 [main] INFO  handler.ContextHandler (ContextHandler.java:doStop(910)) - Stopped o.e.j.s.ServletContextHandler@1a6dc589{/logs,file:///workdir/hadoop-ozone/integration-test/target/log,UNAVAILABLE}
2019-09-09 17:53:54,131 [ForkJoinPool.commonPool-worker-1] INFO  server.AbstractConnector (AbstractConnector.java:doStop(318)) - Stopped ServerConnector@54e02f6a{HTTP/1.1,[http/1.1]}{0.0.0.0:0}
2019-09-09 17:53:54,132 [ForkJoinPool.commonPool-worker-1] INFO  handler.ContextHandler (ContextHandler.java:doStop(910)) - Stopped o.e.j.s.ServletContextHandler@1352434e{/static,jar:file:/home/user/.m2/repository/org/apache/hadoop/hadoop-hdds-container-service/0.5.0-SNAPSHOT/hadoop-hdds-container-service-0.5.0-SNAPSHOT.jar!/webapps/static,UNAVAILABLE}
2019-09-09 17:53:54,133 [ForkJoinPool.commonPool-worker-1] INFO  handler.ContextHandler (ContextHandler.java:doStop(910)) - Stopped o.e.j.s.ServletContextHandler@12eedfee{/logs,file:///workdir/hadoop-ozone/integration-test/target/log,UNAVAILABLE}
2019-09-09 17:53:54,207 [Datanode State Machine Thread - 0] INFO  statemachine.DatanodeStateMachine (DatanodeStateMachine.java:lambda$startDaemon$0(350)) - Ozone container server started.
2019-09-09 17:53:58,289 [EventQueue-StaleNodeForStaleNodeHandler] INFO  node.StaleNodeHandler (StaleNodeHandler.java:onMessage(58)) - Datanode 3e6286ff-ff2d-4683-9fff-89a0aa7b9349{ip: 192.168.34.39, host: pr-hdds-2102-js77h-2988213663, networkLocation: /default-rack, certSerialId: null} moved to stale state. Finalizing its pipelines [PipelineID=ec608c48-9c70-4181-ab44-77f902481c1e]
2019-09-09 17:53:58,290 [EventQueue-StaleNodeForStaleNodeHandler] INFO  pipeline.SCMPipelineManager (SCMPipelineManager.java:finalizeAndDestroyPipeline(309)) - destroying pipeline:Pipeline[ Id: ec608c48-9c70-4181-ab44-77f902481c1e, Nodes: 3e6286ff-ff2d-4683-9fff-89a0aa7b9349{ip: 192.168.34.39, host: pr-hdds-2102-js77h-2988213663, networkLocation: /default-rack, certSerialId: null}, Type:RATIS, Factor:ONE, State:OPEN]
2019-09-09 17:53:58,290 [EventQueue-StaleNodeForStaleNodeHandler] INFO  pipeline.PipelineStateManager (PipelineStateManager.java:finalizePipeline(123)) - Pipeline Pipeline[ Id: ec608c48-9c70-4181-ab44-77f902481c1e, Nodes: 3e6286ff-ff2d-4683-9fff-89a0aa7b9349{ip: 192.168.34.39, host: pr-hdds-2102-js77h-2988213663, networkLocation: /default-rack, certSerialId: null}, Type:RATIS, Factor:ONE, State:CLOSED] moved to CLOSED state
2019-09-09 17:53:59,133 [main] INFO  ozoneimpl.OzoneContainer (OzoneContainer.java:stop(215)) - Attempting to stop container services.
2019-09-09 17:53:59,135 [main] INFO  impl.RaftServerProxy (RaftServerProxy.java:lambda$close$4(314)) - 3e6286ff-ff2d-4683-9fff-89a0aa7b9349: close
2019-09-09 17:53:59,135 [main] INFO  impl.RaftServerImpl (RaftServerImpl.java:lambda$shutdown$3(245)) - 3e6286ff-ff2d-4683-9fff-89a0aa7b9349: shutdown group-77F902481C1E
2019-09-09 17:53:59,136 [main] INFO  util.JmxRegister (JmxRegister.java:unregister(73)) - Successfully un-registered JMX Bean with object name Ratis:service=RaftServer,group=group-77F902481C1E,id=3e6286ff-ff2d-4683-9fff-89a0aa7b9349
2019-09-09 17:53:59,136 [main] INFO  impl.RoleInfo (RoleInfo.java:shutdownLeaderState(104)) - 3e6286ff-ff2d-4683-9fff-89a0aa7b9349: shutdown LeaderState
2019-09-09 17:53:59,137 [main] INFO  impl.PendingRequests (PendingRequests.java:sendNotLeaderResponses(202)) - 3e6286ff-ff2d-4683-9fff-89a0aa7b9349-PendingRequests: sendNotLeaderResponses
2019-09-09 17:53:59,138 [main] INFO  impl.StateMachineUpdater (StateMachineUpdater.java:stopAndJoin(115)) - StateMachineUpdater:3e6286ff-ff2d-4683-9fff-89a0aa7b9349:group-77F902481C1E: set stopIndex = 0
2019-09-09 17:53:59,138 [main] INFO  impl.RaftServerImpl (ServerState.java:close(394)) - 3e6286ff-ff2d-4683-9fff-89a0aa7b9349:group-77F902481C1E closes. The last applied log index is 0
2019-09-09 17:53:59,139 [3e6286ff-ff2d-4683-9fff-89a0aa7b9349-SegmentedRaftLogWorker:Storage Directory /workdir/hadoop-ozone/integration-test/target/test-dir/MiniOzoneClusterImpl-dd65e27b-8d45-4efc-9722-0ebdacca054e/datanode-5/data/ratis/ec608c48-9c70-4181-ab44-77f902481c1e] INFO  segmented.SegmentedRaftLogWorker (SegmentedRaftLogWorker.java:run(313)) - 3e6286ff-ff2d-4683-9fff-89a0aa7b9349-SegmentedRaftLogWorker:Storage Directory /workdir/hadoop-ozone/integration-test/target/test-dir/MiniOzoneClusterImpl-dd65e27b-8d45-4efc-9722-0ebdacca054e/datanode-5/data/ratis/ec608c48-9c70-4181-ab44-77f902481c1e was interrupted, exiting. There are 0 tasks remaining in the queue.
2019-09-09 17:53:59,140 [main] INFO  segmented.SegmentedRaftLogWorker (SegmentedRaftLogWorker.java:close(228)) - 3e6286ff-ff2d-4683-9fff-89a0aa7b9349-SegmentedRaftLogWorker:Storage Directory /workdir/hadoop-ozone/integration-test/target/test-dir/MiniOzoneClusterImpl-dd65e27b-8d45-4efc-9722-0ebdacca054e/datanode-5/data/ratis/ec608c48-9c70-4181-ab44-77f902481c1e close()
2019-09-09 17:53:59,142 [main] INFO  server.GrpcService (GrpcService.java:closeImpl(155)) - 3e6286ff-ff2d-4683-9fff-89a0aa7b9349: shutdown server with port 37539 now
2019-09-09 17:53:59,144 [main] INFO  server.GrpcService (GrpcService.java:closeImpl(163)) - 3e6286ff-ff2d-4683-9fff-89a0aa7b9349: shutdown server with port 37539 successfully
2019-09-09 17:53:59,151 [refreshUsed-/workdir/hadoop-ozone/integration-test/target/test-dir/MiniOzoneClusterImpl-dd65e27b-8d45-4efc-9722-0ebdacca054e/datanode-5/data/containers] WARN  fs.CachingGetSpaceUsed (CachingGetSpaceUsed.java:run(183)) - Thread Interrupted waiting to refresh disk information: sleep interrupted
2019-09-09 17:53:59,167 [main] INFO  utils.BackgroundService (BackgroundService.java:shutdown(148)) - Shutting down service BlockDeletingService
2019-09-09 17:53:59,170 [main] INFO  statemachine.DatanodeStateMachine (DatanodeStateMachine.java:stopDaemon(395)) - Ozone container server stopped.
2019-09-09 17:53:59,172 [main] INFO  handler.ContextHandler (ContextHandler.java:doStop(910)) - Stopped o.e.j.w.WebAppContext@26c89563{/,null,UNAVAILABLE}{/hddsDatanode}
2019-09-09 17:53:59,172 [main] INFO  server.AbstractConnector (AbstractConnector.java:doStop(318)) - Stopped ServerConnector@3bd6ba24{HTTP/1.1,[http/1.1]}{0.0.0.0:0}
2019-09-09 17:53:59,173 [main] INFO  handler.ContextHandler (ContextHandler.java:doStop(910)) - Stopped o.e.j.s.ServletContextHandler@73d60e76{/static,jar:file:/home/user/.m2/repository/org/apache/hadoop/hadoop-hdds-container-service/0.5.0-SNAPSHOT/hadoop-hdds-container-service-0.5.0-SNAPSHOT.jar!/webapps/static,UNAVAILABLE}
2019-09-09 17:53:59,173 [main] INFO  handler.ContextHandler (ContextHandler.java:doStop(910)) - Stopped o.e.j.s.ServletContextHandler@69923ac3{/logs,file:///workdir/hadoop-ozone/integration-test/target/log,UNAVAILABLE}
2019-09-09 17:53:59,175 [main] INFO  ozone.MiniOzoneClusterImpl (MiniOzoneClusterImpl.java:stop(339)) - Stopping the StorageContainerManager
2019-09-09 17:53:59,175 [main] INFO  server.StorageContainerManager (StorageContainerManager.java:stop(797)) - Stopping Replication Manager Service.
2019-09-09 17:53:59,176 [main] INFO  container.ReplicationManager (ReplicationManager.java:stop(203)) - Stopping Replication Monitor Thread.
2019-09-09 17:53:59,176 [main] INFO  server.StorageContainerManager (StorageContainerManager.java:stop(804)) - Stopping Lease Manager of the command watchers
2019-09-09 17:53:59,176 [main] INFO  server.StorageContainerManager (StorageContainerManager.java:stop(811)) - Stopping datanode service RPC server
2019-09-09 17:53:59,176 [main] INFO  server.SCMDatanodeProtocolServer (SCMDatanodeProtocolServer.java:stop(367)) - Stopping the RPC server for DataNodes
2019-09-09 17:53:59,176 [main] INFO  ipc.Server (Server.java:stop(3082)) - Stopping server on 44692
2019-09-09 17:53:59,177 [IPC Server listener on 44692] INFO  ipc.Server (Server.java:run(1185)) - Stopping IPC Server listener on 44692
2019-09-09 17:53:59,178 [IPC Server Responder] INFO  ipc.Server (Server.java:run(1319)) - Stopping IPC Server Responder
2019-09-09 17:53:59,191 [SCM Heartbeat Processing Thread - 0] WARN  node.NodeStateManager (NodeStateManager.java:scheduleNextHealthCheck(646)) - Current Thread is interrupted, shutting down HB processing thread for Node Manager.
2019-09-09 17:53:59,191 [main] INFO  server.StorageContainerManager (StorageContainerManager.java:stop(819)) - Stopping block service RPC server
2019-09-09 17:53:59,192 [main] INFO  server.SCMBlockProtocolServer (SCMBlockProtocolServer.java:stop(155)) - Stopping the RPC server for Block Protocol
2019-09-09 17:53:59,192 [main] INFO  ipc.Server (Server.java:stop(3082)) - Stopping server on 46809
2019-09-09 17:53:59,193 [main] INFO  server.StorageContainerManager (StorageContainerManager.java:stop(826)) - Stopping the StorageContainerLocationProtocol RPC server
2019-09-09 17:53:59,194 [main] INFO  server.SCMClientProtocolServer (SCMClientProtocolServer.java:stop(159)) - Stopping the RPC server for Client Protocol
2019-09-09 17:53:59,194 [IPC Server Responder] INFO  ipc.Server (Server.java:run(1319)) - Stopping IPC Server Responder
2019-09-09 17:53:59,194 [main] INFO  ipc.Server (Server.java:stop(3082)) - Stopping server on 37264
2019-09-09 17:53:59,194 [IPC Server listener on 46809] INFO  ipc.Server (Server.java:run(1185)) - Stopping IPC Server listener on 46809
2019-09-09 17:53:59,195 [main] INFO  server.StorageContainerManager (StorageContainerManager.java:stop(833)) - Stopping Storage Container Manager HTTP server.
2019-09-09 17:53:59,195 [IPC Server listener on 37264] INFO  ipc.Server (Server.java:run(1185)) - Stopping IPC Server listener on 37264
2019-09-09 17:53:59,196 [IPC Server Responder] INFO  ipc.Server (Server.java:run(1319)) - Stopping IPC Server Responder
2019-09-09 17:53:59,197 [main] INFO  handler.ContextHandler (ContextHandler.java:doStop(910)) - Stopped o.e.j.w.WebAppContext@733037{/,null,UNAVAILABLE}{/scm}
2019-09-09 17:53:59,198 [main] INFO  server.AbstractConnector (AbstractConnector.java:doStop(318)) - Stopped ServerConnector@50b8ae8d{HTTP/1.1,[http/1.1]}{0.0.0.0:0}
2019-09-09 17:53:59,198 [main] INFO  handler.ContextHandler (ContextHandler.java:doStop(910)) - Stopped o.e.j.s.ServletContextHandler@26425897{/static,file:///workdir/hadoop-ozone/integration-test/target/test-classes/webapps/static,UNAVAILABLE}
2019-09-09 17:53:59,199 [main] INFO  handler.ContextHandler (ContextHandler.java:doStop(910)) - Stopped o.e.j.s.ServletContextHandler@5c8eee0f{/logs,file:///workdir/hadoop-ozone/integration-test/target/log,UNAVAILABLE}
2019-09-09 17:53:59,200 [main] INFO  server.StorageContainerManager (StorageContainerManager.java:stop(844)) - Stopping Block Manager Service.
2019-09-09 17:53:59,200 [main] INFO  utils.BackgroundService (BackgroundService.java:shutdown(148)) - Shutting down service SCMBlockDeletingService
2019-09-09 17:53:59,200 [main] INFO  utils.BackgroundService (BackgroundService.java:shutdown(148)) - Shutting down service SCMBlockDeletingService
2019-09-09 17:53:59,201 [main] INFO  server.StorageContainerManager (StorageContainerManager.java:stop(866)) - Stopping SCM Event Queue.
2019-09-09 17:53:59,208 [main] INFO  impl.MetricsSystemImpl (MetricsSystemImpl.java:stop(210)) - Stopping XceiverClientMetrics metrics system...
2019-09-09 17:53:59,214 [prometheus] INFO  impl.MetricsSinkAdapter (MetricsSinkAdapter.java:publishMetricsFromQueue(141)) - prometheus thread interrupted.
2019-09-09 17:53:59,214 [main] INFO  impl.MetricsSystemImpl (MetricsSystemImpl.java:stop(216)) - XceiverClientMetrics metrics system stopped.
]]></system-out>
  </testcase>
  <testcase name="testDatanodeFailureWithPreAllocation" classname="org.apache.hadoop.ozone.client.rpc.TestBlockOutputStreamWithFailures" time="229.139"/>
  <testcase name="testDatanodeFailureWithSingleNodeRatis" classname="org.apache.hadoop.ozone.client.rpc.TestBlockOutputStreamWithFailures" time="223.984"/>
  <testcase name="testWatchForCommitWithSingleNodeRatis" classname="org.apache.hadoop.ozone.client.rpc.TestBlockOutputStreamWithFailures" time="35.387"/>
  <testcase name="testWatchForCommitDatanodeFailure" classname="org.apache.hadoop.ozone.client.rpc.TestBlockOutputStreamWithFailures" time="42.521">
    <failure message="expected:&lt;2&gt; but was:&lt;3&gt;" type="java.lang.AssertionError"><![CDATA[java.lang.AssertionError: expected:<2> but was:<3>
	at org.junit.Assert.fail(Assert.java:88)
	at org.junit.Assert.failNotEquals(Assert.java:743)
	at org.junit.Assert.assertEquals(Assert.java:118)
	at org.junit.Assert.assertEquals(Assert.java:555)
	at org.junit.Assert.assertEquals(Assert.java:542)
	at org.apache.hadoop.ozone.client.rpc.TestBlockOutputStreamWithFailures.testWatchForCommitDatanodeFailure(TestBlockOutputStreamWithFailures.java:366)
	at sun.reflect.NativeMethodAccessorImpl.invoke0(Native Method)
	at sun.reflect.NativeMethodAccessorImpl.invoke(NativeMethodAccessorImpl.java:62)
	at sun.reflect.DelegatingMethodAccessorImpl.invoke(DelegatingMethodAccessorImpl.java:43)
	at java.lang.reflect.Method.invoke(Method.java:498)
	at org.junit.runners.model.FrameworkMethod$1.runReflectiveCall(FrameworkMethod.java:47)
	at org.junit.internal.runners.model.ReflectiveCallable.run(ReflectiveCallable.java:12)
	at org.junit.runners.model.FrameworkMethod.invokeExplosively(FrameworkMethod.java:44)
	at org.junit.internal.runners.statements.InvokeMethod.evaluate(InvokeMethod.java:17)
	at org.junit.internal.runners.statements.RunBefores.evaluate(RunBefores.java:26)
	at org.junit.internal.runners.statements.RunAfters.evaluate(RunAfters.java:27)
	at org.junit.runners.ParentRunner.runLeaf(ParentRunner.java:271)
	at org.junit.runners.BlockJUnit4ClassRunner.runChild(BlockJUnit4ClassRunner.java:70)
	at org.junit.runners.BlockJUnit4ClassRunner.runChild(BlockJUnit4ClassRunner.java:50)
	at org.junit.runners.ParentRunner$3.run(ParentRunner.java:238)
	at org.junit.runners.ParentRunner$1.schedule(ParentRunner.java:63)
	at org.junit.runners.ParentRunner.runChildren(ParentRunner.java:236)
	at org.junit.runners.ParentRunner.access$000(ParentRunner.java:53)
	at org.junit.runners.ParentRunner$2.evaluate(ParentRunner.java:229)
	at org.junit.runners.ParentRunner.run(ParentRunner.java:309)
	at org.apache.maven.surefire.junit4.JUnit4Provider.execute(JUnit4Provider.java:365)
	at org.apache.maven.surefire.junit4.JUnit4Provider.executeWithRerun(JUnit4Provider.java:273)
	at org.apache.maven.surefire.junit4.JUnit4Provider.executeTestSet(JUnit4Provider.java:238)
	at org.apache.maven.surefire.junit4.JUnit4Provider.invoke(JUnit4Provider.java:159)
	at org.apache.maven.surefire.booter.ForkedBooter.invokeProviderInSameClassLoader(ForkedBooter.java:384)
	at org.apache.maven.surefire.booter.ForkedBooter.runSuitesInProcess(ForkedBooter.java:345)
	at org.apache.maven.surefire.booter.ForkedBooter.execute(ForkedBooter.java:126)
	at org.apache.maven.surefire.booter.ForkedBooter.main(ForkedBooter.java:418)
]]></failure>
    <system-out><![CDATA[2019-09-09 18:02:07,789 [main] WARN  server.ServerUtils (ServerUtils.java:getScmDbDir(145)) - ozone.scm.db.dirs is not configured. We recommend adding this setting. Falling back to ozone.metadata.dirs instead.
2019-09-09 18:02:07,803 [main] WARN  server.ServerUtils (ServerUtils.java:getScmDbDir(145)) - ozone.scm.db.dirs is not configured. We recommend adding this setting. Falling back to ozone.metadata.dirs instead.
2019-09-09 18:02:07,803 [main] WARN  server.ServerUtils (ServerUtils.java:getScmDbDir(145)) - ozone.scm.db.dirs is not configured. We recommend adding this setting. Falling back to ozone.metadata.dirs instead.
2019-09-09 18:02:07,804 [main] INFO  db.DBStoreBuilder (DBStoreBuilder.java:addTable(110)) - using custom profile for table: deletedBlocks
2019-09-09 18:02:07,804 [main] INFO  db.DBStoreBuilder (DBStoreBuilder.java:processTables(161)) - Using default column profile:DBProfile.DISK for Table:deletedBlocks
2019-09-09 18:02:07,804 [main] INFO  db.DBStoreBuilder (DBStoreBuilder.java:addTable(110)) - using custom profile for table: validCerts
2019-09-09 18:02:07,804 [main] INFO  db.DBStoreBuilder (DBStoreBuilder.java:processTables(161)) - Using default column profile:DBProfile.DISK for Table:validCerts
2019-09-09 18:02:07,804 [main] INFO  db.DBStoreBuilder (DBStoreBuilder.java:addTable(110)) - using custom profile for table: revokedCerts
2019-09-09 18:02:07,805 [main] INFO  db.DBStoreBuilder (DBStoreBuilder.java:processTables(161)) - Using default column profile:DBProfile.DISK for Table:revokedCerts
2019-09-09 18:02:07,805 [main] INFO  db.DBStoreBuilder (DBStoreBuilder.java:addTable(110)) - using custom profile for table: default
2019-09-09 18:02:07,805 [main] INFO  db.DBStoreBuilder (DBStoreBuilder.java:processTables(167)) - Using default column profile:DBProfile.DISK for Table:default
2019-09-09 18:02:07,805 [main] INFO  db.DBStoreBuilder (DBStoreBuilder.java:getDbProfile(198)) - Using default options. DBProfile.DISK
2019-09-09 18:02:07,971 [main] INFO  net.NodeSchemaLoader (NodeSchemaLoader.java:loadSchemaFromFile(125)) - Loading file from sun.misc.CompoundEnumeration@6075b369
2019-09-09 18:02:07,971 [main] INFO  net.NodeSchemaLoader (NodeSchemaLoader.java:loadSchema(171)) - Loading network topology layer schema file
2019-09-09 18:02:07,975 [main] INFO  node.SCMNodeManager (SCMNodeManager.java:<init>(114)) - Entering startup safe mode.
2019-09-09 18:02:07,976 [main] INFO  algorithms.ContainerPlacementPolicyFactory (ContainerPlacementPolicyFactory.java:getPolicy(55)) - Create container placement policy of type org.apache.hadoop.hdds.scm.container.placement.algorithms.SCMContainerPlacementRandom
2019-09-09 18:02:07,976 [main] WARN  server.ServerUtils (ServerUtils.java:getScmDbDir(145)) - ozone.scm.db.dirs is not configured. We recommend adding this setting. Falling back to ozone.metadata.dirs instead.
2019-09-09 18:02:08,057 [main] INFO  pipeline.SCMPipelineManager (SCMPipelineManager.java:initializePipelineState(126)) - No pipeline exists in current db
2019-09-09 18:02:08,057 [main] WARN  server.ServerUtils (ServerUtils.java:getScmDbDir(145)) - ozone.scm.db.dirs is not configured. We recommend adding this setting. Falling back to ozone.metadata.dirs instead.
2019-09-09 18:02:08,123 [main] WARN  events.EventQueue (EventQueue.java:fireEvent(183)) - No event handler registered for event TypedEvent{payloadType=SafeModeStatus, name='SafeModeStatus'}
2019-09-09 18:02:08,124 [main] INFO  ipc.CallQueueManager (CallQueueManager.java:<init>(84)) - Using callQueue: class java.util.concurrent.LinkedBlockingQueue, queueCapacity: 2000, scheduler: class org.apache.hadoop.ipc.DefaultRpcScheduler, ipcBackoff: false.
2019-09-09 18:02:08,125 [Socket Reader #1 for port 35408] INFO  ipc.Server (Server.java:run(1074)) - Starting Socket Reader #1 for port 35408
2019-09-09 18:02:08,127 [main] INFO  ipc.CallQueueManager (CallQueueManager.java:<init>(84)) - Using callQueue: class java.util.concurrent.LinkedBlockingQueue, queueCapacity: 2000, scheduler: class org.apache.hadoop.ipc.DefaultRpcScheduler, ipcBackoff: false.
2019-09-09 18:02:08,127 [Socket Reader #1 for port 33277] INFO  ipc.Server (Server.java:run(1074)) - Starting Socket Reader #1 for port 33277
2019-09-09 18:02:08,129 [main] INFO  ipc.CallQueueManager (CallQueueManager.java:<init>(84)) - Using callQueue: class java.util.concurrent.LinkedBlockingQueue, queueCapacity: 2000, scheduler: class org.apache.hadoop.ipc.DefaultRpcScheduler, ipcBackoff: false.
2019-09-09 18:02:08,130 [Socket Reader #1 for port 46632] INFO  ipc.Server (Server.java:run(1074)) - Starting Socket Reader #1 for port 46632
2019-09-09 18:02:08,132 [main] INFO  hdfs.DFSUtil (DFSUtil.java:httpServerTemplateForNNAndJN(1641)) - Starting Web-server for scm at: http://0.0.0.0:0
2019-09-09 18:02:08,134 [main] INFO  server.AuthenticationFilter (AuthenticationFilter.java:constructSecretProvider(240)) - Unable to initialize FileSignerSecretProvider, falling back to use random secrets.
2019-09-09 18:02:08,135 [main] WARN  http.HttpRequestLog (HttpRequestLog.java:getRequestLog(97)) - Jetty request log can only be enabled using Log4j
2019-09-09 18:02:08,137 [main] INFO  http.HttpServer2 (HttpServer2.java:addGlobalFilter(975)) - Added global filter 'safety' (class=org.apache.hadoop.http.HttpServer2$QuotingInputFilter)
2019-09-09 18:02:08,138 [main] INFO  http.HttpServer2 (HttpServer2.java:addFilter(948)) - Added filter static_user_filter (class=org.apache.hadoop.http.lib.StaticUserWebFilter$StaticUserFilter) to context scm
2019-09-09 18:02:08,138 [main] INFO  http.HttpServer2 (HttpServer2.java:addFilter(958)) - Added filter static_user_filter (class=org.apache.hadoop.http.lib.StaticUserWebFilter$StaticUserFilter) to context logs
2019-09-09 18:02:08,138 [main] INFO  http.HttpServer2 (HttpServer2.java:addFilter(958)) - Added filter static_user_filter (class=org.apache.hadoop.http.lib.StaticUserWebFilter$StaticUserFilter) to context static
2019-09-09 18:02:08,140 [main] INFO  server.StorageContainerManager (StorageContainerManager.java:start(759)) - StorageContainerLocationProtocol RPC server is listening at /0.0.0.0:46632
2019-09-09 18:02:08,143 [main] WARN  impl.MetricsConfig (MetricsConfig.java:loadFirst(134)) - Cannot locate configuration: tried hadoop-metrics2-storagecontainermanager.properties,hadoop-metrics2.properties
2019-09-09 18:02:08,144 [main] INFO  impl.MetricsSystemImpl (MetricsSystemImpl.java:startTimer(374)) - Scheduled Metric snapshot period at 10 second(s).
2019-09-09 18:02:08,144 [main] INFO  impl.MetricsSystemImpl (MetricsSystemImpl.java:start(191)) - StorageContainerManager metrics system started
2019-09-09 18:02:08,164 [main] WARN  impl.MetricsSystemImpl (MetricsSystemImpl.java:register(276)) - Sink prometheus already exists!
2019-09-09 18:02:08,203 [main] INFO  server.SCMClientProtocolServer (SCMClientProtocolServer.java:start(151)) - RPC server for Client  is listening at /0.0.0.0:46632
2019-09-09 18:02:08,204 [IPC Server Responder] INFO  ipc.Server (Server.java:run(1314)) - IPC Server Responder: starting
2019-09-09 18:02:08,204 [IPC Server listener on 46632] INFO  ipc.Server (Server.java:run(1153)) - IPC Server listener on 46632: starting
2019-09-09 18:02:08,208 [main] INFO  server.StorageContainerManager (StorageContainerManager.java:start(769)) - ScmBlockLocationProtocol RPC server is listening at /0.0.0.0:33277
2019-09-09 18:02:08,209 [main] INFO  server.SCMBlockProtocolServer (SCMBlockProtocolServer.java:start(146)) - RPC server for Block Protocol is listening at /0.0.0.0:33277
2019-09-09 18:02:08,209 [IPC Server Responder] INFO  ipc.Server (Server.java:run(1314)) - IPC Server Responder: starting
2019-09-09 18:02:08,209 [IPC Server listener on 33277] INFO  ipc.Server (Server.java:run(1153)) - IPC Server listener on 33277: starting
2019-09-09 18:02:08,212 [main] INFO  server.StorageContainerManager (StorageContainerManager.java:start(773)) - ScmDatanodeProtocl RPC server is listening at /0.0.0.0:35408
2019-09-09 18:02:08,212 [main] INFO  server.SCMDatanodeProtocolServer (SCMDatanodeProtocolServer.java:start(191)) - RPC server for DataNodes is listening at /0.0.0.0:35408
2019-09-09 18:02:08,213 [IPC Server Responder] INFO  ipc.Server (Server.java:run(1314)) - IPC Server Responder: starting
2019-09-09 18:02:08,213 [IPC Server listener on 35408] INFO  ipc.Server (Server.java:run(1153)) - IPC Server listener on 35408: starting
2019-09-09 18:02:08,215 [main] INFO  http.HttpServer2 (HttpServer2.java:bindListener(1191)) - Jetty bound to port 36162
2019-09-09 18:02:08,215 [main] INFO  server.Server (Server.java:doStart(351)) - jetty-9.3.24.v20180605, build timestamp: 2018-06-05T17:11:56Z, git hash: 84205aa28f11a4f31f2a3b86d1bba2cc8ab69827
2019-09-09 18:02:08,217 [main] INFO  handler.ContextHandler (ContextHandler.java:doStart(781)) - Started o.e.j.s.ServletContextHandler@581c9bb7{/logs,file:///workdir/hadoop-ozone/integration-test/target/log,AVAILABLE}
2019-09-09 18:02:08,217 [main] INFO  handler.ContextHandler (ContextHandler.java:doStart(781)) - Started o.e.j.s.ServletContextHandler@212fafd1{/static,file:///workdir/hadoop-ozone/integration-test/target/test-classes/webapps/static,AVAILABLE}
2019-09-09 18:02:08,221 [main] INFO  handler.ContextHandler (ContextHandler.java:doStart(781)) - Started o.e.j.w.WebAppContext@6812c8cc{/,file:///workdir/hadoop-ozone/integration-test/target/test-classes/webapps/scm/,AVAILABLE}{/scm}
2019-09-09 18:02:08,221 [main] INFO  server.AbstractConnector (AbstractConnector.java:doStart(278)) - Started ServerConnector@3457cc8d{HTTP/1.1,[http/1.1]}{0.0.0.0:36162}
2019-09-09 18:02:08,222 [main] INFO  server.Server (Server.java:doStart(419)) - Started @531204ms
2019-09-09 18:02:08,222 [main] WARN  impl.MetricsSystemImpl (MetricsSystemImpl.java:register(276)) - Sink prometheus already exists!
2019-09-09 18:02:08,223 [main] INFO  server.BaseHttpServer (BaseHttpServer.java:updateConnectorAddress(215)) - HTTP server of SCM is listening at http://0.0.0.0:36162
2019-09-09 18:02:08,223 [main] WARN  server.ServerUtils (ServerUtils.java:getDBPath(222)) - ozone.om.db.dirs is not configured. We recommend adding this setting. Falling back to ozone.metadata.dirs instead.
2019-09-09 18:02:08,224 [org.apache.hadoop.util.JvmPauseMonitor$Monitor@7994a0d1] INFO  util.JvmPauseMonitor (JvmPauseMonitor.java:run(188)) - Starting JVM pause monitor
2019-09-09 18:02:08,237 [main] WARN  server.ServerUtils (ServerUtils.java:getDBPath(222)) - ozone.om.db.dirs is not configured. We recommend adding this setting. Falling back to ozone.metadata.dirs instead.
2019-09-09 18:02:08,238 [main] WARN  server.ServerUtils (ServerUtils.java:getDBPath(222)) - ozone.om.db.dirs is not configured. We recommend adding this setting. Falling back to ozone.metadata.dirs instead.
2019-09-09 18:02:08,238 [main] INFO  om.OzoneManager (OzoneManager.java:setOMNodeDetails(652)) - OM Service ID is not set. Setting it to the default ID: omServiceIdDefault
2019-09-09 18:02:08,238 [main] INFO  om.OzoneManager (OzoneManager.java:setOMNodeDetails(658)) - OM Node ID is not set. Setting it to the OmStorage's OmID: ceca0d06-3ac7-4f24-85ab-6130d19ea3a6
2019-09-09 18:02:08,238 [main] INFO  om.OzoneManager (OzoneManager.java:loadOMHAConfigs(609)) - Found matching OM address with OMServiceId: null, OMNodeId: null, RPC Address: localhost:0 and Ratis port: 9872
2019-09-09 18:02:08,241 | INFO  | SCMAudit | user=jenkins1000 | ip=192.168.34.39 | op=GET_SCM_INFO null | ret=SUCCESS |  
2019-09-09 18:02:08,243 [main] WARN  server.ServerUtils (ServerUtils.java:getDBPath(222)) - ozone.om.db.dirs is not configured. We recommend adding this setting. Falling back to ozone.metadata.dirs instead.
2019-09-09 18:02:08,243 [main] INFO  db.DBStoreBuilder (DBStoreBuilder.java:addTable(110)) - using custom profile for table: userTable
2019-09-09 18:02:08,243 [main] INFO  db.DBStoreBuilder (DBStoreBuilder.java:processTables(161)) - Using default column profile:DBProfile.DISK for Table:userTable
2019-09-09 18:02:08,243 [main] INFO  db.DBStoreBuilder (DBStoreBuilder.java:addTable(110)) - using custom profile for table: volumeTable
2019-09-09 18:02:08,244 [main] INFO  db.DBStoreBuilder (DBStoreBuilder.java:processTables(161)) - Using default column profile:DBProfile.DISK for Table:volumeTable
2019-09-09 18:02:08,244 [main] INFO  db.DBStoreBuilder (DBStoreBuilder.java:addTable(110)) - using custom profile for table: bucketTable
2019-09-09 18:02:08,244 [main] INFO  db.DBStoreBuilder (DBStoreBuilder.java:processTables(161)) - Using default column profile:DBProfile.DISK for Table:bucketTable
2019-09-09 18:02:08,244 [main] INFO  db.DBStoreBuilder (DBStoreBuilder.java:addTable(110)) - using custom profile for table: keyTable
2019-09-09 18:02:08,244 [main] INFO  db.DBStoreBuilder (DBStoreBuilder.java:processTables(161)) - Using default column profile:DBProfile.DISK for Table:keyTable
2019-09-09 18:02:08,245 [main] INFO  db.DBStoreBuilder (DBStoreBuilder.java:addTable(110)) - using custom profile for table: deletedTable
2019-09-09 18:02:08,245 [main] INFO  db.DBStoreBuilder (DBStoreBuilder.java:processTables(161)) - Using default column profile:DBProfile.DISK for Table:deletedTable
2019-09-09 18:02:08,245 [main] INFO  db.DBStoreBuilder (DBStoreBuilder.java:addTable(110)) - using custom profile for table: openKeyTable
2019-09-09 18:02:08,245 [main] INFO  db.DBStoreBuilder (DBStoreBuilder.java:processTables(161)) - Using default column profile:DBProfile.DISK for Table:openKeyTable
2019-09-09 18:02:08,245 [main] INFO  db.DBStoreBuilder (DBStoreBuilder.java:addTable(110)) - using custom profile for table: s3Table
2019-09-09 18:02:08,245 [main] INFO  db.DBStoreBuilder (DBStoreBuilder.java:processTables(161)) - Using default column profile:DBProfile.DISK for Table:s3Table
2019-09-09 18:02:08,246 [main] INFO  db.DBStoreBuilder (DBStoreBuilder.java:addTable(110)) - using custom profile for table: multipartInfoTable
2019-09-09 18:02:08,246 [main] INFO  db.DBStoreBuilder (DBStoreBuilder.java:processTables(161)) - Using default column profile:DBProfile.DISK for Table:multipartInfoTable
2019-09-09 18:02:08,246 [main] INFO  db.DBStoreBuilder (DBStoreBuilder.java:addTable(110)) - using custom profile for table: dTokenTable
2019-09-09 18:02:08,246 [main] INFO  db.DBStoreBuilder (DBStoreBuilder.java:processTables(161)) - Using default column profile:DBProfile.DISK for Table:dTokenTable
2019-09-09 18:02:08,246 [main] INFO  db.DBStoreBuilder (DBStoreBuilder.java:addTable(110)) - using custom profile for table: s3SecretTable
2019-09-09 18:02:08,246 [main] INFO  db.DBStoreBuilder (DBStoreBuilder.java:processTables(161)) - Using default column profile:DBProfile.DISK for Table:s3SecretTable
2019-09-09 18:02:08,247 [main] INFO  db.DBStoreBuilder (DBStoreBuilder.java:addTable(110)) - using custom profile for table: prefixTable
2019-09-09 18:02:08,247 [main] INFO  db.DBStoreBuilder (DBStoreBuilder.java:processTables(161)) - Using default column profile:DBProfile.DISK for Table:prefixTable
2019-09-09 18:02:08,247 [main] INFO  db.DBStoreBuilder (DBStoreBuilder.java:addTable(110)) - using custom profile for table: default
2019-09-09 18:02:08,247 [main] INFO  db.DBStoreBuilder (DBStoreBuilder.java:processTables(167)) - Using default column profile:DBProfile.DISK for Table:default
2019-09-09 18:02:08,247 [main] INFO  db.DBStoreBuilder (DBStoreBuilder.java:getDbProfile(198)) - Using default options. DBProfile.DISK
2019-09-09 18:02:08,995 [main] INFO  ipc.CallQueueManager (CallQueueManager.java:<init>(84)) - Using callQueue: class java.util.concurrent.LinkedBlockingQueue, queueCapacity: 2000, scheduler: class org.apache.hadoop.ipc.DefaultRpcScheduler, ipcBackoff: false.
2019-09-09 18:02:08,996 [Socket Reader #1 for port 37454] INFO  ipc.Server (Server.java:run(1074)) - Starting Socket Reader #1 for port 37454
2019-09-09 18:02:09,009 [main] INFO  om.OzoneManager (OzoneManager.java:start(1266)) - OzoneManager RPC server is listening at localhost/127.0.0.1:37454
2019-09-09 18:02:09,009 [main] INFO  impl.MetricsSystemImpl (MetricsSystemImpl.java:init(158)) - OzoneManager metrics system started (again)
2019-09-09 18:02:09,010 [IPC Server Responder] INFO  ipc.Server (Server.java:run(1314)) - IPC Server Responder: starting
2019-09-09 18:02:09,010 [IPC Server listener on 37454] INFO  ipc.Server (Server.java:run(1153)) - IPC Server listener on 37454: starting
2019-09-09 18:02:09,014 [main] INFO  hdfs.DFSUtil (DFSUtil.java:httpServerTemplateForNNAndJN(1641)) - Starting Web-server for ozoneManager at: http://0.0.0.0:0
2019-09-09 18:02:09,015 [main] INFO  server.AuthenticationFilter (AuthenticationFilter.java:constructSecretProvider(240)) - Unable to initialize FileSignerSecretProvider, falling back to use random secrets.
2019-09-09 18:02:09,016 [main] WARN  http.HttpRequestLog (HttpRequestLog.java:getRequestLog(97)) - Jetty request log can only be enabled using Log4j
2019-09-09 18:02:09,017 [main] INFO  http.HttpServer2 (HttpServer2.java:addGlobalFilter(975)) - Added global filter 'safety' (class=org.apache.hadoop.http.HttpServer2$QuotingInputFilter)
2019-09-09 18:02:09,018 [main] INFO  http.HttpServer2 (HttpServer2.java:addFilter(948)) - Added filter static_user_filter (class=org.apache.hadoop.http.lib.StaticUserWebFilter$StaticUserFilter) to context ozoneManager
2019-09-09 18:02:09,018 [main] INFO  http.HttpServer2 (HttpServer2.java:addFilter(958)) - Added filter static_user_filter (class=org.apache.hadoop.http.lib.StaticUserWebFilter$StaticUserFilter) to context logs
2019-09-09 18:02:09,018 [main] INFO  http.HttpServer2 (HttpServer2.java:addFilter(958)) - Added filter static_user_filter (class=org.apache.hadoop.http.lib.StaticUserWebFilter$StaticUserFilter) to context static
2019-09-09 18:02:09,019 [main] INFO  http.HttpServer2 (HttpServer2.java:bindListener(1191)) - Jetty bound to port 38299
2019-09-09 18:02:09,019 [main] INFO  server.Server (Server.java:doStart(351)) - jetty-9.3.24.v20180605, build timestamp: 2018-06-05T17:11:56Z, git hash: 84205aa28f11a4f31f2a3b86d1bba2cc8ab69827
2019-09-09 18:02:09,021 [main] INFO  handler.ContextHandler (ContextHandler.java:doStart(781)) - Started o.e.j.s.ServletContextHandler@36478bce{/logs,file:///workdir/hadoop-ozone/integration-test/target/log,AVAILABLE}
2019-09-09 18:02:09,021 [main] INFO  handler.ContextHandler (ContextHandler.java:doStart(781)) - Started o.e.j.s.ServletContextHandler@75793f17{/static,file:///workdir/hadoop-ozone/integration-test/target/test-classes/webapps/static,AVAILABLE}
2019-09-09 18:02:09,025 [main] INFO  handler.ContextHandler (ContextHandler.java:doStart(781)) - Started o.e.j.w.WebAppContext@175c5c3a{/,file:///workdir/hadoop-ozone/integration-test/target/test-classes/webapps/ozoneManager/,AVAILABLE}{/ozoneManager}
2019-09-09 18:02:09,025 [main] INFO  server.AbstractConnector (AbstractConnector.java:doStart(278)) - Started ServerConnector@69a5c6be{HTTP/1.1,[http/1.1]}{0.0.0.0:38299}
2019-09-09 18:02:09,026 [main] INFO  server.Server (Server.java:doStart(419)) - Started @532009ms
2019-09-09 18:02:09,026 [main] WARN  impl.MetricsSystemImpl (MetricsSystemImpl.java:register(276)) - Sink prometheus already exists!
2019-09-09 18:02:09,027 [main] INFO  server.BaseHttpServer (BaseHttpServer.java:updateConnectorAddress(215)) - HTTP server of OZONEMANAGER is listening at http://0.0.0.0:38299
2019-09-09 18:02:09,044 [main] INFO  impl.MetricsSystemImpl (MetricsSystemImpl.java:init(158)) - HddsDatanode metrics system started (again)
2019-09-09 18:02:09,046 [main] INFO  ozone.HddsDatanodeService (HddsDatanodeService.java:start(184)) - HddsDatanodeService host:pr-hdds-2102-js77h-2988213663 ip:192.168.34.39
2019-09-09 18:02:09,052 [main] INFO  volume.HddsVolume (HddsVolume.java:<init>(176)) - Creating Volume: /workdir/hadoop-ozone/integration-test/target/test-dir/MiniOzoneClusterImpl-b5fe0712-b217-48e1-a309-931088266b0b/datanode-0/data/containers/hdds of  storage type : DISK and capacity : 1482555576320
2019-09-09 18:02:09,053 [main] INFO  volume.VolumeSet (VolumeSet.java:initializeVolumeSet(170)) - Added Volume : /workdir/hadoop-ozone/integration-test/target/test-dir/MiniOzoneClusterImpl-b5fe0712-b217-48e1-a309-931088266b0b/datanode-0/data/containers/hdds to VolumeSet
2019-09-09 18:02:09,053 [main] INFO  volume.ThrottledAsyncChecker (ThrottledAsyncChecker.java:schedule(139)) - Scheduling a check for org.apache.hadoop.ozone.container.common.volume.HddsVolume@14d8e132
2019-09-09 18:02:09,054 [main] INFO  volume.HddsVolumeChecker (HddsVolumeChecker.java:checkAllVolumes(202)) - Scheduled health check for volume org.apache.hadoop.ozone.container.common.volume.HddsVolume@14d8e132
2019-09-09 18:02:09,070 [main] INFO  impl.RaftServerProxy (ConfUtils.java:logGet(43)) - raft.rpc.type = GRPC (default)
2019-09-09 18:02:09,070 [main] INFO  grpc.GrpcFactory (GrpcFactory.java:checkPooledByteBufAllocatorUseCacheForAllThreads(45)) - PERFORMANCE WARNING: useCacheForAllThreads is true that may cause Netty to create a lot garbage objects and, as a result, trigger GC.
	It is recommended to disable useCacheForAllThreads by setting -Dorg.apache.ratis.thirdparty.io.netty.allocator.useCacheForAllThreads=false in command line.
2019-09-09 18:02:09,070 [main] INFO  grpc.GrpcConfigKeys$Server (ConfUtils.java:logGet(43)) - raft.grpc.server.port = 0 (default)
2019-09-09 18:02:09,071 [main] INFO  server.GrpcService (ConfUtils.java:logGet(43)) - raft.grpc.message.size.max = 33570816 (custom)
2019-09-09 18:02:09,071 [main] INFO  server.RaftServerConfigKeys (ConfUtils.java:logGet(43)) - raft.server.log.appender.buffer.byte-limit = 33554432 (custom)
2019-09-09 18:02:09,071 [main] INFO  server.GrpcService (ConfUtils.java:logGet(43)) - raft.grpc.flow.control.window = 1MB (=1048576) (default)
2019-09-09 18:02:09,071 [main] INFO  server.RaftServerConfigKeys (ConfUtils.java:logGet(43)) - raft.server.rpc.request.timeout = 3000ms (default)
2019-09-09 18:02:09,072 [main] INFO  server.RaftServerConfigKeys (ConfUtils.java:logGet(43)) - raft.server.storage.dir = [/workdir/hadoop-ozone/integration-test/target/test-dir/MiniOzoneClusterImpl-b5fe0712-b217-48e1-a309-931088266b0b/datanode-0/data/ratis] (custom)
2019-09-09 18:02:09,074 [main] INFO  hdfs.DFSUtil (DFSUtil.java:httpServerTemplateForNNAndJN(1641)) - Starting Web-server for hddsDatanode at: http://0.0.0.0:0
2019-09-09 18:02:09,075 [main] INFO  server.AuthenticationFilter (AuthenticationFilter.java:constructSecretProvider(240)) - Unable to initialize FileSignerSecretProvider, falling back to use random secrets.
2019-09-09 18:02:09,076 [main] WARN  http.HttpRequestLog (HttpRequestLog.java:getRequestLog(97)) - Jetty request log can only be enabled using Log4j
2019-09-09 18:02:09,077 [main] INFO  http.HttpServer2 (HttpServer2.java:addGlobalFilter(975)) - Added global filter 'safety' (class=org.apache.hadoop.http.HttpServer2$QuotingInputFilter)
2019-09-09 18:02:09,077 [main] INFO  http.HttpServer2 (HttpServer2.java:addFilter(948)) - Added filter static_user_filter (class=org.apache.hadoop.http.lib.StaticUserWebFilter$StaticUserFilter) to context hddsDatanode
2019-09-09 18:02:09,078 [main] INFO  http.HttpServer2 (HttpServer2.java:addFilter(958)) - Added filter static_user_filter (class=org.apache.hadoop.http.lib.StaticUserWebFilter$StaticUserFilter) to context logs
2019-09-09 18:02:09,078 [main] INFO  http.HttpServer2 (HttpServer2.java:addFilter(958)) - Added filter static_user_filter (class=org.apache.hadoop.http.lib.StaticUserWebFilter$StaticUserFilter) to context static
2019-09-09 18:02:09,078 [main] INFO  http.HttpServer2 (HttpServer2.java:bindListener(1191)) - Jetty bound to port 33225
2019-09-09 18:02:09,079 [main] INFO  server.Server (Server.java:doStart(351)) - jetty-9.3.24.v20180605, build timestamp: 2018-06-05T17:11:56Z, git hash: 84205aa28f11a4f31f2a3b86d1bba2cc8ab69827
2019-09-09 18:02:09,080 [main] INFO  handler.ContextHandler (ContextHandler.java:doStart(781)) - Started o.e.j.s.ServletContextHandler@cbf1997{/logs,file:///workdir/hadoop-ozone/integration-test/target/log,AVAILABLE}
2019-09-09 18:02:09,081 [main] INFO  handler.ContextHandler (ContextHandler.java:doStart(781)) - Started o.e.j.s.ServletContextHandler@5faeeb56{/static,jar:file:/home/user/.m2/repository/org/apache/hadoop/hadoop-hdds-container-service/0.5.0-SNAPSHOT/hadoop-hdds-container-service-0.5.0-SNAPSHOT.jar!/webapps/static,AVAILABLE}
2019-09-09 18:02:09,109 [main] INFO  handler.ContextHandler (ContextHandler.java:doStart(781)) - Started o.e.j.w.WebAppContext@50e5032c{/,file:///tmp/jetty-0.0.0.0-33225-hddsDatanode-_-any-3241897639940363248.dir/webapp/,AVAILABLE}{/hddsDatanode}
2019-09-09 18:02:09,110 [main] INFO  server.AbstractConnector (AbstractConnector.java:doStart(278)) - Started ServerConnector@545d2560{HTTP/1.1,[http/1.1]}{0.0.0.0:33225}
2019-09-09 18:02:09,111 [main] INFO  server.Server (Server.java:doStart(419)) - Started @532093ms
2019-09-09 18:02:09,112 [main] WARN  impl.MetricsSystemImpl (MetricsSystemImpl.java:register(276)) - Sink prometheus already exists!
2019-09-09 18:02:09,113 [main] INFO  server.BaseHttpServer (BaseHttpServer.java:updateConnectorAddress(215)) - HTTP server of HDDSDATANODE is listening at http://0.0.0.0:33225
2019-09-09 18:02:09,113 [main] INFO  impl.MetricsSystemImpl (MetricsSystemImpl.java:init(158)) - HddsDatanode metrics system started (again)
2019-09-09 18:02:09,115 [org.apache.hadoop.util.JvmPauseMonitor$Monitor@4311fe91] INFO  util.JvmPauseMonitor (JvmPauseMonitor.java:run(188)) - Starting JVM pause monitor
2019-09-09 18:02:09,116 [main] INFO  ozone.HddsDatanodeService (HddsDatanodeService.java:start(184)) - HddsDatanodeService host:pr-hdds-2102-js77h-2988213663 ip:192.168.34.39
2019-09-09 18:02:09,117 [Datanode State Machine Thread - 0] INFO  datanode.InitDatanodeState (InitDatanodeState.java:persistContainerDatanodeDetails(140)) - DatanodeDetails is persisted to /workdir/hadoop-ozone/integration-test/target/test-dir/MiniOzoneClusterImpl-b5fe0712-b217-48e1-a309-931088266b0b/datanode-0/meta/datanode.id
2019-09-09 18:02:09,121 [main] INFO  volume.HddsVolume (HddsVolume.java:<init>(176)) - Creating Volume: /workdir/hadoop-ozone/integration-test/target/test-dir/MiniOzoneClusterImpl-b5fe0712-b217-48e1-a309-931088266b0b/datanode-1/data/containers/hdds of  storage type : DISK and capacity : 1482555576320
2019-09-09 18:02:09,121 [main] INFO  volume.VolumeSet (VolumeSet.java:initializeVolumeSet(170)) - Added Volume : /workdir/hadoop-ozone/integration-test/target/test-dir/MiniOzoneClusterImpl-b5fe0712-b217-48e1-a309-931088266b0b/datanode-1/data/containers/hdds to VolumeSet
2019-09-09 18:02:09,122 [main] INFO  volume.ThrottledAsyncChecker (ThrottledAsyncChecker.java:schedule(139)) - Scheduling a check for org.apache.hadoop.ozone.container.common.volume.HddsVolume@1e2445f6
2019-09-09 18:02:09,122 [main] INFO  volume.HddsVolumeChecker (HddsVolumeChecker.java:checkAllVolumes(202)) - Scheduled health check for volume org.apache.hadoop.ozone.container.common.volume.HddsVolume@1e2445f6
2019-09-09 18:02:09,135 [main] INFO  impl.RaftServerProxy (ConfUtils.java:logGet(43)) - raft.rpc.type = GRPC (default)
2019-09-09 18:02:09,135 [main] INFO  grpc.GrpcFactory (GrpcFactory.java:checkPooledByteBufAllocatorUseCacheForAllThreads(45)) - PERFORMANCE WARNING: useCacheForAllThreads is true that may cause Netty to create a lot garbage objects and, as a result, trigger GC.
	It is recommended to disable useCacheForAllThreads by setting -Dorg.apache.ratis.thirdparty.io.netty.allocator.useCacheForAllThreads=false in command line.
2019-09-09 18:02:09,135 [main] INFO  grpc.GrpcConfigKeys$Server (ConfUtils.java:logGet(43)) - raft.grpc.server.port = 0 (default)
2019-09-09 18:02:09,136 [main] INFO  server.GrpcService (ConfUtils.java:logGet(43)) - raft.grpc.message.size.max = 33570816 (custom)
2019-09-09 18:02:09,136 [main] INFO  server.RaftServerConfigKeys (ConfUtils.java:logGet(43)) - raft.server.log.appender.buffer.byte-limit = 33554432 (custom)
2019-09-09 18:02:09,136 [main] INFO  server.GrpcService (ConfUtils.java:logGet(43)) - raft.grpc.flow.control.window = 1MB (=1048576) (default)
2019-09-09 18:02:09,136 [main] INFO  server.RaftServerConfigKeys (ConfUtils.java:logGet(43)) - raft.server.rpc.request.timeout = 3000ms (default)
2019-09-09 18:02:09,137 [main] INFO  server.RaftServerConfigKeys (ConfUtils.java:logGet(43)) - raft.server.storage.dir = [/workdir/hadoop-ozone/integration-test/target/test-dir/MiniOzoneClusterImpl-b5fe0712-b217-48e1-a309-931088266b0b/datanode-1/data/ratis] (custom)
2019-09-09 18:02:09,138 [main] INFO  hdfs.DFSUtil (DFSUtil.java:httpServerTemplateForNNAndJN(1641)) - Starting Web-server for hddsDatanode at: http://0.0.0.0:0
2019-09-09 18:02:09,140 [main] INFO  server.AuthenticationFilter (AuthenticationFilter.java:constructSecretProvider(240)) - Unable to initialize FileSignerSecretProvider, falling back to use random secrets.
2019-09-09 18:02:09,140 [main] WARN  http.HttpRequestLog (HttpRequestLog.java:getRequestLog(97)) - Jetty request log can only be enabled using Log4j
2019-09-09 18:02:09,142 [main] INFO  http.HttpServer2 (HttpServer2.java:addGlobalFilter(975)) - Added global filter 'safety' (class=org.apache.hadoop.http.HttpServer2$QuotingInputFilter)
2019-09-09 18:02:09,142 [main] INFO  http.HttpServer2 (HttpServer2.java:addFilter(948)) - Added filter static_user_filter (class=org.apache.hadoop.http.lib.StaticUserWebFilter$StaticUserFilter) to context hddsDatanode
2019-09-09 18:02:09,143 [main] INFO  http.HttpServer2 (HttpServer2.java:addFilter(958)) - Added filter static_user_filter (class=org.apache.hadoop.http.lib.StaticUserWebFilter$StaticUserFilter) to context static
2019-09-09 18:02:09,143 [main] INFO  http.HttpServer2 (HttpServer2.java:addFilter(958)) - Added filter static_user_filter (class=org.apache.hadoop.http.lib.StaticUserWebFilter$StaticUserFilter) to context logs
2019-09-09 18:02:09,143 [main] INFO  http.HttpServer2 (HttpServer2.java:bindListener(1191)) - Jetty bound to port 43131
2019-09-09 18:02:09,144 [main] INFO  server.Server (Server.java:doStart(351)) - jetty-9.3.24.v20180605, build timestamp: 2018-06-05T17:11:56Z, git hash: 84205aa28f11a4f31f2a3b86d1bba2cc8ab69827
2019-09-09 18:02:09,145 [main] INFO  handler.ContextHandler (ContextHandler.java:doStart(781)) - Started o.e.j.s.ServletContextHandler@7ceb6c45{/logs,file:///workdir/hadoop-ozone/integration-test/target/log,AVAILABLE}
2019-09-09 18:02:09,145 [main] INFO  handler.ContextHandler (ContextHandler.java:doStart(781)) - Started o.e.j.s.ServletContextHandler@48499739{/static,jar:file:/home/user/.m2/repository/org/apache/hadoop/hadoop-hdds-container-service/0.5.0-SNAPSHOT/hadoop-hdds-container-service-0.5.0-SNAPSHOT.jar!/webapps/static,AVAILABLE}
2019-09-09 18:02:09,174 [main] INFO  handler.ContextHandler (ContextHandler.java:doStart(781)) - Started o.e.j.w.WebAppContext@79ca7bea{/,file:///tmp/jetty-0.0.0.0-43131-hddsDatanode-_-any-7072654648436777200.dir/webapp/,AVAILABLE}{/hddsDatanode}
2019-09-09 18:02:09,174 [main] INFO  server.AbstractConnector (AbstractConnector.java:doStart(278)) - Started ServerConnector@54f6b629{HTTP/1.1,[http/1.1]}{0.0.0.0:43131}
2019-09-09 18:02:09,175 [main] INFO  server.Server (Server.java:doStart(419)) - Started @532158ms
2019-09-09 18:02:09,176 [main] WARN  impl.MetricsSystemImpl (MetricsSystemImpl.java:register(276)) - Sink prometheus already exists!
2019-09-09 18:02:09,176 [main] INFO  server.BaseHttpServer (BaseHttpServer.java:updateConnectorAddress(215)) - HTTP server of HDDSDATANODE is listening at http://0.0.0.0:43131
2019-09-09 18:02:09,177 [main] INFO  impl.MetricsSystemImpl (MetricsSystemImpl.java:init(158)) - HddsDatanode metrics system started (again)
2019-09-09 18:02:09,179 [main] INFO  ozone.HddsDatanodeService (HddsDatanodeService.java:start(184)) - HddsDatanodeService host:pr-hdds-2102-js77h-2988213663 ip:192.168.34.39
2019-09-09 18:02:09,179 [org.apache.hadoop.util.JvmPauseMonitor$Monitor@17f7a5a7] INFO  util.JvmPauseMonitor (JvmPauseMonitor.java:run(188)) - Starting JVM pause monitor
2019-09-09 18:02:09,180 [Datanode State Machine Thread - 0] INFO  datanode.InitDatanodeState (InitDatanodeState.java:persistContainerDatanodeDetails(140)) - DatanodeDetails is persisted to /workdir/hadoop-ozone/integration-test/target/test-dir/MiniOzoneClusterImpl-b5fe0712-b217-48e1-a309-931088266b0b/datanode-1/meta/datanode.id
2019-09-09 18:02:09,184 [main] INFO  volume.HddsVolume (HddsVolume.java:<init>(176)) - Creating Volume: /workdir/hadoop-ozone/integration-test/target/test-dir/MiniOzoneClusterImpl-b5fe0712-b217-48e1-a309-931088266b0b/datanode-2/data/containers/hdds of  storage type : DISK and capacity : 1482555576320
2019-09-09 18:02:09,184 [main] INFO  volume.VolumeSet (VolumeSet.java:initializeVolumeSet(170)) - Added Volume : /workdir/hadoop-ozone/integration-test/target/test-dir/MiniOzoneClusterImpl-b5fe0712-b217-48e1-a309-931088266b0b/datanode-2/data/containers/hdds to VolumeSet
2019-09-09 18:02:09,185 [main] INFO  volume.ThrottledAsyncChecker (ThrottledAsyncChecker.java:schedule(139)) - Scheduling a check for org.apache.hadoop.ozone.container.common.volume.HddsVolume@6b063470
2019-09-09 18:02:09,185 [main] INFO  volume.HddsVolumeChecker (HddsVolumeChecker.java:checkAllVolumes(202)) - Scheduled health check for volume org.apache.hadoop.ozone.container.common.volume.HddsVolume@6b063470
2019-09-09 18:02:09,197 [main] INFO  impl.RaftServerProxy (ConfUtils.java:logGet(43)) - raft.rpc.type = GRPC (default)
2019-09-09 18:02:09,197 [main] INFO  grpc.GrpcFactory (GrpcFactory.java:checkPooledByteBufAllocatorUseCacheForAllThreads(45)) - PERFORMANCE WARNING: useCacheForAllThreads is true that may cause Netty to create a lot garbage objects and, as a result, trigger GC.
	It is recommended to disable useCacheForAllThreads by setting -Dorg.apache.ratis.thirdparty.io.netty.allocator.useCacheForAllThreads=false in command line.
2019-09-09 18:02:09,197 [main] INFO  grpc.GrpcConfigKeys$Server (ConfUtils.java:logGet(43)) - raft.grpc.server.port = 0 (default)
2019-09-09 18:02:09,198 [main] INFO  server.GrpcService (ConfUtils.java:logGet(43)) - raft.grpc.message.size.max = 33570816 (custom)
2019-09-09 18:02:09,198 [main] INFO  server.RaftServerConfigKeys (ConfUtils.java:logGet(43)) - raft.server.log.appender.buffer.byte-limit = 33554432 (custom)
2019-09-09 18:02:09,198 [main] INFO  server.GrpcService (ConfUtils.java:logGet(43)) - raft.grpc.flow.control.window = 1MB (=1048576) (default)
2019-09-09 18:02:09,198 [main] INFO  server.RaftServerConfigKeys (ConfUtils.java:logGet(43)) - raft.server.rpc.request.timeout = 3000ms (default)
2019-09-09 18:02:09,199 [main] INFO  server.RaftServerConfigKeys (ConfUtils.java:logGet(43)) - raft.server.storage.dir = [/workdir/hadoop-ozone/integration-test/target/test-dir/MiniOzoneClusterImpl-b5fe0712-b217-48e1-a309-931088266b0b/datanode-2/data/ratis] (custom)
2019-09-09 18:02:09,200 [main] INFO  hdfs.DFSUtil (DFSUtil.java:httpServerTemplateForNNAndJN(1641)) - Starting Web-server for hddsDatanode at: http://0.0.0.0:0
2019-09-09 18:02:09,201 [main] INFO  server.AuthenticationFilter (AuthenticationFilter.java:constructSecretProvider(240)) - Unable to initialize FileSignerSecretProvider, falling back to use random secrets.
2019-09-09 18:02:09,202 [main] WARN  http.HttpRequestLog (HttpRequestLog.java:getRequestLog(97)) - Jetty request log can only be enabled using Log4j
2019-09-09 18:02:09,203 [main] INFO  http.HttpServer2 (HttpServer2.java:addGlobalFilter(975)) - Added global filter 'safety' (class=org.apache.hadoop.http.HttpServer2$QuotingInputFilter)
2019-09-09 18:02:09,203 [main] INFO  http.HttpServer2 (HttpServer2.java:addFilter(948)) - Added filter static_user_filter (class=org.apache.hadoop.http.lib.StaticUserWebFilter$StaticUserFilter) to context hddsDatanode
2019-09-09 18:02:09,204 [main] INFO  http.HttpServer2 (HttpServer2.java:addFilter(958)) - Added filter static_user_filter (class=org.apache.hadoop.http.lib.StaticUserWebFilter$StaticUserFilter) to context logs
2019-09-09 18:02:09,204 [main] INFO  http.HttpServer2 (HttpServer2.java:addFilter(958)) - Added filter static_user_filter (class=org.apache.hadoop.http.lib.StaticUserWebFilter$StaticUserFilter) to context static
2019-09-09 18:02:09,204 [main] INFO  http.HttpServer2 (HttpServer2.java:bindListener(1191)) - Jetty bound to port 43652
2019-09-09 18:02:09,204 [main] INFO  server.Server (Server.java:doStart(351)) - jetty-9.3.24.v20180605, build timestamp: 2018-06-05T17:11:56Z, git hash: 84205aa28f11a4f31f2a3b86d1bba2cc8ab69827
2019-09-09 18:02:09,206 [main] INFO  handler.ContextHandler (ContextHandler.java:doStart(781)) - Started o.e.j.s.ServletContextHandler@53ea380b{/logs,file:///workdir/hadoop-ozone/integration-test/target/log,AVAILABLE}
2019-09-09 18:02:09,206 [main] INFO  handler.ContextHandler (ContextHandler.java:doStart(781)) - Started o.e.j.s.ServletContextHandler@245cb8df{/static,jar:file:/home/user/.m2/repository/org/apache/hadoop/hadoop-hdds-container-service/0.5.0-SNAPSHOT/hadoop-hdds-container-service-0.5.0-SNAPSHOT.jar!/webapps/static,AVAILABLE}
2019-09-09 18:02:09,234 [main] INFO  handler.ContextHandler (ContextHandler.java:doStart(781)) - Started o.e.j.w.WebAppContext@482f7af0{/,file:///tmp/jetty-0.0.0.0-43652-hddsDatanode-_-any-2849582174409032140.dir/webapp/,AVAILABLE}{/hddsDatanode}
2019-09-09 18:02:09,235 [main] INFO  server.AbstractConnector (AbstractConnector.java:doStart(278)) - Started ServerConnector@1edfedf1{HTTP/1.1,[http/1.1]}{0.0.0.0:43652}
2019-09-09 18:02:09,236 [main] INFO  server.Server (Server.java:doStart(419)) - Started @532218ms
2019-09-09 18:02:09,236 [main] WARN  impl.MetricsSystemImpl (MetricsSystemImpl.java:register(276)) - Sink prometheus already exists!
2019-09-09 18:02:09,237 [main] INFO  server.BaseHttpServer (BaseHttpServer.java:updateConnectorAddress(215)) - HTTP server of HDDSDATANODE is listening at http://0.0.0.0:43652
2019-09-09 18:02:09,237 [main] INFO  impl.MetricsSystemImpl (MetricsSystemImpl.java:init(158)) - HddsDatanode metrics system started (again)
2019-09-09 18:02:09,241 [main] INFO  ozone.HddsDatanodeService (HddsDatanodeService.java:start(184)) - HddsDatanodeService host:pr-hdds-2102-js77h-2988213663 ip:192.168.34.39
2019-09-09 18:02:09,243 [Datanode State Machine Thread - 0] INFO  datanode.InitDatanodeState (InitDatanodeState.java:persistContainerDatanodeDetails(140)) - DatanodeDetails is persisted to /workdir/hadoop-ozone/integration-test/target/test-dir/MiniOzoneClusterImpl-b5fe0712-b217-48e1-a309-931088266b0b/datanode-2/meta/datanode.id
2019-09-09 18:02:09,246 [org.apache.hadoop.util.JvmPauseMonitor$Monitor@578b10de] INFO  util.JvmPauseMonitor (JvmPauseMonitor.java:run(188)) - Starting JVM pause monitor
2019-09-09 18:02:09,252 [main] INFO  volume.HddsVolume (HddsVolume.java:<init>(176)) - Creating Volume: /workdir/hadoop-ozone/integration-test/target/test-dir/MiniOzoneClusterImpl-b5fe0712-b217-48e1-a309-931088266b0b/datanode-3/data/containers/hdds of  storage type : DISK and capacity : 1482555576320
2019-09-09 18:02:09,252 [main] INFO  volume.VolumeSet (VolumeSet.java:initializeVolumeSet(170)) - Added Volume : /workdir/hadoop-ozone/integration-test/target/test-dir/MiniOzoneClusterImpl-b5fe0712-b217-48e1-a309-931088266b0b/datanode-3/data/containers/hdds to VolumeSet
2019-09-09 18:02:09,253 [main] INFO  volume.ThrottledAsyncChecker (ThrottledAsyncChecker.java:schedule(139)) - Scheduling a check for org.apache.hadoop.ozone.container.common.volume.HddsVolume@6cc48a17
2019-09-09 18:02:09,253 [main] INFO  volume.HddsVolumeChecker (HddsVolumeChecker.java:checkAllVolumes(202)) - Scheduled health check for volume org.apache.hadoop.ozone.container.common.volume.HddsVolume@6cc48a17
2019-09-09 18:02:09,265 [main] INFO  impl.RaftServerProxy (ConfUtils.java:logGet(43)) - raft.rpc.type = GRPC (default)
2019-09-09 18:02:09,266 [main] INFO  grpc.GrpcFactory (GrpcFactory.java:checkPooledByteBufAllocatorUseCacheForAllThreads(45)) - PERFORMANCE WARNING: useCacheForAllThreads is true that may cause Netty to create a lot garbage objects and, as a result, trigger GC.
	It is recommended to disable useCacheForAllThreads by setting -Dorg.apache.ratis.thirdparty.io.netty.allocator.useCacheForAllThreads=false in command line.
2019-09-09 18:02:09,266 [main] INFO  grpc.GrpcConfigKeys$Server (ConfUtils.java:logGet(43)) - raft.grpc.server.port = 0 (default)
2019-09-09 18:02:09,266 [main] INFO  server.GrpcService (ConfUtils.java:logGet(43)) - raft.grpc.message.size.max = 33570816 (custom)
2019-09-09 18:02:09,266 [main] INFO  server.RaftServerConfigKeys (ConfUtils.java:logGet(43)) - raft.server.log.appender.buffer.byte-limit = 33554432 (custom)
2019-09-09 18:02:09,266 [main] INFO  server.GrpcService (ConfUtils.java:logGet(43)) - raft.grpc.flow.control.window = 1MB (=1048576) (default)
2019-09-09 18:02:09,267 [main] INFO  server.RaftServerConfigKeys (ConfUtils.java:logGet(43)) - raft.server.rpc.request.timeout = 3000ms (default)
2019-09-09 18:02:09,267 [main] INFO  server.RaftServerConfigKeys (ConfUtils.java:logGet(43)) - raft.server.storage.dir = [/workdir/hadoop-ozone/integration-test/target/test-dir/MiniOzoneClusterImpl-b5fe0712-b217-48e1-a309-931088266b0b/datanode-3/data/ratis] (custom)
2019-09-09 18:02:09,268 [main] INFO  hdfs.DFSUtil (DFSUtil.java:httpServerTemplateForNNAndJN(1641)) - Starting Web-server for hddsDatanode at: http://0.0.0.0:0
2019-09-09 18:02:09,270 [main] INFO  server.AuthenticationFilter (AuthenticationFilter.java:constructSecretProvider(240)) - Unable to initialize FileSignerSecretProvider, falling back to use random secrets.
2019-09-09 18:02:09,270 [main] WARN  http.HttpRequestLog (HttpRequestLog.java:getRequestLog(97)) - Jetty request log can only be enabled using Log4j
2019-09-09 18:02:09,271 [main] INFO  http.HttpServer2 (HttpServer2.java:addGlobalFilter(975)) - Added global filter 'safety' (class=org.apache.hadoop.http.HttpServer2$QuotingInputFilter)
2019-09-09 18:02:09,272 [main] INFO  http.HttpServer2 (HttpServer2.java:addFilter(948)) - Added filter static_user_filter (class=org.apache.hadoop.http.lib.StaticUserWebFilter$StaticUserFilter) to context hddsDatanode
2019-09-09 18:02:09,272 [main] INFO  http.HttpServer2 (HttpServer2.java:addFilter(958)) - Added filter static_user_filter (class=org.apache.hadoop.http.lib.StaticUserWebFilter$StaticUserFilter) to context logs
2019-09-09 18:02:09,272 [main] INFO  http.HttpServer2 (HttpServer2.java:addFilter(958)) - Added filter static_user_filter (class=org.apache.hadoop.http.lib.StaticUserWebFilter$StaticUserFilter) to context static
2019-09-09 18:02:09,272 [main] INFO  http.HttpServer2 (HttpServer2.java:bindListener(1191)) - Jetty bound to port 45772
2019-09-09 18:02:09,273 [main] INFO  server.Server (Server.java:doStart(351)) - jetty-9.3.24.v20180605, build timestamp: 2018-06-05T17:11:56Z, git hash: 84205aa28f11a4f31f2a3b86d1bba2cc8ab69827
2019-09-09 18:02:09,274 [main] INFO  handler.ContextHandler (ContextHandler.java:doStart(781)) - Started o.e.j.s.ServletContextHandler@34f7b44f{/logs,file:///workdir/hadoop-ozone/integration-test/target/log,AVAILABLE}
2019-09-09 18:02:09,274 [main] INFO  handler.ContextHandler (ContextHandler.java:doStart(781)) - Started o.e.j.s.ServletContextHandler@5175d9ad{/static,jar:file:/home/user/.m2/repository/org/apache/hadoop/hadoop-hdds-container-service/0.5.0-SNAPSHOT/hadoop-hdds-container-service-0.5.0-SNAPSHOT.jar!/webapps/static,AVAILABLE}
2019-09-09 18:02:09,302 [main] INFO  handler.ContextHandler (ContextHandler.java:doStart(781)) - Started o.e.j.w.WebAppContext@39449465{/,file:///tmp/jetty-0.0.0.0-45772-hddsDatanode-_-any-5081823397786373754.dir/webapp/,AVAILABLE}{/hddsDatanode}
2019-09-09 18:02:09,302 [main] INFO  server.AbstractConnector (AbstractConnector.java:doStart(278)) - Started ServerConnector@6e3dd5ce{HTTP/1.1,[http/1.1]}{0.0.0.0:45772}
2019-09-09 18:02:09,304 [main] INFO  server.Server (Server.java:doStart(419)) - Started @532286ms
2019-09-09 18:02:09,304 [main] WARN  impl.MetricsSystemImpl (MetricsSystemImpl.java:register(276)) - Sink prometheus already exists!
2019-09-09 18:02:09,305 [main] INFO  server.BaseHttpServer (BaseHttpServer.java:updateConnectorAddress(215)) - HTTP server of HDDSDATANODE is listening at http://0.0.0.0:45772
2019-09-09 18:02:09,305 [main] INFO  impl.MetricsSystemImpl (MetricsSystemImpl.java:init(158)) - HddsDatanode metrics system started (again)
2019-09-09 18:02:09,307 [org.apache.hadoop.util.JvmPauseMonitor$Monitor@57816391] INFO  util.JvmPauseMonitor (JvmPauseMonitor.java:run(188)) - Starting JVM pause monitor
2019-09-09 18:02:09,308 [main] INFO  ozone.HddsDatanodeService (HddsDatanodeService.java:start(184)) - HddsDatanodeService host:pr-hdds-2102-js77h-2988213663 ip:192.168.34.39
2019-09-09 18:02:09,308 [Datanode State Machine Thread - 0] INFO  datanode.InitDatanodeState (InitDatanodeState.java:persistContainerDatanodeDetails(140)) - DatanodeDetails is persisted to /workdir/hadoop-ozone/integration-test/target/test-dir/MiniOzoneClusterImpl-b5fe0712-b217-48e1-a309-931088266b0b/datanode-3/meta/datanode.id
2019-09-09 18:02:09,313 [main] INFO  volume.HddsVolume (HddsVolume.java:<init>(176)) - Creating Volume: /workdir/hadoop-ozone/integration-test/target/test-dir/MiniOzoneClusterImpl-b5fe0712-b217-48e1-a309-931088266b0b/datanode-4/data/containers/hdds of  storage type : DISK and capacity : 1482555576320
2019-09-09 18:02:09,314 [main] INFO  volume.VolumeSet (VolumeSet.java:initializeVolumeSet(170)) - Added Volume : /workdir/hadoop-ozone/integration-test/target/test-dir/MiniOzoneClusterImpl-b5fe0712-b217-48e1-a309-931088266b0b/datanode-4/data/containers/hdds to VolumeSet
2019-09-09 18:02:09,314 [main] INFO  volume.ThrottledAsyncChecker (ThrottledAsyncChecker.java:schedule(139)) - Scheduling a check for org.apache.hadoop.ozone.container.common.volume.HddsVolume@621f23ac
2019-09-09 18:02:09,314 [main] INFO  volume.HddsVolumeChecker (HddsVolumeChecker.java:checkAllVolumes(202)) - Scheduled health check for volume org.apache.hadoop.ozone.container.common.volume.HddsVolume@621f23ac
2019-09-09 18:02:09,327 [main] INFO  impl.RaftServerProxy (ConfUtils.java:logGet(43)) - raft.rpc.type = GRPC (default)
2019-09-09 18:02:09,327 [main] INFO  grpc.GrpcFactory (GrpcFactory.java:checkPooledByteBufAllocatorUseCacheForAllThreads(45)) - PERFORMANCE WARNING: useCacheForAllThreads is true that may cause Netty to create a lot garbage objects and, as a result, trigger GC.
	It is recommended to disable useCacheForAllThreads by setting -Dorg.apache.ratis.thirdparty.io.netty.allocator.useCacheForAllThreads=false in command line.
2019-09-09 18:02:09,327 [main] INFO  grpc.GrpcConfigKeys$Server (ConfUtils.java:logGet(43)) - raft.grpc.server.port = 0 (default)
2019-09-09 18:02:09,327 [main] INFO  server.GrpcService (ConfUtils.java:logGet(43)) - raft.grpc.message.size.max = 33570816 (custom)
2019-09-09 18:02:09,327 [main] INFO  server.RaftServerConfigKeys (ConfUtils.java:logGet(43)) - raft.server.log.appender.buffer.byte-limit = 33554432 (custom)
2019-09-09 18:02:09,328 [main] INFO  server.GrpcService (ConfUtils.java:logGet(43)) - raft.grpc.flow.control.window = 1MB (=1048576) (default)
2019-09-09 18:02:09,328 [main] INFO  server.RaftServerConfigKeys (ConfUtils.java:logGet(43)) - raft.server.rpc.request.timeout = 3000ms (default)
2019-09-09 18:02:09,328 [main] INFO  server.RaftServerConfigKeys (ConfUtils.java:logGet(43)) - raft.server.storage.dir = [/workdir/hadoop-ozone/integration-test/target/test-dir/MiniOzoneClusterImpl-b5fe0712-b217-48e1-a309-931088266b0b/datanode-4/data/ratis] (custom)
2019-09-09 18:02:09,329 [main] INFO  hdfs.DFSUtil (DFSUtil.java:httpServerTemplateForNNAndJN(1641)) - Starting Web-server for hddsDatanode at: http://0.0.0.0:0
2019-09-09 18:02:09,330 [main] INFO  server.AuthenticationFilter (AuthenticationFilter.java:constructSecretProvider(240)) - Unable to initialize FileSignerSecretProvider, falling back to use random secrets.
2019-09-09 18:02:09,331 [main] WARN  http.HttpRequestLog (HttpRequestLog.java:getRequestLog(97)) - Jetty request log can only be enabled using Log4j
2019-09-09 18:02:09,332 [main] INFO  http.HttpServer2 (HttpServer2.java:addGlobalFilter(975)) - Added global filter 'safety' (class=org.apache.hadoop.http.HttpServer2$QuotingInputFilter)
2019-09-09 18:02:09,332 [main] INFO  http.HttpServer2 (HttpServer2.java:addFilter(948)) - Added filter static_user_filter (class=org.apache.hadoop.http.lib.StaticUserWebFilter$StaticUserFilter) to context hddsDatanode
2019-09-09 18:02:09,332 [main] INFO  http.HttpServer2 (HttpServer2.java:addFilter(958)) - Added filter static_user_filter (class=org.apache.hadoop.http.lib.StaticUserWebFilter$StaticUserFilter) to context logs
2019-09-09 18:02:09,333 [main] INFO  http.HttpServer2 (HttpServer2.java:addFilter(958)) - Added filter static_user_filter (class=org.apache.hadoop.http.lib.StaticUserWebFilter$StaticUserFilter) to context static
2019-09-09 18:02:09,333 [main] INFO  http.HttpServer2 (HttpServer2.java:bindListener(1191)) - Jetty bound to port 42330
2019-09-09 18:02:09,333 [main] INFO  server.Server (Server.java:doStart(351)) - jetty-9.3.24.v20180605, build timestamp: 2018-06-05T17:11:56Z, git hash: 84205aa28f11a4f31f2a3b86d1bba2cc8ab69827
2019-09-09 18:02:09,334 [main] INFO  handler.ContextHandler (ContextHandler.java:doStart(781)) - Started o.e.j.s.ServletContextHandler@7f2b584b{/logs,file:///workdir/hadoop-ozone/integration-test/target/log,AVAILABLE}
2019-09-09 18:02:09,335 [main] INFO  handler.ContextHandler (ContextHandler.java:doStart(781)) - Started o.e.j.s.ServletContextHandler@56a05324{/static,jar:file:/home/user/.m2/repository/org/apache/hadoop/hadoop-hdds-container-service/0.5.0-SNAPSHOT/hadoop-hdds-container-service-0.5.0-SNAPSHOT.jar!/webapps/static,AVAILABLE}
2019-09-09 18:02:09,361 [main] INFO  handler.ContextHandler (ContextHandler.java:doStart(781)) - Started o.e.j.w.WebAppContext@5b066c33{/,file:///tmp/jetty-0.0.0.0-42330-hddsDatanode-_-any-151304342688035430.dir/webapp/,AVAILABLE}{/hddsDatanode}
2019-09-09 18:02:09,361 [main] INFO  server.AbstractConnector (AbstractConnector.java:doStart(278)) - Started ServerConnector@62ea8931{HTTP/1.1,[http/1.1]}{0.0.0.0:42330}
2019-09-09 18:02:09,363 [main] INFO  server.Server (Server.java:doStart(419)) - Started @532345ms
2019-09-09 18:02:09,363 [main] WARN  impl.MetricsSystemImpl (MetricsSystemImpl.java:register(276)) - Sink prometheus already exists!
2019-09-09 18:02:09,363 [main] INFO  server.BaseHttpServer (BaseHttpServer.java:updateConnectorAddress(215)) - HTTP server of HDDSDATANODE is listening at http://0.0.0.0:42330
2019-09-09 18:02:09,364 [main] INFO  impl.MetricsSystemImpl (MetricsSystemImpl.java:init(158)) - HddsDatanode metrics system started (again)
2019-09-09 18:02:09,366 [org.apache.hadoop.util.JvmPauseMonitor$Monitor@7a67f21f] INFO  util.JvmPauseMonitor (JvmPauseMonitor.java:run(188)) - Starting JVM pause monitor
2019-09-09 18:02:09,366 [main] INFO  ozone.HddsDatanodeService (HddsDatanodeService.java:start(184)) - HddsDatanodeService host:pr-hdds-2102-js77h-2988213663 ip:192.168.34.39
2019-09-09 18:02:09,368 [Datanode State Machine Thread - 0] INFO  datanode.InitDatanodeState (InitDatanodeState.java:persistContainerDatanodeDetails(140)) - DatanodeDetails is persisted to /workdir/hadoop-ozone/integration-test/target/test-dir/MiniOzoneClusterImpl-b5fe0712-b217-48e1-a309-931088266b0b/datanode-4/meta/datanode.id
2019-09-09 18:02:09,372 [main] INFO  volume.HddsVolume (HddsVolume.java:<init>(176)) - Creating Volume: /workdir/hadoop-ozone/integration-test/target/test-dir/MiniOzoneClusterImpl-b5fe0712-b217-48e1-a309-931088266b0b/datanode-5/data/containers/hdds of  storage type : DISK and capacity : 1482555576320
2019-09-09 18:02:09,372 [main] INFO  volume.VolumeSet (VolumeSet.java:initializeVolumeSet(170)) - Added Volume : /workdir/hadoop-ozone/integration-test/target/test-dir/MiniOzoneClusterImpl-b5fe0712-b217-48e1-a309-931088266b0b/datanode-5/data/containers/hdds to VolumeSet
2019-09-09 18:02:09,372 [main] INFO  volume.ThrottledAsyncChecker (ThrottledAsyncChecker.java:schedule(139)) - Scheduling a check for org.apache.hadoop.ozone.container.common.volume.HddsVolume@4c635edc
2019-09-09 18:02:09,372 [main] INFO  volume.HddsVolumeChecker (HddsVolumeChecker.java:checkAllVolumes(202)) - Scheduled health check for volume org.apache.hadoop.ozone.container.common.volume.HddsVolume@4c635edc
2019-09-09 18:02:09,387 [main] INFO  impl.RaftServerProxy (ConfUtils.java:logGet(43)) - raft.rpc.type = GRPC (default)
2019-09-09 18:02:09,387 [main] INFO  grpc.GrpcFactory (GrpcFactory.java:checkPooledByteBufAllocatorUseCacheForAllThreads(45)) - PERFORMANCE WARNING: useCacheForAllThreads is true that may cause Netty to create a lot garbage objects and, as a result, trigger GC.
	It is recommended to disable useCacheForAllThreads by setting -Dorg.apache.ratis.thirdparty.io.netty.allocator.useCacheForAllThreads=false in command line.
2019-09-09 18:02:09,388 [main] INFO  grpc.GrpcConfigKeys$Server (ConfUtils.java:logGet(43)) - raft.grpc.server.port = 0 (default)
2019-09-09 18:02:09,388 [main] INFO  server.GrpcService (ConfUtils.java:logGet(43)) - raft.grpc.message.size.max = 33570816 (custom)
2019-09-09 18:02:09,388 [main] INFO  server.RaftServerConfigKeys (ConfUtils.java:logGet(43)) - raft.server.log.appender.buffer.byte-limit = 33554432 (custom)
2019-09-09 18:02:09,388 [main] INFO  server.GrpcService (ConfUtils.java:logGet(43)) - raft.grpc.flow.control.window = 1MB (=1048576) (default)
2019-09-09 18:02:09,388 [main] INFO  server.RaftServerConfigKeys (ConfUtils.java:logGet(43)) - raft.server.rpc.request.timeout = 3000ms (default)
2019-09-09 18:02:09,389 [main] INFO  server.RaftServerConfigKeys (ConfUtils.java:logGet(43)) - raft.server.storage.dir = [/workdir/hadoop-ozone/integration-test/target/test-dir/MiniOzoneClusterImpl-b5fe0712-b217-48e1-a309-931088266b0b/datanode-5/data/ratis] (custom)
2019-09-09 18:02:09,390 [main] INFO  hdfs.DFSUtil (DFSUtil.java:httpServerTemplateForNNAndJN(1641)) - Starting Web-server for hddsDatanode at: http://0.0.0.0:0
2019-09-09 18:02:09,391 [main] INFO  server.AuthenticationFilter (AuthenticationFilter.java:constructSecretProvider(240)) - Unable to initialize FileSignerSecretProvider, falling back to use random secrets.
2019-09-09 18:02:09,392 [main] WARN  http.HttpRequestLog (HttpRequestLog.java:getRequestLog(97)) - Jetty request log can only be enabled using Log4j
2019-09-09 18:02:09,393 [main] INFO  http.HttpServer2 (HttpServer2.java:addGlobalFilter(975)) - Added global filter 'safety' (class=org.apache.hadoop.http.HttpServer2$QuotingInputFilter)
2019-09-09 18:02:09,393 [main] INFO  http.HttpServer2 (HttpServer2.java:addFilter(948)) - Added filter static_user_filter (class=org.apache.hadoop.http.lib.StaticUserWebFilter$StaticUserFilter) to context hddsDatanode
2019-09-09 18:02:09,394 [main] INFO  http.HttpServer2 (HttpServer2.java:addFilter(958)) - Added filter static_user_filter (class=org.apache.hadoop.http.lib.StaticUserWebFilter$StaticUserFilter) to context static
2019-09-09 18:02:09,394 [main] INFO  http.HttpServer2 (HttpServer2.java:addFilter(958)) - Added filter static_user_filter (class=org.apache.hadoop.http.lib.StaticUserWebFilter$StaticUserFilter) to context logs
2019-09-09 18:02:09,394 [main] INFO  http.HttpServer2 (HttpServer2.java:bindListener(1191)) - Jetty bound to port 38000
2019-09-09 18:02:09,394 [main] INFO  server.Server (Server.java:doStart(351)) - jetty-9.3.24.v20180605, build timestamp: 2018-06-05T17:11:56Z, git hash: 84205aa28f11a4f31f2a3b86d1bba2cc8ab69827
2019-09-09 18:02:09,396 [main] INFO  handler.ContextHandler (ContextHandler.java:doStart(781)) - Started o.e.j.s.ServletContextHandler@51b87df7{/logs,file:///workdir/hadoop-ozone/integration-test/target/log,AVAILABLE}
2019-09-09 18:02:09,397 [main] INFO  handler.ContextHandler (ContextHandler.java:doStart(781)) - Started o.e.j.s.ServletContextHandler@634e1b39{/static,jar:file:/home/user/.m2/repository/org/apache/hadoop/hadoop-hdds-container-service/0.5.0-SNAPSHOT/hadoop-hdds-container-service-0.5.0-SNAPSHOT.jar!/webapps/static,AVAILABLE}
2019-09-09 18:02:09,424 [main] INFO  handler.ContextHandler (ContextHandler.java:doStart(781)) - Started o.e.j.w.WebAppContext@cf01c2e{/,file:///tmp/jetty-0.0.0.0-38000-hddsDatanode-_-any-6802400496204795392.dir/webapp/,AVAILABLE}{/hddsDatanode}
2019-09-09 18:02:09,424 [main] INFO  server.AbstractConnector (AbstractConnector.java:doStart(278)) - Started ServerConnector@6f15f52a{HTTP/1.1,[http/1.1]}{0.0.0.0:38000}
2019-09-09 18:02:09,426 [main] INFO  server.Server (Server.java:doStart(419)) - Started @532409ms
2019-09-09 18:02:09,426 [main] WARN  impl.MetricsSystemImpl (MetricsSystemImpl.java:register(276)) - Sink prometheus already exists!
2019-09-09 18:02:09,427 [main] INFO  server.BaseHttpServer (BaseHttpServer.java:updateConnectorAddress(215)) - HTTP server of HDDSDATANODE is listening at http://0.0.0.0:38000
2019-09-09 18:02:09,427 [main] INFO  impl.MetricsSystemImpl (MetricsSystemImpl.java:init(158)) - HddsDatanode metrics system started (again)
2019-09-09 18:02:09,431 [org.apache.hadoop.util.JvmPauseMonitor$Monitor@59b4e213] INFO  util.JvmPauseMonitor (JvmPauseMonitor.java:run(188)) - Starting JVM pause monitor
2019-09-09 18:02:09,432 [main] INFO  ozone.HddsDatanodeService (HddsDatanodeService.java:start(184)) - HddsDatanodeService host:pr-hdds-2102-js77h-2988213663 ip:192.168.34.39
2019-09-09 18:02:09,432 [Datanode State Machine Thread - 0] INFO  datanode.InitDatanodeState (InitDatanodeState.java:persistContainerDatanodeDetails(140)) - DatanodeDetails is persisted to /workdir/hadoop-ozone/integration-test/target/test-dir/MiniOzoneClusterImpl-b5fe0712-b217-48e1-a309-931088266b0b/datanode-5/meta/datanode.id
2019-09-09 18:02:09,438 [main] INFO  volume.HddsVolume (HddsVolume.java:<init>(176)) - Creating Volume: /workdir/hadoop-ozone/integration-test/target/test-dir/MiniOzoneClusterImpl-b5fe0712-b217-48e1-a309-931088266b0b/datanode-6/data/containers/hdds of  storage type : DISK and capacity : 1482555576320
2019-09-09 18:02:09,439 [main] INFO  volume.VolumeSet (VolumeSet.java:initializeVolumeSet(170)) - Added Volume : /workdir/hadoop-ozone/integration-test/target/test-dir/MiniOzoneClusterImpl-b5fe0712-b217-48e1-a309-931088266b0b/datanode-6/data/containers/hdds to VolumeSet
2019-09-09 18:02:09,439 [main] INFO  volume.ThrottledAsyncChecker (ThrottledAsyncChecker.java:schedule(139)) - Scheduling a check for org.apache.hadoop.ozone.container.common.volume.HddsVolume@5d2a86c0
2019-09-09 18:02:09,439 [main] INFO  volume.HddsVolumeChecker (HddsVolumeChecker.java:checkAllVolumes(202)) - Scheduled health check for volume org.apache.hadoop.ozone.container.common.volume.HddsVolume@5d2a86c0
2019-09-09 18:02:09,456 [main] INFO  impl.RaftServerProxy (ConfUtils.java:logGet(43)) - raft.rpc.type = GRPC (default)
2019-09-09 18:02:09,456 [main] INFO  grpc.GrpcFactory (GrpcFactory.java:checkPooledByteBufAllocatorUseCacheForAllThreads(45)) - PERFORMANCE WARNING: useCacheForAllThreads is true that may cause Netty to create a lot garbage objects and, as a result, trigger GC.
	It is recommended to disable useCacheForAllThreads by setting -Dorg.apache.ratis.thirdparty.io.netty.allocator.useCacheForAllThreads=false in command line.
2019-09-09 18:02:09,456 [main] INFO  grpc.GrpcConfigKeys$Server (ConfUtils.java:logGet(43)) - raft.grpc.server.port = 0 (default)
2019-09-09 18:02:09,456 [main] INFO  server.GrpcService (ConfUtils.java:logGet(43)) - raft.grpc.message.size.max = 33570816 (custom)
2019-09-09 18:02:09,457 [main] INFO  server.RaftServerConfigKeys (ConfUtils.java:logGet(43)) - raft.server.log.appender.buffer.byte-limit = 33554432 (custom)
2019-09-09 18:02:09,457 [main] INFO  server.GrpcService (ConfUtils.java:logGet(43)) - raft.grpc.flow.control.window = 1MB (=1048576) (default)
2019-09-09 18:02:09,457 [main] INFO  server.RaftServerConfigKeys (ConfUtils.java:logGet(43)) - raft.server.rpc.request.timeout = 3000ms (default)
2019-09-09 18:02:09,458 [main] INFO  server.RaftServerConfigKeys (ConfUtils.java:logGet(43)) - raft.server.storage.dir = [/workdir/hadoop-ozone/integration-test/target/test-dir/MiniOzoneClusterImpl-b5fe0712-b217-48e1-a309-931088266b0b/datanode-6/data/ratis] (custom)
2019-09-09 18:02:09,459 [main] INFO  hdfs.DFSUtil (DFSUtil.java:httpServerTemplateForNNAndJN(1641)) - Starting Web-server for hddsDatanode at: http://0.0.0.0:0
2019-09-09 18:02:09,461 [main] INFO  server.AuthenticationFilter (AuthenticationFilter.java:constructSecretProvider(240)) - Unable to initialize FileSignerSecretProvider, falling back to use random secrets.
2019-09-09 18:02:09,461 [main] WARN  http.HttpRequestLog (HttpRequestLog.java:getRequestLog(97)) - Jetty request log can only be enabled using Log4j
2019-09-09 18:02:09,463 [main] INFO  http.HttpServer2 (HttpServer2.java:addGlobalFilter(975)) - Added global filter 'safety' (class=org.apache.hadoop.http.HttpServer2$QuotingInputFilter)
2019-09-09 18:02:09,464 [main] INFO  http.HttpServer2 (HttpServer2.java:addFilter(948)) - Added filter static_user_filter (class=org.apache.hadoop.http.lib.StaticUserWebFilter$StaticUserFilter) to context hddsDatanode
2019-09-09 18:02:09,464 [main] INFO  http.HttpServer2 (HttpServer2.java:addFilter(958)) - Added filter static_user_filter (class=org.apache.hadoop.http.lib.StaticUserWebFilter$StaticUserFilter) to context static
2019-09-09 18:02:09,464 [main] INFO  http.HttpServer2 (HttpServer2.java:addFilter(958)) - Added filter static_user_filter (class=org.apache.hadoop.http.lib.StaticUserWebFilter$StaticUserFilter) to context logs
2019-09-09 18:02:09,465 [main] INFO  http.HttpServer2 (HttpServer2.java:bindListener(1191)) - Jetty bound to port 37447
2019-09-09 18:02:09,465 [main] INFO  server.Server (Server.java:doStart(351)) - jetty-9.3.24.v20180605, build timestamp: 2018-06-05T17:11:56Z, git hash: 84205aa28f11a4f31f2a3b86d1bba2cc8ab69827
2019-09-09 18:02:09,466 [main] INFO  handler.ContextHandler (ContextHandler.java:doStart(781)) - Started o.e.j.s.ServletContextHandler@437281c5{/logs,file:///workdir/hadoop-ozone/integration-test/target/log,AVAILABLE}
2019-09-09 18:02:09,467 [main] INFO  handler.ContextHandler (ContextHandler.java:doStart(781)) - Started o.e.j.s.ServletContextHandler@24a4e2c5{/static,jar:file:/home/user/.m2/repository/org/apache/hadoop/hadoop-hdds-container-service/0.5.0-SNAPSHOT/hadoop-hdds-container-service-0.5.0-SNAPSHOT.jar!/webapps/static,AVAILABLE}
2019-09-09 18:02:09,501 [main] INFO  handler.ContextHandler (ContextHandler.java:doStart(781)) - Started o.e.j.w.WebAppContext@c14e5a5{/,file:///tmp/jetty-0.0.0.0-37447-hddsDatanode-_-any-274712339382667056.dir/webapp/,AVAILABLE}{/hddsDatanode}
2019-09-09 18:02:09,501 [main] INFO  server.AbstractConnector (AbstractConnector.java:doStart(278)) - Started ServerConnector@16f15ae9{HTTP/1.1,[http/1.1]}{0.0.0.0:37447}
2019-09-09 18:02:09,508 [main] INFO  server.Server (Server.java:doStart(419)) - Started @532491ms
2019-09-09 18:02:09,509 [main] WARN  impl.MetricsSystemImpl (MetricsSystemImpl.java:register(276)) - Sink prometheus already exists!
2019-09-09 18:02:09,509 [main] INFO  server.BaseHttpServer (BaseHttpServer.java:updateConnectorAddress(215)) - HTTP server of HDDSDATANODE is listening at http://0.0.0.0:37447
2019-09-09 18:02:09,510 [main] INFO  ozone.MiniOzoneClusterImpl (MiniOzoneClusterImpl.java:lambda$waitForClusterToBeReady$0(140)) - Waiting for cluster to be ready. Got 0 of 7 DN Heartbeats.
2019-09-09 18:02:09,511 [org.apache.hadoop.util.JvmPauseMonitor$Monitor@2b50a719] INFO  util.JvmPauseMonitor (JvmPauseMonitor.java:run(188)) - Starting JVM pause monitor
2019-09-09 18:02:09,512 [Datanode State Machine Thread - 0] INFO  datanode.InitDatanodeState (InitDatanodeState.java:persistContainerDatanodeDetails(140)) - DatanodeDetails is persisted to /workdir/hadoop-ozone/integration-test/target/test-dir/MiniOzoneClusterImpl-b5fe0712-b217-48e1-a309-931088266b0b/datanode-6/meta/datanode.id
2019-09-09 18:02:10,510 [main] INFO  ozone.MiniOzoneClusterImpl (MiniOzoneClusterImpl.java:lambda$waitForClusterToBeReady$0(140)) - Waiting for cluster to be ready. Got 0 of 7 DN Heartbeats.
2019-09-09 18:02:11,121 | INFO  | SCMAudit | user=jenkins1000 | ip=192.168.34.39 | op=GET_VERSION null | ret=SUCCESS |  
2019-09-09 18:02:11,153 [Datanode State Machine Thread - 0] INFO  ozoneimpl.OzoneContainer (OzoneContainer.java:start(201)) - Attempting to start container services.
2019-09-09 18:02:11,154 [Datanode State Machine Thread - 0] INFO  ozoneimpl.OzoneContainer (OzoneContainer.java:startContainerScrub(175)) - Background container scrubber has been disabled by hdds.containerscrub.enabled
2019-09-09 18:02:11,154 [Datanode State Machine Thread - 0] INFO  ratis.XceiverServerRatis (XceiverServerRatis.java:start(393)) - Starting XceiverServerRatis 26278548-c262-4d72-b577-3b7eb89bac6f at port 0
2019-09-09 18:02:11,160 [Datanode State Machine Thread - 0] INFO  impl.RaftServerProxy (RaftServerProxy.java:lambda$start$3(299)) - 26278548-c262-4d72-b577-3b7eb89bac6f: start RPC server
2019-09-09 18:02:11,162 [Datanode State Machine Thread - 0] INFO  server.GrpcService (GrpcService.java:startImpl(149)) - 26278548-c262-4d72-b577-3b7eb89bac6f: GrpcService started, listening on 0.0.0.0/0.0.0.0:44945
2019-09-09 18:02:11,162 [Datanode State Machine Thread - 0] INFO  ratis.XceiverServerRatis (XceiverServerRatis.java:start(403)) - XceiverServerRatis 26278548-c262-4d72-b577-3b7eb89bac6f is started using port 44945
2019-09-09 18:02:11,164 [Datanode State Machine Thread - 0] INFO  server.XceiverServerGrpc (XceiverServerGrpc.java:start(163)) - XceiverServerGrpc 26278548-c262-4d72-b577-3b7eb89bac6f is started using port 40787
2019-09-09 18:02:11,180 | INFO  | SCMAudit | user=jenkins1000 | ip=192.168.34.39 | op=GET_VERSION null | ret=SUCCESS |  
2019-09-09 18:02:11,186 [Datanode State Machine Thread - 0] INFO  ozoneimpl.OzoneContainer (OzoneContainer.java:start(201)) - Attempting to start container services.
2019-09-09 18:02:11,187 [Datanode State Machine Thread - 0] INFO  ozoneimpl.OzoneContainer (OzoneContainer.java:startContainerScrub(175)) - Background container scrubber has been disabled by hdds.containerscrub.enabled
2019-09-09 18:02:11,187 [Datanode State Machine Thread - 0] INFO  ratis.XceiverServerRatis (XceiverServerRatis.java:start(393)) - Starting XceiverServerRatis 5424b559-d12b-44e4-a34a-b8ff23546acb at port 0
2019-09-09 18:02:11,193 [Datanode State Machine Thread - 0] INFO  impl.RaftServerProxy (RaftServerProxy.java:lambda$start$3(299)) - 5424b559-d12b-44e4-a34a-b8ff23546acb: start RPC server
2019-09-09 18:02:11,195 [Datanode State Machine Thread - 0] INFO  server.GrpcService (GrpcService.java:startImpl(149)) - 5424b559-d12b-44e4-a34a-b8ff23546acb: GrpcService started, listening on 0.0.0.0/0.0.0.0:43805
2019-09-09 18:02:11,196 [Datanode State Machine Thread - 0] INFO  ratis.XceiverServerRatis (XceiverServerRatis.java:start(403)) - XceiverServerRatis 5424b559-d12b-44e4-a34a-b8ff23546acb is started using port 43805
2019-09-09 18:02:11,196 [Datanode State Machine Thread - 0] INFO  server.XceiverServerGrpc (XceiverServerGrpc.java:start(163)) - XceiverServerGrpc 5424b559-d12b-44e4-a34a-b8ff23546acb is started using port 33666
2019-09-09 18:02:11,242 | INFO  | SCMAudit | user=jenkins1000 | ip=192.168.34.39 | op=GET_VERSION null | ret=SUCCESS |  
2019-09-09 18:02:11,247 [Datanode State Machine Thread - 0] INFO  ozoneimpl.OzoneContainer (OzoneContainer.java:start(201)) - Attempting to start container services.
2019-09-09 18:02:11,247 [Datanode State Machine Thread - 0] INFO  ozoneimpl.OzoneContainer (OzoneContainer.java:startContainerScrub(175)) - Background container scrubber has been disabled by hdds.containerscrub.enabled
2019-09-09 18:02:11,247 [Datanode State Machine Thread - 0] INFO  ratis.XceiverServerRatis (XceiverServerRatis.java:start(393)) - Starting XceiverServerRatis 1a603c78-5244-4e25-920a-cef477e0f94b at port 0
2019-09-09 18:02:11,255 [Datanode State Machine Thread - 0] INFO  impl.RaftServerProxy (RaftServerProxy.java:lambda$start$3(299)) - 1a603c78-5244-4e25-920a-cef477e0f94b: start RPC server
2019-09-09 18:02:11,258 [Datanode State Machine Thread - 0] INFO  server.GrpcService (GrpcService.java:startImpl(149)) - 1a603c78-5244-4e25-920a-cef477e0f94b: GrpcService started, listening on 0.0.0.0/0.0.0.0:35215
2019-09-09 18:02:11,258 [Datanode State Machine Thread - 0] INFO  ratis.XceiverServerRatis (XceiverServerRatis.java:start(403)) - XceiverServerRatis 1a603c78-5244-4e25-920a-cef477e0f94b is started using port 35215
2019-09-09 18:02:11,258 [Datanode State Machine Thread - 0] INFO  server.XceiverServerGrpc (XceiverServerGrpc.java:start(163)) - XceiverServerGrpc 1a603c78-5244-4e25-920a-cef477e0f94b is started using port 35391
2019-09-09 18:02:11,308 | INFO  | SCMAudit | user=jenkins1000 | ip=192.168.34.39 | op=GET_VERSION null | ret=SUCCESS |  
2019-09-09 18:02:11,314 [Datanode State Machine Thread - 0] INFO  ozoneimpl.OzoneContainer (OzoneContainer.java:start(201)) - Attempting to start container services.
2019-09-09 18:02:11,314 [Datanode State Machine Thread - 0] INFO  ozoneimpl.OzoneContainer (OzoneContainer.java:startContainerScrub(175)) - Background container scrubber has been disabled by hdds.containerscrub.enabled
2019-09-09 18:02:11,314 [Datanode State Machine Thread - 0] INFO  ratis.XceiverServerRatis (XceiverServerRatis.java:start(393)) - Starting XceiverServerRatis 22c0f27d-976a-42fe-b1a0-04db584cd0ca at port 0
2019-09-09 18:02:11,321 [Datanode State Machine Thread - 0] INFO  impl.RaftServerProxy (RaftServerProxy.java:lambda$start$3(299)) - 22c0f27d-976a-42fe-b1a0-04db584cd0ca: start RPC server
2019-09-09 18:02:11,322 [Datanode State Machine Thread - 0] INFO  server.GrpcService (GrpcService.java:startImpl(149)) - 22c0f27d-976a-42fe-b1a0-04db584cd0ca: GrpcService started, listening on 0.0.0.0/0.0.0.0:42331
2019-09-09 18:02:11,322 [Datanode State Machine Thread - 0] INFO  ratis.XceiverServerRatis (XceiverServerRatis.java:start(403)) - XceiverServerRatis 22c0f27d-976a-42fe-b1a0-04db584cd0ca is started using port 42331
2019-09-09 18:02:11,322 [Datanode State Machine Thread - 0] INFO  server.XceiverServerGrpc (XceiverServerGrpc.java:start(163)) - XceiverServerGrpc 22c0f27d-976a-42fe-b1a0-04db584cd0ca is started using port 38199
2019-09-09 18:02:11,367 | INFO  | SCMAudit | user=jenkins1000 | ip=192.168.34.39 | op=GET_VERSION null | ret=SUCCESS |  
2019-09-09 18:02:11,380 [Datanode State Machine Thread - 0] INFO  ozoneimpl.OzoneContainer (OzoneContainer.java:start(201)) - Attempting to start container services.
2019-09-09 18:02:11,380 [Datanode State Machine Thread - 0] INFO  ozoneimpl.OzoneContainer (OzoneContainer.java:startContainerScrub(175)) - Background container scrubber has been disabled by hdds.containerscrub.enabled
2019-09-09 18:02:11,380 [Datanode State Machine Thread - 0] INFO  ratis.XceiverServerRatis (XceiverServerRatis.java:start(393)) - Starting XceiverServerRatis 3f9b7ce0-873d-4f37-9274-1664d68bc8f4 at port 0
2019-09-09 18:02:11,387 [Datanode State Machine Thread - 0] INFO  impl.RaftServerProxy (RaftServerProxy.java:lambda$start$3(299)) - 3f9b7ce0-873d-4f37-9274-1664d68bc8f4: start RPC server
2019-09-09 18:02:11,389 [Datanode State Machine Thread - 0] INFO  server.GrpcService (GrpcService.java:startImpl(149)) - 3f9b7ce0-873d-4f37-9274-1664d68bc8f4: GrpcService started, listening on 0.0.0.0/0.0.0.0:44822
2019-09-09 18:02:11,390 [Datanode State Machine Thread - 0] INFO  ratis.XceiverServerRatis (XceiverServerRatis.java:start(403)) - XceiverServerRatis 3f9b7ce0-873d-4f37-9274-1664d68bc8f4 is started using port 44822
2019-09-09 18:02:11,390 [Datanode State Machine Thread - 0] INFO  server.XceiverServerGrpc (XceiverServerGrpc.java:start(163)) - XceiverServerGrpc 3f9b7ce0-873d-4f37-9274-1664d68bc8f4 is started using port 38977
2019-09-09 18:02:11,431 | INFO  | SCMAudit | user=jenkins1000 | ip=192.168.34.39 | op=GET_VERSION null | ret=SUCCESS |  
2019-09-09 18:02:11,444 [Datanode State Machine Thread - 0] INFO  ozoneimpl.OzoneContainer (OzoneContainer.java:start(201)) - Attempting to start container services.
2019-09-09 18:02:11,445 [Datanode State Machine Thread - 0] INFO  ozoneimpl.OzoneContainer (OzoneContainer.java:startContainerScrub(175)) - Background container scrubber has been disabled by hdds.containerscrub.enabled
2019-09-09 18:02:11,445 [Datanode State Machine Thread - 0] INFO  ratis.XceiverServerRatis (XceiverServerRatis.java:start(393)) - Starting XceiverServerRatis 9b543f03-5966-41d3-9881-7395d9adaa53 at port 0
2019-09-09 18:02:11,451 [Datanode State Machine Thread - 0] INFO  impl.RaftServerProxy (RaftServerProxy.java:lambda$start$3(299)) - 9b543f03-5966-41d3-9881-7395d9adaa53: start RPC server
2019-09-09 18:02:11,454 [Datanode State Machine Thread - 0] INFO  server.GrpcService (GrpcService.java:startImpl(149)) - 9b543f03-5966-41d3-9881-7395d9adaa53: GrpcService started, listening on 0.0.0.0/0.0.0.0:34335
2019-09-09 18:02:11,454 [Datanode State Machine Thread - 0] INFO  ratis.XceiverServerRatis (XceiverServerRatis.java:start(403)) - XceiverServerRatis 9b543f03-5966-41d3-9881-7395d9adaa53 is started using port 34335
2019-09-09 18:02:11,455 [Datanode State Machine Thread - 0] INFO  server.XceiverServerGrpc (XceiverServerGrpc.java:start(163)) - XceiverServerGrpc 9b543f03-5966-41d3-9881-7395d9adaa53 is started using port 41985
2019-09-09 18:02:11,511 [main] INFO  ozone.MiniOzoneClusterImpl (MiniOzoneClusterImpl.java:lambda$waitForClusterToBeReady$0(140)) - Waiting for cluster to be ready. Got 0 of 7 DN Heartbeats.
2019-09-09 18:02:11,511 | INFO  | SCMAudit | user=jenkins1000 | ip=192.168.34.39 | op=GET_VERSION null | ret=SUCCESS |  
2019-09-09 18:02:11,525 [Datanode State Machine Thread - 0] INFO  ozoneimpl.OzoneContainer (OzoneContainer.java:start(201)) - Attempting to start container services.
2019-09-09 18:02:11,525 [Datanode State Machine Thread - 0] INFO  ozoneimpl.OzoneContainer (OzoneContainer.java:startContainerScrub(175)) - Background container scrubber has been disabled by hdds.containerscrub.enabled
2019-09-09 18:02:11,525 [Datanode State Machine Thread - 0] INFO  ratis.XceiverServerRatis (XceiverServerRatis.java:start(393)) - Starting XceiverServerRatis ce295d13-7a4e-42d1-ae50-4896c2bb59ac at port 0
2019-09-09 18:02:11,531 [Datanode State Machine Thread - 0] INFO  impl.RaftServerProxy (RaftServerProxy.java:lambda$start$3(299)) - ce295d13-7a4e-42d1-ae50-4896c2bb59ac: start RPC server
2019-09-09 18:02:11,540 [Datanode State Machine Thread - 0] INFO  server.GrpcService (GrpcService.java:startImpl(149)) - ce295d13-7a4e-42d1-ae50-4896c2bb59ac: GrpcService started, listening on 0.0.0.0/0.0.0.0:43176
2019-09-09 18:02:11,540 [Datanode State Machine Thread - 0] INFO  ratis.XceiverServerRatis (XceiverServerRatis.java:start(403)) - XceiverServerRatis ce295d13-7a4e-42d1-ae50-4896c2bb59ac is started using port 43176
2019-09-09 18:02:11,541 [Datanode State Machine Thread - 0] INFO  server.XceiverServerGrpc (XceiverServerGrpc.java:start(163)) - XceiverServerGrpc ce295d13-7a4e-42d1-ae50-4896c2bb59ac is started using port 46272
2019-09-09 18:02:12,511 [main] INFO  ozone.MiniOzoneClusterImpl (MiniOzoneClusterImpl.java:lambda$waitForClusterToBeReady$0(140)) - Waiting for cluster to be ready. Got 0 of 7 DN Heartbeats.
2019-09-09 18:02:13,121 [IPC Server handler 4 on 35408] INFO  net.NetworkTopology (NetworkTopologyImpl.java:add(110)) - Added a new node: /default-rack/26278548-c262-4d72-b577-3b7eb89bac6f
2019-09-09 18:02:13,121 [IPC Server handler 4 on 35408] INFO  node.SCMNodeManager (SCMNodeManager.java:register(266)) - Registered Data node : 26278548-c262-4d72-b577-3b7eb89bac6f{ip: 192.168.34.39, host: pr-hdds-2102-js77h-2988213663, networkLocation: /default-rack, certSerialId: null}
2019-09-09 18:02:13,124 [EventQueue-NodeRegistrationContainerReportForDataNodeSafeModeRule] INFO  safemode.SCMSafeModeManager (DataNodeSafeModeRule.java:process(71)) - SCM in safe mode. 1 DataNodes registered, 1 required.
2019-09-09 18:02:13,124 | INFO  | SCMAudit | user=jenkins1000 | ip=192.168.34.39 | op=REGISTER {datanodeDetails=26278548-c262-4d72-b577-3b7eb89bac6f{ip: 192.168.34.39, host: pr-hdds-2102-js77h-2988213663, networkLocation: /default-rack, certSerialId: null}} | ret=SUCCESS |  
2019-09-09 18:02:13,126 [EventQueue-NodeRegistrationContainerReportForContainerSafeModeRule] INFO  safemode.SCMSafeModeManager (SCMSafeModeManager.java:validateSafeModeExitRules(177)) - ScmSafeModeManager, all rules are successfully validated
2019-09-09 18:02:13,126 [EventQueue-NodeRegistrationContainerReportForContainerSafeModeRule] INFO  safemode.SCMSafeModeManager (SCMSafeModeManager.java:exitSafeMode(193)) - SCM exiting safe mode.
2019-09-09 18:02:13,132 [grpc-default-executor-5] INFO  impl.RaftServerProxy (RaftServerProxy.java:addNew(89)) - 26278548-c262-4d72-b577-3b7eb89bac6f: addNew group-FA81F4C88510:[26278548-c262-4d72-b577-3b7eb89bac6f:192.168.34.39:44945] returns group-FA81F4C88510:java.util.concurrent.CompletableFuture@77e5eddb[Not completed]
2019-09-09 18:02:13,133 [pool-409-thread-1] INFO  impl.RaftServerImpl (RaftServerImpl.java:<init>(93)) - 26278548-c262-4d72-b577-3b7eb89bac6f: new RaftServerImpl for group-FA81F4C88510:[26278548-c262-4d72-b577-3b7eb89bac6f:192.168.34.39:44945] with ContainerStateMachine:uninitialized
2019-09-09 18:02:13,133 [pool-409-thread-1] INFO  server.RaftServerConfigKeys (ConfUtils.java:logGet(43)) - raft.server.rpc.timeout.min = 5s (custom)
2019-09-09 18:02:13,133 [pool-409-thread-1] INFO  server.RaftServerConfigKeys (ConfUtils.java:logGet(43)) - raft.server.rpc.timeout.max = 5200ms (custom)
2019-09-09 18:02:13,133 [pool-409-thread-1] INFO  server.RaftServerConfigKeys (ConfUtils.java:logGet(43)) - raft.server.rpcslowness.timeout = 120s (custom)
2019-09-09 18:02:13,133 [pool-409-thread-1] INFO  server.RaftServerConfigKeys (ConfUtils.java:logGet(43)) - raft.server.sleep.deviation.threshold = 300 (default)
2019-09-09 18:02:13,133 [pool-409-thread-1] INFO  server.RaftServerConfigKeys (ConfUtils.java:logGet(43)) - raft.server.log.appender.install.snapshot.enabled = false (custom)
2019-09-09 18:02:13,134 [pool-409-thread-1] INFO  impl.RaftServerImpl (ServerState.java:<init>(105)) - 26278548-c262-4d72-b577-3b7eb89bac6f:group-FA81F4C88510 ConfigurationManager, init=-1: [26278548-c262-4d72-b577-3b7eb89bac6f:192.168.34.39:44945], old=null, confs=<EMPTY_MAP>
2019-09-09 18:02:13,134 [pool-409-thread-1] INFO  server.RaftServerConfigKeys (ConfUtils.java:logGet(43)) - raft.server.storage.dir = [/workdir/hadoop-ozone/integration-test/target/test-dir/MiniOzoneClusterImpl-b5fe0712-b217-48e1-a309-931088266b0b/datanode-0/data/ratis] (custom)
2019-09-09 18:02:13,135 [pool-409-thread-1] INFO  storage.RaftStorageDirectory (RaftStorageDirectory.java:analyzeStorage(246)) - The storage directory /workdir/hadoop-ozone/integration-test/target/test-dir/MiniOzoneClusterImpl-b5fe0712-b217-48e1-a309-931088266b0b/datanode-0/data/ratis/66b3e269-a5d1-4ab0-b2e6-fa81f4c88510 does not exist. Creating ...
2019-09-09 18:02:13,147 [pool-409-thread-1] INFO  storage.RaftStorageDirectory (RaftStorageDirectory.java:tryLock(328)) - Lock on /workdir/hadoop-ozone/integration-test/target/test-dir/MiniOzoneClusterImpl-b5fe0712-b217-48e1-a309-931088266b0b/datanode-0/data/ratis/66b3e269-a5d1-4ab0-b2e6-fa81f4c88510/in_use.lock acquired by nodename 2891@pr-hdds-2102-js77h-2988213663
2019-09-09 18:02:13,151 [pool-409-thread-1] INFO  storage.RaftStorage (RaftStorage.java:format(72)) - Storage directory /workdir/hadoop-ozone/integration-test/target/test-dir/MiniOzoneClusterImpl-b5fe0712-b217-48e1-a309-931088266b0b/datanode-0/data/ratis/66b3e269-a5d1-4ab0-b2e6-fa81f4c88510 has been successfully formatted.
2019-09-09 18:02:13,151 [pool-409-thread-1] INFO  ratis.ContainerStateMachine (ContainerStateMachine.java:loadSnapshot(227)) - group-FA81F4C88510: The snapshot info is null. Setting the last applied indexto:(t:0, i:~)
2019-09-09 18:02:13,151 [pool-409-thread-1] INFO  server.RaftServerConfigKeys (ConfUtils.java:logGet(43)) - raft.server.leader.election.timeout = 120s (custom)
2019-09-09 18:02:13,151 [pool-409-thread-1] INFO  server.RaftServerConfigKeys (ConfUtils.java:logGet(43)) - raft.server.log.use.memory = false (default)
2019-09-09 18:02:13,151 [pool-409-thread-1] INFO  server.RaftServerConfigKeys (ConfUtils.java:logGet(43)) - raft.server.log.purge.gap = 1000000 (custom)
2019-09-09 18:02:13,151 [pool-409-thread-1] INFO  server.RaftServerConfigKeys (ConfUtils.java:logGet(43)) - raft.server.log.appender.buffer.byte-limit = 33554432 (custom)
2019-09-09 18:02:13,151 [pool-409-thread-1] INFO  server.RaftServerConfigKeys (ConfUtils.java:logGet(43)) - raft.server.log.segment.size.max = 1048576 (custom)
2019-09-09 18:02:13,151 [pool-409-thread-1] INFO  server.RaftServerConfigKeys (ConfUtils.java:logGet(43)) - raft.server.log.segment.cache.num.max = 2 (custom)
2019-09-09 18:02:13,152 [pool-409-thread-1] INFO  segmented.SegmentedRaftLogWorker (SegmentedRaftLogWorker.java:<init>(172)) - new 26278548-c262-4d72-b577-3b7eb89bac6f-SegmentedRaftLogWorker:Storage Directory /workdir/hadoop-ozone/integration-test/target/test-dir/MiniOzoneClusterImpl-b5fe0712-b217-48e1-a309-931088266b0b/datanode-0/data/ratis/66b3e269-a5d1-4ab0-b2e6-fa81f4c88510 for RaftStorage:Storage Directory /workdir/hadoop-ozone/integration-test/target/test-dir/MiniOzoneClusterImpl-b5fe0712-b217-48e1-a309-931088266b0b/datanode-0/data/ratis/66b3e269-a5d1-4ab0-b2e6-fa81f4c88510
2019-09-09 18:02:13,152 [pool-409-thread-1] INFO  server.RaftServerConfigKeys (ConfUtils.java:logGet(43)) - raft.server.log.queue.byte-limit = 2147483647 (custom)
2019-09-09 18:02:13,152 [pool-409-thread-1] INFO  server.RaftServerConfigKeys (ConfUtils.java:logGet(43)) - raft.server.log.queue.element-limit = 1024 (custom)
2019-09-09 18:02:13,152 [pool-409-thread-1] INFO  server.RaftServerConfigKeys (ConfUtils.java:logGet(43)) - raft.server.log.segment.size.max = 1048576 (custom)
2019-09-09 18:02:13,152 [pool-409-thread-1] INFO  server.RaftServerConfigKeys (ConfUtils.java:logGet(43)) - raft.server.log.preallocated.size = 16384 (custom)
2019-09-09 18:02:13,152 [pool-409-thread-1] INFO  server.RaftServerConfigKeys (ConfUtils.java:logGet(43)) - raft.server.log.write.buffer.size = 33554432 (custom)
2019-09-09 18:02:13,152 [pool-409-thread-1] INFO  server.RaftServerConfigKeys (ConfUtils.java:logGet(43)) - raft.server.log.force.sync.num = 128 (default)
2019-09-09 18:02:13,152 [pool-409-thread-1] INFO  server.RaftServerConfigKeys (ConfUtils.java:logGet(43)) - raft.server.log.statemachine.data.sync = true (default)
2019-09-09 18:02:13,152 [pool-409-thread-1] INFO  server.RaftServerConfigKeys (ConfUtils.java:logGet(43)) - raft.server.log.statemachine.data.sync.timeout = 10s (default)
2019-09-09 18:02:13,153 [pool-409-thread-1] INFO  server.RaftServerConfigKeys (ConfUtils.java:logGet(43)) - raft.server.log.statemachine.data.sync.timeout.retry = -1 (default)
2019-09-09 18:02:13,153 [pool-409-thread-1] INFO  server.RaftServerConfigKeys (ConfUtils.java:logGet(43)) - raft.server.log.statemachine.data.caching.enabled = true (custom)
2019-09-09 18:02:13,153 [pool-409-thread-1] INFO  segmented.SegmentedRaftLogWorker (SegmentedRaftLogWorker.java:lambda$new$0(132)) - 26278548-c262-4d72-b577-3b7eb89bac6f-SegmentedRaftLogWorker:Storage Directory /workdir/hadoop-ozone/integration-test/target/test-dir/MiniOzoneClusterImpl-b5fe0712-b217-48e1-a309-931088266b0b/datanode-0/data/ratis/66b3e269-a5d1-4ab0-b2e6-fa81f4c88510: flushIndex: setUnconditionally 0 -> -1
2019-09-09 18:02:13,153 [pool-409-thread-1] INFO  server.RaftServerConfigKeys (ConfUtils.java:logGet(43)) - raft.server.snapshot.auto.trigger.enabled = true (custom)
2019-09-09 18:02:13,153 [pool-409-thread-1] INFO  server.RaftServerConfigKeys (ConfUtils.java:logGet(43)) - raft.server.snapshot.auto.trigger.threshold = 10000 (custom)
2019-09-09 18:02:13,153 [pool-409-thread-1] INFO  server.RaftServerConfigKeys (ConfUtils.java:logGet(43)) - raft.server.retrycache.expirytime = 600000ms (custom)
2019-09-09 18:02:13,153 [pool-409-thread-1] INFO  impl.RaftServerImpl (RaftServerImpl.java:start(180)) - 26278548-c262-4d72-b577-3b7eb89bac6f: start group-FA81F4C88510
2019-09-09 18:02:13,154 [pool-409-thread-1] INFO  impl.RaftServerImpl (RaftServerImpl.java:setRole(171)) - 26278548-c262-4d72-b577-3b7eb89bac6f:group-FA81F4C88510 changes role from null to FOLLOWER at term 0 for startAsFollower
2019-09-09 18:02:13,154 [pool-409-thread-1] INFO  impl.RoleInfo (RoleInfo.java:updateAndGet(143)) - 26278548-c262-4d72-b577-3b7eb89bac6f: start FollowerState
2019-09-09 18:02:13,154 [pool-409-thread-1] INFO  util.JmxRegister (JmxRegister.java:tryRegister(44)) - Successfully registered JMX Bean with object name Ratis:service=RaftServer,group=group-FA81F4C88510,id=26278548-c262-4d72-b577-3b7eb89bac6f
2019-09-09 18:02:13,156 [RatisPipelineUtilsThread] INFO  pipeline.PipelineStateManager (PipelineStateManager.java:addPipeline(56)) - Created pipeline Pipeline[ Id: 66b3e269-a5d1-4ab0-b2e6-fa81f4c88510, Nodes: 26278548-c262-4d72-b577-3b7eb89bac6f{ip: 192.168.34.39, host: pr-hdds-2102-js77h-2988213663, networkLocation: /default-rack, certSerialId: null}, Type:RATIS, Factor:ONE, State:OPEN]
2019-09-09 18:02:13,181 [IPC Server handler 6 on 35408] INFO  net.NetworkTopology (NetworkTopologyImpl.java:add(110)) - Added a new node: /default-rack/5424b559-d12b-44e4-a34a-b8ff23546acb
2019-09-09 18:02:13,181 [IPC Server handler 6 on 35408] INFO  node.SCMNodeManager (SCMNodeManager.java:register(266)) - Registered Data node : 5424b559-d12b-44e4-a34a-b8ff23546acb{ip: 192.168.34.39, host: pr-hdds-2102-js77h-2988213663, networkLocation: /default-rack, certSerialId: null}
2019-09-09 18:02:13,182 | INFO  | SCMAudit | user=jenkins1000 | ip=192.168.34.39 | op=REGISTER {datanodeDetails=5424b559-d12b-44e4-a34a-b8ff23546acb{ip: 192.168.34.39, host: pr-hdds-2102-js77h-2988213663, networkLocation: /default-rack, certSerialId: null}} | ret=SUCCESS |  
2019-09-09 18:02:13,189 [grpc-default-executor-5] INFO  impl.RaftServerProxy (RaftServerProxy.java:addNew(89)) - 5424b559-d12b-44e4-a34a-b8ff23546acb: addNew group-26FB82558653:[5424b559-d12b-44e4-a34a-b8ff23546acb:192.168.34.39:43805] returns group-26FB82558653:java.util.concurrent.CompletableFuture@5b753298[Not completed]
2019-09-09 18:02:13,190 [pool-419-thread-1] INFO  impl.RaftServerImpl (RaftServerImpl.java:<init>(93)) - 5424b559-d12b-44e4-a34a-b8ff23546acb: new RaftServerImpl for group-26FB82558653:[5424b559-d12b-44e4-a34a-b8ff23546acb:192.168.34.39:43805] with ContainerStateMachine:uninitialized
2019-09-09 18:02:13,190 [pool-419-thread-1] INFO  server.RaftServerConfigKeys (ConfUtils.java:logGet(43)) - raft.server.rpc.timeout.min = 5s (custom)
2019-09-09 18:02:13,190 [pool-419-thread-1] INFO  server.RaftServerConfigKeys (ConfUtils.java:logGet(43)) - raft.server.rpc.timeout.max = 5200ms (custom)
2019-09-09 18:02:13,190 [pool-419-thread-1] INFO  server.RaftServerConfigKeys (ConfUtils.java:logGet(43)) - raft.server.rpcslowness.timeout = 120s (custom)
2019-09-09 18:02:13,190 [pool-419-thread-1] INFO  server.RaftServerConfigKeys (ConfUtils.java:logGet(43)) - raft.server.sleep.deviation.threshold = 300 (default)
2019-09-09 18:02:13,190 [pool-419-thread-1] INFO  server.RaftServerConfigKeys (ConfUtils.java:logGet(43)) - raft.server.log.appender.install.snapshot.enabled = false (custom)
2019-09-09 18:02:13,191 [pool-419-thread-1] INFO  impl.RaftServerImpl (ServerState.java:<init>(105)) - 5424b559-d12b-44e4-a34a-b8ff23546acb:group-26FB82558653 ConfigurationManager, init=-1: [5424b559-d12b-44e4-a34a-b8ff23546acb:192.168.34.39:43805], old=null, confs=<EMPTY_MAP>
2019-09-09 18:02:13,191 [pool-419-thread-1] INFO  server.RaftServerConfigKeys (ConfUtils.java:logGet(43)) - raft.server.storage.dir = [/workdir/hadoop-ozone/integration-test/target/test-dir/MiniOzoneClusterImpl-b5fe0712-b217-48e1-a309-931088266b0b/datanode-1/data/ratis] (custom)
2019-09-09 18:02:13,191 [pool-419-thread-1] INFO  storage.RaftStorageDirectory (RaftStorageDirectory.java:analyzeStorage(246)) - The storage directory /workdir/hadoop-ozone/integration-test/target/test-dir/MiniOzoneClusterImpl-b5fe0712-b217-48e1-a309-931088266b0b/datanode-1/data/ratis/96e24afb-09ef-4f0d-9fe2-26fb82558653 does not exist. Creating ...
2019-09-09 18:02:13,203 [pool-419-thread-1] INFO  storage.RaftStorageDirectory (RaftStorageDirectory.java:tryLock(328)) - Lock on /workdir/hadoop-ozone/integration-test/target/test-dir/MiniOzoneClusterImpl-b5fe0712-b217-48e1-a309-931088266b0b/datanode-1/data/ratis/96e24afb-09ef-4f0d-9fe2-26fb82558653/in_use.lock acquired by nodename 2891@pr-hdds-2102-js77h-2988213663
2019-09-09 18:02:13,207 [pool-419-thread-1] INFO  storage.RaftStorage (RaftStorage.java:format(72)) - Storage directory /workdir/hadoop-ozone/integration-test/target/test-dir/MiniOzoneClusterImpl-b5fe0712-b217-48e1-a309-931088266b0b/datanode-1/data/ratis/96e24afb-09ef-4f0d-9fe2-26fb82558653 has been successfully formatted.
2019-09-09 18:02:13,208 [pool-419-thread-1] INFO  ratis.ContainerStateMachine (ContainerStateMachine.java:loadSnapshot(227)) - group-26FB82558653: The snapshot info is null. Setting the last applied indexto:(t:0, i:~)
2019-09-09 18:02:13,208 [pool-419-thread-1] INFO  server.RaftServerConfigKeys (ConfUtils.java:logGet(43)) - raft.server.leader.election.timeout = 120s (custom)
2019-09-09 18:02:13,208 [pool-419-thread-1] INFO  server.RaftServerConfigKeys (ConfUtils.java:logGet(43)) - raft.server.log.use.memory = false (default)
2019-09-09 18:02:13,208 [pool-419-thread-1] INFO  server.RaftServerConfigKeys (ConfUtils.java:logGet(43)) - raft.server.log.purge.gap = 1000000 (custom)
2019-09-09 18:02:13,208 [pool-419-thread-1] INFO  server.RaftServerConfigKeys (ConfUtils.java:logGet(43)) - raft.server.log.appender.buffer.byte-limit = 33554432 (custom)
2019-09-09 18:02:13,208 [pool-419-thread-1] INFO  server.RaftServerConfigKeys (ConfUtils.java:logGet(43)) - raft.server.log.segment.size.max = 1048576 (custom)
2019-09-09 18:02:13,208 [pool-419-thread-1] INFO  server.RaftServerConfigKeys (ConfUtils.java:logGet(43)) - raft.server.log.segment.cache.num.max = 2 (custom)
2019-09-09 18:02:13,208 [pool-419-thread-1] INFO  segmented.SegmentedRaftLogWorker (SegmentedRaftLogWorker.java:<init>(172)) - new 5424b559-d12b-44e4-a34a-b8ff23546acb-SegmentedRaftLogWorker:Storage Directory /workdir/hadoop-ozone/integration-test/target/test-dir/MiniOzoneClusterImpl-b5fe0712-b217-48e1-a309-931088266b0b/datanode-1/data/ratis/96e24afb-09ef-4f0d-9fe2-26fb82558653 for RaftStorage:Storage Directory /workdir/hadoop-ozone/integration-test/target/test-dir/MiniOzoneClusterImpl-b5fe0712-b217-48e1-a309-931088266b0b/datanode-1/data/ratis/96e24afb-09ef-4f0d-9fe2-26fb82558653
2019-09-09 18:02:13,209 [pool-419-thread-1] INFO  server.RaftServerConfigKeys (ConfUtils.java:logGet(43)) - raft.server.log.queue.byte-limit = 2147483647 (custom)
2019-09-09 18:02:13,209 [pool-419-thread-1] INFO  server.RaftServerConfigKeys (ConfUtils.java:logGet(43)) - raft.server.log.queue.element-limit = 1024 (custom)
2019-09-09 18:02:13,209 [pool-419-thread-1] INFO  server.RaftServerConfigKeys (ConfUtils.java:logGet(43)) - raft.server.log.segment.size.max = 1048576 (custom)
2019-09-09 18:02:13,209 [pool-419-thread-1] INFO  server.RaftServerConfigKeys (ConfUtils.java:logGet(43)) - raft.server.log.preallocated.size = 16384 (custom)
2019-09-09 18:02:13,209 [pool-419-thread-1] INFO  server.RaftServerConfigKeys (ConfUtils.java:logGet(43)) - raft.server.log.write.buffer.size = 33554432 (custom)
2019-09-09 18:02:13,209 [pool-419-thread-1] INFO  server.RaftServerConfigKeys (ConfUtils.java:logGet(43)) - raft.server.log.force.sync.num = 128 (default)
2019-09-09 18:02:13,209 [pool-419-thread-1] INFO  server.RaftServerConfigKeys (ConfUtils.java:logGet(43)) - raft.server.log.statemachine.data.sync = true (default)
2019-09-09 18:02:13,210 [pool-419-thread-1] INFO  server.RaftServerConfigKeys (ConfUtils.java:logGet(43)) - raft.server.log.statemachine.data.sync.timeout = 10s (default)
2019-09-09 18:02:13,210 [pool-419-thread-1] INFO  server.RaftServerConfigKeys (ConfUtils.java:logGet(43)) - raft.server.log.statemachine.data.sync.timeout.retry = -1 (default)
2019-09-09 18:02:13,210 [pool-419-thread-1] INFO  server.RaftServerConfigKeys (ConfUtils.java:logGet(43)) - raft.server.log.statemachine.data.caching.enabled = true (custom)
2019-09-09 18:02:13,210 [pool-419-thread-1] INFO  segmented.SegmentedRaftLogWorker (SegmentedRaftLogWorker.java:lambda$new$0(132)) - 5424b559-d12b-44e4-a34a-b8ff23546acb-SegmentedRaftLogWorker:Storage Directory /workdir/hadoop-ozone/integration-test/target/test-dir/MiniOzoneClusterImpl-b5fe0712-b217-48e1-a309-931088266b0b/datanode-1/data/ratis/96e24afb-09ef-4f0d-9fe2-26fb82558653: flushIndex: setUnconditionally 0 -> -1
2019-09-09 18:02:13,211 [pool-419-thread-1] INFO  server.RaftServerConfigKeys (ConfUtils.java:logGet(43)) - raft.server.snapshot.auto.trigger.enabled = true (custom)
2019-09-09 18:02:13,211 [pool-419-thread-1] INFO  server.RaftServerConfigKeys (ConfUtils.java:logGet(43)) - raft.server.snapshot.auto.trigger.threshold = 10000 (custom)
2019-09-09 18:02:13,211 [pool-419-thread-1] INFO  server.RaftServerConfigKeys (ConfUtils.java:logGet(43)) - raft.server.retrycache.expirytime = 600000ms (custom)
2019-09-09 18:02:13,211 [pool-419-thread-1] INFO  impl.RaftServerImpl (RaftServerImpl.java:start(180)) - 5424b559-d12b-44e4-a34a-b8ff23546acb: start group-26FB82558653
2019-09-09 18:02:13,211 [pool-419-thread-1] INFO  impl.RaftServerImpl (RaftServerImpl.java:setRole(171)) - 5424b559-d12b-44e4-a34a-b8ff23546acb:group-26FB82558653 changes role from null to FOLLOWER at term 0 for startAsFollower
2019-09-09 18:02:13,211 [pool-419-thread-1] INFO  impl.RoleInfo (RoleInfo.java:updateAndGet(143)) - 5424b559-d12b-44e4-a34a-b8ff23546acb: start FollowerState
2019-09-09 18:02:13,212 [pool-419-thread-1] INFO  util.JmxRegister (JmxRegister.java:tryRegister(44)) - Successfully registered JMX Bean with object name Ratis:service=RaftServer,group=group-26FB82558653,id=5424b559-d12b-44e4-a34a-b8ff23546acb
2019-09-09 18:02:13,214 [RatisPipelineUtilsThread] INFO  pipeline.PipelineStateManager (PipelineStateManager.java:addPipeline(56)) - Created pipeline Pipeline[ Id: 96e24afb-09ef-4f0d-9fe2-26fb82558653, Nodes: 5424b559-d12b-44e4-a34a-b8ff23546acb{ip: 192.168.34.39, host: pr-hdds-2102-js77h-2988213663, networkLocation: /default-rack, certSerialId: null}, Type:RATIS, Factor:ONE, State:OPEN]
2019-09-09 18:02:13,243 [IPC Server handler 2 on 35408] INFO  net.NetworkTopology (NetworkTopologyImpl.java:add(110)) - Added a new node: /default-rack/1a603c78-5244-4e25-920a-cef477e0f94b
2019-09-09 18:02:13,243 [IPC Server handler 2 on 35408] INFO  node.SCMNodeManager (SCMNodeManager.java:register(266)) - Registered Data node : 1a603c78-5244-4e25-920a-cef477e0f94b{ip: 192.168.34.39, host: pr-hdds-2102-js77h-2988213663, networkLocation: /default-rack, certSerialId: null}
2019-09-09 18:02:13,245 | INFO  | SCMAudit | user=jenkins1000 | ip=192.168.34.39 | op=REGISTER {datanodeDetails=1a603c78-5244-4e25-920a-cef477e0f94b{ip: 192.168.34.39, host: pr-hdds-2102-js77h-2988213663, networkLocation: /default-rack, certSerialId: null}} | ret=SUCCESS |  
2019-09-09 18:02:13,250 [grpc-default-executor-5] INFO  impl.RaftServerProxy (RaftServerProxy.java:addNew(89)) - 1a603c78-5244-4e25-920a-cef477e0f94b: addNew group-3C49F05A4705:[1a603c78-5244-4e25-920a-cef477e0f94b:192.168.34.39:35215] returns group-3C49F05A4705:java.util.concurrent.CompletableFuture@4f3ae848[Not completed]
2019-09-09 18:02:13,251 [pool-429-thread-1] INFO  impl.RaftServerImpl (RaftServerImpl.java:<init>(93)) - 1a603c78-5244-4e25-920a-cef477e0f94b: new RaftServerImpl for group-3C49F05A4705:[1a603c78-5244-4e25-920a-cef477e0f94b:192.168.34.39:35215] with ContainerStateMachine:uninitialized
2019-09-09 18:02:13,251 [pool-429-thread-1] INFO  server.RaftServerConfigKeys (ConfUtils.java:logGet(43)) - raft.server.rpc.timeout.min = 5s (custom)
2019-09-09 18:02:13,251 [pool-429-thread-1] INFO  server.RaftServerConfigKeys (ConfUtils.java:logGet(43)) - raft.server.rpc.timeout.max = 5200ms (custom)
2019-09-09 18:02:13,251 [pool-429-thread-1] INFO  server.RaftServerConfigKeys (ConfUtils.java:logGet(43)) - raft.server.rpcslowness.timeout = 120s (custom)
2019-09-09 18:02:13,252 [pool-429-thread-1] INFO  server.RaftServerConfigKeys (ConfUtils.java:logGet(43)) - raft.server.sleep.deviation.threshold = 300 (default)
2019-09-09 18:02:13,252 [pool-429-thread-1] INFO  server.RaftServerConfigKeys (ConfUtils.java:logGet(43)) - raft.server.log.appender.install.snapshot.enabled = false (custom)
2019-09-09 18:02:13,252 [pool-429-thread-1] INFO  impl.RaftServerImpl (ServerState.java:<init>(105)) - 1a603c78-5244-4e25-920a-cef477e0f94b:group-3C49F05A4705 ConfigurationManager, init=-1: [1a603c78-5244-4e25-920a-cef477e0f94b:192.168.34.39:35215], old=null, confs=<EMPTY_MAP>
2019-09-09 18:02:13,252 [pool-429-thread-1] INFO  server.RaftServerConfigKeys (ConfUtils.java:logGet(43)) - raft.server.storage.dir = [/workdir/hadoop-ozone/integration-test/target/test-dir/MiniOzoneClusterImpl-b5fe0712-b217-48e1-a309-931088266b0b/datanode-2/data/ratis] (custom)
2019-09-09 18:02:13,252 [pool-429-thread-1] INFO  storage.RaftStorageDirectory (RaftStorageDirectory.java:analyzeStorage(246)) - The storage directory /workdir/hadoop-ozone/integration-test/target/test-dir/MiniOzoneClusterImpl-b5fe0712-b217-48e1-a309-931088266b0b/datanode-2/data/ratis/55a6b95b-cf48-475e-ad97-3c49f05a4705 does not exist. Creating ...
2019-09-09 18:02:13,265 [pool-429-thread-1] INFO  storage.RaftStorageDirectory (RaftStorageDirectory.java:tryLock(328)) - Lock on /workdir/hadoop-ozone/integration-test/target/test-dir/MiniOzoneClusterImpl-b5fe0712-b217-48e1-a309-931088266b0b/datanode-2/data/ratis/55a6b95b-cf48-475e-ad97-3c49f05a4705/in_use.lock acquired by nodename 2891@pr-hdds-2102-js77h-2988213663
2019-09-09 18:02:13,270 [pool-429-thread-1] INFO  storage.RaftStorage (RaftStorage.java:format(72)) - Storage directory /workdir/hadoop-ozone/integration-test/target/test-dir/MiniOzoneClusterImpl-b5fe0712-b217-48e1-a309-931088266b0b/datanode-2/data/ratis/55a6b95b-cf48-475e-ad97-3c49f05a4705 has been successfully formatted.
2019-09-09 18:02:13,271 [pool-429-thread-1] INFO  ratis.ContainerStateMachine (ContainerStateMachine.java:loadSnapshot(227)) - group-3C49F05A4705: The snapshot info is null. Setting the last applied indexto:(t:0, i:~)
2019-09-09 18:02:13,271 [pool-429-thread-1] INFO  server.RaftServerConfigKeys (ConfUtils.java:logGet(43)) - raft.server.leader.election.timeout = 120s (custom)
2019-09-09 18:02:13,271 [pool-429-thread-1] INFO  server.RaftServerConfigKeys (ConfUtils.java:logGet(43)) - raft.server.log.use.memory = false (default)
2019-09-09 18:02:13,271 [pool-429-thread-1] INFO  server.RaftServerConfigKeys (ConfUtils.java:logGet(43)) - raft.server.log.purge.gap = 1000000 (custom)
2019-09-09 18:02:13,271 [pool-429-thread-1] INFO  server.RaftServerConfigKeys (ConfUtils.java:logGet(43)) - raft.server.log.appender.buffer.byte-limit = 33554432 (custom)
2019-09-09 18:02:13,271 [pool-429-thread-1] INFO  server.RaftServerConfigKeys (ConfUtils.java:logGet(43)) - raft.server.log.segment.size.max = 1048576 (custom)
2019-09-09 18:02:13,272 [pool-429-thread-1] INFO  server.RaftServerConfigKeys (ConfUtils.java:logGet(43)) - raft.server.log.segment.cache.num.max = 2 (custom)
2019-09-09 18:02:13,272 [pool-429-thread-1] INFO  segmented.SegmentedRaftLogWorker (SegmentedRaftLogWorker.java:<init>(172)) - new 1a603c78-5244-4e25-920a-cef477e0f94b-SegmentedRaftLogWorker:Storage Directory /workdir/hadoop-ozone/integration-test/target/test-dir/MiniOzoneClusterImpl-b5fe0712-b217-48e1-a309-931088266b0b/datanode-2/data/ratis/55a6b95b-cf48-475e-ad97-3c49f05a4705 for RaftStorage:Storage Directory /workdir/hadoop-ozone/integration-test/target/test-dir/MiniOzoneClusterImpl-b5fe0712-b217-48e1-a309-931088266b0b/datanode-2/data/ratis/55a6b95b-cf48-475e-ad97-3c49f05a4705
2019-09-09 18:02:13,272 [pool-429-thread-1] INFO  server.RaftServerConfigKeys (ConfUtils.java:logGet(43)) - raft.server.log.queue.byte-limit = 2147483647 (custom)
2019-09-09 18:02:13,272 [pool-429-thread-1] INFO  server.RaftServerConfigKeys (ConfUtils.java:logGet(43)) - raft.server.log.queue.element-limit = 1024 (custom)
2019-09-09 18:02:13,272 [pool-429-thread-1] INFO  server.RaftServerConfigKeys (ConfUtils.java:logGet(43)) - raft.server.log.segment.size.max = 1048576 (custom)
2019-09-09 18:02:13,273 [pool-429-thread-1] INFO  server.RaftServerConfigKeys (ConfUtils.java:logGet(43)) - raft.server.log.preallocated.size = 16384 (custom)
2019-09-09 18:02:13,273 [pool-429-thread-1] INFO  server.RaftServerConfigKeys (ConfUtils.java:logGet(43)) - raft.server.log.write.buffer.size = 33554432 (custom)
2019-09-09 18:02:13,273 [pool-429-thread-1] INFO  server.RaftServerConfigKeys (ConfUtils.java:logGet(43)) - raft.server.log.force.sync.num = 128 (default)
2019-09-09 18:02:13,273 [pool-429-thread-1] INFO  server.RaftServerConfigKeys (ConfUtils.java:logGet(43)) - raft.server.log.statemachine.data.sync = true (default)
2019-09-09 18:02:13,273 [pool-429-thread-1] INFO  server.RaftServerConfigKeys (ConfUtils.java:logGet(43)) - raft.server.log.statemachine.data.sync.timeout = 10s (default)
2019-09-09 18:02:13,273 [pool-429-thread-1] INFO  server.RaftServerConfigKeys (ConfUtils.java:logGet(43)) - raft.server.log.statemachine.data.sync.timeout.retry = -1 (default)
2019-09-09 18:02:13,274 [pool-429-thread-1] INFO  server.RaftServerConfigKeys (ConfUtils.java:logGet(43)) - raft.server.log.statemachine.data.caching.enabled = true (custom)
2019-09-09 18:02:13,274 [pool-429-thread-1] INFO  segmented.SegmentedRaftLogWorker (SegmentedRaftLogWorker.java:lambda$new$0(132)) - 1a603c78-5244-4e25-920a-cef477e0f94b-SegmentedRaftLogWorker:Storage Directory /workdir/hadoop-ozone/integration-test/target/test-dir/MiniOzoneClusterImpl-b5fe0712-b217-48e1-a309-931088266b0b/datanode-2/data/ratis/55a6b95b-cf48-475e-ad97-3c49f05a4705: flushIndex: setUnconditionally 0 -> -1
2019-09-09 18:02:13,274 [pool-429-thread-1] INFO  server.RaftServerConfigKeys (ConfUtils.java:logGet(43)) - raft.server.snapshot.auto.trigger.enabled = true (custom)
2019-09-09 18:02:13,274 [pool-429-thread-1] INFO  server.RaftServerConfigKeys (ConfUtils.java:logGet(43)) - raft.server.snapshot.auto.trigger.threshold = 10000 (custom)
2019-09-09 18:02:13,275 [pool-429-thread-1] INFO  server.RaftServerConfigKeys (ConfUtils.java:logGet(43)) - raft.server.retrycache.expirytime = 600000ms (custom)
2019-09-09 18:02:13,275 [pool-429-thread-1] INFO  impl.RaftServerImpl (RaftServerImpl.java:start(180)) - 1a603c78-5244-4e25-920a-cef477e0f94b: start group-3C49F05A4705
2019-09-09 18:02:13,275 [pool-429-thread-1] INFO  impl.RaftServerImpl (RaftServerImpl.java:setRole(171)) - 1a603c78-5244-4e25-920a-cef477e0f94b:group-3C49F05A4705 changes role from null to FOLLOWER at term 0 for startAsFollower
2019-09-09 18:02:13,275 [pool-429-thread-1] INFO  impl.RoleInfo (RoleInfo.java:updateAndGet(143)) - 1a603c78-5244-4e25-920a-cef477e0f94b: start FollowerState
2019-09-09 18:02:13,275 [pool-429-thread-1] INFO  util.JmxRegister (JmxRegister.java:tryRegister(44)) - Successfully registered JMX Bean with object name Ratis:service=RaftServer,group=group-3C49F05A4705,id=1a603c78-5244-4e25-920a-cef477e0f94b
2019-09-09 18:02:13,277 [RatisPipelineUtilsThread] INFO  pipeline.PipelineStateManager (PipelineStateManager.java:addPipeline(56)) - Created pipeline Pipeline[ Id: 55a6b95b-cf48-475e-ad97-3c49f05a4705, Nodes: 1a603c78-5244-4e25-920a-cef477e0f94b{ip: 192.168.34.39, host: pr-hdds-2102-js77h-2988213663, networkLocation: /default-rack, certSerialId: null}, Type:RATIS, Factor:ONE, State:OPEN]
2019-09-09 18:02:13,292 [grpc-default-executor-3] INFO  impl.RaftServerProxy (RaftServerProxy.java:addNew(89)) - 5424b559-d12b-44e4-a34a-b8ff23546acb: addNew group-E7B0D22102B3:[26278548-c262-4d72-b577-3b7eb89bac6f:192.168.34.39:44945, 5424b559-d12b-44e4-a34a-b8ff23546acb:192.168.34.39:43805, 1a603c78-5244-4e25-920a-cef477e0f94b:192.168.34.39:35215] returns group-E7B0D22102B3:java.util.concurrent.CompletableFuture@69eac0e2[Not completed]
2019-09-09 18:02:13,292 [grpc-default-executor-7] INFO  impl.RaftServerProxy (RaftServerProxy.java:addNew(89)) - 1a603c78-5244-4e25-920a-cef477e0f94b: addNew group-E7B0D22102B3:[26278548-c262-4d72-b577-3b7eb89bac6f:192.168.34.39:44945, 5424b559-d12b-44e4-a34a-b8ff23546acb:192.168.34.39:43805, 1a603c78-5244-4e25-920a-cef477e0f94b:192.168.34.39:35215] returns group-E7B0D22102B3:java.util.concurrent.CompletableFuture@a1fabb3[Not completed]
2019-09-09 18:02:13,293 [grpc-default-executor-5] INFO  impl.RaftServerProxy (RaftServerProxy.java:addNew(89)) - 26278548-c262-4d72-b577-3b7eb89bac6f: addNew group-E7B0D22102B3:[26278548-c262-4d72-b577-3b7eb89bac6f:192.168.34.39:44945, 5424b559-d12b-44e4-a34a-b8ff23546acb:192.168.34.39:43805, 1a603c78-5244-4e25-920a-cef477e0f94b:192.168.34.39:35215] returns group-E7B0D22102B3:java.util.concurrent.CompletableFuture@a003c3f[Not completed]
2019-09-09 18:02:13,293 [pool-419-thread-1] INFO  impl.RaftServerImpl (RaftServerImpl.java:<init>(93)) - 5424b559-d12b-44e4-a34a-b8ff23546acb: new RaftServerImpl for group-E7B0D22102B3:[26278548-c262-4d72-b577-3b7eb89bac6f:192.168.34.39:44945, 5424b559-d12b-44e4-a34a-b8ff23546acb:192.168.34.39:43805, 1a603c78-5244-4e25-920a-cef477e0f94b:192.168.34.39:35215] with ContainerStateMachine:uninitialized
2019-09-09 18:02:13,293 [pool-419-thread-1] INFO  server.RaftServerConfigKeys (ConfUtils.java:logGet(43)) - raft.server.rpc.timeout.min = 5s (custom)
2019-09-09 18:02:13,293 [pool-419-thread-1] INFO  server.RaftServerConfigKeys (ConfUtils.java:logGet(43)) - raft.server.rpc.timeout.max = 5200ms (custom)
2019-09-09 18:02:13,293 [pool-419-thread-1] INFO  server.RaftServerConfigKeys (ConfUtils.java:logGet(43)) - raft.server.rpcslowness.timeout = 120s (custom)
2019-09-09 18:02:13,294 [pool-419-thread-1] INFO  server.RaftServerConfigKeys (ConfUtils.java:logGet(43)) - raft.server.sleep.deviation.threshold = 300 (default)
2019-09-09 18:02:13,294 [pool-429-thread-1] INFO  impl.RaftServerImpl (RaftServerImpl.java:<init>(93)) - 1a603c78-5244-4e25-920a-cef477e0f94b: new RaftServerImpl for group-E7B0D22102B3:[26278548-c262-4d72-b577-3b7eb89bac6f:192.168.34.39:44945, 5424b559-d12b-44e4-a34a-b8ff23546acb:192.168.34.39:43805, 1a603c78-5244-4e25-920a-cef477e0f94b:192.168.34.39:35215] with ContainerStateMachine:uninitialized
2019-09-09 18:02:13,294 [pool-419-thread-1] INFO  server.RaftServerConfigKeys (ConfUtils.java:logGet(43)) - raft.server.log.appender.install.snapshot.enabled = false (custom)
2019-09-09 18:02:13,294 [pool-429-thread-1] INFO  server.RaftServerConfigKeys (ConfUtils.java:logGet(43)) - raft.server.rpc.timeout.min = 5s (custom)
2019-09-09 18:02:13,294 [pool-419-thread-1] INFO  impl.RaftServerImpl (ServerState.java:<init>(105)) - 5424b559-d12b-44e4-a34a-b8ff23546acb:group-E7B0D22102B3 ConfigurationManager, init=-1: [26278548-c262-4d72-b577-3b7eb89bac6f:192.168.34.39:44945, 5424b559-d12b-44e4-a34a-b8ff23546acb:192.168.34.39:43805, 1a603c78-5244-4e25-920a-cef477e0f94b:192.168.34.39:35215], old=null, confs=<EMPTY_MAP>
2019-09-09 18:02:13,294 [pool-429-thread-1] INFO  server.RaftServerConfigKeys (ConfUtils.java:logGet(43)) - raft.server.rpc.timeout.max = 5200ms (custom)
2019-09-09 18:02:13,294 [pool-419-thread-1] INFO  server.RaftServerConfigKeys (ConfUtils.java:logGet(43)) - raft.server.storage.dir = [/workdir/hadoop-ozone/integration-test/target/test-dir/MiniOzoneClusterImpl-b5fe0712-b217-48e1-a309-931088266b0b/datanode-1/data/ratis] (custom)
2019-09-09 18:02:13,294 [pool-409-thread-1] INFO  impl.RaftServerImpl (RaftServerImpl.java:<init>(93)) - 26278548-c262-4d72-b577-3b7eb89bac6f: new RaftServerImpl for group-E7B0D22102B3:[26278548-c262-4d72-b577-3b7eb89bac6f:192.168.34.39:44945, 5424b559-d12b-44e4-a34a-b8ff23546acb:192.168.34.39:43805, 1a603c78-5244-4e25-920a-cef477e0f94b:192.168.34.39:35215] with ContainerStateMachine:uninitialized
2019-09-09 18:02:13,294 [pool-429-thread-1] INFO  server.RaftServerConfigKeys (ConfUtils.java:logGet(43)) - raft.server.rpcslowness.timeout = 120s (custom)
2019-09-09 18:02:13,294 [pool-409-thread-1] INFO  server.RaftServerConfigKeys (ConfUtils.java:logGet(43)) - raft.server.rpc.timeout.min = 5s (custom)
2019-09-09 18:02:13,295 [pool-429-thread-1] INFO  server.RaftServerConfigKeys (ConfUtils.java:logGet(43)) - raft.server.sleep.deviation.threshold = 300 (default)
2019-09-09 18:02:13,295 [pool-419-thread-1] INFO  storage.RaftStorageDirectory (RaftStorageDirectory.java:analyzeStorage(246)) - The storage directory /workdir/hadoop-ozone/integration-test/target/test-dir/MiniOzoneClusterImpl-b5fe0712-b217-48e1-a309-931088266b0b/datanode-1/data/ratis/5a5db5b4-2ffa-47ce-abe8-e7b0d22102b3 does not exist. Creating ...
2019-09-09 18:02:13,295 [pool-429-thread-1] INFO  server.RaftServerConfigKeys (ConfUtils.java:logGet(43)) - raft.server.log.appender.install.snapshot.enabled = false (custom)
2019-09-09 18:02:13,295 [pool-409-thread-1] INFO  server.RaftServerConfigKeys (ConfUtils.java:logGet(43)) - raft.server.rpc.timeout.max = 5200ms (custom)
2019-09-09 18:02:13,295 [pool-429-thread-1] INFO  impl.RaftServerImpl (ServerState.java:<init>(105)) - 1a603c78-5244-4e25-920a-cef477e0f94b:group-E7B0D22102B3 ConfigurationManager, init=-1: [26278548-c262-4d72-b577-3b7eb89bac6f:192.168.34.39:44945, 5424b559-d12b-44e4-a34a-b8ff23546acb:192.168.34.39:43805, 1a603c78-5244-4e25-920a-cef477e0f94b:192.168.34.39:35215], old=null, confs=<EMPTY_MAP>
2019-09-09 18:02:13,295 [pool-409-thread-1] INFO  server.RaftServerConfigKeys (ConfUtils.java:logGet(43)) - raft.server.rpcslowness.timeout = 120s (custom)
2019-09-09 18:02:13,295 [pool-429-thread-1] INFO  server.RaftServerConfigKeys (ConfUtils.java:logGet(43)) - raft.server.storage.dir = [/workdir/hadoop-ozone/integration-test/target/test-dir/MiniOzoneClusterImpl-b5fe0712-b217-48e1-a309-931088266b0b/datanode-2/data/ratis] (custom)
2019-09-09 18:02:13,295 [pool-409-thread-1] INFO  server.RaftServerConfigKeys (ConfUtils.java:logGet(43)) - raft.server.sleep.deviation.threshold = 300 (default)
2019-09-09 18:02:13,295 [pool-409-thread-1] INFO  server.RaftServerConfigKeys (ConfUtils.java:logGet(43)) - raft.server.log.appender.install.snapshot.enabled = false (custom)
2019-09-09 18:02:13,296 [pool-429-thread-1] INFO  storage.RaftStorageDirectory (RaftStorageDirectory.java:analyzeStorage(246)) - The storage directory /workdir/hadoop-ozone/integration-test/target/test-dir/MiniOzoneClusterImpl-b5fe0712-b217-48e1-a309-931088266b0b/datanode-2/data/ratis/5a5db5b4-2ffa-47ce-abe8-e7b0d22102b3 does not exist. Creating ...
2019-09-09 18:02:13,296 [pool-409-thread-1] INFO  impl.RaftServerImpl (ServerState.java:<init>(105)) - 26278548-c262-4d72-b577-3b7eb89bac6f:group-E7B0D22102B3 ConfigurationManager, init=-1: [26278548-c262-4d72-b577-3b7eb89bac6f:192.168.34.39:44945, 5424b559-d12b-44e4-a34a-b8ff23546acb:192.168.34.39:43805, 1a603c78-5244-4e25-920a-cef477e0f94b:192.168.34.39:35215], old=null, confs=<EMPTY_MAP>
2019-09-09 18:02:13,296 [pool-409-thread-1] INFO  server.RaftServerConfigKeys (ConfUtils.java:logGet(43)) - raft.server.storage.dir = [/workdir/hadoop-ozone/integration-test/target/test-dir/MiniOzoneClusterImpl-b5fe0712-b217-48e1-a309-931088266b0b/datanode-0/data/ratis] (custom)
2019-09-09 18:02:13,296 [pool-409-thread-1] INFO  storage.RaftStorageDirectory (RaftStorageDirectory.java:analyzeStorage(246)) - The storage directory /workdir/hadoop-ozone/integration-test/target/test-dir/MiniOzoneClusterImpl-b5fe0712-b217-48e1-a309-931088266b0b/datanode-0/data/ratis/5a5db5b4-2ffa-47ce-abe8-e7b0d22102b3 does not exist. Creating ...
2019-09-09 18:02:13,309 [pool-429-thread-1] INFO  storage.RaftStorageDirectory (RaftStorageDirectory.java:tryLock(328)) - Lock on /workdir/hadoop-ozone/integration-test/target/test-dir/MiniOzoneClusterImpl-b5fe0712-b217-48e1-a309-931088266b0b/datanode-2/data/ratis/5a5db5b4-2ffa-47ce-abe8-e7b0d22102b3/in_use.lock acquired by nodename 2891@pr-hdds-2102-js77h-2988213663
2019-09-09 18:02:13,309 [pool-419-thread-1] INFO  storage.RaftStorageDirectory (RaftStorageDirectory.java:tryLock(328)) - Lock on /workdir/hadoop-ozone/integration-test/target/test-dir/MiniOzoneClusterImpl-b5fe0712-b217-48e1-a309-931088266b0b/datanode-1/data/ratis/5a5db5b4-2ffa-47ce-abe8-e7b0d22102b3/in_use.lock acquired by nodename 2891@pr-hdds-2102-js77h-2988213663
2019-09-09 18:02:13,309 [pool-409-thread-1] INFO  storage.RaftStorageDirectory (RaftStorageDirectory.java:tryLock(328)) - Lock on /workdir/hadoop-ozone/integration-test/target/test-dir/MiniOzoneClusterImpl-b5fe0712-b217-48e1-a309-931088266b0b/datanode-0/data/ratis/5a5db5b4-2ffa-47ce-abe8-e7b0d22102b3/in_use.lock acquired by nodename 2891@pr-hdds-2102-js77h-2988213663
2019-09-09 18:02:13,309 [IPC Server handler 1 on 35408] INFO  net.NetworkTopology (NetworkTopologyImpl.java:add(110)) - Added a new node: /default-rack/22c0f27d-976a-42fe-b1a0-04db584cd0ca
2019-09-09 18:02:13,309 [IPC Server handler 1 on 35408] INFO  node.SCMNodeManager (SCMNodeManager.java:register(266)) - Registered Data node : 22c0f27d-976a-42fe-b1a0-04db584cd0ca{ip: 192.168.34.39, host: pr-hdds-2102-js77h-2988213663, networkLocation: /default-rack, certSerialId: null}
2019-09-09 18:02:13,310 | INFO  | SCMAudit | user=jenkins1000 | ip=192.168.34.39 | op=REGISTER {datanodeDetails=22c0f27d-976a-42fe-b1a0-04db584cd0ca{ip: 192.168.34.39, host: pr-hdds-2102-js77h-2988213663, networkLocation: /default-rack, certSerialId: null}} | ret=SUCCESS |  
2019-09-09 18:02:13,323 [pool-419-thread-1] INFO  storage.RaftStorage (RaftStorage.java:format(72)) - Storage directory /workdir/hadoop-ozone/integration-test/target/test-dir/MiniOzoneClusterImpl-b5fe0712-b217-48e1-a309-931088266b0b/datanode-1/data/ratis/5a5db5b4-2ffa-47ce-abe8-e7b0d22102b3 has been successfully formatted.
2019-09-09 18:02:13,323 [pool-409-thread-1] INFO  storage.RaftStorage (RaftStorage.java:format(72)) - Storage directory /workdir/hadoop-ozone/integration-test/target/test-dir/MiniOzoneClusterImpl-b5fe0712-b217-48e1-a309-931088266b0b/datanode-0/data/ratis/5a5db5b4-2ffa-47ce-abe8-e7b0d22102b3 has been successfully formatted.
2019-09-09 18:02:13,323 [pool-429-thread-1] INFO  storage.RaftStorage (RaftStorage.java:format(72)) - Storage directory /workdir/hadoop-ozone/integration-test/target/test-dir/MiniOzoneClusterImpl-b5fe0712-b217-48e1-a309-931088266b0b/datanode-2/data/ratis/5a5db5b4-2ffa-47ce-abe8-e7b0d22102b3 has been successfully formatted.
2019-09-09 18:02:13,323 [pool-419-thread-1] INFO  ratis.ContainerStateMachine (ContainerStateMachine.java:loadSnapshot(227)) - group-E7B0D22102B3: The snapshot info is null. Setting the last applied indexto:(t:0, i:~)
2019-09-09 18:02:13,323 [pool-429-thread-1] INFO  ratis.ContainerStateMachine (ContainerStateMachine.java:loadSnapshot(227)) - group-E7B0D22102B3: The snapshot info is null. Setting the last applied indexto:(t:0, i:~)
2019-09-09 18:02:13,323 [pool-409-thread-1] INFO  ratis.ContainerStateMachine (ContainerStateMachine.java:loadSnapshot(227)) - group-E7B0D22102B3: The snapshot info is null. Setting the last applied indexto:(t:0, i:~)
2019-09-09 18:02:13,324 [pool-429-thread-1] INFO  server.RaftServerConfigKeys (ConfUtils.java:logGet(43)) - raft.server.leader.election.timeout = 120s (custom)
2019-09-09 18:02:13,324 [pool-419-thread-1] INFO  server.RaftServerConfigKeys (ConfUtils.java:logGet(43)) - raft.server.leader.election.timeout = 120s (custom)
2019-09-09 18:02:13,324 [pool-429-thread-1] INFO  server.RaftServerConfigKeys (ConfUtils.java:logGet(43)) - raft.server.log.use.memory = false (default)
2019-09-09 18:02:13,324 [pool-409-thread-1] INFO  server.RaftServerConfigKeys (ConfUtils.java:logGet(43)) - raft.server.leader.election.timeout = 120s (custom)
2019-09-09 18:02:13,324 [pool-429-thread-1] INFO  server.RaftServerConfigKeys (ConfUtils.java:logGet(43)) - raft.server.log.purge.gap = 1000000 (custom)
2019-09-09 18:02:13,324 [pool-419-thread-1] INFO  server.RaftServerConfigKeys (ConfUtils.java:logGet(43)) - raft.server.log.use.memory = false (default)
2019-09-09 18:02:13,324 [pool-429-thread-1] INFO  server.RaftServerConfigKeys (ConfUtils.java:logGet(43)) - raft.server.log.appender.buffer.byte-limit = 33554432 (custom)
2019-09-09 18:02:13,324 [pool-409-thread-1] INFO  server.RaftServerConfigKeys (ConfUtils.java:logGet(43)) - raft.server.log.use.memory = false (default)
2019-09-09 18:02:13,324 [pool-429-thread-1] INFO  server.RaftServerConfigKeys (ConfUtils.java:logGet(43)) - raft.server.log.segment.size.max = 1048576 (custom)
2019-09-09 18:02:13,324 [pool-419-thread-1] INFO  server.RaftServerConfigKeys (ConfUtils.java:logGet(43)) - raft.server.log.purge.gap = 1000000 (custom)
2019-09-09 18:02:13,324 [pool-429-thread-1] INFO  server.RaftServerConfigKeys (ConfUtils.java:logGet(43)) - raft.server.log.segment.cache.num.max = 2 (custom)
2019-09-09 18:02:13,325 [pool-429-thread-1] INFO  segmented.SegmentedRaftLogWorker (SegmentedRaftLogWorker.java:<init>(172)) - new 1a603c78-5244-4e25-920a-cef477e0f94b-SegmentedRaftLogWorker:Storage Directory /workdir/hadoop-ozone/integration-test/target/test-dir/MiniOzoneClusterImpl-b5fe0712-b217-48e1-a309-931088266b0b/datanode-2/data/ratis/5a5db5b4-2ffa-47ce-abe8-e7b0d22102b3 for RaftStorage:Storage Directory /workdir/hadoop-ozone/integration-test/target/test-dir/MiniOzoneClusterImpl-b5fe0712-b217-48e1-a309-931088266b0b/datanode-2/data/ratis/5a5db5b4-2ffa-47ce-abe8-e7b0d22102b3
2019-09-09 18:02:13,324 [pool-409-thread-1] INFO  server.RaftServerConfigKeys (ConfUtils.java:logGet(43)) - raft.server.log.purge.gap = 1000000 (custom)
2019-09-09 18:02:13,325 [pool-429-thread-1] INFO  server.RaftServerConfigKeys (ConfUtils.java:logGet(43)) - raft.server.log.queue.byte-limit = 2147483647 (custom)
2019-09-09 18:02:13,325 [pool-419-thread-1] INFO  server.RaftServerConfigKeys (ConfUtils.java:logGet(43)) - raft.server.log.appender.buffer.byte-limit = 33554432 (custom)
2019-09-09 18:02:13,325 [pool-429-thread-1] INFO  server.RaftServerConfigKeys (ConfUtils.java:logGet(43)) - raft.server.log.queue.element-limit = 1024 (custom)
2019-09-09 18:02:13,325 [pool-409-thread-1] INFO  server.RaftServerConfigKeys (ConfUtils.java:logGet(43)) - raft.server.log.appender.buffer.byte-limit = 33554432 (custom)
2019-09-09 18:02:13,325 [pool-429-thread-1] INFO  server.RaftServerConfigKeys (ConfUtils.java:logGet(43)) - raft.server.log.segment.size.max = 1048576 (custom)
2019-09-09 18:02:13,325 [pool-419-thread-1] INFO  server.RaftServerConfigKeys (ConfUtils.java:logGet(43)) - raft.server.log.segment.size.max = 1048576 (custom)
2019-09-09 18:02:13,325 [pool-429-thread-1] INFO  server.RaftServerConfigKeys (ConfUtils.java:logGet(43)) - raft.server.log.preallocated.size = 16384 (custom)
2019-09-09 18:02:13,325 [pool-409-thread-1] INFO  server.RaftServerConfigKeys (ConfUtils.java:logGet(43)) - raft.server.log.segment.size.max = 1048576 (custom)
2019-09-09 18:02:13,325 [pool-429-thread-1] INFO  server.RaftServerConfigKeys (ConfUtils.java:logGet(43)) - raft.server.log.write.buffer.size = 33554432 (custom)
2019-09-09 18:02:13,325 [pool-419-thread-1] INFO  server.RaftServerConfigKeys (ConfUtils.java:logGet(43)) - raft.server.log.segment.cache.num.max = 2 (custom)
2019-09-09 18:02:13,326 [pool-429-thread-1] INFO  server.RaftServerConfigKeys (ConfUtils.java:logGet(43)) - raft.server.log.force.sync.num = 128 (default)
2019-09-09 18:02:13,326 [pool-409-thread-1] INFO  server.RaftServerConfigKeys (ConfUtils.java:logGet(43)) - raft.server.log.segment.cache.num.max = 2 (custom)
2019-09-09 18:02:13,326 [pool-429-thread-1] INFO  server.RaftServerConfigKeys (ConfUtils.java:logGet(43)) - raft.server.log.statemachine.data.sync = true (default)
2019-09-09 18:02:13,326 [pool-429-thread-1] INFO  server.RaftServerConfigKeys (ConfUtils.java:logGet(43)) - raft.server.log.statemachine.data.sync.timeout = 10s (default)
2019-09-09 18:02:13,326 [pool-419-thread-1] INFO  segmented.SegmentedRaftLogWorker (SegmentedRaftLogWorker.java:<init>(172)) - new 5424b559-d12b-44e4-a34a-b8ff23546acb-SegmentedRaftLogWorker:Storage Directory /workdir/hadoop-ozone/integration-test/target/test-dir/MiniOzoneClusterImpl-b5fe0712-b217-48e1-a309-931088266b0b/datanode-1/data/ratis/5a5db5b4-2ffa-47ce-abe8-e7b0d22102b3 for RaftStorage:Storage Directory /workdir/hadoop-ozone/integration-test/target/test-dir/MiniOzoneClusterImpl-b5fe0712-b217-48e1-a309-931088266b0b/datanode-1/data/ratis/5a5db5b4-2ffa-47ce-abe8-e7b0d22102b3
2019-09-09 18:02:13,326 [pool-429-thread-1] INFO  server.RaftServerConfigKeys (ConfUtils.java:logGet(43)) - raft.server.log.statemachine.data.sync.timeout.retry = -1 (default)
2019-09-09 18:02:13,326 [pool-409-thread-1] INFO  segmented.SegmentedRaftLogWorker (SegmentedRaftLogWorker.java:<init>(172)) - new 26278548-c262-4d72-b577-3b7eb89bac6f-SegmentedRaftLogWorker:Storage Directory /workdir/hadoop-ozone/integration-test/target/test-dir/MiniOzoneClusterImpl-b5fe0712-b217-48e1-a309-931088266b0b/datanode-0/data/ratis/5a5db5b4-2ffa-47ce-abe8-e7b0d22102b3 for RaftStorage:Storage Directory /workdir/hadoop-ozone/integration-test/target/test-dir/MiniOzoneClusterImpl-b5fe0712-b217-48e1-a309-931088266b0b/datanode-0/data/ratis/5a5db5b4-2ffa-47ce-abe8-e7b0d22102b3
2019-09-09 18:02:13,326 [pool-429-thread-1] INFO  server.RaftServerConfigKeys (ConfUtils.java:logGet(43)) - raft.server.log.statemachine.data.caching.enabled = true (custom)
2019-09-09 18:02:13,326 [pool-419-thread-1] INFO  server.RaftServerConfigKeys (ConfUtils.java:logGet(43)) - raft.server.log.queue.byte-limit = 2147483647 (custom)
2019-09-09 18:02:13,326 [pool-409-thread-1] INFO  server.RaftServerConfigKeys (ConfUtils.java:logGet(43)) - raft.server.log.queue.byte-limit = 2147483647 (custom)
2019-09-09 18:02:13,327 [pool-429-thread-1] INFO  segmented.SegmentedRaftLogWorker (SegmentedRaftLogWorker.java:lambda$new$0(132)) - 1a603c78-5244-4e25-920a-cef477e0f94b-SegmentedRaftLogWorker:Storage Directory /workdir/hadoop-ozone/integration-test/target/test-dir/MiniOzoneClusterImpl-b5fe0712-b217-48e1-a309-931088266b0b/datanode-2/data/ratis/5a5db5b4-2ffa-47ce-abe8-e7b0d22102b3: flushIndex: setUnconditionally 0 -> -1
2019-09-09 18:02:13,327 [pool-419-thread-1] INFO  server.RaftServerConfigKeys (ConfUtils.java:logGet(43)) - raft.server.log.queue.element-limit = 1024 (custom)
2019-09-09 18:02:13,327 [pool-409-thread-1] INFO  server.RaftServerConfigKeys (ConfUtils.java:logGet(43)) - raft.server.log.queue.element-limit = 1024 (custom)
2019-09-09 18:02:13,327 [pool-419-thread-1] INFO  server.RaftServerConfigKeys (ConfUtils.java:logGet(43)) - raft.server.log.segment.size.max = 1048576 (custom)
2019-09-09 18:02:13,327 [pool-429-thread-1] INFO  server.RaftServerConfigKeys (ConfUtils.java:logGet(43)) - raft.server.snapshot.auto.trigger.enabled = true (custom)
2019-09-09 18:02:13,327 [pool-419-thread-1] INFO  server.RaftServerConfigKeys (ConfUtils.java:logGet(43)) - raft.server.log.preallocated.size = 16384 (custom)
2019-09-09 18:02:13,327 [pool-409-thread-1] INFO  server.RaftServerConfigKeys (ConfUtils.java:logGet(43)) - raft.server.log.segment.size.max = 1048576 (custom)
2019-09-09 18:02:13,327 [pool-419-thread-1] INFO  server.RaftServerConfigKeys (ConfUtils.java:logGet(43)) - raft.server.log.write.buffer.size = 33554432 (custom)
2019-09-09 18:02:13,327 [pool-429-thread-1] INFO  server.RaftServerConfigKeys (ConfUtils.java:logGet(43)) - raft.server.snapshot.auto.trigger.threshold = 10000 (custom)
2019-09-09 18:02:13,327 [pool-419-thread-1] INFO  server.RaftServerConfigKeys (ConfUtils.java:logGet(43)) - raft.server.log.force.sync.num = 128 (default)
2019-09-09 18:02:13,328 [pool-419-thread-1] INFO  server.RaftServerConfigKeys (ConfUtils.java:logGet(43)) - raft.server.log.statemachine.data.sync = true (default)
2019-09-09 18:02:13,327 [pool-409-thread-1] INFO  server.RaftServerConfigKeys (ConfUtils.java:logGet(43)) - raft.server.log.preallocated.size = 16384 (custom)
2019-09-09 18:02:13,328 [pool-419-thread-1] INFO  server.RaftServerConfigKeys (ConfUtils.java:logGet(43)) - raft.server.log.statemachine.data.sync.timeout = 10s (default)
2019-09-09 18:02:13,327 [pool-429-thread-1] INFO  server.RaftServerConfigKeys (ConfUtils.java:logGet(43)) - raft.server.retrycache.expirytime = 600000ms (custom)
2019-09-09 18:02:13,328 [pool-419-thread-1] INFO  server.RaftServerConfigKeys (ConfUtils.java:logGet(43)) - raft.server.log.statemachine.data.sync.timeout.retry = -1 (default)
2019-09-09 18:02:13,328 [pool-409-thread-1] INFO  server.RaftServerConfigKeys (ConfUtils.java:logGet(43)) - raft.server.log.write.buffer.size = 33554432 (custom)
2019-09-09 18:02:13,328 [pool-419-thread-1] INFO  server.RaftServerConfigKeys (ConfUtils.java:logGet(43)) - raft.server.log.statemachine.data.caching.enabled = true (custom)
2019-09-09 18:02:13,328 [pool-429-thread-1] INFO  impl.RaftServerImpl (RaftServerImpl.java:start(180)) - 1a603c78-5244-4e25-920a-cef477e0f94b: start group-E7B0D22102B3
2019-09-09 18:02:13,328 [pool-409-thread-1] INFO  server.RaftServerConfigKeys (ConfUtils.java:logGet(43)) - raft.server.log.force.sync.num = 128 (default)
2019-09-09 18:02:13,328 [pool-419-thread-1] INFO  segmented.SegmentedRaftLogWorker (SegmentedRaftLogWorker.java:lambda$new$0(132)) - 5424b559-d12b-44e4-a34a-b8ff23546acb-SegmentedRaftLogWorker:Storage Directory /workdir/hadoop-ozone/integration-test/target/test-dir/MiniOzoneClusterImpl-b5fe0712-b217-48e1-a309-931088266b0b/datanode-1/data/ratis/5a5db5b4-2ffa-47ce-abe8-e7b0d22102b3: flushIndex: setUnconditionally 0 -> -1
2019-09-09 18:02:13,328 [pool-429-thread-1] INFO  impl.RaftServerImpl (RaftServerImpl.java:setRole(171)) - 1a603c78-5244-4e25-920a-cef477e0f94b:group-E7B0D22102B3 changes role from null to FOLLOWER at term 0 for startAsFollower
2019-09-09 18:02:13,328 [pool-409-thread-1] INFO  server.RaftServerConfigKeys (ConfUtils.java:logGet(43)) - raft.server.log.statemachine.data.sync = true (default)
2019-09-09 18:02:13,329 [pool-419-thread-1] INFO  server.RaftServerConfigKeys (ConfUtils.java:logGet(43)) - raft.server.snapshot.auto.trigger.enabled = true (custom)
2019-09-09 18:02:13,329 [pool-429-thread-1] INFO  impl.RoleInfo (RoleInfo.java:updateAndGet(143)) - 1a603c78-5244-4e25-920a-cef477e0f94b: start FollowerState
2019-09-09 18:02:13,329 [pool-419-thread-1] INFO  server.RaftServerConfigKeys (ConfUtils.java:logGet(43)) - raft.server.snapshot.auto.trigger.threshold = 10000 (custom)
2019-09-09 18:02:13,329 [pool-409-thread-1] INFO  server.RaftServerConfigKeys (ConfUtils.java:logGet(43)) - raft.server.log.statemachine.data.sync.timeout = 10s (default)
2019-09-09 18:02:13,329 [pool-419-thread-1] INFO  server.RaftServerConfigKeys (ConfUtils.java:logGet(43)) - raft.server.retrycache.expirytime = 600000ms (custom)
2019-09-09 18:02:13,329 [pool-409-thread-1] INFO  server.RaftServerConfigKeys (ConfUtils.java:logGet(43)) - raft.server.log.statemachine.data.sync.timeout.retry = -1 (default)
2019-09-09 18:02:13,337 [pool-419-thread-1] INFO  impl.RaftServerImpl (RaftServerImpl.java:start(180)) - 5424b559-d12b-44e4-a34a-b8ff23546acb: start group-E7B0D22102B3
2019-09-09 18:02:13,337 [pool-429-thread-1] INFO  util.JmxRegister (JmxRegister.java:tryRegister(44)) - Successfully registered JMX Bean with object name Ratis:service=RaftServer,group=group-E7B0D22102B3,id=1a603c78-5244-4e25-920a-cef477e0f94b
2019-09-09 18:02:13,337 [pool-419-thread-1] INFO  impl.RaftServerImpl (RaftServerImpl.java:setRole(171)) - 5424b559-d12b-44e4-a34a-b8ff23546acb:group-E7B0D22102B3 changes role from null to FOLLOWER at term 0 for startAsFollower
2019-09-09 18:02:13,337 [pool-409-thread-1] INFO  server.RaftServerConfigKeys (ConfUtils.java:logGet(43)) - raft.server.log.statemachine.data.caching.enabled = true (custom)
2019-09-09 18:02:13,337 [pool-419-thread-1] INFO  impl.RoleInfo (RoleInfo.java:updateAndGet(143)) - 5424b559-d12b-44e4-a34a-b8ff23546acb: start FollowerState
2019-09-09 18:02:13,345 [pool-409-thread-1] INFO  segmented.SegmentedRaftLogWorker (SegmentedRaftLogWorker.java:lambda$new$0(132)) - 26278548-c262-4d72-b577-3b7eb89bac6f-SegmentedRaftLogWorker:Storage Directory /workdir/hadoop-ozone/integration-test/target/test-dir/MiniOzoneClusterImpl-b5fe0712-b217-48e1-a309-931088266b0b/datanode-0/data/ratis/5a5db5b4-2ffa-47ce-abe8-e7b0d22102b3: flushIndex: setUnconditionally 0 -> -1
2019-09-09 18:02:13,345 [pool-419-thread-1] INFO  util.JmxRegister (JmxRegister.java:tryRegister(44)) - Successfully registered JMX Bean with object name Ratis:service=RaftServer,group=group-E7B0D22102B3,id=5424b559-d12b-44e4-a34a-b8ff23546acb
2019-09-09 18:02:13,345 [pool-409-thread-1] INFO  server.RaftServerConfigKeys (ConfUtils.java:logGet(43)) - raft.server.snapshot.auto.trigger.enabled = true (custom)
2019-09-09 18:02:13,345 [pool-409-thread-1] INFO  server.RaftServerConfigKeys (ConfUtils.java:logGet(43)) - raft.server.snapshot.auto.trigger.threshold = 10000 (custom)
2019-09-09 18:02:13,345 [pool-409-thread-1] INFO  server.RaftServerConfigKeys (ConfUtils.java:logGet(43)) - raft.server.retrycache.expirytime = 600000ms (custom)
2019-09-09 18:02:13,345 [pool-409-thread-1] INFO  impl.RaftServerImpl (RaftServerImpl.java:start(180)) - 26278548-c262-4d72-b577-3b7eb89bac6f: start group-E7B0D22102B3
2019-09-09 18:02:13,346 [pool-409-thread-1] INFO  impl.RaftServerImpl (RaftServerImpl.java:setRole(171)) - 26278548-c262-4d72-b577-3b7eb89bac6f:group-E7B0D22102B3 changes role from null to FOLLOWER at term 0 for startAsFollower
2019-09-09 18:02:13,346 [pool-409-thread-1] INFO  impl.RoleInfo (RoleInfo.java:updateAndGet(143)) - 26278548-c262-4d72-b577-3b7eb89bac6f: start FollowerState
2019-09-09 18:02:13,346 [pool-409-thread-1] INFO  util.JmxRegister (JmxRegister.java:tryRegister(44)) - Successfully registered JMX Bean with object name Ratis:service=RaftServer,group=group-E7B0D22102B3,id=26278548-c262-4d72-b577-3b7eb89bac6f
2019-09-09 18:02:13,348 [RatisPipelineUtilsThread] INFO  pipeline.PipelineStateManager (PipelineStateManager.java:addPipeline(56)) - Created pipeline Pipeline[ Id: 5a5db5b4-2ffa-47ce-abe8-e7b0d22102b3, Nodes: 26278548-c262-4d72-b577-3b7eb89bac6f{ip: 192.168.34.39, host: pr-hdds-2102-js77h-2988213663, networkLocation: /default-rack, certSerialId: null}5424b559-d12b-44e4-a34a-b8ff23546acb{ip: 192.168.34.39, host: pr-hdds-2102-js77h-2988213663, networkLocation: /default-rack, certSerialId: null}1a603c78-5244-4e25-920a-cef477e0f94b{ip: 192.168.34.39, host: pr-hdds-2102-js77h-2988213663, networkLocation: /default-rack, certSerialId: null}, Type:RATIS, Factor:THREE, State:OPEN]
2019-09-09 18:02:13,367 [IPC Server handler 3 on 35408] INFO  net.NetworkTopology (NetworkTopologyImpl.java:add(110)) - Added a new node: /default-rack/3f9b7ce0-873d-4f37-9274-1664d68bc8f4
2019-09-09 18:02:13,367 [IPC Server handler 3 on 35408] INFO  node.SCMNodeManager (SCMNodeManager.java:register(266)) - Registered Data node : 3f9b7ce0-873d-4f37-9274-1664d68bc8f4{ip: 192.168.34.39, host: pr-hdds-2102-js77h-2988213663, networkLocation: /default-rack, certSerialId: null}
2019-09-09 18:02:13,367 | INFO  | SCMAudit | user=jenkins1000 | ip=192.168.34.39 | op=REGISTER {datanodeDetails=3f9b7ce0-873d-4f37-9274-1664d68bc8f4{ip: 192.168.34.39, host: pr-hdds-2102-js77h-2988213663, networkLocation: /default-rack, certSerialId: null}} | ret=SUCCESS |  
2019-09-09 18:02:13,373 [grpc-default-executor-5] INFO  impl.RaftServerProxy (RaftServerProxy.java:addNew(89)) - 22c0f27d-976a-42fe-b1a0-04db584cd0ca: addNew group-E395EB3CDF20:[22c0f27d-976a-42fe-b1a0-04db584cd0ca:192.168.34.39:42331] returns group-E395EB3CDF20:java.util.concurrent.CompletableFuture@45731323[Not completed]
2019-09-09 18:02:13,374 [pool-439-thread-1] INFO  impl.RaftServerImpl (RaftServerImpl.java:<init>(93)) - 22c0f27d-976a-42fe-b1a0-04db584cd0ca: new RaftServerImpl for group-E395EB3CDF20:[22c0f27d-976a-42fe-b1a0-04db584cd0ca:192.168.34.39:42331] with ContainerStateMachine:uninitialized
2019-09-09 18:02:13,375 [pool-439-thread-1] INFO  server.RaftServerConfigKeys (ConfUtils.java:logGet(43)) - raft.server.rpc.timeout.min = 5s (custom)
2019-09-09 18:02:13,375 [pool-439-thread-1] INFO  server.RaftServerConfigKeys (ConfUtils.java:logGet(43)) - raft.server.rpc.timeout.max = 5200ms (custom)
2019-09-09 18:02:13,375 [pool-439-thread-1] INFO  server.RaftServerConfigKeys (ConfUtils.java:logGet(43)) - raft.server.rpcslowness.timeout = 120s (custom)
2019-09-09 18:02:13,375 [pool-439-thread-1] INFO  server.RaftServerConfigKeys (ConfUtils.java:logGet(43)) - raft.server.sleep.deviation.threshold = 300 (default)
2019-09-09 18:02:13,375 [pool-439-thread-1] INFO  server.RaftServerConfigKeys (ConfUtils.java:logGet(43)) - raft.server.log.appender.install.snapshot.enabled = false (custom)
2019-09-09 18:02:13,375 [pool-439-thread-1] INFO  impl.RaftServerImpl (ServerState.java:<init>(105)) - 22c0f27d-976a-42fe-b1a0-04db584cd0ca:group-E395EB3CDF20 ConfigurationManager, init=-1: [22c0f27d-976a-42fe-b1a0-04db584cd0ca:192.168.34.39:42331], old=null, confs=<EMPTY_MAP>
2019-09-09 18:02:13,376 [pool-439-thread-1] INFO  server.RaftServerConfigKeys (ConfUtils.java:logGet(43)) - raft.server.storage.dir = [/workdir/hadoop-ozone/integration-test/target/test-dir/MiniOzoneClusterImpl-b5fe0712-b217-48e1-a309-931088266b0b/datanode-3/data/ratis] (custom)
2019-09-09 18:02:13,376 [pool-439-thread-1] INFO  storage.RaftStorageDirectory (RaftStorageDirectory.java:analyzeStorage(246)) - The storage directory /workdir/hadoop-ozone/integration-test/target/test-dir/MiniOzoneClusterImpl-b5fe0712-b217-48e1-a309-931088266b0b/datanode-3/data/ratis/ef03a2d2-7939-4d67-b31c-e395eb3cdf20 does not exist. Creating ...
2019-09-09 18:02:13,389 [pool-439-thread-1] INFO  storage.RaftStorageDirectory (RaftStorageDirectory.java:tryLock(328)) - Lock on /workdir/hadoop-ozone/integration-test/target/test-dir/MiniOzoneClusterImpl-b5fe0712-b217-48e1-a309-931088266b0b/datanode-3/data/ratis/ef03a2d2-7939-4d67-b31c-e395eb3cdf20/in_use.lock acquired by nodename 2891@pr-hdds-2102-js77h-2988213663
2019-09-09 18:02:13,402 [pool-439-thread-1] INFO  storage.RaftStorage (RaftStorage.java:format(72)) - Storage directory /workdir/hadoop-ozone/integration-test/target/test-dir/MiniOzoneClusterImpl-b5fe0712-b217-48e1-a309-931088266b0b/datanode-3/data/ratis/ef03a2d2-7939-4d67-b31c-e395eb3cdf20 has been successfully formatted.
2019-09-09 18:02:13,403 [pool-439-thread-1] INFO  ratis.ContainerStateMachine (ContainerStateMachine.java:loadSnapshot(227)) - group-E395EB3CDF20: The snapshot info is null. Setting the last applied indexto:(t:0, i:~)
2019-09-09 18:02:13,403 [pool-439-thread-1] INFO  server.RaftServerConfigKeys (ConfUtils.java:logGet(43)) - raft.server.leader.election.timeout = 120s (custom)
2019-09-09 18:02:13,403 [pool-439-thread-1] INFO  server.RaftServerConfigKeys (ConfUtils.java:logGet(43)) - raft.server.log.use.memory = false (default)
2019-09-09 18:02:13,403 [pool-439-thread-1] INFO  server.RaftServerConfigKeys (ConfUtils.java:logGet(43)) - raft.server.log.purge.gap = 1000000 (custom)
2019-09-09 18:02:13,403 [pool-439-thread-1] INFO  server.RaftServerConfigKeys (ConfUtils.java:logGet(43)) - raft.server.log.appender.buffer.byte-limit = 33554432 (custom)
2019-09-09 18:02:13,403 [pool-439-thread-1] INFO  server.RaftServerConfigKeys (ConfUtils.java:logGet(43)) - raft.server.log.segment.size.max = 1048576 (custom)
2019-09-09 18:02:13,403 [pool-439-thread-1] INFO  server.RaftServerConfigKeys (ConfUtils.java:logGet(43)) - raft.server.log.segment.cache.num.max = 2 (custom)
2019-09-09 18:02:13,404 [pool-439-thread-1] INFO  segmented.SegmentedRaftLogWorker (SegmentedRaftLogWorker.java:<init>(172)) - new 22c0f27d-976a-42fe-b1a0-04db584cd0ca-SegmentedRaftLogWorker:Storage Directory /workdir/hadoop-ozone/integration-test/target/test-dir/MiniOzoneClusterImpl-b5fe0712-b217-48e1-a309-931088266b0b/datanode-3/data/ratis/ef03a2d2-7939-4d67-b31c-e395eb3cdf20 for RaftStorage:Storage Directory /workdir/hadoop-ozone/integration-test/target/test-dir/MiniOzoneClusterImpl-b5fe0712-b217-48e1-a309-931088266b0b/datanode-3/data/ratis/ef03a2d2-7939-4d67-b31c-e395eb3cdf20
2019-09-09 18:02:13,404 [pool-439-thread-1] INFO  server.RaftServerConfigKeys (ConfUtils.java:logGet(43)) - raft.server.log.queue.byte-limit = 2147483647 (custom)
2019-09-09 18:02:13,404 [pool-439-thread-1] INFO  server.RaftServerConfigKeys (ConfUtils.java:logGet(43)) - raft.server.log.queue.element-limit = 1024 (custom)
2019-09-09 18:02:13,404 [pool-439-thread-1] INFO  server.RaftServerConfigKeys (ConfUtils.java:logGet(43)) - raft.server.log.segment.size.max = 1048576 (custom)
2019-09-09 18:02:13,404 [pool-439-thread-1] INFO  server.RaftServerConfigKeys (ConfUtils.java:logGet(43)) - raft.server.log.preallocated.size = 16384 (custom)
2019-09-09 18:02:13,405 [pool-439-thread-1] INFO  server.RaftServerConfigKeys (ConfUtils.java:logGet(43)) - raft.server.log.write.buffer.size = 33554432 (custom)
2019-09-09 18:02:13,405 [pool-439-thread-1] INFO  server.RaftServerConfigKeys (ConfUtils.java:logGet(43)) - raft.server.log.force.sync.num = 128 (default)
2019-09-09 18:02:13,405 [pool-439-thread-1] INFO  server.RaftServerConfigKeys (ConfUtils.java:logGet(43)) - raft.server.log.statemachine.data.sync = true (default)
2019-09-09 18:02:13,405 [pool-439-thread-1] INFO  server.RaftServerConfigKeys (ConfUtils.java:logGet(43)) - raft.server.log.statemachine.data.sync.timeout = 10s (default)
2019-09-09 18:02:13,405 [pool-439-thread-1] INFO  server.RaftServerConfigKeys (ConfUtils.java:logGet(43)) - raft.server.log.statemachine.data.sync.timeout.retry = -1 (default)
2019-09-09 18:02:13,405 [pool-439-thread-1] INFO  server.RaftServerConfigKeys (ConfUtils.java:logGet(43)) - raft.server.log.statemachine.data.caching.enabled = true (custom)
2019-09-09 18:02:13,406 [pool-439-thread-1] INFO  segmented.SegmentedRaftLogWorker (SegmentedRaftLogWorker.java:lambda$new$0(132)) - 22c0f27d-976a-42fe-b1a0-04db584cd0ca-SegmentedRaftLogWorker:Storage Directory /workdir/hadoop-ozone/integration-test/target/test-dir/MiniOzoneClusterImpl-b5fe0712-b217-48e1-a309-931088266b0b/datanode-3/data/ratis/ef03a2d2-7939-4d67-b31c-e395eb3cdf20: flushIndex: setUnconditionally 0 -> -1
2019-09-09 18:02:13,406 [pool-439-thread-1] INFO  server.RaftServerConfigKeys (ConfUtils.java:logGet(43)) - raft.server.snapshot.auto.trigger.enabled = true (custom)
2019-09-09 18:02:13,406 [pool-439-thread-1] INFO  server.RaftServerConfigKeys (ConfUtils.java:logGet(43)) - raft.server.snapshot.auto.trigger.threshold = 10000 (custom)
2019-09-09 18:02:13,406 [pool-439-thread-1] INFO  server.RaftServerConfigKeys (ConfUtils.java:logGet(43)) - raft.server.retrycache.expirytime = 600000ms (custom)
2019-09-09 18:02:13,407 [pool-439-thread-1] INFO  impl.RaftServerImpl (RaftServerImpl.java:start(180)) - 22c0f27d-976a-42fe-b1a0-04db584cd0ca: start group-E395EB3CDF20
2019-09-09 18:02:13,407 [pool-439-thread-1] INFO  impl.RaftServerImpl (RaftServerImpl.java:setRole(171)) - 22c0f27d-976a-42fe-b1a0-04db584cd0ca:group-E395EB3CDF20 changes role from null to FOLLOWER at term 0 for startAsFollower
2019-09-09 18:02:13,407 [pool-439-thread-1] INFO  impl.RoleInfo (RoleInfo.java:updateAndGet(143)) - 22c0f27d-976a-42fe-b1a0-04db584cd0ca: start FollowerState
2019-09-09 18:02:13,407 [pool-439-thread-1] INFO  util.JmxRegister (JmxRegister.java:tryRegister(44)) - Successfully registered JMX Bean with object name Ratis:service=RaftServer,group=group-E395EB3CDF20,id=22c0f27d-976a-42fe-b1a0-04db584cd0ca
2019-09-09 18:02:13,409 [RatisPipelineUtilsThread] INFO  pipeline.PipelineStateManager (PipelineStateManager.java:addPipeline(56)) - Created pipeline Pipeline[ Id: ef03a2d2-7939-4d67-b31c-e395eb3cdf20, Nodes: 22c0f27d-976a-42fe-b1a0-04db584cd0ca{ip: 192.168.34.39, host: pr-hdds-2102-js77h-2988213663, networkLocation: /default-rack, certSerialId: null}, Type:RATIS, Factor:ONE, State:OPEN]
2019-09-09 18:02:13,416 [grpc-default-executor-5] INFO  impl.RaftServerProxy (RaftServerProxy.java:addNew(89)) - 3f9b7ce0-873d-4f37-9274-1664d68bc8f4: addNew group-BDC22D8AC698:[3f9b7ce0-873d-4f37-9274-1664d68bc8f4:192.168.34.39:44822] returns group-BDC22D8AC698:java.util.concurrent.CompletableFuture@50cfe0b5[Not completed]
2019-09-09 18:02:13,417 [pool-449-thread-1] INFO  impl.RaftServerImpl (RaftServerImpl.java:<init>(93)) - 3f9b7ce0-873d-4f37-9274-1664d68bc8f4: new RaftServerImpl for group-BDC22D8AC698:[3f9b7ce0-873d-4f37-9274-1664d68bc8f4:192.168.34.39:44822] with ContainerStateMachine:uninitialized
2019-09-09 18:02:13,417 [pool-449-thread-1] INFO  server.RaftServerConfigKeys (ConfUtils.java:logGet(43)) - raft.server.rpc.timeout.min = 5s (custom)
2019-09-09 18:02:13,417 [pool-449-thread-1] INFO  server.RaftServerConfigKeys (ConfUtils.java:logGet(43)) - raft.server.rpc.timeout.max = 5200ms (custom)
2019-09-09 18:02:13,417 [pool-449-thread-1] INFO  server.RaftServerConfigKeys (ConfUtils.java:logGet(43)) - raft.server.rpcslowness.timeout = 120s (custom)
2019-09-09 18:02:13,417 [pool-449-thread-1] INFO  server.RaftServerConfigKeys (ConfUtils.java:logGet(43)) - raft.server.sleep.deviation.threshold = 300 (default)
2019-09-09 18:02:13,417 [pool-449-thread-1] INFO  server.RaftServerConfigKeys (ConfUtils.java:logGet(43)) - raft.server.log.appender.install.snapshot.enabled = false (custom)
2019-09-09 18:02:13,417 [pool-449-thread-1] INFO  impl.RaftServerImpl (ServerState.java:<init>(105)) - 3f9b7ce0-873d-4f37-9274-1664d68bc8f4:group-BDC22D8AC698 ConfigurationManager, init=-1: [3f9b7ce0-873d-4f37-9274-1664d68bc8f4:192.168.34.39:44822], old=null, confs=<EMPTY_MAP>
2019-09-09 18:02:13,417 [pool-449-thread-1] INFO  server.RaftServerConfigKeys (ConfUtils.java:logGet(43)) - raft.server.storage.dir = [/workdir/hadoop-ozone/integration-test/target/test-dir/MiniOzoneClusterImpl-b5fe0712-b217-48e1-a309-931088266b0b/datanode-4/data/ratis] (custom)
2019-09-09 18:02:13,418 [pool-449-thread-1] INFO  storage.RaftStorageDirectory (RaftStorageDirectory.java:analyzeStorage(246)) - The storage directory /workdir/hadoop-ozone/integration-test/target/test-dir/MiniOzoneClusterImpl-b5fe0712-b217-48e1-a309-931088266b0b/datanode-4/data/ratis/72a348a1-d3c7-490a-9e11-bdc22d8ac698 does not exist. Creating ...
2019-09-09 18:02:13,425 [pool-449-thread-1] INFO  storage.RaftStorageDirectory (RaftStorageDirectory.java:tryLock(328)) - Lock on /workdir/hadoop-ozone/integration-test/target/test-dir/MiniOzoneClusterImpl-b5fe0712-b217-48e1-a309-931088266b0b/datanode-4/data/ratis/72a348a1-d3c7-490a-9e11-bdc22d8ac698/in_use.lock acquired by nodename 2891@pr-hdds-2102-js77h-2988213663
2019-09-09 18:02:13,432 [IPC Server handler 5 on 35408] INFO  net.NetworkTopology (NetworkTopologyImpl.java:add(110)) - Added a new node: /default-rack/9b543f03-5966-41d3-9881-7395d9adaa53
2019-09-09 18:02:13,432 [IPC Server handler 5 on 35408] INFO  node.SCMNodeManager (SCMNodeManager.java:register(266)) - Registered Data node : 9b543f03-5966-41d3-9881-7395d9adaa53{ip: 192.168.34.39, host: pr-hdds-2102-js77h-2988213663, networkLocation: /default-rack, certSerialId: null}
2019-09-09 18:02:13,432 | INFO  | SCMAudit | user=jenkins1000 | ip=192.168.34.39 | op=REGISTER {datanodeDetails=9b543f03-5966-41d3-9881-7395d9adaa53{ip: 192.168.34.39, host: pr-hdds-2102-js77h-2988213663, networkLocation: /default-rack, certSerialId: null}} | ret=SUCCESS |  
2019-09-09 18:02:13,435 [pool-449-thread-1] INFO  storage.RaftStorage (RaftStorage.java:format(72)) - Storage directory /workdir/hadoop-ozone/integration-test/target/test-dir/MiniOzoneClusterImpl-b5fe0712-b217-48e1-a309-931088266b0b/datanode-4/data/ratis/72a348a1-d3c7-490a-9e11-bdc22d8ac698 has been successfully formatted.
2019-09-09 18:02:13,435 [pool-449-thread-1] INFO  ratis.ContainerStateMachine (ContainerStateMachine.java:loadSnapshot(227)) - group-BDC22D8AC698: The snapshot info is null. Setting the last applied indexto:(t:0, i:~)
2019-09-09 18:02:13,435 [pool-449-thread-1] INFO  server.RaftServerConfigKeys (ConfUtils.java:logGet(43)) - raft.server.leader.election.timeout = 120s (custom)
2019-09-09 18:02:13,435 [pool-449-thread-1] INFO  server.RaftServerConfigKeys (ConfUtils.java:logGet(43)) - raft.server.log.use.memory = false (default)
2019-09-09 18:02:13,435 [pool-449-thread-1] INFO  server.RaftServerConfigKeys (ConfUtils.java:logGet(43)) - raft.server.log.purge.gap = 1000000 (custom)
2019-09-09 18:02:13,435 [pool-449-thread-1] INFO  server.RaftServerConfigKeys (ConfUtils.java:logGet(43)) - raft.server.log.appender.buffer.byte-limit = 33554432 (custom)
2019-09-09 18:02:13,436 [pool-449-thread-1] INFO  server.RaftServerConfigKeys (ConfUtils.java:logGet(43)) - raft.server.log.segment.size.max = 1048576 (custom)
2019-09-09 18:02:13,436 [pool-449-thread-1] INFO  server.RaftServerConfigKeys (ConfUtils.java:logGet(43)) - raft.server.log.segment.cache.num.max = 2 (custom)
2019-09-09 18:02:13,436 [pool-449-thread-1] INFO  segmented.SegmentedRaftLogWorker (SegmentedRaftLogWorker.java:<init>(172)) - new 3f9b7ce0-873d-4f37-9274-1664d68bc8f4-SegmentedRaftLogWorker:Storage Directory /workdir/hadoop-ozone/integration-test/target/test-dir/MiniOzoneClusterImpl-b5fe0712-b217-48e1-a309-931088266b0b/datanode-4/data/ratis/72a348a1-d3c7-490a-9e11-bdc22d8ac698 for RaftStorage:Storage Directory /workdir/hadoop-ozone/integration-test/target/test-dir/MiniOzoneClusterImpl-b5fe0712-b217-48e1-a309-931088266b0b/datanode-4/data/ratis/72a348a1-d3c7-490a-9e11-bdc22d8ac698
2019-09-09 18:02:13,436 [pool-449-thread-1] INFO  server.RaftServerConfigKeys (ConfUtils.java:logGet(43)) - raft.server.log.queue.byte-limit = 2147483647 (custom)
2019-09-09 18:02:13,436 [pool-449-thread-1] INFO  server.RaftServerConfigKeys (ConfUtils.java:logGet(43)) - raft.server.log.queue.element-limit = 1024 (custom)
2019-09-09 18:02:13,436 [pool-449-thread-1] INFO  server.RaftServerConfigKeys (ConfUtils.java:logGet(43)) - raft.server.log.segment.size.max = 1048576 (custom)
2019-09-09 18:02:13,437 [pool-449-thread-1] INFO  server.RaftServerConfigKeys (ConfUtils.java:logGet(43)) - raft.server.log.preallocated.size = 16384 (custom)
2019-09-09 18:02:13,437 [pool-449-thread-1] INFO  server.RaftServerConfigKeys (ConfUtils.java:logGet(43)) - raft.server.log.write.buffer.size = 33554432 (custom)
2019-09-09 18:02:13,437 [pool-449-thread-1] INFO  server.RaftServerConfigKeys (ConfUtils.java:logGet(43)) - raft.server.log.force.sync.num = 128 (default)
2019-09-09 18:02:13,437 [pool-449-thread-1] INFO  server.RaftServerConfigKeys (ConfUtils.java:logGet(43)) - raft.server.log.statemachine.data.sync = true (default)
2019-09-09 18:02:13,437 [pool-449-thread-1] INFO  server.RaftServerConfigKeys (ConfUtils.java:logGet(43)) - raft.server.log.statemachine.data.sync.timeout = 10s (default)
2019-09-09 18:02:13,437 [pool-449-thread-1] INFO  server.RaftServerConfigKeys (ConfUtils.java:logGet(43)) - raft.server.log.statemachine.data.sync.timeout.retry = -1 (default)
2019-09-09 18:02:13,437 [pool-449-thread-1] INFO  server.RaftServerConfigKeys (ConfUtils.java:logGet(43)) - raft.server.log.statemachine.data.caching.enabled = true (custom)
2019-09-09 18:02:13,438 [pool-449-thread-1] INFO  segmented.SegmentedRaftLogWorker (SegmentedRaftLogWorker.java:lambda$new$0(132)) - 3f9b7ce0-873d-4f37-9274-1664d68bc8f4-SegmentedRaftLogWorker:Storage Directory /workdir/hadoop-ozone/integration-test/target/test-dir/MiniOzoneClusterImpl-b5fe0712-b217-48e1-a309-931088266b0b/datanode-4/data/ratis/72a348a1-d3c7-490a-9e11-bdc22d8ac698: flushIndex: setUnconditionally 0 -> -1
2019-09-09 18:02:13,438 [pool-449-thread-1] INFO  server.RaftServerConfigKeys (ConfUtils.java:logGet(43)) - raft.server.snapshot.auto.trigger.enabled = true (custom)
2019-09-09 18:02:13,438 [pool-449-thread-1] INFO  server.RaftServerConfigKeys (ConfUtils.java:logGet(43)) - raft.server.snapshot.auto.trigger.threshold = 10000 (custom)
2019-09-09 18:02:13,438 [pool-449-thread-1] INFO  server.RaftServerConfigKeys (ConfUtils.java:logGet(43)) - raft.server.retrycache.expirytime = 600000ms (custom)
2019-09-09 18:02:13,438 [pool-449-thread-1] INFO  impl.RaftServerImpl (RaftServerImpl.java:start(180)) - 3f9b7ce0-873d-4f37-9274-1664d68bc8f4: start group-BDC22D8AC698
2019-09-09 18:02:13,438 [pool-449-thread-1] INFO  impl.RaftServerImpl (RaftServerImpl.java:setRole(171)) - 3f9b7ce0-873d-4f37-9274-1664d68bc8f4:group-BDC22D8AC698 changes role from null to FOLLOWER at term 0 for startAsFollower
2019-09-09 18:02:13,439 [pool-449-thread-1] INFO  impl.RoleInfo (RoleInfo.java:updateAndGet(143)) - 3f9b7ce0-873d-4f37-9274-1664d68bc8f4: start FollowerState
2019-09-09 18:02:13,439 [pool-449-thread-1] INFO  util.JmxRegister (JmxRegister.java:tryRegister(44)) - Successfully registered JMX Bean with object name Ratis:service=RaftServer,group=group-BDC22D8AC698,id=3f9b7ce0-873d-4f37-9274-1664d68bc8f4
2019-09-09 18:02:13,441 [RatisPipelineUtilsThread] INFO  pipeline.PipelineStateManager (PipelineStateManager.java:addPipeline(56)) - Created pipeline Pipeline[ Id: 72a348a1-d3c7-490a-9e11-bdc22d8ac698, Nodes: 3f9b7ce0-873d-4f37-9274-1664d68bc8f4{ip: 192.168.34.39, host: pr-hdds-2102-js77h-2988213663, networkLocation: /default-rack, certSerialId: null}, Type:RATIS, Factor:ONE, State:OPEN]
2019-09-09 18:02:13,447 [grpc-default-executor-5] INFO  impl.RaftServerProxy (RaftServerProxy.java:addNew(89)) - 9b543f03-5966-41d3-9881-7395d9adaa53: addNew group-FFC4BEB6F312:[9b543f03-5966-41d3-9881-7395d9adaa53:192.168.34.39:34335] returns group-FFC4BEB6F312:java.util.concurrent.CompletableFuture@219b3823[Not completed]
2019-09-09 18:02:13,447 [pool-459-thread-1] INFO  impl.RaftServerImpl (RaftServerImpl.java:<init>(93)) - 9b543f03-5966-41d3-9881-7395d9adaa53: new RaftServerImpl for group-FFC4BEB6F312:[9b543f03-5966-41d3-9881-7395d9adaa53:192.168.34.39:34335] with ContainerStateMachine:uninitialized
2019-09-09 18:02:13,448 [pool-459-thread-1] INFO  server.RaftServerConfigKeys (ConfUtils.java:logGet(43)) - raft.server.rpc.timeout.min = 5s (custom)
2019-09-09 18:02:13,448 [pool-459-thread-1] INFO  server.RaftServerConfigKeys (ConfUtils.java:logGet(43)) - raft.server.rpc.timeout.max = 5200ms (custom)
2019-09-09 18:02:13,448 [pool-459-thread-1] INFO  server.RaftServerConfigKeys (ConfUtils.java:logGet(43)) - raft.server.rpcslowness.timeout = 120s (custom)
2019-09-09 18:02:13,448 [pool-459-thread-1] INFO  server.RaftServerConfigKeys (ConfUtils.java:logGet(43)) - raft.server.sleep.deviation.threshold = 300 (default)
2019-09-09 18:02:13,448 [pool-459-thread-1] INFO  server.RaftServerConfigKeys (ConfUtils.java:logGet(43)) - raft.server.log.appender.install.snapshot.enabled = false (custom)
2019-09-09 18:02:13,448 [pool-459-thread-1] INFO  impl.RaftServerImpl (ServerState.java:<init>(105)) - 9b543f03-5966-41d3-9881-7395d9adaa53:group-FFC4BEB6F312 ConfigurationManager, init=-1: [9b543f03-5966-41d3-9881-7395d9adaa53:192.168.34.39:34335], old=null, confs=<EMPTY_MAP>
2019-09-09 18:02:13,448 [pool-459-thread-1] INFO  server.RaftServerConfigKeys (ConfUtils.java:logGet(43)) - raft.server.storage.dir = [/workdir/hadoop-ozone/integration-test/target/test-dir/MiniOzoneClusterImpl-b5fe0712-b217-48e1-a309-931088266b0b/datanode-5/data/ratis] (custom)
2019-09-09 18:02:13,449 [pool-459-thread-1] INFO  storage.RaftStorageDirectory (RaftStorageDirectory.java:analyzeStorage(246)) - The storage directory /workdir/hadoop-ozone/integration-test/target/test-dir/MiniOzoneClusterImpl-b5fe0712-b217-48e1-a309-931088266b0b/datanode-5/data/ratis/1347c99e-4c18-461d-be30-ffc4beb6f312 does not exist. Creating ...
2019-09-09 18:02:13,461 [pool-459-thread-1] INFO  storage.RaftStorageDirectory (RaftStorageDirectory.java:tryLock(328)) - Lock on /workdir/hadoop-ozone/integration-test/target/test-dir/MiniOzoneClusterImpl-b5fe0712-b217-48e1-a309-931088266b0b/datanode-5/data/ratis/1347c99e-4c18-461d-be30-ffc4beb6f312/in_use.lock acquired by nodename 2891@pr-hdds-2102-js77h-2988213663
2019-09-09 18:02:13,485 [pool-459-thread-1] INFO  storage.RaftStorage (RaftStorage.java:format(72)) - Storage directory /workdir/hadoop-ozone/integration-test/target/test-dir/MiniOzoneClusterImpl-b5fe0712-b217-48e1-a309-931088266b0b/datanode-5/data/ratis/1347c99e-4c18-461d-be30-ffc4beb6f312 has been successfully formatted.
2019-09-09 18:02:13,485 [pool-459-thread-1] INFO  ratis.ContainerStateMachine (ContainerStateMachine.java:loadSnapshot(227)) - group-FFC4BEB6F312: The snapshot info is null. Setting the last applied indexto:(t:0, i:~)
2019-09-09 18:02:13,485 [pool-459-thread-1] INFO  server.RaftServerConfigKeys (ConfUtils.java:logGet(43)) - raft.server.leader.election.timeout = 120s (custom)
2019-09-09 18:02:13,486 [pool-459-thread-1] INFO  server.RaftServerConfigKeys (ConfUtils.java:logGet(43)) - raft.server.log.use.memory = false (default)
2019-09-09 18:02:13,486 [pool-459-thread-1] INFO  server.RaftServerConfigKeys (ConfUtils.java:logGet(43)) - raft.server.log.purge.gap = 1000000 (custom)
2019-09-09 18:02:13,486 [pool-459-thread-1] INFO  server.RaftServerConfigKeys (ConfUtils.java:logGet(43)) - raft.server.log.appender.buffer.byte-limit = 33554432 (custom)
2019-09-09 18:02:13,486 [pool-459-thread-1] INFO  server.RaftServerConfigKeys (ConfUtils.java:logGet(43)) - raft.server.log.segment.size.max = 1048576 (custom)
2019-09-09 18:02:13,486 [pool-459-thread-1] INFO  server.RaftServerConfigKeys (ConfUtils.java:logGet(43)) - raft.server.log.segment.cache.num.max = 2 (custom)
2019-09-09 18:02:13,486 [pool-459-thread-1] INFO  segmented.SegmentedRaftLogWorker (SegmentedRaftLogWorker.java:<init>(172)) - new 9b543f03-5966-41d3-9881-7395d9adaa53-SegmentedRaftLogWorker:Storage Directory /workdir/hadoop-ozone/integration-test/target/test-dir/MiniOzoneClusterImpl-b5fe0712-b217-48e1-a309-931088266b0b/datanode-5/data/ratis/1347c99e-4c18-461d-be30-ffc4beb6f312 for RaftStorage:Storage Directory /workdir/hadoop-ozone/integration-test/target/test-dir/MiniOzoneClusterImpl-b5fe0712-b217-48e1-a309-931088266b0b/datanode-5/data/ratis/1347c99e-4c18-461d-be30-ffc4beb6f312
2019-09-09 18:02:13,487 [pool-459-thread-1] INFO  server.RaftServerConfigKeys (ConfUtils.java:logGet(43)) - raft.server.log.queue.byte-limit = 2147483647 (custom)
2019-09-09 18:02:13,487 [pool-459-thread-1] INFO  server.RaftServerConfigKeys (ConfUtils.java:logGet(43)) - raft.server.log.queue.element-limit = 1024 (custom)
2019-09-09 18:02:13,487 [pool-459-thread-1] INFO  server.RaftServerConfigKeys (ConfUtils.java:logGet(43)) - raft.server.log.segment.size.max = 1048576 (custom)
2019-09-09 18:02:13,487 [pool-459-thread-1] INFO  server.RaftServerConfigKeys (ConfUtils.java:logGet(43)) - raft.server.log.preallocated.size = 16384 (custom)
2019-09-09 18:02:13,487 [pool-459-thread-1] INFO  server.RaftServerConfigKeys (ConfUtils.java:logGet(43)) - raft.server.log.write.buffer.size = 33554432 (custom)
2019-09-09 18:02:13,487 [pool-459-thread-1] INFO  server.RaftServerConfigKeys (ConfUtils.java:logGet(43)) - raft.server.log.force.sync.num = 128 (default)
2019-09-09 18:02:13,488 [pool-459-thread-1] INFO  server.RaftServerConfigKeys (ConfUtils.java:logGet(43)) - raft.server.log.statemachine.data.sync = true (default)
2019-09-09 18:02:13,488 [pool-459-thread-1] INFO  server.RaftServerConfigKeys (ConfUtils.java:logGet(43)) - raft.server.log.statemachine.data.sync.timeout = 10s (default)
2019-09-09 18:02:13,488 [pool-459-thread-1] INFO  server.RaftServerConfigKeys (ConfUtils.java:logGet(43)) - raft.server.log.statemachine.data.sync.timeout.retry = -1 (default)
2019-09-09 18:02:13,488 [pool-459-thread-1] INFO  server.RaftServerConfigKeys (ConfUtils.java:logGet(43)) - raft.server.log.statemachine.data.caching.enabled = true (custom)
2019-09-09 18:02:13,489 [pool-459-thread-1] INFO  segmented.SegmentedRaftLogWorker (SegmentedRaftLogWorker.java:lambda$new$0(132)) - 9b543f03-5966-41d3-9881-7395d9adaa53-SegmentedRaftLogWorker:Storage Directory /workdir/hadoop-ozone/integration-test/target/test-dir/MiniOzoneClusterImpl-b5fe0712-b217-48e1-a309-931088266b0b/datanode-5/data/ratis/1347c99e-4c18-461d-be30-ffc4beb6f312: flushIndex: setUnconditionally 0 -> -1
2019-09-09 18:02:13,489 [pool-459-thread-1] INFO  server.RaftServerConfigKeys (ConfUtils.java:logGet(43)) - raft.server.snapshot.auto.trigger.enabled = true (custom)
2019-09-09 18:02:13,489 [pool-459-thread-1] INFO  server.RaftServerConfigKeys (ConfUtils.java:logGet(43)) - raft.server.snapshot.auto.trigger.threshold = 10000 (custom)
2019-09-09 18:02:13,489 [pool-459-thread-1] INFO  server.RaftServerConfigKeys (ConfUtils.java:logGet(43)) - raft.server.retrycache.expirytime = 600000ms (custom)
2019-09-09 18:02:13,489 [pool-459-thread-1] INFO  impl.RaftServerImpl (RaftServerImpl.java:start(180)) - 9b543f03-5966-41d3-9881-7395d9adaa53: start group-FFC4BEB6F312
2019-09-09 18:02:13,489 [pool-459-thread-1] INFO  impl.RaftServerImpl (RaftServerImpl.java:setRole(171)) - 9b543f03-5966-41d3-9881-7395d9adaa53:group-FFC4BEB6F312 changes role from null to FOLLOWER at term 0 for startAsFollower
2019-09-09 18:02:13,490 [pool-459-thread-1] INFO  impl.RoleInfo (RoleInfo.java:updateAndGet(143)) - 9b543f03-5966-41d3-9881-7395d9adaa53: start FollowerState
2019-09-09 18:02:13,490 [pool-459-thread-1] INFO  util.JmxRegister (JmxRegister.java:tryRegister(44)) - Successfully registered JMX Bean with object name Ratis:service=RaftServer,group=group-FFC4BEB6F312,id=9b543f03-5966-41d3-9881-7395d9adaa53
2019-09-09 18:02:13,492 [RatisPipelineUtilsThread] INFO  pipeline.PipelineStateManager (PipelineStateManager.java:addPipeline(56)) - Created pipeline Pipeline[ Id: 1347c99e-4c18-461d-be30-ffc4beb6f312, Nodes: 9b543f03-5966-41d3-9881-7395d9adaa53{ip: 192.168.34.39, host: pr-hdds-2102-js77h-2988213663, networkLocation: /default-rack, certSerialId: null}, Type:RATIS, Factor:ONE, State:OPEN]
2019-09-09 18:02:13,504 [grpc-default-executor-3] INFO  impl.RaftServerProxy (RaftServerProxy.java:addNew(89)) - 9b543f03-5966-41d3-9881-7395d9adaa53: addNew group-A83FDD0C593A:[3f9b7ce0-873d-4f37-9274-1664d68bc8f4:192.168.34.39:44822, 22c0f27d-976a-42fe-b1a0-04db584cd0ca:192.168.34.39:42331, 9b543f03-5966-41d3-9881-7395d9adaa53:192.168.34.39:34335] returns group-A83FDD0C593A:java.util.concurrent.CompletableFuture@1dab1a54[Not completed]
2019-09-09 18:02:13,505 [grpc-default-executor-7] INFO  impl.RaftServerProxy (RaftServerProxy.java:addNew(89)) - 3f9b7ce0-873d-4f37-9274-1664d68bc8f4: addNew group-A83FDD0C593A:[3f9b7ce0-873d-4f37-9274-1664d68bc8f4:192.168.34.39:44822, 22c0f27d-976a-42fe-b1a0-04db584cd0ca:192.168.34.39:42331, 9b543f03-5966-41d3-9881-7395d9adaa53:192.168.34.39:34335] returns group-A83FDD0C593A:java.util.concurrent.CompletableFuture@1a6fab0[Not completed]
2019-09-09 18:02:13,505 [grpc-default-executor-5] INFO  impl.RaftServerProxy (RaftServerProxy.java:addNew(89)) - 22c0f27d-976a-42fe-b1a0-04db584cd0ca: addNew group-A83FDD0C593A:[3f9b7ce0-873d-4f37-9274-1664d68bc8f4:192.168.34.39:44822, 22c0f27d-976a-42fe-b1a0-04db584cd0ca:192.168.34.39:42331, 9b543f03-5966-41d3-9881-7395d9adaa53:192.168.34.39:34335] returns group-A83FDD0C593A:java.util.concurrent.CompletableFuture@4317b08d[Not completed]
2019-09-09 18:02:13,505 [pool-459-thread-1] INFO  impl.RaftServerImpl (RaftServerImpl.java:<init>(93)) - 9b543f03-5966-41d3-9881-7395d9adaa53: new RaftServerImpl for group-A83FDD0C593A:[3f9b7ce0-873d-4f37-9274-1664d68bc8f4:192.168.34.39:44822, 22c0f27d-976a-42fe-b1a0-04db584cd0ca:192.168.34.39:42331, 9b543f03-5966-41d3-9881-7395d9adaa53:192.168.34.39:34335] with ContainerStateMachine:uninitialized
2019-09-09 18:02:13,506 [pool-459-thread-1] INFO  server.RaftServerConfigKeys (ConfUtils.java:logGet(43)) - raft.server.rpc.timeout.min = 5s (custom)
2019-09-09 18:02:13,506 [pool-459-thread-1] INFO  server.RaftServerConfigKeys (ConfUtils.java:logGet(43)) - raft.server.rpc.timeout.max = 5200ms (custom)
2019-09-09 18:02:13,506 [pool-459-thread-1] INFO  server.RaftServerConfigKeys (ConfUtils.java:logGet(43)) - raft.server.rpcslowness.timeout = 120s (custom)
2019-09-09 18:02:13,506 [pool-459-thread-1] INFO  server.RaftServerConfigKeys (ConfUtils.java:logGet(43)) - raft.server.sleep.deviation.threshold = 300 (default)
2019-09-09 18:02:13,506 [pool-439-thread-1] INFO  impl.RaftServerImpl (RaftServerImpl.java:<init>(93)) - 22c0f27d-976a-42fe-b1a0-04db584cd0ca: new RaftServerImpl for group-A83FDD0C593A:[3f9b7ce0-873d-4f37-9274-1664d68bc8f4:192.168.34.39:44822, 22c0f27d-976a-42fe-b1a0-04db584cd0ca:192.168.34.39:42331, 9b543f03-5966-41d3-9881-7395d9adaa53:192.168.34.39:34335] with ContainerStateMachine:uninitialized
2019-09-09 18:02:13,506 [pool-459-thread-1] INFO  server.RaftServerConfigKeys (ConfUtils.java:logGet(43)) - raft.server.log.appender.install.snapshot.enabled = false (custom)
2019-09-09 18:02:13,506 [pool-439-thread-1] INFO  server.RaftServerConfigKeys (ConfUtils.java:logGet(43)) - raft.server.rpc.timeout.min = 5s (custom)
2019-09-09 18:02:13,506 [pool-459-thread-1] INFO  impl.RaftServerImpl (ServerState.java:<init>(105)) - 9b543f03-5966-41d3-9881-7395d9adaa53:group-A83FDD0C593A ConfigurationManager, init=-1: [3f9b7ce0-873d-4f37-9274-1664d68bc8f4:192.168.34.39:44822, 22c0f27d-976a-42fe-b1a0-04db584cd0ca:192.168.34.39:42331, 9b543f03-5966-41d3-9881-7395d9adaa53:192.168.34.39:34335], old=null, confs=<EMPTY_MAP>
2019-09-09 18:02:13,506 [pool-449-thread-1] INFO  impl.RaftServerImpl (RaftServerImpl.java:<init>(93)) - 3f9b7ce0-873d-4f37-9274-1664d68bc8f4: new RaftServerImpl for group-A83FDD0C593A:[3f9b7ce0-873d-4f37-9274-1664d68bc8f4:192.168.34.39:44822, 22c0f27d-976a-42fe-b1a0-04db584cd0ca:192.168.34.39:42331, 9b543f03-5966-41d3-9881-7395d9adaa53:192.168.34.39:34335] with ContainerStateMachine:uninitialized
2019-09-09 18:02:13,507 [pool-459-thread-1] INFO  server.RaftServerConfigKeys (ConfUtils.java:logGet(43)) - raft.server.storage.dir = [/workdir/hadoop-ozone/integration-test/target/test-dir/MiniOzoneClusterImpl-b5fe0712-b217-48e1-a309-931088266b0b/datanode-5/data/ratis] (custom)
2019-09-09 18:02:13,506 [pool-439-thread-1] INFO  server.RaftServerConfigKeys (ConfUtils.java:logGet(43)) - raft.server.rpc.timeout.max = 5200ms (custom)
2019-09-09 18:02:13,507 [pool-449-thread-1] INFO  server.RaftServerConfigKeys (ConfUtils.java:logGet(43)) - raft.server.rpc.timeout.min = 5s (custom)
2019-09-09 18:02:13,507 [pool-439-thread-1] INFO  server.RaftServerConfigKeys (ConfUtils.java:logGet(43)) - raft.server.rpcslowness.timeout = 120s (custom)
2019-09-09 18:02:13,507 [pool-459-thread-1] INFO  storage.RaftStorageDirectory (RaftStorageDirectory.java:analyzeStorage(246)) - The storage directory /workdir/hadoop-ozone/integration-test/target/test-dir/MiniOzoneClusterImpl-b5fe0712-b217-48e1-a309-931088266b0b/datanode-5/data/ratis/89599edb-5fd1-4c9a-a702-a83fdd0c593a does not exist. Creating ...
2019-09-09 18:02:13,507 [pool-449-thread-1] INFO  server.RaftServerConfigKeys (ConfUtils.java:logGet(43)) - raft.server.rpc.timeout.max = 5200ms (custom)
2019-09-09 18:02:13,507 [pool-439-thread-1] INFO  server.RaftServerConfigKeys (ConfUtils.java:logGet(43)) - raft.server.sleep.deviation.threshold = 300 (default)
2019-09-09 18:02:13,508 [pool-449-thread-1] INFO  server.RaftServerConfigKeys (ConfUtils.java:logGet(43)) - raft.server.rpcslowness.timeout = 120s (custom)
2019-09-09 18:02:13,508 [pool-439-thread-1] INFO  server.RaftServerConfigKeys (ConfUtils.java:logGet(43)) - raft.server.log.appender.install.snapshot.enabled = false (custom)
2019-09-09 18:02:13,508 [pool-449-thread-1] INFO  server.RaftServerConfigKeys (ConfUtils.java:logGet(43)) - raft.server.sleep.deviation.threshold = 300 (default)
2019-09-09 18:02:13,508 [pool-439-thread-1] INFO  impl.RaftServerImpl (ServerState.java:<init>(105)) - 22c0f27d-976a-42fe-b1a0-04db584cd0ca:group-A83FDD0C593A ConfigurationManager, init=-1: [3f9b7ce0-873d-4f37-9274-1664d68bc8f4:192.168.34.39:44822, 22c0f27d-976a-42fe-b1a0-04db584cd0ca:192.168.34.39:42331, 9b543f03-5966-41d3-9881-7395d9adaa53:192.168.34.39:34335], old=null, confs=<EMPTY_MAP>
2019-09-09 18:02:13,508 [pool-449-thread-1] INFO  server.RaftServerConfigKeys (ConfUtils.java:logGet(43)) - raft.server.log.appender.install.snapshot.enabled = false (custom)
2019-09-09 18:02:13,508 [pool-439-thread-1] INFO  server.RaftServerConfigKeys (ConfUtils.java:logGet(43)) - raft.server.storage.dir = [/workdir/hadoop-ozone/integration-test/target/test-dir/MiniOzoneClusterImpl-b5fe0712-b217-48e1-a309-931088266b0b/datanode-3/data/ratis] (custom)
2019-09-09 18:02:13,508 [pool-449-thread-1] INFO  impl.RaftServerImpl (ServerState.java:<init>(105)) - 3f9b7ce0-873d-4f37-9274-1664d68bc8f4:group-A83FDD0C593A ConfigurationManager, init=-1: [3f9b7ce0-873d-4f37-9274-1664d68bc8f4:192.168.34.39:44822, 22c0f27d-976a-42fe-b1a0-04db584cd0ca:192.168.34.39:42331, 9b543f03-5966-41d3-9881-7395d9adaa53:192.168.34.39:34335], old=null, confs=<EMPTY_MAP>
2019-09-09 18:02:13,508 [pool-449-thread-1] INFO  server.RaftServerConfigKeys (ConfUtils.java:logGet(43)) - raft.server.storage.dir = [/workdir/hadoop-ozone/integration-test/target/test-dir/MiniOzoneClusterImpl-b5fe0712-b217-48e1-a309-931088266b0b/datanode-4/data/ratis] (custom)
2019-09-09 18:02:13,508 [pool-439-thread-1] INFO  storage.RaftStorageDirectory (RaftStorageDirectory.java:analyzeStorage(246)) - The storage directory /workdir/hadoop-ozone/integration-test/target/test-dir/MiniOzoneClusterImpl-b5fe0712-b217-48e1-a309-931088266b0b/datanode-3/data/ratis/89599edb-5fd1-4c9a-a702-a83fdd0c593a does not exist. Creating ...
2019-09-09 18:02:13,509 [pool-449-thread-1] INFO  storage.RaftStorageDirectory (RaftStorageDirectory.java:analyzeStorage(246)) - The storage directory /workdir/hadoop-ozone/integration-test/target/test-dir/MiniOzoneClusterImpl-b5fe0712-b217-48e1-a309-931088266b0b/datanode-4/data/ratis/89599edb-5fd1-4c9a-a702-a83fdd0c593a does not exist. Creating ...
2019-09-09 18:02:13,511 [IPC Server handler 4 on 35408] INFO  net.NetworkTopology (NetworkTopologyImpl.java:add(110)) - Added a new node: /default-rack/ce295d13-7a4e-42d1-ae50-4896c2bb59ac
2019-09-09 18:02:13,511 [IPC Server handler 4 on 35408] INFO  node.SCMNodeManager (SCMNodeManager.java:register(266)) - Registered Data node : ce295d13-7a4e-42d1-ae50-4896c2bb59ac{ip: 192.168.34.39, host: pr-hdds-2102-js77h-2988213663, networkLocation: /default-rack, certSerialId: null}
2019-09-09 18:02:13,512 [main] INFO  ozone.MiniOzoneClusterImpl (MiniOzoneClusterImpl.java:lambda$waitForClusterToBeReady$0(140)) - Cluster is ready. Got 7 of 7 DN Heartbeats.
2019-09-09 18:02:13,512 | INFO  | SCMAudit | user=jenkins1000 | ip=192.168.34.39 | op=REGISTER {datanodeDetails=ce295d13-7a4e-42d1-ae50-4896c2bb59ac{ip: 192.168.34.39, host: pr-hdds-2102-js77h-2988213663, networkLocation: /default-rack, certSerialId: null}} | ret=SUCCESS |  
2019-09-09 18:02:13,522 [pool-439-thread-1] INFO  storage.RaftStorageDirectory (RaftStorageDirectory.java:tryLock(328)) - Lock on /workdir/hadoop-ozone/integration-test/target/test-dir/MiniOzoneClusterImpl-b5fe0712-b217-48e1-a309-931088266b0b/datanode-3/data/ratis/89599edb-5fd1-4c9a-a702-a83fdd0c593a/in_use.lock acquired by nodename 2891@pr-hdds-2102-js77h-2988213663
2019-09-09 18:02:13,522 [pool-459-thread-1] INFO  storage.RaftStorageDirectory (RaftStorageDirectory.java:tryLock(328)) - Lock on /workdir/hadoop-ozone/integration-test/target/test-dir/MiniOzoneClusterImpl-b5fe0712-b217-48e1-a309-931088266b0b/datanode-5/data/ratis/89599edb-5fd1-4c9a-a702-a83fdd0c593a/in_use.lock acquired by nodename 2891@pr-hdds-2102-js77h-2988213663
2019-09-09 18:02:13,522 [pool-449-thread-1] INFO  storage.RaftStorageDirectory (RaftStorageDirectory.java:tryLock(328)) - Lock on /workdir/hadoop-ozone/integration-test/target/test-dir/MiniOzoneClusterImpl-b5fe0712-b217-48e1-a309-931088266b0b/datanode-4/data/ratis/89599edb-5fd1-4c9a-a702-a83fdd0c593a/in_use.lock acquired by nodename 2891@pr-hdds-2102-js77h-2988213663
2019-09-09 18:02:13,535 [pool-459-thread-1] INFO  storage.RaftStorage (RaftStorage.java:format(72)) - Storage directory /workdir/hadoop-ozone/integration-test/target/test-dir/MiniOzoneClusterImpl-b5fe0712-b217-48e1-a309-931088266b0b/datanode-5/data/ratis/89599edb-5fd1-4c9a-a702-a83fdd0c593a has been successfully formatted.
2019-09-09 18:02:13,535 [pool-439-thread-1] INFO  storage.RaftStorage (RaftStorage.java:format(72)) - Storage directory /workdir/hadoop-ozone/integration-test/target/test-dir/MiniOzoneClusterImpl-b5fe0712-b217-48e1-a309-931088266b0b/datanode-3/data/ratis/89599edb-5fd1-4c9a-a702-a83fdd0c593a has been successfully formatted.
2019-09-09 18:02:13,536 [pool-459-thread-1] INFO  ratis.ContainerStateMachine (ContainerStateMachine.java:loadSnapshot(227)) - group-A83FDD0C593A: The snapshot info is null. Setting the last applied indexto:(t:0, i:~)
2019-09-09 18:02:13,536 [pool-439-thread-1] INFO  ratis.ContainerStateMachine (ContainerStateMachine.java:loadSnapshot(227)) - group-A83FDD0C593A: The snapshot info is null. Setting the last applied indexto:(t:0, i:~)
2019-09-09 18:02:13,536 [pool-459-thread-1] INFO  server.RaftServerConfigKeys (ConfUtils.java:logGet(43)) - raft.server.leader.election.timeout = 120s (custom)
2019-09-09 18:02:13,536 [pool-439-thread-1] INFO  server.RaftServerConfigKeys (ConfUtils.java:logGet(43)) - raft.server.leader.election.timeout = 120s (custom)
2019-09-09 18:02:13,536 [pool-459-thread-1] INFO  server.RaftServerConfigKeys (ConfUtils.java:logGet(43)) - raft.server.log.use.memory = false (default)
2019-09-09 18:02:13,536 [pool-439-thread-1] INFO  server.RaftServerConfigKeys (ConfUtils.java:logGet(43)) - raft.server.log.use.memory = false (default)
2019-09-09 18:02:13,536 [pool-459-thread-1] INFO  server.RaftServerConfigKeys (ConfUtils.java:logGet(43)) - raft.server.log.purge.gap = 1000000 (custom)
2019-09-09 18:02:13,536 [pool-439-thread-1] INFO  server.RaftServerConfigKeys (ConfUtils.java:logGet(43)) - raft.server.log.purge.gap = 1000000 (custom)
2019-09-09 18:02:13,537 [main] INFO  rpc.RpcClient (RpcClient.java:createVolume(293)) - Creating Volume: testblockoutputstream, with jenkins1000 as owner.
2019-09-09 18:02:13,537 [pool-439-thread-1] INFO  server.RaftServerConfigKeys (ConfUtils.java:logGet(43)) - raft.server.log.appender.buffer.byte-limit = 33554432 (custom)
2019-09-09 18:02:13,537 [pool-459-thread-1] INFO  server.RaftServerConfigKeys (ConfUtils.java:logGet(43)) - raft.server.log.appender.buffer.byte-limit = 33554432 (custom)
2019-09-09 18:02:13,537 [pool-439-thread-1] INFO  server.RaftServerConfigKeys (ConfUtils.java:logGet(43)) - raft.server.log.segment.size.max = 1048576 (custom)
2019-09-09 18:02:13,537 [pool-459-thread-1] INFO  server.RaftServerConfigKeys (ConfUtils.java:logGet(43)) - raft.server.log.segment.size.max = 1048576 (custom)
2019-09-09 18:02:13,537 [pool-439-thread-1] INFO  server.RaftServerConfigKeys (ConfUtils.java:logGet(43)) - raft.server.log.segment.cache.num.max = 2 (custom)
2019-09-09 18:02:13,537 [pool-459-thread-1] INFO  server.RaftServerConfigKeys (ConfUtils.java:logGet(43)) - raft.server.log.segment.cache.num.max = 2 (custom)
2019-09-09 18:02:13,538 [pool-439-thread-1] INFO  segmented.SegmentedRaftLogWorker (SegmentedRaftLogWorker.java:<init>(172)) - new 22c0f27d-976a-42fe-b1a0-04db584cd0ca-SegmentedRaftLogWorker:Storage Directory /workdir/hadoop-ozone/integration-test/target/test-dir/MiniOzoneClusterImpl-b5fe0712-b217-48e1-a309-931088266b0b/datanode-3/data/ratis/89599edb-5fd1-4c9a-a702-a83fdd0c593a for RaftStorage:Storage Directory /workdir/hadoop-ozone/integration-test/target/test-dir/MiniOzoneClusterImpl-b5fe0712-b217-48e1-a309-931088266b0b/datanode-3/data/ratis/89599edb-5fd1-4c9a-a702-a83fdd0c593a
2019-09-09 18:02:13,538 [pool-459-thread-1] INFO  segmented.SegmentedRaftLogWorker (SegmentedRaftLogWorker.java:<init>(172)) - new 9b543f03-5966-41d3-9881-7395d9adaa53-SegmentedRaftLogWorker:Storage Directory /workdir/hadoop-ozone/integration-test/target/test-dir/MiniOzoneClusterImpl-b5fe0712-b217-48e1-a309-931088266b0b/datanode-5/data/ratis/89599edb-5fd1-4c9a-a702-a83fdd0c593a for RaftStorage:Storage Directory /workdir/hadoop-ozone/integration-test/target/test-dir/MiniOzoneClusterImpl-b5fe0712-b217-48e1-a309-931088266b0b/datanode-5/data/ratis/89599edb-5fd1-4c9a-a702-a83fdd0c593a
2019-09-09 18:02:13,538 [pool-439-thread-1] INFO  server.RaftServerConfigKeys (ConfUtils.java:logGet(43)) - raft.server.log.queue.byte-limit = 2147483647 (custom)
2019-09-09 18:02:13,538 [pool-459-thread-1] INFO  server.RaftServerConfigKeys (ConfUtils.java:logGet(43)) - raft.server.log.queue.byte-limit = 2147483647 (custom)
2019-09-09 18:02:13,538 [pool-439-thread-1] INFO  server.RaftServerConfigKeys (ConfUtils.java:logGet(43)) - raft.server.log.queue.element-limit = 1024 (custom)
2019-09-09 18:02:13,538 | INFO  | OMAudit | user=jenkins1000 | ip=127.0.0.1 | op=CREATE_VOLUME {admin=jenkins1000, owner=jenkins1000, volume=testblockoutputstream, creationTime=1568052133538, quotaInBytes=1152921504606846976} | ret=SUCCESS |  
2019-09-09 18:02:13,538 [pool-459-thread-1] INFO  server.RaftServerConfigKeys (ConfUtils.java:logGet(43)) - raft.server.log.queue.element-limit = 1024 (custom)
2019-09-09 18:02:13,538 [pool-439-thread-1] INFO  server.RaftServerConfigKeys (ConfUtils.java:logGet(43)) - raft.server.log.segment.size.max = 1048576 (custom)
2019-09-09 18:02:13,540 [pool-459-thread-1] INFO  server.RaftServerConfigKeys (ConfUtils.java:logGet(43)) - raft.server.log.segment.size.max = 1048576 (custom)
2019-09-09 18:02:13,540 [pool-439-thread-1] INFO  server.RaftServerConfigKeys (ConfUtils.java:logGet(43)) - raft.server.log.preallocated.size = 16384 (custom)
2019-09-09 18:02:13,540 [pool-459-thread-1] INFO  server.RaftServerConfigKeys (ConfUtils.java:logGet(43)) - raft.server.log.preallocated.size = 16384 (custom)
2019-09-09 18:02:13,541 [pool-439-thread-1] INFO  server.RaftServerConfigKeys (ConfUtils.java:logGet(43)) - raft.server.log.write.buffer.size = 33554432 (custom)
2019-09-09 18:02:13,541 [pool-459-thread-1] INFO  server.RaftServerConfigKeys (ConfUtils.java:logGet(43)) - raft.server.log.write.buffer.size = 33554432 (custom)
2019-09-09 18:02:13,541 [pool-439-thread-1] INFO  server.RaftServerConfigKeys (ConfUtils.java:logGet(43)) - raft.server.log.force.sync.num = 128 (default)
2019-09-09 18:02:13,541 [pool-459-thread-1] INFO  server.RaftServerConfigKeys (ConfUtils.java:logGet(43)) - raft.server.log.force.sync.num = 128 (default)
2019-09-09 18:02:13,547 | INFO  | OMAudit | user=jenkins1000 | ip=127.0.0.1 | op=READ_VOLUME {volume=testblockoutputstream} | ret=SUCCESS |  
2019-09-09 18:02:13,545 [pool-439-thread-1] INFO  server.RaftServerConfigKeys (ConfUtils.java:logGet(43)) - raft.server.log.statemachine.data.sync = true (default)
2019-09-09 18:02:13,547 [pool-459-thread-1] INFO  server.RaftServerConfigKeys (ConfUtils.java:logGet(43)) - raft.server.log.statemachine.data.sync = true (default)
2019-09-09 18:02:13,547 [pool-439-thread-1] INFO  server.RaftServerConfigKeys (ConfUtils.java:logGet(43)) - raft.server.log.statemachine.data.sync.timeout = 10s (default)
2019-09-09 18:02:13,547 [pool-459-thread-1] INFO  server.RaftServerConfigKeys (ConfUtils.java:logGet(43)) - raft.server.log.statemachine.data.sync.timeout = 10s (default)
2019-09-09 18:02:13,547 [pool-439-thread-1] INFO  server.RaftServerConfigKeys (ConfUtils.java:logGet(43)) - raft.server.log.statemachine.data.sync.timeout.retry = -1 (default)
2019-09-09 18:02:13,548 [main] INFO  rpc.RpcClient (RpcClient.java:createBucket(432)) - Creating Bucket: testblockoutputstream/testblockoutputstream, with Versioning false and Storage Type set to DISK and Encryption set to false 
2019-09-09 18:02:13,548 [pool-459-thread-1] INFO  server.RaftServerConfigKeys (ConfUtils.java:logGet(43)) - raft.server.log.statemachine.data.sync.timeout.retry = -1 (default)
2019-09-09 18:02:13,548 [pool-439-thread-1] INFO  server.RaftServerConfigKeys (ConfUtils.java:logGet(43)) - raft.server.log.statemachine.data.caching.enabled = true (custom)
2019-09-09 18:02:13,548 [pool-459-thread-1] INFO  server.RaftServerConfigKeys (ConfUtils.java:logGet(43)) - raft.server.log.statemachine.data.caching.enabled = true (custom)
2019-09-09 18:02:13,556 [pool-439-thread-1] INFO  segmented.SegmentedRaftLogWorker (SegmentedRaftLogWorker.java:lambda$new$0(132)) - 22c0f27d-976a-42fe-b1a0-04db584cd0ca-SegmentedRaftLogWorker:Storage Directory /workdir/hadoop-ozone/integration-test/target/test-dir/MiniOzoneClusterImpl-b5fe0712-b217-48e1-a309-931088266b0b/datanode-3/data/ratis/89599edb-5fd1-4c9a-a702-a83fdd0c593a: flushIndex: setUnconditionally 0 -> -1
2019-09-09 18:02:13,556 | INFO  | OMAudit | user=jenkins1000 | ip=127.0.0.1 | op=CREATE_BUCKET {volume=testblockoutputstream, bucket=testblockoutputstream, acls=[user:jenkins1000:a[ACCESS], group:default:a[ACCESS]], isVersionEnabled=false, storageType=DISK, creationTime=0} | ret=SUCCESS |  
2019-09-09 18:02:13,556 [pool-459-thread-1] INFO  segmented.SegmentedRaftLogWorker (SegmentedRaftLogWorker.java:lambda$new$0(132)) - 9b543f03-5966-41d3-9881-7395d9adaa53-SegmentedRaftLogWorker:Storage Directory /workdir/hadoop-ozone/integration-test/target/test-dir/MiniOzoneClusterImpl-b5fe0712-b217-48e1-a309-931088266b0b/datanode-5/data/ratis/89599edb-5fd1-4c9a-a702-a83fdd0c593a: flushIndex: setUnconditionally 0 -> -1
2019-09-09 18:02:13,556 [pool-439-thread-1] INFO  server.RaftServerConfigKeys (ConfUtils.java:logGet(43)) - raft.server.snapshot.auto.trigger.enabled = true (custom)
2019-09-09 18:02:13,556 [pool-459-thread-1] INFO  server.RaftServerConfigKeys (ConfUtils.java:logGet(43)) - raft.server.snapshot.auto.trigger.enabled = true (custom)
2019-09-09 18:02:13,556 [pool-439-thread-1] INFO  server.RaftServerConfigKeys (ConfUtils.java:logGet(43)) - raft.server.snapshot.auto.trigger.threshold = 10000 (custom)
2019-09-09 18:02:13,556 [pool-449-thread-1] INFO  storage.RaftStorage (RaftStorage.java:format(72)) - Storage directory /workdir/hadoop-ozone/integration-test/target/test-dir/MiniOzoneClusterImpl-b5fe0712-b217-48e1-a309-931088266b0b/datanode-4/data/ratis/89599edb-5fd1-4c9a-a702-a83fdd0c593a has been successfully formatted.
2019-09-09 18:02:13,556 [pool-459-thread-1] INFO  server.RaftServerConfigKeys (ConfUtils.java:logGet(43)) - raft.server.snapshot.auto.trigger.threshold = 10000 (custom)
2019-09-09 18:02:13,557 [pool-439-thread-1] INFO  server.RaftServerConfigKeys (ConfUtils.java:logGet(43)) - raft.server.retrycache.expirytime = 600000ms (custom)
2019-09-09 18:02:13,557 [pool-459-thread-1] INFO  server.RaftServerConfigKeys (ConfUtils.java:logGet(43)) - raft.server.retrycache.expirytime = 600000ms (custom)
2019-09-09 18:02:13,557 [pool-449-thread-1] INFO  ratis.ContainerStateMachine (ContainerStateMachine.java:loadSnapshot(227)) - group-A83FDD0C593A: The snapshot info is null. Setting the last applied indexto:(t:0, i:~)
2019-09-09 18:02:13,557 [pool-459-thread-1] INFO  impl.RaftServerImpl (RaftServerImpl.java:start(180)) - 9b543f03-5966-41d3-9881-7395d9adaa53: start group-A83FDD0C593A
2019-09-09 18:02:13,557 [pool-439-thread-1] INFO  impl.RaftServerImpl (RaftServerImpl.java:start(180)) - 22c0f27d-976a-42fe-b1a0-04db584cd0ca: start group-A83FDD0C593A
2019-09-09 18:02:13,557 | INFO  | OMAudit | user=jenkins1000 | ip=127.0.0.1 | op=READ_VOLUME {volume=testblockoutputstream} | ret=SUCCESS |  
2019-09-09 18:02:13,557 [pool-459-thread-1] INFO  impl.RaftServerImpl (RaftServerImpl.java:setRole(171)) - 9b543f03-5966-41d3-9881-7395d9adaa53:group-A83FDD0C593A changes role from null to FOLLOWER at term 0 for startAsFollower
2019-09-09 18:02:13,557 [pool-449-thread-1] INFO  server.RaftServerConfigKeys (ConfUtils.java:logGet(43)) - raft.server.leader.election.timeout = 120s (custom)
2019-09-09 18:02:13,558 [pool-449-thread-1] INFO  server.RaftServerConfigKeys (ConfUtils.java:logGet(43)) - raft.server.log.use.memory = false (default)
2019-09-09 18:02:13,557 [pool-459-thread-1] INFO  impl.RoleInfo (RoleInfo.java:updateAndGet(143)) - 9b543f03-5966-41d3-9881-7395d9adaa53: start FollowerState
2019-09-09 18:02:13,557 [pool-439-thread-1] INFO  impl.RaftServerImpl (RaftServerImpl.java:setRole(171)) - 22c0f27d-976a-42fe-b1a0-04db584cd0ca:group-A83FDD0C593A changes role from null to FOLLOWER at term 0 for startAsFollower
2019-09-09 18:02:13,558 [pool-449-thread-1] INFO  server.RaftServerConfigKeys (ConfUtils.java:logGet(43)) - raft.server.log.purge.gap = 1000000 (custom)
2019-09-09 18:02:13,558 [pool-439-thread-1] INFO  impl.RoleInfo (RoleInfo.java:updateAndGet(143)) - 22c0f27d-976a-42fe-b1a0-04db584cd0ca: start FollowerState
2019-09-09 18:02:13,558 [pool-459-thread-1] INFO  util.JmxRegister (JmxRegister.java:tryRegister(44)) - Successfully registered JMX Bean with object name Ratis:service=RaftServer,group=group-A83FDD0C593A,id=9b543f03-5966-41d3-9881-7395d9adaa53
2019-09-09 18:02:13,558 [pool-449-thread-1] INFO  server.RaftServerConfigKeys (ConfUtils.java:logGet(43)) - raft.server.log.appender.buffer.byte-limit = 33554432 (custom)
2019-09-09 18:02:13,558 | INFO  | OMAudit | user=jenkins1000 | ip=127.0.0.1 | op=READ_BUCKET {volume=testblockoutputstream, bucket=testblockoutputstream} | ret=SUCCESS |  
2019-09-09 18:02:13,558 [pool-439-thread-1] INFO  util.JmxRegister (JmxRegister.java:tryRegister(44)) - Successfully registered JMX Bean with object name Ratis:service=RaftServer,group=group-A83FDD0C593A,id=22c0f27d-976a-42fe-b1a0-04db584cd0ca
2019-09-09 18:02:13,558 [pool-449-thread-1] INFO  server.RaftServerConfigKeys (ConfUtils.java:logGet(43)) - raft.server.log.segment.size.max = 1048576 (custom)
2019-09-09 18:02:13,559 [pool-449-thread-1] INFO  server.RaftServerConfigKeys (ConfUtils.java:logGet(43)) - raft.server.log.segment.cache.num.max = 2 (custom)
2019-09-09 18:02:13,559 [pool-449-thread-1] INFO  segmented.SegmentedRaftLogWorker (SegmentedRaftLogWorker.java:<init>(172)) - new 3f9b7ce0-873d-4f37-9274-1664d68bc8f4-SegmentedRaftLogWorker:Storage Directory /workdir/hadoop-ozone/integration-test/target/test-dir/MiniOzoneClusterImpl-b5fe0712-b217-48e1-a309-931088266b0b/datanode-4/data/ratis/89599edb-5fd1-4c9a-a702-a83fdd0c593a for RaftStorage:Storage Directory /workdir/hadoop-ozone/integration-test/target/test-dir/MiniOzoneClusterImpl-b5fe0712-b217-48e1-a309-931088266b0b/datanode-4/data/ratis/89599edb-5fd1-4c9a-a702-a83fdd0c593a
2019-09-09 18:02:13,559 [pool-449-thread-1] INFO  server.RaftServerConfigKeys (ConfUtils.java:logGet(43)) - raft.server.log.queue.byte-limit = 2147483647 (custom)
2019-09-09 18:02:13,559 [pool-449-thread-1] INFO  server.RaftServerConfigKeys (ConfUtils.java:logGet(43)) - raft.server.log.queue.element-limit = 1024 (custom)
2019-09-09 18:02:13,559 [pool-449-thread-1] INFO  server.RaftServerConfigKeys (ConfUtils.java:logGet(43)) - raft.server.log.segment.size.max = 1048576 (custom)
2019-09-09 18:02:13,559 [pool-449-thread-1] INFO  server.RaftServerConfigKeys (ConfUtils.java:logGet(43)) - raft.server.log.preallocated.size = 16384 (custom)
2019-09-09 18:02:13,559 [pool-449-thread-1] INFO  server.RaftServerConfigKeys (ConfUtils.java:logGet(43)) - raft.server.log.write.buffer.size = 33554432 (custom)
2019-09-09 18:02:13,560 [pool-449-thread-1] INFO  server.RaftServerConfigKeys (ConfUtils.java:logGet(43)) - raft.server.log.force.sync.num = 128 (default)
2019-09-09 18:02:13,560 [pool-449-thread-1] INFO  server.RaftServerConfigKeys (ConfUtils.java:logGet(43)) - raft.server.log.statemachine.data.sync = true (default)
2019-09-09 18:02:13,560 [pool-449-thread-1] INFO  server.RaftServerConfigKeys (ConfUtils.java:logGet(43)) - raft.server.log.statemachine.data.sync.timeout = 10s (default)
2019-09-09 18:02:13,560 [pool-449-thread-1] INFO  server.RaftServerConfigKeys (ConfUtils.java:logGet(43)) - raft.server.log.statemachine.data.sync.timeout.retry = -1 (default)
2019-09-09 18:02:13,560 [pool-449-thread-1] INFO  server.RaftServerConfigKeys (ConfUtils.java:logGet(43)) - raft.server.log.statemachine.data.caching.enabled = true (custom)
2019-09-09 18:02:13,560 [pool-449-thread-1] INFO  segmented.SegmentedRaftLogWorker (SegmentedRaftLogWorker.java:lambda$new$0(132)) - 3f9b7ce0-873d-4f37-9274-1664d68bc8f4-SegmentedRaftLogWorker:Storage Directory /workdir/hadoop-ozone/integration-test/target/test-dir/MiniOzoneClusterImpl-b5fe0712-b217-48e1-a309-931088266b0b/datanode-4/data/ratis/89599edb-5fd1-4c9a-a702-a83fdd0c593a: flushIndex: setUnconditionally 0 -> -1
2019-09-09 18:02:13,561 [pool-449-thread-1] INFO  server.RaftServerConfigKeys (ConfUtils.java:logGet(43)) - raft.server.snapshot.auto.trigger.enabled = true (custom)
2019-09-09 18:02:13,561 [pool-449-thread-1] INFO  server.RaftServerConfigKeys (ConfUtils.java:logGet(43)) - raft.server.snapshot.auto.trigger.threshold = 10000 (custom)
2019-09-09 18:02:13,561 [pool-449-thread-1] INFO  server.RaftServerConfigKeys (ConfUtils.java:logGet(43)) - raft.server.retrycache.expirytime = 600000ms (custom)
2019-09-09 18:02:13,561 [pool-449-thread-1] INFO  impl.RaftServerImpl (RaftServerImpl.java:start(180)) - 3f9b7ce0-873d-4f37-9274-1664d68bc8f4: start group-A83FDD0C593A
2019-09-09 18:02:13,561 [pool-449-thread-1] INFO  impl.RaftServerImpl (RaftServerImpl.java:setRole(171)) - 3f9b7ce0-873d-4f37-9274-1664d68bc8f4:group-A83FDD0C593A changes role from null to FOLLOWER at term 0 for startAsFollower
2019-09-09 18:02:13,561 [pool-449-thread-1] INFO  impl.RoleInfo (RoleInfo.java:updateAndGet(143)) - 3f9b7ce0-873d-4f37-9274-1664d68bc8f4: start FollowerState
2019-09-09 18:02:13,562 [pool-449-thread-1] INFO  util.JmxRegister (JmxRegister.java:tryRegister(44)) - Successfully registered JMX Bean with object name Ratis:service=RaftServer,group=group-A83FDD0C593A,id=3f9b7ce0-873d-4f37-9274-1664d68bc8f4
2019-09-09 18:02:13,564 [RatisPipelineUtilsThread] INFO  pipeline.PipelineStateManager (PipelineStateManager.java:addPipeline(56)) - Created pipeline Pipeline[ Id: 89599edb-5fd1-4c9a-a702-a83fdd0c593a, Nodes: 22c0f27d-976a-42fe-b1a0-04db584cd0ca{ip: 192.168.34.39, host: pr-hdds-2102-js77h-2988213663, networkLocation: /default-rack, certSerialId: null}9b543f03-5966-41d3-9881-7395d9adaa53{ip: 192.168.34.39, host: pr-hdds-2102-js77h-2988213663, networkLocation: /default-rack, certSerialId: null}3f9b7ce0-873d-4f37-9274-1664d68bc8f4{ip: 192.168.34.39, host: pr-hdds-2102-js77h-2988213663, networkLocation: /default-rack, certSerialId: null}, Type:RATIS, Factor:THREE, State:OPEN]
2019-09-09 18:02:13,565 | INFO  | SCMAudit | user=jenkins1000 | ip=192.168.34.39 | op=ALLOCATE_BLOCK {owner=ceca0d06-3ac7-4f24-85ab-6130d19ea3a6, size=800, type=RATIS, factor=THREE} | ret=SUCCESS |  
2019-09-09 18:02:13,567 | INFO  | OMAudit | user=jenkins1000 | ip=127.0.0.1 | op=ALLOCATE_KEY {volume=testblockoutputstream, bucket=testblockoutputstream, key=0689e859-5eab-4ca2-9a3c-cad4b1894182, dataSize=0, replicationType=RATIS, replicationFactor=THREE, keyLocationInfo=null} | ret=SUCCESS |  
2019-09-09 18:02:13,583 [grpc-default-executor-5] INFO  client.GrpcClientProtocolClient (GrpcClientProtocolClient.java:onNext(255)) - client-1B196153D3AF->26278548-c262-4d72-b577-3b7eb89bac6f: receive RaftClientReply:client-1B196153D3AF->26278548-c262-4d72-b577-3b7eb89bac6f@group-E7B0D22102B3, cid=162, FAILED org.apache.ratis.protocol.NotLeaderException: Server 26278548-c262-4d72-b577-3b7eb89bac6f is not the leader (null). Request must be sent to leader., logIndex=0, commits[26278548-c262-4d72-b577-3b7eb89bac6f:c-1]
2019-09-09 18:02:14,592 [grpc-default-executor-5] INFO  client.GrpcClientProtocolClient (GrpcClientProtocolClient.java:onNext(255)) - client-1B196153D3AF->5424b559-d12b-44e4-a34a-b8ff23546acb: receive RaftClientReply:client-1B196153D3AF->5424b559-d12b-44e4-a34a-b8ff23546acb@group-E7B0D22102B3, cid=162, FAILED org.apache.ratis.protocol.NotLeaderException: Server 5424b559-d12b-44e4-a34a-b8ff23546acb is not the leader (null). Request must be sent to leader., logIndex=0, commits[5424b559-d12b-44e4-a34a-b8ff23546acb:c-1]
2019-09-09 18:02:15,116 | INFO  | SCMAudit | user=jenkins1000 | ip=192.168.34.39 | op=SEND_HEARTBEAT {datanodeUUID=26278548-c262-4d72-b577-3b7eb89bac6f, command=[]} | ret=SUCCESS |  
2019-09-09 18:02:15,180 | INFO  | SCMAudit | user=jenkins1000 | ip=192.168.34.39 | op=SEND_HEARTBEAT {datanodeUUID=5424b559-d12b-44e4-a34a-b8ff23546acb, command=[]} | ret=SUCCESS |  
2019-09-09 18:02:15,242 | INFO  | SCMAudit | user=jenkins1000 | ip=192.168.34.39 | op=SEND_HEARTBEAT {datanodeUUID=1a603c78-5244-4e25-920a-cef477e0f94b, command=[]} | ret=SUCCESS |  
2019-09-09 18:02:15,309 | INFO  | SCMAudit | user=jenkins1000 | ip=192.168.34.39 | op=SEND_HEARTBEAT {datanodeUUID=22c0f27d-976a-42fe-b1a0-04db584cd0ca, command=[]} | ret=SUCCESS |  
2019-09-09 18:02:15,366 | INFO  | SCMAudit | user=jenkins1000 | ip=192.168.34.39 | op=SEND_HEARTBEAT {datanodeUUID=3f9b7ce0-873d-4f37-9274-1664d68bc8f4, command=[]} | ret=SUCCESS |  
2019-09-09 18:02:15,431 | INFO  | SCMAudit | user=jenkins1000 | ip=192.168.34.39 | op=SEND_HEARTBEAT {datanodeUUID=9b543f03-5966-41d3-9881-7395d9adaa53, command=[]} | ret=SUCCESS |  
2019-09-09 18:02:15,511 | INFO  | SCMAudit | user=jenkins1000 | ip=192.168.34.39 | op=SEND_HEARTBEAT {datanodeUUID=ce295d13-7a4e-42d1-ae50-4896c2bb59ac, command=[]} | ret=SUCCESS |  
2019-09-09 18:02:15,600 [grpc-default-executor-5] INFO  client.GrpcClientProtocolClient (GrpcClientProtocolClient.java:onNext(255)) - client-1B196153D3AF->26278548-c262-4d72-b577-3b7eb89bac6f: receive RaftClientReply:client-1B196153D3AF->26278548-c262-4d72-b577-3b7eb89bac6f@group-E7B0D22102B3, cid=162, FAILED org.apache.ratis.protocol.NotLeaderException: Server 26278548-c262-4d72-b577-3b7eb89bac6f is not the leader (null). Request must be sent to leader., logIndex=0, commits[26278548-c262-4d72-b577-3b7eb89bac6f:c-1]
2019-09-09 18:02:16,116 | INFO  | SCMAudit | user=jenkins1000 | ip=192.168.34.39 | op=SEND_HEARTBEAT {datanodeUUID=26278548-c262-4d72-b577-3b7eb89bac6f, command=[]} | ret=SUCCESS |  
2019-09-09 18:02:16,128 [Thread-3245] INFO  container.ReplicationManager (ReplicationManager.java:start(162)) - Starting Replication Monitor Thread.
2019-09-09 18:02:16,131 [ReplicationMonitor] INFO  container.ReplicationManager (ReplicationManager.java:run(225)) - Replication Monitor Thread took 0 milliseconds for processing 1 containers.
2019-09-09 18:02:16,180 | INFO  | SCMAudit | user=jenkins1000 | ip=192.168.34.39 | op=SEND_HEARTBEAT {datanodeUUID=5424b559-d12b-44e4-a34a-b8ff23546acb, command=[]} | ret=SUCCESS |  
2019-09-09 18:02:16,243 | INFO  | SCMAudit | user=jenkins1000 | ip=192.168.34.39 | op=SEND_HEARTBEAT {datanodeUUID=1a603c78-5244-4e25-920a-cef477e0f94b, command=[]} | ret=SUCCESS |  
2019-09-09 18:02:16,309 | INFO  | SCMAudit | user=jenkins1000 | ip=192.168.34.39 | op=SEND_HEARTBEAT {datanodeUUID=22c0f27d-976a-42fe-b1a0-04db584cd0ca, command=[]} | ret=SUCCESS |  
2019-09-09 18:02:16,366 | INFO  | SCMAudit | user=jenkins1000 | ip=192.168.34.39 | op=SEND_HEARTBEAT {datanodeUUID=3f9b7ce0-873d-4f37-9274-1664d68bc8f4, command=[]} | ret=SUCCESS |  
2019-09-09 18:02:16,431 | INFO  | SCMAudit | user=jenkins1000 | ip=192.168.34.39 | op=SEND_HEARTBEAT {datanodeUUID=9b543f03-5966-41d3-9881-7395d9adaa53, command=[]} | ret=SUCCESS |  
2019-09-09 18:02:16,511 | INFO  | SCMAudit | user=jenkins1000 | ip=192.168.34.39 | op=SEND_HEARTBEAT {datanodeUUID=ce295d13-7a4e-42d1-ae50-4896c2bb59ac, command=[]} | ret=SUCCESS |  
2019-09-09 18:02:16,610 [grpc-default-executor-5] INFO  client.GrpcClientProtocolClient (GrpcClientProtocolClient.java:onNext(255)) - client-1B196153D3AF->5424b559-d12b-44e4-a34a-b8ff23546acb: receive RaftClientReply:client-1B196153D3AF->5424b559-d12b-44e4-a34a-b8ff23546acb@group-E7B0D22102B3, cid=162, FAILED org.apache.ratis.protocol.NotLeaderException: Server 5424b559-d12b-44e4-a34a-b8ff23546acb is not the leader (null). Request must be sent to leader., logIndex=0, commits[5424b559-d12b-44e4-a34a-b8ff23546acb:c-1]
2019-09-09 18:02:17,117 | INFO  | SCMAudit | user=jenkins1000 | ip=192.168.34.39 | op=SEND_HEARTBEAT {datanodeUUID=26278548-c262-4d72-b577-3b7eb89bac6f, command=[]} | ret=SUCCESS |  
2019-09-09 18:02:17,181 | INFO  | SCMAudit | user=jenkins1000 | ip=192.168.34.39 | op=SEND_HEARTBEAT {datanodeUUID=5424b559-d12b-44e4-a34a-b8ff23546acb, command=[]} | ret=SUCCESS |  
2019-09-09 18:02:17,242 | INFO  | SCMAudit | user=jenkins1000 | ip=192.168.34.39 | op=SEND_HEARTBEAT {datanodeUUID=1a603c78-5244-4e25-920a-cef477e0f94b, command=[]} | ret=SUCCESS |  
2019-09-09 18:02:17,309 | INFO  | SCMAudit | user=jenkins1000 | ip=192.168.34.39 | op=SEND_HEARTBEAT {datanodeUUID=22c0f27d-976a-42fe-b1a0-04db584cd0ca, command=[]} | ret=SUCCESS |  
2019-09-09 18:02:17,367 | INFO  | SCMAudit | user=jenkins1000 | ip=192.168.34.39 | op=SEND_HEARTBEAT {datanodeUUID=3f9b7ce0-873d-4f37-9274-1664d68bc8f4, command=[]} | ret=SUCCESS |  
2019-09-09 18:02:17,431 | INFO  | SCMAudit | user=jenkins1000 | ip=192.168.34.39 | op=SEND_HEARTBEAT {datanodeUUID=9b543f03-5966-41d3-9881-7395d9adaa53, command=[]} | ret=SUCCESS |  
2019-09-09 18:02:17,512 | INFO  | SCMAudit | user=jenkins1000 | ip=192.168.34.39 | op=SEND_HEARTBEAT {datanodeUUID=ce295d13-7a4e-42d1-ae50-4896c2bb59ac, command=[]} | ret=SUCCESS |  
2019-09-09 18:02:17,622 [grpc-default-executor-5] INFO  client.GrpcClientProtocolClient (GrpcClientProtocolClient.java:onNext(255)) - client-1B196153D3AF->26278548-c262-4d72-b577-3b7eb89bac6f: receive RaftClientReply:client-1B196153D3AF->26278548-c262-4d72-b577-3b7eb89bac6f@group-E7B0D22102B3, cid=162, FAILED org.apache.ratis.protocol.NotLeaderException: Server 26278548-c262-4d72-b577-3b7eb89bac6f is not the leader (null). Request must be sent to leader., logIndex=0, commits[26278548-c262-4d72-b577-3b7eb89bac6f:c-1]
2019-09-09 18:02:18,118 | INFO  | SCMAudit | user=jenkins1000 | ip=192.168.34.39 | op=SEND_HEARTBEAT {datanodeUUID=26278548-c262-4d72-b577-3b7eb89bac6f, command=[]} | ret=SUCCESS |  
2019-09-09 18:02:18,181 | INFO  | SCMAudit | user=jenkins1000 | ip=192.168.34.39 | op=SEND_HEARTBEAT {datanodeUUID=5424b559-d12b-44e4-a34a-b8ff23546acb, command=[]} | ret=SUCCESS |  
2019-09-09 18:02:18,206 [Thread-3247] INFO  impl.FollowerState (FollowerState.java:run(106)) - 26278548-c262-4d72-b577-3b7eb89bac6f:group-FA81F4C88510 changes to CANDIDATE, lastRpcTime:5052, electionTimeout:5052ms
2019-09-09 18:02:18,207 [Thread-3247] INFO  impl.RoleInfo (RoleInfo.java:shutdownFollowerState(121)) - 26278548-c262-4d72-b577-3b7eb89bac6f: shutdown FollowerState
2019-09-09 18:02:18,207 [Thread-3247] INFO  impl.RaftServerImpl (RaftServerImpl.java:setRole(171)) - 26278548-c262-4d72-b577-3b7eb89bac6f:group-FA81F4C88510 changes role from FOLLOWER to CANDIDATE at term 0 for changeToCandidate
2019-09-09 18:02:18,207 [Thread-3247] INFO  impl.RoleInfo (RoleInfo.java:updateAndGet(143)) - 26278548-c262-4d72-b577-3b7eb89bac6f: start LeaderElection
2019-09-09 18:02:18,228 [26278548-c262-4d72-b577-3b7eb89bac6f:group-FA81F4C88510:LeaderElection56] INFO  impl.LeaderElection (LeaderElection.java:askForVotes(181)) - 26278548-c262-4d72-b577-3b7eb89bac6f:group-FA81F4C88510:LeaderElection56: begin an election at term 1 for -1: [26278548-c262-4d72-b577-3b7eb89bac6f:192.168.34.39:44945], old=null
2019-09-09 18:02:18,228 [26278548-c262-4d72-b577-3b7eb89bac6f:group-FA81F4C88510:LeaderElection56] INFO  impl.RoleInfo (RoleInfo.java:shutdownLeaderElection(134)) - 26278548-c262-4d72-b577-3b7eb89bac6f: shutdown LeaderElection
2019-09-09 18:02:18,228 [26278548-c262-4d72-b577-3b7eb89bac6f:group-FA81F4C88510:LeaderElection56] INFO  impl.RaftServerImpl (RaftServerImpl.java:setRole(171)) - 26278548-c262-4d72-b577-3b7eb89bac6f:group-FA81F4C88510 changes role from CANDIDATE to LEADER at term 1 for changeToLeader
2019-09-09 18:02:18,228 [26278548-c262-4d72-b577-3b7eb89bac6f:group-FA81F4C88510:LeaderElection56] INFO  impl.RaftServerImpl (ServerState.java:setLeader(263)) - 26278548-c262-4d72-b577-3b7eb89bac6f:group-FA81F4C88510 change Leader from null to 26278548-c262-4d72-b577-3b7eb89bac6f at term 1 for becomeLeader, leader elected after 5077ms
2019-09-09 18:02:18,228 [26278548-c262-4d72-b577-3b7eb89bac6f:group-FA81F4C88510:LeaderElection56] INFO  server.RaftServerConfigKeys (ConfUtils.java:logGet(43)) - raft.server.staging.catchup.gap = 1000 (default)
2019-09-09 18:02:18,228 [26278548-c262-4d72-b577-3b7eb89bac6f:group-FA81F4C88510:LeaderElection56] INFO  server.RaftServerConfigKeys (ConfUtils.java:logGet(43)) - raft.server.rpc.sleep.time = 25ms (default)
2019-09-09 18:02:18,229 [26278548-c262-4d72-b577-3b7eb89bac6f:group-FA81F4C88510:LeaderElection56] INFO  server.RaftServerConfigKeys (ConfUtils.java:logGet(43)) - raft.server.write.element-limit = 4096 (default)
2019-09-09 18:02:18,229 [26278548-c262-4d72-b577-3b7eb89bac6f:group-FA81F4C88510:LeaderElection56] INFO  server.RaftServerConfigKeys (ConfUtils.java:logGet(43)) - raft.server.watch.timeout = 10s (default)
2019-09-09 18:02:18,229 [26278548-c262-4d72-b577-3b7eb89bac6f:group-FA81F4C88510:LeaderElection56] INFO  server.RaftServerConfigKeys (ConfUtils.java:logGet(43)) - raft.server.watch.timeout.denomination = 1s (default)
2019-09-09 18:02:18,229 [26278548-c262-4d72-b577-3b7eb89bac6f:group-FA81F4C88510:LeaderElection56] INFO  server.RaftServerConfigKeys (ConfUtils.java:logGet(43)) - raft.server.watch.element-limit = 65536 (default)
2019-09-09 18:02:18,229 [26278548-c262-4d72-b577-3b7eb89bac6f:group-FA81F4C88510:LeaderElection56] INFO  impl.RoleInfo (RoleInfo.java:updateAndGet(143)) - 26278548-c262-4d72-b577-3b7eb89bac6f: start LeaderState
2019-09-09 18:02:18,230 [26278548-c262-4d72-b577-3b7eb89bac6f:group-FA81F4C88510:LeaderElection56] INFO  segmented.SegmentedRaftLogWorker (SegmentedRaftLogWorker.java:startLogSegment(380)) - 26278548-c262-4d72-b577-3b7eb89bac6f-SegmentedRaftLogWorker:Storage Directory /workdir/hadoop-ozone/integration-test/target/test-dir/MiniOzoneClusterImpl-b5fe0712-b217-48e1-a309-931088266b0b/datanode-0/data/ratis/66b3e269-a5d1-4ab0-b2e6-fa81f4c88510: Starting segment from index:0
2019-09-09 18:02:18,230 [26278548-c262-4d72-b577-3b7eb89bac6f:group-FA81F4C88510:LeaderElection56] INFO  impl.RaftServerImpl (ServerState.java:setRaftConf(361)) - 26278548-c262-4d72-b577-3b7eb89bac6f:group-FA81F4C88510 set configuration 0: [26278548-c262-4d72-b577-3b7eb89bac6f:192.168.34.39:44945], old=null at 0
2019-09-09 18:02:18,261 | INFO  | SCMAudit | user=jenkins1000 | ip=192.168.34.39 | op=SEND_HEARTBEAT {datanodeUUID=1a603c78-5244-4e25-920a-cef477e0f94b, command=[]} | ret=SUCCESS |  
2019-09-09 18:02:18,283 [26278548-c262-4d72-b577-3b7eb89bac6f-SegmentedRaftLogWorker:Storage Directory /workdir/hadoop-ozone/integration-test/target/test-dir/MiniOzoneClusterImpl-b5fe0712-b217-48e1-a309-931088266b0b/datanode-0/data/ratis/66b3e269-a5d1-4ab0-b2e6-fa81f4c88510] INFO  segmented.SegmentedRaftLogWorker (SegmentedRaftLogWorker.java:execute(569)) - 26278548-c262-4d72-b577-3b7eb89bac6f-SegmentedRaftLogWorker:Storage Directory /workdir/hadoop-ozone/integration-test/target/test-dir/MiniOzoneClusterImpl-b5fe0712-b217-48e1-a309-931088266b0b/datanode-0/data/ratis/66b3e269-a5d1-4ab0-b2e6-fa81f4c88510: created new log segment /workdir/hadoop-ozone/integration-test/target/test-dir/MiniOzoneClusterImpl-b5fe0712-b217-48e1-a309-931088266b0b/datanode-0/data/ratis/66b3e269-a5d1-4ab0-b2e6-fa81f4c88510/current/log_inprogress_0
2019-09-09 18:02:18,284 [Thread-3253] INFO  impl.FollowerState (FollowerState.java:run(106)) - 1a603c78-5244-4e25-920a-cef477e0f94b:group-3C49F05A4705 changes to CANDIDATE, lastRpcTime:5009, electionTimeout:5009ms
2019-09-09 18:02:18,285 [Thread-3253] INFO  impl.RoleInfo (RoleInfo.java:shutdownFollowerState(121)) - 1a603c78-5244-4e25-920a-cef477e0f94b: shutdown FollowerState
2019-09-09 18:02:18,285 [Thread-3253] INFO  impl.RaftServerImpl (RaftServerImpl.java:setRole(171)) - 1a603c78-5244-4e25-920a-cef477e0f94b:group-3C49F05A4705 changes role from FOLLOWER to CANDIDATE at term 0 for changeToCandidate
2019-09-09 18:02:18,285 [Thread-3253] INFO  impl.RoleInfo (RoleInfo.java:updateAndGet(143)) - 1a603c78-5244-4e25-920a-cef477e0f94b: start LeaderElection
2019-09-09 18:02:18,293 [Thread-3250] INFO  impl.FollowerState (FollowerState.java:run(106)) - 5424b559-d12b-44e4-a34a-b8ff23546acb:group-26FB82558653 changes to CANDIDATE, lastRpcTime:5081, electionTimeout:5081ms
2019-09-09 18:02:18,293 [Thread-3250] INFO  impl.RoleInfo (RoleInfo.java:shutdownFollowerState(121)) - 5424b559-d12b-44e4-a34a-b8ff23546acb: shutdown FollowerState
2019-09-09 18:02:18,293 [Thread-3250] INFO  impl.RaftServerImpl (RaftServerImpl.java:setRole(171)) - 5424b559-d12b-44e4-a34a-b8ff23546acb:group-26FB82558653 changes role from FOLLOWER to CANDIDATE at term 0 for changeToCandidate
2019-09-09 18:02:18,293 [Thread-3250] INFO  impl.RoleInfo (RoleInfo.java:updateAndGet(143)) - 5424b559-d12b-44e4-a34a-b8ff23546acb: start LeaderElection
2019-09-09 18:02:18,303 [1a603c78-5244-4e25-920a-cef477e0f94b:group-3C49F05A4705:LeaderElection57] INFO  impl.LeaderElection (LeaderElection.java:askForVotes(181)) - 1a603c78-5244-4e25-920a-cef477e0f94b:group-3C49F05A4705:LeaderElection57: begin an election at term 1 for -1: [1a603c78-5244-4e25-920a-cef477e0f94b:192.168.34.39:35215], old=null
2019-09-09 18:02:18,303 [5424b559-d12b-44e4-a34a-b8ff23546acb:group-26FB82558653:LeaderElection58] INFO  impl.LeaderElection (LeaderElection.java:askForVotes(181)) - 5424b559-d12b-44e4-a34a-b8ff23546acb:group-26FB82558653:LeaderElection58: begin an election at term 1 for -1: [5424b559-d12b-44e4-a34a-b8ff23546acb:192.168.34.39:43805], old=null
2019-09-09 18:02:18,303 [1a603c78-5244-4e25-920a-cef477e0f94b:group-3C49F05A4705:LeaderElection57] INFO  impl.RoleInfo (RoleInfo.java:shutdownLeaderElection(134)) - 1a603c78-5244-4e25-920a-cef477e0f94b: shutdown LeaderElection
2019-09-09 18:02:18,303 [5424b559-d12b-44e4-a34a-b8ff23546acb:group-26FB82558653:LeaderElection58] INFO  impl.RoleInfo (RoleInfo.java:shutdownLeaderElection(134)) - 5424b559-d12b-44e4-a34a-b8ff23546acb: shutdown LeaderElection
2019-09-09 18:02:18,303 [1a603c78-5244-4e25-920a-cef477e0f94b:group-3C49F05A4705:LeaderElection57] INFO  impl.RaftServerImpl (RaftServerImpl.java:setRole(171)) - 1a603c78-5244-4e25-920a-cef477e0f94b:group-3C49F05A4705 changes role from CANDIDATE to LEADER at term 1 for changeToLeader
2019-09-09 18:02:18,303 [5424b559-d12b-44e4-a34a-b8ff23546acb:group-26FB82558653:LeaderElection58] INFO  impl.RaftServerImpl (RaftServerImpl.java:setRole(171)) - 5424b559-d12b-44e4-a34a-b8ff23546acb:group-26FB82558653 changes role from CANDIDATE to LEADER at term 1 for changeToLeader
2019-09-09 18:02:18,303 [1a603c78-5244-4e25-920a-cef477e0f94b:group-3C49F05A4705:LeaderElection57] INFO  impl.RaftServerImpl (ServerState.java:setLeader(263)) - 1a603c78-5244-4e25-920a-cef477e0f94b:group-3C49F05A4705 change Leader from null to 1a603c78-5244-4e25-920a-cef477e0f94b at term 1 for becomeLeader, leader elected after 5032ms
2019-09-09 18:02:18,303 [5424b559-d12b-44e4-a34a-b8ff23546acb:group-26FB82558653:LeaderElection58] INFO  impl.RaftServerImpl (ServerState.java:setLeader(263)) - 5424b559-d12b-44e4-a34a-b8ff23546acb:group-26FB82558653 change Leader from null to 5424b559-d12b-44e4-a34a-b8ff23546acb at term 1 for becomeLeader, leader elected after 5095ms
2019-09-09 18:02:18,304 [1a603c78-5244-4e25-920a-cef477e0f94b:group-3C49F05A4705:LeaderElection57] INFO  server.RaftServerConfigKeys (ConfUtils.java:logGet(43)) - raft.server.staging.catchup.gap = 1000 (default)
2019-09-09 18:02:18,304 [5424b559-d12b-44e4-a34a-b8ff23546acb:group-26FB82558653:LeaderElection58] INFO  server.RaftServerConfigKeys (ConfUtils.java:logGet(43)) - raft.server.staging.catchup.gap = 1000 (default)
2019-09-09 18:02:18,304 [1a603c78-5244-4e25-920a-cef477e0f94b:group-3C49F05A4705:LeaderElection57] INFO  server.RaftServerConfigKeys (ConfUtils.java:logGet(43)) - raft.server.rpc.sleep.time = 25ms (default)
2019-09-09 18:02:18,304 [5424b559-d12b-44e4-a34a-b8ff23546acb:group-26FB82558653:LeaderElection58] INFO  server.RaftServerConfigKeys (ConfUtils.java:logGet(43)) - raft.server.rpc.sleep.time = 25ms (default)
2019-09-09 18:02:18,304 [1a603c78-5244-4e25-920a-cef477e0f94b:group-3C49F05A4705:LeaderElection57] INFO  server.RaftServerConfigKeys (ConfUtils.java:logGet(43)) - raft.server.write.element-limit = 4096 (default)
2019-09-09 18:02:18,304 [5424b559-d12b-44e4-a34a-b8ff23546acb:group-26FB82558653:LeaderElection58] INFO  server.RaftServerConfigKeys (ConfUtils.java:logGet(43)) - raft.server.write.element-limit = 4096 (default)
2019-09-09 18:02:18,304 [1a603c78-5244-4e25-920a-cef477e0f94b:group-3C49F05A4705:LeaderElection57] INFO  server.RaftServerConfigKeys (ConfUtils.java:logGet(43)) - raft.server.watch.timeout = 10s (default)
2019-09-09 18:02:18,305 [5424b559-d12b-44e4-a34a-b8ff23546acb:group-26FB82558653:LeaderElection58] INFO  server.RaftServerConfigKeys (ConfUtils.java:logGet(43)) - raft.server.watch.timeout = 10s (default)
2019-09-09 18:02:18,305 [1a603c78-5244-4e25-920a-cef477e0f94b:group-3C49F05A4705:LeaderElection57] INFO  server.RaftServerConfigKeys (ConfUtils.java:logGet(43)) - raft.server.watch.timeout.denomination = 1s (default)
2019-09-09 18:02:18,305 [5424b559-d12b-44e4-a34a-b8ff23546acb:group-26FB82558653:LeaderElection58] INFO  server.RaftServerConfigKeys (ConfUtils.java:logGet(43)) - raft.server.watch.timeout.denomination = 1s (default)
2019-09-09 18:02:18,305 [1a603c78-5244-4e25-920a-cef477e0f94b:group-3C49F05A4705:LeaderElection57] INFO  server.RaftServerConfigKeys (ConfUtils.java:logGet(43)) - raft.server.watch.element-limit = 65536 (default)
2019-09-09 18:02:18,305 [5424b559-d12b-44e4-a34a-b8ff23546acb:group-26FB82558653:LeaderElection58] INFO  server.RaftServerConfigKeys (ConfUtils.java:logGet(43)) - raft.server.watch.element-limit = 65536 (default)
2019-09-09 18:02:18,305 [1a603c78-5244-4e25-920a-cef477e0f94b:group-3C49F05A4705:LeaderElection57] INFO  impl.RoleInfo (RoleInfo.java:updateAndGet(143)) - 1a603c78-5244-4e25-920a-cef477e0f94b: start LeaderState
2019-09-09 18:02:18,306 [5424b559-d12b-44e4-a34a-b8ff23546acb:group-26FB82558653:LeaderElection58] INFO  impl.RoleInfo (RoleInfo.java:updateAndGet(143)) - 5424b559-d12b-44e4-a34a-b8ff23546acb: start LeaderState
2019-09-09 18:02:18,306 [1a603c78-5244-4e25-920a-cef477e0f94b:group-3C49F05A4705:LeaderElection57] INFO  segmented.SegmentedRaftLogWorker (SegmentedRaftLogWorker.java:startLogSegment(380)) - 1a603c78-5244-4e25-920a-cef477e0f94b-SegmentedRaftLogWorker:Storage Directory /workdir/hadoop-ozone/integration-test/target/test-dir/MiniOzoneClusterImpl-b5fe0712-b217-48e1-a309-931088266b0b/datanode-2/data/ratis/55a6b95b-cf48-475e-ad97-3c49f05a4705: Starting segment from index:0
2019-09-09 18:02:18,306 [5424b559-d12b-44e4-a34a-b8ff23546acb:group-26FB82558653:LeaderElection58] INFO  segmented.SegmentedRaftLogWorker (SegmentedRaftLogWorker.java:startLogSegment(380)) - 5424b559-d12b-44e4-a34a-b8ff23546acb-SegmentedRaftLogWorker:Storage Directory /workdir/hadoop-ozone/integration-test/target/test-dir/MiniOzoneClusterImpl-b5fe0712-b217-48e1-a309-931088266b0b/datanode-1/data/ratis/96e24afb-09ef-4f0d-9fe2-26fb82558653: Starting segment from index:0
2019-09-09 18:02:18,306 [1a603c78-5244-4e25-920a-cef477e0f94b:group-3C49F05A4705:LeaderElection57] INFO  impl.RaftServerImpl (ServerState.java:setRaftConf(361)) - 1a603c78-5244-4e25-920a-cef477e0f94b:group-3C49F05A4705 set configuration 0: [1a603c78-5244-4e25-920a-cef477e0f94b:192.168.34.39:35215], old=null at 0
2019-09-09 18:02:18,329 [5424b559-d12b-44e4-a34a-b8ff23546acb:group-26FB82558653:LeaderElection58] INFO  impl.RaftServerImpl (ServerState.java:setRaftConf(361)) - 5424b559-d12b-44e4-a34a-b8ff23546acb:group-26FB82558653 set configuration 0: [5424b559-d12b-44e4-a34a-b8ff23546acb:192.168.34.39:43805], old=null at 0
2019-09-09 18:02:18,368 [Thread-3262] INFO  impl.FollowerState (FollowerState.java:run(106)) - 26278548-c262-4d72-b577-3b7eb89bac6f:group-E7B0D22102B3 changes to CANDIDATE, lastRpcTime:5021, electionTimeout:5006ms
2019-09-09 18:02:18,368 [1a603c78-5244-4e25-920a-cef477e0f94b-SegmentedRaftLogWorker:Storage Directory /workdir/hadoop-ozone/integration-test/target/test-dir/MiniOzoneClusterImpl-b5fe0712-b217-48e1-a309-931088266b0b/datanode-2/data/ratis/55a6b95b-cf48-475e-ad97-3c49f05a4705] INFO  segmented.SegmentedRaftLogWorker (SegmentedRaftLogWorker.java:execute(569)) - 1a603c78-5244-4e25-920a-cef477e0f94b-SegmentedRaftLogWorker:Storage Directory /workdir/hadoop-ozone/integration-test/target/test-dir/MiniOzoneClusterImpl-b5fe0712-b217-48e1-a309-931088266b0b/datanode-2/data/ratis/55a6b95b-cf48-475e-ad97-3c49f05a4705: created new log segment /workdir/hadoop-ozone/integration-test/target/test-dir/MiniOzoneClusterImpl-b5fe0712-b217-48e1-a309-931088266b0b/datanode-2/data/ratis/55a6b95b-cf48-475e-ad97-3c49f05a4705/current/log_inprogress_0
2019-09-09 18:02:18,368 [Thread-3262] INFO  impl.RoleInfo (RoleInfo.java:shutdownFollowerState(121)) - 26278548-c262-4d72-b577-3b7eb89bac6f: shutdown FollowerState
2019-09-09 18:02:18,368 [Thread-3262] INFO  impl.RaftServerImpl (RaftServerImpl.java:setRole(171)) - 26278548-c262-4d72-b577-3b7eb89bac6f:group-E7B0D22102B3 changes role from FOLLOWER to CANDIDATE at term 0 for changeToCandidate
2019-09-09 18:02:18,368 | INFO  | SCMAudit | user=jenkins1000 | ip=192.168.34.39 | op=SEND_HEARTBEAT {datanodeUUID=22c0f27d-976a-42fe-b1a0-04db584cd0ca, command=[]} | ret=SUCCESS |  
2019-09-09 18:02:18,368 | INFO  | SCMAudit | user=jenkins1000 | ip=192.168.34.39 | op=SEND_HEARTBEAT {datanodeUUID=3f9b7ce0-873d-4f37-9274-1664d68bc8f4, command=[]} | ret=SUCCESS |  
2019-09-09 18:02:18,368 [Thread-3262] INFO  impl.RoleInfo (RoleInfo.java:updateAndGet(143)) - 26278548-c262-4d72-b577-3b7eb89bac6f: start LeaderElection
2019-09-09 18:02:18,381 [5424b559-d12b-44e4-a34a-b8ff23546acb-SegmentedRaftLogWorker:Storage Directory /workdir/hadoop-ozone/integration-test/target/test-dir/MiniOzoneClusterImpl-b5fe0712-b217-48e1-a309-931088266b0b/datanode-1/data/ratis/96e24afb-09ef-4f0d-9fe2-26fb82558653] INFO  segmented.SegmentedRaftLogWorker (SegmentedRaftLogWorker.java:execute(569)) - 5424b559-d12b-44e4-a34a-b8ff23546acb-SegmentedRaftLogWorker:Storage Directory /workdir/hadoop-ozone/integration-test/target/test-dir/MiniOzoneClusterImpl-b5fe0712-b217-48e1-a309-931088266b0b/datanode-1/data/ratis/96e24afb-09ef-4f0d-9fe2-26fb82558653: created new log segment /workdir/hadoop-ozone/integration-test/target/test-dir/MiniOzoneClusterImpl-b5fe0712-b217-48e1-a309-931088266b0b/datanode-1/data/ratis/96e24afb-09ef-4f0d-9fe2-26fb82558653/current/log_inprogress_0
2019-09-09 18:02:18,381 [26278548-c262-4d72-b577-3b7eb89bac6f:group-E7B0D22102B3:LeaderElection59] INFO  impl.LeaderElection (LeaderElection.java:askForVotes(181)) - 26278548-c262-4d72-b577-3b7eb89bac6f:group-E7B0D22102B3:LeaderElection59: begin an election at term 1 for -1: [26278548-c262-4d72-b577-3b7eb89bac6f:192.168.34.39:44945, 5424b559-d12b-44e4-a34a-b8ff23546acb:192.168.34.39:43805, 1a603c78-5244-4e25-920a-cef477e0f94b:192.168.34.39:35215], old=null
2019-09-09 18:02:18,387 [grpc-default-executor-5] INFO  impl.RaftServerImpl (RaftServerImpl.java:setRole(171)) - 1a603c78-5244-4e25-920a-cef477e0f94b:group-E7B0D22102B3 changes role from FOLLOWER to FOLLOWER at term 1 for recognizeCandidate:26278548-c262-4d72-b577-3b7eb89bac6f
2019-09-09 18:02:18,388 [grpc-default-executor-7] INFO  impl.RaftServerImpl (RaftServerImpl.java:setRole(171)) - 5424b559-d12b-44e4-a34a-b8ff23546acb:group-E7B0D22102B3 changes role from FOLLOWER to FOLLOWER at term 1 for recognizeCandidate:26278548-c262-4d72-b577-3b7eb89bac6f
2019-09-09 18:02:18,389 [grpc-default-executor-5] INFO  impl.RoleInfo (RoleInfo.java:shutdownFollowerState(121)) - 1a603c78-5244-4e25-920a-cef477e0f94b: shutdown FollowerState
2019-09-09 18:02:18,389 [grpc-default-executor-7] INFO  impl.RoleInfo (RoleInfo.java:shutdownFollowerState(121)) - 5424b559-d12b-44e4-a34a-b8ff23546acb: shutdown FollowerState
2019-09-09 18:02:18,389 [Thread-3256] INFO  impl.FollowerState (FollowerState.java:run(114)) - 1a603c78-5244-4e25-920a-cef477e0f94b: FollowerState was interrupted: java.lang.InterruptedException: sleep interrupted
2019-09-09 18:02:18,389 [grpc-default-executor-5] INFO  impl.RoleInfo (RoleInfo.java:updateAndGet(143)) - 1a603c78-5244-4e25-920a-cef477e0f94b: start FollowerState
2019-09-09 18:02:18,389 [Thread-3258] INFO  impl.FollowerState (FollowerState.java:run(114)) - 5424b559-d12b-44e4-a34a-b8ff23546acb: FollowerState was interrupted: java.lang.InterruptedException: sleep interrupted
2019-09-09 18:02:18,389 [grpc-default-executor-7] INFO  impl.RoleInfo (RoleInfo.java:updateAndGet(143)) - 5424b559-d12b-44e4-a34a-b8ff23546acb: start FollowerState
2019-09-09 18:02:18,407 [26278548-c262-4d72-b577-3b7eb89bac6f:group-E7B0D22102B3:LeaderElection59] INFO  impl.LeaderElection (LeaderElection.java:logAndReturn(56)) - 26278548-c262-4d72-b577-3b7eb89bac6f:group-E7B0D22102B3:LeaderElection59: Election PASSED; received 1 response(s) [26278548-c262-4d72-b577-3b7eb89bac6f<-5424b559-d12b-44e4-a34a-b8ff23546acb#0:OK-t1] and 0 exception(s); 26278548-c262-4d72-b577-3b7eb89bac6f:t1, leader=null, voted=26278548-c262-4d72-b577-3b7eb89bac6f, raftlog=26278548-c262-4d72-b577-3b7eb89bac6f-SegmentedRaftLog:OPENED:c-1,f-1,i0, conf=-1: [26278548-c262-4d72-b577-3b7eb89bac6f:192.168.34.39:44945, 5424b559-d12b-44e4-a34a-b8ff23546acb:192.168.34.39:43805, 1a603c78-5244-4e25-920a-cef477e0f94b:192.168.34.39:35215], old=null
2019-09-09 18:02:18,407 [26278548-c262-4d72-b577-3b7eb89bac6f:group-E7B0D22102B3:LeaderElection59] INFO  impl.RoleInfo (RoleInfo.java:shutdownLeaderElection(134)) - 26278548-c262-4d72-b577-3b7eb89bac6f: shutdown LeaderElection
2019-09-09 18:02:18,407 [26278548-c262-4d72-b577-3b7eb89bac6f:group-E7B0D22102B3:LeaderElection59] INFO  impl.RaftServerImpl (RaftServerImpl.java:setRole(171)) - 26278548-c262-4d72-b577-3b7eb89bac6f:group-E7B0D22102B3 changes role from CANDIDATE to LEADER at term 1 for changeToLeader
2019-09-09 18:02:18,407 [26278548-c262-4d72-b577-3b7eb89bac6f:group-E7B0D22102B3:LeaderElection59] INFO  impl.RaftServerImpl (ServerState.java:setLeader(263)) - 26278548-c262-4d72-b577-3b7eb89bac6f:group-E7B0D22102B3 change Leader from null to 26278548-c262-4d72-b577-3b7eb89bac6f at term 1 for becomeLeader, leader elected after 5083ms
2019-09-09 18:02:18,407 [26278548-c262-4d72-b577-3b7eb89bac6f:group-E7B0D22102B3:LeaderElection59] INFO  server.RaftServerConfigKeys (ConfUtils.java:logGet(43)) - raft.server.staging.catchup.gap = 1000 (default)
2019-09-09 18:02:18,408 [26278548-c262-4d72-b577-3b7eb89bac6f:group-E7B0D22102B3:LeaderElection59] INFO  server.RaftServerConfigKeys (ConfUtils.java:logGet(43)) - raft.server.rpc.sleep.time = 25ms (default)
2019-09-09 18:02:18,408 [26278548-c262-4d72-b577-3b7eb89bac6f:group-E7B0D22102B3:LeaderElection59] INFO  server.RaftServerConfigKeys (ConfUtils.java:logGet(43)) - raft.server.write.element-limit = 4096 (default)
2019-09-09 18:02:18,408 [26278548-c262-4d72-b577-3b7eb89bac6f:group-E7B0D22102B3:LeaderElection59] INFO  server.RaftServerConfigKeys (ConfUtils.java:logGet(43)) - raft.server.watch.timeout = 10s (default)
2019-09-09 18:02:18,408 [26278548-c262-4d72-b577-3b7eb89bac6f:group-E7B0D22102B3:LeaderElection59] INFO  server.RaftServerConfigKeys (ConfUtils.java:logGet(43)) - raft.server.watch.timeout.denomination = 1s (default)
2019-09-09 18:02:18,408 [26278548-c262-4d72-b577-3b7eb89bac6f:group-E7B0D22102B3:LeaderElection59] INFO  server.RaftServerConfigKeys (ConfUtils.java:logGet(43)) - raft.server.watch.element-limit = 65536 (default)
2019-09-09 18:02:18,408 [26278548-c262-4d72-b577-3b7eb89bac6f:group-E7B0D22102B3:LeaderElection59] INFO  server.RaftServerConfigKeys (ConfUtils.java:logGet(43)) - raft.server.log.appender.snapshot.chunk.size.max = 16MB (=16777216) (default)
2019-09-09 18:02:18,408 [26278548-c262-4d72-b577-3b7eb89bac6f:group-E7B0D22102B3:LeaderElection59] INFO  server.RaftServerConfigKeys (ConfUtils.java:logGet(43)) - raft.server.log.appender.buffer.byte-limit = 33554432 (custom)
2019-09-09 18:02:18,409 [26278548-c262-4d72-b577-3b7eb89bac6f:group-E7B0D22102B3:LeaderElection59] INFO  server.RaftServerConfigKeys (ConfUtils.java:logGet(43)) - raft.server.log.appender.buffer.element-limit = 1 (custom)
2019-09-09 18:02:18,409 [26278548-c262-4d72-b577-3b7eb89bac6f:group-E7B0D22102B3:LeaderElection59] INFO  grpc.GrpcConfigKeys$Server (ConfUtils.java:logGet(43)) - raft.grpc.server.leader.outstanding.appends.max = 128 (default)
2019-09-09 18:02:18,409 [26278548-c262-4d72-b577-3b7eb89bac6f:group-E7B0D22102B3:LeaderElection59] INFO  server.RaftServerConfigKeys (ConfUtils.java:logGet(43)) - raft.server.rpc.request.timeout = 3000ms (default)
2019-09-09 18:02:18,409 [26278548-c262-4d72-b577-3b7eb89bac6f:group-E7B0D22102B3:LeaderElection59] INFO  server.RaftServerConfigKeys (ConfUtils.java:logGet(43)) - raft.server.log.appender.install.snapshot.enabled = false (custom)
2019-09-09 18:02:18,409 [26278548-c262-4d72-b577-3b7eb89bac6f:group-E7B0D22102B3:LeaderElection59] INFO  server.RaftServerConfigKeys (ConfUtils.java:logGet(43)) - raft.server.log.appender.snapshot.chunk.size.max = 16MB (=16777216) (default)
2019-09-09 18:02:18,409 [26278548-c262-4d72-b577-3b7eb89bac6f:group-E7B0D22102B3:LeaderElection59] INFO  server.RaftServerConfigKeys (ConfUtils.java:logGet(43)) - raft.server.log.appender.buffer.byte-limit = 33554432 (custom)
2019-09-09 18:02:18,410 [26278548-c262-4d72-b577-3b7eb89bac6f:group-E7B0D22102B3:LeaderElection59] INFO  server.RaftServerConfigKeys (ConfUtils.java:logGet(43)) - raft.server.log.appender.buffer.element-limit = 1 (custom)
2019-09-09 18:02:18,410 [26278548-c262-4d72-b577-3b7eb89bac6f:group-E7B0D22102B3:LeaderElection59] INFO  grpc.GrpcConfigKeys$Server (ConfUtils.java:logGet(43)) - raft.grpc.server.leader.outstanding.appends.max = 128 (default)
2019-09-09 18:02:18,410 [26278548-c262-4d72-b577-3b7eb89bac6f:group-E7B0D22102B3:LeaderElection59] INFO  server.RaftServerConfigKeys (ConfUtils.java:logGet(43)) - raft.server.rpc.request.timeout = 3000ms (default)
2019-09-09 18:02:18,410 [26278548-c262-4d72-b577-3b7eb89bac6f:group-E7B0D22102B3:LeaderElection59] INFO  server.RaftServerConfigKeys (ConfUtils.java:logGet(43)) - raft.server.log.appender.install.snapshot.enabled = false (custom)
2019-09-09 18:02:18,410 [26278548-c262-4d72-b577-3b7eb89bac6f:group-E7B0D22102B3:LeaderElection59] INFO  impl.RoleInfo (RoleInfo.java:updateAndGet(143)) - 26278548-c262-4d72-b577-3b7eb89bac6f: start LeaderState
2019-09-09 18:02:18,410 [26278548-c262-4d72-b577-3b7eb89bac6f:group-E7B0D22102B3:LeaderElection59] INFO  segmented.SegmentedRaftLogWorker (SegmentedRaftLogWorker.java:startLogSegment(380)) - 26278548-c262-4d72-b577-3b7eb89bac6f-SegmentedRaftLogWorker:Storage Directory /workdir/hadoop-ozone/integration-test/target/test-dir/MiniOzoneClusterImpl-b5fe0712-b217-48e1-a309-931088266b0b/datanode-0/data/ratis/5a5db5b4-2ffa-47ce-abe8-e7b0d22102b3: Starting segment from index:0
2019-09-09 18:02:18,411 [26278548-c262-4d72-b577-3b7eb89bac6f:group-E7B0D22102B3:LeaderElection59] INFO  impl.RaftServerImpl (ServerState.java:setRaftConf(361)) - 26278548-c262-4d72-b577-3b7eb89bac6f:group-E7B0D22102B3 set configuration 0: [26278548-c262-4d72-b577-3b7eb89bac6f:192.168.34.39:44945, 5424b559-d12b-44e4-a34a-b8ff23546acb:192.168.34.39:43805, 1a603c78-5244-4e25-920a-cef477e0f94b:192.168.34.39:35215], old=null at 0
2019-09-09 18:02:18,444 [grpc-default-executor-7] INFO  impl.RaftServerImpl (ServerState.java:setLeader(263)) - 1a603c78-5244-4e25-920a-cef477e0f94b:group-E7B0D22102B3 change Leader from null to 26278548-c262-4d72-b577-3b7eb89bac6f at term 1 for appendEntries, leader elected after 5120ms
2019-09-09 18:02:18,459 [grpc-default-executor-5] INFO  impl.RaftServerImpl (ServerState.java:setLeader(263)) - 5424b559-d12b-44e4-a34a-b8ff23546acb:group-E7B0D22102B3 change Leader from null to 26278548-c262-4d72-b577-3b7eb89bac6f at term 1 for appendEntries, leader elected after 5135ms
2019-09-09 18:02:18,459 [26278548-c262-4d72-b577-3b7eb89bac6f-SegmentedRaftLogWorker:Storage Directory /workdir/hadoop-ozone/integration-test/target/test-dir/MiniOzoneClusterImpl-b5fe0712-b217-48e1-a309-931088266b0b/datanode-0/data/ratis/5a5db5b4-2ffa-47ce-abe8-e7b0d22102b3] INFO  segmented.SegmentedRaftLogWorker (SegmentedRaftLogWorker.java:execute(569)) - 26278548-c262-4d72-b577-3b7eb89bac6f-SegmentedRaftLogWorker:Storage Directory /workdir/hadoop-ozone/integration-test/target/test-dir/MiniOzoneClusterImpl-b5fe0712-b217-48e1-a309-931088266b0b/datanode-0/data/ratis/5a5db5b4-2ffa-47ce-abe8-e7b0d22102b3: created new log segment /workdir/hadoop-ozone/integration-test/target/test-dir/MiniOzoneClusterImpl-b5fe0712-b217-48e1-a309-931088266b0b/datanode-0/data/ratis/5a5db5b4-2ffa-47ce-abe8-e7b0d22102b3/current/log_inprogress_0
2019-09-09 18:02:18,459 | INFO  | SCMAudit | user=jenkins1000 | ip=192.168.34.39 | op=SEND_HEARTBEAT {datanodeUUID=9b543f03-5966-41d3-9881-7395d9adaa53, command=[]} | ret=SUCCESS |  
2019-09-09 18:02:18,465 [grpc-default-executor-5] INFO  impl.RaftServerImpl (ServerState.java:setRaftConf(361)) - 5424b559-d12b-44e4-a34a-b8ff23546acb:group-E7B0D22102B3 set configuration 0: [26278548-c262-4d72-b577-3b7eb89bac6f:192.168.34.39:44945, 5424b559-d12b-44e4-a34a-b8ff23546acb:192.168.34.39:43805, 1a603c78-5244-4e25-920a-cef477e0f94b:192.168.34.39:35215], old=null at 0
2019-09-09 18:02:18,465 [grpc-default-executor-7] INFO  impl.RaftServerImpl (ServerState.java:setRaftConf(361)) - 1a603c78-5244-4e25-920a-cef477e0f94b:group-E7B0D22102B3 set configuration 0: [26278548-c262-4d72-b577-3b7eb89bac6f:192.168.34.39:44945, 5424b559-d12b-44e4-a34a-b8ff23546acb:192.168.34.39:43805, 1a603c78-5244-4e25-920a-cef477e0f94b:192.168.34.39:35215], old=null at 0
2019-09-09 18:02:18,465 [grpc-default-executor-5] INFO  segmented.SegmentedRaftLogWorker (SegmentedRaftLogWorker.java:startLogSegment(380)) - 5424b559-d12b-44e4-a34a-b8ff23546acb-SegmentedRaftLogWorker:Storage Directory /workdir/hadoop-ozone/integration-test/target/test-dir/MiniOzoneClusterImpl-b5fe0712-b217-48e1-a309-931088266b0b/datanode-1/data/ratis/5a5db5b4-2ffa-47ce-abe8-e7b0d22102b3: Starting segment from index:0
2019-09-09 18:02:18,466 [grpc-default-executor-7] INFO  segmented.SegmentedRaftLogWorker (SegmentedRaftLogWorker.java:startLogSegment(380)) - 1a603c78-5244-4e25-920a-cef477e0f94b-SegmentedRaftLogWorker:Storage Directory /workdir/hadoop-ozone/integration-test/target/test-dir/MiniOzoneClusterImpl-b5fe0712-b217-48e1-a309-931088266b0b/datanode-2/data/ratis/5a5db5b4-2ffa-47ce-abe8-e7b0d22102b3: Starting segment from index:0
2019-09-09 18:02:18,508 [1a603c78-5244-4e25-920a-cef477e0f94b-SegmentedRaftLogWorker:Storage Directory /workdir/hadoop-ozone/integration-test/target/test-dir/MiniOzoneClusterImpl-b5fe0712-b217-48e1-a309-931088266b0b/datanode-2/data/ratis/5a5db5b4-2ffa-47ce-abe8-e7b0d22102b3] INFO  segmented.SegmentedRaftLogWorker (SegmentedRaftLogWorker.java:execute(569)) - 1a603c78-5244-4e25-920a-cef477e0f94b-SegmentedRaftLogWorker:Storage Directory /workdir/hadoop-ozone/integration-test/target/test-dir/MiniOzoneClusterImpl-b5fe0712-b217-48e1-a309-931088266b0b/datanode-2/data/ratis/5a5db5b4-2ffa-47ce-abe8-e7b0d22102b3: created new log segment /workdir/hadoop-ozone/integration-test/target/test-dir/MiniOzoneClusterImpl-b5fe0712-b217-48e1-a309-931088266b0b/datanode-2/data/ratis/5a5db5b4-2ffa-47ce-abe8-e7b0d22102b3/current/log_inprogress_0
2019-09-09 18:02:18,508 [5424b559-d12b-44e4-a34a-b8ff23546acb-SegmentedRaftLogWorker:Storage Directory /workdir/hadoop-ozone/integration-test/target/test-dir/MiniOzoneClusterImpl-b5fe0712-b217-48e1-a309-931088266b0b/datanode-1/data/ratis/5a5db5b4-2ffa-47ce-abe8-e7b0d22102b3] INFO  segmented.SegmentedRaftLogWorker (SegmentedRaftLogWorker.java:execute(569)) - 5424b559-d12b-44e4-a34a-b8ff23546acb-SegmentedRaftLogWorker:Storage Directory /workdir/hadoop-ozone/integration-test/target/test-dir/MiniOzoneClusterImpl-b5fe0712-b217-48e1-a309-931088266b0b/datanode-1/data/ratis/5a5db5b4-2ffa-47ce-abe8-e7b0d22102b3: created new log segment /workdir/hadoop-ozone/integration-test/target/test-dir/MiniOzoneClusterImpl-b5fe0712-b217-48e1-a309-931088266b0b/datanode-1/data/ratis/5a5db5b4-2ffa-47ce-abe8-e7b0d22102b3/current/log_inprogress_0
2019-09-09 18:02:18,512 | INFO  | SCMAudit | user=jenkins1000 | ip=192.168.34.39 | op=SEND_HEARTBEAT {datanodeUUID=ce295d13-7a4e-42d1-ae50-4896c2bb59ac, command=[]} | ret=SUCCESS |  
2019-09-09 18:02:18,529 [Thread-3268] INFO  impl.FollowerState (FollowerState.java:run(106)) - 3f9b7ce0-873d-4f37-9274-1664d68bc8f4:group-BDC22D8AC698 changes to CANDIDATE, lastRpcTime:5090, electionTimeout:5090ms
2019-09-09 18:02:18,529 [Thread-3268] INFO  impl.RoleInfo (RoleInfo.java:shutdownFollowerState(121)) - 3f9b7ce0-873d-4f37-9274-1664d68bc8f4: shutdown FollowerState
2019-09-09 18:02:18,529 [Thread-3268] INFO  impl.RaftServerImpl (RaftServerImpl.java:setRole(171)) - 3f9b7ce0-873d-4f37-9274-1664d68bc8f4:group-BDC22D8AC698 changes role from FOLLOWER to CANDIDATE at term 0 for changeToCandidate
2019-09-09 18:02:18,529 [Thread-3268] INFO  impl.RoleInfo (RoleInfo.java:updateAndGet(143)) - 3f9b7ce0-873d-4f37-9274-1664d68bc8f4: start LeaderElection
2019-09-09 18:02:18,535 [Thread-3265] INFO  impl.FollowerState (FollowerState.java:run(106)) - 22c0f27d-976a-42fe-b1a0-04db584cd0ca:group-E395EB3CDF20 changes to CANDIDATE, lastRpcTime:5127, electionTimeout:5127ms
2019-09-09 18:02:18,535 [Thread-3265] INFO  impl.RoleInfo (RoleInfo.java:shutdownFollowerState(121)) - 22c0f27d-976a-42fe-b1a0-04db584cd0ca: shutdown FollowerState
2019-09-09 18:02:18,535 [Thread-3265] INFO  impl.RaftServerImpl (RaftServerImpl.java:setRole(171)) - 22c0f27d-976a-42fe-b1a0-04db584cd0ca:group-E395EB3CDF20 changes role from FOLLOWER to CANDIDATE at term 0 for changeToCandidate
2019-09-09 18:02:18,535 [Thread-3265] INFO  impl.RoleInfo (RoleInfo.java:updateAndGet(143)) - 22c0f27d-976a-42fe-b1a0-04db584cd0ca: start LeaderElection
2019-09-09 18:02:18,552 [3f9b7ce0-873d-4f37-9274-1664d68bc8f4:group-BDC22D8AC698:LeaderElection60] INFO  impl.LeaderElection (LeaderElection.java:askForVotes(181)) - 3f9b7ce0-873d-4f37-9274-1664d68bc8f4:group-BDC22D8AC698:LeaderElection60: begin an election at term 1 for -1: [3f9b7ce0-873d-4f37-9274-1664d68bc8f4:192.168.34.39:44822], old=null
2019-09-09 18:02:18,552 [22c0f27d-976a-42fe-b1a0-04db584cd0ca:group-E395EB3CDF20:LeaderElection61] INFO  impl.LeaderElection (LeaderElection.java:askForVotes(181)) - 22c0f27d-976a-42fe-b1a0-04db584cd0ca:group-E395EB3CDF20:LeaderElection61: begin an election at term 1 for -1: [22c0f27d-976a-42fe-b1a0-04db584cd0ca:192.168.34.39:42331], old=null
2019-09-09 18:02:18,552 [3f9b7ce0-873d-4f37-9274-1664d68bc8f4:group-BDC22D8AC698:LeaderElection60] INFO  impl.RoleInfo (RoleInfo.java:shutdownLeaderElection(134)) - 3f9b7ce0-873d-4f37-9274-1664d68bc8f4: shutdown LeaderElection
2019-09-09 18:02:18,552 [22c0f27d-976a-42fe-b1a0-04db584cd0ca:group-E395EB3CDF20:LeaderElection61] INFO  impl.RoleInfo (RoleInfo.java:shutdownLeaderElection(134)) - 22c0f27d-976a-42fe-b1a0-04db584cd0ca: shutdown LeaderElection
2019-09-09 18:02:18,553 [3f9b7ce0-873d-4f37-9274-1664d68bc8f4:group-BDC22D8AC698:LeaderElection60] INFO  impl.RaftServerImpl (RaftServerImpl.java:setRole(171)) - 3f9b7ce0-873d-4f37-9274-1664d68bc8f4:group-BDC22D8AC698 changes role from CANDIDATE to LEADER at term 1 for changeToLeader
2019-09-09 18:02:18,553 [22c0f27d-976a-42fe-b1a0-04db584cd0ca:group-E395EB3CDF20:LeaderElection61] INFO  impl.RaftServerImpl (RaftServerImpl.java:setRole(171)) - 22c0f27d-976a-42fe-b1a0-04db584cd0ca:group-E395EB3CDF20 changes role from CANDIDATE to LEADER at term 1 for changeToLeader
2019-09-09 18:02:18,553 [3f9b7ce0-873d-4f37-9274-1664d68bc8f4:group-BDC22D8AC698:LeaderElection60] INFO  impl.RaftServerImpl (ServerState.java:setLeader(263)) - 3f9b7ce0-873d-4f37-9274-1664d68bc8f4:group-BDC22D8AC698 change Leader from null to 3f9b7ce0-873d-4f37-9274-1664d68bc8f4 at term 1 for becomeLeader, leader elected after 5117ms
2019-09-09 18:02:18,553 [22c0f27d-976a-42fe-b1a0-04db584cd0ca:group-E395EB3CDF20:LeaderElection61] INFO  impl.RaftServerImpl (ServerState.java:setLeader(263)) - 22c0f27d-976a-42fe-b1a0-04db584cd0ca:group-E395EB3CDF20 change Leader from null to 22c0f27d-976a-42fe-b1a0-04db584cd0ca at term 1 for becomeLeader, leader elected after 5150ms
2019-09-09 18:02:18,553 [3f9b7ce0-873d-4f37-9274-1664d68bc8f4:group-BDC22D8AC698:LeaderElection60] INFO  server.RaftServerConfigKeys (ConfUtils.java:logGet(43)) - raft.server.staging.catchup.gap = 1000 (default)
2019-09-09 18:02:18,553 [22c0f27d-976a-42fe-b1a0-04db584cd0ca:group-E395EB3CDF20:LeaderElection61] INFO  server.RaftServerConfigKeys (ConfUtils.java:logGet(43)) - raft.server.staging.catchup.gap = 1000 (default)
2019-09-09 18:02:18,553 [3f9b7ce0-873d-4f37-9274-1664d68bc8f4:group-BDC22D8AC698:LeaderElection60] INFO  server.RaftServerConfigKeys (ConfUtils.java:logGet(43)) - raft.server.rpc.sleep.time = 25ms (default)
2019-09-09 18:02:18,553 [22c0f27d-976a-42fe-b1a0-04db584cd0ca:group-E395EB3CDF20:LeaderElection61] INFO  server.RaftServerConfigKeys (ConfUtils.java:logGet(43)) - raft.server.rpc.sleep.time = 25ms (default)
2019-09-09 18:02:18,554 [3f9b7ce0-873d-4f37-9274-1664d68bc8f4:group-BDC22D8AC698:LeaderElection60] INFO  server.RaftServerConfigKeys (ConfUtils.java:logGet(43)) - raft.server.write.element-limit = 4096 (default)
2019-09-09 18:02:18,554 [22c0f27d-976a-42fe-b1a0-04db584cd0ca:group-E395EB3CDF20:LeaderElection61] INFO  server.RaftServerConfigKeys (ConfUtils.java:logGet(43)) - raft.server.write.element-limit = 4096 (default)
2019-09-09 18:02:18,554 [3f9b7ce0-873d-4f37-9274-1664d68bc8f4:group-BDC22D8AC698:LeaderElection60] INFO  server.RaftServerConfigKeys (ConfUtils.java:logGet(43)) - raft.server.watch.timeout = 10s (default)
2019-09-09 18:02:18,554 [22c0f27d-976a-42fe-b1a0-04db584cd0ca:group-E395EB3CDF20:LeaderElection61] INFO  server.RaftServerConfigKeys (ConfUtils.java:logGet(43)) - raft.server.watch.timeout = 10s (default)
2019-09-09 18:02:18,554 [3f9b7ce0-873d-4f37-9274-1664d68bc8f4:group-BDC22D8AC698:LeaderElection60] INFO  server.RaftServerConfigKeys (ConfUtils.java:logGet(43)) - raft.server.watch.timeout.denomination = 1s (default)
2019-09-09 18:02:18,554 [22c0f27d-976a-42fe-b1a0-04db584cd0ca:group-E395EB3CDF20:LeaderElection61] INFO  server.RaftServerConfigKeys (ConfUtils.java:logGet(43)) - raft.server.watch.timeout.denomination = 1s (default)
2019-09-09 18:02:18,554 [3f9b7ce0-873d-4f37-9274-1664d68bc8f4:group-BDC22D8AC698:LeaderElection60] INFO  server.RaftServerConfigKeys (ConfUtils.java:logGet(43)) - raft.server.watch.element-limit = 65536 (default)
2019-09-09 18:02:18,554 [22c0f27d-976a-42fe-b1a0-04db584cd0ca:group-E395EB3CDF20:LeaderElection61] INFO  server.RaftServerConfigKeys (ConfUtils.java:logGet(43)) - raft.server.watch.element-limit = 65536 (default)
2019-09-09 18:02:18,555 [3f9b7ce0-873d-4f37-9274-1664d68bc8f4:group-BDC22D8AC698:LeaderElection60] INFO  impl.RoleInfo (RoleInfo.java:updateAndGet(143)) - 3f9b7ce0-873d-4f37-9274-1664d68bc8f4: start LeaderState
2019-09-09 18:02:18,555 [22c0f27d-976a-42fe-b1a0-04db584cd0ca:group-E395EB3CDF20:LeaderElection61] INFO  impl.RoleInfo (RoleInfo.java:updateAndGet(143)) - 22c0f27d-976a-42fe-b1a0-04db584cd0ca: start LeaderState
2019-09-09 18:02:18,555 [3f9b7ce0-873d-4f37-9274-1664d68bc8f4:group-BDC22D8AC698:LeaderElection60] INFO  segmented.SegmentedRaftLogWorker (SegmentedRaftLogWorker.java:startLogSegment(380)) - 3f9b7ce0-873d-4f37-9274-1664d68bc8f4-SegmentedRaftLogWorker:Storage Directory /workdir/hadoop-ozone/integration-test/target/test-dir/MiniOzoneClusterImpl-b5fe0712-b217-48e1-a309-931088266b0b/datanode-4/data/ratis/72a348a1-d3c7-490a-9e11-bdc22d8ac698: Starting segment from index:0
2019-09-09 18:02:18,555 [22c0f27d-976a-42fe-b1a0-04db584cd0ca:group-E395EB3CDF20:LeaderElection61] INFO  segmented.SegmentedRaftLogWorker (SegmentedRaftLogWorker.java:startLogSegment(380)) - 22c0f27d-976a-42fe-b1a0-04db584cd0ca-SegmentedRaftLogWorker:Storage Directory /workdir/hadoop-ozone/integration-test/target/test-dir/MiniOzoneClusterImpl-b5fe0712-b217-48e1-a309-931088266b0b/datanode-3/data/ratis/ef03a2d2-7939-4d67-b31c-e395eb3cdf20: Starting segment from index:0
2019-09-09 18:02:18,555 [3f9b7ce0-873d-4f37-9274-1664d68bc8f4:group-BDC22D8AC698:LeaderElection60] INFO  impl.RaftServerImpl (ServerState.java:setRaftConf(361)) - 3f9b7ce0-873d-4f37-9274-1664d68bc8f4:group-BDC22D8AC698 set configuration 0: [3f9b7ce0-873d-4f37-9274-1664d68bc8f4:192.168.34.39:44822], old=null at 0
2019-09-09 18:02:18,592 [Thread-3278] INFO  impl.FollowerState (FollowerState.java:run(106)) - 22c0f27d-976a-42fe-b1a0-04db584cd0ca:group-A83FDD0C593A changes to CANDIDATE, lastRpcTime:5033, electionTimeout:5027ms
2019-09-09 18:02:18,592 [Thread-3278] INFO  impl.RoleInfo (RoleInfo.java:shutdownFollowerState(121)) - 22c0f27d-976a-42fe-b1a0-04db584cd0ca: shutdown FollowerState
2019-09-09 18:02:18,592 [Thread-3278] INFO  impl.RaftServerImpl (RaftServerImpl.java:setRole(171)) - 22c0f27d-976a-42fe-b1a0-04db584cd0ca:group-A83FDD0C593A changes role from FOLLOWER to CANDIDATE at term 0 for changeToCandidate
2019-09-09 18:02:18,592 [22c0f27d-976a-42fe-b1a0-04db584cd0ca:group-E395EB3CDF20:LeaderElection61] INFO  impl.RaftServerImpl (ServerState.java:setRaftConf(361)) - 22c0f27d-976a-42fe-b1a0-04db584cd0ca:group-E395EB3CDF20 set configuration 0: [22c0f27d-976a-42fe-b1a0-04db584cd0ca:192.168.34.39:42331], old=null at 0
2019-09-09 18:02:18,592 [Thread-3278] INFO  impl.RoleInfo (RoleInfo.java:updateAndGet(143)) - 22c0f27d-976a-42fe-b1a0-04db584cd0ca: start LeaderElection
2019-09-09 18:02:18,630 [3f9b7ce0-873d-4f37-9274-1664d68bc8f4-SegmentedRaftLogWorker:Storage Directory /workdir/hadoop-ozone/integration-test/target/test-dir/MiniOzoneClusterImpl-b5fe0712-b217-48e1-a309-931088266b0b/datanode-4/data/ratis/72a348a1-d3c7-490a-9e11-bdc22d8ac698] INFO  segmented.SegmentedRaftLogWorker (SegmentedRaftLogWorker.java:execute(569)) - 3f9b7ce0-873d-4f37-9274-1664d68bc8f4-SegmentedRaftLogWorker:Storage Directory /workdir/hadoop-ozone/integration-test/target/test-dir/MiniOzoneClusterImpl-b5fe0712-b217-48e1-a309-931088266b0b/datanode-4/data/ratis/72a348a1-d3c7-490a-9e11-bdc22d8ac698: created new log segment /workdir/hadoop-ozone/integration-test/target/test-dir/MiniOzoneClusterImpl-b5fe0712-b217-48e1-a309-931088266b0b/datanode-4/data/ratis/72a348a1-d3c7-490a-9e11-bdc22d8ac698/current/log_inprogress_0
2019-09-09 18:02:18,630 [Thread-3271] INFO  impl.FollowerState (FollowerState.java:run(106)) - 9b543f03-5966-41d3-9881-7395d9adaa53:group-FFC4BEB6F312 changes to CANDIDATE, lastRpcTime:5139, electionTimeout:5137ms
2019-09-09 18:02:18,630 [Thread-3271] INFO  impl.RoleInfo (RoleInfo.java:shutdownFollowerState(121)) - 9b543f03-5966-41d3-9881-7395d9adaa53: shutdown FollowerState
2019-09-09 18:02:18,635 [Thread-3271] INFO  impl.RaftServerImpl (RaftServerImpl.java:setRole(171)) - 9b543f03-5966-41d3-9881-7395d9adaa53:group-FFC4BEB6F312 changes role from FOLLOWER to CANDIDATE at term 0 for changeToCandidate
2019-09-09 18:02:18,636 [Thread-3271] INFO  impl.RoleInfo (RoleInfo.java:updateAndGet(143)) - 9b543f03-5966-41d3-9881-7395d9adaa53: start LeaderElection
2019-09-09 18:02:18,645 [22c0f27d-976a-42fe-b1a0-04db584cd0ca-SegmentedRaftLogWorker:Storage Directory /workdir/hadoop-ozone/integration-test/target/test-dir/MiniOzoneClusterImpl-b5fe0712-b217-48e1-a309-931088266b0b/datanode-3/data/ratis/ef03a2d2-7939-4d67-b31c-e395eb3cdf20] INFO  segmented.SegmentedRaftLogWorker (SegmentedRaftLogWorker.java:execute(569)) - 22c0f27d-976a-42fe-b1a0-04db584cd0ca-SegmentedRaftLogWorker:Storage Directory /workdir/hadoop-ozone/integration-test/target/test-dir/MiniOzoneClusterImpl-b5fe0712-b217-48e1-a309-931088266b0b/datanode-3/data/ratis/ef03a2d2-7939-4d67-b31c-e395eb3cdf20: created new log segment /workdir/hadoop-ozone/integration-test/target/test-dir/MiniOzoneClusterImpl-b5fe0712-b217-48e1-a309-931088266b0b/datanode-3/data/ratis/ef03a2d2-7939-4d67-b31c-e395eb3cdf20/current/log_inprogress_0
2019-09-09 18:02:18,645 [22c0f27d-976a-42fe-b1a0-04db584cd0ca:group-A83FDD0C593A:LeaderElection62] INFO  impl.LeaderElection (LeaderElection.java:askForVotes(181)) - 22c0f27d-976a-42fe-b1a0-04db584cd0ca:group-A83FDD0C593A:LeaderElection62: begin an election at term 1 for -1: [3f9b7ce0-873d-4f37-9274-1664d68bc8f4:192.168.34.39:44822, 22c0f27d-976a-42fe-b1a0-04db584cd0ca:192.168.34.39:42331, 9b543f03-5966-41d3-9881-7395d9adaa53:192.168.34.39:34335], old=null
2019-09-09 18:02:18,646 [grpc-default-executor-3] INFO  client.GrpcClientProtocolClient (GrpcClientProtocolClient.java:onNext(255)) - client-1B196153D3AF->1a603c78-5244-4e25-920a-cef477e0f94b: receive RaftClientReply:client-1B196153D3AF->1a603c78-5244-4e25-920a-cef477e0f94b@group-E7B0D22102B3, cid=162, FAILED org.apache.ratis.protocol.NotLeaderException: Server 1a603c78-5244-4e25-920a-cef477e0f94b is not the leader (26278548-c262-4d72-b577-3b7eb89bac6f:192.168.34.39:44945). Request must be sent to leader., logIndex=0, commits[1a603c78-5244-4e25-920a-cef477e0f94b:c-1, 26278548-c262-4d72-b577-3b7eb89bac6f:c-1, 5424b559-d12b-44e4-a34a-b8ff23546acb:c-1]
2019-09-09 18:02:18,659 [grpc-default-executor-3] INFO  impl.RaftServerImpl (RaftServerImpl.java:setRole(171)) - 3f9b7ce0-873d-4f37-9274-1664d68bc8f4:group-A83FDD0C593A changes role from FOLLOWER to FOLLOWER at term 1 for recognizeCandidate:22c0f27d-976a-42fe-b1a0-04db584cd0ca
2019-09-09 18:02:18,659 [grpc-default-executor-5] INFO  impl.RaftServerImpl (RaftServerImpl.java:setRole(171)) - 9b543f03-5966-41d3-9881-7395d9adaa53:group-A83FDD0C593A changes role from FOLLOWER to FOLLOWER at term 1 for recognizeCandidate:22c0f27d-976a-42fe-b1a0-04db584cd0ca
2019-09-09 18:02:18,659 [grpc-default-executor-3] INFO  impl.RoleInfo (RoleInfo.java:shutdownFollowerState(121)) - 3f9b7ce0-873d-4f37-9274-1664d68bc8f4: shutdown FollowerState
2019-09-09 18:02:18,659 [grpc-default-executor-5] INFO  impl.RoleInfo (RoleInfo.java:shutdownFollowerState(121)) - 9b543f03-5966-41d3-9881-7395d9adaa53: shutdown FollowerState
2019-09-09 18:02:18,660 [Thread-3282] INFO  impl.FollowerState (FollowerState.java:run(114)) - 3f9b7ce0-873d-4f37-9274-1664d68bc8f4: FollowerState was interrupted: java.lang.InterruptedException: sleep interrupted
2019-09-09 18:02:18,659 [grpc-default-executor-3] INFO  impl.RoleInfo (RoleInfo.java:updateAndGet(143)) - 3f9b7ce0-873d-4f37-9274-1664d68bc8f4: start FollowerState
2019-09-09 18:02:18,662 [Thread-3277] INFO  impl.FollowerState (FollowerState.java:run(114)) - 9b543f03-5966-41d3-9881-7395d9adaa53: FollowerState was interrupted: java.lang.InterruptedException: sleep interrupted
2019-09-09 18:02:18,660 [grpc-default-executor-5] INFO  impl.RoleInfo (RoleInfo.java:updateAndGet(143)) - 9b543f03-5966-41d3-9881-7395d9adaa53: start FollowerState
2019-09-09 18:02:18,664 [9b543f03-5966-41d3-9881-7395d9adaa53:group-FFC4BEB6F312:LeaderElection63] INFO  impl.LeaderElection (LeaderElection.java:askForVotes(181)) - 9b543f03-5966-41d3-9881-7395d9adaa53:group-FFC4BEB6F312:LeaderElection63: begin an election at term 1 for -1: [9b543f03-5966-41d3-9881-7395d9adaa53:192.168.34.39:34335], old=null
2019-09-09 18:02:18,664 [9b543f03-5966-41d3-9881-7395d9adaa53:group-FFC4BEB6F312:LeaderElection63] INFO  impl.RoleInfo (RoleInfo.java:shutdownLeaderElection(134)) - 9b543f03-5966-41d3-9881-7395d9adaa53: shutdown LeaderElection
2019-09-09 18:02:18,665 [9b543f03-5966-41d3-9881-7395d9adaa53:group-FFC4BEB6F312:LeaderElection63] INFO  impl.RaftServerImpl (RaftServerImpl.java:setRole(171)) - 9b543f03-5966-41d3-9881-7395d9adaa53:group-FFC4BEB6F312 changes role from CANDIDATE to LEADER at term 1 for changeToLeader
2019-09-09 18:02:18,665 [9b543f03-5966-41d3-9881-7395d9adaa53:group-FFC4BEB6F312:LeaderElection63] INFO  impl.RaftServerImpl (ServerState.java:setLeader(263)) - 9b543f03-5966-41d3-9881-7395d9adaa53:group-FFC4BEB6F312 change Leader from null to 9b543f03-5966-41d3-9881-7395d9adaa53 at term 1 for becomeLeader, leader elected after 5179ms
2019-09-09 18:02:18,665 [9b543f03-5966-41d3-9881-7395d9adaa53:group-FFC4BEB6F312:LeaderElection63] INFO  server.RaftServerConfigKeys (ConfUtils.java:logGet(43)) - raft.server.staging.catchup.gap = 1000 (default)
2019-09-09 18:02:18,665 [9b543f03-5966-41d3-9881-7395d9adaa53:group-FFC4BEB6F312:LeaderElection63] INFO  server.RaftServerConfigKeys (ConfUtils.java:logGet(43)) - raft.server.rpc.sleep.time = 25ms (default)
2019-09-09 18:02:18,665 [9b543f03-5966-41d3-9881-7395d9adaa53:group-FFC4BEB6F312:LeaderElection63] INFO  server.RaftServerConfigKeys (ConfUtils.java:logGet(43)) - raft.server.write.element-limit = 4096 (default)
2019-09-09 18:02:18,665 [9b543f03-5966-41d3-9881-7395d9adaa53:group-FFC4BEB6F312:LeaderElection63] INFO  server.RaftServerConfigKeys (ConfUtils.java:logGet(43)) - raft.server.watch.timeout = 10s (default)
2019-09-09 18:02:18,665 [9b543f03-5966-41d3-9881-7395d9adaa53:group-FFC4BEB6F312:LeaderElection63] INFO  server.RaftServerConfigKeys (ConfUtils.java:logGet(43)) - raft.server.watch.timeout.denomination = 1s (default)
2019-09-09 18:02:18,666 [9b543f03-5966-41d3-9881-7395d9adaa53:group-FFC4BEB6F312:LeaderElection63] INFO  server.RaftServerConfigKeys (ConfUtils.java:logGet(43)) - raft.server.watch.element-limit = 65536 (default)
2019-09-09 18:02:18,666 [9b543f03-5966-41d3-9881-7395d9adaa53:group-FFC4BEB6F312:LeaderElection63] INFO  impl.RoleInfo (RoleInfo.java:updateAndGet(143)) - 9b543f03-5966-41d3-9881-7395d9adaa53: start LeaderState
2019-09-09 18:02:18,666 [9b543f03-5966-41d3-9881-7395d9adaa53:group-FFC4BEB6F312:LeaderElection63] INFO  segmented.SegmentedRaftLogWorker (SegmentedRaftLogWorker.java:startLogSegment(380)) - 9b543f03-5966-41d3-9881-7395d9adaa53-SegmentedRaftLogWorker:Storage Directory /workdir/hadoop-ozone/integration-test/target/test-dir/MiniOzoneClusterImpl-b5fe0712-b217-48e1-a309-931088266b0b/datanode-5/data/ratis/1347c99e-4c18-461d-be30-ffc4beb6f312: Starting segment from index:0
2019-09-09 18:02:18,667 [9b543f03-5966-41d3-9881-7395d9adaa53:group-FFC4BEB6F312:LeaderElection63] INFO  impl.RaftServerImpl (ServerState.java:setRaftConf(361)) - 9b543f03-5966-41d3-9881-7395d9adaa53:group-FFC4BEB6F312 set configuration 0: [9b543f03-5966-41d3-9881-7395d9adaa53:192.168.34.39:34335], old=null at 0
2019-09-09 18:02:18,703 [22c0f27d-976a-42fe-b1a0-04db584cd0ca:group-A83FDD0C593A:LeaderElection62] INFO  impl.LeaderElection (LeaderElection.java:logAndReturn(56)) - 22c0f27d-976a-42fe-b1a0-04db584cd0ca:group-A83FDD0C593A:LeaderElection62: Election PASSED; received 1 response(s) [22c0f27d-976a-42fe-b1a0-04db584cd0ca<-9b543f03-5966-41d3-9881-7395d9adaa53#0:OK-t1] and 0 exception(s); 22c0f27d-976a-42fe-b1a0-04db584cd0ca:t1, leader=null, voted=22c0f27d-976a-42fe-b1a0-04db584cd0ca, raftlog=22c0f27d-976a-42fe-b1a0-04db584cd0ca-SegmentedRaftLog:OPENED:c-1,f-1,i0, conf=-1: [3f9b7ce0-873d-4f37-9274-1664d68bc8f4:192.168.34.39:44822, 22c0f27d-976a-42fe-b1a0-04db584cd0ca:192.168.34.39:42331, 9b543f03-5966-41d3-9881-7395d9adaa53:192.168.34.39:34335], old=null
2019-09-09 18:02:18,704 [22c0f27d-976a-42fe-b1a0-04db584cd0ca:group-A83FDD0C593A:LeaderElection62] INFO  impl.RoleInfo (RoleInfo.java:shutdownLeaderElection(134)) - 22c0f27d-976a-42fe-b1a0-04db584cd0ca: shutdown LeaderElection
2019-09-09 18:02:18,704 [22c0f27d-976a-42fe-b1a0-04db584cd0ca:group-A83FDD0C593A:LeaderElection62] INFO  impl.RaftServerImpl (RaftServerImpl.java:setRole(171)) - 22c0f27d-976a-42fe-b1a0-04db584cd0ca:group-A83FDD0C593A changes role from CANDIDATE to LEADER at term 1 for changeToLeader
2019-09-09 18:02:18,704 [22c0f27d-976a-42fe-b1a0-04db584cd0ca:group-A83FDD0C593A:LeaderElection62] INFO  impl.RaftServerImpl (ServerState.java:setLeader(263)) - 22c0f27d-976a-42fe-b1a0-04db584cd0ca:group-A83FDD0C593A change Leader from null to 22c0f27d-976a-42fe-b1a0-04db584cd0ca at term 1 for becomeLeader, leader elected after 5168ms
2019-09-09 18:02:18,704 [22c0f27d-976a-42fe-b1a0-04db584cd0ca:group-A83FDD0C593A:LeaderElection62] INFO  server.RaftServerConfigKeys (ConfUtils.java:logGet(43)) - raft.server.staging.catchup.gap = 1000 (default)
2019-09-09 18:02:18,704 [22c0f27d-976a-42fe-b1a0-04db584cd0ca:group-A83FDD0C593A:LeaderElection62] INFO  server.RaftServerConfigKeys (ConfUtils.java:logGet(43)) - raft.server.rpc.sleep.time = 25ms (default)
2019-09-09 18:02:18,704 [22c0f27d-976a-42fe-b1a0-04db584cd0ca:group-A83FDD0C593A:LeaderElection62] INFO  server.RaftServerConfigKeys (ConfUtils.java:logGet(43)) - raft.server.write.element-limit = 4096 (default)
2019-09-09 18:02:18,705 [22c0f27d-976a-42fe-b1a0-04db584cd0ca:group-A83FDD0C593A:LeaderElection62] INFO  server.RaftServerConfigKeys (ConfUtils.java:logGet(43)) - raft.server.watch.timeout = 10s (default)
2019-09-09 18:02:18,705 [22c0f27d-976a-42fe-b1a0-04db584cd0ca:group-A83FDD0C593A:LeaderElection62] INFO  server.RaftServerConfigKeys (ConfUtils.java:logGet(43)) - raft.server.watch.timeout.denomination = 1s (default)
2019-09-09 18:02:18,705 [22c0f27d-976a-42fe-b1a0-04db584cd0ca:group-A83FDD0C593A:LeaderElection62] INFO  server.RaftServerConfigKeys (ConfUtils.java:logGet(43)) - raft.server.watch.element-limit = 65536 (default)
2019-09-09 18:02:18,705 [22c0f27d-976a-42fe-b1a0-04db584cd0ca:group-A83FDD0C593A:LeaderElection62] INFO  server.RaftServerConfigKeys (ConfUtils.java:logGet(43)) - raft.server.log.appender.snapshot.chunk.size.max = 16MB (=16777216) (default)
2019-09-09 18:02:18,705 [22c0f27d-976a-42fe-b1a0-04db584cd0ca:group-A83FDD0C593A:LeaderElection62] INFO  server.RaftServerConfigKeys (ConfUtils.java:logGet(43)) - raft.server.log.appender.buffer.byte-limit = 33554432 (custom)
2019-09-09 18:02:18,705 [22c0f27d-976a-42fe-b1a0-04db584cd0ca:group-A83FDD0C593A:LeaderElection62] INFO  server.RaftServerConfigKeys (ConfUtils.java:logGet(43)) - raft.server.log.appender.buffer.element-limit = 1 (custom)
2019-09-09 18:02:18,706 [22c0f27d-976a-42fe-b1a0-04db584cd0ca:group-A83FDD0C593A:LeaderElection62] INFO  grpc.GrpcConfigKeys$Server (ConfUtils.java:logGet(43)) - raft.grpc.server.leader.outstanding.appends.max = 128 (default)
2019-09-09 18:02:18,706 [22c0f27d-976a-42fe-b1a0-04db584cd0ca:group-A83FDD0C593A:LeaderElection62] INFO  server.RaftServerConfigKeys (ConfUtils.java:logGet(43)) - raft.server.rpc.request.timeout = 3000ms (default)
2019-09-09 18:02:18,706 [9b543f03-5966-41d3-9881-7395d9adaa53-SegmentedRaftLogWorker:Storage Directory /workdir/hadoop-ozone/integration-test/target/test-dir/MiniOzoneClusterImpl-b5fe0712-b217-48e1-a309-931088266b0b/datanode-5/data/ratis/1347c99e-4c18-461d-be30-ffc4beb6f312] INFO  segmented.SegmentedRaftLogWorker (SegmentedRaftLogWorker.java:execute(569)) - 9b543f03-5966-41d3-9881-7395d9adaa53-SegmentedRaftLogWorker:Storage Directory /workdir/hadoop-ozone/integration-test/target/test-dir/MiniOzoneClusterImpl-b5fe0712-b217-48e1-a309-931088266b0b/datanode-5/data/ratis/1347c99e-4c18-461d-be30-ffc4beb6f312: created new log segment /workdir/hadoop-ozone/integration-test/target/test-dir/MiniOzoneClusterImpl-b5fe0712-b217-48e1-a309-931088266b0b/datanode-5/data/ratis/1347c99e-4c18-461d-be30-ffc4beb6f312/current/log_inprogress_0
2019-09-09 18:02:18,706 [22c0f27d-976a-42fe-b1a0-04db584cd0ca:group-A83FDD0C593A:LeaderElection62] INFO  server.RaftServerConfigKeys (ConfUtils.java:logGet(43)) - raft.server.log.appender.install.snapshot.enabled = false (custom)
2019-09-09 18:02:18,706 [22c0f27d-976a-42fe-b1a0-04db584cd0ca:group-A83FDD0C593A:LeaderElection62] INFO  server.RaftServerConfigKeys (ConfUtils.java:logGet(43)) - raft.server.log.appender.snapshot.chunk.size.max = 16MB (=16777216) (default)
2019-09-09 18:02:18,707 [22c0f27d-976a-42fe-b1a0-04db584cd0ca:group-A83FDD0C593A:LeaderElection62] INFO  server.RaftServerConfigKeys (ConfUtils.java:logGet(43)) - raft.server.log.appender.buffer.byte-limit = 33554432 (custom)
2019-09-09 18:02:18,707 [22c0f27d-976a-42fe-b1a0-04db584cd0ca:group-A83FDD0C593A:LeaderElection62] INFO  server.RaftServerConfigKeys (ConfUtils.java:logGet(43)) - raft.server.log.appender.buffer.element-limit = 1 (custom)
2019-09-09 18:02:18,707 [22c0f27d-976a-42fe-b1a0-04db584cd0ca:group-A83FDD0C593A:LeaderElection62] INFO  grpc.GrpcConfigKeys$Server (ConfUtils.java:logGet(43)) - raft.grpc.server.leader.outstanding.appends.max = 128 (default)
2019-09-09 18:02:18,707 [22c0f27d-976a-42fe-b1a0-04db584cd0ca:group-A83FDD0C593A:LeaderElection62] INFO  server.RaftServerConfigKeys (ConfUtils.java:logGet(43)) - raft.server.rpc.request.timeout = 3000ms (default)
2019-09-09 18:02:18,707 [22c0f27d-976a-42fe-b1a0-04db584cd0ca:group-A83FDD0C593A:LeaderElection62] INFO  server.RaftServerConfigKeys (ConfUtils.java:logGet(43)) - raft.server.log.appender.install.snapshot.enabled = false (custom)
2019-09-09 18:02:18,707 [22c0f27d-976a-42fe-b1a0-04db584cd0ca:group-A83FDD0C593A:LeaderElection62] INFO  impl.RoleInfo (RoleInfo.java:updateAndGet(143)) - 22c0f27d-976a-42fe-b1a0-04db584cd0ca: start LeaderState
2019-09-09 18:02:18,708 [22c0f27d-976a-42fe-b1a0-04db584cd0ca:group-A83FDD0C593A:LeaderElection62] INFO  segmented.SegmentedRaftLogWorker (SegmentedRaftLogWorker.java:startLogSegment(380)) - 22c0f27d-976a-42fe-b1a0-04db584cd0ca-SegmentedRaftLogWorker:Storage Directory /workdir/hadoop-ozone/integration-test/target/test-dir/MiniOzoneClusterImpl-b5fe0712-b217-48e1-a309-931088266b0b/datanode-3/data/ratis/89599edb-5fd1-4c9a-a702-a83fdd0c593a: Starting segment from index:0
2019-09-09 18:02:18,708 [22c0f27d-976a-42fe-b1a0-04db584cd0ca:group-A83FDD0C593A:LeaderElection62] INFO  impl.RaftServerImpl (ServerState.java:setRaftConf(361)) - 22c0f27d-976a-42fe-b1a0-04db584cd0ca:group-A83FDD0C593A set configuration 0: [3f9b7ce0-873d-4f37-9274-1664d68bc8f4:192.168.34.39:44822, 22c0f27d-976a-42fe-b1a0-04db584cd0ca:192.168.34.39:42331, 9b543f03-5966-41d3-9881-7395d9adaa53:192.168.34.39:34335], old=null at 0
2019-09-09 18:02:18,712 [grpc-default-executor-3] INFO  impl.RaftServerImpl (ServerState.java:setLeader(263)) - 3f9b7ce0-873d-4f37-9274-1664d68bc8f4:group-A83FDD0C593A change Leader from null to 22c0f27d-976a-42fe-b1a0-04db584cd0ca at term 1 for appendEntries, leader elected after 5154ms
2019-09-09 18:02:18,714 [grpc-default-executor-4] INFO  impl.RaftServerImpl (ServerState.java:setLeader(263)) - 9b543f03-5966-41d3-9881-7395d9adaa53:group-A83FDD0C593A change Leader from null to 22c0f27d-976a-42fe-b1a0-04db584cd0ca at term 1 for appendEntries, leader elected after 5178ms
2019-09-09 18:02:18,719 [grpc-default-executor-4] INFO  impl.RaftServerImpl (ServerState.java:setRaftConf(361)) - 3f9b7ce0-873d-4f37-9274-1664d68bc8f4:group-A83FDD0C593A set configuration 0: [3f9b7ce0-873d-4f37-9274-1664d68bc8f4:192.168.34.39:44822, 22c0f27d-976a-42fe-b1a0-04db584cd0ca:192.168.34.39:42331, 9b543f03-5966-41d3-9881-7395d9adaa53:192.168.34.39:34335], old=null at 0
2019-09-09 18:02:18,750 [grpc-default-executor-3] INFO  impl.RaftServerImpl (ServerState.java:setRaftConf(361)) - 9b543f03-5966-41d3-9881-7395d9adaa53:group-A83FDD0C593A set configuration 0: [3f9b7ce0-873d-4f37-9274-1664d68bc8f4:192.168.34.39:44822, 22c0f27d-976a-42fe-b1a0-04db584cd0ca:192.168.34.39:42331, 9b543f03-5966-41d3-9881-7395d9adaa53:192.168.34.39:34335], old=null at 0
2019-09-09 18:02:18,750 [grpc-default-executor-4] INFO  segmented.SegmentedRaftLogWorker (SegmentedRaftLogWorker.java:startLogSegment(380)) - 3f9b7ce0-873d-4f37-9274-1664d68bc8f4-SegmentedRaftLogWorker:Storage Directory /workdir/hadoop-ozone/integration-test/target/test-dir/MiniOzoneClusterImpl-b5fe0712-b217-48e1-a309-931088266b0b/datanode-4/data/ratis/89599edb-5fd1-4c9a-a702-a83fdd0c593a: Starting segment from index:0
2019-09-09 18:02:18,750 [grpc-default-executor-3] INFO  segmented.SegmentedRaftLogWorker (SegmentedRaftLogWorker.java:startLogSegment(380)) - 9b543f03-5966-41d3-9881-7395d9adaa53-SegmentedRaftLogWorker:Storage Directory /workdir/hadoop-ozone/integration-test/target/test-dir/MiniOzoneClusterImpl-b5fe0712-b217-48e1-a309-931088266b0b/datanode-5/data/ratis/89599edb-5fd1-4c9a-a702-a83fdd0c593a: Starting segment from index:0
2019-09-09 18:02:18,779 [22c0f27d-976a-42fe-b1a0-04db584cd0ca-SegmentedRaftLogWorker:Storage Directory /workdir/hadoop-ozone/integration-test/target/test-dir/MiniOzoneClusterImpl-b5fe0712-b217-48e1-a309-931088266b0b/datanode-3/data/ratis/89599edb-5fd1-4c9a-a702-a83fdd0c593a] INFO  segmented.SegmentedRaftLogWorker (SegmentedRaftLogWorker.java:execute(569)) - 22c0f27d-976a-42fe-b1a0-04db584cd0ca-SegmentedRaftLogWorker:Storage Directory /workdir/hadoop-ozone/integration-test/target/test-dir/MiniOzoneClusterImpl-b5fe0712-b217-48e1-a309-931088266b0b/datanode-3/data/ratis/89599edb-5fd1-4c9a-a702-a83fdd0c593a: created new log segment /workdir/hadoop-ozone/integration-test/target/test-dir/MiniOzoneClusterImpl-b5fe0712-b217-48e1-a309-931088266b0b/datanode-3/data/ratis/89599edb-5fd1-4c9a-a702-a83fdd0c593a/current/log_inprogress_0
2019-09-09 18:02:18,797 | INFO  | DNAudit | user=null | ip=null | op=WRITE_CHUNK {blockData=conID: 1 locID: 102763864625250318 bcsId: 0} | ret=SUCCESS |  
2019-09-09 18:02:18,798 | INFO  | SCMAudit | user=jenkins1000 | ip=192.168.34.39 | op=SEND_HEARTBEAT {datanodeUUID=26278548-c262-4d72-b577-3b7eb89bac6f, command=[]} | ret=SUCCESS |  
2019-09-09 18:02:18,805 [9b543f03-5966-41d3-9881-7395d9adaa53-SegmentedRaftLogWorker:Storage Directory /workdir/hadoop-ozone/integration-test/target/test-dir/MiniOzoneClusterImpl-b5fe0712-b217-48e1-a309-931088266b0b/datanode-5/data/ratis/89599edb-5fd1-4c9a-a702-a83fdd0c593a] INFO  segmented.SegmentedRaftLogWorker (SegmentedRaftLogWorker.java:execute(569)) - 9b543f03-5966-41d3-9881-7395d9adaa53-SegmentedRaftLogWorker:Storage Directory /workdir/hadoop-ozone/integration-test/target/test-dir/MiniOzoneClusterImpl-b5fe0712-b217-48e1-a309-931088266b0b/datanode-5/data/ratis/89599edb-5fd1-4c9a-a702-a83fdd0c593a: created new log segment /workdir/hadoop-ozone/integration-test/target/test-dir/MiniOzoneClusterImpl-b5fe0712-b217-48e1-a309-931088266b0b/datanode-5/data/ratis/89599edb-5fd1-4c9a-a702-a83fdd0c593a/current/log_inprogress_0
2019-09-09 18:02:18,805 [3f9b7ce0-873d-4f37-9274-1664d68bc8f4-SegmentedRaftLogWorker:Storage Directory /workdir/hadoop-ozone/integration-test/target/test-dir/MiniOzoneClusterImpl-b5fe0712-b217-48e1-a309-931088266b0b/datanode-4/data/ratis/89599edb-5fd1-4c9a-a702-a83fdd0c593a] INFO  segmented.SegmentedRaftLogWorker (SegmentedRaftLogWorker.java:execute(569)) - 3f9b7ce0-873d-4f37-9274-1664d68bc8f4-SegmentedRaftLogWorker:Storage Directory /workdir/hadoop-ozone/integration-test/target/test-dir/MiniOzoneClusterImpl-b5fe0712-b217-48e1-a309-931088266b0b/datanode-4/data/ratis/89599edb-5fd1-4c9a-a702-a83fdd0c593a: created new log segment /workdir/hadoop-ozone/integration-test/target/test-dir/MiniOzoneClusterImpl-b5fe0712-b217-48e1-a309-931088266b0b/datanode-4/data/ratis/89599edb-5fd1-4c9a-a702-a83fdd0c593a/current/log_inprogress_0
2019-09-09 18:02:18,838 | INFO  | DNAudit | user=null | ip=null | op=WRITE_CHUNK {blockData=conID: 1 locID: 102763864625250318 bcsId: 0} | ret=SUCCESS |  
2019-09-09 18:02:18,838 | INFO  | DNAudit | user=null | ip=null | op=WRITE_CHUNK {blockData=conID: 1 locID: 102763864625250318 bcsId: 0} | ret=SUCCESS |  
2019-09-09 18:02:18,839 | INFO  | SCMAudit | user=jenkins1000 | ip=192.168.34.39 | op=SEND_HEARTBEAT {datanodeUUID=1a603c78-5244-4e25-920a-cef477e0f94b, command=[]} | ret=SUCCESS |  
2019-09-09 18:02:18,839 | INFO  | SCMAudit | user=jenkins1000 | ip=192.168.34.39 | op=SEND_HEARTBEAT {datanodeUUID=5424b559-d12b-44e4-a34a-b8ff23546acb, command=[]} | ret=SUCCESS |  
2019-09-09 18:02:18,854 | INFO  | DNAudit | user=null | ip=null | op=WRITE_CHUNK {blockData=conID: 1 locID: 102763864625250318 bcsId: 0} | ret=SUCCESS |  
2019-09-09 18:02:18,858 [grpc-default-executor-3] INFO  client.GrpcClientProtocolClient (GrpcClientProtocolClient.java:onNext(255)) - client-1B196153D3AF->26278548-c262-4d72-b577-3b7eb89bac6f: receive RaftClientReply:client-1B196153D3AF->26278548-c262-4d72-b577-3b7eb89bac6f@group-E7B0D22102B3, cid=162, SUCCESS, logIndex=1, commits[26278548-c262-4d72-b577-3b7eb89bac6f:c1, 5424b559-d12b-44e4-a34a-b8ff23546acb:c0, 1a603c78-5244-4e25-920a-cef477e0f94b:c0]
2019-09-09 18:02:18,863 | INFO  | DNAudit | user=null | ip=null | op=WRITE_CHUNK {blockData=conID: 1 locID: 102763864625250318 bcsId: 0} | ret=SUCCESS |  
2019-09-09 18:02:18,864 | INFO  | DNAudit | user=null | ip=null | op=WRITE_CHUNK {blockData=conID: 1 locID: 102763864625250318 bcsId: 0} | ret=SUCCESS |  
2019-09-09 18:02:18,864 | INFO  | DNAudit | user=null | ip=null | op=WRITE_CHUNK {blockData=conID: 1 locID: 102763864625250318 bcsId: 0} | ret=SUCCESS |  
2019-09-09 18:02:18,864 | INFO  | DNAudit | user=null | ip=null | op=WRITE_CHUNK {blockData=conID: 1 locID: 102763864625250318 bcsId: 0} | ret=SUCCESS |  
2019-09-09 18:02:18,865 | INFO  | DNAudit | user=null | ip=null | op=WRITE_CHUNK {blockData=conID: 1 locID: 102763864625250318 bcsId: 0} | ret=SUCCESS |  
2019-09-09 18:02:18,866 | INFO  | DNAudit | user=null | ip=null | op=WRITE_CHUNK {blockData=conID: 1 locID: 102763864625250318 bcsId: 0} | ret=SUCCESS |  
2019-09-09 18:02:18,866 | INFO  | DNAudit | user=null | ip=null | op=WRITE_CHUNK {blockData=conID: 1 locID: 102763864625250318 bcsId: 0} | ret=SUCCESS |  
2019-09-09 18:02:18,866 | INFO  | DNAudit | user=null | ip=null | op=WRITE_CHUNK {blockData=conID: 1 locID: 102763864625250318 bcsId: 0} | ret=SUCCESS |  
2019-09-09 18:02:18,866 | INFO  | DNAudit | user=null | ip=null | op=WRITE_CHUNK {blockData=conID: 1 locID: 102763864625250318 bcsId: 0} | ret=SUCCESS |  
2019-09-09 18:02:18,867 | INFO  | DNAudit | user=null | ip=null | op=WRITE_CHUNK {blockData=conID: 1 locID: 102763864625250318 bcsId: 0} | ret=SUCCESS |  
2019-09-09 18:02:18,867 | INFO  | DNAudit | user=null | ip=null | op=WRITE_CHUNK {blockData=conID: 1 locID: 102763864625250318 bcsId: 0} | ret=SUCCESS |  
2019-09-09 18:02:18,867 | INFO  | DNAudit | user=null | ip=null | op=WRITE_CHUNK {blockData=conID: 1 locID: 102763864625250318 bcsId: 0} | ret=SUCCESS |  
2019-09-09 18:02:18,873 [grpc-default-executor-3] INFO  client.GrpcClientProtocolClient (GrpcClientProtocolClient.java:onNext(255)) - client-1B196153D3AF->26278548-c262-4d72-b577-3b7eb89bac6f: receive RaftClientReply:client-1B196153D3AF->26278548-c262-4d72-b577-3b7eb89bac6f@group-E7B0D22102B3, cid=163, SUCCESS, logIndex=3, commits[26278548-c262-4d72-b577-3b7eb89bac6f:c4, 5424b559-d12b-44e4-a34a-b8ff23546acb:c1, 1a603c78-5244-4e25-920a-cef477e0f94b:c1]
2019-09-09 18:02:18,887 | INFO  | DNAudit | user=null | ip=null | op=WRITE_CHUNK {blockData=conID: 1 locID: 102763864625250318 bcsId: 0} | ret=SUCCESS |  
2019-09-09 18:02:18,888 | INFO  | DNAudit | user=null | ip=null | op=WRITE_CHUNK {blockData=conID: 1 locID: 102763864625250318 bcsId: 0} | ret=SUCCESS |  
2019-09-09 18:02:18,918 | INFO  | DNAudit | user=null | ip=null | op=PUT_BLOCK {blockData=[blockId=conID: 1 locID: 102763864625250318 bcsId: 0,size=200]} | ret=SUCCESS |  
2019-09-09 18:02:18,919 | INFO  | DNAudit | user=null | ip=null | op=WRITE_CHUNK {blockData=conID: 1 locID: 102763864625250318 bcsId: 0} | ret=SUCCESS |  
2019-09-09 18:02:18,919 [grpc-default-executor-3] INFO  client.GrpcClientProtocolClient (GrpcClientProtocolClient.java:onNext(255)) - client-1B196153D3AF->26278548-c262-4d72-b577-3b7eb89bac6f: receive RaftClientReply:client-1B196153D3AF->26278548-c262-4d72-b577-3b7eb89bac6f@group-E7B0D22102B3, cid=164, SUCCESS, logIndex=4, commits[26278548-c262-4d72-b577-3b7eb89bac6f:c12, 5424b559-d12b-44e4-a34a-b8ff23546acb:c10, 1a603c78-5244-4e25-920a-cef477e0f94b:c10]
2019-09-09 18:02:18,919 | INFO  | DNAudit | user=null | ip=null | op=WRITE_CHUNK {blockData=conID: 1 locID: 102763864625250318 bcsId: 0} | ret=SUCCESS |  
2019-09-09 18:02:18,920 [grpc-default-executor-3] INFO  client.GrpcClientProtocolClient (GrpcClientProtocolClient.java:onNext(255)) - client-1B196153D3AF->26278548-c262-4d72-b577-3b7eb89bac6f: receive RaftClientReply:client-1B196153D3AF->26278548-c262-4d72-b577-3b7eb89bac6f@group-E7B0D22102B3, cid=165, SUCCESS, logIndex=5, commits[26278548-c262-4d72-b577-3b7eb89bac6f:c12, 5424b559-d12b-44e4-a34a-b8ff23546acb:c10, 1a603c78-5244-4e25-920a-cef477e0f94b:c10]
2019-09-09 18:02:18,920 [grpc-default-executor-3] INFO  client.GrpcClientProtocolClient (GrpcClientProtocolClient.java:onNext(255)) - client-1B196153D3AF->26278548-c262-4d72-b577-3b7eb89bac6f: receive RaftClientReply:client-1B196153D3AF->26278548-c262-4d72-b577-3b7eb89bac6f@group-E7B0D22102B3, cid=166, SUCCESS, logIndex=6, commits[26278548-c262-4d72-b577-3b7eb89bac6f:c12, 5424b559-d12b-44e4-a34a-b8ff23546acb:c10, 1a603c78-5244-4e25-920a-cef477e0f94b:c10]
2019-09-09 18:02:19,009 | INFO  | DNAudit | user=null | ip=null | op=PUT_BLOCK {blockData=[blockId=conID: 1 locID: 102763864625250318 bcsId: 0,size=200]} | ret=SUCCESS |  
2019-09-09 18:02:19,010 | INFO  | DNAudit | user=null | ip=null | op=WRITE_CHUNK {blockData=conID: 1 locID: 102763864625250318 bcsId: 0} | ret=SUCCESS |  
2019-09-09 18:02:19,010 | INFO  | DNAudit | user=null | ip=null | op=WRITE_CHUNK {blockData=conID: 1 locID: 102763864625250318 bcsId: 0} | ret=SUCCESS |  
2019-09-09 18:02:19,091 | INFO  | DNAudit | user=null | ip=null | op=PUT_BLOCK {blockData=[blockId=conID: 1 locID: 102763864625250318 bcsId: 0,size=200]} | ret=SUCCESS |  
2019-09-09 18:02:19,091 | INFO  | DNAudit | user=null | ip=null | op=PUT_BLOCK {blockData=[blockId=conID: 1 locID: 102763864625250318 bcsId: 0,size=400]} | ret=SUCCESS |  
2019-09-09 18:02:19,091 | INFO  | DNAudit | user=null | ip=null | op=PUT_BLOCK {blockData=[blockId=conID: 1 locID: 102763864625250318 bcsId: 0,size=400]} | ret=SUCCESS |  
2019-09-09 18:02:19,092 | INFO  | DNAudit | user=null | ip=null | op=WRITE_CHUNK {blockData=conID: 1 locID: 102763864625250318 bcsId: 0} | ret=SUCCESS |  
2019-09-09 18:02:19,092 | INFO  | DNAudit | user=null | ip=null | op=WRITE_CHUNK {blockData=conID: 1 locID: 102763864625250318 bcsId: 0} | ret=SUCCESS |  
2019-09-09 18:02:19,096 [grpc-default-executor-3] INFO  client.GrpcClientProtocolClient (GrpcClientProtocolClient.java:onNext(255)) - client-1B196153D3AF->26278548-c262-4d72-b577-3b7eb89bac6f: receive RaftClientReply:client-1B196153D3AF->26278548-c262-4d72-b577-3b7eb89bac6f@group-E7B0D22102B3, cid=167, SUCCESS, logIndex=9, commits[26278548-c262-4d72-b577-3b7eb89bac6f:c12, 5424b559-d12b-44e4-a34a-b8ff23546acb:c10, 1a603c78-5244-4e25-920a-cef477e0f94b:c10]
2019-09-09 18:02:19,097 | INFO  | DNAudit | user=null | ip=null | op=PUT_BLOCK {blockData=[blockId=conID: 1 locID: 102763864625250318 bcsId: 0,size=400]} | ret=SUCCESS |  
2019-09-09 18:02:19,102 | INFO  | DNAudit | user=null | ip=null | op=WRITE_CHUNK {blockData=conID: 1 locID: 102763864625250318 bcsId: 9} | ret=SUCCESS |  
2019-09-09 18:02:19,104 | INFO  | DNAudit | user=null | ip=null | op=WRITE_CHUNK {blockData=conID: 1 locID: 102763864625250318 bcsId: 9} | ret=SUCCESS |  
2019-09-09 18:02:19,104 | INFO  | DNAudit | user=null | ip=null | op=WRITE_CHUNK {blockData=conID: 1 locID: 102763864625250318 bcsId: 9} | ret=SUCCESS |  
2019-09-09 18:02:19,117 | INFO  | DNAudit | user=null | ip=null | op=WRITE_CHUNK {blockData=conID: 1 locID: 102763864625250318 bcsId: 9} | ret=SUCCESS |  
2019-09-09 18:02:19,123 | INFO  | DNAudit | user=null | ip=null | op=PUT_BLOCK {blockData=[blockId=conID: 1 locID: 102763864625250318 bcsId: 0,size=450]} | ret=SUCCESS |  
2019-09-09 18:02:19,123 [grpc-default-executor-3] INFO  client.GrpcClientProtocolClient (GrpcClientProtocolClient.java:onNext(255)) - client-1B196153D3AF->26278548-c262-4d72-b577-3b7eb89bac6f: receive RaftClientReply:client-1B196153D3AF->26278548-c262-4d72-b577-3b7eb89bac6f@group-E7B0D22102B3, cid=168, SUCCESS, logIndex=13, commits[26278548-c262-4d72-b577-3b7eb89bac6f:c14, 5424b559-d12b-44e4-a34a-b8ff23546acb:c12, 1a603c78-5244-4e25-920a-cef477e0f94b:c12]
2019-09-09 18:02:19,124 [grpc-default-executor-3] INFO  client.GrpcClientProtocolClient (GrpcClientProtocolClient.java:onNext(255)) - client-1B196153D3AF->26278548-c262-4d72-b577-3b7eb89bac6f: receive RaftClientReply:client-1B196153D3AF->26278548-c262-4d72-b577-3b7eb89bac6f@group-E7B0D22102B3, cid=169, SUCCESS, logIndex=14, commits[26278548-c262-4d72-b577-3b7eb89bac6f:c14, 5424b559-d12b-44e4-a34a-b8ff23546acb:c12, 1a603c78-5244-4e25-920a-cef477e0f94b:c12]
2019-09-09 18:02:19,129 | INFO  | DNAudit | user=null | ip=null | op=WRITE_CHUNK {blockData=conID: 1 locID: 102763864625250318 bcsId: 9} | ret=SUCCESS |  
2019-09-09 18:02:19,129 | INFO  | DNAudit | user=null | ip=null | op=WRITE_CHUNK {blockData=conID: 1 locID: 102763864625250318 bcsId: 9} | ret=SUCCESS |  
2019-09-09 18:02:19,137 | INFO  | DNAudit | user=null | ip=null | op=PUT_BLOCK {blockData=[blockId=conID: 1 locID: 102763864625250318 bcsId: 0,size=450]} | ret=SUCCESS |  
2019-09-09 18:02:19,137 [grpc-default-executor-4] INFO  client.GrpcClientProtocolClient (GrpcClientProtocolClient.java:onNext(255)) - client-1B196153D3AF->26278548-c262-4d72-b577-3b7eb89bac6f: receive RaftClientReply:client-1B196153D3AF->26278548-c262-4d72-b577-3b7eb89bac6f@group-E7B0D22102B3, cid=170, SUCCESS, logIndex=0, commits[26278548-c262-4d72-b577-3b7eb89bac6f:c15, 5424b559-d12b-44e4-a34a-b8ff23546acb:c14, 1a603c78-5244-4e25-920a-cef477e0f94b:c14]
2019-09-09 18:02:19,137 | INFO  | DNAudit | user=null | ip=null | op=PUT_BLOCK {blockData=[blockId=conID: 1 locID: 102763864625250318 bcsId: 0,size=450]} | ret=SUCCESS |  
2019-09-09 18:02:19,331 | INFO  | SCMAudit | user=jenkins1000 | ip=192.168.34.39 | op=SEND_HEARTBEAT {datanodeUUID=22c0f27d-976a-42fe-b1a0-04db584cd0ca, command=[]} | ret=SUCCESS |  
2019-09-09 18:02:19,368 | INFO  | SCMAudit | user=jenkins1000 | ip=192.168.34.39 | op=SEND_HEARTBEAT {datanodeUUID=3f9b7ce0-873d-4f37-9274-1664d68bc8f4, command=[]} | ret=SUCCESS |  
2019-09-09 18:02:19,446 | INFO  | SCMAudit | user=jenkins1000 | ip=192.168.34.39 | op=SEND_HEARTBEAT {datanodeUUID=9b543f03-5966-41d3-9881-7395d9adaa53, command=[]} | ret=SUCCESS |  
2019-09-09 18:02:19,512 | INFO  | SCMAudit | user=jenkins1000 | ip=192.168.34.39 | op=SEND_HEARTBEAT {datanodeUUID=ce295d13-7a4e-42d1-ae50-4896c2bb59ac, command=[]} | ret=SUCCESS |  
2019-09-09 18:02:19,797 [Datanode State Machine Thread - 0] INFO  statemachine.DatanodeStateMachine (DatanodeStateMachine.java:lambda$startDaemon$0(350)) - Ozone container server started.
2019-09-09 18:02:19,836 | INFO  | SCMAudit | user=jenkins1000 | ip=192.168.34.39 | op=SEND_HEARTBEAT {datanodeUUID=5424b559-d12b-44e4-a34a-b8ff23546acb, command=[]} | ret=SUCCESS |  
2019-09-09 18:02:19,837 | INFO  | SCMAudit | user=jenkins1000 | ip=192.168.34.39 | op=SEND_HEARTBEAT {datanodeUUID=1a603c78-5244-4e25-920a-cef477e0f94b, command=[]} | ret=SUCCESS |  
2019-09-09 18:02:20,330 | INFO  | SCMAudit | user=jenkins1000 | ip=192.168.34.39 | op=SEND_HEARTBEAT {datanodeUUID=22c0f27d-976a-42fe-b1a0-04db584cd0ca, command=[]} | ret=SUCCESS |  
2019-09-09 18:02:20,368 | INFO  | SCMAudit | user=jenkins1000 | ip=192.168.34.39 | op=SEND_HEARTBEAT {datanodeUUID=3f9b7ce0-873d-4f37-9274-1664d68bc8f4, command=[]} | ret=SUCCESS |  
2019-09-09 18:02:20,446 | INFO  | SCMAudit | user=jenkins1000 | ip=192.168.34.39 | op=SEND_HEARTBEAT {datanodeUUID=9b543f03-5966-41d3-9881-7395d9adaa53, command=[]} | ret=SUCCESS |  
2019-09-09 18:02:20,513 | INFO  | SCMAudit | user=jenkins1000 | ip=192.168.34.39 | op=SEND_HEARTBEAT {datanodeUUID=ce295d13-7a4e-42d1-ae50-4896c2bb59ac, command=[]} | ret=SUCCESS |  
2019-09-09 18:02:20,836 | INFO  | SCMAudit | user=jenkins1000 | ip=192.168.34.39 | op=SEND_HEARTBEAT {datanodeUUID=5424b559-d12b-44e4-a34a-b8ff23546acb, command=[]} | ret=SUCCESS |  
2019-09-09 18:02:20,837 | INFO  | SCMAudit | user=jenkins1000 | ip=192.168.34.39 | op=SEND_HEARTBEAT {datanodeUUID=1a603c78-5244-4e25-920a-cef477e0f94b, command=[]} | ret=SUCCESS |  
2019-09-09 18:02:21,330 | INFO  | SCMAudit | user=jenkins1000 | ip=192.168.34.39 | op=SEND_HEARTBEAT {datanodeUUID=22c0f27d-976a-42fe-b1a0-04db584cd0ca, command=[]} | ret=SUCCESS |  
2019-09-09 18:02:21,368 | INFO  | SCMAudit | user=jenkins1000 | ip=192.168.34.39 | op=SEND_HEARTBEAT {datanodeUUID=3f9b7ce0-873d-4f37-9274-1664d68bc8f4, command=[]} | ret=SUCCESS |  
2019-09-09 18:02:21,446 | INFO  | SCMAudit | user=jenkins1000 | ip=192.168.34.39 | op=SEND_HEARTBEAT {datanodeUUID=9b543f03-5966-41d3-9881-7395d9adaa53, command=[]} | ret=SUCCESS |  
2019-09-09 18:02:21,513 | INFO  | SCMAudit | user=jenkins1000 | ip=192.168.34.39 | op=SEND_HEARTBEAT {datanodeUUID=ce295d13-7a4e-42d1-ae50-4896c2bb59ac, command=[]} | ret=SUCCESS |  
2019-09-09 18:02:21,836 | INFO  | SCMAudit | user=jenkins1000 | ip=192.168.34.39 | op=SEND_HEARTBEAT {datanodeUUID=5424b559-d12b-44e4-a34a-b8ff23546acb, command=[]} | ret=SUCCESS |  
2019-09-09 18:02:21,837 | INFO  | SCMAudit | user=jenkins1000 | ip=192.168.34.39 | op=SEND_HEARTBEAT {datanodeUUID=1a603c78-5244-4e25-920a-cef477e0f94b, command=[]} | ret=SUCCESS |  
2019-09-09 18:02:22,330 | INFO  | SCMAudit | user=jenkins1000 | ip=192.168.34.39 | op=SEND_HEARTBEAT {datanodeUUID=22c0f27d-976a-42fe-b1a0-04db584cd0ca, command=[]} | ret=SUCCESS |  
2019-09-09 18:02:22,368 | INFO  | SCMAudit | user=jenkins1000 | ip=192.168.34.39 | op=SEND_HEARTBEAT {datanodeUUID=3f9b7ce0-873d-4f37-9274-1664d68bc8f4, command=[]} | ret=SUCCESS |  
2019-09-09 18:02:22,447 | INFO  | SCMAudit | user=jenkins1000 | ip=192.168.34.39 | op=SEND_HEARTBEAT {datanodeUUID=9b543f03-5966-41d3-9881-7395d9adaa53, command=[]} | ret=SUCCESS |  
2019-09-09 18:02:22,513 | INFO  | SCMAudit | user=jenkins1000 | ip=192.168.34.39 | op=SEND_HEARTBEAT {datanodeUUID=ce295d13-7a4e-42d1-ae50-4896c2bb59ac, command=[]} | ret=SUCCESS |  
2019-09-09 18:02:22,837 | INFO  | SCMAudit | user=jenkins1000 | ip=192.168.34.39 | op=SEND_HEARTBEAT {datanodeUUID=5424b559-d12b-44e4-a34a-b8ff23546acb, command=[]} | ret=SUCCESS |  
2019-09-09 18:02:22,837 | INFO  | SCMAudit | user=jenkins1000 | ip=192.168.34.39 | op=SEND_HEARTBEAT {datanodeUUID=1a603c78-5244-4e25-920a-cef477e0f94b, command=[]} | ret=SUCCESS |  
2019-09-09 18:02:23,331 | INFO  | SCMAudit | user=jenkins1000 | ip=192.168.34.39 | op=SEND_HEARTBEAT {datanodeUUID=22c0f27d-976a-42fe-b1a0-04db584cd0ca, command=[]} | ret=SUCCESS |  
2019-09-09 18:02:23,368 | INFO  | SCMAudit | user=jenkins1000 | ip=192.168.34.39 | op=SEND_HEARTBEAT {datanodeUUID=3f9b7ce0-873d-4f37-9274-1664d68bc8f4, command=[]} | ret=SUCCESS |  
2019-09-09 18:02:23,446 | INFO  | SCMAudit | user=jenkins1000 | ip=192.168.34.39 | op=SEND_HEARTBEAT {datanodeUUID=9b543f03-5966-41d3-9881-7395d9adaa53, command=[]} | ret=SUCCESS |  
2019-09-09 18:02:23,513 | INFO  | SCMAudit | user=jenkins1000 | ip=192.168.34.39 | op=SEND_HEARTBEAT {datanodeUUID=ce295d13-7a4e-42d1-ae50-4896c2bb59ac, command=[]} | ret=SUCCESS |  
2019-09-09 18:02:23,809 [EventQueue-StaleNodeForStaleNodeHandler] INFO  node.StaleNodeHandler (StaleNodeHandler.java:onMessage(58)) - Datanode 26278548-c262-4d72-b577-3b7eb89bac6f{ip: 192.168.34.39, host: pr-hdds-2102-js77h-2988213663, networkLocation: /default-rack, certSerialId: null} moved to stale state. Finalizing its pipelines [PipelineID=66b3e269-a5d1-4ab0-b2e6-fa81f4c88510, PipelineID=5a5db5b4-2ffa-47ce-abe8-e7b0d22102b3]
2019-09-09 18:02:23,810 [EventQueue-StaleNodeForStaleNodeHandler] INFO  pipeline.SCMPipelineManager (SCMPipelineManager.java:finalizeAndDestroyPipeline(309)) - destroying pipeline:Pipeline[ Id: 66b3e269-a5d1-4ab0-b2e6-fa81f4c88510, Nodes: 26278548-c262-4d72-b577-3b7eb89bac6f{ip: 192.168.34.39, host: pr-hdds-2102-js77h-2988213663, networkLocation: /default-rack, certSerialId: null}, Type:RATIS, Factor:ONE, State:OPEN]
2019-09-09 18:02:23,810 [EventQueue-StaleNodeForStaleNodeHandler] INFO  pipeline.PipelineStateManager (PipelineStateManager.java:finalizePipeline(123)) - Pipeline Pipeline[ Id: 66b3e269-a5d1-4ab0-b2e6-fa81f4c88510, Nodes: 26278548-c262-4d72-b577-3b7eb89bac6f{ip: 192.168.34.39, host: pr-hdds-2102-js77h-2988213663, networkLocation: /default-rack, certSerialId: null}, Type:RATIS, Factor:ONE, State:CLOSED] moved to CLOSED state
2019-09-09 18:02:23,811 [EventQueue-StaleNodeForStaleNodeHandler] INFO  pipeline.SCMPipelineManager (SCMPipelineManager.java:finalizeAndDestroyPipeline(309)) - destroying pipeline:Pipeline[ Id: 5a5db5b4-2ffa-47ce-abe8-e7b0d22102b3, Nodes: 26278548-c262-4d72-b577-3b7eb89bac6f{ip: 192.168.34.39, host: pr-hdds-2102-js77h-2988213663, networkLocation: /default-rack, certSerialId: null}5424b559-d12b-44e4-a34a-b8ff23546acb{ip: 192.168.34.39, host: pr-hdds-2102-js77h-2988213663, networkLocation: /default-rack, certSerialId: null}1a603c78-5244-4e25-920a-cef477e0f94b{ip: 192.168.34.39, host: pr-hdds-2102-js77h-2988213663, networkLocation: /default-rack, certSerialId: null}, Type:RATIS, Factor:THREE, State:OPEN]
2019-09-09 18:02:23,811 [EventQueue-StaleNodeForStaleNodeHandler] INFO  pipeline.PipelineStateManager (PipelineStateManager.java:finalizePipeline(123)) - Pipeline Pipeline[ Id: 5a5db5b4-2ffa-47ce-abe8-e7b0d22102b3, Nodes: 26278548-c262-4d72-b577-3b7eb89bac6f{ip: 192.168.34.39, host: pr-hdds-2102-js77h-2988213663, networkLocation: /default-rack, certSerialId: null}5424b559-d12b-44e4-a34a-b8ff23546acb{ip: 192.168.34.39, host: pr-hdds-2102-js77h-2988213663, networkLocation: /default-rack, certSerialId: null}1a603c78-5244-4e25-920a-cef477e0f94b{ip: 192.168.34.39, host: pr-hdds-2102-js77h-2988213663, networkLocation: /default-rack, certSerialId: null}, Type:RATIS, Factor:THREE, State:CLOSED] moved to CLOSED state
2019-09-09 18:02:23,811 [EventQueue-CloseContainerForCloseContainerEventHandler] INFO  container.CloseContainerEventHandler (CloseContainerEventHandler.java:onMessage(61)) - Close container Event triggered for container : #1
2019-09-09 18:02:23,837 | INFO  | SCMAudit | user=jenkins1000 | ip=192.168.34.39 | op=SEND_HEARTBEAT {datanodeUUID=5424b559-d12b-44e4-a34a-b8ff23546acb, command=[commandType: closeContainerCommand closeContainerCommandProto { containerID: 1 pipelineID { id: "5a5db5b4-2ffa-47ce-abe8-e7b0d22102b3" } cmdId: 1 force: false } ]} | ret=SUCCESS |  
2019-09-09 18:02:23,837 | INFO  | SCMAudit | user=jenkins1000 | ip=192.168.34.39 | op=SEND_HEARTBEAT {datanodeUUID=1a603c78-5244-4e25-920a-cef477e0f94b, command=[commandType: closeContainerCommand closeContainerCommandProto { containerID: 1 pipelineID { id: "5a5db5b4-2ffa-47ce-abe8-e7b0d22102b3" } cmdId: 1 force: false } ]} | ret=SUCCESS |  
2019-09-09 18:02:24,138 [main] INFO  ozoneimpl.OzoneContainer (OzoneContainer.java:stop(215)) - Attempting to stop container services.
2019-09-09 18:02:24,146 [main] INFO  impl.RaftServerProxy (RaftServerProxy.java:lambda$close$4(314)) - 26278548-c262-4d72-b577-3b7eb89bac6f: close
2019-09-09 18:02:24,147 [main] INFO  impl.RaftServerImpl (RaftServerImpl.java:lambda$shutdown$3(245)) - 26278548-c262-4d72-b577-3b7eb89bac6f: shutdown group-FA81F4C88510
2019-09-09 18:02:24,148 [main] INFO  util.JmxRegister (JmxRegister.java:unregister(73)) - Successfully un-registered JMX Bean with object name Ratis:service=RaftServer,group=group-FA81F4C88510,id=26278548-c262-4d72-b577-3b7eb89bac6f
2019-09-09 18:02:24,148 [main] INFO  impl.RoleInfo (RoleInfo.java:shutdownLeaderState(104)) - 26278548-c262-4d72-b577-3b7eb89bac6f: shutdown LeaderState
2019-09-09 18:02:24,148 [main] INFO  impl.PendingRequests (PendingRequests.java:sendNotLeaderResponses(202)) - 26278548-c262-4d72-b577-3b7eb89bac6f-PendingRequests: sendNotLeaderResponses
2019-09-09 18:02:24,149 [main] INFO  impl.StateMachineUpdater (StateMachineUpdater.java:stopAndJoin(115)) - StateMachineUpdater:26278548-c262-4d72-b577-3b7eb89bac6f:group-FA81F4C88510: set stopIndex = 0
2019-09-09 18:02:24,149 [main] INFO  impl.RaftServerImpl (ServerState.java:close(394)) - 26278548-c262-4d72-b577-3b7eb89bac6f:group-FA81F4C88510 closes. The last applied log index is 0
2019-09-09 18:02:24,150 [26278548-c262-4d72-b577-3b7eb89bac6f-SegmentedRaftLogWorker:Storage Directory /workdir/hadoop-ozone/integration-test/target/test-dir/MiniOzoneClusterImpl-b5fe0712-b217-48e1-a309-931088266b0b/datanode-0/data/ratis/66b3e269-a5d1-4ab0-b2e6-fa81f4c88510] INFO  segmented.SegmentedRaftLogWorker (SegmentedRaftLogWorker.java:run(313)) - 26278548-c262-4d72-b577-3b7eb89bac6f-SegmentedRaftLogWorker:Storage Directory /workdir/hadoop-ozone/integration-test/target/test-dir/MiniOzoneClusterImpl-b5fe0712-b217-48e1-a309-931088266b0b/datanode-0/data/ratis/66b3e269-a5d1-4ab0-b2e6-fa81f4c88510 was interrupted, exiting. There are 0 tasks remaining in the queue.
2019-09-09 18:02:24,152 [main] INFO  segmented.SegmentedRaftLogWorker (SegmentedRaftLogWorker.java:close(228)) - 26278548-c262-4d72-b577-3b7eb89bac6f-SegmentedRaftLogWorker:Storage Directory /workdir/hadoop-ozone/integration-test/target/test-dir/MiniOzoneClusterImpl-b5fe0712-b217-48e1-a309-931088266b0b/datanode-0/data/ratis/66b3e269-a5d1-4ab0-b2e6-fa81f4c88510 close()
2019-09-09 18:02:24,157 [main] INFO  impl.RaftServerImpl (RaftServerImpl.java:lambda$shutdown$3(245)) - 26278548-c262-4d72-b577-3b7eb89bac6f: shutdown group-E7B0D22102B3
2019-09-09 18:02:24,157 [main] INFO  util.JmxRegister (JmxRegister.java:unregister(73)) - Successfully un-registered JMX Bean with object name Ratis:service=RaftServer,group=group-E7B0D22102B3,id=26278548-c262-4d72-b577-3b7eb89bac6f
2019-09-09 18:02:24,157 [main] INFO  impl.RoleInfo (RoleInfo.java:shutdownLeaderState(104)) - 26278548-c262-4d72-b577-3b7eb89bac6f: shutdown LeaderState
2019-09-09 18:02:24,162 [org.apache.ratis.server.impl.LogAppender$AppenderDaemon$$Lambda$472/1998228974@15ae1b59] WARN  server.GrpcLogAppender (GrpcLogAppender.java:mayWait(143)) - GrpcLogAppender(26278548-c262-4d72-b577-3b7eb89bac6f->5424b559-d12b-44e4-a34a-b8ff23546acb): Wait interrupted by java.lang.InterruptedException
2019-09-09 18:02:24,162 [main] INFO  impl.PendingRequests (PendingRequests.java:sendNotLeaderResponses(202)) - 26278548-c262-4d72-b577-3b7eb89bac6f-PendingRequests: sendNotLeaderResponses
2019-09-09 18:02:24,162 [org.apache.ratis.server.impl.LogAppender$AppenderDaemon$$Lambda$472/1998228974@50ac9788] WARN  server.GrpcLogAppender (GrpcLogAppender.java:mayWait(143)) - GrpcLogAppender(26278548-c262-4d72-b577-3b7eb89bac6f->1a603c78-5244-4e25-920a-cef477e0f94b): Wait interrupted by java.lang.InterruptedException
2019-09-09 18:02:24,162 [grpc-default-executor-4] INFO  server.GrpcServerProtocolService (GrpcServerProtocolService.java:onCompleted(104)) - 5424b559-d12b-44e4-a34a-b8ff23546acb: appendEntries completed
2019-09-09 18:02:24,165 [grpc-default-executor-3] INFO  server.GrpcServerProtocolService (GrpcServerProtocolService.java:onCompleted(104)) - 1a603c78-5244-4e25-920a-cef477e0f94b: appendEntries completed
2019-09-09 18:02:24,165 [StateMachineUpdater:26278548-c262-4d72-b577-3b7eb89bac6f:group-E7B0D22102B3] INFO  ratis.ContainerStateMachine (ContainerStateMachine.java:takeSnapshot(284)) - group-E7B0D22102B3: Taking a snapshot at:(t:1, i:14) file /workdir/hadoop-ozone/integration-test/target/test-dir/MiniOzoneClusterImpl-b5fe0712-b217-48e1-a309-931088266b0b/datanode-0/data/ratis/5a5db5b4-2ffa-47ce-abe8-e7b0d22102b3/sm/snapshot.1_14
2019-09-09 18:02:24,165 [grpc-default-executor-5] INFO  server.GrpcLogAppender (GrpcLogAppender.java:onCompleted(292)) - 26278548-c262-4d72-b577-3b7eb89bac6f->5424b559-d12b-44e4-a34a-b8ff23546acb: follower responses appendEntries COMPLETED
2019-09-09 18:02:24,166 [grpc-default-executor-5] INFO  impl.FollowerInfo (FollowerInfo.java:lambda$new$0(50)) - 26278548-c262-4d72-b577-3b7eb89bac6f->5424b559-d12b-44e4-a34a-b8ff23546acb: nextIndex: updateUnconditionally 17 -> 16
2019-09-09 18:02:24,165 [main] INFO  impl.StateMachineUpdater (StateMachineUpdater.java:stopAndJoin(115)) - StateMachineUpdater:26278548-c262-4d72-b577-3b7eb89bac6f:group-E7B0D22102B3: set stopIndex = 16
2019-09-09 18:02:24,165 [grpc-default-executor-4] INFO  server.GrpcLogAppender (GrpcLogAppender.java:onCompleted(292)) - 26278548-c262-4d72-b577-3b7eb89bac6f->1a603c78-5244-4e25-920a-cef477e0f94b: follower responses appendEntries COMPLETED
2019-09-09 18:02:24,166 [grpc-default-executor-4] INFO  impl.FollowerInfo (FollowerInfo.java:lambda$new$0(50)) - 26278548-c262-4d72-b577-3b7eb89bac6f->1a603c78-5244-4e25-920a-cef477e0f94b: nextIndex: updateUnconditionally 17 -> 16
2019-09-09 18:02:24,177 [StateMachineUpdater:26278548-c262-4d72-b577-3b7eb89bac6f:group-E7B0D22102B3] INFO  ratis.ContainerStateMachine (ContainerStateMachine.java:takeSnapshot(295)) - group-E7B0D22102B3: Finished taking a snapshot at:(t:1, i:14) file:/workdir/hadoop-ozone/integration-test/target/test-dir/MiniOzoneClusterImpl-b5fe0712-b217-48e1-a309-931088266b0b/datanode-0/data/ratis/5a5db5b4-2ffa-47ce-abe8-e7b0d22102b3/sm/snapshot.1_14 time:13
2019-09-09 18:02:24,177 [StateMachineUpdater:26278548-c262-4d72-b577-3b7eb89bac6f:group-E7B0D22102B3] INFO  impl.StateMachineUpdater (StateMachineUpdater.java:takeSnapshot(242)) - StateMachineUpdater:26278548-c262-4d72-b577-3b7eb89bac6f:group-E7B0D22102B3: Took a snapshot at index 14
2019-09-09 18:02:24,177 [StateMachineUpdater:26278548-c262-4d72-b577-3b7eb89bac6f:group-E7B0D22102B3] INFO  impl.StateMachineUpdater (StateMachineUpdater.java:lambda$new$0(80)) - StateMachineUpdater:26278548-c262-4d72-b577-3b7eb89bac6f:group-E7B0D22102B3: snapshotIndex: updateIncreasingly -1 -> 14
2019-09-09 18:02:24,178 [main] INFO  impl.RaftServerImpl (ServerState.java:close(394)) - 26278548-c262-4d72-b577-3b7eb89bac6f:group-E7B0D22102B3 closes. The last applied log index is 16
2019-09-09 18:02:24,178 [26278548-c262-4d72-b577-3b7eb89bac6f-SegmentedRaftLogWorker:Storage Directory /workdir/hadoop-ozone/integration-test/target/test-dir/MiniOzoneClusterImpl-b5fe0712-b217-48e1-a309-931088266b0b/datanode-0/data/ratis/5a5db5b4-2ffa-47ce-abe8-e7b0d22102b3] INFO  segmented.SegmentedRaftLogWorker (SegmentedRaftLogWorker.java:run(313)) - 26278548-c262-4d72-b577-3b7eb89bac6f-SegmentedRaftLogWorker:Storage Directory /workdir/hadoop-ozone/integration-test/target/test-dir/MiniOzoneClusterImpl-b5fe0712-b217-48e1-a309-931088266b0b/datanode-0/data/ratis/5a5db5b4-2ffa-47ce-abe8-e7b0d22102b3 was interrupted, exiting. There are 0 tasks remaining in the queue.
2019-09-09 18:02:24,180 [main] INFO  segmented.SegmentedRaftLogWorker (SegmentedRaftLogWorker.java:close(228)) - 26278548-c262-4d72-b577-3b7eb89bac6f-SegmentedRaftLogWorker:Storage Directory /workdir/hadoop-ozone/integration-test/target/test-dir/MiniOzoneClusterImpl-b5fe0712-b217-48e1-a309-931088266b0b/datanode-0/data/ratis/5a5db5b4-2ffa-47ce-abe8-e7b0d22102b3 close()
2019-09-09 18:02:24,183 [main] INFO  server.GrpcService (GrpcService.java:closeImpl(155)) - 26278548-c262-4d72-b577-3b7eb89bac6f: shutdown server with port 44945 now
2019-09-09 18:02:24,184 [grpc-default-executor-5] WARN  client.GrpcClientProtocolService (LogUtils.java:warn(134)) - 4-UnorderedRequestStreamObserver4: onError: org.apache.ratis.thirdparty.io.grpc.StatusRuntimeException: CANCELLED: cancelled before receiving half close
2019-09-09 18:02:24,185 [main] INFO  server.GrpcService (GrpcService.java:closeImpl(163)) - 26278548-c262-4d72-b577-3b7eb89bac6f: shutdown server with port 44945 successfully
2019-09-09 18:02:24,187 [refreshUsed-/workdir/hadoop-ozone/integration-test/target/test-dir/MiniOzoneClusterImpl-b5fe0712-b217-48e1-a309-931088266b0b/datanode-0/data/containers] WARN  fs.CachingGetSpaceUsed (CachingGetSpaceUsed.java:run(183)) - Thread Interrupted waiting to refresh disk information: sleep interrupted
2019-09-09 18:02:24,206 [main] INFO  utils.BackgroundService (BackgroundService.java:shutdown(148)) - Shutting down service BlockDeletingService
2019-09-09 18:02:24,210 [main] INFO  statemachine.DatanodeStateMachine (DatanodeStateMachine.java:stopDaemon(395)) - Ozone container server stopped.
2019-09-09 18:02:24,211 [main] INFO  handler.ContextHandler (ContextHandler.java:doStop(910)) - Stopped o.e.j.w.WebAppContext@50e5032c{/,null,UNAVAILABLE}{/hddsDatanode}
2019-09-09 18:02:24,212 [main] INFO  server.AbstractConnector (AbstractConnector.java:doStop(318)) - Stopped ServerConnector@545d2560{HTTP/1.1,[http/1.1]}{0.0.0.0:0}
2019-09-09 18:02:24,213 [main] INFO  handler.ContextHandler (ContextHandler.java:doStop(910)) - Stopped o.e.j.s.ServletContextHandler@5faeeb56{/static,jar:file:/home/user/.m2/repository/org/apache/hadoop/hadoop-hdds-container-service/0.5.0-SNAPSHOT/hadoop-hdds-container-service-0.5.0-SNAPSHOT.jar!/webapps/static,UNAVAILABLE}
2019-09-09 18:02:24,213 [main] INFO  handler.ContextHandler (ContextHandler.java:doStop(910)) - Stopped o.e.j.s.ServletContextHandler@cbf1997{/logs,file:///workdir/hadoop-ozone/integration-test/target/log,UNAVAILABLE}
2019-09-09 18:02:24,331 | INFO  | SCMAudit | user=jenkins1000 | ip=192.168.34.39 | op=SEND_HEARTBEAT {datanodeUUID=22c0f27d-976a-42fe-b1a0-04db584cd0ca, command=[]} | ret=SUCCESS |  
2019-09-09 18:02:24,369 | INFO  | SCMAudit | user=jenkins1000 | ip=192.168.34.39 | op=SEND_HEARTBEAT {datanodeUUID=3f9b7ce0-873d-4f37-9274-1664d68bc8f4, command=[]} | ret=SUCCESS |  
2019-09-09 18:02:24,446 | INFO  | SCMAudit | user=jenkins1000 | ip=192.168.34.39 | op=SEND_HEARTBEAT {datanodeUUID=9b543f03-5966-41d3-9881-7395d9adaa53, command=[]} | ret=SUCCESS |  
2019-09-09 18:02:24,514 | INFO  | SCMAudit | user=jenkins1000 | ip=192.168.34.39 | op=SEND_HEARTBEAT {datanodeUUID=ce295d13-7a4e-42d1-ae50-4896c2bb59ac, command=[]} | ret=SUCCESS |  
2019-09-09 18:02:24,836 | INFO  | SCMAudit | user=jenkins1000 | ip=192.168.34.39 | op=SEND_HEARTBEAT {datanodeUUID=5424b559-d12b-44e4-a34a-b8ff23546acb, command=[]} | ret=SUCCESS |  
2019-09-09 18:02:24,837 | INFO  | SCMAudit | user=jenkins1000 | ip=192.168.34.39 | op=SEND_HEARTBEAT {datanodeUUID=1a603c78-5244-4e25-920a-cef477e0f94b, command=[]} | ret=SUCCESS |  
2019-09-09 18:02:25,331 | INFO  | SCMAudit | user=jenkins1000 | ip=192.168.34.39 | op=SEND_HEARTBEAT {datanodeUUID=22c0f27d-976a-42fe-b1a0-04db584cd0ca, command=[]} | ret=SUCCESS |  
2019-09-09 18:02:25,368 | INFO  | SCMAudit | user=jenkins1000 | ip=192.168.34.39 | op=SEND_HEARTBEAT {datanodeUUID=3f9b7ce0-873d-4f37-9274-1664d68bc8f4, command=[]} | ret=SUCCESS |  
2019-09-09 18:02:25,446 | INFO  | SCMAudit | user=jenkins1000 | ip=192.168.34.39 | op=SEND_HEARTBEAT {datanodeUUID=9b543f03-5966-41d3-9881-7395d9adaa53, command=[]} | ret=SUCCESS |  
2019-09-09 18:02:25,514 | INFO  | SCMAudit | user=jenkins1000 | ip=192.168.34.39 | op=SEND_HEARTBEAT {datanodeUUID=ce295d13-7a4e-42d1-ae50-4896c2bb59ac, command=[]} | ret=SUCCESS |  
2019-09-09 18:02:25,837 | INFO  | SCMAudit | user=jenkins1000 | ip=192.168.34.39 | op=SEND_HEARTBEAT {datanodeUUID=5424b559-d12b-44e4-a34a-b8ff23546acb, command=[]} | ret=SUCCESS |  
2019-09-09 18:02:25,837 | INFO  | SCMAudit | user=jenkins1000 | ip=192.168.34.39 | op=SEND_HEARTBEAT {datanodeUUID=1a603c78-5244-4e25-920a-cef477e0f94b, command=[]} | ret=SUCCESS |  
2019-09-09 18:02:25,853 | INFO  | SCMAudit | user=jenkins1000 | ip=192.168.34.39 | op=SEND_HEARTBEAT {datanodeUUID=1a603c78-5244-4e25-920a-cef477e0f94b, command=[]} | ret=SUCCESS |  
2019-09-09 18:02:25,853 | INFO  | SCMAudit | user=jenkins1000 | ip=192.168.34.39 | op=SEND_HEARTBEAT {datanodeUUID=5424b559-d12b-44e4-a34a-b8ff23546acb, command=[]} | ret=SUCCESS |  
2019-09-09 18:02:26,226 [grpc-default-executor-5] INFO  client.GrpcClientProtocolClient (GrpcClientProtocolClient.java:onNext(255)) - client-1B196153D3AF->5424b559-d12b-44e4-a34a-b8ff23546acb: receive RaftClientReply:client-1B196153D3AF->5424b559-d12b-44e4-a34a-b8ff23546acb@group-E7B0D22102B3, cid=171, FAILED org.apache.ratis.protocol.NotLeaderException: Server 5424b559-d12b-44e4-a34a-b8ff23546acb is not the leader (26278548-c262-4d72-b577-3b7eb89bac6f:192.168.34.39:44945). Request must be sent to leader., logIndex=0, commits[5424b559-d12b-44e4-a34a-b8ff23546acb:c16, 26278548-c262-4d72-b577-3b7eb89bac6f:c16, 1a603c78-5244-4e25-920a-cef477e0f94b:c16]
2019-09-09 18:02:26,331 | INFO  | SCMAudit | user=jenkins1000 | ip=192.168.34.39 | op=SEND_HEARTBEAT {datanodeUUID=22c0f27d-976a-42fe-b1a0-04db584cd0ca, command=[]} | ret=SUCCESS |  
2019-09-09 18:02:26,368 | INFO  | SCMAudit | user=jenkins1000 | ip=192.168.34.39 | op=SEND_HEARTBEAT {datanodeUUID=3f9b7ce0-873d-4f37-9274-1664d68bc8f4, command=[]} | ret=SUCCESS |  
2019-09-09 18:02:26,446 | INFO  | SCMAudit | user=jenkins1000 | ip=192.168.34.39 | op=SEND_HEARTBEAT {datanodeUUID=9b543f03-5966-41d3-9881-7395d9adaa53, command=[]} | ret=SUCCESS |  
2019-09-09 18:02:26,514 | INFO  | SCMAudit | user=jenkins1000 | ip=192.168.34.39 | op=SEND_HEARTBEAT {datanodeUUID=ce295d13-7a4e-42d1-ae50-4896c2bb59ac, command=[]} | ret=SUCCESS |  
2019-09-09 18:02:26,853 | INFO  | SCMAudit | user=jenkins1000 | ip=192.168.34.39 | op=SEND_HEARTBEAT {datanodeUUID=1a603c78-5244-4e25-920a-cef477e0f94b, command=[]} | ret=SUCCESS |  
2019-09-09 18:02:26,853 | INFO  | SCMAudit | user=jenkins1000 | ip=192.168.34.39 | op=SEND_HEARTBEAT {datanodeUUID=5424b559-d12b-44e4-a34a-b8ff23546acb, command=[]} | ret=SUCCESS |  
2019-09-09 18:02:27,237 [grpc-default-executor-5] INFO  client.GrpcClientProtocolClient (GrpcClientProtocolClient.java:onNext(255)) - client-1B196153D3AF->5424b559-d12b-44e4-a34a-b8ff23546acb: receive RaftClientReply:client-1B196153D3AF->5424b559-d12b-44e4-a34a-b8ff23546acb@group-E7B0D22102B3, cid=171, FAILED org.apache.ratis.protocol.NotLeaderException: Server 5424b559-d12b-44e4-a34a-b8ff23546acb is not the leader (26278548-c262-4d72-b577-3b7eb89bac6f:192.168.34.39:44945). Request must be sent to leader., logIndex=0, commits[5424b559-d12b-44e4-a34a-b8ff23546acb:c16, 26278548-c262-4d72-b577-3b7eb89bac6f:c16, 1a603c78-5244-4e25-920a-cef477e0f94b:c16]
2019-09-09 18:02:27,331 | INFO  | SCMAudit | user=jenkins1000 | ip=192.168.34.39 | op=SEND_HEARTBEAT {datanodeUUID=22c0f27d-976a-42fe-b1a0-04db584cd0ca, command=[]} | ret=SUCCESS |  
2019-09-09 18:02:27,368 | INFO  | SCMAudit | user=jenkins1000 | ip=192.168.34.39 | op=SEND_HEARTBEAT {datanodeUUID=3f9b7ce0-873d-4f37-9274-1664d68bc8f4, command=[]} | ret=SUCCESS |  
2019-09-09 18:02:27,446 | INFO  | SCMAudit | user=jenkins1000 | ip=192.168.34.39 | op=SEND_HEARTBEAT {datanodeUUID=9b543f03-5966-41d3-9881-7395d9adaa53, command=[]} | ret=SUCCESS |  
2019-09-09 18:02:27,513 | INFO  | SCMAudit | user=jenkins1000 | ip=192.168.34.39 | op=SEND_HEARTBEAT {datanodeUUID=ce295d13-7a4e-42d1-ae50-4896c2bb59ac, command=[]} | ret=SUCCESS |  
2019-09-09 18:02:27,853 | INFO  | SCMAudit | user=jenkins1000 | ip=192.168.34.39 | op=SEND_HEARTBEAT {datanodeUUID=1a603c78-5244-4e25-920a-cef477e0f94b, command=[]} | ret=SUCCESS |  
2019-09-09 18:02:27,853 | INFO  | SCMAudit | user=jenkins1000 | ip=192.168.34.39 | op=SEND_HEARTBEAT {datanodeUUID=5424b559-d12b-44e4-a34a-b8ff23546acb, command=[]} | ret=SUCCESS |  
2019-09-09 18:02:28,251 [grpc-default-executor-5] INFO  client.GrpcClientProtocolClient (GrpcClientProtocolClient.java:onNext(255)) - client-1B196153D3AF->1a603c78-5244-4e25-920a-cef477e0f94b: receive RaftClientReply:client-1B196153D3AF->1a603c78-5244-4e25-920a-cef477e0f94b@group-E7B0D22102B3, cid=171, FAILED org.apache.ratis.protocol.NotLeaderException: Server 1a603c78-5244-4e25-920a-cef477e0f94b is not the leader (26278548-c262-4d72-b577-3b7eb89bac6f:192.168.34.39:44945). Request must be sent to leader., logIndex=0, commits[1a603c78-5244-4e25-920a-cef477e0f94b:c16, 26278548-c262-4d72-b577-3b7eb89bac6f:c16, 5424b559-d12b-44e4-a34a-b8ff23546acb:c16]
2019-09-09 18:02:28,331 | INFO  | SCMAudit | user=jenkins1000 | ip=192.168.34.39 | op=SEND_HEARTBEAT {datanodeUUID=22c0f27d-976a-42fe-b1a0-04db584cd0ca, command=[]} | ret=SUCCESS |  
2019-09-09 18:02:28,368 | INFO  | SCMAudit | user=jenkins1000 | ip=192.168.34.39 | op=SEND_HEARTBEAT {datanodeUUID=3f9b7ce0-873d-4f37-9274-1664d68bc8f4, command=[]} | ret=SUCCESS |  
2019-09-09 18:02:28,446 | INFO  | SCMAudit | user=jenkins1000 | ip=192.168.34.39 | op=SEND_HEARTBEAT {datanodeUUID=9b543f03-5966-41d3-9881-7395d9adaa53, command=[]} | ret=SUCCESS |  
2019-09-09 18:02:28,513 | INFO  | SCMAudit | user=jenkins1000 | ip=192.168.34.39 | op=SEND_HEARTBEAT {datanodeUUID=ce295d13-7a4e-42d1-ae50-4896c2bb59ac, command=[]} | ret=SUCCESS |  
2019-09-09 18:02:28,853 | INFO  | SCMAudit | user=jenkins1000 | ip=192.168.34.39 | op=SEND_HEARTBEAT {datanodeUUID=5424b559-d12b-44e4-a34a-b8ff23546acb, command=[]} | ret=SUCCESS |  
2019-09-09 18:02:28,853 | INFO  | SCMAudit | user=jenkins1000 | ip=192.168.34.39 | op=SEND_HEARTBEAT {datanodeUUID=1a603c78-5244-4e25-920a-cef477e0f94b, command=[]} | ret=SUCCESS |  
2019-09-09 18:02:29,263 [grpc-default-executor-3] INFO  client.GrpcClientProtocolClient (GrpcClientProtocolClient.java:onNext(255)) - client-1B196153D3AF->5424b559-d12b-44e4-a34a-b8ff23546acb: receive RaftClientReply:client-1B196153D3AF->5424b559-d12b-44e4-a34a-b8ff23546acb@group-E7B0D22102B3, cid=171, FAILED org.apache.ratis.protocol.NotLeaderException: Server 5424b559-d12b-44e4-a34a-b8ff23546acb is not the leader (26278548-c262-4d72-b577-3b7eb89bac6f:192.168.34.39:44945). Request must be sent to leader., logIndex=0, commits[5424b559-d12b-44e4-a34a-b8ff23546acb:c16, 26278548-c262-4d72-b577-3b7eb89bac6f:c16, 1a603c78-5244-4e25-920a-cef477e0f94b:c16]
2019-09-09 18:02:29,332 | INFO  | SCMAudit | user=jenkins1000 | ip=192.168.34.39 | op=SEND_HEARTBEAT {datanodeUUID=22c0f27d-976a-42fe-b1a0-04db584cd0ca, command=[]} | ret=SUCCESS |  
2019-09-09 18:02:29,368 | INFO  | SCMAudit | user=jenkins1000 | ip=192.168.34.39 | op=SEND_HEARTBEAT {datanodeUUID=3f9b7ce0-873d-4f37-9274-1664d68bc8f4, command=[]} | ret=SUCCESS |  
2019-09-09 18:02:29,446 | INFO  | SCMAudit | user=jenkins1000 | ip=192.168.34.39 | op=SEND_HEARTBEAT {datanodeUUID=9b543f03-5966-41d3-9881-7395d9adaa53, command=[]} | ret=SUCCESS |  
2019-09-09 18:02:29,513 | INFO  | SCMAudit | user=jenkins1000 | ip=192.168.34.39 | op=SEND_HEARTBEAT {datanodeUUID=ce295d13-7a4e-42d1-ae50-4896c2bb59ac, command=[]} | ret=SUCCESS |  
2019-09-09 18:02:29,853 | INFO  | SCMAudit | user=jenkins1000 | ip=192.168.34.39 | op=SEND_HEARTBEAT {datanodeUUID=5424b559-d12b-44e4-a34a-b8ff23546acb, command=[]} | ret=SUCCESS |  
2019-09-09 18:02:29,853 | INFO  | SCMAudit | user=jenkins1000 | ip=192.168.34.39 | op=SEND_HEARTBEAT {datanodeUUID=1a603c78-5244-4e25-920a-cef477e0f94b, command=[]} | ret=SUCCESS |  
2019-09-09 18:02:30,276 [grpc-default-executor-5] INFO  client.GrpcClientProtocolClient (GrpcClientProtocolClient.java:onNext(255)) - client-1B196153D3AF->1a603c78-5244-4e25-920a-cef477e0f94b: receive RaftClientReply:client-1B196153D3AF->1a603c78-5244-4e25-920a-cef477e0f94b@group-E7B0D22102B3, cid=171, FAILED org.apache.ratis.protocol.NotLeaderException: Server 1a603c78-5244-4e25-920a-cef477e0f94b is not the leader (26278548-c262-4d72-b577-3b7eb89bac6f:192.168.34.39:44945). Request must be sent to leader., logIndex=0, commits[1a603c78-5244-4e25-920a-cef477e0f94b:c16, 26278548-c262-4d72-b577-3b7eb89bac6f:c16, 5424b559-d12b-44e4-a34a-b8ff23546acb:c16]
2019-09-09 18:02:30,332 | INFO  | SCMAudit | user=jenkins1000 | ip=192.168.34.39 | op=SEND_HEARTBEAT {datanodeUUID=22c0f27d-976a-42fe-b1a0-04db584cd0ca, command=[]} | ret=SUCCESS |  
2019-09-09 18:02:30,368 | INFO  | SCMAudit | user=jenkins1000 | ip=192.168.34.39 | op=SEND_HEARTBEAT {datanodeUUID=3f9b7ce0-873d-4f37-9274-1664d68bc8f4, command=[]} | ret=SUCCESS |  
2019-09-09 18:02:30,447 | INFO  | SCMAudit | user=jenkins1000 | ip=192.168.34.39 | op=SEND_HEARTBEAT {datanodeUUID=9b543f03-5966-41d3-9881-7395d9adaa53, command=[]} | ret=SUCCESS |  
2019-09-09 18:02:30,514 | INFO  | SCMAudit | user=jenkins1000 | ip=192.168.34.39 | op=SEND_HEARTBEAT {datanodeUUID=ce295d13-7a4e-42d1-ae50-4896c2bb59ac, command=[]} | ret=SUCCESS |  
2019-09-09 18:02:30,854 | INFO  | SCMAudit | user=jenkins1000 | ip=192.168.34.39 | op=SEND_HEARTBEAT {datanodeUUID=1a603c78-5244-4e25-920a-cef477e0f94b, command=[]} | ret=SUCCESS |  
2019-09-09 18:02:30,854 | INFO  | SCMAudit | user=jenkins1000 | ip=192.168.34.39 | op=SEND_HEARTBEAT {datanodeUUID=5424b559-d12b-44e4-a34a-b8ff23546acb, command=[]} | ret=SUCCESS |  
2019-09-09 18:02:31,288 [grpc-default-executor-4] INFO  client.GrpcClientProtocolClient (GrpcClientProtocolClient.java:onNext(255)) - client-1B196153D3AF->1a603c78-5244-4e25-920a-cef477e0f94b: receive RaftClientReply:client-1B196153D3AF->1a603c78-5244-4e25-920a-cef477e0f94b@group-E7B0D22102B3, cid=171, FAILED org.apache.ratis.protocol.NotLeaderException: Server 1a603c78-5244-4e25-920a-cef477e0f94b is not the leader (26278548-c262-4d72-b577-3b7eb89bac6f:192.168.34.39:44945). Request must be sent to leader., logIndex=0, commits[1a603c78-5244-4e25-920a-cef477e0f94b:c16, 26278548-c262-4d72-b577-3b7eb89bac6f:c16, 5424b559-d12b-44e4-a34a-b8ff23546acb:c16]
2019-09-09 18:02:31,332 | INFO  | SCMAudit | user=jenkins1000 | ip=192.168.34.39 | op=SEND_HEARTBEAT {datanodeUUID=22c0f27d-976a-42fe-b1a0-04db584cd0ca, command=[]} | ret=SUCCESS |  
2019-09-09 18:02:31,368 | INFO  | SCMAudit | user=jenkins1000 | ip=192.168.34.39 | op=SEND_HEARTBEAT {datanodeUUID=3f9b7ce0-873d-4f37-9274-1664d68bc8f4, command=[]} | ret=SUCCESS |  
2019-09-09 18:02:31,446 | INFO  | SCMAudit | user=jenkins1000 | ip=192.168.34.39 | op=SEND_HEARTBEAT {datanodeUUID=9b543f03-5966-41d3-9881-7395d9adaa53, command=[]} | ret=SUCCESS |  
2019-09-09 18:02:31,514 | INFO  | SCMAudit | user=jenkins1000 | ip=192.168.34.39 | op=SEND_HEARTBEAT {datanodeUUID=ce295d13-7a4e-42d1-ae50-4896c2bb59ac, command=[]} | ret=SUCCESS |  
2019-09-09 18:02:31,854 | INFO  | SCMAudit | user=jenkins1000 | ip=192.168.34.39 | op=SEND_HEARTBEAT {datanodeUUID=5424b559-d12b-44e4-a34a-b8ff23546acb, command=[]} | ret=SUCCESS |  
2019-09-09 18:02:31,854 | INFO  | SCMAudit | user=jenkins1000 | ip=192.168.34.39 | op=SEND_HEARTBEAT {datanodeUUID=1a603c78-5244-4e25-920a-cef477e0f94b, command=[]} | ret=SUCCESS |  
2019-09-09 18:02:32,299 [grpc-default-executor-5] INFO  client.GrpcClientProtocolClient (GrpcClientProtocolClient.java:onNext(255)) - client-1B196153D3AF->1a603c78-5244-4e25-920a-cef477e0f94b: receive RaftClientReply:client-1B196153D3AF->1a603c78-5244-4e25-920a-cef477e0f94b@group-E7B0D22102B3, cid=171, FAILED org.apache.ratis.protocol.NotLeaderException: Server 1a603c78-5244-4e25-920a-cef477e0f94b is not the leader (26278548-c262-4d72-b577-3b7eb89bac6f:192.168.34.39:44945). Request must be sent to leader., logIndex=0, commits[1a603c78-5244-4e25-920a-cef477e0f94b:c16, 26278548-c262-4d72-b577-3b7eb89bac6f:c16, 5424b559-d12b-44e4-a34a-b8ff23546acb:c16]
2019-09-09 18:02:32,333 | INFO  | SCMAudit | user=jenkins1000 | ip=192.168.34.39 | op=SEND_HEARTBEAT {datanodeUUID=22c0f27d-976a-42fe-b1a0-04db584cd0ca, command=[]} | ret=SUCCESS |  
2019-09-09 18:02:32,368 | INFO  | SCMAudit | user=jenkins1000 | ip=192.168.34.39 | op=SEND_HEARTBEAT {datanodeUUID=3f9b7ce0-873d-4f37-9274-1664d68bc8f4, command=[]} | ret=SUCCESS |  
2019-09-09 18:02:32,446 | INFO  | SCMAudit | user=jenkins1000 | ip=192.168.34.39 | op=SEND_HEARTBEAT {datanodeUUID=9b543f03-5966-41d3-9881-7395d9adaa53, command=[]} | ret=SUCCESS |  
2019-09-09 18:02:32,514 | INFO  | SCMAudit | user=jenkins1000 | ip=192.168.34.39 | op=SEND_HEARTBEAT {datanodeUUID=ce295d13-7a4e-42d1-ae50-4896c2bb59ac, command=[]} | ret=SUCCESS |  
2019-09-09 18:02:32,854 | INFO  | SCMAudit | user=jenkins1000 | ip=192.168.34.39 | op=SEND_HEARTBEAT {datanodeUUID=1a603c78-5244-4e25-920a-cef477e0f94b, command=[]} | ret=SUCCESS |  
2019-09-09 18:02:32,854 | INFO  | SCMAudit | user=jenkins1000 | ip=192.168.34.39 | op=SEND_HEARTBEAT {datanodeUUID=5424b559-d12b-44e4-a34a-b8ff23546acb, command=[]} | ret=SUCCESS |  
2019-09-09 18:02:33,312 [grpc-default-executor-3] INFO  client.GrpcClientProtocolClient (GrpcClientProtocolClient.java:onNext(255)) - client-1B196153D3AF->1a603c78-5244-4e25-920a-cef477e0f94b: receive RaftClientReply:client-1B196153D3AF->1a603c78-5244-4e25-920a-cef477e0f94b@group-E7B0D22102B3, cid=171, FAILED org.apache.ratis.protocol.NotLeaderException: Server 1a603c78-5244-4e25-920a-cef477e0f94b is not the leader (26278548-c262-4d72-b577-3b7eb89bac6f:192.168.34.39:44945). Request must be sent to leader., logIndex=0, commits[1a603c78-5244-4e25-920a-cef477e0f94b:c16, 26278548-c262-4d72-b577-3b7eb89bac6f:c16, 5424b559-d12b-44e4-a34a-b8ff23546acb:c16]
2019-09-09 18:02:33,333 | INFO  | SCMAudit | user=jenkins1000 | ip=192.168.34.39 | op=SEND_HEARTBEAT {datanodeUUID=22c0f27d-976a-42fe-b1a0-04db584cd0ca, command=[]} | ret=SUCCESS |  
2019-09-09 18:02:33,368 | INFO  | SCMAudit | user=jenkins1000 | ip=192.168.34.39 | op=SEND_HEARTBEAT {datanodeUUID=3f9b7ce0-873d-4f37-9274-1664d68bc8f4, command=[]} | ret=SUCCESS |  
2019-09-09 18:02:33,446 | INFO  | SCMAudit | user=jenkins1000 | ip=192.168.34.39 | op=SEND_HEARTBEAT {datanodeUUID=9b543f03-5966-41d3-9881-7395d9adaa53, command=[]} | ret=SUCCESS |  
2019-09-09 18:02:33,515 | INFO  | SCMAudit | user=jenkins1000 | ip=192.168.34.39 | op=SEND_HEARTBEAT {datanodeUUID=ce295d13-7a4e-42d1-ae50-4896c2bb59ac, command=[]} | ret=SUCCESS |  
2019-09-09 18:02:33,607 [Thread-3309] INFO  impl.FollowerState (FollowerState.java:run(106)) - 1a603c78-5244-4e25-920a-cef477e0f94b:group-E7B0D22102B3 changes to CANDIDATE, lastRpcTime:9461, electionTimeout:5054ms
2019-09-09 18:02:33,608 [Thread-3309] INFO  impl.RoleInfo (RoleInfo.java:shutdownFollowerState(121)) - 1a603c78-5244-4e25-920a-cef477e0f94b: shutdown FollowerState
2019-09-09 18:02:33,608 [Thread-3309] INFO  impl.RaftServerImpl (RaftServerImpl.java:setRole(171)) - 1a603c78-5244-4e25-920a-cef477e0f94b:group-E7B0D22102B3 changes role from FOLLOWER to CANDIDATE at term 1 for changeToCandidate
2019-09-09 18:02:33,608 [Thread-3309] INFO  impl.RoleInfo (RoleInfo.java:updateAndGet(143)) - 1a603c78-5244-4e25-920a-cef477e0f94b: start LeaderElection
2019-09-09 18:02:33,610 [1a603c78-5244-4e25-920a-cef477e0f94b:group-E7B0D22102B3:LeaderElection64] INFO  impl.RaftServerImpl (ServerState.java:setLeader(263)) - 1a603c78-5244-4e25-920a-cef477e0f94b:group-E7B0D22102B3 change Leader from 26278548-c262-4d72-b577-3b7eb89bac6f to null at term 1 for initElection
2019-09-09 18:02:33,634 [1a603c78-5244-4e25-920a-cef477e0f94b:group-E7B0D22102B3:LeaderElection64] INFO  impl.LeaderElection (LeaderElection.java:askForVotes(181)) - 1a603c78-5244-4e25-920a-cef477e0f94b:group-E7B0D22102B3:LeaderElection64: begin an election at term 2 for 0: [26278548-c262-4d72-b577-3b7eb89bac6f:192.168.34.39:44945, 5424b559-d12b-44e4-a34a-b8ff23546acb:192.168.34.39:43805, 1a603c78-5244-4e25-920a-cef477e0f94b:192.168.34.39:35215], old=null
2019-09-09 18:02:33,636 [1a603c78-5244-4e25-920a-cef477e0f94b:group-E7B0D22102B3:LeaderElection64] INFO  impl.LeaderElection (LogUtils.java:infoOrTrace(149)) - 1a603c78-5244-4e25-920a-cef477e0f94b:group-E7B0D22102B3:LeaderElection64 got exception when requesting votes: {}
java.util.concurrent.ExecutionException: org.apache.ratis.thirdparty.io.grpc.StatusRuntimeException: UNAVAILABLE: io exception
	at java.util.concurrent.FutureTask.report(FutureTask.java:122)
	at java.util.concurrent.FutureTask.get(FutureTask.java:192)
	at org.apache.ratis.server.impl.LeaderElection.waitForResults(LeaderElection.java:262)
	at org.apache.ratis.server.impl.LeaderElection.askForVotes(LeaderElection.java:200)
	at org.apache.ratis.server.impl.LeaderElection.run(LeaderElection.java:130)
	at java.lang.Thread.run(Thread.java:748)
Caused by: org.apache.ratis.thirdparty.io.grpc.StatusRuntimeException: UNAVAILABLE: io exception
	at org.apache.ratis.thirdparty.io.grpc.stub.ClientCalls.toStatusRuntimeException(ClientCalls.java:233)
	at org.apache.ratis.thirdparty.io.grpc.stub.ClientCalls.getUnchecked(ClientCalls.java:214)
	at org.apache.ratis.thirdparty.io.grpc.stub.ClientCalls.blockingUnaryCall(ClientCalls.java:139)
	at org.apache.ratis.proto.grpc.RaftServerProtocolServiceGrpc$RaftServerProtocolServiceBlockingStub.requestVote(RaftServerProtocolServiceGrpc.java:265)
	at org.apache.ratis.grpc.server.GrpcServerProtocolClient.requestVote(GrpcServerProtocolClient.java:83)
	at org.apache.ratis.grpc.server.GrpcService.requestVote(GrpcService.java:195)
	at org.apache.ratis.server.impl.LeaderElection.lambda$submitRequests$1(LeaderElection.java:237)
	at java.util.concurrent.FutureTask.run(FutureTask.java:266)
	at java.util.concurrent.Executors$RunnableAdapter.call(Executors.java:511)
	at java.util.concurrent.FutureTask.run(FutureTask.java:266)
	at java.util.concurrent.ThreadPoolExecutor.runWorker(ThreadPoolExecutor.java:1149)
	at java.util.concurrent.ThreadPoolExecutor$Worker.run(ThreadPoolExecutor.java:624)
	... 1 more
Caused by: org.apache.ratis.thirdparty.io.netty.channel.AbstractChannel$AnnotatedConnectException: Connection refused: /192.168.34.39:44945
	at sun.nio.ch.SocketChannelImpl.checkConnect(Native Method)
	at sun.nio.ch.SocketChannelImpl.finishConnect(SocketChannelImpl.java:717)
	at org.apache.ratis.thirdparty.io.netty.channel.socket.nio.NioSocketChannel.doFinishConnect(NioSocketChannel.java:327)
	at org.apache.ratis.thirdparty.io.netty.channel.nio.AbstractNioChannel$AbstractNioUnsafe.finishConnect(AbstractNioChannel.java:340)
	at org.apache.ratis.thirdparty.io.netty.channel.nio.NioEventLoop.processSelectedKey(NioEventLoop.java:632)
	at org.apache.ratis.thirdparty.io.netty.channel.nio.NioEventLoop.processSelectedKeysOptimized(NioEventLoop.java:579)
	at org.apache.ratis.thirdparty.io.netty.channel.nio.NioEventLoop.processSelectedKeys(NioEventLoop.java:496)
	at org.apache.ratis.thirdparty.io.netty.channel.nio.NioEventLoop.run(NioEventLoop.java:458)
	at org.apache.ratis.thirdparty.io.netty.util.concurrent.SingleThreadEventExecutor$5.run(SingleThreadEventExecutor.java:897)
	at org.apache.ratis.thirdparty.io.netty.util.concurrent.FastThreadLocalRunnable.run(FastThreadLocalRunnable.java:30)
	... 1 more
Caused by: java.net.ConnectException: Connection refused
	... 11 more
2019-09-09 18:02:33,640 [grpc-default-executor-4] INFO  impl.RaftServerImpl (ServerState.java:setLeader(263)) - 5424b559-d12b-44e4-a34a-b8ff23546acb:group-E7B0D22102B3 change Leader from 26278548-c262-4d72-b577-3b7eb89bac6f to null at term 2 for updateCurrentTerm
2019-09-09 18:02:33,640 [grpc-default-executor-4] INFO  impl.RaftServerImpl (RaftServerImpl.java:setRole(171)) - 5424b559-d12b-44e4-a34a-b8ff23546acb:group-E7B0D22102B3 changes role from FOLLOWER to FOLLOWER at term 2 for recognizeCandidate:1a603c78-5244-4e25-920a-cef477e0f94b
2019-09-09 18:02:33,640 [grpc-default-executor-4] INFO  impl.RoleInfo (RoleInfo.java:shutdownFollowerState(121)) - 5424b559-d12b-44e4-a34a-b8ff23546acb: shutdown FollowerState
2019-09-09 18:02:33,640 [grpc-default-executor-4] INFO  impl.RoleInfo (RoleInfo.java:updateAndGet(143)) - 5424b559-d12b-44e4-a34a-b8ff23546acb: start FollowerState
2019-09-09 18:02:33,640 [Thread-3310] INFO  impl.FollowerState (FollowerState.java:run(114)) - 5424b559-d12b-44e4-a34a-b8ff23546acb: FollowerState was interrupted: java.lang.InterruptedException: sleep interrupted
2019-09-09 18:02:33,657 [1a603c78-5244-4e25-920a-cef477e0f94b:group-E7B0D22102B3:LeaderElection64] INFO  impl.LeaderElection (LeaderElection.java:logAndReturn(56)) - 1a603c78-5244-4e25-920a-cef477e0f94b:group-E7B0D22102B3:LeaderElection64: Election PASSED; received 1 response(s) [1a603c78-5244-4e25-920a-cef477e0f94b<-5424b559-d12b-44e4-a34a-b8ff23546acb#0:OK-t2] and 1 exception(s); 1a603c78-5244-4e25-920a-cef477e0f94b:t2, leader=null, voted=1a603c78-5244-4e25-920a-cef477e0f94b, raftlog=1a603c78-5244-4e25-920a-cef477e0f94b-SegmentedRaftLog:OPENED:c16,f16,i16, conf=0: [26278548-c262-4d72-b577-3b7eb89bac6f:192.168.34.39:44945, 5424b559-d12b-44e4-a34a-b8ff23546acb:192.168.34.39:43805, 1a603c78-5244-4e25-920a-cef477e0f94b:192.168.34.39:35215], old=null
2019-09-09 18:02:33,658 [1a603c78-5244-4e25-920a-cef477e0f94b:group-E7B0D22102B3:LeaderElection64] INFO  impl.LeaderElection (LogUtils.java:infoOrTrace(149)) -   Exception 0: {}
java.util.concurrent.ExecutionException: org.apache.ratis.thirdparty.io.grpc.StatusRuntimeException: UNAVAILABLE: io exception
	at java.util.concurrent.FutureTask.report(FutureTask.java:122)
	at java.util.concurrent.FutureTask.get(FutureTask.java:192)
	at org.apache.ratis.server.impl.LeaderElection.waitForResults(LeaderElection.java:262)
	at org.apache.ratis.server.impl.LeaderElection.askForVotes(LeaderElection.java:200)
	at org.apache.ratis.server.impl.LeaderElection.run(LeaderElection.java:130)
	at java.lang.Thread.run(Thread.java:748)
Caused by: org.apache.ratis.thirdparty.io.grpc.StatusRuntimeException: UNAVAILABLE: io exception
	at org.apache.ratis.thirdparty.io.grpc.stub.ClientCalls.toStatusRuntimeException(ClientCalls.java:233)
	at org.apache.ratis.thirdparty.io.grpc.stub.ClientCalls.getUnchecked(ClientCalls.java:214)
	at org.apache.ratis.thirdparty.io.grpc.stub.ClientCalls.blockingUnaryCall(ClientCalls.java:139)
	at org.apache.ratis.proto.grpc.RaftServerProtocolServiceGrpc$RaftServerProtocolServiceBlockingStub.requestVote(RaftServerProtocolServiceGrpc.java:265)
	at org.apache.ratis.grpc.server.GrpcServerProtocolClient.requestVote(GrpcServerProtocolClient.java:83)
	at org.apache.ratis.grpc.server.GrpcService.requestVote(GrpcService.java:195)
	at org.apache.ratis.server.impl.LeaderElection.lambda$submitRequests$1(LeaderElection.java:237)
	at java.util.concurrent.FutureTask.run(FutureTask.java:266)
	at java.util.concurrent.Executors$RunnableAdapter.call(Executors.java:511)
	at java.util.concurrent.FutureTask.run(FutureTask.java:266)
	at java.util.concurrent.ThreadPoolExecutor.runWorker(ThreadPoolExecutor.java:1149)
	at java.util.concurrent.ThreadPoolExecutor$Worker.run(ThreadPoolExecutor.java:624)
	... 1 more
Caused by: org.apache.ratis.thirdparty.io.netty.channel.AbstractChannel$AnnotatedConnectException: Connection refused: /192.168.34.39:44945
	at sun.nio.ch.SocketChannelImpl.checkConnect(Native Method)
	at sun.nio.ch.SocketChannelImpl.finishConnect(SocketChannelImpl.java:717)
	at org.apache.ratis.thirdparty.io.netty.channel.socket.nio.NioSocketChannel.doFinishConnect(NioSocketChannel.java:327)
	at org.apache.ratis.thirdparty.io.netty.channel.nio.AbstractNioChannel$AbstractNioUnsafe.finishConnect(AbstractNioChannel.java:340)
	at org.apache.ratis.thirdparty.io.netty.channel.nio.NioEventLoop.processSelectedKey(NioEventLoop.java:632)
	at org.apache.ratis.thirdparty.io.netty.channel.nio.NioEventLoop.processSelectedKeysOptimized(NioEventLoop.java:579)
	at org.apache.ratis.thirdparty.io.netty.channel.nio.NioEventLoop.processSelectedKeys(NioEventLoop.java:496)
	at org.apache.ratis.thirdparty.io.netty.channel.nio.NioEventLoop.run(NioEventLoop.java:458)
	at org.apache.ratis.thirdparty.io.netty.util.concurrent.SingleThreadEventExecutor$5.run(SingleThreadEventExecutor.java:897)
	at org.apache.ratis.thirdparty.io.netty.util.concurrent.FastThreadLocalRunnable.run(FastThreadLocalRunnable.java:30)
	... 1 more
Caused by: java.net.ConnectException: Connection refused
	... 11 more
2019-09-09 18:02:33,658 [1a603c78-5244-4e25-920a-cef477e0f94b:group-E7B0D22102B3:LeaderElection64] INFO  impl.RoleInfo (RoleInfo.java:shutdownLeaderElection(134)) - 1a603c78-5244-4e25-920a-cef477e0f94b: shutdown LeaderElection
2019-09-09 18:02:33,658 [1a603c78-5244-4e25-920a-cef477e0f94b:group-E7B0D22102B3:LeaderElection64] INFO  impl.RaftServerImpl (RaftServerImpl.java:setRole(171)) - 1a603c78-5244-4e25-920a-cef477e0f94b:group-E7B0D22102B3 changes role from CANDIDATE to LEADER at term 2 for changeToLeader
2019-09-09 18:02:33,658 [1a603c78-5244-4e25-920a-cef477e0f94b:group-E7B0D22102B3:LeaderElection64] INFO  impl.RaftServerImpl (ServerState.java:setLeader(263)) - 1a603c78-5244-4e25-920a-cef477e0f94b:group-E7B0D22102B3 change Leader from null to 1a603c78-5244-4e25-920a-cef477e0f94b at term 2 for becomeLeader, leader elected after 47ms
2019-09-09 18:02:33,658 [1a603c78-5244-4e25-920a-cef477e0f94b:group-E7B0D22102B3:LeaderElection64] INFO  server.RaftServerConfigKeys (ConfUtils.java:logGet(43)) - raft.server.staging.catchup.gap = 1000 (default)
2019-09-09 18:02:33,659 [1a603c78-5244-4e25-920a-cef477e0f94b:group-E7B0D22102B3:LeaderElection64] INFO  server.RaftServerConfigKeys (ConfUtils.java:logGet(43)) - raft.server.rpc.sleep.time = 25ms (default)
2019-09-09 18:02:33,659 [1a603c78-5244-4e25-920a-cef477e0f94b:group-E7B0D22102B3:LeaderElection64] INFO  server.RaftServerConfigKeys (ConfUtils.java:logGet(43)) - raft.server.write.element-limit = 4096 (default)
2019-09-09 18:02:33,659 [1a603c78-5244-4e25-920a-cef477e0f94b:group-E7B0D22102B3:LeaderElection64] INFO  server.RaftServerConfigKeys (ConfUtils.java:logGet(43)) - raft.server.watch.timeout = 10s (default)
2019-09-09 18:02:33,659 [1a603c78-5244-4e25-920a-cef477e0f94b:group-E7B0D22102B3:LeaderElection64] INFO  server.RaftServerConfigKeys (ConfUtils.java:logGet(43)) - raft.server.watch.timeout.denomination = 1s (default)
2019-09-09 18:02:33,659 [1a603c78-5244-4e25-920a-cef477e0f94b:group-E7B0D22102B3:LeaderElection64] INFO  server.RaftServerConfigKeys (ConfUtils.java:logGet(43)) - raft.server.watch.element-limit = 65536 (default)
2019-09-09 18:02:33,659 [1a603c78-5244-4e25-920a-cef477e0f94b:group-E7B0D22102B3:LeaderElection64] INFO  server.RaftServerConfigKeys (ConfUtils.java:logGet(43)) - raft.server.log.appender.snapshot.chunk.size.max = 16MB (=16777216) (default)
2019-09-09 18:02:33,660 [1a603c78-5244-4e25-920a-cef477e0f94b:group-E7B0D22102B3:LeaderElection64] INFO  server.RaftServerConfigKeys (ConfUtils.java:logGet(43)) - raft.server.log.appender.buffer.byte-limit = 33554432 (custom)
2019-09-09 18:02:33,660 [1a603c78-5244-4e25-920a-cef477e0f94b:group-E7B0D22102B3:LeaderElection64] INFO  server.RaftServerConfigKeys (ConfUtils.java:logGet(43)) - raft.server.log.appender.buffer.element-limit = 1 (custom)
2019-09-09 18:02:33,660 [1a603c78-5244-4e25-920a-cef477e0f94b:group-E7B0D22102B3:LeaderElection64] INFO  grpc.GrpcConfigKeys$Server (ConfUtils.java:logGet(43)) - raft.grpc.server.leader.outstanding.appends.max = 128 (default)
2019-09-09 18:02:33,660 [1a603c78-5244-4e25-920a-cef477e0f94b:group-E7B0D22102B3:LeaderElection64] INFO  server.RaftServerConfigKeys (ConfUtils.java:logGet(43)) - raft.server.rpc.request.timeout = 3000ms (default)
2019-09-09 18:02:33,660 [1a603c78-5244-4e25-920a-cef477e0f94b:group-E7B0D22102B3:LeaderElection64] INFO  server.RaftServerConfigKeys (ConfUtils.java:logGet(43)) - raft.server.log.appender.install.snapshot.enabled = false (custom)
2019-09-09 18:02:33,661 [1a603c78-5244-4e25-920a-cef477e0f94b:group-E7B0D22102B3:LeaderElection64] INFO  server.RaftServerConfigKeys (ConfUtils.java:logGet(43)) - raft.server.log.appender.snapshot.chunk.size.max = 16MB (=16777216) (default)
2019-09-09 18:02:33,661 [1a603c78-5244-4e25-920a-cef477e0f94b:group-E7B0D22102B3:LeaderElection64] INFO  server.RaftServerConfigKeys (ConfUtils.java:logGet(43)) - raft.server.log.appender.buffer.byte-limit = 33554432 (custom)
2019-09-09 18:02:33,661 [1a603c78-5244-4e25-920a-cef477e0f94b:group-E7B0D22102B3:LeaderElection64] INFO  server.RaftServerConfigKeys (ConfUtils.java:logGet(43)) - raft.server.log.appender.buffer.element-limit = 1 (custom)
2019-09-09 18:02:33,661 [1a603c78-5244-4e25-920a-cef477e0f94b:group-E7B0D22102B3:LeaderElection64] INFO  grpc.GrpcConfigKeys$Server (ConfUtils.java:logGet(43)) - raft.grpc.server.leader.outstanding.appends.max = 128 (default)
2019-09-09 18:02:33,661 [1a603c78-5244-4e25-920a-cef477e0f94b:group-E7B0D22102B3:LeaderElection64] INFO  server.RaftServerConfigKeys (ConfUtils.java:logGet(43)) - raft.server.rpc.request.timeout = 3000ms (default)
2019-09-09 18:02:33,662 [1a603c78-5244-4e25-920a-cef477e0f94b:group-E7B0D22102B3:LeaderElection64] INFO  server.RaftServerConfigKeys (ConfUtils.java:logGet(43)) - raft.server.log.appender.install.snapshot.enabled = false (custom)
2019-09-09 18:02:33,662 [1a603c78-5244-4e25-920a-cef477e0f94b:group-E7B0D22102B3:LeaderElection64] INFO  impl.RoleInfo (RoleInfo.java:updateAndGet(143)) - 1a603c78-5244-4e25-920a-cef477e0f94b: start LeaderState
2019-09-09 18:02:33,662 [1a603c78-5244-4e25-920a-cef477e0f94b:group-E7B0D22102B3:LeaderElection64] INFO  segmented.SegmentedRaftLogWorker (SegmentedRaftLogWorker.java:rollLogSegment(385)) - 1a603c78-5244-4e25-920a-cef477e0f94b-SegmentedRaftLogWorker:Storage Directory /workdir/hadoop-ozone/integration-test/target/test-dir/MiniOzoneClusterImpl-b5fe0712-b217-48e1-a309-931088266b0b/datanode-2/data/ratis/5a5db5b4-2ffa-47ce-abe8-e7b0d22102b3: Rolling segment log-0_16 to index:16
2019-09-09 18:02:33,663 [1a603c78-5244-4e25-920a-cef477e0f94b-SegmentedRaftLogWorker:Storage Directory /workdir/hadoop-ozone/integration-test/target/test-dir/MiniOzoneClusterImpl-b5fe0712-b217-48e1-a309-931088266b0b/datanode-2/data/ratis/5a5db5b4-2ffa-47ce-abe8-e7b0d22102b3] INFO  segmented.SegmentedRaftLogWorker (SegmentedRaftLogWorker.java:execute(526)) - 1a603c78-5244-4e25-920a-cef477e0f94b-SegmentedRaftLogWorker:Storage Directory /workdir/hadoop-ozone/integration-test/target/test-dir/MiniOzoneClusterImpl-b5fe0712-b217-48e1-a309-931088266b0b/datanode-2/data/ratis/5a5db5b4-2ffa-47ce-abe8-e7b0d22102b3: Rolled log segment from /workdir/hadoop-ozone/integration-test/target/test-dir/MiniOzoneClusterImpl-b5fe0712-b217-48e1-a309-931088266b0b/datanode-2/data/ratis/5a5db5b4-2ffa-47ce-abe8-e7b0d22102b3/current/log_inprogress_0 to /workdir/hadoop-ozone/integration-test/target/test-dir/MiniOzoneClusterImpl-b5fe0712-b217-48e1-a309-931088266b0b/datanode-2/data/ratis/5a5db5b4-2ffa-47ce-abe8-e7b0d22102b3/current/log_0-16
2019-09-09 18:02:33,663 [1a603c78-5244-4e25-920a-cef477e0f94b:group-E7B0D22102B3:LeaderElection64] INFO  impl.RaftServerImpl (ServerState.java:setRaftConf(361)) - 1a603c78-5244-4e25-920a-cef477e0f94b:group-E7B0D22102B3 set configuration 17: [26278548-c262-4d72-b577-3b7eb89bac6f:192.168.34.39:44945, 5424b559-d12b-44e4-a34a-b8ff23546acb:192.168.34.39:43805, 1a603c78-5244-4e25-920a-cef477e0f94b:192.168.34.39:35215], old=null at 17
2019-09-09 18:02:33,663 [grpc-default-executor-4] WARN  server.GrpcLogAppender (LogUtils.java:warn(134)) - 1a603c78-5244-4e25-920a-cef477e0f94b->26278548-c262-4d72-b577-3b7eb89bac6f: Failed appendEntries: org.apache.ratis.thirdparty.io.grpc.StatusRuntimeException: UNAVAILABLE: io exception
2019-09-09 18:02:33,702 [grpc-default-executor-4] INFO  impl.FollowerInfo (FollowerInfo.java:lambda$new$0(50)) - 1a603c78-5244-4e25-920a-cef477e0f94b->26278548-c262-4d72-b577-3b7eb89bac6f: nextIndex: updateUnconditionally 17 -> 1
2019-09-09 18:02:33,702 [grpc-default-executor-5] INFO  impl.RaftServerImpl (ServerState.java:setLeader(263)) - 5424b559-d12b-44e4-a34a-b8ff23546acb:group-E7B0D22102B3 change Leader from null to 1a603c78-5244-4e25-920a-cef477e0f94b at term 2 for appendEntries, leader elected after 62ms
2019-09-09 18:02:33,704 [grpc-default-executor-5] INFO  impl.RaftServerImpl (ServerState.java:setRaftConf(361)) - 5424b559-d12b-44e4-a34a-b8ff23546acb:group-E7B0D22102B3 set configuration 17: [26278548-c262-4d72-b577-3b7eb89bac6f:192.168.34.39:44945, 5424b559-d12b-44e4-a34a-b8ff23546acb:192.168.34.39:43805, 1a603c78-5244-4e25-920a-cef477e0f94b:192.168.34.39:35215], old=null at 17
2019-09-09 18:02:33,704 [grpc-default-executor-5] INFO  segmented.SegmentedRaftLogWorker (SegmentedRaftLogWorker.java:rollLogSegment(385)) - 5424b559-d12b-44e4-a34a-b8ff23546acb-SegmentedRaftLogWorker:Storage Directory /workdir/hadoop-ozone/integration-test/target/test-dir/MiniOzoneClusterImpl-b5fe0712-b217-48e1-a309-931088266b0b/datanode-1/data/ratis/5a5db5b4-2ffa-47ce-abe8-e7b0d22102b3: Rolling segment log-0_16 to index:16
2019-09-09 18:02:33,705 [5424b559-d12b-44e4-a34a-b8ff23546acb-SegmentedRaftLogWorker:Storage Directory /workdir/hadoop-ozone/integration-test/target/test-dir/MiniOzoneClusterImpl-b5fe0712-b217-48e1-a309-931088266b0b/datanode-1/data/ratis/5a5db5b4-2ffa-47ce-abe8-e7b0d22102b3] INFO  segmented.SegmentedRaftLogWorker (SegmentedRaftLogWorker.java:execute(526)) - 5424b559-d12b-44e4-a34a-b8ff23546acb-SegmentedRaftLogWorker:Storage Directory /workdir/hadoop-ozone/integration-test/target/test-dir/MiniOzoneClusterImpl-b5fe0712-b217-48e1-a309-931088266b0b/datanode-1/data/ratis/5a5db5b4-2ffa-47ce-abe8-e7b0d22102b3: Rolled log segment from /workdir/hadoop-ozone/integration-test/target/test-dir/MiniOzoneClusterImpl-b5fe0712-b217-48e1-a309-931088266b0b/datanode-1/data/ratis/5a5db5b4-2ffa-47ce-abe8-e7b0d22102b3/current/log_inprogress_0 to /workdir/hadoop-ozone/integration-test/target/test-dir/MiniOzoneClusterImpl-b5fe0712-b217-48e1-a309-931088266b0b/datanode-1/data/ratis/5a5db5b4-2ffa-47ce-abe8-e7b0d22102b3/current/log_0-16
2019-09-09 18:02:33,725 [1a603c78-5244-4e25-920a-cef477e0f94b-SegmentedRaftLogWorker:Storage Directory /workdir/hadoop-ozone/integration-test/target/test-dir/MiniOzoneClusterImpl-b5fe0712-b217-48e1-a309-931088266b0b/datanode-2/data/ratis/5a5db5b4-2ffa-47ce-abe8-e7b0d22102b3] INFO  segmented.SegmentedRaftLogWorker (SegmentedRaftLogWorker.java:execute(569)) - 1a603c78-5244-4e25-920a-cef477e0f94b-SegmentedRaftLogWorker:Storage Directory /workdir/hadoop-ozone/integration-test/target/test-dir/MiniOzoneClusterImpl-b5fe0712-b217-48e1-a309-931088266b0b/datanode-2/data/ratis/5a5db5b4-2ffa-47ce-abe8-e7b0d22102b3: created new log segment /workdir/hadoop-ozone/integration-test/target/test-dir/MiniOzoneClusterImpl-b5fe0712-b217-48e1-a309-931088266b0b/datanode-2/data/ratis/5a5db5b4-2ffa-47ce-abe8-e7b0d22102b3/current/log_inprogress_17
2019-09-09 18:02:33,743 [5424b559-d12b-44e4-a34a-b8ff23546acb-SegmentedRaftLogWorker:Storage Directory /workdir/hadoop-ozone/integration-test/target/test-dir/MiniOzoneClusterImpl-b5fe0712-b217-48e1-a309-931088266b0b/datanode-1/data/ratis/5a5db5b4-2ffa-47ce-abe8-e7b0d22102b3] INFO  segmented.SegmentedRaftLogWorker (SegmentedRaftLogWorker.java:execute(569)) - 5424b559-d12b-44e4-a34a-b8ff23546acb-SegmentedRaftLogWorker:Storage Directory /workdir/hadoop-ozone/integration-test/target/test-dir/MiniOzoneClusterImpl-b5fe0712-b217-48e1-a309-931088266b0b/datanode-1/data/ratis/5a5db5b4-2ffa-47ce-abe8-e7b0d22102b3: created new log segment /workdir/hadoop-ozone/integration-test/target/test-dir/MiniOzoneClusterImpl-b5fe0712-b217-48e1-a309-931088266b0b/datanode-1/data/ratis/5a5db5b4-2ffa-47ce-abe8-e7b0d22102b3/current/log_inprogress_17
2019-09-09 18:02:33,750 | INFO  | DNAudit | user=null | ip=null | op=READ_CHUNK {blockData=conID: 1 locID: 102763864625250318 bcsId: 0} | ret=SUCCESS |  
2019-09-09 18:02:33,765 [grpc-default-executor-5] WARN  server.GrpcLogAppender (LogUtils.java:warn(134)) - 1a603c78-5244-4e25-920a-cef477e0f94b->26278548-c262-4d72-b577-3b7eb89bac6f: Failed appendEntries: org.apache.ratis.thirdparty.io.grpc.StatusRuntimeException: UNAVAILABLE: io exception
2019-09-09 18:02:33,765 [grpc-default-executor-5] INFO  impl.FollowerInfo (FollowerInfo.java:lambda$new$0(50)) - 1a603c78-5244-4e25-920a-cef477e0f94b->26278548-c262-4d72-b577-3b7eb89bac6f: nextIndex: updateUnconditionally 2 -> 1
2019-09-09 18:02:33,855 | INFO  | SCMAudit | user=jenkins1000 | ip=192.168.34.39 | op=SEND_HEARTBEAT {datanodeUUID=5424b559-d12b-44e4-a34a-b8ff23546acb, command=[]} | ret=SUCCESS |  
2019-09-09 18:02:33,855 | INFO  | SCMAudit | user=jenkins1000 | ip=192.168.34.39 | op=SEND_HEARTBEAT {datanodeUUID=1a603c78-5244-4e25-920a-cef477e0f94b, command=[]} | ret=SUCCESS |  
2019-09-09 18:02:34,320 | ERROR | DNAudit | user=null | ip=null | op=WRITE_CHUNK {blockData=conID: 1 locID: 102763864625250318 bcsId: 14} | ret=FAILURE | org.apache.hadoop.hdds.scm.container.common.helpers.ContainerNotOpenException: Container 1 in CLOSING state
	at org.apache.hadoop.ozone.container.common.impl.HddsDispatcher.validateContainerCommand(HddsDispatcher.java:408)
	at org.apache.hadoop.ozone.container.common.transport.server.ratis.ContainerStateMachine.startTransaction(ContainerStateMachine.java:310) 
2019-09-09 18:02:34,330 [grpc-default-executor-5] INFO  client.GrpcClientProtocolClient (GrpcClientProtocolClient.java:onNext(255)) - client-1B196153D3AF->1a603c78-5244-4e25-920a-cef477e0f94b: receive RaftClientReply:client-1B196153D3AF->1a603c78-5244-4e25-920a-cef477e0f94b@group-E7B0D22102B3, cid=171, FAILED org.apache.ratis.protocol.StateMachineException: org.apache.hadoop.hdds.scm.container.common.helpers.ContainerNotOpenException from Server 1a603c78-5244-4e25-920a-cef477e0f94b: Container 1 in CLOSING state, logIndex=0, commits[1a603c78-5244-4e25-920a-cef477e0f94b:c18, 26278548-c262-4d72-b577-3b7eb89bac6f:c16, 5424b559-d12b-44e4-a34a-b8ff23546acb:c17]
2019-09-09 18:02:34,331 | ERROR | DNAudit | user=null | ip=null | op=WRITE_CHUNK {blockData=conID: 1 locID: 102763864625250318 bcsId: 14} | ret=FAILURE | org.apache.hadoop.hdds.scm.container.common.helpers.ContainerNotOpenException: Container 1 in CLOSING state
	at org.apache.hadoop.ozone.container.common.impl.HddsDispatcher.validateContainerCommand(HddsDispatcher.java:408)
	at org.apache.hadoop.ozone.container.common.transport.server.ratis.ContainerStateMachine.startTransaction(ContainerStateMachine.java:310) 
2019-09-09 18:02:34,338 | INFO  | SCMAudit | user=jenkins1000 | ip=192.168.34.39 | op=SEND_HEARTBEAT {datanodeUUID=22c0f27d-976a-42fe-b1a0-04db584cd0ca, command=[]} | ret=SUCCESS |  
2019-09-09 18:02:34,342 | ERROR | DNAudit | user=null | ip=null | op=PUT_BLOCK {blockData=[blockId=conID: 1 locID: 102763864625250318 bcsId: 0,size=650]} | ret=FAILURE | org.apache.hadoop.hdds.scm.container.common.helpers.ContainerNotOpenException: Container 1 in CLOSING state
	at org.apache.hadoop.ozone.container.common.impl.HddsDispatcher.validateContainerCommand(HddsDispatcher.java:408)
	at org.apache.hadoop.ozone.container.common.transport.server.ratis.ContainerStateMachine.startTransaction(ContainerStateMachine.java:310) 
2019-09-09 18:02:34,343 [grpc-default-executor-5] INFO  client.GrpcClientProtocolClient (GrpcClientProtocolClient.java:onNext(255)) - client-1B196153D3AF->1a603c78-5244-4e25-920a-cef477e0f94b: receive RaftClientReply:client-1B196153D3AF->1a603c78-5244-4e25-920a-cef477e0f94b@group-E7B0D22102B3, cid=172, FAILED org.apache.ratis.protocol.StateMachineException: org.apache.hadoop.hdds.scm.container.common.helpers.ContainerNotOpenException from Server 1a603c78-5244-4e25-920a-cef477e0f94b: Container 1 in CLOSING state, logIndex=0, commits[1a603c78-5244-4e25-920a-cef477e0f94b:c18, 26278548-c262-4d72-b577-3b7eb89bac6f:c16, 5424b559-d12b-44e4-a34a-b8ff23546acb:c17]
2019-09-09 18:02:34,346 | ERROR | DNAudit | user=null | ip=null | op=WRITE_CHUNK {blockData=conID: 1 locID: 102763864625250318 bcsId: 14} | ret=FAILURE | org.apache.hadoop.hdds.scm.container.common.helpers.ContainerNotOpenException: Container 1 in CLOSING state
	at org.apache.hadoop.ozone.container.common.impl.HddsDispatcher.validateContainerCommand(HddsDispatcher.java:408)
	at org.apache.hadoop.ozone.container.common.transport.server.ratis.ContainerStateMachine.startTransaction(ContainerStateMachine.java:310) 
2019-09-09 18:02:34,348 [grpc-default-executor-5] INFO  client.GrpcClientProtocolClient (GrpcClientProtocolClient.java:onNext(255)) - client-1B196153D3AF->1a603c78-5244-4e25-920a-cef477e0f94b: receive RaftClientReply:client-1B196153D3AF->1a603c78-5244-4e25-920a-cef477e0f94b@group-E7B0D22102B3, cid=173, FAILED org.apache.ratis.protocol.StateMachineException: org.apache.hadoop.hdds.scm.container.common.helpers.ContainerNotOpenException from Server 1a603c78-5244-4e25-920a-cef477e0f94b: Container 1 in CLOSING state, logIndex=0, commits[1a603c78-5244-4e25-920a-cef477e0f94b:c18, 26278548-c262-4d72-b577-3b7eb89bac6f:c16, 5424b559-d12b-44e4-a34a-b8ff23546acb:c17]
2019-09-09 18:02:34,349 | ERROR | DNAudit | user=null | ip=null | op=WRITE_CHUNK {blockData=conID: 1 locID: 102763864625250318 bcsId: 14} | ret=FAILURE | org.apache.hadoop.hdds.scm.container.common.helpers.ContainerNotOpenException: Container 1 in CLOSING state
	at org.apache.hadoop.ozone.container.common.impl.HddsDispatcher.validateContainerCommand(HddsDispatcher.java:408)
	at org.apache.hadoop.ozone.container.common.transport.server.ratis.ContainerStateMachine.startTransaction(ContainerStateMachine.java:310) 
2019-09-09 18:02:34,352 [grpc-default-executor-5] INFO  client.GrpcClientProtocolClient (GrpcClientProtocolClient.java:onNext(255)) - client-1B196153D3AF->1a603c78-5244-4e25-920a-cef477e0f94b: receive RaftClientReply:client-1B196153D3AF->1a603c78-5244-4e25-920a-cef477e0f94b@group-E7B0D22102B3, cid=174, FAILED org.apache.ratis.protocol.StateMachineException: org.apache.hadoop.hdds.scm.container.common.helpers.ContainerNotOpenException from Server 1a603c78-5244-4e25-920a-cef477e0f94b: Container 1 in CLOSING state, logIndex=0, commits[1a603c78-5244-4e25-920a-cef477e0f94b:c18, 26278548-c262-4d72-b577-3b7eb89bac6f:c16, 5424b559-d12b-44e4-a34a-b8ff23546acb:c17]
2019-09-09 18:02:34,353 | ERROR | DNAudit | user=null | ip=null | op=PUT_BLOCK {blockData=[blockId=conID: 1 locID: 102763864625250318 bcsId: 0,size=800]} | ret=FAILURE | org.apache.hadoop.hdds.scm.container.common.helpers.ContainerNotOpenException: Container 1 in CLOSING state
	at org.apache.hadoop.ozone.container.common.impl.HddsDispatcher.validateContainerCommand(HddsDispatcher.java:408)
	at org.apache.hadoop.ozone.container.common.transport.server.ratis.ContainerStateMachine.startTransaction(ContainerStateMachine.java:310) 
2019-09-09 18:02:34,356 [grpc-default-executor-5] INFO  client.GrpcClientProtocolClient (GrpcClientProtocolClient.java:onNext(255)) - client-1B196153D3AF->1a603c78-5244-4e25-920a-cef477e0f94b: receive RaftClientReply:client-1B196153D3AF->1a603c78-5244-4e25-920a-cef477e0f94b@group-E7B0D22102B3, cid=175, FAILED org.apache.ratis.protocol.StateMachineException: org.apache.hadoop.hdds.scm.container.common.helpers.ContainerNotOpenException from Server 1a603c78-5244-4e25-920a-cef477e0f94b: Container 1 in CLOSING state, logIndex=0, commits[1a603c78-5244-4e25-920a-cef477e0f94b:c18, 26278548-c262-4d72-b577-3b7eb89bac6f:c16, 5424b559-d12b-44e4-a34a-b8ff23546acb:c17]
2019-09-09 18:02:34,357 [grpc-default-executor-5] INFO  client.GrpcClientProtocolClient (GrpcClientProtocolClient.java:onNext(255)) - client-1B196153D3AF->1a603c78-5244-4e25-920a-cef477e0f94b: receive RaftClientReply:client-1B196153D3AF->1a603c78-5244-4e25-920a-cef477e0f94b@group-E7B0D22102B3, cid=176, FAILED org.apache.ratis.protocol.StateMachineException: org.apache.hadoop.hdds.scm.container.common.helpers.ContainerNotOpenException from Server 1a603c78-5244-4e25-920a-cef477e0f94b: Container 1 in CLOSING state, logIndex=0, commits[1a603c78-5244-4e25-920a-cef477e0f94b:c18, 26278548-c262-4d72-b577-3b7eb89bac6f:c16, 5424b559-d12b-44e4-a34a-b8ff23546acb:c17]
2019-09-09 18:02:34,372 | INFO  | SCMAudit | user=jenkins1000 | ip=192.168.34.39 | op=SEND_HEARTBEAT {datanodeUUID=3f9b7ce0-873d-4f37-9274-1664d68bc8f4, command=[]} | ret=SUCCESS |  
2019-09-09 18:02:34,391 | INFO  | SCMAudit | user=jenkins1000 | ip=192.168.34.39 | op=ALLOCATE_BLOCK {owner=ceca0d06-3ac7-4f24-85ab-6130d19ea3a6, size=800, type=RATIS, factor=THREE} | ret=SUCCESS |  
2019-09-09 18:02:34,392 | INFO  | OMAudit | user=jenkins1000 | ip=127.0.0.1 | op=ALLOCATE_BLOCK {volume=testblockoutputstream, bucket=testblockoutputstream, key=0689e859-5eab-4ca2-9a3c-cad4b1894182, dataSize=0, replicationType=null, replicationFactor=null, keyLocationInfo=null, clientID=102763864624988173} | ret=SUCCESS |  
2019-09-09 18:02:34,446 | INFO  | SCMAudit | user=jenkins1000 | ip=192.168.34.39 | op=SEND_HEARTBEAT {datanodeUUID=9b543f03-5966-41d3-9881-7395d9adaa53, command=[]} | ret=SUCCESS |  
2019-09-09 18:02:34,515 | INFO  | SCMAudit | user=jenkins1000 | ip=192.168.34.39 | op=SEND_HEARTBEAT {datanodeUUID=ce295d13-7a4e-42d1-ae50-4896c2bb59ac, command=[]} | ret=SUCCESS |  
2019-09-09 18:02:34,571 | INFO  | DNAudit | user=null | ip=null | op=WRITE_CHUNK {blockData=conID: 2 locID: 102763865990168591 bcsId: 0} | ret=SUCCESS |  
2019-09-09 18:02:34,571 | INFO  | DNAudit | user=null | ip=null | op=WRITE_CHUNK {blockData=conID: 2 locID: 102763865990168591 bcsId: 0} | ret=SUCCESS |  
2019-09-09 18:02:34,571 | INFO  | DNAudit | user=null | ip=null | op=WRITE_CHUNK {blockData=conID: 2 locID: 102763865990168591 bcsId: 0} | ret=SUCCESS |  
2019-09-09 18:02:34,571 | INFO  | SCMAudit | user=jenkins1000 | ip=192.168.34.39 | op=SEND_HEARTBEAT {datanodeUUID=9b543f03-5966-41d3-9881-7395d9adaa53, command=[]} | ret=SUCCESS |  
2019-09-09 18:02:34,571 | INFO  | SCMAudit | user=jenkins1000 | ip=192.168.34.39 | op=SEND_HEARTBEAT {datanodeUUID=3f9b7ce0-873d-4f37-9274-1664d68bc8f4, command=[]} | ret=SUCCESS |  
2019-09-09 18:02:34,571 | INFO  | SCMAudit | user=jenkins1000 | ip=192.168.34.39 | op=SEND_HEARTBEAT {datanodeUUID=22c0f27d-976a-42fe-b1a0-04db584cd0ca, command=[]} | ret=SUCCESS |  
2019-09-09 18:02:34,584 | INFO  | DNAudit | user=null | ip=null | op=WRITE_CHUNK {blockData=conID: 2 locID: 102763865990168591 bcsId: 0} | ret=SUCCESS |  
2019-09-09 18:02:34,587 [grpc-default-executor-4] INFO  client.GrpcClientProtocolClient (GrpcClientProtocolClient.java:onNext(255)) - client-3CD6158DE3F7->22c0f27d-976a-42fe-b1a0-04db584cd0ca: receive RaftClientReply:client-3CD6158DE3F7->22c0f27d-976a-42fe-b1a0-04db584cd0ca@group-A83FDD0C593A, cid=177, SUCCESS, logIndex=1, commits[22c0f27d-976a-42fe-b1a0-04db584cd0ca:c1, 3f9b7ce0-873d-4f37-9274-1664d68bc8f4:c0, 9b543f03-5966-41d3-9881-7395d9adaa53:c0]
2019-09-09 18:02:34,591 | INFO  | DNAudit | user=null | ip=null | op=WRITE_CHUNK {blockData=conID: 2 locID: 102763865990168591 bcsId: 0} | ret=SUCCESS |  
2019-09-09 18:02:34,593 | INFO  | DNAudit | user=null | ip=null | op=WRITE_CHUNK {blockData=conID: 2 locID: 102763865990168591 bcsId: 0} | ret=SUCCESS |  
2019-09-09 18:02:34,594 | INFO  | DNAudit | user=null | ip=null | op=WRITE_CHUNK {blockData=conID: 2 locID: 102763865990168591 bcsId: 0} | ret=SUCCESS |  
2019-09-09 18:02:34,594 | INFO  | DNAudit | user=null | ip=null | op=WRITE_CHUNK {blockData=conID: 2 locID: 102763865990168591 bcsId: 0} | ret=SUCCESS |  
2019-09-09 18:02:34,595 | INFO  | DNAudit | user=null | ip=null | op=WRITE_CHUNK {blockData=conID: 2 locID: 102763865990168591 bcsId: 0} | ret=SUCCESS |  
2019-09-09 18:02:34,595 | INFO  | DNAudit | user=null | ip=null | op=WRITE_CHUNK {blockData=conID: 2 locID: 102763865990168591 bcsId: 0} | ret=SUCCESS |  
2019-09-09 18:02:34,595 | INFO  | DNAudit | user=null | ip=null | op=WRITE_CHUNK {blockData=conID: 2 locID: 102763865990168591 bcsId: 0} | ret=SUCCESS |  
2019-09-09 18:02:34,596 | INFO  | DNAudit | user=null | ip=null | op=WRITE_CHUNK {blockData=conID: 2 locID: 102763865990168591 bcsId: 0} | ret=SUCCESS |  
2019-09-09 18:02:34,596 | INFO  | DNAudit | user=null | ip=null | op=WRITE_CHUNK {blockData=conID: 2 locID: 102763865990168591 bcsId: 0} | ret=SUCCESS |  
2019-09-09 18:02:34,596 | INFO  | DNAudit | user=null | ip=null | op=WRITE_CHUNK {blockData=conID: 2 locID: 102763865990168591 bcsId: 0} | ret=SUCCESS |  
2019-09-09 18:02:34,596 | INFO  | DNAudit | user=null | ip=null | op=WRITE_CHUNK {blockData=conID: 2 locID: 102763865990168591 bcsId: 0} | ret=SUCCESS |  
2019-09-09 18:02:34,597 | INFO  | DNAudit | user=null | ip=null | op=WRITE_CHUNK {blockData=conID: 2 locID: 102763865990168591 bcsId: 0} | ret=SUCCESS |  
2019-09-09 18:02:34,599 [grpc-default-executor-3] INFO  client.GrpcClientProtocolClient (GrpcClientProtocolClient.java:onNext(255)) - client-3CD6158DE3F7->22c0f27d-976a-42fe-b1a0-04db584cd0ca: receive RaftClientReply:client-3CD6158DE3F7->22c0f27d-976a-42fe-b1a0-04db584cd0ca@group-A83FDD0C593A, cid=178, SUCCESS, logIndex=3, commits[22c0f27d-976a-42fe-b1a0-04db584cd0ca:c4, 3f9b7ce0-873d-4f37-9274-1664d68bc8f4:c1, 9b543f03-5966-41d3-9881-7395d9adaa53:c1]
2019-09-09 18:02:34,613 | INFO  | DNAudit | user=null | ip=null | op=WRITE_CHUNK {blockData=conID: 2 locID: 102763865990168591 bcsId: 0} | ret=SUCCESS |  
2019-09-09 18:02:34,621 | INFO  | DNAudit | user=null | ip=null | op=WRITE_CHUNK {blockData=conID: 2 locID: 102763865990168591 bcsId: 0} | ret=SUCCESS |  
2019-09-09 18:02:34,668 | INFO  | DNAudit | user=null | ip=null | op=PUT_BLOCK {blockData=[blockId=conID: 2 locID: 102763865990168591 bcsId: 0,size=200]} | ret=SUCCESS |  
2019-09-09 18:02:34,669 | INFO  | DNAudit | user=null | ip=null | op=WRITE_CHUNK {blockData=conID: 2 locID: 102763865990168591 bcsId: 0} | ret=SUCCESS |  
2019-09-09 18:02:34,669 [grpc-default-executor-3] INFO  client.GrpcClientProtocolClient (GrpcClientProtocolClient.java:onNext(255)) - client-3CD6158DE3F7->22c0f27d-976a-42fe-b1a0-04db584cd0ca: receive RaftClientReply:client-3CD6158DE3F7->22c0f27d-976a-42fe-b1a0-04db584cd0ca@group-A83FDD0C593A, cid=179, SUCCESS, logIndex=4, commits[22c0f27d-976a-42fe-b1a0-04db584cd0ca:c12, 3f9b7ce0-873d-4f37-9274-1664d68bc8f4:c7, 9b543f03-5966-41d3-9881-7395d9adaa53:c7]
2019-09-09 18:02:34,669 | INFO  | DNAudit | user=null | ip=null | op=WRITE_CHUNK {blockData=conID: 2 locID: 102763865990168591 bcsId: 0} | ret=SUCCESS |  
2019-09-09 18:02:34,670 [grpc-default-executor-3] INFO  client.GrpcClientProtocolClient (GrpcClientProtocolClient.java:onNext(255)) - client-3CD6158DE3F7->22c0f27d-976a-42fe-b1a0-04db584cd0ca: receive RaftClientReply:client-3CD6158DE3F7->22c0f27d-976a-42fe-b1a0-04db584cd0ca@group-A83FDD0C593A, cid=180, SUCCESS, logIndex=5, commits[22c0f27d-976a-42fe-b1a0-04db584cd0ca:c12, 3f9b7ce0-873d-4f37-9274-1664d68bc8f4:c7, 9b543f03-5966-41d3-9881-7395d9adaa53:c7]
2019-09-09 18:02:34,670 [grpc-default-executor-3] INFO  client.GrpcClientProtocolClient (GrpcClientProtocolClient.java:onNext(255)) - client-3CD6158DE3F7->22c0f27d-976a-42fe-b1a0-04db584cd0ca: receive RaftClientReply:client-3CD6158DE3F7->22c0f27d-976a-42fe-b1a0-04db584cd0ca@group-A83FDD0C593A, cid=181, SUCCESS, logIndex=6, commits[22c0f27d-976a-42fe-b1a0-04db584cd0ca:c12, 3f9b7ce0-873d-4f37-9274-1664d68bc8f4:c7, 9b543f03-5966-41d3-9881-7395d9adaa53:c7]
2019-09-09 18:02:34,768 | INFO  | DNAudit | user=null | ip=null | op=PUT_BLOCK {blockData=[blockId=conID: 2 locID: 102763865990168591 bcsId: 0,size=200]} | ret=SUCCESS |  
2019-09-09 18:02:34,768 | INFO  | DNAudit | user=null | ip=null | op=WRITE_CHUNK {blockData=conID: 2 locID: 102763865990168591 bcsId: 0} | ret=SUCCESS |  
2019-09-09 18:02:34,769 | INFO  | DNAudit | user=null | ip=null | op=WRITE_CHUNK {blockData=conID: 2 locID: 102763865990168591 bcsId: 0} | ret=SUCCESS |  
2019-09-09 18:02:34,844 | INFO  | DNAudit | user=null | ip=null | op=PUT_BLOCK {blockData=[blockId=conID: 2 locID: 102763865990168591 bcsId: 0,size=400]} | ret=SUCCESS |  
2019-09-09 18:02:34,844 | INFO  | DNAudit | user=null | ip=null | op=PUT_BLOCK {blockData=[blockId=conID: 2 locID: 102763865990168591 bcsId: 0,size=400]} | ret=SUCCESS |  
2019-09-09 18:02:34,844 | INFO  | DNAudit | user=null | ip=null | op=PUT_BLOCK {blockData=[blockId=conID: 2 locID: 102763865990168591 bcsId: 0,size=200]} | ret=SUCCESS |  
2019-09-09 18:02:34,844 | INFO  | DNAudit | user=null | ip=null | op=WRITE_CHUNK {blockData=conID: 2 locID: 102763865990168591 bcsId: 0} | ret=SUCCESS |  
2019-09-09 18:02:34,845 | INFO  | DNAudit | user=null | ip=null | op=WRITE_CHUNK {blockData=conID: 2 locID: 102763865990168591 bcsId: 0} | ret=SUCCESS |  
2019-09-09 18:02:34,845 [grpc-default-executor-3] INFO  client.GrpcClientProtocolClient (GrpcClientProtocolClient.java:onNext(255)) - client-3CD6158DE3F7->22c0f27d-976a-42fe-b1a0-04db584cd0ca: receive RaftClientReply:client-3CD6158DE3F7->22c0f27d-976a-42fe-b1a0-04db584cd0ca@group-A83FDD0C593A, cid=182, SUCCESS, logIndex=7, commits[22c0f27d-976a-42fe-b1a0-04db584cd0ca:c12, 3f9b7ce0-873d-4f37-9274-1664d68bc8f4:c7, 9b543f03-5966-41d3-9881-7395d9adaa53:c7]
2019-09-09 18:02:34,848 | INFO  | DNAudit | user=null | ip=null | op=PUT_BLOCK {blockData=[blockId=conID: 2 locID: 102763865990168591 bcsId: 0,size=400]} | ret=SUCCESS |  
2019-09-09 18:02:34,850 | INFO  | DNAudit | user=null | ip=null | op=WRITE_CHUNK {blockData=conID: 2 locID: 102763865990168591 bcsId: 7} | ret=SUCCESS |  
2019-09-09 18:02:34,852 | INFO  | DNAudit | user=null | ip=null | op=WRITE_CHUNK {blockData=conID: 2 locID: 102763865990168591 bcsId: 7} | ret=SUCCESS |  
2019-09-09 18:02:34,852 | INFO  | DNAudit | user=null | ip=null | op=WRITE_CHUNK {blockData=conID: 2 locID: 102763865990168591 bcsId: 7} | ret=SUCCESS |  
2019-09-09 18:02:34,855 | INFO  | SCMAudit | user=jenkins1000 | ip=192.168.34.39 | op=SEND_HEARTBEAT {datanodeUUID=5424b559-d12b-44e4-a34a-b8ff23546acb, command=[]} | ret=SUCCESS |  
2019-09-09 18:02:34,855 | INFO  | SCMAudit | user=jenkins1000 | ip=192.168.34.39 | op=SEND_HEARTBEAT {datanodeUUID=1a603c78-5244-4e25-920a-cef477e0f94b, command=[]} | ret=SUCCESS |  
2019-09-09 18:02:34,864 | INFO  | DNAudit | user=null | ip=null | op=WRITE_CHUNK {blockData=conID: 2 locID: 102763865990168591 bcsId: 7} | ret=SUCCESS |  
2019-09-09 18:02:34,877 | INFO  | DNAudit | user=null | ip=null | op=PUT_BLOCK {blockData=[blockId=conID: 2 locID: 102763865990168591 bcsId: 0,size=450]} | ret=SUCCESS |  
2019-09-09 18:02:34,877 [grpc-default-executor-4] INFO  client.GrpcClientProtocolClient (GrpcClientProtocolClient.java:onNext(255)) - client-3CD6158DE3F7->22c0f27d-976a-42fe-b1a0-04db584cd0ca: receive RaftClientReply:client-3CD6158DE3F7->22c0f27d-976a-42fe-b1a0-04db584cd0ca@group-A83FDD0C593A, cid=183, SUCCESS, logIndex=13, commits[22c0f27d-976a-42fe-b1a0-04db584cd0ca:c14, 3f9b7ce0-873d-4f37-9274-1664d68bc8f4:c12, 9b543f03-5966-41d3-9881-7395d9adaa53:c12]
2019-09-09 18:02:34,877 | INFO  | DNAudit | user=null | ip=null | op=WRITE_CHUNK {blockData=conID: 2 locID: 102763865990168591 bcsId: 7} | ret=SUCCESS |  
2019-09-09 18:02:34,877 | INFO  | DNAudit | user=null | ip=null | op=WRITE_CHUNK {blockData=conID: 2 locID: 102763865990168591 bcsId: 7} | ret=SUCCESS |  
2019-09-09 18:02:34,878 | INFO  | DNAudit | user=null | ip=null | op=PUT_BLOCK {blockData=[blockId=conID: 2 locID: 102763865990168591 bcsId: 0,size=450]} | ret=SUCCESS |  
2019-09-09 18:02:34,878 [grpc-default-executor-4] INFO  client.GrpcClientProtocolClient (GrpcClientProtocolClient.java:onNext(255)) - client-3CD6158DE3F7->22c0f27d-976a-42fe-b1a0-04db584cd0ca: receive RaftClientReply:client-3CD6158DE3F7->22c0f27d-976a-42fe-b1a0-04db584cd0ca@group-A83FDD0C593A, cid=184, SUCCESS, logIndex=14, commits[22c0f27d-976a-42fe-b1a0-04db584cd0ca:c14, 3f9b7ce0-873d-4f37-9274-1664d68bc8f4:c12, 9b543f03-5966-41d3-9881-7395d9adaa53:c12]
2019-09-09 18:02:34,878 | INFO  | DNAudit | user=null | ip=null | op=PUT_BLOCK {blockData=[blockId=conID: 2 locID: 102763865990168591 bcsId: 0,size=450]} | ret=SUCCESS |  
2019-09-09 18:02:34,882 [grpc-default-executor-4] INFO  client.GrpcClientProtocolClient (GrpcClientProtocolClient.java:onNext(255)) - client-3CD6158DE3F7->22c0f27d-976a-42fe-b1a0-04db584cd0ca: receive RaftClientReply:client-3CD6158DE3F7->22c0f27d-976a-42fe-b1a0-04db584cd0ca@group-A83FDD0C593A, cid=185, SUCCESS, logIndex=0, commits[22c0f27d-976a-42fe-b1a0-04db584cd0ca:c15, 3f9b7ce0-873d-4f37-9274-1664d68bc8f4:c14, 9b543f03-5966-41d3-9881-7395d9adaa53:c14]
2019-09-09 18:02:34,883 [main] INFO  ozone.MiniOzoneClusterImpl (MiniOzoneClusterImpl.java:shutdown(307)) - Shutting down the Mini Ozone Cluster
2019-09-09 18:02:34,883 | INFO  | SCMAudit | user=null | ip=null | op=GET_SCM_INFO null | ret=SUCCESS |  
2019-09-09 18:02:34,883 [main] INFO  ozone.MiniOzoneClusterImpl (MiniOzoneClusterImpl.java:stop(322)) - Stopping the Mini Ozone Cluster
2019-09-09 18:02:34,884 [main] INFO  ozone.MiniOzoneClusterImpl (MiniOzoneClusterImpl.java:stop(324)) - Stopping the OzoneManager
2019-09-09 18:02:34,884 [main] INFO  ipc.Server (Server.java:stop(3082)) - Stopping server on 37454
2019-09-09 18:02:34,898 [IPC Server listener on 37454] INFO  ipc.Server (Server.java:run(1185)) - Stopping IPC Server listener on 37454
2019-09-09 18:02:34,898 [IPC Server Responder] INFO  ipc.Server (Server.java:run(1319)) - Stopping IPC Server Responder
2019-09-09 18:02:34,898 [main] INFO  ratis.OzoneManagerDoubleBuffer (OzoneManagerDoubleBuffer.java:stop(248)) - Stopping OMDoubleBuffer flush thread
2019-09-09 18:02:34,901 [OMDoubleBufferFlushThread] INFO  ratis.OzoneManagerDoubleBuffer (OzoneManagerDoubleBuffer.java:flushTransactions(191)) - OMDoubleBuffer flush thread OMDoubleBufferFlushThread is interrupted and will exit. OMDoubleBufferFlushThread
2019-09-09 18:02:34,901 [main] INFO  utils.BackgroundService (BackgroundService.java:shutdown(148)) - Shutting down service KeyDeletingService
2019-09-09 18:02:34,903 [main] INFO  handler.ContextHandler (ContextHandler.java:doStop(910)) - Stopped o.e.j.w.WebAppContext@175c5c3a{/,null,UNAVAILABLE}{/ozoneManager}
2019-09-09 18:02:34,903 [main] INFO  server.AbstractConnector (AbstractConnector.java:doStop(318)) - Stopped ServerConnector@69a5c6be{HTTP/1.1,[http/1.1]}{0.0.0.0:0}
2019-09-09 18:02:34,904 [main] INFO  handler.ContextHandler (ContextHandler.java:doStop(910)) - Stopped o.e.j.s.ServletContextHandler@75793f17{/static,file:///workdir/hadoop-ozone/integration-test/target/test-classes/webapps/static,UNAVAILABLE}
2019-09-09 18:02:34,904 [main] INFO  handler.ContextHandler (ContextHandler.java:doStop(910)) - Stopped o.e.j.s.ServletContextHandler@36478bce{/logs,file:///workdir/hadoop-ozone/integration-test/target/log,UNAVAILABLE}
2019-09-09 18:02:34,917 [main] INFO  ozone.MiniOzoneClusterImpl (MiniOzoneClusterImpl.java:stop(330)) - Shutting the HddsDatanodes
2019-09-09 18:02:35,516 | INFO  | SCMAudit | user=jenkins1000 | ip=192.168.34.39 | op=SEND_HEARTBEAT {datanodeUUID=ce295d13-7a4e-42d1-ae50-4896c2bb59ac, command=[]} | ret=SUCCESS |  
2019-09-09 18:02:35,570 [Datanode State Machine Thread - 0] INFO  statemachine.DatanodeStateMachine (DatanodeStateMachine.java:lambda$startDaemon$0(350)) - Ozone container server started.
2019-09-09 18:02:35,571 | INFO  | SCMAudit | user=jenkins1000 | ip=192.168.34.39 | op=SEND_HEARTBEAT {datanodeUUID=22c0f27d-976a-42fe-b1a0-04db584cd0ca, command=[]} | ret=SUCCESS |  
2019-09-09 18:02:35,572 | INFO  | SCMAudit | user=jenkins1000 | ip=192.168.34.39 | op=SEND_HEARTBEAT {datanodeUUID=9b543f03-5966-41d3-9881-7395d9adaa53, command=[]} | ret=SUCCESS |  
2019-09-09 18:02:35,855 [Datanode State Machine Thread - 0] INFO  statemachine.DatanodeStateMachine (DatanodeStateMachine.java:lambda$startDaemon$0(350)) - Ozone container server started.
2019-09-09 18:02:35,856 | INFO  | SCMAudit | user=jenkins1000 | ip=192.168.34.39 | op=SEND_HEARTBEAT {datanodeUUID=1a603c78-5244-4e25-920a-cef477e0f94b, command=[]} | ret=SUCCESS |  
2019-09-09 18:02:36,266 [grpc-default-executor-3] WARN  server.GrpcLogAppender (LogUtils.java:warn(134)) - 1a603c78-5244-4e25-920a-cef477e0f94b->26278548-c262-4d72-b577-3b7eb89bac6f: Failed appendEntries: org.apache.ratis.thirdparty.io.grpc.StatusRuntimeException: UNAVAILABLE: io exception
2019-09-09 18:02:36,266 [grpc-default-executor-3] INFO  impl.FollowerInfo (FollowerInfo.java:lambda$new$0(50)) - 1a603c78-5244-4e25-920a-cef477e0f94b->26278548-c262-4d72-b577-3b7eb89bac6f: nextIndex: updateUnconditionally 1 -> 0
2019-09-09 18:02:36,516 | INFO  | SCMAudit | user=jenkins1000 | ip=192.168.34.39 | op=SEND_HEARTBEAT {datanodeUUID=ce295d13-7a4e-42d1-ae50-4896c2bb59ac, command=[]} | ret=SUCCESS |  
2019-09-09 18:02:36,572 | INFO  | SCMAudit | user=jenkins1000 | ip=192.168.34.39 | op=SEND_HEARTBEAT {datanodeUUID=22c0f27d-976a-42fe-b1a0-04db584cd0ca, command=[]} | ret=SUCCESS |  
2019-09-09 18:02:36,573 | INFO  | SCMAudit | user=jenkins1000 | ip=192.168.34.39 | op=SEND_HEARTBEAT {datanodeUUID=9b543f03-5966-41d3-9881-7395d9adaa53, command=[]} | ret=SUCCESS |  
2019-09-09 18:02:36,856 | INFO  | SCMAudit | user=jenkins1000 | ip=192.168.34.39 | op=SEND_HEARTBEAT {datanodeUUID=1a603c78-5244-4e25-920a-cef477e0f94b, command=[]} | ret=SUCCESS |  
2019-09-09 18:02:37,516 | INFO  | SCMAudit | user=jenkins1000 | ip=192.168.34.39 | op=SEND_HEARTBEAT {datanodeUUID=ce295d13-7a4e-42d1-ae50-4896c2bb59ac, command=[]} | ret=SUCCESS |  
2019-09-09 18:02:37,572 | INFO  | SCMAudit | user=jenkins1000 | ip=192.168.34.39 | op=SEND_HEARTBEAT {datanodeUUID=22c0f27d-976a-42fe-b1a0-04db584cd0ca, command=[]} | ret=SUCCESS |  
2019-09-09 18:02:37,574 | INFO  | SCMAudit | user=jenkins1000 | ip=192.168.34.39 | op=SEND_HEARTBEAT {datanodeUUID=9b543f03-5966-41d3-9881-7395d9adaa53, command=[]} | ret=SUCCESS |  
2019-09-09 18:02:37,856 | INFO  | SCMAudit | user=jenkins1000 | ip=192.168.34.39 | op=SEND_HEARTBEAT {datanodeUUID=1a603c78-5244-4e25-920a-cef477e0f94b, command=[]} | ret=SUCCESS |  
2019-09-09 18:02:38,516 | INFO  | SCMAudit | user=jenkins1000 | ip=192.168.34.39 | op=SEND_HEARTBEAT {datanodeUUID=ce295d13-7a4e-42d1-ae50-4896c2bb59ac, command=[]} | ret=SUCCESS |  
2019-09-09 18:02:38,573 | INFO  | SCMAudit | user=jenkins1000 | ip=192.168.34.39 | op=SEND_HEARTBEAT {datanodeUUID=22c0f27d-976a-42fe-b1a0-04db584cd0ca, command=[]} | ret=SUCCESS |  
2019-09-09 18:02:38,573 | INFO  | SCMAudit | user=jenkins1000 | ip=192.168.34.39 | op=SEND_HEARTBEAT {datanodeUUID=9b543f03-5966-41d3-9881-7395d9adaa53, command=[]} | ret=SUCCESS |  
2019-09-09 18:02:38,766 [grpc-default-executor-5] WARN  server.GrpcLogAppender (LogUtils.java:warn(134)) - 1a603c78-5244-4e25-920a-cef477e0f94b->26278548-c262-4d72-b577-3b7eb89bac6f: Failed appendEntries: org.apache.ratis.thirdparty.io.grpc.StatusRuntimeException: UNAVAILABLE: io exception
2019-09-09 18:02:38,767 [grpc-default-executor-5] INFO  impl.FollowerInfo (FollowerInfo.java:lambda$new$0(50)) - 1a603c78-5244-4e25-920a-cef477e0f94b->26278548-c262-4d72-b577-3b7eb89bac6f: nextIndex: updateUnconditionally 0 -> 0
2019-09-09 18:02:38,856 | INFO  | SCMAudit | user=jenkins1000 | ip=192.168.34.39 | op=SEND_HEARTBEAT {datanodeUUID=1a603c78-5244-4e25-920a-cef477e0f94b, command=[]} | ret=SUCCESS |  
2019-09-09 18:02:39,516 | INFO  | SCMAudit | user=jenkins1000 | ip=192.168.34.39 | op=SEND_HEARTBEAT {datanodeUUID=ce295d13-7a4e-42d1-ae50-4896c2bb59ac, command=[]} | ret=SUCCESS |  
2019-09-09 18:02:39,573 | INFO  | SCMAudit | user=jenkins1000 | ip=192.168.34.39 | op=SEND_HEARTBEAT {datanodeUUID=9b543f03-5966-41d3-9881-7395d9adaa53, command=[]} | ret=SUCCESS |  
2019-09-09 18:02:39,574 | INFO  | SCMAudit | user=jenkins1000 | ip=192.168.34.39 | op=SEND_HEARTBEAT {datanodeUUID=22c0f27d-976a-42fe-b1a0-04db584cd0ca, command=[]} | ret=SUCCESS |  
2019-09-09 18:02:39,631 [EventQueue-StaleNodeForStaleNodeHandler] INFO  node.StaleNodeHandler (StaleNodeHandler.java:onMessage(58)) - Datanode 3f9b7ce0-873d-4f37-9274-1664d68bc8f4{ip: 192.168.34.39, host: pr-hdds-2102-js77h-2988213663, networkLocation: /default-rack, certSerialId: null} moved to stale state. Finalizing its pipelines [PipelineID=89599edb-5fd1-4c9a-a702-a83fdd0c593a, PipelineID=72a348a1-d3c7-490a-9e11-bdc22d8ac698]
2019-09-09 18:02:39,631 [EventQueue-StaleNodeForStaleNodeHandler] INFO  pipeline.SCMPipelineManager (SCMPipelineManager.java:finalizeAndDestroyPipeline(309)) - destroying pipeline:Pipeline[ Id: 89599edb-5fd1-4c9a-a702-a83fdd0c593a, Nodes: 22c0f27d-976a-42fe-b1a0-04db584cd0ca{ip: 192.168.34.39, host: pr-hdds-2102-js77h-2988213663, networkLocation: /default-rack, certSerialId: null}9b543f03-5966-41d3-9881-7395d9adaa53{ip: 192.168.34.39, host: pr-hdds-2102-js77h-2988213663, networkLocation: /default-rack, certSerialId: null}3f9b7ce0-873d-4f37-9274-1664d68bc8f4{ip: 192.168.34.39, host: pr-hdds-2102-js77h-2988213663, networkLocation: /default-rack, certSerialId: null}, Type:RATIS, Factor:THREE, State:OPEN]
2019-09-09 18:02:39,631 [EventQueue-StaleNodeForStaleNodeHandler] INFO  pipeline.PipelineStateManager (PipelineStateManager.java:finalizePipeline(123)) - Pipeline Pipeline[ Id: 89599edb-5fd1-4c9a-a702-a83fdd0c593a, Nodes: 22c0f27d-976a-42fe-b1a0-04db584cd0ca{ip: 192.168.34.39, host: pr-hdds-2102-js77h-2988213663, networkLocation: /default-rack, certSerialId: null}9b543f03-5966-41d3-9881-7395d9adaa53{ip: 192.168.34.39, host: pr-hdds-2102-js77h-2988213663, networkLocation: /default-rack, certSerialId: null}3f9b7ce0-873d-4f37-9274-1664d68bc8f4{ip: 192.168.34.39, host: pr-hdds-2102-js77h-2988213663, networkLocation: /default-rack, certSerialId: null}, Type:RATIS, Factor:THREE, State:CLOSED] moved to CLOSED state
2019-09-09 18:02:39,631 [EventQueue-StaleNodeForStaleNodeHandler] INFO  pipeline.SCMPipelineManager (SCMPipelineManager.java:finalizeAndDestroyPipeline(309)) - destroying pipeline:Pipeline[ Id: 72a348a1-d3c7-490a-9e11-bdc22d8ac698, Nodes: 3f9b7ce0-873d-4f37-9274-1664d68bc8f4{ip: 192.168.34.39, host: pr-hdds-2102-js77h-2988213663, networkLocation: /default-rack, certSerialId: null}, Type:RATIS, Factor:ONE, State:OPEN]
2019-09-09 18:02:39,631 [EventQueue-CloseContainerForCloseContainerEventHandler] INFO  container.CloseContainerEventHandler (CloseContainerEventHandler.java:onMessage(61)) - Close container Event triggered for container : #2
2019-09-09 18:02:39,632 [EventQueue-StaleNodeForStaleNodeHandler] INFO  pipeline.PipelineStateManager (PipelineStateManager.java:finalizePipeline(123)) - Pipeline Pipeline[ Id: 72a348a1-d3c7-490a-9e11-bdc22d8ac698, Nodes: 3f9b7ce0-873d-4f37-9274-1664d68bc8f4{ip: 192.168.34.39, host: pr-hdds-2102-js77h-2988213663, networkLocation: /default-rack, certSerialId: null}, Type:RATIS, Factor:ONE, State:CLOSED] moved to CLOSED state
2019-09-09 18:02:39,857 | INFO  | SCMAudit | user=jenkins1000 | ip=192.168.34.39 | op=SEND_HEARTBEAT {datanodeUUID=1a603c78-5244-4e25-920a-cef477e0f94b, command=[]} | ret=SUCCESS |  
2019-09-09 18:02:39,918 [ForkJoinPool.commonPool-worker-1] INFO  ozoneimpl.OzoneContainer (OzoneContainer.java:stop(215)) - Attempting to stop container services.
2019-09-09 18:02:39,918 [main] INFO  ozoneimpl.OzoneContainer (OzoneContainer.java:stop(215)) - Attempting to stop container services.
2019-09-09 18:02:39,918 [ForkJoinPool.commonPool-worker-1] INFO  impl.RaftServerProxy (RaftServerProxy.java:lambda$close$4(314)) - 5424b559-d12b-44e4-a34a-b8ff23546acb: close
2019-09-09 18:02:39,918 [main] INFO  impl.RaftServerProxy (RaftServerProxy.java:lambda$close$4(314)) - 3f9b7ce0-873d-4f37-9274-1664d68bc8f4: close
2019-09-09 18:02:39,919 [ForkJoinPool.commonPool-worker-1] INFO  impl.RaftServerImpl (RaftServerImpl.java:lambda$shutdown$3(245)) - 5424b559-d12b-44e4-a34a-b8ff23546acb: shutdown group-26FB82558653
2019-09-09 18:02:39,919 [main] INFO  impl.RaftServerImpl (RaftServerImpl.java:lambda$shutdown$3(245)) - 3f9b7ce0-873d-4f37-9274-1664d68bc8f4: shutdown group-A83FDD0C593A
2019-09-09 18:02:39,920 [ForkJoinPool.commonPool-worker-1] INFO  util.JmxRegister (JmxRegister.java:unregister(73)) - Successfully un-registered JMX Bean with object name Ratis:service=RaftServer,group=group-26FB82558653,id=5424b559-d12b-44e4-a34a-b8ff23546acb
2019-09-09 18:02:39,920 [main] INFO  util.JmxRegister (JmxRegister.java:unregister(73)) - Successfully un-registered JMX Bean with object name Ratis:service=RaftServer,group=group-A83FDD0C593A,id=3f9b7ce0-873d-4f37-9274-1664d68bc8f4
2019-09-09 18:02:39,920 [ForkJoinPool.commonPool-worker-1] INFO  impl.RoleInfo (RoleInfo.java:shutdownLeaderState(104)) - 5424b559-d12b-44e4-a34a-b8ff23546acb: shutdown LeaderState
2019-09-09 18:02:39,921 [main] INFO  impl.RoleInfo (RoleInfo.java:shutdownFollowerState(121)) - 3f9b7ce0-873d-4f37-9274-1664d68bc8f4: shutdown FollowerState
2019-09-09 18:02:39,921 [ForkJoinPool.commonPool-worker-1] INFO  impl.PendingRequests (PendingRequests.java:sendNotLeaderResponses(202)) - 5424b559-d12b-44e4-a34a-b8ff23546acb-PendingRequests: sendNotLeaderResponses
2019-09-09 18:02:39,922 [Thread-3332] INFO  impl.FollowerState (FollowerState.java:run(114)) - 3f9b7ce0-873d-4f37-9274-1664d68bc8f4: FollowerState was interrupted: java.lang.InterruptedException: sleep interrupted
2019-09-09 18:02:39,922 [ForkJoinPool.commonPool-worker-1] INFO  impl.StateMachineUpdater (StateMachineUpdater.java:stopAndJoin(115)) - StateMachineUpdater:5424b559-d12b-44e4-a34a-b8ff23546acb:group-26FB82558653: set stopIndex = 0
2019-09-09 18:02:39,925 [ForkJoinPool.commonPool-worker-1] INFO  impl.RaftServerImpl (ServerState.java:close(394)) - 5424b559-d12b-44e4-a34a-b8ff23546acb:group-26FB82558653 closes. The last applied log index is 0
2019-09-09 18:02:39,922 [StateMachineUpdater:3f9b7ce0-873d-4f37-9274-1664d68bc8f4:group-A83FDD0C593A] INFO  ratis.ContainerStateMachine (ContainerStateMachine.java:takeSnapshot(284)) - group-A83FDD0C593A: Taking a snapshot at:(t:1, i:14) file /workdir/hadoop-ozone/integration-test/target/test-dir/MiniOzoneClusterImpl-b5fe0712-b217-48e1-a309-931088266b0b/datanode-4/data/ratis/89599edb-5fd1-4c9a-a702-a83fdd0c593a/sm/snapshot.1_14
2019-09-09 18:02:39,922 [main] INFO  impl.StateMachineUpdater (StateMachineUpdater.java:stopAndJoin(115)) - StateMachineUpdater:3f9b7ce0-873d-4f37-9274-1664d68bc8f4:group-A83FDD0C593A: set stopIndex = 16
2019-09-09 18:02:39,927 [5424b559-d12b-44e4-a34a-b8ff23546acb-SegmentedRaftLogWorker:Storage Directory /workdir/hadoop-ozone/integration-test/target/test-dir/MiniOzoneClusterImpl-b5fe0712-b217-48e1-a309-931088266b0b/datanode-1/data/ratis/96e24afb-09ef-4f0d-9fe2-26fb82558653] INFO  segmented.SegmentedRaftLogWorker (SegmentedRaftLogWorker.java:run(313)) - 5424b559-d12b-44e4-a34a-b8ff23546acb-SegmentedRaftLogWorker:Storage Directory /workdir/hadoop-ozone/integration-test/target/test-dir/MiniOzoneClusterImpl-b5fe0712-b217-48e1-a309-931088266b0b/datanode-1/data/ratis/96e24afb-09ef-4f0d-9fe2-26fb82558653 was interrupted, exiting. There are 0 tasks remaining in the queue.
2019-09-09 18:02:39,931 [EventQueue-StaleNodeForStaleNodeHandler] INFO  node.StaleNodeHandler (StaleNodeHandler.java:onMessage(58)) - Datanode 5424b559-d12b-44e4-a34a-b8ff23546acb{ip: 192.168.34.39, host: pr-hdds-2102-js77h-2988213663, networkLocation: /default-rack, certSerialId: null} moved to stale state. Finalizing its pipelines [PipelineID=96e24afb-09ef-4f0d-9fe2-26fb82558653, PipelineID=5a5db5b4-2ffa-47ce-abe8-e7b0d22102b3]
2019-09-09 18:02:39,931 [EventQueue-StaleNodeForStaleNodeHandler] INFO  pipeline.SCMPipelineManager (SCMPipelineManager.java:finalizeAndDestroyPipeline(309)) - destroying pipeline:Pipeline[ Id: 96e24afb-09ef-4f0d-9fe2-26fb82558653, Nodes: 5424b559-d12b-44e4-a34a-b8ff23546acb{ip: 192.168.34.39, host: pr-hdds-2102-js77h-2988213663, networkLocation: /default-rack, certSerialId: null}, Type:RATIS, Factor:ONE, State:OPEN]
2019-09-09 18:02:39,932 [EventQueue-StaleNodeForStaleNodeHandler] INFO  pipeline.PipelineStateManager (PipelineStateManager.java:finalizePipeline(123)) - Pipeline Pipeline[ Id: 96e24afb-09ef-4f0d-9fe2-26fb82558653, Nodes: 5424b559-d12b-44e4-a34a-b8ff23546acb{ip: 192.168.34.39, host: pr-hdds-2102-js77h-2988213663, networkLocation: /default-rack, certSerialId: null}, Type:RATIS, Factor:ONE, State:CLOSED] moved to CLOSED state
2019-09-09 18:02:39,932 [EventQueue-StaleNodeForStaleNodeHandler] INFO  pipeline.SCMPipelineManager (SCMPipelineManager.java:finalizeAndDestroyPipeline(309)) - destroying pipeline:Pipeline[ Id: 5a5db5b4-2ffa-47ce-abe8-e7b0d22102b3, Nodes: 26278548-c262-4d72-b577-3b7eb89bac6f{ip: 192.168.34.39, host: pr-hdds-2102-js77h-2988213663, networkLocation: /default-rack, certSerialId: null}5424b559-d12b-44e4-a34a-b8ff23546acb{ip: 192.168.34.39, host: pr-hdds-2102-js77h-2988213663, networkLocation: /default-rack, certSerialId: null}1a603c78-5244-4e25-920a-cef477e0f94b{ip: 192.168.34.39, host: pr-hdds-2102-js77h-2988213663, networkLocation: /default-rack, certSerialId: null}, Type:RATIS, Factor:THREE, State:CLOSED]
2019-09-09 18:02:39,938 [ForkJoinPool.commonPool-worker-1] INFO  segmented.SegmentedRaftLogWorker (SegmentedRaftLogWorker.java:close(228)) - 5424b559-d12b-44e4-a34a-b8ff23546acb-SegmentedRaftLogWorker:Storage Directory /workdir/hadoop-ozone/integration-test/target/test-dir/MiniOzoneClusterImpl-b5fe0712-b217-48e1-a309-931088266b0b/datanode-1/data/ratis/96e24afb-09ef-4f0d-9fe2-26fb82558653 close()
2019-09-09 18:02:39,942 [ForkJoinPool.commonPool-worker-1] INFO  impl.RaftServerImpl (RaftServerImpl.java:lambda$shutdown$3(245)) - 5424b559-d12b-44e4-a34a-b8ff23546acb: shutdown group-E7B0D22102B3
2019-09-09 18:02:39,942 [ForkJoinPool.commonPool-worker-1] INFO  util.JmxRegister (JmxRegister.java:unregister(73)) - Successfully un-registered JMX Bean with object name Ratis:service=RaftServer,group=group-E7B0D22102B3,id=5424b559-d12b-44e4-a34a-b8ff23546acb
2019-09-09 18:02:39,943 [ForkJoinPool.commonPool-worker-1] INFO  impl.RoleInfo (RoleInfo.java:shutdownFollowerState(121)) - 5424b559-d12b-44e4-a34a-b8ff23546acb: shutdown FollowerState
2019-09-09 18:02:39,943 [ForkJoinPool.commonPool-worker-1] INFO  impl.StateMachineUpdater (StateMachineUpdater.java:stopAndJoin(115)) - StateMachineUpdater:5424b559-d12b-44e4-a34a-b8ff23546acb:group-E7B0D22102B3: set stopIndex = 18
2019-09-09 18:02:39,943 [StateMachineUpdater:5424b559-d12b-44e4-a34a-b8ff23546acb:group-E7B0D22102B3] INFO  ratis.ContainerStateMachine (ContainerStateMachine.java:takeSnapshot(284)) - group-E7B0D22102B3: Taking a snapshot at:(t:1, i:14) file /workdir/hadoop-ozone/integration-test/target/test-dir/MiniOzoneClusterImpl-b5fe0712-b217-48e1-a309-931088266b0b/datanode-1/data/ratis/5a5db5b4-2ffa-47ce-abe8-e7b0d22102b3/sm/snapshot.1_14
2019-09-09 18:02:39,943 [Thread-3453] INFO  impl.FollowerState (FollowerState.java:run(114)) - 5424b559-d12b-44e4-a34a-b8ff23546acb: FollowerState was interrupted: java.lang.InterruptedException: sleep interrupted
2019-09-09 18:02:39,957 [StateMachineUpdater:5424b559-d12b-44e4-a34a-b8ff23546acb:group-E7B0D22102B3] INFO  ratis.ContainerStateMachine (ContainerStateMachine.java:takeSnapshot(295)) - group-E7B0D22102B3: Finished taking a snapshot at:(t:1, i:14) file:/workdir/hadoop-ozone/integration-test/target/test-dir/MiniOzoneClusterImpl-b5fe0712-b217-48e1-a309-931088266b0b/datanode-1/data/ratis/5a5db5b4-2ffa-47ce-abe8-e7b0d22102b3/sm/snapshot.1_14 time:14
2019-09-09 18:02:39,957 [StateMachineUpdater:3f9b7ce0-873d-4f37-9274-1664d68bc8f4:group-A83FDD0C593A] INFO  ratis.ContainerStateMachine (ContainerStateMachine.java:takeSnapshot(295)) - group-A83FDD0C593A: Finished taking a snapshot at:(t:1, i:14) file:/workdir/hadoop-ozone/integration-test/target/test-dir/MiniOzoneClusterImpl-b5fe0712-b217-48e1-a309-931088266b0b/datanode-4/data/ratis/89599edb-5fd1-4c9a-a702-a83fdd0c593a/sm/snapshot.1_14 time:35
2019-09-09 18:02:39,957 [StateMachineUpdater:5424b559-d12b-44e4-a34a-b8ff23546acb:group-E7B0D22102B3] INFO  impl.StateMachineUpdater (StateMachineUpdater.java:takeSnapshot(242)) - StateMachineUpdater:5424b559-d12b-44e4-a34a-b8ff23546acb:group-E7B0D22102B3: Took a snapshot at index 14
2019-09-09 18:02:39,957 [StateMachineUpdater:3f9b7ce0-873d-4f37-9274-1664d68bc8f4:group-A83FDD0C593A] INFO  impl.StateMachineUpdater (StateMachineUpdater.java:takeSnapshot(242)) - StateMachineUpdater:3f9b7ce0-873d-4f37-9274-1664d68bc8f4:group-A83FDD0C593A: Took a snapshot at index 14
2019-09-09 18:02:39,957 [StateMachineUpdater:5424b559-d12b-44e4-a34a-b8ff23546acb:group-E7B0D22102B3] INFO  impl.StateMachineUpdater (StateMachineUpdater.java:lambda$new$0(80)) - StateMachineUpdater:5424b559-d12b-44e4-a34a-b8ff23546acb:group-E7B0D22102B3: snapshotIndex: updateIncreasingly -1 -> 14
2019-09-09 18:02:39,958 [StateMachineUpdater:3f9b7ce0-873d-4f37-9274-1664d68bc8f4:group-A83FDD0C593A] INFO  impl.StateMachineUpdater (StateMachineUpdater.java:lambda$new$0(80)) - StateMachineUpdater:3f9b7ce0-873d-4f37-9274-1664d68bc8f4:group-A83FDD0C593A: snapshotIndex: updateIncreasingly -1 -> 14
2019-09-09 18:02:39,958 [ForkJoinPool.commonPool-worker-1] INFO  impl.RaftServerImpl (ServerState.java:close(394)) - 5424b559-d12b-44e4-a34a-b8ff23546acb:group-E7B0D22102B3 closes. The last applied log index is 18
2019-09-09 18:02:39,958 [main] INFO  impl.RaftServerImpl (ServerState.java:close(394)) - 3f9b7ce0-873d-4f37-9274-1664d68bc8f4:group-A83FDD0C593A closes. The last applied log index is 16
2019-09-09 18:02:39,959 [5424b559-d12b-44e4-a34a-b8ff23546acb-SegmentedRaftLogWorker:Storage Directory /workdir/hadoop-ozone/integration-test/target/test-dir/MiniOzoneClusterImpl-b5fe0712-b217-48e1-a309-931088266b0b/datanode-1/data/ratis/5a5db5b4-2ffa-47ce-abe8-e7b0d22102b3] INFO  segmented.SegmentedRaftLogWorker (SegmentedRaftLogWorker.java:run(313)) - 5424b559-d12b-44e4-a34a-b8ff23546acb-SegmentedRaftLogWorker:Storage Directory /workdir/hadoop-ozone/integration-test/target/test-dir/MiniOzoneClusterImpl-b5fe0712-b217-48e1-a309-931088266b0b/datanode-1/data/ratis/5a5db5b4-2ffa-47ce-abe8-e7b0d22102b3 was interrupted, exiting. There are 0 tasks remaining in the queue.
2019-09-09 18:02:39,959 [3f9b7ce0-873d-4f37-9274-1664d68bc8f4-SegmentedRaftLogWorker:Storage Directory /workdir/hadoop-ozone/integration-test/target/test-dir/MiniOzoneClusterImpl-b5fe0712-b217-48e1-a309-931088266b0b/datanode-4/data/ratis/89599edb-5fd1-4c9a-a702-a83fdd0c593a] INFO  segmented.SegmentedRaftLogWorker (SegmentedRaftLogWorker.java:run(313)) - 3f9b7ce0-873d-4f37-9274-1664d68bc8f4-SegmentedRaftLogWorker:Storage Directory /workdir/hadoop-ozone/integration-test/target/test-dir/MiniOzoneClusterImpl-b5fe0712-b217-48e1-a309-931088266b0b/datanode-4/data/ratis/89599edb-5fd1-4c9a-a702-a83fdd0c593a was interrupted, exiting. There are 0 tasks remaining in the queue.
2019-09-09 18:02:39,961 [ForkJoinPool.commonPool-worker-1] INFO  segmented.SegmentedRaftLogWorker (SegmentedRaftLogWorker.java:close(228)) - 5424b559-d12b-44e4-a34a-b8ff23546acb-SegmentedRaftLogWorker:Storage Directory /workdir/hadoop-ozone/integration-test/target/test-dir/MiniOzoneClusterImpl-b5fe0712-b217-48e1-a309-931088266b0b/datanode-1/data/ratis/5a5db5b4-2ffa-47ce-abe8-e7b0d22102b3 close()
2019-09-09 18:02:39,963 [main] INFO  segmented.SegmentedRaftLogWorker (SegmentedRaftLogWorker.java:close(228)) - 3f9b7ce0-873d-4f37-9274-1664d68bc8f4-SegmentedRaftLogWorker:Storage Directory /workdir/hadoop-ozone/integration-test/target/test-dir/MiniOzoneClusterImpl-b5fe0712-b217-48e1-a309-931088266b0b/datanode-4/data/ratis/89599edb-5fd1-4c9a-a702-a83fdd0c593a close()
2019-09-09 18:02:39,967 [ForkJoinPool.commonPool-worker-1] INFO  server.GrpcService (GrpcService.java:closeImpl(155)) - 5424b559-d12b-44e4-a34a-b8ff23546acb: shutdown server with port 43805 now
2019-09-09 18:02:39,970 [main] INFO  impl.RaftServerImpl (RaftServerImpl.java:lambda$shutdown$3(245)) - 3f9b7ce0-873d-4f37-9274-1664d68bc8f4: shutdown group-BDC22D8AC698
2019-09-09 18:02:39,971 [main] INFO  util.JmxRegister (JmxRegister.java:unregister(73)) - Successfully un-registered JMX Bean with object name Ratis:service=RaftServer,group=group-BDC22D8AC698,id=3f9b7ce0-873d-4f37-9274-1664d68bc8f4
2019-09-09 18:02:39,971 [main] INFO  impl.RoleInfo (RoleInfo.java:shutdownLeaderState(104)) - 3f9b7ce0-873d-4f37-9274-1664d68bc8f4: shutdown LeaderState
2019-09-09 18:02:39,972 [ForkJoinPool.commonPool-worker-1] INFO  server.GrpcService (GrpcService.java:closeImpl(163)) - 5424b559-d12b-44e4-a34a-b8ff23546acb: shutdown server with port 43805 successfully
2019-09-09 18:02:39,971 [grpc-default-executor-5] WARN  server.GrpcServerProtocolService (LogUtils.java:warn(134)) - 5424b559-d12b-44e4-a34a-b8ff23546acb: appendEntries onError: org.apache.ratis.thirdparty.io.grpc.StatusRuntimeException: CANCELLED: cancelled before receiving half close
2019-09-09 18:02:39,972 [grpc-default-executor-4] WARN  server.GrpcLogAppender (LogUtils.java:warn(134)) - 1a603c78-5244-4e25-920a-cef477e0f94b->5424b559-d12b-44e4-a34a-b8ff23546acb: Failed appendEntries: org.apache.ratis.thirdparty.io.grpc.StatusRuntimeException: CANCELLED: HTTP/2 error code: CANCEL
Received Rst Stream
2019-09-09 18:02:39,972 [main] INFO  impl.PendingRequests (PendingRequests.java:sendNotLeaderResponses(202)) - 3f9b7ce0-873d-4f37-9274-1664d68bc8f4-PendingRequests: sendNotLeaderResponses
2019-09-09 18:02:39,973 [grpc-default-executor-4] INFO  impl.FollowerInfo (FollowerInfo.java:lambda$new$0(50)) - 1a603c78-5244-4e25-920a-cef477e0f94b->5424b559-d12b-44e4-a34a-b8ff23546acb: nextIndex: updateUnconditionally 19 -> 18
2019-09-09 18:02:39,973 [main] INFO  impl.StateMachineUpdater (StateMachineUpdater.java:stopAndJoin(115)) - StateMachineUpdater:3f9b7ce0-873d-4f37-9274-1664d68bc8f4:group-BDC22D8AC698: set stopIndex = 0
2019-09-09 18:02:39,974 [refreshUsed-/workdir/hadoop-ozone/integration-test/target/test-dir/MiniOzoneClusterImpl-b5fe0712-b217-48e1-a309-931088266b0b/datanode-1/data/containers] WARN  fs.CachingGetSpaceUsed (CachingGetSpaceUsed.java:run(183)) - Thread Interrupted waiting to refresh disk information: sleep interrupted
2019-09-09 18:02:39,974 [main] INFO  impl.RaftServerImpl (ServerState.java:close(394)) - 3f9b7ce0-873d-4f37-9274-1664d68bc8f4:group-BDC22D8AC698 closes. The last applied log index is 0
2019-09-09 18:02:39,975 [3f9b7ce0-873d-4f37-9274-1664d68bc8f4-SegmentedRaftLogWorker:Storage Directory /workdir/hadoop-ozone/integration-test/target/test-dir/MiniOzoneClusterImpl-b5fe0712-b217-48e1-a309-931088266b0b/datanode-4/data/ratis/72a348a1-d3c7-490a-9e11-bdc22d8ac698] INFO  segmented.SegmentedRaftLogWorker (SegmentedRaftLogWorker.java:run(313)) - 3f9b7ce0-873d-4f37-9274-1664d68bc8f4-SegmentedRaftLogWorker:Storage Directory /workdir/hadoop-ozone/integration-test/target/test-dir/MiniOzoneClusterImpl-b5fe0712-b217-48e1-a309-931088266b0b/datanode-4/data/ratis/72a348a1-d3c7-490a-9e11-bdc22d8ac698 was interrupted, exiting. There are 0 tasks remaining in the queue.
2019-09-09 18:02:39,977 [main] INFO  segmented.SegmentedRaftLogWorker (SegmentedRaftLogWorker.java:close(228)) - 3f9b7ce0-873d-4f37-9274-1664d68bc8f4-SegmentedRaftLogWorker:Storage Directory /workdir/hadoop-ozone/integration-test/target/test-dir/MiniOzoneClusterImpl-b5fe0712-b217-48e1-a309-931088266b0b/datanode-4/data/ratis/72a348a1-d3c7-490a-9e11-bdc22d8ac698 close()
2019-09-09 18:02:39,982 [main] INFO  server.GrpcService (GrpcService.java:closeImpl(155)) - 3f9b7ce0-873d-4f37-9274-1664d68bc8f4: shutdown server with port 44822 now
2019-09-09 18:02:39,983 [grpc-default-executor-5] WARN  server.GrpcServerProtocolService (LogUtils.java:warn(134)) - 3f9b7ce0-873d-4f37-9274-1664d68bc8f4: appendEntries onError: org.apache.ratis.thirdparty.io.grpc.StatusRuntimeException: CANCELLED: cancelled before receiving half close
2019-09-09 18:02:39,983 [main] INFO  server.GrpcService (GrpcService.java:closeImpl(163)) - 3f9b7ce0-873d-4f37-9274-1664d68bc8f4: shutdown server with port 44822 successfully
2019-09-09 18:02:39,983 [grpc-default-executor-4] WARN  server.GrpcLogAppender (LogUtils.java:warn(134)) - 22c0f27d-976a-42fe-b1a0-04db584cd0ca->3f9b7ce0-873d-4f37-9274-1664d68bc8f4: Failed appendEntries: org.apache.ratis.thirdparty.io.grpc.StatusRuntimeException: CANCELLED: HTTP/2 error code: CANCEL
Received Rst Stream
2019-09-09 18:02:39,983 [grpc-default-executor-4] INFO  impl.FollowerInfo (FollowerInfo.java:lambda$new$0(50)) - 22c0f27d-976a-42fe-b1a0-04db584cd0ca->3f9b7ce0-873d-4f37-9274-1664d68bc8f4: nextIndex: updateUnconditionally 17 -> 16
2019-09-09 18:02:39,985 [refreshUsed-/workdir/hadoop-ozone/integration-test/target/test-dir/MiniOzoneClusterImpl-b5fe0712-b217-48e1-a309-931088266b0b/datanode-4/data/containers] WARN  fs.CachingGetSpaceUsed (CachingGetSpaceUsed.java:run(183)) - Thread Interrupted waiting to refresh disk information: sleep interrupted
2019-09-09 18:02:39,996 [ForkJoinPool.commonPool-worker-1] INFO  utils.BackgroundService (BackgroundService.java:shutdown(148)) - Shutting down service BlockDeletingService
2019-09-09 18:02:40,001 [ForkJoinPool.commonPool-worker-1] INFO  statemachine.DatanodeStateMachine (DatanodeStateMachine.java:stopDaemon(395)) - Ozone container server stopped.
2019-09-09 18:02:40,005 [ForkJoinPool.commonPool-worker-1] INFO  handler.ContextHandler (ContextHandler.java:doStop(910)) - Stopped o.e.j.w.WebAppContext@79ca7bea{/,null,UNAVAILABLE}{/hddsDatanode}
2019-09-09 18:02:40,006 [ForkJoinPool.commonPool-worker-1] INFO  server.AbstractConnector (AbstractConnector.java:doStop(318)) - Stopped ServerConnector@54f6b629{HTTP/1.1,[http/1.1]}{0.0.0.0:0}
2019-09-09 18:02:40,008 [ForkJoinPool.commonPool-worker-1] INFO  handler.ContextHandler (ContextHandler.java:doStop(910)) - Stopped o.e.j.s.ServletContextHandler@48499739{/static,jar:file:/home/user/.m2/repository/org/apache/hadoop/hadoop-hdds-container-service/0.5.0-SNAPSHOT/hadoop-hdds-container-service-0.5.0-SNAPSHOT.jar!/webapps/static,UNAVAILABLE}
2019-09-09 18:02:40,009 [ForkJoinPool.commonPool-worker-1] INFO  handler.ContextHandler (ContextHandler.java:doStop(910)) - Stopped o.e.j.s.ServletContextHandler@7ceb6c45{/logs,file:///workdir/hadoop-ozone/integration-test/target/log,UNAVAILABLE}
2019-09-09 18:02:40,012 [main] INFO  utils.BackgroundService (BackgroundService.java:shutdown(148)) - Shutting down service BlockDeletingService
2019-09-09 18:02:40,017 [main] INFO  statemachine.DatanodeStateMachine (DatanodeStateMachine.java:stopDaemon(395)) - Ozone container server stopped.
2019-09-09 18:02:40,019 [main] INFO  handler.ContextHandler (ContextHandler.java:doStop(910)) - Stopped o.e.j.w.WebAppContext@5b066c33{/,null,UNAVAILABLE}{/hddsDatanode}
2019-09-09 18:02:40,019 [main] INFO  server.AbstractConnector (AbstractConnector.java:doStop(318)) - Stopped ServerConnector@62ea8931{HTTP/1.1,[http/1.1]}{0.0.0.0:0}
2019-09-09 18:02:40,020 [main] INFO  handler.ContextHandler (ContextHandler.java:doStop(910)) - Stopped o.e.j.s.ServletContextHandler@56a05324{/static,jar:file:/home/user/.m2/repository/org/apache/hadoop/hadoop-hdds-container-service/0.5.0-SNAPSHOT/hadoop-hdds-container-service-0.5.0-SNAPSHOT.jar!/webapps/static,UNAVAILABLE}
2019-09-09 18:02:40,020 [main] INFO  handler.ContextHandler (ContextHandler.java:doStop(910)) - Stopped o.e.j.s.ServletContextHandler@7f2b584b{/logs,file:///workdir/hadoop-ozone/integration-test/target/log,UNAVAILABLE}
2019-09-09 18:02:40,517 | INFO  | SCMAudit | user=jenkins1000 | ip=192.168.34.39 | op=SEND_HEARTBEAT {datanodeUUID=ce295d13-7a4e-42d1-ae50-4896c2bb59ac, command=[]} | ret=SUCCESS |  
2019-09-09 18:02:40,574 | INFO  | SCMAudit | user=jenkins1000 | ip=192.168.34.39 | op=SEND_HEARTBEAT {datanodeUUID=9b543f03-5966-41d3-9881-7395d9adaa53, command=[commandType: closeContainerCommand closeContainerCommandProto { containerID: 2 pipelineID { id: "89599edb-5fd1-4c9a-a702-a83fdd0c593a" } cmdId: 2 force: false } ]} | ret=SUCCESS |  
2019-09-09 18:02:40,574 [Datanode State Machine Thread - 0] INFO  statemachine.DatanodeStateMachine (DatanodeStateMachine.java:lambda$startDaemon$0(350)) - Ozone container server started.
2019-09-09 18:02:40,855 [Datanode State Machine Thread - 0] INFO  statemachine.DatanodeStateMachine (DatanodeStateMachine.java:lambda$startDaemon$0(350)) - Ozone container server started.
2019-09-09 18:02:41,259 [grpc-default-executor-4] WARN  server.GrpcLogAppender (LogUtils.java:warn(134)) - 1a603c78-5244-4e25-920a-cef477e0f94b->5424b559-d12b-44e4-a34a-b8ff23546acb: Failed appendEntries: org.apache.ratis.thirdparty.io.grpc.StatusRuntimeException: UNAVAILABLE: io exception
2019-09-09 18:02:41,260 [grpc-default-executor-4] INFO  impl.FollowerInfo (FollowerInfo.java:lambda$new$0(50)) - 1a603c78-5244-4e25-920a-cef477e0f94b->5424b559-d12b-44e4-a34a-b8ff23546acb: nextIndex: updateUnconditionally 18 -> 17
2019-09-09 18:02:41,267 [grpc-default-executor-3] WARN  server.GrpcLogAppender (LogUtils.java:warn(134)) - 1a603c78-5244-4e25-920a-cef477e0f94b->26278548-c262-4d72-b577-3b7eb89bac6f: Failed appendEntries: org.apache.ratis.thirdparty.io.grpc.StatusRuntimeException: UNAVAILABLE: io exception
2019-09-09 18:02:41,267 [grpc-default-executor-3] INFO  impl.FollowerInfo (FollowerInfo.java:lambda$new$0(50)) - 1a603c78-5244-4e25-920a-cef477e0f94b->26278548-c262-4d72-b577-3b7eb89bac6f: nextIndex: updateUnconditionally 0 -> 0
2019-09-09 18:02:41,516 | INFO  | SCMAudit | user=jenkins1000 | ip=192.168.34.39 | op=SEND_HEARTBEAT {datanodeUUID=ce295d13-7a4e-42d1-ae50-4896c2bb59ac, command=[]} | ret=SUCCESS |  
2019-09-09 18:02:41,573 | INFO  | SCMAudit | user=jenkins1000 | ip=192.168.34.39 | op=SEND_HEARTBEAT {datanodeUUID=9b543f03-5966-41d3-9881-7395d9adaa53, command=[]} | ret=SUCCESS |  
2019-09-09 18:02:42,409 [grpc-default-executor-3] WARN  server.GrpcLogAppender (LogUtils.java:warn(134)) - 22c0f27d-976a-42fe-b1a0-04db584cd0ca->3f9b7ce0-873d-4f37-9274-1664d68bc8f4: Failed appendEntries: org.apache.ratis.thirdparty.io.grpc.StatusRuntimeException: UNAVAILABLE: io exception
2019-09-09 18:02:42,410 [grpc-default-executor-3] INFO  impl.FollowerInfo (FollowerInfo.java:lambda$new$0(50)) - 22c0f27d-976a-42fe-b1a0-04db584cd0ca->3f9b7ce0-873d-4f37-9274-1664d68bc8f4: nextIndex: updateUnconditionally 16 -> 15
2019-09-09 18:02:42,516 | INFO  | SCMAudit | user=jenkins1000 | ip=192.168.34.39 | op=SEND_HEARTBEAT {datanodeUUID=ce295d13-7a4e-42d1-ae50-4896c2bb59ac, command=[]} | ret=SUCCESS |  
2019-09-09 18:02:42,573 | INFO  | SCMAudit | user=jenkins1000 | ip=192.168.34.39 | op=SEND_HEARTBEAT {datanodeUUID=9b543f03-5966-41d3-9881-7395d9adaa53, command=[]} | ret=SUCCESS |  
2019-09-09 18:02:42,611 | INFO  | SCMAudit | user=jenkins1000 | ip=192.168.34.39 | op=SEND_HEARTBEAT {datanodeUUID=9b543f03-5966-41d3-9881-7395d9adaa53, command=[]} | ret=SUCCESS |  
2019-09-09 18:02:43,516 | INFO  | SCMAudit | user=jenkins1000 | ip=192.168.34.39 | op=SEND_HEARTBEAT {datanodeUUID=ce295d13-7a4e-42d1-ae50-4896c2bb59ac, command=[]} | ret=SUCCESS |  
2019-09-09 18:02:43,611 | INFO  | SCMAudit | user=jenkins1000 | ip=192.168.34.39 | op=SEND_HEARTBEAT {datanodeUUID=9b543f03-5966-41d3-9881-7395d9adaa53, command=[]} | ret=SUCCESS |  
2019-09-09 18:02:43,760 [grpc-default-executor-3] WARN  server.GrpcLogAppender (LogUtils.java:warn(134)) - 1a603c78-5244-4e25-920a-cef477e0f94b->5424b559-d12b-44e4-a34a-b8ff23546acb: Failed appendEntries: org.apache.ratis.thirdparty.io.grpc.StatusRuntimeException: UNAVAILABLE: io exception
2019-09-09 18:02:43,761 [grpc-default-executor-3] INFO  impl.FollowerInfo (FollowerInfo.java:lambda$new$0(50)) - 1a603c78-5244-4e25-920a-cef477e0f94b->5424b559-d12b-44e4-a34a-b8ff23546acb: nextIndex: updateUnconditionally 17 -> 16
2019-09-09 18:02:43,768 [grpc-default-executor-5] WARN  server.GrpcLogAppender (LogUtils.java:warn(134)) - 1a603c78-5244-4e25-920a-cef477e0f94b->26278548-c262-4d72-b577-3b7eb89bac6f: Failed appendEntries: org.apache.ratis.thirdparty.io.grpc.StatusRuntimeException: UNAVAILABLE: io exception
2019-09-09 18:02:43,768 [grpc-default-executor-5] INFO  impl.FollowerInfo (FollowerInfo.java:lambda$new$0(50)) - 1a603c78-5244-4e25-920a-cef477e0f94b->26278548-c262-4d72-b577-3b7eb89bac6f: nextIndex: updateUnconditionally 0 -> 0
2019-09-09 18:02:44,517 | INFO  | SCMAudit | user=jenkins1000 | ip=192.168.34.39 | op=SEND_HEARTBEAT {datanodeUUID=ce295d13-7a4e-42d1-ae50-4896c2bb59ac, command=[]} | ret=SUCCESS |  
2019-09-09 18:02:44,611 | INFO  | SCMAudit | user=jenkins1000 | ip=192.168.34.39 | op=SEND_HEARTBEAT {datanodeUUID=9b543f03-5966-41d3-9881-7395d9adaa53, command=[]} | ret=SUCCESS |  
2019-09-09 18:02:44,637 [EventQueue-StaleNodeForStaleNodeHandler] INFO  node.StaleNodeHandler (StaleNodeHandler.java:onMessage(58)) - Datanode 22c0f27d-976a-42fe-b1a0-04db584cd0ca{ip: 192.168.34.39, host: pr-hdds-2102-js77h-2988213663, networkLocation: /default-rack, certSerialId: null} moved to stale state. Finalizing its pipelines [PipelineID=89599edb-5fd1-4c9a-a702-a83fdd0c593a, PipelineID=ef03a2d2-7939-4d67-b31c-e395eb3cdf20]
2019-09-09 18:02:44,637 [EventQueue-StaleNodeForStaleNodeHandler] INFO  pipeline.SCMPipelineManager (SCMPipelineManager.java:finalizeAndDestroyPipeline(309)) - destroying pipeline:Pipeline[ Id: 89599edb-5fd1-4c9a-a702-a83fdd0c593a, Nodes: 22c0f27d-976a-42fe-b1a0-04db584cd0ca{ip: 192.168.34.39, host: pr-hdds-2102-js77h-2988213663, networkLocation: /default-rack, certSerialId: null}9b543f03-5966-41d3-9881-7395d9adaa53{ip: 192.168.34.39, host: pr-hdds-2102-js77h-2988213663, networkLocation: /default-rack, certSerialId: null}3f9b7ce0-873d-4f37-9274-1664d68bc8f4{ip: 192.168.34.39, host: pr-hdds-2102-js77h-2988213663, networkLocation: /default-rack, certSerialId: null}, Type:RATIS, Factor:THREE, State:CLOSED]
2019-09-09 18:02:44,638 [EventQueue-StaleNodeForStaleNodeHandler] INFO  pipeline.SCMPipelineManager (SCMPipelineManager.java:finalizeAndDestroyPipeline(309)) - destroying pipeline:Pipeline[ Id: ef03a2d2-7939-4d67-b31c-e395eb3cdf20, Nodes: 22c0f27d-976a-42fe-b1a0-04db584cd0ca{ip: 192.168.34.39, host: pr-hdds-2102-js77h-2988213663, networkLocation: /default-rack, certSerialId: null}, Type:RATIS, Factor:ONE, State:OPEN]
2019-09-09 18:02:44,638 [EventQueue-StaleNodeForStaleNodeHandler] INFO  pipeline.PipelineStateManager (PipelineStateManager.java:finalizePipeline(123)) - Pipeline Pipeline[ Id: ef03a2d2-7939-4d67-b31c-e395eb3cdf20, Nodes: 22c0f27d-976a-42fe-b1a0-04db584cd0ca{ip: 192.168.34.39, host: pr-hdds-2102-js77h-2988213663, networkLocation: /default-rack, certSerialId: null}, Type:RATIS, Factor:ONE, State:CLOSED] moved to CLOSED state
2019-09-09 18:02:44,910 [grpc-default-executor-5] WARN  server.GrpcLogAppender (LogUtils.java:warn(134)) - 22c0f27d-976a-42fe-b1a0-04db584cd0ca->3f9b7ce0-873d-4f37-9274-1664d68bc8f4: Failed appendEntries: org.apache.ratis.thirdparty.io.grpc.StatusRuntimeException: UNAVAILABLE: io exception
2019-09-09 18:02:44,911 [grpc-default-executor-5] INFO  impl.FollowerInfo (FollowerInfo.java:lambda$new$0(50)) - 22c0f27d-976a-42fe-b1a0-04db584cd0ca->3f9b7ce0-873d-4f37-9274-1664d68bc8f4: nextIndex: updateUnconditionally 15 -> 14
2019-09-09 18:02:44,937 [EventQueue-StaleNodeForStaleNodeHandler] INFO  node.StaleNodeHandler (StaleNodeHandler.java:onMessage(58)) - Datanode 1a603c78-5244-4e25-920a-cef477e0f94b{ip: 192.168.34.39, host: pr-hdds-2102-js77h-2988213663, networkLocation: /default-rack, certSerialId: null} moved to stale state. Finalizing its pipelines [PipelineID=5a5db5b4-2ffa-47ce-abe8-e7b0d22102b3, PipelineID=55a6b95b-cf48-475e-ad97-3c49f05a4705]
2019-09-09 18:02:44,938 [EventQueue-StaleNodeForStaleNodeHandler] INFO  pipeline.SCMPipelineManager (SCMPipelineManager.java:finalizeAndDestroyPipeline(309)) - destroying pipeline:Pipeline[ Id: 5a5db5b4-2ffa-47ce-abe8-e7b0d22102b3, Nodes: 26278548-c262-4d72-b577-3b7eb89bac6f{ip: 192.168.34.39, host: pr-hdds-2102-js77h-2988213663, networkLocation: /default-rack, certSerialId: null}5424b559-d12b-44e4-a34a-b8ff23546acb{ip: 192.168.34.39, host: pr-hdds-2102-js77h-2988213663, networkLocation: /default-rack, certSerialId: null}1a603c78-5244-4e25-920a-cef477e0f94b{ip: 192.168.34.39, host: pr-hdds-2102-js77h-2988213663, networkLocation: /default-rack, certSerialId: null}, Type:RATIS, Factor:THREE, State:CLOSED]
2019-09-09 18:02:44,938 [EventQueue-StaleNodeForStaleNodeHandler] INFO  pipeline.SCMPipelineManager (SCMPipelineManager.java:finalizeAndDestroyPipeline(309)) - destroying pipeline:Pipeline[ Id: 55a6b95b-cf48-475e-ad97-3c49f05a4705, Nodes: 1a603c78-5244-4e25-920a-cef477e0f94b{ip: 192.168.34.39, host: pr-hdds-2102-js77h-2988213663, networkLocation: /default-rack, certSerialId: null}, Type:RATIS, Factor:ONE, State:OPEN]
2019-09-09 18:02:44,938 [EventQueue-StaleNodeForStaleNodeHandler] INFO  pipeline.PipelineStateManager (PipelineStateManager.java:finalizePipeline(123)) - Pipeline Pipeline[ Id: 55a6b95b-cf48-475e-ad97-3c49f05a4705, Nodes: 1a603c78-5244-4e25-920a-cef477e0f94b{ip: 192.168.34.39, host: pr-hdds-2102-js77h-2988213663, networkLocation: /default-rack, certSerialId: null}, Type:RATIS, Factor:ONE, State:CLOSED] moved to CLOSED state
2019-09-09 18:02:45,010 [ForkJoinPool.commonPool-worker-1] INFO  ozoneimpl.OzoneContainer (OzoneContainer.java:stop(215)) - Attempting to stop container services.
2019-09-09 18:02:45,011 [ForkJoinPool.commonPool-worker-1] INFO  impl.RaftServerProxy (RaftServerProxy.java:lambda$close$4(314)) - 1a603c78-5244-4e25-920a-cef477e0f94b: close
2019-09-09 18:02:45,011 [ForkJoinPool.commonPool-worker-1] INFO  impl.RaftServerImpl (RaftServerImpl.java:lambda$shutdown$3(245)) - 1a603c78-5244-4e25-920a-cef477e0f94b: shutdown group-E7B0D22102B3
2019-09-09 18:02:45,011 [ForkJoinPool.commonPool-worker-1] INFO  util.JmxRegister (JmxRegister.java:unregister(73)) - Successfully un-registered JMX Bean with object name Ratis:service=RaftServer,group=group-E7B0D22102B3,id=1a603c78-5244-4e25-920a-cef477e0f94b
2019-09-09 18:02:45,011 [ForkJoinPool.commonPool-worker-1] INFO  impl.RoleInfo (RoleInfo.java:shutdownLeaderState(104)) - 1a603c78-5244-4e25-920a-cef477e0f94b: shutdown LeaderState
2019-09-09 18:02:45,015 [ForkJoinPool.commonPool-worker-1] INFO  impl.PendingRequests (PendingRequests.java:sendNotLeaderResponses(202)) - 1a603c78-5244-4e25-920a-cef477e0f94b-PendingRequests: sendNotLeaderResponses
2019-09-09 18:02:45,015 [org.apache.ratis.server.impl.LogAppender$AppenderDaemon$$Lambda$472/1998228974@2a450538] WARN  server.GrpcLogAppender (GrpcLogAppender.java:mayWait(143)) - GrpcLogAppender(1a603c78-5244-4e25-920a-cef477e0f94b->5424b559-d12b-44e4-a34a-b8ff23546acb): Wait interrupted by java.lang.InterruptedException
2019-09-09 18:02:45,015 [org.apache.ratis.server.impl.LogAppender$AppenderDaemon$$Lambda$472/1998228974@3bc2339f] WARN  server.GrpcLogAppender (GrpcLogAppender.java:mayWait(143)) - GrpcLogAppender(1a603c78-5244-4e25-920a-cef477e0f94b->26278548-c262-4d72-b577-3b7eb89bac6f): Wait interrupted by java.lang.InterruptedException
2019-09-09 18:02:45,017 [ForkJoinPool.commonPool-worker-1] INFO  impl.StateMachineUpdater (StateMachineUpdater.java:stopAndJoin(115)) - StateMachineUpdater:1a603c78-5244-4e25-920a-cef477e0f94b:group-E7B0D22102B3: set stopIndex = 18
2019-09-09 18:02:45,018 [StateMachineUpdater:1a603c78-5244-4e25-920a-cef477e0f94b:group-E7B0D22102B3] INFO  ratis.ContainerStateMachine (ContainerStateMachine.java:takeSnapshot(284)) - group-E7B0D22102B3: Taking a snapshot at:(t:1, i:14) file /workdir/hadoop-ozone/integration-test/target/test-dir/MiniOzoneClusterImpl-b5fe0712-b217-48e1-a309-931088266b0b/datanode-2/data/ratis/5a5db5b4-2ffa-47ce-abe8-e7b0d22102b3/sm/snapshot.1_14
2019-09-09 18:02:45,022 [main] INFO  ozoneimpl.OzoneContainer (OzoneContainer.java:stop(215)) - Attempting to stop container services.
2019-09-09 18:02:45,022 [main] INFO  impl.RaftServerProxy (RaftServerProxy.java:lambda$close$4(314)) - 22c0f27d-976a-42fe-b1a0-04db584cd0ca: close
2019-09-09 18:02:45,023 [main] INFO  impl.RaftServerImpl (RaftServerImpl.java:lambda$shutdown$3(245)) - 22c0f27d-976a-42fe-b1a0-04db584cd0ca: shutdown group-A83FDD0C593A
2019-09-09 18:02:45,023 [main] INFO  util.JmxRegister (JmxRegister.java:unregister(73)) - Successfully un-registered JMX Bean with object name Ratis:service=RaftServer,group=group-A83FDD0C593A,id=22c0f27d-976a-42fe-b1a0-04db584cd0ca
2019-09-09 18:02:45,023 [main] INFO  impl.RoleInfo (RoleInfo.java:shutdownLeaderState(104)) - 22c0f27d-976a-42fe-b1a0-04db584cd0ca: shutdown LeaderState
2019-09-09 18:02:45,027 [org.apache.ratis.server.impl.LogAppender$AppenderDaemon$$Lambda$472/1998228974@143b03eb] WARN  server.GrpcLogAppender (GrpcLogAppender.java:mayWait(143)) - GrpcLogAppender(22c0f27d-976a-42fe-b1a0-04db584cd0ca->3f9b7ce0-873d-4f37-9274-1664d68bc8f4): Wait interrupted by java.lang.InterruptedException
2019-09-09 18:02:45,027 [main] INFO  impl.PendingRequests (PendingRequests.java:sendNotLeaderResponses(202)) - 22c0f27d-976a-42fe-b1a0-04db584cd0ca-PendingRequests: sendNotLeaderResponses
2019-09-09 18:02:45,027 [org.apache.ratis.server.impl.LogAppender$AppenderDaemon$$Lambda$472/1998228974@51399f08] WARN  server.GrpcLogAppender (GrpcLogAppender.java:mayWait(143)) - GrpcLogAppender(22c0f27d-976a-42fe-b1a0-04db584cd0ca->9b543f03-5966-41d3-9881-7395d9adaa53): Wait interrupted by java.lang.InterruptedException
2019-09-09 18:02:45,031 [StateMachineUpdater:1a603c78-5244-4e25-920a-cef477e0f94b:group-E7B0D22102B3] INFO  ratis.ContainerStateMachine (ContainerStateMachine.java:takeSnapshot(295)) - group-E7B0D22102B3: Finished taking a snapshot at:(t:1, i:14) file:/workdir/hadoop-ozone/integration-test/target/test-dir/MiniOzoneClusterImpl-b5fe0712-b217-48e1-a309-931088266b0b/datanode-2/data/ratis/5a5db5b4-2ffa-47ce-abe8-e7b0d22102b3/sm/snapshot.1_14 time:13
2019-09-09 18:02:45,031 [StateMachineUpdater:1a603c78-5244-4e25-920a-cef477e0f94b:group-E7B0D22102B3] INFO  impl.StateMachineUpdater (StateMachineUpdater.java:takeSnapshot(242)) - StateMachineUpdater:1a603c78-5244-4e25-920a-cef477e0f94b:group-E7B0D22102B3: Took a snapshot at index 14
2019-09-09 18:02:45,031 [StateMachineUpdater:1a603c78-5244-4e25-920a-cef477e0f94b:group-E7B0D22102B3] INFO  impl.StateMachineUpdater (StateMachineUpdater.java:lambda$new$0(80)) - StateMachineUpdater:1a603c78-5244-4e25-920a-cef477e0f94b:group-E7B0D22102B3: snapshotIndex: updateIncreasingly -1 -> 14
2019-09-09 18:02:45,031 [main] INFO  impl.StateMachineUpdater (StateMachineUpdater.java:stopAndJoin(115)) - StateMachineUpdater:22c0f27d-976a-42fe-b1a0-04db584cd0ca:group-A83FDD0C593A: set stopIndex = 16
2019-09-09 18:02:45,031 [grpc-default-executor-5] INFO  server.GrpcServerProtocolService (GrpcServerProtocolService.java:onCompleted(104)) - 9b543f03-5966-41d3-9881-7395d9adaa53: appendEntries completed
2019-09-09 18:02:45,031 [StateMachineUpdater:22c0f27d-976a-42fe-b1a0-04db584cd0ca:group-A83FDD0C593A] INFO  ratis.ContainerStateMachine (ContainerStateMachine.java:takeSnapshot(284)) - group-A83FDD0C593A: Taking a snapshot at:(t:1, i:14) file /workdir/hadoop-ozone/integration-test/target/test-dir/MiniOzoneClusterImpl-b5fe0712-b217-48e1-a309-931088266b0b/datanode-3/data/ratis/89599edb-5fd1-4c9a-a702-a83fdd0c593a/sm/snapshot.1_14
2019-09-09 18:02:45,031 [ForkJoinPool.commonPool-worker-1] INFO  impl.RaftServerImpl (ServerState.java:close(394)) - 1a603c78-5244-4e25-920a-cef477e0f94b:group-E7B0D22102B3 closes. The last applied log index is 18
2019-09-09 18:02:45,031 [grpc-default-executor-5] INFO  server.GrpcLogAppender (GrpcLogAppender.java:onCompleted(292)) - 22c0f27d-976a-42fe-b1a0-04db584cd0ca->9b543f03-5966-41d3-9881-7395d9adaa53: follower responses appendEntries COMPLETED
2019-09-09 18:02:45,032 [1a603c78-5244-4e25-920a-cef477e0f94b-SegmentedRaftLogWorker:Storage Directory /workdir/hadoop-ozone/integration-test/target/test-dir/MiniOzoneClusterImpl-b5fe0712-b217-48e1-a309-931088266b0b/datanode-2/data/ratis/5a5db5b4-2ffa-47ce-abe8-e7b0d22102b3] INFO  segmented.SegmentedRaftLogWorker (SegmentedRaftLogWorker.java:run(313)) - 1a603c78-5244-4e25-920a-cef477e0f94b-SegmentedRaftLogWorker:Storage Directory /workdir/hadoop-ozone/integration-test/target/test-dir/MiniOzoneClusterImpl-b5fe0712-b217-48e1-a309-931088266b0b/datanode-2/data/ratis/5a5db5b4-2ffa-47ce-abe8-e7b0d22102b3 was interrupted, exiting. There are 0 tasks remaining in the queue.
2019-09-09 18:02:45,032 [grpc-default-executor-5] INFO  impl.FollowerInfo (FollowerInfo.java:lambda$new$0(50)) - 22c0f27d-976a-42fe-b1a0-04db584cd0ca->9b543f03-5966-41d3-9881-7395d9adaa53: nextIndex: updateUnconditionally 17 -> 16
2019-09-09 18:02:45,034 [ForkJoinPool.commonPool-worker-1] INFO  segmented.SegmentedRaftLogWorker (SegmentedRaftLogWorker.java:close(228)) - 1a603c78-5244-4e25-920a-cef477e0f94b-SegmentedRaftLogWorker:Storage Directory /workdir/hadoop-ozone/integration-test/target/test-dir/MiniOzoneClusterImpl-b5fe0712-b217-48e1-a309-931088266b0b/datanode-2/data/ratis/5a5db5b4-2ffa-47ce-abe8-e7b0d22102b3 close()
2019-09-09 18:02:45,036 [ForkJoinPool.commonPool-worker-1] INFO  impl.RaftServerImpl (RaftServerImpl.java:lambda$shutdown$3(245)) - 1a603c78-5244-4e25-920a-cef477e0f94b: shutdown group-3C49F05A4705
2019-09-09 18:02:45,036 [ForkJoinPool.commonPool-worker-1] INFO  util.JmxRegister (JmxRegister.java:unregister(73)) - Successfully un-registered JMX Bean with object name Ratis:service=RaftServer,group=group-3C49F05A4705,id=1a603c78-5244-4e25-920a-cef477e0f94b
2019-09-09 18:02:45,037 [ForkJoinPool.commonPool-worker-1] INFO  impl.RoleInfo (RoleInfo.java:shutdownLeaderState(104)) - 1a603c78-5244-4e25-920a-cef477e0f94b: shutdown LeaderState
2019-09-09 18:02:45,037 [ForkJoinPool.commonPool-worker-1] INFO  impl.PendingRequests (PendingRequests.java:sendNotLeaderResponses(202)) - 1a603c78-5244-4e25-920a-cef477e0f94b-PendingRequests: sendNotLeaderResponses
2019-09-09 18:02:45,037 [ForkJoinPool.commonPool-worker-1] INFO  impl.StateMachineUpdater (StateMachineUpdater.java:stopAndJoin(115)) - StateMachineUpdater:1a603c78-5244-4e25-920a-cef477e0f94b:group-3C49F05A4705: set stopIndex = 0
2019-09-09 18:02:45,037 [ForkJoinPool.commonPool-worker-1] INFO  impl.RaftServerImpl (ServerState.java:close(394)) - 1a603c78-5244-4e25-920a-cef477e0f94b:group-3C49F05A4705 closes. The last applied log index is 0
2019-09-09 18:02:45,038 [1a603c78-5244-4e25-920a-cef477e0f94b-SegmentedRaftLogWorker:Storage Directory /workdir/hadoop-ozone/integration-test/target/test-dir/MiniOzoneClusterImpl-b5fe0712-b217-48e1-a309-931088266b0b/datanode-2/data/ratis/55a6b95b-cf48-475e-ad97-3c49f05a4705] INFO  segmented.SegmentedRaftLogWorker (SegmentedRaftLogWorker.java:run(313)) - 1a603c78-5244-4e25-920a-cef477e0f94b-SegmentedRaftLogWorker:Storage Directory /workdir/hadoop-ozone/integration-test/target/test-dir/MiniOzoneClusterImpl-b5fe0712-b217-48e1-a309-931088266b0b/datanode-2/data/ratis/55a6b95b-cf48-475e-ad97-3c49f05a4705 was interrupted, exiting. There are 0 tasks remaining in the queue.
2019-09-09 18:02:45,039 [ForkJoinPool.commonPool-worker-1] INFO  segmented.SegmentedRaftLogWorker (SegmentedRaftLogWorker.java:close(228)) - 1a603c78-5244-4e25-920a-cef477e0f94b-SegmentedRaftLogWorker:Storage Directory /workdir/hadoop-ozone/integration-test/target/test-dir/MiniOzoneClusterImpl-b5fe0712-b217-48e1-a309-931088266b0b/datanode-2/data/ratis/55a6b95b-cf48-475e-ad97-3c49f05a4705 close()
2019-09-09 18:02:45,041 [ForkJoinPool.commonPool-worker-1] INFO  server.GrpcService (GrpcService.java:closeImpl(155)) - 1a603c78-5244-4e25-920a-cef477e0f94b: shutdown server with port 35215 now
2019-09-09 18:02:45,042 [ForkJoinPool.commonPool-worker-1] INFO  server.GrpcService (GrpcService.java:closeImpl(163)) - 1a603c78-5244-4e25-920a-cef477e0f94b: shutdown server with port 35215 successfully
2019-09-09 18:02:45,046 [StateMachineUpdater:22c0f27d-976a-42fe-b1a0-04db584cd0ca:group-A83FDD0C593A] INFO  ratis.ContainerStateMachine (ContainerStateMachine.java:takeSnapshot(295)) - group-A83FDD0C593A: Finished taking a snapshot at:(t:1, i:14) file:/workdir/hadoop-ozone/integration-test/target/test-dir/MiniOzoneClusterImpl-b5fe0712-b217-48e1-a309-931088266b0b/datanode-3/data/ratis/89599edb-5fd1-4c9a-a702-a83fdd0c593a/sm/snapshot.1_14 time:15
2019-09-09 18:02:45,046 [StateMachineUpdater:22c0f27d-976a-42fe-b1a0-04db584cd0ca:group-A83FDD0C593A] INFO  impl.StateMachineUpdater (StateMachineUpdater.java:takeSnapshot(242)) - StateMachineUpdater:22c0f27d-976a-42fe-b1a0-04db584cd0ca:group-A83FDD0C593A: Took a snapshot at index 14
2019-09-09 18:02:45,046 [StateMachineUpdater:22c0f27d-976a-42fe-b1a0-04db584cd0ca:group-A83FDD0C593A] INFO  impl.StateMachineUpdater (StateMachineUpdater.java:lambda$new$0(80)) - StateMachineUpdater:22c0f27d-976a-42fe-b1a0-04db584cd0ca:group-A83FDD0C593A: snapshotIndex: updateIncreasingly -1 -> 14
2019-09-09 18:02:45,048 [refreshUsed-/workdir/hadoop-ozone/integration-test/target/test-dir/MiniOzoneClusterImpl-b5fe0712-b217-48e1-a309-931088266b0b/datanode-2/data/containers] WARN  fs.CachingGetSpaceUsed (CachingGetSpaceUsed.java:run(183)) - Thread Interrupted waiting to refresh disk information: sleep interrupted
2019-09-09 18:02:45,055 [main] INFO  impl.RaftServerImpl (ServerState.java:close(394)) - 22c0f27d-976a-42fe-b1a0-04db584cd0ca:group-A83FDD0C593A closes. The last applied log index is 16
2019-09-09 18:02:45,056 [22c0f27d-976a-42fe-b1a0-04db584cd0ca-SegmentedRaftLogWorker:Storage Directory /workdir/hadoop-ozone/integration-test/target/test-dir/MiniOzoneClusterImpl-b5fe0712-b217-48e1-a309-931088266b0b/datanode-3/data/ratis/89599edb-5fd1-4c9a-a702-a83fdd0c593a] INFO  segmented.SegmentedRaftLogWorker (SegmentedRaftLogWorker.java:run(313)) - 22c0f27d-976a-42fe-b1a0-04db584cd0ca-SegmentedRaftLogWorker:Storage Directory /workdir/hadoop-ozone/integration-test/target/test-dir/MiniOzoneClusterImpl-b5fe0712-b217-48e1-a309-931088266b0b/datanode-3/data/ratis/89599edb-5fd1-4c9a-a702-a83fdd0c593a was interrupted, exiting. There are 0 tasks remaining in the queue.
2019-09-09 18:02:45,058 [main] INFO  segmented.SegmentedRaftLogWorker (SegmentedRaftLogWorker.java:close(228)) - 22c0f27d-976a-42fe-b1a0-04db584cd0ca-SegmentedRaftLogWorker:Storage Directory /workdir/hadoop-ozone/integration-test/target/test-dir/MiniOzoneClusterImpl-b5fe0712-b217-48e1-a309-931088266b0b/datanode-3/data/ratis/89599edb-5fd1-4c9a-a702-a83fdd0c593a close()
2019-09-09 18:02:45,062 [main] INFO  impl.RaftServerImpl (RaftServerImpl.java:lambda$shutdown$3(245)) - 22c0f27d-976a-42fe-b1a0-04db584cd0ca: shutdown group-E395EB3CDF20
2019-09-09 18:02:45,062 [main] INFO  util.JmxRegister (JmxRegister.java:unregister(73)) - Successfully un-registered JMX Bean with object name Ratis:service=RaftServer,group=group-E395EB3CDF20,id=22c0f27d-976a-42fe-b1a0-04db584cd0ca
2019-09-09 18:02:45,062 [main] INFO  impl.RoleInfo (RoleInfo.java:shutdownLeaderState(104)) - 22c0f27d-976a-42fe-b1a0-04db584cd0ca: shutdown LeaderState
2019-09-09 18:02:45,063 [main] INFO  impl.PendingRequests (PendingRequests.java:sendNotLeaderResponses(202)) - 22c0f27d-976a-42fe-b1a0-04db584cd0ca-PendingRequests: sendNotLeaderResponses
2019-09-09 18:02:45,063 [main] INFO  impl.StateMachineUpdater (StateMachineUpdater.java:stopAndJoin(115)) - StateMachineUpdater:22c0f27d-976a-42fe-b1a0-04db584cd0ca:group-E395EB3CDF20: set stopIndex = 0
2019-09-09 18:02:45,063 [main] INFO  impl.RaftServerImpl (ServerState.java:close(394)) - 22c0f27d-976a-42fe-b1a0-04db584cd0ca:group-E395EB3CDF20 closes. The last applied log index is 0
2019-09-09 18:02:45,064 [22c0f27d-976a-42fe-b1a0-04db584cd0ca-SegmentedRaftLogWorker:Storage Directory /workdir/hadoop-ozone/integration-test/target/test-dir/MiniOzoneClusterImpl-b5fe0712-b217-48e1-a309-931088266b0b/datanode-3/data/ratis/ef03a2d2-7939-4d67-b31c-e395eb3cdf20] INFO  segmented.SegmentedRaftLogWorker (SegmentedRaftLogWorker.java:run(313)) - 22c0f27d-976a-42fe-b1a0-04db584cd0ca-SegmentedRaftLogWorker:Storage Directory /workdir/hadoop-ozone/integration-test/target/test-dir/MiniOzoneClusterImpl-b5fe0712-b217-48e1-a309-931088266b0b/datanode-3/data/ratis/ef03a2d2-7939-4d67-b31c-e395eb3cdf20 was interrupted, exiting. There are 0 tasks remaining in the queue.
2019-09-09 18:02:45,065 [main] INFO  segmented.SegmentedRaftLogWorker (SegmentedRaftLogWorker.java:close(228)) - 22c0f27d-976a-42fe-b1a0-04db584cd0ca-SegmentedRaftLogWorker:Storage Directory /workdir/hadoop-ozone/integration-test/target/test-dir/MiniOzoneClusterImpl-b5fe0712-b217-48e1-a309-931088266b0b/datanode-3/data/ratis/ef03a2d2-7939-4d67-b31c-e395eb3cdf20 close()
2019-09-09 18:02:45,068 [main] INFO  server.GrpcService (GrpcService.java:closeImpl(155)) - 22c0f27d-976a-42fe-b1a0-04db584cd0ca: shutdown server with port 42331 now
2019-09-09 18:02:45,069 [grpc-default-executor-3] WARN  client.GrpcClientProtocolService (LogUtils.java:warn(134)) - 1-UnorderedRequestStreamObserver1: onError: org.apache.ratis.thirdparty.io.grpc.StatusRuntimeException: CANCELLED: cancelled before receiving half close
2019-09-09 18:02:45,069 [main] INFO  server.GrpcService (GrpcService.java:closeImpl(163)) - 22c0f27d-976a-42fe-b1a0-04db584cd0ca: shutdown server with port 42331 successfully
2019-09-09 18:02:45,071 [refreshUsed-/workdir/hadoop-ozone/integration-test/target/test-dir/MiniOzoneClusterImpl-b5fe0712-b217-48e1-a309-931088266b0b/datanode-3/data/containers] WARN  fs.CachingGetSpaceUsed (CachingGetSpaceUsed.java:run(183)) - Thread Interrupted waiting to refresh disk information: sleep interrupted
2019-09-09 18:02:45,077 [ForkJoinPool.commonPool-worker-1] INFO  utils.BackgroundService (BackgroundService.java:shutdown(148)) - Shutting down service BlockDeletingService
2019-09-09 18:02:45,081 [ForkJoinPool.commonPool-worker-1] INFO  statemachine.DatanodeStateMachine (DatanodeStateMachine.java:stopDaemon(395)) - Ozone container server stopped.
2019-09-09 18:02:45,085 [ForkJoinPool.commonPool-worker-1] INFO  handler.ContextHandler (ContextHandler.java:doStop(910)) - Stopped o.e.j.w.WebAppContext@482f7af0{/,null,UNAVAILABLE}{/hddsDatanode}
2019-09-09 18:02:45,085 [ForkJoinPool.commonPool-worker-1] INFO  server.AbstractConnector (AbstractConnector.java:doStop(318)) - Stopped ServerConnector@1edfedf1{HTTP/1.1,[http/1.1]}{0.0.0.0:0}
2019-09-09 18:02:45,087 [ForkJoinPool.commonPool-worker-1] INFO  handler.ContextHandler (ContextHandler.java:doStop(910)) - Stopped o.e.j.s.ServletContextHandler@245cb8df{/static,jar:file:/home/user/.m2/repository/org/apache/hadoop/hadoop-hdds-container-service/0.5.0-SNAPSHOT/hadoop-hdds-container-service-0.5.0-SNAPSHOT.jar!/webapps/static,UNAVAILABLE}
2019-09-09 18:02:45,088 [ForkJoinPool.commonPool-worker-1] INFO  handler.ContextHandler (ContextHandler.java:doStop(910)) - Stopped o.e.j.s.ServletContextHandler@53ea380b{/logs,file:///workdir/hadoop-ozone/integration-test/target/log,UNAVAILABLE}
2019-09-09 18:02:45,089 [main] INFO  utils.BackgroundService (BackgroundService.java:shutdown(148)) - Shutting down service BlockDeletingService
2019-09-09 18:02:45,092 [main] INFO  statemachine.DatanodeStateMachine (DatanodeStateMachine.java:stopDaemon(395)) - Ozone container server stopped.
2019-09-09 18:02:45,094 [main] INFO  handler.ContextHandler (ContextHandler.java:doStop(910)) - Stopped o.e.j.w.WebAppContext@39449465{/,null,UNAVAILABLE}{/hddsDatanode}
2019-09-09 18:02:45,095 [main] INFO  server.AbstractConnector (AbstractConnector.java:doStop(318)) - Stopped ServerConnector@6e3dd5ce{HTTP/1.1,[http/1.1]}{0.0.0.0:0}
2019-09-09 18:02:45,095 [main] INFO  handler.ContextHandler (ContextHandler.java:doStop(910)) - Stopped o.e.j.s.ServletContextHandler@5175d9ad{/static,jar:file:/home/user/.m2/repository/org/apache/hadoop/hadoop-hdds-container-service/0.5.0-SNAPSHOT/hadoop-hdds-container-service-0.5.0-SNAPSHOT.jar!/webapps/static,UNAVAILABLE}
2019-09-09 18:02:45,095 [main] INFO  handler.ContextHandler (ContextHandler.java:doStop(910)) - Stopped o.e.j.s.ServletContextHandler@34f7b44f{/logs,file:///workdir/hadoop-ozone/integration-test/target/log,UNAVAILABLE}
2019-09-09 18:02:45,515 [Datanode State Machine Thread - 0] INFO  statemachine.DatanodeStateMachine (DatanodeStateMachine.java:lambda$startDaemon$0(350)) - Ozone container server started.
2019-09-09 18:02:45,610 [Datanode State Machine Thread - 0] INFO  statemachine.DatanodeStateMachine (DatanodeStateMachine.java:lambda$startDaemon$0(350)) - Ozone container server started.
2019-09-09 18:02:49,544 [EventQueue-StaleNodeForStaleNodeHandler] INFO  node.StaleNodeHandler (StaleNodeHandler.java:onMessage(58)) - Datanode ce295d13-7a4e-42d1-ae50-4896c2bb59ac{ip: 192.168.34.39, host: pr-hdds-2102-js77h-2988213663, networkLocation: /default-rack, certSerialId: null} moved to stale state. Finalizing its pipelines []
2019-09-09 18:02:49,644 [EventQueue-StaleNodeForStaleNodeHandler] INFO  node.StaleNodeHandler (StaleNodeHandler.java:onMessage(58)) - Datanode 9b543f03-5966-41d3-9881-7395d9adaa53{ip: 192.168.34.39, host: pr-hdds-2102-js77h-2988213663, networkLocation: /default-rack, certSerialId: null} moved to stale state. Finalizing its pipelines [PipelineID=89599edb-5fd1-4c9a-a702-a83fdd0c593a, PipelineID=1347c99e-4c18-461d-be30-ffc4beb6f312]
2019-09-09 18:02:49,644 [EventQueue-StaleNodeForStaleNodeHandler] INFO  pipeline.SCMPipelineManager (SCMPipelineManager.java:finalizeAndDestroyPipeline(309)) - destroying pipeline:Pipeline[ Id: 89599edb-5fd1-4c9a-a702-a83fdd0c593a, Nodes: 22c0f27d-976a-42fe-b1a0-04db584cd0ca{ip: 192.168.34.39, host: pr-hdds-2102-js77h-2988213663, networkLocation: /default-rack, certSerialId: null}9b543f03-5966-41d3-9881-7395d9adaa53{ip: 192.168.34.39, host: pr-hdds-2102-js77h-2988213663, networkLocation: /default-rack, certSerialId: null}3f9b7ce0-873d-4f37-9274-1664d68bc8f4{ip: 192.168.34.39, host: pr-hdds-2102-js77h-2988213663, networkLocation: /default-rack, certSerialId: null}, Type:RATIS, Factor:THREE, State:CLOSED]
2019-09-09 18:02:49,645 [EventQueue-StaleNodeForStaleNodeHandler] INFO  pipeline.SCMPipelineManager (SCMPipelineManager.java:finalizeAndDestroyPipeline(309)) - destroying pipeline:Pipeline[ Id: 1347c99e-4c18-461d-be30-ffc4beb6f312, Nodes: 9b543f03-5966-41d3-9881-7395d9adaa53{ip: 192.168.34.39, host: pr-hdds-2102-js77h-2988213663, networkLocation: /default-rack, certSerialId: null}, Type:RATIS, Factor:ONE, State:OPEN]
2019-09-09 18:02:49,645 [EventQueue-StaleNodeForStaleNodeHandler] INFO  pipeline.PipelineStateManager (PipelineStateManager.java:finalizePipeline(123)) - Pipeline Pipeline[ Id: 1347c99e-4c18-461d-be30-ffc4beb6f312, Nodes: 9b543f03-5966-41d3-9881-7395d9adaa53{ip: 192.168.34.39, host: pr-hdds-2102-js77h-2988213663, networkLocation: /default-rack, certSerialId: null}, Type:RATIS, Factor:ONE, State:CLOSED] moved to CLOSED state
2019-09-09 18:02:50,090 [ForkJoinPool.commonPool-worker-1] INFO  ozoneimpl.OzoneContainer (OzoneContainer.java:stop(215)) - Attempting to stop container services.
2019-09-09 18:02:50,090 [ForkJoinPool.commonPool-worker-1] INFO  impl.RaftServerProxy (RaftServerProxy.java:lambda$close$4(314)) - ce295d13-7a4e-42d1-ae50-4896c2bb59ac: close
2019-09-09 18:02:50,092 [ForkJoinPool.commonPool-worker-1] INFO  server.GrpcService (GrpcService.java:closeImpl(155)) - ce295d13-7a4e-42d1-ae50-4896c2bb59ac: shutdown server with port 43176 now
2019-09-09 18:02:50,093 [ForkJoinPool.commonPool-worker-1] INFO  server.GrpcService (GrpcService.java:closeImpl(163)) - ce295d13-7a4e-42d1-ae50-4896c2bb59ac: shutdown server with port 43176 successfully
2019-09-09 18:02:50,098 [main] INFO  ozoneimpl.OzoneContainer (OzoneContainer.java:stop(215)) - Attempting to stop container services.
2019-09-09 18:02:50,098 [main] INFO  impl.RaftServerProxy (RaftServerProxy.java:lambda$close$4(314)) - 9b543f03-5966-41d3-9881-7395d9adaa53: close
2019-09-09 18:02:50,099 [main] INFO  impl.RaftServerImpl (RaftServerImpl.java:lambda$shutdown$3(245)) - 9b543f03-5966-41d3-9881-7395d9adaa53: shutdown group-A83FDD0C593A
2019-09-09 18:02:50,099 [main] INFO  util.JmxRegister (JmxRegister.java:unregister(73)) - Successfully un-registered JMX Bean with object name Ratis:service=RaftServer,group=group-A83FDD0C593A,id=9b543f03-5966-41d3-9881-7395d9adaa53
2019-09-09 18:02:50,099 [main] INFO  impl.RoleInfo (RoleInfo.java:shutdownFollowerState(121)) - 9b543f03-5966-41d3-9881-7395d9adaa53: shutdown FollowerState
2019-09-09 18:02:50,100 [main] INFO  impl.StateMachineUpdater (StateMachineUpdater.java:stopAndJoin(115)) - StateMachineUpdater:9b543f03-5966-41d3-9881-7395d9adaa53:group-A83FDD0C593A: set stopIndex = 16
2019-09-09 18:02:50,100 [Thread-3333] INFO  impl.FollowerState (FollowerState.java:run(114)) - 9b543f03-5966-41d3-9881-7395d9adaa53: FollowerState was interrupted: java.lang.InterruptedException: sleep interrupted
2019-09-09 18:02:50,100 [StateMachineUpdater:9b543f03-5966-41d3-9881-7395d9adaa53:group-A83FDD0C593A] INFO  ratis.ContainerStateMachine (ContainerStateMachine.java:takeSnapshot(284)) - group-A83FDD0C593A: Taking a snapshot at:(t:1, i:14) file /workdir/hadoop-ozone/integration-test/target/test-dir/MiniOzoneClusterImpl-b5fe0712-b217-48e1-a309-931088266b0b/datanode-5/data/ratis/89599edb-5fd1-4c9a-a702-a83fdd0c593a/sm/snapshot.1_14
2019-09-09 18:02:50,107 [refreshUsed-/workdir/hadoop-ozone/integration-test/target/test-dir/MiniOzoneClusterImpl-b5fe0712-b217-48e1-a309-931088266b0b/datanode-6/data/containers] WARN  fs.CachingGetSpaceUsed (CachingGetSpaceUsed.java:run(183)) - Thread Interrupted waiting to refresh disk information: sleep interrupted
2019-09-09 18:02:50,109 [StateMachineUpdater:9b543f03-5966-41d3-9881-7395d9adaa53:group-A83FDD0C593A] INFO  ratis.ContainerStateMachine (ContainerStateMachine.java:takeSnapshot(295)) - group-A83FDD0C593A: Finished taking a snapshot at:(t:1, i:14) file:/workdir/hadoop-ozone/integration-test/target/test-dir/MiniOzoneClusterImpl-b5fe0712-b217-48e1-a309-931088266b0b/datanode-5/data/ratis/89599edb-5fd1-4c9a-a702-a83fdd0c593a/sm/snapshot.1_14 time:10
2019-09-09 18:02:50,109 [StateMachineUpdater:9b543f03-5966-41d3-9881-7395d9adaa53:group-A83FDD0C593A] INFO  impl.StateMachineUpdater (StateMachineUpdater.java:takeSnapshot(242)) - StateMachineUpdater:9b543f03-5966-41d3-9881-7395d9adaa53:group-A83FDD0C593A: Took a snapshot at index 14
2019-09-09 18:02:50,109 [StateMachineUpdater:9b543f03-5966-41d3-9881-7395d9adaa53:group-A83FDD0C593A] INFO  impl.StateMachineUpdater (StateMachineUpdater.java:lambda$new$0(80)) - StateMachineUpdater:9b543f03-5966-41d3-9881-7395d9adaa53:group-A83FDD0C593A: snapshotIndex: updateIncreasingly -1 -> 14
2019-09-09 18:02:50,110 [main] INFO  impl.RaftServerImpl (ServerState.java:close(394)) - 9b543f03-5966-41d3-9881-7395d9adaa53:group-A83FDD0C593A closes. The last applied log index is 16
2019-09-09 18:02:50,110 [9b543f03-5966-41d3-9881-7395d9adaa53-SegmentedRaftLogWorker:Storage Directory /workdir/hadoop-ozone/integration-test/target/test-dir/MiniOzoneClusterImpl-b5fe0712-b217-48e1-a309-931088266b0b/datanode-5/data/ratis/89599edb-5fd1-4c9a-a702-a83fdd0c593a] INFO  segmented.SegmentedRaftLogWorker (SegmentedRaftLogWorker.java:run(313)) - 9b543f03-5966-41d3-9881-7395d9adaa53-SegmentedRaftLogWorker:Storage Directory /workdir/hadoop-ozone/integration-test/target/test-dir/MiniOzoneClusterImpl-b5fe0712-b217-48e1-a309-931088266b0b/datanode-5/data/ratis/89599edb-5fd1-4c9a-a702-a83fdd0c593a was interrupted, exiting. There are 0 tasks remaining in the queue.
2019-09-09 18:02:50,112 [main] INFO  segmented.SegmentedRaftLogWorker (SegmentedRaftLogWorker.java:close(228)) - 9b543f03-5966-41d3-9881-7395d9adaa53-SegmentedRaftLogWorker:Storage Directory /workdir/hadoop-ozone/integration-test/target/test-dir/MiniOzoneClusterImpl-b5fe0712-b217-48e1-a309-931088266b0b/datanode-5/data/ratis/89599edb-5fd1-4c9a-a702-a83fdd0c593a close()
2019-09-09 18:02:50,114 [main] INFO  impl.RaftServerImpl (RaftServerImpl.java:lambda$shutdown$3(245)) - 9b543f03-5966-41d3-9881-7395d9adaa53: shutdown group-FFC4BEB6F312
2019-09-09 18:02:50,114 [main] INFO  util.JmxRegister (JmxRegister.java:unregister(73)) - Successfully un-registered JMX Bean with object name Ratis:service=RaftServer,group=group-FFC4BEB6F312,id=9b543f03-5966-41d3-9881-7395d9adaa53
2019-09-09 18:02:50,115 [main] INFO  impl.RoleInfo (RoleInfo.java:shutdownLeaderState(104)) - 9b543f03-5966-41d3-9881-7395d9adaa53: shutdown LeaderState
2019-09-09 18:02:50,115 [main] INFO  impl.PendingRequests (PendingRequests.java:sendNotLeaderResponses(202)) - 9b543f03-5966-41d3-9881-7395d9adaa53-PendingRequests: sendNotLeaderResponses
2019-09-09 18:02:50,115 [main] INFO  impl.StateMachineUpdater (StateMachineUpdater.java:stopAndJoin(115)) - StateMachineUpdater:9b543f03-5966-41d3-9881-7395d9adaa53:group-FFC4BEB6F312: set stopIndex = 0
2019-09-09 18:02:50,116 [main] INFO  impl.RaftServerImpl (ServerState.java:close(394)) - 9b543f03-5966-41d3-9881-7395d9adaa53:group-FFC4BEB6F312 closes. The last applied log index is 0
2019-09-09 18:02:50,116 [9b543f03-5966-41d3-9881-7395d9adaa53-SegmentedRaftLogWorker:Storage Directory /workdir/hadoop-ozone/integration-test/target/test-dir/MiniOzoneClusterImpl-b5fe0712-b217-48e1-a309-931088266b0b/datanode-5/data/ratis/1347c99e-4c18-461d-be30-ffc4beb6f312] INFO  segmented.SegmentedRaftLogWorker (SegmentedRaftLogWorker.java:run(313)) - 9b543f03-5966-41d3-9881-7395d9adaa53-SegmentedRaftLogWorker:Storage Directory /workdir/hadoop-ozone/integration-test/target/test-dir/MiniOzoneClusterImpl-b5fe0712-b217-48e1-a309-931088266b0b/datanode-5/data/ratis/1347c99e-4c18-461d-be30-ffc4beb6f312 was interrupted, exiting. There are 0 tasks remaining in the queue.
2019-09-09 18:02:50,117 [main] INFO  segmented.SegmentedRaftLogWorker (SegmentedRaftLogWorker.java:close(228)) - 9b543f03-5966-41d3-9881-7395d9adaa53-SegmentedRaftLogWorker:Storage Directory /workdir/hadoop-ozone/integration-test/target/test-dir/MiniOzoneClusterImpl-b5fe0712-b217-48e1-a309-931088266b0b/datanode-5/data/ratis/1347c99e-4c18-461d-be30-ffc4beb6f312 close()
2019-09-09 18:02:50,122 [main] INFO  server.GrpcService (GrpcService.java:closeImpl(155)) - 9b543f03-5966-41d3-9881-7395d9adaa53: shutdown server with port 34335 now
2019-09-09 18:02:50,124 [main] INFO  server.GrpcService (GrpcService.java:closeImpl(163)) - 9b543f03-5966-41d3-9881-7395d9adaa53: shutdown server with port 34335 successfully
2019-09-09 18:02:50,125 [refreshUsed-/workdir/hadoop-ozone/integration-test/target/test-dir/MiniOzoneClusterImpl-b5fe0712-b217-48e1-a309-931088266b0b/datanode-5/data/containers] WARN  fs.CachingGetSpaceUsed (CachingGetSpaceUsed.java:run(183)) - Thread Interrupted waiting to refresh disk information: sleep interrupted
2019-09-09 18:02:50,126 [ForkJoinPool.commonPool-worker-1] INFO  utils.BackgroundService (BackgroundService.java:shutdown(148)) - Shutting down service BlockDeletingService
2019-09-09 18:02:50,130 [ForkJoinPool.commonPool-worker-1] INFO  statemachine.DatanodeStateMachine (DatanodeStateMachine.java:stopDaemon(395)) - Ozone container server stopped.
2019-09-09 18:02:50,134 [ForkJoinPool.commonPool-worker-1] INFO  handler.ContextHandler (ContextHandler.java:doStop(910)) - Stopped o.e.j.w.WebAppContext@c14e5a5{/,null,UNAVAILABLE}{/hddsDatanode}
2019-09-09 18:02:50,135 [ForkJoinPool.commonPool-worker-1] INFO  server.AbstractConnector (AbstractConnector.java:doStop(318)) - Stopped ServerConnector@16f15ae9{HTTP/1.1,[http/1.1]}{0.0.0.0:0}
2019-09-09 18:02:50,136 [ForkJoinPool.commonPool-worker-1] INFO  handler.ContextHandler (ContextHandler.java:doStop(910)) - Stopped o.e.j.s.ServletContextHandler@24a4e2c5{/static,jar:file:/home/user/.m2/repository/org/apache/hadoop/hadoop-hdds-container-service/0.5.0-SNAPSHOT/hadoop-hdds-container-service-0.5.0-SNAPSHOT.jar!/webapps/static,UNAVAILABLE}
2019-09-09 18:02:50,137 [ForkJoinPool.commonPool-worker-1] INFO  handler.ContextHandler (ContextHandler.java:doStop(910)) - Stopped o.e.j.s.ServletContextHandler@437281c5{/logs,file:///workdir/hadoop-ozone/integration-test/target/log,UNAVAILABLE}
2019-09-09 18:02:50,145 [main] INFO  utils.BackgroundService (BackgroundService.java:shutdown(148)) - Shutting down service BlockDeletingService
2019-09-09 18:02:50,149 [main] INFO  statemachine.DatanodeStateMachine (DatanodeStateMachine.java:stopDaemon(395)) - Ozone container server stopped.
2019-09-09 18:02:50,149 [main] INFO  handler.ContextHandler (ContextHandler.java:doStop(910)) - Stopped o.e.j.w.WebAppContext@cf01c2e{/,null,UNAVAILABLE}{/hddsDatanode}
2019-09-09 18:02:50,150 [main] INFO  server.AbstractConnector (AbstractConnector.java:doStop(318)) - Stopped ServerConnector@6f15f52a{HTTP/1.1,[http/1.1]}{0.0.0.0:0}
2019-09-09 18:02:50,150 [main] INFO  handler.ContextHandler (ContextHandler.java:doStop(910)) - Stopped o.e.j.s.ServletContextHandler@634e1b39{/static,jar:file:/home/user/.m2/repository/org/apache/hadoop/hadoop-hdds-container-service/0.5.0-SNAPSHOT/hadoop-hdds-container-service-0.5.0-SNAPSHOT.jar!/webapps/static,UNAVAILABLE}
2019-09-09 18:02:50,151 [main] INFO  handler.ContextHandler (ContextHandler.java:doStop(910)) - Stopped o.e.j.s.ServletContextHandler@51b87df7{/logs,file:///workdir/hadoop-ozone/integration-test/target/log,UNAVAILABLE}
2019-09-09 18:02:50,151 [main] INFO  ozone.MiniOzoneClusterImpl (MiniOzoneClusterImpl.java:stop(339)) - Stopping the StorageContainerManager
2019-09-09 18:02:50,152 [main] INFO  server.StorageContainerManager (StorageContainerManager.java:stop(797)) - Stopping Replication Manager Service.
2019-09-09 18:02:50,152 [main] INFO  container.ReplicationManager (ReplicationManager.java:stop(203)) - Stopping Replication Monitor Thread.
2019-09-09 18:02:50,152 [main] INFO  server.StorageContainerManager (StorageContainerManager.java:stop(804)) - Stopping Lease Manager of the command watchers
2019-09-09 18:02:50,152 [main] INFO  server.StorageContainerManager (StorageContainerManager.java:stop(811)) - Stopping datanode service RPC server
2019-09-09 18:02:50,152 [main] INFO  server.SCMDatanodeProtocolServer (SCMDatanodeProtocolServer.java:stop(367)) - Stopping the RPC server for DataNodes
2019-09-09 18:02:50,153 [main] INFO  ipc.Server (Server.java:stop(3082)) - Stopping server on 35408
2019-09-09 18:02:50,155 [IPC Server listener on 35408] INFO  ipc.Server (Server.java:run(1185)) - Stopping IPC Server listener on 35408
2019-09-09 18:02:50,155 [IPC Server Responder] INFO  ipc.Server (Server.java:run(1319)) - Stopping IPC Server Responder
2019-09-09 18:02:50,245 [SCM Heartbeat Processing Thread - 0] WARN  node.NodeStateManager (NodeStateManager.java:scheduleNextHealthCheck(646)) - Current Thread is interrupted, shutting down HB processing thread for Node Manager.
2019-09-09 18:02:50,245 [main] INFO  server.StorageContainerManager (StorageContainerManager.java:stop(819)) - Stopping block service RPC server
2019-09-09 18:02:50,245 [main] INFO  server.SCMBlockProtocolServer (SCMBlockProtocolServer.java:stop(155)) - Stopping the RPC server for Block Protocol
2019-09-09 18:02:50,245 [main] INFO  ipc.Server (Server.java:stop(3082)) - Stopping server on 33277
2019-09-09 18:02:50,248 [IPC Server listener on 33277] INFO  ipc.Server (Server.java:run(1185)) - Stopping IPC Server listener on 33277
2019-09-09 18:02:50,248 [IPC Server Responder] INFO  ipc.Server (Server.java:run(1319)) - Stopping IPC Server Responder
2019-09-09 18:02:50,248 [main] INFO  server.StorageContainerManager (StorageContainerManager.java:stop(826)) - Stopping the StorageContainerLocationProtocol RPC server
2019-09-09 18:02:50,249 [main] INFO  server.SCMClientProtocolServer (SCMClientProtocolServer.java:stop(159)) - Stopping the RPC server for Client Protocol
2019-09-09 18:02:50,249 [main] INFO  ipc.Server (Server.java:stop(3082)) - Stopping server on 46632
2019-09-09 18:02:50,252 [IPC Server listener on 46632] INFO  ipc.Server (Server.java:run(1185)) - Stopping IPC Server listener on 46632
2019-09-09 18:02:50,252 [IPC Server Responder] INFO  ipc.Server (Server.java:run(1319)) - Stopping IPC Server Responder
2019-09-09 18:02:50,252 [main] INFO  server.StorageContainerManager (StorageContainerManager.java:stop(833)) - Stopping Storage Container Manager HTTP server.
2019-09-09 18:02:50,253 [main] INFO  handler.ContextHandler (ContextHandler.java:doStop(910)) - Stopped o.e.j.w.WebAppContext@6812c8cc{/,null,UNAVAILABLE}{/scm}
2019-09-09 18:02:50,254 [main] INFO  server.AbstractConnector (AbstractConnector.java:doStop(318)) - Stopped ServerConnector@3457cc8d{HTTP/1.1,[http/1.1]}{0.0.0.0:0}
2019-09-09 18:02:50,254 [main] INFO  handler.ContextHandler (ContextHandler.java:doStop(910)) - Stopped o.e.j.s.ServletContextHandler@212fafd1{/static,file:///workdir/hadoop-ozone/integration-test/target/test-classes/webapps/static,UNAVAILABLE}
2019-09-09 18:02:50,255 [main] INFO  handler.ContextHandler (ContextHandler.java:doStop(910)) - Stopped o.e.j.s.ServletContextHandler@581c9bb7{/logs,file:///workdir/hadoop-ozone/integration-test/target/log,UNAVAILABLE}
2019-09-09 18:02:50,256 [main] INFO  server.StorageContainerManager (StorageContainerManager.java:stop(844)) - Stopping Block Manager Service.
2019-09-09 18:02:50,256 [main] INFO  utils.BackgroundService (BackgroundService.java:shutdown(148)) - Shutting down service SCMBlockDeletingService
2019-09-09 18:02:50,256 [main] INFO  utils.BackgroundService (BackgroundService.java:shutdown(148)) - Shutting down service SCMBlockDeletingService
2019-09-09 18:02:50,257 [main] INFO  server.StorageContainerManager (StorageContainerManager.java:stop(866)) - Stopping SCM Event Queue.
2019-09-09 18:02:50,261 [main] INFO  impl.MetricsSystemImpl (MetricsSystemImpl.java:stop(210)) - Stopping HddsDatanode metrics system...
2019-09-09 18:02:50,269 [main] INFO  impl.MetricsSystemImpl (MetricsSystemImpl.java:stop(216)) - HddsDatanode metrics system stopped.
]]></system-out>
  </testcase>
  <testcase name="testFailureWithPrimeSizedData" classname="org.apache.hadoop.ozone.client.rpc.TestBlockOutputStreamWithFailures" time="34.301"/>
  <testcase name="testWatchForCommitWithCloseContainerException" classname="org.apache.hadoop.ozone.client.rpc.TestBlockOutputStreamWithFailures" time="34.501"/>
  <testcase name="testExceptionDuringClose" classname="org.apache.hadoop.ozone.client.rpc.TestBlockOutputStreamWithFailures" time="34.465"/>
</testsuite>