<?xml version="1.0" encoding="UTF-8"?>
<testsuite xmlns:xsi="http://www.w3.org/2001/XMLSchema-instance" xsi:noNamespaceSchemaLocation="https://maven.apache.org/surefire/maven-surefire-plugin/xsd/surefire-test-report.xsd" name="org.apache.hadoop.ozone.client.rpc.TestBlockOutputStreamWithFailures" time="767.413" tests="8" errors="0" skipped="0" failures="1">
  <properties>
    <property name="awt.toolkit" value="sun.awt.X11.XToolkit"/>
    <property name="file.encoding.pkg" value="sun.io"/>
    <property name="java.specification.version" value="1.8"/>
    <property name="sun.cpu.isalist" value=""/>
    <property name="sun.jnu.encoding" value="UTF-8"/>
    <property name="java.class.path" value="/workdir/hadoop-ozone/integration-test/target/test-classes:/workdir/hadoop-ozone/integration-test/target/classes:/home/user/.m2/repository/org/apache/hadoop/hadoop-ozone-common/0.5.0-SNAPSHOT/hadoop-ozone-common-0.5.0-SNAPSHOT.jar:/home/user/.m2/repository/org/apache/commons/commons-compress/1.4.1/commons-compress-1.4.1.jar:/home/user/.m2/repository/org/tukaani/xz/1.0/xz-1.0.jar:/home/user/.m2/repository/org/apache/hadoop/hadoop-common/3.2.0/hadoop-common-3.2.0.jar:/home/user/.m2/repository/org/apache/hadoop/hadoop-hdfs/3.2.0/hadoop-hdfs-3.2.0.jar:/home/user/.m2/repository/org/apache/hadoop/hadoop-hdfs-client/3.2.0/hadoop-hdfs-client-3.2.0.jar:/home/user/.m2/repository/com/fasterxml/jackson/core/jackson-annotations/2.9.5/jackson-annotations-2.9.5.jar:/home/user/.m2/repository/org/apache/hadoop/hadoop-hdds-common/0.5.0-SNAPSHOT/hadoop-hdds-common-0.5.0-SNAPSHOT.jar:/home/user/.m2/repository/javax/annotation/javax.annotation-api/1.2/javax.annotation-api-1.2.jar:/home/user/.m2/repository/org/apache/ratis/ratis-server/0.4.0-2337318-SNAPSHOT/ratis-server-0.4.0-2337318-SNAPSHOT.jar:/home/user/.m2/repository/org/apache/ratis/ratis-thirdparty-misc/0.2.0/ratis-thirdparty-misc-0.2.0.jar:/home/user/.m2/repository/org/apache/ratis/ratis-proto/0.4.0-2337318-SNAPSHOT/ratis-proto-0.4.0-2337318-SNAPSHOT.jar:/home/user/.m2/repository/org/apache/ratis/ratis-common/0.4.0-2337318-SNAPSHOT/ratis-common-0.4.0-2337318-SNAPSHOT.jar:/home/user/.m2/repository/org/apache/ratis/ratis-client/0.4.0-2337318-SNAPSHOT/ratis-client-0.4.0-2337318-SNAPSHOT.jar:/home/user/.m2/repository/org/apache/ratis/ratis-metrics/0.4.0-2337318-SNAPSHOT/ratis-metrics-0.4.0-2337318-SNAPSHOT.jar:/home/user/.m2/repository/org/apache/ratis/ratis-netty/0.4.0-2337318-SNAPSHOT/ratis-netty-0.4.0-2337318-SNAPSHOT.jar:/home/user/.m2/repository/org/apache/ratis/ratis-grpc/0.4.0-2337318-SNAPSHOT/ratis-grpc-0.4.0-2337318-SNAPSHOT.jar:/home/user/.m2/repository/org/rocksdb/rocksdbjni/6.0.1/rocksdbjni-6.0.1.jar:/home/user/.m2/repository/org/apache/logging/log4j/log4j-api/2.11.0/log4j-api-2.11.0.jar:/home/user/.m2/repository/org/apache/logging/log4j/log4j-core/2.11.0/log4j-core-2.11.0.jar:/home/user/.m2/repository/com/lmax/disruptor/3.4.2/disruptor-3.4.2.jar:/home/user/.m2/repository/org/apache/commons/commons-pool2/2.6.0/commons-pool2-2.6.0.jar:/home/user/.m2/repository/org/bouncycastle/bcpkix-jdk15on/1.60/bcpkix-jdk15on-1.60.jar:/home/user/.m2/repository/commons-validator/commons-validator/1.6/commons-validator-1.6.jar:/home/user/.m2/repository/commons-digester/commons-digester/1.8.1/commons-digester-1.8.1.jar:/home/user/.m2/repository/io/jaegertracing/jaeger-client/0.33.1/jaeger-client-0.33.1.jar:/home/user/.m2/repository/io/jaegertracing/jaeger-thrift/0.33.1/jaeger-thrift-0.33.1.jar:/home/user/.m2/repository/org/apache/thrift/libthrift/0.11.0/libthrift-0.11.0.jar:/home/user/.m2/repository/com/squareup/okhttp3/okhttp/3.9.0/okhttp-3.9.0.jar:/home/user/.m2/repository/com/squareup/okio/okio/1.13.0/okio-1.13.0.jar:/home/user/.m2/repository/io/jaegertracing/jaeger-core/0.33.1/jaeger-core-0.33.1.jar:/home/user/.m2/repository/io/jaegertracing/jaeger-tracerresolver/0.33.1/jaeger-tracerresolver-0.33.1.jar:/home/user/.m2/repository/io/opentracing/contrib/opentracing-tracerresolver/0.1.5/opentracing-tracerresolver-0.1.5.jar:/home/user/.m2/repository/io/opentracing/opentracing-util/0.31.0/opentracing-util-0.31.0.jar:/home/user/.m2/repository/io/opentracing/opentracing-api/0.31.0/opentracing-api-0.31.0.jar:/home/user/.m2/repository/io/opentracing/opentracing-noop/0.31.0/opentracing-noop-0.31.0.jar:/home/user/.m2/repository/org/apache/hadoop/hadoop-hdds-server-framework/0.5.0-SNAPSHOT/hadoop-hdds-server-framework-0.5.0-SNAPSHOT.jar:/home/user/.m2/repository/org/apache/hadoop/hadoop-hdds-container-service/0.5.0-SNAPSHOT/hadoop-hdds-container-service-0.5.0-SNAPSHOT.jar:/home/user/.m2/repository/org/apache/hadoop/hadoop-hdds-client/0.5.0-SNAPSHOT/hadoop-hdds-client-0.5.0-SNAPSHOT.jar:/home/user/.m2/repository/org/apache/hadoop/hadoop-hdds-tools/0.5.0-SNAPSHOT/hadoop-hdds-tools-0.5.0-SNAPSHOT.jar:/home/user/.m2/repository/org/apache/hadoop/hadoop-hdds-server-scm/0.5.0-SNAPSHOT/hadoop-hdds-server-scm-0.5.0-SNAPSHOT.jar:/home/user/.m2/repository/org/apache/hadoop/hadoop-hdds-docs/0.5.0-SNAPSHOT/hadoop-hdds-docs-0.5.0-SNAPSHOT.jar:/home/user/.m2/repository/io/dropwizard/metrics/metrics-core/3.2.4/metrics-core-3.2.4.jar:/home/user/.m2/repository/org/hamcrest/hamcrest-all/1.3/hamcrest-all-1.3.jar:/home/user/.m2/repository/org/bouncycastle/bcprov-jdk15on/1.60/bcprov-jdk15on-1.60.jar:/home/user/.m2/repository/info/picocli/picocli/3.9.6/picocli-3.9.6.jar:/home/user/.m2/repository/com/google/protobuf/protobuf-java/2.5.0/protobuf-java-2.5.0.jar:/home/user/.m2/repository/com/google/guava/guava/11.0.2/guava-11.0.2.jar:/home/user/.m2/repository/org/apache/hadoop/hadoop-ozone-ozone-manager/0.5.0-SNAPSHOT/hadoop-ozone-ozone-manager-0.5.0-SNAPSHOT.jar:/home/user/.m2/repository/org/apache/hadoop/hadoop-minikdc/3.2.0/hadoop-minikdc-3.2.0.jar:/home/user/.m2/repository/commons-io/commons-io/2.5/commons-io-2.5.jar:/home/user/.m2/repository/org/apache/kerby/kerb-simplekdc/1.0.1/kerb-simplekdc-1.0.1.jar:/home/user/.m2/repository/org/apache/kerby/kerb-client/1.0.1/kerb-client-1.0.1.jar:/home/user/.m2/repository/org/apache/kerby/kerby-config/1.0.1/kerby-config-1.0.1.jar:/home/user/.m2/repository/org/apache/kerby/kerb-core/1.0.1/kerb-core-1.0.1.jar:/home/user/.m2/repository/org/apache/kerby/kerby-pkix/1.0.1/kerby-pkix-1.0.1.jar:/home/user/.m2/repository/org/apache/kerby/kerby-asn1/1.0.1/kerby-asn1-1.0.1.jar:/home/user/.m2/repository/org/apache/kerby/kerby-util/1.0.1/kerby-util-1.0.1.jar:/home/user/.m2/repository/org/apache/kerby/kerb-common/1.0.1/kerb-common-1.0.1.jar:/home/user/.m2/repository/org/apache/kerby/kerb-crypto/1.0.1/kerb-crypto-1.0.1.jar:/home/user/.m2/repository/org/apache/kerby/kerb-util/1.0.1/kerb-util-1.0.1.jar:/home/user/.m2/repository/org/apache/kerby/token-provider/1.0.1/token-provider-1.0.1.jar:/home/user/.m2/repository/org/apache/kerby/kerb-admin/1.0.1/kerb-admin-1.0.1.jar:/home/user/.m2/repository/org/apache/kerby/kerb-server/1.0.1/kerb-server-1.0.1.jar:/home/user/.m2/repository/org/apache/kerby/kerb-identity/1.0.1/kerb-identity-1.0.1.jar:/home/user/.m2/repository/org/apache/kerby/kerby-xdr/1.0.1/kerby-xdr-1.0.1.jar:/home/user/.m2/repository/org/slf4j/slf4j-log4j12/1.7.25/slf4j-log4j12-1.7.25.jar:/home/user/.m2/repository/org/apache/hadoop/hadoop-ozone-objectstore-service/0.5.0-SNAPSHOT/hadoop-ozone-objectstore-service-0.5.0-SNAPSHOT.jar:/home/user/.m2/repository/org/apache/hadoop/hadoop-ozone-s3gateway/0.5.0-SNAPSHOT/hadoop-ozone-s3gateway-0.5.0-SNAPSHOT.jar:/home/user/.m2/repository/org/jboss/weld/servlet/weld-servlet/2.4.7.Final/weld-servlet-2.4.7.Final.jar:/home/user/.m2/repository/org/glassfish/jersey/containers/jersey-container-servlet-core/2.27/jersey-container-servlet-core-2.27.jar:/home/user/.m2/repository/org/glassfish/hk2/external/javax.inject/2.5.0-b42/javax.inject-2.5.0-b42.jar:/home/user/.m2/repository/org/glassfish/jersey/core/jersey-common/2.27/jersey-common-2.27.jar:/home/user/.m2/repository/org/glassfish/hk2/osgi-resource-locator/1.0.1/osgi-resource-locator-1.0.1.jar:/home/user/.m2/repository/javax/ws/rs/javax.ws.rs-api/2.1/javax.ws.rs-api-2.1.jar:/home/user/.m2/repository/org/glassfish/jersey/ext/cdi/jersey-cdi1x/2.27/jersey-cdi1x-2.27.jar:/home/user/.m2/repository/org/glassfish/jersey/inject/jersey-hk2/2.27/jersey-hk2-2.27.jar:/home/user/.m2/repository/org/glassfish/hk2/hk2-locator/2.5.0-b42/hk2-locator-2.5.0-b42.jar:/home/user/.m2/repository/org/javassist/javassist/3.22.0-CR2/javassist-3.22.0-CR2.jar:/home/user/.m2/repository/org/glassfish/hk2/hk2-api/2.5.0/hk2-api-2.5.0.jar:/home/user/.m2/repository/org/glassfish/hk2/external/jakarta.inject/2.5.0/jakarta.inject-2.5.0.jar:/home/user/.m2/repository/org/glassfish/hk2/hk2-utils/2.5.0/hk2-utils-2.5.0.jar:/home/user/.m2/repository/jakarta/annotation/jakarta.annotation-api/1.3.4/jakarta.annotation-api-1.3.4.jar:/home/user/.m2/repository/org/glassfish/hk2/external/aopalliance-repackaged/2.5.0/aopalliance-repackaged-2.5.0.jar:/home/user/.m2/repository/com/fasterxml/jackson/dataformat/jackson-dataformat-xml/2.9.0/jackson-dataformat-xml-2.9.0.jar:/home/user/.m2/repository/com/fasterxml/jackson/core/jackson-core/2.9.5/jackson-core-2.9.5.jar:/home/user/.m2/repository/com/fasterxml/jackson/module/jackson-module-jaxb-annotations/2.9.5/jackson-module-jaxb-annotations-2.9.5.jar:/home/user/.m2/repository/javax/enterprise/cdi-api/1.2/cdi-api-1.2.jar:/home/user/.m2/repository/javax/el/javax.el-api/3.0.0/javax.el-api-3.0.0.jar:/home/user/.m2/repository/javax/interceptor/javax.interceptor-api/1.2/javax.interceptor-api-1.2.jar:/home/user/.m2/repository/javax/inject/javax.inject/1/javax.inject-1.jar:/home/user/.m2/repository/com/sun/xml/bind/jaxb-impl/2.3.0.1/jaxb-impl-2.3.0.1.jar:/home/user/.m2/repository/com/sun/xml/bind/jaxb-core/2.3.0.1/jaxb-core-2.3.0.1.jar:/home/user/.m2/repository/javax/xml/bind/jaxb-api/2.3.0/jaxb-api-2.3.0.jar:/home/user/.m2/repository/javax/activation/activation/1.1.1/activation-1.1.1.jar:/home/user/.m2/repository/org/apache/hadoop/hadoop-ozone-csi/0.5.0-SNAPSHOT/hadoop-ozone-csi-0.5.0-SNAPSHOT.jar:/home/user/.m2/repository/com/google/protobuf/protobuf-java-util/3.5.1/protobuf-java-util-3.5.1.jar:/home/user/.m2/repository/org/apache/hadoop/hadoop-hdds-config/0.5.0-SNAPSHOT/hadoop-hdds-config-0.5.0-SNAPSHOT.jar:/home/user/.m2/repository/io/grpc/grpc-netty/1.17.1/grpc-netty-1.17.1.jar:/home/user/.m2/repository/io/grpc/grpc-core/1.17.1/grpc-core-1.17.1.jar:/home/user/.m2/repository/io/grpc/grpc-context/1.17.1/grpc-context-1.17.1.jar:/home/user/.m2/repository/com/google/errorprone/error_prone_annotations/2.2.0/error_prone_annotations-2.2.0.jar:/home/user/.m2/repository/org/codehaus/mojo/animal-sniffer-annotations/1.17/animal-sniffer-annotations-1.17.jar:/home/user/.m2/repository/io/opencensus/opencensus-api/0.17.0/opencensus-api-0.17.0.jar:/home/user/.m2/repository/io/opencensus/opencensus-contrib-grpc-metrics/0.17.0/opencensus-contrib-grpc-metrics-0.17.0.jar:/home/user/.m2/repository/io/netty/netty-codec-http2/4.1.30.Final/netty-codec-http2-4.1.30.Final.jar:/home/user/.m2/repository/io/netty/netty-codec-http/4.1.30.Final/netty-codec-http-4.1.30.Final.jar:/home/user/.m2/repository/io/netty/netty-codec/4.1.30.Final/netty-codec-4.1.30.Final.jar:/home/user/.m2/repository/io/netty/netty-handler/4.1.30.Final/netty-handler-4.1.30.Final.jar:/home/user/.m2/repository/io/netty/netty-handler-proxy/4.1.30.Final/netty-handler-proxy-4.1.30.Final.jar:/home/user/.m2/repository/io/netty/netty-codec-socks/4.1.30.Final/netty-codec-socks-4.1.30.Final.jar:/home/user/.m2/repository/io/netty/netty-transport-native-epoll/4.1.30.Final/netty-transport-native-epoll-4.1.30.Final.jar:/home/user/.m2/repository/io/netty/netty-common/4.1.30.Final/netty-common-4.1.30.Final.jar:/home/user/.m2/repository/io/netty/netty-buffer/4.1.30.Final/netty-buffer-4.1.30.Final.jar:/home/user/.m2/repository/io/netty/netty-transport/4.1.30.Final/netty-transport-4.1.30.Final.jar:/home/user/.m2/repository/io/netty/netty-resolver/4.1.30.Final/netty-resolver-4.1.30.Final.jar:/home/user/.m2/repository/io/netty/netty-transport-native-unix-common/4.1.30.Final/netty-transport-native-unix-common-4.1.30.Final.jar:/home/user/.m2/repository/io/grpc/grpc-protobuf/1.17.1/grpc-protobuf-1.17.1.jar:/home/user/.m2/repository/com/google/api/grpc/proto-google-common-protos/1.0.0/proto-google-common-protos-1.0.0.jar:/home/user/.m2/repository/io/grpc/grpc-protobuf-lite/1.17.1/grpc-protobuf-lite-1.17.1.jar:/home/user/.m2/repository/io/grpc/grpc-stub/1.17.1/grpc-stub-1.17.1.jar:/home/user/.m2/repository/org/apache/hadoop/hadoop-ozone-recon/0.5.0-SNAPSHOT/hadoop-ozone-recon-0.5.0-SNAPSHOT.jar:/home/user/.m2/repository/org/apache/hadoop/hadoop-ozone-reconcodegen/0.5.0-SNAPSHOT/hadoop-ozone-reconcodegen-0.5.0-SNAPSHOT.jar:/home/user/.m2/repository/com/google/inject/extensions/guice-multibindings/4.0/guice-multibindings-4.0.jar:/home/user/.m2/repository/com/google/inject/guice/4.0/guice-4.0.jar:/home/user/.m2/repository/aopalliance/aopalliance/1.0/aopalliance-1.0.jar:/home/user/.m2/repository/com/google/inject/extensions/guice-servlet/4.0/guice-servlet-4.0.jar:/home/user/.m2/repository/org/glassfish/jersey/containers/jersey-container-servlet/2.27/jersey-container-servlet-2.27.jar:/home/user/.m2/repository/org/glassfish/hk2/guice-bridge/2.5.0/guice-bridge-2.5.0.jar:/home/user/.m2/repository/org/glassfish/jersey/core/jersey-server/2.27/jersey-server-2.27.jar:/home/user/.m2/repository/org/glassfish/jersey/core/jersey-client/2.27/jersey-client-2.27.jar:/home/user/.m2/repository/org/glassfish/jersey/media/jersey-media-jaxb/2.27/jersey-media-jaxb-2.27.jar:/home/user/.m2/repository/javax/validation/validation-api/1.1.0.Final/validation-api-1.1.0.Final.jar:/home/user/.m2/repository/org/glassfish/jersey/media/jersey-media-json-jackson/2.27/jersey-media-json-jackson-2.27.jar:/home/user/.m2/repository/org/glassfish/jersey/ext/jersey-entity-filtering/2.27/jersey-entity-filtering-2.27.jar:/home/user/.m2/repository/com/google/inject/extensions/guice-assistedinject/4.0/guice-assistedinject-4.0.jar:/home/user/.m2/repository/org/jooq/jooq/3.11.10/jooq-3.11.10.jar:/home/user/.m2/repository/org/jooq/jooq-meta/3.11.10/jooq-meta-3.11.10.jar:/home/user/.m2/repository/org/jooq/jooq-codegen/3.11.10/jooq-codegen-3.11.10.jar:/home/user/.m2/repository/com/jolbox/bonecp/0.8.0.RELEASE/bonecp-0.8.0.RELEASE.jar:/home/user/.m2/repository/org/xerial/sqlite-jdbc/3.25.2/sqlite-jdbc-3.25.2.jar:/home/user/.m2/repository/org/springframework/spring-jdbc/5.1.3.RELEASE/spring-jdbc-5.1.3.RELEASE.jar:/home/user/.m2/repository/org/springframework/spring-beans/5.1.3.RELEASE/spring-beans-5.1.3.RELEASE.jar:/home/user/.m2/repository/org/springframework/spring-core/5.1.3.RELEASE/spring-core-5.1.3.RELEASE.jar:/home/user/.m2/repository/org/springframework/spring-jcl/5.1.3.RELEASE/spring-jcl-5.1.3.RELEASE.jar:/home/user/.m2/repository/org/springframework/spring-tx/5.1.3.RELEASE/spring-tx-5.1.3.RELEASE.jar:/home/user/.m2/repository/org/apache/hadoop/hadoop-ozone-client/0.5.0-SNAPSHOT/hadoop-ozone-client-0.5.0-SNAPSHOT.jar:/home/user/.m2/repository/commons-lang/commons-lang/2.6/commons-lang-2.6.jar:/home/user/.m2/repository/org/apache/hadoop/hadoop-ozone-ozone-manager/0.5.0-SNAPSHOT/hadoop-ozone-ozone-manager-0.5.0-SNAPSHOT-tests.jar:/home/user/.m2/repository/junit/junit/4.11/junit-4.11.jar:/home/user/.m2/repository/org/hamcrest/hamcrest-core/1.3/hamcrest-core-1.3.jar:/home/user/.m2/repository/org/openjdk/jmh/jmh-core/1.19/jmh-core-1.19.jar:/home/user/.m2/repository/net/sf/jopt-simple/jopt-simple/4.6/jopt-simple-4.6.jar:/home/user/.m2/repository/org/apache/commons/commons-math3/3.1.1/commons-math3-3.1.1.jar:/home/user/.m2/repository/org/openjdk/jmh/jmh-generator-annprocess/1.19/jmh-generator-annprocess-1.19.jar:/home/user/.m2/repository/org/mockito/mockito-all/1.8.5/mockito-all-1.8.5.jar:/home/user/.m2/repository/org/apache/hadoop/hadoop-kms/3.2.0/hadoop-kms-3.2.0.jar:/home/user/.m2/repository/org/apache/hadoop/hadoop-auth/3.2.0/hadoop-auth-3.2.0.jar:/home/user/.m2/repository/com/nimbusds/nimbus-jose-jwt/4.41.1/nimbus-jose-jwt-4.41.1.jar:/home/user/.m2/repository/com/github/stephenc/jcip/jcip-annotations/1.0-1/jcip-annotations-1.0-1.jar:/home/user/.m2/repository/net/minidev/json-smart/2.3/json-smart-2.3.jar:/home/user/.m2/repository/net/minidev/accessors-smart/1.2/accessors-smart-1.2.jar:/home/user/.m2/repository/org/ow2/asm/asm/5.0.4/asm-5.0.4.jar:/home/user/.m2/repository/org/apache/curator/curator-framework/2.12.0/curator-framework-2.12.0.jar:/home/user/.m2/repository/com/sun/jersey/jersey-core/1.19/jersey-core-1.19.jar:/home/user/.m2/repository/javax/ws/rs/jsr311-api/1.1.1/jsr311-api-1.1.1.jar:/home/user/.m2/repository/com/sun/jersey/jersey-server/1.19/jersey-server-1.19.jar:/home/user/.m2/repository/javax/servlet/javax.servlet-api/3.1.0/javax.servlet-api-3.1.0.jar:/home/user/.m2/repository/org/eclipse/jetty/jetty-server/9.3.24.v20180605/jetty-server-9.3.24.v20180605.jar:/home/user/.m2/repository/org/eclipse/jetty/jetty-http/9.3.24.v20180605/jetty-http-9.3.24.v20180605.jar:/home/user/.m2/repository/org/eclipse/jetty/jetty-io/9.3.24.v20180605/jetty-io-9.3.24.v20180605.jar:/home/user/.m2/repository/org/eclipse/jetty/jetty-webapp/9.3.24.v20180605/jetty-webapp-9.3.24.v20180605.jar:/home/user/.m2/repository/org/eclipse/jetty/jetty-xml/9.3.24.v20180605/jetty-xml-9.3.24.v20180605.jar:/home/user/.m2/repository/log4j/log4j/1.2.17/log4j-1.2.17.jar:/home/user/.m2/repository/org/slf4j/slf4j-api/1.7.25/slf4j-api-1.7.25.jar:/home/user/.m2/repository/org/slf4j/jul-to-slf4j/1.7.25/jul-to-slf4j-1.7.25.jar:/home/user/.m2/repository/org/eclipse/jetty/jetty-util/9.3.24.v20180605/jetty-util-9.3.24.v20180605.jar:/home/user/.m2/repository/com/fasterxml/jackson/core/jackson-databind/2.9.5/jackson-databind-2.9.5.jar:/home/user/.m2/repository/org/apache/hadoop/hadoop-kms/3.2.0/hadoop-kms-3.2.0-tests.jar:/home/user/.m2/repository/org/apache/hadoop/hadoop-hdds-server-scm/0.5.0-SNAPSHOT/hadoop-hdds-server-scm-0.5.0-SNAPSHOT-tests.jar:/home/user/.m2/repository/org/apache/hadoop/hadoop-hdds-container-service/0.5.0-SNAPSHOT/hadoop-hdds-container-service-0.5.0-SNAPSHOT-tests.jar:/home/user/.m2/repository/org/yaml/snakeyaml/1.16/snakeyaml-1.16.jar:/home/user/.m2/repository/org/apache/hadoop/hadoop-common/3.2.0/hadoop-common-3.2.0-tests.jar:/home/user/.m2/repository/org/apache/hadoop/hadoop-annotations/3.2.0/hadoop-annotations-3.2.0.jar:/usr/lib/jvm/java-1.8-openjdk/jre/../lib/tools.jar:/home/user/.m2/repository/commons-cli/commons-cli/1.2/commons-cli-1.2.jar:/home/user/.m2/repository/org/apache/httpcomponents/httpclient/4.5.2/httpclient-4.5.2.jar:/home/user/.m2/repository/org/apache/httpcomponents/httpcore/4.4.4/httpcore-4.4.4.jar:/home/user/.m2/repository/commons-codec/commons-codec/1.11/commons-codec-1.11.jar:/home/user/.m2/repository/commons-net/commons-net/3.6/commons-net-3.6.jar:/home/user/.m2/repository/commons-collections/commons-collections/3.2.2/commons-collections-3.2.2.jar:/home/user/.m2/repository/org/eclipse/jetty/jetty-servlet/9.3.24.v20180605/jetty-servlet-9.3.24.v20180605.jar:/home/user/.m2/repository/org/eclipse/jetty/jetty-security/9.3.24.v20180605/jetty-security-9.3.24.v20180605.jar:/home/user/.m2/repository/javax/servlet/jsp/jsp-api/2.1/jsp-api-2.1.jar:/home/user/.m2/repository/com/sun/jersey/jersey-servlet/1.19/jersey-servlet-1.19.jar:/home/user/.m2/repository/com/sun/jersey/jersey-json/1.19/jersey-json-1.19.jar:/home/user/.m2/repository/org/codehaus/jettison/jettison/1.1/jettison-1.1.jar:/home/user/.m2/repository/org/codehaus/jackson/jackson-core-asl/1.9.13/jackson-core-asl-1.9.13.jar:/home/user/.m2/repository/org/codehaus/jackson/jackson-mapper-asl/1.9.13/jackson-mapper-asl-1.9.13.jar:/home/user/.m2/repository/org/codehaus/jackson/jackson-jaxrs/1.9.13/jackson-jaxrs-1.9.13.jar:/home/user/.m2/repository/org/codehaus/jackson/jackson-xc/1.9.13/jackson-xc-1.9.13.jar:/home/user/.m2/repository/commons-logging/commons-logging/1.1.3/commons-logging-1.1.3.jar:/home/user/.m2/repository/commons-beanutils/commons-beanutils/1.9.3/commons-beanutils-1.9.3.jar:/home/user/.m2/repository/org/apache/commons/commons-configuration2/2.1.1/commons-configuration2-2.1.1.jar:/home/user/.m2/repository/org/apache/commons/commons-lang3/3.7/commons-lang3-3.7.jar:/home/user/.m2/repository/org/apache/commons/commons-text/1.4/commons-text-1.4.jar:/home/user/.m2/repository/org/apache/avro/avro/1.7.7/avro-1.7.7.jar:/home/user/.m2/repository/com/thoughtworks/paranamer/paranamer/2.3/paranamer-2.3.jar:/home/user/.m2/repository/org/xerial/snappy/snappy-java/1.0.5/snappy-java-1.0.5.jar:/home/user/.m2/repository/com/google/re2j/re2j/1.1/re2j-1.1.jar:/home/user/.m2/repository/com/google/code/gson/gson/2.2.4/gson-2.2.4.jar:/home/user/.m2/repository/com/jcraft/jsch/0.1.54/jsch-0.1.54.jar:/home/user/.m2/repository/org/apache/curator/curator-client/2.12.0/curator-client-2.12.0.jar:/home/user/.m2/repository/org/apache/curator/curator-recipes/2.12.0/curator-recipes-2.12.0.jar:/home/user/.m2/repository/com/google/code/findbugs/jsr305/3.0.0/jsr305-3.0.0.jar:/home/user/.m2/repository/org/apache/htrace/htrace-core4/4.1.0-incubating/htrace-core4-4.1.0-incubating.jar:/home/user/.m2/repository/org/apache/zookeeper/zookeeper/3.4.13/zookeeper-3.4.13.jar:/home/user/.m2/repository/org/apache/yetus/audience-annotations/0.5.0/audience-annotations-0.5.0.jar:/home/user/.m2/repository/org/codehaus/woodstox/stax2-api/3.1.4/stax2-api-3.1.4.jar:/home/user/.m2/repository/com/fasterxml/woodstox/woodstox-core/5.0.3/woodstox-core-5.0.3.jar:/home/user/.m2/repository/dnsjava/dnsjava/2.1.7/dnsjava-2.1.7.jar:/home/user/.m2/repository/org/apache/hadoop/hadoop-hdfs/3.2.0/hadoop-hdfs-3.2.0-tests.jar:/home/user/.m2/repository/org/eclipse/jetty/jetty-util-ajax/9.3.24.v20180605/jetty-util-ajax-9.3.24.v20180605.jar:/home/user/.m2/repository/commons-daemon/commons-daemon/1.0.13/commons-daemon-1.0.13.jar:/home/user/.m2/repository/io/netty/netty/3.10.5.Final/netty-3.10.5.Final.jar:/home/user/.m2/repository/io/netty/netty-all/4.0.52.Final/netty-all-4.0.52.Final.jar:/home/user/.m2/repository/org/fusesource/leveldbjni/leveldbjni-all/1.8/leveldbjni-all-1.8.jar:"/>
    <property name="java.vm.vendor" value="IcedTea"/>
    <property name="sun.arch.data.model" value="64"/>
    <property name="test.build.dir" value="/workdir/hadoop-ozone/integration-test/target/test-dir"/>
    <property name="test.cache.data" value=""/>
    <property name="java.vendor.url" value="https://icedtea.classpath.org"/>
    <property name="user.timezone" value=""/>
    <property name="java.vm.specification.version" value="1.8"/>
    <property name="os.name" value="Linux"/>
    <property name="test.build.data" value="/workdir/hadoop-ozone/integration-test/target/test-dir"/>
    <property name="user.country" value="US"/>
    <property name="sun.java.launcher" value="SUN_STANDARD"/>
    <property name="sun.boot.library.path" value="/usr/lib/jvm/java-1.8-openjdk/jre/lib/amd64"/>
    <property name="sun.java.command" value="/workdir/hadoop-ozone/integration-test/target/surefire/surefirebooter7325225032366103656.jar /workdir/hadoop-ozone/integration-test/target/surefire 2019-09-04T06-42-28_121-jvmRun1 surefire4583434230500825829tmp surefire_488113783442194117832tmp"/>
    <property name="test" value="!TestMiniChaosOzoneCluster"/>
    <property name="surefire.test.class.path" value="/workdir/hadoop-ozone/integration-test/target/test-classes:/workdir/hadoop-ozone/integration-test/target/classes:/home/user/.m2/repository/org/apache/hadoop/hadoop-ozone-common/0.5.0-SNAPSHOT/hadoop-ozone-common-0.5.0-SNAPSHOT.jar:/home/user/.m2/repository/org/apache/commons/commons-compress/1.4.1/commons-compress-1.4.1.jar:/home/user/.m2/repository/org/tukaani/xz/1.0/xz-1.0.jar:/home/user/.m2/repository/org/apache/hadoop/hadoop-common/3.2.0/hadoop-common-3.2.0.jar:/home/user/.m2/repository/org/apache/hadoop/hadoop-hdfs/3.2.0/hadoop-hdfs-3.2.0.jar:/home/user/.m2/repository/org/apache/hadoop/hadoop-hdfs-client/3.2.0/hadoop-hdfs-client-3.2.0.jar:/home/user/.m2/repository/com/fasterxml/jackson/core/jackson-annotations/2.9.5/jackson-annotations-2.9.5.jar:/home/user/.m2/repository/org/apache/hadoop/hadoop-hdds-common/0.5.0-SNAPSHOT/hadoop-hdds-common-0.5.0-SNAPSHOT.jar:/home/user/.m2/repository/javax/annotation/javax.annotation-api/1.2/javax.annotation-api-1.2.jar:/home/user/.m2/repository/org/apache/ratis/ratis-server/0.4.0-2337318-SNAPSHOT/ratis-server-0.4.0-2337318-SNAPSHOT.jar:/home/user/.m2/repository/org/apache/ratis/ratis-thirdparty-misc/0.2.0/ratis-thirdparty-misc-0.2.0.jar:/home/user/.m2/repository/org/apache/ratis/ratis-proto/0.4.0-2337318-SNAPSHOT/ratis-proto-0.4.0-2337318-SNAPSHOT.jar:/home/user/.m2/repository/org/apache/ratis/ratis-common/0.4.0-2337318-SNAPSHOT/ratis-common-0.4.0-2337318-SNAPSHOT.jar:/home/user/.m2/repository/org/apache/ratis/ratis-client/0.4.0-2337318-SNAPSHOT/ratis-client-0.4.0-2337318-SNAPSHOT.jar:/home/user/.m2/repository/org/apache/ratis/ratis-metrics/0.4.0-2337318-SNAPSHOT/ratis-metrics-0.4.0-2337318-SNAPSHOT.jar:/home/user/.m2/repository/org/apache/ratis/ratis-netty/0.4.0-2337318-SNAPSHOT/ratis-netty-0.4.0-2337318-SNAPSHOT.jar:/home/user/.m2/repository/org/apache/ratis/ratis-grpc/0.4.0-2337318-SNAPSHOT/ratis-grpc-0.4.0-2337318-SNAPSHOT.jar:/home/user/.m2/repository/org/rocksdb/rocksdbjni/6.0.1/rocksdbjni-6.0.1.jar:/home/user/.m2/repository/org/apache/logging/log4j/log4j-api/2.11.0/log4j-api-2.11.0.jar:/home/user/.m2/repository/org/apache/logging/log4j/log4j-core/2.11.0/log4j-core-2.11.0.jar:/home/user/.m2/repository/com/lmax/disruptor/3.4.2/disruptor-3.4.2.jar:/home/user/.m2/repository/org/apache/commons/commons-pool2/2.6.0/commons-pool2-2.6.0.jar:/home/user/.m2/repository/org/bouncycastle/bcpkix-jdk15on/1.60/bcpkix-jdk15on-1.60.jar:/home/user/.m2/repository/commons-validator/commons-validator/1.6/commons-validator-1.6.jar:/home/user/.m2/repository/commons-digester/commons-digester/1.8.1/commons-digester-1.8.1.jar:/home/user/.m2/repository/io/jaegertracing/jaeger-client/0.33.1/jaeger-client-0.33.1.jar:/home/user/.m2/repository/io/jaegertracing/jaeger-thrift/0.33.1/jaeger-thrift-0.33.1.jar:/home/user/.m2/repository/org/apache/thrift/libthrift/0.11.0/libthrift-0.11.0.jar:/home/user/.m2/repository/com/squareup/okhttp3/okhttp/3.9.0/okhttp-3.9.0.jar:/home/user/.m2/repository/com/squareup/okio/okio/1.13.0/okio-1.13.0.jar:/home/user/.m2/repository/io/jaegertracing/jaeger-core/0.33.1/jaeger-core-0.33.1.jar:/home/user/.m2/repository/io/jaegertracing/jaeger-tracerresolver/0.33.1/jaeger-tracerresolver-0.33.1.jar:/home/user/.m2/repository/io/opentracing/contrib/opentracing-tracerresolver/0.1.5/opentracing-tracerresolver-0.1.5.jar:/home/user/.m2/repository/io/opentracing/opentracing-util/0.31.0/opentracing-util-0.31.0.jar:/home/user/.m2/repository/io/opentracing/opentracing-api/0.31.0/opentracing-api-0.31.0.jar:/home/user/.m2/repository/io/opentracing/opentracing-noop/0.31.0/opentracing-noop-0.31.0.jar:/home/user/.m2/repository/org/apache/hadoop/hadoop-hdds-server-framework/0.5.0-SNAPSHOT/hadoop-hdds-server-framework-0.5.0-SNAPSHOT.jar:/home/user/.m2/repository/org/apache/hadoop/hadoop-hdds-container-service/0.5.0-SNAPSHOT/hadoop-hdds-container-service-0.5.0-SNAPSHOT.jar:/home/user/.m2/repository/org/apache/hadoop/hadoop-hdds-client/0.5.0-SNAPSHOT/hadoop-hdds-client-0.5.0-SNAPSHOT.jar:/home/user/.m2/repository/org/apache/hadoop/hadoop-hdds-tools/0.5.0-SNAPSHOT/hadoop-hdds-tools-0.5.0-SNAPSHOT.jar:/home/user/.m2/repository/org/apache/hadoop/hadoop-hdds-server-scm/0.5.0-SNAPSHOT/hadoop-hdds-server-scm-0.5.0-SNAPSHOT.jar:/home/user/.m2/repository/org/apache/hadoop/hadoop-hdds-docs/0.5.0-SNAPSHOT/hadoop-hdds-docs-0.5.0-SNAPSHOT.jar:/home/user/.m2/repository/io/dropwizard/metrics/metrics-core/3.2.4/metrics-core-3.2.4.jar:/home/user/.m2/repository/org/hamcrest/hamcrest-all/1.3/hamcrest-all-1.3.jar:/home/user/.m2/repository/org/bouncycastle/bcprov-jdk15on/1.60/bcprov-jdk15on-1.60.jar:/home/user/.m2/repository/info/picocli/picocli/3.9.6/picocli-3.9.6.jar:/home/user/.m2/repository/com/google/protobuf/protobuf-java/2.5.0/protobuf-java-2.5.0.jar:/home/user/.m2/repository/com/google/guava/guava/11.0.2/guava-11.0.2.jar:/home/user/.m2/repository/org/apache/hadoop/hadoop-ozone-ozone-manager/0.5.0-SNAPSHOT/hadoop-ozone-ozone-manager-0.5.0-SNAPSHOT.jar:/home/user/.m2/repository/org/apache/hadoop/hadoop-minikdc/3.2.0/hadoop-minikdc-3.2.0.jar:/home/user/.m2/repository/commons-io/commons-io/2.5/commons-io-2.5.jar:/home/user/.m2/repository/org/apache/kerby/kerb-simplekdc/1.0.1/kerb-simplekdc-1.0.1.jar:/home/user/.m2/repository/org/apache/kerby/kerb-client/1.0.1/kerb-client-1.0.1.jar:/home/user/.m2/repository/org/apache/kerby/kerby-config/1.0.1/kerby-config-1.0.1.jar:/home/user/.m2/repository/org/apache/kerby/kerb-core/1.0.1/kerb-core-1.0.1.jar:/home/user/.m2/repository/org/apache/kerby/kerby-pkix/1.0.1/kerby-pkix-1.0.1.jar:/home/user/.m2/repository/org/apache/kerby/kerby-asn1/1.0.1/kerby-asn1-1.0.1.jar:/home/user/.m2/repository/org/apache/kerby/kerby-util/1.0.1/kerby-util-1.0.1.jar:/home/user/.m2/repository/org/apache/kerby/kerb-common/1.0.1/kerb-common-1.0.1.jar:/home/user/.m2/repository/org/apache/kerby/kerb-crypto/1.0.1/kerb-crypto-1.0.1.jar:/home/user/.m2/repository/org/apache/kerby/kerb-util/1.0.1/kerb-util-1.0.1.jar:/home/user/.m2/repository/org/apache/kerby/token-provider/1.0.1/token-provider-1.0.1.jar:/home/user/.m2/repository/org/apache/kerby/kerb-admin/1.0.1/kerb-admin-1.0.1.jar:/home/user/.m2/repository/org/apache/kerby/kerb-server/1.0.1/kerb-server-1.0.1.jar:/home/user/.m2/repository/org/apache/kerby/kerb-identity/1.0.1/kerb-identity-1.0.1.jar:/home/user/.m2/repository/org/apache/kerby/kerby-xdr/1.0.1/kerby-xdr-1.0.1.jar:/home/user/.m2/repository/org/slf4j/slf4j-log4j12/1.7.25/slf4j-log4j12-1.7.25.jar:/home/user/.m2/repository/org/apache/hadoop/hadoop-ozone-objectstore-service/0.5.0-SNAPSHOT/hadoop-ozone-objectstore-service-0.5.0-SNAPSHOT.jar:/home/user/.m2/repository/org/apache/hadoop/hadoop-ozone-s3gateway/0.5.0-SNAPSHOT/hadoop-ozone-s3gateway-0.5.0-SNAPSHOT.jar:/home/user/.m2/repository/org/jboss/weld/servlet/weld-servlet/2.4.7.Final/weld-servlet-2.4.7.Final.jar:/home/user/.m2/repository/org/glassfish/jersey/containers/jersey-container-servlet-core/2.27/jersey-container-servlet-core-2.27.jar:/home/user/.m2/repository/org/glassfish/hk2/external/javax.inject/2.5.0-b42/javax.inject-2.5.0-b42.jar:/home/user/.m2/repository/org/glassfish/jersey/core/jersey-common/2.27/jersey-common-2.27.jar:/home/user/.m2/repository/org/glassfish/hk2/osgi-resource-locator/1.0.1/osgi-resource-locator-1.0.1.jar:/home/user/.m2/repository/javax/ws/rs/javax.ws.rs-api/2.1/javax.ws.rs-api-2.1.jar:/home/user/.m2/repository/org/glassfish/jersey/ext/cdi/jersey-cdi1x/2.27/jersey-cdi1x-2.27.jar:/home/user/.m2/repository/org/glassfish/jersey/inject/jersey-hk2/2.27/jersey-hk2-2.27.jar:/home/user/.m2/repository/org/glassfish/hk2/hk2-locator/2.5.0-b42/hk2-locator-2.5.0-b42.jar:/home/user/.m2/repository/org/javassist/javassist/3.22.0-CR2/javassist-3.22.0-CR2.jar:/home/user/.m2/repository/org/glassfish/hk2/hk2-api/2.5.0/hk2-api-2.5.0.jar:/home/user/.m2/repository/org/glassfish/hk2/external/jakarta.inject/2.5.0/jakarta.inject-2.5.0.jar:/home/user/.m2/repository/org/glassfish/hk2/hk2-utils/2.5.0/hk2-utils-2.5.0.jar:/home/user/.m2/repository/jakarta/annotation/jakarta.annotation-api/1.3.4/jakarta.annotation-api-1.3.4.jar:/home/user/.m2/repository/org/glassfish/hk2/external/aopalliance-repackaged/2.5.0/aopalliance-repackaged-2.5.0.jar:/home/user/.m2/repository/com/fasterxml/jackson/dataformat/jackson-dataformat-xml/2.9.0/jackson-dataformat-xml-2.9.0.jar:/home/user/.m2/repository/com/fasterxml/jackson/core/jackson-core/2.9.5/jackson-core-2.9.5.jar:/home/user/.m2/repository/com/fasterxml/jackson/module/jackson-module-jaxb-annotations/2.9.5/jackson-module-jaxb-annotations-2.9.5.jar:/home/user/.m2/repository/javax/enterprise/cdi-api/1.2/cdi-api-1.2.jar:/home/user/.m2/repository/javax/el/javax.el-api/3.0.0/javax.el-api-3.0.0.jar:/home/user/.m2/repository/javax/interceptor/javax.interceptor-api/1.2/javax.interceptor-api-1.2.jar:/home/user/.m2/repository/javax/inject/javax.inject/1/javax.inject-1.jar:/home/user/.m2/repository/com/sun/xml/bind/jaxb-impl/2.3.0.1/jaxb-impl-2.3.0.1.jar:/home/user/.m2/repository/com/sun/xml/bind/jaxb-core/2.3.0.1/jaxb-core-2.3.0.1.jar:/home/user/.m2/repository/javax/xml/bind/jaxb-api/2.3.0/jaxb-api-2.3.0.jar:/home/user/.m2/repository/javax/activation/activation/1.1.1/activation-1.1.1.jar:/home/user/.m2/repository/org/apache/hadoop/hadoop-ozone-csi/0.5.0-SNAPSHOT/hadoop-ozone-csi-0.5.0-SNAPSHOT.jar:/home/user/.m2/repository/com/google/protobuf/protobuf-java-util/3.5.1/protobuf-java-util-3.5.1.jar:/home/user/.m2/repository/org/apache/hadoop/hadoop-hdds-config/0.5.0-SNAPSHOT/hadoop-hdds-config-0.5.0-SNAPSHOT.jar:/home/user/.m2/repository/io/grpc/grpc-netty/1.17.1/grpc-netty-1.17.1.jar:/home/user/.m2/repository/io/grpc/grpc-core/1.17.1/grpc-core-1.17.1.jar:/home/user/.m2/repository/io/grpc/grpc-context/1.17.1/grpc-context-1.17.1.jar:/home/user/.m2/repository/com/google/errorprone/error_prone_annotations/2.2.0/error_prone_annotations-2.2.0.jar:/home/user/.m2/repository/org/codehaus/mojo/animal-sniffer-annotations/1.17/animal-sniffer-annotations-1.17.jar:/home/user/.m2/repository/io/opencensus/opencensus-api/0.17.0/opencensus-api-0.17.0.jar:/home/user/.m2/repository/io/opencensus/opencensus-contrib-grpc-metrics/0.17.0/opencensus-contrib-grpc-metrics-0.17.0.jar:/home/user/.m2/repository/io/netty/netty-codec-http2/4.1.30.Final/netty-codec-http2-4.1.30.Final.jar:/home/user/.m2/repository/io/netty/netty-codec-http/4.1.30.Final/netty-codec-http-4.1.30.Final.jar:/home/user/.m2/repository/io/netty/netty-codec/4.1.30.Final/netty-codec-4.1.30.Final.jar:/home/user/.m2/repository/io/netty/netty-handler/4.1.30.Final/netty-handler-4.1.30.Final.jar:/home/user/.m2/repository/io/netty/netty-handler-proxy/4.1.30.Final/netty-handler-proxy-4.1.30.Final.jar:/home/user/.m2/repository/io/netty/netty-codec-socks/4.1.30.Final/netty-codec-socks-4.1.30.Final.jar:/home/user/.m2/repository/io/netty/netty-transport-native-epoll/4.1.30.Final/netty-transport-native-epoll-4.1.30.Final.jar:/home/user/.m2/repository/io/netty/netty-common/4.1.30.Final/netty-common-4.1.30.Final.jar:/home/user/.m2/repository/io/netty/netty-buffer/4.1.30.Final/netty-buffer-4.1.30.Final.jar:/home/user/.m2/repository/io/netty/netty-transport/4.1.30.Final/netty-transport-4.1.30.Final.jar:/home/user/.m2/repository/io/netty/netty-resolver/4.1.30.Final/netty-resolver-4.1.30.Final.jar:/home/user/.m2/repository/io/netty/netty-transport-native-unix-common/4.1.30.Final/netty-transport-native-unix-common-4.1.30.Final.jar:/home/user/.m2/repository/io/grpc/grpc-protobuf/1.17.1/grpc-protobuf-1.17.1.jar:/home/user/.m2/repository/com/google/api/grpc/proto-google-common-protos/1.0.0/proto-google-common-protos-1.0.0.jar:/home/user/.m2/repository/io/grpc/grpc-protobuf-lite/1.17.1/grpc-protobuf-lite-1.17.1.jar:/home/user/.m2/repository/io/grpc/grpc-stub/1.17.1/grpc-stub-1.17.1.jar:/home/user/.m2/repository/org/apache/hadoop/hadoop-ozone-recon/0.5.0-SNAPSHOT/hadoop-ozone-recon-0.5.0-SNAPSHOT.jar:/home/user/.m2/repository/org/apache/hadoop/hadoop-ozone-reconcodegen/0.5.0-SNAPSHOT/hadoop-ozone-reconcodegen-0.5.0-SNAPSHOT.jar:/home/user/.m2/repository/com/google/inject/extensions/guice-multibindings/4.0/guice-multibindings-4.0.jar:/home/user/.m2/repository/com/google/inject/guice/4.0/guice-4.0.jar:/home/user/.m2/repository/aopalliance/aopalliance/1.0/aopalliance-1.0.jar:/home/user/.m2/repository/com/google/inject/extensions/guice-servlet/4.0/guice-servlet-4.0.jar:/home/user/.m2/repository/org/glassfish/jersey/containers/jersey-container-servlet/2.27/jersey-container-servlet-2.27.jar:/home/user/.m2/repository/org/glassfish/hk2/guice-bridge/2.5.0/guice-bridge-2.5.0.jar:/home/user/.m2/repository/org/glassfish/jersey/core/jersey-server/2.27/jersey-server-2.27.jar:/home/user/.m2/repository/org/glassfish/jersey/core/jersey-client/2.27/jersey-client-2.27.jar:/home/user/.m2/repository/org/glassfish/jersey/media/jersey-media-jaxb/2.27/jersey-media-jaxb-2.27.jar:/home/user/.m2/repository/javax/validation/validation-api/1.1.0.Final/validation-api-1.1.0.Final.jar:/home/user/.m2/repository/org/glassfish/jersey/media/jersey-media-json-jackson/2.27/jersey-media-json-jackson-2.27.jar:/home/user/.m2/repository/org/glassfish/jersey/ext/jersey-entity-filtering/2.27/jersey-entity-filtering-2.27.jar:/home/user/.m2/repository/com/google/inject/extensions/guice-assistedinject/4.0/guice-assistedinject-4.0.jar:/home/user/.m2/repository/org/jooq/jooq/3.11.10/jooq-3.11.10.jar:/home/user/.m2/repository/org/jooq/jooq-meta/3.11.10/jooq-meta-3.11.10.jar:/home/user/.m2/repository/org/jooq/jooq-codegen/3.11.10/jooq-codegen-3.11.10.jar:/home/user/.m2/repository/com/jolbox/bonecp/0.8.0.RELEASE/bonecp-0.8.0.RELEASE.jar:/home/user/.m2/repository/org/xerial/sqlite-jdbc/3.25.2/sqlite-jdbc-3.25.2.jar:/home/user/.m2/repository/org/springframework/spring-jdbc/5.1.3.RELEASE/spring-jdbc-5.1.3.RELEASE.jar:/home/user/.m2/repository/org/springframework/spring-beans/5.1.3.RELEASE/spring-beans-5.1.3.RELEASE.jar:/home/user/.m2/repository/org/springframework/spring-core/5.1.3.RELEASE/spring-core-5.1.3.RELEASE.jar:/home/user/.m2/repository/org/springframework/spring-jcl/5.1.3.RELEASE/spring-jcl-5.1.3.RELEASE.jar:/home/user/.m2/repository/org/springframework/spring-tx/5.1.3.RELEASE/spring-tx-5.1.3.RELEASE.jar:/home/user/.m2/repository/org/apache/hadoop/hadoop-ozone-client/0.5.0-SNAPSHOT/hadoop-ozone-client-0.5.0-SNAPSHOT.jar:/home/user/.m2/repository/commons-lang/commons-lang/2.6/commons-lang-2.6.jar:/home/user/.m2/repository/org/apache/hadoop/hadoop-ozone-ozone-manager/0.5.0-SNAPSHOT/hadoop-ozone-ozone-manager-0.5.0-SNAPSHOT-tests.jar:/home/user/.m2/repository/junit/junit/4.11/junit-4.11.jar:/home/user/.m2/repository/org/hamcrest/hamcrest-core/1.3/hamcrest-core-1.3.jar:/home/user/.m2/repository/org/openjdk/jmh/jmh-core/1.19/jmh-core-1.19.jar:/home/user/.m2/repository/net/sf/jopt-simple/jopt-simple/4.6/jopt-simple-4.6.jar:/home/user/.m2/repository/org/apache/commons/commons-math3/3.1.1/commons-math3-3.1.1.jar:/home/user/.m2/repository/org/openjdk/jmh/jmh-generator-annprocess/1.19/jmh-generator-annprocess-1.19.jar:/home/user/.m2/repository/org/mockito/mockito-all/1.8.5/mockito-all-1.8.5.jar:/home/user/.m2/repository/org/apache/hadoop/hadoop-kms/3.2.0/hadoop-kms-3.2.0.jar:/home/user/.m2/repository/org/apache/hadoop/hadoop-auth/3.2.0/hadoop-auth-3.2.0.jar:/home/user/.m2/repository/com/nimbusds/nimbus-jose-jwt/4.41.1/nimbus-jose-jwt-4.41.1.jar:/home/user/.m2/repository/com/github/stephenc/jcip/jcip-annotations/1.0-1/jcip-annotations-1.0-1.jar:/home/user/.m2/repository/net/minidev/json-smart/2.3/json-smart-2.3.jar:/home/user/.m2/repository/net/minidev/accessors-smart/1.2/accessors-smart-1.2.jar:/home/user/.m2/repository/org/ow2/asm/asm/5.0.4/asm-5.0.4.jar:/home/user/.m2/repository/org/apache/curator/curator-framework/2.12.0/curator-framework-2.12.0.jar:/home/user/.m2/repository/com/sun/jersey/jersey-core/1.19/jersey-core-1.19.jar:/home/user/.m2/repository/javax/ws/rs/jsr311-api/1.1.1/jsr311-api-1.1.1.jar:/home/user/.m2/repository/com/sun/jersey/jersey-server/1.19/jersey-server-1.19.jar:/home/user/.m2/repository/javax/servlet/javax.servlet-api/3.1.0/javax.servlet-api-3.1.0.jar:/home/user/.m2/repository/org/eclipse/jetty/jetty-server/9.3.24.v20180605/jetty-server-9.3.24.v20180605.jar:/home/user/.m2/repository/org/eclipse/jetty/jetty-http/9.3.24.v20180605/jetty-http-9.3.24.v20180605.jar:/home/user/.m2/repository/org/eclipse/jetty/jetty-io/9.3.24.v20180605/jetty-io-9.3.24.v20180605.jar:/home/user/.m2/repository/org/eclipse/jetty/jetty-webapp/9.3.24.v20180605/jetty-webapp-9.3.24.v20180605.jar:/home/user/.m2/repository/org/eclipse/jetty/jetty-xml/9.3.24.v20180605/jetty-xml-9.3.24.v20180605.jar:/home/user/.m2/repository/log4j/log4j/1.2.17/log4j-1.2.17.jar:/home/user/.m2/repository/org/slf4j/slf4j-api/1.7.25/slf4j-api-1.7.25.jar:/home/user/.m2/repository/org/slf4j/jul-to-slf4j/1.7.25/jul-to-slf4j-1.7.25.jar:/home/user/.m2/repository/org/eclipse/jetty/jetty-util/9.3.24.v20180605/jetty-util-9.3.24.v20180605.jar:/home/user/.m2/repository/com/fasterxml/jackson/core/jackson-databind/2.9.5/jackson-databind-2.9.5.jar:/home/user/.m2/repository/org/apache/hadoop/hadoop-kms/3.2.0/hadoop-kms-3.2.0-tests.jar:/home/user/.m2/repository/org/apache/hadoop/hadoop-hdds-server-scm/0.5.0-SNAPSHOT/hadoop-hdds-server-scm-0.5.0-SNAPSHOT-tests.jar:/home/user/.m2/repository/org/apache/hadoop/hadoop-hdds-container-service/0.5.0-SNAPSHOT/hadoop-hdds-container-service-0.5.0-SNAPSHOT-tests.jar:/home/user/.m2/repository/org/yaml/snakeyaml/1.16/snakeyaml-1.16.jar:/home/user/.m2/repository/org/apache/hadoop/hadoop-common/3.2.0/hadoop-common-3.2.0-tests.jar:/home/user/.m2/repository/org/apache/hadoop/hadoop-annotations/3.2.0/hadoop-annotations-3.2.0.jar:/usr/lib/jvm/java-1.8-openjdk/jre/../lib/tools.jar:/home/user/.m2/repository/commons-cli/commons-cli/1.2/commons-cli-1.2.jar:/home/user/.m2/repository/org/apache/httpcomponents/httpclient/4.5.2/httpclient-4.5.2.jar:/home/user/.m2/repository/org/apache/httpcomponents/httpcore/4.4.4/httpcore-4.4.4.jar:/home/user/.m2/repository/commons-codec/commons-codec/1.11/commons-codec-1.11.jar:/home/user/.m2/repository/commons-net/commons-net/3.6/commons-net-3.6.jar:/home/user/.m2/repository/commons-collections/commons-collections/3.2.2/commons-collections-3.2.2.jar:/home/user/.m2/repository/org/eclipse/jetty/jetty-servlet/9.3.24.v20180605/jetty-servlet-9.3.24.v20180605.jar:/home/user/.m2/repository/org/eclipse/jetty/jetty-security/9.3.24.v20180605/jetty-security-9.3.24.v20180605.jar:/home/user/.m2/repository/javax/servlet/jsp/jsp-api/2.1/jsp-api-2.1.jar:/home/user/.m2/repository/com/sun/jersey/jersey-servlet/1.19/jersey-servlet-1.19.jar:/home/user/.m2/repository/com/sun/jersey/jersey-json/1.19/jersey-json-1.19.jar:/home/user/.m2/repository/org/codehaus/jettison/jettison/1.1/jettison-1.1.jar:/home/user/.m2/repository/org/codehaus/jackson/jackson-core-asl/1.9.13/jackson-core-asl-1.9.13.jar:/home/user/.m2/repository/org/codehaus/jackson/jackson-mapper-asl/1.9.13/jackson-mapper-asl-1.9.13.jar:/home/user/.m2/repository/org/codehaus/jackson/jackson-jaxrs/1.9.13/jackson-jaxrs-1.9.13.jar:/home/user/.m2/repository/org/codehaus/jackson/jackson-xc/1.9.13/jackson-xc-1.9.13.jar:/home/user/.m2/repository/commons-logging/commons-logging/1.1.3/commons-logging-1.1.3.jar:/home/user/.m2/repository/commons-beanutils/commons-beanutils/1.9.3/commons-beanutils-1.9.3.jar:/home/user/.m2/repository/org/apache/commons/commons-configuration2/2.1.1/commons-configuration2-2.1.1.jar:/home/user/.m2/repository/org/apache/commons/commons-lang3/3.7/commons-lang3-3.7.jar:/home/user/.m2/repository/org/apache/commons/commons-text/1.4/commons-text-1.4.jar:/home/user/.m2/repository/org/apache/avro/avro/1.7.7/avro-1.7.7.jar:/home/user/.m2/repository/com/thoughtworks/paranamer/paranamer/2.3/paranamer-2.3.jar:/home/user/.m2/repository/org/xerial/snappy/snappy-java/1.0.5/snappy-java-1.0.5.jar:/home/user/.m2/repository/com/google/re2j/re2j/1.1/re2j-1.1.jar:/home/user/.m2/repository/com/google/code/gson/gson/2.2.4/gson-2.2.4.jar:/home/user/.m2/repository/com/jcraft/jsch/0.1.54/jsch-0.1.54.jar:/home/user/.m2/repository/org/apache/curator/curator-client/2.12.0/curator-client-2.12.0.jar:/home/user/.m2/repository/org/apache/curator/curator-recipes/2.12.0/curator-recipes-2.12.0.jar:/home/user/.m2/repository/com/google/code/findbugs/jsr305/3.0.0/jsr305-3.0.0.jar:/home/user/.m2/repository/org/apache/htrace/htrace-core4/4.1.0-incubating/htrace-core4-4.1.0-incubating.jar:/home/user/.m2/repository/org/apache/zookeeper/zookeeper/3.4.13/zookeeper-3.4.13.jar:/home/user/.m2/repository/org/apache/yetus/audience-annotations/0.5.0/audience-annotations-0.5.0.jar:/home/user/.m2/repository/org/codehaus/woodstox/stax2-api/3.1.4/stax2-api-3.1.4.jar:/home/user/.m2/repository/com/fasterxml/woodstox/woodstox-core/5.0.3/woodstox-core-5.0.3.jar:/home/user/.m2/repository/dnsjava/dnsjava/2.1.7/dnsjava-2.1.7.jar:/home/user/.m2/repository/org/apache/hadoop/hadoop-hdfs/3.2.0/hadoop-hdfs-3.2.0-tests.jar:/home/user/.m2/repository/org/eclipse/jetty/jetty-util-ajax/9.3.24.v20180605/jetty-util-ajax-9.3.24.v20180605.jar:/home/user/.m2/repository/commons-daemon/commons-daemon/1.0.13/commons-daemon-1.0.13.jar:/home/user/.m2/repository/io/netty/netty/3.10.5.Final/netty-3.10.5.Final.jar:/home/user/.m2/repository/io/netty/netty-all/4.0.52.Final/netty-all-4.0.52.Final.jar:/home/user/.m2/repository/org/fusesource/leveldbjni/leveldbjni-all/1.8/leveldbjni-all-1.8.jar:"/>
    <property name="sun.cpu.endian" value="little"/>
    <property name="user.home" value="/home/user"/>
    <property name="user.language" value="en"/>
    <property name="java.specification.vendor" value="Oracle Corporation"/>
    <property name="java.home" value="/usr/lib/jvm/java-1.8-openjdk/jre"/>
    <property name="java.security.krb5.conf" value="/workdir/hadoop-ozone/integration-test/target/test-classes/krb5.conf"/>
    <property name="basedir" value="/workdir/hadoop-ozone/integration-test"/>
    <property name="file.separator" value="/"/>
    <property name="line.separator" value="&#10;"/>
    <property name="java.vm.specification.vendor" value="Oracle Corporation"/>
    <property name="java.specification.name" value="Java Platform API Specification"/>
    <property name="java.awt.graphicsenv" value="sun.awt.X11GraphicsEnvironment"/>
    <property name="surefire.real.class.path" value="/workdir/hadoop-ozone/integration-test/target/surefire/surefirebooter7325225032366103656.jar"/>
    <property name="hadoop.log.dir" value="/workdir/hadoop-ozone/integration-test/target/log"/>
    <property name="sun.boot.class.path" value="/usr/lib/jvm/java-1.8-openjdk/jre/lib/resources.jar:/usr/lib/jvm/java-1.8-openjdk/jre/lib/rt.jar:/usr/lib/jvm/java-1.8-openjdk/jre/lib/sunrsasign.jar:/usr/lib/jvm/java-1.8-openjdk/jre/lib/jsse.jar:/usr/lib/jvm/java-1.8-openjdk/jre/lib/jce.jar:/usr/lib/jvm/java-1.8-openjdk/jre/lib/charsets.jar:/usr/lib/jvm/java-1.8-openjdk/jre/lib/jfr.jar:/usr/lib/jvm/java-1.8-openjdk/jre/classes"/>
    <property name="sun.management.compiler" value="HotSpot 64-Bit Tiered Compilers"/>
    <property name="java.runtime.version" value="1.8.0_212-b04"/>
    <property name="java.net.preferIPv4Stack" value="true"/>
    <property name="user.name" value="jenkins1000"/>
    <property name="path.separator" value=":"/>
    <property name="java.security.egd" value="file:///dev/urandom"/>
    <property name="os.version" value="3.10.0-957.12.2.el7.x86_64"/>
    <property name="java.endorsed.dirs" value="/usr/lib/jvm/java-1.8-openjdk/jre/lib/endorsed"/>
    <property name="java.runtime.name" value="OpenJDK Runtime Environment"/>
    <property name="file.encoding" value="UTF-8"/>
    <property name="java.vm.name" value="OpenJDK 64-Bit Server VM"/>
    <property name="test.build.webapps" value=""/>
    <property name="localRepository" value="/home/user/.m2/repository"/>
    <property name="java.vendor.url.bug" value="https://icedtea.classpath.org/bugzilla"/>
    <property name="java.io.tmpdir" value="/tmp"/>
    <property name="require.test.libhadoop" value=""/>
    <property name="java.version" value="1.8.0_212"/>
    <property name="user.dir" value="/workdir/hadoop-ozone/integration-test"/>
    <property name="os.arch" value="amd64"/>
    <property name="java.vm.specification.name" value="Java Virtual Machine Specification"/>
    <property name="test.build.classes" value="/workdir/hadoop-ozone/integration-test/target/test-classes"/>
    <property name="java.awt.printerjob" value="sun.print.PSPrinterJob"/>
    <property name="sun.os.patch.level" value="unknown"/>
    <property name="hadoop.tmp.dir" value="/workdir/hadoop-ozone/integration-test/target/tmp"/>
    <property name="java.library.path" value="/usr/lib/jvm/java-1.8-openjdk/jre/lib/amd64/server:/usr/lib/jvm/java-1.8-openjdk/jre/lib/amd64:/usr/lib/jvm/java-1.8-openjdk/jre/../lib/amd64:/workdir/hadoop-ozone/integration-test/target/native/target/usr/local/lib:/workdir/hadoop-ozone/integration-test/../../hadoop-common-project/hadoop-common/target/native/target/usr/local/lib:/usr/java/packages/lib/amd64:/usr/lib64:/lib64:/lib:/usr/lib"/>
    <property name="java.vm.info" value="mixed mode"/>
    <property name="java.vendor" value="IcedTea"/>
    <property name="java.vm.version" value="25.212-b04"/>
    <property name="java.ext.dirs" value="/usr/lib/jvm/java-1.8-openjdk/jre/lib/ext:/usr/java/packages/lib/ext"/>
    <property name="sun.io.unicode.encoding" value="UnicodeLittle"/>
    <property name="java.class.version" value="52.0"/>
  </properties>
  <testcase name="test2DatanodesFailure" classname="org.apache.hadoop.ozone.client.rpc.TestBlockOutputStreamWithFailures" time="109.432"/>
  <testcase name="testDatanodeFailureWithPreAllocation" classname="org.apache.hadoop.ozone.client.rpc.TestBlockOutputStreamWithFailures" time="225.434"/>
  <testcase name="testDatanodeFailureWithSingleNodeRatis" classname="org.apache.hadoop.ozone.client.rpc.TestBlockOutputStreamWithFailures" time="236.631"/>
  <testcase name="testWatchForCommitWithSingleNodeRatis" classname="org.apache.hadoop.ozone.client.rpc.TestBlockOutputStreamWithFailures" time="34.832"/>
  <testcase name="testWatchForCommitDatanodeFailure" classname="org.apache.hadoop.ozone.client.rpc.TestBlockOutputStreamWithFailures" time="39.542"/>
  <testcase name="testFailureWithPrimeSizedData" classname="org.apache.hadoop.ozone.client.rpc.TestBlockOutputStreamWithFailures" time="36.631"/>
  <testcase name="testWatchForCommitWithCloseContainerException" classname="org.apache.hadoop.ozone.client.rpc.TestBlockOutputStreamWithFailures" time="43.274">
    <failure message="expected:&lt;2&gt; but was:&lt;3&gt;" type="java.lang.AssertionError"><![CDATA[java.lang.AssertionError: expected:<2> but was:<3>
	at org.junit.Assert.fail(Assert.java:88)
	at org.junit.Assert.failNotEquals(Assert.java:743)
	at org.junit.Assert.assertEquals(Assert.java:118)
	at org.junit.Assert.assertEquals(Assert.java:555)
	at org.junit.Assert.assertEquals(Assert.java:542)
	at org.apache.hadoop.ozone.client.rpc.TestBlockOutputStreamWithFailures.testWatchForCommitWithCloseContainerException(TestBlockOutputStreamWithFailures.java:233)
	at sun.reflect.NativeMethodAccessorImpl.invoke0(Native Method)
	at sun.reflect.NativeMethodAccessorImpl.invoke(NativeMethodAccessorImpl.java:62)
	at sun.reflect.DelegatingMethodAccessorImpl.invoke(DelegatingMethodAccessorImpl.java:43)
	at java.lang.reflect.Method.invoke(Method.java:498)
	at org.junit.runners.model.FrameworkMethod$1.runReflectiveCall(FrameworkMethod.java:47)
	at org.junit.internal.runners.model.ReflectiveCallable.run(ReflectiveCallable.java:12)
	at org.junit.runners.model.FrameworkMethod.invokeExplosively(FrameworkMethod.java:44)
	at org.junit.internal.runners.statements.InvokeMethod.evaluate(InvokeMethod.java:17)
	at org.junit.internal.runners.statements.RunBefores.evaluate(RunBefores.java:26)
	at org.junit.internal.runners.statements.RunAfters.evaluate(RunAfters.java:27)
	at org.junit.runners.ParentRunner.runLeaf(ParentRunner.java:271)
	at org.junit.runners.BlockJUnit4ClassRunner.runChild(BlockJUnit4ClassRunner.java:70)
	at org.junit.runners.BlockJUnit4ClassRunner.runChild(BlockJUnit4ClassRunner.java:50)
	at org.junit.runners.ParentRunner$3.run(ParentRunner.java:238)
	at org.junit.runners.ParentRunner$1.schedule(ParentRunner.java:63)
	at org.junit.runners.ParentRunner.runChildren(ParentRunner.java:236)
	at org.junit.runners.ParentRunner.access$000(ParentRunner.java:53)
	at org.junit.runners.ParentRunner$2.evaluate(ParentRunner.java:229)
	at org.junit.runners.ParentRunner.run(ParentRunner.java:309)
	at org.apache.maven.surefire.junit4.JUnit4Provider.execute(JUnit4Provider.java:365)
	at org.apache.maven.surefire.junit4.JUnit4Provider.executeWithRerun(JUnit4Provider.java:273)
	at org.apache.maven.surefire.junit4.JUnit4Provider.executeTestSet(JUnit4Provider.java:238)
	at org.apache.maven.surefire.junit4.JUnit4Provider.invoke(JUnit4Provider.java:159)
	at org.apache.maven.surefire.booter.ForkedBooter.invokeProviderInSameClassLoader(ForkedBooter.java:384)
	at org.apache.maven.surefire.booter.ForkedBooter.runSuitesInProcess(ForkedBooter.java:345)
	at org.apache.maven.surefire.booter.ForkedBooter.execute(ForkedBooter.java:126)
	at org.apache.maven.surefire.booter.ForkedBooter.main(ForkedBooter.java:418)
]]></failure>
    <system-out><![CDATA[2019-09-04 07:20:48,516 [main] WARN  server.ServerUtils (ServerUtils.java:getScmDbDir(145)) - ozone.scm.db.dirs is not configured. We recommend adding this setting. Falling back to ozone.metadata.dirs instead.
2019-09-04 07:20:48,556 [main] WARN  server.ServerUtils (ServerUtils.java:getScmDbDir(145)) - ozone.scm.db.dirs is not configured. We recommend adding this setting. Falling back to ozone.metadata.dirs instead.
2019-09-04 07:20:48,556 [main] WARN  server.ServerUtils (ServerUtils.java:getScmDbDir(145)) - ozone.scm.db.dirs is not configured. We recommend adding this setting. Falling back to ozone.metadata.dirs instead.
2019-09-04 07:20:48,557 [main] INFO  db.DBStoreBuilder (DBStoreBuilder.java:addTable(110)) - using custom profile for table: deletedBlocks
2019-09-04 07:20:48,557 [main] INFO  db.DBStoreBuilder (DBStoreBuilder.java:processTables(161)) - Using default column profile:DBProfile.DISK for Table:deletedBlocks
2019-09-04 07:20:48,557 [main] INFO  db.DBStoreBuilder (DBStoreBuilder.java:addTable(110)) - using custom profile for table: validCerts
2019-09-04 07:20:48,558 [main] INFO  db.DBStoreBuilder (DBStoreBuilder.java:processTables(161)) - Using default column profile:DBProfile.DISK for Table:validCerts
2019-09-04 07:20:48,558 [main] INFO  db.DBStoreBuilder (DBStoreBuilder.java:addTable(110)) - using custom profile for table: revokedCerts
2019-09-04 07:20:48,558 [main] INFO  db.DBStoreBuilder (DBStoreBuilder.java:processTables(161)) - Using default column profile:DBProfile.DISK for Table:revokedCerts
2019-09-04 07:20:48,558 [main] INFO  db.DBStoreBuilder (DBStoreBuilder.java:addTable(110)) - using custom profile for table: default
2019-09-04 07:20:48,559 [main] INFO  db.DBStoreBuilder (DBStoreBuilder.java:processTables(167)) - Using default column profile:DBProfile.DISK for Table:default
2019-09-04 07:20:48,559 [main] INFO  db.DBStoreBuilder (DBStoreBuilder.java:getDbProfile(198)) - Using default options. DBProfile.DISK
2019-09-04 07:20:48,866 [main] INFO  net.NodeSchemaLoader (NodeSchemaLoader.java:loadSchemaFromFile(125)) - Loading file from sun.misc.CompoundEnumeration@25b8a2f7
2019-09-04 07:20:48,867 [main] INFO  net.NodeSchemaLoader (NodeSchemaLoader.java:loadSchema(171)) - Loading network topology layer schema file
2019-09-04 07:20:48,873 [main] INFO  node.SCMNodeManager (SCMNodeManager.java:<init>(121)) - Entering startup safe mode.
2019-09-04 07:20:48,873 [main] INFO  algorithms.ContainerPlacementPolicyFactory (ContainerPlacementPolicyFactory.java:getPolicy(55)) - Create container placement policy of type org.apache.hadoop.hdds.scm.container.placement.algorithms.SCMContainerPlacementRandom
2019-09-04 07:20:48,874 [main] WARN  server.ServerUtils (ServerUtils.java:getScmDbDir(145)) - ozone.scm.db.dirs is not configured. We recommend adding this setting. Falling back to ozone.metadata.dirs instead.
2019-09-04 07:20:48,955 [main] INFO  pipeline.SCMPipelineManager (SCMPipelineManager.java:initializePipelineState(126)) - No pipeline exists in current db
2019-09-04 07:20:48,956 [main] WARN  server.ServerUtils (ServerUtils.java:getScmDbDir(145)) - ozone.scm.db.dirs is not configured. We recommend adding this setting. Falling back to ozone.metadata.dirs instead.
2019-09-04 07:20:49,059 [main] WARN  events.EventQueue (EventQueue.java:fireEvent(175)) - No event handler registered for event TypedEvent{payloadType=SafeModeStatus, name='SafeModeStatus'}
2019-09-04 07:20:49,060 [main] INFO  ipc.CallQueueManager (CallQueueManager.java:<init>(84)) - Using callQueue: class java.util.concurrent.LinkedBlockingQueue, queueCapacity: 2000, scheduler: class org.apache.hadoop.ipc.DefaultRpcScheduler, ipcBackoff: false.
2019-09-04 07:20:49,061 [Socket Reader #1 for port 45021] INFO  ipc.Server (Server.java:run(1074)) - Starting Socket Reader #1 for port 45021
2019-09-04 07:20:49,063 [main] INFO  ipc.CallQueueManager (CallQueueManager.java:<init>(84)) - Using callQueue: class java.util.concurrent.LinkedBlockingQueue, queueCapacity: 2000, scheduler: class org.apache.hadoop.ipc.DefaultRpcScheduler, ipcBackoff: false.
2019-09-04 07:20:49,064 [Socket Reader #1 for port 36454] INFO  ipc.Server (Server.java:run(1074)) - Starting Socket Reader #1 for port 36454
2019-09-04 07:20:49,066 [main] INFO  ipc.CallQueueManager (CallQueueManager.java:<init>(84)) - Using callQueue: class java.util.concurrent.LinkedBlockingQueue, queueCapacity: 2000, scheduler: class org.apache.hadoop.ipc.DefaultRpcScheduler, ipcBackoff: false.
2019-09-04 07:20:49,067 [Socket Reader #1 for port 38042] INFO  ipc.Server (Server.java:run(1074)) - Starting Socket Reader #1 for port 38042
2019-09-04 07:20:49,072 [main] INFO  hdfs.DFSUtil (DFSUtil.java:httpServerTemplateForNNAndJN(1641)) - Starting Web-server for scm at: http://0.0.0.0:0
2019-09-04 07:20:49,073 [main] INFO  server.AuthenticationFilter (AuthenticationFilter.java:constructSecretProvider(240)) - Unable to initialize FileSignerSecretProvider, falling back to use random secrets.
2019-09-04 07:20:49,074 [main] WARN  http.HttpRequestLog (HttpRequestLog.java:getRequestLog(97)) - Jetty request log can only be enabled using Log4j
2019-09-04 07:20:49,075 [main] INFO  http.HttpServer2 (HttpServer2.java:addGlobalFilter(975)) - Added global filter 'safety' (class=org.apache.hadoop.http.HttpServer2$QuotingInputFilter)
2019-09-04 07:20:49,076 [main] INFO  http.HttpServer2 (HttpServer2.java:addFilter(948)) - Added filter static_user_filter (class=org.apache.hadoop.http.lib.StaticUserWebFilter$StaticUserFilter) to context scm
2019-09-04 07:20:49,076 [main] INFO  http.HttpServer2 (HttpServer2.java:addFilter(958)) - Added filter static_user_filter (class=org.apache.hadoop.http.lib.StaticUserWebFilter$StaticUserFilter) to context logs
2019-09-04 07:20:49,076 [main] INFO  http.HttpServer2 (HttpServer2.java:addFilter(958)) - Added filter static_user_filter (class=org.apache.hadoop.http.lib.StaticUserWebFilter$StaticUserFilter) to context static
2019-09-04 07:20:49,077 [main] INFO  server.StorageContainerManager (StorageContainerManager.java:start(759)) - StorageContainerLocationProtocol RPC server is listening at /0.0.0.0:38042
2019-09-04 07:20:49,079 [main] WARN  impl.MetricsConfig (MetricsConfig.java:loadFirst(134)) - Cannot locate configuration: tried hadoop-metrics2-storagecontainermanager.properties,hadoop-metrics2.properties
2019-09-04 07:20:49,080 [main] INFO  impl.MetricsSystemImpl (MetricsSystemImpl.java:startTimer(374)) - Scheduled Metric snapshot period at 10 second(s).
2019-09-04 07:20:49,080 [main] INFO  impl.MetricsSystemImpl (MetricsSystemImpl.java:start(191)) - StorageContainerManager metrics system started
2019-09-04 07:20:49,168 [main] INFO  server.SCMClientProtocolServer (SCMClientProtocolServer.java:start(151)) - RPC server for Client  is listening at /0.0.0.0:38042
2019-09-04 07:20:49,168 [IPC Server Responder] INFO  ipc.Server (Server.java:run(1314)) - IPC Server Responder: starting
2019-09-04 07:20:49,168 [IPC Server listener on 38042] INFO  ipc.Server (Server.java:run(1153)) - IPC Server listener on 38042: starting
2019-09-04 07:20:49,172 [main] INFO  server.StorageContainerManager (StorageContainerManager.java:start(769)) - ScmBlockLocationProtocol RPC server is listening at /0.0.0.0:36454
2019-09-04 07:20:49,172 [main] INFO  server.SCMBlockProtocolServer (SCMBlockProtocolServer.java:start(140)) - RPC server for Block Protocol is listening at /0.0.0.0:36454
2019-09-04 07:20:49,172 [IPC Server Responder] INFO  ipc.Server (Server.java:run(1314)) - IPC Server Responder: starting
2019-09-04 07:20:49,173 [IPC Server listener on 36454] INFO  ipc.Server (Server.java:run(1153)) - IPC Server listener on 36454: starting
2019-09-04 07:20:49,175 [main] INFO  server.StorageContainerManager (StorageContainerManager.java:start(773)) - ScmDatanodeProtocl RPC server is listening at /0.0.0.0:45021
2019-09-04 07:20:49,175 [main] INFO  server.SCMDatanodeProtocolServer (SCMDatanodeProtocolServer.java:start(191)) - RPC server for DataNodes is listening at /0.0.0.0:45021
2019-09-04 07:20:49,175 [IPC Server Responder] INFO  ipc.Server (Server.java:run(1314)) - IPC Server Responder: starting
2019-09-04 07:20:49,176 [IPC Server listener on 45021] INFO  ipc.Server (Server.java:run(1153)) - IPC Server listener on 45021: starting
2019-09-04 07:20:49,179 [main] INFO  http.HttpServer2 (HttpServer2.java:bindListener(1191)) - Jetty bound to port 33267
2019-09-04 07:20:49,179 [main] INFO  server.Server (Server.java:doStart(351)) - jetty-9.3.24.v20180605, build timestamp: 2018-06-05T17:11:56Z, git hash: 84205aa28f11a4f31f2a3b86d1bba2cc8ab69827
2019-09-04 07:20:49,181 [main] INFO  handler.ContextHandler (ContextHandler.java:doStart(781)) - Started o.e.j.s.ServletContextHandler@108ed58d{/logs,file:///workdir/hadoop-ozone/integration-test/target/log,AVAILABLE}
2019-09-04 07:20:49,181 [main] INFO  handler.ContextHandler (ContextHandler.java:doStart(781)) - Started o.e.j.s.ServletContextHandler@14fe2e62{/static,file:///workdir/hadoop-ozone/integration-test/target/test-classes/webapps/static,AVAILABLE}
2019-09-04 07:20:49,197 [main] INFO  handler.ContextHandler (ContextHandler.java:doStart(781)) - Started o.e.j.w.WebAppContext@6fd6d887{/,file:///workdir/hadoop-ozone/integration-test/target/test-classes/webapps/scm/,AVAILABLE}{/scm}
2019-09-04 07:20:49,197 [main] INFO  server.AbstractConnector (AbstractConnector.java:doStart(278)) - Started ServerConnector@22e733f5{HTTP/1.1,[http/1.1]}{0.0.0.0:33267}
2019-09-04 07:20:49,199 [main] INFO  server.Server (Server.java:doStart(419)) - Started @683852ms
2019-09-04 07:20:49,200 [main] INFO  server.BaseHttpServer (BaseHttpServer.java:updateConnectorAddress(213)) - HTTP server of SCM is listening at http://0.0.0.0:33267
2019-09-04 07:20:49,201 [main] WARN  server.ServerUtils (ServerUtils.java:getDBPath(222)) - ozone.om.db.dirs is not configured. We recommend adding this setting. Falling back to ozone.metadata.dirs instead.
2019-09-04 07:20:49,201 [org.apache.hadoop.util.JvmPauseMonitor$Monitor@2081c267] INFO  util.JvmPauseMonitor (JvmPauseMonitor.java:run(188)) - Starting JVM pause monitor
2019-09-04 07:20:49,225 [main] WARN  server.ServerUtils (ServerUtils.java:getDBPath(222)) - ozone.om.db.dirs is not configured. We recommend adding this setting. Falling back to ozone.metadata.dirs instead.
2019-09-04 07:20:49,225 [main] WARN  server.ServerUtils (ServerUtils.java:getDBPath(222)) - ozone.om.db.dirs is not configured. We recommend adding this setting. Falling back to ozone.metadata.dirs instead.
2019-09-04 07:20:49,226 [main] INFO  om.OzoneManager (OzoneManager.java:setOMNodeDetails(645)) - OM Service ID is not set. Setting it to the default ID: omServiceIdDefault
2019-09-04 07:20:49,226 [main] INFO  om.OzoneManager (OzoneManager.java:setOMNodeDetails(651)) - OM Node ID is not set. Setting it to the OmStorage's OmID: 1a243962-3aca-4867-83b4-73742376d651
2019-09-04 07:20:49,226 [main] INFO  om.OzoneManager (OzoneManager.java:loadOMHAConfigs(602)) - Found matching OM address with OMServiceId: null, OMNodeId: null, RPC Address: localhost:0 and Ratis port: 9872
2019-09-04 07:20:49,229 | INFO  | SCMAudit | user=jenkins1000 | ip=192.168.34.9 | op=GET_SCM_INFO null | ret=SUCCESS |  
2019-09-04 07:20:49,231 [main] WARN  server.ServerUtils (ServerUtils.java:getDBPath(222)) - ozone.om.db.dirs is not configured. We recommend adding this setting. Falling back to ozone.metadata.dirs instead.
2019-09-04 07:20:49,231 [main] INFO  db.DBStoreBuilder (DBStoreBuilder.java:addTable(110)) - using custom profile for table: userTable
2019-09-04 07:20:49,231 [main] INFO  db.DBStoreBuilder (DBStoreBuilder.java:processTables(161)) - Using default column profile:DBProfile.DISK for Table:userTable
2019-09-04 07:20:49,232 [main] INFO  db.DBStoreBuilder (DBStoreBuilder.java:addTable(110)) - using custom profile for table: volumeTable
2019-09-04 07:20:49,232 [main] INFO  db.DBStoreBuilder (DBStoreBuilder.java:processTables(161)) - Using default column profile:DBProfile.DISK for Table:volumeTable
2019-09-04 07:20:49,232 [main] INFO  db.DBStoreBuilder (DBStoreBuilder.java:addTable(110)) - using custom profile for table: bucketTable
2019-09-04 07:20:49,232 [main] INFO  db.DBStoreBuilder (DBStoreBuilder.java:processTables(161)) - Using default column profile:DBProfile.DISK for Table:bucketTable
2019-09-04 07:20:49,232 [main] INFO  db.DBStoreBuilder (DBStoreBuilder.java:addTable(110)) - using custom profile for table: keyTable
2019-09-04 07:20:49,232 [main] INFO  db.DBStoreBuilder (DBStoreBuilder.java:processTables(161)) - Using default column profile:DBProfile.DISK for Table:keyTable
2019-09-04 07:20:49,233 [main] INFO  db.DBStoreBuilder (DBStoreBuilder.java:addTable(110)) - using custom profile for table: deletedTable
2019-09-04 07:20:49,233 [main] INFO  db.DBStoreBuilder (DBStoreBuilder.java:processTables(161)) - Using default column profile:DBProfile.DISK for Table:deletedTable
2019-09-04 07:20:49,233 [main] INFO  db.DBStoreBuilder (DBStoreBuilder.java:addTable(110)) - using custom profile for table: openKeyTable
2019-09-04 07:20:49,233 [main] INFO  db.DBStoreBuilder (DBStoreBuilder.java:processTables(161)) - Using default column profile:DBProfile.DISK for Table:openKeyTable
2019-09-04 07:20:49,233 [main] INFO  db.DBStoreBuilder (DBStoreBuilder.java:addTable(110)) - using custom profile for table: s3Table
2019-09-04 07:20:49,233 [main] INFO  db.DBStoreBuilder (DBStoreBuilder.java:processTables(161)) - Using default column profile:DBProfile.DISK for Table:s3Table
2019-09-04 07:20:49,233 [main] INFO  db.DBStoreBuilder (DBStoreBuilder.java:addTable(110)) - using custom profile for table: multipartInfoTable
2019-09-04 07:20:49,234 [main] INFO  db.DBStoreBuilder (DBStoreBuilder.java:processTables(161)) - Using default column profile:DBProfile.DISK for Table:multipartInfoTable
2019-09-04 07:20:49,234 [main] INFO  db.DBStoreBuilder (DBStoreBuilder.java:addTable(110)) - using custom profile for table: dTokenTable
2019-09-04 07:20:49,234 [main] INFO  db.DBStoreBuilder (DBStoreBuilder.java:processTables(161)) - Using default column profile:DBProfile.DISK for Table:dTokenTable
2019-09-04 07:20:49,234 [main] INFO  db.DBStoreBuilder (DBStoreBuilder.java:addTable(110)) - using custom profile for table: s3SecretTable
2019-09-04 07:20:49,234 [main] INFO  db.DBStoreBuilder (DBStoreBuilder.java:processTables(161)) - Using default column profile:DBProfile.DISK for Table:s3SecretTable
2019-09-04 07:20:49,234 [main] INFO  db.DBStoreBuilder (DBStoreBuilder.java:addTable(110)) - using custom profile for table: prefixTable
2019-09-04 07:20:49,234 [main] INFO  db.DBStoreBuilder (DBStoreBuilder.java:processTables(161)) - Using default column profile:DBProfile.DISK for Table:prefixTable
2019-09-04 07:20:49,235 [main] INFO  db.DBStoreBuilder (DBStoreBuilder.java:addTable(110)) - using custom profile for table: default
2019-09-04 07:20:49,235 [main] INFO  db.DBStoreBuilder (DBStoreBuilder.java:processTables(167)) - Using default column profile:DBProfile.DISK for Table:default
2019-09-04 07:20:49,235 [main] INFO  db.DBStoreBuilder (DBStoreBuilder.java:getDbProfile(198)) - Using default options. DBProfile.DISK
2019-09-04 07:20:49,973 [main] INFO  ipc.CallQueueManager (CallQueueManager.java:<init>(84)) - Using callQueue: class java.util.concurrent.LinkedBlockingQueue, queueCapacity: 2000, scheduler: class org.apache.hadoop.ipc.DefaultRpcScheduler, ipcBackoff: false.
2019-09-04 07:20:49,974 [Socket Reader #1 for port 46144] INFO  ipc.Server (Server.java:run(1074)) - Starting Socket Reader #1 for port 46144
2019-09-04 07:20:49,994 [main] INFO  om.OzoneManager (OzoneManager.java:start(1256)) - OzoneManager RPC server is listening at localhost/127.0.0.1:46144
2019-09-04 07:20:49,995 [main] INFO  impl.MetricsSystemImpl (MetricsSystemImpl.java:init(158)) - OzoneManager metrics system started (again)
2019-09-04 07:20:49,996 [IPC Server Responder] INFO  ipc.Server (Server.java:run(1314)) - IPC Server Responder: starting
2019-09-04 07:20:49,996 [IPC Server listener on 46144] INFO  ipc.Server (Server.java:run(1153)) - IPC Server listener on 46144: starting
2019-09-04 07:20:50,004 [main] INFO  hdfs.DFSUtil (DFSUtil.java:httpServerTemplateForNNAndJN(1641)) - Starting Web-server for ozoneManager at: http://0.0.0.0:0
2019-09-04 07:20:50,005 [main] INFO  server.AuthenticationFilter (AuthenticationFilter.java:constructSecretProvider(240)) - Unable to initialize FileSignerSecretProvider, falling back to use random secrets.
2019-09-04 07:20:50,006 [main] WARN  http.HttpRequestLog (HttpRequestLog.java:getRequestLog(97)) - Jetty request log can only be enabled using Log4j
2019-09-04 07:20:50,007 [main] INFO  http.HttpServer2 (HttpServer2.java:addGlobalFilter(975)) - Added global filter 'safety' (class=org.apache.hadoop.http.HttpServer2$QuotingInputFilter)
2019-09-04 07:20:50,008 [main] INFO  http.HttpServer2 (HttpServer2.java:addFilter(948)) - Added filter static_user_filter (class=org.apache.hadoop.http.lib.StaticUserWebFilter$StaticUserFilter) to context ozoneManager
2019-09-04 07:20:50,008 [main] INFO  http.HttpServer2 (HttpServer2.java:addFilter(958)) - Added filter static_user_filter (class=org.apache.hadoop.http.lib.StaticUserWebFilter$StaticUserFilter) to context static
2019-09-04 07:20:50,008 [main] INFO  http.HttpServer2 (HttpServer2.java:addFilter(958)) - Added filter static_user_filter (class=org.apache.hadoop.http.lib.StaticUserWebFilter$StaticUserFilter) to context logs
2019-09-04 07:20:50,009 [main] INFO  http.HttpServer2 (HttpServer2.java:bindListener(1191)) - Jetty bound to port 40679
2019-09-04 07:20:50,009 [main] INFO  server.Server (Server.java:doStart(351)) - jetty-9.3.24.v20180605, build timestamp: 2018-06-05T17:11:56Z, git hash: 84205aa28f11a4f31f2a3b86d1bba2cc8ab69827
2019-09-04 07:20:50,011 [main] INFO  handler.ContextHandler (ContextHandler.java:doStart(781)) - Started o.e.j.s.ServletContextHandler@1e31e7e0{/logs,file:///workdir/hadoop-ozone/integration-test/target/log,AVAILABLE}
2019-09-04 07:20:50,012 [main] INFO  handler.ContextHandler (ContextHandler.java:doStart(781)) - Started o.e.j.s.ServletContextHandler@1bbebf8e{/static,file:///workdir/hadoop-ozone/integration-test/target/test-classes/webapps/static,AVAILABLE}
2019-09-04 07:20:50,018 [main] INFO  handler.ContextHandler (ContextHandler.java:doStart(781)) - Started o.e.j.w.WebAppContext@70f446c{/,file:///workdir/hadoop-ozone/integration-test/target/test-classes/webapps/ozoneManager/,AVAILABLE}{/ozoneManager}
2019-09-04 07:20:50,019 [main] INFO  server.AbstractConnector (AbstractConnector.java:doStart(278)) - Started ServerConnector@4e2f6452{HTTP/1.1,[http/1.1]}{0.0.0.0:40679}
2019-09-04 07:20:50,020 [main] INFO  server.Server (Server.java:doStart(419)) - Started @684673ms
2019-09-04 07:20:50,021 [main] INFO  server.BaseHttpServer (BaseHttpServer.java:updateConnectorAddress(213)) - HTTP server of OZONEMANAGER is listening at http://0.0.0.0:40679
2019-09-04 07:20:50,036 [main] INFO  impl.MetricsSystemImpl (MetricsSystemImpl.java:init(158)) - HddsDatanode metrics system started (again)
2019-09-04 07:20:50,039 [main] INFO  ozone.HddsDatanodeService (HddsDatanodeService.java:start(184)) - HddsDatanodeService host:pr-hdds-1569-tfczc-1762686928 ip:192.168.34.9
2019-09-04 07:20:50,051 [main] INFO  volume.HddsVolume (HddsVolume.java:<init>(176)) - Creating Volume: /workdir/hadoop-ozone/integration-test/target/test-dir/MiniOzoneClusterImpl-5d0a0d59-4b77-4b18-84f0-6f2c3eb763cf/datanode-0/data/containers/hdds of  storage type : DISK and capacity : 1482555576320
2019-09-04 07:20:50,051 [main] INFO  volume.VolumeSet (VolumeSet.java:initializeVolumeSet(170)) - Added Volume : /workdir/hadoop-ozone/integration-test/target/test-dir/MiniOzoneClusterImpl-5d0a0d59-4b77-4b18-84f0-6f2c3eb763cf/datanode-0/data/containers/hdds to VolumeSet
2019-09-04 07:20:50,051 [main] INFO  volume.ThrottledAsyncChecker (ThrottledAsyncChecker.java:schedule(140)) - Scheduling a check for org.apache.hadoop.ozone.container.common.volume.HddsVolume@5d852761
2019-09-04 07:20:50,052 [main] INFO  volume.HddsVolumeChecker (HddsVolumeChecker.java:checkAllVolumes(203)) - Scheduled health check for volume org.apache.hadoop.ozone.container.common.volume.HddsVolume@5d852761
2019-09-04 07:20:50,067 [main] INFO  impl.RaftServerProxy (ConfUtils.java:logGet(43)) - raft.rpc.type = GRPC (default)
2019-09-04 07:20:50,067 [main] INFO  grpc.GrpcFactory (GrpcFactory.java:checkPooledByteBufAllocatorUseCacheForAllThreads(45)) - PERFORMANCE WARNING: useCacheForAllThreads is true that may cause Netty to create a lot garbage objects and, as a result, trigger GC.
	It is recommended to disable useCacheForAllThreads by setting -Dorg.apache.ratis.thirdparty.io.netty.allocator.useCacheForAllThreads=false in command line.
2019-09-04 07:20:50,067 [main] INFO  grpc.GrpcConfigKeys$Server (ConfUtils.java:logGet(43)) - raft.grpc.server.port = 0 (default)
2019-09-04 07:20:50,067 [main] INFO  server.GrpcService (ConfUtils.java:logGet(43)) - raft.grpc.message.size.max = 33570816 (custom)
2019-09-04 07:20:50,068 [main] INFO  server.RaftServerConfigKeys (ConfUtils.java:logGet(43)) - raft.server.log.appender.buffer.byte-limit = 33554432 (custom)
2019-09-04 07:20:50,068 [main] INFO  server.GrpcService (ConfUtils.java:logGet(43)) - raft.grpc.flow.control.window = 1MB (=1048576) (default)
2019-09-04 07:20:50,068 [main] INFO  server.RaftServerConfigKeys (ConfUtils.java:logGet(43)) - raft.server.rpc.request.timeout = 3000ms (default)
2019-09-04 07:20:50,068 [main] INFO  server.RaftServerConfigKeys (ConfUtils.java:logGet(43)) - raft.server.storage.dir = [/workdir/hadoop-ozone/integration-test/target/test-dir/MiniOzoneClusterImpl-5d0a0d59-4b77-4b18-84f0-6f2c3eb763cf/datanode-0/data/ratis] (custom)
2019-09-04 07:20:50,069 [main] INFO  replication.SimpleContainerDownloader (SimpleContainerDownloader.java:<init>(72)) - Starting container downloader service to copy containers to replicate.
2019-09-04 07:20:50,070 [main] INFO  hdfs.DFSUtil (DFSUtil.java:httpServerTemplateForNNAndJN(1641)) - Starting Web-server for hddsDatanode at: http://0.0.0.0:0
2019-09-04 07:20:50,071 [main] INFO  server.AuthenticationFilter (AuthenticationFilter.java:constructSecretProvider(240)) - Unable to initialize FileSignerSecretProvider, falling back to use random secrets.
2019-09-04 07:20:50,071 [main] WARN  http.HttpRequestLog (HttpRequestLog.java:getRequestLog(97)) - Jetty request log can only be enabled using Log4j
2019-09-04 07:20:50,072 [main] INFO  http.HttpServer2 (HttpServer2.java:addGlobalFilter(975)) - Added global filter 'safety' (class=org.apache.hadoop.http.HttpServer2$QuotingInputFilter)
2019-09-04 07:20:50,073 [main] INFO  http.HttpServer2 (HttpServer2.java:addFilter(948)) - Added filter static_user_filter (class=org.apache.hadoop.http.lib.StaticUserWebFilter$StaticUserFilter) to context hddsDatanode
2019-09-04 07:20:50,073 [main] INFO  http.HttpServer2 (HttpServer2.java:addFilter(958)) - Added filter static_user_filter (class=org.apache.hadoop.http.lib.StaticUserWebFilter$StaticUserFilter) to context static
2019-09-04 07:20:50,073 [main] INFO  http.HttpServer2 (HttpServer2.java:addFilter(958)) - Added filter static_user_filter (class=org.apache.hadoop.http.lib.StaticUserWebFilter$StaticUserFilter) to context logs
2019-09-04 07:20:50,073 [main] INFO  http.HttpServer2 (HttpServer2.java:bindListener(1191)) - Jetty bound to port 39170
2019-09-04 07:20:50,074 [main] INFO  server.Server (Server.java:doStart(351)) - jetty-9.3.24.v20180605, build timestamp: 2018-06-05T17:11:56Z, git hash: 84205aa28f11a4f31f2a3b86d1bba2cc8ab69827
2019-09-04 07:20:50,075 [main] INFO  handler.ContextHandler (ContextHandler.java:doStart(781)) - Started o.e.j.s.ServletContextHandler@6724f10e{/logs,file:///workdir/hadoop-ozone/integration-test/target/log,AVAILABLE}
2019-09-04 07:20:50,076 [main] INFO  handler.ContextHandler (ContextHandler.java:doStart(781)) - Started o.e.j.s.ServletContextHandler@312cc16b{/static,jar:file:/home/user/.m2/repository/org/apache/hadoop/hadoop-hdds-container-service/0.5.0-SNAPSHOT/hadoop-hdds-container-service-0.5.0-SNAPSHOT.jar!/webapps/static,AVAILABLE}
2019-09-04 07:20:50,103 [main] INFO  handler.ContextHandler (ContextHandler.java:doStart(781)) - Started o.e.j.w.WebAppContext@36dd68f1{/,file:///tmp/jetty-0.0.0.0-39170-hddsDatanode-_-any-207517923568938081.dir/webapp/,AVAILABLE}{/hddsDatanode}
2019-09-04 07:20:50,103 [main] INFO  server.AbstractConnector (AbstractConnector.java:doStart(278)) - Started ServerConnector@4da929ef{HTTP/1.1,[http/1.1]}{0.0.0.0:39170}
2019-09-04 07:20:50,103 [main] INFO  server.Server (Server.java:doStart(419)) - Started @684756ms
2019-09-04 07:20:50,109 [main] INFO  server.BaseHttpServer (BaseHttpServer.java:updateConnectorAddress(213)) - HTTP server of HDDSDATANODE is listening at http://0.0.0.0:39170
2019-09-04 07:20:50,241 | INFO  | ObjectStoreRestHttpServer | Listening HDDS REST traffic on /0.0.0.0:35757 |  
2019-09-04 07:20:50,241 [main] INFO  ozone.HddsDatanodeService (HddsDatanodeService.java:startPlugins(395)) - Started plug-in org.apache.hadoop.ozone.web.OzoneHddsDatanodeService@55af9b48
2019-09-04 07:20:50,242 [main] INFO  impl.MetricsSystemImpl (MetricsSystemImpl.java:init(158)) - HddsDatanode metrics system started (again)
2019-09-04 07:20:50,245 [org.apache.hadoop.util.JvmPauseMonitor$Monitor@6e09ed78] INFO  util.JvmPauseMonitor (JvmPauseMonitor.java:run(188)) - Starting JVM pause monitor
2019-09-04 07:20:50,245 [main] INFO  ozone.HddsDatanodeService (HddsDatanodeService.java:start(184)) - HddsDatanodeService host:pr-hdds-1569-tfczc-1762686928 ip:192.168.34.9
2019-09-04 07:20:50,246 [Datanode State Machine Thread - 0] INFO  datanode.InitDatanodeState (InitDatanodeState.java:persistContainerDatanodeDetails(140)) - DatanodeDetails is persisted to /workdir/hadoop-ozone/integration-test/target/test-dir/MiniOzoneClusterImpl-5d0a0d59-4b77-4b18-84f0-6f2c3eb763cf/datanode-0/meta/datanode.id
2019-09-04 07:20:50,257 [main] INFO  volume.HddsVolume (HddsVolume.java:<init>(176)) - Creating Volume: /workdir/hadoop-ozone/integration-test/target/test-dir/MiniOzoneClusterImpl-5d0a0d59-4b77-4b18-84f0-6f2c3eb763cf/datanode-1/data/containers/hdds of  storage type : DISK and capacity : 1482555576320
2019-09-04 07:20:50,257 [main] INFO  volume.VolumeSet (VolumeSet.java:initializeVolumeSet(170)) - Added Volume : /workdir/hadoop-ozone/integration-test/target/test-dir/MiniOzoneClusterImpl-5d0a0d59-4b77-4b18-84f0-6f2c3eb763cf/datanode-1/data/containers/hdds to VolumeSet
2019-09-04 07:20:50,258 [main] INFO  volume.ThrottledAsyncChecker (ThrottledAsyncChecker.java:schedule(140)) - Scheduling a check for org.apache.hadoop.ozone.container.common.volume.HddsVolume@2620d0dc
2019-09-04 07:20:50,258 [main] INFO  volume.HddsVolumeChecker (HddsVolumeChecker.java:checkAllVolumes(203)) - Scheduled health check for volume org.apache.hadoop.ozone.container.common.volume.HddsVolume@2620d0dc
2019-09-04 07:20:50,273 [main] INFO  impl.RaftServerProxy (ConfUtils.java:logGet(43)) - raft.rpc.type = GRPC (default)
2019-09-04 07:20:50,274 [main] INFO  grpc.GrpcFactory (GrpcFactory.java:checkPooledByteBufAllocatorUseCacheForAllThreads(45)) - PERFORMANCE WARNING: useCacheForAllThreads is true that may cause Netty to create a lot garbage objects and, as a result, trigger GC.
	It is recommended to disable useCacheForAllThreads by setting -Dorg.apache.ratis.thirdparty.io.netty.allocator.useCacheForAllThreads=false in command line.
2019-09-04 07:20:50,274 [main] INFO  grpc.GrpcConfigKeys$Server (ConfUtils.java:logGet(43)) - raft.grpc.server.port = 0 (default)
2019-09-04 07:20:50,274 [main] INFO  server.GrpcService (ConfUtils.java:logGet(43)) - raft.grpc.message.size.max = 33570816 (custom)
2019-09-04 07:20:50,274 [main] INFO  server.RaftServerConfigKeys (ConfUtils.java:logGet(43)) - raft.server.log.appender.buffer.byte-limit = 33554432 (custom)
2019-09-04 07:20:50,274 [main] INFO  server.GrpcService (ConfUtils.java:logGet(43)) - raft.grpc.flow.control.window = 1MB (=1048576) (default)
2019-09-04 07:20:50,275 [main] INFO  server.RaftServerConfigKeys (ConfUtils.java:logGet(43)) - raft.server.rpc.request.timeout = 3000ms (default)
2019-09-04 07:20:50,275 [main] INFO  server.RaftServerConfigKeys (ConfUtils.java:logGet(43)) - raft.server.storage.dir = [/workdir/hadoop-ozone/integration-test/target/test-dir/MiniOzoneClusterImpl-5d0a0d59-4b77-4b18-84f0-6f2c3eb763cf/datanode-1/data/ratis] (custom)
2019-09-04 07:20:50,275 [main] INFO  replication.SimpleContainerDownloader (SimpleContainerDownloader.java:<init>(72)) - Starting container downloader service to copy containers to replicate.
2019-09-04 07:20:50,277 [main] INFO  hdfs.DFSUtil (DFSUtil.java:httpServerTemplateForNNAndJN(1641)) - Starting Web-server for hddsDatanode at: http://0.0.0.0:0
2019-09-04 07:20:50,278 [main] INFO  server.AuthenticationFilter (AuthenticationFilter.java:constructSecretProvider(240)) - Unable to initialize FileSignerSecretProvider, falling back to use random secrets.
2019-09-04 07:20:50,278 [main] WARN  http.HttpRequestLog (HttpRequestLog.java:getRequestLog(97)) - Jetty request log can only be enabled using Log4j
2019-09-04 07:20:50,280 [main] INFO  http.HttpServer2 (HttpServer2.java:addGlobalFilter(975)) - Added global filter 'safety' (class=org.apache.hadoop.http.HttpServer2$QuotingInputFilter)
2019-09-04 07:20:50,280 [main] INFO  http.HttpServer2 (HttpServer2.java:addFilter(948)) - Added filter static_user_filter (class=org.apache.hadoop.http.lib.StaticUserWebFilter$StaticUserFilter) to context hddsDatanode
2019-09-04 07:20:50,280 [main] INFO  http.HttpServer2 (HttpServer2.java:addFilter(958)) - Added filter static_user_filter (class=org.apache.hadoop.http.lib.StaticUserWebFilter$StaticUserFilter) to context logs
2019-09-04 07:20:50,281 [main] INFO  http.HttpServer2 (HttpServer2.java:addFilter(958)) - Added filter static_user_filter (class=org.apache.hadoop.http.lib.StaticUserWebFilter$StaticUserFilter) to context static
2019-09-04 07:20:50,281 [main] INFO  http.HttpServer2 (HttpServer2.java:bindListener(1191)) - Jetty bound to port 43600
2019-09-04 07:20:50,281 [main] INFO  server.Server (Server.java:doStart(351)) - jetty-9.3.24.v20180605, build timestamp: 2018-06-05T17:11:56Z, git hash: 84205aa28f11a4f31f2a3b86d1bba2cc8ab69827
2019-09-04 07:20:50,283 [main] INFO  handler.ContextHandler (ContextHandler.java:doStart(781)) - Started o.e.j.s.ServletContextHandler@5e8ec0d9{/logs,file:///workdir/hadoop-ozone/integration-test/target/log,AVAILABLE}
2019-09-04 07:20:50,283 [main] INFO  handler.ContextHandler (ContextHandler.java:doStart(781)) - Started o.e.j.s.ServletContextHandler@3b47178c{/static,jar:file:/home/user/.m2/repository/org/apache/hadoop/hadoop-hdds-container-service/0.5.0-SNAPSHOT/hadoop-hdds-container-service-0.5.0-SNAPSHOT.jar!/webapps/static,AVAILABLE}
2019-09-04 07:20:50,311 [main] INFO  handler.ContextHandler (ContextHandler.java:doStart(781)) - Started o.e.j.w.WebAppContext@1edad178{/,file:///tmp/jetty-0.0.0.0-43600-hddsDatanode-_-any-5000896866152626271.dir/webapp/,AVAILABLE}{/hddsDatanode}
2019-09-04 07:20:50,311 [main] INFO  server.AbstractConnector (AbstractConnector.java:doStart(278)) - Started ServerConnector@71c1ba6d{HTTP/1.1,[http/1.1]}{0.0.0.0:43600}
2019-09-04 07:20:50,311 [main] INFO  server.Server (Server.java:doStart(419)) - Started @684965ms
2019-09-04 07:20:50,313 [main] INFO  server.BaseHttpServer (BaseHttpServer.java:updateConnectorAddress(213)) - HTTP server of HDDSDATANODE is listening at http://0.0.0.0:43600
2019-09-04 07:20:50,450 | INFO  | ObjectStoreRestHttpServer | Listening HDDS REST traffic on /0.0.0.0:33408 |  
2019-09-04 07:20:50,450 [main] INFO  ozone.HddsDatanodeService (HddsDatanodeService.java:startPlugins(395)) - Started plug-in org.apache.hadoop.ozone.web.OzoneHddsDatanodeService@1e512b3
2019-09-04 07:20:50,450 [main] INFO  impl.MetricsSystemImpl (MetricsSystemImpl.java:init(158)) - HddsDatanode metrics system started (again)
2019-09-04 07:20:50,454 [org.apache.hadoop.util.JvmPauseMonitor$Monitor@71c4e76f] INFO  util.JvmPauseMonitor (JvmPauseMonitor.java:run(188)) - Starting JVM pause monitor
2019-09-04 07:20:50,454 [main] INFO  ozone.HddsDatanodeService (HddsDatanodeService.java:start(184)) - HddsDatanodeService host:pr-hdds-1569-tfczc-1762686928 ip:192.168.34.9
2019-09-04 07:20:50,456 [Datanode State Machine Thread - 0] INFO  datanode.InitDatanodeState (InitDatanodeState.java:persistContainerDatanodeDetails(140)) - DatanodeDetails is persisted to /workdir/hadoop-ozone/integration-test/target/test-dir/MiniOzoneClusterImpl-5d0a0d59-4b77-4b18-84f0-6f2c3eb763cf/datanode-1/meta/datanode.id
2019-09-04 07:20:50,467 [main] INFO  volume.HddsVolume (HddsVolume.java:<init>(176)) - Creating Volume: /workdir/hadoop-ozone/integration-test/target/test-dir/MiniOzoneClusterImpl-5d0a0d59-4b77-4b18-84f0-6f2c3eb763cf/datanode-2/data/containers/hdds of  storage type : DISK and capacity : 1482555576320
2019-09-04 07:20:50,467 [main] INFO  volume.VolumeSet (VolumeSet.java:initializeVolumeSet(170)) - Added Volume : /workdir/hadoop-ozone/integration-test/target/test-dir/MiniOzoneClusterImpl-5d0a0d59-4b77-4b18-84f0-6f2c3eb763cf/datanode-2/data/containers/hdds to VolumeSet
2019-09-04 07:20:50,467 [main] INFO  volume.ThrottledAsyncChecker (ThrottledAsyncChecker.java:schedule(140)) - Scheduling a check for org.apache.hadoop.ozone.container.common.volume.HddsVolume@32daccab
2019-09-04 07:20:50,468 [main] INFO  volume.HddsVolumeChecker (HddsVolumeChecker.java:checkAllVolumes(203)) - Scheduled health check for volume org.apache.hadoop.ozone.container.common.volume.HddsVolume@32daccab
2019-09-04 07:20:50,483 [main] INFO  impl.RaftServerProxy (ConfUtils.java:logGet(43)) - raft.rpc.type = GRPC (default)
2019-09-04 07:20:50,484 [main] INFO  grpc.GrpcFactory (GrpcFactory.java:checkPooledByteBufAllocatorUseCacheForAllThreads(45)) - PERFORMANCE WARNING: useCacheForAllThreads is true that may cause Netty to create a lot garbage objects and, as a result, trigger GC.
	It is recommended to disable useCacheForAllThreads by setting -Dorg.apache.ratis.thirdparty.io.netty.allocator.useCacheForAllThreads=false in command line.
2019-09-04 07:20:50,484 [main] INFO  grpc.GrpcConfigKeys$Server (ConfUtils.java:logGet(43)) - raft.grpc.server.port = 0 (default)
2019-09-04 07:20:50,484 [main] INFO  server.GrpcService (ConfUtils.java:logGet(43)) - raft.grpc.message.size.max = 33570816 (custom)
2019-09-04 07:20:50,484 [main] INFO  server.RaftServerConfigKeys (ConfUtils.java:logGet(43)) - raft.server.log.appender.buffer.byte-limit = 33554432 (custom)
2019-09-04 07:20:50,484 [main] INFO  server.GrpcService (ConfUtils.java:logGet(43)) - raft.grpc.flow.control.window = 1MB (=1048576) (default)
2019-09-04 07:20:50,485 [main] INFO  server.RaftServerConfigKeys (ConfUtils.java:logGet(43)) - raft.server.rpc.request.timeout = 3000ms (default)
2019-09-04 07:20:50,485 [main] INFO  server.RaftServerConfigKeys (ConfUtils.java:logGet(43)) - raft.server.storage.dir = [/workdir/hadoop-ozone/integration-test/target/test-dir/MiniOzoneClusterImpl-5d0a0d59-4b77-4b18-84f0-6f2c3eb763cf/datanode-2/data/ratis] (custom)
2019-09-04 07:20:50,485 [main] INFO  replication.SimpleContainerDownloader (SimpleContainerDownloader.java:<init>(72)) - Starting container downloader service to copy containers to replicate.
2019-09-04 07:20:50,486 [main] INFO  hdfs.DFSUtil (DFSUtil.java:httpServerTemplateForNNAndJN(1641)) - Starting Web-server for hddsDatanode at: http://0.0.0.0:0
2019-09-04 07:20:50,487 [main] INFO  server.AuthenticationFilter (AuthenticationFilter.java:constructSecretProvider(240)) - Unable to initialize FileSignerSecretProvider, falling back to use random secrets.
2019-09-04 07:20:50,488 [main] WARN  http.HttpRequestLog (HttpRequestLog.java:getRequestLog(97)) - Jetty request log can only be enabled using Log4j
2019-09-04 07:20:50,489 [main] INFO  http.HttpServer2 (HttpServer2.java:addGlobalFilter(975)) - Added global filter 'safety' (class=org.apache.hadoop.http.HttpServer2$QuotingInputFilter)
2019-09-04 07:20:50,490 [main] INFO  http.HttpServer2 (HttpServer2.java:addFilter(948)) - Added filter static_user_filter (class=org.apache.hadoop.http.lib.StaticUserWebFilter$StaticUserFilter) to context hddsDatanode
2019-09-04 07:20:50,490 [main] INFO  http.HttpServer2 (HttpServer2.java:addFilter(958)) - Added filter static_user_filter (class=org.apache.hadoop.http.lib.StaticUserWebFilter$StaticUserFilter) to context logs
2019-09-04 07:20:50,490 [main] INFO  http.HttpServer2 (HttpServer2.java:addFilter(958)) - Added filter static_user_filter (class=org.apache.hadoop.http.lib.StaticUserWebFilter$StaticUserFilter) to context static
2019-09-04 07:20:50,490 [main] INFO  http.HttpServer2 (HttpServer2.java:bindListener(1191)) - Jetty bound to port 46139
2019-09-04 07:20:50,491 [main] INFO  server.Server (Server.java:doStart(351)) - jetty-9.3.24.v20180605, build timestamp: 2018-06-05T17:11:56Z, git hash: 84205aa28f11a4f31f2a3b86d1bba2cc8ab69827
2019-09-04 07:20:50,492 [main] INFO  handler.ContextHandler (ContextHandler.java:doStart(781)) - Started o.e.j.s.ServletContextHandler@1bae8e5e{/logs,file:///workdir/hadoop-ozone/integration-test/target/log,AVAILABLE}
2019-09-04 07:20:50,493 [main] INFO  handler.ContextHandler (ContextHandler.java:doStart(781)) - Started o.e.j.s.ServletContextHandler@70d3e710{/static,jar:file:/home/user/.m2/repository/org/apache/hadoop/hadoop-hdds-container-service/0.5.0-SNAPSHOT/hadoop-hdds-container-service-0.5.0-SNAPSHOT.jar!/webapps/static,AVAILABLE}
2019-09-04 07:20:50,520 [main] INFO  handler.ContextHandler (ContextHandler.java:doStart(781)) - Started o.e.j.w.WebAppContext@629e9957{/,file:///tmp/jetty-0.0.0.0-46139-hddsDatanode-_-any-6402945804783608089.dir/webapp/,AVAILABLE}{/hddsDatanode}
2019-09-04 07:20:50,520 [main] INFO  server.AbstractConnector (AbstractConnector.java:doStart(278)) - Started ServerConnector@5decbb5f{HTTP/1.1,[http/1.1]}{0.0.0.0:46139}
2019-09-04 07:20:50,520 [main] INFO  server.Server (Server.java:doStart(419)) - Started @685174ms
2019-09-04 07:20:50,523 [main] INFO  server.BaseHttpServer (BaseHttpServer.java:updateConnectorAddress(213)) - HTTP server of HDDSDATANODE is listening at http://0.0.0.0:46139
2019-09-04 07:20:50,657 | INFO  | ObjectStoreRestHttpServer | Listening HDDS REST traffic on /0.0.0.0:33893 |  
2019-09-04 07:20:50,657 [main] INFO  ozone.HddsDatanodeService (HddsDatanodeService.java:startPlugins(395)) - Started plug-in org.apache.hadoop.ozone.web.OzoneHddsDatanodeService@71ebc2e
2019-09-04 07:20:50,658 [main] INFO  impl.MetricsSystemImpl (MetricsSystemImpl.java:init(158)) - HddsDatanode metrics system started (again)
2019-09-04 07:20:50,662 [org.apache.hadoop.util.JvmPauseMonitor$Monitor@6c258be] INFO  util.JvmPauseMonitor (JvmPauseMonitor.java:run(188)) - Starting JVM pause monitor
2019-09-04 07:20:50,662 [main] INFO  ozone.HddsDatanodeService (HddsDatanodeService.java:start(184)) - HddsDatanodeService host:pr-hdds-1569-tfczc-1762686928 ip:192.168.34.9
2019-09-04 07:20:50,664 [Datanode State Machine Thread - 0] INFO  datanode.InitDatanodeState (InitDatanodeState.java:persistContainerDatanodeDetails(140)) - DatanodeDetails is persisted to /workdir/hadoop-ozone/integration-test/target/test-dir/MiniOzoneClusterImpl-5d0a0d59-4b77-4b18-84f0-6f2c3eb763cf/datanode-2/meta/datanode.id
2019-09-04 07:20:50,675 [main] INFO  volume.HddsVolume (HddsVolume.java:<init>(176)) - Creating Volume: /workdir/hadoop-ozone/integration-test/target/test-dir/MiniOzoneClusterImpl-5d0a0d59-4b77-4b18-84f0-6f2c3eb763cf/datanode-3/data/containers/hdds of  storage type : DISK and capacity : 1482555576320
2019-09-04 07:20:50,676 [main] INFO  volume.VolumeSet (VolumeSet.java:initializeVolumeSet(170)) - Added Volume : /workdir/hadoop-ozone/integration-test/target/test-dir/MiniOzoneClusterImpl-5d0a0d59-4b77-4b18-84f0-6f2c3eb763cf/datanode-3/data/containers/hdds to VolumeSet
2019-09-04 07:20:50,676 [main] INFO  volume.ThrottledAsyncChecker (ThrottledAsyncChecker.java:schedule(140)) - Scheduling a check for org.apache.hadoop.ozone.container.common.volume.HddsVolume@7d710482
2019-09-04 07:20:50,677 [main] INFO  volume.HddsVolumeChecker (HddsVolumeChecker.java:checkAllVolumes(203)) - Scheduled health check for volume org.apache.hadoop.ozone.container.common.volume.HddsVolume@7d710482
2019-09-04 07:20:50,695 [main] INFO  impl.RaftServerProxy (ConfUtils.java:logGet(43)) - raft.rpc.type = GRPC (default)
2019-09-04 07:20:50,696 [main] INFO  grpc.GrpcFactory (GrpcFactory.java:checkPooledByteBufAllocatorUseCacheForAllThreads(45)) - PERFORMANCE WARNING: useCacheForAllThreads is true that may cause Netty to create a lot garbage objects and, as a result, trigger GC.
	It is recommended to disable useCacheForAllThreads by setting -Dorg.apache.ratis.thirdparty.io.netty.allocator.useCacheForAllThreads=false in command line.
2019-09-04 07:20:50,696 [main] INFO  grpc.GrpcConfigKeys$Server (ConfUtils.java:logGet(43)) - raft.grpc.server.port = 0 (default)
2019-09-04 07:20:50,696 [main] INFO  server.GrpcService (ConfUtils.java:logGet(43)) - raft.grpc.message.size.max = 33570816 (custom)
2019-09-04 07:20:50,696 [main] INFO  server.RaftServerConfigKeys (ConfUtils.java:logGet(43)) - raft.server.log.appender.buffer.byte-limit = 33554432 (custom)
2019-09-04 07:20:50,697 [main] INFO  server.GrpcService (ConfUtils.java:logGet(43)) - raft.grpc.flow.control.window = 1MB (=1048576) (default)
2019-09-04 07:20:50,697 [main] INFO  server.RaftServerConfigKeys (ConfUtils.java:logGet(43)) - raft.server.rpc.request.timeout = 3000ms (default)
2019-09-04 07:20:50,697 [main] INFO  server.RaftServerConfigKeys (ConfUtils.java:logGet(43)) - raft.server.storage.dir = [/workdir/hadoop-ozone/integration-test/target/test-dir/MiniOzoneClusterImpl-5d0a0d59-4b77-4b18-84f0-6f2c3eb763cf/datanode-3/data/ratis] (custom)
2019-09-04 07:20:50,698 [main] INFO  replication.SimpleContainerDownloader (SimpleContainerDownloader.java:<init>(72)) - Starting container downloader service to copy containers to replicate.
2019-09-04 07:20:50,699 [main] INFO  hdfs.DFSUtil (DFSUtil.java:httpServerTemplateForNNAndJN(1641)) - Starting Web-server for hddsDatanode at: http://0.0.0.0:0
2019-09-04 07:20:50,701 [main] INFO  server.AuthenticationFilter (AuthenticationFilter.java:constructSecretProvider(240)) - Unable to initialize FileSignerSecretProvider, falling back to use random secrets.
2019-09-04 07:20:50,701 [main] WARN  http.HttpRequestLog (HttpRequestLog.java:getRequestLog(97)) - Jetty request log can only be enabled using Log4j
2019-09-04 07:20:50,703 [main] INFO  http.HttpServer2 (HttpServer2.java:addGlobalFilter(975)) - Added global filter 'safety' (class=org.apache.hadoop.http.HttpServer2$QuotingInputFilter)
2019-09-04 07:20:50,703 [main] INFO  http.HttpServer2 (HttpServer2.java:addFilter(948)) - Added filter static_user_filter (class=org.apache.hadoop.http.lib.StaticUserWebFilter$StaticUserFilter) to context hddsDatanode
2019-09-04 07:20:50,704 [main] INFO  http.HttpServer2 (HttpServer2.java:addFilter(958)) - Added filter static_user_filter (class=org.apache.hadoop.http.lib.StaticUserWebFilter$StaticUserFilter) to context logs
2019-09-04 07:20:50,704 [main] INFO  http.HttpServer2 (HttpServer2.java:addFilter(958)) - Added filter static_user_filter (class=org.apache.hadoop.http.lib.StaticUserWebFilter$StaticUserFilter) to context static
2019-09-04 07:20:50,704 [main] INFO  http.HttpServer2 (HttpServer2.java:bindListener(1191)) - Jetty bound to port 34925
2019-09-04 07:20:50,705 [main] INFO  server.Server (Server.java:doStart(351)) - jetty-9.3.24.v20180605, build timestamp: 2018-06-05T17:11:56Z, git hash: 84205aa28f11a4f31f2a3b86d1bba2cc8ab69827
2019-09-04 07:20:50,707 [main] INFO  handler.ContextHandler (ContextHandler.java:doStart(781)) - Started o.e.j.s.ServletContextHandler@456a0e9e{/logs,file:///workdir/hadoop-ozone/integration-test/target/log,AVAILABLE}
2019-09-04 07:20:50,707 [main] INFO  handler.ContextHandler (ContextHandler.java:doStart(781)) - Started o.e.j.s.ServletContextHandler@18d3e7fc{/static,jar:file:/home/user/.m2/repository/org/apache/hadoop/hadoop-hdds-container-service/0.5.0-SNAPSHOT/hadoop-hdds-container-service-0.5.0-SNAPSHOT.jar!/webapps/static,AVAILABLE}
2019-09-04 07:20:50,736 [main] INFO  handler.ContextHandler (ContextHandler.java:doStart(781)) - Started o.e.j.w.WebAppContext@7a56c3c7{/,file:///tmp/jetty-0.0.0.0-34925-hddsDatanode-_-any-1521862121808814608.dir/webapp/,AVAILABLE}{/hddsDatanode}
2019-09-04 07:20:50,736 [main] INFO  server.AbstractConnector (AbstractConnector.java:doStart(278)) - Started ServerConnector@4105b1d2{HTTP/1.1,[http/1.1]}{0.0.0.0:34925}
2019-09-04 07:20:50,736 [main] INFO  server.Server (Server.java:doStart(419)) - Started @685390ms
2019-09-04 07:20:50,738 [main] INFO  server.BaseHttpServer (BaseHttpServer.java:updateConnectorAddress(213)) - HTTP server of HDDSDATANODE is listening at http://0.0.0.0:34925
2019-09-04 07:20:50,843 | INFO  | ObjectStoreRestHttpServer | Listening HDDS REST traffic on /0.0.0.0:40631 |  
2019-09-04 07:20:50,843 [main] INFO  ozone.HddsDatanodeService (HddsDatanodeService.java:startPlugins(395)) - Started plug-in org.apache.hadoop.ozone.web.OzoneHddsDatanodeService@6383ea52
2019-09-04 07:20:50,843 [main] INFO  impl.MetricsSystemImpl (MetricsSystemImpl.java:init(158)) - HddsDatanode metrics system started (again)
2019-09-04 07:20:50,847 [org.apache.hadoop.util.JvmPauseMonitor$Monitor@6acc21ae] INFO  util.JvmPauseMonitor (JvmPauseMonitor.java:run(188)) - Starting JVM pause monitor
2019-09-04 07:20:50,847 [main] INFO  ozone.HddsDatanodeService (HddsDatanodeService.java:start(184)) - HddsDatanodeService host:pr-hdds-1569-tfczc-1762686928 ip:192.168.34.9
2019-09-04 07:20:50,848 [Datanode State Machine Thread - 0] INFO  datanode.InitDatanodeState (InitDatanodeState.java:persistContainerDatanodeDetails(140)) - DatanodeDetails is persisted to /workdir/hadoop-ozone/integration-test/target/test-dir/MiniOzoneClusterImpl-5d0a0d59-4b77-4b18-84f0-6f2c3eb763cf/datanode-3/meta/datanode.id
2019-09-04 07:20:50,857 [main] INFO  volume.HddsVolume (HddsVolume.java:<init>(176)) - Creating Volume: /workdir/hadoop-ozone/integration-test/target/test-dir/MiniOzoneClusterImpl-5d0a0d59-4b77-4b18-84f0-6f2c3eb763cf/datanode-4/data/containers/hdds of  storage type : DISK and capacity : 1482555576320
2019-09-04 07:20:50,857 [main] INFO  volume.VolumeSet (VolumeSet.java:initializeVolumeSet(170)) - Added Volume : /workdir/hadoop-ozone/integration-test/target/test-dir/MiniOzoneClusterImpl-5d0a0d59-4b77-4b18-84f0-6f2c3eb763cf/datanode-4/data/containers/hdds to VolumeSet
2019-09-04 07:20:50,858 [main] INFO  volume.ThrottledAsyncChecker (ThrottledAsyncChecker.java:schedule(140)) - Scheduling a check for org.apache.hadoop.ozone.container.common.volume.HddsVolume@1e364cea
2019-09-04 07:20:50,858 [main] INFO  volume.HddsVolumeChecker (HddsVolumeChecker.java:checkAllVolumes(203)) - Scheduled health check for volume org.apache.hadoop.ozone.container.common.volume.HddsVolume@1e364cea
2019-09-04 07:20:50,879 [main] INFO  impl.RaftServerProxy (ConfUtils.java:logGet(43)) - raft.rpc.type = GRPC (default)
2019-09-04 07:20:50,879 [main] INFO  grpc.GrpcFactory (GrpcFactory.java:checkPooledByteBufAllocatorUseCacheForAllThreads(45)) - PERFORMANCE WARNING: useCacheForAllThreads is true that may cause Netty to create a lot garbage objects and, as a result, trigger GC.
	It is recommended to disable useCacheForAllThreads by setting -Dorg.apache.ratis.thirdparty.io.netty.allocator.useCacheForAllThreads=false in command line.
2019-09-04 07:20:50,879 [main] INFO  grpc.GrpcConfigKeys$Server (ConfUtils.java:logGet(43)) - raft.grpc.server.port = 0 (default)
2019-09-04 07:20:50,880 [main] INFO  server.GrpcService (ConfUtils.java:logGet(43)) - raft.grpc.message.size.max = 33570816 (custom)
2019-09-04 07:20:50,880 [main] INFO  server.RaftServerConfigKeys (ConfUtils.java:logGet(43)) - raft.server.log.appender.buffer.byte-limit = 33554432 (custom)
2019-09-04 07:20:50,880 [main] INFO  server.GrpcService (ConfUtils.java:logGet(43)) - raft.grpc.flow.control.window = 1MB (=1048576) (default)
2019-09-04 07:20:50,880 [main] INFO  server.RaftServerConfigKeys (ConfUtils.java:logGet(43)) - raft.server.rpc.request.timeout = 3000ms (default)
2019-09-04 07:20:50,881 [main] INFO  server.RaftServerConfigKeys (ConfUtils.java:logGet(43)) - raft.server.storage.dir = [/workdir/hadoop-ozone/integration-test/target/test-dir/MiniOzoneClusterImpl-5d0a0d59-4b77-4b18-84f0-6f2c3eb763cf/datanode-4/data/ratis] (custom)
2019-09-04 07:20:50,881 [main] INFO  replication.SimpleContainerDownloader (SimpleContainerDownloader.java:<init>(72)) - Starting container downloader service to copy containers to replicate.
2019-09-04 07:20:50,883 [main] INFO  hdfs.DFSUtil (DFSUtil.java:httpServerTemplateForNNAndJN(1641)) - Starting Web-server for hddsDatanode at: http://0.0.0.0:0
2019-09-04 07:20:50,884 [main] INFO  server.AuthenticationFilter (AuthenticationFilter.java:constructSecretProvider(240)) - Unable to initialize FileSignerSecretProvider, falling back to use random secrets.
2019-09-04 07:20:50,884 [main] WARN  http.HttpRequestLog (HttpRequestLog.java:getRequestLog(97)) - Jetty request log can only be enabled using Log4j
2019-09-04 07:20:50,885 [main] INFO  http.HttpServer2 (HttpServer2.java:addGlobalFilter(975)) - Added global filter 'safety' (class=org.apache.hadoop.http.HttpServer2$QuotingInputFilter)
2019-09-04 07:20:50,885 [main] INFO  http.HttpServer2 (HttpServer2.java:addFilter(948)) - Added filter static_user_filter (class=org.apache.hadoop.http.lib.StaticUserWebFilter$StaticUserFilter) to context hddsDatanode
2019-09-04 07:20:50,886 [main] INFO  http.HttpServer2 (HttpServer2.java:addFilter(958)) - Added filter static_user_filter (class=org.apache.hadoop.http.lib.StaticUserWebFilter$StaticUserFilter) to context logs
2019-09-04 07:20:50,886 [main] INFO  http.HttpServer2 (HttpServer2.java:addFilter(958)) - Added filter static_user_filter (class=org.apache.hadoop.http.lib.StaticUserWebFilter$StaticUserFilter) to context static
2019-09-04 07:20:50,886 [main] INFO  http.HttpServer2 (HttpServer2.java:bindListener(1191)) - Jetty bound to port 43187
2019-09-04 07:20:50,886 [main] INFO  server.Server (Server.java:doStart(351)) - jetty-9.3.24.v20180605, build timestamp: 2018-06-05T17:11:56Z, git hash: 84205aa28f11a4f31f2a3b86d1bba2cc8ab69827
2019-09-04 07:20:50,888 [main] INFO  handler.ContextHandler (ContextHandler.java:doStart(781)) - Started o.e.j.s.ServletContextHandler@11581810{/logs,file:///workdir/hadoop-ozone/integration-test/target/log,AVAILABLE}
2019-09-04 07:20:50,888 [main] INFO  handler.ContextHandler (ContextHandler.java:doStart(781)) - Started o.e.j.s.ServletContextHandler@4b6b9255{/static,jar:file:/home/user/.m2/repository/org/apache/hadoop/hadoop-hdds-container-service/0.5.0-SNAPSHOT/hadoop-hdds-container-service-0.5.0-SNAPSHOT.jar!/webapps/static,AVAILABLE}
2019-09-04 07:20:50,911 [main] INFO  handler.ContextHandler (ContextHandler.java:doStart(781)) - Started o.e.j.w.WebAppContext@19e78fa{/,file:///tmp/jetty-0.0.0.0-43187-hddsDatanode-_-any-6667467633867577877.dir/webapp/,AVAILABLE}{/hddsDatanode}
2019-09-04 07:20:50,912 [main] INFO  server.AbstractConnector (AbstractConnector.java:doStart(278)) - Started ServerConnector@357f7e2d{HTTP/1.1,[http/1.1]}{0.0.0.0:43187}
2019-09-04 07:20:50,913 [main] INFO  server.Server (Server.java:doStart(419)) - Started @685567ms
2019-09-04 07:20:50,914 [main] INFO  server.BaseHttpServer (BaseHttpServer.java:updateConnectorAddress(213)) - HTTP server of HDDSDATANODE is listening at http://0.0.0.0:43187
2019-09-04 07:20:51,024 | INFO  | ObjectStoreRestHttpServer | Listening HDDS REST traffic on /0.0.0.0:35910 |  
2019-09-04 07:20:51,024 [main] INFO  ozone.HddsDatanodeService (HddsDatanodeService.java:startPlugins(395)) - Started plug-in org.apache.hadoop.ozone.web.OzoneHddsDatanodeService@4d5bfb1a
2019-09-04 07:20:51,024 [main] INFO  impl.MetricsSystemImpl (MetricsSystemImpl.java:init(158)) - HddsDatanode metrics system started (again)
2019-09-04 07:20:51,029 [org.apache.hadoop.util.JvmPauseMonitor$Monitor@611847] INFO  util.JvmPauseMonitor (JvmPauseMonitor.java:run(188)) - Starting JVM pause monitor
2019-09-04 07:20:51,029 [main] INFO  ozone.HddsDatanodeService (HddsDatanodeService.java:start(184)) - HddsDatanodeService host:pr-hdds-1569-tfczc-1762686928 ip:192.168.34.9
2019-09-04 07:20:51,030 [Datanode State Machine Thread - 0] INFO  datanode.InitDatanodeState (InitDatanodeState.java:persistContainerDatanodeDetails(140)) - DatanodeDetails is persisted to /workdir/hadoop-ozone/integration-test/target/test-dir/MiniOzoneClusterImpl-5d0a0d59-4b77-4b18-84f0-6f2c3eb763cf/datanode-4/meta/datanode.id
2019-09-04 07:20:51,040 [main] INFO  volume.HddsVolume (HddsVolume.java:<init>(176)) - Creating Volume: /workdir/hadoop-ozone/integration-test/target/test-dir/MiniOzoneClusterImpl-5d0a0d59-4b77-4b18-84f0-6f2c3eb763cf/datanode-5/data/containers/hdds of  storage type : DISK and capacity : 1482555576320
2019-09-04 07:20:51,040 [main] INFO  volume.VolumeSet (VolumeSet.java:initializeVolumeSet(170)) - Added Volume : /workdir/hadoop-ozone/integration-test/target/test-dir/MiniOzoneClusterImpl-5d0a0d59-4b77-4b18-84f0-6f2c3eb763cf/datanode-5/data/containers/hdds to VolumeSet
2019-09-04 07:20:51,041 [main] INFO  volume.ThrottledAsyncChecker (ThrottledAsyncChecker.java:schedule(140)) - Scheduling a check for org.apache.hadoop.ozone.container.common.volume.HddsVolume@32f0a9c2
2019-09-04 07:20:51,041 [main] INFO  volume.HddsVolumeChecker (HddsVolumeChecker.java:checkAllVolumes(203)) - Scheduled health check for volume org.apache.hadoop.ozone.container.common.volume.HddsVolume@32f0a9c2
2019-09-04 07:20:51,057 [main] INFO  impl.RaftServerProxy (ConfUtils.java:logGet(43)) - raft.rpc.type = GRPC (default)
2019-09-04 07:20:51,057 [main] INFO  grpc.GrpcFactory (GrpcFactory.java:checkPooledByteBufAllocatorUseCacheForAllThreads(45)) - PERFORMANCE WARNING: useCacheForAllThreads is true that may cause Netty to create a lot garbage objects and, as a result, trigger GC.
	It is recommended to disable useCacheForAllThreads by setting -Dorg.apache.ratis.thirdparty.io.netty.allocator.useCacheForAllThreads=false in command line.
2019-09-04 07:20:51,057 [main] INFO  grpc.GrpcConfigKeys$Server (ConfUtils.java:logGet(43)) - raft.grpc.server.port = 0 (default)
2019-09-04 07:20:51,058 [main] INFO  server.GrpcService (ConfUtils.java:logGet(43)) - raft.grpc.message.size.max = 33570816 (custom)
2019-09-04 07:20:51,058 [main] INFO  server.RaftServerConfigKeys (ConfUtils.java:logGet(43)) - raft.server.log.appender.buffer.byte-limit = 33554432 (custom)
2019-09-04 07:20:51,058 [main] INFO  server.GrpcService (ConfUtils.java:logGet(43)) - raft.grpc.flow.control.window = 1MB (=1048576) (default)
2019-09-04 07:20:51,058 [main] INFO  server.RaftServerConfigKeys (ConfUtils.java:logGet(43)) - raft.server.rpc.request.timeout = 3000ms (default)
2019-09-04 07:20:51,058 [main] INFO  server.RaftServerConfigKeys (ConfUtils.java:logGet(43)) - raft.server.storage.dir = [/workdir/hadoop-ozone/integration-test/target/test-dir/MiniOzoneClusterImpl-5d0a0d59-4b77-4b18-84f0-6f2c3eb763cf/datanode-5/data/ratis] (custom)
2019-09-04 07:20:51,059 [main] INFO  replication.SimpleContainerDownloader (SimpleContainerDownloader.java:<init>(72)) - Starting container downloader service to copy containers to replicate.
2019-09-04 07:20:51,060 [main] INFO  hdfs.DFSUtil (DFSUtil.java:httpServerTemplateForNNAndJN(1641)) - Starting Web-server for hddsDatanode at: http://0.0.0.0:0
2019-09-04 07:20:51,061 [main] INFO  server.AuthenticationFilter (AuthenticationFilter.java:constructSecretProvider(240)) - Unable to initialize FileSignerSecretProvider, falling back to use random secrets.
2019-09-04 07:20:51,062 [main] WARN  http.HttpRequestLog (HttpRequestLog.java:getRequestLog(97)) - Jetty request log can only be enabled using Log4j
2019-09-04 07:20:51,063 [main] INFO  http.HttpServer2 (HttpServer2.java:addGlobalFilter(975)) - Added global filter 'safety' (class=org.apache.hadoop.http.HttpServer2$QuotingInputFilter)
2019-09-04 07:20:51,064 [main] INFO  http.HttpServer2 (HttpServer2.java:addFilter(948)) - Added filter static_user_filter (class=org.apache.hadoop.http.lib.StaticUserWebFilter$StaticUserFilter) to context hddsDatanode
2019-09-04 07:20:51,064 [main] INFO  http.HttpServer2 (HttpServer2.java:addFilter(958)) - Added filter static_user_filter (class=org.apache.hadoop.http.lib.StaticUserWebFilter$StaticUserFilter) to context logs
2019-09-04 07:20:51,065 [main] INFO  http.HttpServer2 (HttpServer2.java:addFilter(958)) - Added filter static_user_filter (class=org.apache.hadoop.http.lib.StaticUserWebFilter$StaticUserFilter) to context static
2019-09-04 07:20:51,065 [main] INFO  http.HttpServer2 (HttpServer2.java:bindListener(1191)) - Jetty bound to port 46427
2019-09-04 07:20:51,065 [main] INFO  server.Server (Server.java:doStart(351)) - jetty-9.3.24.v20180605, build timestamp: 2018-06-05T17:11:56Z, git hash: 84205aa28f11a4f31f2a3b86d1bba2cc8ab69827
2019-09-04 07:20:51,067 [main] INFO  handler.ContextHandler (ContextHandler.java:doStart(781)) - Started o.e.j.s.ServletContextHandler@79bc29aa{/logs,file:///workdir/hadoop-ozone/integration-test/target/log,AVAILABLE}
2019-09-04 07:20:51,067 [main] INFO  handler.ContextHandler (ContextHandler.java:doStart(781)) - Started o.e.j.s.ServletContextHandler@38b7b02f{/static,jar:file:/home/user/.m2/repository/org/apache/hadoop/hadoop-hdds-container-service/0.5.0-SNAPSHOT/hadoop-hdds-container-service-0.5.0-SNAPSHOT.jar!/webapps/static,AVAILABLE}
2019-09-04 07:20:51,098 [main] INFO  handler.ContextHandler (ContextHandler.java:doStart(781)) - Started o.e.j.w.WebAppContext@6018ff75{/,file:///tmp/jetty-0.0.0.0-46427-hddsDatanode-_-any-6681248592138729347.dir/webapp/,AVAILABLE}{/hddsDatanode}
2019-09-04 07:20:51,098 [main] INFO  server.AbstractConnector (AbstractConnector.java:doStart(278)) - Started ServerConnector@755dae57{HTTP/1.1,[http/1.1]}{0.0.0.0:46427}
2019-09-04 07:20:51,100 [main] INFO  server.Server (Server.java:doStart(419)) - Started @685753ms
2019-09-04 07:20:51,101 [main] INFO  server.BaseHttpServer (BaseHttpServer.java:updateConnectorAddress(213)) - HTTP server of HDDSDATANODE is listening at http://0.0.0.0:46427
2019-09-04 07:20:51,528 | INFO  | ObjectStoreRestHttpServer | Listening HDDS REST traffic on /0.0.0.0:42983 |  
2019-09-04 07:20:51,528 [main] INFO  ozone.HddsDatanodeService (HddsDatanodeService.java:startPlugins(395)) - Started plug-in org.apache.hadoop.ozone.web.OzoneHddsDatanodeService@33a8f3e7
2019-09-04 07:20:51,528 [main] INFO  impl.MetricsSystemImpl (MetricsSystemImpl.java:init(158)) - HddsDatanode metrics system started (again)
2019-09-04 07:20:51,532 [org.apache.hadoop.util.JvmPauseMonitor$Monitor@5de1a4f8] INFO  util.JvmPauseMonitor (JvmPauseMonitor.java:run(188)) - Starting JVM pause monitor
2019-09-04 07:20:51,532 [main] INFO  ozone.HddsDatanodeService (HddsDatanodeService.java:start(184)) - HddsDatanodeService host:pr-hdds-1569-tfczc-1762686928 ip:192.168.34.9
2019-09-04 07:20:51,533 [Datanode State Machine Thread - 0] INFO  datanode.InitDatanodeState (InitDatanodeState.java:persistContainerDatanodeDetails(140)) - DatanodeDetails is persisted to /workdir/hadoop-ozone/integration-test/target/test-dir/MiniOzoneClusterImpl-5d0a0d59-4b77-4b18-84f0-6f2c3eb763cf/datanode-5/meta/datanode.id
2019-09-04 07:20:51,543 [main] INFO  volume.HddsVolume (HddsVolume.java:<init>(176)) - Creating Volume: /workdir/hadoop-ozone/integration-test/target/test-dir/MiniOzoneClusterImpl-5d0a0d59-4b77-4b18-84f0-6f2c3eb763cf/datanode-6/data/containers/hdds of  storage type : DISK and capacity : 1482555576320
2019-09-04 07:20:51,543 [main] INFO  volume.VolumeSet (VolumeSet.java:initializeVolumeSet(170)) - Added Volume : /workdir/hadoop-ozone/integration-test/target/test-dir/MiniOzoneClusterImpl-5d0a0d59-4b77-4b18-84f0-6f2c3eb763cf/datanode-6/data/containers/hdds to VolumeSet
2019-09-04 07:20:51,543 [main] INFO  volume.ThrottledAsyncChecker (ThrottledAsyncChecker.java:schedule(140)) - Scheduling a check for org.apache.hadoop.ozone.container.common.volume.HddsVolume@79414283
2019-09-04 07:20:51,544 [main] INFO  volume.HddsVolumeChecker (HddsVolumeChecker.java:checkAllVolumes(203)) - Scheduled health check for volume org.apache.hadoop.ozone.container.common.volume.HddsVolume@79414283
2019-09-04 07:20:51,561 [main] INFO  impl.RaftServerProxy (ConfUtils.java:logGet(43)) - raft.rpc.type = GRPC (default)
2019-09-04 07:20:51,561 [main] INFO  grpc.GrpcFactory (GrpcFactory.java:checkPooledByteBufAllocatorUseCacheForAllThreads(45)) - PERFORMANCE WARNING: useCacheForAllThreads is true that may cause Netty to create a lot garbage objects and, as a result, trigger GC.
	It is recommended to disable useCacheForAllThreads by setting -Dorg.apache.ratis.thirdparty.io.netty.allocator.useCacheForAllThreads=false in command line.
2019-09-04 07:20:51,561 [main] INFO  grpc.GrpcConfigKeys$Server (ConfUtils.java:logGet(43)) - raft.grpc.server.port = 0 (default)
2019-09-04 07:20:51,561 [main] INFO  server.GrpcService (ConfUtils.java:logGet(43)) - raft.grpc.message.size.max = 33570816 (custom)
2019-09-04 07:20:51,562 [main] INFO  server.RaftServerConfigKeys (ConfUtils.java:logGet(43)) - raft.server.log.appender.buffer.byte-limit = 33554432 (custom)
2019-09-04 07:20:51,562 [main] INFO  server.GrpcService (ConfUtils.java:logGet(43)) - raft.grpc.flow.control.window = 1MB (=1048576) (default)
2019-09-04 07:20:51,562 [main] INFO  server.RaftServerConfigKeys (ConfUtils.java:logGet(43)) - raft.server.rpc.request.timeout = 3000ms (default)
2019-09-04 07:20:51,562 [main] INFO  server.RaftServerConfigKeys (ConfUtils.java:logGet(43)) - raft.server.storage.dir = [/workdir/hadoop-ozone/integration-test/target/test-dir/MiniOzoneClusterImpl-5d0a0d59-4b77-4b18-84f0-6f2c3eb763cf/datanode-6/data/ratis] (custom)
2019-09-04 07:20:51,563 [main] INFO  replication.SimpleContainerDownloader (SimpleContainerDownloader.java:<init>(72)) - Starting container downloader service to copy containers to replicate.
2019-09-04 07:20:51,564 [main] INFO  hdfs.DFSUtil (DFSUtil.java:httpServerTemplateForNNAndJN(1641)) - Starting Web-server for hddsDatanode at: http://0.0.0.0:0
2019-09-04 07:20:51,565 [main] INFO  server.AuthenticationFilter (AuthenticationFilter.java:constructSecretProvider(240)) - Unable to initialize FileSignerSecretProvider, falling back to use random secrets.
2019-09-04 07:20:51,565 [main] WARN  http.HttpRequestLog (HttpRequestLog.java:getRequestLog(97)) - Jetty request log can only be enabled using Log4j
2019-09-04 07:20:51,566 [main] INFO  http.HttpServer2 (HttpServer2.java:addGlobalFilter(975)) - Added global filter 'safety' (class=org.apache.hadoop.http.HttpServer2$QuotingInputFilter)
2019-09-04 07:20:51,567 [main] INFO  http.HttpServer2 (HttpServer2.java:addFilter(948)) - Added filter static_user_filter (class=org.apache.hadoop.http.lib.StaticUserWebFilter$StaticUserFilter) to context hddsDatanode
2019-09-04 07:20:51,567 [main] INFO  http.HttpServer2 (HttpServer2.java:addFilter(958)) - Added filter static_user_filter (class=org.apache.hadoop.http.lib.StaticUserWebFilter$StaticUserFilter) to context logs
2019-09-04 07:20:51,567 [main] INFO  http.HttpServer2 (HttpServer2.java:addFilter(958)) - Added filter static_user_filter (class=org.apache.hadoop.http.lib.StaticUserWebFilter$StaticUserFilter) to context static
2019-09-04 07:20:51,567 [main] INFO  http.HttpServer2 (HttpServer2.java:bindListener(1191)) - Jetty bound to port 38140
2019-09-04 07:20:51,567 [main] INFO  server.Server (Server.java:doStart(351)) - jetty-9.3.24.v20180605, build timestamp: 2018-06-05T17:11:56Z, git hash: 84205aa28f11a4f31f2a3b86d1bba2cc8ab69827
2019-09-04 07:20:51,569 [main] INFO  handler.ContextHandler (ContextHandler.java:doStart(781)) - Started o.e.j.s.ServletContextHandler@7def2e4f{/logs,file:///workdir/hadoop-ozone/integration-test/target/log,AVAILABLE}
2019-09-04 07:20:51,569 [main] INFO  handler.ContextHandler (ContextHandler.java:doStart(781)) - Started o.e.j.s.ServletContextHandler@22a7d4a2{/static,jar:file:/home/user/.m2/repository/org/apache/hadoop/hadoop-hdds-container-service/0.5.0-SNAPSHOT/hadoop-hdds-container-service-0.5.0-SNAPSHOT.jar!/webapps/static,AVAILABLE}
2019-09-04 07:20:51,593 [main] INFO  handler.ContextHandler (ContextHandler.java:doStart(781)) - Started o.e.j.w.WebAppContext@5995ba6c{/,file:///tmp/jetty-0.0.0.0-38140-hddsDatanode-_-any-2979797722741336888.dir/webapp/,AVAILABLE}{/hddsDatanode}
2019-09-04 07:20:51,593 [main] INFO  server.AbstractConnector (AbstractConnector.java:doStart(278)) - Started ServerConnector@6a6580d6{HTTP/1.1,[http/1.1]}{0.0.0.0:38140}
2019-09-04 07:20:51,597 [main] INFO  server.Server (Server.java:doStart(419)) - Started @686250ms
2019-09-04 07:20:51,598 [main] INFO  server.BaseHttpServer (BaseHttpServer.java:updateConnectorAddress(213)) - HTTP server of HDDSDATANODE is listening at http://0.0.0.0:38140
2019-09-04 07:20:51,697 | INFO  | ObjectStoreRestHttpServer | Listening HDDS REST traffic on /0.0.0.0:44432 |  
2019-09-04 07:20:51,697 [main] INFO  ozone.HddsDatanodeService (HddsDatanodeService.java:startPlugins(395)) - Started plug-in org.apache.hadoop.ozone.web.OzoneHddsDatanodeService@2142754a
2019-09-04 07:20:51,698 [main] INFO  ozone.MiniOzoneClusterImpl (MiniOzoneClusterImpl.java:lambda$waitForClusterToBeReady$0(142)) - Waiting for cluster to be ready. Got 0 of 7 DN Heartbeats.
2019-09-04 07:20:51,699 [org.apache.hadoop.util.JvmPauseMonitor$Monitor@3ad7da02] INFO  util.JvmPauseMonitor (JvmPauseMonitor.java:run(188)) - Starting JVM pause monitor
2019-09-04 07:20:51,700 [Datanode State Machine Thread - 0] INFO  datanode.InitDatanodeState (InitDatanodeState.java:persistContainerDatanodeDetails(140)) - DatanodeDetails is persisted to /workdir/hadoop-ozone/integration-test/target/test-dir/MiniOzoneClusterImpl-5d0a0d59-4b77-4b18-84f0-6f2c3eb763cf/datanode-6/meta/datanode.id
2019-09-04 07:20:52,251 | INFO  | SCMAudit | user=jenkins1000 | ip=192.168.34.9 | op=GET_VERSION null | ret=SUCCESS |  
2019-09-04 07:20:52,268 [Datanode State Machine Thread - 0] INFO  ozoneimpl.OzoneContainer (OzoneContainer.java:start(186)) - Attempting to start container services.
2019-09-04 07:20:52,268 [Datanode State Machine Thread - 0] INFO  ozoneimpl.OzoneContainer (OzoneContainer.java:startContainerScrub(160)) - Background container scrubber has been disabled by hdds.containerscrub.enabled
2019-09-04 07:20:52,268 [Datanode State Machine Thread - 0] INFO  ratis.XceiverServerRatis (XceiverServerRatis.java:start(404)) - Starting XceiverServerRatis 6f223d4e-d516-4842-990f-c73eba4c9f9f at port 0
2019-09-04 07:20:52,276 [Datanode State Machine Thread - 0] INFO  impl.RaftServerProxy (RaftServerProxy.java:lambda$start$3(299)) - 6f223d4e-d516-4842-990f-c73eba4c9f9f: start RPC server
2019-09-04 07:20:52,278 [Datanode State Machine Thread - 0] INFO  server.GrpcService (GrpcService.java:startImpl(149)) - 6f223d4e-d516-4842-990f-c73eba4c9f9f: GrpcService started, listening on 0.0.0.0/0.0.0.0:33264
2019-09-04 07:20:52,278 [Datanode State Machine Thread - 0] INFO  ratis.XceiverServerRatis (XceiverServerRatis.java:start(414)) - XceiverServerRatis 6f223d4e-d516-4842-990f-c73eba4c9f9f is started using port 33264
2019-09-04 07:20:52,283 [Datanode State Machine Thread - 0] INFO  server.XceiverServerGrpc (XceiverServerGrpc.java:start(163)) - XceiverServerGrpc 6f223d4e-d516-4842-990f-c73eba4c9f9f is started using port 43384
2019-09-04 07:20:52,455 | INFO  | SCMAudit | user=jenkins1000 | ip=192.168.34.9 | op=GET_VERSION null | ret=SUCCESS |  
2019-09-04 07:20:52,471 [Datanode State Machine Thread - 0] INFO  ozoneimpl.OzoneContainer (OzoneContainer.java:start(186)) - Attempting to start container services.
2019-09-04 07:20:52,472 [Datanode State Machine Thread - 0] INFO  ozoneimpl.OzoneContainer (OzoneContainer.java:startContainerScrub(160)) - Background container scrubber has been disabled by hdds.containerscrub.enabled
2019-09-04 07:20:52,472 [Datanode State Machine Thread - 0] INFO  ratis.XceiverServerRatis (XceiverServerRatis.java:start(404)) - Starting XceiverServerRatis c405a447-8661-4695-872e-62a6e38cc662 at port 0
2019-09-04 07:20:52,479 [Datanode State Machine Thread - 0] INFO  impl.RaftServerProxy (RaftServerProxy.java:lambda$start$3(299)) - c405a447-8661-4695-872e-62a6e38cc662: start RPC server
2019-09-04 07:20:52,482 [Datanode State Machine Thread - 0] INFO  server.GrpcService (GrpcService.java:startImpl(149)) - c405a447-8661-4695-872e-62a6e38cc662: GrpcService started, listening on 0.0.0.0/0.0.0.0:46527
2019-09-04 07:20:52,482 [Datanode State Machine Thread - 0] INFO  ratis.XceiverServerRatis (XceiverServerRatis.java:start(414)) - XceiverServerRatis c405a447-8661-4695-872e-62a6e38cc662 is started using port 46527
2019-09-04 07:20:52,483 [Datanode State Machine Thread - 0] INFO  server.XceiverServerGrpc (XceiverServerGrpc.java:start(163)) - XceiverServerGrpc c405a447-8661-4695-872e-62a6e38cc662 is started using port 43156
2019-09-04 07:20:52,663 | INFO  | SCMAudit | user=jenkins1000 | ip=192.168.34.9 | op=GET_VERSION null | ret=SUCCESS |  
2019-09-04 07:20:52,676 [Datanode State Machine Thread - 0] INFO  ozoneimpl.OzoneContainer (OzoneContainer.java:start(186)) - Attempting to start container services.
2019-09-04 07:20:52,676 [Datanode State Machine Thread - 0] INFO  ozoneimpl.OzoneContainer (OzoneContainer.java:startContainerScrub(160)) - Background container scrubber has been disabled by hdds.containerscrub.enabled
2019-09-04 07:20:52,676 [Datanode State Machine Thread - 0] INFO  ratis.XceiverServerRatis (XceiverServerRatis.java:start(404)) - Starting XceiverServerRatis e5b5410c-7343-40b8-bab2-826c65acf05b at port 0
2019-09-04 07:20:52,683 [Datanode State Machine Thread - 0] INFO  impl.RaftServerProxy (RaftServerProxy.java:lambda$start$3(299)) - e5b5410c-7343-40b8-bab2-826c65acf05b: start RPC server
2019-09-04 07:20:52,684 [Datanode State Machine Thread - 0] INFO  server.GrpcService (GrpcService.java:startImpl(149)) - e5b5410c-7343-40b8-bab2-826c65acf05b: GrpcService started, listening on 0.0.0.0/0.0.0.0:41099
2019-09-04 07:20:52,684 [Datanode State Machine Thread - 0] INFO  ratis.XceiverServerRatis (XceiverServerRatis.java:start(414)) - XceiverServerRatis e5b5410c-7343-40b8-bab2-826c65acf05b is started using port 41099
2019-09-04 07:20:52,693 [Datanode State Machine Thread - 0] INFO  server.XceiverServerGrpc (XceiverServerGrpc.java:start(163)) - XceiverServerGrpc e5b5410c-7343-40b8-bab2-826c65acf05b is started using port 34428
2019-09-04 07:20:52,698 [main] INFO  ozone.MiniOzoneClusterImpl (MiniOzoneClusterImpl.java:lambda$waitForClusterToBeReady$0(142)) - Waiting for cluster to be ready. Got 0 of 7 DN Heartbeats.
2019-09-04 07:20:52,847 | INFO  | SCMAudit | user=jenkins1000 | ip=192.168.34.9 | op=GET_VERSION null | ret=SUCCESS |  
2019-09-04 07:20:52,872 [Datanode State Machine Thread - 0] INFO  ozoneimpl.OzoneContainer (OzoneContainer.java:start(186)) - Attempting to start container services.
2019-09-04 07:20:52,872 [Datanode State Machine Thread - 0] INFO  ozoneimpl.OzoneContainer (OzoneContainer.java:startContainerScrub(160)) - Background container scrubber has been disabled by hdds.containerscrub.enabled
2019-09-04 07:20:52,872 [Datanode State Machine Thread - 0] INFO  ratis.XceiverServerRatis (XceiverServerRatis.java:start(404)) - Starting XceiverServerRatis 98937b65-337d-44f5-addc-6b2caf521cd7 at port 0
2019-09-04 07:20:52,877 [Datanode State Machine Thread - 0] INFO  impl.RaftServerProxy (RaftServerProxy.java:lambda$start$3(299)) - 98937b65-337d-44f5-addc-6b2caf521cd7: start RPC server
2019-09-04 07:20:52,878 [Datanode State Machine Thread - 0] INFO  server.GrpcService (GrpcService.java:startImpl(149)) - 98937b65-337d-44f5-addc-6b2caf521cd7: GrpcService started, listening on 0.0.0.0/0.0.0.0:46353
2019-09-04 07:20:52,878 [Datanode State Machine Thread - 0] INFO  ratis.XceiverServerRatis (XceiverServerRatis.java:start(414)) - XceiverServerRatis 98937b65-337d-44f5-addc-6b2caf521cd7 is started using port 46353
2019-09-04 07:20:52,878 [Datanode State Machine Thread - 0] INFO  server.XceiverServerGrpc (XceiverServerGrpc.java:start(163)) - XceiverServerGrpc 98937b65-337d-44f5-addc-6b2caf521cd7 is started using port 43295
2019-09-04 07:20:53,029 | INFO  | SCMAudit | user=jenkins1000 | ip=192.168.34.9 | op=GET_VERSION null | ret=SUCCESS |  
2019-09-04 07:20:53,074 [Datanode State Machine Thread - 0] INFO  ozoneimpl.OzoneContainer (OzoneContainer.java:start(186)) - Attempting to start container services.
2019-09-04 07:20:53,074 [Datanode State Machine Thread - 0] INFO  ozoneimpl.OzoneContainer (OzoneContainer.java:startContainerScrub(160)) - Background container scrubber has been disabled by hdds.containerscrub.enabled
2019-09-04 07:20:53,074 [Datanode State Machine Thread - 0] INFO  ratis.XceiverServerRatis (XceiverServerRatis.java:start(404)) - Starting XceiverServerRatis 86a5a05f-5180-4464-ac5c-93670ce4c4ec at port 0
2019-09-04 07:20:53,080 [Datanode State Machine Thread - 0] INFO  impl.RaftServerProxy (RaftServerProxy.java:lambda$start$3(299)) - 86a5a05f-5180-4464-ac5c-93670ce4c4ec: start RPC server
2019-09-04 07:20:53,081 [Datanode State Machine Thread - 0] INFO  server.GrpcService (GrpcService.java:startImpl(149)) - 86a5a05f-5180-4464-ac5c-93670ce4c4ec: GrpcService started, listening on 0.0.0.0/0.0.0.0:33782
2019-09-04 07:20:53,081 [Datanode State Machine Thread - 0] INFO  ratis.XceiverServerRatis (XceiverServerRatis.java:start(414)) - XceiverServerRatis 86a5a05f-5180-4464-ac5c-93670ce4c4ec is started using port 33782
2019-09-04 07:20:53,081 [Datanode State Machine Thread - 0] INFO  server.XceiverServerGrpc (XceiverServerGrpc.java:start(163)) - XceiverServerGrpc 86a5a05f-5180-4464-ac5c-93670ce4c4ec is started using port 36655
2019-09-04 07:20:53,533 | INFO  | SCMAudit | user=jenkins1000 | ip=192.168.34.9 | op=GET_VERSION null | ret=SUCCESS |  
2019-09-04 07:20:53,547 [Datanode State Machine Thread - 0] INFO  ozoneimpl.OzoneContainer (OzoneContainer.java:start(186)) - Attempting to start container services.
2019-09-04 07:20:53,547 [Datanode State Machine Thread - 0] INFO  ozoneimpl.OzoneContainer (OzoneContainer.java:startContainerScrub(160)) - Background container scrubber has been disabled by hdds.containerscrub.enabled
2019-09-04 07:20:53,547 [Datanode State Machine Thread - 0] INFO  ratis.XceiverServerRatis (XceiverServerRatis.java:start(404)) - Starting XceiverServerRatis 7a11b573-71f8-4ea4-abf9-99486384f03f at port 0
2019-09-04 07:20:53,553 [Datanode State Machine Thread - 0] INFO  impl.RaftServerProxy (RaftServerProxy.java:lambda$start$3(299)) - 7a11b573-71f8-4ea4-abf9-99486384f03f: start RPC server
2019-09-04 07:20:53,554 [Datanode State Machine Thread - 0] INFO  server.GrpcService (GrpcService.java:startImpl(149)) - 7a11b573-71f8-4ea4-abf9-99486384f03f: GrpcService started, listening on 0.0.0.0/0.0.0.0:39275
2019-09-04 07:20:53,554 [Datanode State Machine Thread - 0] INFO  ratis.XceiverServerRatis (XceiverServerRatis.java:start(414)) - XceiverServerRatis 7a11b573-71f8-4ea4-abf9-99486384f03f is started using port 39275
2019-09-04 07:20:53,554 [Datanode State Machine Thread - 0] INFO  server.XceiverServerGrpc (XceiverServerGrpc.java:start(163)) - XceiverServerGrpc 7a11b573-71f8-4ea4-abf9-99486384f03f is started using port 40799
2019-09-04 07:20:53,698 [main] INFO  ozone.MiniOzoneClusterImpl (MiniOzoneClusterImpl.java:lambda$waitForClusterToBeReady$0(142)) - Waiting for cluster to be ready. Got 0 of 7 DN Heartbeats.
2019-09-04 07:20:53,699 | INFO  | SCMAudit | user=jenkins1000 | ip=192.168.34.9 | op=GET_VERSION null | ret=SUCCESS |  
2019-09-04 07:20:53,713 [Datanode State Machine Thread - 0] INFO  ozoneimpl.OzoneContainer (OzoneContainer.java:start(186)) - Attempting to start container services.
2019-09-04 07:20:53,714 [Datanode State Machine Thread - 0] INFO  ozoneimpl.OzoneContainer (OzoneContainer.java:startContainerScrub(160)) - Background container scrubber has been disabled by hdds.containerscrub.enabled
2019-09-04 07:20:53,714 [Datanode State Machine Thread - 0] INFO  ratis.XceiverServerRatis (XceiverServerRatis.java:start(404)) - Starting XceiverServerRatis 06c36665-71bf-45ab-8d97-17e8e1570553 at port 0
2019-09-04 07:20:53,720 [Datanode State Machine Thread - 0] INFO  impl.RaftServerProxy (RaftServerProxy.java:lambda$start$3(299)) - 06c36665-71bf-45ab-8d97-17e8e1570553: start RPC server
2019-09-04 07:20:53,723 [Datanode State Machine Thread - 0] INFO  server.GrpcService (GrpcService.java:startImpl(149)) - 06c36665-71bf-45ab-8d97-17e8e1570553: GrpcService started, listening on 0.0.0.0/0.0.0.0:40418
2019-09-04 07:20:53,723 [Datanode State Machine Thread - 0] INFO  ratis.XceiverServerRatis (XceiverServerRatis.java:start(414)) - XceiverServerRatis 06c36665-71bf-45ab-8d97-17e8e1570553 is started using port 40418
2019-09-04 07:20:53,725 [Datanode State Machine Thread - 0] INFO  server.XceiverServerGrpc (XceiverServerGrpc.java:start(163)) - XceiverServerGrpc 06c36665-71bf-45ab-8d97-17e8e1570553 is started using port 42674
2019-09-04 07:20:54,255 [IPC Server handler 16 on 45021] INFO  net.NetworkTopology (NetworkTopologyImpl.java:add(110)) - Added a new node: /default-rack/6f223d4e-d516-4842-990f-c73eba4c9f9f
2019-09-04 07:20:54,257 [IPC Server handler 16 on 45021] INFO  node.SCMNodeManager (SCMNodeManager.java:register(273)) - Registered Data node : 6f223d4e-d516-4842-990f-c73eba4c9f9f{ip: 192.168.34.9, host: pr-hdds-1569-tfczc-1762686928, networkLocation: /default-rack, certSerialId: null}
2019-09-04 07:20:54,260 [EventQueue-NodeRegistrationContainerReportForDataNodeSafeModeRule] INFO  safemode.SCMSafeModeManager (DataNodeSafeModeRule.java:process(71)) - SCM in safe mode. 1 DataNodes registered, 1 required.
2019-09-04 07:20:54,260 | INFO  | SCMAudit | user=jenkins1000 | ip=192.168.34.9 | op=REGISTER {datanodeDetails=6f223d4e-d516-4842-990f-c73eba4c9f9f{ip: 192.168.34.9, host: pr-hdds-1569-tfczc-1762686928, networkLocation: /default-rack, certSerialId: null}} | ret=SUCCESS |  
2019-09-04 07:20:54,261 [EventQueue-NodeRegistrationContainerReportForDataNodeSafeModeRule] INFO  safemode.SCMSafeModeManager (SCMSafeModeManager.java:validateSafeModeExitRules(177)) - ScmSafeModeManager, all rules are successfully validated
2019-09-04 07:20:54,261 [EventQueue-NodeRegistrationContainerReportForDataNodeSafeModeRule] INFO  safemode.SCMSafeModeManager (SCMSafeModeManager.java:exitSafeMode(193)) - SCM exiting safe mode.
2019-09-04 07:20:54,279 [grpc-default-executor-11] INFO  impl.RaftServerProxy (RaftServerProxy.java:addNew(89)) - 6f223d4e-d516-4842-990f-c73eba4c9f9f: addNew group-ED858F99DF87:[6f223d4e-d516-4842-990f-c73eba4c9f9f:192.168.34.9:33264] returns group-ED858F99DF87:java.util.concurrent.CompletableFuture@68cf5075[Not completed]
2019-09-04 07:20:54,280 [pool-633-thread-1] INFO  impl.RaftServerImpl (RaftServerImpl.java:<init>(93)) - 6f223d4e-d516-4842-990f-c73eba4c9f9f: new RaftServerImpl for group-ED858F99DF87:[6f223d4e-d516-4842-990f-c73eba4c9f9f:192.168.34.9:33264] with ContainerStateMachine:uninitialized
2019-09-04 07:20:54,280 [pool-633-thread-1] INFO  server.RaftServerConfigKeys (ConfUtils.java:logGet(43)) - raft.server.rpc.timeout.min = 5s (custom)
2019-09-04 07:20:54,280 [pool-633-thread-1] INFO  server.RaftServerConfigKeys (ConfUtils.java:logGet(43)) - raft.server.rpc.timeout.max = 5200ms (custom)
2019-09-04 07:20:54,280 [pool-633-thread-1] INFO  server.RaftServerConfigKeys (ConfUtils.java:logGet(43)) - raft.server.rpcslowness.timeout = 120s (custom)
2019-09-04 07:20:54,281 [pool-633-thread-1] INFO  server.RaftServerConfigKeys (ConfUtils.java:logGet(43)) - raft.server.sleep.deviation.threshold = 300 (default)
2019-09-04 07:20:54,281 [pool-633-thread-1] INFO  server.RaftServerConfigKeys (ConfUtils.java:logGet(43)) - raft.server.log.appender.install.snapshot.enabled = false (custom)
2019-09-04 07:20:54,281 [pool-633-thread-1] INFO  impl.RaftServerImpl (ServerState.java:<init>(105)) - 6f223d4e-d516-4842-990f-c73eba4c9f9f:group-ED858F99DF87 ConfigurationManager, init=-1: [6f223d4e-d516-4842-990f-c73eba4c9f9f:192.168.34.9:33264], old=null, confs=<EMPTY_MAP>
2019-09-04 07:20:54,281 [pool-633-thread-1] INFO  server.RaftServerConfigKeys (ConfUtils.java:logGet(43)) - raft.server.storage.dir = [/workdir/hadoop-ozone/integration-test/target/test-dir/MiniOzoneClusterImpl-5d0a0d59-4b77-4b18-84f0-6f2c3eb763cf/datanode-0/data/ratis] (custom)
2019-09-04 07:20:54,282 [pool-633-thread-1] INFO  storage.RaftStorageDirectory (RaftStorageDirectory.java:analyzeStorage(246)) - The storage directory /workdir/hadoop-ozone/integration-test/target/test-dir/MiniOzoneClusterImpl-5d0a0d59-4b77-4b18-84f0-6f2c3eb763cf/datanode-0/data/ratis/65a13a11-e895-456e-a4f9-ed858f99df87 does not exist. Creating ...
2019-09-04 07:20:54,306 [pool-633-thread-1] INFO  storage.RaftStorageDirectory (RaftStorageDirectory.java:tryLock(328)) - Lock on /workdir/hadoop-ozone/integration-test/target/test-dir/MiniOzoneClusterImpl-5d0a0d59-4b77-4b18-84f0-6f2c3eb763cf/datanode-0/data/ratis/65a13a11-e895-456e-a4f9-ed858f99df87/in_use.lock acquired by nodename 11922@pr-hdds-1569-tfczc-1762686928
2019-09-04 07:20:54,329 [pool-633-thread-1] INFO  storage.RaftStorage (RaftStorage.java:format(72)) - Storage directory /workdir/hadoop-ozone/integration-test/target/test-dir/MiniOzoneClusterImpl-5d0a0d59-4b77-4b18-84f0-6f2c3eb763cf/datanode-0/data/ratis/65a13a11-e895-456e-a4f9-ed858f99df87 has been successfully formatted.
2019-09-04 07:20:54,329 [pool-633-thread-1] INFO  ratis.ContainerStateMachine (ContainerStateMachine.java:loadSnapshot(226)) - group-ED858F99DF87: The snapshot info is null. Setting the last applied indexto:(t:0, i:~)
2019-09-04 07:20:54,329 [pool-633-thread-1] INFO  server.RaftServerConfigKeys (ConfUtils.java:logGet(43)) - raft.server.leader.election.timeout = 120s (custom)
2019-09-04 07:20:54,329 [pool-633-thread-1] INFO  server.RaftServerConfigKeys (ConfUtils.java:logGet(43)) - raft.server.log.use.memory = false (default)
2019-09-04 07:20:54,329 [pool-633-thread-1] INFO  server.RaftServerConfigKeys (ConfUtils.java:logGet(43)) - raft.server.log.purge.gap = 1000000 (custom)
2019-09-04 07:20:54,330 [pool-633-thread-1] INFO  server.RaftServerConfigKeys (ConfUtils.java:logGet(43)) - raft.server.log.appender.buffer.byte-limit = 33554432 (custom)
2019-09-04 07:20:54,330 [pool-633-thread-1] INFO  server.RaftServerConfigKeys (ConfUtils.java:logGet(43)) - raft.server.log.segment.size.max = 1048576 (custom)
2019-09-04 07:20:54,330 [pool-633-thread-1] INFO  server.RaftServerConfigKeys (ConfUtils.java:logGet(43)) - raft.server.log.segment.cache.num.max = 2 (custom)
2019-09-04 07:20:54,330 [pool-633-thread-1] INFO  segmented.SegmentedRaftLogWorker (SegmentedRaftLogWorker.java:<init>(172)) - new 6f223d4e-d516-4842-990f-c73eba4c9f9f-SegmentedRaftLogWorker:Storage Directory /workdir/hadoop-ozone/integration-test/target/test-dir/MiniOzoneClusterImpl-5d0a0d59-4b77-4b18-84f0-6f2c3eb763cf/datanode-0/data/ratis/65a13a11-e895-456e-a4f9-ed858f99df87 for RaftStorage:Storage Directory /workdir/hadoop-ozone/integration-test/target/test-dir/MiniOzoneClusterImpl-5d0a0d59-4b77-4b18-84f0-6f2c3eb763cf/datanode-0/data/ratis/65a13a11-e895-456e-a4f9-ed858f99df87
2019-09-04 07:20:54,330 [pool-633-thread-1] INFO  server.RaftServerConfigKeys (ConfUtils.java:logGet(43)) - raft.server.log.queue.byte-limit = 2147483647 (custom)
2019-09-04 07:20:54,330 [pool-633-thread-1] INFO  server.RaftServerConfigKeys (ConfUtils.java:logGet(43)) - raft.server.log.queue.element-limit = 1024 (custom)
2019-09-04 07:20:54,331 [pool-633-thread-1] INFO  server.RaftServerConfigKeys (ConfUtils.java:logGet(43)) - raft.server.log.segment.size.max = 1048576 (custom)
2019-09-04 07:20:54,331 [pool-633-thread-1] INFO  server.RaftServerConfigKeys (ConfUtils.java:logGet(43)) - raft.server.log.preallocated.size = 16384 (custom)
2019-09-04 07:20:54,331 [pool-633-thread-1] INFO  server.RaftServerConfigKeys (ConfUtils.java:logGet(43)) - raft.server.log.write.buffer.size = 33554432 (custom)
2019-09-04 07:20:54,331 [pool-633-thread-1] INFO  server.RaftServerConfigKeys (ConfUtils.java:logGet(43)) - raft.server.log.force.sync.num = 128 (default)
2019-09-04 07:20:54,331 [pool-633-thread-1] INFO  server.RaftServerConfigKeys (ConfUtils.java:logGet(43)) - raft.server.log.statemachine.data.sync = true (default)
2019-09-04 07:20:54,331 [pool-633-thread-1] INFO  server.RaftServerConfigKeys (ConfUtils.java:logGet(43)) - raft.server.log.statemachine.data.sync.timeout = 10s (default)
2019-09-04 07:20:54,331 [pool-633-thread-1] INFO  server.RaftServerConfigKeys (ConfUtils.java:logGet(43)) - raft.server.log.statemachine.data.sync.timeout.retry = -1 (default)
2019-09-04 07:20:54,332 [pool-633-thread-1] INFO  server.RaftServerConfigKeys (ConfUtils.java:logGet(43)) - raft.server.log.statemachine.data.caching.enabled = true (custom)
2019-09-04 07:20:54,332 [pool-633-thread-1] INFO  segmented.SegmentedRaftLogWorker (SegmentedRaftLogWorker.java:lambda$new$0(132)) - 6f223d4e-d516-4842-990f-c73eba4c9f9f-SegmentedRaftLogWorker:Storage Directory /workdir/hadoop-ozone/integration-test/target/test-dir/MiniOzoneClusterImpl-5d0a0d59-4b77-4b18-84f0-6f2c3eb763cf/datanode-0/data/ratis/65a13a11-e895-456e-a4f9-ed858f99df87: flushIndex: setUnconditionally 0 -> -1
2019-09-04 07:20:54,333 [pool-633-thread-1] INFO  server.RaftServerConfigKeys (ConfUtils.java:logGet(43)) - raft.server.snapshot.auto.trigger.enabled = true (custom)
2019-09-04 07:20:54,333 [pool-633-thread-1] INFO  server.RaftServerConfigKeys (ConfUtils.java:logGet(43)) - raft.server.snapshot.auto.trigger.threshold = 10000 (custom)
2019-09-04 07:20:54,333 [pool-633-thread-1] INFO  server.RaftServerConfigKeys (ConfUtils.java:logGet(43)) - raft.server.retrycache.expirytime = 600000ms (custom)
2019-09-04 07:20:54,333 [pool-633-thread-1] INFO  impl.RaftServerImpl (RaftServerImpl.java:start(180)) - 6f223d4e-d516-4842-990f-c73eba4c9f9f: start group-ED858F99DF87
2019-09-04 07:20:54,333 [pool-633-thread-1] INFO  impl.RaftServerImpl (RaftServerImpl.java:setRole(171)) - 6f223d4e-d516-4842-990f-c73eba4c9f9f:group-ED858F99DF87 changes role from null to FOLLOWER at term 0 for startAsFollower
2019-09-04 07:20:54,333 [pool-633-thread-1] INFO  impl.RoleInfo (RoleInfo.java:updateAndGet(143)) - 6f223d4e-d516-4842-990f-c73eba4c9f9f: start FollowerState
2019-09-04 07:20:54,334 [pool-633-thread-1] INFO  util.JmxRegister (JmxRegister.java:tryRegister(44)) - Successfully registered JMX Bean with object name Ratis:service=RaftServer,group=group-ED858F99DF87,id=6f223d4e-d516-4842-990f-c73eba4c9f9f
2019-09-04 07:20:54,336 [RatisPipelineUtilsThread] INFO  pipeline.PipelineStateManager (PipelineStateManager.java:addPipeline(56)) - Created pipeline Pipeline[ Id: 65a13a11-e895-456e-a4f9-ed858f99df87, Nodes: 6f223d4e-d516-4842-990f-c73eba4c9f9f{ip: 192.168.34.9, host: pr-hdds-1569-tfczc-1762686928, networkLocation: /default-rack, certSerialId: null}, Type:RATIS, Factor:ONE, State:OPEN]
2019-09-04 07:20:54,455 [IPC Server handler 6 on 45021] INFO  net.NetworkTopology (NetworkTopologyImpl.java:add(110)) - Added a new node: /default-rack/c405a447-8661-4695-872e-62a6e38cc662
2019-09-04 07:20:54,455 [IPC Server handler 6 on 45021] INFO  node.SCMNodeManager (SCMNodeManager.java:register(273)) - Registered Data node : c405a447-8661-4695-872e-62a6e38cc662{ip: 192.168.34.9, host: pr-hdds-1569-tfczc-1762686928, networkLocation: /default-rack, certSerialId: null}
2019-09-04 07:20:54,456 | INFO  | SCMAudit | user=jenkins1000 | ip=192.168.34.9 | op=REGISTER {datanodeDetails=c405a447-8661-4695-872e-62a6e38cc662{ip: 192.168.34.9, host: pr-hdds-1569-tfczc-1762686928, networkLocation: /default-rack, certSerialId: null}} | ret=SUCCESS |  
2019-09-04 07:20:54,463 [grpc-default-executor-11] INFO  impl.RaftServerProxy (RaftServerProxy.java:addNew(89)) - c405a447-8661-4695-872e-62a6e38cc662: addNew group-F147692EF869:[c405a447-8661-4695-872e-62a6e38cc662:192.168.34.9:46527] returns group-F147692EF869:java.util.concurrent.CompletableFuture@31810958[Not completed]
2019-09-04 07:20:54,464 [pool-644-thread-1] INFO  impl.RaftServerImpl (RaftServerImpl.java:<init>(93)) - c405a447-8661-4695-872e-62a6e38cc662: new RaftServerImpl for group-F147692EF869:[c405a447-8661-4695-872e-62a6e38cc662:192.168.34.9:46527] with ContainerStateMachine:uninitialized
2019-09-04 07:20:54,464 [pool-644-thread-1] INFO  server.RaftServerConfigKeys (ConfUtils.java:logGet(43)) - raft.server.rpc.timeout.min = 5s (custom)
2019-09-04 07:20:54,464 [pool-644-thread-1] INFO  server.RaftServerConfigKeys (ConfUtils.java:logGet(43)) - raft.server.rpc.timeout.max = 5200ms (custom)
2019-09-04 07:20:54,465 [pool-644-thread-1] INFO  server.RaftServerConfigKeys (ConfUtils.java:logGet(43)) - raft.server.rpcslowness.timeout = 120s (custom)
2019-09-04 07:20:54,465 [pool-644-thread-1] INFO  server.RaftServerConfigKeys (ConfUtils.java:logGet(43)) - raft.server.sleep.deviation.threshold = 300 (default)
2019-09-04 07:20:54,465 [pool-644-thread-1] INFO  server.RaftServerConfigKeys (ConfUtils.java:logGet(43)) - raft.server.log.appender.install.snapshot.enabled = false (custom)
2019-09-04 07:20:54,465 [pool-644-thread-1] INFO  impl.RaftServerImpl (ServerState.java:<init>(105)) - c405a447-8661-4695-872e-62a6e38cc662:group-F147692EF869 ConfigurationManager, init=-1: [c405a447-8661-4695-872e-62a6e38cc662:192.168.34.9:46527], old=null, confs=<EMPTY_MAP>
2019-09-04 07:20:54,465 [pool-644-thread-1] INFO  server.RaftServerConfigKeys (ConfUtils.java:logGet(43)) - raft.server.storage.dir = [/workdir/hadoop-ozone/integration-test/target/test-dir/MiniOzoneClusterImpl-5d0a0d59-4b77-4b18-84f0-6f2c3eb763cf/datanode-1/data/ratis] (custom)
2019-09-04 07:20:54,466 [pool-644-thread-1] INFO  storage.RaftStorageDirectory (RaftStorageDirectory.java:analyzeStorage(246)) - The storage directory /workdir/hadoop-ozone/integration-test/target/test-dir/MiniOzoneClusterImpl-5d0a0d59-4b77-4b18-84f0-6f2c3eb763cf/datanode-1/data/ratis/76786352-10ed-49a1-897c-f147692ef869 does not exist. Creating ...
2019-09-04 07:20:54,479 [pool-644-thread-1] INFO  storage.RaftStorageDirectory (RaftStorageDirectory.java:tryLock(328)) - Lock on /workdir/hadoop-ozone/integration-test/target/test-dir/MiniOzoneClusterImpl-5d0a0d59-4b77-4b18-84f0-6f2c3eb763cf/datanode-1/data/ratis/76786352-10ed-49a1-897c-f147692ef869/in_use.lock acquired by nodename 11922@pr-hdds-1569-tfczc-1762686928
2019-09-04 07:20:54,493 [pool-644-thread-1] INFO  storage.RaftStorage (RaftStorage.java:format(72)) - Storage directory /workdir/hadoop-ozone/integration-test/target/test-dir/MiniOzoneClusterImpl-5d0a0d59-4b77-4b18-84f0-6f2c3eb763cf/datanode-1/data/ratis/76786352-10ed-49a1-897c-f147692ef869 has been successfully formatted.
2019-09-04 07:20:54,493 [pool-644-thread-1] INFO  ratis.ContainerStateMachine (ContainerStateMachine.java:loadSnapshot(226)) - group-F147692EF869: The snapshot info is null. Setting the last applied indexto:(t:0, i:~)
2019-09-04 07:20:54,493 [pool-644-thread-1] INFO  server.RaftServerConfigKeys (ConfUtils.java:logGet(43)) - raft.server.leader.election.timeout = 120s (custom)
2019-09-04 07:20:54,493 [pool-644-thread-1] INFO  server.RaftServerConfigKeys (ConfUtils.java:logGet(43)) - raft.server.log.use.memory = false (default)
2019-09-04 07:20:54,493 [pool-644-thread-1] INFO  server.RaftServerConfigKeys (ConfUtils.java:logGet(43)) - raft.server.log.purge.gap = 1000000 (custom)
2019-09-04 07:20:54,493 [pool-644-thread-1] INFO  server.RaftServerConfigKeys (ConfUtils.java:logGet(43)) - raft.server.log.appender.buffer.byte-limit = 33554432 (custom)
2019-09-04 07:20:54,494 [pool-644-thread-1] INFO  server.RaftServerConfigKeys (ConfUtils.java:logGet(43)) - raft.server.log.segment.size.max = 1048576 (custom)
2019-09-04 07:20:54,494 [pool-644-thread-1] INFO  server.RaftServerConfigKeys (ConfUtils.java:logGet(43)) - raft.server.log.segment.cache.num.max = 2 (custom)
2019-09-04 07:20:54,494 [pool-644-thread-1] INFO  segmented.SegmentedRaftLogWorker (SegmentedRaftLogWorker.java:<init>(172)) - new c405a447-8661-4695-872e-62a6e38cc662-SegmentedRaftLogWorker:Storage Directory /workdir/hadoop-ozone/integration-test/target/test-dir/MiniOzoneClusterImpl-5d0a0d59-4b77-4b18-84f0-6f2c3eb763cf/datanode-1/data/ratis/76786352-10ed-49a1-897c-f147692ef869 for RaftStorage:Storage Directory /workdir/hadoop-ozone/integration-test/target/test-dir/MiniOzoneClusterImpl-5d0a0d59-4b77-4b18-84f0-6f2c3eb763cf/datanode-1/data/ratis/76786352-10ed-49a1-897c-f147692ef869
2019-09-04 07:20:54,494 [pool-644-thread-1] INFO  server.RaftServerConfigKeys (ConfUtils.java:logGet(43)) - raft.server.log.queue.byte-limit = 2147483647 (custom)
2019-09-04 07:20:54,494 [pool-644-thread-1] INFO  server.RaftServerConfigKeys (ConfUtils.java:logGet(43)) - raft.server.log.queue.element-limit = 1024 (custom)
2019-09-04 07:20:54,495 [pool-644-thread-1] INFO  server.RaftServerConfigKeys (ConfUtils.java:logGet(43)) - raft.server.log.segment.size.max = 1048576 (custom)
2019-09-04 07:20:54,495 [pool-644-thread-1] INFO  server.RaftServerConfigKeys (ConfUtils.java:logGet(43)) - raft.server.log.preallocated.size = 16384 (custom)
2019-09-04 07:20:54,495 [pool-644-thread-1] INFO  server.RaftServerConfigKeys (ConfUtils.java:logGet(43)) - raft.server.log.write.buffer.size = 33554432 (custom)
2019-09-04 07:20:54,495 [pool-644-thread-1] INFO  server.RaftServerConfigKeys (ConfUtils.java:logGet(43)) - raft.server.log.force.sync.num = 128 (default)
2019-09-04 07:20:54,495 [pool-644-thread-1] INFO  server.RaftServerConfigKeys (ConfUtils.java:logGet(43)) - raft.server.log.statemachine.data.sync = true (default)
2019-09-04 07:20:54,495 [pool-644-thread-1] INFO  server.RaftServerConfigKeys (ConfUtils.java:logGet(43)) - raft.server.log.statemachine.data.sync.timeout = 10s (default)
2019-09-04 07:20:54,495 [pool-644-thread-1] INFO  server.RaftServerConfigKeys (ConfUtils.java:logGet(43)) - raft.server.log.statemachine.data.sync.timeout.retry = -1 (default)
2019-09-04 07:20:54,496 [pool-644-thread-1] INFO  server.RaftServerConfigKeys (ConfUtils.java:logGet(43)) - raft.server.log.statemachine.data.caching.enabled = true (custom)
2019-09-04 07:20:54,496 [pool-644-thread-1] INFO  segmented.SegmentedRaftLogWorker (SegmentedRaftLogWorker.java:lambda$new$0(132)) - c405a447-8661-4695-872e-62a6e38cc662-SegmentedRaftLogWorker:Storage Directory /workdir/hadoop-ozone/integration-test/target/test-dir/MiniOzoneClusterImpl-5d0a0d59-4b77-4b18-84f0-6f2c3eb763cf/datanode-1/data/ratis/76786352-10ed-49a1-897c-f147692ef869: flushIndex: setUnconditionally 0 -> -1
2019-09-04 07:20:54,496 [pool-644-thread-1] INFO  server.RaftServerConfigKeys (ConfUtils.java:logGet(43)) - raft.server.snapshot.auto.trigger.enabled = true (custom)
2019-09-04 07:20:54,497 [pool-644-thread-1] INFO  server.RaftServerConfigKeys (ConfUtils.java:logGet(43)) - raft.server.snapshot.auto.trigger.threshold = 10000 (custom)
2019-09-04 07:20:54,497 [pool-644-thread-1] INFO  server.RaftServerConfigKeys (ConfUtils.java:logGet(43)) - raft.server.retrycache.expirytime = 600000ms (custom)
2019-09-04 07:20:54,497 [pool-644-thread-1] INFO  impl.RaftServerImpl (RaftServerImpl.java:start(180)) - c405a447-8661-4695-872e-62a6e38cc662: start group-F147692EF869
2019-09-04 07:20:54,497 [pool-644-thread-1] INFO  impl.RaftServerImpl (RaftServerImpl.java:setRole(171)) - c405a447-8661-4695-872e-62a6e38cc662:group-F147692EF869 changes role from null to FOLLOWER at term 0 for startAsFollower
2019-09-04 07:20:54,497 [pool-644-thread-1] INFO  impl.RoleInfo (RoleInfo.java:updateAndGet(143)) - c405a447-8661-4695-872e-62a6e38cc662: start FollowerState
2019-09-04 07:20:54,498 [pool-644-thread-1] INFO  util.JmxRegister (JmxRegister.java:tryRegister(44)) - Successfully registered JMX Bean with object name Ratis:service=RaftServer,group=group-F147692EF869,id=c405a447-8661-4695-872e-62a6e38cc662
2019-09-04 07:20:54,500 [RatisPipelineUtilsThread] INFO  pipeline.PipelineStateManager (PipelineStateManager.java:addPipeline(56)) - Created pipeline Pipeline[ Id: 76786352-10ed-49a1-897c-f147692ef869, Nodes: c405a447-8661-4695-872e-62a6e38cc662{ip: 192.168.34.9, host: pr-hdds-1569-tfczc-1762686928, networkLocation: /default-rack, certSerialId: null}, Type:RATIS, Factor:ONE, State:OPEN]
2019-09-04 07:20:54,663 [IPC Server handler 19 on 45021] INFO  net.NetworkTopology (NetworkTopologyImpl.java:add(110)) - Added a new node: /default-rack/e5b5410c-7343-40b8-bab2-826c65acf05b
2019-09-04 07:20:54,663 [IPC Server handler 19 on 45021] INFO  node.SCMNodeManager (SCMNodeManager.java:register(273)) - Registered Data node : e5b5410c-7343-40b8-bab2-826c65acf05b{ip: 192.168.34.9, host: pr-hdds-1569-tfczc-1762686928, networkLocation: /default-rack, certSerialId: null}
2019-09-04 07:20:54,664 | INFO  | SCMAudit | user=jenkins1000 | ip=192.168.34.9 | op=REGISTER {datanodeDetails=e5b5410c-7343-40b8-bab2-826c65acf05b{ip: 192.168.34.9, host: pr-hdds-1569-tfczc-1762686928, networkLocation: /default-rack, certSerialId: null}} | ret=SUCCESS |  
2019-09-04 07:20:54,670 [grpc-default-executor-11] INFO  impl.RaftServerProxy (RaftServerProxy.java:addNew(89)) - e5b5410c-7343-40b8-bab2-826c65acf05b: addNew group-FFB3972EBC6D:[e5b5410c-7343-40b8-bab2-826c65acf05b:192.168.34.9:41099] returns group-FFB3972EBC6D:java.util.concurrent.CompletableFuture@19e1b08[Not completed]
2019-09-04 07:20:54,671 [pool-655-thread-1] INFO  impl.RaftServerImpl (RaftServerImpl.java:<init>(93)) - e5b5410c-7343-40b8-bab2-826c65acf05b: new RaftServerImpl for group-FFB3972EBC6D:[e5b5410c-7343-40b8-bab2-826c65acf05b:192.168.34.9:41099] with ContainerStateMachine:uninitialized
2019-09-04 07:20:54,672 [pool-655-thread-1] INFO  server.RaftServerConfigKeys (ConfUtils.java:logGet(43)) - raft.server.rpc.timeout.min = 5s (custom)
2019-09-04 07:20:54,672 [pool-655-thread-1] INFO  server.RaftServerConfigKeys (ConfUtils.java:logGet(43)) - raft.server.rpc.timeout.max = 5200ms (custom)
2019-09-04 07:20:54,672 [pool-655-thread-1] INFO  server.RaftServerConfigKeys (ConfUtils.java:logGet(43)) - raft.server.rpcslowness.timeout = 120s (custom)
2019-09-04 07:20:54,672 [pool-655-thread-1] INFO  server.RaftServerConfigKeys (ConfUtils.java:logGet(43)) - raft.server.sleep.deviation.threshold = 300 (default)
2019-09-04 07:20:54,672 [pool-655-thread-1] INFO  server.RaftServerConfigKeys (ConfUtils.java:logGet(43)) - raft.server.log.appender.install.snapshot.enabled = false (custom)
2019-09-04 07:20:54,672 [pool-655-thread-1] INFO  impl.RaftServerImpl (ServerState.java:<init>(105)) - e5b5410c-7343-40b8-bab2-826c65acf05b:group-FFB3972EBC6D ConfigurationManager, init=-1: [e5b5410c-7343-40b8-bab2-826c65acf05b:192.168.34.9:41099], old=null, confs=<EMPTY_MAP>
2019-09-04 07:20:54,672 [pool-655-thread-1] INFO  server.RaftServerConfigKeys (ConfUtils.java:logGet(43)) - raft.server.storage.dir = [/workdir/hadoop-ozone/integration-test/target/test-dir/MiniOzoneClusterImpl-5d0a0d59-4b77-4b18-84f0-6f2c3eb763cf/datanode-2/data/ratis] (custom)
2019-09-04 07:20:54,673 [pool-655-thread-1] INFO  storage.RaftStorageDirectory (RaftStorageDirectory.java:analyzeStorage(246)) - The storage directory /workdir/hadoop-ozone/integration-test/target/test-dir/MiniOzoneClusterImpl-5d0a0d59-4b77-4b18-84f0-6f2c3eb763cf/datanode-2/data/ratis/5a83795b-a635-4428-b237-ffb3972ebc6d does not exist. Creating ...
2019-09-04 07:20:54,686 [pool-655-thread-1] INFO  storage.RaftStorageDirectory (RaftStorageDirectory.java:tryLock(328)) - Lock on /workdir/hadoop-ozone/integration-test/target/test-dir/MiniOzoneClusterImpl-5d0a0d59-4b77-4b18-84f0-6f2c3eb763cf/datanode-2/data/ratis/5a83795b-a635-4428-b237-ffb3972ebc6d/in_use.lock acquired by nodename 11922@pr-hdds-1569-tfczc-1762686928
2019-09-04 07:20:54,690 [pool-655-thread-1] INFO  storage.RaftStorage (RaftStorage.java:format(72)) - Storage directory /workdir/hadoop-ozone/integration-test/target/test-dir/MiniOzoneClusterImpl-5d0a0d59-4b77-4b18-84f0-6f2c3eb763cf/datanode-2/data/ratis/5a83795b-a635-4428-b237-ffb3972ebc6d has been successfully formatted.
2019-09-04 07:20:54,690 [pool-655-thread-1] INFO  ratis.ContainerStateMachine (ContainerStateMachine.java:loadSnapshot(226)) - group-FFB3972EBC6D: The snapshot info is null. Setting the last applied indexto:(t:0, i:~)
2019-09-04 07:20:54,690 [pool-655-thread-1] INFO  server.RaftServerConfigKeys (ConfUtils.java:logGet(43)) - raft.server.leader.election.timeout = 120s (custom)
2019-09-04 07:20:54,690 [pool-655-thread-1] INFO  server.RaftServerConfigKeys (ConfUtils.java:logGet(43)) - raft.server.log.use.memory = false (default)
2019-09-04 07:20:54,690 [pool-655-thread-1] INFO  server.RaftServerConfigKeys (ConfUtils.java:logGet(43)) - raft.server.log.purge.gap = 1000000 (custom)
2019-09-04 07:20:54,691 [pool-655-thread-1] INFO  server.RaftServerConfigKeys (ConfUtils.java:logGet(43)) - raft.server.log.appender.buffer.byte-limit = 33554432 (custom)
2019-09-04 07:20:54,691 [pool-655-thread-1] INFO  server.RaftServerConfigKeys (ConfUtils.java:logGet(43)) - raft.server.log.segment.size.max = 1048576 (custom)
2019-09-04 07:20:54,691 [pool-655-thread-1] INFO  server.RaftServerConfigKeys (ConfUtils.java:logGet(43)) - raft.server.log.segment.cache.num.max = 2 (custom)
2019-09-04 07:20:54,691 [pool-655-thread-1] INFO  segmented.SegmentedRaftLogWorker (SegmentedRaftLogWorker.java:<init>(172)) - new e5b5410c-7343-40b8-bab2-826c65acf05b-SegmentedRaftLogWorker:Storage Directory /workdir/hadoop-ozone/integration-test/target/test-dir/MiniOzoneClusterImpl-5d0a0d59-4b77-4b18-84f0-6f2c3eb763cf/datanode-2/data/ratis/5a83795b-a635-4428-b237-ffb3972ebc6d for RaftStorage:Storage Directory /workdir/hadoop-ozone/integration-test/target/test-dir/MiniOzoneClusterImpl-5d0a0d59-4b77-4b18-84f0-6f2c3eb763cf/datanode-2/data/ratis/5a83795b-a635-4428-b237-ffb3972ebc6d
2019-09-04 07:20:54,691 [pool-655-thread-1] INFO  server.RaftServerConfigKeys (ConfUtils.java:logGet(43)) - raft.server.log.queue.byte-limit = 2147483647 (custom)
2019-09-04 07:20:54,692 [pool-655-thread-1] INFO  server.RaftServerConfigKeys (ConfUtils.java:logGet(43)) - raft.server.log.queue.element-limit = 1024 (custom)
2019-09-04 07:20:54,692 [pool-655-thread-1] INFO  server.RaftServerConfigKeys (ConfUtils.java:logGet(43)) - raft.server.log.segment.size.max = 1048576 (custom)
2019-09-04 07:20:54,692 [pool-655-thread-1] INFO  server.RaftServerConfigKeys (ConfUtils.java:logGet(43)) - raft.server.log.preallocated.size = 16384 (custom)
2019-09-04 07:20:54,692 [pool-655-thread-1] INFO  server.RaftServerConfigKeys (ConfUtils.java:logGet(43)) - raft.server.log.write.buffer.size = 33554432 (custom)
2019-09-04 07:20:54,692 [pool-655-thread-1] INFO  server.RaftServerConfigKeys (ConfUtils.java:logGet(43)) - raft.server.log.force.sync.num = 128 (default)
2019-09-04 07:20:54,692 [pool-655-thread-1] INFO  server.RaftServerConfigKeys (ConfUtils.java:logGet(43)) - raft.server.log.statemachine.data.sync = true (default)
2019-09-04 07:20:54,692 [pool-655-thread-1] INFO  server.RaftServerConfigKeys (ConfUtils.java:logGet(43)) - raft.server.log.statemachine.data.sync.timeout = 10s (default)
2019-09-04 07:20:54,693 [pool-655-thread-1] INFO  server.RaftServerConfigKeys (ConfUtils.java:logGet(43)) - raft.server.log.statemachine.data.sync.timeout.retry = -1 (default)
2019-09-04 07:20:54,693 [pool-655-thread-1] INFO  server.RaftServerConfigKeys (ConfUtils.java:logGet(43)) - raft.server.log.statemachine.data.caching.enabled = true (custom)
2019-09-04 07:20:54,693 [pool-655-thread-1] INFO  segmented.SegmentedRaftLogWorker (SegmentedRaftLogWorker.java:lambda$new$0(132)) - e5b5410c-7343-40b8-bab2-826c65acf05b-SegmentedRaftLogWorker:Storage Directory /workdir/hadoop-ozone/integration-test/target/test-dir/MiniOzoneClusterImpl-5d0a0d59-4b77-4b18-84f0-6f2c3eb763cf/datanode-2/data/ratis/5a83795b-a635-4428-b237-ffb3972ebc6d: flushIndex: setUnconditionally 0 -> -1
2019-09-04 07:20:54,693 [pool-655-thread-1] INFO  server.RaftServerConfigKeys (ConfUtils.java:logGet(43)) - raft.server.snapshot.auto.trigger.enabled = true (custom)
2019-09-04 07:20:54,693 [pool-655-thread-1] INFO  server.RaftServerConfigKeys (ConfUtils.java:logGet(43)) - raft.server.snapshot.auto.trigger.threshold = 10000 (custom)
2019-09-04 07:20:54,694 [pool-655-thread-1] INFO  server.RaftServerConfigKeys (ConfUtils.java:logGet(43)) - raft.server.retrycache.expirytime = 600000ms (custom)
2019-09-04 07:20:54,694 [pool-655-thread-1] INFO  impl.RaftServerImpl (RaftServerImpl.java:start(180)) - e5b5410c-7343-40b8-bab2-826c65acf05b: start group-FFB3972EBC6D
2019-09-04 07:20:54,694 [pool-655-thread-1] INFO  impl.RaftServerImpl (RaftServerImpl.java:setRole(171)) - e5b5410c-7343-40b8-bab2-826c65acf05b:group-FFB3972EBC6D changes role from null to FOLLOWER at term 0 for startAsFollower
2019-09-04 07:20:54,694 [pool-655-thread-1] INFO  impl.RoleInfo (RoleInfo.java:updateAndGet(143)) - e5b5410c-7343-40b8-bab2-826c65acf05b: start FollowerState
2019-09-04 07:20:54,694 [pool-655-thread-1] INFO  util.JmxRegister (JmxRegister.java:tryRegister(44)) - Successfully registered JMX Bean with object name Ratis:service=RaftServer,group=group-FFB3972EBC6D,id=e5b5410c-7343-40b8-bab2-826c65acf05b
2019-09-04 07:20:54,697 [RatisPipelineUtilsThread] INFO  pipeline.PipelineStateManager (PipelineStateManager.java:addPipeline(56)) - Created pipeline Pipeline[ Id: 5a83795b-a635-4428-b237-ffb3972ebc6d, Nodes: e5b5410c-7343-40b8-bab2-826c65acf05b{ip: 192.168.34.9, host: pr-hdds-1569-tfczc-1762686928, networkLocation: /default-rack, certSerialId: null}, Type:RATIS, Factor:ONE, State:OPEN]
2019-09-04 07:20:54,700 [main] INFO  ozone.MiniOzoneClusterImpl (MiniOzoneClusterImpl.java:lambda$waitForClusterToBeReady$0(142)) - Waiting for cluster to be ready. Got 3 of 7 DN Heartbeats.
2019-09-04 07:20:54,716 [grpc-default-executor-9] INFO  impl.RaftServerProxy (RaftServerProxy.java:addNew(89)) - 6f223d4e-d516-4842-990f-c73eba4c9f9f: addNew group-1EF8FEBFFAA9:[e5b5410c-7343-40b8-bab2-826c65acf05b:192.168.34.9:41099, c405a447-8661-4695-872e-62a6e38cc662:192.168.34.9:46527, 6f223d4e-d516-4842-990f-c73eba4c9f9f:192.168.34.9:33264] returns group-1EF8FEBFFAA9:java.util.concurrent.CompletableFuture@678b4c46[Not completed]
2019-09-04 07:20:54,716 [grpc-default-executor-11] INFO  impl.RaftServerProxy (RaftServerProxy.java:addNew(89)) - c405a447-8661-4695-872e-62a6e38cc662: addNew group-1EF8FEBFFAA9:[e5b5410c-7343-40b8-bab2-826c65acf05b:192.168.34.9:41099, c405a447-8661-4695-872e-62a6e38cc662:192.168.34.9:46527, 6f223d4e-d516-4842-990f-c73eba4c9f9f:192.168.34.9:33264] returns group-1EF8FEBFFAA9:java.util.concurrent.CompletableFuture@66b28dd1[Not completed]
2019-09-04 07:20:54,716 [grpc-default-executor-12] INFO  impl.RaftServerProxy (RaftServerProxy.java:addNew(89)) - e5b5410c-7343-40b8-bab2-826c65acf05b: addNew group-1EF8FEBFFAA9:[e5b5410c-7343-40b8-bab2-826c65acf05b:192.168.34.9:41099, c405a447-8661-4695-872e-62a6e38cc662:192.168.34.9:46527, 6f223d4e-d516-4842-990f-c73eba4c9f9f:192.168.34.9:33264] returns group-1EF8FEBFFAA9:java.util.concurrent.CompletableFuture@51d0c9d6[Not completed]
2019-09-04 07:20:54,717 [pool-644-thread-1] INFO  impl.RaftServerImpl (RaftServerImpl.java:<init>(93)) - c405a447-8661-4695-872e-62a6e38cc662: new RaftServerImpl for group-1EF8FEBFFAA9:[e5b5410c-7343-40b8-bab2-826c65acf05b:192.168.34.9:41099, c405a447-8661-4695-872e-62a6e38cc662:192.168.34.9:46527, 6f223d4e-d516-4842-990f-c73eba4c9f9f:192.168.34.9:33264] with ContainerStateMachine:uninitialized
2019-09-04 07:20:54,717 [pool-644-thread-1] INFO  server.RaftServerConfigKeys (ConfUtils.java:logGet(43)) - raft.server.rpc.timeout.min = 5s (custom)
2019-09-04 07:20:54,717 [pool-644-thread-1] INFO  server.RaftServerConfigKeys (ConfUtils.java:logGet(43)) - raft.server.rpc.timeout.max = 5200ms (custom)
2019-09-04 07:20:54,717 [pool-644-thread-1] INFO  server.RaftServerConfigKeys (ConfUtils.java:logGet(43)) - raft.server.rpcslowness.timeout = 120s (custom)
2019-09-04 07:20:54,717 [pool-655-thread-1] INFO  impl.RaftServerImpl (RaftServerImpl.java:<init>(93)) - e5b5410c-7343-40b8-bab2-826c65acf05b: new RaftServerImpl for group-1EF8FEBFFAA9:[e5b5410c-7343-40b8-bab2-826c65acf05b:192.168.34.9:41099, c405a447-8661-4695-872e-62a6e38cc662:192.168.34.9:46527, 6f223d4e-d516-4842-990f-c73eba4c9f9f:192.168.34.9:33264] with ContainerStateMachine:uninitialized
2019-09-04 07:20:54,717 [pool-644-thread-1] INFO  server.RaftServerConfigKeys (ConfUtils.java:logGet(43)) - raft.server.sleep.deviation.threshold = 300 (default)
2019-09-04 07:20:54,717 [pool-655-thread-1] INFO  server.RaftServerConfigKeys (ConfUtils.java:logGet(43)) - raft.server.rpc.timeout.min = 5s (custom)
2019-09-04 07:20:54,718 [pool-644-thread-1] INFO  server.RaftServerConfigKeys (ConfUtils.java:logGet(43)) - raft.server.log.appender.install.snapshot.enabled = false (custom)
2019-09-04 07:20:54,718 [pool-655-thread-1] INFO  server.RaftServerConfigKeys (ConfUtils.java:logGet(43)) - raft.server.rpc.timeout.max = 5200ms (custom)
2019-09-04 07:20:54,718 [pool-644-thread-1] INFO  impl.RaftServerImpl (ServerState.java:<init>(105)) - c405a447-8661-4695-872e-62a6e38cc662:group-1EF8FEBFFAA9 ConfigurationManager, init=-1: [e5b5410c-7343-40b8-bab2-826c65acf05b:192.168.34.9:41099, c405a447-8661-4695-872e-62a6e38cc662:192.168.34.9:46527, 6f223d4e-d516-4842-990f-c73eba4c9f9f:192.168.34.9:33264], old=null, confs=<EMPTY_MAP>
2019-09-04 07:20:54,718 [pool-633-thread-1] INFO  impl.RaftServerImpl (RaftServerImpl.java:<init>(93)) - 6f223d4e-d516-4842-990f-c73eba4c9f9f: new RaftServerImpl for group-1EF8FEBFFAA9:[e5b5410c-7343-40b8-bab2-826c65acf05b:192.168.34.9:41099, c405a447-8661-4695-872e-62a6e38cc662:192.168.34.9:46527, 6f223d4e-d516-4842-990f-c73eba4c9f9f:192.168.34.9:33264] with ContainerStateMachine:uninitialized
2019-09-04 07:20:54,718 [pool-644-thread-1] INFO  server.RaftServerConfigKeys (ConfUtils.java:logGet(43)) - raft.server.storage.dir = [/workdir/hadoop-ozone/integration-test/target/test-dir/MiniOzoneClusterImpl-5d0a0d59-4b77-4b18-84f0-6f2c3eb763cf/datanode-1/data/ratis] (custom)
2019-09-04 07:20:54,718 [pool-655-thread-1] INFO  server.RaftServerConfigKeys (ConfUtils.java:logGet(43)) - raft.server.rpcslowness.timeout = 120s (custom)
2019-09-04 07:20:54,718 [pool-633-thread-1] INFO  server.RaftServerConfigKeys (ConfUtils.java:logGet(43)) - raft.server.rpc.timeout.min = 5s (custom)
2019-09-04 07:20:54,718 [pool-655-thread-1] INFO  server.RaftServerConfigKeys (ConfUtils.java:logGet(43)) - raft.server.sleep.deviation.threshold = 300 (default)
2019-09-04 07:20:54,718 [pool-644-thread-1] INFO  storage.RaftStorageDirectory (RaftStorageDirectory.java:analyzeStorage(246)) - The storage directory /workdir/hadoop-ozone/integration-test/target/test-dir/MiniOzoneClusterImpl-5d0a0d59-4b77-4b18-84f0-6f2c3eb763cf/datanode-1/data/ratis/4368c228-7ab2-454e-964c-1ef8febffaa9 does not exist. Creating ...
2019-09-04 07:20:54,718 [pool-633-thread-1] INFO  server.RaftServerConfigKeys (ConfUtils.java:logGet(43)) - raft.server.rpc.timeout.max = 5200ms (custom)
2019-09-04 07:20:54,719 [pool-655-thread-1] INFO  server.RaftServerConfigKeys (ConfUtils.java:logGet(43)) - raft.server.log.appender.install.snapshot.enabled = false (custom)
2019-09-04 07:20:54,719 [pool-633-thread-1] INFO  server.RaftServerConfigKeys (ConfUtils.java:logGet(43)) - raft.server.rpcslowness.timeout = 120s (custom)
2019-09-04 07:20:54,719 [pool-655-thread-1] INFO  impl.RaftServerImpl (ServerState.java:<init>(105)) - e5b5410c-7343-40b8-bab2-826c65acf05b:group-1EF8FEBFFAA9 ConfigurationManager, init=-1: [e5b5410c-7343-40b8-bab2-826c65acf05b:192.168.34.9:41099, c405a447-8661-4695-872e-62a6e38cc662:192.168.34.9:46527, 6f223d4e-d516-4842-990f-c73eba4c9f9f:192.168.34.9:33264], old=null, confs=<EMPTY_MAP>
2019-09-04 07:20:54,719 [pool-633-thread-1] INFO  server.RaftServerConfigKeys (ConfUtils.java:logGet(43)) - raft.server.sleep.deviation.threshold = 300 (default)
2019-09-04 07:20:54,719 [pool-655-thread-1] INFO  server.RaftServerConfigKeys (ConfUtils.java:logGet(43)) - raft.server.storage.dir = [/workdir/hadoop-ozone/integration-test/target/test-dir/MiniOzoneClusterImpl-5d0a0d59-4b77-4b18-84f0-6f2c3eb763cf/datanode-2/data/ratis] (custom)
2019-09-04 07:20:54,719 [pool-633-thread-1] INFO  server.RaftServerConfigKeys (ConfUtils.java:logGet(43)) - raft.server.log.appender.install.snapshot.enabled = false (custom)
2019-09-04 07:20:54,719 [pool-633-thread-1] INFO  impl.RaftServerImpl (ServerState.java:<init>(105)) - 6f223d4e-d516-4842-990f-c73eba4c9f9f:group-1EF8FEBFFAA9 ConfigurationManager, init=-1: [e5b5410c-7343-40b8-bab2-826c65acf05b:192.168.34.9:41099, c405a447-8661-4695-872e-62a6e38cc662:192.168.34.9:46527, 6f223d4e-d516-4842-990f-c73eba4c9f9f:192.168.34.9:33264], old=null, confs=<EMPTY_MAP>
2019-09-04 07:20:54,720 [pool-655-thread-1] INFO  storage.RaftStorageDirectory (RaftStorageDirectory.java:analyzeStorage(246)) - The storage directory /workdir/hadoop-ozone/integration-test/target/test-dir/MiniOzoneClusterImpl-5d0a0d59-4b77-4b18-84f0-6f2c3eb763cf/datanode-2/data/ratis/4368c228-7ab2-454e-964c-1ef8febffaa9 does not exist. Creating ...
2019-09-04 07:20:54,720 [pool-633-thread-1] INFO  server.RaftServerConfigKeys (ConfUtils.java:logGet(43)) - raft.server.storage.dir = [/workdir/hadoop-ozone/integration-test/target/test-dir/MiniOzoneClusterImpl-5d0a0d59-4b77-4b18-84f0-6f2c3eb763cf/datanode-0/data/ratis] (custom)
2019-09-04 07:20:54,720 [pool-633-thread-1] INFO  storage.RaftStorageDirectory (RaftStorageDirectory.java:analyzeStorage(246)) - The storage directory /workdir/hadoop-ozone/integration-test/target/test-dir/MiniOzoneClusterImpl-5d0a0d59-4b77-4b18-84f0-6f2c3eb763cf/datanode-0/data/ratis/4368c228-7ab2-454e-964c-1ef8febffaa9 does not exist. Creating ...
2019-09-04 07:20:54,733 [pool-655-thread-1] INFO  storage.RaftStorageDirectory (RaftStorageDirectory.java:tryLock(328)) - Lock on /workdir/hadoop-ozone/integration-test/target/test-dir/MiniOzoneClusterImpl-5d0a0d59-4b77-4b18-84f0-6f2c3eb763cf/datanode-2/data/ratis/4368c228-7ab2-454e-964c-1ef8febffaa9/in_use.lock acquired by nodename 11922@pr-hdds-1569-tfczc-1762686928
2019-09-04 07:20:54,733 [pool-633-thread-1] INFO  storage.RaftStorageDirectory (RaftStorageDirectory.java:tryLock(328)) - Lock on /workdir/hadoop-ozone/integration-test/target/test-dir/MiniOzoneClusterImpl-5d0a0d59-4b77-4b18-84f0-6f2c3eb763cf/datanode-0/data/ratis/4368c228-7ab2-454e-964c-1ef8febffaa9/in_use.lock acquired by nodename 11922@pr-hdds-1569-tfczc-1762686928
2019-09-04 07:20:54,733 [pool-644-thread-1] INFO  storage.RaftStorageDirectory (RaftStorageDirectory.java:tryLock(328)) - Lock on /workdir/hadoop-ozone/integration-test/target/test-dir/MiniOzoneClusterImpl-5d0a0d59-4b77-4b18-84f0-6f2c3eb763cf/datanode-1/data/ratis/4368c228-7ab2-454e-964c-1ef8febffaa9/in_use.lock acquired by nodename 11922@pr-hdds-1569-tfczc-1762686928
2019-09-04 07:20:54,746 [pool-633-thread-1] INFO  storage.RaftStorage (RaftStorage.java:format(72)) - Storage directory /workdir/hadoop-ozone/integration-test/target/test-dir/MiniOzoneClusterImpl-5d0a0d59-4b77-4b18-84f0-6f2c3eb763cf/datanode-0/data/ratis/4368c228-7ab2-454e-964c-1ef8febffaa9 has been successfully formatted.
2019-09-04 07:20:54,746 [pool-644-thread-1] INFO  storage.RaftStorage (RaftStorage.java:format(72)) - Storage directory /workdir/hadoop-ozone/integration-test/target/test-dir/MiniOzoneClusterImpl-5d0a0d59-4b77-4b18-84f0-6f2c3eb763cf/datanode-1/data/ratis/4368c228-7ab2-454e-964c-1ef8febffaa9 has been successfully formatted.
2019-09-04 07:20:54,746 [pool-633-thread-1] INFO  ratis.ContainerStateMachine (ContainerStateMachine.java:loadSnapshot(226)) - group-1EF8FEBFFAA9: The snapshot info is null. Setting the last applied indexto:(t:0, i:~)
2019-09-04 07:20:54,746 [pool-655-thread-1] INFO  storage.RaftStorage (RaftStorage.java:format(72)) - Storage directory /workdir/hadoop-ozone/integration-test/target/test-dir/MiniOzoneClusterImpl-5d0a0d59-4b77-4b18-84f0-6f2c3eb763cf/datanode-2/data/ratis/4368c228-7ab2-454e-964c-1ef8febffaa9 has been successfully formatted.
2019-09-04 07:20:54,746 [pool-633-thread-1] INFO  server.RaftServerConfigKeys (ConfUtils.java:logGet(43)) - raft.server.leader.election.timeout = 120s (custom)
2019-09-04 07:20:54,747 [pool-655-thread-1] INFO  ratis.ContainerStateMachine (ContainerStateMachine.java:loadSnapshot(226)) - group-1EF8FEBFFAA9: The snapshot info is null. Setting the last applied indexto:(t:0, i:~)
2019-09-04 07:20:54,746 [pool-644-thread-1] INFO  ratis.ContainerStateMachine (ContainerStateMachine.java:loadSnapshot(226)) - group-1EF8FEBFFAA9: The snapshot info is null. Setting the last applied indexto:(t:0, i:~)
2019-09-04 07:20:54,747 [pool-655-thread-1] INFO  server.RaftServerConfigKeys (ConfUtils.java:logGet(43)) - raft.server.leader.election.timeout = 120s (custom)
2019-09-04 07:20:54,747 [pool-633-thread-1] INFO  server.RaftServerConfigKeys (ConfUtils.java:logGet(43)) - raft.server.log.use.memory = false (default)
2019-09-04 07:20:54,747 [pool-655-thread-1] INFO  server.RaftServerConfigKeys (ConfUtils.java:logGet(43)) - raft.server.log.use.memory = false (default)
2019-09-04 07:20:54,747 [pool-644-thread-1] INFO  server.RaftServerConfigKeys (ConfUtils.java:logGet(43)) - raft.server.leader.election.timeout = 120s (custom)
2019-09-04 07:20:54,747 [pool-655-thread-1] INFO  server.RaftServerConfigKeys (ConfUtils.java:logGet(43)) - raft.server.log.purge.gap = 1000000 (custom)
2019-09-04 07:20:54,747 [pool-633-thread-1] INFO  server.RaftServerConfigKeys (ConfUtils.java:logGet(43)) - raft.server.log.purge.gap = 1000000 (custom)
2019-09-04 07:20:54,747 [pool-655-thread-1] INFO  server.RaftServerConfigKeys (ConfUtils.java:logGet(43)) - raft.server.log.appender.buffer.byte-limit = 33554432 (custom)
2019-09-04 07:20:54,747 [pool-644-thread-1] INFO  server.RaftServerConfigKeys (ConfUtils.java:logGet(43)) - raft.server.log.use.memory = false (default)
2019-09-04 07:20:54,748 [pool-655-thread-1] INFO  server.RaftServerConfigKeys (ConfUtils.java:logGet(43)) - raft.server.log.segment.size.max = 1048576 (custom)
2019-09-04 07:20:54,747 [pool-633-thread-1] INFO  server.RaftServerConfigKeys (ConfUtils.java:logGet(43)) - raft.server.log.appender.buffer.byte-limit = 33554432 (custom)
2019-09-04 07:20:54,748 [pool-655-thread-1] INFO  server.RaftServerConfigKeys (ConfUtils.java:logGet(43)) - raft.server.log.segment.cache.num.max = 2 (custom)
2019-09-04 07:20:54,748 [pool-644-thread-1] INFO  server.RaftServerConfigKeys (ConfUtils.java:logGet(43)) - raft.server.log.purge.gap = 1000000 (custom)
2019-09-04 07:20:54,748 [pool-655-thread-1] INFO  segmented.SegmentedRaftLogWorker (SegmentedRaftLogWorker.java:<init>(172)) - new e5b5410c-7343-40b8-bab2-826c65acf05b-SegmentedRaftLogWorker:Storage Directory /workdir/hadoop-ozone/integration-test/target/test-dir/MiniOzoneClusterImpl-5d0a0d59-4b77-4b18-84f0-6f2c3eb763cf/datanode-2/data/ratis/4368c228-7ab2-454e-964c-1ef8febffaa9 for RaftStorage:Storage Directory /workdir/hadoop-ozone/integration-test/target/test-dir/MiniOzoneClusterImpl-5d0a0d59-4b77-4b18-84f0-6f2c3eb763cf/datanode-2/data/ratis/4368c228-7ab2-454e-964c-1ef8febffaa9
2019-09-04 07:20:54,748 [pool-633-thread-1] INFO  server.RaftServerConfigKeys (ConfUtils.java:logGet(43)) - raft.server.log.segment.size.max = 1048576 (custom)
2019-09-04 07:20:54,748 [pool-655-thread-1] INFO  server.RaftServerConfigKeys (ConfUtils.java:logGet(43)) - raft.server.log.queue.byte-limit = 2147483647 (custom)
2019-09-04 07:20:54,748 [pool-644-thread-1] INFO  server.RaftServerConfigKeys (ConfUtils.java:logGet(43)) - raft.server.log.appender.buffer.byte-limit = 33554432 (custom)
2019-09-04 07:20:54,748 [pool-655-thread-1] INFO  server.RaftServerConfigKeys (ConfUtils.java:logGet(43)) - raft.server.log.queue.element-limit = 1024 (custom)
2019-09-04 07:20:54,748 [pool-633-thread-1] INFO  server.RaftServerConfigKeys (ConfUtils.java:logGet(43)) - raft.server.log.segment.cache.num.max = 2 (custom)
2019-09-04 07:20:54,749 [pool-655-thread-1] INFO  server.RaftServerConfigKeys (ConfUtils.java:logGet(43)) - raft.server.log.segment.size.max = 1048576 (custom)
2019-09-04 07:20:54,749 [pool-644-thread-1] INFO  server.RaftServerConfigKeys (ConfUtils.java:logGet(43)) - raft.server.log.segment.size.max = 1048576 (custom)
2019-09-04 07:20:54,749 [pool-655-thread-1] INFO  server.RaftServerConfigKeys (ConfUtils.java:logGet(43)) - raft.server.log.preallocated.size = 16384 (custom)
2019-09-04 07:20:54,749 [pool-633-thread-1] INFO  segmented.SegmentedRaftLogWorker (SegmentedRaftLogWorker.java:<init>(172)) - new 6f223d4e-d516-4842-990f-c73eba4c9f9f-SegmentedRaftLogWorker:Storage Directory /workdir/hadoop-ozone/integration-test/target/test-dir/MiniOzoneClusterImpl-5d0a0d59-4b77-4b18-84f0-6f2c3eb763cf/datanode-0/data/ratis/4368c228-7ab2-454e-964c-1ef8febffaa9 for RaftStorage:Storage Directory /workdir/hadoop-ozone/integration-test/target/test-dir/MiniOzoneClusterImpl-5d0a0d59-4b77-4b18-84f0-6f2c3eb763cf/datanode-0/data/ratis/4368c228-7ab2-454e-964c-1ef8febffaa9
2019-09-04 07:20:54,749 [pool-655-thread-1] INFO  server.RaftServerConfigKeys (ConfUtils.java:logGet(43)) - raft.server.log.write.buffer.size = 33554432 (custom)
2019-09-04 07:20:54,749 [pool-655-thread-1] INFO  server.RaftServerConfigKeys (ConfUtils.java:logGet(43)) - raft.server.log.force.sync.num = 128 (default)
2019-09-04 07:20:54,749 [pool-644-thread-1] INFO  server.RaftServerConfigKeys (ConfUtils.java:logGet(43)) - raft.server.log.segment.cache.num.max = 2 (custom)
2019-09-04 07:20:54,749 [pool-655-thread-1] INFO  server.RaftServerConfigKeys (ConfUtils.java:logGet(43)) - raft.server.log.statemachine.data.sync = true (default)
2019-09-04 07:20:54,750 [pool-655-thread-1] INFO  server.RaftServerConfigKeys (ConfUtils.java:logGet(43)) - raft.server.log.statemachine.data.sync.timeout = 10s (default)
2019-09-04 07:20:54,749 [pool-633-thread-1] INFO  server.RaftServerConfigKeys (ConfUtils.java:logGet(43)) - raft.server.log.queue.byte-limit = 2147483647 (custom)
2019-09-04 07:20:54,750 [pool-655-thread-1] INFO  server.RaftServerConfigKeys (ConfUtils.java:logGet(43)) - raft.server.log.statemachine.data.sync.timeout.retry = -1 (default)
2019-09-04 07:20:54,750 [pool-644-thread-1] INFO  segmented.SegmentedRaftLogWorker (SegmentedRaftLogWorker.java:<init>(172)) - new c405a447-8661-4695-872e-62a6e38cc662-SegmentedRaftLogWorker:Storage Directory /workdir/hadoop-ozone/integration-test/target/test-dir/MiniOzoneClusterImpl-5d0a0d59-4b77-4b18-84f0-6f2c3eb763cf/datanode-1/data/ratis/4368c228-7ab2-454e-964c-1ef8febffaa9 for RaftStorage:Storage Directory /workdir/hadoop-ozone/integration-test/target/test-dir/MiniOzoneClusterImpl-5d0a0d59-4b77-4b18-84f0-6f2c3eb763cf/datanode-1/data/ratis/4368c228-7ab2-454e-964c-1ef8febffaa9
2019-09-04 07:20:54,750 [pool-655-thread-1] INFO  server.RaftServerConfigKeys (ConfUtils.java:logGet(43)) - raft.server.log.statemachine.data.caching.enabled = true (custom)
2019-09-04 07:20:54,750 [pool-633-thread-1] INFO  server.RaftServerConfigKeys (ConfUtils.java:logGet(43)) - raft.server.log.queue.element-limit = 1024 (custom)
2019-09-04 07:20:54,750 [pool-644-thread-1] INFO  server.RaftServerConfigKeys (ConfUtils.java:logGet(43)) - raft.server.log.queue.byte-limit = 2147483647 (custom)
2019-09-04 07:20:54,751 [pool-655-thread-1] INFO  segmented.SegmentedRaftLogWorker (SegmentedRaftLogWorker.java:lambda$new$0(132)) - e5b5410c-7343-40b8-bab2-826c65acf05b-SegmentedRaftLogWorker:Storage Directory /workdir/hadoop-ozone/integration-test/target/test-dir/MiniOzoneClusterImpl-5d0a0d59-4b77-4b18-84f0-6f2c3eb763cf/datanode-2/data/ratis/4368c228-7ab2-454e-964c-1ef8febffaa9: flushIndex: setUnconditionally 0 -> -1
2019-09-04 07:20:54,750 [pool-633-thread-1] INFO  server.RaftServerConfigKeys (ConfUtils.java:logGet(43)) - raft.server.log.segment.size.max = 1048576 (custom)
2019-09-04 07:20:54,751 [pool-644-thread-1] INFO  server.RaftServerConfigKeys (ConfUtils.java:logGet(43)) - raft.server.log.queue.element-limit = 1024 (custom)
2019-09-04 07:20:54,751 [pool-633-thread-1] INFO  server.RaftServerConfigKeys (ConfUtils.java:logGet(43)) - raft.server.log.preallocated.size = 16384 (custom)
2019-09-04 07:20:54,751 [pool-655-thread-1] INFO  server.RaftServerConfigKeys (ConfUtils.java:logGet(43)) - raft.server.snapshot.auto.trigger.enabled = true (custom)
2019-09-04 07:20:54,751 [pool-633-thread-1] INFO  server.RaftServerConfigKeys (ConfUtils.java:logGet(43)) - raft.server.log.write.buffer.size = 33554432 (custom)
2019-09-04 07:20:54,751 [pool-644-thread-1] INFO  server.RaftServerConfigKeys (ConfUtils.java:logGet(43)) - raft.server.log.segment.size.max = 1048576 (custom)
2019-09-04 07:20:54,751 [pool-633-thread-1] INFO  server.RaftServerConfigKeys (ConfUtils.java:logGet(43)) - raft.server.log.force.sync.num = 128 (default)
2019-09-04 07:20:54,751 [pool-655-thread-1] INFO  server.RaftServerConfigKeys (ConfUtils.java:logGet(43)) - raft.server.snapshot.auto.trigger.threshold = 10000 (custom)
2019-09-04 07:20:54,752 [pool-633-thread-1] INFO  server.RaftServerConfigKeys (ConfUtils.java:logGet(43)) - raft.server.log.statemachine.data.sync = true (default)
2019-09-04 07:20:54,751 [pool-644-thread-1] INFO  server.RaftServerConfigKeys (ConfUtils.java:logGet(43)) - raft.server.log.preallocated.size = 16384 (custom)
2019-09-04 07:20:54,752 [pool-633-thread-1] INFO  server.RaftServerConfigKeys (ConfUtils.java:logGet(43)) - raft.server.log.statemachine.data.sync.timeout = 10s (default)
2019-09-04 07:20:54,752 [pool-655-thread-1] INFO  server.RaftServerConfigKeys (ConfUtils.java:logGet(43)) - raft.server.retrycache.expirytime = 600000ms (custom)
2019-09-04 07:20:54,752 [pool-633-thread-1] INFO  server.RaftServerConfigKeys (ConfUtils.java:logGet(43)) - raft.server.log.statemachine.data.sync.timeout.retry = -1 (default)
2019-09-04 07:20:54,752 [pool-644-thread-1] INFO  server.RaftServerConfigKeys (ConfUtils.java:logGet(43)) - raft.server.log.write.buffer.size = 33554432 (custom)
2019-09-04 07:20:54,752 [pool-633-thread-1] INFO  server.RaftServerConfigKeys (ConfUtils.java:logGet(43)) - raft.server.log.statemachine.data.caching.enabled = true (custom)
2019-09-04 07:20:54,752 [pool-655-thread-1] INFO  impl.RaftServerImpl (RaftServerImpl.java:start(180)) - e5b5410c-7343-40b8-bab2-826c65acf05b: start group-1EF8FEBFFAA9
2019-09-04 07:20:54,752 [pool-644-thread-1] INFO  server.RaftServerConfigKeys (ConfUtils.java:logGet(43)) - raft.server.log.force.sync.num = 128 (default)
2019-09-04 07:20:54,753 [pool-633-thread-1] INFO  segmented.SegmentedRaftLogWorker (SegmentedRaftLogWorker.java:lambda$new$0(132)) - 6f223d4e-d516-4842-990f-c73eba4c9f9f-SegmentedRaftLogWorker:Storage Directory /workdir/hadoop-ozone/integration-test/target/test-dir/MiniOzoneClusterImpl-5d0a0d59-4b77-4b18-84f0-6f2c3eb763cf/datanode-0/data/ratis/4368c228-7ab2-454e-964c-1ef8febffaa9: flushIndex: setUnconditionally 0 -> -1
2019-09-04 07:20:54,753 [pool-655-thread-1] INFO  impl.RaftServerImpl (RaftServerImpl.java:setRole(171)) - e5b5410c-7343-40b8-bab2-826c65acf05b:group-1EF8FEBFFAA9 changes role from null to FOLLOWER at term 0 for startAsFollower
2019-09-04 07:20:54,753 [pool-644-thread-1] INFO  server.RaftServerConfigKeys (ConfUtils.java:logGet(43)) - raft.server.log.statemachine.data.sync = true (default)
2019-09-04 07:20:54,753 [pool-633-thread-1] INFO  server.RaftServerConfigKeys (ConfUtils.java:logGet(43)) - raft.server.snapshot.auto.trigger.enabled = true (custom)
2019-09-04 07:20:54,753 [pool-655-thread-1] INFO  impl.RoleInfo (RoleInfo.java:updateAndGet(143)) - e5b5410c-7343-40b8-bab2-826c65acf05b: start FollowerState
2019-09-04 07:20:54,753 [pool-633-thread-1] INFO  server.RaftServerConfigKeys (ConfUtils.java:logGet(43)) - raft.server.snapshot.auto.trigger.threshold = 10000 (custom)
2019-09-04 07:20:54,753 [pool-644-thread-1] INFO  server.RaftServerConfigKeys (ConfUtils.java:logGet(43)) - raft.server.log.statemachine.data.sync.timeout = 10s (default)
2019-09-04 07:20:54,753 [pool-633-thread-1] INFO  server.RaftServerConfigKeys (ConfUtils.java:logGet(43)) - raft.server.retrycache.expirytime = 600000ms (custom)
2019-09-04 07:20:54,753 [pool-644-thread-1] INFO  server.RaftServerConfigKeys (ConfUtils.java:logGet(43)) - raft.server.log.statemachine.data.sync.timeout.retry = -1 (default)
2019-09-04 07:20:54,753 [pool-655-thread-1] INFO  util.JmxRegister (JmxRegister.java:tryRegister(44)) - Successfully registered JMX Bean with object name Ratis:service=RaftServer,group=group-1EF8FEBFFAA9,id=e5b5410c-7343-40b8-bab2-826c65acf05b
2019-09-04 07:20:54,754 [pool-644-thread-1] INFO  server.RaftServerConfigKeys (ConfUtils.java:logGet(43)) - raft.server.log.statemachine.data.caching.enabled = true (custom)
2019-09-04 07:20:54,754 [pool-633-thread-1] INFO  impl.RaftServerImpl (RaftServerImpl.java:start(180)) - 6f223d4e-d516-4842-990f-c73eba4c9f9f: start group-1EF8FEBFFAA9
2019-09-04 07:20:54,754 [pool-633-thread-1] INFO  impl.RaftServerImpl (RaftServerImpl.java:setRole(171)) - 6f223d4e-d516-4842-990f-c73eba4c9f9f:group-1EF8FEBFFAA9 changes role from null to FOLLOWER at term 0 for startAsFollower
2019-09-04 07:20:54,754 [pool-644-thread-1] INFO  segmented.SegmentedRaftLogWorker (SegmentedRaftLogWorker.java:lambda$new$0(132)) - c405a447-8661-4695-872e-62a6e38cc662-SegmentedRaftLogWorker:Storage Directory /workdir/hadoop-ozone/integration-test/target/test-dir/MiniOzoneClusterImpl-5d0a0d59-4b77-4b18-84f0-6f2c3eb763cf/datanode-1/data/ratis/4368c228-7ab2-454e-964c-1ef8febffaa9: flushIndex: setUnconditionally 0 -> -1
2019-09-04 07:20:54,754 [pool-633-thread-1] INFO  impl.RoleInfo (RoleInfo.java:updateAndGet(143)) - 6f223d4e-d516-4842-990f-c73eba4c9f9f: start FollowerState
2019-09-04 07:20:54,754 [pool-644-thread-1] INFO  server.RaftServerConfigKeys (ConfUtils.java:logGet(43)) - raft.server.snapshot.auto.trigger.enabled = true (custom)
2019-09-04 07:20:54,755 [pool-633-thread-1] INFO  util.JmxRegister (JmxRegister.java:tryRegister(44)) - Successfully registered JMX Bean with object name Ratis:service=RaftServer,group=group-1EF8FEBFFAA9,id=6f223d4e-d516-4842-990f-c73eba4c9f9f
2019-09-04 07:20:54,755 [pool-644-thread-1] INFO  server.RaftServerConfigKeys (ConfUtils.java:logGet(43)) - raft.server.snapshot.auto.trigger.threshold = 10000 (custom)
2019-09-04 07:20:54,755 [pool-644-thread-1] INFO  server.RaftServerConfigKeys (ConfUtils.java:logGet(43)) - raft.server.retrycache.expirytime = 600000ms (custom)
2019-09-04 07:20:54,755 [pool-644-thread-1] INFO  impl.RaftServerImpl (RaftServerImpl.java:start(180)) - c405a447-8661-4695-872e-62a6e38cc662: start group-1EF8FEBFFAA9
2019-09-04 07:20:54,755 [pool-644-thread-1] INFO  impl.RaftServerImpl (RaftServerImpl.java:setRole(171)) - c405a447-8661-4695-872e-62a6e38cc662:group-1EF8FEBFFAA9 changes role from null to FOLLOWER at term 0 for startAsFollower
2019-09-04 07:20:54,755 [pool-644-thread-1] INFO  impl.RoleInfo (RoleInfo.java:updateAndGet(143)) - c405a447-8661-4695-872e-62a6e38cc662: start FollowerState
2019-09-04 07:20:54,756 [pool-644-thread-1] INFO  util.JmxRegister (JmxRegister.java:tryRegister(44)) - Successfully registered JMX Bean with object name Ratis:service=RaftServer,group=group-1EF8FEBFFAA9,id=c405a447-8661-4695-872e-62a6e38cc662
2019-09-04 07:20:54,757 [RatisPipelineUtilsThread] INFO  pipeline.PipelineStateManager (PipelineStateManager.java:addPipeline(56)) - Created pipeline Pipeline[ Id: 4368c228-7ab2-454e-964c-1ef8febffaa9, Nodes: c405a447-8661-4695-872e-62a6e38cc662{ip: 192.168.34.9, host: pr-hdds-1569-tfczc-1762686928, networkLocation: /default-rack, certSerialId: null}6f223d4e-d516-4842-990f-c73eba4c9f9f{ip: 192.168.34.9, host: pr-hdds-1569-tfczc-1762686928, networkLocation: /default-rack, certSerialId: null}e5b5410c-7343-40b8-bab2-826c65acf05b{ip: 192.168.34.9, host: pr-hdds-1569-tfczc-1762686928, networkLocation: /default-rack, certSerialId: null}, Type:RATIS, Factor:THREE, State:OPEN]
2019-09-04 07:20:54,847 [IPC Server handler 17 on 45021] INFO  net.NetworkTopology (NetworkTopologyImpl.java:add(110)) - Added a new node: /default-rack/98937b65-337d-44f5-addc-6b2caf521cd7
2019-09-04 07:20:54,848 [IPC Server handler 17 on 45021] INFO  node.SCMNodeManager (SCMNodeManager.java:register(273)) - Registered Data node : 98937b65-337d-44f5-addc-6b2caf521cd7{ip: 192.168.34.9, host: pr-hdds-1569-tfczc-1762686928, networkLocation: /default-rack, certSerialId: null}
2019-09-04 07:20:54,848 | INFO  | SCMAudit | user=jenkins1000 | ip=192.168.34.9 | op=REGISTER {datanodeDetails=98937b65-337d-44f5-addc-6b2caf521cd7{ip: 192.168.34.9, host: pr-hdds-1569-tfczc-1762686928, networkLocation: /default-rack, certSerialId: null}} | ret=SUCCESS |  
2019-09-04 07:20:54,855 [grpc-default-executor-12] INFO  impl.RaftServerProxy (RaftServerProxy.java:addNew(89)) - 98937b65-337d-44f5-addc-6b2caf521cd7: addNew group-A26E67A9F246:[98937b65-337d-44f5-addc-6b2caf521cd7:192.168.34.9:46353] returns group-A26E67A9F246:java.util.concurrent.CompletableFuture@302c9d43[Not completed]
2019-09-04 07:20:54,856 [pool-666-thread-1] INFO  impl.RaftServerImpl (RaftServerImpl.java:<init>(93)) - 98937b65-337d-44f5-addc-6b2caf521cd7: new RaftServerImpl for group-A26E67A9F246:[98937b65-337d-44f5-addc-6b2caf521cd7:192.168.34.9:46353] with ContainerStateMachine:uninitialized
2019-09-04 07:20:54,856 [pool-666-thread-1] INFO  server.RaftServerConfigKeys (ConfUtils.java:logGet(43)) - raft.server.rpc.timeout.min = 5s (custom)
2019-09-04 07:20:54,856 [pool-666-thread-1] INFO  server.RaftServerConfigKeys (ConfUtils.java:logGet(43)) - raft.server.rpc.timeout.max = 5200ms (custom)
2019-09-04 07:20:54,857 [pool-666-thread-1] INFO  server.RaftServerConfigKeys (ConfUtils.java:logGet(43)) - raft.server.rpcslowness.timeout = 120s (custom)
2019-09-04 07:20:54,857 [pool-666-thread-1] INFO  server.RaftServerConfigKeys (ConfUtils.java:logGet(43)) - raft.server.sleep.deviation.threshold = 300 (default)
2019-09-04 07:20:54,857 [pool-666-thread-1] INFO  server.RaftServerConfigKeys (ConfUtils.java:logGet(43)) - raft.server.log.appender.install.snapshot.enabled = false (custom)
2019-09-04 07:20:54,857 [pool-666-thread-1] INFO  impl.RaftServerImpl (ServerState.java:<init>(105)) - 98937b65-337d-44f5-addc-6b2caf521cd7:group-A26E67A9F246 ConfigurationManager, init=-1: [98937b65-337d-44f5-addc-6b2caf521cd7:192.168.34.9:46353], old=null, confs=<EMPTY_MAP>
2019-09-04 07:20:54,857 [pool-666-thread-1] INFO  server.RaftServerConfigKeys (ConfUtils.java:logGet(43)) - raft.server.storage.dir = [/workdir/hadoop-ozone/integration-test/target/test-dir/MiniOzoneClusterImpl-5d0a0d59-4b77-4b18-84f0-6f2c3eb763cf/datanode-3/data/ratis] (custom)
2019-09-04 07:20:54,858 [pool-666-thread-1] INFO  storage.RaftStorageDirectory (RaftStorageDirectory.java:analyzeStorage(246)) - The storage directory /workdir/hadoop-ozone/integration-test/target/test-dir/MiniOzoneClusterImpl-5d0a0d59-4b77-4b18-84f0-6f2c3eb763cf/datanode-3/data/ratis/96c2e367-4cbd-42b1-8f91-a26e67a9f246 does not exist. Creating ...
2019-09-04 07:20:54,863 [pool-666-thread-1] INFO  storage.RaftStorageDirectory (RaftStorageDirectory.java:tryLock(328)) - Lock on /workdir/hadoop-ozone/integration-test/target/test-dir/MiniOzoneClusterImpl-5d0a0d59-4b77-4b18-84f0-6f2c3eb763cf/datanode-3/data/ratis/96c2e367-4cbd-42b1-8f91-a26e67a9f246/in_use.lock acquired by nodename 11922@pr-hdds-1569-tfczc-1762686928
2019-09-04 07:20:54,867 [pool-666-thread-1] INFO  storage.RaftStorage (RaftStorage.java:format(72)) - Storage directory /workdir/hadoop-ozone/integration-test/target/test-dir/MiniOzoneClusterImpl-5d0a0d59-4b77-4b18-84f0-6f2c3eb763cf/datanode-3/data/ratis/96c2e367-4cbd-42b1-8f91-a26e67a9f246 has been successfully formatted.
2019-09-04 07:20:54,867 [pool-666-thread-1] INFO  ratis.ContainerStateMachine (ContainerStateMachine.java:loadSnapshot(226)) - group-A26E67A9F246: The snapshot info is null. Setting the last applied indexto:(t:0, i:~)
2019-09-04 07:20:54,867 [pool-666-thread-1] INFO  server.RaftServerConfigKeys (ConfUtils.java:logGet(43)) - raft.server.leader.election.timeout = 120s (custom)
2019-09-04 07:20:54,867 [pool-666-thread-1] INFO  server.RaftServerConfigKeys (ConfUtils.java:logGet(43)) - raft.server.log.use.memory = false (default)
2019-09-04 07:20:54,868 [pool-666-thread-1] INFO  server.RaftServerConfigKeys (ConfUtils.java:logGet(43)) - raft.server.log.purge.gap = 1000000 (custom)
2019-09-04 07:20:54,868 [pool-666-thread-1] INFO  server.RaftServerConfigKeys (ConfUtils.java:logGet(43)) - raft.server.log.appender.buffer.byte-limit = 33554432 (custom)
2019-09-04 07:20:54,868 [pool-666-thread-1] INFO  server.RaftServerConfigKeys (ConfUtils.java:logGet(43)) - raft.server.log.segment.size.max = 1048576 (custom)
2019-09-04 07:20:54,868 [pool-666-thread-1] INFO  server.RaftServerConfigKeys (ConfUtils.java:logGet(43)) - raft.server.log.segment.cache.num.max = 2 (custom)
2019-09-04 07:20:54,868 [pool-666-thread-1] INFO  segmented.SegmentedRaftLogWorker (SegmentedRaftLogWorker.java:<init>(172)) - new 98937b65-337d-44f5-addc-6b2caf521cd7-SegmentedRaftLogWorker:Storage Directory /workdir/hadoop-ozone/integration-test/target/test-dir/MiniOzoneClusterImpl-5d0a0d59-4b77-4b18-84f0-6f2c3eb763cf/datanode-3/data/ratis/96c2e367-4cbd-42b1-8f91-a26e67a9f246 for RaftStorage:Storage Directory /workdir/hadoop-ozone/integration-test/target/test-dir/MiniOzoneClusterImpl-5d0a0d59-4b77-4b18-84f0-6f2c3eb763cf/datanode-3/data/ratis/96c2e367-4cbd-42b1-8f91-a26e67a9f246
2019-09-04 07:20:54,868 [pool-666-thread-1] INFO  server.RaftServerConfigKeys (ConfUtils.java:logGet(43)) - raft.server.log.queue.byte-limit = 2147483647 (custom)
2019-09-04 07:20:54,869 [pool-666-thread-1] INFO  server.RaftServerConfigKeys (ConfUtils.java:logGet(43)) - raft.server.log.queue.element-limit = 1024 (custom)
2019-09-04 07:20:54,869 [pool-666-thread-1] INFO  server.RaftServerConfigKeys (ConfUtils.java:logGet(43)) - raft.server.log.segment.size.max = 1048576 (custom)
2019-09-04 07:20:54,869 [pool-666-thread-1] INFO  server.RaftServerConfigKeys (ConfUtils.java:logGet(43)) - raft.server.log.preallocated.size = 16384 (custom)
2019-09-04 07:20:54,869 [pool-666-thread-1] INFO  server.RaftServerConfigKeys (ConfUtils.java:logGet(43)) - raft.server.log.write.buffer.size = 33554432 (custom)
2019-09-04 07:20:54,869 [pool-666-thread-1] INFO  server.RaftServerConfigKeys (ConfUtils.java:logGet(43)) - raft.server.log.force.sync.num = 128 (default)
2019-09-04 07:20:54,869 [pool-666-thread-1] INFO  server.RaftServerConfigKeys (ConfUtils.java:logGet(43)) - raft.server.log.statemachine.data.sync = true (default)
2019-09-04 07:20:54,870 [pool-666-thread-1] INFO  server.RaftServerConfigKeys (ConfUtils.java:logGet(43)) - raft.server.log.statemachine.data.sync.timeout = 10s (default)
2019-09-04 07:20:54,870 [pool-666-thread-1] INFO  server.RaftServerConfigKeys (ConfUtils.java:logGet(43)) - raft.server.log.statemachine.data.sync.timeout.retry = -1 (default)
2019-09-04 07:20:54,870 [pool-666-thread-1] INFO  server.RaftServerConfigKeys (ConfUtils.java:logGet(43)) - raft.server.log.statemachine.data.caching.enabled = true (custom)
2019-09-04 07:20:54,870 [pool-666-thread-1] INFO  segmented.SegmentedRaftLogWorker (SegmentedRaftLogWorker.java:lambda$new$0(132)) - 98937b65-337d-44f5-addc-6b2caf521cd7-SegmentedRaftLogWorker:Storage Directory /workdir/hadoop-ozone/integration-test/target/test-dir/MiniOzoneClusterImpl-5d0a0d59-4b77-4b18-84f0-6f2c3eb763cf/datanode-3/data/ratis/96c2e367-4cbd-42b1-8f91-a26e67a9f246: flushIndex: setUnconditionally 0 -> -1
2019-09-04 07:20:54,871 [pool-666-thread-1] INFO  server.RaftServerConfigKeys (ConfUtils.java:logGet(43)) - raft.server.snapshot.auto.trigger.enabled = true (custom)
2019-09-04 07:20:54,871 [pool-666-thread-1] INFO  server.RaftServerConfigKeys (ConfUtils.java:logGet(43)) - raft.server.snapshot.auto.trigger.threshold = 10000 (custom)
2019-09-04 07:20:54,871 [pool-666-thread-1] INFO  server.RaftServerConfigKeys (ConfUtils.java:logGet(43)) - raft.server.retrycache.expirytime = 600000ms (custom)
2019-09-04 07:20:54,871 [pool-666-thread-1] INFO  impl.RaftServerImpl (RaftServerImpl.java:start(180)) - 98937b65-337d-44f5-addc-6b2caf521cd7: start group-A26E67A9F246
2019-09-04 07:20:54,871 [pool-666-thread-1] INFO  impl.RaftServerImpl (RaftServerImpl.java:setRole(171)) - 98937b65-337d-44f5-addc-6b2caf521cd7:group-A26E67A9F246 changes role from null to FOLLOWER at term 0 for startAsFollower
2019-09-04 07:20:54,871 [pool-666-thread-1] INFO  impl.RoleInfo (RoleInfo.java:updateAndGet(143)) - 98937b65-337d-44f5-addc-6b2caf521cd7: start FollowerState
2019-09-04 07:20:54,878 [pool-666-thread-1] INFO  util.JmxRegister (JmxRegister.java:tryRegister(44)) - Successfully registered JMX Bean with object name Ratis:service=RaftServer,group=group-A26E67A9F246,id=98937b65-337d-44f5-addc-6b2caf521cd7
2019-09-04 07:20:54,885 [RatisPipelineUtilsThread] INFO  pipeline.PipelineStateManager (PipelineStateManager.java:addPipeline(56)) - Created pipeline Pipeline[ Id: 96c2e367-4cbd-42b1-8f91-a26e67a9f246, Nodes: 98937b65-337d-44f5-addc-6b2caf521cd7{ip: 192.168.34.9, host: pr-hdds-1569-tfczc-1762686928, networkLocation: /default-rack, certSerialId: null}, Type:RATIS, Factor:ONE, State:OPEN]
2019-09-04 07:20:55,030 [IPC Server handler 16 on 45021] INFO  net.NetworkTopology (NetworkTopologyImpl.java:add(110)) - Added a new node: /default-rack/86a5a05f-5180-4464-ac5c-93670ce4c4ec
2019-09-04 07:20:55,031 [IPC Server handler 16 on 45021] INFO  node.SCMNodeManager (SCMNodeManager.java:register(273)) - Registered Data node : 86a5a05f-5180-4464-ac5c-93670ce4c4ec{ip: 192.168.34.9, host: pr-hdds-1569-tfczc-1762686928, networkLocation: /default-rack, certSerialId: null}
2019-09-04 07:20:55,031 | INFO  | SCMAudit | user=jenkins1000 | ip=192.168.34.9 | op=REGISTER {datanodeDetails=86a5a05f-5180-4464-ac5c-93670ce4c4ec{ip: 192.168.34.9, host: pr-hdds-1569-tfczc-1762686928, networkLocation: /default-rack, certSerialId: null}} | ret=SUCCESS |  
2019-09-04 07:20:55,038 [grpc-default-executor-12] INFO  impl.RaftServerProxy (RaftServerProxy.java:addNew(89)) - 86a5a05f-5180-4464-ac5c-93670ce4c4ec: addNew group-E8DE2CA950BD:[86a5a05f-5180-4464-ac5c-93670ce4c4ec:192.168.34.9:33782] returns group-E8DE2CA950BD:java.util.concurrent.CompletableFuture@6d159950[Not completed]
2019-09-04 07:20:55,039 [pool-677-thread-1] INFO  impl.RaftServerImpl (RaftServerImpl.java:<init>(93)) - 86a5a05f-5180-4464-ac5c-93670ce4c4ec: new RaftServerImpl for group-E8DE2CA950BD:[86a5a05f-5180-4464-ac5c-93670ce4c4ec:192.168.34.9:33782] with ContainerStateMachine:uninitialized
2019-09-04 07:20:55,039 [pool-677-thread-1] INFO  server.RaftServerConfigKeys (ConfUtils.java:logGet(43)) - raft.server.rpc.timeout.min = 5s (custom)
2019-09-04 07:20:55,039 [pool-677-thread-1] INFO  server.RaftServerConfigKeys (ConfUtils.java:logGet(43)) - raft.server.rpc.timeout.max = 5200ms (custom)
2019-09-04 07:20:55,039 [pool-677-thread-1] INFO  server.RaftServerConfigKeys (ConfUtils.java:logGet(43)) - raft.server.rpcslowness.timeout = 120s (custom)
2019-09-04 07:20:55,039 [pool-677-thread-1] INFO  server.RaftServerConfigKeys (ConfUtils.java:logGet(43)) - raft.server.sleep.deviation.threshold = 300 (default)
2019-09-04 07:20:55,039 [pool-677-thread-1] INFO  server.RaftServerConfigKeys (ConfUtils.java:logGet(43)) - raft.server.log.appender.install.snapshot.enabled = false (custom)
2019-09-04 07:20:55,039 [pool-677-thread-1] INFO  impl.RaftServerImpl (ServerState.java:<init>(105)) - 86a5a05f-5180-4464-ac5c-93670ce4c4ec:group-E8DE2CA950BD ConfigurationManager, init=-1: [86a5a05f-5180-4464-ac5c-93670ce4c4ec:192.168.34.9:33782], old=null, confs=<EMPTY_MAP>
2019-09-04 07:20:55,040 [pool-677-thread-1] INFO  server.RaftServerConfigKeys (ConfUtils.java:logGet(43)) - raft.server.storage.dir = [/workdir/hadoop-ozone/integration-test/target/test-dir/MiniOzoneClusterImpl-5d0a0d59-4b77-4b18-84f0-6f2c3eb763cf/datanode-4/data/ratis] (custom)
2019-09-04 07:20:55,042 [pool-677-thread-1] INFO  storage.RaftStorageDirectory (RaftStorageDirectory.java:analyzeStorage(246)) - The storage directory /workdir/hadoop-ozone/integration-test/target/test-dir/MiniOzoneClusterImpl-5d0a0d59-4b77-4b18-84f0-6f2c3eb763cf/datanode-4/data/ratis/5a29294f-0ecd-4d81-a3f6-e8de2ca950bd does not exist. Creating ...
2019-09-04 07:20:55,075 [pool-677-thread-1] INFO  storage.RaftStorageDirectory (RaftStorageDirectory.java:tryLock(328)) - Lock on /workdir/hadoop-ozone/integration-test/target/test-dir/MiniOzoneClusterImpl-5d0a0d59-4b77-4b18-84f0-6f2c3eb763cf/datanode-4/data/ratis/5a29294f-0ecd-4d81-a3f6-e8de2ca950bd/in_use.lock acquired by nodename 11922@pr-hdds-1569-tfczc-1762686928
2019-09-04 07:20:55,089 [pool-677-thread-1] INFO  storage.RaftStorage (RaftStorage.java:format(72)) - Storage directory /workdir/hadoop-ozone/integration-test/target/test-dir/MiniOzoneClusterImpl-5d0a0d59-4b77-4b18-84f0-6f2c3eb763cf/datanode-4/data/ratis/5a29294f-0ecd-4d81-a3f6-e8de2ca950bd has been successfully formatted.
2019-09-04 07:20:55,089 [pool-677-thread-1] INFO  ratis.ContainerStateMachine (ContainerStateMachine.java:loadSnapshot(226)) - group-E8DE2CA950BD: The snapshot info is null. Setting the last applied indexto:(t:0, i:~)
2019-09-04 07:20:55,089 [pool-677-thread-1] INFO  server.RaftServerConfigKeys (ConfUtils.java:logGet(43)) - raft.server.leader.election.timeout = 120s (custom)
2019-09-04 07:20:55,089 [pool-677-thread-1] INFO  server.RaftServerConfigKeys (ConfUtils.java:logGet(43)) - raft.server.log.use.memory = false (default)
2019-09-04 07:20:55,089 [pool-677-thread-1] INFO  server.RaftServerConfigKeys (ConfUtils.java:logGet(43)) - raft.server.log.purge.gap = 1000000 (custom)
2019-09-04 07:20:55,090 [pool-677-thread-1] INFO  server.RaftServerConfigKeys (ConfUtils.java:logGet(43)) - raft.server.log.appender.buffer.byte-limit = 33554432 (custom)
2019-09-04 07:20:55,090 [pool-677-thread-1] INFO  server.RaftServerConfigKeys (ConfUtils.java:logGet(43)) - raft.server.log.segment.size.max = 1048576 (custom)
2019-09-04 07:20:55,090 [pool-677-thread-1] INFO  server.RaftServerConfigKeys (ConfUtils.java:logGet(43)) - raft.server.log.segment.cache.num.max = 2 (custom)
2019-09-04 07:20:55,090 [pool-677-thread-1] INFO  segmented.SegmentedRaftLogWorker (SegmentedRaftLogWorker.java:<init>(172)) - new 86a5a05f-5180-4464-ac5c-93670ce4c4ec-SegmentedRaftLogWorker:Storage Directory /workdir/hadoop-ozone/integration-test/target/test-dir/MiniOzoneClusterImpl-5d0a0d59-4b77-4b18-84f0-6f2c3eb763cf/datanode-4/data/ratis/5a29294f-0ecd-4d81-a3f6-e8de2ca950bd for RaftStorage:Storage Directory /workdir/hadoop-ozone/integration-test/target/test-dir/MiniOzoneClusterImpl-5d0a0d59-4b77-4b18-84f0-6f2c3eb763cf/datanode-4/data/ratis/5a29294f-0ecd-4d81-a3f6-e8de2ca950bd
2019-09-04 07:20:55,090 [pool-677-thread-1] INFO  server.RaftServerConfigKeys (ConfUtils.java:logGet(43)) - raft.server.log.queue.byte-limit = 2147483647 (custom)
2019-09-04 07:20:55,090 [pool-677-thread-1] INFO  server.RaftServerConfigKeys (ConfUtils.java:logGet(43)) - raft.server.log.queue.element-limit = 1024 (custom)
2019-09-04 07:20:55,090 [pool-677-thread-1] INFO  server.RaftServerConfigKeys (ConfUtils.java:logGet(43)) - raft.server.log.segment.size.max = 1048576 (custom)
2019-09-04 07:20:55,090 [pool-677-thread-1] INFO  server.RaftServerConfigKeys (ConfUtils.java:logGet(43)) - raft.server.log.preallocated.size = 16384 (custom)
2019-09-04 07:20:55,090 [pool-677-thread-1] INFO  server.RaftServerConfigKeys (ConfUtils.java:logGet(43)) - raft.server.log.write.buffer.size = 33554432 (custom)
2019-09-04 07:20:55,091 [pool-677-thread-1] INFO  server.RaftServerConfigKeys (ConfUtils.java:logGet(43)) - raft.server.log.force.sync.num = 128 (default)
2019-09-04 07:20:55,091 [pool-677-thread-1] INFO  server.RaftServerConfigKeys (ConfUtils.java:logGet(43)) - raft.server.log.statemachine.data.sync = true (default)
2019-09-04 07:20:55,091 [pool-677-thread-1] INFO  server.RaftServerConfigKeys (ConfUtils.java:logGet(43)) - raft.server.log.statemachine.data.sync.timeout = 10s (default)
2019-09-04 07:20:55,091 [pool-677-thread-1] INFO  server.RaftServerConfigKeys (ConfUtils.java:logGet(43)) - raft.server.log.statemachine.data.sync.timeout.retry = -1 (default)
2019-09-04 07:20:55,091 [pool-677-thread-1] INFO  server.RaftServerConfigKeys (ConfUtils.java:logGet(43)) - raft.server.log.statemachine.data.caching.enabled = true (custom)
2019-09-04 07:20:55,091 [pool-677-thread-1] INFO  segmented.SegmentedRaftLogWorker (SegmentedRaftLogWorker.java:lambda$new$0(132)) - 86a5a05f-5180-4464-ac5c-93670ce4c4ec-SegmentedRaftLogWorker:Storage Directory /workdir/hadoop-ozone/integration-test/target/test-dir/MiniOzoneClusterImpl-5d0a0d59-4b77-4b18-84f0-6f2c3eb763cf/datanode-4/data/ratis/5a29294f-0ecd-4d81-a3f6-e8de2ca950bd: flushIndex: setUnconditionally 0 -> -1
2019-09-04 07:20:55,091 [pool-677-thread-1] INFO  server.RaftServerConfigKeys (ConfUtils.java:logGet(43)) - raft.server.snapshot.auto.trigger.enabled = true (custom)
2019-09-04 07:20:55,092 [pool-677-thread-1] INFO  server.RaftServerConfigKeys (ConfUtils.java:logGet(43)) - raft.server.snapshot.auto.trigger.threshold = 10000 (custom)
2019-09-04 07:20:55,092 [pool-677-thread-1] INFO  server.RaftServerConfigKeys (ConfUtils.java:logGet(43)) - raft.server.retrycache.expirytime = 600000ms (custom)
2019-09-04 07:20:55,092 [pool-677-thread-1] INFO  impl.RaftServerImpl (RaftServerImpl.java:start(180)) - 86a5a05f-5180-4464-ac5c-93670ce4c4ec: start group-E8DE2CA950BD
2019-09-04 07:20:55,092 [pool-677-thread-1] INFO  impl.RaftServerImpl (RaftServerImpl.java:setRole(171)) - 86a5a05f-5180-4464-ac5c-93670ce4c4ec:group-E8DE2CA950BD changes role from null to FOLLOWER at term 0 for startAsFollower
2019-09-04 07:20:55,092 [pool-677-thread-1] INFO  impl.RoleInfo (RoleInfo.java:updateAndGet(143)) - 86a5a05f-5180-4464-ac5c-93670ce4c4ec: start FollowerState
2019-09-04 07:20:55,092 [pool-677-thread-1] INFO  util.JmxRegister (JmxRegister.java:tryRegister(44)) - Successfully registered JMX Bean with object name Ratis:service=RaftServer,group=group-E8DE2CA950BD,id=86a5a05f-5180-4464-ac5c-93670ce4c4ec
2019-09-04 07:20:55,094 [RatisPipelineUtilsThread] INFO  pipeline.PipelineStateManager (PipelineStateManager.java:addPipeline(56)) - Created pipeline Pipeline[ Id: 5a29294f-0ecd-4d81-a3f6-e8de2ca950bd, Nodes: 86a5a05f-5180-4464-ac5c-93670ce4c4ec{ip: 192.168.34.9, host: pr-hdds-1569-tfczc-1762686928, networkLocation: /default-rack, certSerialId: null}, Type:RATIS, Factor:ONE, State:OPEN]
2019-09-04 07:20:55,533 [IPC Server handler 18 on 45021] INFO  net.NetworkTopology (NetworkTopologyImpl.java:add(110)) - Added a new node: /default-rack/7a11b573-71f8-4ea4-abf9-99486384f03f
2019-09-04 07:20:55,533 [IPC Server handler 18 on 45021] INFO  node.SCMNodeManager (SCMNodeManager.java:register(273)) - Registered Data node : 7a11b573-71f8-4ea4-abf9-99486384f03f{ip: 192.168.34.9, host: pr-hdds-1569-tfczc-1762686928, networkLocation: /default-rack, certSerialId: null}
2019-09-04 07:20:55,533 | INFO  | SCMAudit | user=jenkins1000 | ip=192.168.34.9 | op=REGISTER {datanodeDetails=7a11b573-71f8-4ea4-abf9-99486384f03f{ip: 192.168.34.9, host: pr-hdds-1569-tfczc-1762686928, networkLocation: /default-rack, certSerialId: null}} | ret=SUCCESS |  
2019-09-04 07:20:55,539 [grpc-default-executor-12] INFO  impl.RaftServerProxy (RaftServerProxy.java:addNew(89)) - 7a11b573-71f8-4ea4-abf9-99486384f03f: addNew group-E923E1EE0AF8:[7a11b573-71f8-4ea4-abf9-99486384f03f:192.168.34.9:39275] returns group-E923E1EE0AF8:java.util.concurrent.CompletableFuture@641654de[Not completed]
2019-09-04 07:20:55,540 [pool-688-thread-1] INFO  impl.RaftServerImpl (RaftServerImpl.java:<init>(93)) - 7a11b573-71f8-4ea4-abf9-99486384f03f: new RaftServerImpl for group-E923E1EE0AF8:[7a11b573-71f8-4ea4-abf9-99486384f03f:192.168.34.9:39275] with ContainerStateMachine:uninitialized
2019-09-04 07:20:55,541 [pool-688-thread-1] INFO  server.RaftServerConfigKeys (ConfUtils.java:logGet(43)) - raft.server.rpc.timeout.min = 5s (custom)
2019-09-04 07:20:55,541 [pool-688-thread-1] INFO  server.RaftServerConfigKeys (ConfUtils.java:logGet(43)) - raft.server.rpc.timeout.max = 5200ms (custom)
2019-09-04 07:20:55,541 [pool-688-thread-1] INFO  server.RaftServerConfigKeys (ConfUtils.java:logGet(43)) - raft.server.rpcslowness.timeout = 120s (custom)
2019-09-04 07:20:55,541 [pool-688-thread-1] INFO  server.RaftServerConfigKeys (ConfUtils.java:logGet(43)) - raft.server.sleep.deviation.threshold = 300 (default)
2019-09-04 07:20:55,541 [pool-688-thread-1] INFO  server.RaftServerConfigKeys (ConfUtils.java:logGet(43)) - raft.server.log.appender.install.snapshot.enabled = false (custom)
2019-09-04 07:20:55,541 [pool-688-thread-1] INFO  impl.RaftServerImpl (ServerState.java:<init>(105)) - 7a11b573-71f8-4ea4-abf9-99486384f03f:group-E923E1EE0AF8 ConfigurationManager, init=-1: [7a11b573-71f8-4ea4-abf9-99486384f03f:192.168.34.9:39275], old=null, confs=<EMPTY_MAP>
2019-09-04 07:20:55,542 [pool-688-thread-1] INFO  server.RaftServerConfigKeys (ConfUtils.java:logGet(43)) - raft.server.storage.dir = [/workdir/hadoop-ozone/integration-test/target/test-dir/MiniOzoneClusterImpl-5d0a0d59-4b77-4b18-84f0-6f2c3eb763cf/datanode-5/data/ratis] (custom)
2019-09-04 07:20:55,542 [pool-688-thread-1] INFO  storage.RaftStorageDirectory (RaftStorageDirectory.java:analyzeStorage(246)) - The storage directory /workdir/hadoop-ozone/integration-test/target/test-dir/MiniOzoneClusterImpl-5d0a0d59-4b77-4b18-84f0-6f2c3eb763cf/datanode-5/data/ratis/d9d043d3-fe56-4a48-8791-e923e1ee0af8 does not exist. Creating ...
2019-09-04 07:20:55,555 [pool-688-thread-1] INFO  storage.RaftStorageDirectory (RaftStorageDirectory.java:tryLock(328)) - Lock on /workdir/hadoop-ozone/integration-test/target/test-dir/MiniOzoneClusterImpl-5d0a0d59-4b77-4b18-84f0-6f2c3eb763cf/datanode-5/data/ratis/d9d043d3-fe56-4a48-8791-e923e1ee0af8/in_use.lock acquired by nodename 11922@pr-hdds-1569-tfczc-1762686928
2019-09-04 07:20:55,568 [pool-688-thread-1] INFO  storage.RaftStorage (RaftStorage.java:format(72)) - Storage directory /workdir/hadoop-ozone/integration-test/target/test-dir/MiniOzoneClusterImpl-5d0a0d59-4b77-4b18-84f0-6f2c3eb763cf/datanode-5/data/ratis/d9d043d3-fe56-4a48-8791-e923e1ee0af8 has been successfully formatted.
2019-09-04 07:20:55,568 [pool-688-thread-1] INFO  ratis.ContainerStateMachine (ContainerStateMachine.java:loadSnapshot(226)) - group-E923E1EE0AF8: The snapshot info is null. Setting the last applied indexto:(t:0, i:~)
2019-09-04 07:20:55,569 [pool-688-thread-1] INFO  server.RaftServerConfigKeys (ConfUtils.java:logGet(43)) - raft.server.leader.election.timeout = 120s (custom)
2019-09-04 07:20:55,569 [pool-688-thread-1] INFO  server.RaftServerConfigKeys (ConfUtils.java:logGet(43)) - raft.server.log.use.memory = false (default)
2019-09-04 07:20:55,569 [pool-688-thread-1] INFO  server.RaftServerConfigKeys (ConfUtils.java:logGet(43)) - raft.server.log.purge.gap = 1000000 (custom)
2019-09-04 07:20:55,569 [pool-688-thread-1] INFO  server.RaftServerConfigKeys (ConfUtils.java:logGet(43)) - raft.server.log.appender.buffer.byte-limit = 33554432 (custom)
2019-09-04 07:20:55,569 [pool-688-thread-1] INFO  server.RaftServerConfigKeys (ConfUtils.java:logGet(43)) - raft.server.log.segment.size.max = 1048576 (custom)
2019-09-04 07:20:55,569 [pool-688-thread-1] INFO  server.RaftServerConfigKeys (ConfUtils.java:logGet(43)) - raft.server.log.segment.cache.num.max = 2 (custom)
2019-09-04 07:20:55,569 [pool-688-thread-1] INFO  segmented.SegmentedRaftLogWorker (SegmentedRaftLogWorker.java:<init>(172)) - new 7a11b573-71f8-4ea4-abf9-99486384f03f-SegmentedRaftLogWorker:Storage Directory /workdir/hadoop-ozone/integration-test/target/test-dir/MiniOzoneClusterImpl-5d0a0d59-4b77-4b18-84f0-6f2c3eb763cf/datanode-5/data/ratis/d9d043d3-fe56-4a48-8791-e923e1ee0af8 for RaftStorage:Storage Directory /workdir/hadoop-ozone/integration-test/target/test-dir/MiniOzoneClusterImpl-5d0a0d59-4b77-4b18-84f0-6f2c3eb763cf/datanode-5/data/ratis/d9d043d3-fe56-4a48-8791-e923e1ee0af8
2019-09-04 07:20:55,570 [pool-688-thread-1] INFO  server.RaftServerConfigKeys (ConfUtils.java:logGet(43)) - raft.server.log.queue.byte-limit = 2147483647 (custom)
2019-09-04 07:20:55,570 [pool-688-thread-1] INFO  server.RaftServerConfigKeys (ConfUtils.java:logGet(43)) - raft.server.log.queue.element-limit = 1024 (custom)
2019-09-04 07:20:55,570 [pool-688-thread-1] INFO  server.RaftServerConfigKeys (ConfUtils.java:logGet(43)) - raft.server.log.segment.size.max = 1048576 (custom)
2019-09-04 07:20:55,570 [pool-688-thread-1] INFO  server.RaftServerConfigKeys (ConfUtils.java:logGet(43)) - raft.server.log.preallocated.size = 16384 (custom)
2019-09-04 07:20:55,570 [pool-688-thread-1] INFO  server.RaftServerConfigKeys (ConfUtils.java:logGet(43)) - raft.server.log.write.buffer.size = 33554432 (custom)
2019-09-04 07:20:55,571 [pool-688-thread-1] INFO  server.RaftServerConfigKeys (ConfUtils.java:logGet(43)) - raft.server.log.force.sync.num = 128 (default)
2019-09-04 07:20:55,571 [pool-688-thread-1] INFO  server.RaftServerConfigKeys (ConfUtils.java:logGet(43)) - raft.server.log.statemachine.data.sync = true (default)
2019-09-04 07:20:55,571 [pool-688-thread-1] INFO  server.RaftServerConfigKeys (ConfUtils.java:logGet(43)) - raft.server.log.statemachine.data.sync.timeout = 10s (default)
2019-09-04 07:20:55,571 [pool-688-thread-1] INFO  server.RaftServerConfigKeys (ConfUtils.java:logGet(43)) - raft.server.log.statemachine.data.sync.timeout.retry = -1 (default)
2019-09-04 07:20:55,571 [pool-688-thread-1] INFO  server.RaftServerConfigKeys (ConfUtils.java:logGet(43)) - raft.server.log.statemachine.data.caching.enabled = true (custom)
2019-09-04 07:20:55,572 [pool-688-thread-1] INFO  segmented.SegmentedRaftLogWorker (SegmentedRaftLogWorker.java:lambda$new$0(132)) - 7a11b573-71f8-4ea4-abf9-99486384f03f-SegmentedRaftLogWorker:Storage Directory /workdir/hadoop-ozone/integration-test/target/test-dir/MiniOzoneClusterImpl-5d0a0d59-4b77-4b18-84f0-6f2c3eb763cf/datanode-5/data/ratis/d9d043d3-fe56-4a48-8791-e923e1ee0af8: flushIndex: setUnconditionally 0 -> -1
2019-09-04 07:20:55,572 [pool-688-thread-1] INFO  server.RaftServerConfigKeys (ConfUtils.java:logGet(43)) - raft.server.snapshot.auto.trigger.enabled = true (custom)
2019-09-04 07:20:55,572 [pool-688-thread-1] INFO  server.RaftServerConfigKeys (ConfUtils.java:logGet(43)) - raft.server.snapshot.auto.trigger.threshold = 10000 (custom)
2019-09-04 07:20:55,572 [pool-688-thread-1] INFO  server.RaftServerConfigKeys (ConfUtils.java:logGet(43)) - raft.server.retrycache.expirytime = 600000ms (custom)
2019-09-04 07:20:55,573 [pool-688-thread-1] INFO  impl.RaftServerImpl (RaftServerImpl.java:start(180)) - 7a11b573-71f8-4ea4-abf9-99486384f03f: start group-E923E1EE0AF8
2019-09-04 07:20:55,573 [pool-688-thread-1] INFO  impl.RaftServerImpl (RaftServerImpl.java:setRole(171)) - 7a11b573-71f8-4ea4-abf9-99486384f03f:group-E923E1EE0AF8 changes role from null to FOLLOWER at term 0 for startAsFollower
2019-09-04 07:20:55,573 [pool-688-thread-1] INFO  impl.RoleInfo (RoleInfo.java:updateAndGet(143)) - 7a11b573-71f8-4ea4-abf9-99486384f03f: start FollowerState
2019-09-04 07:20:55,573 [pool-688-thread-1] INFO  util.JmxRegister (JmxRegister.java:tryRegister(44)) - Successfully registered JMX Bean with object name Ratis:service=RaftServer,group=group-E923E1EE0AF8,id=7a11b573-71f8-4ea4-abf9-99486384f03f
2019-09-04 07:20:55,575 [RatisPipelineUtilsThread] INFO  pipeline.PipelineStateManager (PipelineStateManager.java:addPipeline(56)) - Created pipeline Pipeline[ Id: d9d043d3-fe56-4a48-8791-e923e1ee0af8, Nodes: 7a11b573-71f8-4ea4-abf9-99486384f03f{ip: 192.168.34.9, host: pr-hdds-1569-tfczc-1762686928, networkLocation: /default-rack, certSerialId: null}, Type:RATIS, Factor:ONE, State:OPEN]
2019-09-04 07:20:55,584 [grpc-default-executor-9] INFO  impl.RaftServerProxy (RaftServerProxy.java:addNew(89)) - 98937b65-337d-44f5-addc-6b2caf521cd7: addNew group-4EFBC48085DE:[7a11b573-71f8-4ea4-abf9-99486384f03f:192.168.34.9:39275, 98937b65-337d-44f5-addc-6b2caf521cd7:192.168.34.9:46353, 86a5a05f-5180-4464-ac5c-93670ce4c4ec:192.168.34.9:33782] returns group-4EFBC48085DE:java.util.concurrent.CompletableFuture@5f5ad70f[Not completed]
2019-09-04 07:20:55,584 [grpc-default-executor-12] INFO  impl.RaftServerProxy (RaftServerProxy.java:addNew(89)) - 86a5a05f-5180-4464-ac5c-93670ce4c4ec: addNew group-4EFBC48085DE:[7a11b573-71f8-4ea4-abf9-99486384f03f:192.168.34.9:39275, 98937b65-337d-44f5-addc-6b2caf521cd7:192.168.34.9:46353, 86a5a05f-5180-4464-ac5c-93670ce4c4ec:192.168.34.9:33782] returns group-4EFBC48085DE:java.util.concurrent.CompletableFuture@22b1c3f7[Not completed]
2019-09-04 07:20:55,584 [grpc-default-executor-11] INFO  impl.RaftServerProxy (RaftServerProxy.java:addNew(89)) - 7a11b573-71f8-4ea4-abf9-99486384f03f: addNew group-4EFBC48085DE:[7a11b573-71f8-4ea4-abf9-99486384f03f:192.168.34.9:39275, 98937b65-337d-44f5-addc-6b2caf521cd7:192.168.34.9:46353, 86a5a05f-5180-4464-ac5c-93670ce4c4ec:192.168.34.9:33782] returns group-4EFBC48085DE:java.util.concurrent.CompletableFuture@21b2a7b5[Not completed]
2019-09-04 07:20:55,585 [pool-666-thread-1] INFO  impl.RaftServerImpl (RaftServerImpl.java:<init>(93)) - 98937b65-337d-44f5-addc-6b2caf521cd7: new RaftServerImpl for group-4EFBC48085DE:[7a11b573-71f8-4ea4-abf9-99486384f03f:192.168.34.9:39275, 98937b65-337d-44f5-addc-6b2caf521cd7:192.168.34.9:46353, 86a5a05f-5180-4464-ac5c-93670ce4c4ec:192.168.34.9:33782] with ContainerStateMachine:uninitialized
2019-09-04 07:20:55,586 [pool-666-thread-1] INFO  server.RaftServerConfigKeys (ConfUtils.java:logGet(43)) - raft.server.rpc.timeout.min = 5s (custom)
2019-09-04 07:20:55,586 [pool-666-thread-1] INFO  server.RaftServerConfigKeys (ConfUtils.java:logGet(43)) - raft.server.rpc.timeout.max = 5200ms (custom)
2019-09-04 07:20:55,586 [pool-666-thread-1] INFO  server.RaftServerConfigKeys (ConfUtils.java:logGet(43)) - raft.server.rpcslowness.timeout = 120s (custom)
2019-09-04 07:20:55,586 [pool-666-thread-1] INFO  server.RaftServerConfigKeys (ConfUtils.java:logGet(43)) - raft.server.sleep.deviation.threshold = 300 (default)
2019-09-04 07:20:55,586 [pool-666-thread-1] INFO  server.RaftServerConfigKeys (ConfUtils.java:logGet(43)) - raft.server.log.appender.install.snapshot.enabled = false (custom)
2019-09-04 07:20:55,586 [pool-666-thread-1] INFO  impl.RaftServerImpl (ServerState.java:<init>(105)) - 98937b65-337d-44f5-addc-6b2caf521cd7:group-4EFBC48085DE ConfigurationManager, init=-1: [7a11b573-71f8-4ea4-abf9-99486384f03f:192.168.34.9:39275, 98937b65-337d-44f5-addc-6b2caf521cd7:192.168.34.9:46353, 86a5a05f-5180-4464-ac5c-93670ce4c4ec:192.168.34.9:33782], old=null, confs=<EMPTY_MAP>
2019-09-04 07:20:55,586 [pool-688-thread-1] INFO  impl.RaftServerImpl (RaftServerImpl.java:<init>(93)) - 7a11b573-71f8-4ea4-abf9-99486384f03f: new RaftServerImpl for group-4EFBC48085DE:[7a11b573-71f8-4ea4-abf9-99486384f03f:192.168.34.9:39275, 98937b65-337d-44f5-addc-6b2caf521cd7:192.168.34.9:46353, 86a5a05f-5180-4464-ac5c-93670ce4c4ec:192.168.34.9:33782] with ContainerStateMachine:uninitialized
2019-09-04 07:20:55,586 [pool-666-thread-1] INFO  server.RaftServerConfigKeys (ConfUtils.java:logGet(43)) - raft.server.storage.dir = [/workdir/hadoop-ozone/integration-test/target/test-dir/MiniOzoneClusterImpl-5d0a0d59-4b77-4b18-84f0-6f2c3eb763cf/datanode-3/data/ratis] (custom)
2019-09-04 07:20:55,586 [pool-688-thread-1] INFO  server.RaftServerConfigKeys (ConfUtils.java:logGet(43)) - raft.server.rpc.timeout.min = 5s (custom)
2019-09-04 07:20:55,586 [pool-677-thread-1] INFO  impl.RaftServerImpl (RaftServerImpl.java:<init>(93)) - 86a5a05f-5180-4464-ac5c-93670ce4c4ec: new RaftServerImpl for group-4EFBC48085DE:[7a11b573-71f8-4ea4-abf9-99486384f03f:192.168.34.9:39275, 98937b65-337d-44f5-addc-6b2caf521cd7:192.168.34.9:46353, 86a5a05f-5180-4464-ac5c-93670ce4c4ec:192.168.34.9:33782] with ContainerStateMachine:uninitialized
2019-09-04 07:20:55,586 [pool-666-thread-1] INFO  storage.RaftStorageDirectory (RaftStorageDirectory.java:analyzeStorage(246)) - The storage directory /workdir/hadoop-ozone/integration-test/target/test-dir/MiniOzoneClusterImpl-5d0a0d59-4b77-4b18-84f0-6f2c3eb763cf/datanode-3/data/ratis/63d9695f-8aae-42db-b525-4efbc48085de does not exist. Creating ...
2019-09-04 07:20:55,586 [pool-688-thread-1] INFO  server.RaftServerConfigKeys (ConfUtils.java:logGet(43)) - raft.server.rpc.timeout.max = 5200ms (custom)
2019-09-04 07:20:55,587 [pool-677-thread-1] INFO  server.RaftServerConfigKeys (ConfUtils.java:logGet(43)) - raft.server.rpc.timeout.min = 5s (custom)
2019-09-04 07:20:55,587 [pool-688-thread-1] INFO  server.RaftServerConfigKeys (ConfUtils.java:logGet(43)) - raft.server.rpcslowness.timeout = 120s (custom)
2019-09-04 07:20:55,587 [pool-677-thread-1] INFO  server.RaftServerConfigKeys (ConfUtils.java:logGet(43)) - raft.server.rpc.timeout.max = 5200ms (custom)
2019-09-04 07:20:55,587 [pool-688-thread-1] INFO  server.RaftServerConfigKeys (ConfUtils.java:logGet(43)) - raft.server.sleep.deviation.threshold = 300 (default)
2019-09-04 07:20:55,587 [pool-677-thread-1] INFO  server.RaftServerConfigKeys (ConfUtils.java:logGet(43)) - raft.server.rpcslowness.timeout = 120s (custom)
2019-09-04 07:20:55,587 [pool-688-thread-1] INFO  server.RaftServerConfigKeys (ConfUtils.java:logGet(43)) - raft.server.log.appender.install.snapshot.enabled = false (custom)
2019-09-04 07:20:55,587 [pool-677-thread-1] INFO  server.RaftServerConfigKeys (ConfUtils.java:logGet(43)) - raft.server.sleep.deviation.threshold = 300 (default)
2019-09-04 07:20:55,587 [pool-688-thread-1] INFO  impl.RaftServerImpl (ServerState.java:<init>(105)) - 7a11b573-71f8-4ea4-abf9-99486384f03f:group-4EFBC48085DE ConfigurationManager, init=-1: [7a11b573-71f8-4ea4-abf9-99486384f03f:192.168.34.9:39275, 98937b65-337d-44f5-addc-6b2caf521cd7:192.168.34.9:46353, 86a5a05f-5180-4464-ac5c-93670ce4c4ec:192.168.34.9:33782], old=null, confs=<EMPTY_MAP>
2019-09-04 07:20:55,587 [pool-677-thread-1] INFO  server.RaftServerConfigKeys (ConfUtils.java:logGet(43)) - raft.server.log.appender.install.snapshot.enabled = false (custom)
2019-09-04 07:20:55,588 [pool-688-thread-1] INFO  server.RaftServerConfigKeys (ConfUtils.java:logGet(43)) - raft.server.storage.dir = [/workdir/hadoop-ozone/integration-test/target/test-dir/MiniOzoneClusterImpl-5d0a0d59-4b77-4b18-84f0-6f2c3eb763cf/datanode-5/data/ratis] (custom)
2019-09-04 07:20:55,588 [pool-677-thread-1] INFO  impl.RaftServerImpl (ServerState.java:<init>(105)) - 86a5a05f-5180-4464-ac5c-93670ce4c4ec:group-4EFBC48085DE ConfigurationManager, init=-1: [7a11b573-71f8-4ea4-abf9-99486384f03f:192.168.34.9:39275, 98937b65-337d-44f5-addc-6b2caf521cd7:192.168.34.9:46353, 86a5a05f-5180-4464-ac5c-93670ce4c4ec:192.168.34.9:33782], old=null, confs=<EMPTY_MAP>
2019-09-04 07:20:55,588 [pool-677-thread-1] INFO  server.RaftServerConfigKeys (ConfUtils.java:logGet(43)) - raft.server.storage.dir = [/workdir/hadoop-ozone/integration-test/target/test-dir/MiniOzoneClusterImpl-5d0a0d59-4b77-4b18-84f0-6f2c3eb763cf/datanode-4/data/ratis] (custom)
2019-09-04 07:20:55,588 [pool-688-thread-1] INFO  storage.RaftStorageDirectory (RaftStorageDirectory.java:analyzeStorage(246)) - The storage directory /workdir/hadoop-ozone/integration-test/target/test-dir/MiniOzoneClusterImpl-5d0a0d59-4b77-4b18-84f0-6f2c3eb763cf/datanode-5/data/ratis/63d9695f-8aae-42db-b525-4efbc48085de does not exist. Creating ...
2019-09-04 07:20:55,588 [pool-677-thread-1] INFO  storage.RaftStorageDirectory (RaftStorageDirectory.java:analyzeStorage(246)) - The storage directory /workdir/hadoop-ozone/integration-test/target/test-dir/MiniOzoneClusterImpl-5d0a0d59-4b77-4b18-84f0-6f2c3eb763cf/datanode-4/data/ratis/63d9695f-8aae-42db-b525-4efbc48085de does not exist. Creating ...
2019-09-04 07:20:55,600 [pool-666-thread-1] INFO  storage.RaftStorageDirectory (RaftStorageDirectory.java:tryLock(328)) - Lock on /workdir/hadoop-ozone/integration-test/target/test-dir/MiniOzoneClusterImpl-5d0a0d59-4b77-4b18-84f0-6f2c3eb763cf/datanode-3/data/ratis/63d9695f-8aae-42db-b525-4efbc48085de/in_use.lock acquired by nodename 11922@pr-hdds-1569-tfczc-1762686928
2019-09-04 07:20:55,600 [pool-688-thread-1] INFO  storage.RaftStorageDirectory (RaftStorageDirectory.java:tryLock(328)) - Lock on /workdir/hadoop-ozone/integration-test/target/test-dir/MiniOzoneClusterImpl-5d0a0d59-4b77-4b18-84f0-6f2c3eb763cf/datanode-5/data/ratis/63d9695f-8aae-42db-b525-4efbc48085de/in_use.lock acquired by nodename 11922@pr-hdds-1569-tfczc-1762686928
2019-09-04 07:20:55,600 [pool-677-thread-1] INFO  storage.RaftStorageDirectory (RaftStorageDirectory.java:tryLock(328)) - Lock on /workdir/hadoop-ozone/integration-test/target/test-dir/MiniOzoneClusterImpl-5d0a0d59-4b77-4b18-84f0-6f2c3eb763cf/datanode-4/data/ratis/63d9695f-8aae-42db-b525-4efbc48085de/in_use.lock acquired by nodename 11922@pr-hdds-1569-tfczc-1762686928
2019-09-04 07:20:55,629 [pool-666-thread-1] INFO  storage.RaftStorage (RaftStorage.java:format(72)) - Storage directory /workdir/hadoop-ozone/integration-test/target/test-dir/MiniOzoneClusterImpl-5d0a0d59-4b77-4b18-84f0-6f2c3eb763cf/datanode-3/data/ratis/63d9695f-8aae-42db-b525-4efbc48085de has been successfully formatted.
2019-09-04 07:20:55,629 [pool-688-thread-1] INFO  storage.RaftStorage (RaftStorage.java:format(72)) - Storage directory /workdir/hadoop-ozone/integration-test/target/test-dir/MiniOzoneClusterImpl-5d0a0d59-4b77-4b18-84f0-6f2c3eb763cf/datanode-5/data/ratis/63d9695f-8aae-42db-b525-4efbc48085de has been successfully formatted.
2019-09-04 07:20:55,629 [pool-677-thread-1] INFO  storage.RaftStorage (RaftStorage.java:format(72)) - Storage directory /workdir/hadoop-ozone/integration-test/target/test-dir/MiniOzoneClusterImpl-5d0a0d59-4b77-4b18-84f0-6f2c3eb763cf/datanode-4/data/ratis/63d9695f-8aae-42db-b525-4efbc48085de has been successfully formatted.
2019-09-04 07:20:55,629 [pool-666-thread-1] INFO  ratis.ContainerStateMachine (ContainerStateMachine.java:loadSnapshot(226)) - group-4EFBC48085DE: The snapshot info is null. Setting the last applied indexto:(t:0, i:~)
2019-09-04 07:20:55,629 [pool-688-thread-1] INFO  ratis.ContainerStateMachine (ContainerStateMachine.java:loadSnapshot(226)) - group-4EFBC48085DE: The snapshot info is null. Setting the last applied indexto:(t:0, i:~)
2019-09-04 07:20:55,629 [pool-677-thread-1] INFO  ratis.ContainerStateMachine (ContainerStateMachine.java:loadSnapshot(226)) - group-4EFBC48085DE: The snapshot info is null. Setting the last applied indexto:(t:0, i:~)
2019-09-04 07:20:55,629 [pool-666-thread-1] INFO  server.RaftServerConfigKeys (ConfUtils.java:logGet(43)) - raft.server.leader.election.timeout = 120s (custom)
2019-09-04 07:20:55,630 [pool-677-thread-1] INFO  server.RaftServerConfigKeys (ConfUtils.java:logGet(43)) - raft.server.leader.election.timeout = 120s (custom)
2019-09-04 07:20:55,629 [pool-688-thread-1] INFO  server.RaftServerConfigKeys (ConfUtils.java:logGet(43)) - raft.server.leader.election.timeout = 120s (custom)
2019-09-04 07:20:55,630 [pool-677-thread-1] INFO  server.RaftServerConfigKeys (ConfUtils.java:logGet(43)) - raft.server.log.use.memory = false (default)
2019-09-04 07:20:55,630 [pool-666-thread-1] INFO  server.RaftServerConfigKeys (ConfUtils.java:logGet(43)) - raft.server.log.use.memory = false (default)
2019-09-04 07:20:55,630 [pool-677-thread-1] INFO  server.RaftServerConfigKeys (ConfUtils.java:logGet(43)) - raft.server.log.purge.gap = 1000000 (custom)
2019-09-04 07:20:55,630 [pool-677-thread-1] INFO  server.RaftServerConfigKeys (ConfUtils.java:logGet(43)) - raft.server.log.appender.buffer.byte-limit = 33554432 (custom)
2019-09-04 07:20:55,630 [pool-688-thread-1] INFO  server.RaftServerConfigKeys (ConfUtils.java:logGet(43)) - raft.server.log.use.memory = false (default)
2019-09-04 07:20:55,631 [pool-677-thread-1] INFO  server.RaftServerConfigKeys (ConfUtils.java:logGet(43)) - raft.server.log.segment.size.max = 1048576 (custom)
2019-09-04 07:20:55,630 [pool-666-thread-1] INFO  server.RaftServerConfigKeys (ConfUtils.java:logGet(43)) - raft.server.log.purge.gap = 1000000 (custom)
2019-09-04 07:20:55,631 [pool-677-thread-1] INFO  server.RaftServerConfigKeys (ConfUtils.java:logGet(43)) - raft.server.log.segment.cache.num.max = 2 (custom)
2019-09-04 07:20:55,631 [pool-688-thread-1] INFO  server.RaftServerConfigKeys (ConfUtils.java:logGet(43)) - raft.server.log.purge.gap = 1000000 (custom)
2019-09-04 07:20:55,631 [pool-677-thread-1] INFO  segmented.SegmentedRaftLogWorker (SegmentedRaftLogWorker.java:<init>(172)) - new 86a5a05f-5180-4464-ac5c-93670ce4c4ec-SegmentedRaftLogWorker:Storage Directory /workdir/hadoop-ozone/integration-test/target/test-dir/MiniOzoneClusterImpl-5d0a0d59-4b77-4b18-84f0-6f2c3eb763cf/datanode-4/data/ratis/63d9695f-8aae-42db-b525-4efbc48085de for RaftStorage:Storage Directory /workdir/hadoop-ozone/integration-test/target/test-dir/MiniOzoneClusterImpl-5d0a0d59-4b77-4b18-84f0-6f2c3eb763cf/datanode-4/data/ratis/63d9695f-8aae-42db-b525-4efbc48085de
2019-09-04 07:20:55,631 [pool-666-thread-1] INFO  server.RaftServerConfigKeys (ConfUtils.java:logGet(43)) - raft.server.log.appender.buffer.byte-limit = 33554432 (custom)
2019-09-04 07:20:55,631 [pool-677-thread-1] INFO  server.RaftServerConfigKeys (ConfUtils.java:logGet(43)) - raft.server.log.queue.byte-limit = 2147483647 (custom)
2019-09-04 07:20:55,631 [pool-688-thread-1] INFO  server.RaftServerConfigKeys (ConfUtils.java:logGet(43)) - raft.server.log.appender.buffer.byte-limit = 33554432 (custom)
2019-09-04 07:20:55,632 [pool-677-thread-1] INFO  server.RaftServerConfigKeys (ConfUtils.java:logGet(43)) - raft.server.log.queue.element-limit = 1024 (custom)
2019-09-04 07:20:55,632 [pool-666-thread-1] INFO  server.RaftServerConfigKeys (ConfUtils.java:logGet(43)) - raft.server.log.segment.size.max = 1048576 (custom)
2019-09-04 07:20:55,632 [pool-677-thread-1] INFO  server.RaftServerConfigKeys (ConfUtils.java:logGet(43)) - raft.server.log.segment.size.max = 1048576 (custom)
2019-09-04 07:20:55,632 [pool-688-thread-1] INFO  server.RaftServerConfigKeys (ConfUtils.java:logGet(43)) - raft.server.log.segment.size.max = 1048576 (custom)
2019-09-04 07:20:55,632 [pool-677-thread-1] INFO  server.RaftServerConfigKeys (ConfUtils.java:logGet(43)) - raft.server.log.preallocated.size = 16384 (custom)
2019-09-04 07:20:55,633 [pool-677-thread-1] INFO  server.RaftServerConfigKeys (ConfUtils.java:logGet(43)) - raft.server.log.write.buffer.size = 33554432 (custom)
2019-09-04 07:20:55,632 [pool-666-thread-1] INFO  server.RaftServerConfigKeys (ConfUtils.java:logGet(43)) - raft.server.log.segment.cache.num.max = 2 (custom)
2019-09-04 07:20:55,633 [pool-677-thread-1] INFO  server.RaftServerConfigKeys (ConfUtils.java:logGet(43)) - raft.server.log.force.sync.num = 128 (default)
2019-09-04 07:20:55,633 [pool-677-thread-1] INFO  server.RaftServerConfigKeys (ConfUtils.java:logGet(43)) - raft.server.log.statemachine.data.sync = true (default)
2019-09-04 07:20:55,632 [pool-688-thread-1] INFO  server.RaftServerConfigKeys (ConfUtils.java:logGet(43)) - raft.server.log.segment.cache.num.max = 2 (custom)
2019-09-04 07:20:55,633 [pool-677-thread-1] INFO  server.RaftServerConfigKeys (ConfUtils.java:logGet(43)) - raft.server.log.statemachine.data.sync.timeout = 10s (default)
2019-09-04 07:20:55,633 [pool-666-thread-1] INFO  segmented.SegmentedRaftLogWorker (SegmentedRaftLogWorker.java:<init>(172)) - new 98937b65-337d-44f5-addc-6b2caf521cd7-SegmentedRaftLogWorker:Storage Directory /workdir/hadoop-ozone/integration-test/target/test-dir/MiniOzoneClusterImpl-5d0a0d59-4b77-4b18-84f0-6f2c3eb763cf/datanode-3/data/ratis/63d9695f-8aae-42db-b525-4efbc48085de for RaftStorage:Storage Directory /workdir/hadoop-ozone/integration-test/target/test-dir/MiniOzoneClusterImpl-5d0a0d59-4b77-4b18-84f0-6f2c3eb763cf/datanode-3/data/ratis/63d9695f-8aae-42db-b525-4efbc48085de
2019-09-04 07:20:55,633 [pool-677-thread-1] INFO  server.RaftServerConfigKeys (ConfUtils.java:logGet(43)) - raft.server.log.statemachine.data.sync.timeout.retry = -1 (default)
2019-09-04 07:20:55,633 [pool-688-thread-1] INFO  segmented.SegmentedRaftLogWorker (SegmentedRaftLogWorker.java:<init>(172)) - new 7a11b573-71f8-4ea4-abf9-99486384f03f-SegmentedRaftLogWorker:Storage Directory /workdir/hadoop-ozone/integration-test/target/test-dir/MiniOzoneClusterImpl-5d0a0d59-4b77-4b18-84f0-6f2c3eb763cf/datanode-5/data/ratis/63d9695f-8aae-42db-b525-4efbc48085de for RaftStorage:Storage Directory /workdir/hadoop-ozone/integration-test/target/test-dir/MiniOzoneClusterImpl-5d0a0d59-4b77-4b18-84f0-6f2c3eb763cf/datanode-5/data/ratis/63d9695f-8aae-42db-b525-4efbc48085de
2019-09-04 07:20:55,634 [pool-677-thread-1] INFO  server.RaftServerConfigKeys (ConfUtils.java:logGet(43)) - raft.server.log.statemachine.data.caching.enabled = true (custom)
2019-09-04 07:20:55,634 [pool-666-thread-1] INFO  server.RaftServerConfigKeys (ConfUtils.java:logGet(43)) - raft.server.log.queue.byte-limit = 2147483647 (custom)
2019-09-04 07:20:55,634 [pool-688-thread-1] INFO  server.RaftServerConfigKeys (ConfUtils.java:logGet(43)) - raft.server.log.queue.byte-limit = 2147483647 (custom)
2019-09-04 07:20:55,634 [pool-677-thread-1] INFO  segmented.SegmentedRaftLogWorker (SegmentedRaftLogWorker.java:lambda$new$0(132)) - 86a5a05f-5180-4464-ac5c-93670ce4c4ec-SegmentedRaftLogWorker:Storage Directory /workdir/hadoop-ozone/integration-test/target/test-dir/MiniOzoneClusterImpl-5d0a0d59-4b77-4b18-84f0-6f2c3eb763cf/datanode-4/data/ratis/63d9695f-8aae-42db-b525-4efbc48085de: flushIndex: setUnconditionally 0 -> -1
2019-09-04 07:20:55,634 [pool-666-thread-1] INFO  server.RaftServerConfigKeys (ConfUtils.java:logGet(43)) - raft.server.log.queue.element-limit = 1024 (custom)
2019-09-04 07:20:55,634 [pool-688-thread-1] INFO  server.RaftServerConfigKeys (ConfUtils.java:logGet(43)) - raft.server.log.queue.element-limit = 1024 (custom)
2019-09-04 07:20:55,635 [pool-677-thread-1] INFO  server.RaftServerConfigKeys (ConfUtils.java:logGet(43)) - raft.server.snapshot.auto.trigger.enabled = true (custom)
2019-09-04 07:20:55,635 [pool-666-thread-1] INFO  server.RaftServerConfigKeys (ConfUtils.java:logGet(43)) - raft.server.log.segment.size.max = 1048576 (custom)
2019-09-04 07:20:55,635 [pool-677-thread-1] INFO  server.RaftServerConfigKeys (ConfUtils.java:logGet(43)) - raft.server.snapshot.auto.trigger.threshold = 10000 (custom)
2019-09-04 07:20:55,635 [pool-688-thread-1] INFO  server.RaftServerConfigKeys (ConfUtils.java:logGet(43)) - raft.server.log.segment.size.max = 1048576 (custom)
2019-09-04 07:20:55,635 [pool-677-thread-1] INFO  server.RaftServerConfigKeys (ConfUtils.java:logGet(43)) - raft.server.retrycache.expirytime = 600000ms (custom)
2019-09-04 07:20:55,635 [pool-666-thread-1] INFO  server.RaftServerConfigKeys (ConfUtils.java:logGet(43)) - raft.server.log.preallocated.size = 16384 (custom)
2019-09-04 07:20:55,636 [pool-677-thread-1] INFO  impl.RaftServerImpl (RaftServerImpl.java:start(180)) - 86a5a05f-5180-4464-ac5c-93670ce4c4ec: start group-4EFBC48085DE
2019-09-04 07:20:55,635 [pool-688-thread-1] INFO  server.RaftServerConfigKeys (ConfUtils.java:logGet(43)) - raft.server.log.preallocated.size = 16384 (custom)
2019-09-04 07:20:55,636 [pool-677-thread-1] INFO  impl.RaftServerImpl (RaftServerImpl.java:setRole(171)) - 86a5a05f-5180-4464-ac5c-93670ce4c4ec:group-4EFBC48085DE changes role from null to FOLLOWER at term 0 for startAsFollower
2019-09-04 07:20:55,636 [pool-666-thread-1] INFO  server.RaftServerConfigKeys (ConfUtils.java:logGet(43)) - raft.server.log.write.buffer.size = 33554432 (custom)
2019-09-04 07:20:55,636 [pool-677-thread-1] INFO  impl.RoleInfo (RoleInfo.java:updateAndGet(143)) - 86a5a05f-5180-4464-ac5c-93670ce4c4ec: start FollowerState
2019-09-04 07:20:55,636 [pool-688-thread-1] INFO  server.RaftServerConfigKeys (ConfUtils.java:logGet(43)) - raft.server.log.write.buffer.size = 33554432 (custom)
2019-09-04 07:20:55,636 [pool-688-thread-1] INFO  server.RaftServerConfigKeys (ConfUtils.java:logGet(43)) - raft.server.log.force.sync.num = 128 (default)
2019-09-04 07:20:55,636 [pool-666-thread-1] INFO  server.RaftServerConfigKeys (ConfUtils.java:logGet(43)) - raft.server.log.force.sync.num = 128 (default)
2019-09-04 07:20:55,637 [pool-688-thread-1] INFO  server.RaftServerConfigKeys (ConfUtils.java:logGet(43)) - raft.server.log.statemachine.data.sync = true (default)
2019-09-04 07:20:55,637 [pool-677-thread-1] INFO  util.JmxRegister (JmxRegister.java:tryRegister(44)) - Successfully registered JMX Bean with object name Ratis:service=RaftServer,group=group-4EFBC48085DE,id=86a5a05f-5180-4464-ac5c-93670ce4c4ec
2019-09-04 07:20:55,637 [pool-688-thread-1] INFO  server.RaftServerConfigKeys (ConfUtils.java:logGet(43)) - raft.server.log.statemachine.data.sync.timeout = 10s (default)
2019-09-04 07:20:55,637 [pool-688-thread-1] INFO  server.RaftServerConfigKeys (ConfUtils.java:logGet(43)) - raft.server.log.statemachine.data.sync.timeout.retry = -1 (default)
2019-09-04 07:20:55,637 [pool-666-thread-1] INFO  server.RaftServerConfigKeys (ConfUtils.java:logGet(43)) - raft.server.log.statemachine.data.sync = true (default)
2019-09-04 07:20:55,637 [pool-688-thread-1] INFO  server.RaftServerConfigKeys (ConfUtils.java:logGet(43)) - raft.server.log.statemachine.data.caching.enabled = true (custom)
2019-09-04 07:20:55,638 [pool-666-thread-1] INFO  server.RaftServerConfigKeys (ConfUtils.java:logGet(43)) - raft.server.log.statemachine.data.sync.timeout = 10s (default)
2019-09-04 07:20:55,638 [pool-688-thread-1] INFO  segmented.SegmentedRaftLogWorker (SegmentedRaftLogWorker.java:lambda$new$0(132)) - 7a11b573-71f8-4ea4-abf9-99486384f03f-SegmentedRaftLogWorker:Storage Directory /workdir/hadoop-ozone/integration-test/target/test-dir/MiniOzoneClusterImpl-5d0a0d59-4b77-4b18-84f0-6f2c3eb763cf/datanode-5/data/ratis/63d9695f-8aae-42db-b525-4efbc48085de: flushIndex: setUnconditionally 0 -> -1
2019-09-04 07:20:55,638 [pool-666-thread-1] INFO  server.RaftServerConfigKeys (ConfUtils.java:logGet(43)) - raft.server.log.statemachine.data.sync.timeout.retry = -1 (default)
2019-09-04 07:20:55,638 [pool-688-thread-1] INFO  server.RaftServerConfigKeys (ConfUtils.java:logGet(43)) - raft.server.snapshot.auto.trigger.enabled = true (custom)
2019-09-04 07:20:55,638 [pool-666-thread-1] INFO  server.RaftServerConfigKeys (ConfUtils.java:logGet(43)) - raft.server.log.statemachine.data.caching.enabled = true (custom)
2019-09-04 07:20:55,639 [pool-688-thread-1] INFO  server.RaftServerConfigKeys (ConfUtils.java:logGet(43)) - raft.server.snapshot.auto.trigger.threshold = 10000 (custom)
2019-09-04 07:20:55,639 [pool-666-thread-1] INFO  segmented.SegmentedRaftLogWorker (SegmentedRaftLogWorker.java:lambda$new$0(132)) - 98937b65-337d-44f5-addc-6b2caf521cd7-SegmentedRaftLogWorker:Storage Directory /workdir/hadoop-ozone/integration-test/target/test-dir/MiniOzoneClusterImpl-5d0a0d59-4b77-4b18-84f0-6f2c3eb763cf/datanode-3/data/ratis/63d9695f-8aae-42db-b525-4efbc48085de: flushIndex: setUnconditionally 0 -> -1
2019-09-04 07:20:55,639 [pool-688-thread-1] INFO  server.RaftServerConfigKeys (ConfUtils.java:logGet(43)) - raft.server.retrycache.expirytime = 600000ms (custom)
2019-09-04 07:20:55,639 [pool-666-thread-1] INFO  server.RaftServerConfigKeys (ConfUtils.java:logGet(43)) - raft.server.snapshot.auto.trigger.enabled = true (custom)
2019-09-04 07:20:55,639 [pool-688-thread-1] INFO  impl.RaftServerImpl (RaftServerImpl.java:start(180)) - 7a11b573-71f8-4ea4-abf9-99486384f03f: start group-4EFBC48085DE
2019-09-04 07:20:55,639 [pool-666-thread-1] INFO  server.RaftServerConfigKeys (ConfUtils.java:logGet(43)) - raft.server.snapshot.auto.trigger.threshold = 10000 (custom)
2019-09-04 07:20:55,639 [pool-688-thread-1] INFO  impl.RaftServerImpl (RaftServerImpl.java:setRole(171)) - 7a11b573-71f8-4ea4-abf9-99486384f03f:group-4EFBC48085DE changes role from null to FOLLOWER at term 0 for startAsFollower
2019-09-04 07:20:55,640 [pool-666-thread-1] INFO  server.RaftServerConfigKeys (ConfUtils.java:logGet(43)) - raft.server.retrycache.expirytime = 600000ms (custom)
2019-09-04 07:20:55,640 [pool-688-thread-1] INFO  impl.RoleInfo (RoleInfo.java:updateAndGet(143)) - 7a11b573-71f8-4ea4-abf9-99486384f03f: start FollowerState
2019-09-04 07:20:55,640 [pool-666-thread-1] INFO  impl.RaftServerImpl (RaftServerImpl.java:start(180)) - 98937b65-337d-44f5-addc-6b2caf521cd7: start group-4EFBC48085DE
2019-09-04 07:20:55,640 [pool-666-thread-1] INFO  impl.RaftServerImpl (RaftServerImpl.java:setRole(171)) - 98937b65-337d-44f5-addc-6b2caf521cd7:group-4EFBC48085DE changes role from null to FOLLOWER at term 0 for startAsFollower
2019-09-04 07:20:55,640 [pool-688-thread-1] INFO  util.JmxRegister (JmxRegister.java:tryRegister(44)) - Successfully registered JMX Bean with object name Ratis:service=RaftServer,group=group-4EFBC48085DE,id=7a11b573-71f8-4ea4-abf9-99486384f03f
2019-09-04 07:20:55,640 [pool-666-thread-1] INFO  impl.RoleInfo (RoleInfo.java:updateAndGet(143)) - 98937b65-337d-44f5-addc-6b2caf521cd7: start FollowerState
2019-09-04 07:20:55,641 [pool-666-thread-1] INFO  util.JmxRegister (JmxRegister.java:tryRegister(44)) - Successfully registered JMX Bean with object name Ratis:service=RaftServer,group=group-4EFBC48085DE,id=98937b65-337d-44f5-addc-6b2caf521cd7
2019-09-04 07:20:55,643 [RatisPipelineUtilsThread] INFO  pipeline.PipelineStateManager (PipelineStateManager.java:addPipeline(56)) - Created pipeline Pipeline[ Id: 63d9695f-8aae-42db-b525-4efbc48085de, Nodes: 7a11b573-71f8-4ea4-abf9-99486384f03f{ip: 192.168.34.9, host: pr-hdds-1569-tfczc-1762686928, networkLocation: /default-rack, certSerialId: null}98937b65-337d-44f5-addc-6b2caf521cd7{ip: 192.168.34.9, host: pr-hdds-1569-tfczc-1762686928, networkLocation: /default-rack, certSerialId: null}86a5a05f-5180-4464-ac5c-93670ce4c4ec{ip: 192.168.34.9, host: pr-hdds-1569-tfczc-1762686928, networkLocation: /default-rack, certSerialId: null}, Type:RATIS, Factor:THREE, State:OPEN]
2019-09-04 07:20:55,699 [IPC Server handler 17 on 45021] INFO  net.NetworkTopology (NetworkTopologyImpl.java:add(110)) - Added a new node: /default-rack/06c36665-71bf-45ab-8d97-17e8e1570553
2019-09-04 07:20:55,699 [IPC Server handler 17 on 45021] INFO  node.SCMNodeManager (SCMNodeManager.java:register(273)) - Registered Data node : 06c36665-71bf-45ab-8d97-17e8e1570553{ip: 192.168.34.9, host: pr-hdds-1569-tfczc-1762686928, networkLocation: /default-rack, certSerialId: null}
2019-09-04 07:20:55,700 | INFO  | SCMAudit | user=jenkins1000 | ip=192.168.34.9 | op=REGISTER {datanodeDetails=06c36665-71bf-45ab-8d97-17e8e1570553{ip: 192.168.34.9, host: pr-hdds-1569-tfczc-1762686928, networkLocation: /default-rack, certSerialId: null}} | ret=SUCCESS |  
2019-09-04 07:20:55,707 [grpc-default-executor-11] INFO  impl.RaftServerProxy (RaftServerProxy.java:addNew(89)) - 06c36665-71bf-45ab-8d97-17e8e1570553: addNew group-624653B501B4:[06c36665-71bf-45ab-8d97-17e8e1570553:192.168.34.9:40418] returns group-624653B501B4:java.util.concurrent.CompletableFuture@761a0e97[Not completed]
2019-09-04 07:20:55,708 [main] INFO  ozone.MiniOzoneClusterImpl (MiniOzoneClusterImpl.java:lambda$waitForClusterToBeReady$0(142)) - Cluster is ready. Got 7 of 7 DN Heartbeats.
2019-09-04 07:20:55,708 [pool-699-thread-1] INFO  impl.RaftServerImpl (RaftServerImpl.java:<init>(93)) - 06c36665-71bf-45ab-8d97-17e8e1570553: new RaftServerImpl for group-624653B501B4:[06c36665-71bf-45ab-8d97-17e8e1570553:192.168.34.9:40418] with ContainerStateMachine:uninitialized
2019-09-04 07:20:55,708 [pool-699-thread-1] INFO  server.RaftServerConfigKeys (ConfUtils.java:logGet(43)) - raft.server.rpc.timeout.min = 5s (custom)
2019-09-04 07:20:55,709 [pool-699-thread-1] INFO  server.RaftServerConfigKeys (ConfUtils.java:logGet(43)) - raft.server.rpc.timeout.max = 5200ms (custom)
2019-09-04 07:20:55,709 [pool-699-thread-1] INFO  server.RaftServerConfigKeys (ConfUtils.java:logGet(43)) - raft.server.rpcslowness.timeout = 120s (custom)
2019-09-04 07:20:55,709 [pool-699-thread-1] INFO  server.RaftServerConfigKeys (ConfUtils.java:logGet(43)) - raft.server.sleep.deviation.threshold = 300 (default)
2019-09-04 07:20:55,709 [pool-699-thread-1] INFO  server.RaftServerConfigKeys (ConfUtils.java:logGet(43)) - raft.server.log.appender.install.snapshot.enabled = false (custom)
2019-09-04 07:20:55,709 [pool-699-thread-1] INFO  impl.RaftServerImpl (ServerState.java:<init>(105)) - 06c36665-71bf-45ab-8d97-17e8e1570553:group-624653B501B4 ConfigurationManager, init=-1: [06c36665-71bf-45ab-8d97-17e8e1570553:192.168.34.9:40418], old=null, confs=<EMPTY_MAP>
2019-09-04 07:20:55,709 [pool-699-thread-1] INFO  server.RaftServerConfigKeys (ConfUtils.java:logGet(43)) - raft.server.storage.dir = [/workdir/hadoop-ozone/integration-test/target/test-dir/MiniOzoneClusterImpl-5d0a0d59-4b77-4b18-84f0-6f2c3eb763cf/datanode-6/data/ratis] (custom)
2019-09-04 07:20:55,710 [pool-699-thread-1] INFO  storage.RaftStorageDirectory (RaftStorageDirectory.java:analyzeStorage(246)) - The storage directory /workdir/hadoop-ozone/integration-test/target/test-dir/MiniOzoneClusterImpl-5d0a0d59-4b77-4b18-84f0-6f2c3eb763cf/datanode-6/data/ratis/c20889d2-2071-4f0b-b994-624653b501b4 does not exist. Creating ...
2019-09-04 07:20:55,725 [pool-699-thread-1] INFO  storage.RaftStorageDirectory (RaftStorageDirectory.java:tryLock(328)) - Lock on /workdir/hadoop-ozone/integration-test/target/test-dir/MiniOzoneClusterImpl-5d0a0d59-4b77-4b18-84f0-6f2c3eb763cf/datanode-6/data/ratis/c20889d2-2071-4f0b-b994-624653b501b4/in_use.lock acquired by nodename 11922@pr-hdds-1569-tfczc-1762686928
2019-09-04 07:20:55,736 [main] INFO  rpc.RpcClient (RpcClient.java:createVolume(293)) - Creating Volume: testblockoutputstream, with jenkins1000 as owner.
2019-09-04 07:20:55,738 | INFO  | OMAudit | user=jenkins1000 | ip=127.0.0.1 | op=CREATE_VOLUME {admin=jenkins1000, owner=jenkins1000, volume=testblockoutputstream, creationTime=1567581655738, quotaInBytes=1152921504606846976} | ret=SUCCESS |  
2019-09-04 07:20:55,753 [pool-699-thread-1] INFO  storage.RaftStorage (RaftStorage.java:format(72)) - Storage directory /workdir/hadoop-ozone/integration-test/target/test-dir/MiniOzoneClusterImpl-5d0a0d59-4b77-4b18-84f0-6f2c3eb763cf/datanode-6/data/ratis/c20889d2-2071-4f0b-b994-624653b501b4 has been successfully formatted.
2019-09-04 07:20:55,753 | INFO  | OMAudit | user=jenkins1000 | ip=127.0.0.1 | op=READ_VOLUME {volume=testblockoutputstream} | ret=SUCCESS |  
2019-09-04 07:20:55,754 [pool-699-thread-1] INFO  ratis.ContainerStateMachine (ContainerStateMachine.java:loadSnapshot(226)) - group-624653B501B4: The snapshot info is null. Setting the last applied indexto:(t:0, i:~)
2019-09-04 07:20:55,754 [pool-699-thread-1] INFO  server.RaftServerConfigKeys (ConfUtils.java:logGet(43)) - raft.server.leader.election.timeout = 120s (custom)
2019-09-04 07:20:55,754 [pool-699-thread-1] INFO  server.RaftServerConfigKeys (ConfUtils.java:logGet(43)) - raft.server.log.use.memory = false (default)
2019-09-04 07:20:55,754 [pool-699-thread-1] INFO  server.RaftServerConfigKeys (ConfUtils.java:logGet(43)) - raft.server.log.purge.gap = 1000000 (custom)
2019-09-04 07:20:55,754 [pool-699-thread-1] INFO  server.RaftServerConfigKeys (ConfUtils.java:logGet(43)) - raft.server.log.appender.buffer.byte-limit = 33554432 (custom)
2019-09-04 07:20:55,754 [main] INFO  rpc.RpcClient (RpcClient.java:createBucket(432)) - Creating Bucket: testblockoutputstream/testblockoutputstream, with Versioning false and Storage Type set to DISK and Encryption set to false 
2019-09-04 07:20:55,754 [pool-699-thread-1] INFO  server.RaftServerConfigKeys (ConfUtils.java:logGet(43)) - raft.server.log.segment.size.max = 1048576 (custom)
2019-09-04 07:20:55,754 [pool-699-thread-1] INFO  server.RaftServerConfigKeys (ConfUtils.java:logGet(43)) - raft.server.log.segment.cache.num.max = 2 (custom)
2019-09-04 07:20:55,755 [pool-699-thread-1] INFO  segmented.SegmentedRaftLogWorker (SegmentedRaftLogWorker.java:<init>(172)) - new 06c36665-71bf-45ab-8d97-17e8e1570553-SegmentedRaftLogWorker:Storage Directory /workdir/hadoop-ozone/integration-test/target/test-dir/MiniOzoneClusterImpl-5d0a0d59-4b77-4b18-84f0-6f2c3eb763cf/datanode-6/data/ratis/c20889d2-2071-4f0b-b994-624653b501b4 for RaftStorage:Storage Directory /workdir/hadoop-ozone/integration-test/target/test-dir/MiniOzoneClusterImpl-5d0a0d59-4b77-4b18-84f0-6f2c3eb763cf/datanode-6/data/ratis/c20889d2-2071-4f0b-b994-624653b501b4
2019-09-04 07:20:55,755 [pool-699-thread-1] INFO  server.RaftServerConfigKeys (ConfUtils.java:logGet(43)) - raft.server.log.queue.byte-limit = 2147483647 (custom)
2019-09-04 07:20:55,755 [pool-699-thread-1] INFO  server.RaftServerConfigKeys (ConfUtils.java:logGet(43)) - raft.server.log.queue.element-limit = 1024 (custom)
2019-09-04 07:20:55,755 [pool-699-thread-1] INFO  server.RaftServerConfigKeys (ConfUtils.java:logGet(43)) - raft.server.log.segment.size.max = 1048576 (custom)
2019-09-04 07:20:55,755 [pool-699-thread-1] INFO  server.RaftServerConfigKeys (ConfUtils.java:logGet(43)) - raft.server.log.preallocated.size = 16384 (custom)
2019-09-04 07:20:55,759 [pool-699-thread-1] INFO  server.RaftServerConfigKeys (ConfUtils.java:logGet(43)) - raft.server.log.write.buffer.size = 33554432 (custom)
2019-09-04 07:20:55,759 [pool-699-thread-1] INFO  server.RaftServerConfigKeys (ConfUtils.java:logGet(43)) - raft.server.log.force.sync.num = 128 (default)
2019-09-04 07:20:55,759 [pool-699-thread-1] INFO  server.RaftServerConfigKeys (ConfUtils.java:logGet(43)) - raft.server.log.statemachine.data.sync = true (default)
2019-09-04 07:20:55,759 [pool-699-thread-1] INFO  server.RaftServerConfigKeys (ConfUtils.java:logGet(43)) - raft.server.log.statemachine.data.sync.timeout = 10s (default)
2019-09-04 07:20:55,761 [pool-699-thread-1] INFO  server.RaftServerConfigKeys (ConfUtils.java:logGet(43)) - raft.server.log.statemachine.data.sync.timeout.retry = -1 (default)
2019-09-04 07:20:55,761 | INFO  | OMAudit | user=jenkins1000 | ip=127.0.0.1 | op=CREATE_BUCKET {volume=testblockoutputstream, bucket=testblockoutputstream, acls=[user:jenkins1000:a[ACCESS], group:default:a[ACCESS]], isVersionEnabled=false, storageType=DISK, creationTime=0} | ret=SUCCESS |  
2019-09-04 07:20:55,761 [pool-699-thread-1] INFO  server.RaftServerConfigKeys (ConfUtils.java:logGet(43)) - raft.server.log.statemachine.data.caching.enabled = true (custom)
2019-09-04 07:20:55,761 [pool-699-thread-1] INFO  segmented.SegmentedRaftLogWorker (SegmentedRaftLogWorker.java:lambda$new$0(132)) - 06c36665-71bf-45ab-8d97-17e8e1570553-SegmentedRaftLogWorker:Storage Directory /workdir/hadoop-ozone/integration-test/target/test-dir/MiniOzoneClusterImpl-5d0a0d59-4b77-4b18-84f0-6f2c3eb763cf/datanode-6/data/ratis/c20889d2-2071-4f0b-b994-624653b501b4: flushIndex: setUnconditionally 0 -> -1
2019-09-04 07:20:55,762 [pool-699-thread-1] INFO  server.RaftServerConfigKeys (ConfUtils.java:logGet(43)) - raft.server.snapshot.auto.trigger.enabled = true (custom)
2019-09-04 07:20:55,762 [pool-699-thread-1] INFO  server.RaftServerConfigKeys (ConfUtils.java:logGet(43)) - raft.server.snapshot.auto.trigger.threshold = 10000 (custom)
2019-09-04 07:20:55,762 [pool-699-thread-1] INFO  server.RaftServerConfigKeys (ConfUtils.java:logGet(43)) - raft.server.retrycache.expirytime = 600000ms (custom)
2019-09-04 07:20:55,762 [pool-699-thread-1] INFO  impl.RaftServerImpl (RaftServerImpl.java:start(180)) - 06c36665-71bf-45ab-8d97-17e8e1570553: start group-624653B501B4
2019-09-04 07:20:55,762 [pool-699-thread-1] INFO  impl.RaftServerImpl (RaftServerImpl.java:setRole(171)) - 06c36665-71bf-45ab-8d97-17e8e1570553:group-624653B501B4 changes role from null to FOLLOWER at term 0 for startAsFollower
2019-09-04 07:20:55,762 | INFO  | OMAudit | user=jenkins1000 | ip=127.0.0.1 | op=READ_VOLUME {volume=testblockoutputstream} | ret=SUCCESS |  
2019-09-04 07:20:55,762 [pool-699-thread-1] INFO  impl.RoleInfo (RoleInfo.java:updateAndGet(143)) - 06c36665-71bf-45ab-8d97-17e8e1570553: start FollowerState
2019-09-04 07:20:55,763 [pool-699-thread-1] INFO  util.JmxRegister (JmxRegister.java:tryRegister(44)) - Successfully registered JMX Bean with object name Ratis:service=RaftServer,group=group-624653B501B4,id=06c36665-71bf-45ab-8d97-17e8e1570553
2019-09-04 07:20:55,763 | INFO  | OMAudit | user=jenkins1000 | ip=127.0.0.1 | op=READ_BUCKET {volume=testblockoutputstream, bucket=testblockoutputstream} | ret=SUCCESS |  
2019-09-04 07:20:55,764 [RatisPipelineUtilsThread] INFO  pipeline.PipelineStateManager (PipelineStateManager.java:addPipeline(56)) - Created pipeline Pipeline[ Id: c20889d2-2071-4f0b-b994-624653b501b4, Nodes: 06c36665-71bf-45ab-8d97-17e8e1570553{ip: 192.168.34.9, host: pr-hdds-1569-tfczc-1762686928, networkLocation: /default-rack, certSerialId: null}, Type:RATIS, Factor:ONE, State:OPEN]
2019-09-04 07:20:55,768 | INFO  | SCMAudit | user=jenkins1000 | ip=192.168.34.9 | op=ALLOCATE_BLOCK {owner=1a243962-3aca-4867-83b4-73742376d651, size=800, type=RATIS, factor=THREE} | ret=SUCCESS |  
2019-09-04 07:20:55,769 | INFO  | OMAudit | user=jenkins1000 | ip=127.0.0.1 | op=ALLOCATE_KEY {volume=testblockoutputstream, bucket=testblockoutputstream, key=601b1194-9b7f-4d7c-9ff5-adc1232cafa5, dataSize=0, replicationType=RATIS, replicationFactor=THREE, keyLocationInfo=null} | ret=SUCCESS |  
2019-09-04 07:20:55,778 [grpc-default-executor-11] INFO  client.GrpcClientProtocolClient (GrpcClientProtocolClient.java:onNext(255)) - client-50FDE4F4645A->7a11b573-71f8-4ea4-abf9-99486384f03f: receive RaftClientReply:client-50FDE4F4645A->7a11b573-71f8-4ea4-abf9-99486384f03f@group-4EFBC48085DE, cid=230, FAILED org.apache.ratis.protocol.NotLeaderException: Server 7a11b573-71f8-4ea4-abf9-99486384f03f is not the leader (null). Request must be sent to leader., logIndex=0, commits[7a11b573-71f8-4ea4-abf9-99486384f03f:c-1]
2019-09-04 07:20:56,246 | INFO  | SCMAudit | user=jenkins1000 | ip=192.168.34.9 | op=SEND_HEARTBEAT {datanodeUUID=6f223d4e-d516-4842-990f-c73eba4c9f9f, command=[]} | ret=SUCCESS |  
2019-09-04 07:20:56,455 | INFO  | SCMAudit | user=jenkins1000 | ip=192.168.34.9 | op=SEND_HEARTBEAT {datanodeUUID=c405a447-8661-4695-872e-62a6e38cc662, command=[]} | ret=SUCCESS |  
2019-09-04 07:20:56,663 | INFO  | SCMAudit | user=jenkins1000 | ip=192.168.34.9 | op=SEND_HEARTBEAT {datanodeUUID=e5b5410c-7343-40b8-bab2-826c65acf05b, command=[]} | ret=SUCCESS |  
2019-09-04 07:20:56,790 [grpc-default-executor-11] INFO  client.GrpcClientProtocolClient (GrpcClientProtocolClient.java:onNext(255)) - client-50FDE4F4645A->98937b65-337d-44f5-addc-6b2caf521cd7: receive RaftClientReply:client-50FDE4F4645A->98937b65-337d-44f5-addc-6b2caf521cd7@group-4EFBC48085DE, cid=230, FAILED org.apache.ratis.protocol.NotLeaderException: Server 98937b65-337d-44f5-addc-6b2caf521cd7 is not the leader (null). Request must be sent to leader., logIndex=0, commits[98937b65-337d-44f5-addc-6b2caf521cd7:c-1]
2019-09-04 07:20:56,848 | INFO  | SCMAudit | user=jenkins1000 | ip=192.168.34.9 | op=SEND_HEARTBEAT {datanodeUUID=98937b65-337d-44f5-addc-6b2caf521cd7, command=[]} | ret=SUCCESS |  
2019-09-04 07:20:57,032 | INFO  | SCMAudit | user=jenkins1000 | ip=192.168.34.9 | op=SEND_HEARTBEAT {datanodeUUID=86a5a05f-5180-4464-ac5c-93670ce4c4ec, command=[]} | ret=SUCCESS |  
2019-09-04 07:20:57,245 | INFO  | SCMAudit | user=jenkins1000 | ip=192.168.34.9 | op=SEND_HEARTBEAT {datanodeUUID=6f223d4e-d516-4842-990f-c73eba4c9f9f, command=[]} | ret=SUCCESS |  
2019-09-04 07:20:57,262 [Thread-4402] INFO  container.ReplicationManager (ReplicationManager.java:start(152)) - Starting Replication Monitor Thread.
2019-09-04 07:20:57,267 [ReplicationMonitor] INFO  container.ReplicationManager (ReplicationManager.java:run(215)) - Replication Monitor Thread took 0 milliseconds for processing 1 containers.
2019-09-04 07:20:57,455 | INFO  | SCMAudit | user=jenkins1000 | ip=192.168.34.9 | op=SEND_HEARTBEAT {datanodeUUID=c405a447-8661-4695-872e-62a6e38cc662, command=[]} | ret=SUCCESS |  
2019-09-04 07:20:57,532 | INFO  | SCMAudit | user=jenkins1000 | ip=192.168.34.9 | op=SEND_HEARTBEAT {datanodeUUID=7a11b573-71f8-4ea4-abf9-99486384f03f, command=[]} | ret=SUCCESS |  
2019-09-04 07:20:57,663 | INFO  | SCMAudit | user=jenkins1000 | ip=192.168.34.9 | op=SEND_HEARTBEAT {datanodeUUID=e5b5410c-7343-40b8-bab2-826c65acf05b, command=[]} | ret=SUCCESS |  
2019-09-04 07:20:57,700 | INFO  | SCMAudit | user=jenkins1000 | ip=192.168.34.9 | op=SEND_HEARTBEAT {datanodeUUID=06c36665-71bf-45ab-8d97-17e8e1570553, command=[]} | ret=SUCCESS |  
2019-09-04 07:20:57,802 [grpc-default-executor-11] INFO  client.GrpcClientProtocolClient (GrpcClientProtocolClient.java:onNext(255)) - client-50FDE4F4645A->86a5a05f-5180-4464-ac5c-93670ce4c4ec: receive RaftClientReply:client-50FDE4F4645A->86a5a05f-5180-4464-ac5c-93670ce4c4ec@group-4EFBC48085DE, cid=230, FAILED org.apache.ratis.protocol.NotLeaderException: Server 86a5a05f-5180-4464-ac5c-93670ce4c4ec is not the leader (null). Request must be sent to leader., logIndex=0, commits[86a5a05f-5180-4464-ac5c-93670ce4c4ec:c-1]
2019-09-04 07:20:57,848 | INFO  | SCMAudit | user=jenkins1000 | ip=192.168.34.9 | op=SEND_HEARTBEAT {datanodeUUID=98937b65-337d-44f5-addc-6b2caf521cd7, command=[]} | ret=SUCCESS |  
2019-09-04 07:20:58,031 | INFO  | SCMAudit | user=jenkins1000 | ip=192.168.34.9 | op=SEND_HEARTBEAT {datanodeUUID=86a5a05f-5180-4464-ac5c-93670ce4c4ec, command=[]} | ret=SUCCESS |  
2019-09-04 07:20:58,245 | INFO  | SCMAudit | user=jenkins1000 | ip=192.168.34.9 | op=SEND_HEARTBEAT {datanodeUUID=6f223d4e-d516-4842-990f-c73eba4c9f9f, command=[]} | ret=SUCCESS |  
2019-09-04 07:20:58,455 | INFO  | SCMAudit | user=jenkins1000 | ip=192.168.34.9 | op=SEND_HEARTBEAT {datanodeUUID=c405a447-8661-4695-872e-62a6e38cc662, command=[]} | ret=SUCCESS |  
2019-09-04 07:20:58,532 | INFO  | SCMAudit | user=jenkins1000 | ip=192.168.34.9 | op=SEND_HEARTBEAT {datanodeUUID=7a11b573-71f8-4ea4-abf9-99486384f03f, command=[]} | ret=SUCCESS |  
2019-09-04 07:20:58,663 | INFO  | SCMAudit | user=jenkins1000 | ip=192.168.34.9 | op=SEND_HEARTBEAT {datanodeUUID=e5b5410c-7343-40b8-bab2-826c65acf05b, command=[]} | ret=SUCCESS |  
2019-09-04 07:20:58,701 | INFO  | SCMAudit | user=jenkins1000 | ip=192.168.34.9 | op=SEND_HEARTBEAT {datanodeUUID=06c36665-71bf-45ab-8d97-17e8e1570553, command=[]} | ret=SUCCESS |  
2019-09-04 07:20:58,813 [grpc-default-executor-12] INFO  client.GrpcClientProtocolClient (GrpcClientProtocolClient.java:onNext(255)) - client-50FDE4F4645A->98937b65-337d-44f5-addc-6b2caf521cd7: receive RaftClientReply:client-50FDE4F4645A->98937b65-337d-44f5-addc-6b2caf521cd7@group-4EFBC48085DE, cid=230, FAILED org.apache.ratis.protocol.NotLeaderException: Server 98937b65-337d-44f5-addc-6b2caf521cd7 is not the leader (null). Request must be sent to leader., logIndex=0, commits[98937b65-337d-44f5-addc-6b2caf521cd7:c-1]
2019-09-04 07:20:58,849 | INFO  | SCMAudit | user=jenkins1000 | ip=192.168.34.9 | op=SEND_HEARTBEAT {datanodeUUID=98937b65-337d-44f5-addc-6b2caf521cd7, command=[]} | ret=SUCCESS |  
2019-09-04 07:20:59,031 | INFO  | SCMAudit | user=jenkins1000 | ip=192.168.34.9 | op=SEND_HEARTBEAT {datanodeUUID=86a5a05f-5180-4464-ac5c-93670ce4c4ec, command=[]} | ret=SUCCESS |  
2019-09-04 07:20:59,246 | INFO  | SCMAudit | user=jenkins1000 | ip=192.168.34.9 | op=SEND_HEARTBEAT {datanodeUUID=6f223d4e-d516-4842-990f-c73eba4c9f9f, command=[]} | ret=SUCCESS |  
2019-09-04 07:20:59,455 | INFO  | SCMAudit | user=jenkins1000 | ip=192.168.34.9 | op=SEND_HEARTBEAT {datanodeUUID=c405a447-8661-4695-872e-62a6e38cc662, command=[]} | ret=SUCCESS |  
2019-09-04 07:20:59,480 [Thread-4404] INFO  impl.FollowerState (FollowerState.java:run(106)) - 6f223d4e-d516-4842-990f-c73eba4c9f9f:group-ED858F99DF87 changes to CANDIDATE, lastRpcTime:5146, electionTimeout:5146ms
2019-09-04 07:20:59,480 [Thread-4404] INFO  impl.RoleInfo (RoleInfo.java:shutdownFollowerState(121)) - 6f223d4e-d516-4842-990f-c73eba4c9f9f: shutdown FollowerState
2019-09-04 07:20:59,480 [Thread-4404] INFO  impl.RaftServerImpl (RaftServerImpl.java:setRole(171)) - 6f223d4e-d516-4842-990f-c73eba4c9f9f:group-ED858F99DF87 changes role from FOLLOWER to CANDIDATE at term 0 for changeToCandidate
2019-09-04 07:20:59,480 [Thread-4404] INFO  impl.RoleInfo (RoleInfo.java:updateAndGet(143)) - 6f223d4e-d516-4842-990f-c73eba4c9f9f: start LeaderElection
2019-09-04 07:20:59,501 [6f223d4e-d516-4842-990f-c73eba4c9f9f:group-ED858F99DF87:LeaderElection91] INFO  impl.LeaderElection (LeaderElection.java:askForVotes(181)) - 6f223d4e-d516-4842-990f-c73eba4c9f9f:group-ED858F99DF87:LeaderElection91: begin an election at term 1 for -1: [6f223d4e-d516-4842-990f-c73eba4c9f9f:192.168.34.9:33264], old=null
2019-09-04 07:20:59,502 [6f223d4e-d516-4842-990f-c73eba4c9f9f:group-ED858F99DF87:LeaderElection91] INFO  impl.RoleInfo (RoleInfo.java:shutdownLeaderElection(134)) - 6f223d4e-d516-4842-990f-c73eba4c9f9f: shutdown LeaderElection
2019-09-04 07:20:59,502 [6f223d4e-d516-4842-990f-c73eba4c9f9f:group-ED858F99DF87:LeaderElection91] INFO  impl.RaftServerImpl (RaftServerImpl.java:setRole(171)) - 6f223d4e-d516-4842-990f-c73eba4c9f9f:group-ED858F99DF87 changes role from CANDIDATE to LEADER at term 1 for changeToLeader
2019-09-04 07:20:59,502 [6f223d4e-d516-4842-990f-c73eba4c9f9f:group-ED858F99DF87:LeaderElection91] INFO  impl.RaftServerImpl (ServerState.java:setLeader(263)) - 6f223d4e-d516-4842-990f-c73eba4c9f9f:group-ED858F99DF87 change Leader from null to 6f223d4e-d516-4842-990f-c73eba4c9f9f at term 1 for becomeLeader, leader elected after 5172ms
2019-09-04 07:20:59,502 [6f223d4e-d516-4842-990f-c73eba4c9f9f:group-ED858F99DF87:LeaderElection91] INFO  server.RaftServerConfigKeys (ConfUtils.java:logGet(43)) - raft.server.staging.catchup.gap = 1000 (default)
2019-09-04 07:20:59,502 [6f223d4e-d516-4842-990f-c73eba4c9f9f:group-ED858F99DF87:LeaderElection91] INFO  server.RaftServerConfigKeys (ConfUtils.java:logGet(43)) - raft.server.rpc.sleep.time = 25ms (default)
2019-09-04 07:20:59,502 [6f223d4e-d516-4842-990f-c73eba4c9f9f:group-ED858F99DF87:LeaderElection91] INFO  server.RaftServerConfigKeys (ConfUtils.java:logGet(43)) - raft.server.write.element-limit = 4096 (default)
2019-09-04 07:20:59,503 [6f223d4e-d516-4842-990f-c73eba4c9f9f:group-ED858F99DF87:LeaderElection91] INFO  server.RaftServerConfigKeys (ConfUtils.java:logGet(43)) - raft.server.watch.timeout = 10s (default)
2019-09-04 07:20:59,503 [6f223d4e-d516-4842-990f-c73eba4c9f9f:group-ED858F99DF87:LeaderElection91] INFO  server.RaftServerConfigKeys (ConfUtils.java:logGet(43)) - raft.server.watch.timeout.denomination = 1s (default)
2019-09-04 07:20:59,503 [6f223d4e-d516-4842-990f-c73eba4c9f9f:group-ED858F99DF87:LeaderElection91] INFO  server.RaftServerConfigKeys (ConfUtils.java:logGet(43)) - raft.server.watch.element-limit = 65536 (default)
2019-09-04 07:20:59,503 [6f223d4e-d516-4842-990f-c73eba4c9f9f:group-ED858F99DF87:LeaderElection91] INFO  impl.RoleInfo (RoleInfo.java:updateAndGet(143)) - 6f223d4e-d516-4842-990f-c73eba4c9f9f: start LeaderState
2019-09-04 07:20:59,504 [6f223d4e-d516-4842-990f-c73eba4c9f9f:group-ED858F99DF87:LeaderElection91] INFO  segmented.SegmentedRaftLogWorker (SegmentedRaftLogWorker.java:startLogSegment(380)) - 6f223d4e-d516-4842-990f-c73eba4c9f9f-SegmentedRaftLogWorker:Storage Directory /workdir/hadoop-ozone/integration-test/target/test-dir/MiniOzoneClusterImpl-5d0a0d59-4b77-4b18-84f0-6f2c3eb763cf/datanode-0/data/ratis/65a13a11-e895-456e-a4f9-ed858f99df87: Starting segment from index:0
2019-09-04 07:20:59,504 [6f223d4e-d516-4842-990f-c73eba4c9f9f:group-ED858F99DF87:LeaderElection91] INFO  impl.RaftServerImpl (ServerState.java:setRaftConf(361)) - 6f223d4e-d516-4842-990f-c73eba4c9f9f:group-ED858F99DF87 set configuration 0: [6f223d4e-d516-4842-990f-c73eba4c9f9f:192.168.34.9:33264], old=null at 0
2019-09-04 07:20:59,532 | INFO  | SCMAudit | user=jenkins1000 | ip=192.168.34.9 | op=SEND_HEARTBEAT {datanodeUUID=7a11b573-71f8-4ea4-abf9-99486384f03f, command=[]} | ret=SUCCESS |  
2019-09-04 07:20:59,558 [6f223d4e-d516-4842-990f-c73eba4c9f9f-SegmentedRaftLogWorker:Storage Directory /workdir/hadoop-ozone/integration-test/target/test-dir/MiniOzoneClusterImpl-5d0a0d59-4b77-4b18-84f0-6f2c3eb763cf/datanode-0/data/ratis/65a13a11-e895-456e-a4f9-ed858f99df87] INFO  segmented.SegmentedRaftLogWorker (SegmentedRaftLogWorker.java:execute(569)) - 6f223d4e-d516-4842-990f-c73eba4c9f9f-SegmentedRaftLogWorker:Storage Directory /workdir/hadoop-ozone/integration-test/target/test-dir/MiniOzoneClusterImpl-5d0a0d59-4b77-4b18-84f0-6f2c3eb763cf/datanode-0/data/ratis/65a13a11-e895-456e-a4f9-ed858f99df87: created new log segment /workdir/hadoop-ozone/integration-test/target/test-dir/MiniOzoneClusterImpl-5d0a0d59-4b77-4b18-84f0-6f2c3eb763cf/datanode-0/data/ratis/65a13a11-e895-456e-a4f9-ed858f99df87/current/log_inprogress_0
2019-09-04 07:20:59,590 [Thread-4407] INFO  impl.FollowerState (FollowerState.java:run(106)) - c405a447-8661-4695-872e-62a6e38cc662:group-F147692EF869 changes to CANDIDATE, lastRpcTime:5092, electionTimeout:5092ms
2019-09-04 07:20:59,590 [Thread-4407] INFO  impl.RoleInfo (RoleInfo.java:shutdownFollowerState(121)) - c405a447-8661-4695-872e-62a6e38cc662: shutdown FollowerState
2019-09-04 07:20:59,590 [Thread-4407] INFO  impl.RaftServerImpl (RaftServerImpl.java:setRole(171)) - c405a447-8661-4695-872e-62a6e38cc662:group-F147692EF869 changes role from FOLLOWER to CANDIDATE at term 0 for changeToCandidate
2019-09-04 07:20:59,590 [Thread-4407] INFO  impl.RoleInfo (RoleInfo.java:updateAndGet(143)) - c405a447-8661-4695-872e-62a6e38cc662: start LeaderElection
2019-09-04 07:20:59,609 [c405a447-8661-4695-872e-62a6e38cc662:group-F147692EF869:LeaderElection92] INFO  impl.LeaderElection (LeaderElection.java:askForVotes(181)) - c405a447-8661-4695-872e-62a6e38cc662:group-F147692EF869:LeaderElection92: begin an election at term 1 for -1: [c405a447-8661-4695-872e-62a6e38cc662:192.168.34.9:46527], old=null
2019-09-04 07:20:59,610 [c405a447-8661-4695-872e-62a6e38cc662:group-F147692EF869:LeaderElection92] INFO  impl.RoleInfo (RoleInfo.java:shutdownLeaderElection(134)) - c405a447-8661-4695-872e-62a6e38cc662: shutdown LeaderElection
2019-09-04 07:20:59,610 [c405a447-8661-4695-872e-62a6e38cc662:group-F147692EF869:LeaderElection92] INFO  impl.RaftServerImpl (RaftServerImpl.java:setRole(171)) - c405a447-8661-4695-872e-62a6e38cc662:group-F147692EF869 changes role from CANDIDATE to LEADER at term 1 for changeToLeader
2019-09-04 07:20:59,610 [c405a447-8661-4695-872e-62a6e38cc662:group-F147692EF869:LeaderElection92] INFO  impl.RaftServerImpl (ServerState.java:setLeader(263)) - c405a447-8661-4695-872e-62a6e38cc662:group-F147692EF869 change Leader from null to c405a447-8661-4695-872e-62a6e38cc662 at term 1 for becomeLeader, leader elected after 5116ms
2019-09-04 07:20:59,610 [c405a447-8661-4695-872e-62a6e38cc662:group-F147692EF869:LeaderElection92] INFO  server.RaftServerConfigKeys (ConfUtils.java:logGet(43)) - raft.server.staging.catchup.gap = 1000 (default)
2019-09-04 07:20:59,610 [c405a447-8661-4695-872e-62a6e38cc662:group-F147692EF869:LeaderElection92] INFO  server.RaftServerConfigKeys (ConfUtils.java:logGet(43)) - raft.server.rpc.sleep.time = 25ms (default)
2019-09-04 07:20:59,610 [c405a447-8661-4695-872e-62a6e38cc662:group-F147692EF869:LeaderElection92] INFO  server.RaftServerConfigKeys (ConfUtils.java:logGet(43)) - raft.server.write.element-limit = 4096 (default)
2019-09-04 07:20:59,611 [c405a447-8661-4695-872e-62a6e38cc662:group-F147692EF869:LeaderElection92] INFO  server.RaftServerConfigKeys (ConfUtils.java:logGet(43)) - raft.server.watch.timeout = 10s (default)
2019-09-04 07:20:59,611 [c405a447-8661-4695-872e-62a6e38cc662:group-F147692EF869:LeaderElection92] INFO  server.RaftServerConfigKeys (ConfUtils.java:logGet(43)) - raft.server.watch.timeout.denomination = 1s (default)
2019-09-04 07:20:59,611 [c405a447-8661-4695-872e-62a6e38cc662:group-F147692EF869:LeaderElection92] INFO  server.RaftServerConfigKeys (ConfUtils.java:logGet(43)) - raft.server.watch.element-limit = 65536 (default)
2019-09-04 07:20:59,611 [c405a447-8661-4695-872e-62a6e38cc662:group-F147692EF869:LeaderElection92] INFO  impl.RoleInfo (RoleInfo.java:updateAndGet(143)) - c405a447-8661-4695-872e-62a6e38cc662: start LeaderState
2019-09-04 07:20:59,611 [c405a447-8661-4695-872e-62a6e38cc662:group-F147692EF869:LeaderElection92] INFO  segmented.SegmentedRaftLogWorker (SegmentedRaftLogWorker.java:startLogSegment(380)) - c405a447-8661-4695-872e-62a6e38cc662-SegmentedRaftLogWorker:Storage Directory /workdir/hadoop-ozone/integration-test/target/test-dir/MiniOzoneClusterImpl-5d0a0d59-4b77-4b18-84f0-6f2c3eb763cf/datanode-1/data/ratis/76786352-10ed-49a1-897c-f147692ef869: Starting segment from index:0
2019-09-04 07:20:59,612 [c405a447-8661-4695-872e-62a6e38cc662:group-F147692EF869:LeaderElection92] INFO  impl.RaftServerImpl (ServerState.java:setRaftConf(361)) - c405a447-8661-4695-872e-62a6e38cc662:group-F147692EF869 set configuration 0: [c405a447-8661-4695-872e-62a6e38cc662:192.168.34.9:46527], old=null at 0
2019-09-04 07:20:59,663 | INFO  | SCMAudit | user=jenkins1000 | ip=192.168.34.9 | op=SEND_HEARTBEAT {datanodeUUID=e5b5410c-7343-40b8-bab2-826c65acf05b, command=[]} | ret=SUCCESS |  
2019-09-04 07:20:59,668 [c405a447-8661-4695-872e-62a6e38cc662-SegmentedRaftLogWorker:Storage Directory /workdir/hadoop-ozone/integration-test/target/test-dir/MiniOzoneClusterImpl-5d0a0d59-4b77-4b18-84f0-6f2c3eb763cf/datanode-1/data/ratis/76786352-10ed-49a1-897c-f147692ef869] INFO  segmented.SegmentedRaftLogWorker (SegmentedRaftLogWorker.java:execute(569)) - c405a447-8661-4695-872e-62a6e38cc662-SegmentedRaftLogWorker:Storage Directory /workdir/hadoop-ozone/integration-test/target/test-dir/MiniOzoneClusterImpl-5d0a0d59-4b77-4b18-84f0-6f2c3eb763cf/datanode-1/data/ratis/76786352-10ed-49a1-897c-f147692ef869: created new log segment /workdir/hadoop-ozone/integration-test/target/test-dir/MiniOzoneClusterImpl-5d0a0d59-4b77-4b18-84f0-6f2c3eb763cf/datanode-1/data/ratis/76786352-10ed-49a1-897c-f147692ef869/current/log_inprogress_0
2019-09-04 07:20:59,701 | INFO  | SCMAudit | user=jenkins1000 | ip=192.168.34.9 | op=SEND_HEARTBEAT {datanodeUUID=06c36665-71bf-45ab-8d97-17e8e1570553, command=[]} | ret=SUCCESS |  
2019-09-04 07:20:59,761 [Thread-4413] INFO  impl.FollowerState (FollowerState.java:run(106)) - e5b5410c-7343-40b8-bab2-826c65acf05b:group-1EF8FEBFFAA9 changes to CANDIDATE, lastRpcTime:5007, electionTimeout:5007ms
2019-09-04 07:20:59,761 [Thread-4413] INFO  impl.RoleInfo (RoleInfo.java:shutdownFollowerState(121)) - e5b5410c-7343-40b8-bab2-826c65acf05b: shutdown FollowerState
2019-09-04 07:20:59,761 [Thread-4413] INFO  impl.RaftServerImpl (RaftServerImpl.java:setRole(171)) - e5b5410c-7343-40b8-bab2-826c65acf05b:group-1EF8FEBFFAA9 changes role from FOLLOWER to CANDIDATE at term 0 for changeToCandidate
2019-09-04 07:20:59,761 [Thread-4413] INFO  impl.RoleInfo (RoleInfo.java:updateAndGet(143)) - e5b5410c-7343-40b8-bab2-826c65acf05b: start LeaderElection
2019-09-04 07:20:59,783 [e5b5410c-7343-40b8-bab2-826c65acf05b:group-1EF8FEBFFAA9:LeaderElection93] INFO  impl.LeaderElection (LeaderElection.java:askForVotes(181)) - e5b5410c-7343-40b8-bab2-826c65acf05b:group-1EF8FEBFFAA9:LeaderElection93: begin an election at term 1 for -1: [e5b5410c-7343-40b8-bab2-826c65acf05b:192.168.34.9:41099, c405a447-8661-4695-872e-62a6e38cc662:192.168.34.9:46527, 6f223d4e-d516-4842-990f-c73eba4c9f9f:192.168.34.9:33264], old=null
2019-09-04 07:20:59,798 [grpc-default-executor-12] INFO  impl.RaftServerImpl (RaftServerImpl.java:setRole(171)) - c405a447-8661-4695-872e-62a6e38cc662:group-1EF8FEBFFAA9 changes role from FOLLOWER to FOLLOWER at term 1 for recognizeCandidate:e5b5410c-7343-40b8-bab2-826c65acf05b
2019-09-04 07:20:59,798 [grpc-default-executor-11] INFO  impl.RaftServerImpl (RaftServerImpl.java:setRole(171)) - 6f223d4e-d516-4842-990f-c73eba4c9f9f:group-1EF8FEBFFAA9 changes role from FOLLOWER to FOLLOWER at term 1 for recognizeCandidate:e5b5410c-7343-40b8-bab2-826c65acf05b
2019-09-04 07:20:59,798 [grpc-default-executor-12] INFO  impl.RoleInfo (RoleInfo.java:shutdownFollowerState(121)) - c405a447-8661-4695-872e-62a6e38cc662: shutdown FollowerState
2019-09-04 07:20:59,798 [grpc-default-executor-11] INFO  impl.RoleInfo (RoleInfo.java:shutdownFollowerState(121)) - 6f223d4e-d516-4842-990f-c73eba4c9f9f: shutdown FollowerState
2019-09-04 07:20:59,799 [grpc-default-executor-12] INFO  impl.RoleInfo (RoleInfo.java:updateAndGet(143)) - c405a447-8661-4695-872e-62a6e38cc662: start FollowerState
2019-09-04 07:20:59,799 [Thread-4410] INFO  impl.FollowerState (FollowerState.java:run(106)) - e5b5410c-7343-40b8-bab2-826c65acf05b:group-FFB3972EBC6D changes to CANDIDATE, lastRpcTime:5104, electionTimeout:5104ms
2019-09-04 07:20:59,799 [grpc-default-executor-11] INFO  impl.RoleInfo (RoleInfo.java:updateAndGet(143)) - 6f223d4e-d516-4842-990f-c73eba4c9f9f: start FollowerState
2019-09-04 07:20:59,799 [Thread-4410] INFO  impl.RoleInfo (RoleInfo.java:shutdownFollowerState(121)) - e5b5410c-7343-40b8-bab2-826c65acf05b: shutdown FollowerState
2019-09-04 07:20:59,799 [Thread-4419] INFO  impl.FollowerState (FollowerState.java:run(114)) - c405a447-8661-4695-872e-62a6e38cc662: FollowerState was interrupted: java.lang.InterruptedException: sleep interrupted
2019-09-04 07:20:59,799 [Thread-4416] INFO  impl.FollowerState (FollowerState.java:run(114)) - 6f223d4e-d516-4842-990f-c73eba4c9f9f: FollowerState was interrupted: java.lang.InterruptedException: sleep interrupted
2019-09-04 07:20:59,799 [Thread-4410] INFO  impl.RaftServerImpl (RaftServerImpl.java:setRole(171)) - e5b5410c-7343-40b8-bab2-826c65acf05b:group-FFB3972EBC6D changes role from FOLLOWER to CANDIDATE at term 0 for changeToCandidate
2019-09-04 07:20:59,803 [Thread-4410] INFO  impl.RoleInfo (RoleInfo.java:updateAndGet(143)) - e5b5410c-7343-40b8-bab2-826c65acf05b: start LeaderElection
2019-09-04 07:20:59,819 [grpc-default-executor-9] INFO  client.GrpcClientProtocolClient (GrpcClientProtocolClient.java:onNext(255)) - client-50FDE4F4645A->7a11b573-71f8-4ea4-abf9-99486384f03f: receive RaftClientReply:client-50FDE4F4645A->7a11b573-71f8-4ea4-abf9-99486384f03f@group-4EFBC48085DE, cid=230, FAILED org.apache.ratis.protocol.NotLeaderException: Server 7a11b573-71f8-4ea4-abf9-99486384f03f is not the leader (null). Request must be sent to leader., logIndex=0, commits[7a11b573-71f8-4ea4-abf9-99486384f03f:c-1]
2019-09-04 07:20:59,822 [e5b5410c-7343-40b8-bab2-826c65acf05b:group-FFB3972EBC6D:LeaderElection94] INFO  impl.LeaderElection (LeaderElection.java:askForVotes(181)) - e5b5410c-7343-40b8-bab2-826c65acf05b:group-FFB3972EBC6D:LeaderElection94: begin an election at term 1 for -1: [e5b5410c-7343-40b8-bab2-826c65acf05b:192.168.34.9:41099], old=null
2019-09-04 07:20:59,822 [e5b5410c-7343-40b8-bab2-826c65acf05b:group-FFB3972EBC6D:LeaderElection94] INFO  impl.RoleInfo (RoleInfo.java:shutdownLeaderElection(134)) - e5b5410c-7343-40b8-bab2-826c65acf05b: shutdown LeaderElection
2019-09-04 07:20:59,822 [e5b5410c-7343-40b8-bab2-826c65acf05b:group-FFB3972EBC6D:LeaderElection94] INFO  impl.RaftServerImpl (RaftServerImpl.java:setRole(171)) - e5b5410c-7343-40b8-bab2-826c65acf05b:group-FFB3972EBC6D changes role from CANDIDATE to LEADER at term 1 for changeToLeader
2019-09-04 07:20:59,822 [e5b5410c-7343-40b8-bab2-826c65acf05b:group-FFB3972EBC6D:LeaderElection94] INFO  impl.RaftServerImpl (ServerState.java:setLeader(263)) - e5b5410c-7343-40b8-bab2-826c65acf05b:group-FFB3972EBC6D change Leader from null to e5b5410c-7343-40b8-bab2-826c65acf05b at term 1 for becomeLeader, leader elected after 5131ms
2019-09-04 07:20:59,822 [e5b5410c-7343-40b8-bab2-826c65acf05b:group-FFB3972EBC6D:LeaderElection94] INFO  server.RaftServerConfigKeys (ConfUtils.java:logGet(43)) - raft.server.staging.catchup.gap = 1000 (default)
2019-09-04 07:20:59,822 [e5b5410c-7343-40b8-bab2-826c65acf05b:group-1EF8FEBFFAA9:LeaderElection93] INFO  impl.LeaderElection (LeaderElection.java:logAndReturn(56)) - e5b5410c-7343-40b8-bab2-826c65acf05b:group-1EF8FEBFFAA9:LeaderElection93: Election PASSED; received 1 response(s) [e5b5410c-7343-40b8-bab2-826c65acf05b<-c405a447-8661-4695-872e-62a6e38cc662#0:OK-t1] and 0 exception(s); e5b5410c-7343-40b8-bab2-826c65acf05b:t1, leader=null, voted=e5b5410c-7343-40b8-bab2-826c65acf05b, raftlog=e5b5410c-7343-40b8-bab2-826c65acf05b-SegmentedRaftLog:OPENED:c-1,f-1,i0, conf=-1: [e5b5410c-7343-40b8-bab2-826c65acf05b:192.168.34.9:41099, c405a447-8661-4695-872e-62a6e38cc662:192.168.34.9:46527, 6f223d4e-d516-4842-990f-c73eba4c9f9f:192.168.34.9:33264], old=null
2019-09-04 07:20:59,822 [e5b5410c-7343-40b8-bab2-826c65acf05b:group-FFB3972EBC6D:LeaderElection94] INFO  server.RaftServerConfigKeys (ConfUtils.java:logGet(43)) - raft.server.rpc.sleep.time = 25ms (default)
2019-09-04 07:20:59,822 [e5b5410c-7343-40b8-bab2-826c65acf05b:group-1EF8FEBFFAA9:LeaderElection93] INFO  impl.RoleInfo (RoleInfo.java:shutdownLeaderElection(134)) - e5b5410c-7343-40b8-bab2-826c65acf05b: shutdown LeaderElection
2019-09-04 07:20:59,823 [e5b5410c-7343-40b8-bab2-826c65acf05b:group-FFB3972EBC6D:LeaderElection94] INFO  server.RaftServerConfigKeys (ConfUtils.java:logGet(43)) - raft.server.write.element-limit = 4096 (default)
2019-09-04 07:20:59,823 [e5b5410c-7343-40b8-bab2-826c65acf05b:group-1EF8FEBFFAA9:LeaderElection93] INFO  impl.RaftServerImpl (RaftServerImpl.java:setRole(171)) - e5b5410c-7343-40b8-bab2-826c65acf05b:group-1EF8FEBFFAA9 changes role from CANDIDATE to LEADER at term 1 for changeToLeader
2019-09-04 07:20:59,823 [e5b5410c-7343-40b8-bab2-826c65acf05b:group-FFB3972EBC6D:LeaderElection94] INFO  server.RaftServerConfigKeys (ConfUtils.java:logGet(43)) - raft.server.watch.timeout = 10s (default)
2019-09-04 07:20:59,823 [e5b5410c-7343-40b8-bab2-826c65acf05b:group-1EF8FEBFFAA9:LeaderElection93] INFO  impl.RaftServerImpl (ServerState.java:setLeader(263)) - e5b5410c-7343-40b8-bab2-826c65acf05b:group-1EF8FEBFFAA9 change Leader from null to e5b5410c-7343-40b8-bab2-826c65acf05b at term 1 for becomeLeader, leader elected after 5076ms
2019-09-04 07:20:59,823 [e5b5410c-7343-40b8-bab2-826c65acf05b:group-FFB3972EBC6D:LeaderElection94] INFO  server.RaftServerConfigKeys (ConfUtils.java:logGet(43)) - raft.server.watch.timeout.denomination = 1s (default)
2019-09-04 07:20:59,823 [e5b5410c-7343-40b8-bab2-826c65acf05b:group-1EF8FEBFFAA9:LeaderElection93] INFO  server.RaftServerConfigKeys (ConfUtils.java:logGet(43)) - raft.server.staging.catchup.gap = 1000 (default)
2019-09-04 07:20:59,823 [e5b5410c-7343-40b8-bab2-826c65acf05b:group-FFB3972EBC6D:LeaderElection94] INFO  server.RaftServerConfigKeys (ConfUtils.java:logGet(43)) - raft.server.watch.element-limit = 65536 (default)
2019-09-04 07:20:59,823 [e5b5410c-7343-40b8-bab2-826c65acf05b:group-1EF8FEBFFAA9:LeaderElection93] INFO  server.RaftServerConfigKeys (ConfUtils.java:logGet(43)) - raft.server.rpc.sleep.time = 25ms (default)
2019-09-04 07:20:59,824 [e5b5410c-7343-40b8-bab2-826c65acf05b:group-FFB3972EBC6D:LeaderElection94] INFO  impl.RoleInfo (RoleInfo.java:updateAndGet(143)) - e5b5410c-7343-40b8-bab2-826c65acf05b: start LeaderState
2019-09-04 07:20:59,824 [e5b5410c-7343-40b8-bab2-826c65acf05b:group-1EF8FEBFFAA9:LeaderElection93] INFO  server.RaftServerConfigKeys (ConfUtils.java:logGet(43)) - raft.server.write.element-limit = 4096 (default)
2019-09-04 07:20:59,824 [e5b5410c-7343-40b8-bab2-826c65acf05b:group-1EF8FEBFFAA9:LeaderElection93] INFO  server.RaftServerConfigKeys (ConfUtils.java:logGet(43)) - raft.server.watch.timeout = 10s (default)
2019-09-04 07:20:59,824 [e5b5410c-7343-40b8-bab2-826c65acf05b:group-1EF8FEBFFAA9:LeaderElection93] INFO  server.RaftServerConfigKeys (ConfUtils.java:logGet(43)) - raft.server.watch.timeout.denomination = 1s (default)
2019-09-04 07:20:59,824 [e5b5410c-7343-40b8-bab2-826c65acf05b:group-FFB3972EBC6D:LeaderElection94] INFO  segmented.SegmentedRaftLogWorker (SegmentedRaftLogWorker.java:startLogSegment(380)) - e5b5410c-7343-40b8-bab2-826c65acf05b-SegmentedRaftLogWorker:Storage Directory /workdir/hadoop-ozone/integration-test/target/test-dir/MiniOzoneClusterImpl-5d0a0d59-4b77-4b18-84f0-6f2c3eb763cf/datanode-2/data/ratis/5a83795b-a635-4428-b237-ffb3972ebc6d: Starting segment from index:0
2019-09-04 07:20:59,824 [e5b5410c-7343-40b8-bab2-826c65acf05b:group-1EF8FEBFFAA9:LeaderElection93] INFO  server.RaftServerConfigKeys (ConfUtils.java:logGet(43)) - raft.server.watch.element-limit = 65536 (default)
2019-09-04 07:20:59,824 [e5b5410c-7343-40b8-bab2-826c65acf05b:group-1EF8FEBFFAA9:LeaderElection93] INFO  server.RaftServerConfigKeys (ConfUtils.java:logGet(43)) - raft.server.log.appender.snapshot.chunk.size.max = 16MB (=16777216) (default)
2019-09-04 07:20:59,824 [e5b5410c-7343-40b8-bab2-826c65acf05b:group-FFB3972EBC6D:LeaderElection94] INFO  impl.RaftServerImpl (ServerState.java:setRaftConf(361)) - e5b5410c-7343-40b8-bab2-826c65acf05b:group-FFB3972EBC6D set configuration 0: [e5b5410c-7343-40b8-bab2-826c65acf05b:192.168.34.9:41099], old=null at 0
2019-09-04 07:20:59,825 [e5b5410c-7343-40b8-bab2-826c65acf05b:group-1EF8FEBFFAA9:LeaderElection93] INFO  server.RaftServerConfigKeys (ConfUtils.java:logGet(43)) - raft.server.log.appender.buffer.byte-limit = 33554432 (custom)
2019-09-04 07:20:59,854 [e5b5410c-7343-40b8-bab2-826c65acf05b:group-1EF8FEBFFAA9:LeaderElection93] INFO  server.RaftServerConfigKeys (ConfUtils.java:logGet(43)) - raft.server.log.appender.buffer.element-limit = 1 (custom)
2019-09-04 07:20:59,855 [e5b5410c-7343-40b8-bab2-826c65acf05b:group-1EF8FEBFFAA9:LeaderElection93] INFO  grpc.GrpcConfigKeys$Server (ConfUtils.java:logGet(43)) - raft.grpc.server.leader.outstanding.appends.max = 128 (default)
2019-09-04 07:20:59,855 | INFO  | SCMAudit | user=jenkins1000 | ip=192.168.34.9 | op=SEND_HEARTBEAT {datanodeUUID=98937b65-337d-44f5-addc-6b2caf521cd7, command=[]} | ret=SUCCESS |  
2019-09-04 07:20:59,855 [e5b5410c-7343-40b8-bab2-826c65acf05b:group-1EF8FEBFFAA9:LeaderElection93] INFO  server.RaftServerConfigKeys (ConfUtils.java:logGet(43)) - raft.server.rpc.request.timeout = 3000ms (default)
2019-09-04 07:20:59,855 [e5b5410c-7343-40b8-bab2-826c65acf05b:group-1EF8FEBFFAA9:LeaderElection93] INFO  server.RaftServerConfigKeys (ConfUtils.java:logGet(43)) - raft.server.log.appender.install.snapshot.enabled = false (custom)
2019-09-04 07:20:59,855 [e5b5410c-7343-40b8-bab2-826c65acf05b:group-1EF8FEBFFAA9:LeaderElection93] INFO  server.RaftServerConfigKeys (ConfUtils.java:logGet(43)) - raft.server.log.appender.snapshot.chunk.size.max = 16MB (=16777216) (default)
2019-09-04 07:20:59,855 [e5b5410c-7343-40b8-bab2-826c65acf05b:group-1EF8FEBFFAA9:LeaderElection93] INFO  server.RaftServerConfigKeys (ConfUtils.java:logGet(43)) - raft.server.log.appender.buffer.byte-limit = 33554432 (custom)
2019-09-04 07:20:59,855 [e5b5410c-7343-40b8-bab2-826c65acf05b:group-1EF8FEBFFAA9:LeaderElection93] INFO  server.RaftServerConfigKeys (ConfUtils.java:logGet(43)) - raft.server.log.appender.buffer.element-limit = 1 (custom)
2019-09-04 07:20:59,856 [e5b5410c-7343-40b8-bab2-826c65acf05b:group-1EF8FEBFFAA9:LeaderElection93] INFO  grpc.GrpcConfigKeys$Server (ConfUtils.java:logGet(43)) - raft.grpc.server.leader.outstanding.appends.max = 128 (default)
2019-09-04 07:20:59,856 [e5b5410c-7343-40b8-bab2-826c65acf05b:group-1EF8FEBFFAA9:LeaderElection93] INFO  server.RaftServerConfigKeys (ConfUtils.java:logGet(43)) - raft.server.rpc.request.timeout = 3000ms (default)
2019-09-04 07:20:59,856 [e5b5410c-7343-40b8-bab2-826c65acf05b:group-1EF8FEBFFAA9:LeaderElection93] INFO  server.RaftServerConfigKeys (ConfUtils.java:logGet(43)) - raft.server.log.appender.install.snapshot.enabled = false (custom)
2019-09-04 07:20:59,856 [e5b5410c-7343-40b8-bab2-826c65acf05b:group-1EF8FEBFFAA9:LeaderElection93] INFO  impl.RoleInfo (RoleInfo.java:updateAndGet(143)) - e5b5410c-7343-40b8-bab2-826c65acf05b: start LeaderState
2019-09-04 07:20:59,856 [e5b5410c-7343-40b8-bab2-826c65acf05b:group-1EF8FEBFFAA9:LeaderElection93] INFO  segmented.SegmentedRaftLogWorker (SegmentedRaftLogWorker.java:startLogSegment(380)) - e5b5410c-7343-40b8-bab2-826c65acf05b-SegmentedRaftLogWorker:Storage Directory /workdir/hadoop-ozone/integration-test/target/test-dir/MiniOzoneClusterImpl-5d0a0d59-4b77-4b18-84f0-6f2c3eb763cf/datanode-2/data/ratis/4368c228-7ab2-454e-964c-1ef8febffaa9: Starting segment from index:0
2019-09-04 07:20:59,857 [e5b5410c-7343-40b8-bab2-826c65acf05b:group-1EF8FEBFFAA9:LeaderElection93] INFO  impl.RaftServerImpl (ServerState.java:setRaftConf(361)) - e5b5410c-7343-40b8-bab2-826c65acf05b:group-1EF8FEBFFAA9 set configuration 0: [e5b5410c-7343-40b8-bab2-826c65acf05b:192.168.34.9:41099, c405a447-8661-4695-872e-62a6e38cc662:192.168.34.9:46527, 6f223d4e-d516-4842-990f-c73eba4c9f9f:192.168.34.9:33264], old=null at 0
2019-09-04 07:20:59,859 [grpc-default-executor-11] INFO  impl.RaftServerImpl (ServerState.java:setLeader(263)) - 6f223d4e-d516-4842-990f-c73eba4c9f9f:group-1EF8FEBFFAA9 change Leader from null to e5b5410c-7343-40b8-bab2-826c65acf05b at term 1 for appendEntries, leader elected after 5112ms
2019-09-04 07:20:59,885 [e5b5410c-7343-40b8-bab2-826c65acf05b-SegmentedRaftLogWorker:Storage Directory /workdir/hadoop-ozone/integration-test/target/test-dir/MiniOzoneClusterImpl-5d0a0d59-4b77-4b18-84f0-6f2c3eb763cf/datanode-2/data/ratis/5a83795b-a635-4428-b237-ffb3972ebc6d] INFO  segmented.SegmentedRaftLogWorker (SegmentedRaftLogWorker.java:execute(569)) - e5b5410c-7343-40b8-bab2-826c65acf05b-SegmentedRaftLogWorker:Storage Directory /workdir/hadoop-ozone/integration-test/target/test-dir/MiniOzoneClusterImpl-5d0a0d59-4b77-4b18-84f0-6f2c3eb763cf/datanode-2/data/ratis/5a83795b-a635-4428-b237-ffb3972ebc6d: created new log segment /workdir/hadoop-ozone/integration-test/target/test-dir/MiniOzoneClusterImpl-5d0a0d59-4b77-4b18-84f0-6f2c3eb763cf/datanode-2/data/ratis/5a83795b-a635-4428-b237-ffb3972ebc6d/current/log_inprogress_0
2019-09-04 07:20:59,885 [grpc-default-executor-13] INFO  impl.RaftServerImpl (ServerState.java:setLeader(263)) - c405a447-8661-4695-872e-62a6e38cc662:group-1EF8FEBFFAA9 change Leader from null to e5b5410c-7343-40b8-bab2-826c65acf05b at term 1 for appendEntries, leader elected after 5138ms
2019-09-04 07:20:59,889 [grpc-default-executor-11] INFO  impl.RaftServerImpl (ServerState.java:setRaftConf(361)) - 6f223d4e-d516-4842-990f-c73eba4c9f9f:group-1EF8FEBFFAA9 set configuration 0: [e5b5410c-7343-40b8-bab2-826c65acf05b:192.168.34.9:41099, c405a447-8661-4695-872e-62a6e38cc662:192.168.34.9:46527, 6f223d4e-d516-4842-990f-c73eba4c9f9f:192.168.34.9:33264], old=null at 0
2019-09-04 07:20:59,889 [grpc-default-executor-13] INFO  impl.RaftServerImpl (ServerState.java:setRaftConf(361)) - c405a447-8661-4695-872e-62a6e38cc662:group-1EF8FEBFFAA9 set configuration 0: [e5b5410c-7343-40b8-bab2-826c65acf05b:192.168.34.9:41099, c405a447-8661-4695-872e-62a6e38cc662:192.168.34.9:46527, 6f223d4e-d516-4842-990f-c73eba4c9f9f:192.168.34.9:33264], old=null at 0
2019-09-04 07:20:59,889 [grpc-default-executor-11] INFO  segmented.SegmentedRaftLogWorker (SegmentedRaftLogWorker.java:startLogSegment(380)) - 6f223d4e-d516-4842-990f-c73eba4c9f9f-SegmentedRaftLogWorker:Storage Directory /workdir/hadoop-ozone/integration-test/target/test-dir/MiniOzoneClusterImpl-5d0a0d59-4b77-4b18-84f0-6f2c3eb763cf/datanode-0/data/ratis/4368c228-7ab2-454e-964c-1ef8febffaa9: Starting segment from index:0
2019-09-04 07:20:59,889 [grpc-default-executor-13] INFO  segmented.SegmentedRaftLogWorker (SegmentedRaftLogWorker.java:startLogSegment(380)) - c405a447-8661-4695-872e-62a6e38cc662-SegmentedRaftLogWorker:Storage Directory /workdir/hadoop-ozone/integration-test/target/test-dir/MiniOzoneClusterImpl-5d0a0d59-4b77-4b18-84f0-6f2c3eb763cf/datanode-1/data/ratis/4368c228-7ab2-454e-964c-1ef8febffaa9: Starting segment from index:0
2019-09-04 07:20:59,899 [e5b5410c-7343-40b8-bab2-826c65acf05b-SegmentedRaftLogWorker:Storage Directory /workdir/hadoop-ozone/integration-test/target/test-dir/MiniOzoneClusterImpl-5d0a0d59-4b77-4b18-84f0-6f2c3eb763cf/datanode-2/data/ratis/4368c228-7ab2-454e-964c-1ef8febffaa9] INFO  segmented.SegmentedRaftLogWorker (SegmentedRaftLogWorker.java:execute(569)) - e5b5410c-7343-40b8-bab2-826c65acf05b-SegmentedRaftLogWorker:Storage Directory /workdir/hadoop-ozone/integration-test/target/test-dir/MiniOzoneClusterImpl-5d0a0d59-4b77-4b18-84f0-6f2c3eb763cf/datanode-2/data/ratis/4368c228-7ab2-454e-964c-1ef8febffaa9: created new log segment /workdir/hadoop-ozone/integration-test/target/test-dir/MiniOzoneClusterImpl-5d0a0d59-4b77-4b18-84f0-6f2c3eb763cf/datanode-2/data/ratis/4368c228-7ab2-454e-964c-1ef8febffaa9/current/log_inprogress_0
2019-09-04 07:20:59,935 [6f223d4e-d516-4842-990f-c73eba4c9f9f-SegmentedRaftLogWorker:Storage Directory /workdir/hadoop-ozone/integration-test/target/test-dir/MiniOzoneClusterImpl-5d0a0d59-4b77-4b18-84f0-6f2c3eb763cf/datanode-0/data/ratis/4368c228-7ab2-454e-964c-1ef8febffaa9] INFO  segmented.SegmentedRaftLogWorker (SegmentedRaftLogWorker.java:execute(569)) - 6f223d4e-d516-4842-990f-c73eba4c9f9f-SegmentedRaftLogWorker:Storage Directory /workdir/hadoop-ozone/integration-test/target/test-dir/MiniOzoneClusterImpl-5d0a0d59-4b77-4b18-84f0-6f2c3eb763cf/datanode-0/data/ratis/4368c228-7ab2-454e-964c-1ef8febffaa9: created new log segment /workdir/hadoop-ozone/integration-test/target/test-dir/MiniOzoneClusterImpl-5d0a0d59-4b77-4b18-84f0-6f2c3eb763cf/datanode-0/data/ratis/4368c228-7ab2-454e-964c-1ef8febffaa9/current/log_inprogress_0
2019-09-04 07:20:59,935 [c405a447-8661-4695-872e-62a6e38cc662-SegmentedRaftLogWorker:Storage Directory /workdir/hadoop-ozone/integration-test/target/test-dir/MiniOzoneClusterImpl-5d0a0d59-4b77-4b18-84f0-6f2c3eb763cf/datanode-1/data/ratis/4368c228-7ab2-454e-964c-1ef8febffaa9] INFO  segmented.SegmentedRaftLogWorker (SegmentedRaftLogWorker.java:execute(569)) - c405a447-8661-4695-872e-62a6e38cc662-SegmentedRaftLogWorker:Storage Directory /workdir/hadoop-ozone/integration-test/target/test-dir/MiniOzoneClusterImpl-5d0a0d59-4b77-4b18-84f0-6f2c3eb763cf/datanode-1/data/ratis/4368c228-7ab2-454e-964c-1ef8febffaa9: created new log segment /workdir/hadoop-ozone/integration-test/target/test-dir/MiniOzoneClusterImpl-5d0a0d59-4b77-4b18-84f0-6f2c3eb763cf/datanode-1/data/ratis/4368c228-7ab2-454e-964c-1ef8febffaa9/current/log_inprogress_0
2019-09-04 07:20:59,969 [Thread-4422] INFO  impl.FollowerState (FollowerState.java:run(106)) - 98937b65-337d-44f5-addc-6b2caf521cd7:group-A26E67A9F246 changes to CANDIDATE, lastRpcTime:5097, electionTimeout:5097ms
2019-09-04 07:20:59,969 [Thread-4422] INFO  impl.RoleInfo (RoleInfo.java:shutdownFollowerState(121)) - 98937b65-337d-44f5-addc-6b2caf521cd7: shutdown FollowerState
2019-09-04 07:20:59,969 [Thread-4422] INFO  impl.RaftServerImpl (RaftServerImpl.java:setRole(171)) - 98937b65-337d-44f5-addc-6b2caf521cd7:group-A26E67A9F246 changes role from FOLLOWER to CANDIDATE at term 0 for changeToCandidate
2019-09-04 07:20:59,969 [Thread-4422] INFO  impl.RoleInfo (RoleInfo.java:updateAndGet(143)) - 98937b65-337d-44f5-addc-6b2caf521cd7: start LeaderElection
2019-09-04 07:20:59,998 [98937b65-337d-44f5-addc-6b2caf521cd7:group-A26E67A9F246:LeaderElection95] INFO  impl.LeaderElection (LeaderElection.java:askForVotes(181)) - 98937b65-337d-44f5-addc-6b2caf521cd7:group-A26E67A9F246:LeaderElection95: begin an election at term 1 for -1: [98937b65-337d-44f5-addc-6b2caf521cd7:192.168.34.9:46353], old=null
2019-09-04 07:20:59,998 [98937b65-337d-44f5-addc-6b2caf521cd7:group-A26E67A9F246:LeaderElection95] INFO  impl.RoleInfo (RoleInfo.java:shutdownLeaderElection(134)) - 98937b65-337d-44f5-addc-6b2caf521cd7: shutdown LeaderElection
2019-09-04 07:20:59,998 [98937b65-337d-44f5-addc-6b2caf521cd7:group-A26E67A9F246:LeaderElection95] INFO  impl.RaftServerImpl (RaftServerImpl.java:setRole(171)) - 98937b65-337d-44f5-addc-6b2caf521cd7:group-A26E67A9F246 changes role from CANDIDATE to LEADER at term 1 for changeToLeader
2019-09-04 07:20:59,998 [98937b65-337d-44f5-addc-6b2caf521cd7:group-A26E67A9F246:LeaderElection95] INFO  impl.RaftServerImpl (ServerState.java:setLeader(263)) - 98937b65-337d-44f5-addc-6b2caf521cd7:group-A26E67A9F246 change Leader from null to 98937b65-337d-44f5-addc-6b2caf521cd7 at term 1 for becomeLeader, leader elected after 5131ms
2019-09-04 07:20:59,999 [98937b65-337d-44f5-addc-6b2caf521cd7:group-A26E67A9F246:LeaderElection95] INFO  server.RaftServerConfigKeys (ConfUtils.java:logGet(43)) - raft.server.staging.catchup.gap = 1000 (default)
2019-09-04 07:20:59,999 [98937b65-337d-44f5-addc-6b2caf521cd7:group-A26E67A9F246:LeaderElection95] INFO  server.RaftServerConfigKeys (ConfUtils.java:logGet(43)) - raft.server.rpc.sleep.time = 25ms (default)
2019-09-04 07:20:59,999 [98937b65-337d-44f5-addc-6b2caf521cd7:group-A26E67A9F246:LeaderElection95] INFO  server.RaftServerConfigKeys (ConfUtils.java:logGet(43)) - raft.server.write.element-limit = 4096 (default)
2019-09-04 07:20:59,999 [98937b65-337d-44f5-addc-6b2caf521cd7:group-A26E67A9F246:LeaderElection95] INFO  server.RaftServerConfigKeys (ConfUtils.java:logGet(43)) - raft.server.watch.timeout = 10s (default)
2019-09-04 07:20:59,999 [98937b65-337d-44f5-addc-6b2caf521cd7:group-A26E67A9F246:LeaderElection95] INFO  server.RaftServerConfigKeys (ConfUtils.java:logGet(43)) - raft.server.watch.timeout.denomination = 1s (default)
2019-09-04 07:20:59,999 [98937b65-337d-44f5-addc-6b2caf521cd7:group-A26E67A9F246:LeaderElection95] INFO  server.RaftServerConfigKeys (ConfUtils.java:logGet(43)) - raft.server.watch.element-limit = 65536 (default)
2019-09-04 07:20:59,999 [98937b65-337d-44f5-addc-6b2caf521cd7:group-A26E67A9F246:LeaderElection95] INFO  impl.RoleInfo (RoleInfo.java:updateAndGet(143)) - 98937b65-337d-44f5-addc-6b2caf521cd7: start LeaderState
2019-09-04 07:20:59,999 [98937b65-337d-44f5-addc-6b2caf521cd7:group-A26E67A9F246:LeaderElection95] INFO  segmented.SegmentedRaftLogWorker (SegmentedRaftLogWorker.java:startLogSegment(380)) - 98937b65-337d-44f5-addc-6b2caf521cd7-SegmentedRaftLogWorker:Storage Directory /workdir/hadoop-ozone/integration-test/target/test-dir/MiniOzoneClusterImpl-5d0a0d59-4b77-4b18-84f0-6f2c3eb763cf/datanode-3/data/ratis/96c2e367-4cbd-42b1-8f91-a26e67a9f246: Starting segment from index:0
2019-09-04 07:21:00,000 [98937b65-337d-44f5-addc-6b2caf521cd7:group-A26E67A9F246:LeaderElection95] INFO  impl.RaftServerImpl (ServerState.java:setRaftConf(361)) - 98937b65-337d-44f5-addc-6b2caf521cd7:group-A26E67A9F246 set configuration 0: [98937b65-337d-44f5-addc-6b2caf521cd7:192.168.34.9:46353], old=null at 0
2019-09-04 07:21:00,031 | INFO  | SCMAudit | user=jenkins1000 | ip=192.168.34.9 | op=SEND_HEARTBEAT {datanodeUUID=86a5a05f-5180-4464-ac5c-93670ce4c4ec, command=[]} | ret=SUCCESS |  
2019-09-04 07:21:00,049 [98937b65-337d-44f5-addc-6b2caf521cd7-SegmentedRaftLogWorker:Storage Directory /workdir/hadoop-ozone/integration-test/target/test-dir/MiniOzoneClusterImpl-5d0a0d59-4b77-4b18-84f0-6f2c3eb763cf/datanode-3/data/ratis/96c2e367-4cbd-42b1-8f91-a26e67a9f246] INFO  segmented.SegmentedRaftLogWorker (SegmentedRaftLogWorker.java:execute(569)) - 98937b65-337d-44f5-addc-6b2caf521cd7-SegmentedRaftLogWorker:Storage Directory /workdir/hadoop-ozone/integration-test/target/test-dir/MiniOzoneClusterImpl-5d0a0d59-4b77-4b18-84f0-6f2c3eb763cf/datanode-3/data/ratis/96c2e367-4cbd-42b1-8f91-a26e67a9f246: created new log segment /workdir/hadoop-ozone/integration-test/target/test-dir/MiniOzoneClusterImpl-5d0a0d59-4b77-4b18-84f0-6f2c3eb763cf/datanode-3/data/ratis/96c2e367-4cbd-42b1-8f91-a26e67a9f246/current/log_inprogress_0
2019-09-04 07:21:00,246 | INFO  | SCMAudit | user=jenkins1000 | ip=192.168.34.9 | op=SEND_HEARTBEAT {datanodeUUID=6f223d4e-d516-4842-990f-c73eba4c9f9f, command=[]} | ret=SUCCESS |  
2019-09-04 07:21:00,274 [Thread-4425] INFO  impl.FollowerState (FollowerState.java:run(106)) - 86a5a05f-5180-4464-ac5c-93670ce4c4ec:group-E8DE2CA950BD changes to CANDIDATE, lastRpcTime:5182, electionTimeout:5182ms
2019-09-04 07:21:00,275 [Thread-4425] INFO  impl.RoleInfo (RoleInfo.java:shutdownFollowerState(121)) - 86a5a05f-5180-4464-ac5c-93670ce4c4ec: shutdown FollowerState
2019-09-04 07:21:00,275 [Thread-4425] INFO  impl.RaftServerImpl (RaftServerImpl.java:setRole(171)) - 86a5a05f-5180-4464-ac5c-93670ce4c4ec:group-E8DE2CA950BD changes role from FOLLOWER to CANDIDATE at term 0 for changeToCandidate
2019-09-04 07:21:00,275 [Thread-4425] INFO  impl.RoleInfo (RoleInfo.java:updateAndGet(143)) - 86a5a05f-5180-4464-ac5c-93670ce4c4ec: start LeaderElection
2019-09-04 07:21:00,292 [86a5a05f-5180-4464-ac5c-93670ce4c4ec:group-E8DE2CA950BD:LeaderElection96] INFO  impl.LeaderElection (LeaderElection.java:askForVotes(181)) - 86a5a05f-5180-4464-ac5c-93670ce4c4ec:group-E8DE2CA950BD:LeaderElection96: begin an election at term 1 for -1: [86a5a05f-5180-4464-ac5c-93670ce4c4ec:192.168.34.9:33782], old=null
2019-09-04 07:21:00,292 [86a5a05f-5180-4464-ac5c-93670ce4c4ec:group-E8DE2CA950BD:LeaderElection96] INFO  impl.RoleInfo (RoleInfo.java:shutdownLeaderElection(134)) - 86a5a05f-5180-4464-ac5c-93670ce4c4ec: shutdown LeaderElection
2019-09-04 07:21:00,293 [86a5a05f-5180-4464-ac5c-93670ce4c4ec:group-E8DE2CA950BD:LeaderElection96] INFO  impl.RaftServerImpl (RaftServerImpl.java:setRole(171)) - 86a5a05f-5180-4464-ac5c-93670ce4c4ec:group-E8DE2CA950BD changes role from CANDIDATE to LEADER at term 1 for changeToLeader
2019-09-04 07:21:00,293 [86a5a05f-5180-4464-ac5c-93670ce4c4ec:group-E8DE2CA950BD:LeaderElection96] INFO  impl.RaftServerImpl (ServerState.java:setLeader(263)) - 86a5a05f-5180-4464-ac5c-93670ce4c4ec:group-E8DE2CA950BD change Leader from null to 86a5a05f-5180-4464-ac5c-93670ce4c4ec at term 1 for becomeLeader, leader elected after 5203ms
2019-09-04 07:21:00,293 [86a5a05f-5180-4464-ac5c-93670ce4c4ec:group-E8DE2CA950BD:LeaderElection96] INFO  server.RaftServerConfigKeys (ConfUtils.java:logGet(43)) - raft.server.staging.catchup.gap = 1000 (default)
2019-09-04 07:21:00,293 [86a5a05f-5180-4464-ac5c-93670ce4c4ec:group-E8DE2CA950BD:LeaderElection96] INFO  server.RaftServerConfigKeys (ConfUtils.java:logGet(43)) - raft.server.rpc.sleep.time = 25ms (default)
2019-09-04 07:21:00,293 [86a5a05f-5180-4464-ac5c-93670ce4c4ec:group-E8DE2CA950BD:LeaderElection96] INFO  server.RaftServerConfigKeys (ConfUtils.java:logGet(43)) - raft.server.write.element-limit = 4096 (default)
2019-09-04 07:21:00,293 [86a5a05f-5180-4464-ac5c-93670ce4c4ec:group-E8DE2CA950BD:LeaderElection96] INFO  server.RaftServerConfigKeys (ConfUtils.java:logGet(43)) - raft.server.watch.timeout = 10s (default)
2019-09-04 07:21:00,294 [86a5a05f-5180-4464-ac5c-93670ce4c4ec:group-E8DE2CA950BD:LeaderElection96] INFO  server.RaftServerConfigKeys (ConfUtils.java:logGet(43)) - raft.server.watch.timeout.denomination = 1s (default)
2019-09-04 07:21:00,294 [86a5a05f-5180-4464-ac5c-93670ce4c4ec:group-E8DE2CA950BD:LeaderElection96] INFO  server.RaftServerConfigKeys (ConfUtils.java:logGet(43)) - raft.server.watch.element-limit = 65536 (default)
2019-09-04 07:21:00,294 [86a5a05f-5180-4464-ac5c-93670ce4c4ec:group-E8DE2CA950BD:LeaderElection96] INFO  impl.RoleInfo (RoleInfo.java:updateAndGet(143)) - 86a5a05f-5180-4464-ac5c-93670ce4c4ec: start LeaderState
2019-09-04 07:21:00,294 [86a5a05f-5180-4464-ac5c-93670ce4c4ec:group-E8DE2CA950BD:LeaderElection96] INFO  segmented.SegmentedRaftLogWorker (SegmentedRaftLogWorker.java:startLogSegment(380)) - 86a5a05f-5180-4464-ac5c-93670ce4c4ec-SegmentedRaftLogWorker:Storage Directory /workdir/hadoop-ozone/integration-test/target/test-dir/MiniOzoneClusterImpl-5d0a0d59-4b77-4b18-84f0-6f2c3eb763cf/datanode-4/data/ratis/5a29294f-0ecd-4d81-a3f6-e8de2ca950bd: Starting segment from index:0
2019-09-04 07:21:00,295 [86a5a05f-5180-4464-ac5c-93670ce4c4ec:group-E8DE2CA950BD:LeaderElection96] INFO  impl.RaftServerImpl (ServerState.java:setRaftConf(361)) - 86a5a05f-5180-4464-ac5c-93670ce4c4ec:group-E8DE2CA950BD set configuration 0: [86a5a05f-5180-4464-ac5c-93670ce4c4ec:192.168.34.9:33782], old=null at 0
2019-09-04 07:21:00,345 [86a5a05f-5180-4464-ac5c-93670ce4c4ec-SegmentedRaftLogWorker:Storage Directory /workdir/hadoop-ozone/integration-test/target/test-dir/MiniOzoneClusterImpl-5d0a0d59-4b77-4b18-84f0-6f2c3eb763cf/datanode-4/data/ratis/5a29294f-0ecd-4d81-a3f6-e8de2ca950bd] INFO  segmented.SegmentedRaftLogWorker (SegmentedRaftLogWorker.java:execute(569)) - 86a5a05f-5180-4464-ac5c-93670ce4c4ec-SegmentedRaftLogWorker:Storage Directory /workdir/hadoop-ozone/integration-test/target/test-dir/MiniOzoneClusterImpl-5d0a0d59-4b77-4b18-84f0-6f2c3eb763cf/datanode-4/data/ratis/5a29294f-0ecd-4d81-a3f6-e8de2ca950bd: created new log segment /workdir/hadoop-ozone/integration-test/target/test-dir/MiniOzoneClusterImpl-5d0a0d59-4b77-4b18-84f0-6f2c3eb763cf/datanode-4/data/ratis/5a29294f-0ecd-4d81-a3f6-e8de2ca950bd/current/log_inprogress_0
2019-09-04 07:21:00,455 | INFO  | SCMAudit | user=jenkins1000 | ip=192.168.34.9 | op=SEND_HEARTBEAT {datanodeUUID=c405a447-8661-4695-872e-62a6e38cc662, command=[]} | ret=SUCCESS |  
2019-09-04 07:21:00,533 | INFO  | SCMAudit | user=jenkins1000 | ip=192.168.34.9 | op=SEND_HEARTBEAT {datanodeUUID=7a11b573-71f8-4ea4-abf9-99486384f03f, command=[]} | ret=SUCCESS |  
2019-09-04 07:21:00,663 | INFO  | SCMAudit | user=jenkins1000 | ip=192.168.34.9 | op=SEND_HEARTBEAT {datanodeUUID=e5b5410c-7343-40b8-bab2-826c65acf05b, command=[]} | ret=SUCCESS |  
2019-09-04 07:21:00,701 | INFO  | SCMAudit | user=jenkins1000 | ip=192.168.34.9 | op=SEND_HEARTBEAT {datanodeUUID=06c36665-71bf-45ab-8d97-17e8e1570553, command=[]} | ret=SUCCESS |  
2019-09-04 07:21:00,733 [Thread-4428] INFO  impl.FollowerState (FollowerState.java:run(106)) - 7a11b573-71f8-4ea4-abf9-99486384f03f:group-E923E1EE0AF8 changes to CANDIDATE, lastRpcTime:5160, electionTimeout:5160ms
2019-09-04 07:21:00,734 [Thread-4428] INFO  impl.RoleInfo (RoleInfo.java:shutdownFollowerState(121)) - 7a11b573-71f8-4ea4-abf9-99486384f03f: shutdown FollowerState
2019-09-04 07:21:00,734 [Thread-4428] INFO  impl.RaftServerImpl (RaftServerImpl.java:setRole(171)) - 7a11b573-71f8-4ea4-abf9-99486384f03f:group-E923E1EE0AF8 changes role from FOLLOWER to CANDIDATE at term 0 for changeToCandidate
2019-09-04 07:21:00,734 [Thread-4428] INFO  impl.RoleInfo (RoleInfo.java:updateAndGet(143)) - 7a11b573-71f8-4ea4-abf9-99486384f03f: start LeaderElection
2019-09-04 07:21:00,755 [Thread-4435] INFO  impl.FollowerState (FollowerState.java:run(106)) - 7a11b573-71f8-4ea4-abf9-99486384f03f:group-4EFBC48085DE changes to CANDIDATE, lastRpcTime:5115, electionTimeout:5115ms
2019-09-04 07:21:00,756 [Thread-4435] INFO  impl.RoleInfo (RoleInfo.java:shutdownFollowerState(121)) - 7a11b573-71f8-4ea4-abf9-99486384f03f: shutdown FollowerState
2019-09-04 07:21:00,756 [Thread-4435] INFO  impl.RaftServerImpl (RaftServerImpl.java:setRole(171)) - 7a11b573-71f8-4ea4-abf9-99486384f03f:group-4EFBC48085DE changes role from FOLLOWER to CANDIDATE at term 0 for changeToCandidate
2019-09-04 07:21:00,756 [Thread-4435] INFO  impl.RoleInfo (RoleInfo.java:updateAndGet(143)) - 7a11b573-71f8-4ea4-abf9-99486384f03f: start LeaderElection
2019-09-04 07:21:00,762 [7a11b573-71f8-4ea4-abf9-99486384f03f:group-E923E1EE0AF8:LeaderElection97] INFO  impl.LeaderElection (LeaderElection.java:askForVotes(181)) - 7a11b573-71f8-4ea4-abf9-99486384f03f:group-E923E1EE0AF8:LeaderElection97: begin an election at term 1 for -1: [7a11b573-71f8-4ea4-abf9-99486384f03f:192.168.34.9:39275], old=null
2019-09-04 07:21:00,762 [7a11b573-71f8-4ea4-abf9-99486384f03f:group-E923E1EE0AF8:LeaderElection97] INFO  impl.RoleInfo (RoleInfo.java:shutdownLeaderElection(134)) - 7a11b573-71f8-4ea4-abf9-99486384f03f: shutdown LeaderElection
2019-09-04 07:21:00,763 [7a11b573-71f8-4ea4-abf9-99486384f03f:group-E923E1EE0AF8:LeaderElection97] INFO  impl.RaftServerImpl (RaftServerImpl.java:setRole(171)) - 7a11b573-71f8-4ea4-abf9-99486384f03f:group-E923E1EE0AF8 changes role from CANDIDATE to LEADER at term 1 for changeToLeader
2019-09-04 07:21:00,763 [7a11b573-71f8-4ea4-abf9-99486384f03f:group-E923E1EE0AF8:LeaderElection97] INFO  impl.RaftServerImpl (ServerState.java:setLeader(263)) - 7a11b573-71f8-4ea4-abf9-99486384f03f:group-E923E1EE0AF8 change Leader from null to 7a11b573-71f8-4ea4-abf9-99486384f03f at term 1 for becomeLeader, leader elected after 5194ms
2019-09-04 07:21:00,763 [7a11b573-71f8-4ea4-abf9-99486384f03f:group-E923E1EE0AF8:LeaderElection97] INFO  server.RaftServerConfigKeys (ConfUtils.java:logGet(43)) - raft.server.staging.catchup.gap = 1000 (default)
2019-09-04 07:21:00,763 [7a11b573-71f8-4ea4-abf9-99486384f03f:group-E923E1EE0AF8:LeaderElection97] INFO  server.RaftServerConfigKeys (ConfUtils.java:logGet(43)) - raft.server.rpc.sleep.time = 25ms (default)
2019-09-04 07:21:00,763 [7a11b573-71f8-4ea4-abf9-99486384f03f:group-E923E1EE0AF8:LeaderElection97] INFO  server.RaftServerConfigKeys (ConfUtils.java:logGet(43)) - raft.server.write.element-limit = 4096 (default)
2019-09-04 07:21:00,763 [7a11b573-71f8-4ea4-abf9-99486384f03f:group-E923E1EE0AF8:LeaderElection97] INFO  server.RaftServerConfigKeys (ConfUtils.java:logGet(43)) - raft.server.watch.timeout = 10s (default)
2019-09-04 07:21:00,764 [7a11b573-71f8-4ea4-abf9-99486384f03f:group-E923E1EE0AF8:LeaderElection97] INFO  server.RaftServerConfigKeys (ConfUtils.java:logGet(43)) - raft.server.watch.timeout.denomination = 1s (default)
2019-09-04 07:21:00,764 [7a11b573-71f8-4ea4-abf9-99486384f03f:group-E923E1EE0AF8:LeaderElection97] INFO  server.RaftServerConfigKeys (ConfUtils.java:logGet(43)) - raft.server.watch.element-limit = 65536 (default)
2019-09-04 07:21:00,764 [7a11b573-71f8-4ea4-abf9-99486384f03f:group-E923E1EE0AF8:LeaderElection97] INFO  impl.RoleInfo (RoleInfo.java:updateAndGet(143)) - 7a11b573-71f8-4ea4-abf9-99486384f03f: start LeaderState
2019-09-04 07:21:00,764 [7a11b573-71f8-4ea4-abf9-99486384f03f:group-E923E1EE0AF8:LeaderElection97] INFO  segmented.SegmentedRaftLogWorker (SegmentedRaftLogWorker.java:startLogSegment(380)) - 7a11b573-71f8-4ea4-abf9-99486384f03f-SegmentedRaftLogWorker:Storage Directory /workdir/hadoop-ozone/integration-test/target/test-dir/MiniOzoneClusterImpl-5d0a0d59-4b77-4b18-84f0-6f2c3eb763cf/datanode-5/data/ratis/d9d043d3-fe56-4a48-8791-e923e1ee0af8: Starting segment from index:0
2019-09-04 07:21:00,764 [7a11b573-71f8-4ea4-abf9-99486384f03f:group-4EFBC48085DE:LeaderElection98] INFO  impl.LeaderElection (LeaderElection.java:askForVotes(181)) - 7a11b573-71f8-4ea4-abf9-99486384f03f:group-4EFBC48085DE:LeaderElection98: begin an election at term 1 for -1: [7a11b573-71f8-4ea4-abf9-99486384f03f:192.168.34.9:39275, 98937b65-337d-44f5-addc-6b2caf521cd7:192.168.34.9:46353, 86a5a05f-5180-4464-ac5c-93670ce4c4ec:192.168.34.9:33782], old=null
2019-09-04 07:21:00,765 [7a11b573-71f8-4ea4-abf9-99486384f03f:group-E923E1EE0AF8:LeaderElection97] INFO  impl.RaftServerImpl (ServerState.java:setRaftConf(361)) - 7a11b573-71f8-4ea4-abf9-99486384f03f:group-E923E1EE0AF8 set configuration 0: [7a11b573-71f8-4ea4-abf9-99486384f03f:192.168.34.9:39275], old=null at 0
2019-09-04 07:21:00,795 [Thread-4436] INFO  impl.FollowerState (FollowerState.java:run(106)) - 98937b65-337d-44f5-addc-6b2caf521cd7:group-4EFBC48085DE changes to CANDIDATE, lastRpcTime:5154, electionTimeout:5136ms
2019-09-04 07:21:00,795 [Thread-4442] INFO  impl.FollowerState (FollowerState.java:run(106)) - 06c36665-71bf-45ab-8d97-17e8e1570553:group-624653B501B4 changes to CANDIDATE, lastRpcTime:5032, electionTimeout:5009ms
2019-09-04 07:21:00,795 [Thread-4431] INFO  impl.FollowerState (FollowerState.java:run(106)) - 86a5a05f-5180-4464-ac5c-93670ce4c4ec:group-4EFBC48085DE changes to CANDIDATE, lastRpcTime:5158, electionTimeout:5129ms
2019-09-04 07:21:00,795 [Thread-4436] INFO  impl.RoleInfo (RoleInfo.java:shutdownFollowerState(121)) - 98937b65-337d-44f5-addc-6b2caf521cd7: shutdown FollowerState
2019-09-04 07:21:00,795 [Thread-4431] INFO  impl.RoleInfo (RoleInfo.java:shutdownFollowerState(121)) - 86a5a05f-5180-4464-ac5c-93670ce4c4ec: shutdown FollowerState
2019-09-04 07:21:00,795 [Thread-4442] INFO  impl.RoleInfo (RoleInfo.java:shutdownFollowerState(121)) - 06c36665-71bf-45ab-8d97-17e8e1570553: shutdown FollowerState
2019-09-04 07:21:00,795 [Thread-4431] INFO  impl.RaftServerImpl (RaftServerImpl.java:setRole(171)) - 86a5a05f-5180-4464-ac5c-93670ce4c4ec:group-4EFBC48085DE changes role from FOLLOWER to CANDIDATE at term 0 for changeToCandidate
2019-09-04 07:21:00,795 [Thread-4436] INFO  impl.RaftServerImpl (RaftServerImpl.java:setRole(171)) - 98937b65-337d-44f5-addc-6b2caf521cd7:group-4EFBC48085DE changes role from FOLLOWER to CANDIDATE at term 0 for changeToCandidate
2019-09-04 07:21:00,795 [Thread-4431] INFO  impl.RoleInfo (RoleInfo.java:updateAndGet(143)) - 86a5a05f-5180-4464-ac5c-93670ce4c4ec: start LeaderElection
2019-09-04 07:21:00,795 [Thread-4442] INFO  impl.RaftServerImpl (RaftServerImpl.java:setRole(171)) - 06c36665-71bf-45ab-8d97-17e8e1570553:group-624653B501B4 changes role from FOLLOWER to CANDIDATE at term 0 for changeToCandidate
2019-09-04 07:21:00,796 [Thread-4436] INFO  impl.RoleInfo (RoleInfo.java:updateAndGet(143)) - 98937b65-337d-44f5-addc-6b2caf521cd7: start LeaderElection
2019-09-04 07:21:00,796 [Thread-4442] INFO  impl.RoleInfo (RoleInfo.java:updateAndGet(143)) - 06c36665-71bf-45ab-8d97-17e8e1570553: start LeaderElection
2019-09-04 07:21:00,826 [grpc-default-executor-12] INFO  client.GrpcClientProtocolClient (GrpcClientProtocolClient.java:onNext(255)) - client-50FDE4F4645A->98937b65-337d-44f5-addc-6b2caf521cd7: receive RaftClientReply:client-50FDE4F4645A->98937b65-337d-44f5-addc-6b2caf521cd7@group-4EFBC48085DE, cid=230, FAILED org.apache.ratis.protocol.NotLeaderException: Server 98937b65-337d-44f5-addc-6b2caf521cd7 is not the leader (null). Request must be sent to leader., logIndex=0, commits[98937b65-337d-44f5-addc-6b2caf521cd7:c-1]
2019-09-04 07:21:00,826 [7a11b573-71f8-4ea4-abf9-99486384f03f-SegmentedRaftLogWorker:Storage Directory /workdir/hadoop-ozone/integration-test/target/test-dir/MiniOzoneClusterImpl-5d0a0d59-4b77-4b18-84f0-6f2c3eb763cf/datanode-5/data/ratis/d9d043d3-fe56-4a48-8791-e923e1ee0af8] INFO  segmented.SegmentedRaftLogWorker (SegmentedRaftLogWorker.java:execute(569)) - 7a11b573-71f8-4ea4-abf9-99486384f03f-SegmentedRaftLogWorker:Storage Directory /workdir/hadoop-ozone/integration-test/target/test-dir/MiniOzoneClusterImpl-5d0a0d59-4b77-4b18-84f0-6f2c3eb763cf/datanode-5/data/ratis/d9d043d3-fe56-4a48-8791-e923e1ee0af8: created new log segment /workdir/hadoop-ozone/integration-test/target/test-dir/MiniOzoneClusterImpl-5d0a0d59-4b77-4b18-84f0-6f2c3eb763cf/datanode-5/data/ratis/d9d043d3-fe56-4a48-8791-e923e1ee0af8/current/log_inprogress_0
2019-09-04 07:21:00,826 [98937b65-337d-44f5-addc-6b2caf521cd7:group-4EFBC48085DE:LeaderElection100] INFO  impl.LeaderElection (LeaderElection.java:askForVotes(181)) - 98937b65-337d-44f5-addc-6b2caf521cd7:group-4EFBC48085DE:LeaderElection100: begin an election at term 1 for -1: [7a11b573-71f8-4ea4-abf9-99486384f03f:192.168.34.9:39275, 98937b65-337d-44f5-addc-6b2caf521cd7:192.168.34.9:46353, 86a5a05f-5180-4464-ac5c-93670ce4c4ec:192.168.34.9:33782], old=null
2019-09-04 07:21:00,826 [86a5a05f-5180-4464-ac5c-93670ce4c4ec:group-4EFBC48085DE:LeaderElection99] INFO  impl.LeaderElection (LeaderElection.java:askForVotes(181)) - 86a5a05f-5180-4464-ac5c-93670ce4c4ec:group-4EFBC48085DE:LeaderElection99: begin an election at term 1 for -1: [7a11b573-71f8-4ea4-abf9-99486384f03f:192.168.34.9:39275, 98937b65-337d-44f5-addc-6b2caf521cd7:192.168.34.9:46353, 86a5a05f-5180-4464-ac5c-93670ce4c4ec:192.168.34.9:33782], old=null
2019-09-04 07:21:00,826 [06c36665-71bf-45ab-8d97-17e8e1570553:group-624653B501B4:LeaderElection101] INFO  impl.LeaderElection (LeaderElection.java:askForVotes(181)) - 06c36665-71bf-45ab-8d97-17e8e1570553:group-624653B501B4:LeaderElection101: begin an election at term 1 for -1: [06c36665-71bf-45ab-8d97-17e8e1570553:192.168.34.9:40418], old=null
2019-09-04 07:21:00,826 [06c36665-71bf-45ab-8d97-17e8e1570553:group-624653B501B4:LeaderElection101] INFO  impl.RoleInfo (RoleInfo.java:shutdownLeaderElection(134)) - 06c36665-71bf-45ab-8d97-17e8e1570553: shutdown LeaderElection
2019-09-04 07:21:00,826 [06c36665-71bf-45ab-8d97-17e8e1570553:group-624653B501B4:LeaderElection101] INFO  impl.RaftServerImpl (RaftServerImpl.java:setRole(171)) - 06c36665-71bf-45ab-8d97-17e8e1570553:group-624653B501B4 changes role from CANDIDATE to LEADER at term 1 for changeToLeader
2019-09-04 07:21:00,826 [06c36665-71bf-45ab-8d97-17e8e1570553:group-624653B501B4:LeaderElection101] INFO  impl.RaftServerImpl (ServerState.java:setLeader(263)) - 06c36665-71bf-45ab-8d97-17e8e1570553:group-624653B501B4 change Leader from null to 06c36665-71bf-45ab-8d97-17e8e1570553 at term 1 for becomeLeader, leader elected after 5072ms
2019-09-04 07:21:00,827 [06c36665-71bf-45ab-8d97-17e8e1570553:group-624653B501B4:LeaderElection101] INFO  server.RaftServerConfigKeys (ConfUtils.java:logGet(43)) - raft.server.staging.catchup.gap = 1000 (default)
2019-09-04 07:21:00,829 [06c36665-71bf-45ab-8d97-17e8e1570553:group-624653B501B4:LeaderElection101] INFO  server.RaftServerConfigKeys (ConfUtils.java:logGet(43)) - raft.server.rpc.sleep.time = 25ms (default)
2019-09-04 07:21:00,829 [06c36665-71bf-45ab-8d97-17e8e1570553:group-624653B501B4:LeaderElection101] INFO  server.RaftServerConfigKeys (ConfUtils.java:logGet(43)) - raft.server.write.element-limit = 4096 (default)
2019-09-04 07:21:00,829 [06c36665-71bf-45ab-8d97-17e8e1570553:group-624653B501B4:LeaderElection101] INFO  server.RaftServerConfigKeys (ConfUtils.java:logGet(43)) - raft.server.watch.timeout = 10s (default)
2019-09-04 07:21:00,830 [06c36665-71bf-45ab-8d97-17e8e1570553:group-624653B501B4:LeaderElection101] INFO  server.RaftServerConfigKeys (ConfUtils.java:logGet(43)) - raft.server.watch.timeout.denomination = 1s (default)
2019-09-04 07:21:00,830 [7a11b573-71f8-4ea4-abf9-99486384f03f:group-4EFBC48085DE:LeaderElection98] INFO  impl.LeaderElection (LeaderElection.java:logAndReturn(56)) - 7a11b573-71f8-4ea4-abf9-99486384f03f:group-4EFBC48085DE:LeaderElection98: Election REJECTED; received 2 response(s) [7a11b573-71f8-4ea4-abf9-99486384f03f<-98937b65-337d-44f5-addc-6b2caf521cd7#0:FAIL-t1, 7a11b573-71f8-4ea4-abf9-99486384f03f<-86a5a05f-5180-4464-ac5c-93670ce4c4ec#0:FAIL-t1] and 0 exception(s); 7a11b573-71f8-4ea4-abf9-99486384f03f:t1, leader=null, voted=7a11b573-71f8-4ea4-abf9-99486384f03f, raftlog=7a11b573-71f8-4ea4-abf9-99486384f03f-SegmentedRaftLog:OPENED:c-1,f-1,i0, conf=-1: [7a11b573-71f8-4ea4-abf9-99486384f03f:192.168.34.9:39275, 98937b65-337d-44f5-addc-6b2caf521cd7:192.168.34.9:46353, 86a5a05f-5180-4464-ac5c-93670ce4c4ec:192.168.34.9:33782], old=null
2019-09-04 07:21:00,830 [06c36665-71bf-45ab-8d97-17e8e1570553:group-624653B501B4:LeaderElection101] INFO  server.RaftServerConfigKeys (ConfUtils.java:logGet(43)) - raft.server.watch.element-limit = 65536 (default)
2019-09-04 07:21:00,830 [7a11b573-71f8-4ea4-abf9-99486384f03f:group-4EFBC48085DE:LeaderElection98] INFO  impl.RaftServerImpl (RaftServerImpl.java:setRole(171)) - 7a11b573-71f8-4ea4-abf9-99486384f03f:group-4EFBC48085DE changes role from CANDIDATE to FOLLOWER at term 1 for DISCOVERED_A_NEW_TERM
2019-09-04 07:21:00,830 [06c36665-71bf-45ab-8d97-17e8e1570553:group-624653B501B4:LeaderElection101] INFO  impl.RoleInfo (RoleInfo.java:updateAndGet(143)) - 06c36665-71bf-45ab-8d97-17e8e1570553: start LeaderState
2019-09-04 07:21:00,830 [7a11b573-71f8-4ea4-abf9-99486384f03f:group-4EFBC48085DE:LeaderElection98] INFO  impl.RoleInfo (RoleInfo.java:shutdownLeaderElection(134)) - 7a11b573-71f8-4ea4-abf9-99486384f03f: shutdown LeaderElection
2019-09-04 07:21:00,830 [06c36665-71bf-45ab-8d97-17e8e1570553:group-624653B501B4:LeaderElection101] INFO  segmented.SegmentedRaftLogWorker (SegmentedRaftLogWorker.java:startLogSegment(380)) - 06c36665-71bf-45ab-8d97-17e8e1570553-SegmentedRaftLogWorker:Storage Directory /workdir/hadoop-ozone/integration-test/target/test-dir/MiniOzoneClusterImpl-5d0a0d59-4b77-4b18-84f0-6f2c3eb763cf/datanode-6/data/ratis/c20889d2-2071-4f0b-b994-624653b501b4: Starting segment from index:0
2019-09-04 07:21:00,830 [7a11b573-71f8-4ea4-abf9-99486384f03f:group-4EFBC48085DE:LeaderElection98] INFO  impl.RoleInfo (RoleInfo.java:updateAndGet(143)) - 7a11b573-71f8-4ea4-abf9-99486384f03f: start FollowerState
2019-09-04 07:21:00,831 [06c36665-71bf-45ab-8d97-17e8e1570553:group-624653B501B4:LeaderElection101] INFO  impl.RaftServerImpl (ServerState.java:setRaftConf(361)) - 06c36665-71bf-45ab-8d97-17e8e1570553:group-624653B501B4 set configuration 0: [06c36665-71bf-45ab-8d97-17e8e1570553:192.168.34.9:40418], old=null at 0
2019-09-04 07:21:00,859 | INFO  | SCMAudit | user=jenkins1000 | ip=192.168.34.9 | op=SEND_HEARTBEAT {datanodeUUID=98937b65-337d-44f5-addc-6b2caf521cd7, command=[]} | ret=SUCCESS |  
2019-09-04 07:21:00,860 [98937b65-337d-44f5-addc-6b2caf521cd7:group-4EFBC48085DE:LeaderElection100] INFO  impl.LeaderElection (LeaderElection.java:logAndReturn(56)) - 98937b65-337d-44f5-addc-6b2caf521cd7:group-4EFBC48085DE:LeaderElection100: Election REJECTED; received 2 response(s) [98937b65-337d-44f5-addc-6b2caf521cd7<-7a11b573-71f8-4ea4-abf9-99486384f03f#0:FAIL-t1, 98937b65-337d-44f5-addc-6b2caf521cd7<-86a5a05f-5180-4464-ac5c-93670ce4c4ec#0:FAIL-t1] and 0 exception(s); 98937b65-337d-44f5-addc-6b2caf521cd7:t1, leader=null, voted=98937b65-337d-44f5-addc-6b2caf521cd7, raftlog=98937b65-337d-44f5-addc-6b2caf521cd7-SegmentedRaftLog:OPENED:c-1,f-1,i0, conf=-1: [7a11b573-71f8-4ea4-abf9-99486384f03f:192.168.34.9:39275, 98937b65-337d-44f5-addc-6b2caf521cd7:192.168.34.9:46353, 86a5a05f-5180-4464-ac5c-93670ce4c4ec:192.168.34.9:33782], old=null
2019-09-04 07:21:00,861 [98937b65-337d-44f5-addc-6b2caf521cd7:group-4EFBC48085DE:LeaderElection100] INFO  impl.RaftServerImpl (RaftServerImpl.java:setRole(171)) - 98937b65-337d-44f5-addc-6b2caf521cd7:group-4EFBC48085DE changes role from CANDIDATE to FOLLOWER at term 1 for DISCOVERED_A_NEW_TERM
2019-09-04 07:21:00,861 [98937b65-337d-44f5-addc-6b2caf521cd7:group-4EFBC48085DE:LeaderElection100] INFO  impl.RoleInfo (RoleInfo.java:shutdownLeaderElection(134)) - 98937b65-337d-44f5-addc-6b2caf521cd7: shutdown LeaderElection
2019-09-04 07:21:00,861 [86a5a05f-5180-4464-ac5c-93670ce4c4ec:group-4EFBC48085DE:LeaderElection99] INFO  impl.LeaderElection (LeaderElection.java:logAndReturn(56)) - 86a5a05f-5180-4464-ac5c-93670ce4c4ec:group-4EFBC48085DE:LeaderElection99: Election REJECTED; received 2 response(s) [86a5a05f-5180-4464-ac5c-93670ce4c4ec<-7a11b573-71f8-4ea4-abf9-99486384f03f#0:FAIL-t1, 86a5a05f-5180-4464-ac5c-93670ce4c4ec<-98937b65-337d-44f5-addc-6b2caf521cd7#0:FAIL-t1] and 0 exception(s); 86a5a05f-5180-4464-ac5c-93670ce4c4ec:t1, leader=null, voted=86a5a05f-5180-4464-ac5c-93670ce4c4ec, raftlog=86a5a05f-5180-4464-ac5c-93670ce4c4ec-SegmentedRaftLog:OPENED:c-1,f-1,i0, conf=-1: [7a11b573-71f8-4ea4-abf9-99486384f03f:192.168.34.9:39275, 98937b65-337d-44f5-addc-6b2caf521cd7:192.168.34.9:46353, 86a5a05f-5180-4464-ac5c-93670ce4c4ec:192.168.34.9:33782], old=null
2019-09-04 07:21:00,861 [98937b65-337d-44f5-addc-6b2caf521cd7:group-4EFBC48085DE:LeaderElection100] INFO  impl.RoleInfo (RoleInfo.java:updateAndGet(143)) - 98937b65-337d-44f5-addc-6b2caf521cd7: start FollowerState
2019-09-04 07:21:00,861 [86a5a05f-5180-4464-ac5c-93670ce4c4ec:group-4EFBC48085DE:LeaderElection99] INFO  impl.RaftServerImpl (RaftServerImpl.java:setRole(171)) - 86a5a05f-5180-4464-ac5c-93670ce4c4ec:group-4EFBC48085DE changes role from CANDIDATE to FOLLOWER at term 1 for DISCOVERED_A_NEW_TERM
2019-09-04 07:21:00,861 [86a5a05f-5180-4464-ac5c-93670ce4c4ec:group-4EFBC48085DE:LeaderElection99] INFO  impl.RoleInfo (RoleInfo.java:shutdownLeaderElection(134)) - 86a5a05f-5180-4464-ac5c-93670ce4c4ec: shutdown LeaderElection
2019-09-04 07:21:00,861 [86a5a05f-5180-4464-ac5c-93670ce4c4ec:group-4EFBC48085DE:LeaderElection99] INFO  impl.RoleInfo (RoleInfo.java:updateAndGet(143)) - 86a5a05f-5180-4464-ac5c-93670ce4c4ec: start FollowerState
2019-09-04 07:21:00,881 [06c36665-71bf-45ab-8d97-17e8e1570553-SegmentedRaftLogWorker:Storage Directory /workdir/hadoop-ozone/integration-test/target/test-dir/MiniOzoneClusterImpl-5d0a0d59-4b77-4b18-84f0-6f2c3eb763cf/datanode-6/data/ratis/c20889d2-2071-4f0b-b994-624653b501b4] INFO  segmented.SegmentedRaftLogWorker (SegmentedRaftLogWorker.java:execute(569)) - 06c36665-71bf-45ab-8d97-17e8e1570553-SegmentedRaftLogWorker:Storage Directory /workdir/hadoop-ozone/integration-test/target/test-dir/MiniOzoneClusterImpl-5d0a0d59-4b77-4b18-84f0-6f2c3eb763cf/datanode-6/data/ratis/c20889d2-2071-4f0b-b994-624653b501b4: created new log segment /workdir/hadoop-ozone/integration-test/target/test-dir/MiniOzoneClusterImpl-5d0a0d59-4b77-4b18-84f0-6f2c3eb763cf/datanode-6/data/ratis/c20889d2-2071-4f0b-b994-624653b501b4/current/log_inprogress_0
2019-09-04 07:21:01,031 | INFO  | SCMAudit | user=jenkins1000 | ip=192.168.34.9 | op=SEND_HEARTBEAT {datanodeUUID=86a5a05f-5180-4464-ac5c-93670ce4c4ec, command=[]} | ret=SUCCESS |  
2019-09-04 07:21:01,246 | INFO  | SCMAudit | user=jenkins1000 | ip=192.168.34.9 | op=SEND_HEARTBEAT {datanodeUUID=6f223d4e-d516-4842-990f-c73eba4c9f9f, command=[]} | ret=SUCCESS |  
2019-09-04 07:21:01,455 | INFO  | SCMAudit | user=jenkins1000 | ip=192.168.34.9 | op=SEND_HEARTBEAT {datanodeUUID=c405a447-8661-4695-872e-62a6e38cc662, command=[]} | ret=SUCCESS |  
2019-09-04 07:21:01,533 | INFO  | SCMAudit | user=jenkins1000 | ip=192.168.34.9 | op=SEND_HEARTBEAT {datanodeUUID=7a11b573-71f8-4ea4-abf9-99486384f03f, command=[]} | ret=SUCCESS |  
2019-09-04 07:21:01,664 | INFO  | SCMAudit | user=jenkins1000 | ip=192.168.34.9 | op=SEND_HEARTBEAT {datanodeUUID=e5b5410c-7343-40b8-bab2-826c65acf05b, command=[]} | ret=SUCCESS |  
2019-09-04 07:21:01,702 | INFO  | SCMAudit | user=jenkins1000 | ip=192.168.34.9 | op=SEND_HEARTBEAT {datanodeUUID=06c36665-71bf-45ab-8d97-17e8e1570553, command=[]} | ret=SUCCESS |  
2019-09-04 07:21:01,834 [grpc-default-executor-11] INFO  client.GrpcClientProtocolClient (GrpcClientProtocolClient.java:onNext(255)) - client-50FDE4F4645A->7a11b573-71f8-4ea4-abf9-99486384f03f: receive RaftClientReply:client-50FDE4F4645A->7a11b573-71f8-4ea4-abf9-99486384f03f@group-4EFBC48085DE, cid=230, FAILED org.apache.ratis.protocol.NotLeaderException: Server 7a11b573-71f8-4ea4-abf9-99486384f03f is not the leader (null). Request must be sent to leader., logIndex=0, commits[7a11b573-71f8-4ea4-abf9-99486384f03f:c-1]
2019-09-04 07:21:01,860 | INFO  | SCMAudit | user=jenkins1000 | ip=192.168.34.9 | op=SEND_HEARTBEAT {datanodeUUID=98937b65-337d-44f5-addc-6b2caf521cd7, command=[]} | ret=SUCCESS |  
2019-09-04 07:21:02,031 | INFO  | SCMAudit | user=jenkins1000 | ip=192.168.34.9 | op=SEND_HEARTBEAT {datanodeUUID=86a5a05f-5180-4464-ac5c-93670ce4c4ec, command=[]} | ret=SUCCESS |  
2019-09-04 07:21:02,247 | INFO  | SCMAudit | user=jenkins1000 | ip=192.168.34.9 | op=SEND_HEARTBEAT {datanodeUUID=6f223d4e-d516-4842-990f-c73eba4c9f9f, command=[]} | ret=SUCCESS |  
2019-09-04 07:21:02,455 | INFO  | SCMAudit | user=jenkins1000 | ip=192.168.34.9 | op=SEND_HEARTBEAT {datanodeUUID=c405a447-8661-4695-872e-62a6e38cc662, command=[]} | ret=SUCCESS |  
2019-09-04 07:21:02,533 | INFO  | SCMAudit | user=jenkins1000 | ip=192.168.34.9 | op=SEND_HEARTBEAT {datanodeUUID=7a11b573-71f8-4ea4-abf9-99486384f03f, command=[]} | ret=SUCCESS |  
2019-09-04 07:21:02,664 | INFO  | SCMAudit | user=jenkins1000 | ip=192.168.34.9 | op=SEND_HEARTBEAT {datanodeUUID=e5b5410c-7343-40b8-bab2-826c65acf05b, command=[]} | ret=SUCCESS |  
2019-09-04 07:21:02,703 | INFO  | SCMAudit | user=jenkins1000 | ip=192.168.34.9 | op=SEND_HEARTBEAT {datanodeUUID=06c36665-71bf-45ab-8d97-17e8e1570553, command=[]} | ret=SUCCESS |  
2019-09-04 07:21:02,845 [grpc-default-executor-12] INFO  client.GrpcClientProtocolClient (GrpcClientProtocolClient.java:onNext(255)) - client-50FDE4F4645A->86a5a05f-5180-4464-ac5c-93670ce4c4ec: receive RaftClientReply:client-50FDE4F4645A->86a5a05f-5180-4464-ac5c-93670ce4c4ec@group-4EFBC48085DE, cid=230, FAILED org.apache.ratis.protocol.NotLeaderException: Server 86a5a05f-5180-4464-ac5c-93670ce4c4ec is not the leader (null). Request must be sent to leader., logIndex=0, commits[86a5a05f-5180-4464-ac5c-93670ce4c4ec:c-1]
2019-09-04 07:21:02,849 [grpc-default-worker-ELG-3-3] WARN  nio.NioEventLoop (NioEventLoop.java:select(786)) - Selector.select() returned prematurely {} times in a row; rebuilding Selector {}.
2019-09-04 07:21:02,851 [grpc-default-worker-ELG-3-3] INFO  nio.NioEventLoop (NioEventLoop.java:rebuildSelector0(396)) - Migrated 3 channel(s) to the new Selector.
2019-09-04 07:21:02,860 | INFO  | SCMAudit | user=jenkins1000 | ip=192.168.34.9 | op=SEND_HEARTBEAT {datanodeUUID=98937b65-337d-44f5-addc-6b2caf521cd7, command=[]} | ret=SUCCESS |  
2019-09-04 07:21:03,032 | INFO  | SCMAudit | user=jenkins1000 | ip=192.168.34.9 | op=SEND_HEARTBEAT {datanodeUUID=86a5a05f-5180-4464-ac5c-93670ce4c4ec, command=[]} | ret=SUCCESS |  
2019-09-04 07:21:03,246 | INFO  | SCMAudit | user=jenkins1000 | ip=192.168.34.9 | op=SEND_HEARTBEAT {datanodeUUID=6f223d4e-d516-4842-990f-c73eba4c9f9f, command=[]} | ret=SUCCESS |  
2019-09-04 07:21:03,456 | INFO  | SCMAudit | user=jenkins1000 | ip=192.168.34.9 | op=SEND_HEARTBEAT {datanodeUUID=c405a447-8661-4695-872e-62a6e38cc662, command=[]} | ret=SUCCESS |  
2019-09-04 07:21:03,533 | INFO  | SCMAudit | user=jenkins1000 | ip=192.168.34.9 | op=SEND_HEARTBEAT {datanodeUUID=7a11b573-71f8-4ea4-abf9-99486384f03f, command=[]} | ret=SUCCESS |  
2019-09-04 07:21:03,664 | INFO  | SCMAudit | user=jenkins1000 | ip=192.168.34.9 | op=SEND_HEARTBEAT {datanodeUUID=e5b5410c-7343-40b8-bab2-826c65acf05b, command=[]} | ret=SUCCESS |  
2019-09-04 07:21:03,704 | INFO  | SCMAudit | user=jenkins1000 | ip=192.168.34.9 | op=SEND_HEARTBEAT {datanodeUUID=06c36665-71bf-45ab-8d97-17e8e1570553, command=[]} | ret=SUCCESS |  
2019-09-04 07:21:03,854 [grpc-default-executor-11] INFO  client.GrpcClientProtocolClient (GrpcClientProtocolClient.java:onNext(255)) - client-50FDE4F4645A->98937b65-337d-44f5-addc-6b2caf521cd7: receive RaftClientReply:client-50FDE4F4645A->98937b65-337d-44f5-addc-6b2caf521cd7@group-4EFBC48085DE, cid=230, FAILED org.apache.ratis.protocol.NotLeaderException: Server 98937b65-337d-44f5-addc-6b2caf521cd7 is not the leader (null). Request must be sent to leader., logIndex=0, commits[98937b65-337d-44f5-addc-6b2caf521cd7:c-1]
2019-09-04 07:21:03,860 | INFO  | SCMAudit | user=jenkins1000 | ip=192.168.34.9 | op=SEND_HEARTBEAT {datanodeUUID=98937b65-337d-44f5-addc-6b2caf521cd7, command=[]} | ret=SUCCESS |  
2019-09-04 07:21:04,032 | INFO  | SCMAudit | user=jenkins1000 | ip=192.168.34.9 | op=SEND_HEARTBEAT {datanodeUUID=86a5a05f-5180-4464-ac5c-93670ce4c4ec, command=[]} | ret=SUCCESS |  
2019-09-04 07:21:04,247 | INFO  | SCMAudit | user=jenkins1000 | ip=192.168.34.9 | op=SEND_HEARTBEAT {datanodeUUID=6f223d4e-d516-4842-990f-c73eba4c9f9f, command=[]} | ret=SUCCESS |  
2019-09-04 07:21:04,456 | INFO  | SCMAudit | user=jenkins1000 | ip=192.168.34.9 | op=SEND_HEARTBEAT {datanodeUUID=c405a447-8661-4695-872e-62a6e38cc662, command=[]} | ret=SUCCESS |  
2019-09-04 07:21:04,533 | INFO  | SCMAudit | user=jenkins1000 | ip=192.168.34.9 | op=SEND_HEARTBEAT {datanodeUUID=7a11b573-71f8-4ea4-abf9-99486384f03f, command=[]} | ret=SUCCESS |  
2019-09-04 07:21:04,664 | INFO  | SCMAudit | user=jenkins1000 | ip=192.168.34.9 | op=SEND_HEARTBEAT {datanodeUUID=e5b5410c-7343-40b8-bab2-826c65acf05b, command=[]} | ret=SUCCESS |  
2019-09-04 07:21:04,705 | INFO  | SCMAudit | user=jenkins1000 | ip=192.168.34.9 | op=SEND_HEARTBEAT {datanodeUUID=06c36665-71bf-45ab-8d97-17e8e1570553, command=[]} | ret=SUCCESS |  
2019-09-04 07:21:04,861 | INFO  | SCMAudit | user=jenkins1000 | ip=192.168.34.9 | op=SEND_HEARTBEAT {datanodeUUID=98937b65-337d-44f5-addc-6b2caf521cd7, command=[]} | ret=SUCCESS |  
2019-09-04 07:21:04,861 [grpc-default-executor-12] INFO  client.GrpcClientProtocolClient (GrpcClientProtocolClient.java:onNext(255)) - client-50FDE4F4645A->7a11b573-71f8-4ea4-abf9-99486384f03f: receive RaftClientReply:client-50FDE4F4645A->7a11b573-71f8-4ea4-abf9-99486384f03f@group-4EFBC48085DE, cid=230, FAILED org.apache.ratis.protocol.NotLeaderException: Server 7a11b573-71f8-4ea4-abf9-99486384f03f is not the leader (null). Request must be sent to leader., logIndex=0, commits[7a11b573-71f8-4ea4-abf9-99486384f03f:c-1]
2019-09-04 07:21:05,032 | INFO  | SCMAudit | user=jenkins1000 | ip=192.168.34.9 | op=SEND_HEARTBEAT {datanodeUUID=86a5a05f-5180-4464-ac5c-93670ce4c4ec, command=[]} | ret=SUCCESS |  
2019-09-04 07:21:05,247 | INFO  | SCMAudit | user=jenkins1000 | ip=192.168.34.9 | op=SEND_HEARTBEAT {datanodeUUID=6f223d4e-d516-4842-990f-c73eba4c9f9f, command=[]} | ret=SUCCESS |  
2019-09-04 07:21:05,455 | INFO  | SCMAudit | user=jenkins1000 | ip=192.168.34.9 | op=SEND_HEARTBEAT {datanodeUUID=c405a447-8661-4695-872e-62a6e38cc662, command=[]} | ret=SUCCESS |  
2019-09-04 07:21:05,533 | INFO  | SCMAudit | user=jenkins1000 | ip=192.168.34.9 | op=SEND_HEARTBEAT {datanodeUUID=7a11b573-71f8-4ea4-abf9-99486384f03f, command=[]} | ret=SUCCESS |  
2019-09-04 07:21:05,664 | INFO  | SCMAudit | user=jenkins1000 | ip=192.168.34.9 | op=SEND_HEARTBEAT {datanodeUUID=e5b5410c-7343-40b8-bab2-826c65acf05b, command=[]} | ret=SUCCESS |  
2019-09-04 07:21:05,705 | INFO  | SCMAudit | user=jenkins1000 | ip=192.168.34.9 | op=SEND_HEARTBEAT {datanodeUUID=06c36665-71bf-45ab-8d97-17e8e1570553, command=[]} | ret=SUCCESS |  
2019-09-04 07:21:05,861 | INFO  | SCMAudit | user=jenkins1000 | ip=192.168.34.9 | op=SEND_HEARTBEAT {datanodeUUID=98937b65-337d-44f5-addc-6b2caf521cd7, command=[]} | ret=SUCCESS |  
2019-09-04 07:21:05,880 [grpc-default-executor-12] INFO  client.GrpcClientProtocolClient (GrpcClientProtocolClient.java:onNext(255)) - client-50FDE4F4645A->86a5a05f-5180-4464-ac5c-93670ce4c4ec: receive RaftClientReply:client-50FDE4F4645A->86a5a05f-5180-4464-ac5c-93670ce4c4ec@group-4EFBC48085DE, cid=230, FAILED org.apache.ratis.protocol.NotLeaderException: Server 86a5a05f-5180-4464-ac5c-93670ce4c4ec is not the leader (null). Request must be sent to leader., logIndex=0, commits[86a5a05f-5180-4464-ac5c-93670ce4c4ec:c-1]
2019-09-04 07:21:05,894 [grpc-default-worker-ELG-3-4] WARN  nio.NioEventLoop (NioEventLoop.java:select(786)) - Selector.select() returned prematurely {} times in a row; rebuilding Selector {}.
2019-09-04 07:21:05,894 [grpc-default-worker-ELG-3-4] INFO  nio.NioEventLoop (NioEventLoop.java:rebuildSelector0(396)) - Migrated 4 channel(s) to the new Selector.
2019-09-04 07:21:05,898 [Thread-4500] INFO  impl.FollowerState (FollowerState.java:run(106)) - 7a11b573-71f8-4ea4-abf9-99486384f03f:group-4EFBC48085DE changes to CANDIDATE, lastRpcTime:5068, electionTimeout:5040ms
2019-09-04 07:21:05,899 [Thread-4500] INFO  impl.RoleInfo (RoleInfo.java:shutdownFollowerState(121)) - 7a11b573-71f8-4ea4-abf9-99486384f03f: shutdown FollowerState
2019-09-04 07:21:05,899 [Thread-4500] INFO  impl.RaftServerImpl (RaftServerImpl.java:setRole(171)) - 7a11b573-71f8-4ea4-abf9-99486384f03f:group-4EFBC48085DE changes role from FOLLOWER to CANDIDATE at term 1 for changeToCandidate
2019-09-04 07:21:05,899 [Thread-4500] INFO  impl.RoleInfo (RoleInfo.java:updateAndGet(143)) - 7a11b573-71f8-4ea4-abf9-99486384f03f: start LeaderElection
2019-09-04 07:21:05,915 [7a11b573-71f8-4ea4-abf9-99486384f03f:group-4EFBC48085DE:LeaderElection102] INFO  impl.LeaderElection (LeaderElection.java:askForVotes(181)) - 7a11b573-71f8-4ea4-abf9-99486384f03f:group-4EFBC48085DE:LeaderElection102: begin an election at term 2 for -1: [7a11b573-71f8-4ea4-abf9-99486384f03f:192.168.34.9:39275, 98937b65-337d-44f5-addc-6b2caf521cd7:192.168.34.9:46353, 86a5a05f-5180-4464-ac5c-93670ce4c4ec:192.168.34.9:33782], old=null
2019-09-04 07:21:05,917 [grpc-default-executor-11] INFO  impl.RaftServerImpl (RaftServerImpl.java:setRole(171)) - 86a5a05f-5180-4464-ac5c-93670ce4c4ec:group-4EFBC48085DE changes role from FOLLOWER to FOLLOWER at term 2 for recognizeCandidate:7a11b573-71f8-4ea4-abf9-99486384f03f
2019-09-04 07:21:05,917 [grpc-default-executor-12] INFO  impl.RaftServerImpl (RaftServerImpl.java:setRole(171)) - 98937b65-337d-44f5-addc-6b2caf521cd7:group-4EFBC48085DE changes role from FOLLOWER to FOLLOWER at term 2 for recognizeCandidate:7a11b573-71f8-4ea4-abf9-99486384f03f
2019-09-04 07:21:05,918 [grpc-default-executor-11] INFO  impl.RoleInfo (RoleInfo.java:shutdownFollowerState(121)) - 86a5a05f-5180-4464-ac5c-93670ce4c4ec: shutdown FollowerState
2019-09-04 07:21:05,918 [grpc-default-executor-12] INFO  impl.RoleInfo (RoleInfo.java:shutdownFollowerState(121)) - 98937b65-337d-44f5-addc-6b2caf521cd7: shutdown FollowerState
2019-09-04 07:21:05,918 [grpc-default-executor-11] INFO  impl.RoleInfo (RoleInfo.java:updateAndGet(143)) - 86a5a05f-5180-4464-ac5c-93670ce4c4ec: start FollowerState
2019-09-04 07:21:05,918 [Thread-4502] INFO  impl.FollowerState (FollowerState.java:run(114)) - 86a5a05f-5180-4464-ac5c-93670ce4c4ec: FollowerState was interrupted: java.lang.InterruptedException: sleep interrupted
2019-09-04 07:21:05,918 [grpc-default-executor-12] INFO  impl.RoleInfo (RoleInfo.java:updateAndGet(143)) - 98937b65-337d-44f5-addc-6b2caf521cd7: start FollowerState
2019-09-04 07:21:05,918 [Thread-4501] INFO  impl.FollowerState (FollowerState.java:run(114)) - 98937b65-337d-44f5-addc-6b2caf521cd7: FollowerState was interrupted: java.lang.InterruptedException: sleep interrupted
2019-09-04 07:21:05,948 [7a11b573-71f8-4ea4-abf9-99486384f03f:group-4EFBC48085DE:LeaderElection102] INFO  impl.LeaderElection (LeaderElection.java:logAndReturn(56)) - 7a11b573-71f8-4ea4-abf9-99486384f03f:group-4EFBC48085DE:LeaderElection102: Election PASSED; received 1 response(s) [7a11b573-71f8-4ea4-abf9-99486384f03f<-86a5a05f-5180-4464-ac5c-93670ce4c4ec#0:OK-t2] and 0 exception(s); 7a11b573-71f8-4ea4-abf9-99486384f03f:t2, leader=null, voted=7a11b573-71f8-4ea4-abf9-99486384f03f, raftlog=7a11b573-71f8-4ea4-abf9-99486384f03f-SegmentedRaftLog:OPENED:c-1,f-1,i0, conf=-1: [7a11b573-71f8-4ea4-abf9-99486384f03f:192.168.34.9:39275, 98937b65-337d-44f5-addc-6b2caf521cd7:192.168.34.9:46353, 86a5a05f-5180-4464-ac5c-93670ce4c4ec:192.168.34.9:33782], old=null
2019-09-04 07:21:05,948 [7a11b573-71f8-4ea4-abf9-99486384f03f:group-4EFBC48085DE:LeaderElection102] INFO  impl.RoleInfo (RoleInfo.java:shutdownLeaderElection(134)) - 7a11b573-71f8-4ea4-abf9-99486384f03f: shutdown LeaderElection
2019-09-04 07:21:05,948 [7a11b573-71f8-4ea4-abf9-99486384f03f:group-4EFBC48085DE:LeaderElection102] INFO  impl.RaftServerImpl (RaftServerImpl.java:setRole(171)) - 7a11b573-71f8-4ea4-abf9-99486384f03f:group-4EFBC48085DE changes role from CANDIDATE to LEADER at term 2 for changeToLeader
2019-09-04 07:21:05,948 [7a11b573-71f8-4ea4-abf9-99486384f03f:group-4EFBC48085DE:LeaderElection102] INFO  impl.RaftServerImpl (ServerState.java:setLeader(263)) - 7a11b573-71f8-4ea4-abf9-99486384f03f:group-4EFBC48085DE change Leader from null to 7a11b573-71f8-4ea4-abf9-99486384f03f at term 2 for becomeLeader, leader elected after 10318ms
2019-09-04 07:21:05,948 [7a11b573-71f8-4ea4-abf9-99486384f03f:group-4EFBC48085DE:LeaderElection102] INFO  server.RaftServerConfigKeys (ConfUtils.java:logGet(43)) - raft.server.staging.catchup.gap = 1000 (default)
2019-09-04 07:21:05,948 [7a11b573-71f8-4ea4-abf9-99486384f03f:group-4EFBC48085DE:LeaderElection102] INFO  server.RaftServerConfigKeys (ConfUtils.java:logGet(43)) - raft.server.rpc.sleep.time = 25ms (default)
2019-09-04 07:21:05,948 [7a11b573-71f8-4ea4-abf9-99486384f03f:group-4EFBC48085DE:LeaderElection102] INFO  server.RaftServerConfigKeys (ConfUtils.java:logGet(43)) - raft.server.write.element-limit = 4096 (default)
2019-09-04 07:21:05,949 [7a11b573-71f8-4ea4-abf9-99486384f03f:group-4EFBC48085DE:LeaderElection102] INFO  server.RaftServerConfigKeys (ConfUtils.java:logGet(43)) - raft.server.watch.timeout = 10s (default)
2019-09-04 07:21:05,949 [7a11b573-71f8-4ea4-abf9-99486384f03f:group-4EFBC48085DE:LeaderElection102] INFO  server.RaftServerConfigKeys (ConfUtils.java:logGet(43)) - raft.server.watch.timeout.denomination = 1s (default)
2019-09-04 07:21:05,949 [7a11b573-71f8-4ea4-abf9-99486384f03f:group-4EFBC48085DE:LeaderElection102] INFO  server.RaftServerConfigKeys (ConfUtils.java:logGet(43)) - raft.server.watch.element-limit = 65536 (default)
2019-09-04 07:21:05,949 [7a11b573-71f8-4ea4-abf9-99486384f03f:group-4EFBC48085DE:LeaderElection102] INFO  server.RaftServerConfigKeys (ConfUtils.java:logGet(43)) - raft.server.log.appender.snapshot.chunk.size.max = 16MB (=16777216) (default)
2019-09-04 07:21:05,949 [7a11b573-71f8-4ea4-abf9-99486384f03f:group-4EFBC48085DE:LeaderElection102] INFO  server.RaftServerConfigKeys (ConfUtils.java:logGet(43)) - raft.server.log.appender.buffer.byte-limit = 33554432 (custom)
2019-09-04 07:21:05,950 [7a11b573-71f8-4ea4-abf9-99486384f03f:group-4EFBC48085DE:LeaderElection102] INFO  server.RaftServerConfigKeys (ConfUtils.java:logGet(43)) - raft.server.log.appender.buffer.element-limit = 1 (custom)
2019-09-04 07:21:05,950 [7a11b573-71f8-4ea4-abf9-99486384f03f:group-4EFBC48085DE:LeaderElection102] INFO  grpc.GrpcConfigKeys$Server (ConfUtils.java:logGet(43)) - raft.grpc.server.leader.outstanding.appends.max = 128 (default)
2019-09-04 07:21:05,950 [7a11b573-71f8-4ea4-abf9-99486384f03f:group-4EFBC48085DE:LeaderElection102] INFO  server.RaftServerConfigKeys (ConfUtils.java:logGet(43)) - raft.server.rpc.request.timeout = 3000ms (default)
2019-09-04 07:21:05,950 [7a11b573-71f8-4ea4-abf9-99486384f03f:group-4EFBC48085DE:LeaderElection102] INFO  server.RaftServerConfigKeys (ConfUtils.java:logGet(43)) - raft.server.log.appender.install.snapshot.enabled = false (custom)
2019-09-04 07:21:05,950 [7a11b573-71f8-4ea4-abf9-99486384f03f:group-4EFBC48085DE:LeaderElection102] INFO  server.RaftServerConfigKeys (ConfUtils.java:logGet(43)) - raft.server.log.appender.snapshot.chunk.size.max = 16MB (=16777216) (default)
2019-09-04 07:21:05,950 [7a11b573-71f8-4ea4-abf9-99486384f03f:group-4EFBC48085DE:LeaderElection102] INFO  server.RaftServerConfigKeys (ConfUtils.java:logGet(43)) - raft.server.log.appender.buffer.byte-limit = 33554432 (custom)
2019-09-04 07:21:05,950 [7a11b573-71f8-4ea4-abf9-99486384f03f:group-4EFBC48085DE:LeaderElection102] INFO  server.RaftServerConfigKeys (ConfUtils.java:logGet(43)) - raft.server.log.appender.buffer.element-limit = 1 (custom)
2019-09-04 07:21:05,951 [7a11b573-71f8-4ea4-abf9-99486384f03f:group-4EFBC48085DE:LeaderElection102] INFO  grpc.GrpcConfigKeys$Server (ConfUtils.java:logGet(43)) - raft.grpc.server.leader.outstanding.appends.max = 128 (default)
2019-09-04 07:21:05,951 [7a11b573-71f8-4ea4-abf9-99486384f03f:group-4EFBC48085DE:LeaderElection102] INFO  server.RaftServerConfigKeys (ConfUtils.java:logGet(43)) - raft.server.rpc.request.timeout = 3000ms (default)
2019-09-04 07:21:05,951 [7a11b573-71f8-4ea4-abf9-99486384f03f:group-4EFBC48085DE:LeaderElection102] INFO  server.RaftServerConfigKeys (ConfUtils.java:logGet(43)) - raft.server.log.appender.install.snapshot.enabled = false (custom)
2019-09-04 07:21:05,951 [7a11b573-71f8-4ea4-abf9-99486384f03f:group-4EFBC48085DE:LeaderElection102] INFO  impl.RoleInfo (RoleInfo.java:updateAndGet(143)) - 7a11b573-71f8-4ea4-abf9-99486384f03f: start LeaderState
2019-09-04 07:21:05,951 [7a11b573-71f8-4ea4-abf9-99486384f03f:group-4EFBC48085DE:LeaderElection102] INFO  segmented.SegmentedRaftLogWorker (SegmentedRaftLogWorker.java:startLogSegment(380)) - 7a11b573-71f8-4ea4-abf9-99486384f03f-SegmentedRaftLogWorker:Storage Directory /workdir/hadoop-ozone/integration-test/target/test-dir/MiniOzoneClusterImpl-5d0a0d59-4b77-4b18-84f0-6f2c3eb763cf/datanode-5/data/ratis/63d9695f-8aae-42db-b525-4efbc48085de: Starting segment from index:0
2019-09-04 07:21:05,952 [7a11b573-71f8-4ea4-abf9-99486384f03f:group-4EFBC48085DE:LeaderElection102] INFO  impl.RaftServerImpl (ServerState.java:setRaftConf(361)) - 7a11b573-71f8-4ea4-abf9-99486384f03f:group-4EFBC48085DE set configuration 0: [7a11b573-71f8-4ea4-abf9-99486384f03f:192.168.34.9:39275, 98937b65-337d-44f5-addc-6b2caf521cd7:192.168.34.9:46353, 86a5a05f-5180-4464-ac5c-93670ce4c4ec:192.168.34.9:33782], old=null at 0
2019-09-04 07:21:05,953 [grpc-default-executor-12] INFO  impl.RaftServerImpl (ServerState.java:setLeader(263)) - 98937b65-337d-44f5-addc-6b2caf521cd7:group-4EFBC48085DE change Leader from null to 7a11b573-71f8-4ea4-abf9-99486384f03f at term 2 for appendEntries, leader elected after 10323ms
2019-09-04 07:21:05,954 [grpc-default-executor-11] INFO  impl.RaftServerImpl (ServerState.java:setLeader(263)) - 86a5a05f-5180-4464-ac5c-93670ce4c4ec:group-4EFBC48085DE change Leader from null to 7a11b573-71f8-4ea4-abf9-99486384f03f at term 2 for appendEntries, leader elected after 10324ms
2019-09-04 07:21:05,956 [grpc-default-executor-11] INFO  impl.RaftServerImpl (ServerState.java:setRaftConf(361)) - 98937b65-337d-44f5-addc-6b2caf521cd7:group-4EFBC48085DE set configuration 0: [7a11b573-71f8-4ea4-abf9-99486384f03f:192.168.34.9:39275, 98937b65-337d-44f5-addc-6b2caf521cd7:192.168.34.9:46353, 86a5a05f-5180-4464-ac5c-93670ce4c4ec:192.168.34.9:33782], old=null at 0
2019-09-04 07:21:05,956 [grpc-default-executor-12] INFO  impl.RaftServerImpl (ServerState.java:setRaftConf(361)) - 86a5a05f-5180-4464-ac5c-93670ce4c4ec:group-4EFBC48085DE set configuration 0: [7a11b573-71f8-4ea4-abf9-99486384f03f:192.168.34.9:39275, 98937b65-337d-44f5-addc-6b2caf521cd7:192.168.34.9:46353, 86a5a05f-5180-4464-ac5c-93670ce4c4ec:192.168.34.9:33782], old=null at 0
2019-09-04 07:21:05,956 [grpc-default-executor-11] INFO  segmented.SegmentedRaftLogWorker (SegmentedRaftLogWorker.java:startLogSegment(380)) - 98937b65-337d-44f5-addc-6b2caf521cd7-SegmentedRaftLogWorker:Storage Directory /workdir/hadoop-ozone/integration-test/target/test-dir/MiniOzoneClusterImpl-5d0a0d59-4b77-4b18-84f0-6f2c3eb763cf/datanode-3/data/ratis/63d9695f-8aae-42db-b525-4efbc48085de: Starting segment from index:0
2019-09-04 07:21:05,956 [grpc-default-executor-12] INFO  segmented.SegmentedRaftLogWorker (SegmentedRaftLogWorker.java:startLogSegment(380)) - 86a5a05f-5180-4464-ac5c-93670ce4c4ec-SegmentedRaftLogWorker:Storage Directory /workdir/hadoop-ozone/integration-test/target/test-dir/MiniOzoneClusterImpl-5d0a0d59-4b77-4b18-84f0-6f2c3eb763cf/datanode-4/data/ratis/63d9695f-8aae-42db-b525-4efbc48085de: Starting segment from index:0
2019-09-04 07:21:06,000 [86a5a05f-5180-4464-ac5c-93670ce4c4ec-SegmentedRaftLogWorker:Storage Directory /workdir/hadoop-ozone/integration-test/target/test-dir/MiniOzoneClusterImpl-5d0a0d59-4b77-4b18-84f0-6f2c3eb763cf/datanode-4/data/ratis/63d9695f-8aae-42db-b525-4efbc48085de] INFO  segmented.SegmentedRaftLogWorker (SegmentedRaftLogWorker.java:execute(569)) - 86a5a05f-5180-4464-ac5c-93670ce4c4ec-SegmentedRaftLogWorker:Storage Directory /workdir/hadoop-ozone/integration-test/target/test-dir/MiniOzoneClusterImpl-5d0a0d59-4b77-4b18-84f0-6f2c3eb763cf/datanode-4/data/ratis/63d9695f-8aae-42db-b525-4efbc48085de: created new log segment /workdir/hadoop-ozone/integration-test/target/test-dir/MiniOzoneClusterImpl-5d0a0d59-4b77-4b18-84f0-6f2c3eb763cf/datanode-4/data/ratis/63d9695f-8aae-42db-b525-4efbc48085de/current/log_inprogress_0
2019-09-04 07:21:06,012 [7a11b573-71f8-4ea4-abf9-99486384f03f-SegmentedRaftLogWorker:Storage Directory /workdir/hadoop-ozone/integration-test/target/test-dir/MiniOzoneClusterImpl-5d0a0d59-4b77-4b18-84f0-6f2c3eb763cf/datanode-5/data/ratis/63d9695f-8aae-42db-b525-4efbc48085de] INFO  segmented.SegmentedRaftLogWorker (SegmentedRaftLogWorker.java:execute(569)) - 7a11b573-71f8-4ea4-abf9-99486384f03f-SegmentedRaftLogWorker:Storage Directory /workdir/hadoop-ozone/integration-test/target/test-dir/MiniOzoneClusterImpl-5d0a0d59-4b77-4b18-84f0-6f2c3eb763cf/datanode-5/data/ratis/63d9695f-8aae-42db-b525-4efbc48085de: created new log segment /workdir/hadoop-ozone/integration-test/target/test-dir/MiniOzoneClusterImpl-5d0a0d59-4b77-4b18-84f0-6f2c3eb763cf/datanode-5/data/ratis/63d9695f-8aae-42db-b525-4efbc48085de/current/log_inprogress_0
2019-09-04 07:21:06,013 [98937b65-337d-44f5-addc-6b2caf521cd7-SegmentedRaftLogWorker:Storage Directory /workdir/hadoop-ozone/integration-test/target/test-dir/MiniOzoneClusterImpl-5d0a0d59-4b77-4b18-84f0-6f2c3eb763cf/datanode-3/data/ratis/63d9695f-8aae-42db-b525-4efbc48085de] INFO  segmented.SegmentedRaftLogWorker (SegmentedRaftLogWorker.java:execute(569)) - 98937b65-337d-44f5-addc-6b2caf521cd7-SegmentedRaftLogWorker:Storage Directory /workdir/hadoop-ozone/integration-test/target/test-dir/MiniOzoneClusterImpl-5d0a0d59-4b77-4b18-84f0-6f2c3eb763cf/datanode-3/data/ratis/63d9695f-8aae-42db-b525-4efbc48085de: created new log segment /workdir/hadoop-ozone/integration-test/target/test-dir/MiniOzoneClusterImpl-5d0a0d59-4b77-4b18-84f0-6f2c3eb763cf/datanode-3/data/ratis/63d9695f-8aae-42db-b525-4efbc48085de/current/log_inprogress_0
2019-09-04 07:21:06,031 | INFO  | SCMAudit | user=jenkins1000 | ip=192.168.34.9 | op=SEND_HEARTBEAT {datanodeUUID=86a5a05f-5180-4464-ac5c-93670ce4c4ec, command=[]} | ret=SUCCESS |  
2019-09-04 07:21:06,246 | INFO  | SCMAudit | user=jenkins1000 | ip=192.168.34.9 | op=SEND_HEARTBEAT {datanodeUUID=6f223d4e-d516-4842-990f-c73eba4c9f9f, command=[]} | ret=SUCCESS |  
2019-09-04 07:21:06,455 | INFO  | SCMAudit | user=jenkins1000 | ip=192.168.34.9 | op=SEND_HEARTBEAT {datanodeUUID=c405a447-8661-4695-872e-62a6e38cc662, command=[]} | ret=SUCCESS |  
2019-09-04 07:21:06,533 | INFO  | SCMAudit | user=jenkins1000 | ip=192.168.34.9 | op=SEND_HEARTBEAT {datanodeUUID=7a11b573-71f8-4ea4-abf9-99486384f03f, command=[]} | ret=SUCCESS |  
2019-09-04 07:21:06,664 | INFO  | SCMAudit | user=jenkins1000 | ip=192.168.34.9 | op=SEND_HEARTBEAT {datanodeUUID=e5b5410c-7343-40b8-bab2-826c65acf05b, command=[]} | ret=SUCCESS |  
2019-09-04 07:21:06,705 | INFO  | SCMAudit | user=jenkins1000 | ip=192.168.34.9 | op=SEND_HEARTBEAT {datanodeUUID=06c36665-71bf-45ab-8d97-17e8e1570553, command=[]} | ret=SUCCESS |  
2019-09-04 07:21:06,861 | INFO  | SCMAudit | user=jenkins1000 | ip=192.168.34.9 | op=SEND_HEARTBEAT {datanodeUUID=98937b65-337d-44f5-addc-6b2caf521cd7, command=[]} | ret=SUCCESS |  
2019-09-04 07:21:07,036 | INFO  | DNAudit | user=null | ip=null | op=WRITE_CHUNK {blockData=conID: 1 locID: 102733031392411668 bcsId: 0} | ret=SUCCESS |  
2019-09-04 07:21:07,036 | INFO  | DNAudit | user=null | ip=null | op=WRITE_CHUNK {blockData=conID: 1 locID: 102733031392411668 bcsId: 0} | ret=SUCCESS |  
2019-09-04 07:21:07,036 | INFO  | DNAudit | user=null | ip=null | op=WRITE_CHUNK {blockData=conID: 1 locID: 102733031392411668 bcsId: 0} | ret=SUCCESS |  
2019-09-04 07:21:07,036 | INFO  | SCMAudit | user=jenkins1000 | ip=192.168.34.9 | op=SEND_HEARTBEAT {datanodeUUID=86a5a05f-5180-4464-ac5c-93670ce4c4ec, command=[]} | ret=SUCCESS |  
2019-09-04 07:21:07,036 | INFO  | SCMAudit | user=jenkins1000 | ip=192.168.34.9 | op=SEND_HEARTBEAT {datanodeUUID=7a11b573-71f8-4ea4-abf9-99486384f03f, command=[]} | ret=SUCCESS |  
2019-09-04 07:21:07,036 | INFO  | SCMAudit | user=jenkins1000 | ip=192.168.34.9 | op=SEND_HEARTBEAT {datanodeUUID=98937b65-337d-44f5-addc-6b2caf521cd7, command=[]} | ret=SUCCESS |  
2019-09-04 07:21:07,041 | INFO  | SCMAudit | user=jenkins1000 | ip=192.168.34.9 | op=SEND_HEARTBEAT {datanodeUUID=86a5a05f-5180-4464-ac5c-93670ce4c4ec, command=[]} | ret=SUCCESS |  
2019-09-04 07:21:07,050 | INFO  | DNAudit | user=null | ip=null | op=WRITE_CHUNK {blockData=conID: 1 locID: 102733031392411668 bcsId: 0} | ret=SUCCESS |  
2019-09-04 07:21:07,053 [grpc-default-executor-12] INFO  client.GrpcClientProtocolClient (GrpcClientProtocolClient.java:onNext(255)) - client-50FDE4F4645A->7a11b573-71f8-4ea4-abf9-99486384f03f: receive RaftClientReply:client-50FDE4F4645A->7a11b573-71f8-4ea4-abf9-99486384f03f@group-4EFBC48085DE, cid=230, SUCCESS, logIndex=1, commits[7a11b573-71f8-4ea4-abf9-99486384f03f:c1, 98937b65-337d-44f5-addc-6b2caf521cd7:c0, 86a5a05f-5180-4464-ac5c-93670ce4c4ec:c0]
2019-09-04 07:21:07,059 | INFO  | DNAudit | user=null | ip=null | op=WRITE_CHUNK {blockData=conID: 1 locID: 102733031392411668 bcsId: 0} | ret=SUCCESS |  
2019-09-04 07:21:07,059 | INFO  | DNAudit | user=null | ip=null | op=WRITE_CHUNK {blockData=conID: 1 locID: 102733031392411668 bcsId: 0} | ret=SUCCESS |  
2019-09-04 07:21:07,059 | INFO  | DNAudit | user=null | ip=null | op=WRITE_CHUNK {blockData=conID: 1 locID: 102733031392411668 bcsId: 0} | ret=SUCCESS |  
2019-09-04 07:21:07,059 | INFO  | DNAudit | user=null | ip=null | op=WRITE_CHUNK {blockData=conID: 1 locID: 102733031392411668 bcsId: 0} | ret=SUCCESS |  
2019-09-04 07:21:07,060 | INFO  | DNAudit | user=null | ip=null | op=WRITE_CHUNK {blockData=conID: 1 locID: 102733031392411668 bcsId: 0} | ret=SUCCESS |  
2019-09-04 07:21:07,061 | INFO  | DNAudit | user=null | ip=null | op=WRITE_CHUNK {blockData=conID: 1 locID: 102733031392411668 bcsId: 0} | ret=SUCCESS |  
2019-09-04 07:21:07,062 | INFO  | DNAudit | user=null | ip=null | op=WRITE_CHUNK {blockData=conID: 1 locID: 102733031392411668 bcsId: 0} | ret=SUCCESS |  
2019-09-04 07:21:07,062 | INFO  | DNAudit | user=null | ip=null | op=WRITE_CHUNK {blockData=conID: 1 locID: 102733031392411668 bcsId: 0} | ret=SUCCESS |  
2019-09-04 07:21:07,062 | INFO  | DNAudit | user=null | ip=null | op=WRITE_CHUNK {blockData=conID: 1 locID: 102733031392411668 bcsId: 0} | ret=SUCCESS |  
2019-09-04 07:21:07,062 | INFO  | DNAudit | user=null | ip=null | op=WRITE_CHUNK {blockData=conID: 1 locID: 102733031392411668 bcsId: 0} | ret=SUCCESS |  
2019-09-04 07:21:07,064 | INFO  | DNAudit | user=null | ip=null | op=WRITE_CHUNK {blockData=conID: 1 locID: 102733031392411668 bcsId: 0} | ret=SUCCESS |  
2019-09-04 07:21:07,072 | INFO  | DNAudit | user=null | ip=null | op=WRITE_CHUNK {blockData=conID: 1 locID: 102733031392411668 bcsId: 0} | ret=SUCCESS |  
2019-09-04 07:21:07,076 [grpc-default-executor-12] INFO  client.GrpcClientProtocolClient (GrpcClientProtocolClient.java:onNext(255)) - client-50FDE4F4645A->7a11b573-71f8-4ea4-abf9-99486384f03f: receive RaftClientReply:client-50FDE4F4645A->7a11b573-71f8-4ea4-abf9-99486384f03f@group-4EFBC48085DE, cid=231, SUCCESS, logIndex=3, commits[7a11b573-71f8-4ea4-abf9-99486384f03f:c5, 98937b65-337d-44f5-addc-6b2caf521cd7:c1, 86a5a05f-5180-4464-ac5c-93670ce4c4ec:c1]
2019-09-04 07:21:07,079 | INFO  | DNAudit | user=null | ip=null | op=WRITE_CHUNK {blockData=conID: 1 locID: 102733031392411668 bcsId: 0} | ret=SUCCESS |  
2019-09-04 07:21:07,079 | INFO  | DNAudit | user=null | ip=null | op=WRITE_CHUNK {blockData=conID: 1 locID: 102733031392411668 bcsId: 0} | ret=SUCCESS |  
2019-09-04 07:21:07,101 | INFO  | DNAudit | user=null | ip=null | op=PUT_BLOCK {blockData=[blockId=conID: 1 locID: 102733031392411668 bcsId: 0,size=200]} | ret=SUCCESS |  
2019-09-04 07:21:07,101 | INFO  | DNAudit | user=null | ip=null | op=WRITE_CHUNK {blockData=conID: 1 locID: 102733031392411668 bcsId: 0} | ret=SUCCESS |  
2019-09-04 07:21:07,102 | INFO  | DNAudit | user=null | ip=null | op=WRITE_CHUNK {blockData=conID: 1 locID: 102733031392411668 bcsId: 0} | ret=SUCCESS |  
2019-09-04 07:21:07,103 [grpc-default-executor-11] INFO  client.GrpcClientProtocolClient (GrpcClientProtocolClient.java:onNext(255)) - client-50FDE4F4645A->7a11b573-71f8-4ea4-abf9-99486384f03f: receive RaftClientReply:client-50FDE4F4645A->7a11b573-71f8-4ea4-abf9-99486384f03f@group-4EFBC48085DE, cid=232, SUCCESS, logIndex=4, commits[7a11b573-71f8-4ea4-abf9-99486384f03f:c10, 98937b65-337d-44f5-addc-6b2caf521cd7:c7, 86a5a05f-5180-4464-ac5c-93670ce4c4ec:c7]
2019-09-04 07:21:07,104 [grpc-default-executor-11] INFO  client.GrpcClientProtocolClient (GrpcClientProtocolClient.java:onNext(255)) - client-50FDE4F4645A->7a11b573-71f8-4ea4-abf9-99486384f03f: receive RaftClientReply:client-50FDE4F4645A->7a11b573-71f8-4ea4-abf9-99486384f03f@group-4EFBC48085DE, cid=233, SUCCESS, logIndex=5, commits[7a11b573-71f8-4ea4-abf9-99486384f03f:c10, 98937b65-337d-44f5-addc-6b2caf521cd7:c7, 86a5a05f-5180-4464-ac5c-93670ce4c4ec:c7]
2019-09-04 07:21:07,104 [grpc-default-executor-11] INFO  client.GrpcClientProtocolClient (GrpcClientProtocolClient.java:onNext(255)) - client-50FDE4F4645A->7a11b573-71f8-4ea4-abf9-99486384f03f: receive RaftClientReply:client-50FDE4F4645A->7a11b573-71f8-4ea4-abf9-99486384f03f@group-4EFBC48085DE, cid=234, SUCCESS, logIndex=6, commits[7a11b573-71f8-4ea4-abf9-99486384f03f:c10, 98937b65-337d-44f5-addc-6b2caf521cd7:c7, 86a5a05f-5180-4464-ac5c-93670ce4c4ec:c7]
2019-09-04 07:21:07,121 | INFO  | DNAudit | user=null | ip=null | op=PUT_BLOCK {blockData=[blockId=conID: 1 locID: 102733031392411668 bcsId: 0,size=200]} | ret=SUCCESS |  
2019-09-04 07:21:07,121 | INFO  | DNAudit | user=null | ip=null | op=WRITE_CHUNK {blockData=conID: 1 locID: 102733031392411668 bcsId: 0} | ret=SUCCESS |  
2019-09-04 07:21:07,121 | INFO  | DNAudit | user=null | ip=null | op=WRITE_CHUNK {blockData=conID: 1 locID: 102733031392411668 bcsId: 0} | ret=SUCCESS |  
2019-09-04 07:21:07,144 | INFO  | DNAudit | user=null | ip=null | op=PUT_BLOCK {blockData=[blockId=conID: 1 locID: 102733031392411668 bcsId: 0,size=400]} | ret=SUCCESS |  
2019-09-04 07:21:07,144 | INFO  | DNAudit | user=null | ip=null | op=PUT_BLOCK {blockData=[blockId=conID: 1 locID: 102733031392411668 bcsId: 0,size=200]} | ret=SUCCESS |  
2019-09-04 07:21:07,144 | INFO  | DNAudit | user=null | ip=null | op=PUT_BLOCK {blockData=[blockId=conID: 1 locID: 102733031392411668 bcsId: 0,size=400]} | ret=SUCCESS |  
2019-09-04 07:21:07,145 | INFO  | DNAudit | user=null | ip=null | op=WRITE_CHUNK {blockData=conID: 1 locID: 102733031392411668 bcsId: 0} | ret=SUCCESS |  
2019-09-04 07:21:07,145 | INFO  | DNAudit | user=null | ip=null | op=WRITE_CHUNK {blockData=conID: 1 locID: 102733031392411668 bcsId: 0} | ret=SUCCESS |  
2019-09-04 07:21:07,146 [grpc-default-executor-11] INFO  client.GrpcClientProtocolClient (GrpcClientProtocolClient.java:onNext(255)) - client-50FDE4F4645A->7a11b573-71f8-4ea4-abf9-99486384f03f: receive RaftClientReply:client-50FDE4F4645A->7a11b573-71f8-4ea4-abf9-99486384f03f@group-4EFBC48085DE, cid=235, SUCCESS, logIndex=7, commits[7a11b573-71f8-4ea4-abf9-99486384f03f:c10, 98937b65-337d-44f5-addc-6b2caf521cd7:c7, 86a5a05f-5180-4464-ac5c-93670ce4c4ec:c7]
2019-09-04 07:21:07,146 | INFO  | DNAudit | user=null | ip=null | op=PUT_BLOCK {blockData=[blockId=conID: 1 locID: 102733031392411668 bcsId: 0,size=400]} | ret=SUCCESS |  
2019-09-04 07:21:07,149 | INFO  | DNAudit | user=null | ip=null | op=WRITE_CHUNK {blockData=conID: 1 locID: 102733031392411668 bcsId: 7} | ret=SUCCESS |  
2019-09-04 07:21:07,150 | INFO  | DNAudit | user=null | ip=null | op=WRITE_CHUNK {blockData=conID: 1 locID: 102733031392411668 bcsId: 7} | ret=SUCCESS |  
2019-09-04 07:21:07,150 | INFO  | DNAudit | user=null | ip=null | op=WRITE_CHUNK {blockData=conID: 1 locID: 102733031392411668 bcsId: 7} | ret=SUCCESS |  
2019-09-04 07:21:07,154 | INFO  | DNAudit | user=null | ip=null | op=WRITE_CHUNK {blockData=conID: 1 locID: 102733031392411668 bcsId: 7} | ret=SUCCESS |  
2019-09-04 07:21:07,154 | INFO  | DNAudit | user=null | ip=null | op=PUT_BLOCK {blockData=[blockId=conID: 1 locID: 102733031392411668 bcsId: 0,size=450]} | ret=SUCCESS |  
2019-09-04 07:21:07,154 [grpc-default-executor-13] INFO  client.GrpcClientProtocolClient (GrpcClientProtocolClient.java:onNext(255)) - client-50FDE4F4645A->7a11b573-71f8-4ea4-abf9-99486384f03f: receive RaftClientReply:client-50FDE4F4645A->7a11b573-71f8-4ea4-abf9-99486384f03f@group-4EFBC48085DE, cid=236, SUCCESS, logIndex=11, commits[7a11b573-71f8-4ea4-abf9-99486384f03f:c12, 98937b65-337d-44f5-addc-6b2caf521cd7:c10, 86a5a05f-5180-4464-ac5c-93670ce4c4ec:c10]
2019-09-04 07:21:07,155 [grpc-default-executor-13] INFO  client.GrpcClientProtocolClient (GrpcClientProtocolClient.java:onNext(255)) - client-50FDE4F4645A->7a11b573-71f8-4ea4-abf9-99486384f03f: receive RaftClientReply:client-50FDE4F4645A->7a11b573-71f8-4ea4-abf9-99486384f03f@group-4EFBC48085DE, cid=237, SUCCESS, logIndex=12, commits[7a11b573-71f8-4ea4-abf9-99486384f03f:c12, 98937b65-337d-44f5-addc-6b2caf521cd7:c10, 86a5a05f-5180-4464-ac5c-93670ce4c4ec:c10]
2019-09-04 07:21:07,156 | INFO  | DNAudit | user=null | ip=null | op=WRITE_CHUNK {blockData=conID: 1 locID: 102733031392411668 bcsId: 7} | ret=SUCCESS |  
2019-09-04 07:21:07,157 | INFO  | DNAudit | user=null | ip=null | op=PUT_BLOCK {blockData=[blockId=conID: 1 locID: 102733031392411668 bcsId: 0,size=450]} | ret=SUCCESS |  
2019-09-04 07:21:07,157 | INFO  | DNAudit | user=null | ip=null | op=WRITE_CHUNK {blockData=conID: 1 locID: 102733031392411668 bcsId: 7} | ret=SUCCESS |  
2019-09-04 07:21:07,160 | INFO  | DNAudit | user=null | ip=null | op=PUT_BLOCK {blockData=[blockId=conID: 1 locID: 102733031392411668 bcsId: 0,size=450]} | ret=SUCCESS |  
2019-09-04 07:21:07,160 [grpc-default-executor-11] INFO  client.GrpcClientProtocolClient (GrpcClientProtocolClient.java:onNext(255)) - client-50FDE4F4645A->7a11b573-71f8-4ea4-abf9-99486384f03f: receive RaftClientReply:client-50FDE4F4645A->7a11b573-71f8-4ea4-abf9-99486384f03f@group-4EFBC48085DE, cid=238, SUCCESS, logIndex=0, commits[7a11b573-71f8-4ea4-abf9-99486384f03f:c12, 98937b65-337d-44f5-addc-6b2caf521cd7:c12, 86a5a05f-5180-4464-ac5c-93670ce4c4ec:c12]
2019-09-04 07:21:07,161 [EventQueue-CloseContainerForCloseContainerEventHandler] INFO  container.CloseContainerEventHandler (CloseContainerEventHandler.java:onMessage(61)) - Close container Event triggered for container : #1
2019-09-04 07:21:07,162 [EventQueue-CloseContainerForCloseContainerEventHandler] INFO  container.CloseContainerEventHandler (CloseContainerEventHandler.java:onMessage(61)) - Close container Event triggered for container : #1
2019-09-04 07:21:07,162 [EventQueue-CloseContainerForCloseContainerEventHandler] INFO  container.CloseContainerEventHandler (CloseContainerEventHandler.java:onMessage(61)) - Close container Event triggered for container : #1
2019-09-04 07:21:07,246 | INFO  | SCMAudit | user=jenkins1000 | ip=192.168.34.9 | op=SEND_HEARTBEAT {datanodeUUID=6f223d4e-d516-4842-990f-c73eba4c9f9f, command=[]} | ret=SUCCESS |  
2019-09-04 07:21:07,455 | INFO  | SCMAudit | user=jenkins1000 | ip=192.168.34.9 | op=SEND_HEARTBEAT {datanodeUUID=c405a447-8661-4695-872e-62a6e38cc662, command=[]} | ret=SUCCESS |  
2019-09-04 07:21:07,664 | INFO  | SCMAudit | user=jenkins1000 | ip=192.168.34.9 | op=SEND_HEARTBEAT {datanodeUUID=e5b5410c-7343-40b8-bab2-826c65acf05b, command=[]} | ret=SUCCESS |  
2019-09-04 07:21:07,705 | INFO  | SCMAudit | user=jenkins1000 | ip=192.168.34.9 | op=SEND_HEARTBEAT {datanodeUUID=06c36665-71bf-45ab-8d97-17e8e1570553, command=[]} | ret=SUCCESS |  
2019-09-04 07:21:08,034 | INFO  | SCMAudit | user=jenkins1000 | ip=192.168.34.9 | op=SEND_HEARTBEAT {datanodeUUID=98937b65-337d-44f5-addc-6b2caf521cd7, command=[commandType: closeContainerCommand closeContainerCommandProto { containerID: 1 pipelineID { id: "63d9695f-8aae-42db-b525-4efbc48085de" } cmdId: 1 force: false } , commandType: closeContainerCommand closeContainerCommandProto { containerID: 1 pipelineID { id: "63d9695f-8aae-42db-b525-4efbc48085de" } cmdId: 1 force: false } , commandType: closeContainerCommand closeContainerCommandProto { containerID: 1 pipelineID { id: "63d9695f-8aae-42db-b525-4efbc48085de" } cmdId: 1 force: false } ]} | ret=SUCCESS |  
2019-09-04 07:21:08,036 | INFO  | SCMAudit | user=jenkins1000 | ip=192.168.34.9 | op=SEND_HEARTBEAT {datanodeUUID=86a5a05f-5180-4464-ac5c-93670ce4c4ec, command=[commandType: closeContainerCommand closeContainerCommandProto { containerID: 1 pipelineID { id: "63d9695f-8aae-42db-b525-4efbc48085de" } cmdId: 1 force: false } , commandType: closeContainerCommand closeContainerCommandProto { containerID: 1 pipelineID { id: "63d9695f-8aae-42db-b525-4efbc48085de" } cmdId: 1 force: false } , commandType: closeContainerCommand closeContainerCommandProto { containerID: 1 pipelineID { id: "63d9695f-8aae-42db-b525-4efbc48085de" } cmdId: 1 force: false } ]} | ret=SUCCESS |  
2019-09-04 07:21:08,038 | INFO  | SCMAudit | user=jenkins1000 | ip=192.168.34.9 | op=SEND_HEARTBEAT {datanodeUUID=7a11b573-71f8-4ea4-abf9-99486384f03f, command=[commandType: closeContainerCommand closeContainerCommandProto { containerID: 1 pipelineID { id: "63d9695f-8aae-42db-b525-4efbc48085de" } cmdId: 1 force: false } , commandType: closeContainerCommand closeContainerCommandProto { containerID: 1 pipelineID { id: "63d9695f-8aae-42db-b525-4efbc48085de" } cmdId: 1 force: false } , commandType: closeContainerCommand closeContainerCommandProto { containerID: 1 pipelineID { id: "63d9695f-8aae-42db-b525-4efbc48085de" } cmdId: 1 force: false } ]} | ret=SUCCESS |  
2019-09-04 07:21:08,247 | INFO  | SCMAudit | user=jenkins1000 | ip=192.168.34.9 | op=SEND_HEARTBEAT {datanodeUUID=6f223d4e-d516-4842-990f-c73eba4c9f9f, command=[]} | ret=SUCCESS |  
2019-09-04 07:21:08,455 | INFO  | SCMAudit | user=jenkins1000 | ip=192.168.34.9 | op=SEND_HEARTBEAT {datanodeUUID=c405a447-8661-4695-872e-62a6e38cc662, command=[]} | ret=SUCCESS |  
2019-09-04 07:21:08,549 | INFO  | SCMAudit | user=jenkins1000 | ip=192.168.34.9 | op=SEND_HEARTBEAT {datanodeUUID=7a11b573-71f8-4ea4-abf9-99486384f03f, command=[]} | ret=SUCCESS |  
2019-09-04 07:21:08,600 [RatisApplyTransactionExecutor 1] INFO  interfaces.Container (KeyValueContainer.java:flushAndSyncDB(382)) - Container 1 is synced with bcsId 12.
2019-09-04 07:21:08,600 [RatisApplyTransactionExecutor 1] INFO  interfaces.Container (KeyValueContainer.java:flushAndSyncDB(382)) - Container 1 is synced with bcsId 12.
2019-09-04 07:21:08,601 | INFO  | SCMAudit | user=jenkins1000 | ip=192.168.34.9 | op=SEND_HEARTBEAT {datanodeUUID=98937b65-337d-44f5-addc-6b2caf521cd7, command=[]} | ret=SUCCESS |  
2019-09-04 07:21:08,601 | INFO  | SCMAudit | user=jenkins1000 | ip=192.168.34.9 | op=SEND_HEARTBEAT {datanodeUUID=86a5a05f-5180-4464-ac5c-93670ce4c4ec, command=[]} | ret=SUCCESS |  
2019-09-04 07:21:08,614 [RatisApplyTransactionExecutor 1] INFO  interfaces.Container (KeyValueContainer.java:flushAndSyncDB(382)) - Container 1 is synced with bcsId 12.
2019-09-04 07:21:08,614 [RatisApplyTransactionExecutor 1] INFO  interfaces.Container (KeyValueContainer.java:flushAndSyncDB(382)) - Container 1 is synced with bcsId 12.
2019-09-04 07:21:08,615 | INFO  | DNAudit | user=null | ip=null | op=CLOSE_CONTAINER {containerID=1} | ret=SUCCESS |  
2019-09-04 07:21:08,614 [RatisApplyTransactionExecutor 1] INFO  interfaces.Container (KeyValueContainer.java:flushAndSyncDB(382)) - Container 1 is synced with bcsId 12.
2019-09-04 07:21:08,615 [RatisApplyTransactionExecutor 1] INFO  interfaces.Container (KeyValueContainer.java:flushAndSyncDB(382)) - Container 1 is synced with bcsId 12.
2019-09-04 07:21:08,615 | INFO  | SCMAudit | user=jenkins1000 | ip=192.168.34.9 | op=SEND_HEARTBEAT {datanodeUUID=7a11b573-71f8-4ea4-abf9-99486384f03f, command=[]} | ret=SUCCESS |  
2019-09-04 07:21:08,615 [EventQueue-IncrementalContainerReportForIncrementalContainerReportHandler] INFO  container.IncrementalContainerReportHandler (AbstractContainerReportHandler.java:updateContainerState(176)) - Moving container #1 to CLOSED state, datanode 7a11b573-71f8-4ea4-abf9-99486384f03f{ip: 192.168.34.9, host: pr-hdds-1569-tfczc-1762686928, networkLocation: /default-rack, certSerialId: null} reported CLOSED replica.
2019-09-04 07:21:08,629 | INFO  | DNAudit | user=null | ip=null | op=CLOSE_CONTAINER {containerID=1} | ret=SUCCESS |  
2019-09-04 07:21:08,629 | INFO  | DNAudit | user=null | ip=null | op=CLOSE_CONTAINER {containerID=1} | ret=SUCCESS |  
2019-09-04 07:21:08,630 | INFO  | SCMAudit | user=jenkins1000 | ip=192.168.34.9 | op=SEND_HEARTBEAT {datanodeUUID=98937b65-337d-44f5-addc-6b2caf521cd7, command=[]} | ret=SUCCESS |  
2019-09-04 07:21:08,630 | INFO  | SCMAudit | user=jenkins1000 | ip=192.168.34.9 | op=SEND_HEARTBEAT {datanodeUUID=86a5a05f-5180-4464-ac5c-93670ce4c4ec, command=[]} | ret=SUCCESS |  
2019-09-04 07:21:08,663 | ERROR | DNAudit | user=null | ip=null | op=WRITE_CHUNK {blockData=conID: 1 locID: 102733031392411668 bcsId: 12} | ret=FAILURE | org.apache.hadoop.hdds.scm.container.common.helpers.ContainerNotOpenException: Container 1 in CLOSED state
	at org.apache.hadoop.ozone.container.common.impl.HddsDispatcher.validateContainerCommand(HddsDispatcher.java:408)
	at org.apache.hadoop.ozone.container.common.transport.server.ratis.ContainerStateMachine.startTransaction(ContainerStateMachine.java:309) 
2019-09-04 07:21:08,664 | ERROR | DNAudit | user=null | ip=null | op=WRITE_CHUNK {blockData=conID: 1 locID: 102733031392411668 bcsId: 12} | ret=FAILURE | org.apache.hadoop.hdds.scm.container.common.helpers.ContainerNotOpenException: Container 1 in CLOSED state
	at org.apache.hadoop.ozone.container.common.impl.HddsDispatcher.validateContainerCommand(HddsDispatcher.java:408)
	at org.apache.hadoop.ozone.container.common.transport.server.ratis.ContainerStateMachine.startTransaction(ContainerStateMachine.java:309) 
2019-09-04 07:21:08,665 | INFO  | SCMAudit | user=jenkins1000 | ip=192.168.34.9 | op=SEND_HEARTBEAT {datanodeUUID=e5b5410c-7343-40b8-bab2-826c65acf05b, command=[]} | ret=SUCCESS |  
2019-09-04 07:21:08,674 [grpc-default-executor-11] INFO  client.GrpcClientProtocolClient (GrpcClientProtocolClient.java:onNext(255)) - client-50FDE4F4645A->7a11b573-71f8-4ea4-abf9-99486384f03f: receive RaftClientReply:client-50FDE4F4645A->7a11b573-71f8-4ea4-abf9-99486384f03f@group-4EFBC48085DE, cid=239, FAILED org.apache.ratis.protocol.StateMachineException: org.apache.hadoop.hdds.scm.container.common.helpers.ContainerNotOpenException from Server 7a11b573-71f8-4ea4-abf9-99486384f03f: Container 1 in CLOSED state, logIndex=0, commits[7a11b573-71f8-4ea4-abf9-99486384f03f:c16, 98937b65-337d-44f5-addc-6b2caf521cd7:c15, 86a5a05f-5180-4464-ac5c-93670ce4c4ec:c15]
2019-09-04 07:21:08,674 | ERROR | DNAudit | user=null | ip=null | op=PUT_BLOCK {blockData=[blockId=conID: 1 locID: 102733031392411668 bcsId: 0,size=650]} | ret=FAILURE | org.apache.hadoop.hdds.scm.container.common.helpers.ContainerNotOpenException: Container 1 in CLOSED state
	at org.apache.hadoop.ozone.container.common.impl.HddsDispatcher.validateContainerCommand(HddsDispatcher.java:408)
	at org.apache.hadoop.ozone.container.common.transport.server.ratis.ContainerStateMachine.startTransaction(ContainerStateMachine.java:309) 
2019-09-04 07:21:08,675 | ERROR | DNAudit | user=null | ip=null | op=WRITE_CHUNK {blockData=conID: 1 locID: 102733031392411668 bcsId: 12} | ret=FAILURE | org.apache.hadoop.hdds.scm.container.common.helpers.ContainerNotOpenException: Container 1 in CLOSED state
	at org.apache.hadoop.ozone.container.common.impl.HddsDispatcher.validateContainerCommand(HddsDispatcher.java:408)
	at org.apache.hadoop.ozone.container.common.transport.server.ratis.ContainerStateMachine.startTransaction(ContainerStateMachine.java:309) 
2019-09-04 07:21:08,675 [grpc-default-executor-11] INFO  client.GrpcClientProtocolClient (GrpcClientProtocolClient.java:onNext(255)) - client-50FDE4F4645A->7a11b573-71f8-4ea4-abf9-99486384f03f: receive RaftClientReply:client-50FDE4F4645A->7a11b573-71f8-4ea4-abf9-99486384f03f@group-4EFBC48085DE, cid=240, FAILED org.apache.ratis.protocol.StateMachineException: org.apache.hadoop.hdds.scm.container.common.helpers.ContainerNotOpenException from Server 7a11b573-71f8-4ea4-abf9-99486384f03f: Container 1 in CLOSED state, logIndex=0, commits[7a11b573-71f8-4ea4-abf9-99486384f03f:c16, 98937b65-337d-44f5-addc-6b2caf521cd7:c15, 86a5a05f-5180-4464-ac5c-93670ce4c4ec:c15]
2019-09-04 07:21:08,682 [grpc-default-executor-11] INFO  client.GrpcClientProtocolClient (GrpcClientProtocolClient.java:onNext(255)) - client-50FDE4F4645A->7a11b573-71f8-4ea4-abf9-99486384f03f: receive RaftClientReply:client-50FDE4F4645A->7a11b573-71f8-4ea4-abf9-99486384f03f@group-4EFBC48085DE, cid=241, FAILED org.apache.ratis.protocol.StateMachineException: org.apache.hadoop.hdds.scm.container.common.helpers.ContainerNotOpenException from Server 7a11b573-71f8-4ea4-abf9-99486384f03f: Container 1 in CLOSED state, logIndex=0, commits[7a11b573-71f8-4ea4-abf9-99486384f03f:c16, 98937b65-337d-44f5-addc-6b2caf521cd7:c15, 86a5a05f-5180-4464-ac5c-93670ce4c4ec:c15]
2019-09-04 07:21:08,682 | ERROR | DNAudit | user=null | ip=null | op=WRITE_CHUNK {blockData=conID: 1 locID: 102733031392411668 bcsId: 12} | ret=FAILURE | org.apache.hadoop.hdds.scm.container.common.helpers.ContainerNotOpenException: Container 1 in CLOSED state
	at org.apache.hadoop.ozone.container.common.impl.HddsDispatcher.validateContainerCommand(HddsDispatcher.java:408)
	at org.apache.hadoop.ozone.container.common.transport.server.ratis.ContainerStateMachine.startTransaction(ContainerStateMachine.java:309) 
2019-09-04 07:21:08,686 [grpc-default-executor-11] INFO  client.GrpcClientProtocolClient (GrpcClientProtocolClient.java:onNext(255)) - client-50FDE4F4645A->7a11b573-71f8-4ea4-abf9-99486384f03f: receive RaftClientReply:client-50FDE4F4645A->7a11b573-71f8-4ea4-abf9-99486384f03f@group-4EFBC48085DE, cid=242, FAILED org.apache.ratis.protocol.StateMachineException: org.apache.hadoop.hdds.scm.container.common.helpers.ContainerNotOpenException from Server 7a11b573-71f8-4ea4-abf9-99486384f03f: Container 1 in CLOSED state, logIndex=0, commits[7a11b573-71f8-4ea4-abf9-99486384f03f:c16, 98937b65-337d-44f5-addc-6b2caf521cd7:c15, 86a5a05f-5180-4464-ac5c-93670ce4c4ec:c15]
2019-09-04 07:21:08,686 | ERROR | DNAudit | user=null | ip=null | op=PUT_BLOCK {blockData=[blockId=conID: 1 locID: 102733031392411668 bcsId: 0,size=800]} | ret=FAILURE | org.apache.hadoop.hdds.scm.container.common.helpers.ContainerNotOpenException: Container 1 in CLOSED state
	at org.apache.hadoop.ozone.container.common.impl.HddsDispatcher.validateContainerCommand(HddsDispatcher.java:408)
	at org.apache.hadoop.ozone.container.common.transport.server.ratis.ContainerStateMachine.startTransaction(ContainerStateMachine.java:309) 
2019-09-04 07:21:08,687 [grpc-default-executor-11] INFO  client.GrpcClientProtocolClient (GrpcClientProtocolClient.java:onNext(255)) - client-50FDE4F4645A->7a11b573-71f8-4ea4-abf9-99486384f03f: receive RaftClientReply:client-50FDE4F4645A->7a11b573-71f8-4ea4-abf9-99486384f03f@group-4EFBC48085DE, cid=243, FAILED org.apache.ratis.protocol.StateMachineException: org.apache.hadoop.hdds.scm.container.common.helpers.ContainerNotOpenException from Server 7a11b573-71f8-4ea4-abf9-99486384f03f: Container 1 in CLOSED state, logIndex=0, commits[7a11b573-71f8-4ea4-abf9-99486384f03f:c16, 98937b65-337d-44f5-addc-6b2caf521cd7:c15, 86a5a05f-5180-4464-ac5c-93670ce4c4ec:c15]
2019-09-04 07:21:08,691 [grpc-default-executor-11] INFO  client.GrpcClientProtocolClient (GrpcClientProtocolClient.java:onNext(255)) - client-50FDE4F4645A->7a11b573-71f8-4ea4-abf9-99486384f03f: receive RaftClientReply:client-50FDE4F4645A->7a11b573-71f8-4ea4-abf9-99486384f03f@group-4EFBC48085DE, cid=244, FAILED org.apache.ratis.protocol.StateMachineException: org.apache.hadoop.hdds.scm.container.common.helpers.ContainerNotOpenException from Server 7a11b573-71f8-4ea4-abf9-99486384f03f: Container 1 in CLOSED state, logIndex=0, commits[7a11b573-71f8-4ea4-abf9-99486384f03f:c16, 98937b65-337d-44f5-addc-6b2caf521cd7:c15, 86a5a05f-5180-4464-ac5c-93670ce4c4ec:c15]
2019-09-04 07:21:08,715 | INFO  | SCMAudit | user=jenkins1000 | ip=192.168.34.9 | op=SEND_HEARTBEAT {datanodeUUID=06c36665-71bf-45ab-8d97-17e8e1570553, command=[]} | ret=SUCCESS |  
2019-09-04 07:21:08,759 | INFO  | SCMAudit | user=jenkins1000 | ip=192.168.34.9 | op=ALLOCATE_BLOCK {owner=1a243962-3aca-4867-83b4-73742376d651, size=800, type=RATIS, factor=THREE} | ret=SUCCESS |  
2019-09-04 07:21:08,760 | INFO  | OMAudit | user=jenkins1000 | ip=127.0.0.1 | op=ALLOCATE_BLOCK {volume=testblockoutputstream, bucket=testblockoutputstream, key=601b1194-9b7f-4d7c-9ff5-adc1232cafa5, dataSize=0, replicationType=null, replicationFactor=null, keyLocationInfo=null, clientID=102733031392215059} | ret=SUCCESS |  
2019-09-04 07:21:08,928 | INFO  | DNAudit | user=null | ip=null | op=WRITE_CHUNK {blockData=conID: 2 locID: 102733032243789845 bcsId: 0} | ret=SUCCESS |  
2019-09-04 07:21:08,928 | INFO  | DNAudit | user=null | ip=null | op=WRITE_CHUNK {blockData=conID: 2 locID: 102733032243789845 bcsId: 0} | ret=SUCCESS |  
2019-09-04 07:21:08,928 | INFO  | DNAudit | user=null | ip=null | op=WRITE_CHUNK {blockData=conID: 2 locID: 102733032243789845 bcsId: 0} | ret=SUCCESS |  
2019-09-04 07:21:08,929 | INFO  | SCMAudit | user=jenkins1000 | ip=192.168.34.9 | op=SEND_HEARTBEAT {datanodeUUID=7a11b573-71f8-4ea4-abf9-99486384f03f, command=[]} | ret=SUCCESS |  
2019-09-04 07:21:08,929 | INFO  | SCMAudit | user=jenkins1000 | ip=192.168.34.9 | op=SEND_HEARTBEAT {datanodeUUID=98937b65-337d-44f5-addc-6b2caf521cd7, command=[]} | ret=SUCCESS |  
2019-09-04 07:21:08,929 | INFO  | SCMAudit | user=jenkins1000 | ip=192.168.34.9 | op=SEND_HEARTBEAT {datanodeUUID=86a5a05f-5180-4464-ac5c-93670ce4c4ec, command=[]} | ret=SUCCESS |  
2019-09-04 07:21:08,942 | INFO  | DNAudit | user=null | ip=null | op=WRITE_CHUNK {blockData=conID: 2 locID: 102733032243789845 bcsId: 0} | ret=SUCCESS |  
2019-09-04 07:21:08,952 [grpc-default-executor-11] INFO  client.GrpcClientProtocolClient (GrpcClientProtocolClient.java:onNext(255)) - client-798B3AD95A93->7a11b573-71f8-4ea4-abf9-99486384f03f: receive RaftClientReply:client-798B3AD95A93->7a11b573-71f8-4ea4-abf9-99486384f03f@group-4EFBC48085DE, cid=245, SUCCESS, logIndex=17, commits[7a11b573-71f8-4ea4-abf9-99486384f03f:c17, 98937b65-337d-44f5-addc-6b2caf521cd7:c16, 86a5a05f-5180-4464-ac5c-93670ce4c4ec:c16]
2019-09-04 07:21:08,957 | INFO  | DNAudit | user=null | ip=null | op=WRITE_CHUNK {blockData=conID: 2 locID: 102733032243789845 bcsId: 0} | ret=SUCCESS |  
2019-09-04 07:21:08,957 | INFO  | DNAudit | user=null | ip=null | op=WRITE_CHUNK {blockData=conID: 2 locID: 102733032243789845 bcsId: 0} | ret=SUCCESS |  
2019-09-04 07:21:08,959 | INFO  | DNAudit | user=null | ip=null | op=WRITE_CHUNK {blockData=conID: 2 locID: 102733032243789845 bcsId: 0} | ret=SUCCESS |  
2019-09-04 07:21:08,960 | INFO  | DNAudit | user=null | ip=null | op=WRITE_CHUNK {blockData=conID: 2 locID: 102733032243789845 bcsId: 0} | ret=SUCCESS |  
2019-09-04 07:21:08,960 | INFO  | DNAudit | user=null | ip=null | op=WRITE_CHUNK {blockData=conID: 2 locID: 102733032243789845 bcsId: 0} | ret=SUCCESS |  
2019-09-04 07:21:08,961 | INFO  | DNAudit | user=null | ip=null | op=WRITE_CHUNK {blockData=conID: 2 locID: 102733032243789845 bcsId: 0} | ret=SUCCESS |  
2019-09-04 07:21:08,961 | INFO  | DNAudit | user=null | ip=null | op=WRITE_CHUNK {blockData=conID: 2 locID: 102733032243789845 bcsId: 0} | ret=SUCCESS |  
2019-09-04 07:21:08,961 | INFO  | DNAudit | user=null | ip=null | op=WRITE_CHUNK {blockData=conID: 2 locID: 102733032243789845 bcsId: 0} | ret=SUCCESS |  
2019-09-04 07:21:08,962 | INFO  | DNAudit | user=null | ip=null | op=WRITE_CHUNK {blockData=conID: 2 locID: 102733032243789845 bcsId: 0} | ret=SUCCESS |  
2019-09-04 07:21:08,962 | INFO  | DNAudit | user=null | ip=null | op=WRITE_CHUNK {blockData=conID: 2 locID: 102733032243789845 bcsId: 0} | ret=SUCCESS |  
2019-09-04 07:21:08,962 | INFO  | DNAudit | user=null | ip=null | op=WRITE_CHUNK {blockData=conID: 2 locID: 102733032243789845 bcsId: 0} | ret=SUCCESS |  
2019-09-04 07:21:08,971 | INFO  | DNAudit | user=null | ip=null | op=WRITE_CHUNK {blockData=conID: 2 locID: 102733032243789845 bcsId: 0} | ret=SUCCESS |  
2019-09-04 07:21:08,972 [grpc-default-executor-13] INFO  client.GrpcClientProtocolClient (GrpcClientProtocolClient.java:onNext(255)) - client-798B3AD95A93->7a11b573-71f8-4ea4-abf9-99486384f03f: receive RaftClientReply:client-798B3AD95A93->7a11b573-71f8-4ea4-abf9-99486384f03f@group-4EFBC48085DE, cid=246, SUCCESS, logIndex=19, commits[7a11b573-71f8-4ea4-abf9-99486384f03f:c20, 98937b65-337d-44f5-addc-6b2caf521cd7:c18, 86a5a05f-5180-4464-ac5c-93670ce4c4ec:c18]
2019-09-04 07:21:09,025 | INFO  | DNAudit | user=null | ip=null | op=PUT_BLOCK {blockData=[blockId=conID: 2 locID: 102733032243789845 bcsId: 0,size=200]} | ret=SUCCESS |  
2019-09-04 07:21:09,030 | INFO  | DNAudit | user=null | ip=null | op=WRITE_CHUNK {blockData=conID: 2 locID: 102733032243789845 bcsId: 0} | ret=SUCCESS |  
2019-09-04 07:21:09,031 | INFO  | DNAudit | user=null | ip=null | op=WRITE_CHUNK {blockData=conID: 2 locID: 102733032243789845 bcsId: 0} | ret=SUCCESS |  
2019-09-04 07:21:09,031 [grpc-default-executor-13] INFO  client.GrpcClientProtocolClient (GrpcClientProtocolClient.java:onNext(255)) - client-798B3AD95A93->7a11b573-71f8-4ea4-abf9-99486384f03f: receive RaftClientReply:client-798B3AD95A93->7a11b573-71f8-4ea4-abf9-99486384f03f@group-4EFBC48085DE, cid=247, SUCCESS, logIndex=20, commits[7a11b573-71f8-4ea4-abf9-99486384f03f:c28, 98937b65-337d-44f5-addc-6b2caf521cd7:c18, 86a5a05f-5180-4464-ac5c-93670ce4c4ec:c18]
2019-09-04 07:21:09,032 | INFO  | DNAudit | user=null | ip=null | op=PUT_BLOCK {blockData=[blockId=conID: 2 locID: 102733032243789845 bcsId: 0,size=400]} | ret=SUCCESS |  
2019-09-04 07:21:09,032 [grpc-default-executor-13] INFO  client.GrpcClientProtocolClient (GrpcClientProtocolClient.java:onNext(255)) - client-798B3AD95A93->7a11b573-71f8-4ea4-abf9-99486384f03f: receive RaftClientReply:client-798B3AD95A93->7a11b573-71f8-4ea4-abf9-99486384f03f@group-4EFBC48085DE, cid=248, SUCCESS, logIndex=21, commits[7a11b573-71f8-4ea4-abf9-99486384f03f:c28, 98937b65-337d-44f5-addc-6b2caf521cd7:c18, 86a5a05f-5180-4464-ac5c-93670ce4c4ec:c18]
2019-09-04 07:21:09,032 [grpc-default-executor-13] INFO  client.GrpcClientProtocolClient (GrpcClientProtocolClient.java:onNext(255)) - client-798B3AD95A93->7a11b573-71f8-4ea4-abf9-99486384f03f: receive RaftClientReply:client-798B3AD95A93->7a11b573-71f8-4ea4-abf9-99486384f03f@group-4EFBC48085DE, cid=249, SUCCESS, logIndex=22, commits[7a11b573-71f8-4ea4-abf9-99486384f03f:c28, 98937b65-337d-44f5-addc-6b2caf521cd7:c18, 86a5a05f-5180-4464-ac5c-93670ce4c4ec:c18]
2019-09-04 07:21:09,033 [grpc-default-executor-13] INFO  client.GrpcClientProtocolClient (GrpcClientProtocolClient.java:onNext(255)) - client-798B3AD95A93->7a11b573-71f8-4ea4-abf9-99486384f03f: receive RaftClientReply:client-798B3AD95A93->7a11b573-71f8-4ea4-abf9-99486384f03f@group-4EFBC48085DE, cid=250, SUCCESS, logIndex=23, commits[7a11b573-71f8-4ea4-abf9-99486384f03f:c28, 98937b65-337d-44f5-addc-6b2caf521cd7:c18, 86a5a05f-5180-4464-ac5c-93670ce4c4ec:c18]
2019-09-04 07:21:09,247 | INFO  | SCMAudit | user=jenkins1000 | ip=192.168.34.9 | op=SEND_HEARTBEAT {datanodeUUID=6f223d4e-d516-4842-990f-c73eba4c9f9f, command=[]} | ret=SUCCESS |  
2019-09-04 07:21:09,456 | INFO  | SCMAudit | user=jenkins1000 | ip=192.168.34.9 | op=SEND_HEARTBEAT {datanodeUUID=c405a447-8661-4695-872e-62a6e38cc662, command=[]} | ret=SUCCESS |  
2019-09-04 07:21:09,665 | INFO  | SCMAudit | user=jenkins1000 | ip=192.168.34.9 | op=SEND_HEARTBEAT {datanodeUUID=e5b5410c-7343-40b8-bab2-826c65acf05b, command=[]} | ret=SUCCESS |  
2019-09-04 07:21:09,714 | INFO  | SCMAudit | user=jenkins1000 | ip=192.168.34.9 | op=SEND_HEARTBEAT {datanodeUUID=06c36665-71bf-45ab-8d97-17e8e1570553, command=[]} | ret=SUCCESS |  
2019-09-04 07:21:09,929 | INFO  | SCMAudit | user=jenkins1000 | ip=192.168.34.9 | op=SEND_HEARTBEAT {datanodeUUID=98937b65-337d-44f5-addc-6b2caf521cd7, command=[]} | ret=SUCCESS |  
2019-09-04 07:21:09,929 | INFO  | SCMAudit | user=jenkins1000 | ip=192.168.34.9 | op=SEND_HEARTBEAT {datanodeUUID=7a11b573-71f8-4ea4-abf9-99486384f03f, command=[]} | ret=SUCCESS |  
2019-09-04 07:21:09,929 | INFO  | SCMAudit | user=jenkins1000 | ip=192.168.34.9 | op=SEND_HEARTBEAT {datanodeUUID=86a5a05f-5180-4464-ac5c-93670ce4c4ec, command=[]} | ret=SUCCESS |  
2019-09-04 07:21:10,034 [main] WARN  scm.XceiverClientRatis (XceiverClientRatis.java:watchForCommit(262)) - 3 way commit failed on pipeline Pipeline[ Id: 63d9695f-8aae-42db-b525-4efbc48085de, Nodes: 7a11b573-71f8-4ea4-abf9-99486384f03f{ip: 192.168.34.9, host: pr-hdds-1569-tfczc-1762686928, networkLocation: /default-rack, certSerialId: null}98937b65-337d-44f5-addc-6b2caf521cd7{ip: 192.168.34.9, host: pr-hdds-1569-tfczc-1762686928, networkLocation: /default-rack, certSerialId: null}86a5a05f-5180-4464-ac5c-93670ce4c4ec{ip: 192.168.34.9, host: pr-hdds-1569-tfczc-1762686928, networkLocation: /default-rack, certSerialId: null}, Type:RATIS, Factor:THREE, State:OPEN]
java.util.concurrent.TimeoutException
	at java.util.concurrent.CompletableFuture.timedGet(CompletableFuture.java:1771)
	at java.util.concurrent.CompletableFuture.get(CompletableFuture.java:1915)
	at org.apache.hadoop.hdds.scm.XceiverClientRatis.watchForCommit(XceiverClientRatis.java:259)
	at org.apache.hadoop.hdds.scm.storage.CommitWatcher.watchForCommit(CommitWatcher.java:194)
	at org.apache.hadoop.hdds.scm.storage.CommitWatcher.watchOnFirstIndex(CommitWatcher.java:135)
	at org.apache.hadoop.hdds.scm.storage.BlockOutputStream.watchForCommit(BlockOutputStream.java:347)
	at org.apache.hadoop.hdds.scm.storage.BlockOutputStream.handleFullBuffer(BlockOutputStream.java:324)
	at org.apache.hadoop.hdds.scm.storage.BlockOutputStream.write(BlockOutputStream.java:251)
	at org.apache.hadoop.ozone.client.io.BlockOutputStreamEntry.write(BlockOutputStreamEntry.java:129)
	at org.apache.hadoop.ozone.client.io.KeyOutputStream.handleWrite(KeyOutputStream.java:211)
	at org.apache.hadoop.ozone.client.io.KeyOutputStream.write(KeyOutputStream.java:193)
	at org.apache.hadoop.ozone.client.io.OzoneOutputStream.write(OzoneOutputStream.java:49)
	at java.io.OutputStream.write(OutputStream.java:75)
	at org.apache.hadoop.ozone.client.rpc.TestBlockOutputStreamWithFailures.testWatchForCommitWithCloseContainerException(TestBlockOutputStreamWithFailures.java:227)
	at sun.reflect.NativeMethodAccessorImpl.invoke0(Native Method)
	at sun.reflect.NativeMethodAccessorImpl.invoke(NativeMethodAccessorImpl.java:62)
	at sun.reflect.DelegatingMethodAccessorImpl.invoke(DelegatingMethodAccessorImpl.java:43)
	at java.lang.reflect.Method.invoke(Method.java:498)
	at org.junit.runners.model.FrameworkMethod$1.runReflectiveCall(FrameworkMethod.java:47)
	at org.junit.internal.runners.model.ReflectiveCallable.run(ReflectiveCallable.java:12)
	at org.junit.runners.model.FrameworkMethod.invokeExplosively(FrameworkMethod.java:44)
	at org.junit.internal.runners.statements.InvokeMethod.evaluate(InvokeMethod.java:17)
	at org.junit.internal.runners.statements.RunBefores.evaluate(RunBefores.java:26)
	at org.junit.internal.runners.statements.RunAfters.evaluate(RunAfters.java:27)
	at org.junit.runners.ParentRunner.runLeaf(ParentRunner.java:271)
	at org.junit.runners.BlockJUnit4ClassRunner.runChild(BlockJUnit4ClassRunner.java:70)
	at org.junit.runners.BlockJUnit4ClassRunner.runChild(BlockJUnit4ClassRunner.java:50)
	at org.junit.runners.ParentRunner$3.run(ParentRunner.java:238)
	at org.junit.runners.ParentRunner$1.schedule(ParentRunner.java:63)
	at org.junit.runners.ParentRunner.runChildren(ParentRunner.java:236)
	at org.junit.runners.ParentRunner.access$000(ParentRunner.java:53)
	at org.junit.runners.ParentRunner$2.evaluate(ParentRunner.java:229)
	at org.junit.runners.ParentRunner.run(ParentRunner.java:309)
	at org.apache.maven.surefire.junit4.JUnit4Provider.execute(JUnit4Provider.java:365)
	at org.apache.maven.surefire.junit4.JUnit4Provider.executeWithRerun(JUnit4Provider.java:273)
	at org.apache.maven.surefire.junit4.JUnit4Provider.executeTestSet(JUnit4Provider.java:238)
	at org.apache.maven.surefire.junit4.JUnit4Provider.invoke(JUnit4Provider.java:159)
	at org.apache.maven.surefire.booter.ForkedBooter.invokeProviderInSameClassLoader(ForkedBooter.java:384)
	at org.apache.maven.surefire.booter.ForkedBooter.runSuitesInProcess(ForkedBooter.java:345)
	at org.apache.maven.surefire.booter.ForkedBooter.execute(ForkedBooter.java:126)
	at org.apache.maven.surefire.booter.ForkedBooter.main(ForkedBooter.java:418)
2019-09-04 07:21:10,246 | INFO  | SCMAudit | user=jenkins1000 | ip=192.168.34.9 | op=SEND_HEARTBEAT {datanodeUUID=6f223d4e-d516-4842-990f-c73eba4c9f9f, command=[]} | ret=SUCCESS |  
2019-09-04 07:21:10,455 | INFO  | SCMAudit | user=jenkins1000 | ip=192.168.34.9 | op=SEND_HEARTBEAT {datanodeUUID=c405a447-8661-4695-872e-62a6e38cc662, command=[]} | ret=SUCCESS |  
2019-09-04 07:21:10,664 | INFO  | SCMAudit | user=jenkins1000 | ip=192.168.34.9 | op=SEND_HEARTBEAT {datanodeUUID=e5b5410c-7343-40b8-bab2-826c65acf05b, command=[]} | ret=SUCCESS |  
2019-09-04 07:21:10,714 | INFO  | SCMAudit | user=jenkins1000 | ip=192.168.34.9 | op=SEND_HEARTBEAT {datanodeUUID=06c36665-71bf-45ab-8d97-17e8e1570553, command=[]} | ret=SUCCESS |  
2019-09-04 07:21:10,928 | INFO  | SCMAudit | user=jenkins1000 | ip=192.168.34.9 | op=SEND_HEARTBEAT {datanodeUUID=7a11b573-71f8-4ea4-abf9-99486384f03f, command=[]} | ret=SUCCESS |  
2019-09-04 07:21:10,929 | INFO  | SCMAudit | user=jenkins1000 | ip=192.168.34.9 | op=SEND_HEARTBEAT {datanodeUUID=86a5a05f-5180-4464-ac5c-93670ce4c4ec, command=[]} | ret=SUCCESS |  
2019-09-04 07:21:10,929 | INFO  | SCMAudit | user=jenkins1000 | ip=192.168.34.9 | op=SEND_HEARTBEAT {datanodeUUID=98937b65-337d-44f5-addc-6b2caf521cd7, command=[]} | ret=SUCCESS |  
2019-09-04 07:21:11,037 [main] WARN  storage.CommitWatcher (CommitWatcher.java:watchForCommit(203)) - watchForCommit failed for index 20
java.util.concurrent.TimeoutException
	at java.util.concurrent.CompletableFuture.timedGet(CompletableFuture.java:1771)
	at java.util.concurrent.CompletableFuture.get(CompletableFuture.java:1915)
	at org.apache.hadoop.hdds.scm.XceiverClientRatis.watchForCommit(XceiverClientRatis.java:268)
	at org.apache.hadoop.hdds.scm.storage.CommitWatcher.watchForCommit(CommitWatcher.java:194)
	at org.apache.hadoop.hdds.scm.storage.CommitWatcher.watchOnFirstIndex(CommitWatcher.java:135)
	at org.apache.hadoop.hdds.scm.storage.BlockOutputStream.watchForCommit(BlockOutputStream.java:347)
	at org.apache.hadoop.hdds.scm.storage.BlockOutputStream.handleFullBuffer(BlockOutputStream.java:324)
	at org.apache.hadoop.hdds.scm.storage.BlockOutputStream.write(BlockOutputStream.java:251)
	at org.apache.hadoop.ozone.client.io.BlockOutputStreamEntry.write(BlockOutputStreamEntry.java:129)
	at org.apache.hadoop.ozone.client.io.KeyOutputStream.handleWrite(KeyOutputStream.java:211)
	at org.apache.hadoop.ozone.client.io.KeyOutputStream.write(KeyOutputStream.java:193)
	at org.apache.hadoop.ozone.client.io.OzoneOutputStream.write(OzoneOutputStream.java:49)
	at java.io.OutputStream.write(OutputStream.java:75)
	at org.apache.hadoop.ozone.client.rpc.TestBlockOutputStreamWithFailures.testWatchForCommitWithCloseContainerException(TestBlockOutputStreamWithFailures.java:227)
	at sun.reflect.NativeMethodAccessorImpl.invoke0(Native Method)
	at sun.reflect.NativeMethodAccessorImpl.invoke(NativeMethodAccessorImpl.java:62)
	at sun.reflect.DelegatingMethodAccessorImpl.invoke(DelegatingMethodAccessorImpl.java:43)
	at java.lang.reflect.Method.invoke(Method.java:498)
	at org.junit.runners.model.FrameworkMethod$1.runReflectiveCall(FrameworkMethod.java:47)
	at org.junit.internal.runners.model.ReflectiveCallable.run(ReflectiveCallable.java:12)
	at org.junit.runners.model.FrameworkMethod.invokeExplosively(FrameworkMethod.java:44)
	at org.junit.internal.runners.statements.InvokeMethod.evaluate(InvokeMethod.java:17)
	at org.junit.internal.runners.statements.RunBefores.evaluate(RunBefores.java:26)
	at org.junit.internal.runners.statements.RunAfters.evaluate(RunAfters.java:27)
	at org.junit.runners.ParentRunner.runLeaf(ParentRunner.java:271)
	at org.junit.runners.BlockJUnit4ClassRunner.runChild(BlockJUnit4ClassRunner.java:70)
	at org.junit.runners.BlockJUnit4ClassRunner.runChild(BlockJUnit4ClassRunner.java:50)
	at org.junit.runners.ParentRunner$3.run(ParentRunner.java:238)
	at org.junit.runners.ParentRunner$1.schedule(ParentRunner.java:63)
	at org.junit.runners.ParentRunner.runChildren(ParentRunner.java:236)
	at org.junit.runners.ParentRunner.access$000(ParentRunner.java:53)
	at org.junit.runners.ParentRunner$2.evaluate(ParentRunner.java:229)
	at org.junit.runners.ParentRunner.run(ParentRunner.java:309)
	at org.apache.maven.surefire.junit4.JUnit4Provider.execute(JUnit4Provider.java:365)
	at org.apache.maven.surefire.junit4.JUnit4Provider.executeWithRerun(JUnit4Provider.java:273)
	at org.apache.maven.surefire.junit4.JUnit4Provider.executeTestSet(JUnit4Provider.java:238)
	at org.apache.maven.surefire.junit4.JUnit4Provider.invoke(JUnit4Provider.java:159)
	at org.apache.maven.surefire.booter.ForkedBooter.invokeProviderInSameClassLoader(ForkedBooter.java:384)
	at org.apache.maven.surefire.booter.ForkedBooter.runSuitesInProcess(ForkedBooter.java:345)
	at org.apache.maven.surefire.booter.ForkedBooter.execute(ForkedBooter.java:126)
	at org.apache.maven.surefire.booter.ForkedBooter.main(ForkedBooter.java:418)
2019-09-04 07:21:11,038 [main] WARN  io.KeyOutputStream (KeyOutputStream.java:handleException(276)) - Encountered exception java.io.IOException: Unexpected Storage Container Exception: java.io.IOException: Unexpected Storage Container Exception: java.util.concurrent.TimeoutException on the pipeline Pipeline[ Id: 63d9695f-8aae-42db-b525-4efbc48085de, Nodes: 7a11b573-71f8-4ea4-abf9-99486384f03f{ip: 192.168.34.9, host: pr-hdds-1569-tfczc-1762686928, networkLocation: /default-rack, certSerialId: null}98937b65-337d-44f5-addc-6b2caf521cd7{ip: 192.168.34.9, host: pr-hdds-1569-tfczc-1762686928, networkLocation: /default-rack, certSerialId: null}86a5a05f-5180-4464-ac5c-93670ce4c4ec{ip: 192.168.34.9, host: pr-hdds-1569-tfczc-1762686928, networkLocation: /default-rack, certSerialId: null}, Type:RATIS, Factor:THREE, State:OPEN]. The last committed block length is 0, uncommitted data length is 400 retry count 0
2019-09-04 07:21:11,045 | INFO  | SCMAudit | user=jenkins1000 | ip=192.168.34.9 | op=ALLOCATE_BLOCK {owner=1a243962-3aca-4867-83b4-73742376d651, size=800, type=RATIS, factor=THREE} | ret=SUCCESS |  
2019-09-04 07:21:11,049 | INFO  | OMAudit | user=jenkins1000 | ip=127.0.0.1 | op=ALLOCATE_BLOCK {volume=testblockoutputstream, bucket=testblockoutputstream, key=601b1194-9b7f-4d7c-9ff5-adc1232cafa5, dataSize=0, replicationType=null, replicationFactor=null, keyLocationInfo=null, clientID=102733031392215059} | ret=SUCCESS |  
2019-09-04 07:21:11,058 [grpc-default-executor-13] INFO  client.GrpcClientProtocolClient (GrpcClientProtocolClient.java:onNext(255)) - client-44C6FBA263C0->c405a447-8661-4695-872e-62a6e38cc662: receive RaftClientReply:client-44C6FBA263C0->c405a447-8661-4695-872e-62a6e38cc662@group-1EF8FEBFFAA9, cid=253, FAILED org.apache.ratis.protocol.NotLeaderException: Server c405a447-8661-4695-872e-62a6e38cc662 is not the leader (e5b5410c-7343-40b8-bab2-826c65acf05b:192.168.34.9:41099). Request must be sent to leader., logIndex=0, commits[c405a447-8661-4695-872e-62a6e38cc662:c0, e5b5410c-7343-40b8-bab2-826c65acf05b:c0, 6f223d4e-d516-4842-990f-c73eba4c9f9f:c0]
2019-09-04 07:21:11,204 | INFO  | DNAudit | user=null | ip=null | op=WRITE_CHUNK {blockData=conID: 3 locID: 102733032393605142 bcsId: 0} | ret=SUCCESS |  
2019-09-04 07:21:11,204 | INFO  | DNAudit | user=null | ip=null | op=WRITE_CHUNK {blockData=conID: 3 locID: 102733032393605142 bcsId: 0} | ret=SUCCESS |  
2019-09-04 07:21:11,204 | INFO  | DNAudit | user=null | ip=null | op=WRITE_CHUNK {blockData=conID: 3 locID: 102733032393605142 bcsId: 0} | ret=SUCCESS |  
2019-09-04 07:21:11,204 | INFO  | SCMAudit | user=jenkins1000 | ip=192.168.34.9 | op=SEND_HEARTBEAT {datanodeUUID=e5b5410c-7343-40b8-bab2-826c65acf05b, command=[]} | ret=SUCCESS |  
2019-09-04 07:21:11,204 | INFO  | SCMAudit | user=jenkins1000 | ip=192.168.34.9 | op=SEND_HEARTBEAT {datanodeUUID=6f223d4e-d516-4842-990f-c73eba4c9f9f, command=[]} | ret=SUCCESS |  
2019-09-04 07:21:11,204 | INFO  | SCMAudit | user=jenkins1000 | ip=192.168.34.9 | op=SEND_HEARTBEAT {datanodeUUID=c405a447-8661-4695-872e-62a6e38cc662, command=[]} | ret=SUCCESS |  
2019-09-04 07:21:11,218 | INFO  | DNAudit | user=null | ip=null | op=WRITE_CHUNK {blockData=conID: 3 locID: 102733032393605142 bcsId: 0} | ret=SUCCESS |  
2019-09-04 07:21:11,221 [grpc-default-executor-11] INFO  client.GrpcClientProtocolClient (GrpcClientProtocolClient.java:onNext(255)) - client-44C6FBA263C0->e5b5410c-7343-40b8-bab2-826c65acf05b: receive RaftClientReply:client-44C6FBA263C0->e5b5410c-7343-40b8-bab2-826c65acf05b@group-1EF8FEBFFAA9, cid=253, SUCCESS, logIndex=1, commits[e5b5410c-7343-40b8-bab2-826c65acf05b:c1, c405a447-8661-4695-872e-62a6e38cc662:c0, 6f223d4e-d516-4842-990f-c73eba4c9f9f:c0]
2019-09-04 07:21:11,223 | INFO  | DNAudit | user=null | ip=null | op=WRITE_CHUNK {blockData=conID: 3 locID: 102733032393605142 bcsId: 0} | ret=SUCCESS |  
2019-09-04 07:21:11,226 | INFO  | DNAudit | user=null | ip=null | op=WRITE_CHUNK {blockData=conID: 3 locID: 102733032393605142 bcsId: 0} | ret=SUCCESS |  
2019-09-04 07:21:11,226 | INFO  | DNAudit | user=null | ip=null | op=WRITE_CHUNK {blockData=conID: 3 locID: 102733032393605142 bcsId: 0} | ret=SUCCESS |  
2019-09-04 07:21:11,226 | INFO  | DNAudit | user=null | ip=null | op=WRITE_CHUNK {blockData=conID: 3 locID: 102733032393605142 bcsId: 0} | ret=SUCCESS |  
2019-09-04 07:21:11,229 | INFO  | DNAudit | user=null | ip=null | op=WRITE_CHUNK {blockData=conID: 3 locID: 102733032393605142 bcsId: 0} | ret=SUCCESS |  
2019-09-04 07:21:11,229 | INFO  | DNAudit | user=null | ip=null | op=WRITE_CHUNK {blockData=conID: 3 locID: 102733032393605142 bcsId: 0} | ret=SUCCESS |  
2019-09-04 07:21:11,230 | INFO  | DNAudit | user=null | ip=null | op=WRITE_CHUNK {blockData=conID: 3 locID: 102733032393605142 bcsId: 0} | ret=SUCCESS |  
2019-09-04 07:21:11,230 | INFO  | DNAudit | user=null | ip=null | op=WRITE_CHUNK {blockData=conID: 3 locID: 102733032393605142 bcsId: 0} | ret=SUCCESS |  
2019-09-04 07:21:11,230 | INFO  | DNAudit | user=null | ip=null | op=WRITE_CHUNK {blockData=conID: 3 locID: 102733032393605142 bcsId: 0} | ret=SUCCESS |  
2019-09-04 07:21:11,230 | INFO  | DNAudit | user=null | ip=null | op=WRITE_CHUNK {blockData=conID: 3 locID: 102733032393605142 bcsId: 0} | ret=SUCCESS |  
2019-09-04 07:21:11,230 | INFO  | DNAudit | user=null | ip=null | op=WRITE_CHUNK {blockData=conID: 3 locID: 102733032393605142 bcsId: 0} | ret=SUCCESS |  
2019-09-04 07:21:11,241 | INFO  | DNAudit | user=null | ip=null | op=WRITE_CHUNK {blockData=conID: 3 locID: 102733032393605142 bcsId: 0} | ret=SUCCESS |  
2019-09-04 07:21:11,245 | INFO  | DNAudit | user=null | ip=null | op=WRITE_CHUNK {blockData=conID: 3 locID: 102733032393605142 bcsId: 0} | ret=SUCCESS |  
2019-09-04 07:21:11,245 [grpc-default-executor-12] INFO  client.GrpcClientProtocolClient (GrpcClientProtocolClient.java:onNext(255)) - client-44C6FBA263C0->e5b5410c-7343-40b8-bab2-826c65acf05b: receive RaftClientReply:client-44C6FBA263C0->e5b5410c-7343-40b8-bab2-826c65acf05b@group-1EF8FEBFFAA9, cid=254, SUCCESS, logIndex=3, commits[e5b5410c-7343-40b8-bab2-826c65acf05b:c5, c405a447-8661-4695-872e-62a6e38cc662:c1, 6f223d4e-d516-4842-990f-c73eba4c9f9f:c1]
2019-09-04 07:21:11,255 | INFO  | DNAudit | user=null | ip=null | op=WRITE_CHUNK {blockData=conID: 3 locID: 102733032393605142 bcsId: 0} | ret=SUCCESS |  
2019-09-04 07:21:11,268 | INFO  | DNAudit | user=null | ip=null | op=PUT_BLOCK {blockData=[blockId=conID: 3 locID: 102733032393605142 bcsId: 0,size=200]} | ret=SUCCESS |  
2019-09-04 07:21:11,268 | INFO  | DNAudit | user=null | ip=null | op=WRITE_CHUNK {blockData=conID: 3 locID: 102733032393605142 bcsId: 0} | ret=SUCCESS |  
2019-09-04 07:21:11,269 | INFO  | DNAudit | user=null | ip=null | op=WRITE_CHUNK {blockData=conID: 3 locID: 102733032393605142 bcsId: 0} | ret=SUCCESS |  
2019-09-04 07:21:11,269 [grpc-default-executor-12] INFO  client.GrpcClientProtocolClient (GrpcClientProtocolClient.java:onNext(255)) - client-44C6FBA263C0->e5b5410c-7343-40b8-bab2-826c65acf05b: receive RaftClientReply:client-44C6FBA263C0->e5b5410c-7343-40b8-bab2-826c65acf05b@group-1EF8FEBFFAA9, cid=255, SUCCESS, logIndex=4, commits[e5b5410c-7343-40b8-bab2-826c65acf05b:c11, c405a447-8661-4695-872e-62a6e38cc662:c7, 6f223d4e-d516-4842-990f-c73eba4c9f9f:c7]
2019-09-04 07:21:11,270 [grpc-default-executor-12] INFO  client.GrpcClientProtocolClient (GrpcClientProtocolClient.java:onNext(255)) - client-44C6FBA263C0->e5b5410c-7343-40b8-bab2-826c65acf05b: receive RaftClientReply:client-44C6FBA263C0->e5b5410c-7343-40b8-bab2-826c65acf05b@group-1EF8FEBFFAA9, cid=256, SUCCESS, logIndex=5, commits[e5b5410c-7343-40b8-bab2-826c65acf05b:c11, c405a447-8661-4695-872e-62a6e38cc662:c7, 6f223d4e-d516-4842-990f-c73eba4c9f9f:c7]
2019-09-04 07:21:11,270 [grpc-default-executor-12] INFO  client.GrpcClientProtocolClient (GrpcClientProtocolClient.java:onNext(255)) - client-44C6FBA263C0->e5b5410c-7343-40b8-bab2-826c65acf05b: receive RaftClientReply:client-44C6FBA263C0->e5b5410c-7343-40b8-bab2-826c65acf05b@group-1EF8FEBFFAA9, cid=257, SUCCESS, logIndex=6, commits[e5b5410c-7343-40b8-bab2-826c65acf05b:c11, c405a447-8661-4695-872e-62a6e38cc662:c7, 6f223d4e-d516-4842-990f-c73eba4c9f9f:c7]
2019-09-04 07:21:11,308 | INFO  | DNAudit | user=null | ip=null | op=PUT_BLOCK {blockData=[blockId=conID: 3 locID: 102733032393605142 bcsId: 0,size=200]} | ret=SUCCESS |  
2019-09-04 07:21:11,309 | INFO  | DNAudit | user=null | ip=null | op=WRITE_CHUNK {blockData=conID: 3 locID: 102733032393605142 bcsId: 0} | ret=SUCCESS |  
2019-09-04 07:21:11,309 | INFO  | DNAudit | user=null | ip=null | op=WRITE_CHUNK {blockData=conID: 3 locID: 102733032393605142 bcsId: 0} | ret=SUCCESS |  
2019-09-04 07:21:11,330 | INFO  | DNAudit | user=null | ip=null | op=PUT_BLOCK {blockData=[blockId=conID: 3 locID: 102733032393605142 bcsId: 0,size=400]} | ret=SUCCESS |  
2019-09-04 07:21:11,330 | INFO  | DNAudit | user=null | ip=null | op=PUT_BLOCK {blockData=[blockId=conID: 3 locID: 102733032393605142 bcsId: 0,size=400]} | ret=SUCCESS |  
2019-09-04 07:21:11,330 | INFO  | DNAudit | user=null | ip=null | op=PUT_BLOCK {blockData=[blockId=conID: 3 locID: 102733032393605142 bcsId: 0,size=200]} | ret=SUCCESS |  
2019-09-04 07:21:11,331 | INFO  | DNAudit | user=null | ip=null | op=WRITE_CHUNK {blockData=conID: 3 locID: 102733032393605142 bcsId: 0} | ret=SUCCESS |  
2019-09-04 07:21:11,331 | INFO  | DNAudit | user=null | ip=null | op=WRITE_CHUNK {blockData=conID: 3 locID: 102733032393605142 bcsId: 0} | ret=SUCCESS |  
2019-09-04 07:21:11,331 [grpc-default-executor-12] INFO  client.GrpcClientProtocolClient (GrpcClientProtocolClient.java:onNext(255)) - client-44C6FBA263C0->e5b5410c-7343-40b8-bab2-826c65acf05b: receive RaftClientReply:client-44C6FBA263C0->e5b5410c-7343-40b8-bab2-826c65acf05b@group-1EF8FEBFFAA9, cid=258, SUCCESS, logIndex=7, commits[e5b5410c-7343-40b8-bab2-826c65acf05b:c11, c405a447-8661-4695-872e-62a6e38cc662:c7, 6f223d4e-d516-4842-990f-c73eba4c9f9f:c7]
2019-09-04 07:21:11,332 | INFO  | DNAudit | user=null | ip=null | op=PUT_BLOCK {blockData=[blockId=conID: 3 locID: 102733032393605142 bcsId: 0,size=400]} | ret=SUCCESS |  
2019-09-04 07:21:11,334 | INFO  | DNAudit | user=null | ip=null | op=WRITE_CHUNK {blockData=conID: 3 locID: 102733032393605142 bcsId: 7} | ret=SUCCESS |  
2019-09-04 07:21:11,335 | INFO  | DNAudit | user=null | ip=null | op=WRITE_CHUNK {blockData=conID: 3 locID: 102733032393605142 bcsId: 7} | ret=SUCCESS |  
2019-09-04 07:21:11,335 | INFO  | DNAudit | user=null | ip=null | op=WRITE_CHUNK {blockData=conID: 3 locID: 102733032393605142 bcsId: 7} | ret=SUCCESS |  
2019-09-04 07:21:11,338 | INFO  | DNAudit | user=null | ip=null | op=WRITE_CHUNK {blockData=conID: 3 locID: 102733032393605142 bcsId: 7} | ret=SUCCESS |  
2019-09-04 07:21:11,338 | INFO  | DNAudit | user=null | ip=null | op=PUT_BLOCK {blockData=[blockId=conID: 3 locID: 102733032393605142 bcsId: 0,size=450]} | ret=SUCCESS |  
2019-09-04 07:21:11,339 [grpc-default-executor-13] INFO  client.GrpcClientProtocolClient (GrpcClientProtocolClient.java:onNext(255)) - client-44C6FBA263C0->e5b5410c-7343-40b8-bab2-826c65acf05b: receive RaftClientReply:client-44C6FBA263C0->e5b5410c-7343-40b8-bab2-826c65acf05b@group-1EF8FEBFFAA9, cid=259, SUCCESS, logIndex=12, commits[e5b5410c-7343-40b8-bab2-826c65acf05b:c13, c405a447-8661-4695-872e-62a6e38cc662:c11, 6f223d4e-d516-4842-990f-c73eba4c9f9f:c11]
2019-09-04 07:21:11,339 [grpc-default-executor-13] INFO  client.GrpcClientProtocolClient (GrpcClientProtocolClient.java:onNext(255)) - client-44C6FBA263C0->e5b5410c-7343-40b8-bab2-826c65acf05b: receive RaftClientReply:client-44C6FBA263C0->e5b5410c-7343-40b8-bab2-826c65acf05b@group-1EF8FEBFFAA9, cid=260, SUCCESS, logIndex=13, commits[e5b5410c-7343-40b8-bab2-826c65acf05b:c13, c405a447-8661-4695-872e-62a6e38cc662:c11, 6f223d4e-d516-4842-990f-c73eba4c9f9f:c11]
2019-09-04 07:21:11,341 | INFO  | DNAudit | user=null | ip=null | op=WRITE_CHUNK {blockData=conID: 3 locID: 102733032393605142 bcsId: 7} | ret=SUCCESS |  
2019-09-04 07:21:11,341 | INFO  | DNAudit | user=null | ip=null | op=PUT_BLOCK {blockData=[blockId=conID: 3 locID: 102733032393605142 bcsId: 0,size=450]} | ret=SUCCESS |  
2019-09-04 07:21:11,355 | INFO  | DNAudit | user=null | ip=null | op=WRITE_CHUNK {blockData=conID: 3 locID: 102733032393605142 bcsId: 7} | ret=SUCCESS |  
2019-09-04 07:21:11,359 [grpc-default-executor-13] INFO  client.GrpcClientProtocolClient (GrpcClientProtocolClient.java:onNext(255)) - client-44C6FBA263C0->e5b5410c-7343-40b8-bab2-826c65acf05b: receive RaftClientReply:client-44C6FBA263C0->e5b5410c-7343-40b8-bab2-826c65acf05b@group-1EF8FEBFFAA9, cid=261, SUCCESS, logIndex=0, commits[e5b5410c-7343-40b8-bab2-826c65acf05b:c15, c405a447-8661-4695-872e-62a6e38cc662:c13, 6f223d4e-d516-4842-990f-c73eba4c9f9f:c13]
2019-09-04 07:21:11,359 | INFO  | DNAudit | user=null | ip=null | op=PUT_BLOCK {blockData=[blockId=conID: 3 locID: 102733032393605142 bcsId: 0,size=450]} | ret=SUCCESS |  
2019-09-04 07:21:11,359 [main] INFO  ozone.MiniOzoneClusterImpl (MiniOzoneClusterImpl.java:shutdown(321)) - Shutting down the Mini Ozone Cluster
2019-09-04 07:21:11,360 | INFO  | SCMAudit | user=null | ip=null | op=GET_SCM_INFO null | ret=SUCCESS |  
2019-09-04 07:21:11,360 [main] INFO  ozone.MiniOzoneClusterImpl (MiniOzoneClusterImpl.java:stop(336)) - Stopping the Mini Ozone Cluster
2019-09-04 07:21:11,360 [main] INFO  ozone.MiniOzoneClusterImpl (MiniOzoneClusterImpl.java:stop(338)) - Stopping the OzoneManager
2019-09-04 07:21:11,360 [main] INFO  ipc.Server (Server.java:stop(3082)) - Stopping server on 46144
2019-09-04 07:21:11,372 [IPC Server listener on 46144] INFO  ipc.Server (Server.java:run(1185)) - Stopping IPC Server listener on 46144
2019-09-04 07:21:11,373 [main] INFO  ratis.OzoneManagerDoubleBuffer (OzoneManagerDoubleBuffer.java:stop(248)) - Stopping OMDoubleBuffer flush thread
2019-09-04 07:21:11,375 [IPC Server Responder] INFO  ipc.Server (Server.java:run(1319)) - Stopping IPC Server Responder
2019-09-04 07:21:11,382 [OMDoubleBufferFlushThread] INFO  ratis.OzoneManagerDoubleBuffer (OzoneManagerDoubleBuffer.java:flushTransactions(191)) - OMDoubleBuffer flush thread OMDoubleBufferFlushThread is interrupted and will exit. OMDoubleBufferFlushThread
2019-09-04 07:21:11,383 [main] INFO  utils.BackgroundService (BackgroundService.java:shutdown(148)) - Shutting down service KeyDeletingService
2019-09-04 07:21:11,384 [main] INFO  handler.ContextHandler (ContextHandler.java:doStop(910)) - Stopped o.e.j.w.WebAppContext@70f446c{/,null,UNAVAILABLE}{/ozoneManager}
2019-09-04 07:21:11,385 [main] INFO  server.AbstractConnector (AbstractConnector.java:doStop(318)) - Stopped ServerConnector@4e2f6452{HTTP/1.1,[http/1.1]}{0.0.0.0:0}
2019-09-04 07:21:11,385 [main] INFO  handler.ContextHandler (ContextHandler.java:doStop(910)) - Stopped o.e.j.s.ServletContextHandler@1bbebf8e{/static,file:///workdir/hadoop-ozone/integration-test/target/test-classes/webapps/static,UNAVAILABLE}
2019-09-04 07:21:11,385 [main] INFO  handler.ContextHandler (ContextHandler.java:doStop(910)) - Stopped o.e.j.s.ServletContextHandler@1e31e7e0{/logs,file:///workdir/hadoop-ozone/integration-test/target/log,UNAVAILABLE}
2019-09-04 07:21:11,387 [main] INFO  ozone.MiniOzoneClusterImpl (MiniOzoneClusterImpl.java:stop(344)) - Shutting the HddsDatanodes
2019-09-04 07:21:11,388 [main] INFO  datanode.ObjectStoreHandler (ObjectStoreHandler.java:close(155)) - Closing ObjectStoreHandler.
2019-09-04 07:21:11,388 [ForkJoinPool.commonPool-worker-1] INFO  datanode.ObjectStoreHandler (ObjectStoreHandler.java:close(155)) - Closing ObjectStoreHandler.
2019-09-04 07:21:11,388 [main] INFO  ozone.HddsDatanodeService (HddsDatanodeService.java:stop(451)) - Stopped plug-in org.apache.hadoop.ozone.web.OzoneHddsDatanodeService@4d5bfb1a
2019-09-04 07:21:11,388 [ForkJoinPool.commonPool-worker-1] INFO  ozone.HddsDatanodeService (HddsDatanodeService.java:stop(451)) - Stopped plug-in org.apache.hadoop.ozone.web.OzoneHddsDatanodeService@1e512b3
2019-09-04 07:21:11,473 | INFO  | DNAudit | user=null | ip=null | op=WRITE_CHUNK {blockData=conID: 2 locID: 102733032243789845 bcsId: 0} | ret=SUCCESS |  
2019-09-04 07:21:11,473 | INFO  | DNAudit | user=null | ip=null | op=WRITE_CHUNK {blockData=conID: 2 locID: 102733032243789845 bcsId: 0} | ret=SUCCESS |  
2019-09-04 07:21:11,477 [grpc-default-executor-12] INFO  client.GrpcClientProtocolClient (GrpcClientProtocolClient.java:onNext(255)) - client-798B3AD95A93->7a11b573-71f8-4ea4-abf9-99486384f03f: receive RaftClientReply:client-798B3AD95A93->7a11b573-71f8-4ea4-abf9-99486384f03f@group-4EFBC48085DE, cid=252, SUCCESS, logIndex=0, commits[7a11b573-71f8-4ea4-abf9-99486384f03f:c28, 98937b65-337d-44f5-addc-6b2caf521cd7:c28, 86a5a05f-5180-4464-ac5c-93670ce4c4ec:c18]
2019-09-04 07:21:11,477 [grpc-default-executor-12] INFO  client.GrpcClientProtocolClient (GrpcClientProtocolClient.java:onNext(255)) - client-798B3AD95A93->7a11b573-71f8-4ea4-abf9-99486384f03f: receive RaftClientReply:client-798B3AD95A93->7a11b573-71f8-4ea4-abf9-99486384f03f@group-4EFBC48085DE, cid=251, SUCCESS, logIndex=0, commits[7a11b573-71f8-4ea4-abf9-99486384f03f:c28, 98937b65-337d-44f5-addc-6b2caf521cd7:c28, 86a5a05f-5180-4464-ac5c-93670ce4c4ec:c28]
2019-09-04 07:21:11,518 | INFO  | DNAudit | user=null | ip=null | op=PUT_BLOCK {blockData=[blockId=conID: 2 locID: 102733032243789845 bcsId: 0,size=200]} | ret=SUCCESS |  
2019-09-04 07:21:11,518 | INFO  | DNAudit | user=null | ip=null | op=WRITE_CHUNK {blockData=conID: 2 locID: 102733032243789845 bcsId: 0} | ret=SUCCESS |  
2019-09-04 07:21:11,518 | INFO  | DNAudit | user=null | ip=null | op=WRITE_CHUNK {blockData=conID: 2 locID: 102733032243789845 bcsId: 0} | ret=SUCCESS |  
2019-09-04 07:21:11,606 | INFO  | DNAudit | user=null | ip=null | op=PUT_BLOCK {blockData=[blockId=conID: 2 locID: 102733032243789845 bcsId: 0,size=200]} | ret=SUCCESS |  
2019-09-04 07:21:11,606 | INFO  | DNAudit | user=null | ip=null | op=PUT_BLOCK {blockData=[blockId=conID: 2 locID: 102733032243789845 bcsId: 0,size=400]} | ret=SUCCESS |  
2019-09-04 07:21:11,607 | INFO  | DNAudit | user=null | ip=null | op=WRITE_CHUNK {blockData=conID: 2 locID: 102733032243789845 bcsId: 0} | ret=SUCCESS |  
2019-09-04 07:21:11,607 | INFO  | DNAudit | user=null | ip=null | op=WRITE_CHUNK {blockData=conID: 2 locID: 102733032243789845 bcsId: 0} | ret=SUCCESS |  
2019-09-04 07:21:11,608 | INFO  | DNAudit | user=null | ip=null | op=PUT_BLOCK {blockData=[blockId=conID: 2 locID: 102733032243789845 bcsId: 0,size=400]} | ret=SUCCESS |  
2019-09-04 07:21:11,714 | INFO  | SCMAudit | user=jenkins1000 | ip=192.168.34.9 | op=SEND_HEARTBEAT {datanodeUUID=06c36665-71bf-45ab-8d97-17e8e1570553, command=[]} | ret=SUCCESS |  
2019-09-04 07:21:11,928 | INFO  | SCMAudit | user=jenkins1000 | ip=192.168.34.9 | op=SEND_HEARTBEAT {datanodeUUID=7a11b573-71f8-4ea4-abf9-99486384f03f, command=[]} | ret=SUCCESS |  
2019-09-04 07:21:11,929 [Datanode State Machine Thread - 0] INFO  statemachine.DatanodeStateMachine (DatanodeStateMachine.java:lambda$startDaemon$0(350)) - Ozone container server started.
2019-09-04 07:21:11,930 | INFO  | SCMAudit | user=jenkins1000 | ip=192.168.34.9 | op=SEND_HEARTBEAT {datanodeUUID=98937b65-337d-44f5-addc-6b2caf521cd7, command=[]} | ret=SUCCESS |  
2019-09-04 07:21:12,203 [Datanode State Machine Thread - 0] INFO  statemachine.DatanodeStateMachine (DatanodeStateMachine.java:lambda$startDaemon$0(350)) - Ozone container server started.
2019-09-04 07:21:12,204 | INFO  | SCMAudit | user=jenkins1000 | ip=192.168.34.9 | op=SEND_HEARTBEAT {datanodeUUID=e5b5410c-7343-40b8-bab2-826c65acf05b, command=[]} | ret=SUCCESS |  
2019-09-04 07:21:12,204 | INFO  | SCMAudit | user=jenkins1000 | ip=192.168.34.9 | op=SEND_HEARTBEAT {datanodeUUID=6f223d4e-d516-4842-990f-c73eba4c9f9f, command=[]} | ret=SUCCESS |  
2019-09-04 07:21:12,715 | INFO  | SCMAudit | user=jenkins1000 | ip=192.168.34.9 | op=SEND_HEARTBEAT {datanodeUUID=06c36665-71bf-45ab-8d97-17e8e1570553, command=[]} | ret=SUCCESS |  
2019-09-04 07:21:12,929 | INFO  | SCMAudit | user=jenkins1000 | ip=192.168.34.9 | op=SEND_HEARTBEAT {datanodeUUID=7a11b573-71f8-4ea4-abf9-99486384f03f, command=[]} | ret=SUCCESS |  
2019-09-04 07:21:12,929 | INFO  | SCMAudit | user=jenkins1000 | ip=192.168.34.9 | op=SEND_HEARTBEAT {datanodeUUID=98937b65-337d-44f5-addc-6b2caf521cd7, command=[]} | ret=SUCCESS |  
2019-09-04 07:21:13,204 | INFO  | SCMAudit | user=jenkins1000 | ip=192.168.34.9 | op=SEND_HEARTBEAT {datanodeUUID=6f223d4e-d516-4842-990f-c73eba4c9f9f, command=[]} | ret=SUCCESS |  
2019-09-04 07:21:13,204 | INFO  | SCMAudit | user=jenkins1000 | ip=192.168.34.9 | op=SEND_HEARTBEAT {datanodeUUID=e5b5410c-7343-40b8-bab2-826c65acf05b, command=[]} | ret=SUCCESS |  
2019-09-04 07:21:13,715 | INFO  | SCMAudit | user=jenkins1000 | ip=192.168.34.9 | op=SEND_HEARTBEAT {datanodeUUID=06c36665-71bf-45ab-8d97-17e8e1570553, command=[]} | ret=SUCCESS |  
2019-09-04 07:21:13,929 | INFO  | SCMAudit | user=jenkins1000 | ip=192.168.34.9 | op=SEND_HEARTBEAT {datanodeUUID=7a11b573-71f8-4ea4-abf9-99486384f03f, command=[]} | ret=SUCCESS |  
2019-09-04 07:21:13,929 | INFO  | SCMAudit | user=jenkins1000 | ip=192.168.34.9 | op=SEND_HEARTBEAT {datanodeUUID=98937b65-337d-44f5-addc-6b2caf521cd7, command=[]} | ret=SUCCESS |  
2019-09-04 07:21:14,204 | INFO  | SCMAudit | user=jenkins1000 | ip=192.168.34.9 | op=SEND_HEARTBEAT {datanodeUUID=e5b5410c-7343-40b8-bab2-826c65acf05b, command=[]} | ret=SUCCESS |  
2019-09-04 07:21:14,204 | INFO  | SCMAudit | user=jenkins1000 | ip=192.168.34.9 | op=SEND_HEARTBEAT {datanodeUUID=6f223d4e-d516-4842-990f-c73eba4c9f9f, command=[]} | ret=SUCCESS |  
2019-09-04 07:21:14,715 | INFO  | SCMAudit | user=jenkins1000 | ip=192.168.34.9 | op=SEND_HEARTBEAT {datanodeUUID=06c36665-71bf-45ab-8d97-17e8e1570553, command=[]} | ret=SUCCESS |  
2019-09-04 07:21:14,929 | INFO  | SCMAudit | user=jenkins1000 | ip=192.168.34.9 | op=SEND_HEARTBEAT {datanodeUUID=7a11b573-71f8-4ea4-abf9-99486384f03f, command=[]} | ret=SUCCESS |  
2019-09-04 07:21:14,929 | INFO  | SCMAudit | user=jenkins1000 | ip=192.168.34.9 | op=SEND_HEARTBEAT {datanodeUUID=98937b65-337d-44f5-addc-6b2caf521cd7, command=[]} | ret=SUCCESS |  
2019-09-04 07:21:15,204 | INFO  | SCMAudit | user=jenkins1000 | ip=192.168.34.9 | op=SEND_HEARTBEAT {datanodeUUID=6f223d4e-d516-4842-990f-c73eba4c9f9f, command=[]} | ret=SUCCESS |  
2019-09-04 07:21:15,204 | INFO  | SCMAudit | user=jenkins1000 | ip=192.168.34.9 | op=SEND_HEARTBEAT {datanodeUUID=e5b5410c-7343-40b8-bab2-826c65acf05b, command=[]} | ret=SUCCESS |  
2019-09-04 07:21:15,716 | INFO  | SCMAudit | user=jenkins1000 | ip=192.168.34.9 | op=SEND_HEARTBEAT {datanodeUUID=06c36665-71bf-45ab-8d97-17e8e1570553, command=[]} | ret=SUCCESS |  
2019-09-04 07:21:15,929 | INFO  | SCMAudit | user=jenkins1000 | ip=192.168.34.9 | op=SEND_HEARTBEAT {datanodeUUID=7a11b573-71f8-4ea4-abf9-99486384f03f, command=[]} | ret=SUCCESS |  
2019-09-04 07:21:15,929 | INFO  | SCMAudit | user=jenkins1000 | ip=192.168.34.9 | op=SEND_HEARTBEAT {datanodeUUID=98937b65-337d-44f5-addc-6b2caf521cd7, command=[]} | ret=SUCCESS |  
2019-09-04 07:21:15,995 [EventQueue-StaleNodeForStaleNodeHandler] INFO  node.StaleNodeHandler (StaleNodeHandler.java:onMessage(58)) - Datanode 86a5a05f-5180-4464-ac5c-93670ce4c4ec{ip: 192.168.34.9, host: pr-hdds-1569-tfczc-1762686928, networkLocation: /default-rack, certSerialId: null} moved to stale state. Finalizing its pipelines [PipelineID=63d9695f-8aae-42db-b525-4efbc48085de, PipelineID=5a29294f-0ecd-4d81-a3f6-e8de2ca950bd]
2019-09-04 07:21:15,995 [EventQueue-StaleNodeForStaleNodeHandler] INFO  pipeline.SCMPipelineManager (SCMPipelineManager.java:finalizeAndDestroyPipeline(309)) - destroying pipeline:Pipeline[ Id: 63d9695f-8aae-42db-b525-4efbc48085de, Nodes: 7a11b573-71f8-4ea4-abf9-99486384f03f{ip: 192.168.34.9, host: pr-hdds-1569-tfczc-1762686928, networkLocation: /default-rack, certSerialId: null}98937b65-337d-44f5-addc-6b2caf521cd7{ip: 192.168.34.9, host: pr-hdds-1569-tfczc-1762686928, networkLocation: /default-rack, certSerialId: null}86a5a05f-5180-4464-ac5c-93670ce4c4ec{ip: 192.168.34.9, host: pr-hdds-1569-tfczc-1762686928, networkLocation: /default-rack, certSerialId: null}, Type:RATIS, Factor:THREE, State:OPEN]
2019-09-04 07:21:15,995 [EventQueue-StaleNodeForStaleNodeHandler] INFO  pipeline.PipelineStateManager (PipelineStateManager.java:finalizePipeline(123)) - Pipeline Pipeline[ Id: 63d9695f-8aae-42db-b525-4efbc48085de, Nodes: 7a11b573-71f8-4ea4-abf9-99486384f03f{ip: 192.168.34.9, host: pr-hdds-1569-tfczc-1762686928, networkLocation: /default-rack, certSerialId: null}98937b65-337d-44f5-addc-6b2caf521cd7{ip: 192.168.34.9, host: pr-hdds-1569-tfczc-1762686928, networkLocation: /default-rack, certSerialId: null}86a5a05f-5180-4464-ac5c-93670ce4c4ec{ip: 192.168.34.9, host: pr-hdds-1569-tfczc-1762686928, networkLocation: /default-rack, certSerialId: null}, Type:RATIS, Factor:THREE, State:CLOSED] moved to CLOSED state
2019-09-04 07:21:15,996 [EventQueue-CloseContainerForCloseContainerEventHandler] INFO  container.CloseContainerEventHandler (CloseContainerEventHandler.java:onMessage(61)) - Close container Event triggered for container : #2
2019-09-04 07:21:15,996 [EventQueue-StaleNodeForStaleNodeHandler] INFO  pipeline.SCMPipelineManager (SCMPipelineManager.java:finalizeAndDestroyPipeline(309)) - destroying pipeline:Pipeline[ Id: 5a29294f-0ecd-4d81-a3f6-e8de2ca950bd, Nodes: 86a5a05f-5180-4464-ac5c-93670ce4c4ec{ip: 192.168.34.9, host: pr-hdds-1569-tfczc-1762686928, networkLocation: /default-rack, certSerialId: null}, Type:RATIS, Factor:ONE, State:OPEN]
2019-09-04 07:21:15,996 [EventQueue-StaleNodeForStaleNodeHandler] INFO  pipeline.PipelineStateManager (PipelineStateManager.java:finalizePipeline(123)) - Pipeline Pipeline[ Id: 5a29294f-0ecd-4d81-a3f6-e8de2ca950bd, Nodes: 86a5a05f-5180-4464-ac5c-93670ce4c4ec{ip: 192.168.34.9, host: pr-hdds-1569-tfczc-1762686928, networkLocation: /default-rack, certSerialId: null}, Type:RATIS, Factor:ONE, State:CLOSED] moved to CLOSED state
2019-09-04 07:21:16,205 | INFO  | SCMAudit | user=jenkins1000 | ip=192.168.34.9 | op=SEND_HEARTBEAT {datanodeUUID=6f223d4e-d516-4842-990f-c73eba4c9f9f, command=[]} | ret=SUCCESS |  
2019-09-04 07:21:16,205 | INFO  | SCMAudit | user=jenkins1000 | ip=192.168.34.9 | op=SEND_HEARTBEAT {datanodeUUID=e5b5410c-7343-40b8-bab2-826c65acf05b, command=[]} | ret=SUCCESS |  
2019-09-04 07:21:16,295 [EventQueue-StaleNodeForStaleNodeHandler] INFO  node.StaleNodeHandler (StaleNodeHandler.java:onMessage(58)) - Datanode c405a447-8661-4695-872e-62a6e38cc662{ip: 192.168.34.9, host: pr-hdds-1569-tfczc-1762686928, networkLocation: /default-rack, certSerialId: null} moved to stale state. Finalizing its pipelines [PipelineID=76786352-10ed-49a1-897c-f147692ef869, PipelineID=4368c228-7ab2-454e-964c-1ef8febffaa9]
2019-09-04 07:21:16,295 [EventQueue-StaleNodeForStaleNodeHandler] INFO  pipeline.SCMPipelineManager (SCMPipelineManager.java:finalizeAndDestroyPipeline(309)) - destroying pipeline:Pipeline[ Id: 76786352-10ed-49a1-897c-f147692ef869, Nodes: c405a447-8661-4695-872e-62a6e38cc662{ip: 192.168.34.9, host: pr-hdds-1569-tfczc-1762686928, networkLocation: /default-rack, certSerialId: null}, Type:RATIS, Factor:ONE, State:OPEN]
2019-09-04 07:21:16,296 [EventQueue-StaleNodeForStaleNodeHandler] INFO  pipeline.PipelineStateManager (PipelineStateManager.java:finalizePipeline(123)) - Pipeline Pipeline[ Id: 76786352-10ed-49a1-897c-f147692ef869, Nodes: c405a447-8661-4695-872e-62a6e38cc662{ip: 192.168.34.9, host: pr-hdds-1569-tfczc-1762686928, networkLocation: /default-rack, certSerialId: null}, Type:RATIS, Factor:ONE, State:CLOSED] moved to CLOSED state
2019-09-04 07:21:16,296 [EventQueue-StaleNodeForStaleNodeHandler] INFO  pipeline.SCMPipelineManager (SCMPipelineManager.java:finalizeAndDestroyPipeline(309)) - destroying pipeline:Pipeline[ Id: 4368c228-7ab2-454e-964c-1ef8febffaa9, Nodes: c405a447-8661-4695-872e-62a6e38cc662{ip: 192.168.34.9, host: pr-hdds-1569-tfczc-1762686928, networkLocation: /default-rack, certSerialId: null}6f223d4e-d516-4842-990f-c73eba4c9f9f{ip: 192.168.34.9, host: pr-hdds-1569-tfczc-1762686928, networkLocation: /default-rack, certSerialId: null}e5b5410c-7343-40b8-bab2-826c65acf05b{ip: 192.168.34.9, host: pr-hdds-1569-tfczc-1762686928, networkLocation: /default-rack, certSerialId: null}, Type:RATIS, Factor:THREE, State:OPEN]
2019-09-04 07:21:16,296 [EventQueue-StaleNodeForStaleNodeHandler] INFO  pipeline.PipelineStateManager (PipelineStateManager.java:finalizePipeline(123)) - Pipeline Pipeline[ Id: 4368c228-7ab2-454e-964c-1ef8febffaa9, Nodes: c405a447-8661-4695-872e-62a6e38cc662{ip: 192.168.34.9, host: pr-hdds-1569-tfczc-1762686928, networkLocation: /default-rack, certSerialId: null}6f223d4e-d516-4842-990f-c73eba4c9f9f{ip: 192.168.34.9, host: pr-hdds-1569-tfczc-1762686928, networkLocation: /default-rack, certSerialId: null}e5b5410c-7343-40b8-bab2-826c65acf05b{ip: 192.168.34.9, host: pr-hdds-1569-tfczc-1762686928, networkLocation: /default-rack, certSerialId: null}, Type:RATIS, Factor:THREE, State:CLOSED] moved to CLOSED state
2019-09-04 07:21:16,296 [EventQueue-CloseContainerForCloseContainerEventHandler] INFO  container.CloseContainerEventHandler (CloseContainerEventHandler.java:onMessage(61)) - Close container Event triggered for container : #3
2019-09-04 07:21:16,389 [ForkJoinPool.commonPool-worker-1] INFO  ozoneimpl.OzoneContainer (OzoneContainer.java:stop(199)) - Attempting to stop container services.
2019-09-04 07:21:16,389 [main] INFO  ozoneimpl.OzoneContainer (OzoneContainer.java:stop(199)) - Attempting to stop container services.
2019-09-04 07:21:16,389 [ForkJoinPool.commonPool-worker-1] INFO  impl.RaftServerProxy (RaftServerProxy.java:lambda$close$4(314)) - c405a447-8661-4695-872e-62a6e38cc662: close
2019-09-04 07:21:16,389 [main] INFO  impl.RaftServerProxy (RaftServerProxy.java:lambda$close$4(314)) - 86a5a05f-5180-4464-ac5c-93670ce4c4ec: close
2019-09-04 07:21:16,390 [ForkJoinPool.commonPool-worker-1] INFO  impl.RaftServerImpl (RaftServerImpl.java:lambda$shutdown$3(245)) - c405a447-8661-4695-872e-62a6e38cc662: shutdown group-F147692EF869
2019-09-04 07:21:16,390 [main] INFO  impl.RaftServerImpl (RaftServerImpl.java:lambda$shutdown$3(245)) - 86a5a05f-5180-4464-ac5c-93670ce4c4ec: shutdown group-4EFBC48085DE
2019-09-04 07:21:16,390 [ForkJoinPool.commonPool-worker-1] INFO  util.JmxRegister (JmxRegister.java:unregister(73)) - Successfully un-registered JMX Bean with object name Ratis:service=RaftServer,group=group-F147692EF869,id=c405a447-8661-4695-872e-62a6e38cc662
2019-09-04 07:21:16,391 [main] INFO  util.JmxRegister (JmxRegister.java:unregister(73)) - Successfully un-registered JMX Bean with object name Ratis:service=RaftServer,group=group-4EFBC48085DE,id=86a5a05f-5180-4464-ac5c-93670ce4c4ec
2019-09-04 07:21:16,391 [ForkJoinPool.commonPool-worker-1] INFO  impl.RoleInfo (RoleInfo.java:shutdownLeaderState(104)) - c405a447-8661-4695-872e-62a6e38cc662: shutdown LeaderState
2019-09-04 07:21:16,391 [main] INFO  impl.RoleInfo (RoleInfo.java:shutdownFollowerState(121)) - 86a5a05f-5180-4464-ac5c-93670ce4c4ec: shutdown FollowerState
2019-09-04 07:21:16,391 [ForkJoinPool.commonPool-worker-1] INFO  impl.PendingRequests (PendingRequests.java:sendNotLeaderResponses(202)) - c405a447-8661-4695-872e-62a6e38cc662-PendingRequests: sendNotLeaderResponses
2019-09-04 07:21:16,392 [StateMachineUpdater:86a5a05f-5180-4464-ac5c-93670ce4c4ec:group-4EFBC48085DE] INFO  ratis.ContainerStateMachine (ContainerStateMachine.java:takeSnapshot(283)) - group-4EFBC48085DE: Taking a snapshot at:(t:2, i:28) file /workdir/hadoop-ozone/integration-test/target/test-dir/MiniOzoneClusterImpl-5d0a0d59-4b77-4b18-84f0-6f2c3eb763cf/datanode-4/data/ratis/63d9695f-8aae-42db-b525-4efbc48085de/sm/snapshot.2_28
2019-09-04 07:21:16,392 [Thread-4525] INFO  impl.FollowerState (FollowerState.java:run(114)) - 86a5a05f-5180-4464-ac5c-93670ce4c4ec: FollowerState was interrupted: java.lang.InterruptedException: sleep interrupted
2019-09-04 07:21:16,392 [main] INFO  impl.StateMachineUpdater (StateMachineUpdater.java:stopAndJoin(115)) - StateMachineUpdater:86a5a05f-5180-4464-ac5c-93670ce4c4ec:group-4EFBC48085DE: set stopIndex = 28
2019-09-04 07:21:16,392 [ForkJoinPool.commonPool-worker-1] INFO  impl.StateMachineUpdater (StateMachineUpdater.java:stopAndJoin(115)) - StateMachineUpdater:c405a447-8661-4695-872e-62a6e38cc662:group-F147692EF869: set stopIndex = 0
2019-09-04 07:21:16,397 [ForkJoinPool.commonPool-worker-1] INFO  impl.RaftServerImpl (ServerState.java:close(394)) - c405a447-8661-4695-872e-62a6e38cc662:group-F147692EF869 closes. The last applied log index is 0
2019-09-04 07:21:16,397 [c405a447-8661-4695-872e-62a6e38cc662-SegmentedRaftLogWorker:Storage Directory /workdir/hadoop-ozone/integration-test/target/test-dir/MiniOzoneClusterImpl-5d0a0d59-4b77-4b18-84f0-6f2c3eb763cf/datanode-1/data/ratis/76786352-10ed-49a1-897c-f147692ef869] INFO  segmented.SegmentedRaftLogWorker (SegmentedRaftLogWorker.java:run(313)) - c405a447-8661-4695-872e-62a6e38cc662-SegmentedRaftLogWorker:Storage Directory /workdir/hadoop-ozone/integration-test/target/test-dir/MiniOzoneClusterImpl-5d0a0d59-4b77-4b18-84f0-6f2c3eb763cf/datanode-1/data/ratis/76786352-10ed-49a1-897c-f147692ef869 was interrupted, exiting. There are 0 tasks remaining in the queue.
2019-09-04 07:21:16,399 [ForkJoinPool.commonPool-worker-1] INFO  segmented.SegmentedRaftLogWorker (SegmentedRaftLogWorker.java:close(228)) - c405a447-8661-4695-872e-62a6e38cc662-SegmentedRaftLogWorker:Storage Directory /workdir/hadoop-ozone/integration-test/target/test-dir/MiniOzoneClusterImpl-5d0a0d59-4b77-4b18-84f0-6f2c3eb763cf/datanode-1/data/ratis/76786352-10ed-49a1-897c-f147692ef869 close()
2019-09-04 07:21:16,414 [ForkJoinPool.commonPool-worker-1] INFO  impl.RaftServerImpl (RaftServerImpl.java:lambda$shutdown$3(245)) - c405a447-8661-4695-872e-62a6e38cc662: shutdown group-1EF8FEBFFAA9
2019-09-04 07:21:16,415 [ForkJoinPool.commonPool-worker-1] INFO  util.JmxRegister (JmxRegister.java:unregister(73)) - Successfully un-registered JMX Bean with object name Ratis:service=RaftServer,group=group-1EF8FEBFFAA9,id=c405a447-8661-4695-872e-62a6e38cc662
2019-09-04 07:21:16,415 [ForkJoinPool.commonPool-worker-1] INFO  impl.RoleInfo (RoleInfo.java:shutdownFollowerState(121)) - c405a447-8661-4695-872e-62a6e38cc662: shutdown FollowerState
2019-09-04 07:21:16,415 [ForkJoinPool.commonPool-worker-1] INFO  impl.StateMachineUpdater (StateMachineUpdater.java:stopAndJoin(115)) - StateMachineUpdater:c405a447-8661-4695-872e-62a6e38cc662:group-1EF8FEBFFAA9: set stopIndex = 15
2019-09-04 07:21:16,415 [Thread-4465] INFO  impl.FollowerState (FollowerState.java:run(114)) - c405a447-8661-4695-872e-62a6e38cc662: FollowerState was interrupted: java.lang.InterruptedException: sleep interrupted
2019-09-04 07:21:16,415 [StateMachineUpdater:c405a447-8661-4695-872e-62a6e38cc662:group-1EF8FEBFFAA9] INFO  ratis.ContainerStateMachine (ContainerStateMachine.java:takeSnapshot(283)) - group-1EF8FEBFFAA9: Taking a snapshot at:(t:1, i:13) file /workdir/hadoop-ozone/integration-test/target/test-dir/MiniOzoneClusterImpl-5d0a0d59-4b77-4b18-84f0-6f2c3eb763cf/datanode-1/data/ratis/4368c228-7ab2-454e-964c-1ef8febffaa9/sm/snapshot.1_13
2019-09-04 07:21:16,430 [StateMachineUpdater:86a5a05f-5180-4464-ac5c-93670ce4c4ec:group-4EFBC48085DE] INFO  ratis.ContainerStateMachine (ContainerStateMachine.java:takeSnapshot(294)) - group-4EFBC48085DE: Finished taking a snapshot at:(t:2, i:28) file:/workdir/hadoop-ozone/integration-test/target/test-dir/MiniOzoneClusterImpl-5d0a0d59-4b77-4b18-84f0-6f2c3eb763cf/datanode-4/data/ratis/63d9695f-8aae-42db-b525-4efbc48085de/sm/snapshot.2_28 time:38
2019-09-04 07:21:16,430 [StateMachineUpdater:86a5a05f-5180-4464-ac5c-93670ce4c4ec:group-4EFBC48085DE] INFO  impl.StateMachineUpdater (StateMachineUpdater.java:takeSnapshot(242)) - StateMachineUpdater:86a5a05f-5180-4464-ac5c-93670ce4c4ec:group-4EFBC48085DE: Took a snapshot at index 28
2019-09-04 07:21:16,430 [StateMachineUpdater:86a5a05f-5180-4464-ac5c-93670ce4c4ec:group-4EFBC48085DE] INFO  impl.StateMachineUpdater (StateMachineUpdater.java:lambda$new$0(80)) - StateMachineUpdater:86a5a05f-5180-4464-ac5c-93670ce4c4ec:group-4EFBC48085DE: snapshotIndex: updateIncreasingly -1 -> 28
2019-09-04 07:21:16,430 [main] INFO  impl.RaftServerImpl (ServerState.java:close(394)) - 86a5a05f-5180-4464-ac5c-93670ce4c4ec:group-4EFBC48085DE closes. The last applied log index is 28
2019-09-04 07:21:16,431 [StateMachineUpdater:c405a447-8661-4695-872e-62a6e38cc662:group-1EF8FEBFFAA9] INFO  ratis.ContainerStateMachine (ContainerStateMachine.java:takeSnapshot(294)) - group-1EF8FEBFFAA9: Finished taking a snapshot at:(t:1, i:13) file:/workdir/hadoop-ozone/integration-test/target/test-dir/MiniOzoneClusterImpl-5d0a0d59-4b77-4b18-84f0-6f2c3eb763cf/datanode-1/data/ratis/4368c228-7ab2-454e-964c-1ef8febffaa9/sm/snapshot.1_13 time:15
2019-09-04 07:21:16,431 [86a5a05f-5180-4464-ac5c-93670ce4c4ec-SegmentedRaftLogWorker:Storage Directory /workdir/hadoop-ozone/integration-test/target/test-dir/MiniOzoneClusterImpl-5d0a0d59-4b77-4b18-84f0-6f2c3eb763cf/datanode-4/data/ratis/63d9695f-8aae-42db-b525-4efbc48085de] INFO  segmented.SegmentedRaftLogWorker (SegmentedRaftLogWorker.java:run(313)) - 86a5a05f-5180-4464-ac5c-93670ce4c4ec-SegmentedRaftLogWorker:Storage Directory /workdir/hadoop-ozone/integration-test/target/test-dir/MiniOzoneClusterImpl-5d0a0d59-4b77-4b18-84f0-6f2c3eb763cf/datanode-4/data/ratis/63d9695f-8aae-42db-b525-4efbc48085de was interrupted, exiting. There are 0 tasks remaining in the queue.
2019-09-04 07:21:16,431 [StateMachineUpdater:c405a447-8661-4695-872e-62a6e38cc662:group-1EF8FEBFFAA9] INFO  impl.StateMachineUpdater (StateMachineUpdater.java:takeSnapshot(242)) - StateMachineUpdater:c405a447-8661-4695-872e-62a6e38cc662:group-1EF8FEBFFAA9: Took a snapshot at index 13
2019-09-04 07:21:16,431 [StateMachineUpdater:c405a447-8661-4695-872e-62a6e38cc662:group-1EF8FEBFFAA9] INFO  impl.StateMachineUpdater (StateMachineUpdater.java:lambda$new$0(80)) - StateMachineUpdater:c405a447-8661-4695-872e-62a6e38cc662:group-1EF8FEBFFAA9: snapshotIndex: updateIncreasingly -1 -> 13
2019-09-04 07:21:16,431 [main] INFO  segmented.SegmentedRaftLogWorker (SegmentedRaftLogWorker.java:close(228)) - 86a5a05f-5180-4464-ac5c-93670ce4c4ec-SegmentedRaftLogWorker:Storage Directory /workdir/hadoop-ozone/integration-test/target/test-dir/MiniOzoneClusterImpl-5d0a0d59-4b77-4b18-84f0-6f2c3eb763cf/datanode-4/data/ratis/63d9695f-8aae-42db-b525-4efbc48085de close()
2019-09-04 07:21:16,432 [ForkJoinPool.commonPool-worker-1] INFO  impl.RaftServerImpl (ServerState.java:close(394)) - c405a447-8661-4695-872e-62a6e38cc662:group-1EF8FEBFFAA9 closes. The last applied log index is 15
2019-09-04 07:21:16,434 [main] INFO  impl.RaftServerImpl (RaftServerImpl.java:lambda$shutdown$3(245)) - 86a5a05f-5180-4464-ac5c-93670ce4c4ec: shutdown group-E8DE2CA950BD
2019-09-04 07:21:16,434 [c405a447-8661-4695-872e-62a6e38cc662-SegmentedRaftLogWorker:Storage Directory /workdir/hadoop-ozone/integration-test/target/test-dir/MiniOzoneClusterImpl-5d0a0d59-4b77-4b18-84f0-6f2c3eb763cf/datanode-1/data/ratis/4368c228-7ab2-454e-964c-1ef8febffaa9] INFO  segmented.SegmentedRaftLogWorker (SegmentedRaftLogWorker.java:run(313)) - c405a447-8661-4695-872e-62a6e38cc662-SegmentedRaftLogWorker:Storage Directory /workdir/hadoop-ozone/integration-test/target/test-dir/MiniOzoneClusterImpl-5d0a0d59-4b77-4b18-84f0-6f2c3eb763cf/datanode-1/data/ratis/4368c228-7ab2-454e-964c-1ef8febffaa9 was interrupted, exiting. There are 0 tasks remaining in the queue.
2019-09-04 07:21:16,435 [main] INFO  util.JmxRegister (JmxRegister.java:unregister(73)) - Successfully un-registered JMX Bean with object name Ratis:service=RaftServer,group=group-E8DE2CA950BD,id=86a5a05f-5180-4464-ac5c-93670ce4c4ec
2019-09-04 07:21:16,435 [main] INFO  impl.RoleInfo (RoleInfo.java:shutdownLeaderState(104)) - 86a5a05f-5180-4464-ac5c-93670ce4c4ec: shutdown LeaderState
2019-09-04 07:21:16,435 [ForkJoinPool.commonPool-worker-1] INFO  segmented.SegmentedRaftLogWorker (SegmentedRaftLogWorker.java:close(228)) - c405a447-8661-4695-872e-62a6e38cc662-SegmentedRaftLogWorker:Storage Directory /workdir/hadoop-ozone/integration-test/target/test-dir/MiniOzoneClusterImpl-5d0a0d59-4b77-4b18-84f0-6f2c3eb763cf/datanode-1/data/ratis/4368c228-7ab2-454e-964c-1ef8febffaa9 close()
2019-09-04 07:21:16,436 [main] INFO  impl.PendingRequests (PendingRequests.java:sendNotLeaderResponses(202)) - 86a5a05f-5180-4464-ac5c-93670ce4c4ec-PendingRequests: sendNotLeaderResponses
2019-09-04 07:21:16,438 [ForkJoinPool.commonPool-worker-1] INFO  server.GrpcService (GrpcService.java:closeImpl(155)) - c405a447-8661-4695-872e-62a6e38cc662: shutdown server with port 46527 now
2019-09-04 07:21:16,438 [main] INFO  impl.StateMachineUpdater (StateMachineUpdater.java:stopAndJoin(115)) - StateMachineUpdater:86a5a05f-5180-4464-ac5c-93670ce4c4ec:group-E8DE2CA950BD: set stopIndex = 0
2019-09-04 07:21:16,439 [main] INFO  impl.RaftServerImpl (ServerState.java:close(394)) - 86a5a05f-5180-4464-ac5c-93670ce4c4ec:group-E8DE2CA950BD closes. The last applied log index is 0
2019-09-04 07:21:16,439 [ForkJoinPool.commonPool-worker-1] INFO  server.GrpcService (GrpcService.java:closeImpl(163)) - c405a447-8661-4695-872e-62a6e38cc662: shutdown server with port 46527 successfully
2019-09-04 07:21:16,439 [grpc-default-executor-13] WARN  server.GrpcServerProtocolService (LogUtils.java:warn(134)) - c405a447-8661-4695-872e-62a6e38cc662: appendEntries onError: org.apache.ratis.thirdparty.io.grpc.StatusRuntimeException: CANCELLED: cancelled before receiving half close
2019-09-04 07:21:16,440 [grpc-default-executor-12] WARN  server.GrpcLogAppender (LogUtils.java:warn(134)) - e5b5410c-7343-40b8-bab2-826c65acf05b->c405a447-8661-4695-872e-62a6e38cc662: Failed appendEntries: org.apache.ratis.thirdparty.io.grpc.StatusRuntimeException: CANCELLED: HTTP/2 error code: CANCEL
Received Rst Stream
2019-09-04 07:21:16,439 [86a5a05f-5180-4464-ac5c-93670ce4c4ec-SegmentedRaftLogWorker:Storage Directory /workdir/hadoop-ozone/integration-test/target/test-dir/MiniOzoneClusterImpl-5d0a0d59-4b77-4b18-84f0-6f2c3eb763cf/datanode-4/data/ratis/5a29294f-0ecd-4d81-a3f6-e8de2ca950bd] INFO  segmented.SegmentedRaftLogWorker (SegmentedRaftLogWorker.java:run(313)) - 86a5a05f-5180-4464-ac5c-93670ce4c4ec-SegmentedRaftLogWorker:Storage Directory /workdir/hadoop-ozone/integration-test/target/test-dir/MiniOzoneClusterImpl-5d0a0d59-4b77-4b18-84f0-6f2c3eb763cf/datanode-4/data/ratis/5a29294f-0ecd-4d81-a3f6-e8de2ca950bd was interrupted, exiting. There are 0 tasks remaining in the queue.
2019-09-04 07:21:16,441 [grpc-default-executor-12] INFO  impl.FollowerInfo (FollowerInfo.java:lambda$new$0(50)) - e5b5410c-7343-40b8-bab2-826c65acf05b->c405a447-8661-4695-872e-62a6e38cc662: nextIndex: updateUnconditionally 16 -> 15
2019-09-04 07:21:16,441 [main] INFO  segmented.SegmentedRaftLogWorker (SegmentedRaftLogWorker.java:close(228)) - 86a5a05f-5180-4464-ac5c-93670ce4c4ec-SegmentedRaftLogWorker:Storage Directory /workdir/hadoop-ozone/integration-test/target/test-dir/MiniOzoneClusterImpl-5d0a0d59-4b77-4b18-84f0-6f2c3eb763cf/datanode-4/data/ratis/5a29294f-0ecd-4d81-a3f6-e8de2ca950bd close()
2019-09-04 07:21:16,441 [ForkJoinPool.commonPool-worker-1] INFO  utils.BackgroundService (BackgroundService.java:shutdown(148)) - Shutting down service BlockDeletingService
2019-09-04 07:21:16,444 [main] INFO  server.GrpcService (GrpcService.java:closeImpl(155)) - 86a5a05f-5180-4464-ac5c-93670ce4c4ec: shutdown server with port 33782 now
2019-09-04 07:21:16,446 [grpc-default-executor-11] WARN  server.GrpcServerProtocolService (LogUtils.java:warn(134)) - 86a5a05f-5180-4464-ac5c-93670ce4c4ec: appendEntries onError: org.apache.ratis.thirdparty.io.grpc.StatusRuntimeException: CANCELLED: cancelled before receiving half close
2019-09-04 07:21:16,446 [main] INFO  server.GrpcService (GrpcService.java:closeImpl(163)) - 86a5a05f-5180-4464-ac5c-93670ce4c4ec: shutdown server with port 33782 successfully
2019-09-04 07:21:16,447 [refreshUsed-/workdir/hadoop-ozone/integration-test/target/test-dir/MiniOzoneClusterImpl-5d0a0d59-4b77-4b18-84f0-6f2c3eb763cf/datanode-1/data/containers] WARN  fs.CachingGetSpaceUsed (CachingGetSpaceUsed.java:run(183)) - Thread Interrupted waiting to refresh disk information: sleep interrupted
2019-09-04 07:21:16,447 [grpc-default-executor-12] WARN  server.GrpcLogAppender (LogUtils.java:warn(134)) - 7a11b573-71f8-4ea4-abf9-99486384f03f->86a5a05f-5180-4464-ac5c-93670ce4c4ec: Failed appendEntries: org.apache.ratis.thirdparty.io.grpc.StatusRuntimeException: CANCELLED: HTTP/2 error code: CANCEL
Received Rst Stream
2019-09-04 07:21:16,448 [grpc-default-executor-12] INFO  impl.FollowerInfo (FollowerInfo.java:lambda$new$0(50)) - 7a11b573-71f8-4ea4-abf9-99486384f03f->86a5a05f-5180-4464-ac5c-93670ce4c4ec: nextIndex: updateUnconditionally 29 -> 28
2019-09-04 07:21:16,450 [main] INFO  utils.BackgroundService (BackgroundService.java:shutdown(148)) - Shutting down service BlockDeletingService
2019-09-04 07:21:16,451 [refreshUsed-/workdir/hadoop-ozone/integration-test/target/test-dir/MiniOzoneClusterImpl-5d0a0d59-4b77-4b18-84f0-6f2c3eb763cf/datanode-4/data/containers] WARN  fs.CachingGetSpaceUsed (CachingGetSpaceUsed.java:run(183)) - Thread Interrupted waiting to refresh disk information: sleep interrupted
2019-09-04 07:21:16,474 [main] INFO  statemachine.DatanodeStateMachine (DatanodeStateMachine.java:stopDaemon(395)) - Ozone container server stopped.
2019-09-04 07:21:16,478 [main] INFO  handler.ContextHandler (ContextHandler.java:doStop(910)) - Stopped o.e.j.w.WebAppContext@19e78fa{/,null,UNAVAILABLE}{/hddsDatanode}
2019-09-04 07:21:16,480 [ForkJoinPool.commonPool-worker-1] INFO  statemachine.DatanodeStateMachine (DatanodeStateMachine.java:stopDaemon(395)) - Ozone container server stopped.
2019-09-04 07:21:16,489 [main] INFO  server.AbstractConnector (AbstractConnector.java:doStop(318)) - Stopped ServerConnector@357f7e2d{HTTP/1.1,[http/1.1]}{0.0.0.0:0}
2019-09-04 07:21:16,495 [ForkJoinPool.commonPool-worker-1] INFO  handler.ContextHandler (ContextHandler.java:doStop(910)) - Stopped o.e.j.w.WebAppContext@1edad178{/,null,UNAVAILABLE}{/hddsDatanode}
2019-09-04 07:21:16,495 [main] INFO  handler.ContextHandler (ContextHandler.java:doStop(910)) - Stopped o.e.j.s.ServletContextHandler@4b6b9255{/static,jar:file:/home/user/.m2/repository/org/apache/hadoop/hadoop-hdds-container-service/0.5.0-SNAPSHOT/hadoop-hdds-container-service-0.5.0-SNAPSHOT.jar!/webapps/static,UNAVAILABLE}
2019-09-04 07:21:16,495 [grpc-default-executor-13] WARN  server.GrpcLogAppender (LogUtils.java:warn(134)) - 7a11b573-71f8-4ea4-abf9-99486384f03f->86a5a05f-5180-4464-ac5c-93670ce4c4ec: Failed appendEntries: org.apache.ratis.thirdparty.io.grpc.StatusRuntimeException: UNAVAILABLE: io exception
2019-09-04 07:21:16,495 [main] INFO  handler.ContextHandler (ContextHandler.java:doStop(910)) - Stopped o.e.j.s.ServletContextHandler@11581810{/logs,file:///workdir/hadoop-ozone/integration-test/target/log,UNAVAILABLE}
2019-09-04 07:21:16,495 [ForkJoinPool.commonPool-worker-1] INFO  server.AbstractConnector (AbstractConnector.java:doStop(318)) - Stopped ServerConnector@71c1ba6d{HTTP/1.1,[http/1.1]}{0.0.0.0:0}
2019-09-04 07:21:16,496 [grpc-default-executor-13] INFO  impl.FollowerInfo (FollowerInfo.java:lambda$new$0(50)) - 7a11b573-71f8-4ea4-abf9-99486384f03f->86a5a05f-5180-4464-ac5c-93670ce4c4ec: nextIndex: updateUnconditionally 28 -> 27
2019-09-04 07:21:16,498 [ForkJoinPool.commonPool-worker-1] INFO  handler.ContextHandler (ContextHandler.java:doStop(910)) - Stopped o.e.j.s.ServletContextHandler@3b47178c{/static,jar:file:/home/user/.m2/repository/org/apache/hadoop/hadoop-hdds-container-service/0.5.0-SNAPSHOT/hadoop-hdds-container-service-0.5.0-SNAPSHOT.jar!/webapps/static,UNAVAILABLE}
2019-09-04 07:21:16,498 [main] INFO  datanode.ObjectStoreHandler (ObjectStoreHandler.java:close(155)) - Closing ObjectStoreHandler.
2019-09-04 07:21:16,500 [ForkJoinPool.commonPool-worker-1] INFO  handler.ContextHandler (ContextHandler.java:doStop(910)) - Stopped o.e.j.s.ServletContextHandler@5e8ec0d9{/logs,file:///workdir/hadoop-ozone/integration-test/target/log,UNAVAILABLE}
2019-09-04 07:21:16,500 [main] INFO  ozone.HddsDatanodeService (HddsDatanodeService.java:stop(451)) - Stopped plug-in org.apache.hadoop.ozone.web.OzoneHddsDatanodeService@6383ea52
2019-09-04 07:21:16,501 [ForkJoinPool.commonPool-worker-1] INFO  datanode.ObjectStoreHandler (ObjectStoreHandler.java:close(155)) - Closing ObjectStoreHandler.
2019-09-04 07:21:16,501 [ForkJoinPool.commonPool-worker-1] INFO  ozone.HddsDatanodeService (HddsDatanodeService.java:stop(451)) - Stopped plug-in org.apache.hadoop.ozone.web.OzoneHddsDatanodeService@71ebc2e
2019-09-04 07:21:16,715 | INFO  | SCMAudit | user=jenkins1000 | ip=192.168.34.9 | op=SEND_HEARTBEAT {datanodeUUID=06c36665-71bf-45ab-8d97-17e8e1570553, command=[]} | ret=SUCCESS |  
2019-09-04 07:21:16,929 [Datanode State Machine Thread - 0] INFO  statemachine.DatanodeStateMachine (DatanodeStateMachine.java:lambda$startDaemon$0(350)) - Ozone container server started.
2019-09-04 07:21:16,930 | INFO  | SCMAudit | user=jenkins1000 | ip=192.168.34.9 | op=SEND_HEARTBEAT {datanodeUUID=7a11b573-71f8-4ea4-abf9-99486384f03f, command=[commandType: closeContainerCommand closeContainerCommandProto { containerID: 2 pipelineID { id: "63d9695f-8aae-42db-b525-4efbc48085de" } cmdId: 2 force: false } ]} | ret=SUCCESS |  
2019-09-04 07:21:17,204 [Datanode State Machine Thread - 0] INFO  statemachine.DatanodeStateMachine (DatanodeStateMachine.java:lambda$startDaemon$0(350)) - Ozone container server started.
2019-09-04 07:21:17,205 | INFO  | SCMAudit | user=jenkins1000 | ip=192.168.34.9 | op=SEND_HEARTBEAT {datanodeUUID=6f223d4e-d516-4842-990f-c73eba4c9f9f, command=[commandType: closeContainerCommand closeContainerCommandProto { containerID: 3 pipelineID { id: "4368c228-7ab2-454e-964c-1ef8febffaa9" } cmdId: 3 force: false } ]} | ret=SUCCESS |  
2019-09-04 07:21:17,716 | INFO  | SCMAudit | user=jenkins1000 | ip=192.168.34.9 | op=SEND_HEARTBEAT {datanodeUUID=06c36665-71bf-45ab-8d97-17e8e1570553, command=[]} | ret=SUCCESS |  
2019-09-04 07:21:17,929 | INFO  | SCMAudit | user=jenkins1000 | ip=192.168.34.9 | op=SEND_HEARTBEAT {datanodeUUID=7a11b573-71f8-4ea4-abf9-99486384f03f, command=[]} | ret=SUCCESS |  
2019-09-04 07:21:17,965 | INFO  | SCMAudit | user=jenkins1000 | ip=192.168.34.9 | op=SEND_HEARTBEAT {datanodeUUID=7a11b573-71f8-4ea4-abf9-99486384f03f, command=[]} | ret=SUCCESS |  
2019-09-04 07:21:17,967 [grpc-default-executor-11] WARN  server.GrpcLogAppender (LogUtils.java:warn(134)) - 7a11b573-71f8-4ea4-abf9-99486384f03f->86a5a05f-5180-4464-ac5c-93670ce4c4ec: Failed appendEntries: org.apache.ratis.thirdparty.io.grpc.StatusRuntimeException: UNAVAILABLE: io exception
2019-09-04 07:21:17,968 [grpc-default-executor-11] INFO  impl.FollowerInfo (FollowerInfo.java:lambda$new$0(50)) - 7a11b573-71f8-4ea4-abf9-99486384f03f->86a5a05f-5180-4464-ac5c-93670ce4c4ec: nextIndex: updateUnconditionally 28 -> 27
2019-09-04 07:21:17,983 [grpc-default-executor-13] WARN  server.GrpcLogAppender (LogUtils.java:warn(134)) - 7a11b573-71f8-4ea4-abf9-99486384f03f->86a5a05f-5180-4464-ac5c-93670ce4c4ec: Failed appendEntries: org.apache.ratis.thirdparty.io.grpc.StatusRuntimeException: UNAVAILABLE: io exception
2019-09-04 07:21:17,984 [grpc-default-executor-13] INFO  impl.FollowerInfo (FollowerInfo.java:lambda$new$0(50)) - 7a11b573-71f8-4ea4-abf9-99486384f03f->86a5a05f-5180-4464-ac5c-93670ce4c4ec: nextIndex: updateUnconditionally 28 -> 27
2019-09-04 07:21:17,998 [RatisApplyTransactionExecutor 2] INFO  interfaces.Container (KeyValueContainer.java:flushAndSyncDB(382)) - Container 2 is synced with bcsId 23.
2019-09-04 07:21:17,998 [grpc-default-executor-12] WARN  server.GrpcLogAppender (LogUtils.java:warn(134)) - 7a11b573-71f8-4ea4-abf9-99486384f03f->86a5a05f-5180-4464-ac5c-93670ce4c4ec: Failed appendEntries: org.apache.ratis.thirdparty.io.grpc.StatusRuntimeException: UNAVAILABLE: io exception
2019-09-04 07:21:17,998 [RatisApplyTransactionExecutor 2] INFO  interfaces.Container (KeyValueContainer.java:flushAndSyncDB(382)) - Container 2 is synced with bcsId 23.
2019-09-04 07:21:17,998 [grpc-default-executor-12] INFO  impl.FollowerInfo (FollowerInfo.java:lambda$new$0(50)) - 7a11b573-71f8-4ea4-abf9-99486384f03f->86a5a05f-5180-4464-ac5c-93670ce4c4ec: nextIndex: updateUnconditionally 28 -> 27
2019-09-04 07:21:18,013 | INFO  | DNAudit | user=null | ip=null | op=CLOSE_CONTAINER {containerID=2} | ret=SUCCESS |  
2019-09-04 07:21:18,014 | INFO  | SCMAudit | user=jenkins1000 | ip=192.168.34.9 | op=SEND_HEARTBEAT {datanodeUUID=7a11b573-71f8-4ea4-abf9-99486384f03f, command=[]} | ret=SUCCESS |  
2019-09-04 07:21:18,014 [EventQueue-IncrementalContainerReportForIncrementalContainerReportHandler] INFO  container.IncrementalContainerReportHandler (AbstractContainerReportHandler.java:updateContainerState(176)) - Moving container #2 to CLOSED state, datanode 7a11b573-71f8-4ea4-abf9-99486384f03f{ip: 192.168.34.9, host: pr-hdds-1569-tfczc-1762686928, networkLocation: /default-rack, certSerialId: null} reported CLOSED replica.
2019-09-04 07:21:18,036 [RatisApplyTransactionExecutor 2] INFO  interfaces.Container (KeyValueContainer.java:flushAndSyncDB(382)) - Container 2 is synced with bcsId 23.
2019-09-04 07:21:18,037 [RatisApplyTransactionExecutor 2] INFO  interfaces.Container (KeyValueContainer.java:flushAndSyncDB(382)) - Container 2 is synced with bcsId 23.
2019-09-04 07:21:18,061 | INFO  | DNAudit | user=null | ip=null | op=CLOSE_CONTAINER {containerID=2} | ret=SUCCESS |  
2019-09-04 07:21:18,204 | INFO  | SCMAudit | user=jenkins1000 | ip=192.168.34.9 | op=SEND_HEARTBEAT {datanodeUUID=6f223d4e-d516-4842-990f-c73eba4c9f9f, command=[]} | ret=SUCCESS |  
2019-09-04 07:21:18,219 | INFO  | SCMAudit | user=jenkins1000 | ip=192.168.34.9 | op=SEND_HEARTBEAT {datanodeUUID=6f223d4e-d516-4842-990f-c73eba4c9f9f, command=[]} | ret=SUCCESS |  
2019-09-04 07:21:18,716 | INFO  | SCMAudit | user=jenkins1000 | ip=192.168.34.9 | op=SEND_HEARTBEAT {datanodeUUID=06c36665-71bf-45ab-8d97-17e8e1570553, command=[]} | ret=SUCCESS |  
2019-09-04 07:21:18,864 [grpc-default-executor-12] WARN  server.GrpcLogAppender (LogUtils.java:warn(134)) - e5b5410c-7343-40b8-bab2-826c65acf05b->c405a447-8661-4695-872e-62a6e38cc662: Failed appendEntries: org.apache.ratis.thirdparty.io.grpc.StatusRuntimeException: UNAVAILABLE: io exception
2019-09-04 07:21:18,865 [grpc-default-executor-12] INFO  impl.FollowerInfo (FollowerInfo.java:lambda$new$0(50)) - e5b5410c-7343-40b8-bab2-826c65acf05b->c405a447-8661-4695-872e-62a6e38cc662: nextIndex: updateUnconditionally 15 -> 14
2019-09-04 07:21:19,014 | INFO  | SCMAudit | user=jenkins1000 | ip=192.168.34.9 | op=SEND_HEARTBEAT {datanodeUUID=7a11b573-71f8-4ea4-abf9-99486384f03f, command=[]} | ret=SUCCESS |  
2019-09-04 07:21:19,220 | INFO  | SCMAudit | user=jenkins1000 | ip=192.168.34.9 | op=SEND_HEARTBEAT {datanodeUUID=6f223d4e-d516-4842-990f-c73eba4c9f9f, command=[]} | ret=SUCCESS |  
2019-09-04 07:21:19,716 | INFO  | SCMAudit | user=jenkins1000 | ip=192.168.34.9 | op=SEND_HEARTBEAT {datanodeUUID=06c36665-71bf-45ab-8d97-17e8e1570553, command=[]} | ret=SUCCESS |  
2019-09-04 07:21:20,014 | INFO  | SCMAudit | user=jenkins1000 | ip=192.168.34.9 | op=SEND_HEARTBEAT {datanodeUUID=7a11b573-71f8-4ea4-abf9-99486384f03f, command=[]} | ret=SUCCESS |  
2019-09-04 07:21:20,220 | INFO  | SCMAudit | user=jenkins1000 | ip=192.168.34.9 | op=SEND_HEARTBEAT {datanodeUUID=6f223d4e-d516-4842-990f-c73eba4c9f9f, command=[]} | ret=SUCCESS |  
2019-09-04 07:21:20,499 [grpc-default-executor-11] WARN  server.GrpcLogAppender (LogUtils.java:warn(134)) - 7a11b573-71f8-4ea4-abf9-99486384f03f->86a5a05f-5180-4464-ac5c-93670ce4c4ec: Failed appendEntries: org.apache.ratis.thirdparty.io.grpc.StatusRuntimeException: UNAVAILABLE: io exception
2019-09-04 07:21:20,499 [grpc-default-executor-11] INFO  impl.FollowerInfo (FollowerInfo.java:lambda$new$0(50)) - 7a11b573-71f8-4ea4-abf9-99486384f03f->86a5a05f-5180-4464-ac5c-93670ce4c4ec: nextIndex: updateUnconditionally 27 -> 26
2019-09-04 07:21:20,717 | INFO  | SCMAudit | user=jenkins1000 | ip=192.168.34.9 | op=SEND_HEARTBEAT {datanodeUUID=06c36665-71bf-45ab-8d97-17e8e1570553, command=[]} | ret=SUCCESS |  
2019-09-04 07:21:21,002 [EventQueue-StaleNodeForStaleNodeHandler] INFO  node.StaleNodeHandler (StaleNodeHandler.java:onMessage(58)) - Datanode 98937b65-337d-44f5-addc-6b2caf521cd7{ip: 192.168.34.9, host: pr-hdds-1569-tfczc-1762686928, networkLocation: /default-rack, certSerialId: null} moved to stale state. Finalizing its pipelines [PipelineID=63d9695f-8aae-42db-b525-4efbc48085de, PipelineID=96c2e367-4cbd-42b1-8f91-a26e67a9f246]
2019-09-04 07:21:21,002 [EventQueue-StaleNodeForStaleNodeHandler] INFO  pipeline.SCMPipelineManager (SCMPipelineManager.java:finalizeAndDestroyPipeline(309)) - destroying pipeline:Pipeline[ Id: 63d9695f-8aae-42db-b525-4efbc48085de, Nodes: 7a11b573-71f8-4ea4-abf9-99486384f03f{ip: 192.168.34.9, host: pr-hdds-1569-tfczc-1762686928, networkLocation: /default-rack, certSerialId: null}98937b65-337d-44f5-addc-6b2caf521cd7{ip: 192.168.34.9, host: pr-hdds-1569-tfczc-1762686928, networkLocation: /default-rack, certSerialId: null}86a5a05f-5180-4464-ac5c-93670ce4c4ec{ip: 192.168.34.9, host: pr-hdds-1569-tfczc-1762686928, networkLocation: /default-rack, certSerialId: null}, Type:RATIS, Factor:THREE, State:CLOSED]
2019-09-04 07:21:21,003 [EventQueue-StaleNodeForStaleNodeHandler] INFO  pipeline.SCMPipelineManager (SCMPipelineManager.java:finalizeAndDestroyPipeline(309)) - destroying pipeline:Pipeline[ Id: 96c2e367-4cbd-42b1-8f91-a26e67a9f246, Nodes: 98937b65-337d-44f5-addc-6b2caf521cd7{ip: 192.168.34.9, host: pr-hdds-1569-tfczc-1762686928, networkLocation: /default-rack, certSerialId: null}, Type:RATIS, Factor:ONE, State:OPEN]
2019-09-04 07:21:21,003 [EventQueue-StaleNodeForStaleNodeHandler] INFO  pipeline.PipelineStateManager (PipelineStateManager.java:finalizePipeline(123)) - Pipeline Pipeline[ Id: 96c2e367-4cbd-42b1-8f91-a26e67a9f246, Nodes: 98937b65-337d-44f5-addc-6b2caf521cd7{ip: 192.168.34.9, host: pr-hdds-1569-tfczc-1762686928, networkLocation: /default-rack, certSerialId: null}, Type:RATIS, Factor:ONE, State:CLOSED] moved to CLOSED state
2019-09-04 07:21:21,014 | INFO  | SCMAudit | user=jenkins1000 | ip=192.168.34.9 | op=SEND_HEARTBEAT {datanodeUUID=7a11b573-71f8-4ea4-abf9-99486384f03f, command=[]} | ret=SUCCESS |  
2019-09-04 07:21:21,219 | INFO  | SCMAudit | user=jenkins1000 | ip=192.168.34.9 | op=SEND_HEARTBEAT {datanodeUUID=6f223d4e-d516-4842-990f-c73eba4c9f9f, command=[]} | ret=SUCCESS |  
2019-09-04 07:21:21,303 [EventQueue-StaleNodeForStaleNodeHandler] INFO  node.StaleNodeHandler (StaleNodeHandler.java:onMessage(58)) - Datanode e5b5410c-7343-40b8-bab2-826c65acf05b{ip: 192.168.34.9, host: pr-hdds-1569-tfczc-1762686928, networkLocation: /default-rack, certSerialId: null} moved to stale state. Finalizing its pipelines [PipelineID=5a83795b-a635-4428-b237-ffb3972ebc6d, PipelineID=4368c228-7ab2-454e-964c-1ef8febffaa9]
2019-09-04 07:21:21,303 [EventQueue-StaleNodeForStaleNodeHandler] INFO  pipeline.SCMPipelineManager (SCMPipelineManager.java:finalizeAndDestroyPipeline(309)) - destroying pipeline:Pipeline[ Id: 5a83795b-a635-4428-b237-ffb3972ebc6d, Nodes: e5b5410c-7343-40b8-bab2-826c65acf05b{ip: 192.168.34.9, host: pr-hdds-1569-tfczc-1762686928, networkLocation: /default-rack, certSerialId: null}, Type:RATIS, Factor:ONE, State:OPEN]
2019-09-04 07:21:21,303 [EventQueue-StaleNodeForStaleNodeHandler] INFO  pipeline.PipelineStateManager (PipelineStateManager.java:finalizePipeline(123)) - Pipeline Pipeline[ Id: 5a83795b-a635-4428-b237-ffb3972ebc6d, Nodes: e5b5410c-7343-40b8-bab2-826c65acf05b{ip: 192.168.34.9, host: pr-hdds-1569-tfczc-1762686928, networkLocation: /default-rack, certSerialId: null}, Type:RATIS, Factor:ONE, State:CLOSED] moved to CLOSED state
2019-09-04 07:21:21,303 [EventQueue-StaleNodeForStaleNodeHandler] INFO  pipeline.SCMPipelineManager (SCMPipelineManager.java:finalizeAndDestroyPipeline(309)) - destroying pipeline:Pipeline[ Id: 4368c228-7ab2-454e-964c-1ef8febffaa9, Nodes: c405a447-8661-4695-872e-62a6e38cc662{ip: 192.168.34.9, host: pr-hdds-1569-tfczc-1762686928, networkLocation: /default-rack, certSerialId: null}6f223d4e-d516-4842-990f-c73eba4c9f9f{ip: 192.168.34.9, host: pr-hdds-1569-tfczc-1762686928, networkLocation: /default-rack, certSerialId: null}e5b5410c-7343-40b8-bab2-826c65acf05b{ip: 192.168.34.9, host: pr-hdds-1569-tfczc-1762686928, networkLocation: /default-rack, certSerialId: null}, Type:RATIS, Factor:THREE, State:CLOSED]
2019-09-04 07:21:21,365 [grpc-default-executor-12] WARN  server.GrpcLogAppender (LogUtils.java:warn(134)) - e5b5410c-7343-40b8-bab2-826c65acf05b->c405a447-8661-4695-872e-62a6e38cc662: Failed appendEntries: org.apache.ratis.thirdparty.io.grpc.StatusRuntimeException: UNAVAILABLE: io exception
2019-09-04 07:21:21,365 [grpc-default-executor-12] INFO  impl.FollowerInfo (FollowerInfo.java:lambda$new$0(50)) - e5b5410c-7343-40b8-bab2-826c65acf05b->c405a447-8661-4695-872e-62a6e38cc662: nextIndex: updateUnconditionally 14 -> 13
2019-09-04 07:21:21,501 [main] INFO  ozoneimpl.OzoneContainer (OzoneContainer.java:stop(199)) - Attempting to stop container services.
2019-09-04 07:21:21,501 [main] INFO  impl.RaftServerProxy (RaftServerProxy.java:lambda$close$4(314)) - 98937b65-337d-44f5-addc-6b2caf521cd7: close
2019-09-04 07:21:21,502 [ForkJoinPool.commonPool-worker-1] INFO  ozoneimpl.OzoneContainer (OzoneContainer.java:stop(199)) - Attempting to stop container services.
2019-09-04 07:21:21,502 [main] INFO  impl.RaftServerImpl (RaftServerImpl.java:lambda$shutdown$3(245)) - 98937b65-337d-44f5-addc-6b2caf521cd7: shutdown group-4EFBC48085DE
2019-09-04 07:21:21,502 [ForkJoinPool.commonPool-worker-1] INFO  impl.RaftServerProxy (RaftServerProxy.java:lambda$close$4(314)) - e5b5410c-7343-40b8-bab2-826c65acf05b: close
2019-09-04 07:21:21,502 [main] INFO  util.JmxRegister (JmxRegister.java:unregister(73)) - Successfully un-registered JMX Bean with object name Ratis:service=RaftServer,group=group-4EFBC48085DE,id=98937b65-337d-44f5-addc-6b2caf521cd7
2019-09-04 07:21:21,503 [main] INFO  impl.RoleInfo (RoleInfo.java:shutdownFollowerState(121)) - 98937b65-337d-44f5-addc-6b2caf521cd7: shutdown FollowerState
2019-09-04 07:21:21,503 [ForkJoinPool.commonPool-worker-1] INFO  impl.RaftServerImpl (RaftServerImpl.java:lambda$shutdown$3(245)) - e5b5410c-7343-40b8-bab2-826c65acf05b: shutdown group-FFB3972EBC6D
2019-09-04 07:21:21,504 [main] INFO  impl.StateMachineUpdater (StateMachineUpdater.java:stopAndJoin(115)) - StateMachineUpdater:98937b65-337d-44f5-addc-6b2caf521cd7:group-4EFBC48085DE: set stopIndex = 30
2019-09-04 07:21:21,504 [StateMachineUpdater:98937b65-337d-44f5-addc-6b2caf521cd7:group-4EFBC48085DE] INFO  ratis.ContainerStateMachine (ContainerStateMachine.java:takeSnapshot(283)) - group-4EFBC48085DE: Taking a snapshot at:(t:2, i:29) file /workdir/hadoop-ozone/integration-test/target/test-dir/MiniOzoneClusterImpl-5d0a0d59-4b77-4b18-84f0-6f2c3eb763cf/datanode-3/data/ratis/63d9695f-8aae-42db-b525-4efbc48085de/sm/snapshot.2_29
2019-09-04 07:21:21,504 [Thread-4526] INFO  impl.FollowerState (FollowerState.java:run(114)) - 98937b65-337d-44f5-addc-6b2caf521cd7: FollowerState was interrupted: java.lang.InterruptedException: sleep interrupted
2019-09-04 07:21:21,504 [ForkJoinPool.commonPool-worker-1] INFO  util.JmxRegister (JmxRegister.java:unregister(73)) - Successfully un-registered JMX Bean with object name Ratis:service=RaftServer,group=group-FFB3972EBC6D,id=e5b5410c-7343-40b8-bab2-826c65acf05b
2019-09-04 07:21:21,508 [ForkJoinPool.commonPool-worker-1] INFO  impl.RoleInfo (RoleInfo.java:shutdownLeaderState(104)) - e5b5410c-7343-40b8-bab2-826c65acf05b: shutdown LeaderState
2019-09-04 07:21:21,508 [ForkJoinPool.commonPool-worker-1] INFO  impl.PendingRequests (PendingRequests.java:sendNotLeaderResponses(202)) - e5b5410c-7343-40b8-bab2-826c65acf05b-PendingRequests: sendNotLeaderResponses
2019-09-04 07:21:21,508 [ForkJoinPool.commonPool-worker-1] INFO  impl.StateMachineUpdater (StateMachineUpdater.java:stopAndJoin(115)) - StateMachineUpdater:e5b5410c-7343-40b8-bab2-826c65acf05b:group-FFB3972EBC6D: set stopIndex = 0
2019-09-04 07:21:21,508 [ForkJoinPool.commonPool-worker-1] INFO  impl.RaftServerImpl (ServerState.java:close(394)) - e5b5410c-7343-40b8-bab2-826c65acf05b:group-FFB3972EBC6D closes. The last applied log index is 0
2019-09-04 07:21:21,509 [e5b5410c-7343-40b8-bab2-826c65acf05b-SegmentedRaftLogWorker:Storage Directory /workdir/hadoop-ozone/integration-test/target/test-dir/MiniOzoneClusterImpl-5d0a0d59-4b77-4b18-84f0-6f2c3eb763cf/datanode-2/data/ratis/5a83795b-a635-4428-b237-ffb3972ebc6d] INFO  segmented.SegmentedRaftLogWorker (SegmentedRaftLogWorker.java:run(313)) - e5b5410c-7343-40b8-bab2-826c65acf05b-SegmentedRaftLogWorker:Storage Directory /workdir/hadoop-ozone/integration-test/target/test-dir/MiniOzoneClusterImpl-5d0a0d59-4b77-4b18-84f0-6f2c3eb763cf/datanode-2/data/ratis/5a83795b-a635-4428-b237-ffb3972ebc6d was interrupted, exiting. There are 0 tasks remaining in the queue.
2019-09-04 07:21:21,509 [ForkJoinPool.commonPool-worker-1] INFO  segmented.SegmentedRaftLogWorker (SegmentedRaftLogWorker.java:close(228)) - e5b5410c-7343-40b8-bab2-826c65acf05b-SegmentedRaftLogWorker:Storage Directory /workdir/hadoop-ozone/integration-test/target/test-dir/MiniOzoneClusterImpl-5d0a0d59-4b77-4b18-84f0-6f2c3eb763cf/datanode-2/data/ratis/5a83795b-a635-4428-b237-ffb3972ebc6d close()
2019-09-04 07:21:21,512 [ForkJoinPool.commonPool-worker-1] INFO  impl.RaftServerImpl (RaftServerImpl.java:lambda$shutdown$3(245)) - e5b5410c-7343-40b8-bab2-826c65acf05b: shutdown group-1EF8FEBFFAA9
2019-09-04 07:21:21,512 [ForkJoinPool.commonPool-worker-1] INFO  util.JmxRegister (JmxRegister.java:unregister(73)) - Successfully un-registered JMX Bean with object name Ratis:service=RaftServer,group=group-1EF8FEBFFAA9,id=e5b5410c-7343-40b8-bab2-826c65acf05b
2019-09-04 07:21:21,512 [ForkJoinPool.commonPool-worker-1] INFO  impl.RoleInfo (RoleInfo.java:shutdownLeaderState(104)) - e5b5410c-7343-40b8-bab2-826c65acf05b: shutdown LeaderState
2019-09-04 07:21:21,515 [org.apache.ratis.server.impl.LogAppender$AppenderDaemon$$Lambda$486/1390084065@b67357e] WARN  server.GrpcLogAppender (GrpcLogAppender.java:mayWait(143)) - GrpcLogAppender(e5b5410c-7343-40b8-bab2-826c65acf05b->c405a447-8661-4695-872e-62a6e38cc662): Wait interrupted by java.lang.InterruptedException
2019-09-04 07:21:21,519 [ForkJoinPool.commonPool-worker-1] INFO  impl.PendingRequests (PendingRequests.java:sendNotLeaderResponses(202)) - e5b5410c-7343-40b8-bab2-826c65acf05b-PendingRequests: sendNotLeaderResponses
2019-09-04 07:21:21,519 [org.apache.ratis.server.impl.LogAppender$AppenderDaemon$$Lambda$486/1390084065@4e65aa76] WARN  server.GrpcLogAppender (GrpcLogAppender.java:mayWait(143)) - GrpcLogAppender(e5b5410c-7343-40b8-bab2-826c65acf05b->6f223d4e-d516-4842-990f-c73eba4c9f9f): Wait interrupted by java.lang.InterruptedException
2019-09-04 07:21:21,522 [ForkJoinPool.commonPool-worker-1] INFO  impl.StateMachineUpdater (StateMachineUpdater.java:stopAndJoin(115)) - StateMachineUpdater:e5b5410c-7343-40b8-bab2-826c65acf05b:group-1EF8FEBFFAA9: set stopIndex = 15
2019-09-04 07:21:21,523 [StateMachineUpdater:e5b5410c-7343-40b8-bab2-826c65acf05b:group-1EF8FEBFFAA9] INFO  ratis.ContainerStateMachine (ContainerStateMachine.java:takeSnapshot(283)) - group-1EF8FEBFFAA9: Taking a snapshot at:(t:1, i:13) file /workdir/hadoop-ozone/integration-test/target/test-dir/MiniOzoneClusterImpl-5d0a0d59-4b77-4b18-84f0-6f2c3eb763cf/datanode-2/data/ratis/4368c228-7ab2-454e-964c-1ef8febffaa9/sm/snapshot.1_13
2019-09-04 07:21:21,523 [grpc-default-executor-12] INFO  server.GrpcServerProtocolService (GrpcServerProtocolService.java:onCompleted(104)) - 6f223d4e-d516-4842-990f-c73eba4c9f9f: appendEntries completed
2019-09-04 07:21:21,524 [grpc-default-executor-12] INFO  server.GrpcLogAppender (GrpcLogAppender.java:onCompleted(292)) - e5b5410c-7343-40b8-bab2-826c65acf05b->6f223d4e-d516-4842-990f-c73eba4c9f9f: follower responses appendEntries COMPLETED
2019-09-04 07:21:21,524 [grpc-default-executor-12] INFO  impl.FollowerInfo (FollowerInfo.java:lambda$new$0(50)) - e5b5410c-7343-40b8-bab2-826c65acf05b->6f223d4e-d516-4842-990f-c73eba4c9f9f: nextIndex: updateUnconditionally 16 -> 15
2019-09-04 07:21:21,531 [StateMachineUpdater:98937b65-337d-44f5-addc-6b2caf521cd7:group-4EFBC48085DE] INFO  ratis.ContainerStateMachine (ContainerStateMachine.java:takeSnapshot(294)) - group-4EFBC48085DE: Finished taking a snapshot at:(t:2, i:29) file:/workdir/hadoop-ozone/integration-test/target/test-dir/MiniOzoneClusterImpl-5d0a0d59-4b77-4b18-84f0-6f2c3eb763cf/datanode-3/data/ratis/63d9695f-8aae-42db-b525-4efbc48085de/sm/snapshot.2_29 time:26
2019-09-04 07:21:21,531 [StateMachineUpdater:98937b65-337d-44f5-addc-6b2caf521cd7:group-4EFBC48085DE] INFO  impl.StateMachineUpdater (StateMachineUpdater.java:takeSnapshot(242)) - StateMachineUpdater:98937b65-337d-44f5-addc-6b2caf521cd7:group-4EFBC48085DE: Took a snapshot at index 29
2019-09-04 07:21:21,531 [StateMachineUpdater:98937b65-337d-44f5-addc-6b2caf521cd7:group-4EFBC48085DE] INFO  impl.StateMachineUpdater (StateMachineUpdater.java:lambda$new$0(80)) - StateMachineUpdater:98937b65-337d-44f5-addc-6b2caf521cd7:group-4EFBC48085DE: snapshotIndex: updateIncreasingly -1 -> 29
2019-09-04 07:21:21,531 [main] INFO  impl.RaftServerImpl (ServerState.java:close(394)) - 98937b65-337d-44f5-addc-6b2caf521cd7:group-4EFBC48085DE closes. The last applied log index is 30
2019-09-04 07:21:21,532 [98937b65-337d-44f5-addc-6b2caf521cd7-SegmentedRaftLogWorker:Storage Directory /workdir/hadoop-ozone/integration-test/target/test-dir/MiniOzoneClusterImpl-5d0a0d59-4b77-4b18-84f0-6f2c3eb763cf/datanode-3/data/ratis/63d9695f-8aae-42db-b525-4efbc48085de] INFO  segmented.SegmentedRaftLogWorker (SegmentedRaftLogWorker.java:run(313)) - 98937b65-337d-44f5-addc-6b2caf521cd7-SegmentedRaftLogWorker:Storage Directory /workdir/hadoop-ozone/integration-test/target/test-dir/MiniOzoneClusterImpl-5d0a0d59-4b77-4b18-84f0-6f2c3eb763cf/datanode-3/data/ratis/63d9695f-8aae-42db-b525-4efbc48085de was interrupted, exiting. There are 0 tasks remaining in the queue.
2019-09-04 07:21:21,534 [main] INFO  segmented.SegmentedRaftLogWorker (SegmentedRaftLogWorker.java:close(228)) - 98937b65-337d-44f5-addc-6b2caf521cd7-SegmentedRaftLogWorker:Storage Directory /workdir/hadoop-ozone/integration-test/target/test-dir/MiniOzoneClusterImpl-5d0a0d59-4b77-4b18-84f0-6f2c3eb763cf/datanode-3/data/ratis/63d9695f-8aae-42db-b525-4efbc48085de close()
2019-09-04 07:21:21,536 [main] INFO  impl.RaftServerImpl (RaftServerImpl.java:lambda$shutdown$3(245)) - 98937b65-337d-44f5-addc-6b2caf521cd7: shutdown group-A26E67A9F246
2019-09-04 07:21:21,537 [main] INFO  util.JmxRegister (JmxRegister.java:unregister(73)) - Successfully un-registered JMX Bean with object name Ratis:service=RaftServer,group=group-A26E67A9F246,id=98937b65-337d-44f5-addc-6b2caf521cd7
2019-09-04 07:21:21,537 [main] INFO  impl.RoleInfo (RoleInfo.java:shutdownLeaderState(104)) - 98937b65-337d-44f5-addc-6b2caf521cd7: shutdown LeaderState
2019-09-04 07:21:21,537 [main] INFO  impl.PendingRequests (PendingRequests.java:sendNotLeaderResponses(202)) - 98937b65-337d-44f5-addc-6b2caf521cd7-PendingRequests: sendNotLeaderResponses
2019-09-04 07:21:21,538 [main] INFO  impl.StateMachineUpdater (StateMachineUpdater.java:stopAndJoin(115)) - StateMachineUpdater:98937b65-337d-44f5-addc-6b2caf521cd7:group-A26E67A9F246: set stopIndex = 0
2019-09-04 07:21:21,538 [main] INFO  impl.RaftServerImpl (ServerState.java:close(394)) - 98937b65-337d-44f5-addc-6b2caf521cd7:group-A26E67A9F246 closes. The last applied log index is 0
2019-09-04 07:21:21,539 [98937b65-337d-44f5-addc-6b2caf521cd7-SegmentedRaftLogWorker:Storage Directory /workdir/hadoop-ozone/integration-test/target/test-dir/MiniOzoneClusterImpl-5d0a0d59-4b77-4b18-84f0-6f2c3eb763cf/datanode-3/data/ratis/96c2e367-4cbd-42b1-8f91-a26e67a9f246] INFO  segmented.SegmentedRaftLogWorker (SegmentedRaftLogWorker.java:run(313)) - 98937b65-337d-44f5-addc-6b2caf521cd7-SegmentedRaftLogWorker:Storage Directory /workdir/hadoop-ozone/integration-test/target/test-dir/MiniOzoneClusterImpl-5d0a0d59-4b77-4b18-84f0-6f2c3eb763cf/datanode-3/data/ratis/96c2e367-4cbd-42b1-8f91-a26e67a9f246 was interrupted, exiting. There are 0 tasks remaining in the queue.
2019-09-04 07:21:21,539 [main] INFO  segmented.SegmentedRaftLogWorker (SegmentedRaftLogWorker.java:close(228)) - 98937b65-337d-44f5-addc-6b2caf521cd7-SegmentedRaftLogWorker:Storage Directory /workdir/hadoop-ozone/integration-test/target/test-dir/MiniOzoneClusterImpl-5d0a0d59-4b77-4b18-84f0-6f2c3eb763cf/datanode-3/data/ratis/96c2e367-4cbd-42b1-8f91-a26e67a9f246 close()
2019-09-04 07:21:21,541 [main] INFO  server.GrpcService (GrpcService.java:closeImpl(155)) - 98937b65-337d-44f5-addc-6b2caf521cd7: shutdown server with port 46353 now
2019-09-04 07:21:21,541 [main] INFO  server.GrpcService (GrpcService.java:closeImpl(163)) - 98937b65-337d-44f5-addc-6b2caf521cd7: shutdown server with port 46353 successfully
2019-09-04 07:21:21,542 [grpc-default-executor-11] WARN  server.GrpcLogAppender (LogUtils.java:warn(134)) - 7a11b573-71f8-4ea4-abf9-99486384f03f->98937b65-337d-44f5-addc-6b2caf521cd7: Failed appendEntries: org.apache.ratis.thirdparty.io.grpc.StatusRuntimeException: CANCELLED: HTTP/2 error code: CANCEL
Received Rst Stream
2019-09-04 07:21:21,541 [grpc-default-executor-13] WARN  server.GrpcServerProtocolService (LogUtils.java:warn(134)) - 98937b65-337d-44f5-addc-6b2caf521cd7: appendEntries onError: org.apache.ratis.thirdparty.io.grpc.StatusRuntimeException: CANCELLED: cancelled before receiving half close
2019-09-04 07:21:21,542 [grpc-default-executor-11] INFO  impl.FollowerInfo (FollowerInfo.java:lambda$new$0(50)) - 7a11b573-71f8-4ea4-abf9-99486384f03f->98937b65-337d-44f5-addc-6b2caf521cd7: nextIndex: updateUnconditionally 31 -> 30
2019-09-04 07:21:21,544 [main] INFO  utils.BackgroundService (BackgroundService.java:shutdown(148)) - Shutting down service BlockDeletingService
2019-09-04 07:21:21,553 [refreshUsed-/workdir/hadoop-ozone/integration-test/target/test-dir/MiniOzoneClusterImpl-5d0a0d59-4b77-4b18-84f0-6f2c3eb763cf/datanode-3/data/containers] WARN  fs.CachingGetSpaceUsed (CachingGetSpaceUsed.java:run(183)) - Thread Interrupted waiting to refresh disk information: sleep interrupted
2019-09-04 07:21:21,554 [StateMachineUpdater:e5b5410c-7343-40b8-bab2-826c65acf05b:group-1EF8FEBFFAA9] INFO  ratis.ContainerStateMachine (ContainerStateMachine.java:takeSnapshot(294)) - group-1EF8FEBFFAA9: Finished taking a snapshot at:(t:1, i:13) file:/workdir/hadoop-ozone/integration-test/target/test-dir/MiniOzoneClusterImpl-5d0a0d59-4b77-4b18-84f0-6f2c3eb763cf/datanode-2/data/ratis/4368c228-7ab2-454e-964c-1ef8febffaa9/sm/snapshot.1_13 time:31
2019-09-04 07:21:21,554 [StateMachineUpdater:e5b5410c-7343-40b8-bab2-826c65acf05b:group-1EF8FEBFFAA9] INFO  impl.StateMachineUpdater (StateMachineUpdater.java:takeSnapshot(242)) - StateMachineUpdater:e5b5410c-7343-40b8-bab2-826c65acf05b:group-1EF8FEBFFAA9: Took a snapshot at index 13
2019-09-04 07:21:21,554 [StateMachineUpdater:e5b5410c-7343-40b8-bab2-826c65acf05b:group-1EF8FEBFFAA9] INFO  impl.StateMachineUpdater (StateMachineUpdater.java:lambda$new$0(80)) - StateMachineUpdater:e5b5410c-7343-40b8-bab2-826c65acf05b:group-1EF8FEBFFAA9: snapshotIndex: updateIncreasingly -1 -> 13
2019-09-04 07:21:21,554 [ForkJoinPool.commonPool-worker-1] INFO  impl.RaftServerImpl (ServerState.java:close(394)) - e5b5410c-7343-40b8-bab2-826c65acf05b:group-1EF8FEBFFAA9 closes. The last applied log index is 15
2019-09-04 07:21:21,554 [e5b5410c-7343-40b8-bab2-826c65acf05b-SegmentedRaftLogWorker:Storage Directory /workdir/hadoop-ozone/integration-test/target/test-dir/MiniOzoneClusterImpl-5d0a0d59-4b77-4b18-84f0-6f2c3eb763cf/datanode-2/data/ratis/4368c228-7ab2-454e-964c-1ef8febffaa9] INFO  segmented.SegmentedRaftLogWorker (SegmentedRaftLogWorker.java:run(313)) - e5b5410c-7343-40b8-bab2-826c65acf05b-SegmentedRaftLogWorker:Storage Directory /workdir/hadoop-ozone/integration-test/target/test-dir/MiniOzoneClusterImpl-5d0a0d59-4b77-4b18-84f0-6f2c3eb763cf/datanode-2/data/ratis/4368c228-7ab2-454e-964c-1ef8febffaa9 was interrupted, exiting. There are 0 tasks remaining in the queue.
2019-09-04 07:21:21,555 [ForkJoinPool.commonPool-worker-1] INFO  segmented.SegmentedRaftLogWorker (SegmentedRaftLogWorker.java:close(228)) - e5b5410c-7343-40b8-bab2-826c65acf05b-SegmentedRaftLogWorker:Storage Directory /workdir/hadoop-ozone/integration-test/target/test-dir/MiniOzoneClusterImpl-5d0a0d59-4b77-4b18-84f0-6f2c3eb763cf/datanode-2/data/ratis/4368c228-7ab2-454e-964c-1ef8febffaa9 close()
2019-09-04 07:21:21,556 [ForkJoinPool.commonPool-worker-1] INFO  server.GrpcService (GrpcService.java:closeImpl(155)) - e5b5410c-7343-40b8-bab2-826c65acf05b: shutdown server with port 41099 now
2019-09-04 07:21:21,557 [grpc-default-executor-13] WARN  client.GrpcClientProtocolService (LogUtils.java:warn(134)) - 1-UnorderedRequestStreamObserver1: onError: org.apache.ratis.thirdparty.io.grpc.StatusRuntimeException: CANCELLED: cancelled before receiving half close
2019-09-04 07:21:21,557 [ForkJoinPool.commonPool-worker-1] INFO  server.GrpcService (GrpcService.java:closeImpl(163)) - e5b5410c-7343-40b8-bab2-826c65acf05b: shutdown server with port 41099 successfully
2019-09-04 07:21:21,558 [ForkJoinPool.commonPool-worker-1] INFO  utils.BackgroundService (BackgroundService.java:shutdown(148)) - Shutting down service BlockDeletingService
2019-09-04 07:21:21,561 [refreshUsed-/workdir/hadoop-ozone/integration-test/target/test-dir/MiniOzoneClusterImpl-5d0a0d59-4b77-4b18-84f0-6f2c3eb763cf/datanode-2/data/containers] WARN  fs.CachingGetSpaceUsed (CachingGetSpaceUsed.java:run(183)) - Thread Interrupted waiting to refresh disk information: sleep interrupted
2019-09-04 07:21:21,573 [main] INFO  statemachine.DatanodeStateMachine (DatanodeStateMachine.java:stopDaemon(395)) - Ozone container server stopped.
2019-09-04 07:21:21,574 [main] INFO  handler.ContextHandler (ContextHandler.java:doStop(910)) - Stopped o.e.j.w.WebAppContext@7a56c3c7{/,null,UNAVAILABLE}{/hddsDatanode}
2019-09-04 07:21:21,574 [main] INFO  server.AbstractConnector (AbstractConnector.java:doStop(318)) - Stopped ServerConnector@4105b1d2{HTTP/1.1,[http/1.1]}{0.0.0.0:0}
2019-09-04 07:21:21,574 [main] INFO  handler.ContextHandler (ContextHandler.java:doStop(910)) - Stopped o.e.j.s.ServletContextHandler@18d3e7fc{/static,jar:file:/home/user/.m2/repository/org/apache/hadoop/hadoop-hdds-container-service/0.5.0-SNAPSHOT/hadoop-hdds-container-service-0.5.0-SNAPSHOT.jar!/webapps/static,UNAVAILABLE}
2019-09-04 07:21:21,575 [main] INFO  handler.ContextHandler (ContextHandler.java:doStop(910)) - Stopped o.e.j.s.ServletContextHandler@456a0e9e{/logs,file:///workdir/hadoop-ozone/integration-test/target/log,UNAVAILABLE}
2019-09-04 07:21:21,576 [main] INFO  datanode.ObjectStoreHandler (ObjectStoreHandler.java:close(155)) - Closing ObjectStoreHandler.
2019-09-04 07:21:21,579 [ForkJoinPool.commonPool-worker-1] INFO  statemachine.DatanodeStateMachine (DatanodeStateMachine.java:stopDaemon(395)) - Ozone container server stopped.
2019-09-04 07:21:21,580 [main] INFO  ozone.HddsDatanodeService (HddsDatanodeService.java:stop(451)) - Stopped plug-in org.apache.hadoop.ozone.web.OzoneHddsDatanodeService@2142754a
2019-09-04 07:21:21,582 [ForkJoinPool.commonPool-worker-1] INFO  handler.ContextHandler (ContextHandler.java:doStop(910)) - Stopped o.e.j.w.WebAppContext@629e9957{/,null,UNAVAILABLE}{/hddsDatanode}
2019-09-04 07:21:21,582 [ForkJoinPool.commonPool-worker-1] INFO  server.AbstractConnector (AbstractConnector.java:doStop(318)) - Stopped ServerConnector@5decbb5f{HTTP/1.1,[http/1.1]}{0.0.0.0:0}
2019-09-04 07:21:21,584 [ForkJoinPool.commonPool-worker-1] INFO  handler.ContextHandler (ContextHandler.java:doStop(910)) - Stopped o.e.j.s.ServletContextHandler@70d3e710{/static,jar:file:/home/user/.m2/repository/org/apache/hadoop/hadoop-hdds-container-service/0.5.0-SNAPSHOT/hadoop-hdds-container-service-0.5.0-SNAPSHOT.jar!/webapps/static,UNAVAILABLE}
2019-09-04 07:21:21,585 [ForkJoinPool.commonPool-worker-1] INFO  handler.ContextHandler (ContextHandler.java:doStop(910)) - Stopped o.e.j.s.ServletContextHandler@1bae8e5e{/logs,file:///workdir/hadoop-ozone/integration-test/target/log,UNAVAILABLE}
2019-09-04 07:21:21,586 [ForkJoinPool.commonPool-worker-1] INFO  datanode.ObjectStoreHandler (ObjectStoreHandler.java:close(155)) - Closing ObjectStoreHandler.
2019-09-04 07:21:21,586 [ForkJoinPool.commonPool-worker-1] INFO  ozone.HddsDatanodeService (HddsDatanodeService.java:stop(451)) - Stopped plug-in org.apache.hadoop.ozone.web.OzoneHddsDatanodeService@55af9b48
2019-09-04 07:21:21,715 [Datanode State Machine Thread - 0] INFO  statemachine.DatanodeStateMachine (DatanodeStateMachine.java:lambda$startDaemon$0(350)) - Ozone container server started.
2019-09-04 07:21:22,014 | INFO  | SCMAudit | user=jenkins1000 | ip=192.168.34.9 | op=SEND_HEARTBEAT {datanodeUUID=7a11b573-71f8-4ea4-abf9-99486384f03f, command=[]} | ret=SUCCESS |  
2019-09-04 07:21:22,219 [Datanode State Machine Thread - 0] INFO  statemachine.DatanodeStateMachine (DatanodeStateMachine.java:lambda$startDaemon$0(350)) - Ozone container server started.
2019-09-04 07:21:22,999 [grpc-default-executor-13] WARN  server.GrpcLogAppender (LogUtils.java:warn(134)) - 7a11b573-71f8-4ea4-abf9-99486384f03f->86a5a05f-5180-4464-ac5c-93670ce4c4ec: Failed appendEntries: org.apache.ratis.thirdparty.io.grpc.StatusRuntimeException: UNAVAILABLE: io exception
2019-09-04 07:21:22,999 [grpc-default-executor-13] INFO  impl.FollowerInfo (FollowerInfo.java:lambda$new$0(50)) - 7a11b573-71f8-4ea4-abf9-99486384f03f->86a5a05f-5180-4464-ac5c-93670ce4c4ec: nextIndex: updateUnconditionally 26 -> 25
2019-09-04 07:21:22,999 [grpc-default-executor-9] WARN  server.GrpcLogAppender (LogUtils.java:warn(134)) - 7a11b573-71f8-4ea4-abf9-99486384f03f->98937b65-337d-44f5-addc-6b2caf521cd7: Failed appendEntries: org.apache.ratis.thirdparty.io.grpc.StatusRuntimeException: UNAVAILABLE: io exception
2019-09-04 07:21:23,000 [grpc-default-executor-9] INFO  impl.FollowerInfo (FollowerInfo.java:lambda$new$0(50)) - 7a11b573-71f8-4ea4-abf9-99486384f03f->98937b65-337d-44f5-addc-6b2caf521cd7: nextIndex: updateUnconditionally 30 -> 29
2019-09-04 07:21:23,015 | INFO  | SCMAudit | user=jenkins1000 | ip=192.168.34.9 | op=SEND_HEARTBEAT {datanodeUUID=7a11b573-71f8-4ea4-abf9-99486384f03f, command=[]} | ret=SUCCESS |  
2019-09-04 07:21:24,014 | INFO  | SCMAudit | user=jenkins1000 | ip=192.168.34.9 | op=SEND_HEARTBEAT {datanodeUUID=7a11b573-71f8-4ea4-abf9-99486384f03f, command=[]} | ret=SUCCESS |  
2019-09-04 07:21:25,014 | INFO  | SCMAudit | user=jenkins1000 | ip=192.168.34.9 | op=SEND_HEARTBEAT {datanodeUUID=7a11b573-71f8-4ea4-abf9-99486384f03f, command=[]} | ret=SUCCESS |  
2019-09-04 07:21:25,500 [grpc-default-executor-14] WARN  server.GrpcLogAppender (LogUtils.java:warn(134)) - 7a11b573-71f8-4ea4-abf9-99486384f03f->86a5a05f-5180-4464-ac5c-93670ce4c4ec: Failed appendEntries: org.apache.ratis.thirdparty.io.grpc.StatusRuntimeException: UNAVAILABLE: io exception
2019-09-04 07:21:25,500 [grpc-default-executor-15] WARN  server.GrpcLogAppender (LogUtils.java:warn(134)) - 7a11b573-71f8-4ea4-abf9-99486384f03f->98937b65-337d-44f5-addc-6b2caf521cd7: Failed appendEntries: org.apache.ratis.thirdparty.io.grpc.StatusRuntimeException: UNAVAILABLE: io exception
2019-09-04 07:21:25,501 [grpc-default-executor-14] INFO  impl.FollowerInfo (FollowerInfo.java:lambda$new$0(50)) - 7a11b573-71f8-4ea4-abf9-99486384f03f->86a5a05f-5180-4464-ac5c-93670ce4c4ec: nextIndex: updateUnconditionally 25 -> 24
2019-09-04 07:21:25,501 [grpc-default-executor-15] INFO  impl.FollowerInfo (FollowerInfo.java:lambda$new$0(50)) - 7a11b573-71f8-4ea4-abf9-99486384f03f->98937b65-337d-44f5-addc-6b2caf521cd7: nextIndex: updateUnconditionally 29 -> 28
2019-09-04 07:21:25,808 [EventQueue-StaleNodeForStaleNodeHandler] INFO  node.StaleNodeHandler (StaleNodeHandler.java:onMessage(58)) - Datanode 06c36665-71bf-45ab-8d97-17e8e1570553{ip: 192.168.34.9, host: pr-hdds-1569-tfczc-1762686928, networkLocation: /default-rack, certSerialId: null} moved to stale state. Finalizing its pipelines [PipelineID=c20889d2-2071-4f0b-b994-624653b501b4]
2019-09-04 07:21:25,809 [EventQueue-StaleNodeForStaleNodeHandler] INFO  pipeline.SCMPipelineManager (SCMPipelineManager.java:finalizeAndDestroyPipeline(309)) - destroying pipeline:Pipeline[ Id: c20889d2-2071-4f0b-b994-624653b501b4, Nodes: 06c36665-71bf-45ab-8d97-17e8e1570553{ip: 192.168.34.9, host: pr-hdds-1569-tfczc-1762686928, networkLocation: /default-rack, certSerialId: null}, Type:RATIS, Factor:ONE, State:OPEN]
2019-09-04 07:21:25,809 [EventQueue-StaleNodeForStaleNodeHandler] INFO  pipeline.PipelineStateManager (PipelineStateManager.java:finalizePipeline(123)) - Pipeline Pipeline[ Id: c20889d2-2071-4f0b-b994-624653b501b4, Nodes: 06c36665-71bf-45ab-8d97-17e8e1570553{ip: 192.168.34.9, host: pr-hdds-1569-tfczc-1762686928, networkLocation: /default-rack, certSerialId: null}, Type:RATIS, Factor:ONE, State:CLOSED] moved to CLOSED state
2019-09-04 07:21:26,014 | INFO  | SCMAudit | user=jenkins1000 | ip=192.168.34.9 | op=SEND_HEARTBEAT {datanodeUUID=7a11b573-71f8-4ea4-abf9-99486384f03f, command=[]} | ret=SUCCESS |  
2019-09-04 07:21:26,309 [EventQueue-StaleNodeForStaleNodeHandler] INFO  node.StaleNodeHandler (StaleNodeHandler.java:onMessage(58)) - Datanode 6f223d4e-d516-4842-990f-c73eba4c9f9f{ip: 192.168.34.9, host: pr-hdds-1569-tfczc-1762686928, networkLocation: /default-rack, certSerialId: null} moved to stale state. Finalizing its pipelines [PipelineID=65a13a11-e895-456e-a4f9-ed858f99df87, PipelineID=4368c228-7ab2-454e-964c-1ef8febffaa9]
2019-09-04 07:21:26,309 [EventQueue-StaleNodeForStaleNodeHandler] INFO  pipeline.SCMPipelineManager (SCMPipelineManager.java:finalizeAndDestroyPipeline(309)) - destroying pipeline:Pipeline[ Id: 65a13a11-e895-456e-a4f9-ed858f99df87, Nodes: 6f223d4e-d516-4842-990f-c73eba4c9f9f{ip: 192.168.34.9, host: pr-hdds-1569-tfczc-1762686928, networkLocation: /default-rack, certSerialId: null}, Type:RATIS, Factor:ONE, State:OPEN]
2019-09-04 07:21:26,309 [EventQueue-StaleNodeForStaleNodeHandler] INFO  pipeline.PipelineStateManager (PipelineStateManager.java:finalizePipeline(123)) - Pipeline Pipeline[ Id: 65a13a11-e895-456e-a4f9-ed858f99df87, Nodes: 6f223d4e-d516-4842-990f-c73eba4c9f9f{ip: 192.168.34.9, host: pr-hdds-1569-tfczc-1762686928, networkLocation: /default-rack, certSerialId: null}, Type:RATIS, Factor:ONE, State:CLOSED] moved to CLOSED state
2019-09-04 07:21:26,310 [EventQueue-StaleNodeForStaleNodeHandler] INFO  pipeline.SCMPipelineManager (SCMPipelineManager.java:finalizeAndDestroyPipeline(309)) - destroying pipeline:Pipeline[ Id: 4368c228-7ab2-454e-964c-1ef8febffaa9, Nodes: c405a447-8661-4695-872e-62a6e38cc662{ip: 192.168.34.9, host: pr-hdds-1569-tfczc-1762686928, networkLocation: /default-rack, certSerialId: null}6f223d4e-d516-4842-990f-c73eba4c9f9f{ip: 192.168.34.9, host: pr-hdds-1569-tfczc-1762686928, networkLocation: /default-rack, certSerialId: null}e5b5410c-7343-40b8-bab2-826c65acf05b{ip: 192.168.34.9, host: pr-hdds-1569-tfczc-1762686928, networkLocation: /default-rack, certSerialId: null}, Type:RATIS, Factor:THREE, State:CLOSED]
2019-09-04 07:21:26,582 [main] INFO  ozoneimpl.OzoneContainer (OzoneContainer.java:stop(199)) - Attempting to stop container services.
2019-09-04 07:21:26,583 [main] INFO  impl.RaftServerProxy (RaftServerProxy.java:lambda$close$4(314)) - 06c36665-71bf-45ab-8d97-17e8e1570553: close
2019-09-04 07:21:26,583 [main] INFO  impl.RaftServerImpl (RaftServerImpl.java:lambda$shutdown$3(245)) - 06c36665-71bf-45ab-8d97-17e8e1570553: shutdown group-624653B501B4
2019-09-04 07:21:26,584 [main] INFO  util.JmxRegister (JmxRegister.java:unregister(73)) - Successfully un-registered JMX Bean with object name Ratis:service=RaftServer,group=group-624653B501B4,id=06c36665-71bf-45ab-8d97-17e8e1570553
2019-09-04 07:21:26,584 [main] INFO  impl.RoleInfo (RoleInfo.java:shutdownLeaderState(104)) - 06c36665-71bf-45ab-8d97-17e8e1570553: shutdown LeaderState
2019-09-04 07:21:26,585 [main] INFO  impl.PendingRequests (PendingRequests.java:sendNotLeaderResponses(202)) - 06c36665-71bf-45ab-8d97-17e8e1570553-PendingRequests: sendNotLeaderResponses
2019-09-04 07:21:26,585 [main] INFO  impl.StateMachineUpdater (StateMachineUpdater.java:stopAndJoin(115)) - StateMachineUpdater:06c36665-71bf-45ab-8d97-17e8e1570553:group-624653B501B4: set stopIndex = 0
2019-09-04 07:21:26,586 [main] INFO  impl.RaftServerImpl (ServerState.java:close(394)) - 06c36665-71bf-45ab-8d97-17e8e1570553:group-624653B501B4 closes. The last applied log index is 0
2019-09-04 07:21:26,586 [06c36665-71bf-45ab-8d97-17e8e1570553-SegmentedRaftLogWorker:Storage Directory /workdir/hadoop-ozone/integration-test/target/test-dir/MiniOzoneClusterImpl-5d0a0d59-4b77-4b18-84f0-6f2c3eb763cf/datanode-6/data/ratis/c20889d2-2071-4f0b-b994-624653b501b4] INFO  segmented.SegmentedRaftLogWorker (SegmentedRaftLogWorker.java:run(313)) - 06c36665-71bf-45ab-8d97-17e8e1570553-SegmentedRaftLogWorker:Storage Directory /workdir/hadoop-ozone/integration-test/target/test-dir/MiniOzoneClusterImpl-5d0a0d59-4b77-4b18-84f0-6f2c3eb763cf/datanode-6/data/ratis/c20889d2-2071-4f0b-b994-624653b501b4 was interrupted, exiting. There are 0 tasks remaining in the queue.
2019-09-04 07:21:26,587 [main] INFO  segmented.SegmentedRaftLogWorker (SegmentedRaftLogWorker.java:close(228)) - 06c36665-71bf-45ab-8d97-17e8e1570553-SegmentedRaftLogWorker:Storage Directory /workdir/hadoop-ozone/integration-test/target/test-dir/MiniOzoneClusterImpl-5d0a0d59-4b77-4b18-84f0-6f2c3eb763cf/datanode-6/data/ratis/c20889d2-2071-4f0b-b994-624653b501b4 close()
2019-09-04 07:21:26,587 [ForkJoinPool.commonPool-worker-1] INFO  ozoneimpl.OzoneContainer (OzoneContainer.java:stop(199)) - Attempting to stop container services.
2019-09-04 07:21:26,590 [main] INFO  server.GrpcService (GrpcService.java:closeImpl(155)) - 06c36665-71bf-45ab-8d97-17e8e1570553: shutdown server with port 40418 now
2019-09-04 07:21:26,590 [ForkJoinPool.commonPool-worker-1] INFO  impl.RaftServerProxy (RaftServerProxy.java:lambda$close$4(314)) - 6f223d4e-d516-4842-990f-c73eba4c9f9f: close
2019-09-04 07:21:26,592 [main] INFO  server.GrpcService (GrpcService.java:closeImpl(163)) - 06c36665-71bf-45ab-8d97-17e8e1570553: shutdown server with port 40418 successfully
2019-09-04 07:21:26,592 [ForkJoinPool.commonPool-worker-1] INFO  impl.RaftServerImpl (RaftServerImpl.java:lambda$shutdown$3(245)) - 6f223d4e-d516-4842-990f-c73eba4c9f9f: shutdown group-ED858F99DF87
2019-09-04 07:21:26,593 [ForkJoinPool.commonPool-worker-1] INFO  util.JmxRegister (JmxRegister.java:unregister(73)) - Successfully un-registered JMX Bean with object name Ratis:service=RaftServer,group=group-ED858F99DF87,id=6f223d4e-d516-4842-990f-c73eba4c9f9f
2019-09-04 07:21:26,593 [ForkJoinPool.commonPool-worker-1] INFO  impl.RoleInfo (RoleInfo.java:shutdownLeaderState(104)) - 6f223d4e-d516-4842-990f-c73eba4c9f9f: shutdown LeaderState
2019-09-04 07:21:26,593 [main] INFO  utils.BackgroundService (BackgroundService.java:shutdown(148)) - Shutting down service BlockDeletingService
2019-09-04 07:21:26,594 [ForkJoinPool.commonPool-worker-1] INFO  impl.PendingRequests (PendingRequests.java:sendNotLeaderResponses(202)) - 6f223d4e-d516-4842-990f-c73eba4c9f9f-PendingRequests: sendNotLeaderResponses
2019-09-04 07:21:26,597 [ForkJoinPool.commonPool-worker-1] INFO  impl.StateMachineUpdater (StateMachineUpdater.java:stopAndJoin(115)) - StateMachineUpdater:6f223d4e-d516-4842-990f-c73eba4c9f9f:group-ED858F99DF87: set stopIndex = 0
2019-09-04 07:21:26,598 [ForkJoinPool.commonPool-worker-1] INFO  impl.RaftServerImpl (ServerState.java:close(394)) - 6f223d4e-d516-4842-990f-c73eba4c9f9f:group-ED858F99DF87 closes. The last applied log index is 0
2019-09-04 07:21:26,598 [6f223d4e-d516-4842-990f-c73eba4c9f9f-SegmentedRaftLogWorker:Storage Directory /workdir/hadoop-ozone/integration-test/target/test-dir/MiniOzoneClusterImpl-5d0a0d59-4b77-4b18-84f0-6f2c3eb763cf/datanode-0/data/ratis/65a13a11-e895-456e-a4f9-ed858f99df87] INFO  segmented.SegmentedRaftLogWorker (SegmentedRaftLogWorker.java:run(313)) - 6f223d4e-d516-4842-990f-c73eba4c9f9f-SegmentedRaftLogWorker:Storage Directory /workdir/hadoop-ozone/integration-test/target/test-dir/MiniOzoneClusterImpl-5d0a0d59-4b77-4b18-84f0-6f2c3eb763cf/datanode-0/data/ratis/65a13a11-e895-456e-a4f9-ed858f99df87 was interrupted, exiting. There are 0 tasks remaining in the queue.
2019-09-04 07:21:26,612 [refreshUsed-/workdir/hadoop-ozone/integration-test/target/test-dir/MiniOzoneClusterImpl-5d0a0d59-4b77-4b18-84f0-6f2c3eb763cf/datanode-6/data/containers] WARN  fs.CachingGetSpaceUsed (CachingGetSpaceUsed.java:run(183)) - Thread Interrupted waiting to refresh disk information: sleep interrupted
2019-09-04 07:21:26,612 [ForkJoinPool.commonPool-worker-1] INFO  segmented.SegmentedRaftLogWorker (SegmentedRaftLogWorker.java:close(228)) - 6f223d4e-d516-4842-990f-c73eba4c9f9f-SegmentedRaftLogWorker:Storage Directory /workdir/hadoop-ozone/integration-test/target/test-dir/MiniOzoneClusterImpl-5d0a0d59-4b77-4b18-84f0-6f2c3eb763cf/datanode-0/data/ratis/65a13a11-e895-456e-a4f9-ed858f99df87 close()
2019-09-04 07:21:26,613 [ForkJoinPool.commonPool-worker-1] INFO  impl.RaftServerImpl (RaftServerImpl.java:lambda$shutdown$3(245)) - 6f223d4e-d516-4842-990f-c73eba4c9f9f: shutdown group-1EF8FEBFFAA9
2019-09-04 07:21:26,614 [ForkJoinPool.commonPool-worker-1] INFO  util.JmxRegister (JmxRegister.java:unregister(73)) - Successfully un-registered JMX Bean with object name Ratis:service=RaftServer,group=group-1EF8FEBFFAA9,id=6f223d4e-d516-4842-990f-c73eba4c9f9f
2019-09-04 07:21:26,614 [ForkJoinPool.commonPool-worker-1] INFO  impl.RoleInfo (RoleInfo.java:shutdownFollowerState(121)) - 6f223d4e-d516-4842-990f-c73eba4c9f9f: shutdown FollowerState
2019-09-04 07:21:26,614 [ForkJoinPool.commonPool-worker-1] INFO  impl.StateMachineUpdater (StateMachineUpdater.java:stopAndJoin(115)) - StateMachineUpdater:6f223d4e-d516-4842-990f-c73eba4c9f9f:group-1EF8FEBFFAA9: set stopIndex = 15
2019-09-04 07:21:26,615 [StateMachineUpdater:6f223d4e-d516-4842-990f-c73eba4c9f9f:group-1EF8FEBFFAA9] INFO  ratis.ContainerStateMachine (ContainerStateMachine.java:takeSnapshot(283)) - group-1EF8FEBFFAA9: Taking a snapshot at:(t:1, i:13) file /workdir/hadoop-ozone/integration-test/target/test-dir/MiniOzoneClusterImpl-5d0a0d59-4b77-4b18-84f0-6f2c3eb763cf/datanode-0/data/ratis/4368c228-7ab2-454e-964c-1ef8febffaa9/sm/snapshot.1_13
2019-09-04 07:21:26,615 [Thread-4466] INFO  impl.FollowerState (FollowerState.java:run(114)) - 6f223d4e-d516-4842-990f-c73eba4c9f9f: FollowerState was interrupted: java.lang.InterruptedException: sleep interrupted
2019-09-04 07:21:26,633 [main] INFO  statemachine.DatanodeStateMachine (DatanodeStateMachine.java:stopDaemon(395)) - Ozone container server stopped.
2019-09-04 07:21:26,634 [main] INFO  handler.ContextHandler (ContextHandler.java:doStop(910)) - Stopped o.e.j.w.WebAppContext@5995ba6c{/,null,UNAVAILABLE}{/hddsDatanode}
2019-09-04 07:21:26,635 [main] INFO  server.AbstractConnector (AbstractConnector.java:doStop(318)) - Stopped ServerConnector@6a6580d6{HTTP/1.1,[http/1.1]}{0.0.0.0:0}
2019-09-04 07:21:26,635 [main] INFO  handler.ContextHandler (ContextHandler.java:doStop(910)) - Stopped o.e.j.s.ServletContextHandler@22a7d4a2{/static,jar:file:/home/user/.m2/repository/org/apache/hadoop/hadoop-hdds-container-service/0.5.0-SNAPSHOT/hadoop-hdds-container-service-0.5.0-SNAPSHOT.jar!/webapps/static,UNAVAILABLE}
2019-09-04 07:21:26,635 [main] INFO  handler.ContextHandler (ContextHandler.java:doStop(910)) - Stopped o.e.j.s.ServletContextHandler@7def2e4f{/logs,file:///workdir/hadoop-ozone/integration-test/target/log,UNAVAILABLE}
2019-09-04 07:21:26,636 [main] INFO  datanode.ObjectStoreHandler (ObjectStoreHandler.java:close(155)) - Closing ObjectStoreHandler.
2019-09-04 07:21:26,636 [main] INFO  ozone.HddsDatanodeService (HddsDatanodeService.java:stop(451)) - Stopped plug-in org.apache.hadoop.ozone.web.OzoneHddsDatanodeService@33a8f3e7
2019-09-04 07:21:26,644 [StateMachineUpdater:6f223d4e-d516-4842-990f-c73eba4c9f9f:group-1EF8FEBFFAA9] INFO  ratis.ContainerStateMachine (ContainerStateMachine.java:takeSnapshot(294)) - group-1EF8FEBFFAA9: Finished taking a snapshot at:(t:1, i:13) file:/workdir/hadoop-ozone/integration-test/target/test-dir/MiniOzoneClusterImpl-5d0a0d59-4b77-4b18-84f0-6f2c3eb763cf/datanode-0/data/ratis/4368c228-7ab2-454e-964c-1ef8febffaa9/sm/snapshot.1_13 time:30
2019-09-04 07:21:26,645 [StateMachineUpdater:6f223d4e-d516-4842-990f-c73eba4c9f9f:group-1EF8FEBFFAA9] INFO  impl.StateMachineUpdater (StateMachineUpdater.java:takeSnapshot(242)) - StateMachineUpdater:6f223d4e-d516-4842-990f-c73eba4c9f9f:group-1EF8FEBFFAA9: Took a snapshot at index 13
2019-09-04 07:21:26,645 [StateMachineUpdater:6f223d4e-d516-4842-990f-c73eba4c9f9f:group-1EF8FEBFFAA9] INFO  impl.StateMachineUpdater (StateMachineUpdater.java:lambda$new$0(80)) - StateMachineUpdater:6f223d4e-d516-4842-990f-c73eba4c9f9f:group-1EF8FEBFFAA9: snapshotIndex: updateIncreasingly -1 -> 13
2019-09-04 07:21:26,645 [ForkJoinPool.commonPool-worker-1] INFO  impl.RaftServerImpl (ServerState.java:close(394)) - 6f223d4e-d516-4842-990f-c73eba4c9f9f:group-1EF8FEBFFAA9 closes. The last applied log index is 15
2019-09-04 07:21:26,646 [6f223d4e-d516-4842-990f-c73eba4c9f9f-SegmentedRaftLogWorker:Storage Directory /workdir/hadoop-ozone/integration-test/target/test-dir/MiniOzoneClusterImpl-5d0a0d59-4b77-4b18-84f0-6f2c3eb763cf/datanode-0/data/ratis/4368c228-7ab2-454e-964c-1ef8febffaa9] INFO  segmented.SegmentedRaftLogWorker (SegmentedRaftLogWorker.java:run(313)) - 6f223d4e-d516-4842-990f-c73eba4c9f9f-SegmentedRaftLogWorker:Storage Directory /workdir/hadoop-ozone/integration-test/target/test-dir/MiniOzoneClusterImpl-5d0a0d59-4b77-4b18-84f0-6f2c3eb763cf/datanode-0/data/ratis/4368c228-7ab2-454e-964c-1ef8febffaa9 was interrupted, exiting. There are 0 tasks remaining in the queue.
2019-09-04 07:21:26,646 [ForkJoinPool.commonPool-worker-1] INFO  segmented.SegmentedRaftLogWorker (SegmentedRaftLogWorker.java:close(228)) - 6f223d4e-d516-4842-990f-c73eba4c9f9f-SegmentedRaftLogWorker:Storage Directory /workdir/hadoop-ozone/integration-test/target/test-dir/MiniOzoneClusterImpl-5d0a0d59-4b77-4b18-84f0-6f2c3eb763cf/datanode-0/data/ratis/4368c228-7ab2-454e-964c-1ef8febffaa9 close()
2019-09-04 07:21:26,648 [ForkJoinPool.commonPool-worker-1] INFO  server.GrpcService (GrpcService.java:closeImpl(155)) - 6f223d4e-d516-4842-990f-c73eba4c9f9f: shutdown server with port 33264 now
2019-09-04 07:21:26,649 [ForkJoinPool.commonPool-worker-1] INFO  server.GrpcService (GrpcService.java:closeImpl(163)) - 6f223d4e-d516-4842-990f-c73eba4c9f9f: shutdown server with port 33264 successfully
2019-09-04 07:21:26,652 [ForkJoinPool.commonPool-worker-1] INFO  utils.BackgroundService (BackgroundService.java:shutdown(148)) - Shutting down service BlockDeletingService
2019-09-04 07:21:26,654 [refreshUsed-/workdir/hadoop-ozone/integration-test/target/test-dir/MiniOzoneClusterImpl-5d0a0d59-4b77-4b18-84f0-6f2c3eb763cf/datanode-0/data/containers] WARN  fs.CachingGetSpaceUsed (CachingGetSpaceUsed.java:run(183)) - Thread Interrupted waiting to refresh disk information: sleep interrupted
2019-09-04 07:21:26,671 [ForkJoinPool.commonPool-worker-1] INFO  statemachine.DatanodeStateMachine (DatanodeStateMachine.java:stopDaemon(395)) - Ozone container server stopped.
2019-09-04 07:21:26,673 [ForkJoinPool.commonPool-worker-1] INFO  handler.ContextHandler (ContextHandler.java:doStop(910)) - Stopped o.e.j.w.WebAppContext@36dd68f1{/,null,UNAVAILABLE}{/hddsDatanode}
2019-09-04 07:21:26,674 [ForkJoinPool.commonPool-worker-1] INFO  server.AbstractConnector (AbstractConnector.java:doStop(318)) - Stopped ServerConnector@4da929ef{HTTP/1.1,[http/1.1]}{0.0.0.0:0}
2019-09-04 07:21:26,675 [ForkJoinPool.commonPool-worker-1] INFO  handler.ContextHandler (ContextHandler.java:doStop(910)) - Stopped o.e.j.s.ServletContextHandler@312cc16b{/static,jar:file:/home/user/.m2/repository/org/apache/hadoop/hadoop-hdds-container-service/0.5.0-SNAPSHOT/hadoop-hdds-container-service-0.5.0-SNAPSHOT.jar!/webapps/static,UNAVAILABLE}
2019-09-04 07:21:26,677 [ForkJoinPool.commonPool-worker-1] INFO  handler.ContextHandler (ContextHandler.java:doStop(910)) - Stopped o.e.j.s.ServletContextHandler@6724f10e{/logs,file:///workdir/hadoop-ozone/integration-test/target/log,UNAVAILABLE}
2019-09-04 07:21:27,014 [Datanode State Machine Thread - 0] INFO  statemachine.DatanodeStateMachine (DatanodeStateMachine.java:lambda$startDaemon$0(350)) - Ozone container server started.
2019-09-04 07:21:28,001 [grpc-default-executor-9] WARN  server.GrpcLogAppender (LogUtils.java:warn(134)) - 7a11b573-71f8-4ea4-abf9-99486384f03f->98937b65-337d-44f5-addc-6b2caf521cd7: Failed appendEntries: org.apache.ratis.thirdparty.io.grpc.StatusRuntimeException: UNAVAILABLE: io exception
2019-09-04 07:21:28,001 [grpc-default-executor-13] WARN  server.GrpcLogAppender (LogUtils.java:warn(134)) - 7a11b573-71f8-4ea4-abf9-99486384f03f->86a5a05f-5180-4464-ac5c-93670ce4c4ec: Failed appendEntries: org.apache.ratis.thirdparty.io.grpc.StatusRuntimeException: UNAVAILABLE: io exception
2019-09-04 07:21:28,001 [grpc-default-executor-9] INFO  impl.FollowerInfo (FollowerInfo.java:lambda$new$0(50)) - 7a11b573-71f8-4ea4-abf9-99486384f03f->98937b65-337d-44f5-addc-6b2caf521cd7: nextIndex: updateUnconditionally 28 -> 27
2019-09-04 07:21:28,002 [grpc-default-executor-13] INFO  impl.FollowerInfo (FollowerInfo.java:lambda$new$0(50)) - 7a11b573-71f8-4ea4-abf9-99486384f03f->86a5a05f-5180-4464-ac5c-93670ce4c4ec: nextIndex: updateUnconditionally 24 -> 23
2019-09-04 07:21:30,501 [grpc-default-executor-9] WARN  server.GrpcLogAppender (LogUtils.java:warn(134)) - 7a11b573-71f8-4ea4-abf9-99486384f03f->98937b65-337d-44f5-addc-6b2caf521cd7: Failed appendEntries: org.apache.ratis.thirdparty.io.grpc.StatusRuntimeException: UNAVAILABLE: io exception
2019-09-04 07:21:30,501 [grpc-default-executor-14] WARN  server.GrpcLogAppender (LogUtils.java:warn(134)) - 7a11b573-71f8-4ea4-abf9-99486384f03f->86a5a05f-5180-4464-ac5c-93670ce4c4ec: Failed appendEntries: org.apache.ratis.thirdparty.io.grpc.StatusRuntimeException: UNAVAILABLE: io exception
2019-09-04 07:21:30,501 [grpc-default-executor-9] INFO  impl.FollowerInfo (FollowerInfo.java:lambda$new$0(50)) - 7a11b573-71f8-4ea4-abf9-99486384f03f->98937b65-337d-44f5-addc-6b2caf521cd7: nextIndex: updateUnconditionally 27 -> 26
2019-09-04 07:21:30,501 [grpc-default-executor-14] INFO  impl.FollowerInfo (FollowerInfo.java:lambda$new$0(50)) - 7a11b573-71f8-4ea4-abf9-99486384f03f->86a5a05f-5180-4464-ac5c-93670ce4c4ec: nextIndex: updateUnconditionally 23 -> 22
2019-09-04 07:21:31,115 [EventQueue-StaleNodeForStaleNodeHandler] INFO  node.StaleNodeHandler (StaleNodeHandler.java:onMessage(58)) - Datanode 7a11b573-71f8-4ea4-abf9-99486384f03f{ip: 192.168.34.9, host: pr-hdds-1569-tfczc-1762686928, networkLocation: /default-rack, certSerialId: null} moved to stale state. Finalizing its pipelines [PipelineID=63d9695f-8aae-42db-b525-4efbc48085de, PipelineID=d9d043d3-fe56-4a48-8791-e923e1ee0af8]
2019-09-04 07:21:31,115 [EventQueue-StaleNodeForStaleNodeHandler] INFO  pipeline.SCMPipelineManager (SCMPipelineManager.java:finalizeAndDestroyPipeline(309)) - destroying pipeline:Pipeline[ Id: 63d9695f-8aae-42db-b525-4efbc48085de, Nodes: 7a11b573-71f8-4ea4-abf9-99486384f03f{ip: 192.168.34.9, host: pr-hdds-1569-tfczc-1762686928, networkLocation: /default-rack, certSerialId: null}98937b65-337d-44f5-addc-6b2caf521cd7{ip: 192.168.34.9, host: pr-hdds-1569-tfczc-1762686928, networkLocation: /default-rack, certSerialId: null}86a5a05f-5180-4464-ac5c-93670ce4c4ec{ip: 192.168.34.9, host: pr-hdds-1569-tfczc-1762686928, networkLocation: /default-rack, certSerialId: null}, Type:RATIS, Factor:THREE, State:CLOSED]
2019-09-04 07:21:31,116 [EventQueue-StaleNodeForStaleNodeHandler] INFO  pipeline.SCMPipelineManager (SCMPipelineManager.java:finalizeAndDestroyPipeline(309)) - destroying pipeline:Pipeline[ Id: d9d043d3-fe56-4a48-8791-e923e1ee0af8, Nodes: 7a11b573-71f8-4ea4-abf9-99486384f03f{ip: 192.168.34.9, host: pr-hdds-1569-tfczc-1762686928, networkLocation: /default-rack, certSerialId: null}, Type:RATIS, Factor:ONE, State:OPEN]
2019-09-04 07:21:31,116 [EventQueue-StaleNodeForStaleNodeHandler] INFO  pipeline.PipelineStateManager (PipelineStateManager.java:finalizePipeline(123)) - Pipeline Pipeline[ Id: d9d043d3-fe56-4a48-8791-e923e1ee0af8, Nodes: 7a11b573-71f8-4ea4-abf9-99486384f03f{ip: 192.168.34.9, host: pr-hdds-1569-tfczc-1762686928, networkLocation: /default-rack, certSerialId: null}, Type:RATIS, Factor:ONE, State:CLOSED] moved to CLOSED state
2019-09-04 07:21:31,639 [main] INFO  ozoneimpl.OzoneContainer (OzoneContainer.java:stop(199)) - Attempting to stop container services.
2019-09-04 07:21:31,640 [main] INFO  impl.RaftServerProxy (RaftServerProxy.java:lambda$close$4(314)) - 7a11b573-71f8-4ea4-abf9-99486384f03f: close
2019-09-04 07:21:31,641 [main] INFO  impl.RaftServerImpl (RaftServerImpl.java:lambda$shutdown$3(245)) - 7a11b573-71f8-4ea4-abf9-99486384f03f: shutdown group-4EFBC48085DE
2019-09-04 07:21:31,641 [ForkJoinPool.commonPool-worker-0] INFO  impl.RaftServerImpl (RaftServerImpl.java:lambda$shutdown$3(245)) - 7a11b573-71f8-4ea4-abf9-99486384f03f: shutdown group-E923E1EE0AF8
2019-09-04 07:21:31,641 [main] INFO  util.JmxRegister (JmxRegister.java:unregister(73)) - Successfully un-registered JMX Bean with object name Ratis:service=RaftServer,group=group-4EFBC48085DE,id=7a11b573-71f8-4ea4-abf9-99486384f03f
2019-09-04 07:21:31,641 [ForkJoinPool.commonPool-worker-0] INFO  util.JmxRegister (JmxRegister.java:unregister(73)) - Successfully un-registered JMX Bean with object name Ratis:service=RaftServer,group=group-E923E1EE0AF8,id=7a11b573-71f8-4ea4-abf9-99486384f03f
2019-09-04 07:21:31,641 [main] INFO  impl.RoleInfo (RoleInfo.java:shutdownLeaderState(104)) - 7a11b573-71f8-4ea4-abf9-99486384f03f: shutdown LeaderState
2019-09-04 07:21:31,641 [ForkJoinPool.commonPool-worker-0] INFO  impl.RoleInfo (RoleInfo.java:shutdownLeaderState(104)) - 7a11b573-71f8-4ea4-abf9-99486384f03f: shutdown LeaderState
2019-09-04 07:21:31,644 [org.apache.ratis.server.impl.LogAppender$AppenderDaemon$$Lambda$486/1390084065@155061ab] WARN  server.GrpcLogAppender (GrpcLogAppender.java:mayWait(143)) - GrpcLogAppender(7a11b573-71f8-4ea4-abf9-99486384f03f->98937b65-337d-44f5-addc-6b2caf521cd7): Wait interrupted by java.lang.InterruptedException
2019-09-04 07:21:31,644 [org.apache.ratis.server.impl.LogAppender$AppenderDaemon$$Lambda$486/1390084065@5052fd65] WARN  server.GrpcLogAppender (GrpcLogAppender.java:mayWait(143)) - GrpcLogAppender(7a11b573-71f8-4ea4-abf9-99486384f03f->86a5a05f-5180-4464-ac5c-93670ce4c4ec): Wait interrupted by java.lang.InterruptedException
2019-09-04 07:21:31,644 [main] INFO  impl.PendingRequests (PendingRequests.java:sendNotLeaderResponses(202)) - 7a11b573-71f8-4ea4-abf9-99486384f03f-PendingRequests: sendNotLeaderResponses
2019-09-04 07:21:31,644 [ForkJoinPool.commonPool-worker-0] INFO  impl.PendingRequests (PendingRequests.java:sendNotLeaderResponses(202)) - 7a11b573-71f8-4ea4-abf9-99486384f03f-PendingRequests: sendNotLeaderResponses
2019-09-04 07:21:31,646 [ForkJoinPool.commonPool-worker-0] INFO  impl.StateMachineUpdater (StateMachineUpdater.java:stopAndJoin(115)) - StateMachineUpdater:7a11b573-71f8-4ea4-abf9-99486384f03f:group-E923E1EE0AF8: set stopIndex = 0
2019-09-04 07:21:31,646 [main] INFO  impl.StateMachineUpdater (StateMachineUpdater.java:stopAndJoin(115)) - StateMachineUpdater:7a11b573-71f8-4ea4-abf9-99486384f03f:group-4EFBC48085DE: set stopIndex = 30
2019-09-04 07:21:31,646 [StateMachineUpdater:7a11b573-71f8-4ea4-abf9-99486384f03f:group-4EFBC48085DE] INFO  ratis.ContainerStateMachine (ContainerStateMachine.java:takeSnapshot(283)) - group-4EFBC48085DE: Taking a snapshot at:(t:2, i:30) file /workdir/hadoop-ozone/integration-test/target/test-dir/MiniOzoneClusterImpl-5d0a0d59-4b77-4b18-84f0-6f2c3eb763cf/datanode-5/data/ratis/63d9695f-8aae-42db-b525-4efbc48085de/sm/snapshot.2_30
2019-09-04 07:21:31,646 [ForkJoinPool.commonPool-worker-0] INFO  impl.RaftServerImpl (ServerState.java:close(394)) - 7a11b573-71f8-4ea4-abf9-99486384f03f:group-E923E1EE0AF8 closes. The last applied log index is 0
2019-09-04 07:21:31,647 [7a11b573-71f8-4ea4-abf9-99486384f03f-SegmentedRaftLogWorker:Storage Directory /workdir/hadoop-ozone/integration-test/target/test-dir/MiniOzoneClusterImpl-5d0a0d59-4b77-4b18-84f0-6f2c3eb763cf/datanode-5/data/ratis/d9d043d3-fe56-4a48-8791-e923e1ee0af8] INFO  segmented.SegmentedRaftLogWorker (SegmentedRaftLogWorker.java:run(313)) - 7a11b573-71f8-4ea4-abf9-99486384f03f-SegmentedRaftLogWorker:Storage Directory /workdir/hadoop-ozone/integration-test/target/test-dir/MiniOzoneClusterImpl-5d0a0d59-4b77-4b18-84f0-6f2c3eb763cf/datanode-5/data/ratis/d9d043d3-fe56-4a48-8791-e923e1ee0af8 was interrupted, exiting. There are 0 tasks remaining in the queue.
2019-09-04 07:21:31,659 [ForkJoinPool.commonPool-worker-0] INFO  segmented.SegmentedRaftLogWorker (SegmentedRaftLogWorker.java:close(228)) - 7a11b573-71f8-4ea4-abf9-99486384f03f-SegmentedRaftLogWorker:Storage Directory /workdir/hadoop-ozone/integration-test/target/test-dir/MiniOzoneClusterImpl-5d0a0d59-4b77-4b18-84f0-6f2c3eb763cf/datanode-5/data/ratis/d9d043d3-fe56-4a48-8791-e923e1ee0af8 close()
2019-09-04 07:21:31,662 [StateMachineUpdater:7a11b573-71f8-4ea4-abf9-99486384f03f:group-4EFBC48085DE] INFO  ratis.ContainerStateMachine (ContainerStateMachine.java:takeSnapshot(294)) - group-4EFBC48085DE: Finished taking a snapshot at:(t:2, i:30) file:/workdir/hadoop-ozone/integration-test/target/test-dir/MiniOzoneClusterImpl-5d0a0d59-4b77-4b18-84f0-6f2c3eb763cf/datanode-5/data/ratis/63d9695f-8aae-42db-b525-4efbc48085de/sm/snapshot.2_30 time:16
2019-09-04 07:21:31,662 [StateMachineUpdater:7a11b573-71f8-4ea4-abf9-99486384f03f:group-4EFBC48085DE] INFO  impl.StateMachineUpdater (StateMachineUpdater.java:takeSnapshot(242)) - StateMachineUpdater:7a11b573-71f8-4ea4-abf9-99486384f03f:group-4EFBC48085DE: Took a snapshot at index 30
2019-09-04 07:21:31,662 [StateMachineUpdater:7a11b573-71f8-4ea4-abf9-99486384f03f:group-4EFBC48085DE] INFO  impl.StateMachineUpdater (StateMachineUpdater.java:lambda$new$0(80)) - StateMachineUpdater:7a11b573-71f8-4ea4-abf9-99486384f03f:group-4EFBC48085DE: snapshotIndex: updateIncreasingly -1 -> 30
2019-09-04 07:21:31,663 [main] INFO  impl.RaftServerImpl (ServerState.java:close(394)) - 7a11b573-71f8-4ea4-abf9-99486384f03f:group-4EFBC48085DE closes. The last applied log index is 30
2019-09-04 07:21:31,663 [7a11b573-71f8-4ea4-abf9-99486384f03f-SegmentedRaftLogWorker:Storage Directory /workdir/hadoop-ozone/integration-test/target/test-dir/MiniOzoneClusterImpl-5d0a0d59-4b77-4b18-84f0-6f2c3eb763cf/datanode-5/data/ratis/63d9695f-8aae-42db-b525-4efbc48085de] INFO  segmented.SegmentedRaftLogWorker (SegmentedRaftLogWorker.java:run(313)) - 7a11b573-71f8-4ea4-abf9-99486384f03f-SegmentedRaftLogWorker:Storage Directory /workdir/hadoop-ozone/integration-test/target/test-dir/MiniOzoneClusterImpl-5d0a0d59-4b77-4b18-84f0-6f2c3eb763cf/datanode-5/data/ratis/63d9695f-8aae-42db-b525-4efbc48085de was interrupted, exiting. There are 0 tasks remaining in the queue.
2019-09-04 07:21:31,664 [main] INFO  segmented.SegmentedRaftLogWorker (SegmentedRaftLogWorker.java:close(228)) - 7a11b573-71f8-4ea4-abf9-99486384f03f-SegmentedRaftLogWorker:Storage Directory /workdir/hadoop-ozone/integration-test/target/test-dir/MiniOzoneClusterImpl-5d0a0d59-4b77-4b18-84f0-6f2c3eb763cf/datanode-5/data/ratis/63d9695f-8aae-42db-b525-4efbc48085de close()
2019-09-04 07:21:31,665 [main] INFO  server.GrpcService (GrpcService.java:closeImpl(155)) - 7a11b573-71f8-4ea4-abf9-99486384f03f: shutdown server with port 39275 now
2019-09-04 07:21:31,665 [grpc-default-executor-9] WARN  client.GrpcClientProtocolService (LogUtils.java:warn(134)) - 7-UnorderedRequestStreamObserver7: onError: org.apache.ratis.thirdparty.io.grpc.StatusRuntimeException: CANCELLED: cancelled before receiving half close
2019-09-04 07:21:31,665 [main] INFO  server.GrpcService (GrpcService.java:closeImpl(163)) - 7a11b573-71f8-4ea4-abf9-99486384f03f: shutdown server with port 39275 successfully
2019-09-04 07:21:31,666 [main] INFO  utils.BackgroundService (BackgroundService.java:shutdown(148)) - Shutting down service BlockDeletingService
2019-09-04 07:21:31,667 [refreshUsed-/workdir/hadoop-ozone/integration-test/target/test-dir/MiniOzoneClusterImpl-5d0a0d59-4b77-4b18-84f0-6f2c3eb763cf/datanode-5/data/containers] WARN  fs.CachingGetSpaceUsed (CachingGetSpaceUsed.java:run(183)) - Thread Interrupted waiting to refresh disk information: sleep interrupted
2019-09-04 07:21:31,680 [main] INFO  statemachine.DatanodeStateMachine (DatanodeStateMachine.java:stopDaemon(395)) - Ozone container server stopped.
2019-09-04 07:21:31,681 [main] INFO  handler.ContextHandler (ContextHandler.java:doStop(910)) - Stopped o.e.j.w.WebAppContext@6018ff75{/,null,UNAVAILABLE}{/hddsDatanode}
2019-09-04 07:21:31,682 [main] INFO  server.AbstractConnector (AbstractConnector.java:doStop(318)) - Stopped ServerConnector@755dae57{HTTP/1.1,[http/1.1]}{0.0.0.0:0}
2019-09-04 07:21:31,682 [main] INFO  handler.ContextHandler (ContextHandler.java:doStop(910)) - Stopped o.e.j.s.ServletContextHandler@38b7b02f{/static,jar:file:/home/user/.m2/repository/org/apache/hadoop/hadoop-hdds-container-service/0.5.0-SNAPSHOT/hadoop-hdds-container-service-0.5.0-SNAPSHOT.jar!/webapps/static,UNAVAILABLE}
2019-09-04 07:21:31,682 [main] INFO  handler.ContextHandler (ContextHandler.java:doStop(910)) - Stopped o.e.j.s.ServletContextHandler@79bc29aa{/logs,file:///workdir/hadoop-ozone/integration-test/target/log,UNAVAILABLE}
2019-09-04 07:21:31,683 [main] INFO  ozone.MiniOzoneClusterImpl (MiniOzoneClusterImpl.java:stop(353)) - Stopping the StorageContainerManager
2019-09-04 07:21:31,683 [main] INFO  server.StorageContainerManager (StorageContainerManager.java:stop(797)) - Stopping Replication Manager Service.
2019-09-04 07:21:31,683 [main] INFO  container.ReplicationManager (ReplicationManager.java:stop(193)) - Stopping Replication Monitor Thread.
2019-09-04 07:21:31,683 [main] INFO  server.StorageContainerManager (StorageContainerManager.java:stop(804)) - Stopping Lease Manager of the command watchers
2019-09-04 07:21:31,683 [main] INFO  server.StorageContainerManager (StorageContainerManager.java:stop(811)) - Stopping datanode service RPC server
2019-09-04 07:21:31,683 [main] INFO  server.SCMDatanodeProtocolServer (SCMDatanodeProtocolServer.java:stop(367)) - Stopping the RPC server for DataNodes
2019-09-04 07:21:31,683 [main] INFO  ipc.Server (Server.java:stop(3082)) - Stopping server on 45021
2019-09-04 07:21:31,685 [IPC Server listener on 45021] INFO  ipc.Server (Server.java:run(1185)) - Stopping IPC Server listener on 45021
2019-09-04 07:21:31,686 [IPC Server Responder] INFO  ipc.Server (Server.java:run(1319)) - Stopping IPC Server Responder
2019-09-04 07:21:31,716 [SCM Heartbeat Processing Thread - 0] WARN  node.NodeStateManager (NodeStateManager.java:scheduleNextHealthCheck(655)) - Current Thread is interrupted, shutting down HB processing thread for Node Manager.
2019-09-04 07:21:31,716 [main] INFO  server.StorageContainerManager (StorageContainerManager.java:stop(819)) - Stopping block service RPC server
2019-09-04 07:21:31,716 [main] INFO  server.SCMBlockProtocolServer (SCMBlockProtocolServer.java:stop(148)) - Stopping the RPC server for Block Protocol
2019-09-04 07:21:31,716 [main] INFO  ipc.Server (Server.java:stop(3082)) - Stopping server on 36454
2019-09-04 07:21:31,717 [IPC Server listener on 36454] INFO  ipc.Server (Server.java:run(1185)) - Stopping IPC Server listener on 36454
2019-09-04 07:21:31,717 [main] INFO  server.StorageContainerManager (StorageContainerManager.java:stop(826)) - Stopping the StorageContainerLocationProtocol RPC server
2019-09-04 07:21:31,719 [main] INFO  server.SCMClientProtocolServer (SCMClientProtocolServer.java:stop(159)) - Stopping the RPC server for Client Protocol
2019-09-04 07:21:31,719 [main] INFO  ipc.Server (Server.java:stop(3082)) - Stopping server on 38042
2019-09-04 07:21:31,719 [IPC Server Responder] INFO  ipc.Server (Server.java:run(1319)) - Stopping IPC Server Responder
2019-09-04 07:21:31,721 [IPC Server listener on 38042] INFO  ipc.Server (Server.java:run(1185)) - Stopping IPC Server listener on 38042
2019-09-04 07:21:31,721 [main] INFO  server.StorageContainerManager (StorageContainerManager.java:stop(833)) - Stopping Storage Container Manager HTTP server.
2019-09-04 07:21:31,722 [IPC Server Responder] INFO  ipc.Server (Server.java:run(1319)) - Stopping IPC Server Responder
2019-09-04 07:21:31,723 [main] INFO  handler.ContextHandler (ContextHandler.java:doStop(910)) - Stopped o.e.j.w.WebAppContext@6fd6d887{/,null,UNAVAILABLE}{/scm}
2019-09-04 07:21:31,724 [main] INFO  server.AbstractConnector (AbstractConnector.java:doStop(318)) - Stopped ServerConnector@22e733f5{HTTP/1.1,[http/1.1]}{0.0.0.0:0}
2019-09-04 07:21:31,724 [main] INFO  handler.ContextHandler (ContextHandler.java:doStop(910)) - Stopped o.e.j.s.ServletContextHandler@14fe2e62{/static,file:///workdir/hadoop-ozone/integration-test/target/test-classes/webapps/static,UNAVAILABLE}
2019-09-04 07:21:31,724 [main] INFO  handler.ContextHandler (ContextHandler.java:doStop(910)) - Stopped o.e.j.s.ServletContextHandler@108ed58d{/logs,file:///workdir/hadoop-ozone/integration-test/target/log,UNAVAILABLE}
2019-09-04 07:21:31,725 [main] INFO  server.StorageContainerManager (StorageContainerManager.java:stop(844)) - Stopping Block Manager Service.
2019-09-04 07:21:31,725 [main] INFO  utils.BackgroundService (BackgroundService.java:shutdown(148)) - Shutting down service SCMBlockDeletingService
2019-09-04 07:21:31,725 [main] INFO  utils.BackgroundService (BackgroundService.java:shutdown(148)) - Shutting down service SCMBlockDeletingService
2019-09-04 07:21:31,725 [main] INFO  server.StorageContainerManager (StorageContainerManager.java:stop(866)) - Stopping SCM Event Queue.
2019-09-04 07:21:31,729 [main] INFO  impl.MetricsSystemImpl (MetricsSystemImpl.java:stop(210)) - Stopping HddsDatanode metrics system...
2019-09-04 07:21:31,736 [main] INFO  impl.MetricsSystemImpl (MetricsSystemImpl.java:stop(216)) - HddsDatanode metrics system stopped.
]]></system-out>
    <system-err><![CDATA[Sep 04, 2019 7:20:50 AM com.sun.jersey.server.impl.application.WebApplicationImpl _initiate
INFO: Initiating Jersey application, version 'Jersey: 1.19 02/11/2015 03:25 AM'
Sep 04, 2019 7:20:50 AM com.sun.jersey.server.impl.application.WebApplicationImpl _initiate
INFO: Initiating Jersey application, version 'Jersey: 1.19 02/11/2015 03:25 AM'
Sep 04, 2019 7:20:50 AM com.sun.jersey.server.impl.application.WebApplicationImpl _initiate
INFO: Initiating Jersey application, version 'Jersey: 1.19 02/11/2015 03:25 AM'
Sep 04, 2019 7:20:50 AM com.sun.jersey.server.impl.application.WebApplicationImpl _initiate
INFO: Initiating Jersey application, version 'Jersey: 1.19 02/11/2015 03:25 AM'
Sep 04, 2019 7:20:50 AM com.sun.jersey.server.impl.application.WebApplicationImpl _initiate
INFO: Initiating Jersey application, version 'Jersey: 1.19 02/11/2015 03:25 AM'
Sep 04, 2019 7:20:51 AM com.sun.jersey.server.impl.application.WebApplicationImpl _initiate
INFO: Initiating Jersey application, version 'Jersey: 1.19 02/11/2015 03:25 AM'
Sep 04, 2019 7:20:51 AM com.sun.jersey.server.impl.application.WebApplicationImpl _initiate
INFO: Initiating Jersey application, version 'Jersey: 1.19 02/11/2015 03:25 AM'
Sep 04, 2019 7:20:54 AM org.apache.ratis.thirdparty.io.grpc.internal.ManagedChannelOrphanWrapper$ManagedChannelReference cleanQueue
SEVERE: *~*~*~ Channel ManagedChannelImpl{logId=3281, target=192.168.34.9:39671} was not shutdown properly!!! ~*~*~*
    Make sure to call shutdown()/shutdownNow() and wait until awaitTermination() returns true.
java.lang.RuntimeException: ManagedChannel allocation site
	at org.apache.ratis.thirdparty.io.grpc.internal.ManagedChannelOrphanWrapper$ManagedChannelReference.<init>(ManagedChannelOrphanWrapper.java:103)
	at org.apache.ratis.thirdparty.io.grpc.internal.ManagedChannelOrphanWrapper.<init>(ManagedChannelOrphanWrapper.java:53)
	at org.apache.ratis.thirdparty.io.grpc.internal.ManagedChannelOrphanWrapper.<init>(ManagedChannelOrphanWrapper.java:44)
	at org.apache.ratis.thirdparty.io.grpc.internal.AbstractManagedChannelImplBuilder.build(AbstractManagedChannelImplBuilder.java:411)
	at org.apache.ratis.grpc.client.GrpcClientProtocolClient.<init>(GrpcClientProtocolClient.java:119)
	at org.apache.ratis.grpc.client.GrpcClientRpc.lambda$new$0(GrpcClientRpc.java:55)
	at org.apache.ratis.util.PeerProxyMap$PeerAndProxy.lambda$getProxy$0(PeerProxyMap.java:61)
	at org.apache.ratis.util.LifeCycle.startAndTransition(LifeCycle.java:202)
	at org.apache.ratis.util.PeerProxyMap$PeerAndProxy.getProxy(PeerProxyMap.java:60)
	at org.apache.ratis.util.PeerProxyMap.getProxy(PeerProxyMap.java:107)
	at org.apache.ratis.grpc.client.GrpcClientRpc.sendRequestAsync(GrpcClientRpc.java:66)
	at org.apache.ratis.client.impl.OrderedAsync.sendRequest(OrderedAsync.java:208)
	at org.apache.ratis.client.impl.OrderedAsync.sendRequestWithRetry(OrderedAsync.java:169)
	at org.apache.ratis.util.SlidingWindow$Client.sendOrDelayRequest(SlidingWindow.java:278)
	at org.apache.ratis.util.SlidingWindow$Client.retry(SlidingWindow.java:294)
	at org.apache.ratis.client.impl.OrderedAsync.lambda$scheduleWithTimeout$7(OrderedAsync.java:195)
	at org.apache.ratis.util.TimeoutScheduler.lambda$onTimeout$0(TimeoutScheduler.java:85)
	at org.apache.ratis.util.TimeoutScheduler.lambda$onTimeout$1(TimeoutScheduler.java:104)
	at org.apache.ratis.util.LogUtils.runAndLog(LogUtils.java:50)
	at org.apache.ratis.util.LogUtils$1.run(LogUtils.java:91)
	at java.util.concurrent.Executors$RunnableAdapter.call(Executors.java:511)
	at java.util.concurrent.FutureTask.run(FutureTask.java:266)
	at java.util.concurrent.ScheduledThreadPoolExecutor$ScheduledFutureTask.access$201(ScheduledThreadPoolExecutor.java:180)
	at java.util.concurrent.ScheduledThreadPoolExecutor$ScheduledFutureTask.run(ScheduledThreadPoolExecutor.java:293)
	at java.util.concurrent.ThreadPoolExecutor.runWorker(ThreadPoolExecutor.java:1149)
	at java.util.concurrent.ThreadPoolExecutor$Worker.run(ThreadPoolExecutor.java:624)
	at java.lang.Thread.run(Thread.java:748)

Sep 04, 2019 7:20:54 AM org.apache.ratis.thirdparty.io.grpc.internal.ManagedChannelOrphanWrapper$ManagedChannelReference cleanQueue
SEVERE: *~*~*~ Channel ManagedChannelImpl{logId=3270, target=192.168.34.9:39100} was not shutdown properly!!! ~*~*~*
    Make sure to call shutdown()/shutdownNow() and wait until awaitTermination() returns true.
java.lang.RuntimeException: ManagedChannel allocation site
	at org.apache.ratis.thirdparty.io.grpc.internal.ManagedChannelOrphanWrapper$ManagedChannelReference.<init>(ManagedChannelOrphanWrapper.java:103)
	at org.apache.ratis.thirdparty.io.grpc.internal.ManagedChannelOrphanWrapper.<init>(ManagedChannelOrphanWrapper.java:53)
	at org.apache.ratis.thirdparty.io.grpc.internal.ManagedChannelOrphanWrapper.<init>(ManagedChannelOrphanWrapper.java:44)
	at org.apache.ratis.thirdparty.io.grpc.internal.AbstractManagedChannelImplBuilder.build(AbstractManagedChannelImplBuilder.java:411)
	at org.apache.ratis.grpc.client.GrpcClientProtocolClient.<init>(GrpcClientProtocolClient.java:119)
	at org.apache.ratis.grpc.client.GrpcClientRpc.lambda$new$0(GrpcClientRpc.java:55)
	at org.apache.ratis.util.PeerProxyMap$PeerAndProxy.lambda$getProxy$0(PeerProxyMap.java:61)
	at org.apache.ratis.util.LifeCycle.startAndTransition(LifeCycle.java:202)
	at org.apache.ratis.util.PeerProxyMap$PeerAndProxy.getProxy(PeerProxyMap.java:60)
	at org.apache.ratis.util.PeerProxyMap.getProxy(PeerProxyMap.java:107)
	at org.apache.ratis.grpc.client.GrpcClientRpc.sendRequestAsync(GrpcClientRpc.java:66)
	at org.apache.ratis.client.impl.OrderedAsync.sendRequest(OrderedAsync.java:208)
	at org.apache.ratis.client.impl.OrderedAsync.sendRequestWithRetry(OrderedAsync.java:169)
	at org.apache.ratis.util.SlidingWindow$Client.sendOrDelayRequest(SlidingWindow.java:278)
	at org.apache.ratis.util.SlidingWindow$Client.retry(SlidingWindow.java:294)
	at org.apache.ratis.client.impl.OrderedAsync.lambda$scheduleWithTimeout$7(OrderedAsync.java:195)
	at org.apache.ratis.util.TimeoutScheduler.lambda$onTimeout$0(TimeoutScheduler.java:85)
	at org.apache.ratis.util.TimeoutScheduler.lambda$onTimeout$1(TimeoutScheduler.java:104)
	at org.apache.ratis.util.LogUtils.runAndLog(LogUtils.java:50)
	at org.apache.ratis.util.LogUtils$1.run(LogUtils.java:91)
	at java.util.concurrent.Executors$RunnableAdapter.call(Executors.java:511)
	at java.util.concurrent.FutureTask.run(FutureTask.java:266)
	at java.util.concurrent.ScheduledThreadPoolExecutor$ScheduledFutureTask.access$201(ScheduledThreadPoolExecutor.java:180)
	at java.util.concurrent.ScheduledThreadPoolExecutor$ScheduledFutureTask.run(ScheduledThreadPoolExecutor.java:293)
	at java.util.concurrent.ThreadPoolExecutor.runWorker(ThreadPoolExecutor.java:1149)
	at java.util.concurrent.ThreadPoolExecutor$Worker.run(ThreadPoolExecutor.java:624)
	at java.lang.Thread.run(Thread.java:748)

Sep 04, 2019 7:20:54 AM org.apache.ratis.thirdparty.io.grpc.internal.ManagedChannelOrphanWrapper$ManagedChannelReference cleanQueue
SEVERE: *~*~*~ Channel ManagedChannelImpl{logId=3286, target=192.168.34.9:32814} was not shutdown properly!!! ~*~*~*
    Make sure to call shutdown()/shutdownNow() and wait until awaitTermination() returns true.
java.lang.RuntimeException: ManagedChannel allocation site
	at org.apache.ratis.thirdparty.io.grpc.internal.ManagedChannelOrphanWrapper$ManagedChannelReference.<init>(ManagedChannelOrphanWrapper.java:103)
	at org.apache.ratis.thirdparty.io.grpc.internal.ManagedChannelOrphanWrapper.<init>(ManagedChannelOrphanWrapper.java:53)
	at org.apache.ratis.thirdparty.io.grpc.internal.ManagedChannelOrphanWrapper.<init>(ManagedChannelOrphanWrapper.java:44)
	at org.apache.ratis.thirdparty.io.grpc.internal.AbstractManagedChannelImplBuilder.build(AbstractManagedChannelImplBuilder.java:411)
	at org.apache.hadoop.hdds.scm.XceiverClientGrpc.connectToDatanode(XceiverClientGrpc.java:175)
	at org.apache.hadoop.hdds.scm.XceiverClientGrpc.reconnect(XceiverClientGrpc.java:423)
	at org.apache.hadoop.hdds.scm.XceiverClientGrpc.sendCommandAsync(XceiverClientGrpc.java:372)
	at org.apache.hadoop.hdds.scm.XceiverClientGrpc.sendCommandWithRetry(XceiverClientGrpc.java:285)
	at org.apache.hadoop.hdds.scm.XceiverClientGrpc.sendCommandWithTraceIDAndRetry(XceiverClientGrpc.java:251)
	at org.apache.hadoop.hdds.scm.XceiverClientGrpc.sendCommand(XceiverClientGrpc.java:234)
	at org.apache.hadoop.hdds.scm.storage.ContainerProtocolCalls.getBlock(ContainerProtocolCalls.java:118)
	at org.apache.hadoop.hdds.scm.storage.BlockInputStream.getChunkInfos(BlockInputStream.java:167)
	at org.apache.hadoop.hdds.scm.storage.BlockInputStream.initialize(BlockInputStream.java:118)
	at org.apache.hadoop.hdds.scm.storage.BlockInputStream.read(BlockInputStream.java:222)
	at org.apache.hadoop.ozone.client.io.KeyInputStream.read(KeyInputStream.java:171)
	at org.apache.hadoop.ozone.client.io.OzoneInputStream.read(OzoneInputStream.java:47)
	at java.io.InputStream.read(InputStream.java:101)
	at org.apache.hadoop.ozone.container.ContainerTestHelper.validateData(ContainerTestHelper.java:713)
	at org.apache.hadoop.ozone.client.rpc.TestBlockOutputStreamWithFailures.validateData(TestBlockOutputStreamWithFailures.java:1216)
	at org.apache.hadoop.ozone.client.rpc.TestBlockOutputStreamWithFailures.testFailureWithPrimeSizedData(TestBlockOutputStreamWithFailures.java:662)
	at sun.reflect.NativeMethodAccessorImpl.invoke0(Native Method)
	at sun.reflect.NativeMethodAccessorImpl.invoke(NativeMethodAccessorImpl.java:62)
	at sun.reflect.DelegatingMethodAccessorImpl.invoke(DelegatingMethodAccessorImpl.java:43)
	at java.lang.reflect.Method.invoke(Method.java:498)
	at org.junit.runners.model.FrameworkMethod$1.runReflectiveCall(FrameworkMethod.java:47)
	at org.junit.internal.runners.model.ReflectiveCallable.run(ReflectiveCallable.java:12)
	at org.junit.runners.model.FrameworkMethod.invokeExplosively(FrameworkMethod.java:44)
	at org.junit.internal.runners.statements.InvokeMethod.evaluate(InvokeMethod.java:17)
	at org.junit.internal.runners.statements.RunBefores.evaluate(RunBefores.java:26)
	at org.junit.internal.runners.statements.RunAfters.evaluate(RunAfters.java:27)
	at org.junit.runners.ParentRunner.runLeaf(ParentRunner.java:271)
	at org.junit.runners.BlockJUnit4ClassRunner.runChild(BlockJUnit4ClassRunner.java:70)
	at org.junit.runners.BlockJUnit4ClassRunner.runChild(BlockJUnit4ClassRunner.java:50)
	at org.junit.runners.ParentRunner$3.run(ParentRunner.java:238)
	at org.junit.runners.ParentRunner$1.schedule(ParentRunner.java:63)
	at org.junit.runners.ParentRunner.runChildren(ParentRunner.java:236)
	at org.junit.runners.ParentRunner.access$000(ParentRunner.java:53)
	at org.junit.runners.ParentRunner$2.evaluate(ParentRunner.java:229)
	at org.junit.runners.ParentRunner.run(ParentRunner.java:309)
	at org.apache.maven.surefire.junit4.JUnit4Provider.execute(JUnit4Provider.java:365)
	at org.apache.maven.surefire.junit4.JUnit4Provider.executeWithRerun(JUnit4Provider.java:273)
	at org.apache.maven.surefire.junit4.JUnit4Provider.executeTestSet(JUnit4Provider.java:238)
	at org.apache.maven.surefire.junit4.JUnit4Provider.invoke(JUnit4Provider.java:159)
	at org.apache.maven.surefire.booter.ForkedBooter.invokeProviderInSameClassLoader(ForkedBooter.java:384)
	at org.apache.maven.surefire.booter.ForkedBooter.runSuitesInProcess(ForkedBooter.java:345)
	at org.apache.maven.surefire.booter.ForkedBooter.execute(ForkedBooter.java:126)
	at org.apache.maven.surefire.booter.ForkedBooter.main(ForkedBooter.java:418)

Sep 04, 2019 7:20:54 AM org.apache.ratis.thirdparty.io.grpc.internal.ManagedChannelOrphanWrapper$ManagedChannelReference cleanQueue
SEVERE: *~*~*~ Channel ManagedChannelImpl{logId=3291, target=192.168.34.9:45080} was not shutdown properly!!! ~*~*~*
    Make sure to call shutdown()/shutdownNow() and wait until awaitTermination() returns true.
java.lang.RuntimeException: ManagedChannel allocation site
	at org.apache.ratis.thirdparty.io.grpc.internal.ManagedChannelOrphanWrapper$ManagedChannelReference.<init>(ManagedChannelOrphanWrapper.java:103)
	at org.apache.ratis.thirdparty.io.grpc.internal.ManagedChannelOrphanWrapper.<init>(ManagedChannelOrphanWrapper.java:53)
	at org.apache.ratis.thirdparty.io.grpc.internal.ManagedChannelOrphanWrapper.<init>(ManagedChannelOrphanWrapper.java:44)
	at org.apache.ratis.thirdparty.io.grpc.internal.AbstractManagedChannelImplBuilder.build(AbstractManagedChannelImplBuilder.java:411)
	at org.apache.hadoop.hdds.scm.XceiverClientGrpc.connectToDatanode(XceiverClientGrpc.java:175)
	at org.apache.hadoop.hdds.scm.XceiverClientGrpc.reconnect(XceiverClientGrpc.java:423)
	at org.apache.hadoop.hdds.scm.XceiverClientGrpc.sendCommandAsync(XceiverClientGrpc.java:372)
	at org.apache.hadoop.hdds.scm.XceiverClientGrpc.sendCommandWithRetry(XceiverClientGrpc.java:285)
	at org.apache.hadoop.hdds.scm.XceiverClientGrpc.sendCommandWithTraceIDAndRetry(XceiverClientGrpc.java:251)
	at org.apache.hadoop.hdds.scm.XceiverClientGrpc.sendCommand(XceiverClientGrpc.java:234)
	at org.apache.hadoop.hdds.scm.storage.ContainerProtocolCalls.readChunk(ContainerProtocolCalls.java:245)
	at org.apache.hadoop.hdds.scm.storage.ChunkInputStream.readChunk(ChunkInputStream.java:335)
	at org.apache.hadoop.hdds.scm.storage.ChunkInputStream.readChunkFromContainer(ChunkInputStream.java:307)
	at org.apache.hadoop.hdds.scm.storage.ChunkInputStream.prepareRead(ChunkInputStream.java:259)
	at org.apache.hadoop.hdds.scm.storage.ChunkInputStream.read(ChunkInputStream.java:144)
	at org.apache.hadoop.hdds.scm.storage.BlockInputStream.read(BlockInputStream.java:239)
	at org.apache.hadoop.ozone.client.io.KeyInputStream.read(KeyInputStream.java:171)
	at org.apache.hadoop.ozone.client.io.OzoneInputStream.read(OzoneInputStream.java:47)
	at java.io.InputStream.read(InputStream.java:101)
	at org.apache.hadoop.ozone.container.ContainerTestHelper.validateData(ContainerTestHelper.java:713)
	at org.apache.hadoop.ozone.client.rpc.TestBlockOutputStreamWithFailures.validateData(TestBlockOutputStreamWithFailures.java:1216)
	at org.apache.hadoop.ozone.client.rpc.TestBlockOutputStreamWithFailures.testFailureWithPrimeSizedData(TestBlockOutputStreamWithFailures.java:662)
	at sun.reflect.NativeMethodAccessorImpl.invoke0(Native Method)
	at sun.reflect.NativeMethodAccessorImpl.invoke(NativeMethodAccessorImpl.java:62)
	at sun.reflect.DelegatingMethodAccessorImpl.invoke(DelegatingMethodAccessorImpl.java:43)
	at java.lang.reflect.Method.invoke(Method.java:498)
	at org.junit.runners.model.FrameworkMethod$1.runReflectiveCall(FrameworkMethod.java:47)
	at org.junit.internal.runners.model.ReflectiveCallable.run(ReflectiveCallable.java:12)
	at org.junit.runners.model.FrameworkMethod.invokeExplosively(FrameworkMethod.java:44)
	at org.junit.internal.runners.statements.InvokeMethod.evaluate(InvokeMethod.java:17)
	at org.junit.internal.runners.statements.RunBefores.evaluate(RunBefores.java:26)
	at org.junit.internal.runners.statements.RunAfters.evaluate(RunAfters.java:27)
	at org.junit.runners.ParentRunner.runLeaf(ParentRunner.java:271)
	at org.junit.runners.BlockJUnit4ClassRunner.runChild(BlockJUnit4ClassRunner.java:70)
	at org.junit.runners.BlockJUnit4ClassRunner.runChild(BlockJUnit4ClassRunner.java:50)
	at org.junit.runners.ParentRunner$3.run(ParentRunner.java:238)
	at org.junit.runners.ParentRunner$1.schedule(ParentRunner.java:63)
	at org.junit.runners.ParentRunner.runChildren(ParentRunner.java:236)
	at org.junit.runners.ParentRunner.access$000(ParentRunner.java:53)
	at org.junit.runners.ParentRunner$2.evaluate(ParentRunner.java:229)
	at org.junit.runners.ParentRunner.run(ParentRunner.java:309)
	at org.apache.maven.surefire.junit4.JUnit4Provider.execute(JUnit4Provider.java:365)
	at org.apache.maven.surefire.junit4.JUnit4Provider.executeWithRerun(JUnit4Provider.java:273)
	at org.apache.maven.surefire.junit4.JUnit4Provider.executeTestSet(JUnit4Provider.java:238)
	at org.apache.maven.surefire.junit4.JUnit4Provider.invoke(JUnit4Provider.java:159)
	at org.apache.maven.surefire.booter.ForkedBooter.invokeProviderInSameClassLoader(ForkedBooter.java:384)
	at org.apache.maven.surefire.booter.ForkedBooter.runSuitesInProcess(ForkedBooter.java:345)
	at org.apache.maven.surefire.booter.ForkedBooter.execute(ForkedBooter.java:126)
	at org.apache.maven.surefire.booter.ForkedBooter.main(ForkedBooter.java:418)

Sep 04, 2019 7:20:54 AM org.apache.ratis.thirdparty.io.grpc.internal.ManagedChannelOrphanWrapper$ManagedChannelReference cleanQueue
SEVERE: *~*~*~ Channel ManagedChannelImpl{logId=3296, target=192.168.34.9:44712} was not shutdown properly!!! ~*~*~*
    Make sure to call shutdown()/shutdownNow() and wait until awaitTermination() returns true.
java.lang.RuntimeException: ManagedChannel allocation site
	at org.apache.ratis.thirdparty.io.grpc.internal.ManagedChannelOrphanWrapper$ManagedChannelReference.<init>(ManagedChannelOrphanWrapper.java:103)
	at org.apache.ratis.thirdparty.io.grpc.internal.ManagedChannelOrphanWrapper.<init>(ManagedChannelOrphanWrapper.java:53)
	at org.apache.ratis.thirdparty.io.grpc.internal.ManagedChannelOrphanWrapper.<init>(ManagedChannelOrphanWrapper.java:44)
	at org.apache.ratis.thirdparty.io.grpc.internal.AbstractManagedChannelImplBuilder.build(AbstractManagedChannelImplBuilder.java:411)
	at org.apache.hadoop.hdds.scm.XceiverClientGrpc.connectToDatanode(XceiverClientGrpc.java:175)
	at org.apache.hadoop.hdds.scm.XceiverClientGrpc.reconnect(XceiverClientGrpc.java:423)
	at org.apache.hadoop.hdds.scm.XceiverClientGrpc.sendCommandAsync(XceiverClientGrpc.java:372)
	at org.apache.hadoop.hdds.scm.XceiverClientGrpc.sendCommandWithRetry(XceiverClientGrpc.java:285)
	at org.apache.hadoop.hdds.scm.XceiverClientGrpc.sendCommandWithTraceIDAndRetry(XceiverClientGrpc.java:251)
	at org.apache.hadoop.hdds.scm.XceiverClientGrpc.sendCommand(XceiverClientGrpc.java:234)
	at org.apache.hadoop.hdds.scm.storage.ContainerProtocolCalls.getBlock(ContainerProtocolCalls.java:118)
	at org.apache.hadoop.hdds.scm.storage.BlockInputStream.getChunkInfos(BlockInputStream.java:167)
	at org.apache.hadoop.hdds.scm.storage.BlockInputStream.initialize(BlockInputStream.java:118)
	at org.apache.hadoop.hdds.scm.storage.BlockInputStream.read(BlockInputStream.java:222)
	at org.apache.hadoop.ozone.client.io.KeyInputStream.read(KeyInputStream.java:171)
	at org.apache.hadoop.ozone.client.io.OzoneInputStream.read(OzoneInputStream.java:47)
	at java.io.InputStream.read(InputStream.java:101)
	at org.apache.hadoop.ozone.container.ContainerTestHelper.validateData(ContainerTestHelper.java:713)
	at org.apache.hadoop.ozone.client.rpc.TestBlockOutputStreamWithFailures.validateData(TestBlockOutputStreamWithFailures.java:1216)
	at org.apache.hadoop.ozone.client.rpc.TestBlockOutputStreamWithFailures.testFailureWithPrimeSizedData(TestBlockOutputStreamWithFailures.java:662)
	at sun.reflect.NativeMethodAccessorImpl.invoke0(Native Method)
	at sun.reflect.NativeMethodAccessorImpl.invoke(NativeMethodAccessorImpl.java:62)
	at sun.reflect.DelegatingMethodAccessorImpl.invoke(DelegatingMethodAccessorImpl.java:43)
	at java.lang.reflect.Method.invoke(Method.java:498)
	at org.junit.runners.model.FrameworkMethod$1.runReflectiveCall(FrameworkMethod.java:47)
	at org.junit.internal.runners.model.ReflectiveCallable.run(ReflectiveCallable.java:12)
	at org.junit.runners.model.FrameworkMethod.invokeExplosively(FrameworkMethod.java:44)
	at org.junit.internal.runners.statements.InvokeMethod.evaluate(InvokeMethod.java:17)
	at org.junit.internal.runners.statements.RunBefores.evaluate(RunBefores.java:26)
	at org.junit.internal.runners.statements.RunAfters.evaluate(RunAfters.java:27)
	at org.junit.runners.ParentRunner.runLeaf(ParentRunner.java:271)
	at org.junit.runners.BlockJUnit4ClassRunner.runChild(BlockJUnit4ClassRunner.java:70)
	at org.junit.runners.BlockJUnit4ClassRunner.runChild(BlockJUnit4ClassRunner.java:50)
	at org.junit.runners.ParentRunner$3.run(ParentRunner.java:238)
	at org.junit.runners.ParentRunner$1.schedule(ParentRunner.java:63)
	at org.junit.runners.ParentRunner.runChildren(ParentRunner.java:236)
	at org.junit.runners.ParentRunner.access$000(ParentRunner.java:53)
	at org.junit.runners.ParentRunner$2.evaluate(ParentRunner.java:229)
	at org.junit.runners.ParentRunner.run(ParentRunner.java:309)
	at org.apache.maven.surefire.junit4.JUnit4Provider.execute(JUnit4Provider.java:365)
	at org.apache.maven.surefire.junit4.JUnit4Provider.executeWithRerun(JUnit4Provider.java:273)
	at org.apache.maven.surefire.junit4.JUnit4Provider.executeTestSet(JUnit4Provider.java:238)
	at org.apache.maven.surefire.junit4.JUnit4Provider.invoke(JUnit4Provider.java:159)
	at org.apache.maven.surefire.booter.ForkedBooter.invokeProviderInSameClassLoader(ForkedBooter.java:384)
	at org.apache.maven.surefire.booter.ForkedBooter.runSuitesInProcess(ForkedBooter.java:345)
	at org.apache.maven.surefire.booter.ForkedBooter.execute(ForkedBooter.java:126)
	at org.apache.maven.surefire.booter.ForkedBooter.main(ForkedBooter.java:418)

Sep 04, 2019 7:20:54 AM org.apache.ratis.thirdparty.io.grpc.internal.ManagedChannelOrphanWrapper$ManagedChannelReference cleanQueue
SEVERE: *~*~*~ Channel ManagedChannelImpl{logId=3301, target=192.168.34.9:43771} was not shutdown properly!!! ~*~*~*
    Make sure to call shutdown()/shutdownNow() and wait until awaitTermination() returns true.
java.lang.RuntimeException: ManagedChannel allocation site
	at org.apache.ratis.thirdparty.io.grpc.internal.ManagedChannelOrphanWrapper$ManagedChannelReference.<init>(ManagedChannelOrphanWrapper.java:103)
	at org.apache.ratis.thirdparty.io.grpc.internal.ManagedChannelOrphanWrapper.<init>(ManagedChannelOrphanWrapper.java:53)
	at org.apache.ratis.thirdparty.io.grpc.internal.ManagedChannelOrphanWrapper.<init>(ManagedChannelOrphanWrapper.java:44)
	at org.apache.ratis.thirdparty.io.grpc.internal.AbstractManagedChannelImplBuilder.build(AbstractManagedChannelImplBuilder.java:411)
	at org.apache.hadoop.hdds.scm.XceiverClientGrpc.connectToDatanode(XceiverClientGrpc.java:175)
	at org.apache.hadoop.hdds.scm.XceiverClientGrpc.reconnect(XceiverClientGrpc.java:423)
	at org.apache.hadoop.hdds.scm.XceiverClientGrpc.sendCommandAsync(XceiverClientGrpc.java:372)
	at org.apache.hadoop.hdds.scm.XceiverClientGrpc.sendCommandWithRetry(XceiverClientGrpc.java:285)
	at org.apache.hadoop.hdds.scm.XceiverClientGrpc.sendCommandWithTraceIDAndRetry(XceiverClientGrpc.java:251)
	at org.apache.hadoop.hdds.scm.XceiverClientGrpc.sendCommand(XceiverClientGrpc.java:234)
	at org.apache.hadoop.hdds.scm.storage.ContainerProtocolCalls.readChunk(ContainerProtocolCalls.java:245)
	at org.apache.hadoop.hdds.scm.storage.ChunkInputStream.readChunk(ChunkInputStream.java:335)
	at org.apache.hadoop.hdds.scm.storage.ChunkInputStream.readChunkFromContainer(ChunkInputStream.java:307)
	at org.apache.hadoop.hdds.scm.storage.ChunkInputStream.prepareRead(ChunkInputStream.java:259)
	at org.apache.hadoop.hdds.scm.storage.ChunkInputStream.read(ChunkInputStream.java:144)
	at org.apache.hadoop.hdds.scm.storage.BlockInputStream.read(BlockInputStream.java:239)
	at org.apache.hadoop.ozone.client.io.KeyInputStream.read(KeyInputStream.java:171)
	at org.apache.hadoop.ozone.client.io.OzoneInputStream.read(OzoneInputStream.java:47)
	at java.io.InputStream.read(InputStream.java:101)
	at org.apache.hadoop.ozone.container.ContainerTestHelper.validateData(ContainerTestHelper.java:713)
	at org.apache.hadoop.ozone.client.rpc.TestBlockOutputStreamWithFailures.validateData(TestBlockOutputStreamWithFailures.java:1216)
	at org.apache.hadoop.ozone.client.rpc.TestBlockOutputStreamWithFailures.testFailureWithPrimeSizedData(TestBlockOutputStreamWithFailures.java:662)
	at sun.reflect.NativeMethodAccessorImpl.invoke0(Native Method)
	at sun.reflect.NativeMethodAccessorImpl.invoke(NativeMethodAccessorImpl.java:62)
	at sun.reflect.DelegatingMethodAccessorImpl.invoke(DelegatingMethodAccessorImpl.java:43)
	at java.lang.reflect.Method.invoke(Method.java:498)
	at org.junit.runners.model.FrameworkMethod$1.runReflectiveCall(FrameworkMethod.java:47)
	at org.junit.internal.runners.model.ReflectiveCallable.run(ReflectiveCallable.java:12)
	at org.junit.runners.model.FrameworkMethod.invokeExplosively(FrameworkMethod.java:44)
	at org.junit.internal.runners.statements.InvokeMethod.evaluate(InvokeMethod.java:17)
	at org.junit.internal.runners.statements.RunBefores.evaluate(RunBefores.java:26)
	at org.junit.internal.runners.statements.RunAfters.evaluate(RunAfters.java:27)
	at org.junit.runners.ParentRunner.runLeaf(ParentRunner.java:271)
	at org.junit.runners.BlockJUnit4ClassRunner.runChild(BlockJUnit4ClassRunner.java:70)
	at org.junit.runners.BlockJUnit4ClassRunner.runChild(BlockJUnit4ClassRunner.java:50)
	at org.junit.runners.ParentRunner$3.run(ParentRunner.java:238)
	at org.junit.runners.ParentRunner$1.schedule(ParentRunner.java:63)
	at org.junit.runners.ParentRunner.runChildren(ParentRunner.java:236)
	at org.junit.runners.ParentRunner.access$000(ParentRunner.java:53)
	at org.junit.runners.ParentRunner$2.evaluate(ParentRunner.java:229)
	at org.junit.runners.ParentRunner.run(ParentRunner.java:309)
	at org.apache.maven.surefire.junit4.JUnit4Provider.execute(JUnit4Provider.java:365)
	at org.apache.maven.surefire.junit4.JUnit4Provider.executeWithRerun(JUnit4Provider.java:273)
	at org.apache.maven.surefire.junit4.JUnit4Provider.executeTestSet(JUnit4Provider.java:238)
	at org.apache.maven.surefire.junit4.JUnit4Provider.invoke(JUnit4Provider.java:159)
	at org.apache.maven.surefire.booter.ForkedBooter.invokeProviderInSameClassLoader(ForkedBooter.java:384)
	at org.apache.maven.surefire.booter.ForkedBooter.runSuitesInProcess(ForkedBooter.java:345)
	at org.apache.maven.surefire.booter.ForkedBooter.execute(ForkedBooter.java:126)
	at org.apache.maven.surefire.booter.ForkedBooter.main(ForkedBooter.java:418)

]]></system-err>
  </testcase>
  <testcase name="testExceptionDuringClose" classname="org.apache.hadoop.ozone.client.rpc.TestBlockOutputStreamWithFailures" time="41.37"/>
</testsuite>