<?xml version="1.0" encoding="UTF-8"?>
<testsuite xmlns:xsi="http://www.w3.org/2001/XMLSchema-instance" xsi:noNamespaceSchemaLocation="https://maven.apache.org/surefire/maven-surefire-plugin/xsd/surefire-test-report.xsd" name="org.apache.hadoop.ozone.client.rpc.TestCommitWatcher" time="87.354" tests="2" errors="0" skipped="0" failures="1">
  <properties>
    <property name="awt.toolkit" value="sun.awt.X11.XToolkit"/>
    <property name="file.encoding.pkg" value="sun.io"/>
    <property name="java.specification.version" value="1.8"/>
    <property name="sun.cpu.isalist" value=""/>
    <property name="sun.jnu.encoding" value="UTF-8"/>
    <property name="java.class.path" value="/workdir/hadoop-ozone/integration-test/target/test-classes:/workdir/hadoop-ozone/integration-test/target/classes:/home/user/.m2/repository/org/apache/hadoop/hadoop-ozone-common/0.5.0-SNAPSHOT/hadoop-ozone-common-0.5.0-SNAPSHOT.jar:/home/user/.m2/repository/org/apache/commons/commons-compress/1.4.1/commons-compress-1.4.1.jar:/home/user/.m2/repository/org/tukaani/xz/1.0/xz-1.0.jar:/home/user/.m2/repository/org/apache/hadoop/hadoop-common/3.2.0/hadoop-common-3.2.0.jar:/home/user/.m2/repository/org/apache/hadoop/hadoop-hdfs/3.2.0/hadoop-hdfs-3.2.0.jar:/home/user/.m2/repository/org/apache/hadoop/hadoop-hdfs-client/3.2.0/hadoop-hdfs-client-3.2.0.jar:/home/user/.m2/repository/com/fasterxml/jackson/core/jackson-annotations/2.9.5/jackson-annotations-2.9.5.jar:/home/user/.m2/repository/org/apache/hadoop/hadoop-hdds-common/0.5.0-SNAPSHOT/hadoop-hdds-common-0.5.0-SNAPSHOT.jar:/home/user/.m2/repository/javax/annotation/javax.annotation-api/1.2/javax.annotation-api-1.2.jar:/home/user/.m2/repository/org/apache/ratis/ratis-server/0.4.0-2337318-SNAPSHOT/ratis-server-0.4.0-2337318-SNAPSHOT.jar:/home/user/.m2/repository/org/apache/ratis/ratis-thirdparty-misc/0.2.0/ratis-thirdparty-misc-0.2.0.jar:/home/user/.m2/repository/org/apache/ratis/ratis-proto/0.4.0-2337318-SNAPSHOT/ratis-proto-0.4.0-2337318-SNAPSHOT.jar:/home/user/.m2/repository/org/apache/ratis/ratis-common/0.4.0-2337318-SNAPSHOT/ratis-common-0.4.0-2337318-SNAPSHOT.jar:/home/user/.m2/repository/org/apache/ratis/ratis-client/0.4.0-2337318-SNAPSHOT/ratis-client-0.4.0-2337318-SNAPSHOT.jar:/home/user/.m2/repository/org/apache/ratis/ratis-metrics/0.4.0-2337318-SNAPSHOT/ratis-metrics-0.4.0-2337318-SNAPSHOT.jar:/home/user/.m2/repository/org/apache/ratis/ratis-netty/0.4.0-2337318-SNAPSHOT/ratis-netty-0.4.0-2337318-SNAPSHOT.jar:/home/user/.m2/repository/org/apache/ratis/ratis-grpc/0.4.0-2337318-SNAPSHOT/ratis-grpc-0.4.0-2337318-SNAPSHOT.jar:/home/user/.m2/repository/org/rocksdb/rocksdbjni/6.0.1/rocksdbjni-6.0.1.jar:/home/user/.m2/repository/org/apache/logging/log4j/log4j-api/2.11.0/log4j-api-2.11.0.jar:/home/user/.m2/repository/org/apache/logging/log4j/log4j-core/2.11.0/log4j-core-2.11.0.jar:/home/user/.m2/repository/com/lmax/disruptor/3.4.2/disruptor-3.4.2.jar:/home/user/.m2/repository/org/apache/commons/commons-pool2/2.6.0/commons-pool2-2.6.0.jar:/home/user/.m2/repository/org/bouncycastle/bcpkix-jdk15on/1.60/bcpkix-jdk15on-1.60.jar:/home/user/.m2/repository/commons-validator/commons-validator/1.6/commons-validator-1.6.jar:/home/user/.m2/repository/commons-digester/commons-digester/1.8.1/commons-digester-1.8.1.jar:/home/user/.m2/repository/io/jaegertracing/jaeger-client/0.33.1/jaeger-client-0.33.1.jar:/home/user/.m2/repository/io/jaegertracing/jaeger-thrift/0.33.1/jaeger-thrift-0.33.1.jar:/home/user/.m2/repository/org/apache/thrift/libthrift/0.11.0/libthrift-0.11.0.jar:/home/user/.m2/repository/com/squareup/okhttp3/okhttp/3.9.0/okhttp-3.9.0.jar:/home/user/.m2/repository/com/squareup/okio/okio/1.13.0/okio-1.13.0.jar:/home/user/.m2/repository/io/jaegertracing/jaeger-core/0.33.1/jaeger-core-0.33.1.jar:/home/user/.m2/repository/io/jaegertracing/jaeger-tracerresolver/0.33.1/jaeger-tracerresolver-0.33.1.jar:/home/user/.m2/repository/io/opentracing/contrib/opentracing-tracerresolver/0.1.5/opentracing-tracerresolver-0.1.5.jar:/home/user/.m2/repository/io/opentracing/opentracing-util/0.31.0/opentracing-util-0.31.0.jar:/home/user/.m2/repository/io/opentracing/opentracing-api/0.31.0/opentracing-api-0.31.0.jar:/home/user/.m2/repository/io/opentracing/opentracing-noop/0.31.0/opentracing-noop-0.31.0.jar:/home/user/.m2/repository/org/apache/hadoop/hadoop-hdds-server-framework/0.5.0-SNAPSHOT/hadoop-hdds-server-framework-0.5.0-SNAPSHOT.jar:/home/user/.m2/repository/org/apache/hadoop/hadoop-hdds-container-service/0.5.0-SNAPSHOT/hadoop-hdds-container-service-0.5.0-SNAPSHOT.jar:/home/user/.m2/repository/org/apache/hadoop/hadoop-hdds-client/0.5.0-SNAPSHOT/hadoop-hdds-client-0.5.0-SNAPSHOT.jar:/home/user/.m2/repository/org/apache/hadoop/hadoop-hdds-tools/0.5.0-SNAPSHOT/hadoop-hdds-tools-0.5.0-SNAPSHOT.jar:/home/user/.m2/repository/org/apache/hadoop/hadoop-hdds-server-scm/0.5.0-SNAPSHOT/hadoop-hdds-server-scm-0.5.0-SNAPSHOT.jar:/home/user/.m2/repository/org/apache/hadoop/hadoop-hdds-docs/0.5.0-SNAPSHOT/hadoop-hdds-docs-0.5.0-SNAPSHOT.jar:/home/user/.m2/repository/io/dropwizard/metrics/metrics-core/3.2.4/metrics-core-3.2.4.jar:/home/user/.m2/repository/org/hamcrest/hamcrest-all/1.3/hamcrest-all-1.3.jar:/home/user/.m2/repository/org/bouncycastle/bcprov-jdk15on/1.60/bcprov-jdk15on-1.60.jar:/home/user/.m2/repository/info/picocli/picocli/3.9.6/picocli-3.9.6.jar:/home/user/.m2/repository/com/google/protobuf/protobuf-java/2.5.0/protobuf-java-2.5.0.jar:/home/user/.m2/repository/com/google/guava/guava/11.0.2/guava-11.0.2.jar:/home/user/.m2/repository/org/apache/hadoop/hadoop-ozone-ozone-manager/0.5.0-SNAPSHOT/hadoop-ozone-ozone-manager-0.5.0-SNAPSHOT.jar:/home/user/.m2/repository/org/apache/hadoop/hadoop-minikdc/3.2.0/hadoop-minikdc-3.2.0.jar:/home/user/.m2/repository/commons-io/commons-io/2.5/commons-io-2.5.jar:/home/user/.m2/repository/org/apache/kerby/kerb-simplekdc/1.0.1/kerb-simplekdc-1.0.1.jar:/home/user/.m2/repository/org/apache/kerby/kerb-client/1.0.1/kerb-client-1.0.1.jar:/home/user/.m2/repository/org/apache/kerby/kerby-config/1.0.1/kerby-config-1.0.1.jar:/home/user/.m2/repository/org/apache/kerby/kerb-core/1.0.1/kerb-core-1.0.1.jar:/home/user/.m2/repository/org/apache/kerby/kerby-pkix/1.0.1/kerby-pkix-1.0.1.jar:/home/user/.m2/repository/org/apache/kerby/kerby-asn1/1.0.1/kerby-asn1-1.0.1.jar:/home/user/.m2/repository/org/apache/kerby/kerby-util/1.0.1/kerby-util-1.0.1.jar:/home/user/.m2/repository/org/apache/kerby/kerb-common/1.0.1/kerb-common-1.0.1.jar:/home/user/.m2/repository/org/apache/kerby/kerb-crypto/1.0.1/kerb-crypto-1.0.1.jar:/home/user/.m2/repository/org/apache/kerby/kerb-util/1.0.1/kerb-util-1.0.1.jar:/home/user/.m2/repository/org/apache/kerby/token-provider/1.0.1/token-provider-1.0.1.jar:/home/user/.m2/repository/org/apache/kerby/kerb-admin/1.0.1/kerb-admin-1.0.1.jar:/home/user/.m2/repository/org/apache/kerby/kerb-server/1.0.1/kerb-server-1.0.1.jar:/home/user/.m2/repository/org/apache/kerby/kerb-identity/1.0.1/kerb-identity-1.0.1.jar:/home/user/.m2/repository/org/apache/kerby/kerby-xdr/1.0.1/kerby-xdr-1.0.1.jar:/home/user/.m2/repository/org/slf4j/slf4j-log4j12/1.7.25/slf4j-log4j12-1.7.25.jar:/home/user/.m2/repository/org/apache/hadoop/hadoop-ozone-objectstore-service/0.5.0-SNAPSHOT/hadoop-ozone-objectstore-service-0.5.0-SNAPSHOT.jar:/home/user/.m2/repository/org/apache/hadoop/hadoop-ozone-s3gateway/0.5.0-SNAPSHOT/hadoop-ozone-s3gateway-0.5.0-SNAPSHOT.jar:/home/user/.m2/repository/org/jboss/weld/servlet/weld-servlet/2.4.7.Final/weld-servlet-2.4.7.Final.jar:/home/user/.m2/repository/org/glassfish/jersey/containers/jersey-container-servlet-core/2.27/jersey-container-servlet-core-2.27.jar:/home/user/.m2/repository/org/glassfish/hk2/external/javax.inject/2.5.0-b42/javax.inject-2.5.0-b42.jar:/home/user/.m2/repository/org/glassfish/jersey/core/jersey-common/2.27/jersey-common-2.27.jar:/home/user/.m2/repository/org/glassfish/hk2/osgi-resource-locator/1.0.1/osgi-resource-locator-1.0.1.jar:/home/user/.m2/repository/javax/ws/rs/javax.ws.rs-api/2.1/javax.ws.rs-api-2.1.jar:/home/user/.m2/repository/org/glassfish/jersey/ext/cdi/jersey-cdi1x/2.27/jersey-cdi1x-2.27.jar:/home/user/.m2/repository/org/glassfish/jersey/inject/jersey-hk2/2.27/jersey-hk2-2.27.jar:/home/user/.m2/repository/org/glassfish/hk2/hk2-locator/2.5.0-b42/hk2-locator-2.5.0-b42.jar:/home/user/.m2/repository/org/javassist/javassist/3.22.0-CR2/javassist-3.22.0-CR2.jar:/home/user/.m2/repository/org/glassfish/hk2/hk2-api/2.5.0/hk2-api-2.5.0.jar:/home/user/.m2/repository/org/glassfish/hk2/external/jakarta.inject/2.5.0/jakarta.inject-2.5.0.jar:/home/user/.m2/repository/org/glassfish/hk2/hk2-utils/2.5.0/hk2-utils-2.5.0.jar:/home/user/.m2/repository/jakarta/annotation/jakarta.annotation-api/1.3.4/jakarta.annotation-api-1.3.4.jar:/home/user/.m2/repository/org/glassfish/hk2/external/aopalliance-repackaged/2.5.0/aopalliance-repackaged-2.5.0.jar:/home/user/.m2/repository/com/fasterxml/jackson/dataformat/jackson-dataformat-xml/2.9.0/jackson-dataformat-xml-2.9.0.jar:/home/user/.m2/repository/com/fasterxml/jackson/core/jackson-core/2.9.5/jackson-core-2.9.5.jar:/home/user/.m2/repository/com/fasterxml/jackson/module/jackson-module-jaxb-annotations/2.9.5/jackson-module-jaxb-annotations-2.9.5.jar:/home/user/.m2/repository/javax/enterprise/cdi-api/1.2/cdi-api-1.2.jar:/home/user/.m2/repository/javax/el/javax.el-api/3.0.0/javax.el-api-3.0.0.jar:/home/user/.m2/repository/javax/interceptor/javax.interceptor-api/1.2/javax.interceptor-api-1.2.jar:/home/user/.m2/repository/javax/inject/javax.inject/1/javax.inject-1.jar:/home/user/.m2/repository/com/sun/xml/bind/jaxb-impl/2.3.0.1/jaxb-impl-2.3.0.1.jar:/home/user/.m2/repository/com/sun/xml/bind/jaxb-core/2.3.0.1/jaxb-core-2.3.0.1.jar:/home/user/.m2/repository/javax/xml/bind/jaxb-api/2.3.0/jaxb-api-2.3.0.jar:/home/user/.m2/repository/javax/activation/activation/1.1.1/activation-1.1.1.jar:/home/user/.m2/repository/org/apache/hadoop/hadoop-ozone-csi/0.5.0-SNAPSHOT/hadoop-ozone-csi-0.5.0-SNAPSHOT.jar:/home/user/.m2/repository/com/google/protobuf/protobuf-java-util/3.5.1/protobuf-java-util-3.5.1.jar:/home/user/.m2/repository/org/apache/hadoop/hadoop-hdds-config/0.5.0-SNAPSHOT/hadoop-hdds-config-0.5.0-SNAPSHOT.jar:/home/user/.m2/repository/io/grpc/grpc-netty/1.17.1/grpc-netty-1.17.1.jar:/home/user/.m2/repository/io/grpc/grpc-core/1.17.1/grpc-core-1.17.1.jar:/home/user/.m2/repository/io/grpc/grpc-context/1.17.1/grpc-context-1.17.1.jar:/home/user/.m2/repository/com/google/errorprone/error_prone_annotations/2.2.0/error_prone_annotations-2.2.0.jar:/home/user/.m2/repository/org/codehaus/mojo/animal-sniffer-annotations/1.17/animal-sniffer-annotations-1.17.jar:/home/user/.m2/repository/io/opencensus/opencensus-api/0.17.0/opencensus-api-0.17.0.jar:/home/user/.m2/repository/io/opencensus/opencensus-contrib-grpc-metrics/0.17.0/opencensus-contrib-grpc-metrics-0.17.0.jar:/home/user/.m2/repository/io/netty/netty-codec-http2/4.1.30.Final/netty-codec-http2-4.1.30.Final.jar:/home/user/.m2/repository/io/netty/netty-codec-http/4.1.30.Final/netty-codec-http-4.1.30.Final.jar:/home/user/.m2/repository/io/netty/netty-codec/4.1.30.Final/netty-codec-4.1.30.Final.jar:/home/user/.m2/repository/io/netty/netty-handler/4.1.30.Final/netty-handler-4.1.30.Final.jar:/home/user/.m2/repository/io/netty/netty-handler-proxy/4.1.30.Final/netty-handler-proxy-4.1.30.Final.jar:/home/user/.m2/repository/io/netty/netty-codec-socks/4.1.30.Final/netty-codec-socks-4.1.30.Final.jar:/home/user/.m2/repository/io/netty/netty-transport-native-epoll/4.1.30.Final/netty-transport-native-epoll-4.1.30.Final.jar:/home/user/.m2/repository/io/netty/netty-common/4.1.30.Final/netty-common-4.1.30.Final.jar:/home/user/.m2/repository/io/netty/netty-buffer/4.1.30.Final/netty-buffer-4.1.30.Final.jar:/home/user/.m2/repository/io/netty/netty-transport/4.1.30.Final/netty-transport-4.1.30.Final.jar:/home/user/.m2/repository/io/netty/netty-resolver/4.1.30.Final/netty-resolver-4.1.30.Final.jar:/home/user/.m2/repository/io/netty/netty-transport-native-unix-common/4.1.30.Final/netty-transport-native-unix-common-4.1.30.Final.jar:/home/user/.m2/repository/io/grpc/grpc-protobuf/1.17.1/grpc-protobuf-1.17.1.jar:/home/user/.m2/repository/com/google/api/grpc/proto-google-common-protos/1.0.0/proto-google-common-protos-1.0.0.jar:/home/user/.m2/repository/io/grpc/grpc-protobuf-lite/1.17.1/grpc-protobuf-lite-1.17.1.jar:/home/user/.m2/repository/io/grpc/grpc-stub/1.17.1/grpc-stub-1.17.1.jar:/home/user/.m2/repository/org/apache/hadoop/hadoop-ozone-recon/0.5.0-SNAPSHOT/hadoop-ozone-recon-0.5.0-SNAPSHOT.jar:/home/user/.m2/repository/org/apache/hadoop/hadoop-ozone-reconcodegen/0.5.0-SNAPSHOT/hadoop-ozone-reconcodegen-0.5.0-SNAPSHOT.jar:/home/user/.m2/repository/com/google/inject/extensions/guice-multibindings/4.0/guice-multibindings-4.0.jar:/home/user/.m2/repository/com/google/inject/guice/4.0/guice-4.0.jar:/home/user/.m2/repository/aopalliance/aopalliance/1.0/aopalliance-1.0.jar:/home/user/.m2/repository/com/google/inject/extensions/guice-servlet/4.0/guice-servlet-4.0.jar:/home/user/.m2/repository/org/glassfish/jersey/containers/jersey-container-servlet/2.27/jersey-container-servlet-2.27.jar:/home/user/.m2/repository/org/glassfish/hk2/guice-bridge/2.5.0/guice-bridge-2.5.0.jar:/home/user/.m2/repository/org/glassfish/jersey/core/jersey-server/2.27/jersey-server-2.27.jar:/home/user/.m2/repository/org/glassfish/jersey/core/jersey-client/2.27/jersey-client-2.27.jar:/home/user/.m2/repository/org/glassfish/jersey/media/jersey-media-jaxb/2.27/jersey-media-jaxb-2.27.jar:/home/user/.m2/repository/javax/validation/validation-api/1.1.0.Final/validation-api-1.1.0.Final.jar:/home/user/.m2/repository/org/glassfish/jersey/media/jersey-media-json-jackson/2.27/jersey-media-json-jackson-2.27.jar:/home/user/.m2/repository/org/glassfish/jersey/ext/jersey-entity-filtering/2.27/jersey-entity-filtering-2.27.jar:/home/user/.m2/repository/com/google/inject/extensions/guice-assistedinject/4.0/guice-assistedinject-4.0.jar:/home/user/.m2/repository/org/jooq/jooq/3.11.10/jooq-3.11.10.jar:/home/user/.m2/repository/org/jooq/jooq-meta/3.11.10/jooq-meta-3.11.10.jar:/home/user/.m2/repository/org/jooq/jooq-codegen/3.11.10/jooq-codegen-3.11.10.jar:/home/user/.m2/repository/com/jolbox/bonecp/0.8.0.RELEASE/bonecp-0.8.0.RELEASE.jar:/home/user/.m2/repository/org/xerial/sqlite-jdbc/3.25.2/sqlite-jdbc-3.25.2.jar:/home/user/.m2/repository/org/springframework/spring-jdbc/5.1.3.RELEASE/spring-jdbc-5.1.3.RELEASE.jar:/home/user/.m2/repository/org/springframework/spring-beans/5.1.3.RELEASE/spring-beans-5.1.3.RELEASE.jar:/home/user/.m2/repository/org/springframework/spring-core/5.1.3.RELEASE/spring-core-5.1.3.RELEASE.jar:/home/user/.m2/repository/org/springframework/spring-jcl/5.1.3.RELEASE/spring-jcl-5.1.3.RELEASE.jar:/home/user/.m2/repository/org/springframework/spring-tx/5.1.3.RELEASE/spring-tx-5.1.3.RELEASE.jar:/home/user/.m2/repository/org/apache/hadoop/hadoop-ozone-client/0.5.0-SNAPSHOT/hadoop-ozone-client-0.5.0-SNAPSHOT.jar:/home/user/.m2/repository/commons-lang/commons-lang/2.6/commons-lang-2.6.jar:/home/user/.m2/repository/org/apache/hadoop/hadoop-ozone-ozone-manager/0.5.0-SNAPSHOT/hadoop-ozone-ozone-manager-0.5.0-SNAPSHOT-tests.jar:/home/user/.m2/repository/junit/junit/4.11/junit-4.11.jar:/home/user/.m2/repository/org/hamcrest/hamcrest-core/1.3/hamcrest-core-1.3.jar:/home/user/.m2/repository/org/openjdk/jmh/jmh-core/1.19/jmh-core-1.19.jar:/home/user/.m2/repository/net/sf/jopt-simple/jopt-simple/4.6/jopt-simple-4.6.jar:/home/user/.m2/repository/org/apache/commons/commons-math3/3.1.1/commons-math3-3.1.1.jar:/home/user/.m2/repository/org/openjdk/jmh/jmh-generator-annprocess/1.19/jmh-generator-annprocess-1.19.jar:/home/user/.m2/repository/org/mockito/mockito-all/1.8.5/mockito-all-1.8.5.jar:/home/user/.m2/repository/org/apache/hadoop/hadoop-kms/3.2.0/hadoop-kms-3.2.0.jar:/home/user/.m2/repository/org/apache/hadoop/hadoop-auth/3.2.0/hadoop-auth-3.2.0.jar:/home/user/.m2/repository/com/nimbusds/nimbus-jose-jwt/4.41.1/nimbus-jose-jwt-4.41.1.jar:/home/user/.m2/repository/com/github/stephenc/jcip/jcip-annotations/1.0-1/jcip-annotations-1.0-1.jar:/home/user/.m2/repository/net/minidev/json-smart/2.3/json-smart-2.3.jar:/home/user/.m2/repository/net/minidev/accessors-smart/1.2/accessors-smart-1.2.jar:/home/user/.m2/repository/org/ow2/asm/asm/5.0.4/asm-5.0.4.jar:/home/user/.m2/repository/org/apache/curator/curator-framework/2.12.0/curator-framework-2.12.0.jar:/home/user/.m2/repository/com/sun/jersey/jersey-core/1.19/jersey-core-1.19.jar:/home/user/.m2/repository/javax/ws/rs/jsr311-api/1.1.1/jsr311-api-1.1.1.jar:/home/user/.m2/repository/com/sun/jersey/jersey-server/1.19/jersey-server-1.19.jar:/home/user/.m2/repository/javax/servlet/javax.servlet-api/3.1.0/javax.servlet-api-3.1.0.jar:/home/user/.m2/repository/org/eclipse/jetty/jetty-server/9.3.24.v20180605/jetty-server-9.3.24.v20180605.jar:/home/user/.m2/repository/org/eclipse/jetty/jetty-http/9.3.24.v20180605/jetty-http-9.3.24.v20180605.jar:/home/user/.m2/repository/org/eclipse/jetty/jetty-io/9.3.24.v20180605/jetty-io-9.3.24.v20180605.jar:/home/user/.m2/repository/org/eclipse/jetty/jetty-webapp/9.3.24.v20180605/jetty-webapp-9.3.24.v20180605.jar:/home/user/.m2/repository/org/eclipse/jetty/jetty-xml/9.3.24.v20180605/jetty-xml-9.3.24.v20180605.jar:/home/user/.m2/repository/log4j/log4j/1.2.17/log4j-1.2.17.jar:/home/user/.m2/repository/org/slf4j/slf4j-api/1.7.25/slf4j-api-1.7.25.jar:/home/user/.m2/repository/org/slf4j/jul-to-slf4j/1.7.25/jul-to-slf4j-1.7.25.jar:/home/user/.m2/repository/org/eclipse/jetty/jetty-util/9.3.24.v20180605/jetty-util-9.3.24.v20180605.jar:/home/user/.m2/repository/com/fasterxml/jackson/core/jackson-databind/2.9.5/jackson-databind-2.9.5.jar:/home/user/.m2/repository/org/apache/hadoop/hadoop-kms/3.2.0/hadoop-kms-3.2.0-tests.jar:/home/user/.m2/repository/org/apache/hadoop/hadoop-hdds-server-scm/0.5.0-SNAPSHOT/hadoop-hdds-server-scm-0.5.0-SNAPSHOT-tests.jar:/home/user/.m2/repository/org/apache/hadoop/hadoop-hdds-container-service/0.5.0-SNAPSHOT/hadoop-hdds-container-service-0.5.0-SNAPSHOT-tests.jar:/home/user/.m2/repository/org/yaml/snakeyaml/1.16/snakeyaml-1.16.jar:/home/user/.m2/repository/org/apache/hadoop/hadoop-common/3.2.0/hadoop-common-3.2.0-tests.jar:/home/user/.m2/repository/org/apache/hadoop/hadoop-annotations/3.2.0/hadoop-annotations-3.2.0.jar:/usr/lib/jvm/java-1.8-openjdk/jre/../lib/tools.jar:/home/user/.m2/repository/commons-cli/commons-cli/1.2/commons-cli-1.2.jar:/home/user/.m2/repository/org/apache/httpcomponents/httpclient/4.5.2/httpclient-4.5.2.jar:/home/user/.m2/repository/org/apache/httpcomponents/httpcore/4.4.4/httpcore-4.4.4.jar:/home/user/.m2/repository/commons-codec/commons-codec/1.11/commons-codec-1.11.jar:/home/user/.m2/repository/commons-net/commons-net/3.6/commons-net-3.6.jar:/home/user/.m2/repository/commons-collections/commons-collections/3.2.2/commons-collections-3.2.2.jar:/home/user/.m2/repository/org/eclipse/jetty/jetty-servlet/9.3.24.v20180605/jetty-servlet-9.3.24.v20180605.jar:/home/user/.m2/repository/org/eclipse/jetty/jetty-security/9.3.24.v20180605/jetty-security-9.3.24.v20180605.jar:/home/user/.m2/repository/javax/servlet/jsp/jsp-api/2.1/jsp-api-2.1.jar:/home/user/.m2/repository/com/sun/jersey/jersey-servlet/1.19/jersey-servlet-1.19.jar:/home/user/.m2/repository/com/sun/jersey/jersey-json/1.19/jersey-json-1.19.jar:/home/user/.m2/repository/org/codehaus/jettison/jettison/1.1/jettison-1.1.jar:/home/user/.m2/repository/org/codehaus/jackson/jackson-core-asl/1.9.13/jackson-core-asl-1.9.13.jar:/home/user/.m2/repository/org/codehaus/jackson/jackson-mapper-asl/1.9.13/jackson-mapper-asl-1.9.13.jar:/home/user/.m2/repository/org/codehaus/jackson/jackson-jaxrs/1.9.13/jackson-jaxrs-1.9.13.jar:/home/user/.m2/repository/org/codehaus/jackson/jackson-xc/1.9.13/jackson-xc-1.9.13.jar:/home/user/.m2/repository/commons-logging/commons-logging/1.1.3/commons-logging-1.1.3.jar:/home/user/.m2/repository/commons-beanutils/commons-beanutils/1.9.3/commons-beanutils-1.9.3.jar:/home/user/.m2/repository/org/apache/commons/commons-configuration2/2.1.1/commons-configuration2-2.1.1.jar:/home/user/.m2/repository/org/apache/commons/commons-lang3/3.7/commons-lang3-3.7.jar:/home/user/.m2/repository/org/apache/commons/commons-text/1.4/commons-text-1.4.jar:/home/user/.m2/repository/org/apache/avro/avro/1.7.7/avro-1.7.7.jar:/home/user/.m2/repository/com/thoughtworks/paranamer/paranamer/2.3/paranamer-2.3.jar:/home/user/.m2/repository/org/xerial/snappy/snappy-java/1.0.5/snappy-java-1.0.5.jar:/home/user/.m2/repository/com/google/re2j/re2j/1.1/re2j-1.1.jar:/home/user/.m2/repository/com/google/code/gson/gson/2.2.4/gson-2.2.4.jar:/home/user/.m2/repository/com/jcraft/jsch/0.1.54/jsch-0.1.54.jar:/home/user/.m2/repository/org/apache/curator/curator-client/2.12.0/curator-client-2.12.0.jar:/home/user/.m2/repository/org/apache/curator/curator-recipes/2.12.0/curator-recipes-2.12.0.jar:/home/user/.m2/repository/com/google/code/findbugs/jsr305/3.0.0/jsr305-3.0.0.jar:/home/user/.m2/repository/org/apache/htrace/htrace-core4/4.1.0-incubating/htrace-core4-4.1.0-incubating.jar:/home/user/.m2/repository/org/apache/zookeeper/zookeeper/3.4.13/zookeeper-3.4.13.jar:/home/user/.m2/repository/org/apache/yetus/audience-annotations/0.5.0/audience-annotations-0.5.0.jar:/home/user/.m2/repository/org/codehaus/woodstox/stax2-api/3.1.4/stax2-api-3.1.4.jar:/home/user/.m2/repository/com/fasterxml/woodstox/woodstox-core/5.0.3/woodstox-core-5.0.3.jar:/home/user/.m2/repository/dnsjava/dnsjava/2.1.7/dnsjava-2.1.7.jar:/home/user/.m2/repository/org/apache/hadoop/hadoop-hdfs/3.2.0/hadoop-hdfs-3.2.0-tests.jar:/home/user/.m2/repository/org/eclipse/jetty/jetty-util-ajax/9.3.24.v20180605/jetty-util-ajax-9.3.24.v20180605.jar:/home/user/.m2/repository/commons-daemon/commons-daemon/1.0.13/commons-daemon-1.0.13.jar:/home/user/.m2/repository/io/netty/netty/3.10.5.Final/netty-3.10.5.Final.jar:/home/user/.m2/repository/io/netty/netty-all/4.0.52.Final/netty-all-4.0.52.Final.jar:/home/user/.m2/repository/org/fusesource/leveldbjni/leveldbjni-all/1.8/leveldbjni-all-1.8.jar:"/>
    <property name="java.vm.vendor" value="IcedTea"/>
    <property name="sun.arch.data.model" value="64"/>
    <property name="test.build.dir" value="/workdir/hadoop-ozone/integration-test/target/test-dir"/>
    <property name="test.cache.data" value=""/>
    <property name="java.vendor.url" value="https://icedtea.classpath.org"/>
    <property name="user.timezone" value=""/>
    <property name="java.vm.specification.version" value="1.8"/>
    <property name="os.name" value="Linux"/>
    <property name="test.build.data" value="/workdir/hadoop-ozone/integration-test/target/test-dir"/>
    <property name="user.country" value="US"/>
    <property name="sun.java.launcher" value="SUN_STANDARD"/>
    <property name="sun.boot.library.path" value="/usr/lib/jvm/java-1.8-openjdk/jre/lib/amd64"/>
    <property name="sun.java.command" value="/workdir/hadoop-ozone/integration-test/target/surefire/surefirebooter6527180755316947891.jar /workdir/hadoop-ozone/integration-test/target/surefire 2019-09-04T06-42-28_121-jvmRun1 surefire4564123937312477854tmp surefire_566360511242834631055tmp"/>
    <property name="test" value="!TestMiniChaosOzoneCluster"/>
    <property name="surefire.test.class.path" value="/workdir/hadoop-ozone/integration-test/target/test-classes:/workdir/hadoop-ozone/integration-test/target/classes:/home/user/.m2/repository/org/apache/hadoop/hadoop-ozone-common/0.5.0-SNAPSHOT/hadoop-ozone-common-0.5.0-SNAPSHOT.jar:/home/user/.m2/repository/org/apache/commons/commons-compress/1.4.1/commons-compress-1.4.1.jar:/home/user/.m2/repository/org/tukaani/xz/1.0/xz-1.0.jar:/home/user/.m2/repository/org/apache/hadoop/hadoop-common/3.2.0/hadoop-common-3.2.0.jar:/home/user/.m2/repository/org/apache/hadoop/hadoop-hdfs/3.2.0/hadoop-hdfs-3.2.0.jar:/home/user/.m2/repository/org/apache/hadoop/hadoop-hdfs-client/3.2.0/hadoop-hdfs-client-3.2.0.jar:/home/user/.m2/repository/com/fasterxml/jackson/core/jackson-annotations/2.9.5/jackson-annotations-2.9.5.jar:/home/user/.m2/repository/org/apache/hadoop/hadoop-hdds-common/0.5.0-SNAPSHOT/hadoop-hdds-common-0.5.0-SNAPSHOT.jar:/home/user/.m2/repository/javax/annotation/javax.annotation-api/1.2/javax.annotation-api-1.2.jar:/home/user/.m2/repository/org/apache/ratis/ratis-server/0.4.0-2337318-SNAPSHOT/ratis-server-0.4.0-2337318-SNAPSHOT.jar:/home/user/.m2/repository/org/apache/ratis/ratis-thirdparty-misc/0.2.0/ratis-thirdparty-misc-0.2.0.jar:/home/user/.m2/repository/org/apache/ratis/ratis-proto/0.4.0-2337318-SNAPSHOT/ratis-proto-0.4.0-2337318-SNAPSHOT.jar:/home/user/.m2/repository/org/apache/ratis/ratis-common/0.4.0-2337318-SNAPSHOT/ratis-common-0.4.0-2337318-SNAPSHOT.jar:/home/user/.m2/repository/org/apache/ratis/ratis-client/0.4.0-2337318-SNAPSHOT/ratis-client-0.4.0-2337318-SNAPSHOT.jar:/home/user/.m2/repository/org/apache/ratis/ratis-metrics/0.4.0-2337318-SNAPSHOT/ratis-metrics-0.4.0-2337318-SNAPSHOT.jar:/home/user/.m2/repository/org/apache/ratis/ratis-netty/0.4.0-2337318-SNAPSHOT/ratis-netty-0.4.0-2337318-SNAPSHOT.jar:/home/user/.m2/repository/org/apache/ratis/ratis-grpc/0.4.0-2337318-SNAPSHOT/ratis-grpc-0.4.0-2337318-SNAPSHOT.jar:/home/user/.m2/repository/org/rocksdb/rocksdbjni/6.0.1/rocksdbjni-6.0.1.jar:/home/user/.m2/repository/org/apache/logging/log4j/log4j-api/2.11.0/log4j-api-2.11.0.jar:/home/user/.m2/repository/org/apache/logging/log4j/log4j-core/2.11.0/log4j-core-2.11.0.jar:/home/user/.m2/repository/com/lmax/disruptor/3.4.2/disruptor-3.4.2.jar:/home/user/.m2/repository/org/apache/commons/commons-pool2/2.6.0/commons-pool2-2.6.0.jar:/home/user/.m2/repository/org/bouncycastle/bcpkix-jdk15on/1.60/bcpkix-jdk15on-1.60.jar:/home/user/.m2/repository/commons-validator/commons-validator/1.6/commons-validator-1.6.jar:/home/user/.m2/repository/commons-digester/commons-digester/1.8.1/commons-digester-1.8.1.jar:/home/user/.m2/repository/io/jaegertracing/jaeger-client/0.33.1/jaeger-client-0.33.1.jar:/home/user/.m2/repository/io/jaegertracing/jaeger-thrift/0.33.1/jaeger-thrift-0.33.1.jar:/home/user/.m2/repository/org/apache/thrift/libthrift/0.11.0/libthrift-0.11.0.jar:/home/user/.m2/repository/com/squareup/okhttp3/okhttp/3.9.0/okhttp-3.9.0.jar:/home/user/.m2/repository/com/squareup/okio/okio/1.13.0/okio-1.13.0.jar:/home/user/.m2/repository/io/jaegertracing/jaeger-core/0.33.1/jaeger-core-0.33.1.jar:/home/user/.m2/repository/io/jaegertracing/jaeger-tracerresolver/0.33.1/jaeger-tracerresolver-0.33.1.jar:/home/user/.m2/repository/io/opentracing/contrib/opentracing-tracerresolver/0.1.5/opentracing-tracerresolver-0.1.5.jar:/home/user/.m2/repository/io/opentracing/opentracing-util/0.31.0/opentracing-util-0.31.0.jar:/home/user/.m2/repository/io/opentracing/opentracing-api/0.31.0/opentracing-api-0.31.0.jar:/home/user/.m2/repository/io/opentracing/opentracing-noop/0.31.0/opentracing-noop-0.31.0.jar:/home/user/.m2/repository/org/apache/hadoop/hadoop-hdds-server-framework/0.5.0-SNAPSHOT/hadoop-hdds-server-framework-0.5.0-SNAPSHOT.jar:/home/user/.m2/repository/org/apache/hadoop/hadoop-hdds-container-service/0.5.0-SNAPSHOT/hadoop-hdds-container-service-0.5.0-SNAPSHOT.jar:/home/user/.m2/repository/org/apache/hadoop/hadoop-hdds-client/0.5.0-SNAPSHOT/hadoop-hdds-client-0.5.0-SNAPSHOT.jar:/home/user/.m2/repository/org/apache/hadoop/hadoop-hdds-tools/0.5.0-SNAPSHOT/hadoop-hdds-tools-0.5.0-SNAPSHOT.jar:/home/user/.m2/repository/org/apache/hadoop/hadoop-hdds-server-scm/0.5.0-SNAPSHOT/hadoop-hdds-server-scm-0.5.0-SNAPSHOT.jar:/home/user/.m2/repository/org/apache/hadoop/hadoop-hdds-docs/0.5.0-SNAPSHOT/hadoop-hdds-docs-0.5.0-SNAPSHOT.jar:/home/user/.m2/repository/io/dropwizard/metrics/metrics-core/3.2.4/metrics-core-3.2.4.jar:/home/user/.m2/repository/org/hamcrest/hamcrest-all/1.3/hamcrest-all-1.3.jar:/home/user/.m2/repository/org/bouncycastle/bcprov-jdk15on/1.60/bcprov-jdk15on-1.60.jar:/home/user/.m2/repository/info/picocli/picocli/3.9.6/picocli-3.9.6.jar:/home/user/.m2/repository/com/google/protobuf/protobuf-java/2.5.0/protobuf-java-2.5.0.jar:/home/user/.m2/repository/com/google/guava/guava/11.0.2/guava-11.0.2.jar:/home/user/.m2/repository/org/apache/hadoop/hadoop-ozone-ozone-manager/0.5.0-SNAPSHOT/hadoop-ozone-ozone-manager-0.5.0-SNAPSHOT.jar:/home/user/.m2/repository/org/apache/hadoop/hadoop-minikdc/3.2.0/hadoop-minikdc-3.2.0.jar:/home/user/.m2/repository/commons-io/commons-io/2.5/commons-io-2.5.jar:/home/user/.m2/repository/org/apache/kerby/kerb-simplekdc/1.0.1/kerb-simplekdc-1.0.1.jar:/home/user/.m2/repository/org/apache/kerby/kerb-client/1.0.1/kerb-client-1.0.1.jar:/home/user/.m2/repository/org/apache/kerby/kerby-config/1.0.1/kerby-config-1.0.1.jar:/home/user/.m2/repository/org/apache/kerby/kerb-core/1.0.1/kerb-core-1.0.1.jar:/home/user/.m2/repository/org/apache/kerby/kerby-pkix/1.0.1/kerby-pkix-1.0.1.jar:/home/user/.m2/repository/org/apache/kerby/kerby-asn1/1.0.1/kerby-asn1-1.0.1.jar:/home/user/.m2/repository/org/apache/kerby/kerby-util/1.0.1/kerby-util-1.0.1.jar:/home/user/.m2/repository/org/apache/kerby/kerb-common/1.0.1/kerb-common-1.0.1.jar:/home/user/.m2/repository/org/apache/kerby/kerb-crypto/1.0.1/kerb-crypto-1.0.1.jar:/home/user/.m2/repository/org/apache/kerby/kerb-util/1.0.1/kerb-util-1.0.1.jar:/home/user/.m2/repository/org/apache/kerby/token-provider/1.0.1/token-provider-1.0.1.jar:/home/user/.m2/repository/org/apache/kerby/kerb-admin/1.0.1/kerb-admin-1.0.1.jar:/home/user/.m2/repository/org/apache/kerby/kerb-server/1.0.1/kerb-server-1.0.1.jar:/home/user/.m2/repository/org/apache/kerby/kerb-identity/1.0.1/kerb-identity-1.0.1.jar:/home/user/.m2/repository/org/apache/kerby/kerby-xdr/1.0.1/kerby-xdr-1.0.1.jar:/home/user/.m2/repository/org/slf4j/slf4j-log4j12/1.7.25/slf4j-log4j12-1.7.25.jar:/home/user/.m2/repository/org/apache/hadoop/hadoop-ozone-objectstore-service/0.5.0-SNAPSHOT/hadoop-ozone-objectstore-service-0.5.0-SNAPSHOT.jar:/home/user/.m2/repository/org/apache/hadoop/hadoop-ozone-s3gateway/0.5.0-SNAPSHOT/hadoop-ozone-s3gateway-0.5.0-SNAPSHOT.jar:/home/user/.m2/repository/org/jboss/weld/servlet/weld-servlet/2.4.7.Final/weld-servlet-2.4.7.Final.jar:/home/user/.m2/repository/org/glassfish/jersey/containers/jersey-container-servlet-core/2.27/jersey-container-servlet-core-2.27.jar:/home/user/.m2/repository/org/glassfish/hk2/external/javax.inject/2.5.0-b42/javax.inject-2.5.0-b42.jar:/home/user/.m2/repository/org/glassfish/jersey/core/jersey-common/2.27/jersey-common-2.27.jar:/home/user/.m2/repository/org/glassfish/hk2/osgi-resource-locator/1.0.1/osgi-resource-locator-1.0.1.jar:/home/user/.m2/repository/javax/ws/rs/javax.ws.rs-api/2.1/javax.ws.rs-api-2.1.jar:/home/user/.m2/repository/org/glassfish/jersey/ext/cdi/jersey-cdi1x/2.27/jersey-cdi1x-2.27.jar:/home/user/.m2/repository/org/glassfish/jersey/inject/jersey-hk2/2.27/jersey-hk2-2.27.jar:/home/user/.m2/repository/org/glassfish/hk2/hk2-locator/2.5.0-b42/hk2-locator-2.5.0-b42.jar:/home/user/.m2/repository/org/javassist/javassist/3.22.0-CR2/javassist-3.22.0-CR2.jar:/home/user/.m2/repository/org/glassfish/hk2/hk2-api/2.5.0/hk2-api-2.5.0.jar:/home/user/.m2/repository/org/glassfish/hk2/external/jakarta.inject/2.5.0/jakarta.inject-2.5.0.jar:/home/user/.m2/repository/org/glassfish/hk2/hk2-utils/2.5.0/hk2-utils-2.5.0.jar:/home/user/.m2/repository/jakarta/annotation/jakarta.annotation-api/1.3.4/jakarta.annotation-api-1.3.4.jar:/home/user/.m2/repository/org/glassfish/hk2/external/aopalliance-repackaged/2.5.0/aopalliance-repackaged-2.5.0.jar:/home/user/.m2/repository/com/fasterxml/jackson/dataformat/jackson-dataformat-xml/2.9.0/jackson-dataformat-xml-2.9.0.jar:/home/user/.m2/repository/com/fasterxml/jackson/core/jackson-core/2.9.5/jackson-core-2.9.5.jar:/home/user/.m2/repository/com/fasterxml/jackson/module/jackson-module-jaxb-annotations/2.9.5/jackson-module-jaxb-annotations-2.9.5.jar:/home/user/.m2/repository/javax/enterprise/cdi-api/1.2/cdi-api-1.2.jar:/home/user/.m2/repository/javax/el/javax.el-api/3.0.0/javax.el-api-3.0.0.jar:/home/user/.m2/repository/javax/interceptor/javax.interceptor-api/1.2/javax.interceptor-api-1.2.jar:/home/user/.m2/repository/javax/inject/javax.inject/1/javax.inject-1.jar:/home/user/.m2/repository/com/sun/xml/bind/jaxb-impl/2.3.0.1/jaxb-impl-2.3.0.1.jar:/home/user/.m2/repository/com/sun/xml/bind/jaxb-core/2.3.0.1/jaxb-core-2.3.0.1.jar:/home/user/.m2/repository/javax/xml/bind/jaxb-api/2.3.0/jaxb-api-2.3.0.jar:/home/user/.m2/repository/javax/activation/activation/1.1.1/activation-1.1.1.jar:/home/user/.m2/repository/org/apache/hadoop/hadoop-ozone-csi/0.5.0-SNAPSHOT/hadoop-ozone-csi-0.5.0-SNAPSHOT.jar:/home/user/.m2/repository/com/google/protobuf/protobuf-java-util/3.5.1/protobuf-java-util-3.5.1.jar:/home/user/.m2/repository/org/apache/hadoop/hadoop-hdds-config/0.5.0-SNAPSHOT/hadoop-hdds-config-0.5.0-SNAPSHOT.jar:/home/user/.m2/repository/io/grpc/grpc-netty/1.17.1/grpc-netty-1.17.1.jar:/home/user/.m2/repository/io/grpc/grpc-core/1.17.1/grpc-core-1.17.1.jar:/home/user/.m2/repository/io/grpc/grpc-context/1.17.1/grpc-context-1.17.1.jar:/home/user/.m2/repository/com/google/errorprone/error_prone_annotations/2.2.0/error_prone_annotations-2.2.0.jar:/home/user/.m2/repository/org/codehaus/mojo/animal-sniffer-annotations/1.17/animal-sniffer-annotations-1.17.jar:/home/user/.m2/repository/io/opencensus/opencensus-api/0.17.0/opencensus-api-0.17.0.jar:/home/user/.m2/repository/io/opencensus/opencensus-contrib-grpc-metrics/0.17.0/opencensus-contrib-grpc-metrics-0.17.0.jar:/home/user/.m2/repository/io/netty/netty-codec-http2/4.1.30.Final/netty-codec-http2-4.1.30.Final.jar:/home/user/.m2/repository/io/netty/netty-codec-http/4.1.30.Final/netty-codec-http-4.1.30.Final.jar:/home/user/.m2/repository/io/netty/netty-codec/4.1.30.Final/netty-codec-4.1.30.Final.jar:/home/user/.m2/repository/io/netty/netty-handler/4.1.30.Final/netty-handler-4.1.30.Final.jar:/home/user/.m2/repository/io/netty/netty-handler-proxy/4.1.30.Final/netty-handler-proxy-4.1.30.Final.jar:/home/user/.m2/repository/io/netty/netty-codec-socks/4.1.30.Final/netty-codec-socks-4.1.30.Final.jar:/home/user/.m2/repository/io/netty/netty-transport-native-epoll/4.1.30.Final/netty-transport-native-epoll-4.1.30.Final.jar:/home/user/.m2/repository/io/netty/netty-common/4.1.30.Final/netty-common-4.1.30.Final.jar:/home/user/.m2/repository/io/netty/netty-buffer/4.1.30.Final/netty-buffer-4.1.30.Final.jar:/home/user/.m2/repository/io/netty/netty-transport/4.1.30.Final/netty-transport-4.1.30.Final.jar:/home/user/.m2/repository/io/netty/netty-resolver/4.1.30.Final/netty-resolver-4.1.30.Final.jar:/home/user/.m2/repository/io/netty/netty-transport-native-unix-common/4.1.30.Final/netty-transport-native-unix-common-4.1.30.Final.jar:/home/user/.m2/repository/io/grpc/grpc-protobuf/1.17.1/grpc-protobuf-1.17.1.jar:/home/user/.m2/repository/com/google/api/grpc/proto-google-common-protos/1.0.0/proto-google-common-protos-1.0.0.jar:/home/user/.m2/repository/io/grpc/grpc-protobuf-lite/1.17.1/grpc-protobuf-lite-1.17.1.jar:/home/user/.m2/repository/io/grpc/grpc-stub/1.17.1/grpc-stub-1.17.1.jar:/home/user/.m2/repository/org/apache/hadoop/hadoop-ozone-recon/0.5.0-SNAPSHOT/hadoop-ozone-recon-0.5.0-SNAPSHOT.jar:/home/user/.m2/repository/org/apache/hadoop/hadoop-ozone-reconcodegen/0.5.0-SNAPSHOT/hadoop-ozone-reconcodegen-0.5.0-SNAPSHOT.jar:/home/user/.m2/repository/com/google/inject/extensions/guice-multibindings/4.0/guice-multibindings-4.0.jar:/home/user/.m2/repository/com/google/inject/guice/4.0/guice-4.0.jar:/home/user/.m2/repository/aopalliance/aopalliance/1.0/aopalliance-1.0.jar:/home/user/.m2/repository/com/google/inject/extensions/guice-servlet/4.0/guice-servlet-4.0.jar:/home/user/.m2/repository/org/glassfish/jersey/containers/jersey-container-servlet/2.27/jersey-container-servlet-2.27.jar:/home/user/.m2/repository/org/glassfish/hk2/guice-bridge/2.5.0/guice-bridge-2.5.0.jar:/home/user/.m2/repository/org/glassfish/jersey/core/jersey-server/2.27/jersey-server-2.27.jar:/home/user/.m2/repository/org/glassfish/jersey/core/jersey-client/2.27/jersey-client-2.27.jar:/home/user/.m2/repository/org/glassfish/jersey/media/jersey-media-jaxb/2.27/jersey-media-jaxb-2.27.jar:/home/user/.m2/repository/javax/validation/validation-api/1.1.0.Final/validation-api-1.1.0.Final.jar:/home/user/.m2/repository/org/glassfish/jersey/media/jersey-media-json-jackson/2.27/jersey-media-json-jackson-2.27.jar:/home/user/.m2/repository/org/glassfish/jersey/ext/jersey-entity-filtering/2.27/jersey-entity-filtering-2.27.jar:/home/user/.m2/repository/com/google/inject/extensions/guice-assistedinject/4.0/guice-assistedinject-4.0.jar:/home/user/.m2/repository/org/jooq/jooq/3.11.10/jooq-3.11.10.jar:/home/user/.m2/repository/org/jooq/jooq-meta/3.11.10/jooq-meta-3.11.10.jar:/home/user/.m2/repository/org/jooq/jooq-codegen/3.11.10/jooq-codegen-3.11.10.jar:/home/user/.m2/repository/com/jolbox/bonecp/0.8.0.RELEASE/bonecp-0.8.0.RELEASE.jar:/home/user/.m2/repository/org/xerial/sqlite-jdbc/3.25.2/sqlite-jdbc-3.25.2.jar:/home/user/.m2/repository/org/springframework/spring-jdbc/5.1.3.RELEASE/spring-jdbc-5.1.3.RELEASE.jar:/home/user/.m2/repository/org/springframework/spring-beans/5.1.3.RELEASE/spring-beans-5.1.3.RELEASE.jar:/home/user/.m2/repository/org/springframework/spring-core/5.1.3.RELEASE/spring-core-5.1.3.RELEASE.jar:/home/user/.m2/repository/org/springframework/spring-jcl/5.1.3.RELEASE/spring-jcl-5.1.3.RELEASE.jar:/home/user/.m2/repository/org/springframework/spring-tx/5.1.3.RELEASE/spring-tx-5.1.3.RELEASE.jar:/home/user/.m2/repository/org/apache/hadoop/hadoop-ozone-client/0.5.0-SNAPSHOT/hadoop-ozone-client-0.5.0-SNAPSHOT.jar:/home/user/.m2/repository/commons-lang/commons-lang/2.6/commons-lang-2.6.jar:/home/user/.m2/repository/org/apache/hadoop/hadoop-ozone-ozone-manager/0.5.0-SNAPSHOT/hadoop-ozone-ozone-manager-0.5.0-SNAPSHOT-tests.jar:/home/user/.m2/repository/junit/junit/4.11/junit-4.11.jar:/home/user/.m2/repository/org/hamcrest/hamcrest-core/1.3/hamcrest-core-1.3.jar:/home/user/.m2/repository/org/openjdk/jmh/jmh-core/1.19/jmh-core-1.19.jar:/home/user/.m2/repository/net/sf/jopt-simple/jopt-simple/4.6/jopt-simple-4.6.jar:/home/user/.m2/repository/org/apache/commons/commons-math3/3.1.1/commons-math3-3.1.1.jar:/home/user/.m2/repository/org/openjdk/jmh/jmh-generator-annprocess/1.19/jmh-generator-annprocess-1.19.jar:/home/user/.m2/repository/org/mockito/mockito-all/1.8.5/mockito-all-1.8.5.jar:/home/user/.m2/repository/org/apache/hadoop/hadoop-kms/3.2.0/hadoop-kms-3.2.0.jar:/home/user/.m2/repository/org/apache/hadoop/hadoop-auth/3.2.0/hadoop-auth-3.2.0.jar:/home/user/.m2/repository/com/nimbusds/nimbus-jose-jwt/4.41.1/nimbus-jose-jwt-4.41.1.jar:/home/user/.m2/repository/com/github/stephenc/jcip/jcip-annotations/1.0-1/jcip-annotations-1.0-1.jar:/home/user/.m2/repository/net/minidev/json-smart/2.3/json-smart-2.3.jar:/home/user/.m2/repository/net/minidev/accessors-smart/1.2/accessors-smart-1.2.jar:/home/user/.m2/repository/org/ow2/asm/asm/5.0.4/asm-5.0.4.jar:/home/user/.m2/repository/org/apache/curator/curator-framework/2.12.0/curator-framework-2.12.0.jar:/home/user/.m2/repository/com/sun/jersey/jersey-core/1.19/jersey-core-1.19.jar:/home/user/.m2/repository/javax/ws/rs/jsr311-api/1.1.1/jsr311-api-1.1.1.jar:/home/user/.m2/repository/com/sun/jersey/jersey-server/1.19/jersey-server-1.19.jar:/home/user/.m2/repository/javax/servlet/javax.servlet-api/3.1.0/javax.servlet-api-3.1.0.jar:/home/user/.m2/repository/org/eclipse/jetty/jetty-server/9.3.24.v20180605/jetty-server-9.3.24.v20180605.jar:/home/user/.m2/repository/org/eclipse/jetty/jetty-http/9.3.24.v20180605/jetty-http-9.3.24.v20180605.jar:/home/user/.m2/repository/org/eclipse/jetty/jetty-io/9.3.24.v20180605/jetty-io-9.3.24.v20180605.jar:/home/user/.m2/repository/org/eclipse/jetty/jetty-webapp/9.3.24.v20180605/jetty-webapp-9.3.24.v20180605.jar:/home/user/.m2/repository/org/eclipse/jetty/jetty-xml/9.3.24.v20180605/jetty-xml-9.3.24.v20180605.jar:/home/user/.m2/repository/log4j/log4j/1.2.17/log4j-1.2.17.jar:/home/user/.m2/repository/org/slf4j/slf4j-api/1.7.25/slf4j-api-1.7.25.jar:/home/user/.m2/repository/org/slf4j/jul-to-slf4j/1.7.25/jul-to-slf4j-1.7.25.jar:/home/user/.m2/repository/org/eclipse/jetty/jetty-util/9.3.24.v20180605/jetty-util-9.3.24.v20180605.jar:/home/user/.m2/repository/com/fasterxml/jackson/core/jackson-databind/2.9.5/jackson-databind-2.9.5.jar:/home/user/.m2/repository/org/apache/hadoop/hadoop-kms/3.2.0/hadoop-kms-3.2.0-tests.jar:/home/user/.m2/repository/org/apache/hadoop/hadoop-hdds-server-scm/0.5.0-SNAPSHOT/hadoop-hdds-server-scm-0.5.0-SNAPSHOT-tests.jar:/home/user/.m2/repository/org/apache/hadoop/hadoop-hdds-container-service/0.5.0-SNAPSHOT/hadoop-hdds-container-service-0.5.0-SNAPSHOT-tests.jar:/home/user/.m2/repository/org/yaml/snakeyaml/1.16/snakeyaml-1.16.jar:/home/user/.m2/repository/org/apache/hadoop/hadoop-common/3.2.0/hadoop-common-3.2.0-tests.jar:/home/user/.m2/repository/org/apache/hadoop/hadoop-annotations/3.2.0/hadoop-annotations-3.2.0.jar:/usr/lib/jvm/java-1.8-openjdk/jre/../lib/tools.jar:/home/user/.m2/repository/commons-cli/commons-cli/1.2/commons-cli-1.2.jar:/home/user/.m2/repository/org/apache/httpcomponents/httpclient/4.5.2/httpclient-4.5.2.jar:/home/user/.m2/repository/org/apache/httpcomponents/httpcore/4.4.4/httpcore-4.4.4.jar:/home/user/.m2/repository/commons-codec/commons-codec/1.11/commons-codec-1.11.jar:/home/user/.m2/repository/commons-net/commons-net/3.6/commons-net-3.6.jar:/home/user/.m2/repository/commons-collections/commons-collections/3.2.2/commons-collections-3.2.2.jar:/home/user/.m2/repository/org/eclipse/jetty/jetty-servlet/9.3.24.v20180605/jetty-servlet-9.3.24.v20180605.jar:/home/user/.m2/repository/org/eclipse/jetty/jetty-security/9.3.24.v20180605/jetty-security-9.3.24.v20180605.jar:/home/user/.m2/repository/javax/servlet/jsp/jsp-api/2.1/jsp-api-2.1.jar:/home/user/.m2/repository/com/sun/jersey/jersey-servlet/1.19/jersey-servlet-1.19.jar:/home/user/.m2/repository/com/sun/jersey/jersey-json/1.19/jersey-json-1.19.jar:/home/user/.m2/repository/org/codehaus/jettison/jettison/1.1/jettison-1.1.jar:/home/user/.m2/repository/org/codehaus/jackson/jackson-core-asl/1.9.13/jackson-core-asl-1.9.13.jar:/home/user/.m2/repository/org/codehaus/jackson/jackson-mapper-asl/1.9.13/jackson-mapper-asl-1.9.13.jar:/home/user/.m2/repository/org/codehaus/jackson/jackson-jaxrs/1.9.13/jackson-jaxrs-1.9.13.jar:/home/user/.m2/repository/org/codehaus/jackson/jackson-xc/1.9.13/jackson-xc-1.9.13.jar:/home/user/.m2/repository/commons-logging/commons-logging/1.1.3/commons-logging-1.1.3.jar:/home/user/.m2/repository/commons-beanutils/commons-beanutils/1.9.3/commons-beanutils-1.9.3.jar:/home/user/.m2/repository/org/apache/commons/commons-configuration2/2.1.1/commons-configuration2-2.1.1.jar:/home/user/.m2/repository/org/apache/commons/commons-lang3/3.7/commons-lang3-3.7.jar:/home/user/.m2/repository/org/apache/commons/commons-text/1.4/commons-text-1.4.jar:/home/user/.m2/repository/org/apache/avro/avro/1.7.7/avro-1.7.7.jar:/home/user/.m2/repository/com/thoughtworks/paranamer/paranamer/2.3/paranamer-2.3.jar:/home/user/.m2/repository/org/xerial/snappy/snappy-java/1.0.5/snappy-java-1.0.5.jar:/home/user/.m2/repository/com/google/re2j/re2j/1.1/re2j-1.1.jar:/home/user/.m2/repository/com/google/code/gson/gson/2.2.4/gson-2.2.4.jar:/home/user/.m2/repository/com/jcraft/jsch/0.1.54/jsch-0.1.54.jar:/home/user/.m2/repository/org/apache/curator/curator-client/2.12.0/curator-client-2.12.0.jar:/home/user/.m2/repository/org/apache/curator/curator-recipes/2.12.0/curator-recipes-2.12.0.jar:/home/user/.m2/repository/com/google/code/findbugs/jsr305/3.0.0/jsr305-3.0.0.jar:/home/user/.m2/repository/org/apache/htrace/htrace-core4/4.1.0-incubating/htrace-core4-4.1.0-incubating.jar:/home/user/.m2/repository/org/apache/zookeeper/zookeeper/3.4.13/zookeeper-3.4.13.jar:/home/user/.m2/repository/org/apache/yetus/audience-annotations/0.5.0/audience-annotations-0.5.0.jar:/home/user/.m2/repository/org/codehaus/woodstox/stax2-api/3.1.4/stax2-api-3.1.4.jar:/home/user/.m2/repository/com/fasterxml/woodstox/woodstox-core/5.0.3/woodstox-core-5.0.3.jar:/home/user/.m2/repository/dnsjava/dnsjava/2.1.7/dnsjava-2.1.7.jar:/home/user/.m2/repository/org/apache/hadoop/hadoop-hdfs/3.2.0/hadoop-hdfs-3.2.0-tests.jar:/home/user/.m2/repository/org/eclipse/jetty/jetty-util-ajax/9.3.24.v20180605/jetty-util-ajax-9.3.24.v20180605.jar:/home/user/.m2/repository/commons-daemon/commons-daemon/1.0.13/commons-daemon-1.0.13.jar:/home/user/.m2/repository/io/netty/netty/3.10.5.Final/netty-3.10.5.Final.jar:/home/user/.m2/repository/io/netty/netty-all/4.0.52.Final/netty-all-4.0.52.Final.jar:/home/user/.m2/repository/org/fusesource/leveldbjni/leveldbjni-all/1.8/leveldbjni-all-1.8.jar:"/>
    <property name="sun.cpu.endian" value="little"/>
    <property name="user.home" value="/home/user"/>
    <property name="user.language" value="en"/>
    <property name="java.specification.vendor" value="Oracle Corporation"/>
    <property name="java.home" value="/usr/lib/jvm/java-1.8-openjdk/jre"/>
    <property name="java.security.krb5.conf" value="/workdir/hadoop-ozone/integration-test/target/test-classes/krb5.conf"/>
    <property name="basedir" value="/workdir/hadoop-ozone/integration-test"/>
    <property name="file.separator" value="/"/>
    <property name="line.separator" value="&#10;"/>
    <property name="java.vm.specification.vendor" value="Oracle Corporation"/>
    <property name="java.specification.name" value="Java Platform API Specification"/>
    <property name="java.awt.graphicsenv" value="sun.awt.X11GraphicsEnvironment"/>
    <property name="surefire.real.class.path" value="/workdir/hadoop-ozone/integration-test/target/surefire/surefirebooter6527180755316947891.jar"/>
    <property name="hadoop.log.dir" value="/workdir/hadoop-ozone/integration-test/target/log"/>
    <property name="sun.boot.class.path" value="/usr/lib/jvm/java-1.8-openjdk/jre/lib/resources.jar:/usr/lib/jvm/java-1.8-openjdk/jre/lib/rt.jar:/usr/lib/jvm/java-1.8-openjdk/jre/lib/sunrsasign.jar:/usr/lib/jvm/java-1.8-openjdk/jre/lib/jsse.jar:/usr/lib/jvm/java-1.8-openjdk/jre/lib/jce.jar:/usr/lib/jvm/java-1.8-openjdk/jre/lib/charsets.jar:/usr/lib/jvm/java-1.8-openjdk/jre/lib/jfr.jar:/usr/lib/jvm/java-1.8-openjdk/jre/classes"/>
    <property name="sun.management.compiler" value="HotSpot 64-Bit Tiered Compilers"/>
    <property name="java.runtime.version" value="1.8.0_212-b04"/>
    <property name="java.net.preferIPv4Stack" value="true"/>
    <property name="user.name" value="jenkins1000"/>
    <property name="path.separator" value=":"/>
    <property name="java.security.egd" value="file:///dev/urandom"/>
    <property name="os.version" value="3.10.0-957.12.2.el7.x86_64"/>
    <property name="java.endorsed.dirs" value="/usr/lib/jvm/java-1.8-openjdk/jre/lib/endorsed"/>
    <property name="java.runtime.name" value="OpenJDK Runtime Environment"/>
    <property name="file.encoding" value="UTF-8"/>
    <property name="java.vm.name" value="OpenJDK 64-Bit Server VM"/>
    <property name="test.build.webapps" value=""/>
    <property name="localRepository" value="/home/user/.m2/repository"/>
    <property name="java.vendor.url.bug" value="https://icedtea.classpath.org/bugzilla"/>
    <property name="java.io.tmpdir" value="/tmp"/>
    <property name="require.test.libhadoop" value=""/>
    <property name="java.version" value="1.8.0_212"/>
    <property name="user.dir" value="/workdir/hadoop-ozone/integration-test"/>
    <property name="os.arch" value="amd64"/>
    <property name="java.vm.specification.name" value="Java Virtual Machine Specification"/>
    <property name="test.build.classes" value="/workdir/hadoop-ozone/integration-test/target/test-classes"/>
    <property name="java.awt.printerjob" value="sun.print.PSPrinterJob"/>
    <property name="sun.os.patch.level" value="unknown"/>
    <property name="hadoop.tmp.dir" value="/workdir/hadoop-ozone/integration-test/target/tmp"/>
    <property name="java.library.path" value="/usr/lib/jvm/java-1.8-openjdk/jre/lib/amd64/server:/usr/lib/jvm/java-1.8-openjdk/jre/lib/amd64:/usr/lib/jvm/java-1.8-openjdk/jre/../lib/amd64:/workdir/hadoop-ozone/integration-test/target/native/target/usr/local/lib:/workdir/hadoop-ozone/integration-test/../../hadoop-common-project/hadoop-common/target/native/target/usr/local/lib:/usr/java/packages/lib/amd64:/usr/lib64:/lib64:/lib:/usr/lib"/>
    <property name="java.vm.info" value="mixed mode"/>
    <property name="java.vendor" value="IcedTea"/>
    <property name="java.vm.version" value="25.212-b04"/>
    <property name="java.ext.dirs" value="/usr/lib/jvm/java-1.8-openjdk/jre/lib/ext:/usr/java/packages/lib/ext"/>
    <property name="sun.io.unicode.encoding" value="UnicodeLittle"/>
    <property name="java.class.version" value="52.0"/>
  </properties>
  <testcase name="testReleaseBuffers" classname="org.apache.hadoop.ozone.client.rpc.TestCommitWatcher" time="6.001"/>
  <testcase name="testReleaseBuffersOnException" classname="org.apache.hadoop.ozone.client.rpc.TestCommitWatcher" time="22.196">
    <failure type="java.lang.AssertionError">java.lang.AssertionError
	at org.junit.Assert.fail(Assert.java:86)
	at org.junit.Assert.assertTrue(Assert.java:41)
	at org.junit.Assert.assertTrue(Assert.java:52)
	at org.apache.hadoop.ozone.client.rpc.TestCommitWatcher.testReleaseBuffersOnException(TestCommitWatcher.java:284)
	at sun.reflect.NativeMethodAccessorImpl.invoke0(Native Method)
	at sun.reflect.NativeMethodAccessorImpl.invoke(NativeMethodAccessorImpl.java:62)
	at sun.reflect.DelegatingMethodAccessorImpl.invoke(DelegatingMethodAccessorImpl.java:43)
	at java.lang.reflect.Method.invoke(Method.java:498)
	at org.junit.runners.model.FrameworkMethod$1.runReflectiveCall(FrameworkMethod.java:47)
	at org.junit.internal.runners.model.ReflectiveCallable.run(ReflectiveCallable.java:12)
	at org.junit.runners.model.FrameworkMethod.invokeExplosively(FrameworkMethod.java:44)
	at org.junit.internal.runners.statements.InvokeMethod.evaluate(InvokeMethod.java:17)
	at org.junit.runners.ParentRunner.runLeaf(ParentRunner.java:271)
	at org.junit.runners.BlockJUnit4ClassRunner.runChild(BlockJUnit4ClassRunner.java:70)
	at org.junit.runners.BlockJUnit4ClassRunner.runChild(BlockJUnit4ClassRunner.java:50)
	at org.junit.runners.ParentRunner$3.run(ParentRunner.java:238)
	at org.junit.runners.ParentRunner$1.schedule(ParentRunner.java:63)
	at org.junit.runners.ParentRunner.runChildren(ParentRunner.java:236)
	at org.junit.runners.ParentRunner.access$000(ParentRunner.java:53)
	at org.junit.runners.ParentRunner$2.evaluate(ParentRunner.java:229)
	at org.junit.internal.runners.statements.RunBefores.evaluate(RunBefores.java:26)
	at org.junit.internal.runners.statements.RunAfters.evaluate(RunAfters.java:27)
	at org.junit.runners.ParentRunner.run(ParentRunner.java:309)
	at org.apache.maven.surefire.junit4.JUnit4Provider.execute(JUnit4Provider.java:365)
	at org.apache.maven.surefire.junit4.JUnit4Provider.executeWithRerun(JUnit4Provider.java:273)
	at org.apache.maven.surefire.junit4.JUnit4Provider.executeTestSet(JUnit4Provider.java:238)
	at org.apache.maven.surefire.junit4.JUnit4Provider.invoke(JUnit4Provider.java:159)
	at org.apache.maven.surefire.booter.ForkedBooter.invokeProviderInSameClassLoader(ForkedBooter.java:384)
	at org.apache.maven.surefire.booter.ForkedBooter.runSuitesInProcess(ForkedBooter.java:345)
	at org.apache.maven.surefire.booter.ForkedBooter.execute(ForkedBooter.java:126)
	at org.apache.maven.surefire.booter.ForkedBooter.main(ForkedBooter.java:418)
</failure>
    <system-out><![CDATA[2019-09-04 07:30:21,723 | INFO  | DNAudit | user=null | ip=null | op=PUT_BLOCK {blockData=[blockId=conID: 1 locID: 1567582215822 bcsId: 0,size=1048576]} | ret=SUCCESS |  
2019-09-04 07:30:21,724 | INFO  | DNAudit | user=null | ip=null | op=WRITE_CHUNK {blockData=conID: 1 locID: 1567582215822 bcsId: 0} | ret=SUCCESS |  
2019-09-04 07:30:21,724 | INFO  | DNAudit | user=null | ip=null | op=PUT_BLOCK {blockData=[blockId=conID: 1 locID: 1567582215822 bcsId: 0,size=1048576]} | ret=SUCCESS |  
2019-09-04 07:30:21,750 [grpc-default-executor-5] INFO  client.GrpcClientProtocolClient (GrpcClientProtocolClient.java:onNext(255)) - client-9F2DED0F5089->dd224863-0b59-4e37-8325-ae6086842658: receive RaftClientReply:client-9F2DED0F5089->dd224863-0b59-4e37-8325-ae6086842658@group-D1E6FBF06079, cid=17, FAILED org.apache.ratis.protocol.NotLeaderException: Server dd224863-0b59-4e37-8325-ae6086842658 is not the leader (null). Request must be sent to leader., logIndex=0, commits[dd224863-0b59-4e37-8325-ae6086842658:c-1]
2019-09-04 07:30:21,808 | INFO  | SCMAudit | user=jenkins1000 | ip=192.168.34.9 | op=SEND_HEARTBEAT {datanodeUUID=dd224863-0b59-4e37-8325-ae6086842658, command=[]} | ret=SUCCESS |  
2019-09-04 07:30:22,053 | INFO  | SCMAudit | user=jenkins1000 | ip=192.168.34.9 | op=SEND_HEARTBEAT {datanodeUUID=301294da-f18c-437b-aaa3-dd11e4d313a5, command=[]} | ret=SUCCESS |  
2019-09-04 07:30:22,204 | INFO  | SCMAudit | user=jenkins1000 | ip=192.168.34.9 | op=SEND_HEARTBEAT {datanodeUUID=04b3ffef-7bc5-49ad-9873-7fad4d6beb2e, command=[]} | ret=SUCCESS |  
2019-09-04 07:30:22,402 | INFO  | SCMAudit | user=jenkins1000 | ip=192.168.34.9 | op=SEND_HEARTBEAT {datanodeUUID=a3000b8f-a16f-4929-96f1-16c8d13b68fa, command=[]} | ret=SUCCESS |  
2019-09-04 07:30:22,459 | INFO  | SCMAudit | user=jenkins1000 | ip=192.168.34.9 | op=SEND_HEARTBEAT {datanodeUUID=045a4bae-3c35-4777-9c15-c7ff798aa345, command=[]} | ret=SUCCESS |  
2019-09-04 07:30:22,459 | INFO  | SCMAudit | user=jenkins1000 | ip=192.168.34.9 | op=SEND_HEARTBEAT {datanodeUUID=eced3813-67bf-4845-99ed-f1332b386bc3, command=[]} | ret=SUCCESS |  
2019-09-04 07:30:22,597 | INFO  | SCMAudit | user=jenkins1000 | ip=192.168.34.9 | op=SEND_HEARTBEAT {datanodeUUID=a0227839-3f5f-4b02-968b-4fb9ec1ea5e5, command=[]} | ret=SUCCESS |  
2019-09-04 07:30:22,786 [grpc-default-executor-2] INFO  client.GrpcClientProtocolClient (GrpcClientProtocolClient.java:onNext(255)) - client-9F2DED0F5089->a0227839-3f5f-4b02-968b-4fb9ec1ea5e5: receive RaftClientReply:client-9F2DED0F5089->a0227839-3f5f-4b02-968b-4fb9ec1ea5e5@group-D1E6FBF06079, cid=17, FAILED org.apache.ratis.protocol.NotLeaderException: Server a0227839-3f5f-4b02-968b-4fb9ec1ea5e5 is not the leader (null). Request must be sent to leader., logIndex=0, commits[a0227839-3f5f-4b02-968b-4fb9ec1ea5e5:c-1]
2019-09-04 07:30:22,808 | INFO  | SCMAudit | user=jenkins1000 | ip=192.168.34.9 | op=SEND_HEARTBEAT {datanodeUUID=dd224863-0b59-4e37-8325-ae6086842658, command=[]} | ret=SUCCESS |  
2019-09-04 07:30:23,053 | INFO  | SCMAudit | user=jenkins1000 | ip=192.168.34.9 | op=SEND_HEARTBEAT {datanodeUUID=301294da-f18c-437b-aaa3-dd11e4d313a5, command=[]} | ret=SUCCESS |  
2019-09-04 07:30:23,204 | INFO  | SCMAudit | user=jenkins1000 | ip=192.168.34.9 | op=SEND_HEARTBEAT {datanodeUUID=04b3ffef-7bc5-49ad-9873-7fad4d6beb2e, command=[]} | ret=SUCCESS |  
2019-09-04 07:30:23,401 | INFO  | SCMAudit | user=jenkins1000 | ip=192.168.34.9 | op=SEND_HEARTBEAT {datanodeUUID=a3000b8f-a16f-4929-96f1-16c8d13b68fa, command=[]} | ret=SUCCESS |  
2019-09-04 07:30:23,459 | INFO  | SCMAudit | user=jenkins1000 | ip=192.168.34.9 | op=SEND_HEARTBEAT {datanodeUUID=eced3813-67bf-4845-99ed-f1332b386bc3, command=[]} | ret=SUCCESS |  
2019-09-04 07:30:23,459 | INFO  | SCMAudit | user=jenkins1000 | ip=192.168.34.9 | op=SEND_HEARTBEAT {datanodeUUID=045a4bae-3c35-4777-9c15-c7ff798aa345, command=[]} | ret=SUCCESS |  
2019-09-04 07:30:23,597 | INFO  | SCMAudit | user=jenkins1000 | ip=192.168.34.9 | op=SEND_HEARTBEAT {datanodeUUID=a0227839-3f5f-4b02-968b-4fb9ec1ea5e5, command=[]} | ret=SUCCESS |  
2019-09-04 07:30:23,813 | INFO  | SCMAudit | user=jenkins1000 | ip=192.168.34.9 | op=SEND_HEARTBEAT {datanodeUUID=dd224863-0b59-4e37-8325-ae6086842658, command=[]} | ret=SUCCESS |  
2019-09-04 07:30:23,814 [grpc-default-executor-2] INFO  client.GrpcClientProtocolClient (GrpcClientProtocolClient.java:onNext(255)) - client-9F2DED0F5089->301294da-f18c-437b-aaa3-dd11e4d313a5: receive RaftClientReply:client-9F2DED0F5089->301294da-f18c-437b-aaa3-dd11e4d313a5@group-D1E6FBF06079, cid=17, FAILED org.apache.ratis.protocol.NotLeaderException: Server 301294da-f18c-437b-aaa3-dd11e4d313a5 is not the leader (null). Request must be sent to leader., logIndex=0, commits[301294da-f18c-437b-aaa3-dd11e4d313a5:c-1]
2019-09-04 07:30:24,053 | INFO  | SCMAudit | user=jenkins1000 | ip=192.168.34.9 | op=SEND_HEARTBEAT {datanodeUUID=301294da-f18c-437b-aaa3-dd11e4d313a5, command=[]} | ret=SUCCESS |  
2019-09-04 07:30:24,205 | INFO  | SCMAudit | user=jenkins1000 | ip=192.168.34.9 | op=SEND_HEARTBEAT {datanodeUUID=04b3ffef-7bc5-49ad-9873-7fad4d6beb2e, command=[]} | ret=SUCCESS |  
2019-09-04 07:30:24,401 | INFO  | SCMAudit | user=jenkins1000 | ip=192.168.34.9 | op=SEND_HEARTBEAT {datanodeUUID=a3000b8f-a16f-4929-96f1-16c8d13b68fa, command=[]} | ret=SUCCESS |  
2019-09-04 07:30:24,459 | INFO  | SCMAudit | user=jenkins1000 | ip=192.168.34.9 | op=SEND_HEARTBEAT {datanodeUUID=045a4bae-3c35-4777-9c15-c7ff798aa345, command=[]} | ret=SUCCESS |  
2019-09-04 07:30:24,459 | INFO  | SCMAudit | user=jenkins1000 | ip=192.168.34.9 | op=SEND_HEARTBEAT {datanodeUUID=eced3813-67bf-4845-99ed-f1332b386bc3, command=[]} | ret=SUCCESS |  
2019-09-04 07:30:24,597 | INFO  | SCMAudit | user=jenkins1000 | ip=192.168.34.9 | op=SEND_HEARTBEAT {datanodeUUID=a0227839-3f5f-4b02-968b-4fb9ec1ea5e5, command=[]} | ret=SUCCESS |  
2019-09-04 07:30:24,808 | INFO  | SCMAudit | user=jenkins1000 | ip=192.168.34.9 | op=SEND_HEARTBEAT {datanodeUUID=dd224863-0b59-4e37-8325-ae6086842658, command=[]} | ret=SUCCESS |  
2019-09-04 07:30:24,839 [grpc-default-executor-5] INFO  client.GrpcClientProtocolClient (GrpcClientProtocolClient.java:onNext(255)) - client-9F2DED0F5089->a0227839-3f5f-4b02-968b-4fb9ec1ea5e5: receive RaftClientReply:client-9F2DED0F5089->a0227839-3f5f-4b02-968b-4fb9ec1ea5e5@group-D1E6FBF06079, cid=17, FAILED org.apache.ratis.protocol.NotLeaderException: Server a0227839-3f5f-4b02-968b-4fb9ec1ea5e5 is not the leader (null). Request must be sent to leader., logIndex=0, commits[a0227839-3f5f-4b02-968b-4fb9ec1ea5e5:c-1]
2019-09-04 07:30:25,053 | INFO  | SCMAudit | user=jenkins1000 | ip=192.168.34.9 | op=SEND_HEARTBEAT {datanodeUUID=301294da-f18c-437b-aaa3-dd11e4d313a5, command=[]} | ret=SUCCESS |  
2019-09-04 07:30:25,204 | INFO  | SCMAudit | user=jenkins1000 | ip=192.168.34.9 | op=SEND_HEARTBEAT {datanodeUUID=04b3ffef-7bc5-49ad-9873-7fad4d6beb2e, command=[]} | ret=SUCCESS |  
2019-09-04 07:30:25,401 | INFO  | SCMAudit | user=jenkins1000 | ip=192.168.34.9 | op=SEND_HEARTBEAT {datanodeUUID=a3000b8f-a16f-4929-96f1-16c8d13b68fa, command=[]} | ret=SUCCESS |  
2019-09-04 07:30:25,459 | INFO  | SCMAudit | user=jenkins1000 | ip=192.168.34.9 | op=SEND_HEARTBEAT {datanodeUUID=045a4bae-3c35-4777-9c15-c7ff798aa345, command=[]} | ret=SUCCESS |  
2019-09-04 07:30:25,459 | INFO  | SCMAudit | user=jenkins1000 | ip=192.168.34.9 | op=SEND_HEARTBEAT {datanodeUUID=eced3813-67bf-4845-99ed-f1332b386bc3, command=[]} | ret=SUCCESS |  
2019-09-04 07:30:25,597 | INFO  | SCMAudit | user=jenkins1000 | ip=192.168.34.9 | op=SEND_HEARTBEAT {datanodeUUID=a0227839-3f5f-4b02-968b-4fb9ec1ea5e5, command=[]} | ret=SUCCESS |  
2019-09-04 07:30:25,808 | INFO  | SCMAudit | user=jenkins1000 | ip=192.168.34.9 | op=SEND_HEARTBEAT {datanodeUUID=dd224863-0b59-4e37-8325-ae6086842658, command=[]} | ret=SUCCESS |  
2019-09-04 07:30:25,861 [grpc-default-executor-2] INFO  client.GrpcClientProtocolClient (GrpcClientProtocolClient.java:onNext(255)) - client-9F2DED0F5089->301294da-f18c-437b-aaa3-dd11e4d313a5: receive RaftClientReply:client-9F2DED0F5089->301294da-f18c-437b-aaa3-dd11e4d313a5@group-D1E6FBF06079, cid=17, FAILED org.apache.ratis.protocol.NotLeaderException: Server 301294da-f18c-437b-aaa3-dd11e4d313a5 is not the leader (null). Request must be sent to leader., logIndex=0, commits[301294da-f18c-437b-aaa3-dd11e4d313a5:c-1]
2019-09-04 07:30:25,976 [Thread-335] INFO  impl.FollowerState (FollowerState.java:run(106)) - a0227839-3f5f-4b02-968b-4fb9ec1ea5e5:group-D1E6FBF06079 changes to CANDIDATE, lastRpcTime:5042, electionTimeout:5041ms
2019-09-04 07:30:25,979 [Thread-335] INFO  impl.RoleInfo (RoleInfo.java:shutdownFollowerState(121)) - a0227839-3f5f-4b02-968b-4fb9ec1ea5e5: shutdown FollowerState
2019-09-04 07:30:25,979 [Thread-335] INFO  impl.RaftServerImpl (RaftServerImpl.java:setRole(171)) - a0227839-3f5f-4b02-968b-4fb9ec1ea5e5:group-D1E6FBF06079 changes role from FOLLOWER to CANDIDATE at term 1 for changeToCandidate
2019-09-04 07:30:25,979 [Thread-335] INFO  impl.RoleInfo (RoleInfo.java:updateAndGet(143)) - a0227839-3f5f-4b02-968b-4fb9ec1ea5e5: start LeaderElection
2019-09-04 07:30:26,054 | INFO  | SCMAudit | user=jenkins1000 | ip=192.168.34.9 | op=SEND_HEARTBEAT {datanodeUUID=301294da-f18c-437b-aaa3-dd11e4d313a5, command=[]} | ret=SUCCESS |  
2019-09-04 07:30:26,123 [Thread-334] INFO  impl.FollowerState (FollowerState.java:run(106)) - 301294da-f18c-437b-aaa3-dd11e4d313a5:group-D1E6FBF06079 changes to CANDIDATE, lastRpcTime:5198, electionTimeout:5194ms
2019-09-04 07:30:26,135 [Thread-334] INFO  impl.RoleInfo (RoleInfo.java:shutdownFollowerState(121)) - 301294da-f18c-437b-aaa3-dd11e4d313a5: shutdown FollowerState
2019-09-04 07:30:26,135 [Thread-334] INFO  impl.RaftServerImpl (RaftServerImpl.java:setRole(171)) - 301294da-f18c-437b-aaa3-dd11e4d313a5:group-D1E6FBF06079 changes role from FOLLOWER to CANDIDATE at term 1 for changeToCandidate
2019-09-04 07:30:26,135 [Thread-334] INFO  impl.RoleInfo (RoleInfo.java:updateAndGet(143)) - 301294da-f18c-437b-aaa3-dd11e4d313a5: start LeaderElection
2019-09-04 07:30:26,141 [Thread-336] INFO  impl.FollowerState (FollowerState.java:run(106)) - dd224863-0b59-4e37-8325-ae6086842658:group-D1E6FBF06079 changes to CANDIDATE, lastRpcTime:5192, electionTimeout:5192ms
2019-09-04 07:30:26,142 [Thread-336] INFO  impl.RoleInfo (RoleInfo.java:shutdownFollowerState(121)) - dd224863-0b59-4e37-8325-ae6086842658: shutdown FollowerState
2019-09-04 07:30:26,142 [Thread-336] INFO  impl.RaftServerImpl (RaftServerImpl.java:setRole(171)) - dd224863-0b59-4e37-8325-ae6086842658:group-D1E6FBF06079 changes role from FOLLOWER to CANDIDATE at term 1 for changeToCandidate
2019-09-04 07:30:26,142 [Thread-336] INFO  impl.RoleInfo (RoleInfo.java:updateAndGet(143)) - dd224863-0b59-4e37-8325-ae6086842658: start LeaderElection
2019-09-04 07:30:26,205 | INFO  | SCMAudit | user=jenkins1000 | ip=192.168.34.9 | op=SEND_HEARTBEAT {datanodeUUID=04b3ffef-7bc5-49ad-9873-7fad4d6beb2e, command=[]} | ret=SUCCESS |  
2019-09-04 07:30:26,401 | INFO  | SCMAudit | user=jenkins1000 | ip=192.168.34.9 | op=SEND_HEARTBEAT {datanodeUUID=a3000b8f-a16f-4929-96f1-16c8d13b68fa, command=[]} | ret=SUCCESS |  
2019-09-04 07:30:26,458 | INFO  | SCMAudit | user=jenkins1000 | ip=192.168.34.9 | op=SEND_HEARTBEAT {datanodeUUID=eced3813-67bf-4845-99ed-f1332b386bc3, command=[]} | ret=SUCCESS |  
2019-09-04 07:30:26,459 | INFO  | SCMAudit | user=jenkins1000 | ip=192.168.34.9 | op=SEND_HEARTBEAT {datanodeUUID=045a4bae-3c35-4777-9c15-c7ff798aa345, command=[]} | ret=SUCCESS |  
2019-09-04 07:30:26,597 | INFO  | SCMAudit | user=jenkins1000 | ip=192.168.34.9 | op=SEND_HEARTBEAT {datanodeUUID=a0227839-3f5f-4b02-968b-4fb9ec1ea5e5, command=[]} | ret=SUCCESS |  
2019-09-04 07:30:26,809 | INFO  | SCMAudit | user=jenkins1000 | ip=192.168.34.9 | op=SEND_HEARTBEAT {datanodeUUID=dd224863-0b59-4e37-8325-ae6086842658, command=[]} | ret=SUCCESS |  
2019-09-04 07:30:26,889 [grpc-default-executor-5] INFO  client.GrpcClientProtocolClient (GrpcClientProtocolClient.java:onNext(255)) - client-9F2DED0F5089->a0227839-3f5f-4b02-968b-4fb9ec1ea5e5: receive RaftClientReply:client-9F2DED0F5089->a0227839-3f5f-4b02-968b-4fb9ec1ea5e5@group-D1E6FBF06079, cid=17, FAILED org.apache.ratis.protocol.NotLeaderException: Server a0227839-3f5f-4b02-968b-4fb9ec1ea5e5 is not the leader (null). Request must be sent to leader., logIndex=0, commits[a0227839-3f5f-4b02-968b-4fb9ec1ea5e5:c-1]
2019-09-04 07:30:27,054 | INFO  | SCMAudit | user=jenkins1000 | ip=192.168.34.9 | op=SEND_HEARTBEAT {datanodeUUID=301294da-f18c-437b-aaa3-dd11e4d313a5, command=[]} | ret=SUCCESS |  
2019-09-04 07:30:27,205 | INFO  | SCMAudit | user=jenkins1000 | ip=192.168.34.9 | op=SEND_HEARTBEAT {datanodeUUID=04b3ffef-7bc5-49ad-9873-7fad4d6beb2e, command=[]} | ret=SUCCESS |  
2019-09-04 07:30:27,254 [dd224863-0b59-4e37-8325-ae6086842658:group-D1E6FBF06079:LeaderElection15] INFO  impl.LeaderElection (LeaderElection.java:askForVotes(181)) - dd224863-0b59-4e37-8325-ae6086842658:group-D1E6FBF06079:LeaderElection15: begin an election at term 2 for -1: [301294da-f18c-437b-aaa3-dd11e4d313a5:192.168.34.9:40574, dd224863-0b59-4e37-8325-ae6086842658:192.168.34.9:33554, a0227839-3f5f-4b02-968b-4fb9ec1ea5e5:192.168.34.9:35848], old=null
2019-09-04 07:30:27,254 [301294da-f18c-437b-aaa3-dd11e4d313a5:group-D1E6FBF06079:LeaderElection14] INFO  impl.LeaderElection (LeaderElection.java:askForVotes(181)) - 301294da-f18c-437b-aaa3-dd11e4d313a5:group-D1E6FBF06079:LeaderElection14: begin an election at term 2 for -1: [301294da-f18c-437b-aaa3-dd11e4d313a5:192.168.34.9:40574, dd224863-0b59-4e37-8325-ae6086842658:192.168.34.9:33554, a0227839-3f5f-4b02-968b-4fb9ec1ea5e5:192.168.34.9:35848], old=null
2019-09-04 07:30:27,254 [a0227839-3f5f-4b02-968b-4fb9ec1ea5e5:group-D1E6FBF06079:LeaderElection13] INFO  impl.LeaderElection (LeaderElection.java:askForVotes(181)) - a0227839-3f5f-4b02-968b-4fb9ec1ea5e5:group-D1E6FBF06079:LeaderElection13: begin an election at term 2 for -1: [301294da-f18c-437b-aaa3-dd11e4d313a5:192.168.34.9:40574, dd224863-0b59-4e37-8325-ae6086842658:192.168.34.9:33554, a0227839-3f5f-4b02-968b-4fb9ec1ea5e5:192.168.34.9:35848], old=null
2019-09-04 07:30:27,277 [dd224863-0b59-4e37-8325-ae6086842658:group-D1E6FBF06079:LeaderElection15] INFO  impl.LeaderElection (LeaderElection.java:logAndReturn(56)) - dd224863-0b59-4e37-8325-ae6086842658:group-D1E6FBF06079:LeaderElection15: Election REJECTED; received 2 response(s) [dd224863-0b59-4e37-8325-ae6086842658<-301294da-f18c-437b-aaa3-dd11e4d313a5#0:FAIL-t2, dd224863-0b59-4e37-8325-ae6086842658<-a0227839-3f5f-4b02-968b-4fb9ec1ea5e5#0:FAIL-t2] and 0 exception(s); dd224863-0b59-4e37-8325-ae6086842658:t2, leader=null, voted=dd224863-0b59-4e37-8325-ae6086842658, raftlog=dd224863-0b59-4e37-8325-ae6086842658-SegmentedRaftLog:OPENED:c-1,f-1,i0, conf=-1: [301294da-f18c-437b-aaa3-dd11e4d313a5:192.168.34.9:40574, dd224863-0b59-4e37-8325-ae6086842658:192.168.34.9:33554, a0227839-3f5f-4b02-968b-4fb9ec1ea5e5:192.168.34.9:35848], old=null
2019-09-04 07:30:27,277 [301294da-f18c-437b-aaa3-dd11e4d313a5:group-D1E6FBF06079:LeaderElection14] INFO  impl.LeaderElection (LeaderElection.java:logAndReturn(56)) - 301294da-f18c-437b-aaa3-dd11e4d313a5:group-D1E6FBF06079:LeaderElection14: Election REJECTED; received 2 response(s) [301294da-f18c-437b-aaa3-dd11e4d313a5<-dd224863-0b59-4e37-8325-ae6086842658#0:FAIL-t2, 301294da-f18c-437b-aaa3-dd11e4d313a5<-a0227839-3f5f-4b02-968b-4fb9ec1ea5e5#0:FAIL-t2] and 0 exception(s); 301294da-f18c-437b-aaa3-dd11e4d313a5:t2, leader=null, voted=301294da-f18c-437b-aaa3-dd11e4d313a5, raftlog=301294da-f18c-437b-aaa3-dd11e4d313a5-SegmentedRaftLog:OPENED:c-1,f-1,i0, conf=-1: [301294da-f18c-437b-aaa3-dd11e4d313a5:192.168.34.9:40574, dd224863-0b59-4e37-8325-ae6086842658:192.168.34.9:33554, a0227839-3f5f-4b02-968b-4fb9ec1ea5e5:192.168.34.9:35848], old=null
2019-09-04 07:30:27,278 [a0227839-3f5f-4b02-968b-4fb9ec1ea5e5:group-D1E6FBF06079:LeaderElection13] INFO  impl.LeaderElection (LeaderElection.java:logAndReturn(56)) - a0227839-3f5f-4b02-968b-4fb9ec1ea5e5:group-D1E6FBF06079:LeaderElection13: Election REJECTED; received 2 response(s) [a0227839-3f5f-4b02-968b-4fb9ec1ea5e5<-301294da-f18c-437b-aaa3-dd11e4d313a5#0:FAIL-t2, a0227839-3f5f-4b02-968b-4fb9ec1ea5e5<-dd224863-0b59-4e37-8325-ae6086842658#0:FAIL-t2] and 0 exception(s); a0227839-3f5f-4b02-968b-4fb9ec1ea5e5:t2, leader=null, voted=a0227839-3f5f-4b02-968b-4fb9ec1ea5e5, raftlog=a0227839-3f5f-4b02-968b-4fb9ec1ea5e5-SegmentedRaftLog:OPENED:c-1,f-1,i0, conf=-1: [301294da-f18c-437b-aaa3-dd11e4d313a5:192.168.34.9:40574, dd224863-0b59-4e37-8325-ae6086842658:192.168.34.9:33554, a0227839-3f5f-4b02-968b-4fb9ec1ea5e5:192.168.34.9:35848], old=null
2019-09-04 07:30:27,278 [dd224863-0b59-4e37-8325-ae6086842658:group-D1E6FBF06079:LeaderElection15] INFO  impl.RaftServerImpl (RaftServerImpl.java:setRole(171)) - dd224863-0b59-4e37-8325-ae6086842658:group-D1E6FBF06079 changes role from CANDIDATE to FOLLOWER at term 2 for DISCOVERED_A_NEW_TERM
2019-09-04 07:30:27,284 [a0227839-3f5f-4b02-968b-4fb9ec1ea5e5:group-D1E6FBF06079:LeaderElection13] INFO  impl.RaftServerImpl (RaftServerImpl.java:setRole(171)) - a0227839-3f5f-4b02-968b-4fb9ec1ea5e5:group-D1E6FBF06079 changes role from CANDIDATE to FOLLOWER at term 2 for DISCOVERED_A_NEW_TERM
2019-09-04 07:30:27,280 [301294da-f18c-437b-aaa3-dd11e4d313a5:group-D1E6FBF06079:LeaderElection14] INFO  impl.RaftServerImpl (RaftServerImpl.java:setRole(171)) - 301294da-f18c-437b-aaa3-dd11e4d313a5:group-D1E6FBF06079 changes role from CANDIDATE to FOLLOWER at term 2 for DISCOVERED_A_NEW_TERM
2019-09-04 07:30:27,286 [a0227839-3f5f-4b02-968b-4fb9ec1ea5e5:group-D1E6FBF06079:LeaderElection13] INFO  impl.RoleInfo (RoleInfo.java:shutdownLeaderElection(134)) - a0227839-3f5f-4b02-968b-4fb9ec1ea5e5: shutdown LeaderElection
2019-09-04 07:30:27,284 [dd224863-0b59-4e37-8325-ae6086842658:group-D1E6FBF06079:LeaderElection15] INFO  impl.RoleInfo (RoleInfo.java:shutdownLeaderElection(134)) - dd224863-0b59-4e37-8325-ae6086842658: shutdown LeaderElection
2019-09-04 07:30:27,286 [a0227839-3f5f-4b02-968b-4fb9ec1ea5e5:group-D1E6FBF06079:LeaderElection13] INFO  impl.RoleInfo (RoleInfo.java:updateAndGet(143)) - a0227839-3f5f-4b02-968b-4fb9ec1ea5e5: start FollowerState
2019-09-04 07:30:27,286 [dd224863-0b59-4e37-8325-ae6086842658:group-D1E6FBF06079:LeaderElection15] INFO  impl.RoleInfo (RoleInfo.java:updateAndGet(143)) - dd224863-0b59-4e37-8325-ae6086842658: start FollowerState
2019-09-04 07:30:27,286 [301294da-f18c-437b-aaa3-dd11e4d313a5:group-D1E6FBF06079:LeaderElection14] INFO  impl.RoleInfo (RoleInfo.java:shutdownLeaderElection(134)) - 301294da-f18c-437b-aaa3-dd11e4d313a5: shutdown LeaderElection
2019-09-04 07:30:27,291 [301294da-f18c-437b-aaa3-dd11e4d313a5:group-D1E6FBF06079:LeaderElection14] INFO  impl.RoleInfo (RoleInfo.java:updateAndGet(143)) - 301294da-f18c-437b-aaa3-dd11e4d313a5: start FollowerState
2019-09-04 07:30:27,401 | INFO  | SCMAudit | user=jenkins1000 | ip=192.168.34.9 | op=SEND_HEARTBEAT {datanodeUUID=a3000b8f-a16f-4929-96f1-16c8d13b68fa, command=[]} | ret=SUCCESS |  
2019-09-04 07:30:27,459 | INFO  | SCMAudit | user=jenkins1000 | ip=192.168.34.9 | op=SEND_HEARTBEAT {datanodeUUID=eced3813-67bf-4845-99ed-f1332b386bc3, command=[]} | ret=SUCCESS |  
2019-09-04 07:30:27,459 | INFO  | SCMAudit | user=jenkins1000 | ip=192.168.34.9 | op=SEND_HEARTBEAT {datanodeUUID=045a4bae-3c35-4777-9c15-c7ff798aa345, command=[]} | ret=SUCCESS |  
2019-09-04 07:30:27,597 | INFO  | SCMAudit | user=jenkins1000 | ip=192.168.34.9 | op=SEND_HEARTBEAT {datanodeUUID=a0227839-3f5f-4b02-968b-4fb9ec1ea5e5, command=[]} | ret=SUCCESS |  
2019-09-04 07:30:27,809 | INFO  | SCMAudit | user=jenkins1000 | ip=192.168.34.9 | op=SEND_HEARTBEAT {datanodeUUID=dd224863-0b59-4e37-8325-ae6086842658, command=[]} | ret=SUCCESS |  
2019-09-04 07:30:27,914 [grpc-default-executor-0] INFO  client.GrpcClientProtocolClient (GrpcClientProtocolClient.java:onNext(255)) - client-9F2DED0F5089->301294da-f18c-437b-aaa3-dd11e4d313a5: receive RaftClientReply:client-9F2DED0F5089->301294da-f18c-437b-aaa3-dd11e4d313a5@group-D1E6FBF06079, cid=17, FAILED org.apache.ratis.protocol.NotLeaderException: Server 301294da-f18c-437b-aaa3-dd11e4d313a5 is not the leader (null). Request must be sent to leader., logIndex=0, commits[301294da-f18c-437b-aaa3-dd11e4d313a5:c-1]
2019-09-04 07:30:28,054 | INFO  | SCMAudit | user=jenkins1000 | ip=192.168.34.9 | op=SEND_HEARTBEAT {datanodeUUID=301294da-f18c-437b-aaa3-dd11e4d313a5, command=[]} | ret=SUCCESS |  
2019-09-04 07:30:28,206 | INFO  | SCMAudit | user=jenkins1000 | ip=192.168.34.9 | op=SEND_HEARTBEAT {datanodeUUID=04b3ffef-7bc5-49ad-9873-7fad4d6beb2e, command=[]} | ret=SUCCESS |  
2019-09-04 07:30:28,401 | INFO  | SCMAudit | user=jenkins1000 | ip=192.168.34.9 | op=SEND_HEARTBEAT {datanodeUUID=a3000b8f-a16f-4929-96f1-16c8d13b68fa, command=[]} | ret=SUCCESS |  
2019-09-04 07:30:28,459 | INFO  | SCMAudit | user=jenkins1000 | ip=192.168.34.9 | op=SEND_HEARTBEAT {datanodeUUID=eced3813-67bf-4845-99ed-f1332b386bc3, command=[]} | ret=SUCCESS |  
2019-09-04 07:30:28,460 | INFO  | SCMAudit | user=jenkins1000 | ip=192.168.34.9 | op=SEND_HEARTBEAT {datanodeUUID=045a4bae-3c35-4777-9c15-c7ff798aa345, command=[]} | ret=SUCCESS |  
2019-09-04 07:30:28,597 | INFO  | SCMAudit | user=jenkins1000 | ip=192.168.34.9 | op=SEND_HEARTBEAT {datanodeUUID=a0227839-3f5f-4b02-968b-4fb9ec1ea5e5, command=[]} | ret=SUCCESS |  
2019-09-04 07:30:28,809 | INFO  | SCMAudit | user=jenkins1000 | ip=192.168.34.9 | op=SEND_HEARTBEAT {datanodeUUID=dd224863-0b59-4e37-8325-ae6086842658, command=[]} | ret=SUCCESS |  
2019-09-04 07:30:29,003 [grpc-default-executor-4] INFO  client.GrpcClientProtocolClient (GrpcClientProtocolClient.java:onNext(255)) - client-9F2DED0F5089->a0227839-3f5f-4b02-968b-4fb9ec1ea5e5: receive RaftClientReply:client-9F2DED0F5089->a0227839-3f5f-4b02-968b-4fb9ec1ea5e5@group-D1E6FBF06079, cid=17, FAILED org.apache.ratis.protocol.NotLeaderException: Server a0227839-3f5f-4b02-968b-4fb9ec1ea5e5 is not the leader (null). Request must be sent to leader., logIndex=0, commits[a0227839-3f5f-4b02-968b-4fb9ec1ea5e5:c-1]
2019-09-04 07:30:29,054 | INFO  | SCMAudit | user=jenkins1000 | ip=192.168.34.9 | op=SEND_HEARTBEAT {datanodeUUID=301294da-f18c-437b-aaa3-dd11e4d313a5, command=[]} | ret=SUCCESS |  
2019-09-04 07:30:29,206 | INFO  | SCMAudit | user=jenkins1000 | ip=192.168.34.9 | op=SEND_HEARTBEAT {datanodeUUID=04b3ffef-7bc5-49ad-9873-7fad4d6beb2e, command=[]} | ret=SUCCESS |  
2019-09-04 07:30:29,402 | INFO  | SCMAudit | user=jenkins1000 | ip=192.168.34.9 | op=SEND_HEARTBEAT {datanodeUUID=a3000b8f-a16f-4929-96f1-16c8d13b68fa, command=[]} | ret=SUCCESS |  
2019-09-04 07:30:29,460 | INFO  | SCMAudit | user=jenkins1000 | ip=192.168.34.9 | op=SEND_HEARTBEAT {datanodeUUID=eced3813-67bf-4845-99ed-f1332b386bc3, command=[]} | ret=SUCCESS |  
2019-09-04 07:30:29,460 | INFO  | SCMAudit | user=jenkins1000 | ip=192.168.34.9 | op=SEND_HEARTBEAT {datanodeUUID=045a4bae-3c35-4777-9c15-c7ff798aa345, command=[]} | ret=SUCCESS |  
2019-09-04 07:30:29,598 | INFO  | SCMAudit | user=jenkins1000 | ip=192.168.34.9 | op=SEND_HEARTBEAT {datanodeUUID=a0227839-3f5f-4b02-968b-4fb9ec1ea5e5, command=[]} | ret=SUCCESS |  
2019-09-04 07:30:29,810 | INFO  | SCMAudit | user=jenkins1000 | ip=192.168.34.9 | op=SEND_HEARTBEAT {datanodeUUID=dd224863-0b59-4e37-8325-ae6086842658, command=[]} | ret=SUCCESS |  
2019-09-04 07:30:30,035 [grpc-default-executor-4] INFO  client.GrpcClientProtocolClient (GrpcClientProtocolClient.java:onNext(255)) - client-9F2DED0F5089->dd224863-0b59-4e37-8325-ae6086842658: receive RaftClientReply:client-9F2DED0F5089->dd224863-0b59-4e37-8325-ae6086842658@group-D1E6FBF06079, cid=17, FAILED org.apache.ratis.protocol.NotLeaderException: Server dd224863-0b59-4e37-8325-ae6086842658 is not the leader (null). Request must be sent to leader., logIndex=0, commits[dd224863-0b59-4e37-8325-ae6086842658:c-1]
2019-09-04 07:30:30,054 | INFO  | SCMAudit | user=jenkins1000 | ip=192.168.34.9 | op=SEND_HEARTBEAT {datanodeUUID=301294da-f18c-437b-aaa3-dd11e4d313a5, command=[]} | ret=SUCCESS |  
2019-09-04 07:30:30,206 | INFO  | SCMAudit | user=jenkins1000 | ip=192.168.34.9 | op=SEND_HEARTBEAT {datanodeUUID=04b3ffef-7bc5-49ad-9873-7fad4d6beb2e, command=[]} | ret=SUCCESS |  
2019-09-04 07:30:30,401 | INFO  | SCMAudit | user=jenkins1000 | ip=192.168.34.9 | op=SEND_HEARTBEAT {datanodeUUID=a3000b8f-a16f-4929-96f1-16c8d13b68fa, command=[]} | ret=SUCCESS |  
2019-09-04 07:30:30,459 | INFO  | SCMAudit | user=jenkins1000 | ip=192.168.34.9 | op=SEND_HEARTBEAT {datanodeUUID=eced3813-67bf-4845-99ed-f1332b386bc3, command=[]} | ret=SUCCESS |  
2019-09-04 07:30:30,460 | INFO  | SCMAudit | user=jenkins1000 | ip=192.168.34.9 | op=SEND_HEARTBEAT {datanodeUUID=045a4bae-3c35-4777-9c15-c7ff798aa345, command=[]} | ret=SUCCESS |  
2019-09-04 07:30:30,598 | INFO  | SCMAudit | user=jenkins1000 | ip=192.168.34.9 | op=SEND_HEARTBEAT {datanodeUUID=a0227839-3f5f-4b02-968b-4fb9ec1ea5e5, command=[]} | ret=SUCCESS |  
2019-09-04 07:30:30,810 | INFO  | SCMAudit | user=jenkins1000 | ip=192.168.34.9 | op=SEND_HEARTBEAT {datanodeUUID=dd224863-0b59-4e37-8325-ae6086842658, command=[]} | ret=SUCCESS |  
2019-09-04 07:30:31,059 | INFO  | SCMAudit | user=jenkins1000 | ip=192.168.34.9 | op=SEND_HEARTBEAT {datanodeUUID=301294da-f18c-437b-aaa3-dd11e4d313a5, command=[]} | ret=SUCCESS |  
2019-09-04 07:30:31,075 [grpc-default-executor-4] INFO  client.GrpcClientProtocolClient (GrpcClientProtocolClient.java:onNext(255)) - client-9F2DED0F5089->301294da-f18c-437b-aaa3-dd11e4d313a5: receive RaftClientReply:client-9F2DED0F5089->301294da-f18c-437b-aaa3-dd11e4d313a5@group-D1E6FBF06079, cid=17, FAILED org.apache.ratis.protocol.NotLeaderException: Server 301294da-f18c-437b-aaa3-dd11e4d313a5 is not the leader (null). Request must be sent to leader., logIndex=0, commits[301294da-f18c-437b-aaa3-dd11e4d313a5:c-1]
2019-09-04 07:30:31,207 | INFO  | SCMAudit | user=jenkins1000 | ip=192.168.34.9 | op=SEND_HEARTBEAT {datanodeUUID=04b3ffef-7bc5-49ad-9873-7fad4d6beb2e, command=[]} | ret=SUCCESS |  
2019-09-04 07:30:31,402 | INFO  | SCMAudit | user=jenkins1000 | ip=192.168.34.9 | op=SEND_HEARTBEAT {datanodeUUID=a3000b8f-a16f-4929-96f1-16c8d13b68fa, command=[]} | ret=SUCCESS |  
2019-09-04 07:30:31,459 | INFO  | SCMAudit | user=jenkins1000 | ip=192.168.34.9 | op=SEND_HEARTBEAT {datanodeUUID=eced3813-67bf-4845-99ed-f1332b386bc3, command=[]} | ret=SUCCESS |  
2019-09-04 07:30:31,460 | INFO  | SCMAudit | user=jenkins1000 | ip=192.168.34.9 | op=SEND_HEARTBEAT {datanodeUUID=045a4bae-3c35-4777-9c15-c7ff798aa345, command=[]} | ret=SUCCESS |  
2019-09-04 07:30:31,599 | INFO  | SCMAudit | user=jenkins1000 | ip=192.168.34.9 | op=SEND_HEARTBEAT {datanodeUUID=a0227839-3f5f-4b02-968b-4fb9ec1ea5e5, command=[]} | ret=SUCCESS |  
2019-09-04 07:30:31,810 | INFO  | SCMAudit | user=jenkins1000 | ip=192.168.34.9 | op=SEND_HEARTBEAT {datanodeUUID=dd224863-0b59-4e37-8325-ae6086842658, command=[]} | ret=SUCCESS |  
2019-09-04 07:30:32,059 | INFO  | SCMAudit | user=jenkins1000 | ip=192.168.34.9 | op=SEND_HEARTBEAT {datanodeUUID=301294da-f18c-437b-aaa3-dd11e4d313a5, command=[]} | ret=SUCCESS |  
2019-09-04 07:30:32,101 [grpc-default-executor-0] INFO  client.GrpcClientProtocolClient (GrpcClientProtocolClient.java:onNext(255)) - client-9F2DED0F5089->dd224863-0b59-4e37-8325-ae6086842658: receive RaftClientReply:client-9F2DED0F5089->dd224863-0b59-4e37-8325-ae6086842658@group-D1E6FBF06079, cid=17, FAILED org.apache.ratis.protocol.NotLeaderException: Server dd224863-0b59-4e37-8325-ae6086842658 is not the leader (null). Request must be sent to leader., logIndex=0, commits[dd224863-0b59-4e37-8325-ae6086842658:c-1]
2019-09-04 07:30:32,207 | INFO  | SCMAudit | user=jenkins1000 | ip=192.168.34.9 | op=SEND_HEARTBEAT {datanodeUUID=04b3ffef-7bc5-49ad-9873-7fad4d6beb2e, command=[]} | ret=SUCCESS |  
2019-09-04 07:30:32,301 [Thread-405] INFO  impl.FollowerState (FollowerState.java:run(106)) - 301294da-f18c-437b-aaa3-dd11e4d313a5:group-D1E6FBF06079 changes to CANDIDATE, lastRpcTime:5010, electionTimeout:5008ms
2019-09-04 07:30:32,301 [Thread-405] INFO  impl.RoleInfo (RoleInfo.java:shutdownFollowerState(121)) - 301294da-f18c-437b-aaa3-dd11e4d313a5: shutdown FollowerState
2019-09-04 07:30:32,301 [Thread-405] INFO  impl.RaftServerImpl (RaftServerImpl.java:setRole(171)) - 301294da-f18c-437b-aaa3-dd11e4d313a5:group-D1E6FBF06079 changes role from FOLLOWER to CANDIDATE at term 2 for changeToCandidate
2019-09-04 07:30:32,302 [Thread-405] INFO  impl.RoleInfo (RoleInfo.java:updateAndGet(143)) - 301294da-f18c-437b-aaa3-dd11e4d313a5: start LeaderElection
2019-09-04 07:30:32,355 [301294da-f18c-437b-aaa3-dd11e4d313a5:group-D1E6FBF06079:LeaderElection16] INFO  impl.LeaderElection (LeaderElection.java:askForVotes(181)) - 301294da-f18c-437b-aaa3-dd11e4d313a5:group-D1E6FBF06079:LeaderElection16: begin an election at term 3 for -1: [301294da-f18c-437b-aaa3-dd11e4d313a5:192.168.34.9:40574, dd224863-0b59-4e37-8325-ae6086842658:192.168.34.9:33554, a0227839-3f5f-4b02-968b-4fb9ec1ea5e5:192.168.34.9:35848], old=null
2019-09-04 07:30:32,360 [grpc-default-executor-4] INFO  impl.RaftServerImpl (RaftServerImpl.java:setRole(171)) - a0227839-3f5f-4b02-968b-4fb9ec1ea5e5:group-D1E6FBF06079 changes role from FOLLOWER to FOLLOWER at term 3 for recognizeCandidate:301294da-f18c-437b-aaa3-dd11e4d313a5
2019-09-04 07:30:32,360 [grpc-default-executor-0] INFO  impl.RaftServerImpl (RaftServerImpl.java:setRole(171)) - dd224863-0b59-4e37-8325-ae6086842658:group-D1E6FBF06079 changes role from FOLLOWER to FOLLOWER at term 3 for recognizeCandidate:301294da-f18c-437b-aaa3-dd11e4d313a5
2019-09-04 07:30:32,361 [grpc-default-executor-4] INFO  impl.RoleInfo (RoleInfo.java:shutdownFollowerState(121)) - a0227839-3f5f-4b02-968b-4fb9ec1ea5e5: shutdown FollowerState
2019-09-04 07:30:32,361 [grpc-default-executor-0] INFO  impl.RoleInfo (RoleInfo.java:shutdownFollowerState(121)) - dd224863-0b59-4e37-8325-ae6086842658: shutdown FollowerState
2019-09-04 07:30:32,361 [Thread-403] INFO  impl.FollowerState (FollowerState.java:run(114)) - a0227839-3f5f-4b02-968b-4fb9ec1ea5e5: FollowerState was interrupted: java.lang.InterruptedException: sleep interrupted
2019-09-04 07:30:32,361 [grpc-default-executor-4] INFO  impl.RoleInfo (RoleInfo.java:updateAndGet(143)) - a0227839-3f5f-4b02-968b-4fb9ec1ea5e5: start FollowerState
2019-09-04 07:30:32,361 [grpc-default-executor-0] INFO  impl.RoleInfo (RoleInfo.java:updateAndGet(143)) - dd224863-0b59-4e37-8325-ae6086842658: start FollowerState
2019-09-04 07:30:32,361 [Thread-404] INFO  impl.FollowerState (FollowerState.java:run(114)) - dd224863-0b59-4e37-8325-ae6086842658: FollowerState was interrupted: java.lang.InterruptedException: sleep interrupted
2019-09-04 07:30:32,382 [301294da-f18c-437b-aaa3-dd11e4d313a5:group-D1E6FBF06079:LeaderElection16] INFO  impl.LeaderElection (LeaderElection.java:logAndReturn(56)) - 301294da-f18c-437b-aaa3-dd11e4d313a5:group-D1E6FBF06079:LeaderElection16: Election PASSED; received 1 response(s) [301294da-f18c-437b-aaa3-dd11e4d313a5<-a0227839-3f5f-4b02-968b-4fb9ec1ea5e5#0:OK-t3] and 0 exception(s); 301294da-f18c-437b-aaa3-dd11e4d313a5:t3, leader=null, voted=301294da-f18c-437b-aaa3-dd11e4d313a5, raftlog=301294da-f18c-437b-aaa3-dd11e4d313a5-SegmentedRaftLog:OPENED:c-1,f-1,i0, conf=-1: [301294da-f18c-437b-aaa3-dd11e4d313a5:192.168.34.9:40574, dd224863-0b59-4e37-8325-ae6086842658:192.168.34.9:33554, a0227839-3f5f-4b02-968b-4fb9ec1ea5e5:192.168.34.9:35848], old=null
2019-09-04 07:30:32,383 [301294da-f18c-437b-aaa3-dd11e4d313a5:group-D1E6FBF06079:LeaderElection16] INFO  impl.RoleInfo (RoleInfo.java:shutdownLeaderElection(134)) - 301294da-f18c-437b-aaa3-dd11e4d313a5: shutdown LeaderElection
2019-09-04 07:30:32,386 [301294da-f18c-437b-aaa3-dd11e4d313a5:group-D1E6FBF06079:LeaderElection16] INFO  impl.RaftServerImpl (RaftServerImpl.java:setRole(171)) - 301294da-f18c-437b-aaa3-dd11e4d313a5:group-D1E6FBF06079 changes role from CANDIDATE to LEADER at term 3 for changeToLeader
2019-09-04 07:30:32,386 [301294da-f18c-437b-aaa3-dd11e4d313a5:group-D1E6FBF06079:LeaderElection16] INFO  impl.RaftServerImpl (ServerState.java:setLeader(263)) - 301294da-f18c-437b-aaa3-dd11e4d313a5:group-D1E6FBF06079 change Leader from null to 301294da-f18c-437b-aaa3-dd11e4d313a5 at term 3 for becomeLeader, leader elected after 16627ms
2019-09-04 07:30:32,386 [301294da-f18c-437b-aaa3-dd11e4d313a5:group-D1E6FBF06079:LeaderElection16] INFO  server.RaftServerConfigKeys (ConfUtils.java:logGet(43)) - raft.server.staging.catchup.gap = 1000 (default)
2019-09-04 07:30:32,387 [301294da-f18c-437b-aaa3-dd11e4d313a5:group-D1E6FBF06079:LeaderElection16] INFO  server.RaftServerConfigKeys (ConfUtils.java:logGet(43)) - raft.server.rpc.sleep.time = 25ms (default)
2019-09-04 07:30:32,387 [301294da-f18c-437b-aaa3-dd11e4d313a5:group-D1E6FBF06079:LeaderElection16] INFO  server.RaftServerConfigKeys (ConfUtils.java:logGet(43)) - raft.server.write.element-limit = 4096 (default)
2019-09-04 07:30:32,387 [301294da-f18c-437b-aaa3-dd11e4d313a5:group-D1E6FBF06079:LeaderElection16] INFO  server.RaftServerConfigKeys (ConfUtils.java:logGet(43)) - raft.server.watch.timeout = 10s (default)
2019-09-04 07:30:32,388 [301294da-f18c-437b-aaa3-dd11e4d313a5:group-D1E6FBF06079:LeaderElection16] INFO  server.RaftServerConfigKeys (ConfUtils.java:logGet(43)) - raft.server.watch.timeout.denomination = 1s (default)
2019-09-04 07:30:32,388 [301294da-f18c-437b-aaa3-dd11e4d313a5:group-D1E6FBF06079:LeaderElection16] INFO  server.RaftServerConfigKeys (ConfUtils.java:logGet(43)) - raft.server.watch.element-limit = 65536 (default)
2019-09-04 07:30:32,389 [301294da-f18c-437b-aaa3-dd11e4d313a5:group-D1E6FBF06079:LeaderElection16] INFO  server.RaftServerConfigKeys (ConfUtils.java:logGet(43)) - raft.server.log.appender.snapshot.chunk.size.max = 16MB (=16777216) (default)
2019-09-04 07:30:32,389 [301294da-f18c-437b-aaa3-dd11e4d313a5:group-D1E6FBF06079:LeaderElection16] INFO  server.RaftServerConfigKeys (ConfUtils.java:logGet(43)) - raft.server.log.appender.buffer.byte-limit = 33554432 (custom)
2019-09-04 07:30:32,390 [301294da-f18c-437b-aaa3-dd11e4d313a5:group-D1E6FBF06079:LeaderElection16] INFO  server.RaftServerConfigKeys (ConfUtils.java:logGet(43)) - raft.server.log.appender.buffer.element-limit = 1 (custom)
2019-09-04 07:30:32,390 [301294da-f18c-437b-aaa3-dd11e4d313a5:group-D1E6FBF06079:LeaderElection16] INFO  grpc.GrpcConfigKeys$Server (ConfUtils.java:logGet(43)) - raft.grpc.server.leader.outstanding.appends.max = 128 (default)
2019-09-04 07:30:32,390 [301294da-f18c-437b-aaa3-dd11e4d313a5:group-D1E6FBF06079:LeaderElection16] INFO  server.RaftServerConfigKeys (ConfUtils.java:logGet(43)) - raft.server.rpc.request.timeout = 3000ms (default)
2019-09-04 07:30:32,391 [301294da-f18c-437b-aaa3-dd11e4d313a5:group-D1E6FBF06079:LeaderElection16] INFO  server.RaftServerConfigKeys (ConfUtils.java:logGet(43)) - raft.server.log.appender.install.snapshot.enabled = false (custom)
2019-09-04 07:30:32,391 [301294da-f18c-437b-aaa3-dd11e4d313a5:group-D1E6FBF06079:LeaderElection16] INFO  server.RaftServerConfigKeys (ConfUtils.java:logGet(43)) - raft.server.log.appender.snapshot.chunk.size.max = 16MB (=16777216) (default)
2019-09-04 07:30:32,392 [301294da-f18c-437b-aaa3-dd11e4d313a5:group-D1E6FBF06079:LeaderElection16] INFO  server.RaftServerConfigKeys (ConfUtils.java:logGet(43)) - raft.server.log.appender.buffer.byte-limit = 33554432 (custom)
2019-09-04 07:30:32,392 [301294da-f18c-437b-aaa3-dd11e4d313a5:group-D1E6FBF06079:LeaderElection16] INFO  server.RaftServerConfigKeys (ConfUtils.java:logGet(43)) - raft.server.log.appender.buffer.element-limit = 1 (custom)
2019-09-04 07:30:32,393 [301294da-f18c-437b-aaa3-dd11e4d313a5:group-D1E6FBF06079:LeaderElection16] INFO  grpc.GrpcConfigKeys$Server (ConfUtils.java:logGet(43)) - raft.grpc.server.leader.outstanding.appends.max = 128 (default)
2019-09-04 07:30:32,393 [301294da-f18c-437b-aaa3-dd11e4d313a5:group-D1E6FBF06079:LeaderElection16] INFO  server.RaftServerConfigKeys (ConfUtils.java:logGet(43)) - raft.server.rpc.request.timeout = 3000ms (default)
2019-09-04 07:30:32,393 [301294da-f18c-437b-aaa3-dd11e4d313a5:group-D1E6FBF06079:LeaderElection16] INFO  server.RaftServerConfigKeys (ConfUtils.java:logGet(43)) - raft.server.log.appender.install.snapshot.enabled = false (custom)
2019-09-04 07:30:32,394 [301294da-f18c-437b-aaa3-dd11e4d313a5:group-D1E6FBF06079:LeaderElection16] INFO  impl.RoleInfo (RoleInfo.java:updateAndGet(143)) - 301294da-f18c-437b-aaa3-dd11e4d313a5: start LeaderState
2019-09-04 07:30:32,394 [301294da-f18c-437b-aaa3-dd11e4d313a5:group-D1E6FBF06079:LeaderElection16] INFO  segmented.SegmentedRaftLogWorker (SegmentedRaftLogWorker.java:startLogSegment(380)) - 301294da-f18c-437b-aaa3-dd11e4d313a5-SegmentedRaftLogWorker:Storage Directory /workdir/hadoop-ozone/integration-test/target/test-dir/MiniOzoneClusterImpl-35b728c7-eabf-4c96-8d3d-75e3ad54d1c0/datanode-1/data/ratis/a4edea5e-1841-44c5-9774-d1e6fbf06079: Starting segment from index:0
2019-09-04 07:30:32,396 [301294da-f18c-437b-aaa3-dd11e4d313a5:group-D1E6FBF06079:LeaderElection16] INFO  impl.RaftServerImpl (ServerState.java:setRaftConf(361)) - 301294da-f18c-437b-aaa3-dd11e4d313a5:group-D1E6FBF06079 set configuration 0: [301294da-f18c-437b-aaa3-dd11e4d313a5:192.168.34.9:40574, dd224863-0b59-4e37-8325-ae6086842658:192.168.34.9:33554, a0227839-3f5f-4b02-968b-4fb9ec1ea5e5:192.168.34.9:35848], old=null at 0
2019-09-04 07:30:32,425 | INFO  | SCMAudit | user=jenkins1000 | ip=192.168.34.9 | op=SEND_HEARTBEAT {datanodeUUID=a3000b8f-a16f-4929-96f1-16c8d13b68fa, command=[]} | ret=SUCCESS |  
2019-09-04 07:30:32,426 [grpc-default-executor-4] INFO  impl.RaftServerImpl (ServerState.java:setLeader(263)) - dd224863-0b59-4e37-8325-ae6086842658:group-D1E6FBF06079 change Leader from null to 301294da-f18c-437b-aaa3-dd11e4d313a5 at term 3 for appendEntries, leader elected after 16667ms
2019-09-04 07:30:32,426 [grpc-default-executor-0] INFO  impl.RaftServerImpl (ServerState.java:setLeader(263)) - a0227839-3f5f-4b02-968b-4fb9ec1ea5e5:group-D1E6FBF06079 change Leader from null to 301294da-f18c-437b-aaa3-dd11e4d313a5 at term 3 for appendEntries, leader elected after 16667ms
2019-09-04 07:30:32,430 [grpc-default-executor-0] INFO  impl.RaftServerImpl (ServerState.java:setRaftConf(361)) - dd224863-0b59-4e37-8325-ae6086842658:group-D1E6FBF06079 set configuration 0: [301294da-f18c-437b-aaa3-dd11e4d313a5:192.168.34.9:40574, dd224863-0b59-4e37-8325-ae6086842658:192.168.34.9:33554, a0227839-3f5f-4b02-968b-4fb9ec1ea5e5:192.168.34.9:35848], old=null at 0
2019-09-04 07:30:32,430 [grpc-default-executor-0] INFO  segmented.SegmentedRaftLogWorker (SegmentedRaftLogWorker.java:startLogSegment(380)) - dd224863-0b59-4e37-8325-ae6086842658-SegmentedRaftLogWorker:Storage Directory /workdir/hadoop-ozone/integration-test/target/test-dir/MiniOzoneClusterImpl-35b728c7-eabf-4c96-8d3d-75e3ad54d1c0/datanode-0/data/ratis/a4edea5e-1841-44c5-9774-d1e6fbf06079: Starting segment from index:0
2019-09-04 07:30:32,431 [grpc-default-executor-4] INFO  impl.RaftServerImpl (ServerState.java:setRaftConf(361)) - a0227839-3f5f-4b02-968b-4fb9ec1ea5e5:group-D1E6FBF06079 set configuration 0: [301294da-f18c-437b-aaa3-dd11e4d313a5:192.168.34.9:40574, dd224863-0b59-4e37-8325-ae6086842658:192.168.34.9:33554, a0227839-3f5f-4b02-968b-4fb9ec1ea5e5:192.168.34.9:35848], old=null at 0
2019-09-04 07:30:32,431 [grpc-default-executor-4] INFO  segmented.SegmentedRaftLogWorker (SegmentedRaftLogWorker.java:startLogSegment(380)) - a0227839-3f5f-4b02-968b-4fb9ec1ea5e5-SegmentedRaftLogWorker:Storage Directory /workdir/hadoop-ozone/integration-test/target/test-dir/MiniOzoneClusterImpl-35b728c7-eabf-4c96-8d3d-75e3ad54d1c0/datanode-2/data/ratis/a4edea5e-1841-44c5-9774-d1e6fbf06079: Starting segment from index:0
2019-09-04 07:30:32,447 [301294da-f18c-437b-aaa3-dd11e4d313a5-SegmentedRaftLogWorker:Storage Directory /workdir/hadoop-ozone/integration-test/target/test-dir/MiniOzoneClusterImpl-35b728c7-eabf-4c96-8d3d-75e3ad54d1c0/datanode-1/data/ratis/a4edea5e-1841-44c5-9774-d1e6fbf06079] INFO  segmented.SegmentedRaftLogWorker (SegmentedRaftLogWorker.java:execute(569)) - 301294da-f18c-437b-aaa3-dd11e4d313a5-SegmentedRaftLogWorker:Storage Directory /workdir/hadoop-ozone/integration-test/target/test-dir/MiniOzoneClusterImpl-35b728c7-eabf-4c96-8d3d-75e3ad54d1c0/datanode-1/data/ratis/a4edea5e-1841-44c5-9774-d1e6fbf06079: created new log segment /workdir/hadoop-ozone/integration-test/target/test-dir/MiniOzoneClusterImpl-35b728c7-eabf-4c96-8d3d-75e3ad54d1c0/datanode-1/data/ratis/a4edea5e-1841-44c5-9774-d1e6fbf06079/current/log_inprogress_0
2019-09-04 07:30:32,459 | INFO  | SCMAudit | user=jenkins1000 | ip=192.168.34.9 | op=SEND_HEARTBEAT {datanodeUUID=eced3813-67bf-4845-99ed-f1332b386bc3, command=[]} | ret=SUCCESS |  
2019-09-04 07:30:32,461 | INFO  | SCMAudit | user=jenkins1000 | ip=192.168.34.9 | op=SEND_HEARTBEAT {datanodeUUID=045a4bae-3c35-4777-9c15-c7ff798aa345, command=[]} | ret=SUCCESS |  
2019-09-04 07:30:32,475 [dd224863-0b59-4e37-8325-ae6086842658-SegmentedRaftLogWorker:Storage Directory /workdir/hadoop-ozone/integration-test/target/test-dir/MiniOzoneClusterImpl-35b728c7-eabf-4c96-8d3d-75e3ad54d1c0/datanode-0/data/ratis/a4edea5e-1841-44c5-9774-d1e6fbf06079] INFO  segmented.SegmentedRaftLogWorker (SegmentedRaftLogWorker.java:execute(569)) - dd224863-0b59-4e37-8325-ae6086842658-SegmentedRaftLogWorker:Storage Directory /workdir/hadoop-ozone/integration-test/target/test-dir/MiniOzoneClusterImpl-35b728c7-eabf-4c96-8d3d-75e3ad54d1c0/datanode-0/data/ratis/a4edea5e-1841-44c5-9774-d1e6fbf06079: created new log segment /workdir/hadoop-ozone/integration-test/target/test-dir/MiniOzoneClusterImpl-35b728c7-eabf-4c96-8d3d-75e3ad54d1c0/datanode-0/data/ratis/a4edea5e-1841-44c5-9774-d1e6fbf06079/current/log_inprogress_0
2019-09-04 07:30:32,488 [a0227839-3f5f-4b02-968b-4fb9ec1ea5e5-SegmentedRaftLogWorker:Storage Directory /workdir/hadoop-ozone/integration-test/target/test-dir/MiniOzoneClusterImpl-35b728c7-eabf-4c96-8d3d-75e3ad54d1c0/datanode-2/data/ratis/a4edea5e-1841-44c5-9774-d1e6fbf06079] INFO  segmented.SegmentedRaftLogWorker (SegmentedRaftLogWorker.java:execute(569)) - a0227839-3f5f-4b02-968b-4fb9ec1ea5e5-SegmentedRaftLogWorker:Storage Directory /workdir/hadoop-ozone/integration-test/target/test-dir/MiniOzoneClusterImpl-35b728c7-eabf-4c96-8d3d-75e3ad54d1c0/datanode-2/data/ratis/a4edea5e-1841-44c5-9774-d1e6fbf06079: created new log segment /workdir/hadoop-ozone/integration-test/target/test-dir/MiniOzoneClusterImpl-35b728c7-eabf-4c96-8d3d-75e3ad54d1c0/datanode-2/data/ratis/a4edea5e-1841-44c5-9774-d1e6fbf06079/current/log_inprogress_0
2019-09-04 07:30:32,598 | INFO  | SCMAudit | user=jenkins1000 | ip=192.168.34.9 | op=SEND_HEARTBEAT {datanodeUUID=a0227839-3f5f-4b02-968b-4fb9ec1ea5e5, command=[]} | ret=SUCCESS |  
2019-09-04 07:30:32,811 | INFO  | SCMAudit | user=jenkins1000 | ip=192.168.34.9 | op=SEND_HEARTBEAT {datanodeUUID=dd224863-0b59-4e37-8325-ae6086842658, command=[]} | ret=SUCCESS |  
2019-09-04 07:30:33,059 | INFO  | SCMAudit | user=jenkins1000 | ip=192.168.34.9 | op=SEND_HEARTBEAT {datanodeUUID=301294da-f18c-437b-aaa3-dd11e4d313a5, command=[]} | ret=SUCCESS |  
2019-09-04 07:30:33,207 | INFO  | SCMAudit | user=jenkins1000 | ip=192.168.34.9 | op=SEND_HEARTBEAT {datanodeUUID=04b3ffef-7bc5-49ad-9873-7fad4d6beb2e, command=[]} | ret=SUCCESS |  
2019-09-04 07:30:33,275 | INFO  | SCMAudit | user=jenkins1000 | ip=192.168.34.9 | op=SEND_HEARTBEAT {datanodeUUID=301294da-f18c-437b-aaa3-dd11e4d313a5, command=[]} | ret=SUCCESS |  
2019-09-04 07:30:33,279 | INFO  | DNAudit | user=null | ip=null | op=WRITE_CHUNK {blockData=conID: 2 locID: 1567582221720 bcsId: 0} | ret=SUCCESS |  
2019-09-04 07:30:33,297 | INFO  | SCMAudit | user=jenkins1000 | ip=192.168.34.9 | op=SEND_HEARTBEAT {datanodeUUID=dd224863-0b59-4e37-8325-ae6086842658, command=[]} | ret=SUCCESS |  
2019-09-04 07:30:33,297 | INFO  | SCMAudit | user=jenkins1000 | ip=192.168.34.9 | op=SEND_HEARTBEAT {datanodeUUID=a0227839-3f5f-4b02-968b-4fb9ec1ea5e5, command=[]} | ret=SUCCESS |  
2019-09-04 07:30:33,302 | INFO  | DNAudit | user=null | ip=null | op=WRITE_CHUNK {blockData=conID: 2 locID: 1567582221720 bcsId: 0} | ret=SUCCESS |  
2019-09-04 07:30:33,302 | INFO  | DNAudit | user=null | ip=null | op=WRITE_CHUNK {blockData=conID: 2 locID: 1567582221720 bcsId: 0} | ret=SUCCESS |  
2019-09-04 07:30:33,317 | INFO  | DNAudit | user=null | ip=null | op=WRITE_CHUNK {blockData=conID: 2 locID: 1567582221720 bcsId: 0} | ret=SUCCESS |  
2019-09-04 07:30:33,325 [grpc-default-executor-0] INFO  client.GrpcClientProtocolClient (GrpcClientProtocolClient.java:onNext(255)) - client-9F2DED0F5089->301294da-f18c-437b-aaa3-dd11e4d313a5: receive RaftClientReply:client-9F2DED0F5089->301294da-f18c-437b-aaa3-dd11e4d313a5@group-D1E6FBF06079, cid=17, SUCCESS, logIndex=1, commits[301294da-f18c-437b-aaa3-dd11e4d313a5:c1, dd224863-0b59-4e37-8325-ae6086842658:c0, a0227839-3f5f-4b02-968b-4fb9ec1ea5e5:c0]
2019-09-04 07:30:33,335 | INFO  | DNAudit | user=null | ip=null | op=WRITE_CHUNK {blockData=conID: 2 locID: 1567582221720 bcsId: 0} | ret=SUCCESS |  
2019-09-04 07:30:33,335 | INFO  | DNAudit | user=null | ip=null | op=WRITE_CHUNK {blockData=conID: 2 locID: 1567582221720 bcsId: 0} | ret=SUCCESS |  
2019-09-04 07:30:33,347 [pool-37-thread-4] WARN  impl.ChunkManagerImpl (ChunkUtils.java:validateChunkForOverwrite(203)) - Duplicate write chunk request. Chunk overwrite without explicit request. ChunkInfo{chunkName='1567582221720.data.0, offset=0, len=1048576}
2019-09-04 07:30:33,348 [pool-37-thread-4] WARN  impl.ChunkManagerImpl (ChunkManagerImpl.java:writeChunk(111)) - ChunkFile already exists/workdir/hadoop-ozone/integration-test/target/test-dir/MiniOzoneClusterImpl-35b728c7-eabf-4c96-8d3d-75e3ad54d1c0/datanode-1/data/containers/hdds/e69b6de9-d7d8-424a-89ac-cb2665a10ecb/current/containerDir0/2/chunks/1567582221720.data.0.Deleting it.
2019-09-04 07:30:33,351 | INFO  | DNAudit | user=null | ip=null | op=WRITE_CHUNK {blockData=conID: 2 locID: 1567582221720 bcsId: 0} | ret=SUCCESS |  
2019-09-04 07:30:33,359 [pool-48-thread-2] WARN  impl.ChunkManagerImpl (ChunkUtils.java:validateChunkForOverwrite(203)) - Duplicate write chunk request. Chunk overwrite without explicit request. ChunkInfo{chunkName='1567582221720.data.0, offset=0, len=1048576}
2019-09-04 07:30:33,359 [pool-48-thread-2] WARN  impl.ChunkManagerImpl (ChunkManagerImpl.java:writeChunk(111)) - ChunkFile already exists/workdir/hadoop-ozone/integration-test/target/test-dir/MiniOzoneClusterImpl-35b728c7-eabf-4c96-8d3d-75e3ad54d1c0/datanode-2/data/containers/hdds/e69b6de9-d7d8-424a-89ac-cb2665a10ecb/current/containerDir0/2/chunks/1567582221720.data.0.Deleting it.
2019-09-04 07:30:33,362 [pool-26-thread-2] WARN  impl.ChunkManagerImpl (ChunkUtils.java:validateChunkForOverwrite(203)) - Duplicate write chunk request. Chunk overwrite without explicit request. ChunkInfo{chunkName='1567582221720.data.0, offset=0, len=1048576}
2019-09-04 07:30:33,362 [pool-26-thread-2] WARN  impl.ChunkManagerImpl (ChunkManagerImpl.java:writeChunk(111)) - ChunkFile already exists/workdir/hadoop-ozone/integration-test/target/test-dir/MiniOzoneClusterImpl-35b728c7-eabf-4c96-8d3d-75e3ad54d1c0/datanode-0/data/containers/hdds/e69b6de9-d7d8-424a-89ac-cb2665a10ecb/current/containerDir0/2/chunks/1567582221720.data.0.Deleting it.
2019-09-04 07:30:33,362 | INFO  | DNAudit | user=null | ip=null | op=WRITE_CHUNK {blockData=conID: 2 locID: 1567582221720 bcsId: 0} | ret=SUCCESS |  
2019-09-04 07:30:33,376 | INFO  | DNAudit | user=null | ip=null | op=WRITE_CHUNK {blockData=conID: 2 locID: 1567582221720 bcsId: 0} | ret=SUCCESS |  
2019-09-04 07:30:33,425 | INFO  | SCMAudit | user=jenkins1000 | ip=192.168.34.9 | op=SEND_HEARTBEAT {datanodeUUID=a3000b8f-a16f-4929-96f1-16c8d13b68fa, command=[]} | ret=SUCCESS |  
2019-09-04 07:30:33,459 | INFO  | SCMAudit | user=jenkins1000 | ip=192.168.34.9 | op=SEND_HEARTBEAT {datanodeUUID=eced3813-67bf-4845-99ed-f1332b386bc3, command=[]} | ret=SUCCESS |  
2019-09-04 07:30:33,460 | INFO  | SCMAudit | user=jenkins1000 | ip=192.168.34.9 | op=SEND_HEARTBEAT {datanodeUUID=045a4bae-3c35-4777-9c15-c7ff798aa345, command=[]} | ret=SUCCESS |  
2019-09-04 07:30:33,464 | INFO  | DNAudit | user=null | ip=null | op=PUT_BLOCK {blockData=[blockId=conID: 2 locID: 1567582221720 bcsId: 0,size=1048576]} | ret=SUCCESS |  
2019-09-04 07:30:33,479 | INFO  | DNAudit | user=null | ip=null | op=WRITE_CHUNK {blockData=conID: 2 locID: 1567582221720 bcsId: 0} | ret=SUCCESS |  
2019-09-04 07:30:33,480 [grpc-default-executor-4] INFO  client.GrpcClientProtocolClient (GrpcClientProtocolClient.java:onNext(255)) - client-9F2DED0F5089->301294da-f18c-437b-aaa3-dd11e4d313a5: receive RaftClientReply:client-9F2DED0F5089->301294da-f18c-437b-aaa3-dd11e4d313a5@group-D1E6FBF06079, cid=18, SUCCESS, logIndex=3, commits[301294da-f18c-437b-aaa3-dd11e4d313a5:c7, dd224863-0b59-4e37-8325-ae6086842658:c6, a0227839-3f5f-4b02-968b-4fb9ec1ea5e5:c6]
2019-09-04 07:30:33,482 [grpc-default-executor-4] INFO  client.GrpcClientProtocolClient (GrpcClientProtocolClient.java:onNext(255)) - client-9F2DED0F5089->301294da-f18c-437b-aaa3-dd11e4d313a5: receive RaftClientReply:client-9F2DED0F5089->301294da-f18c-437b-aaa3-dd11e4d313a5@group-D1E6FBF06079, cid=19, SUCCESS, logIndex=4, commits[301294da-f18c-437b-aaa3-dd11e4d313a5:c7, dd224863-0b59-4e37-8325-ae6086842658:c6, a0227839-3f5f-4b02-968b-4fb9ec1ea5e5:c6]
2019-09-04 07:30:33,627 | INFO  | DNAudit | user=null | ip=null | op=PUT_BLOCK {blockData=[blockId=conID: 2 locID: 1567582221720 bcsId: 0,size=1048576]} | ret=SUCCESS |  
2019-09-04 07:30:33,628 | INFO  | DNAudit | user=null | ip=null | op=WRITE_CHUNK {blockData=conID: 2 locID: 1567582221720 bcsId: 0} | ret=SUCCESS |  
2019-09-04 07:30:33,683 | INFO  | DNAudit | user=null | ip=null | op=PUT_BLOCK {blockData=[blockId=conID: 2 locID: 1567582221720 bcsId: 0,size=1048576]} | ret=SUCCESS |  
2019-09-04 07:30:33,683 | INFO  | DNAudit | user=null | ip=null | op=PUT_BLOCK {blockData=[blockId=conID: 2 locID: 1567582221720 bcsId: 0,size=1048576]} | ret=SUCCESS |  
2019-09-04 07:30:33,683 | INFO  | DNAudit | user=null | ip=null | op=PUT_BLOCK {blockData=[blockId=conID: 2 locID: 1567582221720 bcsId: 0,size=1048576]} | ret=SUCCESS |  
2019-09-04 07:30:33,684 | INFO  | DNAudit | user=null | ip=null | op=WRITE_CHUNK {blockData=conID: 2 locID: 1567582221720 bcsId: 0} | ret=SUCCESS |  
2019-09-04 07:30:33,685 | INFO  | DNAudit | user=null | ip=null | op=PUT_BLOCK {blockData=[blockId=conID: 2 locID: 1567582221720 bcsId: 0,size=1048576]} | ret=SUCCESS |  
2019-09-04 07:30:33,685 [grpc-default-executor-4] INFO  client.GrpcClientProtocolClient (GrpcClientProtocolClient.java:onNext(255)) - client-9F2DED0F5089->301294da-f18c-437b-aaa3-dd11e4d313a5: receive RaftClientReply:client-9F2DED0F5089->301294da-f18c-437b-aaa3-dd11e4d313a5@group-D1E6FBF06079, cid=20, SUCCESS, logIndex=5, commits[301294da-f18c-437b-aaa3-dd11e4d313a5:c7, dd224863-0b59-4e37-8325-ae6086842658:c6, a0227839-3f5f-4b02-968b-4fb9ec1ea5e5:c6]
2019-09-04 07:30:33,687 [main] INFO  datanode.ObjectStoreHandler (ObjectStoreHandler.java:close(155)) - Closing ObjectStoreHandler.
2019-09-04 07:30:33,689 [main] INFO  ozone.HddsDatanodeService (HddsDatanodeService.java:stop(451)) - Stopped plug-in org.apache.hadoop.ozone.web.OzoneHddsDatanodeService@27976390
2019-09-04 07:30:34,207 | INFO  | SCMAudit | user=jenkins1000 | ip=192.168.34.9 | op=SEND_HEARTBEAT {datanodeUUID=04b3ffef-7bc5-49ad-9873-7fad4d6beb2e, command=[]} | ret=SUCCESS |  
2019-09-04 07:30:34,276 | INFO  | SCMAudit | user=jenkins1000 | ip=192.168.34.9 | op=SEND_HEARTBEAT {datanodeUUID=301294da-f18c-437b-aaa3-dd11e4d313a5, command=[]} | ret=SUCCESS |  
2019-09-04 07:30:34,296 [Datanode State Machine Thread - 0] INFO  statemachine.DatanodeStateMachine (DatanodeStateMachine.java:lambda$startDaemon$0(350)) - Ozone container server started.
2019-09-04 07:30:34,296 | INFO  | SCMAudit | user=jenkins1000 | ip=192.168.34.9 | op=SEND_HEARTBEAT {datanodeUUID=a0227839-3f5f-4b02-968b-4fb9ec1ea5e5, command=[]} | ret=SUCCESS |  
2019-09-04 07:30:34,425 | INFO  | SCMAudit | user=jenkins1000 | ip=192.168.34.9 | op=SEND_HEARTBEAT {datanodeUUID=a3000b8f-a16f-4929-96f1-16c8d13b68fa, command=[]} | ret=SUCCESS |  
2019-09-04 07:30:34,459 | INFO  | SCMAudit | user=jenkins1000 | ip=192.168.34.9 | op=SEND_HEARTBEAT {datanodeUUID=eced3813-67bf-4845-99ed-f1332b386bc3, command=[]} | ret=SUCCESS |  
2019-09-04 07:30:34,459 | INFO  | SCMAudit | user=jenkins1000 | ip=192.168.34.9 | op=SEND_HEARTBEAT {datanodeUUID=045a4bae-3c35-4777-9c15-c7ff798aa345, command=[]} | ret=SUCCESS |  
2019-09-04 07:30:35,206 | INFO  | SCMAudit | user=jenkins1000 | ip=192.168.34.9 | op=SEND_HEARTBEAT {datanodeUUID=04b3ffef-7bc5-49ad-9873-7fad4d6beb2e, command=[]} | ret=SUCCESS |  
2019-09-04 07:30:35,276 | INFO  | SCMAudit | user=jenkins1000 | ip=192.168.34.9 | op=SEND_HEARTBEAT {datanodeUUID=301294da-f18c-437b-aaa3-dd11e4d313a5, command=[]} | ret=SUCCESS |  
2019-09-04 07:30:35,297 | INFO  | SCMAudit | user=jenkins1000 | ip=192.168.34.9 | op=SEND_HEARTBEAT {datanodeUUID=a0227839-3f5f-4b02-968b-4fb9ec1ea5e5, command=[]} | ret=SUCCESS |  
2019-09-04 07:30:35,428 | INFO  | SCMAudit | user=jenkins1000 | ip=192.168.34.9 | op=SEND_HEARTBEAT {datanodeUUID=a3000b8f-a16f-4929-96f1-16c8d13b68fa, command=[]} | ret=SUCCESS |  
2019-09-04 07:30:35,459 | INFO  | SCMAudit | user=jenkins1000 | ip=192.168.34.9 | op=SEND_HEARTBEAT {datanodeUUID=eced3813-67bf-4845-99ed-f1332b386bc3, command=[]} | ret=SUCCESS |  
2019-09-04 07:30:35,460 | INFO  | SCMAudit | user=jenkins1000 | ip=192.168.34.9 | op=SEND_HEARTBEAT {datanodeUUID=045a4bae-3c35-4777-9c15-c7ff798aa345, command=[]} | ret=SUCCESS |  
2019-09-04 07:30:36,207 | INFO  | SCMAudit | user=jenkins1000 | ip=192.168.34.9 | op=SEND_HEARTBEAT {datanodeUUID=04b3ffef-7bc5-49ad-9873-7fad4d6beb2e, command=[]} | ret=SUCCESS |  
2019-09-04 07:30:36,277 | INFO  | SCMAudit | user=jenkins1000 | ip=192.168.34.9 | op=SEND_HEARTBEAT {datanodeUUID=301294da-f18c-437b-aaa3-dd11e4d313a5, command=[]} | ret=SUCCESS |  
2019-09-04 07:30:36,296 | INFO  | SCMAudit | user=jenkins1000 | ip=192.168.34.9 | op=SEND_HEARTBEAT {datanodeUUID=a0227839-3f5f-4b02-968b-4fb9ec1ea5e5, command=[]} | ret=SUCCESS |  
2019-09-04 07:30:36,386 [EventQueue-StaleNodeForStaleNodeHandler] INFO  node.StaleNodeHandler (StaleNodeHandler.java:onMessage(58)) - Datanode dd224863-0b59-4e37-8325-ae6086842658{ip: 192.168.34.9, host: pr-hdds-1569-tfczc-1762686928, networkLocation: /default-rack, certSerialId: null} moved to stale state. Finalizing its pipelines [PipelineID=f190e6a9-754d-403a-bd46-3dd5f8b111db, PipelineID=a4edea5e-1841-44c5-9774-d1e6fbf06079]
2019-09-04 07:30:36,387 [EventQueue-StaleNodeForStaleNodeHandler] INFO  pipeline.SCMPipelineManager (SCMPipelineManager.java:finalizeAndDestroyPipeline(309)) - destroying pipeline:Pipeline[ Id: f190e6a9-754d-403a-bd46-3dd5f8b111db, Nodes: dd224863-0b59-4e37-8325-ae6086842658{ip: 192.168.34.9, host: pr-hdds-1569-tfczc-1762686928, networkLocation: /default-rack, certSerialId: null}, Type:RATIS, Factor:ONE, State:OPEN]
2019-09-04 07:30:36,388 [EventQueue-StaleNodeForStaleNodeHandler] INFO  pipeline.PipelineStateManager (PipelineStateManager.java:finalizePipeline(123)) - Pipeline Pipeline[ Id: f190e6a9-754d-403a-bd46-3dd5f8b111db, Nodes: dd224863-0b59-4e37-8325-ae6086842658{ip: 192.168.34.9, host: pr-hdds-1569-tfczc-1762686928, networkLocation: /default-rack, certSerialId: null}, Type:RATIS, Factor:ONE, State:CLOSED] moved to CLOSED state
2019-09-04 07:30:36,389 [EventQueue-StaleNodeForStaleNodeHandler] INFO  pipeline.SCMPipelineManager (SCMPipelineManager.java:finalizeAndDestroyPipeline(309)) - destroying pipeline:Pipeline[ Id: a4edea5e-1841-44c5-9774-d1e6fbf06079, Nodes: dd224863-0b59-4e37-8325-ae6086842658{ip: 192.168.34.9, host: pr-hdds-1569-tfczc-1762686928, networkLocation: /default-rack, certSerialId: null}301294da-f18c-437b-aaa3-dd11e4d313a5{ip: 192.168.34.9, host: pr-hdds-1569-tfczc-1762686928, networkLocation: /default-rack, certSerialId: null}a0227839-3f5f-4b02-968b-4fb9ec1ea5e5{ip: 192.168.34.9, host: pr-hdds-1569-tfczc-1762686928, networkLocation: /default-rack, certSerialId: null}, Type:RATIS, Factor:THREE, State:OPEN]
2019-09-04 07:30:36,390 [EventQueue-StaleNodeForStaleNodeHandler] INFO  pipeline.PipelineStateManager (PipelineStateManager.java:finalizePipeline(123)) - Pipeline Pipeline[ Id: a4edea5e-1841-44c5-9774-d1e6fbf06079, Nodes: dd224863-0b59-4e37-8325-ae6086842658{ip: 192.168.34.9, host: pr-hdds-1569-tfczc-1762686928, networkLocation: /default-rack, certSerialId: null}301294da-f18c-437b-aaa3-dd11e4d313a5{ip: 192.168.34.9, host: pr-hdds-1569-tfczc-1762686928, networkLocation: /default-rack, certSerialId: null}a0227839-3f5f-4b02-968b-4fb9ec1ea5e5{ip: 192.168.34.9, host: pr-hdds-1569-tfczc-1762686928, networkLocation: /default-rack, certSerialId: null}, Type:RATIS, Factor:THREE, State:CLOSED] moved to CLOSED state
2019-09-04 07:30:36,390 [EventQueue-CloseContainerForCloseContainerEventHandler] INFO  container.CloseContainerEventHandler (CloseContainerEventHandler.java:onMessage(61)) - Close container Event triggered for container : #2
2019-09-04 07:30:36,426 | INFO  | SCMAudit | user=jenkins1000 | ip=192.168.34.9 | op=SEND_HEARTBEAT {datanodeUUID=a3000b8f-a16f-4929-96f1-16c8d13b68fa, command=[]} | ret=SUCCESS |  
2019-09-04 07:30:36,459 | INFO  | SCMAudit | user=jenkins1000 | ip=192.168.34.9 | op=SEND_HEARTBEAT {datanodeUUID=eced3813-67bf-4845-99ed-f1332b386bc3, command=[]} | ret=SUCCESS |  
2019-09-04 07:30:36,459 | INFO  | SCMAudit | user=jenkins1000 | ip=192.168.34.9 | op=SEND_HEARTBEAT {datanodeUUID=045a4bae-3c35-4777-9c15-c7ff798aa345, command=[]} | ret=SUCCESS |  
2019-09-04 07:30:37,207 | INFO  | SCMAudit | user=jenkins1000 | ip=192.168.34.9 | op=SEND_HEARTBEAT {datanodeUUID=04b3ffef-7bc5-49ad-9873-7fad4d6beb2e, command=[]} | ret=SUCCESS |  
2019-09-04 07:30:37,297 | INFO  | SCMAudit | user=jenkins1000 | ip=192.168.34.9 | op=SEND_HEARTBEAT {datanodeUUID=301294da-f18c-437b-aaa3-dd11e4d313a5, command=[commandType: closeContainerCommand closeContainerCommandProto { containerID: 2 pipelineID { id: "a4edea5e-1841-44c5-9774-d1e6fbf06079" } cmdId: 2 force: false } ]} | ret=SUCCESS |  
2019-09-04 07:30:37,298 | INFO  | SCMAudit | user=jenkins1000 | ip=192.168.34.9 | op=SEND_HEARTBEAT {datanodeUUID=a0227839-3f5f-4b02-968b-4fb9ec1ea5e5, command=[commandType: closeContainerCommand closeContainerCommandProto { containerID: 2 pipelineID { id: "a4edea5e-1841-44c5-9774-d1e6fbf06079" } cmdId: 2 force: false } ]} | ret=SUCCESS |  
2019-09-04 07:30:37,426 | INFO  | SCMAudit | user=jenkins1000 | ip=192.168.34.9 | op=SEND_HEARTBEAT {datanodeUUID=a3000b8f-a16f-4929-96f1-16c8d13b68fa, command=[]} | ret=SUCCESS |  
2019-09-04 07:30:37,459 | INFO  | SCMAudit | user=jenkins1000 | ip=192.168.34.9 | op=SEND_HEARTBEAT {datanodeUUID=eced3813-67bf-4845-99ed-f1332b386bc3, command=[]} | ret=SUCCESS |  
2019-09-04 07:30:37,460 | INFO  | SCMAudit | user=jenkins1000 | ip=192.168.34.9 | op=SEND_HEARTBEAT {datanodeUUID=045a4bae-3c35-4777-9c15-c7ff798aa345, command=[]} | ret=SUCCESS |  
2019-09-04 07:30:38,207 | INFO  | SCMAudit | user=jenkins1000 | ip=192.168.34.9 | op=SEND_HEARTBEAT {datanodeUUID=04b3ffef-7bc5-49ad-9873-7fad4d6beb2e, command=[]} | ret=SUCCESS |  
2019-09-04 07:30:38,277 | INFO  | SCMAudit | user=jenkins1000 | ip=192.168.34.9 | op=SEND_HEARTBEAT {datanodeUUID=301294da-f18c-437b-aaa3-dd11e4d313a5, command=[]} | ret=SUCCESS |  
2019-09-04 07:30:38,298 | INFO  | SCMAudit | user=jenkins1000 | ip=192.168.34.9 | op=SEND_HEARTBEAT {datanodeUUID=a0227839-3f5f-4b02-968b-4fb9ec1ea5e5, command=[]} | ret=SUCCESS |  
2019-09-04 07:30:38,304 | INFO  | SCMAudit | user=jenkins1000 | ip=192.168.34.9 | op=SEND_HEARTBEAT {datanodeUUID=301294da-f18c-437b-aaa3-dd11e4d313a5, command=[]} | ret=SUCCESS |  
2019-09-04 07:30:38,334 [RatisApplyTransactionExecutor 2] INFO  interfaces.Container (KeyValueContainer.java:flushAndSyncDB(382)) - Container 2 is synced with bcsId 5.
2019-09-04 07:30:38,335 [RatisApplyTransactionExecutor 2] INFO  interfaces.Container (KeyValueContainer.java:flushAndSyncDB(382)) - Container 2 is synced with bcsId 5.
2019-09-04 07:30:38,350 | INFO  | DNAudit | user=null | ip=null | op=CLOSE_CONTAINER {containerID=2} | ret=SUCCESS |  
2019-09-04 07:30:38,351 | INFO  | SCMAudit | user=jenkins1000 | ip=192.168.34.9 | op=SEND_HEARTBEAT {datanodeUUID=a0227839-3f5f-4b02-968b-4fb9ec1ea5e5, command=[]} | ret=SUCCESS |  
2019-09-04 07:30:38,351 | INFO  | SCMAudit | user=jenkins1000 | ip=192.168.34.9 | op=SEND_HEARTBEAT {datanodeUUID=301294da-f18c-437b-aaa3-dd11e4d313a5, command=[]} | ret=SUCCESS |  
2019-09-04 07:30:38,352 [EventQueue-IncrementalContainerReportForIncrementalContainerReportHandler] INFO  container.IncrementalContainerReportHandler (AbstractContainerReportHandler.java:updateContainerState(176)) - Moving container #2 to CLOSED state, datanode 301294da-f18c-437b-aaa3-dd11e4d313a5{ip: 192.168.34.9, host: pr-hdds-1569-tfczc-1762686928, networkLocation: /default-rack, certSerialId: null} reported CLOSED replica.
2019-09-04 07:30:38,373 [RatisApplyTransactionExecutor 2] INFO  interfaces.Container (KeyValueContainer.java:flushAndSyncDB(382)) - Container 2 is synced with bcsId 5.
2019-09-04 07:30:38,374 [RatisApplyTransactionExecutor 2] INFO  interfaces.Container (KeyValueContainer.java:flushAndSyncDB(382)) - Container 2 is synced with bcsId 5.
2019-09-04 07:30:38,388 [RatisApplyTransactionExecutor 2] INFO  interfaces.Container (KeyValueContainer.java:flushAndSyncDB(382)) - Container 2 is synced with bcsId 5.
2019-09-04 07:30:38,389 [RatisApplyTransactionExecutor 2] INFO  interfaces.Container (KeyValueContainer.java:flushAndSyncDB(382)) - Container 2 is synced with bcsId 5.
2019-09-04 07:30:38,406 | INFO  | DNAudit | user=null | ip=null | op=CLOSE_CONTAINER {containerID=2} | ret=SUCCESS |  
2019-09-04 07:30:38,406 | INFO  | DNAudit | user=null | ip=null | op=CLOSE_CONTAINER {containerID=2} | ret=SUCCESS |  
2019-09-04 07:30:38,407 | INFO  | SCMAudit | user=jenkins1000 | ip=192.168.34.9 | op=SEND_HEARTBEAT {datanodeUUID=a0227839-3f5f-4b02-968b-4fb9ec1ea5e5, command=[]} | ret=SUCCESS |  
2019-09-04 07:30:38,426 | INFO  | SCMAudit | user=jenkins1000 | ip=192.168.34.9 | op=SEND_HEARTBEAT {datanodeUUID=a3000b8f-a16f-4929-96f1-16c8d13b68fa, command=[]} | ret=SUCCESS |  
2019-09-04 07:30:38,459 | INFO  | SCMAudit | user=jenkins1000 | ip=192.168.34.9 | op=SEND_HEARTBEAT {datanodeUUID=045a4bae-3c35-4777-9c15-c7ff798aa345, command=[]} | ret=SUCCESS |  
2019-09-04 07:30:38,460 | INFO  | SCMAudit | user=jenkins1000 | ip=192.168.34.9 | op=SEND_HEARTBEAT {datanodeUUID=eced3813-67bf-4845-99ed-f1332b386bc3, command=[]} | ret=SUCCESS |  
2019-09-04 07:30:38,691 [main] INFO  ozoneimpl.OzoneContainer (OzoneContainer.java:stop(199)) - Attempting to stop container services.
2019-09-04 07:30:38,691 [main] INFO  impl.RaftServerProxy (RaftServerProxy.java:lambda$close$4(314)) - dd224863-0b59-4e37-8325-ae6086842658: close
2019-09-04 07:30:38,693 [ForkJoinPool.commonPool-worker-0] INFO  impl.RaftServerImpl (RaftServerImpl.java:lambda$shutdown$3(245)) - dd224863-0b59-4e37-8325-ae6086842658: shutdown group-D1E6FBF06079
2019-09-04 07:30:38,693 [main] INFO  impl.RaftServerImpl (RaftServerImpl.java:lambda$shutdown$3(245)) - dd224863-0b59-4e37-8325-ae6086842658: shutdown group-3DD5F8B111DB
2019-09-04 07:30:38,693 [ForkJoinPool.commonPool-worker-0] INFO  util.JmxRegister (JmxRegister.java:unregister(73)) - Successfully un-registered JMX Bean with object name Ratis:service=RaftServer,group=group-D1E6FBF06079,id=dd224863-0b59-4e37-8325-ae6086842658
2019-09-04 07:30:38,693 [main] INFO  util.JmxRegister (JmxRegister.java:unregister(73)) - Successfully un-registered JMX Bean with object name Ratis:service=RaftServer,group=group-3DD5F8B111DB,id=dd224863-0b59-4e37-8325-ae6086842658
2019-09-04 07:30:38,693 [ForkJoinPool.commonPool-worker-0] INFO  impl.RoleInfo (RoleInfo.java:shutdownFollowerState(121)) - dd224863-0b59-4e37-8325-ae6086842658: shutdown FollowerState
2019-09-04 07:30:38,694 [main] INFO  impl.RoleInfo (RoleInfo.java:shutdownLeaderState(104)) - dd224863-0b59-4e37-8325-ae6086842658: shutdown LeaderState
2019-09-04 07:30:38,694 [StateMachineUpdater:dd224863-0b59-4e37-8325-ae6086842658:group-D1E6FBF06079] INFO  ratis.ContainerStateMachine (ContainerStateMachine.java:takeSnapshot(283)) - group-D1E6FBF06079: Taking a snapshot at:(t:3, i:8) file /workdir/hadoop-ozone/integration-test/target/test-dir/MiniOzoneClusterImpl-35b728c7-eabf-4c96-8d3d-75e3ad54d1c0/datanode-0/data/ratis/a4edea5e-1841-44c5-9774-d1e6fbf06079/sm/snapshot.3_8
2019-09-04 07:30:38,694 [Thread-429] INFO  impl.FollowerState (FollowerState.java:run(114)) - dd224863-0b59-4e37-8325-ae6086842658: FollowerState was interrupted: java.lang.InterruptedException: sleep interrupted
2019-09-04 07:30:38,694 [ForkJoinPool.commonPool-worker-0] INFO  impl.StateMachineUpdater (StateMachineUpdater.java:stopAndJoin(115)) - StateMachineUpdater:dd224863-0b59-4e37-8325-ae6086842658:group-D1E6FBF06079: set stopIndex = 8
2019-09-04 07:30:38,705 [main] INFO  impl.PendingRequests (PendingRequests.java:sendNotLeaderResponses(202)) - dd224863-0b59-4e37-8325-ae6086842658-PendingRequests: sendNotLeaderResponses
2019-09-04 07:30:38,707 [main] INFO  impl.StateMachineUpdater (StateMachineUpdater.java:stopAndJoin(115)) - StateMachineUpdater:dd224863-0b59-4e37-8325-ae6086842658:group-3DD5F8B111DB: set stopIndex = 0
2019-09-04 07:30:38,710 [main] INFO  impl.RaftServerImpl (ServerState.java:close(394)) - dd224863-0b59-4e37-8325-ae6086842658:group-3DD5F8B111DB closes. The last applied log index is 0
2019-09-04 07:30:38,712 [dd224863-0b59-4e37-8325-ae6086842658-SegmentedRaftLogWorker:Storage Directory /workdir/hadoop-ozone/integration-test/target/test-dir/MiniOzoneClusterImpl-35b728c7-eabf-4c96-8d3d-75e3ad54d1c0/datanode-0/data/ratis/f190e6a9-754d-403a-bd46-3dd5f8b111db] INFO  segmented.SegmentedRaftLogWorker (SegmentedRaftLogWorker.java:run(313)) - dd224863-0b59-4e37-8325-ae6086842658-SegmentedRaftLogWorker:Storage Directory /workdir/hadoop-ozone/integration-test/target/test-dir/MiniOzoneClusterImpl-35b728c7-eabf-4c96-8d3d-75e3ad54d1c0/datanode-0/data/ratis/f190e6a9-754d-403a-bd46-3dd5f8b111db was interrupted, exiting. There are 0 tasks remaining in the queue.
2019-09-04 07:30:38,715 [main] INFO  segmented.SegmentedRaftLogWorker (SegmentedRaftLogWorker.java:close(228)) - dd224863-0b59-4e37-8325-ae6086842658-SegmentedRaftLogWorker:Storage Directory /workdir/hadoop-ozone/integration-test/target/test-dir/MiniOzoneClusterImpl-35b728c7-eabf-4c96-8d3d-75e3ad54d1c0/datanode-0/data/ratis/f190e6a9-754d-403a-bd46-3dd5f8b111db close()
2019-09-04 07:30:38,738 [StateMachineUpdater:dd224863-0b59-4e37-8325-ae6086842658:group-D1E6FBF06079] INFO  ratis.ContainerStateMachine (ContainerStateMachine.java:takeSnapshot(294)) - group-D1E6FBF06079: Finished taking a snapshot at:(t:3, i:8) file:/workdir/hadoop-ozone/integration-test/target/test-dir/MiniOzoneClusterImpl-35b728c7-eabf-4c96-8d3d-75e3ad54d1c0/datanode-0/data/ratis/a4edea5e-1841-44c5-9774-d1e6fbf06079/sm/snapshot.3_8 time:44
2019-09-04 07:30:38,738 [StateMachineUpdater:dd224863-0b59-4e37-8325-ae6086842658:group-D1E6FBF06079] INFO  impl.StateMachineUpdater (StateMachineUpdater.java:takeSnapshot(242)) - StateMachineUpdater:dd224863-0b59-4e37-8325-ae6086842658:group-D1E6FBF06079: Took a snapshot at index 8
2019-09-04 07:30:38,738 [StateMachineUpdater:dd224863-0b59-4e37-8325-ae6086842658:group-D1E6FBF06079] INFO  impl.StateMachineUpdater (StateMachineUpdater.java:lambda$new$0(80)) - StateMachineUpdater:dd224863-0b59-4e37-8325-ae6086842658:group-D1E6FBF06079: snapshotIndex: updateIncreasingly -1 -> 8
2019-09-04 07:30:38,742 [ForkJoinPool.commonPool-worker-0] INFO  impl.RaftServerImpl (ServerState.java:close(394)) - dd224863-0b59-4e37-8325-ae6086842658:group-D1E6FBF06079 closes. The last applied log index is 8
2019-09-04 07:30:38,743 [dd224863-0b59-4e37-8325-ae6086842658-SegmentedRaftLogWorker:Storage Directory /workdir/hadoop-ozone/integration-test/target/test-dir/MiniOzoneClusterImpl-35b728c7-eabf-4c96-8d3d-75e3ad54d1c0/datanode-0/data/ratis/a4edea5e-1841-44c5-9774-d1e6fbf06079] INFO  segmented.SegmentedRaftLogWorker (SegmentedRaftLogWorker.java:run(313)) - dd224863-0b59-4e37-8325-ae6086842658-SegmentedRaftLogWorker:Storage Directory /workdir/hadoop-ozone/integration-test/target/test-dir/MiniOzoneClusterImpl-35b728c7-eabf-4c96-8d3d-75e3ad54d1c0/datanode-0/data/ratis/a4edea5e-1841-44c5-9774-d1e6fbf06079 was interrupted, exiting. There are 0 tasks remaining in the queue.
2019-09-04 07:30:38,746 [ForkJoinPool.commonPool-worker-0] INFO  segmented.SegmentedRaftLogWorker (SegmentedRaftLogWorker.java:close(228)) - dd224863-0b59-4e37-8325-ae6086842658-SegmentedRaftLogWorker:Storage Directory /workdir/hadoop-ozone/integration-test/target/test-dir/MiniOzoneClusterImpl-35b728c7-eabf-4c96-8d3d-75e3ad54d1c0/datanode-0/data/ratis/a4edea5e-1841-44c5-9774-d1e6fbf06079 close()
2019-09-04 07:30:38,750 [main] INFO  server.GrpcService (GrpcService.java:closeImpl(155)) - dd224863-0b59-4e37-8325-ae6086842658: shutdown server with port 33554 now
2019-09-04 07:30:38,758 [main] INFO  server.GrpcService (GrpcService.java:closeImpl(163)) - dd224863-0b59-4e37-8325-ae6086842658: shutdown server with port 33554 successfully
2019-09-04 07:30:38,759 [grpc-default-executor-4] WARN  server.GrpcServerProtocolService (LogUtils.java:warn(134)) - dd224863-0b59-4e37-8325-ae6086842658: appendEntries onError: org.apache.ratis.thirdparty.io.grpc.StatusRuntimeException: CANCELLED: cancelled before receiving half close
2019-09-04 07:30:38,762 [grpc-default-executor-0] WARN  server.GrpcLogAppender (LogUtils.java:warn(134)) - 301294da-f18c-437b-aaa3-dd11e4d313a5->dd224863-0b59-4e37-8325-ae6086842658: Failed appendEntries: org.apache.ratis.thirdparty.io.grpc.StatusRuntimeException: CANCELLED: HTTP/2 error code: CANCEL
Received Rst Stream
2019-09-04 07:30:38,771 [main] INFO  utils.BackgroundService (BackgroundService.java:shutdown(148)) - Shutting down service BlockDeletingService
2019-09-04 07:30:38,772 [grpc-default-executor-0] INFO  impl.FollowerInfo (FollowerInfo.java:lambda$new$0(50)) - 301294da-f18c-437b-aaa3-dd11e4d313a5->dd224863-0b59-4e37-8325-ae6086842658: nextIndex: updateUnconditionally 10 -> 9
2019-09-04 07:30:38,775 [refreshUsed-/workdir/hadoop-ozone/integration-test/target/test-dir/MiniOzoneClusterImpl-35b728c7-eabf-4c96-8d3d-75e3ad54d1c0/datanode-0/data/containers] WARN  fs.CachingGetSpaceUsed (CachingGetSpaceUsed.java:run(183)) - Thread Interrupted waiting to refresh disk information: sleep interrupted
2019-09-04 07:30:38,799 [main] INFO  statemachine.DatanodeStateMachine (DatanodeStateMachine.java:stopDaemon(395)) - Ozone container server stopped.
2019-09-04 07:30:38,803 [main] INFO  handler.ContextHandler (ContextHandler.java:doStop(910)) - Stopped o.e.j.w.WebAppContext@eac3a26{/,null,UNAVAILABLE}{/hddsDatanode}
2019-09-04 07:30:38,810 [main] INFO  server.AbstractConnector (AbstractConnector.java:doStop(318)) - Stopped ServerConnector@10b1a751{HTTP/1.1,[http/1.1]}{0.0.0.0:0}
2019-09-04 07:30:38,810 [main] INFO  handler.ContextHandler (ContextHandler.java:doStop(910)) - Stopped o.e.j.s.ServletContextHandler@2cae9b8{/static,jar:file:/home/user/.m2/repository/org/apache/hadoop/hadoop-hdds-container-service/0.5.0-SNAPSHOT/hadoop-hdds-container-service-0.5.0-SNAPSHOT.jar!/webapps/static,UNAVAILABLE}
2019-09-04 07:30:38,811 [main] INFO  handler.ContextHandler (ContextHandler.java:doStop(910)) - Stopped o.e.j.s.ServletContextHandler@67e13bd0{/logs,file:///workdir/hadoop-ozone/integration-test/target/log,UNAVAILABLE}
2019-09-04 07:30:38,812 [main] INFO  datanode.ObjectStoreHandler (ObjectStoreHandler.java:close(155)) - Closing ObjectStoreHandler.
2019-09-04 07:30:38,813 [main] INFO  ozone.HddsDatanodeService (HddsDatanodeService.java:stop(451)) - Stopped plug-in org.apache.hadoop.ozone.web.OzoneHddsDatanodeService@57151b3a
2019-09-04 07:30:39,207 | INFO  | SCMAudit | user=jenkins1000 | ip=192.168.34.9 | op=SEND_HEARTBEAT {datanodeUUID=04b3ffef-7bc5-49ad-9873-7fad4d6beb2e, command=[]} | ret=SUCCESS |  
2019-09-04 07:30:39,351 [Datanode State Machine Thread - 0] INFO  statemachine.DatanodeStateMachine (DatanodeStateMachine.java:lambda$startDaemon$0(350)) - Ozone container server started.
2019-09-04 07:30:39,407 | INFO  | SCMAudit | user=jenkins1000 | ip=192.168.34.9 | op=SEND_HEARTBEAT {datanodeUUID=a0227839-3f5f-4b02-968b-4fb9ec1ea5e5, command=[]} | ret=SUCCESS |  
2019-09-04 07:30:39,427 | INFO  | SCMAudit | user=jenkins1000 | ip=192.168.34.9 | op=SEND_HEARTBEAT {datanodeUUID=a3000b8f-a16f-4929-96f1-16c8d13b68fa, command=[]} | ret=SUCCESS |  
2019-09-04 07:30:39,460 | INFO  | SCMAudit | user=jenkins1000 | ip=192.168.34.9 | op=SEND_HEARTBEAT {datanodeUUID=eced3813-67bf-4845-99ed-f1332b386bc3, command=[]} | ret=SUCCESS |  
2019-09-04 07:30:39,460 | INFO  | SCMAudit | user=jenkins1000 | ip=192.168.34.9 | op=SEND_HEARTBEAT {datanodeUUID=045a4bae-3c35-4777-9c15-c7ff798aa345, command=[]} | ret=SUCCESS |  
2019-09-04 07:30:40,207 | INFO  | SCMAudit | user=jenkins1000 | ip=192.168.34.9 | op=SEND_HEARTBEAT {datanodeUUID=04b3ffef-7bc5-49ad-9873-7fad4d6beb2e, command=[]} | ret=SUCCESS |  
2019-09-04 07:30:40,408 | INFO  | SCMAudit | user=jenkins1000 | ip=192.168.34.9 | op=SEND_HEARTBEAT {datanodeUUID=a0227839-3f5f-4b02-968b-4fb9ec1ea5e5, command=[]} | ret=SUCCESS |  
2019-09-04 07:30:40,427 | INFO  | SCMAudit | user=jenkins1000 | ip=192.168.34.9 | op=SEND_HEARTBEAT {datanodeUUID=a3000b8f-a16f-4929-96f1-16c8d13b68fa, command=[]} | ret=SUCCESS |  
2019-09-04 07:30:40,459 | INFO  | SCMAudit | user=jenkins1000 | ip=192.168.34.9 | op=SEND_HEARTBEAT {datanodeUUID=045a4bae-3c35-4777-9c15-c7ff798aa345, command=[]} | ret=SUCCESS |  
2019-09-04 07:30:40,459 | INFO  | SCMAudit | user=jenkins1000 | ip=192.168.34.9 | op=SEND_HEARTBEAT {datanodeUUID=eced3813-67bf-4845-99ed-f1332b386bc3, command=[]} | ret=SUCCESS |  
2019-09-04 07:30:40,844 [grpc-default-executor-0] WARN  server.GrpcLogAppender (LogUtils.java:warn(134)) - 301294da-f18c-437b-aaa3-dd11e4d313a5->dd224863-0b59-4e37-8325-ae6086842658: Failed appendEntries: org.apache.ratis.thirdparty.io.grpc.StatusRuntimeException: UNAVAILABLE: io exception
2019-09-04 07:30:40,847 [grpc-default-executor-0] INFO  impl.FollowerInfo (FollowerInfo.java:lambda$new$0(50)) - 301294da-f18c-437b-aaa3-dd11e4d313a5->dd224863-0b59-4e37-8325-ae6086842658: nextIndex: updateUnconditionally 9 -> 8
2019-09-04 07:30:41,207 | INFO  | SCMAudit | user=jenkins1000 | ip=192.168.34.9 | op=SEND_HEARTBEAT {datanodeUUID=04b3ffef-7bc5-49ad-9873-7fad4d6beb2e, command=[]} | ret=SUCCESS |  
2019-09-04 07:30:41,395 [EventQueue-StaleNodeForStaleNodeHandler] INFO  node.StaleNodeHandler (StaleNodeHandler.java:onMessage(58)) - Datanode 301294da-f18c-437b-aaa3-dd11e4d313a5{ip: 192.168.34.9, host: pr-hdds-1569-tfczc-1762686928, networkLocation: /default-rack, certSerialId: null} moved to stale state. Finalizing its pipelines [PipelineID=25f6bc2b-9ef9-485a-a04d-6d30b3be9281, PipelineID=a4edea5e-1841-44c5-9774-d1e6fbf06079]
2019-09-04 07:30:41,395 [EventQueue-StaleNodeForStaleNodeHandler] INFO  pipeline.SCMPipelineManager (SCMPipelineManager.java:finalizeAndDestroyPipeline(309)) - destroying pipeline:Pipeline[ Id: 25f6bc2b-9ef9-485a-a04d-6d30b3be9281, Nodes: 301294da-f18c-437b-aaa3-dd11e4d313a5{ip: 192.168.34.9, host: pr-hdds-1569-tfczc-1762686928, networkLocation: /default-rack, certSerialId: null}, Type:RATIS, Factor:ONE, State:OPEN]
2019-09-04 07:30:41,395 [EventQueue-StaleNodeForStaleNodeHandler] INFO  pipeline.PipelineStateManager (PipelineStateManager.java:finalizePipeline(123)) - Pipeline Pipeline[ Id: 25f6bc2b-9ef9-485a-a04d-6d30b3be9281, Nodes: 301294da-f18c-437b-aaa3-dd11e4d313a5{ip: 192.168.34.9, host: pr-hdds-1569-tfczc-1762686928, networkLocation: /default-rack, certSerialId: null}, Type:RATIS, Factor:ONE, State:CLOSED] moved to CLOSED state
2019-09-04 07:30:41,396 [EventQueue-StaleNodeForStaleNodeHandler] INFO  pipeline.SCMPipelineManager (SCMPipelineManager.java:finalizeAndDestroyPipeline(309)) - destroying pipeline:Pipeline[ Id: a4edea5e-1841-44c5-9774-d1e6fbf06079, Nodes: dd224863-0b59-4e37-8325-ae6086842658{ip: 192.168.34.9, host: pr-hdds-1569-tfczc-1762686928, networkLocation: /default-rack, certSerialId: null}301294da-f18c-437b-aaa3-dd11e4d313a5{ip: 192.168.34.9, host: pr-hdds-1569-tfczc-1762686928, networkLocation: /default-rack, certSerialId: null}a0227839-3f5f-4b02-968b-4fb9ec1ea5e5{ip: 192.168.34.9, host: pr-hdds-1569-tfczc-1762686928, networkLocation: /default-rack, certSerialId: null}, Type:RATIS, Factor:THREE, State:CLOSED]
2019-09-04 07:30:41,408 | INFO  | SCMAudit | user=jenkins1000 | ip=192.168.34.9 | op=SEND_HEARTBEAT {datanodeUUID=a0227839-3f5f-4b02-968b-4fb9ec1ea5e5, command=[]} | ret=SUCCESS |  
2019-09-04 07:30:41,427 | INFO  | SCMAudit | user=jenkins1000 | ip=192.168.34.9 | op=SEND_HEARTBEAT {datanodeUUID=a3000b8f-a16f-4929-96f1-16c8d13b68fa, command=[]} | ret=SUCCESS |  
2019-09-04 07:30:41,460 | INFO  | SCMAudit | user=jenkins1000 | ip=192.168.34.9 | op=SEND_HEARTBEAT {datanodeUUID=eced3813-67bf-4845-99ed-f1332b386bc3, command=[]} | ret=SUCCESS |  
2019-09-04 07:30:41,460 | INFO  | SCMAudit | user=jenkins1000 | ip=192.168.34.9 | op=SEND_HEARTBEAT {datanodeUUID=045a4bae-3c35-4777-9c15-c7ff798aa345, command=[]} | ret=SUCCESS |  
2019-09-04 07:30:42,207 | INFO  | SCMAudit | user=jenkins1000 | ip=192.168.34.9 | op=SEND_HEARTBEAT {datanodeUUID=04b3ffef-7bc5-49ad-9873-7fad4d6beb2e, command=[]} | ret=SUCCESS |  
2019-09-04 07:30:42,408 | INFO  | SCMAudit | user=jenkins1000 | ip=192.168.34.9 | op=SEND_HEARTBEAT {datanodeUUID=a0227839-3f5f-4b02-968b-4fb9ec1ea5e5, command=[]} | ret=SUCCESS |  
2019-09-04 07:30:42,427 | INFO  | SCMAudit | user=jenkins1000 | ip=192.168.34.9 | op=SEND_HEARTBEAT {datanodeUUID=a3000b8f-a16f-4929-96f1-16c8d13b68fa, command=[]} | ret=SUCCESS |  
2019-09-04 07:30:42,460 | INFO  | SCMAudit | user=jenkins1000 | ip=192.168.34.9 | op=SEND_HEARTBEAT {datanodeUUID=eced3813-67bf-4845-99ed-f1332b386bc3, command=[]} | ret=SUCCESS |  
2019-09-04 07:30:42,461 | INFO  | SCMAudit | user=jenkins1000 | ip=192.168.34.9 | op=SEND_HEARTBEAT {datanodeUUID=045a4bae-3c35-4777-9c15-c7ff798aa345, command=[]} | ret=SUCCESS |  
2019-09-04 07:30:43,206 | INFO  | SCMAudit | user=jenkins1000 | ip=192.168.34.9 | op=SEND_HEARTBEAT {datanodeUUID=04b3ffef-7bc5-49ad-9873-7fad4d6beb2e, command=[]} | ret=SUCCESS |  
2019-09-04 07:30:43,339 [grpc-default-executor-2] WARN  server.GrpcLogAppender (LogUtils.java:warn(134)) - 301294da-f18c-437b-aaa3-dd11e4d313a5->dd224863-0b59-4e37-8325-ae6086842658: Failed appendEntries: org.apache.ratis.thirdparty.io.grpc.StatusRuntimeException: UNAVAILABLE: io exception
2019-09-04 07:30:43,344 [grpc-default-executor-2] INFO  impl.FollowerInfo (FollowerInfo.java:lambda$new$0(50)) - 301294da-f18c-437b-aaa3-dd11e4d313a5->dd224863-0b59-4e37-8325-ae6086842658: nextIndex: updateUnconditionally 8 -> 7
2019-09-04 07:30:43,408 | INFO  | SCMAudit | user=jenkins1000 | ip=192.168.34.9 | op=SEND_HEARTBEAT {datanodeUUID=a0227839-3f5f-4b02-968b-4fb9ec1ea5e5, command=[]} | ret=SUCCESS |  
2019-09-04 07:30:43,427 | INFO  | SCMAudit | user=jenkins1000 | ip=192.168.34.9 | op=SEND_HEARTBEAT {datanodeUUID=a3000b8f-a16f-4929-96f1-16c8d13b68fa, command=[]} | ret=SUCCESS |  
2019-09-04 07:30:43,460 | INFO  | SCMAudit | user=jenkins1000 | ip=192.168.34.9 | op=SEND_HEARTBEAT {datanodeUUID=eced3813-67bf-4845-99ed-f1332b386bc3, command=[]} | ret=SUCCESS |  
2019-09-04 07:30:43,460 | INFO  | SCMAudit | user=jenkins1000 | ip=192.168.34.9 | op=SEND_HEARTBEAT {datanodeUUID=045a4bae-3c35-4777-9c15-c7ff798aa345, command=[]} | ret=SUCCESS |  
2019-09-04 07:30:43,814 [main] INFO  ozoneimpl.OzoneContainer (OzoneContainer.java:stop(199)) - Attempting to stop container services.
2019-09-04 07:30:43,815 [main] INFO  impl.RaftServerProxy (RaftServerProxy.java:lambda$close$4(314)) - 301294da-f18c-437b-aaa3-dd11e4d313a5: close
2019-09-04 07:30:43,815 [main] INFO  impl.RaftServerImpl (RaftServerImpl.java:lambda$shutdown$3(245)) - 301294da-f18c-437b-aaa3-dd11e4d313a5: shutdown group-6D30B3BE9281
2019-09-04 07:30:43,816 [main] INFO  util.JmxRegister (JmxRegister.java:unregister(73)) - Successfully un-registered JMX Bean with object name Ratis:service=RaftServer,group=group-6D30B3BE9281,id=301294da-f18c-437b-aaa3-dd11e4d313a5
2019-09-04 07:30:43,816 [main] INFO  impl.RoleInfo (RoleInfo.java:shutdownLeaderState(104)) - 301294da-f18c-437b-aaa3-dd11e4d313a5: shutdown LeaderState
2019-09-04 07:30:43,816 [main] INFO  impl.PendingRequests (PendingRequests.java:sendNotLeaderResponses(202)) - 301294da-f18c-437b-aaa3-dd11e4d313a5-PendingRequests: sendNotLeaderResponses
2019-09-04 07:30:43,817 [main] INFO  impl.StateMachineUpdater (StateMachineUpdater.java:stopAndJoin(115)) - StateMachineUpdater:301294da-f18c-437b-aaa3-dd11e4d313a5:group-6D30B3BE9281: set stopIndex = 0
2019-09-04 07:30:43,817 [main] INFO  impl.RaftServerImpl (ServerState.java:close(394)) - 301294da-f18c-437b-aaa3-dd11e4d313a5:group-6D30B3BE9281 closes. The last applied log index is 0
2019-09-04 07:30:43,818 [301294da-f18c-437b-aaa3-dd11e4d313a5-SegmentedRaftLogWorker:Storage Directory /workdir/hadoop-ozone/integration-test/target/test-dir/MiniOzoneClusterImpl-35b728c7-eabf-4c96-8d3d-75e3ad54d1c0/datanode-1/data/ratis/25f6bc2b-9ef9-485a-a04d-6d30b3be9281] INFO  segmented.SegmentedRaftLogWorker (SegmentedRaftLogWorker.java:run(313)) - 301294da-f18c-437b-aaa3-dd11e4d313a5-SegmentedRaftLogWorker:Storage Directory /workdir/hadoop-ozone/integration-test/target/test-dir/MiniOzoneClusterImpl-35b728c7-eabf-4c96-8d3d-75e3ad54d1c0/datanode-1/data/ratis/25f6bc2b-9ef9-485a-a04d-6d30b3be9281 was interrupted, exiting. There are 0 tasks remaining in the queue.
2019-09-04 07:30:43,821 [main] INFO  segmented.SegmentedRaftLogWorker (SegmentedRaftLogWorker.java:close(228)) - 301294da-f18c-437b-aaa3-dd11e4d313a5-SegmentedRaftLogWorker:Storage Directory /workdir/hadoop-ozone/integration-test/target/test-dir/MiniOzoneClusterImpl-35b728c7-eabf-4c96-8d3d-75e3ad54d1c0/datanode-1/data/ratis/25f6bc2b-9ef9-485a-a04d-6d30b3be9281 close()
2019-09-04 07:30:43,825 [main] INFO  impl.RaftServerImpl (RaftServerImpl.java:lambda$shutdown$3(245)) - 301294da-f18c-437b-aaa3-dd11e4d313a5: shutdown group-D1E6FBF06079
2019-09-04 07:30:43,826 [main] INFO  util.JmxRegister (JmxRegister.java:unregister(73)) - Successfully un-registered JMX Bean with object name Ratis:service=RaftServer,group=group-D1E6FBF06079,id=301294da-f18c-437b-aaa3-dd11e4d313a5
2019-09-04 07:30:43,826 [main] INFO  impl.RoleInfo (RoleInfo.java:shutdownLeaderState(104)) - 301294da-f18c-437b-aaa3-dd11e4d313a5: shutdown LeaderState
2019-09-04 07:30:43,828 [org.apache.ratis.server.impl.LogAppender$AppenderDaemon$$Lambda$490/1747835974@4995a8d6] WARN  server.GrpcLogAppender (GrpcLogAppender.java:mayWait(143)) - GrpcLogAppender(301294da-f18c-437b-aaa3-dd11e4d313a5->dd224863-0b59-4e37-8325-ae6086842658): Wait interrupted by java.lang.InterruptedException
2019-09-04 07:30:43,832 [org.apache.ratis.server.impl.LogAppender$AppenderDaemon$$Lambda$490/1747835974@c972f80] WARN  server.GrpcLogAppender (GrpcLogAppender.java:mayWait(143)) - GrpcLogAppender(301294da-f18c-437b-aaa3-dd11e4d313a5->a0227839-3f5f-4b02-968b-4fb9ec1ea5e5): Wait interrupted by java.lang.InterruptedException
2019-09-04 07:30:43,832 [main] INFO  impl.PendingRequests (PendingRequests.java:sendNotLeaderResponses(202)) - 301294da-f18c-437b-aaa3-dd11e4d313a5-PendingRequests: sendNotLeaderResponses
2019-09-04 07:30:43,834 [grpc-default-executor-2] INFO  server.GrpcServerProtocolService (GrpcServerProtocolService.java:onCompleted(104)) - a0227839-3f5f-4b02-968b-4fb9ec1ea5e5: appendEntries completed
2019-09-04 07:30:43,836 [grpc-default-executor-2] INFO  server.GrpcLogAppender (GrpcLogAppender.java:onCompleted(292)) - 301294da-f18c-437b-aaa3-dd11e4d313a5->a0227839-3f5f-4b02-968b-4fb9ec1ea5e5: follower responses appendEntries COMPLETED
2019-09-04 07:30:43,836 [grpc-default-executor-2] INFO  impl.FollowerInfo (FollowerInfo.java:lambda$new$0(50)) - 301294da-f18c-437b-aaa3-dd11e4d313a5->a0227839-3f5f-4b02-968b-4fb9ec1ea5e5: nextIndex: updateUnconditionally 10 -> 9
2019-09-04 07:30:43,844 [main] INFO  impl.StateMachineUpdater (StateMachineUpdater.java:stopAndJoin(115)) - StateMachineUpdater:301294da-f18c-437b-aaa3-dd11e4d313a5:group-D1E6FBF06079: set stopIndex = 9
2019-09-04 07:30:43,844 [StateMachineUpdater:301294da-f18c-437b-aaa3-dd11e4d313a5:group-D1E6FBF06079] INFO  ratis.ContainerStateMachine (ContainerStateMachine.java:takeSnapshot(283)) - group-D1E6FBF06079: Taking a snapshot at:(t:3, i:9) file /workdir/hadoop-ozone/integration-test/target/test-dir/MiniOzoneClusterImpl-35b728c7-eabf-4c96-8d3d-75e3ad54d1c0/datanode-1/data/ratis/a4edea5e-1841-44c5-9774-d1e6fbf06079/sm/snapshot.3_9
2019-09-04 07:30:43,867 [StateMachineUpdater:301294da-f18c-437b-aaa3-dd11e4d313a5:group-D1E6FBF06079] INFO  ratis.ContainerStateMachine (ContainerStateMachine.java:takeSnapshot(294)) - group-D1E6FBF06079: Finished taking a snapshot at:(t:3, i:9) file:/workdir/hadoop-ozone/integration-test/target/test-dir/MiniOzoneClusterImpl-35b728c7-eabf-4c96-8d3d-75e3ad54d1c0/datanode-1/data/ratis/a4edea5e-1841-44c5-9774-d1e6fbf06079/sm/snapshot.3_9 time:23
2019-09-04 07:30:43,867 [StateMachineUpdater:301294da-f18c-437b-aaa3-dd11e4d313a5:group-D1E6FBF06079] INFO  impl.StateMachineUpdater (StateMachineUpdater.java:takeSnapshot(242)) - StateMachineUpdater:301294da-f18c-437b-aaa3-dd11e4d313a5:group-D1E6FBF06079: Took a snapshot at index 9
2019-09-04 07:30:43,867 [StateMachineUpdater:301294da-f18c-437b-aaa3-dd11e4d313a5:group-D1E6FBF06079] INFO  impl.StateMachineUpdater (StateMachineUpdater.java:lambda$new$0(80)) - StateMachineUpdater:301294da-f18c-437b-aaa3-dd11e4d313a5:group-D1E6FBF06079: snapshotIndex: updateIncreasingly -1 -> 9
2019-09-04 07:30:43,867 [main] INFO  impl.RaftServerImpl (ServerState.java:close(394)) - 301294da-f18c-437b-aaa3-dd11e4d313a5:group-D1E6FBF06079 closes. The last applied log index is 9
2019-09-04 07:30:43,868 [301294da-f18c-437b-aaa3-dd11e4d313a5-SegmentedRaftLogWorker:Storage Directory /workdir/hadoop-ozone/integration-test/target/test-dir/MiniOzoneClusterImpl-35b728c7-eabf-4c96-8d3d-75e3ad54d1c0/datanode-1/data/ratis/a4edea5e-1841-44c5-9774-d1e6fbf06079] INFO  segmented.SegmentedRaftLogWorker (SegmentedRaftLogWorker.java:run(313)) - 301294da-f18c-437b-aaa3-dd11e4d313a5-SegmentedRaftLogWorker:Storage Directory /workdir/hadoop-ozone/integration-test/target/test-dir/MiniOzoneClusterImpl-35b728c7-eabf-4c96-8d3d-75e3ad54d1c0/datanode-1/data/ratis/a4edea5e-1841-44c5-9774-d1e6fbf06079 was interrupted, exiting. There are 0 tasks remaining in the queue.
2019-09-04 07:30:43,870 [main] INFO  segmented.SegmentedRaftLogWorker (SegmentedRaftLogWorker.java:close(228)) - 301294da-f18c-437b-aaa3-dd11e4d313a5-SegmentedRaftLogWorker:Storage Directory /workdir/hadoop-ozone/integration-test/target/test-dir/MiniOzoneClusterImpl-35b728c7-eabf-4c96-8d3d-75e3ad54d1c0/datanode-1/data/ratis/a4edea5e-1841-44c5-9774-d1e6fbf06079 close()
2019-09-04 07:30:43,873 [main] INFO  server.GrpcService (GrpcService.java:closeImpl(155)) - 301294da-f18c-437b-aaa3-dd11e4d313a5: shutdown server with port 40574 now
2019-09-04 07:30:43,874 [main] INFO  server.GrpcService (GrpcService.java:closeImpl(163)) - 301294da-f18c-437b-aaa3-dd11e4d313a5: shutdown server with port 40574 successfully
2019-09-04 07:30:43,878 [main] INFO  utils.BackgroundService (BackgroundService.java:shutdown(148)) - Shutting down service BlockDeletingService
2019-09-04 07:30:43,881 [refreshUsed-/workdir/hadoop-ozone/integration-test/target/test-dir/MiniOzoneClusterImpl-35b728c7-eabf-4c96-8d3d-75e3ad54d1c0/datanode-1/data/containers] WARN  fs.CachingGetSpaceUsed (CachingGetSpaceUsed.java:run(183)) - Thread Interrupted waiting to refresh disk information: sleep interrupted
2019-09-04 07:30:43,898 [main] INFO  statemachine.DatanodeStateMachine (DatanodeStateMachine.java:stopDaemon(395)) - Ozone container server stopped.
2019-09-04 07:30:43,899 [main] INFO  handler.ContextHandler (ContextHandler.java:doStop(910)) - Stopped o.e.j.w.WebAppContext@697a0948{/,null,UNAVAILABLE}{/hddsDatanode}
2019-09-04 07:30:43,899 [main] INFO  server.AbstractConnector (AbstractConnector.java:doStop(318)) - Stopped ServerConnector@7cf63b9a{HTTP/1.1,[http/1.1]}{0.0.0.0:0}
2019-09-04 07:30:43,899 [main] INFO  handler.ContextHandler (ContextHandler.java:doStop(910)) - Stopped o.e.j.s.ServletContextHandler@31834a2b{/static,jar:file:/home/user/.m2/repository/org/apache/hadoop/hadoop-hdds-container-service/0.5.0-SNAPSHOT/hadoop-hdds-container-service-0.5.0-SNAPSHOT.jar!/webapps/static,UNAVAILABLE}
2019-09-04 07:30:43,900 [main] INFO  handler.ContextHandler (ContextHandler.java:doStop(910)) - Stopped o.e.j.s.ServletContextHandler@2f3928ac{/logs,file:///workdir/hadoop-ozone/integration-test/target/log,UNAVAILABLE}
]]></system-out>
  </testcase>
</testsuite>