<?xml version="1.0" encoding="UTF-8"?>
<testsuite xmlns:xsi="http://www.w3.org/2001/XMLSchema-instance" xsi:noNamespaceSchemaLocation="https://maven.apache.org/surefire/maven-surefire-plugin/xsd/surefire-test-report.xsd" name="org.apache.hadoop.ozone.client.rpc.TestContainerStateMachine" time="105.262" tests="1" errors="1" skipped="0" failures="0">
  <properties>
    <property name="awt.toolkit" value="sun.awt.X11.XToolkit"/>
    <property name="file.encoding.pkg" value="sun.io"/>
    <property name="java.specification.version" value="1.8"/>
    <property name="sun.cpu.isalist" value=""/>
    <property name="sun.jnu.encoding" value="UTF-8"/>
    <property name="java.class.path" value="/workdir/hadoop-ozone/integration-test/target/test-classes:/workdir/hadoop-ozone/integration-test/target/classes:/home/user/.m2/repository/org/apache/hadoop/hadoop-ozone-common/0.5.0-SNAPSHOT/hadoop-ozone-common-0.5.0-SNAPSHOT.jar:/home/user/.m2/repository/org/apache/commons/commons-compress/1.4.1/commons-compress-1.4.1.jar:/home/user/.m2/repository/org/tukaani/xz/1.0/xz-1.0.jar:/home/user/.m2/repository/org/apache/hadoop/hadoop-common/3.2.0/hadoop-common-3.2.0.jar:/home/user/.m2/repository/org/apache/hadoop/hadoop-hdfs/3.2.0/hadoop-hdfs-3.2.0.jar:/home/user/.m2/repository/org/apache/hadoop/hadoop-hdfs-client/3.2.0/hadoop-hdfs-client-3.2.0.jar:/home/user/.m2/repository/com/fasterxml/jackson/core/jackson-annotations/2.9.5/jackson-annotations-2.9.5.jar:/home/user/.m2/repository/org/apache/hadoop/hadoop-hdds-common/0.5.0-SNAPSHOT/hadoop-hdds-common-0.5.0-SNAPSHOT.jar:/home/user/.m2/repository/javax/annotation/javax.annotation-api/1.2/javax.annotation-api-1.2.jar:/home/user/.m2/repository/org/apache/ratis/ratis-server/0.4.0-2337318-SNAPSHOT/ratis-server-0.4.0-2337318-SNAPSHOT.jar:/home/user/.m2/repository/org/apache/ratis/ratis-thirdparty-misc/0.2.0/ratis-thirdparty-misc-0.2.0.jar:/home/user/.m2/repository/org/apache/ratis/ratis-proto/0.4.0-2337318-SNAPSHOT/ratis-proto-0.4.0-2337318-SNAPSHOT.jar:/home/user/.m2/repository/org/apache/ratis/ratis-common/0.4.0-2337318-SNAPSHOT/ratis-common-0.4.0-2337318-SNAPSHOT.jar:/home/user/.m2/repository/org/apache/ratis/ratis-client/0.4.0-2337318-SNAPSHOT/ratis-client-0.4.0-2337318-SNAPSHOT.jar:/home/user/.m2/repository/org/apache/ratis/ratis-metrics/0.4.0-2337318-SNAPSHOT/ratis-metrics-0.4.0-2337318-SNAPSHOT.jar:/home/user/.m2/repository/org/apache/ratis/ratis-netty/0.4.0-2337318-SNAPSHOT/ratis-netty-0.4.0-2337318-SNAPSHOT.jar:/home/user/.m2/repository/org/apache/ratis/ratis-grpc/0.4.0-2337318-SNAPSHOT/ratis-grpc-0.4.0-2337318-SNAPSHOT.jar:/home/user/.m2/repository/org/rocksdb/rocksdbjni/6.0.1/rocksdbjni-6.0.1.jar:/home/user/.m2/repository/org/apache/logging/log4j/log4j-api/2.11.0/log4j-api-2.11.0.jar:/home/user/.m2/repository/org/apache/logging/log4j/log4j-core/2.11.0/log4j-core-2.11.0.jar:/home/user/.m2/repository/com/lmax/disruptor/3.4.2/disruptor-3.4.2.jar:/home/user/.m2/repository/org/apache/commons/commons-pool2/2.6.0/commons-pool2-2.6.0.jar:/home/user/.m2/repository/org/bouncycastle/bcpkix-jdk15on/1.60/bcpkix-jdk15on-1.60.jar:/home/user/.m2/repository/commons-validator/commons-validator/1.6/commons-validator-1.6.jar:/home/user/.m2/repository/commons-digester/commons-digester/1.8.1/commons-digester-1.8.1.jar:/home/user/.m2/repository/io/jaegertracing/jaeger-client/0.33.1/jaeger-client-0.33.1.jar:/home/user/.m2/repository/io/jaegertracing/jaeger-thrift/0.33.1/jaeger-thrift-0.33.1.jar:/home/user/.m2/repository/org/apache/thrift/libthrift/0.11.0/libthrift-0.11.0.jar:/home/user/.m2/repository/com/squareup/okhttp3/okhttp/3.9.0/okhttp-3.9.0.jar:/home/user/.m2/repository/com/squareup/okio/okio/1.13.0/okio-1.13.0.jar:/home/user/.m2/repository/io/jaegertracing/jaeger-core/0.33.1/jaeger-core-0.33.1.jar:/home/user/.m2/repository/io/jaegertracing/jaeger-tracerresolver/0.33.1/jaeger-tracerresolver-0.33.1.jar:/home/user/.m2/repository/io/opentracing/contrib/opentracing-tracerresolver/0.1.5/opentracing-tracerresolver-0.1.5.jar:/home/user/.m2/repository/io/opentracing/opentracing-util/0.31.0/opentracing-util-0.31.0.jar:/home/user/.m2/repository/io/opentracing/opentracing-api/0.31.0/opentracing-api-0.31.0.jar:/home/user/.m2/repository/io/opentracing/opentracing-noop/0.31.0/opentracing-noop-0.31.0.jar:/home/user/.m2/repository/org/apache/hadoop/hadoop-hdds-server-framework/0.5.0-SNAPSHOT/hadoop-hdds-server-framework-0.5.0-SNAPSHOT.jar:/home/user/.m2/repository/org/apache/hadoop/hadoop-hdds-container-service/0.5.0-SNAPSHOT/hadoop-hdds-container-service-0.5.0-SNAPSHOT.jar:/home/user/.m2/repository/org/apache/hadoop/hadoop-hdds-client/0.5.0-SNAPSHOT/hadoop-hdds-client-0.5.0-SNAPSHOT.jar:/home/user/.m2/repository/org/apache/hadoop/hadoop-hdds-tools/0.5.0-SNAPSHOT/hadoop-hdds-tools-0.5.0-SNAPSHOT.jar:/home/user/.m2/repository/org/apache/hadoop/hadoop-hdds-server-scm/0.5.0-SNAPSHOT/hadoop-hdds-server-scm-0.5.0-SNAPSHOT.jar:/home/user/.m2/repository/org/apache/hadoop/hadoop-hdds-docs/0.5.0-SNAPSHOT/hadoop-hdds-docs-0.5.0-SNAPSHOT.jar:/home/user/.m2/repository/io/dropwizard/metrics/metrics-core/3.2.4/metrics-core-3.2.4.jar:/home/user/.m2/repository/org/hamcrest/hamcrest-all/1.3/hamcrest-all-1.3.jar:/home/user/.m2/repository/org/bouncycastle/bcprov-jdk15on/1.60/bcprov-jdk15on-1.60.jar:/home/user/.m2/repository/info/picocli/picocli/3.9.6/picocli-3.9.6.jar:/home/user/.m2/repository/com/google/protobuf/protobuf-java/2.5.0/protobuf-java-2.5.0.jar:/home/user/.m2/repository/com/google/guava/guava/11.0.2/guava-11.0.2.jar:/home/user/.m2/repository/org/apache/hadoop/hadoop-ozone-ozone-manager/0.5.0-SNAPSHOT/hadoop-ozone-ozone-manager-0.5.0-SNAPSHOT.jar:/home/user/.m2/repository/org/apache/hadoop/hadoop-minikdc/3.2.0/hadoop-minikdc-3.2.0.jar:/home/user/.m2/repository/commons-io/commons-io/2.5/commons-io-2.5.jar:/home/user/.m2/repository/org/apache/kerby/kerb-simplekdc/1.0.1/kerb-simplekdc-1.0.1.jar:/home/user/.m2/repository/org/apache/kerby/kerb-client/1.0.1/kerb-client-1.0.1.jar:/home/user/.m2/repository/org/apache/kerby/kerby-config/1.0.1/kerby-config-1.0.1.jar:/home/user/.m2/repository/org/apache/kerby/kerb-core/1.0.1/kerb-core-1.0.1.jar:/home/user/.m2/repository/org/apache/kerby/kerby-pkix/1.0.1/kerby-pkix-1.0.1.jar:/home/user/.m2/repository/org/apache/kerby/kerby-asn1/1.0.1/kerby-asn1-1.0.1.jar:/home/user/.m2/repository/org/apache/kerby/kerby-util/1.0.1/kerby-util-1.0.1.jar:/home/user/.m2/repository/org/apache/kerby/kerb-common/1.0.1/kerb-common-1.0.1.jar:/home/user/.m2/repository/org/apache/kerby/kerb-crypto/1.0.1/kerb-crypto-1.0.1.jar:/home/user/.m2/repository/org/apache/kerby/kerb-util/1.0.1/kerb-util-1.0.1.jar:/home/user/.m2/repository/org/apache/kerby/token-provider/1.0.1/token-provider-1.0.1.jar:/home/user/.m2/repository/org/apache/kerby/kerb-admin/1.0.1/kerb-admin-1.0.1.jar:/home/user/.m2/repository/org/apache/kerby/kerb-server/1.0.1/kerb-server-1.0.1.jar:/home/user/.m2/repository/org/apache/kerby/kerb-identity/1.0.1/kerb-identity-1.0.1.jar:/home/user/.m2/repository/org/apache/kerby/kerby-xdr/1.0.1/kerby-xdr-1.0.1.jar:/home/user/.m2/repository/org/slf4j/slf4j-log4j12/1.7.25/slf4j-log4j12-1.7.25.jar:/home/user/.m2/repository/org/apache/hadoop/hadoop-ozone-objectstore-service/0.5.0-SNAPSHOT/hadoop-ozone-objectstore-service-0.5.0-SNAPSHOT.jar:/home/user/.m2/repository/org/apache/hadoop/hadoop-ozone-s3gateway/0.5.0-SNAPSHOT/hadoop-ozone-s3gateway-0.5.0-SNAPSHOT.jar:/home/user/.m2/repository/org/jboss/weld/servlet/weld-servlet/2.4.7.Final/weld-servlet-2.4.7.Final.jar:/home/user/.m2/repository/org/glassfish/jersey/containers/jersey-container-servlet-core/2.27/jersey-container-servlet-core-2.27.jar:/home/user/.m2/repository/org/glassfish/hk2/external/javax.inject/2.5.0-b42/javax.inject-2.5.0-b42.jar:/home/user/.m2/repository/org/glassfish/jersey/core/jersey-common/2.27/jersey-common-2.27.jar:/home/user/.m2/repository/org/glassfish/hk2/osgi-resource-locator/1.0.1/osgi-resource-locator-1.0.1.jar:/home/user/.m2/repository/javax/ws/rs/javax.ws.rs-api/2.1/javax.ws.rs-api-2.1.jar:/home/user/.m2/repository/org/glassfish/jersey/ext/cdi/jersey-cdi1x/2.27/jersey-cdi1x-2.27.jar:/home/user/.m2/repository/org/glassfish/jersey/inject/jersey-hk2/2.27/jersey-hk2-2.27.jar:/home/user/.m2/repository/org/glassfish/hk2/hk2-locator/2.5.0-b42/hk2-locator-2.5.0-b42.jar:/home/user/.m2/repository/org/javassist/javassist/3.22.0-CR2/javassist-3.22.0-CR2.jar:/home/user/.m2/repository/org/glassfish/hk2/hk2-api/2.5.0/hk2-api-2.5.0.jar:/home/user/.m2/repository/org/glassfish/hk2/external/jakarta.inject/2.5.0/jakarta.inject-2.5.0.jar:/home/user/.m2/repository/org/glassfish/hk2/hk2-utils/2.5.0/hk2-utils-2.5.0.jar:/home/user/.m2/repository/jakarta/annotation/jakarta.annotation-api/1.3.4/jakarta.annotation-api-1.3.4.jar:/home/user/.m2/repository/org/glassfish/hk2/external/aopalliance-repackaged/2.5.0/aopalliance-repackaged-2.5.0.jar:/home/user/.m2/repository/com/fasterxml/jackson/dataformat/jackson-dataformat-xml/2.9.0/jackson-dataformat-xml-2.9.0.jar:/home/user/.m2/repository/com/fasterxml/jackson/core/jackson-core/2.9.5/jackson-core-2.9.5.jar:/home/user/.m2/repository/com/fasterxml/jackson/module/jackson-module-jaxb-annotations/2.9.5/jackson-module-jaxb-annotations-2.9.5.jar:/home/user/.m2/repository/javax/enterprise/cdi-api/1.2/cdi-api-1.2.jar:/home/user/.m2/repository/javax/el/javax.el-api/3.0.0/javax.el-api-3.0.0.jar:/home/user/.m2/repository/javax/interceptor/javax.interceptor-api/1.2/javax.interceptor-api-1.2.jar:/home/user/.m2/repository/javax/inject/javax.inject/1/javax.inject-1.jar:/home/user/.m2/repository/com/sun/xml/bind/jaxb-impl/2.3.0.1/jaxb-impl-2.3.0.1.jar:/home/user/.m2/repository/com/sun/xml/bind/jaxb-core/2.3.0.1/jaxb-core-2.3.0.1.jar:/home/user/.m2/repository/javax/xml/bind/jaxb-api/2.3.0/jaxb-api-2.3.0.jar:/home/user/.m2/repository/javax/activation/activation/1.1.1/activation-1.1.1.jar:/home/user/.m2/repository/org/apache/hadoop/hadoop-ozone-csi/0.5.0-SNAPSHOT/hadoop-ozone-csi-0.5.0-SNAPSHOT.jar:/home/user/.m2/repository/com/google/protobuf/protobuf-java-util/3.5.1/protobuf-java-util-3.5.1.jar:/home/user/.m2/repository/org/apache/hadoop/hadoop-hdds-config/0.5.0-SNAPSHOT/hadoop-hdds-config-0.5.0-SNAPSHOT.jar:/home/user/.m2/repository/io/grpc/grpc-netty/1.17.1/grpc-netty-1.17.1.jar:/home/user/.m2/repository/io/grpc/grpc-core/1.17.1/grpc-core-1.17.1.jar:/home/user/.m2/repository/io/grpc/grpc-context/1.17.1/grpc-context-1.17.1.jar:/home/user/.m2/repository/com/google/errorprone/error_prone_annotations/2.2.0/error_prone_annotations-2.2.0.jar:/home/user/.m2/repository/org/codehaus/mojo/animal-sniffer-annotations/1.17/animal-sniffer-annotations-1.17.jar:/home/user/.m2/repository/io/opencensus/opencensus-api/0.17.0/opencensus-api-0.17.0.jar:/home/user/.m2/repository/io/opencensus/opencensus-contrib-grpc-metrics/0.17.0/opencensus-contrib-grpc-metrics-0.17.0.jar:/home/user/.m2/repository/io/netty/netty-codec-http2/4.1.30.Final/netty-codec-http2-4.1.30.Final.jar:/home/user/.m2/repository/io/netty/netty-codec-http/4.1.30.Final/netty-codec-http-4.1.30.Final.jar:/home/user/.m2/repository/io/netty/netty-codec/4.1.30.Final/netty-codec-4.1.30.Final.jar:/home/user/.m2/repository/io/netty/netty-handler/4.1.30.Final/netty-handler-4.1.30.Final.jar:/home/user/.m2/repository/io/netty/netty-handler-proxy/4.1.30.Final/netty-handler-proxy-4.1.30.Final.jar:/home/user/.m2/repository/io/netty/netty-codec-socks/4.1.30.Final/netty-codec-socks-4.1.30.Final.jar:/home/user/.m2/repository/io/netty/netty-transport-native-epoll/4.1.30.Final/netty-transport-native-epoll-4.1.30.Final.jar:/home/user/.m2/repository/io/netty/netty-common/4.1.30.Final/netty-common-4.1.30.Final.jar:/home/user/.m2/repository/io/netty/netty-buffer/4.1.30.Final/netty-buffer-4.1.30.Final.jar:/home/user/.m2/repository/io/netty/netty-transport/4.1.30.Final/netty-transport-4.1.30.Final.jar:/home/user/.m2/repository/io/netty/netty-resolver/4.1.30.Final/netty-resolver-4.1.30.Final.jar:/home/user/.m2/repository/io/netty/netty-transport-native-unix-common/4.1.30.Final/netty-transport-native-unix-common-4.1.30.Final.jar:/home/user/.m2/repository/io/grpc/grpc-protobuf/1.17.1/grpc-protobuf-1.17.1.jar:/home/user/.m2/repository/com/google/api/grpc/proto-google-common-protos/1.0.0/proto-google-common-protos-1.0.0.jar:/home/user/.m2/repository/io/grpc/grpc-protobuf-lite/1.17.1/grpc-protobuf-lite-1.17.1.jar:/home/user/.m2/repository/io/grpc/grpc-stub/1.17.1/grpc-stub-1.17.1.jar:/home/user/.m2/repository/org/apache/hadoop/hadoop-ozone-recon/0.5.0-SNAPSHOT/hadoop-ozone-recon-0.5.0-SNAPSHOT.jar:/home/user/.m2/repository/org/apache/hadoop/hadoop-ozone-reconcodegen/0.5.0-SNAPSHOT/hadoop-ozone-reconcodegen-0.5.0-SNAPSHOT.jar:/home/user/.m2/repository/com/google/inject/extensions/guice-multibindings/4.0/guice-multibindings-4.0.jar:/home/user/.m2/repository/com/google/inject/guice/4.0/guice-4.0.jar:/home/user/.m2/repository/aopalliance/aopalliance/1.0/aopalliance-1.0.jar:/home/user/.m2/repository/com/google/inject/extensions/guice-servlet/4.0/guice-servlet-4.0.jar:/home/user/.m2/repository/org/glassfish/jersey/containers/jersey-container-servlet/2.27/jersey-container-servlet-2.27.jar:/home/user/.m2/repository/org/glassfish/hk2/guice-bridge/2.5.0/guice-bridge-2.5.0.jar:/home/user/.m2/repository/org/glassfish/jersey/core/jersey-server/2.27/jersey-server-2.27.jar:/home/user/.m2/repository/org/glassfish/jersey/core/jersey-client/2.27/jersey-client-2.27.jar:/home/user/.m2/repository/org/glassfish/jersey/media/jersey-media-jaxb/2.27/jersey-media-jaxb-2.27.jar:/home/user/.m2/repository/javax/validation/validation-api/1.1.0.Final/validation-api-1.1.0.Final.jar:/home/user/.m2/repository/org/glassfish/jersey/media/jersey-media-json-jackson/2.27/jersey-media-json-jackson-2.27.jar:/home/user/.m2/repository/org/glassfish/jersey/ext/jersey-entity-filtering/2.27/jersey-entity-filtering-2.27.jar:/home/user/.m2/repository/com/google/inject/extensions/guice-assistedinject/4.0/guice-assistedinject-4.0.jar:/home/user/.m2/repository/org/jooq/jooq/3.11.10/jooq-3.11.10.jar:/home/user/.m2/repository/org/jooq/jooq-meta/3.11.10/jooq-meta-3.11.10.jar:/home/user/.m2/repository/org/jooq/jooq-codegen/3.11.10/jooq-codegen-3.11.10.jar:/home/user/.m2/repository/com/jolbox/bonecp/0.8.0.RELEASE/bonecp-0.8.0.RELEASE.jar:/home/user/.m2/repository/org/xerial/sqlite-jdbc/3.25.2/sqlite-jdbc-3.25.2.jar:/home/user/.m2/repository/org/springframework/spring-jdbc/5.1.3.RELEASE/spring-jdbc-5.1.3.RELEASE.jar:/home/user/.m2/repository/org/springframework/spring-beans/5.1.3.RELEASE/spring-beans-5.1.3.RELEASE.jar:/home/user/.m2/repository/org/springframework/spring-core/5.1.3.RELEASE/spring-core-5.1.3.RELEASE.jar:/home/user/.m2/repository/org/springframework/spring-jcl/5.1.3.RELEASE/spring-jcl-5.1.3.RELEASE.jar:/home/user/.m2/repository/org/springframework/spring-tx/5.1.3.RELEASE/spring-tx-5.1.3.RELEASE.jar:/home/user/.m2/repository/org/apache/hadoop/hadoop-ozone-client/0.5.0-SNAPSHOT/hadoop-ozone-client-0.5.0-SNAPSHOT.jar:/home/user/.m2/repository/commons-lang/commons-lang/2.6/commons-lang-2.6.jar:/home/user/.m2/repository/org/apache/hadoop/hadoop-ozone-ozone-manager/0.5.0-SNAPSHOT/hadoop-ozone-ozone-manager-0.5.0-SNAPSHOT-tests.jar:/home/user/.m2/repository/junit/junit/4.11/junit-4.11.jar:/home/user/.m2/repository/org/hamcrest/hamcrest-core/1.3/hamcrest-core-1.3.jar:/home/user/.m2/repository/org/openjdk/jmh/jmh-core/1.19/jmh-core-1.19.jar:/home/user/.m2/repository/net/sf/jopt-simple/jopt-simple/4.6/jopt-simple-4.6.jar:/home/user/.m2/repository/org/apache/commons/commons-math3/3.1.1/commons-math3-3.1.1.jar:/home/user/.m2/repository/org/openjdk/jmh/jmh-generator-annprocess/1.19/jmh-generator-annprocess-1.19.jar:/home/user/.m2/repository/org/mockito/mockito-all/1.8.5/mockito-all-1.8.5.jar:/home/user/.m2/repository/org/apache/hadoop/hadoop-kms/3.2.0/hadoop-kms-3.2.0.jar:/home/user/.m2/repository/org/apache/hadoop/hadoop-auth/3.2.0/hadoop-auth-3.2.0.jar:/home/user/.m2/repository/com/nimbusds/nimbus-jose-jwt/4.41.1/nimbus-jose-jwt-4.41.1.jar:/home/user/.m2/repository/com/github/stephenc/jcip/jcip-annotations/1.0-1/jcip-annotations-1.0-1.jar:/home/user/.m2/repository/net/minidev/json-smart/2.3/json-smart-2.3.jar:/home/user/.m2/repository/net/minidev/accessors-smart/1.2/accessors-smart-1.2.jar:/home/user/.m2/repository/org/ow2/asm/asm/5.0.4/asm-5.0.4.jar:/home/user/.m2/repository/org/apache/curator/curator-framework/2.12.0/curator-framework-2.12.0.jar:/home/user/.m2/repository/com/sun/jersey/jersey-core/1.19/jersey-core-1.19.jar:/home/user/.m2/repository/javax/ws/rs/jsr311-api/1.1.1/jsr311-api-1.1.1.jar:/home/user/.m2/repository/com/sun/jersey/jersey-server/1.19/jersey-server-1.19.jar:/home/user/.m2/repository/javax/servlet/javax.servlet-api/3.1.0/javax.servlet-api-3.1.0.jar:/home/user/.m2/repository/org/eclipse/jetty/jetty-server/9.3.24.v20180605/jetty-server-9.3.24.v20180605.jar:/home/user/.m2/repository/org/eclipse/jetty/jetty-http/9.3.24.v20180605/jetty-http-9.3.24.v20180605.jar:/home/user/.m2/repository/org/eclipse/jetty/jetty-io/9.3.24.v20180605/jetty-io-9.3.24.v20180605.jar:/home/user/.m2/repository/org/eclipse/jetty/jetty-webapp/9.3.24.v20180605/jetty-webapp-9.3.24.v20180605.jar:/home/user/.m2/repository/org/eclipse/jetty/jetty-xml/9.3.24.v20180605/jetty-xml-9.3.24.v20180605.jar:/home/user/.m2/repository/log4j/log4j/1.2.17/log4j-1.2.17.jar:/home/user/.m2/repository/org/slf4j/slf4j-api/1.7.25/slf4j-api-1.7.25.jar:/home/user/.m2/repository/org/slf4j/jul-to-slf4j/1.7.25/jul-to-slf4j-1.7.25.jar:/home/user/.m2/repository/org/eclipse/jetty/jetty-util/9.3.24.v20180605/jetty-util-9.3.24.v20180605.jar:/home/user/.m2/repository/com/fasterxml/jackson/core/jackson-databind/2.9.5/jackson-databind-2.9.5.jar:/home/user/.m2/repository/org/apache/hadoop/hadoop-kms/3.2.0/hadoop-kms-3.2.0-tests.jar:/home/user/.m2/repository/org/apache/hadoop/hadoop-hdds-server-scm/0.5.0-SNAPSHOT/hadoop-hdds-server-scm-0.5.0-SNAPSHOT-tests.jar:/home/user/.m2/repository/org/apache/hadoop/hadoop-hdds-container-service/0.5.0-SNAPSHOT/hadoop-hdds-container-service-0.5.0-SNAPSHOT-tests.jar:/home/user/.m2/repository/org/yaml/snakeyaml/1.16/snakeyaml-1.16.jar:/home/user/.m2/repository/org/apache/hadoop/hadoop-common/3.2.0/hadoop-common-3.2.0-tests.jar:/home/user/.m2/repository/org/apache/hadoop/hadoop-annotations/3.2.0/hadoop-annotations-3.2.0.jar:/usr/lib/jvm/java-1.8-openjdk/jre/../lib/tools.jar:/home/user/.m2/repository/commons-cli/commons-cli/1.2/commons-cli-1.2.jar:/home/user/.m2/repository/org/apache/httpcomponents/httpclient/4.5.2/httpclient-4.5.2.jar:/home/user/.m2/repository/org/apache/httpcomponents/httpcore/4.4.4/httpcore-4.4.4.jar:/home/user/.m2/repository/commons-codec/commons-codec/1.11/commons-codec-1.11.jar:/home/user/.m2/repository/commons-net/commons-net/3.6/commons-net-3.6.jar:/home/user/.m2/repository/commons-collections/commons-collections/3.2.2/commons-collections-3.2.2.jar:/home/user/.m2/repository/org/eclipse/jetty/jetty-servlet/9.3.24.v20180605/jetty-servlet-9.3.24.v20180605.jar:/home/user/.m2/repository/org/eclipse/jetty/jetty-security/9.3.24.v20180605/jetty-security-9.3.24.v20180605.jar:/home/user/.m2/repository/javax/servlet/jsp/jsp-api/2.1/jsp-api-2.1.jar:/home/user/.m2/repository/com/sun/jersey/jersey-servlet/1.19/jersey-servlet-1.19.jar:/home/user/.m2/repository/com/sun/jersey/jersey-json/1.19/jersey-json-1.19.jar:/home/user/.m2/repository/org/codehaus/jettison/jettison/1.1/jettison-1.1.jar:/home/user/.m2/repository/org/codehaus/jackson/jackson-core-asl/1.9.13/jackson-core-asl-1.9.13.jar:/home/user/.m2/repository/org/codehaus/jackson/jackson-mapper-asl/1.9.13/jackson-mapper-asl-1.9.13.jar:/home/user/.m2/repository/org/codehaus/jackson/jackson-jaxrs/1.9.13/jackson-jaxrs-1.9.13.jar:/home/user/.m2/repository/org/codehaus/jackson/jackson-xc/1.9.13/jackson-xc-1.9.13.jar:/home/user/.m2/repository/commons-logging/commons-logging/1.1.3/commons-logging-1.1.3.jar:/home/user/.m2/repository/commons-beanutils/commons-beanutils/1.9.3/commons-beanutils-1.9.3.jar:/home/user/.m2/repository/org/apache/commons/commons-configuration2/2.1.1/commons-configuration2-2.1.1.jar:/home/user/.m2/repository/org/apache/commons/commons-lang3/3.7/commons-lang3-3.7.jar:/home/user/.m2/repository/org/apache/commons/commons-text/1.4/commons-text-1.4.jar:/home/user/.m2/repository/org/apache/avro/avro/1.7.7/avro-1.7.7.jar:/home/user/.m2/repository/com/thoughtworks/paranamer/paranamer/2.3/paranamer-2.3.jar:/home/user/.m2/repository/org/xerial/snappy/snappy-java/1.0.5/snappy-java-1.0.5.jar:/home/user/.m2/repository/com/google/re2j/re2j/1.1/re2j-1.1.jar:/home/user/.m2/repository/com/google/code/gson/gson/2.2.4/gson-2.2.4.jar:/home/user/.m2/repository/com/jcraft/jsch/0.1.54/jsch-0.1.54.jar:/home/user/.m2/repository/org/apache/curator/curator-client/2.12.0/curator-client-2.12.0.jar:/home/user/.m2/repository/org/apache/curator/curator-recipes/2.12.0/curator-recipes-2.12.0.jar:/home/user/.m2/repository/com/google/code/findbugs/jsr305/3.0.0/jsr305-3.0.0.jar:/home/user/.m2/repository/org/apache/htrace/htrace-core4/4.1.0-incubating/htrace-core4-4.1.0-incubating.jar:/home/user/.m2/repository/org/apache/zookeeper/zookeeper/3.4.13/zookeeper-3.4.13.jar:/home/user/.m2/repository/org/apache/yetus/audience-annotations/0.5.0/audience-annotations-0.5.0.jar:/home/user/.m2/repository/org/codehaus/woodstox/stax2-api/3.1.4/stax2-api-3.1.4.jar:/home/user/.m2/repository/com/fasterxml/woodstox/woodstox-core/5.0.3/woodstox-core-5.0.3.jar:/home/user/.m2/repository/dnsjava/dnsjava/2.1.7/dnsjava-2.1.7.jar:/home/user/.m2/repository/org/apache/hadoop/hadoop-hdfs/3.2.0/hadoop-hdfs-3.2.0-tests.jar:/home/user/.m2/repository/org/eclipse/jetty/jetty-util-ajax/9.3.24.v20180605/jetty-util-ajax-9.3.24.v20180605.jar:/home/user/.m2/repository/commons-daemon/commons-daemon/1.0.13/commons-daemon-1.0.13.jar:/home/user/.m2/repository/io/netty/netty/3.10.5.Final/netty-3.10.5.Final.jar:/home/user/.m2/repository/io/netty/netty-all/4.0.52.Final/netty-all-4.0.52.Final.jar:/home/user/.m2/repository/org/fusesource/leveldbjni/leveldbjni-all/1.8/leveldbjni-all-1.8.jar:"/>
    <property name="java.vm.vendor" value="IcedTea"/>
    <property name="sun.arch.data.model" value="64"/>
    <property name="test.build.dir" value="/workdir/hadoop-ozone/integration-test/target/test-dir"/>
    <property name="test.cache.data" value=""/>
    <property name="java.vendor.url" value="https://icedtea.classpath.org"/>
    <property name="user.timezone" value=""/>
    <property name="java.vm.specification.version" value="1.8"/>
    <property name="os.name" value="Linux"/>
    <property name="test.build.data" value="/workdir/hadoop-ozone/integration-test/target/test-dir"/>
    <property name="user.country" value="US"/>
    <property name="sun.java.launcher" value="SUN_STANDARD"/>
    <property name="sun.boot.library.path" value="/usr/lib/jvm/java-1.8-openjdk/jre/lib/amd64"/>
    <property name="sun.java.command" value="/workdir/hadoop-ozone/integration-test/target/surefire/surefirebooter421197831856785280.jar /workdir/hadoop-ozone/integration-test/target/surefire 2019-09-04T06-42-28_121-jvmRun1 surefire5995999243157199938tmp surefire_528604266164226283675tmp"/>
    <property name="test" value="!TestMiniChaosOzoneCluster"/>
    <property name="surefire.test.class.path" value="/workdir/hadoop-ozone/integration-test/target/test-classes:/workdir/hadoop-ozone/integration-test/target/classes:/home/user/.m2/repository/org/apache/hadoop/hadoop-ozone-common/0.5.0-SNAPSHOT/hadoop-ozone-common-0.5.0-SNAPSHOT.jar:/home/user/.m2/repository/org/apache/commons/commons-compress/1.4.1/commons-compress-1.4.1.jar:/home/user/.m2/repository/org/tukaani/xz/1.0/xz-1.0.jar:/home/user/.m2/repository/org/apache/hadoop/hadoop-common/3.2.0/hadoop-common-3.2.0.jar:/home/user/.m2/repository/org/apache/hadoop/hadoop-hdfs/3.2.0/hadoop-hdfs-3.2.0.jar:/home/user/.m2/repository/org/apache/hadoop/hadoop-hdfs-client/3.2.0/hadoop-hdfs-client-3.2.0.jar:/home/user/.m2/repository/com/fasterxml/jackson/core/jackson-annotations/2.9.5/jackson-annotations-2.9.5.jar:/home/user/.m2/repository/org/apache/hadoop/hadoop-hdds-common/0.5.0-SNAPSHOT/hadoop-hdds-common-0.5.0-SNAPSHOT.jar:/home/user/.m2/repository/javax/annotation/javax.annotation-api/1.2/javax.annotation-api-1.2.jar:/home/user/.m2/repository/org/apache/ratis/ratis-server/0.4.0-2337318-SNAPSHOT/ratis-server-0.4.0-2337318-SNAPSHOT.jar:/home/user/.m2/repository/org/apache/ratis/ratis-thirdparty-misc/0.2.0/ratis-thirdparty-misc-0.2.0.jar:/home/user/.m2/repository/org/apache/ratis/ratis-proto/0.4.0-2337318-SNAPSHOT/ratis-proto-0.4.0-2337318-SNAPSHOT.jar:/home/user/.m2/repository/org/apache/ratis/ratis-common/0.4.0-2337318-SNAPSHOT/ratis-common-0.4.0-2337318-SNAPSHOT.jar:/home/user/.m2/repository/org/apache/ratis/ratis-client/0.4.0-2337318-SNAPSHOT/ratis-client-0.4.0-2337318-SNAPSHOT.jar:/home/user/.m2/repository/org/apache/ratis/ratis-metrics/0.4.0-2337318-SNAPSHOT/ratis-metrics-0.4.0-2337318-SNAPSHOT.jar:/home/user/.m2/repository/org/apache/ratis/ratis-netty/0.4.0-2337318-SNAPSHOT/ratis-netty-0.4.0-2337318-SNAPSHOT.jar:/home/user/.m2/repository/org/apache/ratis/ratis-grpc/0.4.0-2337318-SNAPSHOT/ratis-grpc-0.4.0-2337318-SNAPSHOT.jar:/home/user/.m2/repository/org/rocksdb/rocksdbjni/6.0.1/rocksdbjni-6.0.1.jar:/home/user/.m2/repository/org/apache/logging/log4j/log4j-api/2.11.0/log4j-api-2.11.0.jar:/home/user/.m2/repository/org/apache/logging/log4j/log4j-core/2.11.0/log4j-core-2.11.0.jar:/home/user/.m2/repository/com/lmax/disruptor/3.4.2/disruptor-3.4.2.jar:/home/user/.m2/repository/org/apache/commons/commons-pool2/2.6.0/commons-pool2-2.6.0.jar:/home/user/.m2/repository/org/bouncycastle/bcpkix-jdk15on/1.60/bcpkix-jdk15on-1.60.jar:/home/user/.m2/repository/commons-validator/commons-validator/1.6/commons-validator-1.6.jar:/home/user/.m2/repository/commons-digester/commons-digester/1.8.1/commons-digester-1.8.1.jar:/home/user/.m2/repository/io/jaegertracing/jaeger-client/0.33.1/jaeger-client-0.33.1.jar:/home/user/.m2/repository/io/jaegertracing/jaeger-thrift/0.33.1/jaeger-thrift-0.33.1.jar:/home/user/.m2/repository/org/apache/thrift/libthrift/0.11.0/libthrift-0.11.0.jar:/home/user/.m2/repository/com/squareup/okhttp3/okhttp/3.9.0/okhttp-3.9.0.jar:/home/user/.m2/repository/com/squareup/okio/okio/1.13.0/okio-1.13.0.jar:/home/user/.m2/repository/io/jaegertracing/jaeger-core/0.33.1/jaeger-core-0.33.1.jar:/home/user/.m2/repository/io/jaegertracing/jaeger-tracerresolver/0.33.1/jaeger-tracerresolver-0.33.1.jar:/home/user/.m2/repository/io/opentracing/contrib/opentracing-tracerresolver/0.1.5/opentracing-tracerresolver-0.1.5.jar:/home/user/.m2/repository/io/opentracing/opentracing-util/0.31.0/opentracing-util-0.31.0.jar:/home/user/.m2/repository/io/opentracing/opentracing-api/0.31.0/opentracing-api-0.31.0.jar:/home/user/.m2/repository/io/opentracing/opentracing-noop/0.31.0/opentracing-noop-0.31.0.jar:/home/user/.m2/repository/org/apache/hadoop/hadoop-hdds-server-framework/0.5.0-SNAPSHOT/hadoop-hdds-server-framework-0.5.0-SNAPSHOT.jar:/home/user/.m2/repository/org/apache/hadoop/hadoop-hdds-container-service/0.5.0-SNAPSHOT/hadoop-hdds-container-service-0.5.0-SNAPSHOT.jar:/home/user/.m2/repository/org/apache/hadoop/hadoop-hdds-client/0.5.0-SNAPSHOT/hadoop-hdds-client-0.5.0-SNAPSHOT.jar:/home/user/.m2/repository/org/apache/hadoop/hadoop-hdds-tools/0.5.0-SNAPSHOT/hadoop-hdds-tools-0.5.0-SNAPSHOT.jar:/home/user/.m2/repository/org/apache/hadoop/hadoop-hdds-server-scm/0.5.0-SNAPSHOT/hadoop-hdds-server-scm-0.5.0-SNAPSHOT.jar:/home/user/.m2/repository/org/apache/hadoop/hadoop-hdds-docs/0.5.0-SNAPSHOT/hadoop-hdds-docs-0.5.0-SNAPSHOT.jar:/home/user/.m2/repository/io/dropwizard/metrics/metrics-core/3.2.4/metrics-core-3.2.4.jar:/home/user/.m2/repository/org/hamcrest/hamcrest-all/1.3/hamcrest-all-1.3.jar:/home/user/.m2/repository/org/bouncycastle/bcprov-jdk15on/1.60/bcprov-jdk15on-1.60.jar:/home/user/.m2/repository/info/picocli/picocli/3.9.6/picocli-3.9.6.jar:/home/user/.m2/repository/com/google/protobuf/protobuf-java/2.5.0/protobuf-java-2.5.0.jar:/home/user/.m2/repository/com/google/guava/guava/11.0.2/guava-11.0.2.jar:/home/user/.m2/repository/org/apache/hadoop/hadoop-ozone-ozone-manager/0.5.0-SNAPSHOT/hadoop-ozone-ozone-manager-0.5.0-SNAPSHOT.jar:/home/user/.m2/repository/org/apache/hadoop/hadoop-minikdc/3.2.0/hadoop-minikdc-3.2.0.jar:/home/user/.m2/repository/commons-io/commons-io/2.5/commons-io-2.5.jar:/home/user/.m2/repository/org/apache/kerby/kerb-simplekdc/1.0.1/kerb-simplekdc-1.0.1.jar:/home/user/.m2/repository/org/apache/kerby/kerb-client/1.0.1/kerb-client-1.0.1.jar:/home/user/.m2/repository/org/apache/kerby/kerby-config/1.0.1/kerby-config-1.0.1.jar:/home/user/.m2/repository/org/apache/kerby/kerb-core/1.0.1/kerb-core-1.0.1.jar:/home/user/.m2/repository/org/apache/kerby/kerby-pkix/1.0.1/kerby-pkix-1.0.1.jar:/home/user/.m2/repository/org/apache/kerby/kerby-asn1/1.0.1/kerby-asn1-1.0.1.jar:/home/user/.m2/repository/org/apache/kerby/kerby-util/1.0.1/kerby-util-1.0.1.jar:/home/user/.m2/repository/org/apache/kerby/kerb-common/1.0.1/kerb-common-1.0.1.jar:/home/user/.m2/repository/org/apache/kerby/kerb-crypto/1.0.1/kerb-crypto-1.0.1.jar:/home/user/.m2/repository/org/apache/kerby/kerb-util/1.0.1/kerb-util-1.0.1.jar:/home/user/.m2/repository/org/apache/kerby/token-provider/1.0.1/token-provider-1.0.1.jar:/home/user/.m2/repository/org/apache/kerby/kerb-admin/1.0.1/kerb-admin-1.0.1.jar:/home/user/.m2/repository/org/apache/kerby/kerb-server/1.0.1/kerb-server-1.0.1.jar:/home/user/.m2/repository/org/apache/kerby/kerb-identity/1.0.1/kerb-identity-1.0.1.jar:/home/user/.m2/repository/org/apache/kerby/kerby-xdr/1.0.1/kerby-xdr-1.0.1.jar:/home/user/.m2/repository/org/slf4j/slf4j-log4j12/1.7.25/slf4j-log4j12-1.7.25.jar:/home/user/.m2/repository/org/apache/hadoop/hadoop-ozone-objectstore-service/0.5.0-SNAPSHOT/hadoop-ozone-objectstore-service-0.5.0-SNAPSHOT.jar:/home/user/.m2/repository/org/apache/hadoop/hadoop-ozone-s3gateway/0.5.0-SNAPSHOT/hadoop-ozone-s3gateway-0.5.0-SNAPSHOT.jar:/home/user/.m2/repository/org/jboss/weld/servlet/weld-servlet/2.4.7.Final/weld-servlet-2.4.7.Final.jar:/home/user/.m2/repository/org/glassfish/jersey/containers/jersey-container-servlet-core/2.27/jersey-container-servlet-core-2.27.jar:/home/user/.m2/repository/org/glassfish/hk2/external/javax.inject/2.5.0-b42/javax.inject-2.5.0-b42.jar:/home/user/.m2/repository/org/glassfish/jersey/core/jersey-common/2.27/jersey-common-2.27.jar:/home/user/.m2/repository/org/glassfish/hk2/osgi-resource-locator/1.0.1/osgi-resource-locator-1.0.1.jar:/home/user/.m2/repository/javax/ws/rs/javax.ws.rs-api/2.1/javax.ws.rs-api-2.1.jar:/home/user/.m2/repository/org/glassfish/jersey/ext/cdi/jersey-cdi1x/2.27/jersey-cdi1x-2.27.jar:/home/user/.m2/repository/org/glassfish/jersey/inject/jersey-hk2/2.27/jersey-hk2-2.27.jar:/home/user/.m2/repository/org/glassfish/hk2/hk2-locator/2.5.0-b42/hk2-locator-2.5.0-b42.jar:/home/user/.m2/repository/org/javassist/javassist/3.22.0-CR2/javassist-3.22.0-CR2.jar:/home/user/.m2/repository/org/glassfish/hk2/hk2-api/2.5.0/hk2-api-2.5.0.jar:/home/user/.m2/repository/org/glassfish/hk2/external/jakarta.inject/2.5.0/jakarta.inject-2.5.0.jar:/home/user/.m2/repository/org/glassfish/hk2/hk2-utils/2.5.0/hk2-utils-2.5.0.jar:/home/user/.m2/repository/jakarta/annotation/jakarta.annotation-api/1.3.4/jakarta.annotation-api-1.3.4.jar:/home/user/.m2/repository/org/glassfish/hk2/external/aopalliance-repackaged/2.5.0/aopalliance-repackaged-2.5.0.jar:/home/user/.m2/repository/com/fasterxml/jackson/dataformat/jackson-dataformat-xml/2.9.0/jackson-dataformat-xml-2.9.0.jar:/home/user/.m2/repository/com/fasterxml/jackson/core/jackson-core/2.9.5/jackson-core-2.9.5.jar:/home/user/.m2/repository/com/fasterxml/jackson/module/jackson-module-jaxb-annotations/2.9.5/jackson-module-jaxb-annotations-2.9.5.jar:/home/user/.m2/repository/javax/enterprise/cdi-api/1.2/cdi-api-1.2.jar:/home/user/.m2/repository/javax/el/javax.el-api/3.0.0/javax.el-api-3.0.0.jar:/home/user/.m2/repository/javax/interceptor/javax.interceptor-api/1.2/javax.interceptor-api-1.2.jar:/home/user/.m2/repository/javax/inject/javax.inject/1/javax.inject-1.jar:/home/user/.m2/repository/com/sun/xml/bind/jaxb-impl/2.3.0.1/jaxb-impl-2.3.0.1.jar:/home/user/.m2/repository/com/sun/xml/bind/jaxb-core/2.3.0.1/jaxb-core-2.3.0.1.jar:/home/user/.m2/repository/javax/xml/bind/jaxb-api/2.3.0/jaxb-api-2.3.0.jar:/home/user/.m2/repository/javax/activation/activation/1.1.1/activation-1.1.1.jar:/home/user/.m2/repository/org/apache/hadoop/hadoop-ozone-csi/0.5.0-SNAPSHOT/hadoop-ozone-csi-0.5.0-SNAPSHOT.jar:/home/user/.m2/repository/com/google/protobuf/protobuf-java-util/3.5.1/protobuf-java-util-3.5.1.jar:/home/user/.m2/repository/org/apache/hadoop/hadoop-hdds-config/0.5.0-SNAPSHOT/hadoop-hdds-config-0.5.0-SNAPSHOT.jar:/home/user/.m2/repository/io/grpc/grpc-netty/1.17.1/grpc-netty-1.17.1.jar:/home/user/.m2/repository/io/grpc/grpc-core/1.17.1/grpc-core-1.17.1.jar:/home/user/.m2/repository/io/grpc/grpc-context/1.17.1/grpc-context-1.17.1.jar:/home/user/.m2/repository/com/google/errorprone/error_prone_annotations/2.2.0/error_prone_annotations-2.2.0.jar:/home/user/.m2/repository/org/codehaus/mojo/animal-sniffer-annotations/1.17/animal-sniffer-annotations-1.17.jar:/home/user/.m2/repository/io/opencensus/opencensus-api/0.17.0/opencensus-api-0.17.0.jar:/home/user/.m2/repository/io/opencensus/opencensus-contrib-grpc-metrics/0.17.0/opencensus-contrib-grpc-metrics-0.17.0.jar:/home/user/.m2/repository/io/netty/netty-codec-http2/4.1.30.Final/netty-codec-http2-4.1.30.Final.jar:/home/user/.m2/repository/io/netty/netty-codec-http/4.1.30.Final/netty-codec-http-4.1.30.Final.jar:/home/user/.m2/repository/io/netty/netty-codec/4.1.30.Final/netty-codec-4.1.30.Final.jar:/home/user/.m2/repository/io/netty/netty-handler/4.1.30.Final/netty-handler-4.1.30.Final.jar:/home/user/.m2/repository/io/netty/netty-handler-proxy/4.1.30.Final/netty-handler-proxy-4.1.30.Final.jar:/home/user/.m2/repository/io/netty/netty-codec-socks/4.1.30.Final/netty-codec-socks-4.1.30.Final.jar:/home/user/.m2/repository/io/netty/netty-transport-native-epoll/4.1.30.Final/netty-transport-native-epoll-4.1.30.Final.jar:/home/user/.m2/repository/io/netty/netty-common/4.1.30.Final/netty-common-4.1.30.Final.jar:/home/user/.m2/repository/io/netty/netty-buffer/4.1.30.Final/netty-buffer-4.1.30.Final.jar:/home/user/.m2/repository/io/netty/netty-transport/4.1.30.Final/netty-transport-4.1.30.Final.jar:/home/user/.m2/repository/io/netty/netty-resolver/4.1.30.Final/netty-resolver-4.1.30.Final.jar:/home/user/.m2/repository/io/netty/netty-transport-native-unix-common/4.1.30.Final/netty-transport-native-unix-common-4.1.30.Final.jar:/home/user/.m2/repository/io/grpc/grpc-protobuf/1.17.1/grpc-protobuf-1.17.1.jar:/home/user/.m2/repository/com/google/api/grpc/proto-google-common-protos/1.0.0/proto-google-common-protos-1.0.0.jar:/home/user/.m2/repository/io/grpc/grpc-protobuf-lite/1.17.1/grpc-protobuf-lite-1.17.1.jar:/home/user/.m2/repository/io/grpc/grpc-stub/1.17.1/grpc-stub-1.17.1.jar:/home/user/.m2/repository/org/apache/hadoop/hadoop-ozone-recon/0.5.0-SNAPSHOT/hadoop-ozone-recon-0.5.0-SNAPSHOT.jar:/home/user/.m2/repository/org/apache/hadoop/hadoop-ozone-reconcodegen/0.5.0-SNAPSHOT/hadoop-ozone-reconcodegen-0.5.0-SNAPSHOT.jar:/home/user/.m2/repository/com/google/inject/extensions/guice-multibindings/4.0/guice-multibindings-4.0.jar:/home/user/.m2/repository/com/google/inject/guice/4.0/guice-4.0.jar:/home/user/.m2/repository/aopalliance/aopalliance/1.0/aopalliance-1.0.jar:/home/user/.m2/repository/com/google/inject/extensions/guice-servlet/4.0/guice-servlet-4.0.jar:/home/user/.m2/repository/org/glassfish/jersey/containers/jersey-container-servlet/2.27/jersey-container-servlet-2.27.jar:/home/user/.m2/repository/org/glassfish/hk2/guice-bridge/2.5.0/guice-bridge-2.5.0.jar:/home/user/.m2/repository/org/glassfish/jersey/core/jersey-server/2.27/jersey-server-2.27.jar:/home/user/.m2/repository/org/glassfish/jersey/core/jersey-client/2.27/jersey-client-2.27.jar:/home/user/.m2/repository/org/glassfish/jersey/media/jersey-media-jaxb/2.27/jersey-media-jaxb-2.27.jar:/home/user/.m2/repository/javax/validation/validation-api/1.1.0.Final/validation-api-1.1.0.Final.jar:/home/user/.m2/repository/org/glassfish/jersey/media/jersey-media-json-jackson/2.27/jersey-media-json-jackson-2.27.jar:/home/user/.m2/repository/org/glassfish/jersey/ext/jersey-entity-filtering/2.27/jersey-entity-filtering-2.27.jar:/home/user/.m2/repository/com/google/inject/extensions/guice-assistedinject/4.0/guice-assistedinject-4.0.jar:/home/user/.m2/repository/org/jooq/jooq/3.11.10/jooq-3.11.10.jar:/home/user/.m2/repository/org/jooq/jooq-meta/3.11.10/jooq-meta-3.11.10.jar:/home/user/.m2/repository/org/jooq/jooq-codegen/3.11.10/jooq-codegen-3.11.10.jar:/home/user/.m2/repository/com/jolbox/bonecp/0.8.0.RELEASE/bonecp-0.8.0.RELEASE.jar:/home/user/.m2/repository/org/xerial/sqlite-jdbc/3.25.2/sqlite-jdbc-3.25.2.jar:/home/user/.m2/repository/org/springframework/spring-jdbc/5.1.3.RELEASE/spring-jdbc-5.1.3.RELEASE.jar:/home/user/.m2/repository/org/springframework/spring-beans/5.1.3.RELEASE/spring-beans-5.1.3.RELEASE.jar:/home/user/.m2/repository/org/springframework/spring-core/5.1.3.RELEASE/spring-core-5.1.3.RELEASE.jar:/home/user/.m2/repository/org/springframework/spring-jcl/5.1.3.RELEASE/spring-jcl-5.1.3.RELEASE.jar:/home/user/.m2/repository/org/springframework/spring-tx/5.1.3.RELEASE/spring-tx-5.1.3.RELEASE.jar:/home/user/.m2/repository/org/apache/hadoop/hadoop-ozone-client/0.5.0-SNAPSHOT/hadoop-ozone-client-0.5.0-SNAPSHOT.jar:/home/user/.m2/repository/commons-lang/commons-lang/2.6/commons-lang-2.6.jar:/home/user/.m2/repository/org/apache/hadoop/hadoop-ozone-ozone-manager/0.5.0-SNAPSHOT/hadoop-ozone-ozone-manager-0.5.0-SNAPSHOT-tests.jar:/home/user/.m2/repository/junit/junit/4.11/junit-4.11.jar:/home/user/.m2/repository/org/hamcrest/hamcrest-core/1.3/hamcrest-core-1.3.jar:/home/user/.m2/repository/org/openjdk/jmh/jmh-core/1.19/jmh-core-1.19.jar:/home/user/.m2/repository/net/sf/jopt-simple/jopt-simple/4.6/jopt-simple-4.6.jar:/home/user/.m2/repository/org/apache/commons/commons-math3/3.1.1/commons-math3-3.1.1.jar:/home/user/.m2/repository/org/openjdk/jmh/jmh-generator-annprocess/1.19/jmh-generator-annprocess-1.19.jar:/home/user/.m2/repository/org/mockito/mockito-all/1.8.5/mockito-all-1.8.5.jar:/home/user/.m2/repository/org/apache/hadoop/hadoop-kms/3.2.0/hadoop-kms-3.2.0.jar:/home/user/.m2/repository/org/apache/hadoop/hadoop-auth/3.2.0/hadoop-auth-3.2.0.jar:/home/user/.m2/repository/com/nimbusds/nimbus-jose-jwt/4.41.1/nimbus-jose-jwt-4.41.1.jar:/home/user/.m2/repository/com/github/stephenc/jcip/jcip-annotations/1.0-1/jcip-annotations-1.0-1.jar:/home/user/.m2/repository/net/minidev/json-smart/2.3/json-smart-2.3.jar:/home/user/.m2/repository/net/minidev/accessors-smart/1.2/accessors-smart-1.2.jar:/home/user/.m2/repository/org/ow2/asm/asm/5.0.4/asm-5.0.4.jar:/home/user/.m2/repository/org/apache/curator/curator-framework/2.12.0/curator-framework-2.12.0.jar:/home/user/.m2/repository/com/sun/jersey/jersey-core/1.19/jersey-core-1.19.jar:/home/user/.m2/repository/javax/ws/rs/jsr311-api/1.1.1/jsr311-api-1.1.1.jar:/home/user/.m2/repository/com/sun/jersey/jersey-server/1.19/jersey-server-1.19.jar:/home/user/.m2/repository/javax/servlet/javax.servlet-api/3.1.0/javax.servlet-api-3.1.0.jar:/home/user/.m2/repository/org/eclipse/jetty/jetty-server/9.3.24.v20180605/jetty-server-9.3.24.v20180605.jar:/home/user/.m2/repository/org/eclipse/jetty/jetty-http/9.3.24.v20180605/jetty-http-9.3.24.v20180605.jar:/home/user/.m2/repository/org/eclipse/jetty/jetty-io/9.3.24.v20180605/jetty-io-9.3.24.v20180605.jar:/home/user/.m2/repository/org/eclipse/jetty/jetty-webapp/9.3.24.v20180605/jetty-webapp-9.3.24.v20180605.jar:/home/user/.m2/repository/org/eclipse/jetty/jetty-xml/9.3.24.v20180605/jetty-xml-9.3.24.v20180605.jar:/home/user/.m2/repository/log4j/log4j/1.2.17/log4j-1.2.17.jar:/home/user/.m2/repository/org/slf4j/slf4j-api/1.7.25/slf4j-api-1.7.25.jar:/home/user/.m2/repository/org/slf4j/jul-to-slf4j/1.7.25/jul-to-slf4j-1.7.25.jar:/home/user/.m2/repository/org/eclipse/jetty/jetty-util/9.3.24.v20180605/jetty-util-9.3.24.v20180605.jar:/home/user/.m2/repository/com/fasterxml/jackson/core/jackson-databind/2.9.5/jackson-databind-2.9.5.jar:/home/user/.m2/repository/org/apache/hadoop/hadoop-kms/3.2.0/hadoop-kms-3.2.0-tests.jar:/home/user/.m2/repository/org/apache/hadoop/hadoop-hdds-server-scm/0.5.0-SNAPSHOT/hadoop-hdds-server-scm-0.5.0-SNAPSHOT-tests.jar:/home/user/.m2/repository/org/apache/hadoop/hadoop-hdds-container-service/0.5.0-SNAPSHOT/hadoop-hdds-container-service-0.5.0-SNAPSHOT-tests.jar:/home/user/.m2/repository/org/yaml/snakeyaml/1.16/snakeyaml-1.16.jar:/home/user/.m2/repository/org/apache/hadoop/hadoop-common/3.2.0/hadoop-common-3.2.0-tests.jar:/home/user/.m2/repository/org/apache/hadoop/hadoop-annotations/3.2.0/hadoop-annotations-3.2.0.jar:/usr/lib/jvm/java-1.8-openjdk/jre/../lib/tools.jar:/home/user/.m2/repository/commons-cli/commons-cli/1.2/commons-cli-1.2.jar:/home/user/.m2/repository/org/apache/httpcomponents/httpclient/4.5.2/httpclient-4.5.2.jar:/home/user/.m2/repository/org/apache/httpcomponents/httpcore/4.4.4/httpcore-4.4.4.jar:/home/user/.m2/repository/commons-codec/commons-codec/1.11/commons-codec-1.11.jar:/home/user/.m2/repository/commons-net/commons-net/3.6/commons-net-3.6.jar:/home/user/.m2/repository/commons-collections/commons-collections/3.2.2/commons-collections-3.2.2.jar:/home/user/.m2/repository/org/eclipse/jetty/jetty-servlet/9.3.24.v20180605/jetty-servlet-9.3.24.v20180605.jar:/home/user/.m2/repository/org/eclipse/jetty/jetty-security/9.3.24.v20180605/jetty-security-9.3.24.v20180605.jar:/home/user/.m2/repository/javax/servlet/jsp/jsp-api/2.1/jsp-api-2.1.jar:/home/user/.m2/repository/com/sun/jersey/jersey-servlet/1.19/jersey-servlet-1.19.jar:/home/user/.m2/repository/com/sun/jersey/jersey-json/1.19/jersey-json-1.19.jar:/home/user/.m2/repository/org/codehaus/jettison/jettison/1.1/jettison-1.1.jar:/home/user/.m2/repository/org/codehaus/jackson/jackson-core-asl/1.9.13/jackson-core-asl-1.9.13.jar:/home/user/.m2/repository/org/codehaus/jackson/jackson-mapper-asl/1.9.13/jackson-mapper-asl-1.9.13.jar:/home/user/.m2/repository/org/codehaus/jackson/jackson-jaxrs/1.9.13/jackson-jaxrs-1.9.13.jar:/home/user/.m2/repository/org/codehaus/jackson/jackson-xc/1.9.13/jackson-xc-1.9.13.jar:/home/user/.m2/repository/commons-logging/commons-logging/1.1.3/commons-logging-1.1.3.jar:/home/user/.m2/repository/commons-beanutils/commons-beanutils/1.9.3/commons-beanutils-1.9.3.jar:/home/user/.m2/repository/org/apache/commons/commons-configuration2/2.1.1/commons-configuration2-2.1.1.jar:/home/user/.m2/repository/org/apache/commons/commons-lang3/3.7/commons-lang3-3.7.jar:/home/user/.m2/repository/org/apache/commons/commons-text/1.4/commons-text-1.4.jar:/home/user/.m2/repository/org/apache/avro/avro/1.7.7/avro-1.7.7.jar:/home/user/.m2/repository/com/thoughtworks/paranamer/paranamer/2.3/paranamer-2.3.jar:/home/user/.m2/repository/org/xerial/snappy/snappy-java/1.0.5/snappy-java-1.0.5.jar:/home/user/.m2/repository/com/google/re2j/re2j/1.1/re2j-1.1.jar:/home/user/.m2/repository/com/google/code/gson/gson/2.2.4/gson-2.2.4.jar:/home/user/.m2/repository/com/jcraft/jsch/0.1.54/jsch-0.1.54.jar:/home/user/.m2/repository/org/apache/curator/curator-client/2.12.0/curator-client-2.12.0.jar:/home/user/.m2/repository/org/apache/curator/curator-recipes/2.12.0/curator-recipes-2.12.0.jar:/home/user/.m2/repository/com/google/code/findbugs/jsr305/3.0.0/jsr305-3.0.0.jar:/home/user/.m2/repository/org/apache/htrace/htrace-core4/4.1.0-incubating/htrace-core4-4.1.0-incubating.jar:/home/user/.m2/repository/org/apache/zookeeper/zookeeper/3.4.13/zookeeper-3.4.13.jar:/home/user/.m2/repository/org/apache/yetus/audience-annotations/0.5.0/audience-annotations-0.5.0.jar:/home/user/.m2/repository/org/codehaus/woodstox/stax2-api/3.1.4/stax2-api-3.1.4.jar:/home/user/.m2/repository/com/fasterxml/woodstox/woodstox-core/5.0.3/woodstox-core-5.0.3.jar:/home/user/.m2/repository/dnsjava/dnsjava/2.1.7/dnsjava-2.1.7.jar:/home/user/.m2/repository/org/apache/hadoop/hadoop-hdfs/3.2.0/hadoop-hdfs-3.2.0-tests.jar:/home/user/.m2/repository/org/eclipse/jetty/jetty-util-ajax/9.3.24.v20180605/jetty-util-ajax-9.3.24.v20180605.jar:/home/user/.m2/repository/commons-daemon/commons-daemon/1.0.13/commons-daemon-1.0.13.jar:/home/user/.m2/repository/io/netty/netty/3.10.5.Final/netty-3.10.5.Final.jar:/home/user/.m2/repository/io/netty/netty-all/4.0.52.Final/netty-all-4.0.52.Final.jar:/home/user/.m2/repository/org/fusesource/leveldbjni/leveldbjni-all/1.8/leveldbjni-all-1.8.jar:"/>
    <property name="sun.cpu.endian" value="little"/>
    <property name="user.home" value="/home/user"/>
    <property name="user.language" value="en"/>
    <property name="java.specification.vendor" value="Oracle Corporation"/>
    <property name="java.home" value="/usr/lib/jvm/java-1.8-openjdk/jre"/>
    <property name="java.security.krb5.conf" value="/workdir/hadoop-ozone/integration-test/target/test-classes/krb5.conf"/>
    <property name="basedir" value="/workdir/hadoop-ozone/integration-test"/>
    <property name="file.separator" value="/"/>
    <property name="line.separator" value="&#10;"/>
    <property name="java.vm.specification.vendor" value="Oracle Corporation"/>
    <property name="java.specification.name" value="Java Platform API Specification"/>
    <property name="java.awt.graphicsenv" value="sun.awt.X11GraphicsEnvironment"/>
    <property name="surefire.real.class.path" value="/workdir/hadoop-ozone/integration-test/target/surefire/surefirebooter421197831856785280.jar"/>
    <property name="hadoop.log.dir" value="/workdir/hadoop-ozone/integration-test/target/log"/>
    <property name="sun.boot.class.path" value="/usr/lib/jvm/java-1.8-openjdk/jre/lib/resources.jar:/usr/lib/jvm/java-1.8-openjdk/jre/lib/rt.jar:/usr/lib/jvm/java-1.8-openjdk/jre/lib/sunrsasign.jar:/usr/lib/jvm/java-1.8-openjdk/jre/lib/jsse.jar:/usr/lib/jvm/java-1.8-openjdk/jre/lib/jce.jar:/usr/lib/jvm/java-1.8-openjdk/jre/lib/charsets.jar:/usr/lib/jvm/java-1.8-openjdk/jre/lib/jfr.jar:/usr/lib/jvm/java-1.8-openjdk/jre/classes"/>
    <property name="sun.management.compiler" value="HotSpot 64-Bit Tiered Compilers"/>
    <property name="java.runtime.version" value="1.8.0_212-b04"/>
    <property name="java.net.preferIPv4Stack" value="true"/>
    <property name="user.name" value="jenkins1000"/>
    <property name="path.separator" value=":"/>
    <property name="java.security.egd" value="file:///dev/urandom"/>
    <property name="os.version" value="3.10.0-957.12.2.el7.x86_64"/>
    <property name="java.endorsed.dirs" value="/usr/lib/jvm/java-1.8-openjdk/jre/lib/endorsed"/>
    <property name="java.runtime.name" value="OpenJDK Runtime Environment"/>
    <property name="file.encoding" value="UTF-8"/>
    <property name="java.vm.name" value="OpenJDK 64-Bit Server VM"/>
    <property name="test.build.webapps" value=""/>
    <property name="localRepository" value="/home/user/.m2/repository"/>
    <property name="java.vendor.url.bug" value="https://icedtea.classpath.org/bugzilla"/>
    <property name="java.io.tmpdir" value="/tmp"/>
    <property name="require.test.libhadoop" value=""/>
    <property name="java.version" value="1.8.0_212"/>
    <property name="user.dir" value="/workdir/hadoop-ozone/integration-test"/>
    <property name="os.arch" value="amd64"/>
    <property name="java.vm.specification.name" value="Java Virtual Machine Specification"/>
    <property name="test.build.classes" value="/workdir/hadoop-ozone/integration-test/target/test-classes"/>
    <property name="java.awt.printerjob" value="sun.print.PSPrinterJob"/>
    <property name="sun.os.patch.level" value="unknown"/>
    <property name="hadoop.tmp.dir" value="/workdir/hadoop-ozone/integration-test/target/tmp"/>
    <property name="java.library.path" value="/usr/lib/jvm/java-1.8-openjdk/jre/lib/amd64/server:/usr/lib/jvm/java-1.8-openjdk/jre/lib/amd64:/usr/lib/jvm/java-1.8-openjdk/jre/../lib/amd64:/workdir/hadoop-ozone/integration-test/target/native/target/usr/local/lib:/workdir/hadoop-ozone/integration-test/../../hadoop-common-project/hadoop-common/target/native/target/usr/local/lib:/usr/java/packages/lib/amd64:/usr/lib64:/lib64:/lib:/usr/lib"/>
    <property name="java.vm.info" value="mixed mode"/>
    <property name="java.vendor" value="IcedTea"/>
    <property name="java.vm.version" value="25.212-b04"/>
    <property name="java.ext.dirs" value="/usr/lib/jvm/java-1.8-openjdk/jre/lib/ext:/usr/java/packages/lib/ext"/>
    <property name="sun.io.unicode.encoding" value="UnicodeLittle"/>
    <property name="java.class.version" value="52.0"/>
  </properties>
  <testcase name="testContainerStateMachineFailures" classname="org.apache.hadoop.ozone.client.rpc.TestContainerStateMachine" time="76.023">
    <error message="Allocated 0 blocks. Requested 1 blocks" type="INTERNAL_ERROR org.apache.hadoop.ozone.om.exceptions.OMException">INTERNAL_ERROR org.apache.hadoop.ozone.om.exceptions.OMException: Allocated 0 blocks. Requested 1 blocks
	at org.apache.hadoop.ozone.om.protocolPB.OzoneManagerProtocolClientSideTranslatorPB.handleError(OzoneManagerProtocolClientSideTranslatorPB.java:725)
	at org.apache.hadoop.ozone.om.protocolPB.OzoneManagerProtocolClientSideTranslatorPB.allocateBlock(OzoneManagerProtocolClientSideTranslatorPB.java:757)
	at org.apache.hadoop.ozone.client.io.BlockOutputStreamEntryPool.allocateNewBlock(BlockOutputStreamEntryPool.java:248)
	at org.apache.hadoop.ozone.client.io.BlockOutputStreamEntryPool.allocateBlockIfNeeded(BlockOutputStreamEntryPool.java:296)
	at org.apache.hadoop.ozone.client.io.KeyOutputStream.handleWrite(KeyOutputStream.java:201)
	at org.apache.hadoop.ozone.client.io.KeyOutputStream.handleRetry(KeyOutputStream.java:376)
	at org.apache.hadoop.ozone.client.io.KeyOutputStream.handleException(KeyOutputStream.java:325)
	at org.apache.hadoop.ozone.client.io.KeyOutputStream.handleFlushOrClose(KeyOutputStream.java:448)
	at org.apache.hadoop.ozone.client.io.KeyOutputStream.close(KeyOutputStream.java:472)
	at org.apache.hadoop.ozone.client.io.OzoneOutputStream.close(OzoneOutputStream.java:60)
	at org.apache.hadoop.ozone.client.rpc.TestContainerStateMachine.testContainerStateMachineFailures(TestContainerStateMachine.java:142)
	at sun.reflect.NativeMethodAccessorImpl.invoke0(Native Method)
	at sun.reflect.NativeMethodAccessorImpl.invoke(NativeMethodAccessorImpl.java:62)
	at sun.reflect.DelegatingMethodAccessorImpl.invoke(DelegatingMethodAccessorImpl.java:43)
	at java.lang.reflect.Method.invoke(Method.java:498)
	at org.junit.runners.model.FrameworkMethod$1.runReflectiveCall(FrameworkMethod.java:47)
	at org.junit.internal.runners.model.ReflectiveCallable.run(ReflectiveCallable.java:12)
	at org.junit.runners.model.FrameworkMethod.invokeExplosively(FrameworkMethod.java:44)
	at org.junit.internal.runners.statements.InvokeMethod.evaluate(InvokeMethod.java:17)
	at org.junit.runners.ParentRunner.runLeaf(ParentRunner.java:271)
	at org.junit.runners.BlockJUnit4ClassRunner.runChild(BlockJUnit4ClassRunner.java:70)
	at org.junit.runners.BlockJUnit4ClassRunner.runChild(BlockJUnit4ClassRunner.java:50)
	at org.junit.runners.ParentRunner$3.run(ParentRunner.java:238)
	at org.junit.runners.ParentRunner$1.schedule(ParentRunner.java:63)
	at org.junit.runners.ParentRunner.runChildren(ParentRunner.java:236)
	at org.junit.runners.ParentRunner.access$000(ParentRunner.java:53)
	at org.junit.runners.ParentRunner$2.evaluate(ParentRunner.java:229)
	at org.junit.internal.runners.statements.RunBefores.evaluate(RunBefores.java:26)
	at org.junit.internal.runners.statements.RunAfters.evaluate(RunAfters.java:27)
	at org.junit.runners.ParentRunner.run(ParentRunner.java:309)
	at org.apache.maven.surefire.junit4.JUnit4Provider.execute(JUnit4Provider.java:365)
	at org.apache.maven.surefire.junit4.JUnit4Provider.executeWithRerun(JUnit4Provider.java:273)
	at org.apache.maven.surefire.junit4.JUnit4Provider.executeTestSet(JUnit4Provider.java:238)
	at org.apache.maven.surefire.junit4.JUnit4Provider.invoke(JUnit4Provider.java:159)
	at org.apache.maven.surefire.booter.ForkedBooter.invokeProviderInSameClassLoader(ForkedBooter.java:384)
	at org.apache.maven.surefire.booter.ForkedBooter.runSuitesInProcess(ForkedBooter.java:345)
	at org.apache.maven.surefire.booter.ForkedBooter.execute(ForkedBooter.java:126)
	at org.apache.maven.surefire.booter.ForkedBooter.main(ForkedBooter.java:418)
</error>
    <system-out><![CDATA[2019-09-04 07:25:34,791 [main] WARN  server.ServerUtils (ServerUtils.java:getScmDbDir(145)) - ozone.scm.db.dirs is not configured. We recommend adding this setting. Falling back to ozone.metadata.dirs instead.
2019-09-04 07:25:34,856 [main] WARN  server.ServerUtils (ServerUtils.java:getScmDbDir(145)) - ozone.scm.db.dirs is not configured. We recommend adding this setting. Falling back to ozone.metadata.dirs instead.
2019-09-04 07:25:34,859 [main] WARN  server.ServerUtils (ServerUtils.java:getScmDbDir(145)) - ozone.scm.db.dirs is not configured. We recommend adding this setting. Falling back to ozone.metadata.dirs instead.
2019-09-04 07:25:34,874 [main] INFO  util.log (Log.java:initialized(192)) - Logging initialized @2976ms
2019-09-04 07:25:35,000 [main] INFO  db.DBStoreBuilder (DBStoreBuilder.java:addTable(110)) - using custom profile for table: deletedBlocks
2019-09-04 07:25:35,000 [main] INFO  db.DBStoreBuilder (DBStoreBuilder.java:processTables(161)) - Using default column profile:DBProfile.DISK for Table:deletedBlocks
2019-09-04 07:25:35,001 [main] INFO  db.DBStoreBuilder (DBStoreBuilder.java:addTable(110)) - using custom profile for table: validCerts
2019-09-04 07:25:35,001 [main] INFO  db.DBStoreBuilder (DBStoreBuilder.java:processTables(161)) - Using default column profile:DBProfile.DISK for Table:validCerts
2019-09-04 07:25:35,001 [main] INFO  db.DBStoreBuilder (DBStoreBuilder.java:addTable(110)) - using custom profile for table: revokedCerts
2019-09-04 07:25:35,001 [main] INFO  db.DBStoreBuilder (DBStoreBuilder.java:processTables(161)) - Using default column profile:DBProfile.DISK for Table:revokedCerts
2019-09-04 07:25:35,016 [main] INFO  db.DBStoreBuilder (DBStoreBuilder.java:addTable(110)) - using custom profile for table: default
2019-09-04 07:25:35,016 [main] INFO  db.DBStoreBuilder (DBStoreBuilder.java:processTables(167)) - Using default column profile:DBProfile.DISK for Table:default
2019-09-04 07:25:35,018 [main] INFO  db.DBStoreBuilder (DBStoreBuilder.java:getDbProfile(198)) - Using default options. DBProfile.DISK
2019-09-04 07:25:35,434 [main] INFO  net.NodeSchemaLoader (NodeSchemaLoader.java:loadSchemaFromFile(125)) - Loading file from sun.misc.CompoundEnumeration@773f7880
2019-09-04 07:25:35,437 [main] INFO  net.NodeSchemaLoader (NodeSchemaLoader.java:loadSchema(171)) - Loading network topology layer schema file
2019-09-04 07:25:35,527 [main] INFO  node.SCMNodeManager (SCMNodeManager.java:<init>(121)) - Entering startup safe mode.
2019-09-04 07:25:35,551 [main] INFO  algorithms.ContainerPlacementPolicyFactory (ContainerPlacementPolicyFactory.java:getPolicy(55)) - Create container placement policy of type org.apache.hadoop.hdds.scm.container.placement.algorithms.SCMContainerPlacementRandom
2019-09-04 07:25:35,572 [main] WARN  server.ServerUtils (ServerUtils.java:getScmDbDir(145)) - ozone.scm.db.dirs is not configured. We recommend adding this setting. Falling back to ozone.metadata.dirs instead.
2019-09-04 07:25:35,816 [main] INFO  pipeline.SCMPipelineManager (SCMPipelineManager.java:initializePipelineState(126)) - No pipeline exists in current db
2019-09-04 07:25:35,820 [main] WARN  server.ServerUtils (ServerUtils.java:getScmDbDir(145)) - ozone.scm.db.dirs is not configured. We recommend adding this setting. Falling back to ozone.metadata.dirs instead.
2019-09-04 07:25:36,145 [main] WARN  events.EventQueue (EventQueue.java:fireEvent(175)) - No event handler registered for event TypedEvent{payloadType=SafeModeStatus, name='SafeModeStatus'}
2019-09-04 07:25:36,259 [main] INFO  ipc.CallQueueManager (CallQueueManager.java:<init>(84)) - Using callQueue: class java.util.concurrent.LinkedBlockingQueue, queueCapacity: 2000, scheduler: class org.apache.hadoop.ipc.DefaultRpcScheduler, ipcBackoff: false.
2019-09-04 07:25:36,297 [Socket Reader #1 for port 46305] INFO  ipc.Server (Server.java:run(1074)) - Starting Socket Reader #1 for port 46305
2019-09-04 07:25:36,321 [main] INFO  ipc.CallQueueManager (CallQueueManager.java:<init>(84)) - Using callQueue: class java.util.concurrent.LinkedBlockingQueue, queueCapacity: 2000, scheduler: class org.apache.hadoop.ipc.DefaultRpcScheduler, ipcBackoff: false.
2019-09-04 07:25:36,322 [Socket Reader #1 for port 36288] INFO  ipc.Server (Server.java:run(1074)) - Starting Socket Reader #1 for port 36288
2019-09-04 07:25:36,329 [main] INFO  ipc.CallQueueManager (CallQueueManager.java:<init>(84)) - Using callQueue: class java.util.concurrent.LinkedBlockingQueue, queueCapacity: 2000, scheduler: class org.apache.hadoop.ipc.DefaultRpcScheduler, ipcBackoff: false.
2019-09-04 07:25:36,330 [Socket Reader #1 for port 39644] INFO  ipc.Server (Server.java:run(1074)) - Starting Socket Reader #1 for port 39644
2019-09-04 07:25:36,350 [main] INFO  hdfs.DFSUtil (DFSUtil.java:httpServerTemplateForNNAndJN(1641)) - Starting Web-server for scm at: http://0.0.0.0:0
2019-09-04 07:25:36,496 [main] INFO  server.AuthenticationFilter (AuthenticationFilter.java:constructSecretProvider(240)) - Unable to initialize FileSignerSecretProvider, falling back to use random secrets.
2019-09-04 07:25:36,505 [main] WARN  http.HttpRequestLog (HttpRequestLog.java:getRequestLog(97)) - Jetty request log can only be enabled using Log4j
2019-09-04 07:25:36,513 [main] INFO  http.HttpServer2 (HttpServer2.java:addGlobalFilter(975)) - Added global filter 'safety' (class=org.apache.hadoop.http.HttpServer2$QuotingInputFilter)
2019-09-04 07:25:36,516 [main] INFO  http.HttpServer2 (HttpServer2.java:addFilter(948)) - Added filter static_user_filter (class=org.apache.hadoop.http.lib.StaticUserWebFilter$StaticUserFilter) to context scm
2019-09-04 07:25:36,517 [main] INFO  http.HttpServer2 (HttpServer2.java:addFilter(958)) - Added filter static_user_filter (class=org.apache.hadoop.http.lib.StaticUserWebFilter$StaticUserFilter) to context logs
2019-09-04 07:25:36,517 [main] INFO  http.HttpServer2 (HttpServer2.java:addFilter(958)) - Added filter static_user_filter (class=org.apache.hadoop.http.lib.StaticUserWebFilter$StaticUserFilter) to context static
2019-09-04 07:25:36,547 [main] INFO  server.StorageContainerManager (StorageContainerManager.java:start(759)) - StorageContainerLocationProtocol RPC server is listening at /0.0.0.0:39644
2019-09-04 07:25:36,611 [main] WARN  impl.MetricsConfig (MetricsConfig.java:loadFirst(134)) - Cannot locate configuration: tried hadoop-metrics2-storagecontainermanager.properties,hadoop-metrics2.properties
2019-09-04 07:25:36,625 [main] INFO  impl.MetricsSystemImpl (MetricsSystemImpl.java:startTimer(374)) - Scheduled Metric snapshot period at 10 second(s).
2019-09-04 07:25:36,625 [main] INFO  impl.MetricsSystemImpl (MetricsSystemImpl.java:start(191)) - StorageContainerManager metrics system started
2019-09-04 07:25:36,675 [main] INFO  server.SCMClientProtocolServer (SCMClientProtocolServer.java:start(151)) - RPC server for Client  is listening at /0.0.0.0:39644
2019-09-04 07:25:36,675 [IPC Server Responder] INFO  ipc.Server (Server.java:run(1314)) - IPC Server Responder: starting
2019-09-04 07:25:36,676 [IPC Server listener on 39644] INFO  ipc.Server (Server.java:run(1153)) - IPC Server listener on 39644: starting
2019-09-04 07:25:36,680 [main] INFO  server.StorageContainerManager (StorageContainerManager.java:start(769)) - ScmBlockLocationProtocol RPC server is listening at /0.0.0.0:36288
2019-09-04 07:25:36,680 [main] INFO  server.SCMBlockProtocolServer (SCMBlockProtocolServer.java:start(140)) - RPC server for Block Protocol is listening at /0.0.0.0:36288
2019-09-04 07:25:36,680 [IPC Server Responder] INFO  ipc.Server (Server.java:run(1314)) - IPC Server Responder: starting
2019-09-04 07:25:36,681 [IPC Server listener on 36288] INFO  ipc.Server (Server.java:run(1153)) - IPC Server listener on 36288: starting
2019-09-04 07:25:36,684 [main] INFO  server.StorageContainerManager (StorageContainerManager.java:start(773)) - ScmDatanodeProtocl RPC server is listening at /0.0.0.0:46305
2019-09-04 07:25:36,684 [main] INFO  server.SCMDatanodeProtocolServer (SCMDatanodeProtocolServer.java:start(191)) - RPC server for DataNodes is listening at /0.0.0.0:46305
2019-09-04 07:25:36,685 [IPC Server Responder] INFO  ipc.Server (Server.java:run(1314)) - IPC Server Responder: starting
2019-09-04 07:25:36,685 [IPC Server listener on 46305] INFO  ipc.Server (Server.java:run(1153)) - IPC Server listener on 46305: starting
2019-09-04 07:25:36,690 [main] INFO  http.HttpServer2 (HttpServer2.java:bindListener(1191)) - Jetty bound to port 34943
2019-09-04 07:25:36,692 [main] INFO  server.Server (Server.java:doStart(351)) - jetty-9.3.24.v20180605, build timestamp: 2018-06-05T17:11:56Z, git hash: 84205aa28f11a4f31f2a3b86d1bba2cc8ab69827
2019-09-04 07:25:36,731 [main] INFO  handler.ContextHandler (ContextHandler.java:doStart(781)) - Started o.e.j.s.ServletContextHandler@7cf7aee{/logs,file:///workdir/hadoop-ozone/integration-test/target/log,AVAILABLE}
2019-09-04 07:25:36,732 [main] INFO  handler.ContextHandler (ContextHandler.java:doStart(781)) - Started o.e.j.s.ServletContextHandler@1b1637e1{/static,file:///workdir/hadoop-ozone/integration-test/target/test-classes/webapps/static,AVAILABLE}
2019-09-04 07:25:36,763 [main] INFO  handler.ContextHandler (ContextHandler.java:doStart(781)) - Started o.e.j.w.WebAppContext@682c1e93{/,file:///workdir/hadoop-ozone/integration-test/target/test-classes/webapps/scm/,AVAILABLE}{/scm}
2019-09-04 07:25:36,769 [main] INFO  server.AbstractConnector (AbstractConnector.java:doStart(278)) - Started ServerConnector@60921b21{HTTP/1.1,[http/1.1]}{0.0.0.0:34943}
2019-09-04 07:25:36,770 [main] INFO  server.Server (Server.java:doStart(419)) - Started @4872ms
2019-09-04 07:25:36,773 [main] INFO  server.BaseHttpServer (BaseHttpServer.java:updateConnectorAddress(213)) - HTTP server of SCM is listening at http://0.0.0.0:34943
2019-09-04 07:25:36,783 [org.apache.hadoop.util.JvmPauseMonitor$Monitor@2d84cb86] INFO  util.JvmPauseMonitor (JvmPauseMonitor.java:run(188)) - Starting JVM pause monitor
2019-09-04 07:25:36,791 [main] WARN  server.ServerUtils (ServerUtils.java:getDBPath(222)) - ozone.om.db.dirs is not configured. We recommend adding this setting. Falling back to ozone.metadata.dirs instead.
2019-09-04 07:25:36,851 [main] WARN  server.ServerUtils (ServerUtils.java:getDBPath(222)) - ozone.om.db.dirs is not configured. We recommend adding this setting. Falling back to ozone.metadata.dirs instead.
2019-09-04 07:25:36,852 [main] WARN  server.ServerUtils (ServerUtils.java:getDBPath(222)) - ozone.om.db.dirs is not configured. We recommend adding this setting. Falling back to ozone.metadata.dirs instead.
2019-09-04 07:25:36,853 [main] INFO  om.OzoneManager (OzoneManager.java:setOMNodeDetails(645)) - OM Service ID is not set. Setting it to the default ID: omServiceIdDefault
2019-09-04 07:25:36,854 [main] INFO  om.OzoneManager (OzoneManager.java:setOMNodeDetails(651)) - OM Node ID is not set. Setting it to the OmStorage's OmID: 1d1897f0-a20c-492b-8d94-cee1dcc73aab
2019-09-04 07:25:36,856 [main] INFO  om.OzoneManager (OzoneManager.java:loadOMHAConfigs(602)) - Found matching OM address with OMServiceId: null, OMNodeId: null, RPC Address: localhost:0 and Ratis port: 9872
2019-09-04 07:25:37,002 [main] WARN  server.ServerUtils (ServerUtils.java:getDBPath(222)) - ozone.om.db.dirs is not configured. We recommend adding this setting. Falling back to ozone.metadata.dirs instead.
2019-09-04 07:25:37,010 [main] INFO  db.DBStoreBuilder (DBStoreBuilder.java:addTable(110)) - using custom profile for table: userTable
2019-09-04 07:25:37,010 [main] INFO  db.DBStoreBuilder (DBStoreBuilder.java:processTables(161)) - Using default column profile:DBProfile.DISK for Table:userTable
2019-09-04 07:25:37,011 [main] INFO  db.DBStoreBuilder (DBStoreBuilder.java:addTable(110)) - using custom profile for table: volumeTable
2019-09-04 07:25:37,011 [main] INFO  db.DBStoreBuilder (DBStoreBuilder.java:processTables(161)) - Using default column profile:DBProfile.DISK for Table:volumeTable
2019-09-04 07:25:37,011 [main] INFO  db.DBStoreBuilder (DBStoreBuilder.java:addTable(110)) - using custom profile for table: bucketTable
2019-09-04 07:25:37,011 [main] INFO  db.DBStoreBuilder (DBStoreBuilder.java:processTables(161)) - Using default column profile:DBProfile.DISK for Table:bucketTable
2019-09-04 07:25:37,012 [main] INFO  db.DBStoreBuilder (DBStoreBuilder.java:addTable(110)) - using custom profile for table: keyTable
2019-09-04 07:25:37,012 [main] INFO  db.DBStoreBuilder (DBStoreBuilder.java:processTables(161)) - Using default column profile:DBProfile.DISK for Table:keyTable
2019-09-04 07:25:37,012 [main] INFO  db.DBStoreBuilder (DBStoreBuilder.java:addTable(110)) - using custom profile for table: deletedTable
2019-09-04 07:25:37,012 [main] INFO  db.DBStoreBuilder (DBStoreBuilder.java:processTables(161)) - Using default column profile:DBProfile.DISK for Table:deletedTable
2019-09-04 07:25:37,012 [main] INFO  db.DBStoreBuilder (DBStoreBuilder.java:addTable(110)) - using custom profile for table: openKeyTable
2019-09-04 07:25:37,013 [main] INFO  db.DBStoreBuilder (DBStoreBuilder.java:processTables(161)) - Using default column profile:DBProfile.DISK for Table:openKeyTable
2019-09-04 07:25:37,013 [main] INFO  db.DBStoreBuilder (DBStoreBuilder.java:addTable(110)) - using custom profile for table: s3Table
2019-09-04 07:25:37,013 [main] INFO  db.DBStoreBuilder (DBStoreBuilder.java:processTables(161)) - Using default column profile:DBProfile.DISK for Table:s3Table
2019-09-04 07:25:37,013 [main] INFO  db.DBStoreBuilder (DBStoreBuilder.java:addTable(110)) - using custom profile for table: multipartInfoTable
2019-09-04 07:25:37,014 [main] INFO  db.DBStoreBuilder (DBStoreBuilder.java:processTables(161)) - Using default column profile:DBProfile.DISK for Table:multipartInfoTable
2019-09-04 07:25:37,014 [main] INFO  db.DBStoreBuilder (DBStoreBuilder.java:addTable(110)) - using custom profile for table: dTokenTable
2019-09-04 07:25:37,014 [main] INFO  db.DBStoreBuilder (DBStoreBuilder.java:processTables(161)) - Using default column profile:DBProfile.DISK for Table:dTokenTable
2019-09-04 07:25:37,014 [main] INFO  db.DBStoreBuilder (DBStoreBuilder.java:addTable(110)) - using custom profile for table: s3SecretTable
2019-09-04 07:25:37,015 [main] INFO  db.DBStoreBuilder (DBStoreBuilder.java:processTables(161)) - Using default column profile:DBProfile.DISK for Table:s3SecretTable
2019-09-04 07:25:37,015 [main] INFO  db.DBStoreBuilder (DBStoreBuilder.java:addTable(110)) - using custom profile for table: prefixTable
2019-09-04 07:25:37,015 [main] INFO  db.DBStoreBuilder (DBStoreBuilder.java:processTables(161)) - Using default column profile:DBProfile.DISK for Table:prefixTable
2019-09-04 07:25:37,015 [main] INFO  db.DBStoreBuilder (DBStoreBuilder.java:addTable(110)) - using custom profile for table: default
2019-09-04 07:25:37,016 [main] INFO  db.DBStoreBuilder (DBStoreBuilder.java:processTables(167)) - Using default column profile:DBProfile.DISK for Table:default
2019-09-04 07:25:37,016 [main] INFO  db.DBStoreBuilder (DBStoreBuilder.java:getDbProfile(198)) - Using default options. DBProfile.DISK
2019-09-04 07:25:38,065 [main] INFO  ipc.CallQueueManager (CallQueueManager.java:<init>(84)) - Using callQueue: class java.util.concurrent.LinkedBlockingQueue, queueCapacity: 2000, scheduler: class org.apache.hadoop.ipc.DefaultRpcScheduler, ipcBackoff: false.
2019-09-04 07:25:38,066 [Socket Reader #1 for port 39512] INFO  ipc.Server (Server.java:run(1074)) - Starting Socket Reader #1 for port 39512
2019-09-04 07:25:38,087 [main] INFO  om.OzoneManager (OzoneManager.java:start(1256)) - OzoneManager RPC server is listening at localhost/127.0.0.1:39512
2019-09-04 07:25:38,087 [main] INFO  impl.MetricsSystemImpl (MetricsSystemImpl.java:init(158)) - OzoneManager metrics system started (again)
2019-09-04 07:25:38,088 [IPC Server Responder] INFO  ipc.Server (Server.java:run(1314)) - IPC Server Responder: starting
2019-09-04 07:25:38,088 [IPC Server listener on 39512] INFO  ipc.Server (Server.java:run(1153)) - IPC Server listener on 39512: starting
2019-09-04 07:25:38,094 [main] INFO  hdfs.DFSUtil (DFSUtil.java:httpServerTemplateForNNAndJN(1641)) - Starting Web-server for ozoneManager at: http://0.0.0.0:0
2019-09-04 07:25:38,097 [main] INFO  server.AuthenticationFilter (AuthenticationFilter.java:constructSecretProvider(240)) - Unable to initialize FileSignerSecretProvider, falling back to use random secrets.
2019-09-04 07:25:38,099 [main] WARN  http.HttpRequestLog (HttpRequestLog.java:getRequestLog(97)) - Jetty request log can only be enabled using Log4j
2019-09-04 07:25:38,103 [main] INFO  http.HttpServer2 (HttpServer2.java:addGlobalFilter(975)) - Added global filter 'safety' (class=org.apache.hadoop.http.HttpServer2$QuotingInputFilter)
2019-09-04 07:25:38,104 [main] INFO  http.HttpServer2 (HttpServer2.java:addFilter(948)) - Added filter static_user_filter (class=org.apache.hadoop.http.lib.StaticUserWebFilter$StaticUserFilter) to context ozoneManager
2019-09-04 07:25:38,105 [main] INFO  http.HttpServer2 (HttpServer2.java:addFilter(958)) - Added filter static_user_filter (class=org.apache.hadoop.http.lib.StaticUserWebFilter$StaticUserFilter) to context logs
2019-09-04 07:25:38,105 [main] INFO  http.HttpServer2 (HttpServer2.java:addFilter(958)) - Added filter static_user_filter (class=org.apache.hadoop.http.lib.StaticUserWebFilter$StaticUserFilter) to context static
2019-09-04 07:25:38,108 [main] INFO  http.HttpServer2 (HttpServer2.java:bindListener(1191)) - Jetty bound to port 39214
2019-09-04 07:25:38,108 [main] INFO  server.Server (Server.java:doStart(351)) - jetty-9.3.24.v20180605, build timestamp: 2018-06-05T17:11:56Z, git hash: 84205aa28f11a4f31f2a3b86d1bba2cc8ab69827
2019-09-04 07:25:38,111 [main] INFO  handler.ContextHandler (ContextHandler.java:doStart(781)) - Started o.e.j.s.ServletContextHandler@5e4fa1da{/logs,file:///workdir/hadoop-ozone/integration-test/target/log,AVAILABLE}
2019-09-04 07:25:38,112 [main] INFO  handler.ContextHandler (ContextHandler.java:doStart(781)) - Started o.e.j.s.ServletContextHandler@3f92c349{/static,file:///workdir/hadoop-ozone/integration-test/target/test-classes/webapps/static,AVAILABLE}
2019-09-04 07:25:38,119 [main] INFO  handler.ContextHandler (ContextHandler.java:doStart(781)) - Started o.e.j.w.WebAppContext@70242f38{/,file:///workdir/hadoop-ozone/integration-test/target/test-classes/webapps/ozoneManager/,AVAILABLE}{/ozoneManager}
2019-09-04 07:25:38,121 [main] INFO  server.AbstractConnector (AbstractConnector.java:doStart(278)) - Started ServerConnector@2a22ad2b{HTTP/1.1,[http/1.1]}{0.0.0.0:39214}
2019-09-04 07:25:38,122 [main] INFO  server.Server (Server.java:doStart(419)) - Started @6224ms
2019-09-04 07:25:38,123 [main] INFO  server.BaseHttpServer (BaseHttpServer.java:updateConnectorAddress(213)) - HTTP server of OZONEMANAGER is listening at http://0.0.0.0:39214
2019-09-04 07:25:38,484 [main] INFO  impl.MetricsSystemImpl (MetricsSystemImpl.java:init(158)) - HddsDatanode metrics system started (again)
2019-09-04 07:25:38,592 [main] INFO  ozone.HddsDatanodeService (HddsDatanodeService.java:start(184)) - HddsDatanodeService host:pr-hdds-1569-tfczc-1762686928 ip:192.168.34.9
2019-09-04 07:25:38,622 [main] INFO  volume.HddsVolume (HddsVolume.java:<init>(176)) - Creating Volume: /workdir/hadoop-ozone/integration-test/target/test-dir/MiniOzoneClusterImpl-eebee087-8ab3-43a2-88dd-26af64f02abb/datanode-0/data/containers/hdds of  storage type : DISK and capacity : 1482555576320
2019-09-04 07:25:38,624 [main] INFO  volume.VolumeSet (VolumeSet.java:initializeVolumeSet(170)) - Added Volume : /workdir/hadoop-ozone/integration-test/target/test-dir/MiniOzoneClusterImpl-eebee087-8ab3-43a2-88dd-26af64f02abb/datanode-0/data/containers/hdds to VolumeSet
2019-09-04 07:25:38,627 [main] INFO  volume.ThrottledAsyncChecker (ThrottledAsyncChecker.java:schedule(140)) - Scheduling a check for org.apache.hadoop.ozone.container.common.volume.HddsVolume@108d55c4
2019-09-04 07:25:38,644 [main] INFO  volume.HddsVolumeChecker (HddsVolumeChecker.java:checkAllVolumes(203)) - Scheduled health check for volume org.apache.hadoop.ozone.container.common.volume.HddsVolume@108d55c4
2019-09-04 07:25:38,751 [main] INFO  impl.RaftServerProxy (ConfUtils.java:logGet(43)) - raft.rpc.type = GRPC (default)
2019-09-04 07:25:38,815 [main] INFO  grpc.GrpcFactory (GrpcFactory.java:checkPooledByteBufAllocatorUseCacheForAllThreads(45)) - PERFORMANCE WARNING: useCacheForAllThreads is true that may cause Netty to create a lot garbage objects and, as a result, trigger GC.
	It is recommended to disable useCacheForAllThreads by setting -Dorg.apache.ratis.thirdparty.io.netty.allocator.useCacheForAllThreads=false in command line.
2019-09-04 07:25:38,820 [main] INFO  grpc.GrpcConfigKeys$Server (ConfUtils.java:logGet(43)) - raft.grpc.server.port = 0 (default)
2019-09-04 07:25:38,820 [main] INFO  server.GrpcService (ConfUtils.java:logGet(43)) - raft.grpc.message.size.max = 33570816 (custom)
2019-09-04 07:25:38,822 [main] INFO  server.RaftServerConfigKeys (ConfUtils.java:logGet(43)) - raft.server.log.appender.buffer.byte-limit = 33554432 (custom)
2019-09-04 07:25:38,823 [main] INFO  server.GrpcService (ConfUtils.java:logGet(43)) - raft.grpc.flow.control.window = 1MB (=1048576) (default)
2019-09-04 07:25:38,824 [main] INFO  server.RaftServerConfigKeys (ConfUtils.java:logGet(43)) - raft.server.rpc.request.timeout = 3000ms (default)
2019-09-04 07:25:38,984 [main] INFO  server.RaftServerConfigKeys (ConfUtils.java:logGet(43)) - raft.server.storage.dir = [/workdir/hadoop-ozone/integration-test/target/test-dir/MiniOzoneClusterImpl-eebee087-8ab3-43a2-88dd-26af64f02abb/datanode-0/data/ratis] (custom)
2019-09-04 07:25:39,028 [main] INFO  replication.SimpleContainerDownloader (SimpleContainerDownloader.java:<init>(72)) - Starting container downloader service to copy containers to replicate.
2019-09-04 07:25:39,043 [main] INFO  hdfs.DFSUtil (DFSUtil.java:httpServerTemplateForNNAndJN(1641)) - Starting Web-server for hddsDatanode at: http://0.0.0.0:0
2019-09-04 07:25:39,045 [main] INFO  server.AuthenticationFilter (AuthenticationFilter.java:constructSecretProvider(240)) - Unable to initialize FileSignerSecretProvider, falling back to use random secrets.
2019-09-04 07:25:39,045 [main] WARN  http.HttpRequestLog (HttpRequestLog.java:getRequestLog(97)) - Jetty request log can only be enabled using Log4j
2019-09-04 07:25:39,047 [main] INFO  http.HttpServer2 (HttpServer2.java:addGlobalFilter(975)) - Added global filter 'safety' (class=org.apache.hadoop.http.HttpServer2$QuotingInputFilter)
2019-09-04 07:25:39,048 [main] INFO  http.HttpServer2 (HttpServer2.java:addFilter(948)) - Added filter static_user_filter (class=org.apache.hadoop.http.lib.StaticUserWebFilter$StaticUserFilter) to context hddsDatanode
2019-09-04 07:25:39,048 [main] INFO  http.HttpServer2 (HttpServer2.java:addFilter(958)) - Added filter static_user_filter (class=org.apache.hadoop.http.lib.StaticUserWebFilter$StaticUserFilter) to context logs
2019-09-04 07:25:39,048 [main] INFO  http.HttpServer2 (HttpServer2.java:addFilter(958)) - Added filter static_user_filter (class=org.apache.hadoop.http.lib.StaticUserWebFilter$StaticUserFilter) to context static
2019-09-04 07:25:39,049 [main] INFO  http.HttpServer2 (HttpServer2.java:bindListener(1191)) - Jetty bound to port 42759
2019-09-04 07:25:39,049 [main] INFO  server.Server (Server.java:doStart(351)) - jetty-9.3.24.v20180605, build timestamp: 2018-06-05T17:11:56Z, git hash: 84205aa28f11a4f31f2a3b86d1bba2cc8ab69827
2019-09-04 07:25:39,053 [main] INFO  handler.ContextHandler (ContextHandler.java:doStart(781)) - Started o.e.j.s.ServletContextHandler@7c8c70d6{/logs,file:///workdir/hadoop-ozone/integration-test/target/log,AVAILABLE}
2019-09-04 07:25:39,054 [main] INFO  handler.ContextHandler (ContextHandler.java:doStart(781)) - Started o.e.j.s.ServletContextHandler@6edf29c1{/static,jar:file:/home/user/.m2/repository/org/apache/hadoop/hadoop-hdds-container-service/0.5.0-SNAPSHOT/hadoop-hdds-container-service-0.5.0-SNAPSHOT.jar!/webapps/static,AVAILABLE}
2019-09-04 07:25:39,089 [main] INFO  handler.ContextHandler (ContextHandler.java:doStart(781)) - Started o.e.j.w.WebAppContext@26350ea2{/,file:///tmp/jetty-0.0.0.0-42759-hddsDatanode-_-any-2027663032061192158.dir/webapp/,AVAILABLE}{/hddsDatanode}
2019-09-04 07:25:39,090 [main] INFO  server.AbstractConnector (AbstractConnector.java:doStart(278)) - Started ServerConnector@1e9469b8{HTTP/1.1,[http/1.1]}{0.0.0.0:42759}
2019-09-04 07:25:39,091 [main] INFO  server.Server (Server.java:doStart(419)) - Started @7193ms
2019-09-04 07:25:39,092 [main] INFO  server.BaseHttpServer (BaseHttpServer.java:updateConnectorAddress(213)) - HTTP server of HDDSDATANODE is listening at http://0.0.0.0:42759
2019-09-04 07:25:40,175 | INFO  | ObjectStoreRestHttpServer | Listening HDDS REST traffic on /0.0.0.0:39307 |  
2019-09-04 07:25:40,182 [main] INFO  ozone.HddsDatanodeService (HddsDatanodeService.java:startPlugins(395)) - Started plug-in org.apache.hadoop.ozone.web.OzoneHddsDatanodeService@632b305d
2019-09-04 07:25:40,185 [main] INFO  ozone.MiniOzoneClusterImpl (MiniOzoneClusterImpl.java:lambda$waitForClusterToBeReady$0(142)) - Waiting for cluster to be ready. Got 0 of 1 DN Heartbeats.
2019-09-04 07:25:40,189 [org.apache.hadoop.util.JvmPauseMonitor$Monitor@8655d28] INFO  util.JvmPauseMonitor (JvmPauseMonitor.java:run(188)) - Starting JVM pause monitor
2019-09-04 07:25:40,305 [Datanode State Machine Thread - 0] INFO  datanode.InitDatanodeState (InitDatanodeState.java:persistContainerDatanodeDetails(140)) - DatanodeDetails is persisted to /workdir/hadoop-ozone/integration-test/target/test-dir/MiniOzoneClusterImpl-eebee087-8ab3-43a2-88dd-26af64f02abb/datanode-0/meta/datanode.id
2019-09-04 07:25:41,185 [main] INFO  ozone.MiniOzoneClusterImpl (MiniOzoneClusterImpl.java:lambda$waitForClusterToBeReady$0(142)) - Waiting for cluster to be ready. Got 0 of 1 DN Heartbeats.
2019-09-04 07:25:42,186 [main] INFO  ozone.MiniOzoneClusterImpl (MiniOzoneClusterImpl.java:lambda$waitForClusterToBeReady$0(142)) - Waiting for cluster to be ready. Got 0 of 1 DN Heartbeats.
2019-09-04 07:25:42,359 | INFO  | SCMAudit | user=jenkins1000 | ip=192.168.34.9 | op=GET_VERSION null | ret=SUCCESS |  
2019-09-04 07:25:42,383 [Datanode State Machine Thread - 0] INFO  ozoneimpl.OzoneContainer (OzoneContainer.java:start(186)) - Attempting to start container services.
2019-09-04 07:25:42,385 [Datanode State Machine Thread - 0] INFO  ozoneimpl.OzoneContainer (OzoneContainer.java:startContainerScrub(160)) - Background container scrubber has been disabled by hdds.containerscrub.enabled
2019-09-04 07:25:42,385 [Datanode State Machine Thread - 0] INFO  ratis.XceiverServerRatis (XceiverServerRatis.java:start(404)) - Starting XceiverServerRatis d0374445-0523-4424-8ee6-8868e0e9756c at port 0
2019-09-04 07:25:42,413 [Datanode State Machine Thread - 0] INFO  impl.RaftServerProxy (RaftServerProxy.java:lambda$start$3(299)) - d0374445-0523-4424-8ee6-8868e0e9756c: start RPC server
2019-09-04 07:25:42,537 [Datanode State Machine Thread - 0] INFO  server.GrpcService (GrpcService.java:startImpl(149)) - d0374445-0523-4424-8ee6-8868e0e9756c: GrpcService started, listening on 0.0.0.0/0.0.0.0:39154
2019-09-04 07:25:42,537 [Datanode State Machine Thread - 0] INFO  ratis.XceiverServerRatis (XceiverServerRatis.java:start(414)) - XceiverServerRatis d0374445-0523-4424-8ee6-8868e0e9756c is started using port 39154
2019-09-04 07:25:42,539 [Datanode State Machine Thread - 0] INFO  server.XceiverServerGrpc (XceiverServerGrpc.java:start(163)) - XceiverServerGrpc d0374445-0523-4424-8ee6-8868e0e9756c is started using port 35802
2019-09-04 07:25:43,186 [main] INFO  ozone.MiniOzoneClusterImpl (MiniOzoneClusterImpl.java:lambda$waitForClusterToBeReady$0(142)) - Waiting for cluster to be ready. Got 0 of 1 DN Heartbeats.
2019-09-04 07:25:44,187 [main] INFO  ozone.MiniOzoneClusterImpl (MiniOzoneClusterImpl.java:lambda$waitForClusterToBeReady$0(142)) - Waiting for cluster to be ready. Got 0 of 1 DN Heartbeats.
2019-09-04 07:25:44,216 [IPC Server handler 0 on 46305] INFO  net.NetworkTopology (NetworkTopologyImpl.java:add(110)) - Added a new node: /default-rack/d0374445-0523-4424-8ee6-8868e0e9756c
2019-09-04 07:25:44,217 [IPC Server handler 0 on 46305] INFO  node.SCMNodeManager (SCMNodeManager.java:register(273)) - Registered Data node : d0374445-0523-4424-8ee6-8868e0e9756c{ip: 192.168.34.9, host: pr-hdds-1569-tfczc-1762686928, networkLocation: /default-rack, certSerialId: null}
2019-09-04 07:25:44,221 [EventQueue-NodeRegistrationContainerReportForDataNodeSafeModeRule] INFO  safemode.SCMSafeModeManager (DataNodeSafeModeRule.java:process(71)) - SCM in safe mode. 1 DataNodes registered, 1 required.
2019-09-04 07:25:44,222 [EventQueue-NodeRegistrationContainerReportForDataNodeSafeModeRule] INFO  safemode.SCMSafeModeManager (SCMSafeModeManager.java:validateSafeModeExitRules(177)) - ScmSafeModeManager, all rules are successfully validated
2019-09-04 07:25:44,223 [EventQueue-NodeRegistrationContainerReportForDataNodeSafeModeRule] INFO  safemode.SCMSafeModeManager (SCMSafeModeManager.java:exitSafeMode(193)) - SCM exiting safe mode.
2019-09-04 07:25:44,231 | INFO  | SCMAudit | user=jenkins1000 | ip=192.168.34.9 | op=REGISTER {datanodeDetails=d0374445-0523-4424-8ee6-8868e0e9756c{ip: 192.168.34.9, host: pr-hdds-1569-tfczc-1762686928, networkLocation: /default-rack, certSerialId: null}} | ret=SUCCESS |  
2019-09-04 07:25:45,187 [main] INFO  ozone.MiniOzoneClusterImpl (MiniOzoneClusterImpl.java:lambda$waitForClusterToBeReady$0(142)) - Cluster is ready. Got 1 of 1 DN Heartbeats.
2019-09-04 07:25:45,187 [main] INFO  om.OzoneManager (OzoneManager.java:readKeyPair(880)) - Reading keypair and certificate from file system.
2019-09-04 07:25:45,188 [main] INFO  om.OzoneManager (OzoneManager.java:startSecretManager(846)) - Starting OM block token secret manager
2019-09-04 07:25:45,188 [main] INFO  security.OzoneBlockTokenSecretManager (OzoneSecretManager.java:updateCurrentKey(167)) - Updating the current master key for generating tokens
2019-09-04 07:25:45,206 [grpc-default-executor-0] INFO  impl.RaftServerProxy (RaftServerProxy.java:addNew(89)) - d0374445-0523-4424-8ee6-8868e0e9756c: addNew group-D9DA313AE83E:[d0374445-0523-4424-8ee6-8868e0e9756c:192.168.34.9:39154] returns group-D9DA313AE83E:java.util.concurrent.CompletableFuture@6e74017a[Not completed]
2019-09-04 07:25:45,218 [pool-27-thread-1] INFO  impl.RaftServerImpl (RaftServerImpl.java:<init>(93)) - d0374445-0523-4424-8ee6-8868e0e9756c: new RaftServerImpl for group-D9DA313AE83E:[d0374445-0523-4424-8ee6-8868e0e9756c:192.168.34.9:39154] with ContainerStateMachine:uninitialized
2019-09-04 07:25:45,227 [pool-27-thread-1] INFO  server.RaftServerConfigKeys (ConfUtils.java:logGet(43)) - raft.server.rpc.timeout.min = 5s (custom)
2019-09-04 07:25:45,228 [pool-27-thread-1] INFO  server.RaftServerConfigKeys (ConfUtils.java:logGet(43)) - raft.server.rpc.timeout.max = 5200ms (custom)
2019-09-04 07:25:45,229 [pool-27-thread-1] INFO  server.RaftServerConfigKeys (ConfUtils.java:logGet(43)) - raft.server.rpcslowness.timeout = 120s (custom)
2019-09-04 07:25:45,230 [pool-27-thread-1] INFO  server.RaftServerConfigKeys (ConfUtils.java:logGet(43)) - raft.server.sleep.deviation.threshold = 300 (default)
2019-09-04 07:25:45,231 [pool-27-thread-1] INFO  server.RaftServerConfigKeys (ConfUtils.java:logGet(43)) - raft.server.log.appender.install.snapshot.enabled = false (custom)
2019-09-04 07:25:45,249 [pool-27-thread-1] INFO  impl.RaftServerImpl (ServerState.java:<init>(105)) - d0374445-0523-4424-8ee6-8868e0e9756c:group-D9DA313AE83E ConfigurationManager, init=-1: [d0374445-0523-4424-8ee6-8868e0e9756c:192.168.34.9:39154], old=null, confs=<EMPTY_MAP>
2019-09-04 07:25:45,250 [pool-27-thread-1] INFO  server.RaftServerConfigKeys (ConfUtils.java:logGet(43)) - raft.server.storage.dir = [/workdir/hadoop-ozone/integration-test/target/test-dir/MiniOzoneClusterImpl-eebee087-8ab3-43a2-88dd-26af64f02abb/datanode-0/data/ratis] (custom)
2019-09-04 07:25:45,258 [pool-27-thread-1] INFO  storage.RaftStorageDirectory (RaftStorageDirectory.java:analyzeStorage(246)) - The storage directory /workdir/hadoop-ozone/integration-test/target/test-dir/MiniOzoneClusterImpl-eebee087-8ab3-43a2-88dd-26af64f02abb/datanode-0/data/ratis/083bb2df-ff8b-4892-8c8c-d9da313ae83e does not exist. Creating ...
2019-09-04 07:25:45,275 [pool-27-thread-1] INFO  storage.RaftStorageDirectory (RaftStorageDirectory.java:tryLock(328)) - Lock on /workdir/hadoop-ozone/integration-test/target/test-dir/MiniOzoneClusterImpl-eebee087-8ab3-43a2-88dd-26af64f02abb/datanode-0/data/ratis/083bb2df-ff8b-4892-8c8c-d9da313ae83e/in_use.lock acquired by nodename 867@pr-hdds-1569-tfczc-1762686928
2019-09-04 07:25:45,291 [pool-27-thread-1] INFO  storage.RaftStorage (RaftStorage.java:format(72)) - Storage directory /workdir/hadoop-ozone/integration-test/target/test-dir/MiniOzoneClusterImpl-eebee087-8ab3-43a2-88dd-26af64f02abb/datanode-0/data/ratis/083bb2df-ff8b-4892-8c8c-d9da313ae83e has been successfully formatted.
2019-09-04 07:25:45,294 [pool-27-thread-1] INFO  ratis.ContainerStateMachine (ContainerStateMachine.java:loadSnapshot(226)) - group-D9DA313AE83E: The snapshot info is null. Setting the last applied indexto:(t:0, i:~)
2019-09-04 07:25:45,295 [pool-27-thread-1] INFO  server.RaftServerConfigKeys (ConfUtils.java:logGet(43)) - raft.server.leader.election.timeout = 120s (custom)
2019-09-04 07:25:45,298 [pool-27-thread-1] INFO  server.RaftServerConfigKeys (ConfUtils.java:logGet(43)) - raft.server.log.use.memory = false (default)
2019-09-04 07:25:45,305 [pool-27-thread-1] INFO  server.RaftServerConfigKeys (ConfUtils.java:logGet(43)) - raft.server.log.purge.gap = 1000000 (custom)
2019-09-04 07:25:45,305 [pool-27-thread-1] INFO  server.RaftServerConfigKeys (ConfUtils.java:logGet(43)) - raft.server.log.appender.buffer.byte-limit = 33554432 (custom)
2019-09-04 07:25:45,307 [pool-27-thread-1] INFO  server.RaftServerConfigKeys (ConfUtils.java:logGet(43)) - raft.server.log.segment.size.max = 1048576 (custom)
2019-09-04 07:25:45,314 [pool-27-thread-1] INFO  server.RaftServerConfigKeys (ConfUtils.java:logGet(43)) - raft.server.log.segment.cache.num.max = 2 (custom)
2019-09-04 07:25:45,322 [pool-27-thread-1] INFO  segmented.SegmentedRaftLogWorker (SegmentedRaftLogWorker.java:<init>(172)) - new d0374445-0523-4424-8ee6-8868e0e9756c-SegmentedRaftLogWorker:Storage Directory /workdir/hadoop-ozone/integration-test/target/test-dir/MiniOzoneClusterImpl-eebee087-8ab3-43a2-88dd-26af64f02abb/datanode-0/data/ratis/083bb2df-ff8b-4892-8c8c-d9da313ae83e for RaftStorage:Storage Directory /workdir/hadoop-ozone/integration-test/target/test-dir/MiniOzoneClusterImpl-eebee087-8ab3-43a2-88dd-26af64f02abb/datanode-0/data/ratis/083bb2df-ff8b-4892-8c8c-d9da313ae83e
2019-09-04 07:25:45,338 [pool-27-thread-1] INFO  server.RaftServerConfigKeys (ConfUtils.java:logGet(43)) - raft.server.log.queue.byte-limit = 2147483647 (custom)
2019-09-04 07:25:45,339 [pool-27-thread-1] INFO  server.RaftServerConfigKeys (ConfUtils.java:logGet(43)) - raft.server.log.queue.element-limit = 1024 (custom)
2019-09-04 07:25:45,344 [pool-27-thread-1] INFO  server.RaftServerConfigKeys (ConfUtils.java:logGet(43)) - raft.server.log.segment.size.max = 1048576 (custom)
2019-09-04 07:25:45,345 [pool-27-thread-1] INFO  server.RaftServerConfigKeys (ConfUtils.java:logGet(43)) - raft.server.log.preallocated.size = 16384 (custom)
2019-09-04 07:25:45,346 [pool-27-thread-1] INFO  server.RaftServerConfigKeys (ConfUtils.java:logGet(43)) - raft.server.log.write.buffer.size = 33554432 (custom)
2019-09-04 07:25:45,346 [pool-27-thread-1] INFO  server.RaftServerConfigKeys (ConfUtils.java:logGet(43)) - raft.server.log.force.sync.num = 128 (default)
2019-09-04 07:25:45,347 [pool-27-thread-1] INFO  server.RaftServerConfigKeys (ConfUtils.java:logGet(43)) - raft.server.log.statemachine.data.sync = true (default)
2019-09-04 07:25:45,348 [pool-27-thread-1] INFO  server.RaftServerConfigKeys (ConfUtils.java:logGet(43)) - raft.server.log.statemachine.data.sync.timeout = 10s (default)
2019-09-04 07:25:45,348 [pool-27-thread-1] INFO  server.RaftServerConfigKeys (ConfUtils.java:logGet(43)) - raft.server.log.statemachine.data.sync.timeout.retry = -1 (default)
2019-09-04 07:25:45,358 [pool-27-thread-1] INFO  server.RaftServerConfigKeys (ConfUtils.java:logGet(43)) - raft.server.log.statemachine.data.caching.enabled = true (custom)
2019-09-04 07:25:45,368 [pool-27-thread-1] INFO  segmented.SegmentedRaftLogWorker (SegmentedRaftLogWorker.java:lambda$new$0(132)) - d0374445-0523-4424-8ee6-8868e0e9756c-SegmentedRaftLogWorker:Storage Directory /workdir/hadoop-ozone/integration-test/target/test-dir/MiniOzoneClusterImpl-eebee087-8ab3-43a2-88dd-26af64f02abb/datanode-0/data/ratis/083bb2df-ff8b-4892-8c8c-d9da313ae83e: flushIndex: setUnconditionally 0 -> -1
2019-09-04 07:25:45,372 [pool-27-thread-1] INFO  server.RaftServerConfigKeys (ConfUtils.java:logGet(43)) - raft.server.snapshot.auto.trigger.enabled = true (custom)
2019-09-04 07:25:45,373 [pool-27-thread-1] INFO  server.RaftServerConfigKeys (ConfUtils.java:logGet(43)) - raft.server.snapshot.auto.trigger.threshold = 10000 (custom)
2019-09-04 07:25:45,373 [pool-27-thread-1] INFO  server.RaftServerConfigKeys (ConfUtils.java:logGet(43)) - raft.server.retrycache.expirytime = 600000ms (custom)
2019-09-04 07:25:45,394 [pool-27-thread-1] INFO  impl.RaftServerImpl (RaftServerImpl.java:start(180)) - d0374445-0523-4424-8ee6-8868e0e9756c: start group-D9DA313AE83E
2019-09-04 07:25:45,396 [pool-27-thread-1] INFO  impl.RaftServerImpl (RaftServerImpl.java:setRole(171)) - d0374445-0523-4424-8ee6-8868e0e9756c:group-D9DA313AE83E changes role from null to FOLLOWER at term 0 for startAsFollower
2019-09-04 07:25:45,398 [pool-27-thread-1] INFO  impl.RoleInfo (RoleInfo.java:updateAndGet(143)) - d0374445-0523-4424-8ee6-8868e0e9756c: start FollowerState
2019-09-04 07:25:45,400 [pool-27-thread-1] INFO  util.JmxRegister (JmxRegister.java:tryRegister(44)) - Successfully registered JMX Bean with object name Ratis:service=RaftServer,group=group-D9DA313AE83E,id=d0374445-0523-4424-8ee6-8868e0e9756c
2019-09-04 07:25:45,481 [RatisPipelineUtilsThread] INFO  pipeline.PipelineStateManager (PipelineStateManager.java:addPipeline(56)) - Created pipeline Pipeline[ Id: 083bb2df-ff8b-4892-8c8c-d9da313ae83e, Nodes: d0374445-0523-4424-8ee6-8868e0e9756c{ip: 192.168.34.9, host: pr-hdds-1569-tfczc-1762686928, networkLocation: /default-rack, certSerialId: null}, Type:RATIS, Factor:ONE, State:OPEN]
2019-09-04 07:25:45,552 [main] INFO  rpc.RpcClient (RpcClient.java:createVolume(293)) - Creating Volume: testcontainerstatemachinefailures, with jenkins1000 as owner.
2019-09-04 07:25:45,593 | INFO  | OMAudit | user=jenkins1000 | ip=127.0.0.1 | op=CREATE_VOLUME {admin=jenkins1000, owner=jenkins1000, volume=testcontainerstatemachinefailures, creationTime=1567581945586, quotaInBytes=1152921504606846976} | ret=SUCCESS |  
2019-09-04 07:25:45,610 | INFO  | OMAudit | user=jenkins1000 | ip=127.0.0.1 | op=READ_VOLUME {volume=testcontainerstatemachinefailures} | ret=SUCCESS |  
2019-09-04 07:25:45,616 [main] INFO  rpc.RpcClient (RpcClient.java:createBucket(432)) - Creating Bucket: testcontainerstatemachinefailures/testcontainerstatemachinefailures, with Versioning false and Storage Type set to DISK and Encryption set to false 
2019-09-04 07:25:45,633 | INFO  | OMAudit | user=jenkins1000 | ip=127.0.0.1 | op=CREATE_BUCKET {volume=testcontainerstatemachinefailures, bucket=testcontainerstatemachinefailures, acls=[user:jenkins1000:a[ACCESS], group:default:a[ACCESS]], isVersionEnabled=false, storageType=DISK, creationTime=0} | ret=SUCCESS |  
2019-09-04 07:25:45,639 | INFO  | OMAudit | user=jenkins1000 | ip=127.0.0.1 | op=READ_VOLUME {volume=testcontainerstatemachinefailures} | ret=SUCCESS |  
2019-09-04 07:25:45,647 | INFO  | OMAudit | user=jenkins1000 | ip=127.0.0.1 | op=READ_BUCKET {volume=testcontainerstatemachinefailures, bucket=testcontainerstatemachinefailures} | ret=SUCCESS |  
2019-09-04 07:25:45,729 | INFO  | SCMAudit | user=jenkins1000 | ip=192.168.34.9 | op=ALLOCATE_BLOCK {owner=1d1897f0-a20c-492b-8d94-cee1dcc73aab, size=4194304, type=RATIS, factor=ONE} | ret=SUCCESS |  
2019-09-04 07:25:45,778 | INFO  | OMAudit | user=jenkins1000 | ip=127.0.0.1 | op=ALLOCATE_KEY {volume=testcontainerstatemachinefailures, bucket=testcontainerstatemachinefailures, key=ratis, dataSize=1024, replicationType=RATIS, replicationFactor=ONE, keyLocationInfo=null} | ret=SUCCESS |  
2019-09-04 07:25:45,821 [main] INFO  impl.MetricsSystemImpl (MetricsSystemImpl.java:init(158)) - XceiverClientMetrics metrics system started (again)
2019-09-04 07:25:45,968 [grpc-default-executor-1] INFO  client.GrpcClientProtocolClient (GrpcClientProtocolClient.java:onNext(255)) - client-AD94F78939A3->d0374445-0523-4424-8ee6-8868e0e9756c: receive RaftClientReply:client-AD94F78939A3->d0374445-0523-4424-8ee6-8868e0e9756c@group-D9DA313AE83E, cid=1, FAILED org.apache.ratis.protocol.NotLeaderException: Server d0374445-0523-4424-8ee6-8868e0e9756c is not the leader (null). Request must be sent to leader., logIndex=0, commits[d0374445-0523-4424-8ee6-8868e0e9756c:c-1]
2019-09-04 07:25:46,223 | INFO  | SCMAudit | user=jenkins1000 | ip=192.168.34.9 | op=SEND_HEARTBEAT {datanodeUUID=d0374445-0523-4424-8ee6-8868e0e9756c, command=[]} | ret=SUCCESS |  
2019-09-04 07:25:46,391 | INFO  | SCMAudit | user=jenkins1000 | ip=192.168.34.9 | op=SEND_HEARTBEAT {datanodeUUID=d0374445-0523-4424-8ee6-8868e0e9756c, command=[]} | ret=SUCCESS |  
2019-09-04 07:25:46,590 | INFO  | SCMAudit | user=jenkins1000 | ip=192.168.34.9 | op=SEND_HEARTBEAT {datanodeUUID=d0374445-0523-4424-8ee6-8868e0e9756c, command=[]} | ret=SUCCESS |  
2019-09-04 07:25:46,792 | INFO  | SCMAudit | user=jenkins1000 | ip=192.168.34.9 | op=SEND_HEARTBEAT {datanodeUUID=d0374445-0523-4424-8ee6-8868e0e9756c, command=[]} | ret=SUCCESS |  
2019-09-04 07:25:46,992 | INFO  | SCMAudit | user=jenkins1000 | ip=192.168.34.9 | op=SEND_HEARTBEAT {datanodeUUID=d0374445-0523-4424-8ee6-8868e0e9756c, command=[]} | ret=SUCCESS |  
2019-09-04 07:25:47,191 | INFO  | SCMAudit | user=jenkins1000 | ip=192.168.34.9 | op=SEND_HEARTBEAT {datanodeUUID=d0374445-0523-4424-8ee6-8868e0e9756c, command=[]} | ret=SUCCESS |  
2019-09-04 07:25:47,229 [Thread-146] INFO  container.ReplicationManager (ReplicationManager.java:start(152)) - Starting Replication Monitor Thread.
2019-09-04 07:25:47,234 [ReplicationMonitor] INFO  container.ReplicationManager (ReplicationManager.java:run(215)) - Replication Monitor Thread took 3 milliseconds for processing 1 containers.
2019-09-04 07:25:47,391 | INFO  | SCMAudit | user=jenkins1000 | ip=192.168.34.9 | op=SEND_HEARTBEAT {datanodeUUID=d0374445-0523-4424-8ee6-8868e0e9756c, command=[]} | ret=SUCCESS |  
2019-09-04 07:25:47,591 | INFO  | SCMAudit | user=jenkins1000 | ip=192.168.34.9 | op=SEND_HEARTBEAT {datanodeUUID=d0374445-0523-4424-8ee6-8868e0e9756c, command=[]} | ret=SUCCESS |  
2019-09-04 07:25:47,796 | INFO  | SCMAudit | user=jenkins1000 | ip=192.168.34.9 | op=SEND_HEARTBEAT {datanodeUUID=d0374445-0523-4424-8ee6-8868e0e9756c, command=[]} | ret=SUCCESS |  
2019-09-04 07:25:47,997 | INFO  | SCMAudit | user=jenkins1000 | ip=192.168.34.9 | op=SEND_HEARTBEAT {datanodeUUID=d0374445-0523-4424-8ee6-8868e0e9756c, command=[]} | ret=SUCCESS |  
2019-09-04 07:25:48,009 [grpc-default-executor-1] INFO  client.GrpcClientProtocolClient (GrpcClientProtocolClient.java:onNext(255)) - client-AD94F78939A3->d0374445-0523-4424-8ee6-8868e0e9756c: receive RaftClientReply:client-AD94F78939A3->d0374445-0523-4424-8ee6-8868e0e9756c@group-D9DA313AE83E, cid=1, FAILED org.apache.ratis.protocol.NotLeaderException: Server d0374445-0523-4424-8ee6-8868e0e9756c is not the leader (null). Request must be sent to leader., logIndex=0, commits[d0374445-0523-4424-8ee6-8868e0e9756c:c-1]
2019-09-04 07:25:48,192 | INFO  | SCMAudit | user=jenkins1000 | ip=192.168.34.9 | op=SEND_HEARTBEAT {datanodeUUID=d0374445-0523-4424-8ee6-8868e0e9756c, command=[]} | ret=SUCCESS |  
2019-09-04 07:25:48,392 | INFO  | SCMAudit | user=jenkins1000 | ip=192.168.34.9 | op=SEND_HEARTBEAT {datanodeUUID=d0374445-0523-4424-8ee6-8868e0e9756c, command=[]} | ret=SUCCESS |  
2019-09-04 07:25:48,592 | INFO  | SCMAudit | user=jenkins1000 | ip=192.168.34.9 | op=SEND_HEARTBEAT {datanodeUUID=d0374445-0523-4424-8ee6-8868e0e9756c, command=[]} | ret=SUCCESS |  
2019-09-04 07:25:48,792 | INFO  | SCMAudit | user=jenkins1000 | ip=192.168.34.9 | op=SEND_HEARTBEAT {datanodeUUID=d0374445-0523-4424-8ee6-8868e0e9756c, command=[]} | ret=SUCCESS |  
2019-09-04 07:25:48,992 | INFO  | SCMAudit | user=jenkins1000 | ip=192.168.34.9 | op=SEND_HEARTBEAT {datanodeUUID=d0374445-0523-4424-8ee6-8868e0e9756c, command=[]} | ret=SUCCESS |  
2019-09-04 07:25:49,194 | INFO  | SCMAudit | user=jenkins1000 | ip=192.168.34.9 | op=SEND_HEARTBEAT {datanodeUUID=d0374445-0523-4424-8ee6-8868e0e9756c, command=[]} | ret=SUCCESS |  
2019-09-04 07:25:49,392 | INFO  | SCMAudit | user=jenkins1000 | ip=192.168.34.9 | op=SEND_HEARTBEAT {datanodeUUID=d0374445-0523-4424-8ee6-8868e0e9756c, command=[]} | ret=SUCCESS |  
2019-09-04 07:25:49,592 | INFO  | SCMAudit | user=jenkins1000 | ip=192.168.34.9 | op=SEND_HEARTBEAT {datanodeUUID=d0374445-0523-4424-8ee6-8868e0e9756c, command=[]} | ret=SUCCESS |  
2019-09-04 07:25:49,792 | INFO  | SCMAudit | user=jenkins1000 | ip=192.168.34.9 | op=SEND_HEARTBEAT {datanodeUUID=d0374445-0523-4424-8ee6-8868e0e9756c, command=[]} | ret=SUCCESS |  
2019-09-04 07:25:49,992 | INFO  | SCMAudit | user=jenkins1000 | ip=192.168.34.9 | op=SEND_HEARTBEAT {datanodeUUID=d0374445-0523-4424-8ee6-8868e0e9756c, command=[]} | ret=SUCCESS |  
2019-09-04 07:25:50,032 [grpc-default-executor-2] INFO  client.GrpcClientProtocolClient (GrpcClientProtocolClient.java:onNext(255)) - client-AD94F78939A3->d0374445-0523-4424-8ee6-8868e0e9756c: receive RaftClientReply:client-AD94F78939A3->d0374445-0523-4424-8ee6-8868e0e9756c@group-D9DA313AE83E, cid=1, FAILED org.apache.ratis.protocol.NotLeaderException: Server d0374445-0523-4424-8ee6-8868e0e9756c is not the leader (null). Request must be sent to leader., logIndex=0, commits[d0374445-0523-4424-8ee6-8868e0e9756c:c-1]
2019-09-04 07:25:50,193 | INFO  | SCMAudit | user=jenkins1000 | ip=192.168.34.9 | op=SEND_HEARTBEAT {datanodeUUID=d0374445-0523-4424-8ee6-8868e0e9756c, command=[]} | ret=SUCCESS |  
2019-09-04 07:25:50,393 | INFO  | SCMAudit | user=jenkins1000 | ip=192.168.34.9 | op=SEND_HEARTBEAT {datanodeUUID=d0374445-0523-4424-8ee6-8868e0e9756c, command=[]} | ret=SUCCESS |  
2019-09-04 07:25:50,476 [Thread-149] INFO  impl.FollowerState (FollowerState.java:run(106)) - d0374445-0523-4424-8ee6-8868e0e9756c:group-D9DA313AE83E changes to CANDIDATE, lastRpcTime:5078, electionTimeout:5077ms
2019-09-04 07:25:50,477 [Thread-149] INFO  impl.RoleInfo (RoleInfo.java:shutdownFollowerState(121)) - d0374445-0523-4424-8ee6-8868e0e9756c: shutdown FollowerState
2019-09-04 07:25:50,478 [Thread-149] INFO  impl.RaftServerImpl (RaftServerImpl.java:setRole(171)) - d0374445-0523-4424-8ee6-8868e0e9756c:group-D9DA313AE83E changes role from FOLLOWER to CANDIDATE at term 0 for changeToCandidate
2019-09-04 07:25:50,484 [Thread-149] INFO  impl.RoleInfo (RoleInfo.java:updateAndGet(143)) - d0374445-0523-4424-8ee6-8868e0e9756c: start LeaderElection
2019-09-04 07:25:50,594 | INFO  | SCMAudit | user=jenkins1000 | ip=192.168.34.9 | op=SEND_HEARTBEAT {datanodeUUID=d0374445-0523-4424-8ee6-8868e0e9756c, command=[]} | ret=SUCCESS |  
2019-09-04 07:25:50,635 [d0374445-0523-4424-8ee6-8868e0e9756c:group-D9DA313AE83E:LeaderElection1] INFO  impl.LeaderElection (LeaderElection.java:askForVotes(181)) - d0374445-0523-4424-8ee6-8868e0e9756c:group-D9DA313AE83E:LeaderElection1: begin an election at term 1 for -1: [d0374445-0523-4424-8ee6-8868e0e9756c:192.168.34.9:39154], old=null
2019-09-04 07:25:50,639 [d0374445-0523-4424-8ee6-8868e0e9756c:group-D9DA313AE83E:LeaderElection1] INFO  impl.RoleInfo (RoleInfo.java:shutdownLeaderElection(134)) - d0374445-0523-4424-8ee6-8868e0e9756c: shutdown LeaderElection
2019-09-04 07:25:50,640 [d0374445-0523-4424-8ee6-8868e0e9756c:group-D9DA313AE83E:LeaderElection1] INFO  impl.RaftServerImpl (RaftServerImpl.java:setRole(171)) - d0374445-0523-4424-8ee6-8868e0e9756c:group-D9DA313AE83E changes role from CANDIDATE to LEADER at term 1 for changeToLeader
2019-09-04 07:25:50,641 [d0374445-0523-4424-8ee6-8868e0e9756c:group-D9DA313AE83E:LeaderElection1] INFO  impl.RaftServerImpl (ServerState.java:setLeader(263)) - d0374445-0523-4424-8ee6-8868e0e9756c:group-D9DA313AE83E change Leader from null to d0374445-0523-4424-8ee6-8868e0e9756c at term 1 for becomeLeader, leader elected after 5345ms
2019-09-04 07:25:50,648 [d0374445-0523-4424-8ee6-8868e0e9756c:group-D9DA313AE83E:LeaderElection1] INFO  server.RaftServerConfigKeys (ConfUtils.java:logGet(43)) - raft.server.staging.catchup.gap = 1000 (default)
2019-09-04 07:25:50,648 [d0374445-0523-4424-8ee6-8868e0e9756c:group-D9DA313AE83E:LeaderElection1] INFO  server.RaftServerConfigKeys (ConfUtils.java:logGet(43)) - raft.server.rpc.sleep.time = 25ms (default)
2019-09-04 07:25:50,651 [d0374445-0523-4424-8ee6-8868e0e9756c:group-D9DA313AE83E:LeaderElection1] INFO  server.RaftServerConfigKeys (ConfUtils.java:logGet(43)) - raft.server.write.element-limit = 4096 (default)
2019-09-04 07:25:50,654 [d0374445-0523-4424-8ee6-8868e0e9756c:group-D9DA313AE83E:LeaderElection1] INFO  server.RaftServerConfigKeys (ConfUtils.java:logGet(43)) - raft.server.watch.timeout = 10s (default)
2019-09-04 07:25:50,654 [d0374445-0523-4424-8ee6-8868e0e9756c:group-D9DA313AE83E:LeaderElection1] INFO  server.RaftServerConfigKeys (ConfUtils.java:logGet(43)) - raft.server.watch.timeout.denomination = 1s (default)
2019-09-04 07:25:50,655 [d0374445-0523-4424-8ee6-8868e0e9756c:group-D9DA313AE83E:LeaderElection1] INFO  server.RaftServerConfigKeys (ConfUtils.java:logGet(43)) - raft.server.watch.element-limit = 65536 (default)
2019-09-04 07:25:50,665 [d0374445-0523-4424-8ee6-8868e0e9756c:group-D9DA313AE83E:LeaderElection1] INFO  impl.RoleInfo (RoleInfo.java:updateAndGet(143)) - d0374445-0523-4424-8ee6-8868e0e9756c: start LeaderState
2019-09-04 07:25:50,686 [d0374445-0523-4424-8ee6-8868e0e9756c:group-D9DA313AE83E:LeaderElection1] INFO  segmented.SegmentedRaftLogWorker (SegmentedRaftLogWorker.java:startLogSegment(380)) - d0374445-0523-4424-8ee6-8868e0e9756c-SegmentedRaftLogWorker:Storage Directory /workdir/hadoop-ozone/integration-test/target/test-dir/MiniOzoneClusterImpl-eebee087-8ab3-43a2-88dd-26af64f02abb/datanode-0/data/ratis/083bb2df-ff8b-4892-8c8c-d9da313ae83e: Starting segment from index:0
2019-09-04 07:25:50,695 [d0374445-0523-4424-8ee6-8868e0e9756c:group-D9DA313AE83E:LeaderElection1] INFO  impl.RaftServerImpl (ServerState.java:setRaftConf(361)) - d0374445-0523-4424-8ee6-8868e0e9756c:group-D9DA313AE83E set configuration 0: [d0374445-0523-4424-8ee6-8868e0e9756c:192.168.34.9:39154], old=null at 0
2019-09-04 07:25:50,793 | INFO  | SCMAudit | user=jenkins1000 | ip=192.168.34.9 | op=SEND_HEARTBEAT {datanodeUUID=d0374445-0523-4424-8ee6-8868e0e9756c, command=[]} | ret=SUCCESS |  
2019-09-04 07:25:50,849 [d0374445-0523-4424-8ee6-8868e0e9756c-SegmentedRaftLogWorker:Storage Directory /workdir/hadoop-ozone/integration-test/target/test-dir/MiniOzoneClusterImpl-eebee087-8ab3-43a2-88dd-26af64f02abb/datanode-0/data/ratis/083bb2df-ff8b-4892-8c8c-d9da313ae83e] INFO  segmented.SegmentedRaftLogWorker (SegmentedRaftLogWorker.java:execute(569)) - d0374445-0523-4424-8ee6-8868e0e9756c-SegmentedRaftLogWorker:Storage Directory /workdir/hadoop-ozone/integration-test/target/test-dir/MiniOzoneClusterImpl-eebee087-8ab3-43a2-88dd-26af64f02abb/datanode-0/data/ratis/083bb2df-ff8b-4892-8c8c-d9da313ae83e: created new log segment /workdir/hadoop-ozone/integration-test/target/test-dir/MiniOzoneClusterImpl-eebee087-8ab3-43a2-88dd-26af64f02abb/datanode-0/data/ratis/083bb2df-ff8b-4892-8c8c-d9da313ae83e/current/log_inprogress_0
2019-09-04 07:25:50,992 | INFO  | SCMAudit | user=jenkins1000 | ip=192.168.34.9 | op=SEND_HEARTBEAT {datanodeUUID=d0374445-0523-4424-8ee6-8868e0e9756c, command=[]} | ret=SUCCESS |  
2019-09-04 07:25:51,191 | INFO  | SCMAudit | user=jenkins1000 | ip=192.168.34.9 | op=SEND_HEARTBEAT {datanodeUUID=d0374445-0523-4424-8ee6-8868e0e9756c, command=[]} | ret=SUCCESS |  
2019-09-04 07:25:51,392 | INFO  | SCMAudit | user=jenkins1000 | ip=192.168.34.9 | op=SEND_HEARTBEAT {datanodeUUID=d0374445-0523-4424-8ee6-8868e0e9756c, command=[]} | ret=SUCCESS |  
2019-09-04 07:25:51,592 | INFO  | SCMAudit | user=jenkins1000 | ip=192.168.34.9 | op=SEND_HEARTBEAT {datanodeUUID=d0374445-0523-4424-8ee6-8868e0e9756c, command=[]} | ret=SUCCESS |  
2019-09-04 07:25:51,795 | INFO  | SCMAudit | user=jenkins1000 | ip=192.168.34.9 | op=SEND_HEARTBEAT {datanodeUUID=d0374445-0523-4424-8ee6-8868e0e9756c, command=[]} | ret=SUCCESS |  
2019-09-04 07:25:51,991 | INFO  | SCMAudit | user=jenkins1000 | ip=192.168.34.9 | op=SEND_HEARTBEAT {datanodeUUID=d0374445-0523-4424-8ee6-8868e0e9756c, command=[]} | ret=SUCCESS |  
2019-09-04 07:25:52,191 | INFO  | SCMAudit | user=jenkins1000 | ip=192.168.34.9 | op=SEND_HEARTBEAT {datanodeUUID=d0374445-0523-4424-8ee6-8868e0e9756c, command=[]} | ret=SUCCESS |  
2019-09-04 07:25:52,197 | INFO  | SCMAudit | user=jenkins1000 | ip=192.168.34.9 | op=SEND_HEARTBEAT {datanodeUUID=d0374445-0523-4424-8ee6-8868e0e9756c, command=[]} | ret=SUCCESS |  
2019-09-04 07:25:52,220 | INFO  | DNAudit | user=null | ip=null | op=WRITE_CHUNK {blockData=conID: 1 locID: 102733050395164673 bcsId: 0} | ret=SUCCESS |  
2019-09-04 07:25:52,238 | INFO  | DNAudit | user=null | ip=null | op=WRITE_CHUNK {blockData=conID: 1 locID: 102733050395164673 bcsId: 0} | ret=SUCCESS |  
2019-09-04 07:25:52,246 [grpc-default-executor-1] INFO  client.GrpcClientProtocolClient (GrpcClientProtocolClient.java:onNext(255)) - client-AD94F78939A3->d0374445-0523-4424-8ee6-8868e0e9756c: receive RaftClientReply:client-AD94F78939A3->d0374445-0523-4424-8ee6-8868e0e9756c@group-D9DA313AE83E, cid=1, SUCCESS, logIndex=1, commits[d0374445-0523-4424-8ee6-8868e0e9756c:c1]
2019-09-04 07:25:52,320 | INFO  | DNAudit | user=null | ip=null | op=PUT_BLOCK {blockData=[blockId=conID: 1 locID: 102733050395164673 bcsId: 0,size=5]} | ret=SUCCESS |  
2019-09-04 07:25:52,324 [grpc-default-executor-1] INFO  client.GrpcClientProtocolClient (GrpcClientProtocolClient.java:onNext(255)) - client-AD94F78939A3->d0374445-0523-4424-8ee6-8868e0e9756c: receive RaftClientReply:client-AD94F78939A3->d0374445-0523-4424-8ee6-8868e0e9756c@group-D9DA313AE83E, cid=2, SUCCESS, logIndex=3, commits[d0374445-0523-4424-8ee6-8868e0e9756c:c4]
2019-09-04 07:25:52,337 [pool-26-thread-3] ERROR impl.ChunkManagerImpl (ChunkUtils.java:getChunkFile(234)) - Chunks path does not exist
2019-09-04 07:25:52,338 [pool-26-thread-3] INFO  keyvalue.KeyValueHandler (ContainerUtils.java:logAndReturnError(146)) - Operation: WriteChunk : Trace ID: 4ae7a4898e2e7ac3:4ae7a4898e2e7ac3:0:0 : Message: Unable to get Chunks directory. : Result: UNABLE_TO_FIND_DATA_DIR
2019-09-04 07:25:52,340 [pool-26-thread-3] WARN  keyvalue.KeyValueHandler (KeyValueHandler.java:markContainerUnhealthy(909)) - Unexpected error while marking container 1 as unhealthy
org.apache.hadoop.hdds.scm.container.common.helpers.StorageContainerException: Error while creating/ updating .container file. ContainerID: 1
	at org.apache.hadoop.ozone.container.keyvalue.KeyValueContainer.writeToContainerFile(KeyValueContainer.java:233)
	at org.apache.hadoop.ozone.container.keyvalue.KeyValueContainer.updateContainerFile(KeyValueContainer.java:253)
	at org.apache.hadoop.ozone.container.keyvalue.KeyValueContainer.updateContainerData(KeyValueContainer.java:349)
	at org.apache.hadoop.ozone.container.keyvalue.KeyValueContainer.markContainerUnhealthy(KeyValueContainer.java:294)
	at org.apache.hadoop.ozone.container.keyvalue.KeyValueHandler.markContainerUnhealthy(KeyValueHandler.java:904)
	at org.apache.hadoop.ozone.container.common.impl.HddsDispatcher.dispatchRequest(HddsDispatcher.java:303)
	at org.apache.hadoop.ozone.container.common.impl.HddsDispatcher.dispatch(HddsDispatcher.java:148)
	at org.apache.hadoop.ozone.container.common.transport.server.ratis.ContainerStateMachine.dispatchCommand(ContainerStateMachine.java:395)
	at org.apache.hadoop.ozone.container.common.transport.server.ratis.ContainerStateMachine.runCommand(ContainerStateMachine.java:403)
	at org.apache.hadoop.ozone.container.common.transport.server.ratis.ContainerStateMachine.lambda$handleWriteChunk$1(ContainerStateMachine.java:435)
	at java.util.concurrent.CompletableFuture$AsyncSupply.run(CompletableFuture.java:1590)
	at java.util.concurrent.ThreadPoolExecutor.runWorker(ThreadPoolExecutor.java:1149)
	at java.util.concurrent.ThreadPoolExecutor$Worker.run(ThreadPoolExecutor.java:624)
	at java.lang.Thread.run(Thread.java:748)
Caused by: java.io.IOException: No such file or directory
	at java.io.UnixFileSystem.createFileExclusively(Native Method)
	at java.io.File.createTempFile(File.java:2024)
	at org.apache.hadoop.ozone.container.keyvalue.KeyValueContainer.createTempFile(KeyValueContainer.java:733)
	at org.apache.hadoop.ozone.container.keyvalue.KeyValueContainer.writeToContainerFile(KeyValueContainer.java:218)
	... 13 more
2019-09-04 07:25:52,343 [EventQueue-IncrementalContainerReportForIncrementalContainerReportHandler] WARN  container.IncrementalContainerReportHandler (AbstractContainerReportHandler.java:updateContainerState(143)) - Container #1 is in OPEN state, but the datanode d0374445-0523-4424-8ee6-8868e0e9756c{ip: 192.168.34.9, host: pr-hdds-1569-tfczc-1762686928, networkLocation: /default-rack, certSerialId: null} reports an UNHEALTHY replica.
2019-09-04 07:25:52,343 | INFO  | SCMAudit | user=jenkins1000 | ip=192.168.34.9 | op=SEND_HEARTBEAT {datanodeUUID=d0374445-0523-4424-8ee6-8868e0e9756c, command=[]} | ret=SUCCESS |  
2019-09-04 07:25:52,346 | ERROR | DNAudit | user=null | ip=null | op=WRITE_CHUNK {blockData=conID: 1 locID: 102733050395164673 bcsId: 3} | ret=FAILURE | java.lang.Exception: Unable to get Chunks directory.
	at org.apache.hadoop.ozone.container.common.impl.HddsDispatcher.dispatchRequest(HddsDispatcher.java:320)
	at org.apache.hadoop.ozone.container.common.impl.HddsDispatcher.dispatch(HddsDispatcher.java:148) 
2019-09-04 07:25:52,347 [pool-26-thread-3] ERROR ratis.ContainerStateMachine (ContainerStateMachine.java:lambda$handleWriteChunk$2(449)) - group-D9DA313AE83E: writeChunk writeStateMachineData failed: blockIdcontainerID: 1
localID: 102733050395164673
blockCommitSequenceId: 3
 logIndex 5 chunkName 102733050395164673_chunk_2 Error message: Unable to get Chunks directory. Container Result: UNABLE_TO_FIND_DATA_DIR
2019-09-04 07:25:52,356 [d0374445-0523-4424-8ee6-8868e0e9756c-SegmentedRaftLogWorker:Storage Directory /workdir/hadoop-ozone/integration-test/target/test-dir/MiniOzoneClusterImpl-eebee087-8ab3-43a2-88dd-26af64f02abb/datanode-0/data/ratis/083bb2df-ff8b-4892-8c8c-d9da313ae83e] ERROR ratis.XceiverServerRatis (XceiverServerRatis.java:triggerPipelineClose(561)) - pipeline Action CLOSE  on pipeline PipelineID=083bb2df-ff8b-4892-8c8c-d9da313ae83e.Reason : Unable to get Chunks directory.
2019-09-04 07:25:52,357 [d0374445-0523-4424-8ee6-8868e0e9756c-SegmentedRaftLogWorker:Storage Directory /workdir/hadoop-ozone/integration-test/target/test-dir/MiniOzoneClusterImpl-eebee087-8ab3-43a2-88dd-26af64f02abb/datanode-0/data/ratis/083bb2df-ff8b-4892-8c8c-d9da313ae83e] ERROR ratis.XceiverServerRatis (XceiverServerRatis.java:triggerPipelineClose(561)) - pipeline Action CLOSE  on pipeline PipelineID=083bb2df-ff8b-4892-8c8c-d9da313ae83e.Reason : Log already failed at index 5 for task WriteLog:5: (t:1, i:5), STATEMACHINELOGENTRY, client-AD94F78939A3, cid=3
2019-09-04 07:25:52,360 | INFO  | SCMAudit | user=jenkins1000 | ip=192.168.34.9 | op=SEND_HEARTBEAT {datanodeUUID=d0374445-0523-4424-8ee6-8868e0e9756c, command=[]} | ret=SUCCESS |  
2019-09-04 07:25:52,361 [EventQueue-PipelineActionsForPipelineActionHandler] ERROR pipeline.PipelineActionHandler (PipelineActionHandler.java:onMessage(60)) - Received pipeline action CLOSE for Pipeline[ Id: 083bb2df-ff8b-4892-8c8c-d9da313ae83e, Nodes: d0374445-0523-4424-8ee6-8868e0e9756c{ip: 192.168.34.9, host: pr-hdds-1569-tfczc-1762686928, networkLocation: /default-rack, certSerialId: null}, Type:RATIS, Factor:ONE, State:OPEN] from datanode d0374445-0523-4424-8ee6-8868e0e9756c{ip: 192.168.34.9, host: pr-hdds-1569-tfczc-1762686928, networkLocation: /default-rack, certSerialId: null}. Reason : Unable to get Chunks directory.
2019-09-04 07:25:52,361 [EventQueue-PipelineActionsForPipelineActionHandler] INFO  pipeline.SCMPipelineManager (SCMPipelineManager.java:finalizeAndDestroyPipeline(309)) - destroying pipeline:Pipeline[ Id: 083bb2df-ff8b-4892-8c8c-d9da313ae83e, Nodes: d0374445-0523-4424-8ee6-8868e0e9756c{ip: 192.168.34.9, host: pr-hdds-1569-tfczc-1762686928, networkLocation: /default-rack, certSerialId: null}, Type:RATIS, Factor:ONE, State:OPEN]
2019-09-04 07:25:52,362 [EventQueue-CloseContainerForCloseContainerEventHandler] INFO  container.CloseContainerEventHandler (CloseContainerEventHandler.java:onMessage(61)) - Close container Event triggered for container : #1
2019-09-04 07:25:52,363 | INFO  | SCMAudit | user=jenkins1000 | ip=192.168.34.9 | op=SEND_HEARTBEAT {datanodeUUID=d0374445-0523-4424-8ee6-8868e0e9756c, command=[]} | ret=SUCCESS |  
2019-09-04 07:25:52,363 [EventQueue-PipelineActionsForPipelineActionHandler] INFO  pipeline.PipelineStateManager (PipelineStateManager.java:finalizePipeline(123)) - Pipeline Pipeline[ Id: 083bb2df-ff8b-4892-8c8c-d9da313ae83e, Nodes: d0374445-0523-4424-8ee6-8868e0e9756c{ip: 192.168.34.9, host: pr-hdds-1569-tfczc-1762686928, networkLocation: /default-rack, certSerialId: null}, Type:RATIS, Factor:ONE, State:CLOSED] moved to CLOSED state
2019-09-04 07:25:52,367 [EventQueue-CloseContainerForCloseContainerEventHandler] INFO  container.CloseContainerEventHandler (CloseContainerEventHandler.java:onMessage(61)) - Close container Event triggered for container : #1
2019-09-04 07:25:52,581 | INFO  | SCMAudit | user=jenkins1000 | ip=192.168.34.9 | op=SEND_HEARTBEAT {datanodeUUID=d0374445-0523-4424-8ee6-8868e0e9756c, command=[commandType: closeContainerCommand closeContainerCommandProto { containerID: 1 pipelineID { id: "083bb2df-ff8b-4892-8c8c-d9da313ae83e" } cmdId: 1 force: false } , commandType: closeContainerCommand closeContainerCommandProto { containerID: 1 pipelineID { id: "083bb2df-ff8b-4892-8c8c-d9da313ae83e" } cmdId: 1 force: false } ]} | ret=SUCCESS |  
2019-09-04 07:25:52,758 | INFO  | SCMAudit | user=jenkins1000 | ip=192.168.34.9 | op=SEND_HEARTBEAT {datanodeUUID=d0374445-0523-4424-8ee6-8868e0e9756c, command=[]} | ret=SUCCESS |  
2019-09-04 07:25:52,958 | INFO  | SCMAudit | user=jenkins1000 | ip=192.168.34.9 | op=SEND_HEARTBEAT {datanodeUUID=d0374445-0523-4424-8ee6-8868e0e9756c, command=[]} | ret=SUCCESS |  
2019-09-04 07:25:52,994 [d0374445-0523-4424-8ee6-8868e0e9756c-SegmentedRaftLogWorker:Storage Directory /workdir/hadoop-ozone/integration-test/target/test-dir/MiniOzoneClusterImpl-eebee087-8ab3-43a2-88dd-26af64f02abb/datanode-0/data/ratis/083bb2df-ff8b-4892-8c8c-d9da313ae83e] ERROR ratis.XceiverServerRatis (XceiverServerRatis.java:triggerPipelineClose(561)) - pipeline Action CLOSE  on pipeline PipelineID=083bb2df-ff8b-4892-8c8c-d9da313ae83e.Reason : Log already failed at index 5 for task WriteLog:5: (t:1, i:5), STATEMACHINELOGENTRY, client-AD94F78939A3, cid=3
2019-09-04 07:25:52,998 | INFO  | SCMAudit | user=jenkins1000 | ip=192.168.34.9 | op=SEND_HEARTBEAT {datanodeUUID=d0374445-0523-4424-8ee6-8868e0e9756c, command=[]} | ret=SUCCESS |  
2019-09-04 07:25:52,998 [EventQueue-PipelineActionsForPipelineActionHandler] ERROR pipeline.PipelineActionHandler (PipelineActionHandler.java:onMessage(60)) - Received pipeline action CLOSE for Pipeline[ Id: 083bb2df-ff8b-4892-8c8c-d9da313ae83e, Nodes: d0374445-0523-4424-8ee6-8868e0e9756c{ip: 192.168.34.9, host: pr-hdds-1569-tfczc-1762686928, networkLocation: /default-rack, certSerialId: null}, Type:RATIS, Factor:ONE, State:CLOSED] from datanode d0374445-0523-4424-8ee6-8868e0e9756c{ip: 192.168.34.9, host: pr-hdds-1569-tfczc-1762686928, networkLocation: /default-rack, certSerialId: null}. Reason : Log already failed at index 5 for task WriteLog:5: (t:1, i:5), STATEMACHINELOGENTRY, client-AD94F78939A3, cid=3
2019-09-04 07:25:52,998 [EventQueue-PipelineActionsForPipelineActionHandler] INFO  pipeline.SCMPipelineManager (SCMPipelineManager.java:finalizeAndDestroyPipeline(309)) - destroying pipeline:Pipeline[ Id: 083bb2df-ff8b-4892-8c8c-d9da313ae83e, Nodes: d0374445-0523-4424-8ee6-8868e0e9756c{ip: 192.168.34.9, host: pr-hdds-1569-tfczc-1762686928, networkLocation: /default-rack, certSerialId: null}, Type:RATIS, Factor:ONE, State:CLOSED]
2019-09-04 07:25:53,196 | INFO  | SCMAudit | user=jenkins1000 | ip=192.168.34.9 | op=SEND_HEARTBEAT {datanodeUUID=d0374445-0523-4424-8ee6-8868e0e9756c, command=[]} | ret=SUCCESS |  
2019-09-04 07:25:53,396 | INFO  | SCMAudit | user=jenkins1000 | ip=192.168.34.9 | op=SEND_HEARTBEAT {datanodeUUID=d0374445-0523-4424-8ee6-8868e0e9756c, command=[]} | ret=SUCCESS |  
2019-09-04 07:25:53,595 | INFO  | SCMAudit | user=jenkins1000 | ip=192.168.34.9 | op=SEND_HEARTBEAT {datanodeUUID=d0374445-0523-4424-8ee6-8868e0e9756c, command=[]} | ret=SUCCESS |  
2019-09-04 07:25:53,796 | INFO  | SCMAudit | user=jenkins1000 | ip=192.168.34.9 | op=SEND_HEARTBEAT {datanodeUUID=d0374445-0523-4424-8ee6-8868e0e9756c, command=[]} | ret=SUCCESS |  
2019-09-04 07:25:53,995 | INFO  | SCMAudit | user=jenkins1000 | ip=192.168.34.9 | op=SEND_HEARTBEAT {datanodeUUID=d0374445-0523-4424-8ee6-8868e0e9756c, command=[]} | ret=SUCCESS |  
2019-09-04 07:25:54,196 | INFO  | SCMAudit | user=jenkins1000 | ip=192.168.34.9 | op=SEND_HEARTBEAT {datanodeUUID=d0374445-0523-4424-8ee6-8868e0e9756c, command=[]} | ret=SUCCESS |  
2019-09-04 07:25:54,397 | INFO  | SCMAudit | user=jenkins1000 | ip=192.168.34.9 | op=SEND_HEARTBEAT {datanodeUUID=d0374445-0523-4424-8ee6-8868e0e9756c, command=[]} | ret=SUCCESS |  
2019-09-04 07:25:54,597 | INFO  | SCMAudit | user=jenkins1000 | ip=192.168.34.9 | op=SEND_HEARTBEAT {datanodeUUID=d0374445-0523-4424-8ee6-8868e0e9756c, command=[]} | ret=SUCCESS |  
2019-09-04 07:25:54,799 | INFO  | SCMAudit | user=jenkins1000 | ip=192.168.34.9 | op=SEND_HEARTBEAT {datanodeUUID=d0374445-0523-4424-8ee6-8868e0e9756c, command=[]} | ret=SUCCESS |  
2019-09-04 07:25:54,997 | INFO  | SCMAudit | user=jenkins1000 | ip=192.168.34.9 | op=SEND_HEARTBEAT {datanodeUUID=d0374445-0523-4424-8ee6-8868e0e9756c, command=[]} | ret=SUCCESS |  
2019-09-04 07:25:55,196 | INFO  | SCMAudit | user=jenkins1000 | ip=192.168.34.9 | op=SEND_HEARTBEAT {datanodeUUID=d0374445-0523-4424-8ee6-8868e0e9756c, command=[]} | ret=SUCCESS |  
2019-09-04 07:25:55,397 | INFO  | SCMAudit | user=jenkins1000 | ip=192.168.34.9 | op=SEND_HEARTBEAT {datanodeUUID=d0374445-0523-4424-8ee6-8868e0e9756c, command=[]} | ret=SUCCESS |  
2019-09-04 07:25:55,597 | INFO  | SCMAudit | user=jenkins1000 | ip=192.168.34.9 | op=SEND_HEARTBEAT {datanodeUUID=d0374445-0523-4424-8ee6-8868e0e9756c, command=[]} | ret=SUCCESS |  
2019-09-04 07:25:55,797 | INFO  | SCMAudit | user=jenkins1000 | ip=192.168.34.9 | op=SEND_HEARTBEAT {datanodeUUID=d0374445-0523-4424-8ee6-8868e0e9756c, command=[]} | ret=SUCCESS |  
2019-09-04 07:25:55,997 | INFO  | SCMAudit | user=jenkins1000 | ip=192.168.34.9 | op=SEND_HEARTBEAT {datanodeUUID=d0374445-0523-4424-8ee6-8868e0e9756c, command=[]} | ret=SUCCESS |  
2019-09-04 07:25:56,197 | INFO  | SCMAudit | user=jenkins1000 | ip=192.168.34.9 | op=SEND_HEARTBEAT {datanodeUUID=d0374445-0523-4424-8ee6-8868e0e9756c, command=[]} | ret=SUCCESS |  
2019-09-04 07:25:56,397 | INFO  | SCMAudit | user=jenkins1000 | ip=192.168.34.9 | op=SEND_HEARTBEAT {datanodeUUID=d0374445-0523-4424-8ee6-8868e0e9756c, command=[]} | ret=SUCCESS |  
2019-09-04 07:25:56,596 | INFO  | SCMAudit | user=jenkins1000 | ip=192.168.34.9 | op=SEND_HEARTBEAT {datanodeUUID=d0374445-0523-4424-8ee6-8868e0e9756c, command=[]} | ret=SUCCESS |  
2019-09-04 07:25:56,797 | INFO  | SCMAudit | user=jenkins1000 | ip=192.168.34.9 | op=SEND_HEARTBEAT {datanodeUUID=d0374445-0523-4424-8ee6-8868e0e9756c, command=[]} | ret=SUCCESS |  
2019-09-04 07:25:56,998 | INFO  | SCMAudit | user=jenkins1000 | ip=192.168.34.9 | op=SEND_HEARTBEAT {datanodeUUID=d0374445-0523-4424-8ee6-8868e0e9756c, command=[]} | ret=SUCCESS |  
2019-09-04 07:25:57,198 | INFO  | SCMAudit | user=jenkins1000 | ip=192.168.34.9 | op=SEND_HEARTBEAT {datanodeUUID=d0374445-0523-4424-8ee6-8868e0e9756c, command=[]} | ret=SUCCESS |  
2019-09-04 07:25:57,399 | INFO  | SCMAudit | user=jenkins1000 | ip=192.168.34.9 | op=SEND_HEARTBEAT {datanodeUUID=d0374445-0523-4424-8ee6-8868e0e9756c, command=[]} | ret=SUCCESS |  
2019-09-04 07:25:57,599 | INFO  | SCMAudit | user=jenkins1000 | ip=192.168.34.9 | op=SEND_HEARTBEAT {datanodeUUID=d0374445-0523-4424-8ee6-8868e0e9756c, command=[]} | ret=SUCCESS |  
2019-09-04 07:25:57,799 | INFO  | SCMAudit | user=jenkins1000 | ip=192.168.34.9 | op=SEND_HEARTBEAT {datanodeUUID=d0374445-0523-4424-8ee6-8868e0e9756c, command=[]} | ret=SUCCESS |  
2019-09-04 07:25:58,000 | INFO  | SCMAudit | user=jenkins1000 | ip=192.168.34.9 | op=SEND_HEARTBEAT {datanodeUUID=d0374445-0523-4424-8ee6-8868e0e9756c, command=[]} | ret=SUCCESS |  
2019-09-04 07:25:58,200 | INFO  | SCMAudit | user=jenkins1000 | ip=192.168.34.9 | op=SEND_HEARTBEAT {datanodeUUID=d0374445-0523-4424-8ee6-8868e0e9756c, command=[]} | ret=SUCCESS |  
2019-09-04 07:25:58,399 | INFO  | SCMAudit | user=jenkins1000 | ip=192.168.34.9 | op=SEND_HEARTBEAT {datanodeUUID=d0374445-0523-4424-8ee6-8868e0e9756c, command=[]} | ret=SUCCESS |  
2019-09-04 07:25:58,599 | INFO  | SCMAudit | user=jenkins1000 | ip=192.168.34.9 | op=SEND_HEARTBEAT {datanodeUUID=d0374445-0523-4424-8ee6-8868e0e9756c, command=[]} | ret=SUCCESS |  
2019-09-04 07:25:58,799 | INFO  | SCMAudit | user=jenkins1000 | ip=192.168.34.9 | op=SEND_HEARTBEAT {datanodeUUID=d0374445-0523-4424-8ee6-8868e0e9756c, command=[]} | ret=SUCCESS |  
2019-09-04 07:25:58,999 | INFO  | SCMAudit | user=jenkins1000 | ip=192.168.34.9 | op=SEND_HEARTBEAT {datanodeUUID=d0374445-0523-4424-8ee6-8868e0e9756c, command=[]} | ret=SUCCESS |  
2019-09-04 07:25:59,200 | INFO  | SCMAudit | user=jenkins1000 | ip=192.168.34.9 | op=SEND_HEARTBEAT {datanodeUUID=d0374445-0523-4424-8ee6-8868e0e9756c, command=[]} | ret=SUCCESS |  
2019-09-04 07:25:59,401 | INFO  | SCMAudit | user=jenkins1000 | ip=192.168.34.9 | op=SEND_HEARTBEAT {datanodeUUID=d0374445-0523-4424-8ee6-8868e0e9756c, command=[]} | ret=SUCCESS |  
2019-09-04 07:25:59,601 | INFO  | SCMAudit | user=jenkins1000 | ip=192.168.34.9 | op=SEND_HEARTBEAT {datanodeUUID=d0374445-0523-4424-8ee6-8868e0e9756c, command=[]} | ret=SUCCESS |  
2019-09-04 07:25:59,802 | INFO  | SCMAudit | user=jenkins1000 | ip=192.168.34.9 | op=SEND_HEARTBEAT {datanodeUUID=d0374445-0523-4424-8ee6-8868e0e9756c, command=[]} | ret=SUCCESS |  
2019-09-04 07:26:00,003 | INFO  | SCMAudit | user=jenkins1000 | ip=192.168.34.9 | op=SEND_HEARTBEAT {datanodeUUID=d0374445-0523-4424-8ee6-8868e0e9756c, command=[]} | ret=SUCCESS |  
2019-09-04 07:26:00,203 | INFO  | SCMAudit | user=jenkins1000 | ip=192.168.34.9 | op=SEND_HEARTBEAT {datanodeUUID=d0374445-0523-4424-8ee6-8868e0e9756c, command=[]} | ret=SUCCESS |  
2019-09-04 07:26:00,402 | INFO  | SCMAudit | user=jenkins1000 | ip=192.168.34.9 | op=SEND_HEARTBEAT {datanodeUUID=d0374445-0523-4424-8ee6-8868e0e9756c, command=[]} | ret=SUCCESS |  
2019-09-04 07:26:00,603 | INFO  | SCMAudit | user=jenkins1000 | ip=192.168.34.9 | op=SEND_HEARTBEAT {datanodeUUID=d0374445-0523-4424-8ee6-8868e0e9756c, command=[]} | ret=SUCCESS |  
2019-09-04 07:26:00,802 | INFO  | SCMAudit | user=jenkins1000 | ip=192.168.34.9 | op=SEND_HEARTBEAT {datanodeUUID=d0374445-0523-4424-8ee6-8868e0e9756c, command=[]} | ret=SUCCESS |  
2019-09-04 07:26:01,003 | INFO  | SCMAudit | user=jenkins1000 | ip=192.168.34.9 | op=SEND_HEARTBEAT {datanodeUUID=d0374445-0523-4424-8ee6-8868e0e9756c, command=[]} | ret=SUCCESS |  
2019-09-04 07:26:01,203 | INFO  | SCMAudit | user=jenkins1000 | ip=192.168.34.9 | op=SEND_HEARTBEAT {datanodeUUID=d0374445-0523-4424-8ee6-8868e0e9756c, command=[]} | ret=SUCCESS |  
2019-09-04 07:26:01,402 | INFO  | SCMAudit | user=jenkins1000 | ip=192.168.34.9 | op=SEND_HEARTBEAT {datanodeUUID=d0374445-0523-4424-8ee6-8868e0e9756c, command=[]} | ret=SUCCESS |  
2019-09-04 07:26:01,603 | INFO  | SCMAudit | user=jenkins1000 | ip=192.168.34.9 | op=SEND_HEARTBEAT {datanodeUUID=d0374445-0523-4424-8ee6-8868e0e9756c, command=[]} | ret=SUCCESS |  
2019-09-04 07:26:01,802 | INFO  | SCMAudit | user=jenkins1000 | ip=192.168.34.9 | op=SEND_HEARTBEAT {datanodeUUID=d0374445-0523-4424-8ee6-8868e0e9756c, command=[]} | ret=SUCCESS |  
2019-09-04 07:26:02,002 | INFO  | SCMAudit | user=jenkins1000 | ip=192.168.34.9 | op=SEND_HEARTBEAT {datanodeUUID=d0374445-0523-4424-8ee6-8868e0e9756c, command=[]} | ret=SUCCESS |  
2019-09-04 07:26:02,202 | INFO  | SCMAudit | user=jenkins1000 | ip=192.168.34.9 | op=SEND_HEARTBEAT {datanodeUUID=d0374445-0523-4424-8ee6-8868e0e9756c, command=[]} | ret=SUCCESS |  
2019-09-04 07:26:02,403 | INFO  | SCMAudit | user=jenkins1000 | ip=192.168.34.9 | op=SEND_HEARTBEAT {datanodeUUID=d0374445-0523-4424-8ee6-8868e0e9756c, command=[]} | ret=SUCCESS |  
2019-09-04 07:26:02,602 | INFO  | SCMAudit | user=jenkins1000 | ip=192.168.34.9 | op=SEND_HEARTBEAT {datanodeUUID=d0374445-0523-4424-8ee6-8868e0e9756c, command=[]} | ret=SUCCESS |  
2019-09-04 07:26:02,802 | INFO  | SCMAudit | user=jenkins1000 | ip=192.168.34.9 | op=SEND_HEARTBEAT {datanodeUUID=d0374445-0523-4424-8ee6-8868e0e9756c, command=[]} | ret=SUCCESS |  
2019-09-04 07:26:03,002 | INFO  | SCMAudit | user=jenkins1000 | ip=192.168.34.9 | op=SEND_HEARTBEAT {datanodeUUID=d0374445-0523-4424-8ee6-8868e0e9756c, command=[]} | ret=SUCCESS |  
2019-09-04 07:26:03,202 | INFO  | SCMAudit | user=jenkins1000 | ip=192.168.34.9 | op=SEND_HEARTBEAT {datanodeUUID=d0374445-0523-4424-8ee6-8868e0e9756c, command=[]} | ret=SUCCESS |  
2019-09-04 07:26:03,402 | INFO  | SCMAudit | user=jenkins1000 | ip=192.168.34.9 | op=SEND_HEARTBEAT {datanodeUUID=d0374445-0523-4424-8ee6-8868e0e9756c, command=[]} | ret=SUCCESS |  
2019-09-04 07:26:03,602 | INFO  | SCMAudit | user=jenkins1000 | ip=192.168.34.9 | op=SEND_HEARTBEAT {datanodeUUID=d0374445-0523-4424-8ee6-8868e0e9756c, command=[]} | ret=SUCCESS |  
2019-09-04 07:26:03,803 | INFO  | SCMAudit | user=jenkins1000 | ip=192.168.34.9 | op=SEND_HEARTBEAT {datanodeUUID=d0374445-0523-4424-8ee6-8868e0e9756c, command=[]} | ret=SUCCESS |  
2019-09-04 07:26:04,003 | INFO  | SCMAudit | user=jenkins1000 | ip=192.168.34.9 | op=SEND_HEARTBEAT {datanodeUUID=d0374445-0523-4424-8ee6-8868e0e9756c, command=[]} | ret=SUCCESS |  
2019-09-04 07:26:04,203 | INFO  | SCMAudit | user=jenkins1000 | ip=192.168.34.9 | op=SEND_HEARTBEAT {datanodeUUID=d0374445-0523-4424-8ee6-8868e0e9756c, command=[]} | ret=SUCCESS |  
2019-09-04 07:26:04,404 | INFO  | SCMAudit | user=jenkins1000 | ip=192.168.34.9 | op=SEND_HEARTBEAT {datanodeUUID=d0374445-0523-4424-8ee6-8868e0e9756c, command=[]} | ret=SUCCESS |  
2019-09-04 07:26:04,603 | INFO  | SCMAudit | user=jenkins1000 | ip=192.168.34.9 | op=SEND_HEARTBEAT {datanodeUUID=d0374445-0523-4424-8ee6-8868e0e9756c, command=[]} | ret=SUCCESS |  
2019-09-04 07:26:04,804 | INFO  | SCMAudit | user=jenkins1000 | ip=192.168.34.9 | op=SEND_HEARTBEAT {datanodeUUID=d0374445-0523-4424-8ee6-8868e0e9756c, command=[]} | ret=SUCCESS |  
2019-09-04 07:26:05,004 | INFO  | SCMAudit | user=jenkins1000 | ip=192.168.34.9 | op=SEND_HEARTBEAT {datanodeUUID=d0374445-0523-4424-8ee6-8868e0e9756c, command=[]} | ret=SUCCESS |  
2019-09-04 07:26:05,205 | INFO  | SCMAudit | user=jenkins1000 | ip=192.168.34.9 | op=SEND_HEARTBEAT {datanodeUUID=d0374445-0523-4424-8ee6-8868e0e9756c, command=[]} | ret=SUCCESS |  
2019-09-04 07:26:05,405 | INFO  | SCMAudit | user=jenkins1000 | ip=192.168.34.9 | op=SEND_HEARTBEAT {datanodeUUID=d0374445-0523-4424-8ee6-8868e0e9756c, command=[]} | ret=SUCCESS |  
2019-09-04 07:26:05,604 | INFO  | SCMAudit | user=jenkins1000 | ip=192.168.34.9 | op=SEND_HEARTBEAT {datanodeUUID=d0374445-0523-4424-8ee6-8868e0e9756c, command=[]} | ret=SUCCESS |  
2019-09-04 07:26:05,804 | INFO  | SCMAudit | user=jenkins1000 | ip=192.168.34.9 | op=SEND_HEARTBEAT {datanodeUUID=d0374445-0523-4424-8ee6-8868e0e9756c, command=[]} | ret=SUCCESS |  
2019-09-04 07:26:06,004 | INFO  | SCMAudit | user=jenkins1000 | ip=192.168.34.9 | op=SEND_HEARTBEAT {datanodeUUID=d0374445-0523-4424-8ee6-8868e0e9756c, command=[]} | ret=SUCCESS |  
2019-09-04 07:26:06,204 | INFO  | SCMAudit | user=jenkins1000 | ip=192.168.34.9 | op=SEND_HEARTBEAT {datanodeUUID=d0374445-0523-4424-8ee6-8868e0e9756c, command=[]} | ret=SUCCESS |  
2019-09-04 07:26:06,405 | INFO  | SCMAudit | user=jenkins1000 | ip=192.168.34.9 | op=SEND_HEARTBEAT {datanodeUUID=d0374445-0523-4424-8ee6-8868e0e9756c, command=[]} | ret=SUCCESS |  
2019-09-04 07:26:06,604 | INFO  | SCMAudit | user=jenkins1000 | ip=192.168.34.9 | op=SEND_HEARTBEAT {datanodeUUID=d0374445-0523-4424-8ee6-8868e0e9756c, command=[]} | ret=SUCCESS |  
2019-09-04 07:26:06,804 | INFO  | SCMAudit | user=jenkins1000 | ip=192.168.34.9 | op=SEND_HEARTBEAT {datanodeUUID=d0374445-0523-4424-8ee6-8868e0e9756c, command=[]} | ret=SUCCESS |  
2019-09-04 07:26:07,005 | INFO  | SCMAudit | user=jenkins1000 | ip=192.168.34.9 | op=SEND_HEARTBEAT {datanodeUUID=d0374445-0523-4424-8ee6-8868e0e9756c, command=[]} | ret=SUCCESS |  
2019-09-04 07:26:07,205 | INFO  | SCMAudit | user=jenkins1000 | ip=192.168.34.9 | op=SEND_HEARTBEAT {datanodeUUID=d0374445-0523-4424-8ee6-8868e0e9756c, command=[]} | ret=SUCCESS |  
2019-09-04 07:26:07,404 | INFO  | SCMAudit | user=jenkins1000 | ip=192.168.34.9 | op=SEND_HEARTBEAT {datanodeUUID=d0374445-0523-4424-8ee6-8868e0e9756c, command=[]} | ret=SUCCESS |  
2019-09-04 07:26:07,604 | INFO  | SCMAudit | user=jenkins1000 | ip=192.168.34.9 | op=SEND_HEARTBEAT {datanodeUUID=d0374445-0523-4424-8ee6-8868e0e9756c, command=[]} | ret=SUCCESS |  
2019-09-04 07:26:07,804 | INFO  | SCMAudit | user=jenkins1000 | ip=192.168.34.9 | op=SEND_HEARTBEAT {datanodeUUID=d0374445-0523-4424-8ee6-8868e0e9756c, command=[]} | ret=SUCCESS |  
2019-09-04 07:26:08,005 | INFO  | SCMAudit | user=jenkins1000 | ip=192.168.34.9 | op=SEND_HEARTBEAT {datanodeUUID=d0374445-0523-4424-8ee6-8868e0e9756c, command=[]} | ret=SUCCESS |  
2019-09-04 07:26:08,205 | INFO  | SCMAudit | user=jenkins1000 | ip=192.168.34.9 | op=SEND_HEARTBEAT {datanodeUUID=d0374445-0523-4424-8ee6-8868e0e9756c, command=[]} | ret=SUCCESS |  
2019-09-04 07:26:08,405 | INFO  | SCMAudit | user=jenkins1000 | ip=192.168.34.9 | op=SEND_HEARTBEAT {datanodeUUID=d0374445-0523-4424-8ee6-8868e0e9756c, command=[]} | ret=SUCCESS |  
2019-09-04 07:26:08,606 | INFO  | SCMAudit | user=jenkins1000 | ip=192.168.34.9 | op=SEND_HEARTBEAT {datanodeUUID=d0374445-0523-4424-8ee6-8868e0e9756c, command=[]} | ret=SUCCESS |  
2019-09-04 07:26:08,805 | INFO  | SCMAudit | user=jenkins1000 | ip=192.168.34.9 | op=SEND_HEARTBEAT {datanodeUUID=d0374445-0523-4424-8ee6-8868e0e9756c, command=[]} | ret=SUCCESS |  
2019-09-04 07:26:09,005 | INFO  | SCMAudit | user=jenkins1000 | ip=192.168.34.9 | op=SEND_HEARTBEAT {datanodeUUID=d0374445-0523-4424-8ee6-8868e0e9756c, command=[]} | ret=SUCCESS |  
2019-09-04 07:26:09,206 | INFO  | SCMAudit | user=jenkins1000 | ip=192.168.34.9 | op=SEND_HEARTBEAT {datanodeUUID=d0374445-0523-4424-8ee6-8868e0e9756c, command=[]} | ret=SUCCESS |  
2019-09-04 07:26:09,405 | INFO  | SCMAudit | user=jenkins1000 | ip=192.168.34.9 | op=SEND_HEARTBEAT {datanodeUUID=d0374445-0523-4424-8ee6-8868e0e9756c, command=[]} | ret=SUCCESS |  
2019-09-04 07:26:09,606 | INFO  | SCMAudit | user=jenkins1000 | ip=192.168.34.9 | op=SEND_HEARTBEAT {datanodeUUID=d0374445-0523-4424-8ee6-8868e0e9756c, command=[]} | ret=SUCCESS |  
2019-09-04 07:26:09,807 | INFO  | SCMAudit | user=jenkins1000 | ip=192.168.34.9 | op=SEND_HEARTBEAT {datanodeUUID=d0374445-0523-4424-8ee6-8868e0e9756c, command=[]} | ret=SUCCESS |  
2019-09-04 07:26:10,006 | INFO  | SCMAudit | user=jenkins1000 | ip=192.168.34.9 | op=SEND_HEARTBEAT {datanodeUUID=d0374445-0523-4424-8ee6-8868e0e9756c, command=[]} | ret=SUCCESS |  
2019-09-04 07:26:10,207 | INFO  | SCMAudit | user=jenkins1000 | ip=192.168.34.9 | op=SEND_HEARTBEAT {datanodeUUID=d0374445-0523-4424-8ee6-8868e0e9756c, command=[]} | ret=SUCCESS |  
2019-09-04 07:26:10,406 | INFO  | SCMAudit | user=jenkins1000 | ip=192.168.34.9 | op=SEND_HEARTBEAT {datanodeUUID=d0374445-0523-4424-8ee6-8868e0e9756c, command=[]} | ret=SUCCESS |  
2019-09-04 07:26:10,607 | INFO  | SCMAudit | user=jenkins1000 | ip=192.168.34.9 | op=SEND_HEARTBEAT {datanodeUUID=d0374445-0523-4424-8ee6-8868e0e9756c, command=[]} | ret=SUCCESS |  
2019-09-04 07:26:10,807 | INFO  | SCMAudit | user=jenkins1000 | ip=192.168.34.9 | op=SEND_HEARTBEAT {datanodeUUID=d0374445-0523-4424-8ee6-8868e0e9756c, command=[]} | ret=SUCCESS |  
2019-09-04 07:26:11,008 | INFO  | SCMAudit | user=jenkins1000 | ip=192.168.34.9 | op=SEND_HEARTBEAT {datanodeUUID=d0374445-0523-4424-8ee6-8868e0e9756c, command=[]} | ret=SUCCESS |  
2019-09-04 07:26:11,207 | INFO  | SCMAudit | user=jenkins1000 | ip=192.168.34.9 | op=SEND_HEARTBEAT {datanodeUUID=d0374445-0523-4424-8ee6-8868e0e9756c, command=[]} | ret=SUCCESS |  
2019-09-04 07:26:11,407 | INFO  | SCMAudit | user=jenkins1000 | ip=192.168.34.9 | op=SEND_HEARTBEAT {datanodeUUID=d0374445-0523-4424-8ee6-8868e0e9756c, command=[]} | ret=SUCCESS |  
2019-09-04 07:26:11,607 | INFO  | SCMAudit | user=jenkins1000 | ip=192.168.34.9 | op=SEND_HEARTBEAT {datanodeUUID=d0374445-0523-4424-8ee6-8868e0e9756c, command=[]} | ret=SUCCESS |  
2019-09-04 07:26:11,806 | INFO  | SCMAudit | user=jenkins1000 | ip=192.168.34.9 | op=SEND_HEARTBEAT {datanodeUUID=d0374445-0523-4424-8ee6-8868e0e9756c, command=[]} | ret=SUCCESS |  
2019-09-04 07:26:12,008 | INFO  | SCMAudit | user=jenkins1000 | ip=192.168.34.9 | op=SEND_HEARTBEAT {datanodeUUID=d0374445-0523-4424-8ee6-8868e0e9756c, command=[]} | ret=SUCCESS |  
2019-09-04 07:26:12,208 | INFO  | SCMAudit | user=jenkins1000 | ip=192.168.34.9 | op=SEND_HEARTBEAT {datanodeUUID=d0374445-0523-4424-8ee6-8868e0e9756c, command=[]} | ret=SUCCESS |  
2019-09-04 07:26:12,408 | INFO  | SCMAudit | user=jenkins1000 | ip=192.168.34.9 | op=SEND_HEARTBEAT {datanodeUUID=d0374445-0523-4424-8ee6-8868e0e9756c, command=[]} | ret=SUCCESS |  
2019-09-04 07:26:12,608 | INFO  | SCMAudit | user=jenkins1000 | ip=192.168.34.9 | op=SEND_HEARTBEAT {datanodeUUID=d0374445-0523-4424-8ee6-8868e0e9756c, command=[]} | ret=SUCCESS |  
2019-09-04 07:26:12,809 | INFO  | SCMAudit | user=jenkins1000 | ip=192.168.34.9 | op=SEND_HEARTBEAT {datanodeUUID=d0374445-0523-4424-8ee6-8868e0e9756c, command=[]} | ret=SUCCESS |  
2019-09-04 07:26:13,008 | INFO  | SCMAudit | user=jenkins1000 | ip=192.168.34.9 | op=SEND_HEARTBEAT {datanodeUUID=d0374445-0523-4424-8ee6-8868e0e9756c, command=[]} | ret=SUCCESS |  
2019-09-04 07:26:13,209 | INFO  | SCMAudit | user=jenkins1000 | ip=192.168.34.9 | op=SEND_HEARTBEAT {datanodeUUID=d0374445-0523-4424-8ee6-8868e0e9756c, command=[]} | ret=SUCCESS |  
2019-09-04 07:26:13,408 | INFO  | SCMAudit | user=jenkins1000 | ip=192.168.34.9 | op=SEND_HEARTBEAT {datanodeUUID=d0374445-0523-4424-8ee6-8868e0e9756c, command=[]} | ret=SUCCESS |  
2019-09-04 07:26:13,608 | INFO  | SCMAudit | user=jenkins1000 | ip=192.168.34.9 | op=SEND_HEARTBEAT {datanodeUUID=d0374445-0523-4424-8ee6-8868e0e9756c, command=[]} | ret=SUCCESS |  
2019-09-04 07:26:13,808 | INFO  | SCMAudit | user=jenkins1000 | ip=192.168.34.9 | op=SEND_HEARTBEAT {datanodeUUID=d0374445-0523-4424-8ee6-8868e0e9756c, command=[]} | ret=SUCCESS |  
2019-09-04 07:26:14,008 | INFO  | SCMAudit | user=jenkins1000 | ip=192.168.34.9 | op=SEND_HEARTBEAT {datanodeUUID=d0374445-0523-4424-8ee6-8868e0e9756c, command=[]} | ret=SUCCESS |  
2019-09-04 07:26:14,208 | INFO  | SCMAudit | user=jenkins1000 | ip=192.168.34.9 | op=SEND_HEARTBEAT {datanodeUUID=d0374445-0523-4424-8ee6-8868e0e9756c, command=[]} | ret=SUCCESS |  
2019-09-04 07:26:14,408 | INFO  | SCMAudit | user=jenkins1000 | ip=192.168.34.9 | op=SEND_HEARTBEAT {datanodeUUID=d0374445-0523-4424-8ee6-8868e0e9756c, command=[]} | ret=SUCCESS |  
2019-09-04 07:26:14,609 | INFO  | SCMAudit | user=jenkins1000 | ip=192.168.34.9 | op=SEND_HEARTBEAT {datanodeUUID=d0374445-0523-4424-8ee6-8868e0e9756c, command=[]} | ret=SUCCESS |  
2019-09-04 07:26:14,809 | INFO  | SCMAudit | user=jenkins1000 | ip=192.168.34.9 | op=SEND_HEARTBEAT {datanodeUUID=d0374445-0523-4424-8ee6-8868e0e9756c, command=[]} | ret=SUCCESS |  
2019-09-04 07:26:15,009 | INFO  | SCMAudit | user=jenkins1000 | ip=192.168.34.9 | op=SEND_HEARTBEAT {datanodeUUID=d0374445-0523-4424-8ee6-8868e0e9756c, command=[]} | ret=SUCCESS |  
2019-09-04 07:26:15,210 | INFO  | SCMAudit | user=jenkins1000 | ip=192.168.34.9 | op=SEND_HEARTBEAT {datanodeUUID=d0374445-0523-4424-8ee6-8868e0e9756c, command=[]} | ret=SUCCESS |  
2019-09-04 07:26:15,409 | INFO  | SCMAudit | user=jenkins1000 | ip=192.168.34.9 | op=SEND_HEARTBEAT {datanodeUUID=d0374445-0523-4424-8ee6-8868e0e9756c, command=[]} | ret=SUCCESS |  
2019-09-04 07:26:15,609 | INFO  | SCMAudit | user=jenkins1000 | ip=192.168.34.9 | op=SEND_HEARTBEAT {datanodeUUID=d0374445-0523-4424-8ee6-8868e0e9756c, command=[]} | ret=SUCCESS |  
2019-09-04 07:26:15,810 | INFO  | SCMAudit | user=jenkins1000 | ip=192.168.34.9 | op=SEND_HEARTBEAT {datanodeUUID=d0374445-0523-4424-8ee6-8868e0e9756c, command=[]} | ret=SUCCESS |  
2019-09-04 07:26:16,010 | INFO  | SCMAudit | user=jenkins1000 | ip=192.168.34.9 | op=SEND_HEARTBEAT {datanodeUUID=d0374445-0523-4424-8ee6-8868e0e9756c, command=[]} | ret=SUCCESS |  
2019-09-04 07:26:16,212 | INFO  | SCMAudit | user=jenkins1000 | ip=192.168.34.9 | op=SEND_HEARTBEAT {datanodeUUID=d0374445-0523-4424-8ee6-8868e0e9756c, command=[]} | ret=SUCCESS |  
2019-09-04 07:26:16,412 | INFO  | SCMAudit | user=jenkins1000 | ip=192.168.34.9 | op=SEND_HEARTBEAT {datanodeUUID=d0374445-0523-4424-8ee6-8868e0e9756c, command=[]} | ret=SUCCESS |  
2019-09-04 07:26:16,612 | INFO  | SCMAudit | user=jenkins1000 | ip=192.168.34.9 | op=SEND_HEARTBEAT {datanodeUUID=d0374445-0523-4424-8ee6-8868e0e9756c, command=[]} | ret=SUCCESS |  
2019-09-04 07:26:16,812 | INFO  | SCMAudit | user=jenkins1000 | ip=192.168.34.9 | op=SEND_HEARTBEAT {datanodeUUID=d0374445-0523-4424-8ee6-8868e0e9756c, command=[]} | ret=SUCCESS |  
2019-09-04 07:26:17,012 | INFO  | SCMAudit | user=jenkins1000 | ip=192.168.34.9 | op=SEND_HEARTBEAT {datanodeUUID=d0374445-0523-4424-8ee6-8868e0e9756c, command=[]} | ret=SUCCESS |  
2019-09-04 07:26:17,212 | INFO  | SCMAudit | user=jenkins1000 | ip=192.168.34.9 | op=SEND_HEARTBEAT {datanodeUUID=d0374445-0523-4424-8ee6-8868e0e9756c, command=[]} | ret=SUCCESS |  
2019-09-04 07:26:17,413 | INFO  | SCMAudit | user=jenkins1000 | ip=192.168.34.9 | op=SEND_HEARTBEAT {datanodeUUID=d0374445-0523-4424-8ee6-8868e0e9756c, command=[]} | ret=SUCCESS |  
2019-09-04 07:26:17,614 | INFO  | SCMAudit | user=jenkins1000 | ip=192.168.34.9 | op=SEND_HEARTBEAT {datanodeUUID=d0374445-0523-4424-8ee6-8868e0e9756c, command=[]} | ret=SUCCESS |  
2019-09-04 07:26:17,813 | INFO  | SCMAudit | user=jenkins1000 | ip=192.168.34.9 | op=SEND_HEARTBEAT {datanodeUUID=d0374445-0523-4424-8ee6-8868e0e9756c, command=[]} | ret=SUCCESS |  
2019-09-04 07:26:18,012 | INFO  | SCMAudit | user=jenkins1000 | ip=192.168.34.9 | op=SEND_HEARTBEAT {datanodeUUID=d0374445-0523-4424-8ee6-8868e0e9756c, command=[]} | ret=SUCCESS |  
2019-09-04 07:26:18,212 | INFO  | SCMAudit | user=jenkins1000 | ip=192.168.34.9 | op=SEND_HEARTBEAT {datanodeUUID=d0374445-0523-4424-8ee6-8868e0e9756c, command=[]} | ret=SUCCESS |  
2019-09-04 07:26:18,413 | INFO  | SCMAudit | user=jenkins1000 | ip=192.168.34.9 | op=SEND_HEARTBEAT {datanodeUUID=d0374445-0523-4424-8ee6-8868e0e9756c, command=[]} | ret=SUCCESS |  
2019-09-04 07:26:18,612 | INFO  | SCMAudit | user=jenkins1000 | ip=192.168.34.9 | op=SEND_HEARTBEAT {datanodeUUID=d0374445-0523-4424-8ee6-8868e0e9756c, command=[]} | ret=SUCCESS |  
2019-09-04 07:26:18,812 | INFO  | SCMAudit | user=jenkins1000 | ip=192.168.34.9 | op=SEND_HEARTBEAT {datanodeUUID=d0374445-0523-4424-8ee6-8868e0e9756c, command=[]} | ret=SUCCESS |  
2019-09-04 07:26:19,012 | INFO  | SCMAudit | user=jenkins1000 | ip=192.168.34.9 | op=SEND_HEARTBEAT {datanodeUUID=d0374445-0523-4424-8ee6-8868e0e9756c, command=[]} | ret=SUCCESS |  
2019-09-04 07:26:19,212 | INFO  | SCMAudit | user=jenkins1000 | ip=192.168.34.9 | op=SEND_HEARTBEAT {datanodeUUID=d0374445-0523-4424-8ee6-8868e0e9756c, command=[]} | ret=SUCCESS |  
2019-09-04 07:26:19,412 | INFO  | SCMAudit | user=jenkins1000 | ip=192.168.34.9 | op=SEND_HEARTBEAT {datanodeUUID=d0374445-0523-4424-8ee6-8868e0e9756c, command=[]} | ret=SUCCESS |  
2019-09-04 07:26:19,612 | INFO  | SCMAudit | user=jenkins1000 | ip=192.168.34.9 | op=SEND_HEARTBEAT {datanodeUUID=d0374445-0523-4424-8ee6-8868e0e9756c, command=[]} | ret=SUCCESS |  
2019-09-04 07:26:19,812 | INFO  | SCMAudit | user=jenkins1000 | ip=192.168.34.9 | op=SEND_HEARTBEAT {datanodeUUID=d0374445-0523-4424-8ee6-8868e0e9756c, command=[]} | ret=SUCCESS |  
2019-09-04 07:26:20,012 | INFO  | SCMAudit | user=jenkins1000 | ip=192.168.34.9 | op=SEND_HEARTBEAT {datanodeUUID=d0374445-0523-4424-8ee6-8868e0e9756c, command=[]} | ret=SUCCESS |  
2019-09-04 07:26:20,212 | INFO  | SCMAudit | user=jenkins1000 | ip=192.168.34.9 | op=SEND_HEARTBEAT {datanodeUUID=d0374445-0523-4424-8ee6-8868e0e9756c, command=[]} | ret=SUCCESS |  
2019-09-04 07:26:20,411 | INFO  | SCMAudit | user=jenkins1000 | ip=192.168.34.9 | op=SEND_HEARTBEAT {datanodeUUID=d0374445-0523-4424-8ee6-8868e0e9756c, command=[]} | ret=SUCCESS |  
2019-09-04 07:26:20,612 | INFO  | SCMAudit | user=jenkins1000 | ip=192.168.34.9 | op=SEND_HEARTBEAT {datanodeUUID=d0374445-0523-4424-8ee6-8868e0e9756c, command=[]} | ret=SUCCESS |  
2019-09-04 07:26:20,812 | INFO  | SCMAudit | user=jenkins1000 | ip=192.168.34.9 | op=SEND_HEARTBEAT {datanodeUUID=d0374445-0523-4424-8ee6-8868e0e9756c, command=[]} | ret=SUCCESS |  
2019-09-04 07:26:21,013 | INFO  | SCMAudit | user=jenkins1000 | ip=192.168.34.9 | op=SEND_HEARTBEAT {datanodeUUID=d0374445-0523-4424-8ee6-8868e0e9756c, command=[]} | ret=SUCCESS |  
2019-09-04 07:26:21,213 | INFO  | SCMAudit | user=jenkins1000 | ip=192.168.34.9 | op=SEND_HEARTBEAT {datanodeUUID=d0374445-0523-4424-8ee6-8868e0e9756c, command=[]} | ret=SUCCESS |  
2019-09-04 07:26:21,414 | INFO  | SCMAudit | user=jenkins1000 | ip=192.168.34.9 | op=SEND_HEARTBEAT {datanodeUUID=d0374445-0523-4424-8ee6-8868e0e9756c, command=[]} | ret=SUCCESS |  
2019-09-04 07:26:21,613 | INFO  | SCMAudit | user=jenkins1000 | ip=192.168.34.9 | op=SEND_HEARTBEAT {datanodeUUID=d0374445-0523-4424-8ee6-8868e0e9756c, command=[]} | ret=SUCCESS |  
2019-09-04 07:26:21,813 | INFO  | SCMAudit | user=jenkins1000 | ip=192.168.34.9 | op=SEND_HEARTBEAT {datanodeUUID=d0374445-0523-4424-8ee6-8868e0e9756c, command=[]} | ret=SUCCESS |  
2019-09-04 07:26:22,013 | INFO  | SCMAudit | user=jenkins1000 | ip=192.168.34.9 | op=SEND_HEARTBEAT {datanodeUUID=d0374445-0523-4424-8ee6-8868e0e9756c, command=[]} | ret=SUCCESS |  
2019-09-04 07:26:22,213 | INFO  | SCMAudit | user=jenkins1000 | ip=192.168.34.9 | op=SEND_HEARTBEAT {datanodeUUID=d0374445-0523-4424-8ee6-8868e0e9756c, command=[]} | ret=SUCCESS |  
2019-09-04 07:26:22,413 | INFO  | SCMAudit | user=jenkins1000 | ip=192.168.34.9 | op=SEND_HEARTBEAT {datanodeUUID=d0374445-0523-4424-8ee6-8868e0e9756c, command=[]} | ret=SUCCESS |  
2019-09-04 07:26:22,613 | INFO  | SCMAudit | user=jenkins1000 | ip=192.168.34.9 | op=SEND_HEARTBEAT {datanodeUUID=d0374445-0523-4424-8ee6-8868e0e9756c, command=[]} | ret=SUCCESS |  
2019-09-04 07:26:22,813 | INFO  | SCMAudit | user=jenkins1000 | ip=192.168.34.9 | op=SEND_HEARTBEAT {datanodeUUID=d0374445-0523-4424-8ee6-8868e0e9756c, command=[]} | ret=SUCCESS |  
2019-09-04 07:26:23,013 | INFO  | SCMAudit | user=jenkins1000 | ip=192.168.34.9 | op=SEND_HEARTBEAT {datanodeUUID=d0374445-0523-4424-8ee6-8868e0e9756c, command=[]} | ret=SUCCESS |  
2019-09-04 07:26:23,213 | INFO  | SCMAudit | user=jenkins1000 | ip=192.168.34.9 | op=SEND_HEARTBEAT {datanodeUUID=d0374445-0523-4424-8ee6-8868e0e9756c, command=[]} | ret=SUCCESS |  
2019-09-04 07:26:23,413 | INFO  | SCMAudit | user=jenkins1000 | ip=192.168.34.9 | op=SEND_HEARTBEAT {datanodeUUID=d0374445-0523-4424-8ee6-8868e0e9756c, command=[]} | ret=SUCCESS |  
2019-09-04 07:26:23,614 | INFO  | SCMAudit | user=jenkins1000 | ip=192.168.34.9 | op=SEND_HEARTBEAT {datanodeUUID=d0374445-0523-4424-8ee6-8868e0e9756c, command=[]} | ret=SUCCESS |  
2019-09-04 07:26:23,813 | INFO  | SCMAudit | user=jenkins1000 | ip=192.168.34.9 | op=SEND_HEARTBEAT {datanodeUUID=d0374445-0523-4424-8ee6-8868e0e9756c, command=[]} | ret=SUCCESS |  
2019-09-04 07:26:24,013 | INFO  | SCMAudit | user=jenkins1000 | ip=192.168.34.9 | op=SEND_HEARTBEAT {datanodeUUID=d0374445-0523-4424-8ee6-8868e0e9756c, command=[]} | ret=SUCCESS |  
2019-09-04 07:26:24,213 | INFO  | SCMAudit | user=jenkins1000 | ip=192.168.34.9 | op=SEND_HEARTBEAT {datanodeUUID=d0374445-0523-4424-8ee6-8868e0e9756c, command=[]} | ret=SUCCESS |  
2019-09-04 07:26:24,414 | INFO  | SCMAudit | user=jenkins1000 | ip=192.168.34.9 | op=SEND_HEARTBEAT {datanodeUUID=d0374445-0523-4424-8ee6-8868e0e9756c, command=[]} | ret=SUCCESS |  
2019-09-04 07:26:24,613 | INFO  | SCMAudit | user=jenkins1000 | ip=192.168.34.9 | op=SEND_HEARTBEAT {datanodeUUID=d0374445-0523-4424-8ee6-8868e0e9756c, command=[]} | ret=SUCCESS |  
2019-09-04 07:26:24,813 | INFO  | SCMAudit | user=jenkins1000 | ip=192.168.34.9 | op=SEND_HEARTBEAT {datanodeUUID=d0374445-0523-4424-8ee6-8868e0e9756c, command=[]} | ret=SUCCESS |  
2019-09-04 07:26:25,013 | INFO  | SCMAudit | user=jenkins1000 | ip=192.168.34.9 | op=SEND_HEARTBEAT {datanodeUUID=d0374445-0523-4424-8ee6-8868e0e9756c, command=[]} | ret=SUCCESS |  
2019-09-04 07:26:25,214 | INFO  | SCMAudit | user=jenkins1000 | ip=192.168.34.9 | op=SEND_HEARTBEAT {datanodeUUID=d0374445-0523-4424-8ee6-8868e0e9756c, command=[]} | ret=SUCCESS |  
2019-09-04 07:26:25,414 | INFO  | SCMAudit | user=jenkins1000 | ip=192.168.34.9 | op=SEND_HEARTBEAT {datanodeUUID=d0374445-0523-4424-8ee6-8868e0e9756c, command=[]} | ret=SUCCESS |  
2019-09-04 07:26:25,614 | INFO  | SCMAudit | user=jenkins1000 | ip=192.168.34.9 | op=SEND_HEARTBEAT {datanodeUUID=d0374445-0523-4424-8ee6-8868e0e9756c, command=[]} | ret=SUCCESS |  
2019-09-04 07:26:25,814 | INFO  | SCMAudit | user=jenkins1000 | ip=192.168.34.9 | op=SEND_HEARTBEAT {datanodeUUID=d0374445-0523-4424-8ee6-8868e0e9756c, command=[]} | ret=SUCCESS |  
2019-09-04 07:26:26,014 | INFO  | SCMAudit | user=jenkins1000 | ip=192.168.34.9 | op=SEND_HEARTBEAT {datanodeUUID=d0374445-0523-4424-8ee6-8868e0e9756c, command=[]} | ret=SUCCESS |  
2019-09-04 07:26:26,214 | INFO  | SCMAudit | user=jenkins1000 | ip=192.168.34.9 | op=SEND_HEARTBEAT {datanodeUUID=d0374445-0523-4424-8ee6-8868e0e9756c, command=[]} | ret=SUCCESS |  
2019-09-04 07:26:26,414 | INFO  | SCMAudit | user=jenkins1000 | ip=192.168.34.9 | op=SEND_HEARTBEAT {datanodeUUID=d0374445-0523-4424-8ee6-8868e0e9756c, command=[]} | ret=SUCCESS |  
2019-09-04 07:26:26,615 | INFO  | SCMAudit | user=jenkins1000 | ip=192.168.34.9 | op=SEND_HEARTBEAT {datanodeUUID=d0374445-0523-4424-8ee6-8868e0e9756c, command=[]} | ret=SUCCESS |  
2019-09-04 07:26:26,814 | INFO  | SCMAudit | user=jenkins1000 | ip=192.168.34.9 | op=SEND_HEARTBEAT {datanodeUUID=d0374445-0523-4424-8ee6-8868e0e9756c, command=[]} | ret=SUCCESS |  
2019-09-04 07:26:27,014 | INFO  | SCMAudit | user=jenkins1000 | ip=192.168.34.9 | op=SEND_HEARTBEAT {datanodeUUID=d0374445-0523-4424-8ee6-8868e0e9756c, command=[]} | ret=SUCCESS |  
2019-09-04 07:26:27,215 | INFO  | SCMAudit | user=jenkins1000 | ip=192.168.34.9 | op=SEND_HEARTBEAT {datanodeUUID=d0374445-0523-4424-8ee6-8868e0e9756c, command=[]} | ret=SUCCESS |  
2019-09-04 07:26:27,415 | INFO  | SCMAudit | user=jenkins1000 | ip=192.168.34.9 | op=SEND_HEARTBEAT {datanodeUUID=d0374445-0523-4424-8ee6-8868e0e9756c, command=[]} | ret=SUCCESS |  
2019-09-04 07:26:27,615 | INFO  | SCMAudit | user=jenkins1000 | ip=192.168.34.9 | op=SEND_HEARTBEAT {datanodeUUID=d0374445-0523-4424-8ee6-8868e0e9756c, command=[]} | ret=SUCCESS |  
2019-09-04 07:26:27,815 | INFO  | SCMAudit | user=jenkins1000 | ip=192.168.34.9 | op=SEND_HEARTBEAT {datanodeUUID=d0374445-0523-4424-8ee6-8868e0e9756c, command=[]} | ret=SUCCESS |  
2019-09-04 07:26:28,015 | INFO  | SCMAudit | user=jenkins1000 | ip=192.168.34.9 | op=SEND_HEARTBEAT {datanodeUUID=d0374445-0523-4424-8ee6-8868e0e9756c, command=[]} | ret=SUCCESS |  
2019-09-04 07:26:28,215 | INFO  | SCMAudit | user=jenkins1000 | ip=192.168.34.9 | op=SEND_HEARTBEAT {datanodeUUID=d0374445-0523-4424-8ee6-8868e0e9756c, command=[]} | ret=SUCCESS |  
2019-09-04 07:26:28,417 | INFO  | SCMAudit | user=jenkins1000 | ip=192.168.34.9 | op=SEND_HEARTBEAT {datanodeUUID=d0374445-0523-4424-8ee6-8868e0e9756c, command=[]} | ret=SUCCESS |  
2019-09-04 07:26:28,617 | INFO  | SCMAudit | user=jenkins1000 | ip=192.168.34.9 | op=SEND_HEARTBEAT {datanodeUUID=d0374445-0523-4424-8ee6-8868e0e9756c, command=[]} | ret=SUCCESS |  
2019-09-04 07:26:28,817 | INFO  | SCMAudit | user=jenkins1000 | ip=192.168.34.9 | op=SEND_HEARTBEAT {datanodeUUID=d0374445-0523-4424-8ee6-8868e0e9756c, command=[]} | ret=SUCCESS |  
2019-09-04 07:26:29,017 | INFO  | SCMAudit | user=jenkins1000 | ip=192.168.34.9 | op=SEND_HEARTBEAT {datanodeUUID=d0374445-0523-4424-8ee6-8868e0e9756c, command=[]} | ret=SUCCESS |  
2019-09-04 07:26:29,217 | INFO  | SCMAudit | user=jenkins1000 | ip=192.168.34.9 | op=SEND_HEARTBEAT {datanodeUUID=d0374445-0523-4424-8ee6-8868e0e9756c, command=[]} | ret=SUCCESS |  
2019-09-04 07:26:29,417 | INFO  | SCMAudit | user=jenkins1000 | ip=192.168.34.9 | op=SEND_HEARTBEAT {datanodeUUID=d0374445-0523-4424-8ee6-8868e0e9756c, command=[]} | ret=SUCCESS |  
2019-09-04 07:26:29,617 | INFO  | SCMAudit | user=jenkins1000 | ip=192.168.34.9 | op=SEND_HEARTBEAT {datanodeUUID=d0374445-0523-4424-8ee6-8868e0e9756c, command=[]} | ret=SUCCESS |  
2019-09-04 07:26:29,817 | INFO  | SCMAudit | user=jenkins1000 | ip=192.168.34.9 | op=SEND_HEARTBEAT {datanodeUUID=d0374445-0523-4424-8ee6-8868e0e9756c, command=[]} | ret=SUCCESS |  
2019-09-04 07:26:30,017 | INFO  | SCMAudit | user=jenkins1000 | ip=192.168.34.9 | op=SEND_HEARTBEAT {datanodeUUID=d0374445-0523-4424-8ee6-8868e0e9756c, command=[]} | ret=SUCCESS |  
2019-09-04 07:26:30,217 | INFO  | SCMAudit | user=jenkins1000 | ip=192.168.34.9 | op=SEND_HEARTBEAT {datanodeUUID=d0374445-0523-4424-8ee6-8868e0e9756c, command=[]} | ret=SUCCESS |  
2019-09-04 07:26:30,417 | INFO  | SCMAudit | user=jenkins1000 | ip=192.168.34.9 | op=SEND_HEARTBEAT {datanodeUUID=d0374445-0523-4424-8ee6-8868e0e9756c, command=[]} | ret=SUCCESS |  
2019-09-04 07:26:30,617 | INFO  | SCMAudit | user=jenkins1000 | ip=192.168.34.9 | op=SEND_HEARTBEAT {datanodeUUID=d0374445-0523-4424-8ee6-8868e0e9756c, command=[]} | ret=SUCCESS |  
2019-09-04 07:26:30,817 | INFO  | SCMAudit | user=jenkins1000 | ip=192.168.34.9 | op=SEND_HEARTBEAT {datanodeUUID=d0374445-0523-4424-8ee6-8868e0e9756c, command=[]} | ret=SUCCESS |  
2019-09-04 07:26:31,016 | INFO  | SCMAudit | user=jenkins1000 | ip=192.168.34.9 | op=SEND_HEARTBEAT {datanodeUUID=d0374445-0523-4424-8ee6-8868e0e9756c, command=[]} | ret=SUCCESS |  
2019-09-04 07:26:31,216 | INFO  | SCMAudit | user=jenkins1000 | ip=192.168.34.9 | op=SEND_HEARTBEAT {datanodeUUID=d0374445-0523-4424-8ee6-8868e0e9756c, command=[]} | ret=SUCCESS |  
2019-09-04 07:26:31,418 | INFO  | SCMAudit | user=jenkins1000 | ip=192.168.34.9 | op=SEND_HEARTBEAT {datanodeUUID=d0374445-0523-4424-8ee6-8868e0e9756c, command=[]} | ret=SUCCESS |  
2019-09-04 07:26:31,617 | INFO  | SCMAudit | user=jenkins1000 | ip=192.168.34.9 | op=SEND_HEARTBEAT {datanodeUUID=d0374445-0523-4424-8ee6-8868e0e9756c, command=[]} | ret=SUCCESS |  
2019-09-04 07:26:31,817 | INFO  | SCMAudit | user=jenkins1000 | ip=192.168.34.9 | op=SEND_HEARTBEAT {datanodeUUID=d0374445-0523-4424-8ee6-8868e0e9756c, command=[]} | ret=SUCCESS |  
2019-09-04 07:26:32,017 | INFO  | SCMAudit | user=jenkins1000 | ip=192.168.34.9 | op=SEND_HEARTBEAT {datanodeUUID=d0374445-0523-4424-8ee6-8868e0e9756c, command=[]} | ret=SUCCESS |  
2019-09-04 07:26:32,217 | INFO  | SCMAudit | user=jenkins1000 | ip=192.168.34.9 | op=SEND_HEARTBEAT {datanodeUUID=d0374445-0523-4424-8ee6-8868e0e9756c, command=[]} | ret=SUCCESS |  
2019-09-04 07:26:32,417 | INFO  | SCMAudit | user=jenkins1000 | ip=192.168.34.9 | op=SEND_HEARTBEAT {datanodeUUID=d0374445-0523-4424-8ee6-8868e0e9756c, command=[]} | ret=SUCCESS |  
2019-09-04 07:26:32,616 | INFO  | SCMAudit | user=jenkins1000 | ip=192.168.34.9 | op=SEND_HEARTBEAT {datanodeUUID=d0374445-0523-4424-8ee6-8868e0e9756c, command=[]} | ret=SUCCESS |  
2019-09-04 07:26:32,817 | INFO  | SCMAudit | user=jenkins1000 | ip=192.168.34.9 | op=SEND_HEARTBEAT {datanodeUUID=d0374445-0523-4424-8ee6-8868e0e9756c, command=[]} | ret=SUCCESS |  
2019-09-04 07:26:33,016 | INFO  | SCMAudit | user=jenkins1000 | ip=192.168.34.9 | op=SEND_HEARTBEAT {datanodeUUID=d0374445-0523-4424-8ee6-8868e0e9756c, command=[]} | ret=SUCCESS |  
2019-09-04 07:26:33,216 | INFO  | SCMAudit | user=jenkins1000 | ip=192.168.34.9 | op=SEND_HEARTBEAT {datanodeUUID=d0374445-0523-4424-8ee6-8868e0e9756c, command=[]} | ret=SUCCESS |  
2019-09-04 07:26:33,418 | INFO  | SCMAudit | user=jenkins1000 | ip=192.168.34.9 | op=SEND_HEARTBEAT {datanodeUUID=d0374445-0523-4424-8ee6-8868e0e9756c, command=[]} | ret=SUCCESS |  
2019-09-04 07:26:33,618 | INFO  | SCMAudit | user=jenkins1000 | ip=192.168.34.9 | op=SEND_HEARTBEAT {datanodeUUID=d0374445-0523-4424-8ee6-8868e0e9756c, command=[]} | ret=SUCCESS |  
2019-09-04 07:26:33,818 | INFO  | SCMAudit | user=jenkins1000 | ip=192.168.34.9 | op=SEND_HEARTBEAT {datanodeUUID=d0374445-0523-4424-8ee6-8868e0e9756c, command=[]} | ret=SUCCESS |  
2019-09-04 07:26:34,018 | INFO  | SCMAudit | user=jenkins1000 | ip=192.168.34.9 | op=SEND_HEARTBEAT {datanodeUUID=d0374445-0523-4424-8ee6-8868e0e9756c, command=[]} | ret=SUCCESS |  
2019-09-04 07:26:34,218 | INFO  | SCMAudit | user=jenkins1000 | ip=192.168.34.9 | op=SEND_HEARTBEAT {datanodeUUID=d0374445-0523-4424-8ee6-8868e0e9756c, command=[]} | ret=SUCCESS |  
2019-09-04 07:26:34,418 | INFO  | SCMAudit | user=jenkins1000 | ip=192.168.34.9 | op=SEND_HEARTBEAT {datanodeUUID=d0374445-0523-4424-8ee6-8868e0e9756c, command=[]} | ret=SUCCESS |  
2019-09-04 07:26:34,618 | INFO  | SCMAudit | user=jenkins1000 | ip=192.168.34.9 | op=SEND_HEARTBEAT {datanodeUUID=d0374445-0523-4424-8ee6-8868e0e9756c, command=[]} | ret=SUCCESS |  
2019-09-04 07:26:34,818 | INFO  | SCMAudit | user=jenkins1000 | ip=192.168.34.9 | op=SEND_HEARTBEAT {datanodeUUID=d0374445-0523-4424-8ee6-8868e0e9756c, command=[]} | ret=SUCCESS |  
2019-09-04 07:26:35,018 | INFO  | SCMAudit | user=jenkins1000 | ip=192.168.34.9 | op=SEND_HEARTBEAT {datanodeUUID=d0374445-0523-4424-8ee6-8868e0e9756c, command=[]} | ret=SUCCESS |  
2019-09-04 07:26:35,218 | INFO  | SCMAudit | user=jenkins1000 | ip=192.168.34.9 | op=SEND_HEARTBEAT {datanodeUUID=d0374445-0523-4424-8ee6-8868e0e9756c, command=[]} | ret=SUCCESS |  
2019-09-04 07:26:35,419 | INFO  | SCMAudit | user=jenkins1000 | ip=192.168.34.9 | op=SEND_HEARTBEAT {datanodeUUID=d0374445-0523-4424-8ee6-8868e0e9756c, command=[]} | ret=SUCCESS |  
2019-09-04 07:26:35,618 | INFO  | SCMAudit | user=jenkins1000 | ip=192.168.34.9 | op=SEND_HEARTBEAT {datanodeUUID=d0374445-0523-4424-8ee6-8868e0e9756c, command=[]} | ret=SUCCESS |  
2019-09-04 07:26:35,819 | INFO  | SCMAudit | user=jenkins1000 | ip=192.168.34.9 | op=SEND_HEARTBEAT {datanodeUUID=d0374445-0523-4424-8ee6-8868e0e9756c, command=[]} | ret=SUCCESS |  
2019-09-04 07:26:36,019 | INFO  | SCMAudit | user=jenkins1000 | ip=192.168.34.9 | op=SEND_HEARTBEAT {datanodeUUID=d0374445-0523-4424-8ee6-8868e0e9756c, command=[]} | ret=SUCCESS |  
2019-09-04 07:26:36,220 | INFO  | SCMAudit | user=jenkins1000 | ip=192.168.34.9 | op=SEND_HEARTBEAT {datanodeUUID=d0374445-0523-4424-8ee6-8868e0e9756c, command=[]} | ret=SUCCESS |  
2019-09-04 07:26:36,420 | INFO  | SCMAudit | user=jenkins1000 | ip=192.168.34.9 | op=SEND_HEARTBEAT {datanodeUUID=d0374445-0523-4424-8ee6-8868e0e9756c, command=[]} | ret=SUCCESS |  
2019-09-04 07:26:36,620 | INFO  | SCMAudit | user=jenkins1000 | ip=192.168.34.9 | op=SEND_HEARTBEAT {datanodeUUID=d0374445-0523-4424-8ee6-8868e0e9756c, command=[]} | ret=SUCCESS |  
2019-09-04 07:26:36,820 | INFO  | SCMAudit | user=jenkins1000 | ip=192.168.34.9 | op=SEND_HEARTBEAT {datanodeUUID=d0374445-0523-4424-8ee6-8868e0e9756c, command=[]} | ret=SUCCESS |  
2019-09-04 07:26:37,020 | INFO  | SCMAudit | user=jenkins1000 | ip=192.168.34.9 | op=SEND_HEARTBEAT {datanodeUUID=d0374445-0523-4424-8ee6-8868e0e9756c, command=[]} | ret=SUCCESS |  
2019-09-04 07:26:37,220 | INFO  | SCMAudit | user=jenkins1000 | ip=192.168.34.9 | op=SEND_HEARTBEAT {datanodeUUID=d0374445-0523-4424-8ee6-8868e0e9756c, command=[]} | ret=SUCCESS |  
2019-09-04 07:26:37,420 | INFO  | SCMAudit | user=jenkins1000 | ip=192.168.34.9 | op=SEND_HEARTBEAT {datanodeUUID=d0374445-0523-4424-8ee6-8868e0e9756c, command=[]} | ret=SUCCESS |  
2019-09-04 07:26:37,620 | INFO  | SCMAudit | user=jenkins1000 | ip=192.168.34.9 | op=SEND_HEARTBEAT {datanodeUUID=d0374445-0523-4424-8ee6-8868e0e9756c, command=[]} | ret=SUCCESS |  
2019-09-04 07:26:37,820 | INFO  | SCMAudit | user=jenkins1000 | ip=192.168.34.9 | op=SEND_HEARTBEAT {datanodeUUID=d0374445-0523-4424-8ee6-8868e0e9756c, command=[]} | ret=SUCCESS |  
2019-09-04 07:26:38,020 | INFO  | SCMAudit | user=jenkins1000 | ip=192.168.34.9 | op=SEND_HEARTBEAT {datanodeUUID=d0374445-0523-4424-8ee6-8868e0e9756c, command=[]} | ret=SUCCESS |  
2019-09-04 07:26:38,220 | INFO  | SCMAudit | user=jenkins1000 | ip=192.168.34.9 | op=SEND_HEARTBEAT {datanodeUUID=d0374445-0523-4424-8ee6-8868e0e9756c, command=[]} | ret=SUCCESS |  
2019-09-04 07:26:38,421 | INFO  | SCMAudit | user=jenkins1000 | ip=192.168.34.9 | op=SEND_HEARTBEAT {datanodeUUID=d0374445-0523-4424-8ee6-8868e0e9756c, command=[]} | ret=SUCCESS |  
2019-09-04 07:26:38,621 | INFO  | SCMAudit | user=jenkins1000 | ip=192.168.34.9 | op=SEND_HEARTBEAT {datanodeUUID=d0374445-0523-4424-8ee6-8868e0e9756c, command=[]} | ret=SUCCESS |  
2019-09-04 07:26:38,821 | INFO  | SCMAudit | user=jenkins1000 | ip=192.168.34.9 | op=SEND_HEARTBEAT {datanodeUUID=d0374445-0523-4424-8ee6-8868e0e9756c, command=[]} | ret=SUCCESS |  
2019-09-04 07:26:39,022 | INFO  | SCMAudit | user=jenkins1000 | ip=192.168.34.9 | op=SEND_HEARTBEAT {datanodeUUID=d0374445-0523-4424-8ee6-8868e0e9756c, command=[]} | ret=SUCCESS |  
2019-09-04 07:26:39,224 | INFO  | SCMAudit | user=jenkins1000 | ip=192.168.34.9 | op=SEND_HEARTBEAT {datanodeUUID=d0374445-0523-4424-8ee6-8868e0e9756c, command=[]} | ret=SUCCESS |  
2019-09-04 07:26:39,423 | INFO  | SCMAudit | user=jenkins1000 | ip=192.168.34.9 | op=SEND_HEARTBEAT {datanodeUUID=d0374445-0523-4424-8ee6-8868e0e9756c, command=[]} | ret=SUCCESS |  
2019-09-04 07:26:39,624 | INFO  | SCMAudit | user=jenkins1000 | ip=192.168.34.9 | op=SEND_HEARTBEAT {datanodeUUID=d0374445-0523-4424-8ee6-8868e0e9756c, command=[]} | ret=SUCCESS |  
2019-09-04 07:26:39,824 | INFO  | SCMAudit | user=jenkins1000 | ip=192.168.34.9 | op=SEND_HEARTBEAT {datanodeUUID=d0374445-0523-4424-8ee6-8868e0e9756c, command=[]} | ret=SUCCESS |  
2019-09-04 07:26:40,025 | INFO  | SCMAudit | user=jenkins1000 | ip=192.168.34.9 | op=SEND_HEARTBEAT {datanodeUUID=d0374445-0523-4424-8ee6-8868e0e9756c, command=[]} | ret=SUCCESS |  
2019-09-04 07:26:40,226 | INFO  | SCMAudit | user=jenkins1000 | ip=192.168.34.9 | op=SEND_HEARTBEAT {datanodeUUID=d0374445-0523-4424-8ee6-8868e0e9756c, command=[]} | ret=SUCCESS |  
2019-09-04 07:26:40,425 | INFO  | SCMAudit | user=jenkins1000 | ip=192.168.34.9 | op=SEND_HEARTBEAT {datanodeUUID=d0374445-0523-4424-8ee6-8868e0e9756c, command=[]} | ret=SUCCESS |  
2019-09-04 07:26:40,625 | INFO  | SCMAudit | user=jenkins1000 | ip=192.168.34.9 | op=SEND_HEARTBEAT {datanodeUUID=d0374445-0523-4424-8ee6-8868e0e9756c, command=[]} | ret=SUCCESS |  
2019-09-04 07:26:40,826 | INFO  | SCMAudit | user=jenkins1000 | ip=192.168.34.9 | op=SEND_HEARTBEAT {datanodeUUID=d0374445-0523-4424-8ee6-8868e0e9756c, command=[]} | ret=SUCCESS |  
2019-09-04 07:26:41,026 | INFO  | SCMAudit | user=jenkins1000 | ip=192.168.34.9 | op=SEND_HEARTBEAT {datanodeUUID=d0374445-0523-4424-8ee6-8868e0e9756c, command=[]} | ret=SUCCESS |  
2019-09-04 07:26:41,226 | INFO  | SCMAudit | user=jenkins1000 | ip=192.168.34.9 | op=SEND_HEARTBEAT {datanodeUUID=d0374445-0523-4424-8ee6-8868e0e9756c, command=[]} | ret=SUCCESS |  
2019-09-04 07:26:41,426 | INFO  | SCMAudit | user=jenkins1000 | ip=192.168.34.9 | op=SEND_HEARTBEAT {datanodeUUID=d0374445-0523-4424-8ee6-8868e0e9756c, command=[]} | ret=SUCCESS |  
2019-09-04 07:26:41,626 | INFO  | SCMAudit | user=jenkins1000 | ip=192.168.34.9 | op=SEND_HEARTBEAT {datanodeUUID=d0374445-0523-4424-8ee6-8868e0e9756c, command=[]} | ret=SUCCESS |  
2019-09-04 07:26:41,826 | INFO  | SCMAudit | user=jenkins1000 | ip=192.168.34.9 | op=SEND_HEARTBEAT {datanodeUUID=d0374445-0523-4424-8ee6-8868e0e9756c, command=[]} | ret=SUCCESS |  
2019-09-04 07:26:42,025 | INFO  | SCMAudit | user=jenkins1000 | ip=192.168.34.9 | op=SEND_HEARTBEAT {datanodeUUID=d0374445-0523-4424-8ee6-8868e0e9756c, command=[]} | ret=SUCCESS |  
2019-09-04 07:26:42,226 | INFO  | SCMAudit | user=jenkins1000 | ip=192.168.34.9 | op=SEND_HEARTBEAT {datanodeUUID=d0374445-0523-4424-8ee6-8868e0e9756c, command=[]} | ret=SUCCESS |  
2019-09-04 07:26:42,426 | INFO  | SCMAudit | user=jenkins1000 | ip=192.168.34.9 | op=SEND_HEARTBEAT {datanodeUUID=d0374445-0523-4424-8ee6-8868e0e9756c, command=[]} | ret=SUCCESS |  
2019-09-04 07:26:42,626 | INFO  | SCMAudit | user=jenkins1000 | ip=192.168.34.9 | op=SEND_HEARTBEAT {datanodeUUID=d0374445-0523-4424-8ee6-8868e0e9756c, command=[]} | ret=SUCCESS |  
2019-09-04 07:26:42,827 | INFO  | SCMAudit | user=jenkins1000 | ip=192.168.34.9 | op=SEND_HEARTBEAT {datanodeUUID=d0374445-0523-4424-8ee6-8868e0e9756c, command=[]} | ret=SUCCESS |  
2019-09-04 07:26:43,026 | INFO  | SCMAudit | user=jenkins1000 | ip=192.168.34.9 | op=SEND_HEARTBEAT {datanodeUUID=d0374445-0523-4424-8ee6-8868e0e9756c, command=[]} | ret=SUCCESS |  
2019-09-04 07:26:43,226 | INFO  | SCMAudit | user=jenkins1000 | ip=192.168.34.9 | op=SEND_HEARTBEAT {datanodeUUID=d0374445-0523-4424-8ee6-8868e0e9756c, command=[]} | ret=SUCCESS |  
2019-09-04 07:26:43,426 | INFO  | SCMAudit | user=jenkins1000 | ip=192.168.34.9 | op=SEND_HEARTBEAT {datanodeUUID=d0374445-0523-4424-8ee6-8868e0e9756c, command=[]} | ret=SUCCESS |  
2019-09-04 07:26:43,626 | INFO  | SCMAudit | user=jenkins1000 | ip=192.168.34.9 | op=SEND_HEARTBEAT {datanodeUUID=d0374445-0523-4424-8ee6-8868e0e9756c, command=[]} | ret=SUCCESS |  
2019-09-04 07:26:43,827 | INFO  | SCMAudit | user=jenkins1000 | ip=192.168.34.9 | op=SEND_HEARTBEAT {datanodeUUID=d0374445-0523-4424-8ee6-8868e0e9756c, command=[]} | ret=SUCCESS |  
2019-09-04 07:26:44,027 | INFO  | SCMAudit | user=jenkins1000 | ip=192.168.34.9 | op=SEND_HEARTBEAT {datanodeUUID=d0374445-0523-4424-8ee6-8868e0e9756c, command=[]} | ret=SUCCESS |  
2019-09-04 07:26:44,227 | INFO  | SCMAudit | user=jenkins1000 | ip=192.168.34.9 | op=SEND_HEARTBEAT {datanodeUUID=d0374445-0523-4424-8ee6-8868e0e9756c, command=[]} | ret=SUCCESS |  
2019-09-04 07:26:44,427 | INFO  | SCMAudit | user=jenkins1000 | ip=192.168.34.9 | op=SEND_HEARTBEAT {datanodeUUID=d0374445-0523-4424-8ee6-8868e0e9756c, command=[]} | ret=SUCCESS |  
2019-09-04 07:26:44,627 | INFO  | SCMAudit | user=jenkins1000 | ip=192.168.34.9 | op=SEND_HEARTBEAT {datanodeUUID=d0374445-0523-4424-8ee6-8868e0e9756c, command=[]} | ret=SUCCESS |  
2019-09-04 07:26:44,827 | INFO  | SCMAudit | user=jenkins1000 | ip=192.168.34.9 | op=SEND_HEARTBEAT {datanodeUUID=d0374445-0523-4424-8ee6-8868e0e9756c, command=[]} | ret=SUCCESS |  
2019-09-04 07:26:45,027 | INFO  | SCMAudit | user=jenkins1000 | ip=192.168.34.9 | op=SEND_HEARTBEAT {datanodeUUID=d0374445-0523-4424-8ee6-8868e0e9756c, command=[]} | ret=SUCCESS |  
2019-09-04 07:26:45,227 | INFO  | SCMAudit | user=jenkins1000 | ip=192.168.34.9 | op=SEND_HEARTBEAT {datanodeUUID=d0374445-0523-4424-8ee6-8868e0e9756c, command=[]} | ret=SUCCESS |  
2019-09-04 07:26:45,427 | INFO  | SCMAudit | user=jenkins1000 | ip=192.168.34.9 | op=SEND_HEARTBEAT {datanodeUUID=d0374445-0523-4424-8ee6-8868e0e9756c, command=[]} | ret=SUCCESS |  
2019-09-04 07:26:45,627 | INFO  | SCMAudit | user=jenkins1000 | ip=192.168.34.9 | op=SEND_HEARTBEAT {datanodeUUID=d0374445-0523-4424-8ee6-8868e0e9756c, command=[]} | ret=SUCCESS |  
2019-09-04 07:26:45,826 | INFO  | SCMAudit | user=jenkins1000 | ip=192.168.34.9 | op=SEND_HEARTBEAT {datanodeUUID=d0374445-0523-4424-8ee6-8868e0e9756c, command=[]} | ret=SUCCESS |  
2019-09-04 07:26:46,027 | INFO  | SCMAudit | user=jenkins1000 | ip=192.168.34.9 | op=SEND_HEARTBEAT {datanodeUUID=d0374445-0523-4424-8ee6-8868e0e9756c, command=[]} | ret=SUCCESS |  
2019-09-04 07:26:46,227 | INFO  | SCMAudit | user=jenkins1000 | ip=192.168.34.9 | op=SEND_HEARTBEAT {datanodeUUID=d0374445-0523-4424-8ee6-8868e0e9756c, command=[]} | ret=SUCCESS |  
2019-09-04 07:26:46,427 | INFO  | SCMAudit | user=jenkins1000 | ip=192.168.34.9 | op=SEND_HEARTBEAT {datanodeUUID=d0374445-0523-4424-8ee6-8868e0e9756c, command=[]} | ret=SUCCESS |  
2019-09-04 07:26:46,627 | INFO  | SCMAudit | user=jenkins1000 | ip=192.168.34.9 | op=SEND_HEARTBEAT {datanodeUUID=d0374445-0523-4424-8ee6-8868e0e9756c, command=[]} | ret=SUCCESS |  
2019-09-04 07:26:46,827 | INFO  | SCMAudit | user=jenkins1000 | ip=192.168.34.9 | op=SEND_HEARTBEAT {datanodeUUID=d0374445-0523-4424-8ee6-8868e0e9756c, command=[]} | ret=SUCCESS |  
2019-09-04 07:26:47,027 | INFO  | SCMAudit | user=jenkins1000 | ip=192.168.34.9 | op=SEND_HEARTBEAT {datanodeUUID=d0374445-0523-4424-8ee6-8868e0e9756c, command=[]} | ret=SUCCESS |  
2019-09-04 07:26:47,227 | INFO  | SCMAudit | user=jenkins1000 | ip=192.168.34.9 | op=SEND_HEARTBEAT {datanodeUUID=d0374445-0523-4424-8ee6-8868e0e9756c, command=[]} | ret=SUCCESS |  
2019-09-04 07:26:47,428 | INFO  | SCMAudit | user=jenkins1000 | ip=192.168.34.9 | op=SEND_HEARTBEAT {datanodeUUID=d0374445-0523-4424-8ee6-8868e0e9756c, command=[]} | ret=SUCCESS |  
2019-09-04 07:26:47,626 | INFO  | SCMAudit | user=jenkins1000 | ip=192.168.34.9 | op=SEND_HEARTBEAT {datanodeUUID=d0374445-0523-4424-8ee6-8868e0e9756c, command=[]} | ret=SUCCESS |  
2019-09-04 07:26:47,827 | INFO  | SCMAudit | user=jenkins1000 | ip=192.168.34.9 | op=SEND_HEARTBEAT {datanodeUUID=d0374445-0523-4424-8ee6-8868e0e9756c, command=[]} | ret=SUCCESS |  
2019-09-04 07:26:48,029 | INFO  | SCMAudit | user=jenkins1000 | ip=192.168.34.9 | op=SEND_HEARTBEAT {datanodeUUID=d0374445-0523-4424-8ee6-8868e0e9756c, command=[]} | ret=SUCCESS |  
2019-09-04 07:26:48,230 | INFO  | SCMAudit | user=jenkins1000 | ip=192.168.34.9 | op=SEND_HEARTBEAT {datanodeUUID=d0374445-0523-4424-8ee6-8868e0e9756c, command=[]} | ret=SUCCESS |  
2019-09-04 07:26:48,430 | INFO  | SCMAudit | user=jenkins1000 | ip=192.168.34.9 | op=SEND_HEARTBEAT {datanodeUUID=d0374445-0523-4424-8ee6-8868e0e9756c, command=[]} | ret=SUCCESS |  
2019-09-04 07:26:48,630 | INFO  | SCMAudit | user=jenkins1000 | ip=192.168.34.9 | op=SEND_HEARTBEAT {datanodeUUID=d0374445-0523-4424-8ee6-8868e0e9756c, command=[]} | ret=SUCCESS |  
2019-09-04 07:26:48,830 | INFO  | SCMAudit | user=jenkins1000 | ip=192.168.34.9 | op=SEND_HEARTBEAT {datanodeUUID=d0374445-0523-4424-8ee6-8868e0e9756c, command=[]} | ret=SUCCESS |  
2019-09-04 07:26:49,030 | INFO  | SCMAudit | user=jenkins1000 | ip=192.168.34.9 | op=SEND_HEARTBEAT {datanodeUUID=d0374445-0523-4424-8ee6-8868e0e9756c, command=[]} | ret=SUCCESS |  
2019-09-04 07:26:49,230 | INFO  | SCMAudit | user=jenkins1000 | ip=192.168.34.9 | op=SEND_HEARTBEAT {datanodeUUID=d0374445-0523-4424-8ee6-8868e0e9756c, command=[]} | ret=SUCCESS |  
2019-09-04 07:26:49,430 | INFO  | SCMAudit | user=jenkins1000 | ip=192.168.34.9 | op=SEND_HEARTBEAT {datanodeUUID=d0374445-0523-4424-8ee6-8868e0e9756c, command=[]} | ret=SUCCESS |  
2019-09-04 07:26:49,630 | INFO  | SCMAudit | user=jenkins1000 | ip=192.168.34.9 | op=SEND_HEARTBEAT {datanodeUUID=d0374445-0523-4424-8ee6-8868e0e9756c, command=[]} | ret=SUCCESS |  
2019-09-04 07:26:49,830 | INFO  | SCMAudit | user=jenkins1000 | ip=192.168.34.9 | op=SEND_HEARTBEAT {datanodeUUID=d0374445-0523-4424-8ee6-8868e0e9756c, command=[]} | ret=SUCCESS |  
2019-09-04 07:26:50,030 | INFO  | SCMAudit | user=jenkins1000 | ip=192.168.34.9 | op=SEND_HEARTBEAT {datanodeUUID=d0374445-0523-4424-8ee6-8868e0e9756c, command=[]} | ret=SUCCESS |  
2019-09-04 07:26:50,230 | INFO  | SCMAudit | user=jenkins1000 | ip=192.168.34.9 | op=SEND_HEARTBEAT {datanodeUUID=d0374445-0523-4424-8ee6-8868e0e9756c, command=[]} | ret=SUCCESS |  
2019-09-04 07:26:50,430 | INFO  | SCMAudit | user=jenkins1000 | ip=192.168.34.9 | op=SEND_HEARTBEAT {datanodeUUID=d0374445-0523-4424-8ee6-8868e0e9756c, command=[]} | ret=SUCCESS |  
2019-09-04 07:26:50,630 | INFO  | SCMAudit | user=jenkins1000 | ip=192.168.34.9 | op=SEND_HEARTBEAT {datanodeUUID=d0374445-0523-4424-8ee6-8868e0e9756c, command=[]} | ret=SUCCESS |  
2019-09-04 07:26:50,831 | INFO  | SCMAudit | user=jenkins1000 | ip=192.168.34.9 | op=SEND_HEARTBEAT {datanodeUUID=d0374445-0523-4424-8ee6-8868e0e9756c, command=[]} | ret=SUCCESS |  
2019-09-04 07:26:51,029 | INFO  | SCMAudit | user=jenkins1000 | ip=192.168.34.9 | op=SEND_HEARTBEAT {datanodeUUID=d0374445-0523-4424-8ee6-8868e0e9756c, command=[]} | ret=SUCCESS |  
2019-09-04 07:26:51,230 | INFO  | SCMAudit | user=jenkins1000 | ip=192.168.34.9 | op=SEND_HEARTBEAT {datanodeUUID=d0374445-0523-4424-8ee6-8868e0e9756c, command=[]} | ret=SUCCESS |  
2019-09-04 07:26:51,430 | INFO  | SCMAudit | user=jenkins1000 | ip=192.168.34.9 | op=SEND_HEARTBEAT {datanodeUUID=d0374445-0523-4424-8ee6-8868e0e9756c, command=[]} | ret=SUCCESS |  
2019-09-04 07:26:51,630 | INFO  | SCMAudit | user=jenkins1000 | ip=192.168.34.9 | op=SEND_HEARTBEAT {datanodeUUID=d0374445-0523-4424-8ee6-8868e0e9756c, command=[]} | ret=SUCCESS |  
2019-09-04 07:26:51,830 | INFO  | SCMAudit | user=jenkins1000 | ip=192.168.34.9 | op=SEND_HEARTBEAT {datanodeUUID=d0374445-0523-4424-8ee6-8868e0e9756c, command=[]} | ret=SUCCESS |  
2019-09-04 07:26:52,030 | INFO  | SCMAudit | user=jenkins1000 | ip=192.168.34.9 | op=SEND_HEARTBEAT {datanodeUUID=d0374445-0523-4424-8ee6-8868e0e9756c, command=[]} | ret=SUCCESS |  
2019-09-04 07:26:52,230 | INFO  | SCMAudit | user=jenkins1000 | ip=192.168.34.9 | op=SEND_HEARTBEAT {datanodeUUID=d0374445-0523-4424-8ee6-8868e0e9756c, command=[]} | ret=SUCCESS |  
2019-09-04 07:26:52,430 | INFO  | SCMAudit | user=jenkins1000 | ip=192.168.34.9 | op=SEND_HEARTBEAT {datanodeUUID=d0374445-0523-4424-8ee6-8868e0e9756c, command=[]} | ret=SUCCESS |  
2019-09-04 07:26:52,630 | INFO  | SCMAudit | user=jenkins1000 | ip=192.168.34.9 | op=SEND_HEARTBEAT {datanodeUUID=d0374445-0523-4424-8ee6-8868e0e9756c, command=[]} | ret=SUCCESS |  
2019-09-04 07:26:52,830 | INFO  | SCMAudit | user=jenkins1000 | ip=192.168.34.9 | op=SEND_HEARTBEAT {datanodeUUID=d0374445-0523-4424-8ee6-8868e0e9756c, command=[]} | ret=SUCCESS |  
2019-09-04 07:26:53,030 | INFO  | SCMAudit | user=jenkins1000 | ip=192.168.34.9 | op=SEND_HEARTBEAT {datanodeUUID=d0374445-0523-4424-8ee6-8868e0e9756c, command=[]} | ret=SUCCESS |  
2019-09-04 07:26:53,230 | INFO  | SCMAudit | user=jenkins1000 | ip=192.168.34.9 | op=SEND_HEARTBEAT {datanodeUUID=d0374445-0523-4424-8ee6-8868e0e9756c, command=[]} | ret=SUCCESS |  
2019-09-04 07:26:53,430 | INFO  | SCMAudit | user=jenkins1000 | ip=192.168.34.9 | op=SEND_HEARTBEAT {datanodeUUID=d0374445-0523-4424-8ee6-8868e0e9756c, command=[]} | ret=SUCCESS |  
2019-09-04 07:26:53,630 | INFO  | SCMAudit | user=jenkins1000 | ip=192.168.34.9 | op=SEND_HEARTBEAT {datanodeUUID=d0374445-0523-4424-8ee6-8868e0e9756c, command=[]} | ret=SUCCESS |  
2019-09-04 07:26:53,830 | INFO  | SCMAudit | user=jenkins1000 | ip=192.168.34.9 | op=SEND_HEARTBEAT {datanodeUUID=d0374445-0523-4424-8ee6-8868e0e9756c, command=[]} | ret=SUCCESS |  
2019-09-04 07:26:54,029 | INFO  | SCMAudit | user=jenkins1000 | ip=192.168.34.9 | op=SEND_HEARTBEAT {datanodeUUID=d0374445-0523-4424-8ee6-8868e0e9756c, command=[]} | ret=SUCCESS |  
2019-09-04 07:26:54,230 | INFO  | SCMAudit | user=jenkins1000 | ip=192.168.34.9 | op=SEND_HEARTBEAT {datanodeUUID=d0374445-0523-4424-8ee6-8868e0e9756c, command=[]} | ret=SUCCESS |  
2019-09-04 07:26:54,431 | INFO  | SCMAudit | user=jenkins1000 | ip=192.168.34.9 | op=SEND_HEARTBEAT {datanodeUUID=d0374445-0523-4424-8ee6-8868e0e9756c, command=[]} | ret=SUCCESS |  
2019-09-04 07:26:54,630 | INFO  | SCMAudit | user=jenkins1000 | ip=192.168.34.9 | op=SEND_HEARTBEAT {datanodeUUID=d0374445-0523-4424-8ee6-8868e0e9756c, command=[]} | ret=SUCCESS |  
2019-09-04 07:26:54,830 | INFO  | SCMAudit | user=jenkins1000 | ip=192.168.34.9 | op=SEND_HEARTBEAT {datanodeUUID=d0374445-0523-4424-8ee6-8868e0e9756c, command=[]} | ret=SUCCESS |  
2019-09-04 07:26:55,030 | INFO  | SCMAudit | user=jenkins1000 | ip=192.168.34.9 | op=SEND_HEARTBEAT {datanodeUUID=d0374445-0523-4424-8ee6-8868e0e9756c, command=[]} | ret=SUCCESS |  
2019-09-04 07:26:55,230 | INFO  | SCMAudit | user=jenkins1000 | ip=192.168.34.9 | op=SEND_HEARTBEAT {datanodeUUID=d0374445-0523-4424-8ee6-8868e0e9756c, command=[]} | ret=SUCCESS |  
2019-09-04 07:26:55,430 | INFO  | SCMAudit | user=jenkins1000 | ip=192.168.34.9 | op=SEND_HEARTBEAT {datanodeUUID=d0374445-0523-4424-8ee6-8868e0e9756c, command=[]} | ret=SUCCESS |  
2019-09-04 07:26:55,630 | INFO  | SCMAudit | user=jenkins1000 | ip=192.168.34.9 | op=SEND_HEARTBEAT {datanodeUUID=d0374445-0523-4424-8ee6-8868e0e9756c, command=[]} | ret=SUCCESS |  
2019-09-04 07:26:55,830 | INFO  | SCMAudit | user=jenkins1000 | ip=192.168.34.9 | op=SEND_HEARTBEAT {datanodeUUID=d0374445-0523-4424-8ee6-8868e0e9756c, command=[]} | ret=SUCCESS |  
2019-09-04 07:26:56,030 | INFO  | SCMAudit | user=jenkins1000 | ip=192.168.34.9 | op=SEND_HEARTBEAT {datanodeUUID=d0374445-0523-4424-8ee6-8868e0e9756c, command=[]} | ret=SUCCESS |  
2019-09-04 07:26:56,231 | INFO  | SCMAudit | user=jenkins1000 | ip=192.168.34.9 | op=SEND_HEARTBEAT {datanodeUUID=d0374445-0523-4424-8ee6-8868e0e9756c, command=[]} | ret=SUCCESS |  
2019-09-04 07:26:56,431 | INFO  | SCMAudit | user=jenkins1000 | ip=192.168.34.9 | op=SEND_HEARTBEAT {datanodeUUID=d0374445-0523-4424-8ee6-8868e0e9756c, command=[]} | ret=SUCCESS |  
2019-09-04 07:26:56,631 | INFO  | SCMAudit | user=jenkins1000 | ip=192.168.34.9 | op=SEND_HEARTBEAT {datanodeUUID=d0374445-0523-4424-8ee6-8868e0e9756c, command=[]} | ret=SUCCESS |  
2019-09-04 07:26:56,831 | INFO  | SCMAudit | user=jenkins1000 | ip=192.168.34.9 | op=SEND_HEARTBEAT {datanodeUUID=d0374445-0523-4424-8ee6-8868e0e9756c, command=[]} | ret=SUCCESS |  
2019-09-04 07:26:57,032 | INFO  | SCMAudit | user=jenkins1000 | ip=192.168.34.9 | op=SEND_HEARTBEAT {datanodeUUID=d0374445-0523-4424-8ee6-8868e0e9756c, command=[]} | ret=SUCCESS |  
2019-09-04 07:26:57,232 | INFO  | SCMAudit | user=jenkins1000 | ip=192.168.34.9 | op=SEND_HEARTBEAT {datanodeUUID=d0374445-0523-4424-8ee6-8868e0e9756c, command=[]} | ret=SUCCESS |  
2019-09-04 07:26:57,431 | INFO  | SCMAudit | user=jenkins1000 | ip=192.168.34.9 | op=SEND_HEARTBEAT {datanodeUUID=d0374445-0523-4424-8ee6-8868e0e9756c, command=[]} | ret=SUCCESS |  
2019-09-04 07:26:57,633 | INFO  | SCMAudit | user=jenkins1000 | ip=192.168.34.9 | op=SEND_HEARTBEAT {datanodeUUID=d0374445-0523-4424-8ee6-8868e0e9756c, command=[]} | ret=SUCCESS |  
2019-09-04 07:26:57,833 | INFO  | SCMAudit | user=jenkins1000 | ip=192.168.34.9 | op=SEND_HEARTBEAT {datanodeUUID=d0374445-0523-4424-8ee6-8868e0e9756c, command=[]} | ret=SUCCESS |  
2019-09-04 07:26:58,033 | INFO  | SCMAudit | user=jenkins1000 | ip=192.168.34.9 | op=SEND_HEARTBEAT {datanodeUUID=d0374445-0523-4424-8ee6-8868e0e9756c, command=[]} | ret=SUCCESS |  
2019-09-04 07:26:58,234 | INFO  | SCMAudit | user=jenkins1000 | ip=192.168.34.9 | op=SEND_HEARTBEAT {datanodeUUID=d0374445-0523-4424-8ee6-8868e0e9756c, command=[]} | ret=SUCCESS |  
2019-09-04 07:26:58,387 [grpc-default-executor-1] INFO  impl.RaftServerProxy (RaftServerProxy.java:remove(95)) - d0374445-0523-4424-8ee6-8868e0e9756c: remove   LEADER group-D9DA313AE83E d0374445-0523-4424-8ee6-8868e0e9756c:t1, leader=d0374445-0523-4424-8ee6-8868e0e9756c, voted=d0374445-0523-4424-8ee6-8868e0e9756c, raftlog=d0374445-0523-4424-8ee6-8868e0e9756c-SegmentedRaftLog:OPENED:c4,f4,i7, conf=0: [d0374445-0523-4424-8ee6-8868e0e9756c:192.168.34.9:39154], old=null RUNNING
2019-09-04 07:26:58,391 [grpc-default-executor-1] INFO  impl.RaftServerImpl (RaftServerImpl.java:lambda$shutdown$3(245)) - d0374445-0523-4424-8ee6-8868e0e9756c: shutdown group-D9DA313AE83E
2019-09-04 07:26:58,391 [grpc-default-executor-1] INFO  util.JmxRegister (JmxRegister.java:unregister(73)) - Successfully un-registered JMX Bean with object name Ratis:service=RaftServer,group=group-D9DA313AE83E,id=d0374445-0523-4424-8ee6-8868e0e9756c
2019-09-04 07:26:58,392 [grpc-default-executor-1] INFO  impl.RoleInfo (RoleInfo.java:shutdownLeaderState(104)) - d0374445-0523-4424-8ee6-8868e0e9756c: shutdown LeaderState
2019-09-04 07:26:58,393 [grpc-default-executor-1] INFO  impl.PendingRequests (PendingRequests.java:sendNotLeaderResponses(202)) - d0374445-0523-4424-8ee6-8868e0e9756c-PendingRequests: sendNotLeaderResponses
2019-09-04 07:26:58,396 [Command processor thread] ERROR commandhandler.CloseContainerCommandHandler (CloseContainerCommandHandler.java:handle(124)) - Can't close container #1
org.apache.hadoop.hdds.scm.container.common.helpers.StorageContainerException: Cannot quasi close container #1 while in UNHEALTHY state.
	at org.apache.hadoop.ozone.container.keyvalue.KeyValueHandler.quasiCloseContainer(KeyValueHandler.java:930)
	at org.apache.hadoop.ozone.container.ozoneimpl.ContainerController.quasiCloseContainer(ContainerController.java:107)
	at org.apache.hadoop.ozone.container.common.statemachine.commandhandler.CloseContainerCommandHandler.handle(CloseContainerCommandHandler.java:116)
	at org.apache.hadoop.ozone.container.common.statemachine.commandhandler.CommandDispatcher.handle(CommandDispatcher.java:93)
	at org.apache.hadoop.ozone.container.common.statemachine.DatanodeStateMachine.lambda$initCommandHandlerThread$1(DatanodeStateMachine.java:432)
	at java.lang.Thread.run(Thread.java:748)
2019-09-04 07:26:58,401 [grpc-default-executor-1] INFO  impl.StateMachineUpdater (StateMachineUpdater.java:stopAndJoin(115)) - StateMachineUpdater:d0374445-0523-4424-8ee6-8868e0e9756c:group-D9DA313AE83E: set stopIndex = 4
2019-09-04 07:26:58,402 [StateMachineUpdater:d0374445-0523-4424-8ee6-8868e0e9756c:group-D9DA313AE83E] INFO  ratis.ContainerStateMachine (ContainerStateMachine.java:takeSnapshot(283)) - group-D9DA313AE83E: Taking a snapshot at:(t:1, i:4) file /workdir/hadoop-ozone/integration-test/target/test-dir/MiniOzoneClusterImpl-eebee087-8ab3-43a2-88dd-26af64f02abb/datanode-0/data/ratis/083bb2df-ff8b-4892-8c8c-d9da313ae83e/sm/snapshot.1_4
2019-09-04 07:26:58,434 | INFO  | SCMAudit | user=jenkins1000 | ip=192.168.34.9 | op=SEND_HEARTBEAT {datanodeUUID=d0374445-0523-4424-8ee6-8868e0e9756c, command=[]} | ret=SUCCESS |  
2019-09-04 07:26:58,573 [main] WARN  io.KeyOutputStream (KeyOutputStream.java:handleException(276)) - Encountered exception java.io.IOException: Unexpected Storage Container Exception: java.util.concurrent.CompletionException: java.util.concurrent.CompletionException: org.apache.ratis.protocol.GroupMismatchException: d0374445-0523-4424-8ee6-8868e0e9756c: group-D9DA313AE83E not found. on the pipeline Pipeline[ Id: 083bb2df-ff8b-4892-8c8c-d9da313ae83e, Nodes: d0374445-0523-4424-8ee6-8868e0e9756c{ip: 192.168.34.9, host: pr-hdds-1569-tfczc-1762686928, networkLocation: /default-rack, certSerialId: null}, Type:RATIS, Factor:ONE, State:OPEN]. The last committed block length is 5, uncommitted data length is 5 retry count 0
2019-09-04 07:26:58,618 [grpc-default-executor-3] INFO  impl.RaftServerProxy (RaftServerProxy.java:addNew(89)) - d0374445-0523-4424-8ee6-8868e0e9756c: addNew group-5C770263AB3B:[d0374445-0523-4424-8ee6-8868e0e9756c:192.168.34.9:39154] returns group-5C770263AB3B:java.util.concurrent.CompletableFuture@21ff660f[Not completed]
2019-09-04 07:26:58,621 [pool-27-thread-1] INFO  impl.RaftServerImpl (RaftServerImpl.java:<init>(93)) - d0374445-0523-4424-8ee6-8868e0e9756c: new RaftServerImpl for group-5C770263AB3B:[d0374445-0523-4424-8ee6-8868e0e9756c:192.168.34.9:39154] with ContainerStateMachine:uninitialized
2019-09-04 07:26:58,622 [pool-27-thread-1] INFO  server.RaftServerConfigKeys (ConfUtils.java:logGet(43)) - raft.server.rpc.timeout.min = 5s (custom)
2019-09-04 07:26:58,623 [pool-27-thread-1] INFO  server.RaftServerConfigKeys (ConfUtils.java:logGet(43)) - raft.server.rpc.timeout.max = 5200ms (custom)
2019-09-04 07:26:58,623 [pool-27-thread-1] INFO  server.RaftServerConfigKeys (ConfUtils.java:logGet(43)) - raft.server.rpcslowness.timeout = 120s (custom)
2019-09-04 07:26:58,623 [pool-27-thread-1] INFO  server.RaftServerConfigKeys (ConfUtils.java:logGet(43)) - raft.server.sleep.deviation.threshold = 300 (default)
2019-09-04 07:26:58,623 [pool-27-thread-1] INFO  server.RaftServerConfigKeys (ConfUtils.java:logGet(43)) - raft.server.log.appender.install.snapshot.enabled = false (custom)
2019-09-04 07:26:58,624 [pool-27-thread-1] INFO  impl.RaftServerImpl (ServerState.java:<init>(105)) - d0374445-0523-4424-8ee6-8868e0e9756c:group-5C770263AB3B ConfigurationManager, init=-1: [d0374445-0523-4424-8ee6-8868e0e9756c:192.168.34.9:39154], old=null, confs=<EMPTY_MAP>
2019-09-04 07:26:58,624 [pool-27-thread-1] INFO  server.RaftServerConfigKeys (ConfUtils.java:logGet(43)) - raft.server.storage.dir = [/workdir/hadoop-ozone/integration-test/target/test-dir/MiniOzoneClusterImpl-eebee087-8ab3-43a2-88dd-26af64f02abb/datanode-0/data/ratis] (custom)
2019-09-04 07:26:58,625 [pool-27-thread-1] INFO  storage.RaftStorageDirectory (RaftStorageDirectory.java:analyzeStorage(246)) - The storage directory /workdir/hadoop-ozone/integration-test/target/test-dir/MiniOzoneClusterImpl-eebee087-8ab3-43a2-88dd-26af64f02abb/datanode-0/data/ratis/4d10a0f0-8e25-4bfe-a4a4-5c770263ab3b does not exist. Creating ...
2019-09-04 07:26:58,634 | INFO  | SCMAudit | user=jenkins1000 | ip=192.168.34.9 | op=SEND_HEARTBEAT {datanodeUUID=d0374445-0523-4424-8ee6-8868e0e9756c, command=[]} | ret=SUCCESS |  
2019-09-04 07:26:58,834 | INFO  | SCMAudit | user=jenkins1000 | ip=192.168.34.9 | op=SEND_HEARTBEAT {datanodeUUID=d0374445-0523-4424-8ee6-8868e0e9756c, command=[]} | ret=SUCCESS |  
2019-09-04 07:26:59,033 | INFO  | SCMAudit | user=jenkins1000 | ip=192.168.34.9 | op=SEND_HEARTBEAT {datanodeUUID=d0374445-0523-4424-8ee6-8868e0e9756c, command=[]} | ret=SUCCESS |  
2019-09-04 07:26:59,232 | INFO  | SCMAudit | user=jenkins1000 | ip=192.168.34.9 | op=SEND_HEARTBEAT {datanodeUUID=d0374445-0523-4424-8ee6-8868e0e9756c, command=[]} | ret=SUCCESS |  
2019-09-04 07:26:59,434 | INFO  | SCMAudit | user=jenkins1000 | ip=192.168.34.9 | op=SEND_HEARTBEAT {datanodeUUID=d0374445-0523-4424-8ee6-8868e0e9756c, command=[]} | ret=SUCCESS |  
2019-09-04 07:26:59,634 | INFO  | SCMAudit | user=jenkins1000 | ip=192.168.34.9 | op=SEND_HEARTBEAT {datanodeUUID=d0374445-0523-4424-8ee6-8868e0e9756c, command=[]} | ret=SUCCESS |  
2019-09-04 07:26:59,834 | INFO  | SCMAudit | user=jenkins1000 | ip=192.168.34.9 | op=SEND_HEARTBEAT {datanodeUUID=d0374445-0523-4424-8ee6-8868e0e9756c, command=[]} | ret=SUCCESS |  
2019-09-04 07:27:00,034 | INFO  | SCMAudit | user=jenkins1000 | ip=192.168.34.9 | op=SEND_HEARTBEAT {datanodeUUID=d0374445-0523-4424-8ee6-8868e0e9756c, command=[]} | ret=SUCCESS |  
2019-09-04 07:27:00,235 | INFO  | SCMAudit | user=jenkins1000 | ip=192.168.34.9 | op=SEND_HEARTBEAT {datanodeUUID=d0374445-0523-4424-8ee6-8868e0e9756c, command=[]} | ret=SUCCESS |  
2019-09-04 07:27:00,434 | INFO  | SCMAudit | user=jenkins1000 | ip=192.168.34.9 | op=SEND_HEARTBEAT {datanodeUUID=d0374445-0523-4424-8ee6-8868e0e9756c, command=[]} | ret=SUCCESS |  
2019-09-04 07:27:00,634 | INFO  | SCMAudit | user=jenkins1000 | ip=192.168.34.9 | op=SEND_HEARTBEAT {datanodeUUID=d0374445-0523-4424-8ee6-8868e0e9756c, command=[]} | ret=SUCCESS |  
2019-09-04 07:27:00,834 | INFO  | SCMAudit | user=jenkins1000 | ip=192.168.34.9 | op=SEND_HEARTBEAT {datanodeUUID=d0374445-0523-4424-8ee6-8868e0e9756c, command=[]} | ret=SUCCESS |  
2019-09-04 07:27:01,034 | INFO  | SCMAudit | user=jenkins1000 | ip=192.168.34.9 | op=SEND_HEARTBEAT {datanodeUUID=d0374445-0523-4424-8ee6-8868e0e9756c, command=[]} | ret=SUCCESS |  
2019-09-04 07:27:01,235 | INFO  | SCMAudit | user=jenkins1000 | ip=192.168.34.9 | op=SEND_HEARTBEAT {datanodeUUID=d0374445-0523-4424-8ee6-8868e0e9756c, command=[]} | ret=SUCCESS |  
2019-09-04 07:27:01,384 [RatisPipelineUtilsThread] WARN  pipeline.RatisPipelineUtils (RatisPipelineUtils.java:destroyPipeline(66)) - Pipeline destroy failed for pipeline=PipelineID=083bb2df-ff8b-4892-8c8c-d9da313ae83e dn=d0374445-0523-4424-8ee6-8868e0e9756c{ip: 192.168.34.9, host: pr-hdds-1569-tfczc-1762686928, networkLocation: /default-rack, certSerialId: null}
2019-09-04 07:27:01,435 | INFO  | SCMAudit | user=jenkins1000 | ip=192.168.34.9 | op=SEND_HEARTBEAT {datanodeUUID=d0374445-0523-4424-8ee6-8868e0e9756c, command=[]} | ret=SUCCESS |  
2019-09-04 07:27:01,612 [RATISCREATEPIPELINE2] ERROR pipeline.RatisPipelineProvider (RatisPipelineProvider.java:lambda$null$5(235)) - Failed invoke Ratis rpc org.apache.hadoop.hdds.scm.pipeline.RatisPipelineProvider$$Lambda$171/1736647181@4b0dc7 for d0374445-0523-4424-8ee6-8868e0e9756c
org.apache.ratis.protocol.TimeoutIOException: deadline exceeded after 2999673835ns
	at org.apache.ratis.grpc.GrpcUtil.tryUnwrapException(GrpcUtil.java:82)
	at org.apache.ratis.grpc.GrpcUtil.unwrapException(GrpcUtil.java:75)
	at org.apache.ratis.grpc.client.GrpcClientProtocolClient.blockingCall(GrpcClientProtocolClient.java:169)
	at org.apache.ratis.grpc.client.GrpcClientProtocolClient.groupAdd(GrpcClientProtocolClient.java:138)
	at org.apache.ratis.grpc.client.GrpcClientRpc.sendRequest(GrpcClientRpc.java:94)
	at org.apache.ratis.client.impl.RaftClientImpl.sendRequest(RaftClientImpl.java:279)
	at org.apache.ratis.client.impl.RaftClientImpl.groupAdd(RaftClientImpl.java:206)
	at org.apache.hadoop.hdds.scm.pipeline.RatisPipelineProvider.lambda$initializePipeline$4(RatisPipelineProvider.java:194)
	at org.apache.hadoop.hdds.scm.pipeline.RatisPipelineProvider.lambda$null$5(RatisPipelineProvider.java:231)
	at java.util.stream.ForEachOps$ForEachOp$OfRef.accept(ForEachOps.java:184)
	at java.util.ArrayList$ArrayListSpliterator.forEachRemaining(ArrayList.java:1382)
	at java.util.stream.AbstractPipeline.copyInto(AbstractPipeline.java:482)
	at java.util.stream.ForEachOps$ForEachTask.compute(ForEachOps.java:291)
	at java.util.concurrent.CountedCompleter.exec(CountedCompleter.java:731)
	at java.util.concurrent.ForkJoinTask.doExec(ForkJoinTask.java:289)
	at java.util.concurrent.ForkJoinTask.doInvoke(ForkJoinTask.java:401)
	at java.util.concurrent.ForkJoinTask.invoke(ForkJoinTask.java:734)
	at java.util.stream.ForEachOps$ForEachOp.evaluateParallel(ForEachOps.java:160)
	at java.util.stream.ForEachOps$ForEachOp$OfRef.evaluateParallel(ForEachOps.java:174)
	at java.util.stream.AbstractPipeline.evaluate(AbstractPipeline.java:233)
	at java.util.stream.ReferencePipeline.forEach(ReferencePipeline.java:418)
	at java.util.stream.ReferencePipeline$Head.forEach(ReferencePipeline.java:583)
	at org.apache.hadoop.hdds.scm.pipeline.RatisPipelineProvider.lambda$callRatisRpc$6(RatisPipelineProvider.java:225)
	at java.util.concurrent.ForkJoinTask$AdaptedRunnableAction.exec(ForkJoinTask.java:1386)
	at java.util.concurrent.ForkJoinTask.doExec(ForkJoinTask.java:289)
	at java.util.concurrent.ForkJoinPool$WorkQueue.runTask(ForkJoinPool.java:1056)
	at java.util.concurrent.ForkJoinPool.runWorker(ForkJoinPool.java:1692)
	at java.util.concurrent.ForkJoinWorkerThread.run(ForkJoinWorkerThread.java:157)
Caused by: org.apache.ratis.thirdparty.io.grpc.StatusRuntimeException: DEADLINE_EXCEEDED: deadline exceeded after 2999673835ns
	at org.apache.ratis.thirdparty.io.grpc.stub.ClientCalls.toStatusRuntimeException(ClientCalls.java:233)
	at org.apache.ratis.thirdparty.io.grpc.stub.ClientCalls.getUnchecked(ClientCalls.java:214)
	at org.apache.ratis.thirdparty.io.grpc.stub.ClientCalls.blockingUnaryCall(ClientCalls.java:139)
	at org.apache.ratis.proto.grpc.AdminProtocolServiceGrpc$AdminProtocolServiceBlockingStub.groupManagement(AdminProtocolServiceGrpc.java:274)
	at org.apache.ratis.grpc.client.GrpcClientProtocolClient.lambda$groupAdd$3(GrpcClientProtocolClient.java:140)
	at org.apache.ratis.grpc.client.GrpcClientProtocolClient.blockingCall(GrpcClientProtocolClient.java:167)
	... 25 more
2019-09-04 07:27:01,616 [IPC Server handler 5 on 36288] WARN  block.BlockManagerImpl (BlockManagerImpl.java:allocateBlock(192)) - Pipeline creation failed for type:RATIS factor:ONE. Retrying get pipelines call once.
java.io.IOException: Failed invoke Ratis rpc org.apache.hadoop.hdds.scm.pipeline.RatisPipelineProvider$$Lambda$171/1736647181@4b0dc7 for d0374445-0523-4424-8ee6-8868e0e9756c
	at org.apache.hadoop.hdds.scm.pipeline.RatisPipelineProvider.lambda$null$5(RatisPipelineProvider.java:236)
	at java.util.stream.ForEachOps$ForEachOp$OfRef.accept(ForEachOps.java:184)
	at java.util.ArrayList$ArrayListSpliterator.forEachRemaining(ArrayList.java:1382)
	at java.util.stream.AbstractPipeline.copyInto(AbstractPipeline.java:482)
	at java.util.stream.ForEachOps$ForEachTask.compute(ForEachOps.java:291)
	at java.util.concurrent.CountedCompleter.exec(CountedCompleter.java:731)
	at java.util.concurrent.ForkJoinTask.doExec(ForkJoinTask.java:289)
	at java.util.concurrent.ForkJoinTask.doInvoke(ForkJoinTask.java:401)
	at java.util.concurrent.ForkJoinTask.invoke(ForkJoinTask.java:734)
	at java.util.stream.ForEachOps$ForEachOp.evaluateParallel(ForEachOps.java:160)
	at java.util.stream.ForEachOps$ForEachOp$OfRef.evaluateParallel(ForEachOps.java:174)
	at java.util.stream.AbstractPipeline.evaluate(AbstractPipeline.java:233)
	at java.util.stream.ReferencePipeline.forEach(ReferencePipeline.java:418)
	at java.util.stream.ReferencePipeline$Head.forEach(ReferencePipeline.java:583)
	at org.apache.hadoop.hdds.scm.pipeline.RatisPipelineProvider.lambda$callRatisRpc$6(RatisPipelineProvider.java:225)
	at java.util.concurrent.ForkJoinTask$AdaptedRunnableAction.exec(ForkJoinTask.java:1386)
	at java.util.concurrent.ForkJoinTask.doExec(ForkJoinTask.java:289)
	at java.util.concurrent.ForkJoinPool$WorkQueue.runTask(ForkJoinPool.java:1056)
	at java.util.concurrent.ForkJoinPool.runWorker(ForkJoinPool.java:1692)
	at java.util.concurrent.ForkJoinWorkerThread.run(ForkJoinWorkerThread.java:157)
Caused by: org.apache.ratis.protocol.TimeoutIOException: deadline exceeded after 2999673835ns
	at org.apache.ratis.grpc.GrpcUtil.tryUnwrapException(GrpcUtil.java:82)
	at org.apache.ratis.grpc.GrpcUtil.unwrapException(GrpcUtil.java:75)
	at org.apache.ratis.grpc.client.GrpcClientProtocolClient.blockingCall(GrpcClientProtocolClient.java:169)
	at org.apache.ratis.grpc.client.GrpcClientProtocolClient.groupAdd(GrpcClientProtocolClient.java:138)
	at org.apache.ratis.grpc.client.GrpcClientRpc.sendRequest(GrpcClientRpc.java:94)
	at org.apache.ratis.client.impl.RaftClientImpl.sendRequest(RaftClientImpl.java:279)
	at org.apache.ratis.client.impl.RaftClientImpl.groupAdd(RaftClientImpl.java:206)
	at org.apache.hadoop.hdds.scm.pipeline.RatisPipelineProvider.lambda$initializePipeline$4(RatisPipelineProvider.java:194)
	at org.apache.hadoop.hdds.scm.pipeline.RatisPipelineProvider.lambda$null$5(RatisPipelineProvider.java:231)
	... 19 more
Caused by: org.apache.ratis.thirdparty.io.grpc.StatusRuntimeException: DEADLINE_EXCEEDED: deadline exceeded after 2999673835ns
	at org.apache.ratis.thirdparty.io.grpc.stub.ClientCalls.toStatusRuntimeException(ClientCalls.java:233)
	at org.apache.ratis.thirdparty.io.grpc.stub.ClientCalls.getUnchecked(ClientCalls.java:214)
	at org.apache.ratis.thirdparty.io.grpc.stub.ClientCalls.blockingUnaryCall(ClientCalls.java:139)
	at org.apache.ratis.proto.grpc.AdminProtocolServiceGrpc$AdminProtocolServiceBlockingStub.groupManagement(AdminProtocolServiceGrpc.java:274)
	at org.apache.ratis.grpc.client.GrpcClientProtocolClient.lambda$groupAdd$3(GrpcClientProtocolClient.java:140)
	at org.apache.ratis.grpc.client.GrpcClientProtocolClient.blockingCall(GrpcClientProtocolClient.java:167)
	... 25 more
2019-09-04 07:27:01,617 [RatisPipelineUtilsThread] INFO  pipeline.PipelineStateManager (PipelineStateManager.java:removePipeline(108)) - Pipeline Pipeline[ Id: 083bb2df-ff8b-4892-8c8c-d9da313ae83e, Nodes: d0374445-0523-4424-8ee6-8868e0e9756c{ip: 192.168.34.9, host: pr-hdds-1569-tfczc-1762686928, networkLocation: /default-rack, certSerialId: null}, Type:RATIS, Factor:ONE, State:CLOSED] removed from db
2019-09-04 07:27:01,619 [IPC Server handler 5 on 36288] INFO  block.BlockManagerImpl (BlockManagerImpl.java:allocateBlock(198)) - Could not find available pipeline of type:RATIS and factor:ONE even after retrying
2019-09-04 07:27:01,620 [IPC Server handler 5 on 36288] ERROR block.BlockManagerImpl (BlockManagerImpl.java:allocateBlock(222)) - Unable to allocate a block for the size: 4194304, type: RATIS, factor: ONE
2019-09-04 07:27:01,620 | INFO  | SCMAudit | user=jenkins1000 | ip=192.168.34.9 | op=ALLOCATE_BLOCK {owner=1d1897f0-a20c-492b-8d94-cee1dcc73aab, size=4194304, type=RATIS, factor=ONE} | ret=SUCCESS |  
2019-09-04 07:27:01,626 | ERROR | OMAudit | user=jenkins1000 | ip=127.0.0.1 | op=ALLOCATE_BLOCK {volume=testcontainerstatemachinefailures, bucket=testcontainerstatemachinefailures, key=ratis, dataSize=0, replicationType=null, replicationFactor=null, keyLocationInfo=null, clientID=102733050391298048} | ret=FAILURE | org.apache.hadoop.hdds.scm.exceptions.SCMException: Allocated 0 blocks. Requested 1 blocks
	at org.apache.hadoop.hdds.scm.protocolPB.ScmBlockLocationProtocolClientSideTranslatorPB.handleError(ScmBlockLocationProtocolClientSideTranslatorPB.java:118)
	at org.apache.hadoop.hdds.scm.protocolPB.ScmBlockLocationProtocolClientSideTranslatorPB.allocateBlock(ScmBlockLocationProtocolClientSideTranslatorPB.java:156) 
2019-09-04 07:27:01,632 [main] ERROR io.BlockOutputStreamEntryPool (BlockOutputStreamEntryPool.java:allocateBlockIfNeeded(299)) - Try to allocate more blocks for write failed, already allocated 0 blocks for this write.
INTERNAL_ERROR org.apache.hadoop.ozone.om.exceptions.OMException: Allocated 0 blocks. Requested 1 blocks
	at org.apache.hadoop.ozone.om.protocolPB.OzoneManagerProtocolClientSideTranslatorPB.handleError(OzoneManagerProtocolClientSideTranslatorPB.java:725)
	at org.apache.hadoop.ozone.om.protocolPB.OzoneManagerProtocolClientSideTranslatorPB.allocateBlock(OzoneManagerProtocolClientSideTranslatorPB.java:757)
	at org.apache.hadoop.ozone.client.io.BlockOutputStreamEntryPool.allocateNewBlock(BlockOutputStreamEntryPool.java:248)
	at org.apache.hadoop.ozone.client.io.BlockOutputStreamEntryPool.allocateBlockIfNeeded(BlockOutputStreamEntryPool.java:296)
	at org.apache.hadoop.ozone.client.io.KeyOutputStream.handleWrite(KeyOutputStream.java:201)
	at org.apache.hadoop.ozone.client.io.KeyOutputStream.handleRetry(KeyOutputStream.java:376)
	at org.apache.hadoop.ozone.client.io.KeyOutputStream.handleException(KeyOutputStream.java:325)
	at org.apache.hadoop.ozone.client.io.KeyOutputStream.handleFlushOrClose(KeyOutputStream.java:448)
	at org.apache.hadoop.ozone.client.io.KeyOutputStream.close(KeyOutputStream.java:472)
	at org.apache.hadoop.ozone.client.io.OzoneOutputStream.close(OzoneOutputStream.java:60)
	at org.apache.hadoop.ozone.client.rpc.TestContainerStateMachine.testContainerStateMachineFailures(TestContainerStateMachine.java:142)
	at sun.reflect.NativeMethodAccessorImpl.invoke0(Native Method)
	at sun.reflect.NativeMethodAccessorImpl.invoke(NativeMethodAccessorImpl.java:62)
	at sun.reflect.DelegatingMethodAccessorImpl.invoke(DelegatingMethodAccessorImpl.java:43)
	at java.lang.reflect.Method.invoke(Method.java:498)
	at org.junit.runners.model.FrameworkMethod$1.runReflectiveCall(FrameworkMethod.java:47)
	at org.junit.internal.runners.model.ReflectiveCallable.run(ReflectiveCallable.java:12)
	at org.junit.runners.model.FrameworkMethod.invokeExplosively(FrameworkMethod.java:44)
	at org.junit.internal.runners.statements.InvokeMethod.evaluate(InvokeMethod.java:17)
	at org.junit.runners.ParentRunner.runLeaf(ParentRunner.java:271)
	at org.junit.runners.BlockJUnit4ClassRunner.runChild(BlockJUnit4ClassRunner.java:70)
	at org.junit.runners.BlockJUnit4ClassRunner.runChild(BlockJUnit4ClassRunner.java:50)
	at org.junit.runners.ParentRunner$3.run(ParentRunner.java:238)
	at org.junit.runners.ParentRunner$1.schedule(ParentRunner.java:63)
	at org.junit.runners.ParentRunner.runChildren(ParentRunner.java:236)
	at org.junit.runners.ParentRunner.access$000(ParentRunner.java:53)
	at org.junit.runners.ParentRunner$2.evaluate(ParentRunner.java:229)
	at org.junit.internal.runners.statements.RunBefores.evaluate(RunBefores.java:26)
	at org.junit.internal.runners.statements.RunAfters.evaluate(RunAfters.java:27)
	at org.junit.runners.ParentRunner.run(ParentRunner.java:309)
	at org.apache.maven.surefire.junit4.JUnit4Provider.execute(JUnit4Provider.java:365)
	at org.apache.maven.surefire.junit4.JUnit4Provider.executeWithRerun(JUnit4Provider.java:273)
	at org.apache.maven.surefire.junit4.JUnit4Provider.executeTestSet(JUnit4Provider.java:238)
	at org.apache.maven.surefire.junit4.JUnit4Provider.invoke(JUnit4Provider.java:159)
	at org.apache.maven.surefire.booter.ForkedBooter.invokeProviderInSameClassLoader(ForkedBooter.java:384)
	at org.apache.maven.surefire.booter.ForkedBooter.runSuitesInProcess(ForkedBooter.java:345)
	at org.apache.maven.surefire.booter.ForkedBooter.execute(ForkedBooter.java:126)
	at org.apache.maven.surefire.booter.ForkedBooter.main(ForkedBooter.java:418)
2019-09-04 07:27:01,635 [grpc-default-executor-4] INFO  impl.RaftServerProxy (RaftServerProxy.java:remove(95)) - d0374445-0523-4424-8ee6-8868e0e9756c: remove group-D9DA313AE83E:null
2019-09-04 07:27:01,636 | INFO  | SCMAudit | user=jenkins1000 | ip=192.168.34.9 | op=SEND_HEARTBEAT {datanodeUUID=d0374445-0523-4424-8ee6-8868e0e9756c, command=[]} | ret=SUCCESS |  
2019-09-04 07:27:01,650 [RatisPipelineUtilsThread] WARN  pipeline.RatisPipelineUtils (RatisPipelineUtils.java:destroyPipeline(66)) - Pipeline destroy failed for pipeline=PipelineID=083bb2df-ff8b-4892-8c8c-d9da313ae83e dn=d0374445-0523-4424-8ee6-8868e0e9756c{ip: 192.168.34.9, host: pr-hdds-1569-tfczc-1762686928, networkLocation: /default-rack, certSerialId: null}
2019-09-04 07:27:01,652 [RatisPipelineUtilsThread] ERROR pipeline.SCMPipelineManager (Scheduler.java:lambda$schedule$1(70)) - Destroy pipeline failed for pipeline:Pipeline[ Id: 083bb2df-ff8b-4892-8c8c-d9da313ae83e, Nodes: d0374445-0523-4424-8ee6-8868e0e9756c{ip: 192.168.34.9, host: pr-hdds-1569-tfczc-1762686928, networkLocation: /default-rack, certSerialId: null}, Type:RATIS, Factor:ONE, State:CLOSED]
org.apache.hadoop.hdds.scm.pipeline.PipelineNotFoundException: PipelineID=083bb2df-ff8b-4892-8c8c-d9da313ae83e not found
	at org.apache.hadoop.hdds.scm.pipeline.PipelineStateMap.getPipeline(PipelineStateMap.java:132)
	at org.apache.hadoop.hdds.scm.pipeline.PipelineStateMap.removePipeline(PipelineStateMap.java:322)
	at org.apache.hadoop.hdds.scm.pipeline.PipelineStateManager.removePipeline(PipelineStateManager.java:107)
	at org.apache.hadoop.hdds.scm.pipeline.SCMPipelineManager.removePipeline(SCMPipelineManager.java:397)
	at org.apache.hadoop.hdds.scm.pipeline.SCMPipelineManager.destroyPipeline(SCMPipelineManager.java:383)
	at org.apache.hadoop.hdds.scm.pipeline.SCMPipelineManager.lambda$finalizeAndDestroyPipeline$0(SCMPipelineManager.java:316)
	at org.apache.hadoop.utils.Scheduler.lambda$schedule$1(Scheduler.java:68)
	at java.util.concurrent.Executors$RunnableAdapter.call(Executors.java:511)
	at java.util.concurrent.FutureTask.run(FutureTask.java:266)
	at java.util.concurrent.ScheduledThreadPoolExecutor$ScheduledFutureTask.access$201(ScheduledThreadPoolExecutor.java:180)
	at java.util.concurrent.ScheduledThreadPoolExecutor$ScheduledFutureTask.run(ScheduledThreadPoolExecutor.java:293)
	at java.util.concurrent.ThreadPoolExecutor.runWorker(ThreadPoolExecutor.java:1149)
	at java.util.concurrent.ThreadPoolExecutor$Worker.run(ThreadPoolExecutor.java:624)
	at java.lang.Thread.run(Thread.java:748)
]]></system-out>
    <system-err><![CDATA[Sep 04, 2019 7:25:39 AM com.sun.jersey.server.impl.application.WebApplicationImpl _initiate
INFO: Initiating Jersey application, version 'Jersey: 1.19 02/11/2015 03:25 AM'
]]></system-err>
  </testcase>
</testsuite>