<?xml version="1.0" encoding="UTF-8"?>
<testsuite xmlns:xsi="http://www.w3.org/2001/XMLSchema-instance" xsi:noNamespaceSchemaLocation="https://maven.apache.org/surefire/maven-surefire-plugin/xsd/surefire-test-report.xsd" name="org.apache.hadoop.fs.ozone.TestOzoneFSInputStream" time="122.541" tests="2" errors="2" skipped="0" failures="0">
  <properties>
    <property name="awt.toolkit" value="sun.awt.X11.XToolkit"/>
    <property name="file.encoding.pkg" value="sun.io"/>
    <property name="java.specification.version" value="1.8"/>
    <property name="sun.cpu.isalist" value=""/>
    <property name="sun.jnu.encoding" value="UTF-8"/>
    <property name="java.class.path" value="/workdir/hadoop-ozone/ozonefs/target/test-classes:/workdir/hadoop-ozone/ozonefs/target/classes:/home/user/.m2/repository/org/apache/hadoop/hadoop-common/3.2.0/hadoop-common-3.2.0.jar:/home/user/.m2/repository/org/apache/hadoop/hadoop-annotations/3.2.0/hadoop-annotations-3.2.0.jar:/usr/lib/jvm/java-1.8-openjdk/jre/../lib/tools.jar:/home/user/.m2/repository/com/google/guava/guava/11.0.2/guava-11.0.2.jar:/home/user/.m2/repository/commons-cli/commons-cli/1.2/commons-cli-1.2.jar:/home/user/.m2/repository/org/apache/commons/commons-math3/3.1.1/commons-math3-3.1.1.jar:/home/user/.m2/repository/commons-codec/commons-codec/1.11/commons-codec-1.11.jar:/home/user/.m2/repository/commons-io/commons-io/2.5/commons-io-2.5.jar:/home/user/.m2/repository/commons-net/commons-net/3.6/commons-net-3.6.jar:/home/user/.m2/repository/commons-collections/commons-collections/3.2.2/commons-collections-3.2.2.jar:/home/user/.m2/repository/javax/servlet/javax.servlet-api/3.1.0/javax.servlet-api-3.1.0.jar:/home/user/.m2/repository/org/eclipse/jetty/jetty-server/9.3.25.v20180904/jetty-server-9.3.25.v20180904.jar:/home/user/.m2/repository/org/eclipse/jetty/jetty-http/9.3.25.v20180904/jetty-http-9.3.25.v20180904.jar:/home/user/.m2/repository/org/eclipse/jetty/jetty-io/9.3.25.v20180904/jetty-io-9.3.25.v20180904.jar:/home/user/.m2/repository/org/eclipse/jetty/jetty-util/9.3.25.v20180904/jetty-util-9.3.25.v20180904.jar:/home/user/.m2/repository/org/eclipse/jetty/jetty-servlet/9.3.25.v20180904/jetty-servlet-9.3.25.v20180904.jar:/home/user/.m2/repository/org/eclipse/jetty/jetty-security/9.3.25.v20180904/jetty-security-9.3.25.v20180904.jar:/home/user/.m2/repository/org/eclipse/jetty/jetty-webapp/9.3.25.v20180904/jetty-webapp-9.3.25.v20180904.jar:/home/user/.m2/repository/org/eclipse/jetty/jetty-xml/9.3.25.v20180904/jetty-xml-9.3.25.v20180904.jar:/home/user/.m2/repository/javax/servlet/jsp/jsp-api/2.1/jsp-api-2.1.jar:/home/user/.m2/repository/com/sun/jersey/jersey-core/1.19/jersey-core-1.19.jar:/home/user/.m2/repository/javax/ws/rs/jsr311-api/1.1.1/jsr311-api-1.1.1.jar:/home/user/.m2/repository/com/sun/jersey/jersey-servlet/1.19/jersey-servlet-1.19.jar:/home/user/.m2/repository/com/sun/jersey/jersey-json/1.19/jersey-json-1.19.jar:/home/user/.m2/repository/org/codehaus/jettison/jettison/1.1/jettison-1.1.jar:/home/user/.m2/repository/com/sun/xml/bind/jaxb-impl/2.3.0.1/jaxb-impl-2.3.0.1.jar:/home/user/.m2/repository/org/codehaus/jackson/jackson-core-asl/1.9.13/jackson-core-asl-1.9.13.jar:/home/user/.m2/repository/org/codehaus/jackson/jackson-mapper-asl/1.9.13/jackson-mapper-asl-1.9.13.jar:/home/user/.m2/repository/org/codehaus/jackson/jackson-jaxrs/1.9.13/jackson-jaxrs-1.9.13.jar:/home/user/.m2/repository/org/codehaus/jackson/jackson-xc/1.9.13/jackson-xc-1.9.13.jar:/home/user/.m2/repository/com/sun/jersey/jersey-server/1.19/jersey-server-1.19.jar:/home/user/.m2/repository/commons-logging/commons-logging/1.1.3/commons-logging-1.1.3.jar:/home/user/.m2/repository/log4j/log4j/1.2.17/log4j-1.2.17.jar:/home/user/.m2/repository/commons-beanutils/commons-beanutils/1.9.4/commons-beanutils-1.9.4.jar:/home/user/.m2/repository/org/apache/commons/commons-configuration2/2.1.1/commons-configuration2-2.1.1.jar:/home/user/.m2/repository/org/apache/commons/commons-lang3/3.7/commons-lang3-3.7.jar:/home/user/.m2/repository/org/apache/commons/commons-text/1.4/commons-text-1.4.jar:/home/user/.m2/repository/org/slf4j/slf4j-api/1.7.25/slf4j-api-1.7.25.jar:/home/user/.m2/repository/org/slf4j/slf4j-log4j12/1.7.25/slf4j-log4j12-1.7.25.jar:/home/user/.m2/repository/org/apache/avro/avro/1.7.7/avro-1.7.7.jar:/home/user/.m2/repository/com/thoughtworks/paranamer/paranamer/2.3/paranamer-2.3.jar:/home/user/.m2/repository/org/xerial/snappy/snappy-java/1.0.5/snappy-java-1.0.5.jar:/home/user/.m2/repository/com/google/re2j/re2j/1.1/re2j-1.1.jar:/home/user/.m2/repository/com/google/protobuf/protobuf-java/2.5.0/protobuf-java-2.5.0.jar:/home/user/.m2/repository/com/google/code/gson/gson/2.2.4/gson-2.2.4.jar:/home/user/.m2/repository/org/apache/hadoop/hadoop-auth/3.2.0/hadoop-auth-3.2.0.jar:/home/user/.m2/repository/com/nimbusds/nimbus-jose-jwt/4.41.1/nimbus-jose-jwt-4.41.1.jar:/home/user/.m2/repository/com/github/stephenc/jcip/jcip-annotations/1.0-1/jcip-annotations-1.0-1.jar:/home/user/.m2/repository/net/minidev/json-smart/2.3/json-smart-2.3.jar:/home/user/.m2/repository/net/minidev/accessors-smart/1.2/accessors-smart-1.2.jar:/home/user/.m2/repository/org/apache/curator/curator-framework/2.12.0/curator-framework-2.12.0.jar:/home/user/.m2/repository/com/jcraft/jsch/0.1.54/jsch-0.1.54.jar:/home/user/.m2/repository/org/apache/curator/curator-client/2.12.0/curator-client-2.12.0.jar:/home/user/.m2/repository/org/apache/curator/curator-recipes/2.12.0/curator-recipes-2.12.0.jar:/home/user/.m2/repository/com/google/code/findbugs/jsr305/3.0.0/jsr305-3.0.0.jar:/home/user/.m2/repository/org/apache/htrace/htrace-core4/4.1.0-incubating/htrace-core4-4.1.0-incubating.jar:/home/user/.m2/repository/org/apache/zookeeper/zookeeper/3.4.13/zookeeper-3.4.13.jar:/home/user/.m2/repository/jline/jline/0.9.94/jline-0.9.94.jar:/home/user/.m2/repository/org/apache/yetus/audience-annotations/0.5.0/audience-annotations-0.5.0.jar:/home/user/.m2/repository/org/apache/commons/commons-compress/1.4.1/commons-compress-1.4.1.jar:/home/user/.m2/repository/org/tukaani/xz/1.0/xz-1.0.jar:/home/user/.m2/repository/org/apache/kerby/kerb-simplekdc/1.0.1/kerb-simplekdc-1.0.1.jar:/home/user/.m2/repository/org/apache/kerby/kerb-client/1.0.1/kerb-client-1.0.1.jar:/home/user/.m2/repository/org/apache/kerby/kerby-config/1.0.1/kerby-config-1.0.1.jar:/home/user/.m2/repository/org/apache/kerby/kerb-core/1.0.1/kerb-core-1.0.1.jar:/home/user/.m2/repository/org/apache/kerby/kerby-pkix/1.0.1/kerby-pkix-1.0.1.jar:/home/user/.m2/repository/org/apache/kerby/kerby-asn1/1.0.1/kerby-asn1-1.0.1.jar:/home/user/.m2/repository/org/apache/kerby/kerby-util/1.0.1/kerby-util-1.0.1.jar:/home/user/.m2/repository/org/apache/kerby/kerb-common/1.0.1/kerb-common-1.0.1.jar:/home/user/.m2/repository/org/apache/kerby/kerb-crypto/1.0.1/kerb-crypto-1.0.1.jar:/home/user/.m2/repository/org/apache/kerby/kerb-util/1.0.1/kerb-util-1.0.1.jar:/home/user/.m2/repository/org/apache/kerby/token-provider/1.0.1/token-provider-1.0.1.jar:/home/user/.m2/repository/org/apache/kerby/kerb-admin/1.0.1/kerb-admin-1.0.1.jar:/home/user/.m2/repository/org/apache/kerby/kerb-server/1.0.1/kerb-server-1.0.1.jar:/home/user/.m2/repository/org/apache/kerby/kerb-identity/1.0.1/kerb-identity-1.0.1.jar:/home/user/.m2/repository/org/apache/kerby/kerby-xdr/1.0.1/kerby-xdr-1.0.1.jar:/home/user/.m2/repository/com/fasterxml/jackson/core/jackson-databind/2.9.9/jackson-databind-2.9.9.jar:/home/user/.m2/repository/com/fasterxml/jackson/core/jackson-annotations/2.9.9/jackson-annotations-2.9.9.jar:/home/user/.m2/repository/com/fasterxml/jackson/core/jackson-core/2.9.9/jackson-core-2.9.9.jar:/home/user/.m2/repository/org/codehaus/woodstox/stax2-api/3.1.4/stax2-api-3.1.4.jar:/home/user/.m2/repository/com/fasterxml/woodstox/woodstox-core/5.0.3/woodstox-core-5.0.3.jar:/home/user/.m2/repository/dnsjava/dnsjava/2.1.7/dnsjava-2.1.7.jar:/home/user/.m2/repository/org/apache/hadoop/hadoop-hdfs/3.2.0/hadoop-hdfs-3.2.0.jar:/home/user/.m2/repository/org/eclipse/jetty/jetty-util-ajax/9.3.25.v20180904/jetty-util-ajax-9.3.25.v20180904.jar:/home/user/.m2/repository/commons-daemon/commons-daemon/1.0.13/commons-daemon-1.0.13.jar:/home/user/.m2/repository/io/netty/netty/3.10.5.Final/netty-3.10.5.Final.jar:/home/user/.m2/repository/io/netty/netty-all/4.0.52.Final/netty-all-4.0.52.Final.jar:/home/user/.m2/repository/org/fusesource/leveldbjni/leveldbjni-all/1.8/leveldbjni-all-1.8.jar:/home/user/.m2/repository/org/apache/hadoop/hadoop-hdds-common/0.5.0-SNAPSHOT/hadoop-hdds-common-0.5.0-SNAPSHOT.jar:/home/user/.m2/repository/org/apache/hadoop/hadoop-hdds-config/0.5.0-SNAPSHOT/hadoop-hdds-config-0.5.0-SNAPSHOT.jar:/home/user/.m2/repository/javax/annotation/javax.annotation-api/1.2/javax.annotation-api-1.2.jar:/home/user/.m2/repository/org/apache/ratis/ratis-server/0.4.0/ratis-server-0.4.0.jar:/home/user/.m2/repository/org/apache/ratis/ratis-thirdparty-misc/0.2.0/ratis-thirdparty-misc-0.2.0.jar:/home/user/.m2/repository/org/apache/ratis/ratis-proto/0.4.0/ratis-proto-0.4.0.jar:/home/user/.m2/repository/org/apache/ratis/ratis-common/0.4.0/ratis-common-0.4.0.jar:/home/user/.m2/repository/org/apache/ratis/ratis-client/0.4.0/ratis-client-0.4.0.jar:/home/user/.m2/repository/org/apache/ratis/ratis-metrics/0.4.0/ratis-metrics-0.4.0.jar:/home/user/.m2/repository/com/github/joshelser/dropwizard-metrics-hadoop-metrics2-reporter/0.1.2/dropwizard-metrics-hadoop-metrics2-reporter-0.1.2.jar:/home/user/.m2/repository/io/dropwizard/metrics/metrics-jvm/3.2.5/metrics-jvm-3.2.5.jar:/home/user/.m2/repository/io/dropwizard/metrics/metrics-ganglia/3.2.5/metrics-ganglia-3.2.5.jar:/home/user/.m2/repository/info/ganglia/gmetric4j/gmetric4j/1.0.7/gmetric4j-1.0.7.jar:/home/user/.m2/repository/org/apache/ratis/ratis-netty/0.4.0/ratis-netty-0.4.0.jar:/home/user/.m2/repository/org/apache/ratis/ratis-grpc/0.4.0/ratis-grpc-0.4.0.jar:/home/user/.m2/repository/org/rocksdb/rocksdbjni/6.0.1/rocksdbjni-6.0.1.jar:/home/user/.m2/repository/org/apache/logging/log4j/log4j-api/2.11.0/log4j-api-2.11.0.jar:/home/user/.m2/repository/org/apache/logging/log4j/log4j-core/2.11.0/log4j-core-2.11.0.jar:/home/user/.m2/repository/com/lmax/disruptor/3.4.2/disruptor-3.4.2.jar:/home/user/.m2/repository/org/apache/commons/commons-pool2/2.6.0/commons-pool2-2.6.0.jar:/home/user/.m2/repository/org/bouncycastle/bcpkix-jdk15on/1.60/bcpkix-jdk15on-1.60.jar:/home/user/.m2/repository/commons-validator/commons-validator/1.6/commons-validator-1.6.jar:/home/user/.m2/repository/commons-digester/commons-digester/1.8.1/commons-digester-1.8.1.jar:/home/user/.m2/repository/io/jaegertracing/jaeger-client/0.34.0/jaeger-client-0.34.0.jar:/home/user/.m2/repository/io/jaegertracing/jaeger-thrift/0.34.0/jaeger-thrift-0.34.0.jar:/home/user/.m2/repository/org/apache/thrift/libthrift/0.12.0/libthrift-0.12.0.jar:/home/user/.m2/repository/com/squareup/okhttp3/okhttp/3.9.0/okhttp-3.9.0.jar:/home/user/.m2/repository/com/squareup/okio/okio/1.13.0/okio-1.13.0.jar:/home/user/.m2/repository/io/jaegertracing/jaeger-core/0.34.0/jaeger-core-0.34.0.jar:/home/user/.m2/repository/io/jaegertracing/jaeger-tracerresolver/0.34.0/jaeger-tracerresolver-0.34.0.jar:/home/user/.m2/repository/io/opentracing/contrib/opentracing-tracerresolver/0.1.5/opentracing-tracerresolver-0.1.5.jar:/home/user/.m2/repository/io/opentracing/opentracing-util/0.31.0/opentracing-util-0.31.0.jar:/home/user/.m2/repository/io/opentracing/opentracing-api/0.31.0/opentracing-api-0.31.0.jar:/home/user/.m2/repository/io/opentracing/opentracing-noop/0.31.0/opentracing-noop-0.31.0.jar:/home/user/.m2/repository/org/yaml/snakeyaml/1.16/snakeyaml-1.16.jar:/home/user/.m2/repository/org/apache/hadoop/hadoop-hdfs-client/3.2.0/hadoop-hdfs-client-3.2.0.jar:/home/user/.m2/repository/info/picocli/picocli/3.9.6/picocli-3.9.6.jar:/home/user/.m2/repository/org/apache/hadoop/hadoop-hdds-server-scm/0.5.0-SNAPSHOT/hadoop-hdds-server-scm-0.5.0-SNAPSHOT.jar:/home/user/.m2/repository/org/apache/hadoop/hadoop-hdds-docs/0.5.0-SNAPSHOT/hadoop-hdds-docs-0.5.0-SNAPSHOT.jar:/home/user/.m2/repository/io/dropwizard/metrics/metrics-core/3.2.4/metrics-core-3.2.4.jar:/home/user/.m2/repository/org/hamcrest/hamcrest-all/1.3/hamcrest-all-1.3.jar:/home/user/.m2/repository/org/bouncycastle/bcprov-jdk15on/1.60/bcprov-jdk15on-1.60.jar:/home/user/.m2/repository/org/apache/hadoop/hadoop-hdds-server-framework/0.5.0-SNAPSHOT/hadoop-hdds-server-framework-0.5.0-SNAPSHOT.jar:/home/user/.m2/repository/org/apache/hadoop/hadoop-ozone-ozone-manager/0.5.0-SNAPSHOT/hadoop-ozone-ozone-manager-0.5.0-SNAPSHOT.jar:/home/user/.m2/repository/org/apache/hadoop/hadoop-hdds-container-service/0.5.0-SNAPSHOT/hadoop-hdds-container-service-0.5.0-SNAPSHOT.jar:/home/user/.m2/repository/org/apache/hadoop/hadoop-hdds-client/0.5.0-SNAPSHOT/hadoop-hdds-client-0.5.0-SNAPSHOT.jar:/home/user/.m2/repository/org/apache/hadoop/hadoop-ozone-common/0.5.0-SNAPSHOT/hadoop-ozone-common-0.5.0-SNAPSHOT.jar:/home/user/.m2/repository/org/apache/hadoop/hadoop-hdds-tools/0.5.0-SNAPSHOT/hadoop-hdds-tools-0.5.0-SNAPSHOT.jar:/home/user/.m2/repository/org/xerial/sqlite-jdbc/3.25.2/sqlite-jdbc-3.25.2.jar:/home/user/.m2/repository/org/apache/httpcomponents/httpclient/4.5.2/httpclient-4.5.2.jar:/home/user/.m2/repository/org/apache/httpcomponents/httpcore/4.4.4/httpcore-4.4.4.jar:/home/user/.m2/repository/com/google/code/findbugs/findbugs/3.0.1/findbugs-3.0.1.jar:/home/user/.m2/repository/net/jcip/jcip-annotations/1.0/jcip-annotations-1.0.jar:/home/user/.m2/repository/com/google/code/findbugs/bcel-findbugs/6.0/bcel-findbugs-6.0.jar:/home/user/.m2/repository/com/google/code/findbugs/jFormatString/2.0.1/jFormatString-2.0.1.jar:/home/user/.m2/repository/dom4j/dom4j/1.6.1/dom4j-1.6.1.jar:/home/user/.m2/repository/xml-apis/xml-apis/1.0.b2/xml-apis-1.0.b2.jar:/home/user/.m2/repository/org/ow2/asm/asm-debug-all/5.0.2/asm-debug-all-5.0.2.jar:/home/user/.m2/repository/org/ow2/asm/asm-commons/5.0.2/asm-commons-5.0.2.jar:/home/user/.m2/repository/org/ow2/asm/asm-tree/5.0.2/asm-tree-5.0.2.jar:/home/user/.m2/repository/org/ow2/asm/asm/5.0.4/asm-5.0.4.jar:/home/user/.m2/repository/commons-lang/commons-lang/2.6/commons-lang-2.6.jar:/home/user/.m2/repository/com/apple/AppleJavaExtensions/1.4/AppleJavaExtensions-1.4.jar:/home/user/.m2/repository/jaxen/jaxen/1.1.6/jaxen-1.1.6.jar:/home/user/.m2/repository/org/apache/hadoop/hadoop-common/3.2.0/hadoop-common-3.2.0-tests.jar:/home/user/.m2/repository/org/apache/hadoop/hadoop-ozone-client/0.5.0-SNAPSHOT/hadoop-ozone-client-0.5.0-SNAPSHOT.jar:/home/user/.m2/repository/org/apache/hadoop/hadoop-hdfs/3.2.0/hadoop-hdfs-3.2.0-tests.jar:/workdir/hadoop-ozone/integration-test/target/test-classes:/home/user/.m2/repository/org/apache/hadoop/hadoop-ozone-s3gateway/0.5.0-SNAPSHOT/hadoop-ozone-s3gateway-0.5.0-SNAPSHOT.jar:/home/user/.m2/repository/org/jboss/weld/servlet/weld-servlet/2.4.7.Final/weld-servlet-2.4.7.Final.jar:/home/user/.m2/repository/org/glassfish/jersey/containers/jersey-container-servlet-core/2.27/jersey-container-servlet-core-2.27.jar:/home/user/.m2/repository/org/glassfish/hk2/external/javax.inject/2.5.0-b42/javax.inject-2.5.0-b42.jar:/home/user/.m2/repository/org/glassfish/jersey/core/jersey-common/2.27/jersey-common-2.27.jar:/home/user/.m2/repository/org/glassfish/hk2/osgi-resource-locator/1.0.1/osgi-resource-locator-1.0.1.jar:/home/user/.m2/repository/javax/ws/rs/javax.ws.rs-api/2.1/javax.ws.rs-api-2.1.jar:/home/user/.m2/repository/org/glassfish/jersey/ext/cdi/jersey-cdi1x/2.27/jersey-cdi1x-2.27.jar:/home/user/.m2/repository/org/glassfish/jersey/inject/jersey-hk2/2.27/jersey-hk2-2.27.jar:/home/user/.m2/repository/org/glassfish/hk2/hk2-locator/2.5.0-b42/hk2-locator-2.5.0-b42.jar:/home/user/.m2/repository/org/javassist/javassist/3.22.0-CR2/javassist-3.22.0-CR2.jar:/home/user/.m2/repository/org/glassfish/hk2/hk2-api/2.5.0/hk2-api-2.5.0.jar:/home/user/.m2/repository/org/glassfish/hk2/external/jakarta.inject/2.5.0/jakarta.inject-2.5.0.jar:/home/user/.m2/repository/org/glassfish/hk2/hk2-utils/2.5.0/hk2-utils-2.5.0.jar:/home/user/.m2/repository/jakarta/annotation/jakarta.annotation-api/1.3.4/jakarta.annotation-api-1.3.4.jar:/home/user/.m2/repository/org/glassfish/hk2/external/aopalliance-repackaged/2.5.0/aopalliance-repackaged-2.5.0.jar:/home/user/.m2/repository/com/fasterxml/jackson/dataformat/jackson-dataformat-xml/2.9.0/jackson-dataformat-xml-2.9.0.jar:/home/user/.m2/repository/com/fasterxml/jackson/module/jackson-module-jaxb-annotations/2.9.9/jackson-module-jaxb-annotations-2.9.9.jar:/home/user/.m2/repository/javax/enterprise/cdi-api/1.2/cdi-api-1.2.jar:/home/user/.m2/repository/javax/el/javax.el-api/3.0.0/javax.el-api-3.0.0.jar:/home/user/.m2/repository/javax/interceptor/javax.interceptor-api/1.2/javax.interceptor-api-1.2.jar:/home/user/.m2/repository/javax/inject/javax.inject/1/javax.inject-1.jar:/home/user/.m2/repository/com/sun/xml/bind/jaxb-core/2.3.0.1/jaxb-core-2.3.0.1.jar:/home/user/.m2/repository/javax/xml/bind/jaxb-api/2.3.0/jaxb-api-2.3.0.jar:/home/user/.m2/repository/javax/activation/activation/1.1.1/activation-1.1.1.jar:/home/user/.m2/repository/org/apache/hadoop/hadoop-ozone-csi/0.5.0-SNAPSHOT/hadoop-ozone-csi-0.5.0-SNAPSHOT.jar:/home/user/.m2/repository/com/google/protobuf/protobuf-java-util/3.5.1/protobuf-java-util-3.5.1.jar:/home/user/.m2/repository/io/grpc/grpc-netty/1.17.1/grpc-netty-1.17.1.jar:/home/user/.m2/repository/io/grpc/grpc-core/1.17.1/grpc-core-1.17.1.jar:/home/user/.m2/repository/io/grpc/grpc-context/1.17.1/grpc-context-1.17.1.jar:/home/user/.m2/repository/com/google/errorprone/error_prone_annotations/2.2.0/error_prone_annotations-2.2.0.jar:/home/user/.m2/repository/org/codehaus/mojo/animal-sniffer-annotations/1.17/animal-sniffer-annotations-1.17.jar:/home/user/.m2/repository/io/opencensus/opencensus-api/0.17.0/opencensus-api-0.17.0.jar:/home/user/.m2/repository/io/opencensus/opencensus-contrib-grpc-metrics/0.17.0/opencensus-contrib-grpc-metrics-0.17.0.jar:/home/user/.m2/repository/io/netty/netty-codec-http2/4.1.30.Final/netty-codec-http2-4.1.30.Final.jar:/home/user/.m2/repository/io/netty/netty-codec-http/4.1.30.Final/netty-codec-http-4.1.30.Final.jar:/home/user/.m2/repository/io/netty/netty-codec/4.1.30.Final/netty-codec-4.1.30.Final.jar:/home/user/.m2/repository/io/netty/netty-handler/4.1.30.Final/netty-handler-4.1.30.Final.jar:/home/user/.m2/repository/io/netty/netty-handler-proxy/4.1.30.Final/netty-handler-proxy-4.1.30.Final.jar:/home/user/.m2/repository/io/netty/netty-codec-socks/4.1.30.Final/netty-codec-socks-4.1.30.Final.jar:/home/user/.m2/repository/io/netty/netty-transport-native-epoll/4.1.30.Final/netty-transport-native-epoll-4.1.30.Final.jar:/home/user/.m2/repository/io/netty/netty-common/4.1.30.Final/netty-common-4.1.30.Final.jar:/home/user/.m2/repository/io/netty/netty-buffer/4.1.30.Final/netty-buffer-4.1.30.Final.jar:/home/user/.m2/repository/io/netty/netty-transport/4.1.30.Final/netty-transport-4.1.30.Final.jar:/home/user/.m2/repository/io/netty/netty-resolver/4.1.30.Final/netty-resolver-4.1.30.Final.jar:/home/user/.m2/repository/io/netty/netty-transport-native-unix-common/4.1.30.Final/netty-transport-native-unix-common-4.1.30.Final.jar:/home/user/.m2/repository/io/grpc/grpc-protobuf/1.17.1/grpc-protobuf-1.17.1.jar:/home/user/.m2/repository/com/google/api/grpc/proto-google-common-protos/1.0.0/proto-google-common-protos-1.0.0.jar:/home/user/.m2/repository/io/grpc/grpc-protobuf-lite/1.17.1/grpc-protobuf-lite-1.17.1.jar:/home/user/.m2/repository/io/grpc/grpc-stub/1.17.1/grpc-stub-1.17.1.jar:/home/user/.m2/repository/org/apache/hadoop/hadoop-ozone-recon/0.5.0-SNAPSHOT/hadoop-ozone-recon-0.5.0-SNAPSHOT.jar:/home/user/.m2/repository/org/apache/hadoop/hadoop-ozone-reconcodegen/0.5.0-SNAPSHOT/hadoop-ozone-reconcodegen-0.5.0-SNAPSHOT.jar:/home/user/.m2/repository/com/google/inject/extensions/guice-multibindings/4.0/guice-multibindings-4.0.jar:/home/user/.m2/repository/com/google/inject/guice/4.0/guice-4.0.jar:/home/user/.m2/repository/aopalliance/aopalliance/1.0/aopalliance-1.0.jar:/home/user/.m2/repository/org/glassfish/jersey/containers/jersey-container-servlet/2.27/jersey-container-servlet-2.27.jar:/home/user/.m2/repository/org/glassfish/hk2/guice-bridge/2.5.0/guice-bridge-2.5.0.jar:/home/user/.m2/repository/org/glassfish/jersey/core/jersey-server/2.27/jersey-server-2.27.jar:/home/user/.m2/repository/org/glassfish/jersey/core/jersey-client/2.27/jersey-client-2.27.jar:/home/user/.m2/repository/org/glassfish/jersey/media/jersey-media-jaxb/2.27/jersey-media-jaxb-2.27.jar:/home/user/.m2/repository/javax/validation/validation-api/1.1.0.Final/validation-api-1.1.0.Final.jar:/home/user/.m2/repository/org/glassfish/jersey/media/jersey-media-json-jackson/2.27/jersey-media-json-jackson-2.27.jar:/home/user/.m2/repository/org/glassfish/jersey/ext/jersey-entity-filtering/2.27/jersey-entity-filtering-2.27.jar:/home/user/.m2/repository/com/google/inject/extensions/guice-assistedinject/4.0/guice-assistedinject-4.0.jar:/home/user/.m2/repository/org/jooq/jooq/3.11.10/jooq-3.11.10.jar:/home/user/.m2/repository/org/jooq/jooq-meta/3.11.10/jooq-meta-3.11.10.jar:/home/user/.m2/repository/org/jooq/jooq-codegen/3.11.10/jooq-codegen-3.11.10.jar:/home/user/.m2/repository/com/jolbox/bonecp/0.8.0.RELEASE/bonecp-0.8.0.RELEASE.jar:/home/user/.m2/repository/org/springframework/spring-jdbc/5.1.3.RELEASE/spring-jdbc-5.1.3.RELEASE.jar:/home/user/.m2/repository/org/springframework/spring-beans/5.1.3.RELEASE/spring-beans-5.1.3.RELEASE.jar:/home/user/.m2/repository/org/springframework/spring-core/5.1.3.RELEASE/spring-core-5.1.3.RELEASE.jar:/home/user/.m2/repository/org/springframework/spring-jcl/5.1.3.RELEASE/spring-jcl-5.1.3.RELEASE.jar:/home/user/.m2/repository/org/springframework/spring-tx/5.1.3.RELEASE/spring-tx-5.1.3.RELEASE.jar:/home/user/.m2/repository/org/mockito/mockito-all/1.10.19/mockito-all-1.10.19.jar:/home/user/.m2/repository/junit/junit/4.11/junit-4.11.jar:/home/user/.m2/repository/org/hamcrest/hamcrest-core/1.3/hamcrest-core-1.3.jar:/home/user/.m2/repository/org/apache/hadoop/hadoop-distcp/3.2.0/hadoop-distcp-3.2.0.jar:/home/user/.m2/repository/org/apache/hadoop/hadoop-distcp/3.2.0/hadoop-distcp-3.2.0-tests.jar:/home/user/.m2/repository/org/apache/hadoop/hadoop-mapreduce-client-jobclient/3.2.0/hadoop-mapreduce-client-jobclient-3.2.0.jar:/home/user/.m2/repository/org/apache/hadoop/hadoop-mapreduce-client-common/3.2.0/hadoop-mapreduce-client-common-3.2.0.jar:/home/user/.m2/repository/org/apache/hadoop/hadoop-yarn-common/3.2.0/hadoop-yarn-common-3.2.0.jar:/home/user/.m2/repository/org/apache/hadoop/hadoop-yarn-api/3.2.0/hadoop-yarn-api-3.2.0.jar:/home/user/.m2/repository/com/sun/jersey/jersey-client/1.19/jersey-client-1.19.jar:/home/user/.m2/repository/com/sun/jersey/contribs/jersey-guice/1.19/jersey-guice-1.19.jar:/home/user/.m2/repository/com/fasterxml/jackson/jaxrs/jackson-jaxrs-json-provider/2.9.9/jackson-jaxrs-json-provider-2.9.9.jar:/home/user/.m2/repository/com/fasterxml/jackson/jaxrs/jackson-jaxrs-base/2.9.9/jackson-jaxrs-base-2.9.9.jar:/home/user/.m2/repository/org/apache/hadoop/hadoop-yarn-client/3.2.0/hadoop-yarn-client-3.2.0.jar:/home/user/.m2/repository/org/apache/hadoop/hadoop-mapreduce-client-core/3.2.0/hadoop-mapreduce-client-core-3.2.0.jar:/home/user/.m2/repository/com/google/inject/extensions/guice-servlet/4.0/guice-servlet-4.0.jar:/home/user/.m2/repository/org/powermock/powermock-module-junit4/1.6.5/powermock-module-junit4-1.6.5.jar:/home/user/.m2/repository/org/powermock/powermock-module-junit4-common/1.6.5/powermock-module-junit4-common-1.6.5.jar:/home/user/.m2/repository/org/powermock/powermock-core/1.6.5/powermock-core-1.6.5.jar:/home/user/.m2/repository/org/powermock/powermock-reflect/1.6.5/powermock-reflect-1.6.5.jar:/home/user/.m2/repository/org/powermock/powermock-api-mockito/1.6.5/powermock-api-mockito-1.6.5.jar:/home/user/.m2/repository/org/mockito/mockito-core/1.10.19/mockito-core-1.10.19.jar:/home/user/.m2/repository/org/objenesis/objenesis/1.0/objenesis-1.0.jar:/home/user/.m2/repository/org/powermock/powermock-api-mockito-common/1.6.5/powermock-api-mockito-common-1.6.5.jar:/home/user/.m2/repository/org/powermock/powermock-api-support/1.6.5/powermock-api-support-1.6.5.jar:"/>
    <property name="java.vm.vendor" value="IcedTea"/>
    <property name="sun.arch.data.model" value="64"/>
    <property name="test.build.dir" value="/workdir/hadoop-ozone/ozonefs/target/test-dir"/>
    <property name="test.cache.data" value=""/>
    <property name="java.vendor.url" value="https://icedtea.classpath.org"/>
    <property name="user.timezone" value=""/>
    <property name="java.vm.specification.version" value="1.8"/>
    <property name="os.name" value="Linux"/>
    <property name="test.build.data" value="/workdir/hadoop-ozone/ozonefs/target/test-dir"/>
    <property name="user.country" value="US"/>
    <property name="sun.java.launcher" value="SUN_STANDARD"/>
    <property name="sun.boot.library.path" value="/usr/lib/jvm/java-1.8-openjdk/jre/lib/amd64"/>
    <property name="sun.java.command" value="/workdir/hadoop-ozone/ozonefs/target/surefire/surefirebooter419537632023060739.jar /workdir/hadoop-ozone/ozonefs/target/surefire 2019-09-24T20-51-17_462-jvmRun1 surefire1000763689328108536tmp surefire_1045981687587484831218tmp"/>
    <property name="test" value="!TestMiniChaosOzoneCluster"/>
    <property name="surefire.test.class.path" value="/workdir/hadoop-ozone/ozonefs/target/test-classes:/workdir/hadoop-ozone/ozonefs/target/classes:/home/user/.m2/repository/org/apache/hadoop/hadoop-common/3.2.0/hadoop-common-3.2.0.jar:/home/user/.m2/repository/org/apache/hadoop/hadoop-annotations/3.2.0/hadoop-annotations-3.2.0.jar:/usr/lib/jvm/java-1.8-openjdk/jre/../lib/tools.jar:/home/user/.m2/repository/com/google/guava/guava/11.0.2/guava-11.0.2.jar:/home/user/.m2/repository/commons-cli/commons-cli/1.2/commons-cli-1.2.jar:/home/user/.m2/repository/org/apache/commons/commons-math3/3.1.1/commons-math3-3.1.1.jar:/home/user/.m2/repository/commons-codec/commons-codec/1.11/commons-codec-1.11.jar:/home/user/.m2/repository/commons-io/commons-io/2.5/commons-io-2.5.jar:/home/user/.m2/repository/commons-net/commons-net/3.6/commons-net-3.6.jar:/home/user/.m2/repository/commons-collections/commons-collections/3.2.2/commons-collections-3.2.2.jar:/home/user/.m2/repository/javax/servlet/javax.servlet-api/3.1.0/javax.servlet-api-3.1.0.jar:/home/user/.m2/repository/org/eclipse/jetty/jetty-server/9.3.25.v20180904/jetty-server-9.3.25.v20180904.jar:/home/user/.m2/repository/org/eclipse/jetty/jetty-http/9.3.25.v20180904/jetty-http-9.3.25.v20180904.jar:/home/user/.m2/repository/org/eclipse/jetty/jetty-io/9.3.25.v20180904/jetty-io-9.3.25.v20180904.jar:/home/user/.m2/repository/org/eclipse/jetty/jetty-util/9.3.25.v20180904/jetty-util-9.3.25.v20180904.jar:/home/user/.m2/repository/org/eclipse/jetty/jetty-servlet/9.3.25.v20180904/jetty-servlet-9.3.25.v20180904.jar:/home/user/.m2/repository/org/eclipse/jetty/jetty-security/9.3.25.v20180904/jetty-security-9.3.25.v20180904.jar:/home/user/.m2/repository/org/eclipse/jetty/jetty-webapp/9.3.25.v20180904/jetty-webapp-9.3.25.v20180904.jar:/home/user/.m2/repository/org/eclipse/jetty/jetty-xml/9.3.25.v20180904/jetty-xml-9.3.25.v20180904.jar:/home/user/.m2/repository/javax/servlet/jsp/jsp-api/2.1/jsp-api-2.1.jar:/home/user/.m2/repository/com/sun/jersey/jersey-core/1.19/jersey-core-1.19.jar:/home/user/.m2/repository/javax/ws/rs/jsr311-api/1.1.1/jsr311-api-1.1.1.jar:/home/user/.m2/repository/com/sun/jersey/jersey-servlet/1.19/jersey-servlet-1.19.jar:/home/user/.m2/repository/com/sun/jersey/jersey-json/1.19/jersey-json-1.19.jar:/home/user/.m2/repository/org/codehaus/jettison/jettison/1.1/jettison-1.1.jar:/home/user/.m2/repository/com/sun/xml/bind/jaxb-impl/2.3.0.1/jaxb-impl-2.3.0.1.jar:/home/user/.m2/repository/org/codehaus/jackson/jackson-core-asl/1.9.13/jackson-core-asl-1.9.13.jar:/home/user/.m2/repository/org/codehaus/jackson/jackson-mapper-asl/1.9.13/jackson-mapper-asl-1.9.13.jar:/home/user/.m2/repository/org/codehaus/jackson/jackson-jaxrs/1.9.13/jackson-jaxrs-1.9.13.jar:/home/user/.m2/repository/org/codehaus/jackson/jackson-xc/1.9.13/jackson-xc-1.9.13.jar:/home/user/.m2/repository/com/sun/jersey/jersey-server/1.19/jersey-server-1.19.jar:/home/user/.m2/repository/commons-logging/commons-logging/1.1.3/commons-logging-1.1.3.jar:/home/user/.m2/repository/log4j/log4j/1.2.17/log4j-1.2.17.jar:/home/user/.m2/repository/commons-beanutils/commons-beanutils/1.9.4/commons-beanutils-1.9.4.jar:/home/user/.m2/repository/org/apache/commons/commons-configuration2/2.1.1/commons-configuration2-2.1.1.jar:/home/user/.m2/repository/org/apache/commons/commons-lang3/3.7/commons-lang3-3.7.jar:/home/user/.m2/repository/org/apache/commons/commons-text/1.4/commons-text-1.4.jar:/home/user/.m2/repository/org/slf4j/slf4j-api/1.7.25/slf4j-api-1.7.25.jar:/home/user/.m2/repository/org/slf4j/slf4j-log4j12/1.7.25/slf4j-log4j12-1.7.25.jar:/home/user/.m2/repository/org/apache/avro/avro/1.7.7/avro-1.7.7.jar:/home/user/.m2/repository/com/thoughtworks/paranamer/paranamer/2.3/paranamer-2.3.jar:/home/user/.m2/repository/org/xerial/snappy/snappy-java/1.0.5/snappy-java-1.0.5.jar:/home/user/.m2/repository/com/google/re2j/re2j/1.1/re2j-1.1.jar:/home/user/.m2/repository/com/google/protobuf/protobuf-java/2.5.0/protobuf-java-2.5.0.jar:/home/user/.m2/repository/com/google/code/gson/gson/2.2.4/gson-2.2.4.jar:/home/user/.m2/repository/org/apache/hadoop/hadoop-auth/3.2.0/hadoop-auth-3.2.0.jar:/home/user/.m2/repository/com/nimbusds/nimbus-jose-jwt/4.41.1/nimbus-jose-jwt-4.41.1.jar:/home/user/.m2/repository/com/github/stephenc/jcip/jcip-annotations/1.0-1/jcip-annotations-1.0-1.jar:/home/user/.m2/repository/net/minidev/json-smart/2.3/json-smart-2.3.jar:/home/user/.m2/repository/net/minidev/accessors-smart/1.2/accessors-smart-1.2.jar:/home/user/.m2/repository/org/apache/curator/curator-framework/2.12.0/curator-framework-2.12.0.jar:/home/user/.m2/repository/com/jcraft/jsch/0.1.54/jsch-0.1.54.jar:/home/user/.m2/repository/org/apache/curator/curator-client/2.12.0/curator-client-2.12.0.jar:/home/user/.m2/repository/org/apache/curator/curator-recipes/2.12.0/curator-recipes-2.12.0.jar:/home/user/.m2/repository/com/google/code/findbugs/jsr305/3.0.0/jsr305-3.0.0.jar:/home/user/.m2/repository/org/apache/htrace/htrace-core4/4.1.0-incubating/htrace-core4-4.1.0-incubating.jar:/home/user/.m2/repository/org/apache/zookeeper/zookeeper/3.4.13/zookeeper-3.4.13.jar:/home/user/.m2/repository/jline/jline/0.9.94/jline-0.9.94.jar:/home/user/.m2/repository/org/apache/yetus/audience-annotations/0.5.0/audience-annotations-0.5.0.jar:/home/user/.m2/repository/org/apache/commons/commons-compress/1.4.1/commons-compress-1.4.1.jar:/home/user/.m2/repository/org/tukaani/xz/1.0/xz-1.0.jar:/home/user/.m2/repository/org/apache/kerby/kerb-simplekdc/1.0.1/kerb-simplekdc-1.0.1.jar:/home/user/.m2/repository/org/apache/kerby/kerb-client/1.0.1/kerb-client-1.0.1.jar:/home/user/.m2/repository/org/apache/kerby/kerby-config/1.0.1/kerby-config-1.0.1.jar:/home/user/.m2/repository/org/apache/kerby/kerb-core/1.0.1/kerb-core-1.0.1.jar:/home/user/.m2/repository/org/apache/kerby/kerby-pkix/1.0.1/kerby-pkix-1.0.1.jar:/home/user/.m2/repository/org/apache/kerby/kerby-asn1/1.0.1/kerby-asn1-1.0.1.jar:/home/user/.m2/repository/org/apache/kerby/kerby-util/1.0.1/kerby-util-1.0.1.jar:/home/user/.m2/repository/org/apache/kerby/kerb-common/1.0.1/kerb-common-1.0.1.jar:/home/user/.m2/repository/org/apache/kerby/kerb-crypto/1.0.1/kerb-crypto-1.0.1.jar:/home/user/.m2/repository/org/apache/kerby/kerb-util/1.0.1/kerb-util-1.0.1.jar:/home/user/.m2/repository/org/apache/kerby/token-provider/1.0.1/token-provider-1.0.1.jar:/home/user/.m2/repository/org/apache/kerby/kerb-admin/1.0.1/kerb-admin-1.0.1.jar:/home/user/.m2/repository/org/apache/kerby/kerb-server/1.0.1/kerb-server-1.0.1.jar:/home/user/.m2/repository/org/apache/kerby/kerb-identity/1.0.1/kerb-identity-1.0.1.jar:/home/user/.m2/repository/org/apache/kerby/kerby-xdr/1.0.1/kerby-xdr-1.0.1.jar:/home/user/.m2/repository/com/fasterxml/jackson/core/jackson-databind/2.9.9/jackson-databind-2.9.9.jar:/home/user/.m2/repository/com/fasterxml/jackson/core/jackson-annotations/2.9.9/jackson-annotations-2.9.9.jar:/home/user/.m2/repository/com/fasterxml/jackson/core/jackson-core/2.9.9/jackson-core-2.9.9.jar:/home/user/.m2/repository/org/codehaus/woodstox/stax2-api/3.1.4/stax2-api-3.1.4.jar:/home/user/.m2/repository/com/fasterxml/woodstox/woodstox-core/5.0.3/woodstox-core-5.0.3.jar:/home/user/.m2/repository/dnsjava/dnsjava/2.1.7/dnsjava-2.1.7.jar:/home/user/.m2/repository/org/apache/hadoop/hadoop-hdfs/3.2.0/hadoop-hdfs-3.2.0.jar:/home/user/.m2/repository/org/eclipse/jetty/jetty-util-ajax/9.3.25.v20180904/jetty-util-ajax-9.3.25.v20180904.jar:/home/user/.m2/repository/commons-daemon/commons-daemon/1.0.13/commons-daemon-1.0.13.jar:/home/user/.m2/repository/io/netty/netty/3.10.5.Final/netty-3.10.5.Final.jar:/home/user/.m2/repository/io/netty/netty-all/4.0.52.Final/netty-all-4.0.52.Final.jar:/home/user/.m2/repository/org/fusesource/leveldbjni/leveldbjni-all/1.8/leveldbjni-all-1.8.jar:/home/user/.m2/repository/org/apache/hadoop/hadoop-hdds-common/0.5.0-SNAPSHOT/hadoop-hdds-common-0.5.0-SNAPSHOT.jar:/home/user/.m2/repository/org/apache/hadoop/hadoop-hdds-config/0.5.0-SNAPSHOT/hadoop-hdds-config-0.5.0-SNAPSHOT.jar:/home/user/.m2/repository/javax/annotation/javax.annotation-api/1.2/javax.annotation-api-1.2.jar:/home/user/.m2/repository/org/apache/ratis/ratis-server/0.4.0/ratis-server-0.4.0.jar:/home/user/.m2/repository/org/apache/ratis/ratis-thirdparty-misc/0.2.0/ratis-thirdparty-misc-0.2.0.jar:/home/user/.m2/repository/org/apache/ratis/ratis-proto/0.4.0/ratis-proto-0.4.0.jar:/home/user/.m2/repository/org/apache/ratis/ratis-common/0.4.0/ratis-common-0.4.0.jar:/home/user/.m2/repository/org/apache/ratis/ratis-client/0.4.0/ratis-client-0.4.0.jar:/home/user/.m2/repository/org/apache/ratis/ratis-metrics/0.4.0/ratis-metrics-0.4.0.jar:/home/user/.m2/repository/com/github/joshelser/dropwizard-metrics-hadoop-metrics2-reporter/0.1.2/dropwizard-metrics-hadoop-metrics2-reporter-0.1.2.jar:/home/user/.m2/repository/io/dropwizard/metrics/metrics-jvm/3.2.5/metrics-jvm-3.2.5.jar:/home/user/.m2/repository/io/dropwizard/metrics/metrics-ganglia/3.2.5/metrics-ganglia-3.2.5.jar:/home/user/.m2/repository/info/ganglia/gmetric4j/gmetric4j/1.0.7/gmetric4j-1.0.7.jar:/home/user/.m2/repository/org/apache/ratis/ratis-netty/0.4.0/ratis-netty-0.4.0.jar:/home/user/.m2/repository/org/apache/ratis/ratis-grpc/0.4.0/ratis-grpc-0.4.0.jar:/home/user/.m2/repository/org/rocksdb/rocksdbjni/6.0.1/rocksdbjni-6.0.1.jar:/home/user/.m2/repository/org/apache/logging/log4j/log4j-api/2.11.0/log4j-api-2.11.0.jar:/home/user/.m2/repository/org/apache/logging/log4j/log4j-core/2.11.0/log4j-core-2.11.0.jar:/home/user/.m2/repository/com/lmax/disruptor/3.4.2/disruptor-3.4.2.jar:/home/user/.m2/repository/org/apache/commons/commons-pool2/2.6.0/commons-pool2-2.6.0.jar:/home/user/.m2/repository/org/bouncycastle/bcpkix-jdk15on/1.60/bcpkix-jdk15on-1.60.jar:/home/user/.m2/repository/commons-validator/commons-validator/1.6/commons-validator-1.6.jar:/home/user/.m2/repository/commons-digester/commons-digester/1.8.1/commons-digester-1.8.1.jar:/home/user/.m2/repository/io/jaegertracing/jaeger-client/0.34.0/jaeger-client-0.34.0.jar:/home/user/.m2/repository/io/jaegertracing/jaeger-thrift/0.34.0/jaeger-thrift-0.34.0.jar:/home/user/.m2/repository/org/apache/thrift/libthrift/0.12.0/libthrift-0.12.0.jar:/home/user/.m2/repository/com/squareup/okhttp3/okhttp/3.9.0/okhttp-3.9.0.jar:/home/user/.m2/repository/com/squareup/okio/okio/1.13.0/okio-1.13.0.jar:/home/user/.m2/repository/io/jaegertracing/jaeger-core/0.34.0/jaeger-core-0.34.0.jar:/home/user/.m2/repository/io/jaegertracing/jaeger-tracerresolver/0.34.0/jaeger-tracerresolver-0.34.0.jar:/home/user/.m2/repository/io/opentracing/contrib/opentracing-tracerresolver/0.1.5/opentracing-tracerresolver-0.1.5.jar:/home/user/.m2/repository/io/opentracing/opentracing-util/0.31.0/opentracing-util-0.31.0.jar:/home/user/.m2/repository/io/opentracing/opentracing-api/0.31.0/opentracing-api-0.31.0.jar:/home/user/.m2/repository/io/opentracing/opentracing-noop/0.31.0/opentracing-noop-0.31.0.jar:/home/user/.m2/repository/org/yaml/snakeyaml/1.16/snakeyaml-1.16.jar:/home/user/.m2/repository/org/apache/hadoop/hadoop-hdfs-client/3.2.0/hadoop-hdfs-client-3.2.0.jar:/home/user/.m2/repository/info/picocli/picocli/3.9.6/picocli-3.9.6.jar:/home/user/.m2/repository/org/apache/hadoop/hadoop-hdds-server-scm/0.5.0-SNAPSHOT/hadoop-hdds-server-scm-0.5.0-SNAPSHOT.jar:/home/user/.m2/repository/org/apache/hadoop/hadoop-hdds-docs/0.5.0-SNAPSHOT/hadoop-hdds-docs-0.5.0-SNAPSHOT.jar:/home/user/.m2/repository/io/dropwizard/metrics/metrics-core/3.2.4/metrics-core-3.2.4.jar:/home/user/.m2/repository/org/hamcrest/hamcrest-all/1.3/hamcrest-all-1.3.jar:/home/user/.m2/repository/org/bouncycastle/bcprov-jdk15on/1.60/bcprov-jdk15on-1.60.jar:/home/user/.m2/repository/org/apache/hadoop/hadoop-hdds-server-framework/0.5.0-SNAPSHOT/hadoop-hdds-server-framework-0.5.0-SNAPSHOT.jar:/home/user/.m2/repository/org/apache/hadoop/hadoop-ozone-ozone-manager/0.5.0-SNAPSHOT/hadoop-ozone-ozone-manager-0.5.0-SNAPSHOT.jar:/home/user/.m2/repository/org/apache/hadoop/hadoop-hdds-container-service/0.5.0-SNAPSHOT/hadoop-hdds-container-service-0.5.0-SNAPSHOT.jar:/home/user/.m2/repository/org/apache/hadoop/hadoop-hdds-client/0.5.0-SNAPSHOT/hadoop-hdds-client-0.5.0-SNAPSHOT.jar:/home/user/.m2/repository/org/apache/hadoop/hadoop-ozone-common/0.5.0-SNAPSHOT/hadoop-ozone-common-0.5.0-SNAPSHOT.jar:/home/user/.m2/repository/org/apache/hadoop/hadoop-hdds-tools/0.5.0-SNAPSHOT/hadoop-hdds-tools-0.5.0-SNAPSHOT.jar:/home/user/.m2/repository/org/xerial/sqlite-jdbc/3.25.2/sqlite-jdbc-3.25.2.jar:/home/user/.m2/repository/org/apache/httpcomponents/httpclient/4.5.2/httpclient-4.5.2.jar:/home/user/.m2/repository/org/apache/httpcomponents/httpcore/4.4.4/httpcore-4.4.4.jar:/home/user/.m2/repository/com/google/code/findbugs/findbugs/3.0.1/findbugs-3.0.1.jar:/home/user/.m2/repository/net/jcip/jcip-annotations/1.0/jcip-annotations-1.0.jar:/home/user/.m2/repository/com/google/code/findbugs/bcel-findbugs/6.0/bcel-findbugs-6.0.jar:/home/user/.m2/repository/com/google/code/findbugs/jFormatString/2.0.1/jFormatString-2.0.1.jar:/home/user/.m2/repository/dom4j/dom4j/1.6.1/dom4j-1.6.1.jar:/home/user/.m2/repository/xml-apis/xml-apis/1.0.b2/xml-apis-1.0.b2.jar:/home/user/.m2/repository/org/ow2/asm/asm-debug-all/5.0.2/asm-debug-all-5.0.2.jar:/home/user/.m2/repository/org/ow2/asm/asm-commons/5.0.2/asm-commons-5.0.2.jar:/home/user/.m2/repository/org/ow2/asm/asm-tree/5.0.2/asm-tree-5.0.2.jar:/home/user/.m2/repository/org/ow2/asm/asm/5.0.4/asm-5.0.4.jar:/home/user/.m2/repository/commons-lang/commons-lang/2.6/commons-lang-2.6.jar:/home/user/.m2/repository/com/apple/AppleJavaExtensions/1.4/AppleJavaExtensions-1.4.jar:/home/user/.m2/repository/jaxen/jaxen/1.1.6/jaxen-1.1.6.jar:/home/user/.m2/repository/org/apache/hadoop/hadoop-common/3.2.0/hadoop-common-3.2.0-tests.jar:/home/user/.m2/repository/org/apache/hadoop/hadoop-ozone-client/0.5.0-SNAPSHOT/hadoop-ozone-client-0.5.0-SNAPSHOT.jar:/home/user/.m2/repository/org/apache/hadoop/hadoop-hdfs/3.2.0/hadoop-hdfs-3.2.0-tests.jar:/workdir/hadoop-ozone/integration-test/target/test-classes:/home/user/.m2/repository/org/apache/hadoop/hadoop-ozone-s3gateway/0.5.0-SNAPSHOT/hadoop-ozone-s3gateway-0.5.0-SNAPSHOT.jar:/home/user/.m2/repository/org/jboss/weld/servlet/weld-servlet/2.4.7.Final/weld-servlet-2.4.7.Final.jar:/home/user/.m2/repository/org/glassfish/jersey/containers/jersey-container-servlet-core/2.27/jersey-container-servlet-core-2.27.jar:/home/user/.m2/repository/org/glassfish/hk2/external/javax.inject/2.5.0-b42/javax.inject-2.5.0-b42.jar:/home/user/.m2/repository/org/glassfish/jersey/core/jersey-common/2.27/jersey-common-2.27.jar:/home/user/.m2/repository/org/glassfish/hk2/osgi-resource-locator/1.0.1/osgi-resource-locator-1.0.1.jar:/home/user/.m2/repository/javax/ws/rs/javax.ws.rs-api/2.1/javax.ws.rs-api-2.1.jar:/home/user/.m2/repository/org/glassfish/jersey/ext/cdi/jersey-cdi1x/2.27/jersey-cdi1x-2.27.jar:/home/user/.m2/repository/org/glassfish/jersey/inject/jersey-hk2/2.27/jersey-hk2-2.27.jar:/home/user/.m2/repository/org/glassfish/hk2/hk2-locator/2.5.0-b42/hk2-locator-2.5.0-b42.jar:/home/user/.m2/repository/org/javassist/javassist/3.22.0-CR2/javassist-3.22.0-CR2.jar:/home/user/.m2/repository/org/glassfish/hk2/hk2-api/2.5.0/hk2-api-2.5.0.jar:/home/user/.m2/repository/org/glassfish/hk2/external/jakarta.inject/2.5.0/jakarta.inject-2.5.0.jar:/home/user/.m2/repository/org/glassfish/hk2/hk2-utils/2.5.0/hk2-utils-2.5.0.jar:/home/user/.m2/repository/jakarta/annotation/jakarta.annotation-api/1.3.4/jakarta.annotation-api-1.3.4.jar:/home/user/.m2/repository/org/glassfish/hk2/external/aopalliance-repackaged/2.5.0/aopalliance-repackaged-2.5.0.jar:/home/user/.m2/repository/com/fasterxml/jackson/dataformat/jackson-dataformat-xml/2.9.0/jackson-dataformat-xml-2.9.0.jar:/home/user/.m2/repository/com/fasterxml/jackson/module/jackson-module-jaxb-annotations/2.9.9/jackson-module-jaxb-annotations-2.9.9.jar:/home/user/.m2/repository/javax/enterprise/cdi-api/1.2/cdi-api-1.2.jar:/home/user/.m2/repository/javax/el/javax.el-api/3.0.0/javax.el-api-3.0.0.jar:/home/user/.m2/repository/javax/interceptor/javax.interceptor-api/1.2/javax.interceptor-api-1.2.jar:/home/user/.m2/repository/javax/inject/javax.inject/1/javax.inject-1.jar:/home/user/.m2/repository/com/sun/xml/bind/jaxb-core/2.3.0.1/jaxb-core-2.3.0.1.jar:/home/user/.m2/repository/javax/xml/bind/jaxb-api/2.3.0/jaxb-api-2.3.0.jar:/home/user/.m2/repository/javax/activation/activation/1.1.1/activation-1.1.1.jar:/home/user/.m2/repository/org/apache/hadoop/hadoop-ozone-csi/0.5.0-SNAPSHOT/hadoop-ozone-csi-0.5.0-SNAPSHOT.jar:/home/user/.m2/repository/com/google/protobuf/protobuf-java-util/3.5.1/protobuf-java-util-3.5.1.jar:/home/user/.m2/repository/io/grpc/grpc-netty/1.17.1/grpc-netty-1.17.1.jar:/home/user/.m2/repository/io/grpc/grpc-core/1.17.1/grpc-core-1.17.1.jar:/home/user/.m2/repository/io/grpc/grpc-context/1.17.1/grpc-context-1.17.1.jar:/home/user/.m2/repository/com/google/errorprone/error_prone_annotations/2.2.0/error_prone_annotations-2.2.0.jar:/home/user/.m2/repository/org/codehaus/mojo/animal-sniffer-annotations/1.17/animal-sniffer-annotations-1.17.jar:/home/user/.m2/repository/io/opencensus/opencensus-api/0.17.0/opencensus-api-0.17.0.jar:/home/user/.m2/repository/io/opencensus/opencensus-contrib-grpc-metrics/0.17.0/opencensus-contrib-grpc-metrics-0.17.0.jar:/home/user/.m2/repository/io/netty/netty-codec-http2/4.1.30.Final/netty-codec-http2-4.1.30.Final.jar:/home/user/.m2/repository/io/netty/netty-codec-http/4.1.30.Final/netty-codec-http-4.1.30.Final.jar:/home/user/.m2/repository/io/netty/netty-codec/4.1.30.Final/netty-codec-4.1.30.Final.jar:/home/user/.m2/repository/io/netty/netty-handler/4.1.30.Final/netty-handler-4.1.30.Final.jar:/home/user/.m2/repository/io/netty/netty-handler-proxy/4.1.30.Final/netty-handler-proxy-4.1.30.Final.jar:/home/user/.m2/repository/io/netty/netty-codec-socks/4.1.30.Final/netty-codec-socks-4.1.30.Final.jar:/home/user/.m2/repository/io/netty/netty-transport-native-epoll/4.1.30.Final/netty-transport-native-epoll-4.1.30.Final.jar:/home/user/.m2/repository/io/netty/netty-common/4.1.30.Final/netty-common-4.1.30.Final.jar:/home/user/.m2/repository/io/netty/netty-buffer/4.1.30.Final/netty-buffer-4.1.30.Final.jar:/home/user/.m2/repository/io/netty/netty-transport/4.1.30.Final/netty-transport-4.1.30.Final.jar:/home/user/.m2/repository/io/netty/netty-resolver/4.1.30.Final/netty-resolver-4.1.30.Final.jar:/home/user/.m2/repository/io/netty/netty-transport-native-unix-common/4.1.30.Final/netty-transport-native-unix-common-4.1.30.Final.jar:/home/user/.m2/repository/io/grpc/grpc-protobuf/1.17.1/grpc-protobuf-1.17.1.jar:/home/user/.m2/repository/com/google/api/grpc/proto-google-common-protos/1.0.0/proto-google-common-protos-1.0.0.jar:/home/user/.m2/repository/io/grpc/grpc-protobuf-lite/1.17.1/grpc-protobuf-lite-1.17.1.jar:/home/user/.m2/repository/io/grpc/grpc-stub/1.17.1/grpc-stub-1.17.1.jar:/home/user/.m2/repository/org/apache/hadoop/hadoop-ozone-recon/0.5.0-SNAPSHOT/hadoop-ozone-recon-0.5.0-SNAPSHOT.jar:/home/user/.m2/repository/org/apache/hadoop/hadoop-ozone-reconcodegen/0.5.0-SNAPSHOT/hadoop-ozone-reconcodegen-0.5.0-SNAPSHOT.jar:/home/user/.m2/repository/com/google/inject/extensions/guice-multibindings/4.0/guice-multibindings-4.0.jar:/home/user/.m2/repository/com/google/inject/guice/4.0/guice-4.0.jar:/home/user/.m2/repository/aopalliance/aopalliance/1.0/aopalliance-1.0.jar:/home/user/.m2/repository/org/glassfish/jersey/containers/jersey-container-servlet/2.27/jersey-container-servlet-2.27.jar:/home/user/.m2/repository/org/glassfish/hk2/guice-bridge/2.5.0/guice-bridge-2.5.0.jar:/home/user/.m2/repository/org/glassfish/jersey/core/jersey-server/2.27/jersey-server-2.27.jar:/home/user/.m2/repository/org/glassfish/jersey/core/jersey-client/2.27/jersey-client-2.27.jar:/home/user/.m2/repository/org/glassfish/jersey/media/jersey-media-jaxb/2.27/jersey-media-jaxb-2.27.jar:/home/user/.m2/repository/javax/validation/validation-api/1.1.0.Final/validation-api-1.1.0.Final.jar:/home/user/.m2/repository/org/glassfish/jersey/media/jersey-media-json-jackson/2.27/jersey-media-json-jackson-2.27.jar:/home/user/.m2/repository/org/glassfish/jersey/ext/jersey-entity-filtering/2.27/jersey-entity-filtering-2.27.jar:/home/user/.m2/repository/com/google/inject/extensions/guice-assistedinject/4.0/guice-assistedinject-4.0.jar:/home/user/.m2/repository/org/jooq/jooq/3.11.10/jooq-3.11.10.jar:/home/user/.m2/repository/org/jooq/jooq-meta/3.11.10/jooq-meta-3.11.10.jar:/home/user/.m2/repository/org/jooq/jooq-codegen/3.11.10/jooq-codegen-3.11.10.jar:/home/user/.m2/repository/com/jolbox/bonecp/0.8.0.RELEASE/bonecp-0.8.0.RELEASE.jar:/home/user/.m2/repository/org/springframework/spring-jdbc/5.1.3.RELEASE/spring-jdbc-5.1.3.RELEASE.jar:/home/user/.m2/repository/org/springframework/spring-beans/5.1.3.RELEASE/spring-beans-5.1.3.RELEASE.jar:/home/user/.m2/repository/org/springframework/spring-core/5.1.3.RELEASE/spring-core-5.1.3.RELEASE.jar:/home/user/.m2/repository/org/springframework/spring-jcl/5.1.3.RELEASE/spring-jcl-5.1.3.RELEASE.jar:/home/user/.m2/repository/org/springframework/spring-tx/5.1.3.RELEASE/spring-tx-5.1.3.RELEASE.jar:/home/user/.m2/repository/org/mockito/mockito-all/1.10.19/mockito-all-1.10.19.jar:/home/user/.m2/repository/junit/junit/4.11/junit-4.11.jar:/home/user/.m2/repository/org/hamcrest/hamcrest-core/1.3/hamcrest-core-1.3.jar:/home/user/.m2/repository/org/apache/hadoop/hadoop-distcp/3.2.0/hadoop-distcp-3.2.0.jar:/home/user/.m2/repository/org/apache/hadoop/hadoop-distcp/3.2.0/hadoop-distcp-3.2.0-tests.jar:/home/user/.m2/repository/org/apache/hadoop/hadoop-mapreduce-client-jobclient/3.2.0/hadoop-mapreduce-client-jobclient-3.2.0.jar:/home/user/.m2/repository/org/apache/hadoop/hadoop-mapreduce-client-common/3.2.0/hadoop-mapreduce-client-common-3.2.0.jar:/home/user/.m2/repository/org/apache/hadoop/hadoop-yarn-common/3.2.0/hadoop-yarn-common-3.2.0.jar:/home/user/.m2/repository/org/apache/hadoop/hadoop-yarn-api/3.2.0/hadoop-yarn-api-3.2.0.jar:/home/user/.m2/repository/com/sun/jersey/jersey-client/1.19/jersey-client-1.19.jar:/home/user/.m2/repository/com/sun/jersey/contribs/jersey-guice/1.19/jersey-guice-1.19.jar:/home/user/.m2/repository/com/fasterxml/jackson/jaxrs/jackson-jaxrs-json-provider/2.9.9/jackson-jaxrs-json-provider-2.9.9.jar:/home/user/.m2/repository/com/fasterxml/jackson/jaxrs/jackson-jaxrs-base/2.9.9/jackson-jaxrs-base-2.9.9.jar:/home/user/.m2/repository/org/apache/hadoop/hadoop-yarn-client/3.2.0/hadoop-yarn-client-3.2.0.jar:/home/user/.m2/repository/org/apache/hadoop/hadoop-mapreduce-client-core/3.2.0/hadoop-mapreduce-client-core-3.2.0.jar:/home/user/.m2/repository/com/google/inject/extensions/guice-servlet/4.0/guice-servlet-4.0.jar:/home/user/.m2/repository/org/powermock/powermock-module-junit4/1.6.5/powermock-module-junit4-1.6.5.jar:/home/user/.m2/repository/org/powermock/powermock-module-junit4-common/1.6.5/powermock-module-junit4-common-1.6.5.jar:/home/user/.m2/repository/org/powermock/powermock-core/1.6.5/powermock-core-1.6.5.jar:/home/user/.m2/repository/org/powermock/powermock-reflect/1.6.5/powermock-reflect-1.6.5.jar:/home/user/.m2/repository/org/powermock/powermock-api-mockito/1.6.5/powermock-api-mockito-1.6.5.jar:/home/user/.m2/repository/org/mockito/mockito-core/1.10.19/mockito-core-1.10.19.jar:/home/user/.m2/repository/org/objenesis/objenesis/1.0/objenesis-1.0.jar:/home/user/.m2/repository/org/powermock/powermock-api-mockito-common/1.6.5/powermock-api-mockito-common-1.6.5.jar:/home/user/.m2/repository/org/powermock/powermock-api-support/1.6.5/powermock-api-support-1.6.5.jar:"/>
    <property name="sun.cpu.endian" value="little"/>
    <property name="user.home" value="/home/user"/>
    <property name="user.language" value="en"/>
    <property name="java.specification.vendor" value="Oracle Corporation"/>
    <property name="java.home" value="/usr/lib/jvm/java-1.8-openjdk/jre"/>
    <property name="java.security.krb5.conf" value="/workdir/hadoop-ozone/ozonefs/target/test-classes/krb5.conf"/>
    <property name="basedir" value="/workdir/hadoop-ozone/ozonefs"/>
    <property name="file.separator" value="/"/>
    <property name="line.separator" value="&#10;"/>
    <property name="java.vm.specification.vendor" value="Oracle Corporation"/>
    <property name="java.specification.name" value="Java Platform API Specification"/>
    <property name="java.awt.graphicsenv" value="sun.awt.X11GraphicsEnvironment"/>
    <property name="surefire.real.class.path" value="/workdir/hadoop-ozone/ozonefs/target/surefire/surefirebooter419537632023060739.jar"/>
    <property name="hadoop.log.dir" value="/workdir/hadoop-ozone/ozonefs/target/log"/>
    <property name="sun.boot.class.path" value="/usr/lib/jvm/java-1.8-openjdk/jre/lib/resources.jar:/usr/lib/jvm/java-1.8-openjdk/jre/lib/rt.jar:/usr/lib/jvm/java-1.8-openjdk/jre/lib/sunrsasign.jar:/usr/lib/jvm/java-1.8-openjdk/jre/lib/jsse.jar:/usr/lib/jvm/java-1.8-openjdk/jre/lib/jce.jar:/usr/lib/jvm/java-1.8-openjdk/jre/lib/charsets.jar:/usr/lib/jvm/java-1.8-openjdk/jre/lib/jfr.jar:/usr/lib/jvm/java-1.8-openjdk/jre/classes"/>
    <property name="sun.management.compiler" value="HotSpot 64-Bit Tiered Compilers"/>
    <property name="java.runtime.version" value="1.8.0_212-b04"/>
    <property name="java.net.preferIPv4Stack" value="true"/>
    <property name="user.name" value="jenkins1000"/>
    <property name="path.separator" value=":"/>
    <property name="java.security.egd" value="file:///dev/urandom"/>
    <property name="os.version" value="3.10.0-957.12.2.el7.x86_64"/>
    <property name="java.endorsed.dirs" value="/usr/lib/jvm/java-1.8-openjdk/jre/lib/endorsed"/>
    <property name="java.runtime.name" value="OpenJDK Runtime Environment"/>
    <property name="file.encoding" value="UTF-8"/>
    <property name="java.vm.name" value="OpenJDK 64-Bit Server VM"/>
    <property name="test.build.webapps" value=""/>
    <property name="localRepository" value="/home/user/.m2/repository"/>
    <property name="java.vendor.url.bug" value="https://icedtea.classpath.org/bugzilla"/>
    <property name="java.io.tmpdir" value="/tmp"/>
    <property name="require.test.libhadoop" value=""/>
    <property name="java.version" value="1.8.0_212"/>
    <property name="user.dir" value="/workdir/hadoop-ozone/ozonefs"/>
    <property name="os.arch" value="amd64"/>
    <property name="java.vm.specification.name" value="Java Virtual Machine Specification"/>
    <property name="test.build.classes" value="/workdir/hadoop-ozone/ozonefs/target/test-classes"/>
    <property name="java.awt.printerjob" value="sun.print.PSPrinterJob"/>
    <property name="sun.os.patch.level" value="unknown"/>
    <property name="hadoop.tmp.dir" value="/workdir/hadoop-ozone/ozonefs/target/tmp"/>
    <property name="java.library.path" value="/usr/lib/jvm/java-1.8-openjdk/jre/lib/amd64/server:/usr/lib/jvm/java-1.8-openjdk/jre/lib/amd64:/usr/lib/jvm/java-1.8-openjdk/jre/../lib/amd64:/workdir/hadoop-ozone/ozonefs/target/native/target/usr/local/lib:/workdir/hadoop-ozone/ozonefs/../../hadoop-common-project/hadoop-common/target/native/target/usr/local/lib:/usr/java/packages/lib/amd64:/usr/lib64:/lib64:/lib:/usr/lib"/>
    <property name="java.vm.info" value="mixed mode"/>
    <property name="java.vendor" value="IcedTea"/>
    <property name="java.vm.version" value="25.212-b04"/>
    <property name="java.ext.dirs" value="/usr/lib/jvm/java-1.8-openjdk/jre/lib/ext:/usr/java/packages/lib/ext"/>
    <property name="sun.io.unicode.encoding" value="UnicodeLittle"/>
    <property name="java.class.version" value="52.0"/>
  </properties>
  <testcase name="org.apache.hadoop.fs.ozone.TestOzoneFSInputStream" classname="org.apache.hadoop.fs.ozone.TestOzoneFSInputStream" time="122.54">
    <error message="Connection refused" type="java.net.ConnectException"><![CDATA[java.net.ConnectException: Connection refused
	at sun.nio.ch.SocketChannelImpl.checkConnect(Native Method)
	at sun.nio.ch.SocketChannelImpl.finishConnect(SocketChannelImpl.java:717)
	at org.apache.hadoop.net.SocketIOWithTimeout.connect(SocketIOWithTimeout.java:206)
	at org.apache.hadoop.net.NetUtils.connect(NetUtils.java:531)
	at org.apache.hadoop.ipc.Client$Connection.setupConnection(Client.java:690)
	at org.apache.hadoop.ipc.Client$Connection.setupIOstreams(Client.java:794)
	at org.apache.hadoop.ipc.Client$Connection.access$3700(Client.java:411)
	at org.apache.hadoop.ipc.Client.getConnection(Client.java:1572)
	at org.apache.hadoop.ipc.Client.call(Client.java:1403)
	at org.apache.hadoop.ipc.Client.call(Client.java:1367)
	at org.apache.hadoop.ipc.ProtobufRpcEngine$Invoker.invoke(ProtobufRpcEngine.java:228)
	at org.apache.hadoop.ipc.ProtobufRpcEngine$Invoker.invoke(ProtobufRpcEngine.java:116)
	at com.sun.proxy.$Proxy36.submitRequest(Unknown Source)
	at sun.reflect.NativeMethodAccessorImpl.invoke0(Native Method)
	at sun.reflect.NativeMethodAccessorImpl.invoke(NativeMethodAccessorImpl.java:62)
	at sun.reflect.DelegatingMethodAccessorImpl.invoke(DelegatingMethodAccessorImpl.java:43)
	at java.lang.reflect.Method.invoke(Method.java:498)
	at org.apache.hadoop.io.retry.RetryInvocationHandler.invokeMethod(RetryInvocationHandler.java:422)
	at org.apache.hadoop.io.retry.RetryInvocationHandler$Call.invokeMethod(RetryInvocationHandler.java:165)
	at org.apache.hadoop.io.retry.RetryInvocationHandler$Call.invoke(RetryInvocationHandler.java:157)
	at org.apache.hadoop.io.retry.RetryInvocationHandler$Call.invokeOnce(RetryInvocationHandler.java:95)
	at org.apache.hadoop.io.retry.RetryInvocationHandler.invoke(RetryInvocationHandler.java:359)
	at com.sun.proxy.$Proxy36.submitRequest(Unknown Source)
	at org.apache.hadoop.ozone.om.protocolPB.OzoneManagerProtocolClientSideTranslatorPB.submitRequest(OzoneManagerProtocolClientSideTranslatorPB.java:338)
	at org.apache.hadoop.ozone.om.protocolPB.OzoneManagerProtocolClientSideTranslatorPB.getServiceInfo(OzoneManagerProtocolClientSideTranslatorPB.java:1223)
	at sun.reflect.NativeMethodAccessorImpl.invoke0(Native Method)
	at sun.reflect.NativeMethodAccessorImpl.invoke(NativeMethodAccessorImpl.java:62)
	at sun.reflect.DelegatingMethodAccessorImpl.invoke(DelegatingMethodAccessorImpl.java:43)
	at java.lang.reflect.Method.invoke(Method.java:498)
	at org.apache.hadoop.hdds.tracing.TraceAllMethod.invoke(TraceAllMethod.java:66)
	at com.sun.proxy.$Proxy37.getServiceInfo(Unknown Source)
	at org.apache.hadoop.ozone.client.rpc.RpcClient.<init>(RpcClient.java:154)
	at org.apache.hadoop.ozone.client.OzoneClientFactory.getClientProtocol(OzoneClientFactory.java:256)
	at org.apache.hadoop.ozone.client.OzoneClientFactory.getClientProtocol(OzoneClientFactory.java:239)
	at org.apache.hadoop.ozone.client.OzoneClientFactory.getClient(OzoneClientFactory.java:75)
	at org.apache.hadoop.ozone.MiniOzoneClusterImpl.getClient(MiniOzoneClusterImpl.java:212)
	at org.apache.hadoop.ozone.TestDataUtil.createVolumeAndBucket(TestDataUtil.java:51)
	at org.apache.hadoop.ozone.TestDataUtil.createVolumeAndBucket(TestDataUtil.java:93)
	at org.apache.hadoop.fs.ozone.TestOzoneFSInputStream.init(TestOzoneFSInputStream.java:72)
	at sun.reflect.NativeMethodAccessorImpl.invoke0(Native Method)
	at sun.reflect.NativeMethodAccessorImpl.invoke(NativeMethodAccessorImpl.java:62)
	at sun.reflect.DelegatingMethodAccessorImpl.invoke(DelegatingMethodAccessorImpl.java:43)
	at java.lang.reflect.Method.invoke(Method.java:498)
	at org.junit.runners.model.FrameworkMethod$1.runReflectiveCall(FrameworkMethod.java:47)
	at org.junit.internal.runners.model.ReflectiveCallable.run(ReflectiveCallable.java:12)
	at org.junit.runners.model.FrameworkMethod.invokeExplosively(FrameworkMethod.java:44)
	at org.junit.internal.runners.statements.RunBefores.evaluate(RunBefores.java:24)
	at org.junit.internal.runners.statements.RunAfters.evaluate(RunAfters.java:27)
	at org.junit.runners.ParentRunner.run(ParentRunner.java:309)
	at org.apache.maven.surefire.junit4.JUnit4Provider.execute(JUnit4Provider.java:365)
	at org.apache.maven.surefire.junit4.JUnit4Provider.executeWithRerun(JUnit4Provider.java:273)
	at org.apache.maven.surefire.junit4.JUnit4Provider.executeTestSet(JUnit4Provider.java:238)
	at org.apache.maven.surefire.junit4.JUnit4Provider.invoke(JUnit4Provider.java:159)
	at org.apache.maven.surefire.booter.ForkedBooter.invokeProviderInSameClassLoader(ForkedBooter.java:384)
	at org.apache.maven.surefire.booter.ForkedBooter.runSuitesInProcess(ForkedBooter.java:345)
	at org.apache.maven.surefire.booter.ForkedBooter.execute(ForkedBooter.java:126)
	at org.apache.maven.surefire.booter.ForkedBooter.main(ForkedBooter.java:418)
]]></error>
    <system-out><![CDATA[2019-09-25 02:02:42,664 [main] WARN  server.ServerUtils (ServerUtils.java:getScmDbDir(145)) - ozone.scm.db.dirs is not configured. We recommend adding this setting. Falling back to ozone.metadata.dirs instead.
2019-09-25 02:02:42,792 [main] WARN  server.ServerUtils (ServerUtils.java:getScmDbDir(145)) - ozone.scm.db.dirs is not configured. We recommend adding this setting. Falling back to ozone.metadata.dirs instead.
2019-09-25 02:02:42,795 [main] WARN  server.ServerUtils (ServerUtils.java:getScmDbDir(145)) - ozone.scm.db.dirs is not configured. We recommend adding this setting. Falling back to ozone.metadata.dirs instead.
2019-09-25 02:02:42,815 [main] INFO  util.log (Log.java:initialized(192)) - Logging initialized @870ms
2019-09-25 02:02:42,906 [main] INFO  db.DBStoreBuilder (DBStoreBuilder.java:addTable(110)) - using custom profile for table: deletedBlocks
2019-09-25 02:02:42,906 [main] INFO  db.DBStoreBuilder (DBStoreBuilder.java:processTables(161)) - Using default column profile:DBProfile.DISK for Table:deletedBlocks
2019-09-25 02:02:42,906 [main] INFO  db.DBStoreBuilder (DBStoreBuilder.java:addTable(110)) - using custom profile for table: validCerts
2019-09-25 02:02:42,907 [main] INFO  db.DBStoreBuilder (DBStoreBuilder.java:processTables(161)) - Using default column profile:DBProfile.DISK for Table:validCerts
2019-09-25 02:02:42,907 [main] INFO  db.DBStoreBuilder (DBStoreBuilder.java:addTable(110)) - using custom profile for table: revokedCerts
2019-09-25 02:02:42,907 [main] INFO  db.DBStoreBuilder (DBStoreBuilder.java:processTables(161)) - Using default column profile:DBProfile.DISK for Table:revokedCerts
2019-09-25 02:02:42,916 [main] INFO  db.DBStoreBuilder (DBStoreBuilder.java:addTable(110)) - using custom profile for table: default
2019-09-25 02:02:42,917 [main] INFO  db.DBStoreBuilder (DBStoreBuilder.java:processTables(167)) - Using default column profile:DBProfile.DISK for Table:default
2019-09-25 02:02:42,918 [main] INFO  db.DBStoreBuilder (DBStoreBuilder.java:getDbProfile(198)) - Using default options. DBProfile.DISK
2019-09-25 02:02:43,354 [main] INFO  net.NodeSchemaLoader (NodeSchemaLoader.java:loadSchemaFromFile(125)) - Loading file from sun.misc.CompoundEnumeration@6771beb3
2019-09-25 02:02:43,356 [main] INFO  net.NodeSchemaLoader (NodeSchemaLoader.java:loadSchema(171)) - Loading network topology layer schema file
2019-09-25 02:02:43,432 [main] WARN  server.ServerUtils (ServerUtils.java:sanitizeUserArgs(70)) - ozone.scm.stale.node.interval value = 300000 is larger than max = 100000 based on the key value of ozone.scm.heartbeat.thread.interval, reset to the max value 100000.
2019-09-25 02:02:43,434 [main] WARN  server.ServerUtils (ServerUtils.java:sanitizeUserArgs(70)) - ozone.scm.stale.node.interval value = 300000 is larger than max = 100000 based on the key value of ozone.scm.heartbeat.thread.interval, reset to the max value 100000.
2019-09-25 02:02:43,436 [main] INFO  node.SCMNodeManager (SCMNodeManager.java:<init>(114)) - Entering startup safe mode.
2019-09-25 02:02:43,566 [main] INFO  algorithms.ContainerPlacementPolicyFactory (ContainerPlacementPolicyFactory.java:getPolicy(57)) - Create container placement policy of type org.apache.hadoop.hdds.scm.container.placement.algorithms.SCMContainerPlacementRandom
2019-09-25 02:02:43,581 [main] WARN  server.ServerUtils (ServerUtils.java:getScmDbDir(145)) - ozone.scm.db.dirs is not configured. We recommend adding this setting. Falling back to ozone.metadata.dirs instead.
2019-09-25 02:02:43,730 [main] INFO  pipeline.SCMPipelineManager (SCMPipelineManager.java:initializePipelineState(132)) - No pipeline exists in current db
2019-09-25 02:02:43,733 [main] WARN  server.ServerUtils (ServerUtils.java:getScmDbDir(145)) - ozone.scm.db.dirs is not configured. We recommend adding this setting. Falling back to ozone.metadata.dirs instead.
2019-09-25 02:02:43,942 [main] WARN  events.EventQueue (EventQueue.java:fireEvent(183)) - No event handler registered for event TypedEvent{payloadType=SafeModeStatus, name='SafeModeStatus'}
2019-09-25 02:02:44,239 [main] INFO  ipc.CallQueueManager (CallQueueManager.java:<init>(84)) - Using callQueue: class java.util.concurrent.LinkedBlockingQueue, queueCapacity: 2000, scheduler: class org.apache.hadoop.ipc.DefaultRpcScheduler, ipcBackoff: false.
2019-09-25 02:02:44,371 [Socket Reader #1 for port 45607] INFO  ipc.Server (Server.java:run(1074)) - Starting Socket Reader #1 for port 45607
2019-09-25 02:02:44,410 [main] INFO  ipc.CallQueueManager (CallQueueManager.java:<init>(84)) - Using callQueue: class java.util.concurrent.LinkedBlockingQueue, queueCapacity: 2000, scheduler: class org.apache.hadoop.ipc.DefaultRpcScheduler, ipcBackoff: false.
2019-09-25 02:02:44,411 [Socket Reader #1 for port 44092] INFO  ipc.Server (Server.java:run(1074)) - Starting Socket Reader #1 for port 44092
2019-09-25 02:02:44,422 [main] INFO  ipc.CallQueueManager (CallQueueManager.java:<init>(84)) - Using callQueue: class java.util.concurrent.LinkedBlockingQueue, queueCapacity: 2000, scheduler: class org.apache.hadoop.ipc.DefaultRpcScheduler, ipcBackoff: false.
2019-09-25 02:02:44,423 [Socket Reader #1 for port 36262] INFO  ipc.Server (Server.java:run(1074)) - Starting Socket Reader #1 for port 36262
2019-09-25 02:02:44,448 [main] INFO  hdfs.DFSUtil (DFSUtil.java:httpServerTemplateForNNAndJN(1641)) - Starting Web-server for scm at: http://0.0.0.0:0
2019-09-25 02:02:44,587 [main] INFO  server.AuthenticationFilter (AuthenticationFilter.java:constructSecretProvider(240)) - Unable to initialize FileSignerSecretProvider, falling back to use random secrets.
2019-09-25 02:02:44,609 [main] WARN  http.HttpRequestLog (HttpRequestLog.java:getRequestLog(97)) - Jetty request log can only be enabled using Log4j
2019-09-25 02:02:44,626 [main] INFO  http.HttpServer2 (HttpServer2.java:addGlobalFilter(975)) - Added global filter 'safety' (class=org.apache.hadoop.http.HttpServer2$QuotingInputFilter)
2019-09-25 02:02:44,629 [main] INFO  http.HttpServer2 (HttpServer2.java:addFilter(948)) - Added filter static_user_filter (class=org.apache.hadoop.http.lib.StaticUserWebFilter$StaticUserFilter) to context scm
2019-09-25 02:02:44,630 [main] INFO  http.HttpServer2 (HttpServer2.java:addFilter(958)) - Added filter static_user_filter (class=org.apache.hadoop.http.lib.StaticUserWebFilter$StaticUserFilter) to context logs
2019-09-25 02:02:44,630 [main] INFO  http.HttpServer2 (HttpServer2.java:addFilter(958)) - Added filter static_user_filter (class=org.apache.hadoop.http.lib.StaticUserWebFilter$StaticUserFilter) to context static
2019-09-25 02:02:44,666 [main] INFO  server.StorageContainerManager (StorageContainerManager.java:start(770)) - StorageContainerLocationProtocol RPC server is listening at /0.0.0.0:36262
2019-09-25 02:02:44,720 [main] WARN  impl.MetricsConfig (MetricsConfig.java:loadFirst(134)) - Cannot locate configuration: tried hadoop-metrics2-storagecontainermanager.properties,hadoop-metrics2.properties
2019-09-25 02:02:44,733 [main] INFO  impl.MetricsSystemImpl (MetricsSystemImpl.java:startTimer(374)) - Scheduled Metric snapshot period at 10 second(s).
2019-09-25 02:02:44,733 [main] INFO  impl.MetricsSystemImpl (MetricsSystemImpl.java:start(191)) - StorageContainerManager metrics system started
2019-09-25 02:02:44,935 [main] INFO  server.SCMClientProtocolServer (SCMClientProtocolServer.java:start(151)) - RPC server for Client  is listening at /0.0.0.0:36262
2019-09-25 02:02:44,936 [IPC Server Responder] INFO  ipc.Server (Server.java:run(1314)) - IPC Server Responder: starting
2019-09-25 02:02:44,936 [IPC Server listener on 36262] INFO  ipc.Server (Server.java:run(1153)) - IPC Server listener on 36262: starting
2019-09-25 02:02:44,942 [main] INFO  server.StorageContainerManager (StorageContainerManager.java:start(780)) - ScmBlockLocationProtocol RPC server is listening at /0.0.0.0:44092
2019-09-25 02:02:44,943 [main] INFO  server.SCMBlockProtocolServer (SCMBlockProtocolServer.java:start(146)) - RPC server for Block Protocol is listening at /0.0.0.0:44092
2019-09-25 02:02:44,944 [IPC Server Responder] INFO  ipc.Server (Server.java:run(1314)) - IPC Server Responder: starting
2019-09-25 02:02:44,944 [IPC Server listener on 44092] INFO  ipc.Server (Server.java:run(1153)) - IPC Server listener on 44092: starting
2019-09-25 02:02:44,950 [main] INFO  server.StorageContainerManager (StorageContainerManager.java:start(784)) - ScmDatanodeProtocl RPC server is listening at /0.0.0.0:45607
2019-09-25 02:02:44,951 [main] INFO  server.SCMDatanodeProtocolServer (SCMDatanodeProtocolServer.java:start(191)) - RPC server for DataNodes is listening at /0.0.0.0:45607
2019-09-25 02:02:44,953 [IPC Server Responder] INFO  ipc.Server (Server.java:run(1314)) - IPC Server Responder: starting
2019-09-25 02:02:44,954 [IPC Server listener on 45607] INFO  ipc.Server (Server.java:run(1153)) - IPC Server listener on 45607: starting
2019-09-25 02:02:44,967 [main] INFO  http.HttpServer2 (HttpServer2.java:bindListener(1191)) - Jetty bound to port 46306
2019-09-25 02:02:44,969 [main] INFO  server.Server (Server.java:doStart(351)) - jetty-9.3.25.v20180904, build timestamp: 2018-09-04T21:11:46Z, git hash: 3ce520221d0240229c862b122d2b06c12a625732
2019-09-25 02:02:45,003 [main] INFO  handler.ContextHandler (ContextHandler.java:doStart(781)) - Started o.e.j.s.ServletContextHandler@52d239ba{/logs,file:///workdir/hadoop-ozone/ozonefs/target/log,AVAILABLE}
2019-09-25 02:02:45,004 [main] INFO  handler.ContextHandler (ContextHandler.java:doStart(781)) - Started o.e.j.s.ServletContextHandler@2f05be7f{/static,jar:file:/home/user/.m2/repository/org/apache/hadoop/hadoop-hdds-server-scm/0.5.0-SNAPSHOT/hadoop-hdds-server-scm-0.5.0-SNAPSHOT.jar!/webapps/static,AVAILABLE}
2019-09-25 02:02:45,072 [main] INFO  handler.ContextHandler (ContextHandler.java:doStart(781)) - Started o.e.j.w.WebAppContext@263f04ca{/,file:///tmp/jetty-0.0.0.0-46306-scm-_-any-6578342058968826327.dir/webapp/,AVAILABLE}{/scm}
2019-09-25 02:02:45,076 [main] INFO  server.AbstractConnector (AbstractConnector.java:doStart(278)) - Started ServerConnector@5c77053b{HTTP/1.1,[http/1.1]}{0.0.0.0:46306}
2019-09-25 02:02:45,077 [main] INFO  server.Server (Server.java:doStart(419)) - Started @3132ms
2019-09-25 02:02:45,079 [main] INFO  impl.MetricsSinkAdapter (MetricsSinkAdapter.java:start(204)) - Sink prometheus started
2019-09-25 02:02:45,079 [main] INFO  impl.MetricsSystemImpl (MetricsSystemImpl.java:registerSink(301)) - Registered sink prometheus
2019-09-25 02:02:45,081 [main] INFO  server.BaseHttpServer (BaseHttpServer.java:updateConnectorAddress(215)) - HTTP server of SCM is listening at http://0.0.0.0:46306
2019-09-25 02:02:45,094 [org.apache.hadoop.util.JvmPauseMonitor$Monitor@2ad3a1bb] INFO  util.JvmPauseMonitor (JvmPauseMonitor.java:run(188)) - Starting JVM pause monitor
2019-09-25 02:02:45,097 [main] WARN  server.ServerUtils (ServerUtils.java:getDBPath(222)) - ozone.om.db.dirs is not configured. We recommend adding this setting. Falling back to ozone.metadata.dirs instead.
2019-09-25 02:02:45,235 [main] INFO  ha.OMHANodeDetails (OMHANodeDetails.java:loadOMHAConfig(181)) - Configuration either no ozone.om.address set. Falling back to the default OM address /127.0.0.1:0
2019-09-25 02:02:45,236 [main] INFO  ha.OMHANodeDetails (OMHANodeDetails.java:getOMNodeDetails(211)) - OM Service ID is not set. Setting it to the default ID: omServiceIdDefault
2019-09-25 02:02:45,237 [main] WARN  server.ServerUtils (ServerUtils.java:getDBPath(222)) - ozone.om.db.dirs is not configured. We recommend adding this setting. Falling back to ozone.metadata.dirs instead.
2019-09-25 02:02:45,238 [main] WARN  server.ServerUtils (ServerUtils.java:getDBPath(222)) - ozone.om.db.dirs is not configured. We recommend adding this setting. Falling back to ozone.metadata.dirs instead.
2019-09-25 02:02:45,949 [main] WARN  server.ServerUtils (ServerUtils.java:getDBPath(222)) - ozone.om.db.dirs is not configured. We recommend adding this setting. Falling back to ozone.metadata.dirs instead.
2019-09-25 02:02:45,958 [main] INFO  db.DBStoreBuilder (DBStoreBuilder.java:addTable(110)) - using custom profile for table: userTable
2019-09-25 02:02:45,958 [main] INFO  db.DBStoreBuilder (DBStoreBuilder.java:processTables(161)) - Using default column profile:DBProfile.DISK for Table:userTable
2019-09-25 02:02:45,959 [main] INFO  db.DBStoreBuilder (DBStoreBuilder.java:addTable(110)) - using custom profile for table: volumeTable
2019-09-25 02:02:45,959 [main] INFO  db.DBStoreBuilder (DBStoreBuilder.java:processTables(161)) - Using default column profile:DBProfile.DISK for Table:volumeTable
2019-09-25 02:02:45,959 [main] INFO  db.DBStoreBuilder (DBStoreBuilder.java:addTable(110)) - using custom profile for table: bucketTable
2019-09-25 02:02:45,959 [main] INFO  db.DBStoreBuilder (DBStoreBuilder.java:processTables(161)) - Using default column profile:DBProfile.DISK for Table:bucketTable
2019-09-25 02:02:45,960 [main] INFO  db.DBStoreBuilder (DBStoreBuilder.java:addTable(110)) - using custom profile for table: keyTable
2019-09-25 02:02:45,960 [main] INFO  db.DBStoreBuilder (DBStoreBuilder.java:processTables(161)) - Using default column profile:DBProfile.DISK for Table:keyTable
2019-09-25 02:02:45,960 [main] INFO  db.DBStoreBuilder (DBStoreBuilder.java:addTable(110)) - using custom profile for table: deletedTable
2019-09-25 02:02:45,960 [main] INFO  db.DBStoreBuilder (DBStoreBuilder.java:processTables(161)) - Using default column profile:DBProfile.DISK for Table:deletedTable
2019-09-25 02:02:45,960 [main] INFO  db.DBStoreBuilder (DBStoreBuilder.java:addTable(110)) - using custom profile for table: openKeyTable
2019-09-25 02:02:45,961 [main] INFO  db.DBStoreBuilder (DBStoreBuilder.java:processTables(161)) - Using default column profile:DBProfile.DISK for Table:openKeyTable
2019-09-25 02:02:45,961 [main] INFO  db.DBStoreBuilder (DBStoreBuilder.java:addTable(110)) - using custom profile for table: s3Table
2019-09-25 02:02:45,961 [main] INFO  db.DBStoreBuilder (DBStoreBuilder.java:processTables(161)) - Using default column profile:DBProfile.DISK for Table:s3Table
2019-09-25 02:02:45,961 [main] INFO  db.DBStoreBuilder (DBStoreBuilder.java:addTable(110)) - using custom profile for table: multipartInfoTable
2019-09-25 02:02:45,962 [main] INFO  db.DBStoreBuilder (DBStoreBuilder.java:processTables(161)) - Using default column profile:DBProfile.DISK for Table:multipartInfoTable
2019-09-25 02:02:45,962 [main] INFO  db.DBStoreBuilder (DBStoreBuilder.java:addTable(110)) - using custom profile for table: dTokenTable
2019-09-25 02:02:45,962 [main] INFO  db.DBStoreBuilder (DBStoreBuilder.java:processTables(161)) - Using default column profile:DBProfile.DISK for Table:dTokenTable
2019-09-25 02:02:45,962 [main] INFO  db.DBStoreBuilder (DBStoreBuilder.java:addTable(110)) - using custom profile for table: s3SecretTable
2019-09-25 02:02:45,962 [main] INFO  db.DBStoreBuilder (DBStoreBuilder.java:processTables(161)) - Using default column profile:DBProfile.DISK for Table:s3SecretTable
2019-09-25 02:02:45,963 [main] INFO  db.DBStoreBuilder (DBStoreBuilder.java:addTable(110)) - using custom profile for table: prefixTable
2019-09-25 02:02:45,963 [main] INFO  db.DBStoreBuilder (DBStoreBuilder.java:processTables(161)) - Using default column profile:DBProfile.DISK for Table:prefixTable
2019-09-25 02:02:45,963 [main] INFO  db.DBStoreBuilder (DBStoreBuilder.java:addTable(110)) - using custom profile for table: default
2019-09-25 02:02:45,963 [main] INFO  db.DBStoreBuilder (DBStoreBuilder.java:processTables(167)) - Using default column profile:DBProfile.DISK for Table:default
2019-09-25 02:02:45,964 [main] INFO  db.DBStoreBuilder (DBStoreBuilder.java:getDbProfile(198)) - Using default options. DBProfile.DISK
2019-09-25 02:02:47,032 [main] INFO  ipc.CallQueueManager (CallQueueManager.java:<init>(84)) - Using callQueue: class java.util.concurrent.LinkedBlockingQueue, queueCapacity: 2000, scheduler: class org.apache.hadoop.ipc.DefaultRpcScheduler, ipcBackoff: false.
2019-09-25 02:02:47,034 [Socket Reader #1 for port 45299] INFO  ipc.Server (Server.java:run(1074)) - Starting Socket Reader #1 for port 45299
2019-09-25 02:02:47,060 [main] INFO  om.OzoneManager (OzoneManager.java:start(1069)) - OzoneManager RPC server is listening at localhost/127.0.0.1:45299
2019-09-25 02:02:47,061 [main] INFO  impl.MetricsSystemImpl (MetricsSystemImpl.java:init(158)) - OzoneManager metrics system started (again)
2019-09-25 02:02:47,063 [IPC Server Responder] INFO  ipc.Server (Server.java:run(1314)) - IPC Server Responder: starting
2019-09-25 02:02:47,065 [IPC Server listener on 45299] INFO  ipc.Server (Server.java:run(1153)) - IPC Server listener on 45299: starting
2019-09-25 02:02:47,078 [main] INFO  hdfs.DFSUtil (DFSUtil.java:httpServerTemplateForNNAndJN(1641)) - Starting Web-server for ozoneManager at: http://0.0.0.0:0
2019-09-25 02:02:47,082 [main] INFO  server.AuthenticationFilter (AuthenticationFilter.java:constructSecretProvider(240)) - Unable to initialize FileSignerSecretProvider, falling back to use random secrets.
2019-09-25 02:02:47,083 [main] WARN  http.HttpRequestLog (HttpRequestLog.java:getRequestLog(97)) - Jetty request log can only be enabled using Log4j
2019-09-25 02:02:47,087 [main] INFO  http.HttpServer2 (HttpServer2.java:addGlobalFilter(975)) - Added global filter 'safety' (class=org.apache.hadoop.http.HttpServer2$QuotingInputFilter)
2019-09-25 02:02:47,089 [main] INFO  http.HttpServer2 (HttpServer2.java:addFilter(948)) - Added filter static_user_filter (class=org.apache.hadoop.http.lib.StaticUserWebFilter$StaticUserFilter) to context ozoneManager
2019-09-25 02:02:47,089 [main] INFO  http.HttpServer2 (HttpServer2.java:addFilter(958)) - Added filter static_user_filter (class=org.apache.hadoop.http.lib.StaticUserWebFilter$StaticUserFilter) to context static
2019-09-25 02:02:47,089 [main] INFO  http.HttpServer2 (HttpServer2.java:addFilter(958)) - Added filter static_user_filter (class=org.apache.hadoop.http.lib.StaticUserWebFilter$StaticUserFilter) to context logs
2019-09-25 02:02:47,093 [main] INFO  http.HttpServer2 (HttpServer2.java:bindListener(1191)) - Jetty bound to port 34219
2019-09-25 02:02:47,093 [main] INFO  server.Server (Server.java:doStart(351)) - jetty-9.3.25.v20180904, build timestamp: 2018-09-04T21:11:46Z, git hash: 3ce520221d0240229c862b122d2b06c12a625732
2019-09-25 02:02:47,098 [main] INFO  handler.ContextHandler (ContextHandler.java:doStart(781)) - Started o.e.j.s.ServletContextHandler@19569ebd{/logs,file:///workdir/hadoop-ozone/ozonefs/target/log,AVAILABLE}
2019-09-25 02:02:47,100 [main] INFO  handler.ContextHandler (ContextHandler.java:doStart(781)) - Started o.e.j.s.ServletContextHandler@6e1f8469{/static,jar:file:/home/user/.m2/repository/org/apache/hadoop/hadoop-ozone-ozone-manager/0.5.0-SNAPSHOT/hadoop-ozone-ozone-manager-0.5.0-SNAPSHOT.jar!/webapps/static,AVAILABLE}
2019-09-25 02:02:47,165 [main] INFO  handler.ContextHandler (ContextHandler.java:doStart(781)) - Started o.e.j.w.WebAppContext@7ac9af2a{/,file:///tmp/jetty-0.0.0.0-34219-ozoneManager-_-any-2112176654660979115.dir/webapp/,AVAILABLE}{/ozoneManager}
2019-09-25 02:02:47,166 [main] INFO  server.AbstractConnector (AbstractConnector.java:doStart(278)) - Started ServerConnector@7bb004b8{HTTP/1.1,[http/1.1]}{0.0.0.0:34219}
2019-09-25 02:02:47,167 [main] INFO  server.Server (Server.java:doStart(419)) - Started @5222ms
2019-09-25 02:02:47,167 [main] WARN  impl.MetricsSystemImpl (MetricsSystemImpl.java:register(276)) - Sink prometheus already exists!
2019-09-25 02:02:47,169 [main] INFO  server.BaseHttpServer (BaseHttpServer.java:updateConnectorAddress(215)) - HTTP server of OZONEMANAGER is listening at http://0.0.0.0:34219
2019-09-25 02:02:47,509 [main] INFO  impl.MetricsSystemImpl (MetricsSystemImpl.java:init(158)) - HddsDatanode metrics system started (again)
2019-09-25 02:02:47,560 [main] INFO  ozone.HddsDatanodeService (HddsDatanodeService.java:start(184)) - HddsDatanodeService host:pr-hdds-2162-v2v4x-1150571016 ip:192.168.151.66
2019-09-25 02:02:47,594 [main] INFO  volume.HddsVolume (HddsVolume.java:<init>(176)) - Creating Volume: /workdir/hadoop-ozone/ozonefs/target/test-dir/MiniOzoneClusterImpl-f329581b-00a8-489f-9c8e-b35e10165f21/datanode-0/data/containers/hdds of  storage type : DISK and capacity : 1482555576320
2019-09-25 02:02:47,596 [main] INFO  volume.VolumeSet (VolumeSet.java:initializeVolumeSet(170)) - Added Volume : /workdir/hadoop-ozone/ozonefs/target/test-dir/MiniOzoneClusterImpl-f329581b-00a8-489f-9c8e-b35e10165f21/datanode-0/data/containers/hdds to VolumeSet
2019-09-25 02:02:47,599 [main] INFO  volume.ThrottledAsyncChecker (ThrottledAsyncChecker.java:schedule(139)) - Scheduling a check for org.apache.hadoop.ozone.container.common.volume.HddsVolume@4ce14f05
2019-09-25 02:02:47,615 [main] INFO  volume.HddsVolumeChecker (HddsVolumeChecker.java:checkAllVolumes(202)) - Scheduled health check for volume org.apache.hadoop.ozone.container.common.volume.HddsVolume@4ce14f05
2019-09-25 02:02:47,742 [main] INFO  impl.RaftServerProxy (ConfUtils.java:logGet(43)) - raft.rpc.type = GRPC (default)
2019-09-25 02:02:47,827 [main] INFO  grpc.GrpcFactory (GrpcFactory.java:checkPooledByteBufAllocatorUseCacheForAllThreads(45)) - PERFORMANCE WARNING: useCacheForAllThreads is true that may cause Netty to create a lot garbage objects and, as a result, trigger GC.
	It is recommended to disable useCacheForAllThreads by setting -Dorg.apache.ratis.thirdparty.io.netty.allocator.useCacheForAllThreads=false in command line.
2019-09-25 02:02:47,833 [main] INFO  grpc.GrpcConfigKeys$Server (ConfUtils.java:logGet(43)) - raft.grpc.server.port = 0 (default)
2019-09-25 02:02:47,834 [main] INFO  server.GrpcService (ConfUtils.java:logGet(43)) - raft.grpc.message.size.max = 33570816 (custom)
2019-09-25 02:02:47,835 [main] INFO  server.RaftServerConfigKeys (ConfUtils.java:logGet(43)) - raft.server.log.appender.buffer.byte-limit = 33554432 (custom)
2019-09-25 02:02:47,836 [main] INFO  server.GrpcService (ConfUtils.java:logGet(43)) - raft.grpc.flow.control.window = 1MB (=1048576) (default)
2019-09-25 02:02:47,837 [main] INFO  server.RaftServerConfigKeys (ConfUtils.java:logGet(43)) - raft.server.rpc.request.timeout = 3000ms (default)
2019-09-25 02:02:48,026 [main] INFO  server.RaftServerConfigKeys (ConfUtils.java:logGet(43)) - raft.server.storage.dir = [/workdir/hadoop-ozone/ozonefs/target/test-dir/MiniOzoneClusterImpl-f329581b-00a8-489f-9c8e-b35e10165f21/datanode-0/data/ratis] (custom)
2019-09-25 02:02:48,091 [main] INFO  hdfs.DFSUtil (DFSUtil.java:httpServerTemplateForNNAndJN(1641)) - Starting Web-server for hddsDatanode at: http://0.0.0.0:0
2019-09-25 02:02:48,093 [main] INFO  server.AuthenticationFilter (AuthenticationFilter.java:constructSecretProvider(240)) - Unable to initialize FileSignerSecretProvider, falling back to use random secrets.
2019-09-25 02:02:48,094 [main] WARN  http.HttpRequestLog (HttpRequestLog.java:getRequestLog(97)) - Jetty request log can only be enabled using Log4j
2019-09-25 02:02:48,097 [main] INFO  http.HttpServer2 (HttpServer2.java:addGlobalFilter(975)) - Added global filter 'safety' (class=org.apache.hadoop.http.HttpServer2$QuotingInputFilter)
2019-09-25 02:02:48,098 [main] INFO  http.HttpServer2 (HttpServer2.java:addFilter(948)) - Added filter static_user_filter (class=org.apache.hadoop.http.lib.StaticUserWebFilter$StaticUserFilter) to context hddsDatanode
2019-09-25 02:02:48,098 [main] INFO  http.HttpServer2 (HttpServer2.java:addFilter(958)) - Added filter static_user_filter (class=org.apache.hadoop.http.lib.StaticUserWebFilter$StaticUserFilter) to context logs
2019-09-25 02:02:48,098 [main] INFO  http.HttpServer2 (HttpServer2.java:addFilter(958)) - Added filter static_user_filter (class=org.apache.hadoop.http.lib.StaticUserWebFilter$StaticUserFilter) to context static
2019-09-25 02:02:48,100 [main] INFO  http.HttpServer2 (HttpServer2.java:bindListener(1191)) - Jetty bound to port 34202
2019-09-25 02:02:48,100 [main] INFO  server.Server (Server.java:doStart(351)) - jetty-9.3.25.v20180904, build timestamp: 2018-09-04T21:11:46Z, git hash: 3ce520221d0240229c862b122d2b06c12a625732
2019-09-25 02:02:48,103 [main] INFO  handler.ContextHandler (ContextHandler.java:doStart(781)) - Started o.e.j.s.ServletContextHandler@784abd3e{/logs,file:///workdir/hadoop-ozone/ozonefs/target/log,AVAILABLE}
2019-09-25 02:02:48,104 [main] INFO  handler.ContextHandler (ContextHandler.java:doStart(781)) - Started o.e.j.s.ServletContextHandler@434514d8{/static,jar:file:/home/user/.m2/repository/org/apache/hadoop/hadoop-hdds-container-service/0.5.0-SNAPSHOT/hadoop-hdds-container-service-0.5.0-SNAPSHOT.jar!/webapps/static,AVAILABLE}
2019-09-25 02:02:48,133 [main] INFO  handler.ContextHandler (ContextHandler.java:doStart(781)) - Started o.e.j.w.WebAppContext@4b97c4ad{/,file:///tmp/jetty-0.0.0.0-34202-hddsDatanode-_-any-2179878976295919439.dir/webapp/,AVAILABLE}{/hddsDatanode}
2019-09-25 02:02:48,134 [main] INFO  server.AbstractConnector (AbstractConnector.java:doStart(278)) - Started ServerConnector@7640a5b1{HTTP/1.1,[http/1.1]}{0.0.0.0:34202}
2019-09-25 02:02:48,135 [main] INFO  server.Server (Server.java:doStart(419)) - Started @6190ms
2019-09-25 02:02:48,136 [main] WARN  impl.MetricsSystemImpl (MetricsSystemImpl.java:register(276)) - Sink prometheus already exists!
2019-09-25 02:02:48,137 [main] INFO  server.BaseHttpServer (BaseHttpServer.java:updateConnectorAddress(215)) - HTTP server of HDDSDATANODE is listening at http://0.0.0.0:34202
2019-09-25 02:02:48,138 [main] INFO  impl.MetricsSystemImpl (MetricsSystemImpl.java:init(158)) - HddsDatanode metrics system started (again)
2019-09-25 02:02:48,143 [main] INFO  ozone.HddsDatanodeService (HddsDatanodeService.java:start(184)) - HddsDatanodeService host:pr-hdds-2162-v2v4x-1150571016 ip:192.168.151.66
2019-09-25 02:02:48,145 [org.apache.hadoop.util.JvmPauseMonitor$Monitor@5d80b3ca] INFO  util.JvmPauseMonitor (JvmPauseMonitor.java:run(188)) - Starting JVM pause monitor
2019-09-25 02:02:48,152 [main] INFO  volume.HddsVolume (HddsVolume.java:<init>(176)) - Creating Volume: /workdir/hadoop-ozone/ozonefs/target/test-dir/MiniOzoneClusterImpl-f329581b-00a8-489f-9c8e-b35e10165f21/datanode-1/data/containers/hdds of  storage type : DISK and capacity : 1482555576320
2019-09-25 02:02:48,152 [main] INFO  volume.VolumeSet (VolumeSet.java:initializeVolumeSet(170)) - Added Volume : /workdir/hadoop-ozone/ozonefs/target/test-dir/MiniOzoneClusterImpl-f329581b-00a8-489f-9c8e-b35e10165f21/datanode-1/data/containers/hdds to VolumeSet
2019-09-25 02:02:48,153 [main] INFO  volume.ThrottledAsyncChecker (ThrottledAsyncChecker.java:schedule(139)) - Scheduling a check for org.apache.hadoop.ozone.container.common.volume.HddsVolume@4052c8c2
2019-09-25 02:02:48,153 [main] INFO  volume.HddsVolumeChecker (HddsVolumeChecker.java:checkAllVolumes(202)) - Scheduled health check for volume org.apache.hadoop.ozone.container.common.volume.HddsVolume@4052c8c2
2019-09-25 02:02:48,176 [main] INFO  impl.RaftServerProxy (ConfUtils.java:logGet(43)) - raft.rpc.type = GRPC (default)
2019-09-25 02:02:48,176 [main] INFO  grpc.GrpcFactory (GrpcFactory.java:checkPooledByteBufAllocatorUseCacheForAllThreads(45)) - PERFORMANCE WARNING: useCacheForAllThreads is true that may cause Netty to create a lot garbage objects and, as a result, trigger GC.
	It is recommended to disable useCacheForAllThreads by setting -Dorg.apache.ratis.thirdparty.io.netty.allocator.useCacheForAllThreads=false in command line.
2019-09-25 02:02:48,177 [main] INFO  grpc.GrpcConfigKeys$Server (ConfUtils.java:logGet(43)) - raft.grpc.server.port = 0 (default)
2019-09-25 02:02:48,177 [main] INFO  server.GrpcService (ConfUtils.java:logGet(43)) - raft.grpc.message.size.max = 33570816 (custom)
2019-09-25 02:02:48,177 [main] INFO  server.RaftServerConfigKeys (ConfUtils.java:logGet(43)) - raft.server.log.appender.buffer.byte-limit = 33554432 (custom)
2019-09-25 02:02:48,177 [main] INFO  server.GrpcService (ConfUtils.java:logGet(43)) - raft.grpc.flow.control.window = 1MB (=1048576) (default)
2019-09-25 02:02:48,178 [main] INFO  server.RaftServerConfigKeys (ConfUtils.java:logGet(43)) - raft.server.rpc.request.timeout = 3000ms (default)
2019-09-25 02:02:48,178 [main] INFO  server.RaftServerConfigKeys (ConfUtils.java:logGet(43)) - raft.server.storage.dir = [/workdir/hadoop-ozone/ozonefs/target/test-dir/MiniOzoneClusterImpl-f329581b-00a8-489f-9c8e-b35e10165f21/datanode-1/data/ratis] (custom)
2019-09-25 02:02:48,180 [main] INFO  hdfs.DFSUtil (DFSUtil.java:httpServerTemplateForNNAndJN(1641)) - Starting Web-server for hddsDatanode at: http://0.0.0.0:0
2019-09-25 02:02:48,181 [main] INFO  server.AuthenticationFilter (AuthenticationFilter.java:constructSecretProvider(240)) - Unable to initialize FileSignerSecretProvider, falling back to use random secrets.
2019-09-25 02:02:48,182 [main] WARN  http.HttpRequestLog (HttpRequestLog.java:getRequestLog(97)) - Jetty request log can only be enabled using Log4j
2019-09-25 02:02:48,184 [main] INFO  http.HttpServer2 (HttpServer2.java:addGlobalFilter(975)) - Added global filter 'safety' (class=org.apache.hadoop.http.HttpServer2$QuotingInputFilter)
2019-09-25 02:02:48,185 [main] INFO  http.HttpServer2 (HttpServer2.java:addFilter(948)) - Added filter static_user_filter (class=org.apache.hadoop.http.lib.StaticUserWebFilter$StaticUserFilter) to context hddsDatanode
2019-09-25 02:02:48,185 [main] INFO  http.HttpServer2 (HttpServer2.java:addFilter(958)) - Added filter static_user_filter (class=org.apache.hadoop.http.lib.StaticUserWebFilter$StaticUserFilter) to context logs
2019-09-25 02:02:48,185 [main] INFO  http.HttpServer2 (HttpServer2.java:addFilter(958)) - Added filter static_user_filter (class=org.apache.hadoop.http.lib.StaticUserWebFilter$StaticUserFilter) to context static
2019-09-25 02:02:48,186 [main] INFO  http.HttpServer2 (HttpServer2.java:bindListener(1191)) - Jetty bound to port 35460
2019-09-25 02:02:48,186 [main] INFO  server.Server (Server.java:doStart(351)) - jetty-9.3.25.v20180904, build timestamp: 2018-09-04T21:11:46Z, git hash: 3ce520221d0240229c862b122d2b06c12a625732
2019-09-25 02:02:48,191 [main] INFO  handler.ContextHandler (ContextHandler.java:doStart(781)) - Started o.e.j.s.ServletContextHandler@45acdd11{/logs,file:///workdir/hadoop-ozone/ozonefs/target/log,AVAILABLE}
2019-09-25 02:02:48,191 [main] INFO  handler.ContextHandler (ContextHandler.java:doStart(781)) - Started o.e.j.s.ServletContextHandler@237f7970{/static,jar:file:/home/user/.m2/repository/org/apache/hadoop/hadoop-hdds-container-service/0.5.0-SNAPSHOT/hadoop-hdds-container-service-0.5.0-SNAPSHOT.jar!/webapps/static,AVAILABLE}
2019-09-25 02:02:48,219 [main] INFO  handler.ContextHandler (ContextHandler.java:doStart(781)) - Started o.e.j.w.WebAppContext@4f89331f{/,file:///tmp/jetty-0.0.0.0-35460-hddsDatanode-_-any-1582426054957089283.dir/webapp/,AVAILABLE}{/hddsDatanode}
2019-09-25 02:02:48,221 [main] INFO  server.AbstractConnector (AbstractConnector.java:doStart(278)) - Started ServerConnector@618ff5c2{HTTP/1.1,[http/1.1]}{0.0.0.0:35460}
2019-09-25 02:02:48,221 [main] INFO  server.Server (Server.java:doStart(419)) - Started @6276ms
2019-09-25 02:02:48,222 [main] WARN  impl.MetricsSystemImpl (MetricsSystemImpl.java:register(276)) - Sink prometheus already exists!
2019-09-25 02:02:48,223 [main] INFO  server.BaseHttpServer (BaseHttpServer.java:updateConnectorAddress(215)) - HTTP server of HDDSDATANODE is listening at http://0.0.0.0:35460
2019-09-25 02:02:48,223 [main] INFO  impl.MetricsSystemImpl (MetricsSystemImpl.java:init(158)) - HddsDatanode metrics system started (again)
2019-09-25 02:02:48,226 [main] INFO  ozone.HddsDatanodeService (HddsDatanodeService.java:start(184)) - HddsDatanodeService host:pr-hdds-2162-v2v4x-1150571016 ip:192.168.151.66
2019-09-25 02:02:48,226 [org.apache.hadoop.util.JvmPauseMonitor$Monitor@75bf32fd] INFO  util.JvmPauseMonitor (JvmPauseMonitor.java:run(188)) - Starting JVM pause monitor
2019-09-25 02:02:48,233 [main] INFO  volume.HddsVolume (HddsVolume.java:<init>(176)) - Creating Volume: /workdir/hadoop-ozone/ozonefs/target/test-dir/MiniOzoneClusterImpl-f329581b-00a8-489f-9c8e-b35e10165f21/datanode-2/data/containers/hdds of  storage type : DISK and capacity : 1482555576320
2019-09-25 02:02:48,234 [main] INFO  volume.VolumeSet (VolumeSet.java:initializeVolumeSet(170)) - Added Volume : /workdir/hadoop-ozone/ozonefs/target/test-dir/MiniOzoneClusterImpl-f329581b-00a8-489f-9c8e-b35e10165f21/datanode-2/data/containers/hdds to VolumeSet
2019-09-25 02:02:48,234 [main] INFO  volume.ThrottledAsyncChecker (ThrottledAsyncChecker.java:schedule(139)) - Scheduling a check for org.apache.hadoop.ozone.container.common.volume.HddsVolume@7b306b9f
2019-09-25 02:02:48,235 [main] INFO  volume.HddsVolumeChecker (HddsVolumeChecker.java:checkAllVolumes(202)) - Scheduled health check for volume org.apache.hadoop.ozone.container.common.volume.HddsVolume@7b306b9f
2019-09-25 02:02:48,257 [main] INFO  impl.RaftServerProxy (ConfUtils.java:logGet(43)) - raft.rpc.type = GRPC (default)
2019-09-25 02:02:48,257 [main] INFO  grpc.GrpcFactory (GrpcFactory.java:checkPooledByteBufAllocatorUseCacheForAllThreads(45)) - PERFORMANCE WARNING: useCacheForAllThreads is true that may cause Netty to create a lot garbage objects and, as a result, trigger GC.
	It is recommended to disable useCacheForAllThreads by setting -Dorg.apache.ratis.thirdparty.io.netty.allocator.useCacheForAllThreads=false in command line.
2019-09-25 02:02:48,257 [main] INFO  grpc.GrpcConfigKeys$Server (ConfUtils.java:logGet(43)) - raft.grpc.server.port = 0 (default)
2019-09-25 02:02:48,258 [main] INFO  server.GrpcService (ConfUtils.java:logGet(43)) - raft.grpc.message.size.max = 33570816 (custom)
2019-09-25 02:02:48,258 [main] INFO  server.RaftServerConfigKeys (ConfUtils.java:logGet(43)) - raft.server.log.appender.buffer.byte-limit = 33554432 (custom)
2019-09-25 02:02:48,258 [main] INFO  server.GrpcService (ConfUtils.java:logGet(43)) - raft.grpc.flow.control.window = 1MB (=1048576) (default)
2019-09-25 02:02:48,258 [main] INFO  server.RaftServerConfigKeys (ConfUtils.java:logGet(43)) - raft.server.rpc.request.timeout = 3000ms (default)
2019-09-25 02:02:48,259 [main] INFO  server.RaftServerConfigKeys (ConfUtils.java:logGet(43)) - raft.server.storage.dir = [/workdir/hadoop-ozone/ozonefs/target/test-dir/MiniOzoneClusterImpl-f329581b-00a8-489f-9c8e-b35e10165f21/datanode-2/data/ratis] (custom)
2019-09-25 02:02:48,261 [main] INFO  hdfs.DFSUtil (DFSUtil.java:httpServerTemplateForNNAndJN(1641)) - Starting Web-server for hddsDatanode at: http://0.0.0.0:0
2019-09-25 02:02:48,263 [main] INFO  server.AuthenticationFilter (AuthenticationFilter.java:constructSecretProvider(240)) - Unable to initialize FileSignerSecretProvider, falling back to use random secrets.
2019-09-25 02:02:48,263 [main] WARN  http.HttpRequestLog (HttpRequestLog.java:getRequestLog(97)) - Jetty request log can only be enabled using Log4j
2019-09-25 02:02:48,265 [main] INFO  http.HttpServer2 (HttpServer2.java:addGlobalFilter(975)) - Added global filter 'safety' (class=org.apache.hadoop.http.HttpServer2$QuotingInputFilter)
2019-09-25 02:02:48,266 [main] INFO  http.HttpServer2 (HttpServer2.java:addFilter(948)) - Added filter static_user_filter (class=org.apache.hadoop.http.lib.StaticUserWebFilter$StaticUserFilter) to context hddsDatanode
2019-09-25 02:02:48,266 [main] INFO  http.HttpServer2 (HttpServer2.java:addFilter(958)) - Added filter static_user_filter (class=org.apache.hadoop.http.lib.StaticUserWebFilter$StaticUserFilter) to context static
2019-09-25 02:02:48,267 [main] INFO  http.HttpServer2 (HttpServer2.java:addFilter(958)) - Added filter static_user_filter (class=org.apache.hadoop.http.lib.StaticUserWebFilter$StaticUserFilter) to context logs
2019-09-25 02:02:48,267 [main] INFO  http.HttpServer2 (HttpServer2.java:bindListener(1191)) - Jetty bound to port 36874
2019-09-25 02:02:48,268 [main] INFO  server.Server (Server.java:doStart(351)) - jetty-9.3.25.v20180904, build timestamp: 2018-09-04T21:11:46Z, git hash: 3ce520221d0240229c862b122d2b06c12a625732
2019-09-25 02:02:48,270 [main] INFO  handler.ContextHandler (ContextHandler.java:doStart(781)) - Started o.e.j.s.ServletContextHandler@3a66e67e{/logs,file:///workdir/hadoop-ozone/ozonefs/target/log,AVAILABLE}
2019-09-25 02:02:48,270 [main] INFO  handler.ContextHandler (ContextHandler.java:doStart(781)) - Started o.e.j.s.ServletContextHandler@4596f8f3{/static,jar:file:/home/user/.m2/repository/org/apache/hadoop/hadoop-hdds-container-service/0.5.0-SNAPSHOT/hadoop-hdds-container-service-0.5.0-SNAPSHOT.jar!/webapps/static,AVAILABLE}
2019-09-25 02:02:48,278 [Datanode State Machine Thread - 0] INFO  datanode.InitDatanodeState (InitDatanodeState.java:persistContainerDatanodeDetails(140)) - DatanodeDetails is persisted to /workdir/hadoop-ozone/ozonefs/target/test-dir/MiniOzoneClusterImpl-f329581b-00a8-489f-9c8e-b35e10165f21/datanode-0/meta/datanode.id
2019-09-25 02:02:48,282 [Datanode State Machine Thread - 0] INFO  datanode.InitDatanodeState (InitDatanodeState.java:persistContainerDatanodeDetails(140)) - DatanodeDetails is persisted to /workdir/hadoop-ozone/ozonefs/target/test-dir/MiniOzoneClusterImpl-f329581b-00a8-489f-9c8e-b35e10165f21/datanode-1/meta/datanode.id
2019-09-25 02:02:48,300 [main] INFO  handler.ContextHandler (ContextHandler.java:doStart(781)) - Started o.e.j.w.WebAppContext@3aa41da1{/,file:///tmp/jetty-0.0.0.0-36874-hddsDatanode-_-any-15770684950104100.dir/webapp/,AVAILABLE}{/hddsDatanode}
2019-09-25 02:02:48,301 [main] INFO  server.AbstractConnector (AbstractConnector.java:doStart(278)) - Started ServerConnector@74fab04a{HTTP/1.1,[http/1.1]}{0.0.0.0:36874}
2019-09-25 02:02:48,301 [main] INFO  server.Server (Server.java:doStart(419)) - Started @6356ms
2019-09-25 02:02:48,302 [main] WARN  impl.MetricsSystemImpl (MetricsSystemImpl.java:register(276)) - Sink prometheus already exists!
2019-09-25 02:02:48,303 [main] INFO  server.BaseHttpServer (BaseHttpServer.java:updateConnectorAddress(215)) - HTTP server of HDDSDATANODE is listening at http://0.0.0.0:36874
2019-09-25 02:02:48,303 [main] INFO  impl.MetricsSystemImpl (MetricsSystemImpl.java:init(158)) - HddsDatanode metrics system started (again)
2019-09-25 02:02:48,306 [main] INFO  ozone.HddsDatanodeService (HddsDatanodeService.java:start(184)) - HddsDatanodeService host:pr-hdds-2162-v2v4x-1150571016 ip:192.168.151.66
2019-09-25 02:02:48,306 [org.apache.hadoop.util.JvmPauseMonitor$Monitor@1c8b312d] INFO  util.JvmPauseMonitor (JvmPauseMonitor.java:run(188)) - Starting JVM pause monitor
2019-09-25 02:02:48,309 [Datanode State Machine Thread - 0] INFO  datanode.InitDatanodeState (InitDatanodeState.java:persistContainerDatanodeDetails(140)) - DatanodeDetails is persisted to /workdir/hadoop-ozone/ozonefs/target/test-dir/MiniOzoneClusterImpl-f329581b-00a8-489f-9c8e-b35e10165f21/datanode-2/meta/datanode.id
2019-09-25 02:02:48,313 [main] INFO  volume.HddsVolume (HddsVolume.java:<init>(176)) - Creating Volume: /workdir/hadoop-ozone/ozonefs/target/test-dir/MiniOzoneClusterImpl-f329581b-00a8-489f-9c8e-b35e10165f21/datanode-3/data/containers/hdds of  storage type : DISK and capacity : 1482555576320
2019-09-25 02:02:48,313 [main] INFO  volume.VolumeSet (VolumeSet.java:initializeVolumeSet(170)) - Added Volume : /workdir/hadoop-ozone/ozonefs/target/test-dir/MiniOzoneClusterImpl-f329581b-00a8-489f-9c8e-b35e10165f21/datanode-3/data/containers/hdds to VolumeSet
2019-09-25 02:02:48,313 [main] INFO  volume.ThrottledAsyncChecker (ThrottledAsyncChecker.java:schedule(139)) - Scheduling a check for org.apache.hadoop.ozone.container.common.volume.HddsVolume@788ddc1f
2019-09-25 02:02:48,314 [main] INFO  volume.HddsVolumeChecker (HddsVolumeChecker.java:checkAllVolumes(202)) - Scheduled health check for volume org.apache.hadoop.ozone.container.common.volume.HddsVolume@788ddc1f
2019-09-25 02:02:48,333 [main] INFO  impl.RaftServerProxy (ConfUtils.java:logGet(43)) - raft.rpc.type = GRPC (default)
2019-09-25 02:02:48,333 [main] INFO  grpc.GrpcFactory (GrpcFactory.java:checkPooledByteBufAllocatorUseCacheForAllThreads(45)) - PERFORMANCE WARNING: useCacheForAllThreads is true that may cause Netty to create a lot garbage objects and, as a result, trigger GC.
	It is recommended to disable useCacheForAllThreads by setting -Dorg.apache.ratis.thirdparty.io.netty.allocator.useCacheForAllThreads=false in command line.
2019-09-25 02:02:48,333 [main] INFO  grpc.GrpcConfigKeys$Server (ConfUtils.java:logGet(43)) - raft.grpc.server.port = 0 (default)
2019-09-25 02:02:48,334 [main] INFO  server.GrpcService (ConfUtils.java:logGet(43)) - raft.grpc.message.size.max = 33570816 (custom)
2019-09-25 02:02:48,334 [main] INFO  server.RaftServerConfigKeys (ConfUtils.java:logGet(43)) - raft.server.log.appender.buffer.byte-limit = 33554432 (custom)
2019-09-25 02:02:48,334 [main] INFO  server.GrpcService (ConfUtils.java:logGet(43)) - raft.grpc.flow.control.window = 1MB (=1048576) (default)
2019-09-25 02:02:48,334 [main] INFO  server.RaftServerConfigKeys (ConfUtils.java:logGet(43)) - raft.server.rpc.request.timeout = 3000ms (default)
2019-09-25 02:02:48,335 [main] INFO  server.RaftServerConfigKeys (ConfUtils.java:logGet(43)) - raft.server.storage.dir = [/workdir/hadoop-ozone/ozonefs/target/test-dir/MiniOzoneClusterImpl-f329581b-00a8-489f-9c8e-b35e10165f21/datanode-3/data/ratis] (custom)
2019-09-25 02:02:48,336 [main] INFO  hdfs.DFSUtil (DFSUtil.java:httpServerTemplateForNNAndJN(1641)) - Starting Web-server for hddsDatanode at: http://0.0.0.0:0
2019-09-25 02:02:48,338 [main] INFO  server.AuthenticationFilter (AuthenticationFilter.java:constructSecretProvider(240)) - Unable to initialize FileSignerSecretProvider, falling back to use random secrets.
2019-09-25 02:02:48,338 [main] WARN  http.HttpRequestLog (HttpRequestLog.java:getRequestLog(97)) - Jetty request log can only be enabled using Log4j
2019-09-25 02:02:48,340 [main] INFO  http.HttpServer2 (HttpServer2.java:addGlobalFilter(975)) - Added global filter 'safety' (class=org.apache.hadoop.http.HttpServer2$QuotingInputFilter)
2019-09-25 02:02:48,340 [main] INFO  http.HttpServer2 (HttpServer2.java:addFilter(948)) - Added filter static_user_filter (class=org.apache.hadoop.http.lib.StaticUserWebFilter$StaticUserFilter) to context hddsDatanode
2019-09-25 02:02:48,341 [main] INFO  http.HttpServer2 (HttpServer2.java:addFilter(958)) - Added filter static_user_filter (class=org.apache.hadoop.http.lib.StaticUserWebFilter$StaticUserFilter) to context logs
2019-09-25 02:02:48,341 [main] INFO  http.HttpServer2 (HttpServer2.java:addFilter(958)) - Added filter static_user_filter (class=org.apache.hadoop.http.lib.StaticUserWebFilter$StaticUserFilter) to context static
2019-09-25 02:02:48,342 [main] INFO  http.HttpServer2 (HttpServer2.java:bindListener(1191)) - Jetty bound to port 36291
2019-09-25 02:02:48,342 [main] INFO  server.Server (Server.java:doStart(351)) - jetty-9.3.25.v20180904, build timestamp: 2018-09-04T21:11:46Z, git hash: 3ce520221d0240229c862b122d2b06c12a625732
2019-09-25 02:02:48,345 [main] INFO  handler.ContextHandler (ContextHandler.java:doStart(781)) - Started o.e.j.s.ServletContextHandler@1f9f381d{/logs,file:///workdir/hadoop-ozone/ozonefs/target/log,AVAILABLE}
2019-09-25 02:02:48,345 [main] INFO  handler.ContextHandler (ContextHandler.java:doStart(781)) - Started o.e.j.s.ServletContextHandler@623ebac7{/static,jar:file:/home/user/.m2/repository/org/apache/hadoop/hadoop-hdds-container-service/0.5.0-SNAPSHOT/hadoop-hdds-container-service-0.5.0-SNAPSHOT.jar!/webapps/static,AVAILABLE}
2019-09-25 02:02:48,373 [main] INFO  handler.ContextHandler (ContextHandler.java:doStart(781)) - Started o.e.j.w.WebAppContext@5cf3157b{/,file:///tmp/jetty-0.0.0.0-36291-hddsDatanode-_-any-5098753815363039653.dir/webapp/,AVAILABLE}{/hddsDatanode}
2019-09-25 02:02:48,373 [main] INFO  server.AbstractConnector (AbstractConnector.java:doStart(278)) - Started ServerConnector@625dfff3{HTTP/1.1,[http/1.1]}{0.0.0.0:36291}
2019-09-25 02:02:48,374 [main] INFO  server.Server (Server.java:doStart(419)) - Started @6429ms
2019-09-25 02:02:48,375 [main] WARN  impl.MetricsSystemImpl (MetricsSystemImpl.java:register(276)) - Sink prometheus already exists!
2019-09-25 02:02:48,376 [main] INFO  server.BaseHttpServer (BaseHttpServer.java:updateConnectorAddress(215)) - HTTP server of HDDSDATANODE is listening at http://0.0.0.0:36291
2019-09-25 02:02:48,376 [main] INFO  impl.MetricsSystemImpl (MetricsSystemImpl.java:init(158)) - HddsDatanode metrics system started (again)
2019-09-25 02:02:48,379 [main] INFO  ozone.HddsDatanodeService (HddsDatanodeService.java:start(184)) - HddsDatanodeService host:pr-hdds-2162-v2v4x-1150571016 ip:192.168.151.66
2019-09-25 02:02:48,379 [org.apache.hadoop.util.JvmPauseMonitor$Monitor@2d8e7951] INFO  util.JvmPauseMonitor (JvmPauseMonitor.java:run(188)) - Starting JVM pause monitor
2019-09-25 02:02:48,383 [Datanode State Machine Thread - 0] INFO  datanode.InitDatanodeState (InitDatanodeState.java:persistContainerDatanodeDetails(140)) - DatanodeDetails is persisted to /workdir/hadoop-ozone/ozonefs/target/test-dir/MiniOzoneClusterImpl-f329581b-00a8-489f-9c8e-b35e10165f21/datanode-3/meta/datanode.id
2019-09-25 02:02:48,387 [main] INFO  volume.HddsVolume (HddsVolume.java:<init>(176)) - Creating Volume: /workdir/hadoop-ozone/ozonefs/target/test-dir/MiniOzoneClusterImpl-f329581b-00a8-489f-9c8e-b35e10165f21/datanode-4/data/containers/hdds of  storage type : DISK and capacity : 1482555576320
2019-09-25 02:02:48,387 [main] INFO  volume.VolumeSet (VolumeSet.java:initializeVolumeSet(170)) - Added Volume : /workdir/hadoop-ozone/ozonefs/target/test-dir/MiniOzoneClusterImpl-f329581b-00a8-489f-9c8e-b35e10165f21/datanode-4/data/containers/hdds to VolumeSet
2019-09-25 02:02:48,388 [main] INFO  volume.ThrottledAsyncChecker (ThrottledAsyncChecker.java:schedule(139)) - Scheduling a check for org.apache.hadoop.ozone.container.common.volume.HddsVolume@3c74aa0d
2019-09-25 02:02:48,388 [main] INFO  volume.HddsVolumeChecker (HddsVolumeChecker.java:checkAllVolumes(202)) - Scheduled health check for volume org.apache.hadoop.ozone.container.common.volume.HddsVolume@3c74aa0d
2019-09-25 02:02:48,409 [main] INFO  impl.RaftServerProxy (ConfUtils.java:logGet(43)) - raft.rpc.type = GRPC (default)
2019-09-25 02:02:48,409 [main] INFO  grpc.GrpcFactory (GrpcFactory.java:checkPooledByteBufAllocatorUseCacheForAllThreads(45)) - PERFORMANCE WARNING: useCacheForAllThreads is true that may cause Netty to create a lot garbage objects and, as a result, trigger GC.
	It is recommended to disable useCacheForAllThreads by setting -Dorg.apache.ratis.thirdparty.io.netty.allocator.useCacheForAllThreads=false in command line.
2019-09-25 02:02:48,410 [main] INFO  grpc.GrpcConfigKeys$Server (ConfUtils.java:logGet(43)) - raft.grpc.server.port = 0 (default)
2019-09-25 02:02:48,410 [main] INFO  server.GrpcService (ConfUtils.java:logGet(43)) - raft.grpc.message.size.max = 33570816 (custom)
2019-09-25 02:02:48,410 [main] INFO  server.RaftServerConfigKeys (ConfUtils.java:logGet(43)) - raft.server.log.appender.buffer.byte-limit = 33554432 (custom)
2019-09-25 02:02:48,410 [main] INFO  server.GrpcService (ConfUtils.java:logGet(43)) - raft.grpc.flow.control.window = 1MB (=1048576) (default)
2019-09-25 02:02:48,410 [main] INFO  server.RaftServerConfigKeys (ConfUtils.java:logGet(43)) - raft.server.rpc.request.timeout = 3000ms (default)
2019-09-25 02:02:48,411 [main] INFO  server.RaftServerConfigKeys (ConfUtils.java:logGet(43)) - raft.server.storage.dir = [/workdir/hadoop-ozone/ozonefs/target/test-dir/MiniOzoneClusterImpl-f329581b-00a8-489f-9c8e-b35e10165f21/datanode-4/data/ratis] (custom)
2019-09-25 02:02:48,412 [main] INFO  hdfs.DFSUtil (DFSUtil.java:httpServerTemplateForNNAndJN(1641)) - Starting Web-server for hddsDatanode at: http://0.0.0.0:0
2019-09-25 02:02:48,414 [main] INFO  server.AuthenticationFilter (AuthenticationFilter.java:constructSecretProvider(240)) - Unable to initialize FileSignerSecretProvider, falling back to use random secrets.
2019-09-25 02:02:48,414 [main] WARN  http.HttpRequestLog (HttpRequestLog.java:getRequestLog(97)) - Jetty request log can only be enabled using Log4j
2019-09-25 02:02:48,416 [main] INFO  http.HttpServer2 (HttpServer2.java:addGlobalFilter(975)) - Added global filter 'safety' (class=org.apache.hadoop.http.HttpServer2$QuotingInputFilter)
2019-09-25 02:02:48,417 [main] INFO  http.HttpServer2 (HttpServer2.java:addFilter(948)) - Added filter static_user_filter (class=org.apache.hadoop.http.lib.StaticUserWebFilter$StaticUserFilter) to context hddsDatanode
2019-09-25 02:02:48,417 [main] INFO  http.HttpServer2 (HttpServer2.java:addFilter(958)) - Added filter static_user_filter (class=org.apache.hadoop.http.lib.StaticUserWebFilter$StaticUserFilter) to context logs
2019-09-25 02:02:48,417 [main] INFO  http.HttpServer2 (HttpServer2.java:addFilter(958)) - Added filter static_user_filter (class=org.apache.hadoop.http.lib.StaticUserWebFilter$StaticUserFilter) to context static
2019-09-25 02:02:48,418 [main] INFO  http.HttpServer2 (HttpServer2.java:bindListener(1191)) - Jetty bound to port 44440
2019-09-25 02:02:48,418 [main] INFO  server.Server (Server.java:doStart(351)) - jetty-9.3.25.v20180904, build timestamp: 2018-09-04T21:11:46Z, git hash: 3ce520221d0240229c862b122d2b06c12a625732
2019-09-25 02:02:48,420 [main] INFO  handler.ContextHandler (ContextHandler.java:doStart(781)) - Started o.e.j.s.ServletContextHandler@19a64eae{/logs,file:///workdir/hadoop-ozone/ozonefs/target/log,AVAILABLE}
2019-09-25 02:02:48,421 [main] INFO  handler.ContextHandler (ContextHandler.java:doStart(781)) - Started o.e.j.s.ServletContextHandler@2da3b078{/static,jar:file:/home/user/.m2/repository/org/apache/hadoop/hadoop-hdds-container-service/0.5.0-SNAPSHOT/hadoop-hdds-container-service-0.5.0-SNAPSHOT.jar!/webapps/static,AVAILABLE}
2019-09-25 02:02:48,448 [main] INFO  handler.ContextHandler (ContextHandler.java:doStart(781)) - Started o.e.j.w.WebAppContext@7e446d92{/,file:///tmp/jetty-0.0.0.0-44440-hddsDatanode-_-any-1033167959396981886.dir/webapp/,AVAILABLE}{/hddsDatanode}
2019-09-25 02:02:48,448 [main] INFO  server.AbstractConnector (AbstractConnector.java:doStart(278)) - Started ServerConnector@57f9b467{HTTP/1.1,[http/1.1]}{0.0.0.0:44440}
2019-09-25 02:02:48,449 [main] INFO  server.Server (Server.java:doStart(419)) - Started @6505ms
2019-09-25 02:02:48,450 [main] WARN  impl.MetricsSystemImpl (MetricsSystemImpl.java:register(276)) - Sink prometheus already exists!
2019-09-25 02:02:48,450 [main] INFO  server.BaseHttpServer (BaseHttpServer.java:updateConnectorAddress(215)) - HTTP server of HDDSDATANODE is listening at http://0.0.0.0:44440
2019-09-25 02:02:48,451 [main] INFO  impl.MetricsSystemImpl (MetricsSystemImpl.java:init(158)) - HddsDatanode metrics system started (again)
2019-09-25 02:02:48,453 [main] INFO  ozone.HddsDatanodeService (HddsDatanodeService.java:start(184)) - HddsDatanodeService host:pr-hdds-2162-v2v4x-1150571016 ip:192.168.151.66
2019-09-25 02:02:48,454 [org.apache.hadoop.util.JvmPauseMonitor$Monitor@1db9dffd] INFO  util.JvmPauseMonitor (JvmPauseMonitor.java:run(188)) - Starting JVM pause monitor
2019-09-25 02:02:48,457 [Datanode State Machine Thread - 0] INFO  datanode.InitDatanodeState (InitDatanodeState.java:persistContainerDatanodeDetails(140)) - DatanodeDetails is persisted to /workdir/hadoop-ozone/ozonefs/target/test-dir/MiniOzoneClusterImpl-f329581b-00a8-489f-9c8e-b35e10165f21/datanode-4/meta/datanode.id
2019-09-25 02:02:48,460 [main] INFO  volume.HddsVolume (HddsVolume.java:<init>(176)) - Creating Volume: /workdir/hadoop-ozone/ozonefs/target/test-dir/MiniOzoneClusterImpl-f329581b-00a8-489f-9c8e-b35e10165f21/datanode-5/data/containers/hdds of  storage type : DISK and capacity : 1482555576320
2019-09-25 02:02:48,461 [main] INFO  volume.VolumeSet (VolumeSet.java:initializeVolumeSet(170)) - Added Volume : /workdir/hadoop-ozone/ozonefs/target/test-dir/MiniOzoneClusterImpl-f329581b-00a8-489f-9c8e-b35e10165f21/datanode-5/data/containers/hdds to VolumeSet
2019-09-25 02:02:48,461 [main] INFO  volume.ThrottledAsyncChecker (ThrottledAsyncChecker.java:schedule(139)) - Scheduling a check for org.apache.hadoop.ozone.container.common.volume.HddsVolume@5de6cf3a
2019-09-25 02:02:48,461 [main] INFO  volume.HddsVolumeChecker (HddsVolumeChecker.java:checkAllVolumes(202)) - Scheduled health check for volume org.apache.hadoop.ozone.container.common.volume.HddsVolume@5de6cf3a
2019-09-25 02:02:48,480 [main] INFO  impl.RaftServerProxy (ConfUtils.java:logGet(43)) - raft.rpc.type = GRPC (default)
2019-09-25 02:02:48,480 [main] INFO  grpc.GrpcFactory (GrpcFactory.java:checkPooledByteBufAllocatorUseCacheForAllThreads(45)) - PERFORMANCE WARNING: useCacheForAllThreads is true that may cause Netty to create a lot garbage objects and, as a result, trigger GC.
	It is recommended to disable useCacheForAllThreads by setting -Dorg.apache.ratis.thirdparty.io.netty.allocator.useCacheForAllThreads=false in command line.
2019-09-25 02:02:48,481 [main] INFO  grpc.GrpcConfigKeys$Server (ConfUtils.java:logGet(43)) - raft.grpc.server.port = 0 (default)
2019-09-25 02:02:48,481 [main] INFO  server.GrpcService (ConfUtils.java:logGet(43)) - raft.grpc.message.size.max = 33570816 (custom)
2019-09-25 02:02:48,481 [main] INFO  server.RaftServerConfigKeys (ConfUtils.java:logGet(43)) - raft.server.log.appender.buffer.byte-limit = 33554432 (custom)
2019-09-25 02:02:48,481 [main] INFO  server.GrpcService (ConfUtils.java:logGet(43)) - raft.grpc.flow.control.window = 1MB (=1048576) (default)
2019-09-25 02:02:48,482 [main] INFO  server.RaftServerConfigKeys (ConfUtils.java:logGet(43)) - raft.server.rpc.request.timeout = 3000ms (default)
2019-09-25 02:02:48,482 [main] INFO  server.RaftServerConfigKeys (ConfUtils.java:logGet(43)) - raft.server.storage.dir = [/workdir/hadoop-ozone/ozonefs/target/test-dir/MiniOzoneClusterImpl-f329581b-00a8-489f-9c8e-b35e10165f21/datanode-5/data/ratis] (custom)
2019-09-25 02:02:48,484 [main] INFO  hdfs.DFSUtil (DFSUtil.java:httpServerTemplateForNNAndJN(1641)) - Starting Web-server for hddsDatanode at: http://0.0.0.0:0
2019-09-25 02:02:48,485 [main] INFO  server.AuthenticationFilter (AuthenticationFilter.java:constructSecretProvider(240)) - Unable to initialize FileSignerSecretProvider, falling back to use random secrets.
2019-09-25 02:02:48,486 [main] WARN  http.HttpRequestLog (HttpRequestLog.java:getRequestLog(97)) - Jetty request log can only be enabled using Log4j
2019-09-25 02:02:48,487 [main] INFO  http.HttpServer2 (HttpServer2.java:addGlobalFilter(975)) - Added global filter 'safety' (class=org.apache.hadoop.http.HttpServer2$QuotingInputFilter)
2019-09-25 02:02:48,488 [main] INFO  http.HttpServer2 (HttpServer2.java:addFilter(948)) - Added filter static_user_filter (class=org.apache.hadoop.http.lib.StaticUserWebFilter$StaticUserFilter) to context hddsDatanode
2019-09-25 02:02:48,488 [main] INFO  http.HttpServer2 (HttpServer2.java:addFilter(958)) - Added filter static_user_filter (class=org.apache.hadoop.http.lib.StaticUserWebFilter$StaticUserFilter) to context logs
2019-09-25 02:02:48,488 [main] INFO  http.HttpServer2 (HttpServer2.java:addFilter(958)) - Added filter static_user_filter (class=org.apache.hadoop.http.lib.StaticUserWebFilter$StaticUserFilter) to context static
2019-09-25 02:02:48,489 [main] INFO  http.HttpServer2 (HttpServer2.java:bindListener(1191)) - Jetty bound to port 43832
2019-09-25 02:02:48,489 [main] INFO  server.Server (Server.java:doStart(351)) - jetty-9.3.25.v20180904, build timestamp: 2018-09-04T21:11:46Z, git hash: 3ce520221d0240229c862b122d2b06c12a625732
2019-09-25 02:02:48,491 [main] INFO  handler.ContextHandler (ContextHandler.java:doStart(781)) - Started o.e.j.s.ServletContextHandler@27e7c77f{/logs,file:///workdir/hadoop-ozone/ozonefs/target/log,AVAILABLE}
2019-09-25 02:02:48,492 [main] INFO  handler.ContextHandler (ContextHandler.java:doStart(781)) - Started o.e.j.s.ServletContextHandler@6ae62c7e{/static,jar:file:/home/user/.m2/repository/org/apache/hadoop/hadoop-hdds-container-service/0.5.0-SNAPSHOT/hadoop-hdds-container-service-0.5.0-SNAPSHOT.jar!/webapps/static,AVAILABLE}
2019-09-25 02:02:48,520 [main] INFO  handler.ContextHandler (ContextHandler.java:doStart(781)) - Started o.e.j.w.WebAppContext@424de326{/,file:///tmp/jetty-0.0.0.0-43832-hddsDatanode-_-any-294366900706748199.dir/webapp/,AVAILABLE}{/hddsDatanode}
2019-09-25 02:02:48,520 [main] INFO  server.AbstractConnector (AbstractConnector.java:doStart(278)) - Started ServerConnector@4bc33720{HTTP/1.1,[http/1.1]}{0.0.0.0:43832}
2019-09-25 02:02:48,521 [main] INFO  server.Server (Server.java:doStart(419)) - Started @6577ms
2019-09-25 02:02:48,522 [main] WARN  impl.MetricsSystemImpl (MetricsSystemImpl.java:register(276)) - Sink prometheus already exists!
2019-09-25 02:02:48,523 [main] INFO  server.BaseHttpServer (BaseHttpServer.java:updateConnectorAddress(215)) - HTTP server of HDDSDATANODE is listening at http://0.0.0.0:43832
2019-09-25 02:02:48,523 [main] INFO  impl.MetricsSystemImpl (MetricsSystemImpl.java:init(158)) - HddsDatanode metrics system started (again)
2019-09-25 02:02:48,527 [main] INFO  ozone.HddsDatanodeService (HddsDatanodeService.java:start(184)) - HddsDatanodeService host:pr-hdds-2162-v2v4x-1150571016 ip:192.168.151.66
2019-09-25 02:02:48,527 [org.apache.hadoop.util.JvmPauseMonitor$Monitor@691e45c9] INFO  util.JvmPauseMonitor (JvmPauseMonitor.java:run(188)) - Starting JVM pause monitor
2019-09-25 02:02:48,530 [Datanode State Machine Thread - 0] INFO  datanode.InitDatanodeState (InitDatanodeState.java:persistContainerDatanodeDetails(140)) - DatanodeDetails is persisted to /workdir/hadoop-ozone/ozonefs/target/test-dir/MiniOzoneClusterImpl-f329581b-00a8-489f-9c8e-b35e10165f21/datanode-5/meta/datanode.id
2019-09-25 02:02:48,536 [main] INFO  volume.HddsVolume (HddsVolume.java:<init>(176)) - Creating Volume: /workdir/hadoop-ozone/ozonefs/target/test-dir/MiniOzoneClusterImpl-f329581b-00a8-489f-9c8e-b35e10165f21/datanode-6/data/containers/hdds of  storage type : DISK and capacity : 1482555576320
2019-09-25 02:02:48,536 [main] INFO  volume.VolumeSet (VolumeSet.java:initializeVolumeSet(170)) - Added Volume : /workdir/hadoop-ozone/ozonefs/target/test-dir/MiniOzoneClusterImpl-f329581b-00a8-489f-9c8e-b35e10165f21/datanode-6/data/containers/hdds to VolumeSet
2019-09-25 02:02:48,536 [main] INFO  volume.ThrottledAsyncChecker (ThrottledAsyncChecker.java:schedule(139)) - Scheduling a check for org.apache.hadoop.ozone.container.common.volume.HddsVolume@7b676112
2019-09-25 02:02:48,537 [main] INFO  volume.HddsVolumeChecker (HddsVolumeChecker.java:checkAllVolumes(202)) - Scheduled health check for volume org.apache.hadoop.ozone.container.common.volume.HddsVolume@7b676112
2019-09-25 02:02:48,563 [main] INFO  impl.RaftServerProxy (ConfUtils.java:logGet(43)) - raft.rpc.type = GRPC (default)
2019-09-25 02:02:48,563 [main] INFO  grpc.GrpcFactory (GrpcFactory.java:checkPooledByteBufAllocatorUseCacheForAllThreads(45)) - PERFORMANCE WARNING: useCacheForAllThreads is true that may cause Netty to create a lot garbage objects and, as a result, trigger GC.
	It is recommended to disable useCacheForAllThreads by setting -Dorg.apache.ratis.thirdparty.io.netty.allocator.useCacheForAllThreads=false in command line.
2019-09-25 02:02:48,563 [main] INFO  grpc.GrpcConfigKeys$Server (ConfUtils.java:logGet(43)) - raft.grpc.server.port = 0 (default)
2019-09-25 02:02:48,564 [main] INFO  server.GrpcService (ConfUtils.java:logGet(43)) - raft.grpc.message.size.max = 33570816 (custom)
2019-09-25 02:02:48,564 [main] INFO  server.RaftServerConfigKeys (ConfUtils.java:logGet(43)) - raft.server.log.appender.buffer.byte-limit = 33554432 (custom)
2019-09-25 02:02:48,564 [main] INFO  server.GrpcService (ConfUtils.java:logGet(43)) - raft.grpc.flow.control.window = 1MB (=1048576) (default)
2019-09-25 02:02:48,564 [main] INFO  server.RaftServerConfigKeys (ConfUtils.java:logGet(43)) - raft.server.rpc.request.timeout = 3000ms (default)
2019-09-25 02:02:48,565 [main] INFO  server.RaftServerConfigKeys (ConfUtils.java:logGet(43)) - raft.server.storage.dir = [/workdir/hadoop-ozone/ozonefs/target/test-dir/MiniOzoneClusterImpl-f329581b-00a8-489f-9c8e-b35e10165f21/datanode-6/data/ratis] (custom)
2019-09-25 02:02:48,566 [main] INFO  hdfs.DFSUtil (DFSUtil.java:httpServerTemplateForNNAndJN(1641)) - Starting Web-server for hddsDatanode at: http://0.0.0.0:0
2019-09-25 02:02:48,568 [main] INFO  server.AuthenticationFilter (AuthenticationFilter.java:constructSecretProvider(240)) - Unable to initialize FileSignerSecretProvider, falling back to use random secrets.
2019-09-25 02:02:48,568 [main] WARN  http.HttpRequestLog (HttpRequestLog.java:getRequestLog(97)) - Jetty request log can only be enabled using Log4j
2019-09-25 02:02:48,570 [main] INFO  http.HttpServer2 (HttpServer2.java:addGlobalFilter(975)) - Added global filter 'safety' (class=org.apache.hadoop.http.HttpServer2$QuotingInputFilter)
2019-09-25 02:02:48,570 [main] INFO  http.HttpServer2 (HttpServer2.java:addFilter(948)) - Added filter static_user_filter (class=org.apache.hadoop.http.lib.StaticUserWebFilter$StaticUserFilter) to context hddsDatanode
2019-09-25 02:02:48,571 [main] INFO  http.HttpServer2 (HttpServer2.java:addFilter(958)) - Added filter static_user_filter (class=org.apache.hadoop.http.lib.StaticUserWebFilter$StaticUserFilter) to context static
2019-09-25 02:02:48,571 [main] INFO  http.HttpServer2 (HttpServer2.java:addFilter(958)) - Added filter static_user_filter (class=org.apache.hadoop.http.lib.StaticUserWebFilter$StaticUserFilter) to context logs
2019-09-25 02:02:48,571 [main] INFO  http.HttpServer2 (HttpServer2.java:bindListener(1191)) - Jetty bound to port 37272
2019-09-25 02:02:48,572 [main] INFO  server.Server (Server.java:doStart(351)) - jetty-9.3.25.v20180904, build timestamp: 2018-09-04T21:11:46Z, git hash: 3ce520221d0240229c862b122d2b06c12a625732
2019-09-25 02:02:48,573 [main] INFO  handler.ContextHandler (ContextHandler.java:doStart(781)) - Started o.e.j.s.ServletContextHandler@797c3c3b{/logs,file:///workdir/hadoop-ozone/ozonefs/target/log,AVAILABLE}
2019-09-25 02:02:48,574 [main] INFO  handler.ContextHandler (ContextHandler.java:doStart(781)) - Started o.e.j.s.ServletContextHandler@4375b013{/static,jar:file:/home/user/.m2/repository/org/apache/hadoop/hadoop-hdds-container-service/0.5.0-SNAPSHOT/hadoop-hdds-container-service-0.5.0-SNAPSHOT.jar!/webapps/static,AVAILABLE}
2019-09-25 02:02:48,601 [main] INFO  handler.ContextHandler (ContextHandler.java:doStart(781)) - Started o.e.j.w.WebAppContext@2da66a44{/,file:///tmp/jetty-0.0.0.0-37272-hddsDatanode-_-any-6557793312246324357.dir/webapp/,AVAILABLE}{/hddsDatanode}
2019-09-25 02:02:48,602 [main] INFO  server.AbstractConnector (AbstractConnector.java:doStart(278)) - Started ServerConnector@527fc8e{HTTP/1.1,[http/1.1]}{0.0.0.0:37272}
2019-09-25 02:02:48,604 [main] INFO  server.Server (Server.java:doStart(419)) - Started @6659ms
2019-09-25 02:02:48,604 [main] WARN  impl.MetricsSystemImpl (MetricsSystemImpl.java:register(276)) - Sink prometheus already exists!
2019-09-25 02:02:48,605 [main] INFO  server.BaseHttpServer (BaseHttpServer.java:updateConnectorAddress(215)) - HTTP server of HDDSDATANODE is listening at http://0.0.0.0:37272
2019-09-25 02:02:48,605 [main] INFO  impl.MetricsSystemImpl (MetricsSystemImpl.java:init(158)) - HddsDatanode metrics system started (again)
2019-09-25 02:02:48,609 [main] INFO  ozone.HddsDatanodeService (HddsDatanodeService.java:start(184)) - HddsDatanodeService host:pr-hdds-2162-v2v4x-1150571016 ip:192.168.151.66
2019-09-25 02:02:48,609 [org.apache.hadoop.util.JvmPauseMonitor$Monitor@1fe753cf] INFO  util.JvmPauseMonitor (JvmPauseMonitor.java:run(188)) - Starting JVM pause monitor
2019-09-25 02:02:48,613 [Datanode State Machine Thread - 0] INFO  datanode.InitDatanodeState (InitDatanodeState.java:persistContainerDatanodeDetails(140)) - DatanodeDetails is persisted to /workdir/hadoop-ozone/ozonefs/target/test-dir/MiniOzoneClusterImpl-f329581b-00a8-489f-9c8e-b35e10165f21/datanode-6/meta/datanode.id
2019-09-25 02:02:48,618 [main] INFO  volume.HddsVolume (HddsVolume.java:<init>(176)) - Creating Volume: /workdir/hadoop-ozone/ozonefs/target/test-dir/MiniOzoneClusterImpl-f329581b-00a8-489f-9c8e-b35e10165f21/datanode-7/data/containers/hdds of  storage type : DISK and capacity : 1482555576320
2019-09-25 02:02:48,619 [main] INFO  volume.VolumeSet (VolumeSet.java:initializeVolumeSet(170)) - Added Volume : /workdir/hadoop-ozone/ozonefs/target/test-dir/MiniOzoneClusterImpl-f329581b-00a8-489f-9c8e-b35e10165f21/datanode-7/data/containers/hdds to VolumeSet
2019-09-25 02:02:48,619 [main] INFO  volume.ThrottledAsyncChecker (ThrottledAsyncChecker.java:schedule(139)) - Scheduling a check for org.apache.hadoop.ozone.container.common.volume.HddsVolume@5e0ec41f
2019-09-25 02:02:48,620 [main] INFO  volume.HddsVolumeChecker (HddsVolumeChecker.java:checkAllVolumes(202)) - Scheduled health check for volume org.apache.hadoop.ozone.container.common.volume.HddsVolume@5e0ec41f
2019-09-25 02:02:48,640 [main] INFO  impl.RaftServerProxy (ConfUtils.java:logGet(43)) - raft.rpc.type = GRPC (default)
2019-09-25 02:02:48,640 [main] INFO  grpc.GrpcFactory (GrpcFactory.java:checkPooledByteBufAllocatorUseCacheForAllThreads(45)) - PERFORMANCE WARNING: useCacheForAllThreads is true that may cause Netty to create a lot garbage objects and, as a result, trigger GC.
	It is recommended to disable useCacheForAllThreads by setting -Dorg.apache.ratis.thirdparty.io.netty.allocator.useCacheForAllThreads=false in command line.
2019-09-25 02:02:48,641 [main] INFO  grpc.GrpcConfigKeys$Server (ConfUtils.java:logGet(43)) - raft.grpc.server.port = 0 (default)
2019-09-25 02:02:48,641 [main] INFO  server.GrpcService (ConfUtils.java:logGet(43)) - raft.grpc.message.size.max = 33570816 (custom)
2019-09-25 02:02:48,641 [main] INFO  server.RaftServerConfigKeys (ConfUtils.java:logGet(43)) - raft.server.log.appender.buffer.byte-limit = 33554432 (custom)
2019-09-25 02:02:48,641 [main] INFO  server.GrpcService (ConfUtils.java:logGet(43)) - raft.grpc.flow.control.window = 1MB (=1048576) (default)
2019-09-25 02:02:48,641 [main] INFO  server.RaftServerConfigKeys (ConfUtils.java:logGet(43)) - raft.server.rpc.request.timeout = 3000ms (default)
2019-09-25 02:02:48,642 [main] INFO  server.RaftServerConfigKeys (ConfUtils.java:logGet(43)) - raft.server.storage.dir = [/workdir/hadoop-ozone/ozonefs/target/test-dir/MiniOzoneClusterImpl-f329581b-00a8-489f-9c8e-b35e10165f21/datanode-7/data/ratis] (custom)
2019-09-25 02:02:48,644 [main] INFO  hdfs.DFSUtil (DFSUtil.java:httpServerTemplateForNNAndJN(1641)) - Starting Web-server for hddsDatanode at: http://0.0.0.0:0
2019-09-25 02:02:48,645 [main] INFO  server.AuthenticationFilter (AuthenticationFilter.java:constructSecretProvider(240)) - Unable to initialize FileSignerSecretProvider, falling back to use random secrets.
2019-09-25 02:02:48,646 [main] WARN  http.HttpRequestLog (HttpRequestLog.java:getRequestLog(97)) - Jetty request log can only be enabled using Log4j
2019-09-25 02:02:48,647 [main] INFO  http.HttpServer2 (HttpServer2.java:addGlobalFilter(975)) - Added global filter 'safety' (class=org.apache.hadoop.http.HttpServer2$QuotingInputFilter)
2019-09-25 02:02:48,648 [main] INFO  http.HttpServer2 (HttpServer2.java:addFilter(948)) - Added filter static_user_filter (class=org.apache.hadoop.http.lib.StaticUserWebFilter$StaticUserFilter) to context hddsDatanode
2019-09-25 02:02:48,648 [main] INFO  http.HttpServer2 (HttpServer2.java:addFilter(958)) - Added filter static_user_filter (class=org.apache.hadoop.http.lib.StaticUserWebFilter$StaticUserFilter) to context static
2019-09-25 02:02:48,648 [main] INFO  http.HttpServer2 (HttpServer2.java:addFilter(958)) - Added filter static_user_filter (class=org.apache.hadoop.http.lib.StaticUserWebFilter$StaticUserFilter) to context logs
2019-09-25 02:02:48,649 [main] INFO  http.HttpServer2 (HttpServer2.java:bindListener(1191)) - Jetty bound to port 45540
2019-09-25 02:02:48,649 [main] INFO  server.Server (Server.java:doStart(351)) - jetty-9.3.25.v20180904, build timestamp: 2018-09-04T21:11:46Z, git hash: 3ce520221d0240229c862b122d2b06c12a625732
2019-09-25 02:02:48,651 [main] INFO  handler.ContextHandler (ContextHandler.java:doStart(781)) - Started o.e.j.s.ServletContextHandler@9679750{/logs,file:///workdir/hadoop-ozone/ozonefs/target/log,AVAILABLE}
2019-09-25 02:02:48,651 [main] INFO  handler.ContextHandler (ContextHandler.java:doStart(781)) - Started o.e.j.s.ServletContextHandler@75a0c890{/static,jar:file:/home/user/.m2/repository/org/apache/hadoop/hadoop-hdds-container-service/0.5.0-SNAPSHOT/hadoop-hdds-container-service-0.5.0-SNAPSHOT.jar!/webapps/static,AVAILABLE}
2019-09-25 02:02:48,679 [main] INFO  handler.ContextHandler (ContextHandler.java:doStart(781)) - Started o.e.j.w.WebAppContext@5a75ec37{/,file:///tmp/jetty-0.0.0.0-45540-hddsDatanode-_-any-941133514819952940.dir/webapp/,AVAILABLE}{/hddsDatanode}
2019-09-25 02:02:48,680 [main] INFO  server.AbstractConnector (AbstractConnector.java:doStart(278)) - Started ServerConnector@2c05ff9d{HTTP/1.1,[http/1.1]}{0.0.0.0:45540}
2019-09-25 02:02:48,681 [main] INFO  server.Server (Server.java:doStart(419)) - Started @6736ms
2019-09-25 02:02:48,681 [main] WARN  impl.MetricsSystemImpl (MetricsSystemImpl.java:register(276)) - Sink prometheus already exists!
2019-09-25 02:02:48,682 [main] INFO  server.BaseHttpServer (BaseHttpServer.java:updateConnectorAddress(215)) - HTTP server of HDDSDATANODE is listening at http://0.0.0.0:45540
2019-09-25 02:02:48,683 [main] INFO  impl.MetricsSystemImpl (MetricsSystemImpl.java:init(158)) - HddsDatanode metrics system started (again)
2019-09-25 02:02:48,687 [main] INFO  ozone.HddsDatanodeService (HddsDatanodeService.java:start(184)) - HddsDatanodeService host:pr-hdds-2162-v2v4x-1150571016 ip:192.168.151.66
2019-09-25 02:02:48,687 [org.apache.hadoop.util.JvmPauseMonitor$Monitor@764f401f] INFO  util.JvmPauseMonitor (JvmPauseMonitor.java:run(188)) - Starting JVM pause monitor
2019-09-25 02:02:48,691 [Datanode State Machine Thread - 0] INFO  datanode.InitDatanodeState (InitDatanodeState.java:persistContainerDatanodeDetails(140)) - DatanodeDetails is persisted to /workdir/hadoop-ozone/ozonefs/target/test-dir/MiniOzoneClusterImpl-f329581b-00a8-489f-9c8e-b35e10165f21/datanode-7/meta/datanode.id
2019-09-25 02:02:48,701 [main] INFO  volume.HddsVolume (HddsVolume.java:<init>(176)) - Creating Volume: /workdir/hadoop-ozone/ozonefs/target/test-dir/MiniOzoneClusterImpl-f329581b-00a8-489f-9c8e-b35e10165f21/datanode-8/data/containers/hdds of  storage type : DISK and capacity : 1482555576320
2019-09-25 02:02:48,702 [main] INFO  volume.VolumeSet (VolumeSet.java:initializeVolumeSet(170)) - Added Volume : /workdir/hadoop-ozone/ozonefs/target/test-dir/MiniOzoneClusterImpl-f329581b-00a8-489f-9c8e-b35e10165f21/datanode-8/data/containers/hdds to VolumeSet
2019-09-25 02:02:48,702 [main] INFO  volume.ThrottledAsyncChecker (ThrottledAsyncChecker.java:schedule(139)) - Scheduling a check for org.apache.hadoop.ozone.container.common.volume.HddsVolume@f5b6e78
2019-09-25 02:02:48,703 [main] INFO  volume.HddsVolumeChecker (HddsVolumeChecker.java:checkAllVolumes(202)) - Scheduled health check for volume org.apache.hadoop.ozone.container.common.volume.HddsVolume@f5b6e78
2019-09-25 02:02:48,726 [main] INFO  impl.RaftServerProxy (ConfUtils.java:logGet(43)) - raft.rpc.type = GRPC (default)
2019-09-25 02:02:48,726 [main] INFO  grpc.GrpcFactory (GrpcFactory.java:checkPooledByteBufAllocatorUseCacheForAllThreads(45)) - PERFORMANCE WARNING: useCacheForAllThreads is true that may cause Netty to create a lot garbage objects and, as a result, trigger GC.
	It is recommended to disable useCacheForAllThreads by setting -Dorg.apache.ratis.thirdparty.io.netty.allocator.useCacheForAllThreads=false in command line.
2019-09-25 02:02:48,727 [main] INFO  grpc.GrpcConfigKeys$Server (ConfUtils.java:logGet(43)) - raft.grpc.server.port = 0 (default)
2019-09-25 02:02:48,727 [main] INFO  server.GrpcService (ConfUtils.java:logGet(43)) - raft.grpc.message.size.max = 33570816 (custom)
2019-09-25 02:02:48,727 [main] INFO  server.RaftServerConfigKeys (ConfUtils.java:logGet(43)) - raft.server.log.appender.buffer.byte-limit = 33554432 (custom)
2019-09-25 02:02:48,727 [main] INFO  server.GrpcService (ConfUtils.java:logGet(43)) - raft.grpc.flow.control.window = 1MB (=1048576) (default)
2019-09-25 02:02:48,728 [main] INFO  server.RaftServerConfigKeys (ConfUtils.java:logGet(43)) - raft.server.rpc.request.timeout = 3000ms (default)
2019-09-25 02:02:48,728 [main] INFO  server.RaftServerConfigKeys (ConfUtils.java:logGet(43)) - raft.server.storage.dir = [/workdir/hadoop-ozone/ozonefs/target/test-dir/MiniOzoneClusterImpl-f329581b-00a8-489f-9c8e-b35e10165f21/datanode-8/data/ratis] (custom)
2019-09-25 02:02:48,730 [main] INFO  hdfs.DFSUtil (DFSUtil.java:httpServerTemplateForNNAndJN(1641)) - Starting Web-server for hddsDatanode at: http://0.0.0.0:0
2019-09-25 02:02:48,732 [main] INFO  server.AuthenticationFilter (AuthenticationFilter.java:constructSecretProvider(240)) - Unable to initialize FileSignerSecretProvider, falling back to use random secrets.
2019-09-25 02:02:48,733 [main] WARN  http.HttpRequestLog (HttpRequestLog.java:getRequestLog(97)) - Jetty request log can only be enabled using Log4j
2019-09-25 02:02:48,735 [main] INFO  http.HttpServer2 (HttpServer2.java:addGlobalFilter(975)) - Added global filter 'safety' (class=org.apache.hadoop.http.HttpServer2$QuotingInputFilter)
2019-09-25 02:02:48,735 [main] INFO  http.HttpServer2 (HttpServer2.java:addFilter(948)) - Added filter static_user_filter (class=org.apache.hadoop.http.lib.StaticUserWebFilter$StaticUserFilter) to context hddsDatanode
2019-09-25 02:02:48,736 [main] INFO  http.HttpServer2 (HttpServer2.java:addFilter(958)) - Added filter static_user_filter (class=org.apache.hadoop.http.lib.StaticUserWebFilter$StaticUserFilter) to context static
2019-09-25 02:02:48,736 [main] INFO  http.HttpServer2 (HttpServer2.java:addFilter(958)) - Added filter static_user_filter (class=org.apache.hadoop.http.lib.StaticUserWebFilter$StaticUserFilter) to context logs
2019-09-25 02:02:48,737 [main] INFO  http.HttpServer2 (HttpServer2.java:bindListener(1191)) - Jetty bound to port 43068
2019-09-25 02:02:48,737 [main] INFO  server.Server (Server.java:doStart(351)) - jetty-9.3.25.v20180904, build timestamp: 2018-09-04T21:11:46Z, git hash: 3ce520221d0240229c862b122d2b06c12a625732
2019-09-25 02:02:48,739 [main] INFO  handler.ContextHandler (ContextHandler.java:doStart(781)) - Started o.e.j.s.ServletContextHandler@187e5235{/logs,file:///workdir/hadoop-ozone/ozonefs/target/log,AVAILABLE}
2019-09-25 02:02:48,739 [main] INFO  handler.ContextHandler (ContextHandler.java:doStart(781)) - Started o.e.j.s.ServletContextHandler@5434e40c{/static,jar:file:/home/user/.m2/repository/org/apache/hadoop/hadoop-hdds-container-service/0.5.0-SNAPSHOT/hadoop-hdds-container-service-0.5.0-SNAPSHOT.jar!/webapps/static,AVAILABLE}
2019-09-25 02:02:48,768 [main] INFO  handler.ContextHandler (ContextHandler.java:doStart(781)) - Started o.e.j.w.WebAppContext@5c83ae01{/,file:///tmp/jetty-0.0.0.0-43068-hddsDatanode-_-any-7607570302658609303.dir/webapp/,AVAILABLE}{/hddsDatanode}
2019-09-25 02:02:48,769 [main] INFO  server.AbstractConnector (AbstractConnector.java:doStart(278)) - Started ServerConnector@2d64c100{HTTP/1.1,[http/1.1]}{0.0.0.0:43068}
2019-09-25 02:02:48,771 [main] INFO  server.Server (Server.java:doStart(419)) - Started @6826ms
2019-09-25 02:02:48,771 [main] WARN  impl.MetricsSystemImpl (MetricsSystemImpl.java:register(276)) - Sink prometheus already exists!
2019-09-25 02:02:48,772 [main] INFO  server.BaseHttpServer (BaseHttpServer.java:updateConnectorAddress(215)) - HTTP server of HDDSDATANODE is listening at http://0.0.0.0:43068
2019-09-25 02:02:48,772 [main] INFO  impl.MetricsSystemImpl (MetricsSystemImpl.java:init(158)) - HddsDatanode metrics system started (again)
2019-09-25 02:02:48,777 [main] INFO  ozone.HddsDatanodeService (HddsDatanodeService.java:start(184)) - HddsDatanodeService host:pr-hdds-2162-v2v4x-1150571016 ip:192.168.151.66
2019-09-25 02:02:48,777 [org.apache.hadoop.util.JvmPauseMonitor$Monitor@3e1d8017] INFO  util.JvmPauseMonitor (JvmPauseMonitor.java:run(188)) - Starting JVM pause monitor
2019-09-25 02:02:48,781 [Datanode State Machine Thread - 0] INFO  datanode.InitDatanodeState (InitDatanodeState.java:persistContainerDatanodeDetails(140)) - DatanodeDetails is persisted to /workdir/hadoop-ozone/ozonefs/target/test-dir/MiniOzoneClusterImpl-f329581b-00a8-489f-9c8e-b35e10165f21/datanode-8/meta/datanode.id
2019-09-25 02:02:48,785 [main] INFO  volume.HddsVolume (HddsVolume.java:<init>(176)) - Creating Volume: /workdir/hadoop-ozone/ozonefs/target/test-dir/MiniOzoneClusterImpl-f329581b-00a8-489f-9c8e-b35e10165f21/datanode-9/data/containers/hdds of  storage type : DISK and capacity : 1482555576320
2019-09-25 02:02:48,786 [main] INFO  volume.VolumeSet (VolumeSet.java:initializeVolumeSet(170)) - Added Volume : /workdir/hadoop-ozone/ozonefs/target/test-dir/MiniOzoneClusterImpl-f329581b-00a8-489f-9c8e-b35e10165f21/datanode-9/data/containers/hdds to VolumeSet
2019-09-25 02:02:48,786 [main] INFO  volume.ThrottledAsyncChecker (ThrottledAsyncChecker.java:schedule(139)) - Scheduling a check for org.apache.hadoop.ozone.container.common.volume.HddsVolume@7f37b6d9
2019-09-25 02:02:48,786 [main] INFO  volume.HddsVolumeChecker (HddsVolumeChecker.java:checkAllVolumes(202)) - Scheduled health check for volume org.apache.hadoop.ozone.container.common.volume.HddsVolume@7f37b6d9
2019-09-25 02:02:48,807 [main] INFO  impl.RaftServerProxy (ConfUtils.java:logGet(43)) - raft.rpc.type = GRPC (default)
2019-09-25 02:02:48,807 [main] INFO  grpc.GrpcFactory (GrpcFactory.java:checkPooledByteBufAllocatorUseCacheForAllThreads(45)) - PERFORMANCE WARNING: useCacheForAllThreads is true that may cause Netty to create a lot garbage objects and, as a result, trigger GC.
	It is recommended to disable useCacheForAllThreads by setting -Dorg.apache.ratis.thirdparty.io.netty.allocator.useCacheForAllThreads=false in command line.
2019-09-25 02:02:48,807 [main] INFO  grpc.GrpcConfigKeys$Server (ConfUtils.java:logGet(43)) - raft.grpc.server.port = 0 (default)
2019-09-25 02:02:48,807 [main] INFO  server.GrpcService (ConfUtils.java:logGet(43)) - raft.grpc.message.size.max = 33570816 (custom)
2019-09-25 02:02:48,808 [main] INFO  server.RaftServerConfigKeys (ConfUtils.java:logGet(43)) - raft.server.log.appender.buffer.byte-limit = 33554432 (custom)
2019-09-25 02:02:48,808 [main] INFO  server.GrpcService (ConfUtils.java:logGet(43)) - raft.grpc.flow.control.window = 1MB (=1048576) (default)
2019-09-25 02:02:48,808 [main] INFO  server.RaftServerConfigKeys (ConfUtils.java:logGet(43)) - raft.server.rpc.request.timeout = 3000ms (default)
2019-09-25 02:02:48,809 [main] INFO  server.RaftServerConfigKeys (ConfUtils.java:logGet(43)) - raft.server.storage.dir = [/workdir/hadoop-ozone/ozonefs/target/test-dir/MiniOzoneClusterImpl-f329581b-00a8-489f-9c8e-b35e10165f21/datanode-9/data/ratis] (custom)
2019-09-25 02:02:48,810 [main] INFO  hdfs.DFSUtil (DFSUtil.java:httpServerTemplateForNNAndJN(1641)) - Starting Web-server for hddsDatanode at: http://0.0.0.0:0
2019-09-25 02:02:48,812 [main] INFO  server.AuthenticationFilter (AuthenticationFilter.java:constructSecretProvider(240)) - Unable to initialize FileSignerSecretProvider, falling back to use random secrets.
2019-09-25 02:02:48,813 [main] WARN  http.HttpRequestLog (HttpRequestLog.java:getRequestLog(97)) - Jetty request log can only be enabled using Log4j
2019-09-25 02:02:48,814 [main] INFO  http.HttpServer2 (HttpServer2.java:addGlobalFilter(975)) - Added global filter 'safety' (class=org.apache.hadoop.http.HttpServer2$QuotingInputFilter)
2019-09-25 02:02:48,815 [main] INFO  http.HttpServer2 (HttpServer2.java:addFilter(948)) - Added filter static_user_filter (class=org.apache.hadoop.http.lib.StaticUserWebFilter$StaticUserFilter) to context hddsDatanode
2019-09-25 02:02:48,815 [main] INFO  http.HttpServer2 (HttpServer2.java:addFilter(958)) - Added filter static_user_filter (class=org.apache.hadoop.http.lib.StaticUserWebFilter$StaticUserFilter) to context logs
2019-09-25 02:02:48,815 [main] INFO  http.HttpServer2 (HttpServer2.java:addFilter(958)) - Added filter static_user_filter (class=org.apache.hadoop.http.lib.StaticUserWebFilter$StaticUserFilter) to context static
2019-09-25 02:02:48,816 [main] INFO  http.HttpServer2 (HttpServer2.java:bindListener(1191)) - Jetty bound to port 42085
2019-09-25 02:02:48,816 [main] INFO  server.Server (Server.java:doStart(351)) - jetty-9.3.25.v20180904, build timestamp: 2018-09-04T21:11:46Z, git hash: 3ce520221d0240229c862b122d2b06c12a625732
2019-09-25 02:02:48,818 [main] INFO  handler.ContextHandler (ContextHandler.java:doStart(781)) - Started o.e.j.s.ServletContextHandler@4f0cab0a{/logs,file:///workdir/hadoop-ozone/ozonefs/target/log,AVAILABLE}
2019-09-25 02:02:48,818 [main] INFO  handler.ContextHandler (ContextHandler.java:doStart(781)) - Started o.e.j.s.ServletContextHandler@7ab4ae59{/static,jar:file:/home/user/.m2/repository/org/apache/hadoop/hadoop-hdds-container-service/0.5.0-SNAPSHOT/hadoop-hdds-container-service-0.5.0-SNAPSHOT.jar!/webapps/static,AVAILABLE}
2019-09-25 02:02:48,846 [main] INFO  handler.ContextHandler (ContextHandler.java:doStart(781)) - Started o.e.j.w.WebAppContext@43fda8d9{/,file:///tmp/jetty-0.0.0.0-42085-hddsDatanode-_-any-6475811810258381846.dir/webapp/,AVAILABLE}{/hddsDatanode}
2019-09-25 02:02:48,847 [main] INFO  server.AbstractConnector (AbstractConnector.java:doStart(278)) - Started ServerConnector@49d831c2{HTTP/1.1,[http/1.1]}{0.0.0.0:42085}
2019-09-25 02:02:48,848 [main] INFO  server.Server (Server.java:doStart(419)) - Started @6903ms
2019-09-25 02:02:48,848 [main] WARN  impl.MetricsSystemImpl (MetricsSystemImpl.java:register(276)) - Sink prometheus already exists!
2019-09-25 02:02:48,849 [main] INFO  server.BaseHttpServer (BaseHttpServer.java:updateConnectorAddress(215)) - HTTP server of HDDSDATANODE is listening at http://0.0.0.0:42085
2019-09-25 02:02:48,855 [main] INFO  ozone.MiniOzoneClusterImpl (MiniOzoneClusterImpl.java:lambda$waitForClusterToBeReady$0(147)) - Waiting for cluster to be ready. Got 0 of 10 DN Heartbeats.
2019-09-25 02:02:48,856 [org.apache.hadoop.util.JvmPauseMonitor$Monitor@65ca4278] INFO  util.JvmPauseMonitor (JvmPauseMonitor.java:run(188)) - Starting JVM pause monitor
2019-09-25 02:02:48,860 [Datanode State Machine Thread - 0] INFO  datanode.InitDatanodeState (InitDatanodeState.java:persistContainerDatanodeDetails(140)) - DatanodeDetails is persisted to /workdir/hadoop-ozone/ozonefs/target/test-dir/MiniOzoneClusterImpl-f329581b-00a8-489f-9c8e-b35e10165f21/datanode-9/meta/datanode.id
2019-09-25 02:02:49,856 [main] INFO  ozone.MiniOzoneClusterImpl (MiniOzoneClusterImpl.java:lambda$waitForClusterToBeReady$0(147)) - Waiting for cluster to be ready. Got 0 of 10 DN Heartbeats.
2019-09-25 02:02:50,222 [Datanode State Machine Thread - 0] INFO  ozoneimpl.OzoneContainer (OzoneContainer.java:start(217)) - Attempting to start container services.
2019-09-25 02:02:50,224 [Datanode State Machine Thread - 0] INFO  ozoneimpl.OzoneContainer (OzoneContainer.java:startContainerScrub(179)) - Background container scanner has been disabled.
2019-09-25 02:02:50,225 [Datanode State Machine Thread - 0] INFO  ratis.XceiverServerRatis (XceiverServerRatis.java:start(411)) - Starting XceiverServerRatis e2bc4f57-4e4d-4806-bb89-300e99e050aa at port 0
2019-09-25 02:02:50,245 [Datanode State Machine Thread - 0] INFO  ozoneimpl.OzoneContainer (OzoneContainer.java:start(217)) - Attempting to start container services.
2019-09-25 02:02:50,255 [Datanode State Machine Thread - 0] INFO  ozoneimpl.OzoneContainer (OzoneContainer.java:startContainerScrub(179)) - Background container scanner has been disabled.
2019-09-25 02:02:50,255 [Datanode State Machine Thread - 0] INFO  ratis.XceiverServerRatis (XceiverServerRatis.java:start(411)) - Starting XceiverServerRatis 0983ca92-2e85-418c-b6e1-27ad33fcd8b4 at port 0
2019-09-25 02:02:50,264 [Datanode State Machine Thread - 0] INFO  impl.RaftServerProxy (RaftServerProxy.java:lambda$start$3(299)) - e2bc4f57-4e4d-4806-bb89-300e99e050aa: start RPC server
2019-09-25 02:02:50,268 [Datanode State Machine Thread - 0] INFO  impl.RaftServerProxy (RaftServerProxy.java:lambda$start$3(299)) - 0983ca92-2e85-418c-b6e1-27ad33fcd8b4: start RPC server
2019-09-25 02:02:50,332 [Datanode State Machine Thread - 0] INFO  ozoneimpl.OzoneContainer (OzoneContainer.java:start(217)) - Attempting to start container services.
2019-09-25 02:02:50,332 [Datanode State Machine Thread - 0] INFO  ozoneimpl.OzoneContainer (OzoneContainer.java:startContainerScrub(179)) - Background container scanner has been disabled.
2019-09-25 02:02:50,332 [Datanode State Machine Thread - 0] INFO  ratis.XceiverServerRatis (XceiverServerRatis.java:start(411)) - Starting XceiverServerRatis 4883e92d-256b-4e23-999d-6274ed4f0561 at port 0
2019-09-25 02:02:50,342 [Datanode State Machine Thread - 0] INFO  impl.RaftServerProxy (RaftServerProxy.java:lambda$start$3(299)) - 4883e92d-256b-4e23-999d-6274ed4f0561: start RPC server
2019-09-25 02:02:50,424 [Datanode State Machine Thread - 0] INFO  ozoneimpl.OzoneContainer (OzoneContainer.java:start(217)) - Attempting to start container services.
2019-09-25 02:02:50,427 [Datanode State Machine Thread - 0] INFO  ozoneimpl.OzoneContainer (OzoneContainer.java:startContainerScrub(179)) - Background container scanner has been disabled.
2019-09-25 02:02:50,427 [Datanode State Machine Thread - 0] INFO  ratis.XceiverServerRatis (XceiverServerRatis.java:start(411)) - Starting XceiverServerRatis e40f6fdf-da16-453e-9f28-91d67fc4fbe1 at port 0
2019-09-25 02:02:50,454 [Datanode State Machine Thread - 0] INFO  impl.RaftServerProxy (RaftServerProxy.java:lambda$start$3(299)) - e40f6fdf-da16-453e-9f28-91d67fc4fbe1: start RPC server
2019-09-25 02:02:50,462 [Datanode State Machine Thread - 0] INFO  server.GrpcService (GrpcService.java:startImpl(158)) - e40f6fdf-da16-453e-9f28-91d67fc4fbe1: GrpcService started, listening on 0.0.0.0/0.0.0.0:36511
2019-09-25 02:02:50,462 [Datanode State Machine Thread - 0] INFO  server.GrpcService (GrpcService.java:startImpl(158)) - 0983ca92-2e85-418c-b6e1-27ad33fcd8b4: GrpcService started, listening on 0.0.0.0/0.0.0.0:45245
2019-09-25 02:02:50,462 [Datanode State Machine Thread - 0] INFO  server.GrpcService (GrpcService.java:startImpl(158)) - e2bc4f57-4e4d-4806-bb89-300e99e050aa: GrpcService started, listening on 0.0.0.0/0.0.0.0:43164
2019-09-25 02:02:50,462 [Datanode State Machine Thread - 0] INFO  server.GrpcService (GrpcService.java:startImpl(158)) - 4883e92d-256b-4e23-999d-6274ed4f0561: GrpcService started, listening on 0.0.0.0/0.0.0.0:34518
2019-09-25 02:02:50,465 [Datanode State Machine Thread - 0] INFO  ratis.XceiverServerRatis (XceiverServerRatis.java:start(421)) - XceiverServerRatis e2bc4f57-4e4d-4806-bb89-300e99e050aa is started using port 43164
2019-09-25 02:02:50,464 [Datanode State Machine Thread - 0] INFO  ratis.XceiverServerRatis (XceiverServerRatis.java:start(421)) - XceiverServerRatis 0983ca92-2e85-418c-b6e1-27ad33fcd8b4 is started using port 45245
2019-09-25 02:02:50,464 [Datanode State Machine Thread - 0] INFO  ratis.XceiverServerRatis (XceiverServerRatis.java:start(421)) - XceiverServerRatis e40f6fdf-da16-453e-9f28-91d67fc4fbe1 is started using port 36511
2019-09-25 02:02:50,465 [Datanode State Machine Thread - 0] INFO  ratis.XceiverServerRatis (XceiverServerRatis.java:start(421)) - XceiverServerRatis 4883e92d-256b-4e23-999d-6274ed4f0561 is started using port 34518
2019-09-25 02:02:50,478 [Datanode State Machine Thread - 0] INFO  server.XceiverServerGrpc (XceiverServerGrpc.java:start(149)) - XceiverServerGrpc e2bc4f57-4e4d-4806-bb89-300e99e050aa is started using port 41443
2019-09-25 02:02:50,480 [Datanode State Machine Thread - 0] INFO  server.XceiverServerGrpc (XceiverServerGrpc.java:start(149)) - XceiverServerGrpc 4883e92d-256b-4e23-999d-6274ed4f0561 is started using port 38359
2019-09-25 02:02:50,480 [Datanode State Machine Thread - 0] INFO  server.XceiverServerGrpc (XceiverServerGrpc.java:start(149)) - XceiverServerGrpc 0983ca92-2e85-418c-b6e1-27ad33fcd8b4 is started using port 42332
2019-09-25 02:02:50,478 [Datanode State Machine Thread - 0] INFO  server.XceiverServerGrpc (XceiverServerGrpc.java:start(149)) - XceiverServerGrpc e40f6fdf-da16-453e-9f28-91d67fc4fbe1 is started using port 39157
2019-09-25 02:02:50,490 [Datanode State Machine Thread - 0] INFO  ozoneimpl.OzoneContainer (OzoneContainer.java:start(217)) - Attempting to start container services.
2019-09-25 02:02:50,491 [Datanode State Machine Thread - 0] INFO  ozoneimpl.OzoneContainer (OzoneContainer.java:startContainerScrub(179)) - Background container scanner has been disabled.
2019-09-25 02:02:50,491 [Datanode State Machine Thread - 0] INFO  ratis.XceiverServerRatis (XceiverServerRatis.java:start(411)) - Starting XceiverServerRatis 708c1fbc-7d1d-46e2-b177-af1b45a5b17f at port 0
2019-09-25 02:02:50,500 [Datanode State Machine Thread - 0] INFO  impl.RaftServerProxy (RaftServerProxy.java:lambda$start$3(299)) - 708c1fbc-7d1d-46e2-b177-af1b45a5b17f: start RPC server
2019-09-25 02:02:50,505 [Datanode State Machine Thread - 0] INFO  server.GrpcService (GrpcService.java:startImpl(158)) - 708c1fbc-7d1d-46e2-b177-af1b45a5b17f: GrpcService started, listening on 0.0.0.0/0.0.0.0:43670
2019-09-25 02:02:50,506 [Datanode State Machine Thread - 0] INFO  ratis.XceiverServerRatis (XceiverServerRatis.java:start(421)) - XceiverServerRatis 708c1fbc-7d1d-46e2-b177-af1b45a5b17f is started using port 43670
2019-09-25 02:02:50,509 [Datanode State Machine Thread - 0] INFO  server.XceiverServerGrpc (XceiverServerGrpc.java:start(149)) - XceiverServerGrpc 708c1fbc-7d1d-46e2-b177-af1b45a5b17f is started using port 37897
2019-09-25 02:02:50,564 [Datanode State Machine Thread - 0] INFO  ozoneimpl.OzoneContainer (OzoneContainer.java:start(217)) - Attempting to start container services.
2019-09-25 02:02:50,564 [Datanode State Machine Thread - 0] INFO  ozoneimpl.OzoneContainer (OzoneContainer.java:startContainerScrub(179)) - Background container scanner has been disabled.
2019-09-25 02:02:50,564 [Datanode State Machine Thread - 0] INFO  ratis.XceiverServerRatis (XceiverServerRatis.java:start(411)) - Starting XceiverServerRatis 78aa7d22-8252-48a6-b22f-bbcb77ab7551 at port 0
2019-09-25 02:02:50,574 [Datanode State Machine Thread - 0] INFO  impl.RaftServerProxy (RaftServerProxy.java:lambda$start$3(299)) - 78aa7d22-8252-48a6-b22f-bbcb77ab7551: start RPC server
2019-09-25 02:02:50,579 [Datanode State Machine Thread - 0] INFO  server.GrpcService (GrpcService.java:startImpl(158)) - 78aa7d22-8252-48a6-b22f-bbcb77ab7551: GrpcService started, listening on 0.0.0.0/0.0.0.0:45820
2019-09-25 02:02:50,579 [Datanode State Machine Thread - 0] INFO  ratis.XceiverServerRatis (XceiverServerRatis.java:start(421)) - XceiverServerRatis 78aa7d22-8252-48a6-b22f-bbcb77ab7551 is started using port 45820
2019-09-25 02:02:50,583 [Datanode State Machine Thread - 0] INFO  server.XceiverServerGrpc (XceiverServerGrpc.java:start(149)) - XceiverServerGrpc 78aa7d22-8252-48a6-b22f-bbcb77ab7551 is started using port 39760
2019-09-25 02:02:50,639 [Datanode State Machine Thread - 0] INFO  ozoneimpl.OzoneContainer (OzoneContainer.java:start(217)) - Attempting to start container services.
2019-09-25 02:02:50,640 [Datanode State Machine Thread - 0] INFO  ozoneimpl.OzoneContainer (OzoneContainer.java:startContainerScrub(179)) - Background container scanner has been disabled.
2019-09-25 02:02:50,640 [Datanode State Machine Thread - 0] INFO  ratis.XceiverServerRatis (XceiverServerRatis.java:start(411)) - Starting XceiverServerRatis 3a1526ff-e59b-45ed-a910-aedaa732a469 at port 0
2019-09-25 02:02:50,650 [Datanode State Machine Thread - 0] INFO  impl.RaftServerProxy (RaftServerProxy.java:lambda$start$3(299)) - 3a1526ff-e59b-45ed-a910-aedaa732a469: start RPC server
2019-09-25 02:02:50,654 [Datanode State Machine Thread - 0] INFO  server.GrpcService (GrpcService.java:startImpl(158)) - 3a1526ff-e59b-45ed-a910-aedaa732a469: GrpcService started, listening on 0.0.0.0/0.0.0.0:45885
2019-09-25 02:02:50,655 [Datanode State Machine Thread - 0] INFO  ratis.XceiverServerRatis (XceiverServerRatis.java:start(421)) - XceiverServerRatis 3a1526ff-e59b-45ed-a910-aedaa732a469 is started using port 45885
2019-09-25 02:02:50,659 [Datanode State Machine Thread - 0] INFO  server.XceiverServerGrpc (XceiverServerGrpc.java:start(149)) - XceiverServerGrpc 3a1526ff-e59b-45ed-a910-aedaa732a469 is started using port 34008
2019-09-25 02:02:50,715 [Datanode State Machine Thread - 0] INFO  ozoneimpl.OzoneContainer (OzoneContainer.java:start(217)) - Attempting to start container services.
2019-09-25 02:02:50,715 [Datanode State Machine Thread - 0] INFO  ozoneimpl.OzoneContainer (OzoneContainer.java:startContainerScrub(179)) - Background container scanner has been disabled.
2019-09-25 02:02:50,715 [Datanode State Machine Thread - 0] INFO  ratis.XceiverServerRatis (XceiverServerRatis.java:start(411)) - Starting XceiverServerRatis 0887b1ed-27fc-4c01-8a0d-c0b6bdd73cf1 at port 0
2019-09-25 02:02:50,726 [Datanode State Machine Thread - 0] INFO  impl.RaftServerProxy (RaftServerProxy.java:lambda$start$3(299)) - 0887b1ed-27fc-4c01-8a0d-c0b6bdd73cf1: start RPC server
2019-09-25 02:02:50,733 [Datanode State Machine Thread - 0] INFO  server.GrpcService (GrpcService.java:startImpl(158)) - 0887b1ed-27fc-4c01-8a0d-c0b6bdd73cf1: GrpcService started, listening on 0.0.0.0/0.0.0.0:38297
2019-09-25 02:02:50,733 [Datanode State Machine Thread - 0] INFO  ratis.XceiverServerRatis (XceiverServerRatis.java:start(421)) - XceiverServerRatis 0887b1ed-27fc-4c01-8a0d-c0b6bdd73cf1 is started using port 38297
2019-09-25 02:02:50,738 [Datanode State Machine Thread - 0] INFO  server.XceiverServerGrpc (XceiverServerGrpc.java:start(149)) - XceiverServerGrpc 0887b1ed-27fc-4c01-8a0d-c0b6bdd73cf1 is started using port 35508
2019-09-25 02:02:50,807 [Datanode State Machine Thread - 0] INFO  ozoneimpl.OzoneContainer (OzoneContainer.java:start(217)) - Attempting to start container services.
2019-09-25 02:02:50,807 [Datanode State Machine Thread - 0] INFO  ozoneimpl.OzoneContainer (OzoneContainer.java:startContainerScrub(179)) - Background container scanner has been disabled.
2019-09-25 02:02:50,807 [Datanode State Machine Thread - 0] INFO  ratis.XceiverServerRatis (XceiverServerRatis.java:start(411)) - Starting XceiverServerRatis 189f5818-a53a-4729-a9db-ea81ae500767 at port 0
2019-09-25 02:02:50,821 [Datanode State Machine Thread - 0] INFO  impl.RaftServerProxy (RaftServerProxy.java:lambda$start$3(299)) - 189f5818-a53a-4729-a9db-ea81ae500767: start RPC server
2019-09-25 02:02:50,826 [Datanode State Machine Thread - 0] INFO  server.GrpcService (GrpcService.java:startImpl(158)) - 189f5818-a53a-4729-a9db-ea81ae500767: GrpcService started, listening on 0.0.0.0/0.0.0.0:38437
2019-09-25 02:02:50,826 [Datanode State Machine Thread - 0] INFO  ratis.XceiverServerRatis (XceiverServerRatis.java:start(421)) - XceiverServerRatis 189f5818-a53a-4729-a9db-ea81ae500767 is started using port 38437
2019-09-25 02:02:50,841 [Datanode State Machine Thread - 0] INFO  server.XceiverServerGrpc (XceiverServerGrpc.java:start(149)) - XceiverServerGrpc 189f5818-a53a-4729-a9db-ea81ae500767 is started using port 40462
2019-09-25 02:02:50,859 [main] INFO  ozone.MiniOzoneClusterImpl (MiniOzoneClusterImpl.java:lambda$waitForClusterToBeReady$0(147)) - Waiting for cluster to be ready. Got 0 of 10 DN Heartbeats.
2019-09-25 02:02:50,890 [Datanode State Machine Thread - 0] INFO  ozoneimpl.OzoneContainer (OzoneContainer.java:start(217)) - Attempting to start container services.
2019-09-25 02:02:50,891 [Datanode State Machine Thread - 0] INFO  ozoneimpl.OzoneContainer (OzoneContainer.java:startContainerScrub(179)) - Background container scanner has been disabled.
2019-09-25 02:02:50,891 [Datanode State Machine Thread - 0] INFO  ratis.XceiverServerRatis (XceiverServerRatis.java:start(411)) - Starting XceiverServerRatis 48a8b89e-77e0-41b7-b930-70c5bc099523 at port 0
2019-09-25 02:02:50,905 [Datanode State Machine Thread - 0] INFO  impl.RaftServerProxy (RaftServerProxy.java:lambda$start$3(299)) - 48a8b89e-77e0-41b7-b930-70c5bc099523: start RPC server
2019-09-25 02:02:50,911 [Datanode State Machine Thread - 0] INFO  server.GrpcService (GrpcService.java:startImpl(158)) - 48a8b89e-77e0-41b7-b930-70c5bc099523: GrpcService started, listening on 0.0.0.0/0.0.0.0:36587
2019-09-25 02:02:50,911 [Datanode State Machine Thread - 0] INFO  ratis.XceiverServerRatis (XceiverServerRatis.java:start(421)) - XceiverServerRatis 48a8b89e-77e0-41b7-b930-70c5bc099523 is started using port 36587
2019-09-25 02:02:50,935 [Datanode State Machine Thread - 0] INFO  server.XceiverServerGrpc (XceiverServerGrpc.java:start(149)) - XceiverServerGrpc 48a8b89e-77e0-41b7-b930-70c5bc099523 is started using port 35707
2019-09-25 02:02:51,860 [main] INFO  ozone.MiniOzoneClusterImpl (MiniOzoneClusterImpl.java:lambda$waitForClusterToBeReady$0(147)) - Waiting for cluster to be ready. Got 0 of 10 DN Heartbeats.
2019-09-25 02:02:52,199 [IPC Server handler 1 on 45607] INFO  net.NetworkTopology (NetworkTopologyImpl.java:add(111)) - Added a new node: /default-rack/e2bc4f57-4e4d-4806-bb89-300e99e050aa
2019-09-25 02:02:52,200 [IPC Server handler 1 on 45607] INFO  node.SCMNodeManager (SCMNodeManager.java:register(266)) - Registered Data node : e2bc4f57-4e4d-4806-bb89-300e99e050aa{ip: 192.168.151.66, host: pr-hdds-2162-v2v4x-1150571016, networkLocation: /default-rack, certSerialId: null}
2019-09-25 02:02:52,207 [EventQueue-NodeRegistrationContainerReportForDataNodeSafeModeRule] INFO  safemode.SCMSafeModeManager (DataNodeSafeModeRule.java:process(71)) - SCM in safe mode. 1 DataNodes registered, 1 required.
2019-09-25 02:02:52,208 [EventQueue-NodeRegistrationContainerReportForDataNodeSafeModeRule] INFO  safemode.SCMSafeModeManager (SCMSafeModeManager.java:validateSafeModeExitRules(177)) - ScmSafeModeManager, all rules are successfully validated
2019-09-25 02:02:52,208 [EventQueue-NodeRegistrationContainerReportForDataNodeSafeModeRule] INFO  safemode.SCMSafeModeManager (SCMSafeModeManager.java:exitSafeMode(193)) - SCM exiting safe mode.
2019-09-25 02:02:52,232 [IPC Server handler 2 on 45607] INFO  net.NetworkTopology (NetworkTopologyImpl.java:add(111)) - Added a new node: /default-rack/0983ca92-2e85-418c-b6e1-27ad33fcd8b4
2019-09-25 02:02:52,233 [IPC Server handler 2 on 45607] INFO  node.SCMNodeManager (SCMNodeManager.java:register(266)) - Registered Data node : 0983ca92-2e85-418c-b6e1-27ad33fcd8b4{ip: 192.168.151.66, host: pr-hdds-2162-v2v4x-1150571016, networkLocation: /default-rack, certSerialId: null}
2019-09-25 02:02:52,310 [IPC Server handler 3 on 45607] INFO  net.NetworkTopology (NetworkTopologyImpl.java:add(111)) - Added a new node: /default-rack/4883e92d-256b-4e23-999d-6274ed4f0561
2019-09-25 02:02:52,311 [IPC Server handler 3 on 45607] INFO  node.SCMNodeManager (SCMNodeManager.java:register(266)) - Registered Data node : 4883e92d-256b-4e23-999d-6274ed4f0561{ip: 192.168.151.66, host: pr-hdds-2162-v2v4x-1150571016, networkLocation: /default-rack, certSerialId: null}
2019-09-25 02:02:52,430 [IPC Server handler 4 on 45607] INFO  net.NetworkTopology (NetworkTopologyImpl.java:add(111)) - Added a new node: /default-rack/e40f6fdf-da16-453e-9f28-91d67fc4fbe1
2019-09-25 02:02:52,431 [IPC Server handler 4 on 45607] INFO  node.SCMNodeManager (SCMNodeManager.java:register(266)) - Registered Data node : e40f6fdf-da16-453e-9f28-91d67fc4fbe1{ip: 192.168.151.66, host: pr-hdds-2162-v2v4x-1150571016, networkLocation: /default-rack, certSerialId: null}
2019-09-25 02:02:52,494 [IPC Server handler 5 on 45607] INFO  net.NetworkTopology (NetworkTopologyImpl.java:add(111)) - Added a new node: /default-rack/708c1fbc-7d1d-46e2-b177-af1b45a5b17f
2019-09-25 02:02:52,495 [IPC Server handler 5 on 45607] INFO  node.SCMNodeManager (SCMNodeManager.java:register(266)) - Registered Data node : 708c1fbc-7d1d-46e2-b177-af1b45a5b17f{ip: 192.168.151.66, host: pr-hdds-2162-v2v4x-1150571016, networkLocation: /default-rack, certSerialId: null}
2019-09-25 02:02:52,533 [IPC Server handler 6 on 45607] INFO  net.NetworkTopology (NetworkTopologyImpl.java:add(111)) - Added a new node: /default-rack/78aa7d22-8252-48a6-b22f-bbcb77ab7551
2019-09-25 02:02:52,534 [IPC Server handler 6 on 45607] INFO  node.SCMNodeManager (SCMNodeManager.java:register(266)) - Registered Data node : 78aa7d22-8252-48a6-b22f-bbcb77ab7551{ip: 192.168.151.66, host: pr-hdds-2162-v2v4x-1150571016, networkLocation: /default-rack, certSerialId: null}
2019-09-25 02:02:52,614 [IPC Server handler 7 on 45607] INFO  net.NetworkTopology (NetworkTopologyImpl.java:add(111)) - Added a new node: /default-rack/3a1526ff-e59b-45ed-a910-aedaa732a469
2019-09-25 02:02:52,614 [IPC Server handler 7 on 45607] INFO  node.SCMNodeManager (SCMNodeManager.java:register(266)) - Registered Data node : 3a1526ff-e59b-45ed-a910-aedaa732a469{ip: 192.168.151.66, host: pr-hdds-2162-v2v4x-1150571016, networkLocation: /default-rack, certSerialId: null}
2019-09-25 02:02:52,692 [IPC Server handler 8 on 45607] INFO  net.NetworkTopology (NetworkTopologyImpl.java:add(111)) - Added a new node: /default-rack/0887b1ed-27fc-4c01-8a0d-c0b6bdd73cf1
2019-09-25 02:02:52,692 [IPC Server handler 8 on 45607] INFO  node.SCMNodeManager (SCMNodeManager.java:register(266)) - Registered Data node : 0887b1ed-27fc-4c01-8a0d-c0b6bdd73cf1{ip: 192.168.151.66, host: pr-hdds-2162-v2v4x-1150571016, networkLocation: /default-rack, certSerialId: null}
2019-09-25 02:02:52,797 [IPC Server handler 9 on 45607] INFO  net.NetworkTopology (NetworkTopologyImpl.java:add(111)) - Added a new node: /default-rack/189f5818-a53a-4729-a9db-ea81ae500767
2019-09-25 02:02:52,797 [IPC Server handler 9 on 45607] INFO  node.SCMNodeManager (SCMNodeManager.java:register(266)) - Registered Data node : 189f5818-a53a-4729-a9db-ea81ae500767{ip: 192.168.151.66, host: pr-hdds-2162-v2v4x-1150571016, networkLocation: /default-rack, certSerialId: null}
2019-09-25 02:02:52,866 [main] INFO  ozone.MiniOzoneClusterImpl (MiniOzoneClusterImpl.java:lambda$waitForClusterToBeReady$0(147)) - Waiting for cluster to be ready. Got 9 of 10 DN Heartbeats.
2019-09-25 02:02:52,872 [IPC Server handler 10 on 45607] INFO  net.NetworkTopology (NetworkTopologyImpl.java:add(111)) - Added a new node: /default-rack/48a8b89e-77e0-41b7-b930-70c5bc099523
2019-09-25 02:02:52,872 [IPC Server handler 10 on 45607] INFO  node.SCMNodeManager (SCMNodeManager.java:register(266)) - Registered Data node : 48a8b89e-77e0-41b7-b930-70c5bc099523{ip: 192.168.151.66, host: pr-hdds-2162-v2v4x-1150571016, networkLocation: /default-rack, certSerialId: null}
2019-09-25 02:02:52,998 [grpc-default-executor-0] INFO  impl.RaftServerProxy (RaftServerProxy.java:addNew(89)) - e2bc4f57-4e4d-4806-bb89-300e99e050aa: addNew group-1E2D2AD58DD6:[e2bc4f57-4e4d-4806-bb89-300e99e050aa:192.168.151.66:43164] returns group-1E2D2AD58DD6:java.util.concurrent.CompletableFuture@678b3104[Not completed]
2019-09-25 02:02:53,034 [pool-27-thread-1] INFO  impl.RaftServerImpl (RaftServerImpl.java:<init>(95)) - e2bc4f57-4e4d-4806-bb89-300e99e050aa: new RaftServerImpl for group-1E2D2AD58DD6:[e2bc4f57-4e4d-4806-bb89-300e99e050aa:192.168.151.66:43164] with ContainerStateMachine:uninitialized
2019-09-25 02:02:53,036 [pool-27-thread-1] INFO  server.RaftServerConfigKeys (ConfUtils.java:logGet(43)) - raft.server.rpc.timeout.min = 5s (custom)
2019-09-25 02:02:53,038 [pool-27-thread-1] INFO  server.RaftServerConfigKeys (ConfUtils.java:logGet(43)) - raft.server.rpc.timeout.max = 5200ms (custom)
2019-09-25 02:02:53,038 [pool-27-thread-1] INFO  server.RaftServerConfigKeys (ConfUtils.java:logGet(43)) - raft.server.rpcslowness.timeout = 120s (custom)
2019-09-25 02:02:53,039 [pool-27-thread-1] INFO  server.RaftServerConfigKeys (ConfUtils.java:logGet(43)) - raft.server.sleep.deviation.threshold = 300 (default)
2019-09-25 02:02:53,039 [pool-27-thread-1] INFO  server.RaftServerConfigKeys (ConfUtils.java:logGet(43)) - raft.server.log.appender.install.snapshot.enabled = false (custom)
2019-09-25 02:02:53,050 [pool-27-thread-1] INFO  impl.RaftServerImpl (ServerState.java:<init>(103)) - e2bc4f57-4e4d-4806-bb89-300e99e050aa@group-1E2D2AD58DD6: ConfigurationManager, init=-1: [e2bc4f57-4e4d-4806-bb89-300e99e050aa:192.168.151.66:43164], old=null, confs=<EMPTY_MAP>
2019-09-25 02:02:53,050 [pool-27-thread-1] INFO  server.RaftServerConfigKeys (ConfUtils.java:logGet(43)) - raft.server.storage.dir = [/workdir/hadoop-ozone/ozonefs/target/test-dir/MiniOzoneClusterImpl-f329581b-00a8-489f-9c8e-b35e10165f21/datanode-0/data/ratis] (custom)
2019-09-25 02:02:53,060 [pool-27-thread-1] INFO  storage.RaftStorageDirectory (RaftStorageDirectory.java:analyzeStorage(246)) - The storage directory /workdir/hadoop-ozone/ozonefs/target/test-dir/MiniOzoneClusterImpl-f329581b-00a8-489f-9c8e-b35e10165f21/datanode-0/data/ratis/833615ad-e185-4812-8b12-1e2d2ad58dd6 does not exist. Creating ...
2019-09-25 02:02:53,108 [pool-27-thread-1] INFO  storage.RaftStorageDirectory (RaftStorageDirectory.java:tryLock(328)) - Lock on /workdir/hadoop-ozone/ozonefs/target/test-dir/MiniOzoneClusterImpl-f329581b-00a8-489f-9c8e-b35e10165f21/datanode-0/data/ratis/833615ad-e185-4812-8b12-1e2d2ad58dd6/in_use.lock acquired by nodename 8075@pr-hdds-2162-v2v4x-1150571016
2019-09-25 02:02:53,133 [pool-27-thread-1] INFO  storage.RaftStorage (RaftStorage.java:format(72)) - Storage directory /workdir/hadoop-ozone/ozonefs/target/test-dir/MiniOzoneClusterImpl-f329581b-00a8-489f-9c8e-b35e10165f21/datanode-0/data/ratis/833615ad-e185-4812-8b12-1e2d2ad58dd6 has been successfully formatted.
2019-09-25 02:02:53,136 [pool-27-thread-1] INFO  ratis.ContainerStateMachine (ContainerStateMachine.java:loadSnapshot(230)) - group-1E2D2AD58DD6: The snapshot info is null. Setting the last applied indexto:(t:0, i:~)
2019-09-25 02:02:53,136 [pool-27-thread-1] INFO  server.RaftServerConfigKeys (ConfUtils.java:logGet(43)) - raft.server.notification.no-leader.timeout = 120s (custom)
2019-09-25 02:02:53,139 [pool-27-thread-1] INFO  server.RaftServerConfigKeys (ConfUtils.java:logGet(43)) - raft.server.log.use.memory = false (default)
2019-09-25 02:02:53,147 [pool-27-thread-1] INFO  server.RaftServerConfigKeys (ConfUtils.java:logGet(43)) - raft.server.log.purge.gap = 1000000 (custom)
2019-09-25 02:02:53,147 [pool-27-thread-1] INFO  server.RaftServerConfigKeys (ConfUtils.java:logGet(43)) - raft.server.log.appender.buffer.byte-limit = 33554432 (custom)
2019-09-25 02:02:53,150 [pool-27-thread-1] INFO  server.RaftServerConfigKeys (ConfUtils.java:logGet(43)) - raft.server.log.segment.size.max = 1048576 (custom)
2019-09-25 02:02:53,156 [pool-27-thread-1] INFO  server.RaftServerConfigKeys (ConfUtils.java:logGet(43)) - raft.server.log.segment.cache.num.max = 2 (custom)
2019-09-25 02:02:53,163 [pool-27-thread-1] INFO  segmented.SegmentedRaftLogWorker (SegmentedRaftLogWorker.java:<init>(172)) - new e2bc4f57-4e4d-4806-bb89-300e99e050aa@group-1E2D2AD58DD6-SegmentedRaftLogWorker for RaftStorage:Storage Directory /workdir/hadoop-ozone/ozonefs/target/test-dir/MiniOzoneClusterImpl-f329581b-00a8-489f-9c8e-b35e10165f21/datanode-0/data/ratis/833615ad-e185-4812-8b12-1e2d2ad58dd6
2019-09-25 02:02:53,165 [pool-27-thread-1] INFO  impl.MetricsSystemImpl (MetricsSystemImpl.java:init(158)) - ratis metrics system started (again)
2019-09-25 02:02:53,173 [pool-27-thread-1] INFO  metrics.MetricRegistries (MetricRegistriesLoader.java:load(64)) - Loaded MetricRegistries class org.apache.ratis.metrics.impl.MetricRegistriesImpl
2019-09-25 02:02:53,206 [pool-27-thread-1] INFO  server.RaftServerConfigKeys (ConfUtils.java:logGet(43)) - raft.server.log.queue.byte-limit = 2147483647 (custom)
2019-09-25 02:02:53,207 [pool-27-thread-1] INFO  server.RaftServerConfigKeys (ConfUtils.java:logGet(43)) - raft.server.log.queue.element-limit = 1024 (custom)
2019-09-25 02:02:53,210 [pool-27-thread-1] INFO  server.RaftServerConfigKeys (ConfUtils.java:logGet(43)) - raft.server.log.segment.size.max = 1048576 (custom)
2019-09-25 02:02:53,210 [pool-27-thread-1] INFO  server.RaftServerConfigKeys (ConfUtils.java:logGet(43)) - raft.server.log.preallocated.size = 16384 (custom)
2019-09-25 02:02:53,211 [pool-27-thread-1] INFO  server.RaftServerConfigKeys (ConfUtils.java:logGet(43)) - raft.server.log.write.buffer.size = 33554432 (custom)
2019-09-25 02:02:53,211 [pool-27-thread-1] INFO  server.RaftServerConfigKeys (ConfUtils.java:logGet(43)) - raft.server.log.force.sync.num = 128 (default)
2019-09-25 02:02:53,212 [pool-27-thread-1] INFO  server.RaftServerConfigKeys (ConfUtils.java:logGet(43)) - raft.server.log.statemachine.data.sync = true (default)
2019-09-25 02:02:53,212 [pool-27-thread-1] INFO  server.RaftServerConfigKeys (ConfUtils.java:logGet(43)) - raft.server.log.statemachine.data.sync.timeout = 10s (default)
2019-09-25 02:02:53,213 [pool-27-thread-1] INFO  server.RaftServerConfigKeys (ConfUtils.java:logGet(43)) - raft.server.log.statemachine.data.sync.timeout.retry = -1 (default)
2019-09-25 02:02:53,222 [pool-27-thread-1] INFO  server.RaftServerConfigKeys (ConfUtils.java:logGet(43)) - raft.server.log.statemachine.data.caching.enabled = true (custom)
2019-09-25 02:02:53,226 [pool-27-thread-1] INFO  segmented.SegmentedRaftLogWorker (SegmentedRaftLogWorker.java:lambda$new$0(132)) - e2bc4f57-4e4d-4806-bb89-300e99e050aa@group-1E2D2AD58DD6-SegmentedRaftLogWorker: flushIndex: setUnconditionally 0 -> -1
2019-09-25 02:02:53,230 [pool-27-thread-1] INFO  server.RaftServerConfigKeys (ConfUtils.java:logGet(43)) - raft.server.snapshot.auto.trigger.enabled = true (custom)
2019-09-25 02:02:53,230 [pool-27-thread-1] INFO  server.RaftServerConfigKeys (ConfUtils.java:logGet(43)) - raft.server.snapshot.auto.trigger.threshold = 10000 (custom)
2019-09-25 02:02:53,231 [pool-27-thread-1] INFO  server.RaftServerConfigKeys (ConfUtils.java:logGet(43)) - raft.server.snapshot.retention.num.files = 5 (custom)
2019-09-25 02:02:53,231 [pool-27-thread-1] INFO  server.RaftServerConfigKeys (ConfUtils.java:logGet(43)) - raft.server.retrycache.expirytime = 600000ms (custom)
2019-09-25 02:02:53,258 [pool-27-thread-1] INFO  impl.RaftServerImpl (RaftServerImpl.java:start(185)) - e2bc4f57-4e4d-4806-bb89-300e99e050aa@group-1E2D2AD58DD6: start as a follower, conf=-1: [e2bc4f57-4e4d-4806-bb89-300e99e050aa:192.168.151.66:43164], old=null
2019-09-25 02:02:53,259 [pool-27-thread-1] INFO  impl.RaftServerImpl (RaftServerImpl.java:setRole(174)) - e2bc4f57-4e4d-4806-bb89-300e99e050aa@group-1E2D2AD58DD6: changes role from      null to FOLLOWER at term 0 for startAsFollower
2019-09-25 02:02:53,260 [pool-27-thread-1] INFO  impl.RoleInfo (RoleInfo.java:updateAndGet(143)) - e2bc4f57-4e4d-4806-bb89-300e99e050aa: start FollowerState
2019-09-25 02:02:53,262 [pool-27-thread-1] INFO  util.JmxRegister (JmxRegister.java:tryRegister(44)) - Successfully registered JMX Bean with object name Ratis:service=RaftServer,group=group-1E2D2AD58DD6,id=e2bc4f57-4e4d-4806-bb89-300e99e050aa
2019-09-25 02:02:53,331 [RatisPipelineUtilsThread] INFO  pipeline.PipelineStateManager (PipelineStateManager.java:addPipeline(56)) - Created pipeline Pipeline[ Id: 833615ad-e185-4812-8b12-1e2d2ad58dd6, Nodes: e2bc4f57-4e4d-4806-bb89-300e99e050aa{ip: 192.168.151.66, host: pr-hdds-2162-v2v4x-1150571016, networkLocation: /default-rack, certSerialId: null}, Type:RATIS, Factor:ONE, State:OPEN]
2019-09-25 02:02:53,362 [grpc-default-executor-0] INFO  impl.RaftServerProxy (RaftServerProxy.java:addNew(89)) - 4883e92d-256b-4e23-999d-6274ed4f0561: addNew group-EDD2BCAB3862:[4883e92d-256b-4e23-999d-6274ed4f0561:192.168.151.66:34518] returns group-EDD2BCAB3862:java.util.concurrent.CompletableFuture@79b34aea[Not completed]
2019-09-25 02:02:53,427 [pool-47-thread-1] INFO  impl.RaftServerImpl (RaftServerImpl.java:<init>(95)) - 4883e92d-256b-4e23-999d-6274ed4f0561: new RaftServerImpl for group-EDD2BCAB3862:[4883e92d-256b-4e23-999d-6274ed4f0561:192.168.151.66:34518] with ContainerStateMachine:uninitialized
2019-09-25 02:02:53,428 [pool-47-thread-1] INFO  server.RaftServerConfigKeys (ConfUtils.java:logGet(43)) - raft.server.rpc.timeout.min = 5s (custom)
2019-09-25 02:02:53,428 [pool-47-thread-1] INFO  server.RaftServerConfigKeys (ConfUtils.java:logGet(43)) - raft.server.rpc.timeout.max = 5200ms (custom)
2019-09-25 02:02:53,428 [pool-47-thread-1] INFO  server.RaftServerConfigKeys (ConfUtils.java:logGet(43)) - raft.server.rpcslowness.timeout = 120s (custom)
2019-09-25 02:02:53,428 [pool-47-thread-1] INFO  server.RaftServerConfigKeys (ConfUtils.java:logGet(43)) - raft.server.sleep.deviation.threshold = 300 (default)
2019-09-25 02:02:53,429 [pool-47-thread-1] INFO  server.RaftServerConfigKeys (ConfUtils.java:logGet(43)) - raft.server.log.appender.install.snapshot.enabled = false (custom)
2019-09-25 02:02:53,429 [pool-47-thread-1] INFO  impl.RaftServerImpl (ServerState.java:<init>(103)) - 4883e92d-256b-4e23-999d-6274ed4f0561@group-EDD2BCAB3862: ConfigurationManager, init=-1: [4883e92d-256b-4e23-999d-6274ed4f0561:192.168.151.66:34518], old=null, confs=<EMPTY_MAP>
2019-09-25 02:02:53,429 [pool-47-thread-1] INFO  server.RaftServerConfigKeys (ConfUtils.java:logGet(43)) - raft.server.storage.dir = [/workdir/hadoop-ozone/ozonefs/target/test-dir/MiniOzoneClusterImpl-f329581b-00a8-489f-9c8e-b35e10165f21/datanode-2/data/ratis] (custom)
2019-09-25 02:02:53,429 [pool-47-thread-1] INFO  storage.RaftStorageDirectory (RaftStorageDirectory.java:analyzeStorage(246)) - The storage directory /workdir/hadoop-ozone/ozonefs/target/test-dir/MiniOzoneClusterImpl-f329581b-00a8-489f-9c8e-b35e10165f21/datanode-2/data/ratis/82fc3dcb-d472-45d5-b498-edd2bcab3862 does not exist. Creating ...
2019-09-25 02:02:53,458 [pool-47-thread-1] INFO  storage.RaftStorageDirectory (RaftStorageDirectory.java:tryLock(328)) - Lock on /workdir/hadoop-ozone/ozonefs/target/test-dir/MiniOzoneClusterImpl-f329581b-00a8-489f-9c8e-b35e10165f21/datanode-2/data/ratis/82fc3dcb-d472-45d5-b498-edd2bcab3862/in_use.lock acquired by nodename 8075@pr-hdds-2162-v2v4x-1150571016
2019-09-25 02:02:53,484 [pool-47-thread-1] INFO  storage.RaftStorage (RaftStorage.java:format(72)) - Storage directory /workdir/hadoop-ozone/ozonefs/target/test-dir/MiniOzoneClusterImpl-f329581b-00a8-489f-9c8e-b35e10165f21/datanode-2/data/ratis/82fc3dcb-d472-45d5-b498-edd2bcab3862 has been successfully formatted.
2019-09-25 02:02:53,486 [pool-47-thread-1] INFO  ratis.ContainerStateMachine (ContainerStateMachine.java:loadSnapshot(230)) - group-EDD2BCAB3862: The snapshot info is null. Setting the last applied indexto:(t:0, i:~)
2019-09-25 02:02:53,489 [pool-47-thread-1] INFO  server.RaftServerConfigKeys (ConfUtils.java:logGet(43)) - raft.server.notification.no-leader.timeout = 120s (custom)
2019-09-25 02:02:53,489 [pool-47-thread-1] INFO  server.RaftServerConfigKeys (ConfUtils.java:logGet(43)) - raft.server.log.use.memory = false (default)
2019-09-25 02:02:53,489 [pool-47-thread-1] INFO  server.RaftServerConfigKeys (ConfUtils.java:logGet(43)) - raft.server.log.purge.gap = 1000000 (custom)
2019-09-25 02:02:53,489 [pool-47-thread-1] INFO  server.RaftServerConfigKeys (ConfUtils.java:logGet(43)) - raft.server.log.appender.buffer.byte-limit = 33554432 (custom)
2019-09-25 02:02:53,489 [pool-47-thread-1] INFO  server.RaftServerConfigKeys (ConfUtils.java:logGet(43)) - raft.server.log.segment.size.max = 1048576 (custom)
2019-09-25 02:02:53,490 [pool-47-thread-1] INFO  server.RaftServerConfigKeys (ConfUtils.java:logGet(43)) - raft.server.log.segment.cache.num.max = 2 (custom)
2019-09-25 02:02:53,490 [pool-47-thread-1] INFO  segmented.SegmentedRaftLogWorker (SegmentedRaftLogWorker.java:<init>(172)) - new 4883e92d-256b-4e23-999d-6274ed4f0561@group-EDD2BCAB3862-SegmentedRaftLogWorker for RaftStorage:Storage Directory /workdir/hadoop-ozone/ozonefs/target/test-dir/MiniOzoneClusterImpl-f329581b-00a8-489f-9c8e-b35e10165f21/datanode-2/data/ratis/82fc3dcb-d472-45d5-b498-edd2bcab3862
2019-09-25 02:02:53,496 [pool-47-thread-1] INFO  server.RaftServerConfigKeys (ConfUtils.java:logGet(43)) - raft.server.log.queue.byte-limit = 2147483647 (custom)
2019-09-25 02:02:53,496 [pool-47-thread-1] INFO  server.RaftServerConfigKeys (ConfUtils.java:logGet(43)) - raft.server.log.queue.element-limit = 1024 (custom)
2019-09-25 02:02:53,497 [pool-47-thread-1] INFO  server.RaftServerConfigKeys (ConfUtils.java:logGet(43)) - raft.server.log.segment.size.max = 1048576 (custom)
2019-09-25 02:02:53,497 [pool-47-thread-1] INFO  server.RaftServerConfigKeys (ConfUtils.java:logGet(43)) - raft.server.log.preallocated.size = 16384 (custom)
2019-09-25 02:02:53,497 [pool-47-thread-1] INFO  server.RaftServerConfigKeys (ConfUtils.java:logGet(43)) - raft.server.log.write.buffer.size = 33554432 (custom)
2019-09-25 02:02:53,497 [pool-47-thread-1] INFO  server.RaftServerConfigKeys (ConfUtils.java:logGet(43)) - raft.server.log.force.sync.num = 128 (default)
2019-09-25 02:02:53,497 [pool-47-thread-1] INFO  server.RaftServerConfigKeys (ConfUtils.java:logGet(43)) - raft.server.log.statemachine.data.sync = true (default)
2019-09-25 02:02:53,497 [pool-47-thread-1] INFO  server.RaftServerConfigKeys (ConfUtils.java:logGet(43)) - raft.server.log.statemachine.data.sync.timeout = 10s (default)
2019-09-25 02:02:53,497 [pool-47-thread-1] INFO  server.RaftServerConfigKeys (ConfUtils.java:logGet(43)) - raft.server.log.statemachine.data.sync.timeout.retry = -1 (default)
2019-09-25 02:02:53,498 [pool-47-thread-1] INFO  server.RaftServerConfigKeys (ConfUtils.java:logGet(43)) - raft.server.log.statemachine.data.caching.enabled = true (custom)
2019-09-25 02:02:53,498 [pool-47-thread-1] INFO  segmented.SegmentedRaftLogWorker (SegmentedRaftLogWorker.java:lambda$new$0(132)) - 4883e92d-256b-4e23-999d-6274ed4f0561@group-EDD2BCAB3862-SegmentedRaftLogWorker: flushIndex: setUnconditionally 0 -> -1
2019-09-25 02:02:53,498 [pool-47-thread-1] INFO  server.RaftServerConfigKeys (ConfUtils.java:logGet(43)) - raft.server.snapshot.auto.trigger.enabled = true (custom)
2019-09-25 02:02:53,498 [pool-47-thread-1] INFO  server.RaftServerConfigKeys (ConfUtils.java:logGet(43)) - raft.server.snapshot.auto.trigger.threshold = 10000 (custom)
2019-09-25 02:02:53,499 [pool-47-thread-1] INFO  server.RaftServerConfigKeys (ConfUtils.java:logGet(43)) - raft.server.snapshot.retention.num.files = 5 (custom)
2019-09-25 02:02:53,499 [pool-47-thread-1] INFO  server.RaftServerConfigKeys (ConfUtils.java:logGet(43)) - raft.server.retrycache.expirytime = 600000ms (custom)
2019-09-25 02:02:53,511 [pool-47-thread-1] INFO  impl.RaftServerImpl (RaftServerImpl.java:start(185)) - 4883e92d-256b-4e23-999d-6274ed4f0561@group-EDD2BCAB3862: start as a follower, conf=-1: [4883e92d-256b-4e23-999d-6274ed4f0561:192.168.151.66:34518], old=null
2019-09-25 02:02:53,511 [pool-47-thread-1] INFO  impl.RaftServerImpl (RaftServerImpl.java:setRole(174)) - 4883e92d-256b-4e23-999d-6274ed4f0561@group-EDD2BCAB3862: changes role from      null to FOLLOWER at term 0 for startAsFollower
2019-09-25 02:02:53,511 [pool-47-thread-1] INFO  impl.RoleInfo (RoleInfo.java:updateAndGet(143)) - 4883e92d-256b-4e23-999d-6274ed4f0561: start FollowerState
2019-09-25 02:02:53,514 [pool-47-thread-1] INFO  util.JmxRegister (JmxRegister.java:tryRegister(44)) - Successfully registered JMX Bean with object name Ratis:service=RaftServer,group=group-EDD2BCAB3862,id=4883e92d-256b-4e23-999d-6274ed4f0561
2019-09-25 02:02:53,534 [RatisPipelineUtilsThread] INFO  pipeline.PipelineStateManager (PipelineStateManager.java:addPipeline(56)) - Created pipeline Pipeline[ Id: 82fc3dcb-d472-45d5-b498-edd2bcab3862, Nodes: 4883e92d-256b-4e23-999d-6274ed4f0561{ip: 192.168.151.66, host: pr-hdds-2162-v2v4x-1150571016, networkLocation: /default-rack, certSerialId: null}, Type:RATIS, Factor:ONE, State:OPEN]
2019-09-25 02:02:53,560 [grpc-default-executor-0] INFO  impl.RaftServerProxy (RaftServerProxy.java:addNew(89)) - 78aa7d22-8252-48a6-b22f-bbcb77ab7551: addNew group-AC5DDEC767EA:[78aa7d22-8252-48a6-b22f-bbcb77ab7551:192.168.151.66:45820] returns group-AC5DDEC767EA:java.util.concurrent.CompletableFuture@23c7e75c[Not completed]
2019-09-25 02:02:53,595 [pool-77-thread-1] INFO  impl.RaftServerImpl (RaftServerImpl.java:<init>(95)) - 78aa7d22-8252-48a6-b22f-bbcb77ab7551: new RaftServerImpl for group-AC5DDEC767EA:[78aa7d22-8252-48a6-b22f-bbcb77ab7551:192.168.151.66:45820] with ContainerStateMachine:uninitialized
2019-09-25 02:02:53,595 [pool-77-thread-1] INFO  server.RaftServerConfigKeys (ConfUtils.java:logGet(43)) - raft.server.rpc.timeout.min = 5s (custom)
2019-09-25 02:02:53,595 [pool-77-thread-1] INFO  server.RaftServerConfigKeys (ConfUtils.java:logGet(43)) - raft.server.rpc.timeout.max = 5200ms (custom)
2019-09-25 02:02:53,595 [pool-77-thread-1] INFO  server.RaftServerConfigKeys (ConfUtils.java:logGet(43)) - raft.server.rpcslowness.timeout = 120s (custom)
2019-09-25 02:02:53,595 [pool-77-thread-1] INFO  server.RaftServerConfigKeys (ConfUtils.java:logGet(43)) - raft.server.sleep.deviation.threshold = 300 (default)
2019-09-25 02:02:53,595 [pool-77-thread-1] INFO  server.RaftServerConfigKeys (ConfUtils.java:logGet(43)) - raft.server.log.appender.install.snapshot.enabled = false (custom)
2019-09-25 02:02:53,596 [pool-77-thread-1] INFO  impl.RaftServerImpl (ServerState.java:<init>(103)) - 78aa7d22-8252-48a6-b22f-bbcb77ab7551@group-AC5DDEC767EA: ConfigurationManager, init=-1: [78aa7d22-8252-48a6-b22f-bbcb77ab7551:192.168.151.66:45820], old=null, confs=<EMPTY_MAP>
2019-09-25 02:02:53,596 [pool-77-thread-1] INFO  server.RaftServerConfigKeys (ConfUtils.java:logGet(43)) - raft.server.storage.dir = [/workdir/hadoop-ozone/ozonefs/target/test-dir/MiniOzoneClusterImpl-f329581b-00a8-489f-9c8e-b35e10165f21/datanode-5/data/ratis] (custom)
2019-09-25 02:02:53,596 [pool-77-thread-1] INFO  storage.RaftStorageDirectory (RaftStorageDirectory.java:analyzeStorage(246)) - The storage directory /workdir/hadoop-ozone/ozonefs/target/test-dir/MiniOzoneClusterImpl-f329581b-00a8-489f-9c8e-b35e10165f21/datanode-5/data/ratis/c3bdde72-46e8-44ff-b578-ac5ddec767ea does not exist. Creating ...
2019-09-25 02:02:53,626 [pool-77-thread-1] INFO  storage.RaftStorageDirectory (RaftStorageDirectory.java:tryLock(328)) - Lock on /workdir/hadoop-ozone/ozonefs/target/test-dir/MiniOzoneClusterImpl-f329581b-00a8-489f-9c8e-b35e10165f21/datanode-5/data/ratis/c3bdde72-46e8-44ff-b578-ac5ddec767ea/in_use.lock acquired by nodename 8075@pr-hdds-2162-v2v4x-1150571016
2019-09-25 02:02:53,651 [pool-77-thread-1] INFO  storage.RaftStorage (RaftStorage.java:format(72)) - Storage directory /workdir/hadoop-ozone/ozonefs/target/test-dir/MiniOzoneClusterImpl-f329581b-00a8-489f-9c8e-b35e10165f21/datanode-5/data/ratis/c3bdde72-46e8-44ff-b578-ac5ddec767ea has been successfully formatted.
2019-09-25 02:02:53,652 [pool-77-thread-1] INFO  ratis.ContainerStateMachine (ContainerStateMachine.java:loadSnapshot(230)) - group-AC5DDEC767EA: The snapshot info is null. Setting the last applied indexto:(t:0, i:~)
2019-09-25 02:02:53,652 [pool-77-thread-1] INFO  server.RaftServerConfigKeys (ConfUtils.java:logGet(43)) - raft.server.notification.no-leader.timeout = 120s (custom)
2019-09-25 02:02:53,652 [pool-77-thread-1] INFO  server.RaftServerConfigKeys (ConfUtils.java:logGet(43)) - raft.server.log.use.memory = false (default)
2019-09-25 02:02:53,652 [pool-77-thread-1] INFO  server.RaftServerConfigKeys (ConfUtils.java:logGet(43)) - raft.server.log.purge.gap = 1000000 (custom)
2019-09-25 02:02:53,653 [pool-77-thread-1] INFO  server.RaftServerConfigKeys (ConfUtils.java:logGet(43)) - raft.server.log.appender.buffer.byte-limit = 33554432 (custom)
2019-09-25 02:02:53,653 [pool-77-thread-1] INFO  server.RaftServerConfigKeys (ConfUtils.java:logGet(43)) - raft.server.log.segment.size.max = 1048576 (custom)
2019-09-25 02:02:53,653 [pool-77-thread-1] INFO  server.RaftServerConfigKeys (ConfUtils.java:logGet(43)) - raft.server.log.segment.cache.num.max = 2 (custom)
2019-09-25 02:02:53,653 [pool-77-thread-1] INFO  segmented.SegmentedRaftLogWorker (SegmentedRaftLogWorker.java:<init>(172)) - new 78aa7d22-8252-48a6-b22f-bbcb77ab7551@group-AC5DDEC767EA-SegmentedRaftLogWorker for RaftStorage:Storage Directory /workdir/hadoop-ozone/ozonefs/target/test-dir/MiniOzoneClusterImpl-f329581b-00a8-489f-9c8e-b35e10165f21/datanode-5/data/ratis/c3bdde72-46e8-44ff-b578-ac5ddec767ea
2019-09-25 02:02:53,719 [pool-77-thread-1] INFO  server.RaftServerConfigKeys (ConfUtils.java:logGet(43)) - raft.server.log.queue.byte-limit = 2147483647 (custom)
2019-09-25 02:02:53,719 [pool-77-thread-1] INFO  server.RaftServerConfigKeys (ConfUtils.java:logGet(43)) - raft.server.log.queue.element-limit = 1024 (custom)
2019-09-25 02:02:53,719 [pool-77-thread-1] INFO  server.RaftServerConfigKeys (ConfUtils.java:logGet(43)) - raft.server.log.segment.size.max = 1048576 (custom)
2019-09-25 02:02:53,719 [pool-77-thread-1] INFO  server.RaftServerConfigKeys (ConfUtils.java:logGet(43)) - raft.server.log.preallocated.size = 16384 (custom)
2019-09-25 02:02:53,720 [pool-77-thread-1] INFO  server.RaftServerConfigKeys (ConfUtils.java:logGet(43)) - raft.server.log.write.buffer.size = 33554432 (custom)
2019-09-25 02:02:53,720 [pool-77-thread-1] INFO  server.RaftServerConfigKeys (ConfUtils.java:logGet(43)) - raft.server.log.force.sync.num = 128 (default)
2019-09-25 02:02:53,720 [pool-77-thread-1] INFO  server.RaftServerConfigKeys (ConfUtils.java:logGet(43)) - raft.server.log.statemachine.data.sync = true (default)
2019-09-25 02:02:53,720 [pool-77-thread-1] INFO  server.RaftServerConfigKeys (ConfUtils.java:logGet(43)) - raft.server.log.statemachine.data.sync.timeout = 10s (default)
2019-09-25 02:02:53,720 [pool-77-thread-1] INFO  server.RaftServerConfigKeys (ConfUtils.java:logGet(43)) - raft.server.log.statemachine.data.sync.timeout.retry = -1 (default)
2019-09-25 02:02:53,721 [pool-77-thread-1] INFO  server.RaftServerConfigKeys (ConfUtils.java:logGet(43)) - raft.server.log.statemachine.data.caching.enabled = true (custom)
2019-09-25 02:02:53,721 [pool-77-thread-1] INFO  segmented.SegmentedRaftLogWorker (SegmentedRaftLogWorker.java:lambda$new$0(132)) - 78aa7d22-8252-48a6-b22f-bbcb77ab7551@group-AC5DDEC767EA-SegmentedRaftLogWorker: flushIndex: setUnconditionally 0 -> -1
2019-09-25 02:02:53,722 [pool-77-thread-1] INFO  server.RaftServerConfigKeys (ConfUtils.java:logGet(43)) - raft.server.snapshot.auto.trigger.enabled = true (custom)
2019-09-25 02:02:53,722 [pool-77-thread-1] INFO  server.RaftServerConfigKeys (ConfUtils.java:logGet(43)) - raft.server.snapshot.auto.trigger.threshold = 10000 (custom)
2019-09-25 02:02:53,722 [pool-77-thread-1] INFO  server.RaftServerConfigKeys (ConfUtils.java:logGet(43)) - raft.server.snapshot.retention.num.files = 5 (custom)
2019-09-25 02:02:53,722 [pool-77-thread-1] INFO  server.RaftServerConfigKeys (ConfUtils.java:logGet(43)) - raft.server.retrycache.expirytime = 600000ms (custom)
2019-09-25 02:02:53,728 [pool-77-thread-1] INFO  impl.RaftServerImpl (RaftServerImpl.java:start(185)) - 78aa7d22-8252-48a6-b22f-bbcb77ab7551@group-AC5DDEC767EA: start as a follower, conf=-1: [78aa7d22-8252-48a6-b22f-bbcb77ab7551:192.168.151.66:45820], old=null
2019-09-25 02:02:53,728 [pool-77-thread-1] INFO  impl.RaftServerImpl (RaftServerImpl.java:setRole(174)) - 78aa7d22-8252-48a6-b22f-bbcb77ab7551@group-AC5DDEC767EA: changes role from      null to FOLLOWER at term 0 for startAsFollower
2019-09-25 02:02:53,728 [pool-77-thread-1] INFO  impl.RoleInfo (RoleInfo.java:updateAndGet(143)) - 78aa7d22-8252-48a6-b22f-bbcb77ab7551: start FollowerState
2019-09-25 02:02:53,729 [pool-77-thread-1] INFO  util.JmxRegister (JmxRegister.java:tryRegister(44)) - Successfully registered JMX Bean with object name Ratis:service=RaftServer,group=group-AC5DDEC767EA,id=78aa7d22-8252-48a6-b22f-bbcb77ab7551
2019-09-25 02:02:53,746 [RatisPipelineUtilsThread] INFO  pipeline.PipelineStateManager (PipelineStateManager.java:addPipeline(56)) - Created pipeline Pipeline[ Id: c3bdde72-46e8-44ff-b578-ac5ddec767ea, Nodes: 78aa7d22-8252-48a6-b22f-bbcb77ab7551{ip: 192.168.151.66, host: pr-hdds-2162-v2v4x-1150571016, networkLocation: /default-rack, certSerialId: null}, Type:RATIS, Factor:ONE, State:OPEN]
2019-09-25 02:02:53,778 [grpc-default-executor-0] INFO  impl.RaftServerProxy (RaftServerProxy.java:addNew(89)) - e40f6fdf-da16-453e-9f28-91d67fc4fbe1: addNew group-8628BC5864CB:[e40f6fdf-da16-453e-9f28-91d67fc4fbe1:192.168.151.66:36511] returns group-8628BC5864CB:java.util.concurrent.CompletableFuture@5e7146c5[Not completed]
2019-09-25 02:02:53,784 [pool-57-thread-1] INFO  impl.RaftServerImpl (RaftServerImpl.java:<init>(95)) - e40f6fdf-da16-453e-9f28-91d67fc4fbe1: new RaftServerImpl for group-8628BC5864CB:[e40f6fdf-da16-453e-9f28-91d67fc4fbe1:192.168.151.66:36511] with ContainerStateMachine:uninitialized
2019-09-25 02:02:53,784 [pool-57-thread-1] INFO  server.RaftServerConfigKeys (ConfUtils.java:logGet(43)) - raft.server.rpc.timeout.min = 5s (custom)
2019-09-25 02:02:53,784 [pool-57-thread-1] INFO  server.RaftServerConfigKeys (ConfUtils.java:logGet(43)) - raft.server.rpc.timeout.max = 5200ms (custom)
2019-09-25 02:02:53,785 [pool-57-thread-1] INFO  server.RaftServerConfigKeys (ConfUtils.java:logGet(43)) - raft.server.rpcslowness.timeout = 120s (custom)
2019-09-25 02:02:53,785 [pool-57-thread-1] INFO  server.RaftServerConfigKeys (ConfUtils.java:logGet(43)) - raft.server.sleep.deviation.threshold = 300 (default)
2019-09-25 02:02:53,785 [pool-57-thread-1] INFO  server.RaftServerConfigKeys (ConfUtils.java:logGet(43)) - raft.server.log.appender.install.snapshot.enabled = false (custom)
2019-09-25 02:02:53,785 [pool-57-thread-1] INFO  impl.RaftServerImpl (ServerState.java:<init>(103)) - e40f6fdf-da16-453e-9f28-91d67fc4fbe1@group-8628BC5864CB: ConfigurationManager, init=-1: [e40f6fdf-da16-453e-9f28-91d67fc4fbe1:192.168.151.66:36511], old=null, confs=<EMPTY_MAP>
2019-09-25 02:02:53,785 [pool-57-thread-1] INFO  server.RaftServerConfigKeys (ConfUtils.java:logGet(43)) - raft.server.storage.dir = [/workdir/hadoop-ozone/ozonefs/target/test-dir/MiniOzoneClusterImpl-f329581b-00a8-489f-9c8e-b35e10165f21/datanode-3/data/ratis] (custom)
2019-09-25 02:02:53,786 [pool-57-thread-1] INFO  storage.RaftStorageDirectory (RaftStorageDirectory.java:analyzeStorage(246)) - The storage directory /workdir/hadoop-ozone/ozonefs/target/test-dir/MiniOzoneClusterImpl-f329581b-00a8-489f-9c8e-b35e10165f21/datanode-3/data/ratis/4ee32257-22b9-4526-a46c-8628bc5864cb does not exist. Creating ...
2019-09-25 02:02:53,810 [pool-57-thread-1] INFO  storage.RaftStorageDirectory (RaftStorageDirectory.java:tryLock(328)) - Lock on /workdir/hadoop-ozone/ozonefs/target/test-dir/MiniOzoneClusterImpl-f329581b-00a8-489f-9c8e-b35e10165f21/datanode-3/data/ratis/4ee32257-22b9-4526-a46c-8628bc5864cb/in_use.lock acquired by nodename 8075@pr-hdds-2162-v2v4x-1150571016
2019-09-25 02:02:53,836 [pool-57-thread-1] INFO  storage.RaftStorage (RaftStorage.java:format(72)) - Storage directory /workdir/hadoop-ozone/ozonefs/target/test-dir/MiniOzoneClusterImpl-f329581b-00a8-489f-9c8e-b35e10165f21/datanode-3/data/ratis/4ee32257-22b9-4526-a46c-8628bc5864cb has been successfully formatted.
2019-09-25 02:02:53,836 [pool-57-thread-1] INFO  ratis.ContainerStateMachine (ContainerStateMachine.java:loadSnapshot(230)) - group-8628BC5864CB: The snapshot info is null. Setting the last applied indexto:(t:0, i:~)
2019-09-25 02:02:53,836 [pool-57-thread-1] INFO  server.RaftServerConfigKeys (ConfUtils.java:logGet(43)) - raft.server.notification.no-leader.timeout = 120s (custom)
2019-09-25 02:02:53,836 [pool-57-thread-1] INFO  server.RaftServerConfigKeys (ConfUtils.java:logGet(43)) - raft.server.log.use.memory = false (default)
2019-09-25 02:02:53,837 [pool-57-thread-1] INFO  server.RaftServerConfigKeys (ConfUtils.java:logGet(43)) - raft.server.log.purge.gap = 1000000 (custom)
2019-09-25 02:02:53,837 [pool-57-thread-1] INFO  server.RaftServerConfigKeys (ConfUtils.java:logGet(43)) - raft.server.log.appender.buffer.byte-limit = 33554432 (custom)
2019-09-25 02:02:53,837 [pool-57-thread-1] INFO  server.RaftServerConfigKeys (ConfUtils.java:logGet(43)) - raft.server.log.segment.size.max = 1048576 (custom)
2019-09-25 02:02:53,837 [pool-57-thread-1] INFO  server.RaftServerConfigKeys (ConfUtils.java:logGet(43)) - raft.server.log.segment.cache.num.max = 2 (custom)
2019-09-25 02:02:53,837 [pool-57-thread-1] INFO  segmented.SegmentedRaftLogWorker (SegmentedRaftLogWorker.java:<init>(172)) - new e40f6fdf-da16-453e-9f28-91d67fc4fbe1@group-8628BC5864CB-SegmentedRaftLogWorker for RaftStorage:Storage Directory /workdir/hadoop-ozone/ozonefs/target/test-dir/MiniOzoneClusterImpl-f329581b-00a8-489f-9c8e-b35e10165f21/datanode-3/data/ratis/4ee32257-22b9-4526-a46c-8628bc5864cb
2019-09-25 02:02:53,844 [pool-57-thread-1] INFO  server.RaftServerConfigKeys (ConfUtils.java:logGet(43)) - raft.server.log.queue.byte-limit = 2147483647 (custom)
2019-09-25 02:02:53,844 [pool-57-thread-1] INFO  server.RaftServerConfigKeys (ConfUtils.java:logGet(43)) - raft.server.log.queue.element-limit = 1024 (custom)
2019-09-25 02:02:53,844 [pool-57-thread-1] INFO  server.RaftServerConfigKeys (ConfUtils.java:logGet(43)) - raft.server.log.segment.size.max = 1048576 (custom)
2019-09-25 02:02:53,844 [pool-57-thread-1] INFO  server.RaftServerConfigKeys (ConfUtils.java:logGet(43)) - raft.server.log.preallocated.size = 16384 (custom)
2019-09-25 02:02:53,845 [pool-57-thread-1] INFO  server.RaftServerConfigKeys (ConfUtils.java:logGet(43)) - raft.server.log.write.buffer.size = 33554432 (custom)
2019-09-25 02:02:53,845 [pool-57-thread-1] INFO  server.RaftServerConfigKeys (ConfUtils.java:logGet(43)) - raft.server.log.force.sync.num = 128 (default)
2019-09-25 02:02:53,845 [pool-57-thread-1] INFO  server.RaftServerConfigKeys (ConfUtils.java:logGet(43)) - raft.server.log.statemachine.data.sync = true (default)
2019-09-25 02:02:53,845 [pool-57-thread-1] INFO  server.RaftServerConfigKeys (ConfUtils.java:logGet(43)) - raft.server.log.statemachine.data.sync.timeout = 10s (default)
2019-09-25 02:02:53,845 [pool-57-thread-1] INFO  server.RaftServerConfigKeys (ConfUtils.java:logGet(43)) - raft.server.log.statemachine.data.sync.timeout.retry = -1 (default)
2019-09-25 02:02:53,846 [pool-57-thread-1] INFO  server.RaftServerConfigKeys (ConfUtils.java:logGet(43)) - raft.server.log.statemachine.data.caching.enabled = true (custom)
2019-09-25 02:02:53,846 [pool-57-thread-1] INFO  segmented.SegmentedRaftLogWorker (SegmentedRaftLogWorker.java:lambda$new$0(132)) - e40f6fdf-da16-453e-9f28-91d67fc4fbe1@group-8628BC5864CB-SegmentedRaftLogWorker: flushIndex: setUnconditionally 0 -> -1
2019-09-25 02:02:53,847 [pool-57-thread-1] INFO  server.RaftServerConfigKeys (ConfUtils.java:logGet(43)) - raft.server.snapshot.auto.trigger.enabled = true (custom)
2019-09-25 02:02:53,847 [pool-57-thread-1] INFO  server.RaftServerConfigKeys (ConfUtils.java:logGet(43)) - raft.server.snapshot.auto.trigger.threshold = 10000 (custom)
2019-09-25 02:02:53,847 [pool-57-thread-1] INFO  server.RaftServerConfigKeys (ConfUtils.java:logGet(43)) - raft.server.snapshot.retention.num.files = 5 (custom)
2019-09-25 02:02:53,847 [pool-57-thread-1] INFO  server.RaftServerConfigKeys (ConfUtils.java:logGet(43)) - raft.server.retrycache.expirytime = 600000ms (custom)
2019-09-25 02:02:53,853 [pool-57-thread-1] INFO  impl.RaftServerImpl (RaftServerImpl.java:start(185)) - e40f6fdf-da16-453e-9f28-91d67fc4fbe1@group-8628BC5864CB: start as a follower, conf=-1: [e40f6fdf-da16-453e-9f28-91d67fc4fbe1:192.168.151.66:36511], old=null
2019-09-25 02:02:53,853 [pool-57-thread-1] INFO  impl.RaftServerImpl (RaftServerImpl.java:setRole(174)) - e40f6fdf-da16-453e-9f28-91d67fc4fbe1@group-8628BC5864CB: changes role from      null to FOLLOWER at term 0 for startAsFollower
2019-09-25 02:02:53,854 [pool-57-thread-1] INFO  impl.RoleInfo (RoleInfo.java:updateAndGet(143)) - e40f6fdf-da16-453e-9f28-91d67fc4fbe1: start FollowerState
2019-09-25 02:02:53,854 [pool-57-thread-1] INFO  util.JmxRegister (JmxRegister.java:tryRegister(44)) - Successfully registered JMX Bean with object name Ratis:service=RaftServer,group=group-8628BC5864CB,id=e40f6fdf-da16-453e-9f28-91d67fc4fbe1
2019-09-25 02:02:53,873 [main] INFO  ozone.MiniOzoneClusterImpl (MiniOzoneClusterImpl.java:lambda$waitForClusterToBeReady$0(147)) - Cluster is ready. Got 10 of 10 DN Heartbeats.
2019-09-25 02:02:53,875 [RatisPipelineUtilsThread] INFO  pipeline.PipelineStateManager (PipelineStateManager.java:addPipeline(56)) - Created pipeline Pipeline[ Id: 4ee32257-22b9-4526-a46c-8628bc5864cb, Nodes: e40f6fdf-da16-453e-9f28-91d67fc4fbe1{ip: 192.168.151.66, host: pr-hdds-2162-v2v4x-1150571016, networkLocation: /default-rack, certSerialId: null}, Type:RATIS, Factor:ONE, State:OPEN]
2019-09-25 02:02:53,892 [grpc-default-executor-0] INFO  impl.RaftServerProxy (RaftServerProxy.java:addNew(89)) - 708c1fbc-7d1d-46e2-b177-af1b45a5b17f: addNew group-39339D43B4A6:[708c1fbc-7d1d-46e2-b177-af1b45a5b17f:192.168.151.66:43670] returns group-39339D43B4A6:java.util.concurrent.CompletableFuture@421d9017[Not completed]
2019-09-25 02:02:53,896 [pool-67-thread-1] INFO  impl.RaftServerImpl (RaftServerImpl.java:<init>(95)) - 708c1fbc-7d1d-46e2-b177-af1b45a5b17f: new RaftServerImpl for group-39339D43B4A6:[708c1fbc-7d1d-46e2-b177-af1b45a5b17f:192.168.151.66:43670] with ContainerStateMachine:uninitialized
2019-09-25 02:02:53,897 [pool-67-thread-1] INFO  server.RaftServerConfigKeys (ConfUtils.java:logGet(43)) - raft.server.rpc.timeout.min = 5s (custom)
2019-09-25 02:02:53,897 [pool-67-thread-1] INFO  server.RaftServerConfigKeys (ConfUtils.java:logGet(43)) - raft.server.rpc.timeout.max = 5200ms (custom)
2019-09-25 02:02:53,897 [pool-67-thread-1] INFO  server.RaftServerConfigKeys (ConfUtils.java:logGet(43)) - raft.server.rpcslowness.timeout = 120s (custom)
2019-09-25 02:02:53,897 [pool-67-thread-1] INFO  server.RaftServerConfigKeys (ConfUtils.java:logGet(43)) - raft.server.sleep.deviation.threshold = 300 (default)
2019-09-25 02:02:53,897 [pool-67-thread-1] INFO  server.RaftServerConfigKeys (ConfUtils.java:logGet(43)) - raft.server.log.appender.install.snapshot.enabled = false (custom)
2019-09-25 02:02:53,898 [pool-67-thread-1] INFO  impl.RaftServerImpl (ServerState.java:<init>(103)) - 708c1fbc-7d1d-46e2-b177-af1b45a5b17f@group-39339D43B4A6: ConfigurationManager, init=-1: [708c1fbc-7d1d-46e2-b177-af1b45a5b17f:192.168.151.66:43670], old=null, confs=<EMPTY_MAP>
2019-09-25 02:02:53,898 [pool-67-thread-1] INFO  server.RaftServerConfigKeys (ConfUtils.java:logGet(43)) - raft.server.storage.dir = [/workdir/hadoop-ozone/ozonefs/target/test-dir/MiniOzoneClusterImpl-f329581b-00a8-489f-9c8e-b35e10165f21/datanode-4/data/ratis] (custom)
2019-09-25 02:02:53,898 [pool-67-thread-1] INFO  storage.RaftStorageDirectory (RaftStorageDirectory.java:analyzeStorage(246)) - The storage directory /workdir/hadoop-ozone/ozonefs/target/test-dir/MiniOzoneClusterImpl-f329581b-00a8-489f-9c8e-b35e10165f21/datanode-4/data/ratis/38688499-4576-4a78-9f80-39339d43b4a6 does not exist. Creating ...
2019-09-25 02:02:53,928 [pool-67-thread-1] INFO  storage.RaftStorageDirectory (RaftStorageDirectory.java:tryLock(328)) - Lock on /workdir/hadoop-ozone/ozonefs/target/test-dir/MiniOzoneClusterImpl-f329581b-00a8-489f-9c8e-b35e10165f21/datanode-4/data/ratis/38688499-4576-4a78-9f80-39339d43b4a6/in_use.lock acquired by nodename 8075@pr-hdds-2162-v2v4x-1150571016
2019-09-25 02:02:53,953 [pool-67-thread-1] INFO  storage.RaftStorage (RaftStorage.java:format(72)) - Storage directory /workdir/hadoop-ozone/ozonefs/target/test-dir/MiniOzoneClusterImpl-f329581b-00a8-489f-9c8e-b35e10165f21/datanode-4/data/ratis/38688499-4576-4a78-9f80-39339d43b4a6 has been successfully formatted.
2019-09-25 02:02:53,953 [pool-67-thread-1] INFO  ratis.ContainerStateMachine (ContainerStateMachine.java:loadSnapshot(230)) - group-39339D43B4A6: The snapshot info is null. Setting the last applied indexto:(t:0, i:~)
2019-09-25 02:02:53,954 [pool-67-thread-1] INFO  server.RaftServerConfigKeys (ConfUtils.java:logGet(43)) - raft.server.notification.no-leader.timeout = 120s (custom)
2019-09-25 02:02:53,954 [pool-67-thread-1] INFO  server.RaftServerConfigKeys (ConfUtils.java:logGet(43)) - raft.server.log.use.memory = false (default)
2019-09-25 02:02:53,954 [pool-67-thread-1] INFO  server.RaftServerConfigKeys (ConfUtils.java:logGet(43)) - raft.server.log.purge.gap = 1000000 (custom)
2019-09-25 02:02:53,954 [pool-67-thread-1] INFO  server.RaftServerConfigKeys (ConfUtils.java:logGet(43)) - raft.server.log.appender.buffer.byte-limit = 33554432 (custom)
2019-09-25 02:02:53,955 [pool-67-thread-1] INFO  server.RaftServerConfigKeys (ConfUtils.java:logGet(43)) - raft.server.log.segment.size.max = 1048576 (custom)
2019-09-25 02:02:53,955 [pool-67-thread-1] INFO  server.RaftServerConfigKeys (ConfUtils.java:logGet(43)) - raft.server.log.segment.cache.num.max = 2 (custom)
2019-09-25 02:02:53,955 [pool-67-thread-1] INFO  segmented.SegmentedRaftLogWorker (SegmentedRaftLogWorker.java:<init>(172)) - new 708c1fbc-7d1d-46e2-b177-af1b45a5b17f@group-39339D43B4A6-SegmentedRaftLogWorker for RaftStorage:Storage Directory /workdir/hadoop-ozone/ozonefs/target/test-dir/MiniOzoneClusterImpl-f329581b-00a8-489f-9c8e-b35e10165f21/datanode-4/data/ratis/38688499-4576-4a78-9f80-39339d43b4a6
2019-09-25 02:02:53,961 [pool-67-thread-1] INFO  server.RaftServerConfigKeys (ConfUtils.java:logGet(43)) - raft.server.log.queue.byte-limit = 2147483647 (custom)
2019-09-25 02:02:53,961 [pool-67-thread-1] INFO  server.RaftServerConfigKeys (ConfUtils.java:logGet(43)) - raft.server.log.queue.element-limit = 1024 (custom)
2019-09-25 02:02:53,961 [pool-67-thread-1] INFO  server.RaftServerConfigKeys (ConfUtils.java:logGet(43)) - raft.server.log.segment.size.max = 1048576 (custom)
2019-09-25 02:02:53,961 [pool-67-thread-1] INFO  server.RaftServerConfigKeys (ConfUtils.java:logGet(43)) - raft.server.log.preallocated.size = 16384 (custom)
2019-09-25 02:02:53,962 [pool-67-thread-1] INFO  server.RaftServerConfigKeys (ConfUtils.java:logGet(43)) - raft.server.log.write.buffer.size = 33554432 (custom)
2019-09-25 02:02:53,962 [pool-67-thread-1] INFO  server.RaftServerConfigKeys (ConfUtils.java:logGet(43)) - raft.server.log.force.sync.num = 128 (default)
2019-09-25 02:02:53,962 [pool-67-thread-1] INFO  server.RaftServerConfigKeys (ConfUtils.java:logGet(43)) - raft.server.log.statemachine.data.sync = true (default)
2019-09-25 02:02:53,962 [pool-67-thread-1] INFO  server.RaftServerConfigKeys (ConfUtils.java:logGet(43)) - raft.server.log.statemachine.data.sync.timeout = 10s (default)
2019-09-25 02:02:53,962 [pool-67-thread-1] INFO  server.RaftServerConfigKeys (ConfUtils.java:logGet(43)) - raft.server.log.statemachine.data.sync.timeout.retry = -1 (default)
2019-09-25 02:02:53,963 [pool-67-thread-1] INFO  server.RaftServerConfigKeys (ConfUtils.java:logGet(43)) - raft.server.log.statemachine.data.caching.enabled = true (custom)
2019-09-25 02:02:53,963 [pool-67-thread-1] INFO  segmented.SegmentedRaftLogWorker (SegmentedRaftLogWorker.java:lambda$new$0(132)) - 708c1fbc-7d1d-46e2-b177-af1b45a5b17f@group-39339D43B4A6-SegmentedRaftLogWorker: flushIndex: setUnconditionally 0 -> -1
2019-09-25 02:02:53,964 [pool-67-thread-1] INFO  server.RaftServerConfigKeys (ConfUtils.java:logGet(43)) - raft.server.snapshot.auto.trigger.enabled = true (custom)
2019-09-25 02:02:53,964 [pool-67-thread-1] INFO  server.RaftServerConfigKeys (ConfUtils.java:logGet(43)) - raft.server.snapshot.auto.trigger.threshold = 10000 (custom)
2019-09-25 02:02:53,964 [pool-67-thread-1] INFO  server.RaftServerConfigKeys (ConfUtils.java:logGet(43)) - raft.server.snapshot.retention.num.files = 5 (custom)
2019-09-25 02:02:53,964 [pool-67-thread-1] INFO  server.RaftServerConfigKeys (ConfUtils.java:logGet(43)) - raft.server.retrycache.expirytime = 600000ms (custom)
2019-09-25 02:02:53,970 [pool-67-thread-1] INFO  impl.RaftServerImpl (RaftServerImpl.java:start(185)) - 708c1fbc-7d1d-46e2-b177-af1b45a5b17f@group-39339D43B4A6: start as a follower, conf=-1: [708c1fbc-7d1d-46e2-b177-af1b45a5b17f:192.168.151.66:43670], old=null
2019-09-25 02:02:53,970 [pool-67-thread-1] INFO  impl.RaftServerImpl (RaftServerImpl.java:setRole(174)) - 708c1fbc-7d1d-46e2-b177-af1b45a5b17f@group-39339D43B4A6: changes role from      null to FOLLOWER at term 0 for startAsFollower
2019-09-25 02:02:53,970 [pool-67-thread-1] INFO  impl.RoleInfo (RoleInfo.java:updateAndGet(143)) - 708c1fbc-7d1d-46e2-b177-af1b45a5b17f: start FollowerState
2019-09-25 02:02:53,971 [pool-67-thread-1] INFO  util.JmxRegister (JmxRegister.java:tryRegister(44)) - Successfully registered JMX Bean with object name Ratis:service=RaftServer,group=group-39339D43B4A6,id=708c1fbc-7d1d-46e2-b177-af1b45a5b17f
2019-09-25 02:02:53,990 [RatisPipelineUtilsThread] INFO  pipeline.PipelineStateManager (PipelineStateManager.java:addPipeline(56)) - Created pipeline Pipeline[ Id: 38688499-4576-4a78-9f80-39339d43b4a6, Nodes: 708c1fbc-7d1d-46e2-b177-af1b45a5b17f{ip: 192.168.151.66, host: pr-hdds-2162-v2v4x-1150571016, networkLocation: /default-rack, certSerialId: null}, Type:RATIS, Factor:ONE, State:OPEN]
2019-09-25 02:02:54,015 [grpc-default-executor-0] INFO  impl.RaftServerProxy (RaftServerProxy.java:addNew(89)) - 189f5818-a53a-4729-a9db-ea81ae500767: addNew group-C311F88FDFC7:[189f5818-a53a-4729-a9db-ea81ae500767:192.168.151.66:38437] returns group-C311F88FDFC7:java.util.concurrent.CompletableFuture@2689ddea[Not completed]
2019-09-25 02:02:54,020 [pool-107-thread-1] INFO  impl.RaftServerImpl (RaftServerImpl.java:<init>(95)) - 189f5818-a53a-4729-a9db-ea81ae500767: new RaftServerImpl for group-C311F88FDFC7:[189f5818-a53a-4729-a9db-ea81ae500767:192.168.151.66:38437] with ContainerStateMachine:uninitialized
2019-09-25 02:02:54,020 [pool-107-thread-1] INFO  server.RaftServerConfigKeys (ConfUtils.java:logGet(43)) - raft.server.rpc.timeout.min = 5s (custom)
2019-09-25 02:02:54,020 [pool-107-thread-1] INFO  server.RaftServerConfigKeys (ConfUtils.java:logGet(43)) - raft.server.rpc.timeout.max = 5200ms (custom)
2019-09-25 02:02:54,020 [pool-107-thread-1] INFO  server.RaftServerConfigKeys (ConfUtils.java:logGet(43)) - raft.server.rpcslowness.timeout = 120s (custom)
2019-09-25 02:02:54,021 [pool-107-thread-1] INFO  server.RaftServerConfigKeys (ConfUtils.java:logGet(43)) - raft.server.sleep.deviation.threshold = 300 (default)
2019-09-25 02:02:54,021 [pool-107-thread-1] INFO  server.RaftServerConfigKeys (ConfUtils.java:logGet(43)) - raft.server.log.appender.install.snapshot.enabled = false (custom)
2019-09-25 02:02:54,021 [pool-107-thread-1] INFO  impl.RaftServerImpl (ServerState.java:<init>(103)) - 189f5818-a53a-4729-a9db-ea81ae500767@group-C311F88FDFC7: ConfigurationManager, init=-1: [189f5818-a53a-4729-a9db-ea81ae500767:192.168.151.66:38437], old=null, confs=<EMPTY_MAP>
2019-09-25 02:02:54,021 [pool-107-thread-1] INFO  server.RaftServerConfigKeys (ConfUtils.java:logGet(43)) - raft.server.storage.dir = [/workdir/hadoop-ozone/ozonefs/target/test-dir/MiniOzoneClusterImpl-f329581b-00a8-489f-9c8e-b35e10165f21/datanode-8/data/ratis] (custom)
2019-09-25 02:02:54,022 [pool-107-thread-1] INFO  storage.RaftStorageDirectory (RaftStorageDirectory.java:analyzeStorage(246)) - The storage directory /workdir/hadoop-ozone/ozonefs/target/test-dir/MiniOzoneClusterImpl-f329581b-00a8-489f-9c8e-b35e10165f21/datanode-8/data/ratis/257f1e64-adb1-471d-bc63-c311f88fdfc7 does not exist. Creating ...
2019-09-25 02:02:54,045 [pool-107-thread-1] INFO  storage.RaftStorageDirectory (RaftStorageDirectory.java:tryLock(328)) - Lock on /workdir/hadoop-ozone/ozonefs/target/test-dir/MiniOzoneClusterImpl-f329581b-00a8-489f-9c8e-b35e10165f21/datanode-8/data/ratis/257f1e64-adb1-471d-bc63-c311f88fdfc7/in_use.lock acquired by nodename 8075@pr-hdds-2162-v2v4x-1150571016
2019-09-25 02:02:54,071 [pool-107-thread-1] INFO  storage.RaftStorage (RaftStorage.java:format(72)) - Storage directory /workdir/hadoop-ozone/ozonefs/target/test-dir/MiniOzoneClusterImpl-f329581b-00a8-489f-9c8e-b35e10165f21/datanode-8/data/ratis/257f1e64-adb1-471d-bc63-c311f88fdfc7 has been successfully formatted.
2019-09-25 02:02:54,072 [pool-107-thread-1] INFO  ratis.ContainerStateMachine (ContainerStateMachine.java:loadSnapshot(230)) - group-C311F88FDFC7: The snapshot info is null. Setting the last applied indexto:(t:0, i:~)
2019-09-25 02:02:54,072 [pool-107-thread-1] INFO  server.RaftServerConfigKeys (ConfUtils.java:logGet(43)) - raft.server.notification.no-leader.timeout = 120s (custom)
2019-09-25 02:02:54,072 [pool-107-thread-1] INFO  server.RaftServerConfigKeys (ConfUtils.java:logGet(43)) - raft.server.log.use.memory = false (default)
2019-09-25 02:02:54,072 [pool-107-thread-1] INFO  server.RaftServerConfigKeys (ConfUtils.java:logGet(43)) - raft.server.log.purge.gap = 1000000 (custom)
2019-09-25 02:02:54,073 [pool-107-thread-1] INFO  server.RaftServerConfigKeys (ConfUtils.java:logGet(43)) - raft.server.log.appender.buffer.byte-limit = 33554432 (custom)
2019-09-25 02:02:54,073 [pool-107-thread-1] INFO  server.RaftServerConfigKeys (ConfUtils.java:logGet(43)) - raft.server.log.segment.size.max = 1048576 (custom)
2019-09-25 02:02:54,073 [pool-107-thread-1] INFO  server.RaftServerConfigKeys (ConfUtils.java:logGet(43)) - raft.server.log.segment.cache.num.max = 2 (custom)
2019-09-25 02:02:54,073 [pool-107-thread-1] INFO  segmented.SegmentedRaftLogWorker (SegmentedRaftLogWorker.java:<init>(172)) - new 189f5818-a53a-4729-a9db-ea81ae500767@group-C311F88FDFC7-SegmentedRaftLogWorker for RaftStorage:Storage Directory /workdir/hadoop-ozone/ozonefs/target/test-dir/MiniOzoneClusterImpl-f329581b-00a8-489f-9c8e-b35e10165f21/datanode-8/data/ratis/257f1e64-adb1-471d-bc63-c311f88fdfc7
2019-09-25 02:02:54,077 [pool-107-thread-1] INFO  server.RaftServerConfigKeys (ConfUtils.java:logGet(43)) - raft.server.log.queue.byte-limit = 2147483647 (custom)
2019-09-25 02:02:54,077 [pool-107-thread-1] INFO  server.RaftServerConfigKeys (ConfUtils.java:logGet(43)) - raft.server.log.queue.element-limit = 1024 (custom)
2019-09-25 02:02:54,077 [pool-107-thread-1] INFO  server.RaftServerConfigKeys (ConfUtils.java:logGet(43)) - raft.server.log.segment.size.max = 1048576 (custom)
2019-09-25 02:02:54,077 [pool-107-thread-1] INFO  server.RaftServerConfigKeys (ConfUtils.java:logGet(43)) - raft.server.log.preallocated.size = 16384 (custom)
2019-09-25 02:02:54,078 [pool-107-thread-1] INFO  server.RaftServerConfigKeys (ConfUtils.java:logGet(43)) - raft.server.log.write.buffer.size = 33554432 (custom)
2019-09-25 02:02:54,078 [pool-107-thread-1] INFO  server.RaftServerConfigKeys (ConfUtils.java:logGet(43)) - raft.server.log.force.sync.num = 128 (default)
2019-09-25 02:02:54,078 [pool-107-thread-1] INFO  server.RaftServerConfigKeys (ConfUtils.java:logGet(43)) - raft.server.log.statemachine.data.sync = true (default)
2019-09-25 02:02:54,078 [pool-107-thread-1] INFO  server.RaftServerConfigKeys (ConfUtils.java:logGet(43)) - raft.server.log.statemachine.data.sync.timeout = 10s (default)
2019-09-25 02:02:54,078 [pool-107-thread-1] INFO  server.RaftServerConfigKeys (ConfUtils.java:logGet(43)) - raft.server.log.statemachine.data.sync.timeout.retry = -1 (default)
2019-09-25 02:02:54,079 [pool-107-thread-1] INFO  server.RaftServerConfigKeys (ConfUtils.java:logGet(43)) - raft.server.log.statemachine.data.caching.enabled = true (custom)
2019-09-25 02:02:54,079 [pool-107-thread-1] INFO  segmented.SegmentedRaftLogWorker (SegmentedRaftLogWorker.java:lambda$new$0(132)) - 189f5818-a53a-4729-a9db-ea81ae500767@group-C311F88FDFC7-SegmentedRaftLogWorker: flushIndex: setUnconditionally 0 -> -1
2019-09-25 02:02:54,079 [pool-107-thread-1] INFO  server.RaftServerConfigKeys (ConfUtils.java:logGet(43)) - raft.server.snapshot.auto.trigger.enabled = true (custom)
2019-09-25 02:02:54,079 [pool-107-thread-1] INFO  server.RaftServerConfigKeys (ConfUtils.java:logGet(43)) - raft.server.snapshot.auto.trigger.threshold = 10000 (custom)
2019-09-25 02:02:54,080 [pool-107-thread-1] INFO  server.RaftServerConfigKeys (ConfUtils.java:logGet(43)) - raft.server.snapshot.retention.num.files = 5 (custom)
2019-09-25 02:02:54,080 [pool-107-thread-1] INFO  server.RaftServerConfigKeys (ConfUtils.java:logGet(43)) - raft.server.retrycache.expirytime = 600000ms (custom)
2019-09-25 02:02:54,083 [pool-107-thread-1] INFO  impl.RaftServerImpl (RaftServerImpl.java:start(185)) - 189f5818-a53a-4729-a9db-ea81ae500767@group-C311F88FDFC7: start as a follower, conf=-1: [189f5818-a53a-4729-a9db-ea81ae500767:192.168.151.66:38437], old=null
2019-09-25 02:02:54,083 [pool-107-thread-1] INFO  impl.RaftServerImpl (RaftServerImpl.java:setRole(174)) - 189f5818-a53a-4729-a9db-ea81ae500767@group-C311F88FDFC7: changes role from      null to FOLLOWER at term 0 for startAsFollower
2019-09-25 02:02:54,083 [pool-107-thread-1] INFO  impl.RoleInfo (RoleInfo.java:updateAndGet(143)) - 189f5818-a53a-4729-a9db-ea81ae500767: start FollowerState
2019-09-25 02:02:54,084 [pool-107-thread-1] INFO  util.JmxRegister (JmxRegister.java:tryRegister(44)) - Successfully registered JMX Bean with object name Ratis:service=RaftServer,group=group-C311F88FDFC7,id=189f5818-a53a-4729-a9db-ea81ae500767
2019-09-25 02:02:54,098 [RatisPipelineUtilsThread] INFO  pipeline.PipelineStateManager (PipelineStateManager.java:addPipeline(56)) - Created pipeline Pipeline[ Id: 257f1e64-adb1-471d-bc63-c311f88fdfc7, Nodes: 189f5818-a53a-4729-a9db-ea81ae500767{ip: 192.168.151.66, host: pr-hdds-2162-v2v4x-1150571016, networkLocation: /default-rack, certSerialId: null}, Type:RATIS, Factor:ONE, State:OPEN]
2019-09-25 02:02:54,116 [grpc-default-executor-0] INFO  impl.RaftServerProxy (RaftServerProxy.java:addNew(89)) - 0887b1ed-27fc-4c01-8a0d-c0b6bdd73cf1: addNew group-3BE7C575C034:[0887b1ed-27fc-4c01-8a0d-c0b6bdd73cf1:192.168.151.66:38297] returns group-3BE7C575C034:java.util.concurrent.CompletableFuture@2301cff1[Not completed]
2019-09-25 02:02:54,121 [pool-97-thread-1] INFO  impl.RaftServerImpl (RaftServerImpl.java:<init>(95)) - 0887b1ed-27fc-4c01-8a0d-c0b6bdd73cf1: new RaftServerImpl for group-3BE7C575C034:[0887b1ed-27fc-4c01-8a0d-c0b6bdd73cf1:192.168.151.66:38297] with ContainerStateMachine:uninitialized
2019-09-25 02:02:54,121 [pool-97-thread-1] INFO  server.RaftServerConfigKeys (ConfUtils.java:logGet(43)) - raft.server.rpc.timeout.min = 5s (custom)
2019-09-25 02:02:54,121 [pool-97-thread-1] INFO  server.RaftServerConfigKeys (ConfUtils.java:logGet(43)) - raft.server.rpc.timeout.max = 5200ms (custom)
2019-09-25 02:02:54,121 [pool-97-thread-1] INFO  server.RaftServerConfigKeys (ConfUtils.java:logGet(43)) - raft.server.rpcslowness.timeout = 120s (custom)
2019-09-25 02:02:54,122 [pool-97-thread-1] INFO  server.RaftServerConfigKeys (ConfUtils.java:logGet(43)) - raft.server.sleep.deviation.threshold = 300 (default)
2019-09-25 02:02:54,122 [pool-97-thread-1] INFO  server.RaftServerConfigKeys (ConfUtils.java:logGet(43)) - raft.server.log.appender.install.snapshot.enabled = false (custom)
2019-09-25 02:02:54,122 [pool-97-thread-1] INFO  impl.RaftServerImpl (ServerState.java:<init>(103)) - 0887b1ed-27fc-4c01-8a0d-c0b6bdd73cf1@group-3BE7C575C034: ConfigurationManager, init=-1: [0887b1ed-27fc-4c01-8a0d-c0b6bdd73cf1:192.168.151.66:38297], old=null, confs=<EMPTY_MAP>
2019-09-25 02:02:54,122 [pool-97-thread-1] INFO  server.RaftServerConfigKeys (ConfUtils.java:logGet(43)) - raft.server.storage.dir = [/workdir/hadoop-ozone/ozonefs/target/test-dir/MiniOzoneClusterImpl-f329581b-00a8-489f-9c8e-b35e10165f21/datanode-7/data/ratis] (custom)
2019-09-25 02:02:54,123 [pool-97-thread-1] INFO  storage.RaftStorageDirectory (RaftStorageDirectory.java:analyzeStorage(246)) - The storage directory /workdir/hadoop-ozone/ozonefs/target/test-dir/MiniOzoneClusterImpl-f329581b-00a8-489f-9c8e-b35e10165f21/datanode-7/data/ratis/27f15c05-12cf-48ea-8f9e-3be7c575c034 does not exist. Creating ...
2019-09-25 02:02:54,147 [pool-97-thread-1] INFO  storage.RaftStorageDirectory (RaftStorageDirectory.java:tryLock(328)) - Lock on /workdir/hadoop-ozone/ozonefs/target/test-dir/MiniOzoneClusterImpl-f329581b-00a8-489f-9c8e-b35e10165f21/datanode-7/data/ratis/27f15c05-12cf-48ea-8f9e-3be7c575c034/in_use.lock acquired by nodename 8075@pr-hdds-2162-v2v4x-1150571016
2019-09-25 02:02:54,172 [pool-97-thread-1] INFO  storage.RaftStorage (RaftStorage.java:format(72)) - Storage directory /workdir/hadoop-ozone/ozonefs/target/test-dir/MiniOzoneClusterImpl-f329581b-00a8-489f-9c8e-b35e10165f21/datanode-7/data/ratis/27f15c05-12cf-48ea-8f9e-3be7c575c034 has been successfully formatted.
2019-09-25 02:02:54,173 [pool-97-thread-1] INFO  ratis.ContainerStateMachine (ContainerStateMachine.java:loadSnapshot(230)) - group-3BE7C575C034: The snapshot info is null. Setting the last applied indexto:(t:0, i:~)
2019-09-25 02:02:54,173 [pool-97-thread-1] INFO  server.RaftServerConfigKeys (ConfUtils.java:logGet(43)) - raft.server.notification.no-leader.timeout = 120s (custom)
2019-09-25 02:02:54,173 [pool-97-thread-1] INFO  server.RaftServerConfigKeys (ConfUtils.java:logGet(43)) - raft.server.log.use.memory = false (default)
2019-09-25 02:02:54,173 [pool-97-thread-1] INFO  server.RaftServerConfigKeys (ConfUtils.java:logGet(43)) - raft.server.log.purge.gap = 1000000 (custom)
2019-09-25 02:02:54,173 [pool-97-thread-1] INFO  server.RaftServerConfigKeys (ConfUtils.java:logGet(43)) - raft.server.log.appender.buffer.byte-limit = 33554432 (custom)
2019-09-25 02:02:54,173 [pool-97-thread-1] INFO  server.RaftServerConfigKeys (ConfUtils.java:logGet(43)) - raft.server.log.segment.size.max = 1048576 (custom)
2019-09-25 02:02:54,174 [pool-97-thread-1] INFO  server.RaftServerConfigKeys (ConfUtils.java:logGet(43)) - raft.server.log.segment.cache.num.max = 2 (custom)
2019-09-25 02:02:54,174 [pool-97-thread-1] INFO  segmented.SegmentedRaftLogWorker (SegmentedRaftLogWorker.java:<init>(172)) - new 0887b1ed-27fc-4c01-8a0d-c0b6bdd73cf1@group-3BE7C575C034-SegmentedRaftLogWorker for RaftStorage:Storage Directory /workdir/hadoop-ozone/ozonefs/target/test-dir/MiniOzoneClusterImpl-f329581b-00a8-489f-9c8e-b35e10165f21/datanode-7/data/ratis/27f15c05-12cf-48ea-8f9e-3be7c575c034
2019-09-25 02:02:54,177 [pool-97-thread-1] INFO  server.RaftServerConfigKeys (ConfUtils.java:logGet(43)) - raft.server.log.queue.byte-limit = 2147483647 (custom)
2019-09-25 02:02:54,178 [pool-97-thread-1] INFO  server.RaftServerConfigKeys (ConfUtils.java:logGet(43)) - raft.server.log.queue.element-limit = 1024 (custom)
2019-09-25 02:02:54,178 [pool-97-thread-1] INFO  server.RaftServerConfigKeys (ConfUtils.java:logGet(43)) - raft.server.log.segment.size.max = 1048576 (custom)
2019-09-25 02:02:54,178 [pool-97-thread-1] INFO  server.RaftServerConfigKeys (ConfUtils.java:logGet(43)) - raft.server.log.preallocated.size = 16384 (custom)
2019-09-25 02:02:54,178 [pool-97-thread-1] INFO  server.RaftServerConfigKeys (ConfUtils.java:logGet(43)) - raft.server.log.write.buffer.size = 33554432 (custom)
2019-09-25 02:02:54,179 [pool-97-thread-1] INFO  server.RaftServerConfigKeys (ConfUtils.java:logGet(43)) - raft.server.log.force.sync.num = 128 (default)
2019-09-25 02:02:54,179 [pool-97-thread-1] INFO  server.RaftServerConfigKeys (ConfUtils.java:logGet(43)) - raft.server.log.statemachine.data.sync = true (default)
2019-09-25 02:02:54,179 [pool-97-thread-1] INFO  server.RaftServerConfigKeys (ConfUtils.java:logGet(43)) - raft.server.log.statemachine.data.sync.timeout = 10s (default)
2019-09-25 02:02:54,179 [pool-97-thread-1] INFO  server.RaftServerConfigKeys (ConfUtils.java:logGet(43)) - raft.server.log.statemachine.data.sync.timeout.retry = -1 (default)
2019-09-25 02:02:54,179 [pool-97-thread-1] INFO  server.RaftServerConfigKeys (ConfUtils.java:logGet(43)) - raft.server.log.statemachine.data.caching.enabled = true (custom)
2019-09-25 02:02:54,180 [pool-97-thread-1] INFO  segmented.SegmentedRaftLogWorker (SegmentedRaftLogWorker.java:lambda$new$0(132)) - 0887b1ed-27fc-4c01-8a0d-c0b6bdd73cf1@group-3BE7C575C034-SegmentedRaftLogWorker: flushIndex: setUnconditionally 0 -> -1
2019-09-25 02:02:54,180 [pool-97-thread-1] INFO  server.RaftServerConfigKeys (ConfUtils.java:logGet(43)) - raft.server.snapshot.auto.trigger.enabled = true (custom)
2019-09-25 02:02:54,180 [pool-97-thread-1] INFO  server.RaftServerConfigKeys (ConfUtils.java:logGet(43)) - raft.server.snapshot.auto.trigger.threshold = 10000 (custom)
2019-09-25 02:02:54,180 [pool-97-thread-1] INFO  server.RaftServerConfigKeys (ConfUtils.java:logGet(43)) - raft.server.snapshot.retention.num.files = 5 (custom)
2019-09-25 02:02:54,181 [pool-97-thread-1] INFO  server.RaftServerConfigKeys (ConfUtils.java:logGet(43)) - raft.server.retrycache.expirytime = 600000ms (custom)
2019-09-25 02:02:54,184 [pool-97-thread-1] INFO  impl.RaftServerImpl (RaftServerImpl.java:start(185)) - 0887b1ed-27fc-4c01-8a0d-c0b6bdd73cf1@group-3BE7C575C034: start as a follower, conf=-1: [0887b1ed-27fc-4c01-8a0d-c0b6bdd73cf1:192.168.151.66:38297], old=null
2019-09-25 02:02:54,184 [pool-97-thread-1] INFO  impl.RaftServerImpl (RaftServerImpl.java:setRole(174)) - 0887b1ed-27fc-4c01-8a0d-c0b6bdd73cf1@group-3BE7C575C034: changes role from      null to FOLLOWER at term 0 for startAsFollower
2019-09-25 02:02:54,184 [pool-97-thread-1] INFO  impl.RoleInfo (RoleInfo.java:updateAndGet(143)) - 0887b1ed-27fc-4c01-8a0d-c0b6bdd73cf1: start FollowerState
2019-09-25 02:02:54,185 [pool-97-thread-1] INFO  util.JmxRegister (JmxRegister.java:tryRegister(44)) - Successfully registered JMX Bean with object name Ratis:service=RaftServer,group=group-3BE7C575C034,id=0887b1ed-27fc-4c01-8a0d-c0b6bdd73cf1
2019-09-25 02:02:54,210 [RatisPipelineUtilsThread] INFO  pipeline.PipelineStateManager (PipelineStateManager.java:addPipeline(56)) - Created pipeline Pipeline[ Id: 27f15c05-12cf-48ea-8f9e-3be7c575c034, Nodes: 0887b1ed-27fc-4c01-8a0d-c0b6bdd73cf1{ip: 192.168.151.66, host: pr-hdds-2162-v2v4x-1150571016, networkLocation: /default-rack, certSerialId: null}, Type:RATIS, Factor:ONE, State:OPEN]
2019-09-25 02:02:54,241 [grpc-default-executor-0] INFO  impl.RaftServerProxy (RaftServerProxy.java:addNew(89)) - 0983ca92-2e85-418c-b6e1-27ad33fcd8b4: addNew group-80A9E9502304:[0983ca92-2e85-418c-b6e1-27ad33fcd8b4:192.168.151.66:45245] returns group-80A9E9502304:java.util.concurrent.CompletableFuture@3e55c5f6[Not completed]
2019-09-25 02:02:54,246 [pool-37-thread-1] INFO  impl.RaftServerImpl (RaftServerImpl.java:<init>(95)) - 0983ca92-2e85-418c-b6e1-27ad33fcd8b4: new RaftServerImpl for group-80A9E9502304:[0983ca92-2e85-418c-b6e1-27ad33fcd8b4:192.168.151.66:45245] with ContainerStateMachine:uninitialized
2019-09-25 02:02:54,246 [pool-37-thread-1] INFO  server.RaftServerConfigKeys (ConfUtils.java:logGet(43)) - raft.server.rpc.timeout.min = 5s (custom)
2019-09-25 02:02:54,246 [pool-37-thread-1] INFO  server.RaftServerConfigKeys (ConfUtils.java:logGet(43)) - raft.server.rpc.timeout.max = 5200ms (custom)
2019-09-25 02:02:54,246 [pool-37-thread-1] INFO  server.RaftServerConfigKeys (ConfUtils.java:logGet(43)) - raft.server.rpcslowness.timeout = 120s (custom)
2019-09-25 02:02:54,246 [pool-37-thread-1] INFO  server.RaftServerConfigKeys (ConfUtils.java:logGet(43)) - raft.server.sleep.deviation.threshold = 300 (default)
2019-09-25 02:02:54,247 [pool-37-thread-1] INFO  server.RaftServerConfigKeys (ConfUtils.java:logGet(43)) - raft.server.log.appender.install.snapshot.enabled = false (custom)
2019-09-25 02:02:54,247 [pool-37-thread-1] INFO  impl.RaftServerImpl (ServerState.java:<init>(103)) - 0983ca92-2e85-418c-b6e1-27ad33fcd8b4@group-80A9E9502304: ConfigurationManager, init=-1: [0983ca92-2e85-418c-b6e1-27ad33fcd8b4:192.168.151.66:45245], old=null, confs=<EMPTY_MAP>
2019-09-25 02:02:54,247 [pool-37-thread-1] INFO  server.RaftServerConfigKeys (ConfUtils.java:logGet(43)) - raft.server.storage.dir = [/workdir/hadoop-ozone/ozonefs/target/test-dir/MiniOzoneClusterImpl-f329581b-00a8-489f-9c8e-b35e10165f21/datanode-1/data/ratis] (custom)
2019-09-25 02:02:54,248 [pool-37-thread-1] INFO  storage.RaftStorageDirectory (RaftStorageDirectory.java:analyzeStorage(246)) - The storage directory /workdir/hadoop-ozone/ozonefs/target/test-dir/MiniOzoneClusterImpl-f329581b-00a8-489f-9c8e-b35e10165f21/datanode-1/data/ratis/904497ea-be37-4051-a7ab-80a9e9502304 does not exist. Creating ...
2019-09-25 02:02:54,273 [pool-37-thread-1] INFO  storage.RaftStorageDirectory (RaftStorageDirectory.java:tryLock(328)) - Lock on /workdir/hadoop-ozone/ozonefs/target/test-dir/MiniOzoneClusterImpl-f329581b-00a8-489f-9c8e-b35e10165f21/datanode-1/data/ratis/904497ea-be37-4051-a7ab-80a9e9502304/in_use.lock acquired by nodename 8075@pr-hdds-2162-v2v4x-1150571016
2019-09-25 02:02:54,298 [pool-37-thread-1] INFO  storage.RaftStorage (RaftStorage.java:format(72)) - Storage directory /workdir/hadoop-ozone/ozonefs/target/test-dir/MiniOzoneClusterImpl-f329581b-00a8-489f-9c8e-b35e10165f21/datanode-1/data/ratis/904497ea-be37-4051-a7ab-80a9e9502304 has been successfully formatted.
2019-09-25 02:02:54,298 [pool-37-thread-1] INFO  ratis.ContainerStateMachine (ContainerStateMachine.java:loadSnapshot(230)) - group-80A9E9502304: The snapshot info is null. Setting the last applied indexto:(t:0, i:~)
2019-09-25 02:02:54,299 [pool-37-thread-1] INFO  server.RaftServerConfigKeys (ConfUtils.java:logGet(43)) - raft.server.notification.no-leader.timeout = 120s (custom)
2019-09-25 02:02:54,299 [pool-37-thread-1] INFO  server.RaftServerConfigKeys (ConfUtils.java:logGet(43)) - raft.server.log.use.memory = false (default)
2019-09-25 02:02:54,299 [pool-37-thread-1] INFO  server.RaftServerConfigKeys (ConfUtils.java:logGet(43)) - raft.server.log.purge.gap = 1000000 (custom)
2019-09-25 02:02:54,299 [pool-37-thread-1] INFO  server.RaftServerConfigKeys (ConfUtils.java:logGet(43)) - raft.server.log.appender.buffer.byte-limit = 33554432 (custom)
2019-09-25 02:02:54,299 [pool-37-thread-1] INFO  server.RaftServerConfigKeys (ConfUtils.java:logGet(43)) - raft.server.log.segment.size.max = 1048576 (custom)
2019-09-25 02:02:54,300 [pool-37-thread-1] INFO  server.RaftServerConfigKeys (ConfUtils.java:logGet(43)) - raft.server.log.segment.cache.num.max = 2 (custom)
2019-09-25 02:02:54,300 [pool-37-thread-1] INFO  segmented.SegmentedRaftLogWorker (SegmentedRaftLogWorker.java:<init>(172)) - new 0983ca92-2e85-418c-b6e1-27ad33fcd8b4@group-80A9E9502304-SegmentedRaftLogWorker for RaftStorage:Storage Directory /workdir/hadoop-ozone/ozonefs/target/test-dir/MiniOzoneClusterImpl-f329581b-00a8-489f-9c8e-b35e10165f21/datanode-1/data/ratis/904497ea-be37-4051-a7ab-80a9e9502304
2019-09-25 02:02:54,303 [pool-37-thread-1] INFO  server.RaftServerConfigKeys (ConfUtils.java:logGet(43)) - raft.server.log.queue.byte-limit = 2147483647 (custom)
2019-09-25 02:02:54,303 [pool-37-thread-1] INFO  server.RaftServerConfigKeys (ConfUtils.java:logGet(43)) - raft.server.log.queue.element-limit = 1024 (custom)
2019-09-25 02:02:54,304 [pool-37-thread-1] INFO  server.RaftServerConfigKeys (ConfUtils.java:logGet(43)) - raft.server.log.segment.size.max = 1048576 (custom)
2019-09-25 02:02:54,304 [pool-37-thread-1] INFO  server.RaftServerConfigKeys (ConfUtils.java:logGet(43)) - raft.server.log.preallocated.size = 16384 (custom)
2019-09-25 02:02:54,304 [pool-37-thread-1] INFO  server.RaftServerConfigKeys (ConfUtils.java:logGet(43)) - raft.server.log.write.buffer.size = 33554432 (custom)
2019-09-25 02:02:54,304 [pool-37-thread-1] INFO  server.RaftServerConfigKeys (ConfUtils.java:logGet(43)) - raft.server.log.force.sync.num = 128 (default)
2019-09-25 02:02:54,304 [pool-37-thread-1] INFO  server.RaftServerConfigKeys (ConfUtils.java:logGet(43)) - raft.server.log.statemachine.data.sync = true (default)
2019-09-25 02:02:54,304 [pool-37-thread-1] INFO  server.RaftServerConfigKeys (ConfUtils.java:logGet(43)) - raft.server.log.statemachine.data.sync.timeout = 10s (default)
2019-09-25 02:02:54,305 [pool-37-thread-1] INFO  server.RaftServerConfigKeys (ConfUtils.java:logGet(43)) - raft.server.log.statemachine.data.sync.timeout.retry = -1 (default)
2019-09-25 02:02:54,305 [pool-37-thread-1] INFO  server.RaftServerConfigKeys (ConfUtils.java:logGet(43)) - raft.server.log.statemachine.data.caching.enabled = true (custom)
2019-09-25 02:02:54,305 [pool-37-thread-1] INFO  segmented.SegmentedRaftLogWorker (SegmentedRaftLogWorker.java:lambda$new$0(132)) - 0983ca92-2e85-418c-b6e1-27ad33fcd8b4@group-80A9E9502304-SegmentedRaftLogWorker: flushIndex: setUnconditionally 0 -> -1
2019-09-25 02:02:54,306 [pool-37-thread-1] INFO  server.RaftServerConfigKeys (ConfUtils.java:logGet(43)) - raft.server.snapshot.auto.trigger.enabled = true (custom)
2019-09-25 02:02:54,306 [pool-37-thread-1] INFO  server.RaftServerConfigKeys (ConfUtils.java:logGet(43)) - raft.server.snapshot.auto.trigger.threshold = 10000 (custom)
2019-09-25 02:02:54,306 [pool-37-thread-1] INFO  server.RaftServerConfigKeys (ConfUtils.java:logGet(43)) - raft.server.snapshot.retention.num.files = 5 (custom)
2019-09-25 02:02:54,306 [pool-37-thread-1] INFO  server.RaftServerConfigKeys (ConfUtils.java:logGet(43)) - raft.server.retrycache.expirytime = 600000ms (custom)
2019-09-25 02:02:54,314 [pool-37-thread-1] INFO  impl.RaftServerImpl (RaftServerImpl.java:start(185)) - 0983ca92-2e85-418c-b6e1-27ad33fcd8b4@group-80A9E9502304: start as a follower, conf=-1: [0983ca92-2e85-418c-b6e1-27ad33fcd8b4:192.168.151.66:45245], old=null
2019-09-25 02:02:54,314 [pool-37-thread-1] INFO  impl.RaftServerImpl (RaftServerImpl.java:setRole(174)) - 0983ca92-2e85-418c-b6e1-27ad33fcd8b4@group-80A9E9502304: changes role from      null to FOLLOWER at term 0 for startAsFollower
2019-09-25 02:02:54,314 [pool-37-thread-1] INFO  impl.RoleInfo (RoleInfo.java:updateAndGet(143)) - 0983ca92-2e85-418c-b6e1-27ad33fcd8b4: start FollowerState
2019-09-25 02:02:54,314 [pool-37-thread-1] INFO  util.JmxRegister (JmxRegister.java:tryRegister(44)) - Successfully registered JMX Bean with object name Ratis:service=RaftServer,group=group-80A9E9502304,id=0983ca92-2e85-418c-b6e1-27ad33fcd8b4
2019-09-25 02:02:54,331 [RatisPipelineUtilsThread] INFO  pipeline.PipelineStateManager (PipelineStateManager.java:addPipeline(56)) - Created pipeline Pipeline[ Id: 904497ea-be37-4051-a7ab-80a9e9502304, Nodes: 0983ca92-2e85-418c-b6e1-27ad33fcd8b4{ip: 192.168.151.66, host: pr-hdds-2162-v2v4x-1150571016, networkLocation: /default-rack, certSerialId: null}, Type:RATIS, Factor:ONE, State:OPEN]
2019-09-25 02:02:54,352 [grpc-default-executor-0] INFO  impl.RaftServerProxy (RaftServerProxy.java:addNew(89)) - 3a1526ff-e59b-45ed-a910-aedaa732a469: addNew group-B9EA4AC786EB:[3a1526ff-e59b-45ed-a910-aedaa732a469:192.168.151.66:45885] returns group-B9EA4AC786EB:java.util.concurrent.CompletableFuture@4429c223[Not completed]
2019-09-25 02:02:54,358 [pool-87-thread-1] INFO  impl.RaftServerImpl (RaftServerImpl.java:<init>(95)) - 3a1526ff-e59b-45ed-a910-aedaa732a469: new RaftServerImpl for group-B9EA4AC786EB:[3a1526ff-e59b-45ed-a910-aedaa732a469:192.168.151.66:45885] with ContainerStateMachine:uninitialized
2019-09-25 02:02:54,358 [pool-87-thread-1] INFO  server.RaftServerConfigKeys (ConfUtils.java:logGet(43)) - raft.server.rpc.timeout.min = 5s (custom)
2019-09-25 02:02:54,358 [pool-87-thread-1] INFO  server.RaftServerConfigKeys (ConfUtils.java:logGet(43)) - raft.server.rpc.timeout.max = 5200ms (custom)
2019-09-25 02:02:54,358 [pool-87-thread-1] INFO  server.RaftServerConfigKeys (ConfUtils.java:logGet(43)) - raft.server.rpcslowness.timeout = 120s (custom)
2019-09-25 02:02:54,358 [pool-87-thread-1] INFO  server.RaftServerConfigKeys (ConfUtils.java:logGet(43)) - raft.server.sleep.deviation.threshold = 300 (default)
2019-09-25 02:02:54,358 [pool-87-thread-1] INFO  server.RaftServerConfigKeys (ConfUtils.java:logGet(43)) - raft.server.log.appender.install.snapshot.enabled = false (custom)
2019-09-25 02:02:54,358 [pool-87-thread-1] INFO  impl.RaftServerImpl (ServerState.java:<init>(103)) - 3a1526ff-e59b-45ed-a910-aedaa732a469@group-B9EA4AC786EB: ConfigurationManager, init=-1: [3a1526ff-e59b-45ed-a910-aedaa732a469:192.168.151.66:45885], old=null, confs=<EMPTY_MAP>
2019-09-25 02:02:54,359 [pool-87-thread-1] INFO  server.RaftServerConfigKeys (ConfUtils.java:logGet(43)) - raft.server.storage.dir = [/workdir/hadoop-ozone/ozonefs/target/test-dir/MiniOzoneClusterImpl-f329581b-00a8-489f-9c8e-b35e10165f21/datanode-6/data/ratis] (custom)
2019-09-25 02:02:54,359 [pool-87-thread-1] INFO  storage.RaftStorageDirectory (RaftStorageDirectory.java:analyzeStorage(246)) - The storage directory /workdir/hadoop-ozone/ozonefs/target/test-dir/MiniOzoneClusterImpl-f329581b-00a8-489f-9c8e-b35e10165f21/datanode-6/data/ratis/e5e8ebc5-f99a-427b-84fa-b9ea4ac786eb does not exist. Creating ...
2019-09-25 02:02:54,382 [pool-87-thread-1] INFO  storage.RaftStorageDirectory (RaftStorageDirectory.java:tryLock(328)) - Lock on /workdir/hadoop-ozone/ozonefs/target/test-dir/MiniOzoneClusterImpl-f329581b-00a8-489f-9c8e-b35e10165f21/datanode-6/data/ratis/e5e8ebc5-f99a-427b-84fa-b9ea4ac786eb/in_use.lock acquired by nodename 8075@pr-hdds-2162-v2v4x-1150571016
2019-09-25 02:02:54,407 [pool-87-thread-1] INFO  storage.RaftStorage (RaftStorage.java:format(72)) - Storage directory /workdir/hadoop-ozone/ozonefs/target/test-dir/MiniOzoneClusterImpl-f329581b-00a8-489f-9c8e-b35e10165f21/datanode-6/data/ratis/e5e8ebc5-f99a-427b-84fa-b9ea4ac786eb has been successfully formatted.
2019-09-25 02:02:54,408 [pool-87-thread-1] INFO  ratis.ContainerStateMachine (ContainerStateMachine.java:loadSnapshot(230)) - group-B9EA4AC786EB: The snapshot info is null. Setting the last applied indexto:(t:0, i:~)
2019-09-25 02:02:54,408 [pool-87-thread-1] INFO  server.RaftServerConfigKeys (ConfUtils.java:logGet(43)) - raft.server.notification.no-leader.timeout = 120s (custom)
2019-09-25 02:02:54,408 [pool-87-thread-1] INFO  server.RaftServerConfigKeys (ConfUtils.java:logGet(43)) - raft.server.log.use.memory = false (default)
2019-09-25 02:02:54,408 [pool-87-thread-1] INFO  server.RaftServerConfigKeys (ConfUtils.java:logGet(43)) - raft.server.log.purge.gap = 1000000 (custom)
2019-09-25 02:02:54,408 [pool-87-thread-1] INFO  server.RaftServerConfigKeys (ConfUtils.java:logGet(43)) - raft.server.log.appender.buffer.byte-limit = 33554432 (custom)
2019-09-25 02:02:54,408 [pool-87-thread-1] INFO  server.RaftServerConfigKeys (ConfUtils.java:logGet(43)) - raft.server.log.segment.size.max = 1048576 (custom)
2019-09-25 02:02:54,409 [pool-87-thread-1] INFO  server.RaftServerConfigKeys (ConfUtils.java:logGet(43)) - raft.server.log.segment.cache.num.max = 2 (custom)
2019-09-25 02:02:54,409 [pool-87-thread-1] INFO  segmented.SegmentedRaftLogWorker (SegmentedRaftLogWorker.java:<init>(172)) - new 3a1526ff-e59b-45ed-a910-aedaa732a469@group-B9EA4AC786EB-SegmentedRaftLogWorker for RaftStorage:Storage Directory /workdir/hadoop-ozone/ozonefs/target/test-dir/MiniOzoneClusterImpl-f329581b-00a8-489f-9c8e-b35e10165f21/datanode-6/data/ratis/e5e8ebc5-f99a-427b-84fa-b9ea4ac786eb
2019-09-25 02:02:54,412 [pool-87-thread-1] INFO  server.RaftServerConfigKeys (ConfUtils.java:logGet(43)) - raft.server.log.queue.byte-limit = 2147483647 (custom)
2019-09-25 02:02:54,412 [pool-87-thread-1] INFO  server.RaftServerConfigKeys (ConfUtils.java:logGet(43)) - raft.server.log.queue.element-limit = 1024 (custom)
2019-09-25 02:02:54,412 [pool-87-thread-1] INFO  server.RaftServerConfigKeys (ConfUtils.java:logGet(43)) - raft.server.log.segment.size.max = 1048576 (custom)
2019-09-25 02:02:54,412 [pool-87-thread-1] INFO  server.RaftServerConfigKeys (ConfUtils.java:logGet(43)) - raft.server.log.preallocated.size = 16384 (custom)
2019-09-25 02:02:54,412 [pool-87-thread-1] INFO  server.RaftServerConfigKeys (ConfUtils.java:logGet(43)) - raft.server.log.write.buffer.size = 33554432 (custom)
2019-09-25 02:02:54,412 [pool-87-thread-1] INFO  server.RaftServerConfigKeys (ConfUtils.java:logGet(43)) - raft.server.log.force.sync.num = 128 (default)
2019-09-25 02:02:54,413 [pool-87-thread-1] INFO  server.RaftServerConfigKeys (ConfUtils.java:logGet(43)) - raft.server.log.statemachine.data.sync = true (default)
2019-09-25 02:02:54,413 [pool-87-thread-1] INFO  server.RaftServerConfigKeys (ConfUtils.java:logGet(43)) - raft.server.log.statemachine.data.sync.timeout = 10s (default)
2019-09-25 02:02:54,413 [pool-87-thread-1] INFO  server.RaftServerConfigKeys (ConfUtils.java:logGet(43)) - raft.server.log.statemachine.data.sync.timeout.retry = -1 (default)
2019-09-25 02:02:54,413 [pool-87-thread-1] INFO  server.RaftServerConfigKeys (ConfUtils.java:logGet(43)) - raft.server.log.statemachine.data.caching.enabled = true (custom)
2019-09-25 02:02:54,414 [pool-87-thread-1] INFO  segmented.SegmentedRaftLogWorker (SegmentedRaftLogWorker.java:lambda$new$0(132)) - 3a1526ff-e59b-45ed-a910-aedaa732a469@group-B9EA4AC786EB-SegmentedRaftLogWorker: flushIndex: setUnconditionally 0 -> -1
2019-09-25 02:02:54,417 [pool-87-thread-1] INFO  server.RaftServerConfigKeys (ConfUtils.java:logGet(43)) - raft.server.snapshot.auto.trigger.enabled = true (custom)
2019-09-25 02:02:54,417 [pool-87-thread-1] INFO  server.RaftServerConfigKeys (ConfUtils.java:logGet(43)) - raft.server.snapshot.auto.trigger.threshold = 10000 (custom)
2019-09-25 02:02:54,417 [pool-87-thread-1] INFO  server.RaftServerConfigKeys (ConfUtils.java:logGet(43)) - raft.server.snapshot.retention.num.files = 5 (custom)
2019-09-25 02:02:54,417 [pool-87-thread-1] INFO  server.RaftServerConfigKeys (ConfUtils.java:logGet(43)) - raft.server.retrycache.expirytime = 600000ms (custom)
2019-09-25 02:02:54,420 [pool-87-thread-1] INFO  impl.RaftServerImpl (RaftServerImpl.java:start(185)) - 3a1526ff-e59b-45ed-a910-aedaa732a469@group-B9EA4AC786EB: start as a follower, conf=-1: [3a1526ff-e59b-45ed-a910-aedaa732a469:192.168.151.66:45885], old=null
2019-09-25 02:02:54,420 [pool-87-thread-1] INFO  impl.RaftServerImpl (RaftServerImpl.java:setRole(174)) - 3a1526ff-e59b-45ed-a910-aedaa732a469@group-B9EA4AC786EB: changes role from      null to FOLLOWER at term 0 for startAsFollower
2019-09-25 02:02:54,420 [pool-87-thread-1] INFO  impl.RoleInfo (RoleInfo.java:updateAndGet(143)) - 3a1526ff-e59b-45ed-a910-aedaa732a469: start FollowerState
2019-09-25 02:02:54,421 [pool-87-thread-1] INFO  util.JmxRegister (JmxRegister.java:tryRegister(44)) - Successfully registered JMX Bean with object name Ratis:service=RaftServer,group=group-B9EA4AC786EB,id=3a1526ff-e59b-45ed-a910-aedaa732a469
2019-09-25 02:02:54,435 [RatisPipelineUtilsThread] INFO  pipeline.PipelineStateManager (PipelineStateManager.java:addPipeline(56)) - Created pipeline Pipeline[ Id: e5e8ebc5-f99a-427b-84fa-b9ea4ac786eb, Nodes: 3a1526ff-e59b-45ed-a910-aedaa732a469{ip: 192.168.151.66, host: pr-hdds-2162-v2v4x-1150571016, networkLocation: /default-rack, certSerialId: null}, Type:RATIS, Factor:ONE, State:OPEN]
2019-09-25 02:02:54,473 [grpc-default-executor-0] INFO  impl.RaftServerProxy (RaftServerProxy.java:addNew(89)) - 48a8b89e-77e0-41b7-b930-70c5bc099523: addNew group-F83A4574A30B:[48a8b89e-77e0-41b7-b930-70c5bc099523:192.168.151.66:36587] returns group-F83A4574A30B:java.util.concurrent.CompletableFuture@364b9186[Not completed]
2019-09-25 02:02:54,486 [pool-117-thread-1] INFO  impl.RaftServerImpl (RaftServerImpl.java:<init>(95)) - 48a8b89e-77e0-41b7-b930-70c5bc099523: new RaftServerImpl for group-F83A4574A30B:[48a8b89e-77e0-41b7-b930-70c5bc099523:192.168.151.66:36587] with ContainerStateMachine:uninitialized
2019-09-25 02:02:54,486 [pool-117-thread-1] INFO  server.RaftServerConfigKeys (ConfUtils.java:logGet(43)) - raft.server.rpc.timeout.min = 5s (custom)
2019-09-25 02:02:54,487 [pool-117-thread-1] INFO  server.RaftServerConfigKeys (ConfUtils.java:logGet(43)) - raft.server.rpc.timeout.max = 5200ms (custom)
2019-09-25 02:02:54,487 [pool-117-thread-1] INFO  server.RaftServerConfigKeys (ConfUtils.java:logGet(43)) - raft.server.rpcslowness.timeout = 120s (custom)
2019-09-25 02:02:54,487 [pool-117-thread-1] INFO  server.RaftServerConfigKeys (ConfUtils.java:logGet(43)) - raft.server.sleep.deviation.threshold = 300 (default)
2019-09-25 02:02:54,487 [pool-117-thread-1] INFO  server.RaftServerConfigKeys (ConfUtils.java:logGet(43)) - raft.server.log.appender.install.snapshot.enabled = false (custom)
2019-09-25 02:02:54,487 [pool-117-thread-1] INFO  impl.RaftServerImpl (ServerState.java:<init>(103)) - 48a8b89e-77e0-41b7-b930-70c5bc099523@group-F83A4574A30B: ConfigurationManager, init=-1: [48a8b89e-77e0-41b7-b930-70c5bc099523:192.168.151.66:36587], old=null, confs=<EMPTY_MAP>
2019-09-25 02:02:54,487 [pool-117-thread-1] INFO  server.RaftServerConfigKeys (ConfUtils.java:logGet(43)) - raft.server.storage.dir = [/workdir/hadoop-ozone/ozonefs/target/test-dir/MiniOzoneClusterImpl-f329581b-00a8-489f-9c8e-b35e10165f21/datanode-9/data/ratis] (custom)
2019-09-25 02:02:54,488 [pool-117-thread-1] INFO  storage.RaftStorageDirectory (RaftStorageDirectory.java:analyzeStorage(246)) - The storage directory /workdir/hadoop-ozone/ozonefs/target/test-dir/MiniOzoneClusterImpl-f329581b-00a8-489f-9c8e-b35e10165f21/datanode-9/data/ratis/0c741d21-6841-44f5-acc6-f83a4574a30b does not exist. Creating ...
2019-09-25 02:02:54,516 [pool-117-thread-1] INFO  storage.RaftStorageDirectory (RaftStorageDirectory.java:tryLock(328)) - Lock on /workdir/hadoop-ozone/ozonefs/target/test-dir/MiniOzoneClusterImpl-f329581b-00a8-489f-9c8e-b35e10165f21/datanode-9/data/ratis/0c741d21-6841-44f5-acc6-f83a4574a30b/in_use.lock acquired by nodename 8075@pr-hdds-2162-v2v4x-1150571016
2019-09-25 02:02:54,541 [pool-117-thread-1] INFO  storage.RaftStorage (RaftStorage.java:format(72)) - Storage directory /workdir/hadoop-ozone/ozonefs/target/test-dir/MiniOzoneClusterImpl-f329581b-00a8-489f-9c8e-b35e10165f21/datanode-9/data/ratis/0c741d21-6841-44f5-acc6-f83a4574a30b has been successfully formatted.
2019-09-25 02:02:54,542 [pool-117-thread-1] INFO  ratis.ContainerStateMachine (ContainerStateMachine.java:loadSnapshot(230)) - group-F83A4574A30B: The snapshot info is null. Setting the last applied indexto:(t:0, i:~)
2019-09-25 02:02:54,542 [pool-117-thread-1] INFO  server.RaftServerConfigKeys (ConfUtils.java:logGet(43)) - raft.server.notification.no-leader.timeout = 120s (custom)
2019-09-25 02:02:54,542 [pool-117-thread-1] INFO  server.RaftServerConfigKeys (ConfUtils.java:logGet(43)) - raft.server.log.use.memory = false (default)
2019-09-25 02:02:54,542 [pool-117-thread-1] INFO  server.RaftServerConfigKeys (ConfUtils.java:logGet(43)) - raft.server.log.purge.gap = 1000000 (custom)
2019-09-25 02:02:54,542 [pool-117-thread-1] INFO  server.RaftServerConfigKeys (ConfUtils.java:logGet(43)) - raft.server.log.appender.buffer.byte-limit = 33554432 (custom)
2019-09-25 02:02:54,543 [pool-117-thread-1] INFO  server.RaftServerConfigKeys (ConfUtils.java:logGet(43)) - raft.server.log.segment.size.max = 1048576 (custom)
2019-09-25 02:02:54,543 [pool-117-thread-1] INFO  server.RaftServerConfigKeys (ConfUtils.java:logGet(43)) - raft.server.log.segment.cache.num.max = 2 (custom)
2019-09-25 02:02:54,543 [pool-117-thread-1] INFO  segmented.SegmentedRaftLogWorker (SegmentedRaftLogWorker.java:<init>(172)) - new 48a8b89e-77e0-41b7-b930-70c5bc099523@group-F83A4574A30B-SegmentedRaftLogWorker for RaftStorage:Storage Directory /workdir/hadoop-ozone/ozonefs/target/test-dir/MiniOzoneClusterImpl-f329581b-00a8-489f-9c8e-b35e10165f21/datanode-9/data/ratis/0c741d21-6841-44f5-acc6-f83a4574a30b
2019-09-25 02:02:54,546 [pool-117-thread-1] INFO  server.RaftServerConfigKeys (ConfUtils.java:logGet(43)) - raft.server.log.queue.byte-limit = 2147483647 (custom)
2019-09-25 02:02:54,546 [pool-117-thread-1] INFO  server.RaftServerConfigKeys (ConfUtils.java:logGet(43)) - raft.server.log.queue.element-limit = 1024 (custom)
2019-09-25 02:02:54,546 [pool-117-thread-1] INFO  server.RaftServerConfigKeys (ConfUtils.java:logGet(43)) - raft.server.log.segment.size.max = 1048576 (custom)
2019-09-25 02:02:54,546 [pool-117-thread-1] INFO  server.RaftServerConfigKeys (ConfUtils.java:logGet(43)) - raft.server.log.preallocated.size = 16384 (custom)
2019-09-25 02:02:54,547 [pool-117-thread-1] INFO  server.RaftServerConfigKeys (ConfUtils.java:logGet(43)) - raft.server.log.write.buffer.size = 33554432 (custom)
2019-09-25 02:02:54,547 [pool-117-thread-1] INFO  server.RaftServerConfigKeys (ConfUtils.java:logGet(43)) - raft.server.log.force.sync.num = 128 (default)
2019-09-25 02:02:54,547 [pool-117-thread-1] INFO  server.RaftServerConfigKeys (ConfUtils.java:logGet(43)) - raft.server.log.statemachine.data.sync = true (default)
2019-09-25 02:02:54,547 [pool-117-thread-1] INFO  server.RaftServerConfigKeys (ConfUtils.java:logGet(43)) - raft.server.log.statemachine.data.sync.timeout = 10s (default)
2019-09-25 02:02:54,547 [pool-117-thread-1] INFO  server.RaftServerConfigKeys (ConfUtils.java:logGet(43)) - raft.server.log.statemachine.data.sync.timeout.retry = -1 (default)
2019-09-25 02:02:54,548 [pool-117-thread-1] INFO  server.RaftServerConfigKeys (ConfUtils.java:logGet(43)) - raft.server.log.statemachine.data.caching.enabled = true (custom)
2019-09-25 02:02:54,548 [pool-117-thread-1] INFO  segmented.SegmentedRaftLogWorker (SegmentedRaftLogWorker.java:lambda$new$0(132)) - 48a8b89e-77e0-41b7-b930-70c5bc099523@group-F83A4574A30B-SegmentedRaftLogWorker: flushIndex: setUnconditionally 0 -> -1
2019-09-25 02:02:54,548 [pool-117-thread-1] INFO  server.RaftServerConfigKeys (ConfUtils.java:logGet(43)) - raft.server.snapshot.auto.trigger.enabled = true (custom)
2019-09-25 02:02:54,548 [pool-117-thread-1] INFO  server.RaftServerConfigKeys (ConfUtils.java:logGet(43)) - raft.server.snapshot.auto.trigger.threshold = 10000 (custom)
2019-09-25 02:02:54,549 [pool-117-thread-1] INFO  server.RaftServerConfigKeys (ConfUtils.java:logGet(43)) - raft.server.snapshot.retention.num.files = 5 (custom)
2019-09-25 02:02:54,549 [pool-117-thread-1] INFO  server.RaftServerConfigKeys (ConfUtils.java:logGet(43)) - raft.server.retrycache.expirytime = 600000ms (custom)
2019-09-25 02:02:54,551 [pool-117-thread-1] INFO  impl.RaftServerImpl (RaftServerImpl.java:start(185)) - 48a8b89e-77e0-41b7-b930-70c5bc099523@group-F83A4574A30B: start as a follower, conf=-1: [48a8b89e-77e0-41b7-b930-70c5bc099523:192.168.151.66:36587], old=null
2019-09-25 02:02:54,551 [pool-117-thread-1] INFO  impl.RaftServerImpl (RaftServerImpl.java:setRole(174)) - 48a8b89e-77e0-41b7-b930-70c5bc099523@group-F83A4574A30B: changes role from      null to FOLLOWER at term 0 for startAsFollower
2019-09-25 02:02:54,552 [pool-117-thread-1] INFO  impl.RoleInfo (RoleInfo.java:updateAndGet(143)) - 48a8b89e-77e0-41b7-b930-70c5bc099523: start FollowerState
2019-09-25 02:02:54,552 [pool-117-thread-1] INFO  util.JmxRegister (JmxRegister.java:tryRegister(44)) - Successfully registered JMX Bean with object name Ratis:service=RaftServer,group=group-F83A4574A30B,id=48a8b89e-77e0-41b7-b930-70c5bc099523
2019-09-25 02:02:54,567 [RatisPipelineUtilsThread] INFO  pipeline.PipelineStateManager (PipelineStateManager.java:addPipeline(56)) - Created pipeline Pipeline[ Id: 0c741d21-6841-44f5-acc6-f83a4574a30b, Nodes: 48a8b89e-77e0-41b7-b930-70c5bc099523{ip: 192.168.151.66, host: pr-hdds-2162-v2v4x-1150571016, networkLocation: /default-rack, certSerialId: null}, Type:RATIS, Factor:ONE, State:OPEN]
2019-09-25 02:02:54,617 [grpc-default-executor-1] INFO  impl.RaftServerProxy (RaftServerProxy.java:addNew(89)) - e40f6fdf-da16-453e-9f28-91d67fc4fbe1: addNew group-5D7FB7C834D5:[e40f6fdf-da16-453e-9f28-91d67fc4fbe1:192.168.151.66:36511, 4883e92d-256b-4e23-999d-6274ed4f0561:192.168.151.66:34518, 78aa7d22-8252-48a6-b22f-bbcb77ab7551:192.168.151.66:45820] returns group-5D7FB7C834D5:java.util.concurrent.CompletableFuture@174b7fe8[Not completed]
2019-09-25 02:02:54,618 [grpc-default-executor-2] INFO  impl.RaftServerProxy (RaftServerProxy.java:addNew(89)) - 78aa7d22-8252-48a6-b22f-bbcb77ab7551: addNew group-5D7FB7C834D5:[e40f6fdf-da16-453e-9f28-91d67fc4fbe1:192.168.151.66:36511, 4883e92d-256b-4e23-999d-6274ed4f0561:192.168.151.66:34518, 78aa7d22-8252-48a6-b22f-bbcb77ab7551:192.168.151.66:45820] returns group-5D7FB7C834D5:java.util.concurrent.CompletableFuture@54d97ec4[Not completed]
2019-09-25 02:02:54,618 [grpc-default-executor-0] INFO  impl.RaftServerProxy (RaftServerProxy.java:addNew(89)) - 4883e92d-256b-4e23-999d-6274ed4f0561: addNew group-5D7FB7C834D5:[e40f6fdf-da16-453e-9f28-91d67fc4fbe1:192.168.151.66:36511, 4883e92d-256b-4e23-999d-6274ed4f0561:192.168.151.66:34518, 78aa7d22-8252-48a6-b22f-bbcb77ab7551:192.168.151.66:45820] returns group-5D7FB7C834D5:java.util.concurrent.CompletableFuture@7659f5f1[Not completed]
2019-09-25 02:02:54,620 [pool-57-thread-1] INFO  impl.RaftServerImpl (RaftServerImpl.java:<init>(95)) - e40f6fdf-da16-453e-9f28-91d67fc4fbe1: new RaftServerImpl for group-5D7FB7C834D5:[e40f6fdf-da16-453e-9f28-91d67fc4fbe1:192.168.151.66:36511, 4883e92d-256b-4e23-999d-6274ed4f0561:192.168.151.66:34518, 78aa7d22-8252-48a6-b22f-bbcb77ab7551:192.168.151.66:45820] with ContainerStateMachine:uninitialized
2019-09-25 02:02:54,620 [pool-57-thread-1] INFO  server.RaftServerConfigKeys (ConfUtils.java:logGet(43)) - raft.server.rpc.timeout.min = 5s (custom)
2019-09-25 02:02:54,621 [pool-57-thread-1] INFO  server.RaftServerConfigKeys (ConfUtils.java:logGet(43)) - raft.server.rpc.timeout.max = 5200ms (custom)
2019-09-25 02:02:54,621 [pool-57-thread-1] INFO  server.RaftServerConfigKeys (ConfUtils.java:logGet(43)) - raft.server.rpcslowness.timeout = 120s (custom)
2019-09-25 02:02:54,621 [pool-57-thread-1] INFO  server.RaftServerConfigKeys (ConfUtils.java:logGet(43)) - raft.server.sleep.deviation.threshold = 300 (default)
2019-09-25 02:02:54,621 [pool-77-thread-1] INFO  impl.RaftServerImpl (RaftServerImpl.java:<init>(95)) - 78aa7d22-8252-48a6-b22f-bbcb77ab7551: new RaftServerImpl for group-5D7FB7C834D5:[e40f6fdf-da16-453e-9f28-91d67fc4fbe1:192.168.151.66:36511, 4883e92d-256b-4e23-999d-6274ed4f0561:192.168.151.66:34518, 78aa7d22-8252-48a6-b22f-bbcb77ab7551:192.168.151.66:45820] with ContainerStateMachine:uninitialized
2019-09-25 02:02:54,621 [pool-57-thread-1] INFO  server.RaftServerConfigKeys (ConfUtils.java:logGet(43)) - raft.server.log.appender.install.snapshot.enabled = false (custom)
2019-09-25 02:02:54,621 [pool-77-thread-1] INFO  server.RaftServerConfigKeys (ConfUtils.java:logGet(43)) - raft.server.rpc.timeout.min = 5s (custom)
2019-09-25 02:02:54,622 [pool-57-thread-1] INFO  impl.RaftServerImpl (ServerState.java:<init>(103)) - e40f6fdf-da16-453e-9f28-91d67fc4fbe1@group-5D7FB7C834D5: ConfigurationManager, init=-1: [e40f6fdf-da16-453e-9f28-91d67fc4fbe1:192.168.151.66:36511, 4883e92d-256b-4e23-999d-6274ed4f0561:192.168.151.66:34518, 78aa7d22-8252-48a6-b22f-bbcb77ab7551:192.168.151.66:45820], old=null, confs=<EMPTY_MAP>
2019-09-25 02:02:54,622 [pool-77-thread-1] INFO  server.RaftServerConfigKeys (ConfUtils.java:logGet(43)) - raft.server.rpc.timeout.max = 5200ms (custom)
2019-09-25 02:02:54,622 [pool-57-thread-1] INFO  server.RaftServerConfigKeys (ConfUtils.java:logGet(43)) - raft.server.storage.dir = [/workdir/hadoop-ozone/ozonefs/target/test-dir/MiniOzoneClusterImpl-f329581b-00a8-489f-9c8e-b35e10165f21/datanode-3/data/ratis] (custom)
2019-09-25 02:02:54,622 [pool-47-thread-1] INFO  impl.RaftServerImpl (RaftServerImpl.java:<init>(95)) - 4883e92d-256b-4e23-999d-6274ed4f0561: new RaftServerImpl for group-5D7FB7C834D5:[e40f6fdf-da16-453e-9f28-91d67fc4fbe1:192.168.151.66:36511, 4883e92d-256b-4e23-999d-6274ed4f0561:192.168.151.66:34518, 78aa7d22-8252-48a6-b22f-bbcb77ab7551:192.168.151.66:45820] with ContainerStateMachine:uninitialized
2019-09-25 02:02:54,622 [pool-77-thread-1] INFO  server.RaftServerConfigKeys (ConfUtils.java:logGet(43)) - raft.server.rpcslowness.timeout = 120s (custom)
2019-09-25 02:02:54,622 [pool-47-thread-1] INFO  server.RaftServerConfigKeys (ConfUtils.java:logGet(43)) - raft.server.rpc.timeout.min = 5s (custom)
2019-09-25 02:02:54,622 [pool-77-thread-1] INFO  server.RaftServerConfigKeys (ConfUtils.java:logGet(43)) - raft.server.sleep.deviation.threshold = 300 (default)
2019-09-25 02:02:54,622 [pool-47-thread-1] INFO  server.RaftServerConfigKeys (ConfUtils.java:logGet(43)) - raft.server.rpc.timeout.max = 5200ms (custom)
2019-09-25 02:02:54,622 [pool-57-thread-1] INFO  storage.RaftStorageDirectory (RaftStorageDirectory.java:analyzeStorage(246)) - The storage directory /workdir/hadoop-ozone/ozonefs/target/test-dir/MiniOzoneClusterImpl-f329581b-00a8-489f-9c8e-b35e10165f21/datanode-3/data/ratis/a7e26114-8842-45e6-bf93-5d7fb7c834d5 does not exist. Creating ...
2019-09-25 02:02:54,623 [pool-47-thread-1] INFO  server.RaftServerConfigKeys (ConfUtils.java:logGet(43)) - raft.server.rpcslowness.timeout = 120s (custom)
2019-09-25 02:02:54,623 [pool-47-thread-1] INFO  server.RaftServerConfigKeys (ConfUtils.java:logGet(43)) - raft.server.sleep.deviation.threshold = 300 (default)
2019-09-25 02:02:54,623 [pool-77-thread-1] INFO  server.RaftServerConfigKeys (ConfUtils.java:logGet(43)) - raft.server.log.appender.install.snapshot.enabled = false (custom)
2019-09-25 02:02:54,623 [pool-47-thread-1] INFO  server.RaftServerConfigKeys (ConfUtils.java:logGet(43)) - raft.server.log.appender.install.snapshot.enabled = false (custom)
2019-09-25 02:02:54,623 [pool-77-thread-1] INFO  impl.RaftServerImpl (ServerState.java:<init>(103)) - 78aa7d22-8252-48a6-b22f-bbcb77ab7551@group-5D7FB7C834D5: ConfigurationManager, init=-1: [e40f6fdf-da16-453e-9f28-91d67fc4fbe1:192.168.151.66:36511, 4883e92d-256b-4e23-999d-6274ed4f0561:192.168.151.66:34518, 78aa7d22-8252-48a6-b22f-bbcb77ab7551:192.168.151.66:45820], old=null, confs=<EMPTY_MAP>
2019-09-25 02:02:54,623 [pool-47-thread-1] INFO  impl.RaftServerImpl (ServerState.java:<init>(103)) - 4883e92d-256b-4e23-999d-6274ed4f0561@group-5D7FB7C834D5: ConfigurationManager, init=-1: [e40f6fdf-da16-453e-9f28-91d67fc4fbe1:192.168.151.66:36511, 4883e92d-256b-4e23-999d-6274ed4f0561:192.168.151.66:34518, 78aa7d22-8252-48a6-b22f-bbcb77ab7551:192.168.151.66:45820], old=null, confs=<EMPTY_MAP>
2019-09-25 02:02:54,624 [pool-77-thread-1] INFO  server.RaftServerConfigKeys (ConfUtils.java:logGet(43)) - raft.server.storage.dir = [/workdir/hadoop-ozone/ozonefs/target/test-dir/MiniOzoneClusterImpl-f329581b-00a8-489f-9c8e-b35e10165f21/datanode-5/data/ratis] (custom)
2019-09-25 02:02:54,624 [pool-47-thread-1] INFO  server.RaftServerConfigKeys (ConfUtils.java:logGet(43)) - raft.server.storage.dir = [/workdir/hadoop-ozone/ozonefs/target/test-dir/MiniOzoneClusterImpl-f329581b-00a8-489f-9c8e-b35e10165f21/datanode-2/data/ratis] (custom)
2019-09-25 02:02:54,624 [pool-77-thread-1] INFO  storage.RaftStorageDirectory (RaftStorageDirectory.java:analyzeStorage(246)) - The storage directory /workdir/hadoop-ozone/ozonefs/target/test-dir/MiniOzoneClusterImpl-f329581b-00a8-489f-9c8e-b35e10165f21/datanode-5/data/ratis/a7e26114-8842-45e6-bf93-5d7fb7c834d5 does not exist. Creating ...
2019-09-25 02:02:54,624 [pool-47-thread-1] INFO  storage.RaftStorageDirectory (RaftStorageDirectory.java:analyzeStorage(246)) - The storage directory /workdir/hadoop-ozone/ozonefs/target/test-dir/MiniOzoneClusterImpl-f329581b-00a8-489f-9c8e-b35e10165f21/datanode-2/data/ratis/a7e26114-8842-45e6-bf93-5d7fb7c834d5 does not exist. Creating ...
2019-09-25 02:02:54,650 [pool-57-thread-1] INFO  storage.RaftStorageDirectory (RaftStorageDirectory.java:tryLock(328)) - Lock on /workdir/hadoop-ozone/ozonefs/target/test-dir/MiniOzoneClusterImpl-f329581b-00a8-489f-9c8e-b35e10165f21/datanode-3/data/ratis/a7e26114-8842-45e6-bf93-5d7fb7c834d5/in_use.lock acquired by nodename 8075@pr-hdds-2162-v2v4x-1150571016
2019-09-25 02:02:54,650 [pool-47-thread-1] INFO  storage.RaftStorageDirectory (RaftStorageDirectory.java:tryLock(328)) - Lock on /workdir/hadoop-ozone/ozonefs/target/test-dir/MiniOzoneClusterImpl-f329581b-00a8-489f-9c8e-b35e10165f21/datanode-2/data/ratis/a7e26114-8842-45e6-bf93-5d7fb7c834d5/in_use.lock acquired by nodename 8075@pr-hdds-2162-v2v4x-1150571016
2019-09-25 02:02:54,650 [pool-77-thread-1] INFO  storage.RaftStorageDirectory (RaftStorageDirectory.java:tryLock(328)) - Lock on /workdir/hadoop-ozone/ozonefs/target/test-dir/MiniOzoneClusterImpl-f329581b-00a8-489f-9c8e-b35e10165f21/datanode-5/data/ratis/a7e26114-8842-45e6-bf93-5d7fb7c834d5/in_use.lock acquired by nodename 8075@pr-hdds-2162-v2v4x-1150571016
2019-09-25 02:02:54,678 [pool-47-thread-1] INFO  storage.RaftStorage (RaftStorage.java:format(72)) - Storage directory /workdir/hadoop-ozone/ozonefs/target/test-dir/MiniOzoneClusterImpl-f329581b-00a8-489f-9c8e-b35e10165f21/datanode-2/data/ratis/a7e26114-8842-45e6-bf93-5d7fb7c834d5 has been successfully formatted.
2019-09-25 02:02:54,678 [pool-57-thread-1] INFO  storage.RaftStorage (RaftStorage.java:format(72)) - Storage directory /workdir/hadoop-ozone/ozonefs/target/test-dir/MiniOzoneClusterImpl-f329581b-00a8-489f-9c8e-b35e10165f21/datanode-3/data/ratis/a7e26114-8842-45e6-bf93-5d7fb7c834d5 has been successfully formatted.
2019-09-25 02:02:54,678 [pool-47-thread-1] INFO  ratis.ContainerStateMachine (ContainerStateMachine.java:loadSnapshot(230)) - group-5D7FB7C834D5: The snapshot info is null. Setting the last applied indexto:(t:0, i:~)
2019-09-25 02:02:54,678 [pool-77-thread-1] INFO  storage.RaftStorage (RaftStorage.java:format(72)) - Storage directory /workdir/hadoop-ozone/ozonefs/target/test-dir/MiniOzoneClusterImpl-f329581b-00a8-489f-9c8e-b35e10165f21/datanode-5/data/ratis/a7e26114-8842-45e6-bf93-5d7fb7c834d5 has been successfully formatted.
2019-09-25 02:02:54,678 [pool-47-thread-1] INFO  server.RaftServerConfigKeys (ConfUtils.java:logGet(43)) - raft.server.notification.no-leader.timeout = 120s (custom)
2019-09-25 02:02:54,678 [pool-57-thread-1] INFO  ratis.ContainerStateMachine (ContainerStateMachine.java:loadSnapshot(230)) - group-5D7FB7C834D5: The snapshot info is null. Setting the last applied indexto:(t:0, i:~)
2019-09-25 02:02:54,679 [pool-77-thread-1] INFO  ratis.ContainerStateMachine (ContainerStateMachine.java:loadSnapshot(230)) - group-5D7FB7C834D5: The snapshot info is null. Setting the last applied indexto:(t:0, i:~)
2019-09-25 02:02:54,679 [pool-47-thread-1] INFO  server.RaftServerConfigKeys (ConfUtils.java:logGet(43)) - raft.server.log.use.memory = false (default)
2019-09-25 02:02:54,679 [pool-77-thread-1] INFO  server.RaftServerConfigKeys (ConfUtils.java:logGet(43)) - raft.server.notification.no-leader.timeout = 120s (custom)
2019-09-25 02:02:54,679 [pool-57-thread-1] INFO  server.RaftServerConfigKeys (ConfUtils.java:logGet(43)) - raft.server.notification.no-leader.timeout = 120s (custom)
2019-09-25 02:02:54,679 [pool-77-thread-1] INFO  server.RaftServerConfigKeys (ConfUtils.java:logGet(43)) - raft.server.log.use.memory = false (default)
2019-09-25 02:02:54,679 [pool-47-thread-1] INFO  server.RaftServerConfigKeys (ConfUtils.java:logGet(43)) - raft.server.log.purge.gap = 1000000 (custom)
2019-09-25 02:02:54,680 [pool-77-thread-1] INFO  server.RaftServerConfigKeys (ConfUtils.java:logGet(43)) - raft.server.log.purge.gap = 1000000 (custom)
2019-09-25 02:02:54,679 [pool-57-thread-1] INFO  server.RaftServerConfigKeys (ConfUtils.java:logGet(43)) - raft.server.log.use.memory = false (default)
2019-09-25 02:02:54,680 [pool-77-thread-1] INFO  server.RaftServerConfigKeys (ConfUtils.java:logGet(43)) - raft.server.log.appender.buffer.byte-limit = 33554432 (custom)
2019-09-25 02:02:54,680 [pool-47-thread-1] INFO  server.RaftServerConfigKeys (ConfUtils.java:logGet(43)) - raft.server.log.appender.buffer.byte-limit = 33554432 (custom)
2019-09-25 02:02:54,680 [pool-77-thread-1] INFO  server.RaftServerConfigKeys (ConfUtils.java:logGet(43)) - raft.server.log.segment.size.max = 1048576 (custom)
2019-09-25 02:02:54,680 [pool-57-thread-1] INFO  server.RaftServerConfigKeys (ConfUtils.java:logGet(43)) - raft.server.log.purge.gap = 1000000 (custom)
2019-09-25 02:02:54,681 [pool-77-thread-1] INFO  server.RaftServerConfigKeys (ConfUtils.java:logGet(43)) - raft.server.log.segment.cache.num.max = 2 (custom)
2019-09-25 02:02:54,680 [pool-47-thread-1] INFO  server.RaftServerConfigKeys (ConfUtils.java:logGet(43)) - raft.server.log.segment.size.max = 1048576 (custom)
2019-09-25 02:02:54,681 [pool-77-thread-1] INFO  segmented.SegmentedRaftLogWorker (SegmentedRaftLogWorker.java:<init>(172)) - new 78aa7d22-8252-48a6-b22f-bbcb77ab7551@group-5D7FB7C834D5-SegmentedRaftLogWorker for RaftStorage:Storage Directory /workdir/hadoop-ozone/ozonefs/target/test-dir/MiniOzoneClusterImpl-f329581b-00a8-489f-9c8e-b35e10165f21/datanode-5/data/ratis/a7e26114-8842-45e6-bf93-5d7fb7c834d5
2019-09-25 02:02:54,681 [pool-57-thread-1] INFO  server.RaftServerConfigKeys (ConfUtils.java:logGet(43)) - raft.server.log.appender.buffer.byte-limit = 33554432 (custom)
2019-09-25 02:02:54,681 [pool-77-thread-1] INFO  server.RaftServerConfigKeys (ConfUtils.java:logGet(43)) - raft.server.log.queue.byte-limit = 2147483647 (custom)
2019-09-25 02:02:54,681 [pool-47-thread-1] INFO  server.RaftServerConfigKeys (ConfUtils.java:logGet(43)) - raft.server.log.segment.cache.num.max = 2 (custom)
2019-09-25 02:02:54,682 [pool-77-thread-1] INFO  server.RaftServerConfigKeys (ConfUtils.java:logGet(43)) - raft.server.log.queue.element-limit = 1024 (custom)
2019-09-25 02:02:54,681 [pool-57-thread-1] INFO  server.RaftServerConfigKeys (ConfUtils.java:logGet(43)) - raft.server.log.segment.size.max = 1048576 (custom)
2019-09-25 02:02:54,684 [pool-77-thread-1] INFO  server.RaftServerConfigKeys (ConfUtils.java:logGet(43)) - raft.server.log.segment.size.max = 1048576 (custom)
2019-09-25 02:02:54,682 [pool-47-thread-1] INFO  segmented.SegmentedRaftLogWorker (SegmentedRaftLogWorker.java:<init>(172)) - new 4883e92d-256b-4e23-999d-6274ed4f0561@group-5D7FB7C834D5-SegmentedRaftLogWorker for RaftStorage:Storage Directory /workdir/hadoop-ozone/ozonefs/target/test-dir/MiniOzoneClusterImpl-f329581b-00a8-489f-9c8e-b35e10165f21/datanode-2/data/ratis/a7e26114-8842-45e6-bf93-5d7fb7c834d5
2019-09-25 02:02:54,685 [pool-77-thread-1] INFO  server.RaftServerConfigKeys (ConfUtils.java:logGet(43)) - raft.server.log.preallocated.size = 16384 (custom)
2019-09-25 02:02:54,685 [pool-57-thread-1] INFO  server.RaftServerConfigKeys (ConfUtils.java:logGet(43)) - raft.server.log.segment.cache.num.max = 2 (custom)
2019-09-25 02:02:54,685 [pool-77-thread-1] INFO  server.RaftServerConfigKeys (ConfUtils.java:logGet(43)) - raft.server.log.write.buffer.size = 33554432 (custom)
2019-09-25 02:02:54,685 [pool-47-thread-1] INFO  server.RaftServerConfigKeys (ConfUtils.java:logGet(43)) - raft.server.log.queue.byte-limit = 2147483647 (custom)
2019-09-25 02:02:54,686 [pool-77-thread-1] INFO  server.RaftServerConfigKeys (ConfUtils.java:logGet(43)) - raft.server.log.force.sync.num = 128 (default)
2019-09-25 02:02:54,685 [pool-57-thread-1] INFO  segmented.SegmentedRaftLogWorker (SegmentedRaftLogWorker.java:<init>(172)) - new e40f6fdf-da16-453e-9f28-91d67fc4fbe1@group-5D7FB7C834D5-SegmentedRaftLogWorker for RaftStorage:Storage Directory /workdir/hadoop-ozone/ozonefs/target/test-dir/MiniOzoneClusterImpl-f329581b-00a8-489f-9c8e-b35e10165f21/datanode-3/data/ratis/a7e26114-8842-45e6-bf93-5d7fb7c834d5
2019-09-25 02:02:54,686 [pool-77-thread-1] INFO  server.RaftServerConfigKeys (ConfUtils.java:logGet(43)) - raft.server.log.statemachine.data.sync = true (default)
2019-09-25 02:02:54,686 [pool-47-thread-1] INFO  server.RaftServerConfigKeys (ConfUtils.java:logGet(43)) - raft.server.log.queue.element-limit = 1024 (custom)
2019-09-25 02:02:54,686 [pool-77-thread-1] INFO  server.RaftServerConfigKeys (ConfUtils.java:logGet(43)) - raft.server.log.statemachine.data.sync.timeout = 10s (default)
2019-09-25 02:02:54,686 [pool-57-thread-1] INFO  server.RaftServerConfigKeys (ConfUtils.java:logGet(43)) - raft.server.log.queue.byte-limit = 2147483647 (custom)
2019-09-25 02:02:54,687 [pool-77-thread-1] INFO  server.RaftServerConfigKeys (ConfUtils.java:logGet(43)) - raft.server.log.statemachine.data.sync.timeout.retry = -1 (default)
2019-09-25 02:02:54,686 [pool-47-thread-1] INFO  server.RaftServerConfigKeys (ConfUtils.java:logGet(43)) - raft.server.log.segment.size.max = 1048576 (custom)
2019-09-25 02:02:54,687 [pool-77-thread-1] INFO  server.RaftServerConfigKeys (ConfUtils.java:logGet(43)) - raft.server.log.statemachine.data.caching.enabled = true (custom)
2019-09-25 02:02:54,687 [pool-57-thread-1] INFO  server.RaftServerConfigKeys (ConfUtils.java:logGet(43)) - raft.server.log.queue.element-limit = 1024 (custom)
2019-09-25 02:02:54,687 [pool-47-thread-1] INFO  server.RaftServerConfigKeys (ConfUtils.java:logGet(43)) - raft.server.log.preallocated.size = 16384 (custom)
2019-09-25 02:02:54,688 [pool-57-thread-1] INFO  server.RaftServerConfigKeys (ConfUtils.java:logGet(43)) - raft.server.log.segment.size.max = 1048576 (custom)
2019-09-25 02:02:54,688 [pool-77-thread-1] INFO  segmented.SegmentedRaftLogWorker (SegmentedRaftLogWorker.java:lambda$new$0(132)) - 78aa7d22-8252-48a6-b22f-bbcb77ab7551@group-5D7FB7C834D5-SegmentedRaftLogWorker: flushIndex: setUnconditionally 0 -> -1
2019-09-25 02:02:54,688 [pool-57-thread-1] INFO  server.RaftServerConfigKeys (ConfUtils.java:logGet(43)) - raft.server.log.preallocated.size = 16384 (custom)
2019-09-25 02:02:54,688 [pool-47-thread-1] INFO  server.RaftServerConfigKeys (ConfUtils.java:logGet(43)) - raft.server.log.write.buffer.size = 33554432 (custom)
2019-09-25 02:02:54,691 [pool-77-thread-1] INFO  server.RaftServerConfigKeys (ConfUtils.java:logGet(43)) - raft.server.snapshot.auto.trigger.enabled = true (custom)
2019-09-25 02:02:54,691 [pool-57-thread-1] INFO  server.RaftServerConfigKeys (ConfUtils.java:logGet(43)) - raft.server.log.write.buffer.size = 33554432 (custom)
2019-09-25 02:02:54,691 [pool-77-thread-1] INFO  server.RaftServerConfigKeys (ConfUtils.java:logGet(43)) - raft.server.snapshot.auto.trigger.threshold = 10000 (custom)
2019-09-25 02:02:54,691 [pool-47-thread-1] INFO  server.RaftServerConfigKeys (ConfUtils.java:logGet(43)) - raft.server.log.force.sync.num = 128 (default)
2019-09-25 02:02:54,691 [pool-77-thread-1] INFO  server.RaftServerConfigKeys (ConfUtils.java:logGet(43)) - raft.server.snapshot.retention.num.files = 5 (custom)
2019-09-25 02:02:54,691 [pool-57-thread-1] INFO  server.RaftServerConfigKeys (ConfUtils.java:logGet(43)) - raft.server.log.force.sync.num = 128 (default)
2019-09-25 02:02:54,692 [pool-77-thread-1] INFO  server.RaftServerConfigKeys (ConfUtils.java:logGet(43)) - raft.server.retrycache.expirytime = 600000ms (custom)
2019-09-25 02:02:54,692 [pool-47-thread-1] INFO  server.RaftServerConfigKeys (ConfUtils.java:logGet(43)) - raft.server.log.statemachine.data.sync = true (default)
2019-09-25 02:02:54,692 [pool-57-thread-1] INFO  server.RaftServerConfigKeys (ConfUtils.java:logGet(43)) - raft.server.log.statemachine.data.sync = true (default)
2019-09-25 02:02:54,692 [pool-47-thread-1] INFO  server.RaftServerConfigKeys (ConfUtils.java:logGet(43)) - raft.server.log.statemachine.data.sync.timeout = 10s (default)
2019-09-25 02:02:54,692 [pool-57-thread-1] INFO  server.RaftServerConfigKeys (ConfUtils.java:logGet(43)) - raft.server.log.statemachine.data.sync.timeout = 10s (default)
2019-09-25 02:02:54,693 [pool-47-thread-1] INFO  server.RaftServerConfigKeys (ConfUtils.java:logGet(43)) - raft.server.log.statemachine.data.sync.timeout.retry = -1 (default)
2019-09-25 02:02:54,693 [pool-57-thread-1] INFO  server.RaftServerConfigKeys (ConfUtils.java:logGet(43)) - raft.server.log.statemachine.data.sync.timeout.retry = -1 (default)
2019-09-25 02:02:54,693 [pool-47-thread-1] INFO  server.RaftServerConfigKeys (ConfUtils.java:logGet(43)) - raft.server.log.statemachine.data.caching.enabled = true (custom)
2019-09-25 02:02:54,693 [pool-57-thread-1] INFO  server.RaftServerConfigKeys (ConfUtils.java:logGet(43)) - raft.server.log.statemachine.data.caching.enabled = true (custom)
2019-09-25 02:02:54,693 [pool-47-thread-1] INFO  segmented.SegmentedRaftLogWorker (SegmentedRaftLogWorker.java:lambda$new$0(132)) - 4883e92d-256b-4e23-999d-6274ed4f0561@group-5D7FB7C834D5-SegmentedRaftLogWorker: flushIndex: setUnconditionally 0 -> -1
2019-09-25 02:02:54,694 [pool-57-thread-1] INFO  segmented.SegmentedRaftLogWorker (SegmentedRaftLogWorker.java:lambda$new$0(132)) - e40f6fdf-da16-453e-9f28-91d67fc4fbe1@group-5D7FB7C834D5-SegmentedRaftLogWorker: flushIndex: setUnconditionally 0 -> -1
2019-09-25 02:02:54,694 [pool-47-thread-1] INFO  server.RaftServerConfigKeys (ConfUtils.java:logGet(43)) - raft.server.snapshot.auto.trigger.enabled = true (custom)
2019-09-25 02:02:54,694 [pool-47-thread-1] INFO  server.RaftServerConfigKeys (ConfUtils.java:logGet(43)) - raft.server.snapshot.auto.trigger.threshold = 10000 (custom)
2019-09-25 02:02:54,694 [pool-57-thread-1] INFO  server.RaftServerConfigKeys (ConfUtils.java:logGet(43)) - raft.server.snapshot.auto.trigger.enabled = true (custom)
2019-09-25 02:02:54,694 [pool-47-thread-1] INFO  server.RaftServerConfigKeys (ConfUtils.java:logGet(43)) - raft.server.snapshot.retention.num.files = 5 (custom)
2019-09-25 02:02:54,694 [pool-57-thread-1] INFO  server.RaftServerConfigKeys (ConfUtils.java:logGet(43)) - raft.server.snapshot.auto.trigger.threshold = 10000 (custom)
2019-09-25 02:02:54,695 [pool-47-thread-1] INFO  server.RaftServerConfigKeys (ConfUtils.java:logGet(43)) - raft.server.retrycache.expirytime = 600000ms (custom)
2019-09-25 02:02:54,695 [pool-57-thread-1] INFO  server.RaftServerConfigKeys (ConfUtils.java:logGet(43)) - raft.server.snapshot.retention.num.files = 5 (custom)
2019-09-25 02:02:54,695 [pool-57-thread-1] INFO  server.RaftServerConfigKeys (ConfUtils.java:logGet(43)) - raft.server.retrycache.expirytime = 600000ms (custom)
2019-09-25 02:02:54,695 [pool-77-thread-1] INFO  impl.RaftServerImpl (RaftServerImpl.java:start(185)) - 78aa7d22-8252-48a6-b22f-bbcb77ab7551@group-5D7FB7C834D5: start as a follower, conf=-1: [e40f6fdf-da16-453e-9f28-91d67fc4fbe1:192.168.151.66:36511, 4883e92d-256b-4e23-999d-6274ed4f0561:192.168.151.66:34518, 78aa7d22-8252-48a6-b22f-bbcb77ab7551:192.168.151.66:45820], old=null
2019-09-25 02:02:54,695 [pool-77-thread-1] INFO  impl.RaftServerImpl (RaftServerImpl.java:setRole(174)) - 78aa7d22-8252-48a6-b22f-bbcb77ab7551@group-5D7FB7C834D5: changes role from      null to FOLLOWER at term 0 for startAsFollower
2019-09-25 02:02:54,696 [pool-77-thread-1] INFO  impl.RoleInfo (RoleInfo.java:updateAndGet(143)) - 78aa7d22-8252-48a6-b22f-bbcb77ab7551: start FollowerState
2019-09-25 02:02:54,696 [pool-77-thread-1] INFO  util.JmxRegister (JmxRegister.java:tryRegister(44)) - Successfully registered JMX Bean with object name Ratis:service=RaftServer,group=group-5D7FB7C834D5,id=78aa7d22-8252-48a6-b22f-bbcb77ab7551
2019-09-25 02:02:54,698 [pool-47-thread-1] INFO  impl.RaftServerImpl (RaftServerImpl.java:start(185)) - 4883e92d-256b-4e23-999d-6274ed4f0561@group-5D7FB7C834D5: start as a follower, conf=-1: [e40f6fdf-da16-453e-9f28-91d67fc4fbe1:192.168.151.66:36511, 4883e92d-256b-4e23-999d-6274ed4f0561:192.168.151.66:34518, 78aa7d22-8252-48a6-b22f-bbcb77ab7551:192.168.151.66:45820], old=null
2019-09-25 02:02:54,699 [pool-47-thread-1] INFO  impl.RaftServerImpl (RaftServerImpl.java:setRole(174)) - 4883e92d-256b-4e23-999d-6274ed4f0561@group-5D7FB7C834D5: changes role from      null to FOLLOWER at term 0 for startAsFollower
2019-09-25 02:02:54,701 [pool-57-thread-1] INFO  impl.RaftServerImpl (RaftServerImpl.java:start(185)) - e40f6fdf-da16-453e-9f28-91d67fc4fbe1@group-5D7FB7C834D5: start as a follower, conf=-1: [e40f6fdf-da16-453e-9f28-91d67fc4fbe1:192.168.151.66:36511, 4883e92d-256b-4e23-999d-6274ed4f0561:192.168.151.66:34518, 78aa7d22-8252-48a6-b22f-bbcb77ab7551:192.168.151.66:45820], old=null
2019-09-25 02:02:54,704 [pool-47-thread-1] INFO  impl.RoleInfo (RoleInfo.java:updateAndGet(143)) - 4883e92d-256b-4e23-999d-6274ed4f0561: start FollowerState
2019-09-25 02:02:54,704 [pool-57-thread-1] INFO  impl.RaftServerImpl (RaftServerImpl.java:setRole(174)) - e40f6fdf-da16-453e-9f28-91d67fc4fbe1@group-5D7FB7C834D5: changes role from      null to FOLLOWER at term 0 for startAsFollower
2019-09-25 02:02:54,704 [pool-57-thread-1] INFO  impl.RoleInfo (RoleInfo.java:updateAndGet(143)) - e40f6fdf-da16-453e-9f28-91d67fc4fbe1: start FollowerState
2019-09-25 02:02:54,704 [pool-47-thread-1] INFO  util.JmxRegister (JmxRegister.java:tryRegister(44)) - Successfully registered JMX Bean with object name Ratis:service=RaftServer,group=group-5D7FB7C834D5,id=4883e92d-256b-4e23-999d-6274ed4f0561
2019-09-25 02:02:54,708 [pool-57-thread-1] INFO  util.JmxRegister (JmxRegister.java:tryRegister(44)) - Successfully registered JMX Bean with object name Ratis:service=RaftServer,group=group-5D7FB7C834D5,id=e40f6fdf-da16-453e-9f28-91d67fc4fbe1
2019-09-25 02:02:54,733 [RatisPipelineUtilsThread] INFO  pipeline.PipelineStateManager (PipelineStateManager.java:addPipeline(56)) - Created pipeline Pipeline[ Id: a7e26114-8842-45e6-bf93-5d7fb7c834d5, Nodes: 4883e92d-256b-4e23-999d-6274ed4f0561{ip: 192.168.151.66, host: pr-hdds-2162-v2v4x-1150571016, networkLocation: /default-rack, certSerialId: null}78aa7d22-8252-48a6-b22f-bbcb77ab7551{ip: 192.168.151.66, host: pr-hdds-2162-v2v4x-1150571016, networkLocation: /default-rack, certSerialId: null}e40f6fdf-da16-453e-9f28-91d67fc4fbe1{ip: 192.168.151.66, host: pr-hdds-2162-v2v4x-1150571016, networkLocation: /default-rack, certSerialId: null}, Type:RATIS, Factor:THREE, State:OPEN]
2019-09-25 02:02:54,762 [grpc-default-executor-1] INFO  impl.RaftServerProxy (RaftServerProxy.java:addNew(89)) - 0887b1ed-27fc-4c01-8a0d-c0b6bdd73cf1: addNew group-B6AAD8E986F2:[189f5818-a53a-4729-a9db-ea81ae500767:192.168.151.66:38437, 708c1fbc-7d1d-46e2-b177-af1b45a5b17f:192.168.151.66:43670, 0887b1ed-27fc-4c01-8a0d-c0b6bdd73cf1:192.168.151.66:38297] returns group-B6AAD8E986F2:java.util.concurrent.CompletableFuture@2fa99071[Not completed]
2019-09-25 02:02:54,765 [grpc-default-executor-1] INFO  impl.RaftServerProxy (RaftServerProxy.java:addNew(89)) - 189f5818-a53a-4729-a9db-ea81ae500767: addNew group-B6AAD8E986F2:[189f5818-a53a-4729-a9db-ea81ae500767:192.168.151.66:38437, 708c1fbc-7d1d-46e2-b177-af1b45a5b17f:192.168.151.66:43670, 0887b1ed-27fc-4c01-8a0d-c0b6bdd73cf1:192.168.151.66:38297] returns group-B6AAD8E986F2:java.util.concurrent.CompletableFuture@32661c2a[Not completed]
2019-09-25 02:02:54,769 [grpc-default-executor-1] INFO  impl.RaftServerProxy (RaftServerProxy.java:addNew(89)) - 708c1fbc-7d1d-46e2-b177-af1b45a5b17f: addNew group-B6AAD8E986F2:[189f5818-a53a-4729-a9db-ea81ae500767:192.168.151.66:38437, 708c1fbc-7d1d-46e2-b177-af1b45a5b17f:192.168.151.66:43670, 0887b1ed-27fc-4c01-8a0d-c0b6bdd73cf1:192.168.151.66:38297] returns group-B6AAD8E986F2:java.util.concurrent.CompletableFuture@3ce0283c[Not completed]
2019-09-25 02:02:55,152 [pool-67-thread-1] INFO  impl.RaftServerImpl (RaftServerImpl.java:<init>(95)) - 708c1fbc-7d1d-46e2-b177-af1b45a5b17f: new RaftServerImpl for group-B6AAD8E986F2:[189f5818-a53a-4729-a9db-ea81ae500767:192.168.151.66:38437, 708c1fbc-7d1d-46e2-b177-af1b45a5b17f:192.168.151.66:43670, 0887b1ed-27fc-4c01-8a0d-c0b6bdd73cf1:192.168.151.66:38297] with ContainerStateMachine:uninitialized
2019-09-25 02:02:55,154 [pool-67-thread-1] INFO  server.RaftServerConfigKeys (ConfUtils.java:logGet(43)) - raft.server.rpc.timeout.min = 5s (custom)
2019-09-25 02:02:55,154 [pool-67-thread-1] INFO  server.RaftServerConfigKeys (ConfUtils.java:logGet(43)) - raft.server.rpc.timeout.max = 5200ms (custom)
2019-09-25 02:02:55,154 [pool-67-thread-1] INFO  server.RaftServerConfigKeys (ConfUtils.java:logGet(43)) - raft.server.rpcslowness.timeout = 120s (custom)
2019-09-25 02:02:55,154 [pool-67-thread-1] INFO  server.RaftServerConfigKeys (ConfUtils.java:logGet(43)) - raft.server.sleep.deviation.threshold = 300 (default)
2019-09-25 02:02:55,154 [pool-67-thread-1] INFO  server.RaftServerConfigKeys (ConfUtils.java:logGet(43)) - raft.server.log.appender.install.snapshot.enabled = false (custom)
2019-09-25 02:02:55,154 [pool-107-thread-1] INFO  impl.RaftServerImpl (RaftServerImpl.java:<init>(95)) - 189f5818-a53a-4729-a9db-ea81ae500767: new RaftServerImpl for group-B6AAD8E986F2:[189f5818-a53a-4729-a9db-ea81ae500767:192.168.151.66:38437, 708c1fbc-7d1d-46e2-b177-af1b45a5b17f:192.168.151.66:43670, 0887b1ed-27fc-4c01-8a0d-c0b6bdd73cf1:192.168.151.66:38297] with ContainerStateMachine:uninitialized
2019-09-25 02:02:55,154 [pool-67-thread-1] INFO  impl.RaftServerImpl (ServerState.java:<init>(103)) - 708c1fbc-7d1d-46e2-b177-af1b45a5b17f@group-B6AAD8E986F2: ConfigurationManager, init=-1: [189f5818-a53a-4729-a9db-ea81ae500767:192.168.151.66:38437, 708c1fbc-7d1d-46e2-b177-af1b45a5b17f:192.168.151.66:43670, 0887b1ed-27fc-4c01-8a0d-c0b6bdd73cf1:192.168.151.66:38297], old=null, confs=<EMPTY_MAP>
2019-09-25 02:02:55,155 [pool-107-thread-1] INFO  server.RaftServerConfigKeys (ConfUtils.java:logGet(43)) - raft.server.rpc.timeout.min = 5s (custom)
2019-09-25 02:02:55,155 [pool-67-thread-1] INFO  server.RaftServerConfigKeys (ConfUtils.java:logGet(43)) - raft.server.storage.dir = [/workdir/hadoop-ozone/ozonefs/target/test-dir/MiniOzoneClusterImpl-f329581b-00a8-489f-9c8e-b35e10165f21/datanode-4/data/ratis] (custom)
2019-09-25 02:02:55,155 [pool-107-thread-1] INFO  server.RaftServerConfigKeys (ConfUtils.java:logGet(43)) - raft.server.rpc.timeout.max = 5200ms (custom)
2019-09-25 02:02:55,155 [pool-97-thread-1] INFO  impl.RaftServerImpl (RaftServerImpl.java:<init>(95)) - 0887b1ed-27fc-4c01-8a0d-c0b6bdd73cf1: new RaftServerImpl for group-B6AAD8E986F2:[189f5818-a53a-4729-a9db-ea81ae500767:192.168.151.66:38437, 708c1fbc-7d1d-46e2-b177-af1b45a5b17f:192.168.151.66:43670, 0887b1ed-27fc-4c01-8a0d-c0b6bdd73cf1:192.168.151.66:38297] with ContainerStateMachine:uninitialized
2019-09-25 02:02:55,155 [pool-107-thread-1] INFO  server.RaftServerConfigKeys (ConfUtils.java:logGet(43)) - raft.server.rpcslowness.timeout = 120s (custom)
2019-09-25 02:02:55,155 [pool-97-thread-1] INFO  server.RaftServerConfigKeys (ConfUtils.java:logGet(43)) - raft.server.rpc.timeout.min = 5s (custom)
2019-09-25 02:02:55,155 [pool-107-thread-1] INFO  server.RaftServerConfigKeys (ConfUtils.java:logGet(43)) - raft.server.sleep.deviation.threshold = 300 (default)
2019-09-25 02:02:55,155 [pool-67-thread-1] INFO  storage.RaftStorageDirectory (RaftStorageDirectory.java:analyzeStorage(246)) - The storage directory /workdir/hadoop-ozone/ozonefs/target/test-dir/MiniOzoneClusterImpl-f329581b-00a8-489f-9c8e-b35e10165f21/datanode-4/data/ratis/d4d1db95-45c9-46a1-b06f-b6aad8e986f2 does not exist. Creating ...
2019-09-25 02:02:55,155 [pool-107-thread-1] INFO  server.RaftServerConfigKeys (ConfUtils.java:logGet(43)) - raft.server.log.appender.install.snapshot.enabled = false (custom)
2019-09-25 02:02:55,155 [pool-97-thread-1] INFO  server.RaftServerConfigKeys (ConfUtils.java:logGet(43)) - raft.server.rpc.timeout.max = 5200ms (custom)
2019-09-25 02:02:55,156 [pool-107-thread-1] INFO  impl.RaftServerImpl (ServerState.java:<init>(103)) - 189f5818-a53a-4729-a9db-ea81ae500767@group-B6AAD8E986F2: ConfigurationManager, init=-1: [189f5818-a53a-4729-a9db-ea81ae500767:192.168.151.66:38437, 708c1fbc-7d1d-46e2-b177-af1b45a5b17f:192.168.151.66:43670, 0887b1ed-27fc-4c01-8a0d-c0b6bdd73cf1:192.168.151.66:38297], old=null, confs=<EMPTY_MAP>
2019-09-25 02:02:55,156 [pool-97-thread-1] INFO  server.RaftServerConfigKeys (ConfUtils.java:logGet(43)) - raft.server.rpcslowness.timeout = 120s (custom)
2019-09-25 02:02:55,156 [pool-97-thread-1] INFO  server.RaftServerConfigKeys (ConfUtils.java:logGet(43)) - raft.server.sleep.deviation.threshold = 300 (default)
2019-09-25 02:02:55,156 [pool-107-thread-1] INFO  server.RaftServerConfigKeys (ConfUtils.java:logGet(43)) - raft.server.storage.dir = [/workdir/hadoop-ozone/ozonefs/target/test-dir/MiniOzoneClusterImpl-f329581b-00a8-489f-9c8e-b35e10165f21/datanode-8/data/ratis] (custom)
2019-09-25 02:02:55,156 [pool-97-thread-1] INFO  server.RaftServerConfigKeys (ConfUtils.java:logGet(43)) - raft.server.log.appender.install.snapshot.enabled = false (custom)
2019-09-25 02:02:55,156 [pool-97-thread-1] INFO  impl.RaftServerImpl (ServerState.java:<init>(103)) - 0887b1ed-27fc-4c01-8a0d-c0b6bdd73cf1@group-B6AAD8E986F2: ConfigurationManager, init=-1: [189f5818-a53a-4729-a9db-ea81ae500767:192.168.151.66:38437, 708c1fbc-7d1d-46e2-b177-af1b45a5b17f:192.168.151.66:43670, 0887b1ed-27fc-4c01-8a0d-c0b6bdd73cf1:192.168.151.66:38297], old=null, confs=<EMPTY_MAP>
2019-09-25 02:02:55,156 [pool-107-thread-1] INFO  storage.RaftStorageDirectory (RaftStorageDirectory.java:analyzeStorage(246)) - The storage directory /workdir/hadoop-ozone/ozonefs/target/test-dir/MiniOzoneClusterImpl-f329581b-00a8-489f-9c8e-b35e10165f21/datanode-8/data/ratis/d4d1db95-45c9-46a1-b06f-b6aad8e986f2 does not exist. Creating ...
2019-09-25 02:02:55,156 [pool-97-thread-1] INFO  server.RaftServerConfigKeys (ConfUtils.java:logGet(43)) - raft.server.storage.dir = [/workdir/hadoop-ozone/ozonefs/target/test-dir/MiniOzoneClusterImpl-f329581b-00a8-489f-9c8e-b35e10165f21/datanode-7/data/ratis] (custom)
2019-09-25 02:02:55,157 [pool-97-thread-1] INFO  storage.RaftStorageDirectory (RaftStorageDirectory.java:analyzeStorage(246)) - The storage directory /workdir/hadoop-ozone/ozonefs/target/test-dir/MiniOzoneClusterImpl-f329581b-00a8-489f-9c8e-b35e10165f21/datanode-7/data/ratis/d4d1db95-45c9-46a1-b06f-b6aad8e986f2 does not exist. Creating ...
2019-09-25 02:02:55,173 [main] INFO  ipc.Client (Client.java:handleConnectionFailure(948)) - Retrying connect to server: localhost/127.0.0.1:0. Already tried 0 time(s); retry policy is RetryUpToMaximumCountWithFixedSleep(maxRetries=10, sleepTime=1000 MILLISECONDS)
2019-09-25 02:02:55,185 [pool-67-thread-1] INFO  storage.RaftStorageDirectory (RaftStorageDirectory.java:tryLock(328)) - Lock on /workdir/hadoop-ozone/ozonefs/target/test-dir/MiniOzoneClusterImpl-f329581b-00a8-489f-9c8e-b35e10165f21/datanode-4/data/ratis/d4d1db95-45c9-46a1-b06f-b6aad8e986f2/in_use.lock acquired by nodename 8075@pr-hdds-2162-v2v4x-1150571016
2019-09-25 02:02:55,185 [pool-97-thread-1] INFO  storage.RaftStorageDirectory (RaftStorageDirectory.java:tryLock(328)) - Lock on /workdir/hadoop-ozone/ozonefs/target/test-dir/MiniOzoneClusterImpl-f329581b-00a8-489f-9c8e-b35e10165f21/datanode-7/data/ratis/d4d1db95-45c9-46a1-b06f-b6aad8e986f2/in_use.lock acquired by nodename 8075@pr-hdds-2162-v2v4x-1150571016
2019-09-25 02:02:55,185 [pool-107-thread-1] INFO  storage.RaftStorageDirectory (RaftStorageDirectory.java:tryLock(328)) - Lock on /workdir/hadoop-ozone/ozonefs/target/test-dir/MiniOzoneClusterImpl-f329581b-00a8-489f-9c8e-b35e10165f21/datanode-8/data/ratis/d4d1db95-45c9-46a1-b06f-b6aad8e986f2/in_use.lock acquired by nodename 8075@pr-hdds-2162-v2v4x-1150571016
2019-09-25 02:02:55,202 [pool-67-thread-1] INFO  storage.RaftStorage (RaftStorage.java:format(72)) - Storage directory /workdir/hadoop-ozone/ozonefs/target/test-dir/MiniOzoneClusterImpl-f329581b-00a8-489f-9c8e-b35e10165f21/datanode-4/data/ratis/d4d1db95-45c9-46a1-b06f-b6aad8e986f2 has been successfully formatted.
2019-09-25 02:02:55,202 [pool-107-thread-1] INFO  storage.RaftStorage (RaftStorage.java:format(72)) - Storage directory /workdir/hadoop-ozone/ozonefs/target/test-dir/MiniOzoneClusterImpl-f329581b-00a8-489f-9c8e-b35e10165f21/datanode-8/data/ratis/d4d1db95-45c9-46a1-b06f-b6aad8e986f2 has been successfully formatted.
2019-09-25 02:02:55,203 [pool-67-thread-1] INFO  ratis.ContainerStateMachine (ContainerStateMachine.java:loadSnapshot(230)) - group-B6AAD8E986F2: The snapshot info is null. Setting the last applied indexto:(t:0, i:~)
2019-09-25 02:02:55,202 [pool-97-thread-1] INFO  storage.RaftStorage (RaftStorage.java:format(72)) - Storage directory /workdir/hadoop-ozone/ozonefs/target/test-dir/MiniOzoneClusterImpl-f329581b-00a8-489f-9c8e-b35e10165f21/datanode-7/data/ratis/d4d1db95-45c9-46a1-b06f-b6aad8e986f2 has been successfully formatted.
2019-09-25 02:02:55,203 [pool-107-thread-1] INFO  ratis.ContainerStateMachine (ContainerStateMachine.java:loadSnapshot(230)) - group-B6AAD8E986F2: The snapshot info is null. Setting the last applied indexto:(t:0, i:~)
2019-09-25 02:02:55,203 [pool-67-thread-1] INFO  server.RaftServerConfigKeys (ConfUtils.java:logGet(43)) - raft.server.notification.no-leader.timeout = 120s (custom)
2019-09-25 02:02:55,203 [pool-107-thread-1] INFO  server.RaftServerConfigKeys (ConfUtils.java:logGet(43)) - raft.server.notification.no-leader.timeout = 120s (custom)
2019-09-25 02:02:55,203 [pool-97-thread-1] INFO  ratis.ContainerStateMachine (ContainerStateMachine.java:loadSnapshot(230)) - group-B6AAD8E986F2: The snapshot info is null. Setting the last applied indexto:(t:0, i:~)
2019-09-25 02:02:55,204 [pool-107-thread-1] INFO  server.RaftServerConfigKeys (ConfUtils.java:logGet(43)) - raft.server.log.use.memory = false (default)
2019-09-25 02:02:55,204 [pool-67-thread-1] INFO  server.RaftServerConfigKeys (ConfUtils.java:logGet(43)) - raft.server.log.use.memory = false (default)
2019-09-25 02:02:55,204 [pool-107-thread-1] INFO  server.RaftServerConfigKeys (ConfUtils.java:logGet(43)) - raft.server.log.purge.gap = 1000000 (custom)
2019-09-25 02:02:55,204 [pool-97-thread-1] INFO  server.RaftServerConfigKeys (ConfUtils.java:logGet(43)) - raft.server.notification.no-leader.timeout = 120s (custom)
2019-09-25 02:02:55,204 [pool-107-thread-1] INFO  server.RaftServerConfigKeys (ConfUtils.java:logGet(43)) - raft.server.log.appender.buffer.byte-limit = 33554432 (custom)
2019-09-25 02:02:55,204 [pool-67-thread-1] INFO  server.RaftServerConfigKeys (ConfUtils.java:logGet(43)) - raft.server.log.purge.gap = 1000000 (custom)
2019-09-25 02:02:55,205 [pool-107-thread-1] INFO  server.RaftServerConfigKeys (ConfUtils.java:logGet(43)) - raft.server.log.segment.size.max = 1048576 (custom)
2019-09-25 02:02:55,204 [pool-97-thread-1] INFO  server.RaftServerConfigKeys (ConfUtils.java:logGet(43)) - raft.server.log.use.memory = false (default)
2019-09-25 02:02:55,205 [pool-107-thread-1] INFO  server.RaftServerConfigKeys (ConfUtils.java:logGet(43)) - raft.server.log.segment.cache.num.max = 2 (custom)
2019-09-25 02:02:55,205 [pool-67-thread-1] INFO  server.RaftServerConfigKeys (ConfUtils.java:logGet(43)) - raft.server.log.appender.buffer.byte-limit = 33554432 (custom)
2019-09-25 02:02:55,205 [pool-107-thread-1] INFO  segmented.SegmentedRaftLogWorker (SegmentedRaftLogWorker.java:<init>(172)) - new 189f5818-a53a-4729-a9db-ea81ae500767@group-B6AAD8E986F2-SegmentedRaftLogWorker for RaftStorage:Storage Directory /workdir/hadoop-ozone/ozonefs/target/test-dir/MiniOzoneClusterImpl-f329581b-00a8-489f-9c8e-b35e10165f21/datanode-8/data/ratis/d4d1db95-45c9-46a1-b06f-b6aad8e986f2
2019-09-25 02:02:55,205 [pool-97-thread-1] INFO  server.RaftServerConfigKeys (ConfUtils.java:logGet(43)) - raft.server.log.purge.gap = 1000000 (custom)
2019-09-25 02:02:55,206 [pool-107-thread-1] INFO  server.RaftServerConfigKeys (ConfUtils.java:logGet(43)) - raft.server.log.queue.byte-limit = 2147483647 (custom)
2019-09-25 02:02:55,205 [pool-67-thread-1] INFO  server.RaftServerConfigKeys (ConfUtils.java:logGet(43)) - raft.server.log.segment.size.max = 1048576 (custom)
2019-09-25 02:02:55,206 [pool-107-thread-1] INFO  server.RaftServerConfigKeys (ConfUtils.java:logGet(43)) - raft.server.log.queue.element-limit = 1024 (custom)
2019-09-25 02:02:55,206 [pool-97-thread-1] INFO  server.RaftServerConfigKeys (ConfUtils.java:logGet(43)) - raft.server.log.appender.buffer.byte-limit = 33554432 (custom)
2019-09-25 02:02:55,206 [pool-107-thread-1] INFO  server.RaftServerConfigKeys (ConfUtils.java:logGet(43)) - raft.server.log.segment.size.max = 1048576 (custom)
2019-09-25 02:02:55,206 [pool-67-thread-1] INFO  server.RaftServerConfigKeys (ConfUtils.java:logGet(43)) - raft.server.log.segment.cache.num.max = 2 (custom)
2019-09-25 02:02:55,207 [pool-107-thread-1] INFO  server.RaftServerConfigKeys (ConfUtils.java:logGet(43)) - raft.server.log.preallocated.size = 16384 (custom)
2019-09-25 02:02:55,206 [pool-97-thread-1] INFO  server.RaftServerConfigKeys (ConfUtils.java:logGet(43)) - raft.server.log.segment.size.max = 1048576 (custom)
2019-09-25 02:02:55,207 [pool-107-thread-1] INFO  server.RaftServerConfigKeys (ConfUtils.java:logGet(43)) - raft.server.log.write.buffer.size = 33554432 (custom)
2019-09-25 02:02:55,207 [pool-67-thread-1] INFO  segmented.SegmentedRaftLogWorker (SegmentedRaftLogWorker.java:<init>(172)) - new 708c1fbc-7d1d-46e2-b177-af1b45a5b17f@group-B6AAD8E986F2-SegmentedRaftLogWorker for RaftStorage:Storage Directory /workdir/hadoop-ozone/ozonefs/target/test-dir/MiniOzoneClusterImpl-f329581b-00a8-489f-9c8e-b35e10165f21/datanode-4/data/ratis/d4d1db95-45c9-46a1-b06f-b6aad8e986f2
2019-09-25 02:02:55,207 [pool-107-thread-1] INFO  server.RaftServerConfigKeys (ConfUtils.java:logGet(43)) - raft.server.log.force.sync.num = 128 (default)
2019-09-25 02:02:55,207 [pool-97-thread-1] INFO  server.RaftServerConfigKeys (ConfUtils.java:logGet(43)) - raft.server.log.segment.cache.num.max = 2 (custom)
2019-09-25 02:02:55,207 [pool-107-thread-1] INFO  server.RaftServerConfigKeys (ConfUtils.java:logGet(43)) - raft.server.log.statemachine.data.sync = true (default)
2019-09-25 02:02:55,207 [pool-67-thread-1] INFO  server.RaftServerConfigKeys (ConfUtils.java:logGet(43)) - raft.server.log.queue.byte-limit = 2147483647 (custom)
2019-09-25 02:02:55,208 [pool-107-thread-1] INFO  server.RaftServerConfigKeys (ConfUtils.java:logGet(43)) - raft.server.log.statemachine.data.sync.timeout = 10s (default)
2019-09-25 02:02:55,208 [pool-97-thread-1] INFO  segmented.SegmentedRaftLogWorker (SegmentedRaftLogWorker.java:<init>(172)) - new 0887b1ed-27fc-4c01-8a0d-c0b6bdd73cf1@group-B6AAD8E986F2-SegmentedRaftLogWorker for RaftStorage:Storage Directory /workdir/hadoop-ozone/ozonefs/target/test-dir/MiniOzoneClusterImpl-f329581b-00a8-489f-9c8e-b35e10165f21/datanode-7/data/ratis/d4d1db95-45c9-46a1-b06f-b6aad8e986f2
2019-09-25 02:02:55,208 [pool-107-thread-1] INFO  server.RaftServerConfigKeys (ConfUtils.java:logGet(43)) - raft.server.log.statemachine.data.sync.timeout.retry = -1 (default)
2019-09-25 02:02:55,208 [pool-67-thread-1] INFO  server.RaftServerConfigKeys (ConfUtils.java:logGet(43)) - raft.server.log.queue.element-limit = 1024 (custom)
2019-09-25 02:02:55,209 [pool-107-thread-1] INFO  server.RaftServerConfigKeys (ConfUtils.java:logGet(43)) - raft.server.log.statemachine.data.caching.enabled = true (custom)
2019-09-25 02:02:55,208 [pool-97-thread-1] INFO  server.RaftServerConfigKeys (ConfUtils.java:logGet(43)) - raft.server.log.queue.byte-limit = 2147483647 (custom)
2019-09-25 02:02:55,209 [pool-67-thread-1] INFO  server.RaftServerConfigKeys (ConfUtils.java:logGet(43)) - raft.server.log.segment.size.max = 1048576 (custom)
2019-09-25 02:02:55,209 [pool-97-thread-1] INFO  server.RaftServerConfigKeys (ConfUtils.java:logGet(43)) - raft.server.log.queue.element-limit = 1024 (custom)
2019-09-25 02:02:55,209 [pool-107-thread-1] INFO  segmented.SegmentedRaftLogWorker (SegmentedRaftLogWorker.java:lambda$new$0(132)) - 189f5818-a53a-4729-a9db-ea81ae500767@group-B6AAD8E986F2-SegmentedRaftLogWorker: flushIndex: setUnconditionally 0 -> -1
2019-09-25 02:02:55,209 [pool-97-thread-1] INFO  server.RaftServerConfigKeys (ConfUtils.java:logGet(43)) - raft.server.log.segment.size.max = 1048576 (custom)
2019-09-25 02:02:55,209 [pool-67-thread-1] INFO  server.RaftServerConfigKeys (ConfUtils.java:logGet(43)) - raft.server.log.preallocated.size = 16384 (custom)
2019-09-25 02:02:55,210 [pool-107-thread-1] INFO  server.RaftServerConfigKeys (ConfUtils.java:logGet(43)) - raft.server.snapshot.auto.trigger.enabled = true (custom)
2019-09-25 02:02:55,210 [pool-97-thread-1] INFO  server.RaftServerConfigKeys (ConfUtils.java:logGet(43)) - raft.server.log.preallocated.size = 16384 (custom)
2019-09-25 02:02:55,210 [pool-107-thread-1] INFO  server.RaftServerConfigKeys (ConfUtils.java:logGet(43)) - raft.server.snapshot.auto.trigger.threshold = 10000 (custom)
2019-09-25 02:02:55,210 [pool-67-thread-1] INFO  server.RaftServerConfigKeys (ConfUtils.java:logGet(43)) - raft.server.log.write.buffer.size = 33554432 (custom)
2019-09-25 02:02:55,210 [pool-107-thread-1] INFO  server.RaftServerConfigKeys (ConfUtils.java:logGet(43)) - raft.server.snapshot.retention.num.files = 5 (custom)
2019-09-25 02:02:55,210 [pool-97-thread-1] INFO  server.RaftServerConfigKeys (ConfUtils.java:logGet(43)) - raft.server.log.write.buffer.size = 33554432 (custom)
2019-09-25 02:02:55,210 [pool-107-thread-1] INFO  server.RaftServerConfigKeys (ConfUtils.java:logGet(43)) - raft.server.retrycache.expirytime = 600000ms (custom)
2019-09-25 02:02:55,210 [pool-67-thread-1] INFO  server.RaftServerConfigKeys (ConfUtils.java:logGet(43)) - raft.server.log.force.sync.num = 128 (default)
2019-09-25 02:02:55,211 [pool-97-thread-1] INFO  server.RaftServerConfigKeys (ConfUtils.java:logGet(43)) - raft.server.log.force.sync.num = 128 (default)
2019-09-25 02:02:55,211 [pool-67-thread-1] INFO  server.RaftServerConfigKeys (ConfUtils.java:logGet(43)) - raft.server.log.statemachine.data.sync = true (default)
2019-09-25 02:02:55,211 [pool-97-thread-1] INFO  server.RaftServerConfigKeys (ConfUtils.java:logGet(43)) - raft.server.log.statemachine.data.sync = true (default)
2019-09-25 02:02:55,211 [pool-67-thread-1] INFO  server.RaftServerConfigKeys (ConfUtils.java:logGet(43)) - raft.server.log.statemachine.data.sync.timeout = 10s (default)
2019-09-25 02:02:55,211 [pool-97-thread-1] INFO  server.RaftServerConfigKeys (ConfUtils.java:logGet(43)) - raft.server.log.statemachine.data.sync.timeout = 10s (default)
2019-09-25 02:02:55,211 [pool-67-thread-1] INFO  server.RaftServerConfigKeys (ConfUtils.java:logGet(43)) - raft.server.log.statemachine.data.sync.timeout.retry = -1 (default)
2019-09-25 02:02:55,212 [pool-97-thread-1] INFO  server.RaftServerConfigKeys (ConfUtils.java:logGet(43)) - raft.server.log.statemachine.data.sync.timeout.retry = -1 (default)
2019-09-25 02:02:55,212 [pool-67-thread-1] INFO  server.RaftServerConfigKeys (ConfUtils.java:logGet(43)) - raft.server.log.statemachine.data.caching.enabled = true (custom)
2019-09-25 02:02:55,212 [pool-97-thread-1] INFO  server.RaftServerConfigKeys (ConfUtils.java:logGet(43)) - raft.server.log.statemachine.data.caching.enabled = true (custom)
2019-09-25 02:02:55,212 [pool-67-thread-1] INFO  segmented.SegmentedRaftLogWorker (SegmentedRaftLogWorker.java:lambda$new$0(132)) - 708c1fbc-7d1d-46e2-b177-af1b45a5b17f@group-B6AAD8E986F2-SegmentedRaftLogWorker: flushIndex: setUnconditionally 0 -> -1
2019-09-25 02:02:55,212 [pool-97-thread-1] INFO  segmented.SegmentedRaftLogWorker (SegmentedRaftLogWorker.java:lambda$new$0(132)) - 0887b1ed-27fc-4c01-8a0d-c0b6bdd73cf1@group-B6AAD8E986F2-SegmentedRaftLogWorker: flushIndex: setUnconditionally 0 -> -1
2019-09-25 02:02:55,212 [pool-67-thread-1] INFO  server.RaftServerConfigKeys (ConfUtils.java:logGet(43)) - raft.server.snapshot.auto.trigger.enabled = true (custom)
2019-09-25 02:02:55,213 [pool-67-thread-1] INFO  server.RaftServerConfigKeys (ConfUtils.java:logGet(43)) - raft.server.snapshot.auto.trigger.threshold = 10000 (custom)
2019-09-25 02:02:55,213 [pool-97-thread-1] INFO  server.RaftServerConfigKeys (ConfUtils.java:logGet(43)) - raft.server.snapshot.auto.trigger.enabled = true (custom)
2019-09-25 02:02:55,213 [pool-67-thread-1] INFO  server.RaftServerConfigKeys (ConfUtils.java:logGet(43)) - raft.server.snapshot.retention.num.files = 5 (custom)
2019-09-25 02:02:55,213 [pool-97-thread-1] INFO  server.RaftServerConfigKeys (ConfUtils.java:logGet(43)) - raft.server.snapshot.auto.trigger.threshold = 10000 (custom)
2019-09-25 02:02:55,213 [pool-67-thread-1] INFO  server.RaftServerConfigKeys (ConfUtils.java:logGet(43)) - raft.server.retrycache.expirytime = 600000ms (custom)
2019-09-25 02:02:55,213 [pool-97-thread-1] INFO  server.RaftServerConfigKeys (ConfUtils.java:logGet(43)) - raft.server.snapshot.retention.num.files = 5 (custom)
2019-09-25 02:02:55,213 [pool-97-thread-1] INFO  server.RaftServerConfigKeys (ConfUtils.java:logGet(43)) - raft.server.retrycache.expirytime = 600000ms (custom)
2019-09-25 02:02:55,215 [Thread-283] INFO  container.ReplicationManager (ReplicationManager.java:start(162)) - Starting Replication Monitor Thread.
2019-09-25 02:02:55,217 [ReplicationMonitor] INFO  container.ReplicationManager (ReplicationManager.java:run(225)) - Replication Monitor Thread took 1 milliseconds for processing 0 containers.
2019-09-25 02:02:55,220 [pool-97-thread-1] INFO  impl.RaftServerImpl (RaftServerImpl.java:start(185)) - 0887b1ed-27fc-4c01-8a0d-c0b6bdd73cf1@group-B6AAD8E986F2: start as a follower, conf=-1: [189f5818-a53a-4729-a9db-ea81ae500767:192.168.151.66:38437, 708c1fbc-7d1d-46e2-b177-af1b45a5b17f:192.168.151.66:43670, 0887b1ed-27fc-4c01-8a0d-c0b6bdd73cf1:192.168.151.66:38297], old=null
2019-09-25 02:02:55,220 [pool-97-thread-1] INFO  impl.RaftServerImpl (RaftServerImpl.java:setRole(174)) - 0887b1ed-27fc-4c01-8a0d-c0b6bdd73cf1@group-B6AAD8E986F2: changes role from      null to FOLLOWER at term 0 for startAsFollower
2019-09-25 02:02:55,220 [pool-107-thread-1] INFO  impl.RaftServerImpl (RaftServerImpl.java:start(185)) - 189f5818-a53a-4729-a9db-ea81ae500767@group-B6AAD8E986F2: start as a follower, conf=-1: [189f5818-a53a-4729-a9db-ea81ae500767:192.168.151.66:38437, 708c1fbc-7d1d-46e2-b177-af1b45a5b17f:192.168.151.66:43670, 0887b1ed-27fc-4c01-8a0d-c0b6bdd73cf1:192.168.151.66:38297], old=null
2019-09-25 02:02:55,221 [pool-97-thread-1] INFO  impl.RoleInfo (RoleInfo.java:updateAndGet(143)) - 0887b1ed-27fc-4c01-8a0d-c0b6bdd73cf1: start FollowerState
2019-09-25 02:02:55,220 [pool-67-thread-1] INFO  impl.RaftServerImpl (RaftServerImpl.java:start(185)) - 708c1fbc-7d1d-46e2-b177-af1b45a5b17f@group-B6AAD8E986F2: start as a follower, conf=-1: [189f5818-a53a-4729-a9db-ea81ae500767:192.168.151.66:38437, 708c1fbc-7d1d-46e2-b177-af1b45a5b17f:192.168.151.66:43670, 0887b1ed-27fc-4c01-8a0d-c0b6bdd73cf1:192.168.151.66:38297], old=null
2019-09-25 02:02:55,221 [pool-107-thread-1] INFO  impl.RaftServerImpl (RaftServerImpl.java:setRole(174)) - 189f5818-a53a-4729-a9db-ea81ae500767@group-B6AAD8E986F2: changes role from      null to FOLLOWER at term 0 for startAsFollower
2019-09-25 02:02:55,221 [pool-67-thread-1] INFO  impl.RaftServerImpl (RaftServerImpl.java:setRole(174)) - 708c1fbc-7d1d-46e2-b177-af1b45a5b17f@group-B6AAD8E986F2: changes role from      null to FOLLOWER at term 0 for startAsFollower
2019-09-25 02:02:55,221 [pool-97-thread-1] INFO  util.JmxRegister (JmxRegister.java:tryRegister(44)) - Successfully registered JMX Bean with object name Ratis:service=RaftServer,group=group-B6AAD8E986F2,id=0887b1ed-27fc-4c01-8a0d-c0b6bdd73cf1
2019-09-25 02:02:55,221 [pool-107-thread-1] INFO  impl.RoleInfo (RoleInfo.java:updateAndGet(143)) - 189f5818-a53a-4729-a9db-ea81ae500767: start FollowerState
2019-09-25 02:02:55,221 [pool-67-thread-1] INFO  impl.RoleInfo (RoleInfo.java:updateAndGet(143)) - 708c1fbc-7d1d-46e2-b177-af1b45a5b17f: start FollowerState
2019-09-25 02:02:55,222 [pool-107-thread-1] INFO  util.JmxRegister (JmxRegister.java:tryRegister(44)) - Successfully registered JMX Bean with object name Ratis:service=RaftServer,group=group-B6AAD8E986F2,id=189f5818-a53a-4729-a9db-ea81ae500767
2019-09-25 02:02:55,222 [pool-67-thread-1] INFO  util.JmxRegister (JmxRegister.java:tryRegister(44)) - Successfully registered JMX Bean with object name Ratis:service=RaftServer,group=group-B6AAD8E986F2,id=708c1fbc-7d1d-46e2-b177-af1b45a5b17f
2019-09-25 02:02:55,242 [RatisPipelineUtilsThread] INFO  pipeline.PipelineStateManager (PipelineStateManager.java:addPipeline(56)) - Created pipeline Pipeline[ Id: d4d1db95-45c9-46a1-b06f-b6aad8e986f2, Nodes: 708c1fbc-7d1d-46e2-b177-af1b45a5b17f{ip: 192.168.151.66, host: pr-hdds-2162-v2v4x-1150571016, networkLocation: /default-rack, certSerialId: null}189f5818-a53a-4729-a9db-ea81ae500767{ip: 192.168.151.66, host: pr-hdds-2162-v2v4x-1150571016, networkLocation: /default-rack, certSerialId: null}0887b1ed-27fc-4c01-8a0d-c0b6bdd73cf1{ip: 192.168.151.66, host: pr-hdds-2162-v2v4x-1150571016, networkLocation: /default-rack, certSerialId: null}, Type:RATIS, Factor:THREE, State:OPEN]
2019-09-25 02:02:55,260 [grpc-default-executor-1] INFO  impl.RaftServerProxy (RaftServerProxy.java:addNew(89)) - 3a1526ff-e59b-45ed-a910-aedaa732a469: addNew group-0E59EC4C81DE:[e2bc4f57-4e4d-4806-bb89-300e99e050aa:192.168.151.66:43164, 3a1526ff-e59b-45ed-a910-aedaa732a469:192.168.151.66:45885, 0983ca92-2e85-418c-b6e1-27ad33fcd8b4:192.168.151.66:45245] returns group-0E59EC4C81DE:java.util.concurrent.CompletableFuture@34ad9f0e[Not completed]
2019-09-25 02:02:55,262 [grpc-default-executor-0] INFO  impl.RaftServerProxy (RaftServerProxy.java:addNew(89)) - 0983ca92-2e85-418c-b6e1-27ad33fcd8b4: addNew group-0E59EC4C81DE:[e2bc4f57-4e4d-4806-bb89-300e99e050aa:192.168.151.66:43164, 3a1526ff-e59b-45ed-a910-aedaa732a469:192.168.151.66:45885, 0983ca92-2e85-418c-b6e1-27ad33fcd8b4:192.168.151.66:45245] returns group-0E59EC4C81DE:java.util.concurrent.CompletableFuture@768306e9[Not completed]
2019-09-25 02:02:55,264 [grpc-default-executor-2] INFO  impl.RaftServerProxy (RaftServerProxy.java:addNew(89)) - e2bc4f57-4e4d-4806-bb89-300e99e050aa: addNew group-0E59EC4C81DE:[e2bc4f57-4e4d-4806-bb89-300e99e050aa:192.168.151.66:43164, 3a1526ff-e59b-45ed-a910-aedaa732a469:192.168.151.66:45885, 0983ca92-2e85-418c-b6e1-27ad33fcd8b4:192.168.151.66:45245] returns group-0E59EC4C81DE:java.util.concurrent.CompletableFuture@20804f01[Not completed]
2019-09-25 02:02:55,265 [pool-87-thread-1] INFO  impl.RaftServerImpl (RaftServerImpl.java:<init>(95)) - 3a1526ff-e59b-45ed-a910-aedaa732a469: new RaftServerImpl for group-0E59EC4C81DE:[e2bc4f57-4e4d-4806-bb89-300e99e050aa:192.168.151.66:43164, 3a1526ff-e59b-45ed-a910-aedaa732a469:192.168.151.66:45885, 0983ca92-2e85-418c-b6e1-27ad33fcd8b4:192.168.151.66:45245] with ContainerStateMachine:uninitialized
2019-09-25 02:02:55,265 [pool-87-thread-1] INFO  server.RaftServerConfigKeys (ConfUtils.java:logGet(43)) - raft.server.rpc.timeout.min = 5s (custom)
2019-09-25 02:02:55,265 [pool-87-thread-1] INFO  server.RaftServerConfigKeys (ConfUtils.java:logGet(43)) - raft.server.rpc.timeout.max = 5200ms (custom)
2019-09-25 02:02:55,265 [pool-87-thread-1] INFO  server.RaftServerConfigKeys (ConfUtils.java:logGet(43)) - raft.server.rpcslowness.timeout = 120s (custom)
2019-09-25 02:02:55,266 [pool-87-thread-1] INFO  server.RaftServerConfigKeys (ConfUtils.java:logGet(43)) - raft.server.sleep.deviation.threshold = 300 (default)
2019-09-25 02:02:55,266 [pool-87-thread-1] INFO  server.RaftServerConfigKeys (ConfUtils.java:logGet(43)) - raft.server.log.appender.install.snapshot.enabled = false (custom)
2019-09-25 02:02:55,266 [pool-87-thread-1] INFO  impl.RaftServerImpl (ServerState.java:<init>(103)) - 3a1526ff-e59b-45ed-a910-aedaa732a469@group-0E59EC4C81DE: ConfigurationManager, init=-1: [e2bc4f57-4e4d-4806-bb89-300e99e050aa:192.168.151.66:43164, 3a1526ff-e59b-45ed-a910-aedaa732a469:192.168.151.66:45885, 0983ca92-2e85-418c-b6e1-27ad33fcd8b4:192.168.151.66:45245], old=null, confs=<EMPTY_MAP>
2019-09-25 02:02:55,266 [pool-87-thread-1] INFO  server.RaftServerConfigKeys (ConfUtils.java:logGet(43)) - raft.server.storage.dir = [/workdir/hadoop-ozone/ozonefs/target/test-dir/MiniOzoneClusterImpl-f329581b-00a8-489f-9c8e-b35e10165f21/datanode-6/data/ratis] (custom)
2019-09-25 02:02:55,266 [pool-27-thread-1] INFO  impl.RaftServerImpl (RaftServerImpl.java:<init>(95)) - e2bc4f57-4e4d-4806-bb89-300e99e050aa: new RaftServerImpl for group-0E59EC4C81DE:[e2bc4f57-4e4d-4806-bb89-300e99e050aa:192.168.151.66:43164, 3a1526ff-e59b-45ed-a910-aedaa732a469:192.168.151.66:45885, 0983ca92-2e85-418c-b6e1-27ad33fcd8b4:192.168.151.66:45245] with ContainerStateMachine:uninitialized
2019-09-25 02:02:55,266 [pool-87-thread-1] INFO  storage.RaftStorageDirectory (RaftStorageDirectory.java:analyzeStorage(246)) - The storage directory /workdir/hadoop-ozone/ozonefs/target/test-dir/MiniOzoneClusterImpl-f329581b-00a8-489f-9c8e-b35e10165f21/datanode-6/data/ratis/ae233f9d-70b2-4a9e-90ad-0e59ec4c81de does not exist. Creating ...
2019-09-25 02:02:55,266 [pool-27-thread-1] INFO  server.RaftServerConfigKeys (ConfUtils.java:logGet(43)) - raft.server.rpc.timeout.min = 5s (custom)
2019-09-25 02:02:55,267 [pool-27-thread-1] INFO  server.RaftServerConfigKeys (ConfUtils.java:logGet(43)) - raft.server.rpc.timeout.max = 5200ms (custom)
2019-09-25 02:02:55,267 [pool-37-thread-1] INFO  impl.RaftServerImpl (RaftServerImpl.java:<init>(95)) - 0983ca92-2e85-418c-b6e1-27ad33fcd8b4: new RaftServerImpl for group-0E59EC4C81DE:[e2bc4f57-4e4d-4806-bb89-300e99e050aa:192.168.151.66:43164, 3a1526ff-e59b-45ed-a910-aedaa732a469:192.168.151.66:45885, 0983ca92-2e85-418c-b6e1-27ad33fcd8b4:192.168.151.66:45245] with ContainerStateMachine:uninitialized
2019-09-25 02:02:55,267 [pool-27-thread-1] INFO  server.RaftServerConfigKeys (ConfUtils.java:logGet(43)) - raft.server.rpcslowness.timeout = 120s (custom)
2019-09-25 02:02:55,267 [pool-37-thread-1] INFO  server.RaftServerConfigKeys (ConfUtils.java:logGet(43)) - raft.server.rpc.timeout.min = 5s (custom)
2019-09-25 02:02:55,267 [pool-27-thread-1] INFO  server.RaftServerConfigKeys (ConfUtils.java:logGet(43)) - raft.server.sleep.deviation.threshold = 300 (default)
2019-09-25 02:02:55,267 [pool-37-thread-1] INFO  server.RaftServerConfigKeys (ConfUtils.java:logGet(43)) - raft.server.rpc.timeout.max = 5200ms (custom)
2019-09-25 02:02:55,267 [pool-27-thread-1] INFO  server.RaftServerConfigKeys (ConfUtils.java:logGet(43)) - raft.server.log.appender.install.snapshot.enabled = false (custom)
2019-09-25 02:02:55,268 [pool-37-thread-1] INFO  server.RaftServerConfigKeys (ConfUtils.java:logGet(43)) - raft.server.rpcslowness.timeout = 120s (custom)
2019-09-25 02:02:55,268 [pool-27-thread-1] INFO  impl.RaftServerImpl (ServerState.java:<init>(103)) - e2bc4f57-4e4d-4806-bb89-300e99e050aa@group-0E59EC4C81DE: ConfigurationManager, init=-1: [e2bc4f57-4e4d-4806-bb89-300e99e050aa:192.168.151.66:43164, 3a1526ff-e59b-45ed-a910-aedaa732a469:192.168.151.66:45885, 0983ca92-2e85-418c-b6e1-27ad33fcd8b4:192.168.151.66:45245], old=null, confs=<EMPTY_MAP>
2019-09-25 02:02:55,268 [pool-37-thread-1] INFO  server.RaftServerConfigKeys (ConfUtils.java:logGet(43)) - raft.server.sleep.deviation.threshold = 300 (default)
2019-09-25 02:02:55,268 [pool-37-thread-1] INFO  server.RaftServerConfigKeys (ConfUtils.java:logGet(43)) - raft.server.log.appender.install.snapshot.enabled = false (custom)
2019-09-25 02:02:55,268 [pool-27-thread-1] INFO  server.RaftServerConfigKeys (ConfUtils.java:logGet(43)) - raft.server.storage.dir = [/workdir/hadoop-ozone/ozonefs/target/test-dir/MiniOzoneClusterImpl-f329581b-00a8-489f-9c8e-b35e10165f21/datanode-0/data/ratis] (custom)
2019-09-25 02:02:55,268 [pool-37-thread-1] INFO  impl.RaftServerImpl (ServerState.java:<init>(103)) - 0983ca92-2e85-418c-b6e1-27ad33fcd8b4@group-0E59EC4C81DE: ConfigurationManager, init=-1: [e2bc4f57-4e4d-4806-bb89-300e99e050aa:192.168.151.66:43164, 3a1526ff-e59b-45ed-a910-aedaa732a469:192.168.151.66:45885, 0983ca92-2e85-418c-b6e1-27ad33fcd8b4:192.168.151.66:45245], old=null, confs=<EMPTY_MAP>
2019-09-25 02:02:55,268 [pool-37-thread-1] INFO  server.RaftServerConfigKeys (ConfUtils.java:logGet(43)) - raft.server.storage.dir = [/workdir/hadoop-ozone/ozonefs/target/test-dir/MiniOzoneClusterImpl-f329581b-00a8-489f-9c8e-b35e10165f21/datanode-1/data/ratis] (custom)
2019-09-25 02:02:55,269 [pool-27-thread-1] INFO  storage.RaftStorageDirectory (RaftStorageDirectory.java:analyzeStorage(246)) - The storage directory /workdir/hadoop-ozone/ozonefs/target/test-dir/MiniOzoneClusterImpl-f329581b-00a8-489f-9c8e-b35e10165f21/datanode-0/data/ratis/ae233f9d-70b2-4a9e-90ad-0e59ec4c81de does not exist. Creating ...
2019-09-25 02:02:55,269 [pool-37-thread-1] INFO  storage.RaftStorageDirectory (RaftStorageDirectory.java:analyzeStorage(246)) - The storage directory /workdir/hadoop-ozone/ozonefs/target/test-dir/MiniOzoneClusterImpl-f329581b-00a8-489f-9c8e-b35e10165f21/datanode-1/data/ratis/ae233f9d-70b2-4a9e-90ad-0e59ec4c81de does not exist. Creating ...
2019-09-25 02:02:55,295 [pool-37-thread-1] INFO  storage.RaftStorageDirectory (RaftStorageDirectory.java:tryLock(328)) - Lock on /workdir/hadoop-ozone/ozonefs/target/test-dir/MiniOzoneClusterImpl-f329581b-00a8-489f-9c8e-b35e10165f21/datanode-1/data/ratis/ae233f9d-70b2-4a9e-90ad-0e59ec4c81de/in_use.lock acquired by nodename 8075@pr-hdds-2162-v2v4x-1150571016
2019-09-25 02:02:55,295 [pool-87-thread-1] INFO  storage.RaftStorageDirectory (RaftStorageDirectory.java:tryLock(328)) - Lock on /workdir/hadoop-ozone/ozonefs/target/test-dir/MiniOzoneClusterImpl-f329581b-00a8-489f-9c8e-b35e10165f21/datanode-6/data/ratis/ae233f9d-70b2-4a9e-90ad-0e59ec4c81de/in_use.lock acquired by nodename 8075@pr-hdds-2162-v2v4x-1150571016
2019-09-25 02:02:55,295 [pool-27-thread-1] INFO  storage.RaftStorageDirectory (RaftStorageDirectory.java:tryLock(328)) - Lock on /workdir/hadoop-ozone/ozonefs/target/test-dir/MiniOzoneClusterImpl-f329581b-00a8-489f-9c8e-b35e10165f21/datanode-0/data/ratis/ae233f9d-70b2-4a9e-90ad-0e59ec4c81de/in_use.lock acquired by nodename 8075@pr-hdds-2162-v2v4x-1150571016
2019-09-25 02:02:55,321 [pool-27-thread-1] INFO  storage.RaftStorage (RaftStorage.java:format(72)) - Storage directory /workdir/hadoop-ozone/ozonefs/target/test-dir/MiniOzoneClusterImpl-f329581b-00a8-489f-9c8e-b35e10165f21/datanode-0/data/ratis/ae233f9d-70b2-4a9e-90ad-0e59ec4c81de has been successfully formatted.
2019-09-25 02:02:55,321 [pool-87-thread-1] INFO  storage.RaftStorage (RaftStorage.java:format(72)) - Storage directory /workdir/hadoop-ozone/ozonefs/target/test-dir/MiniOzoneClusterImpl-f329581b-00a8-489f-9c8e-b35e10165f21/datanode-6/data/ratis/ae233f9d-70b2-4a9e-90ad-0e59ec4c81de has been successfully formatted.
2019-09-25 02:02:55,321 [pool-37-thread-1] INFO  storage.RaftStorage (RaftStorage.java:format(72)) - Storage directory /workdir/hadoop-ozone/ozonefs/target/test-dir/MiniOzoneClusterImpl-f329581b-00a8-489f-9c8e-b35e10165f21/datanode-1/data/ratis/ae233f9d-70b2-4a9e-90ad-0e59ec4c81de has been successfully formatted.
2019-09-25 02:02:55,321 [pool-27-thread-1] INFO  ratis.ContainerStateMachine (ContainerStateMachine.java:loadSnapshot(230)) - group-0E59EC4C81DE: The snapshot info is null. Setting the last applied indexto:(t:0, i:~)
2019-09-25 02:02:55,321 [pool-37-thread-1] INFO  ratis.ContainerStateMachine (ContainerStateMachine.java:loadSnapshot(230)) - group-0E59EC4C81DE: The snapshot info is null. Setting the last applied indexto:(t:0, i:~)
2019-09-25 02:02:55,321 [pool-87-thread-1] INFO  ratis.ContainerStateMachine (ContainerStateMachine.java:loadSnapshot(230)) - group-0E59EC4C81DE: The snapshot info is null. Setting the last applied indexto:(t:0, i:~)
2019-09-25 02:02:55,321 [pool-37-thread-1] INFO  server.RaftServerConfigKeys (ConfUtils.java:logGet(43)) - raft.server.notification.no-leader.timeout = 120s (custom)
2019-09-25 02:02:55,321 [pool-27-thread-1] INFO  server.RaftServerConfigKeys (ConfUtils.java:logGet(43)) - raft.server.notification.no-leader.timeout = 120s (custom)
2019-09-25 02:02:55,322 [pool-37-thread-1] INFO  server.RaftServerConfigKeys (ConfUtils.java:logGet(43)) - raft.server.log.use.memory = false (default)
2019-09-25 02:02:55,321 [pool-87-thread-1] INFO  server.RaftServerConfigKeys (ConfUtils.java:logGet(43)) - raft.server.notification.no-leader.timeout = 120s (custom)
2019-09-25 02:02:55,322 [pool-37-thread-1] INFO  server.RaftServerConfigKeys (ConfUtils.java:logGet(43)) - raft.server.log.purge.gap = 1000000 (custom)
2019-09-25 02:02:55,322 [pool-27-thread-1] INFO  server.RaftServerConfigKeys (ConfUtils.java:logGet(43)) - raft.server.log.use.memory = false (default)
2019-09-25 02:02:55,322 [pool-37-thread-1] INFO  server.RaftServerConfigKeys (ConfUtils.java:logGet(43)) - raft.server.log.appender.buffer.byte-limit = 33554432 (custom)
2019-09-25 02:02:55,322 [pool-87-thread-1] INFO  server.RaftServerConfigKeys (ConfUtils.java:logGet(43)) - raft.server.log.use.memory = false (default)
2019-09-25 02:02:55,322 [pool-37-thread-1] INFO  server.RaftServerConfigKeys (ConfUtils.java:logGet(43)) - raft.server.log.segment.size.max = 1048576 (custom)
2019-09-25 02:02:55,322 [pool-27-thread-1] INFO  server.RaftServerConfigKeys (ConfUtils.java:logGet(43)) - raft.server.log.purge.gap = 1000000 (custom)
2019-09-25 02:02:55,323 [pool-37-thread-1] INFO  server.RaftServerConfigKeys (ConfUtils.java:logGet(43)) - raft.server.log.segment.cache.num.max = 2 (custom)
2019-09-25 02:02:55,323 [pool-87-thread-1] INFO  server.RaftServerConfigKeys (ConfUtils.java:logGet(43)) - raft.server.log.purge.gap = 1000000 (custom)
2019-09-25 02:02:55,323 [pool-37-thread-1] INFO  segmented.SegmentedRaftLogWorker (SegmentedRaftLogWorker.java:<init>(172)) - new 0983ca92-2e85-418c-b6e1-27ad33fcd8b4@group-0E59EC4C81DE-SegmentedRaftLogWorker for RaftStorage:Storage Directory /workdir/hadoop-ozone/ozonefs/target/test-dir/MiniOzoneClusterImpl-f329581b-00a8-489f-9c8e-b35e10165f21/datanode-1/data/ratis/ae233f9d-70b2-4a9e-90ad-0e59ec4c81de
2019-09-25 02:02:55,323 [pool-27-thread-1] INFO  server.RaftServerConfigKeys (ConfUtils.java:logGet(43)) - raft.server.log.appender.buffer.byte-limit = 33554432 (custom)
2019-09-25 02:02:55,323 [pool-37-thread-1] INFO  server.RaftServerConfigKeys (ConfUtils.java:logGet(43)) - raft.server.log.queue.byte-limit = 2147483647 (custom)
2019-09-25 02:02:55,323 [pool-87-thread-1] INFO  server.RaftServerConfigKeys (ConfUtils.java:logGet(43)) - raft.server.log.appender.buffer.byte-limit = 33554432 (custom)
2019-09-25 02:02:55,324 [pool-37-thread-1] INFO  server.RaftServerConfigKeys (ConfUtils.java:logGet(43)) - raft.server.log.queue.element-limit = 1024 (custom)
2019-09-25 02:02:55,324 [pool-27-thread-1] INFO  server.RaftServerConfigKeys (ConfUtils.java:logGet(43)) - raft.server.log.segment.size.max = 1048576 (custom)
2019-09-25 02:02:55,324 [pool-37-thread-1] INFO  server.RaftServerConfigKeys (ConfUtils.java:logGet(43)) - raft.server.log.segment.size.max = 1048576 (custom)
2019-09-25 02:02:55,324 [pool-87-thread-1] INFO  server.RaftServerConfigKeys (ConfUtils.java:logGet(43)) - raft.server.log.segment.size.max = 1048576 (custom)
2019-09-25 02:02:55,325 [pool-37-thread-1] INFO  server.RaftServerConfigKeys (ConfUtils.java:logGet(43)) - raft.server.log.preallocated.size = 16384 (custom)
2019-09-25 02:02:55,324 [pool-27-thread-1] INFO  server.RaftServerConfigKeys (ConfUtils.java:logGet(43)) - raft.server.log.segment.cache.num.max = 2 (custom)
2019-09-25 02:02:55,325 [pool-37-thread-1] INFO  server.RaftServerConfigKeys (ConfUtils.java:logGet(43)) - raft.server.log.write.buffer.size = 33554432 (custom)
2019-09-25 02:02:55,325 [pool-37-thread-1] INFO  server.RaftServerConfigKeys (ConfUtils.java:logGet(43)) - raft.server.log.force.sync.num = 128 (default)
2019-09-25 02:02:55,325 [pool-87-thread-1] INFO  server.RaftServerConfigKeys (ConfUtils.java:logGet(43)) - raft.server.log.segment.cache.num.max = 2 (custom)
2019-09-25 02:02:55,325 [pool-37-thread-1] INFO  server.RaftServerConfigKeys (ConfUtils.java:logGet(43)) - raft.server.log.statemachine.data.sync = true (default)
2019-09-25 02:02:55,325 [pool-27-thread-1] INFO  segmented.SegmentedRaftLogWorker (SegmentedRaftLogWorker.java:<init>(172)) - new e2bc4f57-4e4d-4806-bb89-300e99e050aa@group-0E59EC4C81DE-SegmentedRaftLogWorker for RaftStorage:Storage Directory /workdir/hadoop-ozone/ozonefs/target/test-dir/MiniOzoneClusterImpl-f329581b-00a8-489f-9c8e-b35e10165f21/datanode-0/data/ratis/ae233f9d-70b2-4a9e-90ad-0e59ec4c81de
2019-09-25 02:02:55,326 [pool-37-thread-1] INFO  server.RaftServerConfigKeys (ConfUtils.java:logGet(43)) - raft.server.log.statemachine.data.sync.timeout = 10s (default)
2019-09-25 02:02:55,325 [pool-87-thread-1] INFO  segmented.SegmentedRaftLogWorker (SegmentedRaftLogWorker.java:<init>(172)) - new 3a1526ff-e59b-45ed-a910-aedaa732a469@group-0E59EC4C81DE-SegmentedRaftLogWorker for RaftStorage:Storage Directory /workdir/hadoop-ozone/ozonefs/target/test-dir/MiniOzoneClusterImpl-f329581b-00a8-489f-9c8e-b35e10165f21/datanode-6/data/ratis/ae233f9d-70b2-4a9e-90ad-0e59ec4c81de
2019-09-25 02:02:55,326 [pool-37-thread-1] INFO  server.RaftServerConfigKeys (ConfUtils.java:logGet(43)) - raft.server.log.statemachine.data.sync.timeout.retry = -1 (default)
2019-09-25 02:02:55,326 [pool-27-thread-1] INFO  server.RaftServerConfigKeys (ConfUtils.java:logGet(43)) - raft.server.log.queue.byte-limit = 2147483647 (custom)
2019-09-25 02:02:55,326 [pool-87-thread-1] INFO  server.RaftServerConfigKeys (ConfUtils.java:logGet(43)) - raft.server.log.queue.byte-limit = 2147483647 (custom)
2019-09-25 02:02:55,326 [pool-27-thread-1] INFO  server.RaftServerConfigKeys (ConfUtils.java:logGet(43)) - raft.server.log.queue.element-limit = 1024 (custom)
2019-09-25 02:02:55,326 [pool-37-thread-1] INFO  server.RaftServerConfigKeys (ConfUtils.java:logGet(43)) - raft.server.log.statemachine.data.caching.enabled = true (custom)
2019-09-25 02:02:55,327 [pool-27-thread-1] INFO  server.RaftServerConfigKeys (ConfUtils.java:logGet(43)) - raft.server.log.segment.size.max = 1048576 (custom)
2019-09-25 02:02:55,327 [pool-87-thread-1] INFO  server.RaftServerConfigKeys (ConfUtils.java:logGet(43)) - raft.server.log.queue.element-limit = 1024 (custom)
2019-09-25 02:02:55,327 [pool-27-thread-1] INFO  server.RaftServerConfigKeys (ConfUtils.java:logGet(43)) - raft.server.log.preallocated.size = 16384 (custom)
2019-09-25 02:02:55,327 [pool-87-thread-1] INFO  server.RaftServerConfigKeys (ConfUtils.java:logGet(43)) - raft.server.log.segment.size.max = 1048576 (custom)
2019-09-25 02:02:55,327 [pool-37-thread-1] INFO  segmented.SegmentedRaftLogWorker (SegmentedRaftLogWorker.java:lambda$new$0(132)) - 0983ca92-2e85-418c-b6e1-27ad33fcd8b4@group-0E59EC4C81DE-SegmentedRaftLogWorker: flushIndex: setUnconditionally 0 -> -1
2019-09-25 02:02:55,327 [pool-87-thread-1] INFO  server.RaftServerConfigKeys (ConfUtils.java:logGet(43)) - raft.server.log.preallocated.size = 16384 (custom)
2019-09-25 02:02:55,327 [pool-27-thread-1] INFO  server.RaftServerConfigKeys (ConfUtils.java:logGet(43)) - raft.server.log.write.buffer.size = 33554432 (custom)
2019-09-25 02:02:55,328 [pool-87-thread-1] INFO  server.RaftServerConfigKeys (ConfUtils.java:logGet(43)) - raft.server.log.write.buffer.size = 33554432 (custom)
2019-09-25 02:02:55,328 [pool-27-thread-1] INFO  server.RaftServerConfigKeys (ConfUtils.java:logGet(43)) - raft.server.log.force.sync.num = 128 (default)
2019-09-25 02:02:55,328 [pool-37-thread-1] INFO  server.RaftServerConfigKeys (ConfUtils.java:logGet(43)) - raft.server.snapshot.auto.trigger.enabled = true (custom)
2019-09-25 02:02:55,328 [pool-27-thread-1] INFO  server.RaftServerConfigKeys (ConfUtils.java:logGet(43)) - raft.server.log.statemachine.data.sync = true (default)
2019-09-25 02:02:55,328 [pool-87-thread-1] INFO  server.RaftServerConfigKeys (ConfUtils.java:logGet(43)) - raft.server.log.force.sync.num = 128 (default)
2019-09-25 02:02:55,328 [pool-27-thread-1] INFO  server.RaftServerConfigKeys (ConfUtils.java:logGet(43)) - raft.server.log.statemachine.data.sync.timeout = 10s (default)
2019-09-25 02:02:55,328 [pool-37-thread-1] INFO  server.RaftServerConfigKeys (ConfUtils.java:logGet(43)) - raft.server.snapshot.auto.trigger.threshold = 10000 (custom)
2019-09-25 02:02:55,329 [pool-27-thread-1] INFO  server.RaftServerConfigKeys (ConfUtils.java:logGet(43)) - raft.server.log.statemachine.data.sync.timeout.retry = -1 (default)
2019-09-25 02:02:55,328 [pool-87-thread-1] INFO  server.RaftServerConfigKeys (ConfUtils.java:logGet(43)) - raft.server.log.statemachine.data.sync = true (default)
2019-09-25 02:02:55,329 [pool-27-thread-1] INFO  server.RaftServerConfigKeys (ConfUtils.java:logGet(43)) - raft.server.log.statemachine.data.caching.enabled = true (custom)
2019-09-25 02:02:55,329 [pool-37-thread-1] INFO  server.RaftServerConfigKeys (ConfUtils.java:logGet(43)) - raft.server.snapshot.retention.num.files = 5 (custom)
2019-09-25 02:02:55,329 [pool-27-thread-1] INFO  segmented.SegmentedRaftLogWorker (SegmentedRaftLogWorker.java:lambda$new$0(132)) - e2bc4f57-4e4d-4806-bb89-300e99e050aa@group-0E59EC4C81DE-SegmentedRaftLogWorker: flushIndex: setUnconditionally 0 -> -1
2019-09-25 02:02:55,329 [pool-87-thread-1] INFO  server.RaftServerConfigKeys (ConfUtils.java:logGet(43)) - raft.server.log.statemachine.data.sync.timeout = 10s (default)
2019-09-25 02:02:55,330 [pool-27-thread-1] INFO  server.RaftServerConfigKeys (ConfUtils.java:logGet(43)) - raft.server.snapshot.auto.trigger.enabled = true (custom)
2019-09-25 02:02:55,329 [pool-37-thread-1] INFO  server.RaftServerConfigKeys (ConfUtils.java:logGet(43)) - raft.server.retrycache.expirytime = 600000ms (custom)
2019-09-25 02:02:55,330 [pool-27-thread-1] INFO  server.RaftServerConfigKeys (ConfUtils.java:logGet(43)) - raft.server.snapshot.auto.trigger.threshold = 10000 (custom)
2019-09-25 02:02:55,330 [pool-87-thread-1] INFO  server.RaftServerConfigKeys (ConfUtils.java:logGet(43)) - raft.server.log.statemachine.data.sync.timeout.retry = -1 (default)
2019-09-25 02:02:55,330 [pool-27-thread-1] INFO  server.RaftServerConfigKeys (ConfUtils.java:logGet(43)) - raft.server.snapshot.retention.num.files = 5 (custom)
2019-09-25 02:02:55,330 [pool-87-thread-1] INFO  server.RaftServerConfigKeys (ConfUtils.java:logGet(43)) - raft.server.log.statemachine.data.caching.enabled = true (custom)
2019-09-25 02:02:55,330 [pool-27-thread-1] INFO  server.RaftServerConfigKeys (ConfUtils.java:logGet(43)) - raft.server.retrycache.expirytime = 600000ms (custom)
2019-09-25 02:02:55,331 [pool-87-thread-1] INFO  segmented.SegmentedRaftLogWorker (SegmentedRaftLogWorker.java:lambda$new$0(132)) - 3a1526ff-e59b-45ed-a910-aedaa732a469@group-0E59EC4C81DE-SegmentedRaftLogWorker: flushIndex: setUnconditionally 0 -> -1
2019-09-25 02:02:55,331 [pool-87-thread-1] INFO  server.RaftServerConfigKeys (ConfUtils.java:logGet(43)) - raft.server.snapshot.auto.trigger.enabled = true (custom)
2019-09-25 02:02:55,331 [pool-87-thread-1] INFO  server.RaftServerConfigKeys (ConfUtils.java:logGet(43)) - raft.server.snapshot.auto.trigger.threshold = 10000 (custom)
2019-09-25 02:02:55,331 [pool-87-thread-1] INFO  server.RaftServerConfigKeys (ConfUtils.java:logGet(43)) - raft.server.snapshot.retention.num.files = 5 (custom)
2019-09-25 02:02:55,332 [pool-87-thread-1] INFO  server.RaftServerConfigKeys (ConfUtils.java:logGet(43)) - raft.server.retrycache.expirytime = 600000ms (custom)
2019-09-25 02:02:55,335 [pool-37-thread-1] INFO  impl.RaftServerImpl (RaftServerImpl.java:start(185)) - 0983ca92-2e85-418c-b6e1-27ad33fcd8b4@group-0E59EC4C81DE: start as a follower, conf=-1: [e2bc4f57-4e4d-4806-bb89-300e99e050aa:192.168.151.66:43164, 3a1526ff-e59b-45ed-a910-aedaa732a469:192.168.151.66:45885, 0983ca92-2e85-418c-b6e1-27ad33fcd8b4:192.168.151.66:45245], old=null
2019-09-25 02:02:55,335 [pool-27-thread-1] INFO  impl.RaftServerImpl (RaftServerImpl.java:start(185)) - e2bc4f57-4e4d-4806-bb89-300e99e050aa@group-0E59EC4C81DE: start as a follower, conf=-1: [e2bc4f57-4e4d-4806-bb89-300e99e050aa:192.168.151.66:43164, 3a1526ff-e59b-45ed-a910-aedaa732a469:192.168.151.66:45885, 0983ca92-2e85-418c-b6e1-27ad33fcd8b4:192.168.151.66:45245], old=null
2019-09-25 02:02:55,335 [pool-37-thread-1] INFO  impl.RaftServerImpl (RaftServerImpl.java:setRole(174)) - 0983ca92-2e85-418c-b6e1-27ad33fcd8b4@group-0E59EC4C81DE: changes role from      null to FOLLOWER at term 0 for startAsFollower
2019-09-25 02:02:55,335 [pool-27-thread-1] INFO  impl.RaftServerImpl (RaftServerImpl.java:setRole(174)) - e2bc4f57-4e4d-4806-bb89-300e99e050aa@group-0E59EC4C81DE: changes role from      null to FOLLOWER at term 0 for startAsFollower
2019-09-25 02:02:55,335 [pool-37-thread-1] INFO  impl.RoleInfo (RoleInfo.java:updateAndGet(143)) - 0983ca92-2e85-418c-b6e1-27ad33fcd8b4: start FollowerState
2019-09-25 02:02:55,335 [pool-27-thread-1] INFO  impl.RoleInfo (RoleInfo.java:updateAndGet(143)) - e2bc4f57-4e4d-4806-bb89-300e99e050aa: start FollowerState
2019-09-25 02:02:55,335 [pool-87-thread-1] INFO  impl.RaftServerImpl (RaftServerImpl.java:start(185)) - 3a1526ff-e59b-45ed-a910-aedaa732a469@group-0E59EC4C81DE: start as a follower, conf=-1: [e2bc4f57-4e4d-4806-bb89-300e99e050aa:192.168.151.66:43164, 3a1526ff-e59b-45ed-a910-aedaa732a469:192.168.151.66:45885, 0983ca92-2e85-418c-b6e1-27ad33fcd8b4:192.168.151.66:45245], old=null
2019-09-25 02:02:55,335 [pool-37-thread-1] INFO  util.JmxRegister (JmxRegister.java:tryRegister(44)) - Successfully registered JMX Bean with object name Ratis:service=RaftServer,group=group-0E59EC4C81DE,id=0983ca92-2e85-418c-b6e1-27ad33fcd8b4
2019-09-25 02:02:55,336 [pool-87-thread-1] INFO  impl.RaftServerImpl (RaftServerImpl.java:setRole(174)) - 3a1526ff-e59b-45ed-a910-aedaa732a469@group-0E59EC4C81DE: changes role from      null to FOLLOWER at term 0 for startAsFollower
2019-09-25 02:02:55,336 [pool-27-thread-1] INFO  util.JmxRegister (JmxRegister.java:tryRegister(44)) - Successfully registered JMX Bean with object name Ratis:service=RaftServer,group=group-0E59EC4C81DE,id=e2bc4f57-4e4d-4806-bb89-300e99e050aa
2019-09-25 02:02:55,336 [pool-87-thread-1] INFO  impl.RoleInfo (RoleInfo.java:updateAndGet(143)) - 3a1526ff-e59b-45ed-a910-aedaa732a469: start FollowerState
2019-09-25 02:02:55,336 [pool-87-thread-1] INFO  util.JmxRegister (JmxRegister.java:tryRegister(44)) - Successfully registered JMX Bean with object name Ratis:service=RaftServer,group=group-0E59EC4C81DE,id=3a1526ff-e59b-45ed-a910-aedaa732a469
2019-09-25 02:02:55,349 [RatisPipelineUtilsThread] INFO  pipeline.PipelineStateManager (PipelineStateManager.java:addPipeline(56)) - Created pipeline Pipeline[ Id: ae233f9d-70b2-4a9e-90ad-0e59ec4c81de, Nodes: 0983ca92-2e85-418c-b6e1-27ad33fcd8b4{ip: 192.168.151.66, host: pr-hdds-2162-v2v4x-1150571016, networkLocation: /default-rack, certSerialId: null}e2bc4f57-4e4d-4806-bb89-300e99e050aa{ip: 192.168.151.66, host: pr-hdds-2162-v2v4x-1150571016, networkLocation: /default-rack, certSerialId: null}3a1526ff-e59b-45ed-a910-aedaa732a469{ip: 192.168.151.66, host: pr-hdds-2162-v2v4x-1150571016, networkLocation: /default-rack, certSerialId: null}, Type:RATIS, Factor:THREE, State:OPEN]
2019-09-25 02:02:56,175 [main] INFO  ipc.Client (Client.java:handleConnectionFailure(948)) - Retrying connect to server: localhost/127.0.0.1:0. Already tried 1 time(s); retry policy is RetryUpToMaximumCountWithFixedSleep(maxRetries=10, sleepTime=1000 MILLISECONDS)
2019-09-25 02:02:57,176 [main] INFO  ipc.Client (Client.java:handleConnectionFailure(948)) - Retrying connect to server: localhost/127.0.0.1:0. Already tried 2 time(s); retry policy is RetryUpToMaximumCountWithFixedSleep(maxRetries=10, sleepTime=1000 MILLISECONDS)
2019-09-25 02:02:58,177 [main] INFO  ipc.Client (Client.java:handleConnectionFailure(948)) - Retrying connect to server: localhost/127.0.0.1:0. Already tried 3 time(s); retry policy is RetryUpToMaximumCountWithFixedSleep(maxRetries=10, sleepTime=1000 MILLISECONDS)
2019-09-25 02:02:58,342 [Thread-285] INFO  impl.FollowerState (FollowerState.java:run(106)) - e2bc4f57-4e4d-4806-bb89-300e99e050aa:group-1E2D2AD58DD6 changes to CANDIDATE, lastRpcTime:5081, electionTimeout:5081ms
2019-09-25 02:02:58,349 [Thread-285] INFO  impl.RoleInfo (RoleInfo.java:shutdownFollowerState(121)) - e2bc4f57-4e4d-4806-bb89-300e99e050aa: shutdown FollowerState
2019-09-25 02:02:58,349 [Thread-285] INFO  impl.RaftServerImpl (RaftServerImpl.java:setRole(174)) - e2bc4f57-4e4d-4806-bb89-300e99e050aa@group-1E2D2AD58DD6: changes role from  FOLLOWER to CANDIDATE at term 0 for changeToCandidate
2019-09-25 02:02:58,354 [Thread-285] INFO  impl.RoleInfo (RoleInfo.java:updateAndGet(143)) - e2bc4f57-4e4d-4806-bb89-300e99e050aa: start LeaderElection
2019-09-25 02:02:58,396 [e2bc4f57-4e4d-4806-bb89-300e99e050aa@group-1E2D2AD58DD6:LeaderElection1] INFO  impl.LeaderElection (LeaderElection.java:askForVotes(182)) - e2bc4f57-4e4d-4806-bb89-300e99e050aa@group-1E2D2AD58DD6:LeaderElection1: begin an election at term 1 for -1: [e2bc4f57-4e4d-4806-bb89-300e99e050aa:192.168.151.66:43164], old=null
2019-09-25 02:02:58,399 [e2bc4f57-4e4d-4806-bb89-300e99e050aa@group-1E2D2AD58DD6:LeaderElection1] INFO  impl.RoleInfo (RoleInfo.java:shutdownLeaderElection(134)) - e2bc4f57-4e4d-4806-bb89-300e99e050aa: shutdown LeaderElection
2019-09-25 02:02:58,400 [e2bc4f57-4e4d-4806-bb89-300e99e050aa@group-1E2D2AD58DD6:LeaderElection1] INFO  impl.RaftServerImpl (RaftServerImpl.java:setRole(174)) - e2bc4f57-4e4d-4806-bb89-300e99e050aa@group-1E2D2AD58DD6: changes role from CANDIDATE to LEADER at term 1 for changeToLeader
2019-09-25 02:02:58,400 [e2bc4f57-4e4d-4806-bb89-300e99e050aa@group-1E2D2AD58DD6:LeaderElection1] INFO  impl.RaftServerImpl (ServerState.java:setLeader(253)) - e2bc4f57-4e4d-4806-bb89-300e99e050aa@group-1E2D2AD58DD6: change Leader from null to e2bc4f57-4e4d-4806-bb89-300e99e050aa at term 1 for becomeLeader, leader elected after 5263ms
2019-09-25 02:02:58,409 [e2bc4f57-4e4d-4806-bb89-300e99e050aa@group-1E2D2AD58DD6:LeaderElection1] INFO  server.RaftServerConfigKeys (ConfUtils.java:logGet(43)) - raft.server.staging.catchup.gap = 1000 (default)
2019-09-25 02:02:58,409 [e2bc4f57-4e4d-4806-bb89-300e99e050aa@group-1E2D2AD58DD6:LeaderElection1] INFO  server.RaftServerConfigKeys (ConfUtils.java:logGet(43)) - raft.server.rpc.sleep.time = 25ms (default)
2019-09-25 02:02:58,413 [e2bc4f57-4e4d-4806-bb89-300e99e050aa@group-1E2D2AD58DD6:LeaderElection1] INFO  server.RaftServerConfigKeys (ConfUtils.java:logGet(43)) - raft.server.write.element-limit = 4096 (default)
2019-09-25 02:02:58,417 [e2bc4f57-4e4d-4806-bb89-300e99e050aa@group-1E2D2AD58DD6:LeaderElection1] INFO  server.RaftServerConfigKeys (ConfUtils.java:logGet(43)) - raft.server.watch.timeout = 10s (default)
2019-09-25 02:02:58,417 [e2bc4f57-4e4d-4806-bb89-300e99e050aa@group-1E2D2AD58DD6:LeaderElection1] INFO  server.RaftServerConfigKeys (ConfUtils.java:logGet(43)) - raft.server.watch.timeout.denomination = 1s (default)
2019-09-25 02:02:58,418 [e2bc4f57-4e4d-4806-bb89-300e99e050aa@group-1E2D2AD58DD6:LeaderElection1] INFO  server.RaftServerConfigKeys (ConfUtils.java:logGet(43)) - raft.server.watch.element-limit = 65536 (default)
2019-09-25 02:02:58,433 [e2bc4f57-4e4d-4806-bb89-300e99e050aa@group-1E2D2AD58DD6:LeaderElection1] INFO  impl.RoleInfo (RoleInfo.java:updateAndGet(143)) - e2bc4f57-4e4d-4806-bb89-300e99e050aa: start LeaderState
2019-09-25 02:02:58,465 [e2bc4f57-4e4d-4806-bb89-300e99e050aa@group-1E2D2AD58DD6:LeaderElection1] INFO  segmented.SegmentedRaftLogWorker (SegmentedRaftLogWorker.java:startLogSegment(380)) - e2bc4f57-4e4d-4806-bb89-300e99e050aa@group-1E2D2AD58DD6-SegmentedRaftLogWorker: Starting segment from index:0
2019-09-25 02:02:58,476 [e2bc4f57-4e4d-4806-bb89-300e99e050aa@group-1E2D2AD58DD6:LeaderElection1] INFO  impl.RaftServerImpl (ServerState.java:setRaftConf(354)) - e2bc4f57-4e4d-4806-bb89-300e99e050aa@group-1E2D2AD58DD6: set configuration 0: [e2bc4f57-4e4d-4806-bb89-300e99e050aa:192.168.151.66:43164], old=null at 0
2019-09-25 02:02:58,638 [Thread-288] INFO  impl.FollowerState (FollowerState.java:run(106)) - 4883e92d-256b-4e23-999d-6274ed4f0561:group-EDD2BCAB3862 changes to CANDIDATE, lastRpcTime:5126, electionTimeout:5124ms
2019-09-25 02:02:58,641 [Thread-288] INFO  impl.RoleInfo (RoleInfo.java:shutdownFollowerState(121)) - 4883e92d-256b-4e23-999d-6274ed4f0561: shutdown FollowerState
2019-09-25 02:02:58,641 [Thread-288] INFO  impl.RaftServerImpl (RaftServerImpl.java:setRole(174)) - 4883e92d-256b-4e23-999d-6274ed4f0561@group-EDD2BCAB3862: changes role from  FOLLOWER to CANDIDATE at term 0 for changeToCandidate
2019-09-25 02:02:58,641 [Thread-288] INFO  impl.RoleInfo (RoleInfo.java:updateAndGet(143)) - 4883e92d-256b-4e23-999d-6274ed4f0561: start LeaderElection
2019-09-25 02:02:58,669 [e2bc4f57-4e4d-4806-bb89-300e99e050aa@group-1E2D2AD58DD6-SegmentedRaftLogWorker] INFO  segmented.SegmentedRaftLogWorker (SegmentedRaftLogWorker.java:execute(569)) - e2bc4f57-4e4d-4806-bb89-300e99e050aa@group-1E2D2AD58DD6-SegmentedRaftLogWorker: created new log segment /workdir/hadoop-ozone/ozonefs/target/test-dir/MiniOzoneClusterImpl-f329581b-00a8-489f-9c8e-b35e10165f21/datanode-0/data/ratis/833615ad-e185-4812-8b12-1e2d2ad58dd6/current/log_inprogress_0
2019-09-25 02:02:58,669 [4883e92d-256b-4e23-999d-6274ed4f0561@group-EDD2BCAB3862:LeaderElection2] INFO  impl.LeaderElection (LeaderElection.java:askForVotes(182)) - 4883e92d-256b-4e23-999d-6274ed4f0561@group-EDD2BCAB3862:LeaderElection2: begin an election at term 1 for -1: [4883e92d-256b-4e23-999d-6274ed4f0561:192.168.151.66:34518], old=null
2019-09-25 02:02:58,672 [4883e92d-256b-4e23-999d-6274ed4f0561@group-EDD2BCAB3862:LeaderElection2] INFO  impl.RoleInfo (RoleInfo.java:shutdownLeaderElection(134)) - 4883e92d-256b-4e23-999d-6274ed4f0561: shutdown LeaderElection
2019-09-25 02:02:58,672 [4883e92d-256b-4e23-999d-6274ed4f0561@group-EDD2BCAB3862:LeaderElection2] INFO  impl.RaftServerImpl (RaftServerImpl.java:setRole(174)) - 4883e92d-256b-4e23-999d-6274ed4f0561@group-EDD2BCAB3862: changes role from CANDIDATE to LEADER at term 1 for changeToLeader
2019-09-25 02:02:58,672 [4883e92d-256b-4e23-999d-6274ed4f0561@group-EDD2BCAB3862:LeaderElection2] INFO  impl.RaftServerImpl (ServerState.java:setLeader(253)) - 4883e92d-256b-4e23-999d-6274ed4f0561@group-EDD2BCAB3862: change Leader from null to 4883e92d-256b-4e23-999d-6274ed4f0561 at term 1 for becomeLeader, leader elected after 5183ms
2019-09-25 02:02:58,673 [4883e92d-256b-4e23-999d-6274ed4f0561@group-EDD2BCAB3862:LeaderElection2] INFO  server.RaftServerConfigKeys (ConfUtils.java:logGet(43)) - raft.server.staging.catchup.gap = 1000 (default)
2019-09-25 02:02:58,673 [4883e92d-256b-4e23-999d-6274ed4f0561@group-EDD2BCAB3862:LeaderElection2] INFO  server.RaftServerConfigKeys (ConfUtils.java:logGet(43)) - raft.server.rpc.sleep.time = 25ms (default)
2019-09-25 02:02:58,673 [4883e92d-256b-4e23-999d-6274ed4f0561@group-EDD2BCAB3862:LeaderElection2] INFO  server.RaftServerConfigKeys (ConfUtils.java:logGet(43)) - raft.server.write.element-limit = 4096 (default)
2019-09-25 02:02:58,673 [4883e92d-256b-4e23-999d-6274ed4f0561@group-EDD2BCAB3862:LeaderElection2] INFO  server.RaftServerConfigKeys (ConfUtils.java:logGet(43)) - raft.server.watch.timeout = 10s (default)
2019-09-25 02:02:58,673 [4883e92d-256b-4e23-999d-6274ed4f0561@group-EDD2BCAB3862:LeaderElection2] INFO  server.RaftServerConfigKeys (ConfUtils.java:logGet(43)) - raft.server.watch.timeout.denomination = 1s (default)
2019-09-25 02:02:58,674 [4883e92d-256b-4e23-999d-6274ed4f0561@group-EDD2BCAB3862:LeaderElection2] INFO  server.RaftServerConfigKeys (ConfUtils.java:logGet(43)) - raft.server.watch.element-limit = 65536 (default)
2019-09-25 02:02:58,677 [4883e92d-256b-4e23-999d-6274ed4f0561@group-EDD2BCAB3862:LeaderElection2] INFO  impl.RoleInfo (RoleInfo.java:updateAndGet(143)) - 4883e92d-256b-4e23-999d-6274ed4f0561: start LeaderState
2019-09-25 02:02:58,677 [4883e92d-256b-4e23-999d-6274ed4f0561@group-EDD2BCAB3862:LeaderElection2] INFO  segmented.SegmentedRaftLogWorker (SegmentedRaftLogWorker.java:startLogSegment(380)) - 4883e92d-256b-4e23-999d-6274ed4f0561@group-EDD2BCAB3862-SegmentedRaftLogWorker: Starting segment from index:0
2019-09-25 02:02:58,678 [4883e92d-256b-4e23-999d-6274ed4f0561@group-EDD2BCAB3862:LeaderElection2] INFO  impl.RaftServerImpl (ServerState.java:setRaftConf(354)) - 4883e92d-256b-4e23-999d-6274ed4f0561@group-EDD2BCAB3862: set configuration 0: [4883e92d-256b-4e23-999d-6274ed4f0561:192.168.151.66:34518], old=null at 0
2019-09-25 02:02:58,720 [4883e92d-256b-4e23-999d-6274ed4f0561@group-EDD2BCAB3862-SegmentedRaftLogWorker] INFO  segmented.SegmentedRaftLogWorker (SegmentedRaftLogWorker.java:execute(569)) - 4883e92d-256b-4e23-999d-6274ed4f0561@group-EDD2BCAB3862-SegmentedRaftLogWorker: created new log segment /workdir/hadoop-ozone/ozonefs/target/test-dir/MiniOzoneClusterImpl-f329581b-00a8-489f-9c8e-b35e10165f21/datanode-2/data/ratis/82fc3dcb-d472-45d5-b498-edd2bcab3862/current/log_inprogress_0
2019-09-25 02:02:58,824 [Thread-291] INFO  impl.FollowerState (FollowerState.java:run(106)) - 78aa7d22-8252-48a6-b22f-bbcb77ab7551:group-AC5DDEC767EA changes to CANDIDATE, lastRpcTime:5095, electionTimeout:5095ms
2019-09-25 02:02:58,824 [Thread-291] INFO  impl.RoleInfo (RoleInfo.java:shutdownFollowerState(121)) - 78aa7d22-8252-48a6-b22f-bbcb77ab7551: shutdown FollowerState
2019-09-25 02:02:58,824 [Thread-291] INFO  impl.RaftServerImpl (RaftServerImpl.java:setRole(174)) - 78aa7d22-8252-48a6-b22f-bbcb77ab7551@group-AC5DDEC767EA: changes role from  FOLLOWER to CANDIDATE at term 0 for changeToCandidate
2019-09-25 02:02:58,825 [Thread-291] INFO  impl.RoleInfo (RoleInfo.java:updateAndGet(143)) - 78aa7d22-8252-48a6-b22f-bbcb77ab7551: start LeaderElection
2019-09-25 02:02:58,855 [78aa7d22-8252-48a6-b22f-bbcb77ab7551@group-AC5DDEC767EA:LeaderElection3] INFO  impl.LeaderElection (LeaderElection.java:askForVotes(182)) - 78aa7d22-8252-48a6-b22f-bbcb77ab7551@group-AC5DDEC767EA:LeaderElection3: begin an election at term 1 for -1: [78aa7d22-8252-48a6-b22f-bbcb77ab7551:192.168.151.66:45820], old=null
2019-09-25 02:02:58,855 [78aa7d22-8252-48a6-b22f-bbcb77ab7551@group-AC5DDEC767EA:LeaderElection3] INFO  impl.RoleInfo (RoleInfo.java:shutdownLeaderElection(134)) - 78aa7d22-8252-48a6-b22f-bbcb77ab7551: shutdown LeaderElection
2019-09-25 02:02:58,855 [78aa7d22-8252-48a6-b22f-bbcb77ab7551@group-AC5DDEC767EA:LeaderElection3] INFO  impl.RaftServerImpl (RaftServerImpl.java:setRole(174)) - 78aa7d22-8252-48a6-b22f-bbcb77ab7551@group-AC5DDEC767EA: changes role from CANDIDATE to LEADER at term 1 for changeToLeader
2019-09-25 02:02:58,855 [78aa7d22-8252-48a6-b22f-bbcb77ab7551@group-AC5DDEC767EA:LeaderElection3] INFO  impl.RaftServerImpl (ServerState.java:setLeader(253)) - 78aa7d22-8252-48a6-b22f-bbcb77ab7551@group-AC5DDEC767EA: change Leader from null to 78aa7d22-8252-48a6-b22f-bbcb77ab7551 at term 1 for becomeLeader, leader elected after 5203ms
2019-09-25 02:02:58,856 [78aa7d22-8252-48a6-b22f-bbcb77ab7551@group-AC5DDEC767EA:LeaderElection3] INFO  server.RaftServerConfigKeys (ConfUtils.java:logGet(43)) - raft.server.staging.catchup.gap = 1000 (default)
2019-09-25 02:02:58,856 [78aa7d22-8252-48a6-b22f-bbcb77ab7551@group-AC5DDEC767EA:LeaderElection3] INFO  server.RaftServerConfigKeys (ConfUtils.java:logGet(43)) - raft.server.rpc.sleep.time = 25ms (default)
2019-09-25 02:02:58,856 [78aa7d22-8252-48a6-b22f-bbcb77ab7551@group-AC5DDEC767EA:LeaderElection3] INFO  server.RaftServerConfigKeys (ConfUtils.java:logGet(43)) - raft.server.write.element-limit = 4096 (default)
2019-09-25 02:02:58,856 [78aa7d22-8252-48a6-b22f-bbcb77ab7551@group-AC5DDEC767EA:LeaderElection3] INFO  server.RaftServerConfigKeys (ConfUtils.java:logGet(43)) - raft.server.watch.timeout = 10s (default)
2019-09-25 02:02:58,856 [78aa7d22-8252-48a6-b22f-bbcb77ab7551@group-AC5DDEC767EA:LeaderElection3] INFO  server.RaftServerConfigKeys (ConfUtils.java:logGet(43)) - raft.server.watch.timeout.denomination = 1s (default)
2019-09-25 02:02:58,857 [78aa7d22-8252-48a6-b22f-bbcb77ab7551@group-AC5DDEC767EA:LeaderElection3] INFO  server.RaftServerConfigKeys (ConfUtils.java:logGet(43)) - raft.server.watch.element-limit = 65536 (default)
2019-09-25 02:02:58,860 [78aa7d22-8252-48a6-b22f-bbcb77ab7551@group-AC5DDEC767EA:LeaderElection3] INFO  impl.RoleInfo (RoleInfo.java:updateAndGet(143)) - 78aa7d22-8252-48a6-b22f-bbcb77ab7551: start LeaderState
2019-09-25 02:02:58,860 [78aa7d22-8252-48a6-b22f-bbcb77ab7551@group-AC5DDEC767EA:LeaderElection3] INFO  segmented.SegmentedRaftLogWorker (SegmentedRaftLogWorker.java:startLogSegment(380)) - 78aa7d22-8252-48a6-b22f-bbcb77ab7551@group-AC5DDEC767EA-SegmentedRaftLogWorker: Starting segment from index:0
2019-09-25 02:02:58,861 [78aa7d22-8252-48a6-b22f-bbcb77ab7551@group-AC5DDEC767EA:LeaderElection3] INFO  impl.RaftServerImpl (ServerState.java:setRaftConf(354)) - 78aa7d22-8252-48a6-b22f-bbcb77ab7551@group-AC5DDEC767EA: set configuration 0: [78aa7d22-8252-48a6-b22f-bbcb77ab7551:192.168.151.66:45820], old=null at 0
2019-09-25 02:02:58,893 [Thread-294] INFO  impl.FollowerState (FollowerState.java:run(106)) - e40f6fdf-da16-453e-9f28-91d67fc4fbe1:group-8628BC5864CB changes to CANDIDATE, lastRpcTime:5039, electionTimeout:5039ms
2019-09-25 02:02:58,894 [Thread-294] INFO  impl.RoleInfo (RoleInfo.java:shutdownFollowerState(121)) - e40f6fdf-da16-453e-9f28-91d67fc4fbe1: shutdown FollowerState
2019-09-25 02:02:58,894 [Thread-294] INFO  impl.RaftServerImpl (RaftServerImpl.java:setRole(174)) - e40f6fdf-da16-453e-9f28-91d67fc4fbe1@group-8628BC5864CB: changes role from  FOLLOWER to CANDIDATE at term 0 for changeToCandidate
2019-09-25 02:02:58,894 [Thread-294] INFO  impl.RoleInfo (RoleInfo.java:updateAndGet(143)) - e40f6fdf-da16-453e-9f28-91d67fc4fbe1: start LeaderElection
2019-09-25 02:02:58,907 [78aa7d22-8252-48a6-b22f-bbcb77ab7551@group-AC5DDEC767EA-SegmentedRaftLogWorker] INFO  segmented.SegmentedRaftLogWorker (SegmentedRaftLogWorker.java:execute(569)) - 78aa7d22-8252-48a6-b22f-bbcb77ab7551@group-AC5DDEC767EA-SegmentedRaftLogWorker: created new log segment /workdir/hadoop-ozone/ozonefs/target/test-dir/MiniOzoneClusterImpl-f329581b-00a8-489f-9c8e-b35e10165f21/datanode-5/data/ratis/c3bdde72-46e8-44ff-b578-ac5ddec767ea/current/log_inprogress_0
2019-09-25 02:02:58,926 [e40f6fdf-da16-453e-9f28-91d67fc4fbe1@group-8628BC5864CB:LeaderElection4] INFO  impl.LeaderElection (LeaderElection.java:askForVotes(182)) - e40f6fdf-da16-453e-9f28-91d67fc4fbe1@group-8628BC5864CB:LeaderElection4: begin an election at term 1 for -1: [e40f6fdf-da16-453e-9f28-91d67fc4fbe1:192.168.151.66:36511], old=null
2019-09-25 02:02:58,926 [e40f6fdf-da16-453e-9f28-91d67fc4fbe1@group-8628BC5864CB:LeaderElection4] INFO  impl.RoleInfo (RoleInfo.java:shutdownLeaderElection(134)) - e40f6fdf-da16-453e-9f28-91d67fc4fbe1: shutdown LeaderElection
2019-09-25 02:02:58,929 [e40f6fdf-da16-453e-9f28-91d67fc4fbe1@group-8628BC5864CB:LeaderElection4] INFO  impl.RaftServerImpl (RaftServerImpl.java:setRole(174)) - e40f6fdf-da16-453e-9f28-91d67fc4fbe1@group-8628BC5864CB: changes role from CANDIDATE to LEADER at term 1 for changeToLeader
2019-09-25 02:02:58,929 [e40f6fdf-da16-453e-9f28-91d67fc4fbe1@group-8628BC5864CB:LeaderElection4] INFO  impl.RaftServerImpl (ServerState.java:setLeader(253)) - e40f6fdf-da16-453e-9f28-91d67fc4fbe1@group-8628BC5864CB: change Leader from null to e40f6fdf-da16-453e-9f28-91d67fc4fbe1 at term 1 for becomeLeader, leader elected after 5093ms
2019-09-25 02:02:58,929 [e40f6fdf-da16-453e-9f28-91d67fc4fbe1@group-8628BC5864CB:LeaderElection4] INFO  server.RaftServerConfigKeys (ConfUtils.java:logGet(43)) - raft.server.staging.catchup.gap = 1000 (default)
2019-09-25 02:02:58,930 [e40f6fdf-da16-453e-9f28-91d67fc4fbe1@group-8628BC5864CB:LeaderElection4] INFO  server.RaftServerConfigKeys (ConfUtils.java:logGet(43)) - raft.server.rpc.sleep.time = 25ms (default)
2019-09-25 02:02:58,930 [e40f6fdf-da16-453e-9f28-91d67fc4fbe1@group-8628BC5864CB:LeaderElection4] INFO  server.RaftServerConfigKeys (ConfUtils.java:logGet(43)) - raft.server.write.element-limit = 4096 (default)
2019-09-25 02:02:58,930 [e40f6fdf-da16-453e-9f28-91d67fc4fbe1@group-8628BC5864CB:LeaderElection4] INFO  server.RaftServerConfigKeys (ConfUtils.java:logGet(43)) - raft.server.watch.timeout = 10s (default)
2019-09-25 02:02:58,931 [e40f6fdf-da16-453e-9f28-91d67fc4fbe1@group-8628BC5864CB:LeaderElection4] INFO  server.RaftServerConfigKeys (ConfUtils.java:logGet(43)) - raft.server.watch.timeout.denomination = 1s (default)
2019-09-25 02:02:58,931 [e40f6fdf-da16-453e-9f28-91d67fc4fbe1@group-8628BC5864CB:LeaderElection4] INFO  server.RaftServerConfigKeys (ConfUtils.java:logGet(43)) - raft.server.watch.element-limit = 65536 (default)
2019-09-25 02:02:58,934 [e40f6fdf-da16-453e-9f28-91d67fc4fbe1@group-8628BC5864CB:LeaderElection4] INFO  impl.RoleInfo (RoleInfo.java:updateAndGet(143)) - e40f6fdf-da16-453e-9f28-91d67fc4fbe1: start LeaderState
2019-09-25 02:02:58,934 [e40f6fdf-da16-453e-9f28-91d67fc4fbe1@group-8628BC5864CB:LeaderElection4] INFO  segmented.SegmentedRaftLogWorker (SegmentedRaftLogWorker.java:startLogSegment(380)) - e40f6fdf-da16-453e-9f28-91d67fc4fbe1@group-8628BC5864CB-SegmentedRaftLogWorker: Starting segment from index:0
2019-09-25 02:02:58,935 [e40f6fdf-da16-453e-9f28-91d67fc4fbe1@group-8628BC5864CB:LeaderElection4] INFO  impl.RaftServerImpl (ServerState.java:setRaftConf(354)) - e40f6fdf-da16-453e-9f28-91d67fc4fbe1@group-8628BC5864CB: set configuration 0: [e40f6fdf-da16-453e-9f28-91d67fc4fbe1:192.168.151.66:36511], old=null at 0
2019-09-25 02:02:58,981 [e40f6fdf-da16-453e-9f28-91d67fc4fbe1@group-8628BC5864CB-SegmentedRaftLogWorker] INFO  segmented.SegmentedRaftLogWorker (SegmentedRaftLogWorker.java:execute(569)) - e40f6fdf-da16-453e-9f28-91d67fc4fbe1@group-8628BC5864CB-SegmentedRaftLogWorker: created new log segment /workdir/hadoop-ozone/ozonefs/target/test-dir/MiniOzoneClusterImpl-f329581b-00a8-489f-9c8e-b35e10165f21/datanode-3/data/ratis/4ee32257-22b9-4526-a46c-8628bc5864cb/current/log_inprogress_0
2019-09-25 02:02:59,066 [Thread-297] INFO  impl.FollowerState (FollowerState.java:run(106)) - 708c1fbc-7d1d-46e2-b177-af1b45a5b17f:group-39339D43B4A6 changes to CANDIDATE, lastRpcTime:5095, electionTimeout:5095ms
2019-09-25 02:02:59,066 [Thread-297] INFO  impl.RoleInfo (RoleInfo.java:shutdownFollowerState(121)) - 708c1fbc-7d1d-46e2-b177-af1b45a5b17f: shutdown FollowerState
2019-09-25 02:02:59,066 [Thread-297] INFO  impl.RaftServerImpl (RaftServerImpl.java:setRole(174)) - 708c1fbc-7d1d-46e2-b177-af1b45a5b17f@group-39339D43B4A6: changes role from  FOLLOWER to CANDIDATE at term 0 for changeToCandidate
2019-09-25 02:02:59,067 [Thread-297] INFO  impl.RoleInfo (RoleInfo.java:updateAndGet(143)) - 708c1fbc-7d1d-46e2-b177-af1b45a5b17f: start LeaderElection
2019-09-25 02:02:59,097 [708c1fbc-7d1d-46e2-b177-af1b45a5b17f@group-39339D43B4A6:LeaderElection5] INFO  impl.LeaderElection (LeaderElection.java:askForVotes(182)) - 708c1fbc-7d1d-46e2-b177-af1b45a5b17f@group-39339D43B4A6:LeaderElection5: begin an election at term 1 for -1: [708c1fbc-7d1d-46e2-b177-af1b45a5b17f:192.168.151.66:43670], old=null
2019-09-25 02:02:59,097 [708c1fbc-7d1d-46e2-b177-af1b45a5b17f@group-39339D43B4A6:LeaderElection5] INFO  impl.RoleInfo (RoleInfo.java:shutdownLeaderElection(134)) - 708c1fbc-7d1d-46e2-b177-af1b45a5b17f: shutdown LeaderElection
2019-09-25 02:02:59,097 [708c1fbc-7d1d-46e2-b177-af1b45a5b17f@group-39339D43B4A6:LeaderElection5] INFO  impl.RaftServerImpl (RaftServerImpl.java:setRole(174)) - 708c1fbc-7d1d-46e2-b177-af1b45a5b17f@group-39339D43B4A6: changes role from CANDIDATE to LEADER at term 1 for changeToLeader
2019-09-25 02:02:59,098 [708c1fbc-7d1d-46e2-b177-af1b45a5b17f@group-39339D43B4A6:LeaderElection5] INFO  impl.RaftServerImpl (ServerState.java:setLeader(253)) - 708c1fbc-7d1d-46e2-b177-af1b45a5b17f@group-39339D43B4A6: change Leader from null to 708c1fbc-7d1d-46e2-b177-af1b45a5b17f at term 1 for becomeLeader, leader elected after 5143ms
2019-09-25 02:02:59,098 [708c1fbc-7d1d-46e2-b177-af1b45a5b17f@group-39339D43B4A6:LeaderElection5] INFO  server.RaftServerConfigKeys (ConfUtils.java:logGet(43)) - raft.server.staging.catchup.gap = 1000 (default)
2019-09-25 02:02:59,098 [708c1fbc-7d1d-46e2-b177-af1b45a5b17f@group-39339D43B4A6:LeaderElection5] INFO  server.RaftServerConfigKeys (ConfUtils.java:logGet(43)) - raft.server.rpc.sleep.time = 25ms (default)
2019-09-25 02:02:59,098 [708c1fbc-7d1d-46e2-b177-af1b45a5b17f@group-39339D43B4A6:LeaderElection5] INFO  server.RaftServerConfigKeys (ConfUtils.java:logGet(43)) - raft.server.write.element-limit = 4096 (default)
2019-09-25 02:02:59,099 [708c1fbc-7d1d-46e2-b177-af1b45a5b17f@group-39339D43B4A6:LeaderElection5] INFO  server.RaftServerConfigKeys (ConfUtils.java:logGet(43)) - raft.server.watch.timeout = 10s (default)
2019-09-25 02:02:59,099 [708c1fbc-7d1d-46e2-b177-af1b45a5b17f@group-39339D43B4A6:LeaderElection5] INFO  server.RaftServerConfigKeys (ConfUtils.java:logGet(43)) - raft.server.watch.timeout.denomination = 1s (default)
2019-09-25 02:02:59,099 [708c1fbc-7d1d-46e2-b177-af1b45a5b17f@group-39339D43B4A6:LeaderElection5] INFO  server.RaftServerConfigKeys (ConfUtils.java:logGet(43)) - raft.server.watch.element-limit = 65536 (default)
2019-09-25 02:02:59,104 [708c1fbc-7d1d-46e2-b177-af1b45a5b17f@group-39339D43B4A6:LeaderElection5] INFO  impl.RoleInfo (RoleInfo.java:updateAndGet(143)) - 708c1fbc-7d1d-46e2-b177-af1b45a5b17f: start LeaderState
2019-09-25 02:02:59,104 [708c1fbc-7d1d-46e2-b177-af1b45a5b17f@group-39339D43B4A6:LeaderElection5] INFO  segmented.SegmentedRaftLogWorker (SegmentedRaftLogWorker.java:startLogSegment(380)) - 708c1fbc-7d1d-46e2-b177-af1b45a5b17f@group-39339D43B4A6-SegmentedRaftLogWorker: Starting segment from index:0
2019-09-25 02:02:59,105 [708c1fbc-7d1d-46e2-b177-af1b45a5b17f@group-39339D43B4A6:LeaderElection5] INFO  impl.RaftServerImpl (ServerState.java:setRaftConf(354)) - 708c1fbc-7d1d-46e2-b177-af1b45a5b17f@group-39339D43B4A6: set configuration 0: [708c1fbc-7d1d-46e2-b177-af1b45a5b17f:192.168.151.66:43670], old=null at 0
2019-09-25 02:02:59,149 [708c1fbc-7d1d-46e2-b177-af1b45a5b17f@group-39339D43B4A6-SegmentedRaftLogWorker] INFO  segmented.SegmentedRaftLogWorker (SegmentedRaftLogWorker.java:execute(569)) - 708c1fbc-7d1d-46e2-b177-af1b45a5b17f@group-39339D43B4A6-SegmentedRaftLogWorker: created new log segment /workdir/hadoop-ozone/ozonefs/target/test-dir/MiniOzoneClusterImpl-f329581b-00a8-489f-9c8e-b35e10165f21/datanode-4/data/ratis/38688499-4576-4a78-9f80-39339d43b4a6/current/log_inprogress_0
2019-09-25 02:02:59,172 [Thread-300] INFO  impl.FollowerState (FollowerState.java:run(106)) - 189f5818-a53a-4729-a9db-ea81ae500767:group-C311F88FDFC7 changes to CANDIDATE, lastRpcTime:5088, electionTimeout:5088ms
2019-09-25 02:02:59,172 [Thread-300] INFO  impl.RoleInfo (RoleInfo.java:shutdownFollowerState(121)) - 189f5818-a53a-4729-a9db-ea81ae500767: shutdown FollowerState
2019-09-25 02:02:59,172 [Thread-300] INFO  impl.RaftServerImpl (RaftServerImpl.java:setRole(174)) - 189f5818-a53a-4729-a9db-ea81ae500767@group-C311F88FDFC7: changes role from  FOLLOWER to CANDIDATE at term 0 for changeToCandidate
2019-09-25 02:02:59,172 [Thread-300] INFO  impl.RoleInfo (RoleInfo.java:updateAndGet(143)) - 189f5818-a53a-4729-a9db-ea81ae500767: start LeaderElection
2019-09-25 02:02:59,179 [main] INFO  ipc.Client (Client.java:handleConnectionFailure(948)) - Retrying connect to server: localhost/127.0.0.1:0. Already tried 4 time(s); retry policy is RetryUpToMaximumCountWithFixedSleep(maxRetries=10, sleepTime=1000 MILLISECONDS)
2019-09-25 02:02:59,217 [189f5818-a53a-4729-a9db-ea81ae500767@group-C311F88FDFC7:LeaderElection6] INFO  impl.LeaderElection (LeaderElection.java:askForVotes(182)) - 189f5818-a53a-4729-a9db-ea81ae500767@group-C311F88FDFC7:LeaderElection6: begin an election at term 1 for -1: [189f5818-a53a-4729-a9db-ea81ae500767:192.168.151.66:38437], old=null
2019-09-25 02:02:59,217 [189f5818-a53a-4729-a9db-ea81ae500767@group-C311F88FDFC7:LeaderElection6] INFO  impl.RoleInfo (RoleInfo.java:shutdownLeaderElection(134)) - 189f5818-a53a-4729-a9db-ea81ae500767: shutdown LeaderElection
2019-09-25 02:02:59,217 [189f5818-a53a-4729-a9db-ea81ae500767@group-C311F88FDFC7:LeaderElection6] INFO  impl.RaftServerImpl (RaftServerImpl.java:setRole(174)) - 189f5818-a53a-4729-a9db-ea81ae500767@group-C311F88FDFC7: changes role from CANDIDATE to LEADER at term 1 for changeToLeader
2019-09-25 02:02:59,218 [189f5818-a53a-4729-a9db-ea81ae500767@group-C311F88FDFC7:LeaderElection6] INFO  impl.RaftServerImpl (ServerState.java:setLeader(253)) - 189f5818-a53a-4729-a9db-ea81ae500767@group-C311F88FDFC7: change Leader from null to 189f5818-a53a-4729-a9db-ea81ae500767 at term 1 for becomeLeader, leader elected after 5145ms
2019-09-25 02:02:59,218 [189f5818-a53a-4729-a9db-ea81ae500767@group-C311F88FDFC7:LeaderElection6] INFO  server.RaftServerConfigKeys (ConfUtils.java:logGet(43)) - raft.server.staging.catchup.gap = 1000 (default)
2019-09-25 02:02:59,218 [189f5818-a53a-4729-a9db-ea81ae500767@group-C311F88FDFC7:LeaderElection6] INFO  server.RaftServerConfigKeys (ConfUtils.java:logGet(43)) - raft.server.rpc.sleep.time = 25ms (default)
2019-09-25 02:02:59,218 [189f5818-a53a-4729-a9db-ea81ae500767@group-C311F88FDFC7:LeaderElection6] INFO  server.RaftServerConfigKeys (ConfUtils.java:logGet(43)) - raft.server.write.element-limit = 4096 (default)
2019-09-25 02:02:59,218 [189f5818-a53a-4729-a9db-ea81ae500767@group-C311F88FDFC7:LeaderElection6] INFO  server.RaftServerConfigKeys (ConfUtils.java:logGet(43)) - raft.server.watch.timeout = 10s (default)
2019-09-25 02:02:59,218 [189f5818-a53a-4729-a9db-ea81ae500767@group-C311F88FDFC7:LeaderElection6] INFO  server.RaftServerConfigKeys (ConfUtils.java:logGet(43)) - raft.server.watch.timeout.denomination = 1s (default)
2019-09-25 02:02:59,219 [189f5818-a53a-4729-a9db-ea81ae500767@group-C311F88FDFC7:LeaderElection6] INFO  server.RaftServerConfigKeys (ConfUtils.java:logGet(43)) - raft.server.watch.element-limit = 65536 (default)
2019-09-25 02:02:59,221 [189f5818-a53a-4729-a9db-ea81ae500767@group-C311F88FDFC7:LeaderElection6] INFO  impl.RoleInfo (RoleInfo.java:updateAndGet(143)) - 189f5818-a53a-4729-a9db-ea81ae500767: start LeaderState
2019-09-25 02:02:59,222 [189f5818-a53a-4729-a9db-ea81ae500767@group-C311F88FDFC7:LeaderElection6] INFO  segmented.SegmentedRaftLogWorker (SegmentedRaftLogWorker.java:startLogSegment(380)) - 189f5818-a53a-4729-a9db-ea81ae500767@group-C311F88FDFC7-SegmentedRaftLogWorker: Starting segment from index:0
2019-09-25 02:02:59,222 [189f5818-a53a-4729-a9db-ea81ae500767@group-C311F88FDFC7:LeaderElection6] INFO  impl.RaftServerImpl (ServerState.java:setRaftConf(354)) - 189f5818-a53a-4729-a9db-ea81ae500767@group-C311F88FDFC7: set configuration 0: [189f5818-a53a-4729-a9db-ea81ae500767:192.168.151.66:38437], old=null at 0
2019-09-25 02:02:59,267 [189f5818-a53a-4729-a9db-ea81ae500767@group-C311F88FDFC7-SegmentedRaftLogWorker] INFO  segmented.SegmentedRaftLogWorker (SegmentedRaftLogWorker.java:execute(569)) - 189f5818-a53a-4729-a9db-ea81ae500767@group-C311F88FDFC7-SegmentedRaftLogWorker: created new log segment /workdir/hadoop-ozone/ozonefs/target/test-dir/MiniOzoneClusterImpl-f329581b-00a8-489f-9c8e-b35e10165f21/datanode-8/data/ratis/257f1e64-adb1-471d-bc63-c311f88fdfc7/current/log_inprogress_0
2019-09-25 02:02:59,372 [Thread-304] INFO  impl.FollowerState (FollowerState.java:run(106)) - 0887b1ed-27fc-4c01-8a0d-c0b6bdd73cf1:group-3BE7C575C034 changes to CANDIDATE, lastRpcTime:5187, electionTimeout:5187ms
2019-09-25 02:02:59,372 [Thread-304] INFO  impl.RoleInfo (RoleInfo.java:shutdownFollowerState(121)) - 0887b1ed-27fc-4c01-8a0d-c0b6bdd73cf1: shutdown FollowerState
2019-09-25 02:02:59,372 [Thread-304] INFO  impl.RaftServerImpl (RaftServerImpl.java:setRole(174)) - 0887b1ed-27fc-4c01-8a0d-c0b6bdd73cf1@group-3BE7C575C034: changes role from  FOLLOWER to CANDIDATE at term 0 for changeToCandidate
2019-09-25 02:02:59,373 [Thread-304] INFO  impl.RoleInfo (RoleInfo.java:updateAndGet(143)) - 0887b1ed-27fc-4c01-8a0d-c0b6bdd73cf1: start LeaderElection
2019-09-25 02:02:59,410 [0887b1ed-27fc-4c01-8a0d-c0b6bdd73cf1@group-3BE7C575C034:LeaderElection7] INFO  impl.LeaderElection (LeaderElection.java:askForVotes(182)) - 0887b1ed-27fc-4c01-8a0d-c0b6bdd73cf1@group-3BE7C575C034:LeaderElection7: begin an election at term 1 for -1: [0887b1ed-27fc-4c01-8a0d-c0b6bdd73cf1:192.168.151.66:38297], old=null
2019-09-25 02:02:59,410 [0887b1ed-27fc-4c01-8a0d-c0b6bdd73cf1@group-3BE7C575C034:LeaderElection7] INFO  impl.RoleInfo (RoleInfo.java:shutdownLeaderElection(134)) - 0887b1ed-27fc-4c01-8a0d-c0b6bdd73cf1: shutdown LeaderElection
2019-09-25 02:02:59,410 [0887b1ed-27fc-4c01-8a0d-c0b6bdd73cf1@group-3BE7C575C034:LeaderElection7] INFO  impl.RaftServerImpl (RaftServerImpl.java:setRole(174)) - 0887b1ed-27fc-4c01-8a0d-c0b6bdd73cf1@group-3BE7C575C034: changes role from CANDIDATE to LEADER at term 1 for changeToLeader
2019-09-25 02:02:59,410 [0887b1ed-27fc-4c01-8a0d-c0b6bdd73cf1@group-3BE7C575C034:LeaderElection7] INFO  impl.RaftServerImpl (ServerState.java:setLeader(253)) - 0887b1ed-27fc-4c01-8a0d-c0b6bdd73cf1@group-3BE7C575C034: change Leader from null to 0887b1ed-27fc-4c01-8a0d-c0b6bdd73cf1 at term 1 for becomeLeader, leader elected after 5237ms
2019-09-25 02:02:59,411 [0887b1ed-27fc-4c01-8a0d-c0b6bdd73cf1@group-3BE7C575C034:LeaderElection7] INFO  server.RaftServerConfigKeys (ConfUtils.java:logGet(43)) - raft.server.staging.catchup.gap = 1000 (default)
2019-09-25 02:02:59,411 [0887b1ed-27fc-4c01-8a0d-c0b6bdd73cf1@group-3BE7C575C034:LeaderElection7] INFO  server.RaftServerConfigKeys (ConfUtils.java:logGet(43)) - raft.server.rpc.sleep.time = 25ms (default)
2019-09-25 02:02:59,411 [0887b1ed-27fc-4c01-8a0d-c0b6bdd73cf1@group-3BE7C575C034:LeaderElection7] INFO  server.RaftServerConfigKeys (ConfUtils.java:logGet(43)) - raft.server.write.element-limit = 4096 (default)
2019-09-25 02:02:59,411 [0887b1ed-27fc-4c01-8a0d-c0b6bdd73cf1@group-3BE7C575C034:LeaderElection7] INFO  server.RaftServerConfigKeys (ConfUtils.java:logGet(43)) - raft.server.watch.timeout = 10s (default)
2019-09-25 02:02:59,412 [0887b1ed-27fc-4c01-8a0d-c0b6bdd73cf1@group-3BE7C575C034:LeaderElection7] INFO  server.RaftServerConfigKeys (ConfUtils.java:logGet(43)) - raft.server.watch.timeout.denomination = 1s (default)
2019-09-25 02:02:59,412 [0887b1ed-27fc-4c01-8a0d-c0b6bdd73cf1@group-3BE7C575C034:LeaderElection7] INFO  server.RaftServerConfigKeys (ConfUtils.java:logGet(43)) - raft.server.watch.element-limit = 65536 (default)
2019-09-25 02:02:59,415 [0887b1ed-27fc-4c01-8a0d-c0b6bdd73cf1@group-3BE7C575C034:LeaderElection7] INFO  impl.RoleInfo (RoleInfo.java:updateAndGet(143)) - 0887b1ed-27fc-4c01-8a0d-c0b6bdd73cf1: start LeaderState
2019-09-25 02:02:59,416 [0887b1ed-27fc-4c01-8a0d-c0b6bdd73cf1@group-3BE7C575C034:LeaderElection7] INFO  segmented.SegmentedRaftLogWorker (SegmentedRaftLogWorker.java:startLogSegment(380)) - 0887b1ed-27fc-4c01-8a0d-c0b6bdd73cf1@group-3BE7C575C034-SegmentedRaftLogWorker: Starting segment from index:0
2019-09-25 02:02:59,416 [0887b1ed-27fc-4c01-8a0d-c0b6bdd73cf1@group-3BE7C575C034:LeaderElection7] INFO  impl.RaftServerImpl (ServerState.java:setRaftConf(354)) - 0887b1ed-27fc-4c01-8a0d-c0b6bdd73cf1@group-3BE7C575C034: set configuration 0: [0887b1ed-27fc-4c01-8a0d-c0b6bdd73cf1:192.168.151.66:38297], old=null at 0
2019-09-25 02:02:59,437 [Thread-310] INFO  impl.FollowerState (FollowerState.java:run(106)) - 3a1526ff-e59b-45ed-a910-aedaa732a469:group-B9EA4AC786EB changes to CANDIDATE, lastRpcTime:5016, electionTimeout:5002ms
2019-09-25 02:02:59,440 [Thread-310] INFO  impl.RoleInfo (RoleInfo.java:shutdownFollowerState(121)) - 3a1526ff-e59b-45ed-a910-aedaa732a469: shutdown FollowerState
2019-09-25 02:02:59,440 [Thread-310] INFO  impl.RaftServerImpl (RaftServerImpl.java:setRole(174)) - 3a1526ff-e59b-45ed-a910-aedaa732a469@group-B9EA4AC786EB: changes role from  FOLLOWER to CANDIDATE at term 0 for changeToCandidate
2019-09-25 02:02:59,440 [Thread-310] INFO  impl.RoleInfo (RoleInfo.java:updateAndGet(143)) - 3a1526ff-e59b-45ed-a910-aedaa732a469: start LeaderElection
2019-09-25 02:02:59,454 [Thread-307] INFO  impl.FollowerState (FollowerState.java:run(106)) - 0983ca92-2e85-418c-b6e1-27ad33fcd8b4:group-80A9E9502304 changes to CANDIDATE, lastRpcTime:5139, electionTimeout:5139ms
2019-09-25 02:02:59,454 [Thread-307] INFO  impl.RoleInfo (RoleInfo.java:shutdownFollowerState(121)) - 0983ca92-2e85-418c-b6e1-27ad33fcd8b4: shutdown FollowerState
2019-09-25 02:02:59,454 [Thread-307] INFO  impl.RaftServerImpl (RaftServerImpl.java:setRole(174)) - 0983ca92-2e85-418c-b6e1-27ad33fcd8b4@group-80A9E9502304: changes role from  FOLLOWER to CANDIDATE at term 0 for changeToCandidate
2019-09-25 02:02:59,454 [Thread-307] INFO  impl.RoleInfo (RoleInfo.java:updateAndGet(143)) - 0983ca92-2e85-418c-b6e1-27ad33fcd8b4: start LeaderElection
2019-09-25 02:02:59,462 [0887b1ed-27fc-4c01-8a0d-c0b6bdd73cf1@group-3BE7C575C034-SegmentedRaftLogWorker] INFO  segmented.SegmentedRaftLogWorker (SegmentedRaftLogWorker.java:execute(569)) - 0887b1ed-27fc-4c01-8a0d-c0b6bdd73cf1@group-3BE7C575C034-SegmentedRaftLogWorker: created new log segment /workdir/hadoop-ozone/ozonefs/target/test-dir/MiniOzoneClusterImpl-f329581b-00a8-489f-9c8e-b35e10165f21/datanode-7/data/ratis/27f15c05-12cf-48ea-8f9e-3be7c575c034/current/log_inprogress_0
2019-09-25 02:02:59,462 [3a1526ff-e59b-45ed-a910-aedaa732a469@group-B9EA4AC786EB:LeaderElection8] INFO  impl.LeaderElection (LeaderElection.java:askForVotes(182)) - 3a1526ff-e59b-45ed-a910-aedaa732a469@group-B9EA4AC786EB:LeaderElection8: begin an election at term 1 for -1: [3a1526ff-e59b-45ed-a910-aedaa732a469:192.168.151.66:45885], old=null
2019-09-25 02:02:59,462 [3a1526ff-e59b-45ed-a910-aedaa732a469@group-B9EA4AC786EB:LeaderElection8] INFO  impl.RoleInfo (RoleInfo.java:shutdownLeaderElection(134)) - 3a1526ff-e59b-45ed-a910-aedaa732a469: shutdown LeaderElection
2019-09-25 02:02:59,462 [3a1526ff-e59b-45ed-a910-aedaa732a469@group-B9EA4AC786EB:LeaderElection8] INFO  impl.RaftServerImpl (RaftServerImpl.java:setRole(174)) - 3a1526ff-e59b-45ed-a910-aedaa732a469@group-B9EA4AC786EB: changes role from CANDIDATE to LEADER at term 1 for changeToLeader
2019-09-25 02:02:59,462 [3a1526ff-e59b-45ed-a910-aedaa732a469@group-B9EA4AC786EB:LeaderElection8] INFO  impl.RaftServerImpl (ServerState.java:setLeader(253)) - 3a1526ff-e59b-45ed-a910-aedaa732a469@group-B9EA4AC786EB: change Leader from null to 3a1526ff-e59b-45ed-a910-aedaa732a469 at term 1 for becomeLeader, leader elected after 5054ms
2019-09-25 02:02:59,463 [3a1526ff-e59b-45ed-a910-aedaa732a469@group-B9EA4AC786EB:LeaderElection8] INFO  server.RaftServerConfigKeys (ConfUtils.java:logGet(43)) - raft.server.staging.catchup.gap = 1000 (default)
2019-09-25 02:02:59,463 [3a1526ff-e59b-45ed-a910-aedaa732a469@group-B9EA4AC786EB:LeaderElection8] INFO  server.RaftServerConfigKeys (ConfUtils.java:logGet(43)) - raft.server.rpc.sleep.time = 25ms (default)
2019-09-25 02:02:59,463 [3a1526ff-e59b-45ed-a910-aedaa732a469@group-B9EA4AC786EB:LeaderElection8] INFO  server.RaftServerConfigKeys (ConfUtils.java:logGet(43)) - raft.server.write.element-limit = 4096 (default)
2019-09-25 02:02:59,463 [3a1526ff-e59b-45ed-a910-aedaa732a469@group-B9EA4AC786EB:LeaderElection8] INFO  server.RaftServerConfigKeys (ConfUtils.java:logGet(43)) - raft.server.watch.timeout = 10s (default)
2019-09-25 02:02:59,463 [3a1526ff-e59b-45ed-a910-aedaa732a469@group-B9EA4AC786EB:LeaderElection8] INFO  server.RaftServerConfigKeys (ConfUtils.java:logGet(43)) - raft.server.watch.timeout.denomination = 1s (default)
2019-09-25 02:02:59,463 [3a1526ff-e59b-45ed-a910-aedaa732a469@group-B9EA4AC786EB:LeaderElection8] INFO  server.RaftServerConfigKeys (ConfUtils.java:logGet(43)) - raft.server.watch.element-limit = 65536 (default)
2019-09-25 02:02:59,466 [3a1526ff-e59b-45ed-a910-aedaa732a469@group-B9EA4AC786EB:LeaderElection8] INFO  impl.RoleInfo (RoleInfo.java:updateAndGet(143)) - 3a1526ff-e59b-45ed-a910-aedaa732a469: start LeaderState
2019-09-25 02:02:59,466 [3a1526ff-e59b-45ed-a910-aedaa732a469@group-B9EA4AC786EB:LeaderElection8] INFO  segmented.SegmentedRaftLogWorker (SegmentedRaftLogWorker.java:startLogSegment(380)) - 3a1526ff-e59b-45ed-a910-aedaa732a469@group-B9EA4AC786EB-SegmentedRaftLogWorker: Starting segment from index:0
2019-09-25 02:02:59,467 [3a1526ff-e59b-45ed-a910-aedaa732a469@group-B9EA4AC786EB:LeaderElection8] INFO  impl.RaftServerImpl (ServerState.java:setRaftConf(354)) - 3a1526ff-e59b-45ed-a910-aedaa732a469@group-B9EA4AC786EB: set configuration 0: [3a1526ff-e59b-45ed-a910-aedaa732a469:192.168.151.66:45885], old=null at 0
2019-09-25 02:02:59,487 [0983ca92-2e85-418c-b6e1-27ad33fcd8b4@group-80A9E9502304:LeaderElection9] INFO  impl.LeaderElection (LeaderElection.java:askForVotes(182)) - 0983ca92-2e85-418c-b6e1-27ad33fcd8b4@group-80A9E9502304:LeaderElection9: begin an election at term 1 for -1: [0983ca92-2e85-418c-b6e1-27ad33fcd8b4:192.168.151.66:45245], old=null
2019-09-25 02:02:59,488 [0983ca92-2e85-418c-b6e1-27ad33fcd8b4@group-80A9E9502304:LeaderElection9] INFO  impl.RoleInfo (RoleInfo.java:shutdownLeaderElection(134)) - 0983ca92-2e85-418c-b6e1-27ad33fcd8b4: shutdown LeaderElection
2019-09-25 02:02:59,488 [0983ca92-2e85-418c-b6e1-27ad33fcd8b4@group-80A9E9502304:LeaderElection9] INFO  impl.RaftServerImpl (RaftServerImpl.java:setRole(174)) - 0983ca92-2e85-418c-b6e1-27ad33fcd8b4@group-80A9E9502304: changes role from CANDIDATE to LEADER at term 1 for changeToLeader
2019-09-25 02:02:59,488 [0983ca92-2e85-418c-b6e1-27ad33fcd8b4@group-80A9E9502304:LeaderElection9] INFO  impl.RaftServerImpl (ServerState.java:setLeader(253)) - 0983ca92-2e85-418c-b6e1-27ad33fcd8b4@group-80A9E9502304: change Leader from null to 0983ca92-2e85-418c-b6e1-27ad33fcd8b4 at term 1 for becomeLeader, leader elected after 5189ms
2019-09-25 02:02:59,488 [0983ca92-2e85-418c-b6e1-27ad33fcd8b4@group-80A9E9502304:LeaderElection9] INFO  server.RaftServerConfigKeys (ConfUtils.java:logGet(43)) - raft.server.staging.catchup.gap = 1000 (default)
2019-09-25 02:02:59,488 [0983ca92-2e85-418c-b6e1-27ad33fcd8b4@group-80A9E9502304:LeaderElection9] INFO  server.RaftServerConfigKeys (ConfUtils.java:logGet(43)) - raft.server.rpc.sleep.time = 25ms (default)
2019-09-25 02:02:59,489 [0983ca92-2e85-418c-b6e1-27ad33fcd8b4@group-80A9E9502304:LeaderElection9] INFO  server.RaftServerConfigKeys (ConfUtils.java:logGet(43)) - raft.server.write.element-limit = 4096 (default)
2019-09-25 02:02:59,489 [0983ca92-2e85-418c-b6e1-27ad33fcd8b4@group-80A9E9502304:LeaderElection9] INFO  server.RaftServerConfigKeys (ConfUtils.java:logGet(43)) - raft.server.watch.timeout = 10s (default)
2019-09-25 02:02:59,489 [0983ca92-2e85-418c-b6e1-27ad33fcd8b4@group-80A9E9502304:LeaderElection9] INFO  server.RaftServerConfigKeys (ConfUtils.java:logGet(43)) - raft.server.watch.timeout.denomination = 1s (default)
2019-09-25 02:02:59,489 [0983ca92-2e85-418c-b6e1-27ad33fcd8b4@group-80A9E9502304:LeaderElection9] INFO  server.RaftServerConfigKeys (ConfUtils.java:logGet(43)) - raft.server.watch.element-limit = 65536 (default)
2019-09-25 02:02:59,491 [0983ca92-2e85-418c-b6e1-27ad33fcd8b4@group-80A9E9502304:LeaderElection9] INFO  impl.RoleInfo (RoleInfo.java:updateAndGet(143)) - 0983ca92-2e85-418c-b6e1-27ad33fcd8b4: start LeaderState
2019-09-25 02:02:59,491 [0983ca92-2e85-418c-b6e1-27ad33fcd8b4@group-80A9E9502304:LeaderElection9] INFO  segmented.SegmentedRaftLogWorker (SegmentedRaftLogWorker.java:startLogSegment(380)) - 0983ca92-2e85-418c-b6e1-27ad33fcd8b4@group-80A9E9502304-SegmentedRaftLogWorker: Starting segment from index:0
2019-09-25 02:02:59,492 [0983ca92-2e85-418c-b6e1-27ad33fcd8b4@group-80A9E9502304:LeaderElection9] INFO  impl.RaftServerImpl (ServerState.java:setRaftConf(354)) - 0983ca92-2e85-418c-b6e1-27ad33fcd8b4@group-80A9E9502304: set configuration 0: [0983ca92-2e85-418c-b6e1-27ad33fcd8b4:192.168.151.66:45245], old=null at 0
2019-09-25 02:02:59,511 [3a1526ff-e59b-45ed-a910-aedaa732a469@group-B9EA4AC786EB-SegmentedRaftLogWorker] INFO  segmented.SegmentedRaftLogWorker (SegmentedRaftLogWorker.java:execute(569)) - 3a1526ff-e59b-45ed-a910-aedaa732a469@group-B9EA4AC786EB-SegmentedRaftLogWorker: created new log segment /workdir/hadoop-ozone/ozonefs/target/test-dir/MiniOzoneClusterImpl-f329581b-00a8-489f-9c8e-b35e10165f21/datanode-6/data/ratis/e5e8ebc5-f99a-427b-84fa-b9ea4ac786eb/current/log_inprogress_0
2019-09-25 02:02:59,536 [0983ca92-2e85-418c-b6e1-27ad33fcd8b4@group-80A9E9502304-SegmentedRaftLogWorker] INFO  segmented.SegmentedRaftLogWorker (SegmentedRaftLogWorker.java:execute(569)) - 0983ca92-2e85-418c-b6e1-27ad33fcd8b4@group-80A9E9502304-SegmentedRaftLogWorker: created new log segment /workdir/hadoop-ozone/ozonefs/target/test-dir/MiniOzoneClusterImpl-f329581b-00a8-489f-9c8e-b35e10165f21/datanode-1/data/ratis/904497ea-be37-4051-a7ab-80a9e9502304/current/log_inprogress_0
2019-09-25 02:02:59,743 [Thread-313] INFO  impl.FollowerState (FollowerState.java:run(106)) - 48a8b89e-77e0-41b7-b930-70c5bc099523:group-F83A4574A30B changes to CANDIDATE, lastRpcTime:5191, electionTimeout:5191ms
2019-09-25 02:02:59,744 [Thread-313] INFO  impl.RoleInfo (RoleInfo.java:shutdownFollowerState(121)) - 48a8b89e-77e0-41b7-b930-70c5bc099523: shutdown FollowerState
2019-09-25 02:02:59,744 [Thread-313] INFO  impl.RaftServerImpl (RaftServerImpl.java:setRole(174)) - 48a8b89e-77e0-41b7-b930-70c5bc099523@group-F83A4574A30B: changes role from  FOLLOWER to CANDIDATE at term 0 for changeToCandidate
2019-09-25 02:02:59,744 [Thread-313] INFO  impl.RoleInfo (RoleInfo.java:updateAndGet(143)) - 48a8b89e-77e0-41b7-b930-70c5bc099523: start LeaderElection
2019-09-25 02:02:59,781 [48a8b89e-77e0-41b7-b930-70c5bc099523@group-F83A4574A30B:LeaderElection10] INFO  impl.LeaderElection (LeaderElection.java:askForVotes(182)) - 48a8b89e-77e0-41b7-b930-70c5bc099523@group-F83A4574A30B:LeaderElection10: begin an election at term 1 for -1: [48a8b89e-77e0-41b7-b930-70c5bc099523:192.168.151.66:36587], old=null
2019-09-25 02:02:59,781 [48a8b89e-77e0-41b7-b930-70c5bc099523@group-F83A4574A30B:LeaderElection10] INFO  impl.RoleInfo (RoleInfo.java:shutdownLeaderElection(134)) - 48a8b89e-77e0-41b7-b930-70c5bc099523: shutdown LeaderElection
2019-09-25 02:02:59,781 [48a8b89e-77e0-41b7-b930-70c5bc099523@group-F83A4574A30B:LeaderElection10] INFO  impl.RaftServerImpl (RaftServerImpl.java:setRole(174)) - 48a8b89e-77e0-41b7-b930-70c5bc099523@group-F83A4574A30B: changes role from CANDIDATE to LEADER at term 1 for changeToLeader
2019-09-25 02:02:59,781 [48a8b89e-77e0-41b7-b930-70c5bc099523@group-F83A4574A30B:LeaderElection10] INFO  impl.RaftServerImpl (ServerState.java:setLeader(253)) - 48a8b89e-77e0-41b7-b930-70c5bc099523@group-F83A4574A30B: change Leader from null to 48a8b89e-77e0-41b7-b930-70c5bc099523 at term 1 for becomeLeader, leader elected after 5239ms
2019-09-25 02:02:59,782 [48a8b89e-77e0-41b7-b930-70c5bc099523@group-F83A4574A30B:LeaderElection10] INFO  server.RaftServerConfigKeys (ConfUtils.java:logGet(43)) - raft.server.staging.catchup.gap = 1000 (default)
2019-09-25 02:02:59,782 [48a8b89e-77e0-41b7-b930-70c5bc099523@group-F83A4574A30B:LeaderElection10] INFO  server.RaftServerConfigKeys (ConfUtils.java:logGet(43)) - raft.server.rpc.sleep.time = 25ms (default)
2019-09-25 02:02:59,782 [48a8b89e-77e0-41b7-b930-70c5bc099523@group-F83A4574A30B:LeaderElection10] INFO  server.RaftServerConfigKeys (ConfUtils.java:logGet(43)) - raft.server.write.element-limit = 4096 (default)
2019-09-25 02:02:59,782 [48a8b89e-77e0-41b7-b930-70c5bc099523@group-F83A4574A30B:LeaderElection10] INFO  server.RaftServerConfigKeys (ConfUtils.java:logGet(43)) - raft.server.watch.timeout = 10s (default)
2019-09-25 02:02:59,783 [48a8b89e-77e0-41b7-b930-70c5bc099523@group-F83A4574A30B:LeaderElection10] INFO  server.RaftServerConfigKeys (ConfUtils.java:logGet(43)) - raft.server.watch.timeout.denomination = 1s (default)
2019-09-25 02:02:59,783 [48a8b89e-77e0-41b7-b930-70c5bc099523@group-F83A4574A30B:LeaderElection10] INFO  server.RaftServerConfigKeys (ConfUtils.java:logGet(43)) - raft.server.watch.element-limit = 65536 (default)
2019-09-25 02:02:59,786 [48a8b89e-77e0-41b7-b930-70c5bc099523@group-F83A4574A30B:LeaderElection10] INFO  impl.RoleInfo (RoleInfo.java:updateAndGet(143)) - 48a8b89e-77e0-41b7-b930-70c5bc099523: start LeaderState
2019-09-25 02:02:59,787 [48a8b89e-77e0-41b7-b930-70c5bc099523@group-F83A4574A30B:LeaderElection10] INFO  segmented.SegmentedRaftLogWorker (SegmentedRaftLogWorker.java:startLogSegment(380)) - 48a8b89e-77e0-41b7-b930-70c5bc099523@group-F83A4574A30B-SegmentedRaftLogWorker: Starting segment from index:0
2019-09-25 02:02:59,787 [48a8b89e-77e0-41b7-b930-70c5bc099523@group-F83A4574A30B:LeaderElection10] INFO  impl.RaftServerImpl (ServerState.java:setRaftConf(354)) - 48a8b89e-77e0-41b7-b930-70c5bc099523@group-F83A4574A30B: set configuration 0: [48a8b89e-77e0-41b7-b930-70c5bc099523:192.168.151.66:36587], old=null at 0
2019-09-25 02:02:59,831 [48a8b89e-77e0-41b7-b930-70c5bc099523@group-F83A4574A30B-SegmentedRaftLogWorker] INFO  segmented.SegmentedRaftLogWorker (SegmentedRaftLogWorker.java:execute(569)) - 48a8b89e-77e0-41b7-b930-70c5bc099523@group-F83A4574A30B-SegmentedRaftLogWorker: created new log segment /workdir/hadoop-ozone/ozonefs/target/test-dir/MiniOzoneClusterImpl-f329581b-00a8-489f-9c8e-b35e10165f21/datanode-9/data/ratis/0c741d21-6841-44f5-acc6-f83a4574a30b/current/log_inprogress_0
2019-09-25 02:02:59,847 [Thread-318] INFO  impl.FollowerState (FollowerState.java:run(106)) - 78aa7d22-8252-48a6-b22f-bbcb77ab7551:group-5D7FB7C834D5 changes to CANDIDATE, lastRpcTime:5151, electionTimeout:5151ms
2019-09-25 02:02:59,848 [Thread-318] INFO  impl.RoleInfo (RoleInfo.java:shutdownFollowerState(121)) - 78aa7d22-8252-48a6-b22f-bbcb77ab7551: shutdown FollowerState
2019-09-25 02:02:59,848 [Thread-318] INFO  impl.RaftServerImpl (RaftServerImpl.java:setRole(174)) - 78aa7d22-8252-48a6-b22f-bbcb77ab7551@group-5D7FB7C834D5: changes role from  FOLLOWER to CANDIDATE at term 0 for changeToCandidate
2019-09-25 02:02:59,848 [Thread-318] INFO  impl.RoleInfo (RoleInfo.java:updateAndGet(143)) - 78aa7d22-8252-48a6-b22f-bbcb77ab7551: start LeaderElection
2019-09-25 02:02:59,873 [Thread-320] INFO  impl.FollowerState (FollowerState.java:run(106)) - 4883e92d-256b-4e23-999d-6274ed4f0561:group-5D7FB7C834D5 changes to CANDIDATE, lastRpcTime:5172, electionTimeout:5169ms
2019-09-25 02:02:59,874 [Thread-320] INFO  impl.RoleInfo (RoleInfo.java:shutdownFollowerState(121)) - 4883e92d-256b-4e23-999d-6274ed4f0561: shutdown FollowerState
2019-09-25 02:02:59,874 [Thread-320] INFO  impl.RaftServerImpl (RaftServerImpl.java:setRole(174)) - 4883e92d-256b-4e23-999d-6274ed4f0561@group-5D7FB7C834D5: changes role from  FOLLOWER to CANDIDATE at term 0 for changeToCandidate
2019-09-25 02:02:59,874 [Thread-320] INFO  impl.RoleInfo (RoleInfo.java:updateAndGet(143)) - 4883e92d-256b-4e23-999d-6274ed4f0561: start LeaderElection
2019-09-25 02:02:59,883 [78aa7d22-8252-48a6-b22f-bbcb77ab7551@group-5D7FB7C834D5:LeaderElection11] INFO  impl.LeaderElection (LeaderElection.java:askForVotes(182)) - 78aa7d22-8252-48a6-b22f-bbcb77ab7551@group-5D7FB7C834D5:LeaderElection11: begin an election at term 1 for -1: [e40f6fdf-da16-453e-9f28-91d67fc4fbe1:192.168.151.66:36511, 4883e92d-256b-4e23-999d-6274ed4f0561:192.168.151.66:34518, 78aa7d22-8252-48a6-b22f-bbcb77ab7551:192.168.151.66:45820], old=null
2019-09-25 02:02:59,910 [Thread-321] INFO  impl.FollowerState (FollowerState.java:run(106)) - e40f6fdf-da16-453e-9f28-91d67fc4fbe1:group-5D7FB7C834D5 changes to CANDIDATE, lastRpcTime:5205, electionTimeout:5195ms
2019-09-25 02:02:59,910 [4883e92d-256b-4e23-999d-6274ed4f0561@group-5D7FB7C834D5:LeaderElection12] INFO  impl.LeaderElection (LeaderElection.java:askForVotes(182)) - 4883e92d-256b-4e23-999d-6274ed4f0561@group-5D7FB7C834D5:LeaderElection12: begin an election at term 1 for -1: [e40f6fdf-da16-453e-9f28-91d67fc4fbe1:192.168.151.66:36511, 4883e92d-256b-4e23-999d-6274ed4f0561:192.168.151.66:34518, 78aa7d22-8252-48a6-b22f-bbcb77ab7551:192.168.151.66:45820], old=null
2019-09-25 02:02:59,910 [Thread-321] INFO  impl.RoleInfo (RoleInfo.java:shutdownFollowerState(121)) - e40f6fdf-da16-453e-9f28-91d67fc4fbe1: shutdown FollowerState
2019-09-25 02:02:59,911 [Thread-321] INFO  impl.RaftServerImpl (RaftServerImpl.java:setRole(174)) - e40f6fdf-da16-453e-9f28-91d67fc4fbe1@group-5D7FB7C834D5: changes role from  FOLLOWER to CANDIDATE at term 0 for changeToCandidate
2019-09-25 02:02:59,911 [Thread-321] INFO  impl.RoleInfo (RoleInfo.java:updateAndGet(143)) - e40f6fdf-da16-453e-9f28-91d67fc4fbe1: start LeaderElection
2019-09-25 02:02:59,940 [e40f6fdf-da16-453e-9f28-91d67fc4fbe1@group-5D7FB7C834D5:LeaderElection13] INFO  impl.LeaderElection (LeaderElection.java:askForVotes(182)) - e40f6fdf-da16-453e-9f28-91d67fc4fbe1@group-5D7FB7C834D5:LeaderElection13: begin an election at term 1 for -1: [e40f6fdf-da16-453e-9f28-91d67fc4fbe1:192.168.151.66:36511, 4883e92d-256b-4e23-999d-6274ed4f0561:192.168.151.66:34518, 78aa7d22-8252-48a6-b22f-bbcb77ab7551:192.168.151.66:45820], old=null
2019-09-25 02:02:59,997 [78aa7d22-8252-48a6-b22f-bbcb77ab7551@group-5D7FB7C834D5:LeaderElection11] INFO  impl.LeaderElection (LeaderElection.java:logAndReturn(56)) - 78aa7d22-8252-48a6-b22f-bbcb77ab7551@group-5D7FB7C834D5:LeaderElection11: Election REJECTED; received 2 response(s) [78aa7d22-8252-48a6-b22f-bbcb77ab7551<-e40f6fdf-da16-453e-9f28-91d67fc4fbe1#0:FAIL-t1, 78aa7d22-8252-48a6-b22f-bbcb77ab7551<-4883e92d-256b-4e23-999d-6274ed4f0561#0:FAIL-t1] and 0 exception(s); 78aa7d22-8252-48a6-b22f-bbcb77ab7551@group-5D7FB7C834D5:t1, leader=null, voted=78aa7d22-8252-48a6-b22f-bbcb77ab7551, raftlog=78aa7d22-8252-48a6-b22f-bbcb77ab7551@group-5D7FB7C834D5-SegmentedRaftLog:OPENED:c-1,f-1,i0, conf=-1: [e40f6fdf-da16-453e-9f28-91d67fc4fbe1:192.168.151.66:36511, 4883e92d-256b-4e23-999d-6274ed4f0561:192.168.151.66:34518, 78aa7d22-8252-48a6-b22f-bbcb77ab7551:192.168.151.66:45820], old=null
2019-09-25 02:02:59,997 [4883e92d-256b-4e23-999d-6274ed4f0561@group-5D7FB7C834D5:LeaderElection12] INFO  impl.LeaderElection (LeaderElection.java:logAndReturn(56)) - 4883e92d-256b-4e23-999d-6274ed4f0561@group-5D7FB7C834D5:LeaderElection12: Election REJECTED; received 2 response(s) [4883e92d-256b-4e23-999d-6274ed4f0561<-e40f6fdf-da16-453e-9f28-91d67fc4fbe1#0:FAIL-t1, 4883e92d-256b-4e23-999d-6274ed4f0561<-78aa7d22-8252-48a6-b22f-bbcb77ab7551#0:FAIL-t1] and 0 exception(s); 4883e92d-256b-4e23-999d-6274ed4f0561@group-5D7FB7C834D5:t1, leader=null, voted=4883e92d-256b-4e23-999d-6274ed4f0561, raftlog=4883e92d-256b-4e23-999d-6274ed4f0561@group-5D7FB7C834D5-SegmentedRaftLog:OPENED:c-1,f-1,i0, conf=-1: [e40f6fdf-da16-453e-9f28-91d67fc4fbe1:192.168.151.66:36511, 4883e92d-256b-4e23-999d-6274ed4f0561:192.168.151.66:34518, 78aa7d22-8252-48a6-b22f-bbcb77ab7551:192.168.151.66:45820], old=null
2019-09-25 02:02:59,997 [e40f6fdf-da16-453e-9f28-91d67fc4fbe1@group-5D7FB7C834D5:LeaderElection13] INFO  impl.LeaderElection (LeaderElection.java:logAndReturn(56)) - e40f6fdf-da16-453e-9f28-91d67fc4fbe1@group-5D7FB7C834D5:LeaderElection13: Election REJECTED; received 2 response(s) [e40f6fdf-da16-453e-9f28-91d67fc4fbe1<-4883e92d-256b-4e23-999d-6274ed4f0561#0:FAIL-t1, e40f6fdf-da16-453e-9f28-91d67fc4fbe1<-78aa7d22-8252-48a6-b22f-bbcb77ab7551#0:FAIL-t1] and 0 exception(s); e40f6fdf-da16-453e-9f28-91d67fc4fbe1@group-5D7FB7C834D5:t1, leader=null, voted=e40f6fdf-da16-453e-9f28-91d67fc4fbe1, raftlog=e40f6fdf-da16-453e-9f28-91d67fc4fbe1@group-5D7FB7C834D5-SegmentedRaftLog:OPENED:c-1,f-1,i0, conf=-1: [e40f6fdf-da16-453e-9f28-91d67fc4fbe1:192.168.151.66:36511, 4883e92d-256b-4e23-999d-6274ed4f0561:192.168.151.66:34518, 78aa7d22-8252-48a6-b22f-bbcb77ab7551:192.168.151.66:45820], old=null
2019-09-25 02:03:00,007 [4883e92d-256b-4e23-999d-6274ed4f0561@group-5D7FB7C834D5:LeaderElection12] INFO  impl.RaftServerImpl (RaftServerImpl.java:setRole(174)) - 4883e92d-256b-4e23-999d-6274ed4f0561@group-5D7FB7C834D5: changes role from CANDIDATE to FOLLOWER at term 1 for DISCOVERED_A_NEW_TERM
2019-09-25 02:03:00,010 [4883e92d-256b-4e23-999d-6274ed4f0561@group-5D7FB7C834D5:LeaderElection12] INFO  impl.RoleInfo (RoleInfo.java:shutdownLeaderElection(134)) - 4883e92d-256b-4e23-999d-6274ed4f0561: shutdown LeaderElection
2019-09-25 02:03:00,007 [e40f6fdf-da16-453e-9f28-91d67fc4fbe1@group-5D7FB7C834D5:LeaderElection13] INFO  impl.RaftServerImpl (RaftServerImpl.java:setRole(174)) - e40f6fdf-da16-453e-9f28-91d67fc4fbe1@group-5D7FB7C834D5: changes role from CANDIDATE to FOLLOWER at term 1 for DISCOVERED_A_NEW_TERM
2019-09-25 02:03:00,012 [4883e92d-256b-4e23-999d-6274ed4f0561@group-5D7FB7C834D5:LeaderElection12] INFO  impl.RoleInfo (RoleInfo.java:updateAndGet(143)) - 4883e92d-256b-4e23-999d-6274ed4f0561: start FollowerState
2019-09-25 02:03:00,007 [78aa7d22-8252-48a6-b22f-bbcb77ab7551@group-5D7FB7C834D5:LeaderElection11] INFO  impl.RaftServerImpl (RaftServerImpl.java:setRole(174)) - 78aa7d22-8252-48a6-b22f-bbcb77ab7551@group-5D7FB7C834D5: changes role from CANDIDATE to FOLLOWER at term 1 for DISCOVERED_A_NEW_TERM
2019-09-25 02:03:00,012 [e40f6fdf-da16-453e-9f28-91d67fc4fbe1@group-5D7FB7C834D5:LeaderElection13] INFO  impl.RoleInfo (RoleInfo.java:shutdownLeaderElection(134)) - e40f6fdf-da16-453e-9f28-91d67fc4fbe1: shutdown LeaderElection
2019-09-25 02:03:00,014 [78aa7d22-8252-48a6-b22f-bbcb77ab7551@group-5D7FB7C834D5:LeaderElection11] INFO  impl.RoleInfo (RoleInfo.java:shutdownLeaderElection(134)) - 78aa7d22-8252-48a6-b22f-bbcb77ab7551: shutdown LeaderElection
2019-09-25 02:03:00,015 [e40f6fdf-da16-453e-9f28-91d67fc4fbe1@group-5D7FB7C834D5:LeaderElection13] INFO  impl.RoleInfo (RoleInfo.java:updateAndGet(143)) - e40f6fdf-da16-453e-9f28-91d67fc4fbe1: start FollowerState
2019-09-25 02:03:00,015 [78aa7d22-8252-48a6-b22f-bbcb77ab7551@group-5D7FB7C834D5:LeaderElection11] INFO  impl.RoleInfo (RoleInfo.java:updateAndGet(143)) - 78aa7d22-8252-48a6-b22f-bbcb77ab7551: start FollowerState
2019-09-25 02:03:00,183 [main] INFO  ipc.Client (Client.java:handleConnectionFailure(948)) - Retrying connect to server: localhost/127.0.0.1:0. Already tried 5 time(s); retry policy is RetryUpToMaximumCountWithFixedSleep(maxRetries=10, sleepTime=1000 MILLISECONDS)
2019-09-25 02:03:00,231 [Thread-328] INFO  impl.FollowerState (FollowerState.java:run(106)) - 0887b1ed-27fc-4c01-8a0d-c0b6bdd73cf1:group-B6AAD8E986F2 changes to CANDIDATE, lastRpcTime:5010, electionTimeout:5010ms
2019-09-25 02:03:00,231 [Thread-328] INFO  impl.RoleInfo (RoleInfo.java:shutdownFollowerState(121)) - 0887b1ed-27fc-4c01-8a0d-c0b6bdd73cf1: shutdown FollowerState
2019-09-25 02:03:00,232 [Thread-328] INFO  impl.RaftServerImpl (RaftServerImpl.java:setRole(174)) - 0887b1ed-27fc-4c01-8a0d-c0b6bdd73cf1@group-B6AAD8E986F2: changes role from  FOLLOWER to CANDIDATE at term 0 for changeToCandidate
2019-09-25 02:03:00,232 [Thread-328] INFO  impl.RoleInfo (RoleInfo.java:updateAndGet(143)) - 0887b1ed-27fc-4c01-8a0d-c0b6bdd73cf1: start LeaderElection
2019-09-25 02:03:00,265 [0887b1ed-27fc-4c01-8a0d-c0b6bdd73cf1@group-B6AAD8E986F2:LeaderElection14] INFO  impl.LeaderElection (LeaderElection.java:askForVotes(182)) - 0887b1ed-27fc-4c01-8a0d-c0b6bdd73cf1@group-B6AAD8E986F2:LeaderElection14: begin an election at term 1 for -1: [189f5818-a53a-4729-a9db-ea81ae500767:192.168.151.66:38437, 708c1fbc-7d1d-46e2-b177-af1b45a5b17f:192.168.151.66:43670, 0887b1ed-27fc-4c01-8a0d-c0b6bdd73cf1:192.168.151.66:38297], old=null
2019-09-25 02:03:00,274 [Thread-330] INFO  impl.FollowerState (FollowerState.java:run(106)) - 708c1fbc-7d1d-46e2-b177-af1b45a5b17f:group-B6AAD8E986F2 changes to CANDIDATE, lastRpcTime:5053, electionTimeout:5052ms
2019-09-25 02:03:00,275 [Thread-330] INFO  impl.RoleInfo (RoleInfo.java:shutdownFollowerState(121)) - 708c1fbc-7d1d-46e2-b177-af1b45a5b17f: shutdown FollowerState
2019-09-25 02:03:00,275 [Thread-330] INFO  impl.RaftServerImpl (RaftServerImpl.java:setRole(174)) - 708c1fbc-7d1d-46e2-b177-af1b45a5b17f@group-B6AAD8E986F2: changes role from  FOLLOWER to CANDIDATE at term 0 for changeToCandidate
2019-09-25 02:03:00,275 [Thread-330] INFO  impl.RoleInfo (RoleInfo.java:updateAndGet(143)) - 708c1fbc-7d1d-46e2-b177-af1b45a5b17f: start LeaderElection
2019-09-25 02:03:00,306 [grpc-default-executor-2] INFO  impl.RaftServerImpl (RaftServerImpl.java:setRole(174)) - 189f5818-a53a-4729-a9db-ea81ae500767@group-B6AAD8E986F2: changes role from  FOLLOWER to FOLLOWER at term 1 for recognizeCandidate:0887b1ed-27fc-4c01-8a0d-c0b6bdd73cf1
2019-09-25 02:03:00,306 [708c1fbc-7d1d-46e2-b177-af1b45a5b17f@group-B6AAD8E986F2:LeaderElection15] INFO  impl.LeaderElection (LeaderElection.java:askForVotes(182)) - 708c1fbc-7d1d-46e2-b177-af1b45a5b17f@group-B6AAD8E986F2:LeaderElection15: begin an election at term 1 for -1: [189f5818-a53a-4729-a9db-ea81ae500767:192.168.151.66:38437, 708c1fbc-7d1d-46e2-b177-af1b45a5b17f:192.168.151.66:43670, 0887b1ed-27fc-4c01-8a0d-c0b6bdd73cf1:192.168.151.66:38297], old=null
2019-09-25 02:03:00,306 [grpc-default-executor-2] INFO  impl.RoleInfo (RoleInfo.java:shutdownFollowerState(121)) - 189f5818-a53a-4729-a9db-ea81ae500767: shutdown FollowerState
2019-09-25 02:03:00,307 [grpc-default-executor-2] INFO  impl.RoleInfo (RoleInfo.java:updateAndGet(143)) - 189f5818-a53a-4729-a9db-ea81ae500767: start FollowerState
2019-09-25 02:03:00,307 [Thread-329] INFO  impl.FollowerState (FollowerState.java:run(115)) - 189f5818-a53a-4729-a9db-ea81ae500767: FollowerState was interrupted: java.lang.InterruptedException: sleep interrupted
2019-09-25 02:03:00,353 [0887b1ed-27fc-4c01-8a0d-c0b6bdd73cf1@group-B6AAD8E986F2:LeaderElection14] INFO  impl.LeaderElection (LeaderElection.java:logAndReturn(56)) - 0887b1ed-27fc-4c01-8a0d-c0b6bdd73cf1@group-B6AAD8E986F2:LeaderElection14: Election PASSED; received 2 response(s) [0887b1ed-27fc-4c01-8a0d-c0b6bdd73cf1<-189f5818-a53a-4729-a9db-ea81ae500767#0:OK-t1, 0887b1ed-27fc-4c01-8a0d-c0b6bdd73cf1<-708c1fbc-7d1d-46e2-b177-af1b45a5b17f#0:FAIL-t1] and 0 exception(s); 0887b1ed-27fc-4c01-8a0d-c0b6bdd73cf1@group-B6AAD8E986F2:t1, leader=null, voted=0887b1ed-27fc-4c01-8a0d-c0b6bdd73cf1, raftlog=0887b1ed-27fc-4c01-8a0d-c0b6bdd73cf1@group-B6AAD8E986F2-SegmentedRaftLog:OPENED:c-1,f-1,i0, conf=-1: [189f5818-a53a-4729-a9db-ea81ae500767:192.168.151.66:38437, 708c1fbc-7d1d-46e2-b177-af1b45a5b17f:192.168.151.66:43670, 0887b1ed-27fc-4c01-8a0d-c0b6bdd73cf1:192.168.151.66:38297], old=null
2019-09-25 02:03:00,353 [0887b1ed-27fc-4c01-8a0d-c0b6bdd73cf1@group-B6AAD8E986F2:LeaderElection14] INFO  impl.RoleInfo (RoleInfo.java:shutdownLeaderElection(134)) - 0887b1ed-27fc-4c01-8a0d-c0b6bdd73cf1: shutdown LeaderElection
2019-09-25 02:03:00,364 [0887b1ed-27fc-4c01-8a0d-c0b6bdd73cf1@group-B6AAD8E986F2:LeaderElection14] INFO  impl.RaftServerImpl (RaftServerImpl.java:setRole(174)) - 0887b1ed-27fc-4c01-8a0d-c0b6bdd73cf1@group-B6AAD8E986F2: changes role from CANDIDATE to LEADER at term 1 for changeToLeader
2019-09-25 02:03:00,364 [0887b1ed-27fc-4c01-8a0d-c0b6bdd73cf1@group-B6AAD8E986F2:LeaderElection14] INFO  impl.RaftServerImpl (ServerState.java:setLeader(253)) - 0887b1ed-27fc-4c01-8a0d-c0b6bdd73cf1@group-B6AAD8E986F2: change Leader from null to 0887b1ed-27fc-4c01-8a0d-c0b6bdd73cf1 at term 1 for becomeLeader, leader elected after 5160ms
2019-09-25 02:03:00,368 [0887b1ed-27fc-4c01-8a0d-c0b6bdd73cf1@group-B6AAD8E986F2:LeaderElection14] INFO  server.RaftServerConfigKeys (ConfUtils.java:logGet(43)) - raft.server.staging.catchup.gap = 1000 (default)
2019-09-25 02:03:00,368 [0887b1ed-27fc-4c01-8a0d-c0b6bdd73cf1@group-B6AAD8E986F2:LeaderElection14] INFO  server.RaftServerConfigKeys (ConfUtils.java:logGet(43)) - raft.server.rpc.sleep.time = 25ms (default)
2019-09-25 02:03:00,368 [0887b1ed-27fc-4c01-8a0d-c0b6bdd73cf1@group-B6AAD8E986F2:LeaderElection14] INFO  server.RaftServerConfigKeys (ConfUtils.java:logGet(43)) - raft.server.write.element-limit = 4096 (default)
2019-09-25 02:03:00,368 [708c1fbc-7d1d-46e2-b177-af1b45a5b17f@group-B6AAD8E986F2:LeaderElection15] INFO  impl.LeaderElection (LeaderElection.java:logAndReturn(56)) - 708c1fbc-7d1d-46e2-b177-af1b45a5b17f@group-B6AAD8E986F2:LeaderElection15: Election REJECTED; received 2 response(s) [708c1fbc-7d1d-46e2-b177-af1b45a5b17f<-189f5818-a53a-4729-a9db-ea81ae500767#0:FAIL-t1, 708c1fbc-7d1d-46e2-b177-af1b45a5b17f<-0887b1ed-27fc-4c01-8a0d-c0b6bdd73cf1#0:FAIL-t1] and 0 exception(s); 708c1fbc-7d1d-46e2-b177-af1b45a5b17f@group-B6AAD8E986F2:t1, leader=null, voted=708c1fbc-7d1d-46e2-b177-af1b45a5b17f, raftlog=708c1fbc-7d1d-46e2-b177-af1b45a5b17f@group-B6AAD8E986F2-SegmentedRaftLog:OPENED:c-1,f-1,i0, conf=-1: [189f5818-a53a-4729-a9db-ea81ae500767:192.168.151.66:38437, 708c1fbc-7d1d-46e2-b177-af1b45a5b17f:192.168.151.66:43670, 0887b1ed-27fc-4c01-8a0d-c0b6bdd73cf1:192.168.151.66:38297], old=null
2019-09-25 02:03:00,368 [0887b1ed-27fc-4c01-8a0d-c0b6bdd73cf1@group-B6AAD8E986F2:LeaderElection14] INFO  server.RaftServerConfigKeys (ConfUtils.java:logGet(43)) - raft.server.watch.timeout = 10s (default)
2019-09-25 02:03:00,371 [708c1fbc-7d1d-46e2-b177-af1b45a5b17f@group-B6AAD8E986F2:LeaderElection15] INFO  impl.RaftServerImpl (RaftServerImpl.java:setRole(174)) - 708c1fbc-7d1d-46e2-b177-af1b45a5b17f@group-B6AAD8E986F2: changes role from CANDIDATE to FOLLOWER at term 1 for DISCOVERED_A_NEW_TERM
2019-09-25 02:03:00,371 [0887b1ed-27fc-4c01-8a0d-c0b6bdd73cf1@group-B6AAD8E986F2:LeaderElection14] INFO  server.RaftServerConfigKeys (ConfUtils.java:logGet(43)) - raft.server.watch.timeout.denomination = 1s (default)
2019-09-25 02:03:00,374 [708c1fbc-7d1d-46e2-b177-af1b45a5b17f@group-B6AAD8E986F2:LeaderElection15] INFO  impl.RoleInfo (RoleInfo.java:shutdownLeaderElection(134)) - 708c1fbc-7d1d-46e2-b177-af1b45a5b17f: shutdown LeaderElection
2019-09-25 02:03:00,374 [0887b1ed-27fc-4c01-8a0d-c0b6bdd73cf1@group-B6AAD8E986F2:LeaderElection14] INFO  server.RaftServerConfigKeys (ConfUtils.java:logGet(43)) - raft.server.watch.element-limit = 65536 (default)
2019-09-25 02:03:00,374 [708c1fbc-7d1d-46e2-b177-af1b45a5b17f@group-B6AAD8E986F2:LeaderElection15] INFO  impl.RoleInfo (RoleInfo.java:updateAndGet(143)) - 708c1fbc-7d1d-46e2-b177-af1b45a5b17f: start FollowerState
2019-09-25 02:03:00,380 [0887b1ed-27fc-4c01-8a0d-c0b6bdd73cf1@group-B6AAD8E986F2:LeaderElection14] INFO  server.RaftServerConfigKeys (ConfUtils.java:logGet(43)) - raft.server.log.appender.snapshot.chunk.size.max = 16MB (=16777216) (default)
2019-09-25 02:03:00,381 [0887b1ed-27fc-4c01-8a0d-c0b6bdd73cf1@group-B6AAD8E986F2:LeaderElection14] INFO  server.RaftServerConfigKeys (ConfUtils.java:logGet(43)) - raft.server.log.appender.buffer.byte-limit = 33554432 (custom)
2019-09-25 02:03:00,381 [0887b1ed-27fc-4c01-8a0d-c0b6bdd73cf1@group-B6AAD8E986F2:LeaderElection14] INFO  server.RaftServerConfigKeys (ConfUtils.java:logGet(43)) - raft.server.log.appender.buffer.element-limit = 1 (custom)
2019-09-25 02:03:00,387 [0887b1ed-27fc-4c01-8a0d-c0b6bdd73cf1@group-B6AAD8E986F2:LeaderElection14] INFO  grpc.GrpcConfigKeys$Server (ConfUtils.java:logGet(43)) - raft.grpc.server.leader.outstanding.appends.max = 128 (default)
2019-09-25 02:03:00,397 [Thread-338] INFO  impl.FollowerState (FollowerState.java:run(106)) - e2bc4f57-4e4d-4806-bb89-300e99e050aa:group-0E59EC4C81DE changes to CANDIDATE, lastRpcTime:5061, electionTimeout:5061ms
2019-09-25 02:03:00,397 [0887b1ed-27fc-4c01-8a0d-c0b6bdd73cf1@group-B6AAD8E986F2:LeaderElection14] INFO  server.RaftServerConfigKeys (ConfUtils.java:logGet(43)) - raft.server.rpc.request.timeout = 3000ms (default)
2019-09-25 02:03:00,397 [Thread-338] INFO  impl.RoleInfo (RoleInfo.java:shutdownFollowerState(121)) - e2bc4f57-4e4d-4806-bb89-300e99e050aa: shutdown FollowerState
2019-09-25 02:03:00,397 [0887b1ed-27fc-4c01-8a0d-c0b6bdd73cf1@group-B6AAD8E986F2:LeaderElection14] INFO  server.RaftServerConfigKeys (ConfUtils.java:logGet(43)) - raft.server.log.appender.install.snapshot.enabled = false (custom)
2019-09-25 02:03:00,397 [Thread-338] INFO  impl.RaftServerImpl (RaftServerImpl.java:setRole(174)) - e2bc4f57-4e4d-4806-bb89-300e99e050aa@group-0E59EC4C81DE: changes role from  FOLLOWER to CANDIDATE at term 0 for changeToCandidate
2019-09-25 02:03:00,398 [Thread-338] INFO  impl.RoleInfo (RoleInfo.java:updateAndGet(143)) - e2bc4f57-4e4d-4806-bb89-300e99e050aa: start LeaderElection
2019-09-25 02:03:00,406 [0887b1ed-27fc-4c01-8a0d-c0b6bdd73cf1@group-B6AAD8E986F2:LeaderElection14] INFO  server.RaftServerConfigKeys (ConfUtils.java:logGet(43)) - raft.server.log.appender.snapshot.chunk.size.max = 16MB (=16777216) (default)
2019-09-25 02:03:00,406 [0887b1ed-27fc-4c01-8a0d-c0b6bdd73cf1@group-B6AAD8E986F2:LeaderElection14] INFO  server.RaftServerConfigKeys (ConfUtils.java:logGet(43)) - raft.server.log.appender.buffer.byte-limit = 33554432 (custom)
2019-09-25 02:03:00,406 [0887b1ed-27fc-4c01-8a0d-c0b6bdd73cf1@group-B6AAD8E986F2:LeaderElection14] INFO  server.RaftServerConfigKeys (ConfUtils.java:logGet(43)) - raft.server.log.appender.buffer.element-limit = 1 (custom)
2019-09-25 02:03:00,406 [0887b1ed-27fc-4c01-8a0d-c0b6bdd73cf1@group-B6AAD8E986F2:LeaderElection14] INFO  grpc.GrpcConfigKeys$Server (ConfUtils.java:logGet(43)) - raft.grpc.server.leader.outstanding.appends.max = 128 (default)
2019-09-25 02:03:00,407 [0887b1ed-27fc-4c01-8a0d-c0b6bdd73cf1@group-B6AAD8E986F2:LeaderElection14] INFO  server.RaftServerConfigKeys (ConfUtils.java:logGet(43)) - raft.server.rpc.request.timeout = 3000ms (default)
2019-09-25 02:03:00,407 [0887b1ed-27fc-4c01-8a0d-c0b6bdd73cf1@group-B6AAD8E986F2:LeaderElection14] INFO  server.RaftServerConfigKeys (ConfUtils.java:logGet(43)) - raft.server.log.appender.install.snapshot.enabled = false (custom)
2019-09-25 02:03:00,411 [0887b1ed-27fc-4c01-8a0d-c0b6bdd73cf1@group-B6AAD8E986F2:LeaderElection14] INFO  impl.RoleInfo (RoleInfo.java:updateAndGet(143)) - 0887b1ed-27fc-4c01-8a0d-c0b6bdd73cf1: start LeaderState
2019-09-25 02:03:00,411 [0887b1ed-27fc-4c01-8a0d-c0b6bdd73cf1@group-B6AAD8E986F2:LeaderElection14] INFO  segmented.SegmentedRaftLogWorker (SegmentedRaftLogWorker.java:startLogSegment(380)) - 0887b1ed-27fc-4c01-8a0d-c0b6bdd73cf1@group-B6AAD8E986F2-SegmentedRaftLogWorker: Starting segment from index:0
2019-09-25 02:03:00,412 [0887b1ed-27fc-4c01-8a0d-c0b6bdd73cf1@group-B6AAD8E986F2:LeaderElection14] INFO  impl.RaftServerImpl (ServerState.java:setRaftConf(354)) - 0887b1ed-27fc-4c01-8a0d-c0b6bdd73cf1@group-B6AAD8E986F2: set configuration 0: [189f5818-a53a-4729-a9db-ea81ae500767:192.168.151.66:38437, 708c1fbc-7d1d-46e2-b177-af1b45a5b17f:192.168.151.66:43670, 0887b1ed-27fc-4c01-8a0d-c0b6bdd73cf1:192.168.151.66:38297], old=null at 0
2019-09-25 02:03:00,433 [e2bc4f57-4e4d-4806-bb89-300e99e050aa@group-0E59EC4C81DE:LeaderElection16] INFO  impl.LeaderElection (LeaderElection.java:askForVotes(182)) - e2bc4f57-4e4d-4806-bb89-300e99e050aa@group-0E59EC4C81DE:LeaderElection16: begin an election at term 1 for -1: [e2bc4f57-4e4d-4806-bb89-300e99e050aa:192.168.151.66:43164, 3a1526ff-e59b-45ed-a910-aedaa732a469:192.168.151.66:45885, 0983ca92-2e85-418c-b6e1-27ad33fcd8b4:192.168.151.66:45245], old=null
2019-09-25 02:03:00,444 [0887b1ed-27fc-4c01-8a0d-c0b6bdd73cf1@group-B6AAD8E986F2-SegmentedRaftLogWorker] INFO  segmented.SegmentedRaftLogWorker (SegmentedRaftLogWorker.java:execute(569)) - 0887b1ed-27fc-4c01-8a0d-c0b6bdd73cf1@group-B6AAD8E986F2-SegmentedRaftLogWorker: created new log segment /workdir/hadoop-ozone/ozonefs/target/test-dir/MiniOzoneClusterImpl-f329581b-00a8-489f-9c8e-b35e10165f21/datanode-7/data/ratis/d4d1db95-45c9-46a1-b06f-b6aad8e986f2/current/log_inprogress_0
2019-09-25 02:03:00,472 [Thread-337] INFO  impl.FollowerState (FollowerState.java:run(106)) - 0983ca92-2e85-418c-b6e1-27ad33fcd8b4:group-0E59EC4C81DE changes to CANDIDATE, lastRpcTime:5136, electionTimeout:5136ms
2019-09-25 02:03:00,476 [grpc-default-executor-2] INFO  impl.RaftServerImpl (ServerState.java:setLeader(253)) - 189f5818-a53a-4729-a9db-ea81ae500767@group-B6AAD8E986F2: change Leader from null to 0887b1ed-27fc-4c01-8a0d-c0b6bdd73cf1 at term 1 for appendEntries, leader elected after 5272ms
2019-09-25 02:03:00,476 [grpc-default-executor-3] INFO  impl.RaftServerImpl (ServerState.java:setLeader(253)) - 708c1fbc-7d1d-46e2-b177-af1b45a5b17f@group-B6AAD8E986F2: change Leader from null to 0887b1ed-27fc-4c01-8a0d-c0b6bdd73cf1 at term 1 for appendEntries, leader elected after 5273ms
2019-09-25 02:03:00,479 [Thread-337] INFO  impl.RoleInfo (RoleInfo.java:shutdownFollowerState(121)) - 0983ca92-2e85-418c-b6e1-27ad33fcd8b4: shutdown FollowerState
2019-09-25 02:03:00,485 [grpc-default-executor-0] INFO  impl.RaftServerImpl (RaftServerImpl.java:setRole(174)) - 3a1526ff-e59b-45ed-a910-aedaa732a469@group-0E59EC4C81DE: changes role from  FOLLOWER to FOLLOWER at term 1 for recognizeCandidate:e2bc4f57-4e4d-4806-bb89-300e99e050aa
2019-09-25 02:03:00,485 [Thread-337] INFO  impl.RaftServerImpl (RaftServerImpl.java:setRole(174)) - 0983ca92-2e85-418c-b6e1-27ad33fcd8b4@group-0E59EC4C81DE: changes role from  FOLLOWER to CANDIDATE at term 0 for changeToCandidate
2019-09-25 02:03:00,486 [grpc-default-executor-0] INFO  impl.RoleInfo (RoleInfo.java:shutdownFollowerState(121)) - 3a1526ff-e59b-45ed-a910-aedaa732a469: shutdown FollowerState
2019-09-25 02:03:00,489 [Thread-337] INFO  impl.RoleInfo (RoleInfo.java:updateAndGet(143)) - 0983ca92-2e85-418c-b6e1-27ad33fcd8b4: start LeaderElection
2019-09-25 02:03:00,489 [Thread-339] INFO  impl.FollowerState (FollowerState.java:run(115)) - 3a1526ff-e59b-45ed-a910-aedaa732a469: FollowerState was interrupted: java.lang.InterruptedException: sleep interrupted
2019-09-25 02:03:00,489 [grpc-default-executor-0] INFO  impl.RoleInfo (RoleInfo.java:updateAndGet(143)) - 3a1526ff-e59b-45ed-a910-aedaa732a469: start FollowerState
2019-09-25 02:03:00,496 [grpc-default-executor-1] INFO  impl.RaftServerImpl (RaftServerImpl.java:setRole(174)) - 0983ca92-2e85-418c-b6e1-27ad33fcd8b4@group-0E59EC4C81DE: changes role from CANDIDATE to FOLLOWER at term 1 for recognizeCandidate:e2bc4f57-4e4d-4806-bb89-300e99e050aa
2019-09-25 02:03:00,496 [grpc-default-executor-1] INFO  impl.RoleInfo (RoleInfo.java:shutdownLeaderElection(134)) - 0983ca92-2e85-418c-b6e1-27ad33fcd8b4: shutdown LeaderElection
2019-09-25 02:03:00,499 [grpc-default-executor-1] INFO  impl.RoleInfo (RoleInfo.java:updateAndGet(143)) - 0983ca92-2e85-418c-b6e1-27ad33fcd8b4: start FollowerState
2019-09-25 02:03:00,533 [e2bc4f57-4e4d-4806-bb89-300e99e050aa@group-0E59EC4C81DE:LeaderElection16] INFO  impl.LeaderElection (LeaderElection.java:logAndReturn(56)) - e2bc4f57-4e4d-4806-bb89-300e99e050aa@group-0E59EC4C81DE:LeaderElection16: Election PASSED; received 1 response(s) [e2bc4f57-4e4d-4806-bb89-300e99e050aa<-3a1526ff-e59b-45ed-a910-aedaa732a469#0:OK-t1] and 0 exception(s); e2bc4f57-4e4d-4806-bb89-300e99e050aa@group-0E59EC4C81DE:t1, leader=null, voted=e2bc4f57-4e4d-4806-bb89-300e99e050aa, raftlog=e2bc4f57-4e4d-4806-bb89-300e99e050aa@group-0E59EC4C81DE-SegmentedRaftLog:OPENED:c-1,f-1,i0, conf=-1: [e2bc4f57-4e4d-4806-bb89-300e99e050aa:192.168.151.66:43164, 3a1526ff-e59b-45ed-a910-aedaa732a469:192.168.151.66:45885, 0983ca92-2e85-418c-b6e1-27ad33fcd8b4:192.168.151.66:45245], old=null
2019-09-25 02:03:00,533 [e2bc4f57-4e4d-4806-bb89-300e99e050aa@group-0E59EC4C81DE:LeaderElection16] INFO  impl.RoleInfo (RoleInfo.java:shutdownLeaderElection(134)) - e2bc4f57-4e4d-4806-bb89-300e99e050aa: shutdown LeaderElection
2019-09-25 02:03:00,538 [e2bc4f57-4e4d-4806-bb89-300e99e050aa@group-0E59EC4C81DE:LeaderElection16] INFO  impl.RaftServerImpl (RaftServerImpl.java:setRole(174)) - e2bc4f57-4e4d-4806-bb89-300e99e050aa@group-0E59EC4C81DE: changes role from CANDIDATE to LEADER at term 1 for changeToLeader
2019-09-25 02:03:00,539 [e2bc4f57-4e4d-4806-bb89-300e99e050aa@group-0E59EC4C81DE:LeaderElection16] INFO  impl.RaftServerImpl (ServerState.java:setLeader(253)) - e2bc4f57-4e4d-4806-bb89-300e99e050aa@group-0E59EC4C81DE: change Leader from null to e2bc4f57-4e4d-4806-bb89-300e99e050aa at term 1 for becomeLeader, leader elected after 5217ms
2019-09-25 02:03:00,539 [e2bc4f57-4e4d-4806-bb89-300e99e050aa@group-0E59EC4C81DE:LeaderElection16] INFO  server.RaftServerConfigKeys (ConfUtils.java:logGet(43)) - raft.server.staging.catchup.gap = 1000 (default)
2019-09-25 02:03:00,539 [e2bc4f57-4e4d-4806-bb89-300e99e050aa@group-0E59EC4C81DE:LeaderElection16] INFO  server.RaftServerConfigKeys (ConfUtils.java:logGet(43)) - raft.server.rpc.sleep.time = 25ms (default)
2019-09-25 02:03:00,539 [e2bc4f57-4e4d-4806-bb89-300e99e050aa@group-0E59EC4C81DE:LeaderElection16] INFO  server.RaftServerConfigKeys (ConfUtils.java:logGet(43)) - raft.server.write.element-limit = 4096 (default)
2019-09-25 02:03:00,540 [e2bc4f57-4e4d-4806-bb89-300e99e050aa@group-0E59EC4C81DE:LeaderElection16] INFO  server.RaftServerConfigKeys (ConfUtils.java:logGet(43)) - raft.server.watch.timeout = 10s (default)
2019-09-25 02:03:00,540 [e2bc4f57-4e4d-4806-bb89-300e99e050aa@group-0E59EC4C81DE:LeaderElection16] INFO  server.RaftServerConfigKeys (ConfUtils.java:logGet(43)) - raft.server.watch.timeout.denomination = 1s (default)
2019-09-25 02:03:00,540 [e2bc4f57-4e4d-4806-bb89-300e99e050aa@group-0E59EC4C81DE:LeaderElection16] INFO  server.RaftServerConfigKeys (ConfUtils.java:logGet(43)) - raft.server.watch.element-limit = 65536 (default)
2019-09-25 02:03:00,544 [e2bc4f57-4e4d-4806-bb89-300e99e050aa@group-0E59EC4C81DE:LeaderElection16] INFO  server.RaftServerConfigKeys (ConfUtils.java:logGet(43)) - raft.server.log.appender.snapshot.chunk.size.max = 16MB (=16777216) (default)
2019-09-25 02:03:00,544 [e2bc4f57-4e4d-4806-bb89-300e99e050aa@group-0E59EC4C81DE:LeaderElection16] INFO  server.RaftServerConfigKeys (ConfUtils.java:logGet(43)) - raft.server.log.appender.buffer.byte-limit = 33554432 (custom)
2019-09-25 02:03:00,544 [e2bc4f57-4e4d-4806-bb89-300e99e050aa@group-0E59EC4C81DE:LeaderElection16] INFO  server.RaftServerConfigKeys (ConfUtils.java:logGet(43)) - raft.server.log.appender.buffer.element-limit = 1 (custom)
2019-09-25 02:03:00,545 [e2bc4f57-4e4d-4806-bb89-300e99e050aa@group-0E59EC4C81DE:LeaderElection16] INFO  grpc.GrpcConfigKeys$Server (ConfUtils.java:logGet(43)) - raft.grpc.server.leader.outstanding.appends.max = 128 (default)
2019-09-25 02:03:00,547 [e2bc4f57-4e4d-4806-bb89-300e99e050aa@group-0E59EC4C81DE:LeaderElection16] INFO  server.RaftServerConfigKeys (ConfUtils.java:logGet(43)) - raft.server.rpc.request.timeout = 3000ms (default)
2019-09-25 02:03:00,547 [e2bc4f57-4e4d-4806-bb89-300e99e050aa@group-0E59EC4C81DE:LeaderElection16] INFO  server.RaftServerConfigKeys (ConfUtils.java:logGet(43)) - raft.server.log.appender.install.snapshot.enabled = false (custom)
2019-09-25 02:03:00,548 [e2bc4f57-4e4d-4806-bb89-300e99e050aa@group-0E59EC4C81DE:LeaderElection16] INFO  server.RaftServerConfigKeys (ConfUtils.java:logGet(43)) - raft.server.log.appender.snapshot.chunk.size.max = 16MB (=16777216) (default)
2019-09-25 02:03:00,548 [e2bc4f57-4e4d-4806-bb89-300e99e050aa@group-0E59EC4C81DE:LeaderElection16] INFO  server.RaftServerConfigKeys (ConfUtils.java:logGet(43)) - raft.server.log.appender.buffer.byte-limit = 33554432 (custom)
2019-09-25 02:03:00,548 [e2bc4f57-4e4d-4806-bb89-300e99e050aa@group-0E59EC4C81DE:LeaderElection16] INFO  server.RaftServerConfigKeys (ConfUtils.java:logGet(43)) - raft.server.log.appender.buffer.element-limit = 1 (custom)
2019-09-25 02:03:00,548 [e2bc4f57-4e4d-4806-bb89-300e99e050aa@group-0E59EC4C81DE:LeaderElection16] INFO  grpc.GrpcConfigKeys$Server (ConfUtils.java:logGet(43)) - raft.grpc.server.leader.outstanding.appends.max = 128 (default)
2019-09-25 02:03:00,548 [e2bc4f57-4e4d-4806-bb89-300e99e050aa@group-0E59EC4C81DE:LeaderElection16] INFO  server.RaftServerConfigKeys (ConfUtils.java:logGet(43)) - raft.server.rpc.request.timeout = 3000ms (default)
2019-09-25 02:03:00,548 [e2bc4f57-4e4d-4806-bb89-300e99e050aa@group-0E59EC4C81DE:LeaderElection16] INFO  server.RaftServerConfigKeys (ConfUtils.java:logGet(43)) - raft.server.log.appender.install.snapshot.enabled = false (custom)
2019-09-25 02:03:00,549 [e2bc4f57-4e4d-4806-bb89-300e99e050aa@group-0E59EC4C81DE:LeaderElection16] INFO  impl.RoleInfo (RoleInfo.java:updateAndGet(143)) - e2bc4f57-4e4d-4806-bb89-300e99e050aa: start LeaderState
2019-09-25 02:03:00,549 [e2bc4f57-4e4d-4806-bb89-300e99e050aa@group-0E59EC4C81DE:LeaderElection16] INFO  segmented.SegmentedRaftLogWorker (SegmentedRaftLogWorker.java:startLogSegment(380)) - e2bc4f57-4e4d-4806-bb89-300e99e050aa@group-0E59EC4C81DE-SegmentedRaftLogWorker: Starting segment from index:0
2019-09-25 02:03:00,549 [grpc-default-executor-2] INFO  impl.RaftServerImpl (ServerState.java:setRaftConf(354)) - 708c1fbc-7d1d-46e2-b177-af1b45a5b17f@group-B6AAD8E986F2: set configuration 0: [189f5818-a53a-4729-a9db-ea81ae500767:192.168.151.66:38437, 708c1fbc-7d1d-46e2-b177-af1b45a5b17f:192.168.151.66:43670, 0887b1ed-27fc-4c01-8a0d-c0b6bdd73cf1:192.168.151.66:38297], old=null at 0
2019-09-25 02:03:00,549 [grpc-default-executor-3] INFO  impl.RaftServerImpl (ServerState.java:setRaftConf(354)) - 189f5818-a53a-4729-a9db-ea81ae500767@group-B6AAD8E986F2: set configuration 0: [189f5818-a53a-4729-a9db-ea81ae500767:192.168.151.66:38437, 708c1fbc-7d1d-46e2-b177-af1b45a5b17f:192.168.151.66:43670, 0887b1ed-27fc-4c01-8a0d-c0b6bdd73cf1:192.168.151.66:38297], old=null at 0
2019-09-25 02:03:00,552 [e2bc4f57-4e4d-4806-bb89-300e99e050aa@group-0E59EC4C81DE:LeaderElection16] INFO  impl.RaftServerImpl (ServerState.java:setRaftConf(354)) - e2bc4f57-4e4d-4806-bb89-300e99e050aa@group-0E59EC4C81DE: set configuration 0: [e2bc4f57-4e4d-4806-bb89-300e99e050aa:192.168.151.66:43164, 3a1526ff-e59b-45ed-a910-aedaa732a469:192.168.151.66:45885, 0983ca92-2e85-418c-b6e1-27ad33fcd8b4:192.168.151.66:45245], old=null at 0
2019-09-25 02:03:00,552 [grpc-default-executor-2] INFO  segmented.SegmentedRaftLogWorker (SegmentedRaftLogWorker.java:startLogSegment(380)) - 708c1fbc-7d1d-46e2-b177-af1b45a5b17f@group-B6AAD8E986F2-SegmentedRaftLogWorker: Starting segment from index:0
2019-09-25 02:03:00,554 [0983ca92-2e85-418c-b6e1-27ad33fcd8b4@group-0E59EC4C81DE:LeaderElection17] INFO  impl.LeaderElection (LeaderElection.java:askForVotes(182)) - 0983ca92-2e85-418c-b6e1-27ad33fcd8b4@group-0E59EC4C81DE:LeaderElection17: begin an election at term 2 for -1: [e2bc4f57-4e4d-4806-bb89-300e99e050aa:192.168.151.66:43164, 3a1526ff-e59b-45ed-a910-aedaa732a469:192.168.151.66:45885, 0983ca92-2e85-418c-b6e1-27ad33fcd8b4:192.168.151.66:45245], old=null
2019-09-25 02:03:00,554 [grpc-default-executor-3] INFO  segmented.SegmentedRaftLogWorker (SegmentedRaftLogWorker.java:startLogSegment(380)) - 189f5818-a53a-4729-a9db-ea81ae500767@group-B6AAD8E986F2-SegmentedRaftLogWorker: Starting segment from index:0
2019-09-25 02:03:00,574 [0983ca92-2e85-418c-b6e1-27ad33fcd8b4@group-0E59EC4C81DE:LeaderElection17] INFO  impl.LeaderElection (LeaderElection.java:logAndReturn(56)) - 0983ca92-2e85-418c-b6e1-27ad33fcd8b4@group-0E59EC4C81DE:LeaderElection17: Election REJECTED; received 0 response(s) [] and 0 exception(s); 0983ca92-2e85-418c-b6e1-27ad33fcd8b4@group-0E59EC4C81DE:t2, leader=null, voted=0983ca92-2e85-418c-b6e1-27ad33fcd8b4, raftlog=0983ca92-2e85-418c-b6e1-27ad33fcd8b4@group-0E59EC4C81DE-SegmentedRaftLog:OPENED:c-1,f-1,i0, conf=-1: [e2bc4f57-4e4d-4806-bb89-300e99e050aa:192.168.151.66:43164, 3a1526ff-e59b-45ed-a910-aedaa732a469:192.168.151.66:45885, 0983ca92-2e85-418c-b6e1-27ad33fcd8b4:192.168.151.66:45245], old=null
2019-09-25 02:03:00,596 [e2bc4f57-4e4d-4806-bb89-300e99e050aa@group-0E59EC4C81DE-SegmentedRaftLogWorker] INFO  segmented.SegmentedRaftLogWorker (SegmentedRaftLogWorker.java:execute(569)) - e2bc4f57-4e4d-4806-bb89-300e99e050aa@group-0E59EC4C81DE-SegmentedRaftLogWorker: created new log segment /workdir/hadoop-ozone/ozonefs/target/test-dir/MiniOzoneClusterImpl-f329581b-00a8-489f-9c8e-b35e10165f21/datanode-0/data/ratis/ae233f9d-70b2-4a9e-90ad-0e59ec4c81de/current/log_inprogress_0
2019-09-25 02:03:00,599 [grpc-default-executor-2] INFO  impl.RaftServerImpl (ServerState.java:setLeader(253)) - 3a1526ff-e59b-45ed-a910-aedaa732a469@group-0E59EC4C81DE: change Leader from null to e2bc4f57-4e4d-4806-bb89-300e99e050aa at term 1 for appendEntries, leader elected after 5278ms
2019-09-25 02:03:00,609 [708c1fbc-7d1d-46e2-b177-af1b45a5b17f@group-B6AAD8E986F2-SegmentedRaftLogWorker] INFO  segmented.SegmentedRaftLogWorker (SegmentedRaftLogWorker.java:execute(569)) - 708c1fbc-7d1d-46e2-b177-af1b45a5b17f@group-B6AAD8E986F2-SegmentedRaftLogWorker: created new log segment /workdir/hadoop-ozone/ozonefs/target/test-dir/MiniOzoneClusterImpl-f329581b-00a8-489f-9c8e-b35e10165f21/datanode-4/data/ratis/d4d1db95-45c9-46a1-b06f-b6aad8e986f2/current/log_inprogress_0
2019-09-25 02:03:00,609 [189f5818-a53a-4729-a9db-ea81ae500767@group-B6AAD8E986F2-SegmentedRaftLogWorker] INFO  segmented.SegmentedRaftLogWorker (SegmentedRaftLogWorker.java:execute(569)) - 189f5818-a53a-4729-a9db-ea81ae500767@group-B6AAD8E986F2-SegmentedRaftLogWorker: created new log segment /workdir/hadoop-ozone/ozonefs/target/test-dir/MiniOzoneClusterImpl-f329581b-00a8-489f-9c8e-b35e10165f21/datanode-8/data/ratis/d4d1db95-45c9-46a1-b06f-b6aad8e986f2/current/log_inprogress_0
2019-09-25 02:03:00,609 [Thread-396] INFO  impl.RaftServerImpl (ServerState.java:setLeader(253)) - e2bc4f57-4e4d-4806-bb89-300e99e050aa@group-0E59EC4C81DE: change Leader from e2bc4f57-4e4d-4806-bb89-300e99e050aa to null at term 2 for updateCurrentTerm
2019-09-25 02:03:00,609 [Thread-396] INFO  impl.RaftServerImpl (RaftServerImpl.java:setRole(174)) - e2bc4f57-4e4d-4806-bb89-300e99e050aa@group-0E59EC4C81DE: changes role from    LEADER to FOLLOWER at term 2 for stepDown
2019-09-25 02:03:00,610 [Thread-396] INFO  impl.RoleInfo (RoleInfo.java:shutdownLeaderState(104)) - e2bc4f57-4e4d-4806-bb89-300e99e050aa: shutdown LeaderState
2019-09-25 02:03:00,615 [org.apache.ratis.server.impl.LogAppender$AppenderDaemon$$Lambda$386/239590528@27eac4de] WARN  server.GrpcLogAppender (GrpcLogAppender.java:mayWait(143)) - e2bc4f57-4e4d-4806-bb89-300e99e050aa@group-0E59EC4C81DE->0983ca92-2e85-418c-b6e1-27ad33fcd8b4-GrpcLogAppender: Wait interrupted by java.lang.InterruptedException
2019-09-25 02:03:00,615 [grpc-default-executor-2] INFO  impl.RaftServerImpl (ServerState.java:setRaftConf(354)) - 3a1526ff-e59b-45ed-a910-aedaa732a469@group-0E59EC4C81DE: set configuration 0: [e2bc4f57-4e4d-4806-bb89-300e99e050aa:192.168.151.66:43164, 3a1526ff-e59b-45ed-a910-aedaa732a469:192.168.151.66:45885, 0983ca92-2e85-418c-b6e1-27ad33fcd8b4:192.168.151.66:45245], old=null at 0
2019-09-25 02:03:00,615 [org.apache.ratis.server.impl.LogAppender$AppenderDaemon$$Lambda$386/239590528@63e7eb44] WARN  server.GrpcLogAppender (GrpcLogAppender.java:mayWait(143)) - e2bc4f57-4e4d-4806-bb89-300e99e050aa@group-0E59EC4C81DE->3a1526ff-e59b-45ed-a910-aedaa732a469-GrpcLogAppender: Wait interrupted by java.lang.InterruptedException
2019-09-25 02:03:00,618 [grpc-default-executor-2] INFO  segmented.SegmentedRaftLogWorker (SegmentedRaftLogWorker.java:startLogSegment(380)) - 3a1526ff-e59b-45ed-a910-aedaa732a469@group-0E59EC4C81DE-SegmentedRaftLogWorker: Starting segment from index:0
2019-09-25 02:03:00,618 [Thread-396] INFO  impl.PendingRequests (PendingRequests.java:sendNotLeaderResponses(202)) - e2bc4f57-4e4d-4806-bb89-300e99e050aa-PendingRequests: sendNotLeaderResponses
2019-09-25 02:03:00,648 [grpc-default-executor-3] INFO  impl.RaftServerImpl (ServerState.java:setLeader(253)) - 3a1526ff-e59b-45ed-a910-aedaa732a469@group-0E59EC4C81DE: change Leader from e2bc4f57-4e4d-4806-bb89-300e99e050aa to null at term 2 for updateCurrentTerm
2019-09-25 02:03:00,648 [grpc-default-executor-3] INFO  impl.RaftServerImpl (RaftServerImpl.java:setRole(174)) - 3a1526ff-e59b-45ed-a910-aedaa732a469@group-0E59EC4C81DE: changes role from  FOLLOWER to FOLLOWER at term 2 for recognizeCandidate:0983ca92-2e85-418c-b6e1-27ad33fcd8b4
2019-09-25 02:03:00,649 [grpc-default-executor-3] INFO  impl.RoleInfo (RoleInfo.java:shutdownFollowerState(121)) - 3a1526ff-e59b-45ed-a910-aedaa732a469: shutdown FollowerState
2019-09-25 02:03:00,649 [grpc-default-executor-3] INFO  impl.RoleInfo (RoleInfo.java:updateAndGet(143)) - 3a1526ff-e59b-45ed-a910-aedaa732a469: start FollowerState
2019-09-25 02:03:00,649 [Thread-392] INFO  impl.FollowerState (FollowerState.java:run(115)) - 3a1526ff-e59b-45ed-a910-aedaa732a469: FollowerState was interrupted: java.lang.InterruptedException: sleep interrupted
2019-09-25 02:03:00,649 [Thread-396] INFO  impl.RoleInfo (RoleInfo.java:updateAndGet(143)) - e2bc4f57-4e4d-4806-bb89-300e99e050aa: start FollowerState
2019-09-25 02:03:00,670 [3a1526ff-e59b-45ed-a910-aedaa732a469@group-0E59EC4C81DE-SegmentedRaftLogWorker] INFO  segmented.SegmentedRaftLogWorker (SegmentedRaftLogWorker.java:execute(569)) - 3a1526ff-e59b-45ed-a910-aedaa732a469@group-0E59EC4C81DE-SegmentedRaftLogWorker: created new log segment /workdir/hadoop-ozone/ozonefs/target/test-dir/MiniOzoneClusterImpl-f329581b-00a8-489f-9c8e-b35e10165f21/datanode-6/data/ratis/ae233f9d-70b2-4a9e-90ad-0e59ec4c81de/current/log_inprogress_0
2019-09-25 02:03:00,670 [grpc-default-executor-4] INFO  server.GrpcServerProtocolService (GrpcServerProtocolService.java:onCompleted(113)) - 0983ca92-2e85-418c-b6e1-27ad33fcd8b4: Completed APPEND_ENTRIES, lastRequest: e2bc4f57-4e4d-4806-bb89-300e99e050aa->0983ca92-2e85-418c-b6e1-27ad33fcd8b4#0-t1, previous=(t:0, i:0), leaderCommit=-1, initializing? false, entries: <empty>
2019-09-25 02:03:00,674 [grpc-default-executor-2] INFO  server.GrpcServerProtocolService (GrpcServerProtocolService.java:onCompleted(113)) - 3a1526ff-e59b-45ed-a910-aedaa732a469: Completed APPEND_ENTRIES, lastRequest: e2bc4f57-4e4d-4806-bb89-300e99e050aa->3a1526ff-e59b-45ed-a910-aedaa732a469#1-t1, previous=(t:0, i:0), leaderCommit=-1, initializing? false, entries: size=1, first=(t:1, i:0), CONFIGURATIONENTRY
2019-09-25 02:03:00,681 [grpc-default-executor-2] INFO  server.GrpcLogAppender (GrpcLogAppender.java:onCompleted(293)) - e2bc4f57-4e4d-4806-bb89-300e99e050aa@group-0E59EC4C81DE->0983ca92-2e85-418c-b6e1-27ad33fcd8b4-AppendLogResponseHandler: follower responses appendEntries COMPLETED
2019-09-25 02:03:00,681 [grpc-default-executor-4] INFO  server.GrpcLogAppender (GrpcLogAppender.java:onCompleted(293)) - e2bc4f57-4e4d-4806-bb89-300e99e050aa@group-0E59EC4C81DE->3a1526ff-e59b-45ed-a910-aedaa732a469-AppendLogResponseHandler: follower responses appendEntries COMPLETED
2019-09-25 02:03:00,691 [grpc-default-executor-0] INFO  impl.RaftServerImpl (RaftServerImpl.java:setRole(174)) - e2bc4f57-4e4d-4806-bb89-300e99e050aa@group-0E59EC4C81DE: changes role from  FOLLOWER to FOLLOWER at term 2 for recognizeCandidate:0983ca92-2e85-418c-b6e1-27ad33fcd8b4
2019-09-25 02:03:00,691 [grpc-default-executor-0] INFO  impl.RoleInfo (RoleInfo.java:shutdownFollowerState(121)) - e2bc4f57-4e4d-4806-bb89-300e99e050aa: shutdown FollowerState
2019-09-25 02:03:00,691 [grpc-default-executor-2] INFO  impl.FollowerInfo (FollowerInfo.java:lambda$new$0(51)) - e2bc4f57-4e4d-4806-bb89-300e99e050aa@group-0E59EC4C81DE->0983ca92-2e85-418c-b6e1-27ad33fcd8b4: nextIndex: updateUnconditionally 0 -> 0
2019-09-25 02:03:00,693 [Thread-406] INFO  impl.FollowerState (FollowerState.java:run(115)) - e2bc4f57-4e4d-4806-bb89-300e99e050aa: FollowerState was interrupted: java.lang.InterruptedException: sleep interrupted
2019-09-25 02:03:00,693 [grpc-default-executor-0] INFO  impl.RoleInfo (RoleInfo.java:updateAndGet(143)) - e2bc4f57-4e4d-4806-bb89-300e99e050aa: start FollowerState
2019-09-25 02:03:00,691 [grpc-default-executor-4] INFO  impl.FollowerInfo (FollowerInfo.java:lambda$new$0(51)) - e2bc4f57-4e4d-4806-bb89-300e99e050aa@group-0E59EC4C81DE->3a1526ff-e59b-45ed-a910-aedaa732a469: nextIndex: updateUnconditionally 1 -> 0
2019-09-25 02:03:01,185 [main] INFO  ipc.Client (Client.java:handleConnectionFailure(948)) - Retrying connect to server: localhost/127.0.0.1:0. Already tried 6 time(s); retry policy is RetryUpToMaximumCountWithFixedSleep(maxRetries=10, sleepTime=1000 MILLISECONDS)
2019-09-25 02:03:02,186 [main] INFO  ipc.Client (Client.java:handleConnectionFailure(948)) - Retrying connect to server: localhost/127.0.0.1:0. Already tried 7 time(s); retry policy is RetryUpToMaximumCountWithFixedSleep(maxRetries=10, sleepTime=1000 MILLISECONDS)
2019-09-25 02:03:03,188 [main] INFO  ipc.Client (Client.java:handleConnectionFailure(948)) - Retrying connect to server: localhost/127.0.0.1:0. Already tried 8 time(s); retry policy is RetryUpToMaximumCountWithFixedSleep(maxRetries=10, sleepTime=1000 MILLISECONDS)
2019-09-25 02:03:04,189 [main] INFO  ipc.Client (Client.java:handleConnectionFailure(948)) - Retrying connect to server: localhost/127.0.0.1:0. Already tried 9 time(s); retry policy is RetryUpToMaximumCountWithFixedSleep(maxRetries=10, sleepTime=1000 MILLISECONDS)
2019-09-25 02:03:05,054 [Thread-373] INFO  impl.FollowerState (FollowerState.java:run(106)) - e40f6fdf-da16-453e-9f28-91d67fc4fbe1:group-5D7FB7C834D5 changes to CANDIDATE, lastRpcTime:5034, electionTimeout:5014ms
2019-09-25 02:03:05,070 [Thread-373] INFO  impl.RoleInfo (RoleInfo.java:shutdownFollowerState(121)) - e40f6fdf-da16-453e-9f28-91d67fc4fbe1: shutdown FollowerState
2019-09-25 02:03:05,080 [Thread-373] INFO  impl.RaftServerImpl (RaftServerImpl.java:setRole(174)) - e40f6fdf-da16-453e-9f28-91d67fc4fbe1@group-5D7FB7C834D5: changes role from  FOLLOWER to CANDIDATE at term 1 for changeToCandidate
2019-09-25 02:03:05,085 [Thread-373] INFO  impl.RoleInfo (RoleInfo.java:updateAndGet(143)) - e40f6fdf-da16-453e-9f28-91d67fc4fbe1: start LeaderElection
2019-09-25 02:03:05,119 [Thread-372] INFO  impl.FollowerState (FollowerState.java:run(106)) - 4883e92d-256b-4e23-999d-6274ed4f0561:group-5D7FB7C834D5 changes to CANDIDATE, lastRpcTime:5106, electionTimeout:5104ms
2019-09-25 02:03:05,119 [Thread-372] INFO  impl.RoleInfo (RoleInfo.java:shutdownFollowerState(121)) - 4883e92d-256b-4e23-999d-6274ed4f0561: shutdown FollowerState
2019-09-25 02:03:05,119 [Thread-372] INFO  impl.RaftServerImpl (RaftServerImpl.java:setRole(174)) - 4883e92d-256b-4e23-999d-6274ed4f0561@group-5D7FB7C834D5: changes role from  FOLLOWER to CANDIDATE at term 1 for changeToCandidate
2019-09-25 02:03:05,119 [Thread-372] INFO  impl.RoleInfo (RoleInfo.java:updateAndGet(143)) - 4883e92d-256b-4e23-999d-6274ed4f0561: start LeaderElection
2019-09-25 02:03:05,121 [Thread-374] INFO  impl.FollowerState (FollowerState.java:run(106)) - 78aa7d22-8252-48a6-b22f-bbcb77ab7551:group-5D7FB7C834D5 changes to CANDIDATE, lastRpcTime:5106, electionTimeout:5102ms
2019-09-25 02:03:05,122 [Thread-374] INFO  impl.RoleInfo (RoleInfo.java:shutdownFollowerState(121)) - 78aa7d22-8252-48a6-b22f-bbcb77ab7551: shutdown FollowerState
2019-09-25 02:03:05,122 [Thread-374] INFO  impl.RaftServerImpl (RaftServerImpl.java:setRole(174)) - 78aa7d22-8252-48a6-b22f-bbcb77ab7551@group-5D7FB7C834D5: changes role from  FOLLOWER to CANDIDATE at term 1 for changeToCandidate
2019-09-25 02:03:05,122 [Thread-374] INFO  impl.RoleInfo (RoleInfo.java:updateAndGet(143)) - 78aa7d22-8252-48a6-b22f-bbcb77ab7551: start LeaderElection
2019-09-25 02:03:05,138 [e40f6fdf-da16-453e-9f28-91d67fc4fbe1@group-5D7FB7C834D5:LeaderElection18] INFO  impl.LeaderElection (LeaderElection.java:askForVotes(182)) - e40f6fdf-da16-453e-9f28-91d67fc4fbe1@group-5D7FB7C834D5:LeaderElection18: begin an election at term 2 for -1: [e40f6fdf-da16-453e-9f28-91d67fc4fbe1:192.168.151.66:36511, 4883e92d-256b-4e23-999d-6274ed4f0561:192.168.151.66:34518, 78aa7d22-8252-48a6-b22f-bbcb77ab7551:192.168.151.66:45820], old=null
2019-09-25 02:03:05,138 [78aa7d22-8252-48a6-b22f-bbcb77ab7551@group-5D7FB7C834D5:LeaderElection20] INFO  impl.LeaderElection (LeaderElection.java:askForVotes(182)) - 78aa7d22-8252-48a6-b22f-bbcb77ab7551@group-5D7FB7C834D5:LeaderElection20: begin an election at term 2 for -1: [e40f6fdf-da16-453e-9f28-91d67fc4fbe1:192.168.151.66:36511, 4883e92d-256b-4e23-999d-6274ed4f0561:192.168.151.66:34518, 78aa7d22-8252-48a6-b22f-bbcb77ab7551:192.168.151.66:45820], old=null
2019-09-25 02:03:05,138 [4883e92d-256b-4e23-999d-6274ed4f0561@group-5D7FB7C834D5:LeaderElection19] INFO  impl.LeaderElection (LeaderElection.java:askForVotes(182)) - 4883e92d-256b-4e23-999d-6274ed4f0561@group-5D7FB7C834D5:LeaderElection19: begin an election at term 2 for -1: [e40f6fdf-da16-453e-9f28-91d67fc4fbe1:192.168.151.66:36511, 4883e92d-256b-4e23-999d-6274ed4f0561:192.168.151.66:34518, 78aa7d22-8252-48a6-b22f-bbcb77ab7551:192.168.151.66:45820], old=null
2019-09-25 02:03:05,167 [78aa7d22-8252-48a6-b22f-bbcb77ab7551@group-5D7FB7C834D5:LeaderElection20] INFO  impl.LeaderElection (LeaderElection.java:logAndReturn(56)) - 78aa7d22-8252-48a6-b22f-bbcb77ab7551@group-5D7FB7C834D5:LeaderElection20: Election REJECTED; received 2 response(s) [78aa7d22-8252-48a6-b22f-bbcb77ab7551<-e40f6fdf-da16-453e-9f28-91d67fc4fbe1#0:FAIL-t2, 78aa7d22-8252-48a6-b22f-bbcb77ab7551<-4883e92d-256b-4e23-999d-6274ed4f0561#0:FAIL-t2] and 0 exception(s); 78aa7d22-8252-48a6-b22f-bbcb77ab7551@group-5D7FB7C834D5:t2, leader=null, voted=78aa7d22-8252-48a6-b22f-bbcb77ab7551, raftlog=78aa7d22-8252-48a6-b22f-bbcb77ab7551@group-5D7FB7C834D5-SegmentedRaftLog:OPENED:c-1,f-1,i0, conf=-1: [e40f6fdf-da16-453e-9f28-91d67fc4fbe1:192.168.151.66:36511, 4883e92d-256b-4e23-999d-6274ed4f0561:192.168.151.66:34518, 78aa7d22-8252-48a6-b22f-bbcb77ab7551:192.168.151.66:45820], old=null
2019-09-25 02:03:05,167 [78aa7d22-8252-48a6-b22f-bbcb77ab7551@group-5D7FB7C834D5:LeaderElection20] INFO  impl.RaftServerImpl (RaftServerImpl.java:setRole(174)) - 78aa7d22-8252-48a6-b22f-bbcb77ab7551@group-5D7FB7C834D5: changes role from CANDIDATE to FOLLOWER at term 2 for DISCOVERED_A_NEW_TERM
2019-09-25 02:03:05,170 [78aa7d22-8252-48a6-b22f-bbcb77ab7551@group-5D7FB7C834D5:LeaderElection20] INFO  impl.RoleInfo (RoleInfo.java:shutdownLeaderElection(134)) - 78aa7d22-8252-48a6-b22f-bbcb77ab7551: shutdown LeaderElection
2019-09-25 02:03:05,170 [78aa7d22-8252-48a6-b22f-bbcb77ab7551@group-5D7FB7C834D5:LeaderElection20] INFO  impl.RoleInfo (RoleInfo.java:updateAndGet(143)) - 78aa7d22-8252-48a6-b22f-bbcb77ab7551: start FollowerState
2019-09-25 02:03:05,174 [4883e92d-256b-4e23-999d-6274ed4f0561@group-5D7FB7C834D5:LeaderElection19] INFO  impl.LeaderElection (LeaderElection.java:logAndReturn(56)) - 4883e92d-256b-4e23-999d-6274ed4f0561@group-5D7FB7C834D5:LeaderElection19: Election REJECTED; received 2 response(s) [4883e92d-256b-4e23-999d-6274ed4f0561<-e40f6fdf-da16-453e-9f28-91d67fc4fbe1#0:FAIL-t2, 4883e92d-256b-4e23-999d-6274ed4f0561<-78aa7d22-8252-48a6-b22f-bbcb77ab7551#0:FAIL-t2] and 0 exception(s); 4883e92d-256b-4e23-999d-6274ed4f0561@group-5D7FB7C834D5:t2, leader=null, voted=4883e92d-256b-4e23-999d-6274ed4f0561, raftlog=4883e92d-256b-4e23-999d-6274ed4f0561@group-5D7FB7C834D5-SegmentedRaftLog:OPENED:c-1,f-1,i0, conf=-1: [e40f6fdf-da16-453e-9f28-91d67fc4fbe1:192.168.151.66:36511, 4883e92d-256b-4e23-999d-6274ed4f0561:192.168.151.66:34518, 78aa7d22-8252-48a6-b22f-bbcb77ab7551:192.168.151.66:45820], old=null
2019-09-25 02:03:05,176 [4883e92d-256b-4e23-999d-6274ed4f0561@group-5D7FB7C834D5:LeaderElection19] INFO  impl.RaftServerImpl (RaftServerImpl.java:setRole(174)) - 4883e92d-256b-4e23-999d-6274ed4f0561@group-5D7FB7C834D5: changes role from CANDIDATE to FOLLOWER at term 2 for DISCOVERED_A_NEW_TERM
2019-09-25 02:03:05,179 [4883e92d-256b-4e23-999d-6274ed4f0561@group-5D7FB7C834D5:LeaderElection19] INFO  impl.RoleInfo (RoleInfo.java:shutdownLeaderElection(134)) - 4883e92d-256b-4e23-999d-6274ed4f0561: shutdown LeaderElection
2019-09-25 02:03:05,179 [4883e92d-256b-4e23-999d-6274ed4f0561@group-5D7FB7C834D5:LeaderElection19] INFO  impl.RoleInfo (RoleInfo.java:updateAndGet(143)) - 4883e92d-256b-4e23-999d-6274ed4f0561: start FollowerState
2019-09-25 02:03:05,182 [e40f6fdf-da16-453e-9f28-91d67fc4fbe1@group-5D7FB7C834D5:LeaderElection18] INFO  impl.LeaderElection (LeaderElection.java:logAndReturn(56)) - e40f6fdf-da16-453e-9f28-91d67fc4fbe1@group-5D7FB7C834D5:LeaderElection18: Election REJECTED; received 2 response(s) [e40f6fdf-da16-453e-9f28-91d67fc4fbe1<-4883e92d-256b-4e23-999d-6274ed4f0561#0:FAIL-t2, e40f6fdf-da16-453e-9f28-91d67fc4fbe1<-78aa7d22-8252-48a6-b22f-bbcb77ab7551#0:FAIL-t2] and 0 exception(s); e40f6fdf-da16-453e-9f28-91d67fc4fbe1@group-5D7FB7C834D5:t2, leader=null, voted=e40f6fdf-da16-453e-9f28-91d67fc4fbe1, raftlog=e40f6fdf-da16-453e-9f28-91d67fc4fbe1@group-5D7FB7C834D5-SegmentedRaftLog:OPENED:c-1,f-1,i0, conf=-1: [e40f6fdf-da16-453e-9f28-91d67fc4fbe1:192.168.151.66:36511, 4883e92d-256b-4e23-999d-6274ed4f0561:192.168.151.66:34518, 78aa7d22-8252-48a6-b22f-bbcb77ab7551:192.168.151.66:45820], old=null
2019-09-25 02:03:05,184 [e40f6fdf-da16-453e-9f28-91d67fc4fbe1@group-5D7FB7C834D5:LeaderElection18] INFO  impl.RaftServerImpl (RaftServerImpl.java:setRole(174)) - e40f6fdf-da16-453e-9f28-91d67fc4fbe1@group-5D7FB7C834D5: changes role from CANDIDATE to FOLLOWER at term 2 for DISCOVERED_A_NEW_TERM
2019-09-25 02:03:05,189 [e40f6fdf-da16-453e-9f28-91d67fc4fbe1@group-5D7FB7C834D5:LeaderElection18] INFO  impl.RoleInfo (RoleInfo.java:shutdownLeaderElection(134)) - e40f6fdf-da16-453e-9f28-91d67fc4fbe1: shutdown LeaderElection
2019-09-25 02:03:05,189 [e40f6fdf-da16-453e-9f28-91d67fc4fbe1@group-5D7FB7C834D5:LeaderElection18] INFO  impl.RoleInfo (RoleInfo.java:updateAndGet(143)) - e40f6fdf-da16-453e-9f28-91d67fc4fbe1: start FollowerState
2019-09-25 02:03:05,196 [main] INFO  ipc.Client (Client.java:handleConnectionFailure(948)) - Retrying connect to server: localhost/127.0.0.1:0. Already tried 0 time(s); retry policy is RetryUpToMaximumCountWithFixedSleep(maxRetries=10, sleepTime=1000 MILLISECONDS)
2019-09-25 02:03:05,554 [Thread-395] INFO  impl.FollowerState (FollowerState.java:run(106)) - 0983ca92-2e85-418c-b6e1-27ad33fcd8b4:group-0E59EC4C81DE changes to CANDIDATE, lastRpcTime:5054, electionTimeout:5054ms
2019-09-25 02:03:05,554 [Thread-395] INFO  impl.RoleInfo (RoleInfo.java:shutdownFollowerState(121)) - 0983ca92-2e85-418c-b6e1-27ad33fcd8b4: shutdown FollowerState
2019-09-25 02:03:05,554 [Thread-395] INFO  impl.RaftServerImpl (RaftServerImpl.java:setRole(174)) - 0983ca92-2e85-418c-b6e1-27ad33fcd8b4@group-0E59EC4C81DE: changes role from  FOLLOWER to CANDIDATE at term 2 for changeToCandidate
2019-09-25 02:03:05,554 [Thread-395] INFO  impl.RoleInfo (RoleInfo.java:updateAndGet(143)) - 0983ca92-2e85-418c-b6e1-27ad33fcd8b4: start LeaderElection
2019-09-25 02:03:05,579 [0983ca92-2e85-418c-b6e1-27ad33fcd8b4@group-0E59EC4C81DE:LeaderElection21] INFO  impl.LeaderElection (LeaderElection.java:askForVotes(182)) - 0983ca92-2e85-418c-b6e1-27ad33fcd8b4@group-0E59EC4C81DE:LeaderElection21: begin an election at term 3 for -1: [e2bc4f57-4e4d-4806-bb89-300e99e050aa:192.168.151.66:43164, 3a1526ff-e59b-45ed-a910-aedaa732a469:192.168.151.66:45885, 0983ca92-2e85-418c-b6e1-27ad33fcd8b4:192.168.151.66:45245], old=null
2019-09-25 02:03:05,584 [grpc-default-executor-3] INFO  impl.RaftServerImpl (RaftServerImpl.java:setRole(174)) - e2bc4f57-4e4d-4806-bb89-300e99e050aa@group-0E59EC4C81DE: changes role from  FOLLOWER to FOLLOWER at term 3 for recognizeCandidate:0983ca92-2e85-418c-b6e1-27ad33fcd8b4
2019-09-25 02:03:05,584 [grpc-default-executor-0] INFO  impl.RaftServerImpl (RaftServerImpl.java:setRole(174)) - 3a1526ff-e59b-45ed-a910-aedaa732a469@group-0E59EC4C81DE: changes role from  FOLLOWER to FOLLOWER at term 3 for recognizeCandidate:0983ca92-2e85-418c-b6e1-27ad33fcd8b4
2019-09-25 02:03:05,584 [grpc-default-executor-3] INFO  impl.RoleInfo (RoleInfo.java:shutdownFollowerState(121)) - e2bc4f57-4e4d-4806-bb89-300e99e050aa: shutdown FollowerState
2019-09-25 02:03:05,585 [grpc-default-executor-0] INFO  impl.RoleInfo (RoleInfo.java:shutdownFollowerState(121)) - 3a1526ff-e59b-45ed-a910-aedaa732a469: shutdown FollowerState
2019-09-25 02:03:05,585 [Thread-409] INFO  impl.FollowerState (FollowerState.java:run(115)) - e2bc4f57-4e4d-4806-bb89-300e99e050aa: FollowerState was interrupted: java.lang.InterruptedException: sleep interrupted
2019-09-25 02:03:05,585 [grpc-default-executor-3] INFO  impl.RoleInfo (RoleInfo.java:updateAndGet(143)) - e2bc4f57-4e4d-4806-bb89-300e99e050aa: start FollowerState
2019-09-25 02:03:05,585 [Thread-407] INFO  impl.FollowerState (FollowerState.java:run(115)) - 3a1526ff-e59b-45ed-a910-aedaa732a469: FollowerState was interrupted: java.lang.InterruptedException: sleep interrupted
2019-09-25 02:03:05,585 [grpc-default-executor-0] INFO  impl.RoleInfo (RoleInfo.java:updateAndGet(143)) - 3a1526ff-e59b-45ed-a910-aedaa732a469: start FollowerState
2019-09-25 02:03:05,616 [0983ca92-2e85-418c-b6e1-27ad33fcd8b4@group-0E59EC4C81DE:LeaderElection21] INFO  impl.LeaderElection (LeaderElection.java:logAndReturn(56)) - 0983ca92-2e85-418c-b6e1-27ad33fcd8b4@group-0E59EC4C81DE:LeaderElection21: Election REJECTED; received 2 response(s) [0983ca92-2e85-418c-b6e1-27ad33fcd8b4<-e2bc4f57-4e4d-4806-bb89-300e99e050aa#0:FAIL-t3, 0983ca92-2e85-418c-b6e1-27ad33fcd8b4<-3a1526ff-e59b-45ed-a910-aedaa732a469#0:FAIL-t3] and 0 exception(s); 0983ca92-2e85-418c-b6e1-27ad33fcd8b4@group-0E59EC4C81DE:t3, leader=null, voted=0983ca92-2e85-418c-b6e1-27ad33fcd8b4, raftlog=0983ca92-2e85-418c-b6e1-27ad33fcd8b4@group-0E59EC4C81DE-SegmentedRaftLog:OPENED:c-1,f-1,i0, conf=-1: [e2bc4f57-4e4d-4806-bb89-300e99e050aa:192.168.151.66:43164, 3a1526ff-e59b-45ed-a910-aedaa732a469:192.168.151.66:45885, 0983ca92-2e85-418c-b6e1-27ad33fcd8b4:192.168.151.66:45245], old=null
2019-09-25 02:03:05,616 [0983ca92-2e85-418c-b6e1-27ad33fcd8b4@group-0E59EC4C81DE:LeaderElection21] INFO  impl.RaftServerImpl (RaftServerImpl.java:setRole(174)) - 0983ca92-2e85-418c-b6e1-27ad33fcd8b4@group-0E59EC4C81DE: changes role from CANDIDATE to FOLLOWER at term 3 for DISCOVERED_A_NEW_TERM
2019-09-25 02:03:05,630 [0983ca92-2e85-418c-b6e1-27ad33fcd8b4@group-0E59EC4C81DE:LeaderElection21] INFO  impl.RoleInfo (RoleInfo.java:shutdownLeaderElection(134)) - 0983ca92-2e85-418c-b6e1-27ad33fcd8b4: shutdown LeaderElection
2019-09-25 02:03:05,630 [0983ca92-2e85-418c-b6e1-27ad33fcd8b4@group-0E59EC4C81DE:LeaderElection21] INFO  impl.RoleInfo (RoleInfo.java:updateAndGet(143)) - 0983ca92-2e85-418c-b6e1-27ad33fcd8b4: start FollowerState
2019-09-25 02:03:06,199 [main] INFO  ipc.Client (Client.java:handleConnectionFailure(948)) - Retrying connect to server: localhost/127.0.0.1:0. Already tried 1 time(s); retry policy is RetryUpToMaximumCountWithFixedSleep(maxRetries=10, sleepTime=1000 MILLISECONDS)
2019-09-25 02:03:07,203 [main] INFO  ipc.Client (Client.java:handleConnectionFailure(948)) - Retrying connect to server: localhost/127.0.0.1:0. Already tried 2 time(s); retry policy is RetryUpToMaximumCountWithFixedSleep(maxRetries=10, sleepTime=1000 MILLISECONDS)
2019-09-25 02:03:08,205 [main] INFO  ipc.Client (Client.java:handleConnectionFailure(948)) - Retrying connect to server: localhost/127.0.0.1:0. Already tried 3 time(s); retry policy is RetryUpToMaximumCountWithFixedSleep(maxRetries=10, sleepTime=1000 MILLISECONDS)
2019-09-25 02:03:09,207 [main] INFO  ipc.Client (Client.java:handleConnectionFailure(948)) - Retrying connect to server: localhost/127.0.0.1:0. Already tried 4 time(s); retry policy is RetryUpToMaximumCountWithFixedSleep(maxRetries=10, sleepTime=1000 MILLISECONDS)
2019-09-25 02:03:10,208 [main] INFO  ipc.Client (Client.java:handleConnectionFailure(948)) - Retrying connect to server: localhost/127.0.0.1:0. Already tried 5 time(s); retry policy is RetryUpToMaximumCountWithFixedSleep(maxRetries=10, sleepTime=1000 MILLISECONDS)
2019-09-25 02:03:10,218 [Thread-423] INFO  impl.FollowerState (FollowerState.java:run(106)) - 4883e92d-256b-4e23-999d-6274ed4f0561:group-5D7FB7C834D5 changes to CANDIDATE, lastRpcTime:5038, electionTimeout:5036ms
2019-09-25 02:03:10,218 [Thread-423] INFO  impl.RoleInfo (RoleInfo.java:shutdownFollowerState(121)) - 4883e92d-256b-4e23-999d-6274ed4f0561: shutdown FollowerState
2019-09-25 02:03:10,218 [Thread-423] INFO  impl.RaftServerImpl (RaftServerImpl.java:setRole(174)) - 4883e92d-256b-4e23-999d-6274ed4f0561@group-5D7FB7C834D5: changes role from  FOLLOWER to CANDIDATE at term 2 for changeToCandidate
2019-09-25 02:03:10,219 [Thread-423] INFO  impl.RoleInfo (RoleInfo.java:updateAndGet(143)) - 4883e92d-256b-4e23-999d-6274ed4f0561: start LeaderElection
2019-09-25 02:03:10,247 [4883e92d-256b-4e23-999d-6274ed4f0561@group-5D7FB7C834D5:LeaderElection22] INFO  impl.LeaderElection (LeaderElection.java:askForVotes(182)) - 4883e92d-256b-4e23-999d-6274ed4f0561@group-5D7FB7C834D5:LeaderElection22: begin an election at term 3 for -1: [e40f6fdf-da16-453e-9f28-91d67fc4fbe1:192.168.151.66:36511, 4883e92d-256b-4e23-999d-6274ed4f0561:192.168.151.66:34518, 78aa7d22-8252-48a6-b22f-bbcb77ab7551:192.168.151.66:45820], old=null
2019-09-25 02:03:10,252 [grpc-default-executor-0] INFO  impl.RaftServerImpl (RaftServerImpl.java:setRole(174)) - e40f6fdf-da16-453e-9f28-91d67fc4fbe1@group-5D7FB7C834D5: changes role from  FOLLOWER to FOLLOWER at term 3 for recognizeCandidate:4883e92d-256b-4e23-999d-6274ed4f0561
2019-09-25 02:03:10,252 [grpc-default-executor-3] INFO  impl.RaftServerImpl (RaftServerImpl.java:setRole(174)) - 78aa7d22-8252-48a6-b22f-bbcb77ab7551@group-5D7FB7C834D5: changes role from  FOLLOWER to FOLLOWER at term 3 for recognizeCandidate:4883e92d-256b-4e23-999d-6274ed4f0561
2019-09-25 02:03:10,253 [grpc-default-executor-0] INFO  impl.RoleInfo (RoleInfo.java:shutdownFollowerState(121)) - e40f6fdf-da16-453e-9f28-91d67fc4fbe1: shutdown FollowerState
2019-09-25 02:03:10,253 [grpc-default-executor-3] INFO  impl.RoleInfo (RoleInfo.java:shutdownFollowerState(121)) - 78aa7d22-8252-48a6-b22f-bbcb77ab7551: shutdown FollowerState
2019-09-25 02:03:10,253 [grpc-default-executor-0] INFO  impl.RoleInfo (RoleInfo.java:updateAndGet(143)) - e40f6fdf-da16-453e-9f28-91d67fc4fbe1: start FollowerState
2019-09-25 02:03:10,254 [Thread-422] INFO  impl.FollowerState (FollowerState.java:run(115)) - 78aa7d22-8252-48a6-b22f-bbcb77ab7551: FollowerState was interrupted: java.lang.InterruptedException: sleep interrupted
2019-09-25 02:03:10,254 [grpc-default-executor-3] INFO  impl.RoleInfo (RoleInfo.java:updateAndGet(143)) - 78aa7d22-8252-48a6-b22f-bbcb77ab7551: start FollowerState
2019-09-25 02:03:10,253 [Thread-424] INFO  impl.FollowerState (FollowerState.java:run(115)) - e40f6fdf-da16-453e-9f28-91d67fc4fbe1: FollowerState was interrupted: java.lang.InterruptedException: sleep interrupted
2019-09-25 02:03:10,286 [4883e92d-256b-4e23-999d-6274ed4f0561@group-5D7FB7C834D5:LeaderElection22] INFO  impl.LeaderElection (LeaderElection.java:logAndReturn(56)) - 4883e92d-256b-4e23-999d-6274ed4f0561@group-5D7FB7C834D5:LeaderElection22: Election PASSED; received 1 response(s) [4883e92d-256b-4e23-999d-6274ed4f0561<-78aa7d22-8252-48a6-b22f-bbcb77ab7551#0:OK-t3] and 0 exception(s); 4883e92d-256b-4e23-999d-6274ed4f0561@group-5D7FB7C834D5:t3, leader=null, voted=4883e92d-256b-4e23-999d-6274ed4f0561, raftlog=4883e92d-256b-4e23-999d-6274ed4f0561@group-5D7FB7C834D5-SegmentedRaftLog:OPENED:c-1,f-1,i0, conf=-1: [e40f6fdf-da16-453e-9f28-91d67fc4fbe1:192.168.151.66:36511, 4883e92d-256b-4e23-999d-6274ed4f0561:192.168.151.66:34518, 78aa7d22-8252-48a6-b22f-bbcb77ab7551:192.168.151.66:45820], old=null
2019-09-25 02:03:10,286 [4883e92d-256b-4e23-999d-6274ed4f0561@group-5D7FB7C834D5:LeaderElection22] INFO  impl.RoleInfo (RoleInfo.java:shutdownLeaderElection(134)) - 4883e92d-256b-4e23-999d-6274ed4f0561: shutdown LeaderElection
2019-09-25 02:03:10,287 [4883e92d-256b-4e23-999d-6274ed4f0561@group-5D7FB7C834D5:LeaderElection22] INFO  impl.RaftServerImpl (RaftServerImpl.java:setRole(174)) - 4883e92d-256b-4e23-999d-6274ed4f0561@group-5D7FB7C834D5: changes role from CANDIDATE to LEADER at term 3 for changeToLeader
2019-09-25 02:03:10,287 [4883e92d-256b-4e23-999d-6274ed4f0561@group-5D7FB7C834D5:LeaderElection22] INFO  impl.RaftServerImpl (ServerState.java:setLeader(253)) - 4883e92d-256b-4e23-999d-6274ed4f0561@group-5D7FB7C834D5: change Leader from null to 4883e92d-256b-4e23-999d-6274ed4f0561 at term 3 for becomeLeader, leader elected after 15608ms
2019-09-25 02:03:10,287 [4883e92d-256b-4e23-999d-6274ed4f0561@group-5D7FB7C834D5:LeaderElection22] INFO  server.RaftServerConfigKeys (ConfUtils.java:logGet(43)) - raft.server.staging.catchup.gap = 1000 (default)
2019-09-25 02:03:10,287 [4883e92d-256b-4e23-999d-6274ed4f0561@group-5D7FB7C834D5:LeaderElection22] INFO  server.RaftServerConfigKeys (ConfUtils.java:logGet(43)) - raft.server.rpc.sleep.time = 25ms (default)
2019-09-25 02:03:10,287 [4883e92d-256b-4e23-999d-6274ed4f0561@group-5D7FB7C834D5:LeaderElection22] INFO  server.RaftServerConfigKeys (ConfUtils.java:logGet(43)) - raft.server.write.element-limit = 4096 (default)
2019-09-25 02:03:10,288 [4883e92d-256b-4e23-999d-6274ed4f0561@group-5D7FB7C834D5:LeaderElection22] INFO  server.RaftServerConfigKeys (ConfUtils.java:logGet(43)) - raft.server.watch.timeout = 10s (default)
2019-09-25 02:03:10,288 [4883e92d-256b-4e23-999d-6274ed4f0561@group-5D7FB7C834D5:LeaderElection22] INFO  server.RaftServerConfigKeys (ConfUtils.java:logGet(43)) - raft.server.watch.timeout.denomination = 1s (default)
2019-09-25 02:03:10,288 [4883e92d-256b-4e23-999d-6274ed4f0561@group-5D7FB7C834D5:LeaderElection22] INFO  server.RaftServerConfigKeys (ConfUtils.java:logGet(43)) - raft.server.watch.element-limit = 65536 (default)
2019-09-25 02:03:10,292 [4883e92d-256b-4e23-999d-6274ed4f0561@group-5D7FB7C834D5:LeaderElection22] INFO  server.RaftServerConfigKeys (ConfUtils.java:logGet(43)) - raft.server.log.appender.snapshot.chunk.size.max = 16MB (=16777216) (default)
2019-09-25 02:03:10,292 [4883e92d-256b-4e23-999d-6274ed4f0561@group-5D7FB7C834D5:LeaderElection22] INFO  server.RaftServerConfigKeys (ConfUtils.java:logGet(43)) - raft.server.log.appender.buffer.byte-limit = 33554432 (custom)
2019-09-25 02:03:10,292 [4883e92d-256b-4e23-999d-6274ed4f0561@group-5D7FB7C834D5:LeaderElection22] INFO  server.RaftServerConfigKeys (ConfUtils.java:logGet(43)) - raft.server.log.appender.buffer.element-limit = 1 (custom)
2019-09-25 02:03:10,293 [4883e92d-256b-4e23-999d-6274ed4f0561@group-5D7FB7C834D5:LeaderElection22] INFO  grpc.GrpcConfigKeys$Server (ConfUtils.java:logGet(43)) - raft.grpc.server.leader.outstanding.appends.max = 128 (default)
2019-09-25 02:03:10,293 [4883e92d-256b-4e23-999d-6274ed4f0561@group-5D7FB7C834D5:LeaderElection22] INFO  server.RaftServerConfigKeys (ConfUtils.java:logGet(43)) - raft.server.rpc.request.timeout = 3000ms (default)
2019-09-25 02:03:10,293 [4883e92d-256b-4e23-999d-6274ed4f0561@group-5D7FB7C834D5:LeaderElection22] INFO  server.RaftServerConfigKeys (ConfUtils.java:logGet(43)) - raft.server.log.appender.install.snapshot.enabled = false (custom)
2019-09-25 02:03:10,293 [4883e92d-256b-4e23-999d-6274ed4f0561@group-5D7FB7C834D5:LeaderElection22] INFO  server.RaftServerConfigKeys (ConfUtils.java:logGet(43)) - raft.server.log.appender.snapshot.chunk.size.max = 16MB (=16777216) (default)
2019-09-25 02:03:10,294 [4883e92d-256b-4e23-999d-6274ed4f0561@group-5D7FB7C834D5:LeaderElection22] INFO  server.RaftServerConfigKeys (ConfUtils.java:logGet(43)) - raft.server.log.appender.buffer.byte-limit = 33554432 (custom)
2019-09-25 02:03:10,294 [4883e92d-256b-4e23-999d-6274ed4f0561@group-5D7FB7C834D5:LeaderElection22] INFO  server.RaftServerConfigKeys (ConfUtils.java:logGet(43)) - raft.server.log.appender.buffer.element-limit = 1 (custom)
2019-09-25 02:03:10,294 [4883e92d-256b-4e23-999d-6274ed4f0561@group-5D7FB7C834D5:LeaderElection22] INFO  grpc.GrpcConfigKeys$Server (ConfUtils.java:logGet(43)) - raft.grpc.server.leader.outstanding.appends.max = 128 (default)
2019-09-25 02:03:10,294 [4883e92d-256b-4e23-999d-6274ed4f0561@group-5D7FB7C834D5:LeaderElection22] INFO  server.RaftServerConfigKeys (ConfUtils.java:logGet(43)) - raft.server.rpc.request.timeout = 3000ms (default)
2019-09-25 02:03:10,295 [4883e92d-256b-4e23-999d-6274ed4f0561@group-5D7FB7C834D5:LeaderElection22] INFO  server.RaftServerConfigKeys (ConfUtils.java:logGet(43)) - raft.server.log.appender.install.snapshot.enabled = false (custom)
2019-09-25 02:03:10,295 [4883e92d-256b-4e23-999d-6274ed4f0561@group-5D7FB7C834D5:LeaderElection22] INFO  impl.RoleInfo (RoleInfo.java:updateAndGet(143)) - 4883e92d-256b-4e23-999d-6274ed4f0561: start LeaderState
2019-09-25 02:03:10,295 [4883e92d-256b-4e23-999d-6274ed4f0561@group-5D7FB7C834D5:LeaderElection22] INFO  segmented.SegmentedRaftLogWorker (SegmentedRaftLogWorker.java:startLogSegment(380)) - 4883e92d-256b-4e23-999d-6274ed4f0561@group-5D7FB7C834D5-SegmentedRaftLogWorker: Starting segment from index:0
2019-09-25 02:03:10,297 [4883e92d-256b-4e23-999d-6274ed4f0561@group-5D7FB7C834D5:LeaderElection22] INFO  impl.RaftServerImpl (ServerState.java:setRaftConf(354)) - 4883e92d-256b-4e23-999d-6274ed4f0561@group-5D7FB7C834D5: set configuration 0: [e40f6fdf-da16-453e-9f28-91d67fc4fbe1:192.168.151.66:36511, 4883e92d-256b-4e23-999d-6274ed4f0561:192.168.151.66:34518, 78aa7d22-8252-48a6-b22f-bbcb77ab7551:192.168.151.66:45820], old=null at 0
2019-09-25 02:03:10,300 [grpc-default-executor-0] INFO  impl.RaftServerImpl (ServerState.java:setLeader(253)) - e40f6fdf-da16-453e-9f28-91d67fc4fbe1@group-5D7FB7C834D5: change Leader from null to 4883e92d-256b-4e23-999d-6274ed4f0561 at term 3 for appendEntries, leader elected after 15621ms
2019-09-25 02:03:10,317 [grpc-default-executor-3] INFO  impl.RaftServerImpl (ServerState.java:setLeader(253)) - 78aa7d22-8252-48a6-b22f-bbcb77ab7551@group-5D7FB7C834D5: change Leader from null to 4883e92d-256b-4e23-999d-6274ed4f0561 at term 3 for appendEntries, leader elected after 15638ms
2019-09-25 02:03:10,321 [grpc-default-executor-3] INFO  impl.RaftServerImpl (ServerState.java:setRaftConf(354)) - e40f6fdf-da16-453e-9f28-91d67fc4fbe1@group-5D7FB7C834D5: set configuration 0: [e40f6fdf-da16-453e-9f28-91d67fc4fbe1:192.168.151.66:36511, 4883e92d-256b-4e23-999d-6274ed4f0561:192.168.151.66:34518, 78aa7d22-8252-48a6-b22f-bbcb77ab7551:192.168.151.66:45820], old=null at 0
2019-09-25 02:03:10,322 [grpc-default-executor-3] INFO  segmented.SegmentedRaftLogWorker (SegmentedRaftLogWorker.java:startLogSegment(380)) - e40f6fdf-da16-453e-9f28-91d67fc4fbe1@group-5D7FB7C834D5-SegmentedRaftLogWorker: Starting segment from index:0
2019-09-25 02:03:10,323 [grpc-default-executor-3] INFO  impl.RaftServerImpl (ServerState.java:setRaftConf(354)) - 78aa7d22-8252-48a6-b22f-bbcb77ab7551@group-5D7FB7C834D5: set configuration 0: [e40f6fdf-da16-453e-9f28-91d67fc4fbe1:192.168.151.66:36511, 4883e92d-256b-4e23-999d-6274ed4f0561:192.168.151.66:34518, 78aa7d22-8252-48a6-b22f-bbcb77ab7551:192.168.151.66:45820], old=null at 0
2019-09-25 02:03:10,323 [grpc-default-executor-3] INFO  segmented.SegmentedRaftLogWorker (SegmentedRaftLogWorker.java:startLogSegment(380)) - 78aa7d22-8252-48a6-b22f-bbcb77ab7551@group-5D7FB7C834D5-SegmentedRaftLogWorker: Starting segment from index:0
2019-09-25 02:03:10,340 [4883e92d-256b-4e23-999d-6274ed4f0561@group-5D7FB7C834D5-SegmentedRaftLogWorker] INFO  segmented.SegmentedRaftLogWorker (SegmentedRaftLogWorker.java:execute(569)) - 4883e92d-256b-4e23-999d-6274ed4f0561@group-5D7FB7C834D5-SegmentedRaftLogWorker: created new log segment /workdir/hadoop-ozone/ozonefs/target/test-dir/MiniOzoneClusterImpl-f329581b-00a8-489f-9c8e-b35e10165f21/datanode-2/data/ratis/a7e26114-8842-45e6-bf93-5d7fb7c834d5/current/log_inprogress_0
2019-09-25 02:03:10,366 [e40f6fdf-da16-453e-9f28-91d67fc4fbe1@group-5D7FB7C834D5-SegmentedRaftLogWorker] INFO  segmented.SegmentedRaftLogWorker (SegmentedRaftLogWorker.java:execute(569)) - e40f6fdf-da16-453e-9f28-91d67fc4fbe1@group-5D7FB7C834D5-SegmentedRaftLogWorker: created new log segment /workdir/hadoop-ozone/ozonefs/target/test-dir/MiniOzoneClusterImpl-f329581b-00a8-489f-9c8e-b35e10165f21/datanode-3/data/ratis/a7e26114-8842-45e6-bf93-5d7fb7c834d5/current/log_inprogress_0
2019-09-25 02:03:10,366 [78aa7d22-8252-48a6-b22f-bbcb77ab7551@group-5D7FB7C834D5-SegmentedRaftLogWorker] INFO  segmented.SegmentedRaftLogWorker (SegmentedRaftLogWorker.java:execute(569)) - 78aa7d22-8252-48a6-b22f-bbcb77ab7551@group-5D7FB7C834D5-SegmentedRaftLogWorker: created new log segment /workdir/hadoop-ozone/ozonefs/target/test-dir/MiniOzoneClusterImpl-f329581b-00a8-489f-9c8e-b35e10165f21/datanode-5/data/ratis/a7e26114-8842-45e6-bf93-5d7fb7c834d5/current/log_inprogress_0
2019-09-25 02:03:10,613 [Thread-428] INFO  impl.FollowerState (FollowerState.java:run(106)) - e2bc4f57-4e4d-4806-bb89-300e99e050aa:group-0E59EC4C81DE changes to CANDIDATE, lastRpcTime:5027, electionTimeout:5023ms
2019-09-25 02:03:10,613 [Thread-428] INFO  impl.RoleInfo (RoleInfo.java:shutdownFollowerState(121)) - e2bc4f57-4e4d-4806-bb89-300e99e050aa: shutdown FollowerState
2019-09-25 02:03:10,613 [Thread-428] INFO  impl.RaftServerImpl (RaftServerImpl.java:setRole(174)) - e2bc4f57-4e4d-4806-bb89-300e99e050aa@group-0E59EC4C81DE: changes role from  FOLLOWER to CANDIDATE at term 3 for changeToCandidate
2019-09-25 02:03:10,613 [Thread-428] INFO  impl.RoleInfo (RoleInfo.java:updateAndGet(143)) - e2bc4f57-4e4d-4806-bb89-300e99e050aa: start LeaderElection
2019-09-25 02:03:10,642 [e2bc4f57-4e4d-4806-bb89-300e99e050aa@group-0E59EC4C81DE:LeaderElection23] INFO  impl.LeaderElection (LeaderElection.java:askForVotes(182)) - e2bc4f57-4e4d-4806-bb89-300e99e050aa@group-0E59EC4C81DE:LeaderElection23: begin an election at term 4 for 0: [e2bc4f57-4e4d-4806-bb89-300e99e050aa:192.168.151.66:43164, 3a1526ff-e59b-45ed-a910-aedaa732a469:192.168.151.66:45885, 0983ca92-2e85-418c-b6e1-27ad33fcd8b4:192.168.151.66:45245], old=null
2019-09-25 02:03:10,654 [grpc-default-executor-3] INFO  impl.RaftServerImpl (RaftServerImpl.java:setRole(174)) - 3a1526ff-e59b-45ed-a910-aedaa732a469@group-0E59EC4C81DE: changes role from  FOLLOWER to FOLLOWER at term 4 for recognizeCandidate:e2bc4f57-4e4d-4806-bb89-300e99e050aa
2019-09-25 02:03:10,654 [grpc-default-executor-0] INFO  impl.RaftServerImpl (RaftServerImpl.java:setRole(174)) - 0983ca92-2e85-418c-b6e1-27ad33fcd8b4@group-0E59EC4C81DE: changes role from  FOLLOWER to FOLLOWER at term 4 for recognizeCandidate:e2bc4f57-4e4d-4806-bb89-300e99e050aa
2019-09-25 02:03:10,655 [grpc-default-executor-3] INFO  impl.RoleInfo (RoleInfo.java:shutdownFollowerState(121)) - 3a1526ff-e59b-45ed-a910-aedaa732a469: shutdown FollowerState
2019-09-25 02:03:10,655 [grpc-default-executor-0] INFO  impl.RoleInfo (RoleInfo.java:shutdownFollowerState(121)) - 0983ca92-2e85-418c-b6e1-27ad33fcd8b4: shutdown FollowerState
2019-09-25 02:03:10,655 [grpc-default-executor-3] INFO  impl.RoleInfo (RoleInfo.java:updateAndGet(143)) - 3a1526ff-e59b-45ed-a910-aedaa732a469: start FollowerState
2019-09-25 02:03:10,655 [Thread-430] INFO  impl.FollowerState (FollowerState.java:run(115)) - 0983ca92-2e85-418c-b6e1-27ad33fcd8b4: FollowerState was interrupted: java.lang.InterruptedException: sleep interrupted
2019-09-25 02:03:10,655 [grpc-default-executor-0] INFO  impl.RoleInfo (RoleInfo.java:updateAndGet(143)) - 0983ca92-2e85-418c-b6e1-27ad33fcd8b4: start FollowerState
2019-09-25 02:03:10,655 [Thread-429] INFO  impl.FollowerState (FollowerState.java:run(115)) - 3a1526ff-e59b-45ed-a910-aedaa732a469: FollowerState was interrupted: java.lang.InterruptedException: sleep interrupted
2019-09-25 02:03:10,694 [e2bc4f57-4e4d-4806-bb89-300e99e050aa@group-0E59EC4C81DE:LeaderElection23] INFO  impl.LeaderElection (LeaderElection.java:logAndReturn(56)) - e2bc4f57-4e4d-4806-bb89-300e99e050aa@group-0E59EC4C81DE:LeaderElection23: Election PASSED; received 1 response(s) [e2bc4f57-4e4d-4806-bb89-300e99e050aa<-3a1526ff-e59b-45ed-a910-aedaa732a469#0:OK-t4] and 0 exception(s); e2bc4f57-4e4d-4806-bb89-300e99e050aa@group-0E59EC4C81DE:t4, leader=null, voted=e2bc4f57-4e4d-4806-bb89-300e99e050aa, raftlog=e2bc4f57-4e4d-4806-bb89-300e99e050aa@group-0E59EC4C81DE-SegmentedRaftLog:OPENED:c-1,f0,i0, conf=0: [e2bc4f57-4e4d-4806-bb89-300e99e050aa:192.168.151.66:43164, 3a1526ff-e59b-45ed-a910-aedaa732a469:192.168.151.66:45885, 0983ca92-2e85-418c-b6e1-27ad33fcd8b4:192.168.151.66:45245], old=null
2019-09-25 02:03:10,694 [e2bc4f57-4e4d-4806-bb89-300e99e050aa@group-0E59EC4C81DE:LeaderElection23] INFO  impl.RoleInfo (RoleInfo.java:shutdownLeaderElection(134)) - e2bc4f57-4e4d-4806-bb89-300e99e050aa: shutdown LeaderElection
2019-09-25 02:03:10,694 [e2bc4f57-4e4d-4806-bb89-300e99e050aa@group-0E59EC4C81DE:LeaderElection23] INFO  impl.RaftServerImpl (RaftServerImpl.java:setRole(174)) - e2bc4f57-4e4d-4806-bb89-300e99e050aa@group-0E59EC4C81DE: changes role from CANDIDATE to LEADER at term 4 for changeToLeader
2019-09-25 02:03:10,695 [e2bc4f57-4e4d-4806-bb89-300e99e050aa@group-0E59EC4C81DE:LeaderElection23] INFO  impl.RaftServerImpl (ServerState.java:setLeader(253)) - e2bc4f57-4e4d-4806-bb89-300e99e050aa@group-0E59EC4C81DE: change Leader from null to e2bc4f57-4e4d-4806-bb89-300e99e050aa at term 4 for becomeLeader, leader elected after 10085ms
2019-09-25 02:03:10,695 [e2bc4f57-4e4d-4806-bb89-300e99e050aa@group-0E59EC4C81DE:LeaderElection23] INFO  server.RaftServerConfigKeys (ConfUtils.java:logGet(43)) - raft.server.staging.catchup.gap = 1000 (default)
2019-09-25 02:03:10,695 [e2bc4f57-4e4d-4806-bb89-300e99e050aa@group-0E59EC4C81DE:LeaderElection23] INFO  server.RaftServerConfigKeys (ConfUtils.java:logGet(43)) - raft.server.rpc.sleep.time = 25ms (default)
2019-09-25 02:03:10,695 [e2bc4f57-4e4d-4806-bb89-300e99e050aa@group-0E59EC4C81DE:LeaderElection23] INFO  server.RaftServerConfigKeys (ConfUtils.java:logGet(43)) - raft.server.write.element-limit = 4096 (default)
2019-09-25 02:03:10,695 [e2bc4f57-4e4d-4806-bb89-300e99e050aa@group-0E59EC4C81DE:LeaderElection23] INFO  server.RaftServerConfigKeys (ConfUtils.java:logGet(43)) - raft.server.watch.timeout = 10s (default)
2019-09-25 02:03:10,695 [e2bc4f57-4e4d-4806-bb89-300e99e050aa@group-0E59EC4C81DE:LeaderElection23] INFO  server.RaftServerConfigKeys (ConfUtils.java:logGet(43)) - raft.server.watch.timeout.denomination = 1s (default)
2019-09-25 02:03:10,696 [e2bc4f57-4e4d-4806-bb89-300e99e050aa@group-0E59EC4C81DE:LeaderElection23] INFO  server.RaftServerConfigKeys (ConfUtils.java:logGet(43)) - raft.server.watch.element-limit = 65536 (default)
2019-09-25 02:03:10,696 [e2bc4f57-4e4d-4806-bb89-300e99e050aa@group-0E59EC4C81DE:LeaderElection23] INFO  server.RaftServerConfigKeys (ConfUtils.java:logGet(43)) - raft.server.log.appender.snapshot.chunk.size.max = 16MB (=16777216) (default)
2019-09-25 02:03:10,696 [e2bc4f57-4e4d-4806-bb89-300e99e050aa@group-0E59EC4C81DE:LeaderElection23] INFO  server.RaftServerConfigKeys (ConfUtils.java:logGet(43)) - raft.server.log.appender.buffer.byte-limit = 33554432 (custom)
2019-09-25 02:03:10,696 [e2bc4f57-4e4d-4806-bb89-300e99e050aa@group-0E59EC4C81DE:LeaderElection23] INFO  server.RaftServerConfigKeys (ConfUtils.java:logGet(43)) - raft.server.log.appender.buffer.element-limit = 1 (custom)
2019-09-25 02:03:10,697 [e2bc4f57-4e4d-4806-bb89-300e99e050aa@group-0E59EC4C81DE:LeaderElection23] INFO  grpc.GrpcConfigKeys$Server (ConfUtils.java:logGet(43)) - raft.grpc.server.leader.outstanding.appends.max = 128 (default)
2019-09-25 02:03:10,697 [e2bc4f57-4e4d-4806-bb89-300e99e050aa@group-0E59EC4C81DE:LeaderElection23] INFO  server.RaftServerConfigKeys (ConfUtils.java:logGet(43)) - raft.server.rpc.request.timeout = 3000ms (default)
2019-09-25 02:03:10,697 [e2bc4f57-4e4d-4806-bb89-300e99e050aa@group-0E59EC4C81DE:LeaderElection23] INFO  server.RaftServerConfigKeys (ConfUtils.java:logGet(43)) - raft.server.log.appender.install.snapshot.enabled = false (custom)
2019-09-25 02:03:10,697 [e2bc4f57-4e4d-4806-bb89-300e99e050aa@group-0E59EC4C81DE:LeaderElection23] INFO  server.RaftServerConfigKeys (ConfUtils.java:logGet(43)) - raft.server.log.appender.snapshot.chunk.size.max = 16MB (=16777216) (default)
2019-09-25 02:03:10,697 [e2bc4f57-4e4d-4806-bb89-300e99e050aa@group-0E59EC4C81DE:LeaderElection23] INFO  server.RaftServerConfigKeys (ConfUtils.java:logGet(43)) - raft.server.log.appender.buffer.byte-limit = 33554432 (custom)
2019-09-25 02:03:10,698 [e2bc4f57-4e4d-4806-bb89-300e99e050aa@group-0E59EC4C81DE:LeaderElection23] INFO  server.RaftServerConfigKeys (ConfUtils.java:logGet(43)) - raft.server.log.appender.buffer.element-limit = 1 (custom)
2019-09-25 02:03:10,698 [e2bc4f57-4e4d-4806-bb89-300e99e050aa@group-0E59EC4C81DE:LeaderElection23] INFO  grpc.GrpcConfigKeys$Server (ConfUtils.java:logGet(43)) - raft.grpc.server.leader.outstanding.appends.max = 128 (default)
2019-09-25 02:03:10,698 [e2bc4f57-4e4d-4806-bb89-300e99e050aa@group-0E59EC4C81DE:LeaderElection23] INFO  server.RaftServerConfigKeys (ConfUtils.java:logGet(43)) - raft.server.rpc.request.timeout = 3000ms (default)
2019-09-25 02:03:10,698 [e2bc4f57-4e4d-4806-bb89-300e99e050aa@group-0E59EC4C81DE:LeaderElection23] INFO  server.RaftServerConfigKeys (ConfUtils.java:logGet(43)) - raft.server.log.appender.install.snapshot.enabled = false (custom)
2019-09-25 02:03:10,700 [e2bc4f57-4e4d-4806-bb89-300e99e050aa@group-0E59EC4C81DE:LeaderElection23] INFO  impl.RoleInfo (RoleInfo.java:updateAndGet(143)) - e2bc4f57-4e4d-4806-bb89-300e99e050aa: start LeaderState
2019-09-25 02:03:10,702 [e2bc4f57-4e4d-4806-bb89-300e99e050aa@group-0E59EC4C81DE:LeaderElection23] INFO  segmented.SegmentedRaftLogWorker (SegmentedRaftLogWorker.java:rollLogSegment(385)) - e2bc4f57-4e4d-4806-bb89-300e99e050aa@group-0E59EC4C81DE-SegmentedRaftLogWorker: Rolling segment log-0_0 to index:0
2019-09-25 02:03:10,705 [e2bc4f57-4e4d-4806-bb89-300e99e050aa@group-0E59EC4C81DE-SegmentedRaftLogWorker] INFO  segmented.SegmentedRaftLogWorker (SegmentedRaftLogWorker.java:execute(526)) - e2bc4f57-4e4d-4806-bb89-300e99e050aa@group-0E59EC4C81DE-SegmentedRaftLogWorker: Rolled log segment from /workdir/hadoop-ozone/ozonefs/target/test-dir/MiniOzoneClusterImpl-f329581b-00a8-489f-9c8e-b35e10165f21/datanode-0/data/ratis/ae233f9d-70b2-4a9e-90ad-0e59ec4c81de/current/log_inprogress_0 to /workdir/hadoop-ozone/ozonefs/target/test-dir/MiniOzoneClusterImpl-f329581b-00a8-489f-9c8e-b35e10165f21/datanode-0/data/ratis/ae233f9d-70b2-4a9e-90ad-0e59ec4c81de/current/log_0-0
2019-09-25 02:03:10,714 [e2bc4f57-4e4d-4806-bb89-300e99e050aa@group-0E59EC4C81DE:LeaderElection23] INFO  impl.RaftServerImpl (ServerState.java:setRaftConf(354)) - e2bc4f57-4e4d-4806-bb89-300e99e050aa@group-0E59EC4C81DE: set configuration 1: [e2bc4f57-4e4d-4806-bb89-300e99e050aa:192.168.151.66:43164, 3a1526ff-e59b-45ed-a910-aedaa732a469:192.168.151.66:45885, 0983ca92-2e85-418c-b6e1-27ad33fcd8b4:192.168.151.66:45245], old=null at 1
2019-09-25 02:03:10,717 [grpc-default-executor-3] INFO  impl.RaftServerImpl (ServerState.java:setLeader(253)) - 3a1526ff-e59b-45ed-a910-aedaa732a469@group-0E59EC4C81DE: change Leader from null to e2bc4f57-4e4d-4806-bb89-300e99e050aa at term 4 for appendEntries, leader elected after 10068ms
2019-09-25 02:03:10,731 [grpc-default-executor-0] INFO  impl.RaftServerImpl (ServerState.java:setLeader(253)) - 0983ca92-2e85-418c-b6e1-27ad33fcd8b4@group-0E59EC4C81DE: change Leader from null to e2bc4f57-4e4d-4806-bb89-300e99e050aa at term 4 for appendEntries, leader elected after 15409ms
2019-09-25 02:03:10,731 [grpc-default-executor-0] INFO  impl.RaftServerImpl (RaftServerImpl.java:checkInconsistentAppendEntries(1003)) - 0983ca92-2e85-418c-b6e1-27ad33fcd8b4@group-0E59EC4C81DE: Failed appendEntries as previous log entry ((t:1, i:0)) is not found
2019-09-25 02:03:10,731 [grpc-default-executor-0] INFO  impl.RaftServerImpl (RaftServerImpl.java:checkInconsistentAppendEntries(976)) - 0983ca92-2e85-418c-b6e1-27ad33fcd8b4@group-0E59EC4C81DE: inconsistency entries. Reply:e2bc4f57-4e4d-4806-bb89-300e99e050aa<-0983ca92-2e85-418c-b6e1-27ad33fcd8b4#0:FAIL,INCONSISTENCY,nextIndex:0,term:4,followerCommit:-1
2019-09-25 02:03:10,734 [grpc-default-executor-0] INFO  impl.FollowerInfo (FollowerInfo.java:lambda$new$0(51)) - e2bc4f57-4e4d-4806-bb89-300e99e050aa@group-0E59EC4C81DE->0983ca92-2e85-418c-b6e1-27ad33fcd8b4: nextIndex: updateUnconditionally 1 -> 0
2019-09-25 02:03:10,736 [grpc-default-executor-0] INFO  impl.RaftServerImpl (ServerState.java:setRaftConf(354)) - 3a1526ff-e59b-45ed-a910-aedaa732a469@group-0E59EC4C81DE: set configuration 1: [e2bc4f57-4e4d-4806-bb89-300e99e050aa:192.168.151.66:43164, 3a1526ff-e59b-45ed-a910-aedaa732a469:192.168.151.66:45885, 0983ca92-2e85-418c-b6e1-27ad33fcd8b4:192.168.151.66:45245], old=null at 1
2019-09-25 02:03:10,736 [grpc-default-executor-3] INFO  impl.RaftServerImpl (ServerState.java:setRaftConf(354)) - 0983ca92-2e85-418c-b6e1-27ad33fcd8b4@group-0E59EC4C81DE: set configuration 0: [e2bc4f57-4e4d-4806-bb89-300e99e050aa:192.168.151.66:43164, 3a1526ff-e59b-45ed-a910-aedaa732a469:192.168.151.66:45885, 0983ca92-2e85-418c-b6e1-27ad33fcd8b4:192.168.151.66:45245], old=null at 0
2019-09-25 02:03:10,736 [grpc-default-executor-0] INFO  segmented.SegmentedRaftLogWorker (SegmentedRaftLogWorker.java:rollLogSegment(385)) - 3a1526ff-e59b-45ed-a910-aedaa732a469@group-0E59EC4C81DE-SegmentedRaftLogWorker: Rolling segment log-0_0 to index:0
2019-09-25 02:03:10,737 [grpc-default-executor-3] INFO  segmented.SegmentedRaftLogWorker (SegmentedRaftLogWorker.java:startLogSegment(380)) - 0983ca92-2e85-418c-b6e1-27ad33fcd8b4@group-0E59EC4C81DE-SegmentedRaftLogWorker: Starting segment from index:0
2019-09-25 02:03:10,737 [3a1526ff-e59b-45ed-a910-aedaa732a469@group-0E59EC4C81DE-SegmentedRaftLogWorker] INFO  segmented.SegmentedRaftLogWorker (SegmentedRaftLogWorker.java:execute(526)) - 3a1526ff-e59b-45ed-a910-aedaa732a469@group-0E59EC4C81DE-SegmentedRaftLogWorker: Rolled log segment from /workdir/hadoop-ozone/ozonefs/target/test-dir/MiniOzoneClusterImpl-f329581b-00a8-489f-9c8e-b35e10165f21/datanode-6/data/ratis/ae233f9d-70b2-4a9e-90ad-0e59ec4c81de/current/log_inprogress_0 to /workdir/hadoop-ozone/ozonefs/target/test-dir/MiniOzoneClusterImpl-f329581b-00a8-489f-9c8e-b35e10165f21/datanode-6/data/ratis/ae233f9d-70b2-4a9e-90ad-0e59ec4c81de/current/log_0-0
2019-09-25 02:03:10,738 [grpc-default-executor-3] INFO  impl.RaftServerImpl (ServerState.java:setRaftConf(354)) - 0983ca92-2e85-418c-b6e1-27ad33fcd8b4@group-0E59EC4C81DE: set configuration 1: [e2bc4f57-4e4d-4806-bb89-300e99e050aa:192.168.151.66:43164, 3a1526ff-e59b-45ed-a910-aedaa732a469:192.168.151.66:45885, 0983ca92-2e85-418c-b6e1-27ad33fcd8b4:192.168.151.66:45245], old=null at 1
2019-09-25 02:03:10,738 [grpc-default-executor-3] INFO  segmented.SegmentedRaftLogWorker (SegmentedRaftLogWorker.java:rollLogSegment(385)) - 0983ca92-2e85-418c-b6e1-27ad33fcd8b4@group-0E59EC4C81DE-SegmentedRaftLogWorker: Rolling segment log-0_0 to index:0
2019-09-25 02:03:10,752 [e2bc4f57-4e4d-4806-bb89-300e99e050aa@group-0E59EC4C81DE-SegmentedRaftLogWorker] INFO  segmented.SegmentedRaftLogWorker (SegmentedRaftLogWorker.java:execute(569)) - e2bc4f57-4e4d-4806-bb89-300e99e050aa@group-0E59EC4C81DE-SegmentedRaftLogWorker: created new log segment /workdir/hadoop-ozone/ozonefs/target/test-dir/MiniOzoneClusterImpl-f329581b-00a8-489f-9c8e-b35e10165f21/datanode-0/data/ratis/ae233f9d-70b2-4a9e-90ad-0e59ec4c81de/current/log_inprogress_1
2019-09-25 02:03:10,799 [3a1526ff-e59b-45ed-a910-aedaa732a469@group-0E59EC4C81DE-SegmentedRaftLogWorker] INFO  segmented.SegmentedRaftLogWorker (SegmentedRaftLogWorker.java:execute(569)) - 3a1526ff-e59b-45ed-a910-aedaa732a469@group-0E59EC4C81DE-SegmentedRaftLogWorker: created new log segment /workdir/hadoop-ozone/ozonefs/target/test-dir/MiniOzoneClusterImpl-f329581b-00a8-489f-9c8e-b35e10165f21/datanode-6/data/ratis/ae233f9d-70b2-4a9e-90ad-0e59ec4c81de/current/log_inprogress_1
2019-09-25 02:03:10,799 [0983ca92-2e85-418c-b6e1-27ad33fcd8b4@group-0E59EC4C81DE-SegmentedRaftLogWorker] INFO  segmented.SegmentedRaftLogWorker (SegmentedRaftLogWorker.java:execute(569)) - 0983ca92-2e85-418c-b6e1-27ad33fcd8b4@group-0E59EC4C81DE-SegmentedRaftLogWorker: created new log segment /workdir/hadoop-ozone/ozonefs/target/test-dir/MiniOzoneClusterImpl-f329581b-00a8-489f-9c8e-b35e10165f21/datanode-1/data/ratis/ae233f9d-70b2-4a9e-90ad-0e59ec4c81de/current/log_inprogress_0
2019-09-25 02:03:10,812 [0983ca92-2e85-418c-b6e1-27ad33fcd8b4@group-0E59EC4C81DE-SegmentedRaftLogWorker] INFO  segmented.SegmentedRaftLogWorker (SegmentedRaftLogWorker.java:execute(526)) - 0983ca92-2e85-418c-b6e1-27ad33fcd8b4@group-0E59EC4C81DE-SegmentedRaftLogWorker: Rolled log segment from /workdir/hadoop-ozone/ozonefs/target/test-dir/MiniOzoneClusterImpl-f329581b-00a8-489f-9c8e-b35e10165f21/datanode-1/data/ratis/ae233f9d-70b2-4a9e-90ad-0e59ec4c81de/current/log_inprogress_0 to /workdir/hadoop-ozone/ozonefs/target/test-dir/MiniOzoneClusterImpl-f329581b-00a8-489f-9c8e-b35e10165f21/datanode-1/data/ratis/ae233f9d-70b2-4a9e-90ad-0e59ec4c81de/current/log_0-0
2019-09-25 02:03:10,858 [0983ca92-2e85-418c-b6e1-27ad33fcd8b4@group-0E59EC4C81DE-SegmentedRaftLogWorker] INFO  segmented.SegmentedRaftLogWorker (SegmentedRaftLogWorker.java:execute(569)) - 0983ca92-2e85-418c-b6e1-27ad33fcd8b4@group-0E59EC4C81DE-SegmentedRaftLogWorker: created new log segment /workdir/hadoop-ozone/ozonefs/target/test-dir/MiniOzoneClusterImpl-f329581b-00a8-489f-9c8e-b35e10165f21/datanode-1/data/ratis/ae233f9d-70b2-4a9e-90ad-0e59ec4c81de/current/log_inprogress_1
2019-09-25 02:03:11,209 [main] INFO  ipc.Client (Client.java:handleConnectionFailure(948)) - Retrying connect to server: localhost/127.0.0.1:0. Already tried 6 time(s); retry policy is RetryUpToMaximumCountWithFixedSleep(maxRetries=10, sleepTime=1000 MILLISECONDS)
2019-09-25 02:03:12,215 [main] INFO  ipc.Client (Client.java:handleConnectionFailure(948)) - Retrying connect to server: localhost/127.0.0.1:0. Already tried 7 time(s); retry policy is RetryUpToMaximumCountWithFixedSleep(maxRetries=10, sleepTime=1000 MILLISECONDS)
2019-09-25 02:03:13,216 [main] INFO  ipc.Client (Client.java:handleConnectionFailure(948)) - Retrying connect to server: localhost/127.0.0.1:0. Already tried 8 time(s); retry policy is RetryUpToMaximumCountWithFixedSleep(maxRetries=10, sleepTime=1000 MILLISECONDS)
2019-09-25 02:03:14,217 [main] INFO  ipc.Client (Client.java:handleConnectionFailure(948)) - Retrying connect to server: localhost/127.0.0.1:0. Already tried 9 time(s); retry policy is RetryUpToMaximumCountWithFixedSleep(maxRetries=10, sleepTime=1000 MILLISECONDS)
2019-09-25 02:03:14,219 [main] INFO  retry.RetryInvocationHandler (RetryInvocationHandler.java:log(411)) - com.google.protobuf.ServiceException: java.net.ConnectException: Your endpoint configuration is wrong; For more details see:  http://wiki.apache.org/hadoop/UnsetHostnameOrPort, while invoking $Proxy36.submitRequest over nodeId=null,nodeAddress=127.0.0.1:0 after 1 failover attempts. Trying to failover immediately.
2019-09-25 02:03:15,220 [main] INFO  ipc.Client (Client.java:handleConnectionFailure(948)) - Retrying connect to server: localhost/127.0.0.1:0. Already tried 0 time(s); retry policy is RetryUpToMaximumCountWithFixedSleep(maxRetries=10, sleepTime=1000 MILLISECONDS)
2019-09-25 02:03:16,221 [main] INFO  ipc.Client (Client.java:handleConnectionFailure(948)) - Retrying connect to server: localhost/127.0.0.1:0. Already tried 1 time(s); retry policy is RetryUpToMaximumCountWithFixedSleep(maxRetries=10, sleepTime=1000 MILLISECONDS)
2019-09-25 02:03:17,223 [main] INFO  ipc.Client (Client.java:handleConnectionFailure(948)) - Retrying connect to server: localhost/127.0.0.1:0. Already tried 2 time(s); retry policy is RetryUpToMaximumCountWithFixedSleep(maxRetries=10, sleepTime=1000 MILLISECONDS)
2019-09-25 02:03:18,224 [main] INFO  ipc.Client (Client.java:handleConnectionFailure(948)) - Retrying connect to server: localhost/127.0.0.1:0. Already tried 3 time(s); retry policy is RetryUpToMaximumCountWithFixedSleep(maxRetries=10, sleepTime=1000 MILLISECONDS)
2019-09-25 02:03:19,225 [main] INFO  ipc.Client (Client.java:handleConnectionFailure(948)) - Retrying connect to server: localhost/127.0.0.1:0. Already tried 4 time(s); retry policy is RetryUpToMaximumCountWithFixedSleep(maxRetries=10, sleepTime=1000 MILLISECONDS)
2019-09-25 02:03:20,227 [main] INFO  ipc.Client (Client.java:handleConnectionFailure(948)) - Retrying connect to server: localhost/127.0.0.1:0. Already tried 5 time(s); retry policy is RetryUpToMaximumCountWithFixedSleep(maxRetries=10, sleepTime=1000 MILLISECONDS)
2019-09-25 02:03:21,228 [main] INFO  ipc.Client (Client.java:handleConnectionFailure(948)) - Retrying connect to server: localhost/127.0.0.1:0. Already tried 6 time(s); retry policy is RetryUpToMaximumCountWithFixedSleep(maxRetries=10, sleepTime=1000 MILLISECONDS)
2019-09-25 02:03:22,230 [main] INFO  ipc.Client (Client.java:handleConnectionFailure(948)) - Retrying connect to server: localhost/127.0.0.1:0. Already tried 7 time(s); retry policy is RetryUpToMaximumCountWithFixedSleep(maxRetries=10, sleepTime=1000 MILLISECONDS)
2019-09-25 02:03:23,231 [main] INFO  ipc.Client (Client.java:handleConnectionFailure(948)) - Retrying connect to server: localhost/127.0.0.1:0. Already tried 8 time(s); retry policy is RetryUpToMaximumCountWithFixedSleep(maxRetries=10, sleepTime=1000 MILLISECONDS)
2019-09-25 02:03:24,232 [main] INFO  ipc.Client (Client.java:handleConnectionFailure(948)) - Retrying connect to server: localhost/127.0.0.1:0. Already tried 9 time(s); retry policy is RetryUpToMaximumCountWithFixedSleep(maxRetries=10, sleepTime=1000 MILLISECONDS)
2019-09-25 02:03:24,234 [main] INFO  retry.RetryInvocationHandler (RetryInvocationHandler.java:log(411)) - com.google.protobuf.ServiceException: java.net.ConnectException: Your endpoint configuration is wrong; For more details see:  http://wiki.apache.org/hadoop/UnsetHostnameOrPort, while invoking $Proxy36.submitRequest over nodeId=null,nodeAddress=127.0.0.1:0 after 2 failover attempts. Trying to failover immediately.
2019-09-25 02:03:25,235 [main] INFO  ipc.Client (Client.java:handleConnectionFailure(948)) - Retrying connect to server: localhost/127.0.0.1:0. Already tried 0 time(s); retry policy is RetryUpToMaximumCountWithFixedSleep(maxRetries=10, sleepTime=1000 MILLISECONDS)
2019-09-25 02:03:26,237 [main] INFO  ipc.Client (Client.java:handleConnectionFailure(948)) - Retrying connect to server: localhost/127.0.0.1:0. Already tried 1 time(s); retry policy is RetryUpToMaximumCountWithFixedSleep(maxRetries=10, sleepTime=1000 MILLISECONDS)
2019-09-25 02:03:27,238 [main] INFO  ipc.Client (Client.java:handleConnectionFailure(948)) - Retrying connect to server: localhost/127.0.0.1:0. Already tried 2 time(s); retry policy is RetryUpToMaximumCountWithFixedSleep(maxRetries=10, sleepTime=1000 MILLISECONDS)
2019-09-25 02:03:28,239 [main] INFO  ipc.Client (Client.java:handleConnectionFailure(948)) - Retrying connect to server: localhost/127.0.0.1:0. Already tried 3 time(s); retry policy is RetryUpToMaximumCountWithFixedSleep(maxRetries=10, sleepTime=1000 MILLISECONDS)
2019-09-25 02:03:29,241 [main] INFO  ipc.Client (Client.java:handleConnectionFailure(948)) - Retrying connect to server: localhost/127.0.0.1:0. Already tried 4 time(s); retry policy is RetryUpToMaximumCountWithFixedSleep(maxRetries=10, sleepTime=1000 MILLISECONDS)
2019-09-25 02:03:30,242 [main] INFO  ipc.Client (Client.java:handleConnectionFailure(948)) - Retrying connect to server: localhost/127.0.0.1:0. Already tried 5 time(s); retry policy is RetryUpToMaximumCountWithFixedSleep(maxRetries=10, sleepTime=1000 MILLISECONDS)
2019-09-25 02:03:31,243 [main] INFO  ipc.Client (Client.java:handleConnectionFailure(948)) - Retrying connect to server: localhost/127.0.0.1:0. Already tried 6 time(s); retry policy is RetryUpToMaximumCountWithFixedSleep(maxRetries=10, sleepTime=1000 MILLISECONDS)
2019-09-25 02:03:32,245 [main] INFO  ipc.Client (Client.java:handleConnectionFailure(948)) - Retrying connect to server: localhost/127.0.0.1:0. Already tried 7 time(s); retry policy is RetryUpToMaximumCountWithFixedSleep(maxRetries=10, sleepTime=1000 MILLISECONDS)
2019-09-25 02:03:33,246 [main] INFO  ipc.Client (Client.java:handleConnectionFailure(948)) - Retrying connect to server: localhost/127.0.0.1:0. Already tried 8 time(s); retry policy is RetryUpToMaximumCountWithFixedSleep(maxRetries=10, sleepTime=1000 MILLISECONDS)
2019-09-25 02:03:34,247 [main] INFO  ipc.Client (Client.java:handleConnectionFailure(948)) - Retrying connect to server: localhost/127.0.0.1:0. Already tried 9 time(s); retry policy is RetryUpToMaximumCountWithFixedSleep(maxRetries=10, sleepTime=1000 MILLISECONDS)
2019-09-25 02:03:34,249 [main] INFO  retry.RetryInvocationHandler (RetryInvocationHandler.java:log(411)) - com.google.protobuf.ServiceException: java.net.ConnectException: Your endpoint configuration is wrong; For more details see:  http://wiki.apache.org/hadoop/UnsetHostnameOrPort, while invoking $Proxy36.submitRequest over nodeId=null,nodeAddress=127.0.0.1:0 after 3 failover attempts. Trying to failover immediately.
2019-09-25 02:03:35,251 [main] INFO  ipc.Client (Client.java:handleConnectionFailure(948)) - Retrying connect to server: localhost/127.0.0.1:0. Already tried 0 time(s); retry policy is RetryUpToMaximumCountWithFixedSleep(maxRetries=10, sleepTime=1000 MILLISECONDS)
2019-09-25 02:03:36,252 [main] INFO  ipc.Client (Client.java:handleConnectionFailure(948)) - Retrying connect to server: localhost/127.0.0.1:0. Already tried 1 time(s); retry policy is RetryUpToMaximumCountWithFixedSleep(maxRetries=10, sleepTime=1000 MILLISECONDS)
2019-09-25 02:03:37,253 [main] INFO  ipc.Client (Client.java:handleConnectionFailure(948)) - Retrying connect to server: localhost/127.0.0.1:0. Already tried 2 time(s); retry policy is RetryUpToMaximumCountWithFixedSleep(maxRetries=10, sleepTime=1000 MILLISECONDS)
2019-09-25 02:03:38,254 [main] INFO  ipc.Client (Client.java:handleConnectionFailure(948)) - Retrying connect to server: localhost/127.0.0.1:0. Already tried 3 time(s); retry policy is RetryUpToMaximumCountWithFixedSleep(maxRetries=10, sleepTime=1000 MILLISECONDS)
2019-09-25 02:03:39,256 [main] INFO  ipc.Client (Client.java:handleConnectionFailure(948)) - Retrying connect to server: localhost/127.0.0.1:0. Already tried 4 time(s); retry policy is RetryUpToMaximumCountWithFixedSleep(maxRetries=10, sleepTime=1000 MILLISECONDS)
2019-09-25 02:03:40,257 [main] INFO  ipc.Client (Client.java:handleConnectionFailure(948)) - Retrying connect to server: localhost/127.0.0.1:0. Already tried 5 time(s); retry policy is RetryUpToMaximumCountWithFixedSleep(maxRetries=10, sleepTime=1000 MILLISECONDS)
2019-09-25 02:03:41,258 [main] INFO  ipc.Client (Client.java:handleConnectionFailure(948)) - Retrying connect to server: localhost/127.0.0.1:0. Already tried 6 time(s); retry policy is RetryUpToMaximumCountWithFixedSleep(maxRetries=10, sleepTime=1000 MILLISECONDS)
2019-09-25 02:03:42,259 [main] INFO  ipc.Client (Client.java:handleConnectionFailure(948)) - Retrying connect to server: localhost/127.0.0.1:0. Already tried 7 time(s); retry policy is RetryUpToMaximumCountWithFixedSleep(maxRetries=10, sleepTime=1000 MILLISECONDS)
2019-09-25 02:03:43,261 [main] INFO  ipc.Client (Client.java:handleConnectionFailure(948)) - Retrying connect to server: localhost/127.0.0.1:0. Already tried 8 time(s); retry policy is RetryUpToMaximumCountWithFixedSleep(maxRetries=10, sleepTime=1000 MILLISECONDS)
2019-09-25 02:03:44,263 [main] INFO  ipc.Client (Client.java:handleConnectionFailure(948)) - Retrying connect to server: localhost/127.0.0.1:0. Already tried 9 time(s); retry policy is RetryUpToMaximumCountWithFixedSleep(maxRetries=10, sleepTime=1000 MILLISECONDS)
2019-09-25 02:03:44,265 [main] INFO  retry.RetryInvocationHandler (RetryInvocationHandler.java:log(411)) - com.google.protobuf.ServiceException: java.net.ConnectException: Your endpoint configuration is wrong; For more details see:  http://wiki.apache.org/hadoop/UnsetHostnameOrPort, while invoking $Proxy36.submitRequest over nodeId=null,nodeAddress=127.0.0.1:0 after 4 failover attempts. Trying to failover immediately.
2019-09-25 02:03:45,266 [main] INFO  ipc.Client (Client.java:handleConnectionFailure(948)) - Retrying connect to server: localhost/127.0.0.1:0. Already tried 0 time(s); retry policy is RetryUpToMaximumCountWithFixedSleep(maxRetries=10, sleepTime=1000 MILLISECONDS)
2019-09-25 02:03:46,267 [main] INFO  ipc.Client (Client.java:handleConnectionFailure(948)) - Retrying connect to server: localhost/127.0.0.1:0. Already tried 1 time(s); retry policy is RetryUpToMaximumCountWithFixedSleep(maxRetries=10, sleepTime=1000 MILLISECONDS)
2019-09-25 02:03:47,269 [main] INFO  ipc.Client (Client.java:handleConnectionFailure(948)) - Retrying connect to server: localhost/127.0.0.1:0. Already tried 2 time(s); retry policy is RetryUpToMaximumCountWithFixedSleep(maxRetries=10, sleepTime=1000 MILLISECONDS)
2019-09-25 02:03:48,633 [main] INFO  ipc.Client (Client.java:handleConnectionFailure(948)) - Retrying connect to server: localhost/127.0.0.1:0. Already tried 3 time(s); retry policy is RetryUpToMaximumCountWithFixedSleep(maxRetries=10, sleepTime=1000 MILLISECONDS)
2019-09-25 02:03:49,658 [main] INFO  ipc.Client (Client.java:handleConnectionFailure(948)) - Retrying connect to server: localhost/127.0.0.1:0. Already tried 4 time(s); retry policy is RetryUpToMaximumCountWithFixedSleep(maxRetries=10, sleepTime=1000 MILLISECONDS)
2019-09-25 02:03:50,676 [main] INFO  ipc.Client (Client.java:handleConnectionFailure(948)) - Retrying connect to server: localhost/127.0.0.1:0. Already tried 5 time(s); retry policy is RetryUpToMaximumCountWithFixedSleep(maxRetries=10, sleepTime=1000 MILLISECONDS)
2019-09-25 02:03:51,680 [main] INFO  ipc.Client (Client.java:handleConnectionFailure(948)) - Retrying connect to server: localhost/127.0.0.1:0. Already tried 6 time(s); retry policy is RetryUpToMaximumCountWithFixedSleep(maxRetries=10, sleepTime=1000 MILLISECONDS)
2019-09-25 02:03:52,685 [main] INFO  ipc.Client (Client.java:handleConnectionFailure(948)) - Retrying connect to server: localhost/127.0.0.1:0. Already tried 7 time(s); retry policy is RetryUpToMaximumCountWithFixedSleep(maxRetries=10, sleepTime=1000 MILLISECONDS)
2019-09-25 02:03:53,689 [main] INFO  ipc.Client (Client.java:handleConnectionFailure(948)) - Retrying connect to server: localhost/127.0.0.1:0. Already tried 8 time(s); retry policy is RetryUpToMaximumCountWithFixedSleep(maxRetries=10, sleepTime=1000 MILLISECONDS)
2019-09-25 02:03:54,694 [main] INFO  ipc.Client (Client.java:handleConnectionFailure(948)) - Retrying connect to server: localhost/127.0.0.1:0. Already tried 9 time(s); retry policy is RetryUpToMaximumCountWithFixedSleep(maxRetries=10, sleepTime=1000 MILLISECONDS)
2019-09-25 02:03:54,695 [main] INFO  retry.RetryInvocationHandler (RetryInvocationHandler.java:log(411)) - com.google.protobuf.ServiceException: java.net.ConnectException: Your endpoint configuration is wrong; For more details see:  http://wiki.apache.org/hadoop/UnsetHostnameOrPort, while invoking $Proxy36.submitRequest over nodeId=null,nodeAddress=127.0.0.1:0 after 5 failover attempts. Trying to failover immediately.
2019-09-25 02:03:55,698 [main] INFO  ipc.Client (Client.java:handleConnectionFailure(948)) - Retrying connect to server: localhost/127.0.0.1:0. Already tried 0 time(s); retry policy is RetryUpToMaximumCountWithFixedSleep(maxRetries=10, sleepTime=1000 MILLISECONDS)
2019-09-25 02:03:56,700 [main] INFO  ipc.Client (Client.java:handleConnectionFailure(948)) - Retrying connect to server: localhost/127.0.0.1:0. Already tried 1 time(s); retry policy is RetryUpToMaximumCountWithFixedSleep(maxRetries=10, sleepTime=1000 MILLISECONDS)
2019-09-25 02:03:57,701 [main] INFO  ipc.Client (Client.java:handleConnectionFailure(948)) - Retrying connect to server: localhost/127.0.0.1:0. Already tried 2 time(s); retry policy is RetryUpToMaximumCountWithFixedSleep(maxRetries=10, sleepTime=1000 MILLISECONDS)
2019-09-25 02:03:58,702 [main] INFO  ipc.Client (Client.java:handleConnectionFailure(948)) - Retrying connect to server: localhost/127.0.0.1:0. Already tried 3 time(s); retry policy is RetryUpToMaximumCountWithFixedSleep(maxRetries=10, sleepTime=1000 MILLISECONDS)
2019-09-25 02:03:59,703 [main] INFO  ipc.Client (Client.java:handleConnectionFailure(948)) - Retrying connect to server: localhost/127.0.0.1:0. Already tried 4 time(s); retry policy is RetryUpToMaximumCountWithFixedSleep(maxRetries=10, sleepTime=1000 MILLISECONDS)
2019-09-25 02:04:00,705 [main] INFO  ipc.Client (Client.java:handleConnectionFailure(948)) - Retrying connect to server: localhost/127.0.0.1:0. Already tried 5 time(s); retry policy is RetryUpToMaximumCountWithFixedSleep(maxRetries=10, sleepTime=1000 MILLISECONDS)
2019-09-25 02:04:01,706 [main] INFO  ipc.Client (Client.java:handleConnectionFailure(948)) - Retrying connect to server: localhost/127.0.0.1:0. Already tried 6 time(s); retry policy is RetryUpToMaximumCountWithFixedSleep(maxRetries=10, sleepTime=1000 MILLISECONDS)
2019-09-25 02:04:02,707 [main] INFO  ipc.Client (Client.java:handleConnectionFailure(948)) - Retrying connect to server: localhost/127.0.0.1:0. Already tried 7 time(s); retry policy is RetryUpToMaximumCountWithFixedSleep(maxRetries=10, sleepTime=1000 MILLISECONDS)
2019-09-25 02:04:03,709 [main] INFO  ipc.Client (Client.java:handleConnectionFailure(948)) - Retrying connect to server: localhost/127.0.0.1:0. Already tried 8 time(s); retry policy is RetryUpToMaximumCountWithFixedSleep(maxRetries=10, sleepTime=1000 MILLISECONDS)
2019-09-25 02:04:04,710 [main] INFO  ipc.Client (Client.java:handleConnectionFailure(948)) - Retrying connect to server: localhost/127.0.0.1:0. Already tried 9 time(s); retry policy is RetryUpToMaximumCountWithFixedSleep(maxRetries=10, sleepTime=1000 MILLISECONDS)
2019-09-25 02:04:04,712 [main] INFO  retry.RetryInvocationHandler (RetryInvocationHandler.java:log(411)) - com.google.protobuf.ServiceException: java.net.ConnectException: Your endpoint configuration is wrong; For more details see:  http://wiki.apache.org/hadoop/UnsetHostnameOrPort, while invoking $Proxy36.submitRequest over nodeId=null,nodeAddress=127.0.0.1:0 after 6 failover attempts. Trying to failover immediately.
2019-09-25 02:04:05,713 [main] INFO  ipc.Client (Client.java:handleConnectionFailure(948)) - Retrying connect to server: localhost/127.0.0.1:0. Already tried 0 time(s); retry policy is RetryUpToMaximumCountWithFixedSleep(maxRetries=10, sleepTime=1000 MILLISECONDS)
2019-09-25 02:04:06,714 [main] INFO  ipc.Client (Client.java:handleConnectionFailure(948)) - Retrying connect to server: localhost/127.0.0.1:0. Already tried 1 time(s); retry policy is RetryUpToMaximumCountWithFixedSleep(maxRetries=10, sleepTime=1000 MILLISECONDS)
2019-09-25 02:04:07,715 [main] INFO  ipc.Client (Client.java:handleConnectionFailure(948)) - Retrying connect to server: localhost/127.0.0.1:0. Already tried 2 time(s); retry policy is RetryUpToMaximumCountWithFixedSleep(maxRetries=10, sleepTime=1000 MILLISECONDS)
2019-09-25 02:04:08,717 [main] INFO  ipc.Client (Client.java:handleConnectionFailure(948)) - Retrying connect to server: localhost/127.0.0.1:0. Already tried 3 time(s); retry policy is RetryUpToMaximumCountWithFixedSleep(maxRetries=10, sleepTime=1000 MILLISECONDS)
2019-09-25 02:04:09,718 [main] INFO  ipc.Client (Client.java:handleConnectionFailure(948)) - Retrying connect to server: localhost/127.0.0.1:0. Already tried 4 time(s); retry policy is RetryUpToMaximumCountWithFixedSleep(maxRetries=10, sleepTime=1000 MILLISECONDS)
2019-09-25 02:04:10,719 [main] INFO  ipc.Client (Client.java:handleConnectionFailure(948)) - Retrying connect to server: localhost/127.0.0.1:0. Already tried 5 time(s); retry policy is RetryUpToMaximumCountWithFixedSleep(maxRetries=10, sleepTime=1000 MILLISECONDS)
2019-09-25 02:04:11,720 [main] INFO  ipc.Client (Client.java:handleConnectionFailure(948)) - Retrying connect to server: localhost/127.0.0.1:0. Already tried 6 time(s); retry policy is RetryUpToMaximumCountWithFixedSleep(maxRetries=10, sleepTime=1000 MILLISECONDS)
2019-09-25 02:04:12,722 [main] INFO  ipc.Client (Client.java:handleConnectionFailure(948)) - Retrying connect to server: localhost/127.0.0.1:0. Already tried 7 time(s); retry policy is RetryUpToMaximumCountWithFixedSleep(maxRetries=10, sleepTime=1000 MILLISECONDS)
2019-09-25 02:04:13,723 [main] INFO  ipc.Client (Client.java:handleConnectionFailure(948)) - Retrying connect to server: localhost/127.0.0.1:0. Already tried 8 time(s); retry policy is RetryUpToMaximumCountWithFixedSleep(maxRetries=10, sleepTime=1000 MILLISECONDS)
2019-09-25 02:04:14,724 [main] INFO  ipc.Client (Client.java:handleConnectionFailure(948)) - Retrying connect to server: localhost/127.0.0.1:0. Already tried 9 time(s); retry policy is RetryUpToMaximumCountWithFixedSleep(maxRetries=10, sleepTime=1000 MILLISECONDS)
2019-09-25 02:04:14,726 [main] INFO  retry.RetryInvocationHandler (RetryInvocationHandler.java:log(411)) - com.google.protobuf.ServiceException: java.net.ConnectException: Your endpoint configuration is wrong; For more details see:  http://wiki.apache.org/hadoop/UnsetHostnameOrPort, while invoking $Proxy36.submitRequest over nodeId=null,nodeAddress=127.0.0.1:0 after 7 failover attempts. Trying to failover immediately.
2019-09-25 02:04:15,727 [main] INFO  ipc.Client (Client.java:handleConnectionFailure(948)) - Retrying connect to server: localhost/127.0.0.1:0. Already tried 0 time(s); retry policy is RetryUpToMaximumCountWithFixedSleep(maxRetries=10, sleepTime=1000 MILLISECONDS)
2019-09-25 02:04:16,728 [main] INFO  ipc.Client (Client.java:handleConnectionFailure(948)) - Retrying connect to server: localhost/127.0.0.1:0. Already tried 1 time(s); retry policy is RetryUpToMaximumCountWithFixedSleep(maxRetries=10, sleepTime=1000 MILLISECONDS)
2019-09-25 02:04:17,730 [main] INFO  ipc.Client (Client.java:handleConnectionFailure(948)) - Retrying connect to server: localhost/127.0.0.1:0. Already tried 2 time(s); retry policy is RetryUpToMaximumCountWithFixedSleep(maxRetries=10, sleepTime=1000 MILLISECONDS)
2019-09-25 02:04:18,731 [main] INFO  ipc.Client (Client.java:handleConnectionFailure(948)) - Retrying connect to server: localhost/127.0.0.1:0. Already tried 3 time(s); retry policy is RetryUpToMaximumCountWithFixedSleep(maxRetries=10, sleepTime=1000 MILLISECONDS)
2019-09-25 02:04:19,733 [main] INFO  ipc.Client (Client.java:handleConnectionFailure(948)) - Retrying connect to server: localhost/127.0.0.1:0. Already tried 4 time(s); retry policy is RetryUpToMaximumCountWithFixedSleep(maxRetries=10, sleepTime=1000 MILLISECONDS)
2019-09-25 02:04:20,734 [main] INFO  ipc.Client (Client.java:handleConnectionFailure(948)) - Retrying connect to server: localhost/127.0.0.1:0. Already tried 5 time(s); retry policy is RetryUpToMaximumCountWithFixedSleep(maxRetries=10, sleepTime=1000 MILLISECONDS)
2019-09-25 02:04:21,736 [main] INFO  ipc.Client (Client.java:handleConnectionFailure(948)) - Retrying connect to server: localhost/127.0.0.1:0. Already tried 6 time(s); retry policy is RetryUpToMaximumCountWithFixedSleep(maxRetries=10, sleepTime=1000 MILLISECONDS)
2019-09-25 02:04:22,737 [main] INFO  ipc.Client (Client.java:handleConnectionFailure(948)) - Retrying connect to server: localhost/127.0.0.1:0. Already tried 7 time(s); retry policy is RetryUpToMaximumCountWithFixedSleep(maxRetries=10, sleepTime=1000 MILLISECONDS)
2019-09-25 02:04:23,738 [main] INFO  ipc.Client (Client.java:handleConnectionFailure(948)) - Retrying connect to server: localhost/127.0.0.1:0. Already tried 8 time(s); retry policy is RetryUpToMaximumCountWithFixedSleep(maxRetries=10, sleepTime=1000 MILLISECONDS)
2019-09-25 02:04:24,740 [main] INFO  ipc.Client (Client.java:handleConnectionFailure(948)) - Retrying connect to server: localhost/127.0.0.1:0. Already tried 9 time(s); retry policy is RetryUpToMaximumCountWithFixedSleep(maxRetries=10, sleepTime=1000 MILLISECONDS)
2019-09-25 02:04:24,741 [main] INFO  retry.RetryInvocationHandler (RetryInvocationHandler.java:log(411)) - com.google.protobuf.ServiceException: java.net.ConnectException: Your endpoint configuration is wrong; For more details see:  http://wiki.apache.org/hadoop/UnsetHostnameOrPort, while invoking $Proxy36.submitRequest over nodeId=null,nodeAddress=127.0.0.1:0 after 8 failover attempts. Trying to failover immediately.
2019-09-25 02:04:25,771 [main] INFO  ipc.Client (Client.java:handleConnectionFailure(948)) - Retrying connect to server: localhost/127.0.0.1:0. Already tried 0 time(s); retry policy is RetryUpToMaximumCountWithFixedSleep(maxRetries=10, sleepTime=1000 MILLISECONDS)
2019-09-25 02:04:26,772 [main] INFO  ipc.Client (Client.java:handleConnectionFailure(948)) - Retrying connect to server: localhost/127.0.0.1:0. Already tried 1 time(s); retry policy is RetryUpToMaximumCountWithFixedSleep(maxRetries=10, sleepTime=1000 MILLISECONDS)
2019-09-25 02:04:27,774 [main] INFO  ipc.Client (Client.java:handleConnectionFailure(948)) - Retrying connect to server: localhost/127.0.0.1:0. Already tried 2 time(s); retry policy is RetryUpToMaximumCountWithFixedSleep(maxRetries=10, sleepTime=1000 MILLISECONDS)
2019-09-25 02:04:28,775 [main] INFO  ipc.Client (Client.java:handleConnectionFailure(948)) - Retrying connect to server: localhost/127.0.0.1:0. Already tried 3 time(s); retry policy is RetryUpToMaximumCountWithFixedSleep(maxRetries=10, sleepTime=1000 MILLISECONDS)
2019-09-25 02:04:29,776 [main] INFO  ipc.Client (Client.java:handleConnectionFailure(948)) - Retrying connect to server: localhost/127.0.0.1:0. Already tried 4 time(s); retry policy is RetryUpToMaximumCountWithFixedSleep(maxRetries=10, sleepTime=1000 MILLISECONDS)
2019-09-25 02:04:30,779 [main] INFO  ipc.Client (Client.java:handleConnectionFailure(948)) - Retrying connect to server: localhost/127.0.0.1:0. Already tried 5 time(s); retry policy is RetryUpToMaximumCountWithFixedSleep(maxRetries=10, sleepTime=1000 MILLISECONDS)
2019-09-25 02:04:31,780 [main] INFO  ipc.Client (Client.java:handleConnectionFailure(948)) - Retrying connect to server: localhost/127.0.0.1:0. Already tried 6 time(s); retry policy is RetryUpToMaximumCountWithFixedSleep(maxRetries=10, sleepTime=1000 MILLISECONDS)
2019-09-25 02:04:32,781 [main] INFO  ipc.Client (Client.java:handleConnectionFailure(948)) - Retrying connect to server: localhost/127.0.0.1:0. Already tried 7 time(s); retry policy is RetryUpToMaximumCountWithFixedSleep(maxRetries=10, sleepTime=1000 MILLISECONDS)
2019-09-25 02:04:33,782 [main] INFO  ipc.Client (Client.java:handleConnectionFailure(948)) - Retrying connect to server: localhost/127.0.0.1:0. Already tried 8 time(s); retry policy is RetryUpToMaximumCountWithFixedSleep(maxRetries=10, sleepTime=1000 MILLISECONDS)
2019-09-25 02:04:34,783 [main] INFO  ipc.Client (Client.java:handleConnectionFailure(948)) - Retrying connect to server: localhost/127.0.0.1:0. Already tried 9 time(s); retry policy is RetryUpToMaximumCountWithFixedSleep(maxRetries=10, sleepTime=1000 MILLISECONDS)
2019-09-25 02:04:34,785 [main] INFO  retry.RetryInvocationHandler (RetryInvocationHandler.java:log(411)) - com.google.protobuf.ServiceException: java.net.ConnectException: Your endpoint configuration is wrong; For more details see:  http://wiki.apache.org/hadoop/UnsetHostnameOrPort, while invoking $Proxy36.submitRequest over nodeId=null,nodeAddress=127.0.0.1:0 after 9 failover attempts. Trying to failover immediately.
2019-09-25 02:04:35,799 [main] INFO  ipc.Client (Client.java:handleConnectionFailure(948)) - Retrying connect to server: localhost/127.0.0.1:0. Already tried 0 time(s); retry policy is RetryUpToMaximumCountWithFixedSleep(maxRetries=10, sleepTime=1000 MILLISECONDS)
2019-09-25 02:04:36,803 [main] INFO  ipc.Client (Client.java:handleConnectionFailure(948)) - Retrying connect to server: localhost/127.0.0.1:0. Already tried 1 time(s); retry policy is RetryUpToMaximumCountWithFixedSleep(maxRetries=10, sleepTime=1000 MILLISECONDS)
2019-09-25 02:04:37,805 [main] INFO  ipc.Client (Client.java:handleConnectionFailure(948)) - Retrying connect to server: localhost/127.0.0.1:0. Already tried 2 time(s); retry policy is RetryUpToMaximumCountWithFixedSleep(maxRetries=10, sleepTime=1000 MILLISECONDS)
2019-09-25 02:04:38,806 [main] INFO  ipc.Client (Client.java:handleConnectionFailure(948)) - Retrying connect to server: localhost/127.0.0.1:0. Already tried 3 time(s); retry policy is RetryUpToMaximumCountWithFixedSleep(maxRetries=10, sleepTime=1000 MILLISECONDS)
2019-09-25 02:04:39,807 [main] INFO  ipc.Client (Client.java:handleConnectionFailure(948)) - Retrying connect to server: localhost/127.0.0.1:0. Already tried 4 time(s); retry policy is RetryUpToMaximumCountWithFixedSleep(maxRetries=10, sleepTime=1000 MILLISECONDS)
2019-09-25 02:04:40,809 [main] INFO  ipc.Client (Client.java:handleConnectionFailure(948)) - Retrying connect to server: localhost/127.0.0.1:0. Already tried 5 time(s); retry policy is RetryUpToMaximumCountWithFixedSleep(maxRetries=10, sleepTime=1000 MILLISECONDS)
2019-09-25 02:04:41,810 [main] INFO  ipc.Client (Client.java:handleConnectionFailure(948)) - Retrying connect to server: localhost/127.0.0.1:0. Already tried 6 time(s); retry policy is RetryUpToMaximumCountWithFixedSleep(maxRetries=10, sleepTime=1000 MILLISECONDS)
2019-09-25 02:04:42,811 [main] INFO  ipc.Client (Client.java:handleConnectionFailure(948)) - Retrying connect to server: localhost/127.0.0.1:0. Already tried 7 time(s); retry policy is RetryUpToMaximumCountWithFixedSleep(maxRetries=10, sleepTime=1000 MILLISECONDS)
2019-09-25 02:04:43,813 [main] INFO  ipc.Client (Client.java:handleConnectionFailure(948)) - Retrying connect to server: localhost/127.0.0.1:0. Already tried 8 time(s); retry policy is RetryUpToMaximumCountWithFixedSleep(maxRetries=10, sleepTime=1000 MILLISECONDS)
2019-09-25 02:04:44,814 [main] INFO  ipc.Client (Client.java:handleConnectionFailure(948)) - Retrying connect to server: localhost/127.0.0.1:0. Already tried 9 time(s); retry policy is RetryUpToMaximumCountWithFixedSleep(maxRetries=10, sleepTime=1000 MILLISECONDS)
2019-09-25 02:04:44,816 [main] ERROR ha.OMFailoverProxyProvider (OzoneManagerProtocolClientSideTranslatorPB.java:getRetryAction(268)) - Failed to connect to OM. Attempted 10 retries and 10 failovers
2019-09-25 02:04:44,819 [main] ERROR client.OzoneClientFactory (OzoneClientFactory.java:getClientProtocol(259)) - Couldn't create RpcClient protocol exception: 
java.net.ConnectException: Your endpoint configuration is wrong; For more details see:  http://wiki.apache.org/hadoop/UnsetHostnameOrPort
	at sun.reflect.NativeConstructorAccessorImpl.newInstance0(Native Method)
	at sun.reflect.NativeConstructorAccessorImpl.newInstance(NativeConstructorAccessorImpl.java:62)
	at sun.reflect.DelegatingConstructorAccessorImpl.newInstance(DelegatingConstructorAccessorImpl.java:45)
	at java.lang.reflect.Constructor.newInstance(Constructor.java:423)
	at org.apache.hadoop.net.NetUtils.wrapWithMessage(NetUtils.java:831)
	at org.apache.hadoop.net.NetUtils.wrapException(NetUtils.java:751)
	at org.apache.hadoop.ipc.Client.getRpcResponse(Client.java:1515)
	at org.apache.hadoop.ipc.Client.call(Client.java:1457)
	at org.apache.hadoop.ipc.Client.call(Client.java:1367)
	at org.apache.hadoop.ipc.ProtobufRpcEngine$Invoker.invoke(ProtobufRpcEngine.java:228)
	at org.apache.hadoop.ipc.ProtobufRpcEngine$Invoker.invoke(ProtobufRpcEngine.java:116)
	at com.sun.proxy.$Proxy36.submitRequest(Unknown Source)
	at sun.reflect.NativeMethodAccessorImpl.invoke0(Native Method)
	at sun.reflect.NativeMethodAccessorImpl.invoke(NativeMethodAccessorImpl.java:62)
	at sun.reflect.DelegatingMethodAccessorImpl.invoke(DelegatingMethodAccessorImpl.java:43)
	at java.lang.reflect.Method.invoke(Method.java:498)
	at org.apache.hadoop.io.retry.RetryInvocationHandler.invokeMethod(RetryInvocationHandler.java:422)
	at org.apache.hadoop.io.retry.RetryInvocationHandler$Call.invokeMethod(RetryInvocationHandler.java:165)
	at org.apache.hadoop.io.retry.RetryInvocationHandler$Call.invoke(RetryInvocationHandler.java:157)
	at org.apache.hadoop.io.retry.RetryInvocationHandler$Call.invokeOnce(RetryInvocationHandler.java:95)
	at org.apache.hadoop.io.retry.RetryInvocationHandler.invoke(RetryInvocationHandler.java:359)
	at com.sun.proxy.$Proxy36.submitRequest(Unknown Source)
	at org.apache.hadoop.ozone.om.protocolPB.OzoneManagerProtocolClientSideTranslatorPB.submitRequest(OzoneManagerProtocolClientSideTranslatorPB.java:338)
	at org.apache.hadoop.ozone.om.protocolPB.OzoneManagerProtocolClientSideTranslatorPB.getServiceInfo(OzoneManagerProtocolClientSideTranslatorPB.java:1223)
	at sun.reflect.NativeMethodAccessorImpl.invoke0(Native Method)
	at sun.reflect.NativeMethodAccessorImpl.invoke(NativeMethodAccessorImpl.java:62)
	at sun.reflect.DelegatingMethodAccessorImpl.invoke(DelegatingMethodAccessorImpl.java:43)
	at java.lang.reflect.Method.invoke(Method.java:498)
	at org.apache.hadoop.hdds.tracing.TraceAllMethod.invoke(TraceAllMethod.java:66)
	at com.sun.proxy.$Proxy37.getServiceInfo(Unknown Source)
	at org.apache.hadoop.ozone.client.rpc.RpcClient.<init>(RpcClient.java:154)
	at org.apache.hadoop.ozone.client.OzoneClientFactory.getClientProtocol(OzoneClientFactory.java:256)
	at org.apache.hadoop.ozone.client.OzoneClientFactory.getClientProtocol(OzoneClientFactory.java:239)
	at org.apache.hadoop.ozone.client.OzoneClientFactory.getClient(OzoneClientFactory.java:75)
	at org.apache.hadoop.ozone.MiniOzoneClusterImpl.getClient(MiniOzoneClusterImpl.java:212)
	at org.apache.hadoop.ozone.TestDataUtil.createVolumeAndBucket(TestDataUtil.java:51)
	at org.apache.hadoop.ozone.TestDataUtil.createVolumeAndBucket(TestDataUtil.java:93)
	at org.apache.hadoop.fs.ozone.TestOzoneFSInputStream.init(TestOzoneFSInputStream.java:72)
	at sun.reflect.NativeMethodAccessorImpl.invoke0(Native Method)
	at sun.reflect.NativeMethodAccessorImpl.invoke(NativeMethodAccessorImpl.java:62)
	at sun.reflect.DelegatingMethodAccessorImpl.invoke(DelegatingMethodAccessorImpl.java:43)
	at java.lang.reflect.Method.invoke(Method.java:498)
	at org.junit.runners.model.FrameworkMethod$1.runReflectiveCall(FrameworkMethod.java:47)
	at org.junit.internal.runners.model.ReflectiveCallable.run(ReflectiveCallable.java:12)
	at org.junit.runners.model.FrameworkMethod.invokeExplosively(FrameworkMethod.java:44)
	at org.junit.internal.runners.statements.RunBefores.evaluate(RunBefores.java:24)
	at org.junit.internal.runners.statements.RunAfters.evaluate(RunAfters.java:27)
	at org.junit.runners.ParentRunner.run(ParentRunner.java:309)
	at org.apache.maven.surefire.junit4.JUnit4Provider.execute(JUnit4Provider.java:365)
	at org.apache.maven.surefire.junit4.JUnit4Provider.executeWithRerun(JUnit4Provider.java:273)
	at org.apache.maven.surefire.junit4.JUnit4Provider.executeTestSet(JUnit4Provider.java:238)
	at org.apache.maven.surefire.junit4.JUnit4Provider.invoke(JUnit4Provider.java:159)
	at org.apache.maven.surefire.booter.ForkedBooter.invokeProviderInSameClassLoader(ForkedBooter.java:384)
	at org.apache.maven.surefire.booter.ForkedBooter.runSuitesInProcess(ForkedBooter.java:345)
	at org.apache.maven.surefire.booter.ForkedBooter.execute(ForkedBooter.java:126)
	at org.apache.maven.surefire.booter.ForkedBooter.main(ForkedBooter.java:418)
Caused by: java.net.ConnectException: Connection refused
	at sun.nio.ch.SocketChannelImpl.checkConnect(Native Method)
	at sun.nio.ch.SocketChannelImpl.finishConnect(SocketChannelImpl.java:717)
	at org.apache.hadoop.net.SocketIOWithTimeout.connect(SocketIOWithTimeout.java:206)
	at org.apache.hadoop.net.NetUtils.connect(NetUtils.java:531)
	at org.apache.hadoop.ipc.Client$Connection.setupConnection(Client.java:690)
	at org.apache.hadoop.ipc.Client$Connection.setupIOstreams(Client.java:794)
	at org.apache.hadoop.ipc.Client$Connection.access$3700(Client.java:411)
	at org.apache.hadoop.ipc.Client.getConnection(Client.java:1572)
	at org.apache.hadoop.ipc.Client.call(Client.java:1403)
	... 48 more
]]></system-out>
    <system-err><![CDATA[ERROR StatusLogger No Log4j 2 configuration file found. Using default configuration (logging only errors to the console), or user programmatically provided configurations. Set system property 'log4j2.debug' to show Log4j 2 internal initialization logging. See https://logging.apache.org/log4j/2.x/manual/configuration.html for instructions on how to configure Log4j 2
]]></system-err>
  </testcase>
  <testcase name="org.apache.hadoop.fs.ozone.TestOzoneFSInputStream" classname="org.apache.hadoop.fs.ozone.TestOzoneFSInputStream" time="122.541">
    <error type="java.lang.NullPointerException">java.lang.NullPointerException
	at org.apache.hadoop.fs.ozone.TestOzoneFSInputStream.shutdown(TestOzoneFSInputStream.java:96)
	at sun.reflect.NativeMethodAccessorImpl.invoke0(Native Method)
	at sun.reflect.NativeMethodAccessorImpl.invoke(NativeMethodAccessorImpl.java:62)
	at sun.reflect.DelegatingMethodAccessorImpl.invoke(DelegatingMethodAccessorImpl.java:43)
	at java.lang.reflect.Method.invoke(Method.java:498)
	at org.junit.runners.model.FrameworkMethod$1.runReflectiveCall(FrameworkMethod.java:47)
	at org.junit.internal.runners.model.ReflectiveCallable.run(ReflectiveCallable.java:12)
	at org.junit.runners.model.FrameworkMethod.invokeExplosively(FrameworkMethod.java:44)
	at org.junit.internal.runners.statements.RunAfters.evaluate(RunAfters.java:33)
	at org.junit.runners.ParentRunner.run(ParentRunner.java:309)
	at org.apache.maven.surefire.junit4.JUnit4Provider.execute(JUnit4Provider.java:365)
	at org.apache.maven.surefire.junit4.JUnit4Provider.executeWithRerun(JUnit4Provider.java:273)
	at org.apache.maven.surefire.junit4.JUnit4Provider.executeTestSet(JUnit4Provider.java:238)
	at org.apache.maven.surefire.junit4.JUnit4Provider.invoke(JUnit4Provider.java:159)
	at org.apache.maven.surefire.booter.ForkedBooter.invokeProviderInSameClassLoader(ForkedBooter.java:384)
	at org.apache.maven.surefire.booter.ForkedBooter.runSuitesInProcess(ForkedBooter.java:345)
	at org.apache.maven.surefire.booter.ForkedBooter.execute(ForkedBooter.java:126)
	at org.apache.maven.surefire.booter.ForkedBooter.main(ForkedBooter.java:418)
</error>
  </testcase>
</testsuite>