<?xml version="1.0" encoding="UTF-8"?>
<testsuite xmlns:xsi="http://www.w3.org/2001/XMLSchema-instance" xsi:noNamespaceSchemaLocation="https://maven.apache.org/surefire/maven-surefire-plugin/xsd/surefire-test-report.xsd" name="org.apache.hadoop.ozone.client.rpc.TestBlockOutputStreamWithFailures" time="733.946" tests="8" errors="6" skipped="0" failures="0">
  <properties>
    <property name="awt.toolkit" value="sun.awt.X11.XToolkit"/>
    <property name="file.encoding.pkg" value="sun.io"/>
    <property name="java.specification.version" value="1.8"/>
    <property name="sun.cpu.isalist" value=""/>
    <property name="sun.jnu.encoding" value="UTF-8"/>
    <property name="java.class.path" value="/tmp/workdir/hadoop-ozone/integration-test/target/test-classes:/tmp/workdir/hadoop-ozone/integration-test/target/classes:/home/user/.m2/repository/org/apache/hadoop/hadoop-ozone-common/0.5.0-SNAPSHOT/hadoop-ozone-common-0.5.0-SNAPSHOT.jar:/home/user/.m2/repository/org/apache/commons/commons-compress/1.4.1/commons-compress-1.4.1.jar:/home/user/.m2/repository/org/tukaani/xz/1.0/xz-1.0.jar:/home/user/.m2/repository/org/apache/hadoop/hadoop-common/3.2.0/hadoop-common-3.2.0.jar:/home/user/.m2/repository/org/apache/hadoop/hadoop-hdfs/3.2.0/hadoop-hdfs-3.2.0.jar:/home/user/.m2/repository/org/apache/hadoop/hadoop-hdfs-client/3.2.0/hadoop-hdfs-client-3.2.0.jar:/home/user/.m2/repository/com/fasterxml/jackson/core/jackson-annotations/2.9.5/jackson-annotations-2.9.5.jar:/home/user/.m2/repository/org/apache/hadoop/hadoop-hdds-common/0.5.0-SNAPSHOT/hadoop-hdds-common-0.5.0-SNAPSHOT.jar:/home/user/.m2/repository/javax/annotation/javax.annotation-api/1.2/javax.annotation-api-1.2.jar:/home/user/.m2/repository/org/apache/ratis/ratis-server/0.4.0-2337318-SNAPSHOT/ratis-server-0.4.0-2337318-SNAPSHOT.jar:/home/user/.m2/repository/org/apache/ratis/ratis-thirdparty-misc/0.2.0/ratis-thirdparty-misc-0.2.0.jar:/home/user/.m2/repository/org/apache/ratis/ratis-proto/0.4.0-2337318-SNAPSHOT/ratis-proto-0.4.0-2337318-SNAPSHOT.jar:/home/user/.m2/repository/org/apache/ratis/ratis-common/0.4.0-2337318-SNAPSHOT/ratis-common-0.4.0-2337318-SNAPSHOT.jar:/home/user/.m2/repository/org/apache/ratis/ratis-client/0.4.0-2337318-SNAPSHOT/ratis-client-0.4.0-2337318-SNAPSHOT.jar:/home/user/.m2/repository/org/apache/ratis/ratis-metrics/0.4.0-2337318-SNAPSHOT/ratis-metrics-0.4.0-2337318-SNAPSHOT.jar:/home/user/.m2/repository/org/apache/ratis/ratis-netty/0.4.0-2337318-SNAPSHOT/ratis-netty-0.4.0-2337318-SNAPSHOT.jar:/home/user/.m2/repository/org/apache/ratis/ratis-grpc/0.4.0-2337318-SNAPSHOT/ratis-grpc-0.4.0-2337318-SNAPSHOT.jar:/home/user/.m2/repository/org/rocksdb/rocksdbjni/6.0.1/rocksdbjni-6.0.1.jar:/home/user/.m2/repository/org/apache/logging/log4j/log4j-api/2.11.0/log4j-api-2.11.0.jar:/home/user/.m2/repository/org/apache/logging/log4j/log4j-core/2.11.0/log4j-core-2.11.0.jar:/home/user/.m2/repository/com/lmax/disruptor/3.4.2/disruptor-3.4.2.jar:/home/user/.m2/repository/org/apache/commons/commons-pool2/2.6.0/commons-pool2-2.6.0.jar:/home/user/.m2/repository/org/bouncycastle/bcpkix-jdk15on/1.60/bcpkix-jdk15on-1.60.jar:/home/user/.m2/repository/commons-validator/commons-validator/1.6/commons-validator-1.6.jar:/home/user/.m2/repository/commons-digester/commons-digester/1.8.1/commons-digester-1.8.1.jar:/home/user/.m2/repository/io/jaegertracing/jaeger-client/0.33.1/jaeger-client-0.33.1.jar:/home/user/.m2/repository/io/jaegertracing/jaeger-thrift/0.33.1/jaeger-thrift-0.33.1.jar:/home/user/.m2/repository/org/apache/thrift/libthrift/0.11.0/libthrift-0.11.0.jar:/home/user/.m2/repository/com/squareup/okhttp3/okhttp/3.9.0/okhttp-3.9.0.jar:/home/user/.m2/repository/com/squareup/okio/okio/1.13.0/okio-1.13.0.jar:/home/user/.m2/repository/io/jaegertracing/jaeger-core/0.33.1/jaeger-core-0.33.1.jar:/home/user/.m2/repository/io/jaegertracing/jaeger-tracerresolver/0.33.1/jaeger-tracerresolver-0.33.1.jar:/home/user/.m2/repository/io/opentracing/contrib/opentracing-tracerresolver/0.1.5/opentracing-tracerresolver-0.1.5.jar:/home/user/.m2/repository/io/opentracing/opentracing-util/0.31.0/opentracing-util-0.31.0.jar:/home/user/.m2/repository/io/opentracing/opentracing-api/0.31.0/opentracing-api-0.31.0.jar:/home/user/.m2/repository/io/opentracing/opentracing-noop/0.31.0/opentracing-noop-0.31.0.jar:/home/user/.m2/repository/org/apache/hadoop/hadoop-hdds-server-framework/0.5.0-SNAPSHOT/hadoop-hdds-server-framework-0.5.0-SNAPSHOT.jar:/home/user/.m2/repository/org/apache/hadoop/hadoop-hdds-container-service/0.5.0-SNAPSHOT/hadoop-hdds-container-service-0.5.0-SNAPSHOT.jar:/home/user/.m2/repository/org/apache/hadoop/hadoop-hdds-client/0.5.0-SNAPSHOT/hadoop-hdds-client-0.5.0-SNAPSHOT.jar:/home/user/.m2/repository/org/apache/hadoop/hadoop-hdds-tools/0.5.0-SNAPSHOT/hadoop-hdds-tools-0.5.0-SNAPSHOT.jar:/home/user/.m2/repository/org/apache/hadoop/hadoop-hdds-server-scm/0.5.0-SNAPSHOT/hadoop-hdds-server-scm-0.5.0-SNAPSHOT.jar:/home/user/.m2/repository/org/apache/hadoop/hadoop-hdds-docs/0.5.0-SNAPSHOT/hadoop-hdds-docs-0.5.0-SNAPSHOT.jar:/home/user/.m2/repository/io/dropwizard/metrics/metrics-core/3.2.4/metrics-core-3.2.4.jar:/home/user/.m2/repository/org/hamcrest/hamcrest-all/1.3/hamcrest-all-1.3.jar:/home/user/.m2/repository/org/bouncycastle/bcprov-jdk15on/1.60/bcprov-jdk15on-1.60.jar:/home/user/.m2/repository/info/picocli/picocli/3.9.6/picocli-3.9.6.jar:/home/user/.m2/repository/com/google/protobuf/protobuf-java/2.5.0/protobuf-java-2.5.0.jar:/home/user/.m2/repository/com/google/guava/guava/11.0.2/guava-11.0.2.jar:/home/user/.m2/repository/org/apache/hadoop/hadoop-ozone-ozone-manager/0.5.0-SNAPSHOT/hadoop-ozone-ozone-manager-0.5.0-SNAPSHOT.jar:/home/user/.m2/repository/org/apache/hadoop/hadoop-minikdc/3.2.0/hadoop-minikdc-3.2.0.jar:/home/user/.m2/repository/commons-io/commons-io/2.5/commons-io-2.5.jar:/home/user/.m2/repository/org/apache/kerby/kerb-simplekdc/1.0.1/kerb-simplekdc-1.0.1.jar:/home/user/.m2/repository/org/apache/kerby/kerb-client/1.0.1/kerb-client-1.0.1.jar:/home/user/.m2/repository/org/apache/kerby/kerby-config/1.0.1/kerby-config-1.0.1.jar:/home/user/.m2/repository/org/apache/kerby/kerb-core/1.0.1/kerb-core-1.0.1.jar:/home/user/.m2/repository/org/apache/kerby/kerby-pkix/1.0.1/kerby-pkix-1.0.1.jar:/home/user/.m2/repository/org/apache/kerby/kerby-asn1/1.0.1/kerby-asn1-1.0.1.jar:/home/user/.m2/repository/org/apache/kerby/kerby-util/1.0.1/kerby-util-1.0.1.jar:/home/user/.m2/repository/org/apache/kerby/kerb-common/1.0.1/kerb-common-1.0.1.jar:/home/user/.m2/repository/org/apache/kerby/kerb-crypto/1.0.1/kerb-crypto-1.0.1.jar:/home/user/.m2/repository/org/apache/kerby/kerb-util/1.0.1/kerb-util-1.0.1.jar:/home/user/.m2/repository/org/apache/kerby/token-provider/1.0.1/token-provider-1.0.1.jar:/home/user/.m2/repository/org/apache/kerby/kerb-admin/1.0.1/kerb-admin-1.0.1.jar:/home/user/.m2/repository/org/apache/kerby/kerb-server/1.0.1/kerb-server-1.0.1.jar:/home/user/.m2/repository/org/apache/kerby/kerb-identity/1.0.1/kerb-identity-1.0.1.jar:/home/user/.m2/repository/org/apache/kerby/kerby-xdr/1.0.1/kerby-xdr-1.0.1.jar:/home/user/.m2/repository/org/slf4j/slf4j-log4j12/1.7.25/slf4j-log4j12-1.7.25.jar:/home/user/.m2/repository/org/apache/hadoop/hadoop-ozone-objectstore-service/0.5.0-SNAPSHOT/hadoop-ozone-objectstore-service-0.5.0-SNAPSHOT.jar:/home/user/.m2/repository/org/apache/hadoop/hadoop-ozone-s3gateway/0.5.0-SNAPSHOT/hadoop-ozone-s3gateway-0.5.0-SNAPSHOT.jar:/home/user/.m2/repository/org/jboss/weld/servlet/weld-servlet/2.4.7.Final/weld-servlet-2.4.7.Final.jar:/home/user/.m2/repository/org/glassfish/jersey/containers/jersey-container-servlet-core/2.27/jersey-container-servlet-core-2.27.jar:/home/user/.m2/repository/org/glassfish/hk2/external/javax.inject/2.5.0-b42/javax.inject-2.5.0-b42.jar:/home/user/.m2/repository/org/glassfish/jersey/core/jersey-common/2.27/jersey-common-2.27.jar:/home/user/.m2/repository/org/glassfish/hk2/osgi-resource-locator/1.0.1/osgi-resource-locator-1.0.1.jar:/home/user/.m2/repository/javax/ws/rs/javax.ws.rs-api/2.1/javax.ws.rs-api-2.1.jar:/home/user/.m2/repository/org/glassfish/jersey/ext/cdi/jersey-cdi1x/2.27/jersey-cdi1x-2.27.jar:/home/user/.m2/repository/org/glassfish/jersey/inject/jersey-hk2/2.27/jersey-hk2-2.27.jar:/home/user/.m2/repository/org/glassfish/hk2/hk2-locator/2.5.0-b42/hk2-locator-2.5.0-b42.jar:/home/user/.m2/repository/org/javassist/javassist/3.22.0-CR2/javassist-3.22.0-CR2.jar:/home/user/.m2/repository/org/glassfish/hk2/hk2-api/2.5.0/hk2-api-2.5.0.jar:/home/user/.m2/repository/org/glassfish/hk2/external/jakarta.inject/2.5.0/jakarta.inject-2.5.0.jar:/home/user/.m2/repository/org/glassfish/hk2/hk2-utils/2.5.0/hk2-utils-2.5.0.jar:/home/user/.m2/repository/jakarta/annotation/jakarta.annotation-api/1.3.4/jakarta.annotation-api-1.3.4.jar:/home/user/.m2/repository/org/glassfish/hk2/external/aopalliance-repackaged/2.5.0/aopalliance-repackaged-2.5.0.jar:/home/user/.m2/repository/com/fasterxml/jackson/dataformat/jackson-dataformat-xml/2.9.0/jackson-dataformat-xml-2.9.0.jar:/home/user/.m2/repository/com/fasterxml/jackson/core/jackson-core/2.9.5/jackson-core-2.9.5.jar:/home/user/.m2/repository/com/fasterxml/jackson/module/jackson-module-jaxb-annotations/2.9.5/jackson-module-jaxb-annotations-2.9.5.jar:/home/user/.m2/repository/javax/enterprise/cdi-api/1.2/cdi-api-1.2.jar:/home/user/.m2/repository/javax/el/javax.el-api/3.0.0/javax.el-api-3.0.0.jar:/home/user/.m2/repository/javax/interceptor/javax.interceptor-api/1.2/javax.interceptor-api-1.2.jar:/home/user/.m2/repository/javax/inject/javax.inject/1/javax.inject-1.jar:/home/user/.m2/repository/com/sun/xml/bind/jaxb-impl/2.3.0.1/jaxb-impl-2.3.0.1.jar:/home/user/.m2/repository/com/sun/xml/bind/jaxb-core/2.3.0.1/jaxb-core-2.3.0.1.jar:/home/user/.m2/repository/javax/xml/bind/jaxb-api/2.3.0/jaxb-api-2.3.0.jar:/home/user/.m2/repository/javax/activation/activation/1.1.1/activation-1.1.1.jar:/home/user/.m2/repository/org/apache/hadoop/hadoop-ozone-csi/0.5.0-SNAPSHOT/hadoop-ozone-csi-0.5.0-SNAPSHOT.jar:/home/user/.m2/repository/com/google/protobuf/protobuf-java-util/3.5.1/protobuf-java-util-3.5.1.jar:/home/user/.m2/repository/org/apache/hadoop/hadoop-hdds-config/0.5.0-SNAPSHOT/hadoop-hdds-config-0.5.0-SNAPSHOT.jar:/home/user/.m2/repository/io/grpc/grpc-netty/1.17.1/grpc-netty-1.17.1.jar:/home/user/.m2/repository/io/grpc/grpc-core/1.17.1/grpc-core-1.17.1.jar:/home/user/.m2/repository/io/grpc/grpc-context/1.17.1/grpc-context-1.17.1.jar:/home/user/.m2/repository/com/google/errorprone/error_prone_annotations/2.2.0/error_prone_annotations-2.2.0.jar:/home/user/.m2/repository/org/codehaus/mojo/animal-sniffer-annotations/1.17/animal-sniffer-annotations-1.17.jar:/home/user/.m2/repository/io/opencensus/opencensus-api/0.17.0/opencensus-api-0.17.0.jar:/home/user/.m2/repository/io/opencensus/opencensus-contrib-grpc-metrics/0.17.0/opencensus-contrib-grpc-metrics-0.17.0.jar:/home/user/.m2/repository/io/netty/netty-codec-http2/4.1.30.Final/netty-codec-http2-4.1.30.Final.jar:/home/user/.m2/repository/io/netty/netty-codec-http/4.1.30.Final/netty-codec-http-4.1.30.Final.jar:/home/user/.m2/repository/io/netty/netty-codec/4.1.30.Final/netty-codec-4.1.30.Final.jar:/home/user/.m2/repository/io/netty/netty-handler/4.1.30.Final/netty-handler-4.1.30.Final.jar:/home/user/.m2/repository/io/netty/netty-handler-proxy/4.1.30.Final/netty-handler-proxy-4.1.30.Final.jar:/home/user/.m2/repository/io/netty/netty-codec-socks/4.1.30.Final/netty-codec-socks-4.1.30.Final.jar:/home/user/.m2/repository/io/netty/netty-transport-native-epoll/4.1.30.Final/netty-transport-native-epoll-4.1.30.Final.jar:/home/user/.m2/repository/io/netty/netty-common/4.1.30.Final/netty-common-4.1.30.Final.jar:/home/user/.m2/repository/io/netty/netty-buffer/4.1.30.Final/netty-buffer-4.1.30.Final.jar:/home/user/.m2/repository/io/netty/netty-transport/4.1.30.Final/netty-transport-4.1.30.Final.jar:/home/user/.m2/repository/io/netty/netty-resolver/4.1.30.Final/netty-resolver-4.1.30.Final.jar:/home/user/.m2/repository/io/netty/netty-transport-native-unix-common/4.1.30.Final/netty-transport-native-unix-common-4.1.30.Final.jar:/home/user/.m2/repository/io/grpc/grpc-protobuf/1.17.1/grpc-protobuf-1.17.1.jar:/home/user/.m2/repository/com/google/api/grpc/proto-google-common-protos/1.0.0/proto-google-common-protos-1.0.0.jar:/home/user/.m2/repository/io/grpc/grpc-protobuf-lite/1.17.1/grpc-protobuf-lite-1.17.1.jar:/home/user/.m2/repository/io/grpc/grpc-stub/1.17.1/grpc-stub-1.17.1.jar:/home/user/.m2/repository/org/apache/hadoop/hadoop-ozone-recon/0.5.0-SNAPSHOT/hadoop-ozone-recon-0.5.0-SNAPSHOT.jar:/home/user/.m2/repository/org/apache/hadoop/hadoop-ozone-reconcodegen/0.5.0-SNAPSHOT/hadoop-ozone-reconcodegen-0.5.0-SNAPSHOT.jar:/home/user/.m2/repository/com/google/inject/extensions/guice-multibindings/4.0/guice-multibindings-4.0.jar:/home/user/.m2/repository/com/google/inject/guice/4.0/guice-4.0.jar:/home/user/.m2/repository/aopalliance/aopalliance/1.0/aopalliance-1.0.jar:/home/user/.m2/repository/com/google/inject/extensions/guice-servlet/4.0/guice-servlet-4.0.jar:/home/user/.m2/repository/org/glassfish/jersey/containers/jersey-container-servlet/2.27/jersey-container-servlet-2.27.jar:/home/user/.m2/repository/org/glassfish/hk2/guice-bridge/2.5.0/guice-bridge-2.5.0.jar:/home/user/.m2/repository/org/glassfish/jersey/core/jersey-server/2.27/jersey-server-2.27.jar:/home/user/.m2/repository/org/glassfish/jersey/core/jersey-client/2.27/jersey-client-2.27.jar:/home/user/.m2/repository/org/glassfish/jersey/media/jersey-media-jaxb/2.27/jersey-media-jaxb-2.27.jar:/home/user/.m2/repository/javax/validation/validation-api/1.1.0.Final/validation-api-1.1.0.Final.jar:/home/user/.m2/repository/org/glassfish/jersey/media/jersey-media-json-jackson/2.27/jersey-media-json-jackson-2.27.jar:/home/user/.m2/repository/org/glassfish/jersey/ext/jersey-entity-filtering/2.27/jersey-entity-filtering-2.27.jar:/home/user/.m2/repository/com/google/inject/extensions/guice-assistedinject/4.0/guice-assistedinject-4.0.jar:/home/user/.m2/repository/org/jooq/jooq/3.11.10/jooq-3.11.10.jar:/home/user/.m2/repository/org/jooq/jooq-meta/3.11.10/jooq-meta-3.11.10.jar:/home/user/.m2/repository/org/jooq/jooq-codegen/3.11.10/jooq-codegen-3.11.10.jar:/home/user/.m2/repository/com/jolbox/bonecp/0.8.0.RELEASE/bonecp-0.8.0.RELEASE.jar:/home/user/.m2/repository/org/xerial/sqlite-jdbc/3.25.2/sqlite-jdbc-3.25.2.jar:/home/user/.m2/repository/org/springframework/spring-jdbc/5.1.3.RELEASE/spring-jdbc-5.1.3.RELEASE.jar:/home/user/.m2/repository/org/springframework/spring-beans/5.1.3.RELEASE/spring-beans-5.1.3.RELEASE.jar:/home/user/.m2/repository/org/springframework/spring-core/5.1.3.RELEASE/spring-core-5.1.3.RELEASE.jar:/home/user/.m2/repository/org/springframework/spring-jcl/5.1.3.RELEASE/spring-jcl-5.1.3.RELEASE.jar:/home/user/.m2/repository/org/springframework/spring-tx/5.1.3.RELEASE/spring-tx-5.1.3.RELEASE.jar:/home/user/.m2/repository/org/apache/hadoop/hadoop-ozone-client/0.5.0-SNAPSHOT/hadoop-ozone-client-0.5.0-SNAPSHOT.jar:/home/user/.m2/repository/commons-lang/commons-lang/2.6/commons-lang-2.6.jar:/home/user/.m2/repository/org/apache/hadoop/hadoop-ozone-ozone-manager/0.5.0-SNAPSHOT/hadoop-ozone-ozone-manager-0.5.0-SNAPSHOT-tests.jar:/home/user/.m2/repository/junit/junit/4.11/junit-4.11.jar:/home/user/.m2/repository/org/hamcrest/hamcrest-core/1.3/hamcrest-core-1.3.jar:/home/user/.m2/repository/org/openjdk/jmh/jmh-core/1.19/jmh-core-1.19.jar:/home/user/.m2/repository/net/sf/jopt-simple/jopt-simple/4.6/jopt-simple-4.6.jar:/home/user/.m2/repository/org/apache/commons/commons-math3/3.1.1/commons-math3-3.1.1.jar:/home/user/.m2/repository/org/openjdk/jmh/jmh-generator-annprocess/1.19/jmh-generator-annprocess-1.19.jar:/home/user/.m2/repository/org/mockito/mockito-all/1.8.5/mockito-all-1.8.5.jar:/home/user/.m2/repository/org/apache/hadoop/hadoop-kms/3.2.0/hadoop-kms-3.2.0.jar:/home/user/.m2/repository/org/apache/hadoop/hadoop-auth/3.2.0/hadoop-auth-3.2.0.jar:/home/user/.m2/repository/com/nimbusds/nimbus-jose-jwt/4.41.1/nimbus-jose-jwt-4.41.1.jar:/home/user/.m2/repository/com/github/stephenc/jcip/jcip-annotations/1.0-1/jcip-annotations-1.0-1.jar:/home/user/.m2/repository/net/minidev/json-smart/2.3/json-smart-2.3.jar:/home/user/.m2/repository/net/minidev/accessors-smart/1.2/accessors-smart-1.2.jar:/home/user/.m2/repository/org/ow2/asm/asm/5.0.4/asm-5.0.4.jar:/home/user/.m2/repository/org/apache/curator/curator-framework/2.12.0/curator-framework-2.12.0.jar:/home/user/.m2/repository/com/sun/jersey/jersey-core/1.19/jersey-core-1.19.jar:/home/user/.m2/repository/javax/ws/rs/jsr311-api/1.1.1/jsr311-api-1.1.1.jar:/home/user/.m2/repository/com/sun/jersey/jersey-server/1.19/jersey-server-1.19.jar:/home/user/.m2/repository/javax/servlet/javax.servlet-api/3.1.0/javax.servlet-api-3.1.0.jar:/home/user/.m2/repository/org/eclipse/jetty/jetty-server/9.3.24.v20180605/jetty-server-9.3.24.v20180605.jar:/home/user/.m2/repository/org/eclipse/jetty/jetty-http/9.3.24.v20180605/jetty-http-9.3.24.v20180605.jar:/home/user/.m2/repository/org/eclipse/jetty/jetty-io/9.3.24.v20180605/jetty-io-9.3.24.v20180605.jar:/home/user/.m2/repository/org/eclipse/jetty/jetty-webapp/9.3.24.v20180605/jetty-webapp-9.3.24.v20180605.jar:/home/user/.m2/repository/org/eclipse/jetty/jetty-xml/9.3.24.v20180605/jetty-xml-9.3.24.v20180605.jar:/home/user/.m2/repository/log4j/log4j/1.2.17/log4j-1.2.17.jar:/home/user/.m2/repository/org/slf4j/slf4j-api/1.7.25/slf4j-api-1.7.25.jar:/home/user/.m2/repository/org/slf4j/jul-to-slf4j/1.7.25/jul-to-slf4j-1.7.25.jar:/home/user/.m2/repository/org/eclipse/jetty/jetty-util/9.3.24.v20180605/jetty-util-9.3.24.v20180605.jar:/home/user/.m2/repository/com/fasterxml/jackson/core/jackson-databind/2.9.5/jackson-databind-2.9.5.jar:/home/user/.m2/repository/org/apache/hadoop/hadoop-kms/3.2.0/hadoop-kms-3.2.0-tests.jar:/home/user/.m2/repository/org/apache/hadoop/hadoop-hdds-server-scm/0.5.0-SNAPSHOT/hadoop-hdds-server-scm-0.5.0-SNAPSHOT-tests.jar:/home/user/.m2/repository/org/apache/hadoop/hadoop-hdds-container-service/0.5.0-SNAPSHOT/hadoop-hdds-container-service-0.5.0-SNAPSHOT-tests.jar:/home/user/.m2/repository/org/yaml/snakeyaml/1.16/snakeyaml-1.16.jar:/home/user/.m2/repository/org/apache/hadoop/hadoop-common/3.2.0/hadoop-common-3.2.0-tests.jar:/home/user/.m2/repository/org/apache/hadoop/hadoop-annotations/3.2.0/hadoop-annotations-3.2.0.jar:/usr/lib/jvm/java-1.8-openjdk/jre/../lib/tools.jar:/home/user/.m2/repository/commons-cli/commons-cli/1.2/commons-cli-1.2.jar:/home/user/.m2/repository/org/apache/httpcomponents/httpclient/4.5.2/httpclient-4.5.2.jar:/home/user/.m2/repository/org/apache/httpcomponents/httpcore/4.4.4/httpcore-4.4.4.jar:/home/user/.m2/repository/commons-codec/commons-codec/1.11/commons-codec-1.11.jar:/home/user/.m2/repository/commons-net/commons-net/3.6/commons-net-3.6.jar:/home/user/.m2/repository/commons-collections/commons-collections/3.2.2/commons-collections-3.2.2.jar:/home/user/.m2/repository/org/eclipse/jetty/jetty-servlet/9.3.24.v20180605/jetty-servlet-9.3.24.v20180605.jar:/home/user/.m2/repository/org/eclipse/jetty/jetty-security/9.3.24.v20180605/jetty-security-9.3.24.v20180605.jar:/home/user/.m2/repository/javax/servlet/jsp/jsp-api/2.1/jsp-api-2.1.jar:/home/user/.m2/repository/com/sun/jersey/jersey-servlet/1.19/jersey-servlet-1.19.jar:/home/user/.m2/repository/com/sun/jersey/jersey-json/1.19/jersey-json-1.19.jar:/home/user/.m2/repository/org/codehaus/jettison/jettison/1.1/jettison-1.1.jar:/home/user/.m2/repository/org/codehaus/jackson/jackson-core-asl/1.9.13/jackson-core-asl-1.9.13.jar:/home/user/.m2/repository/org/codehaus/jackson/jackson-mapper-asl/1.9.13/jackson-mapper-asl-1.9.13.jar:/home/user/.m2/repository/org/codehaus/jackson/jackson-jaxrs/1.9.13/jackson-jaxrs-1.9.13.jar:/home/user/.m2/repository/org/codehaus/jackson/jackson-xc/1.9.13/jackson-xc-1.9.13.jar:/home/user/.m2/repository/commons-logging/commons-logging/1.1.3/commons-logging-1.1.3.jar:/home/user/.m2/repository/commons-beanutils/commons-beanutils/1.9.3/commons-beanutils-1.9.3.jar:/home/user/.m2/repository/org/apache/commons/commons-configuration2/2.1.1/commons-configuration2-2.1.1.jar:/home/user/.m2/repository/org/apache/commons/commons-lang3/3.7/commons-lang3-3.7.jar:/home/user/.m2/repository/org/apache/commons/commons-text/1.4/commons-text-1.4.jar:/home/user/.m2/repository/org/apache/avro/avro/1.7.7/avro-1.7.7.jar:/home/user/.m2/repository/com/thoughtworks/paranamer/paranamer/2.3/paranamer-2.3.jar:/home/user/.m2/repository/org/xerial/snappy/snappy-java/1.0.5/snappy-java-1.0.5.jar:/home/user/.m2/repository/com/google/re2j/re2j/1.1/re2j-1.1.jar:/home/user/.m2/repository/com/google/code/gson/gson/2.2.4/gson-2.2.4.jar:/home/user/.m2/repository/com/jcraft/jsch/0.1.54/jsch-0.1.54.jar:/home/user/.m2/repository/org/apache/curator/curator-client/2.12.0/curator-client-2.12.0.jar:/home/user/.m2/repository/org/apache/curator/curator-recipes/2.12.0/curator-recipes-2.12.0.jar:/home/user/.m2/repository/com/google/code/findbugs/jsr305/3.0.0/jsr305-3.0.0.jar:/home/user/.m2/repository/org/apache/htrace/htrace-core4/4.1.0-incubating/htrace-core4-4.1.0-incubating.jar:/home/user/.m2/repository/org/apache/zookeeper/zookeeper/3.4.13/zookeeper-3.4.13.jar:/home/user/.m2/repository/org/apache/yetus/audience-annotations/0.5.0/audience-annotations-0.5.0.jar:/home/user/.m2/repository/org/codehaus/woodstox/stax2-api/3.1.4/stax2-api-3.1.4.jar:/home/user/.m2/repository/com/fasterxml/woodstox/woodstox-core/5.0.3/woodstox-core-5.0.3.jar:/home/user/.m2/repository/dnsjava/dnsjava/2.1.7/dnsjava-2.1.7.jar:/home/user/.m2/repository/org/apache/hadoop/hadoop-hdfs/3.2.0/hadoop-hdfs-3.2.0-tests.jar:/home/user/.m2/repository/org/eclipse/jetty/jetty-util-ajax/9.3.24.v20180605/jetty-util-ajax-9.3.24.v20180605.jar:/home/user/.m2/repository/commons-daemon/commons-daemon/1.0.13/commons-daemon-1.0.13.jar:/home/user/.m2/repository/io/netty/netty/3.10.5.Final/netty-3.10.5.Final.jar:/home/user/.m2/repository/io/netty/netty-all/4.0.52.Final/netty-all-4.0.52.Final.jar:/home/user/.m2/repository/org/fusesource/leveldbjni/leveldbjni-all/1.8/leveldbjni-all-1.8.jar:"/>
    <property name="java.vm.vendor" value="IcedTea"/>
    <property name="sun.arch.data.model" value="64"/>
    <property name="test.build.dir" value="/tmp/workdir/hadoop-ozone/integration-test/target/test-dir"/>
    <property name="test.cache.data" value=""/>
    <property name="java.vendor.url" value="https://icedtea.classpath.org"/>
    <property name="user.timezone" value=""/>
    <property name="java.vm.specification.version" value="1.8"/>
    <property name="os.name" value="Linux"/>
    <property name="test.build.data" value="/tmp/workdir/hadoop-ozone/integration-test/target/test-dir"/>
    <property name="user.country" value="US"/>
    <property name="sun.java.launcher" value="SUN_STANDARD"/>
    <property name="sun.boot.library.path" value="/usr/lib/jvm/java-1.8-openjdk/jre/lib/amd64"/>
    <property name="sun.java.command" value="/tmp/workdir/hadoop-ozone/integration-test/target/surefire/surefirebooter5554266900104051252.jar /tmp/workdir/hadoop-ozone/integration-test/target/surefire 2019-07-13T12-10-24_472-jvmRun1 surefire1564563851941759684tmp surefire_287735823181741559704tmp"/>
    <property name="surefire.test.class.path" value="/tmp/workdir/hadoop-ozone/integration-test/target/test-classes:/tmp/workdir/hadoop-ozone/integration-test/target/classes:/home/user/.m2/repository/org/apache/hadoop/hadoop-ozone-common/0.5.0-SNAPSHOT/hadoop-ozone-common-0.5.0-SNAPSHOT.jar:/home/user/.m2/repository/org/apache/commons/commons-compress/1.4.1/commons-compress-1.4.1.jar:/home/user/.m2/repository/org/tukaani/xz/1.0/xz-1.0.jar:/home/user/.m2/repository/org/apache/hadoop/hadoop-common/3.2.0/hadoop-common-3.2.0.jar:/home/user/.m2/repository/org/apache/hadoop/hadoop-hdfs/3.2.0/hadoop-hdfs-3.2.0.jar:/home/user/.m2/repository/org/apache/hadoop/hadoop-hdfs-client/3.2.0/hadoop-hdfs-client-3.2.0.jar:/home/user/.m2/repository/com/fasterxml/jackson/core/jackson-annotations/2.9.5/jackson-annotations-2.9.5.jar:/home/user/.m2/repository/org/apache/hadoop/hadoop-hdds-common/0.5.0-SNAPSHOT/hadoop-hdds-common-0.5.0-SNAPSHOT.jar:/home/user/.m2/repository/javax/annotation/javax.annotation-api/1.2/javax.annotation-api-1.2.jar:/home/user/.m2/repository/org/apache/ratis/ratis-server/0.4.0-2337318-SNAPSHOT/ratis-server-0.4.0-2337318-SNAPSHOT.jar:/home/user/.m2/repository/org/apache/ratis/ratis-thirdparty-misc/0.2.0/ratis-thirdparty-misc-0.2.0.jar:/home/user/.m2/repository/org/apache/ratis/ratis-proto/0.4.0-2337318-SNAPSHOT/ratis-proto-0.4.0-2337318-SNAPSHOT.jar:/home/user/.m2/repository/org/apache/ratis/ratis-common/0.4.0-2337318-SNAPSHOT/ratis-common-0.4.0-2337318-SNAPSHOT.jar:/home/user/.m2/repository/org/apache/ratis/ratis-client/0.4.0-2337318-SNAPSHOT/ratis-client-0.4.0-2337318-SNAPSHOT.jar:/home/user/.m2/repository/org/apache/ratis/ratis-metrics/0.4.0-2337318-SNAPSHOT/ratis-metrics-0.4.0-2337318-SNAPSHOT.jar:/home/user/.m2/repository/org/apache/ratis/ratis-netty/0.4.0-2337318-SNAPSHOT/ratis-netty-0.4.0-2337318-SNAPSHOT.jar:/home/user/.m2/repository/org/apache/ratis/ratis-grpc/0.4.0-2337318-SNAPSHOT/ratis-grpc-0.4.0-2337318-SNAPSHOT.jar:/home/user/.m2/repository/org/rocksdb/rocksdbjni/6.0.1/rocksdbjni-6.0.1.jar:/home/user/.m2/repository/org/apache/logging/log4j/log4j-api/2.11.0/log4j-api-2.11.0.jar:/home/user/.m2/repository/org/apache/logging/log4j/log4j-core/2.11.0/log4j-core-2.11.0.jar:/home/user/.m2/repository/com/lmax/disruptor/3.4.2/disruptor-3.4.2.jar:/home/user/.m2/repository/org/apache/commons/commons-pool2/2.6.0/commons-pool2-2.6.0.jar:/home/user/.m2/repository/org/bouncycastle/bcpkix-jdk15on/1.60/bcpkix-jdk15on-1.60.jar:/home/user/.m2/repository/commons-validator/commons-validator/1.6/commons-validator-1.6.jar:/home/user/.m2/repository/commons-digester/commons-digester/1.8.1/commons-digester-1.8.1.jar:/home/user/.m2/repository/io/jaegertracing/jaeger-client/0.33.1/jaeger-client-0.33.1.jar:/home/user/.m2/repository/io/jaegertracing/jaeger-thrift/0.33.1/jaeger-thrift-0.33.1.jar:/home/user/.m2/repository/org/apache/thrift/libthrift/0.11.0/libthrift-0.11.0.jar:/home/user/.m2/repository/com/squareup/okhttp3/okhttp/3.9.0/okhttp-3.9.0.jar:/home/user/.m2/repository/com/squareup/okio/okio/1.13.0/okio-1.13.0.jar:/home/user/.m2/repository/io/jaegertracing/jaeger-core/0.33.1/jaeger-core-0.33.1.jar:/home/user/.m2/repository/io/jaegertracing/jaeger-tracerresolver/0.33.1/jaeger-tracerresolver-0.33.1.jar:/home/user/.m2/repository/io/opentracing/contrib/opentracing-tracerresolver/0.1.5/opentracing-tracerresolver-0.1.5.jar:/home/user/.m2/repository/io/opentracing/opentracing-util/0.31.0/opentracing-util-0.31.0.jar:/home/user/.m2/repository/io/opentracing/opentracing-api/0.31.0/opentracing-api-0.31.0.jar:/home/user/.m2/repository/io/opentracing/opentracing-noop/0.31.0/opentracing-noop-0.31.0.jar:/home/user/.m2/repository/org/apache/hadoop/hadoop-hdds-server-framework/0.5.0-SNAPSHOT/hadoop-hdds-server-framework-0.5.0-SNAPSHOT.jar:/home/user/.m2/repository/org/apache/hadoop/hadoop-hdds-container-service/0.5.0-SNAPSHOT/hadoop-hdds-container-service-0.5.0-SNAPSHOT.jar:/home/user/.m2/repository/org/apache/hadoop/hadoop-hdds-client/0.5.0-SNAPSHOT/hadoop-hdds-client-0.5.0-SNAPSHOT.jar:/home/user/.m2/repository/org/apache/hadoop/hadoop-hdds-tools/0.5.0-SNAPSHOT/hadoop-hdds-tools-0.5.0-SNAPSHOT.jar:/home/user/.m2/repository/org/apache/hadoop/hadoop-hdds-server-scm/0.5.0-SNAPSHOT/hadoop-hdds-server-scm-0.5.0-SNAPSHOT.jar:/home/user/.m2/repository/org/apache/hadoop/hadoop-hdds-docs/0.5.0-SNAPSHOT/hadoop-hdds-docs-0.5.0-SNAPSHOT.jar:/home/user/.m2/repository/io/dropwizard/metrics/metrics-core/3.2.4/metrics-core-3.2.4.jar:/home/user/.m2/repository/org/hamcrest/hamcrest-all/1.3/hamcrest-all-1.3.jar:/home/user/.m2/repository/org/bouncycastle/bcprov-jdk15on/1.60/bcprov-jdk15on-1.60.jar:/home/user/.m2/repository/info/picocli/picocli/3.9.6/picocli-3.9.6.jar:/home/user/.m2/repository/com/google/protobuf/protobuf-java/2.5.0/protobuf-java-2.5.0.jar:/home/user/.m2/repository/com/google/guava/guava/11.0.2/guava-11.0.2.jar:/home/user/.m2/repository/org/apache/hadoop/hadoop-ozone-ozone-manager/0.5.0-SNAPSHOT/hadoop-ozone-ozone-manager-0.5.0-SNAPSHOT.jar:/home/user/.m2/repository/org/apache/hadoop/hadoop-minikdc/3.2.0/hadoop-minikdc-3.2.0.jar:/home/user/.m2/repository/commons-io/commons-io/2.5/commons-io-2.5.jar:/home/user/.m2/repository/org/apache/kerby/kerb-simplekdc/1.0.1/kerb-simplekdc-1.0.1.jar:/home/user/.m2/repository/org/apache/kerby/kerb-client/1.0.1/kerb-client-1.0.1.jar:/home/user/.m2/repository/org/apache/kerby/kerby-config/1.0.1/kerby-config-1.0.1.jar:/home/user/.m2/repository/org/apache/kerby/kerb-core/1.0.1/kerb-core-1.0.1.jar:/home/user/.m2/repository/org/apache/kerby/kerby-pkix/1.0.1/kerby-pkix-1.0.1.jar:/home/user/.m2/repository/org/apache/kerby/kerby-asn1/1.0.1/kerby-asn1-1.0.1.jar:/home/user/.m2/repository/org/apache/kerby/kerby-util/1.0.1/kerby-util-1.0.1.jar:/home/user/.m2/repository/org/apache/kerby/kerb-common/1.0.1/kerb-common-1.0.1.jar:/home/user/.m2/repository/org/apache/kerby/kerb-crypto/1.0.1/kerb-crypto-1.0.1.jar:/home/user/.m2/repository/org/apache/kerby/kerb-util/1.0.1/kerb-util-1.0.1.jar:/home/user/.m2/repository/org/apache/kerby/token-provider/1.0.1/token-provider-1.0.1.jar:/home/user/.m2/repository/org/apache/kerby/kerb-admin/1.0.1/kerb-admin-1.0.1.jar:/home/user/.m2/repository/org/apache/kerby/kerb-server/1.0.1/kerb-server-1.0.1.jar:/home/user/.m2/repository/org/apache/kerby/kerb-identity/1.0.1/kerb-identity-1.0.1.jar:/home/user/.m2/repository/org/apache/kerby/kerby-xdr/1.0.1/kerby-xdr-1.0.1.jar:/home/user/.m2/repository/org/slf4j/slf4j-log4j12/1.7.25/slf4j-log4j12-1.7.25.jar:/home/user/.m2/repository/org/apache/hadoop/hadoop-ozone-objectstore-service/0.5.0-SNAPSHOT/hadoop-ozone-objectstore-service-0.5.0-SNAPSHOT.jar:/home/user/.m2/repository/org/apache/hadoop/hadoop-ozone-s3gateway/0.5.0-SNAPSHOT/hadoop-ozone-s3gateway-0.5.0-SNAPSHOT.jar:/home/user/.m2/repository/org/jboss/weld/servlet/weld-servlet/2.4.7.Final/weld-servlet-2.4.7.Final.jar:/home/user/.m2/repository/org/glassfish/jersey/containers/jersey-container-servlet-core/2.27/jersey-container-servlet-core-2.27.jar:/home/user/.m2/repository/org/glassfish/hk2/external/javax.inject/2.5.0-b42/javax.inject-2.5.0-b42.jar:/home/user/.m2/repository/org/glassfish/jersey/core/jersey-common/2.27/jersey-common-2.27.jar:/home/user/.m2/repository/org/glassfish/hk2/osgi-resource-locator/1.0.1/osgi-resource-locator-1.0.1.jar:/home/user/.m2/repository/javax/ws/rs/javax.ws.rs-api/2.1/javax.ws.rs-api-2.1.jar:/home/user/.m2/repository/org/glassfish/jersey/ext/cdi/jersey-cdi1x/2.27/jersey-cdi1x-2.27.jar:/home/user/.m2/repository/org/glassfish/jersey/inject/jersey-hk2/2.27/jersey-hk2-2.27.jar:/home/user/.m2/repository/org/glassfish/hk2/hk2-locator/2.5.0-b42/hk2-locator-2.5.0-b42.jar:/home/user/.m2/repository/org/javassist/javassist/3.22.0-CR2/javassist-3.22.0-CR2.jar:/home/user/.m2/repository/org/glassfish/hk2/hk2-api/2.5.0/hk2-api-2.5.0.jar:/home/user/.m2/repository/org/glassfish/hk2/external/jakarta.inject/2.5.0/jakarta.inject-2.5.0.jar:/home/user/.m2/repository/org/glassfish/hk2/hk2-utils/2.5.0/hk2-utils-2.5.0.jar:/home/user/.m2/repository/jakarta/annotation/jakarta.annotation-api/1.3.4/jakarta.annotation-api-1.3.4.jar:/home/user/.m2/repository/org/glassfish/hk2/external/aopalliance-repackaged/2.5.0/aopalliance-repackaged-2.5.0.jar:/home/user/.m2/repository/com/fasterxml/jackson/dataformat/jackson-dataformat-xml/2.9.0/jackson-dataformat-xml-2.9.0.jar:/home/user/.m2/repository/com/fasterxml/jackson/core/jackson-core/2.9.5/jackson-core-2.9.5.jar:/home/user/.m2/repository/com/fasterxml/jackson/module/jackson-module-jaxb-annotations/2.9.5/jackson-module-jaxb-annotations-2.9.5.jar:/home/user/.m2/repository/javax/enterprise/cdi-api/1.2/cdi-api-1.2.jar:/home/user/.m2/repository/javax/el/javax.el-api/3.0.0/javax.el-api-3.0.0.jar:/home/user/.m2/repository/javax/interceptor/javax.interceptor-api/1.2/javax.interceptor-api-1.2.jar:/home/user/.m2/repository/javax/inject/javax.inject/1/javax.inject-1.jar:/home/user/.m2/repository/com/sun/xml/bind/jaxb-impl/2.3.0.1/jaxb-impl-2.3.0.1.jar:/home/user/.m2/repository/com/sun/xml/bind/jaxb-core/2.3.0.1/jaxb-core-2.3.0.1.jar:/home/user/.m2/repository/javax/xml/bind/jaxb-api/2.3.0/jaxb-api-2.3.0.jar:/home/user/.m2/repository/javax/activation/activation/1.1.1/activation-1.1.1.jar:/home/user/.m2/repository/org/apache/hadoop/hadoop-ozone-csi/0.5.0-SNAPSHOT/hadoop-ozone-csi-0.5.0-SNAPSHOT.jar:/home/user/.m2/repository/com/google/protobuf/protobuf-java-util/3.5.1/protobuf-java-util-3.5.1.jar:/home/user/.m2/repository/org/apache/hadoop/hadoop-hdds-config/0.5.0-SNAPSHOT/hadoop-hdds-config-0.5.0-SNAPSHOT.jar:/home/user/.m2/repository/io/grpc/grpc-netty/1.17.1/grpc-netty-1.17.1.jar:/home/user/.m2/repository/io/grpc/grpc-core/1.17.1/grpc-core-1.17.1.jar:/home/user/.m2/repository/io/grpc/grpc-context/1.17.1/grpc-context-1.17.1.jar:/home/user/.m2/repository/com/google/errorprone/error_prone_annotations/2.2.0/error_prone_annotations-2.2.0.jar:/home/user/.m2/repository/org/codehaus/mojo/animal-sniffer-annotations/1.17/animal-sniffer-annotations-1.17.jar:/home/user/.m2/repository/io/opencensus/opencensus-api/0.17.0/opencensus-api-0.17.0.jar:/home/user/.m2/repository/io/opencensus/opencensus-contrib-grpc-metrics/0.17.0/opencensus-contrib-grpc-metrics-0.17.0.jar:/home/user/.m2/repository/io/netty/netty-codec-http2/4.1.30.Final/netty-codec-http2-4.1.30.Final.jar:/home/user/.m2/repository/io/netty/netty-codec-http/4.1.30.Final/netty-codec-http-4.1.30.Final.jar:/home/user/.m2/repository/io/netty/netty-codec/4.1.30.Final/netty-codec-4.1.30.Final.jar:/home/user/.m2/repository/io/netty/netty-handler/4.1.30.Final/netty-handler-4.1.30.Final.jar:/home/user/.m2/repository/io/netty/netty-handler-proxy/4.1.30.Final/netty-handler-proxy-4.1.30.Final.jar:/home/user/.m2/repository/io/netty/netty-codec-socks/4.1.30.Final/netty-codec-socks-4.1.30.Final.jar:/home/user/.m2/repository/io/netty/netty-transport-native-epoll/4.1.30.Final/netty-transport-native-epoll-4.1.30.Final.jar:/home/user/.m2/repository/io/netty/netty-common/4.1.30.Final/netty-common-4.1.30.Final.jar:/home/user/.m2/repository/io/netty/netty-buffer/4.1.30.Final/netty-buffer-4.1.30.Final.jar:/home/user/.m2/repository/io/netty/netty-transport/4.1.30.Final/netty-transport-4.1.30.Final.jar:/home/user/.m2/repository/io/netty/netty-resolver/4.1.30.Final/netty-resolver-4.1.30.Final.jar:/home/user/.m2/repository/io/netty/netty-transport-native-unix-common/4.1.30.Final/netty-transport-native-unix-common-4.1.30.Final.jar:/home/user/.m2/repository/io/grpc/grpc-protobuf/1.17.1/grpc-protobuf-1.17.1.jar:/home/user/.m2/repository/com/google/api/grpc/proto-google-common-protos/1.0.0/proto-google-common-protos-1.0.0.jar:/home/user/.m2/repository/io/grpc/grpc-protobuf-lite/1.17.1/grpc-protobuf-lite-1.17.1.jar:/home/user/.m2/repository/io/grpc/grpc-stub/1.17.1/grpc-stub-1.17.1.jar:/home/user/.m2/repository/org/apache/hadoop/hadoop-ozone-recon/0.5.0-SNAPSHOT/hadoop-ozone-recon-0.5.0-SNAPSHOT.jar:/home/user/.m2/repository/org/apache/hadoop/hadoop-ozone-reconcodegen/0.5.0-SNAPSHOT/hadoop-ozone-reconcodegen-0.5.0-SNAPSHOT.jar:/home/user/.m2/repository/com/google/inject/extensions/guice-multibindings/4.0/guice-multibindings-4.0.jar:/home/user/.m2/repository/com/google/inject/guice/4.0/guice-4.0.jar:/home/user/.m2/repository/aopalliance/aopalliance/1.0/aopalliance-1.0.jar:/home/user/.m2/repository/com/google/inject/extensions/guice-servlet/4.0/guice-servlet-4.0.jar:/home/user/.m2/repository/org/glassfish/jersey/containers/jersey-container-servlet/2.27/jersey-container-servlet-2.27.jar:/home/user/.m2/repository/org/glassfish/hk2/guice-bridge/2.5.0/guice-bridge-2.5.0.jar:/home/user/.m2/repository/org/glassfish/jersey/core/jersey-server/2.27/jersey-server-2.27.jar:/home/user/.m2/repository/org/glassfish/jersey/core/jersey-client/2.27/jersey-client-2.27.jar:/home/user/.m2/repository/org/glassfish/jersey/media/jersey-media-jaxb/2.27/jersey-media-jaxb-2.27.jar:/home/user/.m2/repository/javax/validation/validation-api/1.1.0.Final/validation-api-1.1.0.Final.jar:/home/user/.m2/repository/org/glassfish/jersey/media/jersey-media-json-jackson/2.27/jersey-media-json-jackson-2.27.jar:/home/user/.m2/repository/org/glassfish/jersey/ext/jersey-entity-filtering/2.27/jersey-entity-filtering-2.27.jar:/home/user/.m2/repository/com/google/inject/extensions/guice-assistedinject/4.0/guice-assistedinject-4.0.jar:/home/user/.m2/repository/org/jooq/jooq/3.11.10/jooq-3.11.10.jar:/home/user/.m2/repository/org/jooq/jooq-meta/3.11.10/jooq-meta-3.11.10.jar:/home/user/.m2/repository/org/jooq/jooq-codegen/3.11.10/jooq-codegen-3.11.10.jar:/home/user/.m2/repository/com/jolbox/bonecp/0.8.0.RELEASE/bonecp-0.8.0.RELEASE.jar:/home/user/.m2/repository/org/xerial/sqlite-jdbc/3.25.2/sqlite-jdbc-3.25.2.jar:/home/user/.m2/repository/org/springframework/spring-jdbc/5.1.3.RELEASE/spring-jdbc-5.1.3.RELEASE.jar:/home/user/.m2/repository/org/springframework/spring-beans/5.1.3.RELEASE/spring-beans-5.1.3.RELEASE.jar:/home/user/.m2/repository/org/springframework/spring-core/5.1.3.RELEASE/spring-core-5.1.3.RELEASE.jar:/home/user/.m2/repository/org/springframework/spring-jcl/5.1.3.RELEASE/spring-jcl-5.1.3.RELEASE.jar:/home/user/.m2/repository/org/springframework/spring-tx/5.1.3.RELEASE/spring-tx-5.1.3.RELEASE.jar:/home/user/.m2/repository/org/apache/hadoop/hadoop-ozone-client/0.5.0-SNAPSHOT/hadoop-ozone-client-0.5.0-SNAPSHOT.jar:/home/user/.m2/repository/commons-lang/commons-lang/2.6/commons-lang-2.6.jar:/home/user/.m2/repository/org/apache/hadoop/hadoop-ozone-ozone-manager/0.5.0-SNAPSHOT/hadoop-ozone-ozone-manager-0.5.0-SNAPSHOT-tests.jar:/home/user/.m2/repository/junit/junit/4.11/junit-4.11.jar:/home/user/.m2/repository/org/hamcrest/hamcrest-core/1.3/hamcrest-core-1.3.jar:/home/user/.m2/repository/org/openjdk/jmh/jmh-core/1.19/jmh-core-1.19.jar:/home/user/.m2/repository/net/sf/jopt-simple/jopt-simple/4.6/jopt-simple-4.6.jar:/home/user/.m2/repository/org/apache/commons/commons-math3/3.1.1/commons-math3-3.1.1.jar:/home/user/.m2/repository/org/openjdk/jmh/jmh-generator-annprocess/1.19/jmh-generator-annprocess-1.19.jar:/home/user/.m2/repository/org/mockito/mockito-all/1.8.5/mockito-all-1.8.5.jar:/home/user/.m2/repository/org/apache/hadoop/hadoop-kms/3.2.0/hadoop-kms-3.2.0.jar:/home/user/.m2/repository/org/apache/hadoop/hadoop-auth/3.2.0/hadoop-auth-3.2.0.jar:/home/user/.m2/repository/com/nimbusds/nimbus-jose-jwt/4.41.1/nimbus-jose-jwt-4.41.1.jar:/home/user/.m2/repository/com/github/stephenc/jcip/jcip-annotations/1.0-1/jcip-annotations-1.0-1.jar:/home/user/.m2/repository/net/minidev/json-smart/2.3/json-smart-2.3.jar:/home/user/.m2/repository/net/minidev/accessors-smart/1.2/accessors-smart-1.2.jar:/home/user/.m2/repository/org/ow2/asm/asm/5.0.4/asm-5.0.4.jar:/home/user/.m2/repository/org/apache/curator/curator-framework/2.12.0/curator-framework-2.12.0.jar:/home/user/.m2/repository/com/sun/jersey/jersey-core/1.19/jersey-core-1.19.jar:/home/user/.m2/repository/javax/ws/rs/jsr311-api/1.1.1/jsr311-api-1.1.1.jar:/home/user/.m2/repository/com/sun/jersey/jersey-server/1.19/jersey-server-1.19.jar:/home/user/.m2/repository/javax/servlet/javax.servlet-api/3.1.0/javax.servlet-api-3.1.0.jar:/home/user/.m2/repository/org/eclipse/jetty/jetty-server/9.3.24.v20180605/jetty-server-9.3.24.v20180605.jar:/home/user/.m2/repository/org/eclipse/jetty/jetty-http/9.3.24.v20180605/jetty-http-9.3.24.v20180605.jar:/home/user/.m2/repository/org/eclipse/jetty/jetty-io/9.3.24.v20180605/jetty-io-9.3.24.v20180605.jar:/home/user/.m2/repository/org/eclipse/jetty/jetty-webapp/9.3.24.v20180605/jetty-webapp-9.3.24.v20180605.jar:/home/user/.m2/repository/org/eclipse/jetty/jetty-xml/9.3.24.v20180605/jetty-xml-9.3.24.v20180605.jar:/home/user/.m2/repository/log4j/log4j/1.2.17/log4j-1.2.17.jar:/home/user/.m2/repository/org/slf4j/slf4j-api/1.7.25/slf4j-api-1.7.25.jar:/home/user/.m2/repository/org/slf4j/jul-to-slf4j/1.7.25/jul-to-slf4j-1.7.25.jar:/home/user/.m2/repository/org/eclipse/jetty/jetty-util/9.3.24.v20180605/jetty-util-9.3.24.v20180605.jar:/home/user/.m2/repository/com/fasterxml/jackson/core/jackson-databind/2.9.5/jackson-databind-2.9.5.jar:/home/user/.m2/repository/org/apache/hadoop/hadoop-kms/3.2.0/hadoop-kms-3.2.0-tests.jar:/home/user/.m2/repository/org/apache/hadoop/hadoop-hdds-server-scm/0.5.0-SNAPSHOT/hadoop-hdds-server-scm-0.5.0-SNAPSHOT-tests.jar:/home/user/.m2/repository/org/apache/hadoop/hadoop-hdds-container-service/0.5.0-SNAPSHOT/hadoop-hdds-container-service-0.5.0-SNAPSHOT-tests.jar:/home/user/.m2/repository/org/yaml/snakeyaml/1.16/snakeyaml-1.16.jar:/home/user/.m2/repository/org/apache/hadoop/hadoop-common/3.2.0/hadoop-common-3.2.0-tests.jar:/home/user/.m2/repository/org/apache/hadoop/hadoop-annotations/3.2.0/hadoop-annotations-3.2.0.jar:/usr/lib/jvm/java-1.8-openjdk/jre/../lib/tools.jar:/home/user/.m2/repository/commons-cli/commons-cli/1.2/commons-cli-1.2.jar:/home/user/.m2/repository/org/apache/httpcomponents/httpclient/4.5.2/httpclient-4.5.2.jar:/home/user/.m2/repository/org/apache/httpcomponents/httpcore/4.4.4/httpcore-4.4.4.jar:/home/user/.m2/repository/commons-codec/commons-codec/1.11/commons-codec-1.11.jar:/home/user/.m2/repository/commons-net/commons-net/3.6/commons-net-3.6.jar:/home/user/.m2/repository/commons-collections/commons-collections/3.2.2/commons-collections-3.2.2.jar:/home/user/.m2/repository/org/eclipse/jetty/jetty-servlet/9.3.24.v20180605/jetty-servlet-9.3.24.v20180605.jar:/home/user/.m2/repository/org/eclipse/jetty/jetty-security/9.3.24.v20180605/jetty-security-9.3.24.v20180605.jar:/home/user/.m2/repository/javax/servlet/jsp/jsp-api/2.1/jsp-api-2.1.jar:/home/user/.m2/repository/com/sun/jersey/jersey-servlet/1.19/jersey-servlet-1.19.jar:/home/user/.m2/repository/com/sun/jersey/jersey-json/1.19/jersey-json-1.19.jar:/home/user/.m2/repository/org/codehaus/jettison/jettison/1.1/jettison-1.1.jar:/home/user/.m2/repository/org/codehaus/jackson/jackson-core-asl/1.9.13/jackson-core-asl-1.9.13.jar:/home/user/.m2/repository/org/codehaus/jackson/jackson-mapper-asl/1.9.13/jackson-mapper-asl-1.9.13.jar:/home/user/.m2/repository/org/codehaus/jackson/jackson-jaxrs/1.9.13/jackson-jaxrs-1.9.13.jar:/home/user/.m2/repository/org/codehaus/jackson/jackson-xc/1.9.13/jackson-xc-1.9.13.jar:/home/user/.m2/repository/commons-logging/commons-logging/1.1.3/commons-logging-1.1.3.jar:/home/user/.m2/repository/commons-beanutils/commons-beanutils/1.9.3/commons-beanutils-1.9.3.jar:/home/user/.m2/repository/org/apache/commons/commons-configuration2/2.1.1/commons-configuration2-2.1.1.jar:/home/user/.m2/repository/org/apache/commons/commons-lang3/3.7/commons-lang3-3.7.jar:/home/user/.m2/repository/org/apache/commons/commons-text/1.4/commons-text-1.4.jar:/home/user/.m2/repository/org/apache/avro/avro/1.7.7/avro-1.7.7.jar:/home/user/.m2/repository/com/thoughtworks/paranamer/paranamer/2.3/paranamer-2.3.jar:/home/user/.m2/repository/org/xerial/snappy/snappy-java/1.0.5/snappy-java-1.0.5.jar:/home/user/.m2/repository/com/google/re2j/re2j/1.1/re2j-1.1.jar:/home/user/.m2/repository/com/google/code/gson/gson/2.2.4/gson-2.2.4.jar:/home/user/.m2/repository/com/jcraft/jsch/0.1.54/jsch-0.1.54.jar:/home/user/.m2/repository/org/apache/curator/curator-client/2.12.0/curator-client-2.12.0.jar:/home/user/.m2/repository/org/apache/curator/curator-recipes/2.12.0/curator-recipes-2.12.0.jar:/home/user/.m2/repository/com/google/code/findbugs/jsr305/3.0.0/jsr305-3.0.0.jar:/home/user/.m2/repository/org/apache/htrace/htrace-core4/4.1.0-incubating/htrace-core4-4.1.0-incubating.jar:/home/user/.m2/repository/org/apache/zookeeper/zookeeper/3.4.13/zookeeper-3.4.13.jar:/home/user/.m2/repository/org/apache/yetus/audience-annotations/0.5.0/audience-annotations-0.5.0.jar:/home/user/.m2/repository/org/codehaus/woodstox/stax2-api/3.1.4/stax2-api-3.1.4.jar:/home/user/.m2/repository/com/fasterxml/woodstox/woodstox-core/5.0.3/woodstox-core-5.0.3.jar:/home/user/.m2/repository/dnsjava/dnsjava/2.1.7/dnsjava-2.1.7.jar:/home/user/.m2/repository/org/apache/hadoop/hadoop-hdfs/3.2.0/hadoop-hdfs-3.2.0-tests.jar:/home/user/.m2/repository/org/eclipse/jetty/jetty-util-ajax/9.3.24.v20180605/jetty-util-ajax-9.3.24.v20180605.jar:/home/user/.m2/repository/commons-daemon/commons-daemon/1.0.13/commons-daemon-1.0.13.jar:/home/user/.m2/repository/io/netty/netty/3.10.5.Final/netty-3.10.5.Final.jar:/home/user/.m2/repository/io/netty/netty-all/4.0.52.Final/netty-all-4.0.52.Final.jar:/home/user/.m2/repository/org/fusesource/leveldbjni/leveldbjni-all/1.8/leveldbjni-all-1.8.jar:"/>
    <property name="sun.cpu.endian" value="little"/>
    <property name="user.home" value="/home/user"/>
    <property name="user.language" value="en"/>
    <property name="java.specification.vendor" value="Oracle Corporation"/>
    <property name="java.home" value="/usr/lib/jvm/java-1.8-openjdk/jre"/>
    <property name="java.security.krb5.conf" value="/tmp/workdir/hadoop-ozone/integration-test/target/test-classes/krb5.conf"/>
    <property name="basedir" value="/tmp/workdir/hadoop-ozone/integration-test"/>
    <property name="file.separator" value="/"/>
    <property name="line.separator" value="&#10;"/>
    <property name="java.vm.specification.vendor" value="Oracle Corporation"/>
    <property name="java.specification.name" value="Java Platform API Specification"/>
    <property name="java.awt.graphicsenv" value="sun.awt.X11GraphicsEnvironment"/>
    <property name="surefire.real.class.path" value="/tmp/workdir/hadoop-ozone/integration-test/target/surefire/surefirebooter5554266900104051252.jar"/>
    <property name="hadoop.log.dir" value="/tmp/workdir/hadoop-ozone/integration-test/target/log"/>
    <property name="sun.boot.class.path" value="/usr/lib/jvm/java-1.8-openjdk/jre/lib/resources.jar:/usr/lib/jvm/java-1.8-openjdk/jre/lib/rt.jar:/usr/lib/jvm/java-1.8-openjdk/jre/lib/sunrsasign.jar:/usr/lib/jvm/java-1.8-openjdk/jre/lib/jsse.jar:/usr/lib/jvm/java-1.8-openjdk/jre/lib/jce.jar:/usr/lib/jvm/java-1.8-openjdk/jre/lib/charsets.jar:/usr/lib/jvm/java-1.8-openjdk/jre/lib/jfr.jar:/usr/lib/jvm/java-1.8-openjdk/jre/classes"/>
    <property name="sun.management.compiler" value="HotSpot 64-Bit Tiered Compilers"/>
    <property name="java.runtime.version" value="1.8.0_212-b04"/>
    <property name="java.net.preferIPv4Stack" value="true"/>
    <property name="user.name" value="jenkins1000"/>
    <property name="path.separator" value=":"/>
    <property name="java.security.egd" value="file:///dev/urandom"/>
    <property name="os.version" value="3.10.0-957.12.2.el7.x86_64"/>
    <property name="java.endorsed.dirs" value="/usr/lib/jvm/java-1.8-openjdk/jre/lib/endorsed"/>
    <property name="java.runtime.name" value="OpenJDK Runtime Environment"/>
    <property name="file.encoding" value="UTF-8"/>
    <property name="java.vm.name" value="OpenJDK 64-Bit Server VM"/>
    <property name="test.build.webapps" value=""/>
    <property name="localRepository" value="/home/user/.m2/repository"/>
    <property name="java.vendor.url.bug" value="https://icedtea.classpath.org/bugzilla"/>
    <property name="java.io.tmpdir" value="/tmp"/>
    <property name="require.test.libhadoop" value=""/>
    <property name="java.version" value="1.8.0_212"/>
    <property name="user.dir" value="/tmp/workdir/hadoop-ozone/integration-test"/>
    <property name="os.arch" value="amd64"/>
    <property name="java.vm.specification.name" value="Java Virtual Machine Specification"/>
    <property name="test.build.classes" value="/tmp/workdir/hadoop-ozone/integration-test/target/test-classes"/>
    <property name="java.awt.printerjob" value="sun.print.PSPrinterJob"/>
    <property name="sun.os.patch.level" value="unknown"/>
    <property name="hadoop.tmp.dir" value="/tmp/workdir/hadoop-ozone/integration-test/target/tmp"/>
    <property name="java.library.path" value="/usr/lib/jvm/java-1.8-openjdk/jre/lib/amd64/server:/usr/lib/jvm/java-1.8-openjdk/jre/lib/amd64:/usr/lib/jvm/java-1.8-openjdk/jre/../lib/amd64:/tmp/workdir/hadoop-ozone/integration-test/target/native/target/usr/local/lib:/tmp/workdir/hadoop-ozone/integration-test/../../hadoop-common-project/hadoop-common/target/native/target/usr/local/lib:/usr/java/packages/lib/amd64:/usr/lib64:/lib64:/lib:/usr/lib"/>
    <property name="java.vm.info" value="mixed mode"/>
    <property name="java.vendor" value="IcedTea"/>
    <property name="java.vm.version" value="25.212-b04"/>
    <property name="java.ext.dirs" value="/usr/lib/jvm/java-1.8-openjdk/jre/lib/ext:/usr/java/packages/lib/ext"/>
    <property name="sun.io.unicode.encoding" value="UnicodeLittle"/>
    <property name="java.class.version" value="52.0"/>
  </properties>
  <testcase name="test2DatanodesFailure" classname="org.apache.hadoop.ozone.client.rpc.TestBlockOutputStreamWithFailures" time="110.545">
    <error type="java.lang.IllegalArgumentException">java.lang.IllegalArgumentException
	at com.google.common.base.Preconditions.checkArgument(Preconditions.java:72)
	at org.apache.hadoop.hdds.scm.XceiverClientManager.acquireClient(XceiverClientManager.java:150)
	at org.apache.hadoop.hdds.scm.XceiverClientManager.acquireClientForReadData(XceiverClientManager.java:143)
	at org.apache.hadoop.hdds.scm.storage.BlockInputStream.getChunkInfos(BlockInputStream.java:154)
	at org.apache.hadoop.hdds.scm.storage.BlockInputStream.initialize(BlockInputStream.java:118)
	at org.apache.hadoop.hdds.scm.storage.BlockInputStream.read(BlockInputStream.java:222)
	at org.apache.hadoop.ozone.client.io.KeyInputStream.read(KeyInputStream.java:171)
	at org.apache.hadoop.ozone.client.io.OzoneInputStream.read(OzoneInputStream.java:47)
	at java.io.InputStream.read(InputStream.java:101)
	at org.apache.hadoop.ozone.container.ContainerTestHelper.validateData(ContainerTestHelper.java:709)
	at org.apache.hadoop.ozone.client.rpc.TestBlockOutputStreamWithFailures.validateData(TestBlockOutputStreamWithFailures.java:1212)
	at org.apache.hadoop.ozone.client.rpc.TestBlockOutputStreamWithFailures.test2DatanodesFailure(TestBlockOutputStreamWithFailures.java:537)
	at sun.reflect.NativeMethodAccessorImpl.invoke0(Native Method)
	at sun.reflect.NativeMethodAccessorImpl.invoke(NativeMethodAccessorImpl.java:62)
	at sun.reflect.DelegatingMethodAccessorImpl.invoke(DelegatingMethodAccessorImpl.java:43)
	at java.lang.reflect.Method.invoke(Method.java:498)
	at org.junit.runners.model.FrameworkMethod$1.runReflectiveCall(FrameworkMethod.java:47)
	at org.junit.internal.runners.model.ReflectiveCallable.run(ReflectiveCallable.java:12)
	at org.junit.runners.model.FrameworkMethod.invokeExplosively(FrameworkMethod.java:44)
	at org.junit.internal.runners.statements.InvokeMethod.evaluate(InvokeMethod.java:17)
	at org.junit.internal.runners.statements.RunBefores.evaluate(RunBefores.java:26)
	at org.junit.internal.runners.statements.RunAfters.evaluate(RunAfters.java:27)
	at org.junit.runners.ParentRunner.runLeaf(ParentRunner.java:271)
	at org.junit.runners.BlockJUnit4ClassRunner.runChild(BlockJUnit4ClassRunner.java:70)
	at org.junit.runners.BlockJUnit4ClassRunner.runChild(BlockJUnit4ClassRunner.java:50)
	at org.junit.runners.ParentRunner$3.run(ParentRunner.java:238)
	at org.junit.runners.ParentRunner$1.schedule(ParentRunner.java:63)
	at org.junit.runners.ParentRunner.runChildren(ParentRunner.java:236)
	at org.junit.runners.ParentRunner.access$000(ParentRunner.java:53)
	at org.junit.runners.ParentRunner$2.evaluate(ParentRunner.java:229)
	at org.junit.runners.ParentRunner.run(ParentRunner.java:309)
	at org.apache.maven.surefire.junit4.JUnit4Provider.execute(JUnit4Provider.java:365)
	at org.apache.maven.surefire.junit4.JUnit4Provider.executeWithRerun(JUnit4Provider.java:273)
	at org.apache.maven.surefire.junit4.JUnit4Provider.executeTestSet(JUnit4Provider.java:238)
	at org.apache.maven.surefire.junit4.JUnit4Provider.invoke(JUnit4Provider.java:159)
	at org.apache.maven.surefire.booter.ForkedBooter.invokeProviderInSameClassLoader(ForkedBooter.java:384)
	at org.apache.maven.surefire.booter.ForkedBooter.runSuitesInProcess(ForkedBooter.java:345)
	at org.apache.maven.surefire.booter.ForkedBooter.execute(ForkedBooter.java:126)
	at org.apache.maven.surefire.booter.ForkedBooter.main(ForkedBooter.java:418)
</error>
    <system-out><![CDATA[2019-07-13 12:26:50,159 WARN  server.ServerUtils (ServerUtils.java:getScmDbDir(145)) - ozone.scm.db.dirs is not configured. We recommend adding this setting. Falling back to ozone.metadata.dirs instead.
2019-07-13 12:26:50,241 WARN  server.ServerUtils (ServerUtils.java:getScmDbDir(145)) - ozone.scm.db.dirs is not configured. We recommend adding this setting. Falling back to ozone.metadata.dirs instead.
2019-07-13 12:26:50,243 WARN  server.ServerUtils (ServerUtils.java:getScmDbDir(145)) - ozone.scm.db.dirs is not configured. We recommend adding this setting. Falling back to ozone.metadata.dirs instead.
2019-07-13 12:26:50,256 INFO  util.log (Log.java:initialized(192)) - Logging initialized @809ms
2019-07-13 12:26:50,335 INFO  db.DBStoreBuilder (DBStoreBuilder.java:addTable(110)) - using custom profile for table: deletedBlocks
2019-07-13 12:26:50,335 INFO  db.DBStoreBuilder (DBStoreBuilder.java:processTables(161)) - Using default column profile:DBProfile.DISK for Table:deletedBlocks
2019-07-13 12:26:50,335 INFO  db.DBStoreBuilder (DBStoreBuilder.java:addTable(110)) - using custom profile for table: validCerts
2019-07-13 12:26:50,335 INFO  db.DBStoreBuilder (DBStoreBuilder.java:processTables(161)) - Using default column profile:DBProfile.DISK for Table:validCerts
2019-07-13 12:26:50,336 INFO  db.DBStoreBuilder (DBStoreBuilder.java:addTable(110)) - using custom profile for table: revokedCerts
2019-07-13 12:26:50,336 INFO  db.DBStoreBuilder (DBStoreBuilder.java:processTables(161)) - Using default column profile:DBProfile.DISK for Table:revokedCerts
2019-07-13 12:26:50,345 INFO  db.DBStoreBuilder (DBStoreBuilder.java:addTable(110)) - using custom profile for table: default
2019-07-13 12:26:50,345 INFO  db.DBStoreBuilder (DBStoreBuilder.java:processTables(167)) - Using default column profile:DBProfile.DISK for Table:default
2019-07-13 12:26:50,346 INFO  db.DBStoreBuilder (DBStoreBuilder.java:getDbProfile(198)) - Using default options. DBProfile.DISK
2019-07-13 12:26:50,430 INFO  net.NodeSchemaLoader (NodeSchemaLoader.java:loadSchemaFromFile(125)) - Loading file from sun.misc.CompoundEnumeration@3835c46
2019-07-13 12:26:50,431 INFO  net.NodeSchemaLoader (NodeSchemaLoader.java:loadSchema(171)) - Loading network topology layer schema file
2019-07-13 12:26:50,482 INFO  node.SCMNodeManager (SCMNodeManager.java:<init>(119)) - Entering startup safe mode.
2019-07-13 12:26:50,553 WARN  server.ServerUtils (ServerUtils.java:getScmDbDir(145)) - ozone.scm.db.dirs is not configured. We recommend adding this setting. Falling back to ozone.metadata.dirs instead.
2019-07-13 12:26:50,589 INFO  pipeline.SCMPipelineManager (SCMPipelineManager.java:initializePipelineState(126)) - No pipeline exists in current db
2019-07-13 12:26:50,590 WARN  server.ServerUtils (ServerUtils.java:getScmDbDir(145)) - ozone.scm.db.dirs is not configured. We recommend adding this setting. Falling back to ozone.metadata.dirs instead.
2019-07-13 12:26:50,647 WARN  events.EventQueue (EventQueue.java:fireEvent(175)) - No event handler registered for event TypedEvent{payloadType=SafeModeStatus, name='SafeModeStatus'}
2019-07-13 12:26:50,911 INFO  ipc.CallQueueManager (CallQueueManager.java:<init>(84)) - Using callQueue: class java.util.concurrent.LinkedBlockingQueue, queueCapacity: 2000, scheduler: class org.apache.hadoop.ipc.DefaultRpcScheduler, ipcBackoff: false.
2019-07-13 12:26:50,931 INFO  ipc.Server (Server.java:run(1074)) - Starting Socket Reader #1 for port 36314
2019-07-13 12:26:50,953 INFO  ipc.CallQueueManager (CallQueueManager.java:<init>(84)) - Using callQueue: class java.util.concurrent.LinkedBlockingQueue, queueCapacity: 2000, scheduler: class org.apache.hadoop.ipc.DefaultRpcScheduler, ipcBackoff: false.
2019-07-13 12:26:50,955 INFO  ipc.Server (Server.java:run(1074)) - Starting Socket Reader #1 for port 33382
2019-07-13 12:26:50,962 INFO  ipc.CallQueueManager (CallQueueManager.java:<init>(84)) - Using callQueue: class java.util.concurrent.LinkedBlockingQueue, queueCapacity: 2000, scheduler: class org.apache.hadoop.ipc.DefaultRpcScheduler, ipcBackoff: false.
2019-07-13 12:26:50,963 INFO  ipc.Server (Server.java:run(1074)) - Starting Socket Reader #1 for port 42711
2019-07-13 12:26:51,103 INFO  hdfs.DFSUtil (DFSUtil.java:httpServerTemplateForNNAndJN(1641)) - Starting Web-server for scm at: http://0.0.0.0:0
2019-07-13 12:26:51,260 INFO  server.AuthenticationFilter (AuthenticationFilter.java:constructSecretProvider(240)) - Unable to initialize FileSignerSecretProvider, falling back to use random secrets.
2019-07-13 12:26:51,267 WARN  http.HttpRequestLog (HttpRequestLog.java:getRequestLog(97)) - Jetty request log can only be enabled using Log4j
2019-07-13 12:26:51,275 INFO  http.HttpServer2 (HttpServer2.java:addGlobalFilter(975)) - Added global filter 'safety' (class=org.apache.hadoop.http.HttpServer2$QuotingInputFilter)
2019-07-13 12:26:51,277 INFO  http.HttpServer2 (HttpServer2.java:addFilter(948)) - Added filter static_user_filter (class=org.apache.hadoop.http.lib.StaticUserWebFilter$StaticUserFilter) to context scm
2019-07-13 12:26:51,278 INFO  http.HttpServer2 (HttpServer2.java:addFilter(958)) - Added filter static_user_filter (class=org.apache.hadoop.http.lib.StaticUserWebFilter$StaticUserFilter) to context static
2019-07-13 12:26:51,278 INFO  http.HttpServer2 (HttpServer2.java:addFilter(958)) - Added filter static_user_filter (class=org.apache.hadoop.http.lib.StaticUserWebFilter$StaticUserFilter) to context logs
2019-07-13 12:26:51,311 INFO  server.StorageContainerManager (StorageContainerManager.java:start(759)) - StorageContainerLocationProtocol RPC server is listening at /0.0.0.0:42711
2019-07-13 12:26:51,382 WARN  impl.MetricsConfig (MetricsConfig.java:loadFirst(134)) - Cannot locate configuration: tried hadoop-metrics2-storagecontainermanager.properties,hadoop-metrics2.properties
2019-07-13 12:26:51,395 INFO  impl.MetricsSystemImpl (MetricsSystemImpl.java:startTimer(374)) - Scheduled Metric snapshot period at 10 second(s).
2019-07-13 12:26:51,395 INFO  impl.MetricsSystemImpl (MetricsSystemImpl.java:start(191)) - StorageContainerManager metrics system started
2019-07-13 12:26:51,609 INFO  server.SCMClientProtocolServer (SCMClientProtocolServer.java:start(149)) - RPC server for Client  is listening at /0.0.0.0:42711
2019-07-13 12:26:51,610 INFO  ipc.Server (Server.java:run(1314)) - IPC Server Responder: starting
2019-07-13 12:26:51,610 INFO  ipc.Server (Server.java:run(1153)) - IPC Server listener on 42711: starting
2019-07-13 12:26:51,612 INFO  server.StorageContainerManager (StorageContainerManager.java:start(768)) - ScmBlockLocationProtocol RPC server is listening at /0.0.0.0:33382
2019-07-13 12:26:51,612 INFO  server.SCMBlockProtocolServer (SCMBlockProtocolServer.java:start(140)) - RPC server for Block Protocol is listening at /0.0.0.0:33382
2019-07-13 12:26:51,614 INFO  ipc.Server (Server.java:run(1314)) - IPC Server Responder: starting
2019-07-13 12:26:51,614 INFO  ipc.Server (Server.java:run(1153)) - IPC Server listener on 33382: starting
2019-07-13 12:26:51,621 INFO  server.StorageContainerManager (StorageContainerManager.java:start(772)) - ScmDatanodeProtocl RPC server is listening at /0.0.0.0:36314
2019-07-13 12:26:51,622 INFO  server.SCMDatanodeProtocolServer (SCMDatanodeProtocolServer.java:start(191)) - RPC server for DataNodes is listening at /0.0.0.0:36314
2019-07-13 12:26:51,623 INFO  ipc.Server (Server.java:run(1314)) - IPC Server Responder: starting
2019-07-13 12:26:51,624 INFO  ipc.Server (Server.java:run(1153)) - IPC Server listener on 36314: starting
2019-07-13 12:26:51,634 INFO  http.HttpServer2 (HttpServer2.java:bindListener(1191)) - Jetty bound to port 33440
2019-07-13 12:26:51,636 INFO  server.Server (Server.java:doStart(351)) - jetty-9.3.24.v20180605, build timestamp: 2018-06-05T17:11:56Z, git hash: 84205aa28f11a4f31f2a3b86d1bba2cc8ab69827
2019-07-13 12:26:51,674 INFO  handler.ContextHandler (ContextHandler.java:doStart(781)) - Started o.e.j.s.ServletContextHandler@6bbe2511{/logs,file:///tmp/workdir/hadoop-ozone/integration-test/target/log,AVAILABLE}
2019-07-13 12:26:51,675 INFO  handler.ContextHandler (ContextHandler.java:doStart(781)) - Started o.e.j.s.ServletContextHandler@76012793{/static,file:///tmp/workdir/hadoop-ozone/integration-test/target/test-classes/webapps/static,AVAILABLE}
2019-07-13 12:26:51,707 INFO  handler.ContextHandler (ContextHandler.java:doStart(781)) - Started o.e.j.w.WebAppContext@6a1d204a{/,file:///tmp/workdir/hadoop-ozone/integration-test/target/test-classes/webapps/scm/,AVAILABLE}{/scm}
2019-07-13 12:26:51,713 INFO  server.AbstractConnector (AbstractConnector.java:doStart(278)) - Started ServerConnector@9d157ff{HTTP/1.1,[http/1.1]}{0.0.0.0:33440}
2019-07-13 12:26:51,714 INFO  server.Server (Server.java:doStart(419)) - Started @2267ms
2019-07-13 12:26:51,715 INFO  server.BaseHttpServer (BaseHttpServer.java:updateConnectorAddress(207)) - HTTP server of SCM is listening at http://0.0.0.0:33440
2019-07-13 12:26:51,724 INFO  util.JvmPauseMonitor (JvmPauseMonitor.java:run(188)) - Starting JVM pause monitor
2019-07-13 12:26:51,728 WARN  server.ServerUtils (ServerUtils.java:getDBPath(222)) - ozone.om.db.dirs is not configured. We recommend adding this setting. Falling back to ozone.metadata.dirs instead.
2019-07-13 12:26:51,831 WARN  server.ServerUtils (ServerUtils.java:getDBPath(222)) - ozone.om.db.dirs is not configured. We recommend adding this setting. Falling back to ozone.metadata.dirs instead.
2019-07-13 12:26:51,833 INFO  om.OzoneManager (OzoneManager.java:setOMNodeDetails(630)) - OM Service ID is not set. Setting it to the default ID: omServiceIdDefault
2019-07-13 12:26:51,833 INFO  om.OzoneManager (OzoneManager.java:setOMNodeDetails(636)) - OM Node ID is not set. Setting it to the OmStorage's OmID: fc71ab1b-a16c-4ad2-8046-d68cc37a1e94
2019-07-13 12:26:51,834 INFO  om.OzoneManager (OzoneManager.java:loadOMHAConfigs(587)) - Found matching OM address with OMServiceId: null, OMNodeId: null, RPC Address: localhost:0 and Ratis port: 9872
2019-07-13 12:26:52,112 WARN  server.ServerUtils (ServerUtils.java:getDBPath(222)) - ozone.om.db.dirs is not configured. We recommend adding this setting. Falling back to ozone.metadata.dirs instead.
2019-07-13 12:26:52,125 INFO  db.DBStoreBuilder (DBStoreBuilder.java:addTable(110)) - using custom profile for table: userTable
2019-07-13 12:26:52,125 INFO  db.DBStoreBuilder (DBStoreBuilder.java:processTables(161)) - Using default column profile:DBProfile.DISK for Table:userTable
2019-07-13 12:26:52,126 INFO  db.DBStoreBuilder (DBStoreBuilder.java:addTable(110)) - using custom profile for table: volumeTable
2019-07-13 12:26:52,126 INFO  db.DBStoreBuilder (DBStoreBuilder.java:processTables(161)) - Using default column profile:DBProfile.DISK for Table:volumeTable
2019-07-13 12:26:52,127 INFO  db.DBStoreBuilder (DBStoreBuilder.java:addTable(110)) - using custom profile for table: bucketTable
2019-07-13 12:26:52,127 INFO  db.DBStoreBuilder (DBStoreBuilder.java:processTables(161)) - Using default column profile:DBProfile.DISK for Table:bucketTable
2019-07-13 12:26:52,127 INFO  db.DBStoreBuilder (DBStoreBuilder.java:addTable(110)) - using custom profile for table: keyTable
2019-07-13 12:26:52,128 INFO  db.DBStoreBuilder (DBStoreBuilder.java:processTables(161)) - Using default column profile:DBProfile.DISK for Table:keyTable
2019-07-13 12:26:52,128 INFO  db.DBStoreBuilder (DBStoreBuilder.java:addTable(110)) - using custom profile for table: deletedTable
2019-07-13 12:26:52,128 INFO  db.DBStoreBuilder (DBStoreBuilder.java:processTables(161)) - Using default column profile:DBProfile.DISK for Table:deletedTable
2019-07-13 12:26:52,129 INFO  db.DBStoreBuilder (DBStoreBuilder.java:addTable(110)) - using custom profile for table: openKeyTable
2019-07-13 12:26:52,129 INFO  db.DBStoreBuilder (DBStoreBuilder.java:processTables(161)) - Using default column profile:DBProfile.DISK for Table:openKeyTable
2019-07-13 12:26:52,130 INFO  db.DBStoreBuilder (DBStoreBuilder.java:addTable(110)) - using custom profile for table: s3Table
2019-07-13 12:26:52,130 INFO  db.DBStoreBuilder (DBStoreBuilder.java:processTables(161)) - Using default column profile:DBProfile.DISK for Table:s3Table
2019-07-13 12:26:52,131 INFO  db.DBStoreBuilder (DBStoreBuilder.java:addTable(110)) - using custom profile for table: multipartInfoTable
2019-07-13 12:26:52,131 INFO  db.DBStoreBuilder (DBStoreBuilder.java:processTables(161)) - Using default column profile:DBProfile.DISK for Table:multipartInfoTable
2019-07-13 12:26:52,131 INFO  db.DBStoreBuilder (DBStoreBuilder.java:addTable(110)) - using custom profile for table: dTokenTable
2019-07-13 12:26:52,132 INFO  db.DBStoreBuilder (DBStoreBuilder.java:processTables(161)) - Using default column profile:DBProfile.DISK for Table:dTokenTable
2019-07-13 12:26:52,132 INFO  db.DBStoreBuilder (DBStoreBuilder.java:addTable(110)) - using custom profile for table: s3SecretTable
2019-07-13 12:26:52,133 INFO  db.DBStoreBuilder (DBStoreBuilder.java:processTables(161)) - Using default column profile:DBProfile.DISK for Table:s3SecretTable
2019-07-13 12:26:52,133 INFO  db.DBStoreBuilder (DBStoreBuilder.java:addTable(110)) - using custom profile for table: prefixTable
2019-07-13 12:26:52,133 INFO  db.DBStoreBuilder (DBStoreBuilder.java:processTables(161)) - Using default column profile:DBProfile.DISK for Table:prefixTable
2019-07-13 12:26:52,134 INFO  db.DBStoreBuilder (DBStoreBuilder.java:addTable(110)) - using custom profile for table: default
2019-07-13 12:26:52,134 INFO  db.DBStoreBuilder (DBStoreBuilder.java:processTables(167)) - Using default column profile:DBProfile.DISK for Table:default
2019-07-13 12:26:52,134 INFO  db.DBStoreBuilder (DBStoreBuilder.java:getDbProfile(198)) - Using default options. DBProfile.DISK
2019-07-13 12:26:52,888 INFO  ipc.CallQueueManager (CallQueueManager.java:<init>(84)) - Using callQueue: class java.util.concurrent.LinkedBlockingQueue, queueCapacity: 2000, scheduler: class org.apache.hadoop.ipc.DefaultRpcScheduler, ipcBackoff: false.
2019-07-13 12:26:52,889 INFO  ipc.Server (Server.java:run(1074)) - Starting Socket Reader #1 for port 45304
2019-07-13 12:26:52,918 WARN  server.ServerUtils (ServerUtils.java:getDBPath(222)) - ozone.om.db.dirs is not configured. We recommend adding this setting. Falling back to ozone.metadata.dirs instead.
2019-07-13 12:26:52,919 INFO  om.OzoneManager (OzoneManager.java:start(1228)) - OzoneManager RPC server is listening at localhost/127.0.0.1:45304
2019-07-13 12:26:52,919 INFO  impl.MetricsSystemImpl (MetricsSystemImpl.java:init(158)) - OzoneManager metrics system started (again)
2019-07-13 12:26:52,921 INFO  ipc.Server (Server.java:run(1314)) - IPC Server Responder: starting
2019-07-13 12:26:52,921 INFO  ipc.Server (Server.java:run(1153)) - IPC Server listener on 45304: starting
2019-07-13 12:26:52,937 INFO  hdfs.DFSUtil (DFSUtil.java:httpServerTemplateForNNAndJN(1641)) - Starting Web-server for ozoneManager at: http://0.0.0.0:0
2019-07-13 12:26:52,940 INFO  server.AuthenticationFilter (AuthenticationFilter.java:constructSecretProvider(240)) - Unable to initialize FileSignerSecretProvider, falling back to use random secrets.
2019-07-13 12:26:52,941 WARN  http.HttpRequestLog (HttpRequestLog.java:getRequestLog(97)) - Jetty request log can only be enabled using Log4j
2019-07-13 12:26:52,944 INFO  http.HttpServer2 (HttpServer2.java:addGlobalFilter(975)) - Added global filter 'safety' (class=org.apache.hadoop.http.HttpServer2$QuotingInputFilter)
2019-07-13 12:26:52,946 INFO  http.HttpServer2 (HttpServer2.java:addFilter(948)) - Added filter static_user_filter (class=org.apache.hadoop.http.lib.StaticUserWebFilter$StaticUserFilter) to context ozoneManager
2019-07-13 12:26:52,946 INFO  http.HttpServer2 (HttpServer2.java:addFilter(958)) - Added filter static_user_filter (class=org.apache.hadoop.http.lib.StaticUserWebFilter$StaticUserFilter) to context logs
2019-07-13 12:26:52,946 INFO  http.HttpServer2 (HttpServer2.java:addFilter(958)) - Added filter static_user_filter (class=org.apache.hadoop.http.lib.StaticUserWebFilter$StaticUserFilter) to context static
2019-07-13 12:26:52,949 INFO  http.HttpServer2 (HttpServer2.java:bindListener(1191)) - Jetty bound to port 34263
2019-07-13 12:26:52,950 INFO  server.Server (Server.java:doStart(351)) - jetty-9.3.24.v20180605, build timestamp: 2018-06-05T17:11:56Z, git hash: 84205aa28f11a4f31f2a3b86d1bba2cc8ab69827
2019-07-13 12:26:52,952 INFO  handler.ContextHandler (ContextHandler.java:doStart(781)) - Started o.e.j.s.ServletContextHandler@2e3a5237{/logs,file:///tmp/workdir/hadoop-ozone/integration-test/target/log,AVAILABLE}
2019-07-13 12:26:52,953 INFO  handler.ContextHandler (ContextHandler.java:doStart(781)) - Started o.e.j.s.ServletContextHandler@6ac97b84{/static,file:///tmp/workdir/hadoop-ozone/integration-test/target/test-classes/webapps/static,AVAILABLE}
2019-07-13 12:26:52,960 INFO  handler.ContextHandler (ContextHandler.java:doStart(781)) - Started o.e.j.w.WebAppContext@11653e3b{/,file:///tmp/workdir/hadoop-ozone/integration-test/target/test-classes/webapps/ozoneManager/,AVAILABLE}{/ozoneManager}
2019-07-13 12:26:52,961 INFO  server.AbstractConnector (AbstractConnector.java:doStart(278)) - Started ServerConnector@715fb77{HTTP/1.1,[http/1.1]}{0.0.0.0:34263}
2019-07-13 12:26:52,962 INFO  server.Server (Server.java:doStart(419)) - Started @3515ms
2019-07-13 12:26:52,963 INFO  server.BaseHttpServer (BaseHttpServer.java:updateConnectorAddress(207)) - HTTP server of OZONEMANAGER is listening at http://0.0.0.0:34263
2019-07-13 12:26:53,311 INFO  impl.MetricsSystemImpl (MetricsSystemImpl.java:init(158)) - HddsDatanode metrics system started (again)
2019-07-13 12:26:53,395 INFO  ozone.HddsDatanodeService (HddsDatanodeService.java:start(185)) - HddsDatanodeService host:trunk-nightly-q2gwj-1111726333 ip:192.168.5.181
2019-07-13 12:26:53,425 INFO  volume.HddsVolume (HddsVolume.java:<init>(176)) - Creating Volume: /tmp/workdir/hadoop-ozone/integration-test/target/test-dir/MiniOzoneClusterImpl-c01b761b-2f67-4822-9581-a12a58f3b363/datanode-0/data/containers/hdds of  storage type : DISK and capacity : 52710309888
2019-07-13 12:26:53,426 INFO  volume.VolumeSet (VolumeSet.java:initializeVolumeSet(170)) - Added Volume : /tmp/workdir/hadoop-ozone/integration-test/target/test-dir/MiniOzoneClusterImpl-c01b761b-2f67-4822-9581-a12a58f3b363/datanode-0/data/containers/hdds to VolumeSet
2019-07-13 12:26:53,429 INFO  volume.ThrottledAsyncChecker (ThrottledAsyncChecker.java:schedule(140)) - Scheduling a check for org.apache.hadoop.ozone.container.common.volume.HddsVolume@58294867
2019-07-13 12:26:53,446 INFO  volume.HddsVolumeChecker (HddsVolumeChecker.java:checkAllVolumes(203)) - Scheduled health check for volume org.apache.hadoop.ozone.container.common.volume.HddsVolume@58294867
2019-07-13 12:26:53,556 INFO  impl.RaftServerProxy (ConfUtils.java:logGet(43)) - raft.rpc.type = GRPC (default)
2019-07-13 12:26:53,621 INFO  grpc.GrpcFactory (GrpcFactory.java:checkPooledByteBufAllocatorUseCacheForAllThreads(45)) - PERFORMANCE WARNING: useCacheForAllThreads is true that may cause Netty to create a lot garbage objects and, as a result, trigger GC.
	It is recommended to disable useCacheForAllThreads by setting -Dorg.apache.ratis.thirdparty.io.netty.allocator.useCacheForAllThreads=false in command line.
2019-07-13 12:26:53,626 INFO  grpc.GrpcConfigKeys$Server (ConfUtils.java:logGet(43)) - raft.grpc.server.port = 0 (default)
2019-07-13 12:26:53,627 INFO  server.GrpcService (ConfUtils.java:logGet(43)) - raft.grpc.message.size.max = 33570816 (custom)
2019-07-13 12:26:53,628 INFO  server.RaftServerConfigKeys (ConfUtils.java:logGet(43)) - raft.server.log.appender.buffer.byte-limit = 33554432 (custom)
2019-07-13 12:26:53,629 INFO  server.GrpcService (ConfUtils.java:logGet(43)) - raft.grpc.flow.control.window = 1MB (=1048576) (default)
2019-07-13 12:26:53,630 INFO  server.RaftServerConfigKeys (ConfUtils.java:logGet(43)) - raft.server.rpc.request.timeout = 3000ms (default)
2019-07-13 12:26:53,844 INFO  server.RaftServerConfigKeys (ConfUtils.java:logGet(43)) - raft.server.storage.dir = [/tmp/workdir/hadoop-ozone/integration-test/target/test-dir/MiniOzoneClusterImpl-c01b761b-2f67-4822-9581-a12a58f3b363/datanode-0/data/ratis] (custom)
2019-07-13 12:26:53,885 INFO  replication.SimpleContainerDownloader (SimpleContainerDownloader.java:<init>(72)) - Starting container downloader service to copy containers to replicate.
2019-07-13 12:26:53,900 INFO  hdfs.DFSUtil (DFSUtil.java:httpServerTemplateForNNAndJN(1641)) - Starting Web-server for hddsDatanode at: http://0.0.0.0:0
2019-07-13 12:26:53,903 INFO  server.AuthenticationFilter (AuthenticationFilter.java:constructSecretProvider(240)) - Unable to initialize FileSignerSecretProvider, falling back to use random secrets.
2019-07-13 12:26:53,904 WARN  http.HttpRequestLog (HttpRequestLog.java:getRequestLog(97)) - Jetty request log can only be enabled using Log4j
2019-07-13 12:26:53,908 INFO  http.HttpServer2 (HttpServer2.java:addGlobalFilter(975)) - Added global filter 'safety' (class=org.apache.hadoop.http.HttpServer2$QuotingInputFilter)
2019-07-13 12:26:53,909 INFO  http.HttpServer2 (HttpServer2.java:addFilter(948)) - Added filter static_user_filter (class=org.apache.hadoop.http.lib.StaticUserWebFilter$StaticUserFilter) to context hddsDatanode
2019-07-13 12:26:53,910 INFO  http.HttpServer2 (HttpServer2.java:addFilter(958)) - Added filter static_user_filter (class=org.apache.hadoop.http.lib.StaticUserWebFilter$StaticUserFilter) to context static
2019-07-13 12:26:53,910 INFO  http.HttpServer2 (HttpServer2.java:addFilter(958)) - Added filter static_user_filter (class=org.apache.hadoop.http.lib.StaticUserWebFilter$StaticUserFilter) to context logs
2019-07-13 12:26:53,912 INFO  http.HttpServer2 (HttpServer2.java:bindListener(1191)) - Jetty bound to port 42822
2019-07-13 12:26:53,912 INFO  server.Server (Server.java:doStart(351)) - jetty-9.3.24.v20180605, build timestamp: 2018-06-05T17:11:56Z, git hash: 84205aa28f11a4f31f2a3b86d1bba2cc8ab69827
2019-07-13 12:26:53,916 INFO  handler.ContextHandler (ContextHandler.java:doStart(781)) - Started o.e.j.s.ServletContextHandler@761956ac{/logs,file:///tmp/workdir/hadoop-ozone/integration-test/target/log,AVAILABLE}
2019-07-13 12:26:53,917 INFO  handler.ContextHandler (ContextHandler.java:doStart(781)) - Started o.e.j.s.ServletContextHandler@304d0259{/static,jar:file:/home/user/.m2/repository/org/apache/hadoop/hadoop-hdds-container-service/0.5.0-SNAPSHOT/hadoop-hdds-container-service-0.5.0-SNAPSHOT.jar!/webapps/static,AVAILABLE}
2019-07-13 12:26:53,972 INFO  handler.ContextHandler (ContextHandler.java:doStart(781)) - Started o.e.j.w.WebAppContext@124ac145{/,file:///tmp/jetty-0.0.0.0-42822-hddsDatanode-_-any-4049543071910218694.dir/webapp/,AVAILABLE}{/hddsDatanode}
2019-07-13 12:26:53,973 INFO  server.AbstractConnector (AbstractConnector.java:doStart(278)) - Started ServerConnector@2def7a7a{HTTP/1.1,[http/1.1]}{0.0.0.0:42822}
2019-07-13 12:26:53,974 INFO  server.Server (Server.java:doStart(419)) - Started @4527ms
2019-07-13 12:26:53,977 INFO  server.BaseHttpServer (BaseHttpServer.java:updateConnectorAddress(207)) - HTTP server of HDDSDATANODE is listening at http://0.0.0.0:42822
2019-07-13 12:26:55,006 INFO  ozone.HddsDatanodeService (HddsDatanodeService.java:startPlugins(396)) - Started plug-in org.apache.hadoop.ozone.web.OzoneHddsDatanodeService@69f2cb04
2019-07-13 12:26:55,008 INFO  impl.MetricsSystemImpl (MetricsSystemImpl.java:init(158)) - HddsDatanode metrics system started (again)
2019-07-13 12:26:55,008 INFO  ozone.HddsDatanodeService (HddsDatanodeService.java:start(185)) - HddsDatanodeService host:trunk-nightly-q2gwj-1111726333 ip:192.168.5.181
2019-07-13 12:26:55,014 INFO  util.JvmPauseMonitor (JvmPauseMonitor.java:run(188)) - Starting JVM pause monitor
2019-07-13 12:26:55,018 INFO  volume.HddsVolume (HddsVolume.java:<init>(176)) - Creating Volume: /tmp/workdir/hadoop-ozone/integration-test/target/test-dir/MiniOzoneClusterImpl-c01b761b-2f67-4822-9581-a12a58f3b363/datanode-1/data/containers/hdds of  storage type : DISK and capacity : 52710309888
2019-07-13 12:26:55,018 INFO  volume.VolumeSet (VolumeSet.java:initializeVolumeSet(170)) - Added Volume : /tmp/workdir/hadoop-ozone/integration-test/target/test-dir/MiniOzoneClusterImpl-c01b761b-2f67-4822-9581-a12a58f3b363/datanode-1/data/containers/hdds to VolumeSet
2019-07-13 12:26:55,018 INFO  volume.ThrottledAsyncChecker (ThrottledAsyncChecker.java:schedule(140)) - Scheduling a check for org.apache.hadoop.ozone.container.common.volume.HddsVolume@656a3d6b
2019-07-13 12:26:55,019 INFO  volume.HddsVolumeChecker (HddsVolumeChecker.java:checkAllVolumes(203)) - Scheduled health check for volume org.apache.hadoop.ozone.container.common.volume.HddsVolume@656a3d6b
2019-07-13 12:26:55,036 INFO  impl.RaftServerProxy (ConfUtils.java:logGet(43)) - raft.rpc.type = GRPC (default)
2019-07-13 12:26:55,037 INFO  grpc.GrpcFactory (GrpcFactory.java:checkPooledByteBufAllocatorUseCacheForAllThreads(45)) - PERFORMANCE WARNING: useCacheForAllThreads is true that may cause Netty to create a lot garbage objects and, as a result, trigger GC.
	It is recommended to disable useCacheForAllThreads by setting -Dorg.apache.ratis.thirdparty.io.netty.allocator.useCacheForAllThreads=false in command line.
2019-07-13 12:26:55,037 INFO  grpc.GrpcConfigKeys$Server (ConfUtils.java:logGet(43)) - raft.grpc.server.port = 0 (default)
2019-07-13 12:26:55,037 INFO  server.GrpcService (ConfUtils.java:logGet(43)) - raft.grpc.message.size.max = 33570816 (custom)
2019-07-13 12:26:55,037 INFO  server.RaftServerConfigKeys (ConfUtils.java:logGet(43)) - raft.server.log.appender.buffer.byte-limit = 33554432 (custom)
2019-07-13 12:26:55,037 INFO  server.GrpcService (ConfUtils.java:logGet(43)) - raft.grpc.flow.control.window = 1MB (=1048576) (default)
2019-07-13 12:26:55,038 INFO  server.RaftServerConfigKeys (ConfUtils.java:logGet(43)) - raft.server.rpc.request.timeout = 3000ms (default)
2019-07-13 12:26:55,038 INFO  server.RaftServerConfigKeys (ConfUtils.java:logGet(43)) - raft.server.storage.dir = [/tmp/workdir/hadoop-ozone/integration-test/target/test-dir/MiniOzoneClusterImpl-c01b761b-2f67-4822-9581-a12a58f3b363/datanode-1/data/ratis] (custom)
2019-07-13 12:26:55,039 INFO  replication.SimpleContainerDownloader (SimpleContainerDownloader.java:<init>(72)) - Starting container downloader service to copy containers to replicate.
2019-07-13 12:26:55,040 INFO  hdfs.DFSUtil (DFSUtil.java:httpServerTemplateForNNAndJN(1641)) - Starting Web-server for hddsDatanode at: http://0.0.0.0:0
2019-07-13 12:26:55,041 INFO  server.AuthenticationFilter (AuthenticationFilter.java:constructSecretProvider(240)) - Unable to initialize FileSignerSecretProvider, falling back to use random secrets.
2019-07-13 12:26:55,042 WARN  http.HttpRequestLog (HttpRequestLog.java:getRequestLog(97)) - Jetty request log can only be enabled using Log4j
2019-07-13 12:26:55,043 INFO  http.HttpServer2 (HttpServer2.java:addGlobalFilter(975)) - Added global filter 'safety' (class=org.apache.hadoop.http.HttpServer2$QuotingInputFilter)
2019-07-13 12:26:55,043 INFO  http.HttpServer2 (HttpServer2.java:addFilter(948)) - Added filter static_user_filter (class=org.apache.hadoop.http.lib.StaticUserWebFilter$StaticUserFilter) to context hddsDatanode
2019-07-13 12:26:55,044 INFO  http.HttpServer2 (HttpServer2.java:addFilter(958)) - Added filter static_user_filter (class=org.apache.hadoop.http.lib.StaticUserWebFilter$StaticUserFilter) to context static
2019-07-13 12:26:55,044 INFO  http.HttpServer2 (HttpServer2.java:addFilter(958)) - Added filter static_user_filter (class=org.apache.hadoop.http.lib.StaticUserWebFilter$StaticUserFilter) to context logs
2019-07-13 12:26:55,044 INFO  http.HttpServer2 (HttpServer2.java:bindListener(1191)) - Jetty bound to port 38834
2019-07-13 12:26:55,044 INFO  server.Server (Server.java:doStart(351)) - jetty-9.3.24.v20180605, build timestamp: 2018-06-05T17:11:56Z, git hash: 84205aa28f11a4f31f2a3b86d1bba2cc8ab69827
2019-07-13 12:26:55,046 INFO  handler.ContextHandler (ContextHandler.java:doStart(781)) - Started o.e.j.s.ServletContextHandler@733fb462{/logs,file:///tmp/workdir/hadoop-ozone/integration-test/target/log,AVAILABLE}
2019-07-13 12:26:55,047 INFO  handler.ContextHandler (ContextHandler.java:doStart(781)) - Started o.e.j.s.ServletContextHandler@359066bc{/static,jar:file:/home/user/.m2/repository/org/apache/hadoop/hadoop-hdds-container-service/0.5.0-SNAPSHOT/hadoop-hdds-container-service-0.5.0-SNAPSHOT.jar!/webapps/static,AVAILABLE}
2019-07-13 12:26:55,071 INFO  handler.ContextHandler (ContextHandler.java:doStart(781)) - Started o.e.j.w.WebAppContext@2a8b33ba{/,file:///tmp/jetty-0.0.0.0-38834-hddsDatanode-_-any-3927777635736757433.dir/webapp/,AVAILABLE}{/hddsDatanode}
2019-07-13 12:26:55,072 INFO  server.AbstractConnector (AbstractConnector.java:doStart(278)) - Started ServerConnector@4e8b357d{HTTP/1.1,[http/1.1]}{0.0.0.0:38834}
2019-07-13 12:26:55,072 INFO  server.Server (Server.java:doStart(419)) - Started @5626ms
2019-07-13 12:26:55,074 INFO  server.BaseHttpServer (BaseHttpServer.java:updateConnectorAddress(207)) - HTTP server of HDDSDATANODE is listening at http://0.0.0.0:38834
2019-07-13 12:26:55,146 INFO  datanode.InitDatanodeState (InitDatanodeState.java:persistContainerDatanodeDetails(140)) - DatanodeDetails is persisted to /tmp/workdir/hadoop-ozone/integration-test/target/test-dir/MiniOzoneClusterImpl-c01b761b-2f67-4822-9581-a12a58f3b363/datanode-0/meta/datanode.id
2019-07-13 12:26:55,212 INFO  ozone.HddsDatanodeService (HddsDatanodeService.java:startPlugins(396)) - Started plug-in org.apache.hadoop.ozone.web.OzoneHddsDatanodeService@6097fca9
2019-07-13 12:26:55,212 INFO  impl.MetricsSystemImpl (MetricsSystemImpl.java:init(158)) - HddsDatanode metrics system started (again)
2019-07-13 12:26:55,213 INFO  ozone.HddsDatanodeService (HddsDatanodeService.java:start(185)) - HddsDatanodeService host:trunk-nightly-q2gwj-1111726333 ip:192.168.5.181
2019-07-13 12:26:55,214 INFO  util.JvmPauseMonitor (JvmPauseMonitor.java:run(188)) - Starting JVM pause monitor
2019-07-13 12:26:55,223 INFO  volume.HddsVolume (HddsVolume.java:<init>(176)) - Creating Volume: /tmp/workdir/hadoop-ozone/integration-test/target/test-dir/MiniOzoneClusterImpl-c01b761b-2f67-4822-9581-a12a58f3b363/datanode-2/data/containers/hdds of  storage type : DISK and capacity : 52710309888
2019-07-13 12:26:55,224 INFO  volume.VolumeSet (VolumeSet.java:initializeVolumeSet(170)) - Added Volume : /tmp/workdir/hadoop-ozone/integration-test/target/test-dir/MiniOzoneClusterImpl-c01b761b-2f67-4822-9581-a12a58f3b363/datanode-2/data/containers/hdds to VolumeSet
2019-07-13 12:26:55,224 INFO  volume.ThrottledAsyncChecker (ThrottledAsyncChecker.java:schedule(140)) - Scheduling a check for org.apache.hadoop.ozone.container.common.volume.HddsVolume@6371cf2f
2019-07-13 12:26:55,224 INFO  volume.HddsVolumeChecker (HddsVolumeChecker.java:checkAllVolumes(203)) - Scheduled health check for volume org.apache.hadoop.ozone.container.common.volume.HddsVolume@6371cf2f
2019-07-13 12:26:55,225 INFO  datanode.InitDatanodeState (InitDatanodeState.java:persistContainerDatanodeDetails(140)) - DatanodeDetails is persisted to /tmp/workdir/hadoop-ozone/integration-test/target/test-dir/MiniOzoneClusterImpl-c01b761b-2f67-4822-9581-a12a58f3b363/datanode-1/meta/datanode.id
2019-07-13 12:26:55,238 INFO  impl.RaftServerProxy (ConfUtils.java:logGet(43)) - raft.rpc.type = GRPC (default)
2019-07-13 12:26:55,239 INFO  grpc.GrpcFactory (GrpcFactory.java:checkPooledByteBufAllocatorUseCacheForAllThreads(45)) - PERFORMANCE WARNING: useCacheForAllThreads is true that may cause Netty to create a lot garbage objects and, as a result, trigger GC.
	It is recommended to disable useCacheForAllThreads by setting -Dorg.apache.ratis.thirdparty.io.netty.allocator.useCacheForAllThreads=false in command line.
2019-07-13 12:26:55,239 INFO  grpc.GrpcConfigKeys$Server (ConfUtils.java:logGet(43)) - raft.grpc.server.port = 0 (default)
2019-07-13 12:26:55,239 INFO  server.GrpcService (ConfUtils.java:logGet(43)) - raft.grpc.message.size.max = 33570816 (custom)
2019-07-13 12:26:55,240 INFO  server.RaftServerConfigKeys (ConfUtils.java:logGet(43)) - raft.server.log.appender.buffer.byte-limit = 33554432 (custom)
2019-07-13 12:26:55,240 INFO  server.GrpcService (ConfUtils.java:logGet(43)) - raft.grpc.flow.control.window = 1MB (=1048576) (default)
2019-07-13 12:26:55,240 INFO  server.RaftServerConfigKeys (ConfUtils.java:logGet(43)) - raft.server.rpc.request.timeout = 3000ms (default)
2019-07-13 12:26:55,241 INFO  server.RaftServerConfigKeys (ConfUtils.java:logGet(43)) - raft.server.storage.dir = [/tmp/workdir/hadoop-ozone/integration-test/target/test-dir/MiniOzoneClusterImpl-c01b761b-2f67-4822-9581-a12a58f3b363/datanode-2/data/ratis] (custom)
2019-07-13 12:26:55,242 INFO  replication.SimpleContainerDownloader (SimpleContainerDownloader.java:<init>(72)) - Starting container downloader service to copy containers to replicate.
2019-07-13 12:26:55,243 INFO  hdfs.DFSUtil (DFSUtil.java:httpServerTemplateForNNAndJN(1641)) - Starting Web-server for hddsDatanode at: http://0.0.0.0:0
2019-07-13 12:26:55,244 INFO  server.AuthenticationFilter (AuthenticationFilter.java:constructSecretProvider(240)) - Unable to initialize FileSignerSecretProvider, falling back to use random secrets.
2019-07-13 12:26:55,244 WARN  http.HttpRequestLog (HttpRequestLog.java:getRequestLog(97)) - Jetty request log can only be enabled using Log4j
2019-07-13 12:26:55,245 INFO  http.HttpServer2 (HttpServer2.java:addGlobalFilter(975)) - Added global filter 'safety' (class=org.apache.hadoop.http.HttpServer2$QuotingInputFilter)
2019-07-13 12:26:55,246 INFO  http.HttpServer2 (HttpServer2.java:addFilter(948)) - Added filter static_user_filter (class=org.apache.hadoop.http.lib.StaticUserWebFilter$StaticUserFilter) to context hddsDatanode
2019-07-13 12:26:55,246 INFO  http.HttpServer2 (HttpServer2.java:addFilter(958)) - Added filter static_user_filter (class=org.apache.hadoop.http.lib.StaticUserWebFilter$StaticUserFilter) to context logs
2019-07-13 12:26:55,246 INFO  http.HttpServer2 (HttpServer2.java:addFilter(958)) - Added filter static_user_filter (class=org.apache.hadoop.http.lib.StaticUserWebFilter$StaticUserFilter) to context static
2019-07-13 12:26:55,247 INFO  http.HttpServer2 (HttpServer2.java:bindListener(1191)) - Jetty bound to port 40922
2019-07-13 12:26:55,247 INFO  server.Server (Server.java:doStart(351)) - jetty-9.3.24.v20180605, build timestamp: 2018-06-05T17:11:56Z, git hash: 84205aa28f11a4f31f2a3b86d1bba2cc8ab69827
2019-07-13 12:26:55,250 INFO  handler.ContextHandler (ContextHandler.java:doStart(781)) - Started o.e.j.s.ServletContextHandler@3b97907c{/logs,file:///tmp/workdir/hadoop-ozone/integration-test/target/log,AVAILABLE}
2019-07-13 12:26:55,251 INFO  handler.ContextHandler (ContextHandler.java:doStart(781)) - Started o.e.j.s.ServletContextHandler@631c6d11{/static,jar:file:/home/user/.m2/repository/org/apache/hadoop/hadoop-hdds-container-service/0.5.0-SNAPSHOT/hadoop-hdds-container-service-0.5.0-SNAPSHOT.jar!/webapps/static,AVAILABLE}
2019-07-13 12:26:55,275 INFO  handler.ContextHandler (ContextHandler.java:doStart(781)) - Started o.e.j.w.WebAppContext@61608e1a{/,file:///tmp/jetty-0.0.0.0-40922-hddsDatanode-_-any-558265947671606343.dir/webapp/,AVAILABLE}{/hddsDatanode}
2019-07-13 12:26:55,276 INFO  server.AbstractConnector (AbstractConnector.java:doStart(278)) - Started ServerConnector@7c46c9c3{HTTP/1.1,[http/1.1]}{0.0.0.0:40922}
2019-07-13 12:26:55,276 INFO  server.Server (Server.java:doStart(419)) - Started @5830ms
2019-07-13 12:26:55,278 INFO  server.BaseHttpServer (BaseHttpServer.java:updateConnectorAddress(207)) - HTTP server of HDDSDATANODE is listening at http://0.0.0.0:40922
2019-07-13 12:26:55,389 INFO  ozone.HddsDatanodeService (HddsDatanodeService.java:startPlugins(396)) - Started plug-in org.apache.hadoop.ozone.web.OzoneHddsDatanodeService@4026461d
2019-07-13 12:26:55,389 INFO  impl.MetricsSystemImpl (MetricsSystemImpl.java:init(158)) - HddsDatanode metrics system started (again)
2019-07-13 12:26:55,390 INFO  ozone.HddsDatanodeService (HddsDatanodeService.java:start(185)) - HddsDatanodeService host:trunk-nightly-q2gwj-1111726333 ip:192.168.5.181
2019-07-13 12:26:55,391 INFO  util.JvmPauseMonitor (JvmPauseMonitor.java:run(188)) - Starting JVM pause monitor
2019-07-13 12:26:55,394 INFO  datanode.InitDatanodeState (InitDatanodeState.java:persistContainerDatanodeDetails(140)) - DatanodeDetails is persisted to /tmp/workdir/hadoop-ozone/integration-test/target/test-dir/MiniOzoneClusterImpl-c01b761b-2f67-4822-9581-a12a58f3b363/datanode-2/meta/datanode.id
2019-07-13 12:26:55,399 INFO  volume.HddsVolume (HddsVolume.java:<init>(176)) - Creating Volume: /tmp/workdir/hadoop-ozone/integration-test/target/test-dir/MiniOzoneClusterImpl-c01b761b-2f67-4822-9581-a12a58f3b363/datanode-3/data/containers/hdds of  storage type : DISK and capacity : 52710309888
2019-07-13 12:26:55,399 INFO  volume.VolumeSet (VolumeSet.java:initializeVolumeSet(170)) - Added Volume : /tmp/workdir/hadoop-ozone/integration-test/target/test-dir/MiniOzoneClusterImpl-c01b761b-2f67-4822-9581-a12a58f3b363/datanode-3/data/containers/hdds to VolumeSet
2019-07-13 12:26:55,399 INFO  volume.ThrottledAsyncChecker (ThrottledAsyncChecker.java:schedule(140)) - Scheduling a check for org.apache.hadoop.ozone.container.common.volume.HddsVolume@57bd6a8f
2019-07-13 12:26:55,399 INFO  volume.HddsVolumeChecker (HddsVolumeChecker.java:checkAllVolumes(203)) - Scheduled health check for volume org.apache.hadoop.ozone.container.common.volume.HddsVolume@57bd6a8f
2019-07-13 12:26:55,412 INFO  impl.RaftServerProxy (ConfUtils.java:logGet(43)) - raft.rpc.type = GRPC (default)
2019-07-13 12:26:55,412 INFO  grpc.GrpcFactory (GrpcFactory.java:checkPooledByteBufAllocatorUseCacheForAllThreads(45)) - PERFORMANCE WARNING: useCacheForAllThreads is true that may cause Netty to create a lot garbage objects and, as a result, trigger GC.
	It is recommended to disable useCacheForAllThreads by setting -Dorg.apache.ratis.thirdparty.io.netty.allocator.useCacheForAllThreads=false in command line.
2019-07-13 12:26:55,412 INFO  grpc.GrpcConfigKeys$Server (ConfUtils.java:logGet(43)) - raft.grpc.server.port = 0 (default)
2019-07-13 12:26:55,412 INFO  server.GrpcService (ConfUtils.java:logGet(43)) - raft.grpc.message.size.max = 33570816 (custom)
2019-07-13 12:26:55,413 INFO  server.RaftServerConfigKeys (ConfUtils.java:logGet(43)) - raft.server.log.appender.buffer.byte-limit = 33554432 (custom)
2019-07-13 12:26:55,413 INFO  server.GrpcService (ConfUtils.java:logGet(43)) - raft.grpc.flow.control.window = 1MB (=1048576) (default)
2019-07-13 12:26:55,413 INFO  server.RaftServerConfigKeys (ConfUtils.java:logGet(43)) - raft.server.rpc.request.timeout = 3000ms (default)
2019-07-13 12:26:55,414 INFO  server.RaftServerConfigKeys (ConfUtils.java:logGet(43)) - raft.server.storage.dir = [/tmp/workdir/hadoop-ozone/integration-test/target/test-dir/MiniOzoneClusterImpl-c01b761b-2f67-4822-9581-a12a58f3b363/datanode-3/data/ratis] (custom)
2019-07-13 12:26:55,414 INFO  replication.SimpleContainerDownloader (SimpleContainerDownloader.java:<init>(72)) - Starting container downloader service to copy containers to replicate.
2019-07-13 12:26:55,415 INFO  hdfs.DFSUtil (DFSUtil.java:httpServerTemplateForNNAndJN(1641)) - Starting Web-server for hddsDatanode at: http://0.0.0.0:0
2019-07-13 12:26:55,416 INFO  server.AuthenticationFilter (AuthenticationFilter.java:constructSecretProvider(240)) - Unable to initialize FileSignerSecretProvider, falling back to use random secrets.
2019-07-13 12:26:55,416 WARN  http.HttpRequestLog (HttpRequestLog.java:getRequestLog(97)) - Jetty request log can only be enabled using Log4j
2019-07-13 12:26:55,417 INFO  http.HttpServer2 (HttpServer2.java:addGlobalFilter(975)) - Added global filter 'safety' (class=org.apache.hadoop.http.HttpServer2$QuotingInputFilter)
2019-07-13 12:26:55,418 INFO  http.HttpServer2 (HttpServer2.java:addFilter(948)) - Added filter static_user_filter (class=org.apache.hadoop.http.lib.StaticUserWebFilter$StaticUserFilter) to context hddsDatanode
2019-07-13 12:26:55,418 INFO  http.HttpServer2 (HttpServer2.java:addFilter(958)) - Added filter static_user_filter (class=org.apache.hadoop.http.lib.StaticUserWebFilter$StaticUserFilter) to context static
2019-07-13 12:26:55,418 INFO  http.HttpServer2 (HttpServer2.java:addFilter(958)) - Added filter static_user_filter (class=org.apache.hadoop.http.lib.StaticUserWebFilter$StaticUserFilter) to context logs
2019-07-13 12:26:55,418 INFO  http.HttpServer2 (HttpServer2.java:bindListener(1191)) - Jetty bound to port 41456
2019-07-13 12:26:55,419 INFO  server.Server (Server.java:doStart(351)) - jetty-9.3.24.v20180605, build timestamp: 2018-06-05T17:11:56Z, git hash: 84205aa28f11a4f31f2a3b86d1bba2cc8ab69827
2019-07-13 12:26:55,420 INFO  handler.ContextHandler (ContextHandler.java:doStart(781)) - Started o.e.j.s.ServletContextHandler@5f395ce1{/logs,file:///tmp/workdir/hadoop-ozone/integration-test/target/log,AVAILABLE}
2019-07-13 12:26:55,421 INFO  handler.ContextHandler (ContextHandler.java:doStart(781)) - Started o.e.j.s.ServletContextHandler@1e30db85{/static,jar:file:/home/user/.m2/repository/org/apache/hadoop/hadoop-hdds-container-service/0.5.0-SNAPSHOT/hadoop-hdds-container-service-0.5.0-SNAPSHOT.jar!/webapps/static,AVAILABLE}
2019-07-13 12:26:55,442 INFO  handler.ContextHandler (ContextHandler.java:doStart(781)) - Started o.e.j.w.WebAppContext@1e00bfe2{/,file:///tmp/jetty-0.0.0.0-41456-hddsDatanode-_-any-8190910111667556752.dir/webapp/,AVAILABLE}{/hddsDatanode}
2019-07-13 12:26:55,442 INFO  server.AbstractConnector (AbstractConnector.java:doStart(278)) - Started ServerConnector@4702e7a5{HTTP/1.1,[http/1.1]}{0.0.0.0:41456}
2019-07-13 12:26:55,443 INFO  server.Server (Server.java:doStart(419)) - Started @5997ms
2019-07-13 12:26:55,445 INFO  server.BaseHttpServer (BaseHttpServer.java:updateConnectorAddress(207)) - HTTP server of HDDSDATANODE is listening at http://0.0.0.0:41456
2019-07-13 12:26:55,548 INFO  ozone.HddsDatanodeService (HddsDatanodeService.java:startPlugins(396)) - Started plug-in org.apache.hadoop.ozone.web.OzoneHddsDatanodeService@1bd8afc8
2019-07-13 12:26:55,549 INFO  impl.MetricsSystemImpl (MetricsSystemImpl.java:init(158)) - HddsDatanode metrics system started (again)
2019-07-13 12:26:55,549 INFO  ozone.HddsDatanodeService (HddsDatanodeService.java:start(185)) - HddsDatanodeService host:trunk-nightly-q2gwj-1111726333 ip:192.168.5.181
2019-07-13 12:26:55,550 INFO  util.JvmPauseMonitor (JvmPauseMonitor.java:run(188)) - Starting JVM pause monitor
2019-07-13 12:26:55,553 INFO  datanode.InitDatanodeState (InitDatanodeState.java:persistContainerDatanodeDetails(140)) - DatanodeDetails is persisted to /tmp/workdir/hadoop-ozone/integration-test/target/test-dir/MiniOzoneClusterImpl-c01b761b-2f67-4822-9581-a12a58f3b363/datanode-3/meta/datanode.id
2019-07-13 12:26:55,559 INFO  volume.HddsVolume (HddsVolume.java:<init>(176)) - Creating Volume: /tmp/workdir/hadoop-ozone/integration-test/target/test-dir/MiniOzoneClusterImpl-c01b761b-2f67-4822-9581-a12a58f3b363/datanode-4/data/containers/hdds of  storage type : DISK and capacity : 52710309888
2019-07-13 12:26:55,560 INFO  volume.VolumeSet (VolumeSet.java:initializeVolumeSet(170)) - Added Volume : /tmp/workdir/hadoop-ozone/integration-test/target/test-dir/MiniOzoneClusterImpl-c01b761b-2f67-4822-9581-a12a58f3b363/datanode-4/data/containers/hdds to VolumeSet
2019-07-13 12:26:55,560 INFO  volume.ThrottledAsyncChecker (ThrottledAsyncChecker.java:schedule(140)) - Scheduling a check for org.apache.hadoop.ozone.container.common.volume.HddsVolume@77a0dd63
2019-07-13 12:26:55,561 INFO  volume.HddsVolumeChecker (HddsVolumeChecker.java:checkAllVolumes(203)) - Scheduled health check for volume org.apache.hadoop.ozone.container.common.volume.HddsVolume@77a0dd63
2019-07-13 12:26:55,583 INFO  impl.RaftServerProxy (ConfUtils.java:logGet(43)) - raft.rpc.type = GRPC (default)
2019-07-13 12:26:55,583 INFO  grpc.GrpcFactory (GrpcFactory.java:checkPooledByteBufAllocatorUseCacheForAllThreads(45)) - PERFORMANCE WARNING: useCacheForAllThreads is true that may cause Netty to create a lot garbage objects and, as a result, trigger GC.
	It is recommended to disable useCacheForAllThreads by setting -Dorg.apache.ratis.thirdparty.io.netty.allocator.useCacheForAllThreads=false in command line.
2019-07-13 12:26:55,583 INFO  grpc.GrpcConfigKeys$Server (ConfUtils.java:logGet(43)) - raft.grpc.server.port = 0 (default)
2019-07-13 12:26:55,584 INFO  server.GrpcService (ConfUtils.java:logGet(43)) - raft.grpc.message.size.max = 33570816 (custom)
2019-07-13 12:26:55,584 INFO  server.RaftServerConfigKeys (ConfUtils.java:logGet(43)) - raft.server.log.appender.buffer.byte-limit = 33554432 (custom)
2019-07-13 12:26:55,585 INFO  server.GrpcService (ConfUtils.java:logGet(43)) - raft.grpc.flow.control.window = 1MB (=1048576) (default)
2019-07-13 12:26:55,585 INFO  server.RaftServerConfigKeys (ConfUtils.java:logGet(43)) - raft.server.rpc.request.timeout = 3000ms (default)
2019-07-13 12:26:55,586 INFO  server.RaftServerConfigKeys (ConfUtils.java:logGet(43)) - raft.server.storage.dir = [/tmp/workdir/hadoop-ozone/integration-test/target/test-dir/MiniOzoneClusterImpl-c01b761b-2f67-4822-9581-a12a58f3b363/datanode-4/data/ratis] (custom)
2019-07-13 12:26:55,587 INFO  replication.SimpleContainerDownloader (SimpleContainerDownloader.java:<init>(72)) - Starting container downloader service to copy containers to replicate.
2019-07-13 12:26:55,588 INFO  hdfs.DFSUtil (DFSUtil.java:httpServerTemplateForNNAndJN(1641)) - Starting Web-server for hddsDatanode at: http://0.0.0.0:0
2019-07-13 12:26:55,590 INFO  server.AuthenticationFilter (AuthenticationFilter.java:constructSecretProvider(240)) - Unable to initialize FileSignerSecretProvider, falling back to use random secrets.
2019-07-13 12:26:55,590 WARN  http.HttpRequestLog (HttpRequestLog.java:getRequestLog(97)) - Jetty request log can only be enabled using Log4j
2019-07-13 12:26:55,592 INFO  http.HttpServer2 (HttpServer2.java:addGlobalFilter(975)) - Added global filter 'safety' (class=org.apache.hadoop.http.HttpServer2$QuotingInputFilter)
2019-07-13 12:26:55,593 INFO  http.HttpServer2 (HttpServer2.java:addFilter(948)) - Added filter static_user_filter (class=org.apache.hadoop.http.lib.StaticUserWebFilter$StaticUserFilter) to context hddsDatanode
2019-07-13 12:26:55,593 INFO  http.HttpServer2 (HttpServer2.java:addFilter(958)) - Added filter static_user_filter (class=org.apache.hadoop.http.lib.StaticUserWebFilter$StaticUserFilter) to context static
2019-07-13 12:26:55,593 INFO  http.HttpServer2 (HttpServer2.java:addFilter(958)) - Added filter static_user_filter (class=org.apache.hadoop.http.lib.StaticUserWebFilter$StaticUserFilter) to context logs
2019-07-13 12:26:55,594 INFO  http.HttpServer2 (HttpServer2.java:bindListener(1191)) - Jetty bound to port 44242
2019-07-13 12:26:55,595 INFO  server.Server (Server.java:doStart(351)) - jetty-9.3.24.v20180605, build timestamp: 2018-06-05T17:11:56Z, git hash: 84205aa28f11a4f31f2a3b86d1bba2cc8ab69827
2019-07-13 12:26:55,599 INFO  handler.ContextHandler (ContextHandler.java:doStart(781)) - Started o.e.j.s.ServletContextHandler@7aa01bd9{/logs,file:///tmp/workdir/hadoop-ozone/integration-test/target/log,AVAILABLE}
2019-07-13 12:26:55,600 INFO  handler.ContextHandler (ContextHandler.java:doStart(781)) - Started o.e.j.s.ServletContextHandler@615db358{/static,jar:file:/home/user/.m2/repository/org/apache/hadoop/hadoop-hdds-container-service/0.5.0-SNAPSHOT/hadoop-hdds-container-service-0.5.0-SNAPSHOT.jar!/webapps/static,AVAILABLE}
2019-07-13 12:26:55,635 INFO  handler.ContextHandler (ContextHandler.java:doStart(781)) - Started o.e.j.w.WebAppContext@34136bd1{/,file:///tmp/jetty-0.0.0.0-44242-hddsDatanode-_-any-3297737252035821338.dir/webapp/,AVAILABLE}{/hddsDatanode}
2019-07-13 12:26:55,636 INFO  server.AbstractConnector (AbstractConnector.java:doStart(278)) - Started ServerConnector@6de7778f{HTTP/1.1,[http/1.1]}{0.0.0.0:44242}
2019-07-13 12:26:55,637 INFO  server.Server (Server.java:doStart(419)) - Started @6191ms
2019-07-13 12:26:55,640 INFO  server.BaseHttpServer (BaseHttpServer.java:updateConnectorAddress(207)) - HTTP server of HDDSDATANODE is listening at http://0.0.0.0:44242
2019-07-13 12:26:55,759 INFO  ozone.HddsDatanodeService (HddsDatanodeService.java:startPlugins(396)) - Started plug-in org.apache.hadoop.ozone.web.OzoneHddsDatanodeService@5fdd97c1
2019-07-13 12:26:55,760 INFO  impl.MetricsSystemImpl (MetricsSystemImpl.java:init(158)) - HddsDatanode metrics system started (again)
2019-07-13 12:26:55,760 INFO  ozone.HddsDatanodeService (HddsDatanodeService.java:start(185)) - HddsDatanodeService host:trunk-nightly-q2gwj-1111726333 ip:192.168.5.181
2019-07-13 12:26:55,762 INFO  util.JvmPauseMonitor (JvmPauseMonitor.java:run(188)) - Starting JVM pause monitor
2019-07-13 12:26:55,765 INFO  datanode.InitDatanodeState (InitDatanodeState.java:persistContainerDatanodeDetails(140)) - DatanodeDetails is persisted to /tmp/workdir/hadoop-ozone/integration-test/target/test-dir/MiniOzoneClusterImpl-c01b761b-2f67-4822-9581-a12a58f3b363/datanode-4/meta/datanode.id
2019-07-13 12:26:55,769 INFO  volume.HddsVolume (HddsVolume.java:<init>(176)) - Creating Volume: /tmp/workdir/hadoop-ozone/integration-test/target/test-dir/MiniOzoneClusterImpl-c01b761b-2f67-4822-9581-a12a58f3b363/datanode-5/data/containers/hdds of  storage type : DISK and capacity : 52710309888
2019-07-13 12:26:55,769 INFO  volume.VolumeSet (VolumeSet.java:initializeVolumeSet(170)) - Added Volume : /tmp/workdir/hadoop-ozone/integration-test/target/test-dir/MiniOzoneClusterImpl-c01b761b-2f67-4822-9581-a12a58f3b363/datanode-5/data/containers/hdds to VolumeSet
2019-07-13 12:26:55,769 INFO  volume.ThrottledAsyncChecker (ThrottledAsyncChecker.java:schedule(140)) - Scheduling a check for org.apache.hadoop.ozone.container.common.volume.HddsVolume@37d3e140
2019-07-13 12:26:55,770 INFO  volume.HddsVolumeChecker (HddsVolumeChecker.java:checkAllVolumes(203)) - Scheduled health check for volume org.apache.hadoop.ozone.container.common.volume.HddsVolume@37d3e140
2019-07-13 12:26:55,782 INFO  impl.RaftServerProxy (ConfUtils.java:logGet(43)) - raft.rpc.type = GRPC (default)
2019-07-13 12:26:55,782 INFO  grpc.GrpcFactory (GrpcFactory.java:checkPooledByteBufAllocatorUseCacheForAllThreads(45)) - PERFORMANCE WARNING: useCacheForAllThreads is true that may cause Netty to create a lot garbage objects and, as a result, trigger GC.
	It is recommended to disable useCacheForAllThreads by setting -Dorg.apache.ratis.thirdparty.io.netty.allocator.useCacheForAllThreads=false in command line.
2019-07-13 12:26:55,783 INFO  grpc.GrpcConfigKeys$Server (ConfUtils.java:logGet(43)) - raft.grpc.server.port = 0 (default)
2019-07-13 12:26:55,783 INFO  server.GrpcService (ConfUtils.java:logGet(43)) - raft.grpc.message.size.max = 33570816 (custom)
2019-07-13 12:26:55,784 INFO  server.RaftServerConfigKeys (ConfUtils.java:logGet(43)) - raft.server.log.appender.buffer.byte-limit = 33554432 (custom)
2019-07-13 12:26:55,784 INFO  server.GrpcService (ConfUtils.java:logGet(43)) - raft.grpc.flow.control.window = 1MB (=1048576) (default)
2019-07-13 12:26:55,784 INFO  server.RaftServerConfigKeys (ConfUtils.java:logGet(43)) - raft.server.rpc.request.timeout = 3000ms (default)
2019-07-13 12:26:55,784 INFO  server.RaftServerConfigKeys (ConfUtils.java:logGet(43)) - raft.server.storage.dir = [/tmp/workdir/hadoop-ozone/integration-test/target/test-dir/MiniOzoneClusterImpl-c01b761b-2f67-4822-9581-a12a58f3b363/datanode-5/data/ratis] (custom)
2019-07-13 12:26:55,785 INFO  replication.SimpleContainerDownloader (SimpleContainerDownloader.java:<init>(72)) - Starting container downloader service to copy containers to replicate.
2019-07-13 12:26:55,786 INFO  hdfs.DFSUtil (DFSUtil.java:httpServerTemplateForNNAndJN(1641)) - Starting Web-server for hddsDatanode at: http://0.0.0.0:0
2019-07-13 12:26:55,787 INFO  server.AuthenticationFilter (AuthenticationFilter.java:constructSecretProvider(240)) - Unable to initialize FileSignerSecretProvider, falling back to use random secrets.
2019-07-13 12:26:55,787 WARN  http.HttpRequestLog (HttpRequestLog.java:getRequestLog(97)) - Jetty request log can only be enabled using Log4j
2019-07-13 12:26:55,789 INFO  http.HttpServer2 (HttpServer2.java:addGlobalFilter(975)) - Added global filter 'safety' (class=org.apache.hadoop.http.HttpServer2$QuotingInputFilter)
2019-07-13 12:26:55,789 INFO  http.HttpServer2 (HttpServer2.java:addFilter(948)) - Added filter static_user_filter (class=org.apache.hadoop.http.lib.StaticUserWebFilter$StaticUserFilter) to context hddsDatanode
2019-07-13 12:26:55,789 INFO  http.HttpServer2 (HttpServer2.java:addFilter(958)) - Added filter static_user_filter (class=org.apache.hadoop.http.lib.StaticUserWebFilter$StaticUserFilter) to context static
2019-07-13 12:26:55,790 INFO  http.HttpServer2 (HttpServer2.java:addFilter(958)) - Added filter static_user_filter (class=org.apache.hadoop.http.lib.StaticUserWebFilter$StaticUserFilter) to context logs
2019-07-13 12:26:55,790 INFO  http.HttpServer2 (HttpServer2.java:bindListener(1191)) - Jetty bound to port 45165
2019-07-13 12:26:55,790 INFO  server.Server (Server.java:doStart(351)) - jetty-9.3.24.v20180605, build timestamp: 2018-06-05T17:11:56Z, git hash: 84205aa28f11a4f31f2a3b86d1bba2cc8ab69827
2019-07-13 12:26:55,792 INFO  handler.ContextHandler (ContextHandler.java:doStart(781)) - Started o.e.j.s.ServletContextHandler@545d2560{/logs,file:///tmp/workdir/hadoop-ozone/integration-test/target/log,AVAILABLE}
2019-07-13 12:26:55,793 INFO  handler.ContextHandler (ContextHandler.java:doStart(781)) - Started o.e.j.s.ServletContextHandler@6885ed19{/static,jar:file:/home/user/.m2/repository/org/apache/hadoop/hadoop-hdds-container-service/0.5.0-SNAPSHOT/hadoop-hdds-container-service-0.5.0-SNAPSHOT.jar!/webapps/static,AVAILABLE}
2019-07-13 12:26:55,816 INFO  handler.ContextHandler (ContextHandler.java:doStart(781)) - Started o.e.j.w.WebAppContext@40c8067{/,file:///tmp/jetty-0.0.0.0-45165-hddsDatanode-_-any-7808692763622003461.dir/webapp/,AVAILABLE}{/hddsDatanode}
2019-07-13 12:26:55,816 INFO  server.AbstractConnector (AbstractConnector.java:doStart(278)) - Started ServerConnector@46bb0bdf{HTTP/1.1,[http/1.1]}{0.0.0.0:45165}
2019-07-13 12:26:55,817 INFO  server.Server (Server.java:doStart(419)) - Started @6370ms
2019-07-13 12:26:55,818 INFO  server.BaseHttpServer (BaseHttpServer.java:updateConnectorAddress(207)) - HTTP server of HDDSDATANODE is listening at http://0.0.0.0:45165
2019-07-13 12:26:55,909 INFO  ozone.HddsDatanodeService (HddsDatanodeService.java:startPlugins(396)) - Started plug-in org.apache.hadoop.ozone.web.OzoneHddsDatanodeService@7d25913
2019-07-13 12:26:55,909 INFO  impl.MetricsSystemImpl (MetricsSystemImpl.java:init(158)) - HddsDatanode metrics system started (again)
2019-07-13 12:26:55,910 INFO  ozone.HddsDatanodeService (HddsDatanodeService.java:start(185)) - HddsDatanodeService host:trunk-nightly-q2gwj-1111726333 ip:192.168.5.181
2019-07-13 12:26:55,912 INFO  util.JvmPauseMonitor (JvmPauseMonitor.java:run(188)) - Starting JVM pause monitor
2019-07-13 12:26:55,920 INFO  datanode.InitDatanodeState (InitDatanodeState.java:persistContainerDatanodeDetails(140)) - DatanodeDetails is persisted to /tmp/workdir/hadoop-ozone/integration-test/target/test-dir/MiniOzoneClusterImpl-c01b761b-2f67-4822-9581-a12a58f3b363/datanode-5/meta/datanode.id
2019-07-13 12:26:55,921 INFO  volume.HddsVolume (HddsVolume.java:<init>(176)) - Creating Volume: /tmp/workdir/hadoop-ozone/integration-test/target/test-dir/MiniOzoneClusterImpl-c01b761b-2f67-4822-9581-a12a58f3b363/datanode-6/data/containers/hdds of  storage type : DISK and capacity : 52710309888
2019-07-13 12:26:55,921 INFO  volume.VolumeSet (VolumeSet.java:initializeVolumeSet(170)) - Added Volume : /tmp/workdir/hadoop-ozone/integration-test/target/test-dir/MiniOzoneClusterImpl-c01b761b-2f67-4822-9581-a12a58f3b363/datanode-6/data/containers/hdds to VolumeSet
2019-07-13 12:26:55,921 INFO  volume.ThrottledAsyncChecker (ThrottledAsyncChecker.java:schedule(140)) - Scheduling a check for org.apache.hadoop.ozone.container.common.volume.HddsVolume@40a1b6d4
2019-07-13 12:26:55,922 INFO  volume.HddsVolumeChecker (HddsVolumeChecker.java:checkAllVolumes(203)) - Scheduled health check for volume org.apache.hadoop.ozone.container.common.volume.HddsVolume@40a1b6d4
2019-07-13 12:26:56,013 INFO  impl.RaftServerProxy (ConfUtils.java:logGet(43)) - raft.rpc.type = GRPC (default)
2019-07-13 12:26:56,014 INFO  grpc.GrpcFactory (GrpcFactory.java:checkPooledByteBufAllocatorUseCacheForAllThreads(45)) - PERFORMANCE WARNING: useCacheForAllThreads is true that may cause Netty to create a lot garbage objects and, as a result, trigger GC.
	It is recommended to disable useCacheForAllThreads by setting -Dorg.apache.ratis.thirdparty.io.netty.allocator.useCacheForAllThreads=false in command line.
2019-07-13 12:26:56,014 INFO  grpc.GrpcConfigKeys$Server (ConfUtils.java:logGet(43)) - raft.grpc.server.port = 0 (default)
2019-07-13 12:26:56,014 INFO  server.GrpcService (ConfUtils.java:logGet(43)) - raft.grpc.message.size.max = 33570816 (custom)
2019-07-13 12:26:56,015 INFO  server.RaftServerConfigKeys (ConfUtils.java:logGet(43)) - raft.server.log.appender.buffer.byte-limit = 33554432 (custom)
2019-07-13 12:26:56,015 INFO  server.GrpcService (ConfUtils.java:logGet(43)) - raft.grpc.flow.control.window = 1MB (=1048576) (default)
2019-07-13 12:26:56,015 INFO  server.RaftServerConfigKeys (ConfUtils.java:logGet(43)) - raft.server.rpc.request.timeout = 3000ms (default)
2019-07-13 12:26:56,016 INFO  server.RaftServerConfigKeys (ConfUtils.java:logGet(43)) - raft.server.storage.dir = [/tmp/workdir/hadoop-ozone/integration-test/target/test-dir/MiniOzoneClusterImpl-c01b761b-2f67-4822-9581-a12a58f3b363/datanode-6/data/ratis] (custom)
2019-07-13 12:26:56,017 INFO  replication.SimpleContainerDownloader (SimpleContainerDownloader.java:<init>(72)) - Starting container downloader service to copy containers to replicate.
2019-07-13 12:26:56,018 INFO  hdfs.DFSUtil (DFSUtil.java:httpServerTemplateForNNAndJN(1641)) - Starting Web-server for hddsDatanode at: http://0.0.0.0:0
2019-07-13 12:26:56,020 INFO  server.AuthenticationFilter (AuthenticationFilter.java:constructSecretProvider(240)) - Unable to initialize FileSignerSecretProvider, falling back to use random secrets.
2019-07-13 12:26:56,020 WARN  http.HttpRequestLog (HttpRequestLog.java:getRequestLog(97)) - Jetty request log can only be enabled using Log4j
2019-07-13 12:26:56,022 INFO  http.HttpServer2 (HttpServer2.java:addGlobalFilter(975)) - Added global filter 'safety' (class=org.apache.hadoop.http.HttpServer2$QuotingInputFilter)
2019-07-13 12:26:56,023 INFO  http.HttpServer2 (HttpServer2.java:addFilter(948)) - Added filter static_user_filter (class=org.apache.hadoop.http.lib.StaticUserWebFilter$StaticUserFilter) to context hddsDatanode
2019-07-13 12:26:56,024 INFO  http.HttpServer2 (HttpServer2.java:addFilter(958)) - Added filter static_user_filter (class=org.apache.hadoop.http.lib.StaticUserWebFilter$StaticUserFilter) to context static
2019-07-13 12:26:56,024 INFO  http.HttpServer2 (HttpServer2.java:addFilter(958)) - Added filter static_user_filter (class=org.apache.hadoop.http.lib.StaticUserWebFilter$StaticUserFilter) to context logs
2019-07-13 12:26:56,025 INFO  http.HttpServer2 (HttpServer2.java:bindListener(1191)) - Jetty bound to port 38199
2019-07-13 12:26:56,025 INFO  server.Server (Server.java:doStart(351)) - jetty-9.3.24.v20180605, build timestamp: 2018-06-05T17:11:56Z, git hash: 84205aa28f11a4f31f2a3b86d1bba2cc8ab69827
2019-07-13 12:26:56,027 INFO  handler.ContextHandler (ContextHandler.java:doStart(781)) - Started o.e.j.s.ServletContextHandler@718989fa{/logs,file:///tmp/workdir/hadoop-ozone/integration-test/target/log,AVAILABLE}
2019-07-13 12:26:56,028 INFO  handler.ContextHandler (ContextHandler.java:doStart(781)) - Started o.e.j.s.ServletContextHandler@6568f998{/static,jar:file:/home/user/.m2/repository/org/apache/hadoop/hadoop-hdds-container-service/0.5.0-SNAPSHOT/hadoop-hdds-container-service-0.5.0-SNAPSHOT.jar!/webapps/static,AVAILABLE}
2019-07-13 12:26:56,065 INFO  handler.ContextHandler (ContextHandler.java:doStart(781)) - Started o.e.j.w.WebAppContext@448ade1{/,file:///tmp/jetty-0.0.0.0-38199-hddsDatanode-_-any-6451776147356418347.dir/webapp/,AVAILABLE}{/hddsDatanode}
2019-07-13 12:26:56,066 INFO  server.AbstractConnector (AbstractConnector.java:doStart(278)) - Started ServerConnector@21f9c6ea{HTTP/1.1,[http/1.1]}{0.0.0.0:38199}
2019-07-13 12:26:56,067 INFO  server.Server (Server.java:doStart(419)) - Started @6620ms
2019-07-13 12:26:56,068 INFO  server.BaseHttpServer (BaseHttpServer.java:updateConnectorAddress(207)) - HTTP server of HDDSDATANODE is listening at http://0.0.0.0:38199
2019-07-13 12:26:56,183 INFO  ozone.HddsDatanodeService (HddsDatanodeService.java:startPlugins(396)) - Started plug-in org.apache.hadoop.ozone.web.OzoneHddsDatanodeService@112c2930
2019-07-13 12:26:56,184 INFO  ozone.MiniOzoneClusterImpl (MiniOzoneClusterImpl.java:lambda$waitForClusterToBeReady$0(142)) - Waiting for cluster to be ready. Got 0 of 7 DN Heartbeats.
2019-07-13 12:26:56,185 INFO  util.JvmPauseMonitor (JvmPauseMonitor.java:run(188)) - Starting JVM pause monitor
2019-07-13 12:26:56,187 INFO  datanode.InitDatanodeState (InitDatanodeState.java:persistContainerDatanodeDetails(140)) - DatanodeDetails is persisted to /tmp/workdir/hadoop-ozone/integration-test/target/test-dir/MiniOzoneClusterImpl-c01b761b-2f67-4822-9581-a12a58f3b363/datanode-6/meta/datanode.id
2019-07-13 12:26:57,073 INFO  ozoneimpl.OzoneContainer (OzoneContainer.java:start(186)) - Attempting to start container services.
2019-07-13 12:26:57,073 INFO  ozoneimpl.OzoneContainer (OzoneContainer.java:startContainerScrub(160)) - Background container scrubber has been disabled by hdds.containerscrub.enabled
2019-07-13 12:26:57,074 INFO  ratis.XceiverServerRatis (XceiverServerRatis.java:start(418)) - Starting XceiverServerRatis 944a21aa-092b-4330-b90e-e9bb9a373ad9 at port 0
2019-07-13 12:26:57,096 INFO  impl.RaftServerProxy (RaftServerProxy.java:lambda$start$3(299)) - 944a21aa-092b-4330-b90e-e9bb9a373ad9: start RPC server
2019-07-13 12:26:57,184 INFO  ozone.MiniOzoneClusterImpl (MiniOzoneClusterImpl.java:lambda$waitForClusterToBeReady$0(142)) - Waiting for cluster to be ready. Got 0 of 7 DN Heartbeats.
2019-07-13 12:26:57,219 INFO  server.GrpcService (GrpcService.java:startImpl(149)) - 944a21aa-092b-4330-b90e-e9bb9a373ad9: GrpcService started, listening on 0.0.0.0/0.0.0.0:46458
2019-07-13 12:26:57,220 INFO  ratis.XceiverServerRatis (XceiverServerRatis.java:start(428)) - XceiverServerRatis 944a21aa-092b-4330-b90e-e9bb9a373ad9 is started using port 46458
2019-07-13 12:26:57,223 INFO  server.XceiverServerGrpc (XceiverServerGrpc.java:start(161)) - XceiverServerGrpc 944a21aa-092b-4330-b90e-e9bb9a373ad9 is started using port 34726
2019-07-13 12:26:57,233 INFO  ozoneimpl.OzoneContainer (OzoneContainer.java:start(186)) - Attempting to start container services.
2019-07-13 12:26:57,235 INFO  ozoneimpl.OzoneContainer (OzoneContainer.java:startContainerScrub(160)) - Background container scrubber has been disabled by hdds.containerscrub.enabled
2019-07-13 12:26:57,236 INFO  ratis.XceiverServerRatis (XceiverServerRatis.java:start(418)) - Starting XceiverServerRatis 0d759352-9ff9-4087-94a1-fe421b840863 at port 0
2019-07-13 12:26:57,244 INFO  impl.RaftServerProxy (RaftServerProxy.java:lambda$start$3(299)) - 0d759352-9ff9-4087-94a1-fe421b840863: start RPC server
2019-07-13 12:26:57,248 INFO  server.GrpcService (GrpcService.java:startImpl(149)) - 0d759352-9ff9-4087-94a1-fe421b840863: GrpcService started, listening on 0.0.0.0/0.0.0.0:46056
2019-07-13 12:26:57,248 INFO  ratis.XceiverServerRatis (XceiverServerRatis.java:start(428)) - XceiverServerRatis 0d759352-9ff9-4087-94a1-fe421b840863 is started using port 46056
2019-07-13 12:26:57,251 INFO  server.XceiverServerGrpc (XceiverServerGrpc.java:start(161)) - XceiverServerGrpc 0d759352-9ff9-4087-94a1-fe421b840863 is started using port 35377
2019-07-13 12:26:57,400 INFO  ozoneimpl.OzoneContainer (OzoneContainer.java:start(186)) - Attempting to start container services.
2019-07-13 12:26:57,402 INFO  ozoneimpl.OzoneContainer (OzoneContainer.java:startContainerScrub(160)) - Background container scrubber has been disabled by hdds.containerscrub.enabled
2019-07-13 12:26:57,402 INFO  ratis.XceiverServerRatis (XceiverServerRatis.java:start(418)) - Starting XceiverServerRatis a90114fc-3d05-4be9-b0c4-bbf7a7678121 at port 0
2019-07-13 12:26:57,411 INFO  impl.RaftServerProxy (RaftServerProxy.java:lambda$start$3(299)) - a90114fc-3d05-4be9-b0c4-bbf7a7678121: start RPC server
2019-07-13 12:26:57,414 INFO  server.GrpcService (GrpcService.java:startImpl(149)) - a90114fc-3d05-4be9-b0c4-bbf7a7678121: GrpcService started, listening on 0.0.0.0/0.0.0.0:37954
2019-07-13 12:26:57,414 INFO  ratis.XceiverServerRatis (XceiverServerRatis.java:start(428)) - XceiverServerRatis a90114fc-3d05-4be9-b0c4-bbf7a7678121 is started using port 37954
2019-07-13 12:26:57,418 INFO  server.XceiverServerGrpc (XceiverServerGrpc.java:start(161)) - XceiverServerGrpc a90114fc-3d05-4be9-b0c4-bbf7a7678121 is started using port 40582
2019-07-13 12:26:57,566 INFO  ozoneimpl.OzoneContainer (OzoneContainer.java:start(186)) - Attempting to start container services.
2019-07-13 12:26:57,569 INFO  ozoneimpl.OzoneContainer (OzoneContainer.java:startContainerScrub(160)) - Background container scrubber has been disabled by hdds.containerscrub.enabled
2019-07-13 12:26:57,569 INFO  ratis.XceiverServerRatis (XceiverServerRatis.java:start(418)) - Starting XceiverServerRatis b638f31a-9a55-4e88-8861-54b3556fd9f8 at port 0
2019-07-13 12:26:57,578 INFO  impl.RaftServerProxy (RaftServerProxy.java:lambda$start$3(299)) - b638f31a-9a55-4e88-8861-54b3556fd9f8: start RPC server
2019-07-13 12:26:57,582 INFO  server.GrpcService (GrpcService.java:startImpl(149)) - b638f31a-9a55-4e88-8861-54b3556fd9f8: GrpcService started, listening on 0.0.0.0/0.0.0.0:32932
2019-07-13 12:26:57,582 INFO  ratis.XceiverServerRatis (XceiverServerRatis.java:start(428)) - XceiverServerRatis b638f31a-9a55-4e88-8861-54b3556fd9f8 is started using port 32932
2019-07-13 12:26:57,586 INFO  server.XceiverServerGrpc (XceiverServerGrpc.java:start(161)) - XceiverServerGrpc b638f31a-9a55-4e88-8861-54b3556fd9f8 is started using port 39660
2019-07-13 12:26:57,772 INFO  ozoneimpl.OzoneContainer (OzoneContainer.java:start(186)) - Attempting to start container services.
2019-07-13 12:26:57,775 INFO  ozoneimpl.OzoneContainer (OzoneContainer.java:startContainerScrub(160)) - Background container scrubber has been disabled by hdds.containerscrub.enabled
2019-07-13 12:26:57,775 INFO  ratis.XceiverServerRatis (XceiverServerRatis.java:start(418)) - Starting XceiverServerRatis 67ad77ec-e22e-4e21-b0ef-f18c48c00509 at port 0
2019-07-13 12:26:57,786 INFO  impl.RaftServerProxy (RaftServerProxy.java:lambda$start$3(299)) - 67ad77ec-e22e-4e21-b0ef-f18c48c00509: start RPC server
2019-07-13 12:26:57,790 INFO  server.GrpcService (GrpcService.java:startImpl(149)) - 67ad77ec-e22e-4e21-b0ef-f18c48c00509: GrpcService started, listening on 0.0.0.0/0.0.0.0:39367
2019-07-13 12:26:57,790 INFO  ratis.XceiverServerRatis (XceiverServerRatis.java:start(428)) - XceiverServerRatis 67ad77ec-e22e-4e21-b0ef-f18c48c00509 is started using port 39367
2019-07-13 12:26:57,795 INFO  server.XceiverServerGrpc (XceiverServerGrpc.java:start(161)) - XceiverServerGrpc 67ad77ec-e22e-4e21-b0ef-f18c48c00509 is started using port 42728
2019-07-13 12:26:57,925 INFO  ozoneimpl.OzoneContainer (OzoneContainer.java:start(186)) - Attempting to start container services.
2019-07-13 12:26:57,928 INFO  ozoneimpl.OzoneContainer (OzoneContainer.java:startContainerScrub(160)) - Background container scrubber has been disabled by hdds.containerscrub.enabled
2019-07-13 12:26:57,929 INFO  ratis.XceiverServerRatis (XceiverServerRatis.java:start(418)) - Starting XceiverServerRatis 74efef67-ec0e-49fa-8557-a2a89921eea7 at port 0
2019-07-13 12:26:57,938 INFO  impl.RaftServerProxy (RaftServerProxy.java:lambda$start$3(299)) - 74efef67-ec0e-49fa-8557-a2a89921eea7: start RPC server
2019-07-13 12:26:57,942 INFO  server.GrpcService (GrpcService.java:startImpl(149)) - 74efef67-ec0e-49fa-8557-a2a89921eea7: GrpcService started, listening on 0.0.0.0/0.0.0.0:33345
2019-07-13 12:26:57,942 INFO  ratis.XceiverServerRatis (XceiverServerRatis.java:start(428)) - XceiverServerRatis 74efef67-ec0e-49fa-8557-a2a89921eea7 is started using port 33345
2019-07-13 12:26:57,946 INFO  server.XceiverServerGrpc (XceiverServerGrpc.java:start(161)) - XceiverServerGrpc 74efef67-ec0e-49fa-8557-a2a89921eea7 is started using port 46091
2019-07-13 12:26:58,185 INFO  ozone.MiniOzoneClusterImpl (MiniOzoneClusterImpl.java:lambda$waitForClusterToBeReady$0(142)) - Waiting for cluster to be ready. Got 0 of 7 DN Heartbeats.
2019-07-13 12:26:58,202 INFO  ozoneimpl.OzoneContainer (OzoneContainer.java:start(186)) - Attempting to start container services.
2019-07-13 12:26:58,206 INFO  ozoneimpl.OzoneContainer (OzoneContainer.java:startContainerScrub(160)) - Background container scrubber has been disabled by hdds.containerscrub.enabled
2019-07-13 12:26:58,206 INFO  ratis.XceiverServerRatis (XceiverServerRatis.java:start(418)) - Starting XceiverServerRatis 7725a38b-54a6-4df1-a54c-afb4374855be at port 0
2019-07-13 12:26:58,215 INFO  impl.RaftServerProxy (RaftServerProxy.java:lambda$start$3(299)) - 7725a38b-54a6-4df1-a54c-afb4374855be: start RPC server
2019-07-13 12:26:58,220 INFO  server.GrpcService (GrpcService.java:startImpl(149)) - 7725a38b-54a6-4df1-a54c-afb4374855be: GrpcService started, listening on 0.0.0.0/0.0.0.0:35898
2019-07-13 12:26:58,220 INFO  ratis.XceiverServerRatis (XceiverServerRatis.java:start(428)) - XceiverServerRatis 7725a38b-54a6-4df1-a54c-afb4374855be is started using port 35898
2019-07-13 12:26:58,224 INFO  server.XceiverServerGrpc (XceiverServerGrpc.java:start(161)) - XceiverServerGrpc 7725a38b-54a6-4df1-a54c-afb4374855be is started using port 42937
2019-07-13 12:26:59,073 INFO  net.NetworkTopology (NetworkTopologyImpl.java:add(110)) - Added a new node: /default-rack/192.168.5.181
2019-07-13 12:26:59,074 INFO  node.SCMNodeManager (SCMNodeManager.java:register(269)) - Registered Data node : 944a21aa-092b-4330-b90e-e9bb9a373ad9{ip: 192.168.5.181, host: trunk-nightly-q2gwj-1111726333, networkLocation: /default-rack, certSerialId: null}
2019-07-13 12:26:59,080 INFO  safemode.SCMSafeModeManager (DataNodeSafeModeRule.java:process(71)) - SCM in safe mode. 1 DataNodes registered, 1 required.
2019-07-13 12:26:59,080 INFO  safemode.SCMSafeModeManager (SCMSafeModeManager.java:validateSafeModeExitRules(177)) - ScmSafeModeManager, all rules are successfully validated
2019-07-13 12:26:59,081 INFO  safemode.SCMSafeModeManager (SCMSafeModeManager.java:exitSafeMode(193)) - SCM exiting safe mode.
2019-07-13 12:26:59,188 INFO  ozone.MiniOzoneClusterImpl (MiniOzoneClusterImpl.java:lambda$waitForClusterToBeReady$0(142)) - Waiting for cluster to be ready. Got 1 of 7 DN Heartbeats.
2019-07-13 12:26:59,220 INFO  node.SCMNodeManager (SCMNodeManager.java:register(269)) - Registered Data node : 0d759352-9ff9-4087-94a1-fe421b840863{ip: 192.168.5.181, host: trunk-nightly-q2gwj-1111726333, networkLocation: /default-rack, certSerialId: null}
2019-07-13 12:26:59,395 INFO  node.SCMNodeManager (SCMNodeManager.java:register(269)) - Registered Data node : a90114fc-3d05-4be9-b0c4-bbf7a7678121{ip: 192.168.5.181, host: trunk-nightly-q2gwj-1111726333, networkLocation: /default-rack, certSerialId: null}
2019-07-13 12:26:59,555 INFO  node.SCMNodeManager (SCMNodeManager.java:register(269)) - Registered Data node : b638f31a-9a55-4e88-8861-54b3556fd9f8{ip: 192.168.5.181, host: trunk-nightly-q2gwj-1111726333, networkLocation: /default-rack, certSerialId: null}
2019-07-13 12:27:00,044 INFO  node.SCMNodeManager (SCMNodeManager.java:register(269)) - Registered Data node : 74efef67-ec0e-49fa-8557-a2a89921eea7{ip: 192.168.5.181, host: trunk-nightly-q2gwj-1111726333, networkLocation: /default-rack, certSerialId: null}
2019-07-13 12:27:00,044 INFO  node.SCMNodeManager (SCMNodeManager.java:register(269)) - Registered Data node : 67ad77ec-e22e-4e21-b0ef-f18c48c00509{ip: 192.168.5.181, host: trunk-nightly-q2gwj-1111726333, networkLocation: /default-rack, certSerialId: null}
2019-07-13 12:27:00,065 INFO  impl.RaftServerProxy (RaftServerProxy.java:addNew(89)) - 944a21aa-092b-4330-b90e-e9bb9a373ad9: addNew group-81E8117E88FF:[944a21aa-092b-4330-b90e-e9bb9a373ad9:192.168.5.181:46458] returns group-81E8117E88FF:java.util.concurrent.CompletableFuture@7f606517[Not completed]
2019-07-13 12:27:00,076 INFO  impl.RaftServerImpl (RaftServerImpl.java:<init>(93)) - 944a21aa-092b-4330-b90e-e9bb9a373ad9: new RaftServerImpl for group-81E8117E88FF:[944a21aa-092b-4330-b90e-e9bb9a373ad9:192.168.5.181:46458] with ContainerStateMachine:uninitialized
2019-07-13 12:27:00,077 INFO  server.RaftServerConfigKeys (ConfUtils.java:logGet(43)) - raft.server.rpc.timeout.min = 5s (custom)
2019-07-13 12:27:00,078 INFO  server.RaftServerConfigKeys (ConfUtils.java:logGet(43)) - raft.server.rpc.timeout.max = 5200ms (custom)
2019-07-13 12:27:00,078 INFO  server.RaftServerConfigKeys (ConfUtils.java:logGet(43)) - raft.server.rpcslowness.timeout = 120s (custom)
2019-07-13 12:27:00,079 INFO  server.RaftServerConfigKeys (ConfUtils.java:logGet(43)) - raft.server.sleep.deviation.threshold = 300 (default)
2019-07-13 12:27:00,080 INFO  server.RaftServerConfigKeys (ConfUtils.java:logGet(43)) - raft.server.log.appender.install.snapshot.enabled = false (custom)
2019-07-13 12:27:00,088 INFO  impl.RaftServerImpl (ServerState.java:<init>(105)) - 944a21aa-092b-4330-b90e-e9bb9a373ad9:group-81E8117E88FF ConfigurationManager, init=-1: [944a21aa-092b-4330-b90e-e9bb9a373ad9:192.168.5.181:46458], old=null, confs=<EMPTY_MAP>
2019-07-13 12:27:00,088 INFO  server.RaftServerConfigKeys (ConfUtils.java:logGet(43)) - raft.server.storage.dir = [/tmp/workdir/hadoop-ozone/integration-test/target/test-dir/MiniOzoneClusterImpl-c01b761b-2f67-4822-9581-a12a58f3b363/datanode-0/data/ratis] (custom)
2019-07-13 12:27:00,096 INFO  storage.RaftStorageDirectory (RaftStorageDirectory.java:analyzeStorage(246)) - The storage directory /tmp/workdir/hadoop-ozone/integration-test/target/test-dir/MiniOzoneClusterImpl-c01b761b-2f67-4822-9581-a12a58f3b363/datanode-0/data/ratis/b070a076-520f-4dcc-a15c-81e8117e88ff does not exist. Creating ...
2019-07-13 12:27:00,112 INFO  storage.RaftStorageDirectory (RaftStorageDirectory.java:tryLock(328)) - Lock on /tmp/workdir/hadoop-ozone/integration-test/target/test-dir/MiniOzoneClusterImpl-c01b761b-2f67-4822-9581-a12a58f3b363/datanode-0/data/ratis/b070a076-520f-4dcc-a15c-81e8117e88ff/in_use.lock acquired by nodename 32027@trunk-nightly-q2gwj-1111726333
2019-07-13 12:27:00,126 INFO  storage.RaftStorage (RaftStorage.java:format(72)) - Storage directory /tmp/workdir/hadoop-ozone/integration-test/target/test-dir/MiniOzoneClusterImpl-c01b761b-2f67-4822-9581-a12a58f3b363/datanode-0/data/ratis/b070a076-520f-4dcc-a15c-81e8117e88ff has been successfully formatted.
2019-07-13 12:27:00,128 INFO  ratis.ContainerStateMachine (ContainerStateMachine.java:loadSnapshot(200)) - The snapshot info is null.Setting the last applied index to:(t:0, i:~)
2019-07-13 12:27:00,128 INFO  server.RaftServerConfigKeys (ConfUtils.java:logGet(43)) - raft.server.leader.election.timeout = 120s (custom)
2019-07-13 12:27:00,130 INFO  server.RaftServerConfigKeys (ConfUtils.java:logGet(43)) - raft.server.log.use.memory = false (default)
2019-07-13 12:27:00,136 INFO  server.RaftServerConfigKeys (ConfUtils.java:logGet(43)) - raft.server.log.purge.gap = 1000000000 (custom)
2019-07-13 12:27:00,136 INFO  server.RaftServerConfigKeys (ConfUtils.java:logGet(43)) - raft.server.log.appender.buffer.byte-limit = 33554432 (custom)
2019-07-13 12:27:00,138 INFO  server.RaftServerConfigKeys (ConfUtils.java:logGet(43)) - raft.server.log.segment.size.max = 1048576 (custom)
2019-07-13 12:27:00,143 INFO  server.RaftServerConfigKeys (ConfUtils.java:logGet(43)) - raft.server.log.segment.cache.num.max = 2 (custom)
2019-07-13 12:27:00,149 INFO  segmented.SegmentedRaftLogWorker (SegmentedRaftLogWorker.java:<init>(172)) - new 944a21aa-092b-4330-b90e-e9bb9a373ad9-SegmentedRaftLogWorker:Storage Directory /tmp/workdir/hadoop-ozone/integration-test/target/test-dir/MiniOzoneClusterImpl-c01b761b-2f67-4822-9581-a12a58f3b363/datanode-0/data/ratis/b070a076-520f-4dcc-a15c-81e8117e88ff for RaftStorage:Storage Directory /tmp/workdir/hadoop-ozone/integration-test/target/test-dir/MiniOzoneClusterImpl-c01b761b-2f67-4822-9581-a12a58f3b363/datanode-0/data/ratis/b070a076-520f-4dcc-a15c-81e8117e88ff
2019-07-13 12:27:00,161 INFO  server.RaftServerConfigKeys (ConfUtils.java:logGet(43)) - raft.server.log.queue.byte-limit = 2147483647 (custom)
2019-07-13 12:27:00,161 INFO  server.RaftServerConfigKeys (ConfUtils.java:logGet(43)) - raft.server.log.queue.element-limit = 1024 (custom)
2019-07-13 12:27:00,166 INFO  server.RaftServerConfigKeys (ConfUtils.java:logGet(43)) - raft.server.log.segment.size.max = 1048576 (custom)
2019-07-13 12:27:00,166 INFO  server.RaftServerConfigKeys (ConfUtils.java:logGet(43)) - raft.server.log.preallocated.size = 16384 (custom)
2019-07-13 12:27:00,167 INFO  server.RaftServerConfigKeys (ConfUtils.java:logGet(43)) - raft.server.log.write.buffer.size = 33554432 (custom)
2019-07-13 12:27:00,167 INFO  server.RaftServerConfigKeys (ConfUtils.java:logGet(43)) - raft.server.log.force.sync.num = 128 (default)
2019-07-13 12:27:00,168 INFO  server.RaftServerConfigKeys (ConfUtils.java:logGet(43)) - raft.server.log.statemachine.data.sync = true (default)
2019-07-13 12:27:00,168 INFO  server.RaftServerConfigKeys (ConfUtils.java:logGet(43)) - raft.server.log.statemachine.data.sync.timeout = 10s (default)
2019-07-13 12:27:00,169 INFO  server.RaftServerConfigKeys (ConfUtils.java:logGet(43)) - raft.server.log.statemachine.data.sync.timeout.retry = -1 (default)
2019-07-13 12:27:00,177 INFO  server.RaftServerConfigKeys (ConfUtils.java:logGet(43)) - raft.server.log.statemachine.data.caching.enabled = true (custom)
2019-07-13 12:27:00,182 INFO  segmented.SegmentedRaftLogWorker (SegmentedRaftLogWorker.java:lambda$new$0(132)) - 944a21aa-092b-4330-b90e-e9bb9a373ad9-SegmentedRaftLogWorker:Storage Directory /tmp/workdir/hadoop-ozone/integration-test/target/test-dir/MiniOzoneClusterImpl-c01b761b-2f67-4822-9581-a12a58f3b363/datanode-0/data/ratis/b070a076-520f-4dcc-a15c-81e8117e88ff: flushIndex: setUnconditionally 0 -> -1
2019-07-13 12:27:00,186 INFO  server.RaftServerConfigKeys (ConfUtils.java:logGet(43)) - raft.server.snapshot.auto.trigger.enabled = true (custom)
2019-07-13 12:27:00,189 INFO  ozone.MiniOzoneClusterImpl (MiniOzoneClusterImpl.java:lambda$waitForClusterToBeReady$0(142)) - Waiting for cluster to be ready. Got 6 of 7 DN Heartbeats.
2019-07-13 12:27:00,191 INFO  node.SCMNodeManager (SCMNodeManager.java:register(269)) - Registered Data node : 7725a38b-54a6-4df1-a54c-afb4374855be{ip: 192.168.5.181, host: trunk-nightly-q2gwj-1111726333, networkLocation: /default-rack, certSerialId: null}
2019-07-13 12:27:00,192 INFO  server.RaftServerConfigKeys (ConfUtils.java:logGet(43)) - raft.server.snapshot.auto.trigger.threshold = 10000 (custom)
2019-07-13 12:27:00,192 INFO  server.RaftServerConfigKeys (ConfUtils.java:logGet(43)) - raft.server.retrycache.expirytime = 600000ms (custom)
2019-07-13 12:27:00,211 INFO  impl.RaftServerImpl (RaftServerImpl.java:start(180)) - 944a21aa-092b-4330-b90e-e9bb9a373ad9: start group-81E8117E88FF
2019-07-13 12:27:00,212 INFO  impl.RaftServerImpl (RaftServerImpl.java:setRole(171)) - 944a21aa-092b-4330-b90e-e9bb9a373ad9:group-81E8117E88FF changes role from null to FOLLOWER at term 0 for startAsFollower
2019-07-13 12:27:00,213 INFO  impl.RoleInfo (RoleInfo.java:updateAndGet(143)) - 944a21aa-092b-4330-b90e-e9bb9a373ad9: start FollowerState
2019-07-13 12:27:00,215 INFO  util.JmxRegister (JmxRegister.java:tryRegister(44)) - Successfully registered JMX Bean with object name Ratis:service=RaftServer,group=group-81E8117E88FF,id=944a21aa-092b-4330-b90e-e9bb9a373ad9
2019-07-13 12:27:00,283 INFO  pipeline.PipelineStateManager (PipelineStateManager.java:addPipeline(56)) - Created pipeline Pipeline[ Id: b070a076-520f-4dcc-a15c-81e8117e88ff, Nodes: 944a21aa-092b-4330-b90e-e9bb9a373ad9{ip: 192.168.5.181, host: trunk-nightly-q2gwj-1111726333, networkLocation: /default-rack, certSerialId: null}, Type:RATIS, Factor:ONE, State:OPEN]
2019-07-13 12:27:00,319 INFO  impl.RaftServerProxy (RaftServerProxy.java:addNew(89)) - a90114fc-3d05-4be9-b0c4-bbf7a7678121: addNew group-8A4E8F172BB6:[a90114fc-3d05-4be9-b0c4-bbf7a7678121:192.168.5.181:37954] returns group-8A4E8F172BB6:java.util.concurrent.CompletableFuture@16e09bfc[Not completed]
2019-07-13 12:27:00,378 INFO  impl.RaftServerImpl (RaftServerImpl.java:<init>(93)) - a90114fc-3d05-4be9-b0c4-bbf7a7678121: new RaftServerImpl for group-8A4E8F172BB6:[a90114fc-3d05-4be9-b0c4-bbf7a7678121:192.168.5.181:37954] with ContainerStateMachine:uninitialized
2019-07-13 12:27:00,381 INFO  server.RaftServerConfigKeys (ConfUtils.java:logGet(43)) - raft.server.rpc.timeout.min = 5s (custom)
2019-07-13 12:27:00,381 INFO  server.RaftServerConfigKeys (ConfUtils.java:logGet(43)) - raft.server.rpc.timeout.max = 5200ms (custom)
2019-07-13 12:27:00,381 INFO  server.RaftServerConfigKeys (ConfUtils.java:logGet(43)) - raft.server.rpcslowness.timeout = 120s (custom)
2019-07-13 12:27:00,381 INFO  server.RaftServerConfigKeys (ConfUtils.java:logGet(43)) - raft.server.sleep.deviation.threshold = 300 (default)
2019-07-13 12:27:00,382 INFO  server.RaftServerConfigKeys (ConfUtils.java:logGet(43)) - raft.server.log.appender.install.snapshot.enabled = false (custom)
2019-07-13 12:27:00,382 INFO  impl.RaftServerImpl (ServerState.java:<init>(105)) - a90114fc-3d05-4be9-b0c4-bbf7a7678121:group-8A4E8F172BB6 ConfigurationManager, init=-1: [a90114fc-3d05-4be9-b0c4-bbf7a7678121:192.168.5.181:37954], old=null, confs=<EMPTY_MAP>
2019-07-13 12:27:00,382 INFO  server.RaftServerConfigKeys (ConfUtils.java:logGet(43)) - raft.server.storage.dir = [/tmp/workdir/hadoop-ozone/integration-test/target/test-dir/MiniOzoneClusterImpl-c01b761b-2f67-4822-9581-a12a58f3b363/datanode-2/data/ratis] (custom)
2019-07-13 12:27:00,383 INFO  storage.RaftStorageDirectory (RaftStorageDirectory.java:analyzeStorage(246)) - The storage directory /tmp/workdir/hadoop-ozone/integration-test/target/test-dir/MiniOzoneClusterImpl-c01b761b-2f67-4822-9581-a12a58f3b363/datanode-2/data/ratis/fce22935-34db-4b30-bbb9-8a4e8f172bb6 does not exist. Creating ...
2019-07-13 12:27:00,388 INFO  storage.RaftStorageDirectory (RaftStorageDirectory.java:tryLock(328)) - Lock on /tmp/workdir/hadoop-ozone/integration-test/target/test-dir/MiniOzoneClusterImpl-c01b761b-2f67-4822-9581-a12a58f3b363/datanode-2/data/ratis/fce22935-34db-4b30-bbb9-8a4e8f172bb6/in_use.lock acquired by nodename 32027@trunk-nightly-q2gwj-1111726333
2019-07-13 12:27:00,391 INFO  storage.RaftStorage (RaftStorage.java:format(72)) - Storage directory /tmp/workdir/hadoop-ozone/integration-test/target/test-dir/MiniOzoneClusterImpl-c01b761b-2f67-4822-9581-a12a58f3b363/datanode-2/data/ratis/fce22935-34db-4b30-bbb9-8a4e8f172bb6 has been successfully formatted.
2019-07-13 12:27:00,393 INFO  ratis.ContainerStateMachine (ContainerStateMachine.java:loadSnapshot(200)) - The snapshot info is null.Setting the last applied index to:(t:0, i:~)
2019-07-13 12:27:00,394 INFO  server.RaftServerConfigKeys (ConfUtils.java:logGet(43)) - raft.server.leader.election.timeout = 120s (custom)
2019-07-13 12:27:00,395 INFO  server.RaftServerConfigKeys (ConfUtils.java:logGet(43)) - raft.server.log.use.memory = false (default)
2019-07-13 12:27:00,395 INFO  server.RaftServerConfigKeys (ConfUtils.java:logGet(43)) - raft.server.log.purge.gap = 1000000000 (custom)
2019-07-13 12:27:00,395 INFO  server.RaftServerConfigKeys (ConfUtils.java:logGet(43)) - raft.server.log.appender.buffer.byte-limit = 33554432 (custom)
2019-07-13 12:27:00,395 INFO  server.RaftServerConfigKeys (ConfUtils.java:logGet(43)) - raft.server.log.segment.size.max = 1048576 (custom)
2019-07-13 12:27:00,395 INFO  server.RaftServerConfigKeys (ConfUtils.java:logGet(43)) - raft.server.log.segment.cache.num.max = 2 (custom)
2019-07-13 12:27:00,396 INFO  segmented.SegmentedRaftLogWorker (SegmentedRaftLogWorker.java:<init>(172)) - new a90114fc-3d05-4be9-b0c4-bbf7a7678121-SegmentedRaftLogWorker:Storage Directory /tmp/workdir/hadoop-ozone/integration-test/target/test-dir/MiniOzoneClusterImpl-c01b761b-2f67-4822-9581-a12a58f3b363/datanode-2/data/ratis/fce22935-34db-4b30-bbb9-8a4e8f172bb6 for RaftStorage:Storage Directory /tmp/workdir/hadoop-ozone/integration-test/target/test-dir/MiniOzoneClusterImpl-c01b761b-2f67-4822-9581-a12a58f3b363/datanode-2/data/ratis/fce22935-34db-4b30-bbb9-8a4e8f172bb6
2019-07-13 12:27:00,397 INFO  server.RaftServerConfigKeys (ConfUtils.java:logGet(43)) - raft.server.log.queue.byte-limit = 2147483647 (custom)
2019-07-13 12:27:00,397 INFO  server.RaftServerConfigKeys (ConfUtils.java:logGet(43)) - raft.server.log.queue.element-limit = 1024 (custom)
2019-07-13 12:27:00,398 INFO  server.RaftServerConfigKeys (ConfUtils.java:logGet(43)) - raft.server.log.segment.size.max = 1048576 (custom)
2019-07-13 12:27:00,398 INFO  server.RaftServerConfigKeys (ConfUtils.java:logGet(43)) - raft.server.log.preallocated.size = 16384 (custom)
2019-07-13 12:27:00,398 INFO  server.RaftServerConfigKeys (ConfUtils.java:logGet(43)) - raft.server.log.write.buffer.size = 33554432 (custom)
2019-07-13 12:27:00,398 INFO  server.RaftServerConfigKeys (ConfUtils.java:logGet(43)) - raft.server.log.force.sync.num = 128 (default)
2019-07-13 12:27:00,398 INFO  server.RaftServerConfigKeys (ConfUtils.java:logGet(43)) - raft.server.log.statemachine.data.sync = true (default)
2019-07-13 12:27:00,399 INFO  server.RaftServerConfigKeys (ConfUtils.java:logGet(43)) - raft.server.log.statemachine.data.sync.timeout = 10s (default)
2019-07-13 12:27:00,399 INFO  server.RaftServerConfigKeys (ConfUtils.java:logGet(43)) - raft.server.log.statemachine.data.sync.timeout.retry = -1 (default)
2019-07-13 12:27:00,399 INFO  server.RaftServerConfigKeys (ConfUtils.java:logGet(43)) - raft.server.log.statemachine.data.caching.enabled = true (custom)
2019-07-13 12:27:00,400 INFO  segmented.SegmentedRaftLogWorker (SegmentedRaftLogWorker.java:lambda$new$0(132)) - a90114fc-3d05-4be9-b0c4-bbf7a7678121-SegmentedRaftLogWorker:Storage Directory /tmp/workdir/hadoop-ozone/integration-test/target/test-dir/MiniOzoneClusterImpl-c01b761b-2f67-4822-9581-a12a58f3b363/datanode-2/data/ratis/fce22935-34db-4b30-bbb9-8a4e8f172bb6: flushIndex: setUnconditionally 0 -> -1
2019-07-13 12:27:00,400 INFO  server.RaftServerConfigKeys (ConfUtils.java:logGet(43)) - raft.server.snapshot.auto.trigger.enabled = true (custom)
2019-07-13 12:27:00,400 INFO  server.RaftServerConfigKeys (ConfUtils.java:logGet(43)) - raft.server.snapshot.auto.trigger.threshold = 10000 (custom)
2019-07-13 12:27:00,401 INFO  server.RaftServerConfigKeys (ConfUtils.java:logGet(43)) - raft.server.retrycache.expirytime = 600000ms (custom)
2019-07-13 12:27:00,401 INFO  impl.RaftServerImpl (RaftServerImpl.java:start(180)) - a90114fc-3d05-4be9-b0c4-bbf7a7678121: start group-8A4E8F172BB6
2019-07-13 12:27:00,401 INFO  impl.RaftServerImpl (RaftServerImpl.java:setRole(171)) - a90114fc-3d05-4be9-b0c4-bbf7a7678121:group-8A4E8F172BB6 changes role from null to FOLLOWER at term 0 for startAsFollower
2019-07-13 12:27:00,401 INFO  impl.RoleInfo (RoleInfo.java:updateAndGet(143)) - a90114fc-3d05-4be9-b0c4-bbf7a7678121: start FollowerState
2019-07-13 12:27:00,403 INFO  util.JmxRegister (JmxRegister.java:tryRegister(44)) - Successfully registered JMX Bean with object name Ratis:service=RaftServer,group=group-8A4E8F172BB6,id=a90114fc-3d05-4be9-b0c4-bbf7a7678121
2019-07-13 12:27:00,418 INFO  pipeline.PipelineStateManager (PipelineStateManager.java:addPipeline(56)) - Created pipeline Pipeline[ Id: fce22935-34db-4b30-bbb9-8a4e8f172bb6, Nodes: a90114fc-3d05-4be9-b0c4-bbf7a7678121{ip: 192.168.5.181, host: trunk-nightly-q2gwj-1111726333, networkLocation: /default-rack, certSerialId: null}, Type:RATIS, Factor:ONE, State:OPEN]
2019-07-13 12:27:00,459 INFO  impl.RaftServerProxy (RaftServerProxy.java:addNew(89)) - 67ad77ec-e22e-4e21-b0ef-f18c48c00509: addNew group-8A37E9B7C607:[67ad77ec-e22e-4e21-b0ef-f18c48c00509:192.168.5.181:39367] returns group-8A37E9B7C607:java.util.concurrent.CompletableFuture@327e2f1b[Not completed]
2019-07-13 12:27:00,470 INFO  impl.RaftServerImpl (RaftServerImpl.java:<init>(93)) - 67ad77ec-e22e-4e21-b0ef-f18c48c00509: new RaftServerImpl for group-8A37E9B7C607:[67ad77ec-e22e-4e21-b0ef-f18c48c00509:192.168.5.181:39367] with ContainerStateMachine:uninitialized
2019-07-13 12:27:00,472 INFO  server.RaftServerConfigKeys (ConfUtils.java:logGet(43)) - raft.server.rpc.timeout.min = 5s (custom)
2019-07-13 12:27:00,472 INFO  server.RaftServerConfigKeys (ConfUtils.java:logGet(43)) - raft.server.rpc.timeout.max = 5200ms (custom)
2019-07-13 12:27:00,472 INFO  server.RaftServerConfigKeys (ConfUtils.java:logGet(43)) - raft.server.rpcslowness.timeout = 120s (custom)
2019-07-13 12:27:00,473 INFO  server.RaftServerConfigKeys (ConfUtils.java:logGet(43)) - raft.server.sleep.deviation.threshold = 300 (default)
2019-07-13 12:27:00,473 INFO  server.RaftServerConfigKeys (ConfUtils.java:logGet(43)) - raft.server.log.appender.install.snapshot.enabled = false (custom)
2019-07-13 12:27:00,473 INFO  impl.RaftServerImpl (ServerState.java:<init>(105)) - 67ad77ec-e22e-4e21-b0ef-f18c48c00509:group-8A37E9B7C607 ConfigurationManager, init=-1: [67ad77ec-e22e-4e21-b0ef-f18c48c00509:192.168.5.181:39367], old=null, confs=<EMPTY_MAP>
2019-07-13 12:27:00,473 INFO  server.RaftServerConfigKeys (ConfUtils.java:logGet(43)) - raft.server.storage.dir = [/tmp/workdir/hadoop-ozone/integration-test/target/test-dir/MiniOzoneClusterImpl-c01b761b-2f67-4822-9581-a12a58f3b363/datanode-4/data/ratis] (custom)
2019-07-13 12:27:00,474 INFO  storage.RaftStorageDirectory (RaftStorageDirectory.java:analyzeStorage(246)) - The storage directory /tmp/workdir/hadoop-ozone/integration-test/target/test-dir/MiniOzoneClusterImpl-c01b761b-2f67-4822-9581-a12a58f3b363/datanode-4/data/ratis/43dc801b-a244-4d13-9735-8a37e9b7c607 does not exist. Creating ...
2019-07-13 12:27:00,485 INFO  storage.RaftStorageDirectory (RaftStorageDirectory.java:tryLock(328)) - Lock on /tmp/workdir/hadoop-ozone/integration-test/target/test-dir/MiniOzoneClusterImpl-c01b761b-2f67-4822-9581-a12a58f3b363/datanode-4/data/ratis/43dc801b-a244-4d13-9735-8a37e9b7c607/in_use.lock acquired by nodename 32027@trunk-nightly-q2gwj-1111726333
2019-07-13 12:27:00,496 INFO  storage.RaftStorage (RaftStorage.java:format(72)) - Storage directory /tmp/workdir/hadoop-ozone/integration-test/target/test-dir/MiniOzoneClusterImpl-c01b761b-2f67-4822-9581-a12a58f3b363/datanode-4/data/ratis/43dc801b-a244-4d13-9735-8a37e9b7c607 has been successfully formatted.
2019-07-13 12:27:00,497 INFO  ratis.ContainerStateMachine (ContainerStateMachine.java:loadSnapshot(200)) - The snapshot info is null.Setting the last applied index to:(t:0, i:~)
2019-07-13 12:27:00,497 INFO  server.RaftServerConfigKeys (ConfUtils.java:logGet(43)) - raft.server.leader.election.timeout = 120s (custom)
2019-07-13 12:27:00,497 INFO  server.RaftServerConfigKeys (ConfUtils.java:logGet(43)) - raft.server.log.use.memory = false (default)
2019-07-13 12:27:00,497 INFO  server.RaftServerConfigKeys (ConfUtils.java:logGet(43)) - raft.server.log.purge.gap = 1000000000 (custom)
2019-07-13 12:27:00,497 INFO  server.RaftServerConfigKeys (ConfUtils.java:logGet(43)) - raft.server.log.appender.buffer.byte-limit = 33554432 (custom)
2019-07-13 12:27:00,498 INFO  server.RaftServerConfigKeys (ConfUtils.java:logGet(43)) - raft.server.log.segment.size.max = 1048576 (custom)
2019-07-13 12:27:00,498 INFO  server.RaftServerConfigKeys (ConfUtils.java:logGet(43)) - raft.server.log.segment.cache.num.max = 2 (custom)
2019-07-13 12:27:00,498 INFO  segmented.SegmentedRaftLogWorker (SegmentedRaftLogWorker.java:<init>(172)) - new 67ad77ec-e22e-4e21-b0ef-f18c48c00509-SegmentedRaftLogWorker:Storage Directory /tmp/workdir/hadoop-ozone/integration-test/target/test-dir/MiniOzoneClusterImpl-c01b761b-2f67-4822-9581-a12a58f3b363/datanode-4/data/ratis/43dc801b-a244-4d13-9735-8a37e9b7c607 for RaftStorage:Storage Directory /tmp/workdir/hadoop-ozone/integration-test/target/test-dir/MiniOzoneClusterImpl-c01b761b-2f67-4822-9581-a12a58f3b363/datanode-4/data/ratis/43dc801b-a244-4d13-9735-8a37e9b7c607
2019-07-13 12:27:00,498 INFO  server.RaftServerConfigKeys (ConfUtils.java:logGet(43)) - raft.server.log.queue.byte-limit = 2147483647 (custom)
2019-07-13 12:27:00,498 INFO  server.RaftServerConfigKeys (ConfUtils.java:logGet(43)) - raft.server.log.queue.element-limit = 1024 (custom)
2019-07-13 12:27:00,499 INFO  server.RaftServerConfigKeys (ConfUtils.java:logGet(43)) - raft.server.log.segment.size.max = 1048576 (custom)
2019-07-13 12:27:00,499 INFO  server.RaftServerConfigKeys (ConfUtils.java:logGet(43)) - raft.server.log.preallocated.size = 16384 (custom)
2019-07-13 12:27:00,499 INFO  server.RaftServerConfigKeys (ConfUtils.java:logGet(43)) - raft.server.log.write.buffer.size = 33554432 (custom)
2019-07-13 12:27:00,499 INFO  server.RaftServerConfigKeys (ConfUtils.java:logGet(43)) - raft.server.log.force.sync.num = 128 (default)
2019-07-13 12:27:00,499 INFO  server.RaftServerConfigKeys (ConfUtils.java:logGet(43)) - raft.server.log.statemachine.data.sync = true (default)
2019-07-13 12:27:00,500 INFO  server.RaftServerConfigKeys (ConfUtils.java:logGet(43)) - raft.server.log.statemachine.data.sync.timeout = 10s (default)
2019-07-13 12:27:00,500 INFO  server.RaftServerConfigKeys (ConfUtils.java:logGet(43)) - raft.server.log.statemachine.data.sync.timeout.retry = -1 (default)
2019-07-13 12:27:00,500 INFO  server.RaftServerConfigKeys (ConfUtils.java:logGet(43)) - raft.server.log.statemachine.data.caching.enabled = true (custom)
2019-07-13 12:27:00,501 INFO  segmented.SegmentedRaftLogWorker (SegmentedRaftLogWorker.java:lambda$new$0(132)) - 67ad77ec-e22e-4e21-b0ef-f18c48c00509-SegmentedRaftLogWorker:Storage Directory /tmp/workdir/hadoop-ozone/integration-test/target/test-dir/MiniOzoneClusterImpl-c01b761b-2f67-4822-9581-a12a58f3b363/datanode-4/data/ratis/43dc801b-a244-4d13-9735-8a37e9b7c607: flushIndex: setUnconditionally 0 -> -1
2019-07-13 12:27:00,501 INFO  server.RaftServerConfigKeys (ConfUtils.java:logGet(43)) - raft.server.snapshot.auto.trigger.enabled = true (custom)
2019-07-13 12:27:00,501 INFO  server.RaftServerConfigKeys (ConfUtils.java:logGet(43)) - raft.server.snapshot.auto.trigger.threshold = 10000 (custom)
2019-07-13 12:27:00,502 INFO  server.RaftServerConfigKeys (ConfUtils.java:logGet(43)) - raft.server.retrycache.expirytime = 600000ms (custom)
2019-07-13 12:27:00,502 INFO  impl.RaftServerImpl (RaftServerImpl.java:start(180)) - 67ad77ec-e22e-4e21-b0ef-f18c48c00509: start group-8A37E9B7C607
2019-07-13 12:27:00,502 INFO  impl.RaftServerImpl (RaftServerImpl.java:setRole(171)) - 67ad77ec-e22e-4e21-b0ef-f18c48c00509:group-8A37E9B7C607 changes role from null to FOLLOWER at term 0 for startAsFollower
2019-07-13 12:27:00,502 INFO  impl.RoleInfo (RoleInfo.java:updateAndGet(143)) - 67ad77ec-e22e-4e21-b0ef-f18c48c00509: start FollowerState
2019-07-13 12:27:00,503 INFO  util.JmxRegister (JmxRegister.java:tryRegister(44)) - Successfully registered JMX Bean with object name Ratis:service=RaftServer,group=group-8A37E9B7C607,id=67ad77ec-e22e-4e21-b0ef-f18c48c00509
2019-07-13 12:27:00,521 INFO  pipeline.PipelineStateManager (PipelineStateManager.java:addPipeline(56)) - Created pipeline Pipeline[ Id: 43dc801b-a244-4d13-9735-8a37e9b7c607, Nodes: 67ad77ec-e22e-4e21-b0ef-f18c48c00509{ip: 192.168.5.181, host: trunk-nightly-q2gwj-1111726333, networkLocation: /default-rack, certSerialId: null}, Type:RATIS, Factor:ONE, State:OPEN]
2019-07-13 12:27:00,548 INFO  impl.RaftServerProxy (RaftServerProxy.java:addNew(89)) - 74efef67-ec0e-49fa-8557-a2a89921eea7: addNew group-A471BF323A6C:[74efef67-ec0e-49fa-8557-a2a89921eea7:192.168.5.181:33345] returns group-A471BF323A6C:java.util.concurrent.CompletableFuture@1cbb84a2[Not completed]
2019-07-13 12:27:00,550 INFO  impl.RaftServerImpl (RaftServerImpl.java:<init>(93)) - 74efef67-ec0e-49fa-8557-a2a89921eea7: new RaftServerImpl for group-A471BF323A6C:[74efef67-ec0e-49fa-8557-a2a89921eea7:192.168.5.181:33345] with ContainerStateMachine:uninitialized
2019-07-13 12:27:00,551 INFO  server.RaftServerConfigKeys (ConfUtils.java:logGet(43)) - raft.server.rpc.timeout.min = 5s (custom)
2019-07-13 12:27:00,552 INFO  server.RaftServerConfigKeys (ConfUtils.java:logGet(43)) - raft.server.rpc.timeout.max = 5200ms (custom)
2019-07-13 12:27:00,552 INFO  server.RaftServerConfigKeys (ConfUtils.java:logGet(43)) - raft.server.rpcslowness.timeout = 120s (custom)
2019-07-13 12:27:00,552 INFO  server.RaftServerConfigKeys (ConfUtils.java:logGet(43)) - raft.server.sleep.deviation.threshold = 300 (default)
2019-07-13 12:27:00,552 INFO  server.RaftServerConfigKeys (ConfUtils.java:logGet(43)) - raft.server.log.appender.install.snapshot.enabled = false (custom)
2019-07-13 12:27:00,552 INFO  impl.RaftServerImpl (ServerState.java:<init>(105)) - 74efef67-ec0e-49fa-8557-a2a89921eea7:group-A471BF323A6C ConfigurationManager, init=-1: [74efef67-ec0e-49fa-8557-a2a89921eea7:192.168.5.181:33345], old=null, confs=<EMPTY_MAP>
2019-07-13 12:27:00,552 INFO  server.RaftServerConfigKeys (ConfUtils.java:logGet(43)) - raft.server.storage.dir = [/tmp/workdir/hadoop-ozone/integration-test/target/test-dir/MiniOzoneClusterImpl-c01b761b-2f67-4822-9581-a12a58f3b363/datanode-5/data/ratis] (custom)
2019-07-13 12:27:00,553 INFO  storage.RaftStorageDirectory (RaftStorageDirectory.java:analyzeStorage(246)) - The storage directory /tmp/workdir/hadoop-ozone/integration-test/target/test-dir/MiniOzoneClusterImpl-c01b761b-2f67-4822-9581-a12a58f3b363/datanode-5/data/ratis/ace2eaeb-d448-408f-a5ab-a471bf323a6c does not exist. Creating ...
2019-07-13 12:27:00,567 INFO  storage.RaftStorageDirectory (RaftStorageDirectory.java:tryLock(328)) - Lock on /tmp/workdir/hadoop-ozone/integration-test/target/test-dir/MiniOzoneClusterImpl-c01b761b-2f67-4822-9581-a12a58f3b363/datanode-5/data/ratis/ace2eaeb-d448-408f-a5ab-a471bf323a6c/in_use.lock acquired by nodename 32027@trunk-nightly-q2gwj-1111726333
2019-07-13 12:27:00,575 INFO  storage.RaftStorage (RaftStorage.java:format(72)) - Storage directory /tmp/workdir/hadoop-ozone/integration-test/target/test-dir/MiniOzoneClusterImpl-c01b761b-2f67-4822-9581-a12a58f3b363/datanode-5/data/ratis/ace2eaeb-d448-408f-a5ab-a471bf323a6c has been successfully formatted.
2019-07-13 12:27:00,576 INFO  ratis.ContainerStateMachine (ContainerStateMachine.java:loadSnapshot(200)) - The snapshot info is null.Setting the last applied index to:(t:0, i:~)
2019-07-13 12:27:00,576 INFO  server.RaftServerConfigKeys (ConfUtils.java:logGet(43)) - raft.server.leader.election.timeout = 120s (custom)
2019-07-13 12:27:00,576 INFO  server.RaftServerConfigKeys (ConfUtils.java:logGet(43)) - raft.server.log.use.memory = false (default)
2019-07-13 12:27:00,576 INFO  server.RaftServerConfigKeys (ConfUtils.java:logGet(43)) - raft.server.log.purge.gap = 1000000000 (custom)
2019-07-13 12:27:00,576 INFO  server.RaftServerConfigKeys (ConfUtils.java:logGet(43)) - raft.server.log.appender.buffer.byte-limit = 33554432 (custom)
2019-07-13 12:27:00,577 INFO  server.RaftServerConfigKeys (ConfUtils.java:logGet(43)) - raft.server.log.segment.size.max = 1048576 (custom)
2019-07-13 12:27:00,577 INFO  server.RaftServerConfigKeys (ConfUtils.java:logGet(43)) - raft.server.log.segment.cache.num.max = 2 (custom)
2019-07-13 12:27:00,577 INFO  segmented.SegmentedRaftLogWorker (SegmentedRaftLogWorker.java:<init>(172)) - new 74efef67-ec0e-49fa-8557-a2a89921eea7-SegmentedRaftLogWorker:Storage Directory /tmp/workdir/hadoop-ozone/integration-test/target/test-dir/MiniOzoneClusterImpl-c01b761b-2f67-4822-9581-a12a58f3b363/datanode-5/data/ratis/ace2eaeb-d448-408f-a5ab-a471bf323a6c for RaftStorage:Storage Directory /tmp/workdir/hadoop-ozone/integration-test/target/test-dir/MiniOzoneClusterImpl-c01b761b-2f67-4822-9581-a12a58f3b363/datanode-5/data/ratis/ace2eaeb-d448-408f-a5ab-a471bf323a6c
2019-07-13 12:27:00,577 INFO  server.RaftServerConfigKeys (ConfUtils.java:logGet(43)) - raft.server.log.queue.byte-limit = 2147483647 (custom)
2019-07-13 12:27:00,577 INFO  server.RaftServerConfigKeys (ConfUtils.java:logGet(43)) - raft.server.log.queue.element-limit = 1024 (custom)
2019-07-13 12:27:00,578 INFO  server.RaftServerConfigKeys (ConfUtils.java:logGet(43)) - raft.server.log.segment.size.max = 1048576 (custom)
2019-07-13 12:27:00,578 INFO  server.RaftServerConfigKeys (ConfUtils.java:logGet(43)) - raft.server.log.preallocated.size = 16384 (custom)
2019-07-13 12:27:00,578 INFO  server.RaftServerConfigKeys (ConfUtils.java:logGet(43)) - raft.server.log.write.buffer.size = 33554432 (custom)
2019-07-13 12:27:00,578 INFO  server.RaftServerConfigKeys (ConfUtils.java:logGet(43)) - raft.server.log.force.sync.num = 128 (default)
2019-07-13 12:27:00,578 INFO  server.RaftServerConfigKeys (ConfUtils.java:logGet(43)) - raft.server.log.statemachine.data.sync = true (default)
2019-07-13 12:27:00,579 INFO  server.RaftServerConfigKeys (ConfUtils.java:logGet(43)) - raft.server.log.statemachine.data.sync.timeout = 10s (default)
2019-07-13 12:27:00,579 INFO  server.RaftServerConfigKeys (ConfUtils.java:logGet(43)) - raft.server.log.statemachine.data.sync.timeout.retry = -1 (default)
2019-07-13 12:27:00,579 INFO  server.RaftServerConfigKeys (ConfUtils.java:logGet(43)) - raft.server.log.statemachine.data.caching.enabled = true (custom)
2019-07-13 12:27:00,580 INFO  segmented.SegmentedRaftLogWorker (SegmentedRaftLogWorker.java:lambda$new$0(132)) - 74efef67-ec0e-49fa-8557-a2a89921eea7-SegmentedRaftLogWorker:Storage Directory /tmp/workdir/hadoop-ozone/integration-test/target/test-dir/MiniOzoneClusterImpl-c01b761b-2f67-4822-9581-a12a58f3b363/datanode-5/data/ratis/ace2eaeb-d448-408f-a5ab-a471bf323a6c: flushIndex: setUnconditionally 0 -> -1
2019-07-13 12:27:00,580 INFO  server.RaftServerConfigKeys (ConfUtils.java:logGet(43)) - raft.server.snapshot.auto.trigger.enabled = true (custom)
2019-07-13 12:27:00,580 INFO  server.RaftServerConfigKeys (ConfUtils.java:logGet(43)) - raft.server.snapshot.auto.trigger.threshold = 10000 (custom)
2019-07-13 12:27:00,580 INFO  server.RaftServerConfigKeys (ConfUtils.java:logGet(43)) - raft.server.retrycache.expirytime = 600000ms (custom)
2019-07-13 12:27:00,581 INFO  impl.RaftServerImpl (RaftServerImpl.java:start(180)) - 74efef67-ec0e-49fa-8557-a2a89921eea7: start group-A471BF323A6C
2019-07-13 12:27:00,581 INFO  impl.RaftServerImpl (RaftServerImpl.java:setRole(171)) - 74efef67-ec0e-49fa-8557-a2a89921eea7:group-A471BF323A6C changes role from null to FOLLOWER at term 0 for startAsFollower
2019-07-13 12:27:00,581 INFO  impl.RoleInfo (RoleInfo.java:updateAndGet(143)) - 74efef67-ec0e-49fa-8557-a2a89921eea7: start FollowerState
2019-07-13 12:27:00,582 INFO  util.JmxRegister (JmxRegister.java:tryRegister(44)) - Successfully registered JMX Bean with object name Ratis:service=RaftServer,group=group-A471BF323A6C,id=74efef67-ec0e-49fa-8557-a2a89921eea7
2019-07-13 12:27:00,596 INFO  pipeline.PipelineStateManager (PipelineStateManager.java:addPipeline(56)) - Created pipeline Pipeline[ Id: ace2eaeb-d448-408f-a5ab-a471bf323a6c, Nodes: 74efef67-ec0e-49fa-8557-a2a89921eea7{ip: 192.168.5.181, host: trunk-nightly-q2gwj-1111726333, networkLocation: /default-rack, certSerialId: null}, Type:RATIS, Factor:ONE, State:OPEN]
2019-07-13 12:27:00,622 INFO  impl.RaftServerProxy (RaftServerProxy.java:addNew(89)) - 7725a38b-54a6-4df1-a54c-afb4374855be: addNew group-300526FED910:[7725a38b-54a6-4df1-a54c-afb4374855be:192.168.5.181:35898] returns group-300526FED910:java.util.concurrent.CompletableFuture@30c167c3[Not completed]
2019-07-13 12:27:00,623 INFO  impl.RaftServerImpl (RaftServerImpl.java:<init>(93)) - 7725a38b-54a6-4df1-a54c-afb4374855be: new RaftServerImpl for group-300526FED910:[7725a38b-54a6-4df1-a54c-afb4374855be:192.168.5.181:35898] with ContainerStateMachine:uninitialized
2019-07-13 12:27:00,625 INFO  server.RaftServerConfigKeys (ConfUtils.java:logGet(43)) - raft.server.rpc.timeout.min = 5s (custom)
2019-07-13 12:27:00,625 INFO  server.RaftServerConfigKeys (ConfUtils.java:logGet(43)) - raft.server.rpc.timeout.max = 5200ms (custom)
2019-07-13 12:27:00,625 INFO  server.RaftServerConfigKeys (ConfUtils.java:logGet(43)) - raft.server.rpcslowness.timeout = 120s (custom)
2019-07-13 12:27:00,625 INFO  server.RaftServerConfigKeys (ConfUtils.java:logGet(43)) - raft.server.sleep.deviation.threshold = 300 (default)
2019-07-13 12:27:00,626 INFO  server.RaftServerConfigKeys (ConfUtils.java:logGet(43)) - raft.server.log.appender.install.snapshot.enabled = false (custom)
2019-07-13 12:27:00,626 INFO  impl.RaftServerImpl (ServerState.java:<init>(105)) - 7725a38b-54a6-4df1-a54c-afb4374855be:group-300526FED910 ConfigurationManager, init=-1: [7725a38b-54a6-4df1-a54c-afb4374855be:192.168.5.181:35898], old=null, confs=<EMPTY_MAP>
2019-07-13 12:27:00,626 INFO  server.RaftServerConfigKeys (ConfUtils.java:logGet(43)) - raft.server.storage.dir = [/tmp/workdir/hadoop-ozone/integration-test/target/test-dir/MiniOzoneClusterImpl-c01b761b-2f67-4822-9581-a12a58f3b363/datanode-6/data/ratis] (custom)
2019-07-13 12:27:00,626 INFO  storage.RaftStorageDirectory (RaftStorageDirectory.java:analyzeStorage(246)) - The storage directory /tmp/workdir/hadoop-ozone/integration-test/target/test-dir/MiniOzoneClusterImpl-c01b761b-2f67-4822-9581-a12a58f3b363/datanode-6/data/ratis/03c33dbf-9563-4f46-b21a-300526fed910 does not exist. Creating ...
2019-07-13 12:27:00,630 INFO  storage.RaftStorageDirectory (RaftStorageDirectory.java:tryLock(328)) - Lock on /tmp/workdir/hadoop-ozone/integration-test/target/test-dir/MiniOzoneClusterImpl-c01b761b-2f67-4822-9581-a12a58f3b363/datanode-6/data/ratis/03c33dbf-9563-4f46-b21a-300526fed910/in_use.lock acquired by nodename 32027@trunk-nightly-q2gwj-1111726333
2019-07-13 12:27:00,634 INFO  storage.RaftStorage (RaftStorage.java:format(72)) - Storage directory /tmp/workdir/hadoop-ozone/integration-test/target/test-dir/MiniOzoneClusterImpl-c01b761b-2f67-4822-9581-a12a58f3b363/datanode-6/data/ratis/03c33dbf-9563-4f46-b21a-300526fed910 has been successfully formatted.
2019-07-13 12:27:00,634 INFO  ratis.ContainerStateMachine (ContainerStateMachine.java:loadSnapshot(200)) - The snapshot info is null.Setting the last applied index to:(t:0, i:~)
2019-07-13 12:27:00,634 INFO  server.RaftServerConfigKeys (ConfUtils.java:logGet(43)) - raft.server.leader.election.timeout = 120s (custom)
2019-07-13 12:27:00,634 INFO  server.RaftServerConfigKeys (ConfUtils.java:logGet(43)) - raft.server.log.use.memory = false (default)
2019-07-13 12:27:00,634 INFO  server.RaftServerConfigKeys (ConfUtils.java:logGet(43)) - raft.server.log.purge.gap = 1000000000 (custom)
2019-07-13 12:27:00,635 INFO  server.RaftServerConfigKeys (ConfUtils.java:logGet(43)) - raft.server.log.appender.buffer.byte-limit = 33554432 (custom)
2019-07-13 12:27:00,635 INFO  server.RaftServerConfigKeys (ConfUtils.java:logGet(43)) - raft.server.log.segment.size.max = 1048576 (custom)
2019-07-13 12:27:00,635 INFO  server.RaftServerConfigKeys (ConfUtils.java:logGet(43)) - raft.server.log.segment.cache.num.max = 2 (custom)
2019-07-13 12:27:00,635 INFO  segmented.SegmentedRaftLogWorker (SegmentedRaftLogWorker.java:<init>(172)) - new 7725a38b-54a6-4df1-a54c-afb4374855be-SegmentedRaftLogWorker:Storage Directory /tmp/workdir/hadoop-ozone/integration-test/target/test-dir/MiniOzoneClusterImpl-c01b761b-2f67-4822-9581-a12a58f3b363/datanode-6/data/ratis/03c33dbf-9563-4f46-b21a-300526fed910 for RaftStorage:Storage Directory /tmp/workdir/hadoop-ozone/integration-test/target/test-dir/MiniOzoneClusterImpl-c01b761b-2f67-4822-9581-a12a58f3b363/datanode-6/data/ratis/03c33dbf-9563-4f46-b21a-300526fed910
2019-07-13 12:27:00,635 INFO  server.RaftServerConfigKeys (ConfUtils.java:logGet(43)) - raft.server.log.queue.byte-limit = 2147483647 (custom)
2019-07-13 12:27:00,636 INFO  server.RaftServerConfigKeys (ConfUtils.java:logGet(43)) - raft.server.log.queue.element-limit = 1024 (custom)
2019-07-13 12:27:00,636 INFO  server.RaftServerConfigKeys (ConfUtils.java:logGet(43)) - raft.server.log.segment.size.max = 1048576 (custom)
2019-07-13 12:27:00,636 INFO  server.RaftServerConfigKeys (ConfUtils.java:logGet(43)) - raft.server.log.preallocated.size = 16384 (custom)
2019-07-13 12:27:00,636 INFO  server.RaftServerConfigKeys (ConfUtils.java:logGet(43)) - raft.server.log.write.buffer.size = 33554432 (custom)
2019-07-13 12:27:00,636 INFO  server.RaftServerConfigKeys (ConfUtils.java:logGet(43)) - raft.server.log.force.sync.num = 128 (default)
2019-07-13 12:27:00,636 INFO  server.RaftServerConfigKeys (ConfUtils.java:logGet(43)) - raft.server.log.statemachine.data.sync = true (default)
2019-07-13 12:27:00,637 INFO  server.RaftServerConfigKeys (ConfUtils.java:logGet(43)) - raft.server.log.statemachine.data.sync.timeout = 10s (default)
2019-07-13 12:27:00,637 INFO  server.RaftServerConfigKeys (ConfUtils.java:logGet(43)) - raft.server.log.statemachine.data.sync.timeout.retry = -1 (default)
2019-07-13 12:27:00,637 INFO  server.RaftServerConfigKeys (ConfUtils.java:logGet(43)) - raft.server.log.statemachine.data.caching.enabled = true (custom)
2019-07-13 12:27:00,637 INFO  segmented.SegmentedRaftLogWorker (SegmentedRaftLogWorker.java:lambda$new$0(132)) - 7725a38b-54a6-4df1-a54c-afb4374855be-SegmentedRaftLogWorker:Storage Directory /tmp/workdir/hadoop-ozone/integration-test/target/test-dir/MiniOzoneClusterImpl-c01b761b-2f67-4822-9581-a12a58f3b363/datanode-6/data/ratis/03c33dbf-9563-4f46-b21a-300526fed910: flushIndex: setUnconditionally 0 -> -1
2019-07-13 12:27:00,638 INFO  server.RaftServerConfigKeys (ConfUtils.java:logGet(43)) - raft.server.snapshot.auto.trigger.enabled = true (custom)
2019-07-13 12:27:00,638 INFO  server.RaftServerConfigKeys (ConfUtils.java:logGet(43)) - raft.server.snapshot.auto.trigger.threshold = 10000 (custom)
2019-07-13 12:27:00,638 INFO  server.RaftServerConfigKeys (ConfUtils.java:logGet(43)) - raft.server.retrycache.expirytime = 600000ms (custom)
2019-07-13 12:27:00,638 INFO  impl.RaftServerImpl (RaftServerImpl.java:start(180)) - 7725a38b-54a6-4df1-a54c-afb4374855be: start group-300526FED910
2019-07-13 12:27:00,639 INFO  impl.RaftServerImpl (RaftServerImpl.java:setRole(171)) - 7725a38b-54a6-4df1-a54c-afb4374855be:group-300526FED910 changes role from null to FOLLOWER at term 0 for startAsFollower
2019-07-13 12:27:00,639 INFO  impl.RoleInfo (RoleInfo.java:updateAndGet(143)) - 7725a38b-54a6-4df1-a54c-afb4374855be: start FollowerState
2019-07-13 12:27:00,639 INFO  util.JmxRegister (JmxRegister.java:tryRegister(44)) - Successfully registered JMX Bean with object name Ratis:service=RaftServer,group=group-300526FED910,id=7725a38b-54a6-4df1-a54c-afb4374855be
2019-07-13 12:27:00,655 INFO  pipeline.PipelineStateManager (PipelineStateManager.java:addPipeline(56)) - Created pipeline Pipeline[ Id: 03c33dbf-9563-4f46-b21a-300526fed910, Nodes: 7725a38b-54a6-4df1-a54c-afb4374855be{ip: 192.168.5.181, host: trunk-nightly-q2gwj-1111726333, networkLocation: /default-rack, certSerialId: null}, Type:RATIS, Factor:ONE, State:OPEN]
2019-07-13 12:27:00,684 INFO  impl.RaftServerProxy (RaftServerProxy.java:addNew(89)) - b638f31a-9a55-4e88-8861-54b3556fd9f8: addNew group-A64F332C2340:[b638f31a-9a55-4e88-8861-54b3556fd9f8:192.168.5.181:32932] returns group-A64F332C2340:java.util.concurrent.CompletableFuture@798e7da3[Not completed]
2019-07-13 12:27:00,686 INFO  impl.RaftServerImpl (RaftServerImpl.java:<init>(93)) - b638f31a-9a55-4e88-8861-54b3556fd9f8: new RaftServerImpl for group-A64F332C2340:[b638f31a-9a55-4e88-8861-54b3556fd9f8:192.168.5.181:32932] with ContainerStateMachine:uninitialized
2019-07-13 12:27:00,688 INFO  server.RaftServerConfigKeys (ConfUtils.java:logGet(43)) - raft.server.rpc.timeout.min = 5s (custom)
2019-07-13 12:27:00,688 INFO  server.RaftServerConfigKeys (ConfUtils.java:logGet(43)) - raft.server.rpc.timeout.max = 5200ms (custom)
2019-07-13 12:27:00,688 INFO  server.RaftServerConfigKeys (ConfUtils.java:logGet(43)) - raft.server.rpcslowness.timeout = 120s (custom)
2019-07-13 12:27:00,688 INFO  server.RaftServerConfigKeys (ConfUtils.java:logGet(43)) - raft.server.sleep.deviation.threshold = 300 (default)
2019-07-13 12:27:00,689 INFO  server.RaftServerConfigKeys (ConfUtils.java:logGet(43)) - raft.server.log.appender.install.snapshot.enabled = false (custom)
2019-07-13 12:27:00,689 INFO  impl.RaftServerImpl (ServerState.java:<init>(105)) - b638f31a-9a55-4e88-8861-54b3556fd9f8:group-A64F332C2340 ConfigurationManager, init=-1: [b638f31a-9a55-4e88-8861-54b3556fd9f8:192.168.5.181:32932], old=null, confs=<EMPTY_MAP>
2019-07-13 12:27:00,689 INFO  server.RaftServerConfigKeys (ConfUtils.java:logGet(43)) - raft.server.storage.dir = [/tmp/workdir/hadoop-ozone/integration-test/target/test-dir/MiniOzoneClusterImpl-c01b761b-2f67-4822-9581-a12a58f3b363/datanode-3/data/ratis] (custom)
2019-07-13 12:27:00,690 INFO  storage.RaftStorageDirectory (RaftStorageDirectory.java:analyzeStorage(246)) - The storage directory /tmp/workdir/hadoop-ozone/integration-test/target/test-dir/MiniOzoneClusterImpl-c01b761b-2f67-4822-9581-a12a58f3b363/datanode-3/data/ratis/1cb156c8-16ae-43d0-b7b9-a64f332c2340 does not exist. Creating ...
2019-07-13 12:27:00,701 INFO  storage.RaftStorageDirectory (RaftStorageDirectory.java:tryLock(328)) - Lock on /tmp/workdir/hadoop-ozone/integration-test/target/test-dir/MiniOzoneClusterImpl-c01b761b-2f67-4822-9581-a12a58f3b363/datanode-3/data/ratis/1cb156c8-16ae-43d0-b7b9-a64f332c2340/in_use.lock acquired by nodename 32027@trunk-nightly-q2gwj-1111726333
2019-07-13 12:27:00,713 INFO  storage.RaftStorage (RaftStorage.java:format(72)) - Storage directory /tmp/workdir/hadoop-ozone/integration-test/target/test-dir/MiniOzoneClusterImpl-c01b761b-2f67-4822-9581-a12a58f3b363/datanode-3/data/ratis/1cb156c8-16ae-43d0-b7b9-a64f332c2340 has been successfully formatted.
2019-07-13 12:27:00,713 INFO  ratis.ContainerStateMachine (ContainerStateMachine.java:loadSnapshot(200)) - The snapshot info is null.Setting the last applied index to:(t:0, i:~)
2019-07-13 12:27:00,714 INFO  server.RaftServerConfigKeys (ConfUtils.java:logGet(43)) - raft.server.leader.election.timeout = 120s (custom)
2019-07-13 12:27:00,714 INFO  server.RaftServerConfigKeys (ConfUtils.java:logGet(43)) - raft.server.log.use.memory = false (default)
2019-07-13 12:27:00,714 INFO  server.RaftServerConfigKeys (ConfUtils.java:logGet(43)) - raft.server.log.purge.gap = 1000000000 (custom)
2019-07-13 12:27:00,714 INFO  server.RaftServerConfigKeys (ConfUtils.java:logGet(43)) - raft.server.log.appender.buffer.byte-limit = 33554432 (custom)
2019-07-13 12:27:00,714 INFO  server.RaftServerConfigKeys (ConfUtils.java:logGet(43)) - raft.server.log.segment.size.max = 1048576 (custom)
2019-07-13 12:27:00,714 INFO  server.RaftServerConfigKeys (ConfUtils.java:logGet(43)) - raft.server.log.segment.cache.num.max = 2 (custom)
2019-07-13 12:27:00,715 INFO  segmented.SegmentedRaftLogWorker (SegmentedRaftLogWorker.java:<init>(172)) - new b638f31a-9a55-4e88-8861-54b3556fd9f8-SegmentedRaftLogWorker:Storage Directory /tmp/workdir/hadoop-ozone/integration-test/target/test-dir/MiniOzoneClusterImpl-c01b761b-2f67-4822-9581-a12a58f3b363/datanode-3/data/ratis/1cb156c8-16ae-43d0-b7b9-a64f332c2340 for RaftStorage:Storage Directory /tmp/workdir/hadoop-ozone/integration-test/target/test-dir/MiniOzoneClusterImpl-c01b761b-2f67-4822-9581-a12a58f3b363/datanode-3/data/ratis/1cb156c8-16ae-43d0-b7b9-a64f332c2340
2019-07-13 12:27:00,715 INFO  server.RaftServerConfigKeys (ConfUtils.java:logGet(43)) - raft.server.log.queue.byte-limit = 2147483647 (custom)
2019-07-13 12:27:00,715 INFO  server.RaftServerConfigKeys (ConfUtils.java:logGet(43)) - raft.server.log.queue.element-limit = 1024 (custom)
2019-07-13 12:27:00,715 INFO  server.RaftServerConfigKeys (ConfUtils.java:logGet(43)) - raft.server.log.segment.size.max = 1048576 (custom)
2019-07-13 12:27:00,716 INFO  server.RaftServerConfigKeys (ConfUtils.java:logGet(43)) - raft.server.log.preallocated.size = 16384 (custom)
2019-07-13 12:27:00,716 INFO  server.RaftServerConfigKeys (ConfUtils.java:logGet(43)) - raft.server.log.write.buffer.size = 33554432 (custom)
2019-07-13 12:27:00,716 INFO  server.RaftServerConfigKeys (ConfUtils.java:logGet(43)) - raft.server.log.force.sync.num = 128 (default)
2019-07-13 12:27:00,716 INFO  server.RaftServerConfigKeys (ConfUtils.java:logGet(43)) - raft.server.log.statemachine.data.sync = true (default)
2019-07-13 12:27:00,716 INFO  server.RaftServerConfigKeys (ConfUtils.java:logGet(43)) - raft.server.log.statemachine.data.sync.timeout = 10s (default)
2019-07-13 12:27:00,717 INFO  server.RaftServerConfigKeys (ConfUtils.java:logGet(43)) - raft.server.log.statemachine.data.sync.timeout.retry = -1 (default)
2019-07-13 12:27:00,717 INFO  server.RaftServerConfigKeys (ConfUtils.java:logGet(43)) - raft.server.log.statemachine.data.caching.enabled = true (custom)
2019-07-13 12:27:00,717 INFO  segmented.SegmentedRaftLogWorker (SegmentedRaftLogWorker.java:lambda$new$0(132)) - b638f31a-9a55-4e88-8861-54b3556fd9f8-SegmentedRaftLogWorker:Storage Directory /tmp/workdir/hadoop-ozone/integration-test/target/test-dir/MiniOzoneClusterImpl-c01b761b-2f67-4822-9581-a12a58f3b363/datanode-3/data/ratis/1cb156c8-16ae-43d0-b7b9-a64f332c2340: flushIndex: setUnconditionally 0 -> -1
2019-07-13 12:27:00,718 INFO  server.RaftServerConfigKeys (ConfUtils.java:logGet(43)) - raft.server.snapshot.auto.trigger.enabled = true (custom)
2019-07-13 12:27:00,718 INFO  server.RaftServerConfigKeys (ConfUtils.java:logGet(43)) - raft.server.snapshot.auto.trigger.threshold = 10000 (custom)
2019-07-13 12:27:00,718 INFO  server.RaftServerConfigKeys (ConfUtils.java:logGet(43)) - raft.server.retrycache.expirytime = 600000ms (custom)
2019-07-13 12:27:00,719 INFO  impl.RaftServerImpl (RaftServerImpl.java:start(180)) - b638f31a-9a55-4e88-8861-54b3556fd9f8: start group-A64F332C2340
2019-07-13 12:27:00,719 INFO  impl.RaftServerImpl (RaftServerImpl.java:setRole(171)) - b638f31a-9a55-4e88-8861-54b3556fd9f8:group-A64F332C2340 changes role from null to FOLLOWER at term 0 for startAsFollower
2019-07-13 12:27:00,719 INFO  impl.RoleInfo (RoleInfo.java:updateAndGet(143)) - b638f31a-9a55-4e88-8861-54b3556fd9f8: start FollowerState
2019-07-13 12:27:00,720 INFO  util.JmxRegister (JmxRegister.java:tryRegister(44)) - Successfully registered JMX Bean with object name Ratis:service=RaftServer,group=group-A64F332C2340,id=b638f31a-9a55-4e88-8861-54b3556fd9f8
2019-07-13 12:27:00,733 INFO  pipeline.PipelineStateManager (PipelineStateManager.java:addPipeline(56)) - Created pipeline Pipeline[ Id: 1cb156c8-16ae-43d0-b7b9-a64f332c2340, Nodes: b638f31a-9a55-4e88-8861-54b3556fd9f8{ip: 192.168.5.181, host: trunk-nightly-q2gwj-1111726333, networkLocation: /default-rack, certSerialId: null}, Type:RATIS, Factor:ONE, State:OPEN]
2019-07-13 12:27:00,752 INFO  impl.RaftServerProxy (RaftServerProxy.java:addNew(89)) - 0d759352-9ff9-4087-94a1-fe421b840863: addNew group-4D6799FB7C13:[0d759352-9ff9-4087-94a1-fe421b840863:192.168.5.181:46056] returns group-4D6799FB7C13:java.util.concurrent.CompletableFuture@4de21cfb[Not completed]
2019-07-13 12:27:00,754 INFO  impl.RaftServerImpl (RaftServerImpl.java:<init>(93)) - 0d759352-9ff9-4087-94a1-fe421b840863: new RaftServerImpl for group-4D6799FB7C13:[0d759352-9ff9-4087-94a1-fe421b840863:192.168.5.181:46056] with ContainerStateMachine:uninitialized
2019-07-13 12:27:00,756 INFO  server.RaftServerConfigKeys (ConfUtils.java:logGet(43)) - raft.server.rpc.timeout.min = 5s (custom)
2019-07-13 12:27:00,756 INFO  server.RaftServerConfigKeys (ConfUtils.java:logGet(43)) - raft.server.rpc.timeout.max = 5200ms (custom)
2019-07-13 12:27:00,756 INFO  server.RaftServerConfigKeys (ConfUtils.java:logGet(43)) - raft.server.rpcslowness.timeout = 120s (custom)
2019-07-13 12:27:00,757 INFO  server.RaftServerConfigKeys (ConfUtils.java:logGet(43)) - raft.server.sleep.deviation.threshold = 300 (default)
2019-07-13 12:27:00,757 INFO  server.RaftServerConfigKeys (ConfUtils.java:logGet(43)) - raft.server.log.appender.install.snapshot.enabled = false (custom)
2019-07-13 12:27:00,757 INFO  impl.RaftServerImpl (ServerState.java:<init>(105)) - 0d759352-9ff9-4087-94a1-fe421b840863:group-4D6799FB7C13 ConfigurationManager, init=-1: [0d759352-9ff9-4087-94a1-fe421b840863:192.168.5.181:46056], old=null, confs=<EMPTY_MAP>
2019-07-13 12:27:00,757 INFO  server.RaftServerConfigKeys (ConfUtils.java:logGet(43)) - raft.server.storage.dir = [/tmp/workdir/hadoop-ozone/integration-test/target/test-dir/MiniOzoneClusterImpl-c01b761b-2f67-4822-9581-a12a58f3b363/datanode-1/data/ratis] (custom)
2019-07-13 12:27:00,758 INFO  storage.RaftStorageDirectory (RaftStorageDirectory.java:analyzeStorage(246)) - The storage directory /tmp/workdir/hadoop-ozone/integration-test/target/test-dir/MiniOzoneClusterImpl-c01b761b-2f67-4822-9581-a12a58f3b363/datanode-1/data/ratis/9bba600b-0ef3-4e45-9762-4d6799fb7c13 does not exist. Creating ...
2019-07-13 12:27:00,769 INFO  storage.RaftStorageDirectory (RaftStorageDirectory.java:tryLock(328)) - Lock on /tmp/workdir/hadoop-ozone/integration-test/target/test-dir/MiniOzoneClusterImpl-c01b761b-2f67-4822-9581-a12a58f3b363/datanode-1/data/ratis/9bba600b-0ef3-4e45-9762-4d6799fb7c13/in_use.lock acquired by nodename 32027@trunk-nightly-q2gwj-1111726333
2019-07-13 12:27:00,775 INFO  storage.RaftStorage (RaftStorage.java:format(72)) - Storage directory /tmp/workdir/hadoop-ozone/integration-test/target/test-dir/MiniOzoneClusterImpl-c01b761b-2f67-4822-9581-a12a58f3b363/datanode-1/data/ratis/9bba600b-0ef3-4e45-9762-4d6799fb7c13 has been successfully formatted.
2019-07-13 12:27:00,775 INFO  ratis.ContainerStateMachine (ContainerStateMachine.java:loadSnapshot(200)) - The snapshot info is null.Setting the last applied index to:(t:0, i:~)
2019-07-13 12:27:00,775 INFO  server.RaftServerConfigKeys (ConfUtils.java:logGet(43)) - raft.server.leader.election.timeout = 120s (custom)
2019-07-13 12:27:00,775 INFO  server.RaftServerConfigKeys (ConfUtils.java:logGet(43)) - raft.server.log.use.memory = false (default)
2019-07-13 12:27:00,776 INFO  server.RaftServerConfigKeys (ConfUtils.java:logGet(43)) - raft.server.log.purge.gap = 1000000000 (custom)
2019-07-13 12:27:00,776 INFO  server.RaftServerConfigKeys (ConfUtils.java:logGet(43)) - raft.server.log.appender.buffer.byte-limit = 33554432 (custom)
2019-07-13 12:27:00,776 INFO  server.RaftServerConfigKeys (ConfUtils.java:logGet(43)) - raft.server.log.segment.size.max = 1048576 (custom)
2019-07-13 12:27:00,776 INFO  server.RaftServerConfigKeys (ConfUtils.java:logGet(43)) - raft.server.log.segment.cache.num.max = 2 (custom)
2019-07-13 12:27:00,776 INFO  segmented.SegmentedRaftLogWorker (SegmentedRaftLogWorker.java:<init>(172)) - new 0d759352-9ff9-4087-94a1-fe421b840863-SegmentedRaftLogWorker:Storage Directory /tmp/workdir/hadoop-ozone/integration-test/target/test-dir/MiniOzoneClusterImpl-c01b761b-2f67-4822-9581-a12a58f3b363/datanode-1/data/ratis/9bba600b-0ef3-4e45-9762-4d6799fb7c13 for RaftStorage:Storage Directory /tmp/workdir/hadoop-ozone/integration-test/target/test-dir/MiniOzoneClusterImpl-c01b761b-2f67-4822-9581-a12a58f3b363/datanode-1/data/ratis/9bba600b-0ef3-4e45-9762-4d6799fb7c13
2019-07-13 12:27:00,777 INFO  server.RaftServerConfigKeys (ConfUtils.java:logGet(43)) - raft.server.log.queue.byte-limit = 2147483647 (custom)
2019-07-13 12:27:00,777 INFO  server.RaftServerConfigKeys (ConfUtils.java:logGet(43)) - raft.server.log.queue.element-limit = 1024 (custom)
2019-07-13 12:27:00,777 INFO  server.RaftServerConfigKeys (ConfUtils.java:logGet(43)) - raft.server.log.segment.size.max = 1048576 (custom)
2019-07-13 12:27:00,777 INFO  server.RaftServerConfigKeys (ConfUtils.java:logGet(43)) - raft.server.log.preallocated.size = 16384 (custom)
2019-07-13 12:27:00,778 INFO  server.RaftServerConfigKeys (ConfUtils.java:logGet(43)) - raft.server.log.write.buffer.size = 33554432 (custom)
2019-07-13 12:27:00,778 INFO  server.RaftServerConfigKeys (ConfUtils.java:logGet(43)) - raft.server.log.force.sync.num = 128 (default)
2019-07-13 12:27:00,778 INFO  server.RaftServerConfigKeys (ConfUtils.java:logGet(43)) - raft.server.log.statemachine.data.sync = true (default)
2019-07-13 12:27:00,778 INFO  server.RaftServerConfigKeys (ConfUtils.java:logGet(43)) - raft.server.log.statemachine.data.sync.timeout = 10s (default)
2019-07-13 12:27:00,778 INFO  server.RaftServerConfigKeys (ConfUtils.java:logGet(43)) - raft.server.log.statemachine.data.sync.timeout.retry = -1 (default)
2019-07-13 12:27:00,779 INFO  server.RaftServerConfigKeys (ConfUtils.java:logGet(43)) - raft.server.log.statemachine.data.caching.enabled = true (custom)
2019-07-13 12:27:00,779 INFO  segmented.SegmentedRaftLogWorker (SegmentedRaftLogWorker.java:lambda$new$0(132)) - 0d759352-9ff9-4087-94a1-fe421b840863-SegmentedRaftLogWorker:Storage Directory /tmp/workdir/hadoop-ozone/integration-test/target/test-dir/MiniOzoneClusterImpl-c01b761b-2f67-4822-9581-a12a58f3b363/datanode-1/data/ratis/9bba600b-0ef3-4e45-9762-4d6799fb7c13: flushIndex: setUnconditionally 0 -> -1
2019-07-13 12:27:00,780 INFO  server.RaftServerConfigKeys (ConfUtils.java:logGet(43)) - raft.server.snapshot.auto.trigger.enabled = true (custom)
2019-07-13 12:27:00,780 INFO  server.RaftServerConfigKeys (ConfUtils.java:logGet(43)) - raft.server.snapshot.auto.trigger.threshold = 10000 (custom)
2019-07-13 12:27:00,780 INFO  server.RaftServerConfigKeys (ConfUtils.java:logGet(43)) - raft.server.retrycache.expirytime = 600000ms (custom)
2019-07-13 12:27:00,781 INFO  impl.RaftServerImpl (RaftServerImpl.java:start(180)) - 0d759352-9ff9-4087-94a1-fe421b840863: start group-4D6799FB7C13
2019-07-13 12:27:00,781 INFO  impl.RaftServerImpl (RaftServerImpl.java:setRole(171)) - 0d759352-9ff9-4087-94a1-fe421b840863:group-4D6799FB7C13 changes role from null to FOLLOWER at term 0 for startAsFollower
2019-07-13 12:27:00,781 INFO  impl.RoleInfo (RoleInfo.java:updateAndGet(143)) - 0d759352-9ff9-4087-94a1-fe421b840863: start FollowerState
2019-07-13 12:27:00,782 INFO  util.JmxRegister (JmxRegister.java:tryRegister(44)) - Successfully registered JMX Bean with object name Ratis:service=RaftServer,group=group-4D6799FB7C13,id=0d759352-9ff9-4087-94a1-fe421b840863
2019-07-13 12:27:00,801 INFO  pipeline.PipelineStateManager (PipelineStateManager.java:addPipeline(56)) - Created pipeline Pipeline[ Id: 9bba600b-0ef3-4e45-9762-4d6799fb7c13, Nodes: 0d759352-9ff9-4087-94a1-fe421b840863{ip: 192.168.5.181, host: trunk-nightly-q2gwj-1111726333, networkLocation: /default-rack, certSerialId: null}, Type:RATIS, Factor:ONE, State:OPEN]
2019-07-13 12:27:00,837 INFO  impl.RaftServerProxy (RaftServerProxy.java:addNew(89)) - a90114fc-3d05-4be9-b0c4-bbf7a7678121: addNew group-AFF8D231C080:[67ad77ec-e22e-4e21-b0ef-f18c48c00509:192.168.5.181:39367, 944a21aa-092b-4330-b90e-e9bb9a373ad9:192.168.5.181:46458, a90114fc-3d05-4be9-b0c4-bbf7a7678121:192.168.5.181:37954] returns group-AFF8D231C080:java.util.concurrent.CompletableFuture@33f1e2c7[Not completed]
2019-07-13 12:27:00,842 INFO  impl.RaftServerProxy (RaftServerProxy.java:addNew(89)) - 944a21aa-092b-4330-b90e-e9bb9a373ad9: addNew group-AFF8D231C080:[67ad77ec-e22e-4e21-b0ef-f18c48c00509:192.168.5.181:39367, 944a21aa-092b-4330-b90e-e9bb9a373ad9:192.168.5.181:46458, a90114fc-3d05-4be9-b0c4-bbf7a7678121:192.168.5.181:37954] returns group-AFF8D231C080:java.util.concurrent.CompletableFuture@16ccf4ec[Not completed]
2019-07-13 12:27:00,842 INFO  impl.RaftServerProxy (RaftServerProxy.java:addNew(89)) - 67ad77ec-e22e-4e21-b0ef-f18c48c00509: addNew group-AFF8D231C080:[67ad77ec-e22e-4e21-b0ef-f18c48c00509:192.168.5.181:39367, 944a21aa-092b-4330-b90e-e9bb9a373ad9:192.168.5.181:46458, a90114fc-3d05-4be9-b0c4-bbf7a7678121:192.168.5.181:37954] returns group-AFF8D231C080:java.util.concurrent.CompletableFuture@37ce6061[Not completed]
2019-07-13 12:27:00,843 INFO  impl.RaftServerImpl (RaftServerImpl.java:<init>(93)) - a90114fc-3d05-4be9-b0c4-bbf7a7678121: new RaftServerImpl for group-AFF8D231C080:[67ad77ec-e22e-4e21-b0ef-f18c48c00509:192.168.5.181:39367, 944a21aa-092b-4330-b90e-e9bb9a373ad9:192.168.5.181:46458, a90114fc-3d05-4be9-b0c4-bbf7a7678121:192.168.5.181:37954] with ContainerStateMachine:uninitialized
2019-07-13 12:27:00,843 INFO  server.RaftServerConfigKeys (ConfUtils.java:logGet(43)) - raft.server.rpc.timeout.min = 5s (custom)
2019-07-13 12:27:00,843 INFO  server.RaftServerConfigKeys (ConfUtils.java:logGet(43)) - raft.server.rpc.timeout.max = 5200ms (custom)
2019-07-13 12:27:00,843 INFO  server.RaftServerConfigKeys (ConfUtils.java:logGet(43)) - raft.server.rpcslowness.timeout = 120s (custom)
2019-07-13 12:27:00,844 INFO  impl.RaftServerImpl (RaftServerImpl.java:<init>(93)) - 944a21aa-092b-4330-b90e-e9bb9a373ad9: new RaftServerImpl for group-AFF8D231C080:[67ad77ec-e22e-4e21-b0ef-f18c48c00509:192.168.5.181:39367, 944a21aa-092b-4330-b90e-e9bb9a373ad9:192.168.5.181:46458, a90114fc-3d05-4be9-b0c4-bbf7a7678121:192.168.5.181:37954] with ContainerStateMachine:uninitialized
2019-07-13 12:27:00,844 INFO  server.RaftServerConfigKeys (ConfUtils.java:logGet(43)) - raft.server.sleep.deviation.threshold = 300 (default)
2019-07-13 12:27:00,844 INFO  server.RaftServerConfigKeys (ConfUtils.java:logGet(43)) - raft.server.rpc.timeout.min = 5s (custom)
2019-07-13 12:27:00,844 INFO  server.RaftServerConfigKeys (ConfUtils.java:logGet(43)) - raft.server.log.appender.install.snapshot.enabled = false (custom)
2019-07-13 12:27:00,844 INFO  impl.RaftServerImpl (RaftServerImpl.java:<init>(93)) - 67ad77ec-e22e-4e21-b0ef-f18c48c00509: new RaftServerImpl for group-AFF8D231C080:[67ad77ec-e22e-4e21-b0ef-f18c48c00509:192.168.5.181:39367, 944a21aa-092b-4330-b90e-e9bb9a373ad9:192.168.5.181:46458, a90114fc-3d05-4be9-b0c4-bbf7a7678121:192.168.5.181:37954] with ContainerStateMachine:uninitialized
2019-07-13 12:27:00,844 INFO  server.RaftServerConfigKeys (ConfUtils.java:logGet(43)) - raft.server.rpc.timeout.max = 5200ms (custom)
2019-07-13 12:27:00,844 INFO  server.RaftServerConfigKeys (ConfUtils.java:logGet(43)) - raft.server.rpc.timeout.min = 5s (custom)
2019-07-13 12:27:00,844 INFO  impl.RaftServerImpl (ServerState.java:<init>(105)) - a90114fc-3d05-4be9-b0c4-bbf7a7678121:group-AFF8D231C080 ConfigurationManager, init=-1: [67ad77ec-e22e-4e21-b0ef-f18c48c00509:192.168.5.181:39367, 944a21aa-092b-4330-b90e-e9bb9a373ad9:192.168.5.181:46458, a90114fc-3d05-4be9-b0c4-bbf7a7678121:192.168.5.181:37954], old=null, confs=<EMPTY_MAP>
2019-07-13 12:27:00,845 INFO  server.RaftServerConfigKeys (ConfUtils.java:logGet(43)) - raft.server.rpc.timeout.max = 5200ms (custom)
2019-07-13 12:27:00,844 INFO  server.RaftServerConfigKeys (ConfUtils.java:logGet(43)) - raft.server.rpcslowness.timeout = 120s (custom)
2019-07-13 12:27:00,845 INFO  server.RaftServerConfigKeys (ConfUtils.java:logGet(43)) - raft.server.storage.dir = [/tmp/workdir/hadoop-ozone/integration-test/target/test-dir/MiniOzoneClusterImpl-c01b761b-2f67-4822-9581-a12a58f3b363/datanode-2/data/ratis] (custom)
2019-07-13 12:27:00,845 INFO  server.RaftServerConfigKeys (ConfUtils.java:logGet(43)) - raft.server.rpcslowness.timeout = 120s (custom)
2019-07-13 12:27:00,845 INFO  server.RaftServerConfigKeys (ConfUtils.java:logGet(43)) - raft.server.sleep.deviation.threshold = 300 (default)
2019-07-13 12:27:00,845 INFO  server.RaftServerConfigKeys (ConfUtils.java:logGet(43)) - raft.server.sleep.deviation.threshold = 300 (default)
2019-07-13 12:27:00,845 INFO  server.RaftServerConfigKeys (ConfUtils.java:logGet(43)) - raft.server.log.appender.install.snapshot.enabled = false (custom)
2019-07-13 12:27:00,846 INFO  storage.RaftStorageDirectory (RaftStorageDirectory.java:analyzeStorage(246)) - The storage directory /tmp/workdir/hadoop-ozone/integration-test/target/test-dir/MiniOzoneClusterImpl-c01b761b-2f67-4822-9581-a12a58f3b363/datanode-2/data/ratis/2f95e7bd-13d8-4d6f-bc14-aff8d231c080 does not exist. Creating ...
2019-07-13 12:27:00,845 INFO  server.RaftServerConfigKeys (ConfUtils.java:logGet(43)) - raft.server.log.appender.install.snapshot.enabled = false (custom)
2019-07-13 12:27:00,846 INFO  impl.RaftServerImpl (ServerState.java:<init>(105)) - 944a21aa-092b-4330-b90e-e9bb9a373ad9:group-AFF8D231C080 ConfigurationManager, init=-1: [67ad77ec-e22e-4e21-b0ef-f18c48c00509:192.168.5.181:39367, 944a21aa-092b-4330-b90e-e9bb9a373ad9:192.168.5.181:46458, a90114fc-3d05-4be9-b0c4-bbf7a7678121:192.168.5.181:37954], old=null, confs=<EMPTY_MAP>
2019-07-13 12:27:00,846 INFO  impl.RaftServerImpl (ServerState.java:<init>(105)) - 67ad77ec-e22e-4e21-b0ef-f18c48c00509:group-AFF8D231C080 ConfigurationManager, init=-1: [67ad77ec-e22e-4e21-b0ef-f18c48c00509:192.168.5.181:39367, 944a21aa-092b-4330-b90e-e9bb9a373ad9:192.168.5.181:46458, a90114fc-3d05-4be9-b0c4-bbf7a7678121:192.168.5.181:37954], old=null, confs=<EMPTY_MAP>
2019-07-13 12:27:00,846 INFO  server.RaftServerConfigKeys (ConfUtils.java:logGet(43)) - raft.server.storage.dir = [/tmp/workdir/hadoop-ozone/integration-test/target/test-dir/MiniOzoneClusterImpl-c01b761b-2f67-4822-9581-a12a58f3b363/datanode-0/data/ratis] (custom)
2019-07-13 12:27:00,846 INFO  server.RaftServerConfigKeys (ConfUtils.java:logGet(43)) - raft.server.storage.dir = [/tmp/workdir/hadoop-ozone/integration-test/target/test-dir/MiniOzoneClusterImpl-c01b761b-2f67-4822-9581-a12a58f3b363/datanode-4/data/ratis] (custom)
2019-07-13 12:27:00,847 INFO  storage.RaftStorageDirectory (RaftStorageDirectory.java:analyzeStorage(246)) - The storage directory /tmp/workdir/hadoop-ozone/integration-test/target/test-dir/MiniOzoneClusterImpl-c01b761b-2f67-4822-9581-a12a58f3b363/datanode-4/data/ratis/2f95e7bd-13d8-4d6f-bc14-aff8d231c080 does not exist. Creating ...
2019-07-13 12:27:00,847 INFO  storage.RaftStorageDirectory (RaftStorageDirectory.java:analyzeStorage(246)) - The storage directory /tmp/workdir/hadoop-ozone/integration-test/target/test-dir/MiniOzoneClusterImpl-c01b761b-2f67-4822-9581-a12a58f3b363/datanode-0/data/ratis/2f95e7bd-13d8-4d6f-bc14-aff8d231c080 does not exist. Creating ...
2019-07-13 12:27:00,864 INFO  storage.RaftStorageDirectory (RaftStorageDirectory.java:tryLock(328)) - Lock on /tmp/workdir/hadoop-ozone/integration-test/target/test-dir/MiniOzoneClusterImpl-c01b761b-2f67-4822-9581-a12a58f3b363/datanode-4/data/ratis/2f95e7bd-13d8-4d6f-bc14-aff8d231c080/in_use.lock acquired by nodename 32027@trunk-nightly-q2gwj-1111726333
2019-07-13 12:27:00,864 INFO  storage.RaftStorageDirectory (RaftStorageDirectory.java:tryLock(328)) - Lock on /tmp/workdir/hadoop-ozone/integration-test/target/test-dir/MiniOzoneClusterImpl-c01b761b-2f67-4822-9581-a12a58f3b363/datanode-2/data/ratis/2f95e7bd-13d8-4d6f-bc14-aff8d231c080/in_use.lock acquired by nodename 32027@trunk-nightly-q2gwj-1111726333
2019-07-13 12:27:00,864 INFO  storage.RaftStorageDirectory (RaftStorageDirectory.java:tryLock(328)) - Lock on /tmp/workdir/hadoop-ozone/integration-test/target/test-dir/MiniOzoneClusterImpl-c01b761b-2f67-4822-9581-a12a58f3b363/datanode-0/data/ratis/2f95e7bd-13d8-4d6f-bc14-aff8d231c080/in_use.lock acquired by nodename 32027@trunk-nightly-q2gwj-1111726333
2019-07-13 12:27:00,869 INFO  storage.RaftStorage (RaftStorage.java:format(72)) - Storage directory /tmp/workdir/hadoop-ozone/integration-test/target/test-dir/MiniOzoneClusterImpl-c01b761b-2f67-4822-9581-a12a58f3b363/datanode-0/data/ratis/2f95e7bd-13d8-4d6f-bc14-aff8d231c080 has been successfully formatted.
2019-07-13 12:27:00,869 INFO  storage.RaftStorage (RaftStorage.java:format(72)) - Storage directory /tmp/workdir/hadoop-ozone/integration-test/target/test-dir/MiniOzoneClusterImpl-c01b761b-2f67-4822-9581-a12a58f3b363/datanode-2/data/ratis/2f95e7bd-13d8-4d6f-bc14-aff8d231c080 has been successfully formatted.
2019-07-13 12:27:00,869 INFO  storage.RaftStorage (RaftStorage.java:format(72)) - Storage directory /tmp/workdir/hadoop-ozone/integration-test/target/test-dir/MiniOzoneClusterImpl-c01b761b-2f67-4822-9581-a12a58f3b363/datanode-4/data/ratis/2f95e7bd-13d8-4d6f-bc14-aff8d231c080 has been successfully formatted.
2019-07-13 12:27:00,869 INFO  ratis.ContainerStateMachine (ContainerStateMachine.java:loadSnapshot(200)) - The snapshot info is null.Setting the last applied index to:(t:0, i:~)
2019-07-13 12:27:00,869 INFO  ratis.ContainerStateMachine (ContainerStateMachine.java:loadSnapshot(200)) - The snapshot info is null.Setting the last applied index to:(t:0, i:~)
2019-07-13 12:27:00,869 INFO  ratis.ContainerStateMachine (ContainerStateMachine.java:loadSnapshot(200)) - The snapshot info is null.Setting the last applied index to:(t:0, i:~)
2019-07-13 12:27:00,869 INFO  server.RaftServerConfigKeys (ConfUtils.java:logGet(43)) - raft.server.leader.election.timeout = 120s (custom)
2019-07-13 12:27:00,869 INFO  server.RaftServerConfigKeys (ConfUtils.java:logGet(43)) - raft.server.leader.election.timeout = 120s (custom)
2019-07-13 12:27:00,870 INFO  server.RaftServerConfigKeys (ConfUtils.java:logGet(43)) - raft.server.log.use.memory = false (default)
2019-07-13 12:27:00,870 INFO  server.RaftServerConfigKeys (ConfUtils.java:logGet(43)) - raft.server.leader.election.timeout = 120s (custom)
2019-07-13 12:27:00,870 INFO  server.RaftServerConfigKeys (ConfUtils.java:logGet(43)) - raft.server.log.purge.gap = 1000000000 (custom)
2019-07-13 12:27:00,870 INFO  server.RaftServerConfigKeys (ConfUtils.java:logGet(43)) - raft.server.log.use.memory = false (default)
2019-07-13 12:27:00,870 INFO  server.RaftServerConfigKeys (ConfUtils.java:logGet(43)) - raft.server.log.appender.buffer.byte-limit = 33554432 (custom)
2019-07-13 12:27:00,870 INFO  server.RaftServerConfigKeys (ConfUtils.java:logGet(43)) - raft.server.log.use.memory = false (default)
2019-07-13 12:27:00,870 INFO  server.RaftServerConfigKeys (ConfUtils.java:logGet(43)) - raft.server.log.segment.size.max = 1048576 (custom)
2019-07-13 12:27:00,871 INFO  server.RaftServerConfigKeys (ConfUtils.java:logGet(43)) - raft.server.log.purge.gap = 1000000000 (custom)
2019-07-13 12:27:00,870 INFO  server.RaftServerConfigKeys (ConfUtils.java:logGet(43)) - raft.server.log.purge.gap = 1000000000 (custom)
2019-07-13 12:27:00,871 INFO  server.RaftServerConfigKeys (ConfUtils.java:logGet(43)) - raft.server.log.appender.buffer.byte-limit = 33554432 (custom)
2019-07-13 12:27:00,871 INFO  server.RaftServerConfigKeys (ConfUtils.java:logGet(43)) - raft.server.log.segment.cache.num.max = 2 (custom)
2019-07-13 12:27:00,871 INFO  server.RaftServerConfigKeys (ConfUtils.java:logGet(43)) - raft.server.log.segment.size.max = 1048576 (custom)
2019-07-13 12:27:00,871 INFO  server.RaftServerConfigKeys (ConfUtils.java:logGet(43)) - raft.server.log.appender.buffer.byte-limit = 33554432 (custom)
2019-07-13 12:27:00,872 INFO  server.RaftServerConfigKeys (ConfUtils.java:logGet(43)) - raft.server.log.segment.cache.num.max = 2 (custom)
2019-07-13 12:27:00,871 INFO  segmented.SegmentedRaftLogWorker (SegmentedRaftLogWorker.java:<init>(172)) - new 67ad77ec-e22e-4e21-b0ef-f18c48c00509-SegmentedRaftLogWorker:Storage Directory /tmp/workdir/hadoop-ozone/integration-test/target/test-dir/MiniOzoneClusterImpl-c01b761b-2f67-4822-9581-a12a58f3b363/datanode-4/data/ratis/2f95e7bd-13d8-4d6f-bc14-aff8d231c080 for RaftStorage:Storage Directory /tmp/workdir/hadoop-ozone/integration-test/target/test-dir/MiniOzoneClusterImpl-c01b761b-2f67-4822-9581-a12a58f3b363/datanode-4/data/ratis/2f95e7bd-13d8-4d6f-bc14-aff8d231c080
2019-07-13 12:27:00,872 INFO  segmented.SegmentedRaftLogWorker (SegmentedRaftLogWorker.java:<init>(172)) - new a90114fc-3d05-4be9-b0c4-bbf7a7678121-SegmentedRaftLogWorker:Storage Directory /tmp/workdir/hadoop-ozone/integration-test/target/test-dir/MiniOzoneClusterImpl-c01b761b-2f67-4822-9581-a12a58f3b363/datanode-2/data/ratis/2f95e7bd-13d8-4d6f-bc14-aff8d231c080 for RaftStorage:Storage Directory /tmp/workdir/hadoop-ozone/integration-test/target/test-dir/MiniOzoneClusterImpl-c01b761b-2f67-4822-9581-a12a58f3b363/datanode-2/data/ratis/2f95e7bd-13d8-4d6f-bc14-aff8d231c080
2019-07-13 12:27:00,872 INFO  server.RaftServerConfigKeys (ConfUtils.java:logGet(43)) - raft.server.log.segment.size.max = 1048576 (custom)
2019-07-13 12:27:00,872 INFO  server.RaftServerConfigKeys (ConfUtils.java:logGet(43)) - raft.server.log.queue.byte-limit = 2147483647 (custom)
2019-07-13 12:27:00,872 INFO  server.RaftServerConfigKeys (ConfUtils.java:logGet(43)) - raft.server.log.queue.byte-limit = 2147483647 (custom)
2019-07-13 12:27:00,876 INFO  server.RaftServerConfigKeys (ConfUtils.java:logGet(43)) - raft.server.log.queue.element-limit = 1024 (custom)
2019-07-13 12:27:00,874 INFO  server.RaftServerConfigKeys (ConfUtils.java:logGet(43)) - raft.server.log.segment.cache.num.max = 2 (custom)
2019-07-13 12:27:00,877 INFO  server.RaftServerConfigKeys (ConfUtils.java:logGet(43)) - raft.server.log.segment.size.max = 1048576 (custom)
2019-07-13 12:27:00,876 INFO  server.RaftServerConfigKeys (ConfUtils.java:logGet(43)) - raft.server.log.queue.element-limit = 1024 (custom)
2019-07-13 12:27:00,877 INFO  server.RaftServerConfigKeys (ConfUtils.java:logGet(43)) - raft.server.log.preallocated.size = 16384 (custom)
2019-07-13 12:27:00,877 INFO  segmented.SegmentedRaftLogWorker (SegmentedRaftLogWorker.java:<init>(172)) - new 944a21aa-092b-4330-b90e-e9bb9a373ad9-SegmentedRaftLogWorker:Storage Directory /tmp/workdir/hadoop-ozone/integration-test/target/test-dir/MiniOzoneClusterImpl-c01b761b-2f67-4822-9581-a12a58f3b363/datanode-0/data/ratis/2f95e7bd-13d8-4d6f-bc14-aff8d231c080 for RaftStorage:Storage Directory /tmp/workdir/hadoop-ozone/integration-test/target/test-dir/MiniOzoneClusterImpl-c01b761b-2f67-4822-9581-a12a58f3b363/datanode-0/data/ratis/2f95e7bd-13d8-4d6f-bc14-aff8d231c080
2019-07-13 12:27:00,877 INFO  server.RaftServerConfigKeys (ConfUtils.java:logGet(43)) - raft.server.log.write.buffer.size = 33554432 (custom)
2019-07-13 12:27:00,877 INFO  server.RaftServerConfigKeys (ConfUtils.java:logGet(43)) - raft.server.log.segment.size.max = 1048576 (custom)
2019-07-13 12:27:00,878 INFO  server.RaftServerConfigKeys (ConfUtils.java:logGet(43)) - raft.server.log.force.sync.num = 128 (default)
2019-07-13 12:27:00,877 INFO  server.RaftServerConfigKeys (ConfUtils.java:logGet(43)) - raft.server.log.queue.byte-limit = 2147483647 (custom)
2019-07-13 12:27:00,880 INFO  server.RaftServerConfigKeys (ConfUtils.java:logGet(43)) - raft.server.log.statemachine.data.sync = true (default)
2019-07-13 12:27:00,879 INFO  server.RaftServerConfigKeys (ConfUtils.java:logGet(43)) - raft.server.log.preallocated.size = 16384 (custom)
2019-07-13 12:27:00,880 INFO  server.RaftServerConfigKeys (ConfUtils.java:logGet(43)) - raft.server.log.statemachine.data.sync.timeout = 10s (default)
2019-07-13 12:27:00,880 INFO  server.RaftServerConfigKeys (ConfUtils.java:logGet(43)) - raft.server.log.queue.element-limit = 1024 (custom)
2019-07-13 12:27:00,881 INFO  server.RaftServerConfigKeys (ConfUtils.java:logGet(43)) - raft.server.log.statemachine.data.sync.timeout.retry = -1 (default)
2019-07-13 12:27:00,880 INFO  server.RaftServerConfigKeys (ConfUtils.java:logGet(43)) - raft.server.log.write.buffer.size = 33554432 (custom)
2019-07-13 12:27:00,881 INFO  server.RaftServerConfigKeys (ConfUtils.java:logGet(43)) - raft.server.log.statemachine.data.caching.enabled = true (custom)
2019-07-13 12:27:00,881 INFO  server.RaftServerConfigKeys (ConfUtils.java:logGet(43)) - raft.server.log.segment.size.max = 1048576 (custom)
2019-07-13 12:27:00,881 INFO  server.RaftServerConfigKeys (ConfUtils.java:logGet(43)) - raft.server.log.force.sync.num = 128 (default)
2019-07-13 12:27:00,881 INFO  segmented.SegmentedRaftLogWorker (SegmentedRaftLogWorker.java:lambda$new$0(132)) - a90114fc-3d05-4be9-b0c4-bbf7a7678121-SegmentedRaftLogWorker:Storage Directory /tmp/workdir/hadoop-ozone/integration-test/target/test-dir/MiniOzoneClusterImpl-c01b761b-2f67-4822-9581-a12a58f3b363/datanode-2/data/ratis/2f95e7bd-13d8-4d6f-bc14-aff8d231c080: flushIndex: setUnconditionally 0 -> -1
2019-07-13 12:27:00,881 INFO  server.RaftServerConfigKeys (ConfUtils.java:logGet(43)) - raft.server.log.preallocated.size = 16384 (custom)
2019-07-13 12:27:00,882 INFO  server.RaftServerConfigKeys (ConfUtils.java:logGet(43)) - raft.server.log.statemachine.data.sync = true (default)
2019-07-13 12:27:00,882 INFO  server.RaftServerConfigKeys (ConfUtils.java:logGet(43)) - raft.server.log.write.buffer.size = 33554432 (custom)
2019-07-13 12:27:00,882 INFO  server.RaftServerConfigKeys (ConfUtils.java:logGet(43)) - raft.server.snapshot.auto.trigger.enabled = true (custom)
2019-07-13 12:27:00,882 INFO  server.RaftServerConfigKeys (ConfUtils.java:logGet(43)) - raft.server.log.statemachine.data.sync.timeout = 10s (default)
2019-07-13 12:27:00,882 INFO  server.RaftServerConfigKeys (ConfUtils.java:logGet(43)) - raft.server.snapshot.auto.trigger.threshold = 10000 (custom)
2019-07-13 12:27:00,882 INFO  server.RaftServerConfigKeys (ConfUtils.java:logGet(43)) - raft.server.log.force.sync.num = 128 (default)
2019-07-13 12:27:00,883 INFO  server.RaftServerConfigKeys (ConfUtils.java:logGet(43)) - raft.server.retrycache.expirytime = 600000ms (custom)
2019-07-13 12:27:00,883 INFO  server.RaftServerConfigKeys (ConfUtils.java:logGet(43)) - raft.server.log.statemachine.data.sync.timeout.retry = -1 (default)
2019-07-13 12:27:00,883 INFO  impl.RaftServerImpl (RaftServerImpl.java:start(180)) - a90114fc-3d05-4be9-b0c4-bbf7a7678121: start group-AFF8D231C080
2019-07-13 12:27:00,883 INFO  server.RaftServerConfigKeys (ConfUtils.java:logGet(43)) - raft.server.log.statemachine.data.sync = true (default)
2019-07-13 12:27:00,883 INFO  impl.RaftServerImpl (RaftServerImpl.java:setRole(171)) - a90114fc-3d05-4be9-b0c4-bbf7a7678121:group-AFF8D231C080 changes role from null to FOLLOWER at term 0 for startAsFollower
2019-07-13 12:27:00,883 INFO  server.RaftServerConfigKeys (ConfUtils.java:logGet(43)) - raft.server.log.statemachine.data.caching.enabled = true (custom)
2019-07-13 12:27:00,884 INFO  impl.RoleInfo (RoleInfo.java:updateAndGet(143)) - a90114fc-3d05-4be9-b0c4-bbf7a7678121: start FollowerState
2019-07-13 12:27:00,884 INFO  server.RaftServerConfigKeys (ConfUtils.java:logGet(43)) - raft.server.log.statemachine.data.sync.timeout = 10s (default)
2019-07-13 12:27:00,884 INFO  segmented.SegmentedRaftLogWorker (SegmentedRaftLogWorker.java:lambda$new$0(132)) - 67ad77ec-e22e-4e21-b0ef-f18c48c00509-SegmentedRaftLogWorker:Storage Directory /tmp/workdir/hadoop-ozone/integration-test/target/test-dir/MiniOzoneClusterImpl-c01b761b-2f67-4822-9581-a12a58f3b363/datanode-4/data/ratis/2f95e7bd-13d8-4d6f-bc14-aff8d231c080: flushIndex: setUnconditionally 0 -> -1
2019-07-13 12:27:00,884 INFO  server.RaftServerConfigKeys (ConfUtils.java:logGet(43)) - raft.server.log.statemachine.data.sync.timeout.retry = -1 (default)
2019-07-13 12:27:00,884 INFO  util.JmxRegister (JmxRegister.java:tryRegister(44)) - Successfully registered JMX Bean with object name Ratis:service=RaftServer,group=group-AFF8D231C080,id=a90114fc-3d05-4be9-b0c4-bbf7a7678121
2019-07-13 12:27:00,885 INFO  server.RaftServerConfigKeys (ConfUtils.java:logGet(43)) - raft.server.log.statemachine.data.caching.enabled = true (custom)
2019-07-13 12:27:00,885 INFO  server.RaftServerConfigKeys (ConfUtils.java:logGet(43)) - raft.server.snapshot.auto.trigger.enabled = true (custom)
2019-07-13 12:27:00,885 INFO  server.RaftServerConfigKeys (ConfUtils.java:logGet(43)) - raft.server.snapshot.auto.trigger.threshold = 10000 (custom)
2019-07-13 12:27:00,885 INFO  segmented.SegmentedRaftLogWorker (SegmentedRaftLogWorker.java:lambda$new$0(132)) - 944a21aa-092b-4330-b90e-e9bb9a373ad9-SegmentedRaftLogWorker:Storage Directory /tmp/workdir/hadoop-ozone/integration-test/target/test-dir/MiniOzoneClusterImpl-c01b761b-2f67-4822-9581-a12a58f3b363/datanode-0/data/ratis/2f95e7bd-13d8-4d6f-bc14-aff8d231c080: flushIndex: setUnconditionally 0 -> -1
2019-07-13 12:27:00,885 INFO  server.RaftServerConfigKeys (ConfUtils.java:logGet(43)) - raft.server.retrycache.expirytime = 600000ms (custom)
2019-07-13 12:27:00,886 INFO  server.RaftServerConfigKeys (ConfUtils.java:logGet(43)) - raft.server.snapshot.auto.trigger.enabled = true (custom)
2019-07-13 12:27:00,886 INFO  impl.RaftServerImpl (RaftServerImpl.java:start(180)) - 67ad77ec-e22e-4e21-b0ef-f18c48c00509: start group-AFF8D231C080
2019-07-13 12:27:00,886 INFO  server.RaftServerConfigKeys (ConfUtils.java:logGet(43)) - raft.server.snapshot.auto.trigger.threshold = 10000 (custom)
2019-07-13 12:27:00,886 INFO  impl.RaftServerImpl (RaftServerImpl.java:setRole(171)) - 67ad77ec-e22e-4e21-b0ef-f18c48c00509:group-AFF8D231C080 changes role from null to FOLLOWER at term 0 for startAsFollower
2019-07-13 12:27:00,886 INFO  server.RaftServerConfigKeys (ConfUtils.java:logGet(43)) - raft.server.retrycache.expirytime = 600000ms (custom)
2019-07-13 12:27:00,886 INFO  impl.RoleInfo (RoleInfo.java:updateAndGet(143)) - 67ad77ec-e22e-4e21-b0ef-f18c48c00509: start FollowerState
2019-07-13 12:27:00,886 INFO  impl.RaftServerImpl (RaftServerImpl.java:start(180)) - 944a21aa-092b-4330-b90e-e9bb9a373ad9: start group-AFF8D231C080
2019-07-13 12:27:00,887 INFO  impl.RaftServerImpl (RaftServerImpl.java:setRole(171)) - 944a21aa-092b-4330-b90e-e9bb9a373ad9:group-AFF8D231C080 changes role from null to FOLLOWER at term 0 for startAsFollower
2019-07-13 12:27:00,887 INFO  impl.RoleInfo (RoleInfo.java:updateAndGet(143)) - 944a21aa-092b-4330-b90e-e9bb9a373ad9: start FollowerState
2019-07-13 12:27:00,887 INFO  util.JmxRegister (JmxRegister.java:tryRegister(44)) - Successfully registered JMX Bean with object name Ratis:service=RaftServer,group=group-AFF8D231C080,id=67ad77ec-e22e-4e21-b0ef-f18c48c00509
2019-07-13 12:27:00,887 INFO  util.JmxRegister (JmxRegister.java:tryRegister(44)) - Successfully registered JMX Bean with object name Ratis:service=RaftServer,group=group-AFF8D231C080,id=944a21aa-092b-4330-b90e-e9bb9a373ad9
2019-07-13 12:27:00,910 INFO  pipeline.PipelineStateManager (PipelineStateManager.java:addPipeline(56)) - Created pipeline Pipeline[ Id: 2f95e7bd-13d8-4d6f-bc14-aff8d231c080, Nodes: 944a21aa-092b-4330-b90e-e9bb9a373ad9{ip: 192.168.5.181, host: trunk-nightly-q2gwj-1111726333, networkLocation: /default-rack, certSerialId: null}a90114fc-3d05-4be9-b0c4-bbf7a7678121{ip: 192.168.5.181, host: trunk-nightly-q2gwj-1111726333, networkLocation: /default-rack, certSerialId: null}67ad77ec-e22e-4e21-b0ef-f18c48c00509{ip: 192.168.5.181, host: trunk-nightly-q2gwj-1111726333, networkLocation: /default-rack, certSerialId: null}, Type:RATIS, Factor:THREE, State:OPEN]
2019-07-13 12:27:00,949 INFO  impl.RaftServerProxy (RaftServerProxy.java:addNew(89)) - 7725a38b-54a6-4df1-a54c-afb4374855be: addNew group-967862A576AC:[b638f31a-9a55-4e88-8861-54b3556fd9f8:192.168.5.181:32932, 7725a38b-54a6-4df1-a54c-afb4374855be:192.168.5.181:35898, 74efef67-ec0e-49fa-8557-a2a89921eea7:192.168.5.181:33345] returns group-967862A576AC:java.util.concurrent.CompletableFuture@541cb2e2[Not completed]
2019-07-13 12:27:00,949 INFO  impl.RaftServerProxy (RaftServerProxy.java:addNew(89)) - 74efef67-ec0e-49fa-8557-a2a89921eea7: addNew group-967862A576AC:[b638f31a-9a55-4e88-8861-54b3556fd9f8:192.168.5.181:32932, 7725a38b-54a6-4df1-a54c-afb4374855be:192.168.5.181:35898, 74efef67-ec0e-49fa-8557-a2a89921eea7:192.168.5.181:33345] returns group-967862A576AC:java.util.concurrent.CompletableFuture@16535b10[Not completed]
2019-07-13 12:27:00,952 INFO  impl.RaftServerProxy (RaftServerProxy.java:addNew(89)) - b638f31a-9a55-4e88-8861-54b3556fd9f8: addNew group-967862A576AC:[b638f31a-9a55-4e88-8861-54b3556fd9f8:192.168.5.181:32932, 7725a38b-54a6-4df1-a54c-afb4374855be:192.168.5.181:35898, 74efef67-ec0e-49fa-8557-a2a89921eea7:192.168.5.181:33345] returns group-967862A576AC:java.util.concurrent.CompletableFuture@7faf0b37[Not completed]
2019-07-13 12:27:00,953 INFO  impl.RaftServerImpl (RaftServerImpl.java:<init>(93)) - 7725a38b-54a6-4df1-a54c-afb4374855be: new RaftServerImpl for group-967862A576AC:[b638f31a-9a55-4e88-8861-54b3556fd9f8:192.168.5.181:32932, 7725a38b-54a6-4df1-a54c-afb4374855be:192.168.5.181:35898, 74efef67-ec0e-49fa-8557-a2a89921eea7:192.168.5.181:33345] with ContainerStateMachine:uninitialized
2019-07-13 12:27:00,953 INFO  server.RaftServerConfigKeys (ConfUtils.java:logGet(43)) - raft.server.rpc.timeout.min = 5s (custom)
2019-07-13 12:27:00,953 INFO  server.RaftServerConfigKeys (ConfUtils.java:logGet(43)) - raft.server.rpc.timeout.max = 5200ms (custom)
2019-07-13 12:27:00,953 INFO  server.RaftServerConfigKeys (ConfUtils.java:logGet(43)) - raft.server.rpcslowness.timeout = 120s (custom)
2019-07-13 12:27:00,954 INFO  server.RaftServerConfigKeys (ConfUtils.java:logGet(43)) - raft.server.sleep.deviation.threshold = 300 (default)
2019-07-13 12:27:00,954 INFO  server.RaftServerConfigKeys (ConfUtils.java:logGet(43)) - raft.server.log.appender.install.snapshot.enabled = false (custom)
2019-07-13 12:27:00,954 INFO  impl.RaftServerImpl (ServerState.java:<init>(105)) - 7725a38b-54a6-4df1-a54c-afb4374855be:group-967862A576AC ConfigurationManager, init=-1: [b638f31a-9a55-4e88-8861-54b3556fd9f8:192.168.5.181:32932, 7725a38b-54a6-4df1-a54c-afb4374855be:192.168.5.181:35898, 74efef67-ec0e-49fa-8557-a2a89921eea7:192.168.5.181:33345], old=null, confs=<EMPTY_MAP>
2019-07-13 12:27:00,954 INFO  impl.RaftServerImpl (RaftServerImpl.java:<init>(93)) - b638f31a-9a55-4e88-8861-54b3556fd9f8: new RaftServerImpl for group-967862A576AC:[b638f31a-9a55-4e88-8861-54b3556fd9f8:192.168.5.181:32932, 7725a38b-54a6-4df1-a54c-afb4374855be:192.168.5.181:35898, 74efef67-ec0e-49fa-8557-a2a89921eea7:192.168.5.181:33345] with ContainerStateMachine:uninitialized
2019-07-13 12:27:00,954 INFO  server.RaftServerConfigKeys (ConfUtils.java:logGet(43)) - raft.server.storage.dir = [/tmp/workdir/hadoop-ozone/integration-test/target/test-dir/MiniOzoneClusterImpl-c01b761b-2f67-4822-9581-a12a58f3b363/datanode-6/data/ratis] (custom)
2019-07-13 12:27:00,954 INFO  server.RaftServerConfigKeys (ConfUtils.java:logGet(43)) - raft.server.rpc.timeout.min = 5s (custom)
2019-07-13 12:27:00,954 INFO  server.RaftServerConfigKeys (ConfUtils.java:logGet(43)) - raft.server.rpc.timeout.max = 5200ms (custom)
2019-07-13 12:27:00,954 INFO  storage.RaftStorageDirectory (RaftStorageDirectory.java:analyzeStorage(246)) - The storage directory /tmp/workdir/hadoop-ozone/integration-test/target/test-dir/MiniOzoneClusterImpl-c01b761b-2f67-4822-9581-a12a58f3b363/datanode-6/data/ratis/1727c8d0-aaf7-4799-b660-967862a576ac does not exist. Creating ...
2019-07-13 12:27:00,955 INFO  server.RaftServerConfigKeys (ConfUtils.java:logGet(43)) - raft.server.rpcslowness.timeout = 120s (custom)
2019-07-13 12:27:00,955 INFO  impl.RaftServerImpl (RaftServerImpl.java:<init>(93)) - 74efef67-ec0e-49fa-8557-a2a89921eea7: new RaftServerImpl for group-967862A576AC:[b638f31a-9a55-4e88-8861-54b3556fd9f8:192.168.5.181:32932, 7725a38b-54a6-4df1-a54c-afb4374855be:192.168.5.181:35898, 74efef67-ec0e-49fa-8557-a2a89921eea7:192.168.5.181:33345] with ContainerStateMachine:uninitialized
2019-07-13 12:27:00,955 INFO  server.RaftServerConfigKeys (ConfUtils.java:logGet(43)) - raft.server.sleep.deviation.threshold = 300 (default)
2019-07-13 12:27:00,955 INFO  server.RaftServerConfigKeys (ConfUtils.java:logGet(43)) - raft.server.rpc.timeout.min = 5s (custom)
2019-07-13 12:27:00,955 INFO  server.RaftServerConfigKeys (ConfUtils.java:logGet(43)) - raft.server.log.appender.install.snapshot.enabled = false (custom)
2019-07-13 12:27:00,955 INFO  server.RaftServerConfigKeys (ConfUtils.java:logGet(43)) - raft.server.rpc.timeout.max = 5200ms (custom)
2019-07-13 12:27:00,955 INFO  impl.RaftServerImpl (ServerState.java:<init>(105)) - b638f31a-9a55-4e88-8861-54b3556fd9f8:group-967862A576AC ConfigurationManager, init=-1: [b638f31a-9a55-4e88-8861-54b3556fd9f8:192.168.5.181:32932, 7725a38b-54a6-4df1-a54c-afb4374855be:192.168.5.181:35898, 74efef67-ec0e-49fa-8557-a2a89921eea7:192.168.5.181:33345], old=null, confs=<EMPTY_MAP>
2019-07-13 12:27:00,956 INFO  server.RaftServerConfigKeys (ConfUtils.java:logGet(43)) - raft.server.rpcslowness.timeout = 120s (custom)
2019-07-13 12:27:00,956 INFO  server.RaftServerConfigKeys (ConfUtils.java:logGet(43)) - raft.server.storage.dir = [/tmp/workdir/hadoop-ozone/integration-test/target/test-dir/MiniOzoneClusterImpl-c01b761b-2f67-4822-9581-a12a58f3b363/datanode-3/data/ratis] (custom)
2019-07-13 12:27:00,956 INFO  server.RaftServerConfigKeys (ConfUtils.java:logGet(43)) - raft.server.sleep.deviation.threshold = 300 (default)
2019-07-13 12:27:00,956 INFO  server.RaftServerConfigKeys (ConfUtils.java:logGet(43)) - raft.server.log.appender.install.snapshot.enabled = false (custom)
2019-07-13 12:27:00,956 INFO  storage.RaftStorageDirectory (RaftStorageDirectory.java:analyzeStorage(246)) - The storage directory /tmp/workdir/hadoop-ozone/integration-test/target/test-dir/MiniOzoneClusterImpl-c01b761b-2f67-4822-9581-a12a58f3b363/datanode-3/data/ratis/1727c8d0-aaf7-4799-b660-967862a576ac does not exist. Creating ...
2019-07-13 12:27:00,956 INFO  impl.RaftServerImpl (ServerState.java:<init>(105)) - 74efef67-ec0e-49fa-8557-a2a89921eea7:group-967862A576AC ConfigurationManager, init=-1: [b638f31a-9a55-4e88-8861-54b3556fd9f8:192.168.5.181:32932, 7725a38b-54a6-4df1-a54c-afb4374855be:192.168.5.181:35898, 74efef67-ec0e-49fa-8557-a2a89921eea7:192.168.5.181:33345], old=null, confs=<EMPTY_MAP>
2019-07-13 12:27:00,957 INFO  server.RaftServerConfigKeys (ConfUtils.java:logGet(43)) - raft.server.storage.dir = [/tmp/workdir/hadoop-ozone/integration-test/target/test-dir/MiniOzoneClusterImpl-c01b761b-2f67-4822-9581-a12a58f3b363/datanode-5/data/ratis] (custom)
2019-07-13 12:27:00,957 INFO  storage.RaftStorageDirectory (RaftStorageDirectory.java:analyzeStorage(246)) - The storage directory /tmp/workdir/hadoop-ozone/integration-test/target/test-dir/MiniOzoneClusterImpl-c01b761b-2f67-4822-9581-a12a58f3b363/datanode-5/data/ratis/1727c8d0-aaf7-4799-b660-967862a576ac does not exist. Creating ...
2019-07-13 12:27:00,971 INFO  storage.RaftStorageDirectory (RaftStorageDirectory.java:tryLock(328)) - Lock on /tmp/workdir/hadoop-ozone/integration-test/target/test-dir/MiniOzoneClusterImpl-c01b761b-2f67-4822-9581-a12a58f3b363/datanode-5/data/ratis/1727c8d0-aaf7-4799-b660-967862a576ac/in_use.lock acquired by nodename 32027@trunk-nightly-q2gwj-1111726333
2019-07-13 12:27:00,971 INFO  storage.RaftStorageDirectory (RaftStorageDirectory.java:tryLock(328)) - Lock on /tmp/workdir/hadoop-ozone/integration-test/target/test-dir/MiniOzoneClusterImpl-c01b761b-2f67-4822-9581-a12a58f3b363/datanode-3/data/ratis/1727c8d0-aaf7-4799-b660-967862a576ac/in_use.lock acquired by nodename 32027@trunk-nightly-q2gwj-1111726333
2019-07-13 12:27:00,971 INFO  storage.RaftStorageDirectory (RaftStorageDirectory.java:tryLock(328)) - Lock on /tmp/workdir/hadoop-ozone/integration-test/target/test-dir/MiniOzoneClusterImpl-c01b761b-2f67-4822-9581-a12a58f3b363/datanode-6/data/ratis/1727c8d0-aaf7-4799-b660-967862a576ac/in_use.lock acquired by nodename 32027@trunk-nightly-q2gwj-1111726333
2019-07-13 12:27:00,985 INFO  storage.RaftStorage (RaftStorage.java:format(72)) - Storage directory /tmp/workdir/hadoop-ozone/integration-test/target/test-dir/MiniOzoneClusterImpl-c01b761b-2f67-4822-9581-a12a58f3b363/datanode-3/data/ratis/1727c8d0-aaf7-4799-b660-967862a576ac has been successfully formatted.
2019-07-13 12:27:00,985 INFO  storage.RaftStorage (RaftStorage.java:format(72)) - Storage directory /tmp/workdir/hadoop-ozone/integration-test/target/test-dir/MiniOzoneClusterImpl-c01b761b-2f67-4822-9581-a12a58f3b363/datanode-6/data/ratis/1727c8d0-aaf7-4799-b660-967862a576ac has been successfully formatted.
2019-07-13 12:27:00,985 INFO  storage.RaftStorage (RaftStorage.java:format(72)) - Storage directory /tmp/workdir/hadoop-ozone/integration-test/target/test-dir/MiniOzoneClusterImpl-c01b761b-2f67-4822-9581-a12a58f3b363/datanode-5/data/ratis/1727c8d0-aaf7-4799-b660-967862a576ac has been successfully formatted.
2019-07-13 12:27:00,985 INFO  ratis.ContainerStateMachine (ContainerStateMachine.java:loadSnapshot(200)) - The snapshot info is null.Setting the last applied index to:(t:0, i:~)
2019-07-13 12:27:00,985 INFO  ratis.ContainerStateMachine (ContainerStateMachine.java:loadSnapshot(200)) - The snapshot info is null.Setting the last applied index to:(t:0, i:~)
2019-07-13 12:27:00,986 INFO  server.RaftServerConfigKeys (ConfUtils.java:logGet(43)) - raft.server.leader.election.timeout = 120s (custom)
2019-07-13 12:27:00,986 INFO  ratis.ContainerStateMachine (ContainerStateMachine.java:loadSnapshot(200)) - The snapshot info is null.Setting the last applied index to:(t:0, i:~)
2019-07-13 12:27:00,986 INFO  server.RaftServerConfigKeys (ConfUtils.java:logGet(43)) - raft.server.leader.election.timeout = 120s (custom)
2019-07-13 12:27:00,986 INFO  server.RaftServerConfigKeys (ConfUtils.java:logGet(43)) - raft.server.log.use.memory = false (default)
2019-07-13 12:27:00,986 INFO  server.RaftServerConfigKeys (ConfUtils.java:logGet(43)) - raft.server.log.use.memory = false (default)
2019-07-13 12:27:00,986 INFO  server.RaftServerConfigKeys (ConfUtils.java:logGet(43)) - raft.server.leader.election.timeout = 120s (custom)
2019-07-13 12:27:00,986 INFO  server.RaftServerConfigKeys (ConfUtils.java:logGet(43)) - raft.server.log.purge.gap = 1000000000 (custom)
2019-07-13 12:27:00,986 INFO  server.RaftServerConfigKeys (ConfUtils.java:logGet(43)) - raft.server.log.purge.gap = 1000000000 (custom)
2019-07-13 12:27:00,987 INFO  server.RaftServerConfigKeys (ConfUtils.java:logGet(43)) - raft.server.log.appender.buffer.byte-limit = 33554432 (custom)
2019-07-13 12:27:00,987 INFO  server.RaftServerConfigKeys (ConfUtils.java:logGet(43)) - raft.server.log.use.memory = false (default)
2019-07-13 12:27:00,987 INFO  server.RaftServerConfigKeys (ConfUtils.java:logGet(43)) - raft.server.log.segment.size.max = 1048576 (custom)
2019-07-13 12:27:00,987 INFO  server.RaftServerConfigKeys (ConfUtils.java:logGet(43)) - raft.server.log.appender.buffer.byte-limit = 33554432 (custom)
2019-07-13 12:27:00,987 INFO  server.RaftServerConfigKeys (ConfUtils.java:logGet(43)) - raft.server.log.segment.cache.num.max = 2 (custom)
2019-07-13 12:27:00,987 INFO  server.RaftServerConfigKeys (ConfUtils.java:logGet(43)) - raft.server.log.purge.gap = 1000000000 (custom)
2019-07-13 12:27:00,988 INFO  segmented.SegmentedRaftLogWorker (SegmentedRaftLogWorker.java:<init>(172)) - new 7725a38b-54a6-4df1-a54c-afb4374855be-SegmentedRaftLogWorker:Storage Directory /tmp/workdir/hadoop-ozone/integration-test/target/test-dir/MiniOzoneClusterImpl-c01b761b-2f67-4822-9581-a12a58f3b363/datanode-6/data/ratis/1727c8d0-aaf7-4799-b660-967862a576ac for RaftStorage:Storage Directory /tmp/workdir/hadoop-ozone/integration-test/target/test-dir/MiniOzoneClusterImpl-c01b761b-2f67-4822-9581-a12a58f3b363/datanode-6/data/ratis/1727c8d0-aaf7-4799-b660-967862a576ac
2019-07-13 12:27:00,987 INFO  server.RaftServerConfigKeys (ConfUtils.java:logGet(43)) - raft.server.log.segment.size.max = 1048576 (custom)
2019-07-13 12:27:00,988 INFO  server.RaftServerConfigKeys (ConfUtils.java:logGet(43)) - raft.server.log.queue.byte-limit = 2147483647 (custom)
2019-07-13 12:27:00,988 INFO  server.RaftServerConfigKeys (ConfUtils.java:logGet(43)) - raft.server.log.appender.buffer.byte-limit = 33554432 (custom)
2019-07-13 12:27:00,990 INFO  server.RaftServerConfigKeys (ConfUtils.java:logGet(43)) - raft.server.log.queue.element-limit = 1024 (custom)
2019-07-13 12:27:00,990 INFO  server.RaftServerConfigKeys (ConfUtils.java:logGet(43)) - raft.server.log.segment.cache.num.max = 2 (custom)
2019-07-13 12:27:00,990 INFO  server.RaftServerConfigKeys (ConfUtils.java:logGet(43)) - raft.server.log.segment.size.max = 1048576 (custom)
2019-07-13 12:27:00,990 INFO  server.RaftServerConfigKeys (ConfUtils.java:logGet(43)) - raft.server.log.segment.size.max = 1048576 (custom)
2019-07-13 12:27:00,991 INFO  server.RaftServerConfigKeys (ConfUtils.java:logGet(43)) - raft.server.log.preallocated.size = 16384 (custom)
2019-07-13 12:27:00,991 INFO  segmented.SegmentedRaftLogWorker (SegmentedRaftLogWorker.java:<init>(172)) - new b638f31a-9a55-4e88-8861-54b3556fd9f8-SegmentedRaftLogWorker:Storage Directory /tmp/workdir/hadoop-ozone/integration-test/target/test-dir/MiniOzoneClusterImpl-c01b761b-2f67-4822-9581-a12a58f3b363/datanode-3/data/ratis/1727c8d0-aaf7-4799-b660-967862a576ac for RaftStorage:Storage Directory /tmp/workdir/hadoop-ozone/integration-test/target/test-dir/MiniOzoneClusterImpl-c01b761b-2f67-4822-9581-a12a58f3b363/datanode-3/data/ratis/1727c8d0-aaf7-4799-b660-967862a576ac
2019-07-13 12:27:00,991 INFO  server.RaftServerConfigKeys (ConfUtils.java:logGet(43)) - raft.server.log.write.buffer.size = 33554432 (custom)
2019-07-13 12:27:00,991 INFO  server.RaftServerConfigKeys (ConfUtils.java:logGet(43)) - raft.server.log.segment.cache.num.max = 2 (custom)
2019-07-13 12:27:00,993 INFO  server.RaftServerConfigKeys (ConfUtils.java:logGet(43)) - raft.server.log.force.sync.num = 128 (default)
2019-07-13 12:27:00,991 INFO  server.RaftServerConfigKeys (ConfUtils.java:logGet(43)) - raft.server.log.queue.byte-limit = 2147483647 (custom)
2019-07-13 12:27:00,994 INFO  server.RaftServerConfigKeys (ConfUtils.java:logGet(43)) - raft.server.log.statemachine.data.sync = true (default)
2019-07-13 12:27:00,993 INFO  segmented.SegmentedRaftLogWorker (SegmentedRaftLogWorker.java:<init>(172)) - new 74efef67-ec0e-49fa-8557-a2a89921eea7-SegmentedRaftLogWorker:Storage Directory /tmp/workdir/hadoop-ozone/integration-test/target/test-dir/MiniOzoneClusterImpl-c01b761b-2f67-4822-9581-a12a58f3b363/datanode-5/data/ratis/1727c8d0-aaf7-4799-b660-967862a576ac for RaftStorage:Storage Directory /tmp/workdir/hadoop-ozone/integration-test/target/test-dir/MiniOzoneClusterImpl-c01b761b-2f67-4822-9581-a12a58f3b363/datanode-5/data/ratis/1727c8d0-aaf7-4799-b660-967862a576ac
2019-07-13 12:27:00,994 INFO  server.RaftServerConfigKeys (ConfUtils.java:logGet(43)) - raft.server.log.statemachine.data.sync.timeout = 10s (default)
2019-07-13 12:27:00,994 INFO  server.RaftServerConfigKeys (ConfUtils.java:logGet(43)) - raft.server.log.queue.element-limit = 1024 (custom)
2019-07-13 12:27:00,996 INFO  server.RaftServerConfigKeys (ConfUtils.java:logGet(43)) - raft.server.log.statemachine.data.sync.timeout.retry = -1 (default)
2019-07-13 12:27:00,994 INFO  server.RaftServerConfigKeys (ConfUtils.java:logGet(43)) - raft.server.log.queue.byte-limit = 2147483647 (custom)
2019-07-13 12:27:00,996 INFO  server.RaftServerConfigKeys (ConfUtils.java:logGet(43)) - raft.server.log.statemachine.data.caching.enabled = true (custom)
2019-07-13 12:27:00,996 INFO  server.RaftServerConfigKeys (ConfUtils.java:logGet(43)) - raft.server.log.segment.size.max = 1048576 (custom)
2019-07-13 12:27:00,996 INFO  server.RaftServerConfigKeys (ConfUtils.java:logGet(43)) - raft.server.log.queue.element-limit = 1024 (custom)
2019-07-13 12:27:00,997 INFO  server.RaftServerConfigKeys (ConfUtils.java:logGet(43)) - raft.server.log.preallocated.size = 16384 (custom)
2019-07-13 12:27:00,997 INFO  server.RaftServerConfigKeys (ConfUtils.java:logGet(43)) - raft.server.log.segment.size.max = 1048576 (custom)
2019-07-13 12:27:00,997 INFO  segmented.SegmentedRaftLogWorker (SegmentedRaftLogWorker.java:lambda$new$0(132)) - 7725a38b-54a6-4df1-a54c-afb4374855be-SegmentedRaftLogWorker:Storage Directory /tmp/workdir/hadoop-ozone/integration-test/target/test-dir/MiniOzoneClusterImpl-c01b761b-2f67-4822-9581-a12a58f3b363/datanode-6/data/ratis/1727c8d0-aaf7-4799-b660-967862a576ac: flushIndex: setUnconditionally 0 -> -1
2019-07-13 12:27:00,997 INFO  server.RaftServerConfigKeys (ConfUtils.java:logGet(43)) - raft.server.log.preallocated.size = 16384 (custom)
2019-07-13 12:27:00,997 INFO  server.RaftServerConfigKeys (ConfUtils.java:logGet(43)) - raft.server.log.write.buffer.size = 33554432 (custom)
2019-07-13 12:27:00,997 INFO  server.RaftServerConfigKeys (ConfUtils.java:logGet(43)) - raft.server.log.write.buffer.size = 33554432 (custom)
2019-07-13 12:27:00,997 INFO  server.RaftServerConfigKeys (ConfUtils.java:logGet(43)) - raft.server.snapshot.auto.trigger.enabled = true (custom)
2019-07-13 12:27:00,997 INFO  server.RaftServerConfigKeys (ConfUtils.java:logGet(43)) - raft.server.log.force.sync.num = 128 (default)
2019-07-13 12:27:00,998 INFO  server.RaftServerConfigKeys (ConfUtils.java:logGet(43)) - raft.server.snapshot.auto.trigger.threshold = 10000 (custom)
2019-07-13 12:27:00,998 INFO  server.RaftServerConfigKeys (ConfUtils.java:logGet(43)) - raft.server.log.force.sync.num = 128 (default)
2019-07-13 12:27:00,998 INFO  server.RaftServerConfigKeys (ConfUtils.java:logGet(43)) - raft.server.retrycache.expirytime = 600000ms (custom)
2019-07-13 12:27:00,998 INFO  server.RaftServerConfigKeys (ConfUtils.java:logGet(43)) - raft.server.log.statemachine.data.sync = true (default)
2019-07-13 12:27:00,998 INFO  server.RaftServerConfigKeys (ConfUtils.java:logGet(43)) - raft.server.log.statemachine.data.sync = true (default)
2019-07-13 12:27:00,998 INFO  server.RaftServerConfigKeys (ConfUtils.java:logGet(43)) - raft.server.log.statemachine.data.sync.timeout = 10s (default)
2019-07-13 12:27:00,998 INFO  impl.RaftServerImpl (RaftServerImpl.java:start(180)) - 7725a38b-54a6-4df1-a54c-afb4374855be: start group-967862A576AC
2019-07-13 12:27:00,999 INFO  server.RaftServerConfigKeys (ConfUtils.java:logGet(43)) - raft.server.log.statemachine.data.sync.timeout.retry = -1 (default)
2019-07-13 12:27:00,999 INFO  server.RaftServerConfigKeys (ConfUtils.java:logGet(43)) - raft.server.log.statemachine.data.sync.timeout = 10s (default)
2019-07-13 12:27:00,999 INFO  server.RaftServerConfigKeys (ConfUtils.java:logGet(43)) - raft.server.log.statemachine.data.caching.enabled = true (custom)
2019-07-13 12:27:00,999 INFO  impl.RaftServerImpl (RaftServerImpl.java:setRole(171)) - 7725a38b-54a6-4df1-a54c-afb4374855be:group-967862A576AC changes role from null to FOLLOWER at term 0 for startAsFollower
2019-07-13 12:27:00,999 INFO  server.RaftServerConfigKeys (ConfUtils.java:logGet(43)) - raft.server.log.statemachine.data.sync.timeout.retry = -1 (default)
2019-07-13 12:27:00,999 INFO  impl.RoleInfo (RoleInfo.java:updateAndGet(143)) - 7725a38b-54a6-4df1-a54c-afb4374855be: start FollowerState
2019-07-13 12:27:00,999 INFO  segmented.SegmentedRaftLogWorker (SegmentedRaftLogWorker.java:lambda$new$0(132)) - b638f31a-9a55-4e88-8861-54b3556fd9f8-SegmentedRaftLogWorker:Storage Directory /tmp/workdir/hadoop-ozone/integration-test/target/test-dir/MiniOzoneClusterImpl-c01b761b-2f67-4822-9581-a12a58f3b363/datanode-3/data/ratis/1727c8d0-aaf7-4799-b660-967862a576ac: flushIndex: setUnconditionally 0 -> -1
2019-07-13 12:27:01,000 INFO  server.RaftServerConfigKeys (ConfUtils.java:logGet(43)) - raft.server.log.statemachine.data.caching.enabled = true (custom)
2019-07-13 12:27:01,000 INFO  server.RaftServerConfigKeys (ConfUtils.java:logGet(43)) - raft.server.snapshot.auto.trigger.enabled = true (custom)
2019-07-13 12:27:01,000 INFO  util.JmxRegister (JmxRegister.java:tryRegister(44)) - Successfully registered JMX Bean with object name Ratis:service=RaftServer,group=group-967862A576AC,id=7725a38b-54a6-4df1-a54c-afb4374855be
2019-07-13 12:27:01,000 INFO  segmented.SegmentedRaftLogWorker (SegmentedRaftLogWorker.java:lambda$new$0(132)) - 74efef67-ec0e-49fa-8557-a2a89921eea7-SegmentedRaftLogWorker:Storage Directory /tmp/workdir/hadoop-ozone/integration-test/target/test-dir/MiniOzoneClusterImpl-c01b761b-2f67-4822-9581-a12a58f3b363/datanode-5/data/ratis/1727c8d0-aaf7-4799-b660-967862a576ac: flushIndex: setUnconditionally 0 -> -1
2019-07-13 12:27:01,000 INFO  server.RaftServerConfigKeys (ConfUtils.java:logGet(43)) - raft.server.snapshot.auto.trigger.threshold = 10000 (custom)
2019-07-13 12:27:01,001 INFO  server.RaftServerConfigKeys (ConfUtils.java:logGet(43)) - raft.server.snapshot.auto.trigger.enabled = true (custom)
2019-07-13 12:27:01,001 INFO  server.RaftServerConfigKeys (ConfUtils.java:logGet(43)) - raft.server.snapshot.auto.trigger.threshold = 10000 (custom)
2019-07-13 12:27:01,001 INFO  server.RaftServerConfigKeys (ConfUtils.java:logGet(43)) - raft.server.retrycache.expirytime = 600000ms (custom)
2019-07-13 12:27:01,001 INFO  server.RaftServerConfigKeys (ConfUtils.java:logGet(43)) - raft.server.retrycache.expirytime = 600000ms (custom)
2019-07-13 12:27:01,001 INFO  impl.RaftServerImpl (RaftServerImpl.java:start(180)) - b638f31a-9a55-4e88-8861-54b3556fd9f8: start group-967862A576AC
2019-07-13 12:27:01,001 INFO  impl.RaftServerImpl (RaftServerImpl.java:start(180)) - 74efef67-ec0e-49fa-8557-a2a89921eea7: start group-967862A576AC
2019-07-13 12:27:01,001 INFO  impl.RaftServerImpl (RaftServerImpl.java:setRole(171)) - b638f31a-9a55-4e88-8861-54b3556fd9f8:group-967862A576AC changes role from null to FOLLOWER at term 0 for startAsFollower
2019-07-13 12:27:01,001 INFO  impl.RaftServerImpl (RaftServerImpl.java:setRole(171)) - 74efef67-ec0e-49fa-8557-a2a89921eea7:group-967862A576AC changes role from null to FOLLOWER at term 0 for startAsFollower
2019-07-13 12:27:01,001 INFO  impl.RoleInfo (RoleInfo.java:updateAndGet(143)) - b638f31a-9a55-4e88-8861-54b3556fd9f8: start FollowerState
2019-07-13 12:27:01,002 INFO  impl.RoleInfo (RoleInfo.java:updateAndGet(143)) - 74efef67-ec0e-49fa-8557-a2a89921eea7: start FollowerState
2019-07-13 12:27:01,002 INFO  util.JmxRegister (JmxRegister.java:tryRegister(44)) - Successfully registered JMX Bean with object name Ratis:service=RaftServer,group=group-967862A576AC,id=b638f31a-9a55-4e88-8861-54b3556fd9f8
2019-07-13 12:27:01,002 INFO  util.JmxRegister (JmxRegister.java:tryRegister(44)) - Successfully registered JMX Bean with object name Ratis:service=RaftServer,group=group-967862A576AC,id=74efef67-ec0e-49fa-8557-a2a89921eea7
2019-07-13 12:27:01,025 INFO  pipeline.PipelineStateManager (PipelineStateManager.java:addPipeline(56)) - Created pipeline Pipeline[ Id: 1727c8d0-aaf7-4799-b660-967862a576ac, Nodes: 74efef67-ec0e-49fa-8557-a2a89921eea7{ip: 192.168.5.181, host: trunk-nightly-q2gwj-1111726333, networkLocation: /default-rack, certSerialId: null}7725a38b-54a6-4df1-a54c-afb4374855be{ip: 192.168.5.181, host: trunk-nightly-q2gwj-1111726333, networkLocation: /default-rack, certSerialId: null}b638f31a-9a55-4e88-8861-54b3556fd9f8{ip: 192.168.5.181, host: trunk-nightly-q2gwj-1111726333, networkLocation: /default-rack, certSerialId: null}, Type:RATIS, Factor:THREE, State:OPEN]
2019-07-13 12:27:01,191 INFO  ozone.MiniOzoneClusterImpl (MiniOzoneClusterImpl.java:lambda$waitForClusterToBeReady$0(142)) - Cluster is ready. Got 7 of 7 DN Heartbeats.
2019-07-13 12:27:01,512 INFO  rpc.RpcClient (RpcClient.java:createVolume(287)) - Creating Volume: testblockoutputstream, with jenkins1000 as owner.
2019-07-13 12:27:01,562 INFO  rpc.RpcClient (RpcClient.java:createBucket(424)) - Creating Bucket: testblockoutputstream/testblockoutputstream, with Versioning false and Storage Type set to DISK and Encryption set to false 
2019-07-13 12:27:01,813 INFO  client.GrpcClientProtocolClient (GrpcClientProtocolClient.java:onNext(255)) - client-6604DE481522->74efef67-ec0e-49fa-8557-a2a89921eea7: receive RaftClientReply:client-6604DE481522->74efef67-ec0e-49fa-8557-a2a89921eea7@group-967862A576AC, cid=13, FAILED org.apache.ratis.protocol.NotLeaderException: Server 74efef67-ec0e-49fa-8557-a2a89921eea7 is not the leader (null). Request must be sent to leader., logIndex=0, commits[74efef67-ec0e-49fa-8557-a2a89921eea7:c-1]
2019-07-13 12:27:02,086 INFO  container.ReplicationManager (ReplicationManager.java:start(155)) - Starting Replication Monitor Thread.
2019-07-13 12:27:02,095 INFO  container.ReplicationManager (ReplicationManager.java:run(207)) - Replication Monitor Thread took 4 milliseconds for processing 1 containers.
2019-07-13 12:27:02,863 INFO  client.GrpcClientProtocolClient (GrpcClientProtocolClient.java:onNext(255)) - client-6604DE481522->7725a38b-54a6-4df1-a54c-afb4374855be: receive RaftClientReply:client-6604DE481522->7725a38b-54a6-4df1-a54c-afb4374855be@group-967862A576AC, cid=13, FAILED org.apache.ratis.protocol.NotLeaderException: Server 7725a38b-54a6-4df1-a54c-afb4374855be is not the leader (null). Request must be sent to leader., logIndex=0, commits[7725a38b-54a6-4df1-a54c-afb4374855be:c-1]
2019-07-13 12:27:03,892 INFO  client.GrpcClientProtocolClient (GrpcClientProtocolClient.java:onNext(255)) - client-6604DE481522->74efef67-ec0e-49fa-8557-a2a89921eea7: receive RaftClientReply:client-6604DE481522->74efef67-ec0e-49fa-8557-a2a89921eea7@group-967862A576AC, cid=13, FAILED org.apache.ratis.protocol.NotLeaderException: Server 74efef67-ec0e-49fa-8557-a2a89921eea7 is not the leader (null). Request must be sent to leader., logIndex=0, commits[74efef67-ec0e-49fa-8557-a2a89921eea7:c-1]
2019-07-13 12:27:04,917 INFO  client.GrpcClientProtocolClient (GrpcClientProtocolClient.java:onNext(255)) - client-6604DE481522->7725a38b-54a6-4df1-a54c-afb4374855be: receive RaftClientReply:client-6604DE481522->7725a38b-54a6-4df1-a54c-afb4374855be@group-967862A576AC, cid=13, FAILED org.apache.ratis.protocol.NotLeaderException: Server 7725a38b-54a6-4df1-a54c-afb4374855be is not the leader (null). Request must be sent to leader., logIndex=0, commits[7725a38b-54a6-4df1-a54c-afb4374855be:c-1]
2019-07-13 12:27:05,358 INFO  impl.FollowerState (FollowerState.java:run(106)) - 944a21aa-092b-4330-b90e-e9bb9a373ad9:group-81E8117E88FF changes to CANDIDATE, lastRpcTime:5145, electionTimeout:5144ms
2019-07-13 12:27:05,359 INFO  impl.RoleInfo (RoleInfo.java:shutdownFollowerState(121)) - 944a21aa-092b-4330-b90e-e9bb9a373ad9: shutdown FollowerState
2019-07-13 12:27:05,359 INFO  impl.RaftServerImpl (RaftServerImpl.java:setRole(171)) - 944a21aa-092b-4330-b90e-e9bb9a373ad9:group-81E8117E88FF changes role from FOLLOWER to CANDIDATE at term 0 for changeToCandidate
2019-07-13 12:27:05,362 INFO  impl.RoleInfo (RoleInfo.java:updateAndGet(143)) - 944a21aa-092b-4330-b90e-e9bb9a373ad9: start LeaderElection
2019-07-13 12:27:05,385 INFO  impl.LeaderElection (LeaderElection.java:askForVotes(181)) - 944a21aa-092b-4330-b90e-e9bb9a373ad9:group-81E8117E88FF:LeaderElection1: begin an election at term 1 for -1: [944a21aa-092b-4330-b90e-e9bb9a373ad9:192.168.5.181:46458], old=null
2019-07-13 12:27:05,387 INFO  impl.RoleInfo (RoleInfo.java:shutdownLeaderElection(134)) - 944a21aa-092b-4330-b90e-e9bb9a373ad9: shutdown LeaderElection
2019-07-13 12:27:05,388 INFO  impl.RaftServerImpl (RaftServerImpl.java:setRole(171)) - 944a21aa-092b-4330-b90e-e9bb9a373ad9:group-81E8117E88FF changes role from CANDIDATE to LEADER at term 1 for changeToLeader
2019-07-13 12:27:05,388 INFO  impl.RaftServerImpl (ServerState.java:setLeader(263)) - 944a21aa-092b-4330-b90e-e9bb9a373ad9:group-81E8117E88FF change Leader from null to 944a21aa-092b-4330-b90e-e9bb9a373ad9 at term 1 for becomeLeader, leader elected after 5259ms
2019-07-13 12:27:05,396 INFO  server.RaftServerConfigKeys (ConfUtils.java:logGet(43)) - raft.server.staging.catchup.gap = 1000 (default)
2019-07-13 12:27:05,396 INFO  server.RaftServerConfigKeys (ConfUtils.java:logGet(43)) - raft.server.rpc.sleep.time = 25ms (default)
2019-07-13 12:27:05,399 INFO  server.RaftServerConfigKeys (ConfUtils.java:logGet(43)) - raft.server.write.element-limit = 4096 (default)
2019-07-13 12:27:05,402 INFO  server.RaftServerConfigKeys (ConfUtils.java:logGet(43)) - raft.server.watch.timeout = 10s (default)
2019-07-13 12:27:05,403 INFO  server.RaftServerConfigKeys (ConfUtils.java:logGet(43)) - raft.server.watch.timeout.denomination = 1s (default)
2019-07-13 12:27:05,404 INFO  server.RaftServerConfigKeys (ConfUtils.java:logGet(43)) - raft.server.watch.element-limit = 65536 (default)
2019-07-13 12:27:05,414 INFO  impl.RoleInfo (RoleInfo.java:updateAndGet(143)) - 944a21aa-092b-4330-b90e-e9bb9a373ad9: start LeaderState
2019-07-13 12:27:05,440 INFO  segmented.SegmentedRaftLogWorker (SegmentedRaftLogWorker.java:startLogSegment(380)) - 944a21aa-092b-4330-b90e-e9bb9a373ad9-SegmentedRaftLogWorker:Storage Directory /tmp/workdir/hadoop-ozone/integration-test/target/test-dir/MiniOzoneClusterImpl-c01b761b-2f67-4822-9581-a12a58f3b363/datanode-0/data/ratis/b070a076-520f-4dcc-a15c-81e8117e88ff: Starting segment from index:0
2019-07-13 12:27:05,449 INFO  impl.RaftServerImpl (ServerState.java:setRaftConf(361)) - 944a21aa-092b-4330-b90e-e9bb9a373ad9:group-81E8117E88FF set configuration 0: [944a21aa-092b-4330-b90e-e9bb9a373ad9:192.168.5.181:46458], old=null at 0
2019-07-13 12:27:05,539 INFO  impl.FollowerState (FollowerState.java:run(106)) - a90114fc-3d05-4be9-b0c4-bbf7a7678121:group-8A4E8F172BB6 changes to CANDIDATE, lastRpcTime:5137, electionTimeout:5136ms
2019-07-13 12:27:05,542 INFO  impl.RoleInfo (RoleInfo.java:shutdownFollowerState(121)) - a90114fc-3d05-4be9-b0c4-bbf7a7678121: shutdown FollowerState
2019-07-13 12:27:05,542 INFO  impl.RaftServerImpl (RaftServerImpl.java:setRole(171)) - a90114fc-3d05-4be9-b0c4-bbf7a7678121:group-8A4E8F172BB6 changes role from FOLLOWER to CANDIDATE at term 0 for changeToCandidate
2019-07-13 12:27:05,542 INFO  impl.RoleInfo (RoleInfo.java:updateAndGet(143)) - a90114fc-3d05-4be9-b0c4-bbf7a7678121: start LeaderElection
2019-07-13 12:27:05,561 INFO  impl.LeaderElection (LeaderElection.java:askForVotes(181)) - a90114fc-3d05-4be9-b0c4-bbf7a7678121:group-8A4E8F172BB6:LeaderElection2: begin an election at term 1 for -1: [a90114fc-3d05-4be9-b0c4-bbf7a7678121:192.168.5.181:37954], old=null
2019-07-13 12:27:05,562 INFO  impl.RoleInfo (RoleInfo.java:shutdownLeaderElection(134)) - a90114fc-3d05-4be9-b0c4-bbf7a7678121: shutdown LeaderElection
2019-07-13 12:27:05,562 INFO  impl.RaftServerImpl (RaftServerImpl.java:setRole(171)) - a90114fc-3d05-4be9-b0c4-bbf7a7678121:group-8A4E8F172BB6 changes role from CANDIDATE to LEADER at term 1 for changeToLeader
2019-07-13 12:27:05,562 INFO  impl.RaftServerImpl (ServerState.java:setLeader(263)) - a90114fc-3d05-4be9-b0c4-bbf7a7678121:group-8A4E8F172BB6 change Leader from null to a90114fc-3d05-4be9-b0c4-bbf7a7678121 at term 1 for becomeLeader, leader elected after 5168ms
2019-07-13 12:27:05,563 INFO  server.RaftServerConfigKeys (ConfUtils.java:logGet(43)) - raft.server.staging.catchup.gap = 1000 (default)
2019-07-13 12:27:05,563 INFO  server.RaftServerConfigKeys (ConfUtils.java:logGet(43)) - raft.server.rpc.sleep.time = 25ms (default)
2019-07-13 12:27:05,563 INFO  server.RaftServerConfigKeys (ConfUtils.java:logGet(43)) - raft.server.write.element-limit = 4096 (default)
2019-07-13 12:27:05,563 INFO  server.RaftServerConfigKeys (ConfUtils.java:logGet(43)) - raft.server.watch.timeout = 10s (default)
2019-07-13 12:27:05,563 INFO  server.RaftServerConfigKeys (ConfUtils.java:logGet(43)) - raft.server.watch.timeout.denomination = 1s (default)
2019-07-13 12:27:05,563 INFO  server.RaftServerConfigKeys (ConfUtils.java:logGet(43)) - raft.server.watch.element-limit = 65536 (default)
2019-07-13 12:27:05,564 INFO  impl.RoleInfo (RoleInfo.java:updateAndGet(143)) - a90114fc-3d05-4be9-b0c4-bbf7a7678121: start LeaderState
2019-07-13 12:27:05,564 INFO  segmented.SegmentedRaftLogWorker (SegmentedRaftLogWorker.java:startLogSegment(380)) - a90114fc-3d05-4be9-b0c4-bbf7a7678121-SegmentedRaftLogWorker:Storage Directory /tmp/workdir/hadoop-ozone/integration-test/target/test-dir/MiniOzoneClusterImpl-c01b761b-2f67-4822-9581-a12a58f3b363/datanode-2/data/ratis/fce22935-34db-4b30-bbb9-8a4e8f172bb6: Starting segment from index:0
2019-07-13 12:27:05,564 INFO  impl.RaftServerImpl (ServerState.java:setRaftConf(361)) - a90114fc-3d05-4be9-b0c4-bbf7a7678121:group-8A4E8F172BB6 set configuration 0: [a90114fc-3d05-4be9-b0c4-bbf7a7678121:192.168.5.181:37954], old=null at 0
2019-07-13 12:27:05,621 INFO  impl.FollowerState (FollowerState.java:run(106)) - 67ad77ec-e22e-4e21-b0ef-f18c48c00509:group-8A37E9B7C607 changes to CANDIDATE, lastRpcTime:5118, electionTimeout:5118ms
2019-07-13 12:27:05,621 INFO  impl.RoleInfo (RoleInfo.java:shutdownFollowerState(121)) - 67ad77ec-e22e-4e21-b0ef-f18c48c00509: shutdown FollowerState
2019-07-13 12:27:05,621 INFO  impl.RaftServerImpl (RaftServerImpl.java:setRole(171)) - 67ad77ec-e22e-4e21-b0ef-f18c48c00509:group-8A37E9B7C607 changes role from FOLLOWER to CANDIDATE at term 0 for changeToCandidate
2019-07-13 12:27:05,621 INFO  impl.RoleInfo (RoleInfo.java:updateAndGet(143)) - 67ad77ec-e22e-4e21-b0ef-f18c48c00509: start LeaderElection
2019-07-13 12:27:05,665 INFO  segmented.SegmentedRaftLogWorker (SegmentedRaftLogWorker.java:execute(569)) - a90114fc-3d05-4be9-b0c4-bbf7a7678121-SegmentedRaftLogWorker:Storage Directory /tmp/workdir/hadoop-ozone/integration-test/target/test-dir/MiniOzoneClusterImpl-c01b761b-2f67-4822-9581-a12a58f3b363/datanode-2/data/ratis/fce22935-34db-4b30-bbb9-8a4e8f172bb6: created new log segment /tmp/workdir/hadoop-ozone/integration-test/target/test-dir/MiniOzoneClusterImpl-c01b761b-2f67-4822-9581-a12a58f3b363/datanode-2/data/ratis/fce22935-34db-4b30-bbb9-8a4e8f172bb6/current/log_inprogress_0
2019-07-13 12:27:05,665 INFO  impl.LeaderElection (LeaderElection.java:askForVotes(181)) - 67ad77ec-e22e-4e21-b0ef-f18c48c00509:group-8A37E9B7C607:LeaderElection3: begin an election at term 1 for -1: [67ad77ec-e22e-4e21-b0ef-f18c48c00509:192.168.5.181:39367], old=null
2019-07-13 12:27:05,665 INFO  segmented.SegmentedRaftLogWorker (SegmentedRaftLogWorker.java:execute(569)) - 944a21aa-092b-4330-b90e-e9bb9a373ad9-SegmentedRaftLogWorker:Storage Directory /tmp/workdir/hadoop-ozone/integration-test/target/test-dir/MiniOzoneClusterImpl-c01b761b-2f67-4822-9581-a12a58f3b363/datanode-0/data/ratis/b070a076-520f-4dcc-a15c-81e8117e88ff: created new log segment /tmp/workdir/hadoop-ozone/integration-test/target/test-dir/MiniOzoneClusterImpl-c01b761b-2f67-4822-9581-a12a58f3b363/datanode-0/data/ratis/b070a076-520f-4dcc-a15c-81e8117e88ff/current/log_inprogress_0
2019-07-13 12:27:05,667 INFO  impl.RoleInfo (RoleInfo.java:shutdownLeaderElection(134)) - 67ad77ec-e22e-4e21-b0ef-f18c48c00509: shutdown LeaderElection
2019-07-13 12:27:05,667 INFO  impl.RaftServerImpl (RaftServerImpl.java:setRole(171)) - 67ad77ec-e22e-4e21-b0ef-f18c48c00509:group-8A37E9B7C607 changes role from CANDIDATE to LEADER at term 1 for changeToLeader
2019-07-13 12:27:05,668 INFO  impl.RaftServerImpl (ServerState.java:setLeader(263)) - 67ad77ec-e22e-4e21-b0ef-f18c48c00509:group-8A37E9B7C607 change Leader from null to 67ad77ec-e22e-4e21-b0ef-f18c48c00509 at term 1 for becomeLeader, leader elected after 5170ms
2019-07-13 12:27:05,668 INFO  server.RaftServerConfigKeys (ConfUtils.java:logGet(43)) - raft.server.staging.catchup.gap = 1000 (default)
2019-07-13 12:27:05,668 INFO  server.RaftServerConfigKeys (ConfUtils.java:logGet(43)) - raft.server.rpc.sleep.time = 25ms (default)
2019-07-13 12:27:05,670 INFO  server.RaftServerConfigKeys (ConfUtils.java:logGet(43)) - raft.server.write.element-limit = 4096 (default)
2019-07-13 12:27:05,670 INFO  server.RaftServerConfigKeys (ConfUtils.java:logGet(43)) - raft.server.watch.timeout = 10s (default)
2019-07-13 12:27:05,670 INFO  server.RaftServerConfigKeys (ConfUtils.java:logGet(43)) - raft.server.watch.timeout.denomination = 1s (default)
2019-07-13 12:27:05,670 INFO  impl.FollowerState (FollowerState.java:run(106)) - 7725a38b-54a6-4df1-a54c-afb4374855be:group-300526FED910 changes to CANDIDATE, lastRpcTime:5031, electionTimeout:5031ms
2019-07-13 12:27:05,672 INFO  impl.RoleInfo (RoleInfo.java:shutdownFollowerState(121)) - 7725a38b-54a6-4df1-a54c-afb4374855be: shutdown FollowerState
2019-07-13 12:27:05,670 INFO  server.RaftServerConfigKeys (ConfUtils.java:logGet(43)) - raft.server.watch.element-limit = 65536 (default)
2019-07-13 12:27:05,672 INFO  impl.RaftServerImpl (RaftServerImpl.java:setRole(171)) - 7725a38b-54a6-4df1-a54c-afb4374855be:group-300526FED910 changes role from FOLLOWER to CANDIDATE at term 0 for changeToCandidate
2019-07-13 12:27:05,672 INFO  impl.RoleInfo (RoleInfo.java:updateAndGet(143)) - 7725a38b-54a6-4df1-a54c-afb4374855be: start LeaderElection
2019-07-13 12:27:05,673 INFO  impl.RoleInfo (RoleInfo.java:updateAndGet(143)) - 67ad77ec-e22e-4e21-b0ef-f18c48c00509: start LeaderState
2019-07-13 12:27:05,677 INFO  segmented.SegmentedRaftLogWorker (SegmentedRaftLogWorker.java:startLogSegment(380)) - 67ad77ec-e22e-4e21-b0ef-f18c48c00509-SegmentedRaftLogWorker:Storage Directory /tmp/workdir/hadoop-ozone/integration-test/target/test-dir/MiniOzoneClusterImpl-c01b761b-2f67-4822-9581-a12a58f3b363/datanode-4/data/ratis/43dc801b-a244-4d13-9735-8a37e9b7c607: Starting segment from index:0
2019-07-13 12:27:05,678 INFO  impl.RaftServerImpl (ServerState.java:setRaftConf(361)) - 67ad77ec-e22e-4e21-b0ef-f18c48c00509:group-8A37E9B7C607 set configuration 0: [67ad77ec-e22e-4e21-b0ef-f18c48c00509:192.168.5.181:39367], old=null at 0
2019-07-13 12:27:05,696 INFO  impl.LeaderElection (LeaderElection.java:askForVotes(181)) - 7725a38b-54a6-4df1-a54c-afb4374855be:group-300526FED910:LeaderElection4: begin an election at term 1 for -1: [7725a38b-54a6-4df1-a54c-afb4374855be:192.168.5.181:35898], old=null
2019-07-13 12:27:05,696 INFO  impl.RoleInfo (RoleInfo.java:shutdownLeaderElection(134)) - 7725a38b-54a6-4df1-a54c-afb4374855be: shutdown LeaderElection
2019-07-13 12:27:05,696 INFO  impl.RaftServerImpl (RaftServerImpl.java:setRole(171)) - 7725a38b-54a6-4df1-a54c-afb4374855be:group-300526FED910 changes role from CANDIDATE to LEADER at term 1 for changeToLeader
2019-07-13 12:27:05,696 INFO  impl.RaftServerImpl (ServerState.java:setLeader(263)) - 7725a38b-54a6-4df1-a54c-afb4374855be:group-300526FED910 change Leader from null to 7725a38b-54a6-4df1-a54c-afb4374855be at term 1 for becomeLeader, leader elected after 5061ms
2019-07-13 12:27:05,696 INFO  server.RaftServerConfigKeys (ConfUtils.java:logGet(43)) - raft.server.staging.catchup.gap = 1000 (default)
2019-07-13 12:27:05,696 INFO  server.RaftServerConfigKeys (ConfUtils.java:logGet(43)) - raft.server.rpc.sleep.time = 25ms (default)
2019-07-13 12:27:05,697 INFO  server.RaftServerConfigKeys (ConfUtils.java:logGet(43)) - raft.server.write.element-limit = 4096 (default)
2019-07-13 12:27:05,697 INFO  server.RaftServerConfigKeys (ConfUtils.java:logGet(43)) - raft.server.watch.timeout = 10s (default)
2019-07-13 12:27:05,697 INFO  server.RaftServerConfigKeys (ConfUtils.java:logGet(43)) - raft.server.watch.timeout.denomination = 1s (default)
2019-07-13 12:27:05,697 INFO  server.RaftServerConfigKeys (ConfUtils.java:logGet(43)) - raft.server.watch.element-limit = 65536 (default)
2019-07-13 12:27:05,697 INFO  impl.RoleInfo (RoleInfo.java:updateAndGet(143)) - 7725a38b-54a6-4df1-a54c-afb4374855be: start LeaderState
2019-07-13 12:27:05,698 INFO  segmented.SegmentedRaftLogWorker (SegmentedRaftLogWorker.java:startLogSegment(380)) - 7725a38b-54a6-4df1-a54c-afb4374855be-SegmentedRaftLogWorker:Storage Directory /tmp/workdir/hadoop-ozone/integration-test/target/test-dir/MiniOzoneClusterImpl-c01b761b-2f67-4822-9581-a12a58f3b363/datanode-6/data/ratis/03c33dbf-9563-4f46-b21a-300526fed910: Starting segment from index:0
2019-07-13 12:27:05,698 INFO  impl.RaftServerImpl (ServerState.java:setRaftConf(361)) - 7725a38b-54a6-4df1-a54c-afb4374855be:group-300526FED910 set configuration 0: [7725a38b-54a6-4df1-a54c-afb4374855be:192.168.5.181:35898], old=null at 0
2019-07-13 12:27:05,717 INFO  segmented.SegmentedRaftLogWorker (SegmentedRaftLogWorker.java:execute(569)) - 67ad77ec-e22e-4e21-b0ef-f18c48c00509-SegmentedRaftLogWorker:Storage Directory /tmp/workdir/hadoop-ozone/integration-test/target/test-dir/MiniOzoneClusterImpl-c01b761b-2f67-4822-9581-a12a58f3b363/datanode-4/data/ratis/43dc801b-a244-4d13-9735-8a37e9b7c607: created new log segment /tmp/workdir/hadoop-ozone/integration-test/target/test-dir/MiniOzoneClusterImpl-c01b761b-2f67-4822-9581-a12a58f3b363/datanode-4/data/ratis/43dc801b-a244-4d13-9735-8a37e9b7c607/current/log_inprogress_0
2019-07-13 12:27:05,721 INFO  segmented.SegmentedRaftLogWorker (SegmentedRaftLogWorker.java:execute(569)) - 7725a38b-54a6-4df1-a54c-afb4374855be-SegmentedRaftLogWorker:Storage Directory /tmp/workdir/hadoop-ozone/integration-test/target/test-dir/MiniOzoneClusterImpl-c01b761b-2f67-4822-9581-a12a58f3b363/datanode-6/data/ratis/03c33dbf-9563-4f46-b21a-300526fed910: created new log segment /tmp/workdir/hadoop-ozone/integration-test/target/test-dir/MiniOzoneClusterImpl-c01b761b-2f67-4822-9581-a12a58f3b363/datanode-6/data/ratis/03c33dbf-9563-4f46-b21a-300526fed910/current/log_inprogress_0
2019-07-13 12:27:05,727 INFO  impl.FollowerState (FollowerState.java:run(106)) - 74efef67-ec0e-49fa-8557-a2a89921eea7:group-A471BF323A6C changes to CANDIDATE, lastRpcTime:5145, electionTimeout:5145ms
2019-07-13 12:27:05,729 INFO  impl.RoleInfo (RoleInfo.java:shutdownFollowerState(121)) - 74efef67-ec0e-49fa-8557-a2a89921eea7: shutdown FollowerState
2019-07-13 12:27:05,729 INFO  impl.RaftServerImpl (RaftServerImpl.java:setRole(171)) - 74efef67-ec0e-49fa-8557-a2a89921eea7:group-A471BF323A6C changes role from FOLLOWER to CANDIDATE at term 0 for changeToCandidate
2019-07-13 12:27:05,730 INFO  impl.RoleInfo (RoleInfo.java:updateAndGet(143)) - 74efef67-ec0e-49fa-8557-a2a89921eea7: start LeaderElection
2019-07-13 12:27:05,739 INFO  impl.LeaderElection (LeaderElection.java:askForVotes(181)) - 74efef67-ec0e-49fa-8557-a2a89921eea7:group-A471BF323A6C:LeaderElection5: begin an election at term 1 for -1: [74efef67-ec0e-49fa-8557-a2a89921eea7:192.168.5.181:33345], old=null
2019-07-13 12:27:05,741 INFO  impl.RoleInfo (RoleInfo.java:shutdownLeaderElection(134)) - 74efef67-ec0e-49fa-8557-a2a89921eea7: shutdown LeaderElection
2019-07-13 12:27:05,741 INFO  impl.RaftServerImpl (RaftServerImpl.java:setRole(171)) - 74efef67-ec0e-49fa-8557-a2a89921eea7:group-A471BF323A6C changes role from CANDIDATE to LEADER at term 1 for changeToLeader
2019-07-13 12:27:05,742 INFO  impl.RaftServerImpl (ServerState.java:setLeader(263)) - 74efef67-ec0e-49fa-8557-a2a89921eea7:group-A471BF323A6C change Leader from null to 74efef67-ec0e-49fa-8557-a2a89921eea7 at term 1 for becomeLeader, leader elected after 5165ms
2019-07-13 12:27:05,742 INFO  server.RaftServerConfigKeys (ConfUtils.java:logGet(43)) - raft.server.staging.catchup.gap = 1000 (default)
2019-07-13 12:27:05,742 INFO  server.RaftServerConfigKeys (ConfUtils.java:logGet(43)) - raft.server.rpc.sleep.time = 25ms (default)
2019-07-13 12:27:05,742 INFO  server.RaftServerConfigKeys (ConfUtils.java:logGet(43)) - raft.server.write.element-limit = 4096 (default)
2019-07-13 12:27:05,742 INFO  server.RaftServerConfigKeys (ConfUtils.java:logGet(43)) - raft.server.watch.timeout = 10s (default)
2019-07-13 12:27:05,743 INFO  server.RaftServerConfigKeys (ConfUtils.java:logGet(43)) - raft.server.watch.timeout.denomination = 1s (default)
2019-07-13 12:27:05,743 INFO  server.RaftServerConfigKeys (ConfUtils.java:logGet(43)) - raft.server.watch.element-limit = 65536 (default)
2019-07-13 12:27:05,743 INFO  impl.RoleInfo (RoleInfo.java:updateAndGet(143)) - 74efef67-ec0e-49fa-8557-a2a89921eea7: start LeaderState
2019-07-13 12:27:05,743 INFO  segmented.SegmentedRaftLogWorker (SegmentedRaftLogWorker.java:startLogSegment(380)) - 74efef67-ec0e-49fa-8557-a2a89921eea7-SegmentedRaftLogWorker:Storage Directory /tmp/workdir/hadoop-ozone/integration-test/target/test-dir/MiniOzoneClusterImpl-c01b761b-2f67-4822-9581-a12a58f3b363/datanode-5/data/ratis/ace2eaeb-d448-408f-a5ab-a471bf323a6c: Starting segment from index:0
2019-07-13 12:27:05,744 INFO  impl.RaftServerImpl (ServerState.java:setRaftConf(361)) - 74efef67-ec0e-49fa-8557-a2a89921eea7:group-A471BF323A6C set configuration 0: [74efef67-ec0e-49fa-8557-a2a89921eea7:192.168.5.181:33345], old=null at 0
2019-07-13 12:27:05,765 INFO  segmented.SegmentedRaftLogWorker (SegmentedRaftLogWorker.java:execute(569)) - 74efef67-ec0e-49fa-8557-a2a89921eea7-SegmentedRaftLogWorker:Storage Directory /tmp/workdir/hadoop-ozone/integration-test/target/test-dir/MiniOzoneClusterImpl-c01b761b-2f67-4822-9581-a12a58f3b363/datanode-5/data/ratis/ace2eaeb-d448-408f-a5ab-a471bf323a6c: created new log segment /tmp/workdir/hadoop-ozone/integration-test/target/test-dir/MiniOzoneClusterImpl-c01b761b-2f67-4822-9581-a12a58f3b363/datanode-5/data/ratis/ace2eaeb-d448-408f-a5ab-a471bf323a6c/current/log_inprogress_0
2019-07-13 12:27:05,882 INFO  impl.FollowerState (FollowerState.java:run(106)) - b638f31a-9a55-4e88-8861-54b3556fd9f8:group-A64F332C2340 changes to CANDIDATE, lastRpcTime:5162, electionTimeout:5162ms
2019-07-13 12:27:05,882 INFO  impl.RoleInfo (RoleInfo.java:shutdownFollowerState(121)) - b638f31a-9a55-4e88-8861-54b3556fd9f8: shutdown FollowerState
2019-07-13 12:27:05,882 INFO  impl.RaftServerImpl (RaftServerImpl.java:setRole(171)) - b638f31a-9a55-4e88-8861-54b3556fd9f8:group-A64F332C2340 changes role from FOLLOWER to CANDIDATE at term 0 for changeToCandidate
2019-07-13 12:27:05,882 INFO  impl.RoleInfo (RoleInfo.java:updateAndGet(143)) - b638f31a-9a55-4e88-8861-54b3556fd9f8: start LeaderElection
2019-07-13 12:27:05,887 INFO  impl.FollowerState (FollowerState.java:run(106)) - 0d759352-9ff9-4087-94a1-fe421b840863:group-4D6799FB7C13 changes to CANDIDATE, lastRpcTime:5105, electionTimeout:5105ms
2019-07-13 12:27:05,900 INFO  impl.RoleInfo (RoleInfo.java:shutdownFollowerState(121)) - 0d759352-9ff9-4087-94a1-fe421b840863: shutdown FollowerState
2019-07-13 12:27:05,900 INFO  impl.RaftServerImpl (RaftServerImpl.java:setRole(171)) - 0d759352-9ff9-4087-94a1-fe421b840863:group-4D6799FB7C13 changes role from FOLLOWER to CANDIDATE at term 0 for changeToCandidate
2019-07-13 12:27:05,900 INFO  impl.RoleInfo (RoleInfo.java:updateAndGet(143)) - 0d759352-9ff9-4087-94a1-fe421b840863: start LeaderElection
2019-07-13 12:27:05,913 INFO  impl.LeaderElection (LeaderElection.java:askForVotes(181)) - b638f31a-9a55-4e88-8861-54b3556fd9f8:group-A64F332C2340:LeaderElection6: begin an election at term 1 for -1: [b638f31a-9a55-4e88-8861-54b3556fd9f8:192.168.5.181:32932], old=null
2019-07-13 12:27:05,915 INFO  impl.LeaderElection (LeaderElection.java:askForVotes(181)) - 0d759352-9ff9-4087-94a1-fe421b840863:group-4D6799FB7C13:LeaderElection7: begin an election at term 1 for -1: [0d759352-9ff9-4087-94a1-fe421b840863:192.168.5.181:46056], old=null
2019-07-13 12:27:05,916 INFO  impl.RoleInfo (RoleInfo.java:shutdownLeaderElection(134)) - b638f31a-9a55-4e88-8861-54b3556fd9f8: shutdown LeaderElection
2019-07-13 12:27:05,916 INFO  impl.RoleInfo (RoleInfo.java:shutdownLeaderElection(134)) - 0d759352-9ff9-4087-94a1-fe421b840863: shutdown LeaderElection
2019-07-13 12:27:05,917 INFO  impl.RaftServerImpl (RaftServerImpl.java:setRole(171)) - b638f31a-9a55-4e88-8861-54b3556fd9f8:group-A64F332C2340 changes role from CANDIDATE to LEADER at term 1 for changeToLeader
2019-07-13 12:27:05,917 INFO  impl.RaftServerImpl (RaftServerImpl.java:setRole(171)) - 0d759352-9ff9-4087-94a1-fe421b840863:group-4D6799FB7C13 changes role from CANDIDATE to LEADER at term 1 for changeToLeader
2019-07-13 12:27:05,917 INFO  impl.RaftServerImpl (ServerState.java:setLeader(263)) - b638f31a-9a55-4e88-8861-54b3556fd9f8:group-A64F332C2340 change Leader from null to b638f31a-9a55-4e88-8861-54b3556fd9f8 at term 1 for becomeLeader, leader elected after 5203ms
2019-07-13 12:27:05,917 INFO  impl.RaftServerImpl (ServerState.java:setLeader(263)) - 0d759352-9ff9-4087-94a1-fe421b840863:group-4D6799FB7C13 change Leader from null to 0d759352-9ff9-4087-94a1-fe421b840863 at term 1 for becomeLeader, leader elected after 5141ms
2019-07-13 12:27:05,917 INFO  server.RaftServerConfigKeys (ConfUtils.java:logGet(43)) - raft.server.staging.catchup.gap = 1000 (default)
2019-07-13 12:27:05,917 INFO  server.RaftServerConfigKeys (ConfUtils.java:logGet(43)) - raft.server.staging.catchup.gap = 1000 (default)
2019-07-13 12:27:05,918 INFO  server.RaftServerConfigKeys (ConfUtils.java:logGet(43)) - raft.server.rpc.sleep.time = 25ms (default)
2019-07-13 12:27:05,918 INFO  server.RaftServerConfigKeys (ConfUtils.java:logGet(43)) - raft.server.rpc.sleep.time = 25ms (default)
2019-07-13 12:27:05,918 INFO  server.RaftServerConfigKeys (ConfUtils.java:logGet(43)) - raft.server.write.element-limit = 4096 (default)
2019-07-13 12:27:05,918 INFO  server.RaftServerConfigKeys (ConfUtils.java:logGet(43)) - raft.server.write.element-limit = 4096 (default)
2019-07-13 12:27:05,918 INFO  server.RaftServerConfigKeys (ConfUtils.java:logGet(43)) - raft.server.watch.timeout = 10s (default)
2019-07-13 12:27:05,919 INFO  server.RaftServerConfigKeys (ConfUtils.java:logGet(43)) - raft.server.watch.timeout = 10s (default)
2019-07-13 12:27:05,919 INFO  server.RaftServerConfigKeys (ConfUtils.java:logGet(43)) - raft.server.watch.timeout.denomination = 1s (default)
2019-07-13 12:27:05,919 INFO  server.RaftServerConfigKeys (ConfUtils.java:logGet(43)) - raft.server.watch.timeout.denomination = 1s (default)
2019-07-13 12:27:05,919 INFO  server.RaftServerConfigKeys (ConfUtils.java:logGet(43)) - raft.server.watch.element-limit = 65536 (default)
2019-07-13 12:27:05,919 INFO  server.RaftServerConfigKeys (ConfUtils.java:logGet(43)) - raft.server.watch.element-limit = 65536 (default)
2019-07-13 12:27:05,920 INFO  impl.RoleInfo (RoleInfo.java:updateAndGet(143)) - b638f31a-9a55-4e88-8861-54b3556fd9f8: start LeaderState
2019-07-13 12:27:05,920 INFO  impl.RoleInfo (RoleInfo.java:updateAndGet(143)) - 0d759352-9ff9-4087-94a1-fe421b840863: start LeaderState
2019-07-13 12:27:05,920 INFO  segmented.SegmentedRaftLogWorker (SegmentedRaftLogWorker.java:startLogSegment(380)) - b638f31a-9a55-4e88-8861-54b3556fd9f8-SegmentedRaftLogWorker:Storage Directory /tmp/workdir/hadoop-ozone/integration-test/target/test-dir/MiniOzoneClusterImpl-c01b761b-2f67-4822-9581-a12a58f3b363/datanode-3/data/ratis/1cb156c8-16ae-43d0-b7b9-a64f332c2340: Starting segment from index:0
2019-07-13 12:27:05,920 INFO  segmented.SegmentedRaftLogWorker (SegmentedRaftLogWorker.java:startLogSegment(380)) - 0d759352-9ff9-4087-94a1-fe421b840863-SegmentedRaftLogWorker:Storage Directory /tmp/workdir/hadoop-ozone/integration-test/target/test-dir/MiniOzoneClusterImpl-c01b761b-2f67-4822-9581-a12a58f3b363/datanode-1/data/ratis/9bba600b-0ef3-4e45-9762-4d6799fb7c13: Starting segment from index:0
2019-07-13 12:27:05,921 INFO  impl.RaftServerImpl (ServerState.java:setRaftConf(361)) - b638f31a-9a55-4e88-8861-54b3556fd9f8:group-A64F332C2340 set configuration 0: [b638f31a-9a55-4e88-8861-54b3556fd9f8:192.168.5.181:32932], old=null at 0
2019-07-13 12:27:05,942 INFO  impl.RaftServerImpl (ServerState.java:setRaftConf(361)) - 0d759352-9ff9-4087-94a1-fe421b840863:group-4D6799FB7C13 set configuration 0: [0d759352-9ff9-4087-94a1-fe421b840863:192.168.5.181:46056], old=null at 0
2019-07-13 12:27:05,962 INFO  segmented.SegmentedRaftLogWorker (SegmentedRaftLogWorker.java:execute(569)) - b638f31a-9a55-4e88-8861-54b3556fd9f8-SegmentedRaftLogWorker:Storage Directory /tmp/workdir/hadoop-ozone/integration-test/target/test-dir/MiniOzoneClusterImpl-c01b761b-2f67-4822-9581-a12a58f3b363/datanode-3/data/ratis/1cb156c8-16ae-43d0-b7b9-a64f332c2340: created new log segment /tmp/workdir/hadoop-ozone/integration-test/target/test-dir/MiniOzoneClusterImpl-c01b761b-2f67-4822-9581-a12a58f3b363/datanode-3/data/ratis/1cb156c8-16ae-43d0-b7b9-a64f332c2340/current/log_inprogress_0
2019-07-13 12:27:05,975 INFO  segmented.SegmentedRaftLogWorker (SegmentedRaftLogWorker.java:execute(569)) - 0d759352-9ff9-4087-94a1-fe421b840863-SegmentedRaftLogWorker:Storage Directory /tmp/workdir/hadoop-ozone/integration-test/target/test-dir/MiniOzoneClusterImpl-c01b761b-2f67-4822-9581-a12a58f3b363/datanode-1/data/ratis/9bba600b-0ef3-4e45-9762-4d6799fb7c13: created new log segment /tmp/workdir/hadoop-ozone/integration-test/target/test-dir/MiniOzoneClusterImpl-c01b761b-2f67-4822-9581-a12a58f3b363/datanode-1/data/ratis/9bba600b-0ef3-4e45-9762-4d6799fb7c13/current/log_inprogress_0
2019-07-13 12:27:05,986 INFO  impl.FollowerState (FollowerState.java:run(106)) - a90114fc-3d05-4be9-b0c4-bbf7a7678121:group-AFF8D231C080 changes to CANDIDATE, lastRpcTime:5102, electionTimeout:5101ms
2019-07-13 12:27:05,988 INFO  impl.RoleInfo (RoleInfo.java:shutdownFollowerState(121)) - a90114fc-3d05-4be9-b0c4-bbf7a7678121: shutdown FollowerState
2019-07-13 12:27:05,988 INFO  impl.RaftServerImpl (RaftServerImpl.java:setRole(171)) - a90114fc-3d05-4be9-b0c4-bbf7a7678121:group-AFF8D231C080 changes role from FOLLOWER to CANDIDATE at term 0 for changeToCandidate
2019-07-13 12:27:05,988 INFO  impl.RoleInfo (RoleInfo.java:updateAndGet(143)) - a90114fc-3d05-4be9-b0c4-bbf7a7678121: start LeaderElection
2019-07-13 12:27:05,995 INFO  client.GrpcClientProtocolClient (GrpcClientProtocolClient.java:onNext(255)) - client-6604DE481522->b638f31a-9a55-4e88-8861-54b3556fd9f8: receive RaftClientReply:client-6604DE481522->b638f31a-9a55-4e88-8861-54b3556fd9f8@group-967862A576AC, cid=13, FAILED org.apache.ratis.protocol.NotLeaderException: Server b638f31a-9a55-4e88-8861-54b3556fd9f8 is not the leader (null). Request must be sent to leader., logIndex=0, commits[b638f31a-9a55-4e88-8861-54b3556fd9f8:c-1]
2019-07-13 12:27:06,013 INFO  impl.LeaderElection (LeaderElection.java:askForVotes(181)) - a90114fc-3d05-4be9-b0c4-bbf7a7678121:group-AFF8D231C080:LeaderElection8: begin an election at term 1 for -1: [67ad77ec-e22e-4e21-b0ef-f18c48c00509:192.168.5.181:39367, 944a21aa-092b-4330-b90e-e9bb9a373ad9:192.168.5.181:46458, a90114fc-3d05-4be9-b0c4-bbf7a7678121:192.168.5.181:37954], old=null
2019-07-13 12:27:06,027 INFO  impl.FollowerState (FollowerState.java:run(106)) - 74efef67-ec0e-49fa-8557-a2a89921eea7:group-967862A576AC changes to CANDIDATE, lastRpcTime:5025, electionTimeout:5024ms
2019-07-13 12:27:06,036 INFO  impl.RoleInfo (RoleInfo.java:shutdownFollowerState(121)) - 74efef67-ec0e-49fa-8557-a2a89921eea7: shutdown FollowerState
2019-07-13 12:27:06,037 INFO  impl.RaftServerImpl (RaftServerImpl.java:setRole(171)) - 74efef67-ec0e-49fa-8557-a2a89921eea7:group-967862A576AC changes role from FOLLOWER to CANDIDATE at term 0 for changeToCandidate
2019-07-13 12:27:06,037 INFO  impl.RoleInfo (RoleInfo.java:updateAndGet(143)) - 74efef67-ec0e-49fa-8557-a2a89921eea7: start LeaderElection
2019-07-13 12:27:06,042 INFO  impl.FollowerState (FollowerState.java:run(106)) - b638f31a-9a55-4e88-8861-54b3556fd9f8:group-967862A576AC changes to CANDIDATE, lastRpcTime:5037, electionTimeout:5037ms
2019-07-13 12:27:06,042 INFO  impl.RoleInfo (RoleInfo.java:shutdownFollowerState(121)) - b638f31a-9a55-4e88-8861-54b3556fd9f8: shutdown FollowerState
2019-07-13 12:27:06,042 INFO  impl.RaftServerImpl (RaftServerImpl.java:setRole(171)) - b638f31a-9a55-4e88-8861-54b3556fd9f8:group-967862A576AC changes role from FOLLOWER to CANDIDATE at term 0 for changeToCandidate
2019-07-13 12:27:06,042 INFO  impl.RoleInfo (RoleInfo.java:updateAndGet(143)) - b638f31a-9a55-4e88-8861-54b3556fd9f8: start LeaderElection
2019-07-13 12:27:06,049 INFO  impl.LeaderElection (LeaderElection.java:askForVotes(181)) - 74efef67-ec0e-49fa-8557-a2a89921eea7:group-967862A576AC:LeaderElection9: begin an election at term 1 for -1: [b638f31a-9a55-4e88-8861-54b3556fd9f8:192.168.5.181:32932, 7725a38b-54a6-4df1-a54c-afb4374855be:192.168.5.181:35898, 74efef67-ec0e-49fa-8557-a2a89921eea7:192.168.5.181:33345], old=null
2019-07-13 12:27:06,052 INFO  impl.LeaderElection (LeaderElection.java:askForVotes(181)) - b638f31a-9a55-4e88-8861-54b3556fd9f8:group-967862A576AC:LeaderElection10: begin an election at term 1 for -1: [b638f31a-9a55-4e88-8861-54b3556fd9f8:192.168.5.181:32932, 7725a38b-54a6-4df1-a54c-afb4374855be:192.168.5.181:35898, 74efef67-ec0e-49fa-8557-a2a89921eea7:192.168.5.181:33345], old=null
2019-07-13 12:27:06,055 INFO  impl.FollowerState (FollowerState.java:run(106)) - 7725a38b-54a6-4df1-a54c-afb4374855be:group-967862A576AC changes to CANDIDATE, lastRpcTime:5055, electionTimeout:5054ms
2019-07-13 12:27:06,055 INFO  impl.FollowerState (FollowerState.java:run(106)) - 944a21aa-092b-4330-b90e-e9bb9a373ad9:group-AFF8D231C080 changes to CANDIDATE, lastRpcTime:5167, electionTimeout:5166ms
2019-07-13 12:27:06,055 INFO  impl.RoleInfo (RoleInfo.java:shutdownFollowerState(121)) - 7725a38b-54a6-4df1-a54c-afb4374855be: shutdown FollowerState
2019-07-13 12:27:06,055 INFO  impl.RoleInfo (RoleInfo.java:shutdownFollowerState(121)) - 944a21aa-092b-4330-b90e-e9bb9a373ad9: shutdown FollowerState
2019-07-13 12:27:06,055 INFO  impl.RaftServerImpl (RaftServerImpl.java:setRole(171)) - 7725a38b-54a6-4df1-a54c-afb4374855be:group-967862A576AC changes role from FOLLOWER to CANDIDATE at term 0 for changeToCandidate
2019-07-13 12:27:06,055 INFO  impl.RaftServerImpl (RaftServerImpl.java:setRole(171)) - 944a21aa-092b-4330-b90e-e9bb9a373ad9:group-AFF8D231C080 changes role from FOLLOWER to CANDIDATE at term 0 for changeToCandidate
2019-07-13 12:27:06,055 INFO  impl.RoleInfo (RoleInfo.java:updateAndGet(143)) - 7725a38b-54a6-4df1-a54c-afb4374855be: start LeaderElection
2019-07-13 12:27:06,055 INFO  impl.RoleInfo (RoleInfo.java:updateAndGet(143)) - 944a21aa-092b-4330-b90e-e9bb9a373ad9: start LeaderElection
2019-07-13 12:27:06,079 INFO  impl.LeaderElection (LeaderElection.java:askForVotes(181)) - 944a21aa-092b-4330-b90e-e9bb9a373ad9:group-AFF8D231C080:LeaderElection12: begin an election at term 1 for -1: [67ad77ec-e22e-4e21-b0ef-f18c48c00509:192.168.5.181:39367, 944a21aa-092b-4330-b90e-e9bb9a373ad9:192.168.5.181:46458, a90114fc-3d05-4be9-b0c4-bbf7a7678121:192.168.5.181:37954], old=null
2019-07-13 12:27:06,079 INFO  impl.LeaderElection (LeaderElection.java:askForVotes(181)) - 7725a38b-54a6-4df1-a54c-afb4374855be:group-967862A576AC:LeaderElection11: begin an election at term 1 for -1: [b638f31a-9a55-4e88-8861-54b3556fd9f8:192.168.5.181:32932, 7725a38b-54a6-4df1-a54c-afb4374855be:192.168.5.181:35898, 74efef67-ec0e-49fa-8557-a2a89921eea7:192.168.5.181:33345], old=null
2019-07-13 12:27:06,082 INFO  impl.FollowerState (FollowerState.java:run(106)) - 67ad77ec-e22e-4e21-b0ef-f18c48c00509:group-AFF8D231C080 changes to CANDIDATE, lastRpcTime:5196, electionTimeout:5195ms
2019-07-13 12:27:06,082 INFO  impl.RoleInfo (RoleInfo.java:shutdownFollowerState(121)) - 67ad77ec-e22e-4e21-b0ef-f18c48c00509: shutdown FollowerState
2019-07-13 12:27:06,083 INFO  impl.RaftServerImpl (RaftServerImpl.java:setRole(171)) - 67ad77ec-e22e-4e21-b0ef-f18c48c00509:group-AFF8D231C080 changes role from FOLLOWER to CANDIDATE at term 0 for changeToCandidate
2019-07-13 12:27:06,085 INFO  impl.RoleInfo (RoleInfo.java:updateAndGet(143)) - 67ad77ec-e22e-4e21-b0ef-f18c48c00509: start LeaderElection
2019-07-13 12:27:06,091 INFO  impl.RaftServerImpl (RaftServerImpl.java:setRole(171)) - 67ad77ec-e22e-4e21-b0ef-f18c48c00509:group-AFF8D231C080 changes role from CANDIDATE to FOLLOWER at term 1 for recognizeCandidate:a90114fc-3d05-4be9-b0c4-bbf7a7678121
2019-07-13 12:27:06,092 INFO  impl.RoleInfo (RoleInfo.java:shutdownLeaderElection(134)) - 67ad77ec-e22e-4e21-b0ef-f18c48c00509: shutdown LeaderElection
2019-07-13 12:27:06,094 INFO  impl.RoleInfo (RoleInfo.java:updateAndGet(143)) - 67ad77ec-e22e-4e21-b0ef-f18c48c00509: start FollowerState
2019-07-13 12:27:06,103 INFO  impl.LeaderElection (LeaderElection.java:askForVotes(181)) - 67ad77ec-e22e-4e21-b0ef-f18c48c00509:group-AFF8D231C080:LeaderElection13: begin an election at term 2 for -1: [67ad77ec-e22e-4e21-b0ef-f18c48c00509:192.168.5.181:39367, 944a21aa-092b-4330-b90e-e9bb9a373ad9:192.168.5.181:46458, a90114fc-3d05-4be9-b0c4-bbf7a7678121:192.168.5.181:37954], old=null
2019-07-13 12:27:06,117 INFO  impl.LeaderElection (LeaderElection.java:logAndReturn(56)) - 67ad77ec-e22e-4e21-b0ef-f18c48c00509:group-AFF8D231C080:LeaderElection13: Election REJECTED; received 0 response(s) [] and 0 exception(s); 67ad77ec-e22e-4e21-b0ef-f18c48c00509:t2, leader=null, voted=67ad77ec-e22e-4e21-b0ef-f18c48c00509, raftlog=67ad77ec-e22e-4e21-b0ef-f18c48c00509-SegmentedRaftLog:OPENED:c-1,f-1,i0, conf=-1: [67ad77ec-e22e-4e21-b0ef-f18c48c00509:192.168.5.181:39367, 944a21aa-092b-4330-b90e-e9bb9a373ad9:192.168.5.181:46458, a90114fc-3d05-4be9-b0c4-bbf7a7678121:192.168.5.181:37954], old=null
2019-07-13 12:27:06,122 INFO  impl.LeaderElection (LeaderElection.java:logAndReturn(56)) - a90114fc-3d05-4be9-b0c4-bbf7a7678121:group-AFF8D231C080:LeaderElection8: Election REJECTED; received 2 response(s) [a90114fc-3d05-4be9-b0c4-bbf7a7678121<-67ad77ec-e22e-4e21-b0ef-f18c48c00509#0:FAIL-t1, a90114fc-3d05-4be9-b0c4-bbf7a7678121<-944a21aa-092b-4330-b90e-e9bb9a373ad9#0:FAIL-t1] and 0 exception(s); a90114fc-3d05-4be9-b0c4-bbf7a7678121:t1, leader=null, voted=a90114fc-3d05-4be9-b0c4-bbf7a7678121, raftlog=a90114fc-3d05-4be9-b0c4-bbf7a7678121-SegmentedRaftLog:OPENED:c-1,f-1,i0, conf=-1: [67ad77ec-e22e-4e21-b0ef-f18c48c00509:192.168.5.181:39367, 944a21aa-092b-4330-b90e-e9bb9a373ad9:192.168.5.181:46458, a90114fc-3d05-4be9-b0c4-bbf7a7678121:192.168.5.181:37954], old=null
2019-07-13 12:27:06,122 INFO  impl.RaftServerImpl (RaftServerImpl.java:setRole(171)) - a90114fc-3d05-4be9-b0c4-bbf7a7678121:group-AFF8D231C080 changes role from CANDIDATE to FOLLOWER at term 1 for DISCOVERED_A_NEW_TERM
2019-07-13 12:27:06,122 INFO  impl.RoleInfo (RoleInfo.java:shutdownLeaderElection(134)) - a90114fc-3d05-4be9-b0c4-bbf7a7678121: shutdown LeaderElection
2019-07-13 12:27:06,123 INFO  impl.RoleInfo (RoleInfo.java:updateAndGet(143)) - a90114fc-3d05-4be9-b0c4-bbf7a7678121: start FollowerState
2019-07-13 12:27:06,138 INFO  impl.RaftServerImpl (RaftServerImpl.java:setRole(171)) - a90114fc-3d05-4be9-b0c4-bbf7a7678121:group-AFF8D231C080 changes role from FOLLOWER to FOLLOWER at term 2 for recognizeCandidate:67ad77ec-e22e-4e21-b0ef-f18c48c00509
2019-07-13 12:27:06,141 INFO  impl.RoleInfo (RoleInfo.java:shutdownFollowerState(121)) - a90114fc-3d05-4be9-b0c4-bbf7a7678121: shutdown FollowerState
2019-07-13 12:27:06,141 INFO  impl.RoleInfo (RoleInfo.java:updateAndGet(143)) - a90114fc-3d05-4be9-b0c4-bbf7a7678121: start FollowerState
2019-07-13 12:27:06,141 INFO  impl.FollowerState (FollowerState.java:run(114)) - a90114fc-3d05-4be9-b0c4-bbf7a7678121: FollowerState was interrupted: java.lang.InterruptedException: sleep interrupted
2019-07-13 12:27:06,147 INFO  impl.LeaderElection (LeaderElection.java:logAndReturn(56)) - b638f31a-9a55-4e88-8861-54b3556fd9f8:group-967862A576AC:LeaderElection10: Election REJECTED; received 2 response(s) [b638f31a-9a55-4e88-8861-54b3556fd9f8<-7725a38b-54a6-4df1-a54c-afb4374855be#0:FAIL-t1, b638f31a-9a55-4e88-8861-54b3556fd9f8<-74efef67-ec0e-49fa-8557-a2a89921eea7#0:FAIL-t1] and 0 exception(s); b638f31a-9a55-4e88-8861-54b3556fd9f8:t1, leader=null, voted=b638f31a-9a55-4e88-8861-54b3556fd9f8, raftlog=b638f31a-9a55-4e88-8861-54b3556fd9f8-SegmentedRaftLog:OPENED:c-1,f-1,i0, conf=-1: [b638f31a-9a55-4e88-8861-54b3556fd9f8:192.168.5.181:32932, 7725a38b-54a6-4df1-a54c-afb4374855be:192.168.5.181:35898, 74efef67-ec0e-49fa-8557-a2a89921eea7:192.168.5.181:33345], old=null
2019-07-13 12:27:06,163 INFO  impl.RaftServerImpl (RaftServerImpl.java:setRole(171)) - b638f31a-9a55-4e88-8861-54b3556fd9f8:group-967862A576AC changes role from CANDIDATE to FOLLOWER at term 1 for DISCOVERED_A_NEW_TERM
2019-07-13 12:27:06,169 INFO  impl.RoleInfo (RoleInfo.java:shutdownLeaderElection(134)) - b638f31a-9a55-4e88-8861-54b3556fd9f8: shutdown LeaderElection
2019-07-13 12:27:06,170 INFO  impl.RoleInfo (RoleInfo.java:updateAndGet(143)) - b638f31a-9a55-4e88-8861-54b3556fd9f8: start FollowerState
2019-07-13 12:27:06,170 INFO  impl.LeaderElection (LeaderElection.java:logAndReturn(56)) - 944a21aa-092b-4330-b90e-e9bb9a373ad9:group-AFF8D231C080:LeaderElection12: Election DISCOVERED_A_NEW_TERM; received 1 response(s) [944a21aa-092b-4330-b90e-e9bb9a373ad9<-67ad77ec-e22e-4e21-b0ef-f18c48c00509#0:FAIL-t2] and 0 exception(s); 944a21aa-092b-4330-b90e-e9bb9a373ad9:t1, leader=null, voted=944a21aa-092b-4330-b90e-e9bb9a373ad9, raftlog=944a21aa-092b-4330-b90e-e9bb9a373ad9-SegmentedRaftLog:OPENED:c-1,f-1,i0, conf=-1: [67ad77ec-e22e-4e21-b0ef-f18c48c00509:192.168.5.181:39367, 944a21aa-092b-4330-b90e-e9bb9a373ad9:192.168.5.181:46458, a90114fc-3d05-4be9-b0c4-bbf7a7678121:192.168.5.181:37954], old=null
2019-07-13 12:27:06,172 INFO  impl.RaftServerImpl (RaftServerImpl.java:setRole(171)) - 944a21aa-092b-4330-b90e-e9bb9a373ad9:group-AFF8D231C080 changes role from CANDIDATE to FOLLOWER at term 2 for DISCOVERED_A_NEW_TERM
2019-07-13 12:27:06,173 INFO  impl.RoleInfo (RoleInfo.java:shutdownLeaderElection(134)) - 944a21aa-092b-4330-b90e-e9bb9a373ad9: shutdown LeaderElection
2019-07-13 12:27:06,175 INFO  impl.RoleInfo (RoleInfo.java:updateAndGet(143)) - 944a21aa-092b-4330-b90e-e9bb9a373ad9: start FollowerState
2019-07-13 12:27:06,176 INFO  impl.LeaderElection (LeaderElection.java:logAndReturn(56)) - 74efef67-ec0e-49fa-8557-a2a89921eea7:group-967862A576AC:LeaderElection9: Election REJECTED; received 2 response(s) [74efef67-ec0e-49fa-8557-a2a89921eea7<-b638f31a-9a55-4e88-8861-54b3556fd9f8#0:FAIL-t1, 74efef67-ec0e-49fa-8557-a2a89921eea7<-7725a38b-54a6-4df1-a54c-afb4374855be#0:FAIL-t1] and 0 exception(s); 74efef67-ec0e-49fa-8557-a2a89921eea7:t1, leader=null, voted=74efef67-ec0e-49fa-8557-a2a89921eea7, raftlog=74efef67-ec0e-49fa-8557-a2a89921eea7-SegmentedRaftLog:OPENED:c-1,f-1,i0, conf=-1: [b638f31a-9a55-4e88-8861-54b3556fd9f8:192.168.5.181:32932, 7725a38b-54a6-4df1-a54c-afb4374855be:192.168.5.181:35898, 74efef67-ec0e-49fa-8557-a2a89921eea7:192.168.5.181:33345], old=null
2019-07-13 12:27:06,178 INFO  impl.RaftServerImpl (RaftServerImpl.java:setRole(171)) - 74efef67-ec0e-49fa-8557-a2a89921eea7:group-967862A576AC changes role from CANDIDATE to FOLLOWER at term 1 for DISCOVERED_A_NEW_TERM
2019-07-13 12:27:06,178 INFO  impl.RoleInfo (RoleInfo.java:shutdownLeaderElection(134)) - 74efef67-ec0e-49fa-8557-a2a89921eea7: shutdown LeaderElection
2019-07-13 12:27:06,182 INFO  impl.RoleInfo (RoleInfo.java:updateAndGet(143)) - 74efef67-ec0e-49fa-8557-a2a89921eea7: start FollowerState
2019-07-13 12:27:06,185 INFO  impl.RaftServerImpl (RaftServerImpl.java:setRole(171)) - 944a21aa-092b-4330-b90e-e9bb9a373ad9:group-AFF8D231C080 changes role from FOLLOWER to FOLLOWER at term 2 for recognizeCandidate:67ad77ec-e22e-4e21-b0ef-f18c48c00509
2019-07-13 12:27:06,191 INFO  impl.RoleInfo (RoleInfo.java:shutdownFollowerState(121)) - 944a21aa-092b-4330-b90e-e9bb9a373ad9: shutdown FollowerState
2019-07-13 12:27:06,191 INFO  impl.RoleInfo (RoleInfo.java:updateAndGet(143)) - 944a21aa-092b-4330-b90e-e9bb9a373ad9: start FollowerState
2019-07-13 12:27:06,191 INFO  impl.FollowerState (FollowerState.java:run(114)) - 944a21aa-092b-4330-b90e-e9bb9a373ad9: FollowerState was interrupted: java.lang.InterruptedException: sleep interrupted
2019-07-13 12:27:06,191 INFO  impl.LeaderElection (LeaderElection.java:logAndReturn(56)) - 7725a38b-54a6-4df1-a54c-afb4374855be:group-967862A576AC:LeaderElection11: Election REJECTED; received 2 response(s) [7725a38b-54a6-4df1-a54c-afb4374855be<-b638f31a-9a55-4e88-8861-54b3556fd9f8#0:FAIL-t1, 7725a38b-54a6-4df1-a54c-afb4374855be<-74efef67-ec0e-49fa-8557-a2a89921eea7#0:FAIL-t1] and 0 exception(s); 7725a38b-54a6-4df1-a54c-afb4374855be:t1, leader=null, voted=7725a38b-54a6-4df1-a54c-afb4374855be, raftlog=7725a38b-54a6-4df1-a54c-afb4374855be-SegmentedRaftLog:OPENED:c-1,f-1,i0, conf=-1: [b638f31a-9a55-4e88-8861-54b3556fd9f8:192.168.5.181:32932, 7725a38b-54a6-4df1-a54c-afb4374855be:192.168.5.181:35898, 74efef67-ec0e-49fa-8557-a2a89921eea7:192.168.5.181:33345], old=null
2019-07-13 12:27:06,193 INFO  impl.RaftServerImpl (RaftServerImpl.java:setRole(171)) - 7725a38b-54a6-4df1-a54c-afb4374855be:group-967862A576AC changes role from CANDIDATE to FOLLOWER at term 1 for DISCOVERED_A_NEW_TERM
2019-07-13 12:27:06,193 INFO  impl.RoleInfo (RoleInfo.java:shutdownLeaderElection(134)) - 7725a38b-54a6-4df1-a54c-afb4374855be: shutdown LeaderElection
2019-07-13 12:27:06,193 INFO  impl.RoleInfo (RoleInfo.java:updateAndGet(143)) - 7725a38b-54a6-4df1-a54c-afb4374855be: start FollowerState
2019-07-13 12:27:07,020 INFO  client.GrpcClientProtocolClient (GrpcClientProtocolClient.java:onNext(255)) - client-6604DE481522->74efef67-ec0e-49fa-8557-a2a89921eea7: receive RaftClientReply:client-6604DE481522->74efef67-ec0e-49fa-8557-a2a89921eea7@group-967862A576AC, cid=13, FAILED org.apache.ratis.protocol.NotLeaderException: Server 74efef67-ec0e-49fa-8557-a2a89921eea7 is not the leader (null). Request must be sent to leader., logIndex=0, commits[74efef67-ec0e-49fa-8557-a2a89921eea7:c-1]
2019-07-13 12:27:08,048 INFO  client.GrpcClientProtocolClient (GrpcClientProtocolClient.java:onNext(255)) - client-6604DE481522->b638f31a-9a55-4e88-8861-54b3556fd9f8: receive RaftClientReply:client-6604DE481522->b638f31a-9a55-4e88-8861-54b3556fd9f8@group-967862A576AC, cid=13, FAILED org.apache.ratis.protocol.NotLeaderException: Server b638f31a-9a55-4e88-8861-54b3556fd9f8 is not the leader (null). Request must be sent to leader., logIndex=0, commits[b638f31a-9a55-4e88-8861-54b3556fd9f8:c-1]
2019-07-13 12:27:09,071 INFO  client.GrpcClientProtocolClient (GrpcClientProtocolClient.java:onNext(255)) - client-6604DE481522->74efef67-ec0e-49fa-8557-a2a89921eea7: receive RaftClientReply:client-6604DE481522->74efef67-ec0e-49fa-8557-a2a89921eea7@group-967862A576AC, cid=13, FAILED org.apache.ratis.protocol.NotLeaderException: Server 74efef67-ec0e-49fa-8557-a2a89921eea7 is not the leader (null). Request must be sent to leader., logIndex=0, commits[74efef67-ec0e-49fa-8557-a2a89921eea7:c-1]
2019-07-13 12:27:10,097 INFO  client.GrpcClientProtocolClient (GrpcClientProtocolClient.java:onNext(255)) - client-6604DE481522->b638f31a-9a55-4e88-8861-54b3556fd9f8: receive RaftClientReply:client-6604DE481522->b638f31a-9a55-4e88-8861-54b3556fd9f8@group-967862A576AC, cid=13, FAILED org.apache.ratis.protocol.NotLeaderException: Server b638f31a-9a55-4e88-8861-54b3556fd9f8 is not the leader (null). Request must be sent to leader., logIndex=0, commits[b638f31a-9a55-4e88-8861-54b3556fd9f8:c-1]
2019-07-13 12:27:11,120 INFO  client.GrpcClientProtocolClient (GrpcClientProtocolClient.java:onNext(255)) - client-6604DE481522->74efef67-ec0e-49fa-8557-a2a89921eea7: receive RaftClientReply:client-6604DE481522->74efef67-ec0e-49fa-8557-a2a89921eea7@group-967862A576AC, cid=13, FAILED org.apache.ratis.protocol.NotLeaderException: Server 74efef67-ec0e-49fa-8557-a2a89921eea7 is not the leader (null). Request must be sent to leader., logIndex=0, commits[74efef67-ec0e-49fa-8557-a2a89921eea7:c-1]
2019-07-13 12:27:11,170 INFO  impl.FollowerState (FollowerState.java:run(106)) - 67ad77ec-e22e-4e21-b0ef-f18c48c00509:group-AFF8D231C080 changes to CANDIDATE, lastRpcTime:5075, electionTimeout:5075ms
2019-07-13 12:27:11,170 INFO  impl.RoleInfo (RoleInfo.java:shutdownFollowerState(121)) - 67ad77ec-e22e-4e21-b0ef-f18c48c00509: shutdown FollowerState
2019-07-13 12:27:11,170 INFO  impl.RaftServerImpl (RaftServerImpl.java:setRole(171)) - 67ad77ec-e22e-4e21-b0ef-f18c48c00509:group-AFF8D231C080 changes role from FOLLOWER to CANDIDATE at term 2 for changeToCandidate
2019-07-13 12:27:11,170 INFO  impl.RoleInfo (RoleInfo.java:updateAndGet(143)) - 67ad77ec-e22e-4e21-b0ef-f18c48c00509: start LeaderElection
2019-07-13 12:27:11,185 INFO  impl.LeaderElection (LeaderElection.java:askForVotes(181)) - 67ad77ec-e22e-4e21-b0ef-f18c48c00509:group-AFF8D231C080:LeaderElection14: begin an election at term 3 for -1: [67ad77ec-e22e-4e21-b0ef-f18c48c00509:192.168.5.181:39367, 944a21aa-092b-4330-b90e-e9bb9a373ad9:192.168.5.181:46458, a90114fc-3d05-4be9-b0c4-bbf7a7678121:192.168.5.181:37954], old=null
2019-07-13 12:27:11,194 INFO  impl.RaftServerImpl (RaftServerImpl.java:setRole(171)) - a90114fc-3d05-4be9-b0c4-bbf7a7678121:group-AFF8D231C080 changes role from FOLLOWER to FOLLOWER at term 3 for recognizeCandidate:67ad77ec-e22e-4e21-b0ef-f18c48c00509
2019-07-13 12:27:11,194 INFO  impl.RaftServerImpl (RaftServerImpl.java:setRole(171)) - 944a21aa-092b-4330-b90e-e9bb9a373ad9:group-AFF8D231C080 changes role from FOLLOWER to FOLLOWER at term 3 for recognizeCandidate:67ad77ec-e22e-4e21-b0ef-f18c48c00509
2019-07-13 12:27:11,194 INFO  impl.RoleInfo (RoleInfo.java:shutdownFollowerState(121)) - a90114fc-3d05-4be9-b0c4-bbf7a7678121: shutdown FollowerState
2019-07-13 12:27:11,194 INFO  impl.RoleInfo (RoleInfo.java:shutdownFollowerState(121)) - 944a21aa-092b-4330-b90e-e9bb9a373ad9: shutdown FollowerState
2019-07-13 12:27:11,195 INFO  impl.RoleInfo (RoleInfo.java:updateAndGet(143)) - a90114fc-3d05-4be9-b0c4-bbf7a7678121: start FollowerState
2019-07-13 12:27:11,195 INFO  impl.FollowerState (FollowerState.java:run(114)) - 944a21aa-092b-4330-b90e-e9bb9a373ad9: FollowerState was interrupted: java.lang.InterruptedException: sleep interrupted
2019-07-13 12:27:11,195 INFO  impl.FollowerState (FollowerState.java:run(114)) - a90114fc-3d05-4be9-b0c4-bbf7a7678121: FollowerState was interrupted: java.lang.InterruptedException: sleep interrupted
2019-07-13 12:27:11,195 INFO  impl.RoleInfo (RoleInfo.java:updateAndGet(143)) - 944a21aa-092b-4330-b90e-e9bb9a373ad9: start FollowerState
2019-07-13 12:27:11,215 INFO  impl.LeaderElection (LeaderElection.java:logAndReturn(56)) - 67ad77ec-e22e-4e21-b0ef-f18c48c00509:group-AFF8D231C080:LeaderElection14: Election PASSED; received 1 response(s) [67ad77ec-e22e-4e21-b0ef-f18c48c00509<-a90114fc-3d05-4be9-b0c4-bbf7a7678121#0:OK-t3] and 0 exception(s); 67ad77ec-e22e-4e21-b0ef-f18c48c00509:t3, leader=null, voted=67ad77ec-e22e-4e21-b0ef-f18c48c00509, raftlog=67ad77ec-e22e-4e21-b0ef-f18c48c00509-SegmentedRaftLog:OPENED:c-1,f-1,i0, conf=-1: [67ad77ec-e22e-4e21-b0ef-f18c48c00509:192.168.5.181:39367, 944a21aa-092b-4330-b90e-e9bb9a373ad9:192.168.5.181:46458, a90114fc-3d05-4be9-b0c4-bbf7a7678121:192.168.5.181:37954], old=null
2019-07-13 12:27:11,215 INFO  impl.RoleInfo (RoleInfo.java:shutdownLeaderElection(134)) - 67ad77ec-e22e-4e21-b0ef-f18c48c00509: shutdown LeaderElection
2019-07-13 12:27:11,217 INFO  impl.RaftServerImpl (RaftServerImpl.java:setRole(171)) - 67ad77ec-e22e-4e21-b0ef-f18c48c00509:group-AFF8D231C080 changes role from CANDIDATE to LEADER at term 3 for changeToLeader
2019-07-13 12:27:11,217 INFO  impl.FollowerState (FollowerState.java:run(106)) - 74efef67-ec0e-49fa-8557-a2a89921eea7:group-967862A576AC changes to CANDIDATE, lastRpcTime:5035, electionTimeout:5030ms
2019-07-13 12:27:11,219 INFO  impl.RoleInfo (RoleInfo.java:shutdownFollowerState(121)) - 74efef67-ec0e-49fa-8557-a2a89921eea7: shutdown FollowerState
2019-07-13 12:27:11,217 INFO  impl.RaftServerImpl (ServerState.java:setLeader(263)) - 67ad77ec-e22e-4e21-b0ef-f18c48c00509:group-AFF8D231C080 change Leader from null to 67ad77ec-e22e-4e21-b0ef-f18c48c00509 at term 3 for becomeLeader, leader elected after 10347ms
2019-07-13 12:27:11,219 INFO  impl.RaftServerImpl (RaftServerImpl.java:setRole(171)) - 74efef67-ec0e-49fa-8557-a2a89921eea7:group-967862A576AC changes role from FOLLOWER to CANDIDATE at term 1 for changeToCandidate
2019-07-13 12:27:11,220 INFO  server.RaftServerConfigKeys (ConfUtils.java:logGet(43)) - raft.server.staging.catchup.gap = 1000 (default)
2019-07-13 12:27:11,220 INFO  impl.RoleInfo (RoleInfo.java:updateAndGet(143)) - 74efef67-ec0e-49fa-8557-a2a89921eea7: start LeaderElection
2019-07-13 12:27:11,220 INFO  server.RaftServerConfigKeys (ConfUtils.java:logGet(43)) - raft.server.rpc.sleep.time = 25ms (default)
2019-07-13 12:27:11,220 INFO  server.RaftServerConfigKeys (ConfUtils.java:logGet(43)) - raft.server.write.element-limit = 4096 (default)
2019-07-13 12:27:11,222 INFO  server.RaftServerConfigKeys (ConfUtils.java:logGet(43)) - raft.server.watch.timeout = 10s (default)
2019-07-13 12:27:11,223 INFO  server.RaftServerConfigKeys (ConfUtils.java:logGet(43)) - raft.server.watch.timeout.denomination = 1s (default)
2019-07-13 12:27:11,223 INFO  server.RaftServerConfigKeys (ConfUtils.java:logGet(43)) - raft.server.watch.element-limit = 65536 (default)
2019-07-13 12:27:11,228 INFO  impl.LeaderElection (LeaderElection.java:askForVotes(181)) - 74efef67-ec0e-49fa-8557-a2a89921eea7:group-967862A576AC:LeaderElection15: begin an election at term 2 for -1: [b638f31a-9a55-4e88-8861-54b3556fd9f8:192.168.5.181:32932, 7725a38b-54a6-4df1-a54c-afb4374855be:192.168.5.181:35898, 74efef67-ec0e-49fa-8557-a2a89921eea7:192.168.5.181:33345], old=null
2019-07-13 12:27:11,228 INFO  server.RaftServerConfigKeys (ConfUtils.java:logGet(43)) - raft.server.log.appender.snapshot.chunk.size.max = 16MB (=16777216) (default)
2019-07-13 12:27:11,228 INFO  server.RaftServerConfigKeys (ConfUtils.java:logGet(43)) - raft.server.log.appender.buffer.byte-limit = 33554432 (custom)
2019-07-13 12:27:11,229 INFO  server.RaftServerConfigKeys (ConfUtils.java:logGet(43)) - raft.server.log.appender.buffer.element-limit = 1 (custom)
2019-07-13 12:27:11,245 INFO  impl.RaftServerImpl (RaftServerImpl.java:setRole(171)) - b638f31a-9a55-4e88-8861-54b3556fd9f8:group-967862A576AC changes role from FOLLOWER to FOLLOWER at term 2 for recognizeCandidate:74efef67-ec0e-49fa-8557-a2a89921eea7
2019-07-13 12:27:11,245 INFO  impl.RaftServerImpl (RaftServerImpl.java:setRole(171)) - 7725a38b-54a6-4df1-a54c-afb4374855be:group-967862A576AC changes role from FOLLOWER to FOLLOWER at term 2 for recognizeCandidate:74efef67-ec0e-49fa-8557-a2a89921eea7
2019-07-13 12:27:11,245 INFO  impl.RoleInfo (RoleInfo.java:shutdownFollowerState(121)) - b638f31a-9a55-4e88-8861-54b3556fd9f8: shutdown FollowerState
2019-07-13 12:27:11,248 INFO  impl.RoleInfo (RoleInfo.java:shutdownFollowerState(121)) - 7725a38b-54a6-4df1-a54c-afb4374855be: shutdown FollowerState
2019-07-13 12:27:11,248 INFO  impl.RoleInfo (RoleInfo.java:updateAndGet(143)) - b638f31a-9a55-4e88-8861-54b3556fd9f8: start FollowerState
2019-07-13 12:27:11,248 INFO  impl.FollowerState (FollowerState.java:run(114)) - b638f31a-9a55-4e88-8861-54b3556fd9f8: FollowerState was interrupted: java.lang.InterruptedException: sleep interrupted
2019-07-13 12:27:11,248 INFO  impl.FollowerState (FollowerState.java:run(114)) - 7725a38b-54a6-4df1-a54c-afb4374855be: FollowerState was interrupted: java.lang.InterruptedException: sleep interrupted
2019-07-13 12:27:11,248 INFO  impl.RoleInfo (RoleInfo.java:updateAndGet(143)) - 7725a38b-54a6-4df1-a54c-afb4374855be: start FollowerState
2019-07-13 12:27:11,255 INFO  grpc.GrpcConfigKeys$Server (ConfUtils.java:logGet(43)) - raft.grpc.server.leader.outstanding.appends.max = 128 (default)
2019-07-13 12:27:11,256 INFO  server.RaftServerConfigKeys (ConfUtils.java:logGet(43)) - raft.server.rpc.request.timeout = 3000ms (default)
2019-07-13 12:27:11,256 INFO  server.RaftServerConfigKeys (ConfUtils.java:logGet(43)) - raft.server.log.appender.install.snapshot.enabled = false (custom)
2019-07-13 12:27:11,256 INFO  server.RaftServerConfigKeys (ConfUtils.java:logGet(43)) - raft.server.log.appender.snapshot.chunk.size.max = 16MB (=16777216) (default)
2019-07-13 12:27:11,257 INFO  server.RaftServerConfigKeys (ConfUtils.java:logGet(43)) - raft.server.log.appender.buffer.byte-limit = 33554432 (custom)
2019-07-13 12:27:11,257 INFO  server.RaftServerConfigKeys (ConfUtils.java:logGet(43)) - raft.server.log.appender.buffer.element-limit = 1 (custom)
2019-07-13 12:27:11,257 INFO  grpc.GrpcConfigKeys$Server (ConfUtils.java:logGet(43)) - raft.grpc.server.leader.outstanding.appends.max = 128 (default)
2019-07-13 12:27:11,257 INFO  server.RaftServerConfigKeys (ConfUtils.java:logGet(43)) - raft.server.rpc.request.timeout = 3000ms (default)
2019-07-13 12:27:11,257 INFO  server.RaftServerConfigKeys (ConfUtils.java:logGet(43)) - raft.server.log.appender.install.snapshot.enabled = false (custom)
2019-07-13 12:27:11,259 INFO  impl.RoleInfo (RoleInfo.java:updateAndGet(143)) - 67ad77ec-e22e-4e21-b0ef-f18c48c00509: start LeaderState
2019-07-13 12:27:11,259 INFO  segmented.SegmentedRaftLogWorker (SegmentedRaftLogWorker.java:startLogSegment(380)) - 67ad77ec-e22e-4e21-b0ef-f18c48c00509-SegmentedRaftLogWorker:Storage Directory /tmp/workdir/hadoop-ozone/integration-test/target/test-dir/MiniOzoneClusterImpl-c01b761b-2f67-4822-9581-a12a58f3b363/datanode-4/data/ratis/2f95e7bd-13d8-4d6f-bc14-aff8d231c080: Starting segment from index:0
2019-07-13 12:27:11,260 INFO  impl.RaftServerImpl (ServerState.java:setRaftConf(361)) - 67ad77ec-e22e-4e21-b0ef-f18c48c00509:group-AFF8D231C080 set configuration 0: [67ad77ec-e22e-4e21-b0ef-f18c48c00509:192.168.5.181:39367, 944a21aa-092b-4330-b90e-e9bb9a373ad9:192.168.5.181:46458, a90114fc-3d05-4be9-b0c4-bbf7a7678121:192.168.5.181:37954], old=null at 0
2019-07-13 12:27:11,281 INFO  segmented.SegmentedRaftLogWorker (SegmentedRaftLogWorker.java:execute(569)) - 67ad77ec-e22e-4e21-b0ef-f18c48c00509-SegmentedRaftLogWorker:Storage Directory /tmp/workdir/hadoop-ozone/integration-test/target/test-dir/MiniOzoneClusterImpl-c01b761b-2f67-4822-9581-a12a58f3b363/datanode-4/data/ratis/2f95e7bd-13d8-4d6f-bc14-aff8d231c080: created new log segment /tmp/workdir/hadoop-ozone/integration-test/target/test-dir/MiniOzoneClusterImpl-c01b761b-2f67-4822-9581-a12a58f3b363/datanode-4/data/ratis/2f95e7bd-13d8-4d6f-bc14-aff8d231c080/current/log_inprogress_0
2019-07-13 12:27:11,281 INFO  impl.LeaderElection (LeaderElection.java:logAndReturn(56)) - 74efef67-ec0e-49fa-8557-a2a89921eea7:group-967862A576AC:LeaderElection15: Election PASSED; received 1 response(s) [74efef67-ec0e-49fa-8557-a2a89921eea7<-7725a38b-54a6-4df1-a54c-afb4374855be#0:OK-t2] and 0 exception(s); 74efef67-ec0e-49fa-8557-a2a89921eea7:t2, leader=null, voted=74efef67-ec0e-49fa-8557-a2a89921eea7, raftlog=74efef67-ec0e-49fa-8557-a2a89921eea7-SegmentedRaftLog:OPENED:c-1,f-1,i0, conf=-1: [b638f31a-9a55-4e88-8861-54b3556fd9f8:192.168.5.181:32932, 7725a38b-54a6-4df1-a54c-afb4374855be:192.168.5.181:35898, 74efef67-ec0e-49fa-8557-a2a89921eea7:192.168.5.181:33345], old=null
2019-07-13 12:27:11,281 INFO  impl.RoleInfo (RoleInfo.java:shutdownLeaderElection(134)) - 74efef67-ec0e-49fa-8557-a2a89921eea7: shutdown LeaderElection
2019-07-13 12:27:11,284 INFO  impl.RaftServerImpl (RaftServerImpl.java:setRole(171)) - 74efef67-ec0e-49fa-8557-a2a89921eea7:group-967862A576AC changes role from CANDIDATE to LEADER at term 2 for changeToLeader
2019-07-13 12:27:11,286 INFO  impl.RaftServerImpl (ServerState.java:setLeader(263)) - 74efef67-ec0e-49fa-8557-a2a89921eea7:group-967862A576AC change Leader from null to 74efef67-ec0e-49fa-8557-a2a89921eea7 at term 2 for becomeLeader, leader elected after 10299ms
2019-07-13 12:27:11,286 INFO  server.RaftServerConfigKeys (ConfUtils.java:logGet(43)) - raft.server.staging.catchup.gap = 1000 (default)
2019-07-13 12:27:11,288 INFO  server.RaftServerConfigKeys (ConfUtils.java:logGet(43)) - raft.server.rpc.sleep.time = 25ms (default)
2019-07-13 12:27:11,288 INFO  server.RaftServerConfigKeys (ConfUtils.java:logGet(43)) - raft.server.write.element-limit = 4096 (default)
2019-07-13 12:27:11,289 INFO  server.RaftServerConfigKeys (ConfUtils.java:logGet(43)) - raft.server.watch.timeout = 10s (default)
2019-07-13 12:27:11,289 INFO  server.RaftServerConfigKeys (ConfUtils.java:logGet(43)) - raft.server.watch.timeout.denomination = 1s (default)
2019-07-13 12:27:11,289 INFO  server.RaftServerConfigKeys (ConfUtils.java:logGet(43)) - raft.server.watch.element-limit = 65536 (default)
2019-07-13 12:27:11,289 INFO  server.RaftServerConfigKeys (ConfUtils.java:logGet(43)) - raft.server.log.appender.snapshot.chunk.size.max = 16MB (=16777216) (default)
2019-07-13 12:27:11,290 INFO  server.RaftServerConfigKeys (ConfUtils.java:logGet(43)) - raft.server.log.appender.buffer.byte-limit = 33554432 (custom)
2019-07-13 12:27:11,290 INFO  server.RaftServerConfigKeys (ConfUtils.java:logGet(43)) - raft.server.log.appender.buffer.element-limit = 1 (custom)
2019-07-13 12:27:11,290 INFO  grpc.GrpcConfigKeys$Server (ConfUtils.java:logGet(43)) - raft.grpc.server.leader.outstanding.appends.max = 128 (default)
2019-07-13 12:27:11,290 INFO  server.RaftServerConfigKeys (ConfUtils.java:logGet(43)) - raft.server.rpc.request.timeout = 3000ms (default)
2019-07-13 12:27:11,291 INFO  server.RaftServerConfigKeys (ConfUtils.java:logGet(43)) - raft.server.log.appender.install.snapshot.enabled = false (custom)
2019-07-13 12:27:11,291 INFO  server.RaftServerConfigKeys (ConfUtils.java:logGet(43)) - raft.server.log.appender.snapshot.chunk.size.max = 16MB (=16777216) (default)
2019-07-13 12:27:11,291 INFO  server.RaftServerConfigKeys (ConfUtils.java:logGet(43)) - raft.server.log.appender.buffer.byte-limit = 33554432 (custom)
2019-07-13 12:27:11,291 INFO  server.RaftServerConfigKeys (ConfUtils.java:logGet(43)) - raft.server.log.appender.buffer.element-limit = 1 (custom)
2019-07-13 12:27:11,292 INFO  grpc.GrpcConfigKeys$Server (ConfUtils.java:logGet(43)) - raft.grpc.server.leader.outstanding.appends.max = 128 (default)
2019-07-13 12:27:11,292 INFO  server.RaftServerConfigKeys (ConfUtils.java:logGet(43)) - raft.server.rpc.request.timeout = 3000ms (default)
2019-07-13 12:27:11,292 INFO  server.RaftServerConfigKeys (ConfUtils.java:logGet(43)) - raft.server.log.appender.install.snapshot.enabled = false (custom)
2019-07-13 12:27:11,292 INFO  impl.RoleInfo (RoleInfo.java:updateAndGet(143)) - 74efef67-ec0e-49fa-8557-a2a89921eea7: start LeaderState
2019-07-13 12:27:11,292 INFO  segmented.SegmentedRaftLogWorker (SegmentedRaftLogWorker.java:startLogSegment(380)) - 74efef67-ec0e-49fa-8557-a2a89921eea7-SegmentedRaftLogWorker:Storage Directory /tmp/workdir/hadoop-ozone/integration-test/target/test-dir/MiniOzoneClusterImpl-c01b761b-2f67-4822-9581-a12a58f3b363/datanode-5/data/ratis/1727c8d0-aaf7-4799-b660-967862a576ac: Starting segment from index:0
2019-07-13 12:27:11,293 INFO  impl.RaftServerImpl (ServerState.java:setRaftConf(361)) - 74efef67-ec0e-49fa-8557-a2a89921eea7:group-967862A576AC set configuration 0: [b638f31a-9a55-4e88-8861-54b3556fd9f8:192.168.5.181:32932, 7725a38b-54a6-4df1-a54c-afb4374855be:192.168.5.181:35898, 74efef67-ec0e-49fa-8557-a2a89921eea7:192.168.5.181:33345], old=null at 0
2019-07-13 12:27:11,316 INFO  segmented.SegmentedRaftLogWorker (SegmentedRaftLogWorker.java:execute(569)) - 74efef67-ec0e-49fa-8557-a2a89921eea7-SegmentedRaftLogWorker:Storage Directory /tmp/workdir/hadoop-ozone/integration-test/target/test-dir/MiniOzoneClusterImpl-c01b761b-2f67-4822-9581-a12a58f3b363/datanode-5/data/ratis/1727c8d0-aaf7-4799-b660-967862a576ac: created new log segment /tmp/workdir/hadoop-ozone/integration-test/target/test-dir/MiniOzoneClusterImpl-c01b761b-2f67-4822-9581-a12a58f3b363/datanode-5/data/ratis/1727c8d0-aaf7-4799-b660-967862a576ac/current/log_inprogress_0
2019-07-13 12:27:11,332 INFO  impl.RaftServerImpl (ServerState.java:setLeader(263)) - 944a21aa-092b-4330-b90e-e9bb9a373ad9:group-AFF8D231C080 change Leader from null to 67ad77ec-e22e-4e21-b0ef-f18c48c00509 at term 3 for appendEntries, leader elected after 10462ms
2019-07-13 12:27:11,332 INFO  impl.RaftServerImpl (ServerState.java:setLeader(263)) - b638f31a-9a55-4e88-8861-54b3556fd9f8:group-967862A576AC change Leader from null to 74efef67-ec0e-49fa-8557-a2a89921eea7 at term 2 for appendEntries, leader elected after 10346ms
2019-07-13 12:27:11,332 INFO  impl.RaftServerImpl (ServerState.java:setLeader(263)) - 7725a38b-54a6-4df1-a54c-afb4374855be:group-967862A576AC change Leader from null to 74efef67-ec0e-49fa-8557-a2a89921eea7 at term 2 for appendEntries, leader elected after 10345ms
2019-07-13 12:27:11,332 INFO  impl.RaftServerImpl (ServerState.java:setLeader(263)) - a90114fc-3d05-4be9-b0c4-bbf7a7678121:group-AFF8D231C080 change Leader from null to 67ad77ec-e22e-4e21-b0ef-f18c48c00509 at term 3 for appendEntries, leader elected after 10462ms
2019-07-13 12:27:11,374 INFO  impl.RaftServerImpl (ServerState.java:setRaftConf(361)) - 944a21aa-092b-4330-b90e-e9bb9a373ad9:group-AFF8D231C080 set configuration 0: [67ad77ec-e22e-4e21-b0ef-f18c48c00509:192.168.5.181:39367, 944a21aa-092b-4330-b90e-e9bb9a373ad9:192.168.5.181:46458, a90114fc-3d05-4be9-b0c4-bbf7a7678121:192.168.5.181:37954], old=null at 0
2019-07-13 12:27:11,374 INFO  impl.RaftServerImpl (ServerState.java:setRaftConf(361)) - b638f31a-9a55-4e88-8861-54b3556fd9f8:group-967862A576AC set configuration 0: [b638f31a-9a55-4e88-8861-54b3556fd9f8:192.168.5.181:32932, 7725a38b-54a6-4df1-a54c-afb4374855be:192.168.5.181:35898, 74efef67-ec0e-49fa-8557-a2a89921eea7:192.168.5.181:33345], old=null at 0
2019-07-13 12:27:11,374 INFO  impl.RaftServerImpl (ServerState.java:setRaftConf(361)) - a90114fc-3d05-4be9-b0c4-bbf7a7678121:group-AFF8D231C080 set configuration 0: [67ad77ec-e22e-4e21-b0ef-f18c48c00509:192.168.5.181:39367, 944a21aa-092b-4330-b90e-e9bb9a373ad9:192.168.5.181:46458, a90114fc-3d05-4be9-b0c4-bbf7a7678121:192.168.5.181:37954], old=null at 0
2019-07-13 12:27:11,374 INFO  segmented.SegmentedRaftLogWorker (SegmentedRaftLogWorker.java:startLogSegment(380)) - 944a21aa-092b-4330-b90e-e9bb9a373ad9-SegmentedRaftLogWorker:Storage Directory /tmp/workdir/hadoop-ozone/integration-test/target/test-dir/MiniOzoneClusterImpl-c01b761b-2f67-4822-9581-a12a58f3b363/datanode-0/data/ratis/2f95e7bd-13d8-4d6f-bc14-aff8d231c080: Starting segment from index:0
2019-07-13 12:27:11,374 INFO  impl.RaftServerImpl (ServerState.java:setRaftConf(361)) - 7725a38b-54a6-4df1-a54c-afb4374855be:group-967862A576AC set configuration 0: [b638f31a-9a55-4e88-8861-54b3556fd9f8:192.168.5.181:32932, 7725a38b-54a6-4df1-a54c-afb4374855be:192.168.5.181:35898, 74efef67-ec0e-49fa-8557-a2a89921eea7:192.168.5.181:33345], old=null at 0
2019-07-13 12:27:11,375 INFO  segmented.SegmentedRaftLogWorker (SegmentedRaftLogWorker.java:startLogSegment(380)) - a90114fc-3d05-4be9-b0c4-bbf7a7678121-SegmentedRaftLogWorker:Storage Directory /tmp/workdir/hadoop-ozone/integration-test/target/test-dir/MiniOzoneClusterImpl-c01b761b-2f67-4822-9581-a12a58f3b363/datanode-2/data/ratis/2f95e7bd-13d8-4d6f-bc14-aff8d231c080: Starting segment from index:0
2019-07-13 12:27:11,374 INFO  segmented.SegmentedRaftLogWorker (SegmentedRaftLogWorker.java:startLogSegment(380)) - b638f31a-9a55-4e88-8861-54b3556fd9f8-SegmentedRaftLogWorker:Storage Directory /tmp/workdir/hadoop-ozone/integration-test/target/test-dir/MiniOzoneClusterImpl-c01b761b-2f67-4822-9581-a12a58f3b363/datanode-3/data/ratis/1727c8d0-aaf7-4799-b660-967862a576ac: Starting segment from index:0
2019-07-13 12:27:11,375 INFO  segmented.SegmentedRaftLogWorker (SegmentedRaftLogWorker.java:startLogSegment(380)) - 7725a38b-54a6-4df1-a54c-afb4374855be-SegmentedRaftLogWorker:Storage Directory /tmp/workdir/hadoop-ozone/integration-test/target/test-dir/MiniOzoneClusterImpl-c01b761b-2f67-4822-9581-a12a58f3b363/datanode-6/data/ratis/1727c8d0-aaf7-4799-b660-967862a576ac: Starting segment from index:0
2019-07-13 12:27:11,394 INFO  segmented.SegmentedRaftLogWorker (SegmentedRaftLogWorker.java:execute(569)) - 944a21aa-092b-4330-b90e-e9bb9a373ad9-SegmentedRaftLogWorker:Storage Directory /tmp/workdir/hadoop-ozone/integration-test/target/test-dir/MiniOzoneClusterImpl-c01b761b-2f67-4822-9581-a12a58f3b363/datanode-0/data/ratis/2f95e7bd-13d8-4d6f-bc14-aff8d231c080: created new log segment /tmp/workdir/hadoop-ozone/integration-test/target/test-dir/MiniOzoneClusterImpl-c01b761b-2f67-4822-9581-a12a58f3b363/datanode-0/data/ratis/2f95e7bd-13d8-4d6f-bc14-aff8d231c080/current/log_inprogress_0
2019-07-13 12:27:11,394 INFO  segmented.SegmentedRaftLogWorker (SegmentedRaftLogWorker.java:execute(569)) - a90114fc-3d05-4be9-b0c4-bbf7a7678121-SegmentedRaftLogWorker:Storage Directory /tmp/workdir/hadoop-ozone/integration-test/target/test-dir/MiniOzoneClusterImpl-c01b761b-2f67-4822-9581-a12a58f3b363/datanode-2/data/ratis/2f95e7bd-13d8-4d6f-bc14-aff8d231c080: created new log segment /tmp/workdir/hadoop-ozone/integration-test/target/test-dir/MiniOzoneClusterImpl-c01b761b-2f67-4822-9581-a12a58f3b363/datanode-2/data/ratis/2f95e7bd-13d8-4d6f-bc14-aff8d231c080/current/log_inprogress_0
2019-07-13 12:27:11,394 INFO  segmented.SegmentedRaftLogWorker (SegmentedRaftLogWorker.java:execute(569)) - b638f31a-9a55-4e88-8861-54b3556fd9f8-SegmentedRaftLogWorker:Storage Directory /tmp/workdir/hadoop-ozone/integration-test/target/test-dir/MiniOzoneClusterImpl-c01b761b-2f67-4822-9581-a12a58f3b363/datanode-3/data/ratis/1727c8d0-aaf7-4799-b660-967862a576ac: created new log segment /tmp/workdir/hadoop-ozone/integration-test/target/test-dir/MiniOzoneClusterImpl-c01b761b-2f67-4822-9581-a12a58f3b363/datanode-3/data/ratis/1727c8d0-aaf7-4799-b660-967862a576ac/current/log_inprogress_0
2019-07-13 12:27:11,398 INFO  segmented.SegmentedRaftLogWorker (SegmentedRaftLogWorker.java:execute(569)) - 7725a38b-54a6-4df1-a54c-afb4374855be-SegmentedRaftLogWorker:Storage Directory /tmp/workdir/hadoop-ozone/integration-test/target/test-dir/MiniOzoneClusterImpl-c01b761b-2f67-4822-9581-a12a58f3b363/datanode-6/data/ratis/1727c8d0-aaf7-4799-b660-967862a576ac: created new log segment /tmp/workdir/hadoop-ozone/integration-test/target/test-dir/MiniOzoneClusterImpl-c01b761b-2f67-4822-9581-a12a58f3b363/datanode-6/data/ratis/1727c8d0-aaf7-4799-b660-967862a576ac/current/log_inprogress_0
2019-07-13 12:27:12,143 INFO  client.GrpcClientProtocolClient (GrpcClientProtocolClient.java:onNext(255)) - client-6604DE481522->7725a38b-54a6-4df1-a54c-afb4374855be: receive RaftClientReply:client-6604DE481522->7725a38b-54a6-4df1-a54c-afb4374855be@group-967862A576AC, cid=13, FAILED org.apache.ratis.protocol.NotLeaderException: Server 7725a38b-54a6-4df1-a54c-afb4374855be is not the leader (74efef67-ec0e-49fa-8557-a2a89921eea7:192.168.5.181:33345). Request must be sent to leader., logIndex=0, commits[7725a38b-54a6-4df1-a54c-afb4374855be:c0, b638f31a-9a55-4e88-8861-54b3556fd9f8:c-1, 74efef67-ec0e-49fa-8557-a2a89921eea7:c0]
2019-07-13 12:27:12,392 INFO  client.GrpcClientProtocolClient (GrpcClientProtocolClient.java:onNext(255)) - client-6604DE481522->74efef67-ec0e-49fa-8557-a2a89921eea7: receive RaftClientReply:client-6604DE481522->74efef67-ec0e-49fa-8557-a2a89921eea7@group-967862A576AC, cid=13, SUCCESS, logIndex=1, commits[74efef67-ec0e-49fa-8557-a2a89921eea7:c1, b638f31a-9a55-4e88-8861-54b3556fd9f8:c0, 7725a38b-54a6-4df1-a54c-afb4374855be:c0]
2019-07-13 12:27:12,426 INFO  client.GrpcClientProtocolClient (GrpcClientProtocolClient.java:onNext(255)) - client-6604DE481522->74efef67-ec0e-49fa-8557-a2a89921eea7: receive RaftClientReply:client-6604DE481522->74efef67-ec0e-49fa-8557-a2a89921eea7@group-967862A576AC, cid=14, SUCCESS, logIndex=3, commits[74efef67-ec0e-49fa-8557-a2a89921eea7:c3, b638f31a-9a55-4e88-8861-54b3556fd9f8:c2, 7725a38b-54a6-4df1-a54c-afb4374855be:c2]
2019-07-13 12:27:12,548 INFO  client.GrpcClientProtocolClient (GrpcClientProtocolClient.java:onNext(255)) - client-6604DE481522->74efef67-ec0e-49fa-8557-a2a89921eea7: receive RaftClientReply:client-6604DE481522->74efef67-ec0e-49fa-8557-a2a89921eea7@group-967862A576AC, cid=15, SUCCESS, logIndex=5, commits[74efef67-ec0e-49fa-8557-a2a89921eea7:c12, b638f31a-9a55-4e88-8861-54b3556fd9f8:c8, 7725a38b-54a6-4df1-a54c-afb4374855be:c8]
2019-07-13 12:27:12,553 INFO  client.GrpcClientProtocolClient (GrpcClientProtocolClient.java:onNext(255)) - client-6604DE481522->74efef67-ec0e-49fa-8557-a2a89921eea7: receive RaftClientReply:client-6604DE481522->74efef67-ec0e-49fa-8557-a2a89921eea7@group-967862A576AC, cid=16, SUCCESS, logIndex=6, commits[74efef67-ec0e-49fa-8557-a2a89921eea7:c12, b638f31a-9a55-4e88-8861-54b3556fd9f8:c8, 7725a38b-54a6-4df1-a54c-afb4374855be:c8]
2019-07-13 12:27:12,554 INFO  client.GrpcClientProtocolClient (GrpcClientProtocolClient.java:onNext(255)) - client-6604DE481522->74efef67-ec0e-49fa-8557-a2a89921eea7: receive RaftClientReply:client-6604DE481522->74efef67-ec0e-49fa-8557-a2a89921eea7@group-967862A576AC, cid=17, SUCCESS, logIndex=7, commits[74efef67-ec0e-49fa-8557-a2a89921eea7:c12, b638f31a-9a55-4e88-8861-54b3556fd9f8:c8, 7725a38b-54a6-4df1-a54c-afb4374855be:c8]
2019-07-13 12:27:12,555 INFO  client.GrpcClientProtocolClient (GrpcClientProtocolClient.java:onNext(255)) - client-6604DE481522->74efef67-ec0e-49fa-8557-a2a89921eea7: receive RaftClientReply:client-6604DE481522->74efef67-ec0e-49fa-8557-a2a89921eea7@group-967862A576AC, cid=18, SUCCESS, logIndex=8, commits[74efef67-ec0e-49fa-8557-a2a89921eea7:c12, b638f31a-9a55-4e88-8861-54b3556fd9f8:c8, 7725a38b-54a6-4df1-a54c-afb4374855be:c8]
2019-07-13 12:27:12,593 INFO  client.GrpcClientProtocolClient (GrpcClientProtocolClient.java:onNext(255)) - client-6604DE481522->74efef67-ec0e-49fa-8557-a2a89921eea7: receive RaftClientReply:client-6604DE481522->74efef67-ec0e-49fa-8557-a2a89921eea7@group-967862A576AC, cid=19, SUCCESS, logIndex=13, commits[74efef67-ec0e-49fa-8557-a2a89921eea7:c14, b638f31a-9a55-4e88-8861-54b3556fd9f8:c12, 7725a38b-54a6-4df1-a54c-afb4374855be:c12]
2019-07-13 12:27:12,594 INFO  client.GrpcClientProtocolClient (GrpcClientProtocolClient.java:onNext(255)) - client-6604DE481522->74efef67-ec0e-49fa-8557-a2a89921eea7: receive RaftClientReply:client-6604DE481522->74efef67-ec0e-49fa-8557-a2a89921eea7@group-967862A576AC, cid=20, SUCCESS, logIndex=14, commits[74efef67-ec0e-49fa-8557-a2a89921eea7:c14, b638f31a-9a55-4e88-8861-54b3556fd9f8:c12, 7725a38b-54a6-4df1-a54c-afb4374855be:c12]
2019-07-13 12:27:12,642 INFO  client.GrpcClientProtocolClient (GrpcClientProtocolClient.java:onNext(255)) - client-6604DE481522->74efef67-ec0e-49fa-8557-a2a89921eea7: receive RaftClientReply:client-6604DE481522->74efef67-ec0e-49fa-8557-a2a89921eea7@group-967862A576AC, cid=21, SUCCESS, logIndex=0, commits[74efef67-ec0e-49fa-8557-a2a89921eea7:c16, b638f31a-9a55-4e88-8861-54b3556fd9f8:c14, 7725a38b-54a6-4df1-a54c-afb4374855be:c14]
2019-07-13 12:27:12,643 INFO  datanode.ObjectStoreHandler (ObjectStoreHandler.java:close(155)) - Closing ObjectStoreHandler.
2019-07-13 12:27:12,645 INFO  ozone.HddsDatanodeService (HddsDatanodeService.java:stop(452)) - Stopped plug-in org.apache.hadoop.ozone.web.OzoneHddsDatanodeService@7d25913
2019-07-13 12:27:13,286 INFO  statemachine.DatanodeStateMachine (DatanodeStateMachine.java:lambda$startDaemon$0(350)) - Ozone container server started.
2019-07-13 12:27:17,399 INFO  node.StaleNodeHandler (StaleNodeHandler.java:onMessage(58)) - Datanode 74efef67-ec0e-49fa-8557-a2a89921eea7{ip: 192.168.5.181, host: trunk-nightly-q2gwj-1111726333, networkLocation: /default-rack, certSerialId: null} moved to stale state. Finalizing its pipelines [PipelineID=1727c8d0-aaf7-4799-b660-967862a576ac, PipelineID=ace2eaeb-d448-408f-a5ab-a471bf323a6c]
2019-07-13 12:27:17,399 INFO  pipeline.SCMPipelineManager (SCMPipelineManager.java:finalizeAndDestroyPipeline(309)) - destroying pipeline:Pipeline[ Id: 1727c8d0-aaf7-4799-b660-967862a576ac, Nodes: 74efef67-ec0e-49fa-8557-a2a89921eea7{ip: 192.168.5.181, host: trunk-nightly-q2gwj-1111726333, networkLocation: /default-rack, certSerialId: null}7725a38b-54a6-4df1-a54c-afb4374855be{ip: 192.168.5.181, host: trunk-nightly-q2gwj-1111726333, networkLocation: /default-rack, certSerialId: null}b638f31a-9a55-4e88-8861-54b3556fd9f8{ip: 192.168.5.181, host: trunk-nightly-q2gwj-1111726333, networkLocation: /default-rack, certSerialId: null}, Type:RATIS, Factor:THREE, State:OPEN]
2019-07-13 12:27:17,401 INFO  pipeline.PipelineStateManager (PipelineStateManager.java:finalizePipeline(123)) - Pipeline Pipeline[ Id: 1727c8d0-aaf7-4799-b660-967862a576ac, Nodes: 74efef67-ec0e-49fa-8557-a2a89921eea7{ip: 192.168.5.181, host: trunk-nightly-q2gwj-1111726333, networkLocation: /default-rack, certSerialId: null}7725a38b-54a6-4df1-a54c-afb4374855be{ip: 192.168.5.181, host: trunk-nightly-q2gwj-1111726333, networkLocation: /default-rack, certSerialId: null}b638f31a-9a55-4e88-8861-54b3556fd9f8{ip: 192.168.5.181, host: trunk-nightly-q2gwj-1111726333, networkLocation: /default-rack, certSerialId: null}, Type:RATIS, Factor:THREE, State:CLOSED] moved to CLOSED state
2019-07-13 12:27:17,402 INFO  container.CloseContainerEventHandler (CloseContainerEventHandler.java:onMessage(61)) - Close container Event triggered for container : #1
2019-07-13 12:27:17,405 INFO  pipeline.SCMPipelineManager (SCMPipelineManager.java:finalizeAndDestroyPipeline(309)) - destroying pipeline:Pipeline[ Id: ace2eaeb-d448-408f-a5ab-a471bf323a6c, Nodes: 74efef67-ec0e-49fa-8557-a2a89921eea7{ip: 192.168.5.181, host: trunk-nightly-q2gwj-1111726333, networkLocation: /default-rack, certSerialId: null}, Type:RATIS, Factor:ONE, State:OPEN]
2019-07-13 12:27:17,408 INFO  pipeline.PipelineStateManager (PipelineStateManager.java:finalizePipeline(123)) - Pipeline Pipeline[ Id: ace2eaeb-d448-408f-a5ab-a471bf323a6c, Nodes: 74efef67-ec0e-49fa-8557-a2a89921eea7{ip: 192.168.5.181, host: trunk-nightly-q2gwj-1111726333, networkLocation: /default-rack, certSerialId: null}, Type:RATIS, Factor:ONE, State:CLOSED] moved to CLOSED state
2019-07-13 12:27:17,647 INFO  ozoneimpl.OzoneContainer (OzoneContainer.java:stop(199)) - Attempting to stop container services.
2019-07-13 12:27:17,648 INFO  impl.RaftServerProxy (RaftServerProxy.java:lambda$close$4(314)) - 74efef67-ec0e-49fa-8557-a2a89921eea7: close
2019-07-13 12:27:17,650 INFO  impl.RaftServerImpl (RaftServerImpl.java:lambda$shutdown$3(245)) - 74efef67-ec0e-49fa-8557-a2a89921eea7: shutdown group-967862A576AC
2019-07-13 12:27:17,651 INFO  util.JmxRegister (JmxRegister.java:unregister(73)) - Successfully un-registered JMX Bean with object name Ratis:service=RaftServer,group=group-967862A576AC,id=74efef67-ec0e-49fa-8557-a2a89921eea7
2019-07-13 12:27:17,651 INFO  impl.RoleInfo (RoleInfo.java:shutdownLeaderState(104)) - 74efef67-ec0e-49fa-8557-a2a89921eea7: shutdown LeaderState
2019-07-13 12:27:17,657 INFO  impl.PendingRequests (PendingRequests.java:sendNotLeaderResponses(202)) - 74efef67-ec0e-49fa-8557-a2a89921eea7-PendingRequests: sendNotLeaderResponses
2019-07-13 12:27:17,657 WARN  server.GrpcLogAppender (GrpcLogAppender.java:mayWait(143)) - GrpcLogAppender(74efef67-ec0e-49fa-8557-a2a89921eea7->b638f31a-9a55-4e88-8861-54b3556fd9f8): Wait interrupted by java.lang.InterruptedException
2019-07-13 12:27:17,657 WARN  server.GrpcLogAppender (GrpcLogAppender.java:mayWait(143)) - GrpcLogAppender(74efef67-ec0e-49fa-8557-a2a89921eea7->7725a38b-54a6-4df1-a54c-afb4374855be): Wait interrupted by java.lang.InterruptedException
2019-07-13 12:27:17,666 INFO  server.GrpcServerProtocolService (GrpcServerProtocolService.java:onCompleted(104)) - b638f31a-9a55-4e88-8861-54b3556fd9f8: appendEntries completed
2019-07-13 12:27:17,666 INFO  server.GrpcServerProtocolService (GrpcServerProtocolService.java:onCompleted(104)) - 7725a38b-54a6-4df1-a54c-afb4374855be: appendEntries completed
2019-07-13 12:27:17,669 INFO  server.GrpcLogAppender (GrpcLogAppender.java:onCompleted(292)) - 74efef67-ec0e-49fa-8557-a2a89921eea7->b638f31a-9a55-4e88-8861-54b3556fd9f8: follower responses appendEntries COMPLETED
2019-07-13 12:27:17,669 INFO  server.GrpcLogAppender (GrpcLogAppender.java:onCompleted(292)) - 74efef67-ec0e-49fa-8557-a2a89921eea7->7725a38b-54a6-4df1-a54c-afb4374855be: follower responses appendEntries COMPLETED
2019-07-13 12:27:17,675 INFO  impl.FollowerInfo (FollowerInfo.java:lambda$new$0(50)) - 74efef67-ec0e-49fa-8557-a2a89921eea7->b638f31a-9a55-4e88-8861-54b3556fd9f8: nextIndex: updateUnconditionally 17 -> 16
2019-07-13 12:27:17,675 INFO  impl.FollowerInfo (FollowerInfo.java:lambda$new$0(50)) - 74efef67-ec0e-49fa-8557-a2a89921eea7->7725a38b-54a6-4df1-a54c-afb4374855be: nextIndex: updateUnconditionally 17 -> 16
2019-07-13 12:27:17,682 INFO  impl.StateMachineUpdater (StateMachineUpdater.java:stopAndJoin(115)) - StateMachineUpdater:74efef67-ec0e-49fa-8557-a2a89921eea7:group-967862A576AC: set stopIndex = 16
2019-07-13 12:27:17,682 INFO  ratis.ContainerStateMachine (ContainerStateMachine.java:takeSnapshot(246)) - Taking snapshot at termIndex:(t:2, i:14)
2019-07-13 12:27:17,682 INFO  ratis.ContainerStateMachine (ContainerStateMachine.java:takeSnapshot(250)) - Taking a snapshot to file /tmp/workdir/hadoop-ozone/integration-test/target/test-dir/MiniOzoneClusterImpl-c01b761b-2f67-4822-9581-a12a58f3b363/datanode-5/data/ratis/1727c8d0-aaf7-4799-b660-967862a576ac/sm/snapshot.2_14
2019-07-13 12:27:17,696 INFO  impl.StateMachineUpdater (StateMachineUpdater.java:takeSnapshot(242)) - StateMachineUpdater:74efef67-ec0e-49fa-8557-a2a89921eea7:group-967862A576AC: Took a snapshot at index 14
2019-07-13 12:27:17,698 INFO  impl.StateMachineUpdater (StateMachineUpdater.java:lambda$new$0(80)) - StateMachineUpdater:74efef67-ec0e-49fa-8557-a2a89921eea7:group-967862A576AC: snapshotIndex: updateIncreasingly -1 -> 14
2019-07-13 12:27:17,703 INFO  impl.RaftServerImpl (ServerState.java:close(394)) - 74efef67-ec0e-49fa-8557-a2a89921eea7:group-967862A576AC closes. The last applied log index is 16
2019-07-13 12:27:17,706 INFO  segmented.SegmentedRaftLogWorker (SegmentedRaftLogWorker.java:run(313)) - 74efef67-ec0e-49fa-8557-a2a89921eea7-SegmentedRaftLogWorker:Storage Directory /tmp/workdir/hadoop-ozone/integration-test/target/test-dir/MiniOzoneClusterImpl-c01b761b-2f67-4822-9581-a12a58f3b363/datanode-5/data/ratis/1727c8d0-aaf7-4799-b660-967862a576ac was interrupted, exiting. There are 0 tasks remaining in the queue.
2019-07-13 12:27:17,709 INFO  segmented.SegmentedRaftLogWorker (SegmentedRaftLogWorker.java:close(228)) - 74efef67-ec0e-49fa-8557-a2a89921eea7-SegmentedRaftLogWorker:Storage Directory /tmp/workdir/hadoop-ozone/integration-test/target/test-dir/MiniOzoneClusterImpl-c01b761b-2f67-4822-9581-a12a58f3b363/datanode-5/data/ratis/1727c8d0-aaf7-4799-b660-967862a576ac close()
2019-07-13 12:27:17,713 INFO  impl.RaftServerImpl (RaftServerImpl.java:lambda$shutdown$3(245)) - 74efef67-ec0e-49fa-8557-a2a89921eea7: shutdown group-A471BF323A6C
2019-07-13 12:27:17,713 INFO  util.JmxRegister (JmxRegister.java:unregister(73)) - Successfully un-registered JMX Bean with object name Ratis:service=RaftServer,group=group-A471BF323A6C,id=74efef67-ec0e-49fa-8557-a2a89921eea7
2019-07-13 12:27:17,714 INFO  impl.RoleInfo (RoleInfo.java:shutdownLeaderState(104)) - 74efef67-ec0e-49fa-8557-a2a89921eea7: shutdown LeaderState
2019-07-13 12:27:17,714 INFO  impl.PendingRequests (PendingRequests.java:sendNotLeaderResponses(202)) - 74efef67-ec0e-49fa-8557-a2a89921eea7-PendingRequests: sendNotLeaderResponses
2019-07-13 12:27:17,715 INFO  impl.StateMachineUpdater (StateMachineUpdater.java:stopAndJoin(115)) - StateMachineUpdater:74efef67-ec0e-49fa-8557-a2a89921eea7:group-A471BF323A6C: set stopIndex = 0
2019-07-13 12:27:17,715 INFO  ratis.ContainerStateMachine (ContainerStateMachine.java:takeSnapshot(246)) - Taking snapshot at termIndex:(t:0, i:~)
2019-07-13 12:27:17,715 INFO  impl.RaftServerImpl (ServerState.java:close(394)) - 74efef67-ec0e-49fa-8557-a2a89921eea7:group-A471BF323A6C closes. The last applied log index is 0
2019-07-13 12:27:17,716 INFO  segmented.SegmentedRaftLogWorker (SegmentedRaftLogWorker.java:run(313)) - 74efef67-ec0e-49fa-8557-a2a89921eea7-SegmentedRaftLogWorker:Storage Directory /tmp/workdir/hadoop-ozone/integration-test/target/test-dir/MiniOzoneClusterImpl-c01b761b-2f67-4822-9581-a12a58f3b363/datanode-5/data/ratis/ace2eaeb-d448-408f-a5ab-a471bf323a6c was interrupted, exiting. There are 0 tasks remaining in the queue.
2019-07-13 12:27:17,718 INFO  segmented.SegmentedRaftLogWorker (SegmentedRaftLogWorker.java:close(228)) - 74efef67-ec0e-49fa-8557-a2a89921eea7-SegmentedRaftLogWorker:Storage Directory /tmp/workdir/hadoop-ozone/integration-test/target/test-dir/MiniOzoneClusterImpl-c01b761b-2f67-4822-9581-a12a58f3b363/datanode-5/data/ratis/ace2eaeb-d448-408f-a5ab-a471bf323a6c close()
2019-07-13 12:27:17,723 INFO  server.GrpcService (GrpcService.java:closeImpl(155)) - 74efef67-ec0e-49fa-8557-a2a89921eea7: shutdown server with port 33345 now
2019-07-13 12:27:17,728 INFO  server.GrpcService (GrpcService.java:closeImpl(163)) - 74efef67-ec0e-49fa-8557-a2a89921eea7: shutdown server with port 33345 successfully
2019-07-13 12:27:17,728 WARN  client.GrpcClientProtocolService (LogUtils.java:warn(134)) - 6-UnorderedRequestStreamObserver6: onError: org.apache.ratis.thirdparty.io.grpc.StatusRuntimeException: CANCELLED: cancelled before receiving half close
2019-07-13 12:27:17,731 INFO  utils.BackgroundService (BackgroundService.java:shutdown(148)) - Shutting down service BlockDeletingService
2019-07-13 12:27:17,734 WARN  fs.CachingGetSpaceUsed (CachingGetSpaceUsed.java:run(183)) - Thread Interrupted waiting to refresh disk information: sleep interrupted
2019-07-13 12:27:17,759 INFO  statemachine.DatanodeStateMachine (DatanodeStateMachine.java:stopDaemon(395)) - Ozone container server stopped.
2019-07-13 12:27:17,762 INFO  handler.ContextHandler (ContextHandler.java:doStop(910)) - Stopped o.e.j.w.WebAppContext@40c8067{/,null,UNAVAILABLE}{/hddsDatanode}
2019-07-13 12:27:17,769 INFO  server.AbstractConnector (AbstractConnector.java:doStop(318)) - Stopped ServerConnector@46bb0bdf{HTTP/1.1,[http/1.1]}{0.0.0.0:0}
2019-07-13 12:27:17,769 INFO  handler.ContextHandler (ContextHandler.java:doStop(910)) - Stopped o.e.j.s.ServletContextHandler@6885ed19{/static,jar:file:/home/user/.m2/repository/org/apache/hadoop/hadoop-hdds-container-service/0.5.0-SNAPSHOT/hadoop-hdds-container-service-0.5.0-SNAPSHOT.jar!/webapps/static,UNAVAILABLE}
2019-07-13 12:27:17,770 INFO  handler.ContextHandler (ContextHandler.java:doStop(910)) - Stopped o.e.j.s.ServletContextHandler@545d2560{/logs,file:///tmp/workdir/hadoop-ozone/integration-test/target/log,UNAVAILABLE}
2019-07-13 12:27:17,771 INFO  datanode.ObjectStoreHandler (ObjectStoreHandler.java:close(155)) - Closing ObjectStoreHandler.
2019-07-13 12:27:17,772 INFO  ozone.HddsDatanodeService (HddsDatanodeService.java:stop(452)) - Stopped plug-in org.apache.hadoop.ozone.web.OzoneHddsDatanodeService@112c2930
2019-07-13 12:27:18,353 INFO  statemachine.DatanodeStateMachine (DatanodeStateMachine.java:lambda$startDaemon$0(350)) - Ozone container server started.
2019-07-13 12:27:22,408 INFO  node.StaleNodeHandler (StaleNodeHandler.java:onMessage(58)) - Datanode 7725a38b-54a6-4df1-a54c-afb4374855be{ip: 192.168.5.181, host: trunk-nightly-q2gwj-1111726333, networkLocation: /default-rack, certSerialId: null} moved to stale state. Finalizing its pipelines [PipelineID=03c33dbf-9563-4f46-b21a-300526fed910, PipelineID=1727c8d0-aaf7-4799-b660-967862a576ac]
2019-07-13 12:27:22,408 INFO  pipeline.SCMPipelineManager (SCMPipelineManager.java:finalizeAndDestroyPipeline(309)) - destroying pipeline:Pipeline[ Id: 03c33dbf-9563-4f46-b21a-300526fed910, Nodes: 7725a38b-54a6-4df1-a54c-afb4374855be{ip: 192.168.5.181, host: trunk-nightly-q2gwj-1111726333, networkLocation: /default-rack, certSerialId: null}, Type:RATIS, Factor:ONE, State:OPEN]
2019-07-13 12:27:22,409 INFO  pipeline.PipelineStateManager (PipelineStateManager.java:finalizePipeline(123)) - Pipeline Pipeline[ Id: 03c33dbf-9563-4f46-b21a-300526fed910, Nodes: 7725a38b-54a6-4df1-a54c-afb4374855be{ip: 192.168.5.181, host: trunk-nightly-q2gwj-1111726333, networkLocation: /default-rack, certSerialId: null}, Type:RATIS, Factor:ONE, State:CLOSED] moved to CLOSED state
2019-07-13 12:27:22,409 INFO  pipeline.SCMPipelineManager (SCMPipelineManager.java:finalizeAndDestroyPipeline(309)) - destroying pipeline:Pipeline[ Id: 1727c8d0-aaf7-4799-b660-967862a576ac, Nodes: 74efef67-ec0e-49fa-8557-a2a89921eea7{ip: 192.168.5.181, host: trunk-nightly-q2gwj-1111726333, networkLocation: /default-rack, certSerialId: null}7725a38b-54a6-4df1-a54c-afb4374855be{ip: 192.168.5.181, host: trunk-nightly-q2gwj-1111726333, networkLocation: /default-rack, certSerialId: null}b638f31a-9a55-4e88-8861-54b3556fd9f8{ip: 192.168.5.181, host: trunk-nightly-q2gwj-1111726333, networkLocation: /default-rack, certSerialId: null}, Type:RATIS, Factor:THREE, State:CLOSED]
2019-07-13 12:27:22,773 INFO  ozoneimpl.OzoneContainer (OzoneContainer.java:stop(199)) - Attempting to stop container services.
2019-07-13 12:27:22,774 INFO  impl.RaftServerProxy (RaftServerProxy.java:lambda$close$4(314)) - 7725a38b-54a6-4df1-a54c-afb4374855be: close
2019-07-13 12:27:22,774 INFO  impl.RaftServerImpl (RaftServerImpl.java:lambda$shutdown$3(245)) - 7725a38b-54a6-4df1-a54c-afb4374855be: shutdown group-300526FED910
2019-07-13 12:27:22,775 INFO  util.JmxRegister (JmxRegister.java:unregister(73)) - Successfully un-registered JMX Bean with object name Ratis:service=RaftServer,group=group-300526FED910,id=7725a38b-54a6-4df1-a54c-afb4374855be
2019-07-13 12:27:22,775 INFO  impl.RoleInfo (RoleInfo.java:shutdownLeaderState(104)) - 7725a38b-54a6-4df1-a54c-afb4374855be: shutdown LeaderState
2019-07-13 12:27:22,776 INFO  impl.PendingRequests (PendingRequests.java:sendNotLeaderResponses(202)) - 7725a38b-54a6-4df1-a54c-afb4374855be-PendingRequests: sendNotLeaderResponses
2019-07-13 12:27:22,776 INFO  impl.StateMachineUpdater (StateMachineUpdater.java:stopAndJoin(115)) - StateMachineUpdater:7725a38b-54a6-4df1-a54c-afb4374855be:group-300526FED910: set stopIndex = 0
2019-07-13 12:27:22,776 INFO  ratis.ContainerStateMachine (ContainerStateMachine.java:takeSnapshot(246)) - Taking snapshot at termIndex:(t:0, i:~)
2019-07-13 12:27:22,780 INFO  impl.RaftServerImpl (ServerState.java:close(394)) - 7725a38b-54a6-4df1-a54c-afb4374855be:group-300526FED910 closes. The last applied log index is 0
2019-07-13 12:27:22,781 INFO  segmented.SegmentedRaftLogWorker (SegmentedRaftLogWorker.java:run(313)) - 7725a38b-54a6-4df1-a54c-afb4374855be-SegmentedRaftLogWorker:Storage Directory /tmp/workdir/hadoop-ozone/integration-test/target/test-dir/MiniOzoneClusterImpl-c01b761b-2f67-4822-9581-a12a58f3b363/datanode-6/data/ratis/03c33dbf-9563-4f46-b21a-300526fed910 was interrupted, exiting. There are 0 tasks remaining in the queue.
2019-07-13 12:27:22,783 INFO  segmented.SegmentedRaftLogWorker (SegmentedRaftLogWorker.java:close(228)) - 7725a38b-54a6-4df1-a54c-afb4374855be-SegmentedRaftLogWorker:Storage Directory /tmp/workdir/hadoop-ozone/integration-test/target/test-dir/MiniOzoneClusterImpl-c01b761b-2f67-4822-9581-a12a58f3b363/datanode-6/data/ratis/03c33dbf-9563-4f46-b21a-300526fed910 close()
2019-07-13 12:27:22,787 INFO  impl.RaftServerImpl (RaftServerImpl.java:lambda$shutdown$3(245)) - 7725a38b-54a6-4df1-a54c-afb4374855be: shutdown group-967862A576AC
2019-07-13 12:27:22,788 INFO  util.JmxRegister (JmxRegister.java:unregister(73)) - Successfully un-registered JMX Bean with object name Ratis:service=RaftServer,group=group-967862A576AC,id=7725a38b-54a6-4df1-a54c-afb4374855be
2019-07-13 12:27:22,788 INFO  impl.RoleInfo (RoleInfo.java:shutdownFollowerState(121)) - 7725a38b-54a6-4df1-a54c-afb4374855be: shutdown FollowerState
2019-07-13 12:27:22,789 INFO  impl.StateMachineUpdater (StateMachineUpdater.java:stopAndJoin(115)) - StateMachineUpdater:7725a38b-54a6-4df1-a54c-afb4374855be:group-967862A576AC: set stopIndex = 16
2019-07-13 12:27:22,789 INFO  ratis.ContainerStateMachine (ContainerStateMachine.java:takeSnapshot(246)) - Taking snapshot at termIndex:(t:2, i:14)
2019-07-13 12:27:22,789 INFO  impl.FollowerState (FollowerState.java:run(114)) - 7725a38b-54a6-4df1-a54c-afb4374855be: FollowerState was interrupted: java.lang.InterruptedException: sleep interrupted
2019-07-13 12:27:22,789 INFO  ratis.ContainerStateMachine (ContainerStateMachine.java:takeSnapshot(250)) - Taking a snapshot to file /tmp/workdir/hadoop-ozone/integration-test/target/test-dir/MiniOzoneClusterImpl-c01b761b-2f67-4822-9581-a12a58f3b363/datanode-6/data/ratis/1727c8d0-aaf7-4799-b660-967862a576ac/sm/snapshot.2_14
2019-07-13 12:27:22,794 INFO  impl.StateMachineUpdater (StateMachineUpdater.java:takeSnapshot(242)) - StateMachineUpdater:7725a38b-54a6-4df1-a54c-afb4374855be:group-967862A576AC: Took a snapshot at index 14
2019-07-13 12:27:22,794 INFO  impl.StateMachineUpdater (StateMachineUpdater.java:lambda$new$0(80)) - StateMachineUpdater:7725a38b-54a6-4df1-a54c-afb4374855be:group-967862A576AC: snapshotIndex: updateIncreasingly -1 -> 14
2019-07-13 12:27:22,795 INFO  impl.RaftServerImpl (ServerState.java:close(394)) - 7725a38b-54a6-4df1-a54c-afb4374855be:group-967862A576AC closes. The last applied log index is 16
2019-07-13 12:27:22,795 INFO  segmented.SegmentedRaftLogWorker (SegmentedRaftLogWorker.java:run(313)) - 7725a38b-54a6-4df1-a54c-afb4374855be-SegmentedRaftLogWorker:Storage Directory /tmp/workdir/hadoop-ozone/integration-test/target/test-dir/MiniOzoneClusterImpl-c01b761b-2f67-4822-9581-a12a58f3b363/datanode-6/data/ratis/1727c8d0-aaf7-4799-b660-967862a576ac was interrupted, exiting. There are 0 tasks remaining in the queue.
2019-07-13 12:27:22,797 INFO  segmented.SegmentedRaftLogWorker (SegmentedRaftLogWorker.java:close(228)) - 7725a38b-54a6-4df1-a54c-afb4374855be-SegmentedRaftLogWorker:Storage Directory /tmp/workdir/hadoop-ozone/integration-test/target/test-dir/MiniOzoneClusterImpl-c01b761b-2f67-4822-9581-a12a58f3b363/datanode-6/data/ratis/1727c8d0-aaf7-4799-b660-967862a576ac close()
2019-07-13 12:27:22,801 INFO  server.GrpcService (GrpcService.java:closeImpl(155)) - 7725a38b-54a6-4df1-a54c-afb4374855be: shutdown server with port 35898 now
2019-07-13 12:27:22,807 INFO  server.GrpcService (GrpcService.java:closeImpl(163)) - 7725a38b-54a6-4df1-a54c-afb4374855be: shutdown server with port 35898 successfully
2019-07-13 12:27:22,816 INFO  utils.BackgroundService (BackgroundService.java:shutdown(148)) - Shutting down service BlockDeletingService
2019-07-13 12:27:22,818 WARN  fs.CachingGetSpaceUsed (CachingGetSpaceUsed.java:run(183)) - Thread Interrupted waiting to refresh disk information: sleep interrupted
2019-07-13 12:27:22,841 INFO  statemachine.DatanodeStateMachine (DatanodeStateMachine.java:stopDaemon(395)) - Ozone container server stopped.
2019-07-13 12:27:22,854 INFO  handler.ContextHandler (ContextHandler.java:doStop(910)) - Stopped o.e.j.w.WebAppContext@448ade1{/,null,UNAVAILABLE}{/hddsDatanode}
2019-07-13 12:27:22,855 INFO  server.AbstractConnector (AbstractConnector.java:doStop(318)) - Stopped ServerConnector@21f9c6ea{HTTP/1.1,[http/1.1]}{0.0.0.0:0}
2019-07-13 12:27:22,855 INFO  handler.ContextHandler (ContextHandler.java:doStop(910)) - Stopped o.e.j.s.ServletContextHandler@6568f998{/static,jar:file:/home/user/.m2/repository/org/apache/hadoop/hadoop-hdds-container-service/0.5.0-SNAPSHOT/hadoop-hdds-container-service-0.5.0-SNAPSHOT.jar!/webapps/static,UNAVAILABLE}
2019-07-13 12:27:22,856 INFO  handler.ContextHandler (ContextHandler.java:doStop(910)) - Stopped o.e.j.s.ServletContextHandler@718989fa{/logs,file:///tmp/workdir/hadoop-ozone/integration-test/target/log,UNAVAILABLE}
2019-07-13 12:27:24,900 INFO  client.GrpcClientProtocolClient (GrpcClientProtocolClient.java:onNext(255)) - client-6604DE481522->b638f31a-9a55-4e88-8861-54b3556fd9f8: receive RaftClientReply:client-6604DE481522->b638f31a-9a55-4e88-8861-54b3556fd9f8@group-967862A576AC, cid=22, FAILED org.apache.ratis.protocol.NotLeaderException: Server b638f31a-9a55-4e88-8861-54b3556fd9f8 is not the leader (74efef67-ec0e-49fa-8557-a2a89921eea7:192.168.5.181:33345). Request must be sent to leader., logIndex=0, commits[b638f31a-9a55-4e88-8861-54b3556fd9f8:c16, 7725a38b-54a6-4df1-a54c-afb4374855be:c16, 74efef67-ec0e-49fa-8557-a2a89921eea7:c16]
2019-07-13 12:27:26,565 INFO  impl.FollowerState (FollowerState.java:run(106)) - b638f31a-9a55-4e88-8861-54b3556fd9f8:group-967862A576AC changes to CANDIDATE, lastRpcTime:8938, electionTimeout:5026ms
2019-07-13 12:27:26,565 INFO  impl.RoleInfo (RoleInfo.java:shutdownFollowerState(121)) - b638f31a-9a55-4e88-8861-54b3556fd9f8: shutdown FollowerState
2019-07-13 12:27:26,565 INFO  impl.RaftServerImpl (RaftServerImpl.java:setRole(171)) - b638f31a-9a55-4e88-8861-54b3556fd9f8:group-967862A576AC changes role from FOLLOWER to CANDIDATE at term 2 for changeToCandidate
2019-07-13 12:27:26,566 INFO  impl.RoleInfo (RoleInfo.java:updateAndGet(143)) - b638f31a-9a55-4e88-8861-54b3556fd9f8: start LeaderElection
2019-07-13 12:27:26,566 INFO  impl.RaftServerImpl (ServerState.java:setLeader(263)) - b638f31a-9a55-4e88-8861-54b3556fd9f8:group-967862A576AC change Leader from 74efef67-ec0e-49fa-8557-a2a89921eea7 to null at term 2 for initElection
2019-07-13 12:27:26,576 INFO  impl.LeaderElection (LeaderElection.java:askForVotes(181)) - b638f31a-9a55-4e88-8861-54b3556fd9f8:group-967862A576AC:LeaderElection16: begin an election at term 3 for 0: [b638f31a-9a55-4e88-8861-54b3556fd9f8:192.168.5.181:32932, 7725a38b-54a6-4df1-a54c-afb4374855be:192.168.5.181:35898, 74efef67-ec0e-49fa-8557-a2a89921eea7:192.168.5.181:33345], old=null
2019-07-13 12:27:26,584 INFO  impl.LeaderElection (LogUtils.java:infoOrTrace(149)) - b638f31a-9a55-4e88-8861-54b3556fd9f8:group-967862A576AC:LeaderElection16 got exception when requesting votes: {}
java.util.concurrent.ExecutionException: org.apache.ratis.thirdparty.io.grpc.StatusRuntimeException: UNAVAILABLE: io exception
	at java.util.concurrent.FutureTask.report(FutureTask.java:122)
	at java.util.concurrent.FutureTask.get(FutureTask.java:192)
	at org.apache.ratis.server.impl.LeaderElection.waitForResults(LeaderElection.java:262)
	at org.apache.ratis.server.impl.LeaderElection.askForVotes(LeaderElection.java:200)
	at org.apache.ratis.server.impl.LeaderElection.run(LeaderElection.java:130)
	at java.lang.Thread.run(Thread.java:748)
Caused by: org.apache.ratis.thirdparty.io.grpc.StatusRuntimeException: UNAVAILABLE: io exception
	at org.apache.ratis.thirdparty.io.grpc.stub.ClientCalls.toStatusRuntimeException(ClientCalls.java:233)
	at org.apache.ratis.thirdparty.io.grpc.stub.ClientCalls.getUnchecked(ClientCalls.java:214)
	at org.apache.ratis.thirdparty.io.grpc.stub.ClientCalls.blockingUnaryCall(ClientCalls.java:139)
	at org.apache.ratis.proto.grpc.RaftServerProtocolServiceGrpc$RaftServerProtocolServiceBlockingStub.requestVote(RaftServerProtocolServiceGrpc.java:265)
	at org.apache.ratis.grpc.server.GrpcServerProtocolClient.requestVote(GrpcServerProtocolClient.java:83)
	at org.apache.ratis.grpc.server.GrpcService.requestVote(GrpcService.java:195)
	at org.apache.ratis.server.impl.LeaderElection.lambda$submitRequests$1(LeaderElection.java:237)
	at java.util.concurrent.FutureTask.run(FutureTask.java:266)
	at java.util.concurrent.Executors$RunnableAdapter.call(Executors.java:511)
	at java.util.concurrent.FutureTask.run(FutureTask.java:266)
	at java.util.concurrent.ThreadPoolExecutor.runWorker(ThreadPoolExecutor.java:1149)
	at java.util.concurrent.ThreadPoolExecutor$Worker.run(ThreadPoolExecutor.java:624)
	... 1 more
Caused by: org.apache.ratis.thirdparty.io.netty.channel.AbstractChannel$AnnotatedConnectException: Connection refused: /192.168.5.181:35898
	at sun.nio.ch.SocketChannelImpl.checkConnect(Native Method)
	at sun.nio.ch.SocketChannelImpl.finishConnect(SocketChannelImpl.java:717)
	at org.apache.ratis.thirdparty.io.netty.channel.socket.nio.NioSocketChannel.doFinishConnect(NioSocketChannel.java:327)
	at org.apache.ratis.thirdparty.io.netty.channel.nio.AbstractNioChannel$AbstractNioUnsafe.finishConnect(AbstractNioChannel.java:340)
	at org.apache.ratis.thirdparty.io.netty.channel.nio.NioEventLoop.processSelectedKey(NioEventLoop.java:632)
	at org.apache.ratis.thirdparty.io.netty.channel.nio.NioEventLoop.processSelectedKeysOptimized(NioEventLoop.java:579)
	at org.apache.ratis.thirdparty.io.netty.channel.nio.NioEventLoop.processSelectedKeys(NioEventLoop.java:496)
	at org.apache.ratis.thirdparty.io.netty.channel.nio.NioEventLoop.run(NioEventLoop.java:458)
	at org.apache.ratis.thirdparty.io.netty.util.concurrent.SingleThreadEventExecutor$5.run(SingleThreadEventExecutor.java:897)
	at org.apache.ratis.thirdparty.io.netty.util.concurrent.FastThreadLocalRunnable.run(FastThreadLocalRunnable.java:30)
	... 1 more
Caused by: java.net.ConnectException: Connection refused
	... 11 more
2019-07-13 12:27:26,590 INFO  impl.LeaderElection (LogUtils.java:infoOrTrace(149)) - b638f31a-9a55-4e88-8861-54b3556fd9f8:group-967862A576AC:LeaderElection16 got exception when requesting votes: {}
java.util.concurrent.ExecutionException: org.apache.ratis.thirdparty.io.grpc.StatusRuntimeException: UNAVAILABLE: io exception
	at java.util.concurrent.FutureTask.report(FutureTask.java:122)
	at java.util.concurrent.FutureTask.get(FutureTask.java:192)
	at org.apache.ratis.server.impl.LeaderElection.waitForResults(LeaderElection.java:262)
	at org.apache.ratis.server.impl.LeaderElection.askForVotes(LeaderElection.java:200)
	at org.apache.ratis.server.impl.LeaderElection.run(LeaderElection.java:130)
	at java.lang.Thread.run(Thread.java:748)
Caused by: org.apache.ratis.thirdparty.io.grpc.StatusRuntimeException: UNAVAILABLE: io exception
	at org.apache.ratis.thirdparty.io.grpc.stub.ClientCalls.toStatusRuntimeException(ClientCalls.java:233)
	at org.apache.ratis.thirdparty.io.grpc.stub.ClientCalls.getUnchecked(ClientCalls.java:214)
	at org.apache.ratis.thirdparty.io.grpc.stub.ClientCalls.blockingUnaryCall(ClientCalls.java:139)
	at org.apache.ratis.proto.grpc.RaftServerProtocolServiceGrpc$RaftServerProtocolServiceBlockingStub.requestVote(RaftServerProtocolServiceGrpc.java:265)
	at org.apache.ratis.grpc.server.GrpcServerProtocolClient.requestVote(GrpcServerProtocolClient.java:83)
	at org.apache.ratis.grpc.server.GrpcService.requestVote(GrpcService.java:195)
	at org.apache.ratis.server.impl.LeaderElection.lambda$submitRequests$1(LeaderElection.java:237)
	at java.util.concurrent.FutureTask.run(FutureTask.java:266)
	at java.util.concurrent.Executors$RunnableAdapter.call(Executors.java:511)
	at java.util.concurrent.FutureTask.run(FutureTask.java:266)
	at java.util.concurrent.ThreadPoolExecutor.runWorker(ThreadPoolExecutor.java:1149)
	at java.util.concurrent.ThreadPoolExecutor$Worker.run(ThreadPoolExecutor.java:624)
	... 1 more
Caused by: org.apache.ratis.thirdparty.io.netty.channel.AbstractChannel$AnnotatedConnectException: Connection refused: /192.168.5.181:33345
	at sun.nio.ch.SocketChannelImpl.checkConnect(Native Method)
	at sun.nio.ch.SocketChannelImpl.finishConnect(SocketChannelImpl.java:717)
	at org.apache.ratis.thirdparty.io.netty.channel.socket.nio.NioSocketChannel.doFinishConnect(NioSocketChannel.java:327)
	at org.apache.ratis.thirdparty.io.netty.channel.nio.AbstractNioChannel$AbstractNioUnsafe.finishConnect(AbstractNioChannel.java:340)
	at org.apache.ratis.thirdparty.io.netty.channel.nio.NioEventLoop.processSelectedKey(NioEventLoop.java:632)
	at org.apache.ratis.thirdparty.io.netty.channel.nio.NioEventLoop.processSelectedKeysOptimized(NioEventLoop.java:579)
	at org.apache.ratis.thirdparty.io.netty.channel.nio.NioEventLoop.processSelectedKeys(NioEventLoop.java:496)
	at org.apache.ratis.thirdparty.io.netty.channel.nio.NioEventLoop.run(NioEventLoop.java:458)
	at org.apache.ratis.thirdparty.io.netty.util.concurrent.SingleThreadEventExecutor$5.run(SingleThreadEventExecutor.java:897)
	at org.apache.ratis.thirdparty.io.netty.util.concurrent.FastThreadLocalRunnable.run(FastThreadLocalRunnable.java:30)
	... 1 more
Caused by: java.net.ConnectException: Connection refused
	... 11 more
2019-07-13 12:27:26,595 INFO  impl.LeaderElection (LeaderElection.java:logAndReturn(56)) - b638f31a-9a55-4e88-8861-54b3556fd9f8:group-967862A576AC:LeaderElection16: Election REJECTED; received 0 response(s) [] and 2 exception(s); b638f31a-9a55-4e88-8861-54b3556fd9f8:t3, leader=null, voted=b638f31a-9a55-4e88-8861-54b3556fd9f8, raftlog=b638f31a-9a55-4e88-8861-54b3556fd9f8-SegmentedRaftLog:OPENED:c16,f16,i16, conf=0: [b638f31a-9a55-4e88-8861-54b3556fd9f8:192.168.5.181:32932, 7725a38b-54a6-4df1-a54c-afb4374855be:192.168.5.181:35898, 74efef67-ec0e-49fa-8557-a2a89921eea7:192.168.5.181:33345], old=null
2019-07-13 12:27:26,596 INFO  impl.LeaderElection (LogUtils.java:infoOrTrace(149)) -   Exception 0: {}
java.util.concurrent.ExecutionException: org.apache.ratis.thirdparty.io.grpc.StatusRuntimeException: UNAVAILABLE: io exception
	at java.util.concurrent.FutureTask.report(FutureTask.java:122)
	at java.util.concurrent.FutureTask.get(FutureTask.java:192)
	at org.apache.ratis.server.impl.LeaderElection.waitForResults(LeaderElection.java:262)
	at org.apache.ratis.server.impl.LeaderElection.askForVotes(LeaderElection.java:200)
	at org.apache.ratis.server.impl.LeaderElection.run(LeaderElection.java:130)
	at java.lang.Thread.run(Thread.java:748)
Caused by: org.apache.ratis.thirdparty.io.grpc.StatusRuntimeException: UNAVAILABLE: io exception
	at org.apache.ratis.thirdparty.io.grpc.stub.ClientCalls.toStatusRuntimeException(ClientCalls.java:233)
	at org.apache.ratis.thirdparty.io.grpc.stub.ClientCalls.getUnchecked(ClientCalls.java:214)
	at org.apache.ratis.thirdparty.io.grpc.stub.ClientCalls.blockingUnaryCall(ClientCalls.java:139)
	at org.apache.ratis.proto.grpc.RaftServerProtocolServiceGrpc$RaftServerProtocolServiceBlockingStub.requestVote(RaftServerProtocolServiceGrpc.java:265)
	at org.apache.ratis.grpc.server.GrpcServerProtocolClient.requestVote(GrpcServerProtocolClient.java:83)
	at org.apache.ratis.grpc.server.GrpcService.requestVote(GrpcService.java:195)
	at org.apache.ratis.server.impl.LeaderElection.lambda$submitRequests$1(LeaderElection.java:237)
	at java.util.concurrent.FutureTask.run(FutureTask.java:266)
	at java.util.concurrent.Executors$RunnableAdapter.call(Executors.java:511)
	at java.util.concurrent.FutureTask.run(FutureTask.java:266)
	at java.util.concurrent.ThreadPoolExecutor.runWorker(ThreadPoolExecutor.java:1149)
	at java.util.concurrent.ThreadPoolExecutor$Worker.run(ThreadPoolExecutor.java:624)
	... 1 more
Caused by: org.apache.ratis.thirdparty.io.netty.channel.AbstractChannel$AnnotatedConnectException: Connection refused: /192.168.5.181:35898
	at sun.nio.ch.SocketChannelImpl.checkConnect(Native Method)
	at sun.nio.ch.SocketChannelImpl.finishConnect(SocketChannelImpl.java:717)
	at org.apache.ratis.thirdparty.io.netty.channel.socket.nio.NioSocketChannel.doFinishConnect(NioSocketChannel.java:327)
	at org.apache.ratis.thirdparty.io.netty.channel.nio.AbstractNioChannel$AbstractNioUnsafe.finishConnect(AbstractNioChannel.java:340)
	at org.apache.ratis.thirdparty.io.netty.channel.nio.NioEventLoop.processSelectedKey(NioEventLoop.java:632)
	at org.apache.ratis.thirdparty.io.netty.channel.nio.NioEventLoop.processSelectedKeysOptimized(NioEventLoop.java:579)
	at org.apache.ratis.thirdparty.io.netty.channel.nio.NioEventLoop.processSelectedKeys(NioEventLoop.java:496)
	at org.apache.ratis.thirdparty.io.netty.channel.nio.NioEventLoop.run(NioEventLoop.java:458)
	at org.apache.ratis.thirdparty.io.netty.util.concurrent.SingleThreadEventExecutor$5.run(SingleThreadEventExecutor.java:897)
	at org.apache.ratis.thirdparty.io.netty.util.concurrent.FastThreadLocalRunnable.run(FastThreadLocalRunnable.java:30)
	... 1 more
Caused by: java.net.ConnectException: Connection refused
	... 11 more
2019-07-13 12:27:26,597 INFO  impl.LeaderElection (LogUtils.java:infoOrTrace(149)) -   Exception 1: {}
java.util.concurrent.ExecutionException: org.apache.ratis.thirdparty.io.grpc.StatusRuntimeException: UNAVAILABLE: io exception
	at java.util.concurrent.FutureTask.report(FutureTask.java:122)
	at java.util.concurrent.FutureTask.get(FutureTask.java:192)
	at org.apache.ratis.server.impl.LeaderElection.waitForResults(LeaderElection.java:262)
	at org.apache.ratis.server.impl.LeaderElection.askForVotes(LeaderElection.java:200)
	at org.apache.ratis.server.impl.LeaderElection.run(LeaderElection.java:130)
	at java.lang.Thread.run(Thread.java:748)
Caused by: org.apache.ratis.thirdparty.io.grpc.StatusRuntimeException: UNAVAILABLE: io exception
	at org.apache.ratis.thirdparty.io.grpc.stub.ClientCalls.toStatusRuntimeException(ClientCalls.java:233)
	at org.apache.ratis.thirdparty.io.grpc.stub.ClientCalls.getUnchecked(ClientCalls.java:214)
	at org.apache.ratis.thirdparty.io.grpc.stub.ClientCalls.blockingUnaryCall(ClientCalls.java:139)
	at org.apache.ratis.proto.grpc.RaftServerProtocolServiceGrpc$RaftServerProtocolServiceBlockingStub.requestVote(RaftServerProtocolServiceGrpc.java:265)
	at org.apache.ratis.grpc.server.GrpcServerProtocolClient.requestVote(GrpcServerProtocolClient.java:83)
	at org.apache.ratis.grpc.server.GrpcService.requestVote(GrpcService.java:195)
	at org.apache.ratis.server.impl.LeaderElection.lambda$submitRequests$1(LeaderElection.java:237)
	at java.util.concurrent.FutureTask.run(FutureTask.java:266)
	at java.util.concurrent.Executors$RunnableAdapter.call(Executors.java:511)
	at java.util.concurrent.FutureTask.run(FutureTask.java:266)
	at java.util.concurrent.ThreadPoolExecutor.runWorker(ThreadPoolExecutor.java:1149)
	at java.util.concurrent.ThreadPoolExecutor$Worker.run(ThreadPoolExecutor.java:624)
	... 1 more
Caused by: org.apache.ratis.thirdparty.io.netty.channel.AbstractChannel$AnnotatedConnectException: Connection refused: /192.168.5.181:33345
	at sun.nio.ch.SocketChannelImpl.checkConnect(Native Method)
	at sun.nio.ch.SocketChannelImpl.finishConnect(SocketChannelImpl.java:717)
	at org.apache.ratis.thirdparty.io.netty.channel.socket.nio.NioSocketChannel.doFinishConnect(NioSocketChannel.java:327)
	at org.apache.ratis.thirdparty.io.netty.channel.nio.AbstractNioChannel$AbstractNioUnsafe.finishConnect(AbstractNioChannel.java:340)
	at org.apache.ratis.thirdparty.io.netty.channel.nio.NioEventLoop.processSelectedKey(NioEventLoop.java:632)
	at org.apache.ratis.thirdparty.io.netty.channel.nio.NioEventLoop.processSelectedKeysOptimized(NioEventLoop.java:579)
	at org.apache.ratis.thirdparty.io.netty.channel.nio.NioEventLoop.processSelectedKeys(NioEventLoop.java:496)
	at org.apache.ratis.thirdparty.io.netty.channel.nio.NioEventLoop.run(NioEventLoop.java:458)
	at org.apache.ratis.thirdparty.io.netty.util.concurrent.SingleThreadEventExecutor$5.run(SingleThreadEventExecutor.java:897)
	at org.apache.ratis.thirdparty.io.netty.util.concurrent.FastThreadLocalRunnable.run(FastThreadLocalRunnable.java:30)
	... 1 more
Caused by: java.net.ConnectException: Connection refused
	... 11 more
2019-07-13 12:27:26,597 INFO  impl.RaftServerImpl (RaftServerImpl.java:setRole(171)) - b638f31a-9a55-4e88-8861-54b3556fd9f8:group-967862A576AC changes role from CANDIDATE to FOLLOWER at term 3 for DISCOVERED_A_NEW_TERM
2019-07-13 12:27:26,599 INFO  impl.RoleInfo (RoleInfo.java:shutdownLeaderElection(134)) - b638f31a-9a55-4e88-8861-54b3556fd9f8: shutdown LeaderElection
2019-07-13 12:27:26,600 INFO  impl.RoleInfo (RoleInfo.java:updateAndGet(143)) - b638f31a-9a55-4e88-8861-54b3556fd9f8: start FollowerState
2019-07-13 12:27:28,989 INFO  client.GrpcClientProtocolClient (GrpcClientProtocolClient.java:onNext(255)) - client-6604DE481522->b638f31a-9a55-4e88-8861-54b3556fd9f8: receive RaftClientReply:client-6604DE481522->b638f31a-9a55-4e88-8861-54b3556fd9f8@group-967862A576AC, cid=22, FAILED org.apache.ratis.protocol.NotLeaderException: Server b638f31a-9a55-4e88-8861-54b3556fd9f8 is not the leader (null). Request must be sent to leader., logIndex=0, commits[b638f31a-9a55-4e88-8861-54b3556fd9f8:c16, 7725a38b-54a6-4df1-a54c-afb4374855be:c16, 74efef67-ec0e-49fa-8557-a2a89921eea7:c16]
2019-07-13 12:27:31,044 INFO  client.GrpcClientProtocolClient (GrpcClientProtocolClient.java:onNext(255)) - client-6604DE481522->b638f31a-9a55-4e88-8861-54b3556fd9f8: receive RaftClientReply:client-6604DE481522->b638f31a-9a55-4e88-8861-54b3556fd9f8@group-967862A576AC, cid=22, FAILED org.apache.ratis.protocol.NotLeaderException: Server b638f31a-9a55-4e88-8861-54b3556fd9f8 is not the leader (null). Request must be sent to leader., logIndex=0, commits[b638f31a-9a55-4e88-8861-54b3556fd9f8:c16, 7725a38b-54a6-4df1-a54c-afb4374855be:c16, 74efef67-ec0e-49fa-8557-a2a89921eea7:c16]
2019-07-13 12:27:31,725 INFO  impl.FollowerState (FollowerState.java:run(106)) - b638f31a-9a55-4e88-8861-54b3556fd9f8:group-967862A576AC changes to CANDIDATE, lastRpcTime:5125, electionTimeout:5123ms
2019-07-13 12:27:31,725 INFO  impl.RoleInfo (RoleInfo.java:shutdownFollowerState(121)) - b638f31a-9a55-4e88-8861-54b3556fd9f8: shutdown FollowerState
2019-07-13 12:27:31,726 INFO  impl.RaftServerImpl (RaftServerImpl.java:setRole(171)) - b638f31a-9a55-4e88-8861-54b3556fd9f8:group-967862A576AC changes role from FOLLOWER to CANDIDATE at term 3 for changeToCandidate
2019-07-13 12:27:31,726 INFO  impl.RoleInfo (RoleInfo.java:updateAndGet(143)) - b638f31a-9a55-4e88-8861-54b3556fd9f8: start LeaderElection
2019-07-13 12:27:31,743 INFO  impl.LeaderElection (LeaderElection.java:askForVotes(181)) - b638f31a-9a55-4e88-8861-54b3556fd9f8:group-967862A576AC:LeaderElection17: begin an election at term 4 for 0: [b638f31a-9a55-4e88-8861-54b3556fd9f8:192.168.5.181:32932, 7725a38b-54a6-4df1-a54c-afb4374855be:192.168.5.181:35898, 74efef67-ec0e-49fa-8557-a2a89921eea7:192.168.5.181:33345], old=null
2019-07-13 12:27:31,745 INFO  impl.LeaderElection (LogUtils.java:infoOrTrace(149)) - b638f31a-9a55-4e88-8861-54b3556fd9f8:group-967862A576AC:LeaderElection17 got exception when requesting votes: {}
java.util.concurrent.ExecutionException: org.apache.ratis.thirdparty.io.grpc.StatusRuntimeException: UNAVAILABLE: io exception
	at java.util.concurrent.FutureTask.report(FutureTask.java:122)
	at java.util.concurrent.FutureTask.get(FutureTask.java:192)
	at org.apache.ratis.server.impl.LeaderElection.waitForResults(LeaderElection.java:262)
	at org.apache.ratis.server.impl.LeaderElection.askForVotes(LeaderElection.java:200)
	at org.apache.ratis.server.impl.LeaderElection.run(LeaderElection.java:130)
	at java.lang.Thread.run(Thread.java:748)
Caused by: org.apache.ratis.thirdparty.io.grpc.StatusRuntimeException: UNAVAILABLE: io exception
	at org.apache.ratis.thirdparty.io.grpc.stub.ClientCalls.toStatusRuntimeException(ClientCalls.java:233)
	at org.apache.ratis.thirdparty.io.grpc.stub.ClientCalls.getUnchecked(ClientCalls.java:214)
	at org.apache.ratis.thirdparty.io.grpc.stub.ClientCalls.blockingUnaryCall(ClientCalls.java:139)
	at org.apache.ratis.proto.grpc.RaftServerProtocolServiceGrpc$RaftServerProtocolServiceBlockingStub.requestVote(RaftServerProtocolServiceGrpc.java:265)
	at org.apache.ratis.grpc.server.GrpcServerProtocolClient.requestVote(GrpcServerProtocolClient.java:83)
	at org.apache.ratis.grpc.server.GrpcService.requestVote(GrpcService.java:195)
	at org.apache.ratis.server.impl.LeaderElection.lambda$submitRequests$1(LeaderElection.java:237)
	at java.util.concurrent.FutureTask.run(FutureTask.java:266)
	at java.util.concurrent.Executors$RunnableAdapter.call(Executors.java:511)
	at java.util.concurrent.FutureTask.run(FutureTask.java:266)
	at java.util.concurrent.ThreadPoolExecutor.runWorker(ThreadPoolExecutor.java:1149)
	at java.util.concurrent.ThreadPoolExecutor$Worker.run(ThreadPoolExecutor.java:624)
	... 1 more
Caused by: org.apache.ratis.thirdparty.io.netty.channel.AbstractChannel$AnnotatedConnectException: Connection refused: /192.168.5.181:35898
	at sun.nio.ch.SocketChannelImpl.checkConnect(Native Method)
	at sun.nio.ch.SocketChannelImpl.finishConnect(SocketChannelImpl.java:717)
	at org.apache.ratis.thirdparty.io.netty.channel.socket.nio.NioSocketChannel.doFinishConnect(NioSocketChannel.java:327)
	at org.apache.ratis.thirdparty.io.netty.channel.nio.AbstractNioChannel$AbstractNioUnsafe.finishConnect(AbstractNioChannel.java:340)
	at org.apache.ratis.thirdparty.io.netty.channel.nio.NioEventLoop.processSelectedKey(NioEventLoop.java:632)
	at org.apache.ratis.thirdparty.io.netty.channel.nio.NioEventLoop.processSelectedKeysOptimized(NioEventLoop.java:579)
	at org.apache.ratis.thirdparty.io.netty.channel.nio.NioEventLoop.processSelectedKeys(NioEventLoop.java:496)
	at org.apache.ratis.thirdparty.io.netty.channel.nio.NioEventLoop.run(NioEventLoop.java:458)
	at org.apache.ratis.thirdparty.io.netty.util.concurrent.SingleThreadEventExecutor$5.run(SingleThreadEventExecutor.java:897)
	at org.apache.ratis.thirdparty.io.netty.util.concurrent.FastThreadLocalRunnable.run(FastThreadLocalRunnable.java:30)
	... 1 more
Caused by: java.net.ConnectException: Connection refused
	... 11 more
2019-07-13 12:27:31,748 INFO  impl.LeaderElection (LogUtils.java:infoOrTrace(149)) - b638f31a-9a55-4e88-8861-54b3556fd9f8:group-967862A576AC:LeaderElection17 got exception when requesting votes: {}
java.util.concurrent.ExecutionException: org.apache.ratis.thirdparty.io.grpc.StatusRuntimeException: UNAVAILABLE: io exception
	at java.util.concurrent.FutureTask.report(FutureTask.java:122)
	at java.util.concurrent.FutureTask.get(FutureTask.java:192)
	at org.apache.ratis.server.impl.LeaderElection.waitForResults(LeaderElection.java:262)
	at org.apache.ratis.server.impl.LeaderElection.askForVotes(LeaderElection.java:200)
	at org.apache.ratis.server.impl.LeaderElection.run(LeaderElection.java:130)
	at java.lang.Thread.run(Thread.java:748)
Caused by: org.apache.ratis.thirdparty.io.grpc.StatusRuntimeException: UNAVAILABLE: io exception
	at org.apache.ratis.thirdparty.io.grpc.stub.ClientCalls.toStatusRuntimeException(ClientCalls.java:233)
	at org.apache.ratis.thirdparty.io.grpc.stub.ClientCalls.getUnchecked(ClientCalls.java:214)
	at org.apache.ratis.thirdparty.io.grpc.stub.ClientCalls.blockingUnaryCall(ClientCalls.java:139)
	at org.apache.ratis.proto.grpc.RaftServerProtocolServiceGrpc$RaftServerProtocolServiceBlockingStub.requestVote(RaftServerProtocolServiceGrpc.java:265)
	at org.apache.ratis.grpc.server.GrpcServerProtocolClient.requestVote(GrpcServerProtocolClient.java:83)
	at org.apache.ratis.grpc.server.GrpcService.requestVote(GrpcService.java:195)
	at org.apache.ratis.server.impl.LeaderElection.lambda$submitRequests$1(LeaderElection.java:237)
	at java.util.concurrent.FutureTask.run(FutureTask.java:266)
	at java.util.concurrent.Executors$RunnableAdapter.call(Executors.java:511)
	at java.util.concurrent.FutureTask.run(FutureTask.java:266)
	at java.util.concurrent.ThreadPoolExecutor.runWorker(ThreadPoolExecutor.java:1149)
	at java.util.concurrent.ThreadPoolExecutor$Worker.run(ThreadPoolExecutor.java:624)
	... 1 more
Caused by: org.apache.ratis.thirdparty.io.netty.channel.AbstractChannel$AnnotatedConnectException: Connection refused: /192.168.5.181:33345
	at sun.nio.ch.SocketChannelImpl.checkConnect(Native Method)
	at sun.nio.ch.SocketChannelImpl.finishConnect(SocketChannelImpl.java:717)
	at org.apache.ratis.thirdparty.io.netty.channel.socket.nio.NioSocketChannel.doFinishConnect(NioSocketChannel.java:327)
	at org.apache.ratis.thirdparty.io.netty.channel.nio.AbstractNioChannel$AbstractNioUnsafe.finishConnect(AbstractNioChannel.java:340)
	at org.apache.ratis.thirdparty.io.netty.channel.nio.NioEventLoop.processSelectedKey(NioEventLoop.java:632)
	at org.apache.ratis.thirdparty.io.netty.channel.nio.NioEventLoop.processSelectedKeysOptimized(NioEventLoop.java:579)
	at org.apache.ratis.thirdparty.io.netty.channel.nio.NioEventLoop.processSelectedKeys(NioEventLoop.java:496)
	at org.apache.ratis.thirdparty.io.netty.channel.nio.NioEventLoop.run(NioEventLoop.java:458)
	at org.apache.ratis.thirdparty.io.netty.util.concurrent.SingleThreadEventExecutor$5.run(SingleThreadEventExecutor.java:897)
	at org.apache.ratis.thirdparty.io.netty.util.concurrent.FastThreadLocalRunnable.run(FastThreadLocalRunnable.java:30)
	... 1 more
Caused by: java.net.ConnectException: Connection refused
	... 11 more
2019-07-13 12:27:31,750 INFO  impl.LeaderElection (LeaderElection.java:logAndReturn(56)) - b638f31a-9a55-4e88-8861-54b3556fd9f8:group-967862A576AC:LeaderElection17: Election REJECTED; received 0 response(s) [] and 2 exception(s); b638f31a-9a55-4e88-8861-54b3556fd9f8:t4, leader=null, voted=b638f31a-9a55-4e88-8861-54b3556fd9f8, raftlog=b638f31a-9a55-4e88-8861-54b3556fd9f8-SegmentedRaftLog:OPENED:c16,f16,i16, conf=0: [b638f31a-9a55-4e88-8861-54b3556fd9f8:192.168.5.181:32932, 7725a38b-54a6-4df1-a54c-afb4374855be:192.168.5.181:35898, 74efef67-ec0e-49fa-8557-a2a89921eea7:192.168.5.181:33345], old=null
2019-07-13 12:27:31,750 INFO  impl.LeaderElection (LogUtils.java:infoOrTrace(149)) -   Exception 0: {}
java.util.concurrent.ExecutionException: org.apache.ratis.thirdparty.io.grpc.StatusRuntimeException: UNAVAILABLE: io exception
	at java.util.concurrent.FutureTask.report(FutureTask.java:122)
	at java.util.concurrent.FutureTask.get(FutureTask.java:192)
	at org.apache.ratis.server.impl.LeaderElection.waitForResults(LeaderElection.java:262)
	at org.apache.ratis.server.impl.LeaderElection.askForVotes(LeaderElection.java:200)
	at org.apache.ratis.server.impl.LeaderElection.run(LeaderElection.java:130)
	at java.lang.Thread.run(Thread.java:748)
Caused by: org.apache.ratis.thirdparty.io.grpc.StatusRuntimeException: UNAVAILABLE: io exception
	at org.apache.ratis.thirdparty.io.grpc.stub.ClientCalls.toStatusRuntimeException(ClientCalls.java:233)
	at org.apache.ratis.thirdparty.io.grpc.stub.ClientCalls.getUnchecked(ClientCalls.java:214)
	at org.apache.ratis.thirdparty.io.grpc.stub.ClientCalls.blockingUnaryCall(ClientCalls.java:139)
	at org.apache.ratis.proto.grpc.RaftServerProtocolServiceGrpc$RaftServerProtocolServiceBlockingStub.requestVote(RaftServerProtocolServiceGrpc.java:265)
	at org.apache.ratis.grpc.server.GrpcServerProtocolClient.requestVote(GrpcServerProtocolClient.java:83)
	at org.apache.ratis.grpc.server.GrpcService.requestVote(GrpcService.java:195)
	at org.apache.ratis.server.impl.LeaderElection.lambda$submitRequests$1(LeaderElection.java:237)
	at java.util.concurrent.FutureTask.run(FutureTask.java:266)
	at java.util.concurrent.Executors$RunnableAdapter.call(Executors.java:511)
	at java.util.concurrent.FutureTask.run(FutureTask.java:266)
	at java.util.concurrent.ThreadPoolExecutor.runWorker(ThreadPoolExecutor.java:1149)
	at java.util.concurrent.ThreadPoolExecutor$Worker.run(ThreadPoolExecutor.java:624)
	... 1 more
Caused by: org.apache.ratis.thirdparty.io.netty.channel.AbstractChannel$AnnotatedConnectException: Connection refused: /192.168.5.181:35898
	at sun.nio.ch.SocketChannelImpl.checkConnect(Native Method)
	at sun.nio.ch.SocketChannelImpl.finishConnect(SocketChannelImpl.java:717)
	at org.apache.ratis.thirdparty.io.netty.channel.socket.nio.NioSocketChannel.doFinishConnect(NioSocketChannel.java:327)
	at org.apache.ratis.thirdparty.io.netty.channel.nio.AbstractNioChannel$AbstractNioUnsafe.finishConnect(AbstractNioChannel.java:340)
	at org.apache.ratis.thirdparty.io.netty.channel.nio.NioEventLoop.processSelectedKey(NioEventLoop.java:632)
	at org.apache.ratis.thirdparty.io.netty.channel.nio.NioEventLoop.processSelectedKeysOptimized(NioEventLoop.java:579)
	at org.apache.ratis.thirdparty.io.netty.channel.nio.NioEventLoop.processSelectedKeys(NioEventLoop.java:496)
	at org.apache.ratis.thirdparty.io.netty.channel.nio.NioEventLoop.run(NioEventLoop.java:458)
	at org.apache.ratis.thirdparty.io.netty.util.concurrent.SingleThreadEventExecutor$5.run(SingleThreadEventExecutor.java:897)
	at org.apache.ratis.thirdparty.io.netty.util.concurrent.FastThreadLocalRunnable.run(FastThreadLocalRunnable.java:30)
	... 1 more
Caused by: java.net.ConnectException: Connection refused
	... 11 more
2019-07-13 12:27:31,753 INFO  impl.LeaderElection (LogUtils.java:infoOrTrace(149)) -   Exception 1: {}
java.util.concurrent.ExecutionException: org.apache.ratis.thirdparty.io.grpc.StatusRuntimeException: UNAVAILABLE: io exception
	at java.util.concurrent.FutureTask.report(FutureTask.java:122)
	at java.util.concurrent.FutureTask.get(FutureTask.java:192)
	at org.apache.ratis.server.impl.LeaderElection.waitForResults(LeaderElection.java:262)
	at org.apache.ratis.server.impl.LeaderElection.askForVotes(LeaderElection.java:200)
	at org.apache.ratis.server.impl.LeaderElection.run(LeaderElection.java:130)
	at java.lang.Thread.run(Thread.java:748)
Caused by: org.apache.ratis.thirdparty.io.grpc.StatusRuntimeException: UNAVAILABLE: io exception
	at org.apache.ratis.thirdparty.io.grpc.stub.ClientCalls.toStatusRuntimeException(ClientCalls.java:233)
	at org.apache.ratis.thirdparty.io.grpc.stub.ClientCalls.getUnchecked(ClientCalls.java:214)
	at org.apache.ratis.thirdparty.io.grpc.stub.ClientCalls.blockingUnaryCall(ClientCalls.java:139)
	at org.apache.ratis.proto.grpc.RaftServerProtocolServiceGrpc$RaftServerProtocolServiceBlockingStub.requestVote(RaftServerProtocolServiceGrpc.java:265)
	at org.apache.ratis.grpc.server.GrpcServerProtocolClient.requestVote(GrpcServerProtocolClient.java:83)
	at org.apache.ratis.grpc.server.GrpcService.requestVote(GrpcService.java:195)
	at org.apache.ratis.server.impl.LeaderElection.lambda$submitRequests$1(LeaderElection.java:237)
	at java.util.concurrent.FutureTask.run(FutureTask.java:266)
	at java.util.concurrent.Executors$RunnableAdapter.call(Executors.java:511)
	at java.util.concurrent.FutureTask.run(FutureTask.java:266)
	at java.util.concurrent.ThreadPoolExecutor.runWorker(ThreadPoolExecutor.java:1149)
	at java.util.concurrent.ThreadPoolExecutor$Worker.run(ThreadPoolExecutor.java:624)
	... 1 more
Caused by: org.apache.ratis.thirdparty.io.netty.channel.AbstractChannel$AnnotatedConnectException: Connection refused: /192.168.5.181:33345
	at sun.nio.ch.SocketChannelImpl.checkConnect(Native Method)
	at sun.nio.ch.SocketChannelImpl.finishConnect(SocketChannelImpl.java:717)
	at org.apache.ratis.thirdparty.io.netty.channel.socket.nio.NioSocketChannel.doFinishConnect(NioSocketChannel.java:327)
	at org.apache.ratis.thirdparty.io.netty.channel.nio.AbstractNioChannel$AbstractNioUnsafe.finishConnect(AbstractNioChannel.java:340)
	at org.apache.ratis.thirdparty.io.netty.channel.nio.NioEventLoop.processSelectedKey(NioEventLoop.java:632)
	at org.apache.ratis.thirdparty.io.netty.channel.nio.NioEventLoop.processSelectedKeysOptimized(NioEventLoop.java:579)
	at org.apache.ratis.thirdparty.io.netty.channel.nio.NioEventLoop.processSelectedKeys(NioEventLoop.java:496)
	at org.apache.ratis.thirdparty.io.netty.channel.nio.NioEventLoop.run(NioEventLoop.java:458)
	at org.apache.ratis.thirdparty.io.netty.util.concurrent.SingleThreadEventExecutor$5.run(SingleThreadEventExecutor.java:897)
	at org.apache.ratis.thirdparty.io.netty.util.concurrent.FastThreadLocalRunnable.run(FastThreadLocalRunnable.java:30)
	... 1 more
Caused by: java.net.ConnectException: Connection refused
	... 11 more
2019-07-13 12:27:31,753 INFO  impl.RaftServerImpl (RaftServerImpl.java:setRole(171)) - b638f31a-9a55-4e88-8861-54b3556fd9f8:group-967862A576AC changes role from CANDIDATE to FOLLOWER at term 4 for DISCOVERED_A_NEW_TERM
2019-07-13 12:27:31,755 INFO  impl.RoleInfo (RoleInfo.java:shutdownLeaderElection(134)) - b638f31a-9a55-4e88-8861-54b3556fd9f8: shutdown LeaderElection
2019-07-13 12:27:31,755 INFO  impl.RoleInfo (RoleInfo.java:updateAndGet(143)) - b638f31a-9a55-4e88-8861-54b3556fd9f8: start FollowerState
2019-07-13 12:27:33,077 INFO  client.GrpcClientProtocolClient (GrpcClientProtocolClient.java:onNext(255)) - client-6604DE481522->b638f31a-9a55-4e88-8861-54b3556fd9f8: receive RaftClientReply:client-6604DE481522->b638f31a-9a55-4e88-8861-54b3556fd9f8@group-967862A576AC, cid=22, FAILED org.apache.ratis.protocol.NotLeaderException: Server b638f31a-9a55-4e88-8861-54b3556fd9f8 is not the leader (null). Request must be sent to leader., logIndex=0, commits[b638f31a-9a55-4e88-8861-54b3556fd9f8:c16, 7725a38b-54a6-4df1-a54c-afb4374855be:c16, 74efef67-ec0e-49fa-8557-a2a89921eea7:c16]
2019-07-13 12:27:36,116 INFO  client.GrpcClientProtocolClient (GrpcClientProtocolClient.java:onNext(255)) - client-6604DE481522->b638f31a-9a55-4e88-8861-54b3556fd9f8: receive RaftClientReply:client-6604DE481522->b638f31a-9a55-4e88-8861-54b3556fd9f8@group-967862A576AC, cid=22, FAILED org.apache.ratis.protocol.NotLeaderException: Server b638f31a-9a55-4e88-8861-54b3556fd9f8 is not the leader (null). Request must be sent to leader., logIndex=0, commits[b638f31a-9a55-4e88-8861-54b3556fd9f8:c16, 7725a38b-54a6-4df1-a54c-afb4374855be:c16, 74efef67-ec0e-49fa-8557-a2a89921eea7:c16]
2019-07-13 12:27:36,782 INFO  impl.FollowerState (FollowerState.java:run(106)) - b638f31a-9a55-4e88-8861-54b3556fd9f8:group-967862A576AC changes to CANDIDATE, lastRpcTime:5026, electionTimeout:5024ms
2019-07-13 12:27:36,782 INFO  impl.RoleInfo (RoleInfo.java:shutdownFollowerState(121)) - b638f31a-9a55-4e88-8861-54b3556fd9f8: shutdown FollowerState
2019-07-13 12:27:36,782 INFO  impl.RaftServerImpl (RaftServerImpl.java:setRole(171)) - b638f31a-9a55-4e88-8861-54b3556fd9f8:group-967862A576AC changes role from FOLLOWER to CANDIDATE at term 4 for changeToCandidate
2019-07-13 12:27:36,782 INFO  impl.RoleInfo (RoleInfo.java:updateAndGet(143)) - b638f31a-9a55-4e88-8861-54b3556fd9f8: start LeaderElection
2019-07-13 12:27:36,820 INFO  impl.LeaderElection (LeaderElection.java:askForVotes(181)) - b638f31a-9a55-4e88-8861-54b3556fd9f8:group-967862A576AC:LeaderElection18: begin an election at term 5 for 0: [b638f31a-9a55-4e88-8861-54b3556fd9f8:192.168.5.181:32932, 7725a38b-54a6-4df1-a54c-afb4374855be:192.168.5.181:35898, 74efef67-ec0e-49fa-8557-a2a89921eea7:192.168.5.181:33345], old=null
2019-07-13 12:27:36,822 INFO  impl.LeaderElection (LogUtils.java:infoOrTrace(149)) - b638f31a-9a55-4e88-8861-54b3556fd9f8:group-967862A576AC:LeaderElection18 got exception when requesting votes: {}
java.util.concurrent.ExecutionException: org.apache.ratis.thirdparty.io.grpc.StatusRuntimeException: UNAVAILABLE: io exception
	at java.util.concurrent.FutureTask.report(FutureTask.java:122)
	at java.util.concurrent.FutureTask.get(FutureTask.java:192)
	at org.apache.ratis.server.impl.LeaderElection.waitForResults(LeaderElection.java:262)
	at org.apache.ratis.server.impl.LeaderElection.askForVotes(LeaderElection.java:200)
	at org.apache.ratis.server.impl.LeaderElection.run(LeaderElection.java:130)
	at java.lang.Thread.run(Thread.java:748)
Caused by: org.apache.ratis.thirdparty.io.grpc.StatusRuntimeException: UNAVAILABLE: io exception
	at org.apache.ratis.thirdparty.io.grpc.stub.ClientCalls.toStatusRuntimeException(ClientCalls.java:233)
	at org.apache.ratis.thirdparty.io.grpc.stub.ClientCalls.getUnchecked(ClientCalls.java:214)
	at org.apache.ratis.thirdparty.io.grpc.stub.ClientCalls.blockingUnaryCall(ClientCalls.java:139)
	at org.apache.ratis.proto.grpc.RaftServerProtocolServiceGrpc$RaftServerProtocolServiceBlockingStub.requestVote(RaftServerProtocolServiceGrpc.java:265)
	at org.apache.ratis.grpc.server.GrpcServerProtocolClient.requestVote(GrpcServerProtocolClient.java:83)
	at org.apache.ratis.grpc.server.GrpcService.requestVote(GrpcService.java:195)
	at org.apache.ratis.server.impl.LeaderElection.lambda$submitRequests$1(LeaderElection.java:237)
	at java.util.concurrent.FutureTask.run(FutureTask.java:266)
	at java.util.concurrent.Executors$RunnableAdapter.call(Executors.java:511)
	at java.util.concurrent.FutureTask.run(FutureTask.java:266)
	at java.util.concurrent.ThreadPoolExecutor.runWorker(ThreadPoolExecutor.java:1149)
	at java.util.concurrent.ThreadPoolExecutor$Worker.run(ThreadPoolExecutor.java:624)
	... 1 more
Caused by: org.apache.ratis.thirdparty.io.netty.channel.AbstractChannel$AnnotatedConnectException: Connection refused: /192.168.5.181:35898
	at sun.nio.ch.SocketChannelImpl.checkConnect(Native Method)
	at sun.nio.ch.SocketChannelImpl.finishConnect(SocketChannelImpl.java:717)
	at org.apache.ratis.thirdparty.io.netty.channel.socket.nio.NioSocketChannel.doFinishConnect(NioSocketChannel.java:327)
	at org.apache.ratis.thirdparty.io.netty.channel.nio.AbstractNioChannel$AbstractNioUnsafe.finishConnect(AbstractNioChannel.java:340)
	at org.apache.ratis.thirdparty.io.netty.channel.nio.NioEventLoop.processSelectedKey(NioEventLoop.java:632)
	at org.apache.ratis.thirdparty.io.netty.channel.nio.NioEventLoop.processSelectedKeysOptimized(NioEventLoop.java:579)
	at org.apache.ratis.thirdparty.io.netty.channel.nio.NioEventLoop.processSelectedKeys(NioEventLoop.java:496)
	at org.apache.ratis.thirdparty.io.netty.channel.nio.NioEventLoop.run(NioEventLoop.java:458)
	at org.apache.ratis.thirdparty.io.netty.util.concurrent.SingleThreadEventExecutor$5.run(SingleThreadEventExecutor.java:897)
	at org.apache.ratis.thirdparty.io.netty.util.concurrent.FastThreadLocalRunnable.run(FastThreadLocalRunnable.java:30)
	... 1 more
Caused by: java.net.ConnectException: Connection refused
	... 11 more
2019-07-13 12:27:36,824 INFO  impl.LeaderElection (LogUtils.java:infoOrTrace(149)) - b638f31a-9a55-4e88-8861-54b3556fd9f8:group-967862A576AC:LeaderElection18 got exception when requesting votes: {}
java.util.concurrent.ExecutionException: org.apache.ratis.thirdparty.io.grpc.StatusRuntimeException: UNAVAILABLE: io exception
	at java.util.concurrent.FutureTask.report(FutureTask.java:122)
	at java.util.concurrent.FutureTask.get(FutureTask.java:192)
	at org.apache.ratis.server.impl.LeaderElection.waitForResults(LeaderElection.java:262)
	at org.apache.ratis.server.impl.LeaderElection.askForVotes(LeaderElection.java:200)
	at org.apache.ratis.server.impl.LeaderElection.run(LeaderElection.java:130)
	at java.lang.Thread.run(Thread.java:748)
Caused by: org.apache.ratis.thirdparty.io.grpc.StatusRuntimeException: UNAVAILABLE: io exception
	at org.apache.ratis.thirdparty.io.grpc.stub.ClientCalls.toStatusRuntimeException(ClientCalls.java:233)
	at org.apache.ratis.thirdparty.io.grpc.stub.ClientCalls.getUnchecked(ClientCalls.java:214)
	at org.apache.ratis.thirdparty.io.grpc.stub.ClientCalls.blockingUnaryCall(ClientCalls.java:139)
	at org.apache.ratis.proto.grpc.RaftServerProtocolServiceGrpc$RaftServerProtocolServiceBlockingStub.requestVote(RaftServerProtocolServiceGrpc.java:265)
	at org.apache.ratis.grpc.server.GrpcServerProtocolClient.requestVote(GrpcServerProtocolClient.java:83)
	at org.apache.ratis.grpc.server.GrpcService.requestVote(GrpcService.java:195)
	at org.apache.ratis.server.impl.LeaderElection.lambda$submitRequests$1(LeaderElection.java:237)
	at java.util.concurrent.FutureTask.run(FutureTask.java:266)
	at java.util.concurrent.Executors$RunnableAdapter.call(Executors.java:511)
	at java.util.concurrent.FutureTask.run(FutureTask.java:266)
	at java.util.concurrent.ThreadPoolExecutor.runWorker(ThreadPoolExecutor.java:1149)
	at java.util.concurrent.ThreadPoolExecutor$Worker.run(ThreadPoolExecutor.java:624)
	... 1 more
Caused by: org.apache.ratis.thirdparty.io.netty.channel.AbstractChannel$AnnotatedConnectException: Connection refused: /192.168.5.181:33345
	at sun.nio.ch.SocketChannelImpl.checkConnect(Native Method)
	at sun.nio.ch.SocketChannelImpl.finishConnect(SocketChannelImpl.java:717)
	at org.apache.ratis.thirdparty.io.netty.channel.socket.nio.NioSocketChannel.doFinishConnect(NioSocketChannel.java:327)
	at org.apache.ratis.thirdparty.io.netty.channel.nio.AbstractNioChannel$AbstractNioUnsafe.finishConnect(AbstractNioChannel.java:340)
	at org.apache.ratis.thirdparty.io.netty.channel.nio.NioEventLoop.processSelectedKey(NioEventLoop.java:632)
	at org.apache.ratis.thirdparty.io.netty.channel.nio.NioEventLoop.processSelectedKeysOptimized(NioEventLoop.java:579)
	at org.apache.ratis.thirdparty.io.netty.channel.nio.NioEventLoop.processSelectedKeys(NioEventLoop.java:496)
	at org.apache.ratis.thirdparty.io.netty.channel.nio.NioEventLoop.run(NioEventLoop.java:458)
	at org.apache.ratis.thirdparty.io.netty.util.concurrent.SingleThreadEventExecutor$5.run(SingleThreadEventExecutor.java:897)
	at org.apache.ratis.thirdparty.io.netty.util.concurrent.FastThreadLocalRunnable.run(FastThreadLocalRunnable.java:30)
	... 1 more
Caused by: java.net.ConnectException: Connection refused
	... 11 more
2019-07-13 12:27:36,827 INFO  impl.LeaderElection (LeaderElection.java:logAndReturn(56)) - b638f31a-9a55-4e88-8861-54b3556fd9f8:group-967862A576AC:LeaderElection18: Election REJECTED; received 0 response(s) [] and 2 exception(s); b638f31a-9a55-4e88-8861-54b3556fd9f8:t5, leader=null, voted=b638f31a-9a55-4e88-8861-54b3556fd9f8, raftlog=b638f31a-9a55-4e88-8861-54b3556fd9f8-SegmentedRaftLog:OPENED:c16,f16,i16, conf=0: [b638f31a-9a55-4e88-8861-54b3556fd9f8:192.168.5.181:32932, 7725a38b-54a6-4df1-a54c-afb4374855be:192.168.5.181:35898, 74efef67-ec0e-49fa-8557-a2a89921eea7:192.168.5.181:33345], old=null
2019-07-13 12:27:36,827 INFO  impl.LeaderElection (LogUtils.java:infoOrTrace(149)) -   Exception 0: {}
java.util.concurrent.ExecutionException: org.apache.ratis.thirdparty.io.grpc.StatusRuntimeException: UNAVAILABLE: io exception
	at java.util.concurrent.FutureTask.report(FutureTask.java:122)
	at java.util.concurrent.FutureTask.get(FutureTask.java:192)
	at org.apache.ratis.server.impl.LeaderElection.waitForResults(LeaderElection.java:262)
	at org.apache.ratis.server.impl.LeaderElection.askForVotes(LeaderElection.java:200)
	at org.apache.ratis.server.impl.LeaderElection.run(LeaderElection.java:130)
	at java.lang.Thread.run(Thread.java:748)
Caused by: org.apache.ratis.thirdparty.io.grpc.StatusRuntimeException: UNAVAILABLE: io exception
	at org.apache.ratis.thirdparty.io.grpc.stub.ClientCalls.toStatusRuntimeException(ClientCalls.java:233)
	at org.apache.ratis.thirdparty.io.grpc.stub.ClientCalls.getUnchecked(ClientCalls.java:214)
	at org.apache.ratis.thirdparty.io.grpc.stub.ClientCalls.blockingUnaryCall(ClientCalls.java:139)
	at org.apache.ratis.proto.grpc.RaftServerProtocolServiceGrpc$RaftServerProtocolServiceBlockingStub.requestVote(RaftServerProtocolServiceGrpc.java:265)
	at org.apache.ratis.grpc.server.GrpcServerProtocolClient.requestVote(GrpcServerProtocolClient.java:83)
	at org.apache.ratis.grpc.server.GrpcService.requestVote(GrpcService.java:195)
	at org.apache.ratis.server.impl.LeaderElection.lambda$submitRequests$1(LeaderElection.java:237)
	at java.util.concurrent.FutureTask.run(FutureTask.java:266)
	at java.util.concurrent.Executors$RunnableAdapter.call(Executors.java:511)
	at java.util.concurrent.FutureTask.run(FutureTask.java:266)
	at java.util.concurrent.ThreadPoolExecutor.runWorker(ThreadPoolExecutor.java:1149)
	at java.util.concurrent.ThreadPoolExecutor$Worker.run(ThreadPoolExecutor.java:624)
	... 1 more
Caused by: org.apache.ratis.thirdparty.io.netty.channel.AbstractChannel$AnnotatedConnectException: Connection refused: /192.168.5.181:35898
	at sun.nio.ch.SocketChannelImpl.checkConnect(Native Method)
	at sun.nio.ch.SocketChannelImpl.finishConnect(SocketChannelImpl.java:717)
	at org.apache.ratis.thirdparty.io.netty.channel.socket.nio.NioSocketChannel.doFinishConnect(NioSocketChannel.java:327)
	at org.apache.ratis.thirdparty.io.netty.channel.nio.AbstractNioChannel$AbstractNioUnsafe.finishConnect(AbstractNioChannel.java:340)
	at org.apache.ratis.thirdparty.io.netty.channel.nio.NioEventLoop.processSelectedKey(NioEventLoop.java:632)
	at org.apache.ratis.thirdparty.io.netty.channel.nio.NioEventLoop.processSelectedKeysOptimized(NioEventLoop.java:579)
	at org.apache.ratis.thirdparty.io.netty.channel.nio.NioEventLoop.processSelectedKeys(NioEventLoop.java:496)
	at org.apache.ratis.thirdparty.io.netty.channel.nio.NioEventLoop.run(NioEventLoop.java:458)
	at org.apache.ratis.thirdparty.io.netty.util.concurrent.SingleThreadEventExecutor$5.run(SingleThreadEventExecutor.java:897)
	at org.apache.ratis.thirdparty.io.netty.util.concurrent.FastThreadLocalRunnable.run(FastThreadLocalRunnable.java:30)
	... 1 more
Caused by: java.net.ConnectException: Connection refused
	... 11 more
2019-07-13 12:27:36,827 INFO  impl.LeaderElection (LogUtils.java:infoOrTrace(149)) -   Exception 1: {}
java.util.concurrent.ExecutionException: org.apache.ratis.thirdparty.io.grpc.StatusRuntimeException: UNAVAILABLE: io exception
	at java.util.concurrent.FutureTask.report(FutureTask.java:122)
	at java.util.concurrent.FutureTask.get(FutureTask.java:192)
	at org.apache.ratis.server.impl.LeaderElection.waitForResults(LeaderElection.java:262)
	at org.apache.ratis.server.impl.LeaderElection.askForVotes(LeaderElection.java:200)
	at org.apache.ratis.server.impl.LeaderElection.run(LeaderElection.java:130)
	at java.lang.Thread.run(Thread.java:748)
Caused by: org.apache.ratis.thirdparty.io.grpc.StatusRuntimeException: UNAVAILABLE: io exception
	at org.apache.ratis.thirdparty.io.grpc.stub.ClientCalls.toStatusRuntimeException(ClientCalls.java:233)
	at org.apache.ratis.thirdparty.io.grpc.stub.ClientCalls.getUnchecked(ClientCalls.java:214)
	at org.apache.ratis.thirdparty.io.grpc.stub.ClientCalls.blockingUnaryCall(ClientCalls.java:139)
	at org.apache.ratis.proto.grpc.RaftServerProtocolServiceGrpc$RaftServerProtocolServiceBlockingStub.requestVote(RaftServerProtocolServiceGrpc.java:265)
	at org.apache.ratis.grpc.server.GrpcServerProtocolClient.requestVote(GrpcServerProtocolClient.java:83)
	at org.apache.ratis.grpc.server.GrpcService.requestVote(GrpcService.java:195)
	at org.apache.ratis.server.impl.LeaderElection.lambda$submitRequests$1(LeaderElection.java:237)
	at java.util.concurrent.FutureTask.run(FutureTask.java:266)
	at java.util.concurrent.Executors$RunnableAdapter.call(Executors.java:511)
	at java.util.concurrent.FutureTask.run(FutureTask.java:266)
	at java.util.concurrent.ThreadPoolExecutor.runWorker(ThreadPoolExecutor.java:1149)
	at java.util.concurrent.ThreadPoolExecutor$Worker.run(ThreadPoolExecutor.java:624)
	... 1 more
Caused by: org.apache.ratis.thirdparty.io.netty.channel.AbstractChannel$AnnotatedConnectException: Connection refused: /192.168.5.181:33345
	at sun.nio.ch.SocketChannelImpl.checkConnect(Native Method)
	at sun.nio.ch.SocketChannelImpl.finishConnect(SocketChannelImpl.java:717)
	at org.apache.ratis.thirdparty.io.netty.channel.socket.nio.NioSocketChannel.doFinishConnect(NioSocketChannel.java:327)
	at org.apache.ratis.thirdparty.io.netty.channel.nio.AbstractNioChannel$AbstractNioUnsafe.finishConnect(AbstractNioChannel.java:340)
	at org.apache.ratis.thirdparty.io.netty.channel.nio.NioEventLoop.processSelectedKey(NioEventLoop.java:632)
	at org.apache.ratis.thirdparty.io.netty.channel.nio.NioEventLoop.processSelectedKeysOptimized(NioEventLoop.java:579)
	at org.apache.ratis.thirdparty.io.netty.channel.nio.NioEventLoop.processSelectedKeys(NioEventLoop.java:496)
	at org.apache.ratis.thirdparty.io.netty.channel.nio.NioEventLoop.run(NioEventLoop.java:458)
	at org.apache.ratis.thirdparty.io.netty.util.concurrent.SingleThreadEventExecutor$5.run(SingleThreadEventExecutor.java:897)
	at org.apache.ratis.thirdparty.io.netty.util.concurrent.FastThreadLocalRunnable.run(FastThreadLocalRunnable.java:30)
	... 1 more
Caused by: java.net.ConnectException: Connection refused
	... 11 more
2019-07-13 12:27:36,828 INFO  impl.RaftServerImpl (RaftServerImpl.java:setRole(171)) - b638f31a-9a55-4e88-8861-54b3556fd9f8:group-967862A576AC changes role from CANDIDATE to FOLLOWER at term 5 for DISCOVERED_A_NEW_TERM
2019-07-13 12:27:36,828 INFO  impl.RoleInfo (RoleInfo.java:shutdownLeaderElection(134)) - b638f31a-9a55-4e88-8861-54b3556fd9f8: shutdown LeaderElection
2019-07-13 12:27:36,830 INFO  impl.RoleInfo (RoleInfo.java:updateAndGet(143)) - b638f31a-9a55-4e88-8861-54b3556fd9f8: start FollowerState
2019-07-13 12:27:38,159 INFO  client.GrpcClientProtocolClient (GrpcClientProtocolClient.java:onNext(255)) - client-6604DE481522->b638f31a-9a55-4e88-8861-54b3556fd9f8: receive RaftClientReply:client-6604DE481522->b638f31a-9a55-4e88-8861-54b3556fd9f8@group-967862A576AC, cid=22, FAILED org.apache.ratis.protocol.NotLeaderException: Server b638f31a-9a55-4e88-8861-54b3556fd9f8 is not the leader (null). Request must be sent to leader., logIndex=0, commits[b638f31a-9a55-4e88-8861-54b3556fd9f8:c16, 7725a38b-54a6-4df1-a54c-afb4374855be:c16, 74efef67-ec0e-49fa-8557-a2a89921eea7:c16]
2019-07-13 12:27:41,199 INFO  client.GrpcClientProtocolClient (GrpcClientProtocolClient.java:onNext(255)) - client-6604DE481522->b638f31a-9a55-4e88-8861-54b3556fd9f8: receive RaftClientReply:client-6604DE481522->b638f31a-9a55-4e88-8861-54b3556fd9f8@group-967862A576AC, cid=22, FAILED org.apache.ratis.protocol.NotLeaderException: Server b638f31a-9a55-4e88-8861-54b3556fd9f8 is not the leader (null). Request must be sent to leader., logIndex=0, commits[b638f31a-9a55-4e88-8861-54b3556fd9f8:c16, 7725a38b-54a6-4df1-a54c-afb4374855be:c16, 74efef67-ec0e-49fa-8557-a2a89921eea7:c16]
2019-07-13 12:27:41,987 INFO  impl.FollowerState (FollowerState.java:run(106)) - b638f31a-9a55-4e88-8861-54b3556fd9f8:group-967862A576AC changes to CANDIDATE, lastRpcTime:5157, electionTimeout:5155ms
2019-07-13 12:27:41,987 INFO  impl.RoleInfo (RoleInfo.java:shutdownFollowerState(121)) - b638f31a-9a55-4e88-8861-54b3556fd9f8: shutdown FollowerState
2019-07-13 12:27:41,987 INFO  impl.RaftServerImpl (RaftServerImpl.java:setRole(171)) - b638f31a-9a55-4e88-8861-54b3556fd9f8:group-967862A576AC changes role from FOLLOWER to CANDIDATE at term 5 for changeToCandidate
2019-07-13 12:27:41,988 INFO  impl.RoleInfo (RoleInfo.java:updateAndGet(143)) - b638f31a-9a55-4e88-8861-54b3556fd9f8: start LeaderElection
2019-07-13 12:27:42,003 INFO  impl.LeaderElection (LeaderElection.java:askForVotes(181)) - b638f31a-9a55-4e88-8861-54b3556fd9f8:group-967862A576AC:LeaderElection19: begin an election at term 6 for 0: [b638f31a-9a55-4e88-8861-54b3556fd9f8:192.168.5.181:32932, 7725a38b-54a6-4df1-a54c-afb4374855be:192.168.5.181:35898, 74efef67-ec0e-49fa-8557-a2a89921eea7:192.168.5.181:33345], old=null
2019-07-13 12:27:42,005 INFO  impl.LeaderElection (LogUtils.java:infoOrTrace(149)) - b638f31a-9a55-4e88-8861-54b3556fd9f8:group-967862A576AC:LeaderElection19 got exception when requesting votes: {}
java.util.concurrent.ExecutionException: org.apache.ratis.thirdparty.io.grpc.StatusRuntimeException: UNAVAILABLE: io exception
	at java.util.concurrent.FutureTask.report(FutureTask.java:122)
	at java.util.concurrent.FutureTask.get(FutureTask.java:192)
	at org.apache.ratis.server.impl.LeaderElection.waitForResults(LeaderElection.java:262)
	at org.apache.ratis.server.impl.LeaderElection.askForVotes(LeaderElection.java:200)
	at org.apache.ratis.server.impl.LeaderElection.run(LeaderElection.java:130)
	at java.lang.Thread.run(Thread.java:748)
Caused by: org.apache.ratis.thirdparty.io.grpc.StatusRuntimeException: UNAVAILABLE: io exception
	at org.apache.ratis.thirdparty.io.grpc.stub.ClientCalls.toStatusRuntimeException(ClientCalls.java:233)
	at org.apache.ratis.thirdparty.io.grpc.stub.ClientCalls.getUnchecked(ClientCalls.java:214)
	at org.apache.ratis.thirdparty.io.grpc.stub.ClientCalls.blockingUnaryCall(ClientCalls.java:139)
	at org.apache.ratis.proto.grpc.RaftServerProtocolServiceGrpc$RaftServerProtocolServiceBlockingStub.requestVote(RaftServerProtocolServiceGrpc.java:265)
	at org.apache.ratis.grpc.server.GrpcServerProtocolClient.requestVote(GrpcServerProtocolClient.java:83)
	at org.apache.ratis.grpc.server.GrpcService.requestVote(GrpcService.java:195)
	at org.apache.ratis.server.impl.LeaderElection.lambda$submitRequests$1(LeaderElection.java:237)
	at java.util.concurrent.FutureTask.run(FutureTask.java:266)
	at java.util.concurrent.Executors$RunnableAdapter.call(Executors.java:511)
	at java.util.concurrent.FutureTask.run(FutureTask.java:266)
	at java.util.concurrent.ThreadPoolExecutor.runWorker(ThreadPoolExecutor.java:1149)
	at java.util.concurrent.ThreadPoolExecutor$Worker.run(ThreadPoolExecutor.java:624)
	... 1 more
Caused by: org.apache.ratis.thirdparty.io.netty.channel.AbstractChannel$AnnotatedConnectException: Connection refused: /192.168.5.181:35898
	at sun.nio.ch.SocketChannelImpl.checkConnect(Native Method)
	at sun.nio.ch.SocketChannelImpl.finishConnect(SocketChannelImpl.java:717)
	at org.apache.ratis.thirdparty.io.netty.channel.socket.nio.NioSocketChannel.doFinishConnect(NioSocketChannel.java:327)
	at org.apache.ratis.thirdparty.io.netty.channel.nio.AbstractNioChannel$AbstractNioUnsafe.finishConnect(AbstractNioChannel.java:340)
	at org.apache.ratis.thirdparty.io.netty.channel.nio.NioEventLoop.processSelectedKey(NioEventLoop.java:632)
	at org.apache.ratis.thirdparty.io.netty.channel.nio.NioEventLoop.processSelectedKeysOptimized(NioEventLoop.java:579)
	at org.apache.ratis.thirdparty.io.netty.channel.nio.NioEventLoop.processSelectedKeys(NioEventLoop.java:496)
	at org.apache.ratis.thirdparty.io.netty.channel.nio.NioEventLoop.run(NioEventLoop.java:458)
	at org.apache.ratis.thirdparty.io.netty.util.concurrent.SingleThreadEventExecutor$5.run(SingleThreadEventExecutor.java:897)
	at org.apache.ratis.thirdparty.io.netty.util.concurrent.FastThreadLocalRunnable.run(FastThreadLocalRunnable.java:30)
	... 1 more
Caused by: java.net.ConnectException: Connection refused
	... 11 more
2019-07-13 12:27:42,007 INFO  impl.LeaderElection (LogUtils.java:infoOrTrace(149)) - b638f31a-9a55-4e88-8861-54b3556fd9f8:group-967862A576AC:LeaderElection19 got exception when requesting votes: {}
java.util.concurrent.ExecutionException: org.apache.ratis.thirdparty.io.grpc.StatusRuntimeException: UNAVAILABLE: io exception
	at java.util.concurrent.FutureTask.report(FutureTask.java:122)
	at java.util.concurrent.FutureTask.get(FutureTask.java:192)
	at org.apache.ratis.server.impl.LeaderElection.waitForResults(LeaderElection.java:262)
	at org.apache.ratis.server.impl.LeaderElection.askForVotes(LeaderElection.java:200)
	at org.apache.ratis.server.impl.LeaderElection.run(LeaderElection.java:130)
	at java.lang.Thread.run(Thread.java:748)
Caused by: org.apache.ratis.thirdparty.io.grpc.StatusRuntimeException: UNAVAILABLE: io exception
	at org.apache.ratis.thirdparty.io.grpc.stub.ClientCalls.toStatusRuntimeException(ClientCalls.java:233)
	at org.apache.ratis.thirdparty.io.grpc.stub.ClientCalls.getUnchecked(ClientCalls.java:214)
	at org.apache.ratis.thirdparty.io.grpc.stub.ClientCalls.blockingUnaryCall(ClientCalls.java:139)
	at org.apache.ratis.proto.grpc.RaftServerProtocolServiceGrpc$RaftServerProtocolServiceBlockingStub.requestVote(RaftServerProtocolServiceGrpc.java:265)
	at org.apache.ratis.grpc.server.GrpcServerProtocolClient.requestVote(GrpcServerProtocolClient.java:83)
	at org.apache.ratis.grpc.server.GrpcService.requestVote(GrpcService.java:195)
	at org.apache.ratis.server.impl.LeaderElection.lambda$submitRequests$1(LeaderElection.java:237)
	at java.util.concurrent.FutureTask.run(FutureTask.java:266)
	at java.util.concurrent.Executors$RunnableAdapter.call(Executors.java:511)
	at java.util.concurrent.FutureTask.run(FutureTask.java:266)
	at java.util.concurrent.ThreadPoolExecutor.runWorker(ThreadPoolExecutor.java:1149)
	at java.util.concurrent.ThreadPoolExecutor$Worker.run(ThreadPoolExecutor.java:624)
	... 1 more
Caused by: org.apache.ratis.thirdparty.io.netty.channel.AbstractChannel$AnnotatedConnectException: Connection refused: /192.168.5.181:33345
	at sun.nio.ch.SocketChannelImpl.checkConnect(Native Method)
	at sun.nio.ch.SocketChannelImpl.finishConnect(SocketChannelImpl.java:717)
	at org.apache.ratis.thirdparty.io.netty.channel.socket.nio.NioSocketChannel.doFinishConnect(NioSocketChannel.java:327)
	at org.apache.ratis.thirdparty.io.netty.channel.nio.AbstractNioChannel$AbstractNioUnsafe.finishConnect(AbstractNioChannel.java:340)
	at org.apache.ratis.thirdparty.io.netty.channel.nio.NioEventLoop.processSelectedKey(NioEventLoop.java:632)
	at org.apache.ratis.thirdparty.io.netty.channel.nio.NioEventLoop.processSelectedKeysOptimized(NioEventLoop.java:579)
	at org.apache.ratis.thirdparty.io.netty.channel.nio.NioEventLoop.processSelectedKeys(NioEventLoop.java:496)
	at org.apache.ratis.thirdparty.io.netty.channel.nio.NioEventLoop.run(NioEventLoop.java:458)
	at org.apache.ratis.thirdparty.io.netty.util.concurrent.SingleThreadEventExecutor$5.run(SingleThreadEventExecutor.java:897)
	at org.apache.ratis.thirdparty.io.netty.util.concurrent.FastThreadLocalRunnable.run(FastThreadLocalRunnable.java:30)
	... 1 more
Caused by: java.net.ConnectException: Connection refused
	... 11 more
2019-07-13 12:27:42,009 INFO  impl.LeaderElection (LeaderElection.java:logAndReturn(56)) - b638f31a-9a55-4e88-8861-54b3556fd9f8:group-967862A576AC:LeaderElection19: Election REJECTED; received 0 response(s) [] and 2 exception(s); b638f31a-9a55-4e88-8861-54b3556fd9f8:t6, leader=null, voted=b638f31a-9a55-4e88-8861-54b3556fd9f8, raftlog=b638f31a-9a55-4e88-8861-54b3556fd9f8-SegmentedRaftLog:OPENED:c16,f16,i16, conf=0: [b638f31a-9a55-4e88-8861-54b3556fd9f8:192.168.5.181:32932, 7725a38b-54a6-4df1-a54c-afb4374855be:192.168.5.181:35898, 74efef67-ec0e-49fa-8557-a2a89921eea7:192.168.5.181:33345], old=null
2019-07-13 12:27:42,010 INFO  impl.LeaderElection (LogUtils.java:infoOrTrace(149)) -   Exception 0: {}
java.util.concurrent.ExecutionException: org.apache.ratis.thirdparty.io.grpc.StatusRuntimeException: UNAVAILABLE: io exception
	at java.util.concurrent.FutureTask.report(FutureTask.java:122)
	at java.util.concurrent.FutureTask.get(FutureTask.java:192)
	at org.apache.ratis.server.impl.LeaderElection.waitForResults(LeaderElection.java:262)
	at org.apache.ratis.server.impl.LeaderElection.askForVotes(LeaderElection.java:200)
	at org.apache.ratis.server.impl.LeaderElection.run(LeaderElection.java:130)
	at java.lang.Thread.run(Thread.java:748)
Caused by: org.apache.ratis.thirdparty.io.grpc.StatusRuntimeException: UNAVAILABLE: io exception
	at org.apache.ratis.thirdparty.io.grpc.stub.ClientCalls.toStatusRuntimeException(ClientCalls.java:233)
	at org.apache.ratis.thirdparty.io.grpc.stub.ClientCalls.getUnchecked(ClientCalls.java:214)
	at org.apache.ratis.thirdparty.io.grpc.stub.ClientCalls.blockingUnaryCall(ClientCalls.java:139)
	at org.apache.ratis.proto.grpc.RaftServerProtocolServiceGrpc$RaftServerProtocolServiceBlockingStub.requestVote(RaftServerProtocolServiceGrpc.java:265)
	at org.apache.ratis.grpc.server.GrpcServerProtocolClient.requestVote(GrpcServerProtocolClient.java:83)
	at org.apache.ratis.grpc.server.GrpcService.requestVote(GrpcService.java:195)
	at org.apache.ratis.server.impl.LeaderElection.lambda$submitRequests$1(LeaderElection.java:237)
	at java.util.concurrent.FutureTask.run(FutureTask.java:266)
	at java.util.concurrent.Executors$RunnableAdapter.call(Executors.java:511)
	at java.util.concurrent.FutureTask.run(FutureTask.java:266)
	at java.util.concurrent.ThreadPoolExecutor.runWorker(ThreadPoolExecutor.java:1149)
	at java.util.concurrent.ThreadPoolExecutor$Worker.run(ThreadPoolExecutor.java:624)
	... 1 more
Caused by: org.apache.ratis.thirdparty.io.netty.channel.AbstractChannel$AnnotatedConnectException: Connection refused: /192.168.5.181:35898
	at sun.nio.ch.SocketChannelImpl.checkConnect(Native Method)
	at sun.nio.ch.SocketChannelImpl.finishConnect(SocketChannelImpl.java:717)
	at org.apache.ratis.thirdparty.io.netty.channel.socket.nio.NioSocketChannel.doFinishConnect(NioSocketChannel.java:327)
	at org.apache.ratis.thirdparty.io.netty.channel.nio.AbstractNioChannel$AbstractNioUnsafe.finishConnect(AbstractNioChannel.java:340)
	at org.apache.ratis.thirdparty.io.netty.channel.nio.NioEventLoop.processSelectedKey(NioEventLoop.java:632)
	at org.apache.ratis.thirdparty.io.netty.channel.nio.NioEventLoop.processSelectedKeysOptimized(NioEventLoop.java:579)
	at org.apache.ratis.thirdparty.io.netty.channel.nio.NioEventLoop.processSelectedKeys(NioEventLoop.java:496)
	at org.apache.ratis.thirdparty.io.netty.channel.nio.NioEventLoop.run(NioEventLoop.java:458)
	at org.apache.ratis.thirdparty.io.netty.util.concurrent.SingleThreadEventExecutor$5.run(SingleThreadEventExecutor.java:897)
	at org.apache.ratis.thirdparty.io.netty.util.concurrent.FastThreadLocalRunnable.run(FastThreadLocalRunnable.java:30)
	... 1 more
Caused by: java.net.ConnectException: Connection refused
	... 11 more
2019-07-13 12:27:42,010 INFO  impl.LeaderElection (LogUtils.java:infoOrTrace(149)) -   Exception 1: {}
java.util.concurrent.ExecutionException: org.apache.ratis.thirdparty.io.grpc.StatusRuntimeException: UNAVAILABLE: io exception
	at java.util.concurrent.FutureTask.report(FutureTask.java:122)
	at java.util.concurrent.FutureTask.get(FutureTask.java:192)
	at org.apache.ratis.server.impl.LeaderElection.waitForResults(LeaderElection.java:262)
	at org.apache.ratis.server.impl.LeaderElection.askForVotes(LeaderElection.java:200)
	at org.apache.ratis.server.impl.LeaderElection.run(LeaderElection.java:130)
	at java.lang.Thread.run(Thread.java:748)
Caused by: org.apache.ratis.thirdparty.io.grpc.StatusRuntimeException: UNAVAILABLE: io exception
	at org.apache.ratis.thirdparty.io.grpc.stub.ClientCalls.toStatusRuntimeException(ClientCalls.java:233)
	at org.apache.ratis.thirdparty.io.grpc.stub.ClientCalls.getUnchecked(ClientCalls.java:214)
	at org.apache.ratis.thirdparty.io.grpc.stub.ClientCalls.blockingUnaryCall(ClientCalls.java:139)
	at org.apache.ratis.proto.grpc.RaftServerProtocolServiceGrpc$RaftServerProtocolServiceBlockingStub.requestVote(RaftServerProtocolServiceGrpc.java:265)
	at org.apache.ratis.grpc.server.GrpcServerProtocolClient.requestVote(GrpcServerProtocolClient.java:83)
	at org.apache.ratis.grpc.server.GrpcService.requestVote(GrpcService.java:195)
	at org.apache.ratis.server.impl.LeaderElection.lambda$submitRequests$1(LeaderElection.java:237)
	at java.util.concurrent.FutureTask.run(FutureTask.java:266)
	at java.util.concurrent.Executors$RunnableAdapter.call(Executors.java:511)
	at java.util.concurrent.FutureTask.run(FutureTask.java:266)
	at java.util.concurrent.ThreadPoolExecutor.runWorker(ThreadPoolExecutor.java:1149)
	at java.util.concurrent.ThreadPoolExecutor$Worker.run(ThreadPoolExecutor.java:624)
	... 1 more
Caused by: org.apache.ratis.thirdparty.io.netty.channel.AbstractChannel$AnnotatedConnectException: Connection refused: /192.168.5.181:33345
	at sun.nio.ch.SocketChannelImpl.checkConnect(Native Method)
	at sun.nio.ch.SocketChannelImpl.finishConnect(SocketChannelImpl.java:717)
	at org.apache.ratis.thirdparty.io.netty.channel.socket.nio.NioSocketChannel.doFinishConnect(NioSocketChannel.java:327)
	at org.apache.ratis.thirdparty.io.netty.channel.nio.AbstractNioChannel$AbstractNioUnsafe.finishConnect(AbstractNioChannel.java:340)
	at org.apache.ratis.thirdparty.io.netty.channel.nio.NioEventLoop.processSelectedKey(NioEventLoop.java:632)
	at org.apache.ratis.thirdparty.io.netty.channel.nio.NioEventLoop.processSelectedKeysOptimized(NioEventLoop.java:579)
	at org.apache.ratis.thirdparty.io.netty.channel.nio.NioEventLoop.processSelectedKeys(NioEventLoop.java:496)
	at org.apache.ratis.thirdparty.io.netty.channel.nio.NioEventLoop.run(NioEventLoop.java:458)
	at org.apache.ratis.thirdparty.io.netty.util.concurrent.SingleThreadEventExecutor$5.run(SingleThreadEventExecutor.java:897)
	at org.apache.ratis.thirdparty.io.netty.util.concurrent.FastThreadLocalRunnable.run(FastThreadLocalRunnable.java:30)
	... 1 more
Caused by: java.net.ConnectException: Connection refused
	... 11 more
2019-07-13 12:27:42,010 INFO  impl.RaftServerImpl (RaftServerImpl.java:setRole(171)) - b638f31a-9a55-4e88-8861-54b3556fd9f8:group-967862A576AC changes role from CANDIDATE to FOLLOWER at term 6 for DISCOVERED_A_NEW_TERM
2019-07-13 12:27:42,012 INFO  impl.RoleInfo (RoleInfo.java:shutdownLeaderElection(134)) - b638f31a-9a55-4e88-8861-54b3556fd9f8: shutdown LeaderElection
2019-07-13 12:27:42,012 INFO  impl.RoleInfo (RoleInfo.java:updateAndGet(143)) - b638f31a-9a55-4e88-8861-54b3556fd9f8: start FollowerState
2019-07-13 12:27:46,280 INFO  client.GrpcClientProtocolClient (GrpcClientProtocolClient.java:onNext(255)) - client-6604DE481522->b638f31a-9a55-4e88-8861-54b3556fd9f8: receive RaftClientReply:client-6604DE481522->b638f31a-9a55-4e88-8861-54b3556fd9f8@group-967862A576AC, cid=22, FAILED org.apache.ratis.protocol.NotLeaderException: Server b638f31a-9a55-4e88-8861-54b3556fd9f8 is not the leader (null). Request must be sent to leader., logIndex=0, commits[b638f31a-9a55-4e88-8861-54b3556fd9f8:c16, 7725a38b-54a6-4df1-a54c-afb4374855be:c16, 74efef67-ec0e-49fa-8557-a2a89921eea7:c16]
2019-07-13 12:27:47,189 INFO  impl.FollowerState (FollowerState.java:run(106)) - b638f31a-9a55-4e88-8861-54b3556fd9f8:group-967862A576AC changes to CANDIDATE, lastRpcTime:5176, electionTimeout:5174ms
2019-07-13 12:27:47,189 INFO  impl.RoleInfo (RoleInfo.java:shutdownFollowerState(121)) - b638f31a-9a55-4e88-8861-54b3556fd9f8: shutdown FollowerState
2019-07-13 12:27:47,189 INFO  impl.RaftServerImpl (RaftServerImpl.java:setRole(171)) - b638f31a-9a55-4e88-8861-54b3556fd9f8:group-967862A576AC changes role from FOLLOWER to CANDIDATE at term 6 for changeToCandidate
2019-07-13 12:27:47,189 INFO  impl.RoleInfo (RoleInfo.java:updateAndGet(143)) - b638f31a-9a55-4e88-8861-54b3556fd9f8: start LeaderElection
2019-07-13 12:27:47,198 INFO  impl.LeaderElection (LeaderElection.java:askForVotes(181)) - b638f31a-9a55-4e88-8861-54b3556fd9f8:group-967862A576AC:LeaderElection20: begin an election at term 7 for 0: [b638f31a-9a55-4e88-8861-54b3556fd9f8:192.168.5.181:32932, 7725a38b-54a6-4df1-a54c-afb4374855be:192.168.5.181:35898, 74efef67-ec0e-49fa-8557-a2a89921eea7:192.168.5.181:33345], old=null
2019-07-13 12:27:47,199 INFO  impl.LeaderElection (LogUtils.java:infoOrTrace(149)) - b638f31a-9a55-4e88-8861-54b3556fd9f8:group-967862A576AC:LeaderElection20 got exception when requesting votes: {}
java.util.concurrent.ExecutionException: org.apache.ratis.thirdparty.io.grpc.StatusRuntimeException: UNAVAILABLE: io exception
	at java.util.concurrent.FutureTask.report(FutureTask.java:122)
	at java.util.concurrent.FutureTask.get(FutureTask.java:192)
	at org.apache.ratis.server.impl.LeaderElection.waitForResults(LeaderElection.java:262)
	at org.apache.ratis.server.impl.LeaderElection.askForVotes(LeaderElection.java:200)
	at org.apache.ratis.server.impl.LeaderElection.run(LeaderElection.java:130)
	at java.lang.Thread.run(Thread.java:748)
Caused by: org.apache.ratis.thirdparty.io.grpc.StatusRuntimeException: UNAVAILABLE: io exception
	at org.apache.ratis.thirdparty.io.grpc.stub.ClientCalls.toStatusRuntimeException(ClientCalls.java:233)
	at org.apache.ratis.thirdparty.io.grpc.stub.ClientCalls.getUnchecked(ClientCalls.java:214)
	at org.apache.ratis.thirdparty.io.grpc.stub.ClientCalls.blockingUnaryCall(ClientCalls.java:139)
	at org.apache.ratis.proto.grpc.RaftServerProtocolServiceGrpc$RaftServerProtocolServiceBlockingStub.requestVote(RaftServerProtocolServiceGrpc.java:265)
	at org.apache.ratis.grpc.server.GrpcServerProtocolClient.requestVote(GrpcServerProtocolClient.java:83)
	at org.apache.ratis.grpc.server.GrpcService.requestVote(GrpcService.java:195)
	at org.apache.ratis.server.impl.LeaderElection.lambda$submitRequests$1(LeaderElection.java:237)
	at java.util.concurrent.FutureTask.run(FutureTask.java:266)
	at java.util.concurrent.Executors$RunnableAdapter.call(Executors.java:511)
	at java.util.concurrent.FutureTask.run(FutureTask.java:266)
	at java.util.concurrent.ThreadPoolExecutor.runWorker(ThreadPoolExecutor.java:1149)
	at java.util.concurrent.ThreadPoolExecutor$Worker.run(ThreadPoolExecutor.java:624)
	... 1 more
Caused by: org.apache.ratis.thirdparty.io.netty.channel.AbstractChannel$AnnotatedConnectException: Connection refused: /192.168.5.181:35898
	at sun.nio.ch.SocketChannelImpl.checkConnect(Native Method)
	at sun.nio.ch.SocketChannelImpl.finishConnect(SocketChannelImpl.java:717)
	at org.apache.ratis.thirdparty.io.netty.channel.socket.nio.NioSocketChannel.doFinishConnect(NioSocketChannel.java:327)
	at org.apache.ratis.thirdparty.io.netty.channel.nio.AbstractNioChannel$AbstractNioUnsafe.finishConnect(AbstractNioChannel.java:340)
	at org.apache.ratis.thirdparty.io.netty.channel.nio.NioEventLoop.processSelectedKey(NioEventLoop.java:632)
	at org.apache.ratis.thirdparty.io.netty.channel.nio.NioEventLoop.processSelectedKeysOptimized(NioEventLoop.java:579)
	at org.apache.ratis.thirdparty.io.netty.channel.nio.NioEventLoop.processSelectedKeys(NioEventLoop.java:496)
	at org.apache.ratis.thirdparty.io.netty.channel.nio.NioEventLoop.run(NioEventLoop.java:458)
	at org.apache.ratis.thirdparty.io.netty.util.concurrent.SingleThreadEventExecutor$5.run(SingleThreadEventExecutor.java:897)
	at org.apache.ratis.thirdparty.io.netty.util.concurrent.FastThreadLocalRunnable.run(FastThreadLocalRunnable.java:30)
	... 1 more
Caused by: java.net.ConnectException: Connection refused
	... 11 more
2019-07-13 12:27:47,202 INFO  impl.LeaderElection (LogUtils.java:infoOrTrace(149)) - b638f31a-9a55-4e88-8861-54b3556fd9f8:group-967862A576AC:LeaderElection20 got exception when requesting votes: {}
java.util.concurrent.ExecutionException: org.apache.ratis.thirdparty.io.grpc.StatusRuntimeException: UNAVAILABLE: io exception
	at java.util.concurrent.FutureTask.report(FutureTask.java:122)
	at java.util.concurrent.FutureTask.get(FutureTask.java:192)
	at org.apache.ratis.server.impl.LeaderElection.waitForResults(LeaderElection.java:262)
	at org.apache.ratis.server.impl.LeaderElection.askForVotes(LeaderElection.java:200)
	at org.apache.ratis.server.impl.LeaderElection.run(LeaderElection.java:130)
	at java.lang.Thread.run(Thread.java:748)
Caused by: org.apache.ratis.thirdparty.io.grpc.StatusRuntimeException: UNAVAILABLE: io exception
	at org.apache.ratis.thirdparty.io.grpc.stub.ClientCalls.toStatusRuntimeException(ClientCalls.java:233)
	at org.apache.ratis.thirdparty.io.grpc.stub.ClientCalls.getUnchecked(ClientCalls.java:214)
	at org.apache.ratis.thirdparty.io.grpc.stub.ClientCalls.blockingUnaryCall(ClientCalls.java:139)
	at org.apache.ratis.proto.grpc.RaftServerProtocolServiceGrpc$RaftServerProtocolServiceBlockingStub.requestVote(RaftServerProtocolServiceGrpc.java:265)
	at org.apache.ratis.grpc.server.GrpcServerProtocolClient.requestVote(GrpcServerProtocolClient.java:83)
	at org.apache.ratis.grpc.server.GrpcService.requestVote(GrpcService.java:195)
	at org.apache.ratis.server.impl.LeaderElection.lambda$submitRequests$1(LeaderElection.java:237)
	at java.util.concurrent.FutureTask.run(FutureTask.java:266)
	at java.util.concurrent.Executors$RunnableAdapter.call(Executors.java:511)
	at java.util.concurrent.FutureTask.run(FutureTask.java:266)
	at java.util.concurrent.ThreadPoolExecutor.runWorker(ThreadPoolExecutor.java:1149)
	at java.util.concurrent.ThreadPoolExecutor$Worker.run(ThreadPoolExecutor.java:624)
	... 1 more
Caused by: org.apache.ratis.thirdparty.io.netty.channel.AbstractChannel$AnnotatedConnectException: Connection refused: /192.168.5.181:33345
	at sun.nio.ch.SocketChannelImpl.checkConnect(Native Method)
	at sun.nio.ch.SocketChannelImpl.finishConnect(SocketChannelImpl.java:717)
	at org.apache.ratis.thirdparty.io.netty.channel.socket.nio.NioSocketChannel.doFinishConnect(NioSocketChannel.java:327)
	at org.apache.ratis.thirdparty.io.netty.channel.nio.AbstractNioChannel$AbstractNioUnsafe.finishConnect(AbstractNioChannel.java:340)
	at org.apache.ratis.thirdparty.io.netty.channel.nio.NioEventLoop.processSelectedKey(NioEventLoop.java:632)
	at org.apache.ratis.thirdparty.io.netty.channel.nio.NioEventLoop.processSelectedKeysOptimized(NioEventLoop.java:579)
	at org.apache.ratis.thirdparty.io.netty.channel.nio.NioEventLoop.processSelectedKeys(NioEventLoop.java:496)
	at org.apache.ratis.thirdparty.io.netty.channel.nio.NioEventLoop.run(NioEventLoop.java:458)
	at org.apache.ratis.thirdparty.io.netty.util.concurrent.SingleThreadEventExecutor$5.run(SingleThreadEventExecutor.java:897)
	at org.apache.ratis.thirdparty.io.netty.util.concurrent.FastThreadLocalRunnable.run(FastThreadLocalRunnable.java:30)
	... 1 more
Caused by: java.net.ConnectException: Connection refused
	... 11 more
2019-07-13 12:27:47,204 INFO  impl.LeaderElection (LeaderElection.java:logAndReturn(56)) - b638f31a-9a55-4e88-8861-54b3556fd9f8:group-967862A576AC:LeaderElection20: Election REJECTED; received 0 response(s) [] and 2 exception(s); b638f31a-9a55-4e88-8861-54b3556fd9f8:t7, leader=null, voted=b638f31a-9a55-4e88-8861-54b3556fd9f8, raftlog=b638f31a-9a55-4e88-8861-54b3556fd9f8-SegmentedRaftLog:OPENED:c16,f16,i16, conf=0: [b638f31a-9a55-4e88-8861-54b3556fd9f8:192.168.5.181:32932, 7725a38b-54a6-4df1-a54c-afb4374855be:192.168.5.181:35898, 74efef67-ec0e-49fa-8557-a2a89921eea7:192.168.5.181:33345], old=null
2019-07-13 12:27:47,204 INFO  impl.LeaderElection (LogUtils.java:infoOrTrace(149)) -   Exception 0: {}
java.util.concurrent.ExecutionException: org.apache.ratis.thirdparty.io.grpc.StatusRuntimeException: UNAVAILABLE: io exception
	at java.util.concurrent.FutureTask.report(FutureTask.java:122)
	at java.util.concurrent.FutureTask.get(FutureTask.java:192)
	at org.apache.ratis.server.impl.LeaderElection.waitForResults(LeaderElection.java:262)
	at org.apache.ratis.server.impl.LeaderElection.askForVotes(LeaderElection.java:200)
	at org.apache.ratis.server.impl.LeaderElection.run(LeaderElection.java:130)
	at java.lang.Thread.run(Thread.java:748)
Caused by: org.apache.ratis.thirdparty.io.grpc.StatusRuntimeException: UNAVAILABLE: io exception
	at org.apache.ratis.thirdparty.io.grpc.stub.ClientCalls.toStatusRuntimeException(ClientCalls.java:233)
	at org.apache.ratis.thirdparty.io.grpc.stub.ClientCalls.getUnchecked(ClientCalls.java:214)
	at org.apache.ratis.thirdparty.io.grpc.stub.ClientCalls.blockingUnaryCall(ClientCalls.java:139)
	at org.apache.ratis.proto.grpc.RaftServerProtocolServiceGrpc$RaftServerProtocolServiceBlockingStub.requestVote(RaftServerProtocolServiceGrpc.java:265)
	at org.apache.ratis.grpc.server.GrpcServerProtocolClient.requestVote(GrpcServerProtocolClient.java:83)
	at org.apache.ratis.grpc.server.GrpcService.requestVote(GrpcService.java:195)
	at org.apache.ratis.server.impl.LeaderElection.lambda$submitRequests$1(LeaderElection.java:237)
	at java.util.concurrent.FutureTask.run(FutureTask.java:266)
	at java.util.concurrent.Executors$RunnableAdapter.call(Executors.java:511)
	at java.util.concurrent.FutureTask.run(FutureTask.java:266)
	at java.util.concurrent.ThreadPoolExecutor.runWorker(ThreadPoolExecutor.java:1149)
	at java.util.concurrent.ThreadPoolExecutor$Worker.run(ThreadPoolExecutor.java:624)
	... 1 more
Caused by: org.apache.ratis.thirdparty.io.netty.channel.AbstractChannel$AnnotatedConnectException: Connection refused: /192.168.5.181:35898
	at sun.nio.ch.SocketChannelImpl.checkConnect(Native Method)
	at sun.nio.ch.SocketChannelImpl.finishConnect(SocketChannelImpl.java:717)
	at org.apache.ratis.thirdparty.io.netty.channel.socket.nio.NioSocketChannel.doFinishConnect(NioSocketChannel.java:327)
	at org.apache.ratis.thirdparty.io.netty.channel.nio.AbstractNioChannel$AbstractNioUnsafe.finishConnect(AbstractNioChannel.java:340)
	at org.apache.ratis.thirdparty.io.netty.channel.nio.NioEventLoop.processSelectedKey(NioEventLoop.java:632)
	at org.apache.ratis.thirdparty.io.netty.channel.nio.NioEventLoop.processSelectedKeysOptimized(NioEventLoop.java:579)
	at org.apache.ratis.thirdparty.io.netty.channel.nio.NioEventLoop.processSelectedKeys(NioEventLoop.java:496)
	at org.apache.ratis.thirdparty.io.netty.channel.nio.NioEventLoop.run(NioEventLoop.java:458)
	at org.apache.ratis.thirdparty.io.netty.util.concurrent.SingleThreadEventExecutor$5.run(SingleThreadEventExecutor.java:897)
	at org.apache.ratis.thirdparty.io.netty.util.concurrent.FastThreadLocalRunnable.run(FastThreadLocalRunnable.java:30)
	... 1 more
Caused by: java.net.ConnectException: Connection refused
	... 11 more
2019-07-13 12:27:47,205 INFO  impl.LeaderElection (LogUtils.java:infoOrTrace(149)) -   Exception 1: {}
java.util.concurrent.ExecutionException: org.apache.ratis.thirdparty.io.grpc.StatusRuntimeException: UNAVAILABLE: io exception
	at java.util.concurrent.FutureTask.report(FutureTask.java:122)
	at java.util.concurrent.FutureTask.get(FutureTask.java:192)
	at org.apache.ratis.server.impl.LeaderElection.waitForResults(LeaderElection.java:262)
	at org.apache.ratis.server.impl.LeaderElection.askForVotes(LeaderElection.java:200)
	at org.apache.ratis.server.impl.LeaderElection.run(LeaderElection.java:130)
	at java.lang.Thread.run(Thread.java:748)
Caused by: org.apache.ratis.thirdparty.io.grpc.StatusRuntimeException: UNAVAILABLE: io exception
	at org.apache.ratis.thirdparty.io.grpc.stub.ClientCalls.toStatusRuntimeException(ClientCalls.java:233)
	at org.apache.ratis.thirdparty.io.grpc.stub.ClientCalls.getUnchecked(ClientCalls.java:214)
	at org.apache.ratis.thirdparty.io.grpc.stub.ClientCalls.blockingUnaryCall(ClientCalls.java:139)
	at org.apache.ratis.proto.grpc.RaftServerProtocolServiceGrpc$RaftServerProtocolServiceBlockingStub.requestVote(RaftServerProtocolServiceGrpc.java:265)
	at org.apache.ratis.grpc.server.GrpcServerProtocolClient.requestVote(GrpcServerProtocolClient.java:83)
	at org.apache.ratis.grpc.server.GrpcService.requestVote(GrpcService.java:195)
	at org.apache.ratis.server.impl.LeaderElection.lambda$submitRequests$1(LeaderElection.java:237)
	at java.util.concurrent.FutureTask.run(FutureTask.java:266)
	at java.util.concurrent.Executors$RunnableAdapter.call(Executors.java:511)
	at java.util.concurrent.FutureTask.run(FutureTask.java:266)
	at java.util.concurrent.ThreadPoolExecutor.runWorker(ThreadPoolExecutor.java:1149)
	at java.util.concurrent.ThreadPoolExecutor$Worker.run(ThreadPoolExecutor.java:624)
	... 1 more
Caused by: org.apache.ratis.thirdparty.io.netty.channel.AbstractChannel$AnnotatedConnectException: Connection refused: /192.168.5.181:33345
	at sun.nio.ch.SocketChannelImpl.checkConnect(Native Method)
	at sun.nio.ch.SocketChannelImpl.finishConnect(SocketChannelImpl.java:717)
	at org.apache.ratis.thirdparty.io.netty.channel.socket.nio.NioSocketChannel.doFinishConnect(NioSocketChannel.java:327)
	at org.apache.ratis.thirdparty.io.netty.channel.nio.AbstractNioChannel$AbstractNioUnsafe.finishConnect(AbstractNioChannel.java:340)
	at org.apache.ratis.thirdparty.io.netty.channel.nio.NioEventLoop.processSelectedKey(NioEventLoop.java:632)
	at org.apache.ratis.thirdparty.io.netty.channel.nio.NioEventLoop.processSelectedKeysOptimized(NioEventLoop.java:579)
	at org.apache.ratis.thirdparty.io.netty.channel.nio.NioEventLoop.processSelectedKeys(NioEventLoop.java:496)
	at org.apache.ratis.thirdparty.io.netty.channel.nio.NioEventLoop.run(NioEventLoop.java:458)
	at org.apache.ratis.thirdparty.io.netty.util.concurrent.SingleThreadEventExecutor$5.run(SingleThreadEventExecutor.java:897)
	at org.apache.ratis.thirdparty.io.netty.util.concurrent.FastThreadLocalRunnable.run(FastThreadLocalRunnable.java:30)
	... 1 more
Caused by: java.net.ConnectException: Connection refused
	... 11 more
2019-07-13 12:27:47,205 INFO  impl.RaftServerImpl (RaftServerImpl.java:setRole(171)) - b638f31a-9a55-4e88-8861-54b3556fd9f8:group-967862A576AC changes role from CANDIDATE to FOLLOWER at term 7 for DISCOVERED_A_NEW_TERM
2019-07-13 12:27:47,207 INFO  impl.RoleInfo (RoleInfo.java:shutdownLeaderElection(134)) - b638f31a-9a55-4e88-8861-54b3556fd9f8: shutdown LeaderElection
2019-07-13 12:27:47,208 INFO  impl.RoleInfo (RoleInfo.java:updateAndGet(143)) - b638f31a-9a55-4e88-8861-54b3556fd9f8: start FollowerState
2019-07-13 12:27:49,326 INFO  client.GrpcClientProtocolClient (GrpcClientProtocolClient.java:onNext(255)) - client-6604DE481522->b638f31a-9a55-4e88-8861-54b3556fd9f8: receive RaftClientReply:client-6604DE481522->b638f31a-9a55-4e88-8861-54b3556fd9f8@group-967862A576AC, cid=22, FAILED org.apache.ratis.protocol.NotLeaderException: Server b638f31a-9a55-4e88-8861-54b3556fd9f8 is not the leader (null). Request must be sent to leader., logIndex=0, commits[b638f31a-9a55-4e88-8861-54b3556fd9f8:c16, 7725a38b-54a6-4df1-a54c-afb4374855be:c16, 74efef67-ec0e-49fa-8557-a2a89921eea7:c16]
2019-07-13 12:27:51,356 INFO  client.GrpcClientProtocolClient (GrpcClientProtocolClient.java:onNext(255)) - client-6604DE481522->b638f31a-9a55-4e88-8861-54b3556fd9f8: receive RaftClientReply:client-6604DE481522->b638f31a-9a55-4e88-8861-54b3556fd9f8@group-967862A576AC, cid=22, FAILED org.apache.ratis.protocol.NotLeaderException: Server b638f31a-9a55-4e88-8861-54b3556fd9f8 is not the leader (null). Request must be sent to leader., logIndex=0, commits[b638f31a-9a55-4e88-8861-54b3556fd9f8:c16, 7725a38b-54a6-4df1-a54c-afb4374855be:c16, 74efef67-ec0e-49fa-8557-a2a89921eea7:c16]
2019-07-13 12:27:52,354 INFO  impl.FollowerState (FollowerState.java:run(106)) - b638f31a-9a55-4e88-8861-54b3556fd9f8:group-967862A576AC changes to CANDIDATE, lastRpcTime:5146, electionTimeout:5144ms
2019-07-13 12:27:52,354 INFO  impl.RoleInfo (RoleInfo.java:shutdownFollowerState(121)) - b638f31a-9a55-4e88-8861-54b3556fd9f8: shutdown FollowerState
2019-07-13 12:27:52,354 INFO  impl.RaftServerImpl (RaftServerImpl.java:setRole(171)) - b638f31a-9a55-4e88-8861-54b3556fd9f8:group-967862A576AC changes role from FOLLOWER to CANDIDATE at term 7 for changeToCandidate
2019-07-13 12:27:52,354 INFO  impl.RoleInfo (RoleInfo.java:updateAndGet(143)) - b638f31a-9a55-4e88-8861-54b3556fd9f8: start LeaderElection
2019-07-13 12:27:52,374 INFO  impl.LeaderElection (LeaderElection.java:askForVotes(181)) - b638f31a-9a55-4e88-8861-54b3556fd9f8:group-967862A576AC:LeaderElection21: begin an election at term 8 for 0: [b638f31a-9a55-4e88-8861-54b3556fd9f8:192.168.5.181:32932, 7725a38b-54a6-4df1-a54c-afb4374855be:192.168.5.181:35898, 74efef67-ec0e-49fa-8557-a2a89921eea7:192.168.5.181:33345], old=null
2019-07-13 12:27:52,375 INFO  impl.LeaderElection (LogUtils.java:infoOrTrace(149)) - b638f31a-9a55-4e88-8861-54b3556fd9f8:group-967862A576AC:LeaderElection21 got exception when requesting votes: {}
java.util.concurrent.ExecutionException: org.apache.ratis.thirdparty.io.grpc.StatusRuntimeException: UNAVAILABLE: io exception
	at java.util.concurrent.FutureTask.report(FutureTask.java:122)
	at java.util.concurrent.FutureTask.get(FutureTask.java:192)
	at org.apache.ratis.server.impl.LeaderElection.waitForResults(LeaderElection.java:262)
	at org.apache.ratis.server.impl.LeaderElection.askForVotes(LeaderElection.java:200)
	at org.apache.ratis.server.impl.LeaderElection.run(LeaderElection.java:130)
	at java.lang.Thread.run(Thread.java:748)
Caused by: org.apache.ratis.thirdparty.io.grpc.StatusRuntimeException: UNAVAILABLE: io exception
	at org.apache.ratis.thirdparty.io.grpc.stub.ClientCalls.toStatusRuntimeException(ClientCalls.java:233)
	at org.apache.ratis.thirdparty.io.grpc.stub.ClientCalls.getUnchecked(ClientCalls.java:214)
	at org.apache.ratis.thirdparty.io.grpc.stub.ClientCalls.blockingUnaryCall(ClientCalls.java:139)
	at org.apache.ratis.proto.grpc.RaftServerProtocolServiceGrpc$RaftServerProtocolServiceBlockingStub.requestVote(RaftServerProtocolServiceGrpc.java:265)
	at org.apache.ratis.grpc.server.GrpcServerProtocolClient.requestVote(GrpcServerProtocolClient.java:83)
	at org.apache.ratis.grpc.server.GrpcService.requestVote(GrpcService.java:195)
	at org.apache.ratis.server.impl.LeaderElection.lambda$submitRequests$1(LeaderElection.java:237)
	at java.util.concurrent.FutureTask.run(FutureTask.java:266)
	at java.util.concurrent.Executors$RunnableAdapter.call(Executors.java:511)
	at java.util.concurrent.FutureTask.run(FutureTask.java:266)
	at java.util.concurrent.ThreadPoolExecutor.runWorker(ThreadPoolExecutor.java:1149)
	at java.util.concurrent.ThreadPoolExecutor$Worker.run(ThreadPoolExecutor.java:624)
	... 1 more
Caused by: org.apache.ratis.thirdparty.io.netty.channel.AbstractChannel$AnnotatedConnectException: Connection refused: /192.168.5.181:35898
	at sun.nio.ch.SocketChannelImpl.checkConnect(Native Method)
	at sun.nio.ch.SocketChannelImpl.finishConnect(SocketChannelImpl.java:717)
	at org.apache.ratis.thirdparty.io.netty.channel.socket.nio.NioSocketChannel.doFinishConnect(NioSocketChannel.java:327)
	at org.apache.ratis.thirdparty.io.netty.channel.nio.AbstractNioChannel$AbstractNioUnsafe.finishConnect(AbstractNioChannel.java:340)
	at org.apache.ratis.thirdparty.io.netty.channel.nio.NioEventLoop.processSelectedKey(NioEventLoop.java:632)
	at org.apache.ratis.thirdparty.io.netty.channel.nio.NioEventLoop.processSelectedKeysOptimized(NioEventLoop.java:579)
	at org.apache.ratis.thirdparty.io.netty.channel.nio.NioEventLoop.processSelectedKeys(NioEventLoop.java:496)
	at org.apache.ratis.thirdparty.io.netty.channel.nio.NioEventLoop.run(NioEventLoop.java:458)
	at org.apache.ratis.thirdparty.io.netty.util.concurrent.SingleThreadEventExecutor$5.run(SingleThreadEventExecutor.java:897)
	at org.apache.ratis.thirdparty.io.netty.util.concurrent.FastThreadLocalRunnable.run(FastThreadLocalRunnable.java:30)
	... 1 more
Caused by: java.net.ConnectException: Connection refused
	... 11 more
2019-07-13 12:27:52,378 INFO  impl.LeaderElection (LogUtils.java:infoOrTrace(149)) - b638f31a-9a55-4e88-8861-54b3556fd9f8:group-967862A576AC:LeaderElection21 got exception when requesting votes: {}
java.util.concurrent.ExecutionException: org.apache.ratis.thirdparty.io.grpc.StatusRuntimeException: UNAVAILABLE: io exception
	at java.util.concurrent.FutureTask.report(FutureTask.java:122)
	at java.util.concurrent.FutureTask.get(FutureTask.java:192)
	at org.apache.ratis.server.impl.LeaderElection.waitForResults(LeaderElection.java:262)
	at org.apache.ratis.server.impl.LeaderElection.askForVotes(LeaderElection.java:200)
	at org.apache.ratis.server.impl.LeaderElection.run(LeaderElection.java:130)
	at java.lang.Thread.run(Thread.java:748)
Caused by: org.apache.ratis.thirdparty.io.grpc.StatusRuntimeException: UNAVAILABLE: io exception
	at org.apache.ratis.thirdparty.io.grpc.stub.ClientCalls.toStatusRuntimeException(ClientCalls.java:233)
	at org.apache.ratis.thirdparty.io.grpc.stub.ClientCalls.getUnchecked(ClientCalls.java:214)
	at org.apache.ratis.thirdparty.io.grpc.stub.ClientCalls.blockingUnaryCall(ClientCalls.java:139)
	at org.apache.ratis.proto.grpc.RaftServerProtocolServiceGrpc$RaftServerProtocolServiceBlockingStub.requestVote(RaftServerProtocolServiceGrpc.java:265)
	at org.apache.ratis.grpc.server.GrpcServerProtocolClient.requestVote(GrpcServerProtocolClient.java:83)
	at org.apache.ratis.grpc.server.GrpcService.requestVote(GrpcService.java:195)
	at org.apache.ratis.server.impl.LeaderElection.lambda$submitRequests$1(LeaderElection.java:237)
	at java.util.concurrent.FutureTask.run(FutureTask.java:266)
	at java.util.concurrent.Executors$RunnableAdapter.call(Executors.java:511)
	at java.util.concurrent.FutureTask.run(FutureTask.java:266)
	at java.util.concurrent.ThreadPoolExecutor.runWorker(ThreadPoolExecutor.java:1149)
	at java.util.concurrent.ThreadPoolExecutor$Worker.run(ThreadPoolExecutor.java:624)
	... 1 more
Caused by: org.apache.ratis.thirdparty.io.netty.channel.AbstractChannel$AnnotatedConnectException: Connection refused: /192.168.5.181:33345
	at sun.nio.ch.SocketChannelImpl.checkConnect(Native Method)
	at sun.nio.ch.SocketChannelImpl.finishConnect(SocketChannelImpl.java:717)
	at org.apache.ratis.thirdparty.io.netty.channel.socket.nio.NioSocketChannel.doFinishConnect(NioSocketChannel.java:327)
	at org.apache.ratis.thirdparty.io.netty.channel.nio.AbstractNioChannel$AbstractNioUnsafe.finishConnect(AbstractNioChannel.java:340)
	at org.apache.ratis.thirdparty.io.netty.channel.nio.NioEventLoop.processSelectedKey(NioEventLoop.java:632)
	at org.apache.ratis.thirdparty.io.netty.channel.nio.NioEventLoop.processSelectedKeysOptimized(NioEventLoop.java:579)
	at org.apache.ratis.thirdparty.io.netty.channel.nio.NioEventLoop.processSelectedKeys(NioEventLoop.java:496)
	at org.apache.ratis.thirdparty.io.netty.channel.nio.NioEventLoop.run(NioEventLoop.java:458)
	at org.apache.ratis.thirdparty.io.netty.util.concurrent.SingleThreadEventExecutor$5.run(SingleThreadEventExecutor.java:897)
	at org.apache.ratis.thirdparty.io.netty.util.concurrent.FastThreadLocalRunnable.run(FastThreadLocalRunnable.java:30)
	... 1 more
Caused by: java.net.ConnectException: Connection refused
	... 11 more
2019-07-13 12:27:52,380 INFO  impl.LeaderElection (LeaderElection.java:logAndReturn(56)) - b638f31a-9a55-4e88-8861-54b3556fd9f8:group-967862A576AC:LeaderElection21: Election REJECTED; received 0 response(s) [] and 2 exception(s); b638f31a-9a55-4e88-8861-54b3556fd9f8:t8, leader=null, voted=b638f31a-9a55-4e88-8861-54b3556fd9f8, raftlog=b638f31a-9a55-4e88-8861-54b3556fd9f8-SegmentedRaftLog:OPENED:c16,f16,i16, conf=0: [b638f31a-9a55-4e88-8861-54b3556fd9f8:192.168.5.181:32932, 7725a38b-54a6-4df1-a54c-afb4374855be:192.168.5.181:35898, 74efef67-ec0e-49fa-8557-a2a89921eea7:192.168.5.181:33345], old=null
2019-07-13 12:27:52,380 INFO  impl.LeaderElection (LogUtils.java:infoOrTrace(149)) -   Exception 0: {}
java.util.concurrent.ExecutionException: org.apache.ratis.thirdparty.io.grpc.StatusRuntimeException: UNAVAILABLE: io exception
	at java.util.concurrent.FutureTask.report(FutureTask.java:122)
	at java.util.concurrent.FutureTask.get(FutureTask.java:192)
	at org.apache.ratis.server.impl.LeaderElection.waitForResults(LeaderElection.java:262)
	at org.apache.ratis.server.impl.LeaderElection.askForVotes(LeaderElection.java:200)
	at org.apache.ratis.server.impl.LeaderElection.run(LeaderElection.java:130)
	at java.lang.Thread.run(Thread.java:748)
Caused by: org.apache.ratis.thirdparty.io.grpc.StatusRuntimeException: UNAVAILABLE: io exception
	at org.apache.ratis.thirdparty.io.grpc.stub.ClientCalls.toStatusRuntimeException(ClientCalls.java:233)
	at org.apache.ratis.thirdparty.io.grpc.stub.ClientCalls.getUnchecked(ClientCalls.java:214)
	at org.apache.ratis.thirdparty.io.grpc.stub.ClientCalls.blockingUnaryCall(ClientCalls.java:139)
	at org.apache.ratis.proto.grpc.RaftServerProtocolServiceGrpc$RaftServerProtocolServiceBlockingStub.requestVote(RaftServerProtocolServiceGrpc.java:265)
	at org.apache.ratis.grpc.server.GrpcServerProtocolClient.requestVote(GrpcServerProtocolClient.java:83)
	at org.apache.ratis.grpc.server.GrpcService.requestVote(GrpcService.java:195)
	at org.apache.ratis.server.impl.LeaderElection.lambda$submitRequests$1(LeaderElection.java:237)
	at java.util.concurrent.FutureTask.run(FutureTask.java:266)
	at java.util.concurrent.Executors$RunnableAdapter.call(Executors.java:511)
	at java.util.concurrent.FutureTask.run(FutureTask.java:266)
	at java.util.concurrent.ThreadPoolExecutor.runWorker(ThreadPoolExecutor.java:1149)
	at java.util.concurrent.ThreadPoolExecutor$Worker.run(ThreadPoolExecutor.java:624)
	... 1 more
Caused by: org.apache.ratis.thirdparty.io.netty.channel.AbstractChannel$AnnotatedConnectException: Connection refused: /192.168.5.181:35898
	at sun.nio.ch.SocketChannelImpl.checkConnect(Native Method)
	at sun.nio.ch.SocketChannelImpl.finishConnect(SocketChannelImpl.java:717)
	at org.apache.ratis.thirdparty.io.netty.channel.socket.nio.NioSocketChannel.doFinishConnect(NioSocketChannel.java:327)
	at org.apache.ratis.thirdparty.io.netty.channel.nio.AbstractNioChannel$AbstractNioUnsafe.finishConnect(AbstractNioChannel.java:340)
	at org.apache.ratis.thirdparty.io.netty.channel.nio.NioEventLoop.processSelectedKey(NioEventLoop.java:632)
	at org.apache.ratis.thirdparty.io.netty.channel.nio.NioEventLoop.processSelectedKeysOptimized(NioEventLoop.java:579)
	at org.apache.ratis.thirdparty.io.netty.channel.nio.NioEventLoop.processSelectedKeys(NioEventLoop.java:496)
	at org.apache.ratis.thirdparty.io.netty.channel.nio.NioEventLoop.run(NioEventLoop.java:458)
	at org.apache.ratis.thirdparty.io.netty.util.concurrent.SingleThreadEventExecutor$5.run(SingleThreadEventExecutor.java:897)
	at org.apache.ratis.thirdparty.io.netty.util.concurrent.FastThreadLocalRunnable.run(FastThreadLocalRunnable.java:30)
	... 1 more
Caused by: java.net.ConnectException: Connection refused
	... 11 more
2019-07-13 12:27:52,381 INFO  impl.LeaderElection (LogUtils.java:infoOrTrace(149)) -   Exception 1: {}
java.util.concurrent.ExecutionException: org.apache.ratis.thirdparty.io.grpc.StatusRuntimeException: UNAVAILABLE: io exception
	at java.util.concurrent.FutureTask.report(FutureTask.java:122)
	at java.util.concurrent.FutureTask.get(FutureTask.java:192)
	at org.apache.ratis.server.impl.LeaderElection.waitForResults(LeaderElection.java:262)
	at org.apache.ratis.server.impl.LeaderElection.askForVotes(LeaderElection.java:200)
	at org.apache.ratis.server.impl.LeaderElection.run(LeaderElection.java:130)
	at java.lang.Thread.run(Thread.java:748)
Caused by: org.apache.ratis.thirdparty.io.grpc.StatusRuntimeException: UNAVAILABLE: io exception
	at org.apache.ratis.thirdparty.io.grpc.stub.ClientCalls.toStatusRuntimeException(ClientCalls.java:233)
	at org.apache.ratis.thirdparty.io.grpc.stub.ClientCalls.getUnchecked(ClientCalls.java:214)
	at org.apache.ratis.thirdparty.io.grpc.stub.ClientCalls.blockingUnaryCall(ClientCalls.java:139)
	at org.apache.ratis.proto.grpc.RaftServerProtocolServiceGrpc$RaftServerProtocolServiceBlockingStub.requestVote(RaftServerProtocolServiceGrpc.java:265)
	at org.apache.ratis.grpc.server.GrpcServerProtocolClient.requestVote(GrpcServerProtocolClient.java:83)
	at org.apache.ratis.grpc.server.GrpcService.requestVote(GrpcService.java:195)
	at org.apache.ratis.server.impl.LeaderElection.lambda$submitRequests$1(LeaderElection.java:237)
	at java.util.concurrent.FutureTask.run(FutureTask.java:266)
	at java.util.concurrent.Executors$RunnableAdapter.call(Executors.java:511)
	at java.util.concurrent.FutureTask.run(FutureTask.java:266)
	at java.util.concurrent.ThreadPoolExecutor.runWorker(ThreadPoolExecutor.java:1149)
	at java.util.concurrent.ThreadPoolExecutor$Worker.run(ThreadPoolExecutor.java:624)
	... 1 more
Caused by: org.apache.ratis.thirdparty.io.netty.channel.AbstractChannel$AnnotatedConnectException: Connection refused: /192.168.5.181:33345
	at sun.nio.ch.SocketChannelImpl.checkConnect(Native Method)
	at sun.nio.ch.SocketChannelImpl.finishConnect(SocketChannelImpl.java:717)
	at org.apache.ratis.thirdparty.io.netty.channel.socket.nio.NioSocketChannel.doFinishConnect(NioSocketChannel.java:327)
	at org.apache.ratis.thirdparty.io.netty.channel.nio.AbstractNioChannel$AbstractNioUnsafe.finishConnect(AbstractNioChannel.java:340)
	at org.apache.ratis.thirdparty.io.netty.channel.nio.NioEventLoop.processSelectedKey(NioEventLoop.java:632)
	at org.apache.ratis.thirdparty.io.netty.channel.nio.NioEventLoop.processSelectedKeysOptimized(NioEventLoop.java:579)
	at org.apache.ratis.thirdparty.io.netty.channel.nio.NioEventLoop.processSelectedKeys(NioEventLoop.java:496)
	at org.apache.ratis.thirdparty.io.netty.channel.nio.NioEventLoop.run(NioEventLoop.java:458)
	at org.apache.ratis.thirdparty.io.netty.util.concurrent.SingleThreadEventExecutor$5.run(SingleThreadEventExecutor.java:897)
	at org.apache.ratis.thirdparty.io.netty.util.concurrent.FastThreadLocalRunnable.run(FastThreadLocalRunnable.java:30)
	... 1 more
Caused by: java.net.ConnectException: Connection refused
	... 11 more
2019-07-13 12:27:52,381 INFO  impl.RaftServerImpl (RaftServerImpl.java:setRole(171)) - b638f31a-9a55-4e88-8861-54b3556fd9f8:group-967862A576AC changes role from CANDIDATE to FOLLOWER at term 8 for DISCOVERED_A_NEW_TERM
2019-07-13 12:27:52,381 INFO  impl.RoleInfo (RoleInfo.java:shutdownLeaderElection(134)) - b638f31a-9a55-4e88-8861-54b3556fd9f8: shutdown LeaderElection
2019-07-13 12:27:52,384 INFO  impl.RoleInfo (RoleInfo.java:updateAndGet(143)) - b638f31a-9a55-4e88-8861-54b3556fd9f8: start FollowerState
2019-07-13 12:27:53,378 INFO  client.GrpcClientProtocolClient (GrpcClientProtocolClient.java:onNext(255)) - client-6604DE481522->b638f31a-9a55-4e88-8861-54b3556fd9f8: receive RaftClientReply:client-6604DE481522->b638f31a-9a55-4e88-8861-54b3556fd9f8@group-967862A576AC, cid=22, FAILED org.apache.ratis.protocol.NotLeaderException: Server b638f31a-9a55-4e88-8861-54b3556fd9f8 is not the leader (null). Request must be sent to leader., logIndex=0, commits[b638f31a-9a55-4e88-8861-54b3556fd9f8:c16, 7725a38b-54a6-4df1-a54c-afb4374855be:c16, 74efef67-ec0e-49fa-8557-a2a89921eea7:c16]
2019-07-13 12:27:57,409 INFO  client.GrpcClientProtocolClient (GrpcClientProtocolClient.java:onNext(255)) - client-6604DE481522->b638f31a-9a55-4e88-8861-54b3556fd9f8: receive RaftClientReply:client-6604DE481522->b638f31a-9a55-4e88-8861-54b3556fd9f8@group-967862A576AC, cid=22, FAILED org.apache.ratis.protocol.NotLeaderException: Server b638f31a-9a55-4e88-8861-54b3556fd9f8 is not the leader (null). Request must be sent to leader., logIndex=0, commits[b638f31a-9a55-4e88-8861-54b3556fd9f8:c16, 7725a38b-54a6-4df1-a54c-afb4374855be:c16, 74efef67-ec0e-49fa-8557-a2a89921eea7:c16]
2019-07-13 12:27:57,420 INFO  impl.FollowerState (FollowerState.java:run(106)) - b638f31a-9a55-4e88-8861-54b3556fd9f8:group-967862A576AC changes to CANDIDATE, lastRpcTime:5036, electionTimeout:5034ms
2019-07-13 12:27:57,420 INFO  impl.RoleInfo (RoleInfo.java:shutdownFollowerState(121)) - b638f31a-9a55-4e88-8861-54b3556fd9f8: shutdown FollowerState
2019-07-13 12:27:57,420 INFO  impl.RaftServerImpl (RaftServerImpl.java:setRole(171)) - b638f31a-9a55-4e88-8861-54b3556fd9f8:group-967862A576AC changes role from FOLLOWER to CANDIDATE at term 8 for changeToCandidate
2019-07-13 12:27:57,421 INFO  impl.RoleInfo (RoleInfo.java:updateAndGet(143)) - b638f31a-9a55-4e88-8861-54b3556fd9f8: start LeaderElection
2019-07-13 12:27:57,431 INFO  impl.LeaderElection (LeaderElection.java:askForVotes(181)) - b638f31a-9a55-4e88-8861-54b3556fd9f8:group-967862A576AC:LeaderElection22: begin an election at term 9 for 0: [b638f31a-9a55-4e88-8861-54b3556fd9f8:192.168.5.181:32932, 7725a38b-54a6-4df1-a54c-afb4374855be:192.168.5.181:35898, 74efef67-ec0e-49fa-8557-a2a89921eea7:192.168.5.181:33345], old=null
2019-07-13 12:27:57,432 INFO  impl.LeaderElection (LogUtils.java:infoOrTrace(149)) - b638f31a-9a55-4e88-8861-54b3556fd9f8:group-967862A576AC:LeaderElection22 got exception when requesting votes: {}
java.util.concurrent.ExecutionException: org.apache.ratis.thirdparty.io.grpc.StatusRuntimeException: UNAVAILABLE: io exception
	at java.util.concurrent.FutureTask.report(FutureTask.java:122)
	at java.util.concurrent.FutureTask.get(FutureTask.java:192)
	at org.apache.ratis.server.impl.LeaderElection.waitForResults(LeaderElection.java:262)
	at org.apache.ratis.server.impl.LeaderElection.askForVotes(LeaderElection.java:200)
	at org.apache.ratis.server.impl.LeaderElection.run(LeaderElection.java:130)
	at java.lang.Thread.run(Thread.java:748)
Caused by: org.apache.ratis.thirdparty.io.grpc.StatusRuntimeException: UNAVAILABLE: io exception
	at org.apache.ratis.thirdparty.io.grpc.stub.ClientCalls.toStatusRuntimeException(ClientCalls.java:233)
	at org.apache.ratis.thirdparty.io.grpc.stub.ClientCalls.getUnchecked(ClientCalls.java:214)
	at org.apache.ratis.thirdparty.io.grpc.stub.ClientCalls.blockingUnaryCall(ClientCalls.java:139)
	at org.apache.ratis.proto.grpc.RaftServerProtocolServiceGrpc$RaftServerProtocolServiceBlockingStub.requestVote(RaftServerProtocolServiceGrpc.java:265)
	at org.apache.ratis.grpc.server.GrpcServerProtocolClient.requestVote(GrpcServerProtocolClient.java:83)
	at org.apache.ratis.grpc.server.GrpcService.requestVote(GrpcService.java:195)
	at org.apache.ratis.server.impl.LeaderElection.lambda$submitRequests$1(LeaderElection.java:237)
	at java.util.concurrent.FutureTask.run(FutureTask.java:266)
	at java.util.concurrent.Executors$RunnableAdapter.call(Executors.java:511)
	at java.util.concurrent.FutureTask.run(FutureTask.java:266)
	at java.util.concurrent.ThreadPoolExecutor.runWorker(ThreadPoolExecutor.java:1149)
	at java.util.concurrent.ThreadPoolExecutor$Worker.run(ThreadPoolExecutor.java:624)
	... 1 more
Caused by: org.apache.ratis.thirdparty.io.netty.channel.AbstractChannel$AnnotatedConnectException: Connection refused: /192.168.5.181:35898
	at sun.nio.ch.SocketChannelImpl.checkConnect(Native Method)
	at sun.nio.ch.SocketChannelImpl.finishConnect(SocketChannelImpl.java:717)
	at org.apache.ratis.thirdparty.io.netty.channel.socket.nio.NioSocketChannel.doFinishConnect(NioSocketChannel.java:327)
	at org.apache.ratis.thirdparty.io.netty.channel.nio.AbstractNioChannel$AbstractNioUnsafe.finishConnect(AbstractNioChannel.java:340)
	at org.apache.ratis.thirdparty.io.netty.channel.nio.NioEventLoop.processSelectedKey(NioEventLoop.java:632)
	at org.apache.ratis.thirdparty.io.netty.channel.nio.NioEventLoop.processSelectedKeysOptimized(NioEventLoop.java:579)
	at org.apache.ratis.thirdparty.io.netty.channel.nio.NioEventLoop.processSelectedKeys(NioEventLoop.java:496)
	at org.apache.ratis.thirdparty.io.netty.channel.nio.NioEventLoop.run(NioEventLoop.java:458)
	at org.apache.ratis.thirdparty.io.netty.util.concurrent.SingleThreadEventExecutor$5.run(SingleThreadEventExecutor.java:897)
	at org.apache.ratis.thirdparty.io.netty.util.concurrent.FastThreadLocalRunnable.run(FastThreadLocalRunnable.java:30)
	... 1 more
Caused by: java.net.ConnectException: Connection refused
	... 11 more
2019-07-13 12:27:57,435 INFO  impl.LeaderElection (LogUtils.java:infoOrTrace(149)) - b638f31a-9a55-4e88-8861-54b3556fd9f8:group-967862A576AC:LeaderElection22 got exception when requesting votes: {}
java.util.concurrent.ExecutionException: org.apache.ratis.thirdparty.io.grpc.StatusRuntimeException: UNAVAILABLE: io exception
	at java.util.concurrent.FutureTask.report(FutureTask.java:122)
	at java.util.concurrent.FutureTask.get(FutureTask.java:192)
	at org.apache.ratis.server.impl.LeaderElection.waitForResults(LeaderElection.java:262)
	at org.apache.ratis.server.impl.LeaderElection.askForVotes(LeaderElection.java:200)
	at org.apache.ratis.server.impl.LeaderElection.run(LeaderElection.java:130)
	at java.lang.Thread.run(Thread.java:748)
Caused by: org.apache.ratis.thirdparty.io.grpc.StatusRuntimeException: UNAVAILABLE: io exception
	at org.apache.ratis.thirdparty.io.grpc.stub.ClientCalls.toStatusRuntimeException(ClientCalls.java:233)
	at org.apache.ratis.thirdparty.io.grpc.stub.ClientCalls.getUnchecked(ClientCalls.java:214)
	at org.apache.ratis.thirdparty.io.grpc.stub.ClientCalls.blockingUnaryCall(ClientCalls.java:139)
	at org.apache.ratis.proto.grpc.RaftServerProtocolServiceGrpc$RaftServerProtocolServiceBlockingStub.requestVote(RaftServerProtocolServiceGrpc.java:265)
	at org.apache.ratis.grpc.server.GrpcServerProtocolClient.requestVote(GrpcServerProtocolClient.java:83)
	at org.apache.ratis.grpc.server.GrpcService.requestVote(GrpcService.java:195)
	at org.apache.ratis.server.impl.LeaderElection.lambda$submitRequests$1(LeaderElection.java:237)
	at java.util.concurrent.FutureTask.run(FutureTask.java:266)
	at java.util.concurrent.Executors$RunnableAdapter.call(Executors.java:511)
	at java.util.concurrent.FutureTask.run(FutureTask.java:266)
	at java.util.concurrent.ThreadPoolExecutor.runWorker(ThreadPoolExecutor.java:1149)
	at java.util.concurrent.ThreadPoolExecutor$Worker.run(ThreadPoolExecutor.java:624)
	... 1 more
Caused by: org.apache.ratis.thirdparty.io.netty.channel.AbstractChannel$AnnotatedConnectException: Connection refused: /192.168.5.181:33345
	at sun.nio.ch.SocketChannelImpl.checkConnect(Native Method)
	at sun.nio.ch.SocketChannelImpl.finishConnect(SocketChannelImpl.java:717)
	at org.apache.ratis.thirdparty.io.netty.channel.socket.nio.NioSocketChannel.doFinishConnect(NioSocketChannel.java:327)
	at org.apache.ratis.thirdparty.io.netty.channel.nio.AbstractNioChannel$AbstractNioUnsafe.finishConnect(AbstractNioChannel.java:340)
	at org.apache.ratis.thirdparty.io.netty.channel.nio.NioEventLoop.processSelectedKey(NioEventLoop.java:632)
	at org.apache.ratis.thirdparty.io.netty.channel.nio.NioEventLoop.processSelectedKeysOptimized(NioEventLoop.java:579)
	at org.apache.ratis.thirdparty.io.netty.channel.nio.NioEventLoop.processSelectedKeys(NioEventLoop.java:496)
	at org.apache.ratis.thirdparty.io.netty.channel.nio.NioEventLoop.run(NioEventLoop.java:458)
	at org.apache.ratis.thirdparty.io.netty.util.concurrent.SingleThreadEventExecutor$5.run(SingleThreadEventExecutor.java:897)
	at org.apache.ratis.thirdparty.io.netty.util.concurrent.FastThreadLocalRunnable.run(FastThreadLocalRunnable.java:30)
	... 1 more
Caused by: java.net.ConnectException: Connection refused
	... 11 more
2019-07-13 12:27:57,437 INFO  impl.LeaderElection (LeaderElection.java:logAndReturn(56)) - b638f31a-9a55-4e88-8861-54b3556fd9f8:group-967862A576AC:LeaderElection22: Election REJECTED; received 0 response(s) [] and 2 exception(s); b638f31a-9a55-4e88-8861-54b3556fd9f8:t9, leader=null, voted=b638f31a-9a55-4e88-8861-54b3556fd9f8, raftlog=b638f31a-9a55-4e88-8861-54b3556fd9f8-SegmentedRaftLog:OPENED:c16,f16,i16, conf=0: [b638f31a-9a55-4e88-8861-54b3556fd9f8:192.168.5.181:32932, 7725a38b-54a6-4df1-a54c-afb4374855be:192.168.5.181:35898, 74efef67-ec0e-49fa-8557-a2a89921eea7:192.168.5.181:33345], old=null
2019-07-13 12:27:57,437 INFO  impl.LeaderElection (LogUtils.java:infoOrTrace(149)) -   Exception 0: {}
java.util.concurrent.ExecutionException: org.apache.ratis.thirdparty.io.grpc.StatusRuntimeException: UNAVAILABLE: io exception
	at java.util.concurrent.FutureTask.report(FutureTask.java:122)
	at java.util.concurrent.FutureTask.get(FutureTask.java:192)
	at org.apache.ratis.server.impl.LeaderElection.waitForResults(LeaderElection.java:262)
	at org.apache.ratis.server.impl.LeaderElection.askForVotes(LeaderElection.java:200)
	at org.apache.ratis.server.impl.LeaderElection.run(LeaderElection.java:130)
	at java.lang.Thread.run(Thread.java:748)
Caused by: org.apache.ratis.thirdparty.io.grpc.StatusRuntimeException: UNAVAILABLE: io exception
	at org.apache.ratis.thirdparty.io.grpc.stub.ClientCalls.toStatusRuntimeException(ClientCalls.java:233)
	at org.apache.ratis.thirdparty.io.grpc.stub.ClientCalls.getUnchecked(ClientCalls.java:214)
	at org.apache.ratis.thirdparty.io.grpc.stub.ClientCalls.blockingUnaryCall(ClientCalls.java:139)
	at org.apache.ratis.proto.grpc.RaftServerProtocolServiceGrpc$RaftServerProtocolServiceBlockingStub.requestVote(RaftServerProtocolServiceGrpc.java:265)
	at org.apache.ratis.grpc.server.GrpcServerProtocolClient.requestVote(GrpcServerProtocolClient.java:83)
	at org.apache.ratis.grpc.server.GrpcService.requestVote(GrpcService.java:195)
	at org.apache.ratis.server.impl.LeaderElection.lambda$submitRequests$1(LeaderElection.java:237)
	at java.util.concurrent.FutureTask.run(FutureTask.java:266)
	at java.util.concurrent.Executors$RunnableAdapter.call(Executors.java:511)
	at java.util.concurrent.FutureTask.run(FutureTask.java:266)
	at java.util.concurrent.ThreadPoolExecutor.runWorker(ThreadPoolExecutor.java:1149)
	at java.util.concurrent.ThreadPoolExecutor$Worker.run(ThreadPoolExecutor.java:624)
	... 1 more
Caused by: org.apache.ratis.thirdparty.io.netty.channel.AbstractChannel$AnnotatedConnectException: Connection refused: /192.168.5.181:35898
	at sun.nio.ch.SocketChannelImpl.checkConnect(Native Method)
	at sun.nio.ch.SocketChannelImpl.finishConnect(SocketChannelImpl.java:717)
	at org.apache.ratis.thirdparty.io.netty.channel.socket.nio.NioSocketChannel.doFinishConnect(NioSocketChannel.java:327)
	at org.apache.ratis.thirdparty.io.netty.channel.nio.AbstractNioChannel$AbstractNioUnsafe.finishConnect(AbstractNioChannel.java:340)
	at org.apache.ratis.thirdparty.io.netty.channel.nio.NioEventLoop.processSelectedKey(NioEventLoop.java:632)
	at org.apache.ratis.thirdparty.io.netty.channel.nio.NioEventLoop.processSelectedKeysOptimized(NioEventLoop.java:579)
	at org.apache.ratis.thirdparty.io.netty.channel.nio.NioEventLoop.processSelectedKeys(NioEventLoop.java:496)
	at org.apache.ratis.thirdparty.io.netty.channel.nio.NioEventLoop.run(NioEventLoop.java:458)
	at org.apache.ratis.thirdparty.io.netty.util.concurrent.SingleThreadEventExecutor$5.run(SingleThreadEventExecutor.java:897)
	at org.apache.ratis.thirdparty.io.netty.util.concurrent.FastThreadLocalRunnable.run(FastThreadLocalRunnable.java:30)
	... 1 more
Caused by: java.net.ConnectException: Connection refused
	... 11 more
2019-07-13 12:27:57,438 INFO  impl.LeaderElection (LogUtils.java:infoOrTrace(149)) -   Exception 1: {}
java.util.concurrent.ExecutionException: org.apache.ratis.thirdparty.io.grpc.StatusRuntimeException: UNAVAILABLE: io exception
	at java.util.concurrent.FutureTask.report(FutureTask.java:122)
	at java.util.concurrent.FutureTask.get(FutureTask.java:192)
	at org.apache.ratis.server.impl.LeaderElection.waitForResults(LeaderElection.java:262)
	at org.apache.ratis.server.impl.LeaderElection.askForVotes(LeaderElection.java:200)
	at org.apache.ratis.server.impl.LeaderElection.run(LeaderElection.java:130)
	at java.lang.Thread.run(Thread.java:748)
Caused by: org.apache.ratis.thirdparty.io.grpc.StatusRuntimeException: UNAVAILABLE: io exception
	at org.apache.ratis.thirdparty.io.grpc.stub.ClientCalls.toStatusRuntimeException(ClientCalls.java:233)
	at org.apache.ratis.thirdparty.io.grpc.stub.ClientCalls.getUnchecked(ClientCalls.java:214)
	at org.apache.ratis.thirdparty.io.grpc.stub.ClientCalls.blockingUnaryCall(ClientCalls.java:139)
	at org.apache.ratis.proto.grpc.RaftServerProtocolServiceGrpc$RaftServerProtocolServiceBlockingStub.requestVote(RaftServerProtocolServiceGrpc.java:265)
	at org.apache.ratis.grpc.server.GrpcServerProtocolClient.requestVote(GrpcServerProtocolClient.java:83)
	at org.apache.ratis.grpc.server.GrpcService.requestVote(GrpcService.java:195)
	at org.apache.ratis.server.impl.LeaderElection.lambda$submitRequests$1(LeaderElection.java:237)
	at java.util.concurrent.FutureTask.run(FutureTask.java:266)
	at java.util.concurrent.Executors$RunnableAdapter.call(Executors.java:511)
	at java.util.concurrent.FutureTask.run(FutureTask.java:266)
	at java.util.concurrent.ThreadPoolExecutor.runWorker(ThreadPoolExecutor.java:1149)
	at java.util.concurrent.ThreadPoolExecutor$Worker.run(ThreadPoolExecutor.java:624)
	... 1 more
Caused by: org.apache.ratis.thirdparty.io.netty.channel.AbstractChannel$AnnotatedConnectException: Connection refused: /192.168.5.181:33345
	at sun.nio.ch.SocketChannelImpl.checkConnect(Native Method)
	at sun.nio.ch.SocketChannelImpl.finishConnect(SocketChannelImpl.java:717)
	at org.apache.ratis.thirdparty.io.netty.channel.socket.nio.NioSocketChannel.doFinishConnect(NioSocketChannel.java:327)
	at org.apache.ratis.thirdparty.io.netty.channel.nio.AbstractNioChannel$AbstractNioUnsafe.finishConnect(AbstractNioChannel.java:340)
	at org.apache.ratis.thirdparty.io.netty.channel.nio.NioEventLoop.processSelectedKey(NioEventLoop.java:632)
	at org.apache.ratis.thirdparty.io.netty.channel.nio.NioEventLoop.processSelectedKeysOptimized(NioEventLoop.java:579)
	at org.apache.ratis.thirdparty.io.netty.channel.nio.NioEventLoop.processSelectedKeys(NioEventLoop.java:496)
	at org.apache.ratis.thirdparty.io.netty.channel.nio.NioEventLoop.run(NioEventLoop.java:458)
	at org.apache.ratis.thirdparty.io.netty.util.concurrent.SingleThreadEventExecutor$5.run(SingleThreadEventExecutor.java:897)
	at org.apache.ratis.thirdparty.io.netty.util.concurrent.FastThreadLocalRunnable.run(FastThreadLocalRunnable.java:30)
	... 1 more
Caused by: java.net.ConnectException: Connection refused
	... 11 more
2019-07-13 12:27:57,438 INFO  impl.RaftServerImpl (RaftServerImpl.java:setRole(171)) - b638f31a-9a55-4e88-8861-54b3556fd9f8:group-967862A576AC changes role from CANDIDATE to FOLLOWER at term 9 for DISCOVERED_A_NEW_TERM
2019-07-13 12:27:57,440 INFO  impl.RoleInfo (RoleInfo.java:shutdownLeaderElection(134)) - b638f31a-9a55-4e88-8861-54b3556fd9f8: shutdown LeaderElection
2019-07-13 12:27:57,440 INFO  impl.RoleInfo (RoleInfo.java:updateAndGet(143)) - b638f31a-9a55-4e88-8861-54b3556fd9f8: start FollowerState
2019-07-13 12:28:02,464 INFO  client.GrpcClientProtocolClient (GrpcClientProtocolClient.java:onNext(255)) - client-6604DE481522->b638f31a-9a55-4e88-8861-54b3556fd9f8: receive RaftClientReply:client-6604DE481522->b638f31a-9a55-4e88-8861-54b3556fd9f8@group-967862A576AC, cid=22, FAILED org.apache.ratis.protocol.NotLeaderException: Server b638f31a-9a55-4e88-8861-54b3556fd9f8 is not the leader (null). Request must be sent to leader., logIndex=0, commits[b638f31a-9a55-4e88-8861-54b3556fd9f8:c16, 7725a38b-54a6-4df1-a54c-afb4374855be:c16, 74efef67-ec0e-49fa-8557-a2a89921eea7:c16]
2019-07-13 12:28:02,561 INFO  impl.FollowerState (FollowerState.java:run(106)) - b638f31a-9a55-4e88-8861-54b3556fd9f8:group-967862A576AC changes to CANDIDATE, lastRpcTime:5120, electionTimeout:5118ms
2019-07-13 12:28:02,561 INFO  impl.RoleInfo (RoleInfo.java:shutdownFollowerState(121)) - b638f31a-9a55-4e88-8861-54b3556fd9f8: shutdown FollowerState
2019-07-13 12:28:02,561 INFO  impl.RaftServerImpl (RaftServerImpl.java:setRole(171)) - b638f31a-9a55-4e88-8861-54b3556fd9f8:group-967862A576AC changes role from FOLLOWER to CANDIDATE at term 9 for changeToCandidate
2019-07-13 12:28:02,561 INFO  impl.RoleInfo (RoleInfo.java:updateAndGet(143)) - b638f31a-9a55-4e88-8861-54b3556fd9f8: start LeaderElection
2019-07-13 12:28:02,576 INFO  impl.LeaderElection (LeaderElection.java:askForVotes(181)) - b638f31a-9a55-4e88-8861-54b3556fd9f8:group-967862A576AC:LeaderElection23: begin an election at term 10 for 0: [b638f31a-9a55-4e88-8861-54b3556fd9f8:192.168.5.181:32932, 7725a38b-54a6-4df1-a54c-afb4374855be:192.168.5.181:35898, 74efef67-ec0e-49fa-8557-a2a89921eea7:192.168.5.181:33345], old=null
2019-07-13 12:28:02,578 INFO  impl.LeaderElection (LogUtils.java:infoOrTrace(149)) - b638f31a-9a55-4e88-8861-54b3556fd9f8:group-967862A576AC:LeaderElection23 got exception when requesting votes: {}
java.util.concurrent.ExecutionException: org.apache.ratis.thirdparty.io.grpc.StatusRuntimeException: UNAVAILABLE: io exception
	at java.util.concurrent.FutureTask.report(FutureTask.java:122)
	at java.util.concurrent.FutureTask.get(FutureTask.java:192)
	at org.apache.ratis.server.impl.LeaderElection.waitForResults(LeaderElection.java:262)
	at org.apache.ratis.server.impl.LeaderElection.askForVotes(LeaderElection.java:200)
	at org.apache.ratis.server.impl.LeaderElection.run(LeaderElection.java:130)
	at java.lang.Thread.run(Thread.java:748)
Caused by: org.apache.ratis.thirdparty.io.grpc.StatusRuntimeException: UNAVAILABLE: io exception
	at org.apache.ratis.thirdparty.io.grpc.stub.ClientCalls.toStatusRuntimeException(ClientCalls.java:233)
	at org.apache.ratis.thirdparty.io.grpc.stub.ClientCalls.getUnchecked(ClientCalls.java:214)
	at org.apache.ratis.thirdparty.io.grpc.stub.ClientCalls.blockingUnaryCall(ClientCalls.java:139)
	at org.apache.ratis.proto.grpc.RaftServerProtocolServiceGrpc$RaftServerProtocolServiceBlockingStub.requestVote(RaftServerProtocolServiceGrpc.java:265)
	at org.apache.ratis.grpc.server.GrpcServerProtocolClient.requestVote(GrpcServerProtocolClient.java:83)
	at org.apache.ratis.grpc.server.GrpcService.requestVote(GrpcService.java:195)
	at org.apache.ratis.server.impl.LeaderElection.lambda$submitRequests$1(LeaderElection.java:237)
	at java.util.concurrent.FutureTask.run(FutureTask.java:266)
	at java.util.concurrent.Executors$RunnableAdapter.call(Executors.java:511)
	at java.util.concurrent.FutureTask.run(FutureTask.java:266)
	at java.util.concurrent.ThreadPoolExecutor.runWorker(ThreadPoolExecutor.java:1149)
	at java.util.concurrent.ThreadPoolExecutor$Worker.run(ThreadPoolExecutor.java:624)
	... 1 more
Caused by: org.apache.ratis.thirdparty.io.netty.channel.AbstractChannel$AnnotatedConnectException: Connection refused: /192.168.5.181:35898
	at sun.nio.ch.SocketChannelImpl.checkConnect(Native Method)
	at sun.nio.ch.SocketChannelImpl.finishConnect(SocketChannelImpl.java:717)
	at org.apache.ratis.thirdparty.io.netty.channel.socket.nio.NioSocketChannel.doFinishConnect(NioSocketChannel.java:327)
	at org.apache.ratis.thirdparty.io.netty.channel.nio.AbstractNioChannel$AbstractNioUnsafe.finishConnect(AbstractNioChannel.java:340)
	at org.apache.ratis.thirdparty.io.netty.channel.nio.NioEventLoop.processSelectedKey(NioEventLoop.java:632)
	at org.apache.ratis.thirdparty.io.netty.channel.nio.NioEventLoop.processSelectedKeysOptimized(NioEventLoop.java:579)
	at org.apache.ratis.thirdparty.io.netty.channel.nio.NioEventLoop.processSelectedKeys(NioEventLoop.java:496)
	at org.apache.ratis.thirdparty.io.netty.channel.nio.NioEventLoop.run(NioEventLoop.java:458)
	at org.apache.ratis.thirdparty.io.netty.util.concurrent.SingleThreadEventExecutor$5.run(SingleThreadEventExecutor.java:897)
	at org.apache.ratis.thirdparty.io.netty.util.concurrent.FastThreadLocalRunnable.run(FastThreadLocalRunnable.java:30)
	... 1 more
Caused by: java.net.ConnectException: Connection refused
	... 11 more
2019-07-13 12:28:02,580 INFO  impl.LeaderElection (LogUtils.java:infoOrTrace(149)) - b638f31a-9a55-4e88-8861-54b3556fd9f8:group-967862A576AC:LeaderElection23 got exception when requesting votes: {}
java.util.concurrent.ExecutionException: org.apache.ratis.thirdparty.io.grpc.StatusRuntimeException: UNAVAILABLE: io exception
	at java.util.concurrent.FutureTask.report(FutureTask.java:122)
	at java.util.concurrent.FutureTask.get(FutureTask.java:192)
	at org.apache.ratis.server.impl.LeaderElection.waitForResults(LeaderElection.java:262)
	at org.apache.ratis.server.impl.LeaderElection.askForVotes(LeaderElection.java:200)
	at org.apache.ratis.server.impl.LeaderElection.run(LeaderElection.java:130)
	at java.lang.Thread.run(Thread.java:748)
Caused by: org.apache.ratis.thirdparty.io.grpc.StatusRuntimeException: UNAVAILABLE: io exception
	at org.apache.ratis.thirdparty.io.grpc.stub.ClientCalls.toStatusRuntimeException(ClientCalls.java:233)
	at org.apache.ratis.thirdparty.io.grpc.stub.ClientCalls.getUnchecked(ClientCalls.java:214)
	at org.apache.ratis.thirdparty.io.grpc.stub.ClientCalls.blockingUnaryCall(ClientCalls.java:139)
	at org.apache.ratis.proto.grpc.RaftServerProtocolServiceGrpc$RaftServerProtocolServiceBlockingStub.requestVote(RaftServerProtocolServiceGrpc.java:265)
	at org.apache.ratis.grpc.server.GrpcServerProtocolClient.requestVote(GrpcServerProtocolClient.java:83)
	at org.apache.ratis.grpc.server.GrpcService.requestVote(GrpcService.java:195)
	at org.apache.ratis.server.impl.LeaderElection.lambda$submitRequests$1(LeaderElection.java:237)
	at java.util.concurrent.FutureTask.run(FutureTask.java:266)
	at java.util.concurrent.Executors$RunnableAdapter.call(Executors.java:511)
	at java.util.concurrent.FutureTask.run(FutureTask.java:266)
	at java.util.concurrent.ThreadPoolExecutor.runWorker(ThreadPoolExecutor.java:1149)
	at java.util.concurrent.ThreadPoolExecutor$Worker.run(ThreadPoolExecutor.java:624)
	... 1 more
Caused by: org.apache.ratis.thirdparty.io.netty.channel.AbstractChannel$AnnotatedConnectException: Connection refused: /192.168.5.181:33345
	at sun.nio.ch.SocketChannelImpl.checkConnect(Native Method)
	at sun.nio.ch.SocketChannelImpl.finishConnect(SocketChannelImpl.java:717)
	at org.apache.ratis.thirdparty.io.netty.channel.socket.nio.NioSocketChannel.doFinishConnect(NioSocketChannel.java:327)
	at org.apache.ratis.thirdparty.io.netty.channel.nio.AbstractNioChannel$AbstractNioUnsafe.finishConnect(AbstractNioChannel.java:340)
	at org.apache.ratis.thirdparty.io.netty.channel.nio.NioEventLoop.processSelectedKey(NioEventLoop.java:632)
	at org.apache.ratis.thirdparty.io.netty.channel.nio.NioEventLoop.processSelectedKeysOptimized(NioEventLoop.java:579)
	at org.apache.ratis.thirdparty.io.netty.channel.nio.NioEventLoop.processSelectedKeys(NioEventLoop.java:496)
	at org.apache.ratis.thirdparty.io.netty.channel.nio.NioEventLoop.run(NioEventLoop.java:458)
	at org.apache.ratis.thirdparty.io.netty.util.concurrent.SingleThreadEventExecutor$5.run(SingleThreadEventExecutor.java:897)
	at org.apache.ratis.thirdparty.io.netty.util.concurrent.FastThreadLocalRunnable.run(FastThreadLocalRunnable.java:30)
	... 1 more
Caused by: java.net.ConnectException: Connection refused
	... 11 more
2019-07-13 12:28:02,583 INFO  impl.LeaderElection (LeaderElection.java:logAndReturn(56)) - b638f31a-9a55-4e88-8861-54b3556fd9f8:group-967862A576AC:LeaderElection23: Election REJECTED; received 0 response(s) [] and 2 exception(s); b638f31a-9a55-4e88-8861-54b3556fd9f8:t10, leader=null, voted=b638f31a-9a55-4e88-8861-54b3556fd9f8, raftlog=b638f31a-9a55-4e88-8861-54b3556fd9f8-SegmentedRaftLog:OPENED:c16,f16,i16, conf=0: [b638f31a-9a55-4e88-8861-54b3556fd9f8:192.168.5.181:32932, 7725a38b-54a6-4df1-a54c-afb4374855be:192.168.5.181:35898, 74efef67-ec0e-49fa-8557-a2a89921eea7:192.168.5.181:33345], old=null
2019-07-13 12:28:02,583 INFO  impl.LeaderElection (LogUtils.java:infoOrTrace(149)) -   Exception 0: {}
java.util.concurrent.ExecutionException: org.apache.ratis.thirdparty.io.grpc.StatusRuntimeException: UNAVAILABLE: io exception
	at java.util.concurrent.FutureTask.report(FutureTask.java:122)
	at java.util.concurrent.FutureTask.get(FutureTask.java:192)
	at org.apache.ratis.server.impl.LeaderElection.waitForResults(LeaderElection.java:262)
	at org.apache.ratis.server.impl.LeaderElection.askForVotes(LeaderElection.java:200)
	at org.apache.ratis.server.impl.LeaderElection.run(LeaderElection.java:130)
	at java.lang.Thread.run(Thread.java:748)
Caused by: org.apache.ratis.thirdparty.io.grpc.StatusRuntimeException: UNAVAILABLE: io exception
	at org.apache.ratis.thirdparty.io.grpc.stub.ClientCalls.toStatusRuntimeException(ClientCalls.java:233)
	at org.apache.ratis.thirdparty.io.grpc.stub.ClientCalls.getUnchecked(ClientCalls.java:214)
	at org.apache.ratis.thirdparty.io.grpc.stub.ClientCalls.blockingUnaryCall(ClientCalls.java:139)
	at org.apache.ratis.proto.grpc.RaftServerProtocolServiceGrpc$RaftServerProtocolServiceBlockingStub.requestVote(RaftServerProtocolServiceGrpc.java:265)
	at org.apache.ratis.grpc.server.GrpcServerProtocolClient.requestVote(GrpcServerProtocolClient.java:83)
	at org.apache.ratis.grpc.server.GrpcService.requestVote(GrpcService.java:195)
	at org.apache.ratis.server.impl.LeaderElection.lambda$submitRequests$1(LeaderElection.java:237)
	at java.util.concurrent.FutureTask.run(FutureTask.java:266)
	at java.util.concurrent.Executors$RunnableAdapter.call(Executors.java:511)
	at java.util.concurrent.FutureTask.run(FutureTask.java:266)
	at java.util.concurrent.ThreadPoolExecutor.runWorker(ThreadPoolExecutor.java:1149)
	at java.util.concurrent.ThreadPoolExecutor$Worker.run(ThreadPoolExecutor.java:624)
	... 1 more
Caused by: org.apache.ratis.thirdparty.io.netty.channel.AbstractChannel$AnnotatedConnectException: Connection refused: /192.168.5.181:35898
	at sun.nio.ch.SocketChannelImpl.checkConnect(Native Method)
	at sun.nio.ch.SocketChannelImpl.finishConnect(SocketChannelImpl.java:717)
	at org.apache.ratis.thirdparty.io.netty.channel.socket.nio.NioSocketChannel.doFinishConnect(NioSocketChannel.java:327)
	at org.apache.ratis.thirdparty.io.netty.channel.nio.AbstractNioChannel$AbstractNioUnsafe.finishConnect(AbstractNioChannel.java:340)
	at org.apache.ratis.thirdparty.io.netty.channel.nio.NioEventLoop.processSelectedKey(NioEventLoop.java:632)
	at org.apache.ratis.thirdparty.io.netty.channel.nio.NioEventLoop.processSelectedKeysOptimized(NioEventLoop.java:579)
	at org.apache.ratis.thirdparty.io.netty.channel.nio.NioEventLoop.processSelectedKeys(NioEventLoop.java:496)
	at org.apache.ratis.thirdparty.io.netty.channel.nio.NioEventLoop.run(NioEventLoop.java:458)
	at org.apache.ratis.thirdparty.io.netty.util.concurrent.SingleThreadEventExecutor$5.run(SingleThreadEventExecutor.java:897)
	at org.apache.ratis.thirdparty.io.netty.util.concurrent.FastThreadLocalRunnable.run(FastThreadLocalRunnable.java:30)
	... 1 more
Caused by: java.net.ConnectException: Connection refused
	... 11 more
2019-07-13 12:28:02,583 INFO  impl.LeaderElection (LogUtils.java:infoOrTrace(149)) -   Exception 1: {}
java.util.concurrent.ExecutionException: org.apache.ratis.thirdparty.io.grpc.StatusRuntimeException: UNAVAILABLE: io exception
	at java.util.concurrent.FutureTask.report(FutureTask.java:122)
	at java.util.concurrent.FutureTask.get(FutureTask.java:192)
	at org.apache.ratis.server.impl.LeaderElection.waitForResults(LeaderElection.java:262)
	at org.apache.ratis.server.impl.LeaderElection.askForVotes(LeaderElection.java:200)
	at org.apache.ratis.server.impl.LeaderElection.run(LeaderElection.java:130)
	at java.lang.Thread.run(Thread.java:748)
Caused by: org.apache.ratis.thirdparty.io.grpc.StatusRuntimeException: UNAVAILABLE: io exception
	at org.apache.ratis.thirdparty.io.grpc.stub.ClientCalls.toStatusRuntimeException(ClientCalls.java:233)
	at org.apache.ratis.thirdparty.io.grpc.stub.ClientCalls.getUnchecked(ClientCalls.java:214)
	at org.apache.ratis.thirdparty.io.grpc.stub.ClientCalls.blockingUnaryCall(ClientCalls.java:139)
	at org.apache.ratis.proto.grpc.RaftServerProtocolServiceGrpc$RaftServerProtocolServiceBlockingStub.requestVote(RaftServerProtocolServiceGrpc.java:265)
	at org.apache.ratis.grpc.server.GrpcServerProtocolClient.requestVote(GrpcServerProtocolClient.java:83)
	at org.apache.ratis.grpc.server.GrpcService.requestVote(GrpcService.java:195)
	at org.apache.ratis.server.impl.LeaderElection.lambda$submitRequests$1(LeaderElection.java:237)
	at java.util.concurrent.FutureTask.run(FutureTask.java:266)
	at java.util.concurrent.Executors$RunnableAdapter.call(Executors.java:511)
	at java.util.concurrent.FutureTask.run(FutureTask.java:266)
	at java.util.concurrent.ThreadPoolExecutor.runWorker(ThreadPoolExecutor.java:1149)
	at java.util.concurrent.ThreadPoolExecutor$Worker.run(ThreadPoolExecutor.java:624)
	... 1 more
Caused by: org.apache.ratis.thirdparty.io.netty.channel.AbstractChannel$AnnotatedConnectException: Connection refused: /192.168.5.181:33345
	at sun.nio.ch.SocketChannelImpl.checkConnect(Native Method)
	at sun.nio.ch.SocketChannelImpl.finishConnect(SocketChannelImpl.java:717)
	at org.apache.ratis.thirdparty.io.netty.channel.socket.nio.NioSocketChannel.doFinishConnect(NioSocketChannel.java:327)
	at org.apache.ratis.thirdparty.io.netty.channel.nio.AbstractNioChannel$AbstractNioUnsafe.finishConnect(AbstractNioChannel.java:340)
	at org.apache.ratis.thirdparty.io.netty.channel.nio.NioEventLoop.processSelectedKey(NioEventLoop.java:632)
	at org.apache.ratis.thirdparty.io.netty.channel.nio.NioEventLoop.processSelectedKeysOptimized(NioEventLoop.java:579)
	at org.apache.ratis.thirdparty.io.netty.channel.nio.NioEventLoop.processSelectedKeys(NioEventLoop.java:496)
	at org.apache.ratis.thirdparty.io.netty.channel.nio.NioEventLoop.run(NioEventLoop.java:458)
	at org.apache.ratis.thirdparty.io.netty.util.concurrent.SingleThreadEventExecutor$5.run(SingleThreadEventExecutor.java:897)
	at org.apache.ratis.thirdparty.io.netty.util.concurrent.FastThreadLocalRunnable.run(FastThreadLocalRunnable.java:30)
	... 1 more
Caused by: java.net.ConnectException: Connection refused
	... 11 more
2019-07-13 12:28:02,584 INFO  impl.RaftServerImpl (RaftServerImpl.java:setRole(171)) - b638f31a-9a55-4e88-8861-54b3556fd9f8:group-967862A576AC changes role from CANDIDATE to FOLLOWER at term 10 for DISCOVERED_A_NEW_TERM
2019-07-13 12:28:02,586 INFO  impl.RoleInfo (RoleInfo.java:shutdownLeaderElection(134)) - b638f31a-9a55-4e88-8861-54b3556fd9f8: shutdown LeaderElection
2019-07-13 12:28:02,594 INFO  impl.RoleInfo (RoleInfo.java:updateAndGet(143)) - b638f31a-9a55-4e88-8861-54b3556fd9f8: start FollowerState
2019-07-13 12:28:06,493 INFO  client.GrpcClientProtocolClient (GrpcClientProtocolClient.java:onNext(255)) - client-6604DE481522->b638f31a-9a55-4e88-8861-54b3556fd9f8: receive RaftClientReply:client-6604DE481522->b638f31a-9a55-4e88-8861-54b3556fd9f8@group-967862A576AC, cid=22, FAILED org.apache.ratis.protocol.NotLeaderException: Server b638f31a-9a55-4e88-8861-54b3556fd9f8 is not the leader (null). Request must be sent to leader., logIndex=0, commits[b638f31a-9a55-4e88-8861-54b3556fd9f8:c16, 7725a38b-54a6-4df1-a54c-afb4374855be:c16, 74efef67-ec0e-49fa-8557-a2a89921eea7:c16]
2019-07-13 12:28:07,641 INFO  impl.FollowerState (FollowerState.java:run(106)) - b638f31a-9a55-4e88-8861-54b3556fd9f8:group-967862A576AC changes to CANDIDATE, lastRpcTime:5046, electionTimeout:5046ms
2019-07-13 12:28:07,641 INFO  impl.RoleInfo (RoleInfo.java:shutdownFollowerState(121)) - b638f31a-9a55-4e88-8861-54b3556fd9f8: shutdown FollowerState
2019-07-13 12:28:07,641 INFO  impl.RaftServerImpl (RaftServerImpl.java:setRole(171)) - b638f31a-9a55-4e88-8861-54b3556fd9f8:group-967862A576AC changes role from FOLLOWER to CANDIDATE at term 10 for changeToCandidate
2019-07-13 12:28:07,642 INFO  impl.RoleInfo (RoleInfo.java:updateAndGet(143)) - b638f31a-9a55-4e88-8861-54b3556fd9f8: start LeaderElection
2019-07-13 12:28:07,650 INFO  impl.LeaderElection (LeaderElection.java:askForVotes(181)) - b638f31a-9a55-4e88-8861-54b3556fd9f8:group-967862A576AC:LeaderElection24: begin an election at term 11 for 0: [b638f31a-9a55-4e88-8861-54b3556fd9f8:192.168.5.181:32932, 7725a38b-54a6-4df1-a54c-afb4374855be:192.168.5.181:35898, 74efef67-ec0e-49fa-8557-a2a89921eea7:192.168.5.181:33345], old=null
2019-07-13 12:28:07,651 INFO  impl.LeaderElection (LogUtils.java:infoOrTrace(149)) - b638f31a-9a55-4e88-8861-54b3556fd9f8:group-967862A576AC:LeaderElection24 got exception when requesting votes: {}
java.util.concurrent.ExecutionException: org.apache.ratis.thirdparty.io.grpc.StatusRuntimeException: UNAVAILABLE: io exception
	at java.util.concurrent.FutureTask.report(FutureTask.java:122)
	at java.util.concurrent.FutureTask.get(FutureTask.java:192)
	at org.apache.ratis.server.impl.LeaderElection.waitForResults(LeaderElection.java:262)
	at org.apache.ratis.server.impl.LeaderElection.askForVotes(LeaderElection.java:200)
	at org.apache.ratis.server.impl.LeaderElection.run(LeaderElection.java:130)
	at java.lang.Thread.run(Thread.java:748)
Caused by: org.apache.ratis.thirdparty.io.grpc.StatusRuntimeException: UNAVAILABLE: io exception
	at org.apache.ratis.thirdparty.io.grpc.stub.ClientCalls.toStatusRuntimeException(ClientCalls.java:233)
	at org.apache.ratis.thirdparty.io.grpc.stub.ClientCalls.getUnchecked(ClientCalls.java:214)
	at org.apache.ratis.thirdparty.io.grpc.stub.ClientCalls.blockingUnaryCall(ClientCalls.java:139)
	at org.apache.ratis.proto.grpc.RaftServerProtocolServiceGrpc$RaftServerProtocolServiceBlockingStub.requestVote(RaftServerProtocolServiceGrpc.java:265)
	at org.apache.ratis.grpc.server.GrpcServerProtocolClient.requestVote(GrpcServerProtocolClient.java:83)
	at org.apache.ratis.grpc.server.GrpcService.requestVote(GrpcService.java:195)
	at org.apache.ratis.server.impl.LeaderElection.lambda$submitRequests$1(LeaderElection.java:237)
	at java.util.concurrent.FutureTask.run(FutureTask.java:266)
	at java.util.concurrent.Executors$RunnableAdapter.call(Executors.java:511)
	at java.util.concurrent.FutureTask.run(FutureTask.java:266)
	at java.util.concurrent.ThreadPoolExecutor.runWorker(ThreadPoolExecutor.java:1149)
	at java.util.concurrent.ThreadPoolExecutor$Worker.run(ThreadPoolExecutor.java:624)
	... 1 more
Caused by: org.apache.ratis.thirdparty.io.netty.channel.AbstractChannel$AnnotatedConnectException: Connection refused: /192.168.5.181:35898
	at sun.nio.ch.SocketChannelImpl.checkConnect(Native Method)
	at sun.nio.ch.SocketChannelImpl.finishConnect(SocketChannelImpl.java:717)
	at org.apache.ratis.thirdparty.io.netty.channel.socket.nio.NioSocketChannel.doFinishConnect(NioSocketChannel.java:327)
	at org.apache.ratis.thirdparty.io.netty.channel.nio.AbstractNioChannel$AbstractNioUnsafe.finishConnect(AbstractNioChannel.java:340)
	at org.apache.ratis.thirdparty.io.netty.channel.nio.NioEventLoop.processSelectedKey(NioEventLoop.java:632)
	at org.apache.ratis.thirdparty.io.netty.channel.nio.NioEventLoop.processSelectedKeysOptimized(NioEventLoop.java:579)
	at org.apache.ratis.thirdparty.io.netty.channel.nio.NioEventLoop.processSelectedKeys(NioEventLoop.java:496)
	at org.apache.ratis.thirdparty.io.netty.channel.nio.NioEventLoop.run(NioEventLoop.java:458)
	at org.apache.ratis.thirdparty.io.netty.util.concurrent.SingleThreadEventExecutor$5.run(SingleThreadEventExecutor.java:897)
	at org.apache.ratis.thirdparty.io.netty.util.concurrent.FastThreadLocalRunnable.run(FastThreadLocalRunnable.java:30)
	... 1 more
Caused by: java.net.ConnectException: Connection refused
	... 11 more
2019-07-13 12:28:07,654 INFO  impl.LeaderElection (LogUtils.java:infoOrTrace(149)) - b638f31a-9a55-4e88-8861-54b3556fd9f8:group-967862A576AC:LeaderElection24 got exception when requesting votes: {}
java.util.concurrent.ExecutionException: org.apache.ratis.thirdparty.io.grpc.StatusRuntimeException: UNAVAILABLE: io exception
	at java.util.concurrent.FutureTask.report(FutureTask.java:122)
	at java.util.concurrent.FutureTask.get(FutureTask.java:192)
	at org.apache.ratis.server.impl.LeaderElection.waitForResults(LeaderElection.java:262)
	at org.apache.ratis.server.impl.LeaderElection.askForVotes(LeaderElection.java:200)
	at org.apache.ratis.server.impl.LeaderElection.run(LeaderElection.java:130)
	at java.lang.Thread.run(Thread.java:748)
Caused by: org.apache.ratis.thirdparty.io.grpc.StatusRuntimeException: UNAVAILABLE: io exception
	at org.apache.ratis.thirdparty.io.grpc.stub.ClientCalls.toStatusRuntimeException(ClientCalls.java:233)
	at org.apache.ratis.thirdparty.io.grpc.stub.ClientCalls.getUnchecked(ClientCalls.java:214)
	at org.apache.ratis.thirdparty.io.grpc.stub.ClientCalls.blockingUnaryCall(ClientCalls.java:139)
	at org.apache.ratis.proto.grpc.RaftServerProtocolServiceGrpc$RaftServerProtocolServiceBlockingStub.requestVote(RaftServerProtocolServiceGrpc.java:265)
	at org.apache.ratis.grpc.server.GrpcServerProtocolClient.requestVote(GrpcServerProtocolClient.java:83)
	at org.apache.ratis.grpc.server.GrpcService.requestVote(GrpcService.java:195)
	at org.apache.ratis.server.impl.LeaderElection.lambda$submitRequests$1(LeaderElection.java:237)
	at java.util.concurrent.FutureTask.run(FutureTask.java:266)
	at java.util.concurrent.Executors$RunnableAdapter.call(Executors.java:511)
	at java.util.concurrent.FutureTask.run(FutureTask.java:266)
	at java.util.concurrent.ThreadPoolExecutor.runWorker(ThreadPoolExecutor.java:1149)
	at java.util.concurrent.ThreadPoolExecutor$Worker.run(ThreadPoolExecutor.java:624)
	... 1 more
Caused by: org.apache.ratis.thirdparty.io.netty.channel.AbstractChannel$AnnotatedConnectException: Connection refused: /192.168.5.181:33345
	at sun.nio.ch.SocketChannelImpl.checkConnect(Native Method)
	at sun.nio.ch.SocketChannelImpl.finishConnect(SocketChannelImpl.java:717)
	at org.apache.ratis.thirdparty.io.netty.channel.socket.nio.NioSocketChannel.doFinishConnect(NioSocketChannel.java:327)
	at org.apache.ratis.thirdparty.io.netty.channel.nio.AbstractNioChannel$AbstractNioUnsafe.finishConnect(AbstractNioChannel.java:340)
	at org.apache.ratis.thirdparty.io.netty.channel.nio.NioEventLoop.processSelectedKey(NioEventLoop.java:632)
	at org.apache.ratis.thirdparty.io.netty.channel.nio.NioEventLoop.processSelectedKeysOptimized(NioEventLoop.java:579)
	at org.apache.ratis.thirdparty.io.netty.channel.nio.NioEventLoop.processSelectedKeys(NioEventLoop.java:496)
	at org.apache.ratis.thirdparty.io.netty.channel.nio.NioEventLoop.run(NioEventLoop.java:458)
	at org.apache.ratis.thirdparty.io.netty.util.concurrent.SingleThreadEventExecutor$5.run(SingleThreadEventExecutor.java:897)
	at org.apache.ratis.thirdparty.io.netty.util.concurrent.FastThreadLocalRunnable.run(FastThreadLocalRunnable.java:30)
	... 1 more
Caused by: java.net.ConnectException: Connection refused
	... 11 more
2019-07-13 12:28:07,656 INFO  impl.LeaderElection (LeaderElection.java:logAndReturn(56)) - b638f31a-9a55-4e88-8861-54b3556fd9f8:group-967862A576AC:LeaderElection24: Election REJECTED; received 0 response(s) [] and 2 exception(s); b638f31a-9a55-4e88-8861-54b3556fd9f8:t11, leader=null, voted=b638f31a-9a55-4e88-8861-54b3556fd9f8, raftlog=b638f31a-9a55-4e88-8861-54b3556fd9f8-SegmentedRaftLog:OPENED:c16,f16,i16, conf=0: [b638f31a-9a55-4e88-8861-54b3556fd9f8:192.168.5.181:32932, 7725a38b-54a6-4df1-a54c-afb4374855be:192.168.5.181:35898, 74efef67-ec0e-49fa-8557-a2a89921eea7:192.168.5.181:33345], old=null
2019-07-13 12:28:07,656 INFO  impl.LeaderElection (LogUtils.java:infoOrTrace(149)) -   Exception 0: {}
java.util.concurrent.ExecutionException: org.apache.ratis.thirdparty.io.grpc.StatusRuntimeException: UNAVAILABLE: io exception
	at java.util.concurrent.FutureTask.report(FutureTask.java:122)
	at java.util.concurrent.FutureTask.get(FutureTask.java:192)
	at org.apache.ratis.server.impl.LeaderElection.waitForResults(LeaderElection.java:262)
	at org.apache.ratis.server.impl.LeaderElection.askForVotes(LeaderElection.java:200)
	at org.apache.ratis.server.impl.LeaderElection.run(LeaderElection.java:130)
	at java.lang.Thread.run(Thread.java:748)
Caused by: org.apache.ratis.thirdparty.io.grpc.StatusRuntimeException: UNAVAILABLE: io exception
	at org.apache.ratis.thirdparty.io.grpc.stub.ClientCalls.toStatusRuntimeException(ClientCalls.java:233)
	at org.apache.ratis.thirdparty.io.grpc.stub.ClientCalls.getUnchecked(ClientCalls.java:214)
	at org.apache.ratis.thirdparty.io.grpc.stub.ClientCalls.blockingUnaryCall(ClientCalls.java:139)
	at org.apache.ratis.proto.grpc.RaftServerProtocolServiceGrpc$RaftServerProtocolServiceBlockingStub.requestVote(RaftServerProtocolServiceGrpc.java:265)
	at org.apache.ratis.grpc.server.GrpcServerProtocolClient.requestVote(GrpcServerProtocolClient.java:83)
	at org.apache.ratis.grpc.server.GrpcService.requestVote(GrpcService.java:195)
	at org.apache.ratis.server.impl.LeaderElection.lambda$submitRequests$1(LeaderElection.java:237)
	at java.util.concurrent.FutureTask.run(FutureTask.java:266)
	at java.util.concurrent.Executors$RunnableAdapter.call(Executors.java:511)
	at java.util.concurrent.FutureTask.run(FutureTask.java:266)
	at java.util.concurrent.ThreadPoolExecutor.runWorker(ThreadPoolExecutor.java:1149)
	at java.util.concurrent.ThreadPoolExecutor$Worker.run(ThreadPoolExecutor.java:624)
	... 1 more
Caused by: org.apache.ratis.thirdparty.io.netty.channel.AbstractChannel$AnnotatedConnectException: Connection refused: /192.168.5.181:35898
	at sun.nio.ch.SocketChannelImpl.checkConnect(Native Method)
	at sun.nio.ch.SocketChannelImpl.finishConnect(SocketChannelImpl.java:717)
	at org.apache.ratis.thirdparty.io.netty.channel.socket.nio.NioSocketChannel.doFinishConnect(NioSocketChannel.java:327)
	at org.apache.ratis.thirdparty.io.netty.channel.nio.AbstractNioChannel$AbstractNioUnsafe.finishConnect(AbstractNioChannel.java:340)
	at org.apache.ratis.thirdparty.io.netty.channel.nio.NioEventLoop.processSelectedKey(NioEventLoop.java:632)
	at org.apache.ratis.thirdparty.io.netty.channel.nio.NioEventLoop.processSelectedKeysOptimized(NioEventLoop.java:579)
	at org.apache.ratis.thirdparty.io.netty.channel.nio.NioEventLoop.processSelectedKeys(NioEventLoop.java:496)
	at org.apache.ratis.thirdparty.io.netty.channel.nio.NioEventLoop.run(NioEventLoop.java:458)
	at org.apache.ratis.thirdparty.io.netty.util.concurrent.SingleThreadEventExecutor$5.run(SingleThreadEventExecutor.java:897)
	at org.apache.ratis.thirdparty.io.netty.util.concurrent.FastThreadLocalRunnable.run(FastThreadLocalRunnable.java:30)
	... 1 more
Caused by: java.net.ConnectException: Connection refused
	... 11 more
2019-07-13 12:28:07,656 INFO  impl.LeaderElection (LogUtils.java:infoOrTrace(149)) -   Exception 1: {}
java.util.concurrent.ExecutionException: org.apache.ratis.thirdparty.io.grpc.StatusRuntimeException: UNAVAILABLE: io exception
	at java.util.concurrent.FutureTask.report(FutureTask.java:122)
	at java.util.concurrent.FutureTask.get(FutureTask.java:192)
	at org.apache.ratis.server.impl.LeaderElection.waitForResults(LeaderElection.java:262)
	at org.apache.ratis.server.impl.LeaderElection.askForVotes(LeaderElection.java:200)
	at org.apache.ratis.server.impl.LeaderElection.run(LeaderElection.java:130)
	at java.lang.Thread.run(Thread.java:748)
Caused by: org.apache.ratis.thirdparty.io.grpc.StatusRuntimeException: UNAVAILABLE: io exception
	at org.apache.ratis.thirdparty.io.grpc.stub.ClientCalls.toStatusRuntimeException(ClientCalls.java:233)
	at org.apache.ratis.thirdparty.io.grpc.stub.ClientCalls.getUnchecked(ClientCalls.java:214)
	at org.apache.ratis.thirdparty.io.grpc.stub.ClientCalls.blockingUnaryCall(ClientCalls.java:139)
	at org.apache.ratis.proto.grpc.RaftServerProtocolServiceGrpc$RaftServerProtocolServiceBlockingStub.requestVote(RaftServerProtocolServiceGrpc.java:265)
	at org.apache.ratis.grpc.server.GrpcServerProtocolClient.requestVote(GrpcServerProtocolClient.java:83)
	at org.apache.ratis.grpc.server.GrpcService.requestVote(GrpcService.java:195)
	at org.apache.ratis.server.impl.LeaderElection.lambda$submitRequests$1(LeaderElection.java:237)
	at java.util.concurrent.FutureTask.run(FutureTask.java:266)
	at java.util.concurrent.Executors$RunnableAdapter.call(Executors.java:511)
	at java.util.concurrent.FutureTask.run(FutureTask.java:266)
	at java.util.concurrent.ThreadPoolExecutor.runWorker(ThreadPoolExecutor.java:1149)
	at java.util.concurrent.ThreadPoolExecutor$Worker.run(ThreadPoolExecutor.java:624)
	... 1 more
Caused by: org.apache.ratis.thirdparty.io.netty.channel.AbstractChannel$AnnotatedConnectException: Connection refused: /192.168.5.181:33345
	at sun.nio.ch.SocketChannelImpl.checkConnect(Native Method)
	at sun.nio.ch.SocketChannelImpl.finishConnect(SocketChannelImpl.java:717)
	at org.apache.ratis.thirdparty.io.netty.channel.socket.nio.NioSocketChannel.doFinishConnect(NioSocketChannel.java:327)
	at org.apache.ratis.thirdparty.io.netty.channel.nio.AbstractNioChannel$AbstractNioUnsafe.finishConnect(AbstractNioChannel.java:340)
	at org.apache.ratis.thirdparty.io.netty.channel.nio.NioEventLoop.processSelectedKey(NioEventLoop.java:632)
	at org.apache.ratis.thirdparty.io.netty.channel.nio.NioEventLoop.processSelectedKeysOptimized(NioEventLoop.java:579)
	at org.apache.ratis.thirdparty.io.netty.channel.nio.NioEventLoop.processSelectedKeys(NioEventLoop.java:496)
	at org.apache.ratis.thirdparty.io.netty.channel.nio.NioEventLoop.run(NioEventLoop.java:458)
	at org.apache.ratis.thirdparty.io.netty.util.concurrent.SingleThreadEventExecutor$5.run(SingleThreadEventExecutor.java:897)
	at org.apache.ratis.thirdparty.io.netty.util.concurrent.FastThreadLocalRunnable.run(FastThreadLocalRunnable.java:30)
	... 1 more
Caused by: java.net.ConnectException: Connection refused
	... 11 more
2019-07-13 12:28:07,657 INFO  impl.RaftServerImpl (RaftServerImpl.java:setRole(171)) - b638f31a-9a55-4e88-8861-54b3556fd9f8:group-967862A576AC changes role from CANDIDATE to FOLLOWER at term 11 for DISCOVERED_A_NEW_TERM
2019-07-13 12:28:07,657 INFO  impl.RoleInfo (RoleInfo.java:shutdownLeaderElection(134)) - b638f31a-9a55-4e88-8861-54b3556fd9f8: shutdown LeaderElection
2019-07-13 12:28:07,659 INFO  impl.RoleInfo (RoleInfo.java:updateAndGet(143)) - b638f31a-9a55-4e88-8861-54b3556fd9f8: start FollowerState
2019-07-13 12:28:08,517 INFO  client.GrpcClientProtocolClient (GrpcClientProtocolClient.java:onNext(255)) - client-6604DE481522->b638f31a-9a55-4e88-8861-54b3556fd9f8: receive RaftClientReply:client-6604DE481522->b638f31a-9a55-4e88-8861-54b3556fd9f8@group-967862A576AC, cid=22, FAILED org.apache.ratis.protocol.NotLeaderException: Server b638f31a-9a55-4e88-8861-54b3556fd9f8 is not the leader (null). Request must be sent to leader., logIndex=0, commits[b638f31a-9a55-4e88-8861-54b3556fd9f8:c16, 7725a38b-54a6-4df1-a54c-afb4374855be:c16, 74efef67-ec0e-49fa-8557-a2a89921eea7:c16]
2019-07-13 12:28:12,547 INFO  client.GrpcClientProtocolClient (GrpcClientProtocolClient.java:onNext(255)) - client-6604DE481522->b638f31a-9a55-4e88-8861-54b3556fd9f8: receive RaftClientReply:client-6604DE481522->b638f31a-9a55-4e88-8861-54b3556fd9f8@group-967862A576AC, cid=22, FAILED org.apache.ratis.protocol.NotLeaderException: Server b638f31a-9a55-4e88-8861-54b3556fd9f8 is not the leader (null). Request must be sent to leader., logIndex=0, commits[b638f31a-9a55-4e88-8861-54b3556fd9f8:c16, 7725a38b-54a6-4df1-a54c-afb4374855be:c16, 74efef67-ec0e-49fa-8557-a2a89921eea7:c16]
2019-07-13 12:28:12,819 INFO  impl.FollowerState (FollowerState.java:run(106)) - b638f31a-9a55-4e88-8861-54b3556fd9f8:group-967862A576AC changes to CANDIDATE, lastRpcTime:5159, electionTimeout:5157ms
2019-07-13 12:28:12,819 INFO  impl.RoleInfo (RoleInfo.java:shutdownFollowerState(121)) - b638f31a-9a55-4e88-8861-54b3556fd9f8: shutdown FollowerState
2019-07-13 12:28:12,819 INFO  impl.RaftServerImpl (RaftServerImpl.java:setRole(171)) - b638f31a-9a55-4e88-8861-54b3556fd9f8:group-967862A576AC changes role from FOLLOWER to CANDIDATE at term 11 for changeToCandidate
2019-07-13 12:28:12,819 INFO  impl.RoleInfo (RoleInfo.java:updateAndGet(143)) - b638f31a-9a55-4e88-8861-54b3556fd9f8: start LeaderElection
2019-07-13 12:28:12,836 INFO  impl.LeaderElection (LeaderElection.java:askForVotes(181)) - b638f31a-9a55-4e88-8861-54b3556fd9f8:group-967862A576AC:LeaderElection25: begin an election at term 12 for 0: [b638f31a-9a55-4e88-8861-54b3556fd9f8:192.168.5.181:32932, 7725a38b-54a6-4df1-a54c-afb4374855be:192.168.5.181:35898, 74efef67-ec0e-49fa-8557-a2a89921eea7:192.168.5.181:33345], old=null
2019-07-13 12:28:12,837 INFO  impl.LeaderElection (LogUtils.java:infoOrTrace(149)) - b638f31a-9a55-4e88-8861-54b3556fd9f8:group-967862A576AC:LeaderElection25 got exception when requesting votes: {}
java.util.concurrent.ExecutionException: org.apache.ratis.thirdparty.io.grpc.StatusRuntimeException: UNAVAILABLE: io exception
	at java.util.concurrent.FutureTask.report(FutureTask.java:122)
	at java.util.concurrent.FutureTask.get(FutureTask.java:192)
	at org.apache.ratis.server.impl.LeaderElection.waitForResults(LeaderElection.java:262)
	at org.apache.ratis.server.impl.LeaderElection.askForVotes(LeaderElection.java:200)
	at org.apache.ratis.server.impl.LeaderElection.run(LeaderElection.java:130)
	at java.lang.Thread.run(Thread.java:748)
Caused by: org.apache.ratis.thirdparty.io.grpc.StatusRuntimeException: UNAVAILABLE: io exception
	at org.apache.ratis.thirdparty.io.grpc.stub.ClientCalls.toStatusRuntimeException(ClientCalls.java:233)
	at org.apache.ratis.thirdparty.io.grpc.stub.ClientCalls.getUnchecked(ClientCalls.java:214)
	at org.apache.ratis.thirdparty.io.grpc.stub.ClientCalls.blockingUnaryCall(ClientCalls.java:139)
	at org.apache.ratis.proto.grpc.RaftServerProtocolServiceGrpc$RaftServerProtocolServiceBlockingStub.requestVote(RaftServerProtocolServiceGrpc.java:265)
	at org.apache.ratis.grpc.server.GrpcServerProtocolClient.requestVote(GrpcServerProtocolClient.java:83)
	at org.apache.ratis.grpc.server.GrpcService.requestVote(GrpcService.java:195)
	at org.apache.ratis.server.impl.LeaderElection.lambda$submitRequests$1(LeaderElection.java:237)
	at java.util.concurrent.FutureTask.run(FutureTask.java:266)
	at java.util.concurrent.Executors$RunnableAdapter.call(Executors.java:511)
	at java.util.concurrent.FutureTask.run(FutureTask.java:266)
	at java.util.concurrent.ThreadPoolExecutor.runWorker(ThreadPoolExecutor.java:1149)
	at java.util.concurrent.ThreadPoolExecutor$Worker.run(ThreadPoolExecutor.java:624)
	... 1 more
Caused by: org.apache.ratis.thirdparty.io.netty.channel.AbstractChannel$AnnotatedConnectException: Connection refused: /192.168.5.181:35898
	at sun.nio.ch.SocketChannelImpl.checkConnect(Native Method)
	at sun.nio.ch.SocketChannelImpl.finishConnect(SocketChannelImpl.java:717)
	at org.apache.ratis.thirdparty.io.netty.channel.socket.nio.NioSocketChannel.doFinishConnect(NioSocketChannel.java:327)
	at org.apache.ratis.thirdparty.io.netty.channel.nio.AbstractNioChannel$AbstractNioUnsafe.finishConnect(AbstractNioChannel.java:340)
	at org.apache.ratis.thirdparty.io.netty.channel.nio.NioEventLoop.processSelectedKey(NioEventLoop.java:632)
	at org.apache.ratis.thirdparty.io.netty.channel.nio.NioEventLoop.processSelectedKeysOptimized(NioEventLoop.java:579)
	at org.apache.ratis.thirdparty.io.netty.channel.nio.NioEventLoop.processSelectedKeys(NioEventLoop.java:496)
	at org.apache.ratis.thirdparty.io.netty.channel.nio.NioEventLoop.run(NioEventLoop.java:458)
	at org.apache.ratis.thirdparty.io.netty.util.concurrent.SingleThreadEventExecutor$5.run(SingleThreadEventExecutor.java:897)
	at org.apache.ratis.thirdparty.io.netty.util.concurrent.FastThreadLocalRunnable.run(FastThreadLocalRunnable.java:30)
	... 1 more
Caused by: java.net.ConnectException: Connection refused
	... 11 more
2019-07-13 12:28:12,839 INFO  impl.LeaderElection (LogUtils.java:infoOrTrace(149)) - b638f31a-9a55-4e88-8861-54b3556fd9f8:group-967862A576AC:LeaderElection25 got exception when requesting votes: {}
java.util.concurrent.ExecutionException: org.apache.ratis.thirdparty.io.grpc.StatusRuntimeException: UNAVAILABLE: io exception
	at java.util.concurrent.FutureTask.report(FutureTask.java:122)
	at java.util.concurrent.FutureTask.get(FutureTask.java:192)
	at org.apache.ratis.server.impl.LeaderElection.waitForResults(LeaderElection.java:262)
	at org.apache.ratis.server.impl.LeaderElection.askForVotes(LeaderElection.java:200)
	at org.apache.ratis.server.impl.LeaderElection.run(LeaderElection.java:130)
	at java.lang.Thread.run(Thread.java:748)
Caused by: org.apache.ratis.thirdparty.io.grpc.StatusRuntimeException: UNAVAILABLE: io exception
	at org.apache.ratis.thirdparty.io.grpc.stub.ClientCalls.toStatusRuntimeException(ClientCalls.java:233)
	at org.apache.ratis.thirdparty.io.grpc.stub.ClientCalls.getUnchecked(ClientCalls.java:214)
	at org.apache.ratis.thirdparty.io.grpc.stub.ClientCalls.blockingUnaryCall(ClientCalls.java:139)
	at org.apache.ratis.proto.grpc.RaftServerProtocolServiceGrpc$RaftServerProtocolServiceBlockingStub.requestVote(RaftServerProtocolServiceGrpc.java:265)
	at org.apache.ratis.grpc.server.GrpcServerProtocolClient.requestVote(GrpcServerProtocolClient.java:83)
	at org.apache.ratis.grpc.server.GrpcService.requestVote(GrpcService.java:195)
	at org.apache.ratis.server.impl.LeaderElection.lambda$submitRequests$1(LeaderElection.java:237)
	at java.util.concurrent.FutureTask.run(FutureTask.java:266)
	at java.util.concurrent.Executors$RunnableAdapter.call(Executors.java:511)
	at java.util.concurrent.FutureTask.run(FutureTask.java:266)
	at java.util.concurrent.ThreadPoolExecutor.runWorker(ThreadPoolExecutor.java:1149)
	at java.util.concurrent.ThreadPoolExecutor$Worker.run(ThreadPoolExecutor.java:624)
	... 1 more
Caused by: org.apache.ratis.thirdparty.io.netty.channel.AbstractChannel$AnnotatedConnectException: Connection refused: /192.168.5.181:33345
	at sun.nio.ch.SocketChannelImpl.checkConnect(Native Method)
	at sun.nio.ch.SocketChannelImpl.finishConnect(SocketChannelImpl.java:717)
	at org.apache.ratis.thirdparty.io.netty.channel.socket.nio.NioSocketChannel.doFinishConnect(NioSocketChannel.java:327)
	at org.apache.ratis.thirdparty.io.netty.channel.nio.AbstractNioChannel$AbstractNioUnsafe.finishConnect(AbstractNioChannel.java:340)
	at org.apache.ratis.thirdparty.io.netty.channel.nio.NioEventLoop.processSelectedKey(NioEventLoop.java:632)
	at org.apache.ratis.thirdparty.io.netty.channel.nio.NioEventLoop.processSelectedKeysOptimized(NioEventLoop.java:579)
	at org.apache.ratis.thirdparty.io.netty.channel.nio.NioEventLoop.processSelectedKeys(NioEventLoop.java:496)
	at org.apache.ratis.thirdparty.io.netty.channel.nio.NioEventLoop.run(NioEventLoop.java:458)
	at org.apache.ratis.thirdparty.io.netty.util.concurrent.SingleThreadEventExecutor$5.run(SingleThreadEventExecutor.java:897)
	at org.apache.ratis.thirdparty.io.netty.util.concurrent.FastThreadLocalRunnable.run(FastThreadLocalRunnable.java:30)
	... 1 more
Caused by: java.net.ConnectException: Connection refused
	... 11 more
2019-07-13 12:28:12,854 INFO  impl.LeaderElection (LeaderElection.java:logAndReturn(56)) - b638f31a-9a55-4e88-8861-54b3556fd9f8:group-967862A576AC:LeaderElection25: Election REJECTED; received 0 response(s) [] and 2 exception(s); b638f31a-9a55-4e88-8861-54b3556fd9f8:t12, leader=null, voted=b638f31a-9a55-4e88-8861-54b3556fd9f8, raftlog=b638f31a-9a55-4e88-8861-54b3556fd9f8-SegmentedRaftLog:OPENED:c16,f16,i16, conf=0: [b638f31a-9a55-4e88-8861-54b3556fd9f8:192.168.5.181:32932, 7725a38b-54a6-4df1-a54c-afb4374855be:192.168.5.181:35898, 74efef67-ec0e-49fa-8557-a2a89921eea7:192.168.5.181:33345], old=null
2019-07-13 12:28:12,854 INFO  impl.LeaderElection (LogUtils.java:infoOrTrace(149)) -   Exception 0: {}
java.util.concurrent.ExecutionException: org.apache.ratis.thirdparty.io.grpc.StatusRuntimeException: UNAVAILABLE: io exception
	at java.util.concurrent.FutureTask.report(FutureTask.java:122)
	at java.util.concurrent.FutureTask.get(FutureTask.java:192)
	at org.apache.ratis.server.impl.LeaderElection.waitForResults(LeaderElection.java:262)
	at org.apache.ratis.server.impl.LeaderElection.askForVotes(LeaderElection.java:200)
	at org.apache.ratis.server.impl.LeaderElection.run(LeaderElection.java:130)
	at java.lang.Thread.run(Thread.java:748)
Caused by: org.apache.ratis.thirdparty.io.grpc.StatusRuntimeException: UNAVAILABLE: io exception
	at org.apache.ratis.thirdparty.io.grpc.stub.ClientCalls.toStatusRuntimeException(ClientCalls.java:233)
	at org.apache.ratis.thirdparty.io.grpc.stub.ClientCalls.getUnchecked(ClientCalls.java:214)
	at org.apache.ratis.thirdparty.io.grpc.stub.ClientCalls.blockingUnaryCall(ClientCalls.java:139)
	at org.apache.ratis.proto.grpc.RaftServerProtocolServiceGrpc$RaftServerProtocolServiceBlockingStub.requestVote(RaftServerProtocolServiceGrpc.java:265)
	at org.apache.ratis.grpc.server.GrpcServerProtocolClient.requestVote(GrpcServerProtocolClient.java:83)
	at org.apache.ratis.grpc.server.GrpcService.requestVote(GrpcService.java:195)
	at org.apache.ratis.server.impl.LeaderElection.lambda$submitRequests$1(LeaderElection.java:237)
	at java.util.concurrent.FutureTask.run(FutureTask.java:266)
	at java.util.concurrent.Executors$RunnableAdapter.call(Executors.java:511)
	at java.util.concurrent.FutureTask.run(FutureTask.java:266)
	at java.util.concurrent.ThreadPoolExecutor.runWorker(ThreadPoolExecutor.java:1149)
	at java.util.concurrent.ThreadPoolExecutor$Worker.run(ThreadPoolExecutor.java:624)
	... 1 more
Caused by: org.apache.ratis.thirdparty.io.netty.channel.AbstractChannel$AnnotatedConnectException: Connection refused: /192.168.5.181:35898
	at sun.nio.ch.SocketChannelImpl.checkConnect(Native Method)
	at sun.nio.ch.SocketChannelImpl.finishConnect(SocketChannelImpl.java:717)
	at org.apache.ratis.thirdparty.io.netty.channel.socket.nio.NioSocketChannel.doFinishConnect(NioSocketChannel.java:327)
	at org.apache.ratis.thirdparty.io.netty.channel.nio.AbstractNioChannel$AbstractNioUnsafe.finishConnect(AbstractNioChannel.java:340)
	at org.apache.ratis.thirdparty.io.netty.channel.nio.NioEventLoop.processSelectedKey(NioEventLoop.java:632)
	at org.apache.ratis.thirdparty.io.netty.channel.nio.NioEventLoop.processSelectedKeysOptimized(NioEventLoop.java:579)
	at org.apache.ratis.thirdparty.io.netty.channel.nio.NioEventLoop.processSelectedKeys(NioEventLoop.java:496)
	at org.apache.ratis.thirdparty.io.netty.channel.nio.NioEventLoop.run(NioEventLoop.java:458)
	at org.apache.ratis.thirdparty.io.netty.util.concurrent.SingleThreadEventExecutor$5.run(SingleThreadEventExecutor.java:897)
	at org.apache.ratis.thirdparty.io.netty.util.concurrent.FastThreadLocalRunnable.run(FastThreadLocalRunnable.java:30)
	... 1 more
Caused by: java.net.ConnectException: Connection refused
	... 11 more
2019-07-13 12:28:12,855 INFO  impl.LeaderElection (LogUtils.java:infoOrTrace(149)) -   Exception 1: {}
java.util.concurrent.ExecutionException: org.apache.ratis.thirdparty.io.grpc.StatusRuntimeException: UNAVAILABLE: io exception
	at java.util.concurrent.FutureTask.report(FutureTask.java:122)
	at java.util.concurrent.FutureTask.get(FutureTask.java:192)
	at org.apache.ratis.server.impl.LeaderElection.waitForResults(LeaderElection.java:262)
	at org.apache.ratis.server.impl.LeaderElection.askForVotes(LeaderElection.java:200)
	at org.apache.ratis.server.impl.LeaderElection.run(LeaderElection.java:130)
	at java.lang.Thread.run(Thread.java:748)
Caused by: org.apache.ratis.thirdparty.io.grpc.StatusRuntimeException: UNAVAILABLE: io exception
	at org.apache.ratis.thirdparty.io.grpc.stub.ClientCalls.toStatusRuntimeException(ClientCalls.java:233)
	at org.apache.ratis.thirdparty.io.grpc.stub.ClientCalls.getUnchecked(ClientCalls.java:214)
	at org.apache.ratis.thirdparty.io.grpc.stub.ClientCalls.blockingUnaryCall(ClientCalls.java:139)
	at org.apache.ratis.proto.grpc.RaftServerProtocolServiceGrpc$RaftServerProtocolServiceBlockingStub.requestVote(RaftServerProtocolServiceGrpc.java:265)
	at org.apache.ratis.grpc.server.GrpcServerProtocolClient.requestVote(GrpcServerProtocolClient.java:83)
	at org.apache.ratis.grpc.server.GrpcService.requestVote(GrpcService.java:195)
	at org.apache.ratis.server.impl.LeaderElection.lambda$submitRequests$1(LeaderElection.java:237)
	at java.util.concurrent.FutureTask.run(FutureTask.java:266)
	at java.util.concurrent.Executors$RunnableAdapter.call(Executors.java:511)
	at java.util.concurrent.FutureTask.run(FutureTask.java:266)
	at java.util.concurrent.ThreadPoolExecutor.runWorker(ThreadPoolExecutor.java:1149)
	at java.util.concurrent.ThreadPoolExecutor$Worker.run(ThreadPoolExecutor.java:624)
	... 1 more
Caused by: org.apache.ratis.thirdparty.io.netty.channel.AbstractChannel$AnnotatedConnectException: Connection refused: /192.168.5.181:33345
	at sun.nio.ch.SocketChannelImpl.checkConnect(Native Method)
	at sun.nio.ch.SocketChannelImpl.finishConnect(SocketChannelImpl.java:717)
	at org.apache.ratis.thirdparty.io.netty.channel.socket.nio.NioSocketChannel.doFinishConnect(NioSocketChannel.java:327)
	at org.apache.ratis.thirdparty.io.netty.channel.nio.AbstractNioChannel$AbstractNioUnsafe.finishConnect(AbstractNioChannel.java:340)
	at org.apache.ratis.thirdparty.io.netty.channel.nio.NioEventLoop.processSelectedKey(NioEventLoop.java:632)
	at org.apache.ratis.thirdparty.io.netty.channel.nio.NioEventLoop.processSelectedKeysOptimized(NioEventLoop.java:579)
	at org.apache.ratis.thirdparty.io.netty.channel.nio.NioEventLoop.processSelectedKeys(NioEventLoop.java:496)
	at org.apache.ratis.thirdparty.io.netty.channel.nio.NioEventLoop.run(NioEventLoop.java:458)
	at org.apache.ratis.thirdparty.io.netty.util.concurrent.SingleThreadEventExecutor$5.run(SingleThreadEventExecutor.java:897)
	at org.apache.ratis.thirdparty.io.netty.util.concurrent.FastThreadLocalRunnable.run(FastThreadLocalRunnable.java:30)
	... 1 more
Caused by: java.net.ConnectException: Connection refused
	... 11 more
2019-07-13 12:28:12,855 INFO  impl.RaftServerImpl (RaftServerImpl.java:setRole(171)) - b638f31a-9a55-4e88-8861-54b3556fd9f8:group-967862A576AC changes role from CANDIDATE to FOLLOWER at term 12 for DISCOVERED_A_NEW_TERM
2019-07-13 12:28:12,857 INFO  impl.RoleInfo (RoleInfo.java:shutdownLeaderElection(134)) - b638f31a-9a55-4e88-8861-54b3556fd9f8: shutdown LeaderElection
2019-07-13 12:28:12,857 INFO  impl.RoleInfo (RoleInfo.java:updateAndGet(143)) - b638f31a-9a55-4e88-8861-54b3556fd9f8: start FollowerState
2019-07-13 12:28:14,566 INFO  client.GrpcClientProtocolClient (GrpcClientProtocolClient.java:onNext(255)) - client-6604DE481522->b638f31a-9a55-4e88-8861-54b3556fd9f8: receive RaftClientReply:client-6604DE481522->b638f31a-9a55-4e88-8861-54b3556fd9f8@group-967862A576AC, cid=22, FAILED org.apache.ratis.protocol.NotLeaderException: Server b638f31a-9a55-4e88-8861-54b3556fd9f8 is not the leader (null). Request must be sent to leader., logIndex=0, commits[b638f31a-9a55-4e88-8861-54b3556fd9f8:c16, 7725a38b-54a6-4df1-a54c-afb4374855be:c16, 74efef67-ec0e-49fa-8557-a2a89921eea7:c16]
2019-07-13 12:28:17,591 INFO  client.GrpcClientProtocolClient (GrpcClientProtocolClient.java:onNext(255)) - client-6604DE481522->b638f31a-9a55-4e88-8861-54b3556fd9f8: receive RaftClientReply:client-6604DE481522->b638f31a-9a55-4e88-8861-54b3556fd9f8@group-967862A576AC, cid=22, FAILED org.apache.ratis.protocol.NotLeaderException: Server b638f31a-9a55-4e88-8861-54b3556fd9f8 is not the leader (null). Request must be sent to leader., logIndex=0, commits[b638f31a-9a55-4e88-8861-54b3556fd9f8:c16, 7725a38b-54a6-4df1-a54c-afb4374855be:c16, 74efef67-ec0e-49fa-8557-a2a89921eea7:c16]
2019-07-13 12:28:17,962 INFO  impl.FollowerState (FollowerState.java:run(106)) - b638f31a-9a55-4e88-8861-54b3556fd9f8:group-967862A576AC changes to CANDIDATE, lastRpcTime:5104, electionTimeout:5102ms
2019-07-13 12:28:17,962 INFO  impl.RoleInfo (RoleInfo.java:shutdownFollowerState(121)) - b638f31a-9a55-4e88-8861-54b3556fd9f8: shutdown FollowerState
2019-07-13 12:28:17,962 INFO  impl.RaftServerImpl (RaftServerImpl.java:setRole(171)) - b638f31a-9a55-4e88-8861-54b3556fd9f8:group-967862A576AC changes role from FOLLOWER to CANDIDATE at term 12 for changeToCandidate
2019-07-13 12:28:17,962 INFO  impl.RoleInfo (RoleInfo.java:updateAndGet(143)) - b638f31a-9a55-4e88-8861-54b3556fd9f8: start LeaderElection
2019-07-13 12:28:17,979 INFO  impl.LeaderElection (LeaderElection.java:askForVotes(181)) - b638f31a-9a55-4e88-8861-54b3556fd9f8:group-967862A576AC:LeaderElection26: begin an election at term 13 for 0: [b638f31a-9a55-4e88-8861-54b3556fd9f8:192.168.5.181:32932, 7725a38b-54a6-4df1-a54c-afb4374855be:192.168.5.181:35898, 74efef67-ec0e-49fa-8557-a2a89921eea7:192.168.5.181:33345], old=null
2019-07-13 12:28:17,980 INFO  impl.LeaderElection (LogUtils.java:infoOrTrace(149)) - b638f31a-9a55-4e88-8861-54b3556fd9f8:group-967862A576AC:LeaderElection26 got exception when requesting votes: {}
java.util.concurrent.ExecutionException: org.apache.ratis.thirdparty.io.grpc.StatusRuntimeException: UNAVAILABLE: io exception
	at java.util.concurrent.FutureTask.report(FutureTask.java:122)
	at java.util.concurrent.FutureTask.get(FutureTask.java:192)
	at org.apache.ratis.server.impl.LeaderElection.waitForResults(LeaderElection.java:262)
	at org.apache.ratis.server.impl.LeaderElection.askForVotes(LeaderElection.java:200)
	at org.apache.ratis.server.impl.LeaderElection.run(LeaderElection.java:130)
	at java.lang.Thread.run(Thread.java:748)
Caused by: org.apache.ratis.thirdparty.io.grpc.StatusRuntimeException: UNAVAILABLE: io exception
	at org.apache.ratis.thirdparty.io.grpc.stub.ClientCalls.toStatusRuntimeException(ClientCalls.java:233)
	at org.apache.ratis.thirdparty.io.grpc.stub.ClientCalls.getUnchecked(ClientCalls.java:214)
	at org.apache.ratis.thirdparty.io.grpc.stub.ClientCalls.blockingUnaryCall(ClientCalls.java:139)
	at org.apache.ratis.proto.grpc.RaftServerProtocolServiceGrpc$RaftServerProtocolServiceBlockingStub.requestVote(RaftServerProtocolServiceGrpc.java:265)
	at org.apache.ratis.grpc.server.GrpcServerProtocolClient.requestVote(GrpcServerProtocolClient.java:83)
	at org.apache.ratis.grpc.server.GrpcService.requestVote(GrpcService.java:195)
	at org.apache.ratis.server.impl.LeaderElection.lambda$submitRequests$1(LeaderElection.java:237)
	at java.util.concurrent.FutureTask.run(FutureTask.java:266)
	at java.util.concurrent.Executors$RunnableAdapter.call(Executors.java:511)
	at java.util.concurrent.FutureTask.run(FutureTask.java:266)
	at java.util.concurrent.ThreadPoolExecutor.runWorker(ThreadPoolExecutor.java:1149)
	at java.util.concurrent.ThreadPoolExecutor$Worker.run(ThreadPoolExecutor.java:624)
	... 1 more
Caused by: org.apache.ratis.thirdparty.io.netty.channel.AbstractChannel$AnnotatedConnectException: Connection refused: /192.168.5.181:35898
	at sun.nio.ch.SocketChannelImpl.checkConnect(Native Method)
	at sun.nio.ch.SocketChannelImpl.finishConnect(SocketChannelImpl.java:717)
	at org.apache.ratis.thirdparty.io.netty.channel.socket.nio.NioSocketChannel.doFinishConnect(NioSocketChannel.java:327)
	at org.apache.ratis.thirdparty.io.netty.channel.nio.AbstractNioChannel$AbstractNioUnsafe.finishConnect(AbstractNioChannel.java:340)
	at org.apache.ratis.thirdparty.io.netty.channel.nio.NioEventLoop.processSelectedKey(NioEventLoop.java:632)
	at org.apache.ratis.thirdparty.io.netty.channel.nio.NioEventLoop.processSelectedKeysOptimized(NioEventLoop.java:579)
	at org.apache.ratis.thirdparty.io.netty.channel.nio.NioEventLoop.processSelectedKeys(NioEventLoop.java:496)
	at org.apache.ratis.thirdparty.io.netty.channel.nio.NioEventLoop.run(NioEventLoop.java:458)
	at org.apache.ratis.thirdparty.io.netty.util.concurrent.SingleThreadEventExecutor$5.run(SingleThreadEventExecutor.java:897)
	at org.apache.ratis.thirdparty.io.netty.util.concurrent.FastThreadLocalRunnable.run(FastThreadLocalRunnable.java:30)
	... 1 more
Caused by: java.net.ConnectException: Connection refused
	... 11 more
2019-07-13 12:28:17,983 INFO  impl.LeaderElection (LogUtils.java:infoOrTrace(149)) - b638f31a-9a55-4e88-8861-54b3556fd9f8:group-967862A576AC:LeaderElection26 got exception when requesting votes: {}
java.util.concurrent.ExecutionException: org.apache.ratis.thirdparty.io.grpc.StatusRuntimeException: UNAVAILABLE: io exception
	at java.util.concurrent.FutureTask.report(FutureTask.java:122)
	at java.util.concurrent.FutureTask.get(FutureTask.java:192)
	at org.apache.ratis.server.impl.LeaderElection.waitForResults(LeaderElection.java:262)
	at org.apache.ratis.server.impl.LeaderElection.askForVotes(LeaderElection.java:200)
	at org.apache.ratis.server.impl.LeaderElection.run(LeaderElection.java:130)
	at java.lang.Thread.run(Thread.java:748)
Caused by: org.apache.ratis.thirdparty.io.grpc.StatusRuntimeException: UNAVAILABLE: io exception
	at org.apache.ratis.thirdparty.io.grpc.stub.ClientCalls.toStatusRuntimeException(ClientCalls.java:233)
	at org.apache.ratis.thirdparty.io.grpc.stub.ClientCalls.getUnchecked(ClientCalls.java:214)
	at org.apache.ratis.thirdparty.io.grpc.stub.ClientCalls.blockingUnaryCall(ClientCalls.java:139)
	at org.apache.ratis.proto.grpc.RaftServerProtocolServiceGrpc$RaftServerProtocolServiceBlockingStub.requestVote(RaftServerProtocolServiceGrpc.java:265)
	at org.apache.ratis.grpc.server.GrpcServerProtocolClient.requestVote(GrpcServerProtocolClient.java:83)
	at org.apache.ratis.grpc.server.GrpcService.requestVote(GrpcService.java:195)
	at org.apache.ratis.server.impl.LeaderElection.lambda$submitRequests$1(LeaderElection.java:237)
	at java.util.concurrent.FutureTask.run(FutureTask.java:266)
	at java.util.concurrent.Executors$RunnableAdapter.call(Executors.java:511)
	at java.util.concurrent.FutureTask.run(FutureTask.java:266)
	at java.util.concurrent.ThreadPoolExecutor.runWorker(ThreadPoolExecutor.java:1149)
	at java.util.concurrent.ThreadPoolExecutor$Worker.run(ThreadPoolExecutor.java:624)
	... 1 more
Caused by: org.apache.ratis.thirdparty.io.netty.channel.AbstractChannel$AnnotatedConnectException: Connection refused: /192.168.5.181:33345
	at sun.nio.ch.SocketChannelImpl.checkConnect(Native Method)
	at sun.nio.ch.SocketChannelImpl.finishConnect(SocketChannelImpl.java:717)
	at org.apache.ratis.thirdparty.io.netty.channel.socket.nio.NioSocketChannel.doFinishConnect(NioSocketChannel.java:327)
	at org.apache.ratis.thirdparty.io.netty.channel.nio.AbstractNioChannel$AbstractNioUnsafe.finishConnect(AbstractNioChannel.java:340)
	at org.apache.ratis.thirdparty.io.netty.channel.nio.NioEventLoop.processSelectedKey(NioEventLoop.java:632)
	at org.apache.ratis.thirdparty.io.netty.channel.nio.NioEventLoop.processSelectedKeysOptimized(NioEventLoop.java:579)
	at org.apache.ratis.thirdparty.io.netty.channel.nio.NioEventLoop.processSelectedKeys(NioEventLoop.java:496)
	at org.apache.ratis.thirdparty.io.netty.channel.nio.NioEventLoop.run(NioEventLoop.java:458)
	at org.apache.ratis.thirdparty.io.netty.util.concurrent.SingleThreadEventExecutor$5.run(SingleThreadEventExecutor.java:897)
	at org.apache.ratis.thirdparty.io.netty.util.concurrent.FastThreadLocalRunnable.run(FastThreadLocalRunnable.java:30)
	... 1 more
Caused by: java.net.ConnectException: Connection refused
	... 11 more
2019-07-13 12:28:17,986 INFO  impl.LeaderElection (LeaderElection.java:logAndReturn(56)) - b638f31a-9a55-4e88-8861-54b3556fd9f8:group-967862A576AC:LeaderElection26: Election REJECTED; received 0 response(s) [] and 2 exception(s); b638f31a-9a55-4e88-8861-54b3556fd9f8:t13, leader=null, voted=b638f31a-9a55-4e88-8861-54b3556fd9f8, raftlog=b638f31a-9a55-4e88-8861-54b3556fd9f8-SegmentedRaftLog:OPENED:c16,f16,i16, conf=0: [b638f31a-9a55-4e88-8861-54b3556fd9f8:192.168.5.181:32932, 7725a38b-54a6-4df1-a54c-afb4374855be:192.168.5.181:35898, 74efef67-ec0e-49fa-8557-a2a89921eea7:192.168.5.181:33345], old=null
2019-07-13 12:28:17,986 INFO  impl.LeaderElection (LogUtils.java:infoOrTrace(149)) -   Exception 0: {}
java.util.concurrent.ExecutionException: org.apache.ratis.thirdparty.io.grpc.StatusRuntimeException: UNAVAILABLE: io exception
	at java.util.concurrent.FutureTask.report(FutureTask.java:122)
	at java.util.concurrent.FutureTask.get(FutureTask.java:192)
	at org.apache.ratis.server.impl.LeaderElection.waitForResults(LeaderElection.java:262)
	at org.apache.ratis.server.impl.LeaderElection.askForVotes(LeaderElection.java:200)
	at org.apache.ratis.server.impl.LeaderElection.run(LeaderElection.java:130)
	at java.lang.Thread.run(Thread.java:748)
Caused by: org.apache.ratis.thirdparty.io.grpc.StatusRuntimeException: UNAVAILABLE: io exception
	at org.apache.ratis.thirdparty.io.grpc.stub.ClientCalls.toStatusRuntimeException(ClientCalls.java:233)
	at org.apache.ratis.thirdparty.io.grpc.stub.ClientCalls.getUnchecked(ClientCalls.java:214)
	at org.apache.ratis.thirdparty.io.grpc.stub.ClientCalls.blockingUnaryCall(ClientCalls.java:139)
	at org.apache.ratis.proto.grpc.RaftServerProtocolServiceGrpc$RaftServerProtocolServiceBlockingStub.requestVote(RaftServerProtocolServiceGrpc.java:265)
	at org.apache.ratis.grpc.server.GrpcServerProtocolClient.requestVote(GrpcServerProtocolClient.java:83)
	at org.apache.ratis.grpc.server.GrpcService.requestVote(GrpcService.java:195)
	at org.apache.ratis.server.impl.LeaderElection.lambda$submitRequests$1(LeaderElection.java:237)
	at java.util.concurrent.FutureTask.run(FutureTask.java:266)
	at java.util.concurrent.Executors$RunnableAdapter.call(Executors.java:511)
	at java.util.concurrent.FutureTask.run(FutureTask.java:266)
	at java.util.concurrent.ThreadPoolExecutor.runWorker(ThreadPoolExecutor.java:1149)
	at java.util.concurrent.ThreadPoolExecutor$Worker.run(ThreadPoolExecutor.java:624)
	... 1 more
Caused by: org.apache.ratis.thirdparty.io.netty.channel.AbstractChannel$AnnotatedConnectException: Connection refused: /192.168.5.181:35898
	at sun.nio.ch.SocketChannelImpl.checkConnect(Native Method)
	at sun.nio.ch.SocketChannelImpl.finishConnect(SocketChannelImpl.java:717)
	at org.apache.ratis.thirdparty.io.netty.channel.socket.nio.NioSocketChannel.doFinishConnect(NioSocketChannel.java:327)
	at org.apache.ratis.thirdparty.io.netty.channel.nio.AbstractNioChannel$AbstractNioUnsafe.finishConnect(AbstractNioChannel.java:340)
	at org.apache.ratis.thirdparty.io.netty.channel.nio.NioEventLoop.processSelectedKey(NioEventLoop.java:632)
	at org.apache.ratis.thirdparty.io.netty.channel.nio.NioEventLoop.processSelectedKeysOptimized(NioEventLoop.java:579)
	at org.apache.ratis.thirdparty.io.netty.channel.nio.NioEventLoop.processSelectedKeys(NioEventLoop.java:496)
	at org.apache.ratis.thirdparty.io.netty.channel.nio.NioEventLoop.run(NioEventLoop.java:458)
	at org.apache.ratis.thirdparty.io.netty.util.concurrent.SingleThreadEventExecutor$5.run(SingleThreadEventExecutor.java:897)
	at org.apache.ratis.thirdparty.io.netty.util.concurrent.FastThreadLocalRunnable.run(FastThreadLocalRunnable.java:30)
	... 1 more
Caused by: java.net.ConnectException: Connection refused
	... 11 more
2019-07-13 12:28:17,986 INFO  impl.LeaderElection (LogUtils.java:infoOrTrace(149)) -   Exception 1: {}
java.util.concurrent.ExecutionException: org.apache.ratis.thirdparty.io.grpc.StatusRuntimeException: UNAVAILABLE: io exception
	at java.util.concurrent.FutureTask.report(FutureTask.java:122)
	at java.util.concurrent.FutureTask.get(FutureTask.java:192)
	at org.apache.ratis.server.impl.LeaderElection.waitForResults(LeaderElection.java:262)
	at org.apache.ratis.server.impl.LeaderElection.askForVotes(LeaderElection.java:200)
	at org.apache.ratis.server.impl.LeaderElection.run(LeaderElection.java:130)
	at java.lang.Thread.run(Thread.java:748)
Caused by: org.apache.ratis.thirdparty.io.grpc.StatusRuntimeException: UNAVAILABLE: io exception
	at org.apache.ratis.thirdparty.io.grpc.stub.ClientCalls.toStatusRuntimeException(ClientCalls.java:233)
	at org.apache.ratis.thirdparty.io.grpc.stub.ClientCalls.getUnchecked(ClientCalls.java:214)
	at org.apache.ratis.thirdparty.io.grpc.stub.ClientCalls.blockingUnaryCall(ClientCalls.java:139)
	at org.apache.ratis.proto.grpc.RaftServerProtocolServiceGrpc$RaftServerProtocolServiceBlockingStub.requestVote(RaftServerProtocolServiceGrpc.java:265)
	at org.apache.ratis.grpc.server.GrpcServerProtocolClient.requestVote(GrpcServerProtocolClient.java:83)
	at org.apache.ratis.grpc.server.GrpcService.requestVote(GrpcService.java:195)
	at org.apache.ratis.server.impl.LeaderElection.lambda$submitRequests$1(LeaderElection.java:237)
	at java.util.concurrent.FutureTask.run(FutureTask.java:266)
	at java.util.concurrent.Executors$RunnableAdapter.call(Executors.java:511)
	at java.util.concurrent.FutureTask.run(FutureTask.java:266)
	at java.util.concurrent.ThreadPoolExecutor.runWorker(ThreadPoolExecutor.java:1149)
	at java.util.concurrent.ThreadPoolExecutor$Worker.run(ThreadPoolExecutor.java:624)
	... 1 more
Caused by: org.apache.ratis.thirdparty.io.netty.channel.AbstractChannel$AnnotatedConnectException: Connection refused: /192.168.5.181:33345
	at sun.nio.ch.SocketChannelImpl.checkConnect(Native Method)
	at sun.nio.ch.SocketChannelImpl.finishConnect(SocketChannelImpl.java:717)
	at org.apache.ratis.thirdparty.io.netty.channel.socket.nio.NioSocketChannel.doFinishConnect(NioSocketChannel.java:327)
	at org.apache.ratis.thirdparty.io.netty.channel.nio.AbstractNioChannel$AbstractNioUnsafe.finishConnect(AbstractNioChannel.java:340)
	at org.apache.ratis.thirdparty.io.netty.channel.nio.NioEventLoop.processSelectedKey(NioEventLoop.java:632)
	at org.apache.ratis.thirdparty.io.netty.channel.nio.NioEventLoop.processSelectedKeysOptimized(NioEventLoop.java:579)
	at org.apache.ratis.thirdparty.io.netty.channel.nio.NioEventLoop.processSelectedKeys(NioEventLoop.java:496)
	at org.apache.ratis.thirdparty.io.netty.channel.nio.NioEventLoop.run(NioEventLoop.java:458)
	at org.apache.ratis.thirdparty.io.netty.util.concurrent.SingleThreadEventExecutor$5.run(SingleThreadEventExecutor.java:897)
	at org.apache.ratis.thirdparty.io.netty.util.concurrent.FastThreadLocalRunnable.run(FastThreadLocalRunnable.java:30)
	... 1 more
Caused by: java.net.ConnectException: Connection refused
	... 11 more
2019-07-13 12:28:17,986 INFO  impl.RaftServerImpl (RaftServerImpl.java:setRole(171)) - b638f31a-9a55-4e88-8861-54b3556fd9f8:group-967862A576AC changes role from CANDIDATE to FOLLOWER at term 13 for DISCOVERED_A_NEW_TERM
2019-07-13 12:28:17,989 INFO  impl.RoleInfo (RoleInfo.java:shutdownLeaderElection(134)) - b638f31a-9a55-4e88-8861-54b3556fd9f8: shutdown LeaderElection
2019-07-13 12:28:17,989 INFO  impl.RoleInfo (RoleInfo.java:updateAndGet(143)) - b638f31a-9a55-4e88-8861-54b3556fd9f8: start FollowerState
2019-07-13 12:28:19,619 INFO  client.GrpcClientProtocolClient (GrpcClientProtocolClient.java:onNext(255)) - client-6604DE481522->b638f31a-9a55-4e88-8861-54b3556fd9f8: receive RaftClientReply:client-6604DE481522->b638f31a-9a55-4e88-8861-54b3556fd9f8@group-967862A576AC, cid=22, FAILED org.apache.ratis.protocol.NotLeaderException: Server b638f31a-9a55-4e88-8861-54b3556fd9f8 is not the leader (null). Request must be sent to leader., logIndex=0, commits[b638f31a-9a55-4e88-8861-54b3556fd9f8:c16, 7725a38b-54a6-4df1-a54c-afb4374855be:c16, 74efef67-ec0e-49fa-8557-a2a89921eea7:c16]
2019-07-13 12:28:22,644 INFO  client.GrpcClientProtocolClient (GrpcClientProtocolClient.java:onNext(255)) - client-6604DE481522->b638f31a-9a55-4e88-8861-54b3556fd9f8: receive RaftClientReply:client-6604DE481522->b638f31a-9a55-4e88-8861-54b3556fd9f8@group-967862A576AC, cid=22, FAILED org.apache.ratis.protocol.NotLeaderException: Server b638f31a-9a55-4e88-8861-54b3556fd9f8 is not the leader (null). Request must be sent to leader., logIndex=0, commits[b638f31a-9a55-4e88-8861-54b3556fd9f8:c16, 7725a38b-54a6-4df1-a54c-afb4374855be:c16, 74efef67-ec0e-49fa-8557-a2a89921eea7:c16]
2019-07-13 12:28:23,066 INFO  impl.FollowerState (FollowerState.java:run(106)) - b638f31a-9a55-4e88-8861-54b3556fd9f8:group-967862A576AC changes to CANDIDATE, lastRpcTime:5076, electionTimeout:5073ms
2019-07-13 12:28:23,066 INFO  impl.RoleInfo (RoleInfo.java:shutdownFollowerState(121)) - b638f31a-9a55-4e88-8861-54b3556fd9f8: shutdown FollowerState
2019-07-13 12:28:23,066 INFO  impl.RaftServerImpl (RaftServerImpl.java:setRole(171)) - b638f31a-9a55-4e88-8861-54b3556fd9f8:group-967862A576AC changes role from FOLLOWER to CANDIDATE at term 13 for changeToCandidate
2019-07-13 12:28:23,066 INFO  impl.RoleInfo (RoleInfo.java:updateAndGet(143)) - b638f31a-9a55-4e88-8861-54b3556fd9f8: start LeaderElection
2019-07-13 12:28:23,074 INFO  impl.LeaderElection (LeaderElection.java:askForVotes(181)) - b638f31a-9a55-4e88-8861-54b3556fd9f8:group-967862A576AC:LeaderElection27: begin an election at term 14 for 0: [b638f31a-9a55-4e88-8861-54b3556fd9f8:192.168.5.181:32932, 7725a38b-54a6-4df1-a54c-afb4374855be:192.168.5.181:35898, 74efef67-ec0e-49fa-8557-a2a89921eea7:192.168.5.181:33345], old=null
2019-07-13 12:28:23,077 INFO  impl.LeaderElection (LogUtils.java:infoOrTrace(149)) - b638f31a-9a55-4e88-8861-54b3556fd9f8:group-967862A576AC:LeaderElection27 got exception when requesting votes: {}
java.util.concurrent.ExecutionException: org.apache.ratis.thirdparty.io.grpc.StatusRuntimeException: UNAVAILABLE: io exception
	at java.util.concurrent.FutureTask.report(FutureTask.java:122)
	at java.util.concurrent.FutureTask.get(FutureTask.java:192)
	at org.apache.ratis.server.impl.LeaderElection.waitForResults(LeaderElection.java:262)
	at org.apache.ratis.server.impl.LeaderElection.askForVotes(LeaderElection.java:200)
	at org.apache.ratis.server.impl.LeaderElection.run(LeaderElection.java:130)
	at java.lang.Thread.run(Thread.java:748)
Caused by: org.apache.ratis.thirdparty.io.grpc.StatusRuntimeException: UNAVAILABLE: io exception
	at org.apache.ratis.thirdparty.io.grpc.stub.ClientCalls.toStatusRuntimeException(ClientCalls.java:233)
	at org.apache.ratis.thirdparty.io.grpc.stub.ClientCalls.getUnchecked(ClientCalls.java:214)
	at org.apache.ratis.thirdparty.io.grpc.stub.ClientCalls.blockingUnaryCall(ClientCalls.java:139)
	at org.apache.ratis.proto.grpc.RaftServerProtocolServiceGrpc$RaftServerProtocolServiceBlockingStub.requestVote(RaftServerProtocolServiceGrpc.java:265)
	at org.apache.ratis.grpc.server.GrpcServerProtocolClient.requestVote(GrpcServerProtocolClient.java:83)
	at org.apache.ratis.grpc.server.GrpcService.requestVote(GrpcService.java:195)
	at org.apache.ratis.server.impl.LeaderElection.lambda$submitRequests$1(LeaderElection.java:237)
	at java.util.concurrent.FutureTask.run(FutureTask.java:266)
	at java.util.concurrent.Executors$RunnableAdapter.call(Executors.java:511)
	at java.util.concurrent.FutureTask.run(FutureTask.java:266)
	at java.util.concurrent.ThreadPoolExecutor.runWorker(ThreadPoolExecutor.java:1149)
	at java.util.concurrent.ThreadPoolExecutor$Worker.run(ThreadPoolExecutor.java:624)
	... 1 more
Caused by: org.apache.ratis.thirdparty.io.netty.channel.AbstractChannel$AnnotatedConnectException: Connection refused: /192.168.5.181:33345
	at sun.nio.ch.SocketChannelImpl.checkConnect(Native Method)
	at sun.nio.ch.SocketChannelImpl.finishConnect(SocketChannelImpl.java:717)
	at org.apache.ratis.thirdparty.io.netty.channel.socket.nio.NioSocketChannel.doFinishConnect(NioSocketChannel.java:327)
	at org.apache.ratis.thirdparty.io.netty.channel.nio.AbstractNioChannel$AbstractNioUnsafe.finishConnect(AbstractNioChannel.java:340)
	at org.apache.ratis.thirdparty.io.netty.channel.nio.NioEventLoop.processSelectedKey(NioEventLoop.java:632)
	at org.apache.ratis.thirdparty.io.netty.channel.nio.NioEventLoop.processSelectedKeysOptimized(NioEventLoop.java:579)
	at org.apache.ratis.thirdparty.io.netty.channel.nio.NioEventLoop.processSelectedKeys(NioEventLoop.java:496)
	at org.apache.ratis.thirdparty.io.netty.channel.nio.NioEventLoop.run(NioEventLoop.java:458)
	at org.apache.ratis.thirdparty.io.netty.util.concurrent.SingleThreadEventExecutor$5.run(SingleThreadEventExecutor.java:897)
	at org.apache.ratis.thirdparty.io.netty.util.concurrent.FastThreadLocalRunnable.run(FastThreadLocalRunnable.java:30)
	... 1 more
Caused by: java.net.ConnectException: Connection refused
	... 11 more
2019-07-13 12:28:23,080 INFO  impl.LeaderElection (LogUtils.java:infoOrTrace(149)) - b638f31a-9a55-4e88-8861-54b3556fd9f8:group-967862A576AC:LeaderElection27 got exception when requesting votes: {}
java.util.concurrent.ExecutionException: org.apache.ratis.thirdparty.io.grpc.StatusRuntimeException: UNAVAILABLE: io exception
	at java.util.concurrent.FutureTask.report(FutureTask.java:122)
	at java.util.concurrent.FutureTask.get(FutureTask.java:192)
	at org.apache.ratis.server.impl.LeaderElection.waitForResults(LeaderElection.java:262)
	at org.apache.ratis.server.impl.LeaderElection.askForVotes(LeaderElection.java:200)
	at org.apache.ratis.server.impl.LeaderElection.run(LeaderElection.java:130)
	at java.lang.Thread.run(Thread.java:748)
Caused by: org.apache.ratis.thirdparty.io.grpc.StatusRuntimeException: UNAVAILABLE: io exception
	at org.apache.ratis.thirdparty.io.grpc.stub.ClientCalls.toStatusRuntimeException(ClientCalls.java:233)
	at org.apache.ratis.thirdparty.io.grpc.stub.ClientCalls.getUnchecked(ClientCalls.java:214)
	at org.apache.ratis.thirdparty.io.grpc.stub.ClientCalls.blockingUnaryCall(ClientCalls.java:139)
	at org.apache.ratis.proto.grpc.RaftServerProtocolServiceGrpc$RaftServerProtocolServiceBlockingStub.requestVote(RaftServerProtocolServiceGrpc.java:265)
	at org.apache.ratis.grpc.server.GrpcServerProtocolClient.requestVote(GrpcServerProtocolClient.java:83)
	at org.apache.ratis.grpc.server.GrpcService.requestVote(GrpcService.java:195)
	at org.apache.ratis.server.impl.LeaderElection.lambda$submitRequests$1(LeaderElection.java:237)
	at java.util.concurrent.FutureTask.run(FutureTask.java:266)
	at java.util.concurrent.Executors$RunnableAdapter.call(Executors.java:511)
	at java.util.concurrent.FutureTask.run(FutureTask.java:266)
	at java.util.concurrent.ThreadPoolExecutor.runWorker(ThreadPoolExecutor.java:1149)
	at java.util.concurrent.ThreadPoolExecutor$Worker.run(ThreadPoolExecutor.java:624)
	... 1 more
Caused by: org.apache.ratis.thirdparty.io.netty.channel.AbstractChannel$AnnotatedConnectException: Connection refused: /192.168.5.181:35898
	at sun.nio.ch.SocketChannelImpl.checkConnect(Native Method)
	at sun.nio.ch.SocketChannelImpl.finishConnect(SocketChannelImpl.java:717)
	at org.apache.ratis.thirdparty.io.netty.channel.socket.nio.NioSocketChannel.doFinishConnect(NioSocketChannel.java:327)
	at org.apache.ratis.thirdparty.io.netty.channel.nio.AbstractNioChannel$AbstractNioUnsafe.finishConnect(AbstractNioChannel.java:340)
	at org.apache.ratis.thirdparty.io.netty.channel.nio.NioEventLoop.processSelectedKey(NioEventLoop.java:632)
	at org.apache.ratis.thirdparty.io.netty.channel.nio.NioEventLoop.processSelectedKeysOptimized(NioEventLoop.java:579)
	at org.apache.ratis.thirdparty.io.netty.channel.nio.NioEventLoop.processSelectedKeys(NioEventLoop.java:496)
	at org.apache.ratis.thirdparty.io.netty.channel.nio.NioEventLoop.run(NioEventLoop.java:458)
	at org.apache.ratis.thirdparty.io.netty.util.concurrent.SingleThreadEventExecutor$5.run(SingleThreadEventExecutor.java:897)
	at org.apache.ratis.thirdparty.io.netty.util.concurrent.FastThreadLocalRunnable.run(FastThreadLocalRunnable.java:30)
	... 1 more
Caused by: java.net.ConnectException: Connection refused
	... 11 more
2019-07-13 12:28:23,082 INFO  impl.LeaderElection (LeaderElection.java:logAndReturn(56)) - b638f31a-9a55-4e88-8861-54b3556fd9f8:group-967862A576AC:LeaderElection27: Election REJECTED; received 0 response(s) [] and 2 exception(s); b638f31a-9a55-4e88-8861-54b3556fd9f8:t14, leader=null, voted=b638f31a-9a55-4e88-8861-54b3556fd9f8, raftlog=b638f31a-9a55-4e88-8861-54b3556fd9f8-SegmentedRaftLog:OPENED:c16,f16,i16, conf=0: [b638f31a-9a55-4e88-8861-54b3556fd9f8:192.168.5.181:32932, 7725a38b-54a6-4df1-a54c-afb4374855be:192.168.5.181:35898, 74efef67-ec0e-49fa-8557-a2a89921eea7:192.168.5.181:33345], old=null
2019-07-13 12:28:23,082 INFO  impl.LeaderElection (LogUtils.java:infoOrTrace(149)) -   Exception 0: {}
java.util.concurrent.ExecutionException: org.apache.ratis.thirdparty.io.grpc.StatusRuntimeException: UNAVAILABLE: io exception
	at java.util.concurrent.FutureTask.report(FutureTask.java:122)
	at java.util.concurrent.FutureTask.get(FutureTask.java:192)
	at org.apache.ratis.server.impl.LeaderElection.waitForResults(LeaderElection.java:262)
	at org.apache.ratis.server.impl.LeaderElection.askForVotes(LeaderElection.java:200)
	at org.apache.ratis.server.impl.LeaderElection.run(LeaderElection.java:130)
	at java.lang.Thread.run(Thread.java:748)
Caused by: org.apache.ratis.thirdparty.io.grpc.StatusRuntimeException: UNAVAILABLE: io exception
	at org.apache.ratis.thirdparty.io.grpc.stub.ClientCalls.toStatusRuntimeException(ClientCalls.java:233)
	at org.apache.ratis.thirdparty.io.grpc.stub.ClientCalls.getUnchecked(ClientCalls.java:214)
	at org.apache.ratis.thirdparty.io.grpc.stub.ClientCalls.blockingUnaryCall(ClientCalls.java:139)
	at org.apache.ratis.proto.grpc.RaftServerProtocolServiceGrpc$RaftServerProtocolServiceBlockingStub.requestVote(RaftServerProtocolServiceGrpc.java:265)
	at org.apache.ratis.grpc.server.GrpcServerProtocolClient.requestVote(GrpcServerProtocolClient.java:83)
	at org.apache.ratis.grpc.server.GrpcService.requestVote(GrpcService.java:195)
	at org.apache.ratis.server.impl.LeaderElection.lambda$submitRequests$1(LeaderElection.java:237)
	at java.util.concurrent.FutureTask.run(FutureTask.java:266)
	at java.util.concurrent.Executors$RunnableAdapter.call(Executors.java:511)
	at java.util.concurrent.FutureTask.run(FutureTask.java:266)
	at java.util.concurrent.ThreadPoolExecutor.runWorker(ThreadPoolExecutor.java:1149)
	at java.util.concurrent.ThreadPoolExecutor$Worker.run(ThreadPoolExecutor.java:624)
	... 1 more
Caused by: org.apache.ratis.thirdparty.io.netty.channel.AbstractChannel$AnnotatedConnectException: Connection refused: /192.168.5.181:33345
	at sun.nio.ch.SocketChannelImpl.checkConnect(Native Method)
	at sun.nio.ch.SocketChannelImpl.finishConnect(SocketChannelImpl.java:717)
	at org.apache.ratis.thirdparty.io.netty.channel.socket.nio.NioSocketChannel.doFinishConnect(NioSocketChannel.java:327)
	at org.apache.ratis.thirdparty.io.netty.channel.nio.AbstractNioChannel$AbstractNioUnsafe.finishConnect(AbstractNioChannel.java:340)
	at org.apache.ratis.thirdparty.io.netty.channel.nio.NioEventLoop.processSelectedKey(NioEventLoop.java:632)
	at org.apache.ratis.thirdparty.io.netty.channel.nio.NioEventLoop.processSelectedKeysOptimized(NioEventLoop.java:579)
	at org.apache.ratis.thirdparty.io.netty.channel.nio.NioEventLoop.processSelectedKeys(NioEventLoop.java:496)
	at org.apache.ratis.thirdparty.io.netty.channel.nio.NioEventLoop.run(NioEventLoop.java:458)
	at org.apache.ratis.thirdparty.io.netty.util.concurrent.SingleThreadEventExecutor$5.run(SingleThreadEventExecutor.java:897)
	at org.apache.ratis.thirdparty.io.netty.util.concurrent.FastThreadLocalRunnable.run(FastThreadLocalRunnable.java:30)
	... 1 more
Caused by: java.net.ConnectException: Connection refused
	... 11 more
2019-07-13 12:28:23,083 INFO  impl.LeaderElection (LogUtils.java:infoOrTrace(149)) -   Exception 1: {}
java.util.concurrent.ExecutionException: org.apache.ratis.thirdparty.io.grpc.StatusRuntimeException: UNAVAILABLE: io exception
	at java.util.concurrent.FutureTask.report(FutureTask.java:122)
	at java.util.concurrent.FutureTask.get(FutureTask.java:192)
	at org.apache.ratis.server.impl.LeaderElection.waitForResults(LeaderElection.java:262)
	at org.apache.ratis.server.impl.LeaderElection.askForVotes(LeaderElection.java:200)
	at org.apache.ratis.server.impl.LeaderElection.run(LeaderElection.java:130)
	at java.lang.Thread.run(Thread.java:748)
Caused by: org.apache.ratis.thirdparty.io.grpc.StatusRuntimeException: UNAVAILABLE: io exception
	at org.apache.ratis.thirdparty.io.grpc.stub.ClientCalls.toStatusRuntimeException(ClientCalls.java:233)
	at org.apache.ratis.thirdparty.io.grpc.stub.ClientCalls.getUnchecked(ClientCalls.java:214)
	at org.apache.ratis.thirdparty.io.grpc.stub.ClientCalls.blockingUnaryCall(ClientCalls.java:139)
	at org.apache.ratis.proto.grpc.RaftServerProtocolServiceGrpc$RaftServerProtocolServiceBlockingStub.requestVote(RaftServerProtocolServiceGrpc.java:265)
	at org.apache.ratis.grpc.server.GrpcServerProtocolClient.requestVote(GrpcServerProtocolClient.java:83)
	at org.apache.ratis.grpc.server.GrpcService.requestVote(GrpcService.java:195)
	at org.apache.ratis.server.impl.LeaderElection.lambda$submitRequests$1(LeaderElection.java:237)
	at java.util.concurrent.FutureTask.run(FutureTask.java:266)
	at java.util.concurrent.Executors$RunnableAdapter.call(Executors.java:511)
	at java.util.concurrent.FutureTask.run(FutureTask.java:266)
	at java.util.concurrent.ThreadPoolExecutor.runWorker(ThreadPoolExecutor.java:1149)
	at java.util.concurrent.ThreadPoolExecutor$Worker.run(ThreadPoolExecutor.java:624)
	... 1 more
Caused by: org.apache.ratis.thirdparty.io.netty.channel.AbstractChannel$AnnotatedConnectException: Connection refused: /192.168.5.181:35898
	at sun.nio.ch.SocketChannelImpl.checkConnect(Native Method)
	at sun.nio.ch.SocketChannelImpl.finishConnect(SocketChannelImpl.java:717)
	at org.apache.ratis.thirdparty.io.netty.channel.socket.nio.NioSocketChannel.doFinishConnect(NioSocketChannel.java:327)
	at org.apache.ratis.thirdparty.io.netty.channel.nio.AbstractNioChannel$AbstractNioUnsafe.finishConnect(AbstractNioChannel.java:340)
	at org.apache.ratis.thirdparty.io.netty.channel.nio.NioEventLoop.processSelectedKey(NioEventLoop.java:632)
	at org.apache.ratis.thirdparty.io.netty.channel.nio.NioEventLoop.processSelectedKeysOptimized(NioEventLoop.java:579)
	at org.apache.ratis.thirdparty.io.netty.channel.nio.NioEventLoop.processSelectedKeys(NioEventLoop.java:496)
	at org.apache.ratis.thirdparty.io.netty.channel.nio.NioEventLoop.run(NioEventLoop.java:458)
	at org.apache.ratis.thirdparty.io.netty.util.concurrent.SingleThreadEventExecutor$5.run(SingleThreadEventExecutor.java:897)
	at org.apache.ratis.thirdparty.io.netty.util.concurrent.FastThreadLocalRunnable.run(FastThreadLocalRunnable.java:30)
	... 1 more
Caused by: java.net.ConnectException: Connection refused
	... 11 more
2019-07-13 12:28:23,083 INFO  impl.RaftServerImpl (RaftServerImpl.java:setRole(171)) - b638f31a-9a55-4e88-8861-54b3556fd9f8:group-967862A576AC changes role from CANDIDATE to FOLLOWER at term 14 for DISCOVERED_A_NEW_TERM
2019-07-13 12:28:23,085 INFO  impl.RoleInfo (RoleInfo.java:shutdownLeaderElection(134)) - b638f31a-9a55-4e88-8861-54b3556fd9f8: shutdown LeaderElection
2019-07-13 12:28:23,085 INFO  impl.RoleInfo (RoleInfo.java:updateAndGet(143)) - b638f31a-9a55-4e88-8861-54b3556fd9f8: start FollowerState
2019-07-13 12:28:23,418 WARN  pipeline.RatisPipelineUtils (RatisPipelineUtils.java:destroyPipeline(66)) - Pipeline destroy failed for pipeline=PipelineID=1727c8d0-aaf7-4799-b660-967862a576ac dn=74efef67-ec0e-49fa-8557-a2a89921eea7{ip: 192.168.5.181, host: trunk-nightly-q2gwj-1111726333, networkLocation: /default-rack, certSerialId: null}
2019-07-13 12:28:23,421 WARN  pipeline.RatisPipelineUtils (RatisPipelineUtils.java:destroyPipeline(66)) - Pipeline destroy failed for pipeline=PipelineID=1727c8d0-aaf7-4799-b660-967862a576ac dn=7725a38b-54a6-4df1-a54c-afb4374855be{ip: 192.168.5.181, host: trunk-nightly-q2gwj-1111726333, networkLocation: /default-rack, certSerialId: null}
2019-07-13 12:28:23,427 INFO  impl.RaftServerProxy (RaftServerProxy.java:remove(95)) - b638f31a-9a55-4e88-8861-54b3556fd9f8: remove FOLLOWER group-967862A576AC b638f31a-9a55-4e88-8861-54b3556fd9f8:t14, leader=null, voted=b638f31a-9a55-4e88-8861-54b3556fd9f8, raftlog=b638f31a-9a55-4e88-8861-54b3556fd9f8-SegmentedRaftLog:OPENED:c16,f16,i16, conf=0: [b638f31a-9a55-4e88-8861-54b3556fd9f8:192.168.5.181:32932, 7725a38b-54a6-4df1-a54c-afb4374855be:192.168.5.181:35898, 74efef67-ec0e-49fa-8557-a2a89921eea7:192.168.5.181:33345], old=null RUNNING
2019-07-13 12:28:23,431 INFO  impl.RaftServerImpl (RaftServerImpl.java:lambda$shutdown$3(245)) - b638f31a-9a55-4e88-8861-54b3556fd9f8: shutdown group-967862A576AC
2019-07-13 12:28:23,431 INFO  util.JmxRegister (JmxRegister.java:unregister(73)) - Successfully un-registered JMX Bean with object name Ratis:service=RaftServer,group=group-967862A576AC,id=b638f31a-9a55-4e88-8861-54b3556fd9f8
2019-07-13 12:28:23,431 INFO  impl.RoleInfo (RoleInfo.java:shutdownFollowerState(121)) - b638f31a-9a55-4e88-8861-54b3556fd9f8: shutdown FollowerState
2019-07-13 12:28:23,431 INFO  impl.StateMachineUpdater (StateMachineUpdater.java:stopAndJoin(115)) - StateMachineUpdater:b638f31a-9a55-4e88-8861-54b3556fd9f8:group-967862A576AC: set stopIndex = 16
2019-07-13 12:28:23,432 INFO  impl.FollowerState (FollowerState.java:run(114)) - b638f31a-9a55-4e88-8861-54b3556fd9f8: FollowerState was interrupted: java.lang.InterruptedException: sleep interrupted
2019-07-13 12:28:23,434 INFO  ratis.ContainerStateMachine (ContainerStateMachine.java:takeSnapshot(246)) - Taking snapshot at termIndex:(t:2, i:14)
2019-07-13 12:28:23,434 INFO  ratis.ContainerStateMachine (ContainerStateMachine.java:takeSnapshot(250)) - Taking a snapshot to file /tmp/workdir/hadoop-ozone/integration-test/target/test-dir/MiniOzoneClusterImpl-c01b761b-2f67-4822-9581-a12a58f3b363/datanode-3/data/ratis/1727c8d0-aaf7-4799-b660-967862a576ac/sm/snapshot.2_14
2019-07-13 12:28:23,435 INFO  impl.StateMachineUpdater (StateMachineUpdater.java:takeSnapshot(242)) - StateMachineUpdater:b638f31a-9a55-4e88-8861-54b3556fd9f8:group-967862A576AC: Took a snapshot at index 14
2019-07-13 12:28:23,435 INFO  impl.StateMachineUpdater (StateMachineUpdater.java:lambda$new$0(80)) - StateMachineUpdater:b638f31a-9a55-4e88-8861-54b3556fd9f8:group-967862A576AC: snapshotIndex: updateIncreasingly -1 -> 14
2019-07-13 12:28:23,436 INFO  impl.RaftServerImpl (ServerState.java:close(394)) - b638f31a-9a55-4e88-8861-54b3556fd9f8:group-967862A576AC closes. The last applied log index is 16
2019-07-13 12:28:23,436 INFO  segmented.SegmentedRaftLogWorker (SegmentedRaftLogWorker.java:run(313)) - b638f31a-9a55-4e88-8861-54b3556fd9f8-SegmentedRaftLogWorker:Storage Directory /tmp/workdir/hadoop-ozone/integration-test/target/test-dir/MiniOzoneClusterImpl-c01b761b-2f67-4822-9581-a12a58f3b363/datanode-3/data/ratis/1727c8d0-aaf7-4799-b660-967862a576ac was interrupted, exiting. There are 0 tasks remaining in the queue.
2019-07-13 12:28:23,438 INFO  segmented.SegmentedRaftLogWorker (SegmentedRaftLogWorker.java:close(228)) - b638f31a-9a55-4e88-8861-54b3556fd9f8-SegmentedRaftLogWorker:Storage Directory /tmp/workdir/hadoop-ozone/integration-test/target/test-dir/MiniOzoneClusterImpl-c01b761b-2f67-4822-9581-a12a58f3b363/datanode-3/data/ratis/1727c8d0-aaf7-4799-b660-967862a576ac close()
2019-07-13 12:28:23,453 INFO  pipeline.PipelineStateManager (PipelineStateManager.java:removePipeline(108)) - Pipeline Pipeline[ Id: 1727c8d0-aaf7-4799-b660-967862a576ac, Nodes: 74efef67-ec0e-49fa-8557-a2a89921eea7{ip: 192.168.5.181, host: trunk-nightly-q2gwj-1111726333, networkLocation: /default-rack, certSerialId: null}7725a38b-54a6-4df1-a54c-afb4374855be{ip: 192.168.5.181, host: trunk-nightly-q2gwj-1111726333, networkLocation: /default-rack, certSerialId: null}b638f31a-9a55-4e88-8861-54b3556fd9f8{ip: 192.168.5.181, host: trunk-nightly-q2gwj-1111726333, networkLocation: /default-rack, certSerialId: null}, Type:RATIS, Factor:THREE, State:CLOSED] removed from db
2019-07-13 12:28:23,457 WARN  pipeline.RatisPipelineUtils (RatisPipelineUtils.java:destroyPipeline(66)) - Pipeline destroy failed for pipeline=PipelineID=ace2eaeb-d448-408f-a5ab-a471bf323a6c dn=74efef67-ec0e-49fa-8557-a2a89921eea7{ip: 192.168.5.181, host: trunk-nightly-q2gwj-1111726333, networkLocation: /default-rack, certSerialId: null}
2019-07-13 12:28:23,457 INFO  pipeline.PipelineStateManager (PipelineStateManager.java:removePipeline(108)) - Pipeline Pipeline[ Id: ace2eaeb-d448-408f-a5ab-a471bf323a6c, Nodes: 74efef67-ec0e-49fa-8557-a2a89921eea7{ip: 192.168.5.181, host: trunk-nightly-q2gwj-1111726333, networkLocation: /default-rack, certSerialId: null}, Type:RATIS, Factor:ONE, State:CLOSED] removed from db
2019-07-13 12:28:24,718 WARN  io.KeyOutputStream (KeyOutputStream.java:handleException(276)) - Encountered exception java.io.IOException: Unexpected Storage Container Exception: java.util.concurrent.CompletionException: java.util.concurrent.CompletionException: org.apache.ratis.protocol.GroupMismatchException: b638f31a-9a55-4e88-8861-54b3556fd9f8: group-967862A576AC not found. on the pipeline Pipeline[ Id: 1727c8d0-aaf7-4799-b660-967862a576ac, Nodes: 74efef67-ec0e-49fa-8557-a2a89921eea7{ip: 192.168.5.181, host: trunk-nightly-q2gwj-1111726333, networkLocation: /default-rack, certSerialId: null}7725a38b-54a6-4df1-a54c-afb4374855be{ip: 192.168.5.181, host: trunk-nightly-q2gwj-1111726333, networkLocation: /default-rack, certSerialId: null}b638f31a-9a55-4e88-8861-54b3556fd9f8{ip: 192.168.5.181, host: trunk-nightly-q2gwj-1111726333, networkLocation: /default-rack, certSerialId: null}, Type:RATIS, Factor:THREE, State:OPEN]. The last committed block length is 450, uncommitted data length is 350 retry count 0
2019-07-13 12:28:24,780 INFO  client.GrpcClientProtocolClient (GrpcClientProtocolClient.java:onNext(255)) - client-63D55526CEB7->944a21aa-092b-4330-b90e-e9bb9a373ad9: receive RaftClientReply:client-63D55526CEB7->944a21aa-092b-4330-b90e-e9bb9a373ad9@group-AFF8D231C080, cid=32, FAILED org.apache.ratis.protocol.NotLeaderException: Server 944a21aa-092b-4330-b90e-e9bb9a373ad9 is not the leader (67ad77ec-e22e-4e21-b0ef-f18c48c00509:192.168.5.181:39367). Request must be sent to leader., logIndex=0, commits[944a21aa-092b-4330-b90e-e9bb9a373ad9:c0, 67ad77ec-e22e-4e21-b0ef-f18c48c00509:c0, a90114fc-3d05-4be9-b0c4-bbf7a7678121:c0]
2019-07-13 12:28:24,902 INFO  client.GrpcClientProtocolClient (GrpcClientProtocolClient.java:onNext(255)) - client-63D55526CEB7->67ad77ec-e22e-4e21-b0ef-f18c48c00509: receive RaftClientReply:client-63D55526CEB7->67ad77ec-e22e-4e21-b0ef-f18c48c00509@group-AFF8D231C080, cid=32, SUCCESS, logIndex=1, commits[67ad77ec-e22e-4e21-b0ef-f18c48c00509:c1, 944a21aa-092b-4330-b90e-e9bb9a373ad9:c0, a90114fc-3d05-4be9-b0c4-bbf7a7678121:c0]
2019-07-13 12:28:24,922 INFO  client.GrpcClientProtocolClient (GrpcClientProtocolClient.java:onNext(255)) - client-63D55526CEB7->67ad77ec-e22e-4e21-b0ef-f18c48c00509: receive RaftClientReply:client-63D55526CEB7->67ad77ec-e22e-4e21-b0ef-f18c48c00509@group-AFF8D231C080, cid=33, SUCCESS, logIndex=3, commits[67ad77ec-e22e-4e21-b0ef-f18c48c00509:c4, 944a21aa-092b-4330-b90e-e9bb9a373ad9:c2, a90114fc-3d05-4be9-b0c4-bbf7a7678121:c2]
2019-07-13 12:28:24,962 INFO  client.GrpcClientProtocolClient (GrpcClientProtocolClient.java:onNext(255)) - client-63D55526CEB7->67ad77ec-e22e-4e21-b0ef-f18c48c00509: receive RaftClientReply:client-63D55526CEB7->67ad77ec-e22e-4e21-b0ef-f18c48c00509@group-AFF8D231C080, cid=34, SUCCESS, logIndex=4, commits[67ad77ec-e22e-4e21-b0ef-f18c48c00509:c12, 944a21aa-092b-4330-b90e-e9bb9a373ad9:c7, a90114fc-3d05-4be9-b0c4-bbf7a7678121:c7]
2019-07-13 12:28:24,963 INFO  client.GrpcClientProtocolClient (GrpcClientProtocolClient.java:onNext(255)) - client-63D55526CEB7->67ad77ec-e22e-4e21-b0ef-f18c48c00509: receive RaftClientReply:client-63D55526CEB7->67ad77ec-e22e-4e21-b0ef-f18c48c00509@group-AFF8D231C080, cid=35, SUCCESS, logIndex=5, commits[67ad77ec-e22e-4e21-b0ef-f18c48c00509:c12, 944a21aa-092b-4330-b90e-e9bb9a373ad9:c7, a90114fc-3d05-4be9-b0c4-bbf7a7678121:c7]
2019-07-13 12:28:24,963 INFO  client.GrpcClientProtocolClient (GrpcClientProtocolClient.java:onNext(255)) - client-63D55526CEB7->67ad77ec-e22e-4e21-b0ef-f18c48c00509: receive RaftClientReply:client-63D55526CEB7->67ad77ec-e22e-4e21-b0ef-f18c48c00509@group-AFF8D231C080, cid=36, SUCCESS, logIndex=6, commits[67ad77ec-e22e-4e21-b0ef-f18c48c00509:c12, 944a21aa-092b-4330-b90e-e9bb9a373ad9:c7, a90114fc-3d05-4be9-b0c4-bbf7a7678121:c7]
2019-07-13 12:28:25,072 INFO  client.GrpcClientProtocolClient (GrpcClientProtocolClient.java:onNext(255)) - client-63D55526CEB7->67ad77ec-e22e-4e21-b0ef-f18c48c00509: receive RaftClientReply:client-63D55526CEB7->67ad77ec-e22e-4e21-b0ef-f18c48c00509@group-AFF8D231C080, cid=37, SUCCESS, logIndex=7, commits[67ad77ec-e22e-4e21-b0ef-f18c48c00509:c12, 944a21aa-092b-4330-b90e-e9bb9a373ad9:c7, a90114fc-3d05-4be9-b0c4-bbf7a7678121:c7]
2019-07-13 12:28:25,086 INFO  client.GrpcClientProtocolClient (GrpcClientProtocolClient.java:onNext(255)) - client-63D55526CEB7->67ad77ec-e22e-4e21-b0ef-f18c48c00509: receive RaftClientReply:client-63D55526CEB7->67ad77ec-e22e-4e21-b0ef-f18c48c00509@group-AFF8D231C080, cid=38, SUCCESS, logIndex=13, commits[67ad77ec-e22e-4e21-b0ef-f18c48c00509:c14, 944a21aa-092b-4330-b90e-e9bb9a373ad9:c12, a90114fc-3d05-4be9-b0c4-bbf7a7678121:c12]
2019-07-13 12:28:25,087 INFO  client.GrpcClientProtocolClient (GrpcClientProtocolClient.java:onNext(255)) - client-63D55526CEB7->67ad77ec-e22e-4e21-b0ef-f18c48c00509: receive RaftClientReply:client-63D55526CEB7->67ad77ec-e22e-4e21-b0ef-f18c48c00509@group-AFF8D231C080, cid=39, SUCCESS, logIndex=14, commits[67ad77ec-e22e-4e21-b0ef-f18c48c00509:c14, 944a21aa-092b-4330-b90e-e9bb9a373ad9:c12, a90114fc-3d05-4be9-b0c4-bbf7a7678121:c12]
2019-07-13 12:28:25,100 INFO  client.GrpcClientProtocolClient (GrpcClientProtocolClient.java:onNext(255)) - client-63D55526CEB7->67ad77ec-e22e-4e21-b0ef-f18c48c00509: receive RaftClientReply:client-63D55526CEB7->67ad77ec-e22e-4e21-b0ef-f18c48c00509@group-AFF8D231C080, cid=40, SUCCESS, logIndex=0, commits[67ad77ec-e22e-4e21-b0ef-f18c48c00509:c16, 944a21aa-092b-4330-b90e-e9bb9a373ad9:c14, a90114fc-3d05-4be9-b0c4-bbf7a7678121:c14]
2019-07-13 12:28:25,167 INFO  pipeline.Pipeline (Pipeline.java:getProtobufMessage(195)) - Serialize pipeline PipelineID=2f95e7bd-13d8-4d6f-bc14-aff8d231c080 with nodesInOrder{ }
2019-07-13 12:28:25,175 INFO  ozone.MiniOzoneClusterImpl (MiniOzoneClusterImpl.java:shutdown(321)) - Shutting down the Mini Ozone Cluster
2019-07-13 12:28:25,176 INFO  ozone.MiniOzoneClusterImpl (MiniOzoneClusterImpl.java:stop(336)) - Stopping the Mini Ozone Cluster
2019-07-13 12:28:25,176 INFO  ozone.MiniOzoneClusterImpl (MiniOzoneClusterImpl.java:stop(338)) - Stopping the OzoneManager
2019-07-13 12:28:25,176 INFO  ipc.Server (Server.java:stop(3082)) - Stopping server on 45304
2019-07-13 12:28:25,177 INFO  ipc.Server (Server.java:run(1185)) - Stopping IPC Server listener on 45304
2019-07-13 12:28:25,178 INFO  utils.BackgroundService (BackgroundService.java:shutdown(148)) - Shutting down service KeyDeletingService
2019-07-13 12:28:25,178 INFO  ipc.Server (Server.java:run(1319)) - Stopping IPC Server Responder
2019-07-13 12:28:25,182 INFO  handler.ContextHandler (ContextHandler.java:doStop(910)) - Stopped o.e.j.w.WebAppContext@11653e3b{/,null,UNAVAILABLE}{/ozoneManager}
2019-07-13 12:28:25,184 INFO  server.AbstractConnector (AbstractConnector.java:doStop(318)) - Stopped ServerConnector@715fb77{HTTP/1.1,[http/1.1]}{0.0.0.0:0}
2019-07-13 12:28:25,184 INFO  handler.ContextHandler (ContextHandler.java:doStop(910)) - Stopped o.e.j.s.ServletContextHandler@6ac97b84{/static,file:///tmp/workdir/hadoop-ozone/integration-test/target/test-classes/webapps/static,UNAVAILABLE}
2019-07-13 12:28:25,185 INFO  handler.ContextHandler (ContextHandler.java:doStop(910)) - Stopped o.e.j.s.ServletContextHandler@2e3a5237{/logs,file:///tmp/workdir/hadoop-ozone/integration-test/target/log,UNAVAILABLE}
2019-07-13 12:28:25,189 INFO  ozone.MiniOzoneClusterImpl (MiniOzoneClusterImpl.java:stop(344)) - Shutting the HddsDatanodes
2019-07-13 12:28:25,189 INFO  datanode.ObjectStoreHandler (ObjectStoreHandler.java:close(155)) - Closing ObjectStoreHandler.
2019-07-13 12:28:25,189 INFO  datanode.ObjectStoreHandler (ObjectStoreHandler.java:close(155)) - Closing ObjectStoreHandler.
2019-07-13 12:28:25,192 INFO  ozone.HddsDatanodeService (HddsDatanodeService.java:stop(452)) - Stopped plug-in org.apache.hadoop.ozone.web.OzoneHddsDatanodeService@5fdd97c1
2019-07-13 12:28:25,192 INFO  ozone.HddsDatanodeService (HddsDatanodeService.java:stop(452)) - Stopped plug-in org.apache.hadoop.ozone.web.OzoneHddsDatanodeService@6097fca9
2019-07-13 12:28:25,229 INFO  statemachine.DatanodeStateMachine (DatanodeStateMachine.java:lambda$startDaemon$0(350)) - Ozone container server started.
2019-07-13 12:28:25,886 INFO  statemachine.DatanodeStateMachine (DatanodeStateMachine.java:lambda$startDaemon$0(350)) - Ozone container server started.
2019-07-13 12:28:28,414 WARN  pipeline.RatisPipelineUtils (RatisPipelineUtils.java:destroyPipeline(66)) - Pipeline destroy failed for pipeline=PipelineID=03c33dbf-9563-4f46-b21a-300526fed910 dn=7725a38b-54a6-4df1-a54c-afb4374855be{ip: 192.168.5.181, host: trunk-nightly-q2gwj-1111726333, networkLocation: /default-rack, certSerialId: null}
2019-07-13 12:28:28,415 INFO  pipeline.PipelineStateManager (PipelineStateManager.java:removePipeline(108)) - Pipeline Pipeline[ Id: 03c33dbf-9563-4f46-b21a-300526fed910, Nodes: 7725a38b-54a6-4df1-a54c-afb4374855be{ip: 192.168.5.181, host: trunk-nightly-q2gwj-1111726333, networkLocation: /default-rack, certSerialId: null}, Type:RATIS, Factor:ONE, State:CLOSED] removed from db
2019-07-13 12:28:28,419 WARN  pipeline.RatisPipelineUtils (RatisPipelineUtils.java:destroyPipeline(66)) - Pipeline destroy failed for pipeline=PipelineID=1727c8d0-aaf7-4799-b660-967862a576ac dn=74efef67-ec0e-49fa-8557-a2a89921eea7{ip: 192.168.5.181, host: trunk-nightly-q2gwj-1111726333, networkLocation: /default-rack, certSerialId: null}
2019-07-13 12:28:28,422 WARN  pipeline.RatisPipelineUtils (RatisPipelineUtils.java:destroyPipeline(66)) - Pipeline destroy failed for pipeline=PipelineID=1727c8d0-aaf7-4799-b660-967862a576ac dn=7725a38b-54a6-4df1-a54c-afb4374855be{ip: 192.168.5.181, host: trunk-nightly-q2gwj-1111726333, networkLocation: /default-rack, certSerialId: null}
2019-07-13 12:28:28,428 INFO  impl.RaftServerProxy (RaftServerProxy.java:remove(95)) - b638f31a-9a55-4e88-8861-54b3556fd9f8: remove group-967862A576AC:null
2019-07-13 12:28:28,441 WARN  pipeline.RatisPipelineUtils (RatisPipelineUtils.java:destroyPipeline(66)) - Pipeline destroy failed for pipeline=PipelineID=1727c8d0-aaf7-4799-b660-967862a576ac dn=b638f31a-9a55-4e88-8861-54b3556fd9f8{ip: 192.168.5.181, host: trunk-nightly-q2gwj-1111726333, networkLocation: /default-rack, certSerialId: null}
2019-07-13 12:28:28,441 ERROR pipeline.SCMPipelineManager (Scheduler.java:lambda$schedule$1(70)) - Destroy pipeline failed for pipeline:Pipeline[ Id: 1727c8d0-aaf7-4799-b660-967862a576ac, Nodes: 74efef67-ec0e-49fa-8557-a2a89921eea7{ip: 192.168.5.181, host: trunk-nightly-q2gwj-1111726333, networkLocation: /default-rack, certSerialId: null}7725a38b-54a6-4df1-a54c-afb4374855be{ip: 192.168.5.181, host: trunk-nightly-q2gwj-1111726333, networkLocation: /default-rack, certSerialId: null}b638f31a-9a55-4e88-8861-54b3556fd9f8{ip: 192.168.5.181, host: trunk-nightly-q2gwj-1111726333, networkLocation: /default-rack, certSerialId: null}, Type:RATIS, Factor:THREE, State:CLOSED]
org.apache.hadoop.hdds.scm.pipeline.PipelineNotFoundException: PipelineID=1727c8d0-aaf7-4799-b660-967862a576ac not found
	at org.apache.hadoop.hdds.scm.pipeline.PipelineStateMap.getPipeline(PipelineStateMap.java:132)
	at org.apache.hadoop.hdds.scm.pipeline.PipelineStateMap.removePipeline(PipelineStateMap.java:322)
	at org.apache.hadoop.hdds.scm.pipeline.PipelineStateManager.removePipeline(PipelineStateManager.java:107)
	at org.apache.hadoop.hdds.scm.pipeline.SCMPipelineManager.removePipeline(SCMPipelineManager.java:397)
	at org.apache.hadoop.hdds.scm.pipeline.SCMPipelineManager.destroyPipeline(SCMPipelineManager.java:383)
	at org.apache.hadoop.hdds.scm.pipeline.SCMPipelineManager.lambda$finalizeAndDestroyPipeline$0(SCMPipelineManager.java:316)
	at org.apache.hadoop.utils.Scheduler.lambda$schedule$1(Scheduler.java:68)
	at java.util.concurrent.Executors$RunnableAdapter.call(Executors.java:511)
	at java.util.concurrent.FutureTask.run(FutureTask.java:266)
	at java.util.concurrent.ScheduledThreadPoolExecutor$ScheduledFutureTask.access$201(ScheduledThreadPoolExecutor.java:180)
	at java.util.concurrent.ScheduledThreadPoolExecutor$ScheduledFutureTask.run(ScheduledThreadPoolExecutor.java:293)
	at java.util.concurrent.ThreadPoolExecutor.runWorker(ThreadPoolExecutor.java:1149)
	at java.util.concurrent.ThreadPoolExecutor$Worker.run(ThreadPoolExecutor.java:624)
	at java.lang.Thread.run(Thread.java:748)
2019-07-13 12:28:29,240 INFO  node.StaleNodeHandler (StaleNodeHandler.java:onMessage(58)) - Datanode 0d759352-9ff9-4087-94a1-fe421b840863{ip: 192.168.5.181, host: trunk-nightly-q2gwj-1111726333, networkLocation: /default-rack, certSerialId: null} moved to stale state. Finalizing its pipelines [PipelineID=9bba600b-0ef3-4e45-9762-4d6799fb7c13]
2019-07-13 12:28:29,240 INFO  pipeline.SCMPipelineManager (SCMPipelineManager.java:finalizeAndDestroyPipeline(309)) - destroying pipeline:Pipeline[ Id: 9bba600b-0ef3-4e45-9762-4d6799fb7c13, Nodes: 0d759352-9ff9-4087-94a1-fe421b840863{ip: 192.168.5.181, host: trunk-nightly-q2gwj-1111726333, networkLocation: /default-rack, certSerialId: null}, Type:RATIS, Factor:ONE, State:OPEN]
2019-07-13 12:28:29,241 INFO  pipeline.PipelineStateManager (PipelineStateManager.java:finalizePipeline(123)) - Pipeline Pipeline[ Id: 9bba600b-0ef3-4e45-9762-4d6799fb7c13, Nodes: 0d759352-9ff9-4087-94a1-fe421b840863{ip: 192.168.5.181, host: trunk-nightly-q2gwj-1111726333, networkLocation: /default-rack, certSerialId: null}, Type:RATIS, Factor:ONE, State:CLOSED] moved to CLOSED state
2019-07-13 12:28:29,941 INFO  node.StaleNodeHandler (StaleNodeHandler.java:onMessage(58)) - Datanode 67ad77ec-e22e-4e21-b0ef-f18c48c00509{ip: 192.168.5.181, host: trunk-nightly-q2gwj-1111726333, networkLocation: /default-rack, certSerialId: null} moved to stale state. Finalizing its pipelines [PipelineID=43dc801b-a244-4d13-9735-8a37e9b7c607, PipelineID=2f95e7bd-13d8-4d6f-bc14-aff8d231c080]
2019-07-13 12:28:29,941 INFO  pipeline.SCMPipelineManager (SCMPipelineManager.java:finalizeAndDestroyPipeline(309)) - destroying pipeline:Pipeline[ Id: 43dc801b-a244-4d13-9735-8a37e9b7c607, Nodes: 67ad77ec-e22e-4e21-b0ef-f18c48c00509{ip: 192.168.5.181, host: trunk-nightly-q2gwj-1111726333, networkLocation: /default-rack, certSerialId: null}, Type:RATIS, Factor:ONE, State:OPEN]
2019-07-13 12:28:29,942 INFO  pipeline.PipelineStateManager (PipelineStateManager.java:finalizePipeline(123)) - Pipeline Pipeline[ Id: 43dc801b-a244-4d13-9735-8a37e9b7c607, Nodes: 67ad77ec-e22e-4e21-b0ef-f18c48c00509{ip: 192.168.5.181, host: trunk-nightly-q2gwj-1111726333, networkLocation: /default-rack, certSerialId: null}, Type:RATIS, Factor:ONE, State:CLOSED] moved to CLOSED state
2019-07-13 12:28:29,942 INFO  pipeline.SCMPipelineManager (SCMPipelineManager.java:finalizeAndDestroyPipeline(309)) - destroying pipeline:Pipeline[ Id: 2f95e7bd-13d8-4d6f-bc14-aff8d231c080, Nodes: 944a21aa-092b-4330-b90e-e9bb9a373ad9{ip: 192.168.5.181, host: trunk-nightly-q2gwj-1111726333, networkLocation: /default-rack, certSerialId: null}a90114fc-3d05-4be9-b0c4-bbf7a7678121{ip: 192.168.5.181, host: trunk-nightly-q2gwj-1111726333, networkLocation: /default-rack, certSerialId: null}67ad77ec-e22e-4e21-b0ef-f18c48c00509{ip: 192.168.5.181, host: trunk-nightly-q2gwj-1111726333, networkLocation: /default-rack, certSerialId: null}, Type:RATIS, Factor:THREE, State:OPEN]
2019-07-13 12:28:29,942 INFO  pipeline.PipelineStateManager (PipelineStateManager.java:finalizePipeline(123)) - Pipeline Pipeline[ Id: 2f95e7bd-13d8-4d6f-bc14-aff8d231c080, Nodes: 944a21aa-092b-4330-b90e-e9bb9a373ad9{ip: 192.168.5.181, host: trunk-nightly-q2gwj-1111726333, networkLocation: /default-rack, certSerialId: null}a90114fc-3d05-4be9-b0c4-bbf7a7678121{ip: 192.168.5.181, host: trunk-nightly-q2gwj-1111726333, networkLocation: /default-rack, certSerialId: null}67ad77ec-e22e-4e21-b0ef-f18c48c00509{ip: 192.168.5.181, host: trunk-nightly-q2gwj-1111726333, networkLocation: /default-rack, certSerialId: null}, Type:RATIS, Factor:THREE, State:CLOSED] moved to CLOSED state
2019-07-13 12:28:29,942 INFO  container.CloseContainerEventHandler (CloseContainerEventHandler.java:onMessage(61)) - Close container Event triggered for container : #2
2019-07-13 12:28:30,193 INFO  ozoneimpl.OzoneContainer (OzoneContainer.java:stop(199)) - Attempting to stop container services.
2019-07-13 12:28:30,193 INFO  ozoneimpl.OzoneContainer (OzoneContainer.java:stop(199)) - Attempting to stop container services.
2019-07-13 12:28:30,194 INFO  impl.RaftServerProxy (RaftServerProxy.java:lambda$close$4(314)) - 67ad77ec-e22e-4e21-b0ef-f18c48c00509: close
2019-07-13 12:28:30,194 INFO  impl.RaftServerProxy (RaftServerProxy.java:lambda$close$4(314)) - 0d759352-9ff9-4087-94a1-fe421b840863: close
2019-07-13 12:28:30,194 INFO  impl.RaftServerImpl (RaftServerImpl.java:lambda$shutdown$3(245)) - 67ad77ec-e22e-4e21-b0ef-f18c48c00509: shutdown group-8A37E9B7C607
2019-07-13 12:28:30,194 INFO  impl.RaftServerImpl (RaftServerImpl.java:lambda$shutdown$3(245)) - 0d759352-9ff9-4087-94a1-fe421b840863: shutdown group-4D6799FB7C13
2019-07-13 12:28:30,195 INFO  util.JmxRegister (JmxRegister.java:unregister(73)) - Successfully un-registered JMX Bean with object name Ratis:service=RaftServer,group=group-8A37E9B7C607,id=67ad77ec-e22e-4e21-b0ef-f18c48c00509
2019-07-13 12:28:30,195 INFO  util.JmxRegister (JmxRegister.java:unregister(73)) - Successfully un-registered JMX Bean with object name Ratis:service=RaftServer,group=group-4D6799FB7C13,id=0d759352-9ff9-4087-94a1-fe421b840863
2019-07-13 12:28:30,196 INFO  impl.RoleInfo (RoleInfo.java:shutdownLeaderState(104)) - 0d759352-9ff9-4087-94a1-fe421b840863: shutdown LeaderState
2019-07-13 12:28:30,196 INFO  impl.RoleInfo (RoleInfo.java:shutdownLeaderState(104)) - 67ad77ec-e22e-4e21-b0ef-f18c48c00509: shutdown LeaderState
2019-07-13 12:28:30,196 INFO  impl.PendingRequests (PendingRequests.java:sendNotLeaderResponses(202)) - 0d759352-9ff9-4087-94a1-fe421b840863-PendingRequests: sendNotLeaderResponses
2019-07-13 12:28:30,200 INFO  impl.PendingRequests (PendingRequests.java:sendNotLeaderResponses(202)) - 67ad77ec-e22e-4e21-b0ef-f18c48c00509-PendingRequests: sendNotLeaderResponses
2019-07-13 12:28:30,201 INFO  impl.StateMachineUpdater (StateMachineUpdater.java:stopAndJoin(115)) - StateMachineUpdater:0d759352-9ff9-4087-94a1-fe421b840863:group-4D6799FB7C13: set stopIndex = 0
2019-07-13 12:28:30,201 INFO  ratis.ContainerStateMachine (ContainerStateMachine.java:takeSnapshot(246)) - Taking snapshot at termIndex:(t:0, i:~)
2019-07-13 12:28:30,201 INFO  impl.StateMachineUpdater (StateMachineUpdater.java:stopAndJoin(115)) - StateMachineUpdater:67ad77ec-e22e-4e21-b0ef-f18c48c00509:group-8A37E9B7C607: set stopIndex = 0
2019-07-13 12:28:30,202 INFO  ratis.ContainerStateMachine (ContainerStateMachine.java:takeSnapshot(246)) - Taking snapshot at termIndex:(t:0, i:~)
2019-07-13 12:28:30,202 INFO  impl.RaftServerImpl (ServerState.java:close(394)) - 0d759352-9ff9-4087-94a1-fe421b840863:group-4D6799FB7C13 closes. The last applied log index is 0
2019-07-13 12:28:30,203 INFO  impl.RaftServerImpl (ServerState.java:close(394)) - 67ad77ec-e22e-4e21-b0ef-f18c48c00509:group-8A37E9B7C607 closes. The last applied log index is 0
2019-07-13 12:28:30,203 INFO  segmented.SegmentedRaftLogWorker (SegmentedRaftLogWorker.java:run(313)) - 0d759352-9ff9-4087-94a1-fe421b840863-SegmentedRaftLogWorker:Storage Directory /tmp/workdir/hadoop-ozone/integration-test/target/test-dir/MiniOzoneClusterImpl-c01b761b-2f67-4822-9581-a12a58f3b363/datanode-1/data/ratis/9bba600b-0ef3-4e45-9762-4d6799fb7c13 was interrupted, exiting. There are 0 tasks remaining in the queue.
2019-07-13 12:28:30,206 INFO  segmented.SegmentedRaftLogWorker (SegmentedRaftLogWorker.java:run(313)) - 67ad77ec-e22e-4e21-b0ef-f18c48c00509-SegmentedRaftLogWorker:Storage Directory /tmp/workdir/hadoop-ozone/integration-test/target/test-dir/MiniOzoneClusterImpl-c01b761b-2f67-4822-9581-a12a58f3b363/datanode-4/data/ratis/43dc801b-a244-4d13-9735-8a37e9b7c607 was interrupted, exiting. There are 0 tasks remaining in the queue.
2019-07-13 12:28:30,206 INFO  segmented.SegmentedRaftLogWorker (SegmentedRaftLogWorker.java:close(228)) - 0d759352-9ff9-4087-94a1-fe421b840863-SegmentedRaftLogWorker:Storage Directory /tmp/workdir/hadoop-ozone/integration-test/target/test-dir/MiniOzoneClusterImpl-c01b761b-2f67-4822-9581-a12a58f3b363/datanode-1/data/ratis/9bba600b-0ef3-4e45-9762-4d6799fb7c13 close()
2019-07-13 12:28:30,212 INFO  server.GrpcService (GrpcService.java:closeImpl(155)) - 0d759352-9ff9-4087-94a1-fe421b840863: shutdown server with port 46056 now
2019-07-13 12:28:30,214 INFO  server.GrpcService (GrpcService.java:closeImpl(163)) - 0d759352-9ff9-4087-94a1-fe421b840863: shutdown server with port 46056 successfully
2019-07-13 12:28:30,218 INFO  segmented.SegmentedRaftLogWorker (SegmentedRaftLogWorker.java:close(228)) - 67ad77ec-e22e-4e21-b0ef-f18c48c00509-SegmentedRaftLogWorker:Storage Directory /tmp/workdir/hadoop-ozone/integration-test/target/test-dir/MiniOzoneClusterImpl-c01b761b-2f67-4822-9581-a12a58f3b363/datanode-4/data/ratis/43dc801b-a244-4d13-9735-8a37e9b7c607 close()
2019-07-13 12:28:30,223 INFO  impl.RaftServerImpl (RaftServerImpl.java:lambda$shutdown$3(245)) - 67ad77ec-e22e-4e21-b0ef-f18c48c00509: shutdown group-AFF8D231C080
2019-07-13 12:28:30,223 INFO  util.JmxRegister (JmxRegister.java:unregister(73)) - Successfully un-registered JMX Bean with object name Ratis:service=RaftServer,group=group-AFF8D231C080,id=67ad77ec-e22e-4e21-b0ef-f18c48c00509
2019-07-13 12:28:30,224 INFO  impl.RoleInfo (RoleInfo.java:shutdownLeaderState(104)) - 67ad77ec-e22e-4e21-b0ef-f18c48c00509: shutdown LeaderState
2019-07-13 12:28:30,228 INFO  impl.PendingRequests (PendingRequests.java:sendNotLeaderResponses(202)) - 67ad77ec-e22e-4e21-b0ef-f18c48c00509-PendingRequests: sendNotLeaderResponses
2019-07-13 12:28:30,228 WARN  server.GrpcLogAppender (GrpcLogAppender.java:mayWait(143)) - GrpcLogAppender(67ad77ec-e22e-4e21-b0ef-f18c48c00509->944a21aa-092b-4330-b90e-e9bb9a373ad9): Wait interrupted by java.lang.InterruptedException
2019-07-13 12:28:30,228 WARN  server.GrpcLogAppender (GrpcLogAppender.java:mayWait(143)) - GrpcLogAppender(67ad77ec-e22e-4e21-b0ef-f18c48c00509->a90114fc-3d05-4be9-b0c4-bbf7a7678121): Wait interrupted by java.lang.InterruptedException
2019-07-13 12:28:30,233 INFO  impl.StateMachineUpdater (StateMachineUpdater.java:stopAndJoin(115)) - StateMachineUpdater:67ad77ec-e22e-4e21-b0ef-f18c48c00509:group-AFF8D231C080: set stopIndex = 16
2019-07-13 12:28:30,233 INFO  server.GrpcServerProtocolService (GrpcServerProtocolService.java:onCompleted(104)) - 944a21aa-092b-4330-b90e-e9bb9a373ad9: appendEntries completed
2019-07-13 12:28:30,233 INFO  ratis.ContainerStateMachine (ContainerStateMachine.java:takeSnapshot(246)) - Taking snapshot at termIndex:(t:3, i:14)
2019-07-13 12:28:30,234 INFO  server.GrpcServerProtocolService (GrpcServerProtocolService.java:onCompleted(104)) - a90114fc-3d05-4be9-b0c4-bbf7a7678121: appendEntries completed
2019-07-13 12:28:30,234 INFO  ratis.ContainerStateMachine (ContainerStateMachine.java:takeSnapshot(250)) - Taking a snapshot to file /tmp/workdir/hadoop-ozone/integration-test/target/test-dir/MiniOzoneClusterImpl-c01b761b-2f67-4822-9581-a12a58f3b363/datanode-4/data/ratis/2f95e7bd-13d8-4d6f-bc14-aff8d231c080/sm/snapshot.3_14
2019-07-13 12:28:30,235 INFO  impl.StateMachineUpdater (StateMachineUpdater.java:takeSnapshot(242)) - StateMachineUpdater:67ad77ec-e22e-4e21-b0ef-f18c48c00509:group-AFF8D231C080: Took a snapshot at index 14
2019-07-13 12:28:30,235 INFO  server.GrpcLogAppender (GrpcLogAppender.java:onCompleted(292)) - 67ad77ec-e22e-4e21-b0ef-f18c48c00509->a90114fc-3d05-4be9-b0c4-bbf7a7678121: follower responses appendEntries COMPLETED
2019-07-13 12:28:30,235 INFO  server.GrpcLogAppender (GrpcLogAppender.java:onCompleted(292)) - 67ad77ec-e22e-4e21-b0ef-f18c48c00509->944a21aa-092b-4330-b90e-e9bb9a373ad9: follower responses appendEntries COMPLETED
2019-07-13 12:28:30,235 INFO  impl.StateMachineUpdater (StateMachineUpdater.java:lambda$new$0(80)) - StateMachineUpdater:67ad77ec-e22e-4e21-b0ef-f18c48c00509:group-AFF8D231C080: snapshotIndex: updateIncreasingly -1 -> 14
2019-07-13 12:28:30,235 INFO  impl.FollowerInfo (FollowerInfo.java:lambda$new$0(50)) - 67ad77ec-e22e-4e21-b0ef-f18c48c00509->a90114fc-3d05-4be9-b0c4-bbf7a7678121: nextIndex: updateUnconditionally 17 -> 16
2019-07-13 12:28:30,236 INFO  impl.RaftServerImpl (ServerState.java:close(394)) - 67ad77ec-e22e-4e21-b0ef-f18c48c00509:group-AFF8D231C080 closes. The last applied log index is 16
2019-07-13 12:28:30,235 INFO  impl.FollowerInfo (FollowerInfo.java:lambda$new$0(50)) - 67ad77ec-e22e-4e21-b0ef-f18c48c00509->944a21aa-092b-4330-b90e-e9bb9a373ad9: nextIndex: updateUnconditionally 17 -> 16
2019-07-13 12:28:30,237 INFO  segmented.SegmentedRaftLogWorker (SegmentedRaftLogWorker.java:run(313)) - 67ad77ec-e22e-4e21-b0ef-f18c48c00509-SegmentedRaftLogWorker:Storage Directory /tmp/workdir/hadoop-ozone/integration-test/target/test-dir/MiniOzoneClusterImpl-c01b761b-2f67-4822-9581-a12a58f3b363/datanode-4/data/ratis/2f95e7bd-13d8-4d6f-bc14-aff8d231c080 was interrupted, exiting. There are 0 tasks remaining in the queue.
2019-07-13 12:28:30,240 INFO  segmented.SegmentedRaftLogWorker (SegmentedRaftLogWorker.java:close(228)) - 67ad77ec-e22e-4e21-b0ef-f18c48c00509-SegmentedRaftLogWorker:Storage Directory /tmp/workdir/hadoop-ozone/integration-test/target/test-dir/MiniOzoneClusterImpl-c01b761b-2f67-4822-9581-a12a58f3b363/datanode-4/data/ratis/2f95e7bd-13d8-4d6f-bc14-aff8d231c080 close()
2019-07-13 12:28:30,244 INFO  server.GrpcService (GrpcService.java:closeImpl(155)) - 67ad77ec-e22e-4e21-b0ef-f18c48c00509: shutdown server with port 39367 now
2019-07-13 12:28:30,244 INFO  utils.BackgroundService (BackgroundService.java:shutdown(148)) - Shutting down service BlockDeletingService
2019-07-13 12:28:30,245 WARN  client.GrpcClientProtocolService (LogUtils.java:warn(134)) - 1-UnorderedRequestStreamObserver1: onError: org.apache.ratis.thirdparty.io.grpc.StatusRuntimeException: CANCELLED: cancelled before receiving half close
2019-07-13 12:28:30,245 INFO  server.GrpcService (GrpcService.java:closeImpl(163)) - 67ad77ec-e22e-4e21-b0ef-f18c48c00509: shutdown server with port 39367 successfully
2019-07-13 12:28:30,248 WARN  fs.CachingGetSpaceUsed (CachingGetSpaceUsed.java:run(183)) - Thread Interrupted waiting to refresh disk information: sleep interrupted
2019-07-13 12:28:30,253 INFO  utils.BackgroundService (BackgroundService.java:shutdown(148)) - Shutting down service BlockDeletingService
2019-07-13 12:28:30,260 WARN  fs.CachingGetSpaceUsed (CachingGetSpaceUsed.java:run(183)) - Thread Interrupted waiting to refresh disk information: sleep interrupted
2019-07-13 12:28:30,275 INFO  statemachine.DatanodeStateMachine (DatanodeStateMachine.java:stopDaemon(395)) - Ozone container server stopped.
2019-07-13 12:28:30,283 INFO  handler.ContextHandler (ContextHandler.java:doStop(910)) - Stopped o.e.j.w.WebAppContext@2a8b33ba{/,null,UNAVAILABLE}{/hddsDatanode}
2019-07-13 12:28:30,285 INFO  statemachine.DatanodeStateMachine (DatanodeStateMachine.java:stopDaemon(395)) - Ozone container server stopped.
2019-07-13 12:28:30,285 INFO  server.AbstractConnector (AbstractConnector.java:doStop(318)) - Stopped ServerConnector@4e8b357d{HTTP/1.1,[http/1.1]}{0.0.0.0:0}
2019-07-13 12:28:30,287 INFO  handler.ContextHandler (ContextHandler.java:doStop(910)) - Stopped o.e.j.w.WebAppContext@34136bd1{/,null,UNAVAILABLE}{/hddsDatanode}
2019-07-13 12:28:30,287 INFO  handler.ContextHandler (ContextHandler.java:doStop(910)) - Stopped o.e.j.s.ServletContextHandler@359066bc{/static,jar:file:/home/user/.m2/repository/org/apache/hadoop/hadoop-hdds-container-service/0.5.0-SNAPSHOT/hadoop-hdds-container-service-0.5.0-SNAPSHOT.jar!/webapps/static,UNAVAILABLE}
2019-07-13 12:28:30,290 INFO  handler.ContextHandler (ContextHandler.java:doStop(910)) - Stopped o.e.j.s.ServletContextHandler@733fb462{/logs,file:///tmp/workdir/hadoop-ozone/integration-test/target/log,UNAVAILABLE}
2019-07-13 12:28:30,290 INFO  server.AbstractConnector (AbstractConnector.java:doStop(318)) - Stopped ServerConnector@6de7778f{HTTP/1.1,[http/1.1]}{0.0.0.0:0}
2019-07-13 12:28:30,290 INFO  handler.ContextHandler (ContextHandler.java:doStop(910)) - Stopped o.e.j.s.ServletContextHandler@615db358{/static,jar:file:/home/user/.m2/repository/org/apache/hadoop/hadoop-hdds-container-service/0.5.0-SNAPSHOT/hadoop-hdds-container-service-0.5.0-SNAPSHOT.jar!/webapps/static,UNAVAILABLE}
2019-07-13 12:28:30,291 INFO  handler.ContextHandler (ContextHandler.java:doStop(910)) - Stopped o.e.j.s.ServletContextHandler@7aa01bd9{/logs,file:///tmp/workdir/hadoop-ozone/integration-test/target/log,UNAVAILABLE}
2019-07-13 12:28:30,291 INFO  datanode.ObjectStoreHandler (ObjectStoreHandler.java:close(155)) - Closing ObjectStoreHandler.
2019-07-13 12:28:30,292 INFO  ozone.HddsDatanodeService (HddsDatanodeService.java:stop(452)) - Stopped plug-in org.apache.hadoop.ozone.web.OzoneHddsDatanodeService@4026461d
2019-07-13 12:28:30,292 INFO  datanode.ObjectStoreHandler (ObjectStoreHandler.java:close(155)) - Closing ObjectStoreHandler.
2019-07-13 12:28:30,293 INFO  ozone.HddsDatanodeService (HddsDatanodeService.java:stop(452)) - Stopped plug-in org.apache.hadoop.ozone.web.OzoneHddsDatanodeService@1bd8afc8
2019-07-13 12:28:30,390 INFO  statemachine.DatanodeStateMachine (DatanodeStateMachine.java:lambda$startDaemon$0(350)) - Ozone container server started.
2019-07-13 12:28:30,882 INFO  statemachine.DatanodeStateMachine (DatanodeStateMachine.java:lambda$startDaemon$0(350)) - Ozone container server started.
2019-07-13 12:28:34,451 INFO  node.StaleNodeHandler (StaleNodeHandler.java:onMessage(58)) - Datanode b638f31a-9a55-4e88-8861-54b3556fd9f8{ip: 192.168.5.181, host: trunk-nightly-q2gwj-1111726333, networkLocation: /default-rack, certSerialId: null} moved to stale state. Finalizing its pipelines [PipelineID=1cb156c8-16ae-43d0-b7b9-a64f332c2340]
2019-07-13 12:28:34,451 INFO  pipeline.SCMPipelineManager (SCMPipelineManager.java:finalizeAndDestroyPipeline(309)) - destroying pipeline:Pipeline[ Id: 1cb156c8-16ae-43d0-b7b9-a64f332c2340, Nodes: b638f31a-9a55-4e88-8861-54b3556fd9f8{ip: 192.168.5.181, host: trunk-nightly-q2gwj-1111726333, networkLocation: /default-rack, certSerialId: null}, Type:RATIS, Factor:ONE, State:OPEN]
2019-07-13 12:28:34,452 INFO  pipeline.PipelineStateManager (PipelineStateManager.java:finalizePipeline(123)) - Pipeline Pipeline[ Id: 1cb156c8-16ae-43d0-b7b9-a64f332c2340, Nodes: b638f31a-9a55-4e88-8861-54b3556fd9f8{ip: 192.168.5.181, host: trunk-nightly-q2gwj-1111726333, networkLocation: /default-rack, certSerialId: null}, Type:RATIS, Factor:ONE, State:CLOSED] moved to CLOSED state
2019-07-13 12:28:34,952 INFO  node.StaleNodeHandler (StaleNodeHandler.java:onMessage(58)) - Datanode a90114fc-3d05-4be9-b0c4-bbf7a7678121{ip: 192.168.5.181, host: trunk-nightly-q2gwj-1111726333, networkLocation: /default-rack, certSerialId: null} moved to stale state. Finalizing its pipelines [PipelineID=2f95e7bd-13d8-4d6f-bc14-aff8d231c080, PipelineID=fce22935-34db-4b30-bbb9-8a4e8f172bb6]
2019-07-13 12:28:34,952 INFO  pipeline.SCMPipelineManager (SCMPipelineManager.java:finalizeAndDestroyPipeline(309)) - destroying pipeline:Pipeline[ Id: 2f95e7bd-13d8-4d6f-bc14-aff8d231c080, Nodes: 944a21aa-092b-4330-b90e-e9bb9a373ad9{ip: 192.168.5.181, host: trunk-nightly-q2gwj-1111726333, networkLocation: /default-rack, certSerialId: null}a90114fc-3d05-4be9-b0c4-bbf7a7678121{ip: 192.168.5.181, host: trunk-nightly-q2gwj-1111726333, networkLocation: /default-rack, certSerialId: null}67ad77ec-e22e-4e21-b0ef-f18c48c00509{ip: 192.168.5.181, host: trunk-nightly-q2gwj-1111726333, networkLocation: /default-rack, certSerialId: null}, Type:RATIS, Factor:THREE, State:CLOSED]
2019-07-13 12:28:34,952 INFO  pipeline.SCMPipelineManager (SCMPipelineManager.java:finalizeAndDestroyPipeline(309)) - destroying pipeline:Pipeline[ Id: fce22935-34db-4b30-bbb9-8a4e8f172bb6, Nodes: a90114fc-3d05-4be9-b0c4-bbf7a7678121{ip: 192.168.5.181, host: trunk-nightly-q2gwj-1111726333, networkLocation: /default-rack, certSerialId: null}, Type:RATIS, Factor:ONE, State:OPEN]
2019-07-13 12:28:34,953 INFO  pipeline.PipelineStateManager (PipelineStateManager.java:finalizePipeline(123)) - Pipeline Pipeline[ Id: fce22935-34db-4b30-bbb9-8a4e8f172bb6, Nodes: a90114fc-3d05-4be9-b0c4-bbf7a7678121{ip: 192.168.5.181, host: trunk-nightly-q2gwj-1111726333, networkLocation: /default-rack, certSerialId: null}, Type:RATIS, Factor:ONE, State:CLOSED] moved to CLOSED state
2019-07-13 12:28:35,293 INFO  ozoneimpl.OzoneContainer (OzoneContainer.java:stop(199)) - Attempting to stop container services.
2019-07-13 12:28:35,293 INFO  impl.RaftServerProxy (RaftServerProxy.java:lambda$close$4(314)) - a90114fc-3d05-4be9-b0c4-bbf7a7678121: close
2019-07-13 12:28:35,294 INFO  ozoneimpl.OzoneContainer (OzoneContainer.java:stop(199)) - Attempting to stop container services.
2019-07-13 12:28:35,294 INFO  impl.RaftServerImpl (RaftServerImpl.java:lambda$shutdown$3(245)) - a90114fc-3d05-4be9-b0c4-bbf7a7678121: shutdown group-AFF8D231C080
2019-07-13 12:28:35,294 INFO  impl.RaftServerProxy (RaftServerProxy.java:lambda$close$4(314)) - b638f31a-9a55-4e88-8861-54b3556fd9f8: close
2019-07-13 12:28:35,295 INFO  util.JmxRegister (JmxRegister.java:unregister(73)) - Successfully un-registered JMX Bean with object name Ratis:service=RaftServer,group=group-AFF8D231C080,id=a90114fc-3d05-4be9-b0c4-bbf7a7678121
2019-07-13 12:28:35,295 INFO  impl.RaftServerImpl (RaftServerImpl.java:lambda$shutdown$3(245)) - b638f31a-9a55-4e88-8861-54b3556fd9f8: shutdown group-A64F332C2340
2019-07-13 12:28:35,295 INFO  impl.RoleInfo (RoleInfo.java:shutdownFollowerState(121)) - a90114fc-3d05-4be9-b0c4-bbf7a7678121: shutdown FollowerState
2019-07-13 12:28:35,296 INFO  util.JmxRegister (JmxRegister.java:unregister(73)) - Successfully un-registered JMX Bean with object name Ratis:service=RaftServer,group=group-A64F332C2340,id=b638f31a-9a55-4e88-8861-54b3556fd9f8
2019-07-13 12:28:35,297 INFO  impl.RoleInfo (RoleInfo.java:shutdownLeaderState(104)) - b638f31a-9a55-4e88-8861-54b3556fd9f8: shutdown LeaderState
2019-07-13 12:28:35,296 INFO  impl.FollowerState (FollowerState.java:run(114)) - a90114fc-3d05-4be9-b0c4-bbf7a7678121: FollowerState was interrupted: java.lang.InterruptedException: sleep interrupted
2019-07-13 12:28:35,296 INFO  ratis.ContainerStateMachine (ContainerStateMachine.java:takeSnapshot(246)) - Taking snapshot at termIndex:(t:3, i:14)
2019-07-13 12:28:35,296 INFO  impl.StateMachineUpdater (StateMachineUpdater.java:stopAndJoin(115)) - StateMachineUpdater:a90114fc-3d05-4be9-b0c4-bbf7a7678121:group-AFF8D231C080: set stopIndex = 16
2019-07-13 12:28:35,297 INFO  ratis.ContainerStateMachine (ContainerStateMachine.java:takeSnapshot(250)) - Taking a snapshot to file /tmp/workdir/hadoop-ozone/integration-test/target/test-dir/MiniOzoneClusterImpl-c01b761b-2f67-4822-9581-a12a58f3b363/datanode-2/data/ratis/2f95e7bd-13d8-4d6f-bc14-aff8d231c080/sm/snapshot.3_14
2019-07-13 12:28:35,297 INFO  impl.PendingRequests (PendingRequests.java:sendNotLeaderResponses(202)) - b638f31a-9a55-4e88-8861-54b3556fd9f8-PendingRequests: sendNotLeaderResponses
2019-07-13 12:28:35,298 INFO  impl.StateMachineUpdater (StateMachineUpdater.java:takeSnapshot(242)) - StateMachineUpdater:a90114fc-3d05-4be9-b0c4-bbf7a7678121:group-AFF8D231C080: Took a snapshot at index 14
2019-07-13 12:28:35,299 INFO  impl.StateMachineUpdater (StateMachineUpdater.java:stopAndJoin(115)) - StateMachineUpdater:b638f31a-9a55-4e88-8861-54b3556fd9f8:group-A64F332C2340: set stopIndex = 0
2019-07-13 12:28:35,299 INFO  ratis.ContainerStateMachine (ContainerStateMachine.java:takeSnapshot(246)) - Taking snapshot at termIndex:(t:0, i:~)
2019-07-13 12:28:35,299 INFO  impl.StateMachineUpdater (StateMachineUpdater.java:lambda$new$0(80)) - StateMachineUpdater:a90114fc-3d05-4be9-b0c4-bbf7a7678121:group-AFF8D231C080: snapshotIndex: updateIncreasingly -1 -> 14
2019-07-13 12:28:35,300 INFO  impl.RaftServerImpl (ServerState.java:close(394)) - b638f31a-9a55-4e88-8861-54b3556fd9f8:group-A64F332C2340 closes. The last applied log index is 0
2019-07-13 12:28:35,300 INFO  impl.RaftServerImpl (ServerState.java:close(394)) - a90114fc-3d05-4be9-b0c4-bbf7a7678121:group-AFF8D231C080 closes. The last applied log index is 16
2019-07-13 12:28:35,301 INFO  segmented.SegmentedRaftLogWorker (SegmentedRaftLogWorker.java:run(313)) - b638f31a-9a55-4e88-8861-54b3556fd9f8-SegmentedRaftLogWorker:Storage Directory /tmp/workdir/hadoop-ozone/integration-test/target/test-dir/MiniOzoneClusterImpl-c01b761b-2f67-4822-9581-a12a58f3b363/datanode-3/data/ratis/1cb156c8-16ae-43d0-b7b9-a64f332c2340 was interrupted, exiting. There are 0 tasks remaining in the queue.
2019-07-13 12:28:35,301 INFO  segmented.SegmentedRaftLogWorker (SegmentedRaftLogWorker.java:run(313)) - a90114fc-3d05-4be9-b0c4-bbf7a7678121-SegmentedRaftLogWorker:Storage Directory /tmp/workdir/hadoop-ozone/integration-test/target/test-dir/MiniOzoneClusterImpl-c01b761b-2f67-4822-9581-a12a58f3b363/datanode-2/data/ratis/2f95e7bd-13d8-4d6f-bc14-aff8d231c080 was interrupted, exiting. There are 0 tasks remaining in the queue.
2019-07-13 12:28:35,309 INFO  segmented.SegmentedRaftLogWorker (SegmentedRaftLogWorker.java:close(228)) - b638f31a-9a55-4e88-8861-54b3556fd9f8-SegmentedRaftLogWorker:Storage Directory /tmp/workdir/hadoop-ozone/integration-test/target/test-dir/MiniOzoneClusterImpl-c01b761b-2f67-4822-9581-a12a58f3b363/datanode-3/data/ratis/1cb156c8-16ae-43d0-b7b9-a64f332c2340 close()
2019-07-13 12:28:35,309 INFO  segmented.SegmentedRaftLogWorker (SegmentedRaftLogWorker.java:close(228)) - a90114fc-3d05-4be9-b0c4-bbf7a7678121-SegmentedRaftLogWorker:Storage Directory /tmp/workdir/hadoop-ozone/integration-test/target/test-dir/MiniOzoneClusterImpl-c01b761b-2f67-4822-9581-a12a58f3b363/datanode-2/data/ratis/2f95e7bd-13d8-4d6f-bc14-aff8d231c080 close()
2019-07-13 12:28:35,312 INFO  server.GrpcService (GrpcService.java:closeImpl(155)) - b638f31a-9a55-4e88-8861-54b3556fd9f8: shutdown server with port 32932 now
2019-07-13 12:28:35,320 INFO  impl.RaftServerImpl (RaftServerImpl.java:lambda$shutdown$3(245)) - a90114fc-3d05-4be9-b0c4-bbf7a7678121: shutdown group-8A4E8F172BB6
2019-07-13 12:28:35,321 INFO  util.JmxRegister (JmxRegister.java:unregister(73)) - Successfully un-registered JMX Bean with object name Ratis:service=RaftServer,group=group-8A4E8F172BB6,id=a90114fc-3d05-4be9-b0c4-bbf7a7678121
2019-07-13 12:28:35,321 INFO  impl.RoleInfo (RoleInfo.java:shutdownLeaderState(104)) - a90114fc-3d05-4be9-b0c4-bbf7a7678121: shutdown LeaderState
2019-07-13 12:28:35,321 INFO  server.GrpcService (GrpcService.java:closeImpl(163)) - b638f31a-9a55-4e88-8861-54b3556fd9f8: shutdown server with port 32932 successfully
2019-07-13 12:28:35,321 INFO  impl.PendingRequests (PendingRequests.java:sendNotLeaderResponses(202)) - a90114fc-3d05-4be9-b0c4-bbf7a7678121-PendingRequests: sendNotLeaderResponses
2019-07-13 12:28:35,322 INFO  impl.StateMachineUpdater (StateMachineUpdater.java:stopAndJoin(115)) - StateMachineUpdater:a90114fc-3d05-4be9-b0c4-bbf7a7678121:group-8A4E8F172BB6: set stopIndex = 0
2019-07-13 12:28:35,322 INFO  ratis.ContainerStateMachine (ContainerStateMachine.java:takeSnapshot(246)) - Taking snapshot at termIndex:(t:0, i:~)
2019-07-13 12:28:35,323 INFO  impl.RaftServerImpl (ServerState.java:close(394)) - a90114fc-3d05-4be9-b0c4-bbf7a7678121:group-8A4E8F172BB6 closes. The last applied log index is 0
2019-07-13 12:28:35,323 INFO  utils.BackgroundService (BackgroundService.java:shutdown(148)) - Shutting down service BlockDeletingService
2019-07-13 12:28:35,323 INFO  segmented.SegmentedRaftLogWorker (SegmentedRaftLogWorker.java:run(313)) - a90114fc-3d05-4be9-b0c4-bbf7a7678121-SegmentedRaftLogWorker:Storage Directory /tmp/workdir/hadoop-ozone/integration-test/target/test-dir/MiniOzoneClusterImpl-c01b761b-2f67-4822-9581-a12a58f3b363/datanode-2/data/ratis/fce22935-34db-4b30-bbb9-8a4e8f172bb6 was interrupted, exiting. There are 0 tasks remaining in the queue.
2019-07-13 12:28:35,324 INFO  segmented.SegmentedRaftLogWorker (SegmentedRaftLogWorker.java:close(228)) - a90114fc-3d05-4be9-b0c4-bbf7a7678121-SegmentedRaftLogWorker:Storage Directory /tmp/workdir/hadoop-ozone/integration-test/target/test-dir/MiniOzoneClusterImpl-c01b761b-2f67-4822-9581-a12a58f3b363/datanode-2/data/ratis/fce22935-34db-4b30-bbb9-8a4e8f172bb6 close()
2019-07-13 12:28:35,326 INFO  server.GrpcService (GrpcService.java:closeImpl(155)) - a90114fc-3d05-4be9-b0c4-bbf7a7678121: shutdown server with port 37954 now
2019-07-13 12:28:35,327 INFO  server.GrpcService (GrpcService.java:closeImpl(163)) - a90114fc-3d05-4be9-b0c4-bbf7a7678121: shutdown server with port 37954 successfully
2019-07-13 12:28:35,328 WARN  fs.CachingGetSpaceUsed (CachingGetSpaceUsed.java:run(183)) - Thread Interrupted waiting to refresh disk information: sleep interrupted
2019-07-13 12:28:35,330 INFO  utils.BackgroundService (BackgroundService.java:shutdown(148)) - Shutting down service BlockDeletingService
2019-07-13 12:28:35,333 WARN  fs.CachingGetSpaceUsed (CachingGetSpaceUsed.java:run(183)) - Thread Interrupted waiting to refresh disk information: sleep interrupted
2019-07-13 12:28:35,350 INFO  statemachine.DatanodeStateMachine (DatanodeStateMachine.java:stopDaemon(395)) - Ozone container server stopped.
2019-07-13 12:28:35,363 INFO  statemachine.DatanodeStateMachine (DatanodeStateMachine.java:stopDaemon(395)) - Ozone container server stopped.
2019-07-13 12:28:35,365 INFO  handler.ContextHandler (ContextHandler.java:doStop(910)) - Stopped o.e.j.w.WebAppContext@1e00bfe2{/,null,UNAVAILABLE}{/hddsDatanode}
2019-07-13 12:28:35,367 INFO  handler.ContextHandler (ContextHandler.java:doStop(910)) - Stopped o.e.j.w.WebAppContext@61608e1a{/,null,UNAVAILABLE}{/hddsDatanode}
2019-07-13 12:28:35,367 INFO  server.AbstractConnector (AbstractConnector.java:doStop(318)) - Stopped ServerConnector@4702e7a5{HTTP/1.1,[http/1.1]}{0.0.0.0:0}
2019-07-13 12:28:35,368 INFO  server.AbstractConnector (AbstractConnector.java:doStop(318)) - Stopped ServerConnector@7c46c9c3{HTTP/1.1,[http/1.1]}{0.0.0.0:0}
2019-07-13 12:28:35,368 INFO  handler.ContextHandler (ContextHandler.java:doStop(910)) - Stopped o.e.j.s.ServletContextHandler@1e30db85{/static,jar:file:/home/user/.m2/repository/org/apache/hadoop/hadoop-hdds-container-service/0.5.0-SNAPSHOT/hadoop-hdds-container-service-0.5.0-SNAPSHOT.jar!/webapps/static,UNAVAILABLE}
2019-07-13 12:28:35,369 INFO  handler.ContextHandler (ContextHandler.java:doStop(910)) - Stopped o.e.j.s.ServletContextHandler@631c6d11{/static,jar:file:/home/user/.m2/repository/org/apache/hadoop/hadoop-hdds-container-service/0.5.0-SNAPSHOT/hadoop-hdds-container-service-0.5.0-SNAPSHOT.jar!/webapps/static,UNAVAILABLE}
2019-07-13 12:28:35,370 INFO  handler.ContextHandler (ContextHandler.java:doStop(910)) - Stopped o.e.j.s.ServletContextHandler@5f395ce1{/logs,file:///tmp/workdir/hadoop-ozone/integration-test/target/log,UNAVAILABLE}
2019-07-13 12:28:35,371 INFO  handler.ContextHandler (ContextHandler.java:doStop(910)) - Stopped o.e.j.s.ServletContextHandler@3b97907c{/logs,file:///tmp/workdir/hadoop-ozone/integration-test/target/log,UNAVAILABLE}
2019-07-13 12:28:35,373 INFO  datanode.ObjectStoreHandler (ObjectStoreHandler.java:close(155)) - Closing ObjectStoreHandler.
2019-07-13 12:28:35,373 INFO  ozone.HddsDatanodeService (HddsDatanodeService.java:stop(452)) - Stopped plug-in org.apache.hadoop.ozone.web.OzoneHddsDatanodeService@69f2cb04
2019-07-13 12:28:35,895 INFO  statemachine.DatanodeStateMachine (DatanodeStateMachine.java:lambda$startDaemon$0(350)) - Ozone container server started.
2019-07-13 12:28:38,281 INFO  impl.FollowerState (FollowerState.java:run(106)) - 944a21aa-092b-4330-b90e-e9bb9a373ad9:group-AFF8D231C080 changes to CANDIDATE, lastRpcTime:8183, electionTimeout:5171ms
2019-07-13 12:28:38,282 INFO  impl.RoleInfo (RoleInfo.java:shutdownFollowerState(121)) - 944a21aa-092b-4330-b90e-e9bb9a373ad9: shutdown FollowerState
2019-07-13 12:28:38,282 INFO  impl.RaftServerImpl (RaftServerImpl.java:setRole(171)) - 944a21aa-092b-4330-b90e-e9bb9a373ad9:group-AFF8D231C080 changes role from FOLLOWER to CANDIDATE at term 3 for changeToCandidate
2019-07-13 12:28:38,282 INFO  impl.RoleInfo (RoleInfo.java:updateAndGet(143)) - 944a21aa-092b-4330-b90e-e9bb9a373ad9: start LeaderElection
2019-07-13 12:28:38,283 INFO  impl.RaftServerImpl (ServerState.java:setLeader(263)) - 944a21aa-092b-4330-b90e-e9bb9a373ad9:group-AFF8D231C080 change Leader from 67ad77ec-e22e-4e21-b0ef-f18c48c00509 to null at term 3 for initElection
2019-07-13 12:28:38,298 INFO  impl.LeaderElection (LeaderElection.java:askForVotes(181)) - 944a21aa-092b-4330-b90e-e9bb9a373ad9:group-AFF8D231C080:LeaderElection28: begin an election at term 4 for 0: [67ad77ec-e22e-4e21-b0ef-f18c48c00509:192.168.5.181:39367, 944a21aa-092b-4330-b90e-e9bb9a373ad9:192.168.5.181:46458, a90114fc-3d05-4be9-b0c4-bbf7a7678121:192.168.5.181:37954], old=null
2019-07-13 12:28:38,301 INFO  impl.LeaderElection (LogUtils.java:infoOrTrace(149)) - 944a21aa-092b-4330-b90e-e9bb9a373ad9:group-AFF8D231C080:LeaderElection28 got exception when requesting votes: {}
java.util.concurrent.ExecutionException: org.apache.ratis.thirdparty.io.grpc.StatusRuntimeException: UNAVAILABLE: io exception
	at java.util.concurrent.FutureTask.report(FutureTask.java:122)
	at java.util.concurrent.FutureTask.get(FutureTask.java:192)
	at org.apache.ratis.server.impl.LeaderElection.waitForResults(LeaderElection.java:262)
	at org.apache.ratis.server.impl.LeaderElection.askForVotes(LeaderElection.java:200)
	at org.apache.ratis.server.impl.LeaderElection.run(LeaderElection.java:130)
	at java.lang.Thread.run(Thread.java:748)
Caused by: org.apache.ratis.thirdparty.io.grpc.StatusRuntimeException: UNAVAILABLE: io exception
	at org.apache.ratis.thirdparty.io.grpc.stub.ClientCalls.toStatusRuntimeException(ClientCalls.java:233)
	at org.apache.ratis.thirdparty.io.grpc.stub.ClientCalls.getUnchecked(ClientCalls.java:214)
	at org.apache.ratis.thirdparty.io.grpc.stub.ClientCalls.blockingUnaryCall(ClientCalls.java:139)
	at org.apache.ratis.proto.grpc.RaftServerProtocolServiceGrpc$RaftServerProtocolServiceBlockingStub.requestVote(RaftServerProtocolServiceGrpc.java:265)
	at org.apache.ratis.grpc.server.GrpcServerProtocolClient.requestVote(GrpcServerProtocolClient.java:83)
	at org.apache.ratis.grpc.server.GrpcService.requestVote(GrpcService.java:195)
	at org.apache.ratis.server.impl.LeaderElection.lambda$submitRequests$1(LeaderElection.java:237)
	at java.util.concurrent.FutureTask.run(FutureTask.java:266)
	at java.util.concurrent.Executors$RunnableAdapter.call(Executors.java:511)
	at java.util.concurrent.FutureTask.run(FutureTask.java:266)
	at java.util.concurrent.ThreadPoolExecutor.runWorker(ThreadPoolExecutor.java:1149)
	at java.util.concurrent.ThreadPoolExecutor$Worker.run(ThreadPoolExecutor.java:624)
	... 1 more
Caused by: org.apache.ratis.thirdparty.io.netty.channel.AbstractChannel$AnnotatedConnectException: Connection refused: /192.168.5.181:39367
	at sun.nio.ch.SocketChannelImpl.checkConnect(Native Method)
	at sun.nio.ch.SocketChannelImpl.finishConnect(SocketChannelImpl.java:717)
	at org.apache.ratis.thirdparty.io.netty.channel.socket.nio.NioSocketChannel.doFinishConnect(NioSocketChannel.java:327)
	at org.apache.ratis.thirdparty.io.netty.channel.nio.AbstractNioChannel$AbstractNioUnsafe.finishConnect(AbstractNioChannel.java:340)
	at org.apache.ratis.thirdparty.io.netty.channel.nio.NioEventLoop.processSelectedKey(NioEventLoop.java:632)
	at org.apache.ratis.thirdparty.io.netty.channel.nio.NioEventLoop.processSelectedKeysOptimized(NioEventLoop.java:579)
	at org.apache.ratis.thirdparty.io.netty.channel.nio.NioEventLoop.processSelectedKeys(NioEventLoop.java:496)
	at org.apache.ratis.thirdparty.io.netty.channel.nio.NioEventLoop.run(NioEventLoop.java:458)
	at org.apache.ratis.thirdparty.io.netty.util.concurrent.SingleThreadEventExecutor$5.run(SingleThreadEventExecutor.java:897)
	at org.apache.ratis.thirdparty.io.netty.util.concurrent.FastThreadLocalRunnable.run(FastThreadLocalRunnable.java:30)
	... 1 more
Caused by: java.net.ConnectException: Connection refused
	... 11 more
2019-07-13 12:28:38,303 INFO  impl.LeaderElection (LogUtils.java:infoOrTrace(149)) - 944a21aa-092b-4330-b90e-e9bb9a373ad9:group-AFF8D231C080:LeaderElection28 got exception when requesting votes: {}
java.util.concurrent.ExecutionException: org.apache.ratis.thirdparty.io.grpc.StatusRuntimeException: UNAVAILABLE: io exception
	at java.util.concurrent.FutureTask.report(FutureTask.java:122)
	at java.util.concurrent.FutureTask.get(FutureTask.java:192)
	at org.apache.ratis.server.impl.LeaderElection.waitForResults(LeaderElection.java:262)
	at org.apache.ratis.server.impl.LeaderElection.askForVotes(LeaderElection.java:200)
	at org.apache.ratis.server.impl.LeaderElection.run(LeaderElection.java:130)
	at java.lang.Thread.run(Thread.java:748)
Caused by: org.apache.ratis.thirdparty.io.grpc.StatusRuntimeException: UNAVAILABLE: io exception
	at org.apache.ratis.thirdparty.io.grpc.stub.ClientCalls.toStatusRuntimeException(ClientCalls.java:233)
	at org.apache.ratis.thirdparty.io.grpc.stub.ClientCalls.getUnchecked(ClientCalls.java:214)
	at org.apache.ratis.thirdparty.io.grpc.stub.ClientCalls.blockingUnaryCall(ClientCalls.java:139)
	at org.apache.ratis.proto.grpc.RaftServerProtocolServiceGrpc$RaftServerProtocolServiceBlockingStub.requestVote(RaftServerProtocolServiceGrpc.java:265)
	at org.apache.ratis.grpc.server.GrpcServerProtocolClient.requestVote(GrpcServerProtocolClient.java:83)
	at org.apache.ratis.grpc.server.GrpcService.requestVote(GrpcService.java:195)
	at org.apache.ratis.server.impl.LeaderElection.lambda$submitRequests$1(LeaderElection.java:237)
	at java.util.concurrent.FutureTask.run(FutureTask.java:266)
	at java.util.concurrent.Executors$RunnableAdapter.call(Executors.java:511)
	at java.util.concurrent.FutureTask.run(FutureTask.java:266)
	at java.util.concurrent.ThreadPoolExecutor.runWorker(ThreadPoolExecutor.java:1149)
	at java.util.concurrent.ThreadPoolExecutor$Worker.run(ThreadPoolExecutor.java:624)
	... 1 more
Caused by: org.apache.ratis.thirdparty.io.netty.channel.AbstractChannel$AnnotatedConnectException: Connection refused: /192.168.5.181:37954
	at sun.nio.ch.SocketChannelImpl.checkConnect(Native Method)
	at sun.nio.ch.SocketChannelImpl.finishConnect(SocketChannelImpl.java:717)
	at org.apache.ratis.thirdparty.io.netty.channel.socket.nio.NioSocketChannel.doFinishConnect(NioSocketChannel.java:327)
	at org.apache.ratis.thirdparty.io.netty.channel.nio.AbstractNioChannel$AbstractNioUnsafe.finishConnect(AbstractNioChannel.java:340)
	at org.apache.ratis.thirdparty.io.netty.channel.nio.NioEventLoop.processSelectedKey(NioEventLoop.java:632)
	at org.apache.ratis.thirdparty.io.netty.channel.nio.NioEventLoop.processSelectedKeysOptimized(NioEventLoop.java:579)
	at org.apache.ratis.thirdparty.io.netty.channel.nio.NioEventLoop.processSelectedKeys(NioEventLoop.java:496)
	at org.apache.ratis.thirdparty.io.netty.channel.nio.NioEventLoop.run(NioEventLoop.java:458)
	at org.apache.ratis.thirdparty.io.netty.util.concurrent.SingleThreadEventExecutor$5.run(SingleThreadEventExecutor.java:897)
	at org.apache.ratis.thirdparty.io.netty.util.concurrent.FastThreadLocalRunnable.run(FastThreadLocalRunnable.java:30)
	... 1 more
Caused by: java.net.ConnectException: Connection refused
	... 11 more
2019-07-13 12:28:38,305 INFO  impl.LeaderElection (LeaderElection.java:logAndReturn(56)) - 944a21aa-092b-4330-b90e-e9bb9a373ad9:group-AFF8D231C080:LeaderElection28: Election REJECTED; received 0 response(s) [] and 2 exception(s); 944a21aa-092b-4330-b90e-e9bb9a373ad9:t4, leader=null, voted=944a21aa-092b-4330-b90e-e9bb9a373ad9, raftlog=944a21aa-092b-4330-b90e-e9bb9a373ad9-SegmentedRaftLog:OPENED:c16,f16,i16, conf=0: [67ad77ec-e22e-4e21-b0ef-f18c48c00509:192.168.5.181:39367, 944a21aa-092b-4330-b90e-e9bb9a373ad9:192.168.5.181:46458, a90114fc-3d05-4be9-b0c4-bbf7a7678121:192.168.5.181:37954], old=null
2019-07-13 12:28:38,305 INFO  impl.LeaderElection (LogUtils.java:infoOrTrace(149)) -   Exception 0: {}
java.util.concurrent.ExecutionException: org.apache.ratis.thirdparty.io.grpc.StatusRuntimeException: UNAVAILABLE: io exception
	at java.util.concurrent.FutureTask.report(FutureTask.java:122)
	at java.util.concurrent.FutureTask.get(FutureTask.java:192)
	at org.apache.ratis.server.impl.LeaderElection.waitForResults(LeaderElection.java:262)
	at org.apache.ratis.server.impl.LeaderElection.askForVotes(LeaderElection.java:200)
	at org.apache.ratis.server.impl.LeaderElection.run(LeaderElection.java:130)
	at java.lang.Thread.run(Thread.java:748)
Caused by: org.apache.ratis.thirdparty.io.grpc.StatusRuntimeException: UNAVAILABLE: io exception
	at org.apache.ratis.thirdparty.io.grpc.stub.ClientCalls.toStatusRuntimeException(ClientCalls.java:233)
	at org.apache.ratis.thirdparty.io.grpc.stub.ClientCalls.getUnchecked(ClientCalls.java:214)
	at org.apache.ratis.thirdparty.io.grpc.stub.ClientCalls.blockingUnaryCall(ClientCalls.java:139)
	at org.apache.ratis.proto.grpc.RaftServerProtocolServiceGrpc$RaftServerProtocolServiceBlockingStub.requestVote(RaftServerProtocolServiceGrpc.java:265)
	at org.apache.ratis.grpc.server.GrpcServerProtocolClient.requestVote(GrpcServerProtocolClient.java:83)
	at org.apache.ratis.grpc.server.GrpcService.requestVote(GrpcService.java:195)
	at org.apache.ratis.server.impl.LeaderElection.lambda$submitRequests$1(LeaderElection.java:237)
	at java.util.concurrent.FutureTask.run(FutureTask.java:266)
	at java.util.concurrent.Executors$RunnableAdapter.call(Executors.java:511)
	at java.util.concurrent.FutureTask.run(FutureTask.java:266)
	at java.util.concurrent.ThreadPoolExecutor.runWorker(ThreadPoolExecutor.java:1149)
	at java.util.concurrent.ThreadPoolExecutor$Worker.run(ThreadPoolExecutor.java:624)
	... 1 more
Caused by: org.apache.ratis.thirdparty.io.netty.channel.AbstractChannel$AnnotatedConnectException: Connection refused: /192.168.5.181:39367
	at sun.nio.ch.SocketChannelImpl.checkConnect(Native Method)
	at sun.nio.ch.SocketChannelImpl.finishConnect(SocketChannelImpl.java:717)
	at org.apache.ratis.thirdparty.io.netty.channel.socket.nio.NioSocketChannel.doFinishConnect(NioSocketChannel.java:327)
	at org.apache.ratis.thirdparty.io.netty.channel.nio.AbstractNioChannel$AbstractNioUnsafe.finishConnect(AbstractNioChannel.java:340)
	at org.apache.ratis.thirdparty.io.netty.channel.nio.NioEventLoop.processSelectedKey(NioEventLoop.java:632)
	at org.apache.ratis.thirdparty.io.netty.channel.nio.NioEventLoop.processSelectedKeysOptimized(NioEventLoop.java:579)
	at org.apache.ratis.thirdparty.io.netty.channel.nio.NioEventLoop.processSelectedKeys(NioEventLoop.java:496)
	at org.apache.ratis.thirdparty.io.netty.channel.nio.NioEventLoop.run(NioEventLoop.java:458)
	at org.apache.ratis.thirdparty.io.netty.util.concurrent.SingleThreadEventExecutor$5.run(SingleThreadEventExecutor.java:897)
	at org.apache.ratis.thirdparty.io.netty.util.concurrent.FastThreadLocalRunnable.run(FastThreadLocalRunnable.java:30)
	... 1 more
Caused by: java.net.ConnectException: Connection refused
	... 11 more
2019-07-13 12:28:38,306 INFO  impl.LeaderElection (LogUtils.java:infoOrTrace(149)) -   Exception 1: {}
java.util.concurrent.ExecutionException: org.apache.ratis.thirdparty.io.grpc.StatusRuntimeException: UNAVAILABLE: io exception
	at java.util.concurrent.FutureTask.report(FutureTask.java:122)
	at java.util.concurrent.FutureTask.get(FutureTask.java:192)
	at org.apache.ratis.server.impl.LeaderElection.waitForResults(LeaderElection.java:262)
	at org.apache.ratis.server.impl.LeaderElection.askForVotes(LeaderElection.java:200)
	at org.apache.ratis.server.impl.LeaderElection.run(LeaderElection.java:130)
	at java.lang.Thread.run(Thread.java:748)
Caused by: org.apache.ratis.thirdparty.io.grpc.StatusRuntimeException: UNAVAILABLE: io exception
	at org.apache.ratis.thirdparty.io.grpc.stub.ClientCalls.toStatusRuntimeException(ClientCalls.java:233)
	at org.apache.ratis.thirdparty.io.grpc.stub.ClientCalls.getUnchecked(ClientCalls.java:214)
	at org.apache.ratis.thirdparty.io.grpc.stub.ClientCalls.blockingUnaryCall(ClientCalls.java:139)
	at org.apache.ratis.proto.grpc.RaftServerProtocolServiceGrpc$RaftServerProtocolServiceBlockingStub.requestVote(RaftServerProtocolServiceGrpc.java:265)
	at org.apache.ratis.grpc.server.GrpcServerProtocolClient.requestVote(GrpcServerProtocolClient.java:83)
	at org.apache.ratis.grpc.server.GrpcService.requestVote(GrpcService.java:195)
	at org.apache.ratis.server.impl.LeaderElection.lambda$submitRequests$1(LeaderElection.java:237)
	at java.util.concurrent.FutureTask.run(FutureTask.java:266)
	at java.util.concurrent.Executors$RunnableAdapter.call(Executors.java:511)
	at java.util.concurrent.FutureTask.run(FutureTask.java:266)
	at java.util.concurrent.ThreadPoolExecutor.runWorker(ThreadPoolExecutor.java:1149)
	at java.util.concurrent.ThreadPoolExecutor$Worker.run(ThreadPoolExecutor.java:624)
	... 1 more
Caused by: org.apache.ratis.thirdparty.io.netty.channel.AbstractChannel$AnnotatedConnectException: Connection refused: /192.168.5.181:37954
	at sun.nio.ch.SocketChannelImpl.checkConnect(Native Method)
	at sun.nio.ch.SocketChannelImpl.finishConnect(SocketChannelImpl.java:717)
	at org.apache.ratis.thirdparty.io.netty.channel.socket.nio.NioSocketChannel.doFinishConnect(NioSocketChannel.java:327)
	at org.apache.ratis.thirdparty.io.netty.channel.nio.AbstractNioChannel$AbstractNioUnsafe.finishConnect(AbstractNioChannel.java:340)
	at org.apache.ratis.thirdparty.io.netty.channel.nio.NioEventLoop.processSelectedKey(NioEventLoop.java:632)
	at org.apache.ratis.thirdparty.io.netty.channel.nio.NioEventLoop.processSelectedKeysOptimized(NioEventLoop.java:579)
	at org.apache.ratis.thirdparty.io.netty.channel.nio.NioEventLoop.processSelectedKeys(NioEventLoop.java:496)
	at org.apache.ratis.thirdparty.io.netty.channel.nio.NioEventLoop.run(NioEventLoop.java:458)
	at org.apache.ratis.thirdparty.io.netty.util.concurrent.SingleThreadEventExecutor$5.run(SingleThreadEventExecutor.java:897)
	at org.apache.ratis.thirdparty.io.netty.util.concurrent.FastThreadLocalRunnable.run(FastThreadLocalRunnable.java:30)
	... 1 more
Caused by: java.net.ConnectException: Connection refused
	... 11 more
2019-07-13 12:28:38,306 INFO  impl.RaftServerImpl (RaftServerImpl.java:setRole(171)) - 944a21aa-092b-4330-b90e-e9bb9a373ad9:group-AFF8D231C080 changes role from CANDIDATE to FOLLOWER at term 4 for DISCOVERED_A_NEW_TERM
2019-07-13 12:28:38,308 INFO  impl.RoleInfo (RoleInfo.java:shutdownLeaderElection(134)) - 944a21aa-092b-4330-b90e-e9bb9a373ad9: shutdown LeaderElection
2019-07-13 12:28:38,308 INFO  impl.RoleInfo (RoleInfo.java:updateAndGet(143)) - 944a21aa-092b-4330-b90e-e9bb9a373ad9: start FollowerState
2019-07-13 12:28:39,959 INFO  node.StaleNodeHandler (StaleNodeHandler.java:onMessage(58)) - Datanode 944a21aa-092b-4330-b90e-e9bb9a373ad9{ip: 192.168.5.181, host: trunk-nightly-q2gwj-1111726333, networkLocation: /default-rack, certSerialId: null} moved to stale state. Finalizing its pipelines [PipelineID=b070a076-520f-4dcc-a15c-81e8117e88ff, PipelineID=2f95e7bd-13d8-4d6f-bc14-aff8d231c080]
2019-07-13 12:28:39,960 INFO  pipeline.SCMPipelineManager (SCMPipelineManager.java:finalizeAndDestroyPipeline(309)) - destroying pipeline:Pipeline[ Id: b070a076-520f-4dcc-a15c-81e8117e88ff, Nodes: 944a21aa-092b-4330-b90e-e9bb9a373ad9{ip: 192.168.5.181, host: trunk-nightly-q2gwj-1111726333, networkLocation: /default-rack, certSerialId: null}, Type:RATIS, Factor:ONE, State:OPEN]
2019-07-13 12:28:39,960 INFO  pipeline.PipelineStateManager (PipelineStateManager.java:finalizePipeline(123)) - Pipeline Pipeline[ Id: b070a076-520f-4dcc-a15c-81e8117e88ff, Nodes: 944a21aa-092b-4330-b90e-e9bb9a373ad9{ip: 192.168.5.181, host: trunk-nightly-q2gwj-1111726333, networkLocation: /default-rack, certSerialId: null}, Type:RATIS, Factor:ONE, State:CLOSED] moved to CLOSED state
2019-07-13 12:28:39,960 INFO  pipeline.SCMPipelineManager (SCMPipelineManager.java:finalizeAndDestroyPipeline(309)) - destroying pipeline:Pipeline[ Id: 2f95e7bd-13d8-4d6f-bc14-aff8d231c080, Nodes: 944a21aa-092b-4330-b90e-e9bb9a373ad9{ip: 192.168.5.181, host: trunk-nightly-q2gwj-1111726333, networkLocation: /default-rack, certSerialId: null}a90114fc-3d05-4be9-b0c4-bbf7a7678121{ip: 192.168.5.181, host: trunk-nightly-q2gwj-1111726333, networkLocation: /default-rack, certSerialId: null}67ad77ec-e22e-4e21-b0ef-f18c48c00509{ip: 192.168.5.181, host: trunk-nightly-q2gwj-1111726333, networkLocation: /default-rack, certSerialId: null}, Type:RATIS, Factor:THREE, State:CLOSED]
2019-07-13 12:28:40,374 INFO  ozoneimpl.OzoneContainer (OzoneContainer.java:stop(199)) - Attempting to stop container services.
2019-07-13 12:28:40,375 INFO  impl.RaftServerProxy (RaftServerProxy.java:lambda$close$4(314)) - 944a21aa-092b-4330-b90e-e9bb9a373ad9: close
2019-07-13 12:28:40,375 INFO  impl.RaftServerImpl (RaftServerImpl.java:lambda$shutdown$3(245)) - 944a21aa-092b-4330-b90e-e9bb9a373ad9: shutdown group-81E8117E88FF
2019-07-13 12:28:40,375 INFO  util.JmxRegister (JmxRegister.java:unregister(73)) - Successfully un-registered JMX Bean with object name Ratis:service=RaftServer,group=group-81E8117E88FF,id=944a21aa-092b-4330-b90e-e9bb9a373ad9
2019-07-13 12:28:40,376 INFO  impl.RoleInfo (RoleInfo.java:shutdownLeaderState(104)) - 944a21aa-092b-4330-b90e-e9bb9a373ad9: shutdown LeaderState
2019-07-13 12:28:40,376 INFO  impl.PendingRequests (PendingRequests.java:sendNotLeaderResponses(202)) - 944a21aa-092b-4330-b90e-e9bb9a373ad9-PendingRequests: sendNotLeaderResponses
2019-07-13 12:28:40,377 INFO  impl.StateMachineUpdater (StateMachineUpdater.java:stopAndJoin(115)) - StateMachineUpdater:944a21aa-092b-4330-b90e-e9bb9a373ad9:group-81E8117E88FF: set stopIndex = 0
2019-07-13 12:28:40,377 INFO  ratis.ContainerStateMachine (ContainerStateMachine.java:takeSnapshot(246)) - Taking snapshot at termIndex:(t:0, i:~)
2019-07-13 12:28:40,377 INFO  impl.RaftServerImpl (ServerState.java:close(394)) - 944a21aa-092b-4330-b90e-e9bb9a373ad9:group-81E8117E88FF closes. The last applied log index is 0
2019-07-13 12:28:40,378 INFO  segmented.SegmentedRaftLogWorker (SegmentedRaftLogWorker.java:run(313)) - 944a21aa-092b-4330-b90e-e9bb9a373ad9-SegmentedRaftLogWorker:Storage Directory /tmp/workdir/hadoop-ozone/integration-test/target/test-dir/MiniOzoneClusterImpl-c01b761b-2f67-4822-9581-a12a58f3b363/datanode-0/data/ratis/b070a076-520f-4dcc-a15c-81e8117e88ff was interrupted, exiting. There are 0 tasks remaining in the queue.
2019-07-13 12:28:40,378 INFO  segmented.SegmentedRaftLogWorker (SegmentedRaftLogWorker.java:close(228)) - 944a21aa-092b-4330-b90e-e9bb9a373ad9-SegmentedRaftLogWorker:Storage Directory /tmp/workdir/hadoop-ozone/integration-test/target/test-dir/MiniOzoneClusterImpl-c01b761b-2f67-4822-9581-a12a58f3b363/datanode-0/data/ratis/b070a076-520f-4dcc-a15c-81e8117e88ff close()
2019-07-13 12:28:40,381 INFO  impl.RaftServerImpl (RaftServerImpl.java:lambda$shutdown$3(245)) - 944a21aa-092b-4330-b90e-e9bb9a373ad9: shutdown group-AFF8D231C080
2019-07-13 12:28:40,381 INFO  util.JmxRegister (JmxRegister.java:unregister(73)) - Successfully un-registered JMX Bean with object name Ratis:service=RaftServer,group=group-AFF8D231C080,id=944a21aa-092b-4330-b90e-e9bb9a373ad9
2019-07-13 12:28:40,381 INFO  impl.RoleInfo (RoleInfo.java:shutdownFollowerState(121)) - 944a21aa-092b-4330-b90e-e9bb9a373ad9: shutdown FollowerState
2019-07-13 12:28:40,382 INFO  impl.StateMachineUpdater (StateMachineUpdater.java:stopAndJoin(115)) - StateMachineUpdater:944a21aa-092b-4330-b90e-e9bb9a373ad9:group-AFF8D231C080: set stopIndex = 16
2019-07-13 12:28:40,382 INFO  ratis.ContainerStateMachine (ContainerStateMachine.java:takeSnapshot(246)) - Taking snapshot at termIndex:(t:3, i:14)
2019-07-13 12:28:40,382 INFO  impl.FollowerState (FollowerState.java:run(114)) - 944a21aa-092b-4330-b90e-e9bb9a373ad9: FollowerState was interrupted: java.lang.InterruptedException: sleep interrupted
2019-07-13 12:28:40,382 INFO  ratis.ContainerStateMachine (ContainerStateMachine.java:takeSnapshot(250)) - Taking a snapshot to file /tmp/workdir/hadoop-ozone/integration-test/target/test-dir/MiniOzoneClusterImpl-c01b761b-2f67-4822-9581-a12a58f3b363/datanode-0/data/ratis/2f95e7bd-13d8-4d6f-bc14-aff8d231c080/sm/snapshot.3_14
2019-07-13 12:28:40,384 INFO  impl.StateMachineUpdater (StateMachineUpdater.java:takeSnapshot(242)) - StateMachineUpdater:944a21aa-092b-4330-b90e-e9bb9a373ad9:group-AFF8D231C080: Took a snapshot at index 14
2019-07-13 12:28:40,384 INFO  impl.StateMachineUpdater (StateMachineUpdater.java:lambda$new$0(80)) - StateMachineUpdater:944a21aa-092b-4330-b90e-e9bb9a373ad9:group-AFF8D231C080: snapshotIndex: updateIncreasingly -1 -> 14
2019-07-13 12:28:40,384 INFO  impl.RaftServerImpl (ServerState.java:close(394)) - 944a21aa-092b-4330-b90e-e9bb9a373ad9:group-AFF8D231C080 closes. The last applied log index is 16
2019-07-13 12:28:40,385 INFO  segmented.SegmentedRaftLogWorker (SegmentedRaftLogWorker.java:run(313)) - 944a21aa-092b-4330-b90e-e9bb9a373ad9-SegmentedRaftLogWorker:Storage Directory /tmp/workdir/hadoop-ozone/integration-test/target/test-dir/MiniOzoneClusterImpl-c01b761b-2f67-4822-9581-a12a58f3b363/datanode-0/data/ratis/2f95e7bd-13d8-4d6f-bc14-aff8d231c080 was interrupted, exiting. There are 0 tasks remaining in the queue.
2019-07-13 12:28:40,385 INFO  segmented.SegmentedRaftLogWorker (SegmentedRaftLogWorker.java:close(228)) - 944a21aa-092b-4330-b90e-e9bb9a373ad9-SegmentedRaftLogWorker:Storage Directory /tmp/workdir/hadoop-ozone/integration-test/target/test-dir/MiniOzoneClusterImpl-c01b761b-2f67-4822-9581-a12a58f3b363/datanode-0/data/ratis/2f95e7bd-13d8-4d6f-bc14-aff8d231c080 close()
2019-07-13 12:28:40,387 INFO  server.GrpcService (GrpcService.java:closeImpl(155)) - 944a21aa-092b-4330-b90e-e9bb9a373ad9: shutdown server with port 46458 now
2019-07-13 12:28:40,387 INFO  server.GrpcService (GrpcService.java:closeImpl(163)) - 944a21aa-092b-4330-b90e-e9bb9a373ad9: shutdown server with port 46458 successfully
2019-07-13 12:28:40,389 INFO  utils.BackgroundService (BackgroundService.java:shutdown(148)) - Shutting down service BlockDeletingService
2019-07-13 12:28:40,391 WARN  fs.CachingGetSpaceUsed (CachingGetSpaceUsed.java:run(183)) - Thread Interrupted waiting to refresh disk information: sleep interrupted
2019-07-13 12:28:40,410 INFO  statemachine.DatanodeStateMachine (DatanodeStateMachine.java:stopDaemon(395)) - Ozone container server stopped.
2019-07-13 12:28:40,425 INFO  handler.ContextHandler (ContextHandler.java:doStop(910)) - Stopped o.e.j.w.WebAppContext@124ac145{/,null,UNAVAILABLE}{/hddsDatanode}
2019-07-13 12:28:40,426 INFO  server.AbstractConnector (AbstractConnector.java:doStop(318)) - Stopped ServerConnector@2def7a7a{HTTP/1.1,[http/1.1]}{0.0.0.0:0}
2019-07-13 12:28:40,427 INFO  handler.ContextHandler (ContextHandler.java:doStop(910)) - Stopped o.e.j.s.ServletContextHandler@304d0259{/static,jar:file:/home/user/.m2/repository/org/apache/hadoop/hadoop-hdds-container-service/0.5.0-SNAPSHOT/hadoop-hdds-container-service-0.5.0-SNAPSHOT.jar!/webapps/static,UNAVAILABLE}
2019-07-13 12:28:40,429 INFO  handler.ContextHandler (ContextHandler.java:doStop(910)) - Stopped o.e.j.s.ServletContextHandler@761956ac{/logs,file:///tmp/workdir/hadoop-ozone/integration-test/target/log,UNAVAILABLE}
2019-07-13 12:28:40,430 INFO  ozone.MiniOzoneClusterImpl (MiniOzoneClusterImpl.java:stop(353)) - Stopping the StorageContainerManager
2019-07-13 12:28:40,430 INFO  server.StorageContainerManager (StorageContainerManager.java:stop(796)) - Stopping Replication Manager Service.
2019-07-13 12:28:40,430 INFO  container.ReplicationManager (ReplicationManager.java:stop(187)) - Stopping Replication Monitor Thread.
2019-07-13 12:28:40,431 INFO  server.StorageContainerManager (StorageContainerManager.java:stop(803)) - Stopping Lease Manager of the command watchers
2019-07-13 12:28:40,431 INFO  server.StorageContainerManager (StorageContainerManager.java:stop(810)) - Stopping datanode service RPC server
2019-07-13 12:28:40,431 INFO  server.SCMDatanodeProtocolServer (SCMDatanodeProtocolServer.java:stop(375)) - Stopping the RPC server for DataNodes
2019-07-13 12:28:40,431 INFO  ipc.Server (Server.java:stop(3082)) - Stopping server on 36314
2019-07-13 12:28:40,433 INFO  ipc.Server (Server.java:run(1185)) - Stopping IPC Server listener on 36314
2019-07-13 12:28:40,434 INFO  ipc.Server (Server.java:run(1319)) - Stopping IPC Server Responder
2019-07-13 12:28:40,460 WARN  node.NodeStateManager (NodeStateManager.java:scheduleNextHealthCheck(631)) - Current Thread is interrupted, shutting down HB processing thread for Node Manager.
2019-07-13 12:28:40,460 INFO  server.StorageContainerManager (StorageContainerManager.java:stop(818)) - Stopping block service RPC server
2019-07-13 12:28:40,461 INFO  server.SCMBlockProtocolServer (SCMBlockProtocolServer.java:stop(148)) - Stopping the RPC server for Block Protocol
2019-07-13 12:28:40,461 INFO  ipc.Server (Server.java:stop(3082)) - Stopping server on 33382
2019-07-13 12:28:40,462 INFO  ipc.Server (Server.java:run(1185)) - Stopping IPC Server listener on 33382
2019-07-13 12:28:40,462 INFO  server.StorageContainerManager (StorageContainerManager.java:stop(825)) - Stopping the StorageContainerLocationProtocol RPC server
2019-07-13 12:28:40,462 INFO  server.SCMClientProtocolServer (SCMClientProtocolServer.java:stop(157)) - Stopping the RPC server for Client Protocol
2019-07-13 12:28:40,462 INFO  ipc.Server (Server.java:stop(3082)) - Stopping server on 42711
2019-07-13 12:28:40,463 INFO  ipc.Server (Server.java:run(1185)) - Stopping IPC Server listener on 42711
2019-07-13 12:28:40,463 INFO  ipc.Server (Server.java:run(1319)) - Stopping IPC Server Responder
2019-07-13 12:28:40,463 INFO  server.StorageContainerManager (StorageContainerManager.java:stop(832)) - Stopping Storage Container Manager HTTP server.
2019-07-13 12:28:40,465 INFO  handler.ContextHandler (ContextHandler.java:doStop(910)) - Stopped o.e.j.w.WebAppContext@6a1d204a{/,null,UNAVAILABLE}{/scm}
2019-07-13 12:28:40,467 INFO  ipc.Server (Server.java:run(1319)) - Stopping IPC Server Responder
2019-07-13 12:28:40,469 INFO  server.AbstractConnector (AbstractConnector.java:doStop(318)) - Stopped ServerConnector@9d157ff{HTTP/1.1,[http/1.1]}{0.0.0.0:0}
2019-07-13 12:28:40,469 INFO  handler.ContextHandler (ContextHandler.java:doStop(910)) - Stopped o.e.j.s.ServletContextHandler@76012793{/static,file:///tmp/workdir/hadoop-ozone/integration-test/target/test-classes/webapps/static,UNAVAILABLE}
2019-07-13 12:28:40,470 INFO  handler.ContextHandler (ContextHandler.java:doStop(910)) - Stopped o.e.j.s.ServletContextHandler@6bbe2511{/logs,file:///tmp/workdir/hadoop-ozone/integration-test/target/log,UNAVAILABLE}
2019-07-13 12:28:40,472 INFO  server.StorageContainerManager (StorageContainerManager.java:stop(843)) - Stopping Block Manager Service.
2019-07-13 12:28:40,472 INFO  utils.BackgroundService (BackgroundService.java:shutdown(148)) - Shutting down service SCMBlockDeletingService
2019-07-13 12:28:40,472 INFO  utils.BackgroundService (BackgroundService.java:shutdown(148)) - Shutting down service SCMBlockDeletingService
2019-07-13 12:28:40,473 INFO  server.StorageContainerManager (StorageContainerManager.java:stop(865)) - Stopping SCM Event Queue.
2019-07-13 12:28:40,481 INFO  impl.MetricsSystemImpl (MetricsSystemImpl.java:stop(210)) - Stopping HddsDatanode metrics system...
2019-07-13 12:28:40,490 INFO  impl.MetricsSystemImpl (MetricsSystemImpl.java:stop(216)) - HddsDatanode metrics system stopped.
]]></system-out>
    <system-err><![CDATA[ERROR StatusLogger No Log4j 2 configuration file found. Using default configuration (logging only errors to the console), or user programmatically provided configurations. Set system property 'log4j2.debug' to show Log4j 2 internal initialization logging. See https://logging.apache.org/log4j/2.x/manual/configuration.html for instructions on how to configure Log4j 2
Jul 13, 2019 12:26:54 PM com.sun.jersey.server.impl.application.WebApplicationImpl _initiate
INFO: Initiating Jersey application, version 'Jersey: 1.19 02/11/2015 03:25 AM'
Jul 13, 2019 12:26:55 PM com.sun.jersey.server.impl.application.WebApplicationImpl _initiate
INFO: Initiating Jersey application, version 'Jersey: 1.19 02/11/2015 03:25 AM'
Jul 13, 2019 12:26:55 PM com.sun.jersey.server.impl.application.WebApplicationImpl _initiate
INFO: Initiating Jersey application, version 'Jersey: 1.19 02/11/2015 03:25 AM'
Jul 13, 2019 12:26:55 PM com.sun.jersey.server.impl.application.WebApplicationImpl _initiate
INFO: Initiating Jersey application, version 'Jersey: 1.19 02/11/2015 03:25 AM'
Jul 13, 2019 12:26:55 PM com.sun.jersey.server.impl.application.WebApplicationImpl _initiate
INFO: Initiating Jersey application, version 'Jersey: 1.19 02/11/2015 03:25 AM'
Jul 13, 2019 12:26:55 PM com.sun.jersey.server.impl.application.WebApplicationImpl _initiate
INFO: Initiating Jersey application, version 'Jersey: 1.19 02/11/2015 03:25 AM'
Jul 13, 2019 12:26:56 PM com.sun.jersey.server.impl.application.WebApplicationImpl _initiate
INFO: Initiating Jersey application, version 'Jersey: 1.19 02/11/2015 03:25 AM'
]]></system-err>
  </testcase>
  <testcase name="testDatanodeFailureWithPreAllocation" classname="org.apache.hadoop.ozone.client.rpc.TestBlockOutputStreamWithFailures" time="224.339"/>
  <testcase name="testDatanodeFailureWithSingleNodeRatis" classname="org.apache.hadoop.ozone.client.rpc.TestBlockOutputStreamWithFailures" time="225.363"/>
  <testcase name="testWatchForCommitWithSingleNodeRatis" classname="org.apache.hadoop.ozone.client.rpc.TestBlockOutputStreamWithFailures" time="34.074">
    <error type="java.lang.IllegalArgumentException">java.lang.IllegalArgumentException
	at com.google.common.base.Preconditions.checkArgument(Preconditions.java:72)
	at org.apache.hadoop.hdds.scm.XceiverClientManager.acquireClient(XceiverClientManager.java:150)
	at org.apache.hadoop.hdds.scm.XceiverClientManager.acquireClientForReadData(XceiverClientManager.java:143)
	at org.apache.hadoop.hdds.scm.storage.BlockInputStream.getChunkInfos(BlockInputStream.java:154)
	at org.apache.hadoop.hdds.scm.storage.BlockInputStream.initialize(BlockInputStream.java:118)
	at org.apache.hadoop.hdds.scm.storage.BlockInputStream.read(BlockInputStream.java:222)
	at org.apache.hadoop.ozone.client.io.KeyInputStream.read(KeyInputStream.java:171)
	at org.apache.hadoop.ozone.client.io.OzoneInputStream.read(OzoneInputStream.java:47)
	at java.io.InputStream.read(InputStream.java:101)
	at org.apache.hadoop.ozone.container.ContainerTestHelper.validateData(ContainerTestHelper.java:709)
	at org.apache.hadoop.ozone.client.rpc.TestBlockOutputStreamWithFailures.validateData(TestBlockOutputStreamWithFailures.java:1212)
	at org.apache.hadoop.ozone.client.rpc.TestBlockOutputStreamWithFailures.testWatchForCommitWithSingleNodeRatis(TestBlockOutputStreamWithFailures.java:914)
	at sun.reflect.NativeMethodAccessorImpl.invoke0(Native Method)
	at sun.reflect.NativeMethodAccessorImpl.invoke(NativeMethodAccessorImpl.java:62)
	at sun.reflect.DelegatingMethodAccessorImpl.invoke(DelegatingMethodAccessorImpl.java:43)
	at java.lang.reflect.Method.invoke(Method.java:498)
	at org.junit.runners.model.FrameworkMethod$1.runReflectiveCall(FrameworkMethod.java:47)
	at org.junit.internal.runners.model.ReflectiveCallable.run(ReflectiveCallable.java:12)
	at org.junit.runners.model.FrameworkMethod.invokeExplosively(FrameworkMethod.java:44)
	at org.junit.internal.runners.statements.InvokeMethod.evaluate(InvokeMethod.java:17)
	at org.junit.internal.runners.statements.RunBefores.evaluate(RunBefores.java:26)
	at org.junit.internal.runners.statements.RunAfters.evaluate(RunAfters.java:27)
	at org.junit.runners.ParentRunner.runLeaf(ParentRunner.java:271)
	at org.junit.runners.BlockJUnit4ClassRunner.runChild(BlockJUnit4ClassRunner.java:70)
	at org.junit.runners.BlockJUnit4ClassRunner.runChild(BlockJUnit4ClassRunner.java:50)
	at org.junit.runners.ParentRunner$3.run(ParentRunner.java:238)
	at org.junit.runners.ParentRunner$1.schedule(ParentRunner.java:63)
	at org.junit.runners.ParentRunner.runChildren(ParentRunner.java:236)
	at org.junit.runners.ParentRunner.access$000(ParentRunner.java:53)
	at org.junit.runners.ParentRunner$2.evaluate(ParentRunner.java:229)
	at org.junit.runners.ParentRunner.run(ParentRunner.java:309)
	at org.apache.maven.surefire.junit4.JUnit4Provider.execute(JUnit4Provider.java:365)
	at org.apache.maven.surefire.junit4.JUnit4Provider.executeWithRerun(JUnit4Provider.java:273)
	at org.apache.maven.surefire.junit4.JUnit4Provider.executeTestSet(JUnit4Provider.java:238)
	at org.apache.maven.surefire.junit4.JUnit4Provider.invoke(JUnit4Provider.java:159)
	at org.apache.maven.surefire.booter.ForkedBooter.invokeProviderInSameClassLoader(ForkedBooter.java:384)
	at org.apache.maven.surefire.booter.ForkedBooter.runSuitesInProcess(ForkedBooter.java:345)
	at org.apache.maven.surefire.booter.ForkedBooter.execute(ForkedBooter.java:126)
	at org.apache.maven.surefire.booter.ForkedBooter.main(ForkedBooter.java:418)
</error>
    <system-out><![CDATA[2019-07-13 12:36:10,273 WARN  server.ServerUtils (ServerUtils.java:getScmDbDir(145)) - ozone.scm.db.dirs is not configured. We recommend adding this setting. Falling back to ozone.metadata.dirs instead.
2019-07-13 12:36:10,299 WARN  server.ServerUtils (ServerUtils.java:getScmDbDir(145)) - ozone.scm.db.dirs is not configured. We recommend adding this setting. Falling back to ozone.metadata.dirs instead.
2019-07-13 12:36:10,300 WARN  server.ServerUtils (ServerUtils.java:getScmDbDir(145)) - ozone.scm.db.dirs is not configured. We recommend adding this setting. Falling back to ozone.metadata.dirs instead.
2019-07-13 12:36:10,301 INFO  db.DBStoreBuilder (DBStoreBuilder.java:addTable(110)) - using custom profile for table: deletedBlocks
2019-07-13 12:36:10,301 INFO  db.DBStoreBuilder (DBStoreBuilder.java:processTables(161)) - Using default column profile:DBProfile.DISK for Table:deletedBlocks
2019-07-13 12:36:10,301 INFO  db.DBStoreBuilder (DBStoreBuilder.java:addTable(110)) - using custom profile for table: validCerts
2019-07-13 12:36:10,301 INFO  db.DBStoreBuilder (DBStoreBuilder.java:processTables(161)) - Using default column profile:DBProfile.DISK for Table:validCerts
2019-07-13 12:36:10,302 INFO  db.DBStoreBuilder (DBStoreBuilder.java:addTable(110)) - using custom profile for table: revokedCerts
2019-07-13 12:36:10,302 INFO  db.DBStoreBuilder (DBStoreBuilder.java:processTables(161)) - Using default column profile:DBProfile.DISK for Table:revokedCerts
2019-07-13 12:36:10,302 INFO  db.DBStoreBuilder (DBStoreBuilder.java:addTable(110)) - using custom profile for table: default
2019-07-13 12:36:10,303 INFO  db.DBStoreBuilder (DBStoreBuilder.java:processTables(167)) - Using default column profile:DBProfile.DISK for Table:default
2019-07-13 12:36:10,303 INFO  db.DBStoreBuilder (DBStoreBuilder.java:getDbProfile(198)) - Using default options. DBProfile.DISK
2019-07-13 12:36:10,451 INFO  net.NodeSchemaLoader (NodeSchemaLoader.java:loadSchemaFromFile(125)) - Loading file from sun.misc.CompoundEnumeration@7ef7faa9
2019-07-13 12:36:10,451 INFO  net.NodeSchemaLoader (NodeSchemaLoader.java:loadSchema(171)) - Loading network topology layer schema file
2019-07-13 12:36:10,458 INFO  node.SCMNodeManager (SCMNodeManager.java:<init>(119)) - Entering startup safe mode.
2019-07-13 12:36:10,459 WARN  server.ServerUtils (ServerUtils.java:getScmDbDir(145)) - ozone.scm.db.dirs is not configured. We recommend adding this setting. Falling back to ozone.metadata.dirs instead.
2019-07-13 12:36:10,492 INFO  pipeline.SCMPipelineManager (SCMPipelineManager.java:initializePipelineState(126)) - No pipeline exists in current db
2019-07-13 12:36:10,492 WARN  server.ServerUtils (ServerUtils.java:getScmDbDir(145)) - ozone.scm.db.dirs is not configured. We recommend adding this setting. Falling back to ozone.metadata.dirs instead.
2019-07-13 12:36:10,518 WARN  events.EventQueue (EventQueue.java:fireEvent(175)) - No event handler registered for event TypedEvent{payloadType=SafeModeStatus, name='SafeModeStatus'}
2019-07-13 12:36:10,519 INFO  ipc.CallQueueManager (CallQueueManager.java:<init>(84)) - Using callQueue: class java.util.concurrent.LinkedBlockingQueue, queueCapacity: 2000, scheduler: class org.apache.hadoop.ipc.DefaultRpcScheduler, ipcBackoff: false.
2019-07-13 12:36:10,519 INFO  ipc.Server (Server.java:run(1074)) - Starting Socket Reader #1 for port 36450
2019-07-13 12:36:10,521 INFO  ipc.CallQueueManager (CallQueueManager.java:<init>(84)) - Using callQueue: class java.util.concurrent.LinkedBlockingQueue, queueCapacity: 2000, scheduler: class org.apache.hadoop.ipc.DefaultRpcScheduler, ipcBackoff: false.
2019-07-13 12:36:10,690 INFO  ipc.Server (Server.java:run(1074)) - Starting Socket Reader #1 for port 33148
2019-07-13 12:36:10,694 INFO  ipc.CallQueueManager (CallQueueManager.java:<init>(84)) - Using callQueue: class java.util.concurrent.LinkedBlockingQueue, queueCapacity: 2000, scheduler: class org.apache.hadoop.ipc.DefaultRpcScheduler, ipcBackoff: false.
2019-07-13 12:36:10,698 INFO  hdfs.DFSUtil (DFSUtil.java:httpServerTemplateForNNAndJN(1641)) - Starting Web-server for scm at: http://0.0.0.0:0
2019-07-13 12:36:10,701 INFO  server.AuthenticationFilter (AuthenticationFilter.java:constructSecretProvider(240)) - Unable to initialize FileSignerSecretProvider, falling back to use random secrets.
2019-07-13 12:36:10,701 INFO  ipc.Server (Server.java:run(1074)) - Starting Socket Reader #1 for port 36777
2019-07-13 12:36:10,703 WARN  http.HttpRequestLog (HttpRequestLog.java:getRequestLog(97)) - Jetty request log can only be enabled using Log4j
2019-07-13 12:36:10,717 INFO  http.HttpServer2 (HttpServer2.java:addGlobalFilter(975)) - Added global filter 'safety' (class=org.apache.hadoop.http.HttpServer2$QuotingInputFilter)
2019-07-13 12:36:10,718 INFO  http.HttpServer2 (HttpServer2.java:addFilter(948)) - Added filter static_user_filter (class=org.apache.hadoop.http.lib.StaticUserWebFilter$StaticUserFilter) to context scm
2019-07-13 12:36:10,718 INFO  http.HttpServer2 (HttpServer2.java:addFilter(958)) - Added filter static_user_filter (class=org.apache.hadoop.http.lib.StaticUserWebFilter$StaticUserFilter) to context logs
2019-07-13 12:36:10,718 INFO  http.HttpServer2 (HttpServer2.java:addFilter(958)) - Added filter static_user_filter (class=org.apache.hadoop.http.lib.StaticUserWebFilter$StaticUserFilter) to context static
2019-07-13 12:36:10,721 INFO  server.StorageContainerManager (StorageContainerManager.java:start(759)) - StorageContainerLocationProtocol RPC server is listening at /0.0.0.0:36777
2019-07-13 12:36:10,723 WARN  impl.MetricsConfig (MetricsConfig.java:loadFirst(134)) - Cannot locate configuration: tried hadoop-metrics2-storagecontainermanager.properties,hadoop-metrics2.properties
2019-07-13 12:36:10,724 INFO  impl.MetricsSystemImpl (MetricsSystemImpl.java:startTimer(374)) - Scheduled Metric snapshot period at 10 second(s).
2019-07-13 12:36:10,724 INFO  impl.MetricsSystemImpl (MetricsSystemImpl.java:start(191)) - StorageContainerManager metrics system started
2019-07-13 12:36:10,768 INFO  server.SCMClientProtocolServer (SCMClientProtocolServer.java:start(149)) - RPC server for Client  is listening at /0.0.0.0:36777
2019-07-13 12:36:10,768 INFO  ipc.Server (Server.java:run(1314)) - IPC Server Responder: starting
2019-07-13 12:36:10,768 INFO  ipc.Server (Server.java:run(1153)) - IPC Server listener on 36777: starting
2019-07-13 12:36:10,773 INFO  server.StorageContainerManager (StorageContainerManager.java:start(768)) - ScmBlockLocationProtocol RPC server is listening at /0.0.0.0:33148
2019-07-13 12:36:10,773 INFO  server.SCMBlockProtocolServer (SCMBlockProtocolServer.java:start(140)) - RPC server for Block Protocol is listening at /0.0.0.0:33148
2019-07-13 12:36:10,773 INFO  ipc.Server (Server.java:run(1314)) - IPC Server Responder: starting
2019-07-13 12:36:10,773 INFO  ipc.Server (Server.java:run(1153)) - IPC Server listener on 33148: starting
2019-07-13 12:36:10,777 INFO  server.StorageContainerManager (StorageContainerManager.java:start(772)) - ScmDatanodeProtocl RPC server is listening at /0.0.0.0:36450
2019-07-13 12:36:10,778 INFO  server.SCMDatanodeProtocolServer (SCMDatanodeProtocolServer.java:start(191)) - RPC server for DataNodes is listening at /0.0.0.0:36450
2019-07-13 12:36:10,778 INFO  ipc.Server (Server.java:run(1314)) - IPC Server Responder: starting
2019-07-13 12:36:10,778 INFO  ipc.Server (Server.java:run(1153)) - IPC Server listener on 36450: starting
2019-07-13 12:36:10,783 INFO  http.HttpServer2 (HttpServer2.java:bindListener(1191)) - Jetty bound to port 33197
2019-07-13 12:36:10,783 INFO  server.Server (Server.java:doStart(351)) - jetty-9.3.24.v20180605, build timestamp: 2018-06-05T17:11:56Z, git hash: 84205aa28f11a4f31f2a3b86d1bba2cc8ab69827
2019-07-13 12:36:10,785 INFO  handler.ContextHandler (ContextHandler.java:doStart(781)) - Started o.e.j.s.ServletContextHandler@346a2799{/logs,file:///tmp/workdir/hadoop-ozone/integration-test/target/log,AVAILABLE}
2019-07-13 12:36:10,785 INFO  handler.ContextHandler (ContextHandler.java:doStart(781)) - Started o.e.j.s.ServletContextHandler@75b4db22{/static,file:///tmp/workdir/hadoop-ozone/integration-test/target/test-classes/webapps/static,AVAILABLE}
2019-07-13 12:36:10,790 INFO  handler.ContextHandler (ContextHandler.java:doStart(781)) - Started o.e.j.w.WebAppContext@17a5ae7b{/,file:///tmp/workdir/hadoop-ozone/integration-test/target/test-classes/webapps/scm/,AVAILABLE}{/scm}
2019-07-13 12:36:10,791 INFO  server.AbstractConnector (AbstractConnector.java:doStart(278)) - Started ServerConnector@7e4dddee{HTTP/1.1,[http/1.1]}{0.0.0.0:33197}
2019-07-13 12:36:10,791 INFO  server.Server (Server.java:doStart(419)) - Started @561345ms
2019-07-13 12:36:10,794 INFO  server.BaseHttpServer (BaseHttpServer.java:updateConnectorAddress(207)) - HTTP server of SCM is listening at http://0.0.0.0:33197
2019-07-13 12:36:10,794 WARN  server.ServerUtils (ServerUtils.java:getDBPath(222)) - ozone.om.db.dirs is not configured. We recommend adding this setting. Falling back to ozone.metadata.dirs instead.
2019-07-13 12:36:10,795 INFO  util.JvmPauseMonitor (JvmPauseMonitor.java:run(188)) - Starting JVM pause monitor
2019-07-13 12:36:10,801 WARN  server.ServerUtils (ServerUtils.java:getDBPath(222)) - ozone.om.db.dirs is not configured. We recommend adding this setting. Falling back to ozone.metadata.dirs instead.
2019-07-13 12:36:10,801 INFO  om.OzoneManager (OzoneManager.java:setOMNodeDetails(630)) - OM Service ID is not set. Setting it to the default ID: omServiceIdDefault
2019-07-13 12:36:10,801 INFO  om.OzoneManager (OzoneManager.java:setOMNodeDetails(636)) - OM Node ID is not set. Setting it to the OmStorage's OmID: 0c424bbf-cad4-4b89-9860-606fbc058b75
2019-07-13 12:36:10,802 INFO  om.OzoneManager (OzoneManager.java:loadOMHAConfigs(587)) - Found matching OM address with OMServiceId: null, OMNodeId: null, RPC Address: localhost:0 and Ratis port: 9872
2019-07-13 12:36:10,810 WARN  server.ServerUtils (ServerUtils.java:getDBPath(222)) - ozone.om.db.dirs is not configured. We recommend adding this setting. Falling back to ozone.metadata.dirs instead.
2019-07-13 12:36:10,810 INFO  db.DBStoreBuilder (DBStoreBuilder.java:addTable(110)) - using custom profile for table: userTable
2019-07-13 12:36:10,810 INFO  db.DBStoreBuilder (DBStoreBuilder.java:processTables(161)) - Using default column profile:DBProfile.DISK for Table:userTable
2019-07-13 12:36:10,811 INFO  db.DBStoreBuilder (DBStoreBuilder.java:addTable(110)) - using custom profile for table: volumeTable
2019-07-13 12:36:10,811 INFO  db.DBStoreBuilder (DBStoreBuilder.java:processTables(161)) - Using default column profile:DBProfile.DISK for Table:volumeTable
2019-07-13 12:36:10,811 INFO  db.DBStoreBuilder (DBStoreBuilder.java:addTable(110)) - using custom profile for table: bucketTable
2019-07-13 12:36:10,811 INFO  db.DBStoreBuilder (DBStoreBuilder.java:processTables(161)) - Using default column profile:DBProfile.DISK for Table:bucketTable
2019-07-13 12:36:10,811 INFO  db.DBStoreBuilder (DBStoreBuilder.java:addTable(110)) - using custom profile for table: keyTable
2019-07-13 12:36:10,812 INFO  db.DBStoreBuilder (DBStoreBuilder.java:processTables(161)) - Using default column profile:DBProfile.DISK for Table:keyTable
2019-07-13 12:36:10,812 INFO  db.DBStoreBuilder (DBStoreBuilder.java:addTable(110)) - using custom profile for table: deletedTable
2019-07-13 12:36:10,812 INFO  db.DBStoreBuilder (DBStoreBuilder.java:processTables(161)) - Using default column profile:DBProfile.DISK for Table:deletedTable
2019-07-13 12:36:10,812 INFO  db.DBStoreBuilder (DBStoreBuilder.java:addTable(110)) - using custom profile for table: openKeyTable
2019-07-13 12:36:10,812 INFO  db.DBStoreBuilder (DBStoreBuilder.java:processTables(161)) - Using default column profile:DBProfile.DISK for Table:openKeyTable
2019-07-13 12:36:10,813 INFO  db.DBStoreBuilder (DBStoreBuilder.java:addTable(110)) - using custom profile for table: s3Table
2019-07-13 12:36:10,813 INFO  db.DBStoreBuilder (DBStoreBuilder.java:processTables(161)) - Using default column profile:DBProfile.DISK for Table:s3Table
2019-07-13 12:36:10,813 INFO  db.DBStoreBuilder (DBStoreBuilder.java:addTable(110)) - using custom profile for table: multipartInfoTable
2019-07-13 12:36:10,813 INFO  db.DBStoreBuilder (DBStoreBuilder.java:processTables(161)) - Using default column profile:DBProfile.DISK for Table:multipartInfoTable
2019-07-13 12:36:10,813 INFO  db.DBStoreBuilder (DBStoreBuilder.java:addTable(110)) - using custom profile for table: dTokenTable
2019-07-13 12:36:10,814 INFO  db.DBStoreBuilder (DBStoreBuilder.java:processTables(161)) - Using default column profile:DBProfile.DISK for Table:dTokenTable
2019-07-13 12:36:10,814 INFO  db.DBStoreBuilder (DBStoreBuilder.java:addTable(110)) - using custom profile for table: s3SecretTable
2019-07-13 12:36:10,814 INFO  db.DBStoreBuilder (DBStoreBuilder.java:processTables(161)) - Using default column profile:DBProfile.DISK for Table:s3SecretTable
2019-07-13 12:36:10,814 INFO  db.DBStoreBuilder (DBStoreBuilder.java:addTable(110)) - using custom profile for table: prefixTable
2019-07-13 12:36:10,814 INFO  db.DBStoreBuilder (DBStoreBuilder.java:processTables(161)) - Using default column profile:DBProfile.DISK for Table:prefixTable
2019-07-13 12:36:10,815 INFO  db.DBStoreBuilder (DBStoreBuilder.java:addTable(110)) - using custom profile for table: default
2019-07-13 12:36:10,815 INFO  db.DBStoreBuilder (DBStoreBuilder.java:processTables(167)) - Using default column profile:DBProfile.DISK for Table:default
2019-07-13 12:36:10,815 INFO  db.DBStoreBuilder (DBStoreBuilder.java:getDbProfile(198)) - Using default options. DBProfile.DISK
2019-07-13 12:36:11,086 INFO  ipc.CallQueueManager (CallQueueManager.java:<init>(84)) - Using callQueue: class java.util.concurrent.LinkedBlockingQueue, queueCapacity: 2000, scheduler: class org.apache.hadoop.ipc.DefaultRpcScheduler, ipcBackoff: false.
2019-07-13 12:36:11,087 INFO  ipc.Server (Server.java:run(1074)) - Starting Socket Reader #1 for port 38881
2019-07-13 12:36:11,106 WARN  server.ServerUtils (ServerUtils.java:getDBPath(222)) - ozone.om.db.dirs is not configured. We recommend adding this setting. Falling back to ozone.metadata.dirs instead.
2019-07-13 12:36:11,106 INFO  om.OzoneManager (OzoneManager.java:start(1228)) - OzoneManager RPC server is listening at localhost/127.0.0.1:38881
2019-07-13 12:36:11,106 INFO  impl.MetricsSystemImpl (MetricsSystemImpl.java:init(158)) - OzoneManager metrics system started (again)
2019-07-13 12:36:11,107 INFO  ipc.Server (Server.java:run(1314)) - IPC Server Responder: starting
2019-07-13 12:36:11,107 INFO  ipc.Server (Server.java:run(1153)) - IPC Server listener on 38881: starting
2019-07-13 12:36:11,113 INFO  hdfs.DFSUtil (DFSUtil.java:httpServerTemplateForNNAndJN(1641)) - Starting Web-server for ozoneManager at: http://0.0.0.0:0
2019-07-13 12:36:11,115 INFO  server.AuthenticationFilter (AuthenticationFilter.java:constructSecretProvider(240)) - Unable to initialize FileSignerSecretProvider, falling back to use random secrets.
2019-07-13 12:36:11,116 WARN  http.HttpRequestLog (HttpRequestLog.java:getRequestLog(97)) - Jetty request log can only be enabled using Log4j
2019-07-13 12:36:11,118 INFO  http.HttpServer2 (HttpServer2.java:addGlobalFilter(975)) - Added global filter 'safety' (class=org.apache.hadoop.http.HttpServer2$QuotingInputFilter)
2019-07-13 12:36:11,119 INFO  http.HttpServer2 (HttpServer2.java:addFilter(948)) - Added filter static_user_filter (class=org.apache.hadoop.http.lib.StaticUserWebFilter$StaticUserFilter) to context ozoneManager
2019-07-13 12:36:11,119 INFO  http.HttpServer2 (HttpServer2.java:addFilter(958)) - Added filter static_user_filter (class=org.apache.hadoop.http.lib.StaticUserWebFilter$StaticUserFilter) to context static
2019-07-13 12:36:11,120 INFO  http.HttpServer2 (HttpServer2.java:addFilter(958)) - Added filter static_user_filter (class=org.apache.hadoop.http.lib.StaticUserWebFilter$StaticUserFilter) to context logs
2019-07-13 12:36:11,120 INFO  http.HttpServer2 (HttpServer2.java:bindListener(1191)) - Jetty bound to port 35041
2019-07-13 12:36:11,121 INFO  server.Server (Server.java:doStart(351)) - jetty-9.3.24.v20180605, build timestamp: 2018-06-05T17:11:56Z, git hash: 84205aa28f11a4f31f2a3b86d1bba2cc8ab69827
2019-07-13 12:36:11,123 INFO  handler.ContextHandler (ContextHandler.java:doStart(781)) - Started o.e.j.s.ServletContextHandler@143900a6{/logs,file:///tmp/workdir/hadoop-ozone/integration-test/target/log,AVAILABLE}
2019-07-13 12:36:11,124 INFO  handler.ContextHandler (ContextHandler.java:doStart(781)) - Started o.e.j.s.ServletContextHandler@30a4a111{/static,file:///tmp/workdir/hadoop-ozone/integration-test/target/test-classes/webapps/static,AVAILABLE}
2019-07-13 12:36:11,129 INFO  handler.ContextHandler (ContextHandler.java:doStart(781)) - Started o.e.j.w.WebAppContext@3182143c{/,file:///tmp/workdir/hadoop-ozone/integration-test/target/test-classes/webapps/ozoneManager/,AVAILABLE}{/ozoneManager}
2019-07-13 12:36:11,130 INFO  server.AbstractConnector (AbstractConnector.java:doStart(278)) - Started ServerConnector@7cb38a6a{HTTP/1.1,[http/1.1]}{0.0.0.0:35041}
2019-07-13 12:36:11,131 INFO  server.Server (Server.java:doStart(419)) - Started @561685ms
2019-07-13 12:36:11,132 INFO  server.BaseHttpServer (BaseHttpServer.java:updateConnectorAddress(207)) - HTTP server of OZONEMANAGER is listening at http://0.0.0.0:35041
2019-07-13 12:36:11,151 INFO  impl.MetricsSystemImpl (MetricsSystemImpl.java:init(158)) - HddsDatanode metrics system started (again)
2019-07-13 12:36:11,151 INFO  ozone.HddsDatanodeService (HddsDatanodeService.java:start(185)) - HddsDatanodeService host:trunk-nightly-q2gwj-1111726333 ip:192.168.5.181
2019-07-13 12:36:11,162 INFO  volume.HddsVolume (HddsVolume.java:<init>(176)) - Creating Volume: /tmp/workdir/hadoop-ozone/integration-test/target/test-dir/MiniOzoneClusterImpl-9c8493bd-b58e-4f6f-9e4b-1c94a5b4a348/datanode-0/data/containers/hdds of  storage type : DISK and capacity : 52710309888
2019-07-13 12:36:11,162 INFO  volume.VolumeSet (VolumeSet.java:initializeVolumeSet(170)) - Added Volume : /tmp/workdir/hadoop-ozone/integration-test/target/test-dir/MiniOzoneClusterImpl-9c8493bd-b58e-4f6f-9e4b-1c94a5b4a348/datanode-0/data/containers/hdds to VolumeSet
2019-07-13 12:36:11,162 INFO  volume.ThrottledAsyncChecker (ThrottledAsyncChecker.java:schedule(140)) - Scheduling a check for org.apache.hadoop.ozone.container.common.volume.HddsVolume@ecfff32
2019-07-13 12:36:11,163 INFO  volume.HddsVolumeChecker (HddsVolumeChecker.java:checkAllVolumes(203)) - Scheduled health check for volume org.apache.hadoop.ozone.container.common.volume.HddsVolume@ecfff32
2019-07-13 12:36:11,181 INFO  impl.RaftServerProxy (ConfUtils.java:logGet(43)) - raft.rpc.type = GRPC (default)
2019-07-13 12:36:11,181 INFO  grpc.GrpcFactory (GrpcFactory.java:checkPooledByteBufAllocatorUseCacheForAllThreads(45)) - PERFORMANCE WARNING: useCacheForAllThreads is true that may cause Netty to create a lot garbage objects and, as a result, trigger GC.
	It is recommended to disable useCacheForAllThreads by setting -Dorg.apache.ratis.thirdparty.io.netty.allocator.useCacheForAllThreads=false in command line.
2019-07-13 12:36:11,181 INFO  grpc.GrpcConfigKeys$Server (ConfUtils.java:logGet(43)) - raft.grpc.server.port = 0 (default)
2019-07-13 12:36:11,182 INFO  server.GrpcService (ConfUtils.java:logGet(43)) - raft.grpc.message.size.max = 33570816 (custom)
2019-07-13 12:36:11,182 INFO  server.RaftServerConfigKeys (ConfUtils.java:logGet(43)) - raft.server.log.appender.buffer.byte-limit = 33554432 (custom)
2019-07-13 12:36:11,182 INFO  server.GrpcService (ConfUtils.java:logGet(43)) - raft.grpc.flow.control.window = 1MB (=1048576) (default)
2019-07-13 12:36:11,182 INFO  server.RaftServerConfigKeys (ConfUtils.java:logGet(43)) - raft.server.rpc.request.timeout = 3000ms (default)
2019-07-13 12:36:11,183 INFO  server.RaftServerConfigKeys (ConfUtils.java:logGet(43)) - raft.server.storage.dir = [/tmp/workdir/hadoop-ozone/integration-test/target/test-dir/MiniOzoneClusterImpl-9c8493bd-b58e-4f6f-9e4b-1c94a5b4a348/datanode-0/data/ratis] (custom)
2019-07-13 12:36:11,183 INFO  replication.SimpleContainerDownloader (SimpleContainerDownloader.java:<init>(72)) - Starting container downloader service to copy containers to replicate.
2019-07-13 12:36:11,185 INFO  hdfs.DFSUtil (DFSUtil.java:httpServerTemplateForNNAndJN(1641)) - Starting Web-server for hddsDatanode at: http://0.0.0.0:0
2019-07-13 12:36:11,186 INFO  server.AuthenticationFilter (AuthenticationFilter.java:constructSecretProvider(240)) - Unable to initialize FileSignerSecretProvider, falling back to use random secrets.
2019-07-13 12:36:11,187 WARN  http.HttpRequestLog (HttpRequestLog.java:getRequestLog(97)) - Jetty request log can only be enabled using Log4j
2019-07-13 12:36:11,188 INFO  http.HttpServer2 (HttpServer2.java:addGlobalFilter(975)) - Added global filter 'safety' (class=org.apache.hadoop.http.HttpServer2$QuotingInputFilter)
2019-07-13 12:36:11,189 INFO  http.HttpServer2 (HttpServer2.java:addFilter(948)) - Added filter static_user_filter (class=org.apache.hadoop.http.lib.StaticUserWebFilter$StaticUserFilter) to context hddsDatanode
2019-07-13 12:36:11,189 INFO  http.HttpServer2 (HttpServer2.java:addFilter(958)) - Added filter static_user_filter (class=org.apache.hadoop.http.lib.StaticUserWebFilter$StaticUserFilter) to context static
2019-07-13 12:36:11,189 INFO  http.HttpServer2 (HttpServer2.java:addFilter(958)) - Added filter static_user_filter (class=org.apache.hadoop.http.lib.StaticUserWebFilter$StaticUserFilter) to context logs
2019-07-13 12:36:11,190 INFO  http.HttpServer2 (HttpServer2.java:bindListener(1191)) - Jetty bound to port 39559
2019-07-13 12:36:11,190 INFO  server.Server (Server.java:doStart(351)) - jetty-9.3.24.v20180605, build timestamp: 2018-06-05T17:11:56Z, git hash: 84205aa28f11a4f31f2a3b86d1bba2cc8ab69827
2019-07-13 12:36:11,192 INFO  handler.ContextHandler (ContextHandler.java:doStart(781)) - Started o.e.j.s.ServletContextHandler@26c1244c{/logs,file:///tmp/workdir/hadoop-ozone/integration-test/target/log,AVAILABLE}
2019-07-13 12:36:11,193 INFO  handler.ContextHandler (ContextHandler.java:doStart(781)) - Started o.e.j.s.ServletContextHandler@2a317af7{/static,jar:file:/home/user/.m2/repository/org/apache/hadoop/hadoop-hdds-container-service/0.5.0-SNAPSHOT/hadoop-hdds-container-service-0.5.0-SNAPSHOT.jar!/webapps/static,AVAILABLE}
2019-07-13 12:36:11,227 INFO  handler.ContextHandler (ContextHandler.java:doStart(781)) - Started o.e.j.w.WebAppContext@1e49a77e{/,file:///tmp/jetty-0.0.0.0-39559-hddsDatanode-_-any-8582603388351849161.dir/webapp/,AVAILABLE}{/hddsDatanode}
2019-07-13 12:36:11,227 INFO  server.AbstractConnector (AbstractConnector.java:doStart(278)) - Started ServerConnector@57466fb7{HTTP/1.1,[http/1.1]}{0.0.0.0:39559}
2019-07-13 12:36:11,228 INFO  server.Server (Server.java:doStart(419)) - Started @561782ms
2019-07-13 12:36:11,229 INFO  server.BaseHttpServer (BaseHttpServer.java:updateConnectorAddress(207)) - HTTP server of HDDSDATANODE is listening at http://0.0.0.0:39559
2019-07-13 12:36:11,330 INFO  ozone.HddsDatanodeService (HddsDatanodeService.java:startPlugins(396)) - Started plug-in org.apache.hadoop.ozone.web.OzoneHddsDatanodeService@65880400
2019-07-13 12:36:11,331 INFO  impl.MetricsSystemImpl (MetricsSystemImpl.java:init(158)) - HddsDatanode metrics system started (again)
2019-07-13 12:36:11,331 INFO  ozone.HddsDatanodeService (HddsDatanodeService.java:start(185)) - HddsDatanodeService host:trunk-nightly-q2gwj-1111726333 ip:192.168.5.181
2019-07-13 12:36:11,332 INFO  util.JvmPauseMonitor (JvmPauseMonitor.java:run(188)) - Starting JVM pause monitor
2019-07-13 12:36:11,334 INFO  datanode.InitDatanodeState (InitDatanodeState.java:persistContainerDatanodeDetails(140)) - DatanodeDetails is persisted to /tmp/workdir/hadoop-ozone/integration-test/target/test-dir/MiniOzoneClusterImpl-9c8493bd-b58e-4f6f-9e4b-1c94a5b4a348/datanode-0/meta/datanode.id
2019-07-13 12:36:11,341 INFO  volume.HddsVolume (HddsVolume.java:<init>(176)) - Creating Volume: /tmp/workdir/hadoop-ozone/integration-test/target/test-dir/MiniOzoneClusterImpl-9c8493bd-b58e-4f6f-9e4b-1c94a5b4a348/datanode-1/data/containers/hdds of  storage type : DISK and capacity : 52710309888
2019-07-13 12:36:11,341 INFO  volume.VolumeSet (VolumeSet.java:initializeVolumeSet(170)) - Added Volume : /tmp/workdir/hadoop-ozone/integration-test/target/test-dir/MiniOzoneClusterImpl-9c8493bd-b58e-4f6f-9e4b-1c94a5b4a348/datanode-1/data/containers/hdds to VolumeSet
2019-07-13 12:36:11,341 INFO  volume.ThrottledAsyncChecker (ThrottledAsyncChecker.java:schedule(140)) - Scheduling a check for org.apache.hadoop.ozone.container.common.volume.HddsVolume@5feb8e9a
2019-07-13 12:36:11,342 INFO  volume.HddsVolumeChecker (HddsVolumeChecker.java:checkAllVolumes(203)) - Scheduled health check for volume org.apache.hadoop.ozone.container.common.volume.HddsVolume@5feb8e9a
2019-07-13 12:36:11,355 INFO  impl.RaftServerProxy (ConfUtils.java:logGet(43)) - raft.rpc.type = GRPC (default)
2019-07-13 12:36:11,355 INFO  grpc.GrpcFactory (GrpcFactory.java:checkPooledByteBufAllocatorUseCacheForAllThreads(45)) - PERFORMANCE WARNING: useCacheForAllThreads is true that may cause Netty to create a lot garbage objects and, as a result, trigger GC.
	It is recommended to disable useCacheForAllThreads by setting -Dorg.apache.ratis.thirdparty.io.netty.allocator.useCacheForAllThreads=false in command line.
2019-07-13 12:36:11,356 INFO  grpc.GrpcConfigKeys$Server (ConfUtils.java:logGet(43)) - raft.grpc.server.port = 0 (default)
2019-07-13 12:36:11,356 INFO  server.GrpcService (ConfUtils.java:logGet(43)) - raft.grpc.message.size.max = 33570816 (custom)
2019-07-13 12:36:11,356 INFO  server.RaftServerConfigKeys (ConfUtils.java:logGet(43)) - raft.server.log.appender.buffer.byte-limit = 33554432 (custom)
2019-07-13 12:36:11,356 INFO  server.GrpcService (ConfUtils.java:logGet(43)) - raft.grpc.flow.control.window = 1MB (=1048576) (default)
2019-07-13 12:36:11,356 INFO  server.RaftServerConfigKeys (ConfUtils.java:logGet(43)) - raft.server.rpc.request.timeout = 3000ms (default)
2019-07-13 12:36:11,357 INFO  server.RaftServerConfigKeys (ConfUtils.java:logGet(43)) - raft.server.storage.dir = [/tmp/workdir/hadoop-ozone/integration-test/target/test-dir/MiniOzoneClusterImpl-9c8493bd-b58e-4f6f-9e4b-1c94a5b4a348/datanode-1/data/ratis] (custom)
2019-07-13 12:36:11,357 INFO  replication.SimpleContainerDownloader (SimpleContainerDownloader.java:<init>(72)) - Starting container downloader service to copy containers to replicate.
2019-07-13 12:36:11,358 INFO  hdfs.DFSUtil (DFSUtil.java:httpServerTemplateForNNAndJN(1641)) - Starting Web-server for hddsDatanode at: http://0.0.0.0:0
2019-07-13 12:36:11,359 INFO  server.AuthenticationFilter (AuthenticationFilter.java:constructSecretProvider(240)) - Unable to initialize FileSignerSecretProvider, falling back to use random secrets.
2019-07-13 12:36:11,360 WARN  http.HttpRequestLog (HttpRequestLog.java:getRequestLog(97)) - Jetty request log can only be enabled using Log4j
2019-07-13 12:36:11,361 INFO  http.HttpServer2 (HttpServer2.java:addGlobalFilter(975)) - Added global filter 'safety' (class=org.apache.hadoop.http.HttpServer2$QuotingInputFilter)
2019-07-13 12:36:11,361 INFO  http.HttpServer2 (HttpServer2.java:addFilter(948)) - Added filter static_user_filter (class=org.apache.hadoop.http.lib.StaticUserWebFilter$StaticUserFilter) to context hddsDatanode
2019-07-13 12:36:11,361 INFO  http.HttpServer2 (HttpServer2.java:addFilter(958)) - Added filter static_user_filter (class=org.apache.hadoop.http.lib.StaticUserWebFilter$StaticUserFilter) to context static
2019-07-13 12:36:11,361 INFO  http.HttpServer2 (HttpServer2.java:addFilter(958)) - Added filter static_user_filter (class=org.apache.hadoop.http.lib.StaticUserWebFilter$StaticUserFilter) to context logs
2019-07-13 12:36:11,362 INFO  http.HttpServer2 (HttpServer2.java:bindListener(1191)) - Jetty bound to port 40641
2019-07-13 12:36:11,362 INFO  server.Server (Server.java:doStart(351)) - jetty-9.3.24.v20180605, build timestamp: 2018-06-05T17:11:56Z, git hash: 84205aa28f11a4f31f2a3b86d1bba2cc8ab69827
2019-07-13 12:36:11,364 INFO  handler.ContextHandler (ContextHandler.java:doStart(781)) - Started o.e.j.s.ServletContextHandler@7bbd0006{/logs,file:///tmp/workdir/hadoop-ozone/integration-test/target/log,AVAILABLE}
2019-07-13 12:36:11,364 INFO  handler.ContextHandler (ContextHandler.java:doStart(781)) - Started o.e.j.s.ServletContextHandler@564fc235{/static,jar:file:/home/user/.m2/repository/org/apache/hadoop/hadoop-hdds-container-service/0.5.0-SNAPSHOT/hadoop-hdds-container-service-0.5.0-SNAPSHOT.jar!/webapps/static,AVAILABLE}
2019-07-13 12:36:11,390 INFO  handler.ContextHandler (ContextHandler.java:doStart(781)) - Started o.e.j.w.WebAppContext@7d65c0ac{/,file:///tmp/jetty-0.0.0.0-40641-hddsDatanode-_-any-7191426010314325938.dir/webapp/,AVAILABLE}{/hddsDatanode}
2019-07-13 12:36:11,390 INFO  server.AbstractConnector (AbstractConnector.java:doStart(278)) - Started ServerConnector@71c91121{HTTP/1.1,[http/1.1]}{0.0.0.0:40641}
2019-07-13 12:36:11,390 INFO  server.Server (Server.java:doStart(419)) - Started @561944ms
2019-07-13 12:36:11,392 INFO  server.BaseHttpServer (BaseHttpServer.java:updateConnectorAddress(207)) - HTTP server of HDDSDATANODE is listening at http://0.0.0.0:40641
2019-07-13 12:36:11,490 INFO  ozone.HddsDatanodeService (HddsDatanodeService.java:startPlugins(396)) - Started plug-in org.apache.hadoop.ozone.web.OzoneHddsDatanodeService@80b6098
2019-07-13 12:36:11,490 INFO  impl.MetricsSystemImpl (MetricsSystemImpl.java:init(158)) - HddsDatanode metrics system started (again)
2019-07-13 12:36:11,490 INFO  ozone.HddsDatanodeService (HddsDatanodeService.java:start(185)) - HddsDatanodeService host:trunk-nightly-q2gwj-1111726333 ip:192.168.5.181
2019-07-13 12:36:11,491 INFO  util.JvmPauseMonitor (JvmPauseMonitor.java:run(188)) - Starting JVM pause monitor
2019-07-13 12:36:11,493 INFO  datanode.InitDatanodeState (InitDatanodeState.java:persistContainerDatanodeDetails(140)) - DatanodeDetails is persisted to /tmp/workdir/hadoop-ozone/integration-test/target/test-dir/MiniOzoneClusterImpl-9c8493bd-b58e-4f6f-9e4b-1c94a5b4a348/datanode-1/meta/datanode.id
2019-07-13 12:36:11,500 INFO  volume.HddsVolume (HddsVolume.java:<init>(176)) - Creating Volume: /tmp/workdir/hadoop-ozone/integration-test/target/test-dir/MiniOzoneClusterImpl-9c8493bd-b58e-4f6f-9e4b-1c94a5b4a348/datanode-2/data/containers/hdds of  storage type : DISK and capacity : 52710309888
2019-07-13 12:36:11,500 INFO  volume.VolumeSet (VolumeSet.java:initializeVolumeSet(170)) - Added Volume : /tmp/workdir/hadoop-ozone/integration-test/target/test-dir/MiniOzoneClusterImpl-9c8493bd-b58e-4f6f-9e4b-1c94a5b4a348/datanode-2/data/containers/hdds to VolumeSet
2019-07-13 12:36:11,500 INFO  volume.ThrottledAsyncChecker (ThrottledAsyncChecker.java:schedule(140)) - Scheduling a check for org.apache.hadoop.ozone.container.common.volume.HddsVolume@5c1ea00
2019-07-13 12:36:11,501 INFO  volume.HddsVolumeChecker (HddsVolumeChecker.java:checkAllVolumes(203)) - Scheduled health check for volume org.apache.hadoop.ozone.container.common.volume.HddsVolume@5c1ea00
2019-07-13 12:36:11,513 INFO  impl.RaftServerProxy (ConfUtils.java:logGet(43)) - raft.rpc.type = GRPC (default)
2019-07-13 12:36:11,514 INFO  grpc.GrpcFactory (GrpcFactory.java:checkPooledByteBufAllocatorUseCacheForAllThreads(45)) - PERFORMANCE WARNING: useCacheForAllThreads is true that may cause Netty to create a lot garbage objects and, as a result, trigger GC.
	It is recommended to disable useCacheForAllThreads by setting -Dorg.apache.ratis.thirdparty.io.netty.allocator.useCacheForAllThreads=false in command line.
2019-07-13 12:36:11,514 INFO  grpc.GrpcConfigKeys$Server (ConfUtils.java:logGet(43)) - raft.grpc.server.port = 0 (default)
2019-07-13 12:36:11,514 INFO  server.GrpcService (ConfUtils.java:logGet(43)) - raft.grpc.message.size.max = 33570816 (custom)
2019-07-13 12:36:11,514 INFO  server.RaftServerConfigKeys (ConfUtils.java:logGet(43)) - raft.server.log.appender.buffer.byte-limit = 33554432 (custom)
2019-07-13 12:36:11,514 INFO  server.GrpcService (ConfUtils.java:logGet(43)) - raft.grpc.flow.control.window = 1MB (=1048576) (default)
2019-07-13 12:36:11,515 INFO  server.RaftServerConfigKeys (ConfUtils.java:logGet(43)) - raft.server.rpc.request.timeout = 3000ms (default)
2019-07-13 12:36:11,515 INFO  server.RaftServerConfigKeys (ConfUtils.java:logGet(43)) - raft.server.storage.dir = [/tmp/workdir/hadoop-ozone/integration-test/target/test-dir/MiniOzoneClusterImpl-9c8493bd-b58e-4f6f-9e4b-1c94a5b4a348/datanode-2/data/ratis] (custom)
2019-07-13 12:36:11,515 INFO  replication.SimpleContainerDownloader (SimpleContainerDownloader.java:<init>(72)) - Starting container downloader service to copy containers to replicate.
2019-07-13 12:36:11,516 INFO  hdfs.DFSUtil (DFSUtil.java:httpServerTemplateForNNAndJN(1641)) - Starting Web-server for hddsDatanode at: http://0.0.0.0:0
2019-07-13 12:36:11,517 INFO  server.AuthenticationFilter (AuthenticationFilter.java:constructSecretProvider(240)) - Unable to initialize FileSignerSecretProvider, falling back to use random secrets.
2019-07-13 12:36:11,518 WARN  http.HttpRequestLog (HttpRequestLog.java:getRequestLog(97)) - Jetty request log can only be enabled using Log4j
2019-07-13 12:36:11,519 INFO  http.HttpServer2 (HttpServer2.java:addGlobalFilter(975)) - Added global filter 'safety' (class=org.apache.hadoop.http.HttpServer2$QuotingInputFilter)
2019-07-13 12:36:11,519 INFO  http.HttpServer2 (HttpServer2.java:addFilter(948)) - Added filter static_user_filter (class=org.apache.hadoop.http.lib.StaticUserWebFilter$StaticUserFilter) to context hddsDatanode
2019-07-13 12:36:11,519 INFO  http.HttpServer2 (HttpServer2.java:addFilter(958)) - Added filter static_user_filter (class=org.apache.hadoop.http.lib.StaticUserWebFilter$StaticUserFilter) to context static
2019-07-13 12:36:11,520 INFO  http.HttpServer2 (HttpServer2.java:addFilter(958)) - Added filter static_user_filter (class=org.apache.hadoop.http.lib.StaticUserWebFilter$StaticUserFilter) to context logs
2019-07-13 12:36:11,520 INFO  http.HttpServer2 (HttpServer2.java:bindListener(1191)) - Jetty bound to port 40274
2019-07-13 12:36:11,520 INFO  server.Server (Server.java:doStart(351)) - jetty-9.3.24.v20180605, build timestamp: 2018-06-05T17:11:56Z, git hash: 84205aa28f11a4f31f2a3b86d1bba2cc8ab69827
2019-07-13 12:36:11,522 INFO  handler.ContextHandler (ContextHandler.java:doStart(781)) - Started o.e.j.s.ServletContextHandler@574413bd{/logs,file:///tmp/workdir/hadoop-ozone/integration-test/target/log,AVAILABLE}
2019-07-13 12:36:11,522 INFO  handler.ContextHandler (ContextHandler.java:doStart(781)) - Started o.e.j.s.ServletContextHandler@556e4588{/static,jar:file:/home/user/.m2/repository/org/apache/hadoop/hadoop-hdds-container-service/0.5.0-SNAPSHOT/hadoop-hdds-container-service-0.5.0-SNAPSHOT.jar!/webapps/static,AVAILABLE}
2019-07-13 12:36:11,548 INFO  handler.ContextHandler (ContextHandler.java:doStart(781)) - Started o.e.j.w.WebAppContext@733e3c19{/,file:///tmp/jetty-0.0.0.0-40274-hddsDatanode-_-any-4994622898693726152.dir/webapp/,AVAILABLE}{/hddsDatanode}
2019-07-13 12:36:11,548 INFO  server.AbstractConnector (AbstractConnector.java:doStart(278)) - Started ServerConnector@5418893c{HTTP/1.1,[http/1.1]}{0.0.0.0:40274}
2019-07-13 12:36:11,549 INFO  server.Server (Server.java:doStart(419)) - Started @562102ms
2019-07-13 12:36:11,551 INFO  server.BaseHttpServer (BaseHttpServer.java:updateConnectorAddress(207)) - HTTP server of HDDSDATANODE is listening at http://0.0.0.0:40274
2019-07-13 12:36:11,650 INFO  ozone.HddsDatanodeService (HddsDatanodeService.java:startPlugins(396)) - Started plug-in org.apache.hadoop.ozone.web.OzoneHddsDatanodeService@233d2b76
2019-07-13 12:36:11,651 INFO  impl.MetricsSystemImpl (MetricsSystemImpl.java:init(158)) - HddsDatanode metrics system started (again)
2019-07-13 12:36:11,651 INFO  ozone.HddsDatanodeService (HddsDatanodeService.java:start(185)) - HddsDatanodeService host:trunk-nightly-q2gwj-1111726333 ip:192.168.5.181
2019-07-13 12:36:11,652 INFO  util.JvmPauseMonitor (JvmPauseMonitor.java:run(188)) - Starting JVM pause monitor
2019-07-13 12:36:11,654 INFO  datanode.InitDatanodeState (InitDatanodeState.java:persistContainerDatanodeDetails(140)) - DatanodeDetails is persisted to /tmp/workdir/hadoop-ozone/integration-test/target/test-dir/MiniOzoneClusterImpl-9c8493bd-b58e-4f6f-9e4b-1c94a5b4a348/datanode-2/meta/datanode.id
2019-07-13 12:36:11,660 INFO  volume.HddsVolume (HddsVolume.java:<init>(176)) - Creating Volume: /tmp/workdir/hadoop-ozone/integration-test/target/test-dir/MiniOzoneClusterImpl-9c8493bd-b58e-4f6f-9e4b-1c94a5b4a348/datanode-3/data/containers/hdds of  storage type : DISK and capacity : 52710309888
2019-07-13 12:36:11,660 INFO  volume.VolumeSet (VolumeSet.java:initializeVolumeSet(170)) - Added Volume : /tmp/workdir/hadoop-ozone/integration-test/target/test-dir/MiniOzoneClusterImpl-9c8493bd-b58e-4f6f-9e4b-1c94a5b4a348/datanode-3/data/containers/hdds to VolumeSet
2019-07-13 12:36:11,660 INFO  volume.ThrottledAsyncChecker (ThrottledAsyncChecker.java:schedule(140)) - Scheduling a check for org.apache.hadoop.ozone.container.common.volume.HddsVolume@45ecdd32
2019-07-13 12:36:11,661 INFO  volume.HddsVolumeChecker (HddsVolumeChecker.java:checkAllVolumes(203)) - Scheduled health check for volume org.apache.hadoop.ozone.container.common.volume.HddsVolume@45ecdd32
2019-07-13 12:36:11,673 INFO  impl.RaftServerProxy (ConfUtils.java:logGet(43)) - raft.rpc.type = GRPC (default)
2019-07-13 12:36:11,673 INFO  grpc.GrpcFactory (GrpcFactory.java:checkPooledByteBufAllocatorUseCacheForAllThreads(45)) - PERFORMANCE WARNING: useCacheForAllThreads is true that may cause Netty to create a lot garbage objects and, as a result, trigger GC.
	It is recommended to disable useCacheForAllThreads by setting -Dorg.apache.ratis.thirdparty.io.netty.allocator.useCacheForAllThreads=false in command line.
2019-07-13 12:36:11,673 INFO  grpc.GrpcConfigKeys$Server (ConfUtils.java:logGet(43)) - raft.grpc.server.port = 0 (default)
2019-07-13 12:36:11,673 INFO  server.GrpcService (ConfUtils.java:logGet(43)) - raft.grpc.message.size.max = 33570816 (custom)
2019-07-13 12:36:11,674 INFO  server.RaftServerConfigKeys (ConfUtils.java:logGet(43)) - raft.server.log.appender.buffer.byte-limit = 33554432 (custom)
2019-07-13 12:36:11,674 INFO  server.GrpcService (ConfUtils.java:logGet(43)) - raft.grpc.flow.control.window = 1MB (=1048576) (default)
2019-07-13 12:36:11,674 INFO  server.RaftServerConfigKeys (ConfUtils.java:logGet(43)) - raft.server.rpc.request.timeout = 3000ms (default)
2019-07-13 12:36:11,674 INFO  server.RaftServerConfigKeys (ConfUtils.java:logGet(43)) - raft.server.storage.dir = [/tmp/workdir/hadoop-ozone/integration-test/target/test-dir/MiniOzoneClusterImpl-9c8493bd-b58e-4f6f-9e4b-1c94a5b4a348/datanode-3/data/ratis] (custom)
2019-07-13 12:36:11,675 INFO  replication.SimpleContainerDownloader (SimpleContainerDownloader.java:<init>(72)) - Starting container downloader service to copy containers to replicate.
2019-07-13 12:36:11,676 INFO  hdfs.DFSUtil (DFSUtil.java:httpServerTemplateForNNAndJN(1641)) - Starting Web-server for hddsDatanode at: http://0.0.0.0:0
2019-07-13 12:36:11,677 INFO  server.AuthenticationFilter (AuthenticationFilter.java:constructSecretProvider(240)) - Unable to initialize FileSignerSecretProvider, falling back to use random secrets.
2019-07-13 12:36:11,677 WARN  http.HttpRequestLog (HttpRequestLog.java:getRequestLog(97)) - Jetty request log can only be enabled using Log4j
2019-07-13 12:36:11,678 INFO  http.HttpServer2 (HttpServer2.java:addGlobalFilter(975)) - Added global filter 'safety' (class=org.apache.hadoop.http.HttpServer2$QuotingInputFilter)
2019-07-13 12:36:11,679 INFO  http.HttpServer2 (HttpServer2.java:addFilter(948)) - Added filter static_user_filter (class=org.apache.hadoop.http.lib.StaticUserWebFilter$StaticUserFilter) to context hddsDatanode
2019-07-13 12:36:11,679 INFO  http.HttpServer2 (HttpServer2.java:addFilter(958)) - Added filter static_user_filter (class=org.apache.hadoop.http.lib.StaticUserWebFilter$StaticUserFilter) to context logs
2019-07-13 12:36:11,679 INFO  http.HttpServer2 (HttpServer2.java:addFilter(958)) - Added filter static_user_filter (class=org.apache.hadoop.http.lib.StaticUserWebFilter$StaticUserFilter) to context static
2019-07-13 12:36:11,679 INFO  http.HttpServer2 (HttpServer2.java:bindListener(1191)) - Jetty bound to port 38801
2019-07-13 12:36:11,680 INFO  server.Server (Server.java:doStart(351)) - jetty-9.3.24.v20180605, build timestamp: 2018-06-05T17:11:56Z, git hash: 84205aa28f11a4f31f2a3b86d1bba2cc8ab69827
2019-07-13 12:36:11,681 INFO  handler.ContextHandler (ContextHandler.java:doStart(781)) - Started o.e.j.s.ServletContextHandler@1fd77205{/logs,file:///tmp/workdir/hadoop-ozone/integration-test/target/log,AVAILABLE}
2019-07-13 12:36:11,682 INFO  handler.ContextHandler (ContextHandler.java:doStart(781)) - Started o.e.j.s.ServletContextHandler@288915a1{/static,jar:file:/home/user/.m2/repository/org/apache/hadoop/hadoop-hdds-container-service/0.5.0-SNAPSHOT/hadoop-hdds-container-service-0.5.0-SNAPSHOT.jar!/webapps/static,AVAILABLE}
2019-07-13 12:36:11,707 INFO  handler.ContextHandler (ContextHandler.java:doStart(781)) - Started o.e.j.w.WebAppContext@21fa19e4{/,file:///tmp/jetty-0.0.0.0-38801-hddsDatanode-_-any-2670724293611157409.dir/webapp/,AVAILABLE}{/hddsDatanode}
2019-07-13 12:36:11,708 INFO  server.AbstractConnector (AbstractConnector.java:doStart(278)) - Started ServerConnector@33a58fcb{HTTP/1.1,[http/1.1]}{0.0.0.0:38801}
2019-07-13 12:36:11,708 INFO  server.Server (Server.java:doStart(419)) - Started @562261ms
2019-07-13 12:36:11,710 INFO  server.BaseHttpServer (BaseHttpServer.java:updateConnectorAddress(207)) - HTTP server of HDDSDATANODE is listening at http://0.0.0.0:38801
2019-07-13 12:36:11,808 INFO  ozone.HddsDatanodeService (HddsDatanodeService.java:startPlugins(396)) - Started plug-in org.apache.hadoop.ozone.web.OzoneHddsDatanodeService@1d0acb8f
2019-07-13 12:36:11,808 INFO  impl.MetricsSystemImpl (MetricsSystemImpl.java:init(158)) - HddsDatanode metrics system started (again)
2019-07-13 12:36:11,809 INFO  ozone.HddsDatanodeService (HddsDatanodeService.java:start(185)) - HddsDatanodeService host:trunk-nightly-q2gwj-1111726333 ip:192.168.5.181
2019-07-13 12:36:11,810 INFO  util.JvmPauseMonitor (JvmPauseMonitor.java:run(188)) - Starting JVM pause monitor
2019-07-13 12:36:11,811 INFO  datanode.InitDatanodeState (InitDatanodeState.java:persistContainerDatanodeDetails(140)) - DatanodeDetails is persisted to /tmp/workdir/hadoop-ozone/integration-test/target/test-dir/MiniOzoneClusterImpl-9c8493bd-b58e-4f6f-9e4b-1c94a5b4a348/datanode-3/meta/datanode.id
2019-07-13 12:36:11,819 INFO  volume.HddsVolume (HddsVolume.java:<init>(176)) - Creating Volume: /tmp/workdir/hadoop-ozone/integration-test/target/test-dir/MiniOzoneClusterImpl-9c8493bd-b58e-4f6f-9e4b-1c94a5b4a348/datanode-4/data/containers/hdds of  storage type : DISK and capacity : 52710309888
2019-07-13 12:36:11,819 INFO  volume.VolumeSet (VolumeSet.java:initializeVolumeSet(170)) - Added Volume : /tmp/workdir/hadoop-ozone/integration-test/target/test-dir/MiniOzoneClusterImpl-9c8493bd-b58e-4f6f-9e4b-1c94a5b4a348/datanode-4/data/containers/hdds to VolumeSet
2019-07-13 12:36:11,819 INFO  volume.ThrottledAsyncChecker (ThrottledAsyncChecker.java:schedule(140)) - Scheduling a check for org.apache.hadoop.ozone.container.common.volume.HddsVolume@687d31a9
2019-07-13 12:36:11,820 INFO  volume.HddsVolumeChecker (HddsVolumeChecker.java:checkAllVolumes(203)) - Scheduled health check for volume org.apache.hadoop.ozone.container.common.volume.HddsVolume@687d31a9
2019-07-13 12:36:11,839 INFO  impl.RaftServerProxy (ConfUtils.java:logGet(43)) - raft.rpc.type = GRPC (default)
2019-07-13 12:36:11,839 INFO  grpc.GrpcFactory (GrpcFactory.java:checkPooledByteBufAllocatorUseCacheForAllThreads(45)) - PERFORMANCE WARNING: useCacheForAllThreads is true that may cause Netty to create a lot garbage objects and, as a result, trigger GC.
	It is recommended to disable useCacheForAllThreads by setting -Dorg.apache.ratis.thirdparty.io.netty.allocator.useCacheForAllThreads=false in command line.
2019-07-13 12:36:11,839 INFO  grpc.GrpcConfigKeys$Server (ConfUtils.java:logGet(43)) - raft.grpc.server.port = 0 (default)
2019-07-13 12:36:11,840 INFO  server.GrpcService (ConfUtils.java:logGet(43)) - raft.grpc.message.size.max = 33570816 (custom)
2019-07-13 12:36:11,840 INFO  server.RaftServerConfigKeys (ConfUtils.java:logGet(43)) - raft.server.log.appender.buffer.byte-limit = 33554432 (custom)
2019-07-13 12:36:11,840 INFO  server.GrpcService (ConfUtils.java:logGet(43)) - raft.grpc.flow.control.window = 1MB (=1048576) (default)
2019-07-13 12:36:11,841 INFO  server.RaftServerConfigKeys (ConfUtils.java:logGet(43)) - raft.server.rpc.request.timeout = 3000ms (default)
2019-07-13 12:36:11,841 INFO  server.RaftServerConfigKeys (ConfUtils.java:logGet(43)) - raft.server.storage.dir = [/tmp/workdir/hadoop-ozone/integration-test/target/test-dir/MiniOzoneClusterImpl-9c8493bd-b58e-4f6f-9e4b-1c94a5b4a348/datanode-4/data/ratis] (custom)
2019-07-13 12:36:11,842 INFO  replication.SimpleContainerDownloader (SimpleContainerDownloader.java:<init>(72)) - Starting container downloader service to copy containers to replicate.
2019-07-13 12:36:11,843 INFO  hdfs.DFSUtil (DFSUtil.java:httpServerTemplateForNNAndJN(1641)) - Starting Web-server for hddsDatanode at: http://0.0.0.0:0
2019-07-13 12:36:11,844 INFO  server.AuthenticationFilter (AuthenticationFilter.java:constructSecretProvider(240)) - Unable to initialize FileSignerSecretProvider, falling back to use random secrets.
2019-07-13 12:36:11,844 WARN  http.HttpRequestLog (HttpRequestLog.java:getRequestLog(97)) - Jetty request log can only be enabled using Log4j
2019-07-13 12:36:11,846 INFO  http.HttpServer2 (HttpServer2.java:addGlobalFilter(975)) - Added global filter 'safety' (class=org.apache.hadoop.http.HttpServer2$QuotingInputFilter)
2019-07-13 12:36:11,846 INFO  http.HttpServer2 (HttpServer2.java:addFilter(948)) - Added filter static_user_filter (class=org.apache.hadoop.http.lib.StaticUserWebFilter$StaticUserFilter) to context hddsDatanode
2019-07-13 12:36:11,846 INFO  http.HttpServer2 (HttpServer2.java:addFilter(958)) - Added filter static_user_filter (class=org.apache.hadoop.http.lib.StaticUserWebFilter$StaticUserFilter) to context logs
2019-07-13 12:36:11,847 INFO  http.HttpServer2 (HttpServer2.java:addFilter(958)) - Added filter static_user_filter (class=org.apache.hadoop.http.lib.StaticUserWebFilter$StaticUserFilter) to context static
2019-07-13 12:36:11,847 INFO  http.HttpServer2 (HttpServer2.java:bindListener(1191)) - Jetty bound to port 40196
2019-07-13 12:36:11,847 INFO  server.Server (Server.java:doStart(351)) - jetty-9.3.24.v20180605, build timestamp: 2018-06-05T17:11:56Z, git hash: 84205aa28f11a4f31f2a3b86d1bba2cc8ab69827
2019-07-13 12:36:11,849 INFO  handler.ContextHandler (ContextHandler.java:doStart(781)) - Started o.e.j.s.ServletContextHandler@609edb55{/logs,file:///tmp/workdir/hadoop-ozone/integration-test/target/log,AVAILABLE}
2019-07-13 12:36:11,850 INFO  handler.ContextHandler (ContextHandler.java:doStart(781)) - Started o.e.j.s.ServletContextHandler@13d1653{/static,jar:file:/home/user/.m2/repository/org/apache/hadoop/hadoop-hdds-container-service/0.5.0-SNAPSHOT/hadoop-hdds-container-service-0.5.0-SNAPSHOT.jar!/webapps/static,AVAILABLE}
2019-07-13 12:36:11,878 INFO  handler.ContextHandler (ContextHandler.java:doStart(781)) - Started o.e.j.w.WebAppContext@36bd07ec{/,file:///tmp/jetty-0.0.0.0-40196-hddsDatanode-_-any-2884386101260778890.dir/webapp/,AVAILABLE}{/hddsDatanode}
2019-07-13 12:36:11,878 INFO  server.AbstractConnector (AbstractConnector.java:doStart(278)) - Started ServerConnector@85b9f9c{HTTP/1.1,[http/1.1]}{0.0.0.0:40196}
2019-07-13 12:36:11,878 INFO  server.Server (Server.java:doStart(419)) - Started @562432ms
2019-07-13 12:36:11,880 INFO  server.BaseHttpServer (BaseHttpServer.java:updateConnectorAddress(207)) - HTTP server of HDDSDATANODE is listening at http://0.0.0.0:40196
2019-07-13 12:36:11,978 INFO  ozone.HddsDatanodeService (HddsDatanodeService.java:startPlugins(396)) - Started plug-in org.apache.hadoop.ozone.web.OzoneHddsDatanodeService@31428f76
2019-07-13 12:36:11,979 INFO  impl.MetricsSystemImpl (MetricsSystemImpl.java:init(158)) - HddsDatanode metrics system started (again)
2019-07-13 12:36:11,979 INFO  ozone.HddsDatanodeService (HddsDatanodeService.java:start(185)) - HddsDatanodeService host:trunk-nightly-q2gwj-1111726333 ip:192.168.5.181
2019-07-13 12:36:11,980 INFO  util.JvmPauseMonitor (JvmPauseMonitor.java:run(188)) - Starting JVM pause monitor
2019-07-13 12:36:11,982 INFO  datanode.InitDatanodeState (InitDatanodeState.java:persistContainerDatanodeDetails(140)) - DatanodeDetails is persisted to /tmp/workdir/hadoop-ozone/integration-test/target/test-dir/MiniOzoneClusterImpl-9c8493bd-b58e-4f6f-9e4b-1c94a5b4a348/datanode-4/meta/datanode.id
2019-07-13 12:36:11,989 INFO  volume.HddsVolume (HddsVolume.java:<init>(176)) - Creating Volume: /tmp/workdir/hadoop-ozone/integration-test/target/test-dir/MiniOzoneClusterImpl-9c8493bd-b58e-4f6f-9e4b-1c94a5b4a348/datanode-5/data/containers/hdds of  storage type : DISK and capacity : 52710309888
2019-07-13 12:36:11,990 INFO  volume.VolumeSet (VolumeSet.java:initializeVolumeSet(170)) - Added Volume : /tmp/workdir/hadoop-ozone/integration-test/target/test-dir/MiniOzoneClusterImpl-9c8493bd-b58e-4f6f-9e4b-1c94a5b4a348/datanode-5/data/containers/hdds to VolumeSet
2019-07-13 12:36:11,990 INFO  volume.ThrottledAsyncChecker (ThrottledAsyncChecker.java:schedule(140)) - Scheduling a check for org.apache.hadoop.ozone.container.common.volume.HddsVolume@4110ffe5
2019-07-13 12:36:11,991 INFO  volume.HddsVolumeChecker (HddsVolumeChecker.java:checkAllVolumes(203)) - Scheduled health check for volume org.apache.hadoop.ozone.container.common.volume.HddsVolume@4110ffe5
2019-07-13 12:36:12,010 INFO  impl.RaftServerProxy (ConfUtils.java:logGet(43)) - raft.rpc.type = GRPC (default)
2019-07-13 12:36:12,010 INFO  grpc.GrpcFactory (GrpcFactory.java:checkPooledByteBufAllocatorUseCacheForAllThreads(45)) - PERFORMANCE WARNING: useCacheForAllThreads is true that may cause Netty to create a lot garbage objects and, as a result, trigger GC.
	It is recommended to disable useCacheForAllThreads by setting -Dorg.apache.ratis.thirdparty.io.netty.allocator.useCacheForAllThreads=false in command line.
2019-07-13 12:36:12,010 INFO  grpc.GrpcConfigKeys$Server (ConfUtils.java:logGet(43)) - raft.grpc.server.port = 0 (default)
2019-07-13 12:36:12,011 INFO  server.GrpcService (ConfUtils.java:logGet(43)) - raft.grpc.message.size.max = 33570816 (custom)
2019-07-13 12:36:12,011 INFO  server.RaftServerConfigKeys (ConfUtils.java:logGet(43)) - raft.server.log.appender.buffer.byte-limit = 33554432 (custom)
2019-07-13 12:36:12,011 INFO  server.GrpcService (ConfUtils.java:logGet(43)) - raft.grpc.flow.control.window = 1MB (=1048576) (default)
2019-07-13 12:36:12,011 INFO  server.RaftServerConfigKeys (ConfUtils.java:logGet(43)) - raft.server.rpc.request.timeout = 3000ms (default)
2019-07-13 12:36:12,012 INFO  server.RaftServerConfigKeys (ConfUtils.java:logGet(43)) - raft.server.storage.dir = [/tmp/workdir/hadoop-ozone/integration-test/target/test-dir/MiniOzoneClusterImpl-9c8493bd-b58e-4f6f-9e4b-1c94a5b4a348/datanode-5/data/ratis] (custom)
2019-07-13 12:36:12,012 INFO  replication.SimpleContainerDownloader (SimpleContainerDownloader.java:<init>(72)) - Starting container downloader service to copy containers to replicate.
2019-07-13 12:36:12,014 INFO  hdfs.DFSUtil (DFSUtil.java:httpServerTemplateForNNAndJN(1641)) - Starting Web-server for hddsDatanode at: http://0.0.0.0:0
2019-07-13 12:36:12,015 INFO  server.AuthenticationFilter (AuthenticationFilter.java:constructSecretProvider(240)) - Unable to initialize FileSignerSecretProvider, falling back to use random secrets.
2019-07-13 12:36:12,015 WARN  http.HttpRequestLog (HttpRequestLog.java:getRequestLog(97)) - Jetty request log can only be enabled using Log4j
2019-07-13 12:36:12,016 INFO  http.HttpServer2 (HttpServer2.java:addGlobalFilter(975)) - Added global filter 'safety' (class=org.apache.hadoop.http.HttpServer2$QuotingInputFilter)
2019-07-13 12:36:12,017 INFO  http.HttpServer2 (HttpServer2.java:addFilter(948)) - Added filter static_user_filter (class=org.apache.hadoop.http.lib.StaticUserWebFilter$StaticUserFilter) to context hddsDatanode
2019-07-13 12:36:12,017 INFO  http.HttpServer2 (HttpServer2.java:addFilter(958)) - Added filter static_user_filter (class=org.apache.hadoop.http.lib.StaticUserWebFilter$StaticUserFilter) to context logs
2019-07-13 12:36:12,017 INFO  http.HttpServer2 (HttpServer2.java:addFilter(958)) - Added filter static_user_filter (class=org.apache.hadoop.http.lib.StaticUserWebFilter$StaticUserFilter) to context static
2019-07-13 12:36:12,017 INFO  http.HttpServer2 (HttpServer2.java:bindListener(1191)) - Jetty bound to port 35772
2019-07-13 12:36:12,018 INFO  server.Server (Server.java:doStart(351)) - jetty-9.3.24.v20180605, build timestamp: 2018-06-05T17:11:56Z, git hash: 84205aa28f11a4f31f2a3b86d1bba2cc8ab69827
2019-07-13 12:36:12,019 INFO  handler.ContextHandler (ContextHandler.java:doStart(781)) - Started o.e.j.s.ServletContextHandler@1eb207c3{/logs,file:///tmp/workdir/hadoop-ozone/integration-test/target/log,AVAILABLE}
2019-07-13 12:36:12,019 INFO  handler.ContextHandler (ContextHandler.java:doStart(781)) - Started o.e.j.s.ServletContextHandler@6b8a9e1{/static,jar:file:/home/user/.m2/repository/org/apache/hadoop/hadoop-hdds-container-service/0.5.0-SNAPSHOT/hadoop-hdds-container-service-0.5.0-SNAPSHOT.jar!/webapps/static,AVAILABLE}
2019-07-13 12:36:12,047 INFO  handler.ContextHandler (ContextHandler.java:doStart(781)) - Started o.e.j.w.WebAppContext@73db1a6{/,file:///tmp/jetty-0.0.0.0-35772-hddsDatanode-_-any-5289241439282736912.dir/webapp/,AVAILABLE}{/hddsDatanode}
2019-07-13 12:36:12,047 INFO  server.AbstractConnector (AbstractConnector.java:doStart(278)) - Started ServerConnector@12a7515b{HTTP/1.1,[http/1.1]}{0.0.0.0:35772}
2019-07-13 12:36:12,048 INFO  server.Server (Server.java:doStart(419)) - Started @562601ms
2019-07-13 12:36:12,049 INFO  server.BaseHttpServer (BaseHttpServer.java:updateConnectorAddress(207)) - HTTP server of HDDSDATANODE is listening at http://0.0.0.0:35772
2019-07-13 12:36:12,146 INFO  ozone.HddsDatanodeService (HddsDatanodeService.java:startPlugins(396)) - Started plug-in org.apache.hadoop.ozone.web.OzoneHddsDatanodeService@1fd4850b
2019-07-13 12:36:12,146 INFO  impl.MetricsSystemImpl (MetricsSystemImpl.java:init(158)) - HddsDatanode metrics system started (again)
2019-07-13 12:36:12,147 INFO  ozone.HddsDatanodeService (HddsDatanodeService.java:start(185)) - HddsDatanodeService host:trunk-nightly-q2gwj-1111726333 ip:192.168.5.181
2019-07-13 12:36:12,148 INFO  util.JvmPauseMonitor (JvmPauseMonitor.java:run(188)) - Starting JVM pause monitor
2019-07-13 12:36:12,149 INFO  datanode.InitDatanodeState (InitDatanodeState.java:persistContainerDatanodeDetails(140)) - DatanodeDetails is persisted to /tmp/workdir/hadoop-ozone/integration-test/target/test-dir/MiniOzoneClusterImpl-9c8493bd-b58e-4f6f-9e4b-1c94a5b4a348/datanode-5/meta/datanode.id
2019-07-13 12:36:12,158 INFO  volume.HddsVolume (HddsVolume.java:<init>(176)) - Creating Volume: /tmp/workdir/hadoop-ozone/integration-test/target/test-dir/MiniOzoneClusterImpl-9c8493bd-b58e-4f6f-9e4b-1c94a5b4a348/datanode-6/data/containers/hdds of  storage type : DISK and capacity : 52710309888
2019-07-13 12:36:12,158 INFO  volume.VolumeSet (VolumeSet.java:initializeVolumeSet(170)) - Added Volume : /tmp/workdir/hadoop-ozone/integration-test/target/test-dir/MiniOzoneClusterImpl-9c8493bd-b58e-4f6f-9e4b-1c94a5b4a348/datanode-6/data/containers/hdds to VolumeSet
2019-07-13 12:36:12,158 INFO  volume.ThrottledAsyncChecker (ThrottledAsyncChecker.java:schedule(140)) - Scheduling a check for org.apache.hadoop.ozone.container.common.volume.HddsVolume@7a085d02
2019-07-13 12:36:12,159 INFO  volume.HddsVolumeChecker (HddsVolumeChecker.java:checkAllVolumes(203)) - Scheduled health check for volume org.apache.hadoop.ozone.container.common.volume.HddsVolume@7a085d02
2019-07-13 12:36:12,172 INFO  impl.RaftServerProxy (ConfUtils.java:logGet(43)) - raft.rpc.type = GRPC (default)
2019-07-13 12:36:12,172 INFO  grpc.GrpcFactory (GrpcFactory.java:checkPooledByteBufAllocatorUseCacheForAllThreads(45)) - PERFORMANCE WARNING: useCacheForAllThreads is true that may cause Netty to create a lot garbage objects and, as a result, trigger GC.
	It is recommended to disable useCacheForAllThreads by setting -Dorg.apache.ratis.thirdparty.io.netty.allocator.useCacheForAllThreads=false in command line.
2019-07-13 12:36:12,173 INFO  grpc.GrpcConfigKeys$Server (ConfUtils.java:logGet(43)) - raft.grpc.server.port = 0 (default)
2019-07-13 12:36:12,173 INFO  server.GrpcService (ConfUtils.java:logGet(43)) - raft.grpc.message.size.max = 33570816 (custom)
2019-07-13 12:36:12,173 INFO  server.RaftServerConfigKeys (ConfUtils.java:logGet(43)) - raft.server.log.appender.buffer.byte-limit = 33554432 (custom)
2019-07-13 12:36:12,173 INFO  server.GrpcService (ConfUtils.java:logGet(43)) - raft.grpc.flow.control.window = 1MB (=1048576) (default)
2019-07-13 12:36:12,173 INFO  server.RaftServerConfigKeys (ConfUtils.java:logGet(43)) - raft.server.rpc.request.timeout = 3000ms (default)
2019-07-13 12:36:12,174 INFO  server.RaftServerConfigKeys (ConfUtils.java:logGet(43)) - raft.server.storage.dir = [/tmp/workdir/hadoop-ozone/integration-test/target/test-dir/MiniOzoneClusterImpl-9c8493bd-b58e-4f6f-9e4b-1c94a5b4a348/datanode-6/data/ratis] (custom)
2019-07-13 12:36:12,174 INFO  replication.SimpleContainerDownloader (SimpleContainerDownloader.java:<init>(72)) - Starting container downloader service to copy containers to replicate.
2019-07-13 12:36:12,175 INFO  hdfs.DFSUtil (DFSUtil.java:httpServerTemplateForNNAndJN(1641)) - Starting Web-server for hddsDatanode at: http://0.0.0.0:0
2019-07-13 12:36:12,176 INFO  server.AuthenticationFilter (AuthenticationFilter.java:constructSecretProvider(240)) - Unable to initialize FileSignerSecretProvider, falling back to use random secrets.
2019-07-13 12:36:12,177 WARN  http.HttpRequestLog (HttpRequestLog.java:getRequestLog(97)) - Jetty request log can only be enabled using Log4j
2019-07-13 12:36:12,178 INFO  http.HttpServer2 (HttpServer2.java:addGlobalFilter(975)) - Added global filter 'safety' (class=org.apache.hadoop.http.HttpServer2$QuotingInputFilter)
2019-07-13 12:36:12,178 INFO  http.HttpServer2 (HttpServer2.java:addFilter(948)) - Added filter static_user_filter (class=org.apache.hadoop.http.lib.StaticUserWebFilter$StaticUserFilter) to context hddsDatanode
2019-07-13 12:36:12,178 INFO  http.HttpServer2 (HttpServer2.java:addFilter(958)) - Added filter static_user_filter (class=org.apache.hadoop.http.lib.StaticUserWebFilter$StaticUserFilter) to context static
2019-07-13 12:36:12,179 INFO  http.HttpServer2 (HttpServer2.java:addFilter(958)) - Added filter static_user_filter (class=org.apache.hadoop.http.lib.StaticUserWebFilter$StaticUserFilter) to context logs
2019-07-13 12:36:12,179 INFO  http.HttpServer2 (HttpServer2.java:bindListener(1191)) - Jetty bound to port 39376
2019-07-13 12:36:12,179 INFO  server.Server (Server.java:doStart(351)) - jetty-9.3.24.v20180605, build timestamp: 2018-06-05T17:11:56Z, git hash: 84205aa28f11a4f31f2a3b86d1bba2cc8ab69827
2019-07-13 12:36:12,181 INFO  handler.ContextHandler (ContextHandler.java:doStart(781)) - Started o.e.j.s.ServletContextHandler@235d46b2{/logs,file:///tmp/workdir/hadoop-ozone/integration-test/target/log,AVAILABLE}
2019-07-13 12:36:12,181 INFO  handler.ContextHandler (ContextHandler.java:doStart(781)) - Started o.e.j.s.ServletContextHandler@f83616{/static,jar:file:/home/user/.m2/repository/org/apache/hadoop/hadoop-hdds-container-service/0.5.0-SNAPSHOT/hadoop-hdds-container-service-0.5.0-SNAPSHOT.jar!/webapps/static,AVAILABLE}
2019-07-13 12:36:12,207 INFO  handler.ContextHandler (ContextHandler.java:doStart(781)) - Started o.e.j.w.WebAppContext@5ab70df7{/,file:///tmp/jetty-0.0.0.0-39376-hddsDatanode-_-any-6469969312254089745.dir/webapp/,AVAILABLE}{/hddsDatanode}
2019-07-13 12:36:12,207 INFO  server.AbstractConnector (AbstractConnector.java:doStart(278)) - Started ServerConnector@6764201e{HTTP/1.1,[http/1.1]}{0.0.0.0:39376}
2019-07-13 12:36:12,208 INFO  server.Server (Server.java:doStart(419)) - Started @562761ms
2019-07-13 12:36:12,210 INFO  server.BaseHttpServer (BaseHttpServer.java:updateConnectorAddress(207)) - HTTP server of HDDSDATANODE is listening at http://0.0.0.0:39376
2019-07-13 12:36:12,309 INFO  ozone.HddsDatanodeService (HddsDatanodeService.java:startPlugins(396)) - Started plug-in org.apache.hadoop.ozone.web.OzoneHddsDatanodeService@2c1b10f2
2019-07-13 12:36:12,309 INFO  ozone.MiniOzoneClusterImpl (MiniOzoneClusterImpl.java:lambda$waitForClusterToBeReady$0(142)) - Waiting for cluster to be ready. Got 0 of 7 DN Heartbeats.
2019-07-13 12:36:12,310 INFO  util.JvmPauseMonitor (JvmPauseMonitor.java:run(188)) - Starting JVM pause monitor
2019-07-13 12:36:12,311 INFO  datanode.InitDatanodeState (InitDatanodeState.java:persistContainerDatanodeDetails(140)) - DatanodeDetails is persisted to /tmp/workdir/hadoop-ozone/integration-test/target/test-dir/MiniOzoneClusterImpl-9c8493bd-b58e-4f6f-9e4b-1c94a5b4a348/datanode-6/meta/datanode.id
2019-07-13 12:36:13,310 INFO  ozone.MiniOzoneClusterImpl (MiniOzoneClusterImpl.java:lambda$waitForClusterToBeReady$0(142)) - Waiting for cluster to be ready. Got 0 of 7 DN Heartbeats.
2019-07-13 12:36:13,356 INFO  ozoneimpl.OzoneContainer (OzoneContainer.java:start(186)) - Attempting to start container services.
2019-07-13 12:36:13,356 INFO  ozoneimpl.OzoneContainer (OzoneContainer.java:startContainerScrub(160)) - Background container scrubber has been disabled by hdds.containerscrub.enabled
2019-07-13 12:36:13,357 INFO  ratis.XceiverServerRatis (XceiverServerRatis.java:start(418)) - Starting XceiverServerRatis 28d1f63f-793c-40d0-b2c2-829f14fc8f4b at port 0
2019-07-13 12:36:13,364 INFO  impl.RaftServerProxy (RaftServerProxy.java:lambda$start$3(299)) - 28d1f63f-793c-40d0-b2c2-829f14fc8f4b: start RPC server
2019-07-13 12:36:13,368 INFO  server.GrpcService (GrpcService.java:startImpl(149)) - 28d1f63f-793c-40d0-b2c2-829f14fc8f4b: GrpcService started, listening on 0.0.0.0/0.0.0.0:44532
2019-07-13 12:36:13,368 INFO  ratis.XceiverServerRatis (XceiverServerRatis.java:start(428)) - XceiverServerRatis 28d1f63f-793c-40d0-b2c2-829f14fc8f4b is started using port 44532
2019-07-13 12:36:13,376 INFO  server.XceiverServerGrpc (XceiverServerGrpc.java:start(161)) - XceiverServerGrpc 28d1f63f-793c-40d0-b2c2-829f14fc8f4b is started using port 39827
2019-07-13 12:36:13,507 INFO  ozoneimpl.OzoneContainer (OzoneContainer.java:start(186)) - Attempting to start container services.
2019-07-13 12:36:13,507 INFO  ozoneimpl.OzoneContainer (OzoneContainer.java:startContainerScrub(160)) - Background container scrubber has been disabled by hdds.containerscrub.enabled
2019-07-13 12:36:13,507 INFO  ratis.XceiverServerRatis (XceiverServerRatis.java:start(418)) - Starting XceiverServerRatis d4d5bab2-2d37-46de-accb-fdb690dfcc1e at port 0
2019-07-13 12:36:13,515 INFO  impl.RaftServerProxy (RaftServerProxy.java:lambda$start$3(299)) - d4d5bab2-2d37-46de-accb-fdb690dfcc1e: start RPC server
2019-07-13 12:36:13,515 INFO  server.GrpcService (GrpcService.java:startImpl(149)) - d4d5bab2-2d37-46de-accb-fdb690dfcc1e: GrpcService started, listening on 0.0.0.0/0.0.0.0:41054
2019-07-13 12:36:13,515 INFO  ratis.XceiverServerRatis (XceiverServerRatis.java:start(428)) - XceiverServerRatis d4d5bab2-2d37-46de-accb-fdb690dfcc1e is started using port 41054
2019-07-13 12:36:13,518 INFO  server.XceiverServerGrpc (XceiverServerGrpc.java:start(161)) - XceiverServerGrpc d4d5bab2-2d37-46de-accb-fdb690dfcc1e is started using port 40780
2019-07-13 12:36:13,672 INFO  ozoneimpl.OzoneContainer (OzoneContainer.java:start(186)) - Attempting to start container services.
2019-07-13 12:36:13,672 INFO  ozoneimpl.OzoneContainer (OzoneContainer.java:startContainerScrub(160)) - Background container scrubber has been disabled by hdds.containerscrub.enabled
2019-07-13 12:36:13,672 INFO  ratis.XceiverServerRatis (XceiverServerRatis.java:start(418)) - Starting XceiverServerRatis 56352b6b-b30d-4a15-89c1-5f335cc44b98 at port 0
2019-07-13 12:36:13,679 INFO  impl.RaftServerProxy (RaftServerProxy.java:lambda$start$3(299)) - 56352b6b-b30d-4a15-89c1-5f335cc44b98: start RPC server
2019-07-13 12:36:13,682 INFO  server.GrpcService (GrpcService.java:startImpl(149)) - 56352b6b-b30d-4a15-89c1-5f335cc44b98: GrpcService started, listening on 0.0.0.0/0.0.0.0:32996
2019-07-13 12:36:13,682 INFO  ratis.XceiverServerRatis (XceiverServerRatis.java:start(428)) - XceiverServerRatis 56352b6b-b30d-4a15-89c1-5f335cc44b98 is started using port 32996
2019-07-13 12:36:13,682 INFO  server.XceiverServerGrpc (XceiverServerGrpc.java:start(161)) - XceiverServerGrpc 56352b6b-b30d-4a15-89c1-5f335cc44b98 is started using port 35127
2019-07-13 12:36:13,822 INFO  ozoneimpl.OzoneContainer (OzoneContainer.java:start(186)) - Attempting to start container services.
2019-07-13 12:36:13,822 INFO  ozoneimpl.OzoneContainer (OzoneContainer.java:startContainerScrub(160)) - Background container scrubber has been disabled by hdds.containerscrub.enabled
2019-07-13 12:36:13,822 INFO  ratis.XceiverServerRatis (XceiverServerRatis.java:start(418)) - Starting XceiverServerRatis 7ea096ec-187a-4658-9315-7566fc9dcdad at port 0
2019-07-13 12:36:13,830 INFO  impl.RaftServerProxy (RaftServerProxy.java:lambda$start$3(299)) - 7ea096ec-187a-4658-9315-7566fc9dcdad: start RPC server
2019-07-13 12:36:13,833 INFO  server.GrpcService (GrpcService.java:startImpl(149)) - 7ea096ec-187a-4658-9315-7566fc9dcdad: GrpcService started, listening on 0.0.0.0/0.0.0.0:35252
2019-07-13 12:36:13,833 INFO  ratis.XceiverServerRatis (XceiverServerRatis.java:start(428)) - XceiverServerRatis 7ea096ec-187a-4658-9315-7566fc9dcdad is started using port 35252
2019-07-13 12:36:13,834 INFO  server.XceiverServerGrpc (XceiverServerGrpc.java:start(161)) - XceiverServerGrpc 7ea096ec-187a-4658-9315-7566fc9dcdad is started using port 41028
2019-07-13 12:36:13,985 INFO  ozoneimpl.OzoneContainer (OzoneContainer.java:start(186)) - Attempting to start container services.
2019-07-13 12:36:13,985 INFO  ozoneimpl.OzoneContainer (OzoneContainer.java:startContainerScrub(160)) - Background container scrubber has been disabled by hdds.containerscrub.enabled
2019-07-13 12:36:13,986 INFO  ratis.XceiverServerRatis (XceiverServerRatis.java:start(418)) - Starting XceiverServerRatis 8780d71a-b07f-48ff-bec3-5b2c8fd4a82e at port 0
2019-07-13 12:36:13,993 INFO  impl.RaftServerProxy (RaftServerProxy.java:lambda$start$3(299)) - 8780d71a-b07f-48ff-bec3-5b2c8fd4a82e: start RPC server
2019-07-13 12:36:13,996 INFO  server.GrpcService (GrpcService.java:startImpl(149)) - 8780d71a-b07f-48ff-bec3-5b2c8fd4a82e: GrpcService started, listening on 0.0.0.0/0.0.0.0:35443
2019-07-13 12:36:13,996 INFO  ratis.XceiverServerRatis (XceiverServerRatis.java:start(428)) - XceiverServerRatis 8780d71a-b07f-48ff-bec3-5b2c8fd4a82e is started using port 35443
2019-07-13 12:36:13,998 INFO  server.XceiverServerGrpc (XceiverServerGrpc.java:start(161)) - XceiverServerGrpc 8780d71a-b07f-48ff-bec3-5b2c8fd4a82e is started using port 41989
2019-07-13 12:36:14,160 INFO  ozoneimpl.OzoneContainer (OzoneContainer.java:start(186)) - Attempting to start container services.
2019-07-13 12:36:14,160 INFO  ozoneimpl.OzoneContainer (OzoneContainer.java:startContainerScrub(160)) - Background container scrubber has been disabled by hdds.containerscrub.enabled
2019-07-13 12:36:14,160 INFO  ratis.XceiverServerRatis (XceiverServerRatis.java:start(418)) - Starting XceiverServerRatis dcf6cdeb-9534-4169-b6cf-de2a17bac9af at port 0
2019-07-13 12:36:14,168 INFO  impl.RaftServerProxy (RaftServerProxy.java:lambda$start$3(299)) - dcf6cdeb-9534-4169-b6cf-de2a17bac9af: start RPC server
2019-07-13 12:36:14,179 INFO  server.GrpcService (GrpcService.java:startImpl(149)) - dcf6cdeb-9534-4169-b6cf-de2a17bac9af: GrpcService started, listening on 0.0.0.0/0.0.0.0:42103
2019-07-13 12:36:14,179 INFO  ratis.XceiverServerRatis (XceiverServerRatis.java:start(428)) - XceiverServerRatis dcf6cdeb-9534-4169-b6cf-de2a17bac9af is started using port 42103
2019-07-13 12:36:14,180 INFO  server.XceiverServerGrpc (XceiverServerGrpc.java:start(161)) - XceiverServerGrpc dcf6cdeb-9534-4169-b6cf-de2a17bac9af is started using port 43380
2019-07-13 12:36:14,311 INFO  ozone.MiniOzoneClusterImpl (MiniOzoneClusterImpl.java:lambda$waitForClusterToBeReady$0(142)) - Waiting for cluster to be ready. Got 0 of 7 DN Heartbeats.
2019-07-13 12:36:14,316 INFO  ozoneimpl.OzoneContainer (OzoneContainer.java:start(186)) - Attempting to start container services.
2019-07-13 12:36:14,317 INFO  ozoneimpl.OzoneContainer (OzoneContainer.java:startContainerScrub(160)) - Background container scrubber has been disabled by hdds.containerscrub.enabled
2019-07-13 12:36:14,317 INFO  ratis.XceiverServerRatis (XceiverServerRatis.java:start(418)) - Starting XceiverServerRatis a16f0559-7fda-4d56-abe1-07f8a6c2689a at port 0
2019-07-13 12:36:14,324 INFO  impl.RaftServerProxy (RaftServerProxy.java:lambda$start$3(299)) - a16f0559-7fda-4d56-abe1-07f8a6c2689a: start RPC server
2019-07-13 12:36:14,327 INFO  server.GrpcService (GrpcService.java:startImpl(149)) - a16f0559-7fda-4d56-abe1-07f8a6c2689a: GrpcService started, listening on 0.0.0.0/0.0.0.0:39462
2019-07-13 12:36:14,327 INFO  ratis.XceiverServerRatis (XceiverServerRatis.java:start(428)) - XceiverServerRatis a16f0559-7fda-4d56-abe1-07f8a6c2689a is started using port 39462
2019-07-13 12:36:14,330 INFO  server.XceiverServerGrpc (XceiverServerGrpc.java:start(161)) - XceiverServerGrpc a16f0559-7fda-4d56-abe1-07f8a6c2689a is started using port 41592
2019-07-13 12:36:15,311 INFO  ozone.MiniOzoneClusterImpl (MiniOzoneClusterImpl.java:lambda$waitForClusterToBeReady$0(142)) - Waiting for cluster to be ready. Got 0 of 7 DN Heartbeats.
2019-07-13 12:36:15,338 INFO  net.NetworkTopology (NetworkTopologyImpl.java:add(110)) - Added a new node: /default-rack/192.168.5.181
2019-07-13 12:36:15,338 INFO  node.SCMNodeManager (SCMNodeManager.java:register(269)) - Registered Data node : 28d1f63f-793c-40d0-b2c2-829f14fc8f4b{ip: 192.168.5.181, host: trunk-nightly-q2gwj-1111726333, networkLocation: /default-rack, certSerialId: null}
2019-07-13 12:36:15,341 INFO  safemode.SCMSafeModeManager (DataNodeSafeModeRule.java:process(71)) - SCM in safe mode. 1 DataNodes registered, 1 required.
2019-07-13 12:36:15,343 INFO  safemode.SCMSafeModeManager (SCMSafeModeManager.java:validateSafeModeExitRules(177)) - ScmSafeModeManager, all rules are successfully validated
2019-07-13 12:36:15,344 INFO  safemode.SCMSafeModeManager (SCMSafeModeManager.java:exitSafeMode(193)) - SCM exiting safe mode.
2019-07-13 12:36:15,360 INFO  impl.RaftServerProxy (RaftServerProxy.java:addNew(89)) - 28d1f63f-793c-40d0-b2c2-829f14fc8f4b: addNew group-49477A92626E:[28d1f63f-793c-40d0-b2c2-829f14fc8f4b:192.168.5.181:44532] returns group-49477A92626E:java.util.concurrent.CompletableFuture@6388713b[Not completed]
2019-07-13 12:36:15,362 INFO  impl.RaftServerImpl (RaftServerImpl.java:<init>(93)) - 28d1f63f-793c-40d0-b2c2-829f14fc8f4b: new RaftServerImpl for group-49477A92626E:[28d1f63f-793c-40d0-b2c2-829f14fc8f4b:192.168.5.181:44532] with ContainerStateMachine:uninitialized
2019-07-13 12:36:15,362 INFO  server.RaftServerConfigKeys (ConfUtils.java:logGet(43)) - raft.server.rpc.timeout.min = 5s (custom)
2019-07-13 12:36:15,362 INFO  server.RaftServerConfigKeys (ConfUtils.java:logGet(43)) - raft.server.rpc.timeout.max = 5200ms (custom)
2019-07-13 12:36:15,362 INFO  server.RaftServerConfigKeys (ConfUtils.java:logGet(43)) - raft.server.rpcslowness.timeout = 120s (custom)
2019-07-13 12:36:15,362 INFO  server.RaftServerConfigKeys (ConfUtils.java:logGet(43)) - raft.server.sleep.deviation.threshold = 300 (default)
2019-07-13 12:36:15,363 INFO  server.RaftServerConfigKeys (ConfUtils.java:logGet(43)) - raft.server.log.appender.install.snapshot.enabled = false (custom)
2019-07-13 12:36:15,363 INFO  impl.RaftServerImpl (ServerState.java:<init>(105)) - 28d1f63f-793c-40d0-b2c2-829f14fc8f4b:group-49477A92626E ConfigurationManager, init=-1: [28d1f63f-793c-40d0-b2c2-829f14fc8f4b:192.168.5.181:44532], old=null, confs=<EMPTY_MAP>
2019-07-13 12:36:15,363 INFO  server.RaftServerConfigKeys (ConfUtils.java:logGet(43)) - raft.server.storage.dir = [/tmp/workdir/hadoop-ozone/integration-test/target/test-dir/MiniOzoneClusterImpl-9c8493bd-b58e-4f6f-9e4b-1c94a5b4a348/datanode-0/data/ratis] (custom)
2019-07-13 12:36:15,363 INFO  storage.RaftStorageDirectory (RaftStorageDirectory.java:analyzeStorage(246)) - The storage directory /tmp/workdir/hadoop-ozone/integration-test/target/test-dir/MiniOzoneClusterImpl-9c8493bd-b58e-4f6f-9e4b-1c94a5b4a348/datanode-0/data/ratis/31c132d8-8364-4a97-bf85-49477a92626e does not exist. Creating ...
2019-07-13 12:36:15,376 INFO  storage.RaftStorageDirectory (RaftStorageDirectory.java:tryLock(328)) - Lock on /tmp/workdir/hadoop-ozone/integration-test/target/test-dir/MiniOzoneClusterImpl-9c8493bd-b58e-4f6f-9e4b-1c94a5b4a348/datanode-0/data/ratis/31c132d8-8364-4a97-bf85-49477a92626e/in_use.lock acquired by nodename 32027@trunk-nightly-q2gwj-1111726333
2019-07-13 12:36:15,389 INFO  storage.RaftStorage (RaftStorage.java:format(72)) - Storage directory /tmp/workdir/hadoop-ozone/integration-test/target/test-dir/MiniOzoneClusterImpl-9c8493bd-b58e-4f6f-9e4b-1c94a5b4a348/datanode-0/data/ratis/31c132d8-8364-4a97-bf85-49477a92626e has been successfully formatted.
2019-07-13 12:36:15,390 INFO  ratis.ContainerStateMachine (ContainerStateMachine.java:loadSnapshot(200)) - The snapshot info is null.Setting the last applied index to:(t:0, i:~)
2019-07-13 12:36:15,390 INFO  server.RaftServerConfigKeys (ConfUtils.java:logGet(43)) - raft.server.leader.election.timeout = 120s (custom)
2019-07-13 12:36:15,390 INFO  server.RaftServerConfigKeys (ConfUtils.java:logGet(43)) - raft.server.log.use.memory = false (default)
2019-07-13 12:36:15,390 INFO  server.RaftServerConfigKeys (ConfUtils.java:logGet(43)) - raft.server.log.purge.gap = 1000000000 (custom)
2019-07-13 12:36:15,390 INFO  server.RaftServerConfigKeys (ConfUtils.java:logGet(43)) - raft.server.log.appender.buffer.byte-limit = 33554432 (custom)
2019-07-13 12:36:15,390 INFO  server.RaftServerConfigKeys (ConfUtils.java:logGet(43)) - raft.server.log.segment.size.max = 1048576 (custom)
2019-07-13 12:36:15,391 INFO  server.RaftServerConfigKeys (ConfUtils.java:logGet(43)) - raft.server.log.segment.cache.num.max = 2 (custom)
2019-07-13 12:36:15,391 INFO  segmented.SegmentedRaftLogWorker (SegmentedRaftLogWorker.java:<init>(172)) - new 28d1f63f-793c-40d0-b2c2-829f14fc8f4b-SegmentedRaftLogWorker:Storage Directory /tmp/workdir/hadoop-ozone/integration-test/target/test-dir/MiniOzoneClusterImpl-9c8493bd-b58e-4f6f-9e4b-1c94a5b4a348/datanode-0/data/ratis/31c132d8-8364-4a97-bf85-49477a92626e for RaftStorage:Storage Directory /tmp/workdir/hadoop-ozone/integration-test/target/test-dir/MiniOzoneClusterImpl-9c8493bd-b58e-4f6f-9e4b-1c94a5b4a348/datanode-0/data/ratis/31c132d8-8364-4a97-bf85-49477a92626e
2019-07-13 12:36:15,391 INFO  server.RaftServerConfigKeys (ConfUtils.java:logGet(43)) - raft.server.log.queue.byte-limit = 2147483647 (custom)
2019-07-13 12:36:15,391 INFO  server.RaftServerConfigKeys (ConfUtils.java:logGet(43)) - raft.server.log.queue.element-limit = 1024 (custom)
2019-07-13 12:36:15,391 INFO  server.RaftServerConfigKeys (ConfUtils.java:logGet(43)) - raft.server.log.segment.size.max = 1048576 (custom)
2019-07-13 12:36:15,392 INFO  server.RaftServerConfigKeys (ConfUtils.java:logGet(43)) - raft.server.log.preallocated.size = 16384 (custom)
2019-07-13 12:36:15,392 INFO  server.RaftServerConfigKeys (ConfUtils.java:logGet(43)) - raft.server.log.write.buffer.size = 33554432 (custom)
2019-07-13 12:36:15,392 INFO  server.RaftServerConfigKeys (ConfUtils.java:logGet(43)) - raft.server.log.force.sync.num = 128 (default)
2019-07-13 12:36:15,392 INFO  server.RaftServerConfigKeys (ConfUtils.java:logGet(43)) - raft.server.log.statemachine.data.sync = true (default)
2019-07-13 12:36:15,392 INFO  server.RaftServerConfigKeys (ConfUtils.java:logGet(43)) - raft.server.log.statemachine.data.sync.timeout = 10s (default)
2019-07-13 12:36:15,392 INFO  server.RaftServerConfigKeys (ConfUtils.java:logGet(43)) - raft.server.log.statemachine.data.sync.timeout.retry = -1 (default)
2019-07-13 12:36:15,393 INFO  server.RaftServerConfigKeys (ConfUtils.java:logGet(43)) - raft.server.log.statemachine.data.caching.enabled = true (custom)
2019-07-13 12:36:15,393 INFO  segmented.SegmentedRaftLogWorker (SegmentedRaftLogWorker.java:lambda$new$0(132)) - 28d1f63f-793c-40d0-b2c2-829f14fc8f4b-SegmentedRaftLogWorker:Storage Directory /tmp/workdir/hadoop-ozone/integration-test/target/test-dir/MiniOzoneClusterImpl-9c8493bd-b58e-4f6f-9e4b-1c94a5b4a348/datanode-0/data/ratis/31c132d8-8364-4a97-bf85-49477a92626e: flushIndex: setUnconditionally 0 -> -1
2019-07-13 12:36:15,393 INFO  server.RaftServerConfigKeys (ConfUtils.java:logGet(43)) - raft.server.snapshot.auto.trigger.enabled = true (custom)
2019-07-13 12:36:15,394 INFO  server.RaftServerConfigKeys (ConfUtils.java:logGet(43)) - raft.server.snapshot.auto.trigger.threshold = 10000 (custom)
2019-07-13 12:36:15,394 INFO  server.RaftServerConfigKeys (ConfUtils.java:logGet(43)) - raft.server.retrycache.expirytime = 600000ms (custom)
2019-07-13 12:36:15,394 INFO  impl.RaftServerImpl (RaftServerImpl.java:start(180)) - 28d1f63f-793c-40d0-b2c2-829f14fc8f4b: start group-49477A92626E
2019-07-13 12:36:15,394 INFO  impl.RaftServerImpl (RaftServerImpl.java:setRole(171)) - 28d1f63f-793c-40d0-b2c2-829f14fc8f4b:group-49477A92626E changes role from null to FOLLOWER at term 0 for startAsFollower
2019-07-13 12:36:15,394 INFO  impl.RoleInfo (RoleInfo.java:updateAndGet(143)) - 28d1f63f-793c-40d0-b2c2-829f14fc8f4b: start FollowerState
2019-07-13 12:36:15,395 INFO  util.JmxRegister (JmxRegister.java:tryRegister(44)) - Successfully registered JMX Bean with object name Ratis:service=RaftServer,group=group-49477A92626E,id=28d1f63f-793c-40d0-b2c2-829f14fc8f4b
2019-07-13 12:36:15,400 INFO  pipeline.PipelineStateManager (PipelineStateManager.java:addPipeline(56)) - Created pipeline Pipeline[ Id: 31c132d8-8364-4a97-bf85-49477a92626e, Nodes: 28d1f63f-793c-40d0-b2c2-829f14fc8f4b{ip: 192.168.5.181, host: trunk-nightly-q2gwj-1111726333, networkLocation: /default-rack, certSerialId: null}, Type:RATIS, Factor:ONE, State:OPEN]
2019-07-13 12:36:15,492 INFO  node.SCMNodeManager (SCMNodeManager.java:register(269)) - Registered Data node : d4d5bab2-2d37-46de-accb-fdb690dfcc1e{ip: 192.168.5.181, host: trunk-nightly-q2gwj-1111726333, networkLocation: /default-rack, certSerialId: null}
2019-07-13 12:36:15,499 INFO  impl.RaftServerProxy (RaftServerProxy.java:addNew(89)) - d4d5bab2-2d37-46de-accb-fdb690dfcc1e: addNew group-0D3AA973DA0D:[d4d5bab2-2d37-46de-accb-fdb690dfcc1e:192.168.5.181:41054] returns group-0D3AA973DA0D:java.util.concurrent.CompletableFuture@77873466[Not completed]
2019-07-13 12:36:15,500 INFO  impl.RaftServerImpl (RaftServerImpl.java:<init>(93)) - d4d5bab2-2d37-46de-accb-fdb690dfcc1e: new RaftServerImpl for group-0D3AA973DA0D:[d4d5bab2-2d37-46de-accb-fdb690dfcc1e:192.168.5.181:41054] with ContainerStateMachine:uninitialized
2019-07-13 12:36:15,501 INFO  server.RaftServerConfigKeys (ConfUtils.java:logGet(43)) - raft.server.rpc.timeout.min = 5s (custom)
2019-07-13 12:36:15,501 INFO  server.RaftServerConfigKeys (ConfUtils.java:logGet(43)) - raft.server.rpc.timeout.max = 5200ms (custom)
2019-07-13 12:36:15,501 INFO  server.RaftServerConfigKeys (ConfUtils.java:logGet(43)) - raft.server.rpcslowness.timeout = 120s (custom)
2019-07-13 12:36:15,501 INFO  server.RaftServerConfigKeys (ConfUtils.java:logGet(43)) - raft.server.sleep.deviation.threshold = 300 (default)
2019-07-13 12:36:15,501 INFO  server.RaftServerConfigKeys (ConfUtils.java:logGet(43)) - raft.server.log.appender.install.snapshot.enabled = false (custom)
2019-07-13 12:36:15,502 INFO  impl.RaftServerImpl (ServerState.java:<init>(105)) - d4d5bab2-2d37-46de-accb-fdb690dfcc1e:group-0D3AA973DA0D ConfigurationManager, init=-1: [d4d5bab2-2d37-46de-accb-fdb690dfcc1e:192.168.5.181:41054], old=null, confs=<EMPTY_MAP>
2019-07-13 12:36:15,502 INFO  server.RaftServerConfigKeys (ConfUtils.java:logGet(43)) - raft.server.storage.dir = [/tmp/workdir/hadoop-ozone/integration-test/target/test-dir/MiniOzoneClusterImpl-9c8493bd-b58e-4f6f-9e4b-1c94a5b4a348/datanode-1/data/ratis] (custom)
2019-07-13 12:36:15,502 INFO  storage.RaftStorageDirectory (RaftStorageDirectory.java:analyzeStorage(246)) - The storage directory /tmp/workdir/hadoop-ozone/integration-test/target/test-dir/MiniOzoneClusterImpl-9c8493bd-b58e-4f6f-9e4b-1c94a5b4a348/datanode-1/data/ratis/f09ea613-11dc-4780-88c9-0d3aa973da0d does not exist. Creating ...
2019-07-13 12:36:15,515 INFO  storage.RaftStorageDirectory (RaftStorageDirectory.java:tryLock(328)) - Lock on /tmp/workdir/hadoop-ozone/integration-test/target/test-dir/MiniOzoneClusterImpl-9c8493bd-b58e-4f6f-9e4b-1c94a5b4a348/datanode-1/data/ratis/f09ea613-11dc-4780-88c9-0d3aa973da0d/in_use.lock acquired by nodename 32027@trunk-nightly-q2gwj-1111726333
2019-07-13 12:36:15,527 INFO  storage.RaftStorage (RaftStorage.java:format(72)) - Storage directory /tmp/workdir/hadoop-ozone/integration-test/target/test-dir/MiniOzoneClusterImpl-9c8493bd-b58e-4f6f-9e4b-1c94a5b4a348/datanode-1/data/ratis/f09ea613-11dc-4780-88c9-0d3aa973da0d has been successfully formatted.
2019-07-13 12:36:15,527 INFO  ratis.ContainerStateMachine (ContainerStateMachine.java:loadSnapshot(200)) - The snapshot info is null.Setting the last applied index to:(t:0, i:~)
2019-07-13 12:36:15,528 INFO  server.RaftServerConfigKeys (ConfUtils.java:logGet(43)) - raft.server.leader.election.timeout = 120s (custom)
2019-07-13 12:36:15,528 INFO  server.RaftServerConfigKeys (ConfUtils.java:logGet(43)) - raft.server.log.use.memory = false (default)
2019-07-13 12:36:15,528 INFO  server.RaftServerConfigKeys (ConfUtils.java:logGet(43)) - raft.server.log.purge.gap = 1000000000 (custom)
2019-07-13 12:36:15,528 INFO  server.RaftServerConfigKeys (ConfUtils.java:logGet(43)) - raft.server.log.appender.buffer.byte-limit = 33554432 (custom)
2019-07-13 12:36:15,528 INFO  server.RaftServerConfigKeys (ConfUtils.java:logGet(43)) - raft.server.log.segment.size.max = 1048576 (custom)
2019-07-13 12:36:15,528 INFO  server.RaftServerConfigKeys (ConfUtils.java:logGet(43)) - raft.server.log.segment.cache.num.max = 2 (custom)
2019-07-13 12:36:15,528 INFO  segmented.SegmentedRaftLogWorker (SegmentedRaftLogWorker.java:<init>(172)) - new d4d5bab2-2d37-46de-accb-fdb690dfcc1e-SegmentedRaftLogWorker:Storage Directory /tmp/workdir/hadoop-ozone/integration-test/target/test-dir/MiniOzoneClusterImpl-9c8493bd-b58e-4f6f-9e4b-1c94a5b4a348/datanode-1/data/ratis/f09ea613-11dc-4780-88c9-0d3aa973da0d for RaftStorage:Storage Directory /tmp/workdir/hadoop-ozone/integration-test/target/test-dir/MiniOzoneClusterImpl-9c8493bd-b58e-4f6f-9e4b-1c94a5b4a348/datanode-1/data/ratis/f09ea613-11dc-4780-88c9-0d3aa973da0d
2019-07-13 12:36:15,529 INFO  server.RaftServerConfigKeys (ConfUtils.java:logGet(43)) - raft.server.log.queue.byte-limit = 2147483647 (custom)
2019-07-13 12:36:15,529 INFO  server.RaftServerConfigKeys (ConfUtils.java:logGet(43)) - raft.server.log.queue.element-limit = 1024 (custom)
2019-07-13 12:36:15,529 INFO  server.RaftServerConfigKeys (ConfUtils.java:logGet(43)) - raft.server.log.segment.size.max = 1048576 (custom)
2019-07-13 12:36:15,529 INFO  server.RaftServerConfigKeys (ConfUtils.java:logGet(43)) - raft.server.log.preallocated.size = 16384 (custom)
2019-07-13 12:36:15,529 INFO  server.RaftServerConfigKeys (ConfUtils.java:logGet(43)) - raft.server.log.write.buffer.size = 33554432 (custom)
2019-07-13 12:36:15,529 INFO  server.RaftServerConfigKeys (ConfUtils.java:logGet(43)) - raft.server.log.force.sync.num = 128 (default)
2019-07-13 12:36:15,530 INFO  server.RaftServerConfigKeys (ConfUtils.java:logGet(43)) - raft.server.log.statemachine.data.sync = true (default)
2019-07-13 12:36:15,530 INFO  server.RaftServerConfigKeys (ConfUtils.java:logGet(43)) - raft.server.log.statemachine.data.sync.timeout = 10s (default)
2019-07-13 12:36:15,530 INFO  server.RaftServerConfigKeys (ConfUtils.java:logGet(43)) - raft.server.log.statemachine.data.sync.timeout.retry = -1 (default)
2019-07-13 12:36:15,530 INFO  server.RaftServerConfigKeys (ConfUtils.java:logGet(43)) - raft.server.log.statemachine.data.caching.enabled = true (custom)
2019-07-13 12:36:15,530 INFO  segmented.SegmentedRaftLogWorker (SegmentedRaftLogWorker.java:lambda$new$0(132)) - d4d5bab2-2d37-46de-accb-fdb690dfcc1e-SegmentedRaftLogWorker:Storage Directory /tmp/workdir/hadoop-ozone/integration-test/target/test-dir/MiniOzoneClusterImpl-9c8493bd-b58e-4f6f-9e4b-1c94a5b4a348/datanode-1/data/ratis/f09ea613-11dc-4780-88c9-0d3aa973da0d: flushIndex: setUnconditionally 0 -> -1
2019-07-13 12:36:15,531 INFO  server.RaftServerConfigKeys (ConfUtils.java:logGet(43)) - raft.server.snapshot.auto.trigger.enabled = true (custom)
2019-07-13 12:36:15,531 INFO  server.RaftServerConfigKeys (ConfUtils.java:logGet(43)) - raft.server.snapshot.auto.trigger.threshold = 10000 (custom)
2019-07-13 12:36:15,531 INFO  server.RaftServerConfigKeys (ConfUtils.java:logGet(43)) - raft.server.retrycache.expirytime = 600000ms (custom)
2019-07-13 12:36:15,531 INFO  impl.RaftServerImpl (RaftServerImpl.java:start(180)) - d4d5bab2-2d37-46de-accb-fdb690dfcc1e: start group-0D3AA973DA0D
2019-07-13 12:36:15,531 INFO  impl.RaftServerImpl (RaftServerImpl.java:setRole(171)) - d4d5bab2-2d37-46de-accb-fdb690dfcc1e:group-0D3AA973DA0D changes role from null to FOLLOWER at term 0 for startAsFollower
2019-07-13 12:36:15,532 INFO  impl.RoleInfo (RoleInfo.java:updateAndGet(143)) - d4d5bab2-2d37-46de-accb-fdb690dfcc1e: start FollowerState
2019-07-13 12:36:15,532 INFO  util.JmxRegister (JmxRegister.java:tryRegister(44)) - Successfully registered JMX Bean with object name Ratis:service=RaftServer,group=group-0D3AA973DA0D,id=d4d5bab2-2d37-46de-accb-fdb690dfcc1e
2019-07-13 12:36:15,536 INFO  pipeline.PipelineStateManager (PipelineStateManager.java:addPipeline(56)) - Created pipeline Pipeline[ Id: f09ea613-11dc-4780-88c9-0d3aa973da0d, Nodes: d4d5bab2-2d37-46de-accb-fdb690dfcc1e{ip: 192.168.5.181, host: trunk-nightly-q2gwj-1111726333, networkLocation: /default-rack, certSerialId: null}, Type:RATIS, Factor:ONE, State:OPEN]
2019-07-13 12:36:15,654 INFO  node.SCMNodeManager (SCMNodeManager.java:register(269)) - Registered Data node : 56352b6b-b30d-4a15-89c1-5f335cc44b98{ip: 192.168.5.181, host: trunk-nightly-q2gwj-1111726333, networkLocation: /default-rack, certSerialId: null}
2019-07-13 12:36:15,662 INFO  impl.RaftServerProxy (RaftServerProxy.java:addNew(89)) - 56352b6b-b30d-4a15-89c1-5f335cc44b98: addNew group-7A13520881B5:[56352b6b-b30d-4a15-89c1-5f335cc44b98:192.168.5.181:32996] returns group-7A13520881B5:java.util.concurrent.CompletableFuture@4c3877cf[Not completed]
2019-07-13 12:36:15,663 INFO  impl.RaftServerImpl (RaftServerImpl.java:<init>(93)) - 56352b6b-b30d-4a15-89c1-5f335cc44b98: new RaftServerImpl for group-7A13520881B5:[56352b6b-b30d-4a15-89c1-5f335cc44b98:192.168.5.181:32996] with ContainerStateMachine:uninitialized
2019-07-13 12:36:15,663 INFO  server.RaftServerConfigKeys (ConfUtils.java:logGet(43)) - raft.server.rpc.timeout.min = 5s (custom)
2019-07-13 12:36:15,663 INFO  server.RaftServerConfigKeys (ConfUtils.java:logGet(43)) - raft.server.rpc.timeout.max = 5200ms (custom)
2019-07-13 12:36:15,663 INFO  server.RaftServerConfigKeys (ConfUtils.java:logGet(43)) - raft.server.rpcslowness.timeout = 120s (custom)
2019-07-13 12:36:15,663 INFO  server.RaftServerConfigKeys (ConfUtils.java:logGet(43)) - raft.server.sleep.deviation.threshold = 300 (default)
2019-07-13 12:36:15,664 INFO  server.RaftServerConfigKeys (ConfUtils.java:logGet(43)) - raft.server.log.appender.install.snapshot.enabled = false (custom)
2019-07-13 12:36:15,664 INFO  impl.RaftServerImpl (ServerState.java:<init>(105)) - 56352b6b-b30d-4a15-89c1-5f335cc44b98:group-7A13520881B5 ConfigurationManager, init=-1: [56352b6b-b30d-4a15-89c1-5f335cc44b98:192.168.5.181:32996], old=null, confs=<EMPTY_MAP>
2019-07-13 12:36:15,664 INFO  server.RaftServerConfigKeys (ConfUtils.java:logGet(43)) - raft.server.storage.dir = [/tmp/workdir/hadoop-ozone/integration-test/target/test-dir/MiniOzoneClusterImpl-9c8493bd-b58e-4f6f-9e4b-1c94a5b4a348/datanode-2/data/ratis] (custom)
2019-07-13 12:36:15,664 INFO  storage.RaftStorageDirectory (RaftStorageDirectory.java:analyzeStorage(246)) - The storage directory /tmp/workdir/hadoop-ozone/integration-test/target/test-dir/MiniOzoneClusterImpl-9c8493bd-b58e-4f6f-9e4b-1c94a5b4a348/datanode-2/data/ratis/3d4c7763-fb99-40b2-91af-7a13520881b5 does not exist. Creating ...
2019-07-13 12:36:15,672 INFO  storage.RaftStorageDirectory (RaftStorageDirectory.java:tryLock(328)) - Lock on /tmp/workdir/hadoop-ozone/integration-test/target/test-dir/MiniOzoneClusterImpl-9c8493bd-b58e-4f6f-9e4b-1c94a5b4a348/datanode-2/data/ratis/3d4c7763-fb99-40b2-91af-7a13520881b5/in_use.lock acquired by nodename 32027@trunk-nightly-q2gwj-1111726333
2019-07-13 12:36:15,675 INFO  storage.RaftStorage (RaftStorage.java:format(72)) - Storage directory /tmp/workdir/hadoop-ozone/integration-test/target/test-dir/MiniOzoneClusterImpl-9c8493bd-b58e-4f6f-9e4b-1c94a5b4a348/datanode-2/data/ratis/3d4c7763-fb99-40b2-91af-7a13520881b5 has been successfully formatted.
2019-07-13 12:36:15,675 INFO  ratis.ContainerStateMachine (ContainerStateMachine.java:loadSnapshot(200)) - The snapshot info is null.Setting the last applied index to:(t:0, i:~)
2019-07-13 12:36:15,675 INFO  server.RaftServerConfigKeys (ConfUtils.java:logGet(43)) - raft.server.leader.election.timeout = 120s (custom)
2019-07-13 12:36:15,675 INFO  server.RaftServerConfigKeys (ConfUtils.java:logGet(43)) - raft.server.log.use.memory = false (default)
2019-07-13 12:36:15,676 INFO  server.RaftServerConfigKeys (ConfUtils.java:logGet(43)) - raft.server.log.purge.gap = 1000000000 (custom)
2019-07-13 12:36:15,676 INFO  server.RaftServerConfigKeys (ConfUtils.java:logGet(43)) - raft.server.log.appender.buffer.byte-limit = 33554432 (custom)
2019-07-13 12:36:15,676 INFO  server.RaftServerConfigKeys (ConfUtils.java:logGet(43)) - raft.server.log.segment.size.max = 1048576 (custom)
2019-07-13 12:36:15,676 INFO  server.RaftServerConfigKeys (ConfUtils.java:logGet(43)) - raft.server.log.segment.cache.num.max = 2 (custom)
2019-07-13 12:36:15,676 INFO  segmented.SegmentedRaftLogWorker (SegmentedRaftLogWorker.java:<init>(172)) - new 56352b6b-b30d-4a15-89c1-5f335cc44b98-SegmentedRaftLogWorker:Storage Directory /tmp/workdir/hadoop-ozone/integration-test/target/test-dir/MiniOzoneClusterImpl-9c8493bd-b58e-4f6f-9e4b-1c94a5b4a348/datanode-2/data/ratis/3d4c7763-fb99-40b2-91af-7a13520881b5 for RaftStorage:Storage Directory /tmp/workdir/hadoop-ozone/integration-test/target/test-dir/MiniOzoneClusterImpl-9c8493bd-b58e-4f6f-9e4b-1c94a5b4a348/datanode-2/data/ratis/3d4c7763-fb99-40b2-91af-7a13520881b5
2019-07-13 12:36:15,676 INFO  server.RaftServerConfigKeys (ConfUtils.java:logGet(43)) - raft.server.log.queue.byte-limit = 2147483647 (custom)
2019-07-13 12:36:15,677 INFO  server.RaftServerConfigKeys (ConfUtils.java:logGet(43)) - raft.server.log.queue.element-limit = 1024 (custom)
2019-07-13 12:36:15,677 INFO  server.RaftServerConfigKeys (ConfUtils.java:logGet(43)) - raft.server.log.segment.size.max = 1048576 (custom)
2019-07-13 12:36:15,677 INFO  server.RaftServerConfigKeys (ConfUtils.java:logGet(43)) - raft.server.log.preallocated.size = 16384 (custom)
2019-07-13 12:36:15,677 INFO  server.RaftServerConfigKeys (ConfUtils.java:logGet(43)) - raft.server.log.write.buffer.size = 33554432 (custom)
2019-07-13 12:36:15,677 INFO  server.RaftServerConfigKeys (ConfUtils.java:logGet(43)) - raft.server.log.force.sync.num = 128 (default)
2019-07-13 12:36:15,677 INFO  server.RaftServerConfigKeys (ConfUtils.java:logGet(43)) - raft.server.log.statemachine.data.sync = true (default)
2019-07-13 12:36:15,678 INFO  server.RaftServerConfigKeys (ConfUtils.java:logGet(43)) - raft.server.log.statemachine.data.sync.timeout = 10s (default)
2019-07-13 12:36:15,678 INFO  server.RaftServerConfigKeys (ConfUtils.java:logGet(43)) - raft.server.log.statemachine.data.sync.timeout.retry = -1 (default)
2019-07-13 12:36:15,678 INFO  server.RaftServerConfigKeys (ConfUtils.java:logGet(43)) - raft.server.log.statemachine.data.caching.enabled = true (custom)
2019-07-13 12:36:15,678 INFO  segmented.SegmentedRaftLogWorker (SegmentedRaftLogWorker.java:lambda$new$0(132)) - 56352b6b-b30d-4a15-89c1-5f335cc44b98-SegmentedRaftLogWorker:Storage Directory /tmp/workdir/hadoop-ozone/integration-test/target/test-dir/MiniOzoneClusterImpl-9c8493bd-b58e-4f6f-9e4b-1c94a5b4a348/datanode-2/data/ratis/3d4c7763-fb99-40b2-91af-7a13520881b5: flushIndex: setUnconditionally 0 -> -1
2019-07-13 12:36:15,679 INFO  server.RaftServerConfigKeys (ConfUtils.java:logGet(43)) - raft.server.snapshot.auto.trigger.enabled = true (custom)
2019-07-13 12:36:15,679 INFO  server.RaftServerConfigKeys (ConfUtils.java:logGet(43)) - raft.server.snapshot.auto.trigger.threshold = 10000 (custom)
2019-07-13 12:36:15,679 INFO  server.RaftServerConfigKeys (ConfUtils.java:logGet(43)) - raft.server.retrycache.expirytime = 600000ms (custom)
2019-07-13 12:36:15,679 INFO  impl.RaftServerImpl (RaftServerImpl.java:start(180)) - 56352b6b-b30d-4a15-89c1-5f335cc44b98: start group-7A13520881B5
2019-07-13 12:36:15,679 INFO  impl.RaftServerImpl (RaftServerImpl.java:setRole(171)) - 56352b6b-b30d-4a15-89c1-5f335cc44b98:group-7A13520881B5 changes role from null to FOLLOWER at term 0 for startAsFollower
2019-07-13 12:36:15,680 INFO  impl.RoleInfo (RoleInfo.java:updateAndGet(143)) - 56352b6b-b30d-4a15-89c1-5f335cc44b98: start FollowerState
2019-07-13 12:36:15,680 INFO  util.JmxRegister (JmxRegister.java:tryRegister(44)) - Successfully registered JMX Bean with object name Ratis:service=RaftServer,group=group-7A13520881B5,id=56352b6b-b30d-4a15-89c1-5f335cc44b98
2019-07-13 12:36:15,684 INFO  pipeline.PipelineStateManager (PipelineStateManager.java:addPipeline(56)) - Created pipeline Pipeline[ Id: 3d4c7763-fb99-40b2-91af-7a13520881b5, Nodes: 56352b6b-b30d-4a15-89c1-5f335cc44b98{ip: 192.168.5.181, host: trunk-nightly-q2gwj-1111726333, networkLocation: /default-rack, certSerialId: null}, Type:RATIS, Factor:ONE, State:OPEN]
2019-07-13 12:36:15,695 INFO  impl.RaftServerProxy (RaftServerProxy.java:addNew(89)) - d4d5bab2-2d37-46de-accb-fdb690dfcc1e: addNew group-0CA3679EDF30:[28d1f63f-793c-40d0-b2c2-829f14fc8f4b:192.168.5.181:44532, d4d5bab2-2d37-46de-accb-fdb690dfcc1e:192.168.5.181:41054, 56352b6b-b30d-4a15-89c1-5f335cc44b98:192.168.5.181:32996] returns group-0CA3679EDF30:java.util.concurrent.CompletableFuture@61075ad6[Not completed]
2019-07-13 12:36:15,695 INFO  impl.RaftServerProxy (RaftServerProxy.java:addNew(89)) - 56352b6b-b30d-4a15-89c1-5f335cc44b98: addNew group-0CA3679EDF30:[28d1f63f-793c-40d0-b2c2-829f14fc8f4b:192.168.5.181:44532, d4d5bab2-2d37-46de-accb-fdb690dfcc1e:192.168.5.181:41054, 56352b6b-b30d-4a15-89c1-5f335cc44b98:192.168.5.181:32996] returns group-0CA3679EDF30:java.util.concurrent.CompletableFuture@7ef16926[Not completed]
2019-07-13 12:36:15,695 INFO  impl.RaftServerProxy (RaftServerProxy.java:addNew(89)) - 28d1f63f-793c-40d0-b2c2-829f14fc8f4b: addNew group-0CA3679EDF30:[28d1f63f-793c-40d0-b2c2-829f14fc8f4b:192.168.5.181:44532, d4d5bab2-2d37-46de-accb-fdb690dfcc1e:192.168.5.181:41054, 56352b6b-b30d-4a15-89c1-5f335cc44b98:192.168.5.181:32996] returns group-0CA3679EDF30:java.util.concurrent.CompletableFuture@49a3b8cc[Not completed]
2019-07-13 12:36:15,696 INFO  impl.RaftServerImpl (RaftServerImpl.java:<init>(93)) - 56352b6b-b30d-4a15-89c1-5f335cc44b98: new RaftServerImpl for group-0CA3679EDF30:[28d1f63f-793c-40d0-b2c2-829f14fc8f4b:192.168.5.181:44532, d4d5bab2-2d37-46de-accb-fdb690dfcc1e:192.168.5.181:41054, 56352b6b-b30d-4a15-89c1-5f335cc44b98:192.168.5.181:32996] with ContainerStateMachine:uninitialized
2019-07-13 12:36:15,696 INFO  server.RaftServerConfigKeys (ConfUtils.java:logGet(43)) - raft.server.rpc.timeout.min = 5s (custom)
2019-07-13 12:36:15,696 INFO  server.RaftServerConfigKeys (ConfUtils.java:logGet(43)) - raft.server.rpc.timeout.max = 5200ms (custom)
2019-07-13 12:36:15,696 INFO  server.RaftServerConfigKeys (ConfUtils.java:logGet(43)) - raft.server.rpcslowness.timeout = 120s (custom)
2019-07-13 12:36:15,696 INFO  impl.RaftServerImpl (RaftServerImpl.java:<init>(93)) - d4d5bab2-2d37-46de-accb-fdb690dfcc1e: new RaftServerImpl for group-0CA3679EDF30:[28d1f63f-793c-40d0-b2c2-829f14fc8f4b:192.168.5.181:44532, d4d5bab2-2d37-46de-accb-fdb690dfcc1e:192.168.5.181:41054, 56352b6b-b30d-4a15-89c1-5f335cc44b98:192.168.5.181:32996] with ContainerStateMachine:uninitialized
2019-07-13 12:36:15,697 INFO  server.RaftServerConfigKeys (ConfUtils.java:logGet(43)) - raft.server.sleep.deviation.threshold = 300 (default)
2019-07-13 12:36:15,697 INFO  server.RaftServerConfigKeys (ConfUtils.java:logGet(43)) - raft.server.rpc.timeout.min = 5s (custom)
2019-07-13 12:36:15,697 INFO  impl.RaftServerImpl (RaftServerImpl.java:<init>(93)) - 28d1f63f-793c-40d0-b2c2-829f14fc8f4b: new RaftServerImpl for group-0CA3679EDF30:[28d1f63f-793c-40d0-b2c2-829f14fc8f4b:192.168.5.181:44532, d4d5bab2-2d37-46de-accb-fdb690dfcc1e:192.168.5.181:41054, 56352b6b-b30d-4a15-89c1-5f335cc44b98:192.168.5.181:32996] with ContainerStateMachine:uninitialized
2019-07-13 12:36:15,697 INFO  server.RaftServerConfigKeys (ConfUtils.java:logGet(43)) - raft.server.log.appender.install.snapshot.enabled = false (custom)
2019-07-13 12:36:15,697 INFO  server.RaftServerConfigKeys (ConfUtils.java:logGet(43)) - raft.server.rpc.timeout.min = 5s (custom)
2019-07-13 12:36:15,697 INFO  server.RaftServerConfigKeys (ConfUtils.java:logGet(43)) - raft.server.rpc.timeout.max = 5200ms (custom)
2019-07-13 12:36:15,697 INFO  server.RaftServerConfigKeys (ConfUtils.java:logGet(43)) - raft.server.rpc.timeout.max = 5200ms (custom)
2019-07-13 12:36:15,698 INFO  server.RaftServerConfigKeys (ConfUtils.java:logGet(43)) - raft.server.rpcslowness.timeout = 120s (custom)
2019-07-13 12:36:15,697 INFO  impl.RaftServerImpl (ServerState.java:<init>(105)) - 56352b6b-b30d-4a15-89c1-5f335cc44b98:group-0CA3679EDF30 ConfigurationManager, init=-1: [28d1f63f-793c-40d0-b2c2-829f14fc8f4b:192.168.5.181:44532, d4d5bab2-2d37-46de-accb-fdb690dfcc1e:192.168.5.181:41054, 56352b6b-b30d-4a15-89c1-5f335cc44b98:192.168.5.181:32996], old=null, confs=<EMPTY_MAP>
2019-07-13 12:36:15,698 INFO  server.RaftServerConfigKeys (ConfUtils.java:logGet(43)) - raft.server.sleep.deviation.threshold = 300 (default)
2019-07-13 12:36:15,698 INFO  server.RaftServerConfigKeys (ConfUtils.java:logGet(43)) - raft.server.rpcslowness.timeout = 120s (custom)
2019-07-13 12:36:15,698 INFO  server.RaftServerConfigKeys (ConfUtils.java:logGet(43)) - raft.server.log.appender.install.snapshot.enabled = false (custom)
2019-07-13 12:36:15,698 INFO  server.RaftServerConfigKeys (ConfUtils.java:logGet(43)) - raft.server.storage.dir = [/tmp/workdir/hadoop-ozone/integration-test/target/test-dir/MiniOzoneClusterImpl-9c8493bd-b58e-4f6f-9e4b-1c94a5b4a348/datanode-2/data/ratis] (custom)
2019-07-13 12:36:15,698 INFO  impl.RaftServerImpl (ServerState.java:<init>(105)) - 28d1f63f-793c-40d0-b2c2-829f14fc8f4b:group-0CA3679EDF30 ConfigurationManager, init=-1: [28d1f63f-793c-40d0-b2c2-829f14fc8f4b:192.168.5.181:44532, d4d5bab2-2d37-46de-accb-fdb690dfcc1e:192.168.5.181:41054, 56352b6b-b30d-4a15-89c1-5f335cc44b98:192.168.5.181:32996], old=null, confs=<EMPTY_MAP>
2019-07-13 12:36:15,698 INFO  server.RaftServerConfigKeys (ConfUtils.java:logGet(43)) - raft.server.sleep.deviation.threshold = 300 (default)
2019-07-13 12:36:15,699 INFO  storage.RaftStorageDirectory (RaftStorageDirectory.java:analyzeStorage(246)) - The storage directory /tmp/workdir/hadoop-ozone/integration-test/target/test-dir/MiniOzoneClusterImpl-9c8493bd-b58e-4f6f-9e4b-1c94a5b4a348/datanode-2/data/ratis/af578494-ecd6-4c6a-bdb5-0ca3679edf30 does not exist. Creating ...
2019-07-13 12:36:15,699 INFO  server.RaftServerConfigKeys (ConfUtils.java:logGet(43)) - raft.server.storage.dir = [/tmp/workdir/hadoop-ozone/integration-test/target/test-dir/MiniOzoneClusterImpl-9c8493bd-b58e-4f6f-9e4b-1c94a5b4a348/datanode-0/data/ratis] (custom)
2019-07-13 12:36:15,699 INFO  server.RaftServerConfigKeys (ConfUtils.java:logGet(43)) - raft.server.log.appender.install.snapshot.enabled = false (custom)
2019-07-13 12:36:15,699 INFO  impl.RaftServerImpl (ServerState.java:<init>(105)) - d4d5bab2-2d37-46de-accb-fdb690dfcc1e:group-0CA3679EDF30 ConfigurationManager, init=-1: [28d1f63f-793c-40d0-b2c2-829f14fc8f4b:192.168.5.181:44532, d4d5bab2-2d37-46de-accb-fdb690dfcc1e:192.168.5.181:41054, 56352b6b-b30d-4a15-89c1-5f335cc44b98:192.168.5.181:32996], old=null, confs=<EMPTY_MAP>
2019-07-13 12:36:15,699 INFO  storage.RaftStorageDirectory (RaftStorageDirectory.java:analyzeStorage(246)) - The storage directory /tmp/workdir/hadoop-ozone/integration-test/target/test-dir/MiniOzoneClusterImpl-9c8493bd-b58e-4f6f-9e4b-1c94a5b4a348/datanode-0/data/ratis/af578494-ecd6-4c6a-bdb5-0ca3679edf30 does not exist. Creating ...
2019-07-13 12:36:15,699 INFO  server.RaftServerConfigKeys (ConfUtils.java:logGet(43)) - raft.server.storage.dir = [/tmp/workdir/hadoop-ozone/integration-test/target/test-dir/MiniOzoneClusterImpl-9c8493bd-b58e-4f6f-9e4b-1c94a5b4a348/datanode-1/data/ratis] (custom)
2019-07-13 12:36:15,700 INFO  storage.RaftStorageDirectory (RaftStorageDirectory.java:analyzeStorage(246)) - The storage directory /tmp/workdir/hadoop-ozone/integration-test/target/test-dir/MiniOzoneClusterImpl-9c8493bd-b58e-4f6f-9e4b-1c94a5b4a348/datanode-1/data/ratis/af578494-ecd6-4c6a-bdb5-0ca3679edf30 does not exist. Creating ...
2019-07-13 12:36:15,711 INFO  storage.RaftStorageDirectory (RaftStorageDirectory.java:tryLock(328)) - Lock on /tmp/workdir/hadoop-ozone/integration-test/target/test-dir/MiniOzoneClusterImpl-9c8493bd-b58e-4f6f-9e4b-1c94a5b4a348/datanode-1/data/ratis/af578494-ecd6-4c6a-bdb5-0ca3679edf30/in_use.lock acquired by nodename 32027@trunk-nightly-q2gwj-1111726333
2019-07-13 12:36:15,711 INFO  storage.RaftStorageDirectory (RaftStorageDirectory.java:tryLock(328)) - Lock on /tmp/workdir/hadoop-ozone/integration-test/target/test-dir/MiniOzoneClusterImpl-9c8493bd-b58e-4f6f-9e4b-1c94a5b4a348/datanode-0/data/ratis/af578494-ecd6-4c6a-bdb5-0ca3679edf30/in_use.lock acquired by nodename 32027@trunk-nightly-q2gwj-1111726333
2019-07-13 12:36:15,711 INFO  storage.RaftStorageDirectory (RaftStorageDirectory.java:tryLock(328)) - Lock on /tmp/workdir/hadoop-ozone/integration-test/target/test-dir/MiniOzoneClusterImpl-9c8493bd-b58e-4f6f-9e4b-1c94a5b4a348/datanode-2/data/ratis/af578494-ecd6-4c6a-bdb5-0ca3679edf30/in_use.lock acquired by nodename 32027@trunk-nightly-q2gwj-1111726333
2019-07-13 12:36:15,724 INFO  storage.RaftStorage (RaftStorage.java:format(72)) - Storage directory /tmp/workdir/hadoop-ozone/integration-test/target/test-dir/MiniOzoneClusterImpl-9c8493bd-b58e-4f6f-9e4b-1c94a5b4a348/datanode-2/data/ratis/af578494-ecd6-4c6a-bdb5-0ca3679edf30 has been successfully formatted.
2019-07-13 12:36:15,724 INFO  storage.RaftStorage (RaftStorage.java:format(72)) - Storage directory /tmp/workdir/hadoop-ozone/integration-test/target/test-dir/MiniOzoneClusterImpl-9c8493bd-b58e-4f6f-9e4b-1c94a5b4a348/datanode-1/data/ratis/af578494-ecd6-4c6a-bdb5-0ca3679edf30 has been successfully formatted.
2019-07-13 12:36:15,724 INFO  storage.RaftStorage (RaftStorage.java:format(72)) - Storage directory /tmp/workdir/hadoop-ozone/integration-test/target/test-dir/MiniOzoneClusterImpl-9c8493bd-b58e-4f6f-9e4b-1c94a5b4a348/datanode-0/data/ratis/af578494-ecd6-4c6a-bdb5-0ca3679edf30 has been successfully formatted.
2019-07-13 12:36:15,724 INFO  ratis.ContainerStateMachine (ContainerStateMachine.java:loadSnapshot(200)) - The snapshot info is null.Setting the last applied index to:(t:0, i:~)
2019-07-13 12:36:15,724 INFO  ratis.ContainerStateMachine (ContainerStateMachine.java:loadSnapshot(200)) - The snapshot info is null.Setting the last applied index to:(t:0, i:~)
2019-07-13 12:36:15,724 INFO  ratis.ContainerStateMachine (ContainerStateMachine.java:loadSnapshot(200)) - The snapshot info is null.Setting the last applied index to:(t:0, i:~)
2019-07-13 12:36:15,725 INFO  server.RaftServerConfigKeys (ConfUtils.java:logGet(43)) - raft.server.leader.election.timeout = 120s (custom)
2019-07-13 12:36:15,724 INFO  server.RaftServerConfigKeys (ConfUtils.java:logGet(43)) - raft.server.leader.election.timeout = 120s (custom)
2019-07-13 12:36:15,725 INFO  server.RaftServerConfigKeys (ConfUtils.java:logGet(43)) - raft.server.log.use.memory = false (default)
2019-07-13 12:36:15,725 INFO  server.RaftServerConfigKeys (ConfUtils.java:logGet(43)) - raft.server.leader.election.timeout = 120s (custom)
2019-07-13 12:36:15,725 INFO  server.RaftServerConfigKeys (ConfUtils.java:logGet(43)) - raft.server.log.purge.gap = 1000000000 (custom)
2019-07-13 12:36:15,726 INFO  server.RaftServerConfigKeys (ConfUtils.java:logGet(43)) - raft.server.log.appender.buffer.byte-limit = 33554432 (custom)
2019-07-13 12:36:15,725 INFO  server.RaftServerConfigKeys (ConfUtils.java:logGet(43)) - raft.server.log.use.memory = false (default)
2019-07-13 12:36:15,726 INFO  server.RaftServerConfigKeys (ConfUtils.java:logGet(43)) - raft.server.log.segment.size.max = 1048576 (custom)
2019-07-13 12:36:15,725 INFO  server.RaftServerConfigKeys (ConfUtils.java:logGet(43)) - raft.server.log.use.memory = false (default)
2019-07-13 12:36:15,726 INFO  server.RaftServerConfigKeys (ConfUtils.java:logGet(43)) - raft.server.log.segment.cache.num.max = 2 (custom)
2019-07-13 12:36:15,726 INFO  server.RaftServerConfigKeys (ConfUtils.java:logGet(43)) - raft.server.log.purge.gap = 1000000000 (custom)
2019-07-13 12:36:15,726 INFO  segmented.SegmentedRaftLogWorker (SegmentedRaftLogWorker.java:<init>(172)) - new 28d1f63f-793c-40d0-b2c2-829f14fc8f4b-SegmentedRaftLogWorker:Storage Directory /tmp/workdir/hadoop-ozone/integration-test/target/test-dir/MiniOzoneClusterImpl-9c8493bd-b58e-4f6f-9e4b-1c94a5b4a348/datanode-0/data/ratis/af578494-ecd6-4c6a-bdb5-0ca3679edf30 for RaftStorage:Storage Directory /tmp/workdir/hadoop-ozone/integration-test/target/test-dir/MiniOzoneClusterImpl-9c8493bd-b58e-4f6f-9e4b-1c94a5b4a348/datanode-0/data/ratis/af578494-ecd6-4c6a-bdb5-0ca3679edf30
2019-07-13 12:36:15,726 INFO  server.RaftServerConfigKeys (ConfUtils.java:logGet(43)) - raft.server.log.purge.gap = 1000000000 (custom)
2019-07-13 12:36:15,727 INFO  server.RaftServerConfigKeys (ConfUtils.java:logGet(43)) - raft.server.log.queue.byte-limit = 2147483647 (custom)
2019-07-13 12:36:15,726 INFO  server.RaftServerConfigKeys (ConfUtils.java:logGet(43)) - raft.server.log.appender.buffer.byte-limit = 33554432 (custom)
2019-07-13 12:36:15,727 INFO  server.RaftServerConfigKeys (ConfUtils.java:logGet(43)) - raft.server.log.queue.element-limit = 1024 (custom)
2019-07-13 12:36:15,727 INFO  server.RaftServerConfigKeys (ConfUtils.java:logGet(43)) - raft.server.log.appender.buffer.byte-limit = 33554432 (custom)
2019-07-13 12:36:15,727 INFO  server.RaftServerConfigKeys (ConfUtils.java:logGet(43)) - raft.server.log.segment.size.max = 1048576 (custom)
2019-07-13 12:36:15,727 INFO  server.RaftServerConfigKeys (ConfUtils.java:logGet(43)) - raft.server.log.preallocated.size = 16384 (custom)
2019-07-13 12:36:15,727 INFO  server.RaftServerConfigKeys (ConfUtils.java:logGet(43)) - raft.server.log.segment.size.max = 1048576 (custom)
2019-07-13 12:36:15,728 INFO  server.RaftServerConfigKeys (ConfUtils.java:logGet(43)) - raft.server.log.write.buffer.size = 33554432 (custom)
2019-07-13 12:36:15,727 INFO  server.RaftServerConfigKeys (ConfUtils.java:logGet(43)) - raft.server.log.segment.size.max = 1048576 (custom)
2019-07-13 12:36:15,728 INFO  server.RaftServerConfigKeys (ConfUtils.java:logGet(43)) - raft.server.log.force.sync.num = 128 (default)
2019-07-13 12:36:15,728 INFO  server.RaftServerConfigKeys (ConfUtils.java:logGet(43)) - raft.server.log.segment.cache.num.max = 2 (custom)
2019-07-13 12:36:15,728 INFO  server.RaftServerConfigKeys (ConfUtils.java:logGet(43)) - raft.server.log.statemachine.data.sync = true (default)
2019-07-13 12:36:15,728 INFO  server.RaftServerConfigKeys (ConfUtils.java:logGet(43)) - raft.server.log.segment.cache.num.max = 2 (custom)
2019-07-13 12:36:15,729 INFO  server.RaftServerConfigKeys (ConfUtils.java:logGet(43)) - raft.server.log.statemachine.data.sync.timeout = 10s (default)
2019-07-13 12:36:15,728 INFO  segmented.SegmentedRaftLogWorker (SegmentedRaftLogWorker.java:<init>(172)) - new d4d5bab2-2d37-46de-accb-fdb690dfcc1e-SegmentedRaftLogWorker:Storage Directory /tmp/workdir/hadoop-ozone/integration-test/target/test-dir/MiniOzoneClusterImpl-9c8493bd-b58e-4f6f-9e4b-1c94a5b4a348/datanode-1/data/ratis/af578494-ecd6-4c6a-bdb5-0ca3679edf30 for RaftStorage:Storage Directory /tmp/workdir/hadoop-ozone/integration-test/target/test-dir/MiniOzoneClusterImpl-9c8493bd-b58e-4f6f-9e4b-1c94a5b4a348/datanode-1/data/ratis/af578494-ecd6-4c6a-bdb5-0ca3679edf30
2019-07-13 12:36:15,729 INFO  server.RaftServerConfigKeys (ConfUtils.java:logGet(43)) - raft.server.log.statemachine.data.sync.timeout.retry = -1 (default)
2019-07-13 12:36:15,729 INFO  segmented.SegmentedRaftLogWorker (SegmentedRaftLogWorker.java:<init>(172)) - new 56352b6b-b30d-4a15-89c1-5f335cc44b98-SegmentedRaftLogWorker:Storage Directory /tmp/workdir/hadoop-ozone/integration-test/target/test-dir/MiniOzoneClusterImpl-9c8493bd-b58e-4f6f-9e4b-1c94a5b4a348/datanode-2/data/ratis/af578494-ecd6-4c6a-bdb5-0ca3679edf30 for RaftStorage:Storage Directory /tmp/workdir/hadoop-ozone/integration-test/target/test-dir/MiniOzoneClusterImpl-9c8493bd-b58e-4f6f-9e4b-1c94a5b4a348/datanode-2/data/ratis/af578494-ecd6-4c6a-bdb5-0ca3679edf30
2019-07-13 12:36:15,729 INFO  server.RaftServerConfigKeys (ConfUtils.java:logGet(43)) - raft.server.log.statemachine.data.caching.enabled = true (custom)
2019-07-13 12:36:15,729 INFO  server.RaftServerConfigKeys (ConfUtils.java:logGet(43)) - raft.server.log.queue.byte-limit = 2147483647 (custom)
2019-07-13 12:36:15,730 INFO  segmented.SegmentedRaftLogWorker (SegmentedRaftLogWorker.java:lambda$new$0(132)) - 28d1f63f-793c-40d0-b2c2-829f14fc8f4b-SegmentedRaftLogWorker:Storage Directory /tmp/workdir/hadoop-ozone/integration-test/target/test-dir/MiniOzoneClusterImpl-9c8493bd-b58e-4f6f-9e4b-1c94a5b4a348/datanode-0/data/ratis/af578494-ecd6-4c6a-bdb5-0ca3679edf30: flushIndex: setUnconditionally 0 -> -1
2019-07-13 12:36:15,729 INFO  server.RaftServerConfigKeys (ConfUtils.java:logGet(43)) - raft.server.log.queue.byte-limit = 2147483647 (custom)
2019-07-13 12:36:15,730 INFO  server.RaftServerConfigKeys (ConfUtils.java:logGet(43)) - raft.server.log.queue.element-limit = 1024 (custom)
2019-07-13 12:36:15,730 INFO  server.RaftServerConfigKeys (ConfUtils.java:logGet(43)) - raft.server.snapshot.auto.trigger.enabled = true (custom)
2019-07-13 12:36:15,730 INFO  server.RaftServerConfigKeys (ConfUtils.java:logGet(43)) - raft.server.log.queue.element-limit = 1024 (custom)
2019-07-13 12:36:15,730 INFO  server.RaftServerConfigKeys (ConfUtils.java:logGet(43)) - raft.server.snapshot.auto.trigger.threshold = 10000 (custom)
2019-07-13 12:36:15,730 INFO  server.RaftServerConfigKeys (ConfUtils.java:logGet(43)) - raft.server.log.segment.size.max = 1048576 (custom)
2019-07-13 12:36:15,731 INFO  server.RaftServerConfigKeys (ConfUtils.java:logGet(43)) - raft.server.retrycache.expirytime = 600000ms (custom)
2019-07-13 12:36:15,730 INFO  server.RaftServerConfigKeys (ConfUtils.java:logGet(43)) - raft.server.log.segment.size.max = 1048576 (custom)
2019-07-13 12:36:15,731 INFO  impl.RaftServerImpl (RaftServerImpl.java:start(180)) - 28d1f63f-793c-40d0-b2c2-829f14fc8f4b: start group-0CA3679EDF30
2019-07-13 12:36:15,731 INFO  impl.RaftServerImpl (RaftServerImpl.java:setRole(171)) - 28d1f63f-793c-40d0-b2c2-829f14fc8f4b:group-0CA3679EDF30 changes role from null to FOLLOWER at term 0 for startAsFollower
2019-07-13 12:36:15,731 INFO  server.RaftServerConfigKeys (ConfUtils.java:logGet(43)) - raft.server.log.preallocated.size = 16384 (custom)
2019-07-13 12:36:15,731 INFO  impl.RoleInfo (RoleInfo.java:updateAndGet(143)) - 28d1f63f-793c-40d0-b2c2-829f14fc8f4b: start FollowerState
2019-07-13 12:36:15,731 INFO  server.RaftServerConfigKeys (ConfUtils.java:logGet(43)) - raft.server.log.preallocated.size = 16384 (custom)
2019-07-13 12:36:15,732 INFO  server.RaftServerConfigKeys (ConfUtils.java:logGet(43)) - raft.server.log.write.buffer.size = 33554432 (custom)
2019-07-13 12:36:15,732 INFO  util.JmxRegister (JmxRegister.java:tryRegister(44)) - Successfully registered JMX Bean with object name Ratis:service=RaftServer,group=group-0CA3679EDF30,id=28d1f63f-793c-40d0-b2c2-829f14fc8f4b
2019-07-13 12:36:15,732 INFO  server.RaftServerConfigKeys (ConfUtils.java:logGet(43)) - raft.server.log.write.buffer.size = 33554432 (custom)
2019-07-13 12:36:15,732 INFO  server.RaftServerConfigKeys (ConfUtils.java:logGet(43)) - raft.server.log.force.sync.num = 128 (default)
2019-07-13 12:36:15,732 INFO  server.RaftServerConfigKeys (ConfUtils.java:logGet(43)) - raft.server.log.force.sync.num = 128 (default)
2019-07-13 12:36:15,732 INFO  server.RaftServerConfigKeys (ConfUtils.java:logGet(43)) - raft.server.log.statemachine.data.sync = true (default)
2019-07-13 12:36:15,733 INFO  server.RaftServerConfigKeys (ConfUtils.java:logGet(43)) - raft.server.log.statemachine.data.sync = true (default)
2019-07-13 12:36:15,733 INFO  server.RaftServerConfigKeys (ConfUtils.java:logGet(43)) - raft.server.log.statemachine.data.sync.timeout = 10s (default)
2019-07-13 12:36:15,733 INFO  server.RaftServerConfigKeys (ConfUtils.java:logGet(43)) - raft.server.log.statemachine.data.sync.timeout = 10s (default)
2019-07-13 12:36:15,736 INFO  server.RaftServerConfigKeys (ConfUtils.java:logGet(43)) - raft.server.log.statemachine.data.sync.timeout.retry = -1 (default)
2019-07-13 12:36:15,733 INFO  server.RaftServerConfigKeys (ConfUtils.java:logGet(43)) - raft.server.log.statemachine.data.sync.timeout.retry = -1 (default)
2019-07-13 12:36:15,736 INFO  server.RaftServerConfigKeys (ConfUtils.java:logGet(43)) - raft.server.log.statemachine.data.caching.enabled = true (custom)
2019-07-13 12:36:15,736 INFO  server.RaftServerConfigKeys (ConfUtils.java:logGet(43)) - raft.server.log.statemachine.data.caching.enabled = true (custom)
2019-07-13 12:36:15,736 INFO  segmented.SegmentedRaftLogWorker (SegmentedRaftLogWorker.java:lambda$new$0(132)) - 56352b6b-b30d-4a15-89c1-5f335cc44b98-SegmentedRaftLogWorker:Storage Directory /tmp/workdir/hadoop-ozone/integration-test/target/test-dir/MiniOzoneClusterImpl-9c8493bd-b58e-4f6f-9e4b-1c94a5b4a348/datanode-2/data/ratis/af578494-ecd6-4c6a-bdb5-0ca3679edf30: flushIndex: setUnconditionally 0 -> -1
2019-07-13 12:36:15,737 INFO  segmented.SegmentedRaftLogWorker (SegmentedRaftLogWorker.java:lambda$new$0(132)) - d4d5bab2-2d37-46de-accb-fdb690dfcc1e-SegmentedRaftLogWorker:Storage Directory /tmp/workdir/hadoop-ozone/integration-test/target/test-dir/MiniOzoneClusterImpl-9c8493bd-b58e-4f6f-9e4b-1c94a5b4a348/datanode-1/data/ratis/af578494-ecd6-4c6a-bdb5-0ca3679edf30: flushIndex: setUnconditionally 0 -> -1
2019-07-13 12:36:15,737 INFO  server.RaftServerConfigKeys (ConfUtils.java:logGet(43)) - raft.server.snapshot.auto.trigger.enabled = true (custom)
2019-07-13 12:36:15,737 INFO  server.RaftServerConfigKeys (ConfUtils.java:logGet(43)) - raft.server.snapshot.auto.trigger.threshold = 10000 (custom)
2019-07-13 12:36:15,737 INFO  server.RaftServerConfigKeys (ConfUtils.java:logGet(43)) - raft.server.snapshot.auto.trigger.enabled = true (custom)
2019-07-13 12:36:15,737 INFO  server.RaftServerConfigKeys (ConfUtils.java:logGet(43)) - raft.server.retrycache.expirytime = 600000ms (custom)
2019-07-13 12:36:15,737 INFO  server.RaftServerConfigKeys (ConfUtils.java:logGet(43)) - raft.server.snapshot.auto.trigger.threshold = 10000 (custom)
2019-07-13 12:36:15,738 INFO  impl.RaftServerImpl (RaftServerImpl.java:start(180)) - 56352b6b-b30d-4a15-89c1-5f335cc44b98: start group-0CA3679EDF30
2019-07-13 12:36:15,738 INFO  server.RaftServerConfigKeys (ConfUtils.java:logGet(43)) - raft.server.retrycache.expirytime = 600000ms (custom)
2019-07-13 12:36:15,738 INFO  impl.RaftServerImpl (RaftServerImpl.java:setRole(171)) - 56352b6b-b30d-4a15-89c1-5f335cc44b98:group-0CA3679EDF30 changes role from null to FOLLOWER at term 0 for startAsFollower
2019-07-13 12:36:15,738 INFO  impl.RaftServerImpl (RaftServerImpl.java:start(180)) - d4d5bab2-2d37-46de-accb-fdb690dfcc1e: start group-0CA3679EDF30
2019-07-13 12:36:15,738 INFO  impl.RaftServerImpl (RaftServerImpl.java:setRole(171)) - d4d5bab2-2d37-46de-accb-fdb690dfcc1e:group-0CA3679EDF30 changes role from null to FOLLOWER at term 0 for startAsFollower
2019-07-13 12:36:15,738 INFO  impl.RoleInfo (RoleInfo.java:updateAndGet(143)) - 56352b6b-b30d-4a15-89c1-5f335cc44b98: start FollowerState
2019-07-13 12:36:15,738 INFO  impl.RoleInfo (RoleInfo.java:updateAndGet(143)) - d4d5bab2-2d37-46de-accb-fdb690dfcc1e: start FollowerState
2019-07-13 12:36:15,739 INFO  util.JmxRegister (JmxRegister.java:tryRegister(44)) - Successfully registered JMX Bean with object name Ratis:service=RaftServer,group=group-0CA3679EDF30,id=56352b6b-b30d-4a15-89c1-5f335cc44b98
2019-07-13 12:36:15,739 INFO  util.JmxRegister (JmxRegister.java:tryRegister(44)) - Successfully registered JMX Bean with object name Ratis:service=RaftServer,group=group-0CA3679EDF30,id=d4d5bab2-2d37-46de-accb-fdb690dfcc1e
2019-07-13 12:36:15,746 INFO  pipeline.PipelineStateManager (PipelineStateManager.java:addPipeline(56)) - Created pipeline Pipeline[ Id: af578494-ecd6-4c6a-bdb5-0ca3679edf30, Nodes: d4d5bab2-2d37-46de-accb-fdb690dfcc1e{ip: 192.168.5.181, host: trunk-nightly-q2gwj-1111726333, networkLocation: /default-rack, certSerialId: null}28d1f63f-793c-40d0-b2c2-829f14fc8f4b{ip: 192.168.5.181, host: trunk-nightly-q2gwj-1111726333, networkLocation: /default-rack, certSerialId: null}56352b6b-b30d-4a15-89c1-5f335cc44b98{ip: 192.168.5.181, host: trunk-nightly-q2gwj-1111726333, networkLocation: /default-rack, certSerialId: null}, Type:RATIS, Factor:THREE, State:OPEN]
2019-07-13 12:36:15,810 INFO  node.SCMNodeManager (SCMNodeManager.java:register(269)) - Registered Data node : 7ea096ec-187a-4658-9315-7566fc9dcdad{ip: 192.168.5.181, host: trunk-nightly-q2gwj-1111726333, networkLocation: /default-rack, certSerialId: null}
2019-07-13 12:36:15,822 INFO  impl.RaftServerProxy (RaftServerProxy.java:addNew(89)) - 7ea096ec-187a-4658-9315-7566fc9dcdad: addNew group-3AB3B4FAB4D8:[7ea096ec-187a-4658-9315-7566fc9dcdad:192.168.5.181:35252] returns group-3AB3B4FAB4D8:java.util.concurrent.CompletableFuture@41a46657[Not completed]
2019-07-13 12:36:15,823 INFO  impl.RaftServerImpl (RaftServerImpl.java:<init>(93)) - 7ea096ec-187a-4658-9315-7566fc9dcdad: new RaftServerImpl for group-3AB3B4FAB4D8:[7ea096ec-187a-4658-9315-7566fc9dcdad:192.168.5.181:35252] with ContainerStateMachine:uninitialized
2019-07-13 12:36:15,824 INFO  server.RaftServerConfigKeys (ConfUtils.java:logGet(43)) - raft.server.rpc.timeout.min = 5s (custom)
2019-07-13 12:36:15,824 INFO  server.RaftServerConfigKeys (ConfUtils.java:logGet(43)) - raft.server.rpc.timeout.max = 5200ms (custom)
2019-07-13 12:36:15,824 INFO  server.RaftServerConfigKeys (ConfUtils.java:logGet(43)) - raft.server.rpcslowness.timeout = 120s (custom)
2019-07-13 12:36:15,824 INFO  server.RaftServerConfigKeys (ConfUtils.java:logGet(43)) - raft.server.sleep.deviation.threshold = 300 (default)
2019-07-13 12:36:15,824 INFO  server.RaftServerConfigKeys (ConfUtils.java:logGet(43)) - raft.server.log.appender.install.snapshot.enabled = false (custom)
2019-07-13 12:36:15,824 INFO  impl.RaftServerImpl (ServerState.java:<init>(105)) - 7ea096ec-187a-4658-9315-7566fc9dcdad:group-3AB3B4FAB4D8 ConfigurationManager, init=-1: [7ea096ec-187a-4658-9315-7566fc9dcdad:192.168.5.181:35252], old=null, confs=<EMPTY_MAP>
2019-07-13 12:36:15,824 INFO  server.RaftServerConfigKeys (ConfUtils.java:logGet(43)) - raft.server.storage.dir = [/tmp/workdir/hadoop-ozone/integration-test/target/test-dir/MiniOzoneClusterImpl-9c8493bd-b58e-4f6f-9e4b-1c94a5b4a348/datanode-3/data/ratis] (custom)
2019-07-13 12:36:15,825 INFO  storage.RaftStorageDirectory (RaftStorageDirectory.java:analyzeStorage(246)) - The storage directory /tmp/workdir/hadoop-ozone/integration-test/target/test-dir/MiniOzoneClusterImpl-9c8493bd-b58e-4f6f-9e4b-1c94a5b4a348/datanode-3/data/ratis/3001af53-2d50-449e-a0d0-3ab3b4fab4d8 does not exist. Creating ...
2019-07-13 12:36:15,838 INFO  storage.RaftStorageDirectory (RaftStorageDirectory.java:tryLock(328)) - Lock on /tmp/workdir/hadoop-ozone/integration-test/target/test-dir/MiniOzoneClusterImpl-9c8493bd-b58e-4f6f-9e4b-1c94a5b4a348/datanode-3/data/ratis/3001af53-2d50-449e-a0d0-3ab3b4fab4d8/in_use.lock acquired by nodename 32027@trunk-nightly-q2gwj-1111726333
2019-07-13 12:36:15,841 INFO  storage.RaftStorage (RaftStorage.java:format(72)) - Storage directory /tmp/workdir/hadoop-ozone/integration-test/target/test-dir/MiniOzoneClusterImpl-9c8493bd-b58e-4f6f-9e4b-1c94a5b4a348/datanode-3/data/ratis/3001af53-2d50-449e-a0d0-3ab3b4fab4d8 has been successfully formatted.
2019-07-13 12:36:15,842 INFO  ratis.ContainerStateMachine (ContainerStateMachine.java:loadSnapshot(200)) - The snapshot info is null.Setting the last applied index to:(t:0, i:~)
2019-07-13 12:36:15,842 INFO  server.RaftServerConfigKeys (ConfUtils.java:logGet(43)) - raft.server.leader.election.timeout = 120s (custom)
2019-07-13 12:36:15,842 INFO  server.RaftServerConfigKeys (ConfUtils.java:logGet(43)) - raft.server.log.use.memory = false (default)
2019-07-13 12:36:15,842 INFO  server.RaftServerConfigKeys (ConfUtils.java:logGet(43)) - raft.server.log.purge.gap = 1000000000 (custom)
2019-07-13 12:36:15,842 INFO  server.RaftServerConfigKeys (ConfUtils.java:logGet(43)) - raft.server.log.appender.buffer.byte-limit = 33554432 (custom)
2019-07-13 12:36:15,842 INFO  server.RaftServerConfigKeys (ConfUtils.java:logGet(43)) - raft.server.log.segment.size.max = 1048576 (custom)
2019-07-13 12:36:15,842 INFO  server.RaftServerConfigKeys (ConfUtils.java:logGet(43)) - raft.server.log.segment.cache.num.max = 2 (custom)
2019-07-13 12:36:15,843 INFO  segmented.SegmentedRaftLogWorker (SegmentedRaftLogWorker.java:<init>(172)) - new 7ea096ec-187a-4658-9315-7566fc9dcdad-SegmentedRaftLogWorker:Storage Directory /tmp/workdir/hadoop-ozone/integration-test/target/test-dir/MiniOzoneClusterImpl-9c8493bd-b58e-4f6f-9e4b-1c94a5b4a348/datanode-3/data/ratis/3001af53-2d50-449e-a0d0-3ab3b4fab4d8 for RaftStorage:Storage Directory /tmp/workdir/hadoop-ozone/integration-test/target/test-dir/MiniOzoneClusterImpl-9c8493bd-b58e-4f6f-9e4b-1c94a5b4a348/datanode-3/data/ratis/3001af53-2d50-449e-a0d0-3ab3b4fab4d8
2019-07-13 12:36:15,843 INFO  server.RaftServerConfigKeys (ConfUtils.java:logGet(43)) - raft.server.log.queue.byte-limit = 2147483647 (custom)
2019-07-13 12:36:15,843 INFO  server.RaftServerConfigKeys (ConfUtils.java:logGet(43)) - raft.server.log.queue.element-limit = 1024 (custom)
2019-07-13 12:36:15,843 INFO  server.RaftServerConfigKeys (ConfUtils.java:logGet(43)) - raft.server.log.segment.size.max = 1048576 (custom)
2019-07-13 12:36:15,843 INFO  server.RaftServerConfigKeys (ConfUtils.java:logGet(43)) - raft.server.log.preallocated.size = 16384 (custom)
2019-07-13 12:36:15,843 INFO  server.RaftServerConfigKeys (ConfUtils.java:logGet(43)) - raft.server.log.write.buffer.size = 33554432 (custom)
2019-07-13 12:36:15,844 INFO  server.RaftServerConfigKeys (ConfUtils.java:logGet(43)) - raft.server.log.force.sync.num = 128 (default)
2019-07-13 12:36:15,844 INFO  server.RaftServerConfigKeys (ConfUtils.java:logGet(43)) - raft.server.log.statemachine.data.sync = true (default)
2019-07-13 12:36:15,844 INFO  server.RaftServerConfigKeys (ConfUtils.java:logGet(43)) - raft.server.log.statemachine.data.sync.timeout = 10s (default)
2019-07-13 12:36:15,844 INFO  server.RaftServerConfigKeys (ConfUtils.java:logGet(43)) - raft.server.log.statemachine.data.sync.timeout.retry = -1 (default)
2019-07-13 12:36:15,844 INFO  server.RaftServerConfigKeys (ConfUtils.java:logGet(43)) - raft.server.log.statemachine.data.caching.enabled = true (custom)
2019-07-13 12:36:15,844 INFO  segmented.SegmentedRaftLogWorker (SegmentedRaftLogWorker.java:lambda$new$0(132)) - 7ea096ec-187a-4658-9315-7566fc9dcdad-SegmentedRaftLogWorker:Storage Directory /tmp/workdir/hadoop-ozone/integration-test/target/test-dir/MiniOzoneClusterImpl-9c8493bd-b58e-4f6f-9e4b-1c94a5b4a348/datanode-3/data/ratis/3001af53-2d50-449e-a0d0-3ab3b4fab4d8: flushIndex: setUnconditionally 0 -> -1
2019-07-13 12:36:15,845 INFO  server.RaftServerConfigKeys (ConfUtils.java:logGet(43)) - raft.server.snapshot.auto.trigger.enabled = true (custom)
2019-07-13 12:36:15,845 INFO  server.RaftServerConfigKeys (ConfUtils.java:logGet(43)) - raft.server.snapshot.auto.trigger.threshold = 10000 (custom)
2019-07-13 12:36:15,845 INFO  server.RaftServerConfigKeys (ConfUtils.java:logGet(43)) - raft.server.retrycache.expirytime = 600000ms (custom)
2019-07-13 12:36:15,845 INFO  impl.RaftServerImpl (RaftServerImpl.java:start(180)) - 7ea096ec-187a-4658-9315-7566fc9dcdad: start group-3AB3B4FAB4D8
2019-07-13 12:36:15,845 INFO  impl.RaftServerImpl (RaftServerImpl.java:setRole(171)) - 7ea096ec-187a-4658-9315-7566fc9dcdad:group-3AB3B4FAB4D8 changes role from null to FOLLOWER at term 0 for startAsFollower
2019-07-13 12:36:15,846 INFO  impl.RoleInfo (RoleInfo.java:updateAndGet(143)) - 7ea096ec-187a-4658-9315-7566fc9dcdad: start FollowerState
2019-07-13 12:36:15,846 INFO  util.JmxRegister (JmxRegister.java:tryRegister(44)) - Successfully registered JMX Bean with object name Ratis:service=RaftServer,group=group-3AB3B4FAB4D8,id=7ea096ec-187a-4658-9315-7566fc9dcdad
2019-07-13 12:36:15,851 INFO  pipeline.PipelineStateManager (PipelineStateManager.java:addPipeline(56)) - Created pipeline Pipeline[ Id: 3001af53-2d50-449e-a0d0-3ab3b4fab4d8, Nodes: 7ea096ec-187a-4658-9315-7566fc9dcdad{ip: 192.168.5.181, host: trunk-nightly-q2gwj-1111726333, networkLocation: /default-rack, certSerialId: null}, Type:RATIS, Factor:ONE, State:OPEN]
2019-07-13 12:36:15,982 INFO  node.SCMNodeManager (SCMNodeManager.java:register(269)) - Registered Data node : 8780d71a-b07f-48ff-bec3-5b2c8fd4a82e{ip: 192.168.5.181, host: trunk-nightly-q2gwj-1111726333, networkLocation: /default-rack, certSerialId: null}
2019-07-13 12:36:15,992 INFO  impl.RaftServerProxy (RaftServerProxy.java:addNew(89)) - 8780d71a-b07f-48ff-bec3-5b2c8fd4a82e: addNew group-23E87F6EABAB:[8780d71a-b07f-48ff-bec3-5b2c8fd4a82e:192.168.5.181:35443] returns group-23E87F6EABAB:java.util.concurrent.CompletableFuture@40775f69[Not completed]
2019-07-13 12:36:15,993 INFO  impl.RaftServerImpl (RaftServerImpl.java:<init>(93)) - 8780d71a-b07f-48ff-bec3-5b2c8fd4a82e: new RaftServerImpl for group-23E87F6EABAB:[8780d71a-b07f-48ff-bec3-5b2c8fd4a82e:192.168.5.181:35443] with ContainerStateMachine:uninitialized
2019-07-13 12:36:15,993 INFO  server.RaftServerConfigKeys (ConfUtils.java:logGet(43)) - raft.server.rpc.timeout.min = 5s (custom)
2019-07-13 12:36:15,993 INFO  server.RaftServerConfigKeys (ConfUtils.java:logGet(43)) - raft.server.rpc.timeout.max = 5200ms (custom)
2019-07-13 12:36:15,993 INFO  server.RaftServerConfigKeys (ConfUtils.java:logGet(43)) - raft.server.rpcslowness.timeout = 120s (custom)
2019-07-13 12:36:15,994 INFO  server.RaftServerConfigKeys (ConfUtils.java:logGet(43)) - raft.server.sleep.deviation.threshold = 300 (default)
2019-07-13 12:36:15,994 INFO  server.RaftServerConfigKeys (ConfUtils.java:logGet(43)) - raft.server.log.appender.install.snapshot.enabled = false (custom)
2019-07-13 12:36:15,994 INFO  impl.RaftServerImpl (ServerState.java:<init>(105)) - 8780d71a-b07f-48ff-bec3-5b2c8fd4a82e:group-23E87F6EABAB ConfigurationManager, init=-1: [8780d71a-b07f-48ff-bec3-5b2c8fd4a82e:192.168.5.181:35443], old=null, confs=<EMPTY_MAP>
2019-07-13 12:36:15,994 INFO  server.RaftServerConfigKeys (ConfUtils.java:logGet(43)) - raft.server.storage.dir = [/tmp/workdir/hadoop-ozone/integration-test/target/test-dir/MiniOzoneClusterImpl-9c8493bd-b58e-4f6f-9e4b-1c94a5b4a348/datanode-4/data/ratis] (custom)
2019-07-13 12:36:15,994 INFO  storage.RaftStorageDirectory (RaftStorageDirectory.java:analyzeStorage(246)) - The storage directory /tmp/workdir/hadoop-ozone/integration-test/target/test-dir/MiniOzoneClusterImpl-9c8493bd-b58e-4f6f-9e4b-1c94a5b4a348/datanode-4/data/ratis/608ef80a-e7ae-4906-b042-23e87f6eabab does not exist. Creating ...
2019-07-13 12:36:15,999 INFO  storage.RaftStorageDirectory (RaftStorageDirectory.java:tryLock(328)) - Lock on /tmp/workdir/hadoop-ozone/integration-test/target/test-dir/MiniOzoneClusterImpl-9c8493bd-b58e-4f6f-9e4b-1c94a5b4a348/datanode-4/data/ratis/608ef80a-e7ae-4906-b042-23e87f6eabab/in_use.lock acquired by nodename 32027@trunk-nightly-q2gwj-1111726333
2019-07-13 12:36:16,002 INFO  storage.RaftStorage (RaftStorage.java:format(72)) - Storage directory /tmp/workdir/hadoop-ozone/integration-test/target/test-dir/MiniOzoneClusterImpl-9c8493bd-b58e-4f6f-9e4b-1c94a5b4a348/datanode-4/data/ratis/608ef80a-e7ae-4906-b042-23e87f6eabab has been successfully formatted.
2019-07-13 12:36:16,002 INFO  ratis.ContainerStateMachine (ContainerStateMachine.java:loadSnapshot(200)) - The snapshot info is null.Setting the last applied index to:(t:0, i:~)
2019-07-13 12:36:16,002 INFO  server.RaftServerConfigKeys (ConfUtils.java:logGet(43)) - raft.server.leader.election.timeout = 120s (custom)
2019-07-13 12:36:16,003 INFO  server.RaftServerConfigKeys (ConfUtils.java:logGet(43)) - raft.server.log.use.memory = false (default)
2019-07-13 12:36:16,003 INFO  server.RaftServerConfigKeys (ConfUtils.java:logGet(43)) - raft.server.log.purge.gap = 1000000000 (custom)
2019-07-13 12:36:16,003 INFO  server.RaftServerConfigKeys (ConfUtils.java:logGet(43)) - raft.server.log.appender.buffer.byte-limit = 33554432 (custom)
2019-07-13 12:36:16,003 INFO  server.RaftServerConfigKeys (ConfUtils.java:logGet(43)) - raft.server.log.segment.size.max = 1048576 (custom)
2019-07-13 12:36:16,003 INFO  server.RaftServerConfigKeys (ConfUtils.java:logGet(43)) - raft.server.log.segment.cache.num.max = 2 (custom)
2019-07-13 12:36:16,003 INFO  segmented.SegmentedRaftLogWorker (SegmentedRaftLogWorker.java:<init>(172)) - new 8780d71a-b07f-48ff-bec3-5b2c8fd4a82e-SegmentedRaftLogWorker:Storage Directory /tmp/workdir/hadoop-ozone/integration-test/target/test-dir/MiniOzoneClusterImpl-9c8493bd-b58e-4f6f-9e4b-1c94a5b4a348/datanode-4/data/ratis/608ef80a-e7ae-4906-b042-23e87f6eabab for RaftStorage:Storage Directory /tmp/workdir/hadoop-ozone/integration-test/target/test-dir/MiniOzoneClusterImpl-9c8493bd-b58e-4f6f-9e4b-1c94a5b4a348/datanode-4/data/ratis/608ef80a-e7ae-4906-b042-23e87f6eabab
2019-07-13 12:36:16,004 INFO  server.RaftServerConfigKeys (ConfUtils.java:logGet(43)) - raft.server.log.queue.byte-limit = 2147483647 (custom)
2019-07-13 12:36:16,004 INFO  server.RaftServerConfigKeys (ConfUtils.java:logGet(43)) - raft.server.log.queue.element-limit = 1024 (custom)
2019-07-13 12:36:16,004 INFO  server.RaftServerConfigKeys (ConfUtils.java:logGet(43)) - raft.server.log.segment.size.max = 1048576 (custom)
2019-07-13 12:36:16,004 INFO  server.RaftServerConfigKeys (ConfUtils.java:logGet(43)) - raft.server.log.preallocated.size = 16384 (custom)
2019-07-13 12:36:16,004 INFO  server.RaftServerConfigKeys (ConfUtils.java:logGet(43)) - raft.server.log.write.buffer.size = 33554432 (custom)
2019-07-13 12:36:16,004 INFO  server.RaftServerConfigKeys (ConfUtils.java:logGet(43)) - raft.server.log.force.sync.num = 128 (default)
2019-07-13 12:36:16,005 INFO  server.RaftServerConfigKeys (ConfUtils.java:logGet(43)) - raft.server.log.statemachine.data.sync = true (default)
2019-07-13 12:36:16,005 INFO  server.RaftServerConfigKeys (ConfUtils.java:logGet(43)) - raft.server.log.statemachine.data.sync.timeout = 10s (default)
2019-07-13 12:36:16,005 INFO  server.RaftServerConfigKeys (ConfUtils.java:logGet(43)) - raft.server.log.statemachine.data.sync.timeout.retry = -1 (default)
2019-07-13 12:36:16,005 INFO  server.RaftServerConfigKeys (ConfUtils.java:logGet(43)) - raft.server.log.statemachine.data.caching.enabled = true (custom)
2019-07-13 12:36:16,006 INFO  segmented.SegmentedRaftLogWorker (SegmentedRaftLogWorker.java:lambda$new$0(132)) - 8780d71a-b07f-48ff-bec3-5b2c8fd4a82e-SegmentedRaftLogWorker:Storage Directory /tmp/workdir/hadoop-ozone/integration-test/target/test-dir/MiniOzoneClusterImpl-9c8493bd-b58e-4f6f-9e4b-1c94a5b4a348/datanode-4/data/ratis/608ef80a-e7ae-4906-b042-23e87f6eabab: flushIndex: setUnconditionally 0 -> -1
2019-07-13 12:36:16,006 INFO  server.RaftServerConfigKeys (ConfUtils.java:logGet(43)) - raft.server.snapshot.auto.trigger.enabled = true (custom)
2019-07-13 12:36:16,006 INFO  server.RaftServerConfigKeys (ConfUtils.java:logGet(43)) - raft.server.snapshot.auto.trigger.threshold = 10000 (custom)
2019-07-13 12:36:16,006 INFO  server.RaftServerConfigKeys (ConfUtils.java:logGet(43)) - raft.server.retrycache.expirytime = 600000ms (custom)
2019-07-13 12:36:16,006 INFO  impl.RaftServerImpl (RaftServerImpl.java:start(180)) - 8780d71a-b07f-48ff-bec3-5b2c8fd4a82e: start group-23E87F6EABAB
2019-07-13 12:36:16,007 INFO  impl.RaftServerImpl (RaftServerImpl.java:setRole(171)) - 8780d71a-b07f-48ff-bec3-5b2c8fd4a82e:group-23E87F6EABAB changes role from null to FOLLOWER at term 0 for startAsFollower
2019-07-13 12:36:16,007 INFO  impl.RoleInfo (RoleInfo.java:updateAndGet(143)) - 8780d71a-b07f-48ff-bec3-5b2c8fd4a82e: start FollowerState
2019-07-13 12:36:16,007 INFO  util.JmxRegister (JmxRegister.java:tryRegister(44)) - Successfully registered JMX Bean with object name Ratis:service=RaftServer,group=group-23E87F6EABAB,id=8780d71a-b07f-48ff-bec3-5b2c8fd4a82e
2019-07-13 12:36:16,012 INFO  pipeline.PipelineStateManager (PipelineStateManager.java:addPipeline(56)) - Created pipeline Pipeline[ Id: 608ef80a-e7ae-4906-b042-23e87f6eabab, Nodes: 8780d71a-b07f-48ff-bec3-5b2c8fd4a82e{ip: 192.168.5.181, host: trunk-nightly-q2gwj-1111726333, networkLocation: /default-rack, certSerialId: null}, Type:RATIS, Factor:ONE, State:OPEN]
2019-07-13 12:36:16,148 INFO  node.SCMNodeManager (SCMNodeManager.java:register(269)) - Registered Data node : dcf6cdeb-9534-4169-b6cf-de2a17bac9af{ip: 192.168.5.181, host: trunk-nightly-q2gwj-1111726333, networkLocation: /default-rack, certSerialId: null}
2019-07-13 12:36:16,156 INFO  impl.RaftServerProxy (RaftServerProxy.java:addNew(89)) - dcf6cdeb-9534-4169-b6cf-de2a17bac9af: addNew group-96A169D8F50B:[dcf6cdeb-9534-4169-b6cf-de2a17bac9af:192.168.5.181:42103] returns group-96A169D8F50B:java.util.concurrent.CompletableFuture@4fa42d99[Not completed]
2019-07-13 12:36:16,157 INFO  impl.RaftServerImpl (RaftServerImpl.java:<init>(93)) - dcf6cdeb-9534-4169-b6cf-de2a17bac9af: new RaftServerImpl for group-96A169D8F50B:[dcf6cdeb-9534-4169-b6cf-de2a17bac9af:192.168.5.181:42103] with ContainerStateMachine:uninitialized
2019-07-13 12:36:16,157 INFO  server.RaftServerConfigKeys (ConfUtils.java:logGet(43)) - raft.server.rpc.timeout.min = 5s (custom)
2019-07-13 12:36:16,158 INFO  server.RaftServerConfigKeys (ConfUtils.java:logGet(43)) - raft.server.rpc.timeout.max = 5200ms (custom)
2019-07-13 12:36:16,158 INFO  server.RaftServerConfigKeys (ConfUtils.java:logGet(43)) - raft.server.rpcslowness.timeout = 120s (custom)
2019-07-13 12:36:16,158 INFO  server.RaftServerConfigKeys (ConfUtils.java:logGet(43)) - raft.server.sleep.deviation.threshold = 300 (default)
2019-07-13 12:36:16,158 INFO  server.RaftServerConfigKeys (ConfUtils.java:logGet(43)) - raft.server.log.appender.install.snapshot.enabled = false (custom)
2019-07-13 12:36:16,158 INFO  impl.RaftServerImpl (ServerState.java:<init>(105)) - dcf6cdeb-9534-4169-b6cf-de2a17bac9af:group-96A169D8F50B ConfigurationManager, init=-1: [dcf6cdeb-9534-4169-b6cf-de2a17bac9af:192.168.5.181:42103], old=null, confs=<EMPTY_MAP>
2019-07-13 12:36:16,158 INFO  server.RaftServerConfigKeys (ConfUtils.java:logGet(43)) - raft.server.storage.dir = [/tmp/workdir/hadoop-ozone/integration-test/target/test-dir/MiniOzoneClusterImpl-9c8493bd-b58e-4f6f-9e4b-1c94a5b4a348/datanode-5/data/ratis] (custom)
2019-07-13 12:36:16,159 INFO  storage.RaftStorageDirectory (RaftStorageDirectory.java:analyzeStorage(246)) - The storage directory /tmp/workdir/hadoop-ozone/integration-test/target/test-dir/MiniOzoneClusterImpl-9c8493bd-b58e-4f6f-9e4b-1c94a5b4a348/datanode-5/data/ratis/34e80164-35a0-4c08-a397-96a169d8f50b does not exist. Creating ...
2019-07-13 12:36:16,170 INFO  storage.RaftStorageDirectory (RaftStorageDirectory.java:tryLock(328)) - Lock on /tmp/workdir/hadoop-ozone/integration-test/target/test-dir/MiniOzoneClusterImpl-9c8493bd-b58e-4f6f-9e4b-1c94a5b4a348/datanode-5/data/ratis/34e80164-35a0-4c08-a397-96a169d8f50b/in_use.lock acquired by nodename 32027@trunk-nightly-q2gwj-1111726333
2019-07-13 12:36:16,175 INFO  storage.RaftStorage (RaftStorage.java:format(72)) - Storage directory /tmp/workdir/hadoop-ozone/integration-test/target/test-dir/MiniOzoneClusterImpl-9c8493bd-b58e-4f6f-9e4b-1c94a5b4a348/datanode-5/data/ratis/34e80164-35a0-4c08-a397-96a169d8f50b has been successfully formatted.
2019-07-13 12:36:16,175 INFO  ratis.ContainerStateMachine (ContainerStateMachine.java:loadSnapshot(200)) - The snapshot info is null.Setting the last applied index to:(t:0, i:~)
2019-07-13 12:36:16,175 INFO  server.RaftServerConfigKeys (ConfUtils.java:logGet(43)) - raft.server.leader.election.timeout = 120s (custom)
2019-07-13 12:36:16,175 INFO  server.RaftServerConfigKeys (ConfUtils.java:logGet(43)) - raft.server.log.use.memory = false (default)
2019-07-13 12:36:16,175 INFO  server.RaftServerConfigKeys (ConfUtils.java:logGet(43)) - raft.server.log.purge.gap = 1000000000 (custom)
2019-07-13 12:36:16,176 INFO  server.RaftServerConfigKeys (ConfUtils.java:logGet(43)) - raft.server.log.appender.buffer.byte-limit = 33554432 (custom)
2019-07-13 12:36:16,176 INFO  server.RaftServerConfigKeys (ConfUtils.java:logGet(43)) - raft.server.log.segment.size.max = 1048576 (custom)
2019-07-13 12:36:16,176 INFO  server.RaftServerConfigKeys (ConfUtils.java:logGet(43)) - raft.server.log.segment.cache.num.max = 2 (custom)
2019-07-13 12:36:16,176 INFO  segmented.SegmentedRaftLogWorker (SegmentedRaftLogWorker.java:<init>(172)) - new dcf6cdeb-9534-4169-b6cf-de2a17bac9af-SegmentedRaftLogWorker:Storage Directory /tmp/workdir/hadoop-ozone/integration-test/target/test-dir/MiniOzoneClusterImpl-9c8493bd-b58e-4f6f-9e4b-1c94a5b4a348/datanode-5/data/ratis/34e80164-35a0-4c08-a397-96a169d8f50b for RaftStorage:Storage Directory /tmp/workdir/hadoop-ozone/integration-test/target/test-dir/MiniOzoneClusterImpl-9c8493bd-b58e-4f6f-9e4b-1c94a5b4a348/datanode-5/data/ratis/34e80164-35a0-4c08-a397-96a169d8f50b
2019-07-13 12:36:16,176 INFO  server.RaftServerConfigKeys (ConfUtils.java:logGet(43)) - raft.server.log.queue.byte-limit = 2147483647 (custom)
2019-07-13 12:36:16,176 INFO  server.RaftServerConfigKeys (ConfUtils.java:logGet(43)) - raft.server.log.queue.element-limit = 1024 (custom)
2019-07-13 12:36:16,177 INFO  server.RaftServerConfigKeys (ConfUtils.java:logGet(43)) - raft.server.log.segment.size.max = 1048576 (custom)
2019-07-13 12:36:16,177 INFO  server.RaftServerConfigKeys (ConfUtils.java:logGet(43)) - raft.server.log.preallocated.size = 16384 (custom)
2019-07-13 12:36:16,177 INFO  server.RaftServerConfigKeys (ConfUtils.java:logGet(43)) - raft.server.log.write.buffer.size = 33554432 (custom)
2019-07-13 12:36:16,177 INFO  server.RaftServerConfigKeys (ConfUtils.java:logGet(43)) - raft.server.log.force.sync.num = 128 (default)
2019-07-13 12:36:16,177 INFO  server.RaftServerConfigKeys (ConfUtils.java:logGet(43)) - raft.server.log.statemachine.data.sync = true (default)
2019-07-13 12:36:16,178 INFO  server.RaftServerConfigKeys (ConfUtils.java:logGet(43)) - raft.server.log.statemachine.data.sync.timeout = 10s (default)
2019-07-13 12:36:16,178 INFO  server.RaftServerConfigKeys (ConfUtils.java:logGet(43)) - raft.server.log.statemachine.data.sync.timeout.retry = -1 (default)
2019-07-13 12:36:16,178 INFO  server.RaftServerConfigKeys (ConfUtils.java:logGet(43)) - raft.server.log.statemachine.data.caching.enabled = true (custom)
2019-07-13 12:36:16,178 INFO  segmented.SegmentedRaftLogWorker (SegmentedRaftLogWorker.java:lambda$new$0(132)) - dcf6cdeb-9534-4169-b6cf-de2a17bac9af-SegmentedRaftLogWorker:Storage Directory /tmp/workdir/hadoop-ozone/integration-test/target/test-dir/MiniOzoneClusterImpl-9c8493bd-b58e-4f6f-9e4b-1c94a5b4a348/datanode-5/data/ratis/34e80164-35a0-4c08-a397-96a169d8f50b: flushIndex: setUnconditionally 0 -> -1
2019-07-13 12:36:16,179 INFO  server.RaftServerConfigKeys (ConfUtils.java:logGet(43)) - raft.server.snapshot.auto.trigger.enabled = true (custom)
2019-07-13 12:36:16,179 INFO  server.RaftServerConfigKeys (ConfUtils.java:logGet(43)) - raft.server.snapshot.auto.trigger.threshold = 10000 (custom)
2019-07-13 12:36:16,179 INFO  server.RaftServerConfigKeys (ConfUtils.java:logGet(43)) - raft.server.retrycache.expirytime = 600000ms (custom)
2019-07-13 12:36:16,179 INFO  impl.RaftServerImpl (RaftServerImpl.java:start(180)) - dcf6cdeb-9534-4169-b6cf-de2a17bac9af: start group-96A169D8F50B
2019-07-13 12:36:16,179 INFO  impl.RaftServerImpl (RaftServerImpl.java:setRole(171)) - dcf6cdeb-9534-4169-b6cf-de2a17bac9af:group-96A169D8F50B changes role from null to FOLLOWER at term 0 for startAsFollower
2019-07-13 12:36:16,180 INFO  impl.RoleInfo (RoleInfo.java:updateAndGet(143)) - dcf6cdeb-9534-4169-b6cf-de2a17bac9af: start FollowerState
2019-07-13 12:36:16,180 INFO  util.JmxRegister (JmxRegister.java:tryRegister(44)) - Successfully registered JMX Bean with object name Ratis:service=RaftServer,group=group-96A169D8F50B,id=dcf6cdeb-9534-4169-b6cf-de2a17bac9af
2019-07-13 12:36:16,185 INFO  pipeline.PipelineStateManager (PipelineStateManager.java:addPipeline(56)) - Created pipeline Pipeline[ Id: 34e80164-35a0-4c08-a397-96a169d8f50b, Nodes: dcf6cdeb-9534-4169-b6cf-de2a17bac9af{ip: 192.168.5.181, host: trunk-nightly-q2gwj-1111726333, networkLocation: /default-rack, certSerialId: null}, Type:RATIS, Factor:ONE, State:OPEN]
2019-07-13 12:36:16,199 INFO  impl.RaftServerProxy (RaftServerProxy.java:addNew(89)) - dcf6cdeb-9534-4169-b6cf-de2a17bac9af: addNew group-C3200702ACAE:[7ea096ec-187a-4658-9315-7566fc9dcdad:192.168.5.181:35252, 8780d71a-b07f-48ff-bec3-5b2c8fd4a82e:192.168.5.181:35443, dcf6cdeb-9534-4169-b6cf-de2a17bac9af:192.168.5.181:42103] returns group-C3200702ACAE:java.util.concurrent.CompletableFuture@7544606[Not completed]
2019-07-13 12:36:16,199 INFO  impl.RaftServerProxy (RaftServerProxy.java:addNew(89)) - 7ea096ec-187a-4658-9315-7566fc9dcdad: addNew group-C3200702ACAE:[7ea096ec-187a-4658-9315-7566fc9dcdad:192.168.5.181:35252, 8780d71a-b07f-48ff-bec3-5b2c8fd4a82e:192.168.5.181:35443, dcf6cdeb-9534-4169-b6cf-de2a17bac9af:192.168.5.181:42103] returns group-C3200702ACAE:java.util.concurrent.CompletableFuture@f943a28[Not completed]
2019-07-13 12:36:16,199 INFO  impl.RaftServerProxy (RaftServerProxy.java:addNew(89)) - 8780d71a-b07f-48ff-bec3-5b2c8fd4a82e: addNew group-C3200702ACAE:[7ea096ec-187a-4658-9315-7566fc9dcdad:192.168.5.181:35252, 8780d71a-b07f-48ff-bec3-5b2c8fd4a82e:192.168.5.181:35443, dcf6cdeb-9534-4169-b6cf-de2a17bac9af:192.168.5.181:42103] returns group-C3200702ACAE:java.util.concurrent.CompletableFuture@29010c05[Not completed]
2019-07-13 12:36:16,200 INFO  impl.RaftServerImpl (RaftServerImpl.java:<init>(93)) - 8780d71a-b07f-48ff-bec3-5b2c8fd4a82e: new RaftServerImpl for group-C3200702ACAE:[7ea096ec-187a-4658-9315-7566fc9dcdad:192.168.5.181:35252, 8780d71a-b07f-48ff-bec3-5b2c8fd4a82e:192.168.5.181:35443, dcf6cdeb-9534-4169-b6cf-de2a17bac9af:192.168.5.181:42103] with ContainerStateMachine:uninitialized
2019-07-13 12:36:16,200 INFO  server.RaftServerConfigKeys (ConfUtils.java:logGet(43)) - raft.server.rpc.timeout.min = 5s (custom)
2019-07-13 12:36:16,201 INFO  server.RaftServerConfigKeys (ConfUtils.java:logGet(43)) - raft.server.rpc.timeout.max = 5200ms (custom)
2019-07-13 12:36:16,201 INFO  server.RaftServerConfigKeys (ConfUtils.java:logGet(43)) - raft.server.rpcslowness.timeout = 120s (custom)
2019-07-13 12:36:16,201 INFO  impl.RaftServerImpl (RaftServerImpl.java:<init>(93)) - 7ea096ec-187a-4658-9315-7566fc9dcdad: new RaftServerImpl for group-C3200702ACAE:[7ea096ec-187a-4658-9315-7566fc9dcdad:192.168.5.181:35252, 8780d71a-b07f-48ff-bec3-5b2c8fd4a82e:192.168.5.181:35443, dcf6cdeb-9534-4169-b6cf-de2a17bac9af:192.168.5.181:42103] with ContainerStateMachine:uninitialized
2019-07-13 12:36:16,201 INFO  server.RaftServerConfigKeys (ConfUtils.java:logGet(43)) - raft.server.sleep.deviation.threshold = 300 (default)
2019-07-13 12:36:16,201 INFO  server.RaftServerConfigKeys (ConfUtils.java:logGet(43)) - raft.server.rpc.timeout.min = 5s (custom)
2019-07-13 12:36:16,201 INFO  impl.RaftServerImpl (RaftServerImpl.java:<init>(93)) - dcf6cdeb-9534-4169-b6cf-de2a17bac9af: new RaftServerImpl for group-C3200702ACAE:[7ea096ec-187a-4658-9315-7566fc9dcdad:192.168.5.181:35252, 8780d71a-b07f-48ff-bec3-5b2c8fd4a82e:192.168.5.181:35443, dcf6cdeb-9534-4169-b6cf-de2a17bac9af:192.168.5.181:42103] with ContainerStateMachine:uninitialized
2019-07-13 12:36:16,201 INFO  server.RaftServerConfigKeys (ConfUtils.java:logGet(43)) - raft.server.log.appender.install.snapshot.enabled = false (custom)
2019-07-13 12:36:16,201 INFO  server.RaftServerConfigKeys (ConfUtils.java:logGet(43)) - raft.server.rpc.timeout.min = 5s (custom)
2019-07-13 12:36:16,201 INFO  server.RaftServerConfigKeys (ConfUtils.java:logGet(43)) - raft.server.rpc.timeout.max = 5200ms (custom)
2019-07-13 12:36:16,202 INFO  server.RaftServerConfigKeys (ConfUtils.java:logGet(43)) - raft.server.rpc.timeout.max = 5200ms (custom)
2019-07-13 12:36:16,202 INFO  server.RaftServerConfigKeys (ConfUtils.java:logGet(43)) - raft.server.rpcslowness.timeout = 120s (custom)
2019-07-13 12:36:16,202 INFO  impl.RaftServerImpl (ServerState.java:<init>(105)) - 8780d71a-b07f-48ff-bec3-5b2c8fd4a82e:group-C3200702ACAE ConfigurationManager, init=-1: [7ea096ec-187a-4658-9315-7566fc9dcdad:192.168.5.181:35252, 8780d71a-b07f-48ff-bec3-5b2c8fd4a82e:192.168.5.181:35443, dcf6cdeb-9534-4169-b6cf-de2a17bac9af:192.168.5.181:42103], old=null, confs=<EMPTY_MAP>
2019-07-13 12:36:16,202 INFO  server.RaftServerConfigKeys (ConfUtils.java:logGet(43)) - raft.server.sleep.deviation.threshold = 300 (default)
2019-07-13 12:36:16,202 INFO  server.RaftServerConfigKeys (ConfUtils.java:logGet(43)) - raft.server.log.appender.install.snapshot.enabled = false (custom)
2019-07-13 12:36:16,202 INFO  server.RaftServerConfigKeys (ConfUtils.java:logGet(43)) - raft.server.rpcslowness.timeout = 120s (custom)
2019-07-13 12:36:16,203 INFO  impl.RaftServerImpl (ServerState.java:<init>(105)) - dcf6cdeb-9534-4169-b6cf-de2a17bac9af:group-C3200702ACAE ConfigurationManager, init=-1: [7ea096ec-187a-4658-9315-7566fc9dcdad:192.168.5.181:35252, 8780d71a-b07f-48ff-bec3-5b2c8fd4a82e:192.168.5.181:35443, dcf6cdeb-9534-4169-b6cf-de2a17bac9af:192.168.5.181:42103], old=null, confs=<EMPTY_MAP>
2019-07-13 12:36:16,202 INFO  server.RaftServerConfigKeys (ConfUtils.java:logGet(43)) - raft.server.storage.dir = [/tmp/workdir/hadoop-ozone/integration-test/target/test-dir/MiniOzoneClusterImpl-9c8493bd-b58e-4f6f-9e4b-1c94a5b4a348/datanode-4/data/ratis] (custom)
2019-07-13 12:36:16,203 INFO  server.RaftServerConfigKeys (ConfUtils.java:logGet(43)) - raft.server.storage.dir = [/tmp/workdir/hadoop-ozone/integration-test/target/test-dir/MiniOzoneClusterImpl-9c8493bd-b58e-4f6f-9e4b-1c94a5b4a348/datanode-5/data/ratis] (custom)
2019-07-13 12:36:16,203 INFO  server.RaftServerConfigKeys (ConfUtils.java:logGet(43)) - raft.server.sleep.deviation.threshold = 300 (default)
2019-07-13 12:36:16,203 INFO  storage.RaftStorageDirectory (RaftStorageDirectory.java:analyzeStorage(246)) - The storage directory /tmp/workdir/hadoop-ozone/integration-test/target/test-dir/MiniOzoneClusterImpl-9c8493bd-b58e-4f6f-9e4b-1c94a5b4a348/datanode-4/data/ratis/3c329446-4bfc-4225-90f4-c3200702acae does not exist. Creating ...
2019-07-13 12:36:16,203 INFO  storage.RaftStorageDirectory (RaftStorageDirectory.java:analyzeStorage(246)) - The storage directory /tmp/workdir/hadoop-ozone/integration-test/target/test-dir/MiniOzoneClusterImpl-9c8493bd-b58e-4f6f-9e4b-1c94a5b4a348/datanode-5/data/ratis/3c329446-4bfc-4225-90f4-c3200702acae does not exist. Creating ...
2019-07-13 12:36:16,203 INFO  server.RaftServerConfigKeys (ConfUtils.java:logGet(43)) - raft.server.log.appender.install.snapshot.enabled = false (custom)
2019-07-13 12:36:16,204 INFO  impl.RaftServerImpl (ServerState.java:<init>(105)) - 7ea096ec-187a-4658-9315-7566fc9dcdad:group-C3200702ACAE ConfigurationManager, init=-1: [7ea096ec-187a-4658-9315-7566fc9dcdad:192.168.5.181:35252, 8780d71a-b07f-48ff-bec3-5b2c8fd4a82e:192.168.5.181:35443, dcf6cdeb-9534-4169-b6cf-de2a17bac9af:192.168.5.181:42103], old=null, confs=<EMPTY_MAP>
2019-07-13 12:36:16,204 INFO  server.RaftServerConfigKeys (ConfUtils.java:logGet(43)) - raft.server.storage.dir = [/tmp/workdir/hadoop-ozone/integration-test/target/test-dir/MiniOzoneClusterImpl-9c8493bd-b58e-4f6f-9e4b-1c94a5b4a348/datanode-3/data/ratis] (custom)
2019-07-13 12:36:16,204 INFO  storage.RaftStorageDirectory (RaftStorageDirectory.java:analyzeStorage(246)) - The storage directory /tmp/workdir/hadoop-ozone/integration-test/target/test-dir/MiniOzoneClusterImpl-9c8493bd-b58e-4f6f-9e4b-1c94a5b4a348/datanode-3/data/ratis/3c329446-4bfc-4225-90f4-c3200702acae does not exist. Creating ...
2019-07-13 12:36:16,209 INFO  storage.RaftStorageDirectory (RaftStorageDirectory.java:tryLock(328)) - Lock on /tmp/workdir/hadoop-ozone/integration-test/target/test-dir/MiniOzoneClusterImpl-9c8493bd-b58e-4f6f-9e4b-1c94a5b4a348/datanode-4/data/ratis/3c329446-4bfc-4225-90f4-c3200702acae/in_use.lock acquired by nodename 32027@trunk-nightly-q2gwj-1111726333
2019-07-13 12:36:16,209 INFO  storage.RaftStorageDirectory (RaftStorageDirectory.java:tryLock(328)) - Lock on /tmp/workdir/hadoop-ozone/integration-test/target/test-dir/MiniOzoneClusterImpl-9c8493bd-b58e-4f6f-9e4b-1c94a5b4a348/datanode-5/data/ratis/3c329446-4bfc-4225-90f4-c3200702acae/in_use.lock acquired by nodename 32027@trunk-nightly-q2gwj-1111726333
2019-07-13 12:36:16,209 INFO  storage.RaftStorageDirectory (RaftStorageDirectory.java:tryLock(328)) - Lock on /tmp/workdir/hadoop-ozone/integration-test/target/test-dir/MiniOzoneClusterImpl-9c8493bd-b58e-4f6f-9e4b-1c94a5b4a348/datanode-3/data/ratis/3c329446-4bfc-4225-90f4-c3200702acae/in_use.lock acquired by nodename 32027@trunk-nightly-q2gwj-1111726333
2019-07-13 12:36:16,217 INFO  storage.RaftStorage (RaftStorage.java:format(72)) - Storage directory /tmp/workdir/hadoop-ozone/integration-test/target/test-dir/MiniOzoneClusterImpl-9c8493bd-b58e-4f6f-9e4b-1c94a5b4a348/datanode-4/data/ratis/3c329446-4bfc-4225-90f4-c3200702acae has been successfully formatted.
2019-07-13 12:36:16,217 INFO  storage.RaftStorage (RaftStorage.java:format(72)) - Storage directory /tmp/workdir/hadoop-ozone/integration-test/target/test-dir/MiniOzoneClusterImpl-9c8493bd-b58e-4f6f-9e4b-1c94a5b4a348/datanode-5/data/ratis/3c329446-4bfc-4225-90f4-c3200702acae has been successfully formatted.
2019-07-13 12:36:16,217 INFO  storage.RaftStorage (RaftStorage.java:format(72)) - Storage directory /tmp/workdir/hadoop-ozone/integration-test/target/test-dir/MiniOzoneClusterImpl-9c8493bd-b58e-4f6f-9e4b-1c94a5b4a348/datanode-3/data/ratis/3c329446-4bfc-4225-90f4-c3200702acae has been successfully formatted.
2019-07-13 12:36:16,217 INFO  ratis.ContainerStateMachine (ContainerStateMachine.java:loadSnapshot(200)) - The snapshot info is null.Setting the last applied index to:(t:0, i:~)
2019-07-13 12:36:16,218 INFO  ratis.ContainerStateMachine (ContainerStateMachine.java:loadSnapshot(200)) - The snapshot info is null.Setting the last applied index to:(t:0, i:~)
2019-07-13 12:36:16,217 INFO  ratis.ContainerStateMachine (ContainerStateMachine.java:loadSnapshot(200)) - The snapshot info is null.Setting the last applied index to:(t:0, i:~)
2019-07-13 12:36:16,218 INFO  server.RaftServerConfigKeys (ConfUtils.java:logGet(43)) - raft.server.leader.election.timeout = 120s (custom)
2019-07-13 12:36:16,218 INFO  server.RaftServerConfigKeys (ConfUtils.java:logGet(43)) - raft.server.leader.election.timeout = 120s (custom)
2019-07-13 12:36:16,218 INFO  server.RaftServerConfigKeys (ConfUtils.java:logGet(43)) - raft.server.log.use.memory = false (default)
2019-07-13 12:36:16,218 INFO  server.RaftServerConfigKeys (ConfUtils.java:logGet(43)) - raft.server.leader.election.timeout = 120s (custom)
2019-07-13 12:36:16,218 INFO  server.RaftServerConfigKeys (ConfUtils.java:logGet(43)) - raft.server.log.purge.gap = 1000000000 (custom)
2019-07-13 12:36:16,218 INFO  server.RaftServerConfigKeys (ConfUtils.java:logGet(43)) - raft.server.log.use.memory = false (default)
2019-07-13 12:36:16,219 INFO  server.RaftServerConfigKeys (ConfUtils.java:logGet(43)) - raft.server.log.appender.buffer.byte-limit = 33554432 (custom)
2019-07-13 12:36:16,219 INFO  server.RaftServerConfigKeys (ConfUtils.java:logGet(43)) - raft.server.log.use.memory = false (default)
2019-07-13 12:36:16,219 INFO  server.RaftServerConfigKeys (ConfUtils.java:logGet(43)) - raft.server.log.segment.size.max = 1048576 (custom)
2019-07-13 12:36:16,219 INFO  server.RaftServerConfigKeys (ConfUtils.java:logGet(43)) - raft.server.log.purge.gap = 1000000000 (custom)
2019-07-13 12:36:16,219 INFO  server.RaftServerConfigKeys (ConfUtils.java:logGet(43)) - raft.server.log.segment.cache.num.max = 2 (custom)
2019-07-13 12:36:16,219 INFO  server.RaftServerConfigKeys (ConfUtils.java:logGet(43)) - raft.server.log.purge.gap = 1000000000 (custom)
2019-07-13 12:36:16,220 INFO  segmented.SegmentedRaftLogWorker (SegmentedRaftLogWorker.java:<init>(172)) - new 7ea096ec-187a-4658-9315-7566fc9dcdad-SegmentedRaftLogWorker:Storage Directory /tmp/workdir/hadoop-ozone/integration-test/target/test-dir/MiniOzoneClusterImpl-9c8493bd-b58e-4f6f-9e4b-1c94a5b4a348/datanode-3/data/ratis/3c329446-4bfc-4225-90f4-c3200702acae for RaftStorage:Storage Directory /tmp/workdir/hadoop-ozone/integration-test/target/test-dir/MiniOzoneClusterImpl-9c8493bd-b58e-4f6f-9e4b-1c94a5b4a348/datanode-3/data/ratis/3c329446-4bfc-4225-90f4-c3200702acae
2019-07-13 12:36:16,220 INFO  server.RaftServerConfigKeys (ConfUtils.java:logGet(43)) - raft.server.log.queue.byte-limit = 2147483647 (custom)
2019-07-13 12:36:16,219 INFO  server.RaftServerConfigKeys (ConfUtils.java:logGet(43)) - raft.server.log.appender.buffer.byte-limit = 33554432 (custom)
2019-07-13 12:36:16,220 INFO  server.RaftServerConfigKeys (ConfUtils.java:logGet(43)) - raft.server.log.queue.element-limit = 1024 (custom)
2019-07-13 12:36:16,220 INFO  server.RaftServerConfigKeys (ConfUtils.java:logGet(43)) - raft.server.log.appender.buffer.byte-limit = 33554432 (custom)
2019-07-13 12:36:16,220 INFO  server.RaftServerConfigKeys (ConfUtils.java:logGet(43)) - raft.server.log.segment.size.max = 1048576 (custom)
2019-07-13 12:36:16,220 INFO  server.RaftServerConfigKeys (ConfUtils.java:logGet(43)) - raft.server.log.segment.size.max = 1048576 (custom)
2019-07-13 12:36:16,221 INFO  server.RaftServerConfigKeys (ConfUtils.java:logGet(43)) - raft.server.log.preallocated.size = 16384 (custom)
2019-07-13 12:36:16,221 INFO  server.RaftServerConfigKeys (ConfUtils.java:logGet(43)) - raft.server.log.write.buffer.size = 33554432 (custom)
2019-07-13 12:36:16,221 INFO  server.RaftServerConfigKeys (ConfUtils.java:logGet(43)) - raft.server.log.segment.size.max = 1048576 (custom)
2019-07-13 12:36:16,221 INFO  server.RaftServerConfigKeys (ConfUtils.java:logGet(43)) - raft.server.log.force.sync.num = 128 (default)
2019-07-13 12:36:16,222 INFO  server.RaftServerConfigKeys (ConfUtils.java:logGet(43)) - raft.server.log.statemachine.data.sync = true (default)
2019-07-13 12:36:16,221 INFO  server.RaftServerConfigKeys (ConfUtils.java:logGet(43)) - raft.server.log.segment.cache.num.max = 2 (custom)
2019-07-13 12:36:16,222 INFO  server.RaftServerConfigKeys (ConfUtils.java:logGet(43)) - raft.server.log.statemachine.data.sync.timeout = 10s (default)
2019-07-13 12:36:16,222 INFO  server.RaftServerConfigKeys (ConfUtils.java:logGet(43)) - raft.server.log.statemachine.data.sync.timeout.retry = -1 (default)
2019-07-13 12:36:16,221 INFO  server.RaftServerConfigKeys (ConfUtils.java:logGet(43)) - raft.server.log.segment.cache.num.max = 2 (custom)
2019-07-13 12:36:16,222 INFO  server.RaftServerConfigKeys (ConfUtils.java:logGet(43)) - raft.server.log.statemachine.data.caching.enabled = true (custom)
2019-07-13 12:36:16,222 INFO  segmented.SegmentedRaftLogWorker (SegmentedRaftLogWorker.java:<init>(172)) - new dcf6cdeb-9534-4169-b6cf-de2a17bac9af-SegmentedRaftLogWorker:Storage Directory /tmp/workdir/hadoop-ozone/integration-test/target/test-dir/MiniOzoneClusterImpl-9c8493bd-b58e-4f6f-9e4b-1c94a5b4a348/datanode-5/data/ratis/3c329446-4bfc-4225-90f4-c3200702acae for RaftStorage:Storage Directory /tmp/workdir/hadoop-ozone/integration-test/target/test-dir/MiniOzoneClusterImpl-9c8493bd-b58e-4f6f-9e4b-1c94a5b4a348/datanode-5/data/ratis/3c329446-4bfc-4225-90f4-c3200702acae
2019-07-13 12:36:16,222 INFO  segmented.SegmentedRaftLogWorker (SegmentedRaftLogWorker.java:<init>(172)) - new 8780d71a-b07f-48ff-bec3-5b2c8fd4a82e-SegmentedRaftLogWorker:Storage Directory /tmp/workdir/hadoop-ozone/integration-test/target/test-dir/MiniOzoneClusterImpl-9c8493bd-b58e-4f6f-9e4b-1c94a5b4a348/datanode-4/data/ratis/3c329446-4bfc-4225-90f4-c3200702acae for RaftStorage:Storage Directory /tmp/workdir/hadoop-ozone/integration-test/target/test-dir/MiniOzoneClusterImpl-9c8493bd-b58e-4f6f-9e4b-1c94a5b4a348/datanode-4/data/ratis/3c329446-4bfc-4225-90f4-c3200702acae
2019-07-13 12:36:16,223 INFO  segmented.SegmentedRaftLogWorker (SegmentedRaftLogWorker.java:lambda$new$0(132)) - 7ea096ec-187a-4658-9315-7566fc9dcdad-SegmentedRaftLogWorker:Storage Directory /tmp/workdir/hadoop-ozone/integration-test/target/test-dir/MiniOzoneClusterImpl-9c8493bd-b58e-4f6f-9e4b-1c94a5b4a348/datanode-3/data/ratis/3c329446-4bfc-4225-90f4-c3200702acae: flushIndex: setUnconditionally 0 -> -1
2019-07-13 12:36:16,223 INFO  server.RaftServerConfigKeys (ConfUtils.java:logGet(43)) - raft.server.log.queue.byte-limit = 2147483647 (custom)
2019-07-13 12:36:16,223 INFO  server.RaftServerConfigKeys (ConfUtils.java:logGet(43)) - raft.server.log.queue.byte-limit = 2147483647 (custom)
2019-07-13 12:36:16,223 INFO  server.RaftServerConfigKeys (ConfUtils.java:logGet(43)) - raft.server.snapshot.auto.trigger.enabled = true (custom)
2019-07-13 12:36:16,223 INFO  server.RaftServerConfigKeys (ConfUtils.java:logGet(43)) - raft.server.log.queue.element-limit = 1024 (custom)
2019-07-13 12:36:16,223 INFO  server.RaftServerConfigKeys (ConfUtils.java:logGet(43)) - raft.server.snapshot.auto.trigger.threshold = 10000 (custom)
2019-07-13 12:36:16,223 INFO  server.RaftServerConfigKeys (ConfUtils.java:logGet(43)) - raft.server.log.queue.element-limit = 1024 (custom)
2019-07-13 12:36:16,224 INFO  server.RaftServerConfigKeys (ConfUtils.java:logGet(43)) - raft.server.retrycache.expirytime = 600000ms (custom)
2019-07-13 12:36:16,224 INFO  server.RaftServerConfigKeys (ConfUtils.java:logGet(43)) - raft.server.log.segment.size.max = 1048576 (custom)
2019-07-13 12:36:16,224 INFO  impl.RaftServerImpl (RaftServerImpl.java:start(180)) - 7ea096ec-187a-4658-9315-7566fc9dcdad: start group-C3200702ACAE
2019-07-13 12:36:16,224 INFO  server.RaftServerConfigKeys (ConfUtils.java:logGet(43)) - raft.server.log.segment.size.max = 1048576 (custom)
2019-07-13 12:36:16,224 INFO  impl.RaftServerImpl (RaftServerImpl.java:setRole(171)) - 7ea096ec-187a-4658-9315-7566fc9dcdad:group-C3200702ACAE changes role from null to FOLLOWER at term 0 for startAsFollower
2019-07-13 12:36:16,224 INFO  server.RaftServerConfigKeys (ConfUtils.java:logGet(43)) - raft.server.log.preallocated.size = 16384 (custom)
2019-07-13 12:36:16,225 INFO  impl.RoleInfo (RoleInfo.java:updateAndGet(143)) - 7ea096ec-187a-4658-9315-7566fc9dcdad: start FollowerState
2019-07-13 12:36:16,224 INFO  server.RaftServerConfigKeys (ConfUtils.java:logGet(43)) - raft.server.log.preallocated.size = 16384 (custom)
2019-07-13 12:36:16,225 INFO  server.RaftServerConfigKeys (ConfUtils.java:logGet(43)) - raft.server.log.write.buffer.size = 33554432 (custom)
2019-07-13 12:36:16,225 INFO  server.RaftServerConfigKeys (ConfUtils.java:logGet(43)) - raft.server.log.write.buffer.size = 33554432 (custom)
2019-07-13 12:36:16,225 INFO  server.RaftServerConfigKeys (ConfUtils.java:logGet(43)) - raft.server.log.force.sync.num = 128 (default)
2019-07-13 12:36:16,225 INFO  util.JmxRegister (JmxRegister.java:tryRegister(44)) - Successfully registered JMX Bean with object name Ratis:service=RaftServer,group=group-C3200702ACAE,id=7ea096ec-187a-4658-9315-7566fc9dcdad
2019-07-13 12:36:16,225 INFO  server.RaftServerConfigKeys (ConfUtils.java:logGet(43)) - raft.server.log.statemachine.data.sync = true (default)
2019-07-13 12:36:16,225 INFO  server.RaftServerConfigKeys (ConfUtils.java:logGet(43)) - raft.server.log.force.sync.num = 128 (default)
2019-07-13 12:36:16,226 INFO  server.RaftServerConfigKeys (ConfUtils.java:logGet(43)) - raft.server.log.statemachine.data.sync.timeout = 10s (default)
2019-07-13 12:36:16,226 INFO  server.RaftServerConfigKeys (ConfUtils.java:logGet(43)) - raft.server.log.statemachine.data.sync = true (default)
2019-07-13 12:36:16,226 INFO  server.RaftServerConfigKeys (ConfUtils.java:logGet(43)) - raft.server.log.statemachine.data.sync.timeout.retry = -1 (default)
2019-07-13 12:36:16,226 INFO  server.RaftServerConfigKeys (ConfUtils.java:logGet(43)) - raft.server.log.statemachine.data.sync.timeout = 10s (default)
2019-07-13 12:36:16,226 INFO  server.RaftServerConfigKeys (ConfUtils.java:logGet(43)) - raft.server.log.statemachine.data.caching.enabled = true (custom)
2019-07-13 12:36:16,227 INFO  server.RaftServerConfigKeys (ConfUtils.java:logGet(43)) - raft.server.log.statemachine.data.sync.timeout.retry = -1 (default)
2019-07-13 12:36:16,227 INFO  segmented.SegmentedRaftLogWorker (SegmentedRaftLogWorker.java:lambda$new$0(132)) - dcf6cdeb-9534-4169-b6cf-de2a17bac9af-SegmentedRaftLogWorker:Storage Directory /tmp/workdir/hadoop-ozone/integration-test/target/test-dir/MiniOzoneClusterImpl-9c8493bd-b58e-4f6f-9e4b-1c94a5b4a348/datanode-5/data/ratis/3c329446-4bfc-4225-90f4-c3200702acae: flushIndex: setUnconditionally 0 -> -1
2019-07-13 12:36:16,227 INFO  server.RaftServerConfigKeys (ConfUtils.java:logGet(43)) - raft.server.log.statemachine.data.caching.enabled = true (custom)
2019-07-13 12:36:16,230 INFO  server.RaftServerConfigKeys (ConfUtils.java:logGet(43)) - raft.server.snapshot.auto.trigger.enabled = true (custom)
2019-07-13 12:36:16,230 INFO  segmented.SegmentedRaftLogWorker (SegmentedRaftLogWorker.java:lambda$new$0(132)) - 8780d71a-b07f-48ff-bec3-5b2c8fd4a82e-SegmentedRaftLogWorker:Storage Directory /tmp/workdir/hadoop-ozone/integration-test/target/test-dir/MiniOzoneClusterImpl-9c8493bd-b58e-4f6f-9e4b-1c94a5b4a348/datanode-4/data/ratis/3c329446-4bfc-4225-90f4-c3200702acae: flushIndex: setUnconditionally 0 -> -1
2019-07-13 12:36:16,230 INFO  server.RaftServerConfigKeys (ConfUtils.java:logGet(43)) - raft.server.snapshot.auto.trigger.threshold = 10000 (custom)
2019-07-13 12:36:16,231 INFO  server.RaftServerConfigKeys (ConfUtils.java:logGet(43)) - raft.server.snapshot.auto.trigger.enabled = true (custom)
2019-07-13 12:36:16,231 INFO  server.RaftServerConfigKeys (ConfUtils.java:logGet(43)) - raft.server.retrycache.expirytime = 600000ms (custom)
2019-07-13 12:36:16,231 INFO  server.RaftServerConfigKeys (ConfUtils.java:logGet(43)) - raft.server.snapshot.auto.trigger.threshold = 10000 (custom)
2019-07-13 12:36:16,231 INFO  impl.RaftServerImpl (RaftServerImpl.java:start(180)) - dcf6cdeb-9534-4169-b6cf-de2a17bac9af: start group-C3200702ACAE
2019-07-13 12:36:16,231 INFO  server.RaftServerConfigKeys (ConfUtils.java:logGet(43)) - raft.server.retrycache.expirytime = 600000ms (custom)
2019-07-13 12:36:16,231 INFO  impl.RaftServerImpl (RaftServerImpl.java:setRole(171)) - dcf6cdeb-9534-4169-b6cf-de2a17bac9af:group-C3200702ACAE changes role from null to FOLLOWER at term 0 for startAsFollower
2019-07-13 12:36:16,231 INFO  impl.RaftServerImpl (RaftServerImpl.java:start(180)) - 8780d71a-b07f-48ff-bec3-5b2c8fd4a82e: start group-C3200702ACAE
2019-07-13 12:36:16,231 INFO  impl.RoleInfo (RoleInfo.java:updateAndGet(143)) - dcf6cdeb-9534-4169-b6cf-de2a17bac9af: start FollowerState
2019-07-13 12:36:16,232 INFO  impl.RaftServerImpl (RaftServerImpl.java:setRole(171)) - 8780d71a-b07f-48ff-bec3-5b2c8fd4a82e:group-C3200702ACAE changes role from null to FOLLOWER at term 0 for startAsFollower
2019-07-13 12:36:16,232 INFO  impl.RoleInfo (RoleInfo.java:updateAndGet(143)) - 8780d71a-b07f-48ff-bec3-5b2c8fd4a82e: start FollowerState
2019-07-13 12:36:16,232 INFO  util.JmxRegister (JmxRegister.java:tryRegister(44)) - Successfully registered JMX Bean with object name Ratis:service=RaftServer,group=group-C3200702ACAE,id=dcf6cdeb-9534-4169-b6cf-de2a17bac9af
2019-07-13 12:36:16,232 INFO  util.JmxRegister (JmxRegister.java:tryRegister(44)) - Successfully registered JMX Bean with object name Ratis:service=RaftServer,group=group-C3200702ACAE,id=8780d71a-b07f-48ff-bec3-5b2c8fd4a82e
2019-07-13 12:36:16,239 INFO  pipeline.PipelineStateManager (PipelineStateManager.java:addPipeline(56)) - Created pipeline Pipeline[ Id: 3c329446-4bfc-4225-90f4-c3200702acae, Nodes: dcf6cdeb-9534-4169-b6cf-de2a17bac9af{ip: 192.168.5.181, host: trunk-nightly-q2gwj-1111726333, networkLocation: /default-rack, certSerialId: null}7ea096ec-187a-4658-9315-7566fc9dcdad{ip: 192.168.5.181, host: trunk-nightly-q2gwj-1111726333, networkLocation: /default-rack, certSerialId: null}8780d71a-b07f-48ff-bec3-5b2c8fd4a82e{ip: 192.168.5.181, host: trunk-nightly-q2gwj-1111726333, networkLocation: /default-rack, certSerialId: null}, Type:RATIS, Factor:THREE, State:OPEN]
2019-07-13 12:36:16,311 INFO  ozone.MiniOzoneClusterImpl (MiniOzoneClusterImpl.java:lambda$waitForClusterToBeReady$0(142)) - Waiting for cluster to be ready. Got 6 of 7 DN Heartbeats.
2019-07-13 12:36:16,312 INFO  node.SCMNodeManager (SCMNodeManager.java:register(269)) - Registered Data node : a16f0559-7fda-4d56-abe1-07f8a6c2689a{ip: 192.168.5.181, host: trunk-nightly-q2gwj-1111726333, networkLocation: /default-rack, certSerialId: null}
2019-07-13 12:36:16,322 INFO  impl.RaftServerProxy (RaftServerProxy.java:addNew(89)) - a16f0559-7fda-4d56-abe1-07f8a6c2689a: addNew group-0330F5612430:[a16f0559-7fda-4d56-abe1-07f8a6c2689a:192.168.5.181:39462] returns group-0330F5612430:java.util.concurrent.CompletableFuture@5a2579[Not completed]
2019-07-13 12:36:16,323 INFO  impl.RaftServerImpl (RaftServerImpl.java:<init>(93)) - a16f0559-7fda-4d56-abe1-07f8a6c2689a: new RaftServerImpl for group-0330F5612430:[a16f0559-7fda-4d56-abe1-07f8a6c2689a:192.168.5.181:39462] with ContainerStateMachine:uninitialized
2019-07-13 12:36:16,323 INFO  server.RaftServerConfigKeys (ConfUtils.java:logGet(43)) - raft.server.rpc.timeout.min = 5s (custom)
2019-07-13 12:36:16,323 INFO  server.RaftServerConfigKeys (ConfUtils.java:logGet(43)) - raft.server.rpc.timeout.max = 5200ms (custom)
2019-07-13 12:36:16,323 INFO  server.RaftServerConfigKeys (ConfUtils.java:logGet(43)) - raft.server.rpcslowness.timeout = 120s (custom)
2019-07-13 12:36:16,323 INFO  server.RaftServerConfigKeys (ConfUtils.java:logGet(43)) - raft.server.sleep.deviation.threshold = 300 (default)
2019-07-13 12:36:16,324 INFO  server.RaftServerConfigKeys (ConfUtils.java:logGet(43)) - raft.server.log.appender.install.snapshot.enabled = false (custom)
2019-07-13 12:36:16,324 INFO  impl.RaftServerImpl (ServerState.java:<init>(105)) - a16f0559-7fda-4d56-abe1-07f8a6c2689a:group-0330F5612430 ConfigurationManager, init=-1: [a16f0559-7fda-4d56-abe1-07f8a6c2689a:192.168.5.181:39462], old=null, confs=<EMPTY_MAP>
2019-07-13 12:36:16,324 INFO  server.RaftServerConfigKeys (ConfUtils.java:logGet(43)) - raft.server.storage.dir = [/tmp/workdir/hadoop-ozone/integration-test/target/test-dir/MiniOzoneClusterImpl-9c8493bd-b58e-4f6f-9e4b-1c94a5b4a348/datanode-6/data/ratis] (custom)
2019-07-13 12:36:16,324 INFO  storage.RaftStorageDirectory (RaftStorageDirectory.java:analyzeStorage(246)) - The storage directory /tmp/workdir/hadoop-ozone/integration-test/target/test-dir/MiniOzoneClusterImpl-9c8493bd-b58e-4f6f-9e4b-1c94a5b4a348/datanode-6/data/ratis/1ab0a895-1eb6-4cee-8a95-0330f5612430 does not exist. Creating ...
2019-07-13 12:36:16,331 INFO  storage.RaftStorageDirectory (RaftStorageDirectory.java:tryLock(328)) - Lock on /tmp/workdir/hadoop-ozone/integration-test/target/test-dir/MiniOzoneClusterImpl-9c8493bd-b58e-4f6f-9e4b-1c94a5b4a348/datanode-6/data/ratis/1ab0a895-1eb6-4cee-8a95-0330f5612430/in_use.lock acquired by nodename 32027@trunk-nightly-q2gwj-1111726333
2019-07-13 12:36:16,340 INFO  storage.RaftStorage (RaftStorage.java:format(72)) - Storage directory /tmp/workdir/hadoop-ozone/integration-test/target/test-dir/MiniOzoneClusterImpl-9c8493bd-b58e-4f6f-9e4b-1c94a5b4a348/datanode-6/data/ratis/1ab0a895-1eb6-4cee-8a95-0330f5612430 has been successfully formatted.
2019-07-13 12:36:16,340 INFO  ratis.ContainerStateMachine (ContainerStateMachine.java:loadSnapshot(200)) - The snapshot info is null.Setting the last applied index to:(t:0, i:~)
2019-07-13 12:36:16,340 INFO  server.RaftServerConfigKeys (ConfUtils.java:logGet(43)) - raft.server.leader.election.timeout = 120s (custom)
2019-07-13 12:36:16,340 INFO  server.RaftServerConfigKeys (ConfUtils.java:logGet(43)) - raft.server.log.use.memory = false (default)
2019-07-13 12:36:16,341 INFO  server.RaftServerConfigKeys (ConfUtils.java:logGet(43)) - raft.server.log.purge.gap = 1000000000 (custom)
2019-07-13 12:36:16,341 INFO  server.RaftServerConfigKeys (ConfUtils.java:logGet(43)) - raft.server.log.appender.buffer.byte-limit = 33554432 (custom)
2019-07-13 12:36:16,341 INFO  server.RaftServerConfigKeys (ConfUtils.java:logGet(43)) - raft.server.log.segment.size.max = 1048576 (custom)
2019-07-13 12:36:16,341 INFO  server.RaftServerConfigKeys (ConfUtils.java:logGet(43)) - raft.server.log.segment.cache.num.max = 2 (custom)
2019-07-13 12:36:16,341 INFO  segmented.SegmentedRaftLogWorker (SegmentedRaftLogWorker.java:<init>(172)) - new a16f0559-7fda-4d56-abe1-07f8a6c2689a-SegmentedRaftLogWorker:Storage Directory /tmp/workdir/hadoop-ozone/integration-test/target/test-dir/MiniOzoneClusterImpl-9c8493bd-b58e-4f6f-9e4b-1c94a5b4a348/datanode-6/data/ratis/1ab0a895-1eb6-4cee-8a95-0330f5612430 for RaftStorage:Storage Directory /tmp/workdir/hadoop-ozone/integration-test/target/test-dir/MiniOzoneClusterImpl-9c8493bd-b58e-4f6f-9e4b-1c94a5b4a348/datanode-6/data/ratis/1ab0a895-1eb6-4cee-8a95-0330f5612430
2019-07-13 12:36:16,341 INFO  server.RaftServerConfigKeys (ConfUtils.java:logGet(43)) - raft.server.log.queue.byte-limit = 2147483647 (custom)
2019-07-13 12:36:16,341 INFO  server.RaftServerConfigKeys (ConfUtils.java:logGet(43)) - raft.server.log.queue.element-limit = 1024 (custom)
2019-07-13 12:36:16,342 INFO  server.RaftServerConfigKeys (ConfUtils.java:logGet(43)) - raft.server.log.segment.size.max = 1048576 (custom)
2019-07-13 12:36:16,342 INFO  server.RaftServerConfigKeys (ConfUtils.java:logGet(43)) - raft.server.log.preallocated.size = 16384 (custom)
2019-07-13 12:36:16,342 INFO  server.RaftServerConfigKeys (ConfUtils.java:logGet(43)) - raft.server.log.write.buffer.size = 33554432 (custom)
2019-07-13 12:36:16,342 INFO  server.RaftServerConfigKeys (ConfUtils.java:logGet(43)) - raft.server.log.force.sync.num = 128 (default)
2019-07-13 12:36:16,342 INFO  server.RaftServerConfigKeys (ConfUtils.java:logGet(43)) - raft.server.log.statemachine.data.sync = true (default)
2019-07-13 12:36:16,342 INFO  server.RaftServerConfigKeys (ConfUtils.java:logGet(43)) - raft.server.log.statemachine.data.sync.timeout = 10s (default)
2019-07-13 12:36:16,343 INFO  server.RaftServerConfigKeys (ConfUtils.java:logGet(43)) - raft.server.log.statemachine.data.sync.timeout.retry = -1 (default)
2019-07-13 12:36:16,343 INFO  server.RaftServerConfigKeys (ConfUtils.java:logGet(43)) - raft.server.log.statemachine.data.caching.enabled = true (custom)
2019-07-13 12:36:16,343 INFO  segmented.SegmentedRaftLogWorker (SegmentedRaftLogWorker.java:lambda$new$0(132)) - a16f0559-7fda-4d56-abe1-07f8a6c2689a-SegmentedRaftLogWorker:Storage Directory /tmp/workdir/hadoop-ozone/integration-test/target/test-dir/MiniOzoneClusterImpl-9c8493bd-b58e-4f6f-9e4b-1c94a5b4a348/datanode-6/data/ratis/1ab0a895-1eb6-4cee-8a95-0330f5612430: flushIndex: setUnconditionally 0 -> -1
2019-07-13 12:36:16,344 INFO  server.RaftServerConfigKeys (ConfUtils.java:logGet(43)) - raft.server.snapshot.auto.trigger.enabled = true (custom)
2019-07-13 12:36:16,344 INFO  server.RaftServerConfigKeys (ConfUtils.java:logGet(43)) - raft.server.snapshot.auto.trigger.threshold = 10000 (custom)
2019-07-13 12:36:16,344 INFO  server.RaftServerConfigKeys (ConfUtils.java:logGet(43)) - raft.server.retrycache.expirytime = 600000ms (custom)
2019-07-13 12:36:16,344 INFO  impl.RaftServerImpl (RaftServerImpl.java:start(180)) - a16f0559-7fda-4d56-abe1-07f8a6c2689a: start group-0330F5612430
2019-07-13 12:36:16,344 INFO  impl.RaftServerImpl (RaftServerImpl.java:setRole(171)) - a16f0559-7fda-4d56-abe1-07f8a6c2689a:group-0330F5612430 changes role from null to FOLLOWER at term 0 for startAsFollower
2019-07-13 12:36:16,345 INFO  impl.RoleInfo (RoleInfo.java:updateAndGet(143)) - a16f0559-7fda-4d56-abe1-07f8a6c2689a: start FollowerState
2019-07-13 12:36:16,345 INFO  util.JmxRegister (JmxRegister.java:tryRegister(44)) - Successfully registered JMX Bean with object name Ratis:service=RaftServer,group=group-0330F5612430,id=a16f0559-7fda-4d56-abe1-07f8a6c2689a
2019-07-13 12:36:16,349 INFO  pipeline.PipelineStateManager (PipelineStateManager.java:addPipeline(56)) - Created pipeline Pipeline[ Id: 1ab0a895-1eb6-4cee-8a95-0330f5612430, Nodes: a16f0559-7fda-4d56-abe1-07f8a6c2689a{ip: 192.168.5.181, host: trunk-nightly-q2gwj-1111726333, networkLocation: /default-rack, certSerialId: null}, Type:RATIS, Factor:ONE, State:OPEN]
2019-07-13 12:36:17,312 INFO  ozone.MiniOzoneClusterImpl (MiniOzoneClusterImpl.java:lambda$waitForClusterToBeReady$0(142)) - Cluster is ready. Got 7 of 7 DN Heartbeats.
2019-07-13 12:36:17,364 INFO  rpc.RpcClient (RpcClient.java:createVolume(287)) - Creating Volume: testblockoutputstream, with jenkins1000 as owner.
2019-07-13 12:36:17,386 INFO  rpc.RpcClient (RpcClient.java:createBucket(424)) - Creating Bucket: testblockoutputstream/testblockoutputstream, with Versioning false and Storage Type set to DISK and Encryption set to false 
2019-07-13 12:36:17,414 INFO  client.GrpcClientProtocolClient (GrpcClientProtocolClient.java:onNext(255)) - client-9135EFCF8375->dcf6cdeb-9534-4169-b6cf-de2a17bac9af: receive RaftClientReply:client-9135EFCF8375->dcf6cdeb-9534-4169-b6cf-de2a17bac9af@group-96A169D8F50B, cid=141, FAILED org.apache.ratis.protocol.NotLeaderException: Server dcf6cdeb-9534-4169-b6cf-de2a17bac9af is not the leader (null). Request must be sent to leader., logIndex=0, commits[dcf6cdeb-9534-4169-b6cf-de2a17bac9af:c-1]
2019-07-13 12:36:18,345 INFO  container.ReplicationManager (ReplicationManager.java:start(155)) - Starting Replication Monitor Thread.
2019-07-13 12:36:18,355 INFO  container.ReplicationManager (ReplicationManager.java:run(207)) - Replication Monitor Thread took 5 milliseconds for processing 1 containers.
2019-07-13 12:36:19,441 INFO  client.GrpcClientProtocolClient (GrpcClientProtocolClient.java:onNext(255)) - client-9135EFCF8375->dcf6cdeb-9534-4169-b6cf-de2a17bac9af: receive RaftClientReply:client-9135EFCF8375->dcf6cdeb-9534-4169-b6cf-de2a17bac9af@group-96A169D8F50B, cid=141, FAILED org.apache.ratis.protocol.NotLeaderException: Server dcf6cdeb-9534-4169-b6cf-de2a17bac9af is not the leader (null). Request must be sent to leader., logIndex=0, commits[dcf6cdeb-9534-4169-b6cf-de2a17bac9af:c-1]
2019-07-13 12:36:20,472 INFO  impl.FollowerState (FollowerState.java:run(106)) - 28d1f63f-793c-40d0-b2c2-829f14fc8f4b:group-49477A92626E changes to CANDIDATE, lastRpcTime:5077, electionTimeout:5077ms
2019-07-13 12:36:20,472 INFO  impl.RoleInfo (RoleInfo.java:shutdownFollowerState(121)) - 28d1f63f-793c-40d0-b2c2-829f14fc8f4b: shutdown FollowerState
2019-07-13 12:36:20,472 INFO  impl.RaftServerImpl (RaftServerImpl.java:setRole(171)) - 28d1f63f-793c-40d0-b2c2-829f14fc8f4b:group-49477A92626E changes role from FOLLOWER to CANDIDATE at term 0 for changeToCandidate
2019-07-13 12:36:20,472 INFO  impl.RoleInfo (RoleInfo.java:updateAndGet(143)) - 28d1f63f-793c-40d0-b2c2-829f14fc8f4b: start LeaderElection
2019-07-13 12:36:20,485 INFO  impl.LeaderElection (LeaderElection.java:askForVotes(181)) - 28d1f63f-793c-40d0-b2c2-829f14fc8f4b:group-49477A92626E:LeaderElection60: begin an election at term 1 for -1: [28d1f63f-793c-40d0-b2c2-829f14fc8f4b:192.168.5.181:44532], old=null
2019-07-13 12:36:20,485 INFO  impl.RoleInfo (RoleInfo.java:shutdownLeaderElection(134)) - 28d1f63f-793c-40d0-b2c2-829f14fc8f4b: shutdown LeaderElection
2019-07-13 12:36:20,485 INFO  impl.RaftServerImpl (RaftServerImpl.java:setRole(171)) - 28d1f63f-793c-40d0-b2c2-829f14fc8f4b:group-49477A92626E changes role from CANDIDATE to LEADER at term 1 for changeToLeader
2019-07-13 12:36:20,485 INFO  impl.RaftServerImpl (ServerState.java:setLeader(263)) - 28d1f63f-793c-40d0-b2c2-829f14fc8f4b:group-49477A92626E change Leader from null to 28d1f63f-793c-40d0-b2c2-829f14fc8f4b at term 1 for becomeLeader, leader elected after 5095ms
2019-07-13 12:36:20,485 INFO  server.RaftServerConfigKeys (ConfUtils.java:logGet(43)) - raft.server.staging.catchup.gap = 1000 (default)
2019-07-13 12:36:20,486 INFO  server.RaftServerConfigKeys (ConfUtils.java:logGet(43)) - raft.server.rpc.sleep.time = 25ms (default)
2019-07-13 12:36:20,486 INFO  server.RaftServerConfigKeys (ConfUtils.java:logGet(43)) - raft.server.write.element-limit = 4096 (default)
2019-07-13 12:36:20,486 INFO  server.RaftServerConfigKeys (ConfUtils.java:logGet(43)) - raft.server.watch.timeout = 10s (default)
2019-07-13 12:36:20,486 INFO  server.RaftServerConfigKeys (ConfUtils.java:logGet(43)) - raft.server.watch.timeout.denomination = 1s (default)
2019-07-13 12:36:20,486 INFO  server.RaftServerConfigKeys (ConfUtils.java:logGet(43)) - raft.server.watch.element-limit = 65536 (default)
2019-07-13 12:36:20,486 INFO  impl.RoleInfo (RoleInfo.java:updateAndGet(143)) - 28d1f63f-793c-40d0-b2c2-829f14fc8f4b: start LeaderState
2019-07-13 12:36:20,487 INFO  segmented.SegmentedRaftLogWorker (SegmentedRaftLogWorker.java:startLogSegment(380)) - 28d1f63f-793c-40d0-b2c2-829f14fc8f4b-SegmentedRaftLogWorker:Storage Directory /tmp/workdir/hadoop-ozone/integration-test/target/test-dir/MiniOzoneClusterImpl-9c8493bd-b58e-4f6f-9e4b-1c94a5b4a348/datanode-0/data/ratis/31c132d8-8364-4a97-bf85-49477a92626e: Starting segment from index:0
2019-07-13 12:36:20,487 INFO  impl.RaftServerImpl (ServerState.java:setRaftConf(361)) - 28d1f63f-793c-40d0-b2c2-829f14fc8f4b:group-49477A92626E set configuration 0: [28d1f63f-793c-40d0-b2c2-829f14fc8f4b:192.168.5.181:44532], old=null at 0
2019-07-13 12:36:20,517 INFO  segmented.SegmentedRaftLogWorker (SegmentedRaftLogWorker.java:execute(569)) - 28d1f63f-793c-40d0-b2c2-829f14fc8f4b-SegmentedRaftLogWorker:Storage Directory /tmp/workdir/hadoop-ozone/integration-test/target/test-dir/MiniOzoneClusterImpl-9c8493bd-b58e-4f6f-9e4b-1c94a5b4a348/datanode-0/data/ratis/31c132d8-8364-4a97-bf85-49477a92626e: created new log segment /tmp/workdir/hadoop-ozone/integration-test/target/test-dir/MiniOzoneClusterImpl-9c8493bd-b58e-4f6f-9e4b-1c94a5b4a348/datanode-0/data/ratis/31c132d8-8364-4a97-bf85-49477a92626e/current/log_inprogress_0
2019-07-13 12:36:20,638 INFO  impl.FollowerState (FollowerState.java:run(106)) - d4d5bab2-2d37-46de-accb-fdb690dfcc1e:group-0D3AA973DA0D changes to CANDIDATE, lastRpcTime:5106, electionTimeout:5106ms
2019-07-13 12:36:20,638 INFO  impl.RoleInfo (RoleInfo.java:shutdownFollowerState(121)) - d4d5bab2-2d37-46de-accb-fdb690dfcc1e: shutdown FollowerState
2019-07-13 12:36:20,638 INFO  impl.RaftServerImpl (RaftServerImpl.java:setRole(171)) - d4d5bab2-2d37-46de-accb-fdb690dfcc1e:group-0D3AA973DA0D changes role from FOLLOWER to CANDIDATE at term 0 for changeToCandidate
2019-07-13 12:36:20,639 INFO  impl.RoleInfo (RoleInfo.java:updateAndGet(143)) - d4d5bab2-2d37-46de-accb-fdb690dfcc1e: start LeaderElection
2019-07-13 12:36:20,668 INFO  impl.LeaderElection (LeaderElection.java:askForVotes(181)) - d4d5bab2-2d37-46de-accb-fdb690dfcc1e:group-0D3AA973DA0D:LeaderElection61: begin an election at term 1 for -1: [d4d5bab2-2d37-46de-accb-fdb690dfcc1e:192.168.5.181:41054], old=null
2019-07-13 12:36:20,668 INFO  impl.RoleInfo (RoleInfo.java:shutdownLeaderElection(134)) - d4d5bab2-2d37-46de-accb-fdb690dfcc1e: shutdown LeaderElection
2019-07-13 12:36:20,668 INFO  impl.RaftServerImpl (RaftServerImpl.java:setRole(171)) - d4d5bab2-2d37-46de-accb-fdb690dfcc1e:group-0D3AA973DA0D changes role from CANDIDATE to LEADER at term 1 for changeToLeader
2019-07-13 12:36:20,668 INFO  impl.RaftServerImpl (ServerState.java:setLeader(263)) - d4d5bab2-2d37-46de-accb-fdb690dfcc1e:group-0D3AA973DA0D change Leader from null to d4d5bab2-2d37-46de-accb-fdb690dfcc1e at term 1 for becomeLeader, leader elected after 5140ms
2019-07-13 12:36:20,668 INFO  server.RaftServerConfigKeys (ConfUtils.java:logGet(43)) - raft.server.staging.catchup.gap = 1000 (default)
2019-07-13 12:36:20,669 INFO  server.RaftServerConfigKeys (ConfUtils.java:logGet(43)) - raft.server.rpc.sleep.time = 25ms (default)
2019-07-13 12:36:20,669 INFO  server.RaftServerConfigKeys (ConfUtils.java:logGet(43)) - raft.server.write.element-limit = 4096 (default)
2019-07-13 12:36:20,669 INFO  server.RaftServerConfigKeys (ConfUtils.java:logGet(43)) - raft.server.watch.timeout = 10s (default)
2019-07-13 12:36:20,669 INFO  server.RaftServerConfigKeys (ConfUtils.java:logGet(43)) - raft.server.watch.timeout.denomination = 1s (default)
2019-07-13 12:36:20,669 INFO  server.RaftServerConfigKeys (ConfUtils.java:logGet(43)) - raft.server.watch.element-limit = 65536 (default)
2019-07-13 12:36:20,670 INFO  impl.RoleInfo (RoleInfo.java:updateAndGet(143)) - d4d5bab2-2d37-46de-accb-fdb690dfcc1e: start LeaderState
2019-07-13 12:36:20,670 INFO  segmented.SegmentedRaftLogWorker (SegmentedRaftLogWorker.java:startLogSegment(380)) - d4d5bab2-2d37-46de-accb-fdb690dfcc1e-SegmentedRaftLogWorker:Storage Directory /tmp/workdir/hadoop-ozone/integration-test/target/test-dir/MiniOzoneClusterImpl-9c8493bd-b58e-4f6f-9e4b-1c94a5b4a348/datanode-1/data/ratis/f09ea613-11dc-4780-88c9-0d3aa973da0d: Starting segment from index:0
2019-07-13 12:36:20,670 INFO  impl.RaftServerImpl (ServerState.java:setRaftConf(361)) - d4d5bab2-2d37-46de-accb-fdb690dfcc1e:group-0D3AA973DA0D set configuration 0: [d4d5bab2-2d37-46de-accb-fdb690dfcc1e:192.168.5.181:41054], old=null at 0
2019-07-13 12:36:20,693 INFO  segmented.SegmentedRaftLogWorker (SegmentedRaftLogWorker.java:execute(569)) - d4d5bab2-2d37-46de-accb-fdb690dfcc1e-SegmentedRaftLogWorker:Storage Directory /tmp/workdir/hadoop-ozone/integration-test/target/test-dir/MiniOzoneClusterImpl-9c8493bd-b58e-4f6f-9e4b-1c94a5b4a348/datanode-1/data/ratis/f09ea613-11dc-4780-88c9-0d3aa973da0d: created new log segment /tmp/workdir/hadoop-ozone/integration-test/target/test-dir/MiniOzoneClusterImpl-9c8493bd-b58e-4f6f-9e4b-1c94a5b4a348/datanode-1/data/ratis/f09ea613-11dc-4780-88c9-0d3aa973da0d/current/log_inprogress_0
2019-07-13 12:36:20,742 INFO  impl.FollowerState (FollowerState.java:run(106)) - 28d1f63f-793c-40d0-b2c2-829f14fc8f4b:group-0CA3679EDF30 changes to CANDIDATE, lastRpcTime:5010, electionTimeout:5010ms
2019-07-13 12:36:20,742 INFO  impl.RoleInfo (RoleInfo.java:shutdownFollowerState(121)) - 28d1f63f-793c-40d0-b2c2-829f14fc8f4b: shutdown FollowerState
2019-07-13 12:36:20,742 INFO  impl.RaftServerImpl (RaftServerImpl.java:setRole(171)) - 28d1f63f-793c-40d0-b2c2-829f14fc8f4b:group-0CA3679EDF30 changes role from FOLLOWER to CANDIDATE at term 0 for changeToCandidate
2019-07-13 12:36:20,743 INFO  impl.RoleInfo (RoleInfo.java:updateAndGet(143)) - 28d1f63f-793c-40d0-b2c2-829f14fc8f4b: start LeaderElection
2019-07-13 12:36:20,762 INFO  impl.LeaderElection (LeaderElection.java:askForVotes(181)) - 28d1f63f-793c-40d0-b2c2-829f14fc8f4b:group-0CA3679EDF30:LeaderElection62: begin an election at term 1 for -1: [28d1f63f-793c-40d0-b2c2-829f14fc8f4b:192.168.5.181:44532, d4d5bab2-2d37-46de-accb-fdb690dfcc1e:192.168.5.181:41054, 56352b6b-b30d-4a15-89c1-5f335cc44b98:192.168.5.181:32996], old=null
2019-07-13 12:36:20,766 INFO  impl.FollowerState (FollowerState.java:run(106)) - 56352b6b-b30d-4a15-89c1-5f335cc44b98:group-7A13520881B5 changes to CANDIDATE, lastRpcTime:5086, electionTimeout:5084ms
2019-07-13 12:36:20,766 INFO  impl.RoleInfo (RoleInfo.java:shutdownFollowerState(121)) - 56352b6b-b30d-4a15-89c1-5f335cc44b98: shutdown FollowerState
2019-07-13 12:36:20,767 INFO  impl.RaftServerImpl (RaftServerImpl.java:setRole(171)) - 56352b6b-b30d-4a15-89c1-5f335cc44b98:group-7A13520881B5 changes role from FOLLOWER to CANDIDATE at term 0 for changeToCandidate
2019-07-13 12:36:20,767 INFO  impl.RoleInfo (RoleInfo.java:updateAndGet(143)) - 56352b6b-b30d-4a15-89c1-5f335cc44b98: start LeaderElection
2019-07-13 12:36:20,778 INFO  impl.RaftServerImpl (RaftServerImpl.java:setRole(171)) - 56352b6b-b30d-4a15-89c1-5f335cc44b98:group-0CA3679EDF30 changes role from FOLLOWER to FOLLOWER at term 1 for recognizeCandidate:28d1f63f-793c-40d0-b2c2-829f14fc8f4b
2019-07-13 12:36:20,778 INFO  impl.LeaderElection (LeaderElection.java:askForVotes(181)) - 56352b6b-b30d-4a15-89c1-5f335cc44b98:group-7A13520881B5:LeaderElection63: begin an election at term 1 for -1: [56352b6b-b30d-4a15-89c1-5f335cc44b98:192.168.5.181:32996], old=null
2019-07-13 12:36:20,778 INFO  impl.RoleInfo (RoleInfo.java:shutdownFollowerState(121)) - 56352b6b-b30d-4a15-89c1-5f335cc44b98: shutdown FollowerState
2019-07-13 12:36:20,778 INFO  impl.RaftServerImpl (RaftServerImpl.java:setRole(171)) - d4d5bab2-2d37-46de-accb-fdb690dfcc1e:group-0CA3679EDF30 changes role from FOLLOWER to FOLLOWER at term 1 for recognizeCandidate:28d1f63f-793c-40d0-b2c2-829f14fc8f4b
2019-07-13 12:36:20,779 INFO  impl.FollowerState (FollowerState.java:run(114)) - 56352b6b-b30d-4a15-89c1-5f335cc44b98: FollowerState was interrupted: java.lang.InterruptedException: sleep interrupted
2019-07-13 12:36:20,778 INFO  impl.RoleInfo (RoleInfo.java:updateAndGet(143)) - 56352b6b-b30d-4a15-89c1-5f335cc44b98: start FollowerState
2019-07-13 12:36:20,778 INFO  impl.RoleInfo (RoleInfo.java:shutdownLeaderElection(134)) - 56352b6b-b30d-4a15-89c1-5f335cc44b98: shutdown LeaderElection
2019-07-13 12:36:20,781 INFO  impl.RaftServerImpl (RaftServerImpl.java:setRole(171)) - 56352b6b-b30d-4a15-89c1-5f335cc44b98:group-7A13520881B5 changes role from CANDIDATE to LEADER at term 1 for changeToLeader
2019-07-13 12:36:20,779 INFO  impl.RoleInfo (RoleInfo.java:shutdownFollowerState(121)) - d4d5bab2-2d37-46de-accb-fdb690dfcc1e: shutdown FollowerState
2019-07-13 12:36:20,781 INFO  impl.RaftServerImpl (ServerState.java:setLeader(263)) - 56352b6b-b30d-4a15-89c1-5f335cc44b98:group-7A13520881B5 change Leader from null to 56352b6b-b30d-4a15-89c1-5f335cc44b98 at term 1 for becomeLeader, leader elected after 5106ms
2019-07-13 12:36:20,782 INFO  impl.FollowerState (FollowerState.java:run(114)) - d4d5bab2-2d37-46de-accb-fdb690dfcc1e: FollowerState was interrupted: java.lang.InterruptedException: sleep interrupted
2019-07-13 12:36:20,782 INFO  impl.RoleInfo (RoleInfo.java:updateAndGet(143)) - d4d5bab2-2d37-46de-accb-fdb690dfcc1e: start FollowerState
2019-07-13 12:36:20,782 INFO  server.RaftServerConfigKeys (ConfUtils.java:logGet(43)) - raft.server.staging.catchup.gap = 1000 (default)
2019-07-13 12:36:20,785 INFO  server.RaftServerConfigKeys (ConfUtils.java:logGet(43)) - raft.server.rpc.sleep.time = 25ms (default)
2019-07-13 12:36:20,785 INFO  server.RaftServerConfigKeys (ConfUtils.java:logGet(43)) - raft.server.write.element-limit = 4096 (default)
2019-07-13 12:36:20,787 INFO  server.RaftServerConfigKeys (ConfUtils.java:logGet(43)) - raft.server.watch.timeout = 10s (default)
2019-07-13 12:36:20,788 INFO  server.RaftServerConfigKeys (ConfUtils.java:logGet(43)) - raft.server.watch.timeout.denomination = 1s (default)
2019-07-13 12:36:20,788 INFO  impl.LeaderElection (LeaderElection.java:logAndReturn(56)) - 28d1f63f-793c-40d0-b2c2-829f14fc8f4b:group-0CA3679EDF30:LeaderElection62: Election PASSED; received 1 response(s) [28d1f63f-793c-40d0-b2c2-829f14fc8f4b<-56352b6b-b30d-4a15-89c1-5f335cc44b98#0:OK-t1] and 0 exception(s); 28d1f63f-793c-40d0-b2c2-829f14fc8f4b:t1, leader=null, voted=28d1f63f-793c-40d0-b2c2-829f14fc8f4b, raftlog=28d1f63f-793c-40d0-b2c2-829f14fc8f4b-SegmentedRaftLog:OPENED:c-1,f-1,i0, conf=-1: [28d1f63f-793c-40d0-b2c2-829f14fc8f4b:192.168.5.181:44532, d4d5bab2-2d37-46de-accb-fdb690dfcc1e:192.168.5.181:41054, 56352b6b-b30d-4a15-89c1-5f335cc44b98:192.168.5.181:32996], old=null
2019-07-13 12:36:20,788 INFO  server.RaftServerConfigKeys (ConfUtils.java:logGet(43)) - raft.server.watch.element-limit = 65536 (default)
2019-07-13 12:36:20,788 INFO  impl.RoleInfo (RoleInfo.java:shutdownLeaderElection(134)) - 28d1f63f-793c-40d0-b2c2-829f14fc8f4b: shutdown LeaderElection
2019-07-13 12:36:20,788 INFO  impl.RoleInfo (RoleInfo.java:updateAndGet(143)) - 56352b6b-b30d-4a15-89c1-5f335cc44b98: start LeaderState
2019-07-13 12:36:20,788 INFO  impl.RaftServerImpl (RaftServerImpl.java:setRole(171)) - 28d1f63f-793c-40d0-b2c2-829f14fc8f4b:group-0CA3679EDF30 changes role from CANDIDATE to LEADER at term 1 for changeToLeader
2019-07-13 12:36:20,788 INFO  impl.RaftServerImpl (ServerState.java:setLeader(263)) - 28d1f63f-793c-40d0-b2c2-829f14fc8f4b:group-0CA3679EDF30 change Leader from null to 28d1f63f-793c-40d0-b2c2-829f14fc8f4b at term 1 for becomeLeader, leader elected after 5063ms
2019-07-13 12:36:20,788 INFO  segmented.SegmentedRaftLogWorker (SegmentedRaftLogWorker.java:startLogSegment(380)) - 56352b6b-b30d-4a15-89c1-5f335cc44b98-SegmentedRaftLogWorker:Storage Directory /tmp/workdir/hadoop-ozone/integration-test/target/test-dir/MiniOzoneClusterImpl-9c8493bd-b58e-4f6f-9e4b-1c94a5b4a348/datanode-2/data/ratis/3d4c7763-fb99-40b2-91af-7a13520881b5: Starting segment from index:0
2019-07-13 12:36:20,788 INFO  server.RaftServerConfigKeys (ConfUtils.java:logGet(43)) - raft.server.staging.catchup.gap = 1000 (default)
2019-07-13 12:36:20,789 INFO  server.RaftServerConfigKeys (ConfUtils.java:logGet(43)) - raft.server.rpc.sleep.time = 25ms (default)
2019-07-13 12:36:20,789 INFO  server.RaftServerConfigKeys (ConfUtils.java:logGet(43)) - raft.server.write.element-limit = 4096 (default)
2019-07-13 12:36:20,789 INFO  impl.RaftServerImpl (ServerState.java:setRaftConf(361)) - 56352b6b-b30d-4a15-89c1-5f335cc44b98:group-7A13520881B5 set configuration 0: [56352b6b-b30d-4a15-89c1-5f335cc44b98:192.168.5.181:32996], old=null at 0
2019-07-13 12:36:20,789 INFO  server.RaftServerConfigKeys (ConfUtils.java:logGet(43)) - raft.server.watch.timeout = 10s (default)
2019-07-13 12:36:20,789 INFO  server.RaftServerConfigKeys (ConfUtils.java:logGet(43)) - raft.server.watch.timeout.denomination = 1s (default)
2019-07-13 12:36:20,789 INFO  server.RaftServerConfigKeys (ConfUtils.java:logGet(43)) - raft.server.watch.element-limit = 65536 (default)
2019-07-13 12:36:20,790 INFO  server.RaftServerConfigKeys (ConfUtils.java:logGet(43)) - raft.server.log.appender.snapshot.chunk.size.max = 16MB (=16777216) (default)
2019-07-13 12:36:20,790 INFO  server.RaftServerConfigKeys (ConfUtils.java:logGet(43)) - raft.server.log.appender.buffer.byte-limit = 33554432 (custom)
2019-07-13 12:36:20,790 INFO  server.RaftServerConfigKeys (ConfUtils.java:logGet(43)) - raft.server.log.appender.buffer.element-limit = 1 (custom)
2019-07-13 12:36:20,790 INFO  grpc.GrpcConfigKeys$Server (ConfUtils.java:logGet(43)) - raft.grpc.server.leader.outstanding.appends.max = 128 (default)
2019-07-13 12:36:20,791 INFO  server.RaftServerConfigKeys (ConfUtils.java:logGet(43)) - raft.server.rpc.request.timeout = 3000ms (default)
2019-07-13 12:36:20,811 INFO  server.RaftServerConfigKeys (ConfUtils.java:logGet(43)) - raft.server.log.appender.install.snapshot.enabled = false (custom)
2019-07-13 12:36:20,811 INFO  server.RaftServerConfigKeys (ConfUtils.java:logGet(43)) - raft.server.log.appender.snapshot.chunk.size.max = 16MB (=16777216) (default)
2019-07-13 12:36:20,811 INFO  server.RaftServerConfigKeys (ConfUtils.java:logGet(43)) - raft.server.log.appender.buffer.byte-limit = 33554432 (custom)
2019-07-13 12:36:20,811 INFO  server.RaftServerConfigKeys (ConfUtils.java:logGet(43)) - raft.server.log.appender.buffer.element-limit = 1 (custom)
2019-07-13 12:36:20,812 INFO  grpc.GrpcConfigKeys$Server (ConfUtils.java:logGet(43)) - raft.grpc.server.leader.outstanding.appends.max = 128 (default)
2019-07-13 12:36:20,812 INFO  server.RaftServerConfigKeys (ConfUtils.java:logGet(43)) - raft.server.rpc.request.timeout = 3000ms (default)
2019-07-13 12:36:20,812 INFO  server.RaftServerConfigKeys (ConfUtils.java:logGet(43)) - raft.server.log.appender.install.snapshot.enabled = false (custom)
2019-07-13 12:36:20,812 INFO  impl.RoleInfo (RoleInfo.java:updateAndGet(143)) - 28d1f63f-793c-40d0-b2c2-829f14fc8f4b: start LeaderState
2019-07-13 12:36:20,812 INFO  segmented.SegmentedRaftLogWorker (SegmentedRaftLogWorker.java:startLogSegment(380)) - 28d1f63f-793c-40d0-b2c2-829f14fc8f4b-SegmentedRaftLogWorker:Storage Directory /tmp/workdir/hadoop-ozone/integration-test/target/test-dir/MiniOzoneClusterImpl-9c8493bd-b58e-4f6f-9e4b-1c94a5b4a348/datanode-0/data/ratis/af578494-ecd6-4c6a-bdb5-0ca3679edf30: Starting segment from index:0
2019-07-13 12:36:20,812 INFO  segmented.SegmentedRaftLogWorker (SegmentedRaftLogWorker.java:execute(569)) - 56352b6b-b30d-4a15-89c1-5f335cc44b98-SegmentedRaftLogWorker:Storage Directory /tmp/workdir/hadoop-ozone/integration-test/target/test-dir/MiniOzoneClusterImpl-9c8493bd-b58e-4f6f-9e4b-1c94a5b4a348/datanode-2/data/ratis/3d4c7763-fb99-40b2-91af-7a13520881b5: created new log segment /tmp/workdir/hadoop-ozone/integration-test/target/test-dir/MiniOzoneClusterImpl-9c8493bd-b58e-4f6f-9e4b-1c94a5b4a348/datanode-2/data/ratis/3d4c7763-fb99-40b2-91af-7a13520881b5/current/log_inprogress_0
2019-07-13 12:36:20,813 INFO  impl.RaftServerImpl (ServerState.java:setRaftConf(361)) - 28d1f63f-793c-40d0-b2c2-829f14fc8f4b:group-0CA3679EDF30 set configuration 0: [28d1f63f-793c-40d0-b2c2-829f14fc8f4b:192.168.5.181:44532, d4d5bab2-2d37-46de-accb-fdb690dfcc1e:192.168.5.181:41054, 56352b6b-b30d-4a15-89c1-5f335cc44b98:192.168.5.181:32996], old=null at 0
2019-07-13 12:36:20,834 INFO  impl.RaftServerImpl (ServerState.java:setLeader(263)) - 56352b6b-b30d-4a15-89c1-5f335cc44b98:group-0CA3679EDF30 change Leader from null to 28d1f63f-793c-40d0-b2c2-829f14fc8f4b at term 1 for appendEntries, leader elected after 5108ms
2019-07-13 12:36:20,834 INFO  impl.RaftServerImpl (ServerState.java:setLeader(263)) - d4d5bab2-2d37-46de-accb-fdb690dfcc1e:group-0CA3679EDF30 change Leader from null to 28d1f63f-793c-40d0-b2c2-829f14fc8f4b at term 1 for appendEntries, leader elected after 5109ms
2019-07-13 12:36:20,836 INFO  segmented.SegmentedRaftLogWorker (SegmentedRaftLogWorker.java:execute(569)) - 28d1f63f-793c-40d0-b2c2-829f14fc8f4b-SegmentedRaftLogWorker:Storage Directory /tmp/workdir/hadoop-ozone/integration-test/target/test-dir/MiniOzoneClusterImpl-9c8493bd-b58e-4f6f-9e4b-1c94a5b4a348/datanode-0/data/ratis/af578494-ecd6-4c6a-bdb5-0ca3679edf30: created new log segment /tmp/workdir/hadoop-ozone/integration-test/target/test-dir/MiniOzoneClusterImpl-9c8493bd-b58e-4f6f-9e4b-1c94a5b4a348/datanode-0/data/ratis/af578494-ecd6-4c6a-bdb5-0ca3679edf30/current/log_inprogress_0
2019-07-13 12:36:20,836 INFO  impl.RaftServerImpl (ServerState.java:setRaftConf(361)) - d4d5bab2-2d37-46de-accb-fdb690dfcc1e:group-0CA3679EDF30 set configuration 0: [28d1f63f-793c-40d0-b2c2-829f14fc8f4b:192.168.5.181:44532, d4d5bab2-2d37-46de-accb-fdb690dfcc1e:192.168.5.181:41054, 56352b6b-b30d-4a15-89c1-5f335cc44b98:192.168.5.181:32996], old=null at 0
2019-07-13 12:36:20,836 INFO  impl.RaftServerImpl (ServerState.java:setRaftConf(361)) - 56352b6b-b30d-4a15-89c1-5f335cc44b98:group-0CA3679EDF30 set configuration 0: [28d1f63f-793c-40d0-b2c2-829f14fc8f4b:192.168.5.181:44532, d4d5bab2-2d37-46de-accb-fdb690dfcc1e:192.168.5.181:41054, 56352b6b-b30d-4a15-89c1-5f335cc44b98:192.168.5.181:32996], old=null at 0
2019-07-13 12:36:20,837 INFO  segmented.SegmentedRaftLogWorker (SegmentedRaftLogWorker.java:startLogSegment(380)) - d4d5bab2-2d37-46de-accb-fdb690dfcc1e-SegmentedRaftLogWorker:Storage Directory /tmp/workdir/hadoop-ozone/integration-test/target/test-dir/MiniOzoneClusterImpl-9c8493bd-b58e-4f6f-9e4b-1c94a5b4a348/datanode-1/data/ratis/af578494-ecd6-4c6a-bdb5-0ca3679edf30: Starting segment from index:0
2019-07-13 12:36:20,837 INFO  segmented.SegmentedRaftLogWorker (SegmentedRaftLogWorker.java:startLogSegment(380)) - 56352b6b-b30d-4a15-89c1-5f335cc44b98-SegmentedRaftLogWorker:Storage Directory /tmp/workdir/hadoop-ozone/integration-test/target/test-dir/MiniOzoneClusterImpl-9c8493bd-b58e-4f6f-9e4b-1c94a5b4a348/datanode-2/data/ratis/af578494-ecd6-4c6a-bdb5-0ca3679edf30: Starting segment from index:0
2019-07-13 12:36:20,855 INFO  impl.FollowerState (FollowerState.java:run(106)) - 7ea096ec-187a-4658-9315-7566fc9dcdad:group-3AB3B4FAB4D8 changes to CANDIDATE, lastRpcTime:5009, electionTimeout:5009ms
2019-07-13 12:36:20,856 INFO  impl.RoleInfo (RoleInfo.java:shutdownFollowerState(121)) - 7ea096ec-187a-4658-9315-7566fc9dcdad: shutdown FollowerState
2019-07-13 12:36:20,856 INFO  impl.RaftServerImpl (RaftServerImpl.java:setRole(171)) - 7ea096ec-187a-4658-9315-7566fc9dcdad:group-3AB3B4FAB4D8 changes role from FOLLOWER to CANDIDATE at term 0 for changeToCandidate
2019-07-13 12:36:20,856 INFO  impl.RoleInfo (RoleInfo.java:updateAndGet(143)) - 7ea096ec-187a-4658-9315-7566fc9dcdad: start LeaderElection
2019-07-13 12:36:20,860 INFO  segmented.SegmentedRaftLogWorker (SegmentedRaftLogWorker.java:execute(569)) - d4d5bab2-2d37-46de-accb-fdb690dfcc1e-SegmentedRaftLogWorker:Storage Directory /tmp/workdir/hadoop-ozone/integration-test/target/test-dir/MiniOzoneClusterImpl-9c8493bd-b58e-4f6f-9e4b-1c94a5b4a348/datanode-1/data/ratis/af578494-ecd6-4c6a-bdb5-0ca3679edf30: created new log segment /tmp/workdir/hadoop-ozone/integration-test/target/test-dir/MiniOzoneClusterImpl-9c8493bd-b58e-4f6f-9e4b-1c94a5b4a348/datanode-1/data/ratis/af578494-ecd6-4c6a-bdb5-0ca3679edf30/current/log_inprogress_0
2019-07-13 12:36:20,863 INFO  segmented.SegmentedRaftLogWorker (SegmentedRaftLogWorker.java:execute(569)) - 56352b6b-b30d-4a15-89c1-5f335cc44b98-SegmentedRaftLogWorker:Storage Directory /tmp/workdir/hadoop-ozone/integration-test/target/test-dir/MiniOzoneClusterImpl-9c8493bd-b58e-4f6f-9e4b-1c94a5b4a348/datanode-2/data/ratis/af578494-ecd6-4c6a-bdb5-0ca3679edf30: created new log segment /tmp/workdir/hadoop-ozone/integration-test/target/test-dir/MiniOzoneClusterImpl-9c8493bd-b58e-4f6f-9e4b-1c94a5b4a348/datanode-2/data/ratis/af578494-ecd6-4c6a-bdb5-0ca3679edf30/current/log_inprogress_0
2019-07-13 12:36:20,867 INFO  impl.LeaderElection (LeaderElection.java:askForVotes(181)) - 7ea096ec-187a-4658-9315-7566fc9dcdad:group-3AB3B4FAB4D8:LeaderElection64: begin an election at term 1 for -1: [7ea096ec-187a-4658-9315-7566fc9dcdad:192.168.5.181:35252], old=null
2019-07-13 12:36:20,867 INFO  impl.RoleInfo (RoleInfo.java:shutdownLeaderElection(134)) - 7ea096ec-187a-4658-9315-7566fc9dcdad: shutdown LeaderElection
2019-07-13 12:36:20,867 INFO  impl.RaftServerImpl (RaftServerImpl.java:setRole(171)) - 7ea096ec-187a-4658-9315-7566fc9dcdad:group-3AB3B4FAB4D8 changes role from CANDIDATE to LEADER at term 1 for changeToLeader
2019-07-13 12:36:20,867 INFO  impl.RaftServerImpl (ServerState.java:setLeader(263)) - 7ea096ec-187a-4658-9315-7566fc9dcdad:group-3AB3B4FAB4D8 change Leader from null to 7ea096ec-187a-4658-9315-7566fc9dcdad at term 1 for becomeLeader, leader elected after 5025ms
2019-07-13 12:36:20,868 INFO  server.RaftServerConfigKeys (ConfUtils.java:logGet(43)) - raft.server.staging.catchup.gap = 1000 (default)
2019-07-13 12:36:20,868 INFO  server.RaftServerConfigKeys (ConfUtils.java:logGet(43)) - raft.server.rpc.sleep.time = 25ms (default)
2019-07-13 12:36:20,868 INFO  server.RaftServerConfigKeys (ConfUtils.java:logGet(43)) - raft.server.write.element-limit = 4096 (default)
2019-07-13 12:36:20,868 INFO  server.RaftServerConfigKeys (ConfUtils.java:logGet(43)) - raft.server.watch.timeout = 10s (default)
2019-07-13 12:36:20,868 INFO  server.RaftServerConfigKeys (ConfUtils.java:logGet(43)) - raft.server.watch.timeout.denomination = 1s (default)
2019-07-13 12:36:20,868 INFO  server.RaftServerConfigKeys (ConfUtils.java:logGet(43)) - raft.server.watch.element-limit = 65536 (default)
2019-07-13 12:36:20,868 INFO  impl.RoleInfo (RoleInfo.java:updateAndGet(143)) - 7ea096ec-187a-4658-9315-7566fc9dcdad: start LeaderState
2019-07-13 12:36:20,869 INFO  segmented.SegmentedRaftLogWorker (SegmentedRaftLogWorker.java:startLogSegment(380)) - 7ea096ec-187a-4658-9315-7566fc9dcdad-SegmentedRaftLogWorker:Storage Directory /tmp/workdir/hadoop-ozone/integration-test/target/test-dir/MiniOzoneClusterImpl-9c8493bd-b58e-4f6f-9e4b-1c94a5b4a348/datanode-3/data/ratis/3001af53-2d50-449e-a0d0-3ab3b4fab4d8: Starting segment from index:0
2019-07-13 12:36:20,869 INFO  impl.RaftServerImpl (ServerState.java:setRaftConf(361)) - 7ea096ec-187a-4658-9315-7566fc9dcdad:group-3AB3B4FAB4D8 set configuration 0: [7ea096ec-187a-4658-9315-7566fc9dcdad:192.168.5.181:35252], old=null at 0
2019-07-13 12:36:20,890 INFO  segmented.SegmentedRaftLogWorker (SegmentedRaftLogWorker.java:execute(569)) - 7ea096ec-187a-4658-9315-7566fc9dcdad-SegmentedRaftLogWorker:Storage Directory /tmp/workdir/hadoop-ozone/integration-test/target/test-dir/MiniOzoneClusterImpl-9c8493bd-b58e-4f6f-9e4b-1c94a5b4a348/datanode-3/data/ratis/3001af53-2d50-449e-a0d0-3ab3b4fab4d8: created new log segment /tmp/workdir/hadoop-ozone/integration-test/target/test-dir/MiniOzoneClusterImpl-9c8493bd-b58e-4f6f-9e4b-1c94a5b4a348/datanode-3/data/ratis/3001af53-2d50-449e-a0d0-3ab3b4fab4d8/current/log_inprogress_0
2019-07-13 12:36:21,051 INFO  impl.FollowerState (FollowerState.java:run(106)) - 8780d71a-b07f-48ff-bec3-5b2c8fd4a82e:group-23E87F6EABAB changes to CANDIDATE, lastRpcTime:5044, electionTimeout:5044ms
2019-07-13 12:36:21,052 INFO  impl.RoleInfo (RoleInfo.java:shutdownFollowerState(121)) - 8780d71a-b07f-48ff-bec3-5b2c8fd4a82e: shutdown FollowerState
2019-07-13 12:36:21,052 INFO  impl.RaftServerImpl (RaftServerImpl.java:setRole(171)) - 8780d71a-b07f-48ff-bec3-5b2c8fd4a82e:group-23E87F6EABAB changes role from FOLLOWER to CANDIDATE at term 0 for changeToCandidate
2019-07-13 12:36:21,052 INFO  impl.RoleInfo (RoleInfo.java:updateAndGet(143)) - 8780d71a-b07f-48ff-bec3-5b2c8fd4a82e: start LeaderElection
2019-07-13 12:36:21,064 INFO  impl.LeaderElection (LeaderElection.java:askForVotes(181)) - 8780d71a-b07f-48ff-bec3-5b2c8fd4a82e:group-23E87F6EABAB:LeaderElection65: begin an election at term 1 for -1: [8780d71a-b07f-48ff-bec3-5b2c8fd4a82e:192.168.5.181:35443], old=null
2019-07-13 12:36:21,065 INFO  impl.RoleInfo (RoleInfo.java:shutdownLeaderElection(134)) - 8780d71a-b07f-48ff-bec3-5b2c8fd4a82e: shutdown LeaderElection
2019-07-13 12:36:21,065 INFO  impl.RaftServerImpl (RaftServerImpl.java:setRole(171)) - 8780d71a-b07f-48ff-bec3-5b2c8fd4a82e:group-23E87F6EABAB changes role from CANDIDATE to LEADER at term 1 for changeToLeader
2019-07-13 12:36:21,065 INFO  impl.RaftServerImpl (ServerState.java:setLeader(263)) - 8780d71a-b07f-48ff-bec3-5b2c8fd4a82e:group-23E87F6EABAB change Leader from null to 8780d71a-b07f-48ff-bec3-5b2c8fd4a82e at term 1 for becomeLeader, leader elected after 5062ms
2019-07-13 12:36:21,065 INFO  server.RaftServerConfigKeys (ConfUtils.java:logGet(43)) - raft.server.staging.catchup.gap = 1000 (default)
2019-07-13 12:36:21,065 INFO  server.RaftServerConfigKeys (ConfUtils.java:logGet(43)) - raft.server.rpc.sleep.time = 25ms (default)
2019-07-13 12:36:21,065 INFO  server.RaftServerConfigKeys (ConfUtils.java:logGet(43)) - raft.server.write.element-limit = 4096 (default)
2019-07-13 12:36:21,065 INFO  server.RaftServerConfigKeys (ConfUtils.java:logGet(43)) - raft.server.watch.timeout = 10s (default)
2019-07-13 12:36:21,066 INFO  server.RaftServerConfigKeys (ConfUtils.java:logGet(43)) - raft.server.watch.timeout.denomination = 1s (default)
2019-07-13 12:36:21,066 INFO  server.RaftServerConfigKeys (ConfUtils.java:logGet(43)) - raft.server.watch.element-limit = 65536 (default)
2019-07-13 12:36:21,066 INFO  impl.RoleInfo (RoleInfo.java:updateAndGet(143)) - 8780d71a-b07f-48ff-bec3-5b2c8fd4a82e: start LeaderState
2019-07-13 12:36:21,066 INFO  segmented.SegmentedRaftLogWorker (SegmentedRaftLogWorker.java:startLogSegment(380)) - 8780d71a-b07f-48ff-bec3-5b2c8fd4a82e-SegmentedRaftLogWorker:Storage Directory /tmp/workdir/hadoop-ozone/integration-test/target/test-dir/MiniOzoneClusterImpl-9c8493bd-b58e-4f6f-9e4b-1c94a5b4a348/datanode-4/data/ratis/608ef80a-e7ae-4906-b042-23e87f6eabab: Starting segment from index:0
2019-07-13 12:36:21,067 INFO  impl.RaftServerImpl (ServerState.java:setRaftConf(361)) - 8780d71a-b07f-48ff-bec3-5b2c8fd4a82e:group-23E87F6EABAB set configuration 0: [8780d71a-b07f-48ff-bec3-5b2c8fd4a82e:192.168.5.181:35443], old=null at 0
2019-07-13 12:36:21,096 INFO  segmented.SegmentedRaftLogWorker (SegmentedRaftLogWorker.java:execute(569)) - 8780d71a-b07f-48ff-bec3-5b2c8fd4a82e-SegmentedRaftLogWorker:Storage Directory /tmp/workdir/hadoop-ozone/integration-test/target/test-dir/MiniOzoneClusterImpl-9c8493bd-b58e-4f6f-9e4b-1c94a5b4a348/datanode-4/data/ratis/608ef80a-e7ae-4906-b042-23e87f6eabab: created new log segment /tmp/workdir/hadoop-ozone/integration-test/target/test-dir/MiniOzoneClusterImpl-9c8493bd-b58e-4f6f-9e4b-1c94a5b4a348/datanode-4/data/ratis/608ef80a-e7ae-4906-b042-23e87f6eabab/current/log_inprogress_0
2019-07-13 12:36:21,254 INFO  impl.FollowerState (FollowerState.java:run(106)) - 8780d71a-b07f-48ff-bec3-5b2c8fd4a82e:group-C3200702ACAE changes to CANDIDATE, lastRpcTime:5022, electionTimeout:5022ms
2019-07-13 12:36:21,255 INFO  impl.RoleInfo (RoleInfo.java:shutdownFollowerState(121)) - 8780d71a-b07f-48ff-bec3-5b2c8fd4a82e: shutdown FollowerState
2019-07-13 12:36:21,255 INFO  impl.RaftServerImpl (RaftServerImpl.java:setRole(171)) - 8780d71a-b07f-48ff-bec3-5b2c8fd4a82e:group-C3200702ACAE changes role from FOLLOWER to CANDIDATE at term 0 for changeToCandidate
2019-07-13 12:36:21,255 INFO  impl.RoleInfo (RoleInfo.java:updateAndGet(143)) - 8780d71a-b07f-48ff-bec3-5b2c8fd4a82e: start LeaderElection
2019-07-13 12:36:21,276 INFO  impl.LeaderElection (LeaderElection.java:askForVotes(181)) - 8780d71a-b07f-48ff-bec3-5b2c8fd4a82e:group-C3200702ACAE:LeaderElection66: begin an election at term 1 for -1: [7ea096ec-187a-4658-9315-7566fc9dcdad:192.168.5.181:35252, 8780d71a-b07f-48ff-bec3-5b2c8fd4a82e:192.168.5.181:35443, dcf6cdeb-9534-4169-b6cf-de2a17bac9af:192.168.5.181:42103], old=null
2019-07-13 12:36:21,283 INFO  impl.RaftServerImpl (RaftServerImpl.java:setRole(171)) - dcf6cdeb-9534-4169-b6cf-de2a17bac9af:group-C3200702ACAE changes role from FOLLOWER to FOLLOWER at term 1 for recognizeCandidate:8780d71a-b07f-48ff-bec3-5b2c8fd4a82e
2019-07-13 12:36:21,283 INFO  impl.RaftServerImpl (RaftServerImpl.java:setRole(171)) - 7ea096ec-187a-4658-9315-7566fc9dcdad:group-C3200702ACAE changes role from FOLLOWER to FOLLOWER at term 1 for recognizeCandidate:8780d71a-b07f-48ff-bec3-5b2c8fd4a82e
2019-07-13 12:36:21,283 INFO  impl.RoleInfo (RoleInfo.java:shutdownFollowerState(121)) - dcf6cdeb-9534-4169-b6cf-de2a17bac9af: shutdown FollowerState
2019-07-13 12:36:21,283 INFO  impl.RoleInfo (RoleInfo.java:shutdownFollowerState(121)) - 7ea096ec-187a-4658-9315-7566fc9dcdad: shutdown FollowerState
2019-07-13 12:36:21,284 INFO  impl.FollowerState (FollowerState.java:run(114)) - dcf6cdeb-9534-4169-b6cf-de2a17bac9af: FollowerState was interrupted: java.lang.InterruptedException: sleep interrupted
2019-07-13 12:36:21,284 INFO  impl.RoleInfo (RoleInfo.java:updateAndGet(143)) - dcf6cdeb-9534-4169-b6cf-de2a17bac9af: start FollowerState
2019-07-13 12:36:21,284 INFO  impl.FollowerState (FollowerState.java:run(114)) - 7ea096ec-187a-4658-9315-7566fc9dcdad: FollowerState was interrupted: java.lang.InterruptedException: sleep interrupted
2019-07-13 12:36:21,284 INFO  impl.RoleInfo (RoleInfo.java:updateAndGet(143)) - 7ea096ec-187a-4658-9315-7566fc9dcdad: start FollowerState
2019-07-13 12:36:21,299 INFO  impl.LeaderElection (LeaderElection.java:logAndReturn(56)) - 8780d71a-b07f-48ff-bec3-5b2c8fd4a82e:group-C3200702ACAE:LeaderElection66: Election PASSED; received 1 response(s) [8780d71a-b07f-48ff-bec3-5b2c8fd4a82e<-7ea096ec-187a-4658-9315-7566fc9dcdad#0:OK-t1] and 0 exception(s); 8780d71a-b07f-48ff-bec3-5b2c8fd4a82e:t1, leader=null, voted=8780d71a-b07f-48ff-bec3-5b2c8fd4a82e, raftlog=8780d71a-b07f-48ff-bec3-5b2c8fd4a82e-SegmentedRaftLog:OPENED:c-1,f-1,i0, conf=-1: [7ea096ec-187a-4658-9315-7566fc9dcdad:192.168.5.181:35252, 8780d71a-b07f-48ff-bec3-5b2c8fd4a82e:192.168.5.181:35443, dcf6cdeb-9534-4169-b6cf-de2a17bac9af:192.168.5.181:42103], old=null
2019-07-13 12:36:21,299 INFO  impl.RoleInfo (RoleInfo.java:shutdownLeaderElection(134)) - 8780d71a-b07f-48ff-bec3-5b2c8fd4a82e: shutdown LeaderElection
2019-07-13 12:36:21,299 INFO  impl.RaftServerImpl (RaftServerImpl.java:setRole(171)) - 8780d71a-b07f-48ff-bec3-5b2c8fd4a82e:group-C3200702ACAE changes role from CANDIDATE to LEADER at term 1 for changeToLeader
2019-07-13 12:36:21,299 INFO  impl.RaftServerImpl (ServerState.java:setLeader(263)) - 8780d71a-b07f-48ff-bec3-5b2c8fd4a82e:group-C3200702ACAE change Leader from null to 8780d71a-b07f-48ff-bec3-5b2c8fd4a82e at term 1 for becomeLeader, leader elected after 5081ms
2019-07-13 12:36:21,299 INFO  server.RaftServerConfigKeys (ConfUtils.java:logGet(43)) - raft.server.staging.catchup.gap = 1000 (default)
2019-07-13 12:36:21,300 INFO  server.RaftServerConfigKeys (ConfUtils.java:logGet(43)) - raft.server.rpc.sleep.time = 25ms (default)
2019-07-13 12:36:21,300 INFO  server.RaftServerConfigKeys (ConfUtils.java:logGet(43)) - raft.server.write.element-limit = 4096 (default)
2019-07-13 12:36:21,300 INFO  server.RaftServerConfigKeys (ConfUtils.java:logGet(43)) - raft.server.watch.timeout = 10s (default)
2019-07-13 12:36:21,300 INFO  server.RaftServerConfigKeys (ConfUtils.java:logGet(43)) - raft.server.watch.timeout.denomination = 1s (default)
2019-07-13 12:36:21,300 INFO  server.RaftServerConfigKeys (ConfUtils.java:logGet(43)) - raft.server.watch.element-limit = 65536 (default)
2019-07-13 12:36:21,300 INFO  server.RaftServerConfigKeys (ConfUtils.java:logGet(43)) - raft.server.log.appender.snapshot.chunk.size.max = 16MB (=16777216) (default)
2019-07-13 12:36:21,301 INFO  server.RaftServerConfigKeys (ConfUtils.java:logGet(43)) - raft.server.log.appender.buffer.byte-limit = 33554432 (custom)
2019-07-13 12:36:21,301 INFO  server.RaftServerConfigKeys (ConfUtils.java:logGet(43)) - raft.server.log.appender.buffer.element-limit = 1 (custom)
2019-07-13 12:36:21,301 INFO  grpc.GrpcConfigKeys$Server (ConfUtils.java:logGet(43)) - raft.grpc.server.leader.outstanding.appends.max = 128 (default)
2019-07-13 12:36:21,301 INFO  server.RaftServerConfigKeys (ConfUtils.java:logGet(43)) - raft.server.rpc.request.timeout = 3000ms (default)
2019-07-13 12:36:21,301 INFO  server.RaftServerConfigKeys (ConfUtils.java:logGet(43)) - raft.server.log.appender.install.snapshot.enabled = false (custom)
2019-07-13 12:36:21,302 INFO  server.RaftServerConfigKeys (ConfUtils.java:logGet(43)) - raft.server.log.appender.snapshot.chunk.size.max = 16MB (=16777216) (default)
2019-07-13 12:36:21,302 INFO  server.RaftServerConfigKeys (ConfUtils.java:logGet(43)) - raft.server.log.appender.buffer.byte-limit = 33554432 (custom)
2019-07-13 12:36:21,302 INFO  server.RaftServerConfigKeys (ConfUtils.java:logGet(43)) - raft.server.log.appender.buffer.element-limit = 1 (custom)
2019-07-13 12:36:21,302 INFO  grpc.GrpcConfigKeys$Server (ConfUtils.java:logGet(43)) - raft.grpc.server.leader.outstanding.appends.max = 128 (default)
2019-07-13 12:36:21,302 INFO  server.RaftServerConfigKeys (ConfUtils.java:logGet(43)) - raft.server.rpc.request.timeout = 3000ms (default)
2019-07-13 12:36:21,303 INFO  server.RaftServerConfigKeys (ConfUtils.java:logGet(43)) - raft.server.log.appender.install.snapshot.enabled = false (custom)
2019-07-13 12:36:21,303 INFO  impl.RoleInfo (RoleInfo.java:updateAndGet(143)) - 8780d71a-b07f-48ff-bec3-5b2c8fd4a82e: start LeaderState
2019-07-13 12:36:21,303 INFO  segmented.SegmentedRaftLogWorker (SegmentedRaftLogWorker.java:startLogSegment(380)) - 8780d71a-b07f-48ff-bec3-5b2c8fd4a82e-SegmentedRaftLogWorker:Storage Directory /tmp/workdir/hadoop-ozone/integration-test/target/test-dir/MiniOzoneClusterImpl-9c8493bd-b58e-4f6f-9e4b-1c94a5b4a348/datanode-4/data/ratis/3c329446-4bfc-4225-90f4-c3200702acae: Starting segment from index:0
2019-07-13 12:36:21,304 INFO  impl.RaftServerImpl (ServerState.java:setRaftConf(361)) - 8780d71a-b07f-48ff-bec3-5b2c8fd4a82e:group-C3200702ACAE set configuration 0: [7ea096ec-187a-4658-9315-7566fc9dcdad:192.168.5.181:35252, 8780d71a-b07f-48ff-bec3-5b2c8fd4a82e:192.168.5.181:35443, dcf6cdeb-9534-4169-b6cf-de2a17bac9af:192.168.5.181:42103], old=null at 0
2019-07-13 12:36:21,338 INFO  impl.RaftServerImpl (ServerState.java:setLeader(263)) - 7ea096ec-187a-4658-9315-7566fc9dcdad:group-C3200702ACAE change Leader from null to 8780d71a-b07f-48ff-bec3-5b2c8fd4a82e at term 1 for appendEntries, leader elected after 5120ms
2019-07-13 12:36:21,338 INFO  impl.RaftServerImpl (ServerState.java:setLeader(263)) - dcf6cdeb-9534-4169-b6cf-de2a17bac9af:group-C3200702ACAE change Leader from null to 8780d71a-b07f-48ff-bec3-5b2c8fd4a82e at term 1 for appendEntries, leader elected after 5120ms
2019-07-13 12:36:21,341 INFO  impl.FollowerState (FollowerState.java:run(106)) - dcf6cdeb-9534-4169-b6cf-de2a17bac9af:group-96A169D8F50B changes to CANDIDATE, lastRpcTime:5161, electionTimeout:5159ms
2019-07-13 12:36:21,341 INFO  impl.RoleInfo (RoleInfo.java:shutdownFollowerState(121)) - dcf6cdeb-9534-4169-b6cf-de2a17bac9af: shutdown FollowerState
2019-07-13 12:36:21,344 INFO  impl.RaftServerImpl (RaftServerImpl.java:setRole(171)) - dcf6cdeb-9534-4169-b6cf-de2a17bac9af:group-96A169D8F50B changes role from FOLLOWER to CANDIDATE at term 0 for changeToCandidate
2019-07-13 12:36:21,344 INFO  impl.RoleInfo (RoleInfo.java:updateAndGet(143)) - dcf6cdeb-9534-4169-b6cf-de2a17bac9af: start LeaderElection
2019-07-13 12:36:21,349 INFO  impl.RaftServerImpl (ServerState.java:setRaftConf(361)) - dcf6cdeb-9534-4169-b6cf-de2a17bac9af:group-C3200702ACAE set configuration 0: [7ea096ec-187a-4658-9315-7566fc9dcdad:192.168.5.181:35252, 8780d71a-b07f-48ff-bec3-5b2c8fd4a82e:192.168.5.181:35443, dcf6cdeb-9534-4169-b6cf-de2a17bac9af:192.168.5.181:42103], old=null at 0
2019-07-13 12:36:21,349 INFO  impl.RaftServerImpl (ServerState.java:setRaftConf(361)) - 7ea096ec-187a-4658-9315-7566fc9dcdad:group-C3200702ACAE set configuration 0: [7ea096ec-187a-4658-9315-7566fc9dcdad:192.168.5.181:35252, 8780d71a-b07f-48ff-bec3-5b2c8fd4a82e:192.168.5.181:35443, dcf6cdeb-9534-4169-b6cf-de2a17bac9af:192.168.5.181:42103], old=null at 0
2019-07-13 12:36:21,350 INFO  segmented.SegmentedRaftLogWorker (SegmentedRaftLogWorker.java:startLogSegment(380)) - dcf6cdeb-9534-4169-b6cf-de2a17bac9af-SegmentedRaftLogWorker:Storage Directory /tmp/workdir/hadoop-ozone/integration-test/target/test-dir/MiniOzoneClusterImpl-9c8493bd-b58e-4f6f-9e4b-1c94a5b4a348/datanode-5/data/ratis/3c329446-4bfc-4225-90f4-c3200702acae: Starting segment from index:0
2019-07-13 12:36:21,350 INFO  segmented.SegmentedRaftLogWorker (SegmentedRaftLogWorker.java:startLogSegment(380)) - 7ea096ec-187a-4658-9315-7566fc9dcdad-SegmentedRaftLogWorker:Storage Directory /tmp/workdir/hadoop-ozone/integration-test/target/test-dir/MiniOzoneClusterImpl-9c8493bd-b58e-4f6f-9e4b-1c94a5b4a348/datanode-3/data/ratis/3c329446-4bfc-4225-90f4-c3200702acae: Starting segment from index:0
2019-07-13 12:36:21,357 INFO  segmented.SegmentedRaftLogWorker (SegmentedRaftLogWorker.java:execute(569)) - 8780d71a-b07f-48ff-bec3-5b2c8fd4a82e-SegmentedRaftLogWorker:Storage Directory /tmp/workdir/hadoop-ozone/integration-test/target/test-dir/MiniOzoneClusterImpl-9c8493bd-b58e-4f6f-9e4b-1c94a5b4a348/datanode-4/data/ratis/3c329446-4bfc-4225-90f4-c3200702acae: created new log segment /tmp/workdir/hadoop-ozone/integration-test/target/test-dir/MiniOzoneClusterImpl-9c8493bd-b58e-4f6f-9e4b-1c94a5b4a348/datanode-4/data/ratis/3c329446-4bfc-4225-90f4-c3200702acae/current/log_inprogress_0
2019-07-13 12:36:21,360 INFO  impl.LeaderElection (LeaderElection.java:askForVotes(181)) - dcf6cdeb-9534-4169-b6cf-de2a17bac9af:group-96A169D8F50B:LeaderElection67: begin an election at term 1 for -1: [dcf6cdeb-9534-4169-b6cf-de2a17bac9af:192.168.5.181:42103], old=null
2019-07-13 12:36:21,360 INFO  impl.RoleInfo (RoleInfo.java:shutdownLeaderElection(134)) - dcf6cdeb-9534-4169-b6cf-de2a17bac9af: shutdown LeaderElection
2019-07-13 12:36:21,360 INFO  impl.RaftServerImpl (RaftServerImpl.java:setRole(171)) - dcf6cdeb-9534-4169-b6cf-de2a17bac9af:group-96A169D8F50B changes role from CANDIDATE to LEADER at term 1 for changeToLeader
2019-07-13 12:36:21,361 INFO  impl.RaftServerImpl (ServerState.java:setLeader(263)) - dcf6cdeb-9534-4169-b6cf-de2a17bac9af:group-96A169D8F50B change Leader from null to dcf6cdeb-9534-4169-b6cf-de2a17bac9af at term 1 for becomeLeader, leader elected after 5185ms
2019-07-13 12:36:21,361 INFO  server.RaftServerConfigKeys (ConfUtils.java:logGet(43)) - raft.server.staging.catchup.gap = 1000 (default)
2019-07-13 12:36:21,361 INFO  server.RaftServerConfigKeys (ConfUtils.java:logGet(43)) - raft.server.rpc.sleep.time = 25ms (default)
2019-07-13 12:36:21,361 INFO  server.RaftServerConfigKeys (ConfUtils.java:logGet(43)) - raft.server.write.element-limit = 4096 (default)
2019-07-13 12:36:21,361 INFO  server.RaftServerConfigKeys (ConfUtils.java:logGet(43)) - raft.server.watch.timeout = 10s (default)
2019-07-13 12:36:21,361 INFO  server.RaftServerConfigKeys (ConfUtils.java:logGet(43)) - raft.server.watch.timeout.denomination = 1s (default)
2019-07-13 12:36:21,361 INFO  server.RaftServerConfigKeys (ConfUtils.java:logGet(43)) - raft.server.watch.element-limit = 65536 (default)
2019-07-13 12:36:21,362 INFO  impl.RoleInfo (RoleInfo.java:updateAndGet(143)) - dcf6cdeb-9534-4169-b6cf-de2a17bac9af: start LeaderState
2019-07-13 12:36:21,362 INFO  segmented.SegmentedRaftLogWorker (SegmentedRaftLogWorker.java:startLogSegment(380)) - dcf6cdeb-9534-4169-b6cf-de2a17bac9af-SegmentedRaftLogWorker:Storage Directory /tmp/workdir/hadoop-ozone/integration-test/target/test-dir/MiniOzoneClusterImpl-9c8493bd-b58e-4f6f-9e4b-1c94a5b4a348/datanode-5/data/ratis/34e80164-35a0-4c08-a397-96a169d8f50b: Starting segment from index:0
2019-07-13 12:36:21,363 INFO  impl.RaftServerImpl (ServerState.java:setRaftConf(361)) - dcf6cdeb-9534-4169-b6cf-de2a17bac9af:group-96A169D8F50B set configuration 0: [dcf6cdeb-9534-4169-b6cf-de2a17bac9af:192.168.5.181:42103], old=null at 0
2019-07-13 12:36:21,378 INFO  segmented.SegmentedRaftLogWorker (SegmentedRaftLogWorker.java:execute(569)) - dcf6cdeb-9534-4169-b6cf-de2a17bac9af-SegmentedRaftLogWorker:Storage Directory /tmp/workdir/hadoop-ozone/integration-test/target/test-dir/MiniOzoneClusterImpl-9c8493bd-b58e-4f6f-9e4b-1c94a5b4a348/datanode-5/data/ratis/3c329446-4bfc-4225-90f4-c3200702acae: created new log segment /tmp/workdir/hadoop-ozone/integration-test/target/test-dir/MiniOzoneClusterImpl-9c8493bd-b58e-4f6f-9e4b-1c94a5b4a348/datanode-5/data/ratis/3c329446-4bfc-4225-90f4-c3200702acae/current/log_inprogress_0
2019-07-13 12:36:21,378 INFO  segmented.SegmentedRaftLogWorker (SegmentedRaftLogWorker.java:execute(569)) - 7ea096ec-187a-4658-9315-7566fc9dcdad-SegmentedRaftLogWorker:Storage Directory /tmp/workdir/hadoop-ozone/integration-test/target/test-dir/MiniOzoneClusterImpl-9c8493bd-b58e-4f6f-9e4b-1c94a5b4a348/datanode-3/data/ratis/3c329446-4bfc-4225-90f4-c3200702acae: created new log segment /tmp/workdir/hadoop-ozone/integration-test/target/test-dir/MiniOzoneClusterImpl-9c8493bd-b58e-4f6f-9e4b-1c94a5b4a348/datanode-3/data/ratis/3c329446-4bfc-4225-90f4-c3200702acae/current/log_inprogress_0
2019-07-13 12:36:21,391 INFO  segmented.SegmentedRaftLogWorker (SegmentedRaftLogWorker.java:execute(569)) - dcf6cdeb-9534-4169-b6cf-de2a17bac9af-SegmentedRaftLogWorker:Storage Directory /tmp/workdir/hadoop-ozone/integration-test/target/test-dir/MiniOzoneClusterImpl-9c8493bd-b58e-4f6f-9e4b-1c94a5b4a348/datanode-5/data/ratis/34e80164-35a0-4c08-a397-96a169d8f50b: created new log segment /tmp/workdir/hadoop-ozone/integration-test/target/test-dir/MiniOzoneClusterImpl-9c8493bd-b58e-4f6f-9e4b-1c94a5b4a348/datanode-5/data/ratis/34e80164-35a0-4c08-a397-96a169d8f50b/current/log_inprogress_0
2019-07-13 12:36:21,502 INFO  impl.FollowerState (FollowerState.java:run(106)) - a16f0559-7fda-4d56-abe1-07f8a6c2689a:group-0330F5612430 changes to CANDIDATE, lastRpcTime:5157, electionTimeout:5157ms
2019-07-13 12:36:21,504 INFO  impl.RoleInfo (RoleInfo.java:shutdownFollowerState(121)) - a16f0559-7fda-4d56-abe1-07f8a6c2689a: shutdown FollowerState
2019-07-13 12:36:21,504 INFO  impl.RaftServerImpl (RaftServerImpl.java:setRole(171)) - a16f0559-7fda-4d56-abe1-07f8a6c2689a:group-0330F5612430 changes role from FOLLOWER to CANDIDATE at term 0 for changeToCandidate
2019-07-13 12:36:21,505 INFO  impl.RoleInfo (RoleInfo.java:updateAndGet(143)) - a16f0559-7fda-4d56-abe1-07f8a6c2689a: start LeaderElection
2019-07-13 12:36:21,520 INFO  impl.LeaderElection (LeaderElection.java:askForVotes(181)) - a16f0559-7fda-4d56-abe1-07f8a6c2689a:group-0330F5612430:LeaderElection68: begin an election at term 1 for -1: [a16f0559-7fda-4d56-abe1-07f8a6c2689a:192.168.5.181:39462], old=null
2019-07-13 12:36:21,521 INFO  impl.RoleInfo (RoleInfo.java:shutdownLeaderElection(134)) - a16f0559-7fda-4d56-abe1-07f8a6c2689a: shutdown LeaderElection
2019-07-13 12:36:21,521 INFO  impl.RaftServerImpl (RaftServerImpl.java:setRole(171)) - a16f0559-7fda-4d56-abe1-07f8a6c2689a:group-0330F5612430 changes role from CANDIDATE to LEADER at term 1 for changeToLeader
2019-07-13 12:36:21,521 INFO  impl.RaftServerImpl (ServerState.java:setLeader(263)) - a16f0559-7fda-4d56-abe1-07f8a6c2689a:group-0330F5612430 change Leader from null to a16f0559-7fda-4d56-abe1-07f8a6c2689a at term 1 for becomeLeader, leader elected after 5180ms
2019-07-13 12:36:21,523 INFO  server.RaftServerConfigKeys (ConfUtils.java:logGet(43)) - raft.server.staging.catchup.gap = 1000 (default)
2019-07-13 12:36:21,524 INFO  server.RaftServerConfigKeys (ConfUtils.java:logGet(43)) - raft.server.rpc.sleep.time = 25ms (default)
2019-07-13 12:36:21,524 INFO  server.RaftServerConfigKeys (ConfUtils.java:logGet(43)) - raft.server.write.element-limit = 4096 (default)
2019-07-13 12:36:21,524 INFO  client.GrpcClientProtocolClient (GrpcClientProtocolClient.java:onNext(255)) - client-9135EFCF8375->dcf6cdeb-9534-4169-b6cf-de2a17bac9af: receive RaftClientReply:client-9135EFCF8375->dcf6cdeb-9534-4169-b6cf-de2a17bac9af@group-96A169D8F50B, cid=141, SUCCESS, logIndex=1, commits[dcf6cdeb-9534-4169-b6cf-de2a17bac9af:c1]
2019-07-13 12:36:21,524 INFO  server.RaftServerConfigKeys (ConfUtils.java:logGet(43)) - raft.server.watch.timeout = 10s (default)
2019-07-13 12:36:21,524 INFO  server.RaftServerConfigKeys (ConfUtils.java:logGet(43)) - raft.server.watch.timeout.denomination = 1s (default)
2019-07-13 12:36:21,524 INFO  server.RaftServerConfigKeys (ConfUtils.java:logGet(43)) - raft.server.watch.element-limit = 65536 (default)
2019-07-13 12:36:21,524 INFO  impl.RoleInfo (RoleInfo.java:updateAndGet(143)) - a16f0559-7fda-4d56-abe1-07f8a6c2689a: start LeaderState
2019-07-13 12:36:21,525 INFO  segmented.SegmentedRaftLogWorker (SegmentedRaftLogWorker.java:startLogSegment(380)) - a16f0559-7fda-4d56-abe1-07f8a6c2689a-SegmentedRaftLogWorker:Storage Directory /tmp/workdir/hadoop-ozone/integration-test/target/test-dir/MiniOzoneClusterImpl-9c8493bd-b58e-4f6f-9e4b-1c94a5b4a348/datanode-6/data/ratis/1ab0a895-1eb6-4cee-8a95-0330f5612430: Starting segment from index:0
2019-07-13 12:36:21,525 INFO  impl.RaftServerImpl (ServerState.java:setRaftConf(361)) - a16f0559-7fda-4d56-abe1-07f8a6c2689a:group-0330F5612430 set configuration 0: [a16f0559-7fda-4d56-abe1-07f8a6c2689a:192.168.5.181:39462], old=null at 0
2019-07-13 12:36:21,547 INFO  segmented.SegmentedRaftLogWorker (SegmentedRaftLogWorker.java:execute(569)) - a16f0559-7fda-4d56-abe1-07f8a6c2689a-SegmentedRaftLogWorker:Storage Directory /tmp/workdir/hadoop-ozone/integration-test/target/test-dir/MiniOzoneClusterImpl-9c8493bd-b58e-4f6f-9e4b-1c94a5b4a348/datanode-6/data/ratis/1ab0a895-1eb6-4cee-8a95-0330f5612430: created new log segment /tmp/workdir/hadoop-ozone/integration-test/target/test-dir/MiniOzoneClusterImpl-9c8493bd-b58e-4f6f-9e4b-1c94a5b4a348/datanode-6/data/ratis/1ab0a895-1eb6-4cee-8a95-0330f5612430/current/log_inprogress_0
2019-07-13 12:36:21,555 INFO  client.GrpcClientProtocolClient (GrpcClientProtocolClient.java:onNext(255)) - client-9135EFCF8375->dcf6cdeb-9534-4169-b6cf-de2a17bac9af: receive RaftClientReply:client-9135EFCF8375->dcf6cdeb-9534-4169-b6cf-de2a17bac9af@group-96A169D8F50B, cid=142, SUCCESS, logIndex=3, commits[dcf6cdeb-9534-4169-b6cf-de2a17bac9af:c3]
2019-07-13 12:36:21,581 INFO  client.GrpcClientProtocolClient (GrpcClientProtocolClient.java:onNext(255)) - client-9135EFCF8375->dcf6cdeb-9534-4169-b6cf-de2a17bac9af: receive RaftClientReply:client-9135EFCF8375->dcf6cdeb-9534-4169-b6cf-de2a17bac9af@group-96A169D8F50B, cid=143, SUCCESS, logIndex=4, commits[dcf6cdeb-9534-4169-b6cf-de2a17bac9af:c8]
2019-07-13 12:36:21,584 INFO  client.GrpcClientProtocolClient (GrpcClientProtocolClient.java:onNext(255)) - client-9135EFCF8375->dcf6cdeb-9534-4169-b6cf-de2a17bac9af: receive RaftClientReply:client-9135EFCF8375->dcf6cdeb-9534-4169-b6cf-de2a17bac9af@group-96A169D8F50B, cid=144, SUCCESS, logIndex=5, commits[dcf6cdeb-9534-4169-b6cf-de2a17bac9af:c8]
2019-07-13 12:36:21,584 INFO  client.GrpcClientProtocolClient (GrpcClientProtocolClient.java:onNext(255)) - client-9135EFCF8375->dcf6cdeb-9534-4169-b6cf-de2a17bac9af: receive RaftClientReply:client-9135EFCF8375->dcf6cdeb-9534-4169-b6cf-de2a17bac9af@group-96A169D8F50B, cid=145, SUCCESS, logIndex=6, commits[dcf6cdeb-9534-4169-b6cf-de2a17bac9af:c8]
2019-07-13 12:36:21,585 INFO  client.GrpcClientProtocolClient (GrpcClientProtocolClient.java:onNext(255)) - client-9135EFCF8375->dcf6cdeb-9534-4169-b6cf-de2a17bac9af: receive RaftClientReply:client-9135EFCF8375->dcf6cdeb-9534-4169-b6cf-de2a17bac9af@group-96A169D8F50B, cid=146, SUCCESS, logIndex=7, commits[dcf6cdeb-9534-4169-b6cf-de2a17bac9af:c8]
2019-07-13 12:36:21,590 INFO  client.GrpcClientProtocolClient (GrpcClientProtocolClient.java:onNext(255)) - client-9135EFCF8375->dcf6cdeb-9534-4169-b6cf-de2a17bac9af: receive RaftClientReply:client-9135EFCF8375->dcf6cdeb-9534-4169-b6cf-de2a17bac9af@group-96A169D8F50B, cid=147, SUCCESS, logIndex=9, commits[dcf6cdeb-9534-4169-b6cf-de2a17bac9af:c10]
2019-07-13 12:36:21,591 INFO  client.GrpcClientProtocolClient (GrpcClientProtocolClient.java:onNext(255)) - client-9135EFCF8375->dcf6cdeb-9534-4169-b6cf-de2a17bac9af: receive RaftClientReply:client-9135EFCF8375->dcf6cdeb-9534-4169-b6cf-de2a17bac9af@group-96A169D8F50B, cid=148, SUCCESS, logIndex=10, commits[dcf6cdeb-9534-4169-b6cf-de2a17bac9af:c11]
2019-07-13 12:36:21,593 INFO  container.CloseContainerEventHandler (CloseContainerEventHandler.java:onMessage(61)) - Close container Event triggered for container : #1
2019-07-13 12:36:23,172 INFO  interfaces.Container (KeyValueContainer.java:compactDB(356)) - Container 1 is closed with bcsId 10.
12:36:23.600 [grpc-default-executor-2] ERROR DNAudit - user=null | ip=null | op=WRITE_CHUNK {blockData=conID: 1 locID: 102434168989286411 bcsId: 10} | ret=FAILURE
org.apache.hadoop.hdds.scm.container.common.helpers.ContainerNotOpenException: Container 1 in CLOSED state
	at org.apache.hadoop.ozone.container.common.impl.HddsDispatcher.validateContainerCommand(HddsDispatcher.java:408) ~[hadoop-hdds-container-service-0.5.0-SNAPSHOT.jar:?]
	at org.apache.hadoop.ozone.container.common.transport.server.ratis.ContainerStateMachine.startTransaction(ContainerStateMachine.java:271) ~[hadoop-hdds-container-service-0.5.0-SNAPSHOT.jar:?]
	at org.apache.ratis.server.impl.RaftServerImpl.submitClientRequestAsync(RaftServerImpl.java:566) ~[ratis-server-0.4.0-2337318-SNAPSHOT.jar:0.4.0-2337318-SNAPSHOT]
	at org.apache.ratis.server.impl.RaftServerProxy.lambda$submitClientRequestAsync$7(RaftServerProxy.java:333) ~[ratis-server-0.4.0-2337318-SNAPSHOT.jar:0.4.0-2337318-SNAPSHOT]
	at org.apache.ratis.server.impl.RaftServerProxy.lambda$null$5(RaftServerProxy.java:328) ~[ratis-server-0.4.0-2337318-SNAPSHOT.jar:0.4.0-2337318-SNAPSHOT]
	at org.apache.ratis.util.JavaUtils.callAsUnchecked(JavaUtils.java:109) ~[ratis-common-0.4.0-2337318-SNAPSHOT.jar:0.4.0-2337318-SNAPSHOT]
	at org.apache.ratis.server.impl.RaftServerProxy.lambda$submitRequest$6(RaftServerProxy.java:328) ~[ratis-server-0.4.0-2337318-SNAPSHOT.jar:0.4.0-2337318-SNAPSHOT]
	at java.util.concurrent.CompletableFuture.uniComposeStage(CompletableFuture.java:981) ~[?:1.8.0_212]
	at java.util.concurrent.CompletableFuture.thenCompose(CompletableFuture.java:2124) ~[?:1.8.0_212]
	at org.apache.ratis.server.impl.RaftServerProxy.submitRequest(RaftServerProxy.java:327) ~[ratis-server-0.4.0-2337318-SNAPSHOT.jar:0.4.0-2337318-SNAPSHOT]
	at org.apache.ratis.server.impl.RaftServerProxy.submitClientRequestAsync(RaftServerProxy.java:333) ~[ratis-server-0.4.0-2337318-SNAPSHOT.jar:0.4.0-2337318-SNAPSHOT]
	at org.apache.ratis.grpc.client.GrpcClientProtocolService$RequestStreamObserver.processClientRequest(GrpcClientProtocolService.java:220) ~[ratis-grpc-0.4.0-2337318-SNAPSHOT.jar:0.4.0-2337318-SNAPSHOT]
	at org.apache.ratis.grpc.client.GrpcClientProtocolService$OrderedRequestStreamObserver.processClientRequest(GrpcClientProtocolService.java:326) ~[ratis-grpc-0.4.0-2337318-SNAPSHOT.jar:0.4.0-2337318-SNAPSHOT]
	at org.apache.ratis.util.SlidingWindow$Server.processRequestsFromHead(SlidingWindow.java:429) [ratis-common-0.4.0-2337318-SNAPSHOT.jar:0.4.0-2337318-SNAPSHOT]
	at org.apache.ratis.util.SlidingWindow$Server.receivedRequest(SlidingWindow.java:421) [ratis-common-0.4.0-2337318-SNAPSHOT.jar:0.4.0-2337318-SNAPSHOT]
	at org.apache.ratis.grpc.client.GrpcClientProtocolService$OrderedRequestStreamObserver.processClientRequest(GrpcClientProtocolService.java:345) [ratis-grpc-0.4.0-2337318-SNAPSHOT.jar:0.4.0-2337318-SNAPSHOT]
	at org.apache.ratis.grpc.client.GrpcClientProtocolService$RequestStreamObserver.onNext(GrpcClientProtocolService.java:240) [ratis-grpc-0.4.0-2337318-SNAPSHOT.jar:0.4.0-2337318-SNAPSHOT]
	at org.apache.ratis.grpc.client.GrpcClientProtocolService$RequestStreamObserver.onNext(GrpcClientProtocolService.java:168) [ratis-grpc-0.4.0-2337318-SNAPSHOT.jar:0.4.0-2337318-SNAPSHOT]
	at org.apache.ratis.thirdparty.io.grpc.stub.ServerCalls$StreamingServerCallHandler$StreamingServerCallListener.onMessage(ServerCalls.java:248) [ratis-thirdparty-misc-0.2.0.jar:0.2.0]
	at org.apache.ratis.thirdparty.io.grpc.internal.ServerCallImpl$ServerStreamListenerImpl.messagesAvailable(ServerCallImpl.java:263) [ratis-thirdparty-misc-0.2.0.jar:0.2.0]
	at org.apache.ratis.thirdparty.io.grpc.internal.ServerImpl$JumpToApplicationThreadServerStreamListener$1MessagesAvailable.runInContext(ServerImpl.java:686) [ratis-thirdparty-misc-0.2.0.jar:0.2.0]
	at org.apache.ratis.thirdparty.io.grpc.internal.ContextRunnable.run(ContextRunnable.java:37) [ratis-thirdparty-misc-0.2.0.jar:0.2.0]
	at org.apache.ratis.thirdparty.io.grpc.internal.SerializingExecutor.run(SerializingExecutor.java:123) [ratis-thirdparty-misc-0.2.0.jar:0.2.0]
	at java.util.concurrent.ThreadPoolExecutor.runWorker(ThreadPoolExecutor.java:1149) [?:1.8.0_212]
	at java.util.concurrent.ThreadPoolExecutor$Worker.run(ThreadPoolExecutor.java:624) [?:1.8.0_212]
	at java.lang.Thread.run(Thread.java:748) [?:1.8.0_212]
12:36:23.630 [grpc-default-executor-2] ERROR DNAudit - user=null | ip=null | op=WRITE_CHUNK {blockData=conID: 1 locID: 102434168989286411 bcsId: 10} | ret=FAILURE
org.apache.hadoop.hdds.scm.container.common.helpers.ContainerNotOpenException: Container 1 in CLOSED state
	at org.apache.hadoop.ozone.container.common.impl.HddsDispatcher.validateContainerCommand(HddsDispatcher.java:408) ~[hadoop-hdds-container-service-0.5.0-SNAPSHOT.jar:?]
	at org.apache.hadoop.ozone.container.common.transport.server.ratis.ContainerStateMachine.startTransaction(ContainerStateMachine.java:271) ~[hadoop-hdds-container-service-0.5.0-SNAPSHOT.jar:?]
	at org.apache.ratis.server.impl.RaftServerImpl.submitClientRequestAsync(RaftServerImpl.java:566) ~[ratis-server-0.4.0-2337318-SNAPSHOT.jar:0.4.0-2337318-SNAPSHOT]
	at org.apache.ratis.server.impl.RaftServerProxy.lambda$submitClientRequestAsync$7(RaftServerProxy.java:333) ~[ratis-server-0.4.0-2337318-SNAPSHOT.jar:0.4.0-2337318-SNAPSHOT]
	at org.apache.ratis.server.impl.RaftServerProxy.lambda$null$5(RaftServerProxy.java:328) ~[ratis-server-0.4.0-2337318-SNAPSHOT.jar:0.4.0-2337318-SNAPSHOT]
	at org.apache.ratis.util.JavaUtils.callAsUnchecked(JavaUtils.java:109) ~[ratis-common-0.4.0-2337318-SNAPSHOT.jar:0.4.0-2337318-SNAPSHOT]
	at org.apache.ratis.server.impl.RaftServerProxy.lambda$submitRequest$6(RaftServerProxy.java:328) ~[ratis-server-0.4.0-2337318-SNAPSHOT.jar:0.4.0-2337318-SNAPSHOT]
	at java.util.concurrent.CompletableFuture.uniComposeStage(CompletableFuture.java:981) ~[?:1.8.0_212]
	at java.util.concurrent.CompletableFuture.thenCompose(CompletableFuture.java:2124) ~[?:1.8.0_212]
	at org.apache.ratis.server.impl.RaftServerProxy.submitRequest(RaftServerProxy.java:327) ~[ratis-server-0.4.0-2337318-SNAPSHOT.jar:0.4.0-2337318-SNAPSHOT]
	at org.apache.ratis.server.impl.RaftServerProxy.submitClientRequestAsync(RaftServerProxy.java:333) ~[ratis-server-0.4.0-2337318-SNAPSHOT.jar:0.4.0-2337318-SNAPSHOT]
	at org.apache.ratis.grpc.client.GrpcClientProtocolService$RequestStreamObserver.processClientRequest(GrpcClientProtocolService.java:220) ~[ratis-grpc-0.4.0-2337318-SNAPSHOT.jar:0.4.0-2337318-SNAPSHOT]
	at org.apache.ratis.grpc.client.GrpcClientProtocolService$OrderedRequestStreamObserver.processClientRequest(GrpcClientProtocolService.java:326) ~[ratis-grpc-0.4.0-2337318-SNAPSHOT.jar:0.4.0-2337318-SNAPSHOT]
	at org.apache.ratis.util.SlidingWindow$Server.processRequestsFromHead(SlidingWindow.java:429) [ratis-common-0.4.0-2337318-SNAPSHOT.jar:0.4.0-2337318-SNAPSHOT]
	at org.apache.ratis.util.SlidingWindow$Server.receivedRequest(SlidingWindow.java:421) [ratis-common-0.4.0-2337318-SNAPSHOT.jar:0.4.0-2337318-SNAPSHOT]
	at org.apache.ratis.grpc.client.GrpcClientProtocolService$OrderedRequestStreamObserver.processClientRequest(GrpcClientProtocolService.java:345) [ratis-grpc-0.4.0-2337318-SNAPSHOT.jar:0.4.0-2337318-SNAPSHOT]
	at org.apache.ratis.grpc.client.GrpcClientProtocolService$RequestStreamObserver.onNext(GrpcClientProtocolService.java:240) [ratis-grpc-0.4.0-2337318-SNAPSHOT.jar:0.4.0-2337318-SNAPSHOT]
	at org.apache.ratis.grpc.client.GrpcClientProtocolService$RequestStreamObserver.onNext(GrpcClientProtocolService.java:168) [ratis-grpc-0.4.0-2337318-SNAPSHOT.jar:0.4.0-2337318-SNAPSHOT]
	at org.apache.ratis.thirdparty.io.grpc.stub.ServerCalls$StreamingServerCallHandler$StreamingServerCallListener.onMessage(ServerCalls.java:248) [ratis-thirdparty-misc-0.2.0.jar:0.2.0]
	at org.apache.ratis.thirdparty.io.grpc.internal.ServerCallImpl$ServerStreamListenerImpl.messagesAvailable(ServerCallImpl.java:263) [ratis-thirdparty-misc-0.2.0.jar:0.2.0]
	at org.apache.ratis.thirdparty.io.grpc.internal.ServerImpl$JumpToApplicationThreadServerStreamListener$1MessagesAvailable.runInContext(ServerImpl.java:686) [ratis-thirdparty-misc-0.2.0.jar:0.2.0]
	at org.apache.ratis.thirdparty.io.grpc.internal.ContextRunnable.run(ContextRunnable.java:37) [ratis-thirdparty-misc-0.2.0.jar:0.2.0]
	at org.apache.ratis.thirdparty.io.grpc.internal.SerializingExecutor.run(SerializingExecutor.java:123) [ratis-thirdparty-misc-0.2.0.jar:0.2.0]
	at java.util.concurrent.ThreadPoolExecutor.runWorker(ThreadPoolExecutor.java:1149) [?:1.8.0_212]
	at java.util.concurrent.ThreadPoolExecutor$Worker.run(ThreadPoolExecutor.java:624) [?:1.8.0_212]
	at java.lang.Thread.run(Thread.java:748) [?:1.8.0_212]
2019-07-13 12:36:23,638 INFO  client.GrpcClientProtocolClient (GrpcClientProtocolClient.java:onNext(255)) - client-9135EFCF8375->dcf6cdeb-9534-4169-b6cf-de2a17bac9af: receive RaftClientReply:client-9135EFCF8375->dcf6cdeb-9534-4169-b6cf-de2a17bac9af@group-96A169D8F50B, cid=149, FAILED org.apache.ratis.protocol.StateMachineException: org.apache.hadoop.hdds.scm.container.common.helpers.ContainerNotOpenException from Server dcf6cdeb-9534-4169-b6cf-de2a17bac9af: Container 1 in CLOSED state, logIndex=0, commits[dcf6cdeb-9534-4169-b6cf-de2a17bac9af:c13]
12:36:23.639 [grpc-default-executor-2] ERROR DNAudit - user=null | ip=null | op=PUT_BLOCK {blockData=[blockId=conID: 1 locID: 102434168989286411 bcsId: 0,size=650]} | ret=FAILURE
org.apache.hadoop.hdds.scm.container.common.helpers.ContainerNotOpenException: Container 1 in CLOSED state
	at org.apache.hadoop.ozone.container.common.impl.HddsDispatcher.validateContainerCommand(HddsDispatcher.java:408) ~[hadoop-hdds-container-service-0.5.0-SNAPSHOT.jar:?]
	at org.apache.hadoop.ozone.container.common.transport.server.ratis.ContainerStateMachine.startTransaction(ContainerStateMachine.java:271) ~[hadoop-hdds-container-service-0.5.0-SNAPSHOT.jar:?]
	at org.apache.ratis.server.impl.RaftServerImpl.submitClientRequestAsync(RaftServerImpl.java:566) ~[ratis-server-0.4.0-2337318-SNAPSHOT.jar:0.4.0-2337318-SNAPSHOT]
	at org.apache.ratis.server.impl.RaftServerProxy.lambda$submitClientRequestAsync$7(RaftServerProxy.java:333) ~[ratis-server-0.4.0-2337318-SNAPSHOT.jar:0.4.0-2337318-SNAPSHOT]
	at org.apache.ratis.server.impl.RaftServerProxy.lambda$null$5(RaftServerProxy.java:328) ~[ratis-server-0.4.0-2337318-SNAPSHOT.jar:0.4.0-2337318-SNAPSHOT]
	at org.apache.ratis.util.JavaUtils.callAsUnchecked(JavaUtils.java:109) ~[ratis-common-0.4.0-2337318-SNAPSHOT.jar:0.4.0-2337318-SNAPSHOT]
	at org.apache.ratis.server.impl.RaftServerProxy.lambda$submitRequest$6(RaftServerProxy.java:328) ~[ratis-server-0.4.0-2337318-SNAPSHOT.jar:0.4.0-2337318-SNAPSHOT]
	at java.util.concurrent.CompletableFuture.uniComposeStage(CompletableFuture.java:981) ~[?:1.8.0_212]
	at java.util.concurrent.CompletableFuture.thenCompose(CompletableFuture.java:2124) ~[?:1.8.0_212]
	at org.apache.ratis.server.impl.RaftServerProxy.submitRequest(RaftServerProxy.java:327) ~[ratis-server-0.4.0-2337318-SNAPSHOT.jar:0.4.0-2337318-SNAPSHOT]
	at org.apache.ratis.server.impl.RaftServerProxy.submitClientRequestAsync(RaftServerProxy.java:333) ~[ratis-server-0.4.0-2337318-SNAPSHOT.jar:0.4.0-2337318-SNAPSHOT]
	at org.apache.ratis.grpc.client.GrpcClientProtocolService$RequestStreamObserver.processClientRequest(GrpcClientProtocolService.java:220) ~[ratis-grpc-0.4.0-2337318-SNAPSHOT.jar:0.4.0-2337318-SNAPSHOT]
	at org.apache.ratis.grpc.client.GrpcClientProtocolService$OrderedRequestStreamObserver.processClientRequest(GrpcClientProtocolService.java:326) ~[ratis-grpc-0.4.0-2337318-SNAPSHOT.jar:0.4.0-2337318-SNAPSHOT]
	at org.apache.ratis.util.SlidingWindow$Server.processRequestsFromHead(SlidingWindow.java:429) [ratis-common-0.4.0-2337318-SNAPSHOT.jar:0.4.0-2337318-SNAPSHOT]
	at org.apache.ratis.util.SlidingWindow$Server.receivedRequest(SlidingWindow.java:421) [ratis-common-0.4.0-2337318-SNAPSHOT.jar:0.4.0-2337318-SNAPSHOT]
	at org.apache.ratis.grpc.client.GrpcClientProtocolService$OrderedRequestStreamObserver.processClientRequest(GrpcClientProtocolService.java:345) [ratis-grpc-0.4.0-2337318-SNAPSHOT.jar:0.4.0-2337318-SNAPSHOT]
	at org.apache.ratis.grpc.client.GrpcClientProtocolService$RequestStreamObserver.onNext(GrpcClientProtocolService.java:240) [ratis-grpc-0.4.0-2337318-SNAPSHOT.jar:0.4.0-2337318-SNAPSHOT]
	at org.apache.ratis.grpc.client.GrpcClientProtocolService$RequestStreamObserver.onNext(GrpcClientProtocolService.java:168) [ratis-grpc-0.4.0-2337318-SNAPSHOT.jar:0.4.0-2337318-SNAPSHOT]
	at org.apache.ratis.thirdparty.io.grpc.stub.ServerCalls$StreamingServerCallHandler$StreamingServerCallListener.onMessage(ServerCalls.java:248) [ratis-thirdparty-misc-0.2.0.jar:0.2.0]
	at org.apache.ratis.thirdparty.io.grpc.internal.ServerCallImpl$ServerStreamListenerImpl.messagesAvailable(ServerCallImpl.java:263) [ratis-thirdparty-misc-0.2.0.jar:0.2.0]
	at org.apache.ratis.thirdparty.io.grpc.internal.ServerImpl$JumpToApplicationThreadServerStreamListener$1MessagesAvailable.runInContext(ServerImpl.java:686) [ratis-thirdparty-misc-0.2.0.jar:0.2.0]
	at org.apache.ratis.thirdparty.io.grpc.internal.ContextRunnable.run(ContextRunnable.java:37) [ratis-thirdparty-misc-0.2.0.jar:0.2.0]
	at org.apache.ratis.thirdparty.io.grpc.internal.SerializingExecutor.run(SerializingExecutor.java:123) [ratis-thirdparty-misc-0.2.0.jar:0.2.0]
	at java.util.concurrent.ThreadPoolExecutor.runWorker(ThreadPoolExecutor.java:1149) [?:1.8.0_212]
	at java.util.concurrent.ThreadPoolExecutor$Worker.run(ThreadPoolExecutor.java:624) [?:1.8.0_212]
	at java.lang.Thread.run(Thread.java:748) [?:1.8.0_212]
2019-07-13 12:36:23,645 INFO  client.GrpcClientProtocolClient (GrpcClientProtocolClient.java:onNext(255)) - client-9135EFCF8375->dcf6cdeb-9534-4169-b6cf-de2a17bac9af: receive RaftClientReply:client-9135EFCF8375->dcf6cdeb-9534-4169-b6cf-de2a17bac9af@group-96A169D8F50B, cid=150, FAILED org.apache.ratis.protocol.StateMachineException: org.apache.hadoop.hdds.scm.container.common.helpers.ContainerNotOpenException from Server dcf6cdeb-9534-4169-b6cf-de2a17bac9af: Container 1 in CLOSED state, logIndex=0, commits[dcf6cdeb-9534-4169-b6cf-de2a17bac9af:c13]
12:36:23.647 [grpc-default-executor-2] ERROR DNAudit - user=null | ip=null | op=WRITE_CHUNK {blockData=conID: 1 locID: 102434168989286411 bcsId: 10} | ret=FAILURE
org.apache.hadoop.hdds.scm.container.common.helpers.ContainerNotOpenException: Container 1 in CLOSED state
	at org.apache.hadoop.ozone.container.common.impl.HddsDispatcher.validateContainerCommand(HddsDispatcher.java:408) ~[hadoop-hdds-container-service-0.5.0-SNAPSHOT.jar:?]
	at org.apache.hadoop.ozone.container.common.transport.server.ratis.ContainerStateMachine.startTransaction(ContainerStateMachine.java:271) ~[hadoop-hdds-container-service-0.5.0-SNAPSHOT.jar:?]
	at org.apache.ratis.server.impl.RaftServerImpl.submitClientRequestAsync(RaftServerImpl.java:566) ~[ratis-server-0.4.0-2337318-SNAPSHOT.jar:0.4.0-2337318-SNAPSHOT]
	at org.apache.ratis.server.impl.RaftServerProxy.lambda$submitClientRequestAsync$7(RaftServerProxy.java:333) ~[ratis-server-0.4.0-2337318-SNAPSHOT.jar:0.4.0-2337318-SNAPSHOT]
	at org.apache.ratis.server.impl.RaftServerProxy.lambda$null$5(RaftServerProxy.java:328) ~[ratis-server-0.4.0-2337318-SNAPSHOT.jar:0.4.0-2337318-SNAPSHOT]
	at org.apache.ratis.util.JavaUtils.callAsUnchecked(JavaUtils.java:109) ~[ratis-common-0.4.0-2337318-SNAPSHOT.jar:0.4.0-2337318-SNAPSHOT]
	at org.apache.ratis.server.impl.RaftServerProxy.lambda$submitRequest$6(RaftServerProxy.java:328) ~[ratis-server-0.4.0-2337318-SNAPSHOT.jar:0.4.0-2337318-SNAPSHOT]
	at java.util.concurrent.CompletableFuture.uniComposeStage(CompletableFuture.java:981) ~[?:1.8.0_212]
	at java.util.concurrent.CompletableFuture.thenCompose(CompletableFuture.java:2124) ~[?:1.8.0_212]
	at org.apache.ratis.server.impl.RaftServerProxy.submitRequest(RaftServerProxy.java:327) ~[ratis-server-0.4.0-2337318-SNAPSHOT.jar:0.4.0-2337318-SNAPSHOT]
	at org.apache.ratis.server.impl.RaftServerProxy.submitClientRequestAsync(RaftServerProxy.java:333) ~[ratis-server-0.4.0-2337318-SNAPSHOT.jar:0.4.0-2337318-SNAPSHOT]
	at org.apache.ratis.grpc.client.GrpcClientProtocolService$RequestStreamObserver.processClientRequest(GrpcClientProtocolService.java:220) ~[ratis-grpc-0.4.0-2337318-SNAPSHOT.jar:0.4.0-2337318-SNAPSHOT]
	at org.apache.ratis.grpc.client.GrpcClientProtocolService$OrderedRequestStreamObserver.processClientRequest(GrpcClientProtocolService.java:326) ~[ratis-grpc-0.4.0-2337318-SNAPSHOT.jar:0.4.0-2337318-SNAPSHOT]
	at org.apache.ratis.util.SlidingWindow$Server.processRequestsFromHead(SlidingWindow.java:429) [ratis-common-0.4.0-2337318-SNAPSHOT.jar:0.4.0-2337318-SNAPSHOT]
	at org.apache.ratis.util.SlidingWindow$Server.receivedRequest(SlidingWindow.java:421) [ratis-common-0.4.0-2337318-SNAPSHOT.jar:0.4.0-2337318-SNAPSHOT]
	at org.apache.ratis.grpc.client.GrpcClientProtocolService$OrderedRequestStreamObserver.processClientRequest(GrpcClientProtocolService.java:345) [ratis-grpc-0.4.0-2337318-SNAPSHOT.jar:0.4.0-2337318-SNAPSHOT]
	at org.apache.ratis.grpc.client.GrpcClientProtocolService$RequestStreamObserver.onNext(GrpcClientProtocolService.java:240) [ratis-grpc-0.4.0-2337318-SNAPSHOT.jar:0.4.0-2337318-SNAPSHOT]
	at org.apache.ratis.grpc.client.GrpcClientProtocolService$RequestStreamObserver.onNext(GrpcClientProtocolService.java:168) [ratis-grpc-0.4.0-2337318-SNAPSHOT.jar:0.4.0-2337318-SNAPSHOT]
	at org.apache.ratis.thirdparty.io.grpc.stub.ServerCalls$StreamingServerCallHandler$StreamingServerCallListener.onMessage(ServerCalls.java:248) [ratis-thirdparty-misc-0.2.0.jar:0.2.0]
	at org.apache.ratis.thirdparty.io.grpc.internal.ServerCallImpl$ServerStreamListenerImpl.messagesAvailable(ServerCallImpl.java:263) [ratis-thirdparty-misc-0.2.0.jar:0.2.0]
	at org.apache.ratis.thirdparty.io.grpc.internal.ServerImpl$JumpToApplicationThreadServerStreamListener$1MessagesAvailable.runInContext(ServerImpl.java:686) [ratis-thirdparty-misc-0.2.0.jar:0.2.0]
	at org.apache.ratis.thirdparty.io.grpc.internal.ContextRunnable.run(ContextRunnable.java:37) [ratis-thirdparty-misc-0.2.0.jar:0.2.0]
	at org.apache.ratis.thirdparty.io.grpc.internal.SerializingExecutor.run(SerializingExecutor.java:123) [ratis-thirdparty-misc-0.2.0.jar:0.2.0]
	at java.util.concurrent.ThreadPoolExecutor.runWorker(ThreadPoolExecutor.java:1149) [?:1.8.0_212]
	at java.util.concurrent.ThreadPoolExecutor$Worker.run(ThreadPoolExecutor.java:624) [?:1.8.0_212]
	at java.lang.Thread.run(Thread.java:748) [?:1.8.0_212]
2019-07-13 12:36:23,648 INFO  client.GrpcClientProtocolClient (GrpcClientProtocolClient.java:onNext(255)) - client-9135EFCF8375->dcf6cdeb-9534-4169-b6cf-de2a17bac9af: receive RaftClientReply:client-9135EFCF8375->dcf6cdeb-9534-4169-b6cf-de2a17bac9af@group-96A169D8F50B, cid=151, FAILED org.apache.ratis.protocol.StateMachineException: org.apache.hadoop.hdds.scm.container.common.helpers.ContainerNotOpenException from Server dcf6cdeb-9534-4169-b6cf-de2a17bac9af: Container 1 in CLOSED state, logIndex=0, commits[dcf6cdeb-9534-4169-b6cf-de2a17bac9af:c13]
12:36:23.655 [grpc-default-executor-2] ERROR DNAudit - user=null | ip=null | op=WRITE_CHUNK {blockData=conID: 1 locID: 102434168989286411 bcsId: 10} | ret=FAILURE
org.apache.hadoop.hdds.scm.container.common.helpers.ContainerNotOpenException: Container 1 in CLOSED state
	at org.apache.hadoop.ozone.container.common.impl.HddsDispatcher.validateContainerCommand(HddsDispatcher.java:408) ~[hadoop-hdds-container-service-0.5.0-SNAPSHOT.jar:?]
	at org.apache.hadoop.ozone.container.common.transport.server.ratis.ContainerStateMachine.startTransaction(ContainerStateMachine.java:271) ~[hadoop-hdds-container-service-0.5.0-SNAPSHOT.jar:?]
	at org.apache.ratis.server.impl.RaftServerImpl.submitClientRequestAsync(RaftServerImpl.java:566) ~[ratis-server-0.4.0-2337318-SNAPSHOT.jar:0.4.0-2337318-SNAPSHOT]
	at org.apache.ratis.server.impl.RaftServerProxy.lambda$submitClientRequestAsync$7(RaftServerProxy.java:333) ~[ratis-server-0.4.0-2337318-SNAPSHOT.jar:0.4.0-2337318-SNAPSHOT]
	at org.apache.ratis.server.impl.RaftServerProxy.lambda$null$5(RaftServerProxy.java:328) ~[ratis-server-0.4.0-2337318-SNAPSHOT.jar:0.4.0-2337318-SNAPSHOT]
	at org.apache.ratis.util.JavaUtils.callAsUnchecked(JavaUtils.java:109) ~[ratis-common-0.4.0-2337318-SNAPSHOT.jar:0.4.0-2337318-SNAPSHOT]
	at org.apache.ratis.server.impl.RaftServerProxy.lambda$submitRequest$6(RaftServerProxy.java:328) ~[ratis-server-0.4.0-2337318-SNAPSHOT.jar:0.4.0-2337318-SNAPSHOT]
	at java.util.concurrent.CompletableFuture.uniComposeStage(CompletableFuture.java:981) ~[?:1.8.0_212]
	at java.util.concurrent.CompletableFuture.thenCompose(CompletableFuture.java:2124) ~[?:1.8.0_212]
	at org.apache.ratis.server.impl.RaftServerProxy.submitRequest(RaftServerProxy.java:327) ~[ratis-server-0.4.0-2337318-SNAPSHOT.jar:0.4.0-2337318-SNAPSHOT]
	at org.apache.ratis.server.impl.RaftServerProxy.submitClientRequestAsync(RaftServerProxy.java:333) ~[ratis-server-0.4.0-2337318-SNAPSHOT.jar:0.4.0-2337318-SNAPSHOT]
	at org.apache.ratis.grpc.client.GrpcClientProtocolService$RequestStreamObserver.processClientRequest(GrpcClientProtocolService.java:220) ~[ratis-grpc-0.4.0-2337318-SNAPSHOT.jar:0.4.0-2337318-SNAPSHOT]
	at org.apache.ratis.grpc.client.GrpcClientProtocolService$OrderedRequestStreamObserver.processClientRequest(GrpcClientProtocolService.java:326) ~[ratis-grpc-0.4.0-2337318-SNAPSHOT.jar:0.4.0-2337318-SNAPSHOT]
	at org.apache.ratis.util.SlidingWindow$Server.processRequestsFromHead(SlidingWindow.java:429) [ratis-common-0.4.0-2337318-SNAPSHOT.jar:0.4.0-2337318-SNAPSHOT]
	at org.apache.ratis.util.SlidingWindow$Server.receivedRequest(SlidingWindow.java:421) [ratis-common-0.4.0-2337318-SNAPSHOT.jar:0.4.0-2337318-SNAPSHOT]
	at org.apache.ratis.grpc.client.GrpcClientProtocolService$OrderedRequestStreamObserver.processClientRequest(GrpcClientProtocolService.java:345) [ratis-grpc-0.4.0-2337318-SNAPSHOT.jar:0.4.0-2337318-SNAPSHOT]
	at org.apache.ratis.grpc.client.GrpcClientProtocolService$RequestStreamObserver.onNext(GrpcClientProtocolService.java:240) [ratis-grpc-0.4.0-2337318-SNAPSHOT.jar:0.4.0-2337318-SNAPSHOT]
	at org.apache.ratis.grpc.client.GrpcClientProtocolService$RequestStreamObserver.onNext(GrpcClientProtocolService.java:168) [ratis-grpc-0.4.0-2337318-SNAPSHOT.jar:0.4.0-2337318-SNAPSHOT]
	at org.apache.ratis.thirdparty.io.grpc.stub.ServerCalls$StreamingServerCallHandler$StreamingServerCallListener.onMessage(ServerCalls.java:248) [ratis-thirdparty-misc-0.2.0.jar:0.2.0]
	at org.apache.ratis.thirdparty.io.grpc.internal.ServerCallImpl$ServerStreamListenerImpl.messagesAvailable(ServerCallImpl.java:263) [ratis-thirdparty-misc-0.2.0.jar:0.2.0]
	at org.apache.ratis.thirdparty.io.grpc.internal.ServerImpl$JumpToApplicationThreadServerStreamListener$1MessagesAvailable.runInContext(ServerImpl.java:686) [ratis-thirdparty-misc-0.2.0.jar:0.2.0]
	at org.apache.ratis.thirdparty.io.grpc.internal.ContextRunnable.run(ContextRunnable.java:37) [ratis-thirdparty-misc-0.2.0.jar:0.2.0]
	at org.apache.ratis.thirdparty.io.grpc.internal.SerializingExecutor.run(SerializingExecutor.java:123) [ratis-thirdparty-misc-0.2.0.jar:0.2.0]
	at java.util.concurrent.ThreadPoolExecutor.runWorker(ThreadPoolExecutor.java:1149) [?:1.8.0_212]
	at java.util.concurrent.ThreadPoolExecutor$Worker.run(ThreadPoolExecutor.java:624) [?:1.8.0_212]
	at java.lang.Thread.run(Thread.java:748) [?:1.8.0_212]
2019-07-13 12:36:23,657 INFO  client.GrpcClientProtocolClient (GrpcClientProtocolClient.java:onNext(255)) - client-9135EFCF8375->dcf6cdeb-9534-4169-b6cf-de2a17bac9af: receive RaftClientReply:client-9135EFCF8375->dcf6cdeb-9534-4169-b6cf-de2a17bac9af@group-96A169D8F50B, cid=152, FAILED org.apache.ratis.protocol.StateMachineException: org.apache.hadoop.hdds.scm.container.common.helpers.ContainerNotOpenException from Server dcf6cdeb-9534-4169-b6cf-de2a17bac9af: Container 1 in CLOSED state, logIndex=0, commits[dcf6cdeb-9534-4169-b6cf-de2a17bac9af:c13]
12:36:23.663 [grpc-default-executor-2] ERROR DNAudit - user=null | ip=null | op=PUT_BLOCK {blockData=[blockId=conID: 1 locID: 102434168989286411 bcsId: 0,size=800]} | ret=FAILURE
org.apache.hadoop.hdds.scm.container.common.helpers.ContainerNotOpenException: Container 1 in CLOSED state
	at org.apache.hadoop.ozone.container.common.impl.HddsDispatcher.validateContainerCommand(HddsDispatcher.java:408) ~[hadoop-hdds-container-service-0.5.0-SNAPSHOT.jar:?]
	at org.apache.hadoop.ozone.container.common.transport.server.ratis.ContainerStateMachine.startTransaction(ContainerStateMachine.java:271) ~[hadoop-hdds-container-service-0.5.0-SNAPSHOT.jar:?]
	at org.apache.ratis.server.impl.RaftServerImpl.submitClientRequestAsync(RaftServerImpl.java:566) ~[ratis-server-0.4.0-2337318-SNAPSHOT.jar:0.4.0-2337318-SNAPSHOT]
	at org.apache.ratis.server.impl.RaftServerProxy.lambda$submitClientRequestAsync$7(RaftServerProxy.java:333) ~[ratis-server-0.4.0-2337318-SNAPSHOT.jar:0.4.0-2337318-SNAPSHOT]
	at org.apache.ratis.server.impl.RaftServerProxy.lambda$null$5(RaftServerProxy.java:328) ~[ratis-server-0.4.0-2337318-SNAPSHOT.jar:0.4.0-2337318-SNAPSHOT]
	at org.apache.ratis.util.JavaUtils.callAsUnchecked(JavaUtils.java:109) ~[ratis-common-0.4.0-2337318-SNAPSHOT.jar:0.4.0-2337318-SNAPSHOT]
	at org.apache.ratis.server.impl.RaftServerProxy.lambda$submitRequest$6(RaftServerProxy.java:328) ~[ratis-server-0.4.0-2337318-SNAPSHOT.jar:0.4.0-2337318-SNAPSHOT]
	at java.util.concurrent.CompletableFuture.uniComposeStage(CompletableFuture.java:981) ~[?:1.8.0_212]
	at java.util.concurrent.CompletableFuture.thenCompose(CompletableFuture.java:2124) ~[?:1.8.0_212]
	at org.apache.ratis.server.impl.RaftServerProxy.submitRequest(RaftServerProxy.java:327) ~[ratis-server-0.4.0-2337318-SNAPSHOT.jar:0.4.0-2337318-SNAPSHOT]
	at org.apache.ratis.server.impl.RaftServerProxy.submitClientRequestAsync(RaftServerProxy.java:333) ~[ratis-server-0.4.0-2337318-SNAPSHOT.jar:0.4.0-2337318-SNAPSHOT]
	at org.apache.ratis.grpc.client.GrpcClientProtocolService$RequestStreamObserver.processClientRequest(GrpcClientProtocolService.java:220) ~[ratis-grpc-0.4.0-2337318-SNAPSHOT.jar:0.4.0-2337318-SNAPSHOT]
	at org.apache.ratis.grpc.client.GrpcClientProtocolService$OrderedRequestStreamObserver.processClientRequest(GrpcClientProtocolService.java:326) ~[ratis-grpc-0.4.0-2337318-SNAPSHOT.jar:0.4.0-2337318-SNAPSHOT]
	at org.apache.ratis.util.SlidingWindow$Server.processRequestsFromHead(SlidingWindow.java:429) [ratis-common-0.4.0-2337318-SNAPSHOT.jar:0.4.0-2337318-SNAPSHOT]
	at org.apache.ratis.util.SlidingWindow$Server.receivedRequest(SlidingWindow.java:421) [ratis-common-0.4.0-2337318-SNAPSHOT.jar:0.4.0-2337318-SNAPSHOT]
	at org.apache.ratis.grpc.client.GrpcClientProtocolService$OrderedRequestStreamObserver.processClientRequest(GrpcClientProtocolService.java:345) [ratis-grpc-0.4.0-2337318-SNAPSHOT.jar:0.4.0-2337318-SNAPSHOT]
	at org.apache.ratis.grpc.client.GrpcClientProtocolService$RequestStreamObserver.onNext(GrpcClientProtocolService.java:240) [ratis-grpc-0.4.0-2337318-SNAPSHOT.jar:0.4.0-2337318-SNAPSHOT]
	at org.apache.ratis.grpc.client.GrpcClientProtocolService$RequestStreamObserver.onNext(GrpcClientProtocolService.java:168) [ratis-grpc-0.4.0-2337318-SNAPSHOT.jar:0.4.0-2337318-SNAPSHOT]
	at org.apache.ratis.thirdparty.io.grpc.stub.ServerCalls$StreamingServerCallHandler$StreamingServerCallListener.onMessage(ServerCalls.java:248) [ratis-thirdparty-misc-0.2.0.jar:0.2.0]
	at org.apache.ratis.thirdparty.io.grpc.internal.ServerCallImpl$ServerStreamListenerImpl.messagesAvailable(ServerCallImpl.java:263) [ratis-thirdparty-misc-0.2.0.jar:0.2.0]
	at org.apache.ratis.thirdparty.io.grpc.internal.ServerImpl$JumpToApplicationThreadServerStreamListener$1MessagesAvailable.runInContext(ServerImpl.java:686) [ratis-thirdparty-misc-0.2.0.jar:0.2.0]
	at org.apache.ratis.thirdparty.io.grpc.internal.ContextRunnable.run(ContextRunnable.java:37) [ratis-thirdparty-misc-0.2.0.jar:0.2.0]
	at org.apache.ratis.thirdparty.io.grpc.internal.SerializingExecutor.run(SerializingExecutor.java:123) [ratis-thirdparty-misc-0.2.0.jar:0.2.0]
	at java.util.concurrent.ThreadPoolExecutor.runWorker(ThreadPoolExecutor.java:1149) [?:1.8.0_212]
	at java.util.concurrent.ThreadPoolExecutor$Worker.run(ThreadPoolExecutor.java:624) [?:1.8.0_212]
	at java.lang.Thread.run(Thread.java:748) [?:1.8.0_212]
2019-07-13 12:36:23,665 INFO  client.GrpcClientProtocolClient (GrpcClientProtocolClient.java:onNext(255)) - client-9135EFCF8375->dcf6cdeb-9534-4169-b6cf-de2a17bac9af: receive RaftClientReply:client-9135EFCF8375->dcf6cdeb-9534-4169-b6cf-de2a17bac9af@group-96A169D8F50B, cid=153, FAILED org.apache.ratis.protocol.StateMachineException: org.apache.hadoop.hdds.scm.container.common.helpers.ContainerNotOpenException from Server dcf6cdeb-9534-4169-b6cf-de2a17bac9af: Container 1 in CLOSED state, logIndex=0, commits[dcf6cdeb-9534-4169-b6cf-de2a17bac9af:c13]
2019-07-13 12:36:23,672 INFO  client.GrpcClientProtocolClient (GrpcClientProtocolClient.java:onNext(255)) - client-9135EFCF8375->dcf6cdeb-9534-4169-b6cf-de2a17bac9af: receive RaftClientReply:client-9135EFCF8375->dcf6cdeb-9534-4169-b6cf-de2a17bac9af@group-96A169D8F50B, cid=154, FAILED org.apache.ratis.protocol.StateMachineException: org.apache.hadoop.hdds.scm.container.common.helpers.ContainerNotOpenException from Server dcf6cdeb-9534-4169-b6cf-de2a17bac9af: Container 1 in CLOSED state, logIndex=0, commits[dcf6cdeb-9534-4169-b6cf-de2a17bac9af:c13]
2019-07-13 12:36:23,762 INFO  client.GrpcClientProtocolClient (GrpcClientProtocolClient.java:onNext(255)) - client-9A72FED3C3F3->56352b6b-b30d-4a15-89c1-5f335cc44b98: receive RaftClientReply:client-9A72FED3C3F3->56352b6b-b30d-4a15-89c1-5f335cc44b98@group-7A13520881B5, cid=155, SUCCESS, logIndex=1, commits[56352b6b-b30d-4a15-89c1-5f335cc44b98:c1]
2019-07-13 12:36:23,784 INFO  client.GrpcClientProtocolClient (GrpcClientProtocolClient.java:onNext(255)) - client-9A72FED3C3F3->56352b6b-b30d-4a15-89c1-5f335cc44b98: receive RaftClientReply:client-9A72FED3C3F3->56352b6b-b30d-4a15-89c1-5f335cc44b98@group-7A13520881B5, cid=156, SUCCESS, logIndex=3, commits[56352b6b-b30d-4a15-89c1-5f335cc44b98:c3]
2019-07-13 12:36:23,825 INFO  client.GrpcClientProtocolClient (GrpcClientProtocolClient.java:onNext(255)) - client-9A72FED3C3F3->56352b6b-b30d-4a15-89c1-5f335cc44b98: receive RaftClientReply:client-9A72FED3C3F3->56352b6b-b30d-4a15-89c1-5f335cc44b98@group-7A13520881B5, cid=157, SUCCESS, logIndex=4, commits[56352b6b-b30d-4a15-89c1-5f335cc44b98:c10]
2019-07-13 12:36:23,828 INFO  client.GrpcClientProtocolClient (GrpcClientProtocolClient.java:onNext(255)) - client-9A72FED3C3F3->56352b6b-b30d-4a15-89c1-5f335cc44b98: receive RaftClientReply:client-9A72FED3C3F3->56352b6b-b30d-4a15-89c1-5f335cc44b98@group-7A13520881B5, cid=158, SUCCESS, logIndex=5, commits[56352b6b-b30d-4a15-89c1-5f335cc44b98:c10]
2019-07-13 12:36:23,828 INFO  client.GrpcClientProtocolClient (GrpcClientProtocolClient.java:onNext(255)) - client-9A72FED3C3F3->56352b6b-b30d-4a15-89c1-5f335cc44b98: receive RaftClientReply:client-9A72FED3C3F3->56352b6b-b30d-4a15-89c1-5f335cc44b98@group-7A13520881B5, cid=159, SUCCESS, logIndex=7, commits[56352b6b-b30d-4a15-89c1-5f335cc44b98:c10]
2019-07-13 12:36:23,829 INFO  client.GrpcClientProtocolClient (GrpcClientProtocolClient.java:onNext(255)) - client-9A72FED3C3F3->56352b6b-b30d-4a15-89c1-5f335cc44b98: receive RaftClientReply:client-9A72FED3C3F3->56352b6b-b30d-4a15-89c1-5f335cc44b98@group-7A13520881B5, cid=160, SUCCESS, logIndex=8, commits[56352b6b-b30d-4a15-89c1-5f335cc44b98:c10]
2019-07-13 12:36:23,846 INFO  client.GrpcClientProtocolClient (GrpcClientProtocolClient.java:onNext(255)) - client-9A72FED3C3F3->56352b6b-b30d-4a15-89c1-5f335cc44b98: receive RaftClientReply:client-9A72FED3C3F3->56352b6b-b30d-4a15-89c1-5f335cc44b98@group-7A13520881B5, cid=161, SUCCESS, logIndex=11, commits[56352b6b-b30d-4a15-89c1-5f335cc44b98:c12]
2019-07-13 12:36:23,848 INFO  client.GrpcClientProtocolClient (GrpcClientProtocolClient.java:onNext(255)) - client-9A72FED3C3F3->56352b6b-b30d-4a15-89c1-5f335cc44b98: receive RaftClientReply:client-9A72FED3C3F3->56352b6b-b30d-4a15-89c1-5f335cc44b98@group-7A13520881B5, cid=162, SUCCESS, logIndex=12, commits[56352b6b-b30d-4a15-89c1-5f335cc44b98:c13]
2019-07-13 12:36:23,864 INFO  pipeline.Pipeline (Pipeline.java:getProtobufMessage(195)) - Serialize pipeline PipelineID=3d4c7763-fb99-40b2-91af-7a13520881b5 with nodesInOrder{ }
2019-07-13 12:36:23,865 INFO  ozone.MiniOzoneClusterImpl (MiniOzoneClusterImpl.java:shutdown(321)) - Shutting down the Mini Ozone Cluster
2019-07-13 12:36:23,866 INFO  ozone.MiniOzoneClusterImpl (MiniOzoneClusterImpl.java:stop(336)) - Stopping the Mini Ozone Cluster
2019-07-13 12:36:23,866 INFO  ozone.MiniOzoneClusterImpl (MiniOzoneClusterImpl.java:stop(338)) - Stopping the OzoneManager
2019-07-13 12:36:23,866 INFO  ipc.Server (Server.java:stop(3082)) - Stopping server on 38881
2019-07-13 12:36:23,875 INFO  ipc.Server (Server.java:run(1185)) - Stopping IPC Server listener on 38881
2019-07-13 12:36:23,879 INFO  utils.BackgroundService (BackgroundService.java:shutdown(148)) - Shutting down service KeyDeletingService
2019-07-13 12:36:23,879 INFO  ipc.Server (Server.java:run(1319)) - Stopping IPC Server Responder
2019-07-13 12:36:23,894 INFO  handler.ContextHandler (ContextHandler.java:doStop(910)) - Stopped o.e.j.w.WebAppContext@3182143c{/,null,UNAVAILABLE}{/ozoneManager}
2019-07-13 12:36:23,895 INFO  server.AbstractConnector (AbstractConnector.java:doStop(318)) - Stopped ServerConnector@7cb38a6a{HTTP/1.1,[http/1.1]}{0.0.0.0:0}
2019-07-13 12:36:23,895 INFO  handler.ContextHandler (ContextHandler.java:doStop(910)) - Stopped o.e.j.s.ServletContextHandler@30a4a111{/static,file:///tmp/workdir/hadoop-ozone/integration-test/target/test-classes/webapps/static,UNAVAILABLE}
2019-07-13 12:36:23,896 INFO  handler.ContextHandler (ContextHandler.java:doStop(910)) - Stopped o.e.j.s.ServletContextHandler@143900a6{/logs,file:///tmp/workdir/hadoop-ozone/integration-test/target/log,UNAVAILABLE}
2019-07-13 12:36:23,898 INFO  ozone.MiniOzoneClusterImpl (MiniOzoneClusterImpl.java:stop(344)) - Shutting the HddsDatanodes
2019-07-13 12:36:23,898 INFO  datanode.ObjectStoreHandler (ObjectStoreHandler.java:close(155)) - Closing ObjectStoreHandler.
2019-07-13 12:36:23,899 INFO  datanode.ObjectStoreHandler (ObjectStoreHandler.java:close(155)) - Closing ObjectStoreHandler.
2019-07-13 12:36:23,899 INFO  ozone.HddsDatanodeService (HddsDatanodeService.java:stop(452)) - Stopped plug-in org.apache.hadoop.ozone.web.OzoneHddsDatanodeService@31428f76
2019-07-13 12:36:23,899 INFO  ozone.HddsDatanodeService (HddsDatanodeService.java:stop(452)) - Stopped plug-in org.apache.hadoop.ozone.web.OzoneHddsDatanodeService@80b6098
2019-07-13 12:36:23,982 INFO  statemachine.DatanodeStateMachine (DatanodeStateMachine.java:lambda$startDaemon$0(350)) - Ozone container server started.
2019-07-13 12:36:24,492 INFO  statemachine.DatanodeStateMachine (DatanodeStateMachine.java:lambda$startDaemon$0(350)) - Ozone container server started.
2019-07-13 12:36:28,061 INFO  node.StaleNodeHandler (StaleNodeHandler.java:onMessage(58)) - Datanode 8780d71a-b07f-48ff-bec3-5b2c8fd4a82e{ip: 192.168.5.181, host: trunk-nightly-q2gwj-1111726333, networkLocation: /default-rack, certSerialId: null} moved to stale state. Finalizing its pipelines [PipelineID=608ef80a-e7ae-4906-b042-23e87f6eabab, PipelineID=3c329446-4bfc-4225-90f4-c3200702acae]
2019-07-13 12:36:28,062 INFO  pipeline.SCMPipelineManager (SCMPipelineManager.java:finalizeAndDestroyPipeline(309)) - destroying pipeline:Pipeline[ Id: 608ef80a-e7ae-4906-b042-23e87f6eabab, Nodes: 8780d71a-b07f-48ff-bec3-5b2c8fd4a82e{ip: 192.168.5.181, host: trunk-nightly-q2gwj-1111726333, networkLocation: /default-rack, certSerialId: null}, Type:RATIS, Factor:ONE, State:OPEN]
2019-07-13 12:36:28,062 INFO  pipeline.PipelineStateManager (PipelineStateManager.java:finalizePipeline(123)) - Pipeline Pipeline[ Id: 608ef80a-e7ae-4906-b042-23e87f6eabab, Nodes: 8780d71a-b07f-48ff-bec3-5b2c8fd4a82e{ip: 192.168.5.181, host: trunk-nightly-q2gwj-1111726333, networkLocation: /default-rack, certSerialId: null}, Type:RATIS, Factor:ONE, State:CLOSED] moved to CLOSED state
2019-07-13 12:36:28,062 INFO  pipeline.SCMPipelineManager (SCMPipelineManager.java:finalizeAndDestroyPipeline(309)) - destroying pipeline:Pipeline[ Id: 3c329446-4bfc-4225-90f4-c3200702acae, Nodes: dcf6cdeb-9534-4169-b6cf-de2a17bac9af{ip: 192.168.5.181, host: trunk-nightly-q2gwj-1111726333, networkLocation: /default-rack, certSerialId: null}7ea096ec-187a-4658-9315-7566fc9dcdad{ip: 192.168.5.181, host: trunk-nightly-q2gwj-1111726333, networkLocation: /default-rack, certSerialId: null}8780d71a-b07f-48ff-bec3-5b2c8fd4a82e{ip: 192.168.5.181, host: trunk-nightly-q2gwj-1111726333, networkLocation: /default-rack, certSerialId: null}, Type:RATIS, Factor:THREE, State:OPEN]
2019-07-13 12:36:28,062 INFO  pipeline.PipelineStateManager (PipelineStateManager.java:finalizePipeline(123)) - Pipeline Pipeline[ Id: 3c329446-4bfc-4225-90f4-c3200702acae, Nodes: dcf6cdeb-9534-4169-b6cf-de2a17bac9af{ip: 192.168.5.181, host: trunk-nightly-q2gwj-1111726333, networkLocation: /default-rack, certSerialId: null}7ea096ec-187a-4658-9315-7566fc9dcdad{ip: 192.168.5.181, host: trunk-nightly-q2gwj-1111726333, networkLocation: /default-rack, certSerialId: null}8780d71a-b07f-48ff-bec3-5b2c8fd4a82e{ip: 192.168.5.181, host: trunk-nightly-q2gwj-1111726333, networkLocation: /default-rack, certSerialId: null}, Type:RATIS, Factor:THREE, State:CLOSED] moved to CLOSED state
2019-07-13 12:36:28,564 INFO  node.StaleNodeHandler (StaleNodeHandler.java:onMessage(58)) - Datanode d4d5bab2-2d37-46de-accb-fdb690dfcc1e{ip: 192.168.5.181, host: trunk-nightly-q2gwj-1111726333, networkLocation: /default-rack, certSerialId: null} moved to stale state. Finalizing its pipelines [PipelineID=af578494-ecd6-4c6a-bdb5-0ca3679edf30, PipelineID=f09ea613-11dc-4780-88c9-0d3aa973da0d]
2019-07-13 12:36:28,564 INFO  pipeline.SCMPipelineManager (SCMPipelineManager.java:finalizeAndDestroyPipeline(309)) - destroying pipeline:Pipeline[ Id: af578494-ecd6-4c6a-bdb5-0ca3679edf30, Nodes: d4d5bab2-2d37-46de-accb-fdb690dfcc1e{ip: 192.168.5.181, host: trunk-nightly-q2gwj-1111726333, networkLocation: /default-rack, certSerialId: null}28d1f63f-793c-40d0-b2c2-829f14fc8f4b{ip: 192.168.5.181, host: trunk-nightly-q2gwj-1111726333, networkLocation: /default-rack, certSerialId: null}56352b6b-b30d-4a15-89c1-5f335cc44b98{ip: 192.168.5.181, host: trunk-nightly-q2gwj-1111726333, networkLocation: /default-rack, certSerialId: null}, Type:RATIS, Factor:THREE, State:OPEN]
2019-07-13 12:36:28,564 INFO  pipeline.PipelineStateManager (PipelineStateManager.java:finalizePipeline(123)) - Pipeline Pipeline[ Id: af578494-ecd6-4c6a-bdb5-0ca3679edf30, Nodes: d4d5bab2-2d37-46de-accb-fdb690dfcc1e{ip: 192.168.5.181, host: trunk-nightly-q2gwj-1111726333, networkLocation: /default-rack, certSerialId: null}28d1f63f-793c-40d0-b2c2-829f14fc8f4b{ip: 192.168.5.181, host: trunk-nightly-q2gwj-1111726333, networkLocation: /default-rack, certSerialId: null}56352b6b-b30d-4a15-89c1-5f335cc44b98{ip: 192.168.5.181, host: trunk-nightly-q2gwj-1111726333, networkLocation: /default-rack, certSerialId: null}, Type:RATIS, Factor:THREE, State:CLOSED] moved to CLOSED state
2019-07-13 12:36:28,564 INFO  pipeline.SCMPipelineManager (SCMPipelineManager.java:finalizeAndDestroyPipeline(309)) - destroying pipeline:Pipeline[ Id: f09ea613-11dc-4780-88c9-0d3aa973da0d, Nodes: d4d5bab2-2d37-46de-accb-fdb690dfcc1e{ip: 192.168.5.181, host: trunk-nightly-q2gwj-1111726333, networkLocation: /default-rack, certSerialId: null}, Type:RATIS, Factor:ONE, State:OPEN]
2019-07-13 12:36:28,565 INFO  pipeline.PipelineStateManager (PipelineStateManager.java:finalizePipeline(123)) - Pipeline Pipeline[ Id: f09ea613-11dc-4780-88c9-0d3aa973da0d, Nodes: d4d5bab2-2d37-46de-accb-fdb690dfcc1e{ip: 192.168.5.181, host: trunk-nightly-q2gwj-1111726333, networkLocation: /default-rack, certSerialId: null}, Type:RATIS, Factor:ONE, State:CLOSED] moved to CLOSED state
2019-07-13 12:36:28,900 INFO  ozoneimpl.OzoneContainer (OzoneContainer.java:stop(199)) - Attempting to stop container services.
2019-07-13 12:36:28,900 INFO  ozoneimpl.OzoneContainer (OzoneContainer.java:stop(199)) - Attempting to stop container services.
2019-07-13 12:36:28,900 INFO  impl.RaftServerProxy (RaftServerProxy.java:lambda$close$4(314)) - 8780d71a-b07f-48ff-bec3-5b2c8fd4a82e: close
2019-07-13 12:36:28,901 INFO  impl.RaftServerProxy (RaftServerProxy.java:lambda$close$4(314)) - d4d5bab2-2d37-46de-accb-fdb690dfcc1e: close
2019-07-13 12:36:28,901 INFO  impl.RaftServerImpl (RaftServerImpl.java:lambda$shutdown$3(245)) - 8780d71a-b07f-48ff-bec3-5b2c8fd4a82e: shutdown group-23E87F6EABAB
2019-07-13 12:36:28,901 INFO  impl.RaftServerImpl (RaftServerImpl.java:lambda$shutdown$3(245)) - d4d5bab2-2d37-46de-accb-fdb690dfcc1e: shutdown group-0CA3679EDF30
2019-07-13 12:36:28,902 INFO  util.JmxRegister (JmxRegister.java:unregister(73)) - Successfully un-registered JMX Bean with object name Ratis:service=RaftServer,group=group-23E87F6EABAB,id=8780d71a-b07f-48ff-bec3-5b2c8fd4a82e
2019-07-13 12:36:28,902 INFO  util.JmxRegister (JmxRegister.java:unregister(73)) - Successfully un-registered JMX Bean with object name Ratis:service=RaftServer,group=group-0CA3679EDF30,id=d4d5bab2-2d37-46de-accb-fdb690dfcc1e
2019-07-13 12:36:28,903 INFO  impl.RoleInfo (RoleInfo.java:shutdownFollowerState(121)) - d4d5bab2-2d37-46de-accb-fdb690dfcc1e: shutdown FollowerState
2019-07-13 12:36:28,902 INFO  impl.RoleInfo (RoleInfo.java:shutdownLeaderState(104)) - 8780d71a-b07f-48ff-bec3-5b2c8fd4a82e: shutdown LeaderState
2019-07-13 12:36:28,903 INFO  impl.FollowerState (FollowerState.java:run(114)) - d4d5bab2-2d37-46de-accb-fdb690dfcc1e: FollowerState was interrupted: java.lang.InterruptedException: sleep interrupted
2019-07-13 12:36:28,903 INFO  ratis.ContainerStateMachine (ContainerStateMachine.java:takeSnapshot(246)) - Taking snapshot at termIndex:(t:0, i:~)
2019-07-13 12:36:28,903 INFO  impl.StateMachineUpdater (StateMachineUpdater.java:stopAndJoin(115)) - StateMachineUpdater:d4d5bab2-2d37-46de-accb-fdb690dfcc1e:group-0CA3679EDF30: set stopIndex = 0
2019-07-13 12:36:28,907 INFO  impl.RaftServerImpl (ServerState.java:close(394)) - d4d5bab2-2d37-46de-accb-fdb690dfcc1e:group-0CA3679EDF30 closes. The last applied log index is 0
2019-07-13 12:36:28,903 INFO  impl.PendingRequests (PendingRequests.java:sendNotLeaderResponses(202)) - 8780d71a-b07f-48ff-bec3-5b2c8fd4a82e-PendingRequests: sendNotLeaderResponses
2019-07-13 12:36:28,908 INFO  segmented.SegmentedRaftLogWorker (SegmentedRaftLogWorker.java:run(313)) - d4d5bab2-2d37-46de-accb-fdb690dfcc1e-SegmentedRaftLogWorker:Storage Directory /tmp/workdir/hadoop-ozone/integration-test/target/test-dir/MiniOzoneClusterImpl-9c8493bd-b58e-4f6f-9e4b-1c94a5b4a348/datanode-1/data/ratis/af578494-ecd6-4c6a-bdb5-0ca3679edf30 was interrupted, exiting. There are 0 tasks remaining in the queue.
2019-07-13 12:36:28,908 INFO  ratis.ContainerStateMachine (ContainerStateMachine.java:takeSnapshot(246)) - Taking snapshot at termIndex:(t:0, i:~)
2019-07-13 12:36:28,908 INFO  impl.StateMachineUpdater (StateMachineUpdater.java:stopAndJoin(115)) - StateMachineUpdater:8780d71a-b07f-48ff-bec3-5b2c8fd4a82e:group-23E87F6EABAB: set stopIndex = 0
2019-07-13 12:36:28,911 INFO  impl.RaftServerImpl (ServerState.java:close(394)) - 8780d71a-b07f-48ff-bec3-5b2c8fd4a82e:group-23E87F6EABAB closes. The last applied log index is 0
2019-07-13 12:36:28,911 INFO  segmented.SegmentedRaftLogWorker (SegmentedRaftLogWorker.java:close(228)) - d4d5bab2-2d37-46de-accb-fdb690dfcc1e-SegmentedRaftLogWorker:Storage Directory /tmp/workdir/hadoop-ozone/integration-test/target/test-dir/MiniOzoneClusterImpl-9c8493bd-b58e-4f6f-9e4b-1c94a5b4a348/datanode-1/data/ratis/af578494-ecd6-4c6a-bdb5-0ca3679edf30 close()
2019-07-13 12:36:28,912 INFO  segmented.SegmentedRaftLogWorker (SegmentedRaftLogWorker.java:run(313)) - 8780d71a-b07f-48ff-bec3-5b2c8fd4a82e-SegmentedRaftLogWorker:Storage Directory /tmp/workdir/hadoop-ozone/integration-test/target/test-dir/MiniOzoneClusterImpl-9c8493bd-b58e-4f6f-9e4b-1c94a5b4a348/datanode-4/data/ratis/608ef80a-e7ae-4906-b042-23e87f6eabab was interrupted, exiting. There are 0 tasks remaining in the queue.
2019-07-13 12:36:28,917 INFO  impl.RaftServerImpl (RaftServerImpl.java:lambda$shutdown$3(245)) - d4d5bab2-2d37-46de-accb-fdb690dfcc1e: shutdown group-0D3AA973DA0D
2019-07-13 12:36:28,919 INFO  util.JmxRegister (JmxRegister.java:unregister(73)) - Successfully un-registered JMX Bean with object name Ratis:service=RaftServer,group=group-0D3AA973DA0D,id=d4d5bab2-2d37-46de-accb-fdb690dfcc1e
2019-07-13 12:36:28,920 INFO  impl.RoleInfo (RoleInfo.java:shutdownLeaderState(104)) - d4d5bab2-2d37-46de-accb-fdb690dfcc1e: shutdown LeaderState
2019-07-13 12:36:28,920 INFO  impl.PendingRequests (PendingRequests.java:sendNotLeaderResponses(202)) - d4d5bab2-2d37-46de-accb-fdb690dfcc1e-PendingRequests: sendNotLeaderResponses
2019-07-13 12:36:28,920 INFO  impl.StateMachineUpdater (StateMachineUpdater.java:stopAndJoin(115)) - StateMachineUpdater:d4d5bab2-2d37-46de-accb-fdb690dfcc1e:group-0D3AA973DA0D: set stopIndex = 0
2019-07-13 12:36:28,920 INFO  ratis.ContainerStateMachine (ContainerStateMachine.java:takeSnapshot(246)) - Taking snapshot at termIndex:(t:0, i:~)
2019-07-13 12:36:28,921 INFO  impl.RaftServerImpl (ServerState.java:close(394)) - d4d5bab2-2d37-46de-accb-fdb690dfcc1e:group-0D3AA973DA0D closes. The last applied log index is 0
2019-07-13 12:36:28,921 INFO  segmented.SegmentedRaftLogWorker (SegmentedRaftLogWorker.java:run(313)) - d4d5bab2-2d37-46de-accb-fdb690dfcc1e-SegmentedRaftLogWorker:Storage Directory /tmp/workdir/hadoop-ozone/integration-test/target/test-dir/MiniOzoneClusterImpl-9c8493bd-b58e-4f6f-9e4b-1c94a5b4a348/datanode-1/data/ratis/f09ea613-11dc-4780-88c9-0d3aa973da0d was interrupted, exiting. There are 0 tasks remaining in the queue.
2019-07-13 12:36:28,924 INFO  segmented.SegmentedRaftLogWorker (SegmentedRaftLogWorker.java:close(228)) - 8780d71a-b07f-48ff-bec3-5b2c8fd4a82e-SegmentedRaftLogWorker:Storage Directory /tmp/workdir/hadoop-ozone/integration-test/target/test-dir/MiniOzoneClusterImpl-9c8493bd-b58e-4f6f-9e4b-1c94a5b4a348/datanode-4/data/ratis/608ef80a-e7ae-4906-b042-23e87f6eabab close()
2019-07-13 12:36:28,924 INFO  segmented.SegmentedRaftLogWorker (SegmentedRaftLogWorker.java:close(228)) - d4d5bab2-2d37-46de-accb-fdb690dfcc1e-SegmentedRaftLogWorker:Storage Directory /tmp/workdir/hadoop-ozone/integration-test/target/test-dir/MiniOzoneClusterImpl-9c8493bd-b58e-4f6f-9e4b-1c94a5b4a348/datanode-1/data/ratis/f09ea613-11dc-4780-88c9-0d3aa973da0d close()
2019-07-13 12:36:28,929 INFO  impl.RaftServerImpl (RaftServerImpl.java:lambda$shutdown$3(245)) - 8780d71a-b07f-48ff-bec3-5b2c8fd4a82e: shutdown group-C3200702ACAE
2019-07-13 12:36:28,934 INFO  server.GrpcService (GrpcService.java:closeImpl(155)) - d4d5bab2-2d37-46de-accb-fdb690dfcc1e: shutdown server with port 41054 now
2019-07-13 12:36:28,934 INFO  util.JmxRegister (JmxRegister.java:unregister(73)) - Successfully un-registered JMX Bean with object name Ratis:service=RaftServer,group=group-C3200702ACAE,id=8780d71a-b07f-48ff-bec3-5b2c8fd4a82e
2019-07-13 12:36:28,934 INFO  impl.RoleInfo (RoleInfo.java:shutdownLeaderState(104)) - 8780d71a-b07f-48ff-bec3-5b2c8fd4a82e: shutdown LeaderState
2019-07-13 12:36:28,935 INFO  server.GrpcService (GrpcService.java:closeImpl(163)) - d4d5bab2-2d37-46de-accb-fdb690dfcc1e: shutdown server with port 41054 successfully
2019-07-13 12:36:28,935 WARN  server.GrpcServerProtocolService (LogUtils.java:warn(134)) - d4d5bab2-2d37-46de-accb-fdb690dfcc1e: appendEntries onError: org.apache.ratis.thirdparty.io.grpc.StatusRuntimeException: CANCELLED: cancelled before receiving half close
2019-07-13 12:36:28,940 WARN  server.GrpcLogAppender (LogUtils.java:warn(134)) - 28d1f63f-793c-40d0-b2c2-829f14fc8f4b->d4d5bab2-2d37-46de-accb-fdb690dfcc1e: Failed appendEntries: org.apache.ratis.thirdparty.io.grpc.StatusRuntimeException: CANCELLED: HTTP/2 error code: CANCEL
Received Rst Stream
2019-07-13 12:36:28,940 WARN  server.GrpcLogAppender (GrpcLogAppender.java:mayWait(143)) - GrpcLogAppender(8780d71a-b07f-48ff-bec3-5b2c8fd4a82e->7ea096ec-187a-4658-9315-7566fc9dcdad): Wait interrupted by java.lang.InterruptedException
2019-07-13 12:36:28,940 WARN  server.GrpcLogAppender (GrpcLogAppender.java:mayWait(143)) - GrpcLogAppender(8780d71a-b07f-48ff-bec3-5b2c8fd4a82e->dcf6cdeb-9534-4169-b6cf-de2a17bac9af): Wait interrupted by java.lang.InterruptedException
2019-07-13 12:36:28,940 INFO  impl.PendingRequests (PendingRequests.java:sendNotLeaderResponses(202)) - 8780d71a-b07f-48ff-bec3-5b2c8fd4a82e-PendingRequests: sendNotLeaderResponses
2019-07-13 12:36:28,941 INFO  impl.FollowerInfo (FollowerInfo.java:lambda$new$0(50)) - 28d1f63f-793c-40d0-b2c2-829f14fc8f4b->d4d5bab2-2d37-46de-accb-fdb690dfcc1e: nextIndex: updateUnconditionally 1 -> 0
2019-07-13 12:36:28,941 INFO  ratis.ContainerStateMachine (ContainerStateMachine.java:takeSnapshot(246)) - Taking snapshot at termIndex:(t:0, i:~)
2019-07-13 12:36:28,941 INFO  impl.StateMachineUpdater (StateMachineUpdater.java:stopAndJoin(115)) - StateMachineUpdater:8780d71a-b07f-48ff-bec3-5b2c8fd4a82e:group-C3200702ACAE: set stopIndex = 0
2019-07-13 12:36:28,942 INFO  impl.RaftServerImpl (ServerState.java:close(394)) - 8780d71a-b07f-48ff-bec3-5b2c8fd4a82e:group-C3200702ACAE closes. The last applied log index is 0
2019-07-13 12:36:28,941 INFO  server.GrpcServerProtocolService (GrpcServerProtocolService.java:onCompleted(104)) - dcf6cdeb-9534-4169-b6cf-de2a17bac9af: appendEntries completed
2019-07-13 12:36:28,943 INFO  segmented.SegmentedRaftLogWorker (SegmentedRaftLogWorker.java:run(313)) - 8780d71a-b07f-48ff-bec3-5b2c8fd4a82e-SegmentedRaftLogWorker:Storage Directory /tmp/workdir/hadoop-ozone/integration-test/target/test-dir/MiniOzoneClusterImpl-9c8493bd-b58e-4f6f-9e4b-1c94a5b4a348/datanode-4/data/ratis/3c329446-4bfc-4225-90f4-c3200702acae was interrupted, exiting. There are 0 tasks remaining in the queue.
2019-07-13 12:36:28,942 INFO  server.GrpcServerProtocolService (GrpcServerProtocolService.java:onCompleted(104)) - 7ea096ec-187a-4658-9315-7566fc9dcdad: appendEntries completed
2019-07-13 12:36:28,946 INFO  segmented.SegmentedRaftLogWorker (SegmentedRaftLogWorker.java:close(228)) - 8780d71a-b07f-48ff-bec3-5b2c8fd4a82e-SegmentedRaftLogWorker:Storage Directory /tmp/workdir/hadoop-ozone/integration-test/target/test-dir/MiniOzoneClusterImpl-9c8493bd-b58e-4f6f-9e4b-1c94a5b4a348/datanode-4/data/ratis/3c329446-4bfc-4225-90f4-c3200702acae close()
2019-07-13 12:36:28,946 INFO  server.GrpcLogAppender (GrpcLogAppender.java:onCompleted(292)) - 8780d71a-b07f-48ff-bec3-5b2c8fd4a82e->7ea096ec-187a-4658-9315-7566fc9dcdad: follower responses appendEntries COMPLETED
2019-07-13 12:36:28,946 INFO  utils.BackgroundService (BackgroundService.java:shutdown(148)) - Shutting down service BlockDeletingService
2019-07-13 12:36:28,951 INFO  impl.FollowerInfo (FollowerInfo.java:lambda$new$0(50)) - 8780d71a-b07f-48ff-bec3-5b2c8fd4a82e->7ea096ec-187a-4658-9315-7566fc9dcdad: nextIndex: updateUnconditionally 1 -> 0
2019-07-13 12:36:28,951 INFO  server.GrpcLogAppender (GrpcLogAppender.java:onCompleted(292)) - 8780d71a-b07f-48ff-bec3-5b2c8fd4a82e->dcf6cdeb-9534-4169-b6cf-de2a17bac9af: follower responses appendEntries COMPLETED
2019-07-13 12:36:28,951 INFO  server.GrpcService (GrpcService.java:closeImpl(155)) - 8780d71a-b07f-48ff-bec3-5b2c8fd4a82e: shutdown server with port 35443 now
2019-07-13 12:36:28,952 WARN  fs.CachingGetSpaceUsed (CachingGetSpaceUsed.java:run(183)) - Thread Interrupted waiting to refresh disk information: sleep interrupted
2019-07-13 12:36:28,952 INFO  impl.FollowerInfo (FollowerInfo.java:lambda$new$0(50)) - 8780d71a-b07f-48ff-bec3-5b2c8fd4a82e->dcf6cdeb-9534-4169-b6cf-de2a17bac9af: nextIndex: updateUnconditionally 1 -> 0
2019-07-13 12:36:28,955 INFO  server.GrpcService (GrpcService.java:closeImpl(163)) - 8780d71a-b07f-48ff-bec3-5b2c8fd4a82e: shutdown server with port 35443 successfully
2019-07-13 12:36:28,958 INFO  utils.BackgroundService (BackgroundService.java:shutdown(148)) - Shutting down service BlockDeletingService
2019-07-13 12:36:28,961 WARN  fs.CachingGetSpaceUsed (CachingGetSpaceUsed.java:run(183)) - Thread Interrupted waiting to refresh disk information: sleep interrupted
2019-07-13 12:36:28,976 INFO  statemachine.DatanodeStateMachine (DatanodeStateMachine.java:stopDaemon(395)) - Ozone container server stopped.
2019-07-13 12:36:28,982 INFO  handler.ContextHandler (ContextHandler.java:doStop(910)) - Stopped o.e.j.w.WebAppContext@7d65c0ac{/,null,UNAVAILABLE}{/hddsDatanode}
2019-07-13 12:36:28,983 INFO  server.AbstractConnector (AbstractConnector.java:doStop(318)) - Stopped ServerConnector@71c91121{HTTP/1.1,[http/1.1]}{0.0.0.0:0}
2019-07-13 12:36:28,985 INFO  handler.ContextHandler (ContextHandler.java:doStop(910)) - Stopped o.e.j.s.ServletContextHandler@564fc235{/static,jar:file:/home/user/.m2/repository/org/apache/hadoop/hadoop-hdds-container-service/0.5.0-SNAPSHOT/hadoop-hdds-container-service-0.5.0-SNAPSHOT.jar!/webapps/static,UNAVAILABLE}
2019-07-13 12:36:28,987 INFO  handler.ContextHandler (ContextHandler.java:doStop(910)) - Stopped o.e.j.s.ServletContextHandler@7bbd0006{/logs,file:///tmp/workdir/hadoop-ozone/integration-test/target/log,UNAVAILABLE}
2019-07-13 12:36:28,988 INFO  datanode.ObjectStoreHandler (ObjectStoreHandler.java:close(155)) - Closing ObjectStoreHandler.
2019-07-13 12:36:28,988 INFO  ozone.HddsDatanodeService (HddsDatanodeService.java:stop(452)) - Stopped plug-in org.apache.hadoop.ozone.web.OzoneHddsDatanodeService@233d2b76
2019-07-13 12:36:28,994 INFO  statemachine.DatanodeStateMachine (DatanodeStateMachine.java:stopDaemon(395)) - Ozone container server stopped.
2019-07-13 12:36:28,995 INFO  handler.ContextHandler (ContextHandler.java:doStop(910)) - Stopped o.e.j.w.WebAppContext@36bd07ec{/,null,UNAVAILABLE}{/hddsDatanode}
2019-07-13 12:36:28,996 INFO  server.AbstractConnector (AbstractConnector.java:doStop(318)) - Stopped ServerConnector@85b9f9c{HTTP/1.1,[http/1.1]}{0.0.0.0:0}
2019-07-13 12:36:28,996 INFO  handler.ContextHandler (ContextHandler.java:doStop(910)) - Stopped o.e.j.s.ServletContextHandler@13d1653{/static,jar:file:/home/user/.m2/repository/org/apache/hadoop/hadoop-hdds-container-service/0.5.0-SNAPSHOT/hadoop-hdds-container-service-0.5.0-SNAPSHOT.jar!/webapps/static,UNAVAILABLE}
2019-07-13 12:36:28,997 INFO  handler.ContextHandler (ContextHandler.java:doStop(910)) - Stopped o.e.j.s.ServletContextHandler@609edb55{/logs,file:///tmp/workdir/hadoop-ozone/integration-test/target/log,UNAVAILABLE}
2019-07-13 12:36:28,998 INFO  datanode.ObjectStoreHandler (ObjectStoreHandler.java:close(155)) - Closing ObjectStoreHandler.
2019-07-13 12:36:28,998 INFO  ozone.HddsDatanodeService (HddsDatanodeService.java:stop(452)) - Stopped plug-in org.apache.hadoop.ozone.web.OzoneHddsDatanodeService@1d0acb8f
2019-07-13 12:36:29,738 INFO  statemachine.DatanodeStateMachine (DatanodeStateMachine.java:lambda$startDaemon$0(350)) - Ozone container server started.
2019-07-13 12:36:29,812 INFO  statemachine.DatanodeStateMachine (DatanodeStateMachine.java:lambda$startDaemon$0(350)) - Ozone container server started.
2019-07-13 12:36:30,875 WARN  server.GrpcLogAppender (LogUtils.java:warn(134)) - 28d1f63f-793c-40d0-b2c2-829f14fc8f4b->d4d5bab2-2d37-46de-accb-fdb690dfcc1e: Failed appendEntries: org.apache.ratis.thirdparty.io.grpc.StatusRuntimeException: UNAVAILABLE: io exception
2019-07-13 12:36:30,875 INFO  impl.FollowerInfo (FollowerInfo.java:lambda$new$0(50)) - 28d1f63f-793c-40d0-b2c2-829f14fc8f4b->d4d5bab2-2d37-46de-accb-fdb690dfcc1e: nextIndex: updateUnconditionally 0 -> 0
2019-07-13 12:36:33,375 WARN  server.GrpcLogAppender (LogUtils.java:warn(134)) - 28d1f63f-793c-40d0-b2c2-829f14fc8f4b->d4d5bab2-2d37-46de-accb-fdb690dfcc1e: Failed appendEntries: org.apache.ratis.thirdparty.io.grpc.StatusRuntimeException: UNAVAILABLE: io exception
2019-07-13 12:36:33,376 INFO  impl.FollowerInfo (FollowerInfo.java:lambda$new$0(50)) - 28d1f63f-793c-40d0-b2c2-829f14fc8f4b->d4d5bab2-2d37-46de-accb-fdb690dfcc1e: nextIndex: updateUnconditionally 0 -> 0
2019-07-13 12:36:33,771 INFO  node.StaleNodeHandler (StaleNodeHandler.java:onMessage(58)) - Datanode 56352b6b-b30d-4a15-89c1-5f335cc44b98{ip: 192.168.5.181, host: trunk-nightly-q2gwj-1111726333, networkLocation: /default-rack, certSerialId: null} moved to stale state. Finalizing its pipelines [PipelineID=3d4c7763-fb99-40b2-91af-7a13520881b5, PipelineID=af578494-ecd6-4c6a-bdb5-0ca3679edf30]
2019-07-13 12:36:33,771 INFO  pipeline.SCMPipelineManager (SCMPipelineManager.java:finalizeAndDestroyPipeline(309)) - destroying pipeline:Pipeline[ Id: 3d4c7763-fb99-40b2-91af-7a13520881b5, Nodes: 56352b6b-b30d-4a15-89c1-5f335cc44b98{ip: 192.168.5.181, host: trunk-nightly-q2gwj-1111726333, networkLocation: /default-rack, certSerialId: null}, Type:RATIS, Factor:ONE, State:OPEN]
2019-07-13 12:36:33,771 INFO  pipeline.PipelineStateManager (PipelineStateManager.java:finalizePipeline(123)) - Pipeline Pipeline[ Id: 3d4c7763-fb99-40b2-91af-7a13520881b5, Nodes: 56352b6b-b30d-4a15-89c1-5f335cc44b98{ip: 192.168.5.181, host: trunk-nightly-q2gwj-1111726333, networkLocation: /default-rack, certSerialId: null}, Type:RATIS, Factor:ONE, State:CLOSED] moved to CLOSED state
2019-07-13 12:36:33,771 INFO  container.CloseContainerEventHandler (CloseContainerEventHandler.java:onMessage(61)) - Close container Event triggered for container : #2
2019-07-13 12:36:33,772 INFO  pipeline.SCMPipelineManager (SCMPipelineManager.java:finalizeAndDestroyPipeline(309)) - destroying pipeline:Pipeline[ Id: af578494-ecd6-4c6a-bdb5-0ca3679edf30, Nodes: d4d5bab2-2d37-46de-accb-fdb690dfcc1e{ip: 192.168.5.181, host: trunk-nightly-q2gwj-1111726333, networkLocation: /default-rack, certSerialId: null}28d1f63f-793c-40d0-b2c2-829f14fc8f4b{ip: 192.168.5.181, host: trunk-nightly-q2gwj-1111726333, networkLocation: /default-rack, certSerialId: null}56352b6b-b30d-4a15-89c1-5f335cc44b98{ip: 192.168.5.181, host: trunk-nightly-q2gwj-1111726333, networkLocation: /default-rack, certSerialId: null}, Type:RATIS, Factor:THREE, State:CLOSED]
2019-07-13 12:36:33,871 INFO  node.StaleNodeHandler (StaleNodeHandler.java:onMessage(58)) - Datanode 7ea096ec-187a-4658-9315-7566fc9dcdad{ip: 192.168.5.181, host: trunk-nightly-q2gwj-1111726333, networkLocation: /default-rack, certSerialId: null} moved to stale state. Finalizing its pipelines [PipelineID=3c329446-4bfc-4225-90f4-c3200702acae, PipelineID=3001af53-2d50-449e-a0d0-3ab3b4fab4d8]
2019-07-13 12:36:33,871 INFO  pipeline.SCMPipelineManager (SCMPipelineManager.java:finalizeAndDestroyPipeline(309)) - destroying pipeline:Pipeline[ Id: 3c329446-4bfc-4225-90f4-c3200702acae, Nodes: dcf6cdeb-9534-4169-b6cf-de2a17bac9af{ip: 192.168.5.181, host: trunk-nightly-q2gwj-1111726333, networkLocation: /default-rack, certSerialId: null}7ea096ec-187a-4658-9315-7566fc9dcdad{ip: 192.168.5.181, host: trunk-nightly-q2gwj-1111726333, networkLocation: /default-rack, certSerialId: null}8780d71a-b07f-48ff-bec3-5b2c8fd4a82e{ip: 192.168.5.181, host: trunk-nightly-q2gwj-1111726333, networkLocation: /default-rack, certSerialId: null}, Type:RATIS, Factor:THREE, State:CLOSED]
2019-07-13 12:36:33,871 INFO  pipeline.SCMPipelineManager (SCMPipelineManager.java:finalizeAndDestroyPipeline(309)) - destroying pipeline:Pipeline[ Id: 3001af53-2d50-449e-a0d0-3ab3b4fab4d8, Nodes: 7ea096ec-187a-4658-9315-7566fc9dcdad{ip: 192.168.5.181, host: trunk-nightly-q2gwj-1111726333, networkLocation: /default-rack, certSerialId: null}, Type:RATIS, Factor:ONE, State:OPEN]
2019-07-13 12:36:33,872 INFO  pipeline.PipelineStateManager (PipelineStateManager.java:finalizePipeline(123)) - Pipeline Pipeline[ Id: 3001af53-2d50-449e-a0d0-3ab3b4fab4d8, Nodes: 7ea096ec-187a-4658-9315-7566fc9dcdad{ip: 192.168.5.181, host: trunk-nightly-q2gwj-1111726333, networkLocation: /default-rack, certSerialId: null}, Type:RATIS, Factor:ONE, State:CLOSED] moved to CLOSED state
2019-07-13 12:36:33,989 INFO  ozoneimpl.OzoneContainer (OzoneContainer.java:stop(199)) - Attempting to stop container services.
2019-07-13 12:36:33,990 INFO  impl.RaftServerProxy (RaftServerProxy.java:lambda$close$4(314)) - 56352b6b-b30d-4a15-89c1-5f335cc44b98: close
2019-07-13 12:36:33,990 INFO  impl.RaftServerImpl (RaftServerImpl.java:lambda$shutdown$3(245)) - 56352b6b-b30d-4a15-89c1-5f335cc44b98: shutdown group-7A13520881B5
2019-07-13 12:36:33,990 INFO  util.JmxRegister (JmxRegister.java:unregister(73)) - Successfully un-registered JMX Bean with object name Ratis:service=RaftServer,group=group-7A13520881B5,id=56352b6b-b30d-4a15-89c1-5f335cc44b98
2019-07-13 12:36:33,991 INFO  impl.RoleInfo (RoleInfo.java:shutdownLeaderState(104)) - 56352b6b-b30d-4a15-89c1-5f335cc44b98: shutdown LeaderState
2019-07-13 12:36:33,991 INFO  impl.PendingRequests (PendingRequests.java:sendNotLeaderResponses(202)) - 56352b6b-b30d-4a15-89c1-5f335cc44b98-PendingRequests: sendNotLeaderResponses
2019-07-13 12:36:34,000 INFO  impl.StateMachineUpdater (StateMachineUpdater.java:stopAndJoin(115)) - StateMachineUpdater:56352b6b-b30d-4a15-89c1-5f335cc44b98:group-7A13520881B5: set stopIndex = 13
2019-07-13 12:36:34,000 INFO  ratis.ContainerStateMachine (ContainerStateMachine.java:takeSnapshot(246)) - Taking snapshot at termIndex:(t:1, i:13)
2019-07-13 12:36:34,000 INFO  ratis.ContainerStateMachine (ContainerStateMachine.java:takeSnapshot(250)) - Taking a snapshot to file /tmp/workdir/hadoop-ozone/integration-test/target/test-dir/MiniOzoneClusterImpl-9c8493bd-b58e-4f6f-9e4b-1c94a5b4a348/datanode-2/data/ratis/3d4c7763-fb99-40b2-91af-7a13520881b5/sm/snapshot.1_13
2019-07-13 12:36:34,000 INFO  ozoneimpl.OzoneContainer (OzoneContainer.java:stop(199)) - Attempting to stop container services.
2019-07-13 12:36:34,001 INFO  impl.StateMachineUpdater (StateMachineUpdater.java:takeSnapshot(242)) - StateMachineUpdater:56352b6b-b30d-4a15-89c1-5f335cc44b98:group-7A13520881B5: Took a snapshot at index 13
2019-07-13 12:36:34,001 INFO  impl.StateMachineUpdater (StateMachineUpdater.java:lambda$new$0(80)) - StateMachineUpdater:56352b6b-b30d-4a15-89c1-5f335cc44b98:group-7A13520881B5: snapshotIndex: updateIncreasingly -1 -> 13
2019-07-13 12:36:34,001 INFO  impl.RaftServerProxy (RaftServerProxy.java:lambda$close$4(314)) - 7ea096ec-187a-4658-9315-7566fc9dcdad: close
2019-07-13 12:36:34,001 INFO  impl.RaftServerImpl (ServerState.java:close(394)) - 56352b6b-b30d-4a15-89c1-5f335cc44b98:group-7A13520881B5 closes. The last applied log index is 13
2019-07-13 12:36:34,001 INFO  impl.RaftServerImpl (RaftServerImpl.java:lambda$shutdown$3(245)) - 7ea096ec-187a-4658-9315-7566fc9dcdad: shutdown group-C3200702ACAE
2019-07-13 12:36:34,002 INFO  segmented.SegmentedRaftLogWorker (SegmentedRaftLogWorker.java:run(313)) - 56352b6b-b30d-4a15-89c1-5f335cc44b98-SegmentedRaftLogWorker:Storage Directory /tmp/workdir/hadoop-ozone/integration-test/target/test-dir/MiniOzoneClusterImpl-9c8493bd-b58e-4f6f-9e4b-1c94a5b4a348/datanode-2/data/ratis/3d4c7763-fb99-40b2-91af-7a13520881b5 was interrupted, exiting. There are 0 tasks remaining in the queue.
2019-07-13 12:36:34,002 INFO  util.JmxRegister (JmxRegister.java:unregister(73)) - Successfully un-registered JMX Bean with object name Ratis:service=RaftServer,group=group-C3200702ACAE,id=7ea096ec-187a-4658-9315-7566fc9dcdad
2019-07-13 12:36:34,004 INFO  impl.RoleInfo (RoleInfo.java:shutdownFollowerState(121)) - 7ea096ec-187a-4658-9315-7566fc9dcdad: shutdown FollowerState
2019-07-13 12:36:34,005 INFO  impl.StateMachineUpdater (StateMachineUpdater.java:stopAndJoin(115)) - StateMachineUpdater:7ea096ec-187a-4658-9315-7566fc9dcdad:group-C3200702ACAE: set stopIndex = 0
2019-07-13 12:36:34,005 INFO  ratis.ContainerStateMachine (ContainerStateMachine.java:takeSnapshot(246)) - Taking snapshot at termIndex:(t:0, i:~)
2019-07-13 12:36:34,005 INFO  impl.FollowerState (FollowerState.java:run(114)) - 7ea096ec-187a-4658-9315-7566fc9dcdad: FollowerState was interrupted: java.lang.InterruptedException: sleep interrupted
2019-07-13 12:36:34,006 INFO  impl.RaftServerImpl (ServerState.java:close(394)) - 7ea096ec-187a-4658-9315-7566fc9dcdad:group-C3200702ACAE closes. The last applied log index is 0
2019-07-13 12:36:34,016 INFO  segmented.SegmentedRaftLogWorker (SegmentedRaftLogWorker.java:run(313)) - 7ea096ec-187a-4658-9315-7566fc9dcdad-SegmentedRaftLogWorker:Storage Directory /tmp/workdir/hadoop-ozone/integration-test/target/test-dir/MiniOzoneClusterImpl-9c8493bd-b58e-4f6f-9e4b-1c94a5b4a348/datanode-3/data/ratis/3c329446-4bfc-4225-90f4-c3200702acae was interrupted, exiting. There are 0 tasks remaining in the queue.
2019-07-13 12:36:34,030 INFO  segmented.SegmentedRaftLogWorker (SegmentedRaftLogWorker.java:close(228)) - 7ea096ec-187a-4658-9315-7566fc9dcdad-SegmentedRaftLogWorker:Storage Directory /tmp/workdir/hadoop-ozone/integration-test/target/test-dir/MiniOzoneClusterImpl-9c8493bd-b58e-4f6f-9e4b-1c94a5b4a348/datanode-3/data/ratis/3c329446-4bfc-4225-90f4-c3200702acae close()
2019-07-13 12:36:34,030 INFO  segmented.SegmentedRaftLogWorker (SegmentedRaftLogWorker.java:close(228)) - 56352b6b-b30d-4a15-89c1-5f335cc44b98-SegmentedRaftLogWorker:Storage Directory /tmp/workdir/hadoop-ozone/integration-test/target/test-dir/MiniOzoneClusterImpl-9c8493bd-b58e-4f6f-9e4b-1c94a5b4a348/datanode-2/data/ratis/3d4c7763-fb99-40b2-91af-7a13520881b5 close()
2019-07-13 12:36:34,039 INFO  impl.RaftServerImpl (RaftServerImpl.java:lambda$shutdown$3(245)) - 7ea096ec-187a-4658-9315-7566fc9dcdad: shutdown group-3AB3B4FAB4D8
2019-07-13 12:36:34,041 INFO  impl.RaftServerImpl (RaftServerImpl.java:lambda$shutdown$3(245)) - 56352b6b-b30d-4a15-89c1-5f335cc44b98: shutdown group-0CA3679EDF30
2019-07-13 12:36:34,041 INFO  util.JmxRegister (JmxRegister.java:unregister(73)) - Successfully un-registered JMX Bean with object name Ratis:service=RaftServer,group=group-3AB3B4FAB4D8,id=7ea096ec-187a-4658-9315-7566fc9dcdad
2019-07-13 12:36:34,041 INFO  util.JmxRegister (JmxRegister.java:unregister(73)) - Successfully un-registered JMX Bean with object name Ratis:service=RaftServer,group=group-0CA3679EDF30,id=56352b6b-b30d-4a15-89c1-5f335cc44b98
2019-07-13 12:36:34,042 INFO  impl.RoleInfo (RoleInfo.java:shutdownLeaderState(104)) - 7ea096ec-187a-4658-9315-7566fc9dcdad: shutdown LeaderState
2019-07-13 12:36:34,042 INFO  impl.RoleInfo (RoleInfo.java:shutdownFollowerState(121)) - 56352b6b-b30d-4a15-89c1-5f335cc44b98: shutdown FollowerState
2019-07-13 12:36:34,042 INFO  impl.PendingRequests (PendingRequests.java:sendNotLeaderResponses(202)) - 7ea096ec-187a-4658-9315-7566fc9dcdad-PendingRequests: sendNotLeaderResponses
2019-07-13 12:36:34,043 INFO  impl.FollowerState (FollowerState.java:run(114)) - 56352b6b-b30d-4a15-89c1-5f335cc44b98: FollowerState was interrupted: java.lang.InterruptedException: sleep interrupted
2019-07-13 12:36:34,043 INFO  ratis.ContainerStateMachine (ContainerStateMachine.java:takeSnapshot(246)) - Taking snapshot at termIndex:(t:0, i:~)
2019-07-13 12:36:34,043 INFO  impl.StateMachineUpdater (StateMachineUpdater.java:stopAndJoin(115)) - StateMachineUpdater:56352b6b-b30d-4a15-89c1-5f335cc44b98:group-0CA3679EDF30: set stopIndex = 0
2019-07-13 12:36:34,044 INFO  impl.RaftServerImpl (ServerState.java:close(394)) - 56352b6b-b30d-4a15-89c1-5f335cc44b98:group-0CA3679EDF30 closes. The last applied log index is 0
2019-07-13 12:36:34,043 INFO  ratis.ContainerStateMachine (ContainerStateMachine.java:takeSnapshot(246)) - Taking snapshot at termIndex:(t:0, i:~)
2019-07-13 12:36:34,043 INFO  impl.StateMachineUpdater (StateMachineUpdater.java:stopAndJoin(115)) - StateMachineUpdater:7ea096ec-187a-4658-9315-7566fc9dcdad:group-3AB3B4FAB4D8: set stopIndex = 0
2019-07-13 12:36:34,045 INFO  impl.RaftServerImpl (ServerState.java:close(394)) - 7ea096ec-187a-4658-9315-7566fc9dcdad:group-3AB3B4FAB4D8 closes. The last applied log index is 0
2019-07-13 12:36:34,044 INFO  segmented.SegmentedRaftLogWorker (SegmentedRaftLogWorker.java:run(313)) - 56352b6b-b30d-4a15-89c1-5f335cc44b98-SegmentedRaftLogWorker:Storage Directory /tmp/workdir/hadoop-ozone/integration-test/target/test-dir/MiniOzoneClusterImpl-9c8493bd-b58e-4f6f-9e4b-1c94a5b4a348/datanode-2/data/ratis/af578494-ecd6-4c6a-bdb5-0ca3679edf30 was interrupted, exiting. There are 0 tasks remaining in the queue.
2019-07-13 12:36:34,045 INFO  segmented.SegmentedRaftLogWorker (SegmentedRaftLogWorker.java:run(313)) - 7ea096ec-187a-4658-9315-7566fc9dcdad-SegmentedRaftLogWorker:Storage Directory /tmp/workdir/hadoop-ozone/integration-test/target/test-dir/MiniOzoneClusterImpl-9c8493bd-b58e-4f6f-9e4b-1c94a5b4a348/datanode-3/data/ratis/3001af53-2d50-449e-a0d0-3ab3b4fab4d8 was interrupted, exiting. There are 0 tasks remaining in the queue.
2019-07-13 12:36:34,048 INFO  segmented.SegmentedRaftLogWorker (SegmentedRaftLogWorker.java:close(228)) - 56352b6b-b30d-4a15-89c1-5f335cc44b98-SegmentedRaftLogWorker:Storage Directory /tmp/workdir/hadoop-ozone/integration-test/target/test-dir/MiniOzoneClusterImpl-9c8493bd-b58e-4f6f-9e4b-1c94a5b4a348/datanode-2/data/ratis/af578494-ecd6-4c6a-bdb5-0ca3679edf30 close()
2019-07-13 12:36:34,049 INFO  segmented.SegmentedRaftLogWorker (SegmentedRaftLogWorker.java:close(228)) - 7ea096ec-187a-4658-9315-7566fc9dcdad-SegmentedRaftLogWorker:Storage Directory /tmp/workdir/hadoop-ozone/integration-test/target/test-dir/MiniOzoneClusterImpl-9c8493bd-b58e-4f6f-9e4b-1c94a5b4a348/datanode-3/data/ratis/3001af53-2d50-449e-a0d0-3ab3b4fab4d8 close()
2019-07-13 12:36:34,051 INFO  server.GrpcService (GrpcService.java:closeImpl(155)) - 56352b6b-b30d-4a15-89c1-5f335cc44b98: shutdown server with port 32996 now
2019-07-13 12:36:34,053 INFO  server.GrpcService (GrpcService.java:closeImpl(155)) - 7ea096ec-187a-4658-9315-7566fc9dcdad: shutdown server with port 35252 now
2019-07-13 12:36:34,053 INFO  server.GrpcService (GrpcService.java:closeImpl(163)) - 7ea096ec-187a-4658-9315-7566fc9dcdad: shutdown server with port 35252 successfully
2019-07-13 12:36:34,054 INFO  server.GrpcService (GrpcService.java:closeImpl(163)) - 56352b6b-b30d-4a15-89c1-5f335cc44b98: shutdown server with port 32996 successfully
2019-07-13 12:36:34,053 WARN  server.GrpcServerProtocolService (LogUtils.java:warn(134)) - 56352b6b-b30d-4a15-89c1-5f335cc44b98: appendEntries onError: org.apache.ratis.thirdparty.io.grpc.StatusRuntimeException: CANCELLED: cancelled before receiving half close
2019-07-13 12:36:34,054 WARN  server.GrpcLogAppender (LogUtils.java:warn(134)) - 28d1f63f-793c-40d0-b2c2-829f14fc8f4b->56352b6b-b30d-4a15-89c1-5f335cc44b98: Failed appendEntries: org.apache.ratis.thirdparty.io.grpc.StatusRuntimeException: CANCELLED: HTTP/2 error code: CANCEL
Received Rst Stream
2019-07-13 12:36:34,055 INFO  impl.FollowerInfo (FollowerInfo.java:lambda$new$0(50)) - 28d1f63f-793c-40d0-b2c2-829f14fc8f4b->56352b6b-b30d-4a15-89c1-5f335cc44b98: nextIndex: updateUnconditionally 1 -> 0
2019-07-13 12:36:34,055 INFO  utils.BackgroundService (BackgroundService.java:shutdown(148)) - Shutting down service BlockDeletingService
2019-07-13 12:36:34,056 WARN  fs.CachingGetSpaceUsed (CachingGetSpaceUsed.java:run(183)) - Thread Interrupted waiting to refresh disk information: sleep interrupted
2019-07-13 12:36:34,059 INFO  utils.BackgroundService (BackgroundService.java:shutdown(148)) - Shutting down service BlockDeletingService
2019-07-13 12:36:34,063 WARN  fs.CachingGetSpaceUsed (CachingGetSpaceUsed.java:run(183)) - Thread Interrupted waiting to refresh disk information: sleep interrupted
2019-07-13 12:36:34,078 INFO  statemachine.DatanodeStateMachine (DatanodeStateMachine.java:stopDaemon(395)) - Ozone container server stopped.
2019-07-13 12:36:34,086 INFO  statemachine.DatanodeStateMachine (DatanodeStateMachine.java:stopDaemon(395)) - Ozone container server stopped.
2019-07-13 12:36:34,099 INFO  handler.ContextHandler (ContextHandler.java:doStop(910)) - Stopped o.e.j.w.WebAppContext@21fa19e4{/,null,UNAVAILABLE}{/hddsDatanode}
2019-07-13 12:36:34,100 INFO  handler.ContextHandler (ContextHandler.java:doStop(910)) - Stopped o.e.j.w.WebAppContext@733e3c19{/,null,UNAVAILABLE}{/hddsDatanode}
2019-07-13 12:36:34,101 INFO  server.AbstractConnector (AbstractConnector.java:doStop(318)) - Stopped ServerConnector@33a58fcb{HTTP/1.1,[http/1.1]}{0.0.0.0:0}
2019-07-13 12:36:34,101 INFO  server.AbstractConnector (AbstractConnector.java:doStop(318)) - Stopped ServerConnector@5418893c{HTTP/1.1,[http/1.1]}{0.0.0.0:0}
2019-07-13 12:36:34,101 INFO  handler.ContextHandler (ContextHandler.java:doStop(910)) - Stopped o.e.j.s.ServletContextHandler@288915a1{/static,jar:file:/home/user/.m2/repository/org/apache/hadoop/hadoop-hdds-container-service/0.5.0-SNAPSHOT/hadoop-hdds-container-service-0.5.0-SNAPSHOT.jar!/webapps/static,UNAVAILABLE}
2019-07-13 12:36:34,103 INFO  handler.ContextHandler (ContextHandler.java:doStop(910)) - Stopped o.e.j.s.ServletContextHandler@556e4588{/static,jar:file:/home/user/.m2/repository/org/apache/hadoop/hadoop-hdds-container-service/0.5.0-SNAPSHOT/hadoop-hdds-container-service-0.5.0-SNAPSHOT.jar!/webapps/static,UNAVAILABLE}
2019-07-13 12:36:34,103 INFO  handler.ContextHandler (ContextHandler.java:doStop(910)) - Stopped o.e.j.s.ServletContextHandler@1fd77205{/logs,file:///tmp/workdir/hadoop-ozone/integration-test/target/log,UNAVAILABLE}
2019-07-13 12:36:34,105 INFO  handler.ContextHandler (ContextHandler.java:doStop(910)) - Stopped o.e.j.s.ServletContextHandler@574413bd{/logs,file:///tmp/workdir/hadoop-ozone/integration-test/target/log,UNAVAILABLE}
2019-07-13 12:36:34,106 INFO  datanode.ObjectStoreHandler (ObjectStoreHandler.java:close(155)) - Closing ObjectStoreHandler.
2019-07-13 12:36:34,106 INFO  datanode.ObjectStoreHandler (ObjectStoreHandler.java:close(155)) - Closing ObjectStoreHandler.
2019-07-13 12:36:34,106 INFO  ozone.HddsDatanodeService (HddsDatanodeService.java:stop(452)) - Stopped plug-in org.apache.hadoop.ozone.web.OzoneHddsDatanodeService@2c1b10f2
2019-07-13 12:36:34,106 INFO  ozone.HddsDatanodeService (HddsDatanodeService.java:stop(452)) - Stopped plug-in org.apache.hadoop.ozone.web.OzoneHddsDatanodeService@65880400
2019-07-13 12:36:34,340 INFO  statemachine.DatanodeStateMachine (DatanodeStateMachine.java:lambda$startDaemon$0(350)) - Ozone container server started.
2019-07-13 12:36:34,356 INFO  statemachine.DatanodeStateMachine (DatanodeStateMachine.java:lambda$startDaemon$0(350)) - Ozone container server started.
2019-07-13 12:36:35,876 WARN  server.GrpcLogAppender (LogUtils.java:warn(134)) - 28d1f63f-793c-40d0-b2c2-829f14fc8f4b->d4d5bab2-2d37-46de-accb-fdb690dfcc1e: Failed appendEntries: org.apache.ratis.thirdparty.io.grpc.StatusRuntimeException: UNAVAILABLE: io exception
2019-07-13 12:36:35,877 INFO  impl.FollowerInfo (FollowerInfo.java:lambda$new$0(50)) - 28d1f63f-793c-40d0-b2c2-829f14fc8f4b->d4d5bab2-2d37-46de-accb-fdb690dfcc1e: nextIndex: updateUnconditionally 0 -> 0
2019-07-13 12:36:35,878 WARN  server.GrpcLogAppender (LogUtils.java:warn(134)) - 28d1f63f-793c-40d0-b2c2-829f14fc8f4b->56352b6b-b30d-4a15-89c1-5f335cc44b98: Failed appendEntries: org.apache.ratis.thirdparty.io.grpc.StatusRuntimeException: UNAVAILABLE: io exception
2019-07-13 12:36:35,879 INFO  impl.FollowerInfo (FollowerInfo.java:lambda$new$0(50)) - 28d1f63f-793c-40d0-b2c2-829f14fc8f4b->56352b6b-b30d-4a15-89c1-5f335cc44b98: nextIndex: updateUnconditionally 0 -> 0
2019-07-13 12:36:36,586 INFO  impl.FollowerState (FollowerState.java:run(106)) - dcf6cdeb-9534-4169-b6cf-de2a17bac9af:group-C3200702ACAE changes to CANDIDATE, lastRpcTime:7687, electionTimeout:5066ms
2019-07-13 12:36:36,586 INFO  impl.RoleInfo (RoleInfo.java:shutdownFollowerState(121)) - dcf6cdeb-9534-4169-b6cf-de2a17bac9af: shutdown FollowerState
2019-07-13 12:36:36,586 INFO  impl.RaftServerImpl (RaftServerImpl.java:setRole(171)) - dcf6cdeb-9534-4169-b6cf-de2a17bac9af:group-C3200702ACAE changes role from FOLLOWER to CANDIDATE at term 1 for changeToCandidate
2019-07-13 12:36:36,586 INFO  impl.RoleInfo (RoleInfo.java:updateAndGet(143)) - dcf6cdeb-9534-4169-b6cf-de2a17bac9af: start LeaderElection
2019-07-13 12:36:36,587 INFO  impl.RaftServerImpl (ServerState.java:setLeader(263)) - dcf6cdeb-9534-4169-b6cf-de2a17bac9af:group-C3200702ACAE change Leader from 8780d71a-b07f-48ff-bec3-5b2c8fd4a82e to null at term 1 for initElection
2019-07-13 12:36:36,613 INFO  impl.LeaderElection (LeaderElection.java:askForVotes(181)) - dcf6cdeb-9534-4169-b6cf-de2a17bac9af:group-C3200702ACAE:LeaderElection69: begin an election at term 2 for 0: [7ea096ec-187a-4658-9315-7566fc9dcdad:192.168.5.181:35252, 8780d71a-b07f-48ff-bec3-5b2c8fd4a82e:192.168.5.181:35443, dcf6cdeb-9534-4169-b6cf-de2a17bac9af:192.168.5.181:42103], old=null
2019-07-13 12:36:36,616 INFO  impl.LeaderElection (LogUtils.java:infoOrTrace(149)) - dcf6cdeb-9534-4169-b6cf-de2a17bac9af:group-C3200702ACAE:LeaderElection69 got exception when requesting votes: {}
java.util.concurrent.ExecutionException: org.apache.ratis.thirdparty.io.grpc.StatusRuntimeException: UNAVAILABLE: io exception
	at java.util.concurrent.FutureTask.report(FutureTask.java:122)
	at java.util.concurrent.FutureTask.get(FutureTask.java:192)
	at org.apache.ratis.server.impl.LeaderElection.waitForResults(LeaderElection.java:262)
	at org.apache.ratis.server.impl.LeaderElection.askForVotes(LeaderElection.java:200)
	at org.apache.ratis.server.impl.LeaderElection.run(LeaderElection.java:130)
	at java.lang.Thread.run(Thread.java:748)
Caused by: org.apache.ratis.thirdparty.io.grpc.StatusRuntimeException: UNAVAILABLE: io exception
	at org.apache.ratis.thirdparty.io.grpc.stub.ClientCalls.toStatusRuntimeException(ClientCalls.java:233)
	at org.apache.ratis.thirdparty.io.grpc.stub.ClientCalls.getUnchecked(ClientCalls.java:214)
	at org.apache.ratis.thirdparty.io.grpc.stub.ClientCalls.blockingUnaryCall(ClientCalls.java:139)
	at org.apache.ratis.proto.grpc.RaftServerProtocolServiceGrpc$RaftServerProtocolServiceBlockingStub.requestVote(RaftServerProtocolServiceGrpc.java:265)
	at org.apache.ratis.grpc.server.GrpcServerProtocolClient.requestVote(GrpcServerProtocolClient.java:83)
	at org.apache.ratis.grpc.server.GrpcService.requestVote(GrpcService.java:195)
	at org.apache.ratis.server.impl.LeaderElection.lambda$submitRequests$1(LeaderElection.java:237)
	at java.util.concurrent.FutureTask.run(FutureTask.java:266)
	at java.util.concurrent.Executors$RunnableAdapter.call(Executors.java:511)
	at java.util.concurrent.FutureTask.run(FutureTask.java:266)
	at java.util.concurrent.ThreadPoolExecutor.runWorker(ThreadPoolExecutor.java:1149)
	at java.util.concurrent.ThreadPoolExecutor$Worker.run(ThreadPoolExecutor.java:624)
	... 1 more
Caused by: org.apache.ratis.thirdparty.io.netty.channel.AbstractChannel$AnnotatedConnectException: Connection refused: /192.168.5.181:35252
	at sun.nio.ch.SocketChannelImpl.checkConnect(Native Method)
	at sun.nio.ch.SocketChannelImpl.finishConnect(SocketChannelImpl.java:717)
	at org.apache.ratis.thirdparty.io.netty.channel.socket.nio.NioSocketChannel.doFinishConnect(NioSocketChannel.java:327)
	at org.apache.ratis.thirdparty.io.netty.channel.nio.AbstractNioChannel$AbstractNioUnsafe.finishConnect(AbstractNioChannel.java:340)
	at org.apache.ratis.thirdparty.io.netty.channel.nio.NioEventLoop.processSelectedKey(NioEventLoop.java:632)
	at org.apache.ratis.thirdparty.io.netty.channel.nio.NioEventLoop.processSelectedKeysOptimized(NioEventLoop.java:579)
	at org.apache.ratis.thirdparty.io.netty.channel.nio.NioEventLoop.processSelectedKeys(NioEventLoop.java:496)
	at org.apache.ratis.thirdparty.io.netty.channel.nio.NioEventLoop.run(NioEventLoop.java:458)
	at org.apache.ratis.thirdparty.io.netty.util.concurrent.SingleThreadEventExecutor$5.run(SingleThreadEventExecutor.java:897)
	at org.apache.ratis.thirdparty.io.netty.util.concurrent.FastThreadLocalRunnable.run(FastThreadLocalRunnable.java:30)
	... 1 more
Caused by: java.net.ConnectException: Connection refused
	... 11 more
2019-07-13 12:36:36,618 INFO  impl.LeaderElection (LogUtils.java:infoOrTrace(149)) - dcf6cdeb-9534-4169-b6cf-de2a17bac9af:group-C3200702ACAE:LeaderElection69 got exception when requesting votes: {}
java.util.concurrent.ExecutionException: org.apache.ratis.thirdparty.io.grpc.StatusRuntimeException: UNAVAILABLE: io exception
	at java.util.concurrent.FutureTask.report(FutureTask.java:122)
	at java.util.concurrent.FutureTask.get(FutureTask.java:192)
	at org.apache.ratis.server.impl.LeaderElection.waitForResults(LeaderElection.java:262)
	at org.apache.ratis.server.impl.LeaderElection.askForVotes(LeaderElection.java:200)
	at org.apache.ratis.server.impl.LeaderElection.run(LeaderElection.java:130)
	at java.lang.Thread.run(Thread.java:748)
Caused by: org.apache.ratis.thirdparty.io.grpc.StatusRuntimeException: UNAVAILABLE: io exception
	at org.apache.ratis.thirdparty.io.grpc.stub.ClientCalls.toStatusRuntimeException(ClientCalls.java:233)
	at org.apache.ratis.thirdparty.io.grpc.stub.ClientCalls.getUnchecked(ClientCalls.java:214)
	at org.apache.ratis.thirdparty.io.grpc.stub.ClientCalls.blockingUnaryCall(ClientCalls.java:139)
	at org.apache.ratis.proto.grpc.RaftServerProtocolServiceGrpc$RaftServerProtocolServiceBlockingStub.requestVote(RaftServerProtocolServiceGrpc.java:265)
	at org.apache.ratis.grpc.server.GrpcServerProtocolClient.requestVote(GrpcServerProtocolClient.java:83)
	at org.apache.ratis.grpc.server.GrpcService.requestVote(GrpcService.java:195)
	at org.apache.ratis.server.impl.LeaderElection.lambda$submitRequests$1(LeaderElection.java:237)
	at java.util.concurrent.FutureTask.run(FutureTask.java:266)
	at java.util.concurrent.Executors$RunnableAdapter.call(Executors.java:511)
	at java.util.concurrent.FutureTask.run(FutureTask.java:266)
	at java.util.concurrent.ThreadPoolExecutor.runWorker(ThreadPoolExecutor.java:1149)
	at java.util.concurrent.ThreadPoolExecutor$Worker.run(ThreadPoolExecutor.java:624)
	... 1 more
Caused by: org.apache.ratis.thirdparty.io.netty.channel.AbstractChannel$AnnotatedConnectException: Connection refused: /192.168.5.181:35443
	at sun.nio.ch.SocketChannelImpl.checkConnect(Native Method)
	at sun.nio.ch.SocketChannelImpl.finishConnect(SocketChannelImpl.java:717)
	at org.apache.ratis.thirdparty.io.netty.channel.socket.nio.NioSocketChannel.doFinishConnect(NioSocketChannel.java:327)
	at org.apache.ratis.thirdparty.io.netty.channel.nio.AbstractNioChannel$AbstractNioUnsafe.finishConnect(AbstractNioChannel.java:340)
	at org.apache.ratis.thirdparty.io.netty.channel.nio.NioEventLoop.processSelectedKey(NioEventLoop.java:632)
	at org.apache.ratis.thirdparty.io.netty.channel.nio.NioEventLoop.processSelectedKeysOptimized(NioEventLoop.java:579)
	at org.apache.ratis.thirdparty.io.netty.channel.nio.NioEventLoop.processSelectedKeys(NioEventLoop.java:496)
	at org.apache.ratis.thirdparty.io.netty.channel.nio.NioEventLoop.run(NioEventLoop.java:458)
	at org.apache.ratis.thirdparty.io.netty.util.concurrent.SingleThreadEventExecutor$5.run(SingleThreadEventExecutor.java:897)
	at org.apache.ratis.thirdparty.io.netty.util.concurrent.FastThreadLocalRunnable.run(FastThreadLocalRunnable.java:30)
	... 1 more
Caused by: java.net.ConnectException: Connection refused
	... 11 more
2019-07-13 12:36:36,620 INFO  impl.LeaderElection (LeaderElection.java:logAndReturn(56)) - dcf6cdeb-9534-4169-b6cf-de2a17bac9af:group-C3200702ACAE:LeaderElection69: Election REJECTED; received 0 response(s) [] and 2 exception(s); dcf6cdeb-9534-4169-b6cf-de2a17bac9af:t2, leader=null, voted=dcf6cdeb-9534-4169-b6cf-de2a17bac9af, raftlog=dcf6cdeb-9534-4169-b6cf-de2a17bac9af-SegmentedRaftLog:OPENED:c0,f0,i0, conf=0: [7ea096ec-187a-4658-9315-7566fc9dcdad:192.168.5.181:35252, 8780d71a-b07f-48ff-bec3-5b2c8fd4a82e:192.168.5.181:35443, dcf6cdeb-9534-4169-b6cf-de2a17bac9af:192.168.5.181:42103], old=null
2019-07-13 12:36:36,620 INFO  impl.LeaderElection (LogUtils.java:infoOrTrace(149)) -   Exception 0: {}
java.util.concurrent.ExecutionException: org.apache.ratis.thirdparty.io.grpc.StatusRuntimeException: UNAVAILABLE: io exception
	at java.util.concurrent.FutureTask.report(FutureTask.java:122)
	at java.util.concurrent.FutureTask.get(FutureTask.java:192)
	at org.apache.ratis.server.impl.LeaderElection.waitForResults(LeaderElection.java:262)
	at org.apache.ratis.server.impl.LeaderElection.askForVotes(LeaderElection.java:200)
	at org.apache.ratis.server.impl.LeaderElection.run(LeaderElection.java:130)
	at java.lang.Thread.run(Thread.java:748)
Caused by: org.apache.ratis.thirdparty.io.grpc.StatusRuntimeException: UNAVAILABLE: io exception
	at org.apache.ratis.thirdparty.io.grpc.stub.ClientCalls.toStatusRuntimeException(ClientCalls.java:233)
	at org.apache.ratis.thirdparty.io.grpc.stub.ClientCalls.getUnchecked(ClientCalls.java:214)
	at org.apache.ratis.thirdparty.io.grpc.stub.ClientCalls.blockingUnaryCall(ClientCalls.java:139)
	at org.apache.ratis.proto.grpc.RaftServerProtocolServiceGrpc$RaftServerProtocolServiceBlockingStub.requestVote(RaftServerProtocolServiceGrpc.java:265)
	at org.apache.ratis.grpc.server.GrpcServerProtocolClient.requestVote(GrpcServerProtocolClient.java:83)
	at org.apache.ratis.grpc.server.GrpcService.requestVote(GrpcService.java:195)
	at org.apache.ratis.server.impl.LeaderElection.lambda$submitRequests$1(LeaderElection.java:237)
	at java.util.concurrent.FutureTask.run(FutureTask.java:266)
	at java.util.concurrent.Executors$RunnableAdapter.call(Executors.java:511)
	at java.util.concurrent.FutureTask.run(FutureTask.java:266)
	at java.util.concurrent.ThreadPoolExecutor.runWorker(ThreadPoolExecutor.java:1149)
	at java.util.concurrent.ThreadPoolExecutor$Worker.run(ThreadPoolExecutor.java:624)
	... 1 more
Caused by: org.apache.ratis.thirdparty.io.netty.channel.AbstractChannel$AnnotatedConnectException: Connection refused: /192.168.5.181:35252
	at sun.nio.ch.SocketChannelImpl.checkConnect(Native Method)
	at sun.nio.ch.SocketChannelImpl.finishConnect(SocketChannelImpl.java:717)
	at org.apache.ratis.thirdparty.io.netty.channel.socket.nio.NioSocketChannel.doFinishConnect(NioSocketChannel.java:327)
	at org.apache.ratis.thirdparty.io.netty.channel.nio.AbstractNioChannel$AbstractNioUnsafe.finishConnect(AbstractNioChannel.java:340)
	at org.apache.ratis.thirdparty.io.netty.channel.nio.NioEventLoop.processSelectedKey(NioEventLoop.java:632)
	at org.apache.ratis.thirdparty.io.netty.channel.nio.NioEventLoop.processSelectedKeysOptimized(NioEventLoop.java:579)
	at org.apache.ratis.thirdparty.io.netty.channel.nio.NioEventLoop.processSelectedKeys(NioEventLoop.java:496)
	at org.apache.ratis.thirdparty.io.netty.channel.nio.NioEventLoop.run(NioEventLoop.java:458)
	at org.apache.ratis.thirdparty.io.netty.util.concurrent.SingleThreadEventExecutor$5.run(SingleThreadEventExecutor.java:897)
	at org.apache.ratis.thirdparty.io.netty.util.concurrent.FastThreadLocalRunnable.run(FastThreadLocalRunnable.java:30)
	... 1 more
Caused by: java.net.ConnectException: Connection refused
	... 11 more
2019-07-13 12:36:36,620 INFO  impl.LeaderElection (LogUtils.java:infoOrTrace(149)) -   Exception 1: {}
java.util.concurrent.ExecutionException: org.apache.ratis.thirdparty.io.grpc.StatusRuntimeException: UNAVAILABLE: io exception
	at java.util.concurrent.FutureTask.report(FutureTask.java:122)
	at java.util.concurrent.FutureTask.get(FutureTask.java:192)
	at org.apache.ratis.server.impl.LeaderElection.waitForResults(LeaderElection.java:262)
	at org.apache.ratis.server.impl.LeaderElection.askForVotes(LeaderElection.java:200)
	at org.apache.ratis.server.impl.LeaderElection.run(LeaderElection.java:130)
	at java.lang.Thread.run(Thread.java:748)
Caused by: org.apache.ratis.thirdparty.io.grpc.StatusRuntimeException: UNAVAILABLE: io exception
	at org.apache.ratis.thirdparty.io.grpc.stub.ClientCalls.toStatusRuntimeException(ClientCalls.java:233)
	at org.apache.ratis.thirdparty.io.grpc.stub.ClientCalls.getUnchecked(ClientCalls.java:214)
	at org.apache.ratis.thirdparty.io.grpc.stub.ClientCalls.blockingUnaryCall(ClientCalls.java:139)
	at org.apache.ratis.proto.grpc.RaftServerProtocolServiceGrpc$RaftServerProtocolServiceBlockingStub.requestVote(RaftServerProtocolServiceGrpc.java:265)
	at org.apache.ratis.grpc.server.GrpcServerProtocolClient.requestVote(GrpcServerProtocolClient.java:83)
	at org.apache.ratis.grpc.server.GrpcService.requestVote(GrpcService.java:195)
	at org.apache.ratis.server.impl.LeaderElection.lambda$submitRequests$1(LeaderElection.java:237)
	at java.util.concurrent.FutureTask.run(FutureTask.java:266)
	at java.util.concurrent.Executors$RunnableAdapter.call(Executors.java:511)
	at java.util.concurrent.FutureTask.run(FutureTask.java:266)
	at java.util.concurrent.ThreadPoolExecutor.runWorker(ThreadPoolExecutor.java:1149)
	at java.util.concurrent.ThreadPoolExecutor$Worker.run(ThreadPoolExecutor.java:624)
	... 1 more
Caused by: org.apache.ratis.thirdparty.io.netty.channel.AbstractChannel$AnnotatedConnectException: Connection refused: /192.168.5.181:35443
	at sun.nio.ch.SocketChannelImpl.checkConnect(Native Method)
	at sun.nio.ch.SocketChannelImpl.finishConnect(SocketChannelImpl.java:717)
	at org.apache.ratis.thirdparty.io.netty.channel.socket.nio.NioSocketChannel.doFinishConnect(NioSocketChannel.java:327)
	at org.apache.ratis.thirdparty.io.netty.channel.nio.AbstractNioChannel$AbstractNioUnsafe.finishConnect(AbstractNioChannel.java:340)
	at org.apache.ratis.thirdparty.io.netty.channel.nio.NioEventLoop.processSelectedKey(NioEventLoop.java:632)
	at org.apache.ratis.thirdparty.io.netty.channel.nio.NioEventLoop.processSelectedKeysOptimized(NioEventLoop.java:579)
	at org.apache.ratis.thirdparty.io.netty.channel.nio.NioEventLoop.processSelectedKeys(NioEventLoop.java:496)
	at org.apache.ratis.thirdparty.io.netty.channel.nio.NioEventLoop.run(NioEventLoop.java:458)
	at org.apache.ratis.thirdparty.io.netty.util.concurrent.SingleThreadEventExecutor$5.run(SingleThreadEventExecutor.java:897)
	at org.apache.ratis.thirdparty.io.netty.util.concurrent.FastThreadLocalRunnable.run(FastThreadLocalRunnable.java:30)
	... 1 more
Caused by: java.net.ConnectException: Connection refused
	... 11 more
2019-07-13 12:36:36,620 INFO  impl.RaftServerImpl (RaftServerImpl.java:setRole(171)) - dcf6cdeb-9534-4169-b6cf-de2a17bac9af:group-C3200702ACAE changes role from CANDIDATE to FOLLOWER at term 2 for DISCOVERED_A_NEW_TERM
2019-07-13 12:36:36,621 INFO  impl.RoleInfo (RoleInfo.java:shutdownLeaderElection(134)) - dcf6cdeb-9534-4169-b6cf-de2a17bac9af: shutdown LeaderElection
2019-07-13 12:36:36,621 INFO  impl.RoleInfo (RoleInfo.java:updateAndGet(143)) - dcf6cdeb-9534-4169-b6cf-de2a17bac9af: start FollowerState
2019-07-13 12:36:38,376 WARN  server.GrpcLogAppender (LogUtils.java:warn(134)) - 28d1f63f-793c-40d0-b2c2-829f14fc8f4b->d4d5bab2-2d37-46de-accb-fdb690dfcc1e: Failed appendEntries: org.apache.ratis.thirdparty.io.grpc.StatusRuntimeException: UNAVAILABLE: io exception
2019-07-13 12:36:38,377 INFO  node.StaleNodeHandler (StaleNodeHandler.java:onMessage(58)) - Datanode 28d1f63f-793c-40d0-b2c2-829f14fc8f4b{ip: 192.168.5.181, host: trunk-nightly-q2gwj-1111726333, networkLocation: /default-rack, certSerialId: null} moved to stale state. Finalizing its pipelines [PipelineID=31c132d8-8364-4a97-bf85-49477a92626e, PipelineID=af578494-ecd6-4c6a-bdb5-0ca3679edf30]
2019-07-13 12:36:38,377 INFO  impl.FollowerInfo (FollowerInfo.java:lambda$new$0(50)) - 28d1f63f-793c-40d0-b2c2-829f14fc8f4b->d4d5bab2-2d37-46de-accb-fdb690dfcc1e: nextIndex: updateUnconditionally 0 -> 0
2019-07-13 12:36:38,377 INFO  pipeline.SCMPipelineManager (SCMPipelineManager.java:finalizeAndDestroyPipeline(309)) - destroying pipeline:Pipeline[ Id: 31c132d8-8364-4a97-bf85-49477a92626e, Nodes: 28d1f63f-793c-40d0-b2c2-829f14fc8f4b{ip: 192.168.5.181, host: trunk-nightly-q2gwj-1111726333, networkLocation: /default-rack, certSerialId: null}, Type:RATIS, Factor:ONE, State:OPEN]
2019-07-13 12:36:38,378 INFO  pipeline.PipelineStateManager (PipelineStateManager.java:finalizePipeline(123)) - Pipeline Pipeline[ Id: 31c132d8-8364-4a97-bf85-49477a92626e, Nodes: 28d1f63f-793c-40d0-b2c2-829f14fc8f4b{ip: 192.168.5.181, host: trunk-nightly-q2gwj-1111726333, networkLocation: /default-rack, certSerialId: null}, Type:RATIS, Factor:ONE, State:CLOSED] moved to CLOSED state
2019-07-13 12:36:38,378 INFO  pipeline.SCMPipelineManager (SCMPipelineManager.java:finalizeAndDestroyPipeline(309)) - destroying pipeline:Pipeline[ Id: af578494-ecd6-4c6a-bdb5-0ca3679edf30, Nodes: d4d5bab2-2d37-46de-accb-fdb690dfcc1e{ip: 192.168.5.181, host: trunk-nightly-q2gwj-1111726333, networkLocation: /default-rack, certSerialId: null}28d1f63f-793c-40d0-b2c2-829f14fc8f4b{ip: 192.168.5.181, host: trunk-nightly-q2gwj-1111726333, networkLocation: /default-rack, certSerialId: null}56352b6b-b30d-4a15-89c1-5f335cc44b98{ip: 192.168.5.181, host: trunk-nightly-q2gwj-1111726333, networkLocation: /default-rack, certSerialId: null}, Type:RATIS, Factor:THREE, State:CLOSED]
2019-07-13 12:36:38,378 INFO  node.StaleNodeHandler (StaleNodeHandler.java:onMessage(58)) - Datanode a16f0559-7fda-4d56-abe1-07f8a6c2689a{ip: 192.168.5.181, host: trunk-nightly-q2gwj-1111726333, networkLocation: /default-rack, certSerialId: null} moved to stale state. Finalizing its pipelines [PipelineID=1ab0a895-1eb6-4cee-8a95-0330f5612430]
2019-07-13 12:36:38,378 INFO  pipeline.SCMPipelineManager (SCMPipelineManager.java:finalizeAndDestroyPipeline(309)) - destroying pipeline:Pipeline[ Id: 1ab0a895-1eb6-4cee-8a95-0330f5612430, Nodes: a16f0559-7fda-4d56-abe1-07f8a6c2689a{ip: 192.168.5.181, host: trunk-nightly-q2gwj-1111726333, networkLocation: /default-rack, certSerialId: null}, Type:RATIS, Factor:ONE, State:OPEN]
2019-07-13 12:36:38,378 INFO  pipeline.PipelineStateManager (PipelineStateManager.java:finalizePipeline(123)) - Pipeline Pipeline[ Id: 1ab0a895-1eb6-4cee-8a95-0330f5612430, Nodes: a16f0559-7fda-4d56-abe1-07f8a6c2689a{ip: 192.168.5.181, host: trunk-nightly-q2gwj-1111726333, networkLocation: /default-rack, certSerialId: null}, Type:RATIS, Factor:ONE, State:CLOSED] moved to CLOSED state
2019-07-13 12:36:38,379 WARN  server.GrpcLogAppender (LogUtils.java:warn(134)) - 28d1f63f-793c-40d0-b2c2-829f14fc8f4b->56352b6b-b30d-4a15-89c1-5f335cc44b98: Failed appendEntries: org.apache.ratis.thirdparty.io.grpc.StatusRuntimeException: UNAVAILABLE: io exception
2019-07-13 12:36:38,380 INFO  impl.FollowerInfo (FollowerInfo.java:lambda$new$0(50)) - 28d1f63f-793c-40d0-b2c2-829f14fc8f4b->56352b6b-b30d-4a15-89c1-5f335cc44b98: nextIndex: updateUnconditionally 0 -> 0
2019-07-13 12:36:39,107 INFO  ozoneimpl.OzoneContainer (OzoneContainer.java:stop(199)) - Attempting to stop container services.
2019-07-13 12:36:39,107 INFO  ozoneimpl.OzoneContainer (OzoneContainer.java:stop(199)) - Attempting to stop container services.
2019-07-13 12:36:39,108 INFO  impl.RaftServerProxy (RaftServerProxy.java:lambda$close$4(314)) - 28d1f63f-793c-40d0-b2c2-829f14fc8f4b: close
2019-07-13 12:36:39,108 INFO  impl.RaftServerProxy (RaftServerProxy.java:lambda$close$4(314)) - a16f0559-7fda-4d56-abe1-07f8a6c2689a: close
2019-07-13 12:36:39,108 INFO  impl.RaftServerImpl (RaftServerImpl.java:lambda$shutdown$3(245)) - 28d1f63f-793c-40d0-b2c2-829f14fc8f4b: shutdown group-49477A92626E
2019-07-13 12:36:39,109 INFO  impl.RaftServerImpl (RaftServerImpl.java:lambda$shutdown$3(245)) - a16f0559-7fda-4d56-abe1-07f8a6c2689a: shutdown group-0330F5612430
2019-07-13 12:36:39,109 INFO  util.JmxRegister (JmxRegister.java:unregister(73)) - Successfully un-registered JMX Bean with object name Ratis:service=RaftServer,group=group-49477A92626E,id=28d1f63f-793c-40d0-b2c2-829f14fc8f4b
2019-07-13 12:36:39,110 INFO  impl.RoleInfo (RoleInfo.java:shutdownLeaderState(104)) - 28d1f63f-793c-40d0-b2c2-829f14fc8f4b: shutdown LeaderState
2019-07-13 12:36:39,110 INFO  util.JmxRegister (JmxRegister.java:unregister(73)) - Successfully un-registered JMX Bean with object name Ratis:service=RaftServer,group=group-0330F5612430,id=a16f0559-7fda-4d56-abe1-07f8a6c2689a
2019-07-13 12:36:39,110 INFO  impl.PendingRequests (PendingRequests.java:sendNotLeaderResponses(202)) - 28d1f63f-793c-40d0-b2c2-829f14fc8f4b-PendingRequests: sendNotLeaderResponses
2019-07-13 12:36:39,111 INFO  impl.RoleInfo (RoleInfo.java:shutdownLeaderState(104)) - a16f0559-7fda-4d56-abe1-07f8a6c2689a: shutdown LeaderState
2019-07-13 12:36:39,111 INFO  ratis.ContainerStateMachine (ContainerStateMachine.java:takeSnapshot(246)) - Taking snapshot at termIndex:(t:0, i:~)
2019-07-13 12:36:39,111 INFO  impl.StateMachineUpdater (StateMachineUpdater.java:stopAndJoin(115)) - StateMachineUpdater:28d1f63f-793c-40d0-b2c2-829f14fc8f4b:group-49477A92626E: set stopIndex = 0
2019-07-13 12:36:39,111 INFO  impl.PendingRequests (PendingRequests.java:sendNotLeaderResponses(202)) - a16f0559-7fda-4d56-abe1-07f8a6c2689a-PendingRequests: sendNotLeaderResponses
2019-07-13 12:36:39,112 INFO  impl.RaftServerImpl (ServerState.java:close(394)) - 28d1f63f-793c-40d0-b2c2-829f14fc8f4b:group-49477A92626E closes. The last applied log index is 0
2019-07-13 12:36:39,113 INFO  ratis.ContainerStateMachine (ContainerStateMachine.java:takeSnapshot(246)) - Taking snapshot at termIndex:(t:0, i:~)
2019-07-13 12:36:39,112 INFO  impl.StateMachineUpdater (StateMachineUpdater.java:stopAndJoin(115)) - StateMachineUpdater:a16f0559-7fda-4d56-abe1-07f8a6c2689a:group-0330F5612430: set stopIndex = 0
2019-07-13 12:36:39,113 INFO  segmented.SegmentedRaftLogWorker (SegmentedRaftLogWorker.java:run(313)) - 28d1f63f-793c-40d0-b2c2-829f14fc8f4b-SegmentedRaftLogWorker:Storage Directory /tmp/workdir/hadoop-ozone/integration-test/target/test-dir/MiniOzoneClusterImpl-9c8493bd-b58e-4f6f-9e4b-1c94a5b4a348/datanode-0/data/ratis/31c132d8-8364-4a97-bf85-49477a92626e was interrupted, exiting. There are 0 tasks remaining in the queue.
2019-07-13 12:36:39,113 INFO  impl.RaftServerImpl (ServerState.java:close(394)) - a16f0559-7fda-4d56-abe1-07f8a6c2689a:group-0330F5612430 closes. The last applied log index is 0
2019-07-13 12:36:39,116 INFO  segmented.SegmentedRaftLogWorker (SegmentedRaftLogWorker.java:close(228)) - 28d1f63f-793c-40d0-b2c2-829f14fc8f4b-SegmentedRaftLogWorker:Storage Directory /tmp/workdir/hadoop-ozone/integration-test/target/test-dir/MiniOzoneClusterImpl-9c8493bd-b58e-4f6f-9e4b-1c94a5b4a348/datanode-0/data/ratis/31c132d8-8364-4a97-bf85-49477a92626e close()
2019-07-13 12:36:39,116 INFO  segmented.SegmentedRaftLogWorker (SegmentedRaftLogWorker.java:run(313)) - a16f0559-7fda-4d56-abe1-07f8a6c2689a-SegmentedRaftLogWorker:Storage Directory /tmp/workdir/hadoop-ozone/integration-test/target/test-dir/MiniOzoneClusterImpl-9c8493bd-b58e-4f6f-9e4b-1c94a5b4a348/datanode-6/data/ratis/1ab0a895-1eb6-4cee-8a95-0330f5612430 was interrupted, exiting. There are 0 tasks remaining in the queue.
2019-07-13 12:36:39,118 INFO  impl.RaftServerImpl (RaftServerImpl.java:lambda$shutdown$3(245)) - 28d1f63f-793c-40d0-b2c2-829f14fc8f4b: shutdown group-0CA3679EDF30
2019-07-13 12:36:39,119 INFO  segmented.SegmentedRaftLogWorker (SegmentedRaftLogWorker.java:close(228)) - a16f0559-7fda-4d56-abe1-07f8a6c2689a-SegmentedRaftLogWorker:Storage Directory /tmp/workdir/hadoop-ozone/integration-test/target/test-dir/MiniOzoneClusterImpl-9c8493bd-b58e-4f6f-9e4b-1c94a5b4a348/datanode-6/data/ratis/1ab0a895-1eb6-4cee-8a95-0330f5612430 close()
2019-07-13 12:36:39,119 INFO  util.JmxRegister (JmxRegister.java:unregister(73)) - Successfully un-registered JMX Bean with object name Ratis:service=RaftServer,group=group-0CA3679EDF30,id=28d1f63f-793c-40d0-b2c2-829f14fc8f4b
2019-07-13 12:36:39,126 INFO  server.GrpcService (GrpcService.java:closeImpl(155)) - a16f0559-7fda-4d56-abe1-07f8a6c2689a: shutdown server with port 39462 now
2019-07-13 12:36:39,126 INFO  impl.RoleInfo (RoleInfo.java:shutdownLeaderState(104)) - 28d1f63f-793c-40d0-b2c2-829f14fc8f4b: shutdown LeaderState
2019-07-13 12:36:39,128 INFO  server.GrpcService (GrpcService.java:closeImpl(163)) - a16f0559-7fda-4d56-abe1-07f8a6c2689a: shutdown server with port 39462 successfully
2019-07-13 12:36:39,134 WARN  server.GrpcLogAppender (GrpcLogAppender.java:mayWait(143)) - GrpcLogAppender(28d1f63f-793c-40d0-b2c2-829f14fc8f4b->56352b6b-b30d-4a15-89c1-5f335cc44b98): Wait interrupted by java.lang.InterruptedException
2019-07-13 12:36:39,134 WARN  server.GrpcLogAppender (GrpcLogAppender.java:mayWait(143)) - GrpcLogAppender(28d1f63f-793c-40d0-b2c2-829f14fc8f4b->d4d5bab2-2d37-46de-accb-fdb690dfcc1e): Wait interrupted by java.lang.InterruptedException
2019-07-13 12:36:39,134 INFO  impl.PendingRequests (PendingRequests.java:sendNotLeaderResponses(202)) - 28d1f63f-793c-40d0-b2c2-829f14fc8f4b-PendingRequests: sendNotLeaderResponses
2019-07-13 12:36:39,135 INFO  impl.StateMachineUpdater (StateMachineUpdater.java:stopAndJoin(115)) - StateMachineUpdater:28d1f63f-793c-40d0-b2c2-829f14fc8f4b:group-0CA3679EDF30: set stopIndex = 0
2019-07-13 12:36:39,135 INFO  utils.BackgroundService (BackgroundService.java:shutdown(148)) - Shutting down service BlockDeletingService
2019-07-13 12:36:39,135 INFO  ratis.ContainerStateMachine (ContainerStateMachine.java:takeSnapshot(246)) - Taking snapshot at termIndex:(t:0, i:~)
2019-07-13 12:36:39,136 INFO  impl.RaftServerImpl (ServerState.java:close(394)) - 28d1f63f-793c-40d0-b2c2-829f14fc8f4b:group-0CA3679EDF30 closes. The last applied log index is 0
2019-07-13 12:36:39,136 INFO  segmented.SegmentedRaftLogWorker (SegmentedRaftLogWorker.java:run(313)) - 28d1f63f-793c-40d0-b2c2-829f14fc8f4b-SegmentedRaftLogWorker:Storage Directory /tmp/workdir/hadoop-ozone/integration-test/target/test-dir/MiniOzoneClusterImpl-9c8493bd-b58e-4f6f-9e4b-1c94a5b4a348/datanode-0/data/ratis/af578494-ecd6-4c6a-bdb5-0ca3679edf30 was interrupted, exiting. There are 0 tasks remaining in the queue.
2019-07-13 12:36:39,137 INFO  segmented.SegmentedRaftLogWorker (SegmentedRaftLogWorker.java:close(228)) - 28d1f63f-793c-40d0-b2c2-829f14fc8f4b-SegmentedRaftLogWorker:Storage Directory /tmp/workdir/hadoop-ozone/integration-test/target/test-dir/MiniOzoneClusterImpl-9c8493bd-b58e-4f6f-9e4b-1c94a5b4a348/datanode-0/data/ratis/af578494-ecd6-4c6a-bdb5-0ca3679edf30 close()
2019-07-13 12:36:39,137 WARN  fs.CachingGetSpaceUsed (CachingGetSpaceUsed.java:run(183)) - Thread Interrupted waiting to refresh disk information: sleep interrupted
2019-07-13 12:36:39,137 INFO  server.GrpcService (GrpcService.java:closeImpl(155)) - 28d1f63f-793c-40d0-b2c2-829f14fc8f4b: shutdown server with port 44532 now
2019-07-13 12:36:39,137 INFO  server.GrpcService (GrpcService.java:closeImpl(163)) - 28d1f63f-793c-40d0-b2c2-829f14fc8f4b: shutdown server with port 44532 successfully
2019-07-13 12:36:39,142 INFO  utils.BackgroundService (BackgroundService.java:shutdown(148)) - Shutting down service BlockDeletingService
2019-07-13 12:36:39,143 WARN  fs.CachingGetSpaceUsed (CachingGetSpaceUsed.java:run(183)) - Thread Interrupted waiting to refresh disk information: sleep interrupted
2019-07-13 12:36:39,156 INFO  statemachine.DatanodeStateMachine (DatanodeStateMachine.java:stopDaemon(395)) - Ozone container server stopped.
2019-07-13 12:36:39,163 INFO  statemachine.DatanodeStateMachine (DatanodeStateMachine.java:stopDaemon(395)) - Ozone container server stopped.
2019-07-13 12:36:39,169 INFO  handler.ContextHandler (ContextHandler.java:doStop(910)) - Stopped o.e.j.w.WebAppContext@5ab70df7{/,null,UNAVAILABLE}{/hddsDatanode}
2019-07-13 12:36:39,169 INFO  handler.ContextHandler (ContextHandler.java:doStop(910)) - Stopped o.e.j.w.WebAppContext@1e49a77e{/,null,UNAVAILABLE}{/hddsDatanode}
2019-07-13 12:36:39,170 INFO  server.AbstractConnector (AbstractConnector.java:doStop(318)) - Stopped ServerConnector@57466fb7{HTTP/1.1,[http/1.1]}{0.0.0.0:0}
2019-07-13 12:36:39,171 INFO  handler.ContextHandler (ContextHandler.java:doStop(910)) - Stopped o.e.j.s.ServletContextHandler@2a317af7{/static,jar:file:/home/user/.m2/repository/org/apache/hadoop/hadoop-hdds-container-service/0.5.0-SNAPSHOT/hadoop-hdds-container-service-0.5.0-SNAPSHOT.jar!/webapps/static,UNAVAILABLE}
2019-07-13 12:36:39,172 INFO  server.AbstractConnector (AbstractConnector.java:doStop(318)) - Stopped ServerConnector@6764201e{HTTP/1.1,[http/1.1]}{0.0.0.0:0}
2019-07-13 12:36:39,173 INFO  handler.ContextHandler (ContextHandler.java:doStop(910)) - Stopped o.e.j.s.ServletContextHandler@26c1244c{/logs,file:///tmp/workdir/hadoop-ozone/integration-test/target/log,UNAVAILABLE}
2019-07-13 12:36:39,173 INFO  handler.ContextHandler (ContextHandler.java:doStop(910)) - Stopped o.e.j.s.ServletContextHandler@f83616{/static,jar:file:/home/user/.m2/repository/org/apache/hadoop/hadoop-hdds-container-service/0.5.0-SNAPSHOT/hadoop-hdds-container-service-0.5.0-SNAPSHOT.jar!/webapps/static,UNAVAILABLE}
2019-07-13 12:36:39,174 INFO  handler.ContextHandler (ContextHandler.java:doStop(910)) - Stopped o.e.j.s.ServletContextHandler@235d46b2{/logs,file:///tmp/workdir/hadoop-ozone/integration-test/target/log,UNAVAILABLE}
2019-07-13 12:36:39,174 INFO  datanode.ObjectStoreHandler (ObjectStoreHandler.java:close(155)) - Closing ObjectStoreHandler.
2019-07-13 12:36:39,175 INFO  ozone.HddsDatanodeService (HddsDatanodeService.java:stop(452)) - Stopped plug-in org.apache.hadoop.ozone.web.OzoneHddsDatanodeService@1fd4850b
2019-07-13 12:36:39,176 INFO  statemachine.DatanodeStateMachine (DatanodeStateMachine.java:lambda$startDaemon$0(350)) - Ozone container server started.
2019-07-13 12:36:41,804 INFO  impl.FollowerState (FollowerState.java:run(106)) - dcf6cdeb-9534-4169-b6cf-de2a17bac9af:group-C3200702ACAE changes to CANDIDATE, lastRpcTime:5183, electionTimeout:5183ms
2019-07-13 12:36:41,805 INFO  impl.RoleInfo (RoleInfo.java:shutdownFollowerState(121)) - dcf6cdeb-9534-4169-b6cf-de2a17bac9af: shutdown FollowerState
2019-07-13 12:36:41,805 INFO  impl.RaftServerImpl (RaftServerImpl.java:setRole(171)) - dcf6cdeb-9534-4169-b6cf-de2a17bac9af:group-C3200702ACAE changes role from FOLLOWER to CANDIDATE at term 2 for changeToCandidate
2019-07-13 12:36:41,805 INFO  impl.RoleInfo (RoleInfo.java:updateAndGet(143)) - dcf6cdeb-9534-4169-b6cf-de2a17bac9af: start LeaderElection
2019-07-13 12:36:41,819 INFO  impl.LeaderElection (LeaderElection.java:askForVotes(181)) - dcf6cdeb-9534-4169-b6cf-de2a17bac9af:group-C3200702ACAE:LeaderElection70: begin an election at term 3 for 0: [7ea096ec-187a-4658-9315-7566fc9dcdad:192.168.5.181:35252, 8780d71a-b07f-48ff-bec3-5b2c8fd4a82e:192.168.5.181:35443, dcf6cdeb-9534-4169-b6cf-de2a17bac9af:192.168.5.181:42103], old=null
2019-07-13 12:36:41,820 INFO  impl.LeaderElection (LogUtils.java:infoOrTrace(149)) - dcf6cdeb-9534-4169-b6cf-de2a17bac9af:group-C3200702ACAE:LeaderElection70 got exception when requesting votes: {}
java.util.concurrent.ExecutionException: org.apache.ratis.thirdparty.io.grpc.StatusRuntimeException: UNAVAILABLE: io exception
	at java.util.concurrent.FutureTask.report(FutureTask.java:122)
	at java.util.concurrent.FutureTask.get(FutureTask.java:192)
	at org.apache.ratis.server.impl.LeaderElection.waitForResults(LeaderElection.java:262)
	at org.apache.ratis.server.impl.LeaderElection.askForVotes(LeaderElection.java:200)
	at org.apache.ratis.server.impl.LeaderElection.run(LeaderElection.java:130)
	at java.lang.Thread.run(Thread.java:748)
Caused by: org.apache.ratis.thirdparty.io.grpc.StatusRuntimeException: UNAVAILABLE: io exception
	at org.apache.ratis.thirdparty.io.grpc.stub.ClientCalls.toStatusRuntimeException(ClientCalls.java:233)
	at org.apache.ratis.thirdparty.io.grpc.stub.ClientCalls.getUnchecked(ClientCalls.java:214)
	at org.apache.ratis.thirdparty.io.grpc.stub.ClientCalls.blockingUnaryCall(ClientCalls.java:139)
	at org.apache.ratis.proto.grpc.RaftServerProtocolServiceGrpc$RaftServerProtocolServiceBlockingStub.requestVote(RaftServerProtocolServiceGrpc.java:265)
	at org.apache.ratis.grpc.server.GrpcServerProtocolClient.requestVote(GrpcServerProtocolClient.java:83)
	at org.apache.ratis.grpc.server.GrpcService.requestVote(GrpcService.java:195)
	at org.apache.ratis.server.impl.LeaderElection.lambda$submitRequests$1(LeaderElection.java:237)
	at java.util.concurrent.FutureTask.run(FutureTask.java:266)
	at java.util.concurrent.Executors$RunnableAdapter.call(Executors.java:511)
	at java.util.concurrent.FutureTask.run(FutureTask.java:266)
	at java.util.concurrent.ThreadPoolExecutor.runWorker(ThreadPoolExecutor.java:1149)
	at java.util.concurrent.ThreadPoolExecutor$Worker.run(ThreadPoolExecutor.java:624)
	... 1 more
Caused by: org.apache.ratis.thirdparty.io.netty.channel.AbstractChannel$AnnotatedConnectException: Connection refused: /192.168.5.181:35252
	at sun.nio.ch.SocketChannelImpl.checkConnect(Native Method)
	at sun.nio.ch.SocketChannelImpl.finishConnect(SocketChannelImpl.java:717)
	at org.apache.ratis.thirdparty.io.netty.channel.socket.nio.NioSocketChannel.doFinishConnect(NioSocketChannel.java:327)
	at org.apache.ratis.thirdparty.io.netty.channel.nio.AbstractNioChannel$AbstractNioUnsafe.finishConnect(AbstractNioChannel.java:340)
	at org.apache.ratis.thirdparty.io.netty.channel.nio.NioEventLoop.processSelectedKey(NioEventLoop.java:632)
	at org.apache.ratis.thirdparty.io.netty.channel.nio.NioEventLoop.processSelectedKeysOptimized(NioEventLoop.java:579)
	at org.apache.ratis.thirdparty.io.netty.channel.nio.NioEventLoop.processSelectedKeys(NioEventLoop.java:496)
	at org.apache.ratis.thirdparty.io.netty.channel.nio.NioEventLoop.run(NioEventLoop.java:458)
	at org.apache.ratis.thirdparty.io.netty.util.concurrent.SingleThreadEventExecutor$5.run(SingleThreadEventExecutor.java:897)
	at org.apache.ratis.thirdparty.io.netty.util.concurrent.FastThreadLocalRunnable.run(FastThreadLocalRunnable.java:30)
	... 1 more
Caused by: java.net.ConnectException: Connection refused
	... 11 more
2019-07-13 12:36:41,823 INFO  impl.LeaderElection (LogUtils.java:infoOrTrace(149)) - dcf6cdeb-9534-4169-b6cf-de2a17bac9af:group-C3200702ACAE:LeaderElection70 got exception when requesting votes: {}
java.util.concurrent.ExecutionException: org.apache.ratis.thirdparty.io.grpc.StatusRuntimeException: UNAVAILABLE: io exception
	at java.util.concurrent.FutureTask.report(FutureTask.java:122)
	at java.util.concurrent.FutureTask.get(FutureTask.java:192)
	at org.apache.ratis.server.impl.LeaderElection.waitForResults(LeaderElection.java:262)
	at org.apache.ratis.server.impl.LeaderElection.askForVotes(LeaderElection.java:200)
	at org.apache.ratis.server.impl.LeaderElection.run(LeaderElection.java:130)
	at java.lang.Thread.run(Thread.java:748)
Caused by: org.apache.ratis.thirdparty.io.grpc.StatusRuntimeException: UNAVAILABLE: io exception
	at org.apache.ratis.thirdparty.io.grpc.stub.ClientCalls.toStatusRuntimeException(ClientCalls.java:233)
	at org.apache.ratis.thirdparty.io.grpc.stub.ClientCalls.getUnchecked(ClientCalls.java:214)
	at org.apache.ratis.thirdparty.io.grpc.stub.ClientCalls.blockingUnaryCall(ClientCalls.java:139)
	at org.apache.ratis.proto.grpc.RaftServerProtocolServiceGrpc$RaftServerProtocolServiceBlockingStub.requestVote(RaftServerProtocolServiceGrpc.java:265)
	at org.apache.ratis.grpc.server.GrpcServerProtocolClient.requestVote(GrpcServerProtocolClient.java:83)
	at org.apache.ratis.grpc.server.GrpcService.requestVote(GrpcService.java:195)
	at org.apache.ratis.server.impl.LeaderElection.lambda$submitRequests$1(LeaderElection.java:237)
	at java.util.concurrent.FutureTask.run(FutureTask.java:266)
	at java.util.concurrent.Executors$RunnableAdapter.call(Executors.java:511)
	at java.util.concurrent.FutureTask.run(FutureTask.java:266)
	at java.util.concurrent.ThreadPoolExecutor.runWorker(ThreadPoolExecutor.java:1149)
	at java.util.concurrent.ThreadPoolExecutor$Worker.run(ThreadPoolExecutor.java:624)
	... 1 more
Caused by: org.apache.ratis.thirdparty.io.netty.channel.AbstractChannel$AnnotatedConnectException: Connection refused: /192.168.5.181:35443
	at sun.nio.ch.SocketChannelImpl.checkConnect(Native Method)
	at sun.nio.ch.SocketChannelImpl.finishConnect(SocketChannelImpl.java:717)
	at org.apache.ratis.thirdparty.io.netty.channel.socket.nio.NioSocketChannel.doFinishConnect(NioSocketChannel.java:327)
	at org.apache.ratis.thirdparty.io.netty.channel.nio.AbstractNioChannel$AbstractNioUnsafe.finishConnect(AbstractNioChannel.java:340)
	at org.apache.ratis.thirdparty.io.netty.channel.nio.NioEventLoop.processSelectedKey(NioEventLoop.java:632)
	at org.apache.ratis.thirdparty.io.netty.channel.nio.NioEventLoop.processSelectedKeysOptimized(NioEventLoop.java:579)
	at org.apache.ratis.thirdparty.io.netty.channel.nio.NioEventLoop.processSelectedKeys(NioEventLoop.java:496)
	at org.apache.ratis.thirdparty.io.netty.channel.nio.NioEventLoop.run(NioEventLoop.java:458)
	at org.apache.ratis.thirdparty.io.netty.util.concurrent.SingleThreadEventExecutor$5.run(SingleThreadEventExecutor.java:897)
	at org.apache.ratis.thirdparty.io.netty.util.concurrent.FastThreadLocalRunnable.run(FastThreadLocalRunnable.java:30)
	... 1 more
Caused by: java.net.ConnectException: Connection refused
	... 11 more
2019-07-13 12:36:41,824 INFO  impl.LeaderElection (LeaderElection.java:logAndReturn(56)) - dcf6cdeb-9534-4169-b6cf-de2a17bac9af:group-C3200702ACAE:LeaderElection70: Election REJECTED; received 0 response(s) [] and 2 exception(s); dcf6cdeb-9534-4169-b6cf-de2a17bac9af:t3, leader=null, voted=dcf6cdeb-9534-4169-b6cf-de2a17bac9af, raftlog=dcf6cdeb-9534-4169-b6cf-de2a17bac9af-SegmentedRaftLog:OPENED:c0,f0,i0, conf=0: [7ea096ec-187a-4658-9315-7566fc9dcdad:192.168.5.181:35252, 8780d71a-b07f-48ff-bec3-5b2c8fd4a82e:192.168.5.181:35443, dcf6cdeb-9534-4169-b6cf-de2a17bac9af:192.168.5.181:42103], old=null
2019-07-13 12:36:41,824 INFO  impl.LeaderElection (LogUtils.java:infoOrTrace(149)) -   Exception 0: {}
java.util.concurrent.ExecutionException: org.apache.ratis.thirdparty.io.grpc.StatusRuntimeException: UNAVAILABLE: io exception
	at java.util.concurrent.FutureTask.report(FutureTask.java:122)
	at java.util.concurrent.FutureTask.get(FutureTask.java:192)
	at org.apache.ratis.server.impl.LeaderElection.waitForResults(LeaderElection.java:262)
	at org.apache.ratis.server.impl.LeaderElection.askForVotes(LeaderElection.java:200)
	at org.apache.ratis.server.impl.LeaderElection.run(LeaderElection.java:130)
	at java.lang.Thread.run(Thread.java:748)
Caused by: org.apache.ratis.thirdparty.io.grpc.StatusRuntimeException: UNAVAILABLE: io exception
	at org.apache.ratis.thirdparty.io.grpc.stub.ClientCalls.toStatusRuntimeException(ClientCalls.java:233)
	at org.apache.ratis.thirdparty.io.grpc.stub.ClientCalls.getUnchecked(ClientCalls.java:214)
	at org.apache.ratis.thirdparty.io.grpc.stub.ClientCalls.blockingUnaryCall(ClientCalls.java:139)
	at org.apache.ratis.proto.grpc.RaftServerProtocolServiceGrpc$RaftServerProtocolServiceBlockingStub.requestVote(RaftServerProtocolServiceGrpc.java:265)
	at org.apache.ratis.grpc.server.GrpcServerProtocolClient.requestVote(GrpcServerProtocolClient.java:83)
	at org.apache.ratis.grpc.server.GrpcService.requestVote(GrpcService.java:195)
	at org.apache.ratis.server.impl.LeaderElection.lambda$submitRequests$1(LeaderElection.java:237)
	at java.util.concurrent.FutureTask.run(FutureTask.java:266)
	at java.util.concurrent.Executors$RunnableAdapter.call(Executors.java:511)
	at java.util.concurrent.FutureTask.run(FutureTask.java:266)
	at java.util.concurrent.ThreadPoolExecutor.runWorker(ThreadPoolExecutor.java:1149)
	at java.util.concurrent.ThreadPoolExecutor$Worker.run(ThreadPoolExecutor.java:624)
	... 1 more
Caused by: org.apache.ratis.thirdparty.io.netty.channel.AbstractChannel$AnnotatedConnectException: Connection refused: /192.168.5.181:35252
	at sun.nio.ch.SocketChannelImpl.checkConnect(Native Method)
	at sun.nio.ch.SocketChannelImpl.finishConnect(SocketChannelImpl.java:717)
	at org.apache.ratis.thirdparty.io.netty.channel.socket.nio.NioSocketChannel.doFinishConnect(NioSocketChannel.java:327)
	at org.apache.ratis.thirdparty.io.netty.channel.nio.AbstractNioChannel$AbstractNioUnsafe.finishConnect(AbstractNioChannel.java:340)
	at org.apache.ratis.thirdparty.io.netty.channel.nio.NioEventLoop.processSelectedKey(NioEventLoop.java:632)
	at org.apache.ratis.thirdparty.io.netty.channel.nio.NioEventLoop.processSelectedKeysOptimized(NioEventLoop.java:579)
	at org.apache.ratis.thirdparty.io.netty.channel.nio.NioEventLoop.processSelectedKeys(NioEventLoop.java:496)
	at org.apache.ratis.thirdparty.io.netty.channel.nio.NioEventLoop.run(NioEventLoop.java:458)
	at org.apache.ratis.thirdparty.io.netty.util.concurrent.SingleThreadEventExecutor$5.run(SingleThreadEventExecutor.java:897)
	at org.apache.ratis.thirdparty.io.netty.util.concurrent.FastThreadLocalRunnable.run(FastThreadLocalRunnable.java:30)
	... 1 more
Caused by: java.net.ConnectException: Connection refused
	... 11 more
2019-07-13 12:36:41,824 INFO  impl.LeaderElection (LogUtils.java:infoOrTrace(149)) -   Exception 1: {}
java.util.concurrent.ExecutionException: org.apache.ratis.thirdparty.io.grpc.StatusRuntimeException: UNAVAILABLE: io exception
	at java.util.concurrent.FutureTask.report(FutureTask.java:122)
	at java.util.concurrent.FutureTask.get(FutureTask.java:192)
	at org.apache.ratis.server.impl.LeaderElection.waitForResults(LeaderElection.java:262)
	at org.apache.ratis.server.impl.LeaderElection.askForVotes(LeaderElection.java:200)
	at org.apache.ratis.server.impl.LeaderElection.run(LeaderElection.java:130)
	at java.lang.Thread.run(Thread.java:748)
Caused by: org.apache.ratis.thirdparty.io.grpc.StatusRuntimeException: UNAVAILABLE: io exception
	at org.apache.ratis.thirdparty.io.grpc.stub.ClientCalls.toStatusRuntimeException(ClientCalls.java:233)
	at org.apache.ratis.thirdparty.io.grpc.stub.ClientCalls.getUnchecked(ClientCalls.java:214)
	at org.apache.ratis.thirdparty.io.grpc.stub.ClientCalls.blockingUnaryCall(ClientCalls.java:139)
	at org.apache.ratis.proto.grpc.RaftServerProtocolServiceGrpc$RaftServerProtocolServiceBlockingStub.requestVote(RaftServerProtocolServiceGrpc.java:265)
	at org.apache.ratis.grpc.server.GrpcServerProtocolClient.requestVote(GrpcServerProtocolClient.java:83)
	at org.apache.ratis.grpc.server.GrpcService.requestVote(GrpcService.java:195)
	at org.apache.ratis.server.impl.LeaderElection.lambda$submitRequests$1(LeaderElection.java:237)
	at java.util.concurrent.FutureTask.run(FutureTask.java:266)
	at java.util.concurrent.Executors$RunnableAdapter.call(Executors.java:511)
	at java.util.concurrent.FutureTask.run(FutureTask.java:266)
	at java.util.concurrent.ThreadPoolExecutor.runWorker(ThreadPoolExecutor.java:1149)
	at java.util.concurrent.ThreadPoolExecutor$Worker.run(ThreadPoolExecutor.java:624)
	... 1 more
Caused by: org.apache.ratis.thirdparty.io.netty.channel.AbstractChannel$AnnotatedConnectException: Connection refused: /192.168.5.181:35443
	at sun.nio.ch.SocketChannelImpl.checkConnect(Native Method)
	at sun.nio.ch.SocketChannelImpl.finishConnect(SocketChannelImpl.java:717)
	at org.apache.ratis.thirdparty.io.netty.channel.socket.nio.NioSocketChannel.doFinishConnect(NioSocketChannel.java:327)
	at org.apache.ratis.thirdparty.io.netty.channel.nio.AbstractNioChannel$AbstractNioUnsafe.finishConnect(AbstractNioChannel.java:340)
	at org.apache.ratis.thirdparty.io.netty.channel.nio.NioEventLoop.processSelectedKey(NioEventLoop.java:632)
	at org.apache.ratis.thirdparty.io.netty.channel.nio.NioEventLoop.processSelectedKeysOptimized(NioEventLoop.java:579)
	at org.apache.ratis.thirdparty.io.netty.channel.nio.NioEventLoop.processSelectedKeys(NioEventLoop.java:496)
	at org.apache.ratis.thirdparty.io.netty.channel.nio.NioEventLoop.run(NioEventLoop.java:458)
	at org.apache.ratis.thirdparty.io.netty.util.concurrent.SingleThreadEventExecutor$5.run(SingleThreadEventExecutor.java:897)
	at org.apache.ratis.thirdparty.io.netty.util.concurrent.FastThreadLocalRunnable.run(FastThreadLocalRunnable.java:30)
	... 1 more
Caused by: java.net.ConnectException: Connection refused
	... 11 more
2019-07-13 12:36:41,825 INFO  impl.RaftServerImpl (RaftServerImpl.java:setRole(171)) - dcf6cdeb-9534-4169-b6cf-de2a17bac9af:group-C3200702ACAE changes role from CANDIDATE to FOLLOWER at term 3 for DISCOVERED_A_NEW_TERM
2019-07-13 12:36:41,825 INFO  impl.RoleInfo (RoleInfo.java:shutdownLeaderElection(134)) - dcf6cdeb-9534-4169-b6cf-de2a17bac9af: shutdown LeaderElection
2019-07-13 12:36:41,825 INFO  impl.RoleInfo (RoleInfo.java:updateAndGet(143)) - dcf6cdeb-9534-4169-b6cf-de2a17bac9af: start FollowerState
2019-07-13 12:36:43,184 INFO  node.StaleNodeHandler (StaleNodeHandler.java:onMessage(58)) - Datanode dcf6cdeb-9534-4169-b6cf-de2a17bac9af{ip: 192.168.5.181, host: trunk-nightly-q2gwj-1111726333, networkLocation: /default-rack, certSerialId: null} moved to stale state. Finalizing its pipelines [PipelineID=34e80164-35a0-4c08-a397-96a169d8f50b, PipelineID=3c329446-4bfc-4225-90f4-c3200702acae]
2019-07-13 12:36:43,184 INFO  pipeline.SCMPipelineManager (SCMPipelineManager.java:finalizeAndDestroyPipeline(309)) - destroying pipeline:Pipeline[ Id: 34e80164-35a0-4c08-a397-96a169d8f50b, Nodes: dcf6cdeb-9534-4169-b6cf-de2a17bac9af{ip: 192.168.5.181, host: trunk-nightly-q2gwj-1111726333, networkLocation: /default-rack, certSerialId: null}, Type:RATIS, Factor:ONE, State:OPEN]
2019-07-13 12:36:43,184 INFO  pipeline.PipelineStateManager (PipelineStateManager.java:finalizePipeline(123)) - Pipeline Pipeline[ Id: 34e80164-35a0-4c08-a397-96a169d8f50b, Nodes: dcf6cdeb-9534-4169-b6cf-de2a17bac9af{ip: 192.168.5.181, host: trunk-nightly-q2gwj-1111726333, networkLocation: /default-rack, certSerialId: null}, Type:RATIS, Factor:ONE, State:CLOSED] moved to CLOSED state
2019-07-13 12:36:43,184 INFO  pipeline.SCMPipelineManager (SCMPipelineManager.java:finalizeAndDestroyPipeline(309)) - destroying pipeline:Pipeline[ Id: 3c329446-4bfc-4225-90f4-c3200702acae, Nodes: dcf6cdeb-9534-4169-b6cf-de2a17bac9af{ip: 192.168.5.181, host: trunk-nightly-q2gwj-1111726333, networkLocation: /default-rack, certSerialId: null}7ea096ec-187a-4658-9315-7566fc9dcdad{ip: 192.168.5.181, host: trunk-nightly-q2gwj-1111726333, networkLocation: /default-rack, certSerialId: null}8780d71a-b07f-48ff-bec3-5b2c8fd4a82e{ip: 192.168.5.181, host: trunk-nightly-q2gwj-1111726333, networkLocation: /default-rack, certSerialId: null}, Type:RATIS, Factor:THREE, State:CLOSED]
2019-07-13 12:36:44,176 INFO  ozoneimpl.OzoneContainer (OzoneContainer.java:stop(199)) - Attempting to stop container services.
2019-07-13 12:36:44,176 INFO  impl.RaftServerProxy (RaftServerProxy.java:lambda$close$4(314)) - dcf6cdeb-9534-4169-b6cf-de2a17bac9af: close
2019-07-13 12:36:44,177 INFO  impl.RaftServerImpl (RaftServerImpl.java:lambda$shutdown$3(245)) - dcf6cdeb-9534-4169-b6cf-de2a17bac9af: shutdown group-96A169D8F50B
2019-07-13 12:36:44,177 INFO  util.JmxRegister (JmxRegister.java:unregister(73)) - Successfully un-registered JMX Bean with object name Ratis:service=RaftServer,group=group-96A169D8F50B,id=dcf6cdeb-9534-4169-b6cf-de2a17bac9af
2019-07-13 12:36:44,177 INFO  impl.RoleInfo (RoleInfo.java:shutdownLeaderState(104)) - dcf6cdeb-9534-4169-b6cf-de2a17bac9af: shutdown LeaderState
2019-07-13 12:36:44,177 INFO  impl.PendingRequests (PendingRequests.java:sendNotLeaderResponses(202)) - dcf6cdeb-9534-4169-b6cf-de2a17bac9af-PendingRequests: sendNotLeaderResponses
2019-07-13 12:36:44,183 INFO  impl.StateMachineUpdater (StateMachineUpdater.java:stopAndJoin(115)) - StateMachineUpdater:dcf6cdeb-9534-4169-b6cf-de2a17bac9af:group-96A169D8F50B: set stopIndex = 13
2019-07-13 12:36:44,183 INFO  ratis.ContainerStateMachine (ContainerStateMachine.java:takeSnapshot(246)) - Taking snapshot at termIndex:(t:1, i:13)
2019-07-13 12:36:44,184 INFO  ratis.ContainerStateMachine (ContainerStateMachine.java:takeSnapshot(250)) - Taking a snapshot to file /tmp/workdir/hadoop-ozone/integration-test/target/test-dir/MiniOzoneClusterImpl-9c8493bd-b58e-4f6f-9e4b-1c94a5b4a348/datanode-5/data/ratis/34e80164-35a0-4c08-a397-96a169d8f50b/sm/snapshot.1_13
2019-07-13 12:36:44,184 INFO  impl.StateMachineUpdater (StateMachineUpdater.java:takeSnapshot(242)) - StateMachineUpdater:dcf6cdeb-9534-4169-b6cf-de2a17bac9af:group-96A169D8F50B: Took a snapshot at index 13
2019-07-13 12:36:44,184 INFO  impl.StateMachineUpdater (StateMachineUpdater.java:lambda$new$0(80)) - StateMachineUpdater:dcf6cdeb-9534-4169-b6cf-de2a17bac9af:group-96A169D8F50B: snapshotIndex: updateIncreasingly -1 -> 13
2019-07-13 12:36:44,185 INFO  impl.RaftServerImpl (ServerState.java:close(394)) - dcf6cdeb-9534-4169-b6cf-de2a17bac9af:group-96A169D8F50B closes. The last applied log index is 13
2019-07-13 12:36:44,185 INFO  segmented.SegmentedRaftLogWorker (SegmentedRaftLogWorker.java:run(313)) - dcf6cdeb-9534-4169-b6cf-de2a17bac9af-SegmentedRaftLogWorker:Storage Directory /tmp/workdir/hadoop-ozone/integration-test/target/test-dir/MiniOzoneClusterImpl-9c8493bd-b58e-4f6f-9e4b-1c94a5b4a348/datanode-5/data/ratis/34e80164-35a0-4c08-a397-96a169d8f50b was interrupted, exiting. There are 0 tasks remaining in the queue.
2019-07-13 12:36:44,185 INFO  segmented.SegmentedRaftLogWorker (SegmentedRaftLogWorker.java:close(228)) - dcf6cdeb-9534-4169-b6cf-de2a17bac9af-SegmentedRaftLogWorker:Storage Directory /tmp/workdir/hadoop-ozone/integration-test/target/test-dir/MiniOzoneClusterImpl-9c8493bd-b58e-4f6f-9e4b-1c94a5b4a348/datanode-5/data/ratis/34e80164-35a0-4c08-a397-96a169d8f50b close()
2019-07-13 12:36:44,186 INFO  impl.RaftServerImpl (RaftServerImpl.java:lambda$shutdown$3(245)) - dcf6cdeb-9534-4169-b6cf-de2a17bac9af: shutdown group-C3200702ACAE
2019-07-13 12:36:44,186 INFO  util.JmxRegister (JmxRegister.java:unregister(73)) - Successfully un-registered JMX Bean with object name Ratis:service=RaftServer,group=group-C3200702ACAE,id=dcf6cdeb-9534-4169-b6cf-de2a17bac9af
2019-07-13 12:36:44,186 INFO  impl.RoleInfo (RoleInfo.java:shutdownFollowerState(121)) - dcf6cdeb-9534-4169-b6cf-de2a17bac9af: shutdown FollowerState
2019-07-13 12:36:44,187 INFO  impl.StateMachineUpdater (StateMachineUpdater.java:stopAndJoin(115)) - StateMachineUpdater:dcf6cdeb-9534-4169-b6cf-de2a17bac9af:group-C3200702ACAE: set stopIndex = 0
2019-07-13 12:36:44,187 INFO  impl.FollowerState (FollowerState.java:run(114)) - dcf6cdeb-9534-4169-b6cf-de2a17bac9af: FollowerState was interrupted: java.lang.InterruptedException: sleep interrupted
2019-07-13 12:36:44,187 INFO  ratis.ContainerStateMachine (ContainerStateMachine.java:takeSnapshot(246)) - Taking snapshot at termIndex:(t:0, i:~)
2019-07-13 12:36:44,188 INFO  impl.RaftServerImpl (ServerState.java:close(394)) - dcf6cdeb-9534-4169-b6cf-de2a17bac9af:group-C3200702ACAE closes. The last applied log index is 0
2019-07-13 12:36:44,189 INFO  segmented.SegmentedRaftLogWorker (SegmentedRaftLogWorker.java:run(313)) - dcf6cdeb-9534-4169-b6cf-de2a17bac9af-SegmentedRaftLogWorker:Storage Directory /tmp/workdir/hadoop-ozone/integration-test/target/test-dir/MiniOzoneClusterImpl-9c8493bd-b58e-4f6f-9e4b-1c94a5b4a348/datanode-5/data/ratis/3c329446-4bfc-4225-90f4-c3200702acae was interrupted, exiting. There are 0 tasks remaining in the queue.
2019-07-13 12:36:44,189 INFO  segmented.SegmentedRaftLogWorker (SegmentedRaftLogWorker.java:close(228)) - dcf6cdeb-9534-4169-b6cf-de2a17bac9af-SegmentedRaftLogWorker:Storage Directory /tmp/workdir/hadoop-ozone/integration-test/target/test-dir/MiniOzoneClusterImpl-9c8493bd-b58e-4f6f-9e4b-1c94a5b4a348/datanode-5/data/ratis/3c329446-4bfc-4225-90f4-c3200702acae close()
2019-07-13 12:36:44,189 INFO  server.GrpcService (GrpcService.java:closeImpl(155)) - dcf6cdeb-9534-4169-b6cf-de2a17bac9af: shutdown server with port 42103 now
2019-07-13 12:36:44,190 INFO  server.GrpcService (GrpcService.java:closeImpl(163)) - dcf6cdeb-9534-4169-b6cf-de2a17bac9af: shutdown server with port 42103 successfully
2019-07-13 12:36:44,191 INFO  utils.BackgroundService (BackgroundService.java:shutdown(148)) - Shutting down service BlockDeletingService
2019-07-13 12:36:44,195 WARN  fs.CachingGetSpaceUsed (CachingGetSpaceUsed.java:run(183)) - Thread Interrupted waiting to refresh disk information: sleep interrupted
2019-07-13 12:36:44,211 INFO  statemachine.DatanodeStateMachine (DatanodeStateMachine.java:stopDaemon(395)) - Ozone container server stopped.
2019-07-13 12:36:44,227 INFO  handler.ContextHandler (ContextHandler.java:doStop(910)) - Stopped o.e.j.w.WebAppContext@73db1a6{/,null,UNAVAILABLE}{/hddsDatanode}
2019-07-13 12:36:44,228 INFO  server.AbstractConnector (AbstractConnector.java:doStop(318)) - Stopped ServerConnector@12a7515b{HTTP/1.1,[http/1.1]}{0.0.0.0:0}
2019-07-13 12:36:44,229 INFO  handler.ContextHandler (ContextHandler.java:doStop(910)) - Stopped o.e.j.s.ServletContextHandler@6b8a9e1{/static,jar:file:/home/user/.m2/repository/org/apache/hadoop/hadoop-hdds-container-service/0.5.0-SNAPSHOT/hadoop-hdds-container-service-0.5.0-SNAPSHOT.jar!/webapps/static,UNAVAILABLE}
2019-07-13 12:36:44,230 INFO  handler.ContextHandler (ContextHandler.java:doStop(910)) - Stopped o.e.j.s.ServletContextHandler@1eb207c3{/logs,file:///tmp/workdir/hadoop-ozone/integration-test/target/log,UNAVAILABLE}
2019-07-13 12:36:44,231 INFO  ozone.MiniOzoneClusterImpl (MiniOzoneClusterImpl.java:stop(353)) - Stopping the StorageContainerManager
2019-07-13 12:36:44,231 INFO  server.StorageContainerManager (StorageContainerManager.java:stop(796)) - Stopping Replication Manager Service.
2019-07-13 12:36:44,232 INFO  container.ReplicationManager (ReplicationManager.java:stop(187)) - Stopping Replication Monitor Thread.
2019-07-13 12:36:44,232 INFO  server.StorageContainerManager (StorageContainerManager.java:stop(803)) - Stopping Lease Manager of the command watchers
2019-07-13 12:36:44,232 INFO  server.StorageContainerManager (StorageContainerManager.java:stop(810)) - Stopping datanode service RPC server
2019-07-13 12:36:44,232 INFO  server.SCMDatanodeProtocolServer (SCMDatanodeProtocolServer.java:stop(375)) - Stopping the RPC server for DataNodes
2019-07-13 12:36:44,232 INFO  ipc.Server (Server.java:stop(3082)) - Stopping server on 36450
2019-07-13 12:36:44,235 INFO  ipc.Server (Server.java:run(1185)) - Stopping IPC Server listener on 36450
2019-07-13 12:36:44,235 INFO  ipc.Server (Server.java:run(1319)) - Stopping IPC Server Responder
2019-07-13 12:36:44,285 WARN  node.NodeStateManager (NodeStateManager.java:scheduleNextHealthCheck(631)) - Current Thread is interrupted, shutting down HB processing thread for Node Manager.
2019-07-13 12:36:44,285 INFO  server.StorageContainerManager (StorageContainerManager.java:stop(818)) - Stopping block service RPC server
2019-07-13 12:36:44,286 INFO  server.SCMBlockProtocolServer (SCMBlockProtocolServer.java:stop(148)) - Stopping the RPC server for Block Protocol
2019-07-13 12:36:44,286 INFO  ipc.Server (Server.java:stop(3082)) - Stopping server on 33148
2019-07-13 12:36:44,287 INFO  ipc.Server (Server.java:run(1185)) - Stopping IPC Server listener on 33148
2019-07-13 12:36:44,288 INFO  ipc.Server (Server.java:run(1319)) - Stopping IPC Server Responder
2019-07-13 12:36:44,287 INFO  server.StorageContainerManager (StorageContainerManager.java:stop(825)) - Stopping the StorageContainerLocationProtocol RPC server
2019-07-13 12:36:44,289 INFO  server.SCMClientProtocolServer (SCMClientProtocolServer.java:stop(157)) - Stopping the RPC server for Client Protocol
2019-07-13 12:36:44,289 INFO  ipc.Server (Server.java:stop(3082)) - Stopping server on 36777
2019-07-13 12:36:44,293 INFO  ipc.Server (Server.java:run(1185)) - Stopping IPC Server listener on 36777
2019-07-13 12:36:44,293 INFO  server.StorageContainerManager (StorageContainerManager.java:stop(832)) - Stopping Storage Container Manager HTTP server.
2019-07-13 12:36:44,293 INFO  ipc.Server (Server.java:run(1319)) - Stopping IPC Server Responder
2019-07-13 12:36:44,294 INFO  handler.ContextHandler (ContextHandler.java:doStop(910)) - Stopped o.e.j.w.WebAppContext@17a5ae7b{/,null,UNAVAILABLE}{/scm}
2019-07-13 12:36:44,295 INFO  server.AbstractConnector (AbstractConnector.java:doStop(318)) - Stopped ServerConnector@7e4dddee{HTTP/1.1,[http/1.1]}{0.0.0.0:0}
2019-07-13 12:36:44,295 INFO  handler.ContextHandler (ContextHandler.java:doStop(910)) - Stopped o.e.j.s.ServletContextHandler@75b4db22{/static,file:///tmp/workdir/hadoop-ozone/integration-test/target/test-classes/webapps/static,UNAVAILABLE}
2019-07-13 12:36:44,296 INFO  handler.ContextHandler (ContextHandler.java:doStop(910)) - Stopped o.e.j.s.ServletContextHandler@346a2799{/logs,file:///tmp/workdir/hadoop-ozone/integration-test/target/log,UNAVAILABLE}
2019-07-13 12:36:44,297 INFO  server.StorageContainerManager (StorageContainerManager.java:stop(843)) - Stopping Block Manager Service.
2019-07-13 12:36:44,297 INFO  utils.BackgroundService (BackgroundService.java:shutdown(148)) - Shutting down service SCMBlockDeletingService
2019-07-13 12:36:44,297 INFO  utils.BackgroundService (BackgroundService.java:shutdown(148)) - Shutting down service SCMBlockDeletingService
2019-07-13 12:36:44,298 INFO  server.StorageContainerManager (StorageContainerManager.java:stop(865)) - Stopping SCM Event Queue.
2019-07-13 12:36:44,302 INFO  impl.MetricsSystemImpl (MetricsSystemImpl.java:stop(210)) - Stopping HddsDatanode metrics system...
2019-07-13 12:36:44,308 INFO  impl.MetricsSystemImpl (MetricsSystemImpl.java:stop(216)) - HddsDatanode metrics system stopped.
]]></system-out>
    <system-err><![CDATA[Jul 13, 2019 12:36:11 PM com.sun.jersey.server.impl.application.WebApplicationImpl _initiate
INFO: Initiating Jersey application, version 'Jersey: 1.19 02/11/2015 03:25 AM'
Jul 13, 2019 12:36:11 PM com.sun.jersey.server.impl.application.WebApplicationImpl _initiate
INFO: Initiating Jersey application, version 'Jersey: 1.19 02/11/2015 03:25 AM'
Jul 13, 2019 12:36:11 PM com.sun.jersey.server.impl.application.WebApplicationImpl _initiate
INFO: Initiating Jersey application, version 'Jersey: 1.19 02/11/2015 03:25 AM'
Jul 13, 2019 12:36:11 PM com.sun.jersey.server.impl.application.WebApplicationImpl _initiate
INFO: Initiating Jersey application, version 'Jersey: 1.19 02/11/2015 03:25 AM'
Jul 13, 2019 12:36:11 PM com.sun.jersey.server.impl.application.WebApplicationImpl _initiate
INFO: Initiating Jersey application, version 'Jersey: 1.19 02/11/2015 03:25 AM'
Jul 13, 2019 12:36:12 PM com.sun.jersey.server.impl.application.WebApplicationImpl _initiate
INFO: Initiating Jersey application, version 'Jersey: 1.19 02/11/2015 03:25 AM'
Jul 13, 2019 12:36:12 PM com.sun.jersey.server.impl.application.WebApplicationImpl _initiate
INFO: Initiating Jersey application, version 'Jersey: 1.19 02/11/2015 03:25 AM'
Jul 13, 2019 12:36:15 PM org.apache.ratis.thirdparty.io.grpc.internal.ManagedChannelOrphanWrapper$ManagedChannelReference cleanQueue
SEVERE: *~*~*~ Channel ManagedChannelImpl{logId=2566, target=192.168.5.181:37251} was not shutdown properly!!! ~*~*~*
    Make sure to call shutdown()/shutdownNow() and wait until awaitTermination() returns true.
java.lang.RuntimeException: ManagedChannel allocation site
	at org.apache.ratis.thirdparty.io.grpc.internal.ManagedChannelOrphanWrapper$ManagedChannelReference.<init>(ManagedChannelOrphanWrapper.java:103)
	at org.apache.ratis.thirdparty.io.grpc.internal.ManagedChannelOrphanWrapper.<init>(ManagedChannelOrphanWrapper.java:53)
	at org.apache.ratis.thirdparty.io.grpc.internal.ManagedChannelOrphanWrapper.<init>(ManagedChannelOrphanWrapper.java:44)
	at org.apache.ratis.thirdparty.io.grpc.internal.AbstractManagedChannelImplBuilder.build(AbstractManagedChannelImplBuilder.java:411)
	at org.apache.hadoop.hdds.scm.XceiverClientGrpc.connectToDatanode(XceiverClientGrpc.java:172)
	at org.apache.hadoop.hdds.scm.XceiverClientGrpc.reconnect(XceiverClientGrpc.java:417)
	at org.apache.hadoop.hdds.scm.XceiverClientGrpc.sendCommandAsync(XceiverClientGrpc.java:366)
	at org.apache.hadoop.hdds.scm.XceiverClientGrpc.sendCommandWithRetry(XceiverClientGrpc.java:279)
	at org.apache.hadoop.hdds.scm.XceiverClientGrpc.sendCommandWithTraceIDAndRetry(XceiverClientGrpc.java:248)
	at org.apache.hadoop.hdds.scm.XceiverClientGrpc.sendCommand(XceiverClientGrpc.java:231)
	at org.apache.hadoop.hdds.scm.storage.ContainerProtocolCalls.getBlock(ContainerProtocolCalls.java:118)
	at org.apache.hadoop.hdds.scm.storage.BlockInputStream.getChunkInfos(BlockInputStream.java:167)
	at org.apache.hadoop.hdds.scm.storage.BlockInputStream.initialize(BlockInputStream.java:118)
	at org.apache.hadoop.hdds.scm.storage.BlockInputStream.read(BlockInputStream.java:222)
	at org.apache.hadoop.ozone.client.io.KeyInputStream.read(KeyInputStream.java:171)
	at org.apache.hadoop.ozone.client.io.OzoneInputStream.read(OzoneInputStream.java:47)
	at java.io.InputStream.read(InputStream.java:101)
	at org.apache.hadoop.ozone.container.ContainerTestHelper.validateData(ContainerTestHelper.java:709)
	at org.apache.hadoop.ozone.client.rpc.TestBlockOutputStreamWithFailures.validateData(TestBlockOutputStreamWithFailures.java:1212)
	at org.apache.hadoop.ozone.client.rpc.TestBlockOutputStreamWithFailures.testDatanodeFailureWithSingleNodeRatis(TestBlockOutputStreamWithFailures.java:1054)
	at sun.reflect.NativeMethodAccessorImpl.invoke0(Native Method)
	at sun.reflect.NativeMethodAccessorImpl.invoke(NativeMethodAccessorImpl.java:62)
	at sun.reflect.DelegatingMethodAccessorImpl.invoke(DelegatingMethodAccessorImpl.java:43)
	at java.lang.reflect.Method.invoke(Method.java:498)
	at org.junit.runners.model.FrameworkMethod$1.runReflectiveCall(FrameworkMethod.java:47)
	at org.junit.internal.runners.model.ReflectiveCallable.run(ReflectiveCallable.java:12)
	at org.junit.runners.model.FrameworkMethod.invokeExplosively(FrameworkMethod.java:44)
	at org.junit.internal.runners.statements.InvokeMethod.evaluate(InvokeMethod.java:17)
	at org.junit.internal.runners.statements.RunBefores.evaluate(RunBefores.java:26)
	at org.junit.internal.runners.statements.RunAfters.evaluate(RunAfters.java:27)
	at org.junit.runners.ParentRunner.runLeaf(ParentRunner.java:271)
	at org.junit.runners.BlockJUnit4ClassRunner.runChild(BlockJUnit4ClassRunner.java:70)
	at org.junit.runners.BlockJUnit4ClassRunner.runChild(BlockJUnit4ClassRunner.java:50)
	at org.junit.runners.ParentRunner$3.run(ParentRunner.java:238)
	at org.junit.runners.ParentRunner$1.schedule(ParentRunner.java:63)
	at org.junit.runners.ParentRunner.runChildren(ParentRunner.java:236)
	at org.junit.runners.ParentRunner.access$000(ParentRunner.java:53)
	at org.junit.runners.ParentRunner$2.evaluate(ParentRunner.java:229)
	at org.junit.runners.ParentRunner.run(ParentRunner.java:309)
	at org.apache.maven.surefire.junit4.JUnit4Provider.execute(JUnit4Provider.java:365)
	at org.apache.maven.surefire.junit4.JUnit4Provider.executeWithRerun(JUnit4Provider.java:273)
	at org.apache.maven.surefire.junit4.JUnit4Provider.executeTestSet(JUnit4Provider.java:238)
	at org.apache.maven.surefire.junit4.JUnit4Provider.invoke(JUnit4Provider.java:159)
	at org.apache.maven.surefire.booter.ForkedBooter.invokeProviderInSameClassLoader(ForkedBooter.java:384)
	at org.apache.maven.surefire.booter.ForkedBooter.runSuitesInProcess(ForkedBooter.java:345)
	at org.apache.maven.surefire.booter.ForkedBooter.execute(ForkedBooter.java:126)
	at org.apache.maven.surefire.booter.ForkedBooter.main(ForkedBooter.java:418)

Jul 13, 2019 12:36:15 PM org.apache.ratis.thirdparty.io.grpc.internal.ManagedChannelOrphanWrapper$ManagedChannelReference cleanQueue
SEVERE: *~*~*~ Channel ManagedChannelImpl{logId=2561, target=192.168.5.181:36477} was not shutdown properly!!! ~*~*~*
    Make sure to call shutdown()/shutdownNow() and wait until awaitTermination() returns true.
java.lang.RuntimeException: ManagedChannel allocation site
	at org.apache.ratis.thirdparty.io.grpc.internal.ManagedChannelOrphanWrapper$ManagedChannelReference.<init>(ManagedChannelOrphanWrapper.java:103)
	at org.apache.ratis.thirdparty.io.grpc.internal.ManagedChannelOrphanWrapper.<init>(ManagedChannelOrphanWrapper.java:53)
	at org.apache.ratis.thirdparty.io.grpc.internal.ManagedChannelOrphanWrapper.<init>(ManagedChannelOrphanWrapper.java:44)
	at org.apache.ratis.thirdparty.io.grpc.internal.AbstractManagedChannelImplBuilder.build(AbstractManagedChannelImplBuilder.java:411)
	at org.apache.hadoop.hdds.scm.XceiverClientGrpc.connectToDatanode(XceiverClientGrpc.java:172)
	at org.apache.hadoop.hdds.scm.XceiverClientGrpc.reconnect(XceiverClientGrpc.java:417)
	at org.apache.hadoop.hdds.scm.XceiverClientGrpc.sendCommandAsync(XceiverClientGrpc.java:366)
	at org.apache.hadoop.hdds.scm.XceiverClientGrpc.sendCommandWithRetry(XceiverClientGrpc.java:279)
	at org.apache.hadoop.hdds.scm.XceiverClientGrpc.sendCommandWithTraceIDAndRetry(XceiverClientGrpc.java:248)
	at org.apache.hadoop.hdds.scm.XceiverClientGrpc.sendCommand(XceiverClientGrpc.java:231)
	at org.apache.hadoop.hdds.scm.storage.ContainerProtocolCalls.getBlock(ContainerProtocolCalls.java:118)
	at org.apache.hadoop.hdds.scm.storage.BlockInputStream.getChunkInfos(BlockInputStream.java:167)
	at org.apache.hadoop.hdds.scm.storage.BlockInputStream.initialize(BlockInputStream.java:118)
	at org.apache.hadoop.hdds.scm.storage.BlockInputStream.read(BlockInputStream.java:222)
	at org.apache.hadoop.ozone.client.io.KeyInputStream.read(KeyInputStream.java:171)
	at org.apache.hadoop.ozone.client.io.OzoneInputStream.read(OzoneInputStream.java:47)
	at java.io.InputStream.read(InputStream.java:101)
	at org.apache.hadoop.ozone.container.ContainerTestHelper.validateData(ContainerTestHelper.java:709)
	at org.apache.hadoop.ozone.client.rpc.TestBlockOutputStreamWithFailures.validateData(TestBlockOutputStreamWithFailures.java:1212)
	at org.apache.hadoop.ozone.client.rpc.TestBlockOutputStreamWithFailures.testDatanodeFailureWithSingleNodeRatis(TestBlockOutputStreamWithFailures.java:1054)
	at sun.reflect.NativeMethodAccessorImpl.invoke0(Native Method)
	at sun.reflect.NativeMethodAccessorImpl.invoke(NativeMethodAccessorImpl.java:62)
	at sun.reflect.DelegatingMethodAccessorImpl.invoke(DelegatingMethodAccessorImpl.java:43)
	at java.lang.reflect.Method.invoke(Method.java:498)
	at org.junit.runners.model.FrameworkMethod$1.runReflectiveCall(FrameworkMethod.java:47)
	at org.junit.internal.runners.model.ReflectiveCallable.run(ReflectiveCallable.java:12)
	at org.junit.runners.model.FrameworkMethod.invokeExplosively(FrameworkMethod.java:44)
	at org.junit.internal.runners.statements.InvokeMethod.evaluate(InvokeMethod.java:17)
	at org.junit.internal.runners.statements.RunBefores.evaluate(RunBefores.java:26)
	at org.junit.internal.runners.statements.RunAfters.evaluate(RunAfters.java:27)
	at org.junit.runners.ParentRunner.runLeaf(ParentRunner.java:271)
	at org.junit.runners.BlockJUnit4ClassRunner.runChild(BlockJUnit4ClassRunner.java:70)
	at org.junit.runners.BlockJUnit4ClassRunner.runChild(BlockJUnit4ClassRunner.java:50)
	at org.junit.runners.ParentRunner$3.run(ParentRunner.java:238)
	at org.junit.runners.ParentRunner$1.schedule(ParentRunner.java:63)
	at org.junit.runners.ParentRunner.runChildren(ParentRunner.java:236)
	at org.junit.runners.ParentRunner.access$000(ParentRunner.java:53)
	at org.junit.runners.ParentRunner$2.evaluate(ParentRunner.java:229)
	at org.junit.runners.ParentRunner.run(ParentRunner.java:309)
	at org.apache.maven.surefire.junit4.JUnit4Provider.execute(JUnit4Provider.java:365)
	at org.apache.maven.surefire.junit4.JUnit4Provider.executeWithRerun(JUnit4Provider.java:273)
	at org.apache.maven.surefire.junit4.JUnit4Provider.executeTestSet(JUnit4Provider.java:238)
	at org.apache.maven.surefire.junit4.JUnit4Provider.invoke(JUnit4Provider.java:159)
	at org.apache.maven.surefire.booter.ForkedBooter.invokeProviderInSameClassLoader(ForkedBooter.java:384)
	at org.apache.maven.surefire.booter.ForkedBooter.runSuitesInProcess(ForkedBooter.java:345)
	at org.apache.maven.surefire.booter.ForkedBooter.execute(ForkedBooter.java:126)
	at org.apache.maven.surefire.booter.ForkedBooter.main(ForkedBooter.java:418)

Jul 13, 2019 12:36:15 PM org.apache.ratis.thirdparty.io.grpc.internal.ManagedChannelOrphanWrapper$ManagedChannelReference cleanQueue
SEVERE: *~*~*~ Channel ManagedChannelImpl{logId=2540, target=192.168.5.181:46850} was not shutdown properly!!! ~*~*~*
    Make sure to call shutdown()/shutdownNow() and wait until awaitTermination() returns true.
java.lang.RuntimeException: ManagedChannel allocation site
	at org.apache.ratis.thirdparty.io.grpc.internal.ManagedChannelOrphanWrapper$ManagedChannelReference.<init>(ManagedChannelOrphanWrapper.java:103)
	at org.apache.ratis.thirdparty.io.grpc.internal.ManagedChannelOrphanWrapper.<init>(ManagedChannelOrphanWrapper.java:53)
	at org.apache.ratis.thirdparty.io.grpc.internal.ManagedChannelOrphanWrapper.<init>(ManagedChannelOrphanWrapper.java:44)
	at org.apache.ratis.thirdparty.io.grpc.internal.AbstractManagedChannelImplBuilder.build(AbstractManagedChannelImplBuilder.java:411)
	at org.apache.ratis.grpc.client.GrpcClientProtocolClient.<init>(GrpcClientProtocolClient.java:119)
	at org.apache.ratis.grpc.client.GrpcClientRpc.lambda$new$0(GrpcClientRpc.java:55)
	at org.apache.ratis.util.PeerProxyMap$PeerAndProxy.lambda$getProxy$0(PeerProxyMap.java:61)
	at org.apache.ratis.util.LifeCycle.startAndTransition(LifeCycle.java:202)
	at org.apache.ratis.util.PeerProxyMap$PeerAndProxy.getProxy(PeerProxyMap.java:60)
	at org.apache.ratis.util.PeerProxyMap.getProxy(PeerProxyMap.java:107)
	at org.apache.ratis.grpc.client.GrpcClientRpc.sendRequestAsync(GrpcClientRpc.java:66)
	at org.apache.ratis.client.impl.OrderedAsync.sendRequest(OrderedAsync.java:208)
	at org.apache.ratis.client.impl.OrderedAsync.sendRequestWithRetry(OrderedAsync.java:169)
	at org.apache.ratis.util.SlidingWindow$Client.sendOrDelayRequest(SlidingWindow.java:278)
	at org.apache.ratis.util.SlidingWindow$Client.submitNewRequest(SlidingWindow.java:257)
	at org.apache.ratis.client.impl.OrderedAsync.send(OrderedAsync.java:155)
	at org.apache.ratis.client.impl.RaftClientImpl.sendAsync(RaftClientImpl.java:145)
	at org.apache.ratis.client.impl.RaftClientImpl.sendAsync(RaftClientImpl.java:125)
	at org.apache.hadoop.hdds.scm.XceiverClientRatis.sendRequestAsync(XceiverClientRatis.java:224)
	at org.apache.hadoop.hdds.scm.XceiverClientRatis.sendCommandAsync(XceiverClientRatis.java:302)
	at org.apache.hadoop.hdds.scm.storage.ContainerProtocolCalls.writeChunkAsync(ContainerProtocolCalls.java:310)
	at org.apache.hadoop.hdds.scm.storage.BlockOutputStream.writeChunkToContainer(BlockOutputStream.java:610)
	at org.apache.hadoop.hdds.scm.storage.BlockOutputStream.writeChunk(BlockOutputStream.java:467)
	at org.apache.hadoop.hdds.scm.storage.BlockOutputStream.writeOnRetry(BlockOutputStream.java:293)
	at org.apache.hadoop.ozone.client.io.BlockOutputStreamEntry.writeOnRetry(BlockOutputStreamEntry.java:200)
	at org.apache.hadoop.ozone.client.io.KeyOutputStream.handleWrite(KeyOutputStream.java:209)
	at org.apache.hadoop.ozone.client.io.KeyOutputStream.handleRetry(KeyOutputStream.java:376)
	at org.apache.hadoop.ozone.client.io.KeyOutputStream.handleException(KeyOutputStream.java:325)
	at org.apache.hadoop.ozone.client.io.KeyOutputStream.handleFlushOrClose(KeyOutputStream.java:448)
	at org.apache.hadoop.ozone.client.io.KeyOutputStream.handleWrite(KeyOutputStream.java:235)
	at org.apache.hadoop.ozone.client.io.KeyOutputStream.write(KeyOutputStream.java:193)
	at org.apache.hadoop.ozone.client.io.OzoneOutputStream.write(OzoneOutputStream.java:49)
	at java.io.OutputStream.write(OutputStream.java:75)
	at org.apache.hadoop.ozone.client.rpc.TestBlockOutputStreamWithFailures.testDatanodeFailureWithSingleNodeRatis(TestBlockOutputStreamWithFailures.java:1017)
	at sun.reflect.NativeMethodAccessorImpl.invoke0(Native Method)
	at sun.reflect.NativeMethodAccessorImpl.invoke(NativeMethodAccessorImpl.java:62)
	at sun.reflect.DelegatingMethodAccessorImpl.invoke(DelegatingMethodAccessorImpl.java:43)
	at java.lang.reflect.Method.invoke(Method.java:498)
	at org.junit.runners.model.FrameworkMethod$1.runReflectiveCall(FrameworkMethod.java:47)
	at org.junit.internal.runners.model.ReflectiveCallable.run(ReflectiveCallable.java:12)
	at org.junit.runners.model.FrameworkMethod.invokeExplosively(FrameworkMethod.java:44)
	at org.junit.internal.runners.statements.InvokeMethod.evaluate(InvokeMethod.java:17)
	at org.junit.internal.runners.statements.RunBefores.evaluate(RunBefores.java:26)
	at org.junit.internal.runners.statements.RunAfters.evaluate(RunAfters.java:27)
	at org.junit.runners.ParentRunner.runLeaf(ParentRunner.java:271)
	at org.junit.runners.BlockJUnit4ClassRunner.runChild(BlockJUnit4ClassRunner.java:70)
	at org.junit.runners.BlockJUnit4ClassRunner.runChild(BlockJUnit4ClassRunner.java:50)
	at org.junit.runners.ParentRunner$3.run(ParentRunner.java:238)
	at org.junit.runners.ParentRunner$1.schedule(ParentRunner.java:63)
	at org.junit.runners.ParentRunner.runChildren(ParentRunner.java:236)
	at org.junit.runners.ParentRunner.access$000(ParentRunner.java:53)
	at org.junit.runners.ParentRunner$2.evaluate(ParentRunner.java:229)
	at org.junit.runners.ParentRunner.run(ParentRunner.java:309)
	at org.apache.maven.surefire.junit4.JUnit4Provider.execute(JUnit4Provider.java:365)
	at org.apache.maven.surefire.junit4.JUnit4Provider.executeWithRerun(JUnit4Provider.java:273)
	at org.apache.maven.surefire.junit4.JUnit4Provider.executeTestSet(JUnit4Provider.java:238)
	at org.apache.maven.surefire.junit4.JUnit4Provider.invoke(JUnit4Provider.java:159)
	at org.apache.maven.surefire.booter.ForkedBooter.invokeProviderInSameClassLoader(ForkedBooter.java:384)
	at org.apache.maven.surefire.booter.ForkedBooter.runSuitesInProcess(ForkedBooter.java:345)
	at org.apache.maven.surefire.booter.ForkedBooter.execute(ForkedBooter.java:126)
	at org.apache.maven.surefire.booter.ForkedBooter.main(ForkedBooter.java:418)

]]></system-err>
  </testcase>
  <testcase name="testWatchForCommitDatanodeFailure" classname="org.apache.hadoop.ozone.client.rpc.TestBlockOutputStreamWithFailures" time="38.303">
    <error type="java.lang.UnsupportedOperationException">java.lang.UnsupportedOperationException
	at java.util.AbstractList.add(AbstractList.java:148)
	at java.util.AbstractList.add(AbstractList.java:108)
	at java.util.AbstractCollection.addAll(AbstractCollection.java:344)
	at org.apache.hadoop.hdds.scm.storage.BlockOutputStream.watchForCommit(BlockOutputStream.java:363)
	at org.apache.hadoop.hdds.scm.storage.BlockOutputStream.handleFlush(BlockOutputStream.java:487)
	at org.apache.hadoop.hdds.scm.storage.BlockOutputStream.close(BlockOutputStream.java:501)
	at org.apache.hadoop.ozone.client.io.BlockOutputStreamEntry.close(BlockOutputStreamEntry.java:143)
	at org.apache.hadoop.ozone.client.io.KeyOutputStream.handleFlushOrClose(KeyOutputStream.java:438)
	at org.apache.hadoop.ozone.client.io.KeyOutputStream.handleWrite(KeyOutputStream.java:235)
	at org.apache.hadoop.ozone.client.io.KeyOutputStream.write(KeyOutputStream.java:193)
	at org.apache.hadoop.ozone.client.io.OzoneOutputStream.write(OzoneOutputStream.java:49)
	at java.io.OutputStream.write(OutputStream.java:75)
	at org.apache.hadoop.ozone.client.rpc.TestBlockOutputStreamWithFailures.testWatchForCommitDatanodeFailure(TestBlockOutputStreamWithFailures.java:363)
	at sun.reflect.NativeMethodAccessorImpl.invoke0(Native Method)
	at sun.reflect.NativeMethodAccessorImpl.invoke(NativeMethodAccessorImpl.java:62)
	at sun.reflect.DelegatingMethodAccessorImpl.invoke(DelegatingMethodAccessorImpl.java:43)
	at java.lang.reflect.Method.invoke(Method.java:498)
	at org.junit.runners.model.FrameworkMethod$1.runReflectiveCall(FrameworkMethod.java:47)
	at org.junit.internal.runners.model.ReflectiveCallable.run(ReflectiveCallable.java:12)
	at org.junit.runners.model.FrameworkMethod.invokeExplosively(FrameworkMethod.java:44)
	at org.junit.internal.runners.statements.InvokeMethod.evaluate(InvokeMethod.java:17)
	at org.junit.internal.runners.statements.RunBefores.evaluate(RunBefores.java:26)
	at org.junit.internal.runners.statements.RunAfters.evaluate(RunAfters.java:27)
	at org.junit.runners.ParentRunner.runLeaf(ParentRunner.java:271)
	at org.junit.runners.BlockJUnit4ClassRunner.runChild(BlockJUnit4ClassRunner.java:70)
	at org.junit.runners.BlockJUnit4ClassRunner.runChild(BlockJUnit4ClassRunner.java:50)
	at org.junit.runners.ParentRunner$3.run(ParentRunner.java:238)
	at org.junit.runners.ParentRunner$1.schedule(ParentRunner.java:63)
	at org.junit.runners.ParentRunner.runChildren(ParentRunner.java:236)
	at org.junit.runners.ParentRunner.access$000(ParentRunner.java:53)
	at org.junit.runners.ParentRunner$2.evaluate(ParentRunner.java:229)
	at org.junit.runners.ParentRunner.run(ParentRunner.java:309)
	at org.apache.maven.surefire.junit4.JUnit4Provider.execute(JUnit4Provider.java:365)
	at org.apache.maven.surefire.junit4.JUnit4Provider.executeWithRerun(JUnit4Provider.java:273)
	at org.apache.maven.surefire.junit4.JUnit4Provider.executeTestSet(JUnit4Provider.java:238)
	at org.apache.maven.surefire.junit4.JUnit4Provider.invoke(JUnit4Provider.java:159)
	at org.apache.maven.surefire.booter.ForkedBooter.invokeProviderInSameClassLoader(ForkedBooter.java:384)
	at org.apache.maven.surefire.booter.ForkedBooter.runSuitesInProcess(ForkedBooter.java:345)
	at org.apache.maven.surefire.booter.ForkedBooter.execute(ForkedBooter.java:126)
	at org.apache.maven.surefire.booter.ForkedBooter.main(ForkedBooter.java:418)
</error>
    <system-out><![CDATA[2019-07-13 12:36:44,347 WARN  server.ServerUtils (ServerUtils.java:getScmDbDir(145)) - ozone.scm.db.dirs is not configured. We recommend adding this setting. Falling back to ozone.metadata.dirs instead.
2019-07-13 12:36:44,371 WARN  server.ServerUtils (ServerUtils.java:getScmDbDir(145)) - ozone.scm.db.dirs is not configured. We recommend adding this setting. Falling back to ozone.metadata.dirs instead.
2019-07-13 12:36:44,371 WARN  server.ServerUtils (ServerUtils.java:getScmDbDir(145)) - ozone.scm.db.dirs is not configured. We recommend adding this setting. Falling back to ozone.metadata.dirs instead.
2019-07-13 12:36:44,371 INFO  db.DBStoreBuilder (DBStoreBuilder.java:addTable(110)) - using custom profile for table: deletedBlocks
2019-07-13 12:36:44,372 INFO  db.DBStoreBuilder (DBStoreBuilder.java:processTables(161)) - Using default column profile:DBProfile.DISK for Table:deletedBlocks
2019-07-13 12:36:44,372 INFO  db.DBStoreBuilder (DBStoreBuilder.java:addTable(110)) - using custom profile for table: validCerts
2019-07-13 12:36:44,372 INFO  db.DBStoreBuilder (DBStoreBuilder.java:processTables(161)) - Using default column profile:DBProfile.DISK for Table:validCerts
2019-07-13 12:36:44,372 INFO  db.DBStoreBuilder (DBStoreBuilder.java:addTable(110)) - using custom profile for table: revokedCerts
2019-07-13 12:36:44,372 INFO  db.DBStoreBuilder (DBStoreBuilder.java:processTables(161)) - Using default column profile:DBProfile.DISK for Table:revokedCerts
2019-07-13 12:36:44,373 INFO  db.DBStoreBuilder (DBStoreBuilder.java:addTable(110)) - using custom profile for table: default
2019-07-13 12:36:44,373 INFO  db.DBStoreBuilder (DBStoreBuilder.java:processTables(167)) - Using default column profile:DBProfile.DISK for Table:default
2019-07-13 12:36:44,373 INFO  db.DBStoreBuilder (DBStoreBuilder.java:getDbProfile(198)) - Using default options. DBProfile.DISK
2019-07-13 12:36:44,520 INFO  net.NodeSchemaLoader (NodeSchemaLoader.java:loadSchemaFromFile(125)) - Loading file from sun.misc.CompoundEnumeration@14f1545c
2019-07-13 12:36:44,520 INFO  net.NodeSchemaLoader (NodeSchemaLoader.java:loadSchema(171)) - Loading network topology layer schema file
2019-07-13 12:36:44,525 INFO  node.SCMNodeManager (SCMNodeManager.java:<init>(119)) - Entering startup safe mode.
2019-07-13 12:36:44,526 WARN  server.ServerUtils (ServerUtils.java:getScmDbDir(145)) - ozone.scm.db.dirs is not configured. We recommend adding this setting. Falling back to ozone.metadata.dirs instead.
2019-07-13 12:36:44,547 INFO  pipeline.SCMPipelineManager (SCMPipelineManager.java:initializePipelineState(126)) - No pipeline exists in current db
2019-07-13 12:36:44,548 WARN  server.ServerUtils (ServerUtils.java:getScmDbDir(145)) - ozone.scm.db.dirs is not configured. We recommend adding this setting. Falling back to ozone.metadata.dirs instead.
2019-07-13 12:36:44,573 WARN  events.EventQueue (EventQueue.java:fireEvent(175)) - No event handler registered for event TypedEvent{payloadType=SafeModeStatus, name='SafeModeStatus'}
2019-07-13 12:36:44,573 INFO  ipc.CallQueueManager (CallQueueManager.java:<init>(84)) - Using callQueue: class java.util.concurrent.LinkedBlockingQueue, queueCapacity: 2000, scheduler: class org.apache.hadoop.ipc.DefaultRpcScheduler, ipcBackoff: false.
2019-07-13 12:36:44,575 INFO  ipc.Server (Server.java:run(1074)) - Starting Socket Reader #1 for port 45648
2019-07-13 12:36:44,576 INFO  ipc.CallQueueManager (CallQueueManager.java:<init>(84)) - Using callQueue: class java.util.concurrent.LinkedBlockingQueue, queueCapacity: 2000, scheduler: class org.apache.hadoop.ipc.DefaultRpcScheduler, ipcBackoff: false.
2019-07-13 12:36:44,577 INFO  ipc.Server (Server.java:run(1074)) - Starting Socket Reader #1 for port 43141
2019-07-13 12:36:44,580 INFO  ipc.CallQueueManager (CallQueueManager.java:<init>(84)) - Using callQueue: class java.util.concurrent.LinkedBlockingQueue, queueCapacity: 2000, scheduler: class org.apache.hadoop.ipc.DefaultRpcScheduler, ipcBackoff: false.
2019-07-13 12:36:44,581 INFO  ipc.Server (Server.java:run(1074)) - Starting Socket Reader #1 for port 40278
2019-07-13 12:36:44,584 INFO  hdfs.DFSUtil (DFSUtil.java:httpServerTemplateForNNAndJN(1641)) - Starting Web-server for scm at: http://0.0.0.0:0
2019-07-13 12:36:44,586 INFO  server.AuthenticationFilter (AuthenticationFilter.java:constructSecretProvider(240)) - Unable to initialize FileSignerSecretProvider, falling back to use random secrets.
2019-07-13 12:36:44,587 WARN  http.HttpRequestLog (HttpRequestLog.java:getRequestLog(97)) - Jetty request log can only be enabled using Log4j
2019-07-13 12:36:44,589 INFO  http.HttpServer2 (HttpServer2.java:addGlobalFilter(975)) - Added global filter 'safety' (class=org.apache.hadoop.http.HttpServer2$QuotingInputFilter)
2019-07-13 12:36:44,590 INFO  http.HttpServer2 (HttpServer2.java:addFilter(948)) - Added filter static_user_filter (class=org.apache.hadoop.http.lib.StaticUserWebFilter$StaticUserFilter) to context scm
2019-07-13 12:36:44,590 INFO  http.HttpServer2 (HttpServer2.java:addFilter(958)) - Added filter static_user_filter (class=org.apache.hadoop.http.lib.StaticUserWebFilter$StaticUserFilter) to context logs
2019-07-13 12:36:44,590 INFO  http.HttpServer2 (HttpServer2.java:addFilter(958)) - Added filter static_user_filter (class=org.apache.hadoop.http.lib.StaticUserWebFilter$StaticUserFilter) to context static
2019-07-13 12:36:44,593 INFO  server.StorageContainerManager (StorageContainerManager.java:start(759)) - StorageContainerLocationProtocol RPC server is listening at /0.0.0.0:40278
2019-07-13 12:36:44,595 WARN  impl.MetricsConfig (MetricsConfig.java:loadFirst(134)) - Cannot locate configuration: tried hadoop-metrics2-storagecontainermanager.properties,hadoop-metrics2.properties
2019-07-13 12:36:44,596 INFO  impl.MetricsSystemImpl (MetricsSystemImpl.java:startTimer(374)) - Scheduled Metric snapshot period at 10 second(s).
2019-07-13 12:36:44,596 INFO  impl.MetricsSystemImpl (MetricsSystemImpl.java:start(191)) - StorageContainerManager metrics system started
2019-07-13 12:36:44,647 INFO  server.SCMClientProtocolServer (SCMClientProtocolServer.java:start(149)) - RPC server for Client  is listening at /0.0.0.0:40278
2019-07-13 12:36:44,648 INFO  ipc.Server (Server.java:run(1314)) - IPC Server Responder: starting
2019-07-13 12:36:44,648 INFO  ipc.Server (Server.java:run(1153)) - IPC Server listener on 40278: starting
2019-07-13 12:36:44,656 INFO  server.StorageContainerManager (StorageContainerManager.java:start(768)) - ScmBlockLocationProtocol RPC server is listening at /0.0.0.0:43141
2019-07-13 12:36:44,656 INFO  server.SCMBlockProtocolServer (SCMBlockProtocolServer.java:start(140)) - RPC server for Block Protocol is listening at /0.0.0.0:43141
2019-07-13 12:36:44,657 INFO  ipc.Server (Server.java:run(1314)) - IPC Server Responder: starting
2019-07-13 12:36:44,657 INFO  ipc.Server (Server.java:run(1153)) - IPC Server listener on 43141: starting
2019-07-13 12:36:44,661 INFO  server.StorageContainerManager (StorageContainerManager.java:start(772)) - ScmDatanodeProtocl RPC server is listening at /0.0.0.0:45648
2019-07-13 12:36:44,661 INFO  server.SCMDatanodeProtocolServer (SCMDatanodeProtocolServer.java:start(191)) - RPC server for DataNodes is listening at /0.0.0.0:45648
2019-07-13 12:36:44,662 INFO  ipc.Server (Server.java:run(1314)) - IPC Server Responder: starting
2019-07-13 12:36:44,662 INFO  ipc.Server (Server.java:run(1153)) - IPC Server listener on 45648: starting
2019-07-13 12:36:44,667 INFO  http.HttpServer2 (HttpServer2.java:bindListener(1191)) - Jetty bound to port 44781
2019-07-13 12:36:44,667 INFO  server.Server (Server.java:doStart(351)) - jetty-9.3.24.v20180605, build timestamp: 2018-06-05T17:11:56Z, git hash: 84205aa28f11a4f31f2a3b86d1bba2cc8ab69827
2019-07-13 12:36:44,669 INFO  handler.ContextHandler (ContextHandler.java:doStart(781)) - Started o.e.j.s.ServletContextHandler@5fc42998{/logs,file:///tmp/workdir/hadoop-ozone/integration-test/target/log,AVAILABLE}
2019-07-13 12:36:44,670 INFO  handler.ContextHandler (ContextHandler.java:doStart(781)) - Started o.e.j.s.ServletContextHandler@5dfb65d5{/static,file:///tmp/workdir/hadoop-ozone/integration-test/target/test-classes/webapps/static,AVAILABLE}
2019-07-13 12:36:44,675 INFO  handler.ContextHandler (ContextHandler.java:doStart(781)) - Started o.e.j.w.WebAppContext@5471342{/,file:///tmp/workdir/hadoop-ozone/integration-test/target/test-classes/webapps/scm/,AVAILABLE}{/scm}
2019-07-13 12:36:44,675 INFO  server.AbstractConnector (AbstractConnector.java:doStart(278)) - Started ServerConnector@2e1003d9{HTTP/1.1,[http/1.1]}{0.0.0.0:44781}
2019-07-13 12:36:44,676 INFO  server.Server (Server.java:doStart(419)) - Started @595230ms
2019-07-13 12:36:44,677 INFO  server.BaseHttpServer (BaseHttpServer.java:updateConnectorAddress(207)) - HTTP server of SCM is listening at http://0.0.0.0:44781
2019-07-13 12:36:44,678 WARN  server.ServerUtils (ServerUtils.java:getDBPath(222)) - ozone.om.db.dirs is not configured. We recommend adding this setting. Falling back to ozone.metadata.dirs instead.
2019-07-13 12:36:44,678 INFO  util.JvmPauseMonitor (JvmPauseMonitor.java:run(188)) - Starting JVM pause monitor
2019-07-13 12:36:44,683 WARN  server.ServerUtils (ServerUtils.java:getDBPath(222)) - ozone.om.db.dirs is not configured. We recommend adding this setting. Falling back to ozone.metadata.dirs instead.
2019-07-13 12:36:44,684 INFO  om.OzoneManager (OzoneManager.java:setOMNodeDetails(630)) - OM Service ID is not set. Setting it to the default ID: omServiceIdDefault
2019-07-13 12:36:44,684 INFO  om.OzoneManager (OzoneManager.java:setOMNodeDetails(636)) - OM Node ID is not set. Setting it to the OmStorage's OmID: 482c7b54-2a47-4d0b-a7d6-86f0dc8ef5d8
2019-07-13 12:36:44,684 INFO  om.OzoneManager (OzoneManager.java:loadOMHAConfigs(587)) - Found matching OM address with OMServiceId: null, OMNodeId: null, RPC Address: localhost:0 and Ratis port: 9872
2019-07-13 12:36:44,690 WARN  server.ServerUtils (ServerUtils.java:getDBPath(222)) - ozone.om.db.dirs is not configured. We recommend adding this setting. Falling back to ozone.metadata.dirs instead.
2019-07-13 12:36:44,691 INFO  db.DBStoreBuilder (DBStoreBuilder.java:addTable(110)) - using custom profile for table: userTable
2019-07-13 12:36:44,691 INFO  db.DBStoreBuilder (DBStoreBuilder.java:processTables(161)) - Using default column profile:DBProfile.DISK for Table:userTable
2019-07-13 12:36:44,691 INFO  db.DBStoreBuilder (DBStoreBuilder.java:addTable(110)) - using custom profile for table: volumeTable
2019-07-13 12:36:44,691 INFO  db.DBStoreBuilder (DBStoreBuilder.java:processTables(161)) - Using default column profile:DBProfile.DISK for Table:volumeTable
2019-07-13 12:36:44,691 INFO  db.DBStoreBuilder (DBStoreBuilder.java:addTable(110)) - using custom profile for table: bucketTable
2019-07-13 12:36:44,692 INFO  db.DBStoreBuilder (DBStoreBuilder.java:processTables(161)) - Using default column profile:DBProfile.DISK for Table:bucketTable
2019-07-13 12:36:44,692 INFO  db.DBStoreBuilder (DBStoreBuilder.java:addTable(110)) - using custom profile for table: keyTable
2019-07-13 12:36:44,692 INFO  db.DBStoreBuilder (DBStoreBuilder.java:processTables(161)) - Using default column profile:DBProfile.DISK for Table:keyTable
2019-07-13 12:36:44,692 INFO  db.DBStoreBuilder (DBStoreBuilder.java:addTable(110)) - using custom profile for table: deletedTable
2019-07-13 12:36:44,692 INFO  db.DBStoreBuilder (DBStoreBuilder.java:processTables(161)) - Using default column profile:DBProfile.DISK for Table:deletedTable
2019-07-13 12:36:44,693 INFO  db.DBStoreBuilder (DBStoreBuilder.java:addTable(110)) - using custom profile for table: openKeyTable
2019-07-13 12:36:44,693 INFO  db.DBStoreBuilder (DBStoreBuilder.java:processTables(161)) - Using default column profile:DBProfile.DISK for Table:openKeyTable
2019-07-13 12:36:44,693 INFO  db.DBStoreBuilder (DBStoreBuilder.java:addTable(110)) - using custom profile for table: s3Table
2019-07-13 12:36:44,693 INFO  db.DBStoreBuilder (DBStoreBuilder.java:processTables(161)) - Using default column profile:DBProfile.DISK for Table:s3Table
2019-07-13 12:36:44,693 INFO  db.DBStoreBuilder (DBStoreBuilder.java:addTable(110)) - using custom profile for table: multipartInfoTable
2019-07-13 12:36:44,694 INFO  db.DBStoreBuilder (DBStoreBuilder.java:processTables(161)) - Using default column profile:DBProfile.DISK for Table:multipartInfoTable
2019-07-13 12:36:44,694 INFO  db.DBStoreBuilder (DBStoreBuilder.java:addTable(110)) - using custom profile for table: dTokenTable
2019-07-13 12:36:44,694 INFO  db.DBStoreBuilder (DBStoreBuilder.java:processTables(161)) - Using default column profile:DBProfile.DISK for Table:dTokenTable
2019-07-13 12:36:44,694 INFO  db.DBStoreBuilder (DBStoreBuilder.java:addTable(110)) - using custom profile for table: s3SecretTable
2019-07-13 12:36:44,694 INFO  db.DBStoreBuilder (DBStoreBuilder.java:processTables(161)) - Using default column profile:DBProfile.DISK for Table:s3SecretTable
2019-07-13 12:36:44,695 INFO  db.DBStoreBuilder (DBStoreBuilder.java:addTable(110)) - using custom profile for table: prefixTable
2019-07-13 12:36:44,695 INFO  db.DBStoreBuilder (DBStoreBuilder.java:processTables(161)) - Using default column profile:DBProfile.DISK for Table:prefixTable
2019-07-13 12:36:44,695 INFO  db.DBStoreBuilder (DBStoreBuilder.java:addTable(110)) - using custom profile for table: default
2019-07-13 12:36:44,695 INFO  db.DBStoreBuilder (DBStoreBuilder.java:processTables(167)) - Using default column profile:DBProfile.DISK for Table:default
2019-07-13 12:36:44,695 INFO  db.DBStoreBuilder (DBStoreBuilder.java:getDbProfile(198)) - Using default options. DBProfile.DISK
2019-07-13 12:36:45,034 INFO  ipc.CallQueueManager (CallQueueManager.java:<init>(84)) - Using callQueue: class java.util.concurrent.LinkedBlockingQueue, queueCapacity: 2000, scheduler: class org.apache.hadoop.ipc.DefaultRpcScheduler, ipcBackoff: false.
2019-07-13 12:36:45,035 INFO  ipc.Server (Server.java:run(1074)) - Starting Socket Reader #1 for port 37858
2019-07-13 12:36:45,049 WARN  server.ServerUtils (ServerUtils.java:getDBPath(222)) - ozone.om.db.dirs is not configured. We recommend adding this setting. Falling back to ozone.metadata.dirs instead.
2019-07-13 12:36:45,049 INFO  om.OzoneManager (OzoneManager.java:start(1228)) - OzoneManager RPC server is listening at localhost/127.0.0.1:37858
2019-07-13 12:36:45,049 INFO  impl.MetricsSystemImpl (MetricsSystemImpl.java:init(158)) - OzoneManager metrics system started (again)
2019-07-13 12:36:45,050 INFO  ipc.Server (Server.java:run(1314)) - IPC Server Responder: starting
2019-07-13 12:36:45,050 INFO  ipc.Server (Server.java:run(1153)) - IPC Server listener on 37858: starting
2019-07-13 12:36:45,057 INFO  hdfs.DFSUtil (DFSUtil.java:httpServerTemplateForNNAndJN(1641)) - Starting Web-server for ozoneManager at: http://0.0.0.0:0
2019-07-13 12:36:45,058 INFO  server.AuthenticationFilter (AuthenticationFilter.java:constructSecretProvider(240)) - Unable to initialize FileSignerSecretProvider, falling back to use random secrets.
2019-07-13 12:36:45,058 WARN  http.HttpRequestLog (HttpRequestLog.java:getRequestLog(97)) - Jetty request log can only be enabled using Log4j
2019-07-13 12:36:45,060 INFO  http.HttpServer2 (HttpServer2.java:addGlobalFilter(975)) - Added global filter 'safety' (class=org.apache.hadoop.http.HttpServer2$QuotingInputFilter)
2019-07-13 12:36:45,060 INFO  http.HttpServer2 (HttpServer2.java:addFilter(948)) - Added filter static_user_filter (class=org.apache.hadoop.http.lib.StaticUserWebFilter$StaticUserFilter) to context ozoneManager
2019-07-13 12:36:45,060 INFO  http.HttpServer2 (HttpServer2.java:addFilter(958)) - Added filter static_user_filter (class=org.apache.hadoop.http.lib.StaticUserWebFilter$StaticUserFilter) to context static
2019-07-13 12:36:45,061 INFO  http.HttpServer2 (HttpServer2.java:addFilter(958)) - Added filter static_user_filter (class=org.apache.hadoop.http.lib.StaticUserWebFilter$StaticUserFilter) to context logs
2019-07-13 12:36:45,061 INFO  http.HttpServer2 (HttpServer2.java:bindListener(1191)) - Jetty bound to port 36785
2019-07-13 12:36:45,061 INFO  server.Server (Server.java:doStart(351)) - jetty-9.3.24.v20180605, build timestamp: 2018-06-05T17:11:56Z, git hash: 84205aa28f11a4f31f2a3b86d1bba2cc8ab69827
2019-07-13 12:36:45,063 INFO  handler.ContextHandler (ContextHandler.java:doStart(781)) - Started o.e.j.s.ServletContextHandler@76685ab0{/logs,file:///tmp/workdir/hadoop-ozone/integration-test/target/log,AVAILABLE}
2019-07-13 12:36:45,064 INFO  handler.ContextHandler (ContextHandler.java:doStart(781)) - Started o.e.j.s.ServletContextHandler@7305a443{/static,file:///tmp/workdir/hadoop-ozone/integration-test/target/test-classes/webapps/static,AVAILABLE}
2019-07-13 12:36:45,067 INFO  handler.ContextHandler (ContextHandler.java:doStart(781)) - Started o.e.j.w.WebAppContext@2e2a2b07{/,file:///tmp/workdir/hadoop-ozone/integration-test/target/test-classes/webapps/ozoneManager/,AVAILABLE}{/ozoneManager}
2019-07-13 12:36:45,068 INFO  server.AbstractConnector (AbstractConnector.java:doStart(278)) - Started ServerConnector@52dc71b2{HTTP/1.1,[http/1.1]}{0.0.0.0:36785}
2019-07-13 12:36:45,068 INFO  server.Server (Server.java:doStart(419)) - Started @595621ms
2019-07-13 12:36:45,069 INFO  server.BaseHttpServer (BaseHttpServer.java:updateConnectorAddress(207)) - HTTP server of OZONEMANAGER is listening at http://0.0.0.0:36785
2019-07-13 12:36:45,081 INFO  impl.MetricsSystemImpl (MetricsSystemImpl.java:init(158)) - HddsDatanode metrics system started (again)
2019-07-13 12:36:45,082 INFO  ozone.HddsDatanodeService (HddsDatanodeService.java:start(185)) - HddsDatanodeService host:trunk-nightly-q2gwj-1111726333 ip:192.168.5.181
2019-07-13 12:36:45,093 INFO  volume.HddsVolume (HddsVolume.java:<init>(176)) - Creating Volume: /tmp/workdir/hadoop-ozone/integration-test/target/test-dir/MiniOzoneClusterImpl-b41edfef-7459-4e50-8f59-8d8a035a1c36/datanode-0/data/containers/hdds of  storage type : DISK and capacity : 52710309888
2019-07-13 12:36:45,093 INFO  volume.VolumeSet (VolumeSet.java:initializeVolumeSet(170)) - Added Volume : /tmp/workdir/hadoop-ozone/integration-test/target/test-dir/MiniOzoneClusterImpl-b41edfef-7459-4e50-8f59-8d8a035a1c36/datanode-0/data/containers/hdds to VolumeSet
2019-07-13 12:36:45,093 INFO  volume.ThrottledAsyncChecker (ThrottledAsyncChecker.java:schedule(140)) - Scheduling a check for org.apache.hadoop.ozone.container.common.volume.HddsVolume@60cbba57
2019-07-13 12:36:45,094 INFO  volume.HddsVolumeChecker (HddsVolumeChecker.java:checkAllVolumes(203)) - Scheduled health check for volume org.apache.hadoop.ozone.container.common.volume.HddsVolume@60cbba57
2019-07-13 12:36:45,108 INFO  impl.RaftServerProxy (ConfUtils.java:logGet(43)) - raft.rpc.type = GRPC (default)
2019-07-13 12:36:45,108 INFO  grpc.GrpcFactory (GrpcFactory.java:checkPooledByteBufAllocatorUseCacheForAllThreads(45)) - PERFORMANCE WARNING: useCacheForAllThreads is true that may cause Netty to create a lot garbage objects and, as a result, trigger GC.
	It is recommended to disable useCacheForAllThreads by setting -Dorg.apache.ratis.thirdparty.io.netty.allocator.useCacheForAllThreads=false in command line.
2019-07-13 12:36:45,108 INFO  grpc.GrpcConfigKeys$Server (ConfUtils.java:logGet(43)) - raft.grpc.server.port = 0 (default)
2019-07-13 12:36:45,108 INFO  server.GrpcService (ConfUtils.java:logGet(43)) - raft.grpc.message.size.max = 33570816 (custom)
2019-07-13 12:36:45,108 INFO  server.RaftServerConfigKeys (ConfUtils.java:logGet(43)) - raft.server.log.appender.buffer.byte-limit = 33554432 (custom)
2019-07-13 12:36:45,109 INFO  server.GrpcService (ConfUtils.java:logGet(43)) - raft.grpc.flow.control.window = 1MB (=1048576) (default)
2019-07-13 12:36:45,109 INFO  server.RaftServerConfigKeys (ConfUtils.java:logGet(43)) - raft.server.rpc.request.timeout = 3000ms (default)
2019-07-13 12:36:45,109 INFO  server.RaftServerConfigKeys (ConfUtils.java:logGet(43)) - raft.server.storage.dir = [/tmp/workdir/hadoop-ozone/integration-test/target/test-dir/MiniOzoneClusterImpl-b41edfef-7459-4e50-8f59-8d8a035a1c36/datanode-0/data/ratis] (custom)
2019-07-13 12:36:45,110 INFO  replication.SimpleContainerDownloader (SimpleContainerDownloader.java:<init>(72)) - Starting container downloader service to copy containers to replicate.
2019-07-13 12:36:45,111 INFO  hdfs.DFSUtil (DFSUtil.java:httpServerTemplateForNNAndJN(1641)) - Starting Web-server for hddsDatanode at: http://0.0.0.0:0
2019-07-13 12:36:45,112 INFO  server.AuthenticationFilter (AuthenticationFilter.java:constructSecretProvider(240)) - Unable to initialize FileSignerSecretProvider, falling back to use random secrets.
2019-07-13 12:36:45,112 WARN  http.HttpRequestLog (HttpRequestLog.java:getRequestLog(97)) - Jetty request log can only be enabled using Log4j
2019-07-13 12:36:45,114 INFO  http.HttpServer2 (HttpServer2.java:addGlobalFilter(975)) - Added global filter 'safety' (class=org.apache.hadoop.http.HttpServer2$QuotingInputFilter)
2019-07-13 12:36:45,114 INFO  http.HttpServer2 (HttpServer2.java:addFilter(948)) - Added filter static_user_filter (class=org.apache.hadoop.http.lib.StaticUserWebFilter$StaticUserFilter) to context hddsDatanode
2019-07-13 12:36:45,114 INFO  http.HttpServer2 (HttpServer2.java:addFilter(958)) - Added filter static_user_filter (class=org.apache.hadoop.http.lib.StaticUserWebFilter$StaticUserFilter) to context logs
2019-07-13 12:36:45,114 INFO  http.HttpServer2 (HttpServer2.java:addFilter(958)) - Added filter static_user_filter (class=org.apache.hadoop.http.lib.StaticUserWebFilter$StaticUserFilter) to context static
2019-07-13 12:36:45,115 INFO  http.HttpServer2 (HttpServer2.java:bindListener(1191)) - Jetty bound to port 39887
2019-07-13 12:36:45,115 INFO  server.Server (Server.java:doStart(351)) - jetty-9.3.24.v20180605, build timestamp: 2018-06-05T17:11:56Z, git hash: 84205aa28f11a4f31f2a3b86d1bba2cc8ab69827
2019-07-13 12:36:45,117 INFO  handler.ContextHandler (ContextHandler.java:doStart(781)) - Started o.e.j.s.ServletContextHandler@273e622f{/logs,file:///tmp/workdir/hadoop-ozone/integration-test/target/log,AVAILABLE}
2019-07-13 12:36:45,117 INFO  handler.ContextHandler (ContextHandler.java:doStart(781)) - Started o.e.j.s.ServletContextHandler@4b477121{/static,jar:file:/home/user/.m2/repository/org/apache/hadoop/hadoop-hdds-container-service/0.5.0-SNAPSHOT/hadoop-hdds-container-service-0.5.0-SNAPSHOT.jar!/webapps/static,AVAILABLE}
2019-07-13 12:36:45,143 INFO  handler.ContextHandler (ContextHandler.java:doStart(781)) - Started o.e.j.w.WebAppContext@3aebdb4{/,file:///tmp/jetty-0.0.0.0-39887-hddsDatanode-_-any-3815671896227285764.dir/webapp/,AVAILABLE}{/hddsDatanode}
2019-07-13 12:36:45,144 INFO  server.AbstractConnector (AbstractConnector.java:doStart(278)) - Started ServerConnector@4fd70118{HTTP/1.1,[http/1.1]}{0.0.0.0:39887}
2019-07-13 12:36:45,144 INFO  server.Server (Server.java:doStart(419)) - Started @595697ms
2019-07-13 12:36:45,146 INFO  server.BaseHttpServer (BaseHttpServer.java:updateConnectorAddress(207)) - HTTP server of HDDSDATANODE is listening at http://0.0.0.0:39887
2019-07-13 12:36:45,297 INFO  ozone.HddsDatanodeService (HddsDatanodeService.java:startPlugins(396)) - Started plug-in org.apache.hadoop.ozone.web.OzoneHddsDatanodeService@2f53e07d
2019-07-13 12:36:45,297 INFO  impl.MetricsSystemImpl (MetricsSystemImpl.java:init(158)) - HddsDatanode metrics system started (again)
2019-07-13 12:36:45,298 INFO  ozone.HddsDatanodeService (HddsDatanodeService.java:start(185)) - HddsDatanodeService host:trunk-nightly-q2gwj-1111726333 ip:192.168.5.181
2019-07-13 12:36:45,299 INFO  util.JvmPauseMonitor (JvmPauseMonitor.java:run(188)) - Starting JVM pause monitor
2019-07-13 12:36:45,301 INFO  datanode.InitDatanodeState (InitDatanodeState.java:persistContainerDatanodeDetails(140)) - DatanodeDetails is persisted to /tmp/workdir/hadoop-ozone/integration-test/target/test-dir/MiniOzoneClusterImpl-b41edfef-7459-4e50-8f59-8d8a035a1c36/datanode-0/meta/datanode.id
2019-07-13 12:36:45,310 INFO  volume.HddsVolume (HddsVolume.java:<init>(176)) - Creating Volume: /tmp/workdir/hadoop-ozone/integration-test/target/test-dir/MiniOzoneClusterImpl-b41edfef-7459-4e50-8f59-8d8a035a1c36/datanode-1/data/containers/hdds of  storage type : DISK and capacity : 52710309888
2019-07-13 12:36:45,310 INFO  volume.VolumeSet (VolumeSet.java:initializeVolumeSet(170)) - Added Volume : /tmp/workdir/hadoop-ozone/integration-test/target/test-dir/MiniOzoneClusterImpl-b41edfef-7459-4e50-8f59-8d8a035a1c36/datanode-1/data/containers/hdds to VolumeSet
2019-07-13 12:36:45,310 INFO  volume.ThrottledAsyncChecker (ThrottledAsyncChecker.java:schedule(140)) - Scheduling a check for org.apache.hadoop.ozone.container.common.volume.HddsVolume@549b26d7
2019-07-13 12:36:45,311 INFO  volume.HddsVolumeChecker (HddsVolumeChecker.java:checkAllVolumes(203)) - Scheduled health check for volume org.apache.hadoop.ozone.container.common.volume.HddsVolume@549b26d7
2019-07-13 12:36:45,328 INFO  impl.RaftServerProxy (ConfUtils.java:logGet(43)) - raft.rpc.type = GRPC (default)
2019-07-13 12:36:45,328 INFO  grpc.GrpcFactory (GrpcFactory.java:checkPooledByteBufAllocatorUseCacheForAllThreads(45)) - PERFORMANCE WARNING: useCacheForAllThreads is true that may cause Netty to create a lot garbage objects and, as a result, trigger GC.
	It is recommended to disable useCacheForAllThreads by setting -Dorg.apache.ratis.thirdparty.io.netty.allocator.useCacheForAllThreads=false in command line.
2019-07-13 12:36:45,329 INFO  grpc.GrpcConfigKeys$Server (ConfUtils.java:logGet(43)) - raft.grpc.server.port = 0 (default)
2019-07-13 12:36:45,329 INFO  server.GrpcService (ConfUtils.java:logGet(43)) - raft.grpc.message.size.max = 33570816 (custom)
2019-07-13 12:36:45,329 INFO  server.RaftServerConfigKeys (ConfUtils.java:logGet(43)) - raft.server.log.appender.buffer.byte-limit = 33554432 (custom)
2019-07-13 12:36:45,329 INFO  server.GrpcService (ConfUtils.java:logGet(43)) - raft.grpc.flow.control.window = 1MB (=1048576) (default)
2019-07-13 12:36:45,330 INFO  server.RaftServerConfigKeys (ConfUtils.java:logGet(43)) - raft.server.rpc.request.timeout = 3000ms (default)
2019-07-13 12:36:45,330 INFO  server.RaftServerConfigKeys (ConfUtils.java:logGet(43)) - raft.server.storage.dir = [/tmp/workdir/hadoop-ozone/integration-test/target/test-dir/MiniOzoneClusterImpl-b41edfef-7459-4e50-8f59-8d8a035a1c36/datanode-1/data/ratis] (custom)
2019-07-13 12:36:45,331 INFO  replication.SimpleContainerDownloader (SimpleContainerDownloader.java:<init>(72)) - Starting container downloader service to copy containers to replicate.
2019-07-13 12:36:45,332 INFO  hdfs.DFSUtil (DFSUtil.java:httpServerTemplateForNNAndJN(1641)) - Starting Web-server for hddsDatanode at: http://0.0.0.0:0
2019-07-13 12:36:45,334 INFO  server.AuthenticationFilter (AuthenticationFilter.java:constructSecretProvider(240)) - Unable to initialize FileSignerSecretProvider, falling back to use random secrets.
2019-07-13 12:36:45,335 WARN  http.HttpRequestLog (HttpRequestLog.java:getRequestLog(97)) - Jetty request log can only be enabled using Log4j
2019-07-13 12:36:45,337 INFO  http.HttpServer2 (HttpServer2.java:addGlobalFilter(975)) - Added global filter 'safety' (class=org.apache.hadoop.http.HttpServer2$QuotingInputFilter)
2019-07-13 12:36:45,338 INFO  http.HttpServer2 (HttpServer2.java:addFilter(948)) - Added filter static_user_filter (class=org.apache.hadoop.http.lib.StaticUserWebFilter$StaticUserFilter) to context hddsDatanode
2019-07-13 12:36:45,338 INFO  http.HttpServer2 (HttpServer2.java:addFilter(958)) - Added filter static_user_filter (class=org.apache.hadoop.http.lib.StaticUserWebFilter$StaticUserFilter) to context logs
2019-07-13 12:36:45,339 INFO  http.HttpServer2 (HttpServer2.java:addFilter(958)) - Added filter static_user_filter (class=org.apache.hadoop.http.lib.StaticUserWebFilter$StaticUserFilter) to context static
2019-07-13 12:36:45,340 INFO  http.HttpServer2 (HttpServer2.java:bindListener(1191)) - Jetty bound to port 33420
2019-07-13 12:36:45,340 INFO  server.Server (Server.java:doStart(351)) - jetty-9.3.24.v20180605, build timestamp: 2018-06-05T17:11:56Z, git hash: 84205aa28f11a4f31f2a3b86d1bba2cc8ab69827
2019-07-13 12:36:45,342 INFO  handler.ContextHandler (ContextHandler.java:doStart(781)) - Started o.e.j.s.ServletContextHandler@23f9d0ce{/logs,file:///tmp/workdir/hadoop-ozone/integration-test/target/log,AVAILABLE}
2019-07-13 12:36:45,343 INFO  handler.ContextHandler (ContextHandler.java:doStart(781)) - Started o.e.j.s.ServletContextHandler@2d6cbbdb{/static,jar:file:/home/user/.m2/repository/org/apache/hadoop/hadoop-hdds-container-service/0.5.0-SNAPSHOT/hadoop-hdds-container-service-0.5.0-SNAPSHOT.jar!/webapps/static,AVAILABLE}
2019-07-13 12:36:45,383 INFO  handler.ContextHandler (ContextHandler.java:doStart(781)) - Started o.e.j.w.WebAppContext@62d818c6{/,file:///tmp/jetty-0.0.0.0-33420-hddsDatanode-_-any-5258593459035886541.dir/webapp/,AVAILABLE}{/hddsDatanode}
2019-07-13 12:36:45,384 INFO  server.AbstractConnector (AbstractConnector.java:doStart(278)) - Started ServerConnector@492e9e87{HTTP/1.1,[http/1.1]}{0.0.0.0:33420}
2019-07-13 12:36:45,385 INFO  server.Server (Server.java:doStart(419)) - Started @595938ms
2019-07-13 12:36:45,386 INFO  server.BaseHttpServer (BaseHttpServer.java:updateConnectorAddress(207)) - HTTP server of HDDSDATANODE is listening at http://0.0.0.0:33420
2019-07-13 12:36:45,495 INFO  ozone.HddsDatanodeService (HddsDatanodeService.java:startPlugins(396)) - Started plug-in org.apache.hadoop.ozone.web.OzoneHddsDatanodeService@33602729
2019-07-13 12:36:45,495 INFO  impl.MetricsSystemImpl (MetricsSystemImpl.java:init(158)) - HddsDatanode metrics system started (again)
2019-07-13 12:36:45,496 INFO  ozone.HddsDatanodeService (HddsDatanodeService.java:start(185)) - HddsDatanodeService host:trunk-nightly-q2gwj-1111726333 ip:192.168.5.181
2019-07-13 12:36:45,497 INFO  util.JvmPauseMonitor (JvmPauseMonitor.java:run(188)) - Starting JVM pause monitor
2019-07-13 12:36:45,498 INFO  datanode.InitDatanodeState (InitDatanodeState.java:persistContainerDatanodeDetails(140)) - DatanodeDetails is persisted to /tmp/workdir/hadoop-ozone/integration-test/target/test-dir/MiniOzoneClusterImpl-b41edfef-7459-4e50-8f59-8d8a035a1c36/datanode-1/meta/datanode.id
2019-07-13 12:36:45,506 INFO  volume.HddsVolume (HddsVolume.java:<init>(176)) - Creating Volume: /tmp/workdir/hadoop-ozone/integration-test/target/test-dir/MiniOzoneClusterImpl-b41edfef-7459-4e50-8f59-8d8a035a1c36/datanode-2/data/containers/hdds of  storage type : DISK and capacity : 52710309888
2019-07-13 12:36:45,506 INFO  volume.VolumeSet (VolumeSet.java:initializeVolumeSet(170)) - Added Volume : /tmp/workdir/hadoop-ozone/integration-test/target/test-dir/MiniOzoneClusterImpl-b41edfef-7459-4e50-8f59-8d8a035a1c36/datanode-2/data/containers/hdds to VolumeSet
2019-07-13 12:36:45,506 INFO  volume.ThrottledAsyncChecker (ThrottledAsyncChecker.java:schedule(140)) - Scheduling a check for org.apache.hadoop.ozone.container.common.volume.HddsVolume@7a458c73
2019-07-13 12:36:45,507 INFO  volume.HddsVolumeChecker (HddsVolumeChecker.java:checkAllVolumes(203)) - Scheduled health check for volume org.apache.hadoop.ozone.container.common.volume.HddsVolume@7a458c73
2019-07-13 12:36:45,520 INFO  impl.RaftServerProxy (ConfUtils.java:logGet(43)) - raft.rpc.type = GRPC (default)
2019-07-13 12:36:45,520 INFO  grpc.GrpcFactory (GrpcFactory.java:checkPooledByteBufAllocatorUseCacheForAllThreads(45)) - PERFORMANCE WARNING: useCacheForAllThreads is true that may cause Netty to create a lot garbage objects and, as a result, trigger GC.
	It is recommended to disable useCacheForAllThreads by setting -Dorg.apache.ratis.thirdparty.io.netty.allocator.useCacheForAllThreads=false in command line.
2019-07-13 12:36:45,520 INFO  grpc.GrpcConfigKeys$Server (ConfUtils.java:logGet(43)) - raft.grpc.server.port = 0 (default)
2019-07-13 12:36:45,520 INFO  server.GrpcService (ConfUtils.java:logGet(43)) - raft.grpc.message.size.max = 33570816 (custom)
2019-07-13 12:36:45,521 INFO  server.RaftServerConfigKeys (ConfUtils.java:logGet(43)) - raft.server.log.appender.buffer.byte-limit = 33554432 (custom)
2019-07-13 12:36:45,521 INFO  server.GrpcService (ConfUtils.java:logGet(43)) - raft.grpc.flow.control.window = 1MB (=1048576) (default)
2019-07-13 12:36:45,521 INFO  server.RaftServerConfigKeys (ConfUtils.java:logGet(43)) - raft.server.rpc.request.timeout = 3000ms (default)
2019-07-13 12:36:45,521 INFO  server.RaftServerConfigKeys (ConfUtils.java:logGet(43)) - raft.server.storage.dir = [/tmp/workdir/hadoop-ozone/integration-test/target/test-dir/MiniOzoneClusterImpl-b41edfef-7459-4e50-8f59-8d8a035a1c36/datanode-2/data/ratis] (custom)
2019-07-13 12:36:45,522 INFO  replication.SimpleContainerDownloader (SimpleContainerDownloader.java:<init>(72)) - Starting container downloader service to copy containers to replicate.
2019-07-13 12:36:45,522 INFO  hdfs.DFSUtil (DFSUtil.java:httpServerTemplateForNNAndJN(1641)) - Starting Web-server for hddsDatanode at: http://0.0.0.0:0
2019-07-13 12:36:45,524 INFO  server.AuthenticationFilter (AuthenticationFilter.java:constructSecretProvider(240)) - Unable to initialize FileSignerSecretProvider, falling back to use random secrets.
2019-07-13 12:36:45,524 WARN  http.HttpRequestLog (HttpRequestLog.java:getRequestLog(97)) - Jetty request log can only be enabled using Log4j
2019-07-13 12:36:45,525 INFO  http.HttpServer2 (HttpServer2.java:addGlobalFilter(975)) - Added global filter 'safety' (class=org.apache.hadoop.http.HttpServer2$QuotingInputFilter)
2019-07-13 12:36:45,526 INFO  http.HttpServer2 (HttpServer2.java:addFilter(948)) - Added filter static_user_filter (class=org.apache.hadoop.http.lib.StaticUserWebFilter$StaticUserFilter) to context hddsDatanode
2019-07-13 12:36:45,526 INFO  http.HttpServer2 (HttpServer2.java:addFilter(958)) - Added filter static_user_filter (class=org.apache.hadoop.http.lib.StaticUserWebFilter$StaticUserFilter) to context static
2019-07-13 12:36:45,526 INFO  http.HttpServer2 (HttpServer2.java:addFilter(958)) - Added filter static_user_filter (class=org.apache.hadoop.http.lib.StaticUserWebFilter$StaticUserFilter) to context logs
2019-07-13 12:36:45,526 INFO  http.HttpServer2 (HttpServer2.java:bindListener(1191)) - Jetty bound to port 43444
2019-07-13 12:36:45,526 INFO  server.Server (Server.java:doStart(351)) - jetty-9.3.24.v20180605, build timestamp: 2018-06-05T17:11:56Z, git hash: 84205aa28f11a4f31f2a3b86d1bba2cc8ab69827
2019-07-13 12:36:45,528 INFO  handler.ContextHandler (ContextHandler.java:doStart(781)) - Started o.e.j.s.ServletContextHandler@77f66138{/logs,file:///tmp/workdir/hadoop-ozone/integration-test/target/log,AVAILABLE}
2019-07-13 12:36:45,528 INFO  handler.ContextHandler (ContextHandler.java:doStart(781)) - Started o.e.j.s.ServletContextHandler@12ce659{/static,jar:file:/home/user/.m2/repository/org/apache/hadoop/hadoop-hdds-container-service/0.5.0-SNAPSHOT/hadoop-hdds-container-service-0.5.0-SNAPSHOT.jar!/webapps/static,AVAILABLE}
2019-07-13 12:36:45,554 INFO  handler.ContextHandler (ContextHandler.java:doStart(781)) - Started o.e.j.w.WebAppContext@52e44f71{/,file:///tmp/jetty-0.0.0.0-43444-hddsDatanode-_-any-7117291857708433069.dir/webapp/,AVAILABLE}{/hddsDatanode}
2019-07-13 12:36:45,554 INFO  server.AbstractConnector (AbstractConnector.java:doStart(278)) - Started ServerConnector@2e1b1d22{HTTP/1.1,[http/1.1]}{0.0.0.0:43444}
2019-07-13 12:36:45,554 INFO  server.Server (Server.java:doStart(419)) - Started @596108ms
2019-07-13 12:36:45,556 INFO  server.BaseHttpServer (BaseHttpServer.java:updateConnectorAddress(207)) - HTTP server of HDDSDATANODE is listening at http://0.0.0.0:43444
2019-07-13 12:36:45,855 INFO  ozone.HddsDatanodeService (HddsDatanodeService.java:startPlugins(396)) - Started plug-in org.apache.hadoop.ozone.web.OzoneHddsDatanodeService@5cc28282
2019-07-13 12:36:45,855 INFO  impl.MetricsSystemImpl (MetricsSystemImpl.java:init(158)) - HddsDatanode metrics system started (again)
2019-07-13 12:36:45,855 INFO  ozone.HddsDatanodeService (HddsDatanodeService.java:start(185)) - HddsDatanodeService host:trunk-nightly-q2gwj-1111726333 ip:192.168.5.181
2019-07-13 12:36:45,856 INFO  util.JvmPauseMonitor (JvmPauseMonitor.java:run(188)) - Starting JVM pause monitor
2019-07-13 12:36:45,858 INFO  datanode.InitDatanodeState (InitDatanodeState.java:persistContainerDatanodeDetails(140)) - DatanodeDetails is persisted to /tmp/workdir/hadoop-ozone/integration-test/target/test-dir/MiniOzoneClusterImpl-b41edfef-7459-4e50-8f59-8d8a035a1c36/datanode-2/meta/datanode.id
2019-07-13 12:36:45,866 INFO  volume.HddsVolume (HddsVolume.java:<init>(176)) - Creating Volume: /tmp/workdir/hadoop-ozone/integration-test/target/test-dir/MiniOzoneClusterImpl-b41edfef-7459-4e50-8f59-8d8a035a1c36/datanode-3/data/containers/hdds of  storage type : DISK and capacity : 52710309888
2019-07-13 12:36:45,867 INFO  volume.VolumeSet (VolumeSet.java:initializeVolumeSet(170)) - Added Volume : /tmp/workdir/hadoop-ozone/integration-test/target/test-dir/MiniOzoneClusterImpl-b41edfef-7459-4e50-8f59-8d8a035a1c36/datanode-3/data/containers/hdds to VolumeSet
2019-07-13 12:36:45,867 INFO  volume.ThrottledAsyncChecker (ThrottledAsyncChecker.java:schedule(140)) - Scheduling a check for org.apache.hadoop.ozone.container.common.volume.HddsVolume@3f54fabc
2019-07-13 12:36:45,868 INFO  volume.HddsVolumeChecker (HddsVolumeChecker.java:checkAllVolumes(203)) - Scheduled health check for volume org.apache.hadoop.ozone.container.common.volume.HddsVolume@3f54fabc
2019-07-13 12:36:45,883 INFO  impl.RaftServerProxy (ConfUtils.java:logGet(43)) - raft.rpc.type = GRPC (default)
2019-07-13 12:36:45,883 INFO  grpc.GrpcFactory (GrpcFactory.java:checkPooledByteBufAllocatorUseCacheForAllThreads(45)) - PERFORMANCE WARNING: useCacheForAllThreads is true that may cause Netty to create a lot garbage objects and, as a result, trigger GC.
	It is recommended to disable useCacheForAllThreads by setting -Dorg.apache.ratis.thirdparty.io.netty.allocator.useCacheForAllThreads=false in command line.
2019-07-13 12:36:45,883 INFO  grpc.GrpcConfigKeys$Server (ConfUtils.java:logGet(43)) - raft.grpc.server.port = 0 (default)
2019-07-13 12:36:45,884 INFO  server.GrpcService (ConfUtils.java:logGet(43)) - raft.grpc.message.size.max = 33570816 (custom)
2019-07-13 12:36:45,884 INFO  server.RaftServerConfigKeys (ConfUtils.java:logGet(43)) - raft.server.log.appender.buffer.byte-limit = 33554432 (custom)
2019-07-13 12:36:45,884 INFO  server.GrpcService (ConfUtils.java:logGet(43)) - raft.grpc.flow.control.window = 1MB (=1048576) (default)
2019-07-13 12:36:45,884 INFO  server.RaftServerConfigKeys (ConfUtils.java:logGet(43)) - raft.server.rpc.request.timeout = 3000ms (default)
2019-07-13 12:36:45,885 INFO  server.RaftServerConfigKeys (ConfUtils.java:logGet(43)) - raft.server.storage.dir = [/tmp/workdir/hadoop-ozone/integration-test/target/test-dir/MiniOzoneClusterImpl-b41edfef-7459-4e50-8f59-8d8a035a1c36/datanode-3/data/ratis] (custom)
2019-07-13 12:36:45,885 INFO  replication.SimpleContainerDownloader (SimpleContainerDownloader.java:<init>(72)) - Starting container downloader service to copy containers to replicate.
2019-07-13 12:36:45,886 INFO  hdfs.DFSUtil (DFSUtil.java:httpServerTemplateForNNAndJN(1641)) - Starting Web-server for hddsDatanode at: http://0.0.0.0:0
2019-07-13 12:36:45,889 INFO  server.AuthenticationFilter (AuthenticationFilter.java:constructSecretProvider(240)) - Unable to initialize FileSignerSecretProvider, falling back to use random secrets.
2019-07-13 12:36:45,889 WARN  http.HttpRequestLog (HttpRequestLog.java:getRequestLog(97)) - Jetty request log can only be enabled using Log4j
2019-07-13 12:36:45,891 INFO  http.HttpServer2 (HttpServer2.java:addGlobalFilter(975)) - Added global filter 'safety' (class=org.apache.hadoop.http.HttpServer2$QuotingInputFilter)
2019-07-13 12:36:45,892 INFO  http.HttpServer2 (HttpServer2.java:addFilter(948)) - Added filter static_user_filter (class=org.apache.hadoop.http.lib.StaticUserWebFilter$StaticUserFilter) to context hddsDatanode
2019-07-13 12:36:45,892 INFO  http.HttpServer2 (HttpServer2.java:addFilter(958)) - Added filter static_user_filter (class=org.apache.hadoop.http.lib.StaticUserWebFilter$StaticUserFilter) to context static
2019-07-13 12:36:45,892 INFO  http.HttpServer2 (HttpServer2.java:addFilter(958)) - Added filter static_user_filter (class=org.apache.hadoop.http.lib.StaticUserWebFilter$StaticUserFilter) to context logs
2019-07-13 12:36:45,893 INFO  http.HttpServer2 (HttpServer2.java:bindListener(1191)) - Jetty bound to port 41047
2019-07-13 12:36:45,894 INFO  server.Server (Server.java:doStart(351)) - jetty-9.3.24.v20180605, build timestamp: 2018-06-05T17:11:56Z, git hash: 84205aa28f11a4f31f2a3b86d1bba2cc8ab69827
2019-07-13 12:36:45,896 INFO  handler.ContextHandler (ContextHandler.java:doStart(781)) - Started o.e.j.s.ServletContextHandler@32a541a8{/logs,file:///tmp/workdir/hadoop-ozone/integration-test/target/log,AVAILABLE}
2019-07-13 12:36:45,896 INFO  handler.ContextHandler (ContextHandler.java:doStart(781)) - Started o.e.j.s.ServletContextHandler@50cadbae{/static,jar:file:/home/user/.m2/repository/org/apache/hadoop/hadoop-hdds-container-service/0.5.0-SNAPSHOT/hadoop-hdds-container-service-0.5.0-SNAPSHOT.jar!/webapps/static,AVAILABLE}
2019-07-13 12:36:45,939 INFO  handler.ContextHandler (ContextHandler.java:doStart(781)) - Started o.e.j.w.WebAppContext@3fe1b278{/,file:///tmp/jetty-0.0.0.0-41047-hddsDatanode-_-any-3175351188775260631.dir/webapp/,AVAILABLE}{/hddsDatanode}
2019-07-13 12:36:45,939 INFO  server.AbstractConnector (AbstractConnector.java:doStart(278)) - Started ServerConnector@3678f32e{HTTP/1.1,[http/1.1]}{0.0.0.0:41047}
2019-07-13 12:36:45,940 INFO  server.Server (Server.java:doStart(419)) - Started @596494ms
2019-07-13 12:36:45,941 INFO  server.BaseHttpServer (BaseHttpServer.java:updateConnectorAddress(207)) - HTTP server of HDDSDATANODE is listening at http://0.0.0.0:41047
2019-07-13 12:36:46,052 INFO  ozone.HddsDatanodeService (HddsDatanodeService.java:startPlugins(396)) - Started plug-in org.apache.hadoop.ozone.web.OzoneHddsDatanodeService@2d6abfc7
2019-07-13 12:36:46,052 INFO  impl.MetricsSystemImpl (MetricsSystemImpl.java:init(158)) - HddsDatanode metrics system started (again)
2019-07-13 12:36:46,052 INFO  ozone.HddsDatanodeService (HddsDatanodeService.java:start(185)) - HddsDatanodeService host:trunk-nightly-q2gwj-1111726333 ip:192.168.5.181
2019-07-13 12:36:46,054 INFO  util.JvmPauseMonitor (JvmPauseMonitor.java:run(188)) - Starting JVM pause monitor
2019-07-13 12:36:46,055 INFO  datanode.InitDatanodeState (InitDatanodeState.java:persistContainerDatanodeDetails(140)) - DatanodeDetails is persisted to /tmp/workdir/hadoop-ozone/integration-test/target/test-dir/MiniOzoneClusterImpl-b41edfef-7459-4e50-8f59-8d8a035a1c36/datanode-3/meta/datanode.id
2019-07-13 12:36:46,063 INFO  volume.HddsVolume (HddsVolume.java:<init>(176)) - Creating Volume: /tmp/workdir/hadoop-ozone/integration-test/target/test-dir/MiniOzoneClusterImpl-b41edfef-7459-4e50-8f59-8d8a035a1c36/datanode-4/data/containers/hdds of  storage type : DISK and capacity : 52710309888
2019-07-13 12:36:46,063 INFO  volume.VolumeSet (VolumeSet.java:initializeVolumeSet(170)) - Added Volume : /tmp/workdir/hadoop-ozone/integration-test/target/test-dir/MiniOzoneClusterImpl-b41edfef-7459-4e50-8f59-8d8a035a1c36/datanode-4/data/containers/hdds to VolumeSet
2019-07-13 12:36:46,063 INFO  volume.ThrottledAsyncChecker (ThrottledAsyncChecker.java:schedule(140)) - Scheduling a check for org.apache.hadoop.ozone.container.common.volume.HddsVolume@5d28e108
2019-07-13 12:36:46,064 INFO  volume.HddsVolumeChecker (HddsVolumeChecker.java:checkAllVolumes(203)) - Scheduled health check for volume org.apache.hadoop.ozone.container.common.volume.HddsVolume@5d28e108
2019-07-13 12:36:46,077 INFO  impl.RaftServerProxy (ConfUtils.java:logGet(43)) - raft.rpc.type = GRPC (default)
2019-07-13 12:36:46,077 INFO  grpc.GrpcFactory (GrpcFactory.java:checkPooledByteBufAllocatorUseCacheForAllThreads(45)) - PERFORMANCE WARNING: useCacheForAllThreads is true that may cause Netty to create a lot garbage objects and, as a result, trigger GC.
	It is recommended to disable useCacheForAllThreads by setting -Dorg.apache.ratis.thirdparty.io.netty.allocator.useCacheForAllThreads=false in command line.
2019-07-13 12:36:46,077 INFO  grpc.GrpcConfigKeys$Server (ConfUtils.java:logGet(43)) - raft.grpc.server.port = 0 (default)
2019-07-13 12:36:46,077 INFO  server.GrpcService (ConfUtils.java:logGet(43)) - raft.grpc.message.size.max = 33570816 (custom)
2019-07-13 12:36:46,077 INFO  server.RaftServerConfigKeys (ConfUtils.java:logGet(43)) - raft.server.log.appender.buffer.byte-limit = 33554432 (custom)
2019-07-13 12:36:46,078 INFO  server.GrpcService (ConfUtils.java:logGet(43)) - raft.grpc.flow.control.window = 1MB (=1048576) (default)
2019-07-13 12:36:46,078 INFO  server.RaftServerConfigKeys (ConfUtils.java:logGet(43)) - raft.server.rpc.request.timeout = 3000ms (default)
2019-07-13 12:36:46,078 INFO  server.RaftServerConfigKeys (ConfUtils.java:logGet(43)) - raft.server.storage.dir = [/tmp/workdir/hadoop-ozone/integration-test/target/test-dir/MiniOzoneClusterImpl-b41edfef-7459-4e50-8f59-8d8a035a1c36/datanode-4/data/ratis] (custom)
2019-07-13 12:36:46,079 INFO  replication.SimpleContainerDownloader (SimpleContainerDownloader.java:<init>(72)) - Starting container downloader service to copy containers to replicate.
2019-07-13 12:36:46,079 INFO  hdfs.DFSUtil (DFSUtil.java:httpServerTemplateForNNAndJN(1641)) - Starting Web-server for hddsDatanode at: http://0.0.0.0:0
2019-07-13 12:36:46,081 INFO  server.AuthenticationFilter (AuthenticationFilter.java:constructSecretProvider(240)) - Unable to initialize FileSignerSecretProvider, falling back to use random secrets.
2019-07-13 12:36:46,081 WARN  http.HttpRequestLog (HttpRequestLog.java:getRequestLog(97)) - Jetty request log can only be enabled using Log4j
2019-07-13 12:36:46,082 INFO  http.HttpServer2 (HttpServer2.java:addGlobalFilter(975)) - Added global filter 'safety' (class=org.apache.hadoop.http.HttpServer2$QuotingInputFilter)
2019-07-13 12:36:46,082 INFO  http.HttpServer2 (HttpServer2.java:addFilter(948)) - Added filter static_user_filter (class=org.apache.hadoop.http.lib.StaticUserWebFilter$StaticUserFilter) to context hddsDatanode
2019-07-13 12:36:46,082 INFO  http.HttpServer2 (HttpServer2.java:addFilter(958)) - Added filter static_user_filter (class=org.apache.hadoop.http.lib.StaticUserWebFilter$StaticUserFilter) to context static
2019-07-13 12:36:46,083 INFO  http.HttpServer2 (HttpServer2.java:addFilter(958)) - Added filter static_user_filter (class=org.apache.hadoop.http.lib.StaticUserWebFilter$StaticUserFilter) to context logs
2019-07-13 12:36:46,083 INFO  http.HttpServer2 (HttpServer2.java:bindListener(1191)) - Jetty bound to port 45992
2019-07-13 12:36:46,083 INFO  server.Server (Server.java:doStart(351)) - jetty-9.3.24.v20180605, build timestamp: 2018-06-05T17:11:56Z, git hash: 84205aa28f11a4f31f2a3b86d1bba2cc8ab69827
2019-07-13 12:36:46,085 INFO  handler.ContextHandler (ContextHandler.java:doStart(781)) - Started o.e.j.s.ServletContextHandler@20673498{/logs,file:///tmp/workdir/hadoop-ozone/integration-test/target/log,AVAILABLE}
2019-07-13 12:36:46,085 INFO  handler.ContextHandler (ContextHandler.java:doStart(781)) - Started o.e.j.s.ServletContextHandler@50c99398{/static,jar:file:/home/user/.m2/repository/org/apache/hadoop/hadoop-hdds-container-service/0.5.0-SNAPSHOT/hadoop-hdds-container-service-0.5.0-SNAPSHOT.jar!/webapps/static,AVAILABLE}
2019-07-13 12:36:46,111 INFO  handler.ContextHandler (ContextHandler.java:doStart(781)) - Started o.e.j.w.WebAppContext@54632794{/,file:///tmp/jetty-0.0.0.0-45992-hddsDatanode-_-any-5502601380220124565.dir/webapp/,AVAILABLE}{/hddsDatanode}
2019-07-13 12:36:46,111 INFO  server.AbstractConnector (AbstractConnector.java:doStart(278)) - Started ServerConnector@56511eda{HTTP/1.1,[http/1.1]}{0.0.0.0:45992}
2019-07-13 12:36:46,111 INFO  server.Server (Server.java:doStart(419)) - Started @596665ms
2019-07-13 12:36:46,113 INFO  server.BaseHttpServer (BaseHttpServer.java:updateConnectorAddress(207)) - HTTP server of HDDSDATANODE is listening at http://0.0.0.0:45992
2019-07-13 12:36:46,209 INFO  ozone.HddsDatanodeService (HddsDatanodeService.java:startPlugins(396)) - Started plug-in org.apache.hadoop.ozone.web.OzoneHddsDatanodeService@428440f2
2019-07-13 12:36:46,210 INFO  impl.MetricsSystemImpl (MetricsSystemImpl.java:init(158)) - HddsDatanode metrics system started (again)
2019-07-13 12:36:46,210 INFO  ozone.HddsDatanodeService (HddsDatanodeService.java:start(185)) - HddsDatanodeService host:trunk-nightly-q2gwj-1111726333 ip:192.168.5.181
2019-07-13 12:36:46,211 INFO  util.JvmPauseMonitor (JvmPauseMonitor.java:run(188)) - Starting JVM pause monitor
2019-07-13 12:36:46,213 INFO  datanode.InitDatanodeState (InitDatanodeState.java:persistContainerDatanodeDetails(140)) - DatanodeDetails is persisted to /tmp/workdir/hadoop-ozone/integration-test/target/test-dir/MiniOzoneClusterImpl-b41edfef-7459-4e50-8f59-8d8a035a1c36/datanode-4/meta/datanode.id
2019-07-13 12:36:46,221 INFO  volume.HddsVolume (HddsVolume.java:<init>(176)) - Creating Volume: /tmp/workdir/hadoop-ozone/integration-test/target/test-dir/MiniOzoneClusterImpl-b41edfef-7459-4e50-8f59-8d8a035a1c36/datanode-5/data/containers/hdds of  storage type : DISK and capacity : 52710309888
2019-07-13 12:36:46,222 INFO  volume.VolumeSet (VolumeSet.java:initializeVolumeSet(170)) - Added Volume : /tmp/workdir/hadoop-ozone/integration-test/target/test-dir/MiniOzoneClusterImpl-b41edfef-7459-4e50-8f59-8d8a035a1c36/datanode-5/data/containers/hdds to VolumeSet
2019-07-13 12:36:46,222 INFO  volume.ThrottledAsyncChecker (ThrottledAsyncChecker.java:schedule(140)) - Scheduling a check for org.apache.hadoop.ozone.container.common.volume.HddsVolume@6db160b4
2019-07-13 12:36:46,222 INFO  volume.HddsVolumeChecker (HddsVolumeChecker.java:checkAllVolumes(203)) - Scheduled health check for volume org.apache.hadoop.ozone.container.common.volume.HddsVolume@6db160b4
2019-07-13 12:36:46,237 INFO  impl.RaftServerProxy (ConfUtils.java:logGet(43)) - raft.rpc.type = GRPC (default)
2019-07-13 12:36:46,237 INFO  grpc.GrpcFactory (GrpcFactory.java:checkPooledByteBufAllocatorUseCacheForAllThreads(45)) - PERFORMANCE WARNING: useCacheForAllThreads is true that may cause Netty to create a lot garbage objects and, as a result, trigger GC.
	It is recommended to disable useCacheForAllThreads by setting -Dorg.apache.ratis.thirdparty.io.netty.allocator.useCacheForAllThreads=false in command line.
2019-07-13 12:36:46,237 INFO  grpc.GrpcConfigKeys$Server (ConfUtils.java:logGet(43)) - raft.grpc.server.port = 0 (default)
2019-07-13 12:36:46,237 INFO  server.GrpcService (ConfUtils.java:logGet(43)) - raft.grpc.message.size.max = 33570816 (custom)
2019-07-13 12:36:46,238 INFO  server.RaftServerConfigKeys (ConfUtils.java:logGet(43)) - raft.server.log.appender.buffer.byte-limit = 33554432 (custom)
2019-07-13 12:36:46,238 INFO  server.GrpcService (ConfUtils.java:logGet(43)) - raft.grpc.flow.control.window = 1MB (=1048576) (default)
2019-07-13 12:36:46,238 INFO  server.RaftServerConfigKeys (ConfUtils.java:logGet(43)) - raft.server.rpc.request.timeout = 3000ms (default)
2019-07-13 12:36:46,238 INFO  server.RaftServerConfigKeys (ConfUtils.java:logGet(43)) - raft.server.storage.dir = [/tmp/workdir/hadoop-ozone/integration-test/target/test-dir/MiniOzoneClusterImpl-b41edfef-7459-4e50-8f59-8d8a035a1c36/datanode-5/data/ratis] (custom)
2019-07-13 12:36:46,239 INFO  replication.SimpleContainerDownloader (SimpleContainerDownloader.java:<init>(72)) - Starting container downloader service to copy containers to replicate.
2019-07-13 12:36:46,240 INFO  hdfs.DFSUtil (DFSUtil.java:httpServerTemplateForNNAndJN(1641)) - Starting Web-server for hddsDatanode at: http://0.0.0.0:0
2019-07-13 12:36:46,241 INFO  server.AuthenticationFilter (AuthenticationFilter.java:constructSecretProvider(240)) - Unable to initialize FileSignerSecretProvider, falling back to use random secrets.
2019-07-13 12:36:46,241 WARN  http.HttpRequestLog (HttpRequestLog.java:getRequestLog(97)) - Jetty request log can only be enabled using Log4j
2019-07-13 12:36:46,242 INFO  http.HttpServer2 (HttpServer2.java:addGlobalFilter(975)) - Added global filter 'safety' (class=org.apache.hadoop.http.HttpServer2$QuotingInputFilter)
2019-07-13 12:36:46,242 INFO  http.HttpServer2 (HttpServer2.java:addFilter(948)) - Added filter static_user_filter (class=org.apache.hadoop.http.lib.StaticUserWebFilter$StaticUserFilter) to context hddsDatanode
2019-07-13 12:36:46,243 INFO  http.HttpServer2 (HttpServer2.java:addFilter(958)) - Added filter static_user_filter (class=org.apache.hadoop.http.lib.StaticUserWebFilter$StaticUserFilter) to context logs
2019-07-13 12:36:46,243 INFO  http.HttpServer2 (HttpServer2.java:addFilter(958)) - Added filter static_user_filter (class=org.apache.hadoop.http.lib.StaticUserWebFilter$StaticUserFilter) to context static
2019-07-13 12:36:46,243 INFO  http.HttpServer2 (HttpServer2.java:bindListener(1191)) - Jetty bound to port 37007
2019-07-13 12:36:46,243 INFO  server.Server (Server.java:doStart(351)) - jetty-9.3.24.v20180605, build timestamp: 2018-06-05T17:11:56Z, git hash: 84205aa28f11a4f31f2a3b86d1bba2cc8ab69827
2019-07-13 12:36:46,245 INFO  handler.ContextHandler (ContextHandler.java:doStart(781)) - Started o.e.j.s.ServletContextHandler@724e483f{/logs,file:///tmp/workdir/hadoop-ozone/integration-test/target/log,AVAILABLE}
2019-07-13 12:36:46,245 INFO  handler.ContextHandler (ContextHandler.java:doStart(781)) - Started o.e.j.s.ServletContextHandler@72499396{/static,jar:file:/home/user/.m2/repository/org/apache/hadoop/hadoop-hdds-container-service/0.5.0-SNAPSHOT/hadoop-hdds-container-service-0.5.0-SNAPSHOT.jar!/webapps/static,AVAILABLE}
2019-07-13 12:36:46,271 INFO  handler.ContextHandler (ContextHandler.java:doStart(781)) - Started o.e.j.w.WebAppContext@4b55652a{/,file:///tmp/jetty-0.0.0.0-37007-hddsDatanode-_-any-5536041260497146363.dir/webapp/,AVAILABLE}{/hddsDatanode}
2019-07-13 12:36:46,271 INFO  server.AbstractConnector (AbstractConnector.java:doStart(278)) - Started ServerConnector@8c54f48{HTTP/1.1,[http/1.1]}{0.0.0.0:37007}
2019-07-13 12:36:46,271 INFO  server.Server (Server.java:doStart(419)) - Started @596825ms
2019-07-13 12:36:46,273 INFO  server.BaseHttpServer (BaseHttpServer.java:updateConnectorAddress(207)) - HTTP server of HDDSDATANODE is listening at http://0.0.0.0:37007
2019-07-13 12:36:46,368 INFO  ozone.HddsDatanodeService (HddsDatanodeService.java:startPlugins(396)) - Started plug-in org.apache.hadoop.ozone.web.OzoneHddsDatanodeService@6b862f17
2019-07-13 12:36:46,369 INFO  impl.MetricsSystemImpl (MetricsSystemImpl.java:init(158)) - HddsDatanode metrics system started (again)
2019-07-13 12:36:46,369 INFO  ozone.HddsDatanodeService (HddsDatanodeService.java:start(185)) - HddsDatanodeService host:trunk-nightly-q2gwj-1111726333 ip:192.168.5.181
2019-07-13 12:36:46,374 INFO  util.JvmPauseMonitor (JvmPauseMonitor.java:run(188)) - Starting JVM pause monitor
2019-07-13 12:36:46,375 INFO  datanode.InitDatanodeState (InitDatanodeState.java:persistContainerDatanodeDetails(140)) - DatanodeDetails is persisted to /tmp/workdir/hadoop-ozone/integration-test/target/test-dir/MiniOzoneClusterImpl-b41edfef-7459-4e50-8f59-8d8a035a1c36/datanode-5/meta/datanode.id
2019-07-13 12:36:46,381 INFO  volume.HddsVolume (HddsVolume.java:<init>(176)) - Creating Volume: /tmp/workdir/hadoop-ozone/integration-test/target/test-dir/MiniOzoneClusterImpl-b41edfef-7459-4e50-8f59-8d8a035a1c36/datanode-6/data/containers/hdds of  storage type : DISK and capacity : 52710309888
2019-07-13 12:36:46,381 INFO  volume.VolumeSet (VolumeSet.java:initializeVolumeSet(170)) - Added Volume : /tmp/workdir/hadoop-ozone/integration-test/target/test-dir/MiniOzoneClusterImpl-b41edfef-7459-4e50-8f59-8d8a035a1c36/datanode-6/data/containers/hdds to VolumeSet
2019-07-13 12:36:46,381 INFO  volume.ThrottledAsyncChecker (ThrottledAsyncChecker.java:schedule(140)) - Scheduling a check for org.apache.hadoop.ozone.container.common.volume.HddsVolume@105e8710
2019-07-13 12:36:46,381 INFO  volume.HddsVolumeChecker (HddsVolumeChecker.java:checkAllVolumes(203)) - Scheduled health check for volume org.apache.hadoop.ozone.container.common.volume.HddsVolume@105e8710
2019-07-13 12:36:46,400 INFO  impl.RaftServerProxy (ConfUtils.java:logGet(43)) - raft.rpc.type = GRPC (default)
2019-07-13 12:36:46,400 INFO  grpc.GrpcFactory (GrpcFactory.java:checkPooledByteBufAllocatorUseCacheForAllThreads(45)) - PERFORMANCE WARNING: useCacheForAllThreads is true that may cause Netty to create a lot garbage objects and, as a result, trigger GC.
	It is recommended to disable useCacheForAllThreads by setting -Dorg.apache.ratis.thirdparty.io.netty.allocator.useCacheForAllThreads=false in command line.
2019-07-13 12:36:46,401 INFO  grpc.GrpcConfigKeys$Server (ConfUtils.java:logGet(43)) - raft.grpc.server.port = 0 (default)
2019-07-13 12:36:46,401 INFO  server.GrpcService (ConfUtils.java:logGet(43)) - raft.grpc.message.size.max = 33570816 (custom)
2019-07-13 12:36:46,401 INFO  server.RaftServerConfigKeys (ConfUtils.java:logGet(43)) - raft.server.log.appender.buffer.byte-limit = 33554432 (custom)
2019-07-13 12:36:46,401 INFO  server.GrpcService (ConfUtils.java:logGet(43)) - raft.grpc.flow.control.window = 1MB (=1048576) (default)
2019-07-13 12:36:46,401 INFO  server.RaftServerConfigKeys (ConfUtils.java:logGet(43)) - raft.server.rpc.request.timeout = 3000ms (default)
2019-07-13 12:36:46,402 INFO  server.RaftServerConfigKeys (ConfUtils.java:logGet(43)) - raft.server.storage.dir = [/tmp/workdir/hadoop-ozone/integration-test/target/test-dir/MiniOzoneClusterImpl-b41edfef-7459-4e50-8f59-8d8a035a1c36/datanode-6/data/ratis] (custom)
2019-07-13 12:36:46,402 INFO  replication.SimpleContainerDownloader (SimpleContainerDownloader.java:<init>(72)) - Starting container downloader service to copy containers to replicate.
2019-07-13 12:36:46,403 INFO  hdfs.DFSUtil (DFSUtil.java:httpServerTemplateForNNAndJN(1641)) - Starting Web-server for hddsDatanode at: http://0.0.0.0:0
2019-07-13 12:36:46,404 INFO  server.AuthenticationFilter (AuthenticationFilter.java:constructSecretProvider(240)) - Unable to initialize FileSignerSecretProvider, falling back to use random secrets.
2019-07-13 12:36:46,405 WARN  http.HttpRequestLog (HttpRequestLog.java:getRequestLog(97)) - Jetty request log can only be enabled using Log4j
2019-07-13 12:36:46,406 INFO  http.HttpServer2 (HttpServer2.java:addGlobalFilter(975)) - Added global filter 'safety' (class=org.apache.hadoop.http.HttpServer2$QuotingInputFilter)
2019-07-13 12:36:46,406 INFO  http.HttpServer2 (HttpServer2.java:addFilter(948)) - Added filter static_user_filter (class=org.apache.hadoop.http.lib.StaticUserWebFilter$StaticUserFilter) to context hddsDatanode
2019-07-13 12:36:46,406 INFO  http.HttpServer2 (HttpServer2.java:addFilter(958)) - Added filter static_user_filter (class=org.apache.hadoop.http.lib.StaticUserWebFilter$StaticUserFilter) to context static
2019-07-13 12:36:46,407 INFO  http.HttpServer2 (HttpServer2.java:addFilter(958)) - Added filter static_user_filter (class=org.apache.hadoop.http.lib.StaticUserWebFilter$StaticUserFilter) to context logs
2019-07-13 12:36:46,407 INFO  http.HttpServer2 (HttpServer2.java:bindListener(1191)) - Jetty bound to port 33370
2019-07-13 12:36:46,407 INFO  server.Server (Server.java:doStart(351)) - jetty-9.3.24.v20180605, build timestamp: 2018-06-05T17:11:56Z, git hash: 84205aa28f11a4f31f2a3b86d1bba2cc8ab69827
2019-07-13 12:36:46,409 INFO  handler.ContextHandler (ContextHandler.java:doStart(781)) - Started o.e.j.s.ServletContextHandler@2202e978{/logs,file:///tmp/workdir/hadoop-ozone/integration-test/target/log,AVAILABLE}
2019-07-13 12:36:46,409 INFO  handler.ContextHandler (ContextHandler.java:doStart(781)) - Started o.e.j.s.ServletContextHandler@6eacf3be{/static,jar:file:/home/user/.m2/repository/org/apache/hadoop/hadoop-hdds-container-service/0.5.0-SNAPSHOT/hadoop-hdds-container-service-0.5.0-SNAPSHOT.jar!/webapps/static,AVAILABLE}
2019-07-13 12:36:46,435 INFO  handler.ContextHandler (ContextHandler.java:doStart(781)) - Started o.e.j.w.WebAppContext@53d3d604{/,file:///tmp/jetty-0.0.0.0-33370-hddsDatanode-_-any-5039357614606589262.dir/webapp/,AVAILABLE}{/hddsDatanode}
2019-07-13 12:36:46,435 INFO  server.AbstractConnector (AbstractConnector.java:doStart(278)) - Started ServerConnector@44eda25b{HTTP/1.1,[http/1.1]}{0.0.0.0:33370}
2019-07-13 12:36:46,435 INFO  server.Server (Server.java:doStart(419)) - Started @596989ms
2019-07-13 12:36:46,442 INFO  server.BaseHttpServer (BaseHttpServer.java:updateConnectorAddress(207)) - HTTP server of HDDSDATANODE is listening at http://0.0.0.0:33370
2019-07-13 12:36:46,540 INFO  ozone.HddsDatanodeService (HddsDatanodeService.java:startPlugins(396)) - Started plug-in org.apache.hadoop.ozone.web.OzoneHddsDatanodeService@5854e526
2019-07-13 12:36:46,540 INFO  ozone.MiniOzoneClusterImpl (MiniOzoneClusterImpl.java:lambda$waitForClusterToBeReady$0(142)) - Waiting for cluster to be ready. Got 0 of 7 DN Heartbeats.
2019-07-13 12:36:46,541 INFO  util.JvmPauseMonitor (JvmPauseMonitor.java:run(188)) - Starting JVM pause monitor
2019-07-13 12:36:46,543 INFO  datanode.InitDatanodeState (InitDatanodeState.java:persistContainerDatanodeDetails(140)) - DatanodeDetails is persisted to /tmp/workdir/hadoop-ozone/integration-test/target/test-dir/MiniOzoneClusterImpl-b41edfef-7459-4e50-8f59-8d8a035a1c36/datanode-6/meta/datanode.id
2019-07-13 12:36:47,312 INFO  ozoneimpl.OzoneContainer (OzoneContainer.java:start(186)) - Attempting to start container services.
2019-07-13 12:36:47,313 INFO  ozoneimpl.OzoneContainer (OzoneContainer.java:startContainerScrub(160)) - Background container scrubber has been disabled by hdds.containerscrub.enabled
2019-07-13 12:36:47,313 INFO  ratis.XceiverServerRatis (XceiverServerRatis.java:start(418)) - Starting XceiverServerRatis 97ce1602-be71-4478-bd18-ce4b1b6fb469 at port 0
2019-07-13 12:36:47,321 INFO  impl.RaftServerProxy (RaftServerProxy.java:lambda$start$3(299)) - 97ce1602-be71-4478-bd18-ce4b1b6fb469: start RPC server
2019-07-13 12:36:47,322 INFO  server.GrpcService (GrpcService.java:startImpl(149)) - 97ce1602-be71-4478-bd18-ce4b1b6fb469: GrpcService started, listening on 0.0.0.0/0.0.0.0:40878
2019-07-13 12:36:47,322 INFO  ratis.XceiverServerRatis (XceiverServerRatis.java:start(428)) - XceiverServerRatis 97ce1602-be71-4478-bd18-ce4b1b6fb469 is started using port 40878
2019-07-13 12:36:47,323 INFO  server.XceiverServerGrpc (XceiverServerGrpc.java:start(161)) - XceiverServerGrpc 97ce1602-be71-4478-bd18-ce4b1b6fb469 is started using port 44822
2019-07-13 12:36:47,513 INFO  ozoneimpl.OzoneContainer (OzoneContainer.java:start(186)) - Attempting to start container services.
2019-07-13 12:36:47,513 INFO  ozoneimpl.OzoneContainer (OzoneContainer.java:startContainerScrub(160)) - Background container scrubber has been disabled by hdds.containerscrub.enabled
2019-07-13 12:36:47,513 INFO  ratis.XceiverServerRatis (XceiverServerRatis.java:start(418)) - Starting XceiverServerRatis 1eae791d-00b9-4b23-a53d-57824a339a46 at port 0
2019-07-13 12:36:47,522 INFO  impl.RaftServerProxy (RaftServerProxy.java:lambda$start$3(299)) - 1eae791d-00b9-4b23-a53d-57824a339a46: start RPC server
2019-07-13 12:36:47,524 INFO  server.GrpcService (GrpcService.java:startImpl(149)) - 1eae791d-00b9-4b23-a53d-57824a339a46: GrpcService started, listening on 0.0.0.0/0.0.0.0:44453
2019-07-13 12:36:47,524 INFO  ratis.XceiverServerRatis (XceiverServerRatis.java:start(428)) - XceiverServerRatis 1eae791d-00b9-4b23-a53d-57824a339a46 is started using port 44453
2019-07-13 12:36:47,525 INFO  server.XceiverServerGrpc (XceiverServerGrpc.java:start(161)) - XceiverServerGrpc 1eae791d-00b9-4b23-a53d-57824a339a46 is started using port 39116
2019-07-13 12:36:47,540 INFO  ozone.MiniOzoneClusterImpl (MiniOzoneClusterImpl.java:lambda$waitForClusterToBeReady$0(142)) - Waiting for cluster to be ready. Got 0 of 7 DN Heartbeats.
2019-07-13 12:36:47,863 INFO  ozoneimpl.OzoneContainer (OzoneContainer.java:start(186)) - Attempting to start container services.
2019-07-13 12:36:47,863 INFO  ozoneimpl.OzoneContainer (OzoneContainer.java:startContainerScrub(160)) - Background container scrubber has been disabled by hdds.containerscrub.enabled
2019-07-13 12:36:47,863 INFO  ratis.XceiverServerRatis (XceiverServerRatis.java:start(418)) - Starting XceiverServerRatis 77b5a38c-2a07-4201-bb4e-3546de442856 at port 0
2019-07-13 12:36:47,872 INFO  impl.RaftServerProxy (RaftServerProxy.java:lambda$start$3(299)) - 77b5a38c-2a07-4201-bb4e-3546de442856: start RPC server
2019-07-13 12:36:47,872 INFO  server.GrpcService (GrpcService.java:startImpl(149)) - 77b5a38c-2a07-4201-bb4e-3546de442856: GrpcService started, listening on 0.0.0.0/0.0.0.0:33406
2019-07-13 12:36:47,872 INFO  ratis.XceiverServerRatis (XceiverServerRatis.java:start(428)) - XceiverServerRatis 77b5a38c-2a07-4201-bb4e-3546de442856 is started using port 33406
2019-07-13 12:36:47,873 INFO  server.XceiverServerGrpc (XceiverServerGrpc.java:start(161)) - XceiverServerGrpc 77b5a38c-2a07-4201-bb4e-3546de442856 is started using port 41977
2019-07-13 12:36:48,066 INFO  ozoneimpl.OzoneContainer (OzoneContainer.java:start(186)) - Attempting to start container services.
2019-07-13 12:36:48,066 INFO  ozoneimpl.OzoneContainer (OzoneContainer.java:startContainerScrub(160)) - Background container scrubber has been disabled by hdds.containerscrub.enabled
2019-07-13 12:36:48,066 INFO  ratis.XceiverServerRatis (XceiverServerRatis.java:start(418)) - Starting XceiverServerRatis b8bf55c5-4407-4161-aa27-26eba85de527 at port 0
2019-07-13 12:36:48,075 INFO  impl.RaftServerProxy (RaftServerProxy.java:lambda$start$3(299)) - b8bf55c5-4407-4161-aa27-26eba85de527: start RPC server
2019-07-13 12:36:48,075 INFO  server.GrpcService (GrpcService.java:startImpl(149)) - b8bf55c5-4407-4161-aa27-26eba85de527: GrpcService started, listening on 0.0.0.0/0.0.0.0:35639
2019-07-13 12:36:48,075 INFO  ratis.XceiverServerRatis (XceiverServerRatis.java:start(428)) - XceiverServerRatis b8bf55c5-4407-4161-aa27-26eba85de527 is started using port 35639
2019-07-13 12:36:48,076 INFO  server.XceiverServerGrpc (XceiverServerGrpc.java:start(161)) - XceiverServerGrpc b8bf55c5-4407-4161-aa27-26eba85de527 is started using port 42383
2019-07-13 12:36:48,218 INFO  ozoneimpl.OzoneContainer (OzoneContainer.java:start(186)) - Attempting to start container services.
2019-07-13 12:36:48,218 INFO  ozoneimpl.OzoneContainer (OzoneContainer.java:startContainerScrub(160)) - Background container scrubber has been disabled by hdds.containerscrub.enabled
2019-07-13 12:36:48,219 INFO  ratis.XceiverServerRatis (XceiverServerRatis.java:start(418)) - Starting XceiverServerRatis efe5b0e3-1541-4c39-80b2-381129ba02f8 at port 0
2019-07-13 12:36:48,226 INFO  impl.RaftServerProxy (RaftServerProxy.java:lambda$start$3(299)) - efe5b0e3-1541-4c39-80b2-381129ba02f8: start RPC server
2019-07-13 12:36:48,227 INFO  server.GrpcService (GrpcService.java:startImpl(149)) - efe5b0e3-1541-4c39-80b2-381129ba02f8: GrpcService started, listening on 0.0.0.0/0.0.0.0:36612
2019-07-13 12:36:48,227 INFO  ratis.XceiverServerRatis (XceiverServerRatis.java:start(428)) - XceiverServerRatis efe5b0e3-1541-4c39-80b2-381129ba02f8 is started using port 36612
2019-07-13 12:36:48,228 INFO  server.XceiverServerGrpc (XceiverServerGrpc.java:start(161)) - XceiverServerGrpc efe5b0e3-1541-4c39-80b2-381129ba02f8 is started using port 36323
2019-07-13 12:36:48,380 INFO  ozoneimpl.OzoneContainer (OzoneContainer.java:start(186)) - Attempting to start container services.
2019-07-13 12:36:48,381 INFO  ozoneimpl.OzoneContainer (OzoneContainer.java:startContainerScrub(160)) - Background container scrubber has been disabled by hdds.containerscrub.enabled
2019-07-13 12:36:48,381 INFO  ratis.XceiverServerRatis (XceiverServerRatis.java:start(418)) - Starting XceiverServerRatis 4b153f06-01de-4bce-8989-88eda3164a8a at port 0
2019-07-13 12:36:48,389 INFO  impl.RaftServerProxy (RaftServerProxy.java:lambda$start$3(299)) - 4b153f06-01de-4bce-8989-88eda3164a8a: start RPC server
2019-07-13 12:36:48,390 INFO  server.GrpcService (GrpcService.java:startImpl(149)) - 4b153f06-01de-4bce-8989-88eda3164a8a: GrpcService started, listening on 0.0.0.0/0.0.0.0:46764
2019-07-13 12:36:48,390 INFO  ratis.XceiverServerRatis (XceiverServerRatis.java:start(428)) - XceiverServerRatis 4b153f06-01de-4bce-8989-88eda3164a8a is started using port 46764
2019-07-13 12:36:48,390 INFO  server.XceiverServerGrpc (XceiverServerGrpc.java:start(161)) - XceiverServerGrpc 4b153f06-01de-4bce-8989-88eda3164a8a is started using port 45760
2019-07-13 12:36:48,541 INFO  ozone.MiniOzoneClusterImpl (MiniOzoneClusterImpl.java:lambda$waitForClusterToBeReady$0(142)) - Waiting for cluster to be ready. Got 0 of 7 DN Heartbeats.
2019-07-13 12:36:48,554 INFO  ozoneimpl.OzoneContainer (OzoneContainer.java:start(186)) - Attempting to start container services.
2019-07-13 12:36:48,554 INFO  ozoneimpl.OzoneContainer (OzoneContainer.java:startContainerScrub(160)) - Background container scrubber has been disabled by hdds.containerscrub.enabled
2019-07-13 12:36:48,554 INFO  ratis.XceiverServerRatis (XceiverServerRatis.java:start(418)) - Starting XceiverServerRatis f69627c6-055c-4988-97b2-f833f800635c at port 0
2019-07-13 12:36:48,562 INFO  impl.RaftServerProxy (RaftServerProxy.java:lambda$start$3(299)) - f69627c6-055c-4988-97b2-f833f800635c: start RPC server
2019-07-13 12:36:48,563 INFO  server.GrpcService (GrpcService.java:startImpl(149)) - f69627c6-055c-4988-97b2-f833f800635c: GrpcService started, listening on 0.0.0.0/0.0.0.0:44370
2019-07-13 12:36:48,563 INFO  ratis.XceiverServerRatis (XceiverServerRatis.java:start(428)) - XceiverServerRatis f69627c6-055c-4988-97b2-f833f800635c is started using port 44370
2019-07-13 12:36:48,573 INFO  server.XceiverServerGrpc (XceiverServerGrpc.java:start(161)) - XceiverServerGrpc f69627c6-055c-4988-97b2-f833f800635c is started using port 37403
2019-07-13 12:36:49,304 INFO  net.NetworkTopology (NetworkTopologyImpl.java:add(110)) - Added a new node: /default-rack/192.168.5.181
2019-07-13 12:36:49,307 INFO  node.SCMNodeManager (SCMNodeManager.java:register(269)) - Registered Data node : 97ce1602-be71-4478-bd18-ce4b1b6fb469{ip: 192.168.5.181, host: trunk-nightly-q2gwj-1111726333, networkLocation: /default-rack, certSerialId: null}
2019-07-13 12:36:49,308 INFO  safemode.SCMSafeModeManager (DataNodeSafeModeRule.java:process(71)) - SCM in safe mode. 1 DataNodes registered, 1 required.
2019-07-13 12:36:49,310 INFO  safemode.SCMSafeModeManager (SCMSafeModeManager.java:validateSafeModeExitRules(177)) - ScmSafeModeManager, all rules are successfully validated
2019-07-13 12:36:49,310 INFO  safemode.SCMSafeModeManager (SCMSafeModeManager.java:exitSafeMode(193)) - SCM exiting safe mode.
2019-07-13 12:36:49,338 INFO  impl.RaftServerProxy (RaftServerProxy.java:addNew(89)) - 97ce1602-be71-4478-bd18-ce4b1b6fb469: addNew group-1CF7397EB78D:[97ce1602-be71-4478-bd18-ce4b1b6fb469:192.168.5.181:40878] returns group-1CF7397EB78D:java.util.concurrent.CompletableFuture@3d9c193a[Not completed]
2019-07-13 12:36:49,340 INFO  impl.RaftServerImpl (RaftServerImpl.java:<init>(93)) - 97ce1602-be71-4478-bd18-ce4b1b6fb469: new RaftServerImpl for group-1CF7397EB78D:[97ce1602-be71-4478-bd18-ce4b1b6fb469:192.168.5.181:40878] with ContainerStateMachine:uninitialized
2019-07-13 12:36:49,340 INFO  server.RaftServerConfigKeys (ConfUtils.java:logGet(43)) - raft.server.rpc.timeout.min = 5s (custom)
2019-07-13 12:36:49,340 INFO  server.RaftServerConfigKeys (ConfUtils.java:logGet(43)) - raft.server.rpc.timeout.max = 5200ms (custom)
2019-07-13 12:36:49,340 INFO  server.RaftServerConfigKeys (ConfUtils.java:logGet(43)) - raft.server.rpcslowness.timeout = 120s (custom)
2019-07-13 12:36:49,340 INFO  server.RaftServerConfigKeys (ConfUtils.java:logGet(43)) - raft.server.sleep.deviation.threshold = 300 (default)
2019-07-13 12:36:49,340 INFO  server.RaftServerConfigKeys (ConfUtils.java:logGet(43)) - raft.server.log.appender.install.snapshot.enabled = false (custom)
2019-07-13 12:36:49,341 INFO  impl.RaftServerImpl (ServerState.java:<init>(105)) - 97ce1602-be71-4478-bd18-ce4b1b6fb469:group-1CF7397EB78D ConfigurationManager, init=-1: [97ce1602-be71-4478-bd18-ce4b1b6fb469:192.168.5.181:40878], old=null, confs=<EMPTY_MAP>
2019-07-13 12:36:49,341 INFO  server.RaftServerConfigKeys (ConfUtils.java:logGet(43)) - raft.server.storage.dir = [/tmp/workdir/hadoop-ozone/integration-test/target/test-dir/MiniOzoneClusterImpl-b41edfef-7459-4e50-8f59-8d8a035a1c36/datanode-0/data/ratis] (custom)
2019-07-13 12:36:49,342 INFO  storage.RaftStorageDirectory (RaftStorageDirectory.java:analyzeStorage(246)) - The storage directory /tmp/workdir/hadoop-ozone/integration-test/target/test-dir/MiniOzoneClusterImpl-b41edfef-7459-4e50-8f59-8d8a035a1c36/datanode-0/data/ratis/d74407ab-c470-4afe-a40c-1cf7397eb78d does not exist. Creating ...
2019-07-13 12:36:49,346 INFO  storage.RaftStorageDirectory (RaftStorageDirectory.java:tryLock(328)) - Lock on /tmp/workdir/hadoop-ozone/integration-test/target/test-dir/MiniOzoneClusterImpl-b41edfef-7459-4e50-8f59-8d8a035a1c36/datanode-0/data/ratis/d74407ab-c470-4afe-a40c-1cf7397eb78d/in_use.lock acquired by nodename 32027@trunk-nightly-q2gwj-1111726333
2019-07-13 12:36:49,349 INFO  storage.RaftStorage (RaftStorage.java:format(72)) - Storage directory /tmp/workdir/hadoop-ozone/integration-test/target/test-dir/MiniOzoneClusterImpl-b41edfef-7459-4e50-8f59-8d8a035a1c36/datanode-0/data/ratis/d74407ab-c470-4afe-a40c-1cf7397eb78d has been successfully formatted.
2019-07-13 12:36:49,350 INFO  ratis.ContainerStateMachine (ContainerStateMachine.java:loadSnapshot(200)) - The snapshot info is null.Setting the last applied index to:(t:0, i:~)
2019-07-13 12:36:49,350 INFO  server.RaftServerConfigKeys (ConfUtils.java:logGet(43)) - raft.server.leader.election.timeout = 120s (custom)
2019-07-13 12:36:49,350 INFO  server.RaftServerConfigKeys (ConfUtils.java:logGet(43)) - raft.server.log.use.memory = false (default)
2019-07-13 12:36:49,350 INFO  server.RaftServerConfigKeys (ConfUtils.java:logGet(43)) - raft.server.log.purge.gap = 1000000000 (custom)
2019-07-13 12:36:49,350 INFO  server.RaftServerConfigKeys (ConfUtils.java:logGet(43)) - raft.server.log.appender.buffer.byte-limit = 33554432 (custom)
2019-07-13 12:36:49,351 INFO  server.RaftServerConfigKeys (ConfUtils.java:logGet(43)) - raft.server.log.segment.size.max = 1048576 (custom)
2019-07-13 12:36:49,351 INFO  server.RaftServerConfigKeys (ConfUtils.java:logGet(43)) - raft.server.log.segment.cache.num.max = 2 (custom)
2019-07-13 12:36:49,351 INFO  segmented.SegmentedRaftLogWorker (SegmentedRaftLogWorker.java:<init>(172)) - new 97ce1602-be71-4478-bd18-ce4b1b6fb469-SegmentedRaftLogWorker:Storage Directory /tmp/workdir/hadoop-ozone/integration-test/target/test-dir/MiniOzoneClusterImpl-b41edfef-7459-4e50-8f59-8d8a035a1c36/datanode-0/data/ratis/d74407ab-c470-4afe-a40c-1cf7397eb78d for RaftStorage:Storage Directory /tmp/workdir/hadoop-ozone/integration-test/target/test-dir/MiniOzoneClusterImpl-b41edfef-7459-4e50-8f59-8d8a035a1c36/datanode-0/data/ratis/d74407ab-c470-4afe-a40c-1cf7397eb78d
2019-07-13 12:36:49,351 INFO  server.RaftServerConfigKeys (ConfUtils.java:logGet(43)) - raft.server.log.queue.byte-limit = 2147483647 (custom)
2019-07-13 12:36:49,351 INFO  server.RaftServerConfigKeys (ConfUtils.java:logGet(43)) - raft.server.log.queue.element-limit = 1024 (custom)
2019-07-13 12:36:49,352 INFO  server.RaftServerConfigKeys (ConfUtils.java:logGet(43)) - raft.server.log.segment.size.max = 1048576 (custom)
2019-07-13 12:36:49,352 INFO  server.RaftServerConfigKeys (ConfUtils.java:logGet(43)) - raft.server.log.preallocated.size = 16384 (custom)
2019-07-13 12:36:49,352 INFO  server.RaftServerConfigKeys (ConfUtils.java:logGet(43)) - raft.server.log.write.buffer.size = 33554432 (custom)
2019-07-13 12:36:49,352 INFO  server.RaftServerConfigKeys (ConfUtils.java:logGet(43)) - raft.server.log.force.sync.num = 128 (default)
2019-07-13 12:36:49,352 INFO  server.RaftServerConfigKeys (ConfUtils.java:logGet(43)) - raft.server.log.statemachine.data.sync = true (default)
2019-07-13 12:36:49,353 INFO  server.RaftServerConfigKeys (ConfUtils.java:logGet(43)) - raft.server.log.statemachine.data.sync.timeout = 10s (default)
2019-07-13 12:36:49,353 INFO  server.RaftServerConfigKeys (ConfUtils.java:logGet(43)) - raft.server.log.statemachine.data.sync.timeout.retry = -1 (default)
2019-07-13 12:36:49,353 INFO  server.RaftServerConfigKeys (ConfUtils.java:logGet(43)) - raft.server.log.statemachine.data.caching.enabled = true (custom)
2019-07-13 12:36:49,353 INFO  segmented.SegmentedRaftLogWorker (SegmentedRaftLogWorker.java:lambda$new$0(132)) - 97ce1602-be71-4478-bd18-ce4b1b6fb469-SegmentedRaftLogWorker:Storage Directory /tmp/workdir/hadoop-ozone/integration-test/target/test-dir/MiniOzoneClusterImpl-b41edfef-7459-4e50-8f59-8d8a035a1c36/datanode-0/data/ratis/d74407ab-c470-4afe-a40c-1cf7397eb78d: flushIndex: setUnconditionally 0 -> -1
2019-07-13 12:36:49,354 INFO  server.RaftServerConfigKeys (ConfUtils.java:logGet(43)) - raft.server.snapshot.auto.trigger.enabled = true (custom)
2019-07-13 12:36:49,354 INFO  server.RaftServerConfigKeys (ConfUtils.java:logGet(43)) - raft.server.snapshot.auto.trigger.threshold = 10000 (custom)
2019-07-13 12:36:49,354 INFO  server.RaftServerConfigKeys (ConfUtils.java:logGet(43)) - raft.server.retrycache.expirytime = 600000ms (custom)
2019-07-13 12:36:49,355 INFO  impl.RaftServerImpl (RaftServerImpl.java:start(180)) - 97ce1602-be71-4478-bd18-ce4b1b6fb469: start group-1CF7397EB78D
2019-07-13 12:36:49,355 INFO  impl.RaftServerImpl (RaftServerImpl.java:setRole(171)) - 97ce1602-be71-4478-bd18-ce4b1b6fb469:group-1CF7397EB78D changes role from null to FOLLOWER at term 0 for startAsFollower
2019-07-13 12:36:49,355 INFO  impl.RoleInfo (RoleInfo.java:updateAndGet(143)) - 97ce1602-be71-4478-bd18-ce4b1b6fb469: start FollowerState
2019-07-13 12:36:49,356 INFO  util.JmxRegister (JmxRegister.java:tryRegister(44)) - Successfully registered JMX Bean with object name Ratis:service=RaftServer,group=group-1CF7397EB78D,id=97ce1602-be71-4478-bd18-ce4b1b6fb469
2019-07-13 12:36:49,362 INFO  pipeline.PipelineStateManager (PipelineStateManager.java:addPipeline(56)) - Created pipeline Pipeline[ Id: d74407ab-c470-4afe-a40c-1cf7397eb78d, Nodes: 97ce1602-be71-4478-bd18-ce4b1b6fb469{ip: 192.168.5.181, host: trunk-nightly-q2gwj-1111726333, networkLocation: /default-rack, certSerialId: null}, Type:RATIS, Factor:ONE, State:OPEN]
2019-07-13 12:36:49,498 INFO  node.SCMNodeManager (SCMNodeManager.java:register(269)) - Registered Data node : 1eae791d-00b9-4b23-a53d-57824a339a46{ip: 192.168.5.181, host: trunk-nightly-q2gwj-1111726333, networkLocation: /default-rack, certSerialId: null}
2019-07-13 12:36:49,508 INFO  impl.RaftServerProxy (RaftServerProxy.java:addNew(89)) - 1eae791d-00b9-4b23-a53d-57824a339a46: addNew group-715A668832A7:[1eae791d-00b9-4b23-a53d-57824a339a46:192.168.5.181:44453] returns group-715A668832A7:java.util.concurrent.CompletableFuture@1f54c609[Not completed]
2019-07-13 12:36:49,509 INFO  impl.RaftServerImpl (RaftServerImpl.java:<init>(93)) - 1eae791d-00b9-4b23-a53d-57824a339a46: new RaftServerImpl for group-715A668832A7:[1eae791d-00b9-4b23-a53d-57824a339a46:192.168.5.181:44453] with ContainerStateMachine:uninitialized
2019-07-13 12:36:49,509 INFO  server.RaftServerConfigKeys (ConfUtils.java:logGet(43)) - raft.server.rpc.timeout.min = 5s (custom)
2019-07-13 12:36:49,509 INFO  server.RaftServerConfigKeys (ConfUtils.java:logGet(43)) - raft.server.rpc.timeout.max = 5200ms (custom)
2019-07-13 12:36:49,509 INFO  server.RaftServerConfigKeys (ConfUtils.java:logGet(43)) - raft.server.rpcslowness.timeout = 120s (custom)
2019-07-13 12:36:49,509 INFO  server.RaftServerConfigKeys (ConfUtils.java:logGet(43)) - raft.server.sleep.deviation.threshold = 300 (default)
2019-07-13 12:36:49,509 INFO  server.RaftServerConfigKeys (ConfUtils.java:logGet(43)) - raft.server.log.appender.install.snapshot.enabled = false (custom)
2019-07-13 12:36:49,509 INFO  impl.RaftServerImpl (ServerState.java:<init>(105)) - 1eae791d-00b9-4b23-a53d-57824a339a46:group-715A668832A7 ConfigurationManager, init=-1: [1eae791d-00b9-4b23-a53d-57824a339a46:192.168.5.181:44453], old=null, confs=<EMPTY_MAP>
2019-07-13 12:36:49,510 INFO  server.RaftServerConfigKeys (ConfUtils.java:logGet(43)) - raft.server.storage.dir = [/tmp/workdir/hadoop-ozone/integration-test/target/test-dir/MiniOzoneClusterImpl-b41edfef-7459-4e50-8f59-8d8a035a1c36/datanode-1/data/ratis] (custom)
2019-07-13 12:36:49,510 INFO  storage.RaftStorageDirectory (RaftStorageDirectory.java:analyzeStorage(246)) - The storage directory /tmp/workdir/hadoop-ozone/integration-test/target/test-dir/MiniOzoneClusterImpl-b41edfef-7459-4e50-8f59-8d8a035a1c36/datanode-1/data/ratis/bf511203-ea85-467e-ba0c-715a668832a7 does not exist. Creating ...
2019-07-13 12:36:49,525 INFO  storage.RaftStorageDirectory (RaftStorageDirectory.java:tryLock(328)) - Lock on /tmp/workdir/hadoop-ozone/integration-test/target/test-dir/MiniOzoneClusterImpl-b41edfef-7459-4e50-8f59-8d8a035a1c36/datanode-1/data/ratis/bf511203-ea85-467e-ba0c-715a668832a7/in_use.lock acquired by nodename 32027@trunk-nightly-q2gwj-1111726333
2019-07-13 12:36:49,529 INFO  storage.RaftStorage (RaftStorage.java:format(72)) - Storage directory /tmp/workdir/hadoop-ozone/integration-test/target/test-dir/MiniOzoneClusterImpl-b41edfef-7459-4e50-8f59-8d8a035a1c36/datanode-1/data/ratis/bf511203-ea85-467e-ba0c-715a668832a7 has been successfully formatted.
2019-07-13 12:36:49,529 INFO  ratis.ContainerStateMachine (ContainerStateMachine.java:loadSnapshot(200)) - The snapshot info is null.Setting the last applied index to:(t:0, i:~)
2019-07-13 12:36:49,529 INFO  server.RaftServerConfigKeys (ConfUtils.java:logGet(43)) - raft.server.leader.election.timeout = 120s (custom)
2019-07-13 12:36:49,529 INFO  server.RaftServerConfigKeys (ConfUtils.java:logGet(43)) - raft.server.log.use.memory = false (default)
2019-07-13 12:36:49,530 INFO  server.RaftServerConfigKeys (ConfUtils.java:logGet(43)) - raft.server.log.purge.gap = 1000000000 (custom)
2019-07-13 12:36:49,530 INFO  server.RaftServerConfigKeys (ConfUtils.java:logGet(43)) - raft.server.log.appender.buffer.byte-limit = 33554432 (custom)
2019-07-13 12:36:49,530 INFO  server.RaftServerConfigKeys (ConfUtils.java:logGet(43)) - raft.server.log.segment.size.max = 1048576 (custom)
2019-07-13 12:36:49,530 INFO  server.RaftServerConfigKeys (ConfUtils.java:logGet(43)) - raft.server.log.segment.cache.num.max = 2 (custom)
2019-07-13 12:36:49,530 INFO  segmented.SegmentedRaftLogWorker (SegmentedRaftLogWorker.java:<init>(172)) - new 1eae791d-00b9-4b23-a53d-57824a339a46-SegmentedRaftLogWorker:Storage Directory /tmp/workdir/hadoop-ozone/integration-test/target/test-dir/MiniOzoneClusterImpl-b41edfef-7459-4e50-8f59-8d8a035a1c36/datanode-1/data/ratis/bf511203-ea85-467e-ba0c-715a668832a7 for RaftStorage:Storage Directory /tmp/workdir/hadoop-ozone/integration-test/target/test-dir/MiniOzoneClusterImpl-b41edfef-7459-4e50-8f59-8d8a035a1c36/datanode-1/data/ratis/bf511203-ea85-467e-ba0c-715a668832a7
2019-07-13 12:36:49,530 INFO  server.RaftServerConfigKeys (ConfUtils.java:logGet(43)) - raft.server.log.queue.byte-limit = 2147483647 (custom)
2019-07-13 12:36:49,530 INFO  server.RaftServerConfigKeys (ConfUtils.java:logGet(43)) - raft.server.log.queue.element-limit = 1024 (custom)
2019-07-13 12:36:49,531 INFO  server.RaftServerConfigKeys (ConfUtils.java:logGet(43)) - raft.server.log.segment.size.max = 1048576 (custom)
2019-07-13 12:36:49,531 INFO  server.RaftServerConfigKeys (ConfUtils.java:logGet(43)) - raft.server.log.preallocated.size = 16384 (custom)
2019-07-13 12:36:49,531 INFO  server.RaftServerConfigKeys (ConfUtils.java:logGet(43)) - raft.server.log.write.buffer.size = 33554432 (custom)
2019-07-13 12:36:49,531 INFO  server.RaftServerConfigKeys (ConfUtils.java:logGet(43)) - raft.server.log.force.sync.num = 128 (default)
2019-07-13 12:36:49,531 INFO  server.RaftServerConfigKeys (ConfUtils.java:logGet(43)) - raft.server.log.statemachine.data.sync = true (default)
2019-07-13 12:36:49,531 INFO  server.RaftServerConfigKeys (ConfUtils.java:logGet(43)) - raft.server.log.statemachine.data.sync.timeout = 10s (default)
2019-07-13 12:36:49,532 INFO  server.RaftServerConfigKeys (ConfUtils.java:logGet(43)) - raft.server.log.statemachine.data.sync.timeout.retry = -1 (default)
2019-07-13 12:36:49,532 INFO  server.RaftServerConfigKeys (ConfUtils.java:logGet(43)) - raft.server.log.statemachine.data.caching.enabled = true (custom)
2019-07-13 12:36:49,532 INFO  segmented.SegmentedRaftLogWorker (SegmentedRaftLogWorker.java:lambda$new$0(132)) - 1eae791d-00b9-4b23-a53d-57824a339a46-SegmentedRaftLogWorker:Storage Directory /tmp/workdir/hadoop-ozone/integration-test/target/test-dir/MiniOzoneClusterImpl-b41edfef-7459-4e50-8f59-8d8a035a1c36/datanode-1/data/ratis/bf511203-ea85-467e-ba0c-715a668832a7: flushIndex: setUnconditionally 0 -> -1
2019-07-13 12:36:49,532 INFO  server.RaftServerConfigKeys (ConfUtils.java:logGet(43)) - raft.server.snapshot.auto.trigger.enabled = true (custom)
2019-07-13 12:36:49,533 INFO  server.RaftServerConfigKeys (ConfUtils.java:logGet(43)) - raft.server.snapshot.auto.trigger.threshold = 10000 (custom)
2019-07-13 12:36:49,533 INFO  server.RaftServerConfigKeys (ConfUtils.java:logGet(43)) - raft.server.retrycache.expirytime = 600000ms (custom)
2019-07-13 12:36:49,533 INFO  impl.RaftServerImpl (RaftServerImpl.java:start(180)) - 1eae791d-00b9-4b23-a53d-57824a339a46: start group-715A668832A7
2019-07-13 12:36:49,533 INFO  impl.RaftServerImpl (RaftServerImpl.java:setRole(171)) - 1eae791d-00b9-4b23-a53d-57824a339a46:group-715A668832A7 changes role from null to FOLLOWER at term 0 for startAsFollower
2019-07-13 12:36:49,533 INFO  impl.RoleInfo (RoleInfo.java:updateAndGet(143)) - 1eae791d-00b9-4b23-a53d-57824a339a46: start FollowerState
2019-07-13 12:36:49,534 INFO  util.JmxRegister (JmxRegister.java:tryRegister(44)) - Successfully registered JMX Bean with object name Ratis:service=RaftServer,group=group-715A668832A7,id=1eae791d-00b9-4b23-a53d-57824a339a46
2019-07-13 12:36:49,538 INFO  pipeline.PipelineStateManager (PipelineStateManager.java:addPipeline(56)) - Created pipeline Pipeline[ Id: bf511203-ea85-467e-ba0c-715a668832a7, Nodes: 1eae791d-00b9-4b23-a53d-57824a339a46{ip: 192.168.5.181, host: trunk-nightly-q2gwj-1111726333, networkLocation: /default-rack, certSerialId: null}, Type:RATIS, Factor:ONE, State:OPEN]
2019-07-13 12:36:49,554 INFO  ozone.MiniOzoneClusterImpl (MiniOzoneClusterImpl.java:lambda$waitForClusterToBeReady$0(142)) - Waiting for cluster to be ready. Got 2 of 7 DN Heartbeats.
2019-07-13 12:36:49,858 INFO  node.SCMNodeManager (SCMNodeManager.java:register(269)) - Registered Data node : 77b5a38c-2a07-4201-bb4e-3546de442856{ip: 192.168.5.181, host: trunk-nightly-q2gwj-1111726333, networkLocation: /default-rack, certSerialId: null}
2019-07-13 12:36:49,869 INFO  impl.RaftServerProxy (RaftServerProxy.java:addNew(89)) - 77b5a38c-2a07-4201-bb4e-3546de442856: addNew group-6EE174C3C319:[77b5a38c-2a07-4201-bb4e-3546de442856:192.168.5.181:33406] returns group-6EE174C3C319:java.util.concurrent.CompletableFuture@6ac0d2d4[Not completed]
2019-07-13 12:36:49,870 INFO  impl.RaftServerImpl (RaftServerImpl.java:<init>(93)) - 77b5a38c-2a07-4201-bb4e-3546de442856: new RaftServerImpl for group-6EE174C3C319:[77b5a38c-2a07-4201-bb4e-3546de442856:192.168.5.181:33406] with ContainerStateMachine:uninitialized
2019-07-13 12:36:49,871 INFO  server.RaftServerConfigKeys (ConfUtils.java:logGet(43)) - raft.server.rpc.timeout.min = 5s (custom)
2019-07-13 12:36:49,871 INFO  server.RaftServerConfigKeys (ConfUtils.java:logGet(43)) - raft.server.rpc.timeout.max = 5200ms (custom)
2019-07-13 12:36:49,871 INFO  server.RaftServerConfigKeys (ConfUtils.java:logGet(43)) - raft.server.rpcslowness.timeout = 120s (custom)
2019-07-13 12:36:49,871 INFO  server.RaftServerConfigKeys (ConfUtils.java:logGet(43)) - raft.server.sleep.deviation.threshold = 300 (default)
2019-07-13 12:36:49,871 INFO  server.RaftServerConfigKeys (ConfUtils.java:logGet(43)) - raft.server.log.appender.install.snapshot.enabled = false (custom)
2019-07-13 12:36:49,871 INFO  impl.RaftServerImpl (ServerState.java:<init>(105)) - 77b5a38c-2a07-4201-bb4e-3546de442856:group-6EE174C3C319 ConfigurationManager, init=-1: [77b5a38c-2a07-4201-bb4e-3546de442856:192.168.5.181:33406], old=null, confs=<EMPTY_MAP>
2019-07-13 12:36:49,872 INFO  server.RaftServerConfigKeys (ConfUtils.java:logGet(43)) - raft.server.storage.dir = [/tmp/workdir/hadoop-ozone/integration-test/target/test-dir/MiniOzoneClusterImpl-b41edfef-7459-4e50-8f59-8d8a035a1c36/datanode-2/data/ratis] (custom)
2019-07-13 12:36:49,872 INFO  storage.RaftStorageDirectory (RaftStorageDirectory.java:analyzeStorage(246)) - The storage directory /tmp/workdir/hadoop-ozone/integration-test/target/test-dir/MiniOzoneClusterImpl-b41edfef-7459-4e50-8f59-8d8a035a1c36/datanode-2/data/ratis/a6198af0-9da0-459b-8583-6ee174c3c319 does not exist. Creating ...
2019-07-13 12:36:49,879 INFO  storage.RaftStorageDirectory (RaftStorageDirectory.java:tryLock(328)) - Lock on /tmp/workdir/hadoop-ozone/integration-test/target/test-dir/MiniOzoneClusterImpl-b41edfef-7459-4e50-8f59-8d8a035a1c36/datanode-2/data/ratis/a6198af0-9da0-459b-8583-6ee174c3c319/in_use.lock acquired by nodename 32027@trunk-nightly-q2gwj-1111726333
2019-07-13 12:36:49,882 INFO  storage.RaftStorage (RaftStorage.java:format(72)) - Storage directory /tmp/workdir/hadoop-ozone/integration-test/target/test-dir/MiniOzoneClusterImpl-b41edfef-7459-4e50-8f59-8d8a035a1c36/datanode-2/data/ratis/a6198af0-9da0-459b-8583-6ee174c3c319 has been successfully formatted.
2019-07-13 12:36:49,882 INFO  ratis.ContainerStateMachine (ContainerStateMachine.java:loadSnapshot(200)) - The snapshot info is null.Setting the last applied index to:(t:0, i:~)
2019-07-13 12:36:49,883 INFO  server.RaftServerConfigKeys (ConfUtils.java:logGet(43)) - raft.server.leader.election.timeout = 120s (custom)
2019-07-13 12:36:49,883 INFO  server.RaftServerConfigKeys (ConfUtils.java:logGet(43)) - raft.server.log.use.memory = false (default)
2019-07-13 12:36:49,883 INFO  server.RaftServerConfigKeys (ConfUtils.java:logGet(43)) - raft.server.log.purge.gap = 1000000000 (custom)
2019-07-13 12:36:49,883 INFO  server.RaftServerConfigKeys (ConfUtils.java:logGet(43)) - raft.server.log.appender.buffer.byte-limit = 33554432 (custom)
2019-07-13 12:36:49,883 INFO  server.RaftServerConfigKeys (ConfUtils.java:logGet(43)) - raft.server.log.segment.size.max = 1048576 (custom)
2019-07-13 12:36:49,883 INFO  server.RaftServerConfigKeys (ConfUtils.java:logGet(43)) - raft.server.log.segment.cache.num.max = 2 (custom)
2019-07-13 12:36:49,884 INFO  segmented.SegmentedRaftLogWorker (SegmentedRaftLogWorker.java:<init>(172)) - new 77b5a38c-2a07-4201-bb4e-3546de442856-SegmentedRaftLogWorker:Storage Directory /tmp/workdir/hadoop-ozone/integration-test/target/test-dir/MiniOzoneClusterImpl-b41edfef-7459-4e50-8f59-8d8a035a1c36/datanode-2/data/ratis/a6198af0-9da0-459b-8583-6ee174c3c319 for RaftStorage:Storage Directory /tmp/workdir/hadoop-ozone/integration-test/target/test-dir/MiniOzoneClusterImpl-b41edfef-7459-4e50-8f59-8d8a035a1c36/datanode-2/data/ratis/a6198af0-9da0-459b-8583-6ee174c3c319
2019-07-13 12:36:49,884 INFO  server.RaftServerConfigKeys (ConfUtils.java:logGet(43)) - raft.server.log.queue.byte-limit = 2147483647 (custom)
2019-07-13 12:36:49,884 INFO  server.RaftServerConfigKeys (ConfUtils.java:logGet(43)) - raft.server.log.queue.element-limit = 1024 (custom)
2019-07-13 12:36:49,884 INFO  server.RaftServerConfigKeys (ConfUtils.java:logGet(43)) - raft.server.log.segment.size.max = 1048576 (custom)
2019-07-13 12:36:49,884 INFO  server.RaftServerConfigKeys (ConfUtils.java:logGet(43)) - raft.server.log.preallocated.size = 16384 (custom)
2019-07-13 12:36:49,885 INFO  server.RaftServerConfigKeys (ConfUtils.java:logGet(43)) - raft.server.log.write.buffer.size = 33554432 (custom)
2019-07-13 12:36:49,885 INFO  server.RaftServerConfigKeys (ConfUtils.java:logGet(43)) - raft.server.log.force.sync.num = 128 (default)
2019-07-13 12:36:49,885 INFO  server.RaftServerConfigKeys (ConfUtils.java:logGet(43)) - raft.server.log.statemachine.data.sync = true (default)
2019-07-13 12:36:49,885 INFO  server.RaftServerConfigKeys (ConfUtils.java:logGet(43)) - raft.server.log.statemachine.data.sync.timeout = 10s (default)
2019-07-13 12:36:49,885 INFO  server.RaftServerConfigKeys (ConfUtils.java:logGet(43)) - raft.server.log.statemachine.data.sync.timeout.retry = -1 (default)
2019-07-13 12:36:49,886 INFO  server.RaftServerConfigKeys (ConfUtils.java:logGet(43)) - raft.server.log.statemachine.data.caching.enabled = true (custom)
2019-07-13 12:36:49,886 INFO  segmented.SegmentedRaftLogWorker (SegmentedRaftLogWorker.java:lambda$new$0(132)) - 77b5a38c-2a07-4201-bb4e-3546de442856-SegmentedRaftLogWorker:Storage Directory /tmp/workdir/hadoop-ozone/integration-test/target/test-dir/MiniOzoneClusterImpl-b41edfef-7459-4e50-8f59-8d8a035a1c36/datanode-2/data/ratis/a6198af0-9da0-459b-8583-6ee174c3c319: flushIndex: setUnconditionally 0 -> -1
2019-07-13 12:36:49,886 INFO  server.RaftServerConfigKeys (ConfUtils.java:logGet(43)) - raft.server.snapshot.auto.trigger.enabled = true (custom)
2019-07-13 12:36:49,886 INFO  server.RaftServerConfigKeys (ConfUtils.java:logGet(43)) - raft.server.snapshot.auto.trigger.threshold = 10000 (custom)
2019-07-13 12:36:49,887 INFO  server.RaftServerConfigKeys (ConfUtils.java:logGet(43)) - raft.server.retrycache.expirytime = 600000ms (custom)
2019-07-13 12:36:49,887 INFO  impl.RaftServerImpl (RaftServerImpl.java:start(180)) - 77b5a38c-2a07-4201-bb4e-3546de442856: start group-6EE174C3C319
2019-07-13 12:36:49,887 INFO  impl.RaftServerImpl (RaftServerImpl.java:setRole(171)) - 77b5a38c-2a07-4201-bb4e-3546de442856:group-6EE174C3C319 changes role from null to FOLLOWER at term 0 for startAsFollower
2019-07-13 12:36:49,887 INFO  impl.RoleInfo (RoleInfo.java:updateAndGet(143)) - 77b5a38c-2a07-4201-bb4e-3546de442856: start FollowerState
2019-07-13 12:36:49,888 INFO  util.JmxRegister (JmxRegister.java:tryRegister(44)) - Successfully registered JMX Bean with object name Ratis:service=RaftServer,group=group-6EE174C3C319,id=77b5a38c-2a07-4201-bb4e-3546de442856
2019-07-13 12:36:49,895 INFO  pipeline.PipelineStateManager (PipelineStateManager.java:addPipeline(56)) - Created pipeline Pipeline[ Id: a6198af0-9da0-459b-8583-6ee174c3c319, Nodes: 77b5a38c-2a07-4201-bb4e-3546de442856{ip: 192.168.5.181, host: trunk-nightly-q2gwj-1111726333, networkLocation: /default-rack, certSerialId: null}, Type:RATIS, Factor:ONE, State:OPEN]
2019-07-13 12:36:49,911 INFO  impl.RaftServerProxy (RaftServerProxy.java:addNew(89)) - 77b5a38c-2a07-4201-bb4e-3546de442856: addNew group-16338462593B:[1eae791d-00b9-4b23-a53d-57824a339a46:192.168.5.181:44453, 77b5a38c-2a07-4201-bb4e-3546de442856:192.168.5.181:33406, 97ce1602-be71-4478-bd18-ce4b1b6fb469:192.168.5.181:40878] returns group-16338462593B:java.util.concurrent.CompletableFuture@6d48d6ed[Not completed]
2019-07-13 12:36:49,911 INFO  impl.RaftServerProxy (RaftServerProxy.java:addNew(89)) - 97ce1602-be71-4478-bd18-ce4b1b6fb469: addNew group-16338462593B:[1eae791d-00b9-4b23-a53d-57824a339a46:192.168.5.181:44453, 77b5a38c-2a07-4201-bb4e-3546de442856:192.168.5.181:33406, 97ce1602-be71-4478-bd18-ce4b1b6fb469:192.168.5.181:40878] returns group-16338462593B:java.util.concurrent.CompletableFuture@73a9e2a1[Not completed]
2019-07-13 12:36:49,911 INFO  impl.RaftServerProxy (RaftServerProxy.java:addNew(89)) - 1eae791d-00b9-4b23-a53d-57824a339a46: addNew group-16338462593B:[1eae791d-00b9-4b23-a53d-57824a339a46:192.168.5.181:44453, 77b5a38c-2a07-4201-bb4e-3546de442856:192.168.5.181:33406, 97ce1602-be71-4478-bd18-ce4b1b6fb469:192.168.5.181:40878] returns group-16338462593B:java.util.concurrent.CompletableFuture@7e9d1ed8[Not completed]
2019-07-13 12:36:49,913 INFO  impl.RaftServerImpl (RaftServerImpl.java:<init>(93)) - 1eae791d-00b9-4b23-a53d-57824a339a46: new RaftServerImpl for group-16338462593B:[1eae791d-00b9-4b23-a53d-57824a339a46:192.168.5.181:44453, 77b5a38c-2a07-4201-bb4e-3546de442856:192.168.5.181:33406, 97ce1602-be71-4478-bd18-ce4b1b6fb469:192.168.5.181:40878] with ContainerStateMachine:uninitialized
2019-07-13 12:36:49,913 INFO  server.RaftServerConfigKeys (ConfUtils.java:logGet(43)) - raft.server.rpc.timeout.min = 5s (custom)
2019-07-13 12:36:49,913 INFO  server.RaftServerConfigKeys (ConfUtils.java:logGet(43)) - raft.server.rpc.timeout.max = 5200ms (custom)
2019-07-13 12:36:49,913 INFO  server.RaftServerConfigKeys (ConfUtils.java:logGet(43)) - raft.server.rpcslowness.timeout = 120s (custom)
2019-07-13 12:36:49,913 INFO  server.RaftServerConfigKeys (ConfUtils.java:logGet(43)) - raft.server.sleep.deviation.threshold = 300 (default)
2019-07-13 12:36:49,913 INFO  impl.RaftServerImpl (RaftServerImpl.java:<init>(93)) - 77b5a38c-2a07-4201-bb4e-3546de442856: new RaftServerImpl for group-16338462593B:[1eae791d-00b9-4b23-a53d-57824a339a46:192.168.5.181:44453, 77b5a38c-2a07-4201-bb4e-3546de442856:192.168.5.181:33406, 97ce1602-be71-4478-bd18-ce4b1b6fb469:192.168.5.181:40878] with ContainerStateMachine:uninitialized
2019-07-13 12:36:49,913 INFO  server.RaftServerConfigKeys (ConfUtils.java:logGet(43)) - raft.server.log.appender.install.snapshot.enabled = false (custom)
2019-07-13 12:36:49,913 INFO  server.RaftServerConfigKeys (ConfUtils.java:logGet(43)) - raft.server.rpc.timeout.min = 5s (custom)
2019-07-13 12:36:49,914 INFO  impl.RaftServerImpl (ServerState.java:<init>(105)) - 1eae791d-00b9-4b23-a53d-57824a339a46:group-16338462593B ConfigurationManager, init=-1: [1eae791d-00b9-4b23-a53d-57824a339a46:192.168.5.181:44453, 77b5a38c-2a07-4201-bb4e-3546de442856:192.168.5.181:33406, 97ce1602-be71-4478-bd18-ce4b1b6fb469:192.168.5.181:40878], old=null, confs=<EMPTY_MAP>
2019-07-13 12:36:49,914 INFO  impl.RaftServerImpl (RaftServerImpl.java:<init>(93)) - 97ce1602-be71-4478-bd18-ce4b1b6fb469: new RaftServerImpl for group-16338462593B:[1eae791d-00b9-4b23-a53d-57824a339a46:192.168.5.181:44453, 77b5a38c-2a07-4201-bb4e-3546de442856:192.168.5.181:33406, 97ce1602-be71-4478-bd18-ce4b1b6fb469:192.168.5.181:40878] with ContainerStateMachine:uninitialized
2019-07-13 12:36:49,914 INFO  server.RaftServerConfigKeys (ConfUtils.java:logGet(43)) - raft.server.rpc.timeout.max = 5200ms (custom)
2019-07-13 12:36:49,914 INFO  server.RaftServerConfigKeys (ConfUtils.java:logGet(43)) - raft.server.rpc.timeout.min = 5s (custom)
2019-07-13 12:36:49,914 INFO  server.RaftServerConfigKeys (ConfUtils.java:logGet(43)) - raft.server.storage.dir = [/tmp/workdir/hadoop-ozone/integration-test/target/test-dir/MiniOzoneClusterImpl-b41edfef-7459-4e50-8f59-8d8a035a1c36/datanode-1/data/ratis] (custom)
2019-07-13 12:36:49,914 INFO  server.RaftServerConfigKeys (ConfUtils.java:logGet(43)) - raft.server.rpc.timeout.max = 5200ms (custom)
2019-07-13 12:36:49,914 INFO  server.RaftServerConfigKeys (ConfUtils.java:logGet(43)) - raft.server.rpcslowness.timeout = 120s (custom)
2019-07-13 12:36:49,915 INFO  storage.RaftStorageDirectory (RaftStorageDirectory.java:analyzeStorage(246)) - The storage directory /tmp/workdir/hadoop-ozone/integration-test/target/test-dir/MiniOzoneClusterImpl-b41edfef-7459-4e50-8f59-8d8a035a1c36/datanode-1/data/ratis/4c09cb10-d6ea-45f0-b30c-16338462593b does not exist. Creating ...
2019-07-13 12:36:49,915 INFO  server.RaftServerConfigKeys (ConfUtils.java:logGet(43)) - raft.server.rpcslowness.timeout = 120s (custom)
2019-07-13 12:36:49,915 INFO  server.RaftServerConfigKeys (ConfUtils.java:logGet(43)) - raft.server.sleep.deviation.threshold = 300 (default)
2019-07-13 12:36:49,915 INFO  server.RaftServerConfigKeys (ConfUtils.java:logGet(43)) - raft.server.sleep.deviation.threshold = 300 (default)
2019-07-13 12:36:49,915 INFO  server.RaftServerConfigKeys (ConfUtils.java:logGet(43)) - raft.server.log.appender.install.snapshot.enabled = false (custom)
2019-07-13 12:36:49,916 INFO  server.RaftServerConfigKeys (ConfUtils.java:logGet(43)) - raft.server.log.appender.install.snapshot.enabled = false (custom)
2019-07-13 12:36:49,916 INFO  impl.RaftServerImpl (ServerState.java:<init>(105)) - 77b5a38c-2a07-4201-bb4e-3546de442856:group-16338462593B ConfigurationManager, init=-1: [1eae791d-00b9-4b23-a53d-57824a339a46:192.168.5.181:44453, 77b5a38c-2a07-4201-bb4e-3546de442856:192.168.5.181:33406, 97ce1602-be71-4478-bd18-ce4b1b6fb469:192.168.5.181:40878], old=null, confs=<EMPTY_MAP>
2019-07-13 12:36:49,916 INFO  impl.RaftServerImpl (ServerState.java:<init>(105)) - 97ce1602-be71-4478-bd18-ce4b1b6fb469:group-16338462593B ConfigurationManager, init=-1: [1eae791d-00b9-4b23-a53d-57824a339a46:192.168.5.181:44453, 77b5a38c-2a07-4201-bb4e-3546de442856:192.168.5.181:33406, 97ce1602-be71-4478-bd18-ce4b1b6fb469:192.168.5.181:40878], old=null, confs=<EMPTY_MAP>
2019-07-13 12:36:49,916 INFO  server.RaftServerConfigKeys (ConfUtils.java:logGet(43)) - raft.server.storage.dir = [/tmp/workdir/hadoop-ozone/integration-test/target/test-dir/MiniOzoneClusterImpl-b41edfef-7459-4e50-8f59-8d8a035a1c36/datanode-2/data/ratis] (custom)
2019-07-13 12:36:49,916 INFO  server.RaftServerConfigKeys (ConfUtils.java:logGet(43)) - raft.server.storage.dir = [/tmp/workdir/hadoop-ozone/integration-test/target/test-dir/MiniOzoneClusterImpl-b41edfef-7459-4e50-8f59-8d8a035a1c36/datanode-0/data/ratis] (custom)
2019-07-13 12:36:49,917 INFO  storage.RaftStorageDirectory (RaftStorageDirectory.java:analyzeStorage(246)) - The storage directory /tmp/workdir/hadoop-ozone/integration-test/target/test-dir/MiniOzoneClusterImpl-b41edfef-7459-4e50-8f59-8d8a035a1c36/datanode-2/data/ratis/4c09cb10-d6ea-45f0-b30c-16338462593b does not exist. Creating ...
2019-07-13 12:36:49,917 INFO  storage.RaftStorageDirectory (RaftStorageDirectory.java:analyzeStorage(246)) - The storage directory /tmp/workdir/hadoop-ozone/integration-test/target/test-dir/MiniOzoneClusterImpl-b41edfef-7459-4e50-8f59-8d8a035a1c36/datanode-0/data/ratis/4c09cb10-d6ea-45f0-b30c-16338462593b does not exist. Creating ...
2019-07-13 12:36:49,929 INFO  storage.RaftStorageDirectory (RaftStorageDirectory.java:tryLock(328)) - Lock on /tmp/workdir/hadoop-ozone/integration-test/target/test-dir/MiniOzoneClusterImpl-b41edfef-7459-4e50-8f59-8d8a035a1c36/datanode-1/data/ratis/4c09cb10-d6ea-45f0-b30c-16338462593b/in_use.lock acquired by nodename 32027@trunk-nightly-q2gwj-1111726333
2019-07-13 12:36:49,929 INFO  storage.RaftStorageDirectory (RaftStorageDirectory.java:tryLock(328)) - Lock on /tmp/workdir/hadoop-ozone/integration-test/target/test-dir/MiniOzoneClusterImpl-b41edfef-7459-4e50-8f59-8d8a035a1c36/datanode-0/data/ratis/4c09cb10-d6ea-45f0-b30c-16338462593b/in_use.lock acquired by nodename 32027@trunk-nightly-q2gwj-1111726333
2019-07-13 12:36:49,929 INFO  storage.RaftStorageDirectory (RaftStorageDirectory.java:tryLock(328)) - Lock on /tmp/workdir/hadoop-ozone/integration-test/target/test-dir/MiniOzoneClusterImpl-b41edfef-7459-4e50-8f59-8d8a035a1c36/datanode-2/data/ratis/4c09cb10-d6ea-45f0-b30c-16338462593b/in_use.lock acquired by nodename 32027@trunk-nightly-q2gwj-1111726333
2019-07-13 12:36:49,933 INFO  storage.RaftStorage (RaftStorage.java:format(72)) - Storage directory /tmp/workdir/hadoop-ozone/integration-test/target/test-dir/MiniOzoneClusterImpl-b41edfef-7459-4e50-8f59-8d8a035a1c36/datanode-1/data/ratis/4c09cb10-d6ea-45f0-b30c-16338462593b has been successfully formatted.
2019-07-13 12:36:49,933 INFO  storage.RaftStorage (RaftStorage.java:format(72)) - Storage directory /tmp/workdir/hadoop-ozone/integration-test/target/test-dir/MiniOzoneClusterImpl-b41edfef-7459-4e50-8f59-8d8a035a1c36/datanode-0/data/ratis/4c09cb10-d6ea-45f0-b30c-16338462593b has been successfully formatted.
2019-07-13 12:36:49,933 INFO  storage.RaftStorage (RaftStorage.java:format(72)) - Storage directory /tmp/workdir/hadoop-ozone/integration-test/target/test-dir/MiniOzoneClusterImpl-b41edfef-7459-4e50-8f59-8d8a035a1c36/datanode-2/data/ratis/4c09cb10-d6ea-45f0-b30c-16338462593b has been successfully formatted.
2019-07-13 12:36:49,934 INFO  ratis.ContainerStateMachine (ContainerStateMachine.java:loadSnapshot(200)) - The snapshot info is null.Setting the last applied index to:(t:0, i:~)
2019-07-13 12:36:49,934 INFO  ratis.ContainerStateMachine (ContainerStateMachine.java:loadSnapshot(200)) - The snapshot info is null.Setting the last applied index to:(t:0, i:~)
2019-07-13 12:36:49,934 INFO  server.RaftServerConfigKeys (ConfUtils.java:logGet(43)) - raft.server.leader.election.timeout = 120s (custom)
2019-07-13 12:36:49,934 INFO  ratis.ContainerStateMachine (ContainerStateMachine.java:loadSnapshot(200)) - The snapshot info is null.Setting the last applied index to:(t:0, i:~)
2019-07-13 12:36:49,934 INFO  server.RaftServerConfigKeys (ConfUtils.java:logGet(43)) - raft.server.log.use.memory = false (default)
2019-07-13 12:36:49,934 INFO  server.RaftServerConfigKeys (ConfUtils.java:logGet(43)) - raft.server.leader.election.timeout = 120s (custom)
2019-07-13 12:36:49,935 INFO  server.RaftServerConfigKeys (ConfUtils.java:logGet(43)) - raft.server.log.purge.gap = 1000000000 (custom)
2019-07-13 12:36:49,935 INFO  server.RaftServerConfigKeys (ConfUtils.java:logGet(43)) - raft.server.log.appender.buffer.byte-limit = 33554432 (custom)
2019-07-13 12:36:49,935 INFO  server.RaftServerConfigKeys (ConfUtils.java:logGet(43)) - raft.server.leader.election.timeout = 120s (custom)
2019-07-13 12:36:49,935 INFO  server.RaftServerConfigKeys (ConfUtils.java:logGet(43)) - raft.server.log.segment.size.max = 1048576 (custom)
2019-07-13 12:36:49,935 INFO  server.RaftServerConfigKeys (ConfUtils.java:logGet(43)) - raft.server.log.use.memory = false (default)
2019-07-13 12:36:49,935 INFO  server.RaftServerConfigKeys (ConfUtils.java:logGet(43)) - raft.server.log.segment.cache.num.max = 2 (custom)
2019-07-13 12:36:49,935 INFO  server.RaftServerConfigKeys (ConfUtils.java:logGet(43)) - raft.server.log.use.memory = false (default)
2019-07-13 12:36:49,936 INFO  segmented.SegmentedRaftLogWorker (SegmentedRaftLogWorker.java:<init>(172)) - new 97ce1602-be71-4478-bd18-ce4b1b6fb469-SegmentedRaftLogWorker:Storage Directory /tmp/workdir/hadoop-ozone/integration-test/target/test-dir/MiniOzoneClusterImpl-b41edfef-7459-4e50-8f59-8d8a035a1c36/datanode-0/data/ratis/4c09cb10-d6ea-45f0-b30c-16338462593b for RaftStorage:Storage Directory /tmp/workdir/hadoop-ozone/integration-test/target/test-dir/MiniOzoneClusterImpl-b41edfef-7459-4e50-8f59-8d8a035a1c36/datanode-0/data/ratis/4c09cb10-d6ea-45f0-b30c-16338462593b
2019-07-13 12:36:49,935 INFO  server.RaftServerConfigKeys (ConfUtils.java:logGet(43)) - raft.server.log.purge.gap = 1000000000 (custom)
2019-07-13 12:36:49,936 INFO  server.RaftServerConfigKeys (ConfUtils.java:logGet(43)) - raft.server.log.queue.byte-limit = 2147483647 (custom)
2019-07-13 12:36:49,936 INFO  server.RaftServerConfigKeys (ConfUtils.java:logGet(43)) - raft.server.log.purge.gap = 1000000000 (custom)
2019-07-13 12:36:49,936 INFO  server.RaftServerConfigKeys (ConfUtils.java:logGet(43)) - raft.server.log.queue.element-limit = 1024 (custom)
2019-07-13 12:36:49,936 INFO  server.RaftServerConfigKeys (ConfUtils.java:logGet(43)) - raft.server.log.appender.buffer.byte-limit = 33554432 (custom)
2019-07-13 12:36:49,937 INFO  server.RaftServerConfigKeys (ConfUtils.java:logGet(43)) - raft.server.log.segment.size.max = 1048576 (custom)
2019-07-13 12:36:49,936 INFO  server.RaftServerConfigKeys (ConfUtils.java:logGet(43)) - raft.server.log.appender.buffer.byte-limit = 33554432 (custom)
2019-07-13 12:36:49,937 INFO  server.RaftServerConfigKeys (ConfUtils.java:logGet(43)) - raft.server.log.preallocated.size = 16384 (custom)
2019-07-13 12:36:49,937 INFO  server.RaftServerConfigKeys (ConfUtils.java:logGet(43)) - raft.server.log.segment.size.max = 1048576 (custom)
2019-07-13 12:36:49,937 INFO  server.RaftServerConfigKeys (ConfUtils.java:logGet(43)) - raft.server.log.write.buffer.size = 33554432 (custom)
2019-07-13 12:36:49,937 INFO  server.RaftServerConfigKeys (ConfUtils.java:logGet(43)) - raft.server.log.force.sync.num = 128 (default)
2019-07-13 12:36:49,937 INFO  server.RaftServerConfigKeys (ConfUtils.java:logGet(43)) - raft.server.log.segment.size.max = 1048576 (custom)
2019-07-13 12:36:49,938 INFO  server.RaftServerConfigKeys (ConfUtils.java:logGet(43)) - raft.server.log.statemachine.data.sync = true (default)
2019-07-13 12:36:49,937 INFO  server.RaftServerConfigKeys (ConfUtils.java:logGet(43)) - raft.server.log.segment.cache.num.max = 2 (custom)
2019-07-13 12:36:49,938 INFO  server.RaftServerConfigKeys (ConfUtils.java:logGet(43)) - raft.server.log.statemachine.data.sync.timeout = 10s (default)
2019-07-13 12:36:49,938 INFO  server.RaftServerConfigKeys (ConfUtils.java:logGet(43)) - raft.server.log.segment.cache.num.max = 2 (custom)
2019-07-13 12:36:49,938 INFO  server.RaftServerConfigKeys (ConfUtils.java:logGet(43)) - raft.server.log.statemachine.data.sync.timeout.retry = -1 (default)
2019-07-13 12:36:49,938 INFO  segmented.SegmentedRaftLogWorker (SegmentedRaftLogWorker.java:<init>(172)) - new 1eae791d-00b9-4b23-a53d-57824a339a46-SegmentedRaftLogWorker:Storage Directory /tmp/workdir/hadoop-ozone/integration-test/target/test-dir/MiniOzoneClusterImpl-b41edfef-7459-4e50-8f59-8d8a035a1c36/datanode-1/data/ratis/4c09cb10-d6ea-45f0-b30c-16338462593b for RaftStorage:Storage Directory /tmp/workdir/hadoop-ozone/integration-test/target/test-dir/MiniOzoneClusterImpl-b41edfef-7459-4e50-8f59-8d8a035a1c36/datanode-1/data/ratis/4c09cb10-d6ea-45f0-b30c-16338462593b
2019-07-13 12:36:49,938 INFO  server.RaftServerConfigKeys (ConfUtils.java:logGet(43)) - raft.server.log.statemachine.data.caching.enabled = true (custom)
2019-07-13 12:36:49,938 INFO  segmented.SegmentedRaftLogWorker (SegmentedRaftLogWorker.java:<init>(172)) - new 77b5a38c-2a07-4201-bb4e-3546de442856-SegmentedRaftLogWorker:Storage Directory /tmp/workdir/hadoop-ozone/integration-test/target/test-dir/MiniOzoneClusterImpl-b41edfef-7459-4e50-8f59-8d8a035a1c36/datanode-2/data/ratis/4c09cb10-d6ea-45f0-b30c-16338462593b for RaftStorage:Storage Directory /tmp/workdir/hadoop-ozone/integration-test/target/test-dir/MiniOzoneClusterImpl-b41edfef-7459-4e50-8f59-8d8a035a1c36/datanode-2/data/ratis/4c09cb10-d6ea-45f0-b30c-16338462593b
2019-07-13 12:36:49,939 INFO  server.RaftServerConfigKeys (ConfUtils.java:logGet(43)) - raft.server.log.queue.byte-limit = 2147483647 (custom)
2019-07-13 12:36:49,939 INFO  server.RaftServerConfigKeys (ConfUtils.java:logGet(43)) - raft.server.log.queue.byte-limit = 2147483647 (custom)
2019-07-13 12:36:49,939 INFO  segmented.SegmentedRaftLogWorker (SegmentedRaftLogWorker.java:lambda$new$0(132)) - 97ce1602-be71-4478-bd18-ce4b1b6fb469-SegmentedRaftLogWorker:Storage Directory /tmp/workdir/hadoop-ozone/integration-test/target/test-dir/MiniOzoneClusterImpl-b41edfef-7459-4e50-8f59-8d8a035a1c36/datanode-0/data/ratis/4c09cb10-d6ea-45f0-b30c-16338462593b: flushIndex: setUnconditionally 0 -> -1
2019-07-13 12:36:49,939 INFO  server.RaftServerConfigKeys (ConfUtils.java:logGet(43)) - raft.server.log.queue.element-limit = 1024 (custom)
2019-07-13 12:36:49,939 INFO  server.RaftServerConfigKeys (ConfUtils.java:logGet(43)) - raft.server.log.queue.element-limit = 1024 (custom)
2019-07-13 12:36:49,940 INFO  server.RaftServerConfigKeys (ConfUtils.java:logGet(43)) - raft.server.snapshot.auto.trigger.enabled = true (custom)
2019-07-13 12:36:49,939 INFO  server.RaftServerConfigKeys (ConfUtils.java:logGet(43)) - raft.server.log.segment.size.max = 1048576 (custom)
2019-07-13 12:36:49,940 INFO  server.RaftServerConfigKeys (ConfUtils.java:logGet(43)) - raft.server.snapshot.auto.trigger.threshold = 10000 (custom)
2019-07-13 12:36:49,940 INFO  server.RaftServerConfigKeys (ConfUtils.java:logGet(43)) - raft.server.log.segment.size.max = 1048576 (custom)
2019-07-13 12:36:49,940 INFO  server.RaftServerConfigKeys (ConfUtils.java:logGet(43)) - raft.server.retrycache.expirytime = 600000ms (custom)
2019-07-13 12:36:49,940 INFO  server.RaftServerConfigKeys (ConfUtils.java:logGet(43)) - raft.server.log.preallocated.size = 16384 (custom)
2019-07-13 12:36:49,940 INFO  impl.RaftServerImpl (RaftServerImpl.java:start(180)) - 97ce1602-be71-4478-bd18-ce4b1b6fb469: start group-16338462593B
2019-07-13 12:36:49,940 INFO  server.RaftServerConfigKeys (ConfUtils.java:logGet(43)) - raft.server.log.preallocated.size = 16384 (custom)
2019-07-13 12:36:49,941 INFO  impl.RaftServerImpl (RaftServerImpl.java:setRole(171)) - 97ce1602-be71-4478-bd18-ce4b1b6fb469:group-16338462593B changes role from null to FOLLOWER at term 0 for startAsFollower
2019-07-13 12:36:49,940 INFO  server.RaftServerConfigKeys (ConfUtils.java:logGet(43)) - raft.server.log.write.buffer.size = 33554432 (custom)
2019-07-13 12:36:49,941 INFO  impl.RoleInfo (RoleInfo.java:updateAndGet(143)) - 97ce1602-be71-4478-bd18-ce4b1b6fb469: start FollowerState
2019-07-13 12:36:49,941 INFO  server.RaftServerConfigKeys (ConfUtils.java:logGet(43)) - raft.server.log.write.buffer.size = 33554432 (custom)
2019-07-13 12:36:49,941 INFO  server.RaftServerConfigKeys (ConfUtils.java:logGet(43)) - raft.server.log.force.sync.num = 128 (default)
2019-07-13 12:36:49,941 INFO  server.RaftServerConfigKeys (ConfUtils.java:logGet(43)) - raft.server.log.force.sync.num = 128 (default)
2019-07-13 12:36:49,941 INFO  server.RaftServerConfigKeys (ConfUtils.java:logGet(43)) - raft.server.log.statemachine.data.sync = true (default)
2019-07-13 12:36:49,942 INFO  util.JmxRegister (JmxRegister.java:tryRegister(44)) - Successfully registered JMX Bean with object name Ratis:service=RaftServer,group=group-16338462593B,id=97ce1602-be71-4478-bd18-ce4b1b6fb469
2019-07-13 12:36:49,942 INFO  server.RaftServerConfigKeys (ConfUtils.java:logGet(43)) - raft.server.log.statemachine.data.sync = true (default)
2019-07-13 12:36:49,942 INFO  server.RaftServerConfigKeys (ConfUtils.java:logGet(43)) - raft.server.log.statemachine.data.sync.timeout = 10s (default)
2019-07-13 12:36:49,942 INFO  server.RaftServerConfigKeys (ConfUtils.java:logGet(43)) - raft.server.log.statemachine.data.sync.timeout = 10s (default)
2019-07-13 12:36:49,942 INFO  server.RaftServerConfigKeys (ConfUtils.java:logGet(43)) - raft.server.log.statemachine.data.sync.timeout.retry = -1 (default)
2019-07-13 12:36:49,942 INFO  server.RaftServerConfigKeys (ConfUtils.java:logGet(43)) - raft.server.log.statemachine.data.sync.timeout.retry = -1 (default)
2019-07-13 12:36:49,942 INFO  server.RaftServerConfigKeys (ConfUtils.java:logGet(43)) - raft.server.log.statemachine.data.caching.enabled = true (custom)
2019-07-13 12:36:49,943 INFO  server.RaftServerConfigKeys (ConfUtils.java:logGet(43)) - raft.server.log.statemachine.data.caching.enabled = true (custom)
2019-07-13 12:36:49,943 INFO  segmented.SegmentedRaftLogWorker (SegmentedRaftLogWorker.java:lambda$new$0(132)) - 1eae791d-00b9-4b23-a53d-57824a339a46-SegmentedRaftLogWorker:Storage Directory /tmp/workdir/hadoop-ozone/integration-test/target/test-dir/MiniOzoneClusterImpl-b41edfef-7459-4e50-8f59-8d8a035a1c36/datanode-1/data/ratis/4c09cb10-d6ea-45f0-b30c-16338462593b: flushIndex: setUnconditionally 0 -> -1
2019-07-13 12:36:49,943 INFO  segmented.SegmentedRaftLogWorker (SegmentedRaftLogWorker.java:lambda$new$0(132)) - 77b5a38c-2a07-4201-bb4e-3546de442856-SegmentedRaftLogWorker:Storage Directory /tmp/workdir/hadoop-ozone/integration-test/target/test-dir/MiniOzoneClusterImpl-b41edfef-7459-4e50-8f59-8d8a035a1c36/datanode-2/data/ratis/4c09cb10-d6ea-45f0-b30c-16338462593b: flushIndex: setUnconditionally 0 -> -1
2019-07-13 12:36:49,946 INFO  server.RaftServerConfigKeys (ConfUtils.java:logGet(43)) - raft.server.snapshot.auto.trigger.enabled = true (custom)
2019-07-13 12:36:49,946 INFO  server.RaftServerConfigKeys (ConfUtils.java:logGet(43)) - raft.server.snapshot.auto.trigger.enabled = true (custom)
2019-07-13 12:36:49,946 INFO  server.RaftServerConfigKeys (ConfUtils.java:logGet(43)) - raft.server.snapshot.auto.trigger.threshold = 10000 (custom)
2019-07-13 12:36:49,946 INFO  server.RaftServerConfigKeys (ConfUtils.java:logGet(43)) - raft.server.snapshot.auto.trigger.threshold = 10000 (custom)
2019-07-13 12:36:49,946 INFO  server.RaftServerConfigKeys (ConfUtils.java:logGet(43)) - raft.server.retrycache.expirytime = 600000ms (custom)
2019-07-13 12:36:49,946 INFO  server.RaftServerConfigKeys (ConfUtils.java:logGet(43)) - raft.server.retrycache.expirytime = 600000ms (custom)
2019-07-13 12:36:49,947 INFO  impl.RaftServerImpl (RaftServerImpl.java:start(180)) - 77b5a38c-2a07-4201-bb4e-3546de442856: start group-16338462593B
2019-07-13 12:36:49,947 INFO  impl.RaftServerImpl (RaftServerImpl.java:start(180)) - 1eae791d-00b9-4b23-a53d-57824a339a46: start group-16338462593B
2019-07-13 12:36:49,947 INFO  impl.RaftServerImpl (RaftServerImpl.java:setRole(171)) - 77b5a38c-2a07-4201-bb4e-3546de442856:group-16338462593B changes role from null to FOLLOWER at term 0 for startAsFollower
2019-07-13 12:36:49,947 INFO  impl.RaftServerImpl (RaftServerImpl.java:setRole(171)) - 1eae791d-00b9-4b23-a53d-57824a339a46:group-16338462593B changes role from null to FOLLOWER at term 0 for startAsFollower
2019-07-13 12:36:49,947 INFO  impl.RoleInfo (RoleInfo.java:updateAndGet(143)) - 77b5a38c-2a07-4201-bb4e-3546de442856: start FollowerState
2019-07-13 12:36:49,947 INFO  impl.RoleInfo (RoleInfo.java:updateAndGet(143)) - 1eae791d-00b9-4b23-a53d-57824a339a46: start FollowerState
2019-07-13 12:36:49,948 INFO  util.JmxRegister (JmxRegister.java:tryRegister(44)) - Successfully registered JMX Bean with object name Ratis:service=RaftServer,group=group-16338462593B,id=77b5a38c-2a07-4201-bb4e-3546de442856
2019-07-13 12:36:49,948 INFO  util.JmxRegister (JmxRegister.java:tryRegister(44)) - Successfully registered JMX Bean with object name Ratis:service=RaftServer,group=group-16338462593B,id=1eae791d-00b9-4b23-a53d-57824a339a46
2019-07-13 12:36:49,952 INFO  pipeline.PipelineStateManager (PipelineStateManager.java:addPipeline(56)) - Created pipeline Pipeline[ Id: 4c09cb10-d6ea-45f0-b30c-16338462593b, Nodes: 97ce1602-be71-4478-bd18-ce4b1b6fb469{ip: 192.168.5.181, host: trunk-nightly-q2gwj-1111726333, networkLocation: /default-rack, certSerialId: null}1eae791d-00b9-4b23-a53d-57824a339a46{ip: 192.168.5.181, host: trunk-nightly-q2gwj-1111726333, networkLocation: /default-rack, certSerialId: null}77b5a38c-2a07-4201-bb4e-3546de442856{ip: 192.168.5.181, host: trunk-nightly-q2gwj-1111726333, networkLocation: /default-rack, certSerialId: null}, Type:RATIS, Factor:THREE, State:OPEN]
2019-07-13 12:36:50,055 INFO  node.SCMNodeManager (SCMNodeManager.java:register(269)) - Registered Data node : b8bf55c5-4407-4161-aa27-26eba85de527{ip: 192.168.5.181, host: trunk-nightly-q2gwj-1111726333, networkLocation: /default-rack, certSerialId: null}
2019-07-13 12:36:50,064 INFO  impl.RaftServerProxy (RaftServerProxy.java:addNew(89)) - b8bf55c5-4407-4161-aa27-26eba85de527: addNew group-B0198B212DC2:[b8bf55c5-4407-4161-aa27-26eba85de527:192.168.5.181:35639] returns group-B0198B212DC2:java.util.concurrent.CompletableFuture@5f92a8ae[Not completed]
2019-07-13 12:36:50,065 INFO  impl.RaftServerImpl (RaftServerImpl.java:<init>(93)) - b8bf55c5-4407-4161-aa27-26eba85de527: new RaftServerImpl for group-B0198B212DC2:[b8bf55c5-4407-4161-aa27-26eba85de527:192.168.5.181:35639] with ContainerStateMachine:uninitialized
2019-07-13 12:36:50,065 INFO  server.RaftServerConfigKeys (ConfUtils.java:logGet(43)) - raft.server.rpc.timeout.min = 5s (custom)
2019-07-13 12:36:50,065 INFO  server.RaftServerConfigKeys (ConfUtils.java:logGet(43)) - raft.server.rpc.timeout.max = 5200ms (custom)
2019-07-13 12:36:50,065 INFO  server.RaftServerConfigKeys (ConfUtils.java:logGet(43)) - raft.server.rpcslowness.timeout = 120s (custom)
2019-07-13 12:36:50,065 INFO  server.RaftServerConfigKeys (ConfUtils.java:logGet(43)) - raft.server.sleep.deviation.threshold = 300 (default)
2019-07-13 12:36:50,065 INFO  server.RaftServerConfigKeys (ConfUtils.java:logGet(43)) - raft.server.log.appender.install.snapshot.enabled = false (custom)
2019-07-13 12:36:50,066 INFO  impl.RaftServerImpl (ServerState.java:<init>(105)) - b8bf55c5-4407-4161-aa27-26eba85de527:group-B0198B212DC2 ConfigurationManager, init=-1: [b8bf55c5-4407-4161-aa27-26eba85de527:192.168.5.181:35639], old=null, confs=<EMPTY_MAP>
2019-07-13 12:36:50,066 INFO  server.RaftServerConfigKeys (ConfUtils.java:logGet(43)) - raft.server.storage.dir = [/tmp/workdir/hadoop-ozone/integration-test/target/test-dir/MiniOzoneClusterImpl-b41edfef-7459-4e50-8f59-8d8a035a1c36/datanode-3/data/ratis] (custom)
2019-07-13 12:36:50,066 INFO  storage.RaftStorageDirectory (RaftStorageDirectory.java:analyzeStorage(246)) - The storage directory /tmp/workdir/hadoop-ozone/integration-test/target/test-dir/MiniOzoneClusterImpl-b41edfef-7459-4e50-8f59-8d8a035a1c36/datanode-3/data/ratis/7e372af1-d142-4df1-8e67-b0198b212dc2 does not exist. Creating ...
2019-07-13 12:36:50,079 INFO  storage.RaftStorageDirectory (RaftStorageDirectory.java:tryLock(328)) - Lock on /tmp/workdir/hadoop-ozone/integration-test/target/test-dir/MiniOzoneClusterImpl-b41edfef-7459-4e50-8f59-8d8a035a1c36/datanode-3/data/ratis/7e372af1-d142-4df1-8e67-b0198b212dc2/in_use.lock acquired by nodename 32027@trunk-nightly-q2gwj-1111726333
2019-07-13 12:36:50,085 INFO  storage.RaftStorage (RaftStorage.java:format(72)) - Storage directory /tmp/workdir/hadoop-ozone/integration-test/target/test-dir/MiniOzoneClusterImpl-b41edfef-7459-4e50-8f59-8d8a035a1c36/datanode-3/data/ratis/7e372af1-d142-4df1-8e67-b0198b212dc2 has been successfully formatted.
2019-07-13 12:36:50,085 INFO  ratis.ContainerStateMachine (ContainerStateMachine.java:loadSnapshot(200)) - The snapshot info is null.Setting the last applied index to:(t:0, i:~)
2019-07-13 12:36:50,085 INFO  server.RaftServerConfigKeys (ConfUtils.java:logGet(43)) - raft.server.leader.election.timeout = 120s (custom)
2019-07-13 12:36:50,085 INFO  server.RaftServerConfigKeys (ConfUtils.java:logGet(43)) - raft.server.log.use.memory = false (default)
2019-07-13 12:36:50,086 INFO  server.RaftServerConfigKeys (ConfUtils.java:logGet(43)) - raft.server.log.purge.gap = 1000000000 (custom)
2019-07-13 12:36:50,086 INFO  server.RaftServerConfigKeys (ConfUtils.java:logGet(43)) - raft.server.log.appender.buffer.byte-limit = 33554432 (custom)
2019-07-13 12:36:50,086 INFO  server.RaftServerConfigKeys (ConfUtils.java:logGet(43)) - raft.server.log.segment.size.max = 1048576 (custom)
2019-07-13 12:36:50,086 INFO  server.RaftServerConfigKeys (ConfUtils.java:logGet(43)) - raft.server.log.segment.cache.num.max = 2 (custom)
2019-07-13 12:36:50,086 INFO  segmented.SegmentedRaftLogWorker (SegmentedRaftLogWorker.java:<init>(172)) - new b8bf55c5-4407-4161-aa27-26eba85de527-SegmentedRaftLogWorker:Storage Directory /tmp/workdir/hadoop-ozone/integration-test/target/test-dir/MiniOzoneClusterImpl-b41edfef-7459-4e50-8f59-8d8a035a1c36/datanode-3/data/ratis/7e372af1-d142-4df1-8e67-b0198b212dc2 for RaftStorage:Storage Directory /tmp/workdir/hadoop-ozone/integration-test/target/test-dir/MiniOzoneClusterImpl-b41edfef-7459-4e50-8f59-8d8a035a1c36/datanode-3/data/ratis/7e372af1-d142-4df1-8e67-b0198b212dc2
2019-07-13 12:36:50,086 INFO  server.RaftServerConfigKeys (ConfUtils.java:logGet(43)) - raft.server.log.queue.byte-limit = 2147483647 (custom)
2019-07-13 12:36:50,087 INFO  server.RaftServerConfigKeys (ConfUtils.java:logGet(43)) - raft.server.log.queue.element-limit = 1024 (custom)
2019-07-13 12:36:50,087 INFO  server.RaftServerConfigKeys (ConfUtils.java:logGet(43)) - raft.server.log.segment.size.max = 1048576 (custom)
2019-07-13 12:36:50,087 INFO  server.RaftServerConfigKeys (ConfUtils.java:logGet(43)) - raft.server.log.preallocated.size = 16384 (custom)
2019-07-13 12:36:50,087 INFO  server.RaftServerConfigKeys (ConfUtils.java:logGet(43)) - raft.server.log.write.buffer.size = 33554432 (custom)
2019-07-13 12:36:50,087 INFO  server.RaftServerConfigKeys (ConfUtils.java:logGet(43)) - raft.server.log.force.sync.num = 128 (default)
2019-07-13 12:36:50,088 INFO  server.RaftServerConfigKeys (ConfUtils.java:logGet(43)) - raft.server.log.statemachine.data.sync = true (default)
2019-07-13 12:36:50,088 INFO  server.RaftServerConfigKeys (ConfUtils.java:logGet(43)) - raft.server.log.statemachine.data.sync.timeout = 10s (default)
2019-07-13 12:36:50,088 INFO  server.RaftServerConfigKeys (ConfUtils.java:logGet(43)) - raft.server.log.statemachine.data.sync.timeout.retry = -1 (default)
2019-07-13 12:36:50,088 INFO  server.RaftServerConfigKeys (ConfUtils.java:logGet(43)) - raft.server.log.statemachine.data.caching.enabled = true (custom)
2019-07-13 12:36:50,089 INFO  segmented.SegmentedRaftLogWorker (SegmentedRaftLogWorker.java:lambda$new$0(132)) - b8bf55c5-4407-4161-aa27-26eba85de527-SegmentedRaftLogWorker:Storage Directory /tmp/workdir/hadoop-ozone/integration-test/target/test-dir/MiniOzoneClusterImpl-b41edfef-7459-4e50-8f59-8d8a035a1c36/datanode-3/data/ratis/7e372af1-d142-4df1-8e67-b0198b212dc2: flushIndex: setUnconditionally 0 -> -1
2019-07-13 12:36:50,089 INFO  server.RaftServerConfigKeys (ConfUtils.java:logGet(43)) - raft.server.snapshot.auto.trigger.enabled = true (custom)
2019-07-13 12:36:50,089 INFO  server.RaftServerConfigKeys (ConfUtils.java:logGet(43)) - raft.server.snapshot.auto.trigger.threshold = 10000 (custom)
2019-07-13 12:36:50,089 INFO  server.RaftServerConfigKeys (ConfUtils.java:logGet(43)) - raft.server.retrycache.expirytime = 600000ms (custom)
2019-07-13 12:36:50,089 INFO  impl.RaftServerImpl (RaftServerImpl.java:start(180)) - b8bf55c5-4407-4161-aa27-26eba85de527: start group-B0198B212DC2
2019-07-13 12:36:50,090 INFO  impl.RaftServerImpl (RaftServerImpl.java:setRole(171)) - b8bf55c5-4407-4161-aa27-26eba85de527:group-B0198B212DC2 changes role from null to FOLLOWER at term 0 for startAsFollower
2019-07-13 12:36:50,090 INFO  impl.RoleInfo (RoleInfo.java:updateAndGet(143)) - b8bf55c5-4407-4161-aa27-26eba85de527: start FollowerState
2019-07-13 12:36:50,100 INFO  util.JmxRegister (JmxRegister.java:tryRegister(44)) - Successfully registered JMX Bean with object name Ratis:service=RaftServer,group=group-B0198B212DC2,id=b8bf55c5-4407-4161-aa27-26eba85de527
2019-07-13 12:36:50,113 INFO  pipeline.PipelineStateManager (PipelineStateManager.java:addPipeline(56)) - Created pipeline Pipeline[ Id: 7e372af1-d142-4df1-8e67-b0198b212dc2, Nodes: b8bf55c5-4407-4161-aa27-26eba85de527{ip: 192.168.5.181, host: trunk-nightly-q2gwj-1111726333, networkLocation: /default-rack, certSerialId: null}, Type:RATIS, Factor:ONE, State:OPEN]
2019-07-13 12:36:50,212 INFO  node.SCMNodeManager (SCMNodeManager.java:register(269)) - Registered Data node : efe5b0e3-1541-4c39-80b2-381129ba02f8{ip: 192.168.5.181, host: trunk-nightly-q2gwj-1111726333, networkLocation: /default-rack, certSerialId: null}
2019-07-13 12:36:50,219 INFO  impl.RaftServerProxy (RaftServerProxy.java:addNew(89)) - efe5b0e3-1541-4c39-80b2-381129ba02f8: addNew group-12BA917433D8:[efe5b0e3-1541-4c39-80b2-381129ba02f8:192.168.5.181:36612] returns group-12BA917433D8:java.util.concurrent.CompletableFuture@4ed1619d[Not completed]
2019-07-13 12:36:50,221 INFO  impl.RaftServerImpl (RaftServerImpl.java:<init>(93)) - efe5b0e3-1541-4c39-80b2-381129ba02f8: new RaftServerImpl for group-12BA917433D8:[efe5b0e3-1541-4c39-80b2-381129ba02f8:192.168.5.181:36612] with ContainerStateMachine:uninitialized
2019-07-13 12:36:50,221 INFO  server.RaftServerConfigKeys (ConfUtils.java:logGet(43)) - raft.server.rpc.timeout.min = 5s (custom)
2019-07-13 12:36:50,221 INFO  server.RaftServerConfigKeys (ConfUtils.java:logGet(43)) - raft.server.rpc.timeout.max = 5200ms (custom)
2019-07-13 12:36:50,221 INFO  server.RaftServerConfigKeys (ConfUtils.java:logGet(43)) - raft.server.rpcslowness.timeout = 120s (custom)
2019-07-13 12:36:50,221 INFO  server.RaftServerConfigKeys (ConfUtils.java:logGet(43)) - raft.server.sleep.deviation.threshold = 300 (default)
2019-07-13 12:36:50,221 INFO  server.RaftServerConfigKeys (ConfUtils.java:logGet(43)) - raft.server.log.appender.install.snapshot.enabled = false (custom)
2019-07-13 12:36:50,222 INFO  impl.RaftServerImpl (ServerState.java:<init>(105)) - efe5b0e3-1541-4c39-80b2-381129ba02f8:group-12BA917433D8 ConfigurationManager, init=-1: [efe5b0e3-1541-4c39-80b2-381129ba02f8:192.168.5.181:36612], old=null, confs=<EMPTY_MAP>
2019-07-13 12:36:50,222 INFO  server.RaftServerConfigKeys (ConfUtils.java:logGet(43)) - raft.server.storage.dir = [/tmp/workdir/hadoop-ozone/integration-test/target/test-dir/MiniOzoneClusterImpl-b41edfef-7459-4e50-8f59-8d8a035a1c36/datanode-4/data/ratis] (custom)
2019-07-13 12:36:50,222 INFO  storage.RaftStorageDirectory (RaftStorageDirectory.java:analyzeStorage(246)) - The storage directory /tmp/workdir/hadoop-ozone/integration-test/target/test-dir/MiniOzoneClusterImpl-b41edfef-7459-4e50-8f59-8d8a035a1c36/datanode-4/data/ratis/65f16476-3544-4316-b930-12ba917433d8 does not exist. Creating ...
2019-07-13 12:36:50,227 INFO  storage.RaftStorageDirectory (RaftStorageDirectory.java:tryLock(328)) - Lock on /tmp/workdir/hadoop-ozone/integration-test/target/test-dir/MiniOzoneClusterImpl-b41edfef-7459-4e50-8f59-8d8a035a1c36/datanode-4/data/ratis/65f16476-3544-4316-b930-12ba917433d8/in_use.lock acquired by nodename 32027@trunk-nightly-q2gwj-1111726333
2019-07-13 12:36:50,230 INFO  storage.RaftStorage (RaftStorage.java:format(72)) - Storage directory /tmp/workdir/hadoop-ozone/integration-test/target/test-dir/MiniOzoneClusterImpl-b41edfef-7459-4e50-8f59-8d8a035a1c36/datanode-4/data/ratis/65f16476-3544-4316-b930-12ba917433d8 has been successfully formatted.
2019-07-13 12:36:50,230 INFO  ratis.ContainerStateMachine (ContainerStateMachine.java:loadSnapshot(200)) - The snapshot info is null.Setting the last applied index to:(t:0, i:~)
2019-07-13 12:36:50,230 INFO  server.RaftServerConfigKeys (ConfUtils.java:logGet(43)) - raft.server.leader.election.timeout = 120s (custom)
2019-07-13 12:36:50,230 INFO  server.RaftServerConfigKeys (ConfUtils.java:logGet(43)) - raft.server.log.use.memory = false (default)
2019-07-13 12:36:50,231 INFO  server.RaftServerConfigKeys (ConfUtils.java:logGet(43)) - raft.server.log.purge.gap = 1000000000 (custom)
2019-07-13 12:36:50,231 INFO  server.RaftServerConfigKeys (ConfUtils.java:logGet(43)) - raft.server.log.appender.buffer.byte-limit = 33554432 (custom)
2019-07-13 12:36:50,231 INFO  server.RaftServerConfigKeys (ConfUtils.java:logGet(43)) - raft.server.log.segment.size.max = 1048576 (custom)
2019-07-13 12:36:50,231 INFO  server.RaftServerConfigKeys (ConfUtils.java:logGet(43)) - raft.server.log.segment.cache.num.max = 2 (custom)
2019-07-13 12:36:50,231 INFO  segmented.SegmentedRaftLogWorker (SegmentedRaftLogWorker.java:<init>(172)) - new efe5b0e3-1541-4c39-80b2-381129ba02f8-SegmentedRaftLogWorker:Storage Directory /tmp/workdir/hadoop-ozone/integration-test/target/test-dir/MiniOzoneClusterImpl-b41edfef-7459-4e50-8f59-8d8a035a1c36/datanode-4/data/ratis/65f16476-3544-4316-b930-12ba917433d8 for RaftStorage:Storage Directory /tmp/workdir/hadoop-ozone/integration-test/target/test-dir/MiniOzoneClusterImpl-b41edfef-7459-4e50-8f59-8d8a035a1c36/datanode-4/data/ratis/65f16476-3544-4316-b930-12ba917433d8
2019-07-13 12:36:50,232 INFO  server.RaftServerConfigKeys (ConfUtils.java:logGet(43)) - raft.server.log.queue.byte-limit = 2147483647 (custom)
2019-07-13 12:36:50,232 INFO  server.RaftServerConfigKeys (ConfUtils.java:logGet(43)) - raft.server.log.queue.element-limit = 1024 (custom)
2019-07-13 12:36:50,232 INFO  server.RaftServerConfigKeys (ConfUtils.java:logGet(43)) - raft.server.log.segment.size.max = 1048576 (custom)
2019-07-13 12:36:50,232 INFO  server.RaftServerConfigKeys (ConfUtils.java:logGet(43)) - raft.server.log.preallocated.size = 16384 (custom)
2019-07-13 12:36:50,232 INFO  server.RaftServerConfigKeys (ConfUtils.java:logGet(43)) - raft.server.log.write.buffer.size = 33554432 (custom)
2019-07-13 12:36:50,232 INFO  server.RaftServerConfigKeys (ConfUtils.java:logGet(43)) - raft.server.log.force.sync.num = 128 (default)
2019-07-13 12:36:50,233 INFO  server.RaftServerConfigKeys (ConfUtils.java:logGet(43)) - raft.server.log.statemachine.data.sync = true (default)
2019-07-13 12:36:50,233 INFO  server.RaftServerConfigKeys (ConfUtils.java:logGet(43)) - raft.server.log.statemachine.data.sync.timeout = 10s (default)
2019-07-13 12:36:50,233 INFO  server.RaftServerConfigKeys (ConfUtils.java:logGet(43)) - raft.server.log.statemachine.data.sync.timeout.retry = -1 (default)
2019-07-13 12:36:50,233 INFO  server.RaftServerConfigKeys (ConfUtils.java:logGet(43)) - raft.server.log.statemachine.data.caching.enabled = true (custom)
2019-07-13 12:36:50,234 INFO  segmented.SegmentedRaftLogWorker (SegmentedRaftLogWorker.java:lambda$new$0(132)) - efe5b0e3-1541-4c39-80b2-381129ba02f8-SegmentedRaftLogWorker:Storage Directory /tmp/workdir/hadoop-ozone/integration-test/target/test-dir/MiniOzoneClusterImpl-b41edfef-7459-4e50-8f59-8d8a035a1c36/datanode-4/data/ratis/65f16476-3544-4316-b930-12ba917433d8: flushIndex: setUnconditionally 0 -> -1
2019-07-13 12:36:50,234 INFO  server.RaftServerConfigKeys (ConfUtils.java:logGet(43)) - raft.server.snapshot.auto.trigger.enabled = true (custom)
2019-07-13 12:36:50,234 INFO  server.RaftServerConfigKeys (ConfUtils.java:logGet(43)) - raft.server.snapshot.auto.trigger.threshold = 10000 (custom)
2019-07-13 12:36:50,234 INFO  server.RaftServerConfigKeys (ConfUtils.java:logGet(43)) - raft.server.retrycache.expirytime = 600000ms (custom)
2019-07-13 12:36:50,234 INFO  impl.RaftServerImpl (RaftServerImpl.java:start(180)) - efe5b0e3-1541-4c39-80b2-381129ba02f8: start group-12BA917433D8
2019-07-13 12:36:50,235 INFO  impl.RaftServerImpl (RaftServerImpl.java:setRole(171)) - efe5b0e3-1541-4c39-80b2-381129ba02f8:group-12BA917433D8 changes role from null to FOLLOWER at term 0 for startAsFollower
2019-07-13 12:36:50,235 INFO  impl.RoleInfo (RoleInfo.java:updateAndGet(143)) - efe5b0e3-1541-4c39-80b2-381129ba02f8: start FollowerState
2019-07-13 12:36:50,235 INFO  util.JmxRegister (JmxRegister.java:tryRegister(44)) - Successfully registered JMX Bean with object name Ratis:service=RaftServer,group=group-12BA917433D8,id=efe5b0e3-1541-4c39-80b2-381129ba02f8
2019-07-13 12:36:50,240 INFO  pipeline.PipelineStateManager (PipelineStateManager.java:addPipeline(56)) - Created pipeline Pipeline[ Id: 65f16476-3544-4316-b930-12ba917433d8, Nodes: efe5b0e3-1541-4c39-80b2-381129ba02f8{ip: 192.168.5.181, host: trunk-nightly-q2gwj-1111726333, networkLocation: /default-rack, certSerialId: null}, Type:RATIS, Factor:ONE, State:OPEN]
2019-07-13 12:36:50,375 INFO  node.SCMNodeManager (SCMNodeManager.java:register(269)) - Registered Data node : 4b153f06-01de-4bce-8989-88eda3164a8a{ip: 192.168.5.181, host: trunk-nightly-q2gwj-1111726333, networkLocation: /default-rack, certSerialId: null}
2019-07-13 12:36:50,385 INFO  impl.RaftServerProxy (RaftServerProxy.java:addNew(89)) - 4b153f06-01de-4bce-8989-88eda3164a8a: addNew group-D1CCF04C11FC:[4b153f06-01de-4bce-8989-88eda3164a8a:192.168.5.181:46764] returns group-D1CCF04C11FC:java.util.concurrent.CompletableFuture@3a374cd4[Not completed]
2019-07-13 12:36:50,386 INFO  impl.RaftServerImpl (RaftServerImpl.java:<init>(93)) - 4b153f06-01de-4bce-8989-88eda3164a8a: new RaftServerImpl for group-D1CCF04C11FC:[4b153f06-01de-4bce-8989-88eda3164a8a:192.168.5.181:46764] with ContainerStateMachine:uninitialized
2019-07-13 12:36:50,386 INFO  server.RaftServerConfigKeys (ConfUtils.java:logGet(43)) - raft.server.rpc.timeout.min = 5s (custom)
2019-07-13 12:36:50,386 INFO  server.RaftServerConfigKeys (ConfUtils.java:logGet(43)) - raft.server.rpc.timeout.max = 5200ms (custom)
2019-07-13 12:36:50,387 INFO  server.RaftServerConfigKeys (ConfUtils.java:logGet(43)) - raft.server.rpcslowness.timeout = 120s (custom)
2019-07-13 12:36:50,387 INFO  server.RaftServerConfigKeys (ConfUtils.java:logGet(43)) - raft.server.sleep.deviation.threshold = 300 (default)
2019-07-13 12:36:50,387 INFO  server.RaftServerConfigKeys (ConfUtils.java:logGet(43)) - raft.server.log.appender.install.snapshot.enabled = false (custom)
2019-07-13 12:36:50,387 INFO  impl.RaftServerImpl (ServerState.java:<init>(105)) - 4b153f06-01de-4bce-8989-88eda3164a8a:group-D1CCF04C11FC ConfigurationManager, init=-1: [4b153f06-01de-4bce-8989-88eda3164a8a:192.168.5.181:46764], old=null, confs=<EMPTY_MAP>
2019-07-13 12:36:50,387 INFO  server.RaftServerConfigKeys (ConfUtils.java:logGet(43)) - raft.server.storage.dir = [/tmp/workdir/hadoop-ozone/integration-test/target/test-dir/MiniOzoneClusterImpl-b41edfef-7459-4e50-8f59-8d8a035a1c36/datanode-5/data/ratis] (custom)
2019-07-13 12:36:50,388 INFO  storage.RaftStorageDirectory (RaftStorageDirectory.java:analyzeStorage(246)) - The storage directory /tmp/workdir/hadoop-ozone/integration-test/target/test-dir/MiniOzoneClusterImpl-b41edfef-7459-4e50-8f59-8d8a035a1c36/datanode-5/data/ratis/cca127ae-976c-46ba-9b73-d1ccf04c11fc does not exist. Creating ...
2019-07-13 12:36:50,392 INFO  storage.RaftStorageDirectory (RaftStorageDirectory.java:tryLock(328)) - Lock on /tmp/workdir/hadoop-ozone/integration-test/target/test-dir/MiniOzoneClusterImpl-b41edfef-7459-4e50-8f59-8d8a035a1c36/datanode-5/data/ratis/cca127ae-976c-46ba-9b73-d1ccf04c11fc/in_use.lock acquired by nodename 32027@trunk-nightly-q2gwj-1111726333
2019-07-13 12:36:50,395 INFO  storage.RaftStorage (RaftStorage.java:format(72)) - Storage directory /tmp/workdir/hadoop-ozone/integration-test/target/test-dir/MiniOzoneClusterImpl-b41edfef-7459-4e50-8f59-8d8a035a1c36/datanode-5/data/ratis/cca127ae-976c-46ba-9b73-d1ccf04c11fc has been successfully formatted.
2019-07-13 12:36:50,396 INFO  ratis.ContainerStateMachine (ContainerStateMachine.java:loadSnapshot(200)) - The snapshot info is null.Setting the last applied index to:(t:0, i:~)
2019-07-13 12:36:50,396 INFO  server.RaftServerConfigKeys (ConfUtils.java:logGet(43)) - raft.server.leader.election.timeout = 120s (custom)
2019-07-13 12:36:50,396 INFO  server.RaftServerConfigKeys (ConfUtils.java:logGet(43)) - raft.server.log.use.memory = false (default)
2019-07-13 12:36:50,396 INFO  server.RaftServerConfigKeys (ConfUtils.java:logGet(43)) - raft.server.log.purge.gap = 1000000000 (custom)
2019-07-13 12:36:50,396 INFO  server.RaftServerConfigKeys (ConfUtils.java:logGet(43)) - raft.server.log.appender.buffer.byte-limit = 33554432 (custom)
2019-07-13 12:36:50,396 INFO  server.RaftServerConfigKeys (ConfUtils.java:logGet(43)) - raft.server.log.segment.size.max = 1048576 (custom)
2019-07-13 12:36:50,397 INFO  server.RaftServerConfigKeys (ConfUtils.java:logGet(43)) - raft.server.log.segment.cache.num.max = 2 (custom)
2019-07-13 12:36:50,397 INFO  segmented.SegmentedRaftLogWorker (SegmentedRaftLogWorker.java:<init>(172)) - new 4b153f06-01de-4bce-8989-88eda3164a8a-SegmentedRaftLogWorker:Storage Directory /tmp/workdir/hadoop-ozone/integration-test/target/test-dir/MiniOzoneClusterImpl-b41edfef-7459-4e50-8f59-8d8a035a1c36/datanode-5/data/ratis/cca127ae-976c-46ba-9b73-d1ccf04c11fc for RaftStorage:Storage Directory /tmp/workdir/hadoop-ozone/integration-test/target/test-dir/MiniOzoneClusterImpl-b41edfef-7459-4e50-8f59-8d8a035a1c36/datanode-5/data/ratis/cca127ae-976c-46ba-9b73-d1ccf04c11fc
2019-07-13 12:36:50,397 INFO  server.RaftServerConfigKeys (ConfUtils.java:logGet(43)) - raft.server.log.queue.byte-limit = 2147483647 (custom)
2019-07-13 12:36:50,397 INFO  server.RaftServerConfigKeys (ConfUtils.java:logGet(43)) - raft.server.log.queue.element-limit = 1024 (custom)
2019-07-13 12:36:50,397 INFO  server.RaftServerConfigKeys (ConfUtils.java:logGet(43)) - raft.server.log.segment.size.max = 1048576 (custom)
2019-07-13 12:36:50,397 INFO  server.RaftServerConfigKeys (ConfUtils.java:logGet(43)) - raft.server.log.preallocated.size = 16384 (custom)
2019-07-13 12:36:50,398 INFO  server.RaftServerConfigKeys (ConfUtils.java:logGet(43)) - raft.server.log.write.buffer.size = 33554432 (custom)
2019-07-13 12:36:50,398 INFO  server.RaftServerConfigKeys (ConfUtils.java:logGet(43)) - raft.server.log.force.sync.num = 128 (default)
2019-07-13 12:36:50,398 INFO  server.RaftServerConfigKeys (ConfUtils.java:logGet(43)) - raft.server.log.statemachine.data.sync = true (default)
2019-07-13 12:36:50,398 INFO  server.RaftServerConfigKeys (ConfUtils.java:logGet(43)) - raft.server.log.statemachine.data.sync.timeout = 10s (default)
2019-07-13 12:36:50,398 INFO  server.RaftServerConfigKeys (ConfUtils.java:logGet(43)) - raft.server.log.statemachine.data.sync.timeout.retry = -1 (default)
2019-07-13 12:36:50,399 INFO  server.RaftServerConfigKeys (ConfUtils.java:logGet(43)) - raft.server.log.statemachine.data.caching.enabled = true (custom)
2019-07-13 12:36:50,399 INFO  segmented.SegmentedRaftLogWorker (SegmentedRaftLogWorker.java:lambda$new$0(132)) - 4b153f06-01de-4bce-8989-88eda3164a8a-SegmentedRaftLogWorker:Storage Directory /tmp/workdir/hadoop-ozone/integration-test/target/test-dir/MiniOzoneClusterImpl-b41edfef-7459-4e50-8f59-8d8a035a1c36/datanode-5/data/ratis/cca127ae-976c-46ba-9b73-d1ccf04c11fc: flushIndex: setUnconditionally 0 -> -1
2019-07-13 12:36:50,399 INFO  server.RaftServerConfigKeys (ConfUtils.java:logGet(43)) - raft.server.snapshot.auto.trigger.enabled = true (custom)
2019-07-13 12:36:50,399 INFO  server.RaftServerConfigKeys (ConfUtils.java:logGet(43)) - raft.server.snapshot.auto.trigger.threshold = 10000 (custom)
2019-07-13 12:36:50,400 INFO  server.RaftServerConfigKeys (ConfUtils.java:logGet(43)) - raft.server.retrycache.expirytime = 600000ms (custom)
2019-07-13 12:36:50,400 INFO  impl.RaftServerImpl (RaftServerImpl.java:start(180)) - 4b153f06-01de-4bce-8989-88eda3164a8a: start group-D1CCF04C11FC
2019-07-13 12:36:50,400 INFO  impl.RaftServerImpl (RaftServerImpl.java:setRole(171)) - 4b153f06-01de-4bce-8989-88eda3164a8a:group-D1CCF04C11FC changes role from null to FOLLOWER at term 0 for startAsFollower
2019-07-13 12:36:50,400 INFO  impl.RoleInfo (RoleInfo.java:updateAndGet(143)) - 4b153f06-01de-4bce-8989-88eda3164a8a: start FollowerState
2019-07-13 12:36:50,400 INFO  util.JmxRegister (JmxRegister.java:tryRegister(44)) - Successfully registered JMX Bean with object name Ratis:service=RaftServer,group=group-D1CCF04C11FC,id=4b153f06-01de-4bce-8989-88eda3164a8a
2019-07-13 12:36:50,405 INFO  pipeline.PipelineStateManager (PipelineStateManager.java:addPipeline(56)) - Created pipeline Pipeline[ Id: cca127ae-976c-46ba-9b73-d1ccf04c11fc, Nodes: 4b153f06-01de-4bce-8989-88eda3164a8a{ip: 192.168.5.181, host: trunk-nightly-q2gwj-1111726333, networkLocation: /default-rack, certSerialId: null}, Type:RATIS, Factor:ONE, State:OPEN]
2019-07-13 12:36:50,417 INFO  impl.RaftServerProxy (RaftServerProxy.java:addNew(89)) - 4b153f06-01de-4bce-8989-88eda3164a8a: addNew group-FF9890890D8B:[4b153f06-01de-4bce-8989-88eda3164a8a:192.168.5.181:46764, b8bf55c5-4407-4161-aa27-26eba85de527:192.168.5.181:35639, efe5b0e3-1541-4c39-80b2-381129ba02f8:192.168.5.181:36612] returns group-FF9890890D8B:java.util.concurrent.CompletableFuture@ea1555d[Not completed]
2019-07-13 12:36:50,417 INFO  impl.RaftServerProxy (RaftServerProxy.java:addNew(89)) - b8bf55c5-4407-4161-aa27-26eba85de527: addNew group-FF9890890D8B:[4b153f06-01de-4bce-8989-88eda3164a8a:192.168.5.181:46764, b8bf55c5-4407-4161-aa27-26eba85de527:192.168.5.181:35639, efe5b0e3-1541-4c39-80b2-381129ba02f8:192.168.5.181:36612] returns group-FF9890890D8B:java.util.concurrent.CompletableFuture@c9ab273[Not completed]
2019-07-13 12:36:50,417 INFO  impl.RaftServerProxy (RaftServerProxy.java:addNew(89)) - efe5b0e3-1541-4c39-80b2-381129ba02f8: addNew group-FF9890890D8B:[4b153f06-01de-4bce-8989-88eda3164a8a:192.168.5.181:46764, b8bf55c5-4407-4161-aa27-26eba85de527:192.168.5.181:35639, efe5b0e3-1541-4c39-80b2-381129ba02f8:192.168.5.181:36612] returns group-FF9890890D8B:java.util.concurrent.CompletableFuture@18bd9abd[Not completed]
2019-07-13 12:36:50,419 INFO  impl.RaftServerImpl (RaftServerImpl.java:<init>(93)) - b8bf55c5-4407-4161-aa27-26eba85de527: new RaftServerImpl for group-FF9890890D8B:[4b153f06-01de-4bce-8989-88eda3164a8a:192.168.5.181:46764, b8bf55c5-4407-4161-aa27-26eba85de527:192.168.5.181:35639, efe5b0e3-1541-4c39-80b2-381129ba02f8:192.168.5.181:36612] with ContainerStateMachine:uninitialized
2019-07-13 12:36:50,419 INFO  server.RaftServerConfigKeys (ConfUtils.java:logGet(43)) - raft.server.rpc.timeout.min = 5s (custom)
2019-07-13 12:36:50,419 INFO  server.RaftServerConfigKeys (ConfUtils.java:logGet(43)) - raft.server.rpc.timeout.max = 5200ms (custom)
2019-07-13 12:36:50,419 INFO  impl.RaftServerImpl (RaftServerImpl.java:<init>(93)) - efe5b0e3-1541-4c39-80b2-381129ba02f8: new RaftServerImpl for group-FF9890890D8B:[4b153f06-01de-4bce-8989-88eda3164a8a:192.168.5.181:46764, b8bf55c5-4407-4161-aa27-26eba85de527:192.168.5.181:35639, efe5b0e3-1541-4c39-80b2-381129ba02f8:192.168.5.181:36612] with ContainerStateMachine:uninitialized
2019-07-13 12:36:50,419 INFO  server.RaftServerConfigKeys (ConfUtils.java:logGet(43)) - raft.server.rpcslowness.timeout = 120s (custom)
2019-07-13 12:36:50,419 INFO  server.RaftServerConfigKeys (ConfUtils.java:logGet(43)) - raft.server.rpc.timeout.min = 5s (custom)
2019-07-13 12:36:50,419 INFO  impl.RaftServerImpl (RaftServerImpl.java:<init>(93)) - 4b153f06-01de-4bce-8989-88eda3164a8a: new RaftServerImpl for group-FF9890890D8B:[4b153f06-01de-4bce-8989-88eda3164a8a:192.168.5.181:46764, b8bf55c5-4407-4161-aa27-26eba85de527:192.168.5.181:35639, efe5b0e3-1541-4c39-80b2-381129ba02f8:192.168.5.181:36612] with ContainerStateMachine:uninitialized
2019-07-13 12:36:50,419 INFO  server.RaftServerConfigKeys (ConfUtils.java:logGet(43)) - raft.server.sleep.deviation.threshold = 300 (default)
2019-07-13 12:36:50,420 INFO  server.RaftServerConfigKeys (ConfUtils.java:logGet(43)) - raft.server.rpc.timeout.min = 5s (custom)
2019-07-13 12:36:50,420 INFO  server.RaftServerConfigKeys (ConfUtils.java:logGet(43)) - raft.server.rpc.timeout.max = 5200ms (custom)
2019-07-13 12:36:50,419 INFO  server.RaftServerConfigKeys (ConfUtils.java:logGet(43)) - raft.server.rpc.timeout.max = 5200ms (custom)
2019-07-13 12:36:50,420 INFO  server.RaftServerConfigKeys (ConfUtils.java:logGet(43)) - raft.server.rpcslowness.timeout = 120s (custom)
2019-07-13 12:36:50,420 INFO  server.RaftServerConfigKeys (ConfUtils.java:logGet(43)) - raft.server.log.appender.install.snapshot.enabled = false (custom)
2019-07-13 12:36:50,420 INFO  server.RaftServerConfigKeys (ConfUtils.java:logGet(43)) - raft.server.sleep.deviation.threshold = 300 (default)
2019-07-13 12:36:50,420 INFO  server.RaftServerConfigKeys (ConfUtils.java:logGet(43)) - raft.server.rpcslowness.timeout = 120s (custom)
2019-07-13 12:36:50,421 INFO  server.RaftServerConfigKeys (ConfUtils.java:logGet(43)) - raft.server.log.appender.install.snapshot.enabled = false (custom)
2019-07-13 12:36:50,421 INFO  impl.RaftServerImpl (ServerState.java:<init>(105)) - b8bf55c5-4407-4161-aa27-26eba85de527:group-FF9890890D8B ConfigurationManager, init=-1: [4b153f06-01de-4bce-8989-88eda3164a8a:192.168.5.181:46764, b8bf55c5-4407-4161-aa27-26eba85de527:192.168.5.181:35639, efe5b0e3-1541-4c39-80b2-381129ba02f8:192.168.5.181:36612], old=null, confs=<EMPTY_MAP>
2019-07-13 12:36:50,421 INFO  impl.RaftServerImpl (ServerState.java:<init>(105)) - 4b153f06-01de-4bce-8989-88eda3164a8a:group-FF9890890D8B ConfigurationManager, init=-1: [4b153f06-01de-4bce-8989-88eda3164a8a:192.168.5.181:46764, b8bf55c5-4407-4161-aa27-26eba85de527:192.168.5.181:35639, efe5b0e3-1541-4c39-80b2-381129ba02f8:192.168.5.181:36612], old=null, confs=<EMPTY_MAP>
2019-07-13 12:36:50,421 INFO  server.RaftServerConfigKeys (ConfUtils.java:logGet(43)) - raft.server.storage.dir = [/tmp/workdir/hadoop-ozone/integration-test/target/test-dir/MiniOzoneClusterImpl-b41edfef-7459-4e50-8f59-8d8a035a1c36/datanode-3/data/ratis] (custom)
2019-07-13 12:36:50,421 INFO  server.RaftServerConfigKeys (ConfUtils.java:logGet(43)) - raft.server.sleep.deviation.threshold = 300 (default)
2019-07-13 12:36:50,421 INFO  server.RaftServerConfigKeys (ConfUtils.java:logGet(43)) - raft.server.storage.dir = [/tmp/workdir/hadoop-ozone/integration-test/target/test-dir/MiniOzoneClusterImpl-b41edfef-7459-4e50-8f59-8d8a035a1c36/datanode-5/data/ratis] (custom)
2019-07-13 12:36:50,422 INFO  server.RaftServerConfigKeys (ConfUtils.java:logGet(43)) - raft.server.log.appender.install.snapshot.enabled = false (custom)
2019-07-13 12:36:50,422 INFO  storage.RaftStorageDirectory (RaftStorageDirectory.java:analyzeStorage(246)) - The storage directory /tmp/workdir/hadoop-ozone/integration-test/target/test-dir/MiniOzoneClusterImpl-b41edfef-7459-4e50-8f59-8d8a035a1c36/datanode-3/data/ratis/7d7fd1c7-09ec-43a2-847a-ff9890890d8b does not exist. Creating ...
2019-07-13 12:36:50,422 INFO  storage.RaftStorageDirectory (RaftStorageDirectory.java:analyzeStorage(246)) - The storage directory /tmp/workdir/hadoop-ozone/integration-test/target/test-dir/MiniOzoneClusterImpl-b41edfef-7459-4e50-8f59-8d8a035a1c36/datanode-5/data/ratis/7d7fd1c7-09ec-43a2-847a-ff9890890d8b does not exist. Creating ...
2019-07-13 12:36:50,422 INFO  impl.RaftServerImpl (ServerState.java:<init>(105)) - efe5b0e3-1541-4c39-80b2-381129ba02f8:group-FF9890890D8B ConfigurationManager, init=-1: [4b153f06-01de-4bce-8989-88eda3164a8a:192.168.5.181:46764, b8bf55c5-4407-4161-aa27-26eba85de527:192.168.5.181:35639, efe5b0e3-1541-4c39-80b2-381129ba02f8:192.168.5.181:36612], old=null, confs=<EMPTY_MAP>
2019-07-13 12:36:50,422 INFO  server.RaftServerConfigKeys (ConfUtils.java:logGet(43)) - raft.server.storage.dir = [/tmp/workdir/hadoop-ozone/integration-test/target/test-dir/MiniOzoneClusterImpl-b41edfef-7459-4e50-8f59-8d8a035a1c36/datanode-4/data/ratis] (custom)
2019-07-13 12:36:50,423 INFO  storage.RaftStorageDirectory (RaftStorageDirectory.java:analyzeStorage(246)) - The storage directory /tmp/workdir/hadoop-ozone/integration-test/target/test-dir/MiniOzoneClusterImpl-b41edfef-7459-4e50-8f59-8d8a035a1c36/datanode-4/data/ratis/7d7fd1c7-09ec-43a2-847a-ff9890890d8b does not exist. Creating ...
2019-07-13 12:36:50,426 INFO  storage.RaftStorageDirectory (RaftStorageDirectory.java:tryLock(328)) - Lock on /tmp/workdir/hadoop-ozone/integration-test/target/test-dir/MiniOzoneClusterImpl-b41edfef-7459-4e50-8f59-8d8a035a1c36/datanode-3/data/ratis/7d7fd1c7-09ec-43a2-847a-ff9890890d8b/in_use.lock acquired by nodename 32027@trunk-nightly-q2gwj-1111726333
2019-07-13 12:36:50,426 INFO  storage.RaftStorageDirectory (RaftStorageDirectory.java:tryLock(328)) - Lock on /tmp/workdir/hadoop-ozone/integration-test/target/test-dir/MiniOzoneClusterImpl-b41edfef-7459-4e50-8f59-8d8a035a1c36/datanode-4/data/ratis/7d7fd1c7-09ec-43a2-847a-ff9890890d8b/in_use.lock acquired by nodename 32027@trunk-nightly-q2gwj-1111726333
2019-07-13 12:36:50,426 INFO  storage.RaftStorageDirectory (RaftStorageDirectory.java:tryLock(328)) - Lock on /tmp/workdir/hadoop-ozone/integration-test/target/test-dir/MiniOzoneClusterImpl-b41edfef-7459-4e50-8f59-8d8a035a1c36/datanode-5/data/ratis/7d7fd1c7-09ec-43a2-847a-ff9890890d8b/in_use.lock acquired by nodename 32027@trunk-nightly-q2gwj-1111726333
2019-07-13 12:36:50,430 INFO  storage.RaftStorage (RaftStorage.java:format(72)) - Storage directory /tmp/workdir/hadoop-ozone/integration-test/target/test-dir/MiniOzoneClusterImpl-b41edfef-7459-4e50-8f59-8d8a035a1c36/datanode-5/data/ratis/7d7fd1c7-09ec-43a2-847a-ff9890890d8b has been successfully formatted.
2019-07-13 12:36:50,430 INFO  storage.RaftStorage (RaftStorage.java:format(72)) - Storage directory /tmp/workdir/hadoop-ozone/integration-test/target/test-dir/MiniOzoneClusterImpl-b41edfef-7459-4e50-8f59-8d8a035a1c36/datanode-3/data/ratis/7d7fd1c7-09ec-43a2-847a-ff9890890d8b has been successfully formatted.
2019-07-13 12:36:50,430 INFO  storage.RaftStorage (RaftStorage.java:format(72)) - Storage directory /tmp/workdir/hadoop-ozone/integration-test/target/test-dir/MiniOzoneClusterImpl-b41edfef-7459-4e50-8f59-8d8a035a1c36/datanode-4/data/ratis/7d7fd1c7-09ec-43a2-847a-ff9890890d8b has been successfully formatted.
2019-07-13 12:36:50,431 INFO  ratis.ContainerStateMachine (ContainerStateMachine.java:loadSnapshot(200)) - The snapshot info is null.Setting the last applied index to:(t:0, i:~)
2019-07-13 12:36:50,431 INFO  ratis.ContainerStateMachine (ContainerStateMachine.java:loadSnapshot(200)) - The snapshot info is null.Setting the last applied index to:(t:0, i:~)
2019-07-13 12:36:50,431 INFO  ratis.ContainerStateMachine (ContainerStateMachine.java:loadSnapshot(200)) - The snapshot info is null.Setting the last applied index to:(t:0, i:~)
2019-07-13 12:36:50,431 INFO  server.RaftServerConfigKeys (ConfUtils.java:logGet(43)) - raft.server.leader.election.timeout = 120s (custom)
2019-07-13 12:36:50,431 INFO  server.RaftServerConfigKeys (ConfUtils.java:logGet(43)) - raft.server.leader.election.timeout = 120s (custom)
2019-07-13 12:36:50,432 INFO  server.RaftServerConfigKeys (ConfUtils.java:logGet(43)) - raft.server.log.use.memory = false (default)
2019-07-13 12:36:50,431 INFO  server.RaftServerConfigKeys (ConfUtils.java:logGet(43)) - raft.server.leader.election.timeout = 120s (custom)
2019-07-13 12:36:50,432 INFO  server.RaftServerConfigKeys (ConfUtils.java:logGet(43)) - raft.server.log.purge.gap = 1000000000 (custom)
2019-07-13 12:36:50,432 INFO  server.RaftServerConfigKeys (ConfUtils.java:logGet(43)) - raft.server.log.use.memory = false (default)
2019-07-13 12:36:50,432 INFO  server.RaftServerConfigKeys (ConfUtils.java:logGet(43)) - raft.server.log.appender.buffer.byte-limit = 33554432 (custom)
2019-07-13 12:36:50,432 INFO  server.RaftServerConfigKeys (ConfUtils.java:logGet(43)) - raft.server.log.use.memory = false (default)
2019-07-13 12:36:50,432 INFO  server.RaftServerConfigKeys (ConfUtils.java:logGet(43)) - raft.server.log.segment.size.max = 1048576 (custom)
2019-07-13 12:36:50,432 INFO  server.RaftServerConfigKeys (ConfUtils.java:logGet(43)) - raft.server.log.purge.gap = 1000000000 (custom)
2019-07-13 12:36:50,433 INFO  server.RaftServerConfigKeys (ConfUtils.java:logGet(43)) - raft.server.log.segment.cache.num.max = 2 (custom)
2019-07-13 12:36:50,433 INFO  server.RaftServerConfigKeys (ConfUtils.java:logGet(43)) - raft.server.log.purge.gap = 1000000000 (custom)
2019-07-13 12:36:50,433 INFO  segmented.SegmentedRaftLogWorker (SegmentedRaftLogWorker.java:<init>(172)) - new efe5b0e3-1541-4c39-80b2-381129ba02f8-SegmentedRaftLogWorker:Storage Directory /tmp/workdir/hadoop-ozone/integration-test/target/test-dir/MiniOzoneClusterImpl-b41edfef-7459-4e50-8f59-8d8a035a1c36/datanode-4/data/ratis/7d7fd1c7-09ec-43a2-847a-ff9890890d8b for RaftStorage:Storage Directory /tmp/workdir/hadoop-ozone/integration-test/target/test-dir/MiniOzoneClusterImpl-b41edfef-7459-4e50-8f59-8d8a035a1c36/datanode-4/data/ratis/7d7fd1c7-09ec-43a2-847a-ff9890890d8b
2019-07-13 12:36:50,433 INFO  server.RaftServerConfigKeys (ConfUtils.java:logGet(43)) - raft.server.log.appender.buffer.byte-limit = 33554432 (custom)
2019-07-13 12:36:50,433 INFO  server.RaftServerConfigKeys (ConfUtils.java:logGet(43)) - raft.server.log.queue.byte-limit = 2147483647 (custom)
2019-07-13 12:36:50,433 INFO  server.RaftServerConfigKeys (ConfUtils.java:logGet(43)) - raft.server.log.appender.buffer.byte-limit = 33554432 (custom)
2019-07-13 12:36:50,434 INFO  server.RaftServerConfigKeys (ConfUtils.java:logGet(43)) - raft.server.log.queue.element-limit = 1024 (custom)
2019-07-13 12:36:50,434 INFO  server.RaftServerConfigKeys (ConfUtils.java:logGet(43)) - raft.server.log.segment.size.max = 1048576 (custom)
2019-07-13 12:36:50,434 INFO  server.RaftServerConfigKeys (ConfUtils.java:logGet(43)) - raft.server.log.segment.size.max = 1048576 (custom)
2019-07-13 12:36:50,434 INFO  server.RaftServerConfigKeys (ConfUtils.java:logGet(43)) - raft.server.log.preallocated.size = 16384 (custom)
2019-07-13 12:36:50,434 INFO  server.RaftServerConfigKeys (ConfUtils.java:logGet(43)) - raft.server.log.segment.size.max = 1048576 (custom)
2019-07-13 12:36:50,435 INFO  server.RaftServerConfigKeys (ConfUtils.java:logGet(43)) - raft.server.log.write.buffer.size = 33554432 (custom)
2019-07-13 12:36:50,435 INFO  server.RaftServerConfigKeys (ConfUtils.java:logGet(43)) - raft.server.log.force.sync.num = 128 (default)
2019-07-13 12:36:50,434 INFO  server.RaftServerConfigKeys (ConfUtils.java:logGet(43)) - raft.server.log.segment.cache.num.max = 2 (custom)
2019-07-13 12:36:50,435 INFO  server.RaftServerConfigKeys (ConfUtils.java:logGet(43)) - raft.server.log.statemachine.data.sync = true (default)
2019-07-13 12:36:50,435 INFO  server.RaftServerConfigKeys (ConfUtils.java:logGet(43)) - raft.server.log.segment.cache.num.max = 2 (custom)
2019-07-13 12:36:50,435 INFO  server.RaftServerConfigKeys (ConfUtils.java:logGet(43)) - raft.server.log.statemachine.data.sync.timeout = 10s (default)
2019-07-13 12:36:50,435 INFO  segmented.SegmentedRaftLogWorker (SegmentedRaftLogWorker.java:<init>(172)) - new b8bf55c5-4407-4161-aa27-26eba85de527-SegmentedRaftLogWorker:Storage Directory /tmp/workdir/hadoop-ozone/integration-test/target/test-dir/MiniOzoneClusterImpl-b41edfef-7459-4e50-8f59-8d8a035a1c36/datanode-3/data/ratis/7d7fd1c7-09ec-43a2-847a-ff9890890d8b for RaftStorage:Storage Directory /tmp/workdir/hadoop-ozone/integration-test/target/test-dir/MiniOzoneClusterImpl-b41edfef-7459-4e50-8f59-8d8a035a1c36/datanode-3/data/ratis/7d7fd1c7-09ec-43a2-847a-ff9890890d8b
2019-07-13 12:36:50,436 INFO  server.RaftServerConfigKeys (ConfUtils.java:logGet(43)) - raft.server.log.statemachine.data.sync.timeout.retry = -1 (default)
2019-07-13 12:36:50,436 INFO  segmented.SegmentedRaftLogWorker (SegmentedRaftLogWorker.java:<init>(172)) - new 4b153f06-01de-4bce-8989-88eda3164a8a-SegmentedRaftLogWorker:Storage Directory /tmp/workdir/hadoop-ozone/integration-test/target/test-dir/MiniOzoneClusterImpl-b41edfef-7459-4e50-8f59-8d8a035a1c36/datanode-5/data/ratis/7d7fd1c7-09ec-43a2-847a-ff9890890d8b for RaftStorage:Storage Directory /tmp/workdir/hadoop-ozone/integration-test/target/test-dir/MiniOzoneClusterImpl-b41edfef-7459-4e50-8f59-8d8a035a1c36/datanode-5/data/ratis/7d7fd1c7-09ec-43a2-847a-ff9890890d8b
2019-07-13 12:36:50,436 INFO  server.RaftServerConfigKeys (ConfUtils.java:logGet(43)) - raft.server.log.statemachine.data.caching.enabled = true (custom)
2019-07-13 12:36:50,436 INFO  server.RaftServerConfigKeys (ConfUtils.java:logGet(43)) - raft.server.log.queue.byte-limit = 2147483647 (custom)
2019-07-13 12:36:50,437 INFO  segmented.SegmentedRaftLogWorker (SegmentedRaftLogWorker.java:lambda$new$0(132)) - efe5b0e3-1541-4c39-80b2-381129ba02f8-SegmentedRaftLogWorker:Storage Directory /tmp/workdir/hadoop-ozone/integration-test/target/test-dir/MiniOzoneClusterImpl-b41edfef-7459-4e50-8f59-8d8a035a1c36/datanode-4/data/ratis/7d7fd1c7-09ec-43a2-847a-ff9890890d8b: flushIndex: setUnconditionally 0 -> -1
2019-07-13 12:36:50,437 INFO  server.RaftServerConfigKeys (ConfUtils.java:logGet(43)) - raft.server.log.queue.element-limit = 1024 (custom)
2019-07-13 12:36:50,436 INFO  server.RaftServerConfigKeys (ConfUtils.java:logGet(43)) - raft.server.log.queue.byte-limit = 2147483647 (custom)
2019-07-13 12:36:50,437 INFO  server.RaftServerConfigKeys (ConfUtils.java:logGet(43)) - raft.server.snapshot.auto.trigger.enabled = true (custom)
2019-07-13 12:36:50,437 INFO  server.RaftServerConfigKeys (ConfUtils.java:logGet(43)) - raft.server.log.segment.size.max = 1048576 (custom)
2019-07-13 12:36:50,437 INFO  server.RaftServerConfigKeys (ConfUtils.java:logGet(43)) - raft.server.snapshot.auto.trigger.threshold = 10000 (custom)
2019-07-13 12:36:50,437 INFO  server.RaftServerConfigKeys (ConfUtils.java:logGet(43)) - raft.server.log.queue.element-limit = 1024 (custom)
2019-07-13 12:36:50,438 INFO  server.RaftServerConfigKeys (ConfUtils.java:logGet(43)) - raft.server.retrycache.expirytime = 600000ms (custom)
2019-07-13 12:36:50,438 INFO  server.RaftServerConfigKeys (ConfUtils.java:logGet(43)) - raft.server.log.preallocated.size = 16384 (custom)
2019-07-13 12:36:50,438 INFO  impl.RaftServerImpl (RaftServerImpl.java:start(180)) - efe5b0e3-1541-4c39-80b2-381129ba02f8: start group-FF9890890D8B
2019-07-13 12:36:50,438 INFO  impl.RaftServerImpl (RaftServerImpl.java:setRole(171)) - efe5b0e3-1541-4c39-80b2-381129ba02f8:group-FF9890890D8B changes role from null to FOLLOWER at term 0 for startAsFollower
2019-07-13 12:36:50,438 INFO  server.RaftServerConfigKeys (ConfUtils.java:logGet(43)) - raft.server.log.segment.size.max = 1048576 (custom)
2019-07-13 12:36:50,439 INFO  impl.RoleInfo (RoleInfo.java:updateAndGet(143)) - efe5b0e3-1541-4c39-80b2-381129ba02f8: start FollowerState
2019-07-13 12:36:50,438 INFO  server.RaftServerConfigKeys (ConfUtils.java:logGet(43)) - raft.server.log.write.buffer.size = 33554432 (custom)
2019-07-13 12:36:50,439 INFO  server.RaftServerConfigKeys (ConfUtils.java:logGet(43)) - raft.server.log.preallocated.size = 16384 (custom)
2019-07-13 12:36:50,439 INFO  util.JmxRegister (JmxRegister.java:tryRegister(44)) - Successfully registered JMX Bean with object name Ratis:service=RaftServer,group=group-FF9890890D8B,id=efe5b0e3-1541-4c39-80b2-381129ba02f8
2019-07-13 12:36:50,439 INFO  server.RaftServerConfigKeys (ConfUtils.java:logGet(43)) - raft.server.log.force.sync.num = 128 (default)
2019-07-13 12:36:50,439 INFO  server.RaftServerConfigKeys (ConfUtils.java:logGet(43)) - raft.server.log.write.buffer.size = 33554432 (custom)
2019-07-13 12:36:50,440 INFO  server.RaftServerConfigKeys (ConfUtils.java:logGet(43)) - raft.server.log.statemachine.data.sync = true (default)
2019-07-13 12:36:50,440 INFO  server.RaftServerConfigKeys (ConfUtils.java:logGet(43)) - raft.server.log.force.sync.num = 128 (default)
2019-07-13 12:36:50,440 INFO  server.RaftServerConfigKeys (ConfUtils.java:logGet(43)) - raft.server.log.statemachine.data.sync.timeout = 10s (default)
2019-07-13 12:36:50,440 INFO  server.RaftServerConfigKeys (ConfUtils.java:logGet(43)) - raft.server.log.statemachine.data.sync = true (default)
2019-07-13 12:36:50,440 INFO  server.RaftServerConfigKeys (ConfUtils.java:logGet(43)) - raft.server.log.statemachine.data.sync.timeout.retry = -1 (default)
2019-07-13 12:36:50,440 INFO  server.RaftServerConfigKeys (ConfUtils.java:logGet(43)) - raft.server.log.statemachine.data.sync.timeout = 10s (default)
2019-07-13 12:36:50,443 INFO  server.RaftServerConfigKeys (ConfUtils.java:logGet(43)) - raft.server.log.statemachine.data.caching.enabled = true (custom)
2019-07-13 12:36:50,443 INFO  server.RaftServerConfigKeys (ConfUtils.java:logGet(43)) - raft.server.log.statemachine.data.sync.timeout.retry = -1 (default)
2019-07-13 12:36:50,444 INFO  segmented.SegmentedRaftLogWorker (SegmentedRaftLogWorker.java:lambda$new$0(132)) - b8bf55c5-4407-4161-aa27-26eba85de527-SegmentedRaftLogWorker:Storage Directory /tmp/workdir/hadoop-ozone/integration-test/target/test-dir/MiniOzoneClusterImpl-b41edfef-7459-4e50-8f59-8d8a035a1c36/datanode-3/data/ratis/7d7fd1c7-09ec-43a2-847a-ff9890890d8b: flushIndex: setUnconditionally 0 -> -1
2019-07-13 12:36:50,444 INFO  server.RaftServerConfigKeys (ConfUtils.java:logGet(43)) - raft.server.log.statemachine.data.caching.enabled = true (custom)
2019-07-13 12:36:50,444 INFO  server.RaftServerConfigKeys (ConfUtils.java:logGet(43)) - raft.server.snapshot.auto.trigger.enabled = true (custom)
2019-07-13 12:36:50,444 INFO  segmented.SegmentedRaftLogWorker (SegmentedRaftLogWorker.java:lambda$new$0(132)) - 4b153f06-01de-4bce-8989-88eda3164a8a-SegmentedRaftLogWorker:Storage Directory /tmp/workdir/hadoop-ozone/integration-test/target/test-dir/MiniOzoneClusterImpl-b41edfef-7459-4e50-8f59-8d8a035a1c36/datanode-5/data/ratis/7d7fd1c7-09ec-43a2-847a-ff9890890d8b: flushIndex: setUnconditionally 0 -> -1
2019-07-13 12:36:50,444 INFO  server.RaftServerConfigKeys (ConfUtils.java:logGet(43)) - raft.server.snapshot.auto.trigger.threshold = 10000 (custom)
2019-07-13 12:36:50,445 INFO  server.RaftServerConfigKeys (ConfUtils.java:logGet(43)) - raft.server.snapshot.auto.trigger.enabled = true (custom)
2019-07-13 12:36:50,445 INFO  server.RaftServerConfigKeys (ConfUtils.java:logGet(43)) - raft.server.retrycache.expirytime = 600000ms (custom)
2019-07-13 12:36:50,445 INFO  server.RaftServerConfigKeys (ConfUtils.java:logGet(43)) - raft.server.snapshot.auto.trigger.threshold = 10000 (custom)
2019-07-13 12:36:50,445 INFO  impl.RaftServerImpl (RaftServerImpl.java:start(180)) - b8bf55c5-4407-4161-aa27-26eba85de527: start group-FF9890890D8B
2019-07-13 12:36:50,445 INFO  server.RaftServerConfigKeys (ConfUtils.java:logGet(43)) - raft.server.retrycache.expirytime = 600000ms (custom)
2019-07-13 12:36:50,445 INFO  impl.RaftServerImpl (RaftServerImpl.java:setRole(171)) - b8bf55c5-4407-4161-aa27-26eba85de527:group-FF9890890D8B changes role from null to FOLLOWER at term 0 for startAsFollower
2019-07-13 12:36:50,446 INFO  impl.RaftServerImpl (RaftServerImpl.java:start(180)) - 4b153f06-01de-4bce-8989-88eda3164a8a: start group-FF9890890D8B
2019-07-13 12:36:50,446 INFO  impl.RoleInfo (RoleInfo.java:updateAndGet(143)) - b8bf55c5-4407-4161-aa27-26eba85de527: start FollowerState
2019-07-13 12:36:50,446 INFO  impl.RaftServerImpl (RaftServerImpl.java:setRole(171)) - 4b153f06-01de-4bce-8989-88eda3164a8a:group-FF9890890D8B changes role from null to FOLLOWER at term 0 for startAsFollower
2019-07-13 12:36:50,446 INFO  impl.RoleInfo (RoleInfo.java:updateAndGet(143)) - 4b153f06-01de-4bce-8989-88eda3164a8a: start FollowerState
2019-07-13 12:36:50,446 INFO  util.JmxRegister (JmxRegister.java:tryRegister(44)) - Successfully registered JMX Bean with object name Ratis:service=RaftServer,group=group-FF9890890D8B,id=b8bf55c5-4407-4161-aa27-26eba85de527
2019-07-13 12:36:50,446 INFO  util.JmxRegister (JmxRegister.java:tryRegister(44)) - Successfully registered JMX Bean with object name Ratis:service=RaftServer,group=group-FF9890890D8B,id=4b153f06-01de-4bce-8989-88eda3164a8a
2019-07-13 12:36:50,453 INFO  pipeline.PipelineStateManager (PipelineStateManager.java:addPipeline(56)) - Created pipeline Pipeline[ Id: 7d7fd1c7-09ec-43a2-847a-ff9890890d8b, Nodes: b8bf55c5-4407-4161-aa27-26eba85de527{ip: 192.168.5.181, host: trunk-nightly-q2gwj-1111726333, networkLocation: /default-rack, certSerialId: null}4b153f06-01de-4bce-8989-88eda3164a8a{ip: 192.168.5.181, host: trunk-nightly-q2gwj-1111726333, networkLocation: /default-rack, certSerialId: null}efe5b0e3-1541-4c39-80b2-381129ba02f8{ip: 192.168.5.181, host: trunk-nightly-q2gwj-1111726333, networkLocation: /default-rack, certSerialId: null}, Type:RATIS, Factor:THREE, State:OPEN]
2019-07-13 12:36:50,543 INFO  node.SCMNodeManager (SCMNodeManager.java:register(269)) - Registered Data node : f69627c6-055c-4988-97b2-f833f800635c{ip: 192.168.5.181, host: trunk-nightly-q2gwj-1111726333, networkLocation: /default-rack, certSerialId: null}
2019-07-13 12:36:50,550 INFO  impl.RaftServerProxy (RaftServerProxy.java:addNew(89)) - f69627c6-055c-4988-97b2-f833f800635c: addNew group-B266A2AE8F93:[f69627c6-055c-4988-97b2-f833f800635c:192.168.5.181:44370] returns group-B266A2AE8F93:java.util.concurrent.CompletableFuture@2d4b5559[Not completed]
2019-07-13 12:36:50,551 INFO  impl.RaftServerImpl (RaftServerImpl.java:<init>(93)) - f69627c6-055c-4988-97b2-f833f800635c: new RaftServerImpl for group-B266A2AE8F93:[f69627c6-055c-4988-97b2-f833f800635c:192.168.5.181:44370] with ContainerStateMachine:uninitialized
2019-07-13 12:36:50,551 INFO  server.RaftServerConfigKeys (ConfUtils.java:logGet(43)) - raft.server.rpc.timeout.min = 5s (custom)
2019-07-13 12:36:50,552 INFO  server.RaftServerConfigKeys (ConfUtils.java:logGet(43)) - raft.server.rpc.timeout.max = 5200ms (custom)
2019-07-13 12:36:50,552 INFO  server.RaftServerConfigKeys (ConfUtils.java:logGet(43)) - raft.server.rpcslowness.timeout = 120s (custom)
2019-07-13 12:36:50,552 INFO  server.RaftServerConfigKeys (ConfUtils.java:logGet(43)) - raft.server.sleep.deviation.threshold = 300 (default)
2019-07-13 12:36:50,552 INFO  server.RaftServerConfigKeys (ConfUtils.java:logGet(43)) - raft.server.log.appender.install.snapshot.enabled = false (custom)
2019-07-13 12:36:50,552 INFO  impl.RaftServerImpl (ServerState.java:<init>(105)) - f69627c6-055c-4988-97b2-f833f800635c:group-B266A2AE8F93 ConfigurationManager, init=-1: [f69627c6-055c-4988-97b2-f833f800635c:192.168.5.181:44370], old=null, confs=<EMPTY_MAP>
2019-07-13 12:36:50,552 INFO  server.RaftServerConfigKeys (ConfUtils.java:logGet(43)) - raft.server.storage.dir = [/tmp/workdir/hadoop-ozone/integration-test/target/test-dir/MiniOzoneClusterImpl-b41edfef-7459-4e50-8f59-8d8a035a1c36/datanode-6/data/ratis] (custom)
2019-07-13 12:36:50,553 INFO  storage.RaftStorageDirectory (RaftStorageDirectory.java:analyzeStorage(246)) - The storage directory /tmp/workdir/hadoop-ozone/integration-test/target/test-dir/MiniOzoneClusterImpl-b41edfef-7459-4e50-8f59-8d8a035a1c36/datanode-6/data/ratis/8d5dd127-cf5b-440d-8661-b266a2ae8f93 does not exist. Creating ...
2019-07-13 12:36:50,555 INFO  ozone.MiniOzoneClusterImpl (MiniOzoneClusterImpl.java:lambda$waitForClusterToBeReady$0(142)) - Cluster is ready. Got 7 of 7 DN Heartbeats.
2019-07-13 12:36:50,566 INFO  storage.RaftStorageDirectory (RaftStorageDirectory.java:tryLock(328)) - Lock on /tmp/workdir/hadoop-ozone/integration-test/target/test-dir/MiniOzoneClusterImpl-b41edfef-7459-4e50-8f59-8d8a035a1c36/datanode-6/data/ratis/8d5dd127-cf5b-440d-8661-b266a2ae8f93/in_use.lock acquired by nodename 32027@trunk-nightly-q2gwj-1111726333
2019-07-13 12:36:50,570 INFO  storage.RaftStorage (RaftStorage.java:format(72)) - Storage directory /tmp/workdir/hadoop-ozone/integration-test/target/test-dir/MiniOzoneClusterImpl-b41edfef-7459-4e50-8f59-8d8a035a1c36/datanode-6/data/ratis/8d5dd127-cf5b-440d-8661-b266a2ae8f93 has been successfully formatted.
2019-07-13 12:36:50,571 INFO  ratis.ContainerStateMachine (ContainerStateMachine.java:loadSnapshot(200)) - The snapshot info is null.Setting the last applied index to:(t:0, i:~)
2019-07-13 12:36:50,571 INFO  server.RaftServerConfigKeys (ConfUtils.java:logGet(43)) - raft.server.leader.election.timeout = 120s (custom)
2019-07-13 12:36:50,571 INFO  server.RaftServerConfigKeys (ConfUtils.java:logGet(43)) - raft.server.log.use.memory = false (default)
2019-07-13 12:36:50,571 INFO  server.RaftServerConfigKeys (ConfUtils.java:logGet(43)) - raft.server.log.purge.gap = 1000000000 (custom)
2019-07-13 12:36:50,571 INFO  server.RaftServerConfigKeys (ConfUtils.java:logGet(43)) - raft.server.log.appender.buffer.byte-limit = 33554432 (custom)
2019-07-13 12:36:50,576 INFO  server.RaftServerConfigKeys (ConfUtils.java:logGet(43)) - raft.server.log.segment.size.max = 1048576 (custom)
2019-07-13 12:36:50,586 INFO  server.RaftServerConfigKeys (ConfUtils.java:logGet(43)) - raft.server.log.segment.cache.num.max = 2 (custom)
2019-07-13 12:36:50,586 INFO  segmented.SegmentedRaftLogWorker (SegmentedRaftLogWorker.java:<init>(172)) - new f69627c6-055c-4988-97b2-f833f800635c-SegmentedRaftLogWorker:Storage Directory /tmp/workdir/hadoop-ozone/integration-test/target/test-dir/MiniOzoneClusterImpl-b41edfef-7459-4e50-8f59-8d8a035a1c36/datanode-6/data/ratis/8d5dd127-cf5b-440d-8661-b266a2ae8f93 for RaftStorage:Storage Directory /tmp/workdir/hadoop-ozone/integration-test/target/test-dir/MiniOzoneClusterImpl-b41edfef-7459-4e50-8f59-8d8a035a1c36/datanode-6/data/ratis/8d5dd127-cf5b-440d-8661-b266a2ae8f93
2019-07-13 12:36:50,586 INFO  server.RaftServerConfigKeys (ConfUtils.java:logGet(43)) - raft.server.log.queue.byte-limit = 2147483647 (custom)
2019-07-13 12:36:50,586 INFO  server.RaftServerConfigKeys (ConfUtils.java:logGet(43)) - raft.server.log.queue.element-limit = 1024 (custom)
2019-07-13 12:36:50,587 INFO  server.RaftServerConfigKeys (ConfUtils.java:logGet(43)) - raft.server.log.segment.size.max = 1048576 (custom)
2019-07-13 12:36:50,587 INFO  server.RaftServerConfigKeys (ConfUtils.java:logGet(43)) - raft.server.log.preallocated.size = 16384 (custom)
2019-07-13 12:36:50,587 INFO  server.RaftServerConfigKeys (ConfUtils.java:logGet(43)) - raft.server.log.write.buffer.size = 33554432 (custom)
2019-07-13 12:36:50,587 INFO  server.RaftServerConfigKeys (ConfUtils.java:logGet(43)) - raft.server.log.force.sync.num = 128 (default)
2019-07-13 12:36:50,587 INFO  server.RaftServerConfigKeys (ConfUtils.java:logGet(43)) - raft.server.log.statemachine.data.sync = true (default)
2019-07-13 12:36:50,587 INFO  server.RaftServerConfigKeys (ConfUtils.java:logGet(43)) - raft.server.log.statemachine.data.sync.timeout = 10s (default)
2019-07-13 12:36:50,588 INFO  server.RaftServerConfigKeys (ConfUtils.java:logGet(43)) - raft.server.log.statemachine.data.sync.timeout.retry = -1 (default)
2019-07-13 12:36:50,588 INFO  server.RaftServerConfigKeys (ConfUtils.java:logGet(43)) - raft.server.log.statemachine.data.caching.enabled = true (custom)
2019-07-13 12:36:50,588 INFO  segmented.SegmentedRaftLogWorker (SegmentedRaftLogWorker.java:lambda$new$0(132)) - f69627c6-055c-4988-97b2-f833f800635c-SegmentedRaftLogWorker:Storage Directory /tmp/workdir/hadoop-ozone/integration-test/target/test-dir/MiniOzoneClusterImpl-b41edfef-7459-4e50-8f59-8d8a035a1c36/datanode-6/data/ratis/8d5dd127-cf5b-440d-8661-b266a2ae8f93: flushIndex: setUnconditionally 0 -> -1
2019-07-13 12:36:50,589 INFO  server.RaftServerConfigKeys (ConfUtils.java:logGet(43)) - raft.server.snapshot.auto.trigger.enabled = true (custom)
2019-07-13 12:36:50,589 INFO  server.RaftServerConfigKeys (ConfUtils.java:logGet(43)) - raft.server.snapshot.auto.trigger.threshold = 10000 (custom)
2019-07-13 12:36:50,589 INFO  server.RaftServerConfigKeys (ConfUtils.java:logGet(43)) - raft.server.retrycache.expirytime = 600000ms (custom)
2019-07-13 12:36:50,589 INFO  impl.RaftServerImpl (RaftServerImpl.java:start(180)) - f69627c6-055c-4988-97b2-f833f800635c: start group-B266A2AE8F93
2019-07-13 12:36:50,589 INFO  impl.RaftServerImpl (RaftServerImpl.java:setRole(171)) - f69627c6-055c-4988-97b2-f833f800635c:group-B266A2AE8F93 changes role from null to FOLLOWER at term 0 for startAsFollower
2019-07-13 12:36:50,589 INFO  impl.RoleInfo (RoleInfo.java:updateAndGet(143)) - f69627c6-055c-4988-97b2-f833f800635c: start FollowerState
2019-07-13 12:36:50,589 INFO  rpc.RpcClient (RpcClient.java:createVolume(287)) - Creating Volume: testblockoutputstream, with jenkins1000 as owner.
2019-07-13 12:36:50,590 INFO  util.JmxRegister (JmxRegister.java:tryRegister(44)) - Successfully registered JMX Bean with object name Ratis:service=RaftServer,group=group-B266A2AE8F93,id=f69627c6-055c-4988-97b2-f833f800635c
2019-07-13 12:36:50,594 INFO  pipeline.PipelineStateManager (PipelineStateManager.java:addPipeline(56)) - Created pipeline Pipeline[ Id: 8d5dd127-cf5b-440d-8661-b266a2ae8f93, Nodes: f69627c6-055c-4988-97b2-f833f800635c{ip: 192.168.5.181, host: trunk-nightly-q2gwj-1111726333, networkLocation: /default-rack, certSerialId: null}, Type:RATIS, Factor:ONE, State:OPEN]
2019-07-13 12:36:50,620 INFO  rpc.RpcClient (RpcClient.java:createBucket(424)) - Creating Bucket: testblockoutputstream/testblockoutputstream, with Versioning false and Storage Type set to DISK and Encryption set to false 
2019-07-13 12:36:50,651 INFO  client.GrpcClientProtocolClient (GrpcClientProtocolClient.java:onNext(255)) - client-6A360C14E749->97ce1602-be71-4478-bd18-ce4b1b6fb469: receive RaftClientReply:client-6A360C14E749->97ce1602-be71-4478-bd18-ce4b1b6fb469@group-16338462593B, cid=176, FAILED org.apache.ratis.protocol.NotLeaderException: Server 97ce1602-be71-4478-bd18-ce4b1b6fb469 is not the leader (null). Request must be sent to leader., logIndex=0, commits[97ce1602-be71-4478-bd18-ce4b1b6fb469:c-1]
2019-07-13 12:36:51,671 INFO  client.GrpcClientProtocolClient (GrpcClientProtocolClient.java:onNext(255)) - client-6A360C14E749->77b5a38c-2a07-4201-bb4e-3546de442856: receive RaftClientReply:client-6A360C14E749->77b5a38c-2a07-4201-bb4e-3546de442856@group-16338462593B, cid=176, FAILED org.apache.ratis.protocol.NotLeaderException: Server 77b5a38c-2a07-4201-bb4e-3546de442856 is not the leader (null). Request must be sent to leader., logIndex=0, commits[77b5a38c-2a07-4201-bb4e-3546de442856:c-1]
2019-07-13 12:36:52,321 INFO  container.ReplicationManager (ReplicationManager.java:start(155)) - Starting Replication Monitor Thread.
2019-07-13 12:36:52,326 INFO  container.ReplicationManager (ReplicationManager.java:run(207)) - Replication Monitor Thread took 1 milliseconds for processing 1 containers.
2019-07-13 12:36:52,682 INFO  client.GrpcClientProtocolClient (GrpcClientProtocolClient.java:onNext(255)) - client-6A360C14E749->97ce1602-be71-4478-bd18-ce4b1b6fb469: receive RaftClientReply:client-6A360C14E749->97ce1602-be71-4478-bd18-ce4b1b6fb469@group-16338462593B, cid=176, FAILED org.apache.ratis.protocol.NotLeaderException: Server 97ce1602-be71-4478-bd18-ce4b1b6fb469 is not the leader (null). Request must be sent to leader., logIndex=0, commits[97ce1602-be71-4478-bd18-ce4b1b6fb469:c-1]
2019-07-13 12:36:53,697 INFO  client.GrpcClientProtocolClient (GrpcClientProtocolClient.java:onNext(255)) - client-6A360C14E749->1eae791d-00b9-4b23-a53d-57824a339a46: receive RaftClientReply:client-6A360C14E749->1eae791d-00b9-4b23-a53d-57824a339a46@group-16338462593B, cid=176, FAILED org.apache.ratis.protocol.NotLeaderException: Server 1eae791d-00b9-4b23-a53d-57824a339a46 is not the leader (null). Request must be sent to leader., logIndex=0, commits[1eae791d-00b9-4b23-a53d-57824a339a46:c-1]
2019-07-13 12:36:54,492 INFO  impl.FollowerState (FollowerState.java:run(106)) - 97ce1602-be71-4478-bd18-ce4b1b6fb469:group-1CF7397EB78D changes to CANDIDATE, lastRpcTime:5136, electionTimeout:5136ms
2019-07-13 12:36:54,492 INFO  impl.RoleInfo (RoleInfo.java:shutdownFollowerState(121)) - 97ce1602-be71-4478-bd18-ce4b1b6fb469: shutdown FollowerState
2019-07-13 12:36:54,492 INFO  impl.RaftServerImpl (RaftServerImpl.java:setRole(171)) - 97ce1602-be71-4478-bd18-ce4b1b6fb469:group-1CF7397EB78D changes role from FOLLOWER to CANDIDATE at term 0 for changeToCandidate
2019-07-13 12:36:54,492 INFO  impl.RoleInfo (RoleInfo.java:updateAndGet(143)) - 97ce1602-be71-4478-bd18-ce4b1b6fb469: start LeaderElection
2019-07-13 12:36:54,534 INFO  impl.LeaderElection (LeaderElection.java:askForVotes(181)) - 97ce1602-be71-4478-bd18-ce4b1b6fb469:group-1CF7397EB78D:LeaderElection71: begin an election at term 1 for -1: [97ce1602-be71-4478-bd18-ce4b1b6fb469:192.168.5.181:40878], old=null
2019-07-13 12:36:54,535 INFO  impl.RoleInfo (RoleInfo.java:shutdownLeaderElection(134)) - 97ce1602-be71-4478-bd18-ce4b1b6fb469: shutdown LeaderElection
2019-07-13 12:36:54,535 INFO  impl.RaftServerImpl (RaftServerImpl.java:setRole(171)) - 97ce1602-be71-4478-bd18-ce4b1b6fb469:group-1CF7397EB78D changes role from CANDIDATE to LEADER at term 1 for changeToLeader
2019-07-13 12:36:54,535 INFO  impl.RaftServerImpl (ServerState.java:setLeader(263)) - 97ce1602-be71-4478-bd18-ce4b1b6fb469:group-1CF7397EB78D change Leader from null to 97ce1602-be71-4478-bd18-ce4b1b6fb469 at term 1 for becomeLeader, leader elected after 5185ms
2019-07-13 12:36:54,535 INFO  server.RaftServerConfigKeys (ConfUtils.java:logGet(43)) - raft.server.staging.catchup.gap = 1000 (default)
2019-07-13 12:36:54,535 INFO  server.RaftServerConfigKeys (ConfUtils.java:logGet(43)) - raft.server.rpc.sleep.time = 25ms (default)
2019-07-13 12:36:54,535 INFO  server.RaftServerConfigKeys (ConfUtils.java:logGet(43)) - raft.server.write.element-limit = 4096 (default)
2019-07-13 12:36:54,536 INFO  server.RaftServerConfigKeys (ConfUtils.java:logGet(43)) - raft.server.watch.timeout = 10s (default)
2019-07-13 12:36:54,536 INFO  server.RaftServerConfigKeys (ConfUtils.java:logGet(43)) - raft.server.watch.timeout.denomination = 1s (default)
2019-07-13 12:36:54,536 INFO  server.RaftServerConfigKeys (ConfUtils.java:logGet(43)) - raft.server.watch.element-limit = 65536 (default)
2019-07-13 12:36:54,536 INFO  impl.RoleInfo (RoleInfo.java:updateAndGet(143)) - 97ce1602-be71-4478-bd18-ce4b1b6fb469: start LeaderState
2019-07-13 12:36:54,537 INFO  segmented.SegmentedRaftLogWorker (SegmentedRaftLogWorker.java:startLogSegment(380)) - 97ce1602-be71-4478-bd18-ce4b1b6fb469-SegmentedRaftLogWorker:Storage Directory /tmp/workdir/hadoop-ozone/integration-test/target/test-dir/MiniOzoneClusterImpl-b41edfef-7459-4e50-8f59-8d8a035a1c36/datanode-0/data/ratis/d74407ab-c470-4afe-a40c-1cf7397eb78d: Starting segment from index:0
2019-07-13 12:36:54,537 INFO  impl.RaftServerImpl (ServerState.java:setRaftConf(361)) - 97ce1602-be71-4478-bd18-ce4b1b6fb469:group-1CF7397EB78D set configuration 0: [97ce1602-be71-4478-bd18-ce4b1b6fb469:192.168.5.181:40878], old=null at 0
2019-07-13 12:36:54,580 INFO  segmented.SegmentedRaftLogWorker (SegmentedRaftLogWorker.java:execute(569)) - 97ce1602-be71-4478-bd18-ce4b1b6fb469-SegmentedRaftLogWorker:Storage Directory /tmp/workdir/hadoop-ozone/integration-test/target/test-dir/MiniOzoneClusterImpl-b41edfef-7459-4e50-8f59-8d8a035a1c36/datanode-0/data/ratis/d74407ab-c470-4afe-a40c-1cf7397eb78d: created new log segment /tmp/workdir/hadoop-ozone/integration-test/target/test-dir/MiniOzoneClusterImpl-b41edfef-7459-4e50-8f59-8d8a035a1c36/datanode-0/data/ratis/d74407ab-c470-4afe-a40c-1cf7397eb78d/current/log_inprogress_0
2019-07-13 12:36:54,697 INFO  impl.FollowerState (FollowerState.java:run(106)) - 1eae791d-00b9-4b23-a53d-57824a339a46:group-715A668832A7 changes to CANDIDATE, lastRpcTime:5163, electionTimeout:5163ms
2019-07-13 12:36:54,697 INFO  impl.RoleInfo (RoleInfo.java:shutdownFollowerState(121)) - 1eae791d-00b9-4b23-a53d-57824a339a46: shutdown FollowerState
2019-07-13 12:36:54,697 INFO  impl.RaftServerImpl (RaftServerImpl.java:setRole(171)) - 1eae791d-00b9-4b23-a53d-57824a339a46:group-715A668832A7 changes role from FOLLOWER to CANDIDATE at term 0 for changeToCandidate
2019-07-13 12:36:54,697 INFO  impl.RoleInfo (RoleInfo.java:updateAndGet(143)) - 1eae791d-00b9-4b23-a53d-57824a339a46: start LeaderElection
2019-07-13 12:36:54,714 INFO  client.GrpcClientProtocolClient (GrpcClientProtocolClient.java:onNext(255)) - client-6A360C14E749->77b5a38c-2a07-4201-bb4e-3546de442856: receive RaftClientReply:client-6A360C14E749->77b5a38c-2a07-4201-bb4e-3546de442856@group-16338462593B, cid=176, FAILED org.apache.ratis.protocol.NotLeaderException: Server 77b5a38c-2a07-4201-bb4e-3546de442856 is not the leader (null). Request must be sent to leader., logIndex=0, commits[77b5a38c-2a07-4201-bb4e-3546de442856:c-1]
2019-07-13 12:36:54,718 INFO  impl.LeaderElection (LeaderElection.java:askForVotes(181)) - 1eae791d-00b9-4b23-a53d-57824a339a46:group-715A668832A7:LeaderElection72: begin an election at term 1 for -1: [1eae791d-00b9-4b23-a53d-57824a339a46:192.168.5.181:44453], old=null
2019-07-13 12:36:54,718 INFO  impl.RoleInfo (RoleInfo.java:shutdownLeaderElection(134)) - 1eae791d-00b9-4b23-a53d-57824a339a46: shutdown LeaderElection
2019-07-13 12:36:54,718 INFO  impl.RaftServerImpl (RaftServerImpl.java:setRole(171)) - 1eae791d-00b9-4b23-a53d-57824a339a46:group-715A668832A7 changes role from CANDIDATE to LEADER at term 1 for changeToLeader
2019-07-13 12:36:54,718 INFO  impl.RaftServerImpl (ServerState.java:setLeader(263)) - 1eae791d-00b9-4b23-a53d-57824a339a46:group-715A668832A7 change Leader from null to 1eae791d-00b9-4b23-a53d-57824a339a46 at term 1 for becomeLeader, leader elected after 5189ms
2019-07-13 12:36:54,719 INFO  server.RaftServerConfigKeys (ConfUtils.java:logGet(43)) - raft.server.staging.catchup.gap = 1000 (default)
2019-07-13 12:36:54,719 INFO  server.RaftServerConfigKeys (ConfUtils.java:logGet(43)) - raft.server.rpc.sleep.time = 25ms (default)
2019-07-13 12:36:54,719 INFO  server.RaftServerConfigKeys (ConfUtils.java:logGet(43)) - raft.server.write.element-limit = 4096 (default)
2019-07-13 12:36:54,719 INFO  server.RaftServerConfigKeys (ConfUtils.java:logGet(43)) - raft.server.watch.timeout = 10s (default)
2019-07-13 12:36:54,719 INFO  server.RaftServerConfigKeys (ConfUtils.java:logGet(43)) - raft.server.watch.timeout.denomination = 1s (default)
2019-07-13 12:36:54,719 INFO  server.RaftServerConfigKeys (ConfUtils.java:logGet(43)) - raft.server.watch.element-limit = 65536 (default)
2019-07-13 12:36:54,720 INFO  impl.RoleInfo (RoleInfo.java:updateAndGet(143)) - 1eae791d-00b9-4b23-a53d-57824a339a46: start LeaderState
2019-07-13 12:36:54,720 INFO  segmented.SegmentedRaftLogWorker (SegmentedRaftLogWorker.java:startLogSegment(380)) - 1eae791d-00b9-4b23-a53d-57824a339a46-SegmentedRaftLogWorker:Storage Directory /tmp/workdir/hadoop-ozone/integration-test/target/test-dir/MiniOzoneClusterImpl-b41edfef-7459-4e50-8f59-8d8a035a1c36/datanode-1/data/ratis/bf511203-ea85-467e-ba0c-715a668832a7: Starting segment from index:0
2019-07-13 12:36:54,720 INFO  impl.RaftServerImpl (ServerState.java:setRaftConf(361)) - 1eae791d-00b9-4b23-a53d-57824a339a46:group-715A668832A7 set configuration 0: [1eae791d-00b9-4b23-a53d-57824a339a46:192.168.5.181:44453], old=null at 0
2019-07-13 12:36:54,751 INFO  segmented.SegmentedRaftLogWorker (SegmentedRaftLogWorker.java:execute(569)) - 1eae791d-00b9-4b23-a53d-57824a339a46-SegmentedRaftLogWorker:Storage Directory /tmp/workdir/hadoop-ozone/integration-test/target/test-dir/MiniOzoneClusterImpl-b41edfef-7459-4e50-8f59-8d8a035a1c36/datanode-1/data/ratis/bf511203-ea85-467e-ba0c-715a668832a7: created new log segment /tmp/workdir/hadoop-ozone/integration-test/target/test-dir/MiniOzoneClusterImpl-b41edfef-7459-4e50-8f59-8d8a035a1c36/datanode-1/data/ratis/bf511203-ea85-467e-ba0c-715a668832a7/current/log_inprogress_0
2019-07-13 12:36:54,977 INFO  impl.FollowerState (FollowerState.java:run(106)) - 77b5a38c-2a07-4201-bb4e-3546de442856:group-16338462593B changes to CANDIDATE, lastRpcTime:5029, electionTimeout:5029ms
2019-07-13 12:36:54,977 INFO  impl.RoleInfo (RoleInfo.java:shutdownFollowerState(121)) - 77b5a38c-2a07-4201-bb4e-3546de442856: shutdown FollowerState
2019-07-13 12:36:54,977 INFO  impl.RaftServerImpl (RaftServerImpl.java:setRole(171)) - 77b5a38c-2a07-4201-bb4e-3546de442856:group-16338462593B changes role from FOLLOWER to CANDIDATE at term 0 for changeToCandidate
2019-07-13 12:36:54,977 INFO  impl.RoleInfo (RoleInfo.java:updateAndGet(143)) - 77b5a38c-2a07-4201-bb4e-3546de442856: start LeaderElection
2019-07-13 12:36:54,988 INFO  impl.FollowerState (FollowerState.java:run(106)) - 97ce1602-be71-4478-bd18-ce4b1b6fb469:group-16338462593B changes to CANDIDATE, lastRpcTime:5046, electionTimeout:5046ms
2019-07-13 12:36:54,988 INFO  impl.RoleInfo (RoleInfo.java:shutdownFollowerState(121)) - 97ce1602-be71-4478-bd18-ce4b1b6fb469: shutdown FollowerState
2019-07-13 12:36:54,988 INFO  impl.RaftServerImpl (RaftServerImpl.java:setRole(171)) - 97ce1602-be71-4478-bd18-ce4b1b6fb469:group-16338462593B changes role from FOLLOWER to CANDIDATE at term 0 for changeToCandidate
2019-07-13 12:36:54,988 INFO  impl.RoleInfo (RoleInfo.java:updateAndGet(143)) - 97ce1602-be71-4478-bd18-ce4b1b6fb469: start LeaderElection
2019-07-13 12:36:54,991 INFO  impl.LeaderElection (LeaderElection.java:askForVotes(181)) - 77b5a38c-2a07-4201-bb4e-3546de442856:group-16338462593B:LeaderElection73: begin an election at term 1 for -1: [1eae791d-00b9-4b23-a53d-57824a339a46:192.168.5.181:44453, 77b5a38c-2a07-4201-bb4e-3546de442856:192.168.5.181:33406, 97ce1602-be71-4478-bd18-ce4b1b6fb469:192.168.5.181:40878], old=null
2019-07-13 12:36:54,997 INFO  impl.FollowerState (FollowerState.java:run(106)) - 1eae791d-00b9-4b23-a53d-57824a339a46:group-16338462593B changes to CANDIDATE, lastRpcTime:5049, electionTimeout:5049ms
2019-07-13 12:36:54,997 INFO  impl.RoleInfo (RoleInfo.java:shutdownFollowerState(121)) - 1eae791d-00b9-4b23-a53d-57824a339a46: shutdown FollowerState
2019-07-13 12:36:54,997 INFO  impl.RaftServerImpl (RaftServerImpl.java:setRole(171)) - 1eae791d-00b9-4b23-a53d-57824a339a46:group-16338462593B changes role from FOLLOWER to CANDIDATE at term 0 for changeToCandidate
2019-07-13 12:36:54,997 INFO  impl.RoleInfo (RoleInfo.java:updateAndGet(143)) - 1eae791d-00b9-4b23-a53d-57824a339a46: start LeaderElection
2019-07-13 12:36:55,000 INFO  impl.RaftServerImpl (RaftServerImpl.java:setRole(171)) - 1eae791d-00b9-4b23-a53d-57824a339a46:group-16338462593B changes role from CANDIDATE to FOLLOWER at term 1 for recognizeCandidate:77b5a38c-2a07-4201-bb4e-3546de442856
2019-07-13 12:36:55,000 INFO  impl.RoleInfo (RoleInfo.java:shutdownLeaderElection(134)) - 1eae791d-00b9-4b23-a53d-57824a339a46: shutdown LeaderElection
2019-07-13 12:36:55,001 INFO  impl.RoleInfo (RoleInfo.java:updateAndGet(143)) - 1eae791d-00b9-4b23-a53d-57824a339a46: start FollowerState
2019-07-13 12:36:55,006 INFO  impl.LeaderElection (LeaderElection.java:askForVotes(181)) - 97ce1602-be71-4478-bd18-ce4b1b6fb469:group-16338462593B:LeaderElection74: begin an election at term 1 for -1: [1eae791d-00b9-4b23-a53d-57824a339a46:192.168.5.181:44453, 77b5a38c-2a07-4201-bb4e-3546de442856:192.168.5.181:33406, 97ce1602-be71-4478-bd18-ce4b1b6fb469:192.168.5.181:40878], old=null
2019-07-13 12:36:55,018 INFO  impl.LeaderElection (LeaderElection.java:askForVotes(181)) - 1eae791d-00b9-4b23-a53d-57824a339a46:group-16338462593B:LeaderElection75: begin an election at term 2 for -1: [1eae791d-00b9-4b23-a53d-57824a339a46:192.168.5.181:44453, 77b5a38c-2a07-4201-bb4e-3546de442856:192.168.5.181:33406, 97ce1602-be71-4478-bd18-ce4b1b6fb469:192.168.5.181:40878], old=null
2019-07-13 12:36:55,018 INFO  impl.LeaderElection (LeaderElection.java:logAndReturn(56)) - 77b5a38c-2a07-4201-bb4e-3546de442856:group-16338462593B:LeaderElection73: Election REJECTED; received 2 response(s) [77b5a38c-2a07-4201-bb4e-3546de442856<-1eae791d-00b9-4b23-a53d-57824a339a46#0:FAIL-t1, 77b5a38c-2a07-4201-bb4e-3546de442856<-97ce1602-be71-4478-bd18-ce4b1b6fb469#0:FAIL-t1] and 0 exception(s); 77b5a38c-2a07-4201-bb4e-3546de442856:t1, leader=null, voted=77b5a38c-2a07-4201-bb4e-3546de442856, raftlog=77b5a38c-2a07-4201-bb4e-3546de442856-SegmentedRaftLog:OPENED:c-1,f-1,i0, conf=-1: [1eae791d-00b9-4b23-a53d-57824a339a46:192.168.5.181:44453, 77b5a38c-2a07-4201-bb4e-3546de442856:192.168.5.181:33406, 97ce1602-be71-4478-bd18-ce4b1b6fb469:192.168.5.181:40878], old=null
2019-07-13 12:36:55,019 INFO  impl.RaftServerImpl (RaftServerImpl.java:setRole(171)) - 77b5a38c-2a07-4201-bb4e-3546de442856:group-16338462593B changes role from CANDIDATE to FOLLOWER at term 1 for DISCOVERED_A_NEW_TERM
2019-07-13 12:36:55,019 INFO  impl.LeaderElection (LeaderElection.java:logAndReturn(56)) - 1eae791d-00b9-4b23-a53d-57824a339a46:group-16338462593B:LeaderElection75: Election REJECTED; received 0 response(s) [] and 0 exception(s); 1eae791d-00b9-4b23-a53d-57824a339a46:t2, leader=null, voted=1eae791d-00b9-4b23-a53d-57824a339a46, raftlog=1eae791d-00b9-4b23-a53d-57824a339a46-SegmentedRaftLog:OPENED:c-1,f-1,i0, conf=-1: [1eae791d-00b9-4b23-a53d-57824a339a46:192.168.5.181:44453, 77b5a38c-2a07-4201-bb4e-3546de442856:192.168.5.181:33406, 97ce1602-be71-4478-bd18-ce4b1b6fb469:192.168.5.181:40878], old=null
2019-07-13 12:36:55,019 INFO  impl.RoleInfo (RoleInfo.java:shutdownLeaderElection(134)) - 77b5a38c-2a07-4201-bb4e-3546de442856: shutdown LeaderElection
2019-07-13 12:36:55,019 INFO  impl.RoleInfo (RoleInfo.java:updateAndGet(143)) - 77b5a38c-2a07-4201-bb4e-3546de442856: start FollowerState
2019-07-13 12:36:55,025 INFO  impl.LeaderElection (LeaderElection.java:logAndReturn(56)) - 97ce1602-be71-4478-bd18-ce4b1b6fb469:group-16338462593B:LeaderElection74: Election DISCOVERED_A_NEW_TERM; received 1 response(s) [97ce1602-be71-4478-bd18-ce4b1b6fb469<-1eae791d-00b9-4b23-a53d-57824a339a46#0:FAIL-t2] and 0 exception(s); 97ce1602-be71-4478-bd18-ce4b1b6fb469:t1, leader=null, voted=97ce1602-be71-4478-bd18-ce4b1b6fb469, raftlog=97ce1602-be71-4478-bd18-ce4b1b6fb469-SegmentedRaftLog:OPENED:c-1,f-1,i0, conf=-1: [1eae791d-00b9-4b23-a53d-57824a339a46:192.168.5.181:44453, 77b5a38c-2a07-4201-bb4e-3546de442856:192.168.5.181:33406, 97ce1602-be71-4478-bd18-ce4b1b6fb469:192.168.5.181:40878], old=null
2019-07-13 12:36:55,028 INFO  impl.RaftServerImpl (RaftServerImpl.java:setRole(171)) - 77b5a38c-2a07-4201-bb4e-3546de442856:group-16338462593B changes role from FOLLOWER to FOLLOWER at term 2 for recognizeCandidate:1eae791d-00b9-4b23-a53d-57824a339a46
2019-07-13 12:36:55,028 INFO  impl.RaftServerImpl (RaftServerImpl.java:setRole(171)) - 97ce1602-be71-4478-bd18-ce4b1b6fb469:group-16338462593B changes role from CANDIDATE to FOLLOWER at term 2 for recognizeCandidate:1eae791d-00b9-4b23-a53d-57824a339a46
2019-07-13 12:36:55,028 INFO  impl.RoleInfo (RoleInfo.java:shutdownFollowerState(121)) - 77b5a38c-2a07-4201-bb4e-3546de442856: shutdown FollowerState
2019-07-13 12:36:55,028 INFO  impl.RoleInfo (RoleInfo.java:shutdownLeaderElection(134)) - 97ce1602-be71-4478-bd18-ce4b1b6fb469: shutdown LeaderElection
2019-07-13 12:36:55,029 INFO  impl.FollowerState (FollowerState.java:run(114)) - 77b5a38c-2a07-4201-bb4e-3546de442856: FollowerState was interrupted: java.lang.InterruptedException: sleep interrupted
2019-07-13 12:36:55,029 INFO  impl.RoleInfo (RoleInfo.java:updateAndGet(143)) - 77b5a38c-2a07-4201-bb4e-3546de442856: start FollowerState
2019-07-13 12:36:55,029 INFO  impl.RoleInfo (RoleInfo.java:updateAndGet(143)) - 97ce1602-be71-4478-bd18-ce4b1b6fb469: start FollowerState
2019-07-13 12:36:55,040 INFO  impl.FollowerState (FollowerState.java:run(106)) - 77b5a38c-2a07-4201-bb4e-3546de442856:group-6EE174C3C319 changes to CANDIDATE, lastRpcTime:5152, electionTimeout:5150ms
2019-07-13 12:36:55,040 INFO  impl.RoleInfo (RoleInfo.java:shutdownFollowerState(121)) - 77b5a38c-2a07-4201-bb4e-3546de442856: shutdown FollowerState
2019-07-13 12:36:55,040 INFO  impl.RaftServerImpl (RaftServerImpl.java:setRole(171)) - 77b5a38c-2a07-4201-bb4e-3546de442856:group-6EE174C3C319 changes role from FOLLOWER to CANDIDATE at term 0 for changeToCandidate
2019-07-13 12:36:55,042 INFO  impl.RoleInfo (RoleInfo.java:updateAndGet(143)) - 77b5a38c-2a07-4201-bb4e-3546de442856: start LeaderElection
2019-07-13 12:36:55,060 INFO  impl.LeaderElection (LeaderElection.java:askForVotes(181)) - 77b5a38c-2a07-4201-bb4e-3546de442856:group-6EE174C3C319:LeaderElection76: begin an election at term 1 for -1: [77b5a38c-2a07-4201-bb4e-3546de442856:192.168.5.181:33406], old=null
2019-07-13 12:36:55,061 INFO  impl.RoleInfo (RoleInfo.java:shutdownLeaderElection(134)) - 77b5a38c-2a07-4201-bb4e-3546de442856: shutdown LeaderElection
2019-07-13 12:36:55,061 INFO  impl.RaftServerImpl (RaftServerImpl.java:setRole(171)) - 77b5a38c-2a07-4201-bb4e-3546de442856:group-6EE174C3C319 changes role from CANDIDATE to LEADER at term 1 for changeToLeader
2019-07-13 12:36:55,061 INFO  impl.RaftServerImpl (ServerState.java:setLeader(263)) - 77b5a38c-2a07-4201-bb4e-3546de442856:group-6EE174C3C319 change Leader from null to 77b5a38c-2a07-4201-bb4e-3546de442856 at term 1 for becomeLeader, leader elected after 5178ms
2019-07-13 12:36:55,061 INFO  server.RaftServerConfigKeys (ConfUtils.java:logGet(43)) - raft.server.staging.catchup.gap = 1000 (default)
2019-07-13 12:36:55,061 INFO  server.RaftServerConfigKeys (ConfUtils.java:logGet(43)) - raft.server.rpc.sleep.time = 25ms (default)
2019-07-13 12:36:55,061 INFO  server.RaftServerConfigKeys (ConfUtils.java:logGet(43)) - raft.server.write.element-limit = 4096 (default)
2019-07-13 12:36:55,061 INFO  server.RaftServerConfigKeys (ConfUtils.java:logGet(43)) - raft.server.watch.timeout = 10s (default)
2019-07-13 12:36:55,061 INFO  server.RaftServerConfigKeys (ConfUtils.java:logGet(43)) - raft.server.watch.timeout.denomination = 1s (default)
2019-07-13 12:36:55,062 INFO  server.RaftServerConfigKeys (ConfUtils.java:logGet(43)) - raft.server.watch.element-limit = 65536 (default)
2019-07-13 12:36:55,062 INFO  impl.RoleInfo (RoleInfo.java:updateAndGet(143)) - 77b5a38c-2a07-4201-bb4e-3546de442856: start LeaderState
2019-07-13 12:36:55,062 INFO  segmented.SegmentedRaftLogWorker (SegmentedRaftLogWorker.java:startLogSegment(380)) - 77b5a38c-2a07-4201-bb4e-3546de442856-SegmentedRaftLogWorker:Storage Directory /tmp/workdir/hadoop-ozone/integration-test/target/test-dir/MiniOzoneClusterImpl-b41edfef-7459-4e50-8f59-8d8a035a1c36/datanode-2/data/ratis/a6198af0-9da0-459b-8583-6ee174c3c319: Starting segment from index:0
2019-07-13 12:36:55,063 INFO  impl.RaftServerImpl (ServerState.java:setRaftConf(361)) - 77b5a38c-2a07-4201-bb4e-3546de442856:group-6EE174C3C319 set configuration 0: [77b5a38c-2a07-4201-bb4e-3546de442856:192.168.5.181:33406], old=null at 0
2019-07-13 12:36:55,084 INFO  segmented.SegmentedRaftLogWorker (SegmentedRaftLogWorker.java:execute(569)) - 77b5a38c-2a07-4201-bb4e-3546de442856-SegmentedRaftLogWorker:Storage Directory /tmp/workdir/hadoop-ozone/integration-test/target/test-dir/MiniOzoneClusterImpl-b41edfef-7459-4e50-8f59-8d8a035a1c36/datanode-2/data/ratis/a6198af0-9da0-459b-8583-6ee174c3c319: created new log segment /tmp/workdir/hadoop-ozone/integration-test/target/test-dir/MiniOzoneClusterImpl-b41edfef-7459-4e50-8f59-8d8a035a1c36/datanode-2/data/ratis/a6198af0-9da0-459b-8583-6ee174c3c319/current/log_inprogress_0
2019-07-13 12:36:55,149 INFO  impl.FollowerState (FollowerState.java:run(106)) - b8bf55c5-4407-4161-aa27-26eba85de527:group-B0198B212DC2 changes to CANDIDATE, lastRpcTime:5059, electionTimeout:5049ms
2019-07-13 12:36:55,150 INFO  impl.RoleInfo (RoleInfo.java:shutdownFollowerState(121)) - b8bf55c5-4407-4161-aa27-26eba85de527: shutdown FollowerState
2019-07-13 12:36:55,150 INFO  impl.RaftServerImpl (RaftServerImpl.java:setRole(171)) - b8bf55c5-4407-4161-aa27-26eba85de527:group-B0198B212DC2 changes role from FOLLOWER to CANDIDATE at term 0 for changeToCandidate
2019-07-13 12:36:55,150 INFO  impl.RoleInfo (RoleInfo.java:updateAndGet(143)) - b8bf55c5-4407-4161-aa27-26eba85de527: start LeaderElection
2019-07-13 12:36:55,176 INFO  impl.LeaderElection (LeaderElection.java:askForVotes(181)) - b8bf55c5-4407-4161-aa27-26eba85de527:group-B0198B212DC2:LeaderElection77: begin an election at term 1 for -1: [b8bf55c5-4407-4161-aa27-26eba85de527:192.168.5.181:35639], old=null
2019-07-13 12:36:55,176 INFO  impl.RoleInfo (RoleInfo.java:shutdownLeaderElection(134)) - b8bf55c5-4407-4161-aa27-26eba85de527: shutdown LeaderElection
2019-07-13 12:36:55,176 INFO  impl.RaftServerImpl (RaftServerImpl.java:setRole(171)) - b8bf55c5-4407-4161-aa27-26eba85de527:group-B0198B212DC2 changes role from CANDIDATE to LEADER at term 1 for changeToLeader
2019-07-13 12:36:55,176 INFO  impl.RaftServerImpl (ServerState.java:setLeader(263)) - b8bf55c5-4407-4161-aa27-26eba85de527:group-B0198B212DC2 change Leader from null to b8bf55c5-4407-4161-aa27-26eba85de527 at term 1 for becomeLeader, leader elected after 5091ms
2019-07-13 12:36:55,177 INFO  server.RaftServerConfigKeys (ConfUtils.java:logGet(43)) - raft.server.staging.catchup.gap = 1000 (default)
2019-07-13 12:36:55,177 INFO  server.RaftServerConfigKeys (ConfUtils.java:logGet(43)) - raft.server.rpc.sleep.time = 25ms (default)
2019-07-13 12:36:55,177 INFO  server.RaftServerConfigKeys (ConfUtils.java:logGet(43)) - raft.server.write.element-limit = 4096 (default)
2019-07-13 12:36:55,177 INFO  server.RaftServerConfigKeys (ConfUtils.java:logGet(43)) - raft.server.watch.timeout = 10s (default)
2019-07-13 12:36:55,177 INFO  server.RaftServerConfigKeys (ConfUtils.java:logGet(43)) - raft.server.watch.timeout.denomination = 1s (default)
2019-07-13 12:36:55,177 INFO  server.RaftServerConfigKeys (ConfUtils.java:logGet(43)) - raft.server.watch.element-limit = 65536 (default)
2019-07-13 12:36:55,178 INFO  impl.RoleInfo (RoleInfo.java:updateAndGet(143)) - b8bf55c5-4407-4161-aa27-26eba85de527: start LeaderState
2019-07-13 12:36:55,178 INFO  segmented.SegmentedRaftLogWorker (SegmentedRaftLogWorker.java:startLogSegment(380)) - b8bf55c5-4407-4161-aa27-26eba85de527-SegmentedRaftLogWorker:Storage Directory /tmp/workdir/hadoop-ozone/integration-test/target/test-dir/MiniOzoneClusterImpl-b41edfef-7459-4e50-8f59-8d8a035a1c36/datanode-3/data/ratis/7e372af1-d142-4df1-8e67-b0198b212dc2: Starting segment from index:0
2019-07-13 12:36:55,178 INFO  impl.RaftServerImpl (ServerState.java:setRaftConf(361)) - b8bf55c5-4407-4161-aa27-26eba85de527:group-B0198B212DC2 set configuration 0: [b8bf55c5-4407-4161-aa27-26eba85de527:192.168.5.181:35639], old=null at 0
2019-07-13 12:36:55,203 INFO  segmented.SegmentedRaftLogWorker (SegmentedRaftLogWorker.java:execute(569)) - b8bf55c5-4407-4161-aa27-26eba85de527-SegmentedRaftLogWorker:Storage Directory /tmp/workdir/hadoop-ozone/integration-test/target/test-dir/MiniOzoneClusterImpl-b41edfef-7459-4e50-8f59-8d8a035a1c36/datanode-3/data/ratis/7e372af1-d142-4df1-8e67-b0198b212dc2: created new log segment /tmp/workdir/hadoop-ozone/integration-test/target/test-dir/MiniOzoneClusterImpl-b41edfef-7459-4e50-8f59-8d8a035a1c36/datanode-3/data/ratis/7e372af1-d142-4df1-8e67-b0198b212dc2/current/log_inprogress_0
2019-07-13 12:36:55,406 INFO  impl.FollowerState (FollowerState.java:run(106)) - efe5b0e3-1541-4c39-80b2-381129ba02f8:group-12BA917433D8 changes to CANDIDATE, lastRpcTime:5171, electionTimeout:5171ms
2019-07-13 12:36:55,406 INFO  impl.RoleInfo (RoleInfo.java:shutdownFollowerState(121)) - efe5b0e3-1541-4c39-80b2-381129ba02f8: shutdown FollowerState
2019-07-13 12:36:55,407 INFO  impl.RaftServerImpl (RaftServerImpl.java:setRole(171)) - efe5b0e3-1541-4c39-80b2-381129ba02f8:group-12BA917433D8 changes role from FOLLOWER to CANDIDATE at term 0 for changeToCandidate
2019-07-13 12:36:55,407 INFO  impl.RoleInfo (RoleInfo.java:updateAndGet(143)) - efe5b0e3-1541-4c39-80b2-381129ba02f8: start LeaderElection
2019-07-13 12:36:55,416 INFO  impl.LeaderElection (LeaderElection.java:askForVotes(181)) - efe5b0e3-1541-4c39-80b2-381129ba02f8:group-12BA917433D8:LeaderElection78: begin an election at term 1 for -1: [efe5b0e3-1541-4c39-80b2-381129ba02f8:192.168.5.181:36612], old=null
2019-07-13 12:36:55,416 INFO  impl.RoleInfo (RoleInfo.java:shutdownLeaderElection(134)) - efe5b0e3-1541-4c39-80b2-381129ba02f8: shutdown LeaderElection
2019-07-13 12:36:55,416 INFO  impl.RaftServerImpl (RaftServerImpl.java:setRole(171)) - efe5b0e3-1541-4c39-80b2-381129ba02f8:group-12BA917433D8 changes role from CANDIDATE to LEADER at term 1 for changeToLeader
2019-07-13 12:36:55,416 INFO  impl.RaftServerImpl (ServerState.java:setLeader(263)) - efe5b0e3-1541-4c39-80b2-381129ba02f8:group-12BA917433D8 change Leader from null to efe5b0e3-1541-4c39-80b2-381129ba02f8 at term 1 for becomeLeader, leader elected after 5186ms
2019-07-13 12:36:55,417 INFO  server.RaftServerConfigKeys (ConfUtils.java:logGet(43)) - raft.server.staging.catchup.gap = 1000 (default)
2019-07-13 12:36:55,417 INFO  server.RaftServerConfigKeys (ConfUtils.java:logGet(43)) - raft.server.rpc.sleep.time = 25ms (default)
2019-07-13 12:36:55,417 INFO  server.RaftServerConfigKeys (ConfUtils.java:logGet(43)) - raft.server.write.element-limit = 4096 (default)
2019-07-13 12:36:55,417 INFO  server.RaftServerConfigKeys (ConfUtils.java:logGet(43)) - raft.server.watch.timeout = 10s (default)
2019-07-13 12:36:55,417 INFO  server.RaftServerConfigKeys (ConfUtils.java:logGet(43)) - raft.server.watch.timeout.denomination = 1s (default)
2019-07-13 12:36:55,418 INFO  server.RaftServerConfigKeys (ConfUtils.java:logGet(43)) - raft.server.watch.element-limit = 65536 (default)
2019-07-13 12:36:55,418 INFO  impl.RoleInfo (RoleInfo.java:updateAndGet(143)) - efe5b0e3-1541-4c39-80b2-381129ba02f8: start LeaderState
2019-07-13 12:36:55,418 INFO  segmented.SegmentedRaftLogWorker (SegmentedRaftLogWorker.java:startLogSegment(380)) - efe5b0e3-1541-4c39-80b2-381129ba02f8-SegmentedRaftLogWorker:Storage Directory /tmp/workdir/hadoop-ozone/integration-test/target/test-dir/MiniOzoneClusterImpl-b41edfef-7459-4e50-8f59-8d8a035a1c36/datanode-4/data/ratis/65f16476-3544-4316-b930-12ba917433d8: Starting segment from index:0
2019-07-13 12:36:55,418 INFO  impl.RaftServerImpl (ServerState.java:setRaftConf(361)) - efe5b0e3-1541-4c39-80b2-381129ba02f8:group-12BA917433D8 set configuration 0: [efe5b0e3-1541-4c39-80b2-381129ba02f8:192.168.5.181:36612], old=null at 0
2019-07-13 12:36:55,441 INFO  segmented.SegmentedRaftLogWorker (SegmentedRaftLogWorker.java:execute(569)) - efe5b0e3-1541-4c39-80b2-381129ba02f8-SegmentedRaftLogWorker:Storage Directory /tmp/workdir/hadoop-ozone/integration-test/target/test-dir/MiniOzoneClusterImpl-b41edfef-7459-4e50-8f59-8d8a035a1c36/datanode-4/data/ratis/65f16476-3544-4316-b930-12ba917433d8: created new log segment /tmp/workdir/hadoop-ozone/integration-test/target/test-dir/MiniOzoneClusterImpl-b41edfef-7459-4e50-8f59-8d8a035a1c36/datanode-4/data/ratis/65f16476-3544-4316-b930-12ba917433d8/current/log_inprogress_0
2019-07-13 12:36:55,482 INFO  impl.FollowerState (FollowerState.java:run(106)) - 4b153f06-01de-4bce-8989-88eda3164a8a:group-D1CCF04C11FC changes to CANDIDATE, lastRpcTime:5081, electionTimeout:5081ms
2019-07-13 12:36:55,482 INFO  impl.RoleInfo (RoleInfo.java:shutdownFollowerState(121)) - 4b153f06-01de-4bce-8989-88eda3164a8a: shutdown FollowerState
2019-07-13 12:36:55,482 INFO  impl.RaftServerImpl (RaftServerImpl.java:setRole(171)) - 4b153f06-01de-4bce-8989-88eda3164a8a:group-D1CCF04C11FC changes role from FOLLOWER to CANDIDATE at term 0 for changeToCandidate
2019-07-13 12:36:55,482 INFO  impl.RoleInfo (RoleInfo.java:updateAndGet(143)) - 4b153f06-01de-4bce-8989-88eda3164a8a: start LeaderElection
2019-07-13 12:36:55,500 INFO  impl.LeaderElection (LeaderElection.java:askForVotes(181)) - 4b153f06-01de-4bce-8989-88eda3164a8a:group-D1CCF04C11FC:LeaderElection79: begin an election at term 1 for -1: [4b153f06-01de-4bce-8989-88eda3164a8a:192.168.5.181:46764], old=null
2019-07-13 12:36:55,500 INFO  impl.RoleInfo (RoleInfo.java:shutdownLeaderElection(134)) - 4b153f06-01de-4bce-8989-88eda3164a8a: shutdown LeaderElection
2019-07-13 12:36:55,501 INFO  impl.RaftServerImpl (RaftServerImpl.java:setRole(171)) - 4b153f06-01de-4bce-8989-88eda3164a8a:group-D1CCF04C11FC changes role from CANDIDATE to LEADER at term 1 for changeToLeader
2019-07-13 12:36:55,501 INFO  impl.RaftServerImpl (ServerState.java:setLeader(263)) - 4b153f06-01de-4bce-8989-88eda3164a8a:group-D1CCF04C11FC change Leader from null to 4b153f06-01de-4bce-8989-88eda3164a8a at term 1 for becomeLeader, leader elected after 5105ms
2019-07-13 12:36:55,501 INFO  server.RaftServerConfigKeys (ConfUtils.java:logGet(43)) - raft.server.staging.catchup.gap = 1000 (default)
2019-07-13 12:36:55,501 INFO  server.RaftServerConfigKeys (ConfUtils.java:logGet(43)) - raft.server.rpc.sleep.time = 25ms (default)
2019-07-13 12:36:55,501 INFO  server.RaftServerConfigKeys (ConfUtils.java:logGet(43)) - raft.server.write.element-limit = 4096 (default)
2019-07-13 12:36:55,501 INFO  server.RaftServerConfigKeys (ConfUtils.java:logGet(43)) - raft.server.watch.timeout = 10s (default)
2019-07-13 12:36:55,501 INFO  server.RaftServerConfigKeys (ConfUtils.java:logGet(43)) - raft.server.watch.timeout.denomination = 1s (default)
2019-07-13 12:36:55,502 INFO  server.RaftServerConfigKeys (ConfUtils.java:logGet(43)) - raft.server.watch.element-limit = 65536 (default)
2019-07-13 12:36:55,502 INFO  impl.RoleInfo (RoleInfo.java:updateAndGet(143)) - 4b153f06-01de-4bce-8989-88eda3164a8a: start LeaderState
2019-07-13 12:36:55,502 INFO  segmented.SegmentedRaftLogWorker (SegmentedRaftLogWorker.java:startLogSegment(380)) - 4b153f06-01de-4bce-8989-88eda3164a8a-SegmentedRaftLogWorker:Storage Directory /tmp/workdir/hadoop-ozone/integration-test/target/test-dir/MiniOzoneClusterImpl-b41edfef-7459-4e50-8f59-8d8a035a1c36/datanode-5/data/ratis/cca127ae-976c-46ba-9b73-d1ccf04c11fc: Starting segment from index:0
2019-07-13 12:36:55,502 INFO  impl.RaftServerImpl (ServerState.java:setRaftConf(361)) - 4b153f06-01de-4bce-8989-88eda3164a8a:group-D1CCF04C11FC set configuration 0: [4b153f06-01de-4bce-8989-88eda3164a8a:192.168.5.181:46764], old=null at 0
2019-07-13 12:36:55,534 INFO  segmented.SegmentedRaftLogWorker (SegmentedRaftLogWorker.java:execute(569)) - 4b153f06-01de-4bce-8989-88eda3164a8a-SegmentedRaftLogWorker:Storage Directory /tmp/workdir/hadoop-ozone/integration-test/target/test-dir/MiniOzoneClusterImpl-b41edfef-7459-4e50-8f59-8d8a035a1c36/datanode-5/data/ratis/cca127ae-976c-46ba-9b73-d1ccf04c11fc: created new log segment /tmp/workdir/hadoop-ozone/integration-test/target/test-dir/MiniOzoneClusterImpl-b41edfef-7459-4e50-8f59-8d8a035a1c36/datanode-5/data/ratis/cca127ae-976c-46ba-9b73-d1ccf04c11fc/current/log_inprogress_0
2019-07-13 12:36:55,555 INFO  impl.FollowerState (FollowerState.java:run(106)) - b8bf55c5-4407-4161-aa27-26eba85de527:group-FF9890890D8B changes to CANDIDATE, lastRpcTime:5109, electionTimeout:5109ms
2019-07-13 12:36:55,555 INFO  impl.RoleInfo (RoleInfo.java:shutdownFollowerState(121)) - b8bf55c5-4407-4161-aa27-26eba85de527: shutdown FollowerState
2019-07-13 12:36:55,556 INFO  impl.RaftServerImpl (RaftServerImpl.java:setRole(171)) - b8bf55c5-4407-4161-aa27-26eba85de527:group-FF9890890D8B changes role from FOLLOWER to CANDIDATE at term 0 for changeToCandidate
2019-07-13 12:36:55,556 INFO  impl.RoleInfo (RoleInfo.java:updateAndGet(143)) - b8bf55c5-4407-4161-aa27-26eba85de527: start LeaderElection
2019-07-13 12:36:55,572 INFO  impl.FollowerState (FollowerState.java:run(106)) - 4b153f06-01de-4bce-8989-88eda3164a8a:group-FF9890890D8B changes to CANDIDATE, lastRpcTime:5125, electionTimeout:5125ms
2019-07-13 12:36:55,572 INFO  impl.RoleInfo (RoleInfo.java:shutdownFollowerState(121)) - 4b153f06-01de-4bce-8989-88eda3164a8a: shutdown FollowerState
2019-07-13 12:36:55,572 INFO  impl.RaftServerImpl (RaftServerImpl.java:setRole(171)) - 4b153f06-01de-4bce-8989-88eda3164a8a:group-FF9890890D8B changes role from FOLLOWER to CANDIDATE at term 0 for changeToCandidate
2019-07-13 12:36:55,572 INFO  impl.RoleInfo (RoleInfo.java:updateAndGet(143)) - 4b153f06-01de-4bce-8989-88eda3164a8a: start LeaderElection
2019-07-13 12:36:55,572 INFO  impl.LeaderElection (LeaderElection.java:askForVotes(181)) - b8bf55c5-4407-4161-aa27-26eba85de527:group-FF9890890D8B:LeaderElection80: begin an election at term 1 for -1: [4b153f06-01de-4bce-8989-88eda3164a8a:192.168.5.181:46764, b8bf55c5-4407-4161-aa27-26eba85de527:192.168.5.181:35639, efe5b0e3-1541-4c39-80b2-381129ba02f8:192.168.5.181:36612], old=null
2019-07-13 12:36:55,582 INFO  impl.LeaderElection (LeaderElection.java:askForVotes(181)) - 4b153f06-01de-4bce-8989-88eda3164a8a:group-FF9890890D8B:LeaderElection81: begin an election at term 1 for -1: [4b153f06-01de-4bce-8989-88eda3164a8a:192.168.5.181:46764, b8bf55c5-4407-4161-aa27-26eba85de527:192.168.5.181:35639, efe5b0e3-1541-4c39-80b2-381129ba02f8:192.168.5.181:36612], old=null
2019-07-13 12:36:55,584 INFO  impl.RaftServerImpl (RaftServerImpl.java:setRole(171)) - efe5b0e3-1541-4c39-80b2-381129ba02f8:group-FF9890890D8B changes role from FOLLOWER to FOLLOWER at term 1 for recognizeCandidate:b8bf55c5-4407-4161-aa27-26eba85de527
2019-07-13 12:36:55,587 INFO  impl.RoleInfo (RoleInfo.java:shutdownFollowerState(121)) - efe5b0e3-1541-4c39-80b2-381129ba02f8: shutdown FollowerState
2019-07-13 12:36:55,587 INFO  impl.RoleInfo (RoleInfo.java:updateAndGet(143)) - efe5b0e3-1541-4c39-80b2-381129ba02f8: start FollowerState
2019-07-13 12:36:55,587 INFO  impl.FollowerState (FollowerState.java:run(114)) - efe5b0e3-1541-4c39-80b2-381129ba02f8: FollowerState was interrupted: java.lang.InterruptedException: sleep interrupted
2019-07-13 12:36:55,606 INFO  impl.LeaderElection (LeaderElection.java:logAndReturn(56)) - b8bf55c5-4407-4161-aa27-26eba85de527:group-FF9890890D8B:LeaderElection80: Election PASSED; received 2 response(s) [b8bf55c5-4407-4161-aa27-26eba85de527<-4b153f06-01de-4bce-8989-88eda3164a8a#0:FAIL-t1, b8bf55c5-4407-4161-aa27-26eba85de527<-efe5b0e3-1541-4c39-80b2-381129ba02f8#0:OK-t1] and 0 exception(s); b8bf55c5-4407-4161-aa27-26eba85de527:t1, leader=null, voted=b8bf55c5-4407-4161-aa27-26eba85de527, raftlog=b8bf55c5-4407-4161-aa27-26eba85de527-SegmentedRaftLog:OPENED:c-1,f-1,i0, conf=-1: [4b153f06-01de-4bce-8989-88eda3164a8a:192.168.5.181:46764, b8bf55c5-4407-4161-aa27-26eba85de527:192.168.5.181:35639, efe5b0e3-1541-4c39-80b2-381129ba02f8:192.168.5.181:36612], old=null
2019-07-13 12:36:55,608 INFO  impl.RoleInfo (RoleInfo.java:shutdownLeaderElection(134)) - b8bf55c5-4407-4161-aa27-26eba85de527: shutdown LeaderElection
2019-07-13 12:36:55,608 INFO  impl.LeaderElection (LeaderElection.java:logAndReturn(56)) - 4b153f06-01de-4bce-8989-88eda3164a8a:group-FF9890890D8B:LeaderElection81: Election REJECTED; received 2 response(s) [4b153f06-01de-4bce-8989-88eda3164a8a<-b8bf55c5-4407-4161-aa27-26eba85de527#0:FAIL-t1, 4b153f06-01de-4bce-8989-88eda3164a8a<-efe5b0e3-1541-4c39-80b2-381129ba02f8#0:FAIL-t1] and 0 exception(s); 4b153f06-01de-4bce-8989-88eda3164a8a:t1, leader=null, voted=4b153f06-01de-4bce-8989-88eda3164a8a, raftlog=4b153f06-01de-4bce-8989-88eda3164a8a-SegmentedRaftLog:OPENED:c-1,f-1,i0, conf=-1: [4b153f06-01de-4bce-8989-88eda3164a8a:192.168.5.181:46764, b8bf55c5-4407-4161-aa27-26eba85de527:192.168.5.181:35639, efe5b0e3-1541-4c39-80b2-381129ba02f8:192.168.5.181:36612], old=null
2019-07-13 12:36:55,608 INFO  impl.RaftServerImpl (RaftServerImpl.java:setRole(171)) - b8bf55c5-4407-4161-aa27-26eba85de527:group-FF9890890D8B changes role from CANDIDATE to LEADER at term 1 for changeToLeader
2019-07-13 12:36:55,609 INFO  impl.RaftServerImpl (RaftServerImpl.java:setRole(171)) - 4b153f06-01de-4bce-8989-88eda3164a8a:group-FF9890890D8B changes role from CANDIDATE to FOLLOWER at term 1 for DISCOVERED_A_NEW_TERM
2019-07-13 12:36:55,609 INFO  impl.RaftServerImpl (ServerState.java:setLeader(263)) - b8bf55c5-4407-4161-aa27-26eba85de527:group-FF9890890D8B change Leader from null to b8bf55c5-4407-4161-aa27-26eba85de527 at term 1 for becomeLeader, leader elected after 5177ms
2019-07-13 12:36:55,609 INFO  impl.RoleInfo (RoleInfo.java:shutdownLeaderElection(134)) - 4b153f06-01de-4bce-8989-88eda3164a8a: shutdown LeaderElection
2019-07-13 12:36:55,609 INFO  server.RaftServerConfigKeys (ConfUtils.java:logGet(43)) - raft.server.staging.catchup.gap = 1000 (default)
2019-07-13 12:36:55,609 INFO  impl.RoleInfo (RoleInfo.java:updateAndGet(143)) - 4b153f06-01de-4bce-8989-88eda3164a8a: start FollowerState
2019-07-13 12:36:55,609 INFO  server.RaftServerConfigKeys (ConfUtils.java:logGet(43)) - raft.server.rpc.sleep.time = 25ms (default)
2019-07-13 12:36:55,610 INFO  server.RaftServerConfigKeys (ConfUtils.java:logGet(43)) - raft.server.write.element-limit = 4096 (default)
2019-07-13 12:36:55,610 INFO  server.RaftServerConfigKeys (ConfUtils.java:logGet(43)) - raft.server.watch.timeout = 10s (default)
2019-07-13 12:36:55,610 INFO  server.RaftServerConfigKeys (ConfUtils.java:logGet(43)) - raft.server.watch.timeout.denomination = 1s (default)
2019-07-13 12:36:55,610 INFO  server.RaftServerConfigKeys (ConfUtils.java:logGet(43)) - raft.server.watch.element-limit = 65536 (default)
2019-07-13 12:36:55,610 INFO  server.RaftServerConfigKeys (ConfUtils.java:logGet(43)) - raft.server.log.appender.snapshot.chunk.size.max = 16MB (=16777216) (default)
2019-07-13 12:36:55,611 INFO  server.RaftServerConfigKeys (ConfUtils.java:logGet(43)) - raft.server.log.appender.buffer.byte-limit = 33554432 (custom)
2019-07-13 12:36:55,611 INFO  server.RaftServerConfigKeys (ConfUtils.java:logGet(43)) - raft.server.log.appender.buffer.element-limit = 1 (custom)
2019-07-13 12:36:55,611 INFO  grpc.GrpcConfigKeys$Server (ConfUtils.java:logGet(43)) - raft.grpc.server.leader.outstanding.appends.max = 128 (default)
2019-07-13 12:36:55,611 INFO  server.RaftServerConfigKeys (ConfUtils.java:logGet(43)) - raft.server.rpc.request.timeout = 3000ms (default)
2019-07-13 12:36:55,612 INFO  server.RaftServerConfigKeys (ConfUtils.java:logGet(43)) - raft.server.log.appender.install.snapshot.enabled = false (custom)
2019-07-13 12:36:55,612 INFO  server.RaftServerConfigKeys (ConfUtils.java:logGet(43)) - raft.server.log.appender.snapshot.chunk.size.max = 16MB (=16777216) (default)
2019-07-13 12:36:55,612 INFO  server.RaftServerConfigKeys (ConfUtils.java:logGet(43)) - raft.server.log.appender.buffer.byte-limit = 33554432 (custom)
2019-07-13 12:36:55,612 INFO  server.RaftServerConfigKeys (ConfUtils.java:logGet(43)) - raft.server.log.appender.buffer.element-limit = 1 (custom)
2019-07-13 12:36:55,612 INFO  grpc.GrpcConfigKeys$Server (ConfUtils.java:logGet(43)) - raft.grpc.server.leader.outstanding.appends.max = 128 (default)
2019-07-13 12:36:55,613 INFO  server.RaftServerConfigKeys (ConfUtils.java:logGet(43)) - raft.server.rpc.request.timeout = 3000ms (default)
2019-07-13 12:36:55,613 INFO  server.RaftServerConfigKeys (ConfUtils.java:logGet(43)) - raft.server.log.appender.install.snapshot.enabled = false (custom)
2019-07-13 12:36:55,613 INFO  impl.RoleInfo (RoleInfo.java:updateAndGet(143)) - b8bf55c5-4407-4161-aa27-26eba85de527: start LeaderState
2019-07-13 12:36:55,613 INFO  segmented.SegmentedRaftLogWorker (SegmentedRaftLogWorker.java:startLogSegment(380)) - b8bf55c5-4407-4161-aa27-26eba85de527-SegmentedRaftLogWorker:Storage Directory /tmp/workdir/hadoop-ozone/integration-test/target/test-dir/MiniOzoneClusterImpl-b41edfef-7459-4e50-8f59-8d8a035a1c36/datanode-3/data/ratis/7d7fd1c7-09ec-43a2-847a-ff9890890d8b: Starting segment from index:0
2019-07-13 12:36:55,614 INFO  impl.RaftServerImpl (ServerState.java:setRaftConf(361)) - b8bf55c5-4407-4161-aa27-26eba85de527:group-FF9890890D8B set configuration 0: [4b153f06-01de-4bce-8989-88eda3164a8a:192.168.5.181:46764, b8bf55c5-4407-4161-aa27-26eba85de527:192.168.5.181:35639, efe5b0e3-1541-4c39-80b2-381129ba02f8:192.168.5.181:36612], old=null at 0
2019-07-13 12:36:55,636 INFO  impl.RaftServerImpl (ServerState.java:setLeader(263)) - efe5b0e3-1541-4c39-80b2-381129ba02f8:group-FF9890890D8B change Leader from null to b8bf55c5-4407-4161-aa27-26eba85de527 at term 1 for appendEntries, leader elected after 5204ms
2019-07-13 12:36:55,636 INFO  impl.RaftServerImpl (ServerState.java:setLeader(263)) - 4b153f06-01de-4bce-8989-88eda3164a8a:group-FF9890890D8B change Leader from null to b8bf55c5-4407-4161-aa27-26eba85de527 at term 1 for appendEntries, leader elected after 5204ms
2019-07-13 12:36:55,638 INFO  segmented.SegmentedRaftLogWorker (SegmentedRaftLogWorker.java:execute(569)) - b8bf55c5-4407-4161-aa27-26eba85de527-SegmentedRaftLogWorker:Storage Directory /tmp/workdir/hadoop-ozone/integration-test/target/test-dir/MiniOzoneClusterImpl-b41edfef-7459-4e50-8f59-8d8a035a1c36/datanode-3/data/ratis/7d7fd1c7-09ec-43a2-847a-ff9890890d8b: created new log segment /tmp/workdir/hadoop-ozone/integration-test/target/test-dir/MiniOzoneClusterImpl-b41edfef-7459-4e50-8f59-8d8a035a1c36/datanode-3/data/ratis/7d7fd1c7-09ec-43a2-847a-ff9890890d8b/current/log_inprogress_0
2019-07-13 12:36:55,639 INFO  impl.RaftServerImpl (ServerState.java:setRaftConf(361)) - 4b153f06-01de-4bce-8989-88eda3164a8a:group-FF9890890D8B set configuration 0: [4b153f06-01de-4bce-8989-88eda3164a8a:192.168.5.181:46764, b8bf55c5-4407-4161-aa27-26eba85de527:192.168.5.181:35639, efe5b0e3-1541-4c39-80b2-381129ba02f8:192.168.5.181:36612], old=null at 0
2019-07-13 12:36:55,639 INFO  impl.RaftServerImpl (ServerState.java:setRaftConf(361)) - efe5b0e3-1541-4c39-80b2-381129ba02f8:group-FF9890890D8B set configuration 0: [4b153f06-01de-4bce-8989-88eda3164a8a:192.168.5.181:46764, b8bf55c5-4407-4161-aa27-26eba85de527:192.168.5.181:35639, efe5b0e3-1541-4c39-80b2-381129ba02f8:192.168.5.181:36612], old=null at 0
2019-07-13 12:36:55,639 INFO  segmented.SegmentedRaftLogWorker (SegmentedRaftLogWorker.java:startLogSegment(380)) - 4b153f06-01de-4bce-8989-88eda3164a8a-SegmentedRaftLogWorker:Storage Directory /tmp/workdir/hadoop-ozone/integration-test/target/test-dir/MiniOzoneClusterImpl-b41edfef-7459-4e50-8f59-8d8a035a1c36/datanode-5/data/ratis/7d7fd1c7-09ec-43a2-847a-ff9890890d8b: Starting segment from index:0
2019-07-13 12:36:55,640 INFO  segmented.SegmentedRaftLogWorker (SegmentedRaftLogWorker.java:startLogSegment(380)) - efe5b0e3-1541-4c39-80b2-381129ba02f8-SegmentedRaftLogWorker:Storage Directory /tmp/workdir/hadoop-ozone/integration-test/target/test-dir/MiniOzoneClusterImpl-b41edfef-7459-4e50-8f59-8d8a035a1c36/datanode-4/data/ratis/7d7fd1c7-09ec-43a2-847a-ff9890890d8b: Starting segment from index:0
2019-07-13 12:36:55,663 INFO  segmented.SegmentedRaftLogWorker (SegmentedRaftLogWorker.java:execute(569)) - 4b153f06-01de-4bce-8989-88eda3164a8a-SegmentedRaftLogWorker:Storage Directory /tmp/workdir/hadoop-ozone/integration-test/target/test-dir/MiniOzoneClusterImpl-b41edfef-7459-4e50-8f59-8d8a035a1c36/datanode-5/data/ratis/7d7fd1c7-09ec-43a2-847a-ff9890890d8b: created new log segment /tmp/workdir/hadoop-ozone/integration-test/target/test-dir/MiniOzoneClusterImpl-b41edfef-7459-4e50-8f59-8d8a035a1c36/datanode-5/data/ratis/7d7fd1c7-09ec-43a2-847a-ff9890890d8b/current/log_inprogress_0
2019-07-13 12:36:55,664 INFO  segmented.SegmentedRaftLogWorker (SegmentedRaftLogWorker.java:execute(569)) - efe5b0e3-1541-4c39-80b2-381129ba02f8-SegmentedRaftLogWorker:Storage Directory /tmp/workdir/hadoop-ozone/integration-test/target/test-dir/MiniOzoneClusterImpl-b41edfef-7459-4e50-8f59-8d8a035a1c36/datanode-4/data/ratis/7d7fd1c7-09ec-43a2-847a-ff9890890d8b: created new log segment /tmp/workdir/hadoop-ozone/integration-test/target/test-dir/MiniOzoneClusterImpl-b41edfef-7459-4e50-8f59-8d8a035a1c36/datanode-4/data/ratis/7d7fd1c7-09ec-43a2-847a-ff9890890d8b/current/log_inprogress_0
2019-07-13 12:36:55,727 INFO  client.GrpcClientProtocolClient (GrpcClientProtocolClient.java:onNext(255)) - client-6A360C14E749->1eae791d-00b9-4b23-a53d-57824a339a46: receive RaftClientReply:client-6A360C14E749->1eae791d-00b9-4b23-a53d-57824a339a46@group-16338462593B, cid=176, FAILED org.apache.ratis.protocol.NotLeaderException: Server 1eae791d-00b9-4b23-a53d-57824a339a46 is not the leader (null). Request must be sent to leader., logIndex=0, commits[1eae791d-00b9-4b23-a53d-57824a339a46:c-1]
2019-07-13 12:36:55,732 INFO  impl.FollowerState (FollowerState.java:run(106)) - f69627c6-055c-4988-97b2-f833f800635c:group-B266A2AE8F93 changes to CANDIDATE, lastRpcTime:5142, electionTimeout:5142ms
2019-07-13 12:36:55,732 INFO  impl.RoleInfo (RoleInfo.java:shutdownFollowerState(121)) - f69627c6-055c-4988-97b2-f833f800635c: shutdown FollowerState
2019-07-13 12:36:55,732 INFO  impl.RaftServerImpl (RaftServerImpl.java:setRole(171)) - f69627c6-055c-4988-97b2-f833f800635c:group-B266A2AE8F93 changes role from FOLLOWER to CANDIDATE at term 0 for changeToCandidate
2019-07-13 12:36:55,732 INFO  impl.RoleInfo (RoleInfo.java:updateAndGet(143)) - f69627c6-055c-4988-97b2-f833f800635c: start LeaderElection
2019-07-13 12:36:55,750 INFO  impl.LeaderElection (LeaderElection.java:askForVotes(181)) - f69627c6-055c-4988-97b2-f833f800635c:group-B266A2AE8F93:LeaderElection82: begin an election at term 1 for -1: [f69627c6-055c-4988-97b2-f833f800635c:192.168.5.181:44370], old=null
2019-07-13 12:36:55,750 INFO  impl.RoleInfo (RoleInfo.java:shutdownLeaderElection(134)) - f69627c6-055c-4988-97b2-f833f800635c: shutdown LeaderElection
2019-07-13 12:36:55,751 INFO  impl.RaftServerImpl (RaftServerImpl.java:setRole(171)) - f69627c6-055c-4988-97b2-f833f800635c:group-B266A2AE8F93 changes role from CANDIDATE to LEADER at term 1 for changeToLeader
2019-07-13 12:36:55,751 INFO  impl.RaftServerImpl (ServerState.java:setLeader(263)) - f69627c6-055c-4988-97b2-f833f800635c:group-B266A2AE8F93 change Leader from null to f69627c6-055c-4988-97b2-f833f800635c at term 1 for becomeLeader, leader elected after 5179ms
2019-07-13 12:36:55,751 INFO  server.RaftServerConfigKeys (ConfUtils.java:logGet(43)) - raft.server.staging.catchup.gap = 1000 (default)
2019-07-13 12:36:55,751 INFO  server.RaftServerConfigKeys (ConfUtils.java:logGet(43)) - raft.server.rpc.sleep.time = 25ms (default)
2019-07-13 12:36:55,751 INFO  server.RaftServerConfigKeys (ConfUtils.java:logGet(43)) - raft.server.write.element-limit = 4096 (default)
2019-07-13 12:36:55,751 INFO  server.RaftServerConfigKeys (ConfUtils.java:logGet(43)) - raft.server.watch.timeout = 10s (default)
2019-07-13 12:36:55,751 INFO  server.RaftServerConfigKeys (ConfUtils.java:logGet(43)) - raft.server.watch.timeout.denomination = 1s (default)
2019-07-13 12:36:55,752 INFO  server.RaftServerConfigKeys (ConfUtils.java:logGet(43)) - raft.server.watch.element-limit = 65536 (default)
2019-07-13 12:36:55,752 INFO  impl.RoleInfo (RoleInfo.java:updateAndGet(143)) - f69627c6-055c-4988-97b2-f833f800635c: start LeaderState
2019-07-13 12:36:55,752 INFO  segmented.SegmentedRaftLogWorker (SegmentedRaftLogWorker.java:startLogSegment(380)) - f69627c6-055c-4988-97b2-f833f800635c-SegmentedRaftLogWorker:Storage Directory /tmp/workdir/hadoop-ozone/integration-test/target/test-dir/MiniOzoneClusterImpl-b41edfef-7459-4e50-8f59-8d8a035a1c36/datanode-6/data/ratis/8d5dd127-cf5b-440d-8661-b266a2ae8f93: Starting segment from index:0
2019-07-13 12:36:55,753 INFO  impl.RaftServerImpl (ServerState.java:setRaftConf(361)) - f69627c6-055c-4988-97b2-f833f800635c:group-B266A2AE8F93 set configuration 0: [f69627c6-055c-4988-97b2-f833f800635c:192.168.5.181:44370], old=null at 0
2019-07-13 12:36:55,777 INFO  segmented.SegmentedRaftLogWorker (SegmentedRaftLogWorker.java:execute(569)) - f69627c6-055c-4988-97b2-f833f800635c-SegmentedRaftLogWorker:Storage Directory /tmp/workdir/hadoop-ozone/integration-test/target/test-dir/MiniOzoneClusterImpl-b41edfef-7459-4e50-8f59-8d8a035a1c36/datanode-6/data/ratis/8d5dd127-cf5b-440d-8661-b266a2ae8f93: created new log segment /tmp/workdir/hadoop-ozone/integration-test/target/test-dir/MiniOzoneClusterImpl-b41edfef-7459-4e50-8f59-8d8a035a1c36/datanode-6/data/ratis/8d5dd127-cf5b-440d-8661-b266a2ae8f93/current/log_inprogress_0
2019-07-13 12:36:56,739 INFO  client.GrpcClientProtocolClient (GrpcClientProtocolClient.java:onNext(255)) - client-6A360C14E749->77b5a38c-2a07-4201-bb4e-3546de442856: receive RaftClientReply:client-6A360C14E749->77b5a38c-2a07-4201-bb4e-3546de442856@group-16338462593B, cid=176, FAILED org.apache.ratis.protocol.NotLeaderException: Server 77b5a38c-2a07-4201-bb4e-3546de442856 is not the leader (null). Request must be sent to leader., logIndex=0, commits[77b5a38c-2a07-4201-bb4e-3546de442856:c-1]
2019-07-13 12:36:57,754 INFO  client.GrpcClientProtocolClient (GrpcClientProtocolClient.java:onNext(255)) - client-6A360C14E749->97ce1602-be71-4478-bd18-ce4b1b6fb469: receive RaftClientReply:client-6A360C14E749->97ce1602-be71-4478-bd18-ce4b1b6fb469@group-16338462593B, cid=176, FAILED org.apache.ratis.protocol.NotLeaderException: Server 97ce1602-be71-4478-bd18-ce4b1b6fb469 is not the leader (null). Request must be sent to leader., logIndex=0, commits[97ce1602-be71-4478-bd18-ce4b1b6fb469:c-1]
2019-07-13 12:36:58,769 INFO  client.GrpcClientProtocolClient (GrpcClientProtocolClient.java:onNext(255)) - client-6A360C14E749->1eae791d-00b9-4b23-a53d-57824a339a46: receive RaftClientReply:client-6A360C14E749->1eae791d-00b9-4b23-a53d-57824a339a46@group-16338462593B, cid=176, FAILED org.apache.ratis.protocol.NotLeaderException: Server 1eae791d-00b9-4b23-a53d-57824a339a46 is not the leader (null). Request must be sent to leader., logIndex=0, commits[1eae791d-00b9-4b23-a53d-57824a339a46:c-1]
2019-07-13 12:36:59,785 INFO  client.GrpcClientProtocolClient (GrpcClientProtocolClient.java:onNext(255)) - client-6A360C14E749->77b5a38c-2a07-4201-bb4e-3546de442856: receive RaftClientReply:client-6A360C14E749->77b5a38c-2a07-4201-bb4e-3546de442856@group-16338462593B, cid=176, FAILED org.apache.ratis.protocol.NotLeaderException: Server 77b5a38c-2a07-4201-bb4e-3546de442856 is not the leader (null). Request must be sent to leader., logIndex=0, commits[77b5a38c-2a07-4201-bb4e-3546de442856:c-1]
2019-07-13 12:37:00,014 INFO  impl.FollowerState (FollowerState.java:run(106)) - 1eae791d-00b9-4b23-a53d-57824a339a46:group-16338462593B changes to CANDIDATE, lastRpcTime:5013, electionTimeout:5013ms
2019-07-13 12:37:00,015 INFO  impl.RoleInfo (RoleInfo.java:shutdownFollowerState(121)) - 1eae791d-00b9-4b23-a53d-57824a339a46: shutdown FollowerState
2019-07-13 12:37:00,015 INFO  impl.RaftServerImpl (RaftServerImpl.java:setRole(171)) - 1eae791d-00b9-4b23-a53d-57824a339a46:group-16338462593B changes role from FOLLOWER to CANDIDATE at term 2 for changeToCandidate
2019-07-13 12:37:00,015 INFO  impl.RoleInfo (RoleInfo.java:updateAndGet(143)) - 1eae791d-00b9-4b23-a53d-57824a339a46: start LeaderElection
2019-07-13 12:37:00,034 INFO  impl.LeaderElection (LeaderElection.java:askForVotes(181)) - 1eae791d-00b9-4b23-a53d-57824a339a46:group-16338462593B:LeaderElection83: begin an election at term 3 for -1: [1eae791d-00b9-4b23-a53d-57824a339a46:192.168.5.181:44453, 77b5a38c-2a07-4201-bb4e-3546de442856:192.168.5.181:33406, 97ce1602-be71-4478-bd18-ce4b1b6fb469:192.168.5.181:40878], old=null
2019-07-13 12:37:00,036 INFO  impl.RaftServerImpl (RaftServerImpl.java:setRole(171)) - 77b5a38c-2a07-4201-bb4e-3546de442856:group-16338462593B changes role from FOLLOWER to FOLLOWER at term 3 for recognizeCandidate:1eae791d-00b9-4b23-a53d-57824a339a46
2019-07-13 12:37:00,036 INFO  impl.RaftServerImpl (RaftServerImpl.java:setRole(171)) - 97ce1602-be71-4478-bd18-ce4b1b6fb469:group-16338462593B changes role from FOLLOWER to FOLLOWER at term 3 for recognizeCandidate:1eae791d-00b9-4b23-a53d-57824a339a46
2019-07-13 12:37:00,036 INFO  impl.RoleInfo (RoleInfo.java:shutdownFollowerState(121)) - 77b5a38c-2a07-4201-bb4e-3546de442856: shutdown FollowerState
2019-07-13 12:37:00,037 INFO  impl.RoleInfo (RoleInfo.java:shutdownFollowerState(121)) - 97ce1602-be71-4478-bd18-ce4b1b6fb469: shutdown FollowerState
2019-07-13 12:37:00,037 INFO  impl.FollowerState (FollowerState.java:run(114)) - 77b5a38c-2a07-4201-bb4e-3546de442856: FollowerState was interrupted: java.lang.InterruptedException: sleep interrupted
2019-07-13 12:37:00,037 INFO  impl.FollowerState (FollowerState.java:run(114)) - 97ce1602-be71-4478-bd18-ce4b1b6fb469: FollowerState was interrupted: java.lang.InterruptedException: sleep interrupted
2019-07-13 12:37:00,037 INFO  impl.RoleInfo (RoleInfo.java:updateAndGet(143)) - 77b5a38c-2a07-4201-bb4e-3546de442856: start FollowerState
2019-07-13 12:37:00,037 INFO  impl.RoleInfo (RoleInfo.java:updateAndGet(143)) - 97ce1602-be71-4478-bd18-ce4b1b6fb469: start FollowerState
2019-07-13 12:37:00,069 INFO  impl.LeaderElection (LeaderElection.java:logAndReturn(56)) - 1eae791d-00b9-4b23-a53d-57824a339a46:group-16338462593B:LeaderElection83: Election PASSED; received 1 response(s) [1eae791d-00b9-4b23-a53d-57824a339a46<-77b5a38c-2a07-4201-bb4e-3546de442856#0:OK-t3] and 0 exception(s); 1eae791d-00b9-4b23-a53d-57824a339a46:t3, leader=null, voted=1eae791d-00b9-4b23-a53d-57824a339a46, raftlog=1eae791d-00b9-4b23-a53d-57824a339a46-SegmentedRaftLog:OPENED:c-1,f-1,i0, conf=-1: [1eae791d-00b9-4b23-a53d-57824a339a46:192.168.5.181:44453, 77b5a38c-2a07-4201-bb4e-3546de442856:192.168.5.181:33406, 97ce1602-be71-4478-bd18-ce4b1b6fb469:192.168.5.181:40878], old=null
2019-07-13 12:37:00,070 INFO  impl.RoleInfo (RoleInfo.java:shutdownLeaderElection(134)) - 1eae791d-00b9-4b23-a53d-57824a339a46: shutdown LeaderElection
2019-07-13 12:37:00,070 INFO  impl.RaftServerImpl (RaftServerImpl.java:setRole(171)) - 1eae791d-00b9-4b23-a53d-57824a339a46:group-16338462593B changes role from CANDIDATE to LEADER at term 3 for changeToLeader
2019-07-13 12:37:00,070 INFO  impl.RaftServerImpl (ServerState.java:setLeader(263)) - 1eae791d-00b9-4b23-a53d-57824a339a46:group-16338462593B change Leader from null to 1eae791d-00b9-4b23-a53d-57824a339a46 at term 3 for becomeLeader, leader elected after 10135ms
2019-07-13 12:37:00,070 INFO  server.RaftServerConfigKeys (ConfUtils.java:logGet(43)) - raft.server.staging.catchup.gap = 1000 (default)
2019-07-13 12:37:00,070 INFO  server.RaftServerConfigKeys (ConfUtils.java:logGet(43)) - raft.server.rpc.sleep.time = 25ms (default)
2019-07-13 12:37:00,070 INFO  server.RaftServerConfigKeys (ConfUtils.java:logGet(43)) - raft.server.write.element-limit = 4096 (default)
2019-07-13 12:37:00,071 INFO  server.RaftServerConfigKeys (ConfUtils.java:logGet(43)) - raft.server.watch.timeout = 10s (default)
2019-07-13 12:37:00,071 INFO  server.RaftServerConfigKeys (ConfUtils.java:logGet(43)) - raft.server.watch.timeout.denomination = 1s (default)
2019-07-13 12:37:00,071 INFO  server.RaftServerConfigKeys (ConfUtils.java:logGet(43)) - raft.server.watch.element-limit = 65536 (default)
2019-07-13 12:37:00,071 INFO  server.RaftServerConfigKeys (ConfUtils.java:logGet(43)) - raft.server.log.appender.snapshot.chunk.size.max = 16MB (=16777216) (default)
2019-07-13 12:37:00,071 INFO  server.RaftServerConfigKeys (ConfUtils.java:logGet(43)) - raft.server.log.appender.buffer.byte-limit = 33554432 (custom)
2019-07-13 12:37:00,071 INFO  server.RaftServerConfigKeys (ConfUtils.java:logGet(43)) - raft.server.log.appender.buffer.element-limit = 1 (custom)
2019-07-13 12:37:00,072 INFO  grpc.GrpcConfigKeys$Server (ConfUtils.java:logGet(43)) - raft.grpc.server.leader.outstanding.appends.max = 128 (default)
2019-07-13 12:37:00,072 INFO  server.RaftServerConfigKeys (ConfUtils.java:logGet(43)) - raft.server.rpc.request.timeout = 3000ms (default)
2019-07-13 12:37:00,072 INFO  server.RaftServerConfigKeys (ConfUtils.java:logGet(43)) - raft.server.log.appender.install.snapshot.enabled = false (custom)
2019-07-13 12:37:00,072 INFO  server.RaftServerConfigKeys (ConfUtils.java:logGet(43)) - raft.server.log.appender.snapshot.chunk.size.max = 16MB (=16777216) (default)
2019-07-13 12:37:00,072 INFO  server.RaftServerConfigKeys (ConfUtils.java:logGet(43)) - raft.server.log.appender.buffer.byte-limit = 33554432 (custom)
2019-07-13 12:37:00,073 INFO  server.RaftServerConfigKeys (ConfUtils.java:logGet(43)) - raft.server.log.appender.buffer.element-limit = 1 (custom)
2019-07-13 12:37:00,073 INFO  grpc.GrpcConfigKeys$Server (ConfUtils.java:logGet(43)) - raft.grpc.server.leader.outstanding.appends.max = 128 (default)
2019-07-13 12:37:00,073 INFO  server.RaftServerConfigKeys (ConfUtils.java:logGet(43)) - raft.server.rpc.request.timeout = 3000ms (default)
2019-07-13 12:37:00,073 INFO  server.RaftServerConfigKeys (ConfUtils.java:logGet(43)) - raft.server.log.appender.install.snapshot.enabled = false (custom)
2019-07-13 12:37:00,073 INFO  impl.RoleInfo (RoleInfo.java:updateAndGet(143)) - 1eae791d-00b9-4b23-a53d-57824a339a46: start LeaderState
2019-07-13 12:37:00,074 INFO  segmented.SegmentedRaftLogWorker (SegmentedRaftLogWorker.java:startLogSegment(380)) - 1eae791d-00b9-4b23-a53d-57824a339a46-SegmentedRaftLogWorker:Storage Directory /tmp/workdir/hadoop-ozone/integration-test/target/test-dir/MiniOzoneClusterImpl-b41edfef-7459-4e50-8f59-8d8a035a1c36/datanode-1/data/ratis/4c09cb10-d6ea-45f0-b30c-16338462593b: Starting segment from index:0
2019-07-13 12:37:00,075 INFO  impl.RaftServerImpl (ServerState.java:setRaftConf(361)) - 1eae791d-00b9-4b23-a53d-57824a339a46:group-16338462593B set configuration 0: [1eae791d-00b9-4b23-a53d-57824a339a46:192.168.5.181:44453, 77b5a38c-2a07-4201-bb4e-3546de442856:192.168.5.181:33406, 97ce1602-be71-4478-bd18-ce4b1b6fb469:192.168.5.181:40878], old=null at 0
2019-07-13 12:37:00,076 INFO  impl.RaftServerImpl (ServerState.java:setLeader(263)) - 77b5a38c-2a07-4201-bb4e-3546de442856:group-16338462593B change Leader from null to 1eae791d-00b9-4b23-a53d-57824a339a46 at term 3 for appendEntries, leader elected after 10141ms
2019-07-13 12:37:00,076 INFO  impl.RaftServerImpl (ServerState.java:setLeader(263)) - 97ce1602-be71-4478-bd18-ce4b1b6fb469:group-16338462593B change Leader from null to 1eae791d-00b9-4b23-a53d-57824a339a46 at term 3 for appendEntries, leader elected after 10141ms
2019-07-13 12:37:00,078 INFO  impl.RaftServerImpl (ServerState.java:setRaftConf(361)) - 77b5a38c-2a07-4201-bb4e-3546de442856:group-16338462593B set configuration 0: [1eae791d-00b9-4b23-a53d-57824a339a46:192.168.5.181:44453, 77b5a38c-2a07-4201-bb4e-3546de442856:192.168.5.181:33406, 97ce1602-be71-4478-bd18-ce4b1b6fb469:192.168.5.181:40878], old=null at 0
2019-07-13 12:37:00,078 INFO  impl.RaftServerImpl (ServerState.java:setRaftConf(361)) - 97ce1602-be71-4478-bd18-ce4b1b6fb469:group-16338462593B set configuration 0: [1eae791d-00b9-4b23-a53d-57824a339a46:192.168.5.181:44453, 77b5a38c-2a07-4201-bb4e-3546de442856:192.168.5.181:33406, 97ce1602-be71-4478-bd18-ce4b1b6fb469:192.168.5.181:40878], old=null at 0
2019-07-13 12:37:00,078 INFO  segmented.SegmentedRaftLogWorker (SegmentedRaftLogWorker.java:startLogSegment(380)) - 77b5a38c-2a07-4201-bb4e-3546de442856-SegmentedRaftLogWorker:Storage Directory /tmp/workdir/hadoop-ozone/integration-test/target/test-dir/MiniOzoneClusterImpl-b41edfef-7459-4e50-8f59-8d8a035a1c36/datanode-2/data/ratis/4c09cb10-d6ea-45f0-b30c-16338462593b: Starting segment from index:0
2019-07-13 12:37:00,079 INFO  segmented.SegmentedRaftLogWorker (SegmentedRaftLogWorker.java:startLogSegment(380)) - 97ce1602-be71-4478-bd18-ce4b1b6fb469-SegmentedRaftLogWorker:Storage Directory /tmp/workdir/hadoop-ozone/integration-test/target/test-dir/MiniOzoneClusterImpl-b41edfef-7459-4e50-8f59-8d8a035a1c36/datanode-0/data/ratis/4c09cb10-d6ea-45f0-b30c-16338462593b: Starting segment from index:0
2019-07-13 12:37:00,107 INFO  segmented.SegmentedRaftLogWorker (SegmentedRaftLogWorker.java:execute(569)) - 97ce1602-be71-4478-bd18-ce4b1b6fb469-SegmentedRaftLogWorker:Storage Directory /tmp/workdir/hadoop-ozone/integration-test/target/test-dir/MiniOzoneClusterImpl-b41edfef-7459-4e50-8f59-8d8a035a1c36/datanode-0/data/ratis/4c09cb10-d6ea-45f0-b30c-16338462593b: created new log segment /tmp/workdir/hadoop-ozone/integration-test/target/test-dir/MiniOzoneClusterImpl-b41edfef-7459-4e50-8f59-8d8a035a1c36/datanode-0/data/ratis/4c09cb10-d6ea-45f0-b30c-16338462593b/current/log_inprogress_0
2019-07-13 12:37:00,107 INFO  segmented.SegmentedRaftLogWorker (SegmentedRaftLogWorker.java:execute(569)) - 1eae791d-00b9-4b23-a53d-57824a339a46-SegmentedRaftLogWorker:Storage Directory /tmp/workdir/hadoop-ozone/integration-test/target/test-dir/MiniOzoneClusterImpl-b41edfef-7459-4e50-8f59-8d8a035a1c36/datanode-1/data/ratis/4c09cb10-d6ea-45f0-b30c-16338462593b: created new log segment /tmp/workdir/hadoop-ozone/integration-test/target/test-dir/MiniOzoneClusterImpl-b41edfef-7459-4e50-8f59-8d8a035a1c36/datanode-1/data/ratis/4c09cb10-d6ea-45f0-b30c-16338462593b/current/log_inprogress_0
2019-07-13 12:37:00,107 INFO  segmented.SegmentedRaftLogWorker (SegmentedRaftLogWorker.java:execute(569)) - 77b5a38c-2a07-4201-bb4e-3546de442856-SegmentedRaftLogWorker:Storage Directory /tmp/workdir/hadoop-ozone/integration-test/target/test-dir/MiniOzoneClusterImpl-b41edfef-7459-4e50-8f59-8d8a035a1c36/datanode-2/data/ratis/4c09cb10-d6ea-45f0-b30c-16338462593b: created new log segment /tmp/workdir/hadoop-ozone/integration-test/target/test-dir/MiniOzoneClusterImpl-b41edfef-7459-4e50-8f59-8d8a035a1c36/datanode-2/data/ratis/4c09cb10-d6ea-45f0-b30c-16338462593b/current/log_inprogress_0
2019-07-13 12:37:00,911 INFO  client.GrpcClientProtocolClient (GrpcClientProtocolClient.java:onNext(255)) - client-6A360C14E749->1eae791d-00b9-4b23-a53d-57824a339a46: receive RaftClientReply:client-6A360C14E749->1eae791d-00b9-4b23-a53d-57824a339a46@group-16338462593B, cid=176, SUCCESS, logIndex=1, commits[1eae791d-00b9-4b23-a53d-57824a339a46:c1, 77b5a38c-2a07-4201-bb4e-3546de442856:c0, 97ce1602-be71-4478-bd18-ce4b1b6fb469:c-1]
2019-07-13 12:37:00,934 INFO  client.GrpcClientProtocolClient (GrpcClientProtocolClient.java:onNext(255)) - client-6A360C14E749->1eae791d-00b9-4b23-a53d-57824a339a46: receive RaftClientReply:client-6A360C14E749->1eae791d-00b9-4b23-a53d-57824a339a46@group-16338462593B, cid=177, SUCCESS, logIndex=3, commits[1eae791d-00b9-4b23-a53d-57824a339a46:c3, 77b5a38c-2a07-4201-bb4e-3546de442856:c2, 97ce1602-be71-4478-bd18-ce4b1b6fb469:c2]
2019-07-13 12:37:00,959 INFO  client.GrpcClientProtocolClient (GrpcClientProtocolClient.java:onNext(255)) - client-6A360C14E749->1eae791d-00b9-4b23-a53d-57824a339a46: receive RaftClientReply:client-6A360C14E749->1eae791d-00b9-4b23-a53d-57824a339a46@group-16338462593B, cid=178, SUCCESS, logIndex=4, commits[1eae791d-00b9-4b23-a53d-57824a339a46:c12, 77b5a38c-2a07-4201-bb4e-3546de442856:c8, 97ce1602-be71-4478-bd18-ce4b1b6fb469:c8]
2019-07-13 12:37:00,963 INFO  client.GrpcClientProtocolClient (GrpcClientProtocolClient.java:onNext(255)) - client-6A360C14E749->1eae791d-00b9-4b23-a53d-57824a339a46: receive RaftClientReply:client-6A360C14E749->1eae791d-00b9-4b23-a53d-57824a339a46@group-16338462593B, cid=179, SUCCESS, logIndex=5, commits[1eae791d-00b9-4b23-a53d-57824a339a46:c12, 77b5a38c-2a07-4201-bb4e-3546de442856:c8, 97ce1602-be71-4478-bd18-ce4b1b6fb469:c8]
2019-07-13 12:37:00,963 INFO  client.GrpcClientProtocolClient (GrpcClientProtocolClient.java:onNext(255)) - client-6A360C14E749->1eae791d-00b9-4b23-a53d-57824a339a46: receive RaftClientReply:client-6A360C14E749->1eae791d-00b9-4b23-a53d-57824a339a46@group-16338462593B, cid=180, SUCCESS, logIndex=6, commits[1eae791d-00b9-4b23-a53d-57824a339a46:c12, 77b5a38c-2a07-4201-bb4e-3546de442856:c8, 97ce1602-be71-4478-bd18-ce4b1b6fb469:c8]
2019-07-13 12:37:01,050 INFO  client.GrpcClientProtocolClient (GrpcClientProtocolClient.java:onNext(255)) - client-6A360C14E749->1eae791d-00b9-4b23-a53d-57824a339a46: receive RaftClientReply:client-6A360C14E749->1eae791d-00b9-4b23-a53d-57824a339a46@group-16338462593B, cid=181, SUCCESS, logIndex=8, commits[1eae791d-00b9-4b23-a53d-57824a339a46:c12, 77b5a38c-2a07-4201-bb4e-3546de442856:c8, 97ce1602-be71-4478-bd18-ce4b1b6fb469:c8]
2019-07-13 12:37:01,072 INFO  client.GrpcClientProtocolClient (GrpcClientProtocolClient.java:onNext(255)) - client-6A360C14E749->1eae791d-00b9-4b23-a53d-57824a339a46: receive RaftClientReply:client-6A360C14E749->1eae791d-00b9-4b23-a53d-57824a339a46@group-16338462593B, cid=182, SUCCESS, logIndex=13, commits[1eae791d-00b9-4b23-a53d-57824a339a46:c14, 77b5a38c-2a07-4201-bb4e-3546de442856:c12, 97ce1602-be71-4478-bd18-ce4b1b6fb469:c12]
2019-07-13 12:37:01,078 INFO  client.GrpcClientProtocolClient (GrpcClientProtocolClient.java:onNext(255)) - client-6A360C14E749->1eae791d-00b9-4b23-a53d-57824a339a46: receive RaftClientReply:client-6A360C14E749->1eae791d-00b9-4b23-a53d-57824a339a46@group-16338462593B, cid=183, SUCCESS, logIndex=14, commits[1eae791d-00b9-4b23-a53d-57824a339a46:c14, 77b5a38c-2a07-4201-bb4e-3546de442856:c12, 97ce1602-be71-4478-bd18-ce4b1b6fb469:c12]
2019-07-13 12:37:01,084 INFO  client.GrpcClientProtocolClient (GrpcClientProtocolClient.java:onNext(255)) - client-6A360C14E749->1eae791d-00b9-4b23-a53d-57824a339a46: receive RaftClientReply:client-6A360C14E749->1eae791d-00b9-4b23-a53d-57824a339a46@group-16338462593B, cid=184, SUCCESS, logIndex=0, commits[1eae791d-00b9-4b23-a53d-57824a339a46:c16, 77b5a38c-2a07-4201-bb4e-3546de442856:c14, 97ce1602-be71-4478-bd18-ce4b1b6fb469:c14]
2019-07-13 12:37:01,085 INFO  datanode.ObjectStoreHandler (ObjectStoreHandler.java:close(155)) - Closing ObjectStoreHandler.
2019-07-13 12:37:01,085 INFO  ozone.HddsDatanodeService (HddsDatanodeService.java:stop(452)) - Stopped plug-in org.apache.hadoop.ozone.web.OzoneHddsDatanodeService@2f53e07d
2019-07-13 12:37:01,901 INFO  statemachine.DatanodeStateMachine (DatanodeStateMachine.java:lambda$startDaemon$0(350)) - Ozone container server started.
2019-07-13 12:37:05,963 INFO  node.StaleNodeHandler (StaleNodeHandler.java:onMessage(58)) - Datanode 97ce1602-be71-4478-bd18-ce4b1b6fb469{ip: 192.168.5.181, host: trunk-nightly-q2gwj-1111726333, networkLocation: /default-rack, certSerialId: null} moved to stale state. Finalizing its pipelines [PipelineID=4c09cb10-d6ea-45f0-b30c-16338462593b, PipelineID=d74407ab-c470-4afe-a40c-1cf7397eb78d]
2019-07-13 12:37:05,963 INFO  pipeline.SCMPipelineManager (SCMPipelineManager.java:finalizeAndDestroyPipeline(309)) - destroying pipeline:Pipeline[ Id: 4c09cb10-d6ea-45f0-b30c-16338462593b, Nodes: 97ce1602-be71-4478-bd18-ce4b1b6fb469{ip: 192.168.5.181, host: trunk-nightly-q2gwj-1111726333, networkLocation: /default-rack, certSerialId: null}1eae791d-00b9-4b23-a53d-57824a339a46{ip: 192.168.5.181, host: trunk-nightly-q2gwj-1111726333, networkLocation: /default-rack, certSerialId: null}77b5a38c-2a07-4201-bb4e-3546de442856{ip: 192.168.5.181, host: trunk-nightly-q2gwj-1111726333, networkLocation: /default-rack, certSerialId: null}, Type:RATIS, Factor:THREE, State:OPEN]
2019-07-13 12:37:05,963 INFO  pipeline.PipelineStateManager (PipelineStateManager.java:finalizePipeline(123)) - Pipeline Pipeline[ Id: 4c09cb10-d6ea-45f0-b30c-16338462593b, Nodes: 97ce1602-be71-4478-bd18-ce4b1b6fb469{ip: 192.168.5.181, host: trunk-nightly-q2gwj-1111726333, networkLocation: /default-rack, certSerialId: null}1eae791d-00b9-4b23-a53d-57824a339a46{ip: 192.168.5.181, host: trunk-nightly-q2gwj-1111726333, networkLocation: /default-rack, certSerialId: null}77b5a38c-2a07-4201-bb4e-3546de442856{ip: 192.168.5.181, host: trunk-nightly-q2gwj-1111726333, networkLocation: /default-rack, certSerialId: null}, Type:RATIS, Factor:THREE, State:CLOSED] moved to CLOSED state
2019-07-13 12:37:05,964 INFO  pipeline.SCMPipelineManager (SCMPipelineManager.java:finalizeAndDestroyPipeline(309)) - destroying pipeline:Pipeline[ Id: d74407ab-c470-4afe-a40c-1cf7397eb78d, Nodes: 97ce1602-be71-4478-bd18-ce4b1b6fb469{ip: 192.168.5.181, host: trunk-nightly-q2gwj-1111726333, networkLocation: /default-rack, certSerialId: null}, Type:RATIS, Factor:ONE, State:OPEN]
2019-07-13 12:37:05,964 INFO  container.CloseContainerEventHandler (CloseContainerEventHandler.java:onMessage(61)) - Close container Event triggered for container : #1
2019-07-13 12:37:05,964 INFO  pipeline.PipelineStateManager (PipelineStateManager.java:finalizePipeline(123)) - Pipeline Pipeline[ Id: d74407ab-c470-4afe-a40c-1cf7397eb78d, Nodes: 97ce1602-be71-4478-bd18-ce4b1b6fb469{ip: 192.168.5.181, host: trunk-nightly-q2gwj-1111726333, networkLocation: /default-rack, certSerialId: null}, Type:RATIS, Factor:ONE, State:CLOSED] moved to CLOSED state
2019-07-13 12:37:06,086 INFO  ozoneimpl.OzoneContainer (OzoneContainer.java:stop(199)) - Attempting to stop container services.
2019-07-13 12:37:06,091 INFO  impl.RaftServerProxy (RaftServerProxy.java:lambda$close$4(314)) - 97ce1602-be71-4478-bd18-ce4b1b6fb469: close
2019-07-13 12:37:06,091 INFO  impl.RaftServerImpl (RaftServerImpl.java:lambda$shutdown$3(245)) - 97ce1602-be71-4478-bd18-ce4b1b6fb469: shutdown group-16338462593B
2019-07-13 12:37:06,092 INFO  impl.RaftServerImpl (RaftServerImpl.java:lambda$shutdown$3(245)) - 97ce1602-be71-4478-bd18-ce4b1b6fb469: shutdown group-1CF7397EB78D
2019-07-13 12:37:06,092 INFO  util.JmxRegister (JmxRegister.java:unregister(73)) - Successfully un-registered JMX Bean with object name Ratis:service=RaftServer,group=group-16338462593B,id=97ce1602-be71-4478-bd18-ce4b1b6fb469
2019-07-13 12:37:06,092 INFO  util.JmxRegister (JmxRegister.java:unregister(73)) - Successfully un-registered JMX Bean with object name Ratis:service=RaftServer,group=group-1CF7397EB78D,id=97ce1602-be71-4478-bd18-ce4b1b6fb469
2019-07-13 12:37:06,092 INFO  impl.RoleInfo (RoleInfo.java:shutdownFollowerState(121)) - 97ce1602-be71-4478-bd18-ce4b1b6fb469: shutdown FollowerState
2019-07-13 12:37:06,093 INFO  impl.RoleInfo (RoleInfo.java:shutdownLeaderState(104)) - 97ce1602-be71-4478-bd18-ce4b1b6fb469: shutdown LeaderState
2019-07-13 12:37:06,093 INFO  impl.StateMachineUpdater (StateMachineUpdater.java:stopAndJoin(115)) - StateMachineUpdater:97ce1602-be71-4478-bd18-ce4b1b6fb469:group-16338462593B: set stopIndex = 16
2019-07-13 12:37:06,093 INFO  ratis.ContainerStateMachine (ContainerStateMachine.java:takeSnapshot(246)) - Taking snapshot at termIndex:(t:3, i:14)
2019-07-13 12:37:06,094 INFO  ratis.ContainerStateMachine (ContainerStateMachine.java:takeSnapshot(250)) - Taking a snapshot to file /tmp/workdir/hadoop-ozone/integration-test/target/test-dir/MiniOzoneClusterImpl-b41edfef-7459-4e50-8f59-8d8a035a1c36/datanode-0/data/ratis/4c09cb10-d6ea-45f0-b30c-16338462593b/sm/snapshot.3_14
2019-07-13 12:37:06,093 INFO  impl.FollowerState (FollowerState.java:run(114)) - 97ce1602-be71-4478-bd18-ce4b1b6fb469: FollowerState was interrupted: java.lang.InterruptedException: sleep interrupted
2019-07-13 12:37:06,093 INFO  impl.PendingRequests (PendingRequests.java:sendNotLeaderResponses(202)) - 97ce1602-be71-4478-bd18-ce4b1b6fb469-PendingRequests: sendNotLeaderResponses
2019-07-13 12:37:06,097 INFO  impl.StateMachineUpdater (StateMachineUpdater.java:stopAndJoin(115)) - StateMachineUpdater:97ce1602-be71-4478-bd18-ce4b1b6fb469:group-1CF7397EB78D: set stopIndex = 0
2019-07-13 12:37:06,097 INFO  ratis.ContainerStateMachine (ContainerStateMachine.java:takeSnapshot(246)) - Taking snapshot at termIndex:(t:0, i:~)
2019-07-13 12:37:06,097 INFO  impl.RaftServerImpl (ServerState.java:close(394)) - 97ce1602-be71-4478-bd18-ce4b1b6fb469:group-1CF7397EB78D closes. The last applied log index is 0
2019-07-13 12:37:06,098 INFO  segmented.SegmentedRaftLogWorker (SegmentedRaftLogWorker.java:run(313)) - 97ce1602-be71-4478-bd18-ce4b1b6fb469-SegmentedRaftLogWorker:Storage Directory /tmp/workdir/hadoop-ozone/integration-test/target/test-dir/MiniOzoneClusterImpl-b41edfef-7459-4e50-8f59-8d8a035a1c36/datanode-0/data/ratis/d74407ab-c470-4afe-a40c-1cf7397eb78d was interrupted, exiting. There are 0 tasks remaining in the queue.
2019-07-13 12:37:06,106 INFO  impl.StateMachineUpdater (StateMachineUpdater.java:takeSnapshot(242)) - StateMachineUpdater:97ce1602-be71-4478-bd18-ce4b1b6fb469:group-16338462593B: Took a snapshot at index 14
2019-07-13 12:37:06,106 INFO  segmented.SegmentedRaftLogWorker (SegmentedRaftLogWorker.java:close(228)) - 97ce1602-be71-4478-bd18-ce4b1b6fb469-SegmentedRaftLogWorker:Storage Directory /tmp/workdir/hadoop-ozone/integration-test/target/test-dir/MiniOzoneClusterImpl-b41edfef-7459-4e50-8f59-8d8a035a1c36/datanode-0/data/ratis/d74407ab-c470-4afe-a40c-1cf7397eb78d close()
2019-07-13 12:37:06,106 INFO  impl.StateMachineUpdater (StateMachineUpdater.java:lambda$new$0(80)) - StateMachineUpdater:97ce1602-be71-4478-bd18-ce4b1b6fb469:group-16338462593B: snapshotIndex: updateIncreasingly -1 -> 14
2019-07-13 12:37:06,111 INFO  impl.RaftServerImpl (ServerState.java:close(394)) - 97ce1602-be71-4478-bd18-ce4b1b6fb469:group-16338462593B closes. The last applied log index is 16
2019-07-13 12:37:06,112 INFO  segmented.SegmentedRaftLogWorker (SegmentedRaftLogWorker.java:run(313)) - 97ce1602-be71-4478-bd18-ce4b1b6fb469-SegmentedRaftLogWorker:Storage Directory /tmp/workdir/hadoop-ozone/integration-test/target/test-dir/MiniOzoneClusterImpl-b41edfef-7459-4e50-8f59-8d8a035a1c36/datanode-0/data/ratis/4c09cb10-d6ea-45f0-b30c-16338462593b was interrupted, exiting. There are 0 tasks remaining in the queue.
2019-07-13 12:37:06,114 INFO  segmented.SegmentedRaftLogWorker (SegmentedRaftLogWorker.java:close(228)) - 97ce1602-be71-4478-bd18-ce4b1b6fb469-SegmentedRaftLogWorker:Storage Directory /tmp/workdir/hadoop-ozone/integration-test/target/test-dir/MiniOzoneClusterImpl-b41edfef-7459-4e50-8f59-8d8a035a1c36/datanode-0/data/ratis/4c09cb10-d6ea-45f0-b30c-16338462593b close()
2019-07-13 12:37:06,120 INFO  server.GrpcService (GrpcService.java:closeImpl(155)) - 97ce1602-be71-4478-bd18-ce4b1b6fb469: shutdown server with port 40878 now
2019-07-13 12:37:06,121 WARN  server.GrpcServerProtocolService (LogUtils.java:warn(134)) - 97ce1602-be71-4478-bd18-ce4b1b6fb469: appendEntries onError: org.apache.ratis.thirdparty.io.grpc.StatusRuntimeException: CANCELLED: cancelled before receiving half close
2019-07-13 12:37:06,121 INFO  server.GrpcService (GrpcService.java:closeImpl(163)) - 97ce1602-be71-4478-bd18-ce4b1b6fb469: shutdown server with port 40878 successfully
2019-07-13 12:37:06,122 WARN  server.GrpcLogAppender (LogUtils.java:warn(134)) - 1eae791d-00b9-4b23-a53d-57824a339a46->97ce1602-be71-4478-bd18-ce4b1b6fb469: Failed appendEntries: org.apache.ratis.thirdparty.io.grpc.StatusRuntimeException: CANCELLED: HTTP/2 error code: CANCEL
Received Rst Stream
2019-07-13 12:37:06,122 INFO  impl.FollowerInfo (FollowerInfo.java:lambda$new$0(50)) - 1eae791d-00b9-4b23-a53d-57824a339a46->97ce1602-be71-4478-bd18-ce4b1b6fb469: nextIndex: updateUnconditionally 17 -> 16
2019-07-13 12:37:06,123 INFO  utils.BackgroundService (BackgroundService.java:shutdown(148)) - Shutting down service BlockDeletingService
2019-07-13 12:37:06,125 WARN  fs.CachingGetSpaceUsed (CachingGetSpaceUsed.java:run(183)) - Thread Interrupted waiting to refresh disk information: sleep interrupted
2019-07-13 12:37:06,149 INFO  statemachine.DatanodeStateMachine (DatanodeStateMachine.java:stopDaemon(395)) - Ozone container server stopped.
2019-07-13 12:37:06,150 INFO  handler.ContextHandler (ContextHandler.java:doStop(910)) - Stopped o.e.j.w.WebAppContext@3aebdb4{/,null,UNAVAILABLE}{/hddsDatanode}
2019-07-13 12:37:06,151 INFO  server.AbstractConnector (AbstractConnector.java:doStop(318)) - Stopped ServerConnector@4fd70118{HTTP/1.1,[http/1.1]}{0.0.0.0:0}
2019-07-13 12:37:06,152 INFO  handler.ContextHandler (ContextHandler.java:doStop(910)) - Stopped o.e.j.s.ServletContextHandler@4b477121{/static,jar:file:/home/user/.m2/repository/org/apache/hadoop/hadoop-hdds-container-service/0.5.0-SNAPSHOT/hadoop-hdds-container-service-0.5.0-SNAPSHOT.jar!/webapps/static,UNAVAILABLE}
2019-07-13 12:37:06,152 INFO  handler.ContextHandler (ContextHandler.java:doStop(910)) - Stopped o.e.j.s.ServletContextHandler@273e622f{/logs,file:///tmp/workdir/hadoop-ozone/integration-test/target/log,UNAVAILABLE}
2019-07-13 12:37:06,158 WARN  server.GrpcLogAppender (LogUtils.java:warn(134)) - 1eae791d-00b9-4b23-a53d-57824a339a46->97ce1602-be71-4478-bd18-ce4b1b6fb469: Failed appendEntries: org.apache.ratis.thirdparty.io.grpc.StatusRuntimeException: UNAVAILABLE: io exception
2019-07-13 12:37:06,158 INFO  impl.FollowerInfo (FollowerInfo.java:lambda$new$0(50)) - 1eae791d-00b9-4b23-a53d-57824a339a46->97ce1602-be71-4478-bd18-ce4b1b6fb469: nextIndex: updateUnconditionally 17 -> 16
2019-07-13 12:37:06,160 WARN  server.GrpcLogAppender (LogUtils.java:warn(134)) - 1eae791d-00b9-4b23-a53d-57824a339a46->97ce1602-be71-4478-bd18-ce4b1b6fb469: Failed appendEntries: org.apache.ratis.thirdparty.io.grpc.StatusRuntimeException: UNAVAILABLE: io exception
2019-07-13 12:37:06,161 INFO  impl.FollowerInfo (FollowerInfo.java:lambda$new$0(50)) - 1eae791d-00b9-4b23-a53d-57824a339a46->97ce1602-be71-4478-bd18-ce4b1b6fb469: nextIndex: updateUnconditionally 17 -> 16
2019-07-13 12:37:06,171 WARN  server.GrpcLogAppender (LogUtils.java:warn(134)) - 1eae791d-00b9-4b23-a53d-57824a339a46->97ce1602-be71-4478-bd18-ce4b1b6fb469: Failed appendEntries: org.apache.ratis.thirdparty.io.grpc.StatusRuntimeException: UNAVAILABLE: io exception
2019-07-13 12:37:06,171 INFO  impl.FollowerInfo (FollowerInfo.java:lambda$new$0(50)) - 1eae791d-00b9-4b23-a53d-57824a339a46->97ce1602-be71-4478-bd18-ce4b1b6fb469: nextIndex: updateUnconditionally 17 -> 16
2019-07-13 12:37:06,171 INFO  client.GrpcClientProtocolClient (GrpcClientProtocolClient.java:onNext(255)) - client-6A360C14E749->1eae791d-00b9-4b23-a53d-57824a339a46: receive RaftClientReply:client-6A360C14E749->1eae791d-00b9-4b23-a53d-57824a339a46@group-16338462593B, cid=185, SUCCESS, logIndex=17, commits[1eae791d-00b9-4b23-a53d-57824a339a46:c17, 77b5a38c-2a07-4201-bb4e-3546de442856:c16, 97ce1602-be71-4478-bd18-ce4b1b6fb469:c16]
2019-07-13 12:37:06,182 WARN  server.GrpcLogAppender (LogUtils.java:warn(134)) - 1eae791d-00b9-4b23-a53d-57824a339a46->97ce1602-be71-4478-bd18-ce4b1b6fb469: Failed appendEntries: org.apache.ratis.thirdparty.io.grpc.StatusRuntimeException: UNAVAILABLE: io exception
2019-07-13 12:37:06,196 INFO  impl.FollowerInfo (FollowerInfo.java:lambda$new$0(50)) - 1eae791d-00b9-4b23-a53d-57824a339a46->97ce1602-be71-4478-bd18-ce4b1b6fb469: nextIndex: updateUnconditionally 17 -> 16
2019-07-13 12:37:06,197 INFO  client.GrpcClientProtocolClient (GrpcClientProtocolClient.java:onNext(255)) - client-6A360C14E749->1eae791d-00b9-4b23-a53d-57824a339a46: receive RaftClientReply:client-6A360C14E749->1eae791d-00b9-4b23-a53d-57824a339a46@group-16338462593B, cid=186, SUCCESS, logIndex=18, commits[1eae791d-00b9-4b23-a53d-57824a339a46:c19, 77b5a38c-2a07-4201-bb4e-3546de442856:c16, 97ce1602-be71-4478-bd18-ce4b1b6fb469:c16]
2019-07-13 12:37:06,198 INFO  client.GrpcClientProtocolClient (GrpcClientProtocolClient.java:onNext(255)) - client-6A360C14E749->1eae791d-00b9-4b23-a53d-57824a339a46: receive RaftClientReply:client-6A360C14E749->1eae791d-00b9-4b23-a53d-57824a339a46@group-16338462593B, cid=187, SUCCESS, logIndex=19, commits[1eae791d-00b9-4b23-a53d-57824a339a46:c22, 77b5a38c-2a07-4201-bb4e-3546de442856:c16, 97ce1602-be71-4478-bd18-ce4b1b6fb469:c16]
2019-07-13 12:37:06,199 WARN  server.GrpcLogAppender (LogUtils.java:warn(134)) - 1eae791d-00b9-4b23-a53d-57824a339a46->97ce1602-be71-4478-bd18-ce4b1b6fb469: Failed appendEntries: org.apache.ratis.thirdparty.io.grpc.StatusRuntimeException: UNAVAILABLE: io exception
2019-07-13 12:37:06,199 INFO  impl.FollowerInfo (FollowerInfo.java:lambda$new$0(50)) - 1eae791d-00b9-4b23-a53d-57824a339a46->97ce1602-be71-4478-bd18-ce4b1b6fb469: nextIndex: updateUnconditionally 17 -> 16
2019-07-13 12:37:06,199 INFO  client.GrpcClientProtocolClient (GrpcClientProtocolClient.java:onNext(255)) - client-6A360C14E749->1eae791d-00b9-4b23-a53d-57824a339a46: receive RaftClientReply:client-6A360C14E749->1eae791d-00b9-4b23-a53d-57824a339a46@group-16338462593B, cid=188, SUCCESS, logIndex=20, commits[1eae791d-00b9-4b23-a53d-57824a339a46:c23, 77b5a38c-2a07-4201-bb4e-3546de442856:c17, 97ce1602-be71-4478-bd18-ce4b1b6fb469:c16]
2019-07-13 12:37:06,204 INFO  client.GrpcClientProtocolClient (GrpcClientProtocolClient.java:onNext(255)) - client-6A360C14E749->1eae791d-00b9-4b23-a53d-57824a339a46: receive RaftClientReply:client-6A360C14E749->1eae791d-00b9-4b23-a53d-57824a339a46@group-16338462593B, cid=189, SUCCESS, logIndex=21, commits[1eae791d-00b9-4b23-a53d-57824a339a46:c23, 77b5a38c-2a07-4201-bb4e-3546de442856:c17, 97ce1602-be71-4478-bd18-ce4b1b6fb469:c16]
2019-07-13 12:37:06,205 INFO  client.GrpcClientProtocolClient (GrpcClientProtocolClient.java:onNext(255)) - client-6A360C14E749->1eae791d-00b9-4b23-a53d-57824a339a46: receive RaftClientReply:client-6A360C14E749->1eae791d-00b9-4b23-a53d-57824a339a46@group-16338462593B, cid=190, SUCCESS, logIndex=22, commits[1eae791d-00b9-4b23-a53d-57824a339a46:c23, 77b5a38c-2a07-4201-bb4e-3546de442856:c17, 97ce1602-be71-4478-bd18-ce4b1b6fb469:c16]
2019-07-13 12:37:06,205 WARN  server.GrpcLogAppender (LogUtils.java:warn(134)) - 1eae791d-00b9-4b23-a53d-57824a339a46->97ce1602-be71-4478-bd18-ce4b1b6fb469: Failed appendEntries: org.apache.ratis.thirdparty.io.grpc.StatusRuntimeException: UNAVAILABLE: io exception
2019-07-13 12:37:06,205 INFO  impl.FollowerInfo (FollowerInfo.java:lambda$new$0(50)) - 1eae791d-00b9-4b23-a53d-57824a339a46->97ce1602-be71-4478-bd18-ce4b1b6fb469: nextIndex: updateUnconditionally 17 -> 16
2019-07-13 12:37:06,214 WARN  server.GrpcLogAppender (LogUtils.java:warn(134)) - 1eae791d-00b9-4b23-a53d-57824a339a46->97ce1602-be71-4478-bd18-ce4b1b6fb469: Failed appendEntries: org.apache.ratis.thirdparty.io.grpc.StatusRuntimeException: UNAVAILABLE: io exception
2019-07-13 12:37:06,215 INFO  impl.FollowerInfo (FollowerInfo.java:lambda$new$0(50)) - 1eae791d-00b9-4b23-a53d-57824a339a46->97ce1602-be71-4478-bd18-ce4b1b6fb469: nextIndex: updateUnconditionally 17 -> 16
2019-07-13 12:37:07,206 WARN  scm.XceiverClientRatis (XceiverClientRatis.java:watchForCommit(262)) - 3 way commit failed on pipeline Pipeline[ Id: 4c09cb10-d6ea-45f0-b30c-16338462593b, Nodes: 97ce1602-be71-4478-bd18-ce4b1b6fb469{ip: 192.168.5.181, host: trunk-nightly-q2gwj-1111726333, networkLocation: /default-rack, certSerialId: null}1eae791d-00b9-4b23-a53d-57824a339a46{ip: 192.168.5.181, host: trunk-nightly-q2gwj-1111726333, networkLocation: /default-rack, certSerialId: null}77b5a38c-2a07-4201-bb4e-3546de442856{ip: 192.168.5.181, host: trunk-nightly-q2gwj-1111726333, networkLocation: /default-rack, certSerialId: null}, Type:RATIS, Factor:THREE, State:OPEN]
java.util.concurrent.TimeoutException
	at java.util.concurrent.CompletableFuture.timedGet(CompletableFuture.java:1771)
	at java.util.concurrent.CompletableFuture.get(CompletableFuture.java:1915)
	at org.apache.hadoop.hdds.scm.XceiverClientRatis.watchForCommit(XceiverClientRatis.java:259)
	at org.apache.hadoop.hdds.scm.storage.CommitWatcher.watchForCommit(CommitWatcher.java:194)
	at org.apache.hadoop.hdds.scm.storage.CommitWatcher.watchOnLastIndex(CommitWatcher.java:157)
	at org.apache.hadoop.hdds.scm.storage.BlockOutputStream.watchForCommit(BlockOutputStream.java:355)
	at org.apache.hadoop.hdds.scm.storage.BlockOutputStream.handleFlush(BlockOutputStream.java:487)
	at org.apache.hadoop.hdds.scm.storage.BlockOutputStream.close(BlockOutputStream.java:501)
	at org.apache.hadoop.ozone.client.io.BlockOutputStreamEntry.close(BlockOutputStreamEntry.java:143)
	at org.apache.hadoop.ozone.client.io.KeyOutputStream.handleFlushOrClose(KeyOutputStream.java:438)
	at org.apache.hadoop.ozone.client.io.KeyOutputStream.handleWrite(KeyOutputStream.java:235)
	at org.apache.hadoop.ozone.client.io.KeyOutputStream.write(KeyOutputStream.java:193)
	at org.apache.hadoop.ozone.client.io.OzoneOutputStream.write(OzoneOutputStream.java:49)
	at java.io.OutputStream.write(OutputStream.java:75)
	at org.apache.hadoop.ozone.client.rpc.TestBlockOutputStreamWithFailures.testWatchForCommitDatanodeFailure(TestBlockOutputStreamWithFailures.java:363)
	at sun.reflect.NativeMethodAccessorImpl.invoke0(Native Method)
	at sun.reflect.NativeMethodAccessorImpl.invoke(NativeMethodAccessorImpl.java:62)
	at sun.reflect.DelegatingMethodAccessorImpl.invoke(DelegatingMethodAccessorImpl.java:43)
	at java.lang.reflect.Method.invoke(Method.java:498)
	at org.junit.runners.model.FrameworkMethod$1.runReflectiveCall(FrameworkMethod.java:47)
	at org.junit.internal.runners.model.ReflectiveCallable.run(ReflectiveCallable.java:12)
	at org.junit.runners.model.FrameworkMethod.invokeExplosively(FrameworkMethod.java:44)
	at org.junit.internal.runners.statements.InvokeMethod.evaluate(InvokeMethod.java:17)
	at org.junit.internal.runners.statements.RunBefores.evaluate(RunBefores.java:26)
	at org.junit.internal.runners.statements.RunAfters.evaluate(RunAfters.java:27)
	at org.junit.runners.ParentRunner.runLeaf(ParentRunner.java:271)
	at org.junit.runners.BlockJUnit4ClassRunner.runChild(BlockJUnit4ClassRunner.java:70)
	at org.junit.runners.BlockJUnit4ClassRunner.runChild(BlockJUnit4ClassRunner.java:50)
	at org.junit.runners.ParentRunner$3.run(ParentRunner.java:238)
	at org.junit.runners.ParentRunner$1.schedule(ParentRunner.java:63)
	at org.junit.runners.ParentRunner.runChildren(ParentRunner.java:236)
	at org.junit.runners.ParentRunner.access$000(ParentRunner.java:53)
	at org.junit.runners.ParentRunner$2.evaluate(ParentRunner.java:229)
	at org.junit.runners.ParentRunner.run(ParentRunner.java:309)
	at org.apache.maven.surefire.junit4.JUnit4Provider.execute(JUnit4Provider.java:365)
	at org.apache.maven.surefire.junit4.JUnit4Provider.executeWithRerun(JUnit4Provider.java:273)
	at org.apache.maven.surefire.junit4.JUnit4Provider.executeTestSet(JUnit4Provider.java:238)
	at org.apache.maven.surefire.junit4.JUnit4Provider.invoke(JUnit4Provider.java:159)
	at org.apache.maven.surefire.booter.ForkedBooter.invokeProviderInSameClassLoader(ForkedBooter.java:384)
	at org.apache.maven.surefire.booter.ForkedBooter.runSuitesInProcess(ForkedBooter.java:345)
	at org.apache.maven.surefire.booter.ForkedBooter.execute(ForkedBooter.java:126)
	at org.apache.maven.surefire.booter.ForkedBooter.main(ForkedBooter.java:418)
2019-07-13 12:37:07,209 INFO  client.GrpcClientProtocolClient (GrpcClientProtocolClient.java:onNext(255)) - client-6A360C14E749->1eae791d-00b9-4b23-a53d-57824a339a46: receive RaftClientReply:client-6A360C14E749->1eae791d-00b9-4b23-a53d-57824a339a46@group-16338462593B, cid=192, SUCCESS, logIndex=0, commits[1eae791d-00b9-4b23-a53d-57824a339a46:c26, 77b5a38c-2a07-4201-bb4e-3546de442856:c22, 97ce1602-be71-4478-bd18-ce4b1b6fb469:c16]
2019-07-13 12:37:07,212 INFO  scm.XceiverClientRatis (XceiverClientRatis.java:lambda$watchForCommit$7(280)) - Could not commit index 22 on pipeline Pipeline[ Id: 4c09cb10-d6ea-45f0-b30c-16338462593b, Nodes: 97ce1602-be71-4478-bd18-ce4b1b6fb469{ip: 192.168.5.181, host: trunk-nightly-q2gwj-1111726333, networkLocation: /default-rack, certSerialId: null}1eae791d-00b9-4b23-a53d-57824a339a46{ip: 192.168.5.181, host: trunk-nightly-q2gwj-1111726333, networkLocation: /default-rack, certSerialId: null}77b5a38c-2a07-4201-bb4e-3546de442856{ip: 192.168.5.181, host: trunk-nightly-q2gwj-1111726333, networkLocation: /default-rack, certSerialId: null}, Type:RATIS, Factor:THREE, State:OPEN] to all the nodes. Server 97ce1602-be71-4478-bd18-ce4b1b6fb469 has failed. Committed by majority.
2019-07-13 12:37:07,212 WARN  storage.BlockOutputStream (BlockOutputStream.java:watchForCommit(361)) - Failed to commit BlockId conID: 1 locID: 102434171167375374 bcsId: 22 on Pipeline[ Id: 4c09cb10-d6ea-45f0-b30c-16338462593b, Nodes: 97ce1602-be71-4478-bd18-ce4b1b6fb469{ip: 192.168.5.181, host: trunk-nightly-q2gwj-1111726333, networkLocation: /default-rack, certSerialId: null}1eae791d-00b9-4b23-a53d-57824a339a46{ip: 192.168.5.181, host: trunk-nightly-q2gwj-1111726333, networkLocation: /default-rack, certSerialId: null}77b5a38c-2a07-4201-bb4e-3546de442856{ip: 192.168.5.181, host: trunk-nightly-q2gwj-1111726333, networkLocation: /default-rack, certSerialId: null}, Type:RATIS, Factor:THREE, State:OPEN]. Failed nodes: [97ce1602-be71-4478-bd18-ce4b1b6fb469{ip: null, host: null, networkLocation: /default-rack, certSerialId: null}]
2019-07-13 12:37:07,213 INFO  ozone.MiniOzoneClusterImpl (MiniOzoneClusterImpl.java:shutdown(321)) - Shutting down the Mini Ozone Cluster
2019-07-13 12:37:07,213 INFO  ozone.MiniOzoneClusterImpl (MiniOzoneClusterImpl.java:stop(336)) - Stopping the Mini Ozone Cluster
2019-07-13 12:37:07,213 INFO  ozone.MiniOzoneClusterImpl (MiniOzoneClusterImpl.java:stop(338)) - Stopping the OzoneManager
2019-07-13 12:37:07,213 INFO  ipc.Server (Server.java:stop(3082)) - Stopping server on 37858
2019-07-13 12:37:07,227 INFO  ipc.Server (Server.java:run(1185)) - Stopping IPC Server listener on 37858
2019-07-13 12:37:07,234 INFO  utils.BackgroundService (BackgroundService.java:shutdown(148)) - Shutting down service KeyDeletingService
2019-07-13 12:37:07,248 INFO  ipc.Server (Server.java:run(1319)) - Stopping IPC Server Responder
2019-07-13 12:37:07,265 INFO  handler.ContextHandler (ContextHandler.java:doStop(910)) - Stopped o.e.j.w.WebAppContext@2e2a2b07{/,null,UNAVAILABLE}{/ozoneManager}
2019-07-13 12:37:07,266 INFO  server.AbstractConnector (AbstractConnector.java:doStop(318)) - Stopped ServerConnector@52dc71b2{HTTP/1.1,[http/1.1]}{0.0.0.0:0}
2019-07-13 12:37:07,266 INFO  handler.ContextHandler (ContextHandler.java:doStop(910)) - Stopped o.e.j.s.ServletContextHandler@7305a443{/static,file:///tmp/workdir/hadoop-ozone/integration-test/target/test-classes/webapps/static,UNAVAILABLE}
2019-07-13 12:37:07,267 INFO  handler.ContextHandler (ContextHandler.java:doStop(910)) - Stopped o.e.j.s.ServletContextHandler@76685ab0{/logs,file:///tmp/workdir/hadoop-ozone/integration-test/target/log,UNAVAILABLE}
2019-07-13 12:37:07,269 INFO  ozone.MiniOzoneClusterImpl (MiniOzoneClusterImpl.java:stop(344)) - Shutting the HddsDatanodes
2019-07-13 12:37:07,270 INFO  datanode.ObjectStoreHandler (ObjectStoreHandler.java:close(155)) - Closing ObjectStoreHandler.
2019-07-13 12:37:07,270 INFO  datanode.ObjectStoreHandler (ObjectStoreHandler.java:close(155)) - Closing ObjectStoreHandler.
2019-07-13 12:37:07,270 INFO  ozone.HddsDatanodeService (HddsDatanodeService.java:stop(452)) - Stopped plug-in org.apache.hadoop.ozone.web.OzoneHddsDatanodeService@428440f2
2019-07-13 12:37:07,271 INFO  ozone.HddsDatanodeService (HddsDatanodeService.java:stop(452)) - Stopped plug-in org.apache.hadoop.ozone.web.OzoneHddsDatanodeService@33602729
2019-07-13 12:37:07,900 INFO  statemachine.DatanodeStateMachine (DatanodeStateMachine.java:lambda$startDaemon$0(350)) - Ozone container server started.
2019-07-13 12:37:08,220 INFO  statemachine.DatanodeStateMachine (DatanodeStateMachine.java:lambda$startDaemon$0(350)) - Ozone container server started.
2019-07-13 12:37:08,713 WARN  server.GrpcLogAppender (LogUtils.java:warn(134)) - 1eae791d-00b9-4b23-a53d-57824a339a46->97ce1602-be71-4478-bd18-ce4b1b6fb469: Failed appendEntries: org.apache.ratis.thirdparty.io.grpc.StatusRuntimeException: UNAVAILABLE: io exception
2019-07-13 12:37:08,713 INFO  impl.FollowerInfo (FollowerInfo.java:lambda$new$0(50)) - 1eae791d-00b9-4b23-a53d-57824a339a46->97ce1602-be71-4478-bd18-ce4b1b6fb469: nextIndex: updateUnconditionally 16 -> 15
2019-07-13 12:37:11,213 WARN  server.GrpcLogAppender (LogUtils.java:warn(134)) - 1eae791d-00b9-4b23-a53d-57824a339a46->97ce1602-be71-4478-bd18-ce4b1b6fb469: Failed appendEntries: org.apache.ratis.thirdparty.io.grpc.StatusRuntimeException: UNAVAILABLE: io exception
2019-07-13 12:37:11,214 INFO  impl.FollowerInfo (FollowerInfo.java:lambda$new$0(50)) - 1eae791d-00b9-4b23-a53d-57824a339a46->97ce1602-be71-4478-bd18-ce4b1b6fb469: nextIndex: updateUnconditionally 15 -> 14
2019-07-13 12:37:11,971 INFO  node.StaleNodeHandler (StaleNodeHandler.java:onMessage(58)) - Datanode 1eae791d-00b9-4b23-a53d-57824a339a46{ip: 192.168.5.181, host: trunk-nightly-q2gwj-1111726333, networkLocation: /default-rack, certSerialId: null} moved to stale state. Finalizing its pipelines [PipelineID=bf511203-ea85-467e-ba0c-715a668832a7, PipelineID=4c09cb10-d6ea-45f0-b30c-16338462593b]
2019-07-13 12:37:11,971 INFO  pipeline.SCMPipelineManager (SCMPipelineManager.java:finalizeAndDestroyPipeline(309)) - destroying pipeline:Pipeline[ Id: bf511203-ea85-467e-ba0c-715a668832a7, Nodes: 1eae791d-00b9-4b23-a53d-57824a339a46{ip: 192.168.5.181, host: trunk-nightly-q2gwj-1111726333, networkLocation: /default-rack, certSerialId: null}, Type:RATIS, Factor:ONE, State:OPEN]
2019-07-13 12:37:11,971 INFO  pipeline.PipelineStateManager (PipelineStateManager.java:finalizePipeline(123)) - Pipeline Pipeline[ Id: bf511203-ea85-467e-ba0c-715a668832a7, Nodes: 1eae791d-00b9-4b23-a53d-57824a339a46{ip: 192.168.5.181, host: trunk-nightly-q2gwj-1111726333, networkLocation: /default-rack, certSerialId: null}, Type:RATIS, Factor:ONE, State:CLOSED] moved to CLOSED state
2019-07-13 12:37:11,972 INFO  pipeline.SCMPipelineManager (SCMPipelineManager.java:finalizeAndDestroyPipeline(309)) - destroying pipeline:Pipeline[ Id: 4c09cb10-d6ea-45f0-b30c-16338462593b, Nodes: 97ce1602-be71-4478-bd18-ce4b1b6fb469{ip: 192.168.5.181, host: trunk-nightly-q2gwj-1111726333, networkLocation: /default-rack, certSerialId: null}1eae791d-00b9-4b23-a53d-57824a339a46{ip: 192.168.5.181, host: trunk-nightly-q2gwj-1111726333, networkLocation: /default-rack, certSerialId: null}77b5a38c-2a07-4201-bb4e-3546de442856{ip: 192.168.5.181, host: trunk-nightly-q2gwj-1111726333, networkLocation: /default-rack, certSerialId: null}, Type:RATIS, Factor:THREE, State:CLOSED]
2019-07-13 12:37:12,271 INFO  node.StaleNodeHandler (StaleNodeHandler.java:onMessage(58)) - Datanode efe5b0e3-1541-4c39-80b2-381129ba02f8{ip: 192.168.5.181, host: trunk-nightly-q2gwj-1111726333, networkLocation: /default-rack, certSerialId: null} moved to stale state. Finalizing its pipelines [PipelineID=65f16476-3544-4316-b930-12ba917433d8, PipelineID=7d7fd1c7-09ec-43a2-847a-ff9890890d8b]
2019-07-13 12:37:12,272 INFO  ozoneimpl.OzoneContainer (OzoneContainer.java:stop(199)) - Attempting to stop container services.
2019-07-13 12:37:12,272 INFO  pipeline.SCMPipelineManager (SCMPipelineManager.java:finalizeAndDestroyPipeline(309)) - destroying pipeline:Pipeline[ Id: 65f16476-3544-4316-b930-12ba917433d8, Nodes: efe5b0e3-1541-4c39-80b2-381129ba02f8{ip: 192.168.5.181, host: trunk-nightly-q2gwj-1111726333, networkLocation: /default-rack, certSerialId: null}, Type:RATIS, Factor:ONE, State:OPEN]
2019-07-13 12:37:12,272 INFO  ozoneimpl.OzoneContainer (OzoneContainer.java:stop(199)) - Attempting to stop container services.
2019-07-13 12:37:12,272 INFO  pipeline.PipelineStateManager (PipelineStateManager.java:finalizePipeline(123)) - Pipeline Pipeline[ Id: 65f16476-3544-4316-b930-12ba917433d8, Nodes: efe5b0e3-1541-4c39-80b2-381129ba02f8{ip: 192.168.5.181, host: trunk-nightly-q2gwj-1111726333, networkLocation: /default-rack, certSerialId: null}, Type:RATIS, Factor:ONE, State:CLOSED] moved to CLOSED state
2019-07-13 12:37:12,273 INFO  impl.RaftServerProxy (RaftServerProxy.java:lambda$close$4(314)) - 1eae791d-00b9-4b23-a53d-57824a339a46: close
2019-07-13 12:37:12,272 INFO  impl.RaftServerProxy (RaftServerProxy.java:lambda$close$4(314)) - efe5b0e3-1541-4c39-80b2-381129ba02f8: close
2019-07-13 12:37:12,273 INFO  impl.RaftServerImpl (RaftServerImpl.java:lambda$shutdown$3(245)) - 1eae791d-00b9-4b23-a53d-57824a339a46: shutdown group-715A668832A7
2019-07-13 12:37:12,273 INFO  pipeline.SCMPipelineManager (SCMPipelineManager.java:finalizeAndDestroyPipeline(309)) - destroying pipeline:Pipeline[ Id: 7d7fd1c7-09ec-43a2-847a-ff9890890d8b, Nodes: b8bf55c5-4407-4161-aa27-26eba85de527{ip: 192.168.5.181, host: trunk-nightly-q2gwj-1111726333, networkLocation: /default-rack, certSerialId: null}4b153f06-01de-4bce-8989-88eda3164a8a{ip: 192.168.5.181, host: trunk-nightly-q2gwj-1111726333, networkLocation: /default-rack, certSerialId: null}efe5b0e3-1541-4c39-80b2-381129ba02f8{ip: 192.168.5.181, host: trunk-nightly-q2gwj-1111726333, networkLocation: /default-rack, certSerialId: null}, Type:RATIS, Factor:THREE, State:OPEN]
2019-07-13 12:37:12,274 INFO  util.JmxRegister (JmxRegister.java:unregister(73)) - Successfully un-registered JMX Bean with object name Ratis:service=RaftServer,group=group-715A668832A7,id=1eae791d-00b9-4b23-a53d-57824a339a46
2019-07-13 12:37:12,274 INFO  impl.RoleInfo (RoleInfo.java:shutdownLeaderState(104)) - 1eae791d-00b9-4b23-a53d-57824a339a46: shutdown LeaderState
2019-07-13 12:37:12,274 INFO  impl.RaftServerImpl (RaftServerImpl.java:lambda$shutdown$3(245)) - efe5b0e3-1541-4c39-80b2-381129ba02f8: shutdown group-12BA917433D8
2019-07-13 12:37:12,275 INFO  util.JmxRegister (JmxRegister.java:unregister(73)) - Successfully un-registered JMX Bean with object name Ratis:service=RaftServer,group=group-12BA917433D8,id=efe5b0e3-1541-4c39-80b2-381129ba02f8
2019-07-13 12:37:12,276 INFO  impl.RoleInfo (RoleInfo.java:shutdownLeaderState(104)) - efe5b0e3-1541-4c39-80b2-381129ba02f8: shutdown LeaderState
2019-07-13 12:37:12,275 INFO  impl.PendingRequests (PendingRequests.java:sendNotLeaderResponses(202)) - 1eae791d-00b9-4b23-a53d-57824a339a46-PendingRequests: sendNotLeaderResponses
2019-07-13 12:37:12,274 INFO  pipeline.PipelineStateManager (PipelineStateManager.java:finalizePipeline(123)) - Pipeline Pipeline[ Id: 7d7fd1c7-09ec-43a2-847a-ff9890890d8b, Nodes: b8bf55c5-4407-4161-aa27-26eba85de527{ip: 192.168.5.181, host: trunk-nightly-q2gwj-1111726333, networkLocation: /default-rack, certSerialId: null}4b153f06-01de-4bce-8989-88eda3164a8a{ip: 192.168.5.181, host: trunk-nightly-q2gwj-1111726333, networkLocation: /default-rack, certSerialId: null}efe5b0e3-1541-4c39-80b2-381129ba02f8{ip: 192.168.5.181, host: trunk-nightly-q2gwj-1111726333, networkLocation: /default-rack, certSerialId: null}, Type:RATIS, Factor:THREE, State:CLOSED] moved to CLOSED state
2019-07-13 12:37:12,277 INFO  ratis.ContainerStateMachine (ContainerStateMachine.java:takeSnapshot(246)) - Taking snapshot at termIndex:(t:0, i:~)
2019-07-13 12:37:12,276 INFO  impl.StateMachineUpdater (StateMachineUpdater.java:stopAndJoin(115)) - StateMachineUpdater:1eae791d-00b9-4b23-a53d-57824a339a46:group-715A668832A7: set stopIndex = 0
2019-07-13 12:37:12,277 INFO  impl.RaftServerImpl (ServerState.java:close(394)) - 1eae791d-00b9-4b23-a53d-57824a339a46:group-715A668832A7 closes. The last applied log index is 0
2019-07-13 12:37:12,276 INFO  impl.PendingRequests (PendingRequests.java:sendNotLeaderResponses(202)) - efe5b0e3-1541-4c39-80b2-381129ba02f8-PendingRequests: sendNotLeaderResponses
2019-07-13 12:37:12,278 INFO  segmented.SegmentedRaftLogWorker (SegmentedRaftLogWorker.java:run(313)) - 1eae791d-00b9-4b23-a53d-57824a339a46-SegmentedRaftLogWorker:Storage Directory /tmp/workdir/hadoop-ozone/integration-test/target/test-dir/MiniOzoneClusterImpl-b41edfef-7459-4e50-8f59-8d8a035a1c36/datanode-1/data/ratis/bf511203-ea85-467e-ba0c-715a668832a7 was interrupted, exiting. There are 0 tasks remaining in the queue.
2019-07-13 12:37:12,278 INFO  impl.StateMachineUpdater (StateMachineUpdater.java:stopAndJoin(115)) - StateMachineUpdater:efe5b0e3-1541-4c39-80b2-381129ba02f8:group-12BA917433D8: set stopIndex = 0
2019-07-13 12:37:12,281 INFO  segmented.SegmentedRaftLogWorker (SegmentedRaftLogWorker.java:close(228)) - 1eae791d-00b9-4b23-a53d-57824a339a46-SegmentedRaftLogWorker:Storage Directory /tmp/workdir/hadoop-ozone/integration-test/target/test-dir/MiniOzoneClusterImpl-b41edfef-7459-4e50-8f59-8d8a035a1c36/datanode-1/data/ratis/bf511203-ea85-467e-ba0c-715a668832a7 close()
2019-07-13 12:37:12,278 INFO  ratis.ContainerStateMachine (ContainerStateMachine.java:takeSnapshot(246)) - Taking snapshot at termIndex:(t:0, i:~)
2019-07-13 12:37:12,286 INFO  impl.RaftServerImpl (RaftServerImpl.java:lambda$shutdown$3(245)) - 1eae791d-00b9-4b23-a53d-57824a339a46: shutdown group-16338462593B
2019-07-13 12:37:12,286 INFO  impl.RaftServerImpl (ServerState.java:close(394)) - efe5b0e3-1541-4c39-80b2-381129ba02f8:group-12BA917433D8 closes. The last applied log index is 0
2019-07-13 12:37:12,286 INFO  util.JmxRegister (JmxRegister.java:unregister(73)) - Successfully un-registered JMX Bean with object name Ratis:service=RaftServer,group=group-16338462593B,id=1eae791d-00b9-4b23-a53d-57824a339a46
2019-07-13 12:37:12,287 INFO  segmented.SegmentedRaftLogWorker (SegmentedRaftLogWorker.java:run(313)) - efe5b0e3-1541-4c39-80b2-381129ba02f8-SegmentedRaftLogWorker:Storage Directory /tmp/workdir/hadoop-ozone/integration-test/target/test-dir/MiniOzoneClusterImpl-b41edfef-7459-4e50-8f59-8d8a035a1c36/datanode-4/data/ratis/65f16476-3544-4316-b930-12ba917433d8 was interrupted, exiting. There are 0 tasks remaining in the queue.
2019-07-13 12:37:12,287 INFO  impl.RoleInfo (RoleInfo.java:shutdownLeaderState(104)) - 1eae791d-00b9-4b23-a53d-57824a339a46: shutdown LeaderState
2019-07-13 12:37:12,289 INFO  segmented.SegmentedRaftLogWorker (SegmentedRaftLogWorker.java:close(228)) - efe5b0e3-1541-4c39-80b2-381129ba02f8-SegmentedRaftLogWorker:Storage Directory /tmp/workdir/hadoop-ozone/integration-test/target/test-dir/MiniOzoneClusterImpl-b41edfef-7459-4e50-8f59-8d8a035a1c36/datanode-4/data/ratis/65f16476-3544-4316-b930-12ba917433d8 close()
2019-07-13 12:37:12,294 WARN  server.GrpcLogAppender (GrpcLogAppender.java:mayWait(143)) - GrpcLogAppender(1eae791d-00b9-4b23-a53d-57824a339a46->77b5a38c-2a07-4201-bb4e-3546de442856): Wait interrupted by java.lang.InterruptedException
2019-07-13 12:37:12,294 WARN  server.GrpcLogAppender (GrpcLogAppender.java:mayWait(143)) - GrpcLogAppender(1eae791d-00b9-4b23-a53d-57824a339a46->97ce1602-be71-4478-bd18-ce4b1b6fb469): Wait interrupted by java.lang.InterruptedException
2019-07-13 12:37:12,294 INFO  impl.PendingRequests (PendingRequests.java:sendNotLeaderResponses(202)) - 1eae791d-00b9-4b23-a53d-57824a339a46-PendingRequests: sendNotLeaderResponses
2019-07-13 12:37:12,298 INFO  server.GrpcServerProtocolService (GrpcServerProtocolService.java:onCompleted(104)) - 77b5a38c-2a07-4201-bb4e-3546de442856: appendEntries completed
2019-07-13 12:37:12,298 INFO  impl.RaftServerImpl (RaftServerImpl.java:lambda$shutdown$3(245)) - efe5b0e3-1541-4c39-80b2-381129ba02f8: shutdown group-FF9890890D8B
2019-07-13 12:37:12,303 INFO  server.GrpcLogAppender (GrpcLogAppender.java:onCompleted(292)) - 1eae791d-00b9-4b23-a53d-57824a339a46->77b5a38c-2a07-4201-bb4e-3546de442856: follower responses appendEntries COMPLETED
2019-07-13 12:37:12,303 INFO  util.JmxRegister (JmxRegister.java:unregister(73)) - Successfully un-registered JMX Bean with object name Ratis:service=RaftServer,group=group-FF9890890D8B,id=efe5b0e3-1541-4c39-80b2-381129ba02f8
2019-07-13 12:37:12,304 INFO  client.GrpcClientProtocolService (GrpcClientProtocolService.java:lambda$processClientRequest$0(278)) - Failed RaftClientRequest:client-6A360C14E749->1eae791d-00b9-4b23-a53d-57824a339a46@group-16338462593B, cid=191, seq=0, Watch-ALL_COMMITTED(22), Message:<EMPTY>, reply=RaftClientReply:client-6A360C14E749->1eae791d-00b9-4b23-a53d-57824a339a46@group-16338462593B, cid=191, FAILED org.apache.ratis.protocol.NotLeaderException: Server 1eae791d-00b9-4b23-a53d-57824a339a46 is not the leader (null). Request must be sent to leader., logIndex=0, commits[1eae791d-00b9-4b23-a53d-57824a339a46:c26]
2019-07-13 12:37:12,303 INFO  client.GrpcClientProtocolService (GrpcClientProtocolService.java:lambda$processClientRequest$0(278)) - Failed RaftClientRequest:client-6A360C14E749->1eae791d-00b9-4b23-a53d-57824a339a46@group-16338462593B, cid=191, seq=0, Watch-ALL_COMMITTED(22), Message:<EMPTY>, reply=RaftClientReply:client-6A360C14E749->1eae791d-00b9-4b23-a53d-57824a339a46@group-16338462593B, cid=191, FAILED org.apache.ratis.protocol.NotLeaderException: Server 1eae791d-00b9-4b23-a53d-57824a339a46 is not the leader (null). Request must be sent to leader., logIndex=0, commits[1eae791d-00b9-4b23-a53d-57824a339a46:c26]
2019-07-13 12:37:12,303 INFO  impl.FollowerInfo (FollowerInfo.java:lambda$new$0(50)) - 1eae791d-00b9-4b23-a53d-57824a339a46->77b5a38c-2a07-4201-bb4e-3546de442856: nextIndex: updateUnconditionally 27 -> 26
2019-07-13 12:37:12,303 INFO  ratis.ContainerStateMachine (ContainerStateMachine.java:takeSnapshot(246)) - Taking snapshot at termIndex:(t:3, i:23)
2019-07-13 12:37:12,307 INFO  ratis.ContainerStateMachine (ContainerStateMachine.java:takeSnapshot(250)) - Taking a snapshot to file /tmp/workdir/hadoop-ozone/integration-test/target/test-dir/MiniOzoneClusterImpl-b41edfef-7459-4e50-8f59-8d8a035a1c36/datanode-1/data/ratis/4c09cb10-d6ea-45f0-b30c-16338462593b/sm/snapshot.3_23
2019-07-13 12:37:12,303 INFO  impl.StateMachineUpdater (StateMachineUpdater.java:stopAndJoin(115)) - StateMachineUpdater:1eae791d-00b9-4b23-a53d-57824a339a46:group-16338462593B: set stopIndex = 26
2019-07-13 12:37:12,307 INFO  impl.StateMachineUpdater (StateMachineUpdater.java:takeSnapshot(242)) - StateMachineUpdater:1eae791d-00b9-4b23-a53d-57824a339a46:group-16338462593B: Took a snapshot at index 23
2019-07-13 12:37:12,307 INFO  client.GrpcClientProtocolClient (GrpcClientProtocolClient.java:onNext(255)) - client-6A360C14E749->1eae791d-00b9-4b23-a53d-57824a339a46: receive RaftClientReply:client-6A360C14E749->1eae791d-00b9-4b23-a53d-57824a339a46@group-16338462593B, cid=191, FAILED org.apache.ratis.protocol.NotLeaderException: Server 1eae791d-00b9-4b23-a53d-57824a339a46 is not the leader (null). Request must be sent to leader., logIndex=0, commits[1eae791d-00b9-4b23-a53d-57824a339a46:c26]
2019-07-13 12:37:12,306 INFO  impl.RoleInfo (RoleInfo.java:shutdownFollowerState(121)) - efe5b0e3-1541-4c39-80b2-381129ba02f8: shutdown FollowerState
2019-07-13 12:37:12,308 INFO  client.GrpcClientProtocolClient (GrpcClientProtocolClient.java:onNext(255)) - client-6A360C14E749->1eae791d-00b9-4b23-a53d-57824a339a46: receive RaftClientReply:client-6A360C14E749->1eae791d-00b9-4b23-a53d-57824a339a46@group-16338462593B, cid=191, FAILED org.apache.ratis.protocol.NotLeaderException: Server 1eae791d-00b9-4b23-a53d-57824a339a46 is not the leader (null). Request must be sent to leader., logIndex=0, commits[1eae791d-00b9-4b23-a53d-57824a339a46:c26]
2019-07-13 12:37:12,308 INFO  impl.FollowerState (FollowerState.java:run(114)) - efe5b0e3-1541-4c39-80b2-381129ba02f8: FollowerState was interrupted: java.lang.InterruptedException: sleep interrupted
2019-07-13 12:37:12,307 INFO  impl.StateMachineUpdater (StateMachineUpdater.java:lambda$new$0(80)) - StateMachineUpdater:1eae791d-00b9-4b23-a53d-57824a339a46:group-16338462593B: snapshotIndex: updateIncreasingly -1 -> 23
2019-07-13 12:37:12,308 INFO  ratis.ContainerStateMachine (ContainerStateMachine.java:takeSnapshot(246)) - Taking snapshot at termIndex:(t:0, i:~)
2019-07-13 12:37:12,311 INFO  impl.RaftServerImpl (ServerState.java:close(394)) - 1eae791d-00b9-4b23-a53d-57824a339a46:group-16338462593B closes. The last applied log index is 26
2019-07-13 12:37:12,308 INFO  impl.StateMachineUpdater (StateMachineUpdater.java:stopAndJoin(115)) - StateMachineUpdater:efe5b0e3-1541-4c39-80b2-381129ba02f8:group-FF9890890D8B: set stopIndex = 0
2019-07-13 12:37:12,314 INFO  segmented.SegmentedRaftLogWorker (SegmentedRaftLogWorker.java:run(313)) - 1eae791d-00b9-4b23-a53d-57824a339a46-SegmentedRaftLogWorker:Storage Directory /tmp/workdir/hadoop-ozone/integration-test/target/test-dir/MiniOzoneClusterImpl-b41edfef-7459-4e50-8f59-8d8a035a1c36/datanode-1/data/ratis/4c09cb10-d6ea-45f0-b30c-16338462593b was interrupted, exiting. There are 0 tasks remaining in the queue.
2019-07-13 12:37:12,314 INFO  impl.RaftServerImpl (ServerState.java:close(394)) - efe5b0e3-1541-4c39-80b2-381129ba02f8:group-FF9890890D8B closes. The last applied log index is 0
2019-07-13 12:37:12,317 INFO  segmented.SegmentedRaftLogWorker (SegmentedRaftLogWorker.java:close(228)) - 1eae791d-00b9-4b23-a53d-57824a339a46-SegmentedRaftLogWorker:Storage Directory /tmp/workdir/hadoop-ozone/integration-test/target/test-dir/MiniOzoneClusterImpl-b41edfef-7459-4e50-8f59-8d8a035a1c36/datanode-1/data/ratis/4c09cb10-d6ea-45f0-b30c-16338462593b close()
2019-07-13 12:37:12,317 INFO  segmented.SegmentedRaftLogWorker (SegmentedRaftLogWorker.java:run(313)) - efe5b0e3-1541-4c39-80b2-381129ba02f8-SegmentedRaftLogWorker:Storage Directory /tmp/workdir/hadoop-ozone/integration-test/target/test-dir/MiniOzoneClusterImpl-b41edfef-7459-4e50-8f59-8d8a035a1c36/datanode-4/data/ratis/7d7fd1c7-09ec-43a2-847a-ff9890890d8b was interrupted, exiting. There are 0 tasks remaining in the queue.
2019-07-13 12:37:12,321 INFO  server.GrpcService (GrpcService.java:closeImpl(155)) - 1eae791d-00b9-4b23-a53d-57824a339a46: shutdown server with port 44453 now
2019-07-13 12:37:12,324 INFO  segmented.SegmentedRaftLogWorker (SegmentedRaftLogWorker.java:close(228)) - efe5b0e3-1541-4c39-80b2-381129ba02f8-SegmentedRaftLogWorker:Storage Directory /tmp/workdir/hadoop-ozone/integration-test/target/test-dir/MiniOzoneClusterImpl-b41edfef-7459-4e50-8f59-8d8a035a1c36/datanode-4/data/ratis/7d7fd1c7-09ec-43a2-847a-ff9890890d8b close()
2019-07-13 12:37:12,328 INFO  server.GrpcService (GrpcService.java:closeImpl(163)) - 1eae791d-00b9-4b23-a53d-57824a339a46: shutdown server with port 44453 successfully
2019-07-13 12:37:12,328 INFO  server.GrpcService (GrpcService.java:closeImpl(155)) - efe5b0e3-1541-4c39-80b2-381129ba02f8: shutdown server with port 36612 now
2019-07-13 12:37:12,329 WARN  server.GrpcServerProtocolService (LogUtils.java:warn(134)) - efe5b0e3-1541-4c39-80b2-381129ba02f8: appendEntries onError: org.apache.ratis.thirdparty.io.grpc.StatusRuntimeException: CANCELLED: cancelled before receiving half close
2019-07-13 12:37:12,329 INFO  utils.BackgroundService (BackgroundService.java:shutdown(148)) - Shutting down service BlockDeletingService
2019-07-13 12:37:12,330 INFO  server.GrpcService (GrpcService.java:closeImpl(163)) - efe5b0e3-1541-4c39-80b2-381129ba02f8: shutdown server with port 36612 successfully
2019-07-13 12:37:12,330 WARN  server.GrpcLogAppender (LogUtils.java:warn(134)) - b8bf55c5-4407-4161-aa27-26eba85de527->efe5b0e3-1541-4c39-80b2-381129ba02f8: Failed appendEntries: org.apache.ratis.thirdparty.io.grpc.StatusRuntimeException: CANCELLED: HTTP/2 error code: CANCEL
Received Rst Stream
2019-07-13 12:37:12,331 INFO  impl.FollowerInfo (FollowerInfo.java:lambda$new$0(50)) - b8bf55c5-4407-4161-aa27-26eba85de527->efe5b0e3-1541-4c39-80b2-381129ba02f8: nextIndex: updateUnconditionally 1 -> 0
2019-07-13 12:37:12,331 WARN  fs.CachingGetSpaceUsed (CachingGetSpaceUsed.java:run(183)) - Thread Interrupted waiting to refresh disk information: sleep interrupted
2019-07-13 12:37:12,333 INFO  utils.BackgroundService (BackgroundService.java:shutdown(148)) - Shutting down service BlockDeletingService
2019-07-13 12:37:12,336 WARN  fs.CachingGetSpaceUsed (CachingGetSpaceUsed.java:run(183)) - Thread Interrupted waiting to refresh disk information: sleep interrupted
2019-07-13 12:37:12,351 INFO  statemachine.DatanodeStateMachine (DatanodeStateMachine.java:stopDaemon(395)) - Ozone container server stopped.
2019-07-13 12:37:12,357 INFO  handler.ContextHandler (ContextHandler.java:doStop(910)) - Stopped o.e.j.w.WebAppContext@62d818c6{/,null,UNAVAILABLE}{/hddsDatanode}
2019-07-13 12:37:12,357 INFO  server.AbstractConnector (AbstractConnector.java:doStop(318)) - Stopped ServerConnector@492e9e87{HTTP/1.1,[http/1.1]}{0.0.0.0:0}
2019-07-13 12:37:12,359 INFO  handler.ContextHandler (ContextHandler.java:doStop(910)) - Stopped o.e.j.s.ServletContextHandler@2d6cbbdb{/static,jar:file:/home/user/.m2/repository/org/apache/hadoop/hadoop-hdds-container-service/0.5.0-SNAPSHOT/hadoop-hdds-container-service-0.5.0-SNAPSHOT.jar!/webapps/static,UNAVAILABLE}
2019-07-13 12:37:12,361 INFO  handler.ContextHandler (ContextHandler.java:doStop(910)) - Stopped o.e.j.s.ServletContextHandler@23f9d0ce{/logs,file:///tmp/workdir/hadoop-ozone/integration-test/target/log,UNAVAILABLE}
2019-07-13 12:37:12,362 INFO  datanode.ObjectStoreHandler (ObjectStoreHandler.java:close(155)) - Closing ObjectStoreHandler.
2019-07-13 12:37:12,362 INFO  ozone.HddsDatanodeService (HddsDatanodeService.java:stop(452)) - Stopped plug-in org.apache.hadoop.ozone.web.OzoneHddsDatanodeService@5cc28282
2019-07-13 12:37:12,368 INFO  statemachine.DatanodeStateMachine (DatanodeStateMachine.java:stopDaemon(395)) - Ozone container server stopped.
2019-07-13 12:37:12,369 INFO  handler.ContextHandler (ContextHandler.java:doStop(910)) - Stopped o.e.j.w.WebAppContext@54632794{/,null,UNAVAILABLE}{/hddsDatanode}
2019-07-13 12:37:12,369 INFO  server.AbstractConnector (AbstractConnector.java:doStop(318)) - Stopped ServerConnector@56511eda{HTTP/1.1,[http/1.1]}{0.0.0.0:0}
2019-07-13 12:37:12,370 INFO  handler.ContextHandler (ContextHandler.java:doStop(910)) - Stopped o.e.j.s.ServletContextHandler@50c99398{/static,jar:file:/home/user/.m2/repository/org/apache/hadoop/hadoop-hdds-container-service/0.5.0-SNAPSHOT/hadoop-hdds-container-service-0.5.0-SNAPSHOT.jar!/webapps/static,UNAVAILABLE}
2019-07-13 12:37:12,370 INFO  handler.ContextHandler (ContextHandler.java:doStop(910)) - Stopped o.e.j.s.ServletContextHandler@20673498{/logs,file:///tmp/workdir/hadoop-ozone/integration-test/target/log,UNAVAILABLE}
2019-07-13 12:37:12,371 INFO  datanode.ObjectStoreHandler (ObjectStoreHandler.java:close(155)) - Closing ObjectStoreHandler.
2019-07-13 12:37:12,372 INFO  ozone.HddsDatanodeService (HddsDatanodeService.java:stop(452)) - Stopped plug-in org.apache.hadoop.ozone.web.OzoneHddsDatanodeService@2d6abfc7
2019-07-13 12:37:12,898 INFO  statemachine.DatanodeStateMachine (DatanodeStateMachine.java:lambda$startDaemon$0(350)) - Ozone container server started.
2019-07-13 12:37:13,062 INFO  statemachine.DatanodeStateMachine (DatanodeStateMachine.java:lambda$startDaemon$0(350)) - Ozone container server started.
2019-07-13 12:37:13,180 WARN  server.GrpcLogAppender (LogUtils.java:warn(134)) - b8bf55c5-4407-4161-aa27-26eba85de527->efe5b0e3-1541-4c39-80b2-381129ba02f8: Failed appendEntries: org.apache.ratis.thirdparty.io.grpc.StatusRuntimeException: UNAVAILABLE: io exception
2019-07-13 12:37:13,181 INFO  impl.FollowerInfo (FollowerInfo.java:lambda$new$0(50)) - b8bf55c5-4407-4161-aa27-26eba85de527->efe5b0e3-1541-4c39-80b2-381129ba02f8: nextIndex: updateUnconditionally 0 -> 0
2019-07-13 12:37:15,681 WARN  server.GrpcLogAppender (LogUtils.java:warn(134)) - b8bf55c5-4407-4161-aa27-26eba85de527->efe5b0e3-1541-4c39-80b2-381129ba02f8: Failed appendEntries: org.apache.ratis.thirdparty.io.grpc.StatusRuntimeException: UNAVAILABLE: io exception
2019-07-13 12:37:15,681 INFO  impl.FollowerInfo (FollowerInfo.java:lambda$new$0(50)) - b8bf55c5-4407-4161-aa27-26eba85de527->efe5b0e3-1541-4c39-80b2-381129ba02f8: nextIndex: updateUnconditionally 0 -> 0
2019-07-13 12:37:16,321 INFO  client.GrpcClientProtocolService (GrpcClientProtocolService.java:lambda$processClientRequest$0(278)) - Failed RaftClientRequest:client-6A360C14E749->77b5a38c-2a07-4201-bb4e-3546de442856@group-16338462593B, cid=191, seq=0, Watch-ALL_COMMITTED(22), Message:<EMPTY>, reply=RaftClientReply:client-6A360C14E749->77b5a38c-2a07-4201-bb4e-3546de442856@group-16338462593B, cid=191, FAILED org.apache.ratis.protocol.NotLeaderException: Server 77b5a38c-2a07-4201-bb4e-3546de442856 is not the leader (1eae791d-00b9-4b23-a53d-57824a339a46:192.168.5.181:44453). Request must be sent to leader., logIndex=0, commits[77b5a38c-2a07-4201-bb4e-3546de442856:c26, 1eae791d-00b9-4b23-a53d-57824a339a46:c26, 97ce1602-be71-4478-bd18-ce4b1b6fb469:c16]
2019-07-13 12:37:16,327 INFO  client.GrpcClientProtocolClient (GrpcClientProtocolClient.java:onNext(255)) - client-6A360C14E749->77b5a38c-2a07-4201-bb4e-3546de442856: receive RaftClientReply:client-6A360C14E749->77b5a38c-2a07-4201-bb4e-3546de442856@group-16338462593B, cid=191, FAILED org.apache.ratis.protocol.NotLeaderException: Server 77b5a38c-2a07-4201-bb4e-3546de442856 is not the leader (1eae791d-00b9-4b23-a53d-57824a339a46:192.168.5.181:44453). Request must be sent to leader., logIndex=0, commits[77b5a38c-2a07-4201-bb4e-3546de442856:c26, 1eae791d-00b9-4b23-a53d-57824a339a46:c26, 97ce1602-be71-4478-bd18-ce4b1b6fb469:c16]
2019-07-13 12:37:16,978 INFO  node.StaleNodeHandler (StaleNodeHandler.java:onMessage(58)) - Datanode 77b5a38c-2a07-4201-bb4e-3546de442856{ip: 192.168.5.181, host: trunk-nightly-q2gwj-1111726333, networkLocation: /default-rack, certSerialId: null} moved to stale state. Finalizing its pipelines [PipelineID=4c09cb10-d6ea-45f0-b30c-16338462593b, PipelineID=a6198af0-9da0-459b-8583-6ee174c3c319]
2019-07-13 12:37:16,978 INFO  pipeline.SCMPipelineManager (SCMPipelineManager.java:finalizeAndDestroyPipeline(309)) - destroying pipeline:Pipeline[ Id: 4c09cb10-d6ea-45f0-b30c-16338462593b, Nodes: 97ce1602-be71-4478-bd18-ce4b1b6fb469{ip: 192.168.5.181, host: trunk-nightly-q2gwj-1111726333, networkLocation: /default-rack, certSerialId: null}1eae791d-00b9-4b23-a53d-57824a339a46{ip: 192.168.5.181, host: trunk-nightly-q2gwj-1111726333, networkLocation: /default-rack, certSerialId: null}77b5a38c-2a07-4201-bb4e-3546de442856{ip: 192.168.5.181, host: trunk-nightly-q2gwj-1111726333, networkLocation: /default-rack, certSerialId: null}, Type:RATIS, Factor:THREE, State:CLOSED]
2019-07-13 12:37:16,978 INFO  pipeline.SCMPipelineManager (SCMPipelineManager.java:finalizeAndDestroyPipeline(309)) - destroying pipeline:Pipeline[ Id: a6198af0-9da0-459b-8583-6ee174c3c319, Nodes: 77b5a38c-2a07-4201-bb4e-3546de442856{ip: 192.168.5.181, host: trunk-nightly-q2gwj-1111726333, networkLocation: /default-rack, certSerialId: null}, Type:RATIS, Factor:ONE, State:OPEN]
2019-07-13 12:37:16,978 INFO  pipeline.PipelineStateManager (PipelineStateManager.java:finalizePipeline(123)) - Pipeline Pipeline[ Id: a6198af0-9da0-459b-8583-6ee174c3c319, Nodes: 77b5a38c-2a07-4201-bb4e-3546de442856{ip: 192.168.5.181, host: trunk-nightly-q2gwj-1111726333, networkLocation: /default-rack, certSerialId: null}, Type:RATIS, Factor:ONE, State:CLOSED] moved to CLOSED state
2019-07-13 12:37:17,078 INFO  node.StaleNodeHandler (StaleNodeHandler.java:onMessage(58)) - Datanode b8bf55c5-4407-4161-aa27-26eba85de527{ip: 192.168.5.181, host: trunk-nightly-q2gwj-1111726333, networkLocation: /default-rack, certSerialId: null} moved to stale state. Finalizing its pipelines [PipelineID=7d7fd1c7-09ec-43a2-847a-ff9890890d8b, PipelineID=7e372af1-d142-4df1-8e67-b0198b212dc2]
2019-07-13 12:37:17,078 INFO  pipeline.SCMPipelineManager (SCMPipelineManager.java:finalizeAndDestroyPipeline(309)) - destroying pipeline:Pipeline[ Id: 7d7fd1c7-09ec-43a2-847a-ff9890890d8b, Nodes: b8bf55c5-4407-4161-aa27-26eba85de527{ip: 192.168.5.181, host: trunk-nightly-q2gwj-1111726333, networkLocation: /default-rack, certSerialId: null}4b153f06-01de-4bce-8989-88eda3164a8a{ip: 192.168.5.181, host: trunk-nightly-q2gwj-1111726333, networkLocation: /default-rack, certSerialId: null}efe5b0e3-1541-4c39-80b2-381129ba02f8{ip: 192.168.5.181, host: trunk-nightly-q2gwj-1111726333, networkLocation: /default-rack, certSerialId: null}, Type:RATIS, Factor:THREE, State:CLOSED]
2019-07-13 12:37:17,078 INFO  pipeline.SCMPipelineManager (SCMPipelineManager.java:finalizeAndDestroyPipeline(309)) - destroying pipeline:Pipeline[ Id: 7e372af1-d142-4df1-8e67-b0198b212dc2, Nodes: b8bf55c5-4407-4161-aa27-26eba85de527{ip: 192.168.5.181, host: trunk-nightly-q2gwj-1111726333, networkLocation: /default-rack, certSerialId: null}, Type:RATIS, Factor:ONE, State:OPEN]
2019-07-13 12:37:17,078 INFO  pipeline.PipelineStateManager (PipelineStateManager.java:finalizePipeline(123)) - Pipeline Pipeline[ Id: 7e372af1-d142-4df1-8e67-b0198b212dc2, Nodes: b8bf55c5-4407-4161-aa27-26eba85de527{ip: 192.168.5.181, host: trunk-nightly-q2gwj-1111726333, networkLocation: /default-rack, certSerialId: null}, Type:RATIS, Factor:ONE, State:CLOSED] moved to CLOSED state
2019-07-13 12:37:17,334 INFO  client.GrpcClientProtocolService (GrpcClientProtocolService.java:lambda$processClientRequest$0(278)) - Failed RaftClientRequest:client-6A360C14E749->77b5a38c-2a07-4201-bb4e-3546de442856@group-16338462593B, cid=191, seq=0, Watch-ALL_COMMITTED(22), Message:<EMPTY>, reply=RaftClientReply:client-6A360C14E749->77b5a38c-2a07-4201-bb4e-3546de442856@group-16338462593B, cid=191, FAILED org.apache.ratis.protocol.NotLeaderException: Server 77b5a38c-2a07-4201-bb4e-3546de442856 is not the leader (1eae791d-00b9-4b23-a53d-57824a339a46:192.168.5.181:44453). Request must be sent to leader., logIndex=0, commits[77b5a38c-2a07-4201-bb4e-3546de442856:c26, 1eae791d-00b9-4b23-a53d-57824a339a46:c26, 97ce1602-be71-4478-bd18-ce4b1b6fb469:c16]
2019-07-13 12:37:17,338 INFO  client.GrpcClientProtocolClient (GrpcClientProtocolClient.java:onNext(255)) - client-6A360C14E749->77b5a38c-2a07-4201-bb4e-3546de442856: receive RaftClientReply:client-6A360C14E749->77b5a38c-2a07-4201-bb4e-3546de442856@group-16338462593B, cid=191, FAILED org.apache.ratis.protocol.NotLeaderException: Server 77b5a38c-2a07-4201-bb4e-3546de442856 is not the leader (1eae791d-00b9-4b23-a53d-57824a339a46:192.168.5.181:44453). Request must be sent to leader., logIndex=0, commits[77b5a38c-2a07-4201-bb4e-3546de442856:c26, 1eae791d-00b9-4b23-a53d-57824a339a46:c26, 97ce1602-be71-4478-bd18-ce4b1b6fb469:c16]
2019-07-13 12:37:17,363 INFO  ozoneimpl.OzoneContainer (OzoneContainer.java:stop(199)) - Attempting to stop container services.
2019-07-13 12:37:17,363 INFO  impl.RaftServerProxy (RaftServerProxy.java:lambda$close$4(314)) - 77b5a38c-2a07-4201-bb4e-3546de442856: close
2019-07-13 12:37:17,364 INFO  impl.RaftServerImpl (RaftServerImpl.java:lambda$shutdown$3(245)) - 77b5a38c-2a07-4201-bb4e-3546de442856: shutdown group-16338462593B
2019-07-13 12:37:17,364 INFO  util.JmxRegister (JmxRegister.java:unregister(73)) - Successfully un-registered JMX Bean with object name Ratis:service=RaftServer,group=group-16338462593B,id=77b5a38c-2a07-4201-bb4e-3546de442856
2019-07-13 12:37:17,364 INFO  impl.RoleInfo (RoleInfo.java:shutdownFollowerState(121)) - 77b5a38c-2a07-4201-bb4e-3546de442856: shutdown FollowerState
2019-07-13 12:37:17,364 INFO  impl.StateMachineUpdater (StateMachineUpdater.java:stopAndJoin(115)) - StateMachineUpdater:77b5a38c-2a07-4201-bb4e-3546de442856:group-16338462593B: set stopIndex = 26
2019-07-13 12:37:17,365 INFO  impl.FollowerState (FollowerState.java:run(114)) - 77b5a38c-2a07-4201-bb4e-3546de442856: FollowerState was interrupted: java.lang.InterruptedException: sleep interrupted
2019-07-13 12:37:17,365 INFO  ratis.ContainerStateMachine (ContainerStateMachine.java:takeSnapshot(246)) - Taking snapshot at termIndex:(t:3, i:22)
2019-07-13 12:37:17,367 INFO  ratis.ContainerStateMachine (ContainerStateMachine.java:takeSnapshot(250)) - Taking a snapshot to file /tmp/workdir/hadoop-ozone/integration-test/target/test-dir/MiniOzoneClusterImpl-b41edfef-7459-4e50-8f59-8d8a035a1c36/datanode-2/data/ratis/4c09cb10-d6ea-45f0-b30c-16338462593b/sm/snapshot.3_22
2019-07-13 12:37:17,367 INFO  impl.StateMachineUpdater (StateMachineUpdater.java:takeSnapshot(242)) - StateMachineUpdater:77b5a38c-2a07-4201-bb4e-3546de442856:group-16338462593B: Took a snapshot at index 22
2019-07-13 12:37:17,367 INFO  impl.StateMachineUpdater (StateMachineUpdater.java:lambda$new$0(80)) - StateMachineUpdater:77b5a38c-2a07-4201-bb4e-3546de442856:group-16338462593B: snapshotIndex: updateIncreasingly -1 -> 22
2019-07-13 12:37:17,368 INFO  impl.RaftServerImpl (ServerState.java:close(394)) - 77b5a38c-2a07-4201-bb4e-3546de442856:group-16338462593B closes. The last applied log index is 26
2019-07-13 12:37:17,368 INFO  segmented.SegmentedRaftLogWorker (SegmentedRaftLogWorker.java:run(313)) - 77b5a38c-2a07-4201-bb4e-3546de442856-SegmentedRaftLogWorker:Storage Directory /tmp/workdir/hadoop-ozone/integration-test/target/test-dir/MiniOzoneClusterImpl-b41edfef-7459-4e50-8f59-8d8a035a1c36/datanode-2/data/ratis/4c09cb10-d6ea-45f0-b30c-16338462593b was interrupted, exiting. There are 0 tasks remaining in the queue.
2019-07-13 12:37:17,370 INFO  segmented.SegmentedRaftLogWorker (SegmentedRaftLogWorker.java:close(228)) - 77b5a38c-2a07-4201-bb4e-3546de442856-SegmentedRaftLogWorker:Storage Directory /tmp/workdir/hadoop-ozone/integration-test/target/test-dir/MiniOzoneClusterImpl-b41edfef-7459-4e50-8f59-8d8a035a1c36/datanode-2/data/ratis/4c09cb10-d6ea-45f0-b30c-16338462593b close()
2019-07-13 12:37:17,374 INFO  impl.RaftServerImpl (RaftServerImpl.java:lambda$shutdown$3(245)) - 77b5a38c-2a07-4201-bb4e-3546de442856: shutdown group-6EE174C3C319
2019-07-13 12:37:17,374 INFO  ozoneimpl.OzoneContainer (OzoneContainer.java:stop(199)) - Attempting to stop container services.
2019-07-13 12:37:17,375 INFO  util.JmxRegister (JmxRegister.java:unregister(73)) - Successfully un-registered JMX Bean with object name Ratis:service=RaftServer,group=group-6EE174C3C319,id=77b5a38c-2a07-4201-bb4e-3546de442856
2019-07-13 12:37:17,375 INFO  impl.RaftServerProxy (RaftServerProxy.java:lambda$close$4(314)) - b8bf55c5-4407-4161-aa27-26eba85de527: close
2019-07-13 12:37:17,375 INFO  impl.RoleInfo (RoleInfo.java:shutdownLeaderState(104)) - 77b5a38c-2a07-4201-bb4e-3546de442856: shutdown LeaderState
2019-07-13 12:37:17,376 INFO  impl.RaftServerImpl (RaftServerImpl.java:lambda$shutdown$3(245)) - b8bf55c5-4407-4161-aa27-26eba85de527: shutdown group-FF9890890D8B
2019-07-13 12:37:17,376 INFO  impl.PendingRequests (PendingRequests.java:sendNotLeaderResponses(202)) - 77b5a38c-2a07-4201-bb4e-3546de442856-PendingRequests: sendNotLeaderResponses
2019-07-13 12:37:17,376 INFO  util.JmxRegister (JmxRegister.java:unregister(73)) - Successfully un-registered JMX Bean with object name Ratis:service=RaftServer,group=group-FF9890890D8B,id=b8bf55c5-4407-4161-aa27-26eba85de527
2019-07-13 12:37:17,377 INFO  ratis.ContainerStateMachine (ContainerStateMachine.java:takeSnapshot(246)) - Taking snapshot at termIndex:(t:0, i:~)
2019-07-13 12:37:17,377 INFO  impl.StateMachineUpdater (StateMachineUpdater.java:stopAndJoin(115)) - StateMachineUpdater:77b5a38c-2a07-4201-bb4e-3546de442856:group-6EE174C3C319: set stopIndex = 0
2019-07-13 12:37:17,378 INFO  impl.RaftServerImpl (ServerState.java:close(394)) - 77b5a38c-2a07-4201-bb4e-3546de442856:group-6EE174C3C319 closes. The last applied log index is 0
2019-07-13 12:37:17,377 INFO  impl.RoleInfo (RoleInfo.java:shutdownLeaderState(104)) - b8bf55c5-4407-4161-aa27-26eba85de527: shutdown LeaderState
2019-07-13 12:37:17,378 INFO  segmented.SegmentedRaftLogWorker (SegmentedRaftLogWorker.java:run(313)) - 77b5a38c-2a07-4201-bb4e-3546de442856-SegmentedRaftLogWorker:Storage Directory /tmp/workdir/hadoop-ozone/integration-test/target/test-dir/MiniOzoneClusterImpl-b41edfef-7459-4e50-8f59-8d8a035a1c36/datanode-2/data/ratis/a6198af0-9da0-459b-8583-6ee174c3c319 was interrupted, exiting. There are 0 tasks remaining in the queue.
2019-07-13 12:37:17,382 WARN  server.GrpcLogAppender (GrpcLogAppender.java:mayWait(143)) - GrpcLogAppender(b8bf55c5-4407-4161-aa27-26eba85de527->efe5b0e3-1541-4c39-80b2-381129ba02f8): Wait interrupted by java.lang.InterruptedException
2019-07-13 12:37:17,382 INFO  impl.PendingRequests (PendingRequests.java:sendNotLeaderResponses(202)) - b8bf55c5-4407-4161-aa27-26eba85de527-PendingRequests: sendNotLeaderResponses
2019-07-13 12:37:17,384 INFO  segmented.SegmentedRaftLogWorker (SegmentedRaftLogWorker.java:close(228)) - 77b5a38c-2a07-4201-bb4e-3546de442856-SegmentedRaftLogWorker:Storage Directory /tmp/workdir/hadoop-ozone/integration-test/target/test-dir/MiniOzoneClusterImpl-b41edfef-7459-4e50-8f59-8d8a035a1c36/datanode-2/data/ratis/a6198af0-9da0-459b-8583-6ee174c3c319 close()
2019-07-13 12:37:17,382 WARN  server.GrpcLogAppender (GrpcLogAppender.java:mayWait(143)) - GrpcLogAppender(b8bf55c5-4407-4161-aa27-26eba85de527->4b153f06-01de-4bce-8989-88eda3164a8a): Wait interrupted by java.lang.InterruptedException
2019-07-13 12:37:17,388 INFO  server.GrpcService (GrpcService.java:closeImpl(155)) - 77b5a38c-2a07-4201-bb4e-3546de442856: shutdown server with port 33406 now
2019-07-13 12:37:17,384 INFO  ratis.ContainerStateMachine (ContainerStateMachine.java:takeSnapshot(246)) - Taking snapshot at termIndex:(t:0, i:~)
2019-07-13 12:37:17,389 INFO  server.GrpcServerProtocolService (GrpcServerProtocolService.java:onCompleted(104)) - 4b153f06-01de-4bce-8989-88eda3164a8a: appendEntries completed
2019-07-13 12:37:17,384 INFO  impl.StateMachineUpdater (StateMachineUpdater.java:stopAndJoin(115)) - StateMachineUpdater:b8bf55c5-4407-4161-aa27-26eba85de527:group-FF9890890D8B: set stopIndex = 0
2019-07-13 12:37:17,389 INFO  server.GrpcLogAppender (GrpcLogAppender.java:onCompleted(292)) - b8bf55c5-4407-4161-aa27-26eba85de527->4b153f06-01de-4bce-8989-88eda3164a8a: follower responses appendEntries COMPLETED
2019-07-13 12:37:17,389 INFO  server.GrpcService (GrpcService.java:closeImpl(163)) - 77b5a38c-2a07-4201-bb4e-3546de442856: shutdown server with port 33406 successfully
2019-07-13 12:37:17,390 INFO  impl.FollowerInfo (FollowerInfo.java:lambda$new$0(50)) - b8bf55c5-4407-4161-aa27-26eba85de527->4b153f06-01de-4bce-8989-88eda3164a8a: nextIndex: updateUnconditionally 1 -> 0
2019-07-13 12:37:17,389 INFO  impl.RaftServerImpl (ServerState.java:close(394)) - b8bf55c5-4407-4161-aa27-26eba85de527:group-FF9890890D8B closes. The last applied log index is 0
2019-07-13 12:37:17,391 INFO  segmented.SegmentedRaftLogWorker (SegmentedRaftLogWorker.java:run(313)) - b8bf55c5-4407-4161-aa27-26eba85de527-SegmentedRaftLogWorker:Storage Directory /tmp/workdir/hadoop-ozone/integration-test/target/test-dir/MiniOzoneClusterImpl-b41edfef-7459-4e50-8f59-8d8a035a1c36/datanode-3/data/ratis/7d7fd1c7-09ec-43a2-847a-ff9890890d8b was interrupted, exiting. There are 0 tasks remaining in the queue.
2019-07-13 12:37:17,391 INFO  utils.BackgroundService (BackgroundService.java:shutdown(148)) - Shutting down service BlockDeletingService
2019-07-13 12:37:17,394 INFO  segmented.SegmentedRaftLogWorker (SegmentedRaftLogWorker.java:close(228)) - b8bf55c5-4407-4161-aa27-26eba85de527-SegmentedRaftLogWorker:Storage Directory /tmp/workdir/hadoop-ozone/integration-test/target/test-dir/MiniOzoneClusterImpl-b41edfef-7459-4e50-8f59-8d8a035a1c36/datanode-3/data/ratis/7d7fd1c7-09ec-43a2-847a-ff9890890d8b close()
2019-07-13 12:37:17,398 INFO  impl.RaftServerImpl (RaftServerImpl.java:lambda$shutdown$3(245)) - b8bf55c5-4407-4161-aa27-26eba85de527: shutdown group-B0198B212DC2
2019-07-13 12:37:17,398 INFO  util.JmxRegister (JmxRegister.java:unregister(73)) - Successfully un-registered JMX Bean with object name Ratis:service=RaftServer,group=group-B0198B212DC2,id=b8bf55c5-4407-4161-aa27-26eba85de527
2019-07-13 12:37:17,399 INFO  impl.RoleInfo (RoleInfo.java:shutdownLeaderState(104)) - b8bf55c5-4407-4161-aa27-26eba85de527: shutdown LeaderState
2019-07-13 12:37:17,399 INFO  impl.PendingRequests (PendingRequests.java:sendNotLeaderResponses(202)) - b8bf55c5-4407-4161-aa27-26eba85de527-PendingRequests: sendNotLeaderResponses
2019-07-13 12:37:17,400 INFO  impl.StateMachineUpdater (StateMachineUpdater.java:stopAndJoin(115)) - StateMachineUpdater:b8bf55c5-4407-4161-aa27-26eba85de527:group-B0198B212DC2: set stopIndex = 0
2019-07-13 12:37:17,400 INFO  ratis.ContainerStateMachine (ContainerStateMachine.java:takeSnapshot(246)) - Taking snapshot at termIndex:(t:0, i:~)
2019-07-13 12:37:17,400 INFO  impl.RaftServerImpl (ServerState.java:close(394)) - b8bf55c5-4407-4161-aa27-26eba85de527:group-B0198B212DC2 closes. The last applied log index is 0
2019-07-13 12:37:17,401 INFO  segmented.SegmentedRaftLogWorker (SegmentedRaftLogWorker.java:run(313)) - b8bf55c5-4407-4161-aa27-26eba85de527-SegmentedRaftLogWorker:Storage Directory /tmp/workdir/hadoop-ozone/integration-test/target/test-dir/MiniOzoneClusterImpl-b41edfef-7459-4e50-8f59-8d8a035a1c36/datanode-3/data/ratis/7e372af1-d142-4df1-8e67-b0198b212dc2 was interrupted, exiting. There are 0 tasks remaining in the queue.
2019-07-13 12:37:17,404 WARN  fs.CachingGetSpaceUsed (CachingGetSpaceUsed.java:run(183)) - Thread Interrupted waiting to refresh disk information: sleep interrupted
2019-07-13 12:37:17,404 INFO  segmented.SegmentedRaftLogWorker (SegmentedRaftLogWorker.java:close(228)) - b8bf55c5-4407-4161-aa27-26eba85de527-SegmentedRaftLogWorker:Storage Directory /tmp/workdir/hadoop-ozone/integration-test/target/test-dir/MiniOzoneClusterImpl-b41edfef-7459-4e50-8f59-8d8a035a1c36/datanode-3/data/ratis/7e372af1-d142-4df1-8e67-b0198b212dc2 close()
2019-07-13 12:37:17,412 INFO  server.GrpcService (GrpcService.java:closeImpl(155)) - b8bf55c5-4407-4161-aa27-26eba85de527: shutdown server with port 35639 now
2019-07-13 12:37:17,413 INFO  server.GrpcService (GrpcService.java:closeImpl(163)) - b8bf55c5-4407-4161-aa27-26eba85de527: shutdown server with port 35639 successfully
2019-07-13 12:37:17,416 INFO  utils.BackgroundService (BackgroundService.java:shutdown(148)) - Shutting down service BlockDeletingService
2019-07-13 12:37:17,418 WARN  fs.CachingGetSpaceUsed (CachingGetSpaceUsed.java:run(183)) - Thread Interrupted waiting to refresh disk information: sleep interrupted
2019-07-13 12:37:17,430 INFO  statemachine.DatanodeStateMachine (DatanodeStateMachine.java:stopDaemon(395)) - Ozone container server stopped.
2019-07-13 12:37:17,435 INFO  handler.ContextHandler (ContextHandler.java:doStop(910)) - Stopped o.e.j.w.WebAppContext@52e44f71{/,null,UNAVAILABLE}{/hddsDatanode}
2019-07-13 12:37:17,436 INFO  server.AbstractConnector (AbstractConnector.java:doStop(318)) - Stopped ServerConnector@2e1b1d22{HTTP/1.1,[http/1.1]}{0.0.0.0:0}
2019-07-13 12:37:17,438 INFO  handler.ContextHandler (ContextHandler.java:doStop(910)) - Stopped o.e.j.s.ServletContextHandler@12ce659{/static,jar:file:/home/user/.m2/repository/org/apache/hadoop/hadoop-hdds-container-service/0.5.0-SNAPSHOT/hadoop-hdds-container-service-0.5.0-SNAPSHOT.jar!/webapps/static,UNAVAILABLE}
2019-07-13 12:37:17,439 INFO  handler.ContextHandler (ContextHandler.java:doStop(910)) - Stopped o.e.j.s.ServletContextHandler@77f66138{/logs,file:///tmp/workdir/hadoop-ozone/integration-test/target/log,UNAVAILABLE}
2019-07-13 12:37:17,440 INFO  datanode.ObjectStoreHandler (ObjectStoreHandler.java:close(155)) - Closing ObjectStoreHandler.
2019-07-13 12:37:17,441 INFO  ozone.HddsDatanodeService (HddsDatanodeService.java:stop(452)) - Stopped plug-in org.apache.hadoop.ozone.web.OzoneHddsDatanodeService@5854e526
2019-07-13 12:37:17,448 INFO  statemachine.DatanodeStateMachine (DatanodeStateMachine.java:stopDaemon(395)) - Ozone container server stopped.
2019-07-13 12:37:17,449 INFO  handler.ContextHandler (ContextHandler.java:doStop(910)) - Stopped o.e.j.w.WebAppContext@3fe1b278{/,null,UNAVAILABLE}{/hddsDatanode}
2019-07-13 12:37:17,449 INFO  server.AbstractConnector (AbstractConnector.java:doStop(318)) - Stopped ServerConnector@3678f32e{HTTP/1.1,[http/1.1]}{0.0.0.0:0}
2019-07-13 12:37:17,450 INFO  handler.ContextHandler (ContextHandler.java:doStop(910)) - Stopped o.e.j.s.ServletContextHandler@50cadbae{/static,jar:file:/home/user/.m2/repository/org/apache/hadoop/hadoop-hdds-container-service/0.5.0-SNAPSHOT/hadoop-hdds-container-service-0.5.0-SNAPSHOT.jar!/webapps/static,UNAVAILABLE}
2019-07-13 12:37:17,450 INFO  handler.ContextHandler (ContextHandler.java:doStop(910)) - Stopped o.e.j.s.ServletContextHandler@32a541a8{/logs,file:///tmp/workdir/hadoop-ozone/integration-test/target/log,UNAVAILABLE}
2019-07-13 12:37:17,451 INFO  datanode.ObjectStoreHandler (ObjectStoreHandler.java:close(155)) - Closing ObjectStoreHandler.
2019-07-13 12:37:17,452 INFO  ozone.HddsDatanodeService (HddsDatanodeService.java:stop(452)) - Stopped plug-in org.apache.hadoop.ozone.web.OzoneHddsDatanodeService@6b862f17
2019-07-13 12:37:17,546 INFO  statemachine.DatanodeStateMachine (DatanodeStateMachine.java:lambda$startDaemon$0(350)) - Ozone container server started.
2019-07-13 12:37:18,382 INFO  statemachine.DatanodeStateMachine (DatanodeStateMachine.java:lambda$startDaemon$0(350)) - Ozone container server started.
2019-07-13 12:37:21,303 INFO  impl.FollowerState (FollowerState.java:run(106)) - 4b153f06-01de-4bce-8989-88eda3164a8a:group-FF9890890D8B changes to CANDIDATE, lastRpcTime:5621, electionTimeout:5192ms
2019-07-13 12:37:21,304 INFO  impl.RoleInfo (RoleInfo.java:shutdownFollowerState(121)) - 4b153f06-01de-4bce-8989-88eda3164a8a: shutdown FollowerState
2019-07-13 12:37:21,304 INFO  impl.RaftServerImpl (RaftServerImpl.java:setRole(171)) - 4b153f06-01de-4bce-8989-88eda3164a8a:group-FF9890890D8B changes role from FOLLOWER to CANDIDATE at term 1 for changeToCandidate
2019-07-13 12:37:21,304 INFO  impl.RoleInfo (RoleInfo.java:updateAndGet(143)) - 4b153f06-01de-4bce-8989-88eda3164a8a: start LeaderElection
2019-07-13 12:37:21,307 INFO  impl.RaftServerImpl (ServerState.java:setLeader(263)) - 4b153f06-01de-4bce-8989-88eda3164a8a:group-FF9890890D8B change Leader from b8bf55c5-4407-4161-aa27-26eba85de527 to null at term 1 for initElection
2019-07-13 12:37:21,334 INFO  impl.LeaderElection (LeaderElection.java:askForVotes(181)) - 4b153f06-01de-4bce-8989-88eda3164a8a:group-FF9890890D8B:LeaderElection84: begin an election at term 2 for 0: [4b153f06-01de-4bce-8989-88eda3164a8a:192.168.5.181:46764, b8bf55c5-4407-4161-aa27-26eba85de527:192.168.5.181:35639, efe5b0e3-1541-4c39-80b2-381129ba02f8:192.168.5.181:36612], old=null
2019-07-13 12:37:21,336 INFO  impl.LeaderElection (LogUtils.java:infoOrTrace(149)) - 4b153f06-01de-4bce-8989-88eda3164a8a:group-FF9890890D8B:LeaderElection84 got exception when requesting votes: {}
java.util.concurrent.ExecutionException: org.apache.ratis.thirdparty.io.grpc.StatusRuntimeException: UNAVAILABLE: io exception
	at java.util.concurrent.FutureTask.report(FutureTask.java:122)
	at java.util.concurrent.FutureTask.get(FutureTask.java:192)
	at org.apache.ratis.server.impl.LeaderElection.waitForResults(LeaderElection.java:262)
	at org.apache.ratis.server.impl.LeaderElection.askForVotes(LeaderElection.java:200)
	at org.apache.ratis.server.impl.LeaderElection.run(LeaderElection.java:130)
	at java.lang.Thread.run(Thread.java:748)
Caused by: org.apache.ratis.thirdparty.io.grpc.StatusRuntimeException: UNAVAILABLE: io exception
	at org.apache.ratis.thirdparty.io.grpc.stub.ClientCalls.toStatusRuntimeException(ClientCalls.java:233)
	at org.apache.ratis.thirdparty.io.grpc.stub.ClientCalls.getUnchecked(ClientCalls.java:214)
	at org.apache.ratis.thirdparty.io.grpc.stub.ClientCalls.blockingUnaryCall(ClientCalls.java:139)
	at org.apache.ratis.proto.grpc.RaftServerProtocolServiceGrpc$RaftServerProtocolServiceBlockingStub.requestVote(RaftServerProtocolServiceGrpc.java:265)
	at org.apache.ratis.grpc.server.GrpcServerProtocolClient.requestVote(GrpcServerProtocolClient.java:83)
	at org.apache.ratis.grpc.server.GrpcService.requestVote(GrpcService.java:195)
	at org.apache.ratis.server.impl.LeaderElection.lambda$submitRequests$1(LeaderElection.java:237)
	at java.util.concurrent.FutureTask.run(FutureTask.java:266)
	at java.util.concurrent.Executors$RunnableAdapter.call(Executors.java:511)
	at java.util.concurrent.FutureTask.run(FutureTask.java:266)
	at java.util.concurrent.ThreadPoolExecutor.runWorker(ThreadPoolExecutor.java:1149)
	at java.util.concurrent.ThreadPoolExecutor$Worker.run(ThreadPoolExecutor.java:624)
	... 1 more
Caused by: org.apache.ratis.thirdparty.io.netty.channel.AbstractChannel$AnnotatedConnectException: Connection refused: /192.168.5.181:35639
	at sun.nio.ch.SocketChannelImpl.checkConnect(Native Method)
	at sun.nio.ch.SocketChannelImpl.finishConnect(SocketChannelImpl.java:717)
	at org.apache.ratis.thirdparty.io.netty.channel.socket.nio.NioSocketChannel.doFinishConnect(NioSocketChannel.java:327)
	at org.apache.ratis.thirdparty.io.netty.channel.nio.AbstractNioChannel$AbstractNioUnsafe.finishConnect(AbstractNioChannel.java:340)
	at org.apache.ratis.thirdparty.io.netty.channel.nio.NioEventLoop.processSelectedKey(NioEventLoop.java:632)
	at org.apache.ratis.thirdparty.io.netty.channel.nio.NioEventLoop.processSelectedKeysOptimized(NioEventLoop.java:579)
	at org.apache.ratis.thirdparty.io.netty.channel.nio.NioEventLoop.processSelectedKeys(NioEventLoop.java:496)
	at org.apache.ratis.thirdparty.io.netty.channel.nio.NioEventLoop.run(NioEventLoop.java:458)
	at org.apache.ratis.thirdparty.io.netty.util.concurrent.SingleThreadEventExecutor$5.run(SingleThreadEventExecutor.java:897)
	at org.apache.ratis.thirdparty.io.netty.util.concurrent.FastThreadLocalRunnable.run(FastThreadLocalRunnable.java:30)
	... 1 more
Caused by: java.net.ConnectException: Connection refused
	... 11 more
2019-07-13 12:37:21,338 INFO  impl.LeaderElection (LogUtils.java:infoOrTrace(149)) - 4b153f06-01de-4bce-8989-88eda3164a8a:group-FF9890890D8B:LeaderElection84 got exception when requesting votes: {}
java.util.concurrent.ExecutionException: org.apache.ratis.thirdparty.io.grpc.StatusRuntimeException: UNAVAILABLE: io exception
	at java.util.concurrent.FutureTask.report(FutureTask.java:122)
	at java.util.concurrent.FutureTask.get(FutureTask.java:192)
	at org.apache.ratis.server.impl.LeaderElection.waitForResults(LeaderElection.java:262)
	at org.apache.ratis.server.impl.LeaderElection.askForVotes(LeaderElection.java:200)
	at org.apache.ratis.server.impl.LeaderElection.run(LeaderElection.java:130)
	at java.lang.Thread.run(Thread.java:748)
Caused by: org.apache.ratis.thirdparty.io.grpc.StatusRuntimeException: UNAVAILABLE: io exception
	at org.apache.ratis.thirdparty.io.grpc.stub.ClientCalls.toStatusRuntimeException(ClientCalls.java:233)
	at org.apache.ratis.thirdparty.io.grpc.stub.ClientCalls.getUnchecked(ClientCalls.java:214)
	at org.apache.ratis.thirdparty.io.grpc.stub.ClientCalls.blockingUnaryCall(ClientCalls.java:139)
	at org.apache.ratis.proto.grpc.RaftServerProtocolServiceGrpc$RaftServerProtocolServiceBlockingStub.requestVote(RaftServerProtocolServiceGrpc.java:265)
	at org.apache.ratis.grpc.server.GrpcServerProtocolClient.requestVote(GrpcServerProtocolClient.java:83)
	at org.apache.ratis.grpc.server.GrpcService.requestVote(GrpcService.java:195)
	at org.apache.ratis.server.impl.LeaderElection.lambda$submitRequests$1(LeaderElection.java:237)
	at java.util.concurrent.FutureTask.run(FutureTask.java:266)
	at java.util.concurrent.Executors$RunnableAdapter.call(Executors.java:511)
	at java.util.concurrent.FutureTask.run(FutureTask.java:266)
	at java.util.concurrent.ThreadPoolExecutor.runWorker(ThreadPoolExecutor.java:1149)
	at java.util.concurrent.ThreadPoolExecutor$Worker.run(ThreadPoolExecutor.java:624)
	... 1 more
Caused by: org.apache.ratis.thirdparty.io.netty.channel.AbstractChannel$AnnotatedConnectException: Connection refused: /192.168.5.181:36612
	at sun.nio.ch.SocketChannelImpl.checkConnect(Native Method)
	at sun.nio.ch.SocketChannelImpl.finishConnect(SocketChannelImpl.java:717)
	at org.apache.ratis.thirdparty.io.netty.channel.socket.nio.NioSocketChannel.doFinishConnect(NioSocketChannel.java:327)
	at org.apache.ratis.thirdparty.io.netty.channel.nio.AbstractNioChannel$AbstractNioUnsafe.finishConnect(AbstractNioChannel.java:340)
	at org.apache.ratis.thirdparty.io.netty.channel.nio.NioEventLoop.processSelectedKey(NioEventLoop.java:632)
	at org.apache.ratis.thirdparty.io.netty.channel.nio.NioEventLoop.processSelectedKeysOptimized(NioEventLoop.java:579)
	at org.apache.ratis.thirdparty.io.netty.channel.nio.NioEventLoop.processSelectedKeys(NioEventLoop.java:496)
	at org.apache.ratis.thirdparty.io.netty.channel.nio.NioEventLoop.run(NioEventLoop.java:458)
	at org.apache.ratis.thirdparty.io.netty.util.concurrent.SingleThreadEventExecutor$5.run(SingleThreadEventExecutor.java:897)
	at org.apache.ratis.thirdparty.io.netty.util.concurrent.FastThreadLocalRunnable.run(FastThreadLocalRunnable.java:30)
	... 1 more
Caused by: java.net.ConnectException: Connection refused
	... 11 more
2019-07-13 12:37:21,340 INFO  impl.LeaderElection (LeaderElection.java:logAndReturn(56)) - 4b153f06-01de-4bce-8989-88eda3164a8a:group-FF9890890D8B:LeaderElection84: Election REJECTED; received 0 response(s) [] and 2 exception(s); 4b153f06-01de-4bce-8989-88eda3164a8a:t2, leader=null, voted=4b153f06-01de-4bce-8989-88eda3164a8a, raftlog=4b153f06-01de-4bce-8989-88eda3164a8a-SegmentedRaftLog:OPENED:c0,f0,i0, conf=0: [4b153f06-01de-4bce-8989-88eda3164a8a:192.168.5.181:46764, b8bf55c5-4407-4161-aa27-26eba85de527:192.168.5.181:35639, efe5b0e3-1541-4c39-80b2-381129ba02f8:192.168.5.181:36612], old=null
2019-07-13 12:37:21,340 INFO  impl.LeaderElection (LogUtils.java:infoOrTrace(149)) -   Exception 0: {}
java.util.concurrent.ExecutionException: org.apache.ratis.thirdparty.io.grpc.StatusRuntimeException: UNAVAILABLE: io exception
	at java.util.concurrent.FutureTask.report(FutureTask.java:122)
	at java.util.concurrent.FutureTask.get(FutureTask.java:192)
	at org.apache.ratis.server.impl.LeaderElection.waitForResults(LeaderElection.java:262)
	at org.apache.ratis.server.impl.LeaderElection.askForVotes(LeaderElection.java:200)
	at org.apache.ratis.server.impl.LeaderElection.run(LeaderElection.java:130)
	at java.lang.Thread.run(Thread.java:748)
Caused by: org.apache.ratis.thirdparty.io.grpc.StatusRuntimeException: UNAVAILABLE: io exception
	at org.apache.ratis.thirdparty.io.grpc.stub.ClientCalls.toStatusRuntimeException(ClientCalls.java:233)
	at org.apache.ratis.thirdparty.io.grpc.stub.ClientCalls.getUnchecked(ClientCalls.java:214)
	at org.apache.ratis.thirdparty.io.grpc.stub.ClientCalls.blockingUnaryCall(ClientCalls.java:139)
	at org.apache.ratis.proto.grpc.RaftServerProtocolServiceGrpc$RaftServerProtocolServiceBlockingStub.requestVote(RaftServerProtocolServiceGrpc.java:265)
	at org.apache.ratis.grpc.server.GrpcServerProtocolClient.requestVote(GrpcServerProtocolClient.java:83)
	at org.apache.ratis.grpc.server.GrpcService.requestVote(GrpcService.java:195)
	at org.apache.ratis.server.impl.LeaderElection.lambda$submitRequests$1(LeaderElection.java:237)
	at java.util.concurrent.FutureTask.run(FutureTask.java:266)
	at java.util.concurrent.Executors$RunnableAdapter.call(Executors.java:511)
	at java.util.concurrent.FutureTask.run(FutureTask.java:266)
	at java.util.concurrent.ThreadPoolExecutor.runWorker(ThreadPoolExecutor.java:1149)
	at java.util.concurrent.ThreadPoolExecutor$Worker.run(ThreadPoolExecutor.java:624)
	... 1 more
Caused by: org.apache.ratis.thirdparty.io.netty.channel.AbstractChannel$AnnotatedConnectException: Connection refused: /192.168.5.181:35639
	at sun.nio.ch.SocketChannelImpl.checkConnect(Native Method)
	at sun.nio.ch.SocketChannelImpl.finishConnect(SocketChannelImpl.java:717)
	at org.apache.ratis.thirdparty.io.netty.channel.socket.nio.NioSocketChannel.doFinishConnect(NioSocketChannel.java:327)
	at org.apache.ratis.thirdparty.io.netty.channel.nio.AbstractNioChannel$AbstractNioUnsafe.finishConnect(AbstractNioChannel.java:340)
	at org.apache.ratis.thirdparty.io.netty.channel.nio.NioEventLoop.processSelectedKey(NioEventLoop.java:632)
	at org.apache.ratis.thirdparty.io.netty.channel.nio.NioEventLoop.processSelectedKeysOptimized(NioEventLoop.java:579)
	at org.apache.ratis.thirdparty.io.netty.channel.nio.NioEventLoop.processSelectedKeys(NioEventLoop.java:496)
	at org.apache.ratis.thirdparty.io.netty.channel.nio.NioEventLoop.run(NioEventLoop.java:458)
	at org.apache.ratis.thirdparty.io.netty.util.concurrent.SingleThreadEventExecutor$5.run(SingleThreadEventExecutor.java:897)
	at org.apache.ratis.thirdparty.io.netty.util.concurrent.FastThreadLocalRunnable.run(FastThreadLocalRunnable.java:30)
	... 1 more
Caused by: java.net.ConnectException: Connection refused
	... 11 more
2019-07-13 12:37:21,341 INFO  impl.LeaderElection (LogUtils.java:infoOrTrace(149)) -   Exception 1: {}
java.util.concurrent.ExecutionException: org.apache.ratis.thirdparty.io.grpc.StatusRuntimeException: UNAVAILABLE: io exception
	at java.util.concurrent.FutureTask.report(FutureTask.java:122)
	at java.util.concurrent.FutureTask.get(FutureTask.java:192)
	at org.apache.ratis.server.impl.LeaderElection.waitForResults(LeaderElection.java:262)
	at org.apache.ratis.server.impl.LeaderElection.askForVotes(LeaderElection.java:200)
	at org.apache.ratis.server.impl.LeaderElection.run(LeaderElection.java:130)
	at java.lang.Thread.run(Thread.java:748)
Caused by: org.apache.ratis.thirdparty.io.grpc.StatusRuntimeException: UNAVAILABLE: io exception
	at org.apache.ratis.thirdparty.io.grpc.stub.ClientCalls.toStatusRuntimeException(ClientCalls.java:233)
	at org.apache.ratis.thirdparty.io.grpc.stub.ClientCalls.getUnchecked(ClientCalls.java:214)
	at org.apache.ratis.thirdparty.io.grpc.stub.ClientCalls.blockingUnaryCall(ClientCalls.java:139)
	at org.apache.ratis.proto.grpc.RaftServerProtocolServiceGrpc$RaftServerProtocolServiceBlockingStub.requestVote(RaftServerProtocolServiceGrpc.java:265)
	at org.apache.ratis.grpc.server.GrpcServerProtocolClient.requestVote(GrpcServerProtocolClient.java:83)
	at org.apache.ratis.grpc.server.GrpcService.requestVote(GrpcService.java:195)
	at org.apache.ratis.server.impl.LeaderElection.lambda$submitRequests$1(LeaderElection.java:237)
	at java.util.concurrent.FutureTask.run(FutureTask.java:266)
	at java.util.concurrent.Executors$RunnableAdapter.call(Executors.java:511)
	at java.util.concurrent.FutureTask.run(FutureTask.java:266)
	at java.util.concurrent.ThreadPoolExecutor.runWorker(ThreadPoolExecutor.java:1149)
	at java.util.concurrent.ThreadPoolExecutor$Worker.run(ThreadPoolExecutor.java:624)
	... 1 more
Caused by: org.apache.ratis.thirdparty.io.netty.channel.AbstractChannel$AnnotatedConnectException: Connection refused: /192.168.5.181:36612
	at sun.nio.ch.SocketChannelImpl.checkConnect(Native Method)
	at sun.nio.ch.SocketChannelImpl.finishConnect(SocketChannelImpl.java:717)
	at org.apache.ratis.thirdparty.io.netty.channel.socket.nio.NioSocketChannel.doFinishConnect(NioSocketChannel.java:327)
	at org.apache.ratis.thirdparty.io.netty.channel.nio.AbstractNioChannel$AbstractNioUnsafe.finishConnect(AbstractNioChannel.java:340)
	at org.apache.ratis.thirdparty.io.netty.channel.nio.NioEventLoop.processSelectedKey(NioEventLoop.java:632)
	at org.apache.ratis.thirdparty.io.netty.channel.nio.NioEventLoop.processSelectedKeysOptimized(NioEventLoop.java:579)
	at org.apache.ratis.thirdparty.io.netty.channel.nio.NioEventLoop.processSelectedKeys(NioEventLoop.java:496)
	at org.apache.ratis.thirdparty.io.netty.channel.nio.NioEventLoop.run(NioEventLoop.java:458)
	at org.apache.ratis.thirdparty.io.netty.util.concurrent.SingleThreadEventExecutor$5.run(SingleThreadEventExecutor.java:897)
	at org.apache.ratis.thirdparty.io.netty.util.concurrent.FastThreadLocalRunnable.run(FastThreadLocalRunnable.java:30)
	... 1 more
Caused by: java.net.ConnectException: Connection refused
	... 11 more
2019-07-13 12:37:21,341 INFO  impl.RaftServerImpl (RaftServerImpl.java:setRole(171)) - 4b153f06-01de-4bce-8989-88eda3164a8a:group-FF9890890D8B changes role from CANDIDATE to FOLLOWER at term 2 for DISCOVERED_A_NEW_TERM
2019-07-13 12:37:21,341 INFO  impl.RoleInfo (RoleInfo.java:shutdownLeaderElection(134)) - 4b153f06-01de-4bce-8989-88eda3164a8a: shutdown LeaderElection
2019-07-13 12:37:21,341 INFO  impl.RoleInfo (RoleInfo.java:updateAndGet(143)) - 4b153f06-01de-4bce-8989-88eda3164a8a: start FollowerState
2019-07-13 12:37:21,584 INFO  node.StaleNodeHandler (StaleNodeHandler.java:onMessage(58)) - Datanode f69627c6-055c-4988-97b2-f833f800635c{ip: 192.168.5.181, host: trunk-nightly-q2gwj-1111726333, networkLocation: /default-rack, certSerialId: null} moved to stale state. Finalizing its pipelines [PipelineID=8d5dd127-cf5b-440d-8661-b266a2ae8f93]
2019-07-13 12:37:21,584 INFO  pipeline.SCMPipelineManager (SCMPipelineManager.java:finalizeAndDestroyPipeline(309)) - destroying pipeline:Pipeline[ Id: 8d5dd127-cf5b-440d-8661-b266a2ae8f93, Nodes: f69627c6-055c-4988-97b2-f833f800635c{ip: 192.168.5.181, host: trunk-nightly-q2gwj-1111726333, networkLocation: /default-rack, certSerialId: null}, Type:RATIS, Factor:ONE, State:OPEN]
2019-07-13 12:37:21,585 INFO  pipeline.PipelineStateManager (PipelineStateManager.java:finalizePipeline(123)) - Pipeline Pipeline[ Id: 8d5dd127-cf5b-440d-8661-b266a2ae8f93, Nodes: f69627c6-055c-4988-97b2-f833f800635c{ip: 192.168.5.181, host: trunk-nightly-q2gwj-1111726333, networkLocation: /default-rack, certSerialId: null}, Type:RATIS, Factor:ONE, State:CLOSED] moved to CLOSED state
2019-07-13 12:37:22,385 INFO  node.StaleNodeHandler (StaleNodeHandler.java:onMessage(58)) - Datanode 4b153f06-01de-4bce-8989-88eda3164a8a{ip: 192.168.5.181, host: trunk-nightly-q2gwj-1111726333, networkLocation: /default-rack, certSerialId: null} moved to stale state. Finalizing its pipelines [PipelineID=cca127ae-976c-46ba-9b73-d1ccf04c11fc, PipelineID=7d7fd1c7-09ec-43a2-847a-ff9890890d8b]
2019-07-13 12:37:22,385 INFO  pipeline.SCMPipelineManager (SCMPipelineManager.java:finalizeAndDestroyPipeline(309)) - destroying pipeline:Pipeline[ Id: cca127ae-976c-46ba-9b73-d1ccf04c11fc, Nodes: 4b153f06-01de-4bce-8989-88eda3164a8a{ip: 192.168.5.181, host: trunk-nightly-q2gwj-1111726333, networkLocation: /default-rack, certSerialId: null}, Type:RATIS, Factor:ONE, State:OPEN]
2019-07-13 12:37:22,386 INFO  pipeline.PipelineStateManager (PipelineStateManager.java:finalizePipeline(123)) - Pipeline Pipeline[ Id: cca127ae-976c-46ba-9b73-d1ccf04c11fc, Nodes: 4b153f06-01de-4bce-8989-88eda3164a8a{ip: 192.168.5.181, host: trunk-nightly-q2gwj-1111726333, networkLocation: /default-rack, certSerialId: null}, Type:RATIS, Factor:ONE, State:CLOSED] moved to CLOSED state
2019-07-13 12:37:22,386 INFO  pipeline.SCMPipelineManager (SCMPipelineManager.java:finalizeAndDestroyPipeline(309)) - destroying pipeline:Pipeline[ Id: 7d7fd1c7-09ec-43a2-847a-ff9890890d8b, Nodes: b8bf55c5-4407-4161-aa27-26eba85de527{ip: 192.168.5.181, host: trunk-nightly-q2gwj-1111726333, networkLocation: /default-rack, certSerialId: null}4b153f06-01de-4bce-8989-88eda3164a8a{ip: 192.168.5.181, host: trunk-nightly-q2gwj-1111726333, networkLocation: /default-rack, certSerialId: null}efe5b0e3-1541-4c39-80b2-381129ba02f8{ip: 192.168.5.181, host: trunk-nightly-q2gwj-1111726333, networkLocation: /default-rack, certSerialId: null}, Type:RATIS, Factor:THREE, State:CLOSED]
2019-07-13 12:37:22,441 INFO  ozoneimpl.OzoneContainer (OzoneContainer.java:stop(199)) - Attempting to stop container services.
2019-07-13 12:37:22,442 INFO  impl.RaftServerProxy (RaftServerProxy.java:lambda$close$4(314)) - f69627c6-055c-4988-97b2-f833f800635c: close
2019-07-13 12:37:22,442 INFO  impl.RaftServerImpl (RaftServerImpl.java:lambda$shutdown$3(245)) - f69627c6-055c-4988-97b2-f833f800635c: shutdown group-B266A2AE8F93
2019-07-13 12:37:22,442 INFO  util.JmxRegister (JmxRegister.java:unregister(73)) - Successfully un-registered JMX Bean with object name Ratis:service=RaftServer,group=group-B266A2AE8F93,id=f69627c6-055c-4988-97b2-f833f800635c
2019-07-13 12:37:22,442 INFO  impl.RoleInfo (RoleInfo.java:shutdownLeaderState(104)) - f69627c6-055c-4988-97b2-f833f800635c: shutdown LeaderState
2019-07-13 12:37:22,443 INFO  impl.PendingRequests (PendingRequests.java:sendNotLeaderResponses(202)) - f69627c6-055c-4988-97b2-f833f800635c-PendingRequests: sendNotLeaderResponses
2019-07-13 12:37:22,443 INFO  impl.StateMachineUpdater (StateMachineUpdater.java:stopAndJoin(115)) - StateMachineUpdater:f69627c6-055c-4988-97b2-f833f800635c:group-B266A2AE8F93: set stopIndex = 0
2019-07-13 12:37:22,443 INFO  ratis.ContainerStateMachine (ContainerStateMachine.java:takeSnapshot(246)) - Taking snapshot at termIndex:(t:0, i:~)
2019-07-13 12:37:22,444 INFO  impl.RaftServerImpl (ServerState.java:close(394)) - f69627c6-055c-4988-97b2-f833f800635c:group-B266A2AE8F93 closes. The last applied log index is 0
2019-07-13 12:37:22,444 INFO  segmented.SegmentedRaftLogWorker (SegmentedRaftLogWorker.java:run(313)) - f69627c6-055c-4988-97b2-f833f800635c-SegmentedRaftLogWorker:Storage Directory /tmp/workdir/hadoop-ozone/integration-test/target/test-dir/MiniOzoneClusterImpl-b41edfef-7459-4e50-8f59-8d8a035a1c36/datanode-6/data/ratis/8d5dd127-cf5b-440d-8661-b266a2ae8f93 was interrupted, exiting. There are 0 tasks remaining in the queue.
2019-07-13 12:37:22,445 INFO  segmented.SegmentedRaftLogWorker (SegmentedRaftLogWorker.java:close(228)) - f69627c6-055c-4988-97b2-f833f800635c-SegmentedRaftLogWorker:Storage Directory /tmp/workdir/hadoop-ozone/integration-test/target/test-dir/MiniOzoneClusterImpl-b41edfef-7459-4e50-8f59-8d8a035a1c36/datanode-6/data/ratis/8d5dd127-cf5b-440d-8661-b266a2ae8f93 close()
2019-07-13 12:37:22,446 INFO  server.GrpcService (GrpcService.java:closeImpl(155)) - f69627c6-055c-4988-97b2-f833f800635c: shutdown server with port 44370 now
2019-07-13 12:37:22,448 INFO  server.GrpcService (GrpcService.java:closeImpl(163)) - f69627c6-055c-4988-97b2-f833f800635c: shutdown server with port 44370 successfully
2019-07-13 12:37:22,449 INFO  utils.BackgroundService (BackgroundService.java:shutdown(148)) - Shutting down service BlockDeletingService
2019-07-13 12:37:22,453 INFO  ozoneimpl.OzoneContainer (OzoneContainer.java:stop(199)) - Attempting to stop container services.
2019-07-13 12:37:22,453 INFO  impl.RaftServerProxy (RaftServerProxy.java:lambda$close$4(314)) - 4b153f06-01de-4bce-8989-88eda3164a8a: close
2019-07-13 12:37:22,454 INFO  impl.RaftServerImpl (RaftServerImpl.java:lambda$shutdown$3(245)) - 4b153f06-01de-4bce-8989-88eda3164a8a: shutdown group-D1CCF04C11FC
2019-07-13 12:37:22,454 INFO  util.JmxRegister (JmxRegister.java:unregister(73)) - Successfully un-registered JMX Bean with object name Ratis:service=RaftServer,group=group-D1CCF04C11FC,id=4b153f06-01de-4bce-8989-88eda3164a8a
2019-07-13 12:37:22,455 INFO  impl.RoleInfo (RoleInfo.java:shutdownLeaderState(104)) - 4b153f06-01de-4bce-8989-88eda3164a8a: shutdown LeaderState
2019-07-13 12:37:22,455 WARN  fs.CachingGetSpaceUsed (CachingGetSpaceUsed.java:run(183)) - Thread Interrupted waiting to refresh disk information: sleep interrupted
2019-07-13 12:37:22,456 INFO  impl.PendingRequests (PendingRequests.java:sendNotLeaderResponses(202)) - 4b153f06-01de-4bce-8989-88eda3164a8a-PendingRequests: sendNotLeaderResponses
2019-07-13 12:37:22,456 INFO  impl.StateMachineUpdater (StateMachineUpdater.java:stopAndJoin(115)) - StateMachineUpdater:4b153f06-01de-4bce-8989-88eda3164a8a:group-D1CCF04C11FC: set stopIndex = 0
2019-07-13 12:37:22,456 INFO  ratis.ContainerStateMachine (ContainerStateMachine.java:takeSnapshot(246)) - Taking snapshot at termIndex:(t:0, i:~)
2019-07-13 12:37:22,457 INFO  impl.RaftServerImpl (ServerState.java:close(394)) - 4b153f06-01de-4bce-8989-88eda3164a8a:group-D1CCF04C11FC closes. The last applied log index is 0
2019-07-13 12:37:22,457 INFO  segmented.SegmentedRaftLogWorker (SegmentedRaftLogWorker.java:run(313)) - 4b153f06-01de-4bce-8989-88eda3164a8a-SegmentedRaftLogWorker:Storage Directory /tmp/workdir/hadoop-ozone/integration-test/target/test-dir/MiniOzoneClusterImpl-b41edfef-7459-4e50-8f59-8d8a035a1c36/datanode-5/data/ratis/cca127ae-976c-46ba-9b73-d1ccf04c11fc was interrupted, exiting. There are 0 tasks remaining in the queue.
2019-07-13 12:37:22,457 INFO  segmented.SegmentedRaftLogWorker (SegmentedRaftLogWorker.java:close(228)) - 4b153f06-01de-4bce-8989-88eda3164a8a-SegmentedRaftLogWorker:Storage Directory /tmp/workdir/hadoop-ozone/integration-test/target/test-dir/MiniOzoneClusterImpl-b41edfef-7459-4e50-8f59-8d8a035a1c36/datanode-5/data/ratis/cca127ae-976c-46ba-9b73-d1ccf04c11fc close()
2019-07-13 12:37:22,459 INFO  impl.RaftServerImpl (RaftServerImpl.java:lambda$shutdown$3(245)) - 4b153f06-01de-4bce-8989-88eda3164a8a: shutdown group-FF9890890D8B
2019-07-13 12:37:22,460 INFO  util.JmxRegister (JmxRegister.java:unregister(73)) - Successfully un-registered JMX Bean with object name Ratis:service=RaftServer,group=group-FF9890890D8B,id=4b153f06-01de-4bce-8989-88eda3164a8a
2019-07-13 12:37:22,460 INFO  impl.RoleInfo (RoleInfo.java:shutdownFollowerState(121)) - 4b153f06-01de-4bce-8989-88eda3164a8a: shutdown FollowerState
2019-07-13 12:37:22,460 INFO  impl.StateMachineUpdater (StateMachineUpdater.java:stopAndJoin(115)) - StateMachineUpdater:4b153f06-01de-4bce-8989-88eda3164a8a:group-FF9890890D8B: set stopIndex = 0
2019-07-13 12:37:22,461 INFO  impl.FollowerState (FollowerState.java:run(114)) - 4b153f06-01de-4bce-8989-88eda3164a8a: FollowerState was interrupted: java.lang.InterruptedException: sleep interrupted
2019-07-13 12:37:22,461 INFO  ratis.ContainerStateMachine (ContainerStateMachine.java:takeSnapshot(246)) - Taking snapshot at termIndex:(t:0, i:~)
2019-07-13 12:37:22,462 INFO  impl.RaftServerImpl (ServerState.java:close(394)) - 4b153f06-01de-4bce-8989-88eda3164a8a:group-FF9890890D8B closes. The last applied log index is 0
2019-07-13 12:37:22,463 INFO  segmented.SegmentedRaftLogWorker (SegmentedRaftLogWorker.java:run(313)) - 4b153f06-01de-4bce-8989-88eda3164a8a-SegmentedRaftLogWorker:Storage Directory /tmp/workdir/hadoop-ozone/integration-test/target/test-dir/MiniOzoneClusterImpl-b41edfef-7459-4e50-8f59-8d8a035a1c36/datanode-5/data/ratis/7d7fd1c7-09ec-43a2-847a-ff9890890d8b was interrupted, exiting. There are 0 tasks remaining in the queue.
2019-07-13 12:37:22,463 INFO  segmented.SegmentedRaftLogWorker (SegmentedRaftLogWorker.java:close(228)) - 4b153f06-01de-4bce-8989-88eda3164a8a-SegmentedRaftLogWorker:Storage Directory /tmp/workdir/hadoop-ozone/integration-test/target/test-dir/MiniOzoneClusterImpl-b41edfef-7459-4e50-8f59-8d8a035a1c36/datanode-5/data/ratis/7d7fd1c7-09ec-43a2-847a-ff9890890d8b close()
2019-07-13 12:37:22,465 INFO  server.GrpcService (GrpcService.java:closeImpl(155)) - 4b153f06-01de-4bce-8989-88eda3164a8a: shutdown server with port 46764 now
2019-07-13 12:37:22,465 INFO  server.GrpcService (GrpcService.java:closeImpl(163)) - 4b153f06-01de-4bce-8989-88eda3164a8a: shutdown server with port 46764 successfully
2019-07-13 12:37:22,467 INFO  utils.BackgroundService (BackgroundService.java:shutdown(148)) - Shutting down service BlockDeletingService
2019-07-13 12:37:22,468 WARN  fs.CachingGetSpaceUsed (CachingGetSpaceUsed.java:run(183)) - Thread Interrupted waiting to refresh disk information: sleep interrupted
2019-07-13 12:37:22,477 INFO  statemachine.DatanodeStateMachine (DatanodeStateMachine.java:stopDaemon(395)) - Ozone container server stopped.
2019-07-13 12:37:22,490 INFO  statemachine.DatanodeStateMachine (DatanodeStateMachine.java:stopDaemon(395)) - Ozone container server stopped.
2019-07-13 12:37:22,501 INFO  handler.ContextHandler (ContextHandler.java:doStop(910)) - Stopped o.e.j.w.WebAppContext@4b55652a{/,null,UNAVAILABLE}{/hddsDatanode}
2019-07-13 12:37:22,501 INFO  handler.ContextHandler (ContextHandler.java:doStop(910)) - Stopped o.e.j.w.WebAppContext@53d3d604{/,null,UNAVAILABLE}{/hddsDatanode}
2019-07-13 12:37:22,502 INFO  server.AbstractConnector (AbstractConnector.java:doStop(318)) - Stopped ServerConnector@8c54f48{HTTP/1.1,[http/1.1]}{0.0.0.0:0}
2019-07-13 12:37:22,503 INFO  server.AbstractConnector (AbstractConnector.java:doStop(318)) - Stopped ServerConnector@44eda25b{HTTP/1.1,[http/1.1]}{0.0.0.0:0}
2019-07-13 12:37:22,503 INFO  handler.ContextHandler (ContextHandler.java:doStop(910)) - Stopped o.e.j.s.ServletContextHandler@72499396{/static,jar:file:/home/user/.m2/repository/org/apache/hadoop/hadoop-hdds-container-service/0.5.0-SNAPSHOT/hadoop-hdds-container-service-0.5.0-SNAPSHOT.jar!/webapps/static,UNAVAILABLE}
2019-07-13 12:37:22,507 INFO  handler.ContextHandler (ContextHandler.java:doStop(910)) - Stopped o.e.j.s.ServletContextHandler@6eacf3be{/static,jar:file:/home/user/.m2/repository/org/apache/hadoop/hadoop-hdds-container-service/0.5.0-SNAPSHOT/hadoop-hdds-container-service-0.5.0-SNAPSHOT.jar!/webapps/static,UNAVAILABLE}
2019-07-13 12:37:22,507 INFO  handler.ContextHandler (ContextHandler.java:doStop(910)) - Stopped o.e.j.s.ServletContextHandler@724e483f{/logs,file:///tmp/workdir/hadoop-ozone/integration-test/target/log,UNAVAILABLE}
2019-07-13 12:37:22,508 INFO  handler.ContextHandler (ContextHandler.java:doStop(910)) - Stopped o.e.j.s.ServletContextHandler@2202e978{/logs,file:///tmp/workdir/hadoop-ozone/integration-test/target/log,UNAVAILABLE}
2019-07-13 12:37:22,510 INFO  ozone.MiniOzoneClusterImpl (MiniOzoneClusterImpl.java:stop(353)) - Stopping the StorageContainerManager
2019-07-13 12:37:22,511 INFO  server.StorageContainerManager (StorageContainerManager.java:stop(796)) - Stopping Replication Manager Service.
2019-07-13 12:37:22,511 INFO  container.ReplicationManager (ReplicationManager.java:stop(187)) - Stopping Replication Monitor Thread.
2019-07-13 12:37:22,511 INFO  server.StorageContainerManager (StorageContainerManager.java:stop(803)) - Stopping Lease Manager of the command watchers
2019-07-13 12:37:22,511 INFO  server.StorageContainerManager (StorageContainerManager.java:stop(810)) - Stopping datanode service RPC server
2019-07-13 12:37:22,511 INFO  server.SCMDatanodeProtocolServer (SCMDatanodeProtocolServer.java:stop(375)) - Stopping the RPC server for DataNodes
2019-07-13 12:37:22,511 INFO  ipc.Server (Server.java:stop(3082)) - Stopping server on 45648
2019-07-13 12:37:22,514 INFO  ipc.Server (Server.java:run(1185)) - Stopping IPC Server listener on 45648
2019-07-13 12:37:22,514 INFO  ipc.Server (Server.java:run(1319)) - Stopping IPC Server Responder
2019-07-13 12:37:22,585 WARN  node.NodeStateManager (NodeStateManager.java:scheduleNextHealthCheck(631)) - Current Thread is interrupted, shutting down HB processing thread for Node Manager.
2019-07-13 12:37:22,586 INFO  server.StorageContainerManager (StorageContainerManager.java:stop(818)) - Stopping block service RPC server
2019-07-13 12:37:22,586 INFO  server.SCMBlockProtocolServer (SCMBlockProtocolServer.java:stop(148)) - Stopping the RPC server for Block Protocol
2019-07-13 12:37:22,586 INFO  ipc.Server (Server.java:stop(3082)) - Stopping server on 43141
2019-07-13 12:37:22,588 INFO  server.StorageContainerManager (StorageContainerManager.java:stop(825)) - Stopping the StorageContainerLocationProtocol RPC server
2019-07-13 12:37:22,589 INFO  server.SCMClientProtocolServer (SCMClientProtocolServer.java:stop(157)) - Stopping the RPC server for Client Protocol
2019-07-13 12:37:22,589 INFO  ipc.Server (Server.java:run(1319)) - Stopping IPC Server Responder
2019-07-13 12:37:22,589 INFO  ipc.Server (Server.java:stop(3082)) - Stopping server on 40278
2019-07-13 12:37:22,589 INFO  ipc.Server (Server.java:run(1185)) - Stopping IPC Server listener on 43141
2019-07-13 12:37:22,591 INFO  ipc.Server (Server.java:run(1185)) - Stopping IPC Server listener on 40278
2019-07-13 12:37:22,592 INFO  server.StorageContainerManager (StorageContainerManager.java:stop(832)) - Stopping Storage Container Manager HTTP server.
2019-07-13 12:37:22,592 INFO  ipc.Server (Server.java:run(1319)) - Stopping IPC Server Responder
2019-07-13 12:37:22,593 INFO  handler.ContextHandler (ContextHandler.java:doStop(910)) - Stopped o.e.j.w.WebAppContext@5471342{/,null,UNAVAILABLE}{/scm}
2019-07-13 12:37:22,593 INFO  server.AbstractConnector (AbstractConnector.java:doStop(318)) - Stopped ServerConnector@2e1003d9{HTTP/1.1,[http/1.1]}{0.0.0.0:0}
2019-07-13 12:37:22,594 INFO  handler.ContextHandler (ContextHandler.java:doStop(910)) - Stopped o.e.j.s.ServletContextHandler@5dfb65d5{/static,file:///tmp/workdir/hadoop-ozone/integration-test/target/test-classes/webapps/static,UNAVAILABLE}
2019-07-13 12:37:22,594 INFO  handler.ContextHandler (ContextHandler.java:doStop(910)) - Stopped o.e.j.s.ServletContextHandler@5fc42998{/logs,file:///tmp/workdir/hadoop-ozone/integration-test/target/log,UNAVAILABLE}
2019-07-13 12:37:22,595 INFO  server.StorageContainerManager (StorageContainerManager.java:stop(843)) - Stopping Block Manager Service.
2019-07-13 12:37:22,595 INFO  utils.BackgroundService (BackgroundService.java:shutdown(148)) - Shutting down service SCMBlockDeletingService
2019-07-13 12:37:22,596 INFO  utils.BackgroundService (BackgroundService.java:shutdown(148)) - Shutting down service SCMBlockDeletingService
2019-07-13 12:37:22,596 INFO  server.StorageContainerManager (StorageContainerManager.java:stop(865)) - Stopping SCM Event Queue.
2019-07-13 12:37:22,600 INFO  impl.MetricsSystemImpl (MetricsSystemImpl.java:stop(210)) - Stopping HddsDatanode metrics system...
2019-07-13 12:37:22,609 INFO  impl.MetricsSystemImpl (MetricsSystemImpl.java:stop(216)) - HddsDatanode metrics system stopped.
]]></system-out>
    <system-err><![CDATA[Jul 13, 2019 12:36:45 PM com.sun.jersey.server.impl.application.WebApplicationImpl _initiate
INFO: Initiating Jersey application, version 'Jersey: 1.19 02/11/2015 03:25 AM'
Jul 13, 2019 12:36:45 PM com.sun.jersey.server.impl.application.WebApplicationImpl _initiate
INFO: Initiating Jersey application, version 'Jersey: 1.19 02/11/2015 03:25 AM'
Jul 13, 2019 12:36:45 PM com.sun.jersey.server.impl.application.WebApplicationImpl _initiate
INFO: Initiating Jersey application, version 'Jersey: 1.19 02/11/2015 03:25 AM'
Jul 13, 2019 12:36:45 PM com.sun.jersey.server.impl.application.WebApplicationImpl _initiate
INFO: Initiating Jersey application, version 'Jersey: 1.19 02/11/2015 03:25 AM'
Jul 13, 2019 12:36:46 PM com.sun.jersey.server.impl.application.WebApplicationImpl _initiate
INFO: Initiating Jersey application, version 'Jersey: 1.19 02/11/2015 03:25 AM'
Jul 13, 2019 12:36:46 PM com.sun.jersey.server.impl.application.WebApplicationImpl _initiate
INFO: Initiating Jersey application, version 'Jersey: 1.19 02/11/2015 03:25 AM'
Jul 13, 2019 12:36:46 PM com.sun.jersey.server.impl.application.WebApplicationImpl _initiate
INFO: Initiating Jersey application, version 'Jersey: 1.19 02/11/2015 03:25 AM'
Jul 13, 2019 12:36:49 PM org.apache.ratis.thirdparty.io.grpc.internal.ManagedChannelOrphanWrapper$ManagedChannelReference cleanQueue
SEVERE: *~*~*~ Channel ManagedChannelImpl{logId=2735, target=192.168.5.181:32996} was not shutdown properly!!! ~*~*~*
    Make sure to call shutdown()/shutdownNow() and wait until awaitTermination() returns true.
java.lang.RuntimeException: ManagedChannel allocation site
	at org.apache.ratis.thirdparty.io.grpc.internal.ManagedChannelOrphanWrapper$ManagedChannelReference.<init>(ManagedChannelOrphanWrapper.java:103)
	at org.apache.ratis.thirdparty.io.grpc.internal.ManagedChannelOrphanWrapper.<init>(ManagedChannelOrphanWrapper.java:53)
	at org.apache.ratis.thirdparty.io.grpc.internal.ManagedChannelOrphanWrapper.<init>(ManagedChannelOrphanWrapper.java:44)
	at org.apache.ratis.thirdparty.io.grpc.internal.AbstractManagedChannelImplBuilder.build(AbstractManagedChannelImplBuilder.java:411)
	at org.apache.ratis.grpc.client.GrpcClientProtocolClient.<init>(GrpcClientProtocolClient.java:119)
	at org.apache.ratis.grpc.client.GrpcClientRpc.lambda$new$0(GrpcClientRpc.java:55)
	at org.apache.ratis.util.PeerProxyMap$PeerAndProxy.lambda$getProxy$0(PeerProxyMap.java:61)
	at org.apache.ratis.util.LifeCycle.startAndTransition(LifeCycle.java:202)
	at org.apache.ratis.util.PeerProxyMap$PeerAndProxy.getProxy(PeerProxyMap.java:60)
	at org.apache.ratis.util.PeerProxyMap.getProxy(PeerProxyMap.java:107)
	at org.apache.ratis.grpc.client.GrpcClientRpc.sendRequestAsync(GrpcClientRpc.java:66)
	at org.apache.ratis.client.impl.OrderedAsync.sendRequest(OrderedAsync.java:208)
	at org.apache.ratis.client.impl.OrderedAsync.sendRequestWithRetry(OrderedAsync.java:169)
	at org.apache.ratis.util.SlidingWindow$Client.sendOrDelayRequest(SlidingWindow.java:278)
	at org.apache.ratis.util.SlidingWindow$Client.submitNewRequest(SlidingWindow.java:257)
	at org.apache.ratis.client.impl.OrderedAsync.send(OrderedAsync.java:155)
	at org.apache.ratis.client.impl.RaftClientImpl.sendAsync(RaftClientImpl.java:145)
	at org.apache.ratis.client.impl.RaftClientImpl.sendAsync(RaftClientImpl.java:125)
	at org.apache.hadoop.hdds.scm.XceiverClientRatis.sendRequestAsync(XceiverClientRatis.java:224)
	at org.apache.hadoop.hdds.scm.XceiverClientRatis.sendCommandAsync(XceiverClientRatis.java:302)
	at org.apache.hadoop.hdds.scm.storage.ContainerProtocolCalls.writeChunkAsync(ContainerProtocolCalls.java:310)
	at org.apache.hadoop.hdds.scm.storage.BlockOutputStream.writeChunkToContainer(BlockOutputStream.java:610)
	at org.apache.hadoop.hdds.scm.storage.BlockOutputStream.writeChunk(BlockOutputStream.java:467)
	at org.apache.hadoop.hdds.scm.storage.BlockOutputStream.writeOnRetry(BlockOutputStream.java:293)
	at org.apache.hadoop.ozone.client.io.BlockOutputStreamEntry.writeOnRetry(BlockOutputStreamEntry.java:200)
	at org.apache.hadoop.ozone.client.io.KeyOutputStream.handleWrite(KeyOutputStream.java:209)
	at org.apache.hadoop.ozone.client.io.KeyOutputStream.handleRetry(KeyOutputStream.java:376)
	at org.apache.hadoop.ozone.client.io.KeyOutputStream.handleException(KeyOutputStream.java:325)
	at org.apache.hadoop.ozone.client.io.KeyOutputStream.handleFlushOrClose(KeyOutputStream.java:448)
	at org.apache.hadoop.ozone.client.io.KeyOutputStream.handleWrite(KeyOutputStream.java:235)
	at org.apache.hadoop.ozone.client.io.KeyOutputStream.write(KeyOutputStream.java:193)
	at org.apache.hadoop.ozone.client.io.OzoneOutputStream.write(OzoneOutputStream.java:49)
	at java.io.OutputStream.write(OutputStream.java:75)
	at org.apache.hadoop.ozone.client.rpc.TestBlockOutputStreamWithFailures.testWatchForCommitWithSingleNodeRatis(TestBlockOutputStreamWithFailures.java:881)
	at sun.reflect.NativeMethodAccessorImpl.invoke0(Native Method)
	at sun.reflect.NativeMethodAccessorImpl.invoke(NativeMethodAccessorImpl.java:62)
	at sun.reflect.DelegatingMethodAccessorImpl.invoke(DelegatingMethodAccessorImpl.java:43)
	at java.lang.reflect.Method.invoke(Method.java:498)
	at org.junit.runners.model.FrameworkMethod$1.runReflectiveCall(FrameworkMethod.java:47)
	at org.junit.internal.runners.model.ReflectiveCallable.run(ReflectiveCallable.java:12)
	at org.junit.runners.model.FrameworkMethod.invokeExplosively(FrameworkMethod.java:44)
	at org.junit.internal.runners.statements.InvokeMethod.evaluate(InvokeMethod.java:17)
	at org.junit.internal.runners.statements.RunBefores.evaluate(RunBefores.java:26)
	at org.junit.internal.runners.statements.RunAfters.evaluate(RunAfters.java:27)
	at org.junit.runners.ParentRunner.runLeaf(ParentRunner.java:271)
	at org.junit.runners.BlockJUnit4ClassRunner.runChild(BlockJUnit4ClassRunner.java:70)
	at org.junit.runners.BlockJUnit4ClassRunner.runChild(BlockJUnit4ClassRunner.java:50)
	at org.junit.runners.ParentRunner$3.run(ParentRunner.java:238)
	at org.junit.runners.ParentRunner$1.schedule(ParentRunner.java:63)
	at org.junit.runners.ParentRunner.runChildren(ParentRunner.java:236)
	at org.junit.runners.ParentRunner.access$000(ParentRunner.java:53)
	at org.junit.runners.ParentRunner$2.evaluate(ParentRunner.java:229)
	at org.junit.runners.ParentRunner.run(ParentRunner.java:309)
	at org.apache.maven.surefire.junit4.JUnit4Provider.execute(JUnit4Provider.java:365)
	at org.apache.maven.surefire.junit4.JUnit4Provider.executeWithRerun(JUnit4Provider.java:273)
	at org.apache.maven.surefire.junit4.JUnit4Provider.executeTestSet(JUnit4Provider.java:238)
	at org.apache.maven.surefire.junit4.JUnit4Provider.invoke(JUnit4Provider.java:159)
	at org.apache.maven.surefire.booter.ForkedBooter.invokeProviderInSameClassLoader(ForkedBooter.java:384)
	at org.apache.maven.surefire.booter.ForkedBooter.runSuitesInProcess(ForkedBooter.java:345)
	at org.apache.maven.surefire.booter.ForkedBooter.execute(ForkedBooter.java:126)
	at org.apache.maven.surefire.booter.ForkedBooter.main(ForkedBooter.java:418)

Jul 13, 2019 12:36:49 PM org.apache.ratis.thirdparty.io.grpc.internal.ManagedChannelOrphanWrapper$ManagedChannelReference cleanQueue
SEVERE: *~*~*~ Channel ManagedChannelImpl{logId=2730, target=192.168.5.181:42103} was not shutdown properly!!! ~*~*~*
    Make sure to call shutdown()/shutdownNow() and wait until awaitTermination() returns true.
java.lang.RuntimeException: ManagedChannel allocation site
	at org.apache.ratis.thirdparty.io.grpc.internal.ManagedChannelOrphanWrapper$ManagedChannelReference.<init>(ManagedChannelOrphanWrapper.java:103)
	at org.apache.ratis.thirdparty.io.grpc.internal.ManagedChannelOrphanWrapper.<init>(ManagedChannelOrphanWrapper.java:53)
	at org.apache.ratis.thirdparty.io.grpc.internal.ManagedChannelOrphanWrapper.<init>(ManagedChannelOrphanWrapper.java:44)
	at org.apache.ratis.thirdparty.io.grpc.internal.AbstractManagedChannelImplBuilder.build(AbstractManagedChannelImplBuilder.java:411)
	at org.apache.ratis.grpc.client.GrpcClientProtocolClient.<init>(GrpcClientProtocolClient.java:119)
	at org.apache.ratis.grpc.client.GrpcClientRpc.lambda$new$0(GrpcClientRpc.java:55)
	at org.apache.ratis.util.PeerProxyMap$PeerAndProxy.lambda$getProxy$0(PeerProxyMap.java:61)
	at org.apache.ratis.util.LifeCycle.startAndTransition(LifeCycle.java:202)
	at org.apache.ratis.util.PeerProxyMap$PeerAndProxy.getProxy(PeerProxyMap.java:60)
	at org.apache.ratis.util.PeerProxyMap.getProxy(PeerProxyMap.java:107)
	at org.apache.ratis.grpc.client.GrpcClientRpc.sendRequestAsync(GrpcClientRpc.java:66)
	at org.apache.ratis.client.impl.OrderedAsync.sendRequest(OrderedAsync.java:208)
	at org.apache.ratis.client.impl.OrderedAsync.sendRequestWithRetry(OrderedAsync.java:169)
	at org.apache.ratis.util.SlidingWindow$Client.sendOrDelayRequest(SlidingWindow.java:278)
	at org.apache.ratis.util.SlidingWindow$Client.retry(SlidingWindow.java:294)
	at org.apache.ratis.client.impl.OrderedAsync.lambda$scheduleWithTimeout$7(OrderedAsync.java:195)
	at org.apache.ratis.util.TimeoutScheduler.lambda$onTimeout$0(TimeoutScheduler.java:85)
	at org.apache.ratis.util.TimeoutScheduler.lambda$onTimeout$1(TimeoutScheduler.java:104)
	at org.apache.ratis.util.LogUtils.runAndLog(LogUtils.java:50)
	at org.apache.ratis.util.LogUtils$1.run(LogUtils.java:91)
	at java.util.concurrent.Executors$RunnableAdapter.call(Executors.java:511)
	at java.util.concurrent.FutureTask.run(FutureTask.java:266)
	at java.util.concurrent.ScheduledThreadPoolExecutor$ScheduledFutureTask.access$201(ScheduledThreadPoolExecutor.java:180)
	at java.util.concurrent.ScheduledThreadPoolExecutor$ScheduledFutureTask.run(ScheduledThreadPoolExecutor.java:293)
	at java.util.concurrent.ThreadPoolExecutor.runWorker(ThreadPoolExecutor.java:1149)
	at java.util.concurrent.ThreadPoolExecutor$Worker.run(ThreadPoolExecutor.java:624)
	at java.lang.Thread.run(Thread.java:748)

]]></system-err>
  </testcase>
  <testcase name="testFailureWithPrimeSizedData" classname="org.apache.hadoop.ozone.client.rpc.TestBlockOutputStreamWithFailures" time="33.57">
    <error type="java.lang.IllegalArgumentException">java.lang.IllegalArgumentException
	at com.google.common.base.Preconditions.checkArgument(Preconditions.java:72)
	at org.apache.hadoop.hdds.scm.XceiverClientManager.acquireClient(XceiverClientManager.java:150)
	at org.apache.hadoop.hdds.scm.XceiverClientManager.acquireClientForReadData(XceiverClientManager.java:143)
	at org.apache.hadoop.hdds.scm.storage.BlockInputStream.getChunkInfos(BlockInputStream.java:154)
	at org.apache.hadoop.hdds.scm.storage.BlockInputStream.initialize(BlockInputStream.java:118)
	at org.apache.hadoop.hdds.scm.storage.BlockInputStream.read(BlockInputStream.java:222)
	at org.apache.hadoop.ozone.client.io.KeyInputStream.read(KeyInputStream.java:171)
	at org.apache.hadoop.ozone.client.io.OzoneInputStream.read(OzoneInputStream.java:47)
	at java.io.InputStream.read(InputStream.java:101)
	at org.apache.hadoop.ozone.container.ContainerTestHelper.validateData(ContainerTestHelper.java:709)
	at org.apache.hadoop.ozone.client.rpc.TestBlockOutputStreamWithFailures.validateData(TestBlockOutputStreamWithFailures.java:1212)
	at org.apache.hadoop.ozone.client.rpc.TestBlockOutputStreamWithFailures.testFailureWithPrimeSizedData(TestBlockOutputStreamWithFailures.java:658)
	at sun.reflect.NativeMethodAccessorImpl.invoke0(Native Method)
	at sun.reflect.NativeMethodAccessorImpl.invoke(NativeMethodAccessorImpl.java:62)
	at sun.reflect.DelegatingMethodAccessorImpl.invoke(DelegatingMethodAccessorImpl.java:43)
	at java.lang.reflect.Method.invoke(Method.java:498)
	at org.junit.runners.model.FrameworkMethod$1.runReflectiveCall(FrameworkMethod.java:47)
	at org.junit.internal.runners.model.ReflectiveCallable.run(ReflectiveCallable.java:12)
	at org.junit.runners.model.FrameworkMethod.invokeExplosively(FrameworkMethod.java:44)
	at org.junit.internal.runners.statements.InvokeMethod.evaluate(InvokeMethod.java:17)
	at org.junit.internal.runners.statements.RunBefores.evaluate(RunBefores.java:26)
	at org.junit.internal.runners.statements.RunAfters.evaluate(RunAfters.java:27)
	at org.junit.runners.ParentRunner.runLeaf(ParentRunner.java:271)
	at org.junit.runners.BlockJUnit4ClassRunner.runChild(BlockJUnit4ClassRunner.java:70)
	at org.junit.runners.BlockJUnit4ClassRunner.runChild(BlockJUnit4ClassRunner.java:50)
	at org.junit.runners.ParentRunner$3.run(ParentRunner.java:238)
	at org.junit.runners.ParentRunner$1.schedule(ParentRunner.java:63)
	at org.junit.runners.ParentRunner.runChildren(ParentRunner.java:236)
	at org.junit.runners.ParentRunner.access$000(ParentRunner.java:53)
	at org.junit.runners.ParentRunner$2.evaluate(ParentRunner.java:229)
	at org.junit.runners.ParentRunner.run(ParentRunner.java:309)
	at org.apache.maven.surefire.junit4.JUnit4Provider.execute(JUnit4Provider.java:365)
	at org.apache.maven.surefire.junit4.JUnit4Provider.executeWithRerun(JUnit4Provider.java:273)
	at org.apache.maven.surefire.junit4.JUnit4Provider.executeTestSet(JUnit4Provider.java:238)
	at org.apache.maven.surefire.junit4.JUnit4Provider.invoke(JUnit4Provider.java:159)
	at org.apache.maven.surefire.booter.ForkedBooter.invokeProviderInSameClassLoader(ForkedBooter.java:384)
	at org.apache.maven.surefire.booter.ForkedBooter.runSuitesInProcess(ForkedBooter.java:345)
	at org.apache.maven.surefire.booter.ForkedBooter.execute(ForkedBooter.java:126)
	at org.apache.maven.surefire.booter.ForkedBooter.main(ForkedBooter.java:418)
</error>
    <system-out><![CDATA[2019-07-13 12:37:22,651 WARN  server.ServerUtils (ServerUtils.java:getScmDbDir(145)) - ozone.scm.db.dirs is not configured. We recommend adding this setting. Falling back to ozone.metadata.dirs instead.
2019-07-13 12:37:22,658 WARN  server.ServerUtils (ServerUtils.java:getScmDbDir(145)) - ozone.scm.db.dirs is not configured. We recommend adding this setting. Falling back to ozone.metadata.dirs instead.
2019-07-13 12:37:22,658 WARN  server.ServerUtils (ServerUtils.java:getScmDbDir(145)) - ozone.scm.db.dirs is not configured. We recommend adding this setting. Falling back to ozone.metadata.dirs instead.
2019-07-13 12:37:22,659 INFO  db.DBStoreBuilder (DBStoreBuilder.java:addTable(110)) - using custom profile for table: deletedBlocks
2019-07-13 12:37:22,659 INFO  db.DBStoreBuilder (DBStoreBuilder.java:processTables(161)) - Using default column profile:DBProfile.DISK for Table:deletedBlocks
2019-07-13 12:37:22,659 INFO  db.DBStoreBuilder (DBStoreBuilder.java:addTable(110)) - using custom profile for table: validCerts
2019-07-13 12:37:22,659 INFO  db.DBStoreBuilder (DBStoreBuilder.java:processTables(161)) - Using default column profile:DBProfile.DISK for Table:validCerts
2019-07-13 12:37:22,660 INFO  db.DBStoreBuilder (DBStoreBuilder.java:addTable(110)) - using custom profile for table: revokedCerts
2019-07-13 12:37:22,660 INFO  db.DBStoreBuilder (DBStoreBuilder.java:processTables(161)) - Using default column profile:DBProfile.DISK for Table:revokedCerts
2019-07-13 12:37:22,660 INFO  db.DBStoreBuilder (DBStoreBuilder.java:addTable(110)) - using custom profile for table: default
2019-07-13 12:37:22,660 INFO  db.DBStoreBuilder (DBStoreBuilder.java:processTables(167)) - Using default column profile:DBProfile.DISK for Table:default
2019-07-13 12:37:22,660 INFO  db.DBStoreBuilder (DBStoreBuilder.java:getDbProfile(198)) - Using default options. DBProfile.DISK
2019-07-13 12:37:22,719 INFO  net.NodeSchemaLoader (NodeSchemaLoader.java:loadSchemaFromFile(125)) - Loading file from sun.misc.CompoundEnumeration@4b93a232
2019-07-13 12:37:22,720 INFO  net.NodeSchemaLoader (NodeSchemaLoader.java:loadSchema(171)) - Loading network topology layer schema file
2019-07-13 12:37:22,724 INFO  node.SCMNodeManager (SCMNodeManager.java:<init>(119)) - Entering startup safe mode.
2019-07-13 12:37:22,725 WARN  server.ServerUtils (ServerUtils.java:getScmDbDir(145)) - ozone.scm.db.dirs is not configured. We recommend adding this setting. Falling back to ozone.metadata.dirs instead.
2019-07-13 12:37:22,759 INFO  pipeline.SCMPipelineManager (SCMPipelineManager.java:initializePipelineState(126)) - No pipeline exists in current db
2019-07-13 12:37:22,759 WARN  server.ServerUtils (ServerUtils.java:getScmDbDir(145)) - ozone.scm.db.dirs is not configured. We recommend adding this setting. Falling back to ozone.metadata.dirs instead.
2019-07-13 12:37:22,796 WARN  events.EventQueue (EventQueue.java:fireEvent(175)) - No event handler registered for event TypedEvent{payloadType=SafeModeStatus, name='SafeModeStatus'}
2019-07-13 12:37:22,797 INFO  ipc.CallQueueManager (CallQueueManager.java:<init>(84)) - Using callQueue: class java.util.concurrent.LinkedBlockingQueue, queueCapacity: 2000, scheduler: class org.apache.hadoop.ipc.DefaultRpcScheduler, ipcBackoff: false.
2019-07-13 12:37:22,799 INFO  ipc.Server (Server.java:run(1074)) - Starting Socket Reader #1 for port 45799
2019-07-13 12:37:22,800 INFO  ipc.CallQueueManager (CallQueueManager.java:<init>(84)) - Using callQueue: class java.util.concurrent.LinkedBlockingQueue, queueCapacity: 2000, scheduler: class org.apache.hadoop.ipc.DefaultRpcScheduler, ipcBackoff: false.
2019-07-13 12:37:22,801 INFO  ipc.Server (Server.java:run(1074)) - Starting Socket Reader #1 for port 44959
2019-07-13 12:37:22,802 INFO  ipc.CallQueueManager (CallQueueManager.java:<init>(84)) - Using callQueue: class java.util.concurrent.LinkedBlockingQueue, queueCapacity: 2000, scheduler: class org.apache.hadoop.ipc.DefaultRpcScheduler, ipcBackoff: false.
2019-07-13 12:37:22,803 INFO  ipc.Server (Server.java:run(1074)) - Starting Socket Reader #1 for port 45345
2019-07-13 12:37:22,807 INFO  hdfs.DFSUtil (DFSUtil.java:httpServerTemplateForNNAndJN(1641)) - Starting Web-server for scm at: http://0.0.0.0:0
2019-07-13 12:37:22,812 INFO  server.AuthenticationFilter (AuthenticationFilter.java:constructSecretProvider(240)) - Unable to initialize FileSignerSecretProvider, falling back to use random secrets.
2019-07-13 12:37:22,813 WARN  http.HttpRequestLog (HttpRequestLog.java:getRequestLog(97)) - Jetty request log can only be enabled using Log4j
2019-07-13 12:37:22,815 INFO  http.HttpServer2 (HttpServer2.java:addGlobalFilter(975)) - Added global filter 'safety' (class=org.apache.hadoop.http.HttpServer2$QuotingInputFilter)
2019-07-13 12:37:22,816 INFO  http.HttpServer2 (HttpServer2.java:addFilter(948)) - Added filter static_user_filter (class=org.apache.hadoop.http.lib.StaticUserWebFilter$StaticUserFilter) to context scm
2019-07-13 12:37:22,816 INFO  http.HttpServer2 (HttpServer2.java:addFilter(958)) - Added filter static_user_filter (class=org.apache.hadoop.http.lib.StaticUserWebFilter$StaticUserFilter) to context logs
2019-07-13 12:37:22,816 INFO  http.HttpServer2 (HttpServer2.java:addFilter(958)) - Added filter static_user_filter (class=org.apache.hadoop.http.lib.StaticUserWebFilter$StaticUserFilter) to context static
2019-07-13 12:37:22,818 INFO  server.StorageContainerManager (StorageContainerManager.java:start(759)) - StorageContainerLocationProtocol RPC server is listening at /0.0.0.0:45345
2019-07-13 12:37:22,820 WARN  impl.MetricsConfig (MetricsConfig.java:loadFirst(134)) - Cannot locate configuration: tried hadoop-metrics2-storagecontainermanager.properties,hadoop-metrics2.properties
2019-07-13 12:37:22,821 INFO  impl.MetricsSystemImpl (MetricsSystemImpl.java:startTimer(374)) - Scheduled Metric snapshot period at 10 second(s).
2019-07-13 12:37:22,822 INFO  impl.MetricsSystemImpl (MetricsSystemImpl.java:start(191)) - StorageContainerManager metrics system started
2019-07-13 12:37:22,885 INFO  server.SCMClientProtocolServer (SCMClientProtocolServer.java:start(149)) - RPC server for Client  is listening at /0.0.0.0:45345
2019-07-13 12:37:22,886 INFO  ipc.Server (Server.java:run(1314)) - IPC Server Responder: starting
2019-07-13 12:37:22,886 INFO  ipc.Server (Server.java:run(1153)) - IPC Server listener on 45345: starting
2019-07-13 12:37:22,890 INFO  server.StorageContainerManager (StorageContainerManager.java:start(768)) - ScmBlockLocationProtocol RPC server is listening at /0.0.0.0:44959
2019-07-13 12:37:22,890 INFO  server.SCMBlockProtocolServer (SCMBlockProtocolServer.java:start(140)) - RPC server for Block Protocol is listening at /0.0.0.0:44959
2019-07-13 12:37:22,891 INFO  ipc.Server (Server.java:run(1314)) - IPC Server Responder: starting
2019-07-13 12:37:22,891 INFO  ipc.Server (Server.java:run(1153)) - IPC Server listener on 44959: starting
2019-07-13 12:37:22,895 INFO  server.StorageContainerManager (StorageContainerManager.java:start(772)) - ScmDatanodeProtocl RPC server is listening at /0.0.0.0:45799
2019-07-13 12:37:22,895 INFO  server.SCMDatanodeProtocolServer (SCMDatanodeProtocolServer.java:start(191)) - RPC server for DataNodes is listening at /0.0.0.0:45799
2019-07-13 12:37:22,896 INFO  ipc.Server (Server.java:run(1314)) - IPC Server Responder: starting
2019-07-13 12:37:22,896 INFO  ipc.Server (Server.java:run(1153)) - IPC Server listener on 45799: starting
2019-07-13 12:37:22,901 INFO  http.HttpServer2 (HttpServer2.java:bindListener(1191)) - Jetty bound to port 43569
2019-07-13 12:37:22,901 INFO  server.Server (Server.java:doStart(351)) - jetty-9.3.24.v20180605, build timestamp: 2018-06-05T17:11:56Z, git hash: 84205aa28f11a4f31f2a3b86d1bba2cc8ab69827
2019-07-13 12:37:22,903 INFO  handler.ContextHandler (ContextHandler.java:doStart(781)) - Started o.e.j.s.ServletContextHandler@6049b4c9{/logs,file:///tmp/workdir/hadoop-ozone/integration-test/target/log,AVAILABLE}
2019-07-13 12:37:22,904 INFO  handler.ContextHandler (ContextHandler.java:doStart(781)) - Started o.e.j.s.ServletContextHandler@495cac83{/static,file:///tmp/workdir/hadoop-ozone/integration-test/target/test-classes/webapps/static,AVAILABLE}
2019-07-13 12:37:22,909 INFO  handler.ContextHandler (ContextHandler.java:doStart(781)) - Started o.e.j.w.WebAppContext@43f23338{/,file:///tmp/workdir/hadoop-ozone/integration-test/target/test-classes/webapps/scm/,AVAILABLE}{/scm}
2019-07-13 12:37:22,909 INFO  server.AbstractConnector (AbstractConnector.java:doStart(278)) - Started ServerConnector@2ca8bd50{HTTP/1.1,[http/1.1]}{0.0.0.0:43569}
2019-07-13 12:37:22,910 INFO  server.Server (Server.java:doStart(419)) - Started @633463ms
2019-07-13 12:37:22,911 INFO  server.BaseHttpServer (BaseHttpServer.java:updateConnectorAddress(207)) - HTTP server of SCM is listening at http://0.0.0.0:43569
2019-07-13 12:37:22,912 WARN  server.ServerUtils (ServerUtils.java:getDBPath(222)) - ozone.om.db.dirs is not configured. We recommend adding this setting. Falling back to ozone.metadata.dirs instead.
2019-07-13 12:37:22,913 INFO  util.JvmPauseMonitor (JvmPauseMonitor.java:run(188)) - Starting JVM pause monitor
2019-07-13 12:37:22,917 WARN  server.ServerUtils (ServerUtils.java:getDBPath(222)) - ozone.om.db.dirs is not configured. We recommend adding this setting. Falling back to ozone.metadata.dirs instead.
2019-07-13 12:37:22,918 INFO  om.OzoneManager (OzoneManager.java:setOMNodeDetails(630)) - OM Service ID is not set. Setting it to the default ID: omServiceIdDefault
2019-07-13 12:37:22,918 INFO  om.OzoneManager (OzoneManager.java:setOMNodeDetails(636)) - OM Node ID is not set. Setting it to the OmStorage's OmID: 48a56be4-bcc0-4d83-b716-4197cb6c3c6b
2019-07-13 12:37:22,918 INFO  om.OzoneManager (OzoneManager.java:loadOMHAConfigs(587)) - Found matching OM address with OMServiceId: null, OMNodeId: null, RPC Address: localhost:0 and Ratis port: 9872
2019-07-13 12:37:22,924 WARN  server.ServerUtils (ServerUtils.java:getDBPath(222)) - ozone.om.db.dirs is not configured. We recommend adding this setting. Falling back to ozone.metadata.dirs instead.
2019-07-13 12:37:22,925 INFO  db.DBStoreBuilder (DBStoreBuilder.java:addTable(110)) - using custom profile for table: userTable
2019-07-13 12:37:22,925 INFO  db.DBStoreBuilder (DBStoreBuilder.java:processTables(161)) - Using default column profile:DBProfile.DISK for Table:userTable
2019-07-13 12:37:22,925 INFO  db.DBStoreBuilder (DBStoreBuilder.java:addTable(110)) - using custom profile for table: volumeTable
2019-07-13 12:37:22,925 INFO  db.DBStoreBuilder (DBStoreBuilder.java:processTables(161)) - Using default column profile:DBProfile.DISK for Table:volumeTable
2019-07-13 12:37:22,925 INFO  db.DBStoreBuilder (DBStoreBuilder.java:addTable(110)) - using custom profile for table: bucketTable
2019-07-13 12:37:22,926 INFO  db.DBStoreBuilder (DBStoreBuilder.java:processTables(161)) - Using default column profile:DBProfile.DISK for Table:bucketTable
2019-07-13 12:37:22,926 INFO  db.DBStoreBuilder (DBStoreBuilder.java:addTable(110)) - using custom profile for table: keyTable
2019-07-13 12:37:22,926 INFO  db.DBStoreBuilder (DBStoreBuilder.java:processTables(161)) - Using default column profile:DBProfile.DISK for Table:keyTable
2019-07-13 12:37:22,926 INFO  db.DBStoreBuilder (DBStoreBuilder.java:addTable(110)) - using custom profile for table: deletedTable
2019-07-13 12:37:22,926 INFO  db.DBStoreBuilder (DBStoreBuilder.java:processTables(161)) - Using default column profile:DBProfile.DISK for Table:deletedTable
2019-07-13 12:37:22,927 INFO  db.DBStoreBuilder (DBStoreBuilder.java:addTable(110)) - using custom profile for table: openKeyTable
2019-07-13 12:37:22,927 INFO  db.DBStoreBuilder (DBStoreBuilder.java:processTables(161)) - Using default column profile:DBProfile.DISK for Table:openKeyTable
2019-07-13 12:37:22,927 INFO  db.DBStoreBuilder (DBStoreBuilder.java:addTable(110)) - using custom profile for table: s3Table
2019-07-13 12:37:22,927 INFO  db.DBStoreBuilder (DBStoreBuilder.java:processTables(161)) - Using default column profile:DBProfile.DISK for Table:s3Table
2019-07-13 12:37:22,927 INFO  db.DBStoreBuilder (DBStoreBuilder.java:addTable(110)) - using custom profile for table: multipartInfoTable
2019-07-13 12:37:22,928 INFO  db.DBStoreBuilder (DBStoreBuilder.java:processTables(161)) - Using default column profile:DBProfile.DISK for Table:multipartInfoTable
2019-07-13 12:37:22,928 INFO  db.DBStoreBuilder (DBStoreBuilder.java:addTable(110)) - using custom profile for table: dTokenTable
2019-07-13 12:37:22,928 INFO  db.DBStoreBuilder (DBStoreBuilder.java:processTables(161)) - Using default column profile:DBProfile.DISK for Table:dTokenTable
2019-07-13 12:37:22,928 INFO  db.DBStoreBuilder (DBStoreBuilder.java:addTable(110)) - using custom profile for table: s3SecretTable
2019-07-13 12:37:22,928 INFO  db.DBStoreBuilder (DBStoreBuilder.java:processTables(161)) - Using default column profile:DBProfile.DISK for Table:s3SecretTable
2019-07-13 12:37:22,929 INFO  db.DBStoreBuilder (DBStoreBuilder.java:addTable(110)) - using custom profile for table: prefixTable
2019-07-13 12:37:22,929 INFO  db.DBStoreBuilder (DBStoreBuilder.java:processTables(161)) - Using default column profile:DBProfile.DISK for Table:prefixTable
2019-07-13 12:37:22,929 INFO  db.DBStoreBuilder (DBStoreBuilder.java:addTable(110)) - using custom profile for table: default
2019-07-13 12:37:22,929 INFO  db.DBStoreBuilder (DBStoreBuilder.java:processTables(167)) - Using default column profile:DBProfile.DISK for Table:default
2019-07-13 12:37:22,929 INFO  db.DBStoreBuilder (DBStoreBuilder.java:getDbProfile(198)) - Using default options. DBProfile.DISK
2019-07-13 12:37:23,237 INFO  ipc.CallQueueManager (CallQueueManager.java:<init>(84)) - Using callQueue: class java.util.concurrent.LinkedBlockingQueue, queueCapacity: 2000, scheduler: class org.apache.hadoop.ipc.DefaultRpcScheduler, ipcBackoff: false.
2019-07-13 12:37:23,238 INFO  ipc.Server (Server.java:run(1074)) - Starting Socket Reader #1 for port 34578
2019-07-13 12:37:23,255 WARN  server.ServerUtils (ServerUtils.java:getDBPath(222)) - ozone.om.db.dirs is not configured. We recommend adding this setting. Falling back to ozone.metadata.dirs instead.
2019-07-13 12:37:23,256 INFO  om.OzoneManager (OzoneManager.java:start(1228)) - OzoneManager RPC server is listening at localhost/127.0.0.1:34578
2019-07-13 12:37:23,256 INFO  impl.MetricsSystemImpl (MetricsSystemImpl.java:init(158)) - OzoneManager metrics system started (again)
2019-07-13 12:37:23,256 INFO  ipc.Server (Server.java:run(1314)) - IPC Server Responder: starting
2019-07-13 12:37:23,257 INFO  ipc.Server (Server.java:run(1153)) - IPC Server listener on 34578: starting
2019-07-13 12:37:23,266 INFO  hdfs.DFSUtil (DFSUtil.java:httpServerTemplateForNNAndJN(1641)) - Starting Web-server for ozoneManager at: http://0.0.0.0:0
2019-07-13 12:37:23,268 INFO  server.AuthenticationFilter (AuthenticationFilter.java:constructSecretProvider(240)) - Unable to initialize FileSignerSecretProvider, falling back to use random secrets.
2019-07-13 12:37:23,268 WARN  http.HttpRequestLog (HttpRequestLog.java:getRequestLog(97)) - Jetty request log can only be enabled using Log4j
2019-07-13 12:37:23,270 INFO  http.HttpServer2 (HttpServer2.java:addGlobalFilter(975)) - Added global filter 'safety' (class=org.apache.hadoop.http.HttpServer2$QuotingInputFilter)
2019-07-13 12:37:23,271 INFO  http.HttpServer2 (HttpServer2.java:addFilter(948)) - Added filter static_user_filter (class=org.apache.hadoop.http.lib.StaticUserWebFilter$StaticUserFilter) to context ozoneManager
2019-07-13 12:37:23,271 INFO  http.HttpServer2 (HttpServer2.java:addFilter(958)) - Added filter static_user_filter (class=org.apache.hadoop.http.lib.StaticUserWebFilter$StaticUserFilter) to context static
2019-07-13 12:37:23,271 INFO  http.HttpServer2 (HttpServer2.java:addFilter(958)) - Added filter static_user_filter (class=org.apache.hadoop.http.lib.StaticUserWebFilter$StaticUserFilter) to context logs
2019-07-13 12:37:23,273 INFO  http.HttpServer2 (HttpServer2.java:bindListener(1191)) - Jetty bound to port 39119
2019-07-13 12:37:23,273 INFO  server.Server (Server.java:doStart(351)) - jetty-9.3.24.v20180605, build timestamp: 2018-06-05T17:11:56Z, git hash: 84205aa28f11a4f31f2a3b86d1bba2cc8ab69827
2019-07-13 12:37:23,275 INFO  handler.ContextHandler (ContextHandler.java:doStart(781)) - Started o.e.j.s.ServletContextHandler@630a647c{/logs,file:///tmp/workdir/hadoop-ozone/integration-test/target/log,AVAILABLE}
2019-07-13 12:37:23,276 INFO  handler.ContextHandler (ContextHandler.java:doStart(781)) - Started o.e.j.s.ServletContextHandler@19e5e846{/static,file:///tmp/workdir/hadoop-ozone/integration-test/target/test-classes/webapps/static,AVAILABLE}
2019-07-13 12:37:23,280 INFO  handler.ContextHandler (ContextHandler.java:doStart(781)) - Started o.e.j.w.WebAppContext@6cf47d05{/,file:///tmp/workdir/hadoop-ozone/integration-test/target/test-classes/webapps/ozoneManager/,AVAILABLE}{/ozoneManager}
2019-07-13 12:37:23,281 INFO  server.AbstractConnector (AbstractConnector.java:doStart(278)) - Started ServerConnector@38f704f4{HTTP/1.1,[http/1.1]}{0.0.0.0:39119}
2019-07-13 12:37:23,282 INFO  server.Server (Server.java:doStart(419)) - Started @633835ms
2019-07-13 12:37:23,283 INFO  server.BaseHttpServer (BaseHttpServer.java:updateConnectorAddress(207)) - HTTP server of OZONEMANAGER is listening at http://0.0.0.0:39119
2019-07-13 12:37:23,299 INFO  impl.MetricsSystemImpl (MetricsSystemImpl.java:init(158)) - HddsDatanode metrics system started (again)
2019-07-13 12:37:23,300 INFO  ozone.HddsDatanodeService (HddsDatanodeService.java:start(185)) - HddsDatanodeService host:trunk-nightly-q2gwj-1111726333 ip:192.168.5.181
2019-07-13 12:37:23,311 INFO  volume.HddsVolume (HddsVolume.java:<init>(176)) - Creating Volume: /tmp/workdir/hadoop-ozone/integration-test/target/test-dir/MiniOzoneClusterImpl-f238f8c9-6f68-435d-bc7a-6e3a5f15428f/datanode-0/data/containers/hdds of  storage type : DISK and capacity : 52710309888
2019-07-13 12:37:23,312 INFO  volume.VolumeSet (VolumeSet.java:initializeVolumeSet(170)) - Added Volume : /tmp/workdir/hadoop-ozone/integration-test/target/test-dir/MiniOzoneClusterImpl-f238f8c9-6f68-435d-bc7a-6e3a5f15428f/datanode-0/data/containers/hdds to VolumeSet
2019-07-13 12:37:23,312 INFO  volume.ThrottledAsyncChecker (ThrottledAsyncChecker.java:schedule(140)) - Scheduling a check for org.apache.hadoop.ozone.container.common.volume.HddsVolume@6c418f0b
2019-07-13 12:37:23,314 INFO  volume.HddsVolumeChecker (HddsVolumeChecker.java:checkAllVolumes(203)) - Scheduled health check for volume org.apache.hadoop.ozone.container.common.volume.HddsVolume@6c418f0b
2019-07-13 12:37:23,329 INFO  impl.RaftServerProxy (ConfUtils.java:logGet(43)) - raft.rpc.type = GRPC (default)
2019-07-13 12:37:23,329 INFO  grpc.GrpcFactory (GrpcFactory.java:checkPooledByteBufAllocatorUseCacheForAllThreads(45)) - PERFORMANCE WARNING: useCacheForAllThreads is true that may cause Netty to create a lot garbage objects and, as a result, trigger GC.
	It is recommended to disable useCacheForAllThreads by setting -Dorg.apache.ratis.thirdparty.io.netty.allocator.useCacheForAllThreads=false in command line.
2019-07-13 12:37:23,330 INFO  grpc.GrpcConfigKeys$Server (ConfUtils.java:logGet(43)) - raft.grpc.server.port = 0 (default)
2019-07-13 12:37:23,330 INFO  server.GrpcService (ConfUtils.java:logGet(43)) - raft.grpc.message.size.max = 33570816 (custom)
2019-07-13 12:37:23,330 INFO  server.RaftServerConfigKeys (ConfUtils.java:logGet(43)) - raft.server.log.appender.buffer.byte-limit = 33554432 (custom)
2019-07-13 12:37:23,330 INFO  server.GrpcService (ConfUtils.java:logGet(43)) - raft.grpc.flow.control.window = 1MB (=1048576) (default)
2019-07-13 12:37:23,331 INFO  server.RaftServerConfigKeys (ConfUtils.java:logGet(43)) - raft.server.rpc.request.timeout = 3000ms (default)
2019-07-13 12:37:23,331 INFO  server.RaftServerConfigKeys (ConfUtils.java:logGet(43)) - raft.server.storage.dir = [/tmp/workdir/hadoop-ozone/integration-test/target/test-dir/MiniOzoneClusterImpl-f238f8c9-6f68-435d-bc7a-6e3a5f15428f/datanode-0/data/ratis] (custom)
2019-07-13 12:37:23,332 INFO  replication.SimpleContainerDownloader (SimpleContainerDownloader.java:<init>(72)) - Starting container downloader service to copy containers to replicate.
2019-07-13 12:37:23,333 INFO  hdfs.DFSUtil (DFSUtil.java:httpServerTemplateForNNAndJN(1641)) - Starting Web-server for hddsDatanode at: http://0.0.0.0:0
2019-07-13 12:37:23,335 INFO  server.AuthenticationFilter (AuthenticationFilter.java:constructSecretProvider(240)) - Unable to initialize FileSignerSecretProvider, falling back to use random secrets.
2019-07-13 12:37:23,336 WARN  http.HttpRequestLog (HttpRequestLog.java:getRequestLog(97)) - Jetty request log can only be enabled using Log4j
2019-07-13 12:37:23,338 INFO  http.HttpServer2 (HttpServer2.java:addGlobalFilter(975)) - Added global filter 'safety' (class=org.apache.hadoop.http.HttpServer2$QuotingInputFilter)
2019-07-13 12:37:23,338 INFO  http.HttpServer2 (HttpServer2.java:addFilter(948)) - Added filter static_user_filter (class=org.apache.hadoop.http.lib.StaticUserWebFilter$StaticUserFilter) to context hddsDatanode
2019-07-13 12:37:23,338 INFO  http.HttpServer2 (HttpServer2.java:addFilter(958)) - Added filter static_user_filter (class=org.apache.hadoop.http.lib.StaticUserWebFilter$StaticUserFilter) to context logs
2019-07-13 12:37:23,339 INFO  http.HttpServer2 (HttpServer2.java:addFilter(958)) - Added filter static_user_filter (class=org.apache.hadoop.http.lib.StaticUserWebFilter$StaticUserFilter) to context static
2019-07-13 12:37:23,340 INFO  http.HttpServer2 (HttpServer2.java:bindListener(1191)) - Jetty bound to port 41239
2019-07-13 12:37:23,340 INFO  server.Server (Server.java:doStart(351)) - jetty-9.3.24.v20180605, build timestamp: 2018-06-05T17:11:56Z, git hash: 84205aa28f11a4f31f2a3b86d1bba2cc8ab69827
2019-07-13 12:37:23,342 INFO  handler.ContextHandler (ContextHandler.java:doStart(781)) - Started o.e.j.s.ServletContextHandler@112d8c18{/logs,file:///tmp/workdir/hadoop-ozone/integration-test/target/log,AVAILABLE}
2019-07-13 12:37:23,343 INFO  handler.ContextHandler (ContextHandler.java:doStart(781)) - Started o.e.j.s.ServletContextHandler@39352f6b{/static,jar:file:/home/user/.m2/repository/org/apache/hadoop/hadoop-hdds-container-service/0.5.0-SNAPSHOT/hadoop-hdds-container-service-0.5.0-SNAPSHOT.jar!/webapps/static,AVAILABLE}
2019-07-13 12:37:23,380 INFO  handler.ContextHandler (ContextHandler.java:doStart(781)) - Started o.e.j.w.WebAppContext@24bc52ce{/,file:///tmp/jetty-0.0.0.0-41239-hddsDatanode-_-any-5852573467854910789.dir/webapp/,AVAILABLE}{/hddsDatanode}
2019-07-13 12:37:23,381 INFO  server.AbstractConnector (AbstractConnector.java:doStart(278)) - Started ServerConnector@40949bb0{HTTP/1.1,[http/1.1]}{0.0.0.0:41239}
2019-07-13 12:37:23,381 INFO  server.Server (Server.java:doStart(419)) - Started @633935ms
2019-07-13 12:37:23,383 INFO  server.BaseHttpServer (BaseHttpServer.java:updateConnectorAddress(207)) - HTTP server of HDDSDATANODE is listening at http://0.0.0.0:41239
2019-07-13 12:37:23,484 INFO  ozone.HddsDatanodeService (HddsDatanodeService.java:startPlugins(396)) - Started plug-in org.apache.hadoop.ozone.web.OzoneHddsDatanodeService@3d0f2154
2019-07-13 12:37:23,484 INFO  impl.MetricsSystemImpl (MetricsSystemImpl.java:init(158)) - HddsDatanode metrics system started (again)
2019-07-13 12:37:23,484 INFO  ozone.HddsDatanodeService (HddsDatanodeService.java:start(185)) - HddsDatanodeService host:trunk-nightly-q2gwj-1111726333 ip:192.168.5.181
2019-07-13 12:37:23,486 INFO  util.JvmPauseMonitor (JvmPauseMonitor.java:run(188)) - Starting JVM pause monitor
2019-07-13 12:37:23,487 INFO  datanode.InitDatanodeState (InitDatanodeState.java:persistContainerDatanodeDetails(140)) - DatanodeDetails is persisted to /tmp/workdir/hadoop-ozone/integration-test/target/test-dir/MiniOzoneClusterImpl-f238f8c9-6f68-435d-bc7a-6e3a5f15428f/datanode-0/meta/datanode.id
2019-07-13 12:37:23,497 INFO  volume.HddsVolume (HddsVolume.java:<init>(176)) - Creating Volume: /tmp/workdir/hadoop-ozone/integration-test/target/test-dir/MiniOzoneClusterImpl-f238f8c9-6f68-435d-bc7a-6e3a5f15428f/datanode-1/data/containers/hdds of  storage type : DISK and capacity : 52710309888
2019-07-13 12:37:23,497 INFO  volume.VolumeSet (VolumeSet.java:initializeVolumeSet(170)) - Added Volume : /tmp/workdir/hadoop-ozone/integration-test/target/test-dir/MiniOzoneClusterImpl-f238f8c9-6f68-435d-bc7a-6e3a5f15428f/datanode-1/data/containers/hdds to VolumeSet
2019-07-13 12:37:23,497 INFO  volume.ThrottledAsyncChecker (ThrottledAsyncChecker.java:schedule(140)) - Scheduling a check for org.apache.hadoop.ozone.container.common.volume.HddsVolume@62e55482
2019-07-13 12:37:23,498 INFO  volume.HddsVolumeChecker (HddsVolumeChecker.java:checkAllVolumes(203)) - Scheduled health check for volume org.apache.hadoop.ozone.container.common.volume.HddsVolume@62e55482
2019-07-13 12:37:23,510 INFO  impl.RaftServerProxy (ConfUtils.java:logGet(43)) - raft.rpc.type = GRPC (default)
2019-07-13 12:37:23,510 INFO  grpc.GrpcFactory (GrpcFactory.java:checkPooledByteBufAllocatorUseCacheForAllThreads(45)) - PERFORMANCE WARNING: useCacheForAllThreads is true that may cause Netty to create a lot garbage objects and, as a result, trigger GC.
	It is recommended to disable useCacheForAllThreads by setting -Dorg.apache.ratis.thirdparty.io.netty.allocator.useCacheForAllThreads=false in command line.
2019-07-13 12:37:23,510 INFO  grpc.GrpcConfigKeys$Server (ConfUtils.java:logGet(43)) - raft.grpc.server.port = 0 (default)
2019-07-13 12:37:23,510 INFO  server.GrpcService (ConfUtils.java:logGet(43)) - raft.grpc.message.size.max = 33570816 (custom)
2019-07-13 12:37:23,510 INFO  server.RaftServerConfigKeys (ConfUtils.java:logGet(43)) - raft.server.log.appender.buffer.byte-limit = 33554432 (custom)
2019-07-13 12:37:23,510 INFO  server.GrpcService (ConfUtils.java:logGet(43)) - raft.grpc.flow.control.window = 1MB (=1048576) (default)
2019-07-13 12:37:23,511 INFO  server.RaftServerConfigKeys (ConfUtils.java:logGet(43)) - raft.server.rpc.request.timeout = 3000ms (default)
2019-07-13 12:37:23,511 INFO  server.RaftServerConfigKeys (ConfUtils.java:logGet(43)) - raft.server.storage.dir = [/tmp/workdir/hadoop-ozone/integration-test/target/test-dir/MiniOzoneClusterImpl-f238f8c9-6f68-435d-bc7a-6e3a5f15428f/datanode-1/data/ratis] (custom)
2019-07-13 12:37:23,511 INFO  replication.SimpleContainerDownloader (SimpleContainerDownloader.java:<init>(72)) - Starting container downloader service to copy containers to replicate.
2019-07-13 12:37:23,512 INFO  hdfs.DFSUtil (DFSUtil.java:httpServerTemplateForNNAndJN(1641)) - Starting Web-server for hddsDatanode at: http://0.0.0.0:0
2019-07-13 12:37:23,513 INFO  server.AuthenticationFilter (AuthenticationFilter.java:constructSecretProvider(240)) - Unable to initialize FileSignerSecretProvider, falling back to use random secrets.
2019-07-13 12:37:23,514 WARN  http.HttpRequestLog (HttpRequestLog.java:getRequestLog(97)) - Jetty request log can only be enabled using Log4j
2019-07-13 12:37:23,515 INFO  http.HttpServer2 (HttpServer2.java:addGlobalFilter(975)) - Added global filter 'safety' (class=org.apache.hadoop.http.HttpServer2$QuotingInputFilter)
2019-07-13 12:37:23,515 INFO  http.HttpServer2 (HttpServer2.java:addFilter(948)) - Added filter static_user_filter (class=org.apache.hadoop.http.lib.StaticUserWebFilter$StaticUserFilter) to context hddsDatanode
2019-07-13 12:37:23,516 INFO  http.HttpServer2 (HttpServer2.java:addFilter(958)) - Added filter static_user_filter (class=org.apache.hadoop.http.lib.StaticUserWebFilter$StaticUserFilter) to context logs
2019-07-13 12:37:23,516 INFO  http.HttpServer2 (HttpServer2.java:addFilter(958)) - Added filter static_user_filter (class=org.apache.hadoop.http.lib.StaticUserWebFilter$StaticUserFilter) to context static
2019-07-13 12:37:23,516 INFO  http.HttpServer2 (HttpServer2.java:bindListener(1191)) - Jetty bound to port 37666
2019-07-13 12:37:23,517 INFO  server.Server (Server.java:doStart(351)) - jetty-9.3.24.v20180605, build timestamp: 2018-06-05T17:11:56Z, git hash: 84205aa28f11a4f31f2a3b86d1bba2cc8ab69827
2019-07-13 12:37:23,518 INFO  handler.ContextHandler (ContextHandler.java:doStart(781)) - Started o.e.j.s.ServletContextHandler@46ebd87a{/logs,file:///tmp/workdir/hadoop-ozone/integration-test/target/log,AVAILABLE}
2019-07-13 12:37:23,518 INFO  handler.ContextHandler (ContextHandler.java:doStart(781)) - Started o.e.j.s.ServletContextHandler@30be77cd{/static,jar:file:/home/user/.m2/repository/org/apache/hadoop/hadoop-hdds-container-service/0.5.0-SNAPSHOT/hadoop-hdds-container-service-0.5.0-SNAPSHOT.jar!/webapps/static,AVAILABLE}
2019-07-13 12:37:23,544 INFO  handler.ContextHandler (ContextHandler.java:doStart(781)) - Started o.e.j.w.WebAppContext@4c0d7878{/,file:///tmp/jetty-0.0.0.0-37666-hddsDatanode-_-any-1131892762739577642.dir/webapp/,AVAILABLE}{/hddsDatanode}
2019-07-13 12:37:23,544 INFO  server.AbstractConnector (AbstractConnector.java:doStart(278)) - Started ServerConnector@5a349644{HTTP/1.1,[http/1.1]}{0.0.0.0:37666}
2019-07-13 12:37:23,545 INFO  server.Server (Server.java:doStart(419)) - Started @634098ms
2019-07-13 12:37:23,546 INFO  server.BaseHttpServer (BaseHttpServer.java:updateConnectorAddress(207)) - HTTP server of HDDSDATANODE is listening at http://0.0.0.0:37666
2019-07-13 12:37:23,641 INFO  ozone.HddsDatanodeService (HddsDatanodeService.java:startPlugins(396)) - Started plug-in org.apache.hadoop.ozone.web.OzoneHddsDatanodeService@39b265c9
2019-07-13 12:37:23,641 INFO  impl.MetricsSystemImpl (MetricsSystemImpl.java:init(158)) - HddsDatanode metrics system started (again)
2019-07-13 12:37:23,642 INFO  ozone.HddsDatanodeService (HddsDatanodeService.java:start(185)) - HddsDatanodeService host:trunk-nightly-q2gwj-1111726333 ip:192.168.5.181
2019-07-13 12:37:23,643 INFO  util.JvmPauseMonitor (JvmPauseMonitor.java:run(188)) - Starting JVM pause monitor
2019-07-13 12:37:23,644 INFO  datanode.InitDatanodeState (InitDatanodeState.java:persistContainerDatanodeDetails(140)) - DatanodeDetails is persisted to /tmp/workdir/hadoop-ozone/integration-test/target/test-dir/MiniOzoneClusterImpl-f238f8c9-6f68-435d-bc7a-6e3a5f15428f/datanode-1/meta/datanode.id
2019-07-13 12:37:23,654 INFO  volume.HddsVolume (HddsVolume.java:<init>(176)) - Creating Volume: /tmp/workdir/hadoop-ozone/integration-test/target/test-dir/MiniOzoneClusterImpl-f238f8c9-6f68-435d-bc7a-6e3a5f15428f/datanode-2/data/containers/hdds of  storage type : DISK and capacity : 52710309888
2019-07-13 12:37:23,654 INFO  volume.VolumeSet (VolumeSet.java:initializeVolumeSet(170)) - Added Volume : /tmp/workdir/hadoop-ozone/integration-test/target/test-dir/MiniOzoneClusterImpl-f238f8c9-6f68-435d-bc7a-6e3a5f15428f/datanode-2/data/containers/hdds to VolumeSet
2019-07-13 12:37:23,654 INFO  volume.ThrottledAsyncChecker (ThrottledAsyncChecker.java:schedule(140)) - Scheduling a check for org.apache.hadoop.ozone.container.common.volume.HddsVolume@2771e501
2019-07-13 12:37:23,655 INFO  volume.HddsVolumeChecker (HddsVolumeChecker.java:checkAllVolumes(203)) - Scheduled health check for volume org.apache.hadoop.ozone.container.common.volume.HddsVolume@2771e501
2019-07-13 12:37:23,669 INFO  impl.RaftServerProxy (ConfUtils.java:logGet(43)) - raft.rpc.type = GRPC (default)
2019-07-13 12:37:23,670 INFO  grpc.GrpcFactory (GrpcFactory.java:checkPooledByteBufAllocatorUseCacheForAllThreads(45)) - PERFORMANCE WARNING: useCacheForAllThreads is true that may cause Netty to create a lot garbage objects and, as a result, trigger GC.
	It is recommended to disable useCacheForAllThreads by setting -Dorg.apache.ratis.thirdparty.io.netty.allocator.useCacheForAllThreads=false in command line.
2019-07-13 12:37:23,670 INFO  grpc.GrpcConfigKeys$Server (ConfUtils.java:logGet(43)) - raft.grpc.server.port = 0 (default)
2019-07-13 12:37:23,670 INFO  server.GrpcService (ConfUtils.java:logGet(43)) - raft.grpc.message.size.max = 33570816 (custom)
2019-07-13 12:37:23,670 INFO  server.RaftServerConfigKeys (ConfUtils.java:logGet(43)) - raft.server.log.appender.buffer.byte-limit = 33554432 (custom)
2019-07-13 12:37:23,670 INFO  server.GrpcService (ConfUtils.java:logGet(43)) - raft.grpc.flow.control.window = 1MB (=1048576) (default)
2019-07-13 12:37:23,671 INFO  server.RaftServerConfigKeys (ConfUtils.java:logGet(43)) - raft.server.rpc.request.timeout = 3000ms (default)
2019-07-13 12:37:23,671 INFO  server.RaftServerConfigKeys (ConfUtils.java:logGet(43)) - raft.server.storage.dir = [/tmp/workdir/hadoop-ozone/integration-test/target/test-dir/MiniOzoneClusterImpl-f238f8c9-6f68-435d-bc7a-6e3a5f15428f/datanode-2/data/ratis] (custom)
2019-07-13 12:37:23,671 INFO  replication.SimpleContainerDownloader (SimpleContainerDownloader.java:<init>(72)) - Starting container downloader service to copy containers to replicate.
2019-07-13 12:37:23,672 INFO  hdfs.DFSUtil (DFSUtil.java:httpServerTemplateForNNAndJN(1641)) - Starting Web-server for hddsDatanode at: http://0.0.0.0:0
2019-07-13 12:37:23,674 INFO  server.AuthenticationFilter (AuthenticationFilter.java:constructSecretProvider(240)) - Unable to initialize FileSignerSecretProvider, falling back to use random secrets.
2019-07-13 12:37:23,674 WARN  http.HttpRequestLog (HttpRequestLog.java:getRequestLog(97)) - Jetty request log can only be enabled using Log4j
2019-07-13 12:37:23,675 INFO  http.HttpServer2 (HttpServer2.java:addGlobalFilter(975)) - Added global filter 'safety' (class=org.apache.hadoop.http.HttpServer2$QuotingInputFilter)
2019-07-13 12:37:23,675 INFO  http.HttpServer2 (HttpServer2.java:addFilter(948)) - Added filter static_user_filter (class=org.apache.hadoop.http.lib.StaticUserWebFilter$StaticUserFilter) to context hddsDatanode
2019-07-13 12:37:23,676 INFO  http.HttpServer2 (HttpServer2.java:addFilter(958)) - Added filter static_user_filter (class=org.apache.hadoop.http.lib.StaticUserWebFilter$StaticUserFilter) to context logs
2019-07-13 12:37:23,676 INFO  http.HttpServer2 (HttpServer2.java:addFilter(958)) - Added filter static_user_filter (class=org.apache.hadoop.http.lib.StaticUserWebFilter$StaticUserFilter) to context static
2019-07-13 12:37:23,676 INFO  http.HttpServer2 (HttpServer2.java:bindListener(1191)) - Jetty bound to port 44702
2019-07-13 12:37:23,676 INFO  server.Server (Server.java:doStart(351)) - jetty-9.3.24.v20180605, build timestamp: 2018-06-05T17:11:56Z, git hash: 84205aa28f11a4f31f2a3b86d1bba2cc8ab69827
2019-07-13 12:37:23,678 INFO  handler.ContextHandler (ContextHandler.java:doStart(781)) - Started o.e.j.s.ServletContextHandler@75225415{/logs,file:///tmp/workdir/hadoop-ozone/integration-test/target/log,AVAILABLE}
2019-07-13 12:37:23,678 INFO  handler.ContextHandler (ContextHandler.java:doStart(781)) - Started o.e.j.s.ServletContextHandler@54b3407b{/static,jar:file:/home/user/.m2/repository/org/apache/hadoop/hadoop-hdds-container-service/0.5.0-SNAPSHOT/hadoop-hdds-container-service-0.5.0-SNAPSHOT.jar!/webapps/static,AVAILABLE}
2019-07-13 12:37:23,704 INFO  handler.ContextHandler (ContextHandler.java:doStart(781)) - Started o.e.j.w.WebAppContext@30b35687{/,file:///tmp/jetty-0.0.0.0-44702-hddsDatanode-_-any-7130837453988946960.dir/webapp/,AVAILABLE}{/hddsDatanode}
2019-07-13 12:37:23,705 INFO  server.AbstractConnector (AbstractConnector.java:doStart(278)) - Started ServerConnector@7c3c6564{HTTP/1.1,[http/1.1]}{0.0.0.0:44702}
2019-07-13 12:37:23,705 INFO  server.Server (Server.java:doStart(419)) - Started @634258ms
2019-07-13 12:37:23,707 INFO  server.BaseHttpServer (BaseHttpServer.java:updateConnectorAddress(207)) - HTTP server of HDDSDATANODE is listening at http://0.0.0.0:44702
2019-07-13 12:37:23,806 INFO  ozone.HddsDatanodeService (HddsDatanodeService.java:startPlugins(396)) - Started plug-in org.apache.hadoop.ozone.web.OzoneHddsDatanodeService@2c48eb31
2019-07-13 12:37:23,806 INFO  impl.MetricsSystemImpl (MetricsSystemImpl.java:init(158)) - HddsDatanode metrics system started (again)
2019-07-13 12:37:23,806 INFO  ozone.HddsDatanodeService (HddsDatanodeService.java:start(185)) - HddsDatanodeService host:trunk-nightly-q2gwj-1111726333 ip:192.168.5.181
2019-07-13 12:37:23,807 INFO  util.JvmPauseMonitor (JvmPauseMonitor.java:run(188)) - Starting JVM pause monitor
2019-07-13 12:37:23,809 INFO  datanode.InitDatanodeState (InitDatanodeState.java:persistContainerDatanodeDetails(140)) - DatanodeDetails is persisted to /tmp/workdir/hadoop-ozone/integration-test/target/test-dir/MiniOzoneClusterImpl-f238f8c9-6f68-435d-bc7a-6e3a5f15428f/datanode-2/meta/datanode.id
2019-07-13 12:37:23,816 INFO  volume.HddsVolume (HddsVolume.java:<init>(176)) - Creating Volume: /tmp/workdir/hadoop-ozone/integration-test/target/test-dir/MiniOzoneClusterImpl-f238f8c9-6f68-435d-bc7a-6e3a5f15428f/datanode-3/data/containers/hdds of  storage type : DISK and capacity : 52710309888
2019-07-13 12:37:23,817 INFO  volume.VolumeSet (VolumeSet.java:initializeVolumeSet(170)) - Added Volume : /tmp/workdir/hadoop-ozone/integration-test/target/test-dir/MiniOzoneClusterImpl-f238f8c9-6f68-435d-bc7a-6e3a5f15428f/datanode-3/data/containers/hdds to VolumeSet
2019-07-13 12:37:23,817 INFO  volume.ThrottledAsyncChecker (ThrottledAsyncChecker.java:schedule(140)) - Scheduling a check for org.apache.hadoop.ozone.container.common.volume.HddsVolume@7ae88df1
2019-07-13 12:37:23,817 INFO  volume.HddsVolumeChecker (HddsVolumeChecker.java:checkAllVolumes(203)) - Scheduled health check for volume org.apache.hadoop.ozone.container.common.volume.HddsVolume@7ae88df1
2019-07-13 12:37:23,830 INFO  impl.RaftServerProxy (ConfUtils.java:logGet(43)) - raft.rpc.type = GRPC (default)
2019-07-13 12:37:23,831 INFO  grpc.GrpcFactory (GrpcFactory.java:checkPooledByteBufAllocatorUseCacheForAllThreads(45)) - PERFORMANCE WARNING: useCacheForAllThreads is true that may cause Netty to create a lot garbage objects and, as a result, trigger GC.
	It is recommended to disable useCacheForAllThreads by setting -Dorg.apache.ratis.thirdparty.io.netty.allocator.useCacheForAllThreads=false in command line.
2019-07-13 12:37:23,831 INFO  grpc.GrpcConfigKeys$Server (ConfUtils.java:logGet(43)) - raft.grpc.server.port = 0 (default)
2019-07-13 12:37:23,831 INFO  server.GrpcService (ConfUtils.java:logGet(43)) - raft.grpc.message.size.max = 33570816 (custom)
2019-07-13 12:37:23,831 INFO  server.RaftServerConfigKeys (ConfUtils.java:logGet(43)) - raft.server.log.appender.buffer.byte-limit = 33554432 (custom)
2019-07-13 12:37:23,831 INFO  server.GrpcService (ConfUtils.java:logGet(43)) - raft.grpc.flow.control.window = 1MB (=1048576) (default)
2019-07-13 12:37:23,832 INFO  server.RaftServerConfigKeys (ConfUtils.java:logGet(43)) - raft.server.rpc.request.timeout = 3000ms (default)
2019-07-13 12:37:23,832 INFO  server.RaftServerConfigKeys (ConfUtils.java:logGet(43)) - raft.server.storage.dir = [/tmp/workdir/hadoop-ozone/integration-test/target/test-dir/MiniOzoneClusterImpl-f238f8c9-6f68-435d-bc7a-6e3a5f15428f/datanode-3/data/ratis] (custom)
2019-07-13 12:37:23,832 INFO  replication.SimpleContainerDownloader (SimpleContainerDownloader.java:<init>(72)) - Starting container downloader service to copy containers to replicate.
2019-07-13 12:37:23,833 INFO  hdfs.DFSUtil (DFSUtil.java:httpServerTemplateForNNAndJN(1641)) - Starting Web-server for hddsDatanode at: http://0.0.0.0:0
2019-07-13 12:37:23,835 INFO  server.AuthenticationFilter (AuthenticationFilter.java:constructSecretProvider(240)) - Unable to initialize FileSignerSecretProvider, falling back to use random secrets.
2019-07-13 12:37:23,835 WARN  http.HttpRequestLog (HttpRequestLog.java:getRequestLog(97)) - Jetty request log can only be enabled using Log4j
2019-07-13 12:37:23,836 INFO  http.HttpServer2 (HttpServer2.java:addGlobalFilter(975)) - Added global filter 'safety' (class=org.apache.hadoop.http.HttpServer2$QuotingInputFilter)
2019-07-13 12:37:23,836 INFO  http.HttpServer2 (HttpServer2.java:addFilter(948)) - Added filter static_user_filter (class=org.apache.hadoop.http.lib.StaticUserWebFilter$StaticUserFilter) to context hddsDatanode
2019-07-13 12:37:23,837 INFO  http.HttpServer2 (HttpServer2.java:addFilter(958)) - Added filter static_user_filter (class=org.apache.hadoop.http.lib.StaticUserWebFilter$StaticUserFilter) to context logs
2019-07-13 12:37:23,837 INFO  http.HttpServer2 (HttpServer2.java:addFilter(958)) - Added filter static_user_filter (class=org.apache.hadoop.http.lib.StaticUserWebFilter$StaticUserFilter) to context static
2019-07-13 12:37:23,837 INFO  http.HttpServer2 (HttpServer2.java:bindListener(1191)) - Jetty bound to port 43494
2019-07-13 12:37:23,837 INFO  server.Server (Server.java:doStart(351)) - jetty-9.3.24.v20180605, build timestamp: 2018-06-05T17:11:56Z, git hash: 84205aa28f11a4f31f2a3b86d1bba2cc8ab69827
2019-07-13 12:37:23,839 INFO  handler.ContextHandler (ContextHandler.java:doStart(781)) - Started o.e.j.s.ServletContextHandler@ab5c335{/logs,file:///tmp/workdir/hadoop-ozone/integration-test/target/log,AVAILABLE}
2019-07-13 12:37:23,839 INFO  handler.ContextHandler (ContextHandler.java:doStart(781)) - Started o.e.j.s.ServletContextHandler@2ef89e43{/static,jar:file:/home/user/.m2/repository/org/apache/hadoop/hadoop-hdds-container-service/0.5.0-SNAPSHOT/hadoop-hdds-container-service-0.5.0-SNAPSHOT.jar!/webapps/static,AVAILABLE}
2019-07-13 12:37:23,865 INFO  handler.ContextHandler (ContextHandler.java:doStart(781)) - Started o.e.j.w.WebAppContext@23972e02{/,file:///tmp/jetty-0.0.0.0-43494-hddsDatanode-_-any-1733877601937449943.dir/webapp/,AVAILABLE}{/hddsDatanode}
2019-07-13 12:37:23,865 INFO  server.AbstractConnector (AbstractConnector.java:doStart(278)) - Started ServerConnector@3bea7134{HTTP/1.1,[http/1.1]}{0.0.0.0:43494}
2019-07-13 12:37:23,865 INFO  server.Server (Server.java:doStart(419)) - Started @634419ms
2019-07-13 12:37:23,867 INFO  server.BaseHttpServer (BaseHttpServer.java:updateConnectorAddress(207)) - HTTP server of HDDSDATANODE is listening at http://0.0.0.0:43494
2019-07-13 12:37:23,962 INFO  ozone.HddsDatanodeService (HddsDatanodeService.java:startPlugins(396)) - Started plug-in org.apache.hadoop.ozone.web.OzoneHddsDatanodeService@1f6c0e8a
2019-07-13 12:37:23,963 INFO  impl.MetricsSystemImpl (MetricsSystemImpl.java:init(158)) - HddsDatanode metrics system started (again)
2019-07-13 12:37:23,963 INFO  ozone.HddsDatanodeService (HddsDatanodeService.java:start(185)) - HddsDatanodeService host:trunk-nightly-q2gwj-1111726333 ip:192.168.5.181
2019-07-13 12:37:23,964 INFO  util.JvmPauseMonitor (JvmPauseMonitor.java:run(188)) - Starting JVM pause monitor
2019-07-13 12:37:23,966 INFO  datanode.InitDatanodeState (InitDatanodeState.java:persistContainerDatanodeDetails(140)) - DatanodeDetails is persisted to /tmp/workdir/hadoop-ozone/integration-test/target/test-dir/MiniOzoneClusterImpl-f238f8c9-6f68-435d-bc7a-6e3a5f15428f/datanode-3/meta/datanode.id
2019-07-13 12:37:23,975 INFO  volume.HddsVolume (HddsVolume.java:<init>(176)) - Creating Volume: /tmp/workdir/hadoop-ozone/integration-test/target/test-dir/MiniOzoneClusterImpl-f238f8c9-6f68-435d-bc7a-6e3a5f15428f/datanode-4/data/containers/hdds of  storage type : DISK and capacity : 52710309888
2019-07-13 12:37:23,975 INFO  volume.VolumeSet (VolumeSet.java:initializeVolumeSet(170)) - Added Volume : /tmp/workdir/hadoop-ozone/integration-test/target/test-dir/MiniOzoneClusterImpl-f238f8c9-6f68-435d-bc7a-6e3a5f15428f/datanode-4/data/containers/hdds to VolumeSet
2019-07-13 12:37:23,975 INFO  volume.ThrottledAsyncChecker (ThrottledAsyncChecker.java:schedule(140)) - Scheduling a check for org.apache.hadoop.ozone.container.common.volume.HddsVolume@51a3e3b4
2019-07-13 12:37:23,976 INFO  volume.HddsVolumeChecker (HddsVolumeChecker.java:checkAllVolumes(203)) - Scheduled health check for volume org.apache.hadoop.ozone.container.common.volume.HddsVolume@51a3e3b4
2019-07-13 12:37:23,988 INFO  impl.RaftServerProxy (ConfUtils.java:logGet(43)) - raft.rpc.type = GRPC (default)
2019-07-13 12:37:23,988 INFO  grpc.GrpcFactory (GrpcFactory.java:checkPooledByteBufAllocatorUseCacheForAllThreads(45)) - PERFORMANCE WARNING: useCacheForAllThreads is true that may cause Netty to create a lot garbage objects and, as a result, trigger GC.
	It is recommended to disable useCacheForAllThreads by setting -Dorg.apache.ratis.thirdparty.io.netty.allocator.useCacheForAllThreads=false in command line.
2019-07-13 12:37:23,988 INFO  grpc.GrpcConfigKeys$Server (ConfUtils.java:logGet(43)) - raft.grpc.server.port = 0 (default)
2019-07-13 12:37:23,988 INFO  server.GrpcService (ConfUtils.java:logGet(43)) - raft.grpc.message.size.max = 33570816 (custom)
2019-07-13 12:37:23,989 INFO  server.RaftServerConfigKeys (ConfUtils.java:logGet(43)) - raft.server.log.appender.buffer.byte-limit = 33554432 (custom)
2019-07-13 12:37:23,989 INFO  server.GrpcService (ConfUtils.java:logGet(43)) - raft.grpc.flow.control.window = 1MB (=1048576) (default)
2019-07-13 12:37:23,989 INFO  server.RaftServerConfigKeys (ConfUtils.java:logGet(43)) - raft.server.rpc.request.timeout = 3000ms (default)
2019-07-13 12:37:23,989 INFO  server.RaftServerConfigKeys (ConfUtils.java:logGet(43)) - raft.server.storage.dir = [/tmp/workdir/hadoop-ozone/integration-test/target/test-dir/MiniOzoneClusterImpl-f238f8c9-6f68-435d-bc7a-6e3a5f15428f/datanode-4/data/ratis] (custom)
2019-07-13 12:37:23,990 INFO  replication.SimpleContainerDownloader (SimpleContainerDownloader.java:<init>(72)) - Starting container downloader service to copy containers to replicate.
2019-07-13 12:37:23,991 INFO  hdfs.DFSUtil (DFSUtil.java:httpServerTemplateForNNAndJN(1641)) - Starting Web-server for hddsDatanode at: http://0.0.0.0:0
2019-07-13 12:37:23,992 INFO  server.AuthenticationFilter (AuthenticationFilter.java:constructSecretProvider(240)) - Unable to initialize FileSignerSecretProvider, falling back to use random secrets.
2019-07-13 12:37:23,992 WARN  http.HttpRequestLog (HttpRequestLog.java:getRequestLog(97)) - Jetty request log can only be enabled using Log4j
2019-07-13 12:37:23,993 INFO  http.HttpServer2 (HttpServer2.java:addGlobalFilter(975)) - Added global filter 'safety' (class=org.apache.hadoop.http.HttpServer2$QuotingInputFilter)
2019-07-13 12:37:23,994 INFO  http.HttpServer2 (HttpServer2.java:addFilter(948)) - Added filter static_user_filter (class=org.apache.hadoop.http.lib.StaticUserWebFilter$StaticUserFilter) to context hddsDatanode
2019-07-13 12:37:23,994 INFO  http.HttpServer2 (HttpServer2.java:addFilter(958)) - Added filter static_user_filter (class=org.apache.hadoop.http.lib.StaticUserWebFilter$StaticUserFilter) to context static
2019-07-13 12:37:23,994 INFO  http.HttpServer2 (HttpServer2.java:addFilter(958)) - Added filter static_user_filter (class=org.apache.hadoop.http.lib.StaticUserWebFilter$StaticUserFilter) to context logs
2019-07-13 12:37:23,994 INFO  http.HttpServer2 (HttpServer2.java:bindListener(1191)) - Jetty bound to port 35550
2019-07-13 12:37:23,995 INFO  server.Server (Server.java:doStart(351)) - jetty-9.3.24.v20180605, build timestamp: 2018-06-05T17:11:56Z, git hash: 84205aa28f11a4f31f2a3b86d1bba2cc8ab69827
2019-07-13 12:37:23,996 INFO  handler.ContextHandler (ContextHandler.java:doStart(781)) - Started o.e.j.s.ServletContextHandler@7cfc2a08{/logs,file:///tmp/workdir/hadoop-ozone/integration-test/target/log,AVAILABLE}
2019-07-13 12:37:23,996 INFO  handler.ContextHandler (ContextHandler.java:doStart(781)) - Started o.e.j.s.ServletContextHandler@66a5cbe5{/static,jar:file:/home/user/.m2/repository/org/apache/hadoop/hadoop-hdds-container-service/0.5.0-SNAPSHOT/hadoop-hdds-container-service-0.5.0-SNAPSHOT.jar!/webapps/static,AVAILABLE}
2019-07-13 12:37:24,022 INFO  handler.ContextHandler (ContextHandler.java:doStart(781)) - Started o.e.j.w.WebAppContext@3f514364{/,file:///tmp/jetty-0.0.0.0-35550-hddsDatanode-_-any-4922340986423846034.dir/webapp/,AVAILABLE}{/hddsDatanode}
2019-07-13 12:37:24,022 INFO  server.AbstractConnector (AbstractConnector.java:doStart(278)) - Started ServerConnector@99e03a9{HTTP/1.1,[http/1.1]}{0.0.0.0:35550}
2019-07-13 12:37:24,022 INFO  server.Server (Server.java:doStart(419)) - Started @634576ms
2019-07-13 12:37:24,024 INFO  server.BaseHttpServer (BaseHttpServer.java:updateConnectorAddress(207)) - HTTP server of HDDSDATANODE is listening at http://0.0.0.0:35550
2019-07-13 12:37:24,326 INFO  ozone.HddsDatanodeService (HddsDatanodeService.java:startPlugins(396)) - Started plug-in org.apache.hadoop.ozone.web.OzoneHddsDatanodeService@69abff1d
2019-07-13 12:37:24,326 INFO  impl.MetricsSystemImpl (MetricsSystemImpl.java:init(158)) - HddsDatanode metrics system started (again)
2019-07-13 12:37:24,327 INFO  ozone.HddsDatanodeService (HddsDatanodeService.java:start(185)) - HddsDatanodeService host:trunk-nightly-q2gwj-1111726333 ip:192.168.5.181
2019-07-13 12:37:24,328 INFO  util.JvmPauseMonitor (JvmPauseMonitor.java:run(188)) - Starting JVM pause monitor
2019-07-13 12:37:24,330 INFO  datanode.InitDatanodeState (InitDatanodeState.java:persistContainerDatanodeDetails(140)) - DatanodeDetails is persisted to /tmp/workdir/hadoop-ozone/integration-test/target/test-dir/MiniOzoneClusterImpl-f238f8c9-6f68-435d-bc7a-6e3a5f15428f/datanode-4/meta/datanode.id
2019-07-13 12:37:24,346 INFO  volume.HddsVolume (HddsVolume.java:<init>(176)) - Creating Volume: /tmp/workdir/hadoop-ozone/integration-test/target/test-dir/MiniOzoneClusterImpl-f238f8c9-6f68-435d-bc7a-6e3a5f15428f/datanode-5/data/containers/hdds of  storage type : DISK and capacity : 52710309888
2019-07-13 12:37:24,347 INFO  volume.VolumeSet (VolumeSet.java:initializeVolumeSet(170)) - Added Volume : /tmp/workdir/hadoop-ozone/integration-test/target/test-dir/MiniOzoneClusterImpl-f238f8c9-6f68-435d-bc7a-6e3a5f15428f/datanode-5/data/containers/hdds to VolumeSet
2019-07-13 12:37:24,347 INFO  volume.ThrottledAsyncChecker (ThrottledAsyncChecker.java:schedule(140)) - Scheduling a check for org.apache.hadoop.ozone.container.common.volume.HddsVolume@31e08c61
2019-07-13 12:37:24,347 INFO  volume.HddsVolumeChecker (HddsVolumeChecker.java:checkAllVolumes(203)) - Scheduled health check for volume org.apache.hadoop.ozone.container.common.volume.HddsVolume@31e08c61
2019-07-13 12:37:24,366 INFO  impl.RaftServerProxy (ConfUtils.java:logGet(43)) - raft.rpc.type = GRPC (default)
2019-07-13 12:37:24,366 INFO  grpc.GrpcFactory (GrpcFactory.java:checkPooledByteBufAllocatorUseCacheForAllThreads(45)) - PERFORMANCE WARNING: useCacheForAllThreads is true that may cause Netty to create a lot garbage objects and, as a result, trigger GC.
	It is recommended to disable useCacheForAllThreads by setting -Dorg.apache.ratis.thirdparty.io.netty.allocator.useCacheForAllThreads=false in command line.
2019-07-13 12:37:24,367 INFO  grpc.GrpcConfigKeys$Server (ConfUtils.java:logGet(43)) - raft.grpc.server.port = 0 (default)
2019-07-13 12:37:24,367 INFO  server.GrpcService (ConfUtils.java:logGet(43)) - raft.grpc.message.size.max = 33570816 (custom)
2019-07-13 12:37:24,367 INFO  server.RaftServerConfigKeys (ConfUtils.java:logGet(43)) - raft.server.log.appender.buffer.byte-limit = 33554432 (custom)
2019-07-13 12:37:24,367 INFO  server.GrpcService (ConfUtils.java:logGet(43)) - raft.grpc.flow.control.window = 1MB (=1048576) (default)
2019-07-13 12:37:24,368 INFO  server.RaftServerConfigKeys (ConfUtils.java:logGet(43)) - raft.server.rpc.request.timeout = 3000ms (default)
2019-07-13 12:37:24,368 INFO  server.RaftServerConfigKeys (ConfUtils.java:logGet(43)) - raft.server.storage.dir = [/tmp/workdir/hadoop-ozone/integration-test/target/test-dir/MiniOzoneClusterImpl-f238f8c9-6f68-435d-bc7a-6e3a5f15428f/datanode-5/data/ratis] (custom)
2019-07-13 12:37:24,369 INFO  replication.SimpleContainerDownloader (SimpleContainerDownloader.java:<init>(72)) - Starting container downloader service to copy containers to replicate.
2019-07-13 12:37:24,370 INFO  hdfs.DFSUtil (DFSUtil.java:httpServerTemplateForNNAndJN(1641)) - Starting Web-server for hddsDatanode at: http://0.0.0.0:0
2019-07-13 12:37:24,372 INFO  server.AuthenticationFilter (AuthenticationFilter.java:constructSecretProvider(240)) - Unable to initialize FileSignerSecretProvider, falling back to use random secrets.
2019-07-13 12:37:24,373 WARN  http.HttpRequestLog (HttpRequestLog.java:getRequestLog(97)) - Jetty request log can only be enabled using Log4j
2019-07-13 12:37:24,375 INFO  http.HttpServer2 (HttpServer2.java:addGlobalFilter(975)) - Added global filter 'safety' (class=org.apache.hadoop.http.HttpServer2$QuotingInputFilter)
2019-07-13 12:37:24,375 INFO  http.HttpServer2 (HttpServer2.java:addFilter(948)) - Added filter static_user_filter (class=org.apache.hadoop.http.lib.StaticUserWebFilter$StaticUserFilter) to context hddsDatanode
2019-07-13 12:37:24,375 INFO  http.HttpServer2 (HttpServer2.java:addFilter(958)) - Added filter static_user_filter (class=org.apache.hadoop.http.lib.StaticUserWebFilter$StaticUserFilter) to context static
2019-07-13 12:37:24,376 INFO  http.HttpServer2 (HttpServer2.java:addFilter(958)) - Added filter static_user_filter (class=org.apache.hadoop.http.lib.StaticUserWebFilter$StaticUserFilter) to context logs
2019-07-13 12:37:24,377 INFO  http.HttpServer2 (HttpServer2.java:bindListener(1191)) - Jetty bound to port 41626
2019-07-13 12:37:24,377 INFO  server.Server (Server.java:doStart(351)) - jetty-9.3.24.v20180605, build timestamp: 2018-06-05T17:11:56Z, git hash: 84205aa28f11a4f31f2a3b86d1bba2cc8ab69827
2019-07-13 12:37:24,379 INFO  handler.ContextHandler (ContextHandler.java:doStart(781)) - Started o.e.j.s.ServletContextHandler@495c3d15{/logs,file:///tmp/workdir/hadoop-ozone/integration-test/target/log,AVAILABLE}
2019-07-13 12:37:24,379 INFO  handler.ContextHandler (ContextHandler.java:doStart(781)) - Started o.e.j.s.ServletContextHandler@6ab56a77{/static,jar:file:/home/user/.m2/repository/org/apache/hadoop/hadoop-hdds-container-service/0.5.0-SNAPSHOT/hadoop-hdds-container-service-0.5.0-SNAPSHOT.jar!/webapps/static,AVAILABLE}
2019-07-13 12:37:24,420 INFO  handler.ContextHandler (ContextHandler.java:doStart(781)) - Started o.e.j.w.WebAppContext@25dc8147{/,file:///tmp/jetty-0.0.0.0-41626-hddsDatanode-_-any-3320146884549305563.dir/webapp/,AVAILABLE}{/hddsDatanode}
2019-07-13 12:37:24,420 INFO  server.AbstractConnector (AbstractConnector.java:doStart(278)) - Started ServerConnector@5aeb2c8a{HTTP/1.1,[http/1.1]}{0.0.0.0:41626}
2019-07-13 12:37:24,422 INFO  server.Server (Server.java:doStart(419)) - Started @634975ms
2019-07-13 12:37:24,422 INFO  server.BaseHttpServer (BaseHttpServer.java:updateConnectorAddress(207)) - HTTP server of HDDSDATANODE is listening at http://0.0.0.0:41626
2019-07-13 12:37:24,527 INFO  ozone.HddsDatanodeService (HddsDatanodeService.java:startPlugins(396)) - Started plug-in org.apache.hadoop.ozone.web.OzoneHddsDatanodeService@3656a6cd
2019-07-13 12:37:24,528 INFO  impl.MetricsSystemImpl (MetricsSystemImpl.java:init(158)) - HddsDatanode metrics system started (again)
2019-07-13 12:37:24,528 INFO  ozone.HddsDatanodeService (HddsDatanodeService.java:start(185)) - HddsDatanodeService host:trunk-nightly-q2gwj-1111726333 ip:192.168.5.181
2019-07-13 12:37:24,529 INFO  util.JvmPauseMonitor (JvmPauseMonitor.java:run(188)) - Starting JVM pause monitor
2019-07-13 12:37:24,531 INFO  datanode.InitDatanodeState (InitDatanodeState.java:persistContainerDatanodeDetails(140)) - DatanodeDetails is persisted to /tmp/workdir/hadoop-ozone/integration-test/target/test-dir/MiniOzoneClusterImpl-f238f8c9-6f68-435d-bc7a-6e3a5f15428f/datanode-5/meta/datanode.id
2019-07-13 12:37:24,541 INFO  volume.HddsVolume (HddsVolume.java:<init>(176)) - Creating Volume: /tmp/workdir/hadoop-ozone/integration-test/target/test-dir/MiniOzoneClusterImpl-f238f8c9-6f68-435d-bc7a-6e3a5f15428f/datanode-6/data/containers/hdds of  storage type : DISK and capacity : 52710309888
2019-07-13 12:37:24,541 INFO  volume.VolumeSet (VolumeSet.java:initializeVolumeSet(170)) - Added Volume : /tmp/workdir/hadoop-ozone/integration-test/target/test-dir/MiniOzoneClusterImpl-f238f8c9-6f68-435d-bc7a-6e3a5f15428f/datanode-6/data/containers/hdds to VolumeSet
2019-07-13 12:37:24,541 INFO  volume.ThrottledAsyncChecker (ThrottledAsyncChecker.java:schedule(140)) - Scheduling a check for org.apache.hadoop.ozone.container.common.volume.HddsVolume@311683ea
2019-07-13 12:37:24,542 INFO  volume.HddsVolumeChecker (HddsVolumeChecker.java:checkAllVolumes(203)) - Scheduled health check for volume org.apache.hadoop.ozone.container.common.volume.HddsVolume@311683ea
2019-07-13 12:37:24,563 INFO  impl.RaftServerProxy (ConfUtils.java:logGet(43)) - raft.rpc.type = GRPC (default)
2019-07-13 12:37:24,564 INFO  grpc.GrpcFactory (GrpcFactory.java:checkPooledByteBufAllocatorUseCacheForAllThreads(45)) - PERFORMANCE WARNING: useCacheForAllThreads is true that may cause Netty to create a lot garbage objects and, as a result, trigger GC.
	It is recommended to disable useCacheForAllThreads by setting -Dorg.apache.ratis.thirdparty.io.netty.allocator.useCacheForAllThreads=false in command line.
2019-07-13 12:37:24,564 INFO  grpc.GrpcConfigKeys$Server (ConfUtils.java:logGet(43)) - raft.grpc.server.port = 0 (default)
2019-07-13 12:37:24,564 INFO  server.GrpcService (ConfUtils.java:logGet(43)) - raft.grpc.message.size.max = 33570816 (custom)
2019-07-13 12:37:24,564 INFO  server.RaftServerConfigKeys (ConfUtils.java:logGet(43)) - raft.server.log.appender.buffer.byte-limit = 33554432 (custom)
2019-07-13 12:37:24,564 INFO  server.GrpcService (ConfUtils.java:logGet(43)) - raft.grpc.flow.control.window = 1MB (=1048576) (default)
2019-07-13 12:37:24,564 INFO  server.RaftServerConfigKeys (ConfUtils.java:logGet(43)) - raft.server.rpc.request.timeout = 3000ms (default)
2019-07-13 12:37:24,565 INFO  server.RaftServerConfigKeys (ConfUtils.java:logGet(43)) - raft.server.storage.dir = [/tmp/workdir/hadoop-ozone/integration-test/target/test-dir/MiniOzoneClusterImpl-f238f8c9-6f68-435d-bc7a-6e3a5f15428f/datanode-6/data/ratis] (custom)
2019-07-13 12:37:24,565 INFO  replication.SimpleContainerDownloader (SimpleContainerDownloader.java:<init>(72)) - Starting container downloader service to copy containers to replicate.
2019-07-13 12:37:24,566 INFO  hdfs.DFSUtil (DFSUtil.java:httpServerTemplateForNNAndJN(1641)) - Starting Web-server for hddsDatanode at: http://0.0.0.0:0
2019-07-13 12:37:24,567 INFO  server.AuthenticationFilter (AuthenticationFilter.java:constructSecretProvider(240)) - Unable to initialize FileSignerSecretProvider, falling back to use random secrets.
2019-07-13 12:37:24,568 WARN  http.HttpRequestLog (HttpRequestLog.java:getRequestLog(97)) - Jetty request log can only be enabled using Log4j
2019-07-13 12:37:24,569 INFO  http.HttpServer2 (HttpServer2.java:addGlobalFilter(975)) - Added global filter 'safety' (class=org.apache.hadoop.http.HttpServer2$QuotingInputFilter)
2019-07-13 12:37:24,569 INFO  http.HttpServer2 (HttpServer2.java:addFilter(948)) - Added filter static_user_filter (class=org.apache.hadoop.http.lib.StaticUserWebFilter$StaticUserFilter) to context hddsDatanode
2019-07-13 12:37:24,569 INFO  http.HttpServer2 (HttpServer2.java:addFilter(958)) - Added filter static_user_filter (class=org.apache.hadoop.http.lib.StaticUserWebFilter$StaticUserFilter) to context logs
2019-07-13 12:37:24,569 INFO  http.HttpServer2 (HttpServer2.java:addFilter(958)) - Added filter static_user_filter (class=org.apache.hadoop.http.lib.StaticUserWebFilter$StaticUserFilter) to context static
2019-07-13 12:37:24,570 INFO  http.HttpServer2 (HttpServer2.java:bindListener(1191)) - Jetty bound to port 45300
2019-07-13 12:37:24,570 INFO  server.Server (Server.java:doStart(351)) - jetty-9.3.24.v20180605, build timestamp: 2018-06-05T17:11:56Z, git hash: 84205aa28f11a4f31f2a3b86d1bba2cc8ab69827
2019-07-13 12:37:24,571 INFO  handler.ContextHandler (ContextHandler.java:doStart(781)) - Started o.e.j.s.ServletContextHandler@5b1295c0{/logs,file:///tmp/workdir/hadoop-ozone/integration-test/target/log,AVAILABLE}
2019-07-13 12:37:24,572 INFO  handler.ContextHandler (ContextHandler.java:doStart(781)) - Started o.e.j.s.ServletContextHandler@45bb5862{/static,jar:file:/home/user/.m2/repository/org/apache/hadoop/hadoop-hdds-container-service/0.5.0-SNAPSHOT/hadoop-hdds-container-service-0.5.0-SNAPSHOT.jar!/webapps/static,AVAILABLE}
2019-07-13 12:37:24,597 INFO  handler.ContextHandler (ContextHandler.java:doStart(781)) - Started o.e.j.w.WebAppContext@4d92e9da{/,file:///tmp/jetty-0.0.0.0-45300-hddsDatanode-_-any-7323646507286887428.dir/webapp/,AVAILABLE}{/hddsDatanode}
2019-07-13 12:37:24,598 INFO  server.AbstractConnector (AbstractConnector.java:doStart(278)) - Started ServerConnector@1baef878{HTTP/1.1,[http/1.1]}{0.0.0.0:45300}
2019-07-13 12:37:24,598 INFO  server.Server (Server.java:doStart(419)) - Started @635151ms
2019-07-13 12:37:24,600 INFO  server.BaseHttpServer (BaseHttpServer.java:updateConnectorAddress(207)) - HTTP server of HDDSDATANODE is listening at http://0.0.0.0:45300
2019-07-13 12:37:24,719 INFO  ozone.HddsDatanodeService (HddsDatanodeService.java:startPlugins(396)) - Started plug-in org.apache.hadoop.ozone.web.OzoneHddsDatanodeService@4c19b0a8
2019-07-13 12:37:24,720 INFO  ozone.MiniOzoneClusterImpl (MiniOzoneClusterImpl.java:lambda$waitForClusterToBeReady$0(142)) - Waiting for cluster to be ready. Got 0 of 7 DN Heartbeats.
2019-07-13 12:37:24,722 INFO  util.JvmPauseMonitor (JvmPauseMonitor.java:run(188)) - Starting JVM pause monitor
2019-07-13 12:37:24,724 INFO  datanode.InitDatanodeState (InitDatanodeState.java:persistContainerDatanodeDetails(140)) - DatanodeDetails is persisted to /tmp/workdir/hadoop-ozone/integration-test/target/test-dir/MiniOzoneClusterImpl-f238f8c9-6f68-435d-bc7a-6e3a5f15428f/datanode-6/meta/datanode.id
2019-07-13 12:37:25,500 INFO  ozoneimpl.OzoneContainer (OzoneContainer.java:start(186)) - Attempting to start container services.
2019-07-13 12:37:25,500 INFO  ozoneimpl.OzoneContainer (OzoneContainer.java:startContainerScrub(160)) - Background container scrubber has been disabled by hdds.containerscrub.enabled
2019-07-13 12:37:25,500 INFO  ratis.XceiverServerRatis (XceiverServerRatis.java:start(418)) - Starting XceiverServerRatis d8d2f301-6e83-417c-9259-177b517f1750 at port 0
2019-07-13 12:37:25,510 INFO  impl.RaftServerProxy (RaftServerProxy.java:lambda$start$3(299)) - d8d2f301-6e83-417c-9259-177b517f1750: start RPC server
2019-07-13 12:37:25,512 INFO  server.GrpcService (GrpcService.java:startImpl(149)) - d8d2f301-6e83-417c-9259-177b517f1750: GrpcService started, listening on 0.0.0.0/0.0.0.0:38218
2019-07-13 12:37:25,512 INFO  ratis.XceiverServerRatis (XceiverServerRatis.java:start(428)) - XceiverServerRatis d8d2f301-6e83-417c-9259-177b517f1750 is started using port 38218
2019-07-13 12:37:25,513 INFO  server.XceiverServerGrpc (XceiverServerGrpc.java:start(161)) - XceiverServerGrpc d8d2f301-6e83-417c-9259-177b517f1750 is started using port 41883
2019-07-13 12:37:25,658 INFO  ozoneimpl.OzoneContainer (OzoneContainer.java:start(186)) - Attempting to start container services.
2019-07-13 12:37:25,658 INFO  ozoneimpl.OzoneContainer (OzoneContainer.java:startContainerScrub(160)) - Background container scrubber has been disabled by hdds.containerscrub.enabled
2019-07-13 12:37:25,658 INFO  ratis.XceiverServerRatis (XceiverServerRatis.java:start(418)) - Starting XceiverServerRatis fbc434c9-ed63-4aa3-abea-d0e122c0a7f1 at port 0
2019-07-13 12:37:25,668 INFO  impl.RaftServerProxy (RaftServerProxy.java:lambda$start$3(299)) - fbc434c9-ed63-4aa3-abea-d0e122c0a7f1: start RPC server
2019-07-13 12:37:25,668 INFO  server.GrpcService (GrpcService.java:startImpl(149)) - fbc434c9-ed63-4aa3-abea-d0e122c0a7f1: GrpcService started, listening on 0.0.0.0/0.0.0.0:38045
2019-07-13 12:37:25,669 INFO  ratis.XceiverServerRatis (XceiverServerRatis.java:start(428)) - XceiverServerRatis fbc434c9-ed63-4aa3-abea-d0e122c0a7f1 is started using port 38045
2019-07-13 12:37:25,669 INFO  server.XceiverServerGrpc (XceiverServerGrpc.java:start(161)) - XceiverServerGrpc fbc434c9-ed63-4aa3-abea-d0e122c0a7f1 is started using port 37127
2019-07-13 12:37:25,720 INFO  ozone.MiniOzoneClusterImpl (MiniOzoneClusterImpl.java:lambda$waitForClusterToBeReady$0(142)) - Waiting for cluster to be ready. Got 0 of 7 DN Heartbeats.
2019-07-13 12:37:25,812 INFO  ozoneimpl.OzoneContainer (OzoneContainer.java:start(186)) - Attempting to start container services.
2019-07-13 12:37:25,813 INFO  ozoneimpl.OzoneContainer (OzoneContainer.java:startContainerScrub(160)) - Background container scrubber has been disabled by hdds.containerscrub.enabled
2019-07-13 12:37:25,813 INFO  ratis.XceiverServerRatis (XceiverServerRatis.java:start(418)) - Starting XceiverServerRatis c87b7a49-17c5-4210-9f71-f69682532099 at port 0
2019-07-13 12:37:25,823 INFO  impl.RaftServerProxy (RaftServerProxy.java:lambda$start$3(299)) - c87b7a49-17c5-4210-9f71-f69682532099: start RPC server
2019-07-13 12:37:25,824 INFO  server.GrpcService (GrpcService.java:startImpl(149)) - c87b7a49-17c5-4210-9f71-f69682532099: GrpcService started, listening on 0.0.0.0/0.0.0.0:34674
2019-07-13 12:37:25,824 INFO  ratis.XceiverServerRatis (XceiverServerRatis.java:start(428)) - XceiverServerRatis c87b7a49-17c5-4210-9f71-f69682532099 is started using port 34674
2019-07-13 12:37:25,836 INFO  server.XceiverServerGrpc (XceiverServerGrpc.java:start(161)) - XceiverServerGrpc c87b7a49-17c5-4210-9f71-f69682532099 is started using port 39714
2019-07-13 12:37:25,976 INFO  ozoneimpl.OzoneContainer (OzoneContainer.java:start(186)) - Attempting to start container services.
2019-07-13 12:37:25,977 INFO  ozoneimpl.OzoneContainer (OzoneContainer.java:startContainerScrub(160)) - Background container scrubber has been disabled by hdds.containerscrub.enabled
2019-07-13 12:37:25,977 INFO  ratis.XceiverServerRatis (XceiverServerRatis.java:start(418)) - Starting XceiverServerRatis 7c7a445e-d815-4048-bc30-41877607b145 at port 0
2019-07-13 12:37:25,986 INFO  impl.RaftServerProxy (RaftServerProxy.java:lambda$start$3(299)) - 7c7a445e-d815-4048-bc30-41877607b145: start RPC server
2019-07-13 12:37:25,987 INFO  server.GrpcService (GrpcService.java:startImpl(149)) - 7c7a445e-d815-4048-bc30-41877607b145: GrpcService started, listening on 0.0.0.0/0.0.0.0:32937
2019-07-13 12:37:25,987 INFO  ratis.XceiverServerRatis (XceiverServerRatis.java:start(428)) - XceiverServerRatis 7c7a445e-d815-4048-bc30-41877607b145 is started using port 32937
2019-07-13 12:37:25,989 INFO  server.XceiverServerGrpc (XceiverServerGrpc.java:start(161)) - XceiverServerGrpc 7c7a445e-d815-4048-bc30-41877607b145 is started using port 32906
2019-07-13 12:37:26,342 INFO  ozoneimpl.OzoneContainer (OzoneContainer.java:start(186)) - Attempting to start container services.
2019-07-13 12:37:26,342 INFO  ozoneimpl.OzoneContainer (OzoneContainer.java:startContainerScrub(160)) - Background container scrubber has been disabled by hdds.containerscrub.enabled
2019-07-13 12:37:26,343 INFO  ratis.XceiverServerRatis (XceiverServerRatis.java:start(418)) - Starting XceiverServerRatis b012e42f-9c95-466d-840f-be23eeb33af9 at port 0
2019-07-13 12:37:26,352 INFO  impl.RaftServerProxy (RaftServerProxy.java:lambda$start$3(299)) - b012e42f-9c95-466d-840f-be23eeb33af9: start RPC server
2019-07-13 12:37:26,355 INFO  server.GrpcService (GrpcService.java:startImpl(149)) - b012e42f-9c95-466d-840f-be23eeb33af9: GrpcService started, listening on 0.0.0.0/0.0.0.0:33283
2019-07-13 12:37:26,355 INFO  ratis.XceiverServerRatis (XceiverServerRatis.java:start(428)) - XceiverServerRatis b012e42f-9c95-466d-840f-be23eeb33af9 is started using port 33283
2019-07-13 12:37:26,355 INFO  server.XceiverServerGrpc (XceiverServerGrpc.java:start(161)) - XceiverServerGrpc b012e42f-9c95-466d-840f-be23eeb33af9 is started using port 39370
2019-07-13 12:37:26,543 INFO  ozoneimpl.OzoneContainer (OzoneContainer.java:start(186)) - Attempting to start container services.
2019-07-13 12:37:26,543 INFO  ozoneimpl.OzoneContainer (OzoneContainer.java:startContainerScrub(160)) - Background container scrubber has been disabled by hdds.containerscrub.enabled
2019-07-13 12:37:26,544 INFO  ratis.XceiverServerRatis (XceiverServerRatis.java:start(418)) - Starting XceiverServerRatis 5192ca16-d261-458a-b2b0-5884a2408506 at port 0
2019-07-13 12:37:26,554 INFO  impl.RaftServerProxy (RaftServerProxy.java:lambda$start$3(299)) - 5192ca16-d261-458a-b2b0-5884a2408506: start RPC server
2019-07-13 12:37:26,557 INFO  server.GrpcService (GrpcService.java:startImpl(149)) - 5192ca16-d261-458a-b2b0-5884a2408506: GrpcService started, listening on 0.0.0.0/0.0.0.0:44410
2019-07-13 12:37:26,557 INFO  ratis.XceiverServerRatis (XceiverServerRatis.java:start(428)) - XceiverServerRatis 5192ca16-d261-458a-b2b0-5884a2408506 is started using port 44410
2019-07-13 12:37:26,557 INFO  server.XceiverServerGrpc (XceiverServerGrpc.java:start(161)) - XceiverServerGrpc 5192ca16-d261-458a-b2b0-5884a2408506 is started using port 37412
2019-07-13 12:37:26,721 INFO  ozone.MiniOzoneClusterImpl (MiniOzoneClusterImpl.java:lambda$waitForClusterToBeReady$0(142)) - Waiting for cluster to be ready. Got 0 of 7 DN Heartbeats.
2019-07-13 12:37:26,727 INFO  ozoneimpl.OzoneContainer (OzoneContainer.java:start(186)) - Attempting to start container services.
2019-07-13 12:37:26,727 INFO  ozoneimpl.OzoneContainer (OzoneContainer.java:startContainerScrub(160)) - Background container scrubber has been disabled by hdds.containerscrub.enabled
2019-07-13 12:37:26,727 INFO  ratis.XceiverServerRatis (XceiverServerRatis.java:start(418)) - Starting XceiverServerRatis 3e264181-76eb-489e-af50-f97bd83653c1 at port 0
2019-07-13 12:37:26,737 INFO  impl.RaftServerProxy (RaftServerProxy.java:lambda$start$3(299)) - 3e264181-76eb-489e-af50-f97bd83653c1: start RPC server
2019-07-13 12:37:26,739 INFO  server.GrpcService (GrpcService.java:startImpl(149)) - 3e264181-76eb-489e-af50-f97bd83653c1: GrpcService started, listening on 0.0.0.0/0.0.0.0:36913
2019-07-13 12:37:26,740 INFO  ratis.XceiverServerRatis (XceiverServerRatis.java:start(428)) - XceiverServerRatis 3e264181-76eb-489e-af50-f97bd83653c1 is started using port 36913
2019-07-13 12:37:26,754 INFO  server.XceiverServerGrpc (XceiverServerGrpc.java:start(161)) - XceiverServerGrpc 3e264181-76eb-489e-af50-f97bd83653c1 is started using port 34796
2019-07-13 12:37:27,490 INFO  net.NetworkTopology (NetworkTopologyImpl.java:add(110)) - Added a new node: /default-rack/192.168.5.181
2019-07-13 12:37:27,493 INFO  node.SCMNodeManager (SCMNodeManager.java:register(269)) - Registered Data node : d8d2f301-6e83-417c-9259-177b517f1750{ip: 192.168.5.181, host: trunk-nightly-q2gwj-1111726333, networkLocation: /default-rack, certSerialId: null}
2019-07-13 12:37:27,494 INFO  safemode.SCMSafeModeManager (DataNodeSafeModeRule.java:process(71)) - SCM in safe mode. 1 DataNodes registered, 1 required.
2019-07-13 12:37:27,497 INFO  safemode.SCMSafeModeManager (SCMSafeModeManager.java:validateSafeModeExitRules(177)) - ScmSafeModeManager, all rules are successfully validated
2019-07-13 12:37:27,497 INFO  safemode.SCMSafeModeManager (SCMSafeModeManager.java:exitSafeMode(193)) - SCM exiting safe mode.
2019-07-13 12:37:27,507 INFO  impl.RaftServerProxy (RaftServerProxy.java:addNew(89)) - d8d2f301-6e83-417c-9259-177b517f1750: addNew group-A0F518D65588:[d8d2f301-6e83-417c-9259-177b517f1750:192.168.5.181:38218] returns group-A0F518D65588:java.util.concurrent.CompletableFuture@7f3bc3fa[Not completed]
2019-07-13 12:37:27,508 INFO  impl.RaftServerImpl (RaftServerImpl.java:<init>(93)) - d8d2f301-6e83-417c-9259-177b517f1750: new RaftServerImpl for group-A0F518D65588:[d8d2f301-6e83-417c-9259-177b517f1750:192.168.5.181:38218] with ContainerStateMachine:uninitialized
2019-07-13 12:37:27,509 INFO  server.RaftServerConfigKeys (ConfUtils.java:logGet(43)) - raft.server.rpc.timeout.min = 5s (custom)
2019-07-13 12:37:27,509 INFO  server.RaftServerConfigKeys (ConfUtils.java:logGet(43)) - raft.server.rpc.timeout.max = 5200ms (custom)
2019-07-13 12:37:27,509 INFO  server.RaftServerConfigKeys (ConfUtils.java:logGet(43)) - raft.server.rpcslowness.timeout = 120s (custom)
2019-07-13 12:37:27,509 INFO  server.RaftServerConfigKeys (ConfUtils.java:logGet(43)) - raft.server.sleep.deviation.threshold = 300 (default)
2019-07-13 12:37:27,509 INFO  server.RaftServerConfigKeys (ConfUtils.java:logGet(43)) - raft.server.log.appender.install.snapshot.enabled = false (custom)
2019-07-13 12:37:27,510 INFO  impl.RaftServerImpl (ServerState.java:<init>(105)) - d8d2f301-6e83-417c-9259-177b517f1750:group-A0F518D65588 ConfigurationManager, init=-1: [d8d2f301-6e83-417c-9259-177b517f1750:192.168.5.181:38218], old=null, confs=<EMPTY_MAP>
2019-07-13 12:37:27,510 INFO  server.RaftServerConfigKeys (ConfUtils.java:logGet(43)) - raft.server.storage.dir = [/tmp/workdir/hadoop-ozone/integration-test/target/test-dir/MiniOzoneClusterImpl-f238f8c9-6f68-435d-bc7a-6e3a5f15428f/datanode-0/data/ratis] (custom)
2019-07-13 12:37:27,511 INFO  storage.RaftStorageDirectory (RaftStorageDirectory.java:analyzeStorage(246)) - The storage directory /tmp/workdir/hadoop-ozone/integration-test/target/test-dir/MiniOzoneClusterImpl-f238f8c9-6f68-435d-bc7a-6e3a5f15428f/datanode-0/data/ratis/1d41ffb0-57ff-4ac6-af9a-a0f518d65588 does not exist. Creating ...
2019-07-13 12:37:27,527 INFO  storage.RaftStorageDirectory (RaftStorageDirectory.java:tryLock(328)) - Lock on /tmp/workdir/hadoop-ozone/integration-test/target/test-dir/MiniOzoneClusterImpl-f238f8c9-6f68-435d-bc7a-6e3a5f15428f/datanode-0/data/ratis/1d41ffb0-57ff-4ac6-af9a-a0f518d65588/in_use.lock acquired by nodename 32027@trunk-nightly-q2gwj-1111726333
2019-07-13 12:37:27,530 INFO  storage.RaftStorage (RaftStorage.java:format(72)) - Storage directory /tmp/workdir/hadoop-ozone/integration-test/target/test-dir/MiniOzoneClusterImpl-f238f8c9-6f68-435d-bc7a-6e3a5f15428f/datanode-0/data/ratis/1d41ffb0-57ff-4ac6-af9a-a0f518d65588 has been successfully formatted.
2019-07-13 12:37:27,531 INFO  ratis.ContainerStateMachine (ContainerStateMachine.java:loadSnapshot(200)) - The snapshot info is null.Setting the last applied index to:(t:0, i:~)
2019-07-13 12:37:27,531 INFO  server.RaftServerConfigKeys (ConfUtils.java:logGet(43)) - raft.server.leader.election.timeout = 120s (custom)
2019-07-13 12:37:27,531 INFO  server.RaftServerConfigKeys (ConfUtils.java:logGet(43)) - raft.server.log.use.memory = false (default)
2019-07-13 12:37:27,531 INFO  server.RaftServerConfigKeys (ConfUtils.java:logGet(43)) - raft.server.log.purge.gap = 1000000000 (custom)
2019-07-13 12:37:27,532 INFO  server.RaftServerConfigKeys (ConfUtils.java:logGet(43)) - raft.server.log.appender.buffer.byte-limit = 33554432 (custom)
2019-07-13 12:37:27,532 INFO  server.RaftServerConfigKeys (ConfUtils.java:logGet(43)) - raft.server.log.segment.size.max = 1048576 (custom)
2019-07-13 12:37:27,532 INFO  server.RaftServerConfigKeys (ConfUtils.java:logGet(43)) - raft.server.log.segment.cache.num.max = 2 (custom)
2019-07-13 12:37:27,532 INFO  segmented.SegmentedRaftLogWorker (SegmentedRaftLogWorker.java:<init>(172)) - new d8d2f301-6e83-417c-9259-177b517f1750-SegmentedRaftLogWorker:Storage Directory /tmp/workdir/hadoop-ozone/integration-test/target/test-dir/MiniOzoneClusterImpl-f238f8c9-6f68-435d-bc7a-6e3a5f15428f/datanode-0/data/ratis/1d41ffb0-57ff-4ac6-af9a-a0f518d65588 for RaftStorage:Storage Directory /tmp/workdir/hadoop-ozone/integration-test/target/test-dir/MiniOzoneClusterImpl-f238f8c9-6f68-435d-bc7a-6e3a5f15428f/datanode-0/data/ratis/1d41ffb0-57ff-4ac6-af9a-a0f518d65588
2019-07-13 12:37:27,533 INFO  server.RaftServerConfigKeys (ConfUtils.java:logGet(43)) - raft.server.log.queue.byte-limit = 2147483647 (custom)
2019-07-13 12:37:27,533 INFO  server.RaftServerConfigKeys (ConfUtils.java:logGet(43)) - raft.server.log.queue.element-limit = 1024 (custom)
2019-07-13 12:37:27,533 INFO  server.RaftServerConfigKeys (ConfUtils.java:logGet(43)) - raft.server.log.segment.size.max = 1048576 (custom)
2019-07-13 12:37:27,533 INFO  server.RaftServerConfigKeys (ConfUtils.java:logGet(43)) - raft.server.log.preallocated.size = 16384 (custom)
2019-07-13 12:37:27,533 INFO  server.RaftServerConfigKeys (ConfUtils.java:logGet(43)) - raft.server.log.write.buffer.size = 33554432 (custom)
2019-07-13 12:37:27,534 INFO  server.RaftServerConfigKeys (ConfUtils.java:logGet(43)) - raft.server.log.force.sync.num = 128 (default)
2019-07-13 12:37:27,534 INFO  server.RaftServerConfigKeys (ConfUtils.java:logGet(43)) - raft.server.log.statemachine.data.sync = true (default)
2019-07-13 12:37:27,534 INFO  server.RaftServerConfigKeys (ConfUtils.java:logGet(43)) - raft.server.log.statemachine.data.sync.timeout = 10s (default)
2019-07-13 12:37:27,534 INFO  server.RaftServerConfigKeys (ConfUtils.java:logGet(43)) - raft.server.log.statemachine.data.sync.timeout.retry = -1 (default)
2019-07-13 12:37:27,535 INFO  server.RaftServerConfigKeys (ConfUtils.java:logGet(43)) - raft.server.log.statemachine.data.caching.enabled = true (custom)
2019-07-13 12:37:27,535 INFO  segmented.SegmentedRaftLogWorker (SegmentedRaftLogWorker.java:lambda$new$0(132)) - d8d2f301-6e83-417c-9259-177b517f1750-SegmentedRaftLogWorker:Storage Directory /tmp/workdir/hadoop-ozone/integration-test/target/test-dir/MiniOzoneClusterImpl-f238f8c9-6f68-435d-bc7a-6e3a5f15428f/datanode-0/data/ratis/1d41ffb0-57ff-4ac6-af9a-a0f518d65588: flushIndex: setUnconditionally 0 -> -1
2019-07-13 12:37:27,535 INFO  server.RaftServerConfigKeys (ConfUtils.java:logGet(43)) - raft.server.snapshot.auto.trigger.enabled = true (custom)
2019-07-13 12:37:27,536 INFO  server.RaftServerConfigKeys (ConfUtils.java:logGet(43)) - raft.server.snapshot.auto.trigger.threshold = 10000 (custom)
2019-07-13 12:37:27,536 INFO  server.RaftServerConfigKeys (ConfUtils.java:logGet(43)) - raft.server.retrycache.expirytime = 600000ms (custom)
2019-07-13 12:37:27,536 INFO  impl.RaftServerImpl (RaftServerImpl.java:start(180)) - d8d2f301-6e83-417c-9259-177b517f1750: start group-A0F518D65588
2019-07-13 12:37:27,536 INFO  impl.RaftServerImpl (RaftServerImpl.java:setRole(171)) - d8d2f301-6e83-417c-9259-177b517f1750:group-A0F518D65588 changes role from null to FOLLOWER at term 0 for startAsFollower
2019-07-13 12:37:27,536 INFO  impl.RoleInfo (RoleInfo.java:updateAndGet(143)) - d8d2f301-6e83-417c-9259-177b517f1750: start FollowerState
2019-07-13 12:37:27,538 INFO  util.JmxRegister (JmxRegister.java:tryRegister(44)) - Successfully registered JMX Bean with object name Ratis:service=RaftServer,group=group-A0F518D65588,id=d8d2f301-6e83-417c-9259-177b517f1750
2019-07-13 12:37:27,543 INFO  pipeline.PipelineStateManager (PipelineStateManager.java:addPipeline(56)) - Created pipeline Pipeline[ Id: 1d41ffb0-57ff-4ac6-af9a-a0f518d65588, Nodes: d8d2f301-6e83-417c-9259-177b517f1750{ip: 192.168.5.181, host: trunk-nightly-q2gwj-1111726333, networkLocation: /default-rack, certSerialId: null}, Type:RATIS, Factor:ONE, State:OPEN]
2019-07-13 12:37:27,644 INFO  node.SCMNodeManager (SCMNodeManager.java:register(269)) - Registered Data node : fbc434c9-ed63-4aa3-abea-d0e122c0a7f1{ip: 192.168.5.181, host: trunk-nightly-q2gwj-1111726333, networkLocation: /default-rack, certSerialId: null}
2019-07-13 12:37:27,651 INFO  impl.RaftServerProxy (RaftServerProxy.java:addNew(89)) - fbc434c9-ed63-4aa3-abea-d0e122c0a7f1: addNew group-0E48DC912DF3:[fbc434c9-ed63-4aa3-abea-d0e122c0a7f1:192.168.5.181:38045] returns group-0E48DC912DF3:java.util.concurrent.CompletableFuture@1222f04d[Not completed]
2019-07-13 12:37:27,652 INFO  impl.RaftServerImpl (RaftServerImpl.java:<init>(93)) - fbc434c9-ed63-4aa3-abea-d0e122c0a7f1: new RaftServerImpl for group-0E48DC912DF3:[fbc434c9-ed63-4aa3-abea-d0e122c0a7f1:192.168.5.181:38045] with ContainerStateMachine:uninitialized
2019-07-13 12:37:27,652 INFO  server.RaftServerConfigKeys (ConfUtils.java:logGet(43)) - raft.server.rpc.timeout.min = 5s (custom)
2019-07-13 12:37:27,652 INFO  server.RaftServerConfigKeys (ConfUtils.java:logGet(43)) - raft.server.rpc.timeout.max = 5200ms (custom)
2019-07-13 12:37:27,652 INFO  server.RaftServerConfigKeys (ConfUtils.java:logGet(43)) - raft.server.rpcslowness.timeout = 120s (custom)
2019-07-13 12:37:27,653 INFO  server.RaftServerConfigKeys (ConfUtils.java:logGet(43)) - raft.server.sleep.deviation.threshold = 300 (default)
2019-07-13 12:37:27,653 INFO  server.RaftServerConfigKeys (ConfUtils.java:logGet(43)) - raft.server.log.appender.install.snapshot.enabled = false (custom)
2019-07-13 12:37:27,653 INFO  impl.RaftServerImpl (ServerState.java:<init>(105)) - fbc434c9-ed63-4aa3-abea-d0e122c0a7f1:group-0E48DC912DF3 ConfigurationManager, init=-1: [fbc434c9-ed63-4aa3-abea-d0e122c0a7f1:192.168.5.181:38045], old=null, confs=<EMPTY_MAP>
2019-07-13 12:37:27,653 INFO  server.RaftServerConfigKeys (ConfUtils.java:logGet(43)) - raft.server.storage.dir = [/tmp/workdir/hadoop-ozone/integration-test/target/test-dir/MiniOzoneClusterImpl-f238f8c9-6f68-435d-bc7a-6e3a5f15428f/datanode-1/data/ratis] (custom)
2019-07-13 12:37:27,654 INFO  storage.RaftStorageDirectory (RaftStorageDirectory.java:analyzeStorage(246)) - The storage directory /tmp/workdir/hadoop-ozone/integration-test/target/test-dir/MiniOzoneClusterImpl-f238f8c9-6f68-435d-bc7a-6e3a5f15428f/datanode-1/data/ratis/0de57221-43bd-48eb-846c-0e48dc912df3 does not exist. Creating ...
2019-07-13 12:37:27,665 INFO  storage.RaftStorageDirectory (RaftStorageDirectory.java:tryLock(328)) - Lock on /tmp/workdir/hadoop-ozone/integration-test/target/test-dir/MiniOzoneClusterImpl-f238f8c9-6f68-435d-bc7a-6e3a5f15428f/datanode-1/data/ratis/0de57221-43bd-48eb-846c-0e48dc912df3/in_use.lock acquired by nodename 32027@trunk-nightly-q2gwj-1111726333
2019-07-13 12:37:27,669 INFO  storage.RaftStorage (RaftStorage.java:format(72)) - Storage directory /tmp/workdir/hadoop-ozone/integration-test/target/test-dir/MiniOzoneClusterImpl-f238f8c9-6f68-435d-bc7a-6e3a5f15428f/datanode-1/data/ratis/0de57221-43bd-48eb-846c-0e48dc912df3 has been successfully formatted.
2019-07-13 12:37:27,669 INFO  ratis.ContainerStateMachine (ContainerStateMachine.java:loadSnapshot(200)) - The snapshot info is null.Setting the last applied index to:(t:0, i:~)
2019-07-13 12:37:27,669 INFO  server.RaftServerConfigKeys (ConfUtils.java:logGet(43)) - raft.server.leader.election.timeout = 120s (custom)
2019-07-13 12:37:27,669 INFO  server.RaftServerConfigKeys (ConfUtils.java:logGet(43)) - raft.server.log.use.memory = false (default)
2019-07-13 12:37:27,669 INFO  server.RaftServerConfigKeys (ConfUtils.java:logGet(43)) - raft.server.log.purge.gap = 1000000000 (custom)
2019-07-13 12:37:27,670 INFO  server.RaftServerConfigKeys (ConfUtils.java:logGet(43)) - raft.server.log.appender.buffer.byte-limit = 33554432 (custom)
2019-07-13 12:37:27,670 INFO  server.RaftServerConfigKeys (ConfUtils.java:logGet(43)) - raft.server.log.segment.size.max = 1048576 (custom)
2019-07-13 12:37:27,670 INFO  server.RaftServerConfigKeys (ConfUtils.java:logGet(43)) - raft.server.log.segment.cache.num.max = 2 (custom)
2019-07-13 12:37:27,670 INFO  segmented.SegmentedRaftLogWorker (SegmentedRaftLogWorker.java:<init>(172)) - new fbc434c9-ed63-4aa3-abea-d0e122c0a7f1-SegmentedRaftLogWorker:Storage Directory /tmp/workdir/hadoop-ozone/integration-test/target/test-dir/MiniOzoneClusterImpl-f238f8c9-6f68-435d-bc7a-6e3a5f15428f/datanode-1/data/ratis/0de57221-43bd-48eb-846c-0e48dc912df3 for RaftStorage:Storage Directory /tmp/workdir/hadoop-ozone/integration-test/target/test-dir/MiniOzoneClusterImpl-f238f8c9-6f68-435d-bc7a-6e3a5f15428f/datanode-1/data/ratis/0de57221-43bd-48eb-846c-0e48dc912df3
2019-07-13 12:37:27,670 INFO  server.RaftServerConfigKeys (ConfUtils.java:logGet(43)) - raft.server.log.queue.byte-limit = 2147483647 (custom)
2019-07-13 12:37:27,670 INFO  server.RaftServerConfigKeys (ConfUtils.java:logGet(43)) - raft.server.log.queue.element-limit = 1024 (custom)
2019-07-13 12:37:27,671 INFO  server.RaftServerConfigKeys (ConfUtils.java:logGet(43)) - raft.server.log.segment.size.max = 1048576 (custom)
2019-07-13 12:37:27,671 INFO  server.RaftServerConfigKeys (ConfUtils.java:logGet(43)) - raft.server.log.preallocated.size = 16384 (custom)
2019-07-13 12:37:27,671 INFO  server.RaftServerConfigKeys (ConfUtils.java:logGet(43)) - raft.server.log.write.buffer.size = 33554432 (custom)
2019-07-13 12:37:27,671 INFO  server.RaftServerConfigKeys (ConfUtils.java:logGet(43)) - raft.server.log.force.sync.num = 128 (default)
2019-07-13 12:37:27,671 INFO  server.RaftServerConfigKeys (ConfUtils.java:logGet(43)) - raft.server.log.statemachine.data.sync = true (default)
2019-07-13 12:37:27,672 INFO  server.RaftServerConfigKeys (ConfUtils.java:logGet(43)) - raft.server.log.statemachine.data.sync.timeout = 10s (default)
2019-07-13 12:37:27,672 INFO  server.RaftServerConfigKeys (ConfUtils.java:logGet(43)) - raft.server.log.statemachine.data.sync.timeout.retry = -1 (default)
2019-07-13 12:37:27,672 INFO  server.RaftServerConfigKeys (ConfUtils.java:logGet(43)) - raft.server.log.statemachine.data.caching.enabled = true (custom)
2019-07-13 12:37:27,672 INFO  segmented.SegmentedRaftLogWorker (SegmentedRaftLogWorker.java:lambda$new$0(132)) - fbc434c9-ed63-4aa3-abea-d0e122c0a7f1-SegmentedRaftLogWorker:Storage Directory /tmp/workdir/hadoop-ozone/integration-test/target/test-dir/MiniOzoneClusterImpl-f238f8c9-6f68-435d-bc7a-6e3a5f15428f/datanode-1/data/ratis/0de57221-43bd-48eb-846c-0e48dc912df3: flushIndex: setUnconditionally 0 -> -1
2019-07-13 12:37:27,673 INFO  server.RaftServerConfigKeys (ConfUtils.java:logGet(43)) - raft.server.snapshot.auto.trigger.enabled = true (custom)
2019-07-13 12:37:27,673 INFO  server.RaftServerConfigKeys (ConfUtils.java:logGet(43)) - raft.server.snapshot.auto.trigger.threshold = 10000 (custom)
2019-07-13 12:37:27,673 INFO  server.RaftServerConfigKeys (ConfUtils.java:logGet(43)) - raft.server.retrycache.expirytime = 600000ms (custom)
2019-07-13 12:37:27,673 INFO  impl.RaftServerImpl (RaftServerImpl.java:start(180)) - fbc434c9-ed63-4aa3-abea-d0e122c0a7f1: start group-0E48DC912DF3
2019-07-13 12:37:27,674 INFO  impl.RaftServerImpl (RaftServerImpl.java:setRole(171)) - fbc434c9-ed63-4aa3-abea-d0e122c0a7f1:group-0E48DC912DF3 changes role from null to FOLLOWER at term 0 for startAsFollower
2019-07-13 12:37:27,674 INFO  impl.RoleInfo (RoleInfo.java:updateAndGet(143)) - fbc434c9-ed63-4aa3-abea-d0e122c0a7f1: start FollowerState
2019-07-13 12:37:27,674 INFO  util.JmxRegister (JmxRegister.java:tryRegister(44)) - Successfully registered JMX Bean with object name Ratis:service=RaftServer,group=group-0E48DC912DF3,id=fbc434c9-ed63-4aa3-abea-d0e122c0a7f1
2019-07-13 12:37:27,679 INFO  pipeline.PipelineStateManager (PipelineStateManager.java:addPipeline(56)) - Created pipeline Pipeline[ Id: 0de57221-43bd-48eb-846c-0e48dc912df3, Nodes: fbc434c9-ed63-4aa3-abea-d0e122c0a7f1{ip: 192.168.5.181, host: trunk-nightly-q2gwj-1111726333, networkLocation: /default-rack, certSerialId: null}, Type:RATIS, Factor:ONE, State:OPEN]
2019-07-13 12:37:27,721 INFO  ozone.MiniOzoneClusterImpl (MiniOzoneClusterImpl.java:lambda$waitForClusterToBeReady$0(142)) - Waiting for cluster to be ready. Got 2 of 7 DN Heartbeats.
2019-07-13 12:37:27,808 INFO  node.SCMNodeManager (SCMNodeManager.java:register(269)) - Registered Data node : c87b7a49-17c5-4210-9f71-f69682532099{ip: 192.168.5.181, host: trunk-nightly-q2gwj-1111726333, networkLocation: /default-rack, certSerialId: null}
2019-07-13 12:37:27,815 INFO  impl.RaftServerProxy (RaftServerProxy.java:addNew(89)) - c87b7a49-17c5-4210-9f71-f69682532099: addNew group-3AE4982FB2CF:[c87b7a49-17c5-4210-9f71-f69682532099:192.168.5.181:34674] returns group-3AE4982FB2CF:java.util.concurrent.CompletableFuture@643832c2[Not completed]
2019-07-13 12:37:27,816 INFO  impl.RaftServerImpl (RaftServerImpl.java:<init>(93)) - c87b7a49-17c5-4210-9f71-f69682532099: new RaftServerImpl for group-3AE4982FB2CF:[c87b7a49-17c5-4210-9f71-f69682532099:192.168.5.181:34674] with ContainerStateMachine:uninitialized
2019-07-13 12:37:27,816 INFO  server.RaftServerConfigKeys (ConfUtils.java:logGet(43)) - raft.server.rpc.timeout.min = 5s (custom)
2019-07-13 12:37:27,816 INFO  server.RaftServerConfigKeys (ConfUtils.java:logGet(43)) - raft.server.rpc.timeout.max = 5200ms (custom)
2019-07-13 12:37:27,816 INFO  server.RaftServerConfigKeys (ConfUtils.java:logGet(43)) - raft.server.rpcslowness.timeout = 120s (custom)
2019-07-13 12:37:27,816 INFO  server.RaftServerConfigKeys (ConfUtils.java:logGet(43)) - raft.server.sleep.deviation.threshold = 300 (default)
2019-07-13 12:37:27,816 INFO  server.RaftServerConfigKeys (ConfUtils.java:logGet(43)) - raft.server.log.appender.install.snapshot.enabled = false (custom)
2019-07-13 12:37:27,817 INFO  impl.RaftServerImpl (ServerState.java:<init>(105)) - c87b7a49-17c5-4210-9f71-f69682532099:group-3AE4982FB2CF ConfigurationManager, init=-1: [c87b7a49-17c5-4210-9f71-f69682532099:192.168.5.181:34674], old=null, confs=<EMPTY_MAP>
2019-07-13 12:37:27,817 INFO  server.RaftServerConfigKeys (ConfUtils.java:logGet(43)) - raft.server.storage.dir = [/tmp/workdir/hadoop-ozone/integration-test/target/test-dir/MiniOzoneClusterImpl-f238f8c9-6f68-435d-bc7a-6e3a5f15428f/datanode-2/data/ratis] (custom)
2019-07-13 12:37:27,817 INFO  storage.RaftStorageDirectory (RaftStorageDirectory.java:analyzeStorage(246)) - The storage directory /tmp/workdir/hadoop-ozone/integration-test/target/test-dir/MiniOzoneClusterImpl-f238f8c9-6f68-435d-bc7a-6e3a5f15428f/datanode-2/data/ratis/e0677ee1-e163-49d9-89a9-3ae4982fb2cf does not exist. Creating ...
2019-07-13 12:37:27,821 INFO  storage.RaftStorageDirectory (RaftStorageDirectory.java:tryLock(328)) - Lock on /tmp/workdir/hadoop-ozone/integration-test/target/test-dir/MiniOzoneClusterImpl-f238f8c9-6f68-435d-bc7a-6e3a5f15428f/datanode-2/data/ratis/e0677ee1-e163-49d9-89a9-3ae4982fb2cf/in_use.lock acquired by nodename 32027@trunk-nightly-q2gwj-1111726333
2019-07-13 12:37:27,825 INFO  storage.RaftStorage (RaftStorage.java:format(72)) - Storage directory /tmp/workdir/hadoop-ozone/integration-test/target/test-dir/MiniOzoneClusterImpl-f238f8c9-6f68-435d-bc7a-6e3a5f15428f/datanode-2/data/ratis/e0677ee1-e163-49d9-89a9-3ae4982fb2cf has been successfully formatted.
2019-07-13 12:37:27,825 INFO  ratis.ContainerStateMachine (ContainerStateMachine.java:loadSnapshot(200)) - The snapshot info is null.Setting the last applied index to:(t:0, i:~)
2019-07-13 12:37:27,825 INFO  server.RaftServerConfigKeys (ConfUtils.java:logGet(43)) - raft.server.leader.election.timeout = 120s (custom)
2019-07-13 12:37:27,825 INFO  server.RaftServerConfigKeys (ConfUtils.java:logGet(43)) - raft.server.log.use.memory = false (default)
2019-07-13 12:37:27,826 INFO  server.RaftServerConfigKeys (ConfUtils.java:logGet(43)) - raft.server.log.purge.gap = 1000000000 (custom)
2019-07-13 12:37:27,826 INFO  server.RaftServerConfigKeys (ConfUtils.java:logGet(43)) - raft.server.log.appender.buffer.byte-limit = 33554432 (custom)
2019-07-13 12:37:27,826 INFO  server.RaftServerConfigKeys (ConfUtils.java:logGet(43)) - raft.server.log.segment.size.max = 1048576 (custom)
2019-07-13 12:37:27,826 INFO  server.RaftServerConfigKeys (ConfUtils.java:logGet(43)) - raft.server.log.segment.cache.num.max = 2 (custom)
2019-07-13 12:37:27,826 INFO  segmented.SegmentedRaftLogWorker (SegmentedRaftLogWorker.java:<init>(172)) - new c87b7a49-17c5-4210-9f71-f69682532099-SegmentedRaftLogWorker:Storage Directory /tmp/workdir/hadoop-ozone/integration-test/target/test-dir/MiniOzoneClusterImpl-f238f8c9-6f68-435d-bc7a-6e3a5f15428f/datanode-2/data/ratis/e0677ee1-e163-49d9-89a9-3ae4982fb2cf for RaftStorage:Storage Directory /tmp/workdir/hadoop-ozone/integration-test/target/test-dir/MiniOzoneClusterImpl-f238f8c9-6f68-435d-bc7a-6e3a5f15428f/datanode-2/data/ratis/e0677ee1-e163-49d9-89a9-3ae4982fb2cf
2019-07-13 12:37:27,826 INFO  server.RaftServerConfigKeys (ConfUtils.java:logGet(43)) - raft.server.log.queue.byte-limit = 2147483647 (custom)
2019-07-13 12:37:27,826 INFO  server.RaftServerConfigKeys (ConfUtils.java:logGet(43)) - raft.server.log.queue.element-limit = 1024 (custom)
2019-07-13 12:37:27,827 INFO  server.RaftServerConfigKeys (ConfUtils.java:logGet(43)) - raft.server.log.segment.size.max = 1048576 (custom)
2019-07-13 12:37:27,827 INFO  server.RaftServerConfigKeys (ConfUtils.java:logGet(43)) - raft.server.log.preallocated.size = 16384 (custom)
2019-07-13 12:37:27,827 INFO  server.RaftServerConfigKeys (ConfUtils.java:logGet(43)) - raft.server.log.write.buffer.size = 33554432 (custom)
2019-07-13 12:37:27,827 INFO  server.RaftServerConfigKeys (ConfUtils.java:logGet(43)) - raft.server.log.force.sync.num = 128 (default)
2019-07-13 12:37:27,827 INFO  server.RaftServerConfigKeys (ConfUtils.java:logGet(43)) - raft.server.log.statemachine.data.sync = true (default)
2019-07-13 12:37:27,827 INFO  server.RaftServerConfigKeys (ConfUtils.java:logGet(43)) - raft.server.log.statemachine.data.sync.timeout = 10s (default)
2019-07-13 12:37:27,828 INFO  server.RaftServerConfigKeys (ConfUtils.java:logGet(43)) - raft.server.log.statemachine.data.sync.timeout.retry = -1 (default)
2019-07-13 12:37:27,828 INFO  server.RaftServerConfigKeys (ConfUtils.java:logGet(43)) - raft.server.log.statemachine.data.caching.enabled = true (custom)
2019-07-13 12:37:27,828 INFO  segmented.SegmentedRaftLogWorker (SegmentedRaftLogWorker.java:lambda$new$0(132)) - c87b7a49-17c5-4210-9f71-f69682532099-SegmentedRaftLogWorker:Storage Directory /tmp/workdir/hadoop-ozone/integration-test/target/test-dir/MiniOzoneClusterImpl-f238f8c9-6f68-435d-bc7a-6e3a5f15428f/datanode-2/data/ratis/e0677ee1-e163-49d9-89a9-3ae4982fb2cf: flushIndex: setUnconditionally 0 -> -1
2019-07-13 12:37:27,828 INFO  server.RaftServerConfigKeys (ConfUtils.java:logGet(43)) - raft.server.snapshot.auto.trigger.enabled = true (custom)
2019-07-13 12:37:27,829 INFO  server.RaftServerConfigKeys (ConfUtils.java:logGet(43)) - raft.server.snapshot.auto.trigger.threshold = 10000 (custom)
2019-07-13 12:37:27,829 INFO  server.RaftServerConfigKeys (ConfUtils.java:logGet(43)) - raft.server.retrycache.expirytime = 600000ms (custom)
2019-07-13 12:37:27,829 INFO  impl.RaftServerImpl (RaftServerImpl.java:start(180)) - c87b7a49-17c5-4210-9f71-f69682532099: start group-3AE4982FB2CF
2019-07-13 12:37:27,829 INFO  impl.RaftServerImpl (RaftServerImpl.java:setRole(171)) - c87b7a49-17c5-4210-9f71-f69682532099:group-3AE4982FB2CF changes role from null to FOLLOWER at term 0 for startAsFollower
2019-07-13 12:37:27,829 INFO  impl.RoleInfo (RoleInfo.java:updateAndGet(143)) - c87b7a49-17c5-4210-9f71-f69682532099: start FollowerState
2019-07-13 12:37:27,830 INFO  util.JmxRegister (JmxRegister.java:tryRegister(44)) - Successfully registered JMX Bean with object name Ratis:service=RaftServer,group=group-3AE4982FB2CF,id=c87b7a49-17c5-4210-9f71-f69682532099
2019-07-13 12:37:27,834 INFO  pipeline.PipelineStateManager (PipelineStateManager.java:addPipeline(56)) - Created pipeline Pipeline[ Id: e0677ee1-e163-49d9-89a9-3ae4982fb2cf, Nodes: c87b7a49-17c5-4210-9f71-f69682532099{ip: 192.168.5.181, host: trunk-nightly-q2gwj-1111726333, networkLocation: /default-rack, certSerialId: null}, Type:RATIS, Factor:ONE, State:OPEN]
2019-07-13 12:37:27,853 INFO  impl.RaftServerProxy (RaftServerProxy.java:addNew(89)) - fbc434c9-ed63-4aa3-abea-d0e122c0a7f1: addNew group-E3A95579DE15:[d8d2f301-6e83-417c-9259-177b517f1750:192.168.5.181:38218, fbc434c9-ed63-4aa3-abea-d0e122c0a7f1:192.168.5.181:38045, c87b7a49-17c5-4210-9f71-f69682532099:192.168.5.181:34674] returns group-E3A95579DE15:java.util.concurrent.CompletableFuture@5ba23184[Not completed]
2019-07-13 12:37:27,854 INFO  impl.RaftServerProxy (RaftServerProxy.java:addNew(89)) - c87b7a49-17c5-4210-9f71-f69682532099: addNew group-E3A95579DE15:[d8d2f301-6e83-417c-9259-177b517f1750:192.168.5.181:38218, fbc434c9-ed63-4aa3-abea-d0e122c0a7f1:192.168.5.181:38045, c87b7a49-17c5-4210-9f71-f69682532099:192.168.5.181:34674] returns group-E3A95579DE15:java.util.concurrent.CompletableFuture@66802798[Not completed]
2019-07-13 12:37:27,854 INFO  impl.RaftServerProxy (RaftServerProxy.java:addNew(89)) - d8d2f301-6e83-417c-9259-177b517f1750: addNew group-E3A95579DE15:[d8d2f301-6e83-417c-9259-177b517f1750:192.168.5.181:38218, fbc434c9-ed63-4aa3-abea-d0e122c0a7f1:192.168.5.181:38045, c87b7a49-17c5-4210-9f71-f69682532099:192.168.5.181:34674] returns group-E3A95579DE15:java.util.concurrent.CompletableFuture@5e316955[Not completed]
2019-07-13 12:37:27,854 INFO  impl.RaftServerImpl (RaftServerImpl.java:<init>(93)) - fbc434c9-ed63-4aa3-abea-d0e122c0a7f1: new RaftServerImpl for group-E3A95579DE15:[d8d2f301-6e83-417c-9259-177b517f1750:192.168.5.181:38218, fbc434c9-ed63-4aa3-abea-d0e122c0a7f1:192.168.5.181:38045, c87b7a49-17c5-4210-9f71-f69682532099:192.168.5.181:34674] with ContainerStateMachine:uninitialized
2019-07-13 12:37:27,854 INFO  server.RaftServerConfigKeys (ConfUtils.java:logGet(43)) - raft.server.rpc.timeout.min = 5s (custom)
2019-07-13 12:37:27,854 INFO  server.RaftServerConfigKeys (ConfUtils.java:logGet(43)) - raft.server.rpc.timeout.max = 5200ms (custom)
2019-07-13 12:37:27,854 INFO  server.RaftServerConfigKeys (ConfUtils.java:logGet(43)) - raft.server.rpcslowness.timeout = 120s (custom)
2019-07-13 12:37:27,855 INFO  server.RaftServerConfigKeys (ConfUtils.java:logGet(43)) - raft.server.sleep.deviation.threshold = 300 (default)
2019-07-13 12:37:27,855 INFO  impl.RaftServerImpl (RaftServerImpl.java:<init>(93)) - c87b7a49-17c5-4210-9f71-f69682532099: new RaftServerImpl for group-E3A95579DE15:[d8d2f301-6e83-417c-9259-177b517f1750:192.168.5.181:38218, fbc434c9-ed63-4aa3-abea-d0e122c0a7f1:192.168.5.181:38045, c87b7a49-17c5-4210-9f71-f69682532099:192.168.5.181:34674] with ContainerStateMachine:uninitialized
2019-07-13 12:37:27,855 INFO  server.RaftServerConfigKeys (ConfUtils.java:logGet(43)) - raft.server.log.appender.install.snapshot.enabled = false (custom)
2019-07-13 12:37:27,855 INFO  server.RaftServerConfigKeys (ConfUtils.java:logGet(43)) - raft.server.rpc.timeout.min = 5s (custom)
2019-07-13 12:37:27,855 INFO  impl.RaftServerImpl (ServerState.java:<init>(105)) - fbc434c9-ed63-4aa3-abea-d0e122c0a7f1:group-E3A95579DE15 ConfigurationManager, init=-1: [d8d2f301-6e83-417c-9259-177b517f1750:192.168.5.181:38218, fbc434c9-ed63-4aa3-abea-d0e122c0a7f1:192.168.5.181:38045, c87b7a49-17c5-4210-9f71-f69682532099:192.168.5.181:34674], old=null, confs=<EMPTY_MAP>
2019-07-13 12:37:27,855 INFO  impl.RaftServerImpl (RaftServerImpl.java:<init>(93)) - d8d2f301-6e83-417c-9259-177b517f1750: new RaftServerImpl for group-E3A95579DE15:[d8d2f301-6e83-417c-9259-177b517f1750:192.168.5.181:38218, fbc434c9-ed63-4aa3-abea-d0e122c0a7f1:192.168.5.181:38045, c87b7a49-17c5-4210-9f71-f69682532099:192.168.5.181:34674] with ContainerStateMachine:uninitialized
2019-07-13 12:37:27,855 INFO  server.RaftServerConfigKeys (ConfUtils.java:logGet(43)) - raft.server.rpc.timeout.max = 5200ms (custom)
2019-07-13 12:37:27,856 INFO  server.RaftServerConfigKeys (ConfUtils.java:logGet(43)) - raft.server.rpc.timeout.min = 5s (custom)
2019-07-13 12:37:27,855 INFO  server.RaftServerConfigKeys (ConfUtils.java:logGet(43)) - raft.server.storage.dir = [/tmp/workdir/hadoop-ozone/integration-test/target/test-dir/MiniOzoneClusterImpl-f238f8c9-6f68-435d-bc7a-6e3a5f15428f/datanode-1/data/ratis] (custom)
2019-07-13 12:37:27,856 INFO  server.RaftServerConfigKeys (ConfUtils.java:logGet(43)) - raft.server.rpc.timeout.max = 5200ms (custom)
2019-07-13 12:37:27,856 INFO  server.RaftServerConfigKeys (ConfUtils.java:logGet(43)) - raft.server.rpcslowness.timeout = 120s (custom)
2019-07-13 12:37:27,856 INFO  server.RaftServerConfigKeys (ConfUtils.java:logGet(43)) - raft.server.rpcslowness.timeout = 120s (custom)
2019-07-13 12:37:27,856 INFO  server.RaftServerConfigKeys (ConfUtils.java:logGet(43)) - raft.server.sleep.deviation.threshold = 300 (default)
2019-07-13 12:37:27,856 INFO  storage.RaftStorageDirectory (RaftStorageDirectory.java:analyzeStorage(246)) - The storage directory /tmp/workdir/hadoop-ozone/integration-test/target/test-dir/MiniOzoneClusterImpl-f238f8c9-6f68-435d-bc7a-6e3a5f15428f/datanode-1/data/ratis/e8274a52-dc89-405f-97b5-e3a95579de15 does not exist. Creating ...
2019-07-13 12:37:27,857 INFO  server.RaftServerConfigKeys (ConfUtils.java:logGet(43)) - raft.server.log.appender.install.snapshot.enabled = false (custom)
2019-07-13 12:37:27,857 INFO  server.RaftServerConfigKeys (ConfUtils.java:logGet(43)) - raft.server.sleep.deviation.threshold = 300 (default)
2019-07-13 12:37:27,857 INFO  impl.RaftServerImpl (ServerState.java:<init>(105)) - c87b7a49-17c5-4210-9f71-f69682532099:group-E3A95579DE15 ConfigurationManager, init=-1: [d8d2f301-6e83-417c-9259-177b517f1750:192.168.5.181:38218, fbc434c9-ed63-4aa3-abea-d0e122c0a7f1:192.168.5.181:38045, c87b7a49-17c5-4210-9f71-f69682532099:192.168.5.181:34674], old=null, confs=<EMPTY_MAP>
2019-07-13 12:37:27,857 INFO  server.RaftServerConfigKeys (ConfUtils.java:logGet(43)) - raft.server.log.appender.install.snapshot.enabled = false (custom)
2019-07-13 12:37:27,857 INFO  server.RaftServerConfigKeys (ConfUtils.java:logGet(43)) - raft.server.storage.dir = [/tmp/workdir/hadoop-ozone/integration-test/target/test-dir/MiniOzoneClusterImpl-f238f8c9-6f68-435d-bc7a-6e3a5f15428f/datanode-2/data/ratis] (custom)
2019-07-13 12:37:27,858 INFO  impl.RaftServerImpl (ServerState.java:<init>(105)) - d8d2f301-6e83-417c-9259-177b517f1750:group-E3A95579DE15 ConfigurationManager, init=-1: [d8d2f301-6e83-417c-9259-177b517f1750:192.168.5.181:38218, fbc434c9-ed63-4aa3-abea-d0e122c0a7f1:192.168.5.181:38045, c87b7a49-17c5-4210-9f71-f69682532099:192.168.5.181:34674], old=null, confs=<EMPTY_MAP>
2019-07-13 12:37:27,858 INFO  server.RaftServerConfigKeys (ConfUtils.java:logGet(43)) - raft.server.storage.dir = [/tmp/workdir/hadoop-ozone/integration-test/target/test-dir/MiniOzoneClusterImpl-f238f8c9-6f68-435d-bc7a-6e3a5f15428f/datanode-0/data/ratis] (custom)
2019-07-13 12:37:27,858 INFO  storage.RaftStorageDirectory (RaftStorageDirectory.java:analyzeStorage(246)) - The storage directory /tmp/workdir/hadoop-ozone/integration-test/target/test-dir/MiniOzoneClusterImpl-f238f8c9-6f68-435d-bc7a-6e3a5f15428f/datanode-2/data/ratis/e8274a52-dc89-405f-97b5-e3a95579de15 does not exist. Creating ...
2019-07-13 12:37:27,858 INFO  storage.RaftStorageDirectory (RaftStorageDirectory.java:analyzeStorage(246)) - The storage directory /tmp/workdir/hadoop-ozone/integration-test/target/test-dir/MiniOzoneClusterImpl-f238f8c9-6f68-435d-bc7a-6e3a5f15428f/datanode-0/data/ratis/e8274a52-dc89-405f-97b5-e3a95579de15 does not exist. Creating ...
2019-07-13 12:37:27,861 INFO  storage.RaftStorageDirectory (RaftStorageDirectory.java:tryLock(328)) - Lock on /tmp/workdir/hadoop-ozone/integration-test/target/test-dir/MiniOzoneClusterImpl-f238f8c9-6f68-435d-bc7a-6e3a5f15428f/datanode-2/data/ratis/e8274a52-dc89-405f-97b5-e3a95579de15/in_use.lock acquired by nodename 32027@trunk-nightly-q2gwj-1111726333
2019-07-13 12:37:27,861 INFO  storage.RaftStorageDirectory (RaftStorageDirectory.java:tryLock(328)) - Lock on /tmp/workdir/hadoop-ozone/integration-test/target/test-dir/MiniOzoneClusterImpl-f238f8c9-6f68-435d-bc7a-6e3a5f15428f/datanode-1/data/ratis/e8274a52-dc89-405f-97b5-e3a95579de15/in_use.lock acquired by nodename 32027@trunk-nightly-q2gwj-1111726333
2019-07-13 12:37:27,865 INFO  storage.RaftStorageDirectory (RaftStorageDirectory.java:tryLock(328)) - Lock on /tmp/workdir/hadoop-ozone/integration-test/target/test-dir/MiniOzoneClusterImpl-f238f8c9-6f68-435d-bc7a-6e3a5f15428f/datanode-0/data/ratis/e8274a52-dc89-405f-97b5-e3a95579de15/in_use.lock acquired by nodename 32027@trunk-nightly-q2gwj-1111726333
2019-07-13 12:37:27,876 INFO  storage.RaftStorage (RaftStorage.java:format(72)) - Storage directory /tmp/workdir/hadoop-ozone/integration-test/target/test-dir/MiniOzoneClusterImpl-f238f8c9-6f68-435d-bc7a-6e3a5f15428f/datanode-1/data/ratis/e8274a52-dc89-405f-97b5-e3a95579de15 has been successfully formatted.
2019-07-13 12:37:27,876 INFO  storage.RaftStorage (RaftStorage.java:format(72)) - Storage directory /tmp/workdir/hadoop-ozone/integration-test/target/test-dir/MiniOzoneClusterImpl-f238f8c9-6f68-435d-bc7a-6e3a5f15428f/datanode-2/data/ratis/e8274a52-dc89-405f-97b5-e3a95579de15 has been successfully formatted.
2019-07-13 12:37:27,876 INFO  ratis.ContainerStateMachine (ContainerStateMachine.java:loadSnapshot(200)) - The snapshot info is null.Setting the last applied index to:(t:0, i:~)
2019-07-13 12:37:27,876 INFO  ratis.ContainerStateMachine (ContainerStateMachine.java:loadSnapshot(200)) - The snapshot info is null.Setting the last applied index to:(t:0, i:~)
2019-07-13 12:37:27,876 INFO  server.RaftServerConfigKeys (ConfUtils.java:logGet(43)) - raft.server.leader.election.timeout = 120s (custom)
2019-07-13 12:37:27,876 INFO  server.RaftServerConfigKeys (ConfUtils.java:logGet(43)) - raft.server.leader.election.timeout = 120s (custom)
2019-07-13 12:37:27,877 INFO  server.RaftServerConfigKeys (ConfUtils.java:logGet(43)) - raft.server.log.use.memory = false (default)
2019-07-13 12:37:27,877 INFO  server.RaftServerConfigKeys (ConfUtils.java:logGet(43)) - raft.server.log.use.memory = false (default)
2019-07-13 12:37:27,877 INFO  server.RaftServerConfigKeys (ConfUtils.java:logGet(43)) - raft.server.log.purge.gap = 1000000000 (custom)
2019-07-13 12:37:27,877 INFO  server.RaftServerConfigKeys (ConfUtils.java:logGet(43)) - raft.server.log.purge.gap = 1000000000 (custom)
2019-07-13 12:37:27,877 INFO  server.RaftServerConfigKeys (ConfUtils.java:logGet(43)) - raft.server.log.appender.buffer.byte-limit = 33554432 (custom)
2019-07-13 12:37:27,877 INFO  server.RaftServerConfigKeys (ConfUtils.java:logGet(43)) - raft.server.log.appender.buffer.byte-limit = 33554432 (custom)
2019-07-13 12:37:27,877 INFO  server.RaftServerConfigKeys (ConfUtils.java:logGet(43)) - raft.server.log.segment.size.max = 1048576 (custom)
2019-07-13 12:37:27,878 INFO  storage.RaftStorage (RaftStorage.java:format(72)) - Storage directory /tmp/workdir/hadoop-ozone/integration-test/target/test-dir/MiniOzoneClusterImpl-f238f8c9-6f68-435d-bc7a-6e3a5f15428f/datanode-0/data/ratis/e8274a52-dc89-405f-97b5-e3a95579de15 has been successfully formatted.
2019-07-13 12:37:27,878 INFO  server.RaftServerConfigKeys (ConfUtils.java:logGet(43)) - raft.server.log.segment.size.max = 1048576 (custom)
2019-07-13 12:37:27,878 INFO  ratis.ContainerStateMachine (ContainerStateMachine.java:loadSnapshot(200)) - The snapshot info is null.Setting the last applied index to:(t:0, i:~)
2019-07-13 12:37:27,878 INFO  server.RaftServerConfigKeys (ConfUtils.java:logGet(43)) - raft.server.log.segment.cache.num.max = 2 (custom)
2019-07-13 12:37:27,878 INFO  server.RaftServerConfigKeys (ConfUtils.java:logGet(43)) - raft.server.leader.election.timeout = 120s (custom)
2019-07-13 12:37:27,878 INFO  server.RaftServerConfigKeys (ConfUtils.java:logGet(43)) - raft.server.log.segment.cache.num.max = 2 (custom)
2019-07-13 12:37:27,879 INFO  segmented.SegmentedRaftLogWorker (SegmentedRaftLogWorker.java:<init>(172)) - new c87b7a49-17c5-4210-9f71-f69682532099-SegmentedRaftLogWorker:Storage Directory /tmp/workdir/hadoop-ozone/integration-test/target/test-dir/MiniOzoneClusterImpl-f238f8c9-6f68-435d-bc7a-6e3a5f15428f/datanode-2/data/ratis/e8274a52-dc89-405f-97b5-e3a95579de15 for RaftStorage:Storage Directory /tmp/workdir/hadoop-ozone/integration-test/target/test-dir/MiniOzoneClusterImpl-f238f8c9-6f68-435d-bc7a-6e3a5f15428f/datanode-2/data/ratis/e8274a52-dc89-405f-97b5-e3a95579de15
2019-07-13 12:37:27,878 INFO  server.RaftServerConfigKeys (ConfUtils.java:logGet(43)) - raft.server.log.use.memory = false (default)
2019-07-13 12:37:27,878 INFO  segmented.SegmentedRaftLogWorker (SegmentedRaftLogWorker.java:<init>(172)) - new fbc434c9-ed63-4aa3-abea-d0e122c0a7f1-SegmentedRaftLogWorker:Storage Directory /tmp/workdir/hadoop-ozone/integration-test/target/test-dir/MiniOzoneClusterImpl-f238f8c9-6f68-435d-bc7a-6e3a5f15428f/datanode-1/data/ratis/e8274a52-dc89-405f-97b5-e3a95579de15 for RaftStorage:Storage Directory /tmp/workdir/hadoop-ozone/integration-test/target/test-dir/MiniOzoneClusterImpl-f238f8c9-6f68-435d-bc7a-6e3a5f15428f/datanode-1/data/ratis/e8274a52-dc89-405f-97b5-e3a95579de15
2019-07-13 12:37:27,879 INFO  server.RaftServerConfigKeys (ConfUtils.java:logGet(43)) - raft.server.log.purge.gap = 1000000000 (custom)
2019-07-13 12:37:27,879 INFO  server.RaftServerConfigKeys (ConfUtils.java:logGet(43)) - raft.server.log.queue.byte-limit = 2147483647 (custom)
2019-07-13 12:37:27,879 INFO  server.RaftServerConfigKeys (ConfUtils.java:logGet(43)) - raft.server.log.appender.buffer.byte-limit = 33554432 (custom)
2019-07-13 12:37:27,879 INFO  server.RaftServerConfigKeys (ConfUtils.java:logGet(43)) - raft.server.log.queue.byte-limit = 2147483647 (custom)
2019-07-13 12:37:27,880 INFO  server.RaftServerConfigKeys (ConfUtils.java:logGet(43)) - raft.server.log.segment.size.max = 1048576 (custom)
2019-07-13 12:37:27,880 INFO  server.RaftServerConfigKeys (ConfUtils.java:logGet(43)) - raft.server.log.queue.element-limit = 1024 (custom)
2019-07-13 12:37:27,879 INFO  server.RaftServerConfigKeys (ConfUtils.java:logGet(43)) - raft.server.log.queue.element-limit = 1024 (custom)
2019-07-13 12:37:27,880 INFO  server.RaftServerConfigKeys (ConfUtils.java:logGet(43)) - raft.server.log.segment.size.max = 1048576 (custom)
2019-07-13 12:37:27,880 INFO  server.RaftServerConfigKeys (ConfUtils.java:logGet(43)) - raft.server.log.preallocated.size = 16384 (custom)
2019-07-13 12:37:27,880 INFO  server.RaftServerConfigKeys (ConfUtils.java:logGet(43)) - raft.server.log.segment.cache.num.max = 2 (custom)
2019-07-13 12:37:27,881 INFO  server.RaftServerConfigKeys (ConfUtils.java:logGet(43)) - raft.server.log.write.buffer.size = 33554432 (custom)
2019-07-13 12:37:27,880 INFO  server.RaftServerConfigKeys (ConfUtils.java:logGet(43)) - raft.server.log.segment.size.max = 1048576 (custom)
2019-07-13 12:37:27,881 INFO  server.RaftServerConfigKeys (ConfUtils.java:logGet(43)) - raft.server.log.force.sync.num = 128 (default)
2019-07-13 12:37:27,881 INFO  segmented.SegmentedRaftLogWorker (SegmentedRaftLogWorker.java:<init>(172)) - new d8d2f301-6e83-417c-9259-177b517f1750-SegmentedRaftLogWorker:Storage Directory /tmp/workdir/hadoop-ozone/integration-test/target/test-dir/MiniOzoneClusterImpl-f238f8c9-6f68-435d-bc7a-6e3a5f15428f/datanode-0/data/ratis/e8274a52-dc89-405f-97b5-e3a95579de15 for RaftStorage:Storage Directory /tmp/workdir/hadoop-ozone/integration-test/target/test-dir/MiniOzoneClusterImpl-f238f8c9-6f68-435d-bc7a-6e3a5f15428f/datanode-0/data/ratis/e8274a52-dc89-405f-97b5-e3a95579de15
2019-07-13 12:37:27,881 INFO  server.RaftServerConfigKeys (ConfUtils.java:logGet(43)) - raft.server.log.statemachine.data.sync = true (default)
2019-07-13 12:37:27,881 INFO  server.RaftServerConfigKeys (ConfUtils.java:logGet(43)) - raft.server.log.preallocated.size = 16384 (custom)
2019-07-13 12:37:27,881 INFO  server.RaftServerConfigKeys (ConfUtils.java:logGet(43)) - raft.server.log.statemachine.data.sync.timeout = 10s (default)
2019-07-13 12:37:27,881 INFO  server.RaftServerConfigKeys (ConfUtils.java:logGet(43)) - raft.server.log.queue.byte-limit = 2147483647 (custom)
2019-07-13 12:37:27,882 INFO  server.RaftServerConfigKeys (ConfUtils.java:logGet(43)) - raft.server.log.statemachine.data.sync.timeout.retry = -1 (default)
2019-07-13 12:37:27,882 INFO  server.RaftServerConfigKeys (ConfUtils.java:logGet(43)) - raft.server.log.write.buffer.size = 33554432 (custom)
2019-07-13 12:37:27,882 INFO  server.RaftServerConfigKeys (ConfUtils.java:logGet(43)) - raft.server.log.statemachine.data.caching.enabled = true (custom)
2019-07-13 12:37:27,882 INFO  server.RaftServerConfigKeys (ConfUtils.java:logGet(43)) - raft.server.log.queue.element-limit = 1024 (custom)
2019-07-13 12:37:27,883 INFO  segmented.SegmentedRaftLogWorker (SegmentedRaftLogWorker.java:lambda$new$0(132)) - fbc434c9-ed63-4aa3-abea-d0e122c0a7f1-SegmentedRaftLogWorker:Storage Directory /tmp/workdir/hadoop-ozone/integration-test/target/test-dir/MiniOzoneClusterImpl-f238f8c9-6f68-435d-bc7a-6e3a5f15428f/datanode-1/data/ratis/e8274a52-dc89-405f-97b5-e3a95579de15: flushIndex: setUnconditionally 0 -> -1
2019-07-13 12:37:27,882 INFO  server.RaftServerConfigKeys (ConfUtils.java:logGet(43)) - raft.server.log.force.sync.num = 128 (default)
2019-07-13 12:37:27,883 INFO  server.RaftServerConfigKeys (ConfUtils.java:logGet(43)) - raft.server.log.segment.size.max = 1048576 (custom)
2019-07-13 12:37:27,883 INFO  server.RaftServerConfigKeys (ConfUtils.java:logGet(43)) - raft.server.snapshot.auto.trigger.enabled = true (custom)
2019-07-13 12:37:27,883 INFO  server.RaftServerConfigKeys (ConfUtils.java:logGet(43)) - raft.server.snapshot.auto.trigger.threshold = 10000 (custom)
2019-07-13 12:37:27,883 INFO  server.RaftServerConfigKeys (ConfUtils.java:logGet(43)) - raft.server.log.statemachine.data.sync = true (default)
2019-07-13 12:37:27,883 INFO  server.RaftServerConfigKeys (ConfUtils.java:logGet(43)) - raft.server.retrycache.expirytime = 600000ms (custom)
2019-07-13 12:37:27,883 INFO  server.RaftServerConfigKeys (ConfUtils.java:logGet(43)) - raft.server.log.preallocated.size = 16384 (custom)
2019-07-13 12:37:27,884 INFO  impl.RaftServerImpl (RaftServerImpl.java:start(180)) - fbc434c9-ed63-4aa3-abea-d0e122c0a7f1: start group-E3A95579DE15
2019-07-13 12:37:27,884 INFO  impl.RaftServerImpl (RaftServerImpl.java:setRole(171)) - fbc434c9-ed63-4aa3-abea-d0e122c0a7f1:group-E3A95579DE15 changes role from null to FOLLOWER at term 0 for startAsFollower
2019-07-13 12:37:27,884 INFO  server.RaftServerConfigKeys (ConfUtils.java:logGet(43)) - raft.server.log.statemachine.data.sync.timeout = 10s (default)
2019-07-13 12:37:27,884 INFO  impl.RoleInfo (RoleInfo.java:updateAndGet(143)) - fbc434c9-ed63-4aa3-abea-d0e122c0a7f1: start FollowerState
2019-07-13 12:37:27,884 INFO  server.RaftServerConfigKeys (ConfUtils.java:logGet(43)) - raft.server.log.write.buffer.size = 33554432 (custom)
2019-07-13 12:37:27,884 INFO  server.RaftServerConfigKeys (ConfUtils.java:logGet(43)) - raft.server.log.statemachine.data.sync.timeout.retry = -1 (default)
2019-07-13 12:37:27,885 INFO  util.JmxRegister (JmxRegister.java:tryRegister(44)) - Successfully registered JMX Bean with object name Ratis:service=RaftServer,group=group-E3A95579DE15,id=fbc434c9-ed63-4aa3-abea-d0e122c0a7f1
2019-07-13 12:37:27,885 INFO  server.RaftServerConfigKeys (ConfUtils.java:logGet(43)) - raft.server.log.force.sync.num = 128 (default)
2019-07-13 12:37:27,885 INFO  server.RaftServerConfigKeys (ConfUtils.java:logGet(43)) - raft.server.log.statemachine.data.caching.enabled = true (custom)
2019-07-13 12:37:27,885 INFO  server.RaftServerConfigKeys (ConfUtils.java:logGet(43)) - raft.server.log.statemachine.data.sync = true (default)
2019-07-13 12:37:27,885 INFO  server.RaftServerConfigKeys (ConfUtils.java:logGet(43)) - raft.server.log.statemachine.data.sync.timeout = 10s (default)
2019-07-13 12:37:27,885 INFO  segmented.SegmentedRaftLogWorker (SegmentedRaftLogWorker.java:lambda$new$0(132)) - c87b7a49-17c5-4210-9f71-f69682532099-SegmentedRaftLogWorker:Storage Directory /tmp/workdir/hadoop-ozone/integration-test/target/test-dir/MiniOzoneClusterImpl-f238f8c9-6f68-435d-bc7a-6e3a5f15428f/datanode-2/data/ratis/e8274a52-dc89-405f-97b5-e3a95579de15: flushIndex: setUnconditionally 0 -> -1
2019-07-13 12:37:27,885 INFO  server.RaftServerConfigKeys (ConfUtils.java:logGet(43)) - raft.server.log.statemachine.data.sync.timeout.retry = -1 (default)
2019-07-13 12:37:27,886 INFO  server.RaftServerConfigKeys (ConfUtils.java:logGet(43)) - raft.server.log.statemachine.data.caching.enabled = true (custom)
2019-07-13 12:37:27,886 INFO  server.RaftServerConfigKeys (ConfUtils.java:logGet(43)) - raft.server.snapshot.auto.trigger.enabled = true (custom)
2019-07-13 12:37:27,891 INFO  segmented.SegmentedRaftLogWorker (SegmentedRaftLogWorker.java:lambda$new$0(132)) - d8d2f301-6e83-417c-9259-177b517f1750-SegmentedRaftLogWorker:Storage Directory /tmp/workdir/hadoop-ozone/integration-test/target/test-dir/MiniOzoneClusterImpl-f238f8c9-6f68-435d-bc7a-6e3a5f15428f/datanode-0/data/ratis/e8274a52-dc89-405f-97b5-e3a95579de15: flushIndex: setUnconditionally 0 -> -1
2019-07-13 12:37:27,891 INFO  server.RaftServerConfigKeys (ConfUtils.java:logGet(43)) - raft.server.snapshot.auto.trigger.threshold = 10000 (custom)
2019-07-13 12:37:27,891 INFO  server.RaftServerConfigKeys (ConfUtils.java:logGet(43)) - raft.server.retrycache.expirytime = 600000ms (custom)
2019-07-13 12:37:27,891 INFO  server.RaftServerConfigKeys (ConfUtils.java:logGet(43)) - raft.server.snapshot.auto.trigger.enabled = true (custom)
2019-07-13 12:37:27,891 INFO  impl.RaftServerImpl (RaftServerImpl.java:start(180)) - c87b7a49-17c5-4210-9f71-f69682532099: start group-E3A95579DE15
2019-07-13 12:37:27,891 INFO  server.RaftServerConfigKeys (ConfUtils.java:logGet(43)) - raft.server.snapshot.auto.trigger.threshold = 10000 (custom)
2019-07-13 12:37:27,891 INFO  impl.RaftServerImpl (RaftServerImpl.java:setRole(171)) - c87b7a49-17c5-4210-9f71-f69682532099:group-E3A95579DE15 changes role from null to FOLLOWER at term 0 for startAsFollower
2019-07-13 12:37:27,892 INFO  server.RaftServerConfigKeys (ConfUtils.java:logGet(43)) - raft.server.retrycache.expirytime = 600000ms (custom)
2019-07-13 12:37:27,892 INFO  impl.RoleInfo (RoleInfo.java:updateAndGet(143)) - c87b7a49-17c5-4210-9f71-f69682532099: start FollowerState
2019-07-13 12:37:27,892 INFO  impl.RaftServerImpl (RaftServerImpl.java:start(180)) - d8d2f301-6e83-417c-9259-177b517f1750: start group-E3A95579DE15
2019-07-13 12:37:27,892 INFO  impl.RaftServerImpl (RaftServerImpl.java:setRole(171)) - d8d2f301-6e83-417c-9259-177b517f1750:group-E3A95579DE15 changes role from null to FOLLOWER at term 0 for startAsFollower
2019-07-13 12:37:27,892 INFO  impl.RoleInfo (RoleInfo.java:updateAndGet(143)) - d8d2f301-6e83-417c-9259-177b517f1750: start FollowerState
2019-07-13 12:37:27,892 INFO  util.JmxRegister (JmxRegister.java:tryRegister(44)) - Successfully registered JMX Bean with object name Ratis:service=RaftServer,group=group-E3A95579DE15,id=c87b7a49-17c5-4210-9f71-f69682532099
2019-07-13 12:37:27,893 INFO  util.JmxRegister (JmxRegister.java:tryRegister(44)) - Successfully registered JMX Bean with object name Ratis:service=RaftServer,group=group-E3A95579DE15,id=d8d2f301-6e83-417c-9259-177b517f1750
2019-07-13 12:37:27,900 INFO  pipeline.PipelineStateManager (PipelineStateManager.java:addPipeline(56)) - Created pipeline Pipeline[ Id: e8274a52-dc89-405f-97b5-e3a95579de15, Nodes: d8d2f301-6e83-417c-9259-177b517f1750{ip: 192.168.5.181, host: trunk-nightly-q2gwj-1111726333, networkLocation: /default-rack, certSerialId: null}fbc434c9-ed63-4aa3-abea-d0e122c0a7f1{ip: 192.168.5.181, host: trunk-nightly-q2gwj-1111726333, networkLocation: /default-rack, certSerialId: null}c87b7a49-17c5-4210-9f71-f69682532099{ip: 192.168.5.181, host: trunk-nightly-q2gwj-1111726333, networkLocation: /default-rack, certSerialId: null}, Type:RATIS, Factor:THREE, State:OPEN]
2019-07-13 12:37:27,965 INFO  node.SCMNodeManager (SCMNodeManager.java:register(269)) - Registered Data node : 7c7a445e-d815-4048-bc30-41877607b145{ip: 192.168.5.181, host: trunk-nightly-q2gwj-1111726333, networkLocation: /default-rack, certSerialId: null}
2019-07-13 12:37:27,980 INFO  impl.RaftServerProxy (RaftServerProxy.java:addNew(89)) - 7c7a445e-d815-4048-bc30-41877607b145: addNew group-EF88E67D735F:[7c7a445e-d815-4048-bc30-41877607b145:192.168.5.181:32937] returns group-EF88E67D735F:java.util.concurrent.CompletableFuture@72b06c0b[Not completed]
2019-07-13 12:37:27,982 INFO  impl.RaftServerImpl (RaftServerImpl.java:<init>(93)) - 7c7a445e-d815-4048-bc30-41877607b145: new RaftServerImpl for group-EF88E67D735F:[7c7a445e-d815-4048-bc30-41877607b145:192.168.5.181:32937] with ContainerStateMachine:uninitialized
2019-07-13 12:37:27,982 INFO  server.RaftServerConfigKeys (ConfUtils.java:logGet(43)) - raft.server.rpc.timeout.min = 5s (custom)
2019-07-13 12:37:27,982 INFO  server.RaftServerConfigKeys (ConfUtils.java:logGet(43)) - raft.server.rpc.timeout.max = 5200ms (custom)
2019-07-13 12:37:27,982 INFO  server.RaftServerConfigKeys (ConfUtils.java:logGet(43)) - raft.server.rpcslowness.timeout = 120s (custom)
2019-07-13 12:37:27,982 INFO  server.RaftServerConfigKeys (ConfUtils.java:logGet(43)) - raft.server.sleep.deviation.threshold = 300 (default)
2019-07-13 12:37:27,982 INFO  server.RaftServerConfigKeys (ConfUtils.java:logGet(43)) - raft.server.log.appender.install.snapshot.enabled = false (custom)
2019-07-13 12:37:27,982 INFO  impl.RaftServerImpl (ServerState.java:<init>(105)) - 7c7a445e-d815-4048-bc30-41877607b145:group-EF88E67D735F ConfigurationManager, init=-1: [7c7a445e-d815-4048-bc30-41877607b145:192.168.5.181:32937], old=null, confs=<EMPTY_MAP>
2019-07-13 12:37:27,983 INFO  server.RaftServerConfigKeys (ConfUtils.java:logGet(43)) - raft.server.storage.dir = [/tmp/workdir/hadoop-ozone/integration-test/target/test-dir/MiniOzoneClusterImpl-f238f8c9-6f68-435d-bc7a-6e3a5f15428f/datanode-3/data/ratis] (custom)
2019-07-13 12:37:27,983 INFO  storage.RaftStorageDirectory (RaftStorageDirectory.java:analyzeStorage(246)) - The storage directory /tmp/workdir/hadoop-ozone/integration-test/target/test-dir/MiniOzoneClusterImpl-f238f8c9-6f68-435d-bc7a-6e3a5f15428f/datanode-3/data/ratis/1e8a32b0-3c47-4c67-afa1-ef88e67d735f does not exist. Creating ...
2019-07-13 12:37:27,996 INFO  storage.RaftStorageDirectory (RaftStorageDirectory.java:tryLock(328)) - Lock on /tmp/workdir/hadoop-ozone/integration-test/target/test-dir/MiniOzoneClusterImpl-f238f8c9-6f68-435d-bc7a-6e3a5f15428f/datanode-3/data/ratis/1e8a32b0-3c47-4c67-afa1-ef88e67d735f/in_use.lock acquired by nodename 32027@trunk-nightly-q2gwj-1111726333
2019-07-13 12:37:27,999 INFO  storage.RaftStorage (RaftStorage.java:format(72)) - Storage directory /tmp/workdir/hadoop-ozone/integration-test/target/test-dir/MiniOzoneClusterImpl-f238f8c9-6f68-435d-bc7a-6e3a5f15428f/datanode-3/data/ratis/1e8a32b0-3c47-4c67-afa1-ef88e67d735f has been successfully formatted.
2019-07-13 12:37:28,000 INFO  ratis.ContainerStateMachine (ContainerStateMachine.java:loadSnapshot(200)) - The snapshot info is null.Setting the last applied index to:(t:0, i:~)
2019-07-13 12:37:28,000 INFO  server.RaftServerConfigKeys (ConfUtils.java:logGet(43)) - raft.server.leader.election.timeout = 120s (custom)
2019-07-13 12:37:28,000 INFO  server.RaftServerConfigKeys (ConfUtils.java:logGet(43)) - raft.server.log.use.memory = false (default)
2019-07-13 12:37:28,000 INFO  server.RaftServerConfigKeys (ConfUtils.java:logGet(43)) - raft.server.log.purge.gap = 1000000000 (custom)
2019-07-13 12:37:28,000 INFO  server.RaftServerConfigKeys (ConfUtils.java:logGet(43)) - raft.server.log.appender.buffer.byte-limit = 33554432 (custom)
2019-07-13 12:37:28,001 INFO  server.RaftServerConfigKeys (ConfUtils.java:logGet(43)) - raft.server.log.segment.size.max = 1048576 (custom)
2019-07-13 12:37:28,001 INFO  server.RaftServerConfigKeys (ConfUtils.java:logGet(43)) - raft.server.log.segment.cache.num.max = 2 (custom)
2019-07-13 12:37:28,001 INFO  segmented.SegmentedRaftLogWorker (SegmentedRaftLogWorker.java:<init>(172)) - new 7c7a445e-d815-4048-bc30-41877607b145-SegmentedRaftLogWorker:Storage Directory /tmp/workdir/hadoop-ozone/integration-test/target/test-dir/MiniOzoneClusterImpl-f238f8c9-6f68-435d-bc7a-6e3a5f15428f/datanode-3/data/ratis/1e8a32b0-3c47-4c67-afa1-ef88e67d735f for RaftStorage:Storage Directory /tmp/workdir/hadoop-ozone/integration-test/target/test-dir/MiniOzoneClusterImpl-f238f8c9-6f68-435d-bc7a-6e3a5f15428f/datanode-3/data/ratis/1e8a32b0-3c47-4c67-afa1-ef88e67d735f
2019-07-13 12:37:28,001 INFO  server.RaftServerConfigKeys (ConfUtils.java:logGet(43)) - raft.server.log.queue.byte-limit = 2147483647 (custom)
2019-07-13 12:37:28,001 INFO  server.RaftServerConfigKeys (ConfUtils.java:logGet(43)) - raft.server.log.queue.element-limit = 1024 (custom)
2019-07-13 12:37:28,002 INFO  server.RaftServerConfigKeys (ConfUtils.java:logGet(43)) - raft.server.log.segment.size.max = 1048576 (custom)
2019-07-13 12:37:28,002 INFO  server.RaftServerConfigKeys (ConfUtils.java:logGet(43)) - raft.server.log.preallocated.size = 16384 (custom)
2019-07-13 12:37:28,002 INFO  server.RaftServerConfigKeys (ConfUtils.java:logGet(43)) - raft.server.log.write.buffer.size = 33554432 (custom)
2019-07-13 12:37:28,002 INFO  server.RaftServerConfigKeys (ConfUtils.java:logGet(43)) - raft.server.log.force.sync.num = 128 (default)
2019-07-13 12:37:28,002 INFO  server.RaftServerConfigKeys (ConfUtils.java:logGet(43)) - raft.server.log.statemachine.data.sync = true (default)
2019-07-13 12:37:28,002 INFO  server.RaftServerConfigKeys (ConfUtils.java:logGet(43)) - raft.server.log.statemachine.data.sync.timeout = 10s (default)
2019-07-13 12:37:28,002 INFO  server.RaftServerConfigKeys (ConfUtils.java:logGet(43)) - raft.server.log.statemachine.data.sync.timeout.retry = -1 (default)
2019-07-13 12:37:28,003 INFO  server.RaftServerConfigKeys (ConfUtils.java:logGet(43)) - raft.server.log.statemachine.data.caching.enabled = true (custom)
2019-07-13 12:37:28,003 INFO  segmented.SegmentedRaftLogWorker (SegmentedRaftLogWorker.java:lambda$new$0(132)) - 7c7a445e-d815-4048-bc30-41877607b145-SegmentedRaftLogWorker:Storage Directory /tmp/workdir/hadoop-ozone/integration-test/target/test-dir/MiniOzoneClusterImpl-f238f8c9-6f68-435d-bc7a-6e3a5f15428f/datanode-3/data/ratis/1e8a32b0-3c47-4c67-afa1-ef88e67d735f: flushIndex: setUnconditionally 0 -> -1
2019-07-13 12:37:28,003 INFO  server.RaftServerConfigKeys (ConfUtils.java:logGet(43)) - raft.server.snapshot.auto.trigger.enabled = true (custom)
2019-07-13 12:37:28,004 INFO  server.RaftServerConfigKeys (ConfUtils.java:logGet(43)) - raft.server.snapshot.auto.trigger.threshold = 10000 (custom)
2019-07-13 12:37:28,004 INFO  server.RaftServerConfigKeys (ConfUtils.java:logGet(43)) - raft.server.retrycache.expirytime = 600000ms (custom)
2019-07-13 12:37:28,004 INFO  impl.RaftServerImpl (RaftServerImpl.java:start(180)) - 7c7a445e-d815-4048-bc30-41877607b145: start group-EF88E67D735F
2019-07-13 12:37:28,004 INFO  impl.RaftServerImpl (RaftServerImpl.java:setRole(171)) - 7c7a445e-d815-4048-bc30-41877607b145:group-EF88E67D735F changes role from null to FOLLOWER at term 0 for startAsFollower
2019-07-13 12:37:28,004 INFO  impl.RoleInfo (RoleInfo.java:updateAndGet(143)) - 7c7a445e-d815-4048-bc30-41877607b145: start FollowerState
2019-07-13 12:37:28,005 INFO  util.JmxRegister (JmxRegister.java:tryRegister(44)) - Successfully registered JMX Bean with object name Ratis:service=RaftServer,group=group-EF88E67D735F,id=7c7a445e-d815-4048-bc30-41877607b145
2019-07-13 12:37:28,010 INFO  pipeline.PipelineStateManager (PipelineStateManager.java:addPipeline(56)) - Created pipeline Pipeline[ Id: 1e8a32b0-3c47-4c67-afa1-ef88e67d735f, Nodes: 7c7a445e-d815-4048-bc30-41877607b145{ip: 192.168.5.181, host: trunk-nightly-q2gwj-1111726333, networkLocation: /default-rack, certSerialId: null}, Type:RATIS, Factor:ONE, State:OPEN]
2019-07-13 12:37:28,330 INFO  node.SCMNodeManager (SCMNodeManager.java:register(269)) - Registered Data node : b012e42f-9c95-466d-840f-be23eeb33af9{ip: 192.168.5.181, host: trunk-nightly-q2gwj-1111726333, networkLocation: /default-rack, certSerialId: null}
2019-07-13 12:37:28,339 INFO  impl.RaftServerProxy (RaftServerProxy.java:addNew(89)) - b012e42f-9c95-466d-840f-be23eeb33af9: addNew group-9B6DDBD0B801:[b012e42f-9c95-466d-840f-be23eeb33af9:192.168.5.181:33283] returns group-9B6DDBD0B801:java.util.concurrent.CompletableFuture@21d851ae[Not completed]
2019-07-13 12:37:28,340 INFO  impl.RaftServerImpl (RaftServerImpl.java:<init>(93)) - b012e42f-9c95-466d-840f-be23eeb33af9: new RaftServerImpl for group-9B6DDBD0B801:[b012e42f-9c95-466d-840f-be23eeb33af9:192.168.5.181:33283] with ContainerStateMachine:uninitialized
2019-07-13 12:37:28,340 INFO  server.RaftServerConfigKeys (ConfUtils.java:logGet(43)) - raft.server.rpc.timeout.min = 5s (custom)
2019-07-13 12:37:28,340 INFO  server.RaftServerConfigKeys (ConfUtils.java:logGet(43)) - raft.server.rpc.timeout.max = 5200ms (custom)
2019-07-13 12:37:28,340 INFO  server.RaftServerConfigKeys (ConfUtils.java:logGet(43)) - raft.server.rpcslowness.timeout = 120s (custom)
2019-07-13 12:37:28,341 INFO  server.RaftServerConfigKeys (ConfUtils.java:logGet(43)) - raft.server.sleep.deviation.threshold = 300 (default)
2019-07-13 12:37:28,341 INFO  server.RaftServerConfigKeys (ConfUtils.java:logGet(43)) - raft.server.log.appender.install.snapshot.enabled = false (custom)
2019-07-13 12:37:28,341 INFO  impl.RaftServerImpl (ServerState.java:<init>(105)) - b012e42f-9c95-466d-840f-be23eeb33af9:group-9B6DDBD0B801 ConfigurationManager, init=-1: [b012e42f-9c95-466d-840f-be23eeb33af9:192.168.5.181:33283], old=null, confs=<EMPTY_MAP>
2019-07-13 12:37:28,341 INFO  server.RaftServerConfigKeys (ConfUtils.java:logGet(43)) - raft.server.storage.dir = [/tmp/workdir/hadoop-ozone/integration-test/target/test-dir/MiniOzoneClusterImpl-f238f8c9-6f68-435d-bc7a-6e3a5f15428f/datanode-4/data/ratis] (custom)
2019-07-13 12:37:28,342 INFO  storage.RaftStorageDirectory (RaftStorageDirectory.java:analyzeStorage(246)) - The storage directory /tmp/workdir/hadoop-ozone/integration-test/target/test-dir/MiniOzoneClusterImpl-f238f8c9-6f68-435d-bc7a-6e3a5f15428f/datanode-4/data/ratis/8a2cc9a3-50e2-4134-a314-9b6ddbd0b801 does not exist. Creating ...
2019-07-13 12:37:28,354 INFO  storage.RaftStorageDirectory (RaftStorageDirectory.java:tryLock(328)) - Lock on /tmp/workdir/hadoop-ozone/integration-test/target/test-dir/MiniOzoneClusterImpl-f238f8c9-6f68-435d-bc7a-6e3a5f15428f/datanode-4/data/ratis/8a2cc9a3-50e2-4134-a314-9b6ddbd0b801/in_use.lock acquired by nodename 32027@trunk-nightly-q2gwj-1111726333
2019-07-13 12:37:28,365 INFO  storage.RaftStorage (RaftStorage.java:format(72)) - Storage directory /tmp/workdir/hadoop-ozone/integration-test/target/test-dir/MiniOzoneClusterImpl-f238f8c9-6f68-435d-bc7a-6e3a5f15428f/datanode-4/data/ratis/8a2cc9a3-50e2-4134-a314-9b6ddbd0b801 has been successfully formatted.
2019-07-13 12:37:28,365 INFO  ratis.ContainerStateMachine (ContainerStateMachine.java:loadSnapshot(200)) - The snapshot info is null.Setting the last applied index to:(t:0, i:~)
2019-07-13 12:37:28,366 INFO  server.RaftServerConfigKeys (ConfUtils.java:logGet(43)) - raft.server.leader.election.timeout = 120s (custom)
2019-07-13 12:37:28,366 INFO  server.RaftServerConfigKeys (ConfUtils.java:logGet(43)) - raft.server.log.use.memory = false (default)
2019-07-13 12:37:28,366 INFO  server.RaftServerConfigKeys (ConfUtils.java:logGet(43)) - raft.server.log.purge.gap = 1000000000 (custom)
2019-07-13 12:37:28,366 INFO  server.RaftServerConfigKeys (ConfUtils.java:logGet(43)) - raft.server.log.appender.buffer.byte-limit = 33554432 (custom)
2019-07-13 12:37:28,366 INFO  server.RaftServerConfigKeys (ConfUtils.java:logGet(43)) - raft.server.log.segment.size.max = 1048576 (custom)
2019-07-13 12:37:28,367 INFO  server.RaftServerConfigKeys (ConfUtils.java:logGet(43)) - raft.server.log.segment.cache.num.max = 2 (custom)
2019-07-13 12:37:28,367 INFO  segmented.SegmentedRaftLogWorker (SegmentedRaftLogWorker.java:<init>(172)) - new b012e42f-9c95-466d-840f-be23eeb33af9-SegmentedRaftLogWorker:Storage Directory /tmp/workdir/hadoop-ozone/integration-test/target/test-dir/MiniOzoneClusterImpl-f238f8c9-6f68-435d-bc7a-6e3a5f15428f/datanode-4/data/ratis/8a2cc9a3-50e2-4134-a314-9b6ddbd0b801 for RaftStorage:Storage Directory /tmp/workdir/hadoop-ozone/integration-test/target/test-dir/MiniOzoneClusterImpl-f238f8c9-6f68-435d-bc7a-6e3a5f15428f/datanode-4/data/ratis/8a2cc9a3-50e2-4134-a314-9b6ddbd0b801
2019-07-13 12:37:28,367 INFO  server.RaftServerConfigKeys (ConfUtils.java:logGet(43)) - raft.server.log.queue.byte-limit = 2147483647 (custom)
2019-07-13 12:37:28,367 INFO  server.RaftServerConfigKeys (ConfUtils.java:logGet(43)) - raft.server.log.queue.element-limit = 1024 (custom)
2019-07-13 12:37:28,367 INFO  server.RaftServerConfigKeys (ConfUtils.java:logGet(43)) - raft.server.log.segment.size.max = 1048576 (custom)
2019-07-13 12:37:28,367 INFO  server.RaftServerConfigKeys (ConfUtils.java:logGet(43)) - raft.server.log.preallocated.size = 16384 (custom)
2019-07-13 12:37:28,368 INFO  server.RaftServerConfigKeys (ConfUtils.java:logGet(43)) - raft.server.log.write.buffer.size = 33554432 (custom)
2019-07-13 12:37:28,368 INFO  server.RaftServerConfigKeys (ConfUtils.java:logGet(43)) - raft.server.log.force.sync.num = 128 (default)
2019-07-13 12:37:28,368 INFO  server.RaftServerConfigKeys (ConfUtils.java:logGet(43)) - raft.server.log.statemachine.data.sync = true (default)
2019-07-13 12:37:28,368 INFO  server.RaftServerConfigKeys (ConfUtils.java:logGet(43)) - raft.server.log.statemachine.data.sync.timeout = 10s (default)
2019-07-13 12:37:28,368 INFO  server.RaftServerConfigKeys (ConfUtils.java:logGet(43)) - raft.server.log.statemachine.data.sync.timeout.retry = -1 (default)
2019-07-13 12:37:28,369 INFO  server.RaftServerConfigKeys (ConfUtils.java:logGet(43)) - raft.server.log.statemachine.data.caching.enabled = true (custom)
2019-07-13 12:37:28,369 INFO  segmented.SegmentedRaftLogWorker (SegmentedRaftLogWorker.java:lambda$new$0(132)) - b012e42f-9c95-466d-840f-be23eeb33af9-SegmentedRaftLogWorker:Storage Directory /tmp/workdir/hadoop-ozone/integration-test/target/test-dir/MiniOzoneClusterImpl-f238f8c9-6f68-435d-bc7a-6e3a5f15428f/datanode-4/data/ratis/8a2cc9a3-50e2-4134-a314-9b6ddbd0b801: flushIndex: setUnconditionally 0 -> -1
2019-07-13 12:37:28,369 INFO  server.RaftServerConfigKeys (ConfUtils.java:logGet(43)) - raft.server.snapshot.auto.trigger.enabled = true (custom)
2019-07-13 12:37:28,369 INFO  server.RaftServerConfigKeys (ConfUtils.java:logGet(43)) - raft.server.snapshot.auto.trigger.threshold = 10000 (custom)
2019-07-13 12:37:28,370 INFO  server.RaftServerConfigKeys (ConfUtils.java:logGet(43)) - raft.server.retrycache.expirytime = 600000ms (custom)
2019-07-13 12:37:28,370 INFO  impl.RaftServerImpl (RaftServerImpl.java:start(180)) - b012e42f-9c95-466d-840f-be23eeb33af9: start group-9B6DDBD0B801
2019-07-13 12:37:28,370 INFO  impl.RaftServerImpl (RaftServerImpl.java:setRole(171)) - b012e42f-9c95-466d-840f-be23eeb33af9:group-9B6DDBD0B801 changes role from null to FOLLOWER at term 0 for startAsFollower
2019-07-13 12:37:28,370 INFO  impl.RoleInfo (RoleInfo.java:updateAndGet(143)) - b012e42f-9c95-466d-840f-be23eeb33af9: start FollowerState
2019-07-13 12:37:28,371 INFO  util.JmxRegister (JmxRegister.java:tryRegister(44)) - Successfully registered JMX Bean with object name Ratis:service=RaftServer,group=group-9B6DDBD0B801,id=b012e42f-9c95-466d-840f-be23eeb33af9
2019-07-13 12:37:28,376 INFO  pipeline.PipelineStateManager (PipelineStateManager.java:addPipeline(56)) - Created pipeline Pipeline[ Id: 8a2cc9a3-50e2-4134-a314-9b6ddbd0b801, Nodes: b012e42f-9c95-466d-840f-be23eeb33af9{ip: 192.168.5.181, host: trunk-nightly-q2gwj-1111726333, networkLocation: /default-rack, certSerialId: null}, Type:RATIS, Factor:ONE, State:OPEN]
2019-07-13 12:37:28,531 INFO  node.SCMNodeManager (SCMNodeManager.java:register(269)) - Registered Data node : 5192ca16-d261-458a-b2b0-5884a2408506{ip: 192.168.5.181, host: trunk-nightly-q2gwj-1111726333, networkLocation: /default-rack, certSerialId: null}
2019-07-13 12:37:28,539 INFO  impl.RaftServerProxy (RaftServerProxy.java:addNew(89)) - 5192ca16-d261-458a-b2b0-5884a2408506: addNew group-22E013541CB5:[5192ca16-d261-458a-b2b0-5884a2408506:192.168.5.181:44410] returns group-22E013541CB5:java.util.concurrent.CompletableFuture@7986f0c[Not completed]
2019-07-13 12:37:28,540 INFO  impl.RaftServerImpl (RaftServerImpl.java:<init>(93)) - 5192ca16-d261-458a-b2b0-5884a2408506: new RaftServerImpl for group-22E013541CB5:[5192ca16-d261-458a-b2b0-5884a2408506:192.168.5.181:44410] with ContainerStateMachine:uninitialized
2019-07-13 12:37:28,541 INFO  server.RaftServerConfigKeys (ConfUtils.java:logGet(43)) - raft.server.rpc.timeout.min = 5s (custom)
2019-07-13 12:37:28,541 INFO  server.RaftServerConfigKeys (ConfUtils.java:logGet(43)) - raft.server.rpc.timeout.max = 5200ms (custom)
2019-07-13 12:37:28,541 INFO  server.RaftServerConfigKeys (ConfUtils.java:logGet(43)) - raft.server.rpcslowness.timeout = 120s (custom)
2019-07-13 12:37:28,541 INFO  server.RaftServerConfigKeys (ConfUtils.java:logGet(43)) - raft.server.sleep.deviation.threshold = 300 (default)
2019-07-13 12:37:28,541 INFO  server.RaftServerConfigKeys (ConfUtils.java:logGet(43)) - raft.server.log.appender.install.snapshot.enabled = false (custom)
2019-07-13 12:37:28,541 INFO  impl.RaftServerImpl (ServerState.java:<init>(105)) - 5192ca16-d261-458a-b2b0-5884a2408506:group-22E013541CB5 ConfigurationManager, init=-1: [5192ca16-d261-458a-b2b0-5884a2408506:192.168.5.181:44410], old=null, confs=<EMPTY_MAP>
2019-07-13 12:37:28,541 INFO  server.RaftServerConfigKeys (ConfUtils.java:logGet(43)) - raft.server.storage.dir = [/tmp/workdir/hadoop-ozone/integration-test/target/test-dir/MiniOzoneClusterImpl-f238f8c9-6f68-435d-bc7a-6e3a5f15428f/datanode-5/data/ratis] (custom)
2019-07-13 12:37:28,542 INFO  storage.RaftStorageDirectory (RaftStorageDirectory.java:analyzeStorage(246)) - The storage directory /tmp/workdir/hadoop-ozone/integration-test/target/test-dir/MiniOzoneClusterImpl-f238f8c9-6f68-435d-bc7a-6e3a5f15428f/datanode-5/data/ratis/d2b4cc57-7ca2-44cb-b823-22e013541cb5 does not exist. Creating ...
2019-07-13 12:37:28,555 INFO  storage.RaftStorageDirectory (RaftStorageDirectory.java:tryLock(328)) - Lock on /tmp/workdir/hadoop-ozone/integration-test/target/test-dir/MiniOzoneClusterImpl-f238f8c9-6f68-435d-bc7a-6e3a5f15428f/datanode-5/data/ratis/d2b4cc57-7ca2-44cb-b823-22e013541cb5/in_use.lock acquired by nodename 32027@trunk-nightly-q2gwj-1111726333
2019-07-13 12:37:28,568 INFO  storage.RaftStorage (RaftStorage.java:format(72)) - Storage directory /tmp/workdir/hadoop-ozone/integration-test/target/test-dir/MiniOzoneClusterImpl-f238f8c9-6f68-435d-bc7a-6e3a5f15428f/datanode-5/data/ratis/d2b4cc57-7ca2-44cb-b823-22e013541cb5 has been successfully formatted.
2019-07-13 12:37:28,569 INFO  ratis.ContainerStateMachine (ContainerStateMachine.java:loadSnapshot(200)) - The snapshot info is null.Setting the last applied index to:(t:0, i:~)
2019-07-13 12:37:28,569 INFO  server.RaftServerConfigKeys (ConfUtils.java:logGet(43)) - raft.server.leader.election.timeout = 120s (custom)
2019-07-13 12:37:28,569 INFO  server.RaftServerConfigKeys (ConfUtils.java:logGet(43)) - raft.server.log.use.memory = false (default)
2019-07-13 12:37:28,569 INFO  server.RaftServerConfigKeys (ConfUtils.java:logGet(43)) - raft.server.log.purge.gap = 1000000000 (custom)
2019-07-13 12:37:28,569 INFO  server.RaftServerConfigKeys (ConfUtils.java:logGet(43)) - raft.server.log.appender.buffer.byte-limit = 33554432 (custom)
2019-07-13 12:37:28,569 INFO  server.RaftServerConfigKeys (ConfUtils.java:logGet(43)) - raft.server.log.segment.size.max = 1048576 (custom)
2019-07-13 12:37:28,569 INFO  server.RaftServerConfigKeys (ConfUtils.java:logGet(43)) - raft.server.log.segment.cache.num.max = 2 (custom)
2019-07-13 12:37:28,570 INFO  segmented.SegmentedRaftLogWorker (SegmentedRaftLogWorker.java:<init>(172)) - new 5192ca16-d261-458a-b2b0-5884a2408506-SegmentedRaftLogWorker:Storage Directory /tmp/workdir/hadoop-ozone/integration-test/target/test-dir/MiniOzoneClusterImpl-f238f8c9-6f68-435d-bc7a-6e3a5f15428f/datanode-5/data/ratis/d2b4cc57-7ca2-44cb-b823-22e013541cb5 for RaftStorage:Storage Directory /tmp/workdir/hadoop-ozone/integration-test/target/test-dir/MiniOzoneClusterImpl-f238f8c9-6f68-435d-bc7a-6e3a5f15428f/datanode-5/data/ratis/d2b4cc57-7ca2-44cb-b823-22e013541cb5
2019-07-13 12:37:28,570 INFO  server.RaftServerConfigKeys (ConfUtils.java:logGet(43)) - raft.server.log.queue.byte-limit = 2147483647 (custom)
2019-07-13 12:37:28,570 INFO  server.RaftServerConfigKeys (ConfUtils.java:logGet(43)) - raft.server.log.queue.element-limit = 1024 (custom)
2019-07-13 12:37:28,570 INFO  server.RaftServerConfigKeys (ConfUtils.java:logGet(43)) - raft.server.log.segment.size.max = 1048576 (custom)
2019-07-13 12:37:28,570 INFO  server.RaftServerConfigKeys (ConfUtils.java:logGet(43)) - raft.server.log.preallocated.size = 16384 (custom)
2019-07-13 12:37:28,570 INFO  server.RaftServerConfigKeys (ConfUtils.java:logGet(43)) - raft.server.log.write.buffer.size = 33554432 (custom)
2019-07-13 12:37:28,571 INFO  server.RaftServerConfigKeys (ConfUtils.java:logGet(43)) - raft.server.log.force.sync.num = 128 (default)
2019-07-13 12:37:28,571 INFO  server.RaftServerConfigKeys (ConfUtils.java:logGet(43)) - raft.server.log.statemachine.data.sync = true (default)
2019-07-13 12:37:28,571 INFO  server.RaftServerConfigKeys (ConfUtils.java:logGet(43)) - raft.server.log.statemachine.data.sync.timeout = 10s (default)
2019-07-13 12:37:28,571 INFO  server.RaftServerConfigKeys (ConfUtils.java:logGet(43)) - raft.server.log.statemachine.data.sync.timeout.retry = -1 (default)
2019-07-13 12:37:28,571 INFO  server.RaftServerConfigKeys (ConfUtils.java:logGet(43)) - raft.server.log.statemachine.data.caching.enabled = true (custom)
2019-07-13 12:37:28,572 INFO  segmented.SegmentedRaftLogWorker (SegmentedRaftLogWorker.java:lambda$new$0(132)) - 5192ca16-d261-458a-b2b0-5884a2408506-SegmentedRaftLogWorker:Storage Directory /tmp/workdir/hadoop-ozone/integration-test/target/test-dir/MiniOzoneClusterImpl-f238f8c9-6f68-435d-bc7a-6e3a5f15428f/datanode-5/data/ratis/d2b4cc57-7ca2-44cb-b823-22e013541cb5: flushIndex: setUnconditionally 0 -> -1
2019-07-13 12:37:28,572 INFO  server.RaftServerConfigKeys (ConfUtils.java:logGet(43)) - raft.server.snapshot.auto.trigger.enabled = true (custom)
2019-07-13 12:37:28,572 INFO  server.RaftServerConfigKeys (ConfUtils.java:logGet(43)) - raft.server.snapshot.auto.trigger.threshold = 10000 (custom)
2019-07-13 12:37:28,572 INFO  server.RaftServerConfigKeys (ConfUtils.java:logGet(43)) - raft.server.retrycache.expirytime = 600000ms (custom)
2019-07-13 12:37:28,572 INFO  impl.RaftServerImpl (RaftServerImpl.java:start(180)) - 5192ca16-d261-458a-b2b0-5884a2408506: start group-22E013541CB5
2019-07-13 12:37:28,572 INFO  impl.RaftServerImpl (RaftServerImpl.java:setRole(171)) - 5192ca16-d261-458a-b2b0-5884a2408506:group-22E013541CB5 changes role from null to FOLLOWER at term 0 for startAsFollower
2019-07-13 12:37:28,573 INFO  impl.RoleInfo (RoleInfo.java:updateAndGet(143)) - 5192ca16-d261-458a-b2b0-5884a2408506: start FollowerState
2019-07-13 12:37:28,573 INFO  util.JmxRegister (JmxRegister.java:tryRegister(44)) - Successfully registered JMX Bean with object name Ratis:service=RaftServer,group=group-22E013541CB5,id=5192ca16-d261-458a-b2b0-5884a2408506
2019-07-13 12:37:28,579 INFO  pipeline.PipelineStateManager (PipelineStateManager.java:addPipeline(56)) - Created pipeline Pipeline[ Id: d2b4cc57-7ca2-44cb-b823-22e013541cb5, Nodes: 5192ca16-d261-458a-b2b0-5884a2408506{ip: 192.168.5.181, host: trunk-nightly-q2gwj-1111726333, networkLocation: /default-rack, certSerialId: null}, Type:RATIS, Factor:ONE, State:OPEN]
2019-07-13 12:37:28,598 INFO  impl.RaftServerProxy (RaftServerProxy.java:addNew(89)) - b012e42f-9c95-466d-840f-be23eeb33af9: addNew group-5677BAD9DF77:[7c7a445e-d815-4048-bc30-41877607b145:192.168.5.181:32937, 5192ca16-d261-458a-b2b0-5884a2408506:192.168.5.181:44410, b012e42f-9c95-466d-840f-be23eeb33af9:192.168.5.181:33283] returns group-5677BAD9DF77:java.util.concurrent.CompletableFuture@6501daa3[Not completed]
2019-07-13 12:37:28,599 INFO  impl.RaftServerProxy (RaftServerProxy.java:addNew(89)) - 5192ca16-d261-458a-b2b0-5884a2408506: addNew group-5677BAD9DF77:[7c7a445e-d815-4048-bc30-41877607b145:192.168.5.181:32937, 5192ca16-d261-458a-b2b0-5884a2408506:192.168.5.181:44410, b012e42f-9c95-466d-840f-be23eeb33af9:192.168.5.181:33283] returns group-5677BAD9DF77:java.util.concurrent.CompletableFuture@4a2b10cf[Not completed]
2019-07-13 12:37:28,599 INFO  impl.RaftServerProxy (RaftServerProxy.java:addNew(89)) - 7c7a445e-d815-4048-bc30-41877607b145: addNew group-5677BAD9DF77:[7c7a445e-d815-4048-bc30-41877607b145:192.168.5.181:32937, 5192ca16-d261-458a-b2b0-5884a2408506:192.168.5.181:44410, b012e42f-9c95-466d-840f-be23eeb33af9:192.168.5.181:33283] returns group-5677BAD9DF77:java.util.concurrent.CompletableFuture@2c7ac6f8[Not completed]
2019-07-13 12:37:28,599 INFO  impl.RaftServerImpl (RaftServerImpl.java:<init>(93)) - b012e42f-9c95-466d-840f-be23eeb33af9: new RaftServerImpl for group-5677BAD9DF77:[7c7a445e-d815-4048-bc30-41877607b145:192.168.5.181:32937, 5192ca16-d261-458a-b2b0-5884a2408506:192.168.5.181:44410, b012e42f-9c95-466d-840f-be23eeb33af9:192.168.5.181:33283] with ContainerStateMachine:uninitialized
2019-07-13 12:37:28,599 INFO  server.RaftServerConfigKeys (ConfUtils.java:logGet(43)) - raft.server.rpc.timeout.min = 5s (custom)
2019-07-13 12:37:28,600 INFO  server.RaftServerConfigKeys (ConfUtils.java:logGet(43)) - raft.server.rpc.timeout.max = 5200ms (custom)
2019-07-13 12:37:28,600 INFO  server.RaftServerConfigKeys (ConfUtils.java:logGet(43)) - raft.server.rpcslowness.timeout = 120s (custom)
2019-07-13 12:37:28,600 INFO  impl.RaftServerImpl (RaftServerImpl.java:<init>(93)) - 5192ca16-d261-458a-b2b0-5884a2408506: new RaftServerImpl for group-5677BAD9DF77:[7c7a445e-d815-4048-bc30-41877607b145:192.168.5.181:32937, 5192ca16-d261-458a-b2b0-5884a2408506:192.168.5.181:44410, b012e42f-9c95-466d-840f-be23eeb33af9:192.168.5.181:33283] with ContainerStateMachine:uninitialized
2019-07-13 12:37:28,600 INFO  server.RaftServerConfigKeys (ConfUtils.java:logGet(43)) - raft.server.sleep.deviation.threshold = 300 (default)
2019-07-13 12:37:28,600 INFO  server.RaftServerConfigKeys (ConfUtils.java:logGet(43)) - raft.server.rpc.timeout.min = 5s (custom)
2019-07-13 12:37:28,600 INFO  impl.RaftServerImpl (RaftServerImpl.java:<init>(93)) - 7c7a445e-d815-4048-bc30-41877607b145: new RaftServerImpl for group-5677BAD9DF77:[7c7a445e-d815-4048-bc30-41877607b145:192.168.5.181:32937, 5192ca16-d261-458a-b2b0-5884a2408506:192.168.5.181:44410, b012e42f-9c95-466d-840f-be23eeb33af9:192.168.5.181:33283] with ContainerStateMachine:uninitialized
2019-07-13 12:37:28,600 INFO  server.RaftServerConfigKeys (ConfUtils.java:logGet(43)) - raft.server.log.appender.install.snapshot.enabled = false (custom)
2019-07-13 12:37:28,600 INFO  server.RaftServerConfigKeys (ConfUtils.java:logGet(43)) - raft.server.rpc.timeout.min = 5s (custom)
2019-07-13 12:37:28,601 INFO  server.RaftServerConfigKeys (ConfUtils.java:logGet(43)) - raft.server.rpc.timeout.max = 5200ms (custom)
2019-07-13 12:37:28,600 INFO  server.RaftServerConfigKeys (ConfUtils.java:logGet(43)) - raft.server.rpc.timeout.max = 5200ms (custom)
2019-07-13 12:37:28,601 INFO  server.RaftServerConfigKeys (ConfUtils.java:logGet(43)) - raft.server.rpcslowness.timeout = 120s (custom)
2019-07-13 12:37:28,601 INFO  server.RaftServerConfigKeys (ConfUtils.java:logGet(43)) - raft.server.sleep.deviation.threshold = 300 (default)
2019-07-13 12:37:28,600 INFO  impl.RaftServerImpl (ServerState.java:<init>(105)) - b012e42f-9c95-466d-840f-be23eeb33af9:group-5677BAD9DF77 ConfigurationManager, init=-1: [7c7a445e-d815-4048-bc30-41877607b145:192.168.5.181:32937, 5192ca16-d261-458a-b2b0-5884a2408506:192.168.5.181:44410, b012e42f-9c95-466d-840f-be23eeb33af9:192.168.5.181:33283], old=null, confs=<EMPTY_MAP>
2019-07-13 12:37:28,601 INFO  server.RaftServerConfigKeys (ConfUtils.java:logGet(43)) - raft.server.log.appender.install.snapshot.enabled = false (custom)
2019-07-13 12:37:28,601 INFO  server.RaftServerConfigKeys (ConfUtils.java:logGet(43)) - raft.server.rpcslowness.timeout = 120s (custom)
2019-07-13 12:37:28,601 INFO  impl.RaftServerImpl (ServerState.java:<init>(105)) - 7c7a445e-d815-4048-bc30-41877607b145:group-5677BAD9DF77 ConfigurationManager, init=-1: [7c7a445e-d815-4048-bc30-41877607b145:192.168.5.181:32937, 5192ca16-d261-458a-b2b0-5884a2408506:192.168.5.181:44410, b012e42f-9c95-466d-840f-be23eeb33af9:192.168.5.181:33283], old=null, confs=<EMPTY_MAP>
2019-07-13 12:37:28,601 INFO  server.RaftServerConfigKeys (ConfUtils.java:logGet(43)) - raft.server.storage.dir = [/tmp/workdir/hadoop-ozone/integration-test/target/test-dir/MiniOzoneClusterImpl-f238f8c9-6f68-435d-bc7a-6e3a5f15428f/datanode-4/data/ratis] (custom)
2019-07-13 12:37:28,602 INFO  server.RaftServerConfigKeys (ConfUtils.java:logGet(43)) - raft.server.storage.dir = [/tmp/workdir/hadoop-ozone/integration-test/target/test-dir/MiniOzoneClusterImpl-f238f8c9-6f68-435d-bc7a-6e3a5f15428f/datanode-3/data/ratis] (custom)
2019-07-13 12:37:28,602 INFO  server.RaftServerConfigKeys (ConfUtils.java:logGet(43)) - raft.server.sleep.deviation.threshold = 300 (default)
2019-07-13 12:37:28,602 INFO  storage.RaftStorageDirectory (RaftStorageDirectory.java:analyzeStorage(246)) - The storage directory /tmp/workdir/hadoop-ozone/integration-test/target/test-dir/MiniOzoneClusterImpl-f238f8c9-6f68-435d-bc7a-6e3a5f15428f/datanode-4/data/ratis/8858441d-5437-421d-afd3-5677bad9df77 does not exist. Creating ...
2019-07-13 12:37:28,602 INFO  storage.RaftStorageDirectory (RaftStorageDirectory.java:analyzeStorage(246)) - The storage directory /tmp/workdir/hadoop-ozone/integration-test/target/test-dir/MiniOzoneClusterImpl-f238f8c9-6f68-435d-bc7a-6e3a5f15428f/datanode-3/data/ratis/8858441d-5437-421d-afd3-5677bad9df77 does not exist. Creating ...
2019-07-13 12:37:28,602 INFO  server.RaftServerConfigKeys (ConfUtils.java:logGet(43)) - raft.server.log.appender.install.snapshot.enabled = false (custom)
2019-07-13 12:37:28,603 INFO  impl.RaftServerImpl (ServerState.java:<init>(105)) - 5192ca16-d261-458a-b2b0-5884a2408506:group-5677BAD9DF77 ConfigurationManager, init=-1: [7c7a445e-d815-4048-bc30-41877607b145:192.168.5.181:32937, 5192ca16-d261-458a-b2b0-5884a2408506:192.168.5.181:44410, b012e42f-9c95-466d-840f-be23eeb33af9:192.168.5.181:33283], old=null, confs=<EMPTY_MAP>
2019-07-13 12:37:28,603 INFO  server.RaftServerConfigKeys (ConfUtils.java:logGet(43)) - raft.server.storage.dir = [/tmp/workdir/hadoop-ozone/integration-test/target/test-dir/MiniOzoneClusterImpl-f238f8c9-6f68-435d-bc7a-6e3a5f15428f/datanode-5/data/ratis] (custom)
2019-07-13 12:37:28,603 INFO  storage.RaftStorageDirectory (RaftStorageDirectory.java:analyzeStorage(246)) - The storage directory /tmp/workdir/hadoop-ozone/integration-test/target/test-dir/MiniOzoneClusterImpl-f238f8c9-6f68-435d-bc7a-6e3a5f15428f/datanode-5/data/ratis/8858441d-5437-421d-afd3-5677bad9df77 does not exist. Creating ...
2019-07-13 12:37:28,615 INFO  storage.RaftStorageDirectory (RaftStorageDirectory.java:tryLock(328)) - Lock on /tmp/workdir/hadoop-ozone/integration-test/target/test-dir/MiniOzoneClusterImpl-f238f8c9-6f68-435d-bc7a-6e3a5f15428f/datanode-5/data/ratis/8858441d-5437-421d-afd3-5677bad9df77/in_use.lock acquired by nodename 32027@trunk-nightly-q2gwj-1111726333
2019-07-13 12:37:28,615 INFO  storage.RaftStorageDirectory (RaftStorageDirectory.java:tryLock(328)) - Lock on /tmp/workdir/hadoop-ozone/integration-test/target/test-dir/MiniOzoneClusterImpl-f238f8c9-6f68-435d-bc7a-6e3a5f15428f/datanode-4/data/ratis/8858441d-5437-421d-afd3-5677bad9df77/in_use.lock acquired by nodename 32027@trunk-nightly-q2gwj-1111726333
2019-07-13 12:37:28,615 INFO  storage.RaftStorageDirectory (RaftStorageDirectory.java:tryLock(328)) - Lock on /tmp/workdir/hadoop-ozone/integration-test/target/test-dir/MiniOzoneClusterImpl-f238f8c9-6f68-435d-bc7a-6e3a5f15428f/datanode-3/data/ratis/8858441d-5437-421d-afd3-5677bad9df77/in_use.lock acquired by nodename 32027@trunk-nightly-q2gwj-1111726333
2019-07-13 12:37:28,630 INFO  storage.RaftStorage (RaftStorage.java:format(72)) - Storage directory /tmp/workdir/hadoop-ozone/integration-test/target/test-dir/MiniOzoneClusterImpl-f238f8c9-6f68-435d-bc7a-6e3a5f15428f/datanode-3/data/ratis/8858441d-5437-421d-afd3-5677bad9df77 has been successfully formatted.
2019-07-13 12:37:28,630 INFO  storage.RaftStorage (RaftStorage.java:format(72)) - Storage directory /tmp/workdir/hadoop-ozone/integration-test/target/test-dir/MiniOzoneClusterImpl-f238f8c9-6f68-435d-bc7a-6e3a5f15428f/datanode-5/data/ratis/8858441d-5437-421d-afd3-5677bad9df77 has been successfully formatted.
2019-07-13 12:37:28,630 INFO  storage.RaftStorage (RaftStorage.java:format(72)) - Storage directory /tmp/workdir/hadoop-ozone/integration-test/target/test-dir/MiniOzoneClusterImpl-f238f8c9-6f68-435d-bc7a-6e3a5f15428f/datanode-4/data/ratis/8858441d-5437-421d-afd3-5677bad9df77 has been successfully formatted.
2019-07-13 12:37:28,631 INFO  ratis.ContainerStateMachine (ContainerStateMachine.java:loadSnapshot(200)) - The snapshot info is null.Setting the last applied index to:(t:0, i:~)
2019-07-13 12:37:28,631 INFO  ratis.ContainerStateMachine (ContainerStateMachine.java:loadSnapshot(200)) - The snapshot info is null.Setting the last applied index to:(t:0, i:~)
2019-07-13 12:37:28,630 INFO  ratis.ContainerStateMachine (ContainerStateMachine.java:loadSnapshot(200)) - The snapshot info is null.Setting the last applied index to:(t:0, i:~)
2019-07-13 12:37:28,631 INFO  server.RaftServerConfigKeys (ConfUtils.java:logGet(43)) - raft.server.leader.election.timeout = 120s (custom)
2019-07-13 12:37:28,631 INFO  server.RaftServerConfigKeys (ConfUtils.java:logGet(43)) - raft.server.log.use.memory = false (default)
2019-07-13 12:37:28,631 INFO  server.RaftServerConfigKeys (ConfUtils.java:logGet(43)) - raft.server.leader.election.timeout = 120s (custom)
2019-07-13 12:37:28,631 INFO  server.RaftServerConfigKeys (ConfUtils.java:logGet(43)) - raft.server.log.purge.gap = 1000000000 (custom)
2019-07-13 12:37:28,632 INFO  server.RaftServerConfigKeys (ConfUtils.java:logGet(43)) - raft.server.log.appender.buffer.byte-limit = 33554432 (custom)
2019-07-13 12:37:28,631 INFO  server.RaftServerConfigKeys (ConfUtils.java:logGet(43)) - raft.server.leader.election.timeout = 120s (custom)
2019-07-13 12:37:28,632 INFO  server.RaftServerConfigKeys (ConfUtils.java:logGet(43)) - raft.server.log.segment.size.max = 1048576 (custom)
2019-07-13 12:37:28,632 INFO  server.RaftServerConfigKeys (ConfUtils.java:logGet(43)) - raft.server.log.segment.cache.num.max = 2 (custom)
2019-07-13 12:37:28,632 INFO  server.RaftServerConfigKeys (ConfUtils.java:logGet(43)) - raft.server.log.use.memory = false (default)
2019-07-13 12:37:28,632 INFO  segmented.SegmentedRaftLogWorker (SegmentedRaftLogWorker.java:<init>(172)) - new b012e42f-9c95-466d-840f-be23eeb33af9-SegmentedRaftLogWorker:Storage Directory /tmp/workdir/hadoop-ozone/integration-test/target/test-dir/MiniOzoneClusterImpl-f238f8c9-6f68-435d-bc7a-6e3a5f15428f/datanode-4/data/ratis/8858441d-5437-421d-afd3-5677bad9df77 for RaftStorage:Storage Directory /tmp/workdir/hadoop-ozone/integration-test/target/test-dir/MiniOzoneClusterImpl-f238f8c9-6f68-435d-bc7a-6e3a5f15428f/datanode-4/data/ratis/8858441d-5437-421d-afd3-5677bad9df77
2019-07-13 12:37:28,632 INFO  server.RaftServerConfigKeys (ConfUtils.java:logGet(43)) - raft.server.log.use.memory = false (default)
2019-07-13 12:37:28,632 INFO  server.RaftServerConfigKeys (ConfUtils.java:logGet(43)) - raft.server.log.queue.byte-limit = 2147483647 (custom)
2019-07-13 12:37:28,632 INFO  server.RaftServerConfigKeys (ConfUtils.java:logGet(43)) - raft.server.log.purge.gap = 1000000000 (custom)
2019-07-13 12:37:28,633 INFO  server.RaftServerConfigKeys (ConfUtils.java:logGet(43)) - raft.server.log.queue.element-limit = 1024 (custom)
2019-07-13 12:37:28,633 INFO  server.RaftServerConfigKeys (ConfUtils.java:logGet(43)) - raft.server.log.segment.size.max = 1048576 (custom)
2019-07-13 12:37:28,633 INFO  server.RaftServerConfigKeys (ConfUtils.java:logGet(43)) - raft.server.log.purge.gap = 1000000000 (custom)
2019-07-13 12:37:28,633 INFO  server.RaftServerConfigKeys (ConfUtils.java:logGet(43)) - raft.server.log.preallocated.size = 16384 (custom)
2019-07-13 12:37:28,633 INFO  server.RaftServerConfigKeys (ConfUtils.java:logGet(43)) - raft.server.log.write.buffer.size = 33554432 (custom)
2019-07-13 12:37:28,633 INFO  server.RaftServerConfigKeys (ConfUtils.java:logGet(43)) - raft.server.log.appender.buffer.byte-limit = 33554432 (custom)
2019-07-13 12:37:28,634 INFO  server.RaftServerConfigKeys (ConfUtils.java:logGet(43)) - raft.server.log.force.sync.num = 128 (default)
2019-07-13 12:37:28,633 INFO  server.RaftServerConfigKeys (ConfUtils.java:logGet(43)) - raft.server.log.appender.buffer.byte-limit = 33554432 (custom)
2019-07-13 12:37:28,634 INFO  server.RaftServerConfigKeys (ConfUtils.java:logGet(43)) - raft.server.log.statemachine.data.sync = true (default)
2019-07-13 12:37:28,634 INFO  server.RaftServerConfigKeys (ConfUtils.java:logGet(43)) - raft.server.log.segment.size.max = 1048576 (custom)
2019-07-13 12:37:28,634 INFO  server.RaftServerConfigKeys (ConfUtils.java:logGet(43)) - raft.server.log.statemachine.data.sync.timeout = 10s (default)
2019-07-13 12:37:28,634 INFO  server.RaftServerConfigKeys (ConfUtils.java:logGet(43)) - raft.server.log.statemachine.data.sync.timeout.retry = -1 (default)
2019-07-13 12:37:28,634 INFO  server.RaftServerConfigKeys (ConfUtils.java:logGet(43)) - raft.server.log.segment.size.max = 1048576 (custom)
2019-07-13 12:37:28,635 INFO  server.RaftServerConfigKeys (ConfUtils.java:logGet(43)) - raft.server.log.statemachine.data.caching.enabled = true (custom)
2019-07-13 12:37:28,634 INFO  server.RaftServerConfigKeys (ConfUtils.java:logGet(43)) - raft.server.log.segment.cache.num.max = 2 (custom)
2019-07-13 12:37:28,635 INFO  segmented.SegmentedRaftLogWorker (SegmentedRaftLogWorker.java:lambda$new$0(132)) - b012e42f-9c95-466d-840f-be23eeb33af9-SegmentedRaftLogWorker:Storage Directory /tmp/workdir/hadoop-ozone/integration-test/target/test-dir/MiniOzoneClusterImpl-f238f8c9-6f68-435d-bc7a-6e3a5f15428f/datanode-4/data/ratis/8858441d-5437-421d-afd3-5677bad9df77: flushIndex: setUnconditionally 0 -> -1
2019-07-13 12:37:28,635 INFO  segmented.SegmentedRaftLogWorker (SegmentedRaftLogWorker.java:<init>(172)) - new 5192ca16-d261-458a-b2b0-5884a2408506-SegmentedRaftLogWorker:Storage Directory /tmp/workdir/hadoop-ozone/integration-test/target/test-dir/MiniOzoneClusterImpl-f238f8c9-6f68-435d-bc7a-6e3a5f15428f/datanode-5/data/ratis/8858441d-5437-421d-afd3-5677bad9df77 for RaftStorage:Storage Directory /tmp/workdir/hadoop-ozone/integration-test/target/test-dir/MiniOzoneClusterImpl-f238f8c9-6f68-435d-bc7a-6e3a5f15428f/datanode-5/data/ratis/8858441d-5437-421d-afd3-5677bad9df77
2019-07-13 12:37:28,635 INFO  server.RaftServerConfigKeys (ConfUtils.java:logGet(43)) - raft.server.log.segment.cache.num.max = 2 (custom)
2019-07-13 12:37:28,635 INFO  server.RaftServerConfigKeys (ConfUtils.java:logGet(43)) - raft.server.snapshot.auto.trigger.enabled = true (custom)
2019-07-13 12:37:28,635 INFO  server.RaftServerConfigKeys (ConfUtils.java:logGet(43)) - raft.server.log.queue.byte-limit = 2147483647 (custom)
2019-07-13 12:37:28,636 INFO  server.RaftServerConfigKeys (ConfUtils.java:logGet(43)) - raft.server.snapshot.auto.trigger.threshold = 10000 (custom)
2019-07-13 12:37:28,635 INFO  segmented.SegmentedRaftLogWorker (SegmentedRaftLogWorker.java:<init>(172)) - new 7c7a445e-d815-4048-bc30-41877607b145-SegmentedRaftLogWorker:Storage Directory /tmp/workdir/hadoop-ozone/integration-test/target/test-dir/MiniOzoneClusterImpl-f238f8c9-6f68-435d-bc7a-6e3a5f15428f/datanode-3/data/ratis/8858441d-5437-421d-afd3-5677bad9df77 for RaftStorage:Storage Directory /tmp/workdir/hadoop-ozone/integration-test/target/test-dir/MiniOzoneClusterImpl-f238f8c9-6f68-435d-bc7a-6e3a5f15428f/datanode-3/data/ratis/8858441d-5437-421d-afd3-5677bad9df77
2019-07-13 12:37:28,636 INFO  server.RaftServerConfigKeys (ConfUtils.java:logGet(43)) - raft.server.retrycache.expirytime = 600000ms (custom)
2019-07-13 12:37:28,636 INFO  server.RaftServerConfigKeys (ConfUtils.java:logGet(43)) - raft.server.log.queue.element-limit = 1024 (custom)
2019-07-13 12:37:28,636 INFO  impl.RaftServerImpl (RaftServerImpl.java:start(180)) - b012e42f-9c95-466d-840f-be23eeb33af9: start group-5677BAD9DF77
2019-07-13 12:37:28,636 INFO  impl.RaftServerImpl (RaftServerImpl.java:setRole(171)) - b012e42f-9c95-466d-840f-be23eeb33af9:group-5677BAD9DF77 changes role from null to FOLLOWER at term 0 for startAsFollower
2019-07-13 12:37:28,636 INFO  server.RaftServerConfigKeys (ConfUtils.java:logGet(43)) - raft.server.log.queue.byte-limit = 2147483647 (custom)
2019-07-13 12:37:28,637 INFO  impl.RoleInfo (RoleInfo.java:updateAndGet(143)) - b012e42f-9c95-466d-840f-be23eeb33af9: start FollowerState
2019-07-13 12:37:28,636 INFO  server.RaftServerConfigKeys (ConfUtils.java:logGet(43)) - raft.server.log.segment.size.max = 1048576 (custom)
2019-07-13 12:37:28,637 INFO  server.RaftServerConfigKeys (ConfUtils.java:logGet(43)) - raft.server.log.queue.element-limit = 1024 (custom)
2019-07-13 12:37:28,637 INFO  server.RaftServerConfigKeys (ConfUtils.java:logGet(43)) - raft.server.log.preallocated.size = 16384 (custom)
2019-07-13 12:37:28,637 INFO  server.RaftServerConfigKeys (ConfUtils.java:logGet(43)) - raft.server.log.segment.size.max = 1048576 (custom)
2019-07-13 12:37:28,637 INFO  util.JmxRegister (JmxRegister.java:tryRegister(44)) - Successfully registered JMX Bean with object name Ratis:service=RaftServer,group=group-5677BAD9DF77,id=b012e42f-9c95-466d-840f-be23eeb33af9
2019-07-13 12:37:28,637 INFO  server.RaftServerConfigKeys (ConfUtils.java:logGet(43)) - raft.server.log.preallocated.size = 16384 (custom)
2019-07-13 12:37:28,638 INFO  server.RaftServerConfigKeys (ConfUtils.java:logGet(43)) - raft.server.log.write.buffer.size = 33554432 (custom)
2019-07-13 12:37:28,637 INFO  server.RaftServerConfigKeys (ConfUtils.java:logGet(43)) - raft.server.log.write.buffer.size = 33554432 (custom)
2019-07-13 12:37:28,638 INFO  server.RaftServerConfigKeys (ConfUtils.java:logGet(43)) - raft.server.log.force.sync.num = 128 (default)
2019-07-13 12:37:28,638 INFO  server.RaftServerConfigKeys (ConfUtils.java:logGet(43)) - raft.server.log.force.sync.num = 128 (default)
2019-07-13 12:37:28,638 INFO  server.RaftServerConfigKeys (ConfUtils.java:logGet(43)) - raft.server.log.statemachine.data.sync = true (default)
2019-07-13 12:37:28,641 INFO  server.RaftServerConfigKeys (ConfUtils.java:logGet(43)) - raft.server.log.statemachine.data.sync.timeout = 10s (default)
2019-07-13 12:37:28,638 INFO  server.RaftServerConfigKeys (ConfUtils.java:logGet(43)) - raft.server.log.statemachine.data.sync = true (default)
2019-07-13 12:37:28,641 INFO  server.RaftServerConfigKeys (ConfUtils.java:logGet(43)) - raft.server.log.statemachine.data.sync.timeout.retry = -1 (default)
2019-07-13 12:37:28,641 INFO  server.RaftServerConfigKeys (ConfUtils.java:logGet(43)) - raft.server.log.statemachine.data.sync.timeout = 10s (default)
2019-07-13 12:37:28,641 INFO  server.RaftServerConfigKeys (ConfUtils.java:logGet(43)) - raft.server.log.statemachine.data.caching.enabled = true (custom)
2019-07-13 12:37:28,642 INFO  server.RaftServerConfigKeys (ConfUtils.java:logGet(43)) - raft.server.log.statemachine.data.sync.timeout.retry = -1 (default)
2019-07-13 12:37:28,642 INFO  segmented.SegmentedRaftLogWorker (SegmentedRaftLogWorker.java:lambda$new$0(132)) - 7c7a445e-d815-4048-bc30-41877607b145-SegmentedRaftLogWorker:Storage Directory /tmp/workdir/hadoop-ozone/integration-test/target/test-dir/MiniOzoneClusterImpl-f238f8c9-6f68-435d-bc7a-6e3a5f15428f/datanode-3/data/ratis/8858441d-5437-421d-afd3-5677bad9df77: flushIndex: setUnconditionally 0 -> -1
2019-07-13 12:37:28,642 INFO  server.RaftServerConfigKeys (ConfUtils.java:logGet(43)) - raft.server.log.statemachine.data.caching.enabled = true (custom)
2019-07-13 12:37:28,642 INFO  server.RaftServerConfigKeys (ConfUtils.java:logGet(43)) - raft.server.snapshot.auto.trigger.enabled = true (custom)
2019-07-13 12:37:28,642 INFO  server.RaftServerConfigKeys (ConfUtils.java:logGet(43)) - raft.server.snapshot.auto.trigger.threshold = 10000 (custom)
2019-07-13 12:37:28,642 INFO  segmented.SegmentedRaftLogWorker (SegmentedRaftLogWorker.java:lambda$new$0(132)) - 5192ca16-d261-458a-b2b0-5884a2408506-SegmentedRaftLogWorker:Storage Directory /tmp/workdir/hadoop-ozone/integration-test/target/test-dir/MiniOzoneClusterImpl-f238f8c9-6f68-435d-bc7a-6e3a5f15428f/datanode-5/data/ratis/8858441d-5437-421d-afd3-5677bad9df77: flushIndex: setUnconditionally 0 -> -1
2019-07-13 12:37:28,642 INFO  server.RaftServerConfigKeys (ConfUtils.java:logGet(43)) - raft.server.retrycache.expirytime = 600000ms (custom)
2019-07-13 12:37:28,643 INFO  impl.RaftServerImpl (RaftServerImpl.java:start(180)) - 7c7a445e-d815-4048-bc30-41877607b145: start group-5677BAD9DF77
2019-07-13 12:37:28,643 INFO  server.RaftServerConfigKeys (ConfUtils.java:logGet(43)) - raft.server.snapshot.auto.trigger.enabled = true (custom)
2019-07-13 12:37:28,643 INFO  impl.RaftServerImpl (RaftServerImpl.java:setRole(171)) - 7c7a445e-d815-4048-bc30-41877607b145:group-5677BAD9DF77 changes role from null to FOLLOWER at term 0 for startAsFollower
2019-07-13 12:37:28,643 INFO  server.RaftServerConfigKeys (ConfUtils.java:logGet(43)) - raft.server.snapshot.auto.trigger.threshold = 10000 (custom)
2019-07-13 12:37:28,643 INFO  impl.RoleInfo (RoleInfo.java:updateAndGet(143)) - 7c7a445e-d815-4048-bc30-41877607b145: start FollowerState
2019-07-13 12:37:28,643 INFO  server.RaftServerConfigKeys (ConfUtils.java:logGet(43)) - raft.server.retrycache.expirytime = 600000ms (custom)
2019-07-13 12:37:28,644 INFO  impl.RaftServerImpl (RaftServerImpl.java:start(180)) - 5192ca16-d261-458a-b2b0-5884a2408506: start group-5677BAD9DF77
2019-07-13 12:37:28,644 INFO  util.JmxRegister (JmxRegister.java:tryRegister(44)) - Successfully registered JMX Bean with object name Ratis:service=RaftServer,group=group-5677BAD9DF77,id=7c7a445e-d815-4048-bc30-41877607b145
2019-07-13 12:37:28,644 INFO  impl.RaftServerImpl (RaftServerImpl.java:setRole(171)) - 5192ca16-d261-458a-b2b0-5884a2408506:group-5677BAD9DF77 changes role from null to FOLLOWER at term 0 for startAsFollower
2019-07-13 12:37:28,644 INFO  impl.RoleInfo (RoleInfo.java:updateAndGet(143)) - 5192ca16-d261-458a-b2b0-5884a2408506: start FollowerState
2019-07-13 12:37:28,644 INFO  util.JmxRegister (JmxRegister.java:tryRegister(44)) - Successfully registered JMX Bean with object name Ratis:service=RaftServer,group=group-5677BAD9DF77,id=5192ca16-d261-458a-b2b0-5884a2408506
2019-07-13 12:37:28,652 INFO  pipeline.PipelineStateManager (PipelineStateManager.java:addPipeline(56)) - Created pipeline Pipeline[ Id: 8858441d-5437-421d-afd3-5677bad9df77, Nodes: b012e42f-9c95-466d-840f-be23eeb33af9{ip: 192.168.5.181, host: trunk-nightly-q2gwj-1111726333, networkLocation: /default-rack, certSerialId: null}7c7a445e-d815-4048-bc30-41877607b145{ip: 192.168.5.181, host: trunk-nightly-q2gwj-1111726333, networkLocation: /default-rack, certSerialId: null}5192ca16-d261-458a-b2b0-5884a2408506{ip: 192.168.5.181, host: trunk-nightly-q2gwj-1111726333, networkLocation: /default-rack, certSerialId: null}, Type:RATIS, Factor:THREE, State:OPEN]
2019-07-13 12:37:28,722 INFO  ozone.MiniOzoneClusterImpl (MiniOzoneClusterImpl.java:lambda$waitForClusterToBeReady$0(142)) - Waiting for cluster to be ready. Got 6 of 7 DN Heartbeats.
2019-07-13 12:37:28,723 INFO  node.SCMNodeManager (SCMNodeManager.java:register(269)) - Registered Data node : 3e264181-76eb-489e-af50-f97bd83653c1{ip: 192.168.5.181, host: trunk-nightly-q2gwj-1111726333, networkLocation: /default-rack, certSerialId: null}
2019-07-13 12:37:28,729 INFO  impl.RaftServerProxy (RaftServerProxy.java:addNew(89)) - 3e264181-76eb-489e-af50-f97bd83653c1: addNew group-09841340D173:[3e264181-76eb-489e-af50-f97bd83653c1:192.168.5.181:36913] returns group-09841340D173:java.util.concurrent.CompletableFuture@5048dde1[Not completed]
2019-07-13 12:37:28,730 INFO  impl.RaftServerImpl (RaftServerImpl.java:<init>(93)) - 3e264181-76eb-489e-af50-f97bd83653c1: new RaftServerImpl for group-09841340D173:[3e264181-76eb-489e-af50-f97bd83653c1:192.168.5.181:36913] with ContainerStateMachine:uninitialized
2019-07-13 12:37:28,730 INFO  server.RaftServerConfigKeys (ConfUtils.java:logGet(43)) - raft.server.rpc.timeout.min = 5s (custom)
2019-07-13 12:37:28,730 INFO  server.RaftServerConfigKeys (ConfUtils.java:logGet(43)) - raft.server.rpc.timeout.max = 5200ms (custom)
2019-07-13 12:37:28,731 INFO  server.RaftServerConfigKeys (ConfUtils.java:logGet(43)) - raft.server.rpcslowness.timeout = 120s (custom)
2019-07-13 12:37:28,731 INFO  server.RaftServerConfigKeys (ConfUtils.java:logGet(43)) - raft.server.sleep.deviation.threshold = 300 (default)
2019-07-13 12:37:28,731 INFO  server.RaftServerConfigKeys (ConfUtils.java:logGet(43)) - raft.server.log.appender.install.snapshot.enabled = false (custom)
2019-07-13 12:37:28,731 INFO  impl.RaftServerImpl (ServerState.java:<init>(105)) - 3e264181-76eb-489e-af50-f97bd83653c1:group-09841340D173 ConfigurationManager, init=-1: [3e264181-76eb-489e-af50-f97bd83653c1:192.168.5.181:36913], old=null, confs=<EMPTY_MAP>
2019-07-13 12:37:28,731 INFO  server.RaftServerConfigKeys (ConfUtils.java:logGet(43)) - raft.server.storage.dir = [/tmp/workdir/hadoop-ozone/integration-test/target/test-dir/MiniOzoneClusterImpl-f238f8c9-6f68-435d-bc7a-6e3a5f15428f/datanode-6/data/ratis] (custom)
2019-07-13 12:37:28,732 INFO  storage.RaftStorageDirectory (RaftStorageDirectory.java:analyzeStorage(246)) - The storage directory /tmp/workdir/hadoop-ozone/integration-test/target/test-dir/MiniOzoneClusterImpl-f238f8c9-6f68-435d-bc7a-6e3a5f15428f/datanode-6/data/ratis/6739e28d-7aac-480b-a9f5-09841340d173 does not exist. Creating ...
2019-07-13 12:37:28,737 INFO  storage.RaftStorageDirectory (RaftStorageDirectory.java:tryLock(328)) - Lock on /tmp/workdir/hadoop-ozone/integration-test/target/test-dir/MiniOzoneClusterImpl-f238f8c9-6f68-435d-bc7a-6e3a5f15428f/datanode-6/data/ratis/6739e28d-7aac-480b-a9f5-09841340d173/in_use.lock acquired by nodename 32027@trunk-nightly-q2gwj-1111726333
2019-07-13 12:37:28,749 INFO  storage.RaftStorage (RaftStorage.java:format(72)) - Storage directory /tmp/workdir/hadoop-ozone/integration-test/target/test-dir/MiniOzoneClusterImpl-f238f8c9-6f68-435d-bc7a-6e3a5f15428f/datanode-6/data/ratis/6739e28d-7aac-480b-a9f5-09841340d173 has been successfully formatted.
2019-07-13 12:37:28,749 INFO  ratis.ContainerStateMachine (ContainerStateMachine.java:loadSnapshot(200)) - The snapshot info is null.Setting the last applied index to:(t:0, i:~)
2019-07-13 12:37:28,749 INFO  server.RaftServerConfigKeys (ConfUtils.java:logGet(43)) - raft.server.leader.election.timeout = 120s (custom)
2019-07-13 12:37:28,749 INFO  server.RaftServerConfigKeys (ConfUtils.java:logGet(43)) - raft.server.log.use.memory = false (default)
2019-07-13 12:37:28,749 INFO  server.RaftServerConfigKeys (ConfUtils.java:logGet(43)) - raft.server.log.purge.gap = 1000000000 (custom)
2019-07-13 12:37:28,750 INFO  server.RaftServerConfigKeys (ConfUtils.java:logGet(43)) - raft.server.log.appender.buffer.byte-limit = 33554432 (custom)
2019-07-13 12:37:28,750 INFO  server.RaftServerConfigKeys (ConfUtils.java:logGet(43)) - raft.server.log.segment.size.max = 1048576 (custom)
2019-07-13 12:37:28,750 INFO  server.RaftServerConfigKeys (ConfUtils.java:logGet(43)) - raft.server.log.segment.cache.num.max = 2 (custom)
2019-07-13 12:37:28,750 INFO  segmented.SegmentedRaftLogWorker (SegmentedRaftLogWorker.java:<init>(172)) - new 3e264181-76eb-489e-af50-f97bd83653c1-SegmentedRaftLogWorker:Storage Directory /tmp/workdir/hadoop-ozone/integration-test/target/test-dir/MiniOzoneClusterImpl-f238f8c9-6f68-435d-bc7a-6e3a5f15428f/datanode-6/data/ratis/6739e28d-7aac-480b-a9f5-09841340d173 for RaftStorage:Storage Directory /tmp/workdir/hadoop-ozone/integration-test/target/test-dir/MiniOzoneClusterImpl-f238f8c9-6f68-435d-bc7a-6e3a5f15428f/datanode-6/data/ratis/6739e28d-7aac-480b-a9f5-09841340d173
2019-07-13 12:37:28,750 INFO  server.RaftServerConfigKeys (ConfUtils.java:logGet(43)) - raft.server.log.queue.byte-limit = 2147483647 (custom)
2019-07-13 12:37:28,750 INFO  server.RaftServerConfigKeys (ConfUtils.java:logGet(43)) - raft.server.log.queue.element-limit = 1024 (custom)
2019-07-13 12:37:28,751 INFO  server.RaftServerConfigKeys (ConfUtils.java:logGet(43)) - raft.server.log.segment.size.max = 1048576 (custom)
2019-07-13 12:37:28,751 INFO  server.RaftServerConfigKeys (ConfUtils.java:logGet(43)) - raft.server.log.preallocated.size = 16384 (custom)
2019-07-13 12:37:28,751 INFO  server.RaftServerConfigKeys (ConfUtils.java:logGet(43)) - raft.server.log.write.buffer.size = 33554432 (custom)
2019-07-13 12:37:28,751 INFO  server.RaftServerConfigKeys (ConfUtils.java:logGet(43)) - raft.server.log.force.sync.num = 128 (default)
2019-07-13 12:37:28,751 INFO  server.RaftServerConfigKeys (ConfUtils.java:logGet(43)) - raft.server.log.statemachine.data.sync = true (default)
2019-07-13 12:37:28,751 INFO  server.RaftServerConfigKeys (ConfUtils.java:logGet(43)) - raft.server.log.statemachine.data.sync.timeout = 10s (default)
2019-07-13 12:37:28,751 INFO  server.RaftServerConfigKeys (ConfUtils.java:logGet(43)) - raft.server.log.statemachine.data.sync.timeout.retry = -1 (default)
2019-07-13 12:37:28,752 INFO  server.RaftServerConfigKeys (ConfUtils.java:logGet(43)) - raft.server.log.statemachine.data.caching.enabled = true (custom)
2019-07-13 12:37:28,752 INFO  segmented.SegmentedRaftLogWorker (SegmentedRaftLogWorker.java:lambda$new$0(132)) - 3e264181-76eb-489e-af50-f97bd83653c1-SegmentedRaftLogWorker:Storage Directory /tmp/workdir/hadoop-ozone/integration-test/target/test-dir/MiniOzoneClusterImpl-f238f8c9-6f68-435d-bc7a-6e3a5f15428f/datanode-6/data/ratis/6739e28d-7aac-480b-a9f5-09841340d173: flushIndex: setUnconditionally 0 -> -1
2019-07-13 12:37:28,752 INFO  server.RaftServerConfigKeys (ConfUtils.java:logGet(43)) - raft.server.snapshot.auto.trigger.enabled = true (custom)
2019-07-13 12:37:28,752 INFO  server.RaftServerConfigKeys (ConfUtils.java:logGet(43)) - raft.server.snapshot.auto.trigger.threshold = 10000 (custom)
2019-07-13 12:37:28,753 INFO  server.RaftServerConfigKeys (ConfUtils.java:logGet(43)) - raft.server.retrycache.expirytime = 600000ms (custom)
2019-07-13 12:37:28,753 INFO  impl.RaftServerImpl (RaftServerImpl.java:start(180)) - 3e264181-76eb-489e-af50-f97bd83653c1: start group-09841340D173
2019-07-13 12:37:28,753 INFO  impl.RaftServerImpl (RaftServerImpl.java:setRole(171)) - 3e264181-76eb-489e-af50-f97bd83653c1:group-09841340D173 changes role from null to FOLLOWER at term 0 for startAsFollower
2019-07-13 12:37:28,753 INFO  impl.RoleInfo (RoleInfo.java:updateAndGet(143)) - 3e264181-76eb-489e-af50-f97bd83653c1: start FollowerState
2019-07-13 12:37:28,753 INFO  util.JmxRegister (JmxRegister.java:tryRegister(44)) - Successfully registered JMX Bean with object name Ratis:service=RaftServer,group=group-09841340D173,id=3e264181-76eb-489e-af50-f97bd83653c1
2019-07-13 12:37:28,758 INFO  pipeline.PipelineStateManager (PipelineStateManager.java:addPipeline(56)) - Created pipeline Pipeline[ Id: 6739e28d-7aac-480b-a9f5-09841340d173, Nodes: 3e264181-76eb-489e-af50-f97bd83653c1{ip: 192.168.5.181, host: trunk-nightly-q2gwj-1111726333, networkLocation: /default-rack, certSerialId: null}, Type:RATIS, Factor:ONE, State:OPEN]
2019-07-13 12:37:29,722 INFO  ozone.MiniOzoneClusterImpl (MiniOzoneClusterImpl.java:lambda$waitForClusterToBeReady$0(142)) - Cluster is ready. Got 7 of 7 DN Heartbeats.
2019-07-13 12:37:29,756 INFO  rpc.RpcClient (RpcClient.java:createVolume(287)) - Creating Volume: testblockoutputstream, with jenkins1000 as owner.
2019-07-13 12:37:29,772 INFO  rpc.RpcClient (RpcClient.java:createBucket(424)) - Creating Bucket: testblockoutputstream/testblockoutputstream, with Versioning false and Storage Type set to DISK and Encryption set to false 
2019-07-13 12:37:29,804 INFO  client.GrpcClientProtocolClient (GrpcClientProtocolClient.java:onNext(255)) - client-458ECB85E5C2->b012e42f-9c95-466d-840f-be23eeb33af9: receive RaftClientReply:client-458ECB85E5C2->b012e42f-9c95-466d-840f-be23eeb33af9@group-5677BAD9DF77, cid=206, FAILED org.apache.ratis.protocol.NotLeaderException: Server b012e42f-9c95-466d-840f-be23eeb33af9 is not the leader (null). Request must be sent to leader., logIndex=0, commits[b012e42f-9c95-466d-840f-be23eeb33af9:c-1]
2019-07-13 12:37:30,498 INFO  container.ReplicationManager (ReplicationManager.java:start(155)) - Starting Replication Monitor Thread.
2019-07-13 12:37:30,502 INFO  container.ReplicationManager (ReplicationManager.java:run(207)) - Replication Monitor Thread took 1 milliseconds for processing 1 containers.
2019-07-13 12:37:30,819 INFO  client.GrpcClientProtocolClient (GrpcClientProtocolClient.java:onNext(255)) - client-458ECB85E5C2->5192ca16-d261-458a-b2b0-5884a2408506: receive RaftClientReply:client-458ECB85E5C2->5192ca16-d261-458a-b2b0-5884a2408506@group-5677BAD9DF77, cid=206, FAILED org.apache.ratis.protocol.NotLeaderException: Server 5192ca16-d261-458a-b2b0-5884a2408506 is not the leader (null). Request must be sent to leader., logIndex=0, commits[5192ca16-d261-458a-b2b0-5884a2408506:c-1]
2019-07-13 12:37:30,825 WARN  nio.NioEventLoop (NioEventLoop.java:select(786)) - Selector.select() returned prematurely {} times in a row; rebuilding Selector {}.
2019-07-13 12:37:30,825 INFO  nio.NioEventLoop (NioEventLoop.java:rebuildSelector0(396)) - Migrated 0 channel(s) to the new Selector.
2019-07-13 12:37:31,831 INFO  client.GrpcClientProtocolClient (GrpcClientProtocolClient.java:onNext(255)) - client-458ECB85E5C2->b012e42f-9c95-466d-840f-be23eeb33af9: receive RaftClientReply:client-458ECB85E5C2->b012e42f-9c95-466d-840f-be23eeb33af9@group-5677BAD9DF77, cid=206, FAILED org.apache.ratis.protocol.NotLeaderException: Server b012e42f-9c95-466d-840f-be23eeb33af9 is not the leader (null). Request must be sent to leader., logIndex=0, commits[b012e42f-9c95-466d-840f-be23eeb33af9:c-1]
2019-07-13 12:37:32,726 INFO  impl.FollowerState (FollowerState.java:run(106)) - d8d2f301-6e83-417c-9259-177b517f1750:group-A0F518D65588 changes to CANDIDATE, lastRpcTime:5189, electionTimeout:5189ms
2019-07-13 12:37:32,726 INFO  impl.RoleInfo (RoleInfo.java:shutdownFollowerState(121)) - d8d2f301-6e83-417c-9259-177b517f1750: shutdown FollowerState
2019-07-13 12:37:32,726 INFO  impl.RaftServerImpl (RaftServerImpl.java:setRole(171)) - d8d2f301-6e83-417c-9259-177b517f1750:group-A0F518D65588 changes role from FOLLOWER to CANDIDATE at term 0 for changeToCandidate
2019-07-13 12:37:32,727 INFO  impl.RoleInfo (RoleInfo.java:updateAndGet(143)) - d8d2f301-6e83-417c-9259-177b517f1750: start LeaderElection
2019-07-13 12:37:32,750 INFO  impl.LeaderElection (LeaderElection.java:askForVotes(181)) - d8d2f301-6e83-417c-9259-177b517f1750:group-A0F518D65588:LeaderElection85: begin an election at term 1 for -1: [d8d2f301-6e83-417c-9259-177b517f1750:192.168.5.181:38218], old=null
2019-07-13 12:37:32,750 INFO  impl.RoleInfo (RoleInfo.java:shutdownLeaderElection(134)) - d8d2f301-6e83-417c-9259-177b517f1750: shutdown LeaderElection
2019-07-13 12:37:32,750 INFO  impl.RaftServerImpl (RaftServerImpl.java:setRole(171)) - d8d2f301-6e83-417c-9259-177b517f1750:group-A0F518D65588 changes role from CANDIDATE to LEADER at term 1 for changeToLeader
2019-07-13 12:37:32,750 INFO  impl.RaftServerImpl (ServerState.java:setLeader(263)) - d8d2f301-6e83-417c-9259-177b517f1750:group-A0F518D65588 change Leader from null to d8d2f301-6e83-417c-9259-177b517f1750 at term 1 for becomeLeader, leader elected after 5219ms
2019-07-13 12:37:32,750 INFO  server.RaftServerConfigKeys (ConfUtils.java:logGet(43)) - raft.server.staging.catchup.gap = 1000 (default)
2019-07-13 12:37:32,750 INFO  server.RaftServerConfigKeys (ConfUtils.java:logGet(43)) - raft.server.rpc.sleep.time = 25ms (default)
2019-07-13 12:37:32,751 INFO  server.RaftServerConfigKeys (ConfUtils.java:logGet(43)) - raft.server.write.element-limit = 4096 (default)
2019-07-13 12:37:32,751 INFO  server.RaftServerConfigKeys (ConfUtils.java:logGet(43)) - raft.server.watch.timeout = 10s (default)
2019-07-13 12:37:32,751 INFO  server.RaftServerConfigKeys (ConfUtils.java:logGet(43)) - raft.server.watch.timeout.denomination = 1s (default)
2019-07-13 12:37:32,751 INFO  server.RaftServerConfigKeys (ConfUtils.java:logGet(43)) - raft.server.watch.element-limit = 65536 (default)
2019-07-13 12:37:32,751 INFO  impl.RoleInfo (RoleInfo.java:updateAndGet(143)) - d8d2f301-6e83-417c-9259-177b517f1750: start LeaderState
2019-07-13 12:37:32,752 INFO  segmented.SegmentedRaftLogWorker (SegmentedRaftLogWorker.java:startLogSegment(380)) - d8d2f301-6e83-417c-9259-177b517f1750-SegmentedRaftLogWorker:Storage Directory /tmp/workdir/hadoop-ozone/integration-test/target/test-dir/MiniOzoneClusterImpl-f238f8c9-6f68-435d-bc7a-6e3a5f15428f/datanode-0/data/ratis/1d41ffb0-57ff-4ac6-af9a-a0f518d65588: Starting segment from index:0
2019-07-13 12:37:32,752 INFO  impl.RaftServerImpl (ServerState.java:setRaftConf(361)) - d8d2f301-6e83-417c-9259-177b517f1750:group-A0F518D65588 set configuration 0: [d8d2f301-6e83-417c-9259-177b517f1750:192.168.5.181:38218], old=null at 0
2019-07-13 12:37:32,760 INFO  impl.FollowerState (FollowerState.java:run(106)) - fbc434c9-ed63-4aa3-abea-d0e122c0a7f1:group-0E48DC912DF3 changes to CANDIDATE, lastRpcTime:5086, electionTimeout:5086ms
2019-07-13 12:37:32,760 INFO  impl.RoleInfo (RoleInfo.java:shutdownFollowerState(121)) - fbc434c9-ed63-4aa3-abea-d0e122c0a7f1: shutdown FollowerState
2019-07-13 12:37:32,761 INFO  impl.RaftServerImpl (RaftServerImpl.java:setRole(171)) - fbc434c9-ed63-4aa3-abea-d0e122c0a7f1:group-0E48DC912DF3 changes role from FOLLOWER to CANDIDATE at term 0 for changeToCandidate
2019-07-13 12:37:32,761 INFO  impl.RoleInfo (RoleInfo.java:updateAndGet(143)) - fbc434c9-ed63-4aa3-abea-d0e122c0a7f1: start LeaderElection
2019-07-13 12:37:32,782 INFO  segmented.SegmentedRaftLogWorker (SegmentedRaftLogWorker.java:execute(569)) - d8d2f301-6e83-417c-9259-177b517f1750-SegmentedRaftLogWorker:Storage Directory /tmp/workdir/hadoop-ozone/integration-test/target/test-dir/MiniOzoneClusterImpl-f238f8c9-6f68-435d-bc7a-6e3a5f15428f/datanode-0/data/ratis/1d41ffb0-57ff-4ac6-af9a-a0f518d65588: created new log segment /tmp/workdir/hadoop-ozone/integration-test/target/test-dir/MiniOzoneClusterImpl-f238f8c9-6f68-435d-bc7a-6e3a5f15428f/datanode-0/data/ratis/1d41ffb0-57ff-4ac6-af9a-a0f518d65588/current/log_inprogress_0
2019-07-13 12:37:32,783 INFO  impl.LeaderElection (LeaderElection.java:askForVotes(181)) - fbc434c9-ed63-4aa3-abea-d0e122c0a7f1:group-0E48DC912DF3:LeaderElection86: begin an election at term 1 for -1: [fbc434c9-ed63-4aa3-abea-d0e122c0a7f1:192.168.5.181:38045], old=null
2019-07-13 12:37:32,783 INFO  impl.RoleInfo (RoleInfo.java:shutdownLeaderElection(134)) - fbc434c9-ed63-4aa3-abea-d0e122c0a7f1: shutdown LeaderElection
2019-07-13 12:37:32,783 INFO  impl.RaftServerImpl (RaftServerImpl.java:setRole(171)) - fbc434c9-ed63-4aa3-abea-d0e122c0a7f1:group-0E48DC912DF3 changes role from CANDIDATE to LEADER at term 1 for changeToLeader
2019-07-13 12:37:32,783 INFO  impl.RaftServerImpl (ServerState.java:setLeader(263)) - fbc434c9-ed63-4aa3-abea-d0e122c0a7f1:group-0E48DC912DF3 change Leader from null to fbc434c9-ed63-4aa3-abea-d0e122c0a7f1 at term 1 for becomeLeader, leader elected after 5114ms
2019-07-13 12:37:32,783 INFO  server.RaftServerConfigKeys (ConfUtils.java:logGet(43)) - raft.server.staging.catchup.gap = 1000 (default)
2019-07-13 12:37:32,783 INFO  server.RaftServerConfigKeys (ConfUtils.java:logGet(43)) - raft.server.rpc.sleep.time = 25ms (default)
2019-07-13 12:37:32,783 INFO  server.RaftServerConfigKeys (ConfUtils.java:logGet(43)) - raft.server.write.element-limit = 4096 (default)
2019-07-13 12:37:32,784 INFO  server.RaftServerConfigKeys (ConfUtils.java:logGet(43)) - raft.server.watch.timeout = 10s (default)
2019-07-13 12:37:32,784 INFO  server.RaftServerConfigKeys (ConfUtils.java:logGet(43)) - raft.server.watch.timeout.denomination = 1s (default)
2019-07-13 12:37:32,784 INFO  server.RaftServerConfigKeys (ConfUtils.java:logGet(43)) - raft.server.watch.element-limit = 65536 (default)
2019-07-13 12:37:32,784 INFO  impl.RoleInfo (RoleInfo.java:updateAndGet(143)) - fbc434c9-ed63-4aa3-abea-d0e122c0a7f1: start LeaderState
2019-07-13 12:37:32,784 INFO  segmented.SegmentedRaftLogWorker (SegmentedRaftLogWorker.java:startLogSegment(380)) - fbc434c9-ed63-4aa3-abea-d0e122c0a7f1-SegmentedRaftLogWorker:Storage Directory /tmp/workdir/hadoop-ozone/integration-test/target/test-dir/MiniOzoneClusterImpl-f238f8c9-6f68-435d-bc7a-6e3a5f15428f/datanode-1/data/ratis/0de57221-43bd-48eb-846c-0e48dc912df3: Starting segment from index:0
2019-07-13 12:37:32,785 INFO  impl.RaftServerImpl (ServerState.java:setRaftConf(361)) - fbc434c9-ed63-4aa3-abea-d0e122c0a7f1:group-0E48DC912DF3 set configuration 0: [fbc434c9-ed63-4aa3-abea-d0e122c0a7f1:192.168.5.181:38045], old=null at 0
2019-07-13 12:37:32,807 INFO  segmented.SegmentedRaftLogWorker (SegmentedRaftLogWorker.java:execute(569)) - fbc434c9-ed63-4aa3-abea-d0e122c0a7f1-SegmentedRaftLogWorker:Storage Directory /tmp/workdir/hadoop-ozone/integration-test/target/test-dir/MiniOzoneClusterImpl-f238f8c9-6f68-435d-bc7a-6e3a5f15428f/datanode-1/data/ratis/0de57221-43bd-48eb-846c-0e48dc912df3: created new log segment /tmp/workdir/hadoop-ozone/integration-test/target/test-dir/MiniOzoneClusterImpl-f238f8c9-6f68-435d-bc7a-6e3a5f15428f/datanode-1/data/ratis/0de57221-43bd-48eb-846c-0e48dc912df3/current/log_inprogress_0
2019-07-13 12:37:32,833 INFO  impl.FollowerState (FollowerState.java:run(106)) - c87b7a49-17c5-4210-9f71-f69682532099:group-3AE4982FB2CF changes to CANDIDATE, lastRpcTime:5003, electionTimeout:5003ms
2019-07-13 12:37:32,833 INFO  impl.RoleInfo (RoleInfo.java:shutdownFollowerState(121)) - c87b7a49-17c5-4210-9f71-f69682532099: shutdown FollowerState
2019-07-13 12:37:32,833 INFO  impl.RaftServerImpl (RaftServerImpl.java:setRole(171)) - c87b7a49-17c5-4210-9f71-f69682532099:group-3AE4982FB2CF changes role from FOLLOWER to CANDIDATE at term 0 for changeToCandidate
2019-07-13 12:37:32,833 INFO  impl.RoleInfo (RoleInfo.java:updateAndGet(143)) - c87b7a49-17c5-4210-9f71-f69682532099: start LeaderElection
2019-07-13 12:37:32,846 INFO  impl.LeaderElection (LeaderElection.java:askForVotes(181)) - c87b7a49-17c5-4210-9f71-f69682532099:group-3AE4982FB2CF:LeaderElection87: begin an election at term 1 for -1: [c87b7a49-17c5-4210-9f71-f69682532099:192.168.5.181:34674], old=null
2019-07-13 12:37:32,849 INFO  impl.RoleInfo (RoleInfo.java:shutdownLeaderElection(134)) - c87b7a49-17c5-4210-9f71-f69682532099: shutdown LeaderElection
2019-07-13 12:37:32,849 INFO  impl.RaftServerImpl (RaftServerImpl.java:setRole(171)) - c87b7a49-17c5-4210-9f71-f69682532099:group-3AE4982FB2CF changes role from CANDIDATE to LEADER at term 1 for changeToLeader
2019-07-13 12:37:32,849 INFO  impl.RaftServerImpl (ServerState.java:setLeader(263)) - c87b7a49-17c5-4210-9f71-f69682532099:group-3AE4982FB2CF change Leader from null to c87b7a49-17c5-4210-9f71-f69682532099 at term 1 for becomeLeader, leader elected after 5023ms
2019-07-13 12:37:32,849 INFO  server.RaftServerConfigKeys (ConfUtils.java:logGet(43)) - raft.server.staging.catchup.gap = 1000 (default)
2019-07-13 12:37:32,852 INFO  server.RaftServerConfigKeys (ConfUtils.java:logGet(43)) - raft.server.rpc.sleep.time = 25ms (default)
2019-07-13 12:37:32,852 INFO  server.RaftServerConfigKeys (ConfUtils.java:logGet(43)) - raft.server.write.element-limit = 4096 (default)
2019-07-13 12:37:32,852 INFO  server.RaftServerConfigKeys (ConfUtils.java:logGet(43)) - raft.server.watch.timeout = 10s (default)
2019-07-13 12:37:32,852 INFO  client.GrpcClientProtocolClient (GrpcClientProtocolClient.java:onNext(255)) - client-458ECB85E5C2->5192ca16-d261-458a-b2b0-5884a2408506: receive RaftClientReply:client-458ECB85E5C2->5192ca16-d261-458a-b2b0-5884a2408506@group-5677BAD9DF77, cid=206, FAILED org.apache.ratis.protocol.NotLeaderException: Server 5192ca16-d261-458a-b2b0-5884a2408506 is not the leader (null). Request must be sent to leader., logIndex=0, commits[5192ca16-d261-458a-b2b0-5884a2408506:c-1]
2019-07-13 12:37:32,852 INFO  server.RaftServerConfigKeys (ConfUtils.java:logGet(43)) - raft.server.watch.timeout.denomination = 1s (default)
2019-07-13 12:37:32,853 INFO  server.RaftServerConfigKeys (ConfUtils.java:logGet(43)) - raft.server.watch.element-limit = 65536 (default)
2019-07-13 12:37:32,853 INFO  impl.RoleInfo (RoleInfo.java:updateAndGet(143)) - c87b7a49-17c5-4210-9f71-f69682532099: start LeaderState
2019-07-13 12:37:32,853 INFO  segmented.SegmentedRaftLogWorker (SegmentedRaftLogWorker.java:startLogSegment(380)) - c87b7a49-17c5-4210-9f71-f69682532099-SegmentedRaftLogWorker:Storage Directory /tmp/workdir/hadoop-ozone/integration-test/target/test-dir/MiniOzoneClusterImpl-f238f8c9-6f68-435d-bc7a-6e3a5f15428f/datanode-2/data/ratis/e0677ee1-e163-49d9-89a9-3ae4982fb2cf: Starting segment from index:0
2019-07-13 12:37:32,856 INFO  impl.RaftServerImpl (ServerState.java:setRaftConf(361)) - c87b7a49-17c5-4210-9f71-f69682532099:group-3AE4982FB2CF set configuration 0: [c87b7a49-17c5-4210-9f71-f69682532099:192.168.5.181:34674], old=null at 0
2019-07-13 12:37:32,858 WARN  nio.NioEventLoop (NioEventLoop.java:select(786)) - Selector.select() returned prematurely {} times in a row; rebuilding Selector {}.
2019-07-13 12:37:32,858 INFO  nio.NioEventLoop (NioEventLoop.java:rebuildSelector0(396)) - Migrated 0 channel(s) to the new Selector.
2019-07-13 12:37:32,861 WARN  nio.NioEventLoop (NioEventLoop.java:select(786)) - Selector.select() returned prematurely {} times in a row; rebuilding Selector {}.
2019-07-13 12:37:32,877 INFO  nio.NioEventLoop (NioEventLoop.java:rebuildSelector0(396)) - Migrated 0 channel(s) to the new Selector.
2019-07-13 12:37:32,880 INFO  segmented.SegmentedRaftLogWorker (SegmentedRaftLogWorker.java:execute(569)) - c87b7a49-17c5-4210-9f71-f69682532099-SegmentedRaftLogWorker:Storage Directory /tmp/workdir/hadoop-ozone/integration-test/target/test-dir/MiniOzoneClusterImpl-f238f8c9-6f68-435d-bc7a-6e3a5f15428f/datanode-2/data/ratis/e0677ee1-e163-49d9-89a9-3ae4982fb2cf: created new log segment /tmp/workdir/hadoop-ozone/integration-test/target/test-dir/MiniOzoneClusterImpl-f238f8c9-6f68-435d-bc7a-6e3a5f15428f/datanode-2/data/ratis/e0677ee1-e163-49d9-89a9-3ae4982fb2cf/current/log_inprogress_0
2019-07-13 12:37:32,956 INFO  impl.FollowerState (FollowerState.java:run(106)) - d8d2f301-6e83-417c-9259-177b517f1750:group-E3A95579DE15 changes to CANDIDATE, lastRpcTime:5063, electionTimeout:5063ms
2019-07-13 12:37:32,956 INFO  impl.RoleInfo (RoleInfo.java:shutdownFollowerState(121)) - d8d2f301-6e83-417c-9259-177b517f1750: shutdown FollowerState
2019-07-13 12:37:32,956 INFO  impl.RaftServerImpl (RaftServerImpl.java:setRole(171)) - d8d2f301-6e83-417c-9259-177b517f1750:group-E3A95579DE15 changes role from FOLLOWER to CANDIDATE at term 0 for changeToCandidate
2019-07-13 12:37:32,956 INFO  impl.RoleInfo (RoleInfo.java:updateAndGet(143)) - d8d2f301-6e83-417c-9259-177b517f1750: start LeaderElection
2019-07-13 12:37:32,969 INFO  impl.FollowerState (FollowerState.java:run(106)) - c87b7a49-17c5-4210-9f71-f69682532099:group-E3A95579DE15 changes to CANDIDATE, lastRpcTime:5077, electionTimeout:5077ms
2019-07-13 12:37:32,970 INFO  impl.RoleInfo (RoleInfo.java:shutdownFollowerState(121)) - c87b7a49-17c5-4210-9f71-f69682532099: shutdown FollowerState
2019-07-13 12:37:32,970 INFO  impl.RaftServerImpl (RaftServerImpl.java:setRole(171)) - c87b7a49-17c5-4210-9f71-f69682532099:group-E3A95579DE15 changes role from FOLLOWER to CANDIDATE at term 0 for changeToCandidate
2019-07-13 12:37:32,970 INFO  impl.RoleInfo (RoleInfo.java:updateAndGet(143)) - c87b7a49-17c5-4210-9f71-f69682532099: start LeaderElection
2019-07-13 12:37:32,978 INFO  impl.LeaderElection (LeaderElection.java:askForVotes(181)) - d8d2f301-6e83-417c-9259-177b517f1750:group-E3A95579DE15:LeaderElection88: begin an election at term 1 for -1: [d8d2f301-6e83-417c-9259-177b517f1750:192.168.5.181:38218, fbc434c9-ed63-4aa3-abea-d0e122c0a7f1:192.168.5.181:38045, c87b7a49-17c5-4210-9f71-f69682532099:192.168.5.181:34674], old=null
2019-07-13 12:37:32,981 INFO  impl.LeaderElection (LeaderElection.java:askForVotes(181)) - c87b7a49-17c5-4210-9f71-f69682532099:group-E3A95579DE15:LeaderElection89: begin an election at term 1 for -1: [d8d2f301-6e83-417c-9259-177b517f1750:192.168.5.181:38218, fbc434c9-ed63-4aa3-abea-d0e122c0a7f1:192.168.5.181:38045, c87b7a49-17c5-4210-9f71-f69682532099:192.168.5.181:34674], old=null
2019-07-13 12:37:32,984 INFO  impl.RaftServerImpl (RaftServerImpl.java:setRole(171)) - fbc434c9-ed63-4aa3-abea-d0e122c0a7f1:group-E3A95579DE15 changes role from FOLLOWER to FOLLOWER at term 1 for recognizeCandidate:d8d2f301-6e83-417c-9259-177b517f1750
2019-07-13 12:37:32,985 INFO  impl.RoleInfo (RoleInfo.java:shutdownFollowerState(121)) - fbc434c9-ed63-4aa3-abea-d0e122c0a7f1: shutdown FollowerState
2019-07-13 12:37:32,988 INFO  impl.RoleInfo (RoleInfo.java:updateAndGet(143)) - fbc434c9-ed63-4aa3-abea-d0e122c0a7f1: start FollowerState
2019-07-13 12:37:32,988 INFO  impl.FollowerState (FollowerState.java:run(114)) - fbc434c9-ed63-4aa3-abea-d0e122c0a7f1: FollowerState was interrupted: java.lang.InterruptedException: sleep interrupted
2019-07-13 12:37:33,018 INFO  impl.FollowerState (FollowerState.java:run(106)) - 7c7a445e-d815-4048-bc30-41877607b145:group-EF88E67D735F changes to CANDIDATE, lastRpcTime:5013, electionTimeout:5005ms
2019-07-13 12:37:33,018 INFO  impl.RoleInfo (RoleInfo.java:shutdownFollowerState(121)) - 7c7a445e-d815-4048-bc30-41877607b145: shutdown FollowerState
2019-07-13 12:37:33,018 INFO  impl.RaftServerImpl (RaftServerImpl.java:setRole(171)) - 7c7a445e-d815-4048-bc30-41877607b145:group-EF88E67D735F changes role from FOLLOWER to CANDIDATE at term 0 for changeToCandidate
2019-07-13 12:37:33,018 INFO  impl.RoleInfo (RoleInfo.java:updateAndGet(143)) - 7c7a445e-d815-4048-bc30-41877607b145: start LeaderElection
2019-07-13 12:37:33,018 INFO  impl.LeaderElection (LeaderElection.java:logAndReturn(56)) - d8d2f301-6e83-417c-9259-177b517f1750:group-E3A95579DE15:LeaderElection88: Election PASSED; received 2 response(s) [d8d2f301-6e83-417c-9259-177b517f1750<-c87b7a49-17c5-4210-9f71-f69682532099#0:FAIL-t1, d8d2f301-6e83-417c-9259-177b517f1750<-fbc434c9-ed63-4aa3-abea-d0e122c0a7f1#0:OK-t1] and 0 exception(s); d8d2f301-6e83-417c-9259-177b517f1750:t1, leader=null, voted=d8d2f301-6e83-417c-9259-177b517f1750, raftlog=d8d2f301-6e83-417c-9259-177b517f1750-SegmentedRaftLog:OPENED:c-1,f-1,i0, conf=-1: [d8d2f301-6e83-417c-9259-177b517f1750:192.168.5.181:38218, fbc434c9-ed63-4aa3-abea-d0e122c0a7f1:192.168.5.181:38045, c87b7a49-17c5-4210-9f71-f69682532099:192.168.5.181:34674], old=null
2019-07-13 12:37:33,018 INFO  impl.LeaderElection (LeaderElection.java:logAndReturn(56)) - c87b7a49-17c5-4210-9f71-f69682532099:group-E3A95579DE15:LeaderElection89: Election REJECTED; received 2 response(s) [c87b7a49-17c5-4210-9f71-f69682532099<-d8d2f301-6e83-417c-9259-177b517f1750#0:FAIL-t1, c87b7a49-17c5-4210-9f71-f69682532099<-fbc434c9-ed63-4aa3-abea-d0e122c0a7f1#0:FAIL-t1] and 0 exception(s); c87b7a49-17c5-4210-9f71-f69682532099:t1, leader=null, voted=c87b7a49-17c5-4210-9f71-f69682532099, raftlog=c87b7a49-17c5-4210-9f71-f69682532099-SegmentedRaftLog:OPENED:c-1,f-1,i0, conf=-1: [d8d2f301-6e83-417c-9259-177b517f1750:192.168.5.181:38218, fbc434c9-ed63-4aa3-abea-d0e122c0a7f1:192.168.5.181:38045, c87b7a49-17c5-4210-9f71-f69682532099:192.168.5.181:34674], old=null
2019-07-13 12:37:33,018 INFO  impl.RoleInfo (RoleInfo.java:shutdownLeaderElection(134)) - d8d2f301-6e83-417c-9259-177b517f1750: shutdown LeaderElection
2019-07-13 12:37:33,021 INFO  impl.RaftServerImpl (RaftServerImpl.java:setRole(171)) - c87b7a49-17c5-4210-9f71-f69682532099:group-E3A95579DE15 changes role from CANDIDATE to FOLLOWER at term 1 for DISCOVERED_A_NEW_TERM
2019-07-13 12:37:33,032 INFO  impl.RaftServerImpl (RaftServerImpl.java:setRole(171)) - d8d2f301-6e83-417c-9259-177b517f1750:group-E3A95579DE15 changes role from CANDIDATE to LEADER at term 1 for changeToLeader
2019-07-13 12:37:33,033 INFO  impl.RoleInfo (RoleInfo.java:shutdownLeaderElection(134)) - c87b7a49-17c5-4210-9f71-f69682532099: shutdown LeaderElection
2019-07-13 12:37:33,033 INFO  impl.RaftServerImpl (ServerState.java:setLeader(263)) - d8d2f301-6e83-417c-9259-177b517f1750:group-E3A95579DE15 change Leader from null to d8d2f301-6e83-417c-9259-177b517f1750 at term 1 for becomeLeader, leader elected after 5154ms
2019-07-13 12:37:33,033 INFO  impl.RoleInfo (RoleInfo.java:updateAndGet(143)) - c87b7a49-17c5-4210-9f71-f69682532099: start FollowerState
2019-07-13 12:37:33,033 INFO  server.RaftServerConfigKeys (ConfUtils.java:logGet(43)) - raft.server.staging.catchup.gap = 1000 (default)
2019-07-13 12:37:33,033 INFO  server.RaftServerConfigKeys (ConfUtils.java:logGet(43)) - raft.server.rpc.sleep.time = 25ms (default)
2019-07-13 12:37:33,033 INFO  server.RaftServerConfigKeys (ConfUtils.java:logGet(43)) - raft.server.write.element-limit = 4096 (default)
2019-07-13 12:37:33,034 INFO  server.RaftServerConfigKeys (ConfUtils.java:logGet(43)) - raft.server.watch.timeout = 10s (default)
2019-07-13 12:37:33,034 INFO  server.RaftServerConfigKeys (ConfUtils.java:logGet(43)) - raft.server.watch.timeout.denomination = 1s (default)
2019-07-13 12:37:33,034 INFO  server.RaftServerConfigKeys (ConfUtils.java:logGet(43)) - raft.server.watch.element-limit = 65536 (default)
2019-07-13 12:37:33,034 INFO  server.RaftServerConfigKeys (ConfUtils.java:logGet(43)) - raft.server.log.appender.snapshot.chunk.size.max = 16MB (=16777216) (default)
2019-07-13 12:37:33,034 INFO  server.RaftServerConfigKeys (ConfUtils.java:logGet(43)) - raft.server.log.appender.buffer.byte-limit = 33554432 (custom)
2019-07-13 12:37:33,035 INFO  server.RaftServerConfigKeys (ConfUtils.java:logGet(43)) - raft.server.log.appender.buffer.element-limit = 1 (custom)
2019-07-13 12:37:33,035 INFO  grpc.GrpcConfigKeys$Server (ConfUtils.java:logGet(43)) - raft.grpc.server.leader.outstanding.appends.max = 128 (default)
2019-07-13 12:37:33,035 INFO  server.RaftServerConfigKeys (ConfUtils.java:logGet(43)) - raft.server.rpc.request.timeout = 3000ms (default)
2019-07-13 12:37:33,035 INFO  server.RaftServerConfigKeys (ConfUtils.java:logGet(43)) - raft.server.log.appender.install.snapshot.enabled = false (custom)
2019-07-13 12:37:33,035 INFO  server.RaftServerConfigKeys (ConfUtils.java:logGet(43)) - raft.server.log.appender.snapshot.chunk.size.max = 16MB (=16777216) (default)
2019-07-13 12:37:33,036 INFO  server.RaftServerConfigKeys (ConfUtils.java:logGet(43)) - raft.server.log.appender.buffer.byte-limit = 33554432 (custom)
2019-07-13 12:37:33,036 INFO  server.RaftServerConfigKeys (ConfUtils.java:logGet(43)) - raft.server.log.appender.buffer.element-limit = 1 (custom)
2019-07-13 12:37:33,036 INFO  grpc.GrpcConfigKeys$Server (ConfUtils.java:logGet(43)) - raft.grpc.server.leader.outstanding.appends.max = 128 (default)
2019-07-13 12:37:33,036 INFO  server.RaftServerConfigKeys (ConfUtils.java:logGet(43)) - raft.server.rpc.request.timeout = 3000ms (default)
2019-07-13 12:37:33,036 INFO  server.RaftServerConfigKeys (ConfUtils.java:logGet(43)) - raft.server.log.appender.install.snapshot.enabled = false (custom)
2019-07-13 12:37:33,037 INFO  impl.RoleInfo (RoleInfo.java:updateAndGet(143)) - d8d2f301-6e83-417c-9259-177b517f1750: start LeaderState
2019-07-13 12:37:33,037 INFO  segmented.SegmentedRaftLogWorker (SegmentedRaftLogWorker.java:startLogSegment(380)) - d8d2f301-6e83-417c-9259-177b517f1750-SegmentedRaftLogWorker:Storage Directory /tmp/workdir/hadoop-ozone/integration-test/target/test-dir/MiniOzoneClusterImpl-f238f8c9-6f68-435d-bc7a-6e3a5f15428f/datanode-0/data/ratis/e8274a52-dc89-405f-97b5-e3a95579de15: Starting segment from index:0
2019-07-13 12:37:33,038 INFO  impl.RaftServerImpl (ServerState.java:setRaftConf(361)) - d8d2f301-6e83-417c-9259-177b517f1750:group-E3A95579DE15 set configuration 0: [d8d2f301-6e83-417c-9259-177b517f1750:192.168.5.181:38218, fbc434c9-ed63-4aa3-abea-d0e122c0a7f1:192.168.5.181:38045, c87b7a49-17c5-4210-9f71-f69682532099:192.168.5.181:34674], old=null at 0
2019-07-13 12:37:33,039 INFO  impl.RaftServerImpl (ServerState.java:setLeader(263)) - fbc434c9-ed63-4aa3-abea-d0e122c0a7f1:group-E3A95579DE15 change Leader from null to d8d2f301-6e83-417c-9259-177b517f1750 at term 1 for appendEntries, leader elected after 5162ms
2019-07-13 12:37:33,039 INFO  impl.RaftServerImpl (ServerState.java:setLeader(263)) - c87b7a49-17c5-4210-9f71-f69682532099:group-E3A95579DE15 change Leader from null to d8d2f301-6e83-417c-9259-177b517f1750 at term 1 for appendEntries, leader elected after 5162ms
2019-07-13 12:37:33,042 INFO  impl.RaftServerImpl (ServerState.java:setRaftConf(361)) - fbc434c9-ed63-4aa3-abea-d0e122c0a7f1:group-E3A95579DE15 set configuration 0: [d8d2f301-6e83-417c-9259-177b517f1750:192.168.5.181:38218, fbc434c9-ed63-4aa3-abea-d0e122c0a7f1:192.168.5.181:38045, c87b7a49-17c5-4210-9f71-f69682532099:192.168.5.181:34674], old=null at 0
2019-07-13 12:37:33,042 INFO  impl.RaftServerImpl (ServerState.java:setRaftConf(361)) - c87b7a49-17c5-4210-9f71-f69682532099:group-E3A95579DE15 set configuration 0: [d8d2f301-6e83-417c-9259-177b517f1750:192.168.5.181:38218, fbc434c9-ed63-4aa3-abea-d0e122c0a7f1:192.168.5.181:38045, c87b7a49-17c5-4210-9f71-f69682532099:192.168.5.181:34674], old=null at 0
2019-07-13 12:37:33,042 INFO  segmented.SegmentedRaftLogWorker (SegmentedRaftLogWorker.java:startLogSegment(380)) - fbc434c9-ed63-4aa3-abea-d0e122c0a7f1-SegmentedRaftLogWorker:Storage Directory /tmp/workdir/hadoop-ozone/integration-test/target/test-dir/MiniOzoneClusterImpl-f238f8c9-6f68-435d-bc7a-6e3a5f15428f/datanode-1/data/ratis/e8274a52-dc89-405f-97b5-e3a95579de15: Starting segment from index:0
2019-07-13 12:37:33,043 INFO  segmented.SegmentedRaftLogWorker (SegmentedRaftLogWorker.java:startLogSegment(380)) - c87b7a49-17c5-4210-9f71-f69682532099-SegmentedRaftLogWorker:Storage Directory /tmp/workdir/hadoop-ozone/integration-test/target/test-dir/MiniOzoneClusterImpl-f238f8c9-6f68-435d-bc7a-6e3a5f15428f/datanode-2/data/ratis/e8274a52-dc89-405f-97b5-e3a95579de15: Starting segment from index:0
2019-07-13 12:37:33,044 INFO  impl.LeaderElection (LeaderElection.java:askForVotes(181)) - 7c7a445e-d815-4048-bc30-41877607b145:group-EF88E67D735F:LeaderElection90: begin an election at term 1 for -1: [7c7a445e-d815-4048-bc30-41877607b145:192.168.5.181:32937], old=null
2019-07-13 12:37:33,044 INFO  impl.RoleInfo (RoleInfo.java:shutdownLeaderElection(134)) - 7c7a445e-d815-4048-bc30-41877607b145: shutdown LeaderElection
2019-07-13 12:37:33,044 INFO  impl.RaftServerImpl (RaftServerImpl.java:setRole(171)) - 7c7a445e-d815-4048-bc30-41877607b145:group-EF88E67D735F changes role from CANDIDATE to LEADER at term 1 for changeToLeader
2019-07-13 12:37:33,044 INFO  impl.RaftServerImpl (ServerState.java:setLeader(263)) - 7c7a445e-d815-4048-bc30-41877607b145:group-EF88E67D735F change Leader from null to 7c7a445e-d815-4048-bc30-41877607b145 at term 1 for becomeLeader, leader elected after 5044ms
2019-07-13 12:37:33,045 INFO  server.RaftServerConfigKeys (ConfUtils.java:logGet(43)) - raft.server.staging.catchup.gap = 1000 (default)
2019-07-13 12:37:33,045 INFO  server.RaftServerConfigKeys (ConfUtils.java:logGet(43)) - raft.server.rpc.sleep.time = 25ms (default)
2019-07-13 12:37:33,045 INFO  server.RaftServerConfigKeys (ConfUtils.java:logGet(43)) - raft.server.write.element-limit = 4096 (default)
2019-07-13 12:37:33,045 INFO  server.RaftServerConfigKeys (ConfUtils.java:logGet(43)) - raft.server.watch.timeout = 10s (default)
2019-07-13 12:37:33,045 INFO  server.RaftServerConfigKeys (ConfUtils.java:logGet(43)) - raft.server.watch.timeout.denomination = 1s (default)
2019-07-13 12:37:33,045 INFO  server.RaftServerConfigKeys (ConfUtils.java:logGet(43)) - raft.server.watch.element-limit = 65536 (default)
2019-07-13 12:37:33,046 INFO  impl.RoleInfo (RoleInfo.java:updateAndGet(143)) - 7c7a445e-d815-4048-bc30-41877607b145: start LeaderState
2019-07-13 12:37:33,046 INFO  segmented.SegmentedRaftLogWorker (SegmentedRaftLogWorker.java:startLogSegment(380)) - 7c7a445e-d815-4048-bc30-41877607b145-SegmentedRaftLogWorker:Storage Directory /tmp/workdir/hadoop-ozone/integration-test/target/test-dir/MiniOzoneClusterImpl-f238f8c9-6f68-435d-bc7a-6e3a5f15428f/datanode-3/data/ratis/1e8a32b0-3c47-4c67-afa1-ef88e67d735f: Starting segment from index:0
2019-07-13 12:37:33,047 INFO  impl.RaftServerImpl (ServerState.java:setRaftConf(361)) - 7c7a445e-d815-4048-bc30-41877607b145:group-EF88E67D735F set configuration 0: [7c7a445e-d815-4048-bc30-41877607b145:192.168.5.181:32937], old=null at 0
2019-07-13 12:37:33,079 INFO  segmented.SegmentedRaftLogWorker (SegmentedRaftLogWorker.java:execute(569)) - c87b7a49-17c5-4210-9f71-f69682532099-SegmentedRaftLogWorker:Storage Directory /tmp/workdir/hadoop-ozone/integration-test/target/test-dir/MiniOzoneClusterImpl-f238f8c9-6f68-435d-bc7a-6e3a5f15428f/datanode-2/data/ratis/e8274a52-dc89-405f-97b5-e3a95579de15: created new log segment /tmp/workdir/hadoop-ozone/integration-test/target/test-dir/MiniOzoneClusterImpl-f238f8c9-6f68-435d-bc7a-6e3a5f15428f/datanode-2/data/ratis/e8274a52-dc89-405f-97b5-e3a95579de15/current/log_inprogress_0
2019-07-13 12:37:33,079 INFO  segmented.SegmentedRaftLogWorker (SegmentedRaftLogWorker.java:execute(569)) - 7c7a445e-d815-4048-bc30-41877607b145-SegmentedRaftLogWorker:Storage Directory /tmp/workdir/hadoop-ozone/integration-test/target/test-dir/MiniOzoneClusterImpl-f238f8c9-6f68-435d-bc7a-6e3a5f15428f/datanode-3/data/ratis/1e8a32b0-3c47-4c67-afa1-ef88e67d735f: created new log segment /tmp/workdir/hadoop-ozone/integration-test/target/test-dir/MiniOzoneClusterImpl-f238f8c9-6f68-435d-bc7a-6e3a5f15428f/datanode-3/data/ratis/1e8a32b0-3c47-4c67-afa1-ef88e67d735f/current/log_inprogress_0
2019-07-13 12:37:33,079 INFO  segmented.SegmentedRaftLogWorker (SegmentedRaftLogWorker.java:execute(569)) - d8d2f301-6e83-417c-9259-177b517f1750-SegmentedRaftLogWorker:Storage Directory /tmp/workdir/hadoop-ozone/integration-test/target/test-dir/MiniOzoneClusterImpl-f238f8c9-6f68-435d-bc7a-6e3a5f15428f/datanode-0/data/ratis/e8274a52-dc89-405f-97b5-e3a95579de15: created new log segment /tmp/workdir/hadoop-ozone/integration-test/target/test-dir/MiniOzoneClusterImpl-f238f8c9-6f68-435d-bc7a-6e3a5f15428f/datanode-0/data/ratis/e8274a52-dc89-405f-97b5-e3a95579de15/current/log_inprogress_0
2019-07-13 12:37:33,079 INFO  segmented.SegmentedRaftLogWorker (SegmentedRaftLogWorker.java:execute(569)) - fbc434c9-ed63-4aa3-abea-d0e122c0a7f1-SegmentedRaftLogWorker:Storage Directory /tmp/workdir/hadoop-ozone/integration-test/target/test-dir/MiniOzoneClusterImpl-f238f8c9-6f68-435d-bc7a-6e3a5f15428f/datanode-1/data/ratis/e8274a52-dc89-405f-97b5-e3a95579de15: created new log segment /tmp/workdir/hadoop-ozone/integration-test/target/test-dir/MiniOzoneClusterImpl-f238f8c9-6f68-435d-bc7a-6e3a5f15428f/datanode-1/data/ratis/e8274a52-dc89-405f-97b5-e3a95579de15/current/log_inprogress_0
2019-07-13 12:37:33,529 INFO  impl.FollowerState (FollowerState.java:run(106)) - b012e42f-9c95-466d-840f-be23eeb33af9:group-9B6DDBD0B801 changes to CANDIDATE, lastRpcTime:5158, electionTimeout:5158ms
2019-07-13 12:37:33,529 INFO  impl.RoleInfo (RoleInfo.java:shutdownFollowerState(121)) - b012e42f-9c95-466d-840f-be23eeb33af9: shutdown FollowerState
2019-07-13 12:37:33,529 INFO  impl.RaftServerImpl (RaftServerImpl.java:setRole(171)) - b012e42f-9c95-466d-840f-be23eeb33af9:group-9B6DDBD0B801 changes role from FOLLOWER to CANDIDATE at term 0 for changeToCandidate
2019-07-13 12:37:33,529 INFO  impl.RoleInfo (RoleInfo.java:updateAndGet(143)) - b012e42f-9c95-466d-840f-be23eeb33af9: start LeaderElection
2019-07-13 12:37:33,552 INFO  impl.LeaderElection (LeaderElection.java:askForVotes(181)) - b012e42f-9c95-466d-840f-be23eeb33af9:group-9B6DDBD0B801:LeaderElection91: begin an election at term 1 for -1: [b012e42f-9c95-466d-840f-be23eeb33af9:192.168.5.181:33283], old=null
2019-07-13 12:37:33,552 INFO  impl.RoleInfo (RoleInfo.java:shutdownLeaderElection(134)) - b012e42f-9c95-466d-840f-be23eeb33af9: shutdown LeaderElection
2019-07-13 12:37:33,552 INFO  impl.RaftServerImpl (RaftServerImpl.java:setRole(171)) - b012e42f-9c95-466d-840f-be23eeb33af9:group-9B6DDBD0B801 changes role from CANDIDATE to LEADER at term 1 for changeToLeader
2019-07-13 12:37:33,552 INFO  impl.RaftServerImpl (ServerState.java:setLeader(263)) - b012e42f-9c95-466d-840f-be23eeb33af9:group-9B6DDBD0B801 change Leader from null to b012e42f-9c95-466d-840f-be23eeb33af9 at term 1 for becomeLeader, leader elected after 5186ms
2019-07-13 12:37:33,552 INFO  server.RaftServerConfigKeys (ConfUtils.java:logGet(43)) - raft.server.staging.catchup.gap = 1000 (default)
2019-07-13 12:37:33,553 INFO  server.RaftServerConfigKeys (ConfUtils.java:logGet(43)) - raft.server.rpc.sleep.time = 25ms (default)
2019-07-13 12:37:33,553 INFO  server.RaftServerConfigKeys (ConfUtils.java:logGet(43)) - raft.server.write.element-limit = 4096 (default)
2019-07-13 12:37:33,553 INFO  server.RaftServerConfigKeys (ConfUtils.java:logGet(43)) - raft.server.watch.timeout = 10s (default)
2019-07-13 12:37:33,553 INFO  server.RaftServerConfigKeys (ConfUtils.java:logGet(43)) - raft.server.watch.timeout.denomination = 1s (default)
2019-07-13 12:37:33,553 INFO  server.RaftServerConfigKeys (ConfUtils.java:logGet(43)) - raft.server.watch.element-limit = 65536 (default)
2019-07-13 12:37:33,554 INFO  impl.RoleInfo (RoleInfo.java:updateAndGet(143)) - b012e42f-9c95-466d-840f-be23eeb33af9: start LeaderState
2019-07-13 12:37:33,554 INFO  segmented.SegmentedRaftLogWorker (SegmentedRaftLogWorker.java:startLogSegment(380)) - b012e42f-9c95-466d-840f-be23eeb33af9-SegmentedRaftLogWorker:Storage Directory /tmp/workdir/hadoop-ozone/integration-test/target/test-dir/MiniOzoneClusterImpl-f238f8c9-6f68-435d-bc7a-6e3a5f15428f/datanode-4/data/ratis/8a2cc9a3-50e2-4134-a314-9b6ddbd0b801: Starting segment from index:0
2019-07-13 12:37:33,554 INFO  impl.RaftServerImpl (ServerState.java:setRaftConf(361)) - b012e42f-9c95-466d-840f-be23eeb33af9:group-9B6DDBD0B801 set configuration 0: [b012e42f-9c95-466d-840f-be23eeb33af9:192.168.5.181:33283], old=null at 0
2019-07-13 12:37:33,578 INFO  segmented.SegmentedRaftLogWorker (SegmentedRaftLogWorker.java:execute(569)) - b012e42f-9c95-466d-840f-be23eeb33af9-SegmentedRaftLogWorker:Storage Directory /tmp/workdir/hadoop-ozone/integration-test/target/test-dir/MiniOzoneClusterImpl-f238f8c9-6f68-435d-bc7a-6e3a5f15428f/datanode-4/data/ratis/8a2cc9a3-50e2-4134-a314-9b6ddbd0b801: created new log segment /tmp/workdir/hadoop-ozone/integration-test/target/test-dir/MiniOzoneClusterImpl-f238f8c9-6f68-435d-bc7a-6e3a5f15428f/datanode-4/data/ratis/8a2cc9a3-50e2-4134-a314-9b6ddbd0b801/current/log_inprogress_0
2019-07-13 12:37:33,712 INFO  impl.FollowerState (FollowerState.java:run(106)) - 5192ca16-d261-458a-b2b0-5884a2408506:group-5677BAD9DF77 changes to CANDIDATE, lastRpcTime:5067, electionTimeout:5067ms
2019-07-13 12:37:33,712 INFO  impl.RoleInfo (RoleInfo.java:shutdownFollowerState(121)) - 5192ca16-d261-458a-b2b0-5884a2408506: shutdown FollowerState
2019-07-13 12:37:33,712 INFO  impl.RaftServerImpl (RaftServerImpl.java:setRole(171)) - 5192ca16-d261-458a-b2b0-5884a2408506:group-5677BAD9DF77 changes role from FOLLOWER to CANDIDATE at term 0 for changeToCandidate
2019-07-13 12:37:33,712 INFO  impl.RoleInfo (RoleInfo.java:updateAndGet(143)) - 5192ca16-d261-458a-b2b0-5884a2408506: start LeaderElection
2019-07-13 12:37:33,718 INFO  impl.FollowerState (FollowerState.java:run(106)) - 5192ca16-d261-458a-b2b0-5884a2408506:group-22E013541CB5 changes to CANDIDATE, lastRpcTime:5145, electionTimeout:5142ms
2019-07-13 12:37:33,718 INFO  impl.RoleInfo (RoleInfo.java:shutdownFollowerState(121)) - 5192ca16-d261-458a-b2b0-5884a2408506: shutdown FollowerState
2019-07-13 12:37:33,718 INFO  impl.RaftServerImpl (RaftServerImpl.java:setRole(171)) - 5192ca16-d261-458a-b2b0-5884a2408506:group-22E013541CB5 changes role from FOLLOWER to CANDIDATE at term 0 for changeToCandidate
2019-07-13 12:37:33,718 INFO  impl.RoleInfo (RoleInfo.java:updateAndGet(143)) - 5192ca16-d261-458a-b2b0-5884a2408506: start LeaderElection
2019-07-13 12:37:33,734 INFO  impl.LeaderElection (LeaderElection.java:askForVotes(181)) - 5192ca16-d261-458a-b2b0-5884a2408506:group-22E013541CB5:LeaderElection93: begin an election at term 1 for -1: [5192ca16-d261-458a-b2b0-5884a2408506:192.168.5.181:44410], old=null
2019-07-13 12:37:33,734 INFO  impl.LeaderElection (LeaderElection.java:askForVotes(181)) - 5192ca16-d261-458a-b2b0-5884a2408506:group-5677BAD9DF77:LeaderElection92: begin an election at term 1 for -1: [7c7a445e-d815-4048-bc30-41877607b145:192.168.5.181:32937, 5192ca16-d261-458a-b2b0-5884a2408506:192.168.5.181:44410, b012e42f-9c95-466d-840f-be23eeb33af9:192.168.5.181:33283], old=null
2019-07-13 12:37:33,734 INFO  impl.RoleInfo (RoleInfo.java:shutdownLeaderElection(134)) - 5192ca16-d261-458a-b2b0-5884a2408506: shutdown LeaderElection
2019-07-13 12:37:33,734 INFO  impl.RaftServerImpl (RaftServerImpl.java:setRole(171)) - 5192ca16-d261-458a-b2b0-5884a2408506:group-22E013541CB5 changes role from CANDIDATE to LEADER at term 1 for changeToLeader
2019-07-13 12:37:33,734 INFO  impl.RaftServerImpl (ServerState.java:setLeader(263)) - 5192ca16-d261-458a-b2b0-5884a2408506:group-22E013541CB5 change Leader from null to 5192ca16-d261-458a-b2b0-5884a2408506 at term 1 for becomeLeader, leader elected after 5165ms
2019-07-13 12:37:33,734 INFO  server.RaftServerConfigKeys (ConfUtils.java:logGet(43)) - raft.server.staging.catchup.gap = 1000 (default)
2019-07-13 12:37:33,735 INFO  server.RaftServerConfigKeys (ConfUtils.java:logGet(43)) - raft.server.rpc.sleep.time = 25ms (default)
2019-07-13 12:37:33,735 INFO  server.RaftServerConfigKeys (ConfUtils.java:logGet(43)) - raft.server.write.element-limit = 4096 (default)
2019-07-13 12:37:33,735 INFO  server.RaftServerConfigKeys (ConfUtils.java:logGet(43)) - raft.server.watch.timeout = 10s (default)
2019-07-13 12:37:33,735 INFO  server.RaftServerConfigKeys (ConfUtils.java:logGet(43)) - raft.server.watch.timeout.denomination = 1s (default)
2019-07-13 12:37:33,735 INFO  server.RaftServerConfigKeys (ConfUtils.java:logGet(43)) - raft.server.watch.element-limit = 65536 (default)
2019-07-13 12:37:33,735 INFO  impl.RoleInfo (RoleInfo.java:updateAndGet(143)) - 5192ca16-d261-458a-b2b0-5884a2408506: start LeaderState
2019-07-13 12:37:33,736 INFO  segmented.SegmentedRaftLogWorker (SegmentedRaftLogWorker.java:startLogSegment(380)) - 5192ca16-d261-458a-b2b0-5884a2408506-SegmentedRaftLogWorker:Storage Directory /tmp/workdir/hadoop-ozone/integration-test/target/test-dir/MiniOzoneClusterImpl-f238f8c9-6f68-435d-bc7a-6e3a5f15428f/datanode-5/data/ratis/d2b4cc57-7ca2-44cb-b823-22e013541cb5: Starting segment from index:0
2019-07-13 12:37:33,736 INFO  impl.RaftServerImpl (ServerState.java:setRaftConf(361)) - 5192ca16-d261-458a-b2b0-5884a2408506:group-22E013541CB5 set configuration 0: [5192ca16-d261-458a-b2b0-5884a2408506:192.168.5.181:44410], old=null at 0
2019-07-13 12:37:33,738 INFO  impl.RaftServerImpl (RaftServerImpl.java:setRole(171)) - b012e42f-9c95-466d-840f-be23eeb33af9:group-5677BAD9DF77 changes role from FOLLOWER to FOLLOWER at term 1 for recognizeCandidate:5192ca16-d261-458a-b2b0-5884a2408506
2019-07-13 12:37:33,758 INFO  impl.RoleInfo (RoleInfo.java:shutdownFollowerState(121)) - b012e42f-9c95-466d-840f-be23eeb33af9: shutdown FollowerState
2019-07-13 12:37:33,758 INFO  impl.RaftServerImpl (RaftServerImpl.java:setRole(171)) - 7c7a445e-d815-4048-bc30-41877607b145:group-5677BAD9DF77 changes role from FOLLOWER to FOLLOWER at term 1 for recognizeCandidate:5192ca16-d261-458a-b2b0-5884a2408506
2019-07-13 12:37:33,759 INFO  impl.FollowerState (FollowerState.java:run(114)) - b012e42f-9c95-466d-840f-be23eeb33af9: FollowerState was interrupted: java.lang.InterruptedException: sleep interrupted
2019-07-13 12:37:33,759 INFO  impl.RoleInfo (RoleInfo.java:updateAndGet(143)) - b012e42f-9c95-466d-840f-be23eeb33af9: start FollowerState
2019-07-13 12:37:33,759 INFO  impl.RoleInfo (RoleInfo.java:shutdownFollowerState(121)) - 7c7a445e-d815-4048-bc30-41877607b145: shutdown FollowerState
2019-07-13 12:37:33,762 INFO  impl.RoleInfo (RoleInfo.java:updateAndGet(143)) - 7c7a445e-d815-4048-bc30-41877607b145: start FollowerState
2019-07-13 12:37:33,762 INFO  impl.FollowerState (FollowerState.java:run(114)) - 7c7a445e-d815-4048-bc30-41877607b145: FollowerState was interrupted: java.lang.InterruptedException: sleep interrupted
2019-07-13 12:37:33,773 INFO  segmented.SegmentedRaftLogWorker (SegmentedRaftLogWorker.java:execute(569)) - 5192ca16-d261-458a-b2b0-5884a2408506-SegmentedRaftLogWorker:Storage Directory /tmp/workdir/hadoop-ozone/integration-test/target/test-dir/MiniOzoneClusterImpl-f238f8c9-6f68-435d-bc7a-6e3a5f15428f/datanode-5/data/ratis/d2b4cc57-7ca2-44cb-b823-22e013541cb5: created new log segment /tmp/workdir/hadoop-ozone/integration-test/target/test-dir/MiniOzoneClusterImpl-f238f8c9-6f68-435d-bc7a-6e3a5f15428f/datanode-5/data/ratis/d2b4cc57-7ca2-44cb-b823-22e013541cb5/current/log_inprogress_0
2019-07-13 12:37:33,783 INFO  impl.LeaderElection (LeaderElection.java:logAndReturn(56)) - 5192ca16-d261-458a-b2b0-5884a2408506:group-5677BAD9DF77:LeaderElection92: Election PASSED; received 1 response(s) [5192ca16-d261-458a-b2b0-5884a2408506<-7c7a445e-d815-4048-bc30-41877607b145#0:OK-t1] and 0 exception(s); 5192ca16-d261-458a-b2b0-5884a2408506:t1, leader=null, voted=5192ca16-d261-458a-b2b0-5884a2408506, raftlog=5192ca16-d261-458a-b2b0-5884a2408506-SegmentedRaftLog:OPENED:c-1,f-1,i0, conf=-1: [7c7a445e-d815-4048-bc30-41877607b145:192.168.5.181:32937, 5192ca16-d261-458a-b2b0-5884a2408506:192.168.5.181:44410, b012e42f-9c95-466d-840f-be23eeb33af9:192.168.5.181:33283], old=null
2019-07-13 12:37:33,783 INFO  impl.RoleInfo (RoleInfo.java:shutdownLeaderElection(134)) - 5192ca16-d261-458a-b2b0-5884a2408506: shutdown LeaderElection
2019-07-13 12:37:33,783 INFO  impl.RaftServerImpl (RaftServerImpl.java:setRole(171)) - 5192ca16-d261-458a-b2b0-5884a2408506:group-5677BAD9DF77 changes role from CANDIDATE to LEADER at term 1 for changeToLeader
2019-07-13 12:37:33,784 INFO  impl.RaftServerImpl (ServerState.java:setLeader(263)) - 5192ca16-d261-458a-b2b0-5884a2408506:group-5677BAD9DF77 change Leader from null to 5192ca16-d261-458a-b2b0-5884a2408506 at term 1 for becomeLeader, leader elected after 5152ms
2019-07-13 12:37:33,784 INFO  server.RaftServerConfigKeys (ConfUtils.java:logGet(43)) - raft.server.staging.catchup.gap = 1000 (default)
2019-07-13 12:37:33,784 INFO  server.RaftServerConfigKeys (ConfUtils.java:logGet(43)) - raft.server.rpc.sleep.time = 25ms (default)
2019-07-13 12:37:33,784 INFO  server.RaftServerConfigKeys (ConfUtils.java:logGet(43)) - raft.server.write.element-limit = 4096 (default)
2019-07-13 12:37:33,784 INFO  server.RaftServerConfigKeys (ConfUtils.java:logGet(43)) - raft.server.watch.timeout = 10s (default)
2019-07-13 12:37:33,784 INFO  server.RaftServerConfigKeys (ConfUtils.java:logGet(43)) - raft.server.watch.timeout.denomination = 1s (default)
2019-07-13 12:37:33,785 INFO  server.RaftServerConfigKeys (ConfUtils.java:logGet(43)) - raft.server.watch.element-limit = 65536 (default)
2019-07-13 12:37:33,785 INFO  server.RaftServerConfigKeys (ConfUtils.java:logGet(43)) - raft.server.log.appender.snapshot.chunk.size.max = 16MB (=16777216) (default)
2019-07-13 12:37:33,785 INFO  server.RaftServerConfigKeys (ConfUtils.java:logGet(43)) - raft.server.log.appender.buffer.byte-limit = 33554432 (custom)
2019-07-13 12:37:33,785 INFO  server.RaftServerConfigKeys (ConfUtils.java:logGet(43)) - raft.server.log.appender.buffer.element-limit = 1 (custom)
2019-07-13 12:37:33,785 INFO  grpc.GrpcConfigKeys$Server (ConfUtils.java:logGet(43)) - raft.grpc.server.leader.outstanding.appends.max = 128 (default)
2019-07-13 12:37:33,786 INFO  server.RaftServerConfigKeys (ConfUtils.java:logGet(43)) - raft.server.rpc.request.timeout = 3000ms (default)
2019-07-13 12:37:33,786 INFO  server.RaftServerConfigKeys (ConfUtils.java:logGet(43)) - raft.server.log.appender.install.snapshot.enabled = false (custom)
2019-07-13 12:37:33,786 INFO  server.RaftServerConfigKeys (ConfUtils.java:logGet(43)) - raft.server.log.appender.snapshot.chunk.size.max = 16MB (=16777216) (default)
2019-07-13 12:37:33,786 INFO  server.RaftServerConfigKeys (ConfUtils.java:logGet(43)) - raft.server.log.appender.buffer.byte-limit = 33554432 (custom)
2019-07-13 12:37:33,786 INFO  server.RaftServerConfigKeys (ConfUtils.java:logGet(43)) - raft.server.log.appender.buffer.element-limit = 1 (custom)
2019-07-13 12:37:33,786 INFO  grpc.GrpcConfigKeys$Server (ConfUtils.java:logGet(43)) - raft.grpc.server.leader.outstanding.appends.max = 128 (default)
2019-07-13 12:37:33,787 INFO  server.RaftServerConfigKeys (ConfUtils.java:logGet(43)) - raft.server.rpc.request.timeout = 3000ms (default)
2019-07-13 12:37:33,787 INFO  server.RaftServerConfigKeys (ConfUtils.java:logGet(43)) - raft.server.log.appender.install.snapshot.enabled = false (custom)
2019-07-13 12:37:33,787 INFO  impl.RoleInfo (RoleInfo.java:updateAndGet(143)) - 5192ca16-d261-458a-b2b0-5884a2408506: start LeaderState
2019-07-13 12:37:33,787 INFO  segmented.SegmentedRaftLogWorker (SegmentedRaftLogWorker.java:startLogSegment(380)) - 5192ca16-d261-458a-b2b0-5884a2408506-SegmentedRaftLogWorker:Storage Directory /tmp/workdir/hadoop-ozone/integration-test/target/test-dir/MiniOzoneClusterImpl-f238f8c9-6f68-435d-bc7a-6e3a5f15428f/datanode-5/data/ratis/8858441d-5437-421d-afd3-5677bad9df77: Starting segment from index:0
2019-07-13 12:37:33,788 INFO  impl.RaftServerImpl (ServerState.java:setRaftConf(361)) - 5192ca16-d261-458a-b2b0-5884a2408506:group-5677BAD9DF77 set configuration 0: [7c7a445e-d815-4048-bc30-41877607b145:192.168.5.181:32937, 5192ca16-d261-458a-b2b0-5884a2408506:192.168.5.181:44410, b012e42f-9c95-466d-840f-be23eeb33af9:192.168.5.181:33283], old=null at 0
2019-07-13 12:37:33,809 INFO  impl.RaftServerImpl (ServerState.java:setLeader(263)) - 7c7a445e-d815-4048-bc30-41877607b145:group-5677BAD9DF77 change Leader from null to 5192ca16-d261-458a-b2b0-5884a2408506 at term 1 for appendEntries, leader elected after 5178ms
2019-07-13 12:37:33,809 INFO  impl.RaftServerImpl (ServerState.java:setLeader(263)) - b012e42f-9c95-466d-840f-be23eeb33af9:group-5677BAD9DF77 change Leader from null to 5192ca16-d261-458a-b2b0-5884a2408506 at term 1 for appendEntries, leader elected after 5178ms
2019-07-13 12:37:33,812 INFO  impl.RaftServerImpl (ServerState.java:setRaftConf(361)) - 7c7a445e-d815-4048-bc30-41877607b145:group-5677BAD9DF77 set configuration 0: [7c7a445e-d815-4048-bc30-41877607b145:192.168.5.181:32937, 5192ca16-d261-458a-b2b0-5884a2408506:192.168.5.181:44410, b012e42f-9c95-466d-840f-be23eeb33af9:192.168.5.181:33283], old=null at 0
2019-07-13 12:37:33,812 INFO  impl.RaftServerImpl (ServerState.java:setRaftConf(361)) - b012e42f-9c95-466d-840f-be23eeb33af9:group-5677BAD9DF77 set configuration 0: [7c7a445e-d815-4048-bc30-41877607b145:192.168.5.181:32937, 5192ca16-d261-458a-b2b0-5884a2408506:192.168.5.181:44410, b012e42f-9c95-466d-840f-be23eeb33af9:192.168.5.181:33283], old=null at 0
2019-07-13 12:37:33,812 INFO  segmented.SegmentedRaftLogWorker (SegmentedRaftLogWorker.java:startLogSegment(380)) - 7c7a445e-d815-4048-bc30-41877607b145-SegmentedRaftLogWorker:Storage Directory /tmp/workdir/hadoop-ozone/integration-test/target/test-dir/MiniOzoneClusterImpl-f238f8c9-6f68-435d-bc7a-6e3a5f15428f/datanode-3/data/ratis/8858441d-5437-421d-afd3-5677bad9df77: Starting segment from index:0
2019-07-13 12:37:33,812 INFO  segmented.SegmentedRaftLogWorker (SegmentedRaftLogWorker.java:startLogSegment(380)) - b012e42f-9c95-466d-840f-be23eeb33af9-SegmentedRaftLogWorker:Storage Directory /tmp/workdir/hadoop-ozone/integration-test/target/test-dir/MiniOzoneClusterImpl-f238f8c9-6f68-435d-bc7a-6e3a5f15428f/datanode-4/data/ratis/8858441d-5437-421d-afd3-5677bad9df77: Starting segment from index:0
2019-07-13 12:37:33,821 INFO  segmented.SegmentedRaftLogWorker (SegmentedRaftLogWorker.java:execute(569)) - 5192ca16-d261-458a-b2b0-5884a2408506-SegmentedRaftLogWorker:Storage Directory /tmp/workdir/hadoop-ozone/integration-test/target/test-dir/MiniOzoneClusterImpl-f238f8c9-6f68-435d-bc7a-6e3a5f15428f/datanode-5/data/ratis/8858441d-5437-421d-afd3-5677bad9df77: created new log segment /tmp/workdir/hadoop-ozone/integration-test/target/test-dir/MiniOzoneClusterImpl-f238f8c9-6f68-435d-bc7a-6e3a5f15428f/datanode-5/data/ratis/8858441d-5437-421d-afd3-5677bad9df77/current/log_inprogress_0
2019-07-13 12:37:33,839 INFO  segmented.SegmentedRaftLogWorker (SegmentedRaftLogWorker.java:execute(569)) - 7c7a445e-d815-4048-bc30-41877607b145-SegmentedRaftLogWorker:Storage Directory /tmp/workdir/hadoop-ozone/integration-test/target/test-dir/MiniOzoneClusterImpl-f238f8c9-6f68-435d-bc7a-6e3a5f15428f/datanode-3/data/ratis/8858441d-5437-421d-afd3-5677bad9df77: created new log segment /tmp/workdir/hadoop-ozone/integration-test/target/test-dir/MiniOzoneClusterImpl-f238f8c9-6f68-435d-bc7a-6e3a5f15428f/datanode-3/data/ratis/8858441d-5437-421d-afd3-5677bad9df77/current/log_inprogress_0
2019-07-13 12:37:33,839 INFO  segmented.SegmentedRaftLogWorker (SegmentedRaftLogWorker.java:execute(569)) - b012e42f-9c95-466d-840f-be23eeb33af9-SegmentedRaftLogWorker:Storage Directory /tmp/workdir/hadoop-ozone/integration-test/target/test-dir/MiniOzoneClusterImpl-f238f8c9-6f68-435d-bc7a-6e3a5f15428f/datanode-4/data/ratis/8858441d-5437-421d-afd3-5677bad9df77: created new log segment /tmp/workdir/hadoop-ozone/integration-test/target/test-dir/MiniOzoneClusterImpl-f238f8c9-6f68-435d-bc7a-6e3a5f15428f/datanode-4/data/ratis/8858441d-5437-421d-afd3-5677bad9df77/current/log_inprogress_0
2019-07-13 12:37:33,865 INFO  client.GrpcClientProtocolClient (GrpcClientProtocolClient.java:onNext(255)) - client-458ECB85E5C2->b012e42f-9c95-466d-840f-be23eeb33af9: receive RaftClientReply:client-458ECB85E5C2->b012e42f-9c95-466d-840f-be23eeb33af9@group-5677BAD9DF77, cid=206, FAILED org.apache.ratis.protocol.NotLeaderException: Server b012e42f-9c95-466d-840f-be23eeb33af9 is not the leader (5192ca16-d261-458a-b2b0-5884a2408506:192.168.5.181:44410). Request must be sent to leader., logIndex=0, commits[b012e42f-9c95-466d-840f-be23eeb33af9:c-1, 7c7a445e-d815-4048-bc30-41877607b145:c-1, 5192ca16-d261-458a-b2b0-5884a2408506:c-1]
2019-07-13 12:37:33,868 INFO  impl.FollowerState (FollowerState.java:run(106)) - 3e264181-76eb-489e-af50-f97bd83653c1:group-09841340D173 changes to CANDIDATE, lastRpcTime:5115, electionTimeout:5112ms
2019-07-13 12:37:33,868 INFO  impl.RoleInfo (RoleInfo.java:shutdownFollowerState(121)) - 3e264181-76eb-489e-af50-f97bd83653c1: shutdown FollowerState
2019-07-13 12:37:33,868 INFO  impl.RaftServerImpl (RaftServerImpl.java:setRole(171)) - 3e264181-76eb-489e-af50-f97bd83653c1:group-09841340D173 changes role from FOLLOWER to CANDIDATE at term 0 for changeToCandidate
2019-07-13 12:37:33,868 INFO  impl.RoleInfo (RoleInfo.java:updateAndGet(143)) - 3e264181-76eb-489e-af50-f97bd83653c1: start LeaderElection
2019-07-13 12:37:33,886 INFO  impl.LeaderElection (LeaderElection.java:askForVotes(181)) - 3e264181-76eb-489e-af50-f97bd83653c1:group-09841340D173:LeaderElection94: begin an election at term 1 for -1: [3e264181-76eb-489e-af50-f97bd83653c1:192.168.5.181:36913], old=null
2019-07-13 12:37:33,887 INFO  impl.RoleInfo (RoleInfo.java:shutdownLeaderElection(134)) - 3e264181-76eb-489e-af50-f97bd83653c1: shutdown LeaderElection
2019-07-13 12:37:33,887 INFO  impl.RaftServerImpl (RaftServerImpl.java:setRole(171)) - 3e264181-76eb-489e-af50-f97bd83653c1:group-09841340D173 changes role from CANDIDATE to LEADER at term 1 for changeToLeader
2019-07-13 12:37:33,887 INFO  impl.RaftServerImpl (ServerState.java:setLeader(263)) - 3e264181-76eb-489e-af50-f97bd83653c1:group-09841340D173 change Leader from null to 3e264181-76eb-489e-af50-f97bd83653c1 at term 1 for becomeLeader, leader elected after 5137ms
2019-07-13 12:37:33,887 INFO  server.RaftServerConfigKeys (ConfUtils.java:logGet(43)) - raft.server.staging.catchup.gap = 1000 (default)
2019-07-13 12:37:33,887 INFO  server.RaftServerConfigKeys (ConfUtils.java:logGet(43)) - raft.server.rpc.sleep.time = 25ms (default)
2019-07-13 12:37:33,887 INFO  server.RaftServerConfigKeys (ConfUtils.java:logGet(43)) - raft.server.write.element-limit = 4096 (default)
2019-07-13 12:37:33,887 INFO  server.RaftServerConfigKeys (ConfUtils.java:logGet(43)) - raft.server.watch.timeout = 10s (default)
2019-07-13 12:37:33,888 INFO  server.RaftServerConfigKeys (ConfUtils.java:logGet(43)) - raft.server.watch.timeout.denomination = 1s (default)
2019-07-13 12:37:33,888 INFO  server.RaftServerConfigKeys (ConfUtils.java:logGet(43)) - raft.server.watch.element-limit = 65536 (default)
2019-07-13 12:37:33,888 INFO  impl.RoleInfo (RoleInfo.java:updateAndGet(143)) - 3e264181-76eb-489e-af50-f97bd83653c1: start LeaderState
2019-07-13 12:37:33,888 INFO  segmented.SegmentedRaftLogWorker (SegmentedRaftLogWorker.java:startLogSegment(380)) - 3e264181-76eb-489e-af50-f97bd83653c1-SegmentedRaftLogWorker:Storage Directory /tmp/workdir/hadoop-ozone/integration-test/target/test-dir/MiniOzoneClusterImpl-f238f8c9-6f68-435d-bc7a-6e3a5f15428f/datanode-6/data/ratis/6739e28d-7aac-480b-a9f5-09841340d173: Starting segment from index:0
2019-07-13 12:37:33,889 INFO  impl.RaftServerImpl (ServerState.java:setRaftConf(361)) - 3e264181-76eb-489e-af50-f97bd83653c1:group-09841340D173 set configuration 0: [3e264181-76eb-489e-af50-f97bd83653c1:192.168.5.181:36913], old=null at 0
2019-07-13 12:37:33,920 INFO  segmented.SegmentedRaftLogWorker (SegmentedRaftLogWorker.java:execute(569)) - 3e264181-76eb-489e-af50-f97bd83653c1-SegmentedRaftLogWorker:Storage Directory /tmp/workdir/hadoop-ozone/integration-test/target/test-dir/MiniOzoneClusterImpl-f238f8c9-6f68-435d-bc7a-6e3a5f15428f/datanode-6/data/ratis/6739e28d-7aac-480b-a9f5-09841340d173: created new log segment /tmp/workdir/hadoop-ozone/integration-test/target/test-dir/MiniOzoneClusterImpl-f238f8c9-6f68-435d-bc7a-6e3a5f15428f/datanode-6/data/ratis/6739e28d-7aac-480b-a9f5-09841340d173/current/log_inprogress_0
2019-07-13 12:37:33,996 INFO  client.GrpcClientProtocolClient (GrpcClientProtocolClient.java:onNext(255)) - client-458ECB85E5C2->5192ca16-d261-458a-b2b0-5884a2408506: receive RaftClientReply:client-458ECB85E5C2->5192ca16-d261-458a-b2b0-5884a2408506@group-5677BAD9DF77, cid=206, SUCCESS, logIndex=1, commits[5192ca16-d261-458a-b2b0-5884a2408506:c1, 7c7a445e-d815-4048-bc30-41877607b145:c0, b012e42f-9c95-466d-840f-be23eeb33af9:c0]
2019-07-13 12:37:34,015 INFO  client.GrpcClientProtocolClient (GrpcClientProtocolClient.java:onNext(255)) - client-458ECB85E5C2->5192ca16-d261-458a-b2b0-5884a2408506: receive RaftClientReply:client-458ECB85E5C2->5192ca16-d261-458a-b2b0-5884a2408506@group-5677BAD9DF77, cid=207, SUCCESS, logIndex=3, commits[5192ca16-d261-458a-b2b0-5884a2408506:c4, 7c7a445e-d815-4048-bc30-41877607b145:c1, b012e42f-9c95-466d-840f-be23eeb33af9:c2]
2019-07-13 12:37:34,046 INFO  client.GrpcClientProtocolClient (GrpcClientProtocolClient.java:onNext(255)) - client-458ECB85E5C2->5192ca16-d261-458a-b2b0-5884a2408506: receive RaftClientReply:client-458ECB85E5C2->5192ca16-d261-458a-b2b0-5884a2408506@group-5677BAD9DF77, cid=208, SUCCESS, logIndex=4, commits[5192ca16-d261-458a-b2b0-5884a2408506:c6, 7c7a445e-d815-4048-bc30-41877607b145:c4, b012e42f-9c95-466d-840f-be23eeb33af9:c4]
2019-07-13 12:37:34,051 INFO  container.CloseContainerEventHandler (CloseContainerEventHandler.java:onMessage(61)) - Close container Event triggered for container : #1
2019-07-13 12:37:34,052 INFO  container.CloseContainerEventHandler (CloseContainerEventHandler.java:onMessage(61)) - Close container Event triggered for container : #1
2019-07-13 12:37:34,052 INFO  container.CloseContainerEventHandler (CloseContainerEventHandler.java:onMessage(61)) - Close container Event triggered for container : #1
12:37:35.553 [grpc-default-executor-8] ERROR DNAudit - user=null | ip=null | op=WRITE_CHUNK {blockData=conID: 1 locID: 102434173733306384 bcsId: 4} | ret=FAILURE
org.apache.hadoop.hdds.scm.container.common.helpers.ContainerNotOpenException: Container 1 in CLOSED state
	at org.apache.hadoop.ozone.container.common.impl.HddsDispatcher.validateContainerCommand(HddsDispatcher.java:408) ~[hadoop-hdds-container-service-0.5.0-SNAPSHOT.jar:?]
	at org.apache.hadoop.ozone.container.common.transport.server.ratis.ContainerStateMachine.startTransaction(ContainerStateMachine.java:271) ~[hadoop-hdds-container-service-0.5.0-SNAPSHOT.jar:?]
	at org.apache.ratis.server.impl.RaftServerImpl.submitClientRequestAsync(RaftServerImpl.java:566) ~[ratis-server-0.4.0-2337318-SNAPSHOT.jar:0.4.0-2337318-SNAPSHOT]
	at org.apache.ratis.server.impl.RaftServerProxy.lambda$submitClientRequestAsync$7(RaftServerProxy.java:333) ~[ratis-server-0.4.0-2337318-SNAPSHOT.jar:0.4.0-2337318-SNAPSHOT]
	at org.apache.ratis.server.impl.RaftServerProxy.lambda$null$5(RaftServerProxy.java:328) ~[ratis-server-0.4.0-2337318-SNAPSHOT.jar:0.4.0-2337318-SNAPSHOT]
	at org.apache.ratis.util.JavaUtils.callAsUnchecked(JavaUtils.java:109) ~[ratis-common-0.4.0-2337318-SNAPSHOT.jar:0.4.0-2337318-SNAPSHOT]
	at org.apache.ratis.server.impl.RaftServerProxy.lambda$submitRequest$6(RaftServerProxy.java:328) ~[ratis-server-0.4.0-2337318-SNAPSHOT.jar:0.4.0-2337318-SNAPSHOT]
	at java.util.concurrent.CompletableFuture.uniComposeStage(CompletableFuture.java:981) ~[?:1.8.0_212]
	at java.util.concurrent.CompletableFuture.thenCompose(CompletableFuture.java:2124) ~[?:1.8.0_212]
	at org.apache.ratis.server.impl.RaftServerProxy.submitRequest(RaftServerProxy.java:327) ~[ratis-server-0.4.0-2337318-SNAPSHOT.jar:0.4.0-2337318-SNAPSHOT]
	at org.apache.ratis.server.impl.RaftServerProxy.submitClientRequestAsync(RaftServerProxy.java:333) ~[ratis-server-0.4.0-2337318-SNAPSHOT.jar:0.4.0-2337318-SNAPSHOT]
	at org.apache.ratis.grpc.client.GrpcClientProtocolService$RequestStreamObserver.processClientRequest(GrpcClientProtocolService.java:220) ~[ratis-grpc-0.4.0-2337318-SNAPSHOT.jar:0.4.0-2337318-SNAPSHOT]
	at org.apache.ratis.grpc.client.GrpcClientProtocolService$OrderedRequestStreamObserver.processClientRequest(GrpcClientProtocolService.java:326) ~[ratis-grpc-0.4.0-2337318-SNAPSHOT.jar:0.4.0-2337318-SNAPSHOT]
	at org.apache.ratis.util.SlidingWindow$Server.processRequestsFromHead(SlidingWindow.java:429) [ratis-common-0.4.0-2337318-SNAPSHOT.jar:0.4.0-2337318-SNAPSHOT]
	at org.apache.ratis.util.SlidingWindow$Server.receivedRequest(SlidingWindow.java:421) [ratis-common-0.4.0-2337318-SNAPSHOT.jar:0.4.0-2337318-SNAPSHOT]
	at org.apache.ratis.grpc.client.GrpcClientProtocolService$OrderedRequestStreamObserver.processClientRequest(GrpcClientProtocolService.java:345) [ratis-grpc-0.4.0-2337318-SNAPSHOT.jar:0.4.0-2337318-SNAPSHOT]
	at org.apache.ratis.grpc.client.GrpcClientProtocolService$RequestStreamObserver.onNext(GrpcClientProtocolService.java:240) [ratis-grpc-0.4.0-2337318-SNAPSHOT.jar:0.4.0-2337318-SNAPSHOT]
	at org.apache.ratis.grpc.client.GrpcClientProtocolService$RequestStreamObserver.onNext(GrpcClientProtocolService.java:168) [ratis-grpc-0.4.0-2337318-SNAPSHOT.jar:0.4.0-2337318-SNAPSHOT]
	at org.apache.ratis.thirdparty.io.grpc.stub.ServerCalls$StreamingServerCallHandler$StreamingServerCallListener.onMessage(ServerCalls.java:248) [ratis-thirdparty-misc-0.2.0.jar:0.2.0]
	at org.apache.ratis.thirdparty.io.grpc.internal.ServerCallImpl$ServerStreamListenerImpl.messagesAvailable(ServerCallImpl.java:263) [ratis-thirdparty-misc-0.2.0.jar:0.2.0]
	at org.apache.ratis.thirdparty.io.grpc.internal.ServerImpl$JumpToApplicationThreadServerStreamListener$1MessagesAvailable.runInContext(ServerImpl.java:686) [ratis-thirdparty-misc-0.2.0.jar:0.2.0]
	at org.apache.ratis.thirdparty.io.grpc.internal.ContextRunnable.run(ContextRunnable.java:37) [ratis-thirdparty-misc-0.2.0.jar:0.2.0]
	at org.apache.ratis.thirdparty.io.grpc.internal.SerializingExecutor.run(SerializingExecutor.java:123) [ratis-thirdparty-misc-0.2.0.jar:0.2.0]
	at java.util.concurrent.ThreadPoolExecutor.runWorker(ThreadPoolExecutor.java:1149) [?:1.8.0_212]
	at java.util.concurrent.ThreadPoolExecutor$Worker.run(ThreadPoolExecutor.java:624) [?:1.8.0_212]
	at java.lang.Thread.run(Thread.java:748) [?:1.8.0_212]
12:37:35.565 [grpc-default-executor-8] ERROR DNAudit - user=null | ip=null | op=WRITE_CHUNK {blockData=conID: 1 locID: 102434173733306384 bcsId: 4} | ret=FAILURE
org.apache.hadoop.hdds.scm.container.common.helpers.ContainerNotOpenException: Container 1 in CLOSED state
	at org.apache.hadoop.ozone.container.common.impl.HddsDispatcher.validateContainerCommand(HddsDispatcher.java:408) ~[hadoop-hdds-container-service-0.5.0-SNAPSHOT.jar:?]
	at org.apache.hadoop.ozone.container.common.transport.server.ratis.ContainerStateMachine.startTransaction(ContainerStateMachine.java:271) ~[hadoop-hdds-container-service-0.5.0-SNAPSHOT.jar:?]
	at org.apache.ratis.server.impl.RaftServerImpl.submitClientRequestAsync(RaftServerImpl.java:566) ~[ratis-server-0.4.0-2337318-SNAPSHOT.jar:0.4.0-2337318-SNAPSHOT]
	at org.apache.ratis.server.impl.RaftServerProxy.lambda$submitClientRequestAsync$7(RaftServerProxy.java:333) ~[ratis-server-0.4.0-2337318-SNAPSHOT.jar:0.4.0-2337318-SNAPSHOT]
	at org.apache.ratis.server.impl.RaftServerProxy.lambda$null$5(RaftServerProxy.java:328) ~[ratis-server-0.4.0-2337318-SNAPSHOT.jar:0.4.0-2337318-SNAPSHOT]
	at org.apache.ratis.util.JavaUtils.callAsUnchecked(JavaUtils.java:109) ~[ratis-common-0.4.0-2337318-SNAPSHOT.jar:0.4.0-2337318-SNAPSHOT]
	at org.apache.ratis.server.impl.RaftServerProxy.lambda$submitRequest$6(RaftServerProxy.java:328) ~[ratis-server-0.4.0-2337318-SNAPSHOT.jar:0.4.0-2337318-SNAPSHOT]
	at java.util.concurrent.CompletableFuture.uniComposeStage(CompletableFuture.java:981) ~[?:1.8.0_212]
	at java.util.concurrent.CompletableFuture.thenCompose(CompletableFuture.java:2124) ~[?:1.8.0_212]
	at org.apache.ratis.server.impl.RaftServerProxy.submitRequest(RaftServerProxy.java:327) ~[ratis-server-0.4.0-2337318-SNAPSHOT.jar:0.4.0-2337318-SNAPSHOT]
	at org.apache.ratis.server.impl.RaftServerProxy.submitClientRequestAsync(RaftServerProxy.java:333) ~[ratis-server-0.4.0-2337318-SNAPSHOT.jar:0.4.0-2337318-SNAPSHOT]
	at org.apache.ratis.grpc.client.GrpcClientProtocolService$RequestStreamObserver.processClientRequest(GrpcClientProtocolService.java:220) ~[ratis-grpc-0.4.0-2337318-SNAPSHOT.jar:0.4.0-2337318-SNAPSHOT]
	at org.apache.ratis.grpc.client.GrpcClientProtocolService$OrderedRequestStreamObserver.processClientRequest(GrpcClientProtocolService.java:326) ~[ratis-grpc-0.4.0-2337318-SNAPSHOT.jar:0.4.0-2337318-SNAPSHOT]
	at org.apache.ratis.util.SlidingWindow$Server.processRequestsFromHead(SlidingWindow.java:429) [ratis-common-0.4.0-2337318-SNAPSHOT.jar:0.4.0-2337318-SNAPSHOT]
	at org.apache.ratis.util.SlidingWindow$Server.receivedRequest(SlidingWindow.java:421) [ratis-common-0.4.0-2337318-SNAPSHOT.jar:0.4.0-2337318-SNAPSHOT]
	at org.apache.ratis.grpc.client.GrpcClientProtocolService$OrderedRequestStreamObserver.processClientRequest(GrpcClientProtocolService.java:345) [ratis-grpc-0.4.0-2337318-SNAPSHOT.jar:0.4.0-2337318-SNAPSHOT]
	at org.apache.ratis.grpc.client.GrpcClientProtocolService$RequestStreamObserver.onNext(GrpcClientProtocolService.java:240) [ratis-grpc-0.4.0-2337318-SNAPSHOT.jar:0.4.0-2337318-SNAPSHOT]
	at org.apache.ratis.grpc.client.GrpcClientProtocolService$RequestStreamObserver.onNext(GrpcClientProtocolService.java:168) [ratis-grpc-0.4.0-2337318-SNAPSHOT.jar:0.4.0-2337318-SNAPSHOT]
	at org.apache.ratis.thirdparty.io.grpc.stub.ServerCalls$StreamingServerCallHandler$StreamingServerCallListener.onMessage(ServerCalls.java:248) [ratis-thirdparty-misc-0.2.0.jar:0.2.0]
	at org.apache.ratis.thirdparty.io.grpc.internal.ServerCallImpl$ServerStreamListenerImpl.messagesAvailable(ServerCallImpl.java:263) [ratis-thirdparty-misc-0.2.0.jar:0.2.0]
	at org.apache.ratis.thirdparty.io.grpc.internal.ServerImpl$JumpToApplicationThreadServerStreamListener$1MessagesAvailable.runInContext(ServerImpl.java:686) [ratis-thirdparty-misc-0.2.0.jar:0.2.0]
	at org.apache.ratis.thirdparty.io.grpc.internal.ContextRunnable.run(ContextRunnable.java:37) [ratis-thirdparty-misc-0.2.0.jar:0.2.0]
	at org.apache.ratis.thirdparty.io.grpc.internal.SerializingExecutor.run(SerializingExecutor.java:123) [ratis-thirdparty-misc-0.2.0.jar:0.2.0]
	at java.util.concurrent.ThreadPoolExecutor.runWorker(ThreadPoolExecutor.java:1149) [?:1.8.0_212]
	at java.util.concurrent.ThreadPoolExecutor$Worker.run(ThreadPoolExecutor.java:624) [?:1.8.0_212]
	at java.lang.Thread.run(Thread.java:748) [?:1.8.0_212]
2019-07-13 12:37:35,571 INFO  interfaces.Container (KeyValueContainer.java:compactDB(356)) - Container 1 is closed with bcsId 4.
2019-07-13 12:37:35,573 INFO  interfaces.Container (KeyValueContainer.java:compactDB(356)) - Container 1 is closed with bcsId 4.
2019-07-13 12:37:35,574 INFO  client.GrpcClientProtocolClient (GrpcClientProtocolClient.java:onNext(255)) - client-458ECB85E5C2->5192ca16-d261-458a-b2b0-5884a2408506: receive RaftClientReply:client-458ECB85E5C2->5192ca16-d261-458a-b2b0-5884a2408506@group-5677BAD9DF77, cid=209, FAILED org.apache.ratis.protocol.StateMachineException: org.apache.hadoop.hdds.scm.container.common.helpers.ContainerNotOpenException from Server 5192ca16-d261-458a-b2b0-5884a2408506: Container 1 in CLOSED state, logIndex=0, commits[5192ca16-d261-458a-b2b0-5884a2408506:c8, 7c7a445e-d815-4048-bc30-41877607b145:c7, b012e42f-9c95-466d-840f-be23eeb33af9:c7]
12:37:35.575 [grpc-default-executor-8] ERROR DNAudit - user=null | ip=null | op=PUT_BLOCK {blockData=[blockId=conID: 1 locID: 102434173733306384 bcsId: 0,size=334]} | ret=FAILURE
org.apache.hadoop.hdds.scm.container.common.helpers.ContainerNotOpenException: Container 1 in CLOSED state
	at org.apache.hadoop.ozone.container.common.impl.HddsDispatcher.validateContainerCommand(HddsDispatcher.java:408) ~[hadoop-hdds-container-service-0.5.0-SNAPSHOT.jar:?]
	at org.apache.hadoop.ozone.container.common.transport.server.ratis.ContainerStateMachine.startTransaction(ContainerStateMachine.java:271) ~[hadoop-hdds-container-service-0.5.0-SNAPSHOT.jar:?]
	at org.apache.ratis.server.impl.RaftServerImpl.submitClientRequestAsync(RaftServerImpl.java:566) ~[ratis-server-0.4.0-2337318-SNAPSHOT.jar:0.4.0-2337318-SNAPSHOT]
	at org.apache.ratis.server.impl.RaftServerProxy.lambda$submitClientRequestAsync$7(RaftServerProxy.java:333) ~[ratis-server-0.4.0-2337318-SNAPSHOT.jar:0.4.0-2337318-SNAPSHOT]
	at org.apache.ratis.server.impl.RaftServerProxy.lambda$null$5(RaftServerProxy.java:328) ~[ratis-server-0.4.0-2337318-SNAPSHOT.jar:0.4.0-2337318-SNAPSHOT]
	at org.apache.ratis.util.JavaUtils.callAsUnchecked(JavaUtils.java:109) ~[ratis-common-0.4.0-2337318-SNAPSHOT.jar:0.4.0-2337318-SNAPSHOT]
	at org.apache.ratis.server.impl.RaftServerProxy.lambda$submitRequest$6(RaftServerProxy.java:328) ~[ratis-server-0.4.0-2337318-SNAPSHOT.jar:0.4.0-2337318-SNAPSHOT]
	at java.util.concurrent.CompletableFuture.uniComposeStage(CompletableFuture.java:981) ~[?:1.8.0_212]
	at java.util.concurrent.CompletableFuture.thenCompose(CompletableFuture.java:2124) ~[?:1.8.0_212]
	at org.apache.ratis.server.impl.RaftServerProxy.submitRequest(RaftServerProxy.java:327) ~[ratis-server-0.4.0-2337318-SNAPSHOT.jar:0.4.0-2337318-SNAPSHOT]
	at org.apache.ratis.server.impl.RaftServerProxy.submitClientRequestAsync(RaftServerProxy.java:333) ~[ratis-server-0.4.0-2337318-SNAPSHOT.jar:0.4.0-2337318-SNAPSHOT]
	at org.apache.ratis.grpc.client.GrpcClientProtocolService$RequestStreamObserver.processClientRequest(GrpcClientProtocolService.java:220) ~[ratis-grpc-0.4.0-2337318-SNAPSHOT.jar:0.4.0-2337318-SNAPSHOT]
	at org.apache.ratis.grpc.client.GrpcClientProtocolService$OrderedRequestStreamObserver.processClientRequest(GrpcClientProtocolService.java:326) ~[ratis-grpc-0.4.0-2337318-SNAPSHOT.jar:0.4.0-2337318-SNAPSHOT]
	at org.apache.ratis.util.SlidingWindow$Server.processRequestsFromHead(SlidingWindow.java:429) [ratis-common-0.4.0-2337318-SNAPSHOT.jar:0.4.0-2337318-SNAPSHOT]
	at org.apache.ratis.util.SlidingWindow$Server.receivedRequest(SlidingWindow.java:421) [ratis-common-0.4.0-2337318-SNAPSHOT.jar:0.4.0-2337318-SNAPSHOT]
	at org.apache.ratis.grpc.client.GrpcClientProtocolService$OrderedRequestStreamObserver.processClientRequest(GrpcClientProtocolService.java:345) [ratis-grpc-0.4.0-2337318-SNAPSHOT.jar:0.4.0-2337318-SNAPSHOT]
	at org.apache.ratis.grpc.client.GrpcClientProtocolService$RequestStreamObserver.onNext(GrpcClientProtocolService.java:240) [ratis-grpc-0.4.0-2337318-SNAPSHOT.jar:0.4.0-2337318-SNAPSHOT]
	at org.apache.ratis.grpc.client.GrpcClientProtocolService$RequestStreamObserver.onNext(GrpcClientProtocolService.java:168) [ratis-grpc-0.4.0-2337318-SNAPSHOT.jar:0.4.0-2337318-SNAPSHOT]
	at org.apache.ratis.thirdparty.io.grpc.stub.ServerCalls$StreamingServerCallHandler$StreamingServerCallListener.onMessage(ServerCalls.java:248) [ratis-thirdparty-misc-0.2.0.jar:0.2.0]
	at org.apache.ratis.thirdparty.io.grpc.internal.ServerCallImpl$ServerStreamListenerImpl.messagesAvailable(ServerCallImpl.java:263) [ratis-thirdparty-misc-0.2.0.jar:0.2.0]
	at org.apache.ratis.thirdparty.io.grpc.internal.ServerImpl$JumpToApplicationThreadServerStreamListener$1MessagesAvailable.runInContext(ServerImpl.java:686) [ratis-thirdparty-misc-0.2.0.jar:0.2.0]
	at org.apache.ratis.thirdparty.io.grpc.internal.ContextRunnable.run(ContextRunnable.java:37) [ratis-thirdparty-misc-0.2.0.jar:0.2.0]
	at org.apache.ratis.thirdparty.io.grpc.internal.SerializingExecutor.run(SerializingExecutor.java:123) [ratis-thirdparty-misc-0.2.0.jar:0.2.0]
	at java.util.concurrent.ThreadPoolExecutor.runWorker(ThreadPoolExecutor.java:1149) [?:1.8.0_212]
	at java.util.concurrent.ThreadPoolExecutor$Worker.run(ThreadPoolExecutor.java:624) [?:1.8.0_212]
	at java.lang.Thread.run(Thread.java:748) [?:1.8.0_212]
2019-07-13 12:37:35,576 INFO  client.GrpcClientProtocolClient (GrpcClientProtocolClient.java:onNext(255)) - client-458ECB85E5C2->5192ca16-d261-458a-b2b0-5884a2408506: receive RaftClientReply:client-458ECB85E5C2->5192ca16-d261-458a-b2b0-5884a2408506@group-5677BAD9DF77, cid=210, FAILED org.apache.ratis.protocol.StateMachineException: org.apache.hadoop.hdds.scm.container.common.helpers.ContainerNotOpenException from Server 5192ca16-d261-458a-b2b0-5884a2408506: Container 1 in CLOSED state, logIndex=0, commits[5192ca16-d261-458a-b2b0-5884a2408506:c8, 7c7a445e-d815-4048-bc30-41877607b145:c7, b012e42f-9c95-466d-840f-be23eeb33af9:c7]
2019-07-13 12:37:35,579 INFO  interfaces.Container (KeyValueContainer.java:compactDB(356)) - Container 1 is closed with bcsId 4.
2019-07-13 12:37:35,584 INFO  client.GrpcClientProtocolClient (GrpcClientProtocolClient.java:onNext(255)) - client-458ECB85E5C2->5192ca16-d261-458a-b2b0-5884a2408506: receive RaftClientReply:client-458ECB85E5C2->5192ca16-d261-458a-b2b0-5884a2408506@group-5677BAD9DF77, cid=211, FAILED org.apache.ratis.protocol.StateMachineException: org.apache.hadoop.hdds.scm.container.common.helpers.ContainerNotOpenException from Server 5192ca16-d261-458a-b2b0-5884a2408506: Container 1 in CLOSED state, logIndex=0, commits[5192ca16-d261-458a-b2b0-5884a2408506:c8, 7c7a445e-d815-4048-bc30-41877607b145:c7, b012e42f-9c95-466d-840f-be23eeb33af9:c7]
2019-07-13 12:37:35,701 INFO  client.GrpcClientProtocolClient (GrpcClientProtocolClient.java:onNext(255)) - client-580DEEC585F0->d8d2f301-6e83-417c-9259-177b517f1750: receive RaftClientReply:client-580DEEC585F0->d8d2f301-6e83-417c-9259-177b517f1750@group-E3A95579DE15, cid=212, SUCCESS, logIndex=1, commits[d8d2f301-6e83-417c-9259-177b517f1750:c1, fbc434c9-ed63-4aa3-abea-d0e122c0a7f1:c0, c87b7a49-17c5-4210-9f71-f69682532099:c0]
2019-07-13 12:37:35,730 INFO  client.GrpcClientProtocolClient (GrpcClientProtocolClient.java:onNext(255)) - client-580DEEC585F0->d8d2f301-6e83-417c-9259-177b517f1750: receive RaftClientReply:client-580DEEC585F0->d8d2f301-6e83-417c-9259-177b517f1750@group-E3A95579DE15, cid=213, SUCCESS, logIndex=3, commits[d8d2f301-6e83-417c-9259-177b517f1750:c4, fbc434c9-ed63-4aa3-abea-d0e122c0a7f1:c2, c87b7a49-17c5-4210-9f71-f69682532099:c2]
2019-07-13 12:37:35,779 INFO  client.GrpcClientProtocolClient (GrpcClientProtocolClient.java:onNext(255)) - client-580DEEC585F0->d8d2f301-6e83-417c-9259-177b517f1750: receive RaftClientReply:client-580DEEC585F0->d8d2f301-6e83-417c-9259-177b517f1750@group-E3A95579DE15, cid=214, SUCCESS, logIndex=4, commits[d8d2f301-6e83-417c-9259-177b517f1750:c6, fbc434c9-ed63-4aa3-abea-d0e122c0a7f1:c4, c87b7a49-17c5-4210-9f71-f69682532099:c4]
2019-07-13 12:37:35,799 INFO  pipeline.Pipeline (Pipeline.java:getProtobufMessage(195)) - Serialize pipeline PipelineID=e8274a52-dc89-405f-97b5-e3a95579de15 with nodesInOrder{ }
2019-07-13 12:37:35,800 INFO  ozone.MiniOzoneClusterImpl (MiniOzoneClusterImpl.java:shutdown(321)) - Shutting down the Mini Ozone Cluster
2019-07-13 12:37:35,801 INFO  ozone.MiniOzoneClusterImpl (MiniOzoneClusterImpl.java:stop(336)) - Stopping the Mini Ozone Cluster
2019-07-13 12:37:35,801 INFO  ozone.MiniOzoneClusterImpl (MiniOzoneClusterImpl.java:stop(338)) - Stopping the OzoneManager
2019-07-13 12:37:35,801 INFO  ipc.Server (Server.java:stop(3082)) - Stopping server on 34578
2019-07-13 12:37:35,810 INFO  ipc.Server (Server.java:run(1185)) - Stopping IPC Server listener on 34578
2019-07-13 12:37:35,841 INFO  utils.BackgroundService (BackgroundService.java:shutdown(148)) - Shutting down service KeyDeletingService
2019-07-13 12:37:35,841 INFO  ipc.Server (Server.java:run(1319)) - Stopping IPC Server Responder
2019-07-13 12:37:35,844 INFO  handler.ContextHandler (ContextHandler.java:doStop(910)) - Stopped o.e.j.w.WebAppContext@6cf47d05{/,null,UNAVAILABLE}{/ozoneManager}
2019-07-13 12:37:35,845 INFO  server.AbstractConnector (AbstractConnector.java:doStop(318)) - Stopped ServerConnector@38f704f4{HTTP/1.1,[http/1.1]}{0.0.0.0:0}
2019-07-13 12:37:35,845 INFO  handler.ContextHandler (ContextHandler.java:doStop(910)) - Stopped o.e.j.s.ServletContextHandler@19e5e846{/static,file:///tmp/workdir/hadoop-ozone/integration-test/target/test-classes/webapps/static,UNAVAILABLE}
2019-07-13 12:37:35,846 INFO  handler.ContextHandler (ContextHandler.java:doStop(910)) - Stopped o.e.j.s.ServletContextHandler@630a647c{/logs,file:///tmp/workdir/hadoop-ozone/integration-test/target/log,UNAVAILABLE}
2019-07-13 12:37:35,849 INFO  ozone.MiniOzoneClusterImpl (MiniOzoneClusterImpl.java:stop(344)) - Shutting the HddsDatanodes
2019-07-13 12:37:35,850 INFO  datanode.ObjectStoreHandler (ObjectStoreHandler.java:close(155)) - Closing ObjectStoreHandler.
2019-07-13 12:37:35,850 INFO  datanode.ObjectStoreHandler (ObjectStoreHandler.java:close(155)) - Closing ObjectStoreHandler.
2019-07-13 12:37:35,850 INFO  ozone.HddsDatanodeService (HddsDatanodeService.java:stop(452)) - Stopped plug-in org.apache.hadoop.ozone.web.OzoneHddsDatanodeService@69abff1d
2019-07-13 12:37:35,850 INFO  ozone.HddsDatanodeService (HddsDatanodeService.java:stop(452)) - Stopped plug-in org.apache.hadoop.ozone.web.OzoneHddsDatanodeService@39b265c9
2019-07-13 12:37:36,574 INFO  statemachine.DatanodeStateMachine (DatanodeStateMachine.java:lambda$startDaemon$0(350)) - Ozone container server started.
2019-07-13 12:37:36,684 INFO  statemachine.DatanodeStateMachine (DatanodeStateMachine.java:lambda$startDaemon$0(350)) - Ozone container server started.
2019-07-13 12:37:40,623 INFO  node.StaleNodeHandler (StaleNodeHandler.java:onMessage(58)) - Datanode b012e42f-9c95-466d-840f-be23eeb33af9{ip: 192.168.5.181, host: trunk-nightly-q2gwj-1111726333, networkLocation: /default-rack, certSerialId: null} moved to stale state. Finalizing its pipelines [PipelineID=8a2cc9a3-50e2-4134-a314-9b6ddbd0b801, PipelineID=8858441d-5437-421d-afd3-5677bad9df77]
2019-07-13 12:37:40,623 INFO  pipeline.SCMPipelineManager (SCMPipelineManager.java:finalizeAndDestroyPipeline(309)) - destroying pipeline:Pipeline[ Id: 8a2cc9a3-50e2-4134-a314-9b6ddbd0b801, Nodes: b012e42f-9c95-466d-840f-be23eeb33af9{ip: 192.168.5.181, host: trunk-nightly-q2gwj-1111726333, networkLocation: /default-rack, certSerialId: null}, Type:RATIS, Factor:ONE, State:OPEN]
2019-07-13 12:37:40,624 INFO  pipeline.PipelineStateManager (PipelineStateManager.java:finalizePipeline(123)) - Pipeline Pipeline[ Id: 8a2cc9a3-50e2-4134-a314-9b6ddbd0b801, Nodes: b012e42f-9c95-466d-840f-be23eeb33af9{ip: 192.168.5.181, host: trunk-nightly-q2gwj-1111726333, networkLocation: /default-rack, certSerialId: null}, Type:RATIS, Factor:ONE, State:CLOSED] moved to CLOSED state
2019-07-13 12:37:40,624 INFO  pipeline.SCMPipelineManager (SCMPipelineManager.java:finalizeAndDestroyPipeline(309)) - destroying pipeline:Pipeline[ Id: 8858441d-5437-421d-afd3-5677bad9df77, Nodes: b012e42f-9c95-466d-840f-be23eeb33af9{ip: 192.168.5.181, host: trunk-nightly-q2gwj-1111726333, networkLocation: /default-rack, certSerialId: null}7c7a445e-d815-4048-bc30-41877607b145{ip: 192.168.5.181, host: trunk-nightly-q2gwj-1111726333, networkLocation: /default-rack, certSerialId: null}5192ca16-d261-458a-b2b0-5884a2408506{ip: 192.168.5.181, host: trunk-nightly-q2gwj-1111726333, networkLocation: /default-rack, certSerialId: null}, Type:RATIS, Factor:THREE, State:OPEN]
2019-07-13 12:37:40,624 INFO  pipeline.PipelineStateManager (PipelineStateManager.java:finalizePipeline(123)) - Pipeline Pipeline[ Id: 8858441d-5437-421d-afd3-5677bad9df77, Nodes: b012e42f-9c95-466d-840f-be23eeb33af9{ip: 192.168.5.181, host: trunk-nightly-q2gwj-1111726333, networkLocation: /default-rack, certSerialId: null}7c7a445e-d815-4048-bc30-41877607b145{ip: 192.168.5.181, host: trunk-nightly-q2gwj-1111726333, networkLocation: /default-rack, certSerialId: null}5192ca16-d261-458a-b2b0-5884a2408506{ip: 192.168.5.181, host: trunk-nightly-q2gwj-1111726333, networkLocation: /default-rack, certSerialId: null}, Type:RATIS, Factor:THREE, State:CLOSED] moved to CLOSED state
2019-07-13 12:37:40,723 INFO  node.StaleNodeHandler (StaleNodeHandler.java:onMessage(58)) - Datanode fbc434c9-ed63-4aa3-abea-d0e122c0a7f1{ip: 192.168.5.181, host: trunk-nightly-q2gwj-1111726333, networkLocation: /default-rack, certSerialId: null} moved to stale state. Finalizing its pipelines [PipelineID=e8274a52-dc89-405f-97b5-e3a95579de15, PipelineID=0de57221-43bd-48eb-846c-0e48dc912df3]
2019-07-13 12:37:40,723 INFO  pipeline.SCMPipelineManager (SCMPipelineManager.java:finalizeAndDestroyPipeline(309)) - destroying pipeline:Pipeline[ Id: e8274a52-dc89-405f-97b5-e3a95579de15, Nodes: d8d2f301-6e83-417c-9259-177b517f1750{ip: 192.168.5.181, host: trunk-nightly-q2gwj-1111726333, networkLocation: /default-rack, certSerialId: null}fbc434c9-ed63-4aa3-abea-d0e122c0a7f1{ip: 192.168.5.181, host: trunk-nightly-q2gwj-1111726333, networkLocation: /default-rack, certSerialId: null}c87b7a49-17c5-4210-9f71-f69682532099{ip: 192.168.5.181, host: trunk-nightly-q2gwj-1111726333, networkLocation: /default-rack, certSerialId: null}, Type:RATIS, Factor:THREE, State:OPEN]
2019-07-13 12:37:40,724 INFO  pipeline.PipelineStateManager (PipelineStateManager.java:finalizePipeline(123)) - Pipeline Pipeline[ Id: e8274a52-dc89-405f-97b5-e3a95579de15, Nodes: d8d2f301-6e83-417c-9259-177b517f1750{ip: 192.168.5.181, host: trunk-nightly-q2gwj-1111726333, networkLocation: /default-rack, certSerialId: null}fbc434c9-ed63-4aa3-abea-d0e122c0a7f1{ip: 192.168.5.181, host: trunk-nightly-q2gwj-1111726333, networkLocation: /default-rack, certSerialId: null}c87b7a49-17c5-4210-9f71-f69682532099{ip: 192.168.5.181, host: trunk-nightly-q2gwj-1111726333, networkLocation: /default-rack, certSerialId: null}, Type:RATIS, Factor:THREE, State:CLOSED] moved to CLOSED state
2019-07-13 12:37:40,724 INFO  container.CloseContainerEventHandler (CloseContainerEventHandler.java:onMessage(61)) - Close container Event triggered for container : #2
2019-07-13 12:37:40,724 INFO  pipeline.SCMPipelineManager (SCMPipelineManager.java:finalizeAndDestroyPipeline(309)) - destroying pipeline:Pipeline[ Id: 0de57221-43bd-48eb-846c-0e48dc912df3, Nodes: fbc434c9-ed63-4aa3-abea-d0e122c0a7f1{ip: 192.168.5.181, host: trunk-nightly-q2gwj-1111726333, networkLocation: /default-rack, certSerialId: null}, Type:RATIS, Factor:ONE, State:OPEN]
2019-07-13 12:37:40,724 INFO  pipeline.PipelineStateManager (PipelineStateManager.java:finalizePipeline(123)) - Pipeline Pipeline[ Id: 0de57221-43bd-48eb-846c-0e48dc912df3, Nodes: fbc434c9-ed63-4aa3-abea-d0e122c0a7f1{ip: 192.168.5.181, host: trunk-nightly-q2gwj-1111726333, networkLocation: /default-rack, certSerialId: null}, Type:RATIS, Factor:ONE, State:CLOSED] moved to CLOSED state
2019-07-13 12:37:40,851 INFO  ozoneimpl.OzoneContainer (OzoneContainer.java:stop(199)) - Attempting to stop container services.
2019-07-13 12:37:40,851 INFO  ozoneimpl.OzoneContainer (OzoneContainer.java:stop(199)) - Attempting to stop container services.
2019-07-13 12:37:40,852 INFO  impl.RaftServerProxy (RaftServerProxy.java:lambda$close$4(314)) - b012e42f-9c95-466d-840f-be23eeb33af9: close
2019-07-13 12:37:40,852 INFO  impl.RaftServerProxy (RaftServerProxy.java:lambda$close$4(314)) - fbc434c9-ed63-4aa3-abea-d0e122c0a7f1: close
2019-07-13 12:37:40,852 INFO  impl.RaftServerImpl (RaftServerImpl.java:lambda$shutdown$3(245)) - b012e42f-9c95-466d-840f-be23eeb33af9: shutdown group-9B6DDBD0B801
2019-07-13 12:37:40,852 INFO  impl.RaftServerImpl (RaftServerImpl.java:lambda$shutdown$3(245)) - fbc434c9-ed63-4aa3-abea-d0e122c0a7f1: shutdown group-E3A95579DE15
2019-07-13 12:37:40,853 INFO  util.JmxRegister (JmxRegister.java:unregister(73)) - Successfully un-registered JMX Bean with object name Ratis:service=RaftServer,group=group-9B6DDBD0B801,id=b012e42f-9c95-466d-840f-be23eeb33af9
2019-07-13 12:37:40,854 INFO  impl.RoleInfo (RoleInfo.java:shutdownLeaderState(104)) - b012e42f-9c95-466d-840f-be23eeb33af9: shutdown LeaderState
2019-07-13 12:37:40,853 INFO  util.JmxRegister (JmxRegister.java:unregister(73)) - Successfully un-registered JMX Bean with object name Ratis:service=RaftServer,group=group-E3A95579DE15,id=fbc434c9-ed63-4aa3-abea-d0e122c0a7f1
2019-07-13 12:37:40,854 INFO  impl.PendingRequests (PendingRequests.java:sendNotLeaderResponses(202)) - b012e42f-9c95-466d-840f-be23eeb33af9-PendingRequests: sendNotLeaderResponses
2019-07-13 12:37:40,854 INFO  impl.RoleInfo (RoleInfo.java:shutdownFollowerState(121)) - fbc434c9-ed63-4aa3-abea-d0e122c0a7f1: shutdown FollowerState
2019-07-13 12:37:40,855 INFO  impl.StateMachineUpdater (StateMachineUpdater.java:stopAndJoin(115)) - StateMachineUpdater:b012e42f-9c95-466d-840f-be23eeb33af9:group-9B6DDBD0B801: set stopIndex = 0
2019-07-13 12:37:40,855 INFO  ratis.ContainerStateMachine (ContainerStateMachine.java:takeSnapshot(246)) - Taking snapshot at termIndex:(t:0, i:~)
2019-07-13 12:37:40,855 INFO  impl.FollowerState (FollowerState.java:run(114)) - fbc434c9-ed63-4aa3-abea-d0e122c0a7f1: FollowerState was interrupted: java.lang.InterruptedException: sleep interrupted
2019-07-13 12:37:40,855 INFO  ratis.ContainerStateMachine (ContainerStateMachine.java:takeSnapshot(246)) - Taking snapshot at termIndex:(t:1, i:4)
2019-07-13 12:37:40,856 INFO  ratis.ContainerStateMachine (ContainerStateMachine.java:takeSnapshot(250)) - Taking a snapshot to file /tmp/workdir/hadoop-ozone/integration-test/target/test-dir/MiniOzoneClusterImpl-f238f8c9-6f68-435d-bc7a-6e3a5f15428f/datanode-1/data/ratis/e8274a52-dc89-405f-97b5-e3a95579de15/sm/snapshot.1_4
2019-07-13 12:37:40,855 INFO  impl.StateMachineUpdater (StateMachineUpdater.java:stopAndJoin(115)) - StateMachineUpdater:fbc434c9-ed63-4aa3-abea-d0e122c0a7f1:group-E3A95579DE15: set stopIndex = 6
2019-07-13 12:37:40,856 INFO  impl.RaftServerImpl (ServerState.java:close(394)) - b012e42f-9c95-466d-840f-be23eeb33af9:group-9B6DDBD0B801 closes. The last applied log index is 0
2019-07-13 12:37:40,857 INFO  segmented.SegmentedRaftLogWorker (SegmentedRaftLogWorker.java:run(313)) - b012e42f-9c95-466d-840f-be23eeb33af9-SegmentedRaftLogWorker:Storage Directory /tmp/workdir/hadoop-ozone/integration-test/target/test-dir/MiniOzoneClusterImpl-f238f8c9-6f68-435d-bc7a-6e3a5f15428f/datanode-4/data/ratis/8a2cc9a3-50e2-4134-a314-9b6ddbd0b801 was interrupted, exiting. There are 0 tasks remaining in the queue.
2019-07-13 12:37:40,868 INFO  segmented.SegmentedRaftLogWorker (SegmentedRaftLogWorker.java:close(228)) - b012e42f-9c95-466d-840f-be23eeb33af9-SegmentedRaftLogWorker:Storage Directory /tmp/workdir/hadoop-ozone/integration-test/target/test-dir/MiniOzoneClusterImpl-f238f8c9-6f68-435d-bc7a-6e3a5f15428f/datanode-4/data/ratis/8a2cc9a3-50e2-4134-a314-9b6ddbd0b801 close()
2019-07-13 12:37:40,868 INFO  impl.StateMachineUpdater (StateMachineUpdater.java:takeSnapshot(242)) - StateMachineUpdater:fbc434c9-ed63-4aa3-abea-d0e122c0a7f1:group-E3A95579DE15: Took a snapshot at index 4
2019-07-13 12:37:40,873 INFO  impl.RaftServerImpl (RaftServerImpl.java:lambda$shutdown$3(245)) - b012e42f-9c95-466d-840f-be23eeb33af9: shutdown group-5677BAD9DF77
2019-07-13 12:37:40,873 INFO  impl.StateMachineUpdater (StateMachineUpdater.java:lambda$new$0(80)) - StateMachineUpdater:fbc434c9-ed63-4aa3-abea-d0e122c0a7f1:group-E3A95579DE15: snapshotIndex: updateIncreasingly -1 -> 4
2019-07-13 12:37:40,873 INFO  util.JmxRegister (JmxRegister.java:unregister(73)) - Successfully un-registered JMX Bean with object name Ratis:service=RaftServer,group=group-5677BAD9DF77,id=b012e42f-9c95-466d-840f-be23eeb33af9
2019-07-13 12:37:40,874 INFO  impl.RaftServerImpl (ServerState.java:close(394)) - fbc434c9-ed63-4aa3-abea-d0e122c0a7f1:group-E3A95579DE15 closes. The last applied log index is 6
2019-07-13 12:37:40,874 INFO  impl.RoleInfo (RoleInfo.java:shutdownFollowerState(121)) - b012e42f-9c95-466d-840f-be23eeb33af9: shutdown FollowerState
2019-07-13 12:37:40,874 INFO  segmented.SegmentedRaftLogWorker (SegmentedRaftLogWorker.java:run(313)) - fbc434c9-ed63-4aa3-abea-d0e122c0a7f1-SegmentedRaftLogWorker:Storage Directory /tmp/workdir/hadoop-ozone/integration-test/target/test-dir/MiniOzoneClusterImpl-f238f8c9-6f68-435d-bc7a-6e3a5f15428f/datanode-1/data/ratis/e8274a52-dc89-405f-97b5-e3a95579de15 was interrupted, exiting. There are 0 tasks remaining in the queue.
2019-07-13 12:37:40,874 INFO  ratis.ContainerStateMachine (ContainerStateMachine.java:takeSnapshot(246)) - Taking snapshot at termIndex:(t:1, i:7)
2019-07-13 12:37:40,877 INFO  ratis.ContainerStateMachine (ContainerStateMachine.java:takeSnapshot(250)) - Taking a snapshot to file /tmp/workdir/hadoop-ozone/integration-test/target/test-dir/MiniOzoneClusterImpl-f238f8c9-6f68-435d-bc7a-6e3a5f15428f/datanode-4/data/ratis/8858441d-5437-421d-afd3-5677bad9df77/sm/snapshot.1_7
2019-07-13 12:37:40,874 INFO  impl.StateMachineUpdater (StateMachineUpdater.java:stopAndJoin(115)) - StateMachineUpdater:b012e42f-9c95-466d-840f-be23eeb33af9:group-5677BAD9DF77: set stopIndex = 8
2019-07-13 12:37:40,877 INFO  impl.StateMachineUpdater (StateMachineUpdater.java:takeSnapshot(242)) - StateMachineUpdater:b012e42f-9c95-466d-840f-be23eeb33af9:group-5677BAD9DF77: Took a snapshot at index 7
2019-07-13 12:37:40,878 INFO  impl.StateMachineUpdater (StateMachineUpdater.java:lambda$new$0(80)) - StateMachineUpdater:b012e42f-9c95-466d-840f-be23eeb33af9:group-5677BAD9DF77: snapshotIndex: updateIncreasingly -1 -> 7
2019-07-13 12:37:40,877 INFO  segmented.SegmentedRaftLogWorker (SegmentedRaftLogWorker.java:close(228)) - fbc434c9-ed63-4aa3-abea-d0e122c0a7f1-SegmentedRaftLogWorker:Storage Directory /tmp/workdir/hadoop-ozone/integration-test/target/test-dir/MiniOzoneClusterImpl-f238f8c9-6f68-435d-bc7a-6e3a5f15428f/datanode-1/data/ratis/e8274a52-dc89-405f-97b5-e3a95579de15 close()
2019-07-13 12:37:40,875 INFO  impl.FollowerState (FollowerState.java:run(114)) - b012e42f-9c95-466d-840f-be23eeb33af9: FollowerState was interrupted: java.lang.InterruptedException: sleep interrupted
2019-07-13 12:37:40,883 INFO  impl.RaftServerImpl (RaftServerImpl.java:lambda$shutdown$3(245)) - fbc434c9-ed63-4aa3-abea-d0e122c0a7f1: shutdown group-0E48DC912DF3
2019-07-13 12:37:40,883 INFO  util.JmxRegister (JmxRegister.java:unregister(73)) - Successfully un-registered JMX Bean with object name Ratis:service=RaftServer,group=group-0E48DC912DF3,id=fbc434c9-ed63-4aa3-abea-d0e122c0a7f1
2019-07-13 12:37:40,878 INFO  impl.RaftServerImpl (ServerState.java:close(394)) - b012e42f-9c95-466d-840f-be23eeb33af9:group-5677BAD9DF77 closes. The last applied log index is 8
2019-07-13 12:37:40,883 INFO  impl.RoleInfo (RoleInfo.java:shutdownLeaderState(104)) - fbc434c9-ed63-4aa3-abea-d0e122c0a7f1: shutdown LeaderState
2019-07-13 12:37:40,884 INFO  segmented.SegmentedRaftLogWorker (SegmentedRaftLogWorker.java:run(313)) - b012e42f-9c95-466d-840f-be23eeb33af9-SegmentedRaftLogWorker:Storage Directory /tmp/workdir/hadoop-ozone/integration-test/target/test-dir/MiniOzoneClusterImpl-f238f8c9-6f68-435d-bc7a-6e3a5f15428f/datanode-4/data/ratis/8858441d-5437-421d-afd3-5677bad9df77 was interrupted, exiting. There are 0 tasks remaining in the queue.
2019-07-13 12:37:40,884 INFO  impl.PendingRequests (PendingRequests.java:sendNotLeaderResponses(202)) - fbc434c9-ed63-4aa3-abea-d0e122c0a7f1-PendingRequests: sendNotLeaderResponses
2019-07-13 12:37:40,886 INFO  segmented.SegmentedRaftLogWorker (SegmentedRaftLogWorker.java:close(228)) - b012e42f-9c95-466d-840f-be23eeb33af9-SegmentedRaftLogWorker:Storage Directory /tmp/workdir/hadoop-ozone/integration-test/target/test-dir/MiniOzoneClusterImpl-f238f8c9-6f68-435d-bc7a-6e3a5f15428f/datanode-4/data/ratis/8858441d-5437-421d-afd3-5677bad9df77 close()
2019-07-13 12:37:40,887 INFO  ratis.ContainerStateMachine (ContainerStateMachine.java:takeSnapshot(246)) - Taking snapshot at termIndex:(t:0, i:~)
2019-07-13 12:37:40,891 INFO  server.GrpcService (GrpcService.java:closeImpl(155)) - b012e42f-9c95-466d-840f-be23eeb33af9: shutdown server with port 33283 now
2019-07-13 12:37:40,887 INFO  impl.StateMachineUpdater (StateMachineUpdater.java:stopAndJoin(115)) - StateMachineUpdater:fbc434c9-ed63-4aa3-abea-d0e122c0a7f1:group-0E48DC912DF3: set stopIndex = 0
2019-07-13 12:37:40,892 INFO  impl.RaftServerImpl (ServerState.java:close(394)) - fbc434c9-ed63-4aa3-abea-d0e122c0a7f1:group-0E48DC912DF3 closes. The last applied log index is 0
2019-07-13 12:37:40,892 WARN  server.GrpcServerProtocolService (LogUtils.java:warn(134)) - b012e42f-9c95-466d-840f-be23eeb33af9: appendEntries onError: org.apache.ratis.thirdparty.io.grpc.StatusRuntimeException: CANCELLED: cancelled before receiving half close
2019-07-13 12:37:40,893 WARN  server.GrpcLogAppender (LogUtils.java:warn(134)) - 5192ca16-d261-458a-b2b0-5884a2408506->b012e42f-9c95-466d-840f-be23eeb33af9: Failed appendEntries: org.apache.ratis.thirdparty.io.grpc.StatusRuntimeException: CANCELLED: HTTP/2 error code: CANCEL
Received Rst Stream
2019-07-13 12:37:40,893 INFO  server.GrpcService (GrpcService.java:closeImpl(163)) - b012e42f-9c95-466d-840f-be23eeb33af9: shutdown server with port 33283 successfully
2019-07-13 12:37:40,892 INFO  segmented.SegmentedRaftLogWorker (SegmentedRaftLogWorker.java:run(313)) - fbc434c9-ed63-4aa3-abea-d0e122c0a7f1-SegmentedRaftLogWorker:Storage Directory /tmp/workdir/hadoop-ozone/integration-test/target/test-dir/MiniOzoneClusterImpl-f238f8c9-6f68-435d-bc7a-6e3a5f15428f/datanode-1/data/ratis/0de57221-43bd-48eb-846c-0e48dc912df3 was interrupted, exiting. There are 0 tasks remaining in the queue.
2019-07-13 12:37:40,893 INFO  impl.FollowerInfo (FollowerInfo.java:lambda$new$0(50)) - 5192ca16-d261-458a-b2b0-5884a2408506->b012e42f-9c95-466d-840f-be23eeb33af9: nextIndex: updateUnconditionally 9 -> 8
2019-07-13 12:37:40,898 INFO  segmented.SegmentedRaftLogWorker (SegmentedRaftLogWorker.java:close(228)) - fbc434c9-ed63-4aa3-abea-d0e122c0a7f1-SegmentedRaftLogWorker:Storage Directory /tmp/workdir/hadoop-ozone/integration-test/target/test-dir/MiniOzoneClusterImpl-f238f8c9-6f68-435d-bc7a-6e3a5f15428f/datanode-1/data/ratis/0de57221-43bd-48eb-846c-0e48dc912df3 close()
2019-07-13 12:37:40,898 INFO  utils.BackgroundService (BackgroundService.java:shutdown(148)) - Shutting down service BlockDeletingService
2019-07-13 12:37:40,904 INFO  server.GrpcService (GrpcService.java:closeImpl(155)) - fbc434c9-ed63-4aa3-abea-d0e122c0a7f1: shutdown server with port 38045 now
2019-07-13 12:37:40,907 WARN  fs.CachingGetSpaceUsed (CachingGetSpaceUsed.java:run(183)) - Thread Interrupted waiting to refresh disk information: sleep interrupted
2019-07-13 12:37:40,907 WARN  server.GrpcServerProtocolService (LogUtils.java:warn(134)) - fbc434c9-ed63-4aa3-abea-d0e122c0a7f1: appendEntries onError: org.apache.ratis.thirdparty.io.grpc.StatusRuntimeException: CANCELLED: cancelled before receiving half close
2019-07-13 12:37:40,907 INFO  server.GrpcService (GrpcService.java:closeImpl(163)) - fbc434c9-ed63-4aa3-abea-d0e122c0a7f1: shutdown server with port 38045 successfully
2019-07-13 12:37:40,907 WARN  server.GrpcLogAppender (LogUtils.java:warn(134)) - d8d2f301-6e83-417c-9259-177b517f1750->fbc434c9-ed63-4aa3-abea-d0e122c0a7f1: Failed appendEntries: org.apache.ratis.thirdparty.io.grpc.StatusRuntimeException: CANCELLED: HTTP/2 error code: CANCEL
Received Rst Stream
2019-07-13 12:37:40,908 INFO  impl.FollowerInfo (FollowerInfo.java:lambda$new$0(50)) - d8d2f301-6e83-417c-9259-177b517f1750->fbc434c9-ed63-4aa3-abea-d0e122c0a7f1: nextIndex: updateUnconditionally 7 -> 6
2019-07-13 12:37:40,909 INFO  utils.BackgroundService (BackgroundService.java:shutdown(148)) - Shutting down service BlockDeletingService
2019-07-13 12:37:40,913 WARN  fs.CachingGetSpaceUsed (CachingGetSpaceUsed.java:run(183)) - Thread Interrupted waiting to refresh disk information: sleep interrupted
2019-07-13 12:37:40,930 INFO  statemachine.DatanodeStateMachine (DatanodeStateMachine.java:stopDaemon(395)) - Ozone container server stopped.
2019-07-13 12:37:40,931 INFO  handler.ContextHandler (ContextHandler.java:doStop(910)) - Stopped o.e.j.w.WebAppContext@3f514364{/,null,UNAVAILABLE}{/hddsDatanode}
2019-07-13 12:37:40,932 INFO  server.AbstractConnector (AbstractConnector.java:doStop(318)) - Stopped ServerConnector@99e03a9{HTTP/1.1,[http/1.1]}{0.0.0.0:0}
2019-07-13 12:37:40,932 INFO  handler.ContextHandler (ContextHandler.java:doStop(910)) - Stopped o.e.j.s.ServletContextHandler@66a5cbe5{/static,jar:file:/home/user/.m2/repository/org/apache/hadoop/hadoop-hdds-container-service/0.5.0-SNAPSHOT/hadoop-hdds-container-service-0.5.0-SNAPSHOT.jar!/webapps/static,UNAVAILABLE}
2019-07-13 12:37:40,933 INFO  handler.ContextHandler (ContextHandler.java:doStop(910)) - Stopped o.e.j.s.ServletContextHandler@7cfc2a08{/logs,file:///tmp/workdir/hadoop-ozone/integration-test/target/log,UNAVAILABLE}
2019-07-13 12:37:40,933 INFO  datanode.ObjectStoreHandler (ObjectStoreHandler.java:close(155)) - Closing ObjectStoreHandler.
2019-07-13 12:37:40,934 INFO  ozone.HddsDatanodeService (HddsDatanodeService.java:stop(452)) - Stopped plug-in org.apache.hadoop.ozone.web.OzoneHddsDatanodeService@1f6c0e8a
2019-07-13 12:37:40,941 INFO  statemachine.DatanodeStateMachine (DatanodeStateMachine.java:stopDaemon(395)) - Ozone container server stopped.
2019-07-13 12:37:40,947 INFO  handler.ContextHandler (ContextHandler.java:doStop(910)) - Stopped o.e.j.w.WebAppContext@4c0d7878{/,null,UNAVAILABLE}{/hddsDatanode}
2019-07-13 12:37:40,948 INFO  server.AbstractConnector (AbstractConnector.java:doStop(318)) - Stopped ServerConnector@5a349644{HTTP/1.1,[http/1.1]}{0.0.0.0:0}
2019-07-13 12:37:40,950 INFO  handler.ContextHandler (ContextHandler.java:doStop(910)) - Stopped o.e.j.s.ServletContextHandler@30be77cd{/static,jar:file:/home/user/.m2/repository/org/apache/hadoop/hadoop-hdds-container-service/0.5.0-SNAPSHOT/hadoop-hdds-container-service-0.5.0-SNAPSHOT.jar!/webapps/static,UNAVAILABLE}
2019-07-13 12:37:40,952 INFO  handler.ContextHandler (ContextHandler.java:doStop(910)) - Stopped o.e.j.s.ServletContextHandler@46ebd87a{/logs,file:///tmp/workdir/hadoop-ozone/integration-test/target/log,UNAVAILABLE}
2019-07-13 12:37:40,953 INFO  datanode.ObjectStoreHandler (ObjectStoreHandler.java:close(155)) - Closing ObjectStoreHandler.
2019-07-13 12:37:40,953 INFO  ozone.HddsDatanodeService (HddsDatanodeService.java:stop(452)) - Stopped plug-in org.apache.hadoop.ozone.web.OzoneHddsDatanodeService@2c48eb31
2019-07-13 12:37:41,582 INFO  statemachine.DatanodeStateMachine (DatanodeStateMachine.java:lambda$startDaemon$0(350)) - Ozone container server started.
2019-07-13 12:37:41,696 INFO  statemachine.DatanodeStateMachine (DatanodeStateMachine.java:lambda$startDaemon$0(350)) - Ozone container server started.
2019-07-13 12:37:43,055 WARN  server.GrpcLogAppender (LogUtils.java:warn(134)) - 5192ca16-d261-458a-b2b0-5884a2408506->b012e42f-9c95-466d-840f-be23eeb33af9: Failed appendEntries: org.apache.ratis.thirdparty.io.grpc.StatusRuntimeException: UNAVAILABLE: io exception
2019-07-13 12:37:43,056 INFO  impl.FollowerInfo (FollowerInfo.java:lambda$new$0(50)) - 5192ca16-d261-458a-b2b0-5884a2408506->b012e42f-9c95-466d-840f-be23eeb33af9: nextIndex: updateUnconditionally 8 -> 7
2019-07-13 12:37:43,242 WARN  server.GrpcLogAppender (LogUtils.java:warn(134)) - d8d2f301-6e83-417c-9259-177b517f1750->fbc434c9-ed63-4aa3-abea-d0e122c0a7f1: Failed appendEntries: org.apache.ratis.thirdparty.io.grpc.StatusRuntimeException: UNAVAILABLE: io exception
2019-07-13 12:37:43,243 INFO  impl.FollowerInfo (FollowerInfo.java:lambda$new$0(50)) - d8d2f301-6e83-417c-9259-177b517f1750->fbc434c9-ed63-4aa3-abea-d0e122c0a7f1: nextIndex: updateUnconditionally 6 -> 5
2019-07-13 12:37:43,694 WARN  server.GrpcLogAppender (LogUtils.java:warn(134)) - d8d2f301-6e83-417c-9259-177b517f1750->fbc434c9-ed63-4aa3-abea-d0e122c0a7f1: Failed appendEntries: org.apache.ratis.thirdparty.io.grpc.StatusRuntimeException: UNAVAILABLE: io exception
2019-07-13 12:37:43,694 INFO  impl.FollowerInfo (FollowerInfo.java:lambda$new$0(50)) - d8d2f301-6e83-417c-9259-177b517f1750->fbc434c9-ed63-4aa3-abea-d0e122c0a7f1: nextIndex: updateUnconditionally 6 -> 5
2019-07-13 12:37:43,707 WARN  server.GrpcLogAppender (LogUtils.java:warn(134)) - d8d2f301-6e83-417c-9259-177b517f1750->fbc434c9-ed63-4aa3-abea-d0e122c0a7f1: Failed appendEntries: org.apache.ratis.thirdparty.io.grpc.StatusRuntimeException: UNAVAILABLE: io exception
2019-07-13 12:37:43,707 INFO  impl.FollowerInfo (FollowerInfo.java:lambda$new$0(50)) - d8d2f301-6e83-417c-9259-177b517f1750->fbc434c9-ed63-4aa3-abea-d0e122c0a7f1: nextIndex: updateUnconditionally 6 -> 5
2019-07-13 12:37:43,719 WARN  server.GrpcLogAppender (LogUtils.java:warn(134)) - d8d2f301-6e83-417c-9259-177b517f1750->fbc434c9-ed63-4aa3-abea-d0e122c0a7f1: Failed appendEntries: org.apache.ratis.thirdparty.io.grpc.StatusRuntimeException: UNAVAILABLE: io exception
2019-07-13 12:37:43,719 INFO  impl.FollowerInfo (FollowerInfo.java:lambda$new$0(50)) - d8d2f301-6e83-417c-9259-177b517f1750->fbc434c9-ed63-4aa3-abea-d0e122c0a7f1: nextIndex: updateUnconditionally 6 -> 5
2019-07-13 12:37:43,751 INFO  interfaces.Container (KeyValueContainer.java:compactDB(356)) - Container 2 is closed with bcsId 4.
2019-07-13 12:37:43,778 INFO  interfaces.Container (KeyValueContainer.java:compactDB(356)) - Container 2 is closed with bcsId 4.
2019-07-13 12:37:45,556 WARN  server.GrpcLogAppender (LogUtils.java:warn(134)) - 5192ca16-d261-458a-b2b0-5884a2408506->b012e42f-9c95-466d-840f-be23eeb33af9: Failed appendEntries: org.apache.ratis.thirdparty.io.grpc.StatusRuntimeException: UNAVAILABLE: io exception
2019-07-13 12:37:45,556 INFO  impl.FollowerInfo (FollowerInfo.java:lambda$new$0(50)) - 5192ca16-d261-458a-b2b0-5884a2408506->b012e42f-9c95-466d-840f-be23eeb33af9: nextIndex: updateUnconditionally 7 -> 6
2019-07-13 12:37:45,630 INFO  node.StaleNodeHandler (StaleNodeHandler.java:onMessage(58)) - Datanode 7c7a445e-d815-4048-bc30-41877607b145{ip: 192.168.5.181, host: trunk-nightly-q2gwj-1111726333, networkLocation: /default-rack, certSerialId: null} moved to stale state. Finalizing its pipelines [PipelineID=1e8a32b0-3c47-4c67-afa1-ef88e67d735f, PipelineID=8858441d-5437-421d-afd3-5677bad9df77]
2019-07-13 12:37:45,630 INFO  pipeline.SCMPipelineManager (SCMPipelineManager.java:finalizeAndDestroyPipeline(309)) - destroying pipeline:Pipeline[ Id: 1e8a32b0-3c47-4c67-afa1-ef88e67d735f, Nodes: 7c7a445e-d815-4048-bc30-41877607b145{ip: 192.168.5.181, host: trunk-nightly-q2gwj-1111726333, networkLocation: /default-rack, certSerialId: null}, Type:RATIS, Factor:ONE, State:OPEN]
2019-07-13 12:37:45,630 INFO  pipeline.PipelineStateManager (PipelineStateManager.java:finalizePipeline(123)) - Pipeline Pipeline[ Id: 1e8a32b0-3c47-4c67-afa1-ef88e67d735f, Nodes: 7c7a445e-d815-4048-bc30-41877607b145{ip: 192.168.5.181, host: trunk-nightly-q2gwj-1111726333, networkLocation: /default-rack, certSerialId: null}, Type:RATIS, Factor:ONE, State:CLOSED] moved to CLOSED state
2019-07-13 12:37:45,630 INFO  pipeline.SCMPipelineManager (SCMPipelineManager.java:finalizeAndDestroyPipeline(309)) - destroying pipeline:Pipeline[ Id: 8858441d-5437-421d-afd3-5677bad9df77, Nodes: b012e42f-9c95-466d-840f-be23eeb33af9{ip: 192.168.5.181, host: trunk-nightly-q2gwj-1111726333, networkLocation: /default-rack, certSerialId: null}7c7a445e-d815-4048-bc30-41877607b145{ip: 192.168.5.181, host: trunk-nightly-q2gwj-1111726333, networkLocation: /default-rack, certSerialId: null}5192ca16-d261-458a-b2b0-5884a2408506{ip: 192.168.5.181, host: trunk-nightly-q2gwj-1111726333, networkLocation: /default-rack, certSerialId: null}, Type:RATIS, Factor:THREE, State:CLOSED]
2019-07-13 12:37:45,730 INFO  node.StaleNodeHandler (StaleNodeHandler.java:onMessage(58)) - Datanode c87b7a49-17c5-4210-9f71-f69682532099{ip: 192.168.5.181, host: trunk-nightly-q2gwj-1111726333, networkLocation: /default-rack, certSerialId: null} moved to stale state. Finalizing its pipelines [PipelineID=e0677ee1-e163-49d9-89a9-3ae4982fb2cf, PipelineID=e8274a52-dc89-405f-97b5-e3a95579de15]
2019-07-13 12:37:45,730 INFO  pipeline.SCMPipelineManager (SCMPipelineManager.java:finalizeAndDestroyPipeline(309)) - destroying pipeline:Pipeline[ Id: e0677ee1-e163-49d9-89a9-3ae4982fb2cf, Nodes: c87b7a49-17c5-4210-9f71-f69682532099{ip: 192.168.5.181, host: trunk-nightly-q2gwj-1111726333, networkLocation: /default-rack, certSerialId: null}, Type:RATIS, Factor:ONE, State:OPEN]
2019-07-13 12:37:45,730 INFO  pipeline.PipelineStateManager (PipelineStateManager.java:finalizePipeline(123)) - Pipeline Pipeline[ Id: e0677ee1-e163-49d9-89a9-3ae4982fb2cf, Nodes: c87b7a49-17c5-4210-9f71-f69682532099{ip: 192.168.5.181, host: trunk-nightly-q2gwj-1111726333, networkLocation: /default-rack, certSerialId: null}, Type:RATIS, Factor:ONE, State:CLOSED] moved to CLOSED state
2019-07-13 12:37:45,730 INFO  pipeline.SCMPipelineManager (SCMPipelineManager.java:finalizeAndDestroyPipeline(309)) - destroying pipeline:Pipeline[ Id: e8274a52-dc89-405f-97b5-e3a95579de15, Nodes: d8d2f301-6e83-417c-9259-177b517f1750{ip: 192.168.5.181, host: trunk-nightly-q2gwj-1111726333, networkLocation: /default-rack, certSerialId: null}fbc434c9-ed63-4aa3-abea-d0e122c0a7f1{ip: 192.168.5.181, host: trunk-nightly-q2gwj-1111726333, networkLocation: /default-rack, certSerialId: null}c87b7a49-17c5-4210-9f71-f69682532099{ip: 192.168.5.181, host: trunk-nightly-q2gwj-1111726333, networkLocation: /default-rack, certSerialId: null}, Type:RATIS, Factor:THREE, State:CLOSED]
2019-07-13 12:37:45,935 INFO  ozoneimpl.OzoneContainer (OzoneContainer.java:stop(199)) - Attempting to stop container services.
2019-07-13 12:37:45,935 INFO  impl.RaftServerProxy (RaftServerProxy.java:lambda$close$4(314)) - 7c7a445e-d815-4048-bc30-41877607b145: close
2019-07-13 12:37:45,939 INFO  impl.RaftServerImpl (RaftServerImpl.java:lambda$shutdown$3(245)) - 7c7a445e-d815-4048-bc30-41877607b145: shutdown group-EF88E67D735F
2019-07-13 12:37:45,939 INFO  util.JmxRegister (JmxRegister.java:unregister(73)) - Successfully un-registered JMX Bean with object name Ratis:service=RaftServer,group=group-EF88E67D735F,id=7c7a445e-d815-4048-bc30-41877607b145
2019-07-13 12:37:45,940 INFO  impl.RoleInfo (RoleInfo.java:shutdownLeaderState(104)) - 7c7a445e-d815-4048-bc30-41877607b145: shutdown LeaderState
2019-07-13 12:37:45,940 INFO  impl.PendingRequests (PendingRequests.java:sendNotLeaderResponses(202)) - 7c7a445e-d815-4048-bc30-41877607b145-PendingRequests: sendNotLeaderResponses
2019-07-13 12:37:45,941 INFO  impl.StateMachineUpdater (StateMachineUpdater.java:stopAndJoin(115)) - StateMachineUpdater:7c7a445e-d815-4048-bc30-41877607b145:group-EF88E67D735F: set stopIndex = 0
2019-07-13 12:37:45,941 INFO  ratis.ContainerStateMachine (ContainerStateMachine.java:takeSnapshot(246)) - Taking snapshot at termIndex:(t:0, i:~)
2019-07-13 12:37:45,941 INFO  impl.RaftServerImpl (ServerState.java:close(394)) - 7c7a445e-d815-4048-bc30-41877607b145:group-EF88E67D735F closes. The last applied log index is 0
2019-07-13 12:37:45,942 INFO  segmented.SegmentedRaftLogWorker (SegmentedRaftLogWorker.java:run(313)) - 7c7a445e-d815-4048-bc30-41877607b145-SegmentedRaftLogWorker:Storage Directory /tmp/workdir/hadoop-ozone/integration-test/target/test-dir/MiniOzoneClusterImpl-f238f8c9-6f68-435d-bc7a-6e3a5f15428f/datanode-3/data/ratis/1e8a32b0-3c47-4c67-afa1-ef88e67d735f was interrupted, exiting. There are 0 tasks remaining in the queue.
2019-07-13 12:37:45,944 INFO  segmented.SegmentedRaftLogWorker (SegmentedRaftLogWorker.java:close(228)) - 7c7a445e-d815-4048-bc30-41877607b145-SegmentedRaftLogWorker:Storage Directory /tmp/workdir/hadoop-ozone/integration-test/target/test-dir/MiniOzoneClusterImpl-f238f8c9-6f68-435d-bc7a-6e3a5f15428f/datanode-3/data/ratis/1e8a32b0-3c47-4c67-afa1-ef88e67d735f close()
2019-07-13 12:37:45,949 INFO  impl.RaftServerImpl (RaftServerImpl.java:lambda$shutdown$3(245)) - 7c7a445e-d815-4048-bc30-41877607b145: shutdown group-5677BAD9DF77
2019-07-13 12:37:45,949 INFO  util.JmxRegister (JmxRegister.java:unregister(73)) - Successfully un-registered JMX Bean with object name Ratis:service=RaftServer,group=group-5677BAD9DF77,id=7c7a445e-d815-4048-bc30-41877607b145
2019-07-13 12:37:45,949 INFO  impl.RoleInfo (RoleInfo.java:shutdownFollowerState(121)) - 7c7a445e-d815-4048-bc30-41877607b145: shutdown FollowerState
2019-07-13 12:37:45,950 INFO  impl.StateMachineUpdater (StateMachineUpdater.java:stopAndJoin(115)) - StateMachineUpdater:7c7a445e-d815-4048-bc30-41877607b145:group-5677BAD9DF77: set stopIndex = 8
2019-07-13 12:37:45,950 INFO  impl.FollowerState (FollowerState.java:run(114)) - 7c7a445e-d815-4048-bc30-41877607b145: FollowerState was interrupted: java.lang.InterruptedException: sleep interrupted
2019-07-13 12:37:45,950 INFO  ratis.ContainerStateMachine (ContainerStateMachine.java:takeSnapshot(246)) - Taking snapshot at termIndex:(t:1, i:7)
2019-07-13 12:37:45,952 INFO  ratis.ContainerStateMachine (ContainerStateMachine.java:takeSnapshot(250)) - Taking a snapshot to file /tmp/workdir/hadoop-ozone/integration-test/target/test-dir/MiniOzoneClusterImpl-f238f8c9-6f68-435d-bc7a-6e3a5f15428f/datanode-3/data/ratis/8858441d-5437-421d-afd3-5677bad9df77/sm/snapshot.1_7
2019-07-13 12:37:45,953 INFO  impl.StateMachineUpdater (StateMachineUpdater.java:takeSnapshot(242)) - StateMachineUpdater:7c7a445e-d815-4048-bc30-41877607b145:group-5677BAD9DF77: Took a snapshot at index 7
2019-07-13 12:37:45,953 INFO  impl.StateMachineUpdater (StateMachineUpdater.java:lambda$new$0(80)) - StateMachineUpdater:7c7a445e-d815-4048-bc30-41877607b145:group-5677BAD9DF77: snapshotIndex: updateIncreasingly -1 -> 7
2019-07-13 12:37:45,953 INFO  impl.RaftServerImpl (ServerState.java:close(394)) - 7c7a445e-d815-4048-bc30-41877607b145:group-5677BAD9DF77 closes. The last applied log index is 8
2019-07-13 12:37:45,954 INFO  segmented.SegmentedRaftLogWorker (SegmentedRaftLogWorker.java:run(313)) - 7c7a445e-d815-4048-bc30-41877607b145-SegmentedRaftLogWorker:Storage Directory /tmp/workdir/hadoop-ozone/integration-test/target/test-dir/MiniOzoneClusterImpl-f238f8c9-6f68-435d-bc7a-6e3a5f15428f/datanode-3/data/ratis/8858441d-5437-421d-afd3-5677bad9df77 was interrupted, exiting. There are 0 tasks remaining in the queue.
2019-07-13 12:37:45,954 INFO  ozoneimpl.OzoneContainer (OzoneContainer.java:stop(199)) - Attempting to stop container services.
2019-07-13 12:37:45,956 INFO  segmented.SegmentedRaftLogWorker (SegmentedRaftLogWorker.java:close(228)) - 7c7a445e-d815-4048-bc30-41877607b145-SegmentedRaftLogWorker:Storage Directory /tmp/workdir/hadoop-ozone/integration-test/target/test-dir/MiniOzoneClusterImpl-f238f8c9-6f68-435d-bc7a-6e3a5f15428f/datanode-3/data/ratis/8858441d-5437-421d-afd3-5677bad9df77 close()
2019-07-13 12:37:45,956 INFO  impl.RaftServerProxy (RaftServerProxy.java:lambda$close$4(314)) - c87b7a49-17c5-4210-9f71-f69682532099: close
2019-07-13 12:37:45,960 INFO  server.GrpcService (GrpcService.java:closeImpl(155)) - 7c7a445e-d815-4048-bc30-41877607b145: shutdown server with port 32937 now
2019-07-13 12:37:45,961 INFO  impl.RaftServerImpl (RaftServerImpl.java:lambda$shutdown$3(245)) - c87b7a49-17c5-4210-9f71-f69682532099: shutdown group-3AE4982FB2CF
2019-07-13 12:37:45,961 INFO  util.JmxRegister (JmxRegister.java:unregister(73)) - Successfully un-registered JMX Bean with object name Ratis:service=RaftServer,group=group-3AE4982FB2CF,id=c87b7a49-17c5-4210-9f71-f69682532099
2019-07-13 12:37:45,962 WARN  server.GrpcServerProtocolService (LogUtils.java:warn(134)) - 7c7a445e-d815-4048-bc30-41877607b145: appendEntries onError: org.apache.ratis.thirdparty.io.grpc.StatusRuntimeException: CANCELLED: cancelled before receiving half close
2019-07-13 12:37:45,962 WARN  server.GrpcLogAppender (LogUtils.java:warn(134)) - 5192ca16-d261-458a-b2b0-5884a2408506->7c7a445e-d815-4048-bc30-41877607b145: Failed appendEntries: org.apache.ratis.thirdparty.io.grpc.StatusRuntimeException: CANCELLED: HTTP/2 error code: CANCEL
Received Rst Stream
2019-07-13 12:37:45,962 INFO  server.GrpcService (GrpcService.java:closeImpl(163)) - 7c7a445e-d815-4048-bc30-41877607b145: shutdown server with port 32937 successfully
2019-07-13 12:37:45,962 INFO  impl.RoleInfo (RoleInfo.java:shutdownLeaderState(104)) - c87b7a49-17c5-4210-9f71-f69682532099: shutdown LeaderState
2019-07-13 12:37:45,962 INFO  impl.FollowerInfo (FollowerInfo.java:lambda$new$0(50)) - 5192ca16-d261-458a-b2b0-5884a2408506->7c7a445e-d815-4048-bc30-41877607b145: nextIndex: updateUnconditionally 9 -> 8
2019-07-13 12:37:45,963 INFO  impl.PendingRequests (PendingRequests.java:sendNotLeaderResponses(202)) - c87b7a49-17c5-4210-9f71-f69682532099-PendingRequests: sendNotLeaderResponses
2019-07-13 12:37:45,963 INFO  impl.StateMachineUpdater (StateMachineUpdater.java:stopAndJoin(115)) - StateMachineUpdater:c87b7a49-17c5-4210-9f71-f69682532099:group-3AE4982FB2CF: set stopIndex = 0
2019-07-13 12:37:45,964 INFO  ratis.ContainerStateMachine (ContainerStateMachine.java:takeSnapshot(246)) - Taking snapshot at termIndex:(t:0, i:~)
2019-07-13 12:37:45,964 INFO  impl.RaftServerImpl (ServerState.java:close(394)) - c87b7a49-17c5-4210-9f71-f69682532099:group-3AE4982FB2CF closes. The last applied log index is 0
2019-07-13 12:37:45,964 INFO  utils.BackgroundService (BackgroundService.java:shutdown(148)) - Shutting down service BlockDeletingService
2019-07-13 12:37:45,964 INFO  segmented.SegmentedRaftLogWorker (SegmentedRaftLogWorker.java:run(313)) - c87b7a49-17c5-4210-9f71-f69682532099-SegmentedRaftLogWorker:Storage Directory /tmp/workdir/hadoop-ozone/integration-test/target/test-dir/MiniOzoneClusterImpl-f238f8c9-6f68-435d-bc7a-6e3a5f15428f/datanode-2/data/ratis/e0677ee1-e163-49d9-89a9-3ae4982fb2cf was interrupted, exiting. There are 0 tasks remaining in the queue.
2019-07-13 12:37:45,967 INFO  segmented.SegmentedRaftLogWorker (SegmentedRaftLogWorker.java:close(228)) - c87b7a49-17c5-4210-9f71-f69682532099-SegmentedRaftLogWorker:Storage Directory /tmp/workdir/hadoop-ozone/integration-test/target/test-dir/MiniOzoneClusterImpl-f238f8c9-6f68-435d-bc7a-6e3a5f15428f/datanode-2/data/ratis/e0677ee1-e163-49d9-89a9-3ae4982fb2cf close()
2019-07-13 12:37:45,967 WARN  fs.CachingGetSpaceUsed (CachingGetSpaceUsed.java:run(183)) - Thread Interrupted waiting to refresh disk information: sleep interrupted
2019-07-13 12:37:45,979 INFO  impl.RaftServerImpl (RaftServerImpl.java:lambda$shutdown$3(245)) - c87b7a49-17c5-4210-9f71-f69682532099: shutdown group-E3A95579DE15
2019-07-13 12:37:45,980 INFO  util.JmxRegister (JmxRegister.java:unregister(73)) - Successfully un-registered JMX Bean with object name Ratis:service=RaftServer,group=group-E3A95579DE15,id=c87b7a49-17c5-4210-9f71-f69682532099
2019-07-13 12:37:45,980 INFO  impl.RoleInfo (RoleInfo.java:shutdownFollowerState(121)) - c87b7a49-17c5-4210-9f71-f69682532099: shutdown FollowerState
2019-07-13 12:37:45,980 INFO  impl.StateMachineUpdater (StateMachineUpdater.java:stopAndJoin(115)) - StateMachineUpdater:c87b7a49-17c5-4210-9f71-f69682532099:group-E3A95579DE15: set stopIndex = 7
2019-07-13 12:37:45,980 INFO  ratis.ContainerStateMachine (ContainerStateMachine.java:takeSnapshot(246)) - Taking snapshot at termIndex:(t:1, i:7)
2019-07-13 12:37:45,980 INFO  impl.FollowerState (FollowerState.java:run(114)) - c87b7a49-17c5-4210-9f71-f69682532099: FollowerState was interrupted: java.lang.InterruptedException: sleep interrupted
2019-07-13 12:37:45,981 INFO  ratis.ContainerStateMachine (ContainerStateMachine.java:takeSnapshot(250)) - Taking a snapshot to file /tmp/workdir/hadoop-ozone/integration-test/target/test-dir/MiniOzoneClusterImpl-f238f8c9-6f68-435d-bc7a-6e3a5f15428f/datanode-2/data/ratis/e8274a52-dc89-405f-97b5-e3a95579de15/sm/snapshot.1_7
2019-07-13 12:37:45,981 INFO  impl.StateMachineUpdater (StateMachineUpdater.java:takeSnapshot(242)) - StateMachineUpdater:c87b7a49-17c5-4210-9f71-f69682532099:group-E3A95579DE15: Took a snapshot at index 7
2019-07-13 12:37:45,981 INFO  impl.StateMachineUpdater (StateMachineUpdater.java:lambda$new$0(80)) - StateMachineUpdater:c87b7a49-17c5-4210-9f71-f69682532099:group-E3A95579DE15: snapshotIndex: updateIncreasingly -1 -> 7
2019-07-13 12:37:45,982 INFO  impl.RaftServerImpl (ServerState.java:close(394)) - c87b7a49-17c5-4210-9f71-f69682532099:group-E3A95579DE15 closes. The last applied log index is 7
2019-07-13 12:37:45,982 INFO  segmented.SegmentedRaftLogWorker (SegmentedRaftLogWorker.java:run(313)) - c87b7a49-17c5-4210-9f71-f69682532099-SegmentedRaftLogWorker:Storage Directory /tmp/workdir/hadoop-ozone/integration-test/target/test-dir/MiniOzoneClusterImpl-f238f8c9-6f68-435d-bc7a-6e3a5f15428f/datanode-2/data/ratis/e8274a52-dc89-405f-97b5-e3a95579de15 was interrupted, exiting. There are 0 tasks remaining in the queue.
2019-07-13 12:37:45,984 INFO  segmented.SegmentedRaftLogWorker (SegmentedRaftLogWorker.java:close(228)) - c87b7a49-17c5-4210-9f71-f69682532099-SegmentedRaftLogWorker:Storage Directory /tmp/workdir/hadoop-ozone/integration-test/target/test-dir/MiniOzoneClusterImpl-f238f8c9-6f68-435d-bc7a-6e3a5f15428f/datanode-2/data/ratis/e8274a52-dc89-405f-97b5-e3a95579de15 close()
2019-07-13 12:37:45,986 INFO  server.GrpcService (GrpcService.java:closeImpl(155)) - c87b7a49-17c5-4210-9f71-f69682532099: shutdown server with port 34674 now
2019-07-13 12:37:45,990 WARN  server.GrpcServerProtocolService (LogUtils.java:warn(134)) - c87b7a49-17c5-4210-9f71-f69682532099: appendEntries onError: org.apache.ratis.thirdparty.io.grpc.StatusRuntimeException: CANCELLED: cancelled before receiving half close
2019-07-13 12:37:45,990 INFO  server.GrpcService (GrpcService.java:closeImpl(163)) - c87b7a49-17c5-4210-9f71-f69682532099: shutdown server with port 34674 successfully
2019-07-13 12:37:45,990 WARN  server.GrpcLogAppender (LogUtils.java:warn(134)) - d8d2f301-6e83-417c-9259-177b517f1750->c87b7a49-17c5-4210-9f71-f69682532099: Failed appendEntries: org.apache.ratis.thirdparty.io.grpc.StatusRuntimeException: CANCELLED: HTTP/2 error code: CANCEL
Received Rst Stream
2019-07-13 12:37:45,990 INFO  impl.FollowerInfo (FollowerInfo.java:lambda$new$0(50)) - d8d2f301-6e83-417c-9259-177b517f1750->c87b7a49-17c5-4210-9f71-f69682532099: nextIndex: updateUnconditionally 9 -> 8
2019-07-13 12:37:45,992 INFO  utils.BackgroundService (BackgroundService.java:shutdown(148)) - Shutting down service BlockDeletingService
2019-07-13 12:37:45,993 WARN  fs.CachingGetSpaceUsed (CachingGetSpaceUsed.java:run(183)) - Thread Interrupted waiting to refresh disk information: sleep interrupted
2019-07-13 12:37:46,006 INFO  statemachine.DatanodeStateMachine (DatanodeStateMachine.java:stopDaemon(395)) - Ozone container server stopped.
2019-07-13 12:37:46,007 INFO  handler.ContextHandler (ContextHandler.java:doStop(910)) - Stopped o.e.j.w.WebAppContext@23972e02{/,null,UNAVAILABLE}{/hddsDatanode}
2019-07-13 12:37:46,008 INFO  server.AbstractConnector (AbstractConnector.java:doStop(318)) - Stopped ServerConnector@3bea7134{HTTP/1.1,[http/1.1]}{0.0.0.0:0}
2019-07-13 12:37:46,008 INFO  handler.ContextHandler (ContextHandler.java:doStop(910)) - Stopped o.e.j.s.ServletContextHandler@2ef89e43{/static,jar:file:/home/user/.m2/repository/org/apache/hadoop/hadoop-hdds-container-service/0.5.0-SNAPSHOT/hadoop-hdds-container-service-0.5.0-SNAPSHOT.jar!/webapps/static,UNAVAILABLE}
2019-07-13 12:37:46,009 INFO  handler.ContextHandler (ContextHandler.java:doStop(910)) - Stopped o.e.j.s.ServletContextHandler@ab5c335{/logs,file:///tmp/workdir/hadoop-ozone/integration-test/target/log,UNAVAILABLE}
2019-07-13 12:37:46,009 INFO  datanode.ObjectStoreHandler (ObjectStoreHandler.java:close(155)) - Closing ObjectStoreHandler.
2019-07-13 12:37:46,010 INFO  ozone.HddsDatanodeService (HddsDatanodeService.java:stop(452)) - Stopped plug-in org.apache.hadoop.ozone.web.OzoneHddsDatanodeService@4c19b0a8
2019-07-13 12:37:46,028 INFO  statemachine.DatanodeStateMachine (DatanodeStateMachine.java:stopDaemon(395)) - Ozone container server stopped.
2019-07-13 12:37:46,035 INFO  handler.ContextHandler (ContextHandler.java:doStop(910)) - Stopped o.e.j.w.WebAppContext@30b35687{/,null,UNAVAILABLE}{/hddsDatanode}
2019-07-13 12:37:46,035 INFO  server.AbstractConnector (AbstractConnector.java:doStop(318)) - Stopped ServerConnector@7c3c6564{HTTP/1.1,[http/1.1]}{0.0.0.0:0}
2019-07-13 12:37:46,037 INFO  handler.ContextHandler (ContextHandler.java:doStop(910)) - Stopped o.e.j.s.ServletContextHandler@54b3407b{/static,jar:file:/home/user/.m2/repository/org/apache/hadoop/hadoop-hdds-container-service/0.5.0-SNAPSHOT/hadoop-hdds-container-service-0.5.0-SNAPSHOT.jar!/webapps/static,UNAVAILABLE}
2019-07-13 12:37:46,039 INFO  handler.ContextHandler (ContextHandler.java:doStop(910)) - Stopped o.e.j.s.ServletContextHandler@75225415{/logs,file:///tmp/workdir/hadoop-ozone/integration-test/target/log,UNAVAILABLE}
2019-07-13 12:37:46,042 INFO  datanode.ObjectStoreHandler (ObjectStoreHandler.java:close(155)) - Closing ObjectStoreHandler.
2019-07-13 12:37:46,042 INFO  ozone.HddsDatanodeService (HddsDatanodeService.java:stop(452)) - Stopped plug-in org.apache.hadoop.ozone.web.OzoneHddsDatanodeService@3d0f2154
2019-07-13 12:37:46,220 WARN  server.GrpcLogAppender (LogUtils.java:warn(134)) - d8d2f301-6e83-417c-9259-177b517f1750->fbc434c9-ed63-4aa3-abea-d0e122c0a7f1: Failed appendEntries: org.apache.ratis.thirdparty.io.grpc.StatusRuntimeException: UNAVAILABLE: io exception
2019-07-13 12:37:46,221 INFO  impl.FollowerInfo (FollowerInfo.java:lambda$new$0(50)) - d8d2f301-6e83-417c-9259-177b517f1750->fbc434c9-ed63-4aa3-abea-d0e122c0a7f1: nextIndex: updateUnconditionally 5 -> 4
2019-07-13 12:37:46,223 WARN  server.GrpcLogAppender (LogUtils.java:warn(134)) - d8d2f301-6e83-417c-9259-177b517f1750->c87b7a49-17c5-4210-9f71-f69682532099: Failed appendEntries: org.apache.ratis.thirdparty.io.grpc.StatusRuntimeException: UNAVAILABLE: io exception
2019-07-13 12:37:46,224 INFO  impl.FollowerInfo (FollowerInfo.java:lambda$new$0(50)) - d8d2f301-6e83-417c-9259-177b517f1750->c87b7a49-17c5-4210-9f71-f69682532099: nextIndex: updateUnconditionally 8 -> 7
2019-07-13 12:37:46,726 INFO  statemachine.DatanodeStateMachine (DatanodeStateMachine.java:lambda$startDaemon$0(350)) - Ozone container server started.
2019-07-13 12:37:46,752 INFO  statemachine.DatanodeStateMachine (DatanodeStateMachine.java:lambda$startDaemon$0(350)) - Ozone container server started.
2019-07-13 12:37:48,057 WARN  server.GrpcLogAppender (LogUtils.java:warn(134)) - 5192ca16-d261-458a-b2b0-5884a2408506->b012e42f-9c95-466d-840f-be23eeb33af9: Failed appendEntries: org.apache.ratis.thirdparty.io.grpc.StatusRuntimeException: UNAVAILABLE: io exception
2019-07-13 12:37:48,057 INFO  impl.FollowerInfo (FollowerInfo.java:lambda$new$0(50)) - 5192ca16-d261-458a-b2b0-5884a2408506->b012e42f-9c95-466d-840f-be23eeb33af9: nextIndex: updateUnconditionally 6 -> 5
2019-07-13 12:37:48,058 WARN  server.GrpcLogAppender (LogUtils.java:warn(134)) - 5192ca16-d261-458a-b2b0-5884a2408506->7c7a445e-d815-4048-bc30-41877607b145: Failed appendEntries: org.apache.ratis.thirdparty.io.grpc.StatusRuntimeException: UNAVAILABLE: io exception
2019-07-13 12:37:48,058 INFO  impl.FollowerInfo (FollowerInfo.java:lambda$new$0(50)) - 5192ca16-d261-458a-b2b0-5884a2408506->7c7a445e-d815-4048-bc30-41877607b145: nextIndex: updateUnconditionally 8 -> 7
2019-07-13 12:37:48,720 WARN  server.GrpcLogAppender (LogUtils.java:warn(134)) - d8d2f301-6e83-417c-9259-177b517f1750->c87b7a49-17c5-4210-9f71-f69682532099: Failed appendEntries: org.apache.ratis.thirdparty.io.grpc.StatusRuntimeException: UNAVAILABLE: io exception
2019-07-13 12:37:48,720 WARN  server.GrpcLogAppender (LogUtils.java:warn(134)) - d8d2f301-6e83-417c-9259-177b517f1750->fbc434c9-ed63-4aa3-abea-d0e122c0a7f1: Failed appendEntries: org.apache.ratis.thirdparty.io.grpc.StatusRuntimeException: UNAVAILABLE: io exception
2019-07-13 12:37:48,720 INFO  impl.FollowerInfo (FollowerInfo.java:lambda$new$0(50)) - d8d2f301-6e83-417c-9259-177b517f1750->c87b7a49-17c5-4210-9f71-f69682532099: nextIndex: updateUnconditionally 7 -> 6
2019-07-13 12:37:48,720 INFO  impl.FollowerInfo (FollowerInfo.java:lambda$new$0(50)) - d8d2f301-6e83-417c-9259-177b517f1750->fbc434c9-ed63-4aa3-abea-d0e122c0a7f1: nextIndex: updateUnconditionally 4 -> 3
2019-07-13 12:37:50,557 WARN  server.GrpcLogAppender (LogUtils.java:warn(134)) - 5192ca16-d261-458a-b2b0-5884a2408506->b012e42f-9c95-466d-840f-be23eeb33af9: Failed appendEntries: org.apache.ratis.thirdparty.io.grpc.StatusRuntimeException: UNAVAILABLE: io exception
2019-07-13 12:37:50,558 INFO  impl.FollowerInfo (FollowerInfo.java:lambda$new$0(50)) - 5192ca16-d261-458a-b2b0-5884a2408506->b012e42f-9c95-466d-840f-be23eeb33af9: nextIndex: updateUnconditionally 5 -> 4
2019-07-13 12:37:50,559 WARN  server.GrpcLogAppender (LogUtils.java:warn(134)) - 5192ca16-d261-458a-b2b0-5884a2408506->7c7a445e-d815-4048-bc30-41877607b145: Failed appendEntries: org.apache.ratis.thirdparty.io.grpc.StatusRuntimeException: UNAVAILABLE: io exception
2019-07-13 12:37:50,559 INFO  impl.FollowerInfo (FollowerInfo.java:lambda$new$0(50)) - 5192ca16-d261-458a-b2b0-5884a2408506->7c7a445e-d815-4048-bc30-41877607b145: nextIndex: updateUnconditionally 7 -> 6
2019-07-13 12:37:50,738 INFO  node.StaleNodeHandler (StaleNodeHandler.java:onMessage(58)) - Datanode 3e264181-76eb-489e-af50-f97bd83653c1{ip: 192.168.5.181, host: trunk-nightly-q2gwj-1111726333, networkLocation: /default-rack, certSerialId: null} moved to stale state. Finalizing its pipelines [PipelineID=6739e28d-7aac-480b-a9f5-09841340d173]
2019-07-13 12:37:50,738 INFO  pipeline.SCMPipelineManager (SCMPipelineManager.java:finalizeAndDestroyPipeline(309)) - destroying pipeline:Pipeline[ Id: 6739e28d-7aac-480b-a9f5-09841340d173, Nodes: 3e264181-76eb-489e-af50-f97bd83653c1{ip: 192.168.5.181, host: trunk-nightly-q2gwj-1111726333, networkLocation: /default-rack, certSerialId: null}, Type:RATIS, Factor:ONE, State:OPEN]
2019-07-13 12:37:50,738 INFO  pipeline.PipelineStateManager (PipelineStateManager.java:finalizePipeline(123)) - Pipeline Pipeline[ Id: 6739e28d-7aac-480b-a9f5-09841340d173, Nodes: 3e264181-76eb-489e-af50-f97bd83653c1{ip: 192.168.5.181, host: trunk-nightly-q2gwj-1111726333, networkLocation: /default-rack, certSerialId: null}, Type:RATIS, Factor:ONE, State:CLOSED] moved to CLOSED state
2019-07-13 12:37:50,838 INFO  node.StaleNodeHandler (StaleNodeHandler.java:onMessage(58)) - Datanode d8d2f301-6e83-417c-9259-177b517f1750{ip: 192.168.5.181, host: trunk-nightly-q2gwj-1111726333, networkLocation: /default-rack, certSerialId: null} moved to stale state. Finalizing its pipelines [PipelineID=e8274a52-dc89-405f-97b5-e3a95579de15, PipelineID=1d41ffb0-57ff-4ac6-af9a-a0f518d65588]
2019-07-13 12:37:50,838 INFO  pipeline.SCMPipelineManager (SCMPipelineManager.java:finalizeAndDestroyPipeline(309)) - destroying pipeline:Pipeline[ Id: e8274a52-dc89-405f-97b5-e3a95579de15, Nodes: d8d2f301-6e83-417c-9259-177b517f1750{ip: 192.168.5.181, host: trunk-nightly-q2gwj-1111726333, networkLocation: /default-rack, certSerialId: null}fbc434c9-ed63-4aa3-abea-d0e122c0a7f1{ip: 192.168.5.181, host: trunk-nightly-q2gwj-1111726333, networkLocation: /default-rack, certSerialId: null}c87b7a49-17c5-4210-9f71-f69682532099{ip: 192.168.5.181, host: trunk-nightly-q2gwj-1111726333, networkLocation: /default-rack, certSerialId: null}, Type:RATIS, Factor:THREE, State:CLOSED]
2019-07-13 12:37:50,838 INFO  pipeline.SCMPipelineManager (SCMPipelineManager.java:finalizeAndDestroyPipeline(309)) - destroying pipeline:Pipeline[ Id: 1d41ffb0-57ff-4ac6-af9a-a0f518d65588, Nodes: d8d2f301-6e83-417c-9259-177b517f1750{ip: 192.168.5.181, host: trunk-nightly-q2gwj-1111726333, networkLocation: /default-rack, certSerialId: null}, Type:RATIS, Factor:ONE, State:OPEN]
2019-07-13 12:37:50,838 INFO  pipeline.PipelineStateManager (PipelineStateManager.java:finalizePipeline(123)) - Pipeline Pipeline[ Id: 1d41ffb0-57ff-4ac6-af9a-a0f518d65588, Nodes: d8d2f301-6e83-417c-9259-177b517f1750{ip: 192.168.5.181, host: trunk-nightly-q2gwj-1111726333, networkLocation: /default-rack, certSerialId: null}, Type:RATIS, Factor:ONE, State:CLOSED] moved to CLOSED state
2019-07-13 12:37:51,011 INFO  ozoneimpl.OzoneContainer (OzoneContainer.java:stop(199)) - Attempting to stop container services.
2019-07-13 12:37:51,012 INFO  impl.RaftServerProxy (RaftServerProxy.java:lambda$close$4(314)) - 3e264181-76eb-489e-af50-f97bd83653c1: close
2019-07-13 12:37:51,013 INFO  impl.RaftServerImpl (RaftServerImpl.java:lambda$shutdown$3(245)) - 3e264181-76eb-489e-af50-f97bd83653c1: shutdown group-09841340D173
2019-07-13 12:37:51,013 INFO  util.JmxRegister (JmxRegister.java:unregister(73)) - Successfully un-registered JMX Bean with object name Ratis:service=RaftServer,group=group-09841340D173,id=3e264181-76eb-489e-af50-f97bd83653c1
2019-07-13 12:37:51,014 INFO  impl.RoleInfo (RoleInfo.java:shutdownLeaderState(104)) - 3e264181-76eb-489e-af50-f97bd83653c1: shutdown LeaderState
2019-07-13 12:37:51,014 INFO  impl.PendingRequests (PendingRequests.java:sendNotLeaderResponses(202)) - 3e264181-76eb-489e-af50-f97bd83653c1-PendingRequests: sendNotLeaderResponses
2019-07-13 12:37:51,015 INFO  impl.StateMachineUpdater (StateMachineUpdater.java:stopAndJoin(115)) - StateMachineUpdater:3e264181-76eb-489e-af50-f97bd83653c1:group-09841340D173: set stopIndex = 0
2019-07-13 12:37:51,015 INFO  ratis.ContainerStateMachine (ContainerStateMachine.java:takeSnapshot(246)) - Taking snapshot at termIndex:(t:0, i:~)
2019-07-13 12:37:51,016 INFO  impl.RaftServerImpl (ServerState.java:close(394)) - 3e264181-76eb-489e-af50-f97bd83653c1:group-09841340D173 closes. The last applied log index is 0
2019-07-13 12:37:51,016 INFO  segmented.SegmentedRaftLogWorker (SegmentedRaftLogWorker.java:run(313)) - 3e264181-76eb-489e-af50-f97bd83653c1-SegmentedRaftLogWorker:Storage Directory /tmp/workdir/hadoop-ozone/integration-test/target/test-dir/MiniOzoneClusterImpl-f238f8c9-6f68-435d-bc7a-6e3a5f15428f/datanode-6/data/ratis/6739e28d-7aac-480b-a9f5-09841340d173 was interrupted, exiting. There are 0 tasks remaining in the queue.
2019-07-13 12:37:51,018 INFO  segmented.SegmentedRaftLogWorker (SegmentedRaftLogWorker.java:close(228)) - 3e264181-76eb-489e-af50-f97bd83653c1-SegmentedRaftLogWorker:Storage Directory /tmp/workdir/hadoop-ozone/integration-test/target/test-dir/MiniOzoneClusterImpl-f238f8c9-6f68-435d-bc7a-6e3a5f15428f/datanode-6/data/ratis/6739e28d-7aac-480b-a9f5-09841340d173 close()
2019-07-13 12:37:51,021 INFO  server.GrpcService (GrpcService.java:closeImpl(155)) - 3e264181-76eb-489e-af50-f97bd83653c1: shutdown server with port 36913 now
2019-07-13 12:37:51,023 INFO  server.GrpcService (GrpcService.java:closeImpl(163)) - 3e264181-76eb-489e-af50-f97bd83653c1: shutdown server with port 36913 successfully
2019-07-13 12:37:51,025 INFO  utils.BackgroundService (BackgroundService.java:shutdown(148)) - Shutting down service BlockDeletingService
2019-07-13 12:37:51,029 WARN  fs.CachingGetSpaceUsed (CachingGetSpaceUsed.java:run(183)) - Thread Interrupted waiting to refresh disk information: sleep interrupted
2019-07-13 12:37:51,043 INFO  ozoneimpl.OzoneContainer (OzoneContainer.java:stop(199)) - Attempting to stop container services.
2019-07-13 12:37:51,043 INFO  impl.RaftServerProxy (RaftServerProxy.java:lambda$close$4(314)) - d8d2f301-6e83-417c-9259-177b517f1750: close
2019-07-13 12:37:51,043 INFO  impl.RaftServerImpl (RaftServerImpl.java:lambda$shutdown$3(245)) - d8d2f301-6e83-417c-9259-177b517f1750: shutdown group-E3A95579DE15
2019-07-13 12:37:51,044 INFO  util.JmxRegister (JmxRegister.java:unregister(73)) - Successfully un-registered JMX Bean with object name Ratis:service=RaftServer,group=group-E3A95579DE15,id=d8d2f301-6e83-417c-9259-177b517f1750
2019-07-13 12:37:51,044 INFO  impl.RoleInfo (RoleInfo.java:shutdownLeaderState(104)) - d8d2f301-6e83-417c-9259-177b517f1750: shutdown LeaderState
2019-07-13 12:37:51,048 INFO  impl.PendingRequests (PendingRequests.java:sendNotLeaderResponses(202)) - d8d2f301-6e83-417c-9259-177b517f1750-PendingRequests: sendNotLeaderResponses
2019-07-13 12:37:51,049 WARN  server.GrpcLogAppender (GrpcLogAppender.java:mayWait(143)) - GrpcLogAppender(d8d2f301-6e83-417c-9259-177b517f1750->c87b7a49-17c5-4210-9f71-f69682532099): Wait interrupted by java.lang.InterruptedException
2019-07-13 12:37:51,049 WARN  server.GrpcLogAppender (GrpcLogAppender.java:mayWait(143)) - GrpcLogAppender(d8d2f301-6e83-417c-9259-177b517f1750->fbc434c9-ed63-4aa3-abea-d0e122c0a7f1): Wait interrupted by java.lang.InterruptedException
2019-07-13 12:37:51,053 INFO  impl.StateMachineUpdater (StateMachineUpdater.java:stopAndJoin(115)) - StateMachineUpdater:d8d2f301-6e83-417c-9259-177b517f1750:group-E3A95579DE15: set stopIndex = 8
2019-07-13 12:37:51,053 INFO  ratis.ContainerStateMachine (ContainerStateMachine.java:takeSnapshot(246)) - Taking snapshot at termIndex:(t:1, i:8)
2019-07-13 12:37:51,056 INFO  ratis.ContainerStateMachine (ContainerStateMachine.java:takeSnapshot(250)) - Taking a snapshot to file /tmp/workdir/hadoop-ozone/integration-test/target/test-dir/MiniOzoneClusterImpl-f238f8c9-6f68-435d-bc7a-6e3a5f15428f/datanode-0/data/ratis/e8274a52-dc89-405f-97b5-e3a95579de15/sm/snapshot.1_8
2019-07-13 12:37:51,058 INFO  statemachine.DatanodeStateMachine (DatanodeStateMachine.java:stopDaemon(395)) - Ozone container server stopped.
2019-07-13 12:37:51,058 INFO  impl.StateMachineUpdater (StateMachineUpdater.java:takeSnapshot(242)) - StateMachineUpdater:d8d2f301-6e83-417c-9259-177b517f1750:group-E3A95579DE15: Took a snapshot at index 8
2019-07-13 12:37:51,058 INFO  impl.StateMachineUpdater (StateMachineUpdater.java:lambda$new$0(80)) - StateMachineUpdater:d8d2f301-6e83-417c-9259-177b517f1750:group-E3A95579DE15: snapshotIndex: updateIncreasingly -1 -> 8
2019-07-13 12:37:51,059 INFO  impl.RaftServerImpl (ServerState.java:close(394)) - d8d2f301-6e83-417c-9259-177b517f1750:group-E3A95579DE15 closes. The last applied log index is 8
2019-07-13 12:37:51,059 INFO  segmented.SegmentedRaftLogWorker (SegmentedRaftLogWorker.java:run(313)) - d8d2f301-6e83-417c-9259-177b517f1750-SegmentedRaftLogWorker:Storage Directory /tmp/workdir/hadoop-ozone/integration-test/target/test-dir/MiniOzoneClusterImpl-f238f8c9-6f68-435d-bc7a-6e3a5f15428f/datanode-0/data/ratis/e8274a52-dc89-405f-97b5-e3a95579de15 was interrupted, exiting. There are 0 tasks remaining in the queue.
2019-07-13 12:37:51,061 INFO  segmented.SegmentedRaftLogWorker (SegmentedRaftLogWorker.java:close(228)) - d8d2f301-6e83-417c-9259-177b517f1750-SegmentedRaftLogWorker:Storage Directory /tmp/workdir/hadoop-ozone/integration-test/target/test-dir/MiniOzoneClusterImpl-f238f8c9-6f68-435d-bc7a-6e3a5f15428f/datanode-0/data/ratis/e8274a52-dc89-405f-97b5-e3a95579de15 close()
2019-07-13 12:37:51,064 INFO  impl.RaftServerImpl (RaftServerImpl.java:lambda$shutdown$3(245)) - d8d2f301-6e83-417c-9259-177b517f1750: shutdown group-A0F518D65588
2019-07-13 12:37:51,064 INFO  util.JmxRegister (JmxRegister.java:unregister(73)) - Successfully un-registered JMX Bean with object name Ratis:service=RaftServer,group=group-A0F518D65588,id=d8d2f301-6e83-417c-9259-177b517f1750
2019-07-13 12:37:51,064 INFO  impl.RoleInfo (RoleInfo.java:shutdownLeaderState(104)) - d8d2f301-6e83-417c-9259-177b517f1750: shutdown LeaderState
2019-07-13 12:37:51,064 INFO  impl.PendingRequests (PendingRequests.java:sendNotLeaderResponses(202)) - d8d2f301-6e83-417c-9259-177b517f1750-PendingRequests: sendNotLeaderResponses
2019-07-13 12:37:51,065 INFO  impl.StateMachineUpdater (StateMachineUpdater.java:stopAndJoin(115)) - StateMachineUpdater:d8d2f301-6e83-417c-9259-177b517f1750:group-A0F518D65588: set stopIndex = 0
2019-07-13 12:37:51,065 INFO  ratis.ContainerStateMachine (ContainerStateMachine.java:takeSnapshot(246)) - Taking snapshot at termIndex:(t:0, i:~)
2019-07-13 12:37:51,065 INFO  impl.RaftServerImpl (ServerState.java:close(394)) - d8d2f301-6e83-417c-9259-177b517f1750:group-A0F518D65588 closes. The last applied log index is 0
2019-07-13 12:37:51,065 INFO  segmented.SegmentedRaftLogWorker (SegmentedRaftLogWorker.java:run(313)) - d8d2f301-6e83-417c-9259-177b517f1750-SegmentedRaftLogWorker:Storage Directory /tmp/workdir/hadoop-ozone/integration-test/target/test-dir/MiniOzoneClusterImpl-f238f8c9-6f68-435d-bc7a-6e3a5f15428f/datanode-0/data/ratis/1d41ffb0-57ff-4ac6-af9a-a0f518d65588 was interrupted, exiting. There are 0 tasks remaining in the queue.
2019-07-13 12:37:51,067 INFO  segmented.SegmentedRaftLogWorker (SegmentedRaftLogWorker.java:close(228)) - d8d2f301-6e83-417c-9259-177b517f1750-SegmentedRaftLogWorker:Storage Directory /tmp/workdir/hadoop-ozone/integration-test/target/test-dir/MiniOzoneClusterImpl-f238f8c9-6f68-435d-bc7a-6e3a5f15428f/datanode-0/data/ratis/1d41ffb0-57ff-4ac6-af9a-a0f518d65588 close()
2019-07-13 12:37:51,069 INFO  server.GrpcService (GrpcService.java:closeImpl(155)) - d8d2f301-6e83-417c-9259-177b517f1750: shutdown server with port 38218 now
2019-07-13 12:37:51,070 INFO  server.GrpcService (GrpcService.java:closeImpl(163)) - d8d2f301-6e83-417c-9259-177b517f1750: shutdown server with port 38218 successfully
2019-07-13 12:37:51,071 INFO  handler.ContextHandler (ContextHandler.java:doStop(910)) - Stopped o.e.j.w.WebAppContext@4d92e9da{/,null,UNAVAILABLE}{/hddsDatanode}
2019-07-13 12:37:51,072 INFO  server.AbstractConnector (AbstractConnector.java:doStop(318)) - Stopped ServerConnector@1baef878{HTTP/1.1,[http/1.1]}{0.0.0.0:0}
2019-07-13 12:37:51,072 INFO  utils.BackgroundService (BackgroundService.java:shutdown(148)) - Shutting down service BlockDeletingService
2019-07-13 12:37:51,073 INFO  handler.ContextHandler (ContextHandler.java:doStop(910)) - Stopped o.e.j.s.ServletContextHandler@45bb5862{/static,jar:file:/home/user/.m2/repository/org/apache/hadoop/hadoop-hdds-container-service/0.5.0-SNAPSHOT/hadoop-hdds-container-service-0.5.0-SNAPSHOT.jar!/webapps/static,UNAVAILABLE}
2019-07-13 12:37:51,075 INFO  handler.ContextHandler (ContextHandler.java:doStop(910)) - Stopped o.e.j.s.ServletContextHandler@5b1295c0{/logs,file:///tmp/workdir/hadoop-ozone/integration-test/target/log,UNAVAILABLE}
2019-07-13 12:37:51,075 WARN  fs.CachingGetSpaceUsed (CachingGetSpaceUsed.java:run(183)) - Thread Interrupted waiting to refresh disk information: sleep interrupted
2019-07-13 12:37:51,078 INFO  datanode.ObjectStoreHandler (ObjectStoreHandler.java:close(155)) - Closing ObjectStoreHandler.
2019-07-13 12:37:51,078 INFO  ozone.HddsDatanodeService (HddsDatanodeService.java:stop(452)) - Stopped plug-in org.apache.hadoop.ozone.web.OzoneHddsDatanodeService@3656a6cd
2019-07-13 12:37:51,094 INFO  statemachine.DatanodeStateMachine (DatanodeStateMachine.java:stopDaemon(395)) - Ozone container server stopped.
2019-07-13 12:37:51,098 INFO  handler.ContextHandler (ContextHandler.java:doStop(910)) - Stopped o.e.j.w.WebAppContext@24bc52ce{/,null,UNAVAILABLE}{/hddsDatanode}
2019-07-13 12:37:51,098 INFO  server.AbstractConnector (AbstractConnector.java:doStop(318)) - Stopped ServerConnector@40949bb0{HTTP/1.1,[http/1.1]}{0.0.0.0:0}
2019-07-13 12:37:51,099 INFO  handler.ContextHandler (ContextHandler.java:doStop(910)) - Stopped o.e.j.s.ServletContextHandler@39352f6b{/static,jar:file:/home/user/.m2/repository/org/apache/hadoop/hadoop-hdds-container-service/0.5.0-SNAPSHOT/hadoop-hdds-container-service-0.5.0-SNAPSHOT.jar!/webapps/static,UNAVAILABLE}
2019-07-13 12:37:51,101 INFO  handler.ContextHandler (ContextHandler.java:doStop(910)) - Stopped o.e.j.s.ServletContextHandler@112d8c18{/logs,file:///tmp/workdir/hadoop-ozone/integration-test/target/log,UNAVAILABLE}
2019-07-13 12:37:51,579 INFO  statemachine.DatanodeStateMachine (DatanodeStateMachine.java:lambda$startDaemon$0(350)) - Ozone container server started.
2019-07-13 12:37:53,058 WARN  server.GrpcLogAppender (LogUtils.java:warn(134)) - 5192ca16-d261-458a-b2b0-5884a2408506->b012e42f-9c95-466d-840f-be23eeb33af9: Failed appendEntries: org.apache.ratis.thirdparty.io.grpc.StatusRuntimeException: UNAVAILABLE: io exception
2019-07-13 12:37:53,058 INFO  impl.FollowerInfo (FollowerInfo.java:lambda$new$0(50)) - 5192ca16-d261-458a-b2b0-5884a2408506->b012e42f-9c95-466d-840f-be23eeb33af9: nextIndex: updateUnconditionally 4 -> 3
2019-07-13 12:37:53,059 WARN  server.GrpcLogAppender (LogUtils.java:warn(134)) - 5192ca16-d261-458a-b2b0-5884a2408506->7c7a445e-d815-4048-bc30-41877607b145: Failed appendEntries: org.apache.ratis.thirdparty.io.grpc.StatusRuntimeException: UNAVAILABLE: io exception
2019-07-13 12:37:53,060 INFO  impl.FollowerInfo (FollowerInfo.java:lambda$new$0(50)) - 5192ca16-d261-458a-b2b0-5884a2408506->7c7a445e-d815-4048-bc30-41877607b145: nextIndex: updateUnconditionally 6 -> 5
2019-07-13 12:37:55,558 WARN  server.GrpcLogAppender (LogUtils.java:warn(134)) - 5192ca16-d261-458a-b2b0-5884a2408506->b012e42f-9c95-466d-840f-be23eeb33af9: Failed appendEntries: org.apache.ratis.thirdparty.io.grpc.StatusRuntimeException: UNAVAILABLE: io exception
2019-07-13 12:37:55,558 INFO  impl.FollowerInfo (FollowerInfo.java:lambda$new$0(50)) - 5192ca16-d261-458a-b2b0-5884a2408506->b012e42f-9c95-466d-840f-be23eeb33af9: nextIndex: updateUnconditionally 3 -> 2
2019-07-13 12:37:55,560 WARN  server.GrpcLogAppender (LogUtils.java:warn(134)) - 5192ca16-d261-458a-b2b0-5884a2408506->7c7a445e-d815-4048-bc30-41877607b145: Failed appendEntries: org.apache.ratis.thirdparty.io.grpc.StatusRuntimeException: UNAVAILABLE: io exception
2019-07-13 12:37:55,560 INFO  impl.FollowerInfo (FollowerInfo.java:lambda$new$0(50)) - 5192ca16-d261-458a-b2b0-5884a2408506->7c7a445e-d815-4048-bc30-41877607b145: nextIndex: updateUnconditionally 5 -> 4
2019-07-13 12:37:55,644 INFO  node.StaleNodeHandler (StaleNodeHandler.java:onMessage(58)) - Datanode 5192ca16-d261-458a-b2b0-5884a2408506{ip: 192.168.5.181, host: trunk-nightly-q2gwj-1111726333, networkLocation: /default-rack, certSerialId: null} moved to stale state. Finalizing its pipelines [PipelineID=8858441d-5437-421d-afd3-5677bad9df77, PipelineID=d2b4cc57-7ca2-44cb-b823-22e013541cb5]
2019-07-13 12:37:55,644 INFO  pipeline.SCMPipelineManager (SCMPipelineManager.java:finalizeAndDestroyPipeline(309)) - destroying pipeline:Pipeline[ Id: 8858441d-5437-421d-afd3-5677bad9df77, Nodes: b012e42f-9c95-466d-840f-be23eeb33af9{ip: 192.168.5.181, host: trunk-nightly-q2gwj-1111726333, networkLocation: /default-rack, certSerialId: null}7c7a445e-d815-4048-bc30-41877607b145{ip: 192.168.5.181, host: trunk-nightly-q2gwj-1111726333, networkLocation: /default-rack, certSerialId: null}5192ca16-d261-458a-b2b0-5884a2408506{ip: 192.168.5.181, host: trunk-nightly-q2gwj-1111726333, networkLocation: /default-rack, certSerialId: null}, Type:RATIS, Factor:THREE, State:CLOSED]
2019-07-13 12:37:55,645 INFO  pipeline.SCMPipelineManager (SCMPipelineManager.java:finalizeAndDestroyPipeline(309)) - destroying pipeline:Pipeline[ Id: d2b4cc57-7ca2-44cb-b823-22e013541cb5, Nodes: 5192ca16-d261-458a-b2b0-5884a2408506{ip: 192.168.5.181, host: trunk-nightly-q2gwj-1111726333, networkLocation: /default-rack, certSerialId: null}, Type:RATIS, Factor:ONE, State:OPEN]
2019-07-13 12:37:55,645 INFO  pipeline.PipelineStateManager (PipelineStateManager.java:finalizePipeline(123)) - Pipeline Pipeline[ Id: d2b4cc57-7ca2-44cb-b823-22e013541cb5, Nodes: 5192ca16-d261-458a-b2b0-5884a2408506{ip: 192.168.5.181, host: trunk-nightly-q2gwj-1111726333, networkLocation: /default-rack, certSerialId: null}, Type:RATIS, Factor:ONE, State:CLOSED] moved to CLOSED state
2019-07-13 12:37:56,080 INFO  ozoneimpl.OzoneContainer (OzoneContainer.java:stop(199)) - Attempting to stop container services.
2019-07-13 12:37:56,081 INFO  impl.RaftServerProxy (RaftServerProxy.java:lambda$close$4(314)) - 5192ca16-d261-458a-b2b0-5884a2408506: close
2019-07-13 12:37:56,082 INFO  impl.RaftServerImpl (RaftServerImpl.java:lambda$shutdown$3(245)) - 5192ca16-d261-458a-b2b0-5884a2408506: shutdown group-5677BAD9DF77
2019-07-13 12:37:56,082 INFO  impl.RaftServerImpl (RaftServerImpl.java:lambda$shutdown$3(245)) - 5192ca16-d261-458a-b2b0-5884a2408506: shutdown group-22E013541CB5
2019-07-13 12:37:56,082 INFO  util.JmxRegister (JmxRegister.java:unregister(73)) - Successfully un-registered JMX Bean with object name Ratis:service=RaftServer,group=group-5677BAD9DF77,id=5192ca16-d261-458a-b2b0-5884a2408506
2019-07-13 12:37:56,083 INFO  util.JmxRegister (JmxRegister.java:unregister(73)) - Successfully un-registered JMX Bean with object name Ratis:service=RaftServer,group=group-22E013541CB5,id=5192ca16-d261-458a-b2b0-5884a2408506
2019-07-13 12:37:56,083 INFO  impl.RoleInfo (RoleInfo.java:shutdownLeaderState(104)) - 5192ca16-d261-458a-b2b0-5884a2408506: shutdown LeaderState
2019-07-13 12:37:56,083 INFO  impl.RoleInfo (RoleInfo.java:shutdownLeaderState(104)) - 5192ca16-d261-458a-b2b0-5884a2408506: shutdown LeaderState
2019-07-13 12:37:56,087 WARN  server.GrpcLogAppender (GrpcLogAppender.java:mayWait(143)) - GrpcLogAppender(5192ca16-d261-458a-b2b0-5884a2408506->7c7a445e-d815-4048-bc30-41877607b145): Wait interrupted by java.lang.InterruptedException
2019-07-13 12:37:56,087 WARN  server.GrpcLogAppender (GrpcLogAppender.java:mayWait(143)) - GrpcLogAppender(5192ca16-d261-458a-b2b0-5884a2408506->b012e42f-9c95-466d-840f-be23eeb33af9): Wait interrupted by java.lang.InterruptedException
2019-07-13 12:37:56,087 INFO  impl.PendingRequests (PendingRequests.java:sendNotLeaderResponses(202)) - 5192ca16-d261-458a-b2b0-5884a2408506-PendingRequests: sendNotLeaderResponses
2019-07-13 12:37:56,087 INFO  impl.PendingRequests (PendingRequests.java:sendNotLeaderResponses(202)) - 5192ca16-d261-458a-b2b0-5884a2408506-PendingRequests: sendNotLeaderResponses
2019-07-13 12:37:56,088 INFO  ratis.ContainerStateMachine (ContainerStateMachine.java:takeSnapshot(246)) - Taking snapshot at termIndex:(t:0, i:~)
2019-07-13 12:37:56,088 INFO  impl.StateMachineUpdater (StateMachineUpdater.java:stopAndJoin(115)) - StateMachineUpdater:5192ca16-d261-458a-b2b0-5884a2408506:group-22E013541CB5: set stopIndex = 0
2019-07-13 12:37:56,088 INFO  ratis.ContainerStateMachine (ContainerStateMachine.java:takeSnapshot(246)) - Taking snapshot at termIndex:(t:1, i:8)
2019-07-13 12:37:56,088 INFO  impl.StateMachineUpdater (StateMachineUpdater.java:stopAndJoin(115)) - StateMachineUpdater:5192ca16-d261-458a-b2b0-5884a2408506:group-5677BAD9DF77: set stopIndex = 8
2019-07-13 12:37:56,089 INFO  ratis.ContainerStateMachine (ContainerStateMachine.java:takeSnapshot(250)) - Taking a snapshot to file /tmp/workdir/hadoop-ozone/integration-test/target/test-dir/MiniOzoneClusterImpl-f238f8c9-6f68-435d-bc7a-6e3a5f15428f/datanode-5/data/ratis/8858441d-5437-421d-afd3-5677bad9df77/sm/snapshot.1_8
2019-07-13 12:37:56,089 INFO  impl.RaftServerImpl (ServerState.java:close(394)) - 5192ca16-d261-458a-b2b0-5884a2408506:group-22E013541CB5 closes. The last applied log index is 0
2019-07-13 12:37:56,090 INFO  impl.StateMachineUpdater (StateMachineUpdater.java:takeSnapshot(242)) - StateMachineUpdater:5192ca16-d261-458a-b2b0-5884a2408506:group-5677BAD9DF77: Took a snapshot at index 8
2019-07-13 12:37:56,090 INFO  segmented.SegmentedRaftLogWorker (SegmentedRaftLogWorker.java:run(313)) - 5192ca16-d261-458a-b2b0-5884a2408506-SegmentedRaftLogWorker:Storage Directory /tmp/workdir/hadoop-ozone/integration-test/target/test-dir/MiniOzoneClusterImpl-f238f8c9-6f68-435d-bc7a-6e3a5f15428f/datanode-5/data/ratis/d2b4cc57-7ca2-44cb-b823-22e013541cb5 was interrupted, exiting. There are 0 tasks remaining in the queue.
2019-07-13 12:37:56,090 INFO  impl.StateMachineUpdater (StateMachineUpdater.java:lambda$new$0(80)) - StateMachineUpdater:5192ca16-d261-458a-b2b0-5884a2408506:group-5677BAD9DF77: snapshotIndex: updateIncreasingly -1 -> 8
2019-07-13 12:37:56,091 INFO  impl.RaftServerImpl (ServerState.java:close(394)) - 5192ca16-d261-458a-b2b0-5884a2408506:group-5677BAD9DF77 closes. The last applied log index is 8
2019-07-13 12:37:56,091 INFO  segmented.SegmentedRaftLogWorker (SegmentedRaftLogWorker.java:close(228)) - 5192ca16-d261-458a-b2b0-5884a2408506-SegmentedRaftLogWorker:Storage Directory /tmp/workdir/hadoop-ozone/integration-test/target/test-dir/MiniOzoneClusterImpl-f238f8c9-6f68-435d-bc7a-6e3a5f15428f/datanode-5/data/ratis/d2b4cc57-7ca2-44cb-b823-22e013541cb5 close()
2019-07-13 12:37:56,092 INFO  segmented.SegmentedRaftLogWorker (SegmentedRaftLogWorker.java:run(313)) - 5192ca16-d261-458a-b2b0-5884a2408506-SegmentedRaftLogWorker:Storage Directory /tmp/workdir/hadoop-ozone/integration-test/target/test-dir/MiniOzoneClusterImpl-f238f8c9-6f68-435d-bc7a-6e3a5f15428f/datanode-5/data/ratis/8858441d-5437-421d-afd3-5677bad9df77 was interrupted, exiting. There are 0 tasks remaining in the queue.
2019-07-13 12:37:56,094 INFO  segmented.SegmentedRaftLogWorker (SegmentedRaftLogWorker.java:close(228)) - 5192ca16-d261-458a-b2b0-5884a2408506-SegmentedRaftLogWorker:Storage Directory /tmp/workdir/hadoop-ozone/integration-test/target/test-dir/MiniOzoneClusterImpl-f238f8c9-6f68-435d-bc7a-6e3a5f15428f/datanode-5/data/ratis/8858441d-5437-421d-afd3-5677bad9df77 close()
2019-07-13 12:37:56,096 INFO  server.GrpcService (GrpcService.java:closeImpl(155)) - 5192ca16-d261-458a-b2b0-5884a2408506: shutdown server with port 44410 now
2019-07-13 12:37:56,097 INFO  server.GrpcService (GrpcService.java:closeImpl(163)) - 5192ca16-d261-458a-b2b0-5884a2408506: shutdown server with port 44410 successfully
2019-07-13 12:37:56,098 INFO  utils.BackgroundService (BackgroundService.java:shutdown(148)) - Shutting down service BlockDeletingService
2019-07-13 12:37:56,102 WARN  fs.CachingGetSpaceUsed (CachingGetSpaceUsed.java:run(183)) - Thread Interrupted waiting to refresh disk information: sleep interrupted
2019-07-13 12:37:56,114 INFO  statemachine.DatanodeStateMachine (DatanodeStateMachine.java:stopDaemon(395)) - Ozone container server stopped.
2019-07-13 12:37:56,127 INFO  handler.ContextHandler (ContextHandler.java:doStop(910)) - Stopped o.e.j.w.WebAppContext@25dc8147{/,null,UNAVAILABLE}{/hddsDatanode}
2019-07-13 12:37:56,127 INFO  server.AbstractConnector (AbstractConnector.java:doStop(318)) - Stopped ServerConnector@5aeb2c8a{HTTP/1.1,[http/1.1]}{0.0.0.0:0}
2019-07-13 12:37:56,128 INFO  handler.ContextHandler (ContextHandler.java:doStop(910)) - Stopped o.e.j.s.ServletContextHandler@6ab56a77{/static,jar:file:/home/user/.m2/repository/org/apache/hadoop/hadoop-hdds-container-service/0.5.0-SNAPSHOT/hadoop-hdds-container-service-0.5.0-SNAPSHOT.jar!/webapps/static,UNAVAILABLE}
2019-07-13 12:37:56,129 INFO  handler.ContextHandler (ContextHandler.java:doStop(910)) - Stopped o.e.j.s.ServletContextHandler@495c3d15{/logs,file:///tmp/workdir/hadoop-ozone/integration-test/target/log,UNAVAILABLE}
2019-07-13 12:37:56,130 INFO  ozone.MiniOzoneClusterImpl (MiniOzoneClusterImpl.java:stop(353)) - Stopping the StorageContainerManager
2019-07-13 12:37:56,130 INFO  server.StorageContainerManager (StorageContainerManager.java:stop(796)) - Stopping Replication Manager Service.
2019-07-13 12:37:56,130 INFO  container.ReplicationManager (ReplicationManager.java:stop(187)) - Stopping Replication Monitor Thread.
2019-07-13 12:37:56,130 INFO  server.StorageContainerManager (StorageContainerManager.java:stop(803)) - Stopping Lease Manager of the command watchers
2019-07-13 12:37:56,131 INFO  server.StorageContainerManager (StorageContainerManager.java:stop(810)) - Stopping datanode service RPC server
2019-07-13 12:37:56,131 INFO  server.SCMDatanodeProtocolServer (SCMDatanodeProtocolServer.java:stop(375)) - Stopping the RPC server for DataNodes
2019-07-13 12:37:56,131 INFO  ipc.Server (Server.java:stop(3082)) - Stopping server on 45799
2019-07-13 12:37:56,135 INFO  ipc.Server (Server.java:run(1185)) - Stopping IPC Server listener on 45799
2019-07-13 12:37:56,135 INFO  ipc.Server (Server.java:run(1319)) - Stopping IPC Server Responder
2019-07-13 12:37:56,145 WARN  node.NodeStateManager (NodeStateManager.java:scheduleNextHealthCheck(631)) - Current Thread is interrupted, shutting down HB processing thread for Node Manager.
2019-07-13 12:37:56,145 INFO  server.StorageContainerManager (StorageContainerManager.java:stop(818)) - Stopping block service RPC server
2019-07-13 12:37:56,145 INFO  server.SCMBlockProtocolServer (SCMBlockProtocolServer.java:stop(148)) - Stopping the RPC server for Block Protocol
2019-07-13 12:37:56,146 INFO  ipc.Server (Server.java:stop(3082)) - Stopping server on 44959
2019-07-13 12:37:56,148 INFO  ipc.Server (Server.java:run(1185)) - Stopping IPC Server listener on 44959
2019-07-13 12:37:56,148 INFO  server.StorageContainerManager (StorageContainerManager.java:stop(825)) - Stopping the StorageContainerLocationProtocol RPC server
2019-07-13 12:37:56,150 INFO  ipc.Server (Server.java:run(1319)) - Stopping IPC Server Responder
2019-07-13 12:37:56,150 INFO  server.SCMClientProtocolServer (SCMClientProtocolServer.java:stop(157)) - Stopping the RPC server for Client Protocol
2019-07-13 12:37:56,150 INFO  ipc.Server (Server.java:stop(3082)) - Stopping server on 45345
2019-07-13 12:37:56,153 INFO  ipc.Server (Server.java:run(1185)) - Stopping IPC Server listener on 45345
2019-07-13 12:37:56,157 INFO  server.StorageContainerManager (StorageContainerManager.java:stop(832)) - Stopping Storage Container Manager HTTP server.
2019-07-13 12:37:56,158 INFO  ipc.Server (Server.java:run(1319)) - Stopping IPC Server Responder
2019-07-13 12:37:56,159 INFO  handler.ContextHandler (ContextHandler.java:doStop(910)) - Stopped o.e.j.w.WebAppContext@43f23338{/,null,UNAVAILABLE}{/scm}
2019-07-13 12:37:56,159 INFO  server.AbstractConnector (AbstractConnector.java:doStop(318)) - Stopped ServerConnector@2ca8bd50{HTTP/1.1,[http/1.1]}{0.0.0.0:0}
2019-07-13 12:37:56,160 INFO  handler.ContextHandler (ContextHandler.java:doStop(910)) - Stopped o.e.j.s.ServletContextHandler@495cac83{/static,file:///tmp/workdir/hadoop-ozone/integration-test/target/test-classes/webapps/static,UNAVAILABLE}
2019-07-13 12:37:56,160 INFO  handler.ContextHandler (ContextHandler.java:doStop(910)) - Stopped o.e.j.s.ServletContextHandler@6049b4c9{/logs,file:///tmp/workdir/hadoop-ozone/integration-test/target/log,UNAVAILABLE}
2019-07-13 12:37:56,161 INFO  server.StorageContainerManager (StorageContainerManager.java:stop(843)) - Stopping Block Manager Service.
2019-07-13 12:37:56,161 INFO  utils.BackgroundService (BackgroundService.java:shutdown(148)) - Shutting down service SCMBlockDeletingService
2019-07-13 12:37:56,161 INFO  utils.BackgroundService (BackgroundService.java:shutdown(148)) - Shutting down service SCMBlockDeletingService
2019-07-13 12:37:56,162 INFO  server.StorageContainerManager (StorageContainerManager.java:stop(865)) - Stopping SCM Event Queue.
2019-07-13 12:37:56,166 INFO  impl.MetricsSystemImpl (MetricsSystemImpl.java:stop(210)) - Stopping HddsDatanode metrics system...
2019-07-13 12:37:56,176 INFO  impl.MetricsSystemImpl (MetricsSystemImpl.java:stop(216)) - HddsDatanode metrics system stopped.
]]></system-out>
    <system-err><![CDATA[Jul 13, 2019 12:37:23 PM com.sun.jersey.server.impl.application.WebApplicationImpl _initiate
INFO: Initiating Jersey application, version 'Jersey: 1.19 02/11/2015 03:25 AM'
Jul 13, 2019 12:37:23 PM com.sun.jersey.server.impl.application.WebApplicationImpl _initiate
INFO: Initiating Jersey application, version 'Jersey: 1.19 02/11/2015 03:25 AM'
Jul 13, 2019 12:37:23 PM com.sun.jersey.server.impl.application.WebApplicationImpl _initiate
INFO: Initiating Jersey application, version 'Jersey: 1.19 02/11/2015 03:25 AM'
Jul 13, 2019 12:37:23 PM com.sun.jersey.server.impl.application.WebApplicationImpl _initiate
INFO: Initiating Jersey application, version 'Jersey: 1.19 02/11/2015 03:25 AM'
Jul 13, 2019 12:37:24 PM com.sun.jersey.server.impl.application.WebApplicationImpl _initiate
INFO: Initiating Jersey application, version 'Jersey: 1.19 02/11/2015 03:25 AM'
Jul 13, 2019 12:37:24 PM com.sun.jersey.server.impl.application.WebApplicationImpl _initiate
INFO: Initiating Jersey application, version 'Jersey: 1.19 02/11/2015 03:25 AM'
Jul 13, 2019 12:37:24 PM com.sun.jersey.server.impl.application.WebApplicationImpl _initiate
INFO: Initiating Jersey application, version 'Jersey: 1.19 02/11/2015 03:25 AM'
]]></system-err>
  </testcase>
  <testcase name="testWatchForCommitWithCloseContainerException" classname="org.apache.hadoop.ozone.client.rpc.TestBlockOutputStreamWithFailures" time="34.006">
    <error type="java.lang.IllegalArgumentException">java.lang.IllegalArgumentException
	at com.google.common.base.Preconditions.checkArgument(Preconditions.java:72)
	at org.apache.hadoop.hdds.scm.XceiverClientManager.acquireClient(XceiverClientManager.java:150)
	at org.apache.hadoop.hdds.scm.XceiverClientManager.acquireClientForReadData(XceiverClientManager.java:143)
	at org.apache.hadoop.hdds.scm.storage.BlockInputStream.getChunkInfos(BlockInputStream.java:154)
	at org.apache.hadoop.hdds.scm.storage.BlockInputStream.initialize(BlockInputStream.java:118)
	at org.apache.hadoop.hdds.scm.storage.BlockInputStream.read(BlockInputStream.java:222)
	at org.apache.hadoop.ozone.client.io.KeyInputStream.read(KeyInputStream.java:171)
	at org.apache.hadoop.ozone.client.io.OzoneInputStream.read(OzoneInputStream.java:47)
	at java.io.InputStream.read(InputStream.java:101)
	at org.apache.hadoop.ozone.container.ContainerTestHelper.validateData(ContainerTestHelper.java:709)
	at org.apache.hadoop.ozone.client.rpc.TestBlockOutputStreamWithFailures.validateData(TestBlockOutputStreamWithFailures.java:1212)
	at org.apache.hadoop.ozone.client.rpc.TestBlockOutputStreamWithFailures.testWatchForCommitWithCloseContainerException(TestBlockOutputStreamWithFailures.java:260)
	at sun.reflect.NativeMethodAccessorImpl.invoke0(Native Method)
	at sun.reflect.NativeMethodAccessorImpl.invoke(NativeMethodAccessorImpl.java:62)
	at sun.reflect.DelegatingMethodAccessorImpl.invoke(DelegatingMethodAccessorImpl.java:43)
	at java.lang.reflect.Method.invoke(Method.java:498)
	at org.junit.runners.model.FrameworkMethod$1.runReflectiveCall(FrameworkMethod.java:47)
	at org.junit.internal.runners.model.ReflectiveCallable.run(ReflectiveCallable.java:12)
	at org.junit.runners.model.FrameworkMethod.invokeExplosively(FrameworkMethod.java:44)
	at org.junit.internal.runners.statements.InvokeMethod.evaluate(InvokeMethod.java:17)
	at org.junit.internal.runners.statements.RunBefores.evaluate(RunBefores.java:26)
	at org.junit.internal.runners.statements.RunAfters.evaluate(RunAfters.java:27)
	at org.junit.runners.ParentRunner.runLeaf(ParentRunner.java:271)
	at org.junit.runners.BlockJUnit4ClassRunner.runChild(BlockJUnit4ClassRunner.java:70)
	at org.junit.runners.BlockJUnit4ClassRunner.runChild(BlockJUnit4ClassRunner.java:50)
	at org.junit.runners.ParentRunner$3.run(ParentRunner.java:238)
	at org.junit.runners.ParentRunner$1.schedule(ParentRunner.java:63)
	at org.junit.runners.ParentRunner.runChildren(ParentRunner.java:236)
	at org.junit.runners.ParentRunner.access$000(ParentRunner.java:53)
	at org.junit.runners.ParentRunner$2.evaluate(ParentRunner.java:229)
	at org.junit.runners.ParentRunner.run(ParentRunner.java:309)
	at org.apache.maven.surefire.junit4.JUnit4Provider.execute(JUnit4Provider.java:365)
	at org.apache.maven.surefire.junit4.JUnit4Provider.executeWithRerun(JUnit4Provider.java:273)
	at org.apache.maven.surefire.junit4.JUnit4Provider.executeTestSet(JUnit4Provider.java:238)
	at org.apache.maven.surefire.junit4.JUnit4Provider.invoke(JUnit4Provider.java:159)
	at org.apache.maven.surefire.booter.ForkedBooter.invokeProviderInSameClassLoader(ForkedBooter.java:384)
	at org.apache.maven.surefire.booter.ForkedBooter.runSuitesInProcess(ForkedBooter.java:345)
	at org.apache.maven.surefire.booter.ForkedBooter.execute(ForkedBooter.java:126)
	at org.apache.maven.surefire.booter.ForkedBooter.main(ForkedBooter.java:418)
</error>
    <system-out><![CDATA[2019-07-13 12:37:56,220 WARN  server.ServerUtils (ServerUtils.java:getScmDbDir(145)) - ozone.scm.db.dirs is not configured. We recommend adding this setting. Falling back to ozone.metadata.dirs instead.
2019-07-13 12:37:56,243 WARN  server.ServerUtils (ServerUtils.java:getScmDbDir(145)) - ozone.scm.db.dirs is not configured. We recommend adding this setting. Falling back to ozone.metadata.dirs instead.
2019-07-13 12:37:56,243 WARN  server.ServerUtils (ServerUtils.java:getScmDbDir(145)) - ozone.scm.db.dirs is not configured. We recommend adding this setting. Falling back to ozone.metadata.dirs instead.
2019-07-13 12:37:56,244 INFO  db.DBStoreBuilder (DBStoreBuilder.java:addTable(110)) - using custom profile for table: deletedBlocks
2019-07-13 12:37:56,244 INFO  db.DBStoreBuilder (DBStoreBuilder.java:processTables(161)) - Using default column profile:DBProfile.DISK for Table:deletedBlocks
2019-07-13 12:37:56,244 INFO  db.DBStoreBuilder (DBStoreBuilder.java:addTable(110)) - using custom profile for table: validCerts
2019-07-13 12:37:56,245 INFO  db.DBStoreBuilder (DBStoreBuilder.java:processTables(161)) - Using default column profile:DBProfile.DISK for Table:validCerts
2019-07-13 12:37:56,245 INFO  db.DBStoreBuilder (DBStoreBuilder.java:addTable(110)) - using custom profile for table: revokedCerts
2019-07-13 12:37:56,245 INFO  db.DBStoreBuilder (DBStoreBuilder.java:processTables(161)) - Using default column profile:DBProfile.DISK for Table:revokedCerts
2019-07-13 12:37:56,245 INFO  db.DBStoreBuilder (DBStoreBuilder.java:addTable(110)) - using custom profile for table: default
2019-07-13 12:37:56,246 INFO  db.DBStoreBuilder (DBStoreBuilder.java:processTables(167)) - Using default column profile:DBProfile.DISK for Table:default
2019-07-13 12:37:56,246 INFO  db.DBStoreBuilder (DBStoreBuilder.java:getDbProfile(198)) - Using default options. DBProfile.DISK
2019-07-13 12:37:56,319 INFO  net.NodeSchemaLoader (NodeSchemaLoader.java:loadSchemaFromFile(125)) - Loading file from sun.misc.CompoundEnumeration@58581ab6
2019-07-13 12:37:56,319 INFO  net.NodeSchemaLoader (NodeSchemaLoader.java:loadSchema(171)) - Loading network topology layer schema file
2019-07-13 12:37:56,324 INFO  node.SCMNodeManager (SCMNodeManager.java:<init>(119)) - Entering startup safe mode.
2019-07-13 12:37:56,325 WARN  server.ServerUtils (ServerUtils.java:getScmDbDir(145)) - ozone.scm.db.dirs is not configured. We recommend adding this setting. Falling back to ozone.metadata.dirs instead.
2019-07-13 12:37:56,365 INFO  pipeline.SCMPipelineManager (SCMPipelineManager.java:initializePipelineState(126)) - No pipeline exists in current db
2019-07-13 12:37:56,365 WARN  server.ServerUtils (ServerUtils.java:getScmDbDir(145)) - ozone.scm.db.dirs is not configured. We recommend adding this setting. Falling back to ozone.metadata.dirs instead.
2019-07-13 12:37:56,399 WARN  events.EventQueue (EventQueue.java:fireEvent(175)) - No event handler registered for event TypedEvent{payloadType=SafeModeStatus, name='SafeModeStatus'}
2019-07-13 12:37:56,400 INFO  ipc.CallQueueManager (CallQueueManager.java:<init>(84)) - Using callQueue: class java.util.concurrent.LinkedBlockingQueue, queueCapacity: 2000, scheduler: class org.apache.hadoop.ipc.DefaultRpcScheduler, ipcBackoff: false.
2019-07-13 12:37:56,401 INFO  ipc.Server (Server.java:run(1074)) - Starting Socket Reader #1 for port 37194
2019-07-13 12:37:56,403 INFO  ipc.CallQueueManager (CallQueueManager.java:<init>(84)) - Using callQueue: class java.util.concurrent.LinkedBlockingQueue, queueCapacity: 2000, scheduler: class org.apache.hadoop.ipc.DefaultRpcScheduler, ipcBackoff: false.
2019-07-13 12:37:56,404 INFO  ipc.Server (Server.java:run(1074)) - Starting Socket Reader #1 for port 34928
2019-07-13 12:37:56,405 INFO  ipc.CallQueueManager (CallQueueManager.java:<init>(84)) - Using callQueue: class java.util.concurrent.LinkedBlockingQueue, queueCapacity: 2000, scheduler: class org.apache.hadoop.ipc.DefaultRpcScheduler, ipcBackoff: false.
2019-07-13 12:37:56,406 INFO  ipc.Server (Server.java:run(1074)) - Starting Socket Reader #1 for port 45782
2019-07-13 12:37:56,410 INFO  hdfs.DFSUtil (DFSUtil.java:httpServerTemplateForNNAndJN(1641)) - Starting Web-server for scm at: http://0.0.0.0:0
2019-07-13 12:37:56,413 INFO  server.AuthenticationFilter (AuthenticationFilter.java:constructSecretProvider(240)) - Unable to initialize FileSignerSecretProvider, falling back to use random secrets.
2019-07-13 12:37:56,414 WARN  http.HttpRequestLog (HttpRequestLog.java:getRequestLog(97)) - Jetty request log can only be enabled using Log4j
2019-07-13 12:37:56,416 INFO  http.HttpServer2 (HttpServer2.java:addGlobalFilter(975)) - Added global filter 'safety' (class=org.apache.hadoop.http.HttpServer2$QuotingInputFilter)
2019-07-13 12:37:56,417 INFO  http.HttpServer2 (HttpServer2.java:addFilter(948)) - Added filter static_user_filter (class=org.apache.hadoop.http.lib.StaticUserWebFilter$StaticUserFilter) to context scm
2019-07-13 12:37:56,417 INFO  http.HttpServer2 (HttpServer2.java:addFilter(958)) - Added filter static_user_filter (class=org.apache.hadoop.http.lib.StaticUserWebFilter$StaticUserFilter) to context logs
2019-07-13 12:37:56,417 INFO  http.HttpServer2 (HttpServer2.java:addFilter(958)) - Added filter static_user_filter (class=org.apache.hadoop.http.lib.StaticUserWebFilter$StaticUserFilter) to context static
2019-07-13 12:37:56,420 INFO  server.StorageContainerManager (StorageContainerManager.java:start(759)) - StorageContainerLocationProtocol RPC server is listening at /0.0.0.0:45782
2019-07-13 12:37:56,423 WARN  impl.MetricsConfig (MetricsConfig.java:loadFirst(134)) - Cannot locate configuration: tried hadoop-metrics2-storagecontainermanager.properties,hadoop-metrics2.properties
2019-07-13 12:37:56,424 INFO  impl.MetricsSystemImpl (MetricsSystemImpl.java:startTimer(374)) - Scheduled Metric snapshot period at 10 second(s).
2019-07-13 12:37:56,424 INFO  impl.MetricsSystemImpl (MetricsSystemImpl.java:start(191)) - StorageContainerManager metrics system started
2019-07-13 12:37:56,489 INFO  server.SCMClientProtocolServer (SCMClientProtocolServer.java:start(149)) - RPC server for Client  is listening at /0.0.0.0:45782
2019-07-13 12:37:56,490 INFO  ipc.Server (Server.java:run(1314)) - IPC Server Responder: starting
2019-07-13 12:37:56,490 INFO  ipc.Server (Server.java:run(1153)) - IPC Server listener on 45782: starting
2019-07-13 12:37:56,495 INFO  server.StorageContainerManager (StorageContainerManager.java:start(768)) - ScmBlockLocationProtocol RPC server is listening at /0.0.0.0:34928
2019-07-13 12:37:56,496 INFO  server.SCMBlockProtocolServer (SCMBlockProtocolServer.java:start(140)) - RPC server for Block Protocol is listening at /0.0.0.0:34928
2019-07-13 12:37:56,496 INFO  ipc.Server (Server.java:run(1314)) - IPC Server Responder: starting
2019-07-13 12:37:56,496 INFO  ipc.Server (Server.java:run(1153)) - IPC Server listener on 34928: starting
2019-07-13 12:37:56,501 INFO  server.StorageContainerManager (StorageContainerManager.java:start(772)) - ScmDatanodeProtocl RPC server is listening at /0.0.0.0:37194
2019-07-13 12:37:56,501 INFO  server.SCMDatanodeProtocolServer (SCMDatanodeProtocolServer.java:start(191)) - RPC server for DataNodes is listening at /0.0.0.0:37194
2019-07-13 12:37:56,501 INFO  ipc.Server (Server.java:run(1314)) - IPC Server Responder: starting
2019-07-13 12:37:56,502 INFO  ipc.Server (Server.java:run(1153)) - IPC Server listener on 37194: starting
2019-07-13 12:37:56,506 INFO  http.HttpServer2 (HttpServer2.java:bindListener(1191)) - Jetty bound to port 36105
2019-07-13 12:37:56,507 INFO  server.Server (Server.java:doStart(351)) - jetty-9.3.24.v20180605, build timestamp: 2018-06-05T17:11:56Z, git hash: 84205aa28f11a4f31f2a3b86d1bba2cc8ab69827
2019-07-13 12:37:56,509 INFO  handler.ContextHandler (ContextHandler.java:doStart(781)) - Started o.e.j.s.ServletContextHandler@19e552a3{/logs,file:///tmp/workdir/hadoop-ozone/integration-test/target/log,AVAILABLE}
2019-07-13 12:37:56,510 INFO  handler.ContextHandler (ContextHandler.java:doStart(781)) - Started o.e.j.s.ServletContextHandler@45c57dbd{/static,file:///tmp/workdir/hadoop-ozone/integration-test/target/test-classes/webapps/static,AVAILABLE}
2019-07-13 12:37:56,516 INFO  handler.ContextHandler (ContextHandler.java:doStart(781)) - Started o.e.j.w.WebAppContext@95f61c2{/,file:///tmp/workdir/hadoop-ozone/integration-test/target/test-classes/webapps/scm/,AVAILABLE}{/scm}
2019-07-13 12:37:56,516 INFO  server.AbstractConnector (AbstractConnector.java:doStart(278)) - Started ServerConnector@2be9425f{HTTP/1.1,[http/1.1]}{0.0.0.0:36105}
2019-07-13 12:37:56,518 INFO  server.Server (Server.java:doStart(419)) - Started @667071ms
2019-07-13 12:37:56,519 INFO  server.BaseHttpServer (BaseHttpServer.java:updateConnectorAddress(207)) - HTTP server of SCM is listening at http://0.0.0.0:36105
2019-07-13 12:37:56,520 WARN  server.ServerUtils (ServerUtils.java:getDBPath(222)) - ozone.om.db.dirs is not configured. We recommend adding this setting. Falling back to ozone.metadata.dirs instead.
2019-07-13 12:37:56,520 INFO  util.JvmPauseMonitor (JvmPauseMonitor.java:run(188)) - Starting JVM pause monitor
2019-07-13 12:37:56,566 WARN  server.ServerUtils (ServerUtils.java:getDBPath(222)) - ozone.om.db.dirs is not configured. We recommend adding this setting. Falling back to ozone.metadata.dirs instead.
2019-07-13 12:37:56,567 INFO  om.OzoneManager (OzoneManager.java:setOMNodeDetails(630)) - OM Service ID is not set. Setting it to the default ID: omServiceIdDefault
2019-07-13 12:37:56,567 INFO  om.OzoneManager (OzoneManager.java:setOMNodeDetails(636)) - OM Node ID is not set. Setting it to the OmStorage's OmID: 3271fe94-7612-46ba-9c52-f7de4a55dc43
2019-07-13 12:37:56,567 INFO  om.OzoneManager (OzoneManager.java:loadOMHAConfigs(587)) - Found matching OM address with OMServiceId: null, OMNodeId: null, RPC Address: localhost:0 and Ratis port: 9872
2019-07-13 12:37:56,575 WARN  server.ServerUtils (ServerUtils.java:getDBPath(222)) - ozone.om.db.dirs is not configured. We recommend adding this setting. Falling back to ozone.metadata.dirs instead.
2019-07-13 12:37:56,575 INFO  db.DBStoreBuilder (DBStoreBuilder.java:addTable(110)) - using custom profile for table: userTable
2019-07-13 12:37:56,575 INFO  db.DBStoreBuilder (DBStoreBuilder.java:processTables(161)) - Using default column profile:DBProfile.DISK for Table:userTable
2019-07-13 12:37:56,576 INFO  db.DBStoreBuilder (DBStoreBuilder.java:addTable(110)) - using custom profile for table: volumeTable
2019-07-13 12:37:56,576 INFO  db.DBStoreBuilder (DBStoreBuilder.java:processTables(161)) - Using default column profile:DBProfile.DISK for Table:volumeTable
2019-07-13 12:37:56,576 INFO  db.DBStoreBuilder (DBStoreBuilder.java:addTable(110)) - using custom profile for table: bucketTable
2019-07-13 12:37:56,576 INFO  db.DBStoreBuilder (DBStoreBuilder.java:processTables(161)) - Using default column profile:DBProfile.DISK for Table:bucketTable
2019-07-13 12:37:56,577 INFO  db.DBStoreBuilder (DBStoreBuilder.java:addTable(110)) - using custom profile for table: keyTable
2019-07-13 12:37:56,577 INFO  db.DBStoreBuilder (DBStoreBuilder.java:processTables(161)) - Using default column profile:DBProfile.DISK for Table:keyTable
2019-07-13 12:37:56,577 INFO  db.DBStoreBuilder (DBStoreBuilder.java:addTable(110)) - using custom profile for table: deletedTable
2019-07-13 12:37:56,577 INFO  db.DBStoreBuilder (DBStoreBuilder.java:processTables(161)) - Using default column profile:DBProfile.DISK for Table:deletedTable
2019-07-13 12:37:56,577 INFO  db.DBStoreBuilder (DBStoreBuilder.java:addTable(110)) - using custom profile for table: openKeyTable
2019-07-13 12:37:56,578 INFO  db.DBStoreBuilder (DBStoreBuilder.java:processTables(161)) - Using default column profile:DBProfile.DISK for Table:openKeyTable
2019-07-13 12:37:56,578 INFO  db.DBStoreBuilder (DBStoreBuilder.java:addTable(110)) - using custom profile for table: s3Table
2019-07-13 12:37:56,578 INFO  db.DBStoreBuilder (DBStoreBuilder.java:processTables(161)) - Using default column profile:DBProfile.DISK for Table:s3Table
2019-07-13 12:37:56,578 INFO  db.DBStoreBuilder (DBStoreBuilder.java:addTable(110)) - using custom profile for table: multipartInfoTable
2019-07-13 12:37:56,579 INFO  db.DBStoreBuilder (DBStoreBuilder.java:processTables(161)) - Using default column profile:DBProfile.DISK for Table:multipartInfoTable
2019-07-13 12:37:56,579 INFO  db.DBStoreBuilder (DBStoreBuilder.java:addTable(110)) - using custom profile for table: dTokenTable
2019-07-13 12:37:56,579 INFO  db.DBStoreBuilder (DBStoreBuilder.java:processTables(161)) - Using default column profile:DBProfile.DISK for Table:dTokenTable
2019-07-13 12:37:56,579 INFO  db.DBStoreBuilder (DBStoreBuilder.java:addTable(110)) - using custom profile for table: s3SecretTable
2019-07-13 12:37:56,580 INFO  db.DBStoreBuilder (DBStoreBuilder.java:processTables(161)) - Using default column profile:DBProfile.DISK for Table:s3SecretTable
2019-07-13 12:37:56,580 INFO  db.DBStoreBuilder (DBStoreBuilder.java:addTable(110)) - using custom profile for table: prefixTable
2019-07-13 12:37:56,580 INFO  db.DBStoreBuilder (DBStoreBuilder.java:processTables(161)) - Using default column profile:DBProfile.DISK for Table:prefixTable
2019-07-13 12:37:56,580 INFO  db.DBStoreBuilder (DBStoreBuilder.java:addTable(110)) - using custom profile for table: default
2019-07-13 12:37:56,580 INFO  db.DBStoreBuilder (DBStoreBuilder.java:processTables(167)) - Using default column profile:DBProfile.DISK for Table:default
2019-07-13 12:37:56,581 INFO  db.DBStoreBuilder (DBStoreBuilder.java:getDbProfile(198)) - Using default options. DBProfile.DISK
2019-07-13 12:37:56,971 INFO  ipc.CallQueueManager (CallQueueManager.java:<init>(84)) - Using callQueue: class java.util.concurrent.LinkedBlockingQueue, queueCapacity: 2000, scheduler: class org.apache.hadoop.ipc.DefaultRpcScheduler, ipcBackoff: false.
2019-07-13 12:37:56,972 INFO  ipc.Server (Server.java:run(1074)) - Starting Socket Reader #1 for port 36526
2019-07-13 12:37:56,991 WARN  server.ServerUtils (ServerUtils.java:getDBPath(222)) - ozone.om.db.dirs is not configured. We recommend adding this setting. Falling back to ozone.metadata.dirs instead.
2019-07-13 12:37:56,991 INFO  om.OzoneManager (OzoneManager.java:start(1228)) - OzoneManager RPC server is listening at localhost/127.0.0.1:36526
2019-07-13 12:37:56,992 INFO  impl.MetricsSystemImpl (MetricsSystemImpl.java:init(158)) - OzoneManager metrics system started (again)
2019-07-13 12:37:56,992 INFO  ipc.Server (Server.java:run(1314)) - IPC Server Responder: starting
2019-07-13 12:37:56,993 INFO  ipc.Server (Server.java:run(1153)) - IPC Server listener on 36526: starting
2019-07-13 12:37:57,000 INFO  hdfs.DFSUtil (DFSUtil.java:httpServerTemplateForNNAndJN(1641)) - Starting Web-server for ozoneManager at: http://0.0.0.0:0
2019-07-13 12:37:57,003 INFO  server.AuthenticationFilter (AuthenticationFilter.java:constructSecretProvider(240)) - Unable to initialize FileSignerSecretProvider, falling back to use random secrets.
2019-07-13 12:37:57,003 WARN  http.HttpRequestLog (HttpRequestLog.java:getRequestLog(97)) - Jetty request log can only be enabled using Log4j
2019-07-13 12:37:57,006 INFO  http.HttpServer2 (HttpServer2.java:addGlobalFilter(975)) - Added global filter 'safety' (class=org.apache.hadoop.http.HttpServer2$QuotingInputFilter)
2019-07-13 12:37:57,006 INFO  http.HttpServer2 (HttpServer2.java:addFilter(948)) - Added filter static_user_filter (class=org.apache.hadoop.http.lib.StaticUserWebFilter$StaticUserFilter) to context ozoneManager
2019-07-13 12:37:57,006 INFO  http.HttpServer2 (HttpServer2.java:addFilter(958)) - Added filter static_user_filter (class=org.apache.hadoop.http.lib.StaticUserWebFilter$StaticUserFilter) to context static
2019-07-13 12:37:57,007 INFO  http.HttpServer2 (HttpServer2.java:addFilter(958)) - Added filter static_user_filter (class=org.apache.hadoop.http.lib.StaticUserWebFilter$StaticUserFilter) to context logs
2019-07-13 12:37:57,007 INFO  http.HttpServer2 (HttpServer2.java:bindListener(1191)) - Jetty bound to port 37552
2019-07-13 12:37:57,008 INFO  server.Server (Server.java:doStart(351)) - jetty-9.3.24.v20180605, build timestamp: 2018-06-05T17:11:56Z, git hash: 84205aa28f11a4f31f2a3b86d1bba2cc8ab69827
2019-07-13 12:37:57,010 INFO  handler.ContextHandler (ContextHandler.java:doStart(781)) - Started o.e.j.s.ServletContextHandler@7781b55f{/logs,file:///tmp/workdir/hadoop-ozone/integration-test/target/log,AVAILABLE}
2019-07-13 12:37:57,010 INFO  handler.ContextHandler (ContextHandler.java:doStart(781)) - Started o.e.j.s.ServletContextHandler@511f21f9{/static,file:///tmp/workdir/hadoop-ozone/integration-test/target/test-classes/webapps/static,AVAILABLE}
2019-07-13 12:37:57,015 INFO  handler.ContextHandler (ContextHandler.java:doStart(781)) - Started o.e.j.w.WebAppContext@7de4bd8f{/,file:///tmp/workdir/hadoop-ozone/integration-test/target/test-classes/webapps/ozoneManager/,AVAILABLE}{/ozoneManager}
2019-07-13 12:37:57,016 INFO  server.AbstractConnector (AbstractConnector.java:doStart(278)) - Started ServerConnector@193e65d5{HTTP/1.1,[http/1.1]}{0.0.0.0:37552}
2019-07-13 12:37:57,018 INFO  server.Server (Server.java:doStart(419)) - Started @667571ms
2019-07-13 12:37:57,018 INFO  server.BaseHttpServer (BaseHttpServer.java:updateConnectorAddress(207)) - HTTP server of OZONEMANAGER is listening at http://0.0.0.0:37552
2019-07-13 12:37:57,035 INFO  impl.MetricsSystemImpl (MetricsSystemImpl.java:init(158)) - HddsDatanode metrics system started (again)
2019-07-13 12:37:57,035 INFO  ozone.HddsDatanodeService (HddsDatanodeService.java:start(185)) - HddsDatanodeService host:trunk-nightly-q2gwj-1111726333 ip:192.168.5.181
2019-07-13 12:37:57,050 INFO  volume.HddsVolume (HddsVolume.java:<init>(176)) - Creating Volume: /tmp/workdir/hadoop-ozone/integration-test/target/test-dir/MiniOzoneClusterImpl-dd177095-6ff0-4c98-92dc-be788b95eaac/datanode-0/data/containers/hdds of  storage type : DISK and capacity : 52710309888
2019-07-13 12:37:57,050 INFO  volume.VolumeSet (VolumeSet.java:initializeVolumeSet(170)) - Added Volume : /tmp/workdir/hadoop-ozone/integration-test/target/test-dir/MiniOzoneClusterImpl-dd177095-6ff0-4c98-92dc-be788b95eaac/datanode-0/data/containers/hdds to VolumeSet
2019-07-13 12:37:57,051 INFO  volume.ThrottledAsyncChecker (ThrottledAsyncChecker.java:schedule(140)) - Scheduling a check for org.apache.hadoop.ozone.container.common.volume.HddsVolume@28ba90c1
2019-07-13 12:37:57,051 INFO  volume.HddsVolumeChecker (HddsVolumeChecker.java:checkAllVolumes(203)) - Scheduled health check for volume org.apache.hadoop.ozone.container.common.volume.HddsVolume@28ba90c1
2019-07-13 12:37:57,069 INFO  impl.RaftServerProxy (ConfUtils.java:logGet(43)) - raft.rpc.type = GRPC (default)
2019-07-13 12:37:57,070 INFO  grpc.GrpcFactory (GrpcFactory.java:checkPooledByteBufAllocatorUseCacheForAllThreads(45)) - PERFORMANCE WARNING: useCacheForAllThreads is true that may cause Netty to create a lot garbage objects and, as a result, trigger GC.
	It is recommended to disable useCacheForAllThreads by setting -Dorg.apache.ratis.thirdparty.io.netty.allocator.useCacheForAllThreads=false in command line.
2019-07-13 12:37:57,070 INFO  grpc.GrpcConfigKeys$Server (ConfUtils.java:logGet(43)) - raft.grpc.server.port = 0 (default)
2019-07-13 12:37:57,070 INFO  server.GrpcService (ConfUtils.java:logGet(43)) - raft.grpc.message.size.max = 33570816 (custom)
2019-07-13 12:37:57,071 INFO  server.RaftServerConfigKeys (ConfUtils.java:logGet(43)) - raft.server.log.appender.buffer.byte-limit = 33554432 (custom)
2019-07-13 12:37:57,071 INFO  server.GrpcService (ConfUtils.java:logGet(43)) - raft.grpc.flow.control.window = 1MB (=1048576) (default)
2019-07-13 12:37:57,071 INFO  server.RaftServerConfigKeys (ConfUtils.java:logGet(43)) - raft.server.rpc.request.timeout = 3000ms (default)
2019-07-13 12:37:57,072 INFO  server.RaftServerConfigKeys (ConfUtils.java:logGet(43)) - raft.server.storage.dir = [/tmp/workdir/hadoop-ozone/integration-test/target/test-dir/MiniOzoneClusterImpl-dd177095-6ff0-4c98-92dc-be788b95eaac/datanode-0/data/ratis] (custom)
2019-07-13 12:37:57,072 INFO  replication.SimpleContainerDownloader (SimpleContainerDownloader.java:<init>(72)) - Starting container downloader service to copy containers to replicate.
2019-07-13 12:37:57,073 INFO  hdfs.DFSUtil (DFSUtil.java:httpServerTemplateForNNAndJN(1641)) - Starting Web-server for hddsDatanode at: http://0.0.0.0:0
2019-07-13 12:37:57,075 INFO  server.AuthenticationFilter (AuthenticationFilter.java:constructSecretProvider(240)) - Unable to initialize FileSignerSecretProvider, falling back to use random secrets.
2019-07-13 12:37:57,075 WARN  http.HttpRequestLog (HttpRequestLog.java:getRequestLog(97)) - Jetty request log can only be enabled using Log4j
2019-07-13 12:37:57,077 INFO  http.HttpServer2 (HttpServer2.java:addGlobalFilter(975)) - Added global filter 'safety' (class=org.apache.hadoop.http.HttpServer2$QuotingInputFilter)
2019-07-13 12:37:57,077 INFO  http.HttpServer2 (HttpServer2.java:addFilter(948)) - Added filter static_user_filter (class=org.apache.hadoop.http.lib.StaticUserWebFilter$StaticUserFilter) to context hddsDatanode
2019-07-13 12:37:57,077 INFO  http.HttpServer2 (HttpServer2.java:addFilter(958)) - Added filter static_user_filter (class=org.apache.hadoop.http.lib.StaticUserWebFilter$StaticUserFilter) to context static
2019-07-13 12:37:57,077 INFO  http.HttpServer2 (HttpServer2.java:addFilter(958)) - Added filter static_user_filter (class=org.apache.hadoop.http.lib.StaticUserWebFilter$StaticUserFilter) to context logs
2019-07-13 12:37:57,078 INFO  http.HttpServer2 (HttpServer2.java:bindListener(1191)) - Jetty bound to port 35272
2019-07-13 12:37:57,078 INFO  server.Server (Server.java:doStart(351)) - jetty-9.3.24.v20180605, build timestamp: 2018-06-05T17:11:56Z, git hash: 84205aa28f11a4f31f2a3b86d1bba2cc8ab69827
2019-07-13 12:37:57,080 INFO  handler.ContextHandler (ContextHandler.java:doStart(781)) - Started o.e.j.s.ServletContextHandler@5080c40e{/logs,file:///tmp/workdir/hadoop-ozone/integration-test/target/log,AVAILABLE}
2019-07-13 12:37:57,080 INFO  handler.ContextHandler (ContextHandler.java:doStart(781)) - Started o.e.j.s.ServletContextHandler@5c863996{/static,jar:file:/home/user/.m2/repository/org/apache/hadoop/hadoop-hdds-container-service/0.5.0-SNAPSHOT/hadoop-hdds-container-service-0.5.0-SNAPSHOT.jar!/webapps/static,AVAILABLE}
2019-07-13 12:37:57,114 INFO  handler.ContextHandler (ContextHandler.java:doStart(781)) - Started o.e.j.w.WebAppContext@2110b756{/,file:///tmp/jetty-0.0.0.0-35272-hddsDatanode-_-any-4761170703996126215.dir/webapp/,AVAILABLE}{/hddsDatanode}
2019-07-13 12:37:57,115 INFO  server.AbstractConnector (AbstractConnector.java:doStart(278)) - Started ServerConnector@33e09baf{HTTP/1.1,[http/1.1]}{0.0.0.0:35272}
2019-07-13 12:37:57,115 INFO  server.Server (Server.java:doStart(419)) - Started @667668ms
2019-07-13 12:37:57,117 INFO  server.BaseHttpServer (BaseHttpServer.java:updateConnectorAddress(207)) - HTTP server of HDDSDATANODE is listening at http://0.0.0.0:35272
2019-07-13 12:37:57,220 INFO  ozone.HddsDatanodeService (HddsDatanodeService.java:startPlugins(396)) - Started plug-in org.apache.hadoop.ozone.web.OzoneHddsDatanodeService@5c4c4e96
2019-07-13 12:37:57,220 INFO  impl.MetricsSystemImpl (MetricsSystemImpl.java:init(158)) - HddsDatanode metrics system started (again)
2019-07-13 12:37:57,221 INFO  ozone.HddsDatanodeService (HddsDatanodeService.java:start(185)) - HddsDatanodeService host:trunk-nightly-q2gwj-1111726333 ip:192.168.5.181
2019-07-13 12:37:57,222 INFO  util.JvmPauseMonitor (JvmPauseMonitor.java:run(188)) - Starting JVM pause monitor
2019-07-13 12:37:57,224 INFO  datanode.InitDatanodeState (InitDatanodeState.java:persistContainerDatanodeDetails(140)) - DatanodeDetails is persisted to /tmp/workdir/hadoop-ozone/integration-test/target/test-dir/MiniOzoneClusterImpl-dd177095-6ff0-4c98-92dc-be788b95eaac/datanode-0/meta/datanode.id
2019-07-13 12:37:57,232 INFO  volume.HddsVolume (HddsVolume.java:<init>(176)) - Creating Volume: /tmp/workdir/hadoop-ozone/integration-test/target/test-dir/MiniOzoneClusterImpl-dd177095-6ff0-4c98-92dc-be788b95eaac/datanode-1/data/containers/hdds of  storage type : DISK and capacity : 52710309888
2019-07-13 12:37:57,233 INFO  volume.VolumeSet (VolumeSet.java:initializeVolumeSet(170)) - Added Volume : /tmp/workdir/hadoop-ozone/integration-test/target/test-dir/MiniOzoneClusterImpl-dd177095-6ff0-4c98-92dc-be788b95eaac/datanode-1/data/containers/hdds to VolumeSet
2019-07-13 12:37:57,233 INFO  volume.ThrottledAsyncChecker (ThrottledAsyncChecker.java:schedule(140)) - Scheduling a check for org.apache.hadoop.ozone.container.common.volume.HddsVolume@4ba88ab5
2019-07-13 12:37:57,233 INFO  volume.HddsVolumeChecker (HddsVolumeChecker.java:checkAllVolumes(203)) - Scheduled health check for volume org.apache.hadoop.ozone.container.common.volume.HddsVolume@4ba88ab5
2019-07-13 12:37:57,248 INFO  impl.RaftServerProxy (ConfUtils.java:logGet(43)) - raft.rpc.type = GRPC (default)
2019-07-13 12:37:57,249 INFO  grpc.GrpcFactory (GrpcFactory.java:checkPooledByteBufAllocatorUseCacheForAllThreads(45)) - PERFORMANCE WARNING: useCacheForAllThreads is true that may cause Netty to create a lot garbage objects and, as a result, trigger GC.
	It is recommended to disable useCacheForAllThreads by setting -Dorg.apache.ratis.thirdparty.io.netty.allocator.useCacheForAllThreads=false in command line.
2019-07-13 12:37:57,249 INFO  grpc.GrpcConfigKeys$Server (ConfUtils.java:logGet(43)) - raft.grpc.server.port = 0 (default)
2019-07-13 12:37:57,249 INFO  server.GrpcService (ConfUtils.java:logGet(43)) - raft.grpc.message.size.max = 33570816 (custom)
2019-07-13 12:37:57,250 INFO  server.RaftServerConfigKeys (ConfUtils.java:logGet(43)) - raft.server.log.appender.buffer.byte-limit = 33554432 (custom)
2019-07-13 12:37:57,250 INFO  server.GrpcService (ConfUtils.java:logGet(43)) - raft.grpc.flow.control.window = 1MB (=1048576) (default)
2019-07-13 12:37:57,250 INFO  server.RaftServerConfigKeys (ConfUtils.java:logGet(43)) - raft.server.rpc.request.timeout = 3000ms (default)
2019-07-13 12:37:57,251 INFO  server.RaftServerConfigKeys (ConfUtils.java:logGet(43)) - raft.server.storage.dir = [/tmp/workdir/hadoop-ozone/integration-test/target/test-dir/MiniOzoneClusterImpl-dd177095-6ff0-4c98-92dc-be788b95eaac/datanode-1/data/ratis] (custom)
2019-07-13 12:37:57,252 INFO  replication.SimpleContainerDownloader (SimpleContainerDownloader.java:<init>(72)) - Starting container downloader service to copy containers to replicate.
2019-07-13 12:37:57,254 INFO  hdfs.DFSUtil (DFSUtil.java:httpServerTemplateForNNAndJN(1641)) - Starting Web-server for hddsDatanode at: http://0.0.0.0:0
2019-07-13 12:37:57,256 INFO  server.AuthenticationFilter (AuthenticationFilter.java:constructSecretProvider(240)) - Unable to initialize FileSignerSecretProvider, falling back to use random secrets.
2019-07-13 12:37:57,256 WARN  http.HttpRequestLog (HttpRequestLog.java:getRequestLog(97)) - Jetty request log can only be enabled using Log4j
2019-07-13 12:37:57,257 INFO  http.HttpServer2 (HttpServer2.java:addGlobalFilter(975)) - Added global filter 'safety' (class=org.apache.hadoop.http.HttpServer2$QuotingInputFilter)
2019-07-13 12:37:57,257 INFO  http.HttpServer2 (HttpServer2.java:addFilter(948)) - Added filter static_user_filter (class=org.apache.hadoop.http.lib.StaticUserWebFilter$StaticUserFilter) to context hddsDatanode
2019-07-13 12:37:57,258 INFO  http.HttpServer2 (HttpServer2.java:addFilter(958)) - Added filter static_user_filter (class=org.apache.hadoop.http.lib.StaticUserWebFilter$StaticUserFilter) to context logs
2019-07-13 12:37:57,258 INFO  http.HttpServer2 (HttpServer2.java:addFilter(958)) - Added filter static_user_filter (class=org.apache.hadoop.http.lib.StaticUserWebFilter$StaticUserFilter) to context static
2019-07-13 12:37:57,258 INFO  http.HttpServer2 (HttpServer2.java:bindListener(1191)) - Jetty bound to port 44388
2019-07-13 12:37:57,258 INFO  server.Server (Server.java:doStart(351)) - jetty-9.3.24.v20180605, build timestamp: 2018-06-05T17:11:56Z, git hash: 84205aa28f11a4f31f2a3b86d1bba2cc8ab69827
2019-07-13 12:37:57,260 INFO  handler.ContextHandler (ContextHandler.java:doStart(781)) - Started o.e.j.s.ServletContextHandler@451f08ea{/logs,file:///tmp/workdir/hadoop-ozone/integration-test/target/log,AVAILABLE}
2019-07-13 12:37:57,260 INFO  handler.ContextHandler (ContextHandler.java:doStart(781)) - Started o.e.j.s.ServletContextHandler@60610a2b{/static,jar:file:/home/user/.m2/repository/org/apache/hadoop/hadoop-hdds-container-service/0.5.0-SNAPSHOT/hadoop-hdds-container-service-0.5.0-SNAPSHOT.jar!/webapps/static,AVAILABLE}
2019-07-13 12:37:57,286 INFO  handler.ContextHandler (ContextHandler.java:doStart(781)) - Started o.e.j.w.WebAppContext@55145dc5{/,file:///tmp/jetty-0.0.0.0-44388-hddsDatanode-_-any-3959472777838253081.dir/webapp/,AVAILABLE}{/hddsDatanode}
2019-07-13 12:37:57,286 INFO  server.AbstractConnector (AbstractConnector.java:doStart(278)) - Started ServerConnector@7dcfe455{HTTP/1.1,[http/1.1]}{0.0.0.0:44388}
2019-07-13 12:37:57,286 INFO  server.Server (Server.java:doStart(419)) - Started @667840ms
2019-07-13 12:37:57,288 INFO  server.BaseHttpServer (BaseHttpServer.java:updateConnectorAddress(207)) - HTTP server of HDDSDATANODE is listening at http://0.0.0.0:44388
2019-07-13 12:37:57,387 INFO  ozone.HddsDatanodeService (HddsDatanodeService.java:startPlugins(396)) - Started plug-in org.apache.hadoop.ozone.web.OzoneHddsDatanodeService@3b6f7ab3
2019-07-13 12:37:57,388 INFO  impl.MetricsSystemImpl (MetricsSystemImpl.java:init(158)) - HddsDatanode metrics system started (again)
2019-07-13 12:37:57,388 INFO  ozone.HddsDatanodeService (HddsDatanodeService.java:start(185)) - HddsDatanodeService host:trunk-nightly-q2gwj-1111726333 ip:192.168.5.181
2019-07-13 12:37:57,389 INFO  util.JvmPauseMonitor (JvmPauseMonitor.java:run(188)) - Starting JVM pause monitor
2019-07-13 12:37:57,391 INFO  datanode.InitDatanodeState (InitDatanodeState.java:persistContainerDatanodeDetails(140)) - DatanodeDetails is persisted to /tmp/workdir/hadoop-ozone/integration-test/target/test-dir/MiniOzoneClusterImpl-dd177095-6ff0-4c98-92dc-be788b95eaac/datanode-1/meta/datanode.id
2019-07-13 12:37:57,401 INFO  volume.HddsVolume (HddsVolume.java:<init>(176)) - Creating Volume: /tmp/workdir/hadoop-ozone/integration-test/target/test-dir/MiniOzoneClusterImpl-dd177095-6ff0-4c98-92dc-be788b95eaac/datanode-2/data/containers/hdds of  storage type : DISK and capacity : 52710309888
2019-07-13 12:37:57,402 INFO  volume.VolumeSet (VolumeSet.java:initializeVolumeSet(170)) - Added Volume : /tmp/workdir/hadoop-ozone/integration-test/target/test-dir/MiniOzoneClusterImpl-dd177095-6ff0-4c98-92dc-be788b95eaac/datanode-2/data/containers/hdds to VolumeSet
2019-07-13 12:37:57,402 INFO  volume.ThrottledAsyncChecker (ThrottledAsyncChecker.java:schedule(140)) - Scheduling a check for org.apache.hadoop.ozone.container.common.volume.HddsVolume@734db023
2019-07-13 12:37:57,402 INFO  volume.HddsVolumeChecker (HddsVolumeChecker.java:checkAllVolumes(203)) - Scheduled health check for volume org.apache.hadoop.ozone.container.common.volume.HddsVolume@734db023
2019-07-13 12:37:57,415 INFO  impl.RaftServerProxy (ConfUtils.java:logGet(43)) - raft.rpc.type = GRPC (default)
2019-07-13 12:37:57,416 INFO  grpc.GrpcFactory (GrpcFactory.java:checkPooledByteBufAllocatorUseCacheForAllThreads(45)) - PERFORMANCE WARNING: useCacheForAllThreads is true that may cause Netty to create a lot garbage objects and, as a result, trigger GC.
	It is recommended to disable useCacheForAllThreads by setting -Dorg.apache.ratis.thirdparty.io.netty.allocator.useCacheForAllThreads=false in command line.
2019-07-13 12:37:57,416 INFO  grpc.GrpcConfigKeys$Server (ConfUtils.java:logGet(43)) - raft.grpc.server.port = 0 (default)
2019-07-13 12:37:57,416 INFO  server.GrpcService (ConfUtils.java:logGet(43)) - raft.grpc.message.size.max = 33570816 (custom)
2019-07-13 12:37:57,416 INFO  server.RaftServerConfigKeys (ConfUtils.java:logGet(43)) - raft.server.log.appender.buffer.byte-limit = 33554432 (custom)
2019-07-13 12:37:57,416 INFO  server.GrpcService (ConfUtils.java:logGet(43)) - raft.grpc.flow.control.window = 1MB (=1048576) (default)
2019-07-13 12:37:57,416 INFO  server.RaftServerConfigKeys (ConfUtils.java:logGet(43)) - raft.server.rpc.request.timeout = 3000ms (default)
2019-07-13 12:37:57,417 INFO  server.RaftServerConfigKeys (ConfUtils.java:logGet(43)) - raft.server.storage.dir = [/tmp/workdir/hadoop-ozone/integration-test/target/test-dir/MiniOzoneClusterImpl-dd177095-6ff0-4c98-92dc-be788b95eaac/datanode-2/data/ratis] (custom)
2019-07-13 12:37:57,417 INFO  replication.SimpleContainerDownloader (SimpleContainerDownloader.java:<init>(72)) - Starting container downloader service to copy containers to replicate.
2019-07-13 12:37:57,418 INFO  hdfs.DFSUtil (DFSUtil.java:httpServerTemplateForNNAndJN(1641)) - Starting Web-server for hddsDatanode at: http://0.0.0.0:0
2019-07-13 12:37:57,419 INFO  server.AuthenticationFilter (AuthenticationFilter.java:constructSecretProvider(240)) - Unable to initialize FileSignerSecretProvider, falling back to use random secrets.
2019-07-13 12:37:57,420 WARN  http.HttpRequestLog (HttpRequestLog.java:getRequestLog(97)) - Jetty request log can only be enabled using Log4j
2019-07-13 12:37:57,421 INFO  http.HttpServer2 (HttpServer2.java:addGlobalFilter(975)) - Added global filter 'safety' (class=org.apache.hadoop.http.HttpServer2$QuotingInputFilter)
2019-07-13 12:37:57,421 INFO  http.HttpServer2 (HttpServer2.java:addFilter(948)) - Added filter static_user_filter (class=org.apache.hadoop.http.lib.StaticUserWebFilter$StaticUserFilter) to context hddsDatanode
2019-07-13 12:37:57,421 INFO  http.HttpServer2 (HttpServer2.java:addFilter(958)) - Added filter static_user_filter (class=org.apache.hadoop.http.lib.StaticUserWebFilter$StaticUserFilter) to context static
2019-07-13 12:37:57,421 INFO  http.HttpServer2 (HttpServer2.java:addFilter(958)) - Added filter static_user_filter (class=org.apache.hadoop.http.lib.StaticUserWebFilter$StaticUserFilter) to context logs
2019-07-13 12:37:57,422 INFO  http.HttpServer2 (HttpServer2.java:bindListener(1191)) - Jetty bound to port 38625
2019-07-13 12:37:57,422 INFO  server.Server (Server.java:doStart(351)) - jetty-9.3.24.v20180605, build timestamp: 2018-06-05T17:11:56Z, git hash: 84205aa28f11a4f31f2a3b86d1bba2cc8ab69827
2019-07-13 12:37:57,423 INFO  handler.ContextHandler (ContextHandler.java:doStart(781)) - Started o.e.j.s.ServletContextHandler@2adb532c{/logs,file:///tmp/workdir/hadoop-ozone/integration-test/target/log,AVAILABLE}
2019-07-13 12:37:57,424 INFO  handler.ContextHandler (ContextHandler.java:doStart(781)) - Started o.e.j.s.ServletContextHandler@6c8a806c{/static,jar:file:/home/user/.m2/repository/org/apache/hadoop/hadoop-hdds-container-service/0.5.0-SNAPSHOT/hadoop-hdds-container-service-0.5.0-SNAPSHOT.jar!/webapps/static,AVAILABLE}
2019-07-13 12:37:57,449 INFO  handler.ContextHandler (ContextHandler.java:doStart(781)) - Started o.e.j.w.WebAppContext@78ae9b9c{/,file:///tmp/jetty-0.0.0.0-38625-hddsDatanode-_-any-3323409576167451328.dir/webapp/,AVAILABLE}{/hddsDatanode}
2019-07-13 12:37:57,450 INFO  server.AbstractConnector (AbstractConnector.java:doStart(278)) - Started ServerConnector@5d9576a0{HTTP/1.1,[http/1.1]}{0.0.0.0:38625}
2019-07-13 12:37:57,450 INFO  server.Server (Server.java:doStart(419)) - Started @668003ms
2019-07-13 12:37:57,452 INFO  server.BaseHttpServer (BaseHttpServer.java:updateConnectorAddress(207)) - HTTP server of HDDSDATANODE is listening at http://0.0.0.0:38625
2019-07-13 12:37:57,549 INFO  ozone.HddsDatanodeService (HddsDatanodeService.java:startPlugins(396)) - Started plug-in org.apache.hadoop.ozone.web.OzoneHddsDatanodeService@54c3b0dd
2019-07-13 12:37:57,550 INFO  impl.MetricsSystemImpl (MetricsSystemImpl.java:init(158)) - HddsDatanode metrics system started (again)
2019-07-13 12:37:57,550 INFO  ozone.HddsDatanodeService (HddsDatanodeService.java:start(185)) - HddsDatanodeService host:trunk-nightly-q2gwj-1111726333 ip:192.168.5.181
2019-07-13 12:37:57,551 INFO  util.JvmPauseMonitor (JvmPauseMonitor.java:run(188)) - Starting JVM pause monitor
2019-07-13 12:37:57,553 INFO  datanode.InitDatanodeState (InitDatanodeState.java:persistContainerDatanodeDetails(140)) - DatanodeDetails is persisted to /tmp/workdir/hadoop-ozone/integration-test/target/test-dir/MiniOzoneClusterImpl-dd177095-6ff0-4c98-92dc-be788b95eaac/datanode-2/meta/datanode.id
2019-07-13 12:37:57,564 INFO  volume.HddsVolume (HddsVolume.java:<init>(176)) - Creating Volume: /tmp/workdir/hadoop-ozone/integration-test/target/test-dir/MiniOzoneClusterImpl-dd177095-6ff0-4c98-92dc-be788b95eaac/datanode-3/data/containers/hdds of  storage type : DISK and capacity : 52710309888
2019-07-13 12:37:57,564 INFO  volume.VolumeSet (VolumeSet.java:initializeVolumeSet(170)) - Added Volume : /tmp/workdir/hadoop-ozone/integration-test/target/test-dir/MiniOzoneClusterImpl-dd177095-6ff0-4c98-92dc-be788b95eaac/datanode-3/data/containers/hdds to VolumeSet
2019-07-13 12:37:57,564 INFO  volume.ThrottledAsyncChecker (ThrottledAsyncChecker.java:schedule(140)) - Scheduling a check for org.apache.hadoop.ozone.container.common.volume.HddsVolume@6434827e
2019-07-13 12:37:57,565 INFO  volume.HddsVolumeChecker (HddsVolumeChecker.java:checkAllVolumes(203)) - Scheduled health check for volume org.apache.hadoop.ozone.container.common.volume.HddsVolume@6434827e
2019-07-13 12:37:57,580 INFO  impl.RaftServerProxy (ConfUtils.java:logGet(43)) - raft.rpc.type = GRPC (default)
2019-07-13 12:37:57,580 INFO  grpc.GrpcFactory (GrpcFactory.java:checkPooledByteBufAllocatorUseCacheForAllThreads(45)) - PERFORMANCE WARNING: useCacheForAllThreads is true that may cause Netty to create a lot garbage objects and, as a result, trigger GC.
	It is recommended to disable useCacheForAllThreads by setting -Dorg.apache.ratis.thirdparty.io.netty.allocator.useCacheForAllThreads=false in command line.
2019-07-13 12:37:57,581 INFO  grpc.GrpcConfigKeys$Server (ConfUtils.java:logGet(43)) - raft.grpc.server.port = 0 (default)
2019-07-13 12:37:57,581 INFO  server.GrpcService (ConfUtils.java:logGet(43)) - raft.grpc.message.size.max = 33570816 (custom)
2019-07-13 12:37:57,581 INFO  server.RaftServerConfigKeys (ConfUtils.java:logGet(43)) - raft.server.log.appender.buffer.byte-limit = 33554432 (custom)
2019-07-13 12:37:57,581 INFO  server.GrpcService (ConfUtils.java:logGet(43)) - raft.grpc.flow.control.window = 1MB (=1048576) (default)
2019-07-13 12:37:57,581 INFO  server.RaftServerConfigKeys (ConfUtils.java:logGet(43)) - raft.server.rpc.request.timeout = 3000ms (default)
2019-07-13 12:37:57,582 INFO  server.RaftServerConfigKeys (ConfUtils.java:logGet(43)) - raft.server.storage.dir = [/tmp/workdir/hadoop-ozone/integration-test/target/test-dir/MiniOzoneClusterImpl-dd177095-6ff0-4c98-92dc-be788b95eaac/datanode-3/data/ratis] (custom)
2019-07-13 12:37:57,582 INFO  replication.SimpleContainerDownloader (SimpleContainerDownloader.java:<init>(72)) - Starting container downloader service to copy containers to replicate.
2019-07-13 12:37:57,583 INFO  hdfs.DFSUtil (DFSUtil.java:httpServerTemplateForNNAndJN(1641)) - Starting Web-server for hddsDatanode at: http://0.0.0.0:0
2019-07-13 12:37:57,585 INFO  server.AuthenticationFilter (AuthenticationFilter.java:constructSecretProvider(240)) - Unable to initialize FileSignerSecretProvider, falling back to use random secrets.
2019-07-13 12:37:57,586 WARN  http.HttpRequestLog (HttpRequestLog.java:getRequestLog(97)) - Jetty request log can only be enabled using Log4j
2019-07-13 12:37:57,588 INFO  http.HttpServer2 (HttpServer2.java:addGlobalFilter(975)) - Added global filter 'safety' (class=org.apache.hadoop.http.HttpServer2$QuotingInputFilter)
2019-07-13 12:37:57,589 INFO  http.HttpServer2 (HttpServer2.java:addFilter(948)) - Added filter static_user_filter (class=org.apache.hadoop.http.lib.StaticUserWebFilter$StaticUserFilter) to context hddsDatanode
2019-07-13 12:37:57,589 INFO  http.HttpServer2 (HttpServer2.java:addFilter(958)) - Added filter static_user_filter (class=org.apache.hadoop.http.lib.StaticUserWebFilter$StaticUserFilter) to context static
2019-07-13 12:37:57,589 INFO  http.HttpServer2 (HttpServer2.java:addFilter(958)) - Added filter static_user_filter (class=org.apache.hadoop.http.lib.StaticUserWebFilter$StaticUserFilter) to context logs
2019-07-13 12:37:57,590 INFO  http.HttpServer2 (HttpServer2.java:bindListener(1191)) - Jetty bound to port 35052
2019-07-13 12:37:57,590 INFO  server.Server (Server.java:doStart(351)) - jetty-9.3.24.v20180605, build timestamp: 2018-06-05T17:11:56Z, git hash: 84205aa28f11a4f31f2a3b86d1bba2cc8ab69827
2019-07-13 12:37:57,592 INFO  handler.ContextHandler (ContextHandler.java:doStart(781)) - Started o.e.j.s.ServletContextHandler@ceb4f91{/logs,file:///tmp/workdir/hadoop-ozone/integration-test/target/log,AVAILABLE}
2019-07-13 12:37:57,593 INFO  handler.ContextHandler (ContextHandler.java:doStart(781)) - Started o.e.j.s.ServletContextHandler@75f5293c{/static,jar:file:/home/user/.m2/repository/org/apache/hadoop/hadoop-hdds-container-service/0.5.0-SNAPSHOT/hadoop-hdds-container-service-0.5.0-SNAPSHOT.jar!/webapps/static,AVAILABLE}
2019-07-13 12:37:57,635 INFO  handler.ContextHandler (ContextHandler.java:doStart(781)) - Started o.e.j.w.WebAppContext@7b276a08{/,file:///tmp/jetty-0.0.0.0-35052-hddsDatanode-_-any-5288430128378109547.dir/webapp/,AVAILABLE}{/hddsDatanode}
2019-07-13 12:37:57,635 INFO  server.AbstractConnector (AbstractConnector.java:doStart(278)) - Started ServerConnector@328a1843{HTTP/1.1,[http/1.1]}{0.0.0.0:35052}
2019-07-13 12:37:57,637 INFO  server.Server (Server.java:doStart(419)) - Started @668190ms
2019-07-13 12:37:57,638 INFO  server.BaseHttpServer (BaseHttpServer.java:updateConnectorAddress(207)) - HTTP server of HDDSDATANODE is listening at http://0.0.0.0:35052
2019-07-13 12:37:57,767 INFO  ozone.HddsDatanodeService (HddsDatanodeService.java:startPlugins(396)) - Started plug-in org.apache.hadoop.ozone.web.OzoneHddsDatanodeService@74cf108b
2019-07-13 12:37:57,767 INFO  impl.MetricsSystemImpl (MetricsSystemImpl.java:init(158)) - HddsDatanode metrics system started (again)
2019-07-13 12:37:57,768 INFO  ozone.HddsDatanodeService (HddsDatanodeService.java:start(185)) - HddsDatanodeService host:trunk-nightly-q2gwj-1111726333 ip:192.168.5.181
2019-07-13 12:37:57,769 INFO  util.JvmPauseMonitor (JvmPauseMonitor.java:run(188)) - Starting JVM pause monitor
2019-07-13 12:37:57,771 INFO  datanode.InitDatanodeState (InitDatanodeState.java:persistContainerDatanodeDetails(140)) - DatanodeDetails is persisted to /tmp/workdir/hadoop-ozone/integration-test/target/test-dir/MiniOzoneClusterImpl-dd177095-6ff0-4c98-92dc-be788b95eaac/datanode-3/meta/datanode.id
2019-07-13 12:37:57,783 INFO  volume.HddsVolume (HddsVolume.java:<init>(176)) - Creating Volume: /tmp/workdir/hadoop-ozone/integration-test/target/test-dir/MiniOzoneClusterImpl-dd177095-6ff0-4c98-92dc-be788b95eaac/datanode-4/data/containers/hdds of  storage type : DISK and capacity : 52710309888
2019-07-13 12:37:57,784 INFO  volume.VolumeSet (VolumeSet.java:initializeVolumeSet(170)) - Added Volume : /tmp/workdir/hadoop-ozone/integration-test/target/test-dir/MiniOzoneClusterImpl-dd177095-6ff0-4c98-92dc-be788b95eaac/datanode-4/data/containers/hdds to VolumeSet
2019-07-13 12:37:57,784 INFO  volume.ThrottledAsyncChecker (ThrottledAsyncChecker.java:schedule(140)) - Scheduling a check for org.apache.hadoop.ozone.container.common.volume.HddsVolume@3c995eae
2019-07-13 12:37:57,785 INFO  volume.HddsVolumeChecker (HddsVolumeChecker.java:checkAllVolumes(203)) - Scheduled health check for volume org.apache.hadoop.ozone.container.common.volume.HddsVolume@3c995eae
2019-07-13 12:37:57,805 INFO  impl.RaftServerProxy (ConfUtils.java:logGet(43)) - raft.rpc.type = GRPC (default)
2019-07-13 12:37:57,805 INFO  grpc.GrpcFactory (GrpcFactory.java:checkPooledByteBufAllocatorUseCacheForAllThreads(45)) - PERFORMANCE WARNING: useCacheForAllThreads is true that may cause Netty to create a lot garbage objects and, as a result, trigger GC.
	It is recommended to disable useCacheForAllThreads by setting -Dorg.apache.ratis.thirdparty.io.netty.allocator.useCacheForAllThreads=false in command line.
2019-07-13 12:37:57,806 INFO  grpc.GrpcConfigKeys$Server (ConfUtils.java:logGet(43)) - raft.grpc.server.port = 0 (default)
2019-07-13 12:37:57,806 INFO  server.GrpcService (ConfUtils.java:logGet(43)) - raft.grpc.message.size.max = 33570816 (custom)
2019-07-13 12:37:57,806 INFO  server.RaftServerConfigKeys (ConfUtils.java:logGet(43)) - raft.server.log.appender.buffer.byte-limit = 33554432 (custom)
2019-07-13 12:37:57,806 INFO  server.GrpcService (ConfUtils.java:logGet(43)) - raft.grpc.flow.control.window = 1MB (=1048576) (default)
2019-07-13 12:37:57,807 INFO  server.RaftServerConfigKeys (ConfUtils.java:logGet(43)) - raft.server.rpc.request.timeout = 3000ms (default)
2019-07-13 12:37:57,807 INFO  server.RaftServerConfigKeys (ConfUtils.java:logGet(43)) - raft.server.storage.dir = [/tmp/workdir/hadoop-ozone/integration-test/target/test-dir/MiniOzoneClusterImpl-dd177095-6ff0-4c98-92dc-be788b95eaac/datanode-4/data/ratis] (custom)
2019-07-13 12:37:57,808 INFO  replication.SimpleContainerDownloader (SimpleContainerDownloader.java:<init>(72)) - Starting container downloader service to copy containers to replicate.
2019-07-13 12:37:57,809 INFO  hdfs.DFSUtil (DFSUtil.java:httpServerTemplateForNNAndJN(1641)) - Starting Web-server for hddsDatanode at: http://0.0.0.0:0
2019-07-13 12:37:57,812 INFO  server.AuthenticationFilter (AuthenticationFilter.java:constructSecretProvider(240)) - Unable to initialize FileSignerSecretProvider, falling back to use random secrets.
2019-07-13 12:37:57,812 WARN  http.HttpRequestLog (HttpRequestLog.java:getRequestLog(97)) - Jetty request log can only be enabled using Log4j
2019-07-13 12:37:57,814 INFO  http.HttpServer2 (HttpServer2.java:addGlobalFilter(975)) - Added global filter 'safety' (class=org.apache.hadoop.http.HttpServer2$QuotingInputFilter)
2019-07-13 12:37:57,815 INFO  http.HttpServer2 (HttpServer2.java:addFilter(948)) - Added filter static_user_filter (class=org.apache.hadoop.http.lib.StaticUserWebFilter$StaticUserFilter) to context hddsDatanode
2019-07-13 12:37:57,815 INFO  http.HttpServer2 (HttpServer2.java:addFilter(958)) - Added filter static_user_filter (class=org.apache.hadoop.http.lib.StaticUserWebFilter$StaticUserFilter) to context logs
2019-07-13 12:37:57,816 INFO  http.HttpServer2 (HttpServer2.java:addFilter(958)) - Added filter static_user_filter (class=org.apache.hadoop.http.lib.StaticUserWebFilter$StaticUserFilter) to context static
2019-07-13 12:37:57,817 INFO  http.HttpServer2 (HttpServer2.java:bindListener(1191)) - Jetty bound to port 43470
2019-07-13 12:37:57,817 INFO  server.Server (Server.java:doStart(351)) - jetty-9.3.24.v20180605, build timestamp: 2018-06-05T17:11:56Z, git hash: 84205aa28f11a4f31f2a3b86d1bba2cc8ab69827
2019-07-13 12:37:57,819 INFO  handler.ContextHandler (ContextHandler.java:doStart(781)) - Started o.e.j.s.ServletContextHandler@39da0d43{/logs,file:///tmp/workdir/hadoop-ozone/integration-test/target/log,AVAILABLE}
2019-07-13 12:37:57,820 INFO  handler.ContextHandler (ContextHandler.java:doStart(781)) - Started o.e.j.s.ServletContextHandler@15500a8{/static,jar:file:/home/user/.m2/repository/org/apache/hadoop/hadoop-hdds-container-service/0.5.0-SNAPSHOT/hadoop-hdds-container-service-0.5.0-SNAPSHOT.jar!/webapps/static,AVAILABLE}
2019-07-13 12:37:57,862 INFO  handler.ContextHandler (ContextHandler.java:doStart(781)) - Started o.e.j.w.WebAppContext@c92d694{/,file:///tmp/jetty-0.0.0.0-43470-hddsDatanode-_-any-1236068339506516952.dir/webapp/,AVAILABLE}{/hddsDatanode}
2019-07-13 12:37:57,862 INFO  server.AbstractConnector (AbstractConnector.java:doStart(278)) - Started ServerConnector@5cfb4b71{HTTP/1.1,[http/1.1]}{0.0.0.0:43470}
2019-07-13 12:37:57,862 INFO  server.Server (Server.java:doStart(419)) - Started @668416ms
2019-07-13 12:37:57,864 INFO  server.BaseHttpServer (BaseHttpServer.java:updateConnectorAddress(207)) - HTTP server of HDDSDATANODE is listening at http://0.0.0.0:43470
2019-07-13 12:37:57,975 INFO  ozone.HddsDatanodeService (HddsDatanodeService.java:startPlugins(396)) - Started plug-in org.apache.hadoop.ozone.web.OzoneHddsDatanodeService@511936ad
2019-07-13 12:37:57,975 INFO  impl.MetricsSystemImpl (MetricsSystemImpl.java:init(158)) - HddsDatanode metrics system started (again)
2019-07-13 12:37:57,976 INFO  ozone.HddsDatanodeService (HddsDatanodeService.java:start(185)) - HddsDatanodeService host:trunk-nightly-q2gwj-1111726333 ip:192.168.5.181
2019-07-13 12:37:57,977 INFO  util.JvmPauseMonitor (JvmPauseMonitor.java:run(188)) - Starting JVM pause monitor
2019-07-13 12:37:57,978 INFO  datanode.InitDatanodeState (InitDatanodeState.java:persistContainerDatanodeDetails(140)) - DatanodeDetails is persisted to /tmp/workdir/hadoop-ozone/integration-test/target/test-dir/MiniOzoneClusterImpl-dd177095-6ff0-4c98-92dc-be788b95eaac/datanode-4/meta/datanode.id
2019-07-13 12:37:57,990 INFO  volume.HddsVolume (HddsVolume.java:<init>(176)) - Creating Volume: /tmp/workdir/hadoop-ozone/integration-test/target/test-dir/MiniOzoneClusterImpl-dd177095-6ff0-4c98-92dc-be788b95eaac/datanode-5/data/containers/hdds of  storage type : DISK and capacity : 52710309888
2019-07-13 12:37:57,990 INFO  volume.VolumeSet (VolumeSet.java:initializeVolumeSet(170)) - Added Volume : /tmp/workdir/hadoop-ozone/integration-test/target/test-dir/MiniOzoneClusterImpl-dd177095-6ff0-4c98-92dc-be788b95eaac/datanode-5/data/containers/hdds to VolumeSet
2019-07-13 12:37:57,990 INFO  volume.ThrottledAsyncChecker (ThrottledAsyncChecker.java:schedule(140)) - Scheduling a check for org.apache.hadoop.ozone.container.common.volume.HddsVolume@191a3448
2019-07-13 12:37:57,991 INFO  volume.HddsVolumeChecker (HddsVolumeChecker.java:checkAllVolumes(203)) - Scheduled health check for volume org.apache.hadoop.ozone.container.common.volume.HddsVolume@191a3448
2019-07-13 12:37:58,006 INFO  impl.RaftServerProxy (ConfUtils.java:logGet(43)) - raft.rpc.type = GRPC (default)
2019-07-13 12:37:58,007 INFO  grpc.GrpcFactory (GrpcFactory.java:checkPooledByteBufAllocatorUseCacheForAllThreads(45)) - PERFORMANCE WARNING: useCacheForAllThreads is true that may cause Netty to create a lot garbage objects and, as a result, trigger GC.
	It is recommended to disable useCacheForAllThreads by setting -Dorg.apache.ratis.thirdparty.io.netty.allocator.useCacheForAllThreads=false in command line.
2019-07-13 12:37:58,007 INFO  grpc.GrpcConfigKeys$Server (ConfUtils.java:logGet(43)) - raft.grpc.server.port = 0 (default)
2019-07-13 12:37:58,007 INFO  server.GrpcService (ConfUtils.java:logGet(43)) - raft.grpc.message.size.max = 33570816 (custom)
2019-07-13 12:37:58,007 INFO  server.RaftServerConfigKeys (ConfUtils.java:logGet(43)) - raft.server.log.appender.buffer.byte-limit = 33554432 (custom)
2019-07-13 12:37:58,007 INFO  server.GrpcService (ConfUtils.java:logGet(43)) - raft.grpc.flow.control.window = 1MB (=1048576) (default)
2019-07-13 12:37:58,008 INFO  server.RaftServerConfigKeys (ConfUtils.java:logGet(43)) - raft.server.rpc.request.timeout = 3000ms (default)
2019-07-13 12:37:58,008 INFO  server.RaftServerConfigKeys (ConfUtils.java:logGet(43)) - raft.server.storage.dir = [/tmp/workdir/hadoop-ozone/integration-test/target/test-dir/MiniOzoneClusterImpl-dd177095-6ff0-4c98-92dc-be788b95eaac/datanode-5/data/ratis] (custom)
2019-07-13 12:37:58,008 INFO  replication.SimpleContainerDownloader (SimpleContainerDownloader.java:<init>(72)) - Starting container downloader service to copy containers to replicate.
2019-07-13 12:37:58,009 INFO  hdfs.DFSUtil (DFSUtil.java:httpServerTemplateForNNAndJN(1641)) - Starting Web-server for hddsDatanode at: http://0.0.0.0:0
2019-07-13 12:37:58,010 INFO  server.AuthenticationFilter (AuthenticationFilter.java:constructSecretProvider(240)) - Unable to initialize FileSignerSecretProvider, falling back to use random secrets.
2019-07-13 12:37:58,011 WARN  http.HttpRequestLog (HttpRequestLog.java:getRequestLog(97)) - Jetty request log can only be enabled using Log4j
2019-07-13 12:37:58,012 INFO  http.HttpServer2 (HttpServer2.java:addGlobalFilter(975)) - Added global filter 'safety' (class=org.apache.hadoop.http.HttpServer2$QuotingInputFilter)
2019-07-13 12:37:58,013 INFO  http.HttpServer2 (HttpServer2.java:addFilter(948)) - Added filter static_user_filter (class=org.apache.hadoop.http.lib.StaticUserWebFilter$StaticUserFilter) to context hddsDatanode
2019-07-13 12:37:58,013 INFO  http.HttpServer2 (HttpServer2.java:addFilter(958)) - Added filter static_user_filter (class=org.apache.hadoop.http.lib.StaticUserWebFilter$StaticUserFilter) to context logs
2019-07-13 12:37:58,013 INFO  http.HttpServer2 (HttpServer2.java:addFilter(958)) - Added filter static_user_filter (class=org.apache.hadoop.http.lib.StaticUserWebFilter$StaticUserFilter) to context static
2019-07-13 12:37:58,013 INFO  http.HttpServer2 (HttpServer2.java:bindListener(1191)) - Jetty bound to port 36498
2019-07-13 12:37:58,014 INFO  server.Server (Server.java:doStart(351)) - jetty-9.3.24.v20180605, build timestamp: 2018-06-05T17:11:56Z, git hash: 84205aa28f11a4f31f2a3b86d1bba2cc8ab69827
2019-07-13 12:37:58,015 INFO  handler.ContextHandler (ContextHandler.java:doStart(781)) - Started o.e.j.s.ServletContextHandler@75922191{/logs,file:///tmp/workdir/hadoop-ozone/integration-test/target/log,AVAILABLE}
2019-07-13 12:37:58,016 INFO  handler.ContextHandler (ContextHandler.java:doStart(781)) - Started o.e.j.s.ServletContextHandler@7c8c2d03{/static,jar:file:/home/user/.m2/repository/org/apache/hadoop/hadoop-hdds-container-service/0.5.0-SNAPSHOT/hadoop-hdds-container-service-0.5.0-SNAPSHOT.jar!/webapps/static,AVAILABLE}
2019-07-13 12:37:58,042 INFO  handler.ContextHandler (ContextHandler.java:doStart(781)) - Started o.e.j.w.WebAppContext@579e8a7{/,file:///tmp/jetty-0.0.0.0-36498-hddsDatanode-_-any-5572015824979807015.dir/webapp/,AVAILABLE}{/hddsDatanode}
2019-07-13 12:37:58,043 INFO  server.AbstractConnector (AbstractConnector.java:doStart(278)) - Started ServerConnector@18fa4822{HTTP/1.1,[http/1.1]}{0.0.0.0:36498}
2019-07-13 12:37:58,043 INFO  server.Server (Server.java:doStart(419)) - Started @668596ms
2019-07-13 12:37:58,045 INFO  server.BaseHttpServer (BaseHttpServer.java:updateConnectorAddress(207)) - HTTP server of HDDSDATANODE is listening at http://0.0.0.0:36498
2019-07-13 12:37:58,144 INFO  ozone.HddsDatanodeService (HddsDatanodeService.java:startPlugins(396)) - Started plug-in org.apache.hadoop.ozone.web.OzoneHddsDatanodeService@689f60ea
2019-07-13 12:37:58,145 INFO  impl.MetricsSystemImpl (MetricsSystemImpl.java:init(158)) - HddsDatanode metrics system started (again)
2019-07-13 12:37:58,145 INFO  ozone.HddsDatanodeService (HddsDatanodeService.java:start(185)) - HddsDatanodeService host:trunk-nightly-q2gwj-1111726333 ip:192.168.5.181
2019-07-13 12:37:58,146 INFO  util.JvmPauseMonitor (JvmPauseMonitor.java:run(188)) - Starting JVM pause monitor
2019-07-13 12:37:58,148 INFO  datanode.InitDatanodeState (InitDatanodeState.java:persistContainerDatanodeDetails(140)) - DatanodeDetails is persisted to /tmp/workdir/hadoop-ozone/integration-test/target/test-dir/MiniOzoneClusterImpl-dd177095-6ff0-4c98-92dc-be788b95eaac/datanode-5/meta/datanode.id
2019-07-13 12:37:58,159 INFO  volume.HddsVolume (HddsVolume.java:<init>(176)) - Creating Volume: /tmp/workdir/hadoop-ozone/integration-test/target/test-dir/MiniOzoneClusterImpl-dd177095-6ff0-4c98-92dc-be788b95eaac/datanode-6/data/containers/hdds of  storage type : DISK and capacity : 52710309888
2019-07-13 12:37:58,159 INFO  volume.VolumeSet (VolumeSet.java:initializeVolumeSet(170)) - Added Volume : /tmp/workdir/hadoop-ozone/integration-test/target/test-dir/MiniOzoneClusterImpl-dd177095-6ff0-4c98-92dc-be788b95eaac/datanode-6/data/containers/hdds to VolumeSet
2019-07-13 12:37:58,159 INFO  volume.ThrottledAsyncChecker (ThrottledAsyncChecker.java:schedule(140)) - Scheduling a check for org.apache.hadoop.ozone.container.common.volume.HddsVolume@46030cfd
2019-07-13 12:37:58,160 INFO  volume.HddsVolumeChecker (HddsVolumeChecker.java:checkAllVolumes(203)) - Scheduled health check for volume org.apache.hadoop.ozone.container.common.volume.HddsVolume@46030cfd
2019-07-13 12:37:58,177 INFO  impl.RaftServerProxy (ConfUtils.java:logGet(43)) - raft.rpc.type = GRPC (default)
2019-07-13 12:37:58,178 INFO  grpc.GrpcFactory (GrpcFactory.java:checkPooledByteBufAllocatorUseCacheForAllThreads(45)) - PERFORMANCE WARNING: useCacheForAllThreads is true that may cause Netty to create a lot garbage objects and, as a result, trigger GC.
	It is recommended to disable useCacheForAllThreads by setting -Dorg.apache.ratis.thirdparty.io.netty.allocator.useCacheForAllThreads=false in command line.
2019-07-13 12:37:58,178 INFO  grpc.GrpcConfigKeys$Server (ConfUtils.java:logGet(43)) - raft.grpc.server.port = 0 (default)
2019-07-13 12:37:58,178 INFO  server.GrpcService (ConfUtils.java:logGet(43)) - raft.grpc.message.size.max = 33570816 (custom)
2019-07-13 12:37:58,178 INFO  server.RaftServerConfigKeys (ConfUtils.java:logGet(43)) - raft.server.log.appender.buffer.byte-limit = 33554432 (custom)
2019-07-13 12:37:58,178 INFO  server.GrpcService (ConfUtils.java:logGet(43)) - raft.grpc.flow.control.window = 1MB (=1048576) (default)
2019-07-13 12:37:58,179 INFO  server.RaftServerConfigKeys (ConfUtils.java:logGet(43)) - raft.server.rpc.request.timeout = 3000ms (default)
2019-07-13 12:37:58,179 INFO  server.RaftServerConfigKeys (ConfUtils.java:logGet(43)) - raft.server.storage.dir = [/tmp/workdir/hadoop-ozone/integration-test/target/test-dir/MiniOzoneClusterImpl-dd177095-6ff0-4c98-92dc-be788b95eaac/datanode-6/data/ratis] (custom)
2019-07-13 12:37:58,179 INFO  replication.SimpleContainerDownloader (SimpleContainerDownloader.java:<init>(72)) - Starting container downloader service to copy containers to replicate.
2019-07-13 12:37:58,180 INFO  hdfs.DFSUtil (DFSUtil.java:httpServerTemplateForNNAndJN(1641)) - Starting Web-server for hddsDatanode at: http://0.0.0.0:0
2019-07-13 12:37:58,182 INFO  server.AuthenticationFilter (AuthenticationFilter.java:constructSecretProvider(240)) - Unable to initialize FileSignerSecretProvider, falling back to use random secrets.
2019-07-13 12:37:58,182 WARN  http.HttpRequestLog (HttpRequestLog.java:getRequestLog(97)) - Jetty request log can only be enabled using Log4j
2019-07-13 12:37:58,183 INFO  http.HttpServer2 (HttpServer2.java:addGlobalFilter(975)) - Added global filter 'safety' (class=org.apache.hadoop.http.HttpServer2$QuotingInputFilter)
2019-07-13 12:37:58,184 INFO  http.HttpServer2 (HttpServer2.java:addFilter(948)) - Added filter static_user_filter (class=org.apache.hadoop.http.lib.StaticUserWebFilter$StaticUserFilter) to context hddsDatanode
2019-07-13 12:37:58,184 INFO  http.HttpServer2 (HttpServer2.java:addFilter(958)) - Added filter static_user_filter (class=org.apache.hadoop.http.lib.StaticUserWebFilter$StaticUserFilter) to context logs
2019-07-13 12:37:58,184 INFO  http.HttpServer2 (HttpServer2.java:addFilter(958)) - Added filter static_user_filter (class=org.apache.hadoop.http.lib.StaticUserWebFilter$StaticUserFilter) to context static
2019-07-13 12:37:58,185 INFO  http.HttpServer2 (HttpServer2.java:bindListener(1191)) - Jetty bound to port 45068
2019-07-13 12:37:58,185 INFO  server.Server (Server.java:doStart(351)) - jetty-9.3.24.v20180605, build timestamp: 2018-06-05T17:11:56Z, git hash: 84205aa28f11a4f31f2a3b86d1bba2cc8ab69827
2019-07-13 12:37:58,186 INFO  handler.ContextHandler (ContextHandler.java:doStart(781)) - Started o.e.j.s.ServletContextHandler@7bce016c{/logs,file:///tmp/workdir/hadoop-ozone/integration-test/target/log,AVAILABLE}
2019-07-13 12:37:58,187 INFO  handler.ContextHandler (ContextHandler.java:doStart(781)) - Started o.e.j.s.ServletContextHandler@120f441c{/static,jar:file:/home/user/.m2/repository/org/apache/hadoop/hadoop-hdds-container-service/0.5.0-SNAPSHOT/hadoop-hdds-container-service-0.5.0-SNAPSHOT.jar!/webapps/static,AVAILABLE}
2019-07-13 12:37:58,212 INFO  handler.ContextHandler (ContextHandler.java:doStart(781)) - Started o.e.j.w.WebAppContext@6a5c67cf{/,file:///tmp/jetty-0.0.0.0-45068-hddsDatanode-_-any-5521955539338867923.dir/webapp/,AVAILABLE}{/hddsDatanode}
2019-07-13 12:37:58,213 INFO  server.AbstractConnector (AbstractConnector.java:doStart(278)) - Started ServerConnector@26db1100{HTTP/1.1,[http/1.1]}{0.0.0.0:45068}
2019-07-13 12:37:58,213 INFO  server.Server (Server.java:doStart(419)) - Started @668766ms
2019-07-13 12:37:58,215 INFO  server.BaseHttpServer (BaseHttpServer.java:updateConnectorAddress(207)) - HTTP server of HDDSDATANODE is listening at http://0.0.0.0:45068
2019-07-13 12:37:58,526 INFO  ozone.HddsDatanodeService (HddsDatanodeService.java:startPlugins(396)) - Started plug-in org.apache.hadoop.ozone.web.OzoneHddsDatanodeService@1fe275d8
2019-07-13 12:37:58,527 INFO  ozone.MiniOzoneClusterImpl (MiniOzoneClusterImpl.java:lambda$waitForClusterToBeReady$0(142)) - Waiting for cluster to be ready. Got 0 of 7 DN Heartbeats.
2019-07-13 12:37:58,528 INFO  util.JvmPauseMonitor (JvmPauseMonitor.java:run(188)) - Starting JVM pause monitor
2019-07-13 12:37:58,530 INFO  datanode.InitDatanodeState (InitDatanodeState.java:persistContainerDatanodeDetails(140)) - DatanodeDetails is persisted to /tmp/workdir/hadoop-ozone/integration-test/target/test-dir/MiniOzoneClusterImpl-dd177095-6ff0-4c98-92dc-be788b95eaac/datanode-6/meta/datanode.id
2019-07-13 12:37:59,244 INFO  ozoneimpl.OzoneContainer (OzoneContainer.java:start(186)) - Attempting to start container services.
2019-07-13 12:37:59,244 INFO  ozoneimpl.OzoneContainer (OzoneContainer.java:startContainerScrub(160)) - Background container scrubber has been disabled by hdds.containerscrub.enabled
2019-07-13 12:37:59,244 INFO  ratis.XceiverServerRatis (XceiverServerRatis.java:start(418)) - Starting XceiverServerRatis 0060b7bc-ea9e-4147-af06-f5d82aee6d2a at port 0
2019-07-13 12:37:59,252 INFO  impl.RaftServerProxy (RaftServerProxy.java:lambda$start$3(299)) - 0060b7bc-ea9e-4147-af06-f5d82aee6d2a: start RPC server
2019-07-13 12:37:59,253 INFO  server.GrpcService (GrpcService.java:startImpl(149)) - 0060b7bc-ea9e-4147-af06-f5d82aee6d2a: GrpcService started, listening on 0.0.0.0/0.0.0.0:44294
2019-07-13 12:37:59,254 INFO  ratis.XceiverServerRatis (XceiverServerRatis.java:start(428)) - XceiverServerRatis 0060b7bc-ea9e-4147-af06-f5d82aee6d2a is started using port 44294
2019-07-13 12:37:59,254 INFO  server.XceiverServerGrpc (XceiverServerGrpc.java:start(161)) - XceiverServerGrpc 0060b7bc-ea9e-4147-af06-f5d82aee6d2a is started using port 38010
2019-07-13 12:37:59,397 INFO  ozoneimpl.OzoneContainer (OzoneContainer.java:start(186)) - Attempting to start container services.
2019-07-13 12:37:59,397 INFO  ozoneimpl.OzoneContainer (OzoneContainer.java:startContainerScrub(160)) - Background container scrubber has been disabled by hdds.containerscrub.enabled
2019-07-13 12:37:59,397 INFO  ratis.XceiverServerRatis (XceiverServerRatis.java:start(418)) - Starting XceiverServerRatis f4729627-52ae-443d-9e71-f0640918618c at port 0
2019-07-13 12:37:59,405 INFO  impl.RaftServerProxy (RaftServerProxy.java:lambda$start$3(299)) - f4729627-52ae-443d-9e71-f0640918618c: start RPC server
2019-07-13 12:37:59,406 INFO  server.GrpcService (GrpcService.java:startImpl(149)) - f4729627-52ae-443d-9e71-f0640918618c: GrpcService started, listening on 0.0.0.0/0.0.0.0:40202
2019-07-13 12:37:59,406 INFO  ratis.XceiverServerRatis (XceiverServerRatis.java:start(428)) - XceiverServerRatis f4729627-52ae-443d-9e71-f0640918618c is started using port 40202
2019-07-13 12:37:59,408 INFO  server.XceiverServerGrpc (XceiverServerGrpc.java:start(161)) - XceiverServerGrpc f4729627-52ae-443d-9e71-f0640918618c is started using port 39110
2019-07-13 12:37:59,527 INFO  ozone.MiniOzoneClusterImpl (MiniOzoneClusterImpl.java:lambda$waitForClusterToBeReady$0(142)) - Waiting for cluster to be ready. Got 0 of 7 DN Heartbeats.
2019-07-13 12:37:59,565 INFO  ozoneimpl.OzoneContainer (OzoneContainer.java:start(186)) - Attempting to start container services.
2019-07-13 12:37:59,565 INFO  ozoneimpl.OzoneContainer (OzoneContainer.java:startContainerScrub(160)) - Background container scrubber has been disabled by hdds.containerscrub.enabled
2019-07-13 12:37:59,565 INFO  ratis.XceiverServerRatis (XceiverServerRatis.java:start(418)) - Starting XceiverServerRatis 9a847b5d-0baa-4d17-ab8a-ac0eb0817957 at port 0
2019-07-13 12:37:59,572 INFO  impl.RaftServerProxy (RaftServerProxy.java:lambda$start$3(299)) - 9a847b5d-0baa-4d17-ab8a-ac0eb0817957: start RPC server
2019-07-13 12:37:59,573 INFO  server.GrpcService (GrpcService.java:startImpl(149)) - 9a847b5d-0baa-4d17-ab8a-ac0eb0817957: GrpcService started, listening on 0.0.0.0/0.0.0.0:44492
2019-07-13 12:37:59,573 INFO  ratis.XceiverServerRatis (XceiverServerRatis.java:start(428)) - XceiverServerRatis 9a847b5d-0baa-4d17-ab8a-ac0eb0817957 is started using port 44492
2019-07-13 12:37:59,573 INFO  server.XceiverServerGrpc (XceiverServerGrpc.java:start(161)) - XceiverServerGrpc 9a847b5d-0baa-4d17-ab8a-ac0eb0817957 is started using port 44195
2019-07-13 12:37:59,775 INFO  ozoneimpl.OzoneContainer (OzoneContainer.java:start(186)) - Attempting to start container services.
2019-07-13 12:37:59,775 INFO  ozoneimpl.OzoneContainer (OzoneContainer.java:startContainerScrub(160)) - Background container scrubber has been disabled by hdds.containerscrub.enabled
2019-07-13 12:37:59,775 INFO  ratis.XceiverServerRatis (XceiverServerRatis.java:start(418)) - Starting XceiverServerRatis 1bc21d47-9841-49b0-bf99-53eb7135dcbc at port 0
2019-07-13 12:37:59,786 INFO  impl.RaftServerProxy (RaftServerProxy.java:lambda$start$3(299)) - 1bc21d47-9841-49b0-bf99-53eb7135dcbc: start RPC server
2019-07-13 12:37:59,787 INFO  server.GrpcService (GrpcService.java:startImpl(149)) - 1bc21d47-9841-49b0-bf99-53eb7135dcbc: GrpcService started, listening on 0.0.0.0/0.0.0.0:45620
2019-07-13 12:37:59,787 INFO  ratis.XceiverServerRatis (XceiverServerRatis.java:start(428)) - XceiverServerRatis 1bc21d47-9841-49b0-bf99-53eb7135dcbc is started using port 45620
2019-07-13 12:37:59,787 INFO  server.XceiverServerGrpc (XceiverServerGrpc.java:start(161)) - XceiverServerGrpc 1bc21d47-9841-49b0-bf99-53eb7135dcbc is started using port 44337
2019-07-13 12:37:59,982 INFO  ozoneimpl.OzoneContainer (OzoneContainer.java:start(186)) - Attempting to start container services.
2019-07-13 12:37:59,983 INFO  ozoneimpl.OzoneContainer (OzoneContainer.java:startContainerScrub(160)) - Background container scrubber has been disabled by hdds.containerscrub.enabled
2019-07-13 12:37:59,983 INFO  ratis.XceiverServerRatis (XceiverServerRatis.java:start(418)) - Starting XceiverServerRatis 793ede1c-9cc0-400c-868a-e5201be0542d at port 0
2019-07-13 12:37:59,990 INFO  impl.RaftServerProxy (RaftServerProxy.java:lambda$start$3(299)) - 793ede1c-9cc0-400c-868a-e5201be0542d: start RPC server
2019-07-13 12:37:59,991 INFO  server.GrpcService (GrpcService.java:startImpl(149)) - 793ede1c-9cc0-400c-868a-e5201be0542d: GrpcService started, listening on 0.0.0.0/0.0.0.0:45615
2019-07-13 12:37:59,991 INFO  ratis.XceiverServerRatis (XceiverServerRatis.java:start(428)) - XceiverServerRatis 793ede1c-9cc0-400c-868a-e5201be0542d is started using port 45615
2019-07-13 12:37:59,994 INFO  server.XceiverServerGrpc (XceiverServerGrpc.java:start(161)) - XceiverServerGrpc 793ede1c-9cc0-400c-868a-e5201be0542d is started using port 35245
2019-07-13 12:38:00,170 INFO  ozoneimpl.OzoneContainer (OzoneContainer.java:start(186)) - Attempting to start container services.
2019-07-13 12:38:00,170 INFO  ozoneimpl.OzoneContainer (OzoneContainer.java:startContainerScrub(160)) - Background container scrubber has been disabled by hdds.containerscrub.enabled
2019-07-13 12:38:00,171 INFO  ratis.XceiverServerRatis (XceiverServerRatis.java:start(418)) - Starting XceiverServerRatis 995671c8-c505-460c-a857-f81a18c3367d at port 0
2019-07-13 12:38:00,178 INFO  impl.RaftServerProxy (RaftServerProxy.java:lambda$start$3(299)) - 995671c8-c505-460c-a857-f81a18c3367d: start RPC server
2019-07-13 12:38:00,179 INFO  server.GrpcService (GrpcService.java:startImpl(149)) - 995671c8-c505-460c-a857-f81a18c3367d: GrpcService started, listening on 0.0.0.0/0.0.0.0:43985
2019-07-13 12:38:00,179 INFO  ratis.XceiverServerRatis (XceiverServerRatis.java:start(428)) - XceiverServerRatis 995671c8-c505-460c-a857-f81a18c3367d is started using port 43985
2019-07-13 12:38:00,180 INFO  server.XceiverServerGrpc (XceiverServerGrpc.java:start(161)) - XceiverServerGrpc 995671c8-c505-460c-a857-f81a18c3367d is started using port 43698
2019-07-13 12:38:00,528 INFO  ozone.MiniOzoneClusterImpl (MiniOzoneClusterImpl.java:lambda$waitForClusterToBeReady$0(142)) - Waiting for cluster to be ready. Got 0 of 7 DN Heartbeats.
2019-07-13 12:38:00,533 INFO  ozoneimpl.OzoneContainer (OzoneContainer.java:start(186)) - Attempting to start container services.
2019-07-13 12:38:00,533 INFO  ozoneimpl.OzoneContainer (OzoneContainer.java:startContainerScrub(160)) - Background container scrubber has been disabled by hdds.containerscrub.enabled
2019-07-13 12:38:00,534 INFO  ratis.XceiverServerRatis (XceiverServerRatis.java:start(418)) - Starting XceiverServerRatis e0870b50-7f1f-4929-aa53-41061bdca90a at port 0
2019-07-13 12:38:00,542 INFO  impl.RaftServerProxy (RaftServerProxy.java:lambda$start$3(299)) - e0870b50-7f1f-4929-aa53-41061bdca90a: start RPC server
2019-07-13 12:38:00,542 INFO  server.GrpcService (GrpcService.java:startImpl(149)) - e0870b50-7f1f-4929-aa53-41061bdca90a: GrpcService started, listening on 0.0.0.0/0.0.0.0:43871
2019-07-13 12:38:00,542 INFO  ratis.XceiverServerRatis (XceiverServerRatis.java:start(428)) - XceiverServerRatis e0870b50-7f1f-4929-aa53-41061bdca90a is started using port 43871
2019-07-13 12:38:00,543 INFO  server.XceiverServerGrpc (XceiverServerGrpc.java:start(161)) - XceiverServerGrpc e0870b50-7f1f-4929-aa53-41061bdca90a is started using port 44016
2019-07-13 12:38:01,227 INFO  net.NetworkTopology (NetworkTopologyImpl.java:add(110)) - Added a new node: /default-rack/192.168.5.181
2019-07-13 12:38:01,230 INFO  node.SCMNodeManager (SCMNodeManager.java:register(269)) - Registered Data node : 0060b7bc-ea9e-4147-af06-f5d82aee6d2a{ip: 192.168.5.181, host: trunk-nightly-q2gwj-1111726333, networkLocation: /default-rack, certSerialId: null}
2019-07-13 12:38:01,231 INFO  safemode.SCMSafeModeManager (DataNodeSafeModeRule.java:process(71)) - SCM in safe mode. 1 DataNodes registered, 1 required.
2019-07-13 12:38:01,234 INFO  safemode.SCMSafeModeManager (SCMSafeModeManager.java:validateSafeModeExitRules(177)) - ScmSafeModeManager, all rules are successfully validated
2019-07-13 12:38:01,234 INFO  safemode.SCMSafeModeManager (SCMSafeModeManager.java:exitSafeMode(193)) - SCM exiting safe mode.
2019-07-13 12:38:01,242 INFO  impl.RaftServerProxy (RaftServerProxy.java:addNew(89)) - 0060b7bc-ea9e-4147-af06-f5d82aee6d2a: addNew group-ABEE91404A19:[0060b7bc-ea9e-4147-af06-f5d82aee6d2a:192.168.5.181:44294] returns group-ABEE91404A19:java.util.concurrent.CompletableFuture@4359ee0f[Not completed]
2019-07-13 12:38:01,243 INFO  impl.RaftServerImpl (RaftServerImpl.java:<init>(93)) - 0060b7bc-ea9e-4147-af06-f5d82aee6d2a: new RaftServerImpl for group-ABEE91404A19:[0060b7bc-ea9e-4147-af06-f5d82aee6d2a:192.168.5.181:44294] with ContainerStateMachine:uninitialized
2019-07-13 12:38:01,244 INFO  server.RaftServerConfigKeys (ConfUtils.java:logGet(43)) - raft.server.rpc.timeout.min = 5s (custom)
2019-07-13 12:38:01,244 INFO  server.RaftServerConfigKeys (ConfUtils.java:logGet(43)) - raft.server.rpc.timeout.max = 5200ms (custom)
2019-07-13 12:38:01,244 INFO  server.RaftServerConfigKeys (ConfUtils.java:logGet(43)) - raft.server.rpcslowness.timeout = 120s (custom)
2019-07-13 12:38:01,244 INFO  server.RaftServerConfigKeys (ConfUtils.java:logGet(43)) - raft.server.sleep.deviation.threshold = 300 (default)
2019-07-13 12:38:01,244 INFO  server.RaftServerConfigKeys (ConfUtils.java:logGet(43)) - raft.server.log.appender.install.snapshot.enabled = false (custom)
2019-07-13 12:38:01,244 INFO  impl.RaftServerImpl (ServerState.java:<init>(105)) - 0060b7bc-ea9e-4147-af06-f5d82aee6d2a:group-ABEE91404A19 ConfigurationManager, init=-1: [0060b7bc-ea9e-4147-af06-f5d82aee6d2a:192.168.5.181:44294], old=null, confs=<EMPTY_MAP>
2019-07-13 12:38:01,245 INFO  server.RaftServerConfigKeys (ConfUtils.java:logGet(43)) - raft.server.storage.dir = [/tmp/workdir/hadoop-ozone/integration-test/target/test-dir/MiniOzoneClusterImpl-dd177095-6ff0-4c98-92dc-be788b95eaac/datanode-0/data/ratis] (custom)
2019-07-13 12:38:01,245 INFO  storage.RaftStorageDirectory (RaftStorageDirectory.java:analyzeStorage(246)) - The storage directory /tmp/workdir/hadoop-ozone/integration-test/target/test-dir/MiniOzoneClusterImpl-dd177095-6ff0-4c98-92dc-be788b95eaac/datanode-0/data/ratis/133fe08f-fd72-4582-9cb0-abee91404a19 does not exist. Creating ...
2019-07-13 12:38:01,259 INFO  storage.RaftStorageDirectory (RaftStorageDirectory.java:tryLock(328)) - Lock on /tmp/workdir/hadoop-ozone/integration-test/target/test-dir/MiniOzoneClusterImpl-dd177095-6ff0-4c98-92dc-be788b95eaac/datanode-0/data/ratis/133fe08f-fd72-4582-9cb0-abee91404a19/in_use.lock acquired by nodename 32027@trunk-nightly-q2gwj-1111726333
2019-07-13 12:38:01,262 INFO  storage.RaftStorage (RaftStorage.java:format(72)) - Storage directory /tmp/workdir/hadoop-ozone/integration-test/target/test-dir/MiniOzoneClusterImpl-dd177095-6ff0-4c98-92dc-be788b95eaac/datanode-0/data/ratis/133fe08f-fd72-4582-9cb0-abee91404a19 has been successfully formatted.
2019-07-13 12:38:01,262 INFO  ratis.ContainerStateMachine (ContainerStateMachine.java:loadSnapshot(200)) - The snapshot info is null.Setting the last applied index to:(t:0, i:~)
2019-07-13 12:38:01,262 INFO  server.RaftServerConfigKeys (ConfUtils.java:logGet(43)) - raft.server.leader.election.timeout = 120s (custom)
2019-07-13 12:38:01,262 INFO  server.RaftServerConfigKeys (ConfUtils.java:logGet(43)) - raft.server.log.use.memory = false (default)
2019-07-13 12:38:01,263 INFO  server.RaftServerConfigKeys (ConfUtils.java:logGet(43)) - raft.server.log.purge.gap = 1000000000 (custom)
2019-07-13 12:38:01,263 INFO  server.RaftServerConfigKeys (ConfUtils.java:logGet(43)) - raft.server.log.appender.buffer.byte-limit = 33554432 (custom)
2019-07-13 12:38:01,263 INFO  server.RaftServerConfigKeys (ConfUtils.java:logGet(43)) - raft.server.log.segment.size.max = 1048576 (custom)
2019-07-13 12:38:01,263 INFO  server.RaftServerConfigKeys (ConfUtils.java:logGet(43)) - raft.server.log.segment.cache.num.max = 2 (custom)
2019-07-13 12:38:01,263 INFO  segmented.SegmentedRaftLogWorker (SegmentedRaftLogWorker.java:<init>(172)) - new 0060b7bc-ea9e-4147-af06-f5d82aee6d2a-SegmentedRaftLogWorker:Storage Directory /tmp/workdir/hadoop-ozone/integration-test/target/test-dir/MiniOzoneClusterImpl-dd177095-6ff0-4c98-92dc-be788b95eaac/datanode-0/data/ratis/133fe08f-fd72-4582-9cb0-abee91404a19 for RaftStorage:Storage Directory /tmp/workdir/hadoop-ozone/integration-test/target/test-dir/MiniOzoneClusterImpl-dd177095-6ff0-4c98-92dc-be788b95eaac/datanode-0/data/ratis/133fe08f-fd72-4582-9cb0-abee91404a19
2019-07-13 12:38:01,263 INFO  server.RaftServerConfigKeys (ConfUtils.java:logGet(43)) - raft.server.log.queue.byte-limit = 2147483647 (custom)
2019-07-13 12:38:01,264 INFO  server.RaftServerConfigKeys (ConfUtils.java:logGet(43)) - raft.server.log.queue.element-limit = 1024 (custom)
2019-07-13 12:38:01,264 INFO  server.RaftServerConfigKeys (ConfUtils.java:logGet(43)) - raft.server.log.segment.size.max = 1048576 (custom)
2019-07-13 12:38:01,264 INFO  server.RaftServerConfigKeys (ConfUtils.java:logGet(43)) - raft.server.log.preallocated.size = 16384 (custom)
2019-07-13 12:38:01,264 INFO  server.RaftServerConfigKeys (ConfUtils.java:logGet(43)) - raft.server.log.write.buffer.size = 33554432 (custom)
2019-07-13 12:38:01,264 INFO  server.RaftServerConfigKeys (ConfUtils.java:logGet(43)) - raft.server.log.force.sync.num = 128 (default)
2019-07-13 12:38:01,264 INFO  server.RaftServerConfigKeys (ConfUtils.java:logGet(43)) - raft.server.log.statemachine.data.sync = true (default)
2019-07-13 12:38:01,265 INFO  server.RaftServerConfigKeys (ConfUtils.java:logGet(43)) - raft.server.log.statemachine.data.sync.timeout = 10s (default)
2019-07-13 12:38:01,265 INFO  server.RaftServerConfigKeys (ConfUtils.java:logGet(43)) - raft.server.log.statemachine.data.sync.timeout.retry = -1 (default)
2019-07-13 12:38:01,265 INFO  server.RaftServerConfigKeys (ConfUtils.java:logGet(43)) - raft.server.log.statemachine.data.caching.enabled = true (custom)
2019-07-13 12:38:01,265 INFO  segmented.SegmentedRaftLogWorker (SegmentedRaftLogWorker.java:lambda$new$0(132)) - 0060b7bc-ea9e-4147-af06-f5d82aee6d2a-SegmentedRaftLogWorker:Storage Directory /tmp/workdir/hadoop-ozone/integration-test/target/test-dir/MiniOzoneClusterImpl-dd177095-6ff0-4c98-92dc-be788b95eaac/datanode-0/data/ratis/133fe08f-fd72-4582-9cb0-abee91404a19: flushIndex: setUnconditionally 0 -> -1
2019-07-13 12:38:01,266 INFO  server.RaftServerConfigKeys (ConfUtils.java:logGet(43)) - raft.server.snapshot.auto.trigger.enabled = true (custom)
2019-07-13 12:38:01,266 INFO  server.RaftServerConfigKeys (ConfUtils.java:logGet(43)) - raft.server.snapshot.auto.trigger.threshold = 10000 (custom)
2019-07-13 12:38:01,266 INFO  server.RaftServerConfigKeys (ConfUtils.java:logGet(43)) - raft.server.retrycache.expirytime = 600000ms (custom)
2019-07-13 12:38:01,266 INFO  impl.RaftServerImpl (RaftServerImpl.java:start(180)) - 0060b7bc-ea9e-4147-af06-f5d82aee6d2a: start group-ABEE91404A19
2019-07-13 12:38:01,267 INFO  impl.RaftServerImpl (RaftServerImpl.java:setRole(171)) - 0060b7bc-ea9e-4147-af06-f5d82aee6d2a:group-ABEE91404A19 changes role from null to FOLLOWER at term 0 for startAsFollower
2019-07-13 12:38:01,267 INFO  impl.RoleInfo (RoleInfo.java:updateAndGet(143)) - 0060b7bc-ea9e-4147-af06-f5d82aee6d2a: start FollowerState
2019-07-13 12:38:01,268 INFO  util.JmxRegister (JmxRegister.java:tryRegister(44)) - Successfully registered JMX Bean with object name Ratis:service=RaftServer,group=group-ABEE91404A19,id=0060b7bc-ea9e-4147-af06-f5d82aee6d2a
2019-07-13 12:38:01,273 INFO  pipeline.PipelineStateManager (PipelineStateManager.java:addPipeline(56)) - Created pipeline Pipeline[ Id: 133fe08f-fd72-4582-9cb0-abee91404a19, Nodes: 0060b7bc-ea9e-4147-af06-f5d82aee6d2a{ip: 192.168.5.181, host: trunk-nightly-q2gwj-1111726333, networkLocation: /default-rack, certSerialId: null}, Type:RATIS, Factor:ONE, State:OPEN]
2019-07-13 12:38:01,391 INFO  node.SCMNodeManager (SCMNodeManager.java:register(269)) - Registered Data node : f4729627-52ae-443d-9e71-f0640918618c{ip: 192.168.5.181, host: trunk-nightly-q2gwj-1111726333, networkLocation: /default-rack, certSerialId: null}
2019-07-13 12:38:01,400 INFO  impl.RaftServerProxy (RaftServerProxy.java:addNew(89)) - f4729627-52ae-443d-9e71-f0640918618c: addNew group-F89C83D0F1BB:[f4729627-52ae-443d-9e71-f0640918618c:192.168.5.181:40202] returns group-F89C83D0F1BB:java.util.concurrent.CompletableFuture@61da725c[Not completed]
2019-07-13 12:38:01,401 INFO  impl.RaftServerImpl (RaftServerImpl.java:<init>(93)) - f4729627-52ae-443d-9e71-f0640918618c: new RaftServerImpl for group-F89C83D0F1BB:[f4729627-52ae-443d-9e71-f0640918618c:192.168.5.181:40202] with ContainerStateMachine:uninitialized
2019-07-13 12:38:01,401 INFO  server.RaftServerConfigKeys (ConfUtils.java:logGet(43)) - raft.server.rpc.timeout.min = 5s (custom)
2019-07-13 12:38:01,401 INFO  server.RaftServerConfigKeys (ConfUtils.java:logGet(43)) - raft.server.rpc.timeout.max = 5200ms (custom)
2019-07-13 12:38:01,401 INFO  server.RaftServerConfigKeys (ConfUtils.java:logGet(43)) - raft.server.rpcslowness.timeout = 120s (custom)
2019-07-13 12:38:01,401 INFO  server.RaftServerConfigKeys (ConfUtils.java:logGet(43)) - raft.server.sleep.deviation.threshold = 300 (default)
2019-07-13 12:38:01,401 INFO  server.RaftServerConfigKeys (ConfUtils.java:logGet(43)) - raft.server.log.appender.install.snapshot.enabled = false (custom)
2019-07-13 12:38:01,401 INFO  impl.RaftServerImpl (ServerState.java:<init>(105)) - f4729627-52ae-443d-9e71-f0640918618c:group-F89C83D0F1BB ConfigurationManager, init=-1: [f4729627-52ae-443d-9e71-f0640918618c:192.168.5.181:40202], old=null, confs=<EMPTY_MAP>
2019-07-13 12:38:01,402 INFO  server.RaftServerConfigKeys (ConfUtils.java:logGet(43)) - raft.server.storage.dir = [/tmp/workdir/hadoop-ozone/integration-test/target/test-dir/MiniOzoneClusterImpl-dd177095-6ff0-4c98-92dc-be788b95eaac/datanode-1/data/ratis] (custom)
2019-07-13 12:38:01,402 INFO  storage.RaftStorageDirectory (RaftStorageDirectory.java:analyzeStorage(246)) - The storage directory /tmp/workdir/hadoop-ozone/integration-test/target/test-dir/MiniOzoneClusterImpl-dd177095-6ff0-4c98-92dc-be788b95eaac/datanode-1/data/ratis/7ef457c9-3118-4cea-b0e3-f89c83d0f1bb does not exist. Creating ...
2019-07-13 12:38:01,414 INFO  storage.RaftStorageDirectory (RaftStorageDirectory.java:tryLock(328)) - Lock on /tmp/workdir/hadoop-ozone/integration-test/target/test-dir/MiniOzoneClusterImpl-dd177095-6ff0-4c98-92dc-be788b95eaac/datanode-1/data/ratis/7ef457c9-3118-4cea-b0e3-f89c83d0f1bb/in_use.lock acquired by nodename 32027@trunk-nightly-q2gwj-1111726333
2019-07-13 12:38:01,418 INFO  storage.RaftStorage (RaftStorage.java:format(72)) - Storage directory /tmp/workdir/hadoop-ozone/integration-test/target/test-dir/MiniOzoneClusterImpl-dd177095-6ff0-4c98-92dc-be788b95eaac/datanode-1/data/ratis/7ef457c9-3118-4cea-b0e3-f89c83d0f1bb has been successfully formatted.
2019-07-13 12:38:01,419 INFO  ratis.ContainerStateMachine (ContainerStateMachine.java:loadSnapshot(200)) - The snapshot info is null.Setting the last applied index to:(t:0, i:~)
2019-07-13 12:38:01,419 INFO  server.RaftServerConfigKeys (ConfUtils.java:logGet(43)) - raft.server.leader.election.timeout = 120s (custom)
2019-07-13 12:38:01,419 INFO  server.RaftServerConfigKeys (ConfUtils.java:logGet(43)) - raft.server.log.use.memory = false (default)
2019-07-13 12:38:01,419 INFO  server.RaftServerConfigKeys (ConfUtils.java:logGet(43)) - raft.server.log.purge.gap = 1000000000 (custom)
2019-07-13 12:38:01,419 INFO  server.RaftServerConfigKeys (ConfUtils.java:logGet(43)) - raft.server.log.appender.buffer.byte-limit = 33554432 (custom)
2019-07-13 12:38:01,419 INFO  server.RaftServerConfigKeys (ConfUtils.java:logGet(43)) - raft.server.log.segment.size.max = 1048576 (custom)
2019-07-13 12:38:01,419 INFO  server.RaftServerConfigKeys (ConfUtils.java:logGet(43)) - raft.server.log.segment.cache.num.max = 2 (custom)
2019-07-13 12:38:01,420 INFO  segmented.SegmentedRaftLogWorker (SegmentedRaftLogWorker.java:<init>(172)) - new f4729627-52ae-443d-9e71-f0640918618c-SegmentedRaftLogWorker:Storage Directory /tmp/workdir/hadoop-ozone/integration-test/target/test-dir/MiniOzoneClusterImpl-dd177095-6ff0-4c98-92dc-be788b95eaac/datanode-1/data/ratis/7ef457c9-3118-4cea-b0e3-f89c83d0f1bb for RaftStorage:Storage Directory /tmp/workdir/hadoop-ozone/integration-test/target/test-dir/MiniOzoneClusterImpl-dd177095-6ff0-4c98-92dc-be788b95eaac/datanode-1/data/ratis/7ef457c9-3118-4cea-b0e3-f89c83d0f1bb
2019-07-13 12:38:01,420 INFO  server.RaftServerConfigKeys (ConfUtils.java:logGet(43)) - raft.server.log.queue.byte-limit = 2147483647 (custom)
2019-07-13 12:38:01,420 INFO  server.RaftServerConfigKeys (ConfUtils.java:logGet(43)) - raft.server.log.queue.element-limit = 1024 (custom)
2019-07-13 12:38:01,420 INFO  server.RaftServerConfigKeys (ConfUtils.java:logGet(43)) - raft.server.log.segment.size.max = 1048576 (custom)
2019-07-13 12:38:01,420 INFO  server.RaftServerConfigKeys (ConfUtils.java:logGet(43)) - raft.server.log.preallocated.size = 16384 (custom)
2019-07-13 12:38:01,420 INFO  server.RaftServerConfigKeys (ConfUtils.java:logGet(43)) - raft.server.log.write.buffer.size = 33554432 (custom)
2019-07-13 12:38:01,421 INFO  server.RaftServerConfigKeys (ConfUtils.java:logGet(43)) - raft.server.log.force.sync.num = 128 (default)
2019-07-13 12:38:01,421 INFO  server.RaftServerConfigKeys (ConfUtils.java:logGet(43)) - raft.server.log.statemachine.data.sync = true (default)
2019-07-13 12:38:01,421 INFO  server.RaftServerConfigKeys (ConfUtils.java:logGet(43)) - raft.server.log.statemachine.data.sync.timeout = 10s (default)
2019-07-13 12:38:01,421 INFO  server.RaftServerConfigKeys (ConfUtils.java:logGet(43)) - raft.server.log.statemachine.data.sync.timeout.retry = -1 (default)
2019-07-13 12:38:01,421 INFO  server.RaftServerConfigKeys (ConfUtils.java:logGet(43)) - raft.server.log.statemachine.data.caching.enabled = true (custom)
2019-07-13 12:38:01,422 INFO  segmented.SegmentedRaftLogWorker (SegmentedRaftLogWorker.java:lambda$new$0(132)) - f4729627-52ae-443d-9e71-f0640918618c-SegmentedRaftLogWorker:Storage Directory /tmp/workdir/hadoop-ozone/integration-test/target/test-dir/MiniOzoneClusterImpl-dd177095-6ff0-4c98-92dc-be788b95eaac/datanode-1/data/ratis/7ef457c9-3118-4cea-b0e3-f89c83d0f1bb: flushIndex: setUnconditionally 0 -> -1
2019-07-13 12:38:01,422 INFO  server.RaftServerConfigKeys (ConfUtils.java:logGet(43)) - raft.server.snapshot.auto.trigger.enabled = true (custom)
2019-07-13 12:38:01,422 INFO  server.RaftServerConfigKeys (ConfUtils.java:logGet(43)) - raft.server.snapshot.auto.trigger.threshold = 10000 (custom)
2019-07-13 12:38:01,422 INFO  server.RaftServerConfigKeys (ConfUtils.java:logGet(43)) - raft.server.retrycache.expirytime = 600000ms (custom)
2019-07-13 12:38:01,422 INFO  impl.RaftServerImpl (RaftServerImpl.java:start(180)) - f4729627-52ae-443d-9e71-f0640918618c: start group-F89C83D0F1BB
2019-07-13 12:38:01,423 INFO  impl.RaftServerImpl (RaftServerImpl.java:setRole(171)) - f4729627-52ae-443d-9e71-f0640918618c:group-F89C83D0F1BB changes role from null to FOLLOWER at term 0 for startAsFollower
2019-07-13 12:38:01,423 INFO  impl.RoleInfo (RoleInfo.java:updateAndGet(143)) - f4729627-52ae-443d-9e71-f0640918618c: start FollowerState
2019-07-13 12:38:01,423 INFO  util.JmxRegister (JmxRegister.java:tryRegister(44)) - Successfully registered JMX Bean with object name Ratis:service=RaftServer,group=group-F89C83D0F1BB,id=f4729627-52ae-443d-9e71-f0640918618c
2019-07-13 12:38:01,429 INFO  pipeline.PipelineStateManager (PipelineStateManager.java:addPipeline(56)) - Created pipeline Pipeline[ Id: 7ef457c9-3118-4cea-b0e3-f89c83d0f1bb, Nodes: f4729627-52ae-443d-9e71-f0640918618c{ip: 192.168.5.181, host: trunk-nightly-q2gwj-1111726333, networkLocation: /default-rack, certSerialId: null}, Type:RATIS, Factor:ONE, State:OPEN]
2019-07-13 12:38:01,528 INFO  ozone.MiniOzoneClusterImpl (MiniOzoneClusterImpl.java:lambda$waitForClusterToBeReady$0(142)) - Waiting for cluster to be ready. Got 2 of 7 DN Heartbeats.
2019-07-13 12:38:01,553 INFO  node.SCMNodeManager (SCMNodeManager.java:register(269)) - Registered Data node : 9a847b5d-0baa-4d17-ab8a-ac0eb0817957{ip: 192.168.5.181, host: trunk-nightly-q2gwj-1111726333, networkLocation: /default-rack, certSerialId: null}
2019-07-13 12:38:01,562 INFO  impl.RaftServerProxy (RaftServerProxy.java:addNew(89)) - 9a847b5d-0baa-4d17-ab8a-ac0eb0817957: addNew group-3F4FE0572573:[9a847b5d-0baa-4d17-ab8a-ac0eb0817957:192.168.5.181:44492] returns group-3F4FE0572573:java.util.concurrent.CompletableFuture@263fb8b6[Not completed]
2019-07-13 12:38:01,563 INFO  impl.RaftServerImpl (RaftServerImpl.java:<init>(93)) - 9a847b5d-0baa-4d17-ab8a-ac0eb0817957: new RaftServerImpl for group-3F4FE0572573:[9a847b5d-0baa-4d17-ab8a-ac0eb0817957:192.168.5.181:44492] with ContainerStateMachine:uninitialized
2019-07-13 12:38:01,563 INFO  server.RaftServerConfigKeys (ConfUtils.java:logGet(43)) - raft.server.rpc.timeout.min = 5s (custom)
2019-07-13 12:38:01,563 INFO  server.RaftServerConfigKeys (ConfUtils.java:logGet(43)) - raft.server.rpc.timeout.max = 5200ms (custom)
2019-07-13 12:38:01,564 INFO  server.RaftServerConfigKeys (ConfUtils.java:logGet(43)) - raft.server.rpcslowness.timeout = 120s (custom)
2019-07-13 12:38:01,564 INFO  server.RaftServerConfigKeys (ConfUtils.java:logGet(43)) - raft.server.sleep.deviation.threshold = 300 (default)
2019-07-13 12:38:01,564 INFO  server.RaftServerConfigKeys (ConfUtils.java:logGet(43)) - raft.server.log.appender.install.snapshot.enabled = false (custom)
2019-07-13 12:38:01,564 INFO  impl.RaftServerImpl (ServerState.java:<init>(105)) - 9a847b5d-0baa-4d17-ab8a-ac0eb0817957:group-3F4FE0572573 ConfigurationManager, init=-1: [9a847b5d-0baa-4d17-ab8a-ac0eb0817957:192.168.5.181:44492], old=null, confs=<EMPTY_MAP>
2019-07-13 12:38:01,564 INFO  server.RaftServerConfigKeys (ConfUtils.java:logGet(43)) - raft.server.storage.dir = [/tmp/workdir/hadoop-ozone/integration-test/target/test-dir/MiniOzoneClusterImpl-dd177095-6ff0-4c98-92dc-be788b95eaac/datanode-2/data/ratis] (custom)
2019-07-13 12:38:01,565 INFO  storage.RaftStorageDirectory (RaftStorageDirectory.java:analyzeStorage(246)) - The storage directory /tmp/workdir/hadoop-ozone/integration-test/target/test-dir/MiniOzoneClusterImpl-dd177095-6ff0-4c98-92dc-be788b95eaac/datanode-2/data/ratis/1810e08e-1091-4f93-9959-3f4fe0572573 does not exist. Creating ...
2019-07-13 12:38:01,568 INFO  storage.RaftStorageDirectory (RaftStorageDirectory.java:tryLock(328)) - Lock on /tmp/workdir/hadoop-ozone/integration-test/target/test-dir/MiniOzoneClusterImpl-dd177095-6ff0-4c98-92dc-be788b95eaac/datanode-2/data/ratis/1810e08e-1091-4f93-9959-3f4fe0572573/in_use.lock acquired by nodename 32027@trunk-nightly-q2gwj-1111726333
2019-07-13 12:38:01,572 INFO  storage.RaftStorage (RaftStorage.java:format(72)) - Storage directory /tmp/workdir/hadoop-ozone/integration-test/target/test-dir/MiniOzoneClusterImpl-dd177095-6ff0-4c98-92dc-be788b95eaac/datanode-2/data/ratis/1810e08e-1091-4f93-9959-3f4fe0572573 has been successfully formatted.
2019-07-13 12:38:01,572 INFO  ratis.ContainerStateMachine (ContainerStateMachine.java:loadSnapshot(200)) - The snapshot info is null.Setting the last applied index to:(t:0, i:~)
2019-07-13 12:38:01,572 INFO  server.RaftServerConfigKeys (ConfUtils.java:logGet(43)) - raft.server.leader.election.timeout = 120s (custom)
2019-07-13 12:38:01,572 INFO  server.RaftServerConfigKeys (ConfUtils.java:logGet(43)) - raft.server.log.use.memory = false (default)
2019-07-13 12:38:01,573 INFO  server.RaftServerConfigKeys (ConfUtils.java:logGet(43)) - raft.server.log.purge.gap = 1000000000 (custom)
2019-07-13 12:38:01,573 INFO  server.RaftServerConfigKeys (ConfUtils.java:logGet(43)) - raft.server.log.appender.buffer.byte-limit = 33554432 (custom)
2019-07-13 12:38:01,573 INFO  server.RaftServerConfigKeys (ConfUtils.java:logGet(43)) - raft.server.log.segment.size.max = 1048576 (custom)
2019-07-13 12:38:01,573 INFO  server.RaftServerConfigKeys (ConfUtils.java:logGet(43)) - raft.server.log.segment.cache.num.max = 2 (custom)
2019-07-13 12:38:01,573 INFO  segmented.SegmentedRaftLogWorker (SegmentedRaftLogWorker.java:<init>(172)) - new 9a847b5d-0baa-4d17-ab8a-ac0eb0817957-SegmentedRaftLogWorker:Storage Directory /tmp/workdir/hadoop-ozone/integration-test/target/test-dir/MiniOzoneClusterImpl-dd177095-6ff0-4c98-92dc-be788b95eaac/datanode-2/data/ratis/1810e08e-1091-4f93-9959-3f4fe0572573 for RaftStorage:Storage Directory /tmp/workdir/hadoop-ozone/integration-test/target/test-dir/MiniOzoneClusterImpl-dd177095-6ff0-4c98-92dc-be788b95eaac/datanode-2/data/ratis/1810e08e-1091-4f93-9959-3f4fe0572573
2019-07-13 12:38:01,573 INFO  server.RaftServerConfigKeys (ConfUtils.java:logGet(43)) - raft.server.log.queue.byte-limit = 2147483647 (custom)
2019-07-13 12:38:01,574 INFO  server.RaftServerConfigKeys (ConfUtils.java:logGet(43)) - raft.server.log.queue.element-limit = 1024 (custom)
2019-07-13 12:38:01,574 INFO  server.RaftServerConfigKeys (ConfUtils.java:logGet(43)) - raft.server.log.segment.size.max = 1048576 (custom)
2019-07-13 12:38:01,574 INFO  server.RaftServerConfigKeys (ConfUtils.java:logGet(43)) - raft.server.log.preallocated.size = 16384 (custom)
2019-07-13 12:38:01,574 INFO  server.RaftServerConfigKeys (ConfUtils.java:logGet(43)) - raft.server.log.write.buffer.size = 33554432 (custom)
2019-07-13 12:38:01,574 INFO  server.RaftServerConfigKeys (ConfUtils.java:logGet(43)) - raft.server.log.force.sync.num = 128 (default)
2019-07-13 12:38:01,574 INFO  server.RaftServerConfigKeys (ConfUtils.java:logGet(43)) - raft.server.log.statemachine.data.sync = true (default)
2019-07-13 12:38:01,574 INFO  server.RaftServerConfigKeys (ConfUtils.java:logGet(43)) - raft.server.log.statemachine.data.sync.timeout = 10s (default)
2019-07-13 12:38:01,575 INFO  server.RaftServerConfigKeys (ConfUtils.java:logGet(43)) - raft.server.log.statemachine.data.sync.timeout.retry = -1 (default)
2019-07-13 12:38:01,575 INFO  server.RaftServerConfigKeys (ConfUtils.java:logGet(43)) - raft.server.log.statemachine.data.caching.enabled = true (custom)
2019-07-13 12:38:01,575 INFO  segmented.SegmentedRaftLogWorker (SegmentedRaftLogWorker.java:lambda$new$0(132)) - 9a847b5d-0baa-4d17-ab8a-ac0eb0817957-SegmentedRaftLogWorker:Storage Directory /tmp/workdir/hadoop-ozone/integration-test/target/test-dir/MiniOzoneClusterImpl-dd177095-6ff0-4c98-92dc-be788b95eaac/datanode-2/data/ratis/1810e08e-1091-4f93-9959-3f4fe0572573: flushIndex: setUnconditionally 0 -> -1
2019-07-13 12:38:01,576 INFO  server.RaftServerConfigKeys (ConfUtils.java:logGet(43)) - raft.server.snapshot.auto.trigger.enabled = true (custom)
2019-07-13 12:38:01,576 INFO  server.RaftServerConfigKeys (ConfUtils.java:logGet(43)) - raft.server.snapshot.auto.trigger.threshold = 10000 (custom)
2019-07-13 12:38:01,576 INFO  server.RaftServerConfigKeys (ConfUtils.java:logGet(43)) - raft.server.retrycache.expirytime = 600000ms (custom)
2019-07-13 12:38:01,576 INFO  impl.RaftServerImpl (RaftServerImpl.java:start(180)) - 9a847b5d-0baa-4d17-ab8a-ac0eb0817957: start group-3F4FE0572573
2019-07-13 12:38:01,576 INFO  impl.RaftServerImpl (RaftServerImpl.java:setRole(171)) - 9a847b5d-0baa-4d17-ab8a-ac0eb0817957:group-3F4FE0572573 changes role from null to FOLLOWER at term 0 for startAsFollower
2019-07-13 12:38:01,576 INFO  impl.RoleInfo (RoleInfo.java:updateAndGet(143)) - 9a847b5d-0baa-4d17-ab8a-ac0eb0817957: start FollowerState
2019-07-13 12:38:01,577 INFO  util.JmxRegister (JmxRegister.java:tryRegister(44)) - Successfully registered JMX Bean with object name Ratis:service=RaftServer,group=group-3F4FE0572573,id=9a847b5d-0baa-4d17-ab8a-ac0eb0817957
2019-07-13 12:38:01,581 INFO  pipeline.PipelineStateManager (PipelineStateManager.java:addPipeline(56)) - Created pipeline Pipeline[ Id: 1810e08e-1091-4f93-9959-3f4fe0572573, Nodes: 9a847b5d-0baa-4d17-ab8a-ac0eb0817957{ip: 192.168.5.181, host: trunk-nightly-q2gwj-1111726333, networkLocation: /default-rack, certSerialId: null}, Type:RATIS, Factor:ONE, State:OPEN]
2019-07-13 12:38:01,592 INFO  impl.RaftServerProxy (RaftServerProxy.java:addNew(89)) - f4729627-52ae-443d-9e71-f0640918618c: addNew group-FAC3D59B9B49:[0060b7bc-ea9e-4147-af06-f5d82aee6d2a:192.168.5.181:44294, f4729627-52ae-443d-9e71-f0640918618c:192.168.5.181:40202, 9a847b5d-0baa-4d17-ab8a-ac0eb0817957:192.168.5.181:44492] returns group-FAC3D59B9B49:java.util.concurrent.CompletableFuture@224b88e3[Not completed]
2019-07-13 12:38:01,593 INFO  impl.RaftServerProxy (RaftServerProxy.java:addNew(89)) - 0060b7bc-ea9e-4147-af06-f5d82aee6d2a: addNew group-FAC3D59B9B49:[0060b7bc-ea9e-4147-af06-f5d82aee6d2a:192.168.5.181:44294, f4729627-52ae-443d-9e71-f0640918618c:192.168.5.181:40202, 9a847b5d-0baa-4d17-ab8a-ac0eb0817957:192.168.5.181:44492] returns group-FAC3D59B9B49:java.util.concurrent.CompletableFuture@2fa6d8a5[Not completed]
2019-07-13 12:38:01,592 INFO  impl.RaftServerProxy (RaftServerProxy.java:addNew(89)) - 9a847b5d-0baa-4d17-ab8a-ac0eb0817957: addNew group-FAC3D59B9B49:[0060b7bc-ea9e-4147-af06-f5d82aee6d2a:192.168.5.181:44294, f4729627-52ae-443d-9e71-f0640918618c:192.168.5.181:40202, 9a847b5d-0baa-4d17-ab8a-ac0eb0817957:192.168.5.181:44492] returns group-FAC3D59B9B49:java.util.concurrent.CompletableFuture@3ec947de[Not completed]
2019-07-13 12:38:01,594 INFO  impl.RaftServerImpl (RaftServerImpl.java:<init>(93)) - 9a847b5d-0baa-4d17-ab8a-ac0eb0817957: new RaftServerImpl for group-FAC3D59B9B49:[0060b7bc-ea9e-4147-af06-f5d82aee6d2a:192.168.5.181:44294, f4729627-52ae-443d-9e71-f0640918618c:192.168.5.181:40202, 9a847b5d-0baa-4d17-ab8a-ac0eb0817957:192.168.5.181:44492] with ContainerStateMachine:uninitialized
2019-07-13 12:38:01,594 INFO  server.RaftServerConfigKeys (ConfUtils.java:logGet(43)) - raft.server.rpc.timeout.min = 5s (custom)
2019-07-13 12:38:01,594 INFO  server.RaftServerConfigKeys (ConfUtils.java:logGet(43)) - raft.server.rpc.timeout.max = 5200ms (custom)
2019-07-13 12:38:01,594 INFO  server.RaftServerConfigKeys (ConfUtils.java:logGet(43)) - raft.server.rpcslowness.timeout = 120s (custom)
2019-07-13 12:38:01,594 INFO  impl.RaftServerImpl (RaftServerImpl.java:<init>(93)) - f4729627-52ae-443d-9e71-f0640918618c: new RaftServerImpl for group-FAC3D59B9B49:[0060b7bc-ea9e-4147-af06-f5d82aee6d2a:192.168.5.181:44294, f4729627-52ae-443d-9e71-f0640918618c:192.168.5.181:40202, 9a847b5d-0baa-4d17-ab8a-ac0eb0817957:192.168.5.181:44492] with ContainerStateMachine:uninitialized
2019-07-13 12:38:01,594 INFO  server.RaftServerConfigKeys (ConfUtils.java:logGet(43)) - raft.server.sleep.deviation.threshold = 300 (default)
2019-07-13 12:38:01,594 INFO  impl.RaftServerImpl (RaftServerImpl.java:<init>(93)) - 0060b7bc-ea9e-4147-af06-f5d82aee6d2a: new RaftServerImpl for group-FAC3D59B9B49:[0060b7bc-ea9e-4147-af06-f5d82aee6d2a:192.168.5.181:44294, f4729627-52ae-443d-9e71-f0640918618c:192.168.5.181:40202, 9a847b5d-0baa-4d17-ab8a-ac0eb0817957:192.168.5.181:44492] with ContainerStateMachine:uninitialized
2019-07-13 12:38:01,594 INFO  server.RaftServerConfigKeys (ConfUtils.java:logGet(43)) - raft.server.rpc.timeout.min = 5s (custom)
2019-07-13 12:38:01,594 INFO  server.RaftServerConfigKeys (ConfUtils.java:logGet(43)) - raft.server.rpc.timeout.min = 5s (custom)
2019-07-13 12:38:01,594 INFO  server.RaftServerConfigKeys (ConfUtils.java:logGet(43)) - raft.server.log.appender.install.snapshot.enabled = false (custom)
2019-07-13 12:38:01,595 INFO  server.RaftServerConfigKeys (ConfUtils.java:logGet(43)) - raft.server.rpc.timeout.max = 5200ms (custom)
2019-07-13 12:38:01,595 INFO  server.RaftServerConfigKeys (ConfUtils.java:logGet(43)) - raft.server.rpc.timeout.max = 5200ms (custom)
2019-07-13 12:38:01,595 INFO  server.RaftServerConfigKeys (ConfUtils.java:logGet(43)) - raft.server.rpcslowness.timeout = 120s (custom)
2019-07-13 12:38:01,595 INFO  impl.RaftServerImpl (ServerState.java:<init>(105)) - 9a847b5d-0baa-4d17-ab8a-ac0eb0817957:group-FAC3D59B9B49 ConfigurationManager, init=-1: [0060b7bc-ea9e-4147-af06-f5d82aee6d2a:192.168.5.181:44294, f4729627-52ae-443d-9e71-f0640918618c:192.168.5.181:40202, 9a847b5d-0baa-4d17-ab8a-ac0eb0817957:192.168.5.181:44492], old=null, confs=<EMPTY_MAP>
2019-07-13 12:38:01,595 INFO  server.RaftServerConfigKeys (ConfUtils.java:logGet(43)) - raft.server.sleep.deviation.threshold = 300 (default)
2019-07-13 12:38:01,595 INFO  server.RaftServerConfigKeys (ConfUtils.java:logGet(43)) - raft.server.log.appender.install.snapshot.enabled = false (custom)
2019-07-13 12:38:01,595 INFO  server.RaftServerConfigKeys (ConfUtils.java:logGet(43)) - raft.server.rpcslowness.timeout = 120s (custom)
2019-07-13 12:38:01,595 INFO  impl.RaftServerImpl (ServerState.java:<init>(105)) - 0060b7bc-ea9e-4147-af06-f5d82aee6d2a:group-FAC3D59B9B49 ConfigurationManager, init=-1: [0060b7bc-ea9e-4147-af06-f5d82aee6d2a:192.168.5.181:44294, f4729627-52ae-443d-9e71-f0640918618c:192.168.5.181:40202, 9a847b5d-0baa-4d17-ab8a-ac0eb0817957:192.168.5.181:44492], old=null, confs=<EMPTY_MAP>
2019-07-13 12:38:01,595 INFO  server.RaftServerConfigKeys (ConfUtils.java:logGet(43)) - raft.server.storage.dir = [/tmp/workdir/hadoop-ozone/integration-test/target/test-dir/MiniOzoneClusterImpl-dd177095-6ff0-4c98-92dc-be788b95eaac/datanode-2/data/ratis] (custom)
2019-07-13 12:38:01,596 INFO  server.RaftServerConfigKeys (ConfUtils.java:logGet(43)) - raft.server.storage.dir = [/tmp/workdir/hadoop-ozone/integration-test/target/test-dir/MiniOzoneClusterImpl-dd177095-6ff0-4c98-92dc-be788b95eaac/datanode-0/data/ratis] (custom)
2019-07-13 12:38:01,596 INFO  server.RaftServerConfigKeys (ConfUtils.java:logGet(43)) - raft.server.sleep.deviation.threshold = 300 (default)
2019-07-13 12:38:01,596 INFO  server.RaftServerConfigKeys (ConfUtils.java:logGet(43)) - raft.server.log.appender.install.snapshot.enabled = false (custom)
2019-07-13 12:38:01,596 INFO  storage.RaftStorageDirectory (RaftStorageDirectory.java:analyzeStorage(246)) - The storage directory /tmp/workdir/hadoop-ozone/integration-test/target/test-dir/MiniOzoneClusterImpl-dd177095-6ff0-4c98-92dc-be788b95eaac/datanode-0/data/ratis/47facfb5-b8d9-4440-926f-fac3d59b9b49 does not exist. Creating ...
2019-07-13 12:38:01,596 INFO  storage.RaftStorageDirectory (RaftStorageDirectory.java:analyzeStorage(246)) - The storage directory /tmp/workdir/hadoop-ozone/integration-test/target/test-dir/MiniOzoneClusterImpl-dd177095-6ff0-4c98-92dc-be788b95eaac/datanode-2/data/ratis/47facfb5-b8d9-4440-926f-fac3d59b9b49 does not exist. Creating ...
2019-07-13 12:38:01,596 INFO  impl.RaftServerImpl (ServerState.java:<init>(105)) - f4729627-52ae-443d-9e71-f0640918618c:group-FAC3D59B9B49 ConfigurationManager, init=-1: [0060b7bc-ea9e-4147-af06-f5d82aee6d2a:192.168.5.181:44294, f4729627-52ae-443d-9e71-f0640918618c:192.168.5.181:40202, 9a847b5d-0baa-4d17-ab8a-ac0eb0817957:192.168.5.181:44492], old=null, confs=<EMPTY_MAP>
2019-07-13 12:38:01,597 INFO  server.RaftServerConfigKeys (ConfUtils.java:logGet(43)) - raft.server.storage.dir = [/tmp/workdir/hadoop-ozone/integration-test/target/test-dir/MiniOzoneClusterImpl-dd177095-6ff0-4c98-92dc-be788b95eaac/datanode-1/data/ratis] (custom)
2019-07-13 12:38:01,597 INFO  storage.RaftStorageDirectory (RaftStorageDirectory.java:analyzeStorage(246)) - The storage directory /tmp/workdir/hadoop-ozone/integration-test/target/test-dir/MiniOzoneClusterImpl-dd177095-6ff0-4c98-92dc-be788b95eaac/datanode-1/data/ratis/47facfb5-b8d9-4440-926f-fac3d59b9b49 does not exist. Creating ...
2019-07-13 12:38:01,601 INFO  storage.RaftStorageDirectory (RaftStorageDirectory.java:tryLock(328)) - Lock on /tmp/workdir/hadoop-ozone/integration-test/target/test-dir/MiniOzoneClusterImpl-dd177095-6ff0-4c98-92dc-be788b95eaac/datanode-1/data/ratis/47facfb5-b8d9-4440-926f-fac3d59b9b49/in_use.lock acquired by nodename 32027@trunk-nightly-q2gwj-1111726333
2019-07-13 12:38:01,601 INFO  storage.RaftStorageDirectory (RaftStorageDirectory.java:tryLock(328)) - Lock on /tmp/workdir/hadoop-ozone/integration-test/target/test-dir/MiniOzoneClusterImpl-dd177095-6ff0-4c98-92dc-be788b95eaac/datanode-0/data/ratis/47facfb5-b8d9-4440-926f-fac3d59b9b49/in_use.lock acquired by nodename 32027@trunk-nightly-q2gwj-1111726333
2019-07-13 12:38:01,601 INFO  storage.RaftStorageDirectory (RaftStorageDirectory.java:tryLock(328)) - Lock on /tmp/workdir/hadoop-ozone/integration-test/target/test-dir/MiniOzoneClusterImpl-dd177095-6ff0-4c98-92dc-be788b95eaac/datanode-2/data/ratis/47facfb5-b8d9-4440-926f-fac3d59b9b49/in_use.lock acquired by nodename 32027@trunk-nightly-q2gwj-1111726333
2019-07-13 12:38:01,606 INFO  storage.RaftStorage (RaftStorage.java:format(72)) - Storage directory /tmp/workdir/hadoop-ozone/integration-test/target/test-dir/MiniOzoneClusterImpl-dd177095-6ff0-4c98-92dc-be788b95eaac/datanode-0/data/ratis/47facfb5-b8d9-4440-926f-fac3d59b9b49 has been successfully formatted.
2019-07-13 12:38:01,606 INFO  storage.RaftStorage (RaftStorage.java:format(72)) - Storage directory /tmp/workdir/hadoop-ozone/integration-test/target/test-dir/MiniOzoneClusterImpl-dd177095-6ff0-4c98-92dc-be788b95eaac/datanode-2/data/ratis/47facfb5-b8d9-4440-926f-fac3d59b9b49 has been successfully formatted.
2019-07-13 12:38:01,606 INFO  storage.RaftStorage (RaftStorage.java:format(72)) - Storage directory /tmp/workdir/hadoop-ozone/integration-test/target/test-dir/MiniOzoneClusterImpl-dd177095-6ff0-4c98-92dc-be788b95eaac/datanode-1/data/ratis/47facfb5-b8d9-4440-926f-fac3d59b9b49 has been successfully formatted.
2019-07-13 12:38:01,606 INFO  ratis.ContainerStateMachine (ContainerStateMachine.java:loadSnapshot(200)) - The snapshot info is null.Setting the last applied index to:(t:0, i:~)
2019-07-13 12:38:01,606 INFO  ratis.ContainerStateMachine (ContainerStateMachine.java:loadSnapshot(200)) - The snapshot info is null.Setting the last applied index to:(t:0, i:~)
2019-07-13 12:38:01,606 INFO  server.RaftServerConfigKeys (ConfUtils.java:logGet(43)) - raft.server.leader.election.timeout = 120s (custom)
2019-07-13 12:38:01,606 INFO  ratis.ContainerStateMachine (ContainerStateMachine.java:loadSnapshot(200)) - The snapshot info is null.Setting the last applied index to:(t:0, i:~)
2019-07-13 12:38:01,606 INFO  server.RaftServerConfigKeys (ConfUtils.java:logGet(43)) - raft.server.log.use.memory = false (default)
2019-07-13 12:38:01,606 INFO  server.RaftServerConfigKeys (ConfUtils.java:logGet(43)) - raft.server.leader.election.timeout = 120s (custom)
2019-07-13 12:38:01,607 INFO  server.RaftServerConfigKeys (ConfUtils.java:logGet(43)) - raft.server.log.purge.gap = 1000000000 (custom)
2019-07-13 12:38:01,607 INFO  server.RaftServerConfigKeys (ConfUtils.java:logGet(43)) - raft.server.log.appender.buffer.byte-limit = 33554432 (custom)
2019-07-13 12:38:01,607 INFO  server.RaftServerConfigKeys (ConfUtils.java:logGet(43)) - raft.server.leader.election.timeout = 120s (custom)
2019-07-13 12:38:01,607 INFO  server.RaftServerConfigKeys (ConfUtils.java:logGet(43)) - raft.server.log.segment.size.max = 1048576 (custom)
2019-07-13 12:38:01,607 INFO  server.RaftServerConfigKeys (ConfUtils.java:logGet(43)) - raft.server.log.segment.cache.num.max = 2 (custom)
2019-07-13 12:38:01,607 INFO  server.RaftServerConfigKeys (ConfUtils.java:logGet(43)) - raft.server.log.use.memory = false (default)
2019-07-13 12:38:01,608 INFO  segmented.SegmentedRaftLogWorker (SegmentedRaftLogWorker.java:<init>(172)) - new 9a847b5d-0baa-4d17-ab8a-ac0eb0817957-SegmentedRaftLogWorker:Storage Directory /tmp/workdir/hadoop-ozone/integration-test/target/test-dir/MiniOzoneClusterImpl-dd177095-6ff0-4c98-92dc-be788b95eaac/datanode-2/data/ratis/47facfb5-b8d9-4440-926f-fac3d59b9b49 for RaftStorage:Storage Directory /tmp/workdir/hadoop-ozone/integration-test/target/test-dir/MiniOzoneClusterImpl-dd177095-6ff0-4c98-92dc-be788b95eaac/datanode-2/data/ratis/47facfb5-b8d9-4440-926f-fac3d59b9b49
2019-07-13 12:38:01,607 INFO  server.RaftServerConfigKeys (ConfUtils.java:logGet(43)) - raft.server.log.use.memory = false (default)
2019-07-13 12:38:01,608 INFO  server.RaftServerConfigKeys (ConfUtils.java:logGet(43)) - raft.server.log.queue.byte-limit = 2147483647 (custom)
2019-07-13 12:38:01,608 INFO  server.RaftServerConfigKeys (ConfUtils.java:logGet(43)) - raft.server.log.purge.gap = 1000000000 (custom)
2019-07-13 12:38:01,608 INFO  server.RaftServerConfigKeys (ConfUtils.java:logGet(43)) - raft.server.log.queue.element-limit = 1024 (custom)
2019-07-13 12:38:01,608 INFO  server.RaftServerConfigKeys (ConfUtils.java:logGet(43)) - raft.server.log.purge.gap = 1000000000 (custom)
2019-07-13 12:38:01,608 INFO  server.RaftServerConfigKeys (ConfUtils.java:logGet(43)) - raft.server.log.segment.size.max = 1048576 (custom)
2019-07-13 12:38:01,608 INFO  server.RaftServerConfigKeys (ConfUtils.java:logGet(43)) - raft.server.log.appender.buffer.byte-limit = 33554432 (custom)
2019-07-13 12:38:01,609 INFO  server.RaftServerConfigKeys (ConfUtils.java:logGet(43)) - raft.server.log.preallocated.size = 16384 (custom)
2019-07-13 12:38:01,609 INFO  server.RaftServerConfigKeys (ConfUtils.java:logGet(43)) - raft.server.log.write.buffer.size = 33554432 (custom)
2019-07-13 12:38:01,609 INFO  server.RaftServerConfigKeys (ConfUtils.java:logGet(43)) - raft.server.log.appender.buffer.byte-limit = 33554432 (custom)
2019-07-13 12:38:01,609 INFO  server.RaftServerConfigKeys (ConfUtils.java:logGet(43)) - raft.server.log.force.sync.num = 128 (default)
2019-07-13 12:38:01,609 INFO  server.RaftServerConfigKeys (ConfUtils.java:logGet(43)) - raft.server.log.segment.size.max = 1048576 (custom)
2019-07-13 12:38:01,609 INFO  server.RaftServerConfigKeys (ConfUtils.java:logGet(43)) - raft.server.log.statemachine.data.sync = true (default)
2019-07-13 12:38:01,610 INFO  server.RaftServerConfigKeys (ConfUtils.java:logGet(43)) - raft.server.log.statemachine.data.sync.timeout = 10s (default)
2019-07-13 12:38:01,609 INFO  server.RaftServerConfigKeys (ConfUtils.java:logGet(43)) - raft.server.log.segment.size.max = 1048576 (custom)
2019-07-13 12:38:01,610 INFO  server.RaftServerConfigKeys (ConfUtils.java:logGet(43)) - raft.server.log.statemachine.data.sync.timeout.retry = -1 (default)
2019-07-13 12:38:01,609 INFO  server.RaftServerConfigKeys (ConfUtils.java:logGet(43)) - raft.server.log.segment.cache.num.max = 2 (custom)
2019-07-13 12:38:01,610 INFO  server.RaftServerConfigKeys (ConfUtils.java:logGet(43)) - raft.server.log.statemachine.data.caching.enabled = true (custom)
2019-07-13 12:38:01,610 INFO  server.RaftServerConfigKeys (ConfUtils.java:logGet(43)) - raft.server.log.segment.cache.num.max = 2 (custom)
2019-07-13 12:38:01,610 INFO  segmented.SegmentedRaftLogWorker (SegmentedRaftLogWorker.java:lambda$new$0(132)) - 9a847b5d-0baa-4d17-ab8a-ac0eb0817957-SegmentedRaftLogWorker:Storage Directory /tmp/workdir/hadoop-ozone/integration-test/target/test-dir/MiniOzoneClusterImpl-dd177095-6ff0-4c98-92dc-be788b95eaac/datanode-2/data/ratis/47facfb5-b8d9-4440-926f-fac3d59b9b49: flushIndex: setUnconditionally 0 -> -1
2019-07-13 12:38:01,610 INFO  segmented.SegmentedRaftLogWorker (SegmentedRaftLogWorker.java:<init>(172)) - new 0060b7bc-ea9e-4147-af06-f5d82aee6d2a-SegmentedRaftLogWorker:Storage Directory /tmp/workdir/hadoop-ozone/integration-test/target/test-dir/MiniOzoneClusterImpl-dd177095-6ff0-4c98-92dc-be788b95eaac/datanode-0/data/ratis/47facfb5-b8d9-4440-926f-fac3d59b9b49 for RaftStorage:Storage Directory /tmp/workdir/hadoop-ozone/integration-test/target/test-dir/MiniOzoneClusterImpl-dd177095-6ff0-4c98-92dc-be788b95eaac/datanode-0/data/ratis/47facfb5-b8d9-4440-926f-fac3d59b9b49
2019-07-13 12:38:01,610 INFO  segmented.SegmentedRaftLogWorker (SegmentedRaftLogWorker.java:<init>(172)) - new f4729627-52ae-443d-9e71-f0640918618c-SegmentedRaftLogWorker:Storage Directory /tmp/workdir/hadoop-ozone/integration-test/target/test-dir/MiniOzoneClusterImpl-dd177095-6ff0-4c98-92dc-be788b95eaac/datanode-1/data/ratis/47facfb5-b8d9-4440-926f-fac3d59b9b49 for RaftStorage:Storage Directory /tmp/workdir/hadoop-ozone/integration-test/target/test-dir/MiniOzoneClusterImpl-dd177095-6ff0-4c98-92dc-be788b95eaac/datanode-1/data/ratis/47facfb5-b8d9-4440-926f-fac3d59b9b49
2019-07-13 12:38:01,611 INFO  server.RaftServerConfigKeys (ConfUtils.java:logGet(43)) - raft.server.log.queue.byte-limit = 2147483647 (custom)
2019-07-13 12:38:01,611 INFO  server.RaftServerConfigKeys (ConfUtils.java:logGet(43)) - raft.server.log.queue.byte-limit = 2147483647 (custom)
2019-07-13 12:38:01,611 INFO  server.RaftServerConfigKeys (ConfUtils.java:logGet(43)) - raft.server.snapshot.auto.trigger.enabled = true (custom)
2019-07-13 12:38:01,611 INFO  server.RaftServerConfigKeys (ConfUtils.java:logGet(43)) - raft.server.log.queue.element-limit = 1024 (custom)
2019-07-13 12:38:01,611 INFO  server.RaftServerConfigKeys (ConfUtils.java:logGet(43)) - raft.server.log.queue.element-limit = 1024 (custom)
2019-07-13 12:38:01,611 INFO  server.RaftServerConfigKeys (ConfUtils.java:logGet(43)) - raft.server.log.segment.size.max = 1048576 (custom)
2019-07-13 12:38:01,612 INFO  server.RaftServerConfigKeys (ConfUtils.java:logGet(43)) - raft.server.log.preallocated.size = 16384 (custom)
2019-07-13 12:38:01,611 INFO  server.RaftServerConfigKeys (ConfUtils.java:logGet(43)) - raft.server.snapshot.auto.trigger.threshold = 10000 (custom)
2019-07-13 12:38:01,612 INFO  server.RaftServerConfigKeys (ConfUtils.java:logGet(43)) - raft.server.log.write.buffer.size = 33554432 (custom)
2019-07-13 12:38:01,612 INFO  server.RaftServerConfigKeys (ConfUtils.java:logGet(43)) - raft.server.log.force.sync.num = 128 (default)
2019-07-13 12:38:01,611 INFO  server.RaftServerConfigKeys (ConfUtils.java:logGet(43)) - raft.server.log.segment.size.max = 1048576 (custom)
2019-07-13 12:38:01,612 INFO  server.RaftServerConfigKeys (ConfUtils.java:logGet(43)) - raft.server.log.statemachine.data.sync = true (default)
2019-07-13 12:38:01,612 INFO  server.RaftServerConfigKeys (ConfUtils.java:logGet(43)) - raft.server.log.statemachine.data.sync.timeout = 10s (default)
2019-07-13 12:38:01,612 INFO  server.RaftServerConfigKeys (ConfUtils.java:logGet(43)) - raft.server.retrycache.expirytime = 600000ms (custom)
2019-07-13 12:38:01,613 INFO  server.RaftServerConfigKeys (ConfUtils.java:logGet(43)) - raft.server.log.statemachine.data.sync.timeout.retry = -1 (default)
2019-07-13 12:38:01,612 INFO  server.RaftServerConfigKeys (ConfUtils.java:logGet(43)) - raft.server.log.preallocated.size = 16384 (custom)
2019-07-13 12:38:01,613 INFO  server.RaftServerConfigKeys (ConfUtils.java:logGet(43)) - raft.server.log.statemachine.data.caching.enabled = true (custom)
2019-07-13 12:38:01,613 INFO  impl.RaftServerImpl (RaftServerImpl.java:start(180)) - 9a847b5d-0baa-4d17-ab8a-ac0eb0817957: start group-FAC3D59B9B49
2019-07-13 12:38:01,613 INFO  server.RaftServerConfigKeys (ConfUtils.java:logGet(43)) - raft.server.log.write.buffer.size = 33554432 (custom)
2019-07-13 12:38:01,613 INFO  segmented.SegmentedRaftLogWorker (SegmentedRaftLogWorker.java:lambda$new$0(132)) - f4729627-52ae-443d-9e71-f0640918618c-SegmentedRaftLogWorker:Storage Directory /tmp/workdir/hadoop-ozone/integration-test/target/test-dir/MiniOzoneClusterImpl-dd177095-6ff0-4c98-92dc-be788b95eaac/datanode-1/data/ratis/47facfb5-b8d9-4440-926f-fac3d59b9b49: flushIndex: setUnconditionally 0 -> -1
2019-07-13 12:38:01,613 INFO  impl.RaftServerImpl (RaftServerImpl.java:setRole(171)) - 9a847b5d-0baa-4d17-ab8a-ac0eb0817957:group-FAC3D59B9B49 changes role from null to FOLLOWER at term 0 for startAsFollower
2019-07-13 12:38:01,613 INFO  server.RaftServerConfigKeys (ConfUtils.java:logGet(43)) - raft.server.log.force.sync.num = 128 (default)
2019-07-13 12:38:01,614 INFO  server.RaftServerConfigKeys (ConfUtils.java:logGet(43)) - raft.server.snapshot.auto.trigger.enabled = true (custom)
2019-07-13 12:38:01,614 INFO  impl.RoleInfo (RoleInfo.java:updateAndGet(143)) - 9a847b5d-0baa-4d17-ab8a-ac0eb0817957: start FollowerState
2019-07-13 12:38:01,614 INFO  server.RaftServerConfigKeys (ConfUtils.java:logGet(43)) - raft.server.snapshot.auto.trigger.threshold = 10000 (custom)
2019-07-13 12:38:01,614 INFO  server.RaftServerConfigKeys (ConfUtils.java:logGet(43)) - raft.server.log.statemachine.data.sync = true (default)
2019-07-13 12:38:01,614 INFO  server.RaftServerConfigKeys (ConfUtils.java:logGet(43)) - raft.server.retrycache.expirytime = 600000ms (custom)
2019-07-13 12:38:01,614 INFO  util.JmxRegister (JmxRegister.java:tryRegister(44)) - Successfully registered JMX Bean with object name Ratis:service=RaftServer,group=group-FAC3D59B9B49,id=9a847b5d-0baa-4d17-ab8a-ac0eb0817957
2019-07-13 12:38:01,614 INFO  server.RaftServerConfigKeys (ConfUtils.java:logGet(43)) - raft.server.log.statemachine.data.sync.timeout = 10s (default)
2019-07-13 12:38:01,615 INFO  impl.RaftServerImpl (RaftServerImpl.java:start(180)) - f4729627-52ae-443d-9e71-f0640918618c: start group-FAC3D59B9B49
2019-07-13 12:38:01,615 INFO  server.RaftServerConfigKeys (ConfUtils.java:logGet(43)) - raft.server.log.statemachine.data.sync.timeout.retry = -1 (default)
2019-07-13 12:38:01,615 INFO  impl.RaftServerImpl (RaftServerImpl.java:setRole(171)) - f4729627-52ae-443d-9e71-f0640918618c:group-FAC3D59B9B49 changes role from null to FOLLOWER at term 0 for startAsFollower
2019-07-13 12:38:01,615 INFO  server.RaftServerConfigKeys (ConfUtils.java:logGet(43)) - raft.server.log.statemachine.data.caching.enabled = true (custom)
2019-07-13 12:38:01,615 INFO  impl.RoleInfo (RoleInfo.java:updateAndGet(143)) - f4729627-52ae-443d-9e71-f0640918618c: start FollowerState
2019-07-13 12:38:01,615 INFO  segmented.SegmentedRaftLogWorker (SegmentedRaftLogWorker.java:lambda$new$0(132)) - 0060b7bc-ea9e-4147-af06-f5d82aee6d2a-SegmentedRaftLogWorker:Storage Directory /tmp/workdir/hadoop-ozone/integration-test/target/test-dir/MiniOzoneClusterImpl-dd177095-6ff0-4c98-92dc-be788b95eaac/datanode-0/data/ratis/47facfb5-b8d9-4440-926f-fac3d59b9b49: flushIndex: setUnconditionally 0 -> -1
2019-07-13 12:38:01,616 INFO  util.JmxRegister (JmxRegister.java:tryRegister(44)) - Successfully registered JMX Bean with object name Ratis:service=RaftServer,group=group-FAC3D59B9B49,id=f4729627-52ae-443d-9e71-f0640918618c
2019-07-13 12:38:01,619 INFO  server.RaftServerConfigKeys (ConfUtils.java:logGet(43)) - raft.server.snapshot.auto.trigger.enabled = true (custom)
2019-07-13 12:38:01,619 INFO  server.RaftServerConfigKeys (ConfUtils.java:logGet(43)) - raft.server.snapshot.auto.trigger.threshold = 10000 (custom)
2019-07-13 12:38:01,619 INFO  server.RaftServerConfigKeys (ConfUtils.java:logGet(43)) - raft.server.retrycache.expirytime = 600000ms (custom)
2019-07-13 12:38:01,619 INFO  impl.RaftServerImpl (RaftServerImpl.java:start(180)) - 0060b7bc-ea9e-4147-af06-f5d82aee6d2a: start group-FAC3D59B9B49
2019-07-13 12:38:01,619 INFO  impl.RaftServerImpl (RaftServerImpl.java:setRole(171)) - 0060b7bc-ea9e-4147-af06-f5d82aee6d2a:group-FAC3D59B9B49 changes role from null to FOLLOWER at term 0 for startAsFollower
2019-07-13 12:38:01,620 INFO  impl.RoleInfo (RoleInfo.java:updateAndGet(143)) - 0060b7bc-ea9e-4147-af06-f5d82aee6d2a: start FollowerState
2019-07-13 12:38:01,622 INFO  util.JmxRegister (JmxRegister.java:tryRegister(44)) - Successfully registered JMX Bean with object name Ratis:service=RaftServer,group=group-FAC3D59B9B49,id=0060b7bc-ea9e-4147-af06-f5d82aee6d2a
2019-07-13 12:38:01,626 INFO  pipeline.PipelineStateManager (PipelineStateManager.java:addPipeline(56)) - Created pipeline Pipeline[ Id: 47facfb5-b8d9-4440-926f-fac3d59b9b49, Nodes: 9a847b5d-0baa-4d17-ab8a-ac0eb0817957{ip: 192.168.5.181, host: trunk-nightly-q2gwj-1111726333, networkLocation: /default-rack, certSerialId: null}f4729627-52ae-443d-9e71-f0640918618c{ip: 192.168.5.181, host: trunk-nightly-q2gwj-1111726333, networkLocation: /default-rack, certSerialId: null}0060b7bc-ea9e-4147-af06-f5d82aee6d2a{ip: 192.168.5.181, host: trunk-nightly-q2gwj-1111726333, networkLocation: /default-rack, certSerialId: null}, Type:RATIS, Factor:THREE, State:OPEN]
2019-07-13 12:38:01,771 INFO  node.SCMNodeManager (SCMNodeManager.java:register(269)) - Registered Data node : 1bc21d47-9841-49b0-bf99-53eb7135dcbc{ip: 192.168.5.181, host: trunk-nightly-q2gwj-1111726333, networkLocation: /default-rack, certSerialId: null}
2019-07-13 12:38:01,781 INFO  impl.RaftServerProxy (RaftServerProxy.java:addNew(89)) - 1bc21d47-9841-49b0-bf99-53eb7135dcbc: addNew group-BF85066D4768:[1bc21d47-9841-49b0-bf99-53eb7135dcbc:192.168.5.181:45620] returns group-BF85066D4768:java.util.concurrent.CompletableFuture@7c8627ea[Not completed]
2019-07-13 12:38:01,782 INFO  impl.RaftServerImpl (RaftServerImpl.java:<init>(93)) - 1bc21d47-9841-49b0-bf99-53eb7135dcbc: new RaftServerImpl for group-BF85066D4768:[1bc21d47-9841-49b0-bf99-53eb7135dcbc:192.168.5.181:45620] with ContainerStateMachine:uninitialized
2019-07-13 12:38:01,782 INFO  server.RaftServerConfigKeys (ConfUtils.java:logGet(43)) - raft.server.rpc.timeout.min = 5s (custom)
2019-07-13 12:38:01,782 INFO  server.RaftServerConfigKeys (ConfUtils.java:logGet(43)) - raft.server.rpc.timeout.max = 5200ms (custom)
2019-07-13 12:38:01,782 INFO  server.RaftServerConfigKeys (ConfUtils.java:logGet(43)) - raft.server.rpcslowness.timeout = 120s (custom)
2019-07-13 12:38:01,782 INFO  server.RaftServerConfigKeys (ConfUtils.java:logGet(43)) - raft.server.sleep.deviation.threshold = 300 (default)
2019-07-13 12:38:01,782 INFO  server.RaftServerConfigKeys (ConfUtils.java:logGet(43)) - raft.server.log.appender.install.snapshot.enabled = false (custom)
2019-07-13 12:38:01,783 INFO  impl.RaftServerImpl (ServerState.java:<init>(105)) - 1bc21d47-9841-49b0-bf99-53eb7135dcbc:group-BF85066D4768 ConfigurationManager, init=-1: [1bc21d47-9841-49b0-bf99-53eb7135dcbc:192.168.5.181:45620], old=null, confs=<EMPTY_MAP>
2019-07-13 12:38:01,783 INFO  server.RaftServerConfigKeys (ConfUtils.java:logGet(43)) - raft.server.storage.dir = [/tmp/workdir/hadoop-ozone/integration-test/target/test-dir/MiniOzoneClusterImpl-dd177095-6ff0-4c98-92dc-be788b95eaac/datanode-3/data/ratis] (custom)
2019-07-13 12:38:01,783 INFO  storage.RaftStorageDirectory (RaftStorageDirectory.java:analyzeStorage(246)) - The storage directory /tmp/workdir/hadoop-ozone/integration-test/target/test-dir/MiniOzoneClusterImpl-dd177095-6ff0-4c98-92dc-be788b95eaac/datanode-3/data/ratis/2882d17b-54fc-4a51-a8c2-bf85066d4768 does not exist. Creating ...
2019-07-13 12:38:01,795 INFO  storage.RaftStorageDirectory (RaftStorageDirectory.java:tryLock(328)) - Lock on /tmp/workdir/hadoop-ozone/integration-test/target/test-dir/MiniOzoneClusterImpl-dd177095-6ff0-4c98-92dc-be788b95eaac/datanode-3/data/ratis/2882d17b-54fc-4a51-a8c2-bf85066d4768/in_use.lock acquired by nodename 32027@trunk-nightly-q2gwj-1111726333
2019-07-13 12:38:01,804 INFO  storage.RaftStorage (RaftStorage.java:format(72)) - Storage directory /tmp/workdir/hadoop-ozone/integration-test/target/test-dir/MiniOzoneClusterImpl-dd177095-6ff0-4c98-92dc-be788b95eaac/datanode-3/data/ratis/2882d17b-54fc-4a51-a8c2-bf85066d4768 has been successfully formatted.
2019-07-13 12:38:01,804 INFO  ratis.ContainerStateMachine (ContainerStateMachine.java:loadSnapshot(200)) - The snapshot info is null.Setting the last applied index to:(t:0, i:~)
2019-07-13 12:38:01,804 INFO  server.RaftServerConfigKeys (ConfUtils.java:logGet(43)) - raft.server.leader.election.timeout = 120s (custom)
2019-07-13 12:38:01,804 INFO  server.RaftServerConfigKeys (ConfUtils.java:logGet(43)) - raft.server.log.use.memory = false (default)
2019-07-13 12:38:01,805 INFO  server.RaftServerConfigKeys (ConfUtils.java:logGet(43)) - raft.server.log.purge.gap = 1000000000 (custom)
2019-07-13 12:38:01,805 INFO  server.RaftServerConfigKeys (ConfUtils.java:logGet(43)) - raft.server.log.appender.buffer.byte-limit = 33554432 (custom)
2019-07-13 12:38:01,805 INFO  server.RaftServerConfigKeys (ConfUtils.java:logGet(43)) - raft.server.log.segment.size.max = 1048576 (custom)
2019-07-13 12:38:01,805 INFO  server.RaftServerConfigKeys (ConfUtils.java:logGet(43)) - raft.server.log.segment.cache.num.max = 2 (custom)
2019-07-13 12:38:01,805 INFO  segmented.SegmentedRaftLogWorker (SegmentedRaftLogWorker.java:<init>(172)) - new 1bc21d47-9841-49b0-bf99-53eb7135dcbc-SegmentedRaftLogWorker:Storage Directory /tmp/workdir/hadoop-ozone/integration-test/target/test-dir/MiniOzoneClusterImpl-dd177095-6ff0-4c98-92dc-be788b95eaac/datanode-3/data/ratis/2882d17b-54fc-4a51-a8c2-bf85066d4768 for RaftStorage:Storage Directory /tmp/workdir/hadoop-ozone/integration-test/target/test-dir/MiniOzoneClusterImpl-dd177095-6ff0-4c98-92dc-be788b95eaac/datanode-3/data/ratis/2882d17b-54fc-4a51-a8c2-bf85066d4768
2019-07-13 12:38:01,805 INFO  server.RaftServerConfigKeys (ConfUtils.java:logGet(43)) - raft.server.log.queue.byte-limit = 2147483647 (custom)
2019-07-13 12:38:01,805 INFO  server.RaftServerConfigKeys (ConfUtils.java:logGet(43)) - raft.server.log.queue.element-limit = 1024 (custom)
2019-07-13 12:38:01,806 INFO  server.RaftServerConfigKeys (ConfUtils.java:logGet(43)) - raft.server.log.segment.size.max = 1048576 (custom)
2019-07-13 12:38:01,806 INFO  server.RaftServerConfigKeys (ConfUtils.java:logGet(43)) - raft.server.log.preallocated.size = 16384 (custom)
2019-07-13 12:38:01,806 INFO  server.RaftServerConfigKeys (ConfUtils.java:logGet(43)) - raft.server.log.write.buffer.size = 33554432 (custom)
2019-07-13 12:38:01,806 INFO  server.RaftServerConfigKeys (ConfUtils.java:logGet(43)) - raft.server.log.force.sync.num = 128 (default)
2019-07-13 12:38:01,806 INFO  server.RaftServerConfigKeys (ConfUtils.java:logGet(43)) - raft.server.log.statemachine.data.sync = true (default)
2019-07-13 12:38:01,806 INFO  server.RaftServerConfigKeys (ConfUtils.java:logGet(43)) - raft.server.log.statemachine.data.sync.timeout = 10s (default)
2019-07-13 12:38:01,806 INFO  server.RaftServerConfigKeys (ConfUtils.java:logGet(43)) - raft.server.log.statemachine.data.sync.timeout.retry = -1 (default)
2019-07-13 12:38:01,807 INFO  server.RaftServerConfigKeys (ConfUtils.java:logGet(43)) - raft.server.log.statemachine.data.caching.enabled = true (custom)
2019-07-13 12:38:01,807 INFO  segmented.SegmentedRaftLogWorker (SegmentedRaftLogWorker.java:lambda$new$0(132)) - 1bc21d47-9841-49b0-bf99-53eb7135dcbc-SegmentedRaftLogWorker:Storage Directory /tmp/workdir/hadoop-ozone/integration-test/target/test-dir/MiniOzoneClusterImpl-dd177095-6ff0-4c98-92dc-be788b95eaac/datanode-3/data/ratis/2882d17b-54fc-4a51-a8c2-bf85066d4768: flushIndex: setUnconditionally 0 -> -1
2019-07-13 12:38:01,807 INFO  server.RaftServerConfigKeys (ConfUtils.java:logGet(43)) - raft.server.snapshot.auto.trigger.enabled = true (custom)
2019-07-13 12:38:01,807 INFO  server.RaftServerConfigKeys (ConfUtils.java:logGet(43)) - raft.server.snapshot.auto.trigger.threshold = 10000 (custom)
2019-07-13 12:38:01,808 INFO  server.RaftServerConfigKeys (ConfUtils.java:logGet(43)) - raft.server.retrycache.expirytime = 600000ms (custom)
2019-07-13 12:38:01,808 INFO  impl.RaftServerImpl (RaftServerImpl.java:start(180)) - 1bc21d47-9841-49b0-bf99-53eb7135dcbc: start group-BF85066D4768
2019-07-13 12:38:01,808 INFO  impl.RaftServerImpl (RaftServerImpl.java:setRole(171)) - 1bc21d47-9841-49b0-bf99-53eb7135dcbc:group-BF85066D4768 changes role from null to FOLLOWER at term 0 for startAsFollower
2019-07-13 12:38:01,808 INFO  impl.RoleInfo (RoleInfo.java:updateAndGet(143)) - 1bc21d47-9841-49b0-bf99-53eb7135dcbc: start FollowerState
2019-07-13 12:38:01,826 INFO  util.JmxRegister (JmxRegister.java:tryRegister(44)) - Successfully registered JMX Bean with object name Ratis:service=RaftServer,group=group-BF85066D4768,id=1bc21d47-9841-49b0-bf99-53eb7135dcbc
2019-07-13 12:38:01,839 INFO  pipeline.PipelineStateManager (PipelineStateManager.java:addPipeline(56)) - Created pipeline Pipeline[ Id: 2882d17b-54fc-4a51-a8c2-bf85066d4768, Nodes: 1bc21d47-9841-49b0-bf99-53eb7135dcbc{ip: 192.168.5.181, host: trunk-nightly-q2gwj-1111726333, networkLocation: /default-rack, certSerialId: null}, Type:RATIS, Factor:ONE, State:OPEN]
2019-07-13 12:38:01,977 INFO  node.SCMNodeManager (SCMNodeManager.java:register(269)) - Registered Data node : 793ede1c-9cc0-400c-868a-e5201be0542d{ip: 192.168.5.181, host: trunk-nightly-q2gwj-1111726333, networkLocation: /default-rack, certSerialId: null}
2019-07-13 12:38:01,985 INFO  impl.RaftServerProxy (RaftServerProxy.java:addNew(89)) - 793ede1c-9cc0-400c-868a-e5201be0542d: addNew group-DB454F431847:[793ede1c-9cc0-400c-868a-e5201be0542d:192.168.5.181:45615] returns group-DB454F431847:java.util.concurrent.CompletableFuture@c908b49[Not completed]
2019-07-13 12:38:01,986 INFO  impl.RaftServerImpl (RaftServerImpl.java:<init>(93)) - 793ede1c-9cc0-400c-868a-e5201be0542d: new RaftServerImpl for group-DB454F431847:[793ede1c-9cc0-400c-868a-e5201be0542d:192.168.5.181:45615] with ContainerStateMachine:uninitialized
2019-07-13 12:38:01,986 INFO  server.RaftServerConfigKeys (ConfUtils.java:logGet(43)) - raft.server.rpc.timeout.min = 5s (custom)
2019-07-13 12:38:01,986 INFO  server.RaftServerConfigKeys (ConfUtils.java:logGet(43)) - raft.server.rpc.timeout.max = 5200ms (custom)
2019-07-13 12:38:01,986 INFO  server.RaftServerConfigKeys (ConfUtils.java:logGet(43)) - raft.server.rpcslowness.timeout = 120s (custom)
2019-07-13 12:38:01,986 INFO  server.RaftServerConfigKeys (ConfUtils.java:logGet(43)) - raft.server.sleep.deviation.threshold = 300 (default)
2019-07-13 12:38:01,986 INFO  server.RaftServerConfigKeys (ConfUtils.java:logGet(43)) - raft.server.log.appender.install.snapshot.enabled = false (custom)
2019-07-13 12:38:01,986 INFO  impl.RaftServerImpl (ServerState.java:<init>(105)) - 793ede1c-9cc0-400c-868a-e5201be0542d:group-DB454F431847 ConfigurationManager, init=-1: [793ede1c-9cc0-400c-868a-e5201be0542d:192.168.5.181:45615], old=null, confs=<EMPTY_MAP>
2019-07-13 12:38:01,987 INFO  server.RaftServerConfigKeys (ConfUtils.java:logGet(43)) - raft.server.storage.dir = [/tmp/workdir/hadoop-ozone/integration-test/target/test-dir/MiniOzoneClusterImpl-dd177095-6ff0-4c98-92dc-be788b95eaac/datanode-4/data/ratis] (custom)
2019-07-13 12:38:01,987 INFO  storage.RaftStorageDirectory (RaftStorageDirectory.java:analyzeStorage(246)) - The storage directory /tmp/workdir/hadoop-ozone/integration-test/target/test-dir/MiniOzoneClusterImpl-dd177095-6ff0-4c98-92dc-be788b95eaac/datanode-4/data/ratis/5777a237-7eca-45b6-867a-db454f431847 does not exist. Creating ...
2019-07-13 12:38:01,993 INFO  storage.RaftStorageDirectory (RaftStorageDirectory.java:tryLock(328)) - Lock on /tmp/workdir/hadoop-ozone/integration-test/target/test-dir/MiniOzoneClusterImpl-dd177095-6ff0-4c98-92dc-be788b95eaac/datanode-4/data/ratis/5777a237-7eca-45b6-867a-db454f431847/in_use.lock acquired by nodename 32027@trunk-nightly-q2gwj-1111726333
2019-07-13 12:38:01,996 INFO  storage.RaftStorage (RaftStorage.java:format(72)) - Storage directory /tmp/workdir/hadoop-ozone/integration-test/target/test-dir/MiniOzoneClusterImpl-dd177095-6ff0-4c98-92dc-be788b95eaac/datanode-4/data/ratis/5777a237-7eca-45b6-867a-db454f431847 has been successfully formatted.
2019-07-13 12:38:01,996 INFO  ratis.ContainerStateMachine (ContainerStateMachine.java:loadSnapshot(200)) - The snapshot info is null.Setting the last applied index to:(t:0, i:~)
2019-07-13 12:38:01,997 INFO  server.RaftServerConfigKeys (ConfUtils.java:logGet(43)) - raft.server.leader.election.timeout = 120s (custom)
2019-07-13 12:38:01,997 INFO  server.RaftServerConfigKeys (ConfUtils.java:logGet(43)) - raft.server.log.use.memory = false (default)
2019-07-13 12:38:01,997 INFO  server.RaftServerConfigKeys (ConfUtils.java:logGet(43)) - raft.server.log.purge.gap = 1000000000 (custom)
2019-07-13 12:38:01,997 INFO  server.RaftServerConfigKeys (ConfUtils.java:logGet(43)) - raft.server.log.appender.buffer.byte-limit = 33554432 (custom)
2019-07-13 12:38:01,997 INFO  server.RaftServerConfigKeys (ConfUtils.java:logGet(43)) - raft.server.log.segment.size.max = 1048576 (custom)
2019-07-13 12:38:01,997 INFO  server.RaftServerConfigKeys (ConfUtils.java:logGet(43)) - raft.server.log.segment.cache.num.max = 2 (custom)
2019-07-13 12:38:01,998 INFO  segmented.SegmentedRaftLogWorker (SegmentedRaftLogWorker.java:<init>(172)) - new 793ede1c-9cc0-400c-868a-e5201be0542d-SegmentedRaftLogWorker:Storage Directory /tmp/workdir/hadoop-ozone/integration-test/target/test-dir/MiniOzoneClusterImpl-dd177095-6ff0-4c98-92dc-be788b95eaac/datanode-4/data/ratis/5777a237-7eca-45b6-867a-db454f431847 for RaftStorage:Storage Directory /tmp/workdir/hadoop-ozone/integration-test/target/test-dir/MiniOzoneClusterImpl-dd177095-6ff0-4c98-92dc-be788b95eaac/datanode-4/data/ratis/5777a237-7eca-45b6-867a-db454f431847
2019-07-13 12:38:01,998 INFO  server.RaftServerConfigKeys (ConfUtils.java:logGet(43)) - raft.server.log.queue.byte-limit = 2147483647 (custom)
2019-07-13 12:38:01,998 INFO  server.RaftServerConfigKeys (ConfUtils.java:logGet(43)) - raft.server.log.queue.element-limit = 1024 (custom)
2019-07-13 12:38:01,998 INFO  server.RaftServerConfigKeys (ConfUtils.java:logGet(43)) - raft.server.log.segment.size.max = 1048576 (custom)
2019-07-13 12:38:01,998 INFO  server.RaftServerConfigKeys (ConfUtils.java:logGet(43)) - raft.server.log.preallocated.size = 16384 (custom)
2019-07-13 12:38:01,998 INFO  server.RaftServerConfigKeys (ConfUtils.java:logGet(43)) - raft.server.log.write.buffer.size = 33554432 (custom)
2019-07-13 12:38:01,999 INFO  server.RaftServerConfigKeys (ConfUtils.java:logGet(43)) - raft.server.log.force.sync.num = 128 (default)
2019-07-13 12:38:01,999 INFO  server.RaftServerConfigKeys (ConfUtils.java:logGet(43)) - raft.server.log.statemachine.data.sync = true (default)
2019-07-13 12:38:01,999 INFO  server.RaftServerConfigKeys (ConfUtils.java:logGet(43)) - raft.server.log.statemachine.data.sync.timeout = 10s (default)
2019-07-13 12:38:01,999 INFO  server.RaftServerConfigKeys (ConfUtils.java:logGet(43)) - raft.server.log.statemachine.data.sync.timeout.retry = -1 (default)
2019-07-13 12:38:01,999 INFO  server.RaftServerConfigKeys (ConfUtils.java:logGet(43)) - raft.server.log.statemachine.data.caching.enabled = true (custom)
2019-07-13 12:38:02,000 INFO  segmented.SegmentedRaftLogWorker (SegmentedRaftLogWorker.java:lambda$new$0(132)) - 793ede1c-9cc0-400c-868a-e5201be0542d-SegmentedRaftLogWorker:Storage Directory /tmp/workdir/hadoop-ozone/integration-test/target/test-dir/MiniOzoneClusterImpl-dd177095-6ff0-4c98-92dc-be788b95eaac/datanode-4/data/ratis/5777a237-7eca-45b6-867a-db454f431847: flushIndex: setUnconditionally 0 -> -1
2019-07-13 12:38:02,000 INFO  server.RaftServerConfigKeys (ConfUtils.java:logGet(43)) - raft.server.snapshot.auto.trigger.enabled = true (custom)
2019-07-13 12:38:02,000 INFO  server.RaftServerConfigKeys (ConfUtils.java:logGet(43)) - raft.server.snapshot.auto.trigger.threshold = 10000 (custom)
2019-07-13 12:38:02,000 INFO  server.RaftServerConfigKeys (ConfUtils.java:logGet(43)) - raft.server.retrycache.expirytime = 600000ms (custom)
2019-07-13 12:38:02,000 INFO  impl.RaftServerImpl (RaftServerImpl.java:start(180)) - 793ede1c-9cc0-400c-868a-e5201be0542d: start group-DB454F431847
2019-07-13 12:38:02,001 INFO  impl.RaftServerImpl (RaftServerImpl.java:setRole(171)) - 793ede1c-9cc0-400c-868a-e5201be0542d:group-DB454F431847 changes role from null to FOLLOWER at term 0 for startAsFollower
2019-07-13 12:38:02,001 INFO  impl.RoleInfo (RoleInfo.java:updateAndGet(143)) - 793ede1c-9cc0-400c-868a-e5201be0542d: start FollowerState
2019-07-13 12:38:02,001 INFO  util.JmxRegister (JmxRegister.java:tryRegister(44)) - Successfully registered JMX Bean with object name Ratis:service=RaftServer,group=group-DB454F431847,id=793ede1c-9cc0-400c-868a-e5201be0542d
2019-07-13 12:38:02,006 INFO  pipeline.PipelineStateManager (PipelineStateManager.java:addPipeline(56)) - Created pipeline Pipeline[ Id: 5777a237-7eca-45b6-867a-db454f431847, Nodes: 793ede1c-9cc0-400c-868a-e5201be0542d{ip: 192.168.5.181, host: trunk-nightly-q2gwj-1111726333, networkLocation: /default-rack, certSerialId: null}, Type:RATIS, Factor:ONE, State:OPEN]
2019-07-13 12:38:02,147 INFO  node.SCMNodeManager (SCMNodeManager.java:register(269)) - Registered Data node : 995671c8-c505-460c-a857-f81a18c3367d{ip: 192.168.5.181, host: trunk-nightly-q2gwj-1111726333, networkLocation: /default-rack, certSerialId: null}
2019-07-13 12:38:02,154 INFO  impl.RaftServerProxy (RaftServerProxy.java:addNew(89)) - 995671c8-c505-460c-a857-f81a18c3367d: addNew group-B611FD7A82B5:[995671c8-c505-460c-a857-f81a18c3367d:192.168.5.181:43985] returns group-B611FD7A82B5:java.util.concurrent.CompletableFuture@9ce104f[Not completed]
2019-07-13 12:38:02,156 INFO  impl.RaftServerImpl (RaftServerImpl.java:<init>(93)) - 995671c8-c505-460c-a857-f81a18c3367d: new RaftServerImpl for group-B611FD7A82B5:[995671c8-c505-460c-a857-f81a18c3367d:192.168.5.181:43985] with ContainerStateMachine:uninitialized
2019-07-13 12:38:02,156 INFO  server.RaftServerConfigKeys (ConfUtils.java:logGet(43)) - raft.server.rpc.timeout.min = 5s (custom)
2019-07-13 12:38:02,156 INFO  server.RaftServerConfigKeys (ConfUtils.java:logGet(43)) - raft.server.rpc.timeout.max = 5200ms (custom)
2019-07-13 12:38:02,156 INFO  server.RaftServerConfigKeys (ConfUtils.java:logGet(43)) - raft.server.rpcslowness.timeout = 120s (custom)
2019-07-13 12:38:02,156 INFO  server.RaftServerConfigKeys (ConfUtils.java:logGet(43)) - raft.server.sleep.deviation.threshold = 300 (default)
2019-07-13 12:38:02,156 INFO  server.RaftServerConfigKeys (ConfUtils.java:logGet(43)) - raft.server.log.appender.install.snapshot.enabled = false (custom)
2019-07-13 12:38:02,156 INFO  impl.RaftServerImpl (ServerState.java:<init>(105)) - 995671c8-c505-460c-a857-f81a18c3367d:group-B611FD7A82B5 ConfigurationManager, init=-1: [995671c8-c505-460c-a857-f81a18c3367d:192.168.5.181:43985], old=null, confs=<EMPTY_MAP>
2019-07-13 12:38:02,157 INFO  server.RaftServerConfigKeys (ConfUtils.java:logGet(43)) - raft.server.storage.dir = [/tmp/workdir/hadoop-ozone/integration-test/target/test-dir/MiniOzoneClusterImpl-dd177095-6ff0-4c98-92dc-be788b95eaac/datanode-5/data/ratis] (custom)
2019-07-13 12:38:02,157 INFO  storage.RaftStorageDirectory (RaftStorageDirectory.java:analyzeStorage(246)) - The storage directory /tmp/workdir/hadoop-ozone/integration-test/target/test-dir/MiniOzoneClusterImpl-dd177095-6ff0-4c98-92dc-be788b95eaac/datanode-5/data/ratis/a85557e8-7137-4cdb-b253-b611fd7a82b5 does not exist. Creating ...
2019-07-13 12:38:02,162 INFO  storage.RaftStorageDirectory (RaftStorageDirectory.java:tryLock(328)) - Lock on /tmp/workdir/hadoop-ozone/integration-test/target/test-dir/MiniOzoneClusterImpl-dd177095-6ff0-4c98-92dc-be788b95eaac/datanode-5/data/ratis/a85557e8-7137-4cdb-b253-b611fd7a82b5/in_use.lock acquired by nodename 32027@trunk-nightly-q2gwj-1111726333
2019-07-13 12:38:02,165 INFO  storage.RaftStorage (RaftStorage.java:format(72)) - Storage directory /tmp/workdir/hadoop-ozone/integration-test/target/test-dir/MiniOzoneClusterImpl-dd177095-6ff0-4c98-92dc-be788b95eaac/datanode-5/data/ratis/a85557e8-7137-4cdb-b253-b611fd7a82b5 has been successfully formatted.
2019-07-13 12:38:02,165 INFO  ratis.ContainerStateMachine (ContainerStateMachine.java:loadSnapshot(200)) - The snapshot info is null.Setting the last applied index to:(t:0, i:~)
2019-07-13 12:38:02,165 INFO  server.RaftServerConfigKeys (ConfUtils.java:logGet(43)) - raft.server.leader.election.timeout = 120s (custom)
2019-07-13 12:38:02,165 INFO  server.RaftServerConfigKeys (ConfUtils.java:logGet(43)) - raft.server.log.use.memory = false (default)
2019-07-13 12:38:02,166 INFO  server.RaftServerConfigKeys (ConfUtils.java:logGet(43)) - raft.server.log.purge.gap = 1000000000 (custom)
2019-07-13 12:38:02,166 INFO  server.RaftServerConfigKeys (ConfUtils.java:logGet(43)) - raft.server.log.appender.buffer.byte-limit = 33554432 (custom)
2019-07-13 12:38:02,166 INFO  server.RaftServerConfigKeys (ConfUtils.java:logGet(43)) - raft.server.log.segment.size.max = 1048576 (custom)
2019-07-13 12:38:02,166 INFO  server.RaftServerConfigKeys (ConfUtils.java:logGet(43)) - raft.server.log.segment.cache.num.max = 2 (custom)
2019-07-13 12:38:02,166 INFO  segmented.SegmentedRaftLogWorker (SegmentedRaftLogWorker.java:<init>(172)) - new 995671c8-c505-460c-a857-f81a18c3367d-SegmentedRaftLogWorker:Storage Directory /tmp/workdir/hadoop-ozone/integration-test/target/test-dir/MiniOzoneClusterImpl-dd177095-6ff0-4c98-92dc-be788b95eaac/datanode-5/data/ratis/a85557e8-7137-4cdb-b253-b611fd7a82b5 for RaftStorage:Storage Directory /tmp/workdir/hadoop-ozone/integration-test/target/test-dir/MiniOzoneClusterImpl-dd177095-6ff0-4c98-92dc-be788b95eaac/datanode-5/data/ratis/a85557e8-7137-4cdb-b253-b611fd7a82b5
2019-07-13 12:38:02,166 INFO  server.RaftServerConfigKeys (ConfUtils.java:logGet(43)) - raft.server.log.queue.byte-limit = 2147483647 (custom)
2019-07-13 12:38:02,167 INFO  server.RaftServerConfigKeys (ConfUtils.java:logGet(43)) - raft.server.log.queue.element-limit = 1024 (custom)
2019-07-13 12:38:02,167 INFO  server.RaftServerConfigKeys (ConfUtils.java:logGet(43)) - raft.server.log.segment.size.max = 1048576 (custom)
2019-07-13 12:38:02,167 INFO  server.RaftServerConfigKeys (ConfUtils.java:logGet(43)) - raft.server.log.preallocated.size = 16384 (custom)
2019-07-13 12:38:02,167 INFO  server.RaftServerConfigKeys (ConfUtils.java:logGet(43)) - raft.server.log.write.buffer.size = 33554432 (custom)
2019-07-13 12:38:02,167 INFO  server.RaftServerConfigKeys (ConfUtils.java:logGet(43)) - raft.server.log.force.sync.num = 128 (default)
2019-07-13 12:38:02,168 INFO  server.RaftServerConfigKeys (ConfUtils.java:logGet(43)) - raft.server.log.statemachine.data.sync = true (default)
2019-07-13 12:38:02,168 INFO  server.RaftServerConfigKeys (ConfUtils.java:logGet(43)) - raft.server.log.statemachine.data.sync.timeout = 10s (default)
2019-07-13 12:38:02,168 INFO  server.RaftServerConfigKeys (ConfUtils.java:logGet(43)) - raft.server.log.statemachine.data.sync.timeout.retry = -1 (default)
2019-07-13 12:38:02,168 INFO  server.RaftServerConfigKeys (ConfUtils.java:logGet(43)) - raft.server.log.statemachine.data.caching.enabled = true (custom)
2019-07-13 12:38:02,168 INFO  segmented.SegmentedRaftLogWorker (SegmentedRaftLogWorker.java:lambda$new$0(132)) - 995671c8-c505-460c-a857-f81a18c3367d-SegmentedRaftLogWorker:Storage Directory /tmp/workdir/hadoop-ozone/integration-test/target/test-dir/MiniOzoneClusterImpl-dd177095-6ff0-4c98-92dc-be788b95eaac/datanode-5/data/ratis/a85557e8-7137-4cdb-b253-b611fd7a82b5: flushIndex: setUnconditionally 0 -> -1
2019-07-13 12:38:02,169 INFO  server.RaftServerConfigKeys (ConfUtils.java:logGet(43)) - raft.server.snapshot.auto.trigger.enabled = true (custom)
2019-07-13 12:38:02,169 INFO  server.RaftServerConfigKeys (ConfUtils.java:logGet(43)) - raft.server.snapshot.auto.trigger.threshold = 10000 (custom)
2019-07-13 12:38:02,169 INFO  server.RaftServerConfigKeys (ConfUtils.java:logGet(43)) - raft.server.retrycache.expirytime = 600000ms (custom)
2019-07-13 12:38:02,169 INFO  impl.RaftServerImpl (RaftServerImpl.java:start(180)) - 995671c8-c505-460c-a857-f81a18c3367d: start group-B611FD7A82B5
2019-07-13 12:38:02,170 INFO  impl.RaftServerImpl (RaftServerImpl.java:setRole(171)) - 995671c8-c505-460c-a857-f81a18c3367d:group-B611FD7A82B5 changes role from null to FOLLOWER at term 0 for startAsFollower
2019-07-13 12:38:02,170 INFO  impl.RoleInfo (RoleInfo.java:updateAndGet(143)) - 995671c8-c505-460c-a857-f81a18c3367d: start FollowerState
2019-07-13 12:38:02,170 INFO  util.JmxRegister (JmxRegister.java:tryRegister(44)) - Successfully registered JMX Bean with object name Ratis:service=RaftServer,group=group-B611FD7A82B5,id=995671c8-c505-460c-a857-f81a18c3367d
2019-07-13 12:38:02,175 INFO  pipeline.PipelineStateManager (PipelineStateManager.java:addPipeline(56)) - Created pipeline Pipeline[ Id: a85557e8-7137-4cdb-b253-b611fd7a82b5, Nodes: 995671c8-c505-460c-a857-f81a18c3367d{ip: 192.168.5.181, host: trunk-nightly-q2gwj-1111726333, networkLocation: /default-rack, certSerialId: null}, Type:RATIS, Factor:ONE, State:OPEN]
2019-07-13 12:38:02,189 INFO  impl.RaftServerProxy (RaftServerProxy.java:addNew(89)) - 793ede1c-9cc0-400c-868a-e5201be0542d: addNew group-8A67D76BECB8:[995671c8-c505-460c-a857-f81a18c3367d:192.168.5.181:43985, 1bc21d47-9841-49b0-bf99-53eb7135dcbc:192.168.5.181:45620, 793ede1c-9cc0-400c-868a-e5201be0542d:192.168.5.181:45615] returns group-8A67D76BECB8:java.util.concurrent.CompletableFuture@46975fb2[Not completed]
2019-07-13 12:38:02,189 INFO  impl.RaftServerProxy (RaftServerProxy.java:addNew(89)) - 995671c8-c505-460c-a857-f81a18c3367d: addNew group-8A67D76BECB8:[995671c8-c505-460c-a857-f81a18c3367d:192.168.5.181:43985, 1bc21d47-9841-49b0-bf99-53eb7135dcbc:192.168.5.181:45620, 793ede1c-9cc0-400c-868a-e5201be0542d:192.168.5.181:45615] returns group-8A67D76BECB8:java.util.concurrent.CompletableFuture@423090c3[Not completed]
2019-07-13 12:38:02,190 INFO  impl.RaftServerProxy (RaftServerProxy.java:addNew(89)) - 1bc21d47-9841-49b0-bf99-53eb7135dcbc: addNew group-8A67D76BECB8:[995671c8-c505-460c-a857-f81a18c3367d:192.168.5.181:43985, 1bc21d47-9841-49b0-bf99-53eb7135dcbc:192.168.5.181:45620, 793ede1c-9cc0-400c-868a-e5201be0542d:192.168.5.181:45615] returns group-8A67D76BECB8:java.util.concurrent.CompletableFuture@62a93aff[Not completed]
2019-07-13 12:38:02,190 INFO  impl.RaftServerImpl (RaftServerImpl.java:<init>(93)) - 793ede1c-9cc0-400c-868a-e5201be0542d: new RaftServerImpl for group-8A67D76BECB8:[995671c8-c505-460c-a857-f81a18c3367d:192.168.5.181:43985, 1bc21d47-9841-49b0-bf99-53eb7135dcbc:192.168.5.181:45620, 793ede1c-9cc0-400c-868a-e5201be0542d:192.168.5.181:45615] with ContainerStateMachine:uninitialized
2019-07-13 12:38:02,190 INFO  server.RaftServerConfigKeys (ConfUtils.java:logGet(43)) - raft.server.rpc.timeout.min = 5s (custom)
2019-07-13 12:38:02,191 INFO  server.RaftServerConfigKeys (ConfUtils.java:logGet(43)) - raft.server.rpc.timeout.max = 5200ms (custom)
2019-07-13 12:38:02,191 INFO  impl.RaftServerImpl (RaftServerImpl.java:<init>(93)) - 1bc21d47-9841-49b0-bf99-53eb7135dcbc: new RaftServerImpl for group-8A67D76BECB8:[995671c8-c505-460c-a857-f81a18c3367d:192.168.5.181:43985, 1bc21d47-9841-49b0-bf99-53eb7135dcbc:192.168.5.181:45620, 793ede1c-9cc0-400c-868a-e5201be0542d:192.168.5.181:45615] with ContainerStateMachine:uninitialized
2019-07-13 12:38:02,191 INFO  server.RaftServerConfigKeys (ConfUtils.java:logGet(43)) - raft.server.rpcslowness.timeout = 120s (custom)
2019-07-13 12:38:02,191 INFO  server.RaftServerConfigKeys (ConfUtils.java:logGet(43)) - raft.server.rpc.timeout.min = 5s (custom)
2019-07-13 12:38:02,191 INFO  server.RaftServerConfigKeys (ConfUtils.java:logGet(43)) - raft.server.sleep.deviation.threshold = 300 (default)
2019-07-13 12:38:02,191 INFO  impl.RaftServerImpl (RaftServerImpl.java:<init>(93)) - 995671c8-c505-460c-a857-f81a18c3367d: new RaftServerImpl for group-8A67D76BECB8:[995671c8-c505-460c-a857-f81a18c3367d:192.168.5.181:43985, 1bc21d47-9841-49b0-bf99-53eb7135dcbc:192.168.5.181:45620, 793ede1c-9cc0-400c-868a-e5201be0542d:192.168.5.181:45615] with ContainerStateMachine:uninitialized
2019-07-13 12:38:02,191 INFO  server.RaftServerConfigKeys (ConfUtils.java:logGet(43)) - raft.server.rpc.timeout.max = 5200ms (custom)
2019-07-13 12:38:02,192 INFO  server.RaftServerConfigKeys (ConfUtils.java:logGet(43)) - raft.server.rpc.timeout.min = 5s (custom)
2019-07-13 12:38:02,191 INFO  server.RaftServerConfigKeys (ConfUtils.java:logGet(43)) - raft.server.log.appender.install.snapshot.enabled = false (custom)
2019-07-13 12:38:02,192 INFO  server.RaftServerConfigKeys (ConfUtils.java:logGet(43)) - raft.server.rpc.timeout.max = 5200ms (custom)
2019-07-13 12:38:02,192 INFO  server.RaftServerConfigKeys (ConfUtils.java:logGet(43)) - raft.server.rpcslowness.timeout = 120s (custom)
2019-07-13 12:38:02,192 INFO  server.RaftServerConfigKeys (ConfUtils.java:logGet(43)) - raft.server.rpcslowness.timeout = 120s (custom)
2019-07-13 12:38:02,192 INFO  server.RaftServerConfigKeys (ConfUtils.java:logGet(43)) - raft.server.sleep.deviation.threshold = 300 (default)
2019-07-13 12:38:02,193 INFO  server.RaftServerConfigKeys (ConfUtils.java:logGet(43)) - raft.server.log.appender.install.snapshot.enabled = false (custom)
2019-07-13 12:38:02,192 INFO  impl.RaftServerImpl (ServerState.java:<init>(105)) - 793ede1c-9cc0-400c-868a-e5201be0542d:group-8A67D76BECB8 ConfigurationManager, init=-1: [995671c8-c505-460c-a857-f81a18c3367d:192.168.5.181:43985, 1bc21d47-9841-49b0-bf99-53eb7135dcbc:192.168.5.181:45620, 793ede1c-9cc0-400c-868a-e5201be0542d:192.168.5.181:45615], old=null, confs=<EMPTY_MAP>
2019-07-13 12:38:02,193 INFO  impl.RaftServerImpl (ServerState.java:<init>(105)) - 995671c8-c505-460c-a857-f81a18c3367d:group-8A67D76BECB8 ConfigurationManager, init=-1: [995671c8-c505-460c-a857-f81a18c3367d:192.168.5.181:43985, 1bc21d47-9841-49b0-bf99-53eb7135dcbc:192.168.5.181:45620, 793ede1c-9cc0-400c-868a-e5201be0542d:192.168.5.181:45615], old=null, confs=<EMPTY_MAP>
2019-07-13 12:38:02,192 INFO  server.RaftServerConfigKeys (ConfUtils.java:logGet(43)) - raft.server.sleep.deviation.threshold = 300 (default)
2019-07-13 12:38:02,193 INFO  server.RaftServerConfigKeys (ConfUtils.java:logGet(43)) - raft.server.storage.dir = [/tmp/workdir/hadoop-ozone/integration-test/target/test-dir/MiniOzoneClusterImpl-dd177095-6ff0-4c98-92dc-be788b95eaac/datanode-5/data/ratis] (custom)
2019-07-13 12:38:02,193 INFO  server.RaftServerConfigKeys (ConfUtils.java:logGet(43)) - raft.server.storage.dir = [/tmp/workdir/hadoop-ozone/integration-test/target/test-dir/MiniOzoneClusterImpl-dd177095-6ff0-4c98-92dc-be788b95eaac/datanode-4/data/ratis] (custom)
2019-07-13 12:38:02,193 INFO  server.RaftServerConfigKeys (ConfUtils.java:logGet(43)) - raft.server.log.appender.install.snapshot.enabled = false (custom)
2019-07-13 12:38:02,194 INFO  storage.RaftStorageDirectory (RaftStorageDirectory.java:analyzeStorage(246)) - The storage directory /tmp/workdir/hadoop-ozone/integration-test/target/test-dir/MiniOzoneClusterImpl-dd177095-6ff0-4c98-92dc-be788b95eaac/datanode-5/data/ratis/cea7f20e-ff2d-4646-9bf5-8a67d76becb8 does not exist. Creating ...
2019-07-13 12:38:02,194 INFO  storage.RaftStorageDirectory (RaftStorageDirectory.java:analyzeStorage(246)) - The storage directory /tmp/workdir/hadoop-ozone/integration-test/target/test-dir/MiniOzoneClusterImpl-dd177095-6ff0-4c98-92dc-be788b95eaac/datanode-4/data/ratis/cea7f20e-ff2d-4646-9bf5-8a67d76becb8 does not exist. Creating ...
2019-07-13 12:38:02,194 INFO  impl.RaftServerImpl (ServerState.java:<init>(105)) - 1bc21d47-9841-49b0-bf99-53eb7135dcbc:group-8A67D76BECB8 ConfigurationManager, init=-1: [995671c8-c505-460c-a857-f81a18c3367d:192.168.5.181:43985, 1bc21d47-9841-49b0-bf99-53eb7135dcbc:192.168.5.181:45620, 793ede1c-9cc0-400c-868a-e5201be0542d:192.168.5.181:45615], old=null, confs=<EMPTY_MAP>
2019-07-13 12:38:02,194 INFO  server.RaftServerConfigKeys (ConfUtils.java:logGet(43)) - raft.server.storage.dir = [/tmp/workdir/hadoop-ozone/integration-test/target/test-dir/MiniOzoneClusterImpl-dd177095-6ff0-4c98-92dc-be788b95eaac/datanode-3/data/ratis] (custom)
2019-07-13 12:38:02,195 INFO  storage.RaftStorageDirectory (RaftStorageDirectory.java:analyzeStorage(246)) - The storage directory /tmp/workdir/hadoop-ozone/integration-test/target/test-dir/MiniOzoneClusterImpl-dd177095-6ff0-4c98-92dc-be788b95eaac/datanode-3/data/ratis/cea7f20e-ff2d-4646-9bf5-8a67d76becb8 does not exist. Creating ...
2019-07-13 12:38:02,206 INFO  storage.RaftStorageDirectory (RaftStorageDirectory.java:tryLock(328)) - Lock on /tmp/workdir/hadoop-ozone/integration-test/target/test-dir/MiniOzoneClusterImpl-dd177095-6ff0-4c98-92dc-be788b95eaac/datanode-4/data/ratis/cea7f20e-ff2d-4646-9bf5-8a67d76becb8/in_use.lock acquired by nodename 32027@trunk-nightly-q2gwj-1111726333
2019-07-13 12:38:02,206 INFO  storage.RaftStorageDirectory (RaftStorageDirectory.java:tryLock(328)) - Lock on /tmp/workdir/hadoop-ozone/integration-test/target/test-dir/MiniOzoneClusterImpl-dd177095-6ff0-4c98-92dc-be788b95eaac/datanode-5/data/ratis/cea7f20e-ff2d-4646-9bf5-8a67d76becb8/in_use.lock acquired by nodename 32027@trunk-nightly-q2gwj-1111726333
2019-07-13 12:38:02,206 INFO  storage.RaftStorageDirectory (RaftStorageDirectory.java:tryLock(328)) - Lock on /tmp/workdir/hadoop-ozone/integration-test/target/test-dir/MiniOzoneClusterImpl-dd177095-6ff0-4c98-92dc-be788b95eaac/datanode-3/data/ratis/cea7f20e-ff2d-4646-9bf5-8a67d76becb8/in_use.lock acquired by nodename 32027@trunk-nightly-q2gwj-1111726333
2019-07-13 12:38:02,210 INFO  storage.RaftStorage (RaftStorage.java:format(72)) - Storage directory /tmp/workdir/hadoop-ozone/integration-test/target/test-dir/MiniOzoneClusterImpl-dd177095-6ff0-4c98-92dc-be788b95eaac/datanode-4/data/ratis/cea7f20e-ff2d-4646-9bf5-8a67d76becb8 has been successfully formatted.
2019-07-13 12:38:02,211 INFO  storage.RaftStorage (RaftStorage.java:format(72)) - Storage directory /tmp/workdir/hadoop-ozone/integration-test/target/test-dir/MiniOzoneClusterImpl-dd177095-6ff0-4c98-92dc-be788b95eaac/datanode-5/data/ratis/cea7f20e-ff2d-4646-9bf5-8a67d76becb8 has been successfully formatted.
2019-07-13 12:38:02,211 INFO  storage.RaftStorage (RaftStorage.java:format(72)) - Storage directory /tmp/workdir/hadoop-ozone/integration-test/target/test-dir/MiniOzoneClusterImpl-dd177095-6ff0-4c98-92dc-be788b95eaac/datanode-3/data/ratis/cea7f20e-ff2d-4646-9bf5-8a67d76becb8 has been successfully formatted.
2019-07-13 12:38:02,211 INFO  ratis.ContainerStateMachine (ContainerStateMachine.java:loadSnapshot(200)) - The snapshot info is null.Setting the last applied index to:(t:0, i:~)
2019-07-13 12:38:02,211 INFO  ratis.ContainerStateMachine (ContainerStateMachine.java:loadSnapshot(200)) - The snapshot info is null.Setting the last applied index to:(t:0, i:~)
2019-07-13 12:38:02,211 INFO  server.RaftServerConfigKeys (ConfUtils.java:logGet(43)) - raft.server.leader.election.timeout = 120s (custom)
2019-07-13 12:38:02,211 INFO  server.RaftServerConfigKeys (ConfUtils.java:logGet(43)) - raft.server.log.use.memory = false (default)
2019-07-13 12:38:02,211 INFO  ratis.ContainerStateMachine (ContainerStateMachine.java:loadSnapshot(200)) - The snapshot info is null.Setting the last applied index to:(t:0, i:~)
2019-07-13 12:38:02,212 INFO  server.RaftServerConfigKeys (ConfUtils.java:logGet(43)) - raft.server.log.purge.gap = 1000000000 (custom)
2019-07-13 12:38:02,211 INFO  server.RaftServerConfigKeys (ConfUtils.java:logGet(43)) - raft.server.leader.election.timeout = 120s (custom)
2019-07-13 12:38:02,212 INFO  server.RaftServerConfigKeys (ConfUtils.java:logGet(43)) - raft.server.log.appender.buffer.byte-limit = 33554432 (custom)
2019-07-13 12:38:02,212 INFO  server.RaftServerConfigKeys (ConfUtils.java:logGet(43)) - raft.server.leader.election.timeout = 120s (custom)
2019-07-13 12:38:02,212 INFO  server.RaftServerConfigKeys (ConfUtils.java:logGet(43)) - raft.server.log.segment.size.max = 1048576 (custom)
2019-07-13 12:38:02,212 INFO  server.RaftServerConfigKeys (ConfUtils.java:logGet(43)) - raft.server.log.use.memory = false (default)
2019-07-13 12:38:02,213 INFO  server.RaftServerConfigKeys (ConfUtils.java:logGet(43)) - raft.server.log.segment.cache.num.max = 2 (custom)
2019-07-13 12:38:02,212 INFO  server.RaftServerConfigKeys (ConfUtils.java:logGet(43)) - raft.server.log.use.memory = false (default)
2019-07-13 12:38:02,213 INFO  segmented.SegmentedRaftLogWorker (SegmentedRaftLogWorker.java:<init>(172)) - new 995671c8-c505-460c-a857-f81a18c3367d-SegmentedRaftLogWorker:Storage Directory /tmp/workdir/hadoop-ozone/integration-test/target/test-dir/MiniOzoneClusterImpl-dd177095-6ff0-4c98-92dc-be788b95eaac/datanode-5/data/ratis/cea7f20e-ff2d-4646-9bf5-8a67d76becb8 for RaftStorage:Storage Directory /tmp/workdir/hadoop-ozone/integration-test/target/test-dir/MiniOzoneClusterImpl-dd177095-6ff0-4c98-92dc-be788b95eaac/datanode-5/data/ratis/cea7f20e-ff2d-4646-9bf5-8a67d76becb8
2019-07-13 12:38:02,213 INFO  server.RaftServerConfigKeys (ConfUtils.java:logGet(43)) - raft.server.log.purge.gap = 1000000000 (custom)
2019-07-13 12:38:02,213 INFO  server.RaftServerConfigKeys (ConfUtils.java:logGet(43)) - raft.server.log.queue.byte-limit = 2147483647 (custom)
2019-07-13 12:38:02,213 INFO  server.RaftServerConfigKeys (ConfUtils.java:logGet(43)) - raft.server.log.queue.element-limit = 1024 (custom)
2019-07-13 12:38:02,213 INFO  server.RaftServerConfigKeys (ConfUtils.java:logGet(43)) - raft.server.log.purge.gap = 1000000000 (custom)
2019-07-13 12:38:02,214 INFO  server.RaftServerConfigKeys (ConfUtils.java:logGet(43)) - raft.server.log.segment.size.max = 1048576 (custom)
2019-07-13 12:38:02,214 INFO  server.RaftServerConfigKeys (ConfUtils.java:logGet(43)) - raft.server.log.preallocated.size = 16384 (custom)
2019-07-13 12:38:02,213 INFO  server.RaftServerConfigKeys (ConfUtils.java:logGet(43)) - raft.server.log.appender.buffer.byte-limit = 33554432 (custom)
2019-07-13 12:38:02,214 INFO  server.RaftServerConfigKeys (ConfUtils.java:logGet(43)) - raft.server.log.write.buffer.size = 33554432 (custom)
2019-07-13 12:38:02,214 INFO  server.RaftServerConfigKeys (ConfUtils.java:logGet(43)) - raft.server.log.appender.buffer.byte-limit = 33554432 (custom)
2019-07-13 12:38:02,214 INFO  server.RaftServerConfigKeys (ConfUtils.java:logGet(43)) - raft.server.log.force.sync.num = 128 (default)
2019-07-13 12:38:02,215 INFO  server.RaftServerConfigKeys (ConfUtils.java:logGet(43)) - raft.server.log.statemachine.data.sync = true (default)
2019-07-13 12:38:02,214 INFO  server.RaftServerConfigKeys (ConfUtils.java:logGet(43)) - raft.server.log.segment.size.max = 1048576 (custom)
2019-07-13 12:38:02,215 INFO  server.RaftServerConfigKeys (ConfUtils.java:logGet(43)) - raft.server.log.statemachine.data.sync.timeout = 10s (default)
2019-07-13 12:38:02,215 INFO  server.RaftServerConfigKeys (ConfUtils.java:logGet(43)) - raft.server.log.statemachine.data.sync.timeout.retry = -1 (default)
2019-07-13 12:38:02,215 INFO  server.RaftServerConfigKeys (ConfUtils.java:logGet(43)) - raft.server.log.segment.size.max = 1048576 (custom)
2019-07-13 12:38:02,215 INFO  server.RaftServerConfigKeys (ConfUtils.java:logGet(43)) - raft.server.log.statemachine.data.caching.enabled = true (custom)
2019-07-13 12:38:02,215 INFO  server.RaftServerConfigKeys (ConfUtils.java:logGet(43)) - raft.server.log.segment.cache.num.max = 2 (custom)
2019-07-13 12:38:02,215 INFO  server.RaftServerConfigKeys (ConfUtils.java:logGet(43)) - raft.server.log.segment.cache.num.max = 2 (custom)
2019-07-13 12:38:02,216 INFO  segmented.SegmentedRaftLogWorker (SegmentedRaftLogWorker.java:lambda$new$0(132)) - 995671c8-c505-460c-a857-f81a18c3367d-SegmentedRaftLogWorker:Storage Directory /tmp/workdir/hadoop-ozone/integration-test/target/test-dir/MiniOzoneClusterImpl-dd177095-6ff0-4c98-92dc-be788b95eaac/datanode-5/data/ratis/cea7f20e-ff2d-4646-9bf5-8a67d76becb8: flushIndex: setUnconditionally 0 -> -1
2019-07-13 12:38:02,216 INFO  segmented.SegmentedRaftLogWorker (SegmentedRaftLogWorker.java:<init>(172)) - new 793ede1c-9cc0-400c-868a-e5201be0542d-SegmentedRaftLogWorker:Storage Directory /tmp/workdir/hadoop-ozone/integration-test/target/test-dir/MiniOzoneClusterImpl-dd177095-6ff0-4c98-92dc-be788b95eaac/datanode-4/data/ratis/cea7f20e-ff2d-4646-9bf5-8a67d76becb8 for RaftStorage:Storage Directory /tmp/workdir/hadoop-ozone/integration-test/target/test-dir/MiniOzoneClusterImpl-dd177095-6ff0-4c98-92dc-be788b95eaac/datanode-4/data/ratis/cea7f20e-ff2d-4646-9bf5-8a67d76becb8
2019-07-13 12:38:02,216 INFO  segmented.SegmentedRaftLogWorker (SegmentedRaftLogWorker.java:<init>(172)) - new 1bc21d47-9841-49b0-bf99-53eb7135dcbc-SegmentedRaftLogWorker:Storage Directory /tmp/workdir/hadoop-ozone/integration-test/target/test-dir/MiniOzoneClusterImpl-dd177095-6ff0-4c98-92dc-be788b95eaac/datanode-3/data/ratis/cea7f20e-ff2d-4646-9bf5-8a67d76becb8 for RaftStorage:Storage Directory /tmp/workdir/hadoop-ozone/integration-test/target/test-dir/MiniOzoneClusterImpl-dd177095-6ff0-4c98-92dc-be788b95eaac/datanode-3/data/ratis/cea7f20e-ff2d-4646-9bf5-8a67d76becb8
2019-07-13 12:38:02,216 INFO  server.RaftServerConfigKeys (ConfUtils.java:logGet(43)) - raft.server.snapshot.auto.trigger.enabled = true (custom)
2019-07-13 12:38:02,216 INFO  server.RaftServerConfigKeys (ConfUtils.java:logGet(43)) - raft.server.log.queue.byte-limit = 2147483647 (custom)
2019-07-13 12:38:02,217 INFO  server.RaftServerConfigKeys (ConfUtils.java:logGet(43)) - raft.server.snapshot.auto.trigger.threshold = 10000 (custom)
2019-07-13 12:38:02,216 INFO  server.RaftServerConfigKeys (ConfUtils.java:logGet(43)) - raft.server.log.queue.byte-limit = 2147483647 (custom)
2019-07-13 12:38:02,217 INFO  server.RaftServerConfigKeys (ConfUtils.java:logGet(43)) - raft.server.retrycache.expirytime = 600000ms (custom)
2019-07-13 12:38:02,217 INFO  server.RaftServerConfigKeys (ConfUtils.java:logGet(43)) - raft.server.log.queue.element-limit = 1024 (custom)
2019-07-13 12:38:02,217 INFO  impl.RaftServerImpl (RaftServerImpl.java:start(180)) - 995671c8-c505-460c-a857-f81a18c3367d: start group-8A67D76BECB8
2019-07-13 12:38:02,218 INFO  impl.RaftServerImpl (RaftServerImpl.java:setRole(171)) - 995671c8-c505-460c-a857-f81a18c3367d:group-8A67D76BECB8 changes role from null to FOLLOWER at term 0 for startAsFollower
2019-07-13 12:38:02,217 INFO  server.RaftServerConfigKeys (ConfUtils.java:logGet(43)) - raft.server.log.queue.element-limit = 1024 (custom)
2019-07-13 12:38:02,218 INFO  impl.RoleInfo (RoleInfo.java:updateAndGet(143)) - 995671c8-c505-460c-a857-f81a18c3367d: start FollowerState
2019-07-13 12:38:02,217 INFO  server.RaftServerConfigKeys (ConfUtils.java:logGet(43)) - raft.server.log.segment.size.max = 1048576 (custom)
2019-07-13 12:38:02,218 INFO  server.RaftServerConfigKeys (ConfUtils.java:logGet(43)) - raft.server.log.segment.size.max = 1048576 (custom)
2019-07-13 12:38:02,218 INFO  util.JmxRegister (JmxRegister.java:tryRegister(44)) - Successfully registered JMX Bean with object name Ratis:service=RaftServer,group=group-8A67D76BECB8,id=995671c8-c505-460c-a857-f81a18c3367d
2019-07-13 12:38:02,218 INFO  server.RaftServerConfigKeys (ConfUtils.java:logGet(43)) - raft.server.log.preallocated.size = 16384 (custom)
2019-07-13 12:38:02,218 INFO  server.RaftServerConfigKeys (ConfUtils.java:logGet(43)) - raft.server.log.preallocated.size = 16384 (custom)
2019-07-13 12:38:02,219 INFO  server.RaftServerConfigKeys (ConfUtils.java:logGet(43)) - raft.server.log.write.buffer.size = 33554432 (custom)
2019-07-13 12:38:02,219 INFO  server.RaftServerConfigKeys (ConfUtils.java:logGet(43)) - raft.server.log.write.buffer.size = 33554432 (custom)
2019-07-13 12:38:02,219 INFO  server.RaftServerConfigKeys (ConfUtils.java:logGet(43)) - raft.server.log.force.sync.num = 128 (default)
2019-07-13 12:38:02,219 INFO  server.RaftServerConfigKeys (ConfUtils.java:logGet(43)) - raft.server.log.force.sync.num = 128 (default)
2019-07-13 12:38:02,219 INFO  server.RaftServerConfigKeys (ConfUtils.java:logGet(43)) - raft.server.log.statemachine.data.sync = true (default)
2019-07-13 12:38:02,220 INFO  server.RaftServerConfigKeys (ConfUtils.java:logGet(43)) - raft.server.log.statemachine.data.sync = true (default)
2019-07-13 12:38:02,223 INFO  server.RaftServerConfigKeys (ConfUtils.java:logGet(43)) - raft.server.log.statemachine.data.sync.timeout = 10s (default)
2019-07-13 12:38:02,223 INFO  server.RaftServerConfigKeys (ConfUtils.java:logGet(43)) - raft.server.log.statemachine.data.sync.timeout = 10s (default)
2019-07-13 12:38:02,223 INFO  server.RaftServerConfigKeys (ConfUtils.java:logGet(43)) - raft.server.log.statemachine.data.sync.timeout.retry = -1 (default)
2019-07-13 12:38:02,223 INFO  server.RaftServerConfigKeys (ConfUtils.java:logGet(43)) - raft.server.log.statemachine.data.sync.timeout.retry = -1 (default)
2019-07-13 12:38:02,224 INFO  server.RaftServerConfigKeys (ConfUtils.java:logGet(43)) - raft.server.log.statemachine.data.caching.enabled = true (custom)
2019-07-13 12:38:02,224 INFO  server.RaftServerConfigKeys (ConfUtils.java:logGet(43)) - raft.server.log.statemachine.data.caching.enabled = true (custom)
2019-07-13 12:38:02,224 INFO  segmented.SegmentedRaftLogWorker (SegmentedRaftLogWorker.java:lambda$new$0(132)) - 793ede1c-9cc0-400c-868a-e5201be0542d-SegmentedRaftLogWorker:Storage Directory /tmp/workdir/hadoop-ozone/integration-test/target/test-dir/MiniOzoneClusterImpl-dd177095-6ff0-4c98-92dc-be788b95eaac/datanode-4/data/ratis/cea7f20e-ff2d-4646-9bf5-8a67d76becb8: flushIndex: setUnconditionally 0 -> -1
2019-07-13 12:38:02,224 INFO  segmented.SegmentedRaftLogWorker (SegmentedRaftLogWorker.java:lambda$new$0(132)) - 1bc21d47-9841-49b0-bf99-53eb7135dcbc-SegmentedRaftLogWorker:Storage Directory /tmp/workdir/hadoop-ozone/integration-test/target/test-dir/MiniOzoneClusterImpl-dd177095-6ff0-4c98-92dc-be788b95eaac/datanode-3/data/ratis/cea7f20e-ff2d-4646-9bf5-8a67d76becb8: flushIndex: setUnconditionally 0 -> -1
2019-07-13 12:38:02,224 INFO  server.RaftServerConfigKeys (ConfUtils.java:logGet(43)) - raft.server.snapshot.auto.trigger.enabled = true (custom)
2019-07-13 12:38:02,225 INFO  server.RaftServerConfigKeys (ConfUtils.java:logGet(43)) - raft.server.snapshot.auto.trigger.enabled = true (custom)
2019-07-13 12:38:02,225 INFO  server.RaftServerConfigKeys (ConfUtils.java:logGet(43)) - raft.server.snapshot.auto.trigger.threshold = 10000 (custom)
2019-07-13 12:38:02,225 INFO  server.RaftServerConfigKeys (ConfUtils.java:logGet(43)) - raft.server.snapshot.auto.trigger.threshold = 10000 (custom)
2019-07-13 12:38:02,225 INFO  server.RaftServerConfigKeys (ConfUtils.java:logGet(43)) - raft.server.retrycache.expirytime = 600000ms (custom)
2019-07-13 12:38:02,225 INFO  impl.RaftServerImpl (RaftServerImpl.java:start(180)) - 793ede1c-9cc0-400c-868a-e5201be0542d: start group-8A67D76BECB8
2019-07-13 12:38:02,225 INFO  server.RaftServerConfigKeys (ConfUtils.java:logGet(43)) - raft.server.retrycache.expirytime = 600000ms (custom)
2019-07-13 12:38:02,225 INFO  impl.RaftServerImpl (RaftServerImpl.java:setRole(171)) - 793ede1c-9cc0-400c-868a-e5201be0542d:group-8A67D76BECB8 changes role from null to FOLLOWER at term 0 for startAsFollower
2019-07-13 12:38:02,226 INFO  impl.RaftServerImpl (RaftServerImpl.java:start(180)) - 1bc21d47-9841-49b0-bf99-53eb7135dcbc: start group-8A67D76BECB8
2019-07-13 12:38:02,226 INFO  impl.RoleInfo (RoleInfo.java:updateAndGet(143)) - 793ede1c-9cc0-400c-868a-e5201be0542d: start FollowerState
2019-07-13 12:38:02,226 INFO  impl.RaftServerImpl (RaftServerImpl.java:setRole(171)) - 1bc21d47-9841-49b0-bf99-53eb7135dcbc:group-8A67D76BECB8 changes role from null to FOLLOWER at term 0 for startAsFollower
2019-07-13 12:38:02,226 INFO  impl.RoleInfo (RoleInfo.java:updateAndGet(143)) - 1bc21d47-9841-49b0-bf99-53eb7135dcbc: start FollowerState
2019-07-13 12:38:02,226 INFO  util.JmxRegister (JmxRegister.java:tryRegister(44)) - Successfully registered JMX Bean with object name Ratis:service=RaftServer,group=group-8A67D76BECB8,id=793ede1c-9cc0-400c-868a-e5201be0542d
2019-07-13 12:38:02,227 INFO  util.JmxRegister (JmxRegister.java:tryRegister(44)) - Successfully registered JMX Bean with object name Ratis:service=RaftServer,group=group-8A67D76BECB8,id=1bc21d47-9841-49b0-bf99-53eb7135dcbc
2019-07-13 12:38:02,234 INFO  pipeline.PipelineStateManager (PipelineStateManager.java:addPipeline(56)) - Created pipeline Pipeline[ Id: cea7f20e-ff2d-4646-9bf5-8a67d76becb8, Nodes: 995671c8-c505-460c-a857-f81a18c3367d{ip: 192.168.5.181, host: trunk-nightly-q2gwj-1111726333, networkLocation: /default-rack, certSerialId: null}793ede1c-9cc0-400c-868a-e5201be0542d{ip: 192.168.5.181, host: trunk-nightly-q2gwj-1111726333, networkLocation: /default-rack, certSerialId: null}1bc21d47-9841-49b0-bf99-53eb7135dcbc{ip: 192.168.5.181, host: trunk-nightly-q2gwj-1111726333, networkLocation: /default-rack, certSerialId: null}, Type:RATIS, Factor:THREE, State:OPEN]
2019-07-13 12:38:02,529 INFO  ozone.MiniOzoneClusterImpl (MiniOzoneClusterImpl.java:lambda$waitForClusterToBeReady$0(142)) - Waiting for cluster to be ready. Got 6 of 7 DN Heartbeats.
2019-07-13 12:38:02,529 INFO  node.SCMNodeManager (SCMNodeManager.java:register(269)) - Registered Data node : e0870b50-7f1f-4929-aa53-41061bdca90a{ip: 192.168.5.181, host: trunk-nightly-q2gwj-1111726333, networkLocation: /default-rack, certSerialId: null}
2019-07-13 12:38:02,537 INFO  impl.RaftServerProxy (RaftServerProxy.java:addNew(89)) - e0870b50-7f1f-4929-aa53-41061bdca90a: addNew group-E81A512945AB:[e0870b50-7f1f-4929-aa53-41061bdca90a:192.168.5.181:43871] returns group-E81A512945AB:java.util.concurrent.CompletableFuture@426d55ba[Not completed]
2019-07-13 12:38:02,538 INFO  impl.RaftServerImpl (RaftServerImpl.java:<init>(93)) - e0870b50-7f1f-4929-aa53-41061bdca90a: new RaftServerImpl for group-E81A512945AB:[e0870b50-7f1f-4929-aa53-41061bdca90a:192.168.5.181:43871] with ContainerStateMachine:uninitialized
2019-07-13 12:38:02,539 INFO  server.RaftServerConfigKeys (ConfUtils.java:logGet(43)) - raft.server.rpc.timeout.min = 5s (custom)
2019-07-13 12:38:02,539 INFO  server.RaftServerConfigKeys (ConfUtils.java:logGet(43)) - raft.server.rpc.timeout.max = 5200ms (custom)
2019-07-13 12:38:02,539 INFO  server.RaftServerConfigKeys (ConfUtils.java:logGet(43)) - raft.server.rpcslowness.timeout = 120s (custom)
2019-07-13 12:38:02,539 INFO  server.RaftServerConfigKeys (ConfUtils.java:logGet(43)) - raft.server.sleep.deviation.threshold = 300 (default)
2019-07-13 12:38:02,539 INFO  server.RaftServerConfigKeys (ConfUtils.java:logGet(43)) - raft.server.log.appender.install.snapshot.enabled = false (custom)
2019-07-13 12:38:02,539 INFO  impl.RaftServerImpl (ServerState.java:<init>(105)) - e0870b50-7f1f-4929-aa53-41061bdca90a:group-E81A512945AB ConfigurationManager, init=-1: [e0870b50-7f1f-4929-aa53-41061bdca90a:192.168.5.181:43871], old=null, confs=<EMPTY_MAP>
2019-07-13 12:38:02,539 INFO  server.RaftServerConfigKeys (ConfUtils.java:logGet(43)) - raft.server.storage.dir = [/tmp/workdir/hadoop-ozone/integration-test/target/test-dir/MiniOzoneClusterImpl-dd177095-6ff0-4c98-92dc-be788b95eaac/datanode-6/data/ratis] (custom)
2019-07-13 12:38:02,540 INFO  storage.RaftStorageDirectory (RaftStorageDirectory.java:analyzeStorage(246)) - The storage directory /tmp/workdir/hadoop-ozone/integration-test/target/test-dir/MiniOzoneClusterImpl-dd177095-6ff0-4c98-92dc-be788b95eaac/datanode-6/data/ratis/c043720b-d34c-4b7c-972f-e81a512945ab does not exist. Creating ...
2019-07-13 12:38:02,545 INFO  storage.RaftStorageDirectory (RaftStorageDirectory.java:tryLock(328)) - Lock on /tmp/workdir/hadoop-ozone/integration-test/target/test-dir/MiniOzoneClusterImpl-dd177095-6ff0-4c98-92dc-be788b95eaac/datanode-6/data/ratis/c043720b-d34c-4b7c-972f-e81a512945ab/in_use.lock acquired by nodename 32027@trunk-nightly-q2gwj-1111726333
2019-07-13 12:38:02,558 INFO  storage.RaftStorage (RaftStorage.java:format(72)) - Storage directory /tmp/workdir/hadoop-ozone/integration-test/target/test-dir/MiniOzoneClusterImpl-dd177095-6ff0-4c98-92dc-be788b95eaac/datanode-6/data/ratis/c043720b-d34c-4b7c-972f-e81a512945ab has been successfully formatted.
2019-07-13 12:38:02,559 INFO  ratis.ContainerStateMachine (ContainerStateMachine.java:loadSnapshot(200)) - The snapshot info is null.Setting the last applied index to:(t:0, i:~)
2019-07-13 12:38:02,559 INFO  server.RaftServerConfigKeys (ConfUtils.java:logGet(43)) - raft.server.leader.election.timeout = 120s (custom)
2019-07-13 12:38:02,559 INFO  server.RaftServerConfigKeys (ConfUtils.java:logGet(43)) - raft.server.log.use.memory = false (default)
2019-07-13 12:38:02,559 INFO  server.RaftServerConfigKeys (ConfUtils.java:logGet(43)) - raft.server.log.purge.gap = 1000000000 (custom)
2019-07-13 12:38:02,559 INFO  server.RaftServerConfigKeys (ConfUtils.java:logGet(43)) - raft.server.log.appender.buffer.byte-limit = 33554432 (custom)
2019-07-13 12:38:02,559 INFO  server.RaftServerConfigKeys (ConfUtils.java:logGet(43)) - raft.server.log.segment.size.max = 1048576 (custom)
2019-07-13 12:38:02,560 INFO  server.RaftServerConfigKeys (ConfUtils.java:logGet(43)) - raft.server.log.segment.cache.num.max = 2 (custom)
2019-07-13 12:38:02,560 INFO  segmented.SegmentedRaftLogWorker (SegmentedRaftLogWorker.java:<init>(172)) - new e0870b50-7f1f-4929-aa53-41061bdca90a-SegmentedRaftLogWorker:Storage Directory /tmp/workdir/hadoop-ozone/integration-test/target/test-dir/MiniOzoneClusterImpl-dd177095-6ff0-4c98-92dc-be788b95eaac/datanode-6/data/ratis/c043720b-d34c-4b7c-972f-e81a512945ab for RaftStorage:Storage Directory /tmp/workdir/hadoop-ozone/integration-test/target/test-dir/MiniOzoneClusterImpl-dd177095-6ff0-4c98-92dc-be788b95eaac/datanode-6/data/ratis/c043720b-d34c-4b7c-972f-e81a512945ab
2019-07-13 12:38:02,560 INFO  server.RaftServerConfigKeys (ConfUtils.java:logGet(43)) - raft.server.log.queue.byte-limit = 2147483647 (custom)
2019-07-13 12:38:02,560 INFO  server.RaftServerConfigKeys (ConfUtils.java:logGet(43)) - raft.server.log.queue.element-limit = 1024 (custom)
2019-07-13 12:38:02,560 INFO  server.RaftServerConfigKeys (ConfUtils.java:logGet(43)) - raft.server.log.segment.size.max = 1048576 (custom)
2019-07-13 12:38:02,561 INFO  server.RaftServerConfigKeys (ConfUtils.java:logGet(43)) - raft.server.log.preallocated.size = 16384 (custom)
2019-07-13 12:38:02,561 INFO  server.RaftServerConfigKeys (ConfUtils.java:logGet(43)) - raft.server.log.write.buffer.size = 33554432 (custom)
2019-07-13 12:38:02,561 INFO  server.RaftServerConfigKeys (ConfUtils.java:logGet(43)) - raft.server.log.force.sync.num = 128 (default)
2019-07-13 12:38:02,561 INFO  server.RaftServerConfigKeys (ConfUtils.java:logGet(43)) - raft.server.log.statemachine.data.sync = true (default)
2019-07-13 12:38:02,561 INFO  server.RaftServerConfigKeys (ConfUtils.java:logGet(43)) - raft.server.log.statemachine.data.sync.timeout = 10s (default)
2019-07-13 12:38:02,561 INFO  server.RaftServerConfigKeys (ConfUtils.java:logGet(43)) - raft.server.log.statemachine.data.sync.timeout.retry = -1 (default)
2019-07-13 12:38:02,561 INFO  server.RaftServerConfigKeys (ConfUtils.java:logGet(43)) - raft.server.log.statemachine.data.caching.enabled = true (custom)
2019-07-13 12:38:02,562 INFO  segmented.SegmentedRaftLogWorker (SegmentedRaftLogWorker.java:lambda$new$0(132)) - e0870b50-7f1f-4929-aa53-41061bdca90a-SegmentedRaftLogWorker:Storage Directory /tmp/workdir/hadoop-ozone/integration-test/target/test-dir/MiniOzoneClusterImpl-dd177095-6ff0-4c98-92dc-be788b95eaac/datanode-6/data/ratis/c043720b-d34c-4b7c-972f-e81a512945ab: flushIndex: setUnconditionally 0 -> -1
2019-07-13 12:38:02,562 INFO  server.RaftServerConfigKeys (ConfUtils.java:logGet(43)) - raft.server.snapshot.auto.trigger.enabled = true (custom)
2019-07-13 12:38:02,562 INFO  server.RaftServerConfigKeys (ConfUtils.java:logGet(43)) - raft.server.snapshot.auto.trigger.threshold = 10000 (custom)
2019-07-13 12:38:02,562 INFO  server.RaftServerConfigKeys (ConfUtils.java:logGet(43)) - raft.server.retrycache.expirytime = 600000ms (custom)
2019-07-13 12:38:02,563 INFO  impl.RaftServerImpl (RaftServerImpl.java:start(180)) - e0870b50-7f1f-4929-aa53-41061bdca90a: start group-E81A512945AB
2019-07-13 12:38:02,563 INFO  impl.RaftServerImpl (RaftServerImpl.java:setRole(171)) - e0870b50-7f1f-4929-aa53-41061bdca90a:group-E81A512945AB changes role from null to FOLLOWER at term 0 for startAsFollower
2019-07-13 12:38:02,563 INFO  impl.RoleInfo (RoleInfo.java:updateAndGet(143)) - e0870b50-7f1f-4929-aa53-41061bdca90a: start FollowerState
2019-07-13 12:38:02,563 INFO  util.JmxRegister (JmxRegister.java:tryRegister(44)) - Successfully registered JMX Bean with object name Ratis:service=RaftServer,group=group-E81A512945AB,id=e0870b50-7f1f-4929-aa53-41061bdca90a
2019-07-13 12:38:02,568 INFO  pipeline.PipelineStateManager (PipelineStateManager.java:addPipeline(56)) - Created pipeline Pipeline[ Id: c043720b-d34c-4b7c-972f-e81a512945ab, Nodes: e0870b50-7f1f-4929-aa53-41061bdca90a{ip: 192.168.5.181, host: trunk-nightly-q2gwj-1111726333, networkLocation: /default-rack, certSerialId: null}, Type:RATIS, Factor:ONE, State:OPEN]
2019-07-13 12:38:03,529 INFO  ozone.MiniOzoneClusterImpl (MiniOzoneClusterImpl.java:lambda$waitForClusterToBeReady$0(142)) - Cluster is ready. Got 7 of 7 DN Heartbeats.
2019-07-13 12:38:03,588 INFO  rpc.RpcClient (RpcClient.java:createVolume(287)) - Creating Volume: testblockoutputstream, with jenkins1000 as owner.
2019-07-13 12:38:03,605 INFO  rpc.RpcClient (RpcClient.java:createBucket(424)) - Creating Bucket: testblockoutputstream/testblockoutputstream, with Versioning false and Storage Type set to DISK and Encryption set to false 
2019-07-13 12:38:03,637 INFO  client.GrpcClientProtocolClient (GrpcClientProtocolClient.java:onNext(255)) - client-E496D251B609->995671c8-c505-460c-a857-f81a18c3367d: receive RaftClientReply:client-E496D251B609->995671c8-c505-460c-a857-f81a18c3367d@group-8A67D76BECB8, cid=228, FAILED org.apache.ratis.protocol.NotLeaderException: Server 995671c8-c505-460c-a857-f81a18c3367d is not the leader (null). Request must be sent to leader., logIndex=0, commits[995671c8-c505-460c-a857-f81a18c3367d:c-1]
2019-07-13 12:38:04,236 INFO  container.ReplicationManager (ReplicationManager.java:start(155)) - Starting Replication Monitor Thread.
2019-07-13 12:38:04,240 INFO  container.ReplicationManager (ReplicationManager.java:run(207)) - Replication Monitor Thread took 0 milliseconds for processing 1 containers.
2019-07-13 12:38:04,663 INFO  client.GrpcClientProtocolClient (GrpcClientProtocolClient.java:onNext(255)) - client-E496D251B609->793ede1c-9cc0-400c-868a-e5201be0542d: receive RaftClientReply:client-E496D251B609->793ede1c-9cc0-400c-868a-e5201be0542d@group-8A67D76BECB8, cid=228, FAILED org.apache.ratis.protocol.NotLeaderException: Server 793ede1c-9cc0-400c-868a-e5201be0542d is not the leader (null). Request must be sent to leader., logIndex=0, commits[793ede1c-9cc0-400c-868a-e5201be0542d:c-1]
2019-07-13 12:38:05,680 INFO  client.GrpcClientProtocolClient (GrpcClientProtocolClient.java:onNext(255)) - client-E496D251B609->1bc21d47-9841-49b0-bf99-53eb7135dcbc: receive RaftClientReply:client-E496D251B609->1bc21d47-9841-49b0-bf99-53eb7135dcbc@group-8A67D76BECB8, cid=228, FAILED org.apache.ratis.protocol.NotLeaderException: Server 1bc21d47-9841-49b0-bf99-53eb7135dcbc is not the leader (null). Request must be sent to leader., logIndex=0, commits[1bc21d47-9841-49b0-bf99-53eb7135dcbc:c-1]
2019-07-13 12:38:06,293 INFO  impl.FollowerState (FollowerState.java:run(106)) - 0060b7bc-ea9e-4147-af06-f5d82aee6d2a:group-ABEE91404A19 changes to CANDIDATE, lastRpcTime:5026, electionTimeout:5026ms
2019-07-13 12:38:06,294 INFO  impl.RoleInfo (RoleInfo.java:shutdownFollowerState(121)) - 0060b7bc-ea9e-4147-af06-f5d82aee6d2a: shutdown FollowerState
2019-07-13 12:38:06,294 INFO  impl.RaftServerImpl (RaftServerImpl.java:setRole(171)) - 0060b7bc-ea9e-4147-af06-f5d82aee6d2a:group-ABEE91404A19 changes role from FOLLOWER to CANDIDATE at term 0 for changeToCandidate
2019-07-13 12:38:06,294 INFO  impl.RoleInfo (RoleInfo.java:updateAndGet(143)) - 0060b7bc-ea9e-4147-af06-f5d82aee6d2a: start LeaderElection
2019-07-13 12:38:06,325 INFO  impl.LeaderElection (LeaderElection.java:askForVotes(181)) - 0060b7bc-ea9e-4147-af06-f5d82aee6d2a:group-ABEE91404A19:LeaderElection95: begin an election at term 1 for -1: [0060b7bc-ea9e-4147-af06-f5d82aee6d2a:192.168.5.181:44294], old=null
2019-07-13 12:38:06,325 INFO  impl.RoleInfo (RoleInfo.java:shutdownLeaderElection(134)) - 0060b7bc-ea9e-4147-af06-f5d82aee6d2a: shutdown LeaderElection
2019-07-13 12:38:06,325 INFO  impl.RaftServerImpl (RaftServerImpl.java:setRole(171)) - 0060b7bc-ea9e-4147-af06-f5d82aee6d2a:group-ABEE91404A19 changes role from CANDIDATE to LEADER at term 1 for changeToLeader
2019-07-13 12:38:06,325 INFO  impl.RaftServerImpl (ServerState.java:setLeader(263)) - 0060b7bc-ea9e-4147-af06-f5d82aee6d2a:group-ABEE91404A19 change Leader from null to 0060b7bc-ea9e-4147-af06-f5d82aee6d2a at term 1 for becomeLeader, leader elected after 5062ms
2019-07-13 12:38:06,325 INFO  server.RaftServerConfigKeys (ConfUtils.java:logGet(43)) - raft.server.staging.catchup.gap = 1000 (default)
2019-07-13 12:38:06,325 INFO  server.RaftServerConfigKeys (ConfUtils.java:logGet(43)) - raft.server.rpc.sleep.time = 25ms (default)
2019-07-13 12:38:06,326 INFO  server.RaftServerConfigKeys (ConfUtils.java:logGet(43)) - raft.server.write.element-limit = 4096 (default)
2019-07-13 12:38:06,326 INFO  server.RaftServerConfigKeys (ConfUtils.java:logGet(43)) - raft.server.watch.timeout = 10s (default)
2019-07-13 12:38:06,326 INFO  server.RaftServerConfigKeys (ConfUtils.java:logGet(43)) - raft.server.watch.timeout.denomination = 1s (default)
2019-07-13 12:38:06,326 INFO  server.RaftServerConfigKeys (ConfUtils.java:logGet(43)) - raft.server.watch.element-limit = 65536 (default)
2019-07-13 12:38:06,326 INFO  impl.RoleInfo (RoleInfo.java:updateAndGet(143)) - 0060b7bc-ea9e-4147-af06-f5d82aee6d2a: start LeaderState
2019-07-13 12:38:06,327 INFO  segmented.SegmentedRaftLogWorker (SegmentedRaftLogWorker.java:startLogSegment(380)) - 0060b7bc-ea9e-4147-af06-f5d82aee6d2a-SegmentedRaftLogWorker:Storage Directory /tmp/workdir/hadoop-ozone/integration-test/target/test-dir/MiniOzoneClusterImpl-dd177095-6ff0-4c98-92dc-be788b95eaac/datanode-0/data/ratis/133fe08f-fd72-4582-9cb0-abee91404a19: Starting segment from index:0
2019-07-13 12:38:06,327 INFO  impl.RaftServerImpl (ServerState.java:setRaftConf(361)) - 0060b7bc-ea9e-4147-af06-f5d82aee6d2a:group-ABEE91404A19 set configuration 0: [0060b7bc-ea9e-4147-af06-f5d82aee6d2a:192.168.5.181:44294], old=null at 0
2019-07-13 12:38:06,358 INFO  segmented.SegmentedRaftLogWorker (SegmentedRaftLogWorker.java:execute(569)) - 0060b7bc-ea9e-4147-af06-f5d82aee6d2a-SegmentedRaftLogWorker:Storage Directory /tmp/workdir/hadoop-ozone/integration-test/target/test-dir/MiniOzoneClusterImpl-dd177095-6ff0-4c98-92dc-be788b95eaac/datanode-0/data/ratis/133fe08f-fd72-4582-9cb0-abee91404a19: created new log segment /tmp/workdir/hadoop-ozone/integration-test/target/test-dir/MiniOzoneClusterImpl-dd177095-6ff0-4c98-92dc-be788b95eaac/datanode-0/data/ratis/133fe08f-fd72-4582-9cb0-abee91404a19/current/log_inprogress_0
2019-07-13 12:38:06,591 INFO  impl.FollowerState (FollowerState.java:run(106)) - f4729627-52ae-443d-9e71-f0640918618c:group-F89C83D0F1BB changes to CANDIDATE, lastRpcTime:5168, electionTimeout:5168ms
2019-07-13 12:38:06,591 INFO  impl.RoleInfo (RoleInfo.java:shutdownFollowerState(121)) - f4729627-52ae-443d-9e71-f0640918618c: shutdown FollowerState
2019-07-13 12:38:06,591 INFO  impl.RaftServerImpl (RaftServerImpl.java:setRole(171)) - f4729627-52ae-443d-9e71-f0640918618c:group-F89C83D0F1BB changes role from FOLLOWER to CANDIDATE at term 0 for changeToCandidate
2019-07-13 12:38:06,592 INFO  impl.RoleInfo (RoleInfo.java:updateAndGet(143)) - f4729627-52ae-443d-9e71-f0640918618c: start LeaderElection
2019-07-13 12:38:06,613 INFO  impl.LeaderElection (LeaderElection.java:askForVotes(181)) - f4729627-52ae-443d-9e71-f0640918618c:group-F89C83D0F1BB:LeaderElection96: begin an election at term 1 for -1: [f4729627-52ae-443d-9e71-f0640918618c:192.168.5.181:40202], old=null
2019-07-13 12:38:06,613 INFO  impl.RoleInfo (RoleInfo.java:shutdownLeaderElection(134)) - f4729627-52ae-443d-9e71-f0640918618c: shutdown LeaderElection
2019-07-13 12:38:06,614 INFO  impl.RaftServerImpl (RaftServerImpl.java:setRole(171)) - f4729627-52ae-443d-9e71-f0640918618c:group-F89C83D0F1BB changes role from CANDIDATE to LEADER at term 1 for changeToLeader
2019-07-13 12:38:06,614 INFO  impl.RaftServerImpl (ServerState.java:setLeader(263)) - f4729627-52ae-443d-9e71-f0640918618c:group-F89C83D0F1BB change Leader from null to f4729627-52ae-443d-9e71-f0640918618c at term 1 for becomeLeader, leader elected after 5195ms
2019-07-13 12:38:06,614 INFO  server.RaftServerConfigKeys (ConfUtils.java:logGet(43)) - raft.server.staging.catchup.gap = 1000 (default)
2019-07-13 12:38:06,614 INFO  server.RaftServerConfigKeys (ConfUtils.java:logGet(43)) - raft.server.rpc.sleep.time = 25ms (default)
2019-07-13 12:38:06,614 INFO  server.RaftServerConfigKeys (ConfUtils.java:logGet(43)) - raft.server.write.element-limit = 4096 (default)
2019-07-13 12:38:06,614 INFO  server.RaftServerConfigKeys (ConfUtils.java:logGet(43)) - raft.server.watch.timeout = 10s (default)
2019-07-13 12:38:06,615 INFO  server.RaftServerConfigKeys (ConfUtils.java:logGet(43)) - raft.server.watch.timeout.denomination = 1s (default)
2019-07-13 12:38:06,615 INFO  server.RaftServerConfigKeys (ConfUtils.java:logGet(43)) - raft.server.watch.element-limit = 65536 (default)
2019-07-13 12:38:06,615 INFO  impl.RoleInfo (RoleInfo.java:updateAndGet(143)) - f4729627-52ae-443d-9e71-f0640918618c: start LeaderState
2019-07-13 12:38:06,615 INFO  segmented.SegmentedRaftLogWorker (SegmentedRaftLogWorker.java:startLogSegment(380)) - f4729627-52ae-443d-9e71-f0640918618c-SegmentedRaftLogWorker:Storage Directory /tmp/workdir/hadoop-ozone/integration-test/target/test-dir/MiniOzoneClusterImpl-dd177095-6ff0-4c98-92dc-be788b95eaac/datanode-1/data/ratis/7ef457c9-3118-4cea-b0e3-f89c83d0f1bb: Starting segment from index:0
2019-07-13 12:38:06,616 INFO  impl.RaftServerImpl (ServerState.java:setRaftConf(361)) - f4729627-52ae-443d-9e71-f0640918618c:group-F89C83D0F1BB set configuration 0: [f4729627-52ae-443d-9e71-f0640918618c:192.168.5.181:40202], old=null at 0
2019-07-13 12:38:06,638 INFO  segmented.SegmentedRaftLogWorker (SegmentedRaftLogWorker.java:execute(569)) - f4729627-52ae-443d-9e71-f0640918618c-SegmentedRaftLogWorker:Storage Directory /tmp/workdir/hadoop-ozone/integration-test/target/test-dir/MiniOzoneClusterImpl-dd177095-6ff0-4c98-92dc-be788b95eaac/datanode-1/data/ratis/7ef457c9-3118-4cea-b0e3-f89c83d0f1bb: created new log segment /tmp/workdir/hadoop-ozone/integration-test/target/test-dir/MiniOzoneClusterImpl-dd177095-6ff0-4c98-92dc-be788b95eaac/datanode-1/data/ratis/7ef457c9-3118-4cea-b0e3-f89c83d0f1bb/current/log_inprogress_0
2019-07-13 12:38:06,639 INFO  impl.FollowerState (FollowerState.java:run(106)) - 0060b7bc-ea9e-4147-af06-f5d82aee6d2a:group-FAC3D59B9B49 changes to CANDIDATE, lastRpcTime:5019, electionTimeout:5017ms
2019-07-13 12:38:06,640 INFO  impl.RoleInfo (RoleInfo.java:shutdownFollowerState(121)) - 0060b7bc-ea9e-4147-af06-f5d82aee6d2a: shutdown FollowerState
2019-07-13 12:38:06,640 INFO  impl.RaftServerImpl (RaftServerImpl.java:setRole(171)) - 0060b7bc-ea9e-4147-af06-f5d82aee6d2a:group-FAC3D59B9B49 changes role from FOLLOWER to CANDIDATE at term 0 for changeToCandidate
2019-07-13 12:38:06,640 INFO  impl.RoleInfo (RoleInfo.java:updateAndGet(143)) - 0060b7bc-ea9e-4147-af06-f5d82aee6d2a: start LeaderElection
2019-07-13 12:38:06,662 INFO  impl.LeaderElection (LeaderElection.java:askForVotes(181)) - 0060b7bc-ea9e-4147-af06-f5d82aee6d2a:group-FAC3D59B9B49:LeaderElection97: begin an election at term 1 for -1: [0060b7bc-ea9e-4147-af06-f5d82aee6d2a:192.168.5.181:44294, f4729627-52ae-443d-9e71-f0640918618c:192.168.5.181:40202, 9a847b5d-0baa-4d17-ab8a-ac0eb0817957:192.168.5.181:44492], old=null
2019-07-13 12:38:06,682 INFO  impl.RaftServerImpl (RaftServerImpl.java:setRole(171)) - f4729627-52ae-443d-9e71-f0640918618c:group-FAC3D59B9B49 changes role from FOLLOWER to FOLLOWER at term 1 for recognizeCandidate:0060b7bc-ea9e-4147-af06-f5d82aee6d2a
2019-07-13 12:38:06,682 INFO  impl.RaftServerImpl (RaftServerImpl.java:setRole(171)) - 9a847b5d-0baa-4d17-ab8a-ac0eb0817957:group-FAC3D59B9B49 changes role from FOLLOWER to FOLLOWER at term 1 for recognizeCandidate:0060b7bc-ea9e-4147-af06-f5d82aee6d2a
2019-07-13 12:38:06,683 INFO  impl.RoleInfo (RoleInfo.java:shutdownFollowerState(121)) - 9a847b5d-0baa-4d17-ab8a-ac0eb0817957: shutdown FollowerState
2019-07-13 12:38:06,682 INFO  impl.RoleInfo (RoleInfo.java:shutdownFollowerState(121)) - f4729627-52ae-443d-9e71-f0640918618c: shutdown FollowerState
2019-07-13 12:38:06,683 INFO  impl.FollowerState (FollowerState.java:run(114)) - 9a847b5d-0baa-4d17-ab8a-ac0eb0817957: FollowerState was interrupted: java.lang.InterruptedException: sleep interrupted
2019-07-13 12:38:06,683 INFO  impl.RoleInfo (RoleInfo.java:updateAndGet(143)) - f4729627-52ae-443d-9e71-f0640918618c: start FollowerState
2019-07-13 12:38:06,683 INFO  impl.RoleInfo (RoleInfo.java:updateAndGet(143)) - 9a847b5d-0baa-4d17-ab8a-ac0eb0817957: start FollowerState
2019-07-13 12:38:06,683 INFO  impl.FollowerState (FollowerState.java:run(114)) - f4729627-52ae-443d-9e71-f0640918618c: FollowerState was interrupted: java.lang.InterruptedException: sleep interrupted
2019-07-13 12:38:06,702 INFO  impl.LeaderElection (LeaderElection.java:logAndReturn(56)) - 0060b7bc-ea9e-4147-af06-f5d82aee6d2a:group-FAC3D59B9B49:LeaderElection97: Election PASSED; received 1 response(s) [0060b7bc-ea9e-4147-af06-f5d82aee6d2a<-9a847b5d-0baa-4d17-ab8a-ac0eb0817957#0:OK-t1] and 0 exception(s); 0060b7bc-ea9e-4147-af06-f5d82aee6d2a:t1, leader=null, voted=0060b7bc-ea9e-4147-af06-f5d82aee6d2a, raftlog=0060b7bc-ea9e-4147-af06-f5d82aee6d2a-SegmentedRaftLog:OPENED:c-1,f-1,i0, conf=-1: [0060b7bc-ea9e-4147-af06-f5d82aee6d2a:192.168.5.181:44294, f4729627-52ae-443d-9e71-f0640918618c:192.168.5.181:40202, 9a847b5d-0baa-4d17-ab8a-ac0eb0817957:192.168.5.181:44492], old=null
2019-07-13 12:38:06,703 INFO  impl.RoleInfo (RoleInfo.java:shutdownLeaderElection(134)) - 0060b7bc-ea9e-4147-af06-f5d82aee6d2a: shutdown LeaderElection
2019-07-13 12:38:06,703 INFO  client.GrpcClientProtocolClient (GrpcClientProtocolClient.java:onNext(255)) - client-E496D251B609->995671c8-c505-460c-a857-f81a18c3367d: receive RaftClientReply:client-E496D251B609->995671c8-c505-460c-a857-f81a18c3367d@group-8A67D76BECB8, cid=228, FAILED org.apache.ratis.protocol.NotLeaderException: Server 995671c8-c505-460c-a857-f81a18c3367d is not the leader (null). Request must be sent to leader., logIndex=0, commits[995671c8-c505-460c-a857-f81a18c3367d:c-1]
2019-07-13 12:38:06,703 INFO  impl.RaftServerImpl (RaftServerImpl.java:setRole(171)) - 0060b7bc-ea9e-4147-af06-f5d82aee6d2a:group-FAC3D59B9B49 changes role from CANDIDATE to LEADER at term 1 for changeToLeader
2019-07-13 12:38:06,703 INFO  impl.RaftServerImpl (ServerState.java:setLeader(263)) - 0060b7bc-ea9e-4147-af06-f5d82aee6d2a:group-FAC3D59B9B49 change Leader from null to 0060b7bc-ea9e-4147-af06-f5d82aee6d2a at term 1 for becomeLeader, leader elected after 5096ms
2019-07-13 12:38:06,703 INFO  server.RaftServerConfigKeys (ConfUtils.java:logGet(43)) - raft.server.staging.catchup.gap = 1000 (default)
2019-07-13 12:38:06,703 INFO  server.RaftServerConfigKeys (ConfUtils.java:logGet(43)) - raft.server.rpc.sleep.time = 25ms (default)
2019-07-13 12:38:06,706 INFO  impl.FollowerState (FollowerState.java:run(106)) - 9a847b5d-0baa-4d17-ab8a-ac0eb0817957:group-3F4FE0572573 changes to CANDIDATE, lastRpcTime:5129, electionTimeout:5128ms
2019-07-13 12:38:06,706 INFO  server.RaftServerConfigKeys (ConfUtils.java:logGet(43)) - raft.server.write.element-limit = 4096 (default)
2019-07-13 12:38:06,706 INFO  impl.RoleInfo (RoleInfo.java:shutdownFollowerState(121)) - 9a847b5d-0baa-4d17-ab8a-ac0eb0817957: shutdown FollowerState
2019-07-13 12:38:06,706 INFO  impl.RaftServerImpl (RaftServerImpl.java:setRole(171)) - 9a847b5d-0baa-4d17-ab8a-ac0eb0817957:group-3F4FE0572573 changes role from FOLLOWER to CANDIDATE at term 0 for changeToCandidate
2019-07-13 12:38:06,706 INFO  server.RaftServerConfigKeys (ConfUtils.java:logGet(43)) - raft.server.watch.timeout = 10s (default)
2019-07-13 12:38:06,707 INFO  impl.RoleInfo (RoleInfo.java:updateAndGet(143)) - 9a847b5d-0baa-4d17-ab8a-ac0eb0817957: start LeaderElection
2019-07-13 12:38:06,707 INFO  server.RaftServerConfigKeys (ConfUtils.java:logGet(43)) - raft.server.watch.timeout.denomination = 1s (default)
2019-07-13 12:38:06,707 INFO  server.RaftServerConfigKeys (ConfUtils.java:logGet(43)) - raft.server.watch.element-limit = 65536 (default)
2019-07-13 12:38:06,712 INFO  server.RaftServerConfigKeys (ConfUtils.java:logGet(43)) - raft.server.log.appender.snapshot.chunk.size.max = 16MB (=16777216) (default)
2019-07-13 12:38:06,712 INFO  server.RaftServerConfigKeys (ConfUtils.java:logGet(43)) - raft.server.log.appender.buffer.byte-limit = 33554432 (custom)
2019-07-13 12:38:06,713 INFO  server.RaftServerConfigKeys (ConfUtils.java:logGet(43)) - raft.server.log.appender.buffer.element-limit = 1 (custom)
2019-07-13 12:38:06,713 INFO  grpc.GrpcConfigKeys$Server (ConfUtils.java:logGet(43)) - raft.grpc.server.leader.outstanding.appends.max = 128 (default)
2019-07-13 12:38:06,713 INFO  server.RaftServerConfigKeys (ConfUtils.java:logGet(43)) - raft.server.rpc.request.timeout = 3000ms (default)
2019-07-13 12:38:06,713 INFO  server.RaftServerConfigKeys (ConfUtils.java:logGet(43)) - raft.server.log.appender.install.snapshot.enabled = false (custom)
2019-07-13 12:38:06,713 INFO  server.RaftServerConfigKeys (ConfUtils.java:logGet(43)) - raft.server.log.appender.snapshot.chunk.size.max = 16MB (=16777216) (default)
2019-07-13 12:38:06,714 INFO  server.RaftServerConfigKeys (ConfUtils.java:logGet(43)) - raft.server.log.appender.buffer.byte-limit = 33554432 (custom)
2019-07-13 12:38:06,714 INFO  server.RaftServerConfigKeys (ConfUtils.java:logGet(43)) - raft.server.log.appender.buffer.element-limit = 1 (custom)
2019-07-13 12:38:06,714 INFO  grpc.GrpcConfigKeys$Server (ConfUtils.java:logGet(43)) - raft.grpc.server.leader.outstanding.appends.max = 128 (default)
2019-07-13 12:38:06,714 INFO  server.RaftServerConfigKeys (ConfUtils.java:logGet(43)) - raft.server.rpc.request.timeout = 3000ms (default)
2019-07-13 12:38:06,714 INFO  server.RaftServerConfigKeys (ConfUtils.java:logGet(43)) - raft.server.log.appender.install.snapshot.enabled = false (custom)
2019-07-13 12:38:06,714 INFO  impl.RoleInfo (RoleInfo.java:updateAndGet(143)) - 0060b7bc-ea9e-4147-af06-f5d82aee6d2a: start LeaderState
2019-07-13 12:38:06,715 INFO  segmented.SegmentedRaftLogWorker (SegmentedRaftLogWorker.java:startLogSegment(380)) - 0060b7bc-ea9e-4147-af06-f5d82aee6d2a-SegmentedRaftLogWorker:Storage Directory /tmp/workdir/hadoop-ozone/integration-test/target/test-dir/MiniOzoneClusterImpl-dd177095-6ff0-4c98-92dc-be788b95eaac/datanode-0/data/ratis/47facfb5-b8d9-4440-926f-fac3d59b9b49: Starting segment from index:0
2019-07-13 12:38:06,716 INFO  impl.LeaderElection (LeaderElection.java:askForVotes(181)) - 9a847b5d-0baa-4d17-ab8a-ac0eb0817957:group-3F4FE0572573:LeaderElection98: begin an election at term 1 for -1: [9a847b5d-0baa-4d17-ab8a-ac0eb0817957:192.168.5.181:44492], old=null
2019-07-13 12:38:06,716 INFO  impl.RoleInfo (RoleInfo.java:shutdownLeaderElection(134)) - 9a847b5d-0baa-4d17-ab8a-ac0eb0817957: shutdown LeaderElection
2019-07-13 12:38:06,716 INFO  impl.RaftServerImpl (RaftServerImpl.java:setRole(171)) - 9a847b5d-0baa-4d17-ab8a-ac0eb0817957:group-3F4FE0572573 changes role from CANDIDATE to LEADER at term 1 for changeToLeader
2019-07-13 12:38:06,716 INFO  impl.RaftServerImpl (ServerState.java:setRaftConf(361)) - 0060b7bc-ea9e-4147-af06-f5d82aee6d2a:group-FAC3D59B9B49 set configuration 0: [0060b7bc-ea9e-4147-af06-f5d82aee6d2a:192.168.5.181:44294, f4729627-52ae-443d-9e71-f0640918618c:192.168.5.181:40202, 9a847b5d-0baa-4d17-ab8a-ac0eb0817957:192.168.5.181:44492], old=null at 0
2019-07-13 12:38:06,716 INFO  impl.RaftServerImpl (ServerState.java:setLeader(263)) - 9a847b5d-0baa-4d17-ab8a-ac0eb0817957:group-3F4FE0572573 change Leader from null to 9a847b5d-0baa-4d17-ab8a-ac0eb0817957 at term 1 for becomeLeader, leader elected after 5143ms
2019-07-13 12:38:06,716 INFO  server.RaftServerConfigKeys (ConfUtils.java:logGet(43)) - raft.server.staging.catchup.gap = 1000 (default)
2019-07-13 12:38:06,716 INFO  server.RaftServerConfigKeys (ConfUtils.java:logGet(43)) - raft.server.rpc.sleep.time = 25ms (default)
2019-07-13 12:38:06,716 INFO  server.RaftServerConfigKeys (ConfUtils.java:logGet(43)) - raft.server.write.element-limit = 4096 (default)
2019-07-13 12:38:06,717 INFO  server.RaftServerConfigKeys (ConfUtils.java:logGet(43)) - raft.server.watch.timeout = 10s (default)
2019-07-13 12:38:06,717 INFO  server.RaftServerConfigKeys (ConfUtils.java:logGet(43)) - raft.server.watch.timeout.denomination = 1s (default)
2019-07-13 12:38:06,717 INFO  impl.RaftServerImpl (ServerState.java:setLeader(263)) - f4729627-52ae-443d-9e71-f0640918618c:group-FAC3D59B9B49 change Leader from null to 0060b7bc-ea9e-4147-af06-f5d82aee6d2a at term 1 for appendEntries, leader elected after 5110ms
2019-07-13 12:38:06,717 INFO  impl.RaftServerImpl (ServerState.java:setLeader(263)) - 9a847b5d-0baa-4d17-ab8a-ac0eb0817957:group-FAC3D59B9B49 change Leader from null to 0060b7bc-ea9e-4147-af06-f5d82aee6d2a at term 1 for appendEntries, leader elected after 5110ms
2019-07-13 12:38:06,717 INFO  server.RaftServerConfigKeys (ConfUtils.java:logGet(43)) - raft.server.watch.element-limit = 65536 (default)
2019-07-13 12:38:06,741 INFO  impl.RoleInfo (RoleInfo.java:updateAndGet(143)) - 9a847b5d-0baa-4d17-ab8a-ac0eb0817957: start LeaderState
2019-07-13 12:38:06,741 INFO  segmented.SegmentedRaftLogWorker (SegmentedRaftLogWorker.java:startLogSegment(380)) - 9a847b5d-0baa-4d17-ab8a-ac0eb0817957-SegmentedRaftLogWorker:Storage Directory /tmp/workdir/hadoop-ozone/integration-test/target/test-dir/MiniOzoneClusterImpl-dd177095-6ff0-4c98-92dc-be788b95eaac/datanode-2/data/ratis/1810e08e-1091-4f93-9959-3f4fe0572573: Starting segment from index:0
2019-07-13 12:38:06,742 INFO  segmented.SegmentedRaftLogWorker (SegmentedRaftLogWorker.java:execute(569)) - 0060b7bc-ea9e-4147-af06-f5d82aee6d2a-SegmentedRaftLogWorker:Storage Directory /tmp/workdir/hadoop-ozone/integration-test/target/test-dir/MiniOzoneClusterImpl-dd177095-6ff0-4c98-92dc-be788b95eaac/datanode-0/data/ratis/47facfb5-b8d9-4440-926f-fac3d59b9b49: created new log segment /tmp/workdir/hadoop-ozone/integration-test/target/test-dir/MiniOzoneClusterImpl-dd177095-6ff0-4c98-92dc-be788b95eaac/datanode-0/data/ratis/47facfb5-b8d9-4440-926f-fac3d59b9b49/current/log_inprogress_0
2019-07-13 12:38:06,742 INFO  impl.RaftServerImpl (ServerState.java:setRaftConf(361)) - 9a847b5d-0baa-4d17-ab8a-ac0eb0817957:group-3F4FE0572573 set configuration 0: [9a847b5d-0baa-4d17-ab8a-ac0eb0817957:192.168.5.181:44492], old=null at 0
2019-07-13 12:38:06,767 INFO  impl.RaftServerImpl (ServerState.java:setRaftConf(361)) - 9a847b5d-0baa-4d17-ab8a-ac0eb0817957:group-FAC3D59B9B49 set configuration 0: [0060b7bc-ea9e-4147-af06-f5d82aee6d2a:192.168.5.181:44294, f4729627-52ae-443d-9e71-f0640918618c:192.168.5.181:40202, 9a847b5d-0baa-4d17-ab8a-ac0eb0817957:192.168.5.181:44492], old=null at 0
2019-07-13 12:38:06,767 INFO  impl.RaftServerImpl (ServerState.java:setRaftConf(361)) - f4729627-52ae-443d-9e71-f0640918618c:group-FAC3D59B9B49 set configuration 0: [0060b7bc-ea9e-4147-af06-f5d82aee6d2a:192.168.5.181:44294, f4729627-52ae-443d-9e71-f0640918618c:192.168.5.181:40202, 9a847b5d-0baa-4d17-ab8a-ac0eb0817957:192.168.5.181:44492], old=null at 0
2019-07-13 12:38:06,767 INFO  segmented.SegmentedRaftLogWorker (SegmentedRaftLogWorker.java:startLogSegment(380)) - 9a847b5d-0baa-4d17-ab8a-ac0eb0817957-SegmentedRaftLogWorker:Storage Directory /tmp/workdir/hadoop-ozone/integration-test/target/test-dir/MiniOzoneClusterImpl-dd177095-6ff0-4c98-92dc-be788b95eaac/datanode-2/data/ratis/47facfb5-b8d9-4440-926f-fac3d59b9b49: Starting segment from index:0
2019-07-13 12:38:06,767 INFO  segmented.SegmentedRaftLogWorker (SegmentedRaftLogWorker.java:startLogSegment(380)) - f4729627-52ae-443d-9e71-f0640918618c-SegmentedRaftLogWorker:Storage Directory /tmp/workdir/hadoop-ozone/integration-test/target/test-dir/MiniOzoneClusterImpl-dd177095-6ff0-4c98-92dc-be788b95eaac/datanode-1/data/ratis/47facfb5-b8d9-4440-926f-fac3d59b9b49: Starting segment from index:0
2019-07-13 12:38:06,770 INFO  segmented.SegmentedRaftLogWorker (SegmentedRaftLogWorker.java:execute(569)) - 9a847b5d-0baa-4d17-ab8a-ac0eb0817957-SegmentedRaftLogWorker:Storage Directory /tmp/workdir/hadoop-ozone/integration-test/target/test-dir/MiniOzoneClusterImpl-dd177095-6ff0-4c98-92dc-be788b95eaac/datanode-2/data/ratis/1810e08e-1091-4f93-9959-3f4fe0572573: created new log segment /tmp/workdir/hadoop-ozone/integration-test/target/test-dir/MiniOzoneClusterImpl-dd177095-6ff0-4c98-92dc-be788b95eaac/datanode-2/data/ratis/1810e08e-1091-4f93-9959-3f4fe0572573/current/log_inprogress_0
2019-07-13 12:38:06,792 INFO  segmented.SegmentedRaftLogWorker (SegmentedRaftLogWorker.java:execute(569)) - f4729627-52ae-443d-9e71-f0640918618c-SegmentedRaftLogWorker:Storage Directory /tmp/workdir/hadoop-ozone/integration-test/target/test-dir/MiniOzoneClusterImpl-dd177095-6ff0-4c98-92dc-be788b95eaac/datanode-1/data/ratis/47facfb5-b8d9-4440-926f-fac3d59b9b49: created new log segment /tmp/workdir/hadoop-ozone/integration-test/target/test-dir/MiniOzoneClusterImpl-dd177095-6ff0-4c98-92dc-be788b95eaac/datanode-1/data/ratis/47facfb5-b8d9-4440-926f-fac3d59b9b49/current/log_inprogress_0
2019-07-13 12:38:06,792 INFO  segmented.SegmentedRaftLogWorker (SegmentedRaftLogWorker.java:execute(569)) - 9a847b5d-0baa-4d17-ab8a-ac0eb0817957-SegmentedRaftLogWorker:Storage Directory /tmp/workdir/hadoop-ozone/integration-test/target/test-dir/MiniOzoneClusterImpl-dd177095-6ff0-4c98-92dc-be788b95eaac/datanode-2/data/ratis/47facfb5-b8d9-4440-926f-fac3d59b9b49: created new log segment /tmp/workdir/hadoop-ozone/integration-test/target/test-dir/MiniOzoneClusterImpl-dd177095-6ff0-4c98-92dc-be788b95eaac/datanode-2/data/ratis/47facfb5-b8d9-4440-926f-fac3d59b9b49/current/log_inprogress_0
2019-07-13 12:38:06,815 INFO  impl.FollowerState (FollowerState.java:run(106)) - 1bc21d47-9841-49b0-bf99-53eb7135dcbc:group-BF85066D4768 changes to CANDIDATE, lastRpcTime:5006, electionTimeout:5006ms
2019-07-13 12:38:06,815 INFO  impl.RoleInfo (RoleInfo.java:shutdownFollowerState(121)) - 1bc21d47-9841-49b0-bf99-53eb7135dcbc: shutdown FollowerState
2019-07-13 12:38:06,815 INFO  impl.RaftServerImpl (RaftServerImpl.java:setRole(171)) - 1bc21d47-9841-49b0-bf99-53eb7135dcbc:group-BF85066D4768 changes role from FOLLOWER to CANDIDATE at term 0 for changeToCandidate
2019-07-13 12:38:06,815 INFO  impl.RoleInfo (RoleInfo.java:updateAndGet(143)) - 1bc21d47-9841-49b0-bf99-53eb7135dcbc: start LeaderElection
2019-07-13 12:38:06,823 INFO  impl.LeaderElection (LeaderElection.java:askForVotes(181)) - 1bc21d47-9841-49b0-bf99-53eb7135dcbc:group-BF85066D4768:LeaderElection99: begin an election at term 1 for -1: [1bc21d47-9841-49b0-bf99-53eb7135dcbc:192.168.5.181:45620], old=null
2019-07-13 12:38:06,824 INFO  impl.RoleInfo (RoleInfo.java:shutdownLeaderElection(134)) - 1bc21d47-9841-49b0-bf99-53eb7135dcbc: shutdown LeaderElection
2019-07-13 12:38:06,824 INFO  impl.RaftServerImpl (RaftServerImpl.java:setRole(171)) - 1bc21d47-9841-49b0-bf99-53eb7135dcbc:group-BF85066D4768 changes role from CANDIDATE to LEADER at term 1 for changeToLeader
2019-07-13 12:38:06,824 INFO  impl.RaftServerImpl (ServerState.java:setLeader(263)) - 1bc21d47-9841-49b0-bf99-53eb7135dcbc:group-BF85066D4768 change Leader from null to 1bc21d47-9841-49b0-bf99-53eb7135dcbc at term 1 for becomeLeader, leader elected after 5019ms
2019-07-13 12:38:06,824 INFO  server.RaftServerConfigKeys (ConfUtils.java:logGet(43)) - raft.server.staging.catchup.gap = 1000 (default)
2019-07-13 12:38:06,824 INFO  server.RaftServerConfigKeys (ConfUtils.java:logGet(43)) - raft.server.rpc.sleep.time = 25ms (default)
2019-07-13 12:38:06,824 INFO  server.RaftServerConfigKeys (ConfUtils.java:logGet(43)) - raft.server.write.element-limit = 4096 (default)
2019-07-13 12:38:06,824 INFO  server.RaftServerConfigKeys (ConfUtils.java:logGet(43)) - raft.server.watch.timeout = 10s (default)
2019-07-13 12:38:06,825 INFO  server.RaftServerConfigKeys (ConfUtils.java:logGet(43)) - raft.server.watch.timeout.denomination = 1s (default)
2019-07-13 12:38:06,825 INFO  server.RaftServerConfigKeys (ConfUtils.java:logGet(43)) - raft.server.watch.element-limit = 65536 (default)
2019-07-13 12:38:06,825 INFO  impl.RoleInfo (RoleInfo.java:updateAndGet(143)) - 1bc21d47-9841-49b0-bf99-53eb7135dcbc: start LeaderState
2019-07-13 12:38:06,825 INFO  segmented.SegmentedRaftLogWorker (SegmentedRaftLogWorker.java:startLogSegment(380)) - 1bc21d47-9841-49b0-bf99-53eb7135dcbc-SegmentedRaftLogWorker:Storage Directory /tmp/workdir/hadoop-ozone/integration-test/target/test-dir/MiniOzoneClusterImpl-dd177095-6ff0-4c98-92dc-be788b95eaac/datanode-3/data/ratis/2882d17b-54fc-4a51-a8c2-bf85066d4768: Starting segment from index:0
2019-07-13 12:38:06,826 INFO  impl.RaftServerImpl (ServerState.java:setRaftConf(361)) - 1bc21d47-9841-49b0-bf99-53eb7135dcbc:group-BF85066D4768 set configuration 0: [1bc21d47-9841-49b0-bf99-53eb7135dcbc:192.168.5.181:45620], old=null at 0
2019-07-13 12:38:06,850 INFO  segmented.SegmentedRaftLogWorker (SegmentedRaftLogWorker.java:execute(569)) - 1bc21d47-9841-49b0-bf99-53eb7135dcbc-SegmentedRaftLogWorker:Storage Directory /tmp/workdir/hadoop-ozone/integration-test/target/test-dir/MiniOzoneClusterImpl-dd177095-6ff0-4c98-92dc-be788b95eaac/datanode-3/data/ratis/2882d17b-54fc-4a51-a8c2-bf85066d4768: created new log segment /tmp/workdir/hadoop-ozone/integration-test/target/test-dir/MiniOzoneClusterImpl-dd177095-6ff0-4c98-92dc-be788b95eaac/datanode-3/data/ratis/2882d17b-54fc-4a51-a8c2-bf85066d4768/current/log_inprogress_0
2019-07-13 12:38:07,149 INFO  impl.FollowerState (FollowerState.java:run(106)) - 793ede1c-9cc0-400c-868a-e5201be0542d:group-DB454F431847 changes to CANDIDATE, lastRpcTime:5148, electionTimeout:5148ms
2019-07-13 12:38:07,150 INFO  impl.RoleInfo (RoleInfo.java:shutdownFollowerState(121)) - 793ede1c-9cc0-400c-868a-e5201be0542d: shutdown FollowerState
2019-07-13 12:38:07,150 INFO  impl.RaftServerImpl (RaftServerImpl.java:setRole(171)) - 793ede1c-9cc0-400c-868a-e5201be0542d:group-DB454F431847 changes role from FOLLOWER to CANDIDATE at term 0 for changeToCandidate
2019-07-13 12:38:07,150 INFO  impl.RoleInfo (RoleInfo.java:updateAndGet(143)) - 793ede1c-9cc0-400c-868a-e5201be0542d: start LeaderElection
2019-07-13 12:38:07,160 INFO  impl.LeaderElection (LeaderElection.java:askForVotes(181)) - 793ede1c-9cc0-400c-868a-e5201be0542d:group-DB454F431847:LeaderElection100: begin an election at term 1 for -1: [793ede1c-9cc0-400c-868a-e5201be0542d:192.168.5.181:45615], old=null
2019-07-13 12:38:07,160 INFO  impl.RoleInfo (RoleInfo.java:shutdownLeaderElection(134)) - 793ede1c-9cc0-400c-868a-e5201be0542d: shutdown LeaderElection
2019-07-13 12:38:07,161 INFO  impl.RaftServerImpl (RaftServerImpl.java:setRole(171)) - 793ede1c-9cc0-400c-868a-e5201be0542d:group-DB454F431847 changes role from CANDIDATE to LEADER at term 1 for changeToLeader
2019-07-13 12:38:07,161 INFO  impl.RaftServerImpl (ServerState.java:setLeader(263)) - 793ede1c-9cc0-400c-868a-e5201be0542d:group-DB454F431847 change Leader from null to 793ede1c-9cc0-400c-868a-e5201be0542d at term 1 for becomeLeader, leader elected after 5164ms
2019-07-13 12:38:07,161 INFO  server.RaftServerConfigKeys (ConfUtils.java:logGet(43)) - raft.server.staging.catchup.gap = 1000 (default)
2019-07-13 12:38:07,161 INFO  server.RaftServerConfigKeys (ConfUtils.java:logGet(43)) - raft.server.rpc.sleep.time = 25ms (default)
2019-07-13 12:38:07,161 INFO  server.RaftServerConfigKeys (ConfUtils.java:logGet(43)) - raft.server.write.element-limit = 4096 (default)
2019-07-13 12:38:07,161 INFO  server.RaftServerConfigKeys (ConfUtils.java:logGet(43)) - raft.server.watch.timeout = 10s (default)
2019-07-13 12:38:07,161 INFO  server.RaftServerConfigKeys (ConfUtils.java:logGet(43)) - raft.server.watch.timeout.denomination = 1s (default)
2019-07-13 12:38:07,162 INFO  server.RaftServerConfigKeys (ConfUtils.java:logGet(43)) - raft.server.watch.element-limit = 65536 (default)
2019-07-13 12:38:07,162 INFO  impl.RoleInfo (RoleInfo.java:updateAndGet(143)) - 793ede1c-9cc0-400c-868a-e5201be0542d: start LeaderState
2019-07-13 12:38:07,162 INFO  segmented.SegmentedRaftLogWorker (SegmentedRaftLogWorker.java:startLogSegment(380)) - 793ede1c-9cc0-400c-868a-e5201be0542d-SegmentedRaftLogWorker:Storage Directory /tmp/workdir/hadoop-ozone/integration-test/target/test-dir/MiniOzoneClusterImpl-dd177095-6ff0-4c98-92dc-be788b95eaac/datanode-4/data/ratis/5777a237-7eca-45b6-867a-db454f431847: Starting segment from index:0
2019-07-13 12:38:07,162 INFO  impl.RaftServerImpl (ServerState.java:setRaftConf(361)) - 793ede1c-9cc0-400c-868a-e5201be0542d:group-DB454F431847 set configuration 0: [793ede1c-9cc0-400c-868a-e5201be0542d:192.168.5.181:45615], old=null at 0
2019-07-13 12:38:07,187 INFO  segmented.SegmentedRaftLogWorker (SegmentedRaftLogWorker.java:execute(569)) - 793ede1c-9cc0-400c-868a-e5201be0542d-SegmentedRaftLogWorker:Storage Directory /tmp/workdir/hadoop-ozone/integration-test/target/test-dir/MiniOzoneClusterImpl-dd177095-6ff0-4c98-92dc-be788b95eaac/datanode-4/data/ratis/5777a237-7eca-45b6-867a-db454f431847: created new log segment /tmp/workdir/hadoop-ozone/integration-test/target/test-dir/MiniOzoneClusterImpl-dd177095-6ff0-4c98-92dc-be788b95eaac/datanode-4/data/ratis/5777a237-7eca-45b6-867a-db454f431847/current/log_inprogress_0
2019-07-13 12:38:07,228 INFO  impl.FollowerState (FollowerState.java:run(106)) - 793ede1c-9cc0-400c-868a-e5201be0542d:group-8A67D76BECB8 changes to CANDIDATE, lastRpcTime:5002, electionTimeout:5002ms
2019-07-13 12:38:07,229 INFO  impl.RoleInfo (RoleInfo.java:shutdownFollowerState(121)) - 793ede1c-9cc0-400c-868a-e5201be0542d: shutdown FollowerState
2019-07-13 12:38:07,229 INFO  impl.RaftServerImpl (RaftServerImpl.java:setRole(171)) - 793ede1c-9cc0-400c-868a-e5201be0542d:group-8A67D76BECB8 changes role from FOLLOWER to CANDIDATE at term 0 for changeToCandidate
2019-07-13 12:38:07,229 INFO  impl.RoleInfo (RoleInfo.java:updateAndGet(143)) - 793ede1c-9cc0-400c-868a-e5201be0542d: start LeaderElection
2019-07-13 12:38:07,246 INFO  impl.LeaderElection (LeaderElection.java:askForVotes(181)) - 793ede1c-9cc0-400c-868a-e5201be0542d:group-8A67D76BECB8:LeaderElection101: begin an election at term 1 for -1: [995671c8-c505-460c-a857-f81a18c3367d:192.168.5.181:43985, 1bc21d47-9841-49b0-bf99-53eb7135dcbc:192.168.5.181:45620, 793ede1c-9cc0-400c-868a-e5201be0542d:192.168.5.181:45615], old=null
2019-07-13 12:38:07,251 INFO  impl.RaftServerImpl (RaftServerImpl.java:setRole(171)) - 995671c8-c505-460c-a857-f81a18c3367d:group-8A67D76BECB8 changes role from FOLLOWER to FOLLOWER at term 1 for recognizeCandidate:793ede1c-9cc0-400c-868a-e5201be0542d
2019-07-13 12:38:07,251 INFO  impl.RaftServerImpl (RaftServerImpl.java:setRole(171)) - 1bc21d47-9841-49b0-bf99-53eb7135dcbc:group-8A67D76BECB8 changes role from FOLLOWER to FOLLOWER at term 1 for recognizeCandidate:793ede1c-9cc0-400c-868a-e5201be0542d
2019-07-13 12:38:07,251 INFO  impl.RoleInfo (RoleInfo.java:shutdownFollowerState(121)) - 995671c8-c505-460c-a857-f81a18c3367d: shutdown FollowerState
2019-07-13 12:38:07,251 INFO  impl.RoleInfo (RoleInfo.java:shutdownFollowerState(121)) - 1bc21d47-9841-49b0-bf99-53eb7135dcbc: shutdown FollowerState
2019-07-13 12:38:07,252 INFO  impl.FollowerState (FollowerState.java:run(114)) - 995671c8-c505-460c-a857-f81a18c3367d: FollowerState was interrupted: java.lang.InterruptedException: sleep interrupted
2019-07-13 12:38:07,252 INFO  impl.RoleInfo (RoleInfo.java:updateAndGet(143)) - 995671c8-c505-460c-a857-f81a18c3367d: start FollowerState
2019-07-13 12:38:07,252 INFO  impl.FollowerState (FollowerState.java:run(114)) - 1bc21d47-9841-49b0-bf99-53eb7135dcbc: FollowerState was interrupted: java.lang.InterruptedException: sleep interrupted
2019-07-13 12:38:07,252 INFO  impl.RoleInfo (RoleInfo.java:updateAndGet(143)) - 1bc21d47-9841-49b0-bf99-53eb7135dcbc: start FollowerState
2019-07-13 12:38:07,285 INFO  impl.LeaderElection (LeaderElection.java:logAndReturn(56)) - 793ede1c-9cc0-400c-868a-e5201be0542d:group-8A67D76BECB8:LeaderElection101: Election PASSED; received 1 response(s) [793ede1c-9cc0-400c-868a-e5201be0542d<-995671c8-c505-460c-a857-f81a18c3367d#0:OK-t1] and 0 exception(s); 793ede1c-9cc0-400c-868a-e5201be0542d:t1, leader=null, voted=793ede1c-9cc0-400c-868a-e5201be0542d, raftlog=793ede1c-9cc0-400c-868a-e5201be0542d-SegmentedRaftLog:OPENED:c-1,f-1,i0, conf=-1: [995671c8-c505-460c-a857-f81a18c3367d:192.168.5.181:43985, 1bc21d47-9841-49b0-bf99-53eb7135dcbc:192.168.5.181:45620, 793ede1c-9cc0-400c-868a-e5201be0542d:192.168.5.181:45615], old=null
2019-07-13 12:38:07,286 INFO  impl.RoleInfo (RoleInfo.java:shutdownLeaderElection(134)) - 793ede1c-9cc0-400c-868a-e5201be0542d: shutdown LeaderElection
2019-07-13 12:38:07,286 INFO  impl.RaftServerImpl (RaftServerImpl.java:setRole(171)) - 793ede1c-9cc0-400c-868a-e5201be0542d:group-8A67D76BECB8 changes role from CANDIDATE to LEADER at term 1 for changeToLeader
2019-07-13 12:38:07,286 INFO  impl.RaftServerImpl (ServerState.java:setLeader(263)) - 793ede1c-9cc0-400c-868a-e5201be0542d:group-8A67D76BECB8 change Leader from null to 793ede1c-9cc0-400c-868a-e5201be0542d at term 1 for becomeLeader, leader elected after 5074ms
2019-07-13 12:38:07,286 INFO  server.RaftServerConfigKeys (ConfUtils.java:logGet(43)) - raft.server.staging.catchup.gap = 1000 (default)
2019-07-13 12:38:07,286 INFO  server.RaftServerConfigKeys (ConfUtils.java:logGet(43)) - raft.server.rpc.sleep.time = 25ms (default)
2019-07-13 12:38:07,286 INFO  server.RaftServerConfigKeys (ConfUtils.java:logGet(43)) - raft.server.write.element-limit = 4096 (default)
2019-07-13 12:38:07,287 INFO  server.RaftServerConfigKeys (ConfUtils.java:logGet(43)) - raft.server.watch.timeout = 10s (default)
2019-07-13 12:38:07,287 INFO  server.RaftServerConfigKeys (ConfUtils.java:logGet(43)) - raft.server.watch.timeout.denomination = 1s (default)
2019-07-13 12:38:07,287 INFO  server.RaftServerConfigKeys (ConfUtils.java:logGet(43)) - raft.server.watch.element-limit = 65536 (default)
2019-07-13 12:38:07,287 INFO  server.RaftServerConfigKeys (ConfUtils.java:logGet(43)) - raft.server.log.appender.snapshot.chunk.size.max = 16MB (=16777216) (default)
2019-07-13 12:38:07,287 INFO  server.RaftServerConfigKeys (ConfUtils.java:logGet(43)) - raft.server.log.appender.buffer.byte-limit = 33554432 (custom)
2019-07-13 12:38:07,288 INFO  server.RaftServerConfigKeys (ConfUtils.java:logGet(43)) - raft.server.log.appender.buffer.element-limit = 1 (custom)
2019-07-13 12:38:07,288 INFO  grpc.GrpcConfigKeys$Server (ConfUtils.java:logGet(43)) - raft.grpc.server.leader.outstanding.appends.max = 128 (default)
2019-07-13 12:38:07,288 INFO  server.RaftServerConfigKeys (ConfUtils.java:logGet(43)) - raft.server.rpc.request.timeout = 3000ms (default)
2019-07-13 12:38:07,288 INFO  server.RaftServerConfigKeys (ConfUtils.java:logGet(43)) - raft.server.log.appender.install.snapshot.enabled = false (custom)
2019-07-13 12:38:07,288 INFO  server.RaftServerConfigKeys (ConfUtils.java:logGet(43)) - raft.server.log.appender.snapshot.chunk.size.max = 16MB (=16777216) (default)
2019-07-13 12:38:07,289 INFO  server.RaftServerConfigKeys (ConfUtils.java:logGet(43)) - raft.server.log.appender.buffer.byte-limit = 33554432 (custom)
2019-07-13 12:38:07,289 INFO  server.RaftServerConfigKeys (ConfUtils.java:logGet(43)) - raft.server.log.appender.buffer.element-limit = 1 (custom)
2019-07-13 12:38:07,289 INFO  grpc.GrpcConfigKeys$Server (ConfUtils.java:logGet(43)) - raft.grpc.server.leader.outstanding.appends.max = 128 (default)
2019-07-13 12:38:07,289 INFO  server.RaftServerConfigKeys (ConfUtils.java:logGet(43)) - raft.server.rpc.request.timeout = 3000ms (default)
2019-07-13 12:38:07,289 INFO  server.RaftServerConfigKeys (ConfUtils.java:logGet(43)) - raft.server.log.appender.install.snapshot.enabled = false (custom)
2019-07-13 12:38:07,290 INFO  impl.RoleInfo (RoleInfo.java:updateAndGet(143)) - 793ede1c-9cc0-400c-868a-e5201be0542d: start LeaderState
2019-07-13 12:38:07,290 INFO  segmented.SegmentedRaftLogWorker (SegmentedRaftLogWorker.java:startLogSegment(380)) - 793ede1c-9cc0-400c-868a-e5201be0542d-SegmentedRaftLogWorker:Storage Directory /tmp/workdir/hadoop-ozone/integration-test/target/test-dir/MiniOzoneClusterImpl-dd177095-6ff0-4c98-92dc-be788b95eaac/datanode-4/data/ratis/cea7f20e-ff2d-4646-9bf5-8a67d76becb8: Starting segment from index:0
2019-07-13 12:38:07,291 INFO  impl.RaftServerImpl (ServerState.java:setRaftConf(361)) - 793ede1c-9cc0-400c-868a-e5201be0542d:group-8A67D76BECB8 set configuration 0: [995671c8-c505-460c-a857-f81a18c3367d:192.168.5.181:43985, 1bc21d47-9841-49b0-bf99-53eb7135dcbc:192.168.5.181:45620, 793ede1c-9cc0-400c-868a-e5201be0542d:192.168.5.181:45615], old=null at 0
2019-07-13 12:38:07,292 INFO  impl.RaftServerImpl (ServerState.java:setLeader(263)) - 995671c8-c505-460c-a857-f81a18c3367d:group-8A67D76BECB8 change Leader from null to 793ede1c-9cc0-400c-868a-e5201be0542d at term 1 for appendEntries, leader elected after 5081ms
2019-07-13 12:38:07,292 INFO  impl.RaftServerImpl (ServerState.java:setLeader(263)) - 1bc21d47-9841-49b0-bf99-53eb7135dcbc:group-8A67D76BECB8 change Leader from null to 793ede1c-9cc0-400c-868a-e5201be0542d at term 1 for appendEntries, leader elected after 5080ms
2019-07-13 12:38:07,318 INFO  impl.RaftServerImpl (ServerState.java:setRaftConf(361)) - 1bc21d47-9841-49b0-bf99-53eb7135dcbc:group-8A67D76BECB8 set configuration 0: [995671c8-c505-460c-a857-f81a18c3367d:192.168.5.181:43985, 1bc21d47-9841-49b0-bf99-53eb7135dcbc:192.168.5.181:45620, 793ede1c-9cc0-400c-868a-e5201be0542d:192.168.5.181:45615], old=null at 0
2019-07-13 12:38:07,318 INFO  impl.RaftServerImpl (ServerState.java:setRaftConf(361)) - 995671c8-c505-460c-a857-f81a18c3367d:group-8A67D76BECB8 set configuration 0: [995671c8-c505-460c-a857-f81a18c3367d:192.168.5.181:43985, 1bc21d47-9841-49b0-bf99-53eb7135dcbc:192.168.5.181:45620, 793ede1c-9cc0-400c-868a-e5201be0542d:192.168.5.181:45615], old=null at 0
2019-07-13 12:38:07,319 INFO  segmented.SegmentedRaftLogWorker (SegmentedRaftLogWorker.java:startLogSegment(380)) - 1bc21d47-9841-49b0-bf99-53eb7135dcbc-SegmentedRaftLogWorker:Storage Directory /tmp/workdir/hadoop-ozone/integration-test/target/test-dir/MiniOzoneClusterImpl-dd177095-6ff0-4c98-92dc-be788b95eaac/datanode-3/data/ratis/cea7f20e-ff2d-4646-9bf5-8a67d76becb8: Starting segment from index:0
2019-07-13 12:38:07,319 INFO  segmented.SegmentedRaftLogWorker (SegmentedRaftLogWorker.java:startLogSegment(380)) - 995671c8-c505-460c-a857-f81a18c3367d-SegmentedRaftLogWorker:Storage Directory /tmp/workdir/hadoop-ozone/integration-test/target/test-dir/MiniOzoneClusterImpl-dd177095-6ff0-4c98-92dc-be788b95eaac/datanode-5/data/ratis/cea7f20e-ff2d-4646-9bf5-8a67d76becb8: Starting segment from index:0
2019-07-13 12:38:07,321 INFO  impl.FollowerState (FollowerState.java:run(106)) - 995671c8-c505-460c-a857-f81a18c3367d:group-B611FD7A82B5 changes to CANDIDATE, lastRpcTime:5151, electionTimeout:5151ms
2019-07-13 12:38:07,321 INFO  impl.RoleInfo (RoleInfo.java:shutdownFollowerState(121)) - 995671c8-c505-460c-a857-f81a18c3367d: shutdown FollowerState
2019-07-13 12:38:07,322 INFO  impl.RaftServerImpl (RaftServerImpl.java:setRole(171)) - 995671c8-c505-460c-a857-f81a18c3367d:group-B611FD7A82B5 changes role from FOLLOWER to CANDIDATE at term 0 for changeToCandidate
2019-07-13 12:38:07,322 INFO  impl.RoleInfo (RoleInfo.java:updateAndGet(143)) - 995671c8-c505-460c-a857-f81a18c3367d: start LeaderElection
2019-07-13 12:38:07,343 INFO  segmented.SegmentedRaftLogWorker (SegmentedRaftLogWorker.java:execute(569)) - 793ede1c-9cc0-400c-868a-e5201be0542d-SegmentedRaftLogWorker:Storage Directory /tmp/workdir/hadoop-ozone/integration-test/target/test-dir/MiniOzoneClusterImpl-dd177095-6ff0-4c98-92dc-be788b95eaac/datanode-4/data/ratis/cea7f20e-ff2d-4646-9bf5-8a67d76becb8: created new log segment /tmp/workdir/hadoop-ozone/integration-test/target/test-dir/MiniOzoneClusterImpl-dd177095-6ff0-4c98-92dc-be788b95eaac/datanode-4/data/ratis/cea7f20e-ff2d-4646-9bf5-8a67d76becb8/current/log_inprogress_0
2019-07-13 12:38:07,347 INFO  segmented.SegmentedRaftLogWorker (SegmentedRaftLogWorker.java:execute(569)) - 1bc21d47-9841-49b0-bf99-53eb7135dcbc-SegmentedRaftLogWorker:Storage Directory /tmp/workdir/hadoop-ozone/integration-test/target/test-dir/MiniOzoneClusterImpl-dd177095-6ff0-4c98-92dc-be788b95eaac/datanode-3/data/ratis/cea7f20e-ff2d-4646-9bf5-8a67d76becb8: created new log segment /tmp/workdir/hadoop-ozone/integration-test/target/test-dir/MiniOzoneClusterImpl-dd177095-6ff0-4c98-92dc-be788b95eaac/datanode-3/data/ratis/cea7f20e-ff2d-4646-9bf5-8a67d76becb8/current/log_inprogress_0
2019-07-13 12:38:07,347 INFO  segmented.SegmentedRaftLogWorker (SegmentedRaftLogWorker.java:execute(569)) - 995671c8-c505-460c-a857-f81a18c3367d-SegmentedRaftLogWorker:Storage Directory /tmp/workdir/hadoop-ozone/integration-test/target/test-dir/MiniOzoneClusterImpl-dd177095-6ff0-4c98-92dc-be788b95eaac/datanode-5/data/ratis/cea7f20e-ff2d-4646-9bf5-8a67d76becb8: created new log segment /tmp/workdir/hadoop-ozone/integration-test/target/test-dir/MiniOzoneClusterImpl-dd177095-6ff0-4c98-92dc-be788b95eaac/datanode-5/data/ratis/cea7f20e-ff2d-4646-9bf5-8a67d76becb8/current/log_inprogress_0
2019-07-13 12:38:07,352 INFO  impl.LeaderElection (LeaderElection.java:askForVotes(181)) - 995671c8-c505-460c-a857-f81a18c3367d:group-B611FD7A82B5:LeaderElection102: begin an election at term 1 for -1: [995671c8-c505-460c-a857-f81a18c3367d:192.168.5.181:43985], old=null
2019-07-13 12:38:07,352 INFO  impl.RoleInfo (RoleInfo.java:shutdownLeaderElection(134)) - 995671c8-c505-460c-a857-f81a18c3367d: shutdown LeaderElection
2019-07-13 12:38:07,352 INFO  impl.RaftServerImpl (RaftServerImpl.java:setRole(171)) - 995671c8-c505-460c-a857-f81a18c3367d:group-B611FD7A82B5 changes role from CANDIDATE to LEADER at term 1 for changeToLeader
2019-07-13 12:38:07,352 INFO  impl.RaftServerImpl (ServerState.java:setLeader(263)) - 995671c8-c505-460c-a857-f81a18c3367d:group-B611FD7A82B5 change Leader from null to 995671c8-c505-460c-a857-f81a18c3367d at term 1 for becomeLeader, leader elected after 5186ms
2019-07-13 12:38:07,352 INFO  server.RaftServerConfigKeys (ConfUtils.java:logGet(43)) - raft.server.staging.catchup.gap = 1000 (default)
2019-07-13 12:38:07,352 INFO  server.RaftServerConfigKeys (ConfUtils.java:logGet(43)) - raft.server.rpc.sleep.time = 25ms (default)
2019-07-13 12:38:07,353 INFO  server.RaftServerConfigKeys (ConfUtils.java:logGet(43)) - raft.server.write.element-limit = 4096 (default)
2019-07-13 12:38:07,353 INFO  server.RaftServerConfigKeys (ConfUtils.java:logGet(43)) - raft.server.watch.timeout = 10s (default)
2019-07-13 12:38:07,353 INFO  server.RaftServerConfigKeys (ConfUtils.java:logGet(43)) - raft.server.watch.timeout.denomination = 1s (default)
2019-07-13 12:38:07,353 INFO  server.RaftServerConfigKeys (ConfUtils.java:logGet(43)) - raft.server.watch.element-limit = 65536 (default)
2019-07-13 12:38:07,353 INFO  impl.RoleInfo (RoleInfo.java:updateAndGet(143)) - 995671c8-c505-460c-a857-f81a18c3367d: start LeaderState
2019-07-13 12:38:07,354 INFO  segmented.SegmentedRaftLogWorker (SegmentedRaftLogWorker.java:startLogSegment(380)) - 995671c8-c505-460c-a857-f81a18c3367d-SegmentedRaftLogWorker:Storage Directory /tmp/workdir/hadoop-ozone/integration-test/target/test-dir/MiniOzoneClusterImpl-dd177095-6ff0-4c98-92dc-be788b95eaac/datanode-5/data/ratis/a85557e8-7137-4cdb-b253-b611fd7a82b5: Starting segment from index:0
2019-07-13 12:38:07,354 INFO  impl.RaftServerImpl (ServerState.java:setRaftConf(361)) - 995671c8-c505-460c-a857-f81a18c3367d:group-B611FD7A82B5 set configuration 0: [995671c8-c505-460c-a857-f81a18c3367d:192.168.5.181:43985], old=null at 0
2019-07-13 12:38:07,386 INFO  segmented.SegmentedRaftLogWorker (SegmentedRaftLogWorker.java:execute(569)) - 995671c8-c505-460c-a857-f81a18c3367d-SegmentedRaftLogWorker:Storage Directory /tmp/workdir/hadoop-ozone/integration-test/target/test-dir/MiniOzoneClusterImpl-dd177095-6ff0-4c98-92dc-be788b95eaac/datanode-5/data/ratis/a85557e8-7137-4cdb-b253-b611fd7a82b5: created new log segment /tmp/workdir/hadoop-ozone/integration-test/target/test-dir/MiniOzoneClusterImpl-dd177095-6ff0-4c98-92dc-be788b95eaac/datanode-5/data/ratis/a85557e8-7137-4cdb-b253-b611fd7a82b5/current/log_inprogress_0
2019-07-13 12:38:07,592 INFO  impl.FollowerState (FollowerState.java:run(106)) - e0870b50-7f1f-4929-aa53-41061bdca90a:group-E81A512945AB changes to CANDIDATE, lastRpcTime:5028, electionTimeout:5028ms
2019-07-13 12:38:07,592 INFO  impl.RoleInfo (RoleInfo.java:shutdownFollowerState(121)) - e0870b50-7f1f-4929-aa53-41061bdca90a: shutdown FollowerState
2019-07-13 12:38:07,592 INFO  impl.RaftServerImpl (RaftServerImpl.java:setRole(171)) - e0870b50-7f1f-4929-aa53-41061bdca90a:group-E81A512945AB changes role from FOLLOWER to CANDIDATE at term 0 for changeToCandidate
2019-07-13 12:38:07,592 INFO  impl.RoleInfo (RoleInfo.java:updateAndGet(143)) - e0870b50-7f1f-4929-aa53-41061bdca90a: start LeaderElection
2019-07-13 12:38:07,613 INFO  impl.LeaderElection (LeaderElection.java:askForVotes(181)) - e0870b50-7f1f-4929-aa53-41061bdca90a:group-E81A512945AB:LeaderElection103: begin an election at term 1 for -1: [e0870b50-7f1f-4929-aa53-41061bdca90a:192.168.5.181:43871], old=null
2019-07-13 12:38:07,613 INFO  impl.RoleInfo (RoleInfo.java:shutdownLeaderElection(134)) - e0870b50-7f1f-4929-aa53-41061bdca90a: shutdown LeaderElection
2019-07-13 12:38:07,613 INFO  impl.RaftServerImpl (RaftServerImpl.java:setRole(171)) - e0870b50-7f1f-4929-aa53-41061bdca90a:group-E81A512945AB changes role from CANDIDATE to LEADER at term 1 for changeToLeader
2019-07-13 12:38:07,613 INFO  impl.RaftServerImpl (ServerState.java:setLeader(263)) - e0870b50-7f1f-4929-aa53-41061bdca90a:group-E81A512945AB change Leader from null to e0870b50-7f1f-4929-aa53-41061bdca90a at term 1 for becomeLeader, leader elected after 5054ms
2019-07-13 12:38:07,614 INFO  server.RaftServerConfigKeys (ConfUtils.java:logGet(43)) - raft.server.staging.catchup.gap = 1000 (default)
2019-07-13 12:38:07,614 INFO  server.RaftServerConfigKeys (ConfUtils.java:logGet(43)) - raft.server.rpc.sleep.time = 25ms (default)
2019-07-13 12:38:07,614 INFO  server.RaftServerConfigKeys (ConfUtils.java:logGet(43)) - raft.server.write.element-limit = 4096 (default)
2019-07-13 12:38:07,614 INFO  server.RaftServerConfigKeys (ConfUtils.java:logGet(43)) - raft.server.watch.timeout = 10s (default)
2019-07-13 12:38:07,614 INFO  server.RaftServerConfigKeys (ConfUtils.java:logGet(43)) - raft.server.watch.timeout.denomination = 1s (default)
2019-07-13 12:38:07,614 INFO  server.RaftServerConfigKeys (ConfUtils.java:logGet(43)) - raft.server.watch.element-limit = 65536 (default)
2019-07-13 12:38:07,615 INFO  impl.RoleInfo (RoleInfo.java:updateAndGet(143)) - e0870b50-7f1f-4929-aa53-41061bdca90a: start LeaderState
2019-07-13 12:38:07,615 INFO  segmented.SegmentedRaftLogWorker (SegmentedRaftLogWorker.java:startLogSegment(380)) - e0870b50-7f1f-4929-aa53-41061bdca90a-SegmentedRaftLogWorker:Storage Directory /tmp/workdir/hadoop-ozone/integration-test/target/test-dir/MiniOzoneClusterImpl-dd177095-6ff0-4c98-92dc-be788b95eaac/datanode-6/data/ratis/c043720b-d34c-4b7c-972f-e81a512945ab: Starting segment from index:0
2019-07-13 12:38:07,615 INFO  impl.RaftServerImpl (ServerState.java:setRaftConf(361)) - e0870b50-7f1f-4929-aa53-41061bdca90a:group-E81A512945AB set configuration 0: [e0870b50-7f1f-4929-aa53-41061bdca90a:192.168.5.181:43871], old=null at 0
2019-07-13 12:38:07,649 INFO  segmented.SegmentedRaftLogWorker (SegmentedRaftLogWorker.java:execute(569)) - e0870b50-7f1f-4929-aa53-41061bdca90a-SegmentedRaftLogWorker:Storage Directory /tmp/workdir/hadoop-ozone/integration-test/target/test-dir/MiniOzoneClusterImpl-dd177095-6ff0-4c98-92dc-be788b95eaac/datanode-6/data/ratis/c043720b-d34c-4b7c-972f-e81a512945ab: created new log segment /tmp/workdir/hadoop-ozone/integration-test/target/test-dir/MiniOzoneClusterImpl-dd177095-6ff0-4c98-92dc-be788b95eaac/datanode-6/data/ratis/c043720b-d34c-4b7c-972f-e81a512945ab/current/log_inprogress_0
2019-07-13 12:38:07,798 INFO  client.GrpcClientProtocolClient (GrpcClientProtocolClient.java:onNext(255)) - client-E496D251B609->793ede1c-9cc0-400c-868a-e5201be0542d: receive RaftClientReply:client-E496D251B609->793ede1c-9cc0-400c-868a-e5201be0542d@group-8A67D76BECB8, cid=228, SUCCESS, logIndex=1, commits[793ede1c-9cc0-400c-868a-e5201be0542d:c1, 995671c8-c505-460c-a857-f81a18c3367d:c0, 1bc21d47-9841-49b0-bf99-53eb7135dcbc:c0]
2019-07-13 12:38:07,825 INFO  client.GrpcClientProtocolClient (GrpcClientProtocolClient.java:onNext(255)) - client-E496D251B609->793ede1c-9cc0-400c-868a-e5201be0542d: receive RaftClientReply:client-E496D251B609->793ede1c-9cc0-400c-868a-e5201be0542d@group-8A67D76BECB8, cid=229, SUCCESS, logIndex=3, commits[793ede1c-9cc0-400c-868a-e5201be0542d:c3, 995671c8-c505-460c-a857-f81a18c3367d:c2, 1bc21d47-9841-49b0-bf99-53eb7135dcbc:c2]
2019-07-13 12:38:07,872 INFO  client.GrpcClientProtocolClient (GrpcClientProtocolClient.java:onNext(255)) - client-E496D251B609->793ede1c-9cc0-400c-868a-e5201be0542d: receive RaftClientReply:client-E496D251B609->793ede1c-9cc0-400c-868a-e5201be0542d@group-8A67D76BECB8, cid=230, SUCCESS, logIndex=4, commits[793ede1c-9cc0-400c-868a-e5201be0542d:c12, 995671c8-c505-460c-a857-f81a18c3367d:c7, 1bc21d47-9841-49b0-bf99-53eb7135dcbc:c7]
2019-07-13 12:38:07,872 INFO  client.GrpcClientProtocolClient (GrpcClientProtocolClient.java:onNext(255)) - client-E496D251B609->793ede1c-9cc0-400c-868a-e5201be0542d: receive RaftClientReply:client-E496D251B609->793ede1c-9cc0-400c-868a-e5201be0542d@group-8A67D76BECB8, cid=231, SUCCESS, logIndex=5, commits[793ede1c-9cc0-400c-868a-e5201be0542d:c12, 995671c8-c505-460c-a857-f81a18c3367d:c7, 1bc21d47-9841-49b0-bf99-53eb7135dcbc:c7]
2019-07-13 12:38:07,873 INFO  client.GrpcClientProtocolClient (GrpcClientProtocolClient.java:onNext(255)) - client-E496D251B609->793ede1c-9cc0-400c-868a-e5201be0542d: receive RaftClientReply:client-E496D251B609->793ede1c-9cc0-400c-868a-e5201be0542d@group-8A67D76BECB8, cid=232, SUCCESS, logIndex=6, commits[793ede1c-9cc0-400c-868a-e5201be0542d:c12, 995671c8-c505-460c-a857-f81a18c3367d:c7, 1bc21d47-9841-49b0-bf99-53eb7135dcbc:c7]
2019-07-13 12:38:07,919 INFO  client.GrpcClientProtocolClient (GrpcClientProtocolClient.java:onNext(255)) - client-E496D251B609->793ede1c-9cc0-400c-868a-e5201be0542d: receive RaftClientReply:client-E496D251B609->793ede1c-9cc0-400c-868a-e5201be0542d@group-8A67D76BECB8, cid=233, SUCCESS, logIndex=7, commits[793ede1c-9cc0-400c-868a-e5201be0542d:c12, 995671c8-c505-460c-a857-f81a18c3367d:c7, 1bc21d47-9841-49b0-bf99-53eb7135dcbc:c7]
2019-07-13 12:38:07,932 INFO  client.GrpcClientProtocolClient (GrpcClientProtocolClient.java:onNext(255)) - client-E496D251B609->793ede1c-9cc0-400c-868a-e5201be0542d: receive RaftClientReply:client-E496D251B609->793ede1c-9cc0-400c-868a-e5201be0542d@group-8A67D76BECB8, cid=234, SUCCESS, logIndex=13, commits[793ede1c-9cc0-400c-868a-e5201be0542d:c14, 995671c8-c505-460c-a857-f81a18c3367d:c12, 1bc21d47-9841-49b0-bf99-53eb7135dcbc:c12]
2019-07-13 12:38:07,933 INFO  client.GrpcClientProtocolClient (GrpcClientProtocolClient.java:onNext(255)) - client-E496D251B609->793ede1c-9cc0-400c-868a-e5201be0542d: receive RaftClientReply:client-E496D251B609->793ede1c-9cc0-400c-868a-e5201be0542d@group-8A67D76BECB8, cid=235, SUCCESS, logIndex=14, commits[793ede1c-9cc0-400c-868a-e5201be0542d:c14, 995671c8-c505-460c-a857-f81a18c3367d:c12, 1bc21d47-9841-49b0-bf99-53eb7135dcbc:c12]
2019-07-13 12:38:07,952 INFO  client.GrpcClientProtocolClient (GrpcClientProtocolClient.java:onNext(255)) - client-E496D251B609->793ede1c-9cc0-400c-868a-e5201be0542d: receive RaftClientReply:client-E496D251B609->793ede1c-9cc0-400c-868a-e5201be0542d@group-8A67D76BECB8, cid=236, SUCCESS, logIndex=0, commits[793ede1c-9cc0-400c-868a-e5201be0542d:c16, 995671c8-c505-460c-a857-f81a18c3367d:c14, 1bc21d47-9841-49b0-bf99-53eb7135dcbc:c14]
2019-07-13 12:38:07,953 INFO  container.CloseContainerEventHandler (CloseContainerEventHandler.java:onMessage(61)) - Close container Event triggered for container : #1
2019-07-13 12:38:07,953 INFO  container.CloseContainerEventHandler (CloseContainerEventHandler.java:onMessage(61)) - Close container Event triggered for container : #1
2019-07-13 12:38:07,953 INFO  container.CloseContainerEventHandler (CloseContainerEventHandler.java:onMessage(61)) - Close container Event triggered for container : #1
2019-07-13 12:38:09,021 INFO  interfaces.Container (KeyValueContainer.java:compactDB(356)) - Container 1 is closed with bcsId 14.
2019-07-13 12:38:09,034 INFO  interfaces.Container (KeyValueContainer.java:compactDB(356)) - Container 1 is closed with bcsId 14.
2019-07-13 12:38:09,038 INFO  interfaces.Container (KeyValueContainer.java:compactDB(356)) - Container 1 is closed with bcsId 14.
12:38:09.457 [grpc-default-executor-2] ERROR DNAudit - user=null | ip=null | op=WRITE_CHUNK {blockData=conID: 1 locID: 102434175950454803 bcsId: 14} | ret=FAILURE
org.apache.hadoop.hdds.scm.container.common.helpers.ContainerNotOpenException: Container 1 in CLOSED state
	at org.apache.hadoop.ozone.container.common.impl.HddsDispatcher.validateContainerCommand(HddsDispatcher.java:408) ~[hadoop-hdds-container-service-0.5.0-SNAPSHOT.jar:?]
	at org.apache.hadoop.ozone.container.common.transport.server.ratis.ContainerStateMachine.startTransaction(ContainerStateMachine.java:271) ~[hadoop-hdds-container-service-0.5.0-SNAPSHOT.jar:?]
	at org.apache.ratis.server.impl.RaftServerImpl.submitClientRequestAsync(RaftServerImpl.java:566) ~[ratis-server-0.4.0-2337318-SNAPSHOT.jar:0.4.0-2337318-SNAPSHOT]
	at org.apache.ratis.server.impl.RaftServerProxy.lambda$submitClientRequestAsync$7(RaftServerProxy.java:333) ~[ratis-server-0.4.0-2337318-SNAPSHOT.jar:0.4.0-2337318-SNAPSHOT]
	at org.apache.ratis.server.impl.RaftServerProxy.lambda$null$5(RaftServerProxy.java:328) ~[ratis-server-0.4.0-2337318-SNAPSHOT.jar:0.4.0-2337318-SNAPSHOT]
	at org.apache.ratis.util.JavaUtils.callAsUnchecked(JavaUtils.java:109) ~[ratis-common-0.4.0-2337318-SNAPSHOT.jar:0.4.0-2337318-SNAPSHOT]
	at org.apache.ratis.server.impl.RaftServerProxy.lambda$submitRequest$6(RaftServerProxy.java:328) ~[ratis-server-0.4.0-2337318-SNAPSHOT.jar:0.4.0-2337318-SNAPSHOT]
	at java.util.concurrent.CompletableFuture.uniComposeStage(CompletableFuture.java:981) ~[?:1.8.0_212]
	at java.util.concurrent.CompletableFuture.thenCompose(CompletableFuture.java:2124) ~[?:1.8.0_212]
	at org.apache.ratis.server.impl.RaftServerProxy.submitRequest(RaftServerProxy.java:327) ~[ratis-server-0.4.0-2337318-SNAPSHOT.jar:0.4.0-2337318-SNAPSHOT]
	at org.apache.ratis.server.impl.RaftServerProxy.submitClientRequestAsync(RaftServerProxy.java:333) ~[ratis-server-0.4.0-2337318-SNAPSHOT.jar:0.4.0-2337318-SNAPSHOT]
	at org.apache.ratis.grpc.client.GrpcClientProtocolService$RequestStreamObserver.processClientRequest(GrpcClientProtocolService.java:220) ~[ratis-grpc-0.4.0-2337318-SNAPSHOT.jar:0.4.0-2337318-SNAPSHOT]
	at org.apache.ratis.grpc.client.GrpcClientProtocolService$OrderedRequestStreamObserver.processClientRequest(GrpcClientProtocolService.java:326) ~[ratis-grpc-0.4.0-2337318-SNAPSHOT.jar:0.4.0-2337318-SNAPSHOT]
	at org.apache.ratis.util.SlidingWindow$Server.processRequestsFromHead(SlidingWindow.java:429) [ratis-common-0.4.0-2337318-SNAPSHOT.jar:0.4.0-2337318-SNAPSHOT]
	at org.apache.ratis.util.SlidingWindow$Server.receivedRequest(SlidingWindow.java:421) [ratis-common-0.4.0-2337318-SNAPSHOT.jar:0.4.0-2337318-SNAPSHOT]
	at org.apache.ratis.grpc.client.GrpcClientProtocolService$OrderedRequestStreamObserver.processClientRequest(GrpcClientProtocolService.java:345) [ratis-grpc-0.4.0-2337318-SNAPSHOT.jar:0.4.0-2337318-SNAPSHOT]
	at org.apache.ratis.grpc.client.GrpcClientProtocolService$RequestStreamObserver.onNext(GrpcClientProtocolService.java:240) [ratis-grpc-0.4.0-2337318-SNAPSHOT.jar:0.4.0-2337318-SNAPSHOT]
	at org.apache.ratis.grpc.client.GrpcClientProtocolService$RequestStreamObserver.onNext(GrpcClientProtocolService.java:168) [ratis-grpc-0.4.0-2337318-SNAPSHOT.jar:0.4.0-2337318-SNAPSHOT]
	at org.apache.ratis.thirdparty.io.grpc.stub.ServerCalls$StreamingServerCallHandler$StreamingServerCallListener.onMessage(ServerCalls.java:248) [ratis-thirdparty-misc-0.2.0.jar:0.2.0]
	at org.apache.ratis.thirdparty.io.grpc.internal.ServerCallImpl$ServerStreamListenerImpl.messagesAvailable(ServerCallImpl.java:263) [ratis-thirdparty-misc-0.2.0.jar:0.2.0]
	at org.apache.ratis.thirdparty.io.grpc.internal.ServerImpl$JumpToApplicationThreadServerStreamListener$1MessagesAvailable.runInContext(ServerImpl.java:686) [ratis-thirdparty-misc-0.2.0.jar:0.2.0]
	at org.apache.ratis.thirdparty.io.grpc.internal.ContextRunnable.run(ContextRunnable.java:37) [ratis-thirdparty-misc-0.2.0.jar:0.2.0]
	at org.apache.ratis.thirdparty.io.grpc.internal.SerializingExecutor.run(SerializingExecutor.java:123) [ratis-thirdparty-misc-0.2.0.jar:0.2.0]
	at java.util.concurrent.ThreadPoolExecutor.runWorker(ThreadPoolExecutor.java:1149) [?:1.8.0_212]
	at java.util.concurrent.ThreadPoolExecutor$Worker.run(ThreadPoolExecutor.java:624) [?:1.8.0_212]
	at java.lang.Thread.run(Thread.java:748) [?:1.8.0_212]
12:38:09.469 [grpc-default-executor-2] ERROR DNAudit - user=null | ip=null | op=WRITE_CHUNK {blockData=conID: 1 locID: 102434175950454803 bcsId: 14} | ret=FAILURE
org.apache.hadoop.hdds.scm.container.common.helpers.ContainerNotOpenException: Container 1 in CLOSED state
	at org.apache.hadoop.ozone.container.common.impl.HddsDispatcher.validateContainerCommand(HddsDispatcher.java:408) ~[hadoop-hdds-container-service-0.5.0-SNAPSHOT.jar:?]
	at org.apache.hadoop.ozone.container.common.transport.server.ratis.ContainerStateMachine.startTransaction(ContainerStateMachine.java:271) ~[hadoop-hdds-container-service-0.5.0-SNAPSHOT.jar:?]
	at org.apache.ratis.server.impl.RaftServerImpl.submitClientRequestAsync(RaftServerImpl.java:566) ~[ratis-server-0.4.0-2337318-SNAPSHOT.jar:0.4.0-2337318-SNAPSHOT]
	at org.apache.ratis.server.impl.RaftServerProxy.lambda$submitClientRequestAsync$7(RaftServerProxy.java:333) ~[ratis-server-0.4.0-2337318-SNAPSHOT.jar:0.4.0-2337318-SNAPSHOT]
	at org.apache.ratis.server.impl.RaftServerProxy.lambda$null$5(RaftServerProxy.java:328) ~[ratis-server-0.4.0-2337318-SNAPSHOT.jar:0.4.0-2337318-SNAPSHOT]
	at org.apache.ratis.util.JavaUtils.callAsUnchecked(JavaUtils.java:109) ~[ratis-common-0.4.0-2337318-SNAPSHOT.jar:0.4.0-2337318-SNAPSHOT]
	at org.apache.ratis.server.impl.RaftServerProxy.lambda$submitRequest$6(RaftServerProxy.java:328) ~[ratis-server-0.4.0-2337318-SNAPSHOT.jar:0.4.0-2337318-SNAPSHOT]
	at java.util.concurrent.CompletableFuture.uniComposeStage(CompletableFuture.java:981) ~[?:1.8.0_212]
	at java.util.concurrent.CompletableFuture.thenCompose(CompletableFuture.java:2124) ~[?:1.8.0_212]
	at org.apache.ratis.server.impl.RaftServerProxy.submitRequest(RaftServerProxy.java:327) ~[ratis-server-0.4.0-2337318-SNAPSHOT.jar:0.4.0-2337318-SNAPSHOT]
	at org.apache.ratis.server.impl.RaftServerProxy.submitClientRequestAsync(RaftServerProxy.java:333) ~[ratis-server-0.4.0-2337318-SNAPSHOT.jar:0.4.0-2337318-SNAPSHOT]
	at org.apache.ratis.grpc.client.GrpcClientProtocolService$RequestStreamObserver.processClientRequest(GrpcClientProtocolService.java:220) ~[ratis-grpc-0.4.0-2337318-SNAPSHOT.jar:0.4.0-2337318-SNAPSHOT]
	at org.apache.ratis.grpc.client.GrpcClientProtocolService$OrderedRequestStreamObserver.processClientRequest(GrpcClientProtocolService.java:326) ~[ratis-grpc-0.4.0-2337318-SNAPSHOT.jar:0.4.0-2337318-SNAPSHOT]
	at org.apache.ratis.util.SlidingWindow$Server.processRequestsFromHead(SlidingWindow.java:429) [ratis-common-0.4.0-2337318-SNAPSHOT.jar:0.4.0-2337318-SNAPSHOT]
	at org.apache.ratis.util.SlidingWindow$Server.receivedRequest(SlidingWindow.java:421) [ratis-common-0.4.0-2337318-SNAPSHOT.jar:0.4.0-2337318-SNAPSHOT]
	at org.apache.ratis.grpc.client.GrpcClientProtocolService$OrderedRequestStreamObserver.processClientRequest(GrpcClientProtocolService.java:345) [ratis-grpc-0.4.0-2337318-SNAPSHOT.jar:0.4.0-2337318-SNAPSHOT]
	at org.apache.ratis.grpc.client.GrpcClientProtocolService$RequestStreamObserver.onNext(GrpcClientProtocolService.java:240) [ratis-grpc-0.4.0-2337318-SNAPSHOT.jar:0.4.0-2337318-SNAPSHOT]
	at org.apache.ratis.grpc.client.GrpcClientProtocolService$RequestStreamObserver.onNext(GrpcClientProtocolService.java:168) [ratis-grpc-0.4.0-2337318-SNAPSHOT.jar:0.4.0-2337318-SNAPSHOT]
	at org.apache.ratis.thirdparty.io.grpc.stub.ServerCalls$StreamingServerCallHandler$StreamingServerCallListener.onMessage(ServerCalls.java:248) [ratis-thirdparty-misc-0.2.0.jar:0.2.0]
	at org.apache.ratis.thirdparty.io.grpc.internal.ServerCallImpl$ServerStreamListenerImpl.messagesAvailable(ServerCallImpl.java:263) [ratis-thirdparty-misc-0.2.0.jar:0.2.0]
	at org.apache.ratis.thirdparty.io.grpc.internal.ServerImpl$JumpToApplicationThreadServerStreamListener$1MessagesAvailable.runInContext(ServerImpl.java:686) [ratis-thirdparty-misc-0.2.0.jar:0.2.0]
	at org.apache.ratis.thirdparty.io.grpc.internal.ContextRunnable.run(ContextRunnable.java:37) [ratis-thirdparty-misc-0.2.0.jar:0.2.0]
	at org.apache.ratis.thirdparty.io.grpc.internal.SerializingExecutor.run(SerializingExecutor.java:123) [ratis-thirdparty-misc-0.2.0.jar:0.2.0]
	at java.util.concurrent.ThreadPoolExecutor.runWorker(ThreadPoolExecutor.java:1149) [?:1.8.0_212]
	at java.util.concurrent.ThreadPoolExecutor$Worker.run(ThreadPoolExecutor.java:624) [?:1.8.0_212]
	at java.lang.Thread.run(Thread.java:748) [?:1.8.0_212]
2019-07-13 12:38:09,477 INFO  client.GrpcClientProtocolClient (GrpcClientProtocolClient.java:onNext(255)) - client-E496D251B609->793ede1c-9cc0-400c-868a-e5201be0542d: receive RaftClientReply:client-E496D251B609->793ede1c-9cc0-400c-868a-e5201be0542d@group-8A67D76BECB8, cid=237, FAILED org.apache.ratis.protocol.StateMachineException: org.apache.hadoop.hdds.scm.container.common.helpers.ContainerNotOpenException from Server 793ede1c-9cc0-400c-868a-e5201be0542d: Container 1 in CLOSED state, logIndex=0, commits[793ede1c-9cc0-400c-868a-e5201be0542d:c18, 995671c8-c505-460c-a857-f81a18c3367d:c17, 1bc21d47-9841-49b0-bf99-53eb7135dcbc:c17]
2019-07-13 12:38:09,481 INFO  client.GrpcClientProtocolClient (GrpcClientProtocolClient.java:onNext(255)) - client-E496D251B609->793ede1c-9cc0-400c-868a-e5201be0542d: receive RaftClientReply:client-E496D251B609->793ede1c-9cc0-400c-868a-e5201be0542d@group-8A67D76BECB8, cid=238, FAILED org.apache.ratis.protocol.StateMachineException: org.apache.hadoop.hdds.scm.container.common.helpers.ContainerNotOpenException from Server 793ede1c-9cc0-400c-868a-e5201be0542d: Container 1 in CLOSED state, logIndex=0, commits[793ede1c-9cc0-400c-868a-e5201be0542d:c18, 995671c8-c505-460c-a857-f81a18c3367d:c17, 1bc21d47-9841-49b0-bf99-53eb7135dcbc:c17]
12:38:09.481 [grpc-default-executor-2] ERROR DNAudit - user=null | ip=null | op=PUT_BLOCK {blockData=[blockId=conID: 1 locID: 102434175950454803 bcsId: 0,size=650]} | ret=FAILURE
org.apache.hadoop.hdds.scm.container.common.helpers.ContainerNotOpenException: Container 1 in CLOSED state
	at org.apache.hadoop.ozone.container.common.impl.HddsDispatcher.validateContainerCommand(HddsDispatcher.java:408) ~[hadoop-hdds-container-service-0.5.0-SNAPSHOT.jar:?]
	at org.apache.hadoop.ozone.container.common.transport.server.ratis.ContainerStateMachine.startTransaction(ContainerStateMachine.java:271) ~[hadoop-hdds-container-service-0.5.0-SNAPSHOT.jar:?]
	at org.apache.ratis.server.impl.RaftServerImpl.submitClientRequestAsync(RaftServerImpl.java:566) ~[ratis-server-0.4.0-2337318-SNAPSHOT.jar:0.4.0-2337318-SNAPSHOT]
	at org.apache.ratis.server.impl.RaftServerProxy.lambda$submitClientRequestAsync$7(RaftServerProxy.java:333) ~[ratis-server-0.4.0-2337318-SNAPSHOT.jar:0.4.0-2337318-SNAPSHOT]
	at org.apache.ratis.server.impl.RaftServerProxy.lambda$null$5(RaftServerProxy.java:328) ~[ratis-server-0.4.0-2337318-SNAPSHOT.jar:0.4.0-2337318-SNAPSHOT]
	at org.apache.ratis.util.JavaUtils.callAsUnchecked(JavaUtils.java:109) ~[ratis-common-0.4.0-2337318-SNAPSHOT.jar:0.4.0-2337318-SNAPSHOT]
	at org.apache.ratis.server.impl.RaftServerProxy.lambda$submitRequest$6(RaftServerProxy.java:328) ~[ratis-server-0.4.0-2337318-SNAPSHOT.jar:0.4.0-2337318-SNAPSHOT]
	at java.util.concurrent.CompletableFuture.uniComposeStage(CompletableFuture.java:981) ~[?:1.8.0_212]
	at java.util.concurrent.CompletableFuture.thenCompose(CompletableFuture.java:2124) ~[?:1.8.0_212]
	at org.apache.ratis.server.impl.RaftServerProxy.submitRequest(RaftServerProxy.java:327) ~[ratis-server-0.4.0-2337318-SNAPSHOT.jar:0.4.0-2337318-SNAPSHOT]
	at org.apache.ratis.server.impl.RaftServerProxy.submitClientRequestAsync(RaftServerProxy.java:333) ~[ratis-server-0.4.0-2337318-SNAPSHOT.jar:0.4.0-2337318-SNAPSHOT]
	at org.apache.ratis.grpc.client.GrpcClientProtocolService$RequestStreamObserver.processClientRequest(GrpcClientProtocolService.java:220) ~[ratis-grpc-0.4.0-2337318-SNAPSHOT.jar:0.4.0-2337318-SNAPSHOT]
	at org.apache.ratis.grpc.client.GrpcClientProtocolService$OrderedRequestStreamObserver.processClientRequest(GrpcClientProtocolService.java:326) ~[ratis-grpc-0.4.0-2337318-SNAPSHOT.jar:0.4.0-2337318-SNAPSHOT]
	at org.apache.ratis.util.SlidingWindow$Server.processRequestsFromHead(SlidingWindow.java:429) [ratis-common-0.4.0-2337318-SNAPSHOT.jar:0.4.0-2337318-SNAPSHOT]
	at org.apache.ratis.util.SlidingWindow$Server.receivedRequest(SlidingWindow.java:421) [ratis-common-0.4.0-2337318-SNAPSHOT.jar:0.4.0-2337318-SNAPSHOT]
	at org.apache.ratis.grpc.client.GrpcClientProtocolService$OrderedRequestStreamObserver.processClientRequest(GrpcClientProtocolService.java:345) [ratis-grpc-0.4.0-2337318-SNAPSHOT.jar:0.4.0-2337318-SNAPSHOT]
	at org.apache.ratis.grpc.client.GrpcClientProtocolService$RequestStreamObserver.onNext(GrpcClientProtocolService.java:240) [ratis-grpc-0.4.0-2337318-SNAPSHOT.jar:0.4.0-2337318-SNAPSHOT]
	at org.apache.ratis.grpc.client.GrpcClientProtocolService$RequestStreamObserver.onNext(GrpcClientProtocolService.java:168) [ratis-grpc-0.4.0-2337318-SNAPSHOT.jar:0.4.0-2337318-SNAPSHOT]
	at org.apache.ratis.thirdparty.io.grpc.stub.ServerCalls$StreamingServerCallHandler$StreamingServerCallListener.onMessage(ServerCalls.java:248) [ratis-thirdparty-misc-0.2.0.jar:0.2.0]
	at org.apache.ratis.thirdparty.io.grpc.internal.ServerCallImpl$ServerStreamListenerImpl.messagesAvailable(ServerCallImpl.java:263) [ratis-thirdparty-misc-0.2.0.jar:0.2.0]
	at org.apache.ratis.thirdparty.io.grpc.internal.ServerImpl$JumpToApplicationThreadServerStreamListener$1MessagesAvailable.runInContext(ServerImpl.java:686) [ratis-thirdparty-misc-0.2.0.jar:0.2.0]
	at org.apache.ratis.thirdparty.io.grpc.internal.ContextRunnable.run(ContextRunnable.java:37) [ratis-thirdparty-misc-0.2.0.jar:0.2.0]
	at org.apache.ratis.thirdparty.io.grpc.internal.SerializingExecutor.run(SerializingExecutor.java:123) [ratis-thirdparty-misc-0.2.0.jar:0.2.0]
	at java.util.concurrent.ThreadPoolExecutor.runWorker(ThreadPoolExecutor.java:1149) [?:1.8.0_212]
	at java.util.concurrent.ThreadPoolExecutor$Worker.run(ThreadPoolExecutor.java:624) [?:1.8.0_212]
	at java.lang.Thread.run(Thread.java:748) [?:1.8.0_212]
12:38:09.489 [grpc-default-executor-2] ERROR DNAudit - user=null | ip=null | op=WRITE_CHUNK {blockData=conID: 1 locID: 102434175950454803 bcsId: 14} | ret=FAILURE
org.apache.hadoop.hdds.scm.container.common.helpers.ContainerNotOpenException: Container 1 in CLOSED state
	at org.apache.hadoop.ozone.container.common.impl.HddsDispatcher.validateContainerCommand(HddsDispatcher.java:408) ~[hadoop-hdds-container-service-0.5.0-SNAPSHOT.jar:?]
	at org.apache.hadoop.ozone.container.common.transport.server.ratis.ContainerStateMachine.startTransaction(ContainerStateMachine.java:271) ~[hadoop-hdds-container-service-0.5.0-SNAPSHOT.jar:?]
	at org.apache.ratis.server.impl.RaftServerImpl.submitClientRequestAsync(RaftServerImpl.java:566) ~[ratis-server-0.4.0-2337318-SNAPSHOT.jar:0.4.0-2337318-SNAPSHOT]
	at org.apache.ratis.server.impl.RaftServerProxy.lambda$submitClientRequestAsync$7(RaftServerProxy.java:333) ~[ratis-server-0.4.0-2337318-SNAPSHOT.jar:0.4.0-2337318-SNAPSHOT]
	at org.apache.ratis.server.impl.RaftServerProxy.lambda$null$5(RaftServerProxy.java:328) ~[ratis-server-0.4.0-2337318-SNAPSHOT.jar:0.4.0-2337318-SNAPSHOT]
	at org.apache.ratis.util.JavaUtils.callAsUnchecked(JavaUtils.java:109) ~[ratis-common-0.4.0-2337318-SNAPSHOT.jar:0.4.0-2337318-SNAPSHOT]
	at org.apache.ratis.server.impl.RaftServerProxy.lambda$submitRequest$6(RaftServerProxy.java:328) ~[ratis-server-0.4.0-2337318-SNAPSHOT.jar:0.4.0-2337318-SNAPSHOT]
	at java.util.concurrent.CompletableFuture.uniComposeStage(CompletableFuture.java:981) ~[?:1.8.0_212]
	at java.util.concurrent.CompletableFuture.thenCompose(CompletableFuture.java:2124) ~[?:1.8.0_212]
	at org.apache.ratis.server.impl.RaftServerProxy.submitRequest(RaftServerProxy.java:327) ~[ratis-server-0.4.0-2337318-SNAPSHOT.jar:0.4.0-2337318-SNAPSHOT]
	at org.apache.ratis.server.impl.RaftServerProxy.submitClientRequestAsync(RaftServerProxy.java:333) ~[ratis-server-0.4.0-2337318-SNAPSHOT.jar:0.4.0-2337318-SNAPSHOT]
	at org.apache.ratis.grpc.client.GrpcClientProtocolService$RequestStreamObserver.processClientRequest(GrpcClientProtocolService.java:220) ~[ratis-grpc-0.4.0-2337318-SNAPSHOT.jar:0.4.0-2337318-SNAPSHOT]
	at org.apache.ratis.grpc.client.GrpcClientProtocolService$OrderedRequestStreamObserver.processClientRequest(GrpcClientProtocolService.java:326) ~[ratis-grpc-0.4.0-2337318-SNAPSHOT.jar:0.4.0-2337318-SNAPSHOT]
	at org.apache.ratis.util.SlidingWindow$Server.processRequestsFromHead(SlidingWindow.java:429) [ratis-common-0.4.0-2337318-SNAPSHOT.jar:0.4.0-2337318-SNAPSHOT]
	at org.apache.ratis.util.SlidingWindow$Server.receivedRequest(SlidingWindow.java:421) [ratis-common-0.4.0-2337318-SNAPSHOT.jar:0.4.0-2337318-SNAPSHOT]
	at org.apache.ratis.grpc.client.GrpcClientProtocolService$OrderedRequestStreamObserver.processClientRequest(GrpcClientProtocolService.java:345) [ratis-grpc-0.4.0-2337318-SNAPSHOT.jar:0.4.0-2337318-SNAPSHOT]
	at org.apache.ratis.grpc.client.GrpcClientProtocolService$RequestStreamObserver.onNext(GrpcClientProtocolService.java:240) [ratis-grpc-0.4.0-2337318-SNAPSHOT.jar:0.4.0-2337318-SNAPSHOT]
	at org.apache.ratis.grpc.client.GrpcClientProtocolService$RequestStreamObserver.onNext(GrpcClientProtocolService.java:168) [ratis-grpc-0.4.0-2337318-SNAPSHOT.jar:0.4.0-2337318-SNAPSHOT]
	at org.apache.ratis.thirdparty.io.grpc.stub.ServerCalls$StreamingServerCallHandler$StreamingServerCallListener.onMessage(ServerCalls.java:248) [ratis-thirdparty-misc-0.2.0.jar:0.2.0]
	at org.apache.ratis.thirdparty.io.grpc.internal.ServerCallImpl$ServerStreamListenerImpl.messagesAvailable(ServerCallImpl.java:263) [ratis-thirdparty-misc-0.2.0.jar:0.2.0]
	at org.apache.ratis.thirdparty.io.grpc.internal.ServerImpl$JumpToApplicationThreadServerStreamListener$1MessagesAvailable.runInContext(ServerImpl.java:686) [ratis-thirdparty-misc-0.2.0.jar:0.2.0]
	at org.apache.ratis.thirdparty.io.grpc.internal.ContextRunnable.run(ContextRunnable.java:37) [ratis-thirdparty-misc-0.2.0.jar:0.2.0]
	at org.apache.ratis.thirdparty.io.grpc.internal.SerializingExecutor.run(SerializingExecutor.java:123) [ratis-thirdparty-misc-0.2.0.jar:0.2.0]
	at java.util.concurrent.ThreadPoolExecutor.runWorker(ThreadPoolExecutor.java:1149) [?:1.8.0_212]
	at java.util.concurrent.ThreadPoolExecutor$Worker.run(ThreadPoolExecutor.java:624) [?:1.8.0_212]
	at java.lang.Thread.run(Thread.java:748) [?:1.8.0_212]
2019-07-13 12:38:09,490 INFO  client.GrpcClientProtocolClient (GrpcClientProtocolClient.java:onNext(255)) - client-E496D251B609->793ede1c-9cc0-400c-868a-e5201be0542d: receive RaftClientReply:client-E496D251B609->793ede1c-9cc0-400c-868a-e5201be0542d@group-8A67D76BECB8, cid=239, FAILED org.apache.ratis.protocol.StateMachineException: org.apache.hadoop.hdds.scm.container.common.helpers.ContainerNotOpenException from Server 793ede1c-9cc0-400c-868a-e5201be0542d: Container 1 in CLOSED state, logIndex=0, commits[793ede1c-9cc0-400c-868a-e5201be0542d:c18, 995671c8-c505-460c-a857-f81a18c3367d:c17, 1bc21d47-9841-49b0-bf99-53eb7135dcbc:c17]
12:38:09.491 [grpc-default-executor-2] ERROR DNAudit - user=null | ip=null | op=WRITE_CHUNK {blockData=conID: 1 locID: 102434175950454803 bcsId: 14} | ret=FAILURE
org.apache.hadoop.hdds.scm.container.common.helpers.ContainerNotOpenException: Container 1 in CLOSED state
	at org.apache.hadoop.ozone.container.common.impl.HddsDispatcher.validateContainerCommand(HddsDispatcher.java:408) ~[hadoop-hdds-container-service-0.5.0-SNAPSHOT.jar:?]
	at org.apache.hadoop.ozone.container.common.transport.server.ratis.ContainerStateMachine.startTransaction(ContainerStateMachine.java:271) ~[hadoop-hdds-container-service-0.5.0-SNAPSHOT.jar:?]
	at org.apache.ratis.server.impl.RaftServerImpl.submitClientRequestAsync(RaftServerImpl.java:566) ~[ratis-server-0.4.0-2337318-SNAPSHOT.jar:0.4.0-2337318-SNAPSHOT]
	at org.apache.ratis.server.impl.RaftServerProxy.lambda$submitClientRequestAsync$7(RaftServerProxy.java:333) ~[ratis-server-0.4.0-2337318-SNAPSHOT.jar:0.4.0-2337318-SNAPSHOT]
	at org.apache.ratis.server.impl.RaftServerProxy.lambda$null$5(RaftServerProxy.java:328) ~[ratis-server-0.4.0-2337318-SNAPSHOT.jar:0.4.0-2337318-SNAPSHOT]
	at org.apache.ratis.util.JavaUtils.callAsUnchecked(JavaUtils.java:109) ~[ratis-common-0.4.0-2337318-SNAPSHOT.jar:0.4.0-2337318-SNAPSHOT]
	at org.apache.ratis.server.impl.RaftServerProxy.lambda$submitRequest$6(RaftServerProxy.java:328) ~[ratis-server-0.4.0-2337318-SNAPSHOT.jar:0.4.0-2337318-SNAPSHOT]
	at java.util.concurrent.CompletableFuture.uniComposeStage(CompletableFuture.java:981) ~[?:1.8.0_212]
	at java.util.concurrent.CompletableFuture.thenCompose(CompletableFuture.java:2124) ~[?:1.8.0_212]
	at org.apache.ratis.server.impl.RaftServerProxy.submitRequest(RaftServerProxy.java:327) ~[ratis-server-0.4.0-2337318-SNAPSHOT.jar:0.4.0-2337318-SNAPSHOT]
	at org.apache.ratis.server.impl.RaftServerProxy.submitClientRequestAsync(RaftServerProxy.java:333) ~[ratis-server-0.4.0-2337318-SNAPSHOT.jar:0.4.0-2337318-SNAPSHOT]
	at org.apache.ratis.grpc.client.GrpcClientProtocolService$RequestStreamObserver.processClientRequest(GrpcClientProtocolService.java:220) ~[ratis-grpc-0.4.0-2337318-SNAPSHOT.jar:0.4.0-2337318-SNAPSHOT]
	at org.apache.ratis.grpc.client.GrpcClientProtocolService$OrderedRequestStreamObserver.processClientRequest(GrpcClientProtocolService.java:326) ~[ratis-grpc-0.4.0-2337318-SNAPSHOT.jar:0.4.0-2337318-SNAPSHOT]
	at org.apache.ratis.util.SlidingWindow$Server.processRequestsFromHead(SlidingWindow.java:429) [ratis-common-0.4.0-2337318-SNAPSHOT.jar:0.4.0-2337318-SNAPSHOT]
	at org.apache.ratis.util.SlidingWindow$Server.receivedRequest(SlidingWindow.java:421) [ratis-common-0.4.0-2337318-SNAPSHOT.jar:0.4.0-2337318-SNAPSHOT]
	at org.apache.ratis.grpc.client.GrpcClientProtocolService$OrderedRequestStreamObserver.processClientRequest(GrpcClientProtocolService.java:345) [ratis-grpc-0.4.0-2337318-SNAPSHOT.jar:0.4.0-2337318-SNAPSHOT]
	at org.apache.ratis.grpc.client.GrpcClientProtocolService$RequestStreamObserver.onNext(GrpcClientProtocolService.java:240) [ratis-grpc-0.4.0-2337318-SNAPSHOT.jar:0.4.0-2337318-SNAPSHOT]
	at org.apache.ratis.grpc.client.GrpcClientProtocolService$RequestStreamObserver.onNext(GrpcClientProtocolService.java:168) [ratis-grpc-0.4.0-2337318-SNAPSHOT.jar:0.4.0-2337318-SNAPSHOT]
	at org.apache.ratis.thirdparty.io.grpc.stub.ServerCalls$StreamingServerCallHandler$StreamingServerCallListener.onMessage(ServerCalls.java:248) [ratis-thirdparty-misc-0.2.0.jar:0.2.0]
	at org.apache.ratis.thirdparty.io.grpc.internal.ServerCallImpl$ServerStreamListenerImpl.messagesAvailable(ServerCallImpl.java:263) [ratis-thirdparty-misc-0.2.0.jar:0.2.0]
	at org.apache.ratis.thirdparty.io.grpc.internal.ServerImpl$JumpToApplicationThreadServerStreamListener$1MessagesAvailable.runInContext(ServerImpl.java:686) [ratis-thirdparty-misc-0.2.0.jar:0.2.0]
	at org.apache.ratis.thirdparty.io.grpc.internal.ContextRunnable.run(ContextRunnable.java:37) [ratis-thirdparty-misc-0.2.0.jar:0.2.0]
	at org.apache.ratis.thirdparty.io.grpc.internal.SerializingExecutor.run(SerializingExecutor.java:123) [ratis-thirdparty-misc-0.2.0.jar:0.2.0]
	at java.util.concurrent.ThreadPoolExecutor.runWorker(ThreadPoolExecutor.java:1149) [?:1.8.0_212]
	at java.util.concurrent.ThreadPoolExecutor$Worker.run(ThreadPoolExecutor.java:624) [?:1.8.0_212]
	at java.lang.Thread.run(Thread.java:748) [?:1.8.0_212]
12:38:09.499 [grpc-default-executor-2] ERROR DNAudit - user=null | ip=null | op=PUT_BLOCK {blockData=[blockId=conID: 1 locID: 102434175950454803 bcsId: 0,size=800]} | ret=FAILURE
org.apache.hadoop.hdds.scm.container.common.helpers.ContainerNotOpenException: Container 1 in CLOSED state
	at org.apache.hadoop.ozone.container.common.impl.HddsDispatcher.validateContainerCommand(HddsDispatcher.java:408) ~[hadoop-hdds-container-service-0.5.0-SNAPSHOT.jar:?]
	at org.apache.hadoop.ozone.container.common.transport.server.ratis.ContainerStateMachine.startTransaction(ContainerStateMachine.java:271) ~[hadoop-hdds-container-service-0.5.0-SNAPSHOT.jar:?]
	at org.apache.ratis.server.impl.RaftServerImpl.submitClientRequestAsync(RaftServerImpl.java:566) ~[ratis-server-0.4.0-2337318-SNAPSHOT.jar:0.4.0-2337318-SNAPSHOT]
	at org.apache.ratis.server.impl.RaftServerProxy.lambda$submitClientRequestAsync$7(RaftServerProxy.java:333) ~[ratis-server-0.4.0-2337318-SNAPSHOT.jar:0.4.0-2337318-SNAPSHOT]
	at org.apache.ratis.server.impl.RaftServerProxy.lambda$null$5(RaftServerProxy.java:328) ~[ratis-server-0.4.0-2337318-SNAPSHOT.jar:0.4.0-2337318-SNAPSHOT]
	at org.apache.ratis.util.JavaUtils.callAsUnchecked(JavaUtils.java:109) ~[ratis-common-0.4.0-2337318-SNAPSHOT.jar:0.4.0-2337318-SNAPSHOT]
	at org.apache.ratis.server.impl.RaftServerProxy.lambda$submitRequest$6(RaftServerProxy.java:328) ~[ratis-server-0.4.0-2337318-SNAPSHOT.jar:0.4.0-2337318-SNAPSHOT]
	at java.util.concurrent.CompletableFuture.uniComposeStage(CompletableFuture.java:981) ~[?:1.8.0_212]
	at java.util.concurrent.CompletableFuture.thenCompose(CompletableFuture.java:2124) ~[?:1.8.0_212]
	at org.apache.ratis.server.impl.RaftServerProxy.submitRequest(RaftServerProxy.java:327) ~[ratis-server-0.4.0-2337318-SNAPSHOT.jar:0.4.0-2337318-SNAPSHOT]
	at org.apache.ratis.server.impl.RaftServerProxy.submitClientRequestAsync(RaftServerProxy.java:333) ~[ratis-server-0.4.0-2337318-SNAPSHOT.jar:0.4.0-2337318-SNAPSHOT]
	at org.apache.ratis.grpc.client.GrpcClientProtocolService$RequestStreamObserver.processClientRequest(GrpcClientProtocolService.java:220) ~[ratis-grpc-0.4.0-2337318-SNAPSHOT.jar:0.4.0-2337318-SNAPSHOT]
	at org.apache.ratis.grpc.client.GrpcClientProtocolService$OrderedRequestStreamObserver.processClientRequest(GrpcClientProtocolService.java:326) ~[ratis-grpc-0.4.0-2337318-SNAPSHOT.jar:0.4.0-2337318-SNAPSHOT]
	at org.apache.ratis.util.SlidingWindow$Server.processRequestsFromHead(SlidingWindow.java:429) [ratis-common-0.4.0-2337318-SNAPSHOT.jar:0.4.0-2337318-SNAPSHOT]
	at org.apache.ratis.util.SlidingWindow$Server.receivedRequest(SlidingWindow.java:421) [ratis-common-0.4.0-2337318-SNAPSHOT.jar:0.4.0-2337318-SNAPSHOT]
	at org.apache.ratis.grpc.client.GrpcClientProtocolService$OrderedRequestStreamObserver.processClientRequest(GrpcClientProtocolService.java:345) [ratis-grpc-0.4.0-2337318-SNAPSHOT.jar:0.4.0-2337318-SNAPSHOT]
	at org.apache.ratis.grpc.client.GrpcClientProtocolService$RequestStreamObserver.onNext(GrpcClientProtocolService.java:240) [ratis-grpc-0.4.0-2337318-SNAPSHOT.jar:0.4.0-2337318-SNAPSHOT]
	at org.apache.ratis.grpc.client.GrpcClientProtocolService$RequestStreamObserver.onNext(GrpcClientProtocolService.java:168) [ratis-grpc-0.4.0-2337318-SNAPSHOT.jar:0.4.0-2337318-SNAPSHOT]
	at org.apache.ratis.thirdparty.io.grpc.stub.ServerCalls$StreamingServerCallHandler$StreamingServerCallListener.onMessage(ServerCalls.java:248) [ratis-thirdparty-misc-0.2.0.jar:0.2.0]
	at org.apache.ratis.thirdparty.io.grpc.internal.ServerCallImpl$ServerStreamListenerImpl.messagesAvailable(ServerCallImpl.java:263) [ratis-thirdparty-misc-0.2.0.jar:0.2.0]
	at org.apache.ratis.thirdparty.io.grpc.internal.ServerImpl$JumpToApplicationThreadServerStreamListener$1MessagesAvailable.runInContext(ServerImpl.java:686) [ratis-thirdparty-misc-0.2.0.jar:0.2.0]
	at org.apache.ratis.thirdparty.io.grpc.internal.ContextRunnable.run(ContextRunnable.java:37) [ratis-thirdparty-misc-0.2.0.jar:0.2.0]
	at org.apache.ratis.thirdparty.io.grpc.internal.SerializingExecutor.run(SerializingExecutor.java:123) [ratis-thirdparty-misc-0.2.0.jar:0.2.0]
	at java.util.concurrent.ThreadPoolExecutor.runWorker(ThreadPoolExecutor.java:1149) [?:1.8.0_212]
	at java.util.concurrent.ThreadPoolExecutor$Worker.run(ThreadPoolExecutor.java:624) [?:1.8.0_212]
	at java.lang.Thread.run(Thread.java:748) [?:1.8.0_212]
2019-07-13 12:38:09,500 INFO  client.GrpcClientProtocolClient (GrpcClientProtocolClient.java:onNext(255)) - client-E496D251B609->793ede1c-9cc0-400c-868a-e5201be0542d: receive RaftClientReply:client-E496D251B609->793ede1c-9cc0-400c-868a-e5201be0542d@group-8A67D76BECB8, cid=240, FAILED org.apache.ratis.protocol.StateMachineException: org.apache.hadoop.hdds.scm.container.common.helpers.ContainerNotOpenException from Server 793ede1c-9cc0-400c-868a-e5201be0542d: Container 1 in CLOSED state, logIndex=0, commits[793ede1c-9cc0-400c-868a-e5201be0542d:c18, 995671c8-c505-460c-a857-f81a18c3367d:c17, 1bc21d47-9841-49b0-bf99-53eb7135dcbc:c17]
2019-07-13 12:38:09,512 INFO  client.GrpcClientProtocolClient (GrpcClientProtocolClient.java:onNext(255)) - client-E496D251B609->793ede1c-9cc0-400c-868a-e5201be0542d: receive RaftClientReply:client-E496D251B609->793ede1c-9cc0-400c-868a-e5201be0542d@group-8A67D76BECB8, cid=241, FAILED org.apache.ratis.protocol.StateMachineException: org.apache.hadoop.hdds.scm.container.common.helpers.ContainerNotOpenException from Server 793ede1c-9cc0-400c-868a-e5201be0542d: Container 1 in CLOSED state, logIndex=0, commits[793ede1c-9cc0-400c-868a-e5201be0542d:c18, 995671c8-c505-460c-a857-f81a18c3367d:c17, 1bc21d47-9841-49b0-bf99-53eb7135dcbc:c17]
2019-07-13 12:38:09,514 INFO  client.GrpcClientProtocolClient (GrpcClientProtocolClient.java:onNext(255)) - client-E496D251B609->793ede1c-9cc0-400c-868a-e5201be0542d: receive RaftClientReply:client-E496D251B609->793ede1c-9cc0-400c-868a-e5201be0542d@group-8A67D76BECB8, cid=242, FAILED org.apache.ratis.protocol.StateMachineException: org.apache.hadoop.hdds.scm.container.common.helpers.ContainerNotOpenException from Server 793ede1c-9cc0-400c-868a-e5201be0542d: Container 1 in CLOSED state, logIndex=0, commits[793ede1c-9cc0-400c-868a-e5201be0542d:c18, 995671c8-c505-460c-a857-f81a18c3367d:c17, 1bc21d47-9841-49b0-bf99-53eb7135dcbc:c17]
2019-07-13 12:38:09,612 INFO  client.GrpcClientProtocolClient (GrpcClientProtocolClient.java:onNext(255)) - client-E496D251B609->793ede1c-9cc0-400c-868a-e5201be0542d: receive RaftClientReply:client-E496D251B609->793ede1c-9cc0-400c-868a-e5201be0542d@group-8A67D76BECB8, cid=243, SUCCESS, logIndex=19, commits[793ede1c-9cc0-400c-868a-e5201be0542d:c24, 995671c8-c505-460c-a857-f81a18c3367d:c18, 1bc21d47-9841-49b0-bf99-53eb7135dcbc:c19]
2019-07-13 12:38:09,614 INFO  client.GrpcClientProtocolClient (GrpcClientProtocolClient.java:onNext(255)) - client-E496D251B609->793ede1c-9cc0-400c-868a-e5201be0542d: receive RaftClientReply:client-E496D251B609->793ede1c-9cc0-400c-868a-e5201be0542d@group-8A67D76BECB8, cid=244, SUCCESS, logIndex=20, commits[793ede1c-9cc0-400c-868a-e5201be0542d:c25, 995671c8-c505-460c-a857-f81a18c3367d:c18, 1bc21d47-9841-49b0-bf99-53eb7135dcbc:c19]
2019-07-13 12:38:09,634 INFO  client.GrpcClientProtocolClient (GrpcClientProtocolClient.java:onNext(255)) - client-E496D251B609->793ede1c-9cc0-400c-868a-e5201be0542d: receive RaftClientReply:client-E496D251B609->793ede1c-9cc0-400c-868a-e5201be0542d@group-8A67D76BECB8, cid=245, SUCCESS, logIndex=21, commits[793ede1c-9cc0-400c-868a-e5201be0542d:c30, 995671c8-c505-460c-a857-f81a18c3367d:c24, 1bc21d47-9841-49b0-bf99-53eb7135dcbc:c24]
2019-07-13 12:38:09,634 INFO  client.GrpcClientProtocolClient (GrpcClientProtocolClient.java:onNext(255)) - client-E496D251B609->793ede1c-9cc0-400c-868a-e5201be0542d: receive RaftClientReply:client-E496D251B609->793ede1c-9cc0-400c-868a-e5201be0542d@group-8A67D76BECB8, cid=246, SUCCESS, logIndex=22, commits[793ede1c-9cc0-400c-868a-e5201be0542d:c30, 995671c8-c505-460c-a857-f81a18c3367d:c24, 1bc21d47-9841-49b0-bf99-53eb7135dcbc:c24]
2019-07-13 12:38:09,635 INFO  client.GrpcClientProtocolClient (GrpcClientProtocolClient.java:onNext(255)) - client-E496D251B609->793ede1c-9cc0-400c-868a-e5201be0542d: receive RaftClientReply:client-E496D251B609->793ede1c-9cc0-400c-868a-e5201be0542d@group-8A67D76BECB8, cid=247, SUCCESS, logIndex=23, commits[793ede1c-9cc0-400c-868a-e5201be0542d:c30, 995671c8-c505-460c-a857-f81a18c3367d:c24, 1bc21d47-9841-49b0-bf99-53eb7135dcbc:c24]
2019-07-13 12:38:09,669 INFO  client.GrpcClientProtocolClient (GrpcClientProtocolClient.java:onNext(255)) - client-E496D251B609->793ede1c-9cc0-400c-868a-e5201be0542d: receive RaftClientReply:client-E496D251B609->793ede1c-9cc0-400c-868a-e5201be0542d@group-8A67D76BECB8, cid=248, SUCCESS, logIndex=24, commits[793ede1c-9cc0-400c-868a-e5201be0542d:c30, 995671c8-c505-460c-a857-f81a18c3367d:c24, 1bc21d47-9841-49b0-bf99-53eb7135dcbc:c24]
2019-07-13 12:38:09,680 INFO  client.GrpcClientProtocolClient (GrpcClientProtocolClient.java:onNext(255)) - client-E496D251B609->793ede1c-9cc0-400c-868a-e5201be0542d: receive RaftClientReply:client-E496D251B609->793ede1c-9cc0-400c-868a-e5201be0542d@group-8A67D76BECB8, cid=249, SUCCESS, logIndex=31, commits[793ede1c-9cc0-400c-868a-e5201be0542d:c32, 995671c8-c505-460c-a857-f81a18c3367d:c30, 1bc21d47-9841-49b0-bf99-53eb7135dcbc:c30]
2019-07-13 12:38:09,680 INFO  client.GrpcClientProtocolClient (GrpcClientProtocolClient.java:onNext(255)) - client-E496D251B609->793ede1c-9cc0-400c-868a-e5201be0542d: receive RaftClientReply:client-E496D251B609->793ede1c-9cc0-400c-868a-e5201be0542d@group-8A67D76BECB8, cid=250, SUCCESS, logIndex=32, commits[793ede1c-9cc0-400c-868a-e5201be0542d:c32, 995671c8-c505-460c-a857-f81a18c3367d:c30, 1bc21d47-9841-49b0-bf99-53eb7135dcbc:c30]
2019-07-13 12:38:09,700 INFO  client.GrpcClientProtocolClient (GrpcClientProtocolClient.java:onNext(255)) - client-E496D251B609->793ede1c-9cc0-400c-868a-e5201be0542d: receive RaftClientReply:client-E496D251B609->793ede1c-9cc0-400c-868a-e5201be0542d@group-8A67D76BECB8, cid=251, SUCCESS, logIndex=0, commits[793ede1c-9cc0-400c-868a-e5201be0542d:c33, 995671c8-c505-460c-a857-f81a18c3367d:c32, 1bc21d47-9841-49b0-bf99-53eb7135dcbc:c32]
2019-07-13 12:38:09,717 INFO  pipeline.Pipeline (Pipeline.java:getProtobufMessage(195)) - Serialize pipeline PipelineID=cea7f20e-ff2d-4646-9bf5-8a67d76becb8 with nodesInOrder{ }
2019-07-13 12:38:09,718 INFO  ozone.MiniOzoneClusterImpl (MiniOzoneClusterImpl.java:shutdown(321)) - Shutting down the Mini Ozone Cluster
2019-07-13 12:38:09,718 INFO  ozone.MiniOzoneClusterImpl (MiniOzoneClusterImpl.java:stop(336)) - Stopping the Mini Ozone Cluster
2019-07-13 12:38:09,718 INFO  ozone.MiniOzoneClusterImpl (MiniOzoneClusterImpl.java:stop(338)) - Stopping the OzoneManager
2019-07-13 12:38:09,719 INFO  ipc.Server (Server.java:stop(3082)) - Stopping server on 36526
2019-07-13 12:38:09,737 INFO  ipc.Server (Server.java:run(1185)) - Stopping IPC Server listener on 36526
2019-07-13 12:38:09,737 INFO  utils.BackgroundService (BackgroundService.java:shutdown(148)) - Shutting down service KeyDeletingService
2019-07-13 12:38:09,737 INFO  ipc.Server (Server.java:run(1319)) - Stopping IPC Server Responder
2019-07-13 12:38:09,754 INFO  handler.ContextHandler (ContextHandler.java:doStop(910)) - Stopped o.e.j.w.WebAppContext@7de4bd8f{/,null,UNAVAILABLE}{/ozoneManager}
2019-07-13 12:38:09,754 INFO  server.AbstractConnector (AbstractConnector.java:doStop(318)) - Stopped ServerConnector@193e65d5{HTTP/1.1,[http/1.1]}{0.0.0.0:0}
2019-07-13 12:38:09,755 INFO  handler.ContextHandler (ContextHandler.java:doStop(910)) - Stopped o.e.j.s.ServletContextHandler@511f21f9{/static,file:///tmp/workdir/hadoop-ozone/integration-test/target/test-classes/webapps/static,UNAVAILABLE}
2019-07-13 12:38:09,755 INFO  handler.ContextHandler (ContextHandler.java:doStop(910)) - Stopped o.e.j.s.ServletContextHandler@7781b55f{/logs,file:///tmp/workdir/hadoop-ozone/integration-test/target/log,UNAVAILABLE}
2019-07-13 12:38:09,758 INFO  ozone.MiniOzoneClusterImpl (MiniOzoneClusterImpl.java:stop(344)) - Shutting the HddsDatanodes
2019-07-13 12:38:09,758 INFO  datanode.ObjectStoreHandler (ObjectStoreHandler.java:close(155)) - Closing ObjectStoreHandler.
2019-07-13 12:38:09,758 INFO  datanode.ObjectStoreHandler (ObjectStoreHandler.java:close(155)) - Closing ObjectStoreHandler.
2019-07-13 12:38:09,758 INFO  ozone.HddsDatanodeService (HddsDatanodeService.java:stop(452)) - Stopped plug-in org.apache.hadoop.ozone.web.OzoneHddsDatanodeService@511936ad
2019-07-13 12:38:09,758 INFO  ozone.HddsDatanodeService (HddsDatanodeService.java:stop(452)) - Stopped plug-in org.apache.hadoop.ozone.web.OzoneHddsDatanodeService@3b6f7ab3
2019-07-13 12:38:10,391 INFO  statemachine.DatanodeStateMachine (DatanodeStateMachine.java:lambda$startDaemon$0(350)) - Ozone container server started.
2019-07-13 12:38:10,606 INFO  statemachine.DatanodeStateMachine (DatanodeStateMachine.java:lambda$startDaemon$0(350)) - Ozone container server started.
2019-07-13 12:38:14,428 INFO  node.StaleNodeHandler (StaleNodeHandler.java:onMessage(58)) - Datanode f4729627-52ae-443d-9e71-f0640918618c{ip: 192.168.5.181, host: trunk-nightly-q2gwj-1111726333, networkLocation: /default-rack, certSerialId: null} moved to stale state. Finalizing its pipelines [PipelineID=47facfb5-b8d9-4440-926f-fac3d59b9b49, PipelineID=7ef457c9-3118-4cea-b0e3-f89c83d0f1bb]
2019-07-13 12:38:14,428 INFO  pipeline.SCMPipelineManager (SCMPipelineManager.java:finalizeAndDestroyPipeline(309)) - destroying pipeline:Pipeline[ Id: 47facfb5-b8d9-4440-926f-fac3d59b9b49, Nodes: 9a847b5d-0baa-4d17-ab8a-ac0eb0817957{ip: 192.168.5.181, host: trunk-nightly-q2gwj-1111726333, networkLocation: /default-rack, certSerialId: null}f4729627-52ae-443d-9e71-f0640918618c{ip: 192.168.5.181, host: trunk-nightly-q2gwj-1111726333, networkLocation: /default-rack, certSerialId: null}0060b7bc-ea9e-4147-af06-f5d82aee6d2a{ip: 192.168.5.181, host: trunk-nightly-q2gwj-1111726333, networkLocation: /default-rack, certSerialId: null}, Type:RATIS, Factor:THREE, State:OPEN]
2019-07-13 12:38:14,429 INFO  pipeline.PipelineStateManager (PipelineStateManager.java:finalizePipeline(123)) - Pipeline Pipeline[ Id: 47facfb5-b8d9-4440-926f-fac3d59b9b49, Nodes: 9a847b5d-0baa-4d17-ab8a-ac0eb0817957{ip: 192.168.5.181, host: trunk-nightly-q2gwj-1111726333, networkLocation: /default-rack, certSerialId: null}f4729627-52ae-443d-9e71-f0640918618c{ip: 192.168.5.181, host: trunk-nightly-q2gwj-1111726333, networkLocation: /default-rack, certSerialId: null}0060b7bc-ea9e-4147-af06-f5d82aee6d2a{ip: 192.168.5.181, host: trunk-nightly-q2gwj-1111726333, networkLocation: /default-rack, certSerialId: null}, Type:RATIS, Factor:THREE, State:CLOSED] moved to CLOSED state
2019-07-13 12:38:14,429 INFO  pipeline.SCMPipelineManager (SCMPipelineManager.java:finalizeAndDestroyPipeline(309)) - destroying pipeline:Pipeline[ Id: 7ef457c9-3118-4cea-b0e3-f89c83d0f1bb, Nodes: f4729627-52ae-443d-9e71-f0640918618c{ip: 192.168.5.181, host: trunk-nightly-q2gwj-1111726333, networkLocation: /default-rack, certSerialId: null}, Type:RATIS, Factor:ONE, State:OPEN]
2019-07-13 12:38:14,429 INFO  pipeline.PipelineStateManager (PipelineStateManager.java:finalizePipeline(123)) - Pipeline Pipeline[ Id: 7ef457c9-3118-4cea-b0e3-f89c83d0f1bb, Nodes: f4729627-52ae-443d-9e71-f0640918618c{ip: 192.168.5.181, host: trunk-nightly-q2gwj-1111726333, networkLocation: /default-rack, certSerialId: null}, Type:RATIS, Factor:ONE, State:CLOSED] moved to CLOSED state
2019-07-13 12:38:14,628 INFO  node.StaleNodeHandler (StaleNodeHandler.java:onMessage(58)) - Datanode 793ede1c-9cc0-400c-868a-e5201be0542d{ip: 192.168.5.181, host: trunk-nightly-q2gwj-1111726333, networkLocation: /default-rack, certSerialId: null} moved to stale state. Finalizing its pipelines [PipelineID=cea7f20e-ff2d-4646-9bf5-8a67d76becb8, PipelineID=5777a237-7eca-45b6-867a-db454f431847]
2019-07-13 12:38:14,628 INFO  pipeline.SCMPipelineManager (SCMPipelineManager.java:finalizeAndDestroyPipeline(309)) - destroying pipeline:Pipeline[ Id: cea7f20e-ff2d-4646-9bf5-8a67d76becb8, Nodes: 995671c8-c505-460c-a857-f81a18c3367d{ip: 192.168.5.181, host: trunk-nightly-q2gwj-1111726333, networkLocation: /default-rack, certSerialId: null}793ede1c-9cc0-400c-868a-e5201be0542d{ip: 192.168.5.181, host: trunk-nightly-q2gwj-1111726333, networkLocation: /default-rack, certSerialId: null}1bc21d47-9841-49b0-bf99-53eb7135dcbc{ip: 192.168.5.181, host: trunk-nightly-q2gwj-1111726333, networkLocation: /default-rack, certSerialId: null}, Type:RATIS, Factor:THREE, State:OPEN]
2019-07-13 12:38:14,629 INFO  pipeline.PipelineStateManager (PipelineStateManager.java:finalizePipeline(123)) - Pipeline Pipeline[ Id: cea7f20e-ff2d-4646-9bf5-8a67d76becb8, Nodes: 995671c8-c505-460c-a857-f81a18c3367d{ip: 192.168.5.181, host: trunk-nightly-q2gwj-1111726333, networkLocation: /default-rack, certSerialId: null}793ede1c-9cc0-400c-868a-e5201be0542d{ip: 192.168.5.181, host: trunk-nightly-q2gwj-1111726333, networkLocation: /default-rack, certSerialId: null}1bc21d47-9841-49b0-bf99-53eb7135dcbc{ip: 192.168.5.181, host: trunk-nightly-q2gwj-1111726333, networkLocation: /default-rack, certSerialId: null}, Type:RATIS, Factor:THREE, State:CLOSED] moved to CLOSED state
2019-07-13 12:38:14,629 INFO  pipeline.SCMPipelineManager (SCMPipelineManager.java:finalizeAndDestroyPipeline(309)) - destroying pipeline:Pipeline[ Id: 5777a237-7eca-45b6-867a-db454f431847, Nodes: 793ede1c-9cc0-400c-868a-e5201be0542d{ip: 192.168.5.181, host: trunk-nightly-q2gwj-1111726333, networkLocation: /default-rack, certSerialId: null}, Type:RATIS, Factor:ONE, State:OPEN]
2019-07-13 12:38:14,629 INFO  container.CloseContainerEventHandler (CloseContainerEventHandler.java:onMessage(61)) - Close container Event triggered for container : #2
2019-07-13 12:38:14,629 INFO  pipeline.PipelineStateManager (PipelineStateManager.java:finalizePipeline(123)) - Pipeline Pipeline[ Id: 5777a237-7eca-45b6-867a-db454f431847, Nodes: 793ede1c-9cc0-400c-868a-e5201be0542d{ip: 192.168.5.181, host: trunk-nightly-q2gwj-1111726333, networkLocation: /default-rack, certSerialId: null}, Type:RATIS, Factor:ONE, State:CLOSED] moved to CLOSED state
2019-07-13 12:38:14,759 INFO  ozoneimpl.OzoneContainer (OzoneContainer.java:stop(199)) - Attempting to stop container services.
2019-07-13 12:38:14,759 INFO  ozoneimpl.OzoneContainer (OzoneContainer.java:stop(199)) - Attempting to stop container services.
2019-07-13 12:38:14,760 INFO  impl.RaftServerProxy (RaftServerProxy.java:lambda$close$4(314)) - 793ede1c-9cc0-400c-868a-e5201be0542d: close
2019-07-13 12:38:14,760 INFO  impl.RaftServerProxy (RaftServerProxy.java:lambda$close$4(314)) - f4729627-52ae-443d-9e71-f0640918618c: close
2019-07-13 12:38:14,760 INFO  impl.RaftServerImpl (RaftServerImpl.java:lambda$shutdown$3(245)) - 793ede1c-9cc0-400c-868a-e5201be0542d: shutdown group-8A67D76BECB8
2019-07-13 12:38:14,761 INFO  util.JmxRegister (JmxRegister.java:unregister(73)) - Successfully un-registered JMX Bean with object name Ratis:service=RaftServer,group=group-8A67D76BECB8,id=793ede1c-9cc0-400c-868a-e5201be0542d
2019-07-13 12:38:14,760 INFO  impl.RaftServerImpl (RaftServerImpl.java:lambda$shutdown$3(245)) - f4729627-52ae-443d-9e71-f0640918618c: shutdown group-FAC3D59B9B49
2019-07-13 12:38:14,761 INFO  impl.RoleInfo (RoleInfo.java:shutdownLeaderState(104)) - 793ede1c-9cc0-400c-868a-e5201be0542d: shutdown LeaderState
2019-07-13 12:38:14,761 INFO  util.JmxRegister (JmxRegister.java:unregister(73)) - Successfully un-registered JMX Bean with object name Ratis:service=RaftServer,group=group-FAC3D59B9B49,id=f4729627-52ae-443d-9e71-f0640918618c
2019-07-13 12:38:14,767 WARN  server.GrpcLogAppender (GrpcLogAppender.java:mayWait(143)) - GrpcLogAppender(793ede1c-9cc0-400c-868a-e5201be0542d->1bc21d47-9841-49b0-bf99-53eb7135dcbc): Wait interrupted by java.lang.InterruptedException
2019-07-13 12:38:14,767 INFO  impl.PendingRequests (PendingRequests.java:sendNotLeaderResponses(202)) - 793ede1c-9cc0-400c-868a-e5201be0542d-PendingRequests: sendNotLeaderResponses
2019-07-13 12:38:14,767 WARN  server.GrpcLogAppender (GrpcLogAppender.java:mayWait(143)) - GrpcLogAppender(793ede1c-9cc0-400c-868a-e5201be0542d->995671c8-c505-460c-a857-f81a18c3367d): Wait interrupted by java.lang.InterruptedException
2019-07-13 12:38:14,768 INFO  server.GrpcServerProtocolService (GrpcServerProtocolService.java:onCompleted(104)) - 1bc21d47-9841-49b0-bf99-53eb7135dcbc: appendEntries completed
2019-07-13 12:38:14,773 INFO  ratis.ContainerStateMachine (ContainerStateMachine.java:takeSnapshot(246)) - Taking snapshot at termIndex:(t:1, i:32)
2019-07-13 12:38:14,767 INFO  impl.RoleInfo (RoleInfo.java:shutdownFollowerState(121)) - f4729627-52ae-443d-9e71-f0640918618c: shutdown FollowerState
2019-07-13 12:38:14,774 INFO  ratis.ContainerStateMachine (ContainerStateMachine.java:takeSnapshot(250)) - Taking a snapshot to file /tmp/workdir/hadoop-ozone/integration-test/target/test-dir/MiniOzoneClusterImpl-dd177095-6ff0-4c98-92dc-be788b95eaac/datanode-4/data/ratis/cea7f20e-ff2d-4646-9bf5-8a67d76becb8/sm/snapshot.1_32
2019-07-13 12:38:14,774 INFO  impl.FollowerState (FollowerState.java:run(114)) - f4729627-52ae-443d-9e71-f0640918618c: FollowerState was interrupted: java.lang.InterruptedException: sleep interrupted
2019-07-13 12:38:14,774 INFO  server.GrpcServerProtocolService (GrpcServerProtocolService.java:onCompleted(104)) - 995671c8-c505-460c-a857-f81a18c3367d: appendEntries completed
2019-07-13 12:38:14,773 INFO  impl.StateMachineUpdater (StateMachineUpdater.java:stopAndJoin(115)) - StateMachineUpdater:793ede1c-9cc0-400c-868a-e5201be0542d:group-8A67D76BECB8: set stopIndex = 34
2019-07-13 12:38:14,777 INFO  server.GrpcLogAppender (GrpcLogAppender.java:onCompleted(292)) - 793ede1c-9cc0-400c-868a-e5201be0542d->995671c8-c505-460c-a857-f81a18c3367d: follower responses appendEntries COMPLETED
2019-07-13 12:38:14,774 INFO  impl.StateMachineUpdater (StateMachineUpdater.java:stopAndJoin(115)) - StateMachineUpdater:f4729627-52ae-443d-9e71-f0640918618c:group-FAC3D59B9B49: set stopIndex = 0
2019-07-13 12:38:14,778 INFO  impl.FollowerInfo (FollowerInfo.java:lambda$new$0(50)) - 793ede1c-9cc0-400c-868a-e5201be0542d->995671c8-c505-460c-a857-f81a18c3367d: nextIndex: updateUnconditionally 35 -> 34
2019-07-13 12:38:14,774 INFO  ratis.ContainerStateMachine (ContainerStateMachine.java:takeSnapshot(246)) - Taking snapshot at termIndex:(t:0, i:~)
2019-07-13 12:38:14,774 INFO  server.GrpcLogAppender (GrpcLogAppender.java:onCompleted(292)) - 793ede1c-9cc0-400c-868a-e5201be0542d->1bc21d47-9841-49b0-bf99-53eb7135dcbc: follower responses appendEntries COMPLETED
2019-07-13 12:38:14,779 INFO  impl.RaftServerImpl (ServerState.java:close(394)) - f4729627-52ae-443d-9e71-f0640918618c:group-FAC3D59B9B49 closes. The last applied log index is 0
2019-07-13 12:38:14,779 INFO  impl.FollowerInfo (FollowerInfo.java:lambda$new$0(50)) - 793ede1c-9cc0-400c-868a-e5201be0542d->1bc21d47-9841-49b0-bf99-53eb7135dcbc: nextIndex: updateUnconditionally 35 -> 34
2019-07-13 12:38:14,779 INFO  segmented.SegmentedRaftLogWorker (SegmentedRaftLogWorker.java:run(313)) - f4729627-52ae-443d-9e71-f0640918618c-SegmentedRaftLogWorker:Storage Directory /tmp/workdir/hadoop-ozone/integration-test/target/test-dir/MiniOzoneClusterImpl-dd177095-6ff0-4c98-92dc-be788b95eaac/datanode-1/data/ratis/47facfb5-b8d9-4440-926f-fac3d59b9b49 was interrupted, exiting. There are 0 tasks remaining in the queue.
2019-07-13 12:38:14,787 INFO  impl.StateMachineUpdater (StateMachineUpdater.java:takeSnapshot(242)) - StateMachineUpdater:793ede1c-9cc0-400c-868a-e5201be0542d:group-8A67D76BECB8: Took a snapshot at index 32
2019-07-13 12:38:14,787 INFO  segmented.SegmentedRaftLogWorker (SegmentedRaftLogWorker.java:close(228)) - f4729627-52ae-443d-9e71-f0640918618c-SegmentedRaftLogWorker:Storage Directory /tmp/workdir/hadoop-ozone/integration-test/target/test-dir/MiniOzoneClusterImpl-dd177095-6ff0-4c98-92dc-be788b95eaac/datanode-1/data/ratis/47facfb5-b8d9-4440-926f-fac3d59b9b49 close()
2019-07-13 12:38:14,787 INFO  impl.StateMachineUpdater (StateMachineUpdater.java:lambda$new$0(80)) - StateMachineUpdater:793ede1c-9cc0-400c-868a-e5201be0542d:group-8A67D76BECB8: snapshotIndex: updateIncreasingly -1 -> 32
2019-07-13 12:38:14,803 INFO  impl.RaftServerImpl (RaftServerImpl.java:lambda$shutdown$3(245)) - f4729627-52ae-443d-9e71-f0640918618c: shutdown group-F89C83D0F1BB
2019-07-13 12:38:14,803 INFO  impl.RaftServerImpl (ServerState.java:close(394)) - 793ede1c-9cc0-400c-868a-e5201be0542d:group-8A67D76BECB8 closes. The last applied log index is 34
2019-07-13 12:38:14,803 INFO  util.JmxRegister (JmxRegister.java:unregister(73)) - Successfully un-registered JMX Bean with object name Ratis:service=RaftServer,group=group-F89C83D0F1BB,id=f4729627-52ae-443d-9e71-f0640918618c
2019-07-13 12:38:14,804 INFO  impl.RoleInfo (RoleInfo.java:shutdownLeaderState(104)) - f4729627-52ae-443d-9e71-f0640918618c: shutdown LeaderState
2019-07-13 12:38:14,804 INFO  segmented.SegmentedRaftLogWorker (SegmentedRaftLogWorker.java:run(313)) - 793ede1c-9cc0-400c-868a-e5201be0542d-SegmentedRaftLogWorker:Storage Directory /tmp/workdir/hadoop-ozone/integration-test/target/test-dir/MiniOzoneClusterImpl-dd177095-6ff0-4c98-92dc-be788b95eaac/datanode-4/data/ratis/cea7f20e-ff2d-4646-9bf5-8a67d76becb8 was interrupted, exiting. There are 0 tasks remaining in the queue.
2019-07-13 12:38:14,804 INFO  impl.PendingRequests (PendingRequests.java:sendNotLeaderResponses(202)) - f4729627-52ae-443d-9e71-f0640918618c-PendingRequests: sendNotLeaderResponses
2019-07-13 12:38:14,804 INFO  segmented.SegmentedRaftLogWorker (SegmentedRaftLogWorker.java:close(228)) - 793ede1c-9cc0-400c-868a-e5201be0542d-SegmentedRaftLogWorker:Storage Directory /tmp/workdir/hadoop-ozone/integration-test/target/test-dir/MiniOzoneClusterImpl-dd177095-6ff0-4c98-92dc-be788b95eaac/datanode-4/data/ratis/cea7f20e-ff2d-4646-9bf5-8a67d76becb8 close()
2019-07-13 12:38:14,805 INFO  ratis.ContainerStateMachine (ContainerStateMachine.java:takeSnapshot(246)) - Taking snapshot at termIndex:(t:0, i:~)
2019-07-13 12:38:14,807 INFO  impl.RaftServerImpl (RaftServerImpl.java:lambda$shutdown$3(245)) - 793ede1c-9cc0-400c-868a-e5201be0542d: shutdown group-DB454F431847
2019-07-13 12:38:14,805 INFO  impl.StateMachineUpdater (StateMachineUpdater.java:stopAndJoin(115)) - StateMachineUpdater:f4729627-52ae-443d-9e71-f0640918618c:group-F89C83D0F1BB: set stopIndex = 0
2019-07-13 12:38:14,808 INFO  util.JmxRegister (JmxRegister.java:unregister(73)) - Successfully un-registered JMX Bean with object name Ratis:service=RaftServer,group=group-DB454F431847,id=793ede1c-9cc0-400c-868a-e5201be0542d
2019-07-13 12:38:14,809 INFO  impl.RoleInfo (RoleInfo.java:shutdownLeaderState(104)) - 793ede1c-9cc0-400c-868a-e5201be0542d: shutdown LeaderState
2019-07-13 12:38:14,808 INFO  impl.RaftServerImpl (ServerState.java:close(394)) - f4729627-52ae-443d-9e71-f0640918618c:group-F89C83D0F1BB closes. The last applied log index is 0
2019-07-13 12:38:14,809 INFO  impl.PendingRequests (PendingRequests.java:sendNotLeaderResponses(202)) - 793ede1c-9cc0-400c-868a-e5201be0542d-PendingRequests: sendNotLeaderResponses
2019-07-13 12:38:14,809 INFO  segmented.SegmentedRaftLogWorker (SegmentedRaftLogWorker.java:run(313)) - f4729627-52ae-443d-9e71-f0640918618c-SegmentedRaftLogWorker:Storage Directory /tmp/workdir/hadoop-ozone/integration-test/target/test-dir/MiniOzoneClusterImpl-dd177095-6ff0-4c98-92dc-be788b95eaac/datanode-1/data/ratis/7ef457c9-3118-4cea-b0e3-f89c83d0f1bb was interrupted, exiting. There are 0 tasks remaining in the queue.
2019-07-13 12:38:14,810 INFO  ratis.ContainerStateMachine (ContainerStateMachine.java:takeSnapshot(246)) - Taking snapshot at termIndex:(t:0, i:~)
2019-07-13 12:38:14,810 INFO  impl.StateMachineUpdater (StateMachineUpdater.java:stopAndJoin(115)) - StateMachineUpdater:793ede1c-9cc0-400c-868a-e5201be0542d:group-DB454F431847: set stopIndex = 0
2019-07-13 12:38:14,810 INFO  impl.RaftServerImpl (ServerState.java:close(394)) - 793ede1c-9cc0-400c-868a-e5201be0542d:group-DB454F431847 closes. The last applied log index is 0
2019-07-13 12:38:14,810 INFO  segmented.SegmentedRaftLogWorker (SegmentedRaftLogWorker.java:close(228)) - f4729627-52ae-443d-9e71-f0640918618c-SegmentedRaftLogWorker:Storage Directory /tmp/workdir/hadoop-ozone/integration-test/target/test-dir/MiniOzoneClusterImpl-dd177095-6ff0-4c98-92dc-be788b95eaac/datanode-1/data/ratis/7ef457c9-3118-4cea-b0e3-f89c83d0f1bb close()
2019-07-13 12:38:14,811 INFO  segmented.SegmentedRaftLogWorker (SegmentedRaftLogWorker.java:run(313)) - 793ede1c-9cc0-400c-868a-e5201be0542d-SegmentedRaftLogWorker:Storage Directory /tmp/workdir/hadoop-ozone/integration-test/target/test-dir/MiniOzoneClusterImpl-dd177095-6ff0-4c98-92dc-be788b95eaac/datanode-4/data/ratis/5777a237-7eca-45b6-867a-db454f431847 was interrupted, exiting. There are 0 tasks remaining in the queue.
2019-07-13 12:38:14,813 INFO  server.GrpcService (GrpcService.java:closeImpl(155)) - f4729627-52ae-443d-9e71-f0640918618c: shutdown server with port 40202 now
2019-07-13 12:38:14,814 INFO  segmented.SegmentedRaftLogWorker (SegmentedRaftLogWorker.java:close(228)) - 793ede1c-9cc0-400c-868a-e5201be0542d-SegmentedRaftLogWorker:Storage Directory /tmp/workdir/hadoop-ozone/integration-test/target/test-dir/MiniOzoneClusterImpl-dd177095-6ff0-4c98-92dc-be788b95eaac/datanode-4/data/ratis/5777a237-7eca-45b6-867a-db454f431847 close()
2019-07-13 12:38:14,817 INFO  server.GrpcService (GrpcService.java:closeImpl(155)) - 793ede1c-9cc0-400c-868a-e5201be0542d: shutdown server with port 45615 now
2019-07-13 12:38:14,817 INFO  server.GrpcService (GrpcService.java:closeImpl(163)) - f4729627-52ae-443d-9e71-f0640918618c: shutdown server with port 40202 successfully
2019-07-13 12:38:14,817 WARN  server.GrpcLogAppender (LogUtils.java:warn(134)) - 0060b7bc-ea9e-4147-af06-f5d82aee6d2a->f4729627-52ae-443d-9e71-f0640918618c: Failed appendEntries: org.apache.ratis.thirdparty.io.grpc.StatusRuntimeException: CANCELLED: HTTP/2 error code: CANCEL
Received Rst Stream
2019-07-13 12:38:14,817 WARN  server.GrpcServerProtocolService (LogUtils.java:warn(134)) - f4729627-52ae-443d-9e71-f0640918618c: appendEntries onError: org.apache.ratis.thirdparty.io.grpc.StatusRuntimeException: CANCELLED: cancelled before receiving half close
2019-07-13 12:38:14,818 INFO  impl.FollowerInfo (FollowerInfo.java:lambda$new$0(50)) - 0060b7bc-ea9e-4147-af06-f5d82aee6d2a->f4729627-52ae-443d-9e71-f0640918618c: nextIndex: updateUnconditionally 1 -> 0
2019-07-13 12:38:14,818 INFO  server.GrpcService (GrpcService.java:closeImpl(163)) - 793ede1c-9cc0-400c-868a-e5201be0542d: shutdown server with port 45615 successfully
2019-07-13 12:38:14,818 WARN  client.GrpcClientProtocolService (LogUtils.java:warn(134)) - 2-UnorderedRequestStreamObserver2: onError: org.apache.ratis.thirdparty.io.grpc.StatusRuntimeException: CANCELLED: cancelled before receiving half close
2019-07-13 12:38:14,818 INFO  utils.BackgroundService (BackgroundService.java:shutdown(148)) - Shutting down service BlockDeletingService
2019-07-13 12:38:14,824 WARN  fs.CachingGetSpaceUsed (CachingGetSpaceUsed.java:run(183)) - Thread Interrupted waiting to refresh disk information: sleep interrupted
2019-07-13 12:38:14,827 INFO  utils.BackgroundService (BackgroundService.java:shutdown(148)) - Shutting down service BlockDeletingService
2019-07-13 12:38:14,828 WARN  fs.CachingGetSpaceUsed (CachingGetSpaceUsed.java:run(183)) - Thread Interrupted waiting to refresh disk information: sleep interrupted
2019-07-13 12:38:14,849 INFO  statemachine.DatanodeStateMachine (DatanodeStateMachine.java:stopDaemon(395)) - Ozone container server stopped.
2019-07-13 12:38:14,860 INFO  statemachine.DatanodeStateMachine (DatanodeStateMachine.java:stopDaemon(395)) - Ozone container server stopped.
2019-07-13 12:38:14,876 INFO  handler.ContextHandler (ContextHandler.java:doStop(910)) - Stopped o.e.j.w.WebAppContext@c92d694{/,null,UNAVAILABLE}{/hddsDatanode}
2019-07-13 12:38:14,876 INFO  handler.ContextHandler (ContextHandler.java:doStop(910)) - Stopped o.e.j.w.WebAppContext@55145dc5{/,null,UNAVAILABLE}{/hddsDatanode}
2019-07-13 12:38:14,876 INFO  server.AbstractConnector (AbstractConnector.java:doStop(318)) - Stopped ServerConnector@5cfb4b71{HTTP/1.1,[http/1.1]}{0.0.0.0:0}
2019-07-13 12:38:14,877 INFO  server.AbstractConnector (AbstractConnector.java:doStop(318)) - Stopped ServerConnector@7dcfe455{HTTP/1.1,[http/1.1]}{0.0.0.0:0}
2019-07-13 12:38:14,877 INFO  handler.ContextHandler (ContextHandler.java:doStop(910)) - Stopped o.e.j.s.ServletContextHandler@15500a8{/static,jar:file:/home/user/.m2/repository/org/apache/hadoop/hadoop-hdds-container-service/0.5.0-SNAPSHOT/hadoop-hdds-container-service-0.5.0-SNAPSHOT.jar!/webapps/static,UNAVAILABLE}
2019-07-13 12:38:14,878 INFO  handler.ContextHandler (ContextHandler.java:doStop(910)) - Stopped o.e.j.s.ServletContextHandler@60610a2b{/static,jar:file:/home/user/.m2/repository/org/apache/hadoop/hadoop-hdds-container-service/0.5.0-SNAPSHOT/hadoop-hdds-container-service-0.5.0-SNAPSHOT.jar!/webapps/static,UNAVAILABLE}
2019-07-13 12:38:14,879 INFO  handler.ContextHandler (ContextHandler.java:doStop(910)) - Stopped o.e.j.s.ServletContextHandler@39da0d43{/logs,file:///tmp/workdir/hadoop-ozone/integration-test/target/log,UNAVAILABLE}
2019-07-13 12:38:14,880 INFO  handler.ContextHandler (ContextHandler.java:doStop(910)) - Stopped o.e.j.s.ServletContextHandler@451f08ea{/logs,file:///tmp/workdir/hadoop-ozone/integration-test/target/log,UNAVAILABLE}
2019-07-13 12:38:14,881 INFO  datanode.ObjectStoreHandler (ObjectStoreHandler.java:close(155)) - Closing ObjectStoreHandler.
2019-07-13 12:38:14,882 INFO  datanode.ObjectStoreHandler (ObjectStoreHandler.java:close(155)) - Closing ObjectStoreHandler.
2019-07-13 12:38:14,883 INFO  ozone.HddsDatanodeService (HddsDatanodeService.java:stop(452)) - Stopped plug-in org.apache.hadoop.ozone.web.OzoneHddsDatanodeService@54c3b0dd
2019-07-13 12:38:14,883 INFO  ozone.HddsDatanodeService (HddsDatanodeService.java:stop(452)) - Stopped plug-in org.apache.hadoop.ozone.web.OzoneHddsDatanodeService@74cf108b
2019-07-13 12:38:15,556 INFO  statemachine.DatanodeStateMachine (DatanodeStateMachine.java:lambda$startDaemon$0(350)) - Ozone container server started.
2019-07-13 12:38:15,606 INFO  statemachine.DatanodeStateMachine (DatanodeStateMachine.java:lambda$startDaemon$0(350)) - Ozone container server started.
2019-07-13 12:38:16,806 WARN  server.GrpcLogAppender (LogUtils.java:warn(134)) - 0060b7bc-ea9e-4147-af06-f5d82aee6d2a->f4729627-52ae-443d-9e71-f0640918618c: Failed appendEntries: org.apache.ratis.thirdparty.io.grpc.StatusRuntimeException: UNAVAILABLE: io exception
2019-07-13 12:38:16,806 INFO  impl.FollowerInfo (FollowerInfo.java:lambda$new$0(50)) - 0060b7bc-ea9e-4147-af06-f5d82aee6d2a->f4729627-52ae-443d-9e71-f0640918618c: nextIndex: updateUnconditionally 0 -> 0
2019-07-13 12:38:19,306 WARN  server.GrpcLogAppender (LogUtils.java:warn(134)) - 0060b7bc-ea9e-4147-af06-f5d82aee6d2a->f4729627-52ae-443d-9e71-f0640918618c: Failed appendEntries: org.apache.ratis.thirdparty.io.grpc.StatusRuntimeException: UNAVAILABLE: io exception
2019-07-13 12:38:19,307 INFO  impl.FollowerInfo (FollowerInfo.java:lambda$new$0(50)) - 0060b7bc-ea9e-4147-af06-f5d82aee6d2a->f4729627-52ae-443d-9e71-f0640918618c: nextIndex: updateUnconditionally 0 -> 0
2019-07-13 12:38:19,635 INFO  node.StaleNodeHandler (StaleNodeHandler.java:onMessage(58)) - Datanode 9a847b5d-0baa-4d17-ab8a-ac0eb0817957{ip: 192.168.5.181, host: trunk-nightly-q2gwj-1111726333, networkLocation: /default-rack, certSerialId: null} moved to stale state. Finalizing its pipelines [PipelineID=47facfb5-b8d9-4440-926f-fac3d59b9b49, PipelineID=1810e08e-1091-4f93-9959-3f4fe0572573]
2019-07-13 12:38:19,635 INFO  pipeline.SCMPipelineManager (SCMPipelineManager.java:finalizeAndDestroyPipeline(309)) - destroying pipeline:Pipeline[ Id: 47facfb5-b8d9-4440-926f-fac3d59b9b49, Nodes: 9a847b5d-0baa-4d17-ab8a-ac0eb0817957{ip: 192.168.5.181, host: trunk-nightly-q2gwj-1111726333, networkLocation: /default-rack, certSerialId: null}f4729627-52ae-443d-9e71-f0640918618c{ip: 192.168.5.181, host: trunk-nightly-q2gwj-1111726333, networkLocation: /default-rack, certSerialId: null}0060b7bc-ea9e-4147-af06-f5d82aee6d2a{ip: 192.168.5.181, host: trunk-nightly-q2gwj-1111726333, networkLocation: /default-rack, certSerialId: null}, Type:RATIS, Factor:THREE, State:CLOSED]
2019-07-13 12:38:19,635 INFO  pipeline.SCMPipelineManager (SCMPipelineManager.java:finalizeAndDestroyPipeline(309)) - destroying pipeline:Pipeline[ Id: 1810e08e-1091-4f93-9959-3f4fe0572573, Nodes: 9a847b5d-0baa-4d17-ab8a-ac0eb0817957{ip: 192.168.5.181, host: trunk-nightly-q2gwj-1111726333, networkLocation: /default-rack, certSerialId: null}, Type:RATIS, Factor:ONE, State:OPEN]
2019-07-13 12:38:19,635 INFO  pipeline.PipelineStateManager (PipelineStateManager.java:finalizePipeline(123)) - Pipeline Pipeline[ Id: 1810e08e-1091-4f93-9959-3f4fe0572573, Nodes: 9a847b5d-0baa-4d17-ab8a-ac0eb0817957{ip: 192.168.5.181, host: trunk-nightly-q2gwj-1111726333, networkLocation: /default-rack, certSerialId: null}, Type:RATIS, Factor:ONE, State:CLOSED] moved to CLOSED state
2019-07-13 12:38:19,636 INFO  node.StaleNodeHandler (StaleNodeHandler.java:onMessage(58)) - Datanode 1bc21d47-9841-49b0-bf99-53eb7135dcbc{ip: 192.168.5.181, host: trunk-nightly-q2gwj-1111726333, networkLocation: /default-rack, certSerialId: null} moved to stale state. Finalizing its pipelines [PipelineID=cea7f20e-ff2d-4646-9bf5-8a67d76becb8, PipelineID=2882d17b-54fc-4a51-a8c2-bf85066d4768]
2019-07-13 12:38:19,636 INFO  pipeline.SCMPipelineManager (SCMPipelineManager.java:finalizeAndDestroyPipeline(309)) - destroying pipeline:Pipeline[ Id: cea7f20e-ff2d-4646-9bf5-8a67d76becb8, Nodes: 995671c8-c505-460c-a857-f81a18c3367d{ip: 192.168.5.181, host: trunk-nightly-q2gwj-1111726333, networkLocation: /default-rack, certSerialId: null}793ede1c-9cc0-400c-868a-e5201be0542d{ip: 192.168.5.181, host: trunk-nightly-q2gwj-1111726333, networkLocation: /default-rack, certSerialId: null}1bc21d47-9841-49b0-bf99-53eb7135dcbc{ip: 192.168.5.181, host: trunk-nightly-q2gwj-1111726333, networkLocation: /default-rack, certSerialId: null}, Type:RATIS, Factor:THREE, State:CLOSED]
2019-07-13 12:38:19,636 INFO  pipeline.SCMPipelineManager (SCMPipelineManager.java:finalizeAndDestroyPipeline(309)) - destroying pipeline:Pipeline[ Id: 2882d17b-54fc-4a51-a8c2-bf85066d4768, Nodes: 1bc21d47-9841-49b0-bf99-53eb7135dcbc{ip: 192.168.5.181, host: trunk-nightly-q2gwj-1111726333, networkLocation: /default-rack, certSerialId: null}, Type:RATIS, Factor:ONE, State:OPEN]
2019-07-13 12:38:19,636 INFO  pipeline.PipelineStateManager (PipelineStateManager.java:finalizePipeline(123)) - Pipeline Pipeline[ Id: 2882d17b-54fc-4a51-a8c2-bf85066d4768, Nodes: 1bc21d47-9841-49b0-bf99-53eb7135dcbc{ip: 192.168.5.181, host: trunk-nightly-q2gwj-1111726333, networkLocation: /default-rack, certSerialId: null}, Type:RATIS, Factor:ONE, State:CLOSED] moved to CLOSED state
2019-07-13 12:38:19,883 INFO  ozoneimpl.OzoneContainer (OzoneContainer.java:stop(199)) - Attempting to stop container services.
2019-07-13 12:38:19,883 INFO  ozoneimpl.OzoneContainer (OzoneContainer.java:stop(199)) - Attempting to stop container services.
2019-07-13 12:38:19,884 INFO  impl.RaftServerProxy (RaftServerProxy.java:lambda$close$4(314)) - 9a847b5d-0baa-4d17-ab8a-ac0eb0817957: close
2019-07-13 12:38:19,884 INFO  impl.RaftServerProxy (RaftServerProxy.java:lambda$close$4(314)) - 1bc21d47-9841-49b0-bf99-53eb7135dcbc: close
2019-07-13 12:38:19,884 INFO  impl.RaftServerImpl (RaftServerImpl.java:lambda$shutdown$3(245)) - 9a847b5d-0baa-4d17-ab8a-ac0eb0817957: shutdown group-FAC3D59B9B49
2019-07-13 12:38:19,885 INFO  impl.RaftServerImpl (RaftServerImpl.java:lambda$shutdown$3(245)) - 1bc21d47-9841-49b0-bf99-53eb7135dcbc: shutdown group-8A67D76BECB8
2019-07-13 12:38:19,885 INFO  util.JmxRegister (JmxRegister.java:unregister(73)) - Successfully un-registered JMX Bean with object name Ratis:service=RaftServer,group=group-FAC3D59B9B49,id=9a847b5d-0baa-4d17-ab8a-ac0eb0817957
2019-07-13 12:38:19,885 INFO  util.JmxRegister (JmxRegister.java:unregister(73)) - Successfully un-registered JMX Bean with object name Ratis:service=RaftServer,group=group-8A67D76BECB8,id=1bc21d47-9841-49b0-bf99-53eb7135dcbc
2019-07-13 12:38:19,886 INFO  impl.RoleInfo (RoleInfo.java:shutdownFollowerState(121)) - 1bc21d47-9841-49b0-bf99-53eb7135dcbc: shutdown FollowerState
2019-07-13 12:38:19,886 INFO  impl.StateMachineUpdater (StateMachineUpdater.java:stopAndJoin(115)) - StateMachineUpdater:1bc21d47-9841-49b0-bf99-53eb7135dcbc:group-8A67D76BECB8: set stopIndex = 34
2019-07-13 12:38:19,886 INFO  impl.RoleInfo (RoleInfo.java:shutdownFollowerState(121)) - 9a847b5d-0baa-4d17-ab8a-ac0eb0817957: shutdown FollowerState
2019-07-13 12:38:19,887 INFO  impl.StateMachineUpdater (StateMachineUpdater.java:stopAndJoin(115)) - StateMachineUpdater:9a847b5d-0baa-4d17-ab8a-ac0eb0817957:group-FAC3D59B9B49: set stopIndex = 0
2019-07-13 12:38:19,887 INFO  impl.FollowerState (FollowerState.java:run(114)) - 1bc21d47-9841-49b0-bf99-53eb7135dcbc: FollowerState was interrupted: java.lang.InterruptedException: sleep interrupted
2019-07-13 12:38:19,887 INFO  ratis.ContainerStateMachine (ContainerStateMachine.java:takeSnapshot(246)) - Taking snapshot at termIndex:(t:1, i:32)
2019-07-13 12:38:19,891 INFO  ratis.ContainerStateMachine (ContainerStateMachine.java:takeSnapshot(250)) - Taking a snapshot to file /tmp/workdir/hadoop-ozone/integration-test/target/test-dir/MiniOzoneClusterImpl-dd177095-6ff0-4c98-92dc-be788b95eaac/datanode-3/data/ratis/cea7f20e-ff2d-4646-9bf5-8a67d76becb8/sm/snapshot.1_32
2019-07-13 12:38:19,887 INFO  impl.FollowerState (FollowerState.java:run(114)) - 9a847b5d-0baa-4d17-ab8a-ac0eb0817957: FollowerState was interrupted: java.lang.InterruptedException: sleep interrupted
2019-07-13 12:38:19,887 INFO  ratis.ContainerStateMachine (ContainerStateMachine.java:takeSnapshot(246)) - Taking snapshot at termIndex:(t:0, i:~)
2019-07-13 12:38:19,893 INFO  impl.RaftServerImpl (ServerState.java:close(394)) - 9a847b5d-0baa-4d17-ab8a-ac0eb0817957:group-FAC3D59B9B49 closes. The last applied log index is 0
2019-07-13 12:38:19,894 INFO  segmented.SegmentedRaftLogWorker (SegmentedRaftLogWorker.java:run(313)) - 9a847b5d-0baa-4d17-ab8a-ac0eb0817957-SegmentedRaftLogWorker:Storage Directory /tmp/workdir/hadoop-ozone/integration-test/target/test-dir/MiniOzoneClusterImpl-dd177095-6ff0-4c98-92dc-be788b95eaac/datanode-2/data/ratis/47facfb5-b8d9-4440-926f-fac3d59b9b49 was interrupted, exiting. There are 0 tasks remaining in the queue.
2019-07-13 12:38:19,903 INFO  impl.StateMachineUpdater (StateMachineUpdater.java:takeSnapshot(242)) - StateMachineUpdater:1bc21d47-9841-49b0-bf99-53eb7135dcbc:group-8A67D76BECB8: Took a snapshot at index 32
2019-07-13 12:38:19,903 INFO  segmented.SegmentedRaftLogWorker (SegmentedRaftLogWorker.java:close(228)) - 9a847b5d-0baa-4d17-ab8a-ac0eb0817957-SegmentedRaftLogWorker:Storage Directory /tmp/workdir/hadoop-ozone/integration-test/target/test-dir/MiniOzoneClusterImpl-dd177095-6ff0-4c98-92dc-be788b95eaac/datanode-2/data/ratis/47facfb5-b8d9-4440-926f-fac3d59b9b49 close()
2019-07-13 12:38:19,903 INFO  impl.StateMachineUpdater (StateMachineUpdater.java:lambda$new$0(80)) - StateMachineUpdater:1bc21d47-9841-49b0-bf99-53eb7135dcbc:group-8A67D76BECB8: snapshotIndex: updateIncreasingly -1 -> 32
2019-07-13 12:38:19,905 INFO  impl.RaftServerImpl (RaftServerImpl.java:lambda$shutdown$3(245)) - 9a847b5d-0baa-4d17-ab8a-ac0eb0817957: shutdown group-3F4FE0572573
2019-07-13 12:38:19,906 INFO  impl.RaftServerImpl (ServerState.java:close(394)) - 1bc21d47-9841-49b0-bf99-53eb7135dcbc:group-8A67D76BECB8 closes. The last applied log index is 34
2019-07-13 12:38:19,906 INFO  util.JmxRegister (JmxRegister.java:unregister(73)) - Successfully un-registered JMX Bean with object name Ratis:service=RaftServer,group=group-3F4FE0572573,id=9a847b5d-0baa-4d17-ab8a-ac0eb0817957
2019-07-13 12:38:19,907 INFO  impl.RoleInfo (RoleInfo.java:shutdownLeaderState(104)) - 9a847b5d-0baa-4d17-ab8a-ac0eb0817957: shutdown LeaderState
2019-07-13 12:38:19,906 INFO  segmented.SegmentedRaftLogWorker (SegmentedRaftLogWorker.java:run(313)) - 1bc21d47-9841-49b0-bf99-53eb7135dcbc-SegmentedRaftLogWorker:Storage Directory /tmp/workdir/hadoop-ozone/integration-test/target/test-dir/MiniOzoneClusterImpl-dd177095-6ff0-4c98-92dc-be788b95eaac/datanode-3/data/ratis/cea7f20e-ff2d-4646-9bf5-8a67d76becb8 was interrupted, exiting. There are 0 tasks remaining in the queue.
2019-07-13 12:38:19,907 INFO  impl.PendingRequests (PendingRequests.java:sendNotLeaderResponses(202)) - 9a847b5d-0baa-4d17-ab8a-ac0eb0817957-PendingRequests: sendNotLeaderResponses
2019-07-13 12:38:19,907 INFO  segmented.SegmentedRaftLogWorker (SegmentedRaftLogWorker.java:close(228)) - 1bc21d47-9841-49b0-bf99-53eb7135dcbc-SegmentedRaftLogWorker:Storage Directory /tmp/workdir/hadoop-ozone/integration-test/target/test-dir/MiniOzoneClusterImpl-dd177095-6ff0-4c98-92dc-be788b95eaac/datanode-3/data/ratis/cea7f20e-ff2d-4646-9bf5-8a67d76becb8 close()
2019-07-13 12:38:19,907 INFO  ratis.ContainerStateMachine (ContainerStateMachine.java:takeSnapshot(246)) - Taking snapshot at termIndex:(t:0, i:~)
2019-07-13 12:38:19,907 INFO  impl.StateMachineUpdater (StateMachineUpdater.java:stopAndJoin(115)) - StateMachineUpdater:9a847b5d-0baa-4d17-ab8a-ac0eb0817957:group-3F4FE0572573: set stopIndex = 0
2019-07-13 12:38:19,910 INFO  impl.RaftServerImpl (RaftServerImpl.java:lambda$shutdown$3(245)) - 1bc21d47-9841-49b0-bf99-53eb7135dcbc: shutdown group-BF85066D4768
2019-07-13 12:38:19,910 INFO  impl.RaftServerImpl (ServerState.java:close(394)) - 9a847b5d-0baa-4d17-ab8a-ac0eb0817957:group-3F4FE0572573 closes. The last applied log index is 0
2019-07-13 12:38:19,911 INFO  util.JmxRegister (JmxRegister.java:unregister(73)) - Successfully un-registered JMX Bean with object name Ratis:service=RaftServer,group=group-BF85066D4768,id=1bc21d47-9841-49b0-bf99-53eb7135dcbc
2019-07-13 12:38:19,911 INFO  segmented.SegmentedRaftLogWorker (SegmentedRaftLogWorker.java:run(313)) - 9a847b5d-0baa-4d17-ab8a-ac0eb0817957-SegmentedRaftLogWorker:Storage Directory /tmp/workdir/hadoop-ozone/integration-test/target/test-dir/MiniOzoneClusterImpl-dd177095-6ff0-4c98-92dc-be788b95eaac/datanode-2/data/ratis/1810e08e-1091-4f93-9959-3f4fe0572573 was interrupted, exiting. There are 0 tasks remaining in the queue.
2019-07-13 12:38:19,912 INFO  impl.RoleInfo (RoleInfo.java:shutdownLeaderState(104)) - 1bc21d47-9841-49b0-bf99-53eb7135dcbc: shutdown LeaderState
2019-07-13 12:38:19,912 INFO  segmented.SegmentedRaftLogWorker (SegmentedRaftLogWorker.java:close(228)) - 9a847b5d-0baa-4d17-ab8a-ac0eb0817957-SegmentedRaftLogWorker:Storage Directory /tmp/workdir/hadoop-ozone/integration-test/target/test-dir/MiniOzoneClusterImpl-dd177095-6ff0-4c98-92dc-be788b95eaac/datanode-2/data/ratis/1810e08e-1091-4f93-9959-3f4fe0572573 close()
2019-07-13 12:38:19,913 INFO  impl.PendingRequests (PendingRequests.java:sendNotLeaderResponses(202)) - 1bc21d47-9841-49b0-bf99-53eb7135dcbc-PendingRequests: sendNotLeaderResponses
2019-07-13 12:38:19,915 INFO  server.GrpcService (GrpcService.java:closeImpl(155)) - 9a847b5d-0baa-4d17-ab8a-ac0eb0817957: shutdown server with port 44492 now
2019-07-13 12:38:19,916 INFO  impl.StateMachineUpdater (StateMachineUpdater.java:stopAndJoin(115)) - StateMachineUpdater:1bc21d47-9841-49b0-bf99-53eb7135dcbc:group-BF85066D4768: set stopIndex = 0
2019-07-13 12:38:19,916 INFO  ratis.ContainerStateMachine (ContainerStateMachine.java:takeSnapshot(246)) - Taking snapshot at termIndex:(t:0, i:~)
2019-07-13 12:38:19,919 INFO  impl.RaftServerImpl (ServerState.java:close(394)) - 1bc21d47-9841-49b0-bf99-53eb7135dcbc:group-BF85066D4768 closes. The last applied log index is 0
2019-07-13 12:38:19,920 INFO  segmented.SegmentedRaftLogWorker (SegmentedRaftLogWorker.java:run(313)) - 1bc21d47-9841-49b0-bf99-53eb7135dcbc-SegmentedRaftLogWorker:Storage Directory /tmp/workdir/hadoop-ozone/integration-test/target/test-dir/MiniOzoneClusterImpl-dd177095-6ff0-4c98-92dc-be788b95eaac/datanode-3/data/ratis/2882d17b-54fc-4a51-a8c2-bf85066d4768 was interrupted, exiting. There are 0 tasks remaining in the queue.
2019-07-13 12:38:19,920 INFO  server.GrpcService (GrpcService.java:closeImpl(163)) - 9a847b5d-0baa-4d17-ab8a-ac0eb0817957: shutdown server with port 44492 successfully
2019-07-13 12:38:19,920 WARN  server.GrpcServerProtocolService (LogUtils.java:warn(134)) - 9a847b5d-0baa-4d17-ab8a-ac0eb0817957: appendEntries onError: org.apache.ratis.thirdparty.io.grpc.StatusRuntimeException: CANCELLED: cancelled before receiving half close
2019-07-13 12:38:19,920 WARN  server.GrpcLogAppender (LogUtils.java:warn(134)) - 0060b7bc-ea9e-4147-af06-f5d82aee6d2a->9a847b5d-0baa-4d17-ab8a-ac0eb0817957: Failed appendEntries: org.apache.ratis.thirdparty.io.grpc.StatusRuntimeException: CANCELLED: HTTP/2 error code: CANCEL
Received Rst Stream
2019-07-13 12:38:19,920 INFO  segmented.SegmentedRaftLogWorker (SegmentedRaftLogWorker.java:close(228)) - 1bc21d47-9841-49b0-bf99-53eb7135dcbc-SegmentedRaftLogWorker:Storage Directory /tmp/workdir/hadoop-ozone/integration-test/target/test-dir/MiniOzoneClusterImpl-dd177095-6ff0-4c98-92dc-be788b95eaac/datanode-3/data/ratis/2882d17b-54fc-4a51-a8c2-bf85066d4768 close()
2019-07-13 12:38:19,921 INFO  impl.FollowerInfo (FollowerInfo.java:lambda$new$0(50)) - 0060b7bc-ea9e-4147-af06-f5d82aee6d2a->9a847b5d-0baa-4d17-ab8a-ac0eb0817957: nextIndex: updateUnconditionally 1 -> 0
2019-07-13 12:38:19,921 INFO  utils.BackgroundService (BackgroundService.java:shutdown(148)) - Shutting down service BlockDeletingService
2019-07-13 12:38:19,924 INFO  server.GrpcService (GrpcService.java:closeImpl(155)) - 1bc21d47-9841-49b0-bf99-53eb7135dcbc: shutdown server with port 45620 now
2019-07-13 12:38:19,925 WARN  fs.CachingGetSpaceUsed (CachingGetSpaceUsed.java:run(183)) - Thread Interrupted waiting to refresh disk information: sleep interrupted
2019-07-13 12:38:19,925 INFO  server.GrpcService (GrpcService.java:closeImpl(163)) - 1bc21d47-9841-49b0-bf99-53eb7135dcbc: shutdown server with port 45620 successfully
2019-07-13 12:38:19,927 INFO  utils.BackgroundService (BackgroundService.java:shutdown(148)) - Shutting down service BlockDeletingService
2019-07-13 12:38:19,928 WARN  fs.CachingGetSpaceUsed (CachingGetSpaceUsed.java:run(183)) - Thread Interrupted waiting to refresh disk information: sleep interrupted
2019-07-13 12:38:19,944 INFO  statemachine.DatanodeStateMachine (DatanodeStateMachine.java:stopDaemon(395)) - Ozone container server stopped.
2019-07-13 12:38:19,958 INFO  statemachine.DatanodeStateMachine (DatanodeStateMachine.java:stopDaemon(395)) - Ozone container server stopped.
2019-07-13 12:38:19,959 INFO  handler.ContextHandler (ContextHandler.java:doStop(910)) - Stopped o.e.j.w.WebAppContext@78ae9b9c{/,null,UNAVAILABLE}{/hddsDatanode}
2019-07-13 12:38:19,959 INFO  server.AbstractConnector (AbstractConnector.java:doStop(318)) - Stopped ServerConnector@5d9576a0{HTTP/1.1,[http/1.1]}{0.0.0.0:0}
2019-07-13 12:38:19,960 INFO  handler.ContextHandler (ContextHandler.java:doStop(910)) - Stopped o.e.j.w.WebAppContext@7b276a08{/,null,UNAVAILABLE}{/hddsDatanode}
2019-07-13 12:38:19,961 INFO  handler.ContextHandler (ContextHandler.java:doStop(910)) - Stopped o.e.j.s.ServletContextHandler@6c8a806c{/static,jar:file:/home/user/.m2/repository/org/apache/hadoop/hadoop-hdds-container-service/0.5.0-SNAPSHOT/hadoop-hdds-container-service-0.5.0-SNAPSHOT.jar!/webapps/static,UNAVAILABLE}
2019-07-13 12:38:19,964 INFO  handler.ContextHandler (ContextHandler.java:doStop(910)) - Stopped o.e.j.s.ServletContextHandler@2adb532c{/logs,file:///tmp/workdir/hadoop-ozone/integration-test/target/log,UNAVAILABLE}
2019-07-13 12:38:19,964 INFO  server.AbstractConnector (AbstractConnector.java:doStop(318)) - Stopped ServerConnector@328a1843{HTTP/1.1,[http/1.1]}{0.0.0.0:0}
2019-07-13 12:38:19,965 INFO  handler.ContextHandler (ContextHandler.java:doStop(910)) - Stopped o.e.j.s.ServletContextHandler@75f5293c{/static,jar:file:/home/user/.m2/repository/org/apache/hadoop/hadoop-hdds-container-service/0.5.0-SNAPSHOT/hadoop-hdds-container-service-0.5.0-SNAPSHOT.jar!/webapps/static,UNAVAILABLE}
2019-07-13 12:38:19,965 INFO  datanode.ObjectStoreHandler (ObjectStoreHandler.java:close(155)) - Closing ObjectStoreHandler.
2019-07-13 12:38:19,965 INFO  handler.ContextHandler (ContextHandler.java:doStop(910)) - Stopped o.e.j.s.ServletContextHandler@ceb4f91{/logs,file:///tmp/workdir/hadoop-ozone/integration-test/target/log,UNAVAILABLE}
2019-07-13 12:38:19,965 INFO  ozone.HddsDatanodeService (HddsDatanodeService.java:stop(452)) - Stopped plug-in org.apache.hadoop.ozone.web.OzoneHddsDatanodeService@5c4c4e96
2019-07-13 12:38:19,966 INFO  datanode.ObjectStoreHandler (ObjectStoreHandler.java:close(155)) - Closing ObjectStoreHandler.
2019-07-13 12:38:19,966 INFO  ozone.HddsDatanodeService (HddsDatanodeService.java:stop(452)) - Stopped plug-in org.apache.hadoop.ozone.web.OzoneHddsDatanodeService@1fe275d8
2019-07-13 12:38:20,224 INFO  statemachine.DatanodeStateMachine (DatanodeStateMachine.java:lambda$startDaemon$0(350)) - Ozone container server started.
2019-07-13 12:38:20,532 INFO  statemachine.DatanodeStateMachine (DatanodeStateMachine.java:lambda$startDaemon$0(350)) - Ozone container server started.
2019-07-13 12:38:21,807 WARN  server.GrpcLogAppender (LogUtils.java:warn(134)) - 0060b7bc-ea9e-4147-af06-f5d82aee6d2a->f4729627-52ae-443d-9e71-f0640918618c: Failed appendEntries: org.apache.ratis.thirdparty.io.grpc.StatusRuntimeException: UNAVAILABLE: io exception
2019-07-13 12:38:21,808 INFO  impl.FollowerInfo (FollowerInfo.java:lambda$new$0(50)) - 0060b7bc-ea9e-4147-af06-f5d82aee6d2a->f4729627-52ae-443d-9e71-f0640918618c: nextIndex: updateUnconditionally 0 -> 0
2019-07-13 12:38:21,810 WARN  server.GrpcLogAppender (LogUtils.java:warn(134)) - 0060b7bc-ea9e-4147-af06-f5d82aee6d2a->9a847b5d-0baa-4d17-ab8a-ac0eb0817957: Failed appendEntries: org.apache.ratis.thirdparty.io.grpc.StatusRuntimeException: UNAVAILABLE: io exception
2019-07-13 12:38:21,810 INFO  impl.FollowerInfo (FollowerInfo.java:lambda$new$0(50)) - 0060b7bc-ea9e-4147-af06-f5d82aee6d2a->9a847b5d-0baa-4d17-ab8a-ac0eb0817957: nextIndex: updateUnconditionally 0 -> 0
2019-07-13 12:38:22,603 INFO  impl.FollowerState (FollowerState.java:run(106)) - 995671c8-c505-460c-a857-f81a18c3367d:group-8A67D76BECB8 changes to CANDIDATE, lastRpcTime:7900, electionTimeout:5118ms
2019-07-13 12:38:22,603 INFO  impl.RoleInfo (RoleInfo.java:shutdownFollowerState(121)) - 995671c8-c505-460c-a857-f81a18c3367d: shutdown FollowerState
2019-07-13 12:38:22,604 INFO  impl.RaftServerImpl (RaftServerImpl.java:setRole(171)) - 995671c8-c505-460c-a857-f81a18c3367d:group-8A67D76BECB8 changes role from FOLLOWER to CANDIDATE at term 1 for changeToCandidate
2019-07-13 12:38:22,604 INFO  impl.RoleInfo (RoleInfo.java:updateAndGet(143)) - 995671c8-c505-460c-a857-f81a18c3367d: start LeaderElection
2019-07-13 12:38:22,607 INFO  impl.RaftServerImpl (ServerState.java:setLeader(263)) - 995671c8-c505-460c-a857-f81a18c3367d:group-8A67D76BECB8 change Leader from 793ede1c-9cc0-400c-868a-e5201be0542d to null at term 1 for initElection
2019-07-13 12:38:22,620 INFO  impl.LeaderElection (LeaderElection.java:askForVotes(181)) - 995671c8-c505-460c-a857-f81a18c3367d:group-8A67D76BECB8:LeaderElection104: begin an election at term 2 for 0: [995671c8-c505-460c-a857-f81a18c3367d:192.168.5.181:43985, 1bc21d47-9841-49b0-bf99-53eb7135dcbc:192.168.5.181:45620, 793ede1c-9cc0-400c-868a-e5201be0542d:192.168.5.181:45615], old=null
2019-07-13 12:38:22,622 INFO  impl.LeaderElection (LogUtils.java:infoOrTrace(149)) - 995671c8-c505-460c-a857-f81a18c3367d:group-8A67D76BECB8:LeaderElection104 got exception when requesting votes: {}
java.util.concurrent.ExecutionException: org.apache.ratis.thirdparty.io.grpc.StatusRuntimeException: UNAVAILABLE: io exception
	at java.util.concurrent.FutureTask.report(FutureTask.java:122)
	at java.util.concurrent.FutureTask.get(FutureTask.java:192)
	at org.apache.ratis.server.impl.LeaderElection.waitForResults(LeaderElection.java:262)
	at org.apache.ratis.server.impl.LeaderElection.askForVotes(LeaderElection.java:200)
	at org.apache.ratis.server.impl.LeaderElection.run(LeaderElection.java:130)
	at java.lang.Thread.run(Thread.java:748)
Caused by: org.apache.ratis.thirdparty.io.grpc.StatusRuntimeException: UNAVAILABLE: io exception
	at org.apache.ratis.thirdparty.io.grpc.stub.ClientCalls.toStatusRuntimeException(ClientCalls.java:233)
	at org.apache.ratis.thirdparty.io.grpc.stub.ClientCalls.getUnchecked(ClientCalls.java:214)
	at org.apache.ratis.thirdparty.io.grpc.stub.ClientCalls.blockingUnaryCall(ClientCalls.java:139)
	at org.apache.ratis.proto.grpc.RaftServerProtocolServiceGrpc$RaftServerProtocolServiceBlockingStub.requestVote(RaftServerProtocolServiceGrpc.java:265)
	at org.apache.ratis.grpc.server.GrpcServerProtocolClient.requestVote(GrpcServerProtocolClient.java:83)
	at org.apache.ratis.grpc.server.GrpcService.requestVote(GrpcService.java:195)
	at org.apache.ratis.server.impl.LeaderElection.lambda$submitRequests$1(LeaderElection.java:237)
	at java.util.concurrent.FutureTask.run(FutureTask.java:266)
	at java.util.concurrent.Executors$RunnableAdapter.call(Executors.java:511)
	at java.util.concurrent.FutureTask.run(FutureTask.java:266)
	at java.util.concurrent.ThreadPoolExecutor.runWorker(ThreadPoolExecutor.java:1149)
	at java.util.concurrent.ThreadPoolExecutor$Worker.run(ThreadPoolExecutor.java:624)
	... 1 more
Caused by: org.apache.ratis.thirdparty.io.netty.channel.AbstractChannel$AnnotatedConnectException: Connection refused: /192.168.5.181:45620
	at sun.nio.ch.SocketChannelImpl.checkConnect(Native Method)
	at sun.nio.ch.SocketChannelImpl.finishConnect(SocketChannelImpl.java:717)
	at org.apache.ratis.thirdparty.io.netty.channel.socket.nio.NioSocketChannel.doFinishConnect(NioSocketChannel.java:327)
	at org.apache.ratis.thirdparty.io.netty.channel.nio.AbstractNioChannel$AbstractNioUnsafe.finishConnect(AbstractNioChannel.java:340)
	at org.apache.ratis.thirdparty.io.netty.channel.nio.NioEventLoop.processSelectedKey(NioEventLoop.java:632)
	at org.apache.ratis.thirdparty.io.netty.channel.nio.NioEventLoop.processSelectedKeysOptimized(NioEventLoop.java:579)
	at org.apache.ratis.thirdparty.io.netty.channel.nio.NioEventLoop.processSelectedKeys(NioEventLoop.java:496)
	at org.apache.ratis.thirdparty.io.netty.channel.nio.NioEventLoop.run(NioEventLoop.java:458)
	at org.apache.ratis.thirdparty.io.netty.util.concurrent.SingleThreadEventExecutor$5.run(SingleThreadEventExecutor.java:897)
	at org.apache.ratis.thirdparty.io.netty.util.concurrent.FastThreadLocalRunnable.run(FastThreadLocalRunnable.java:30)
	... 1 more
Caused by: java.net.ConnectException: Connection refused
	... 11 more
2019-07-13 12:38:22,626 INFO  impl.LeaderElection (LogUtils.java:infoOrTrace(149)) - 995671c8-c505-460c-a857-f81a18c3367d:group-8A67D76BECB8:LeaderElection104 got exception when requesting votes: {}
java.util.concurrent.ExecutionException: org.apache.ratis.thirdparty.io.grpc.StatusRuntimeException: UNAVAILABLE: io exception
	at java.util.concurrent.FutureTask.report(FutureTask.java:122)
	at java.util.concurrent.FutureTask.get(FutureTask.java:192)
	at org.apache.ratis.server.impl.LeaderElection.waitForResults(LeaderElection.java:262)
	at org.apache.ratis.server.impl.LeaderElection.askForVotes(LeaderElection.java:200)
	at org.apache.ratis.server.impl.LeaderElection.run(LeaderElection.java:130)
	at java.lang.Thread.run(Thread.java:748)
Caused by: org.apache.ratis.thirdparty.io.grpc.StatusRuntimeException: UNAVAILABLE: io exception
	at org.apache.ratis.thirdparty.io.grpc.stub.ClientCalls.toStatusRuntimeException(ClientCalls.java:233)
	at org.apache.ratis.thirdparty.io.grpc.stub.ClientCalls.getUnchecked(ClientCalls.java:214)
	at org.apache.ratis.thirdparty.io.grpc.stub.ClientCalls.blockingUnaryCall(ClientCalls.java:139)
	at org.apache.ratis.proto.grpc.RaftServerProtocolServiceGrpc$RaftServerProtocolServiceBlockingStub.requestVote(RaftServerProtocolServiceGrpc.java:265)
	at org.apache.ratis.grpc.server.GrpcServerProtocolClient.requestVote(GrpcServerProtocolClient.java:83)
	at org.apache.ratis.grpc.server.GrpcService.requestVote(GrpcService.java:195)
	at org.apache.ratis.server.impl.LeaderElection.lambda$submitRequests$1(LeaderElection.java:237)
	at java.util.concurrent.FutureTask.run(FutureTask.java:266)
	at java.util.concurrent.Executors$RunnableAdapter.call(Executors.java:511)
	at java.util.concurrent.FutureTask.run(FutureTask.java:266)
	at java.util.concurrent.ThreadPoolExecutor.runWorker(ThreadPoolExecutor.java:1149)
	at java.util.concurrent.ThreadPoolExecutor$Worker.run(ThreadPoolExecutor.java:624)
	... 1 more
Caused by: org.apache.ratis.thirdparty.io.netty.channel.AbstractChannel$AnnotatedConnectException: Connection refused: /192.168.5.181:45615
	at sun.nio.ch.SocketChannelImpl.checkConnect(Native Method)
	at sun.nio.ch.SocketChannelImpl.finishConnect(SocketChannelImpl.java:717)
	at org.apache.ratis.thirdparty.io.netty.channel.socket.nio.NioSocketChannel.doFinishConnect(NioSocketChannel.java:327)
	at org.apache.ratis.thirdparty.io.netty.channel.nio.AbstractNioChannel$AbstractNioUnsafe.finishConnect(AbstractNioChannel.java:340)
	at org.apache.ratis.thirdparty.io.netty.channel.nio.NioEventLoop.processSelectedKey(NioEventLoop.java:632)
	at org.apache.ratis.thirdparty.io.netty.channel.nio.NioEventLoop.processSelectedKeysOptimized(NioEventLoop.java:579)
	at org.apache.ratis.thirdparty.io.netty.channel.nio.NioEventLoop.processSelectedKeys(NioEventLoop.java:496)
	at org.apache.ratis.thirdparty.io.netty.channel.nio.NioEventLoop.run(NioEventLoop.java:458)
	at org.apache.ratis.thirdparty.io.netty.util.concurrent.SingleThreadEventExecutor$5.run(SingleThreadEventExecutor.java:897)
	at org.apache.ratis.thirdparty.io.netty.util.concurrent.FastThreadLocalRunnable.run(FastThreadLocalRunnable.java:30)
	... 1 more
Caused by: java.net.ConnectException: Connection refused
	... 11 more
2019-07-13 12:38:22,628 INFO  impl.LeaderElection (LeaderElection.java:logAndReturn(56)) - 995671c8-c505-460c-a857-f81a18c3367d:group-8A67D76BECB8:LeaderElection104: Election REJECTED; received 0 response(s) [] and 2 exception(s); 995671c8-c505-460c-a857-f81a18c3367d:t2, leader=null, voted=995671c8-c505-460c-a857-f81a18c3367d, raftlog=995671c8-c505-460c-a857-f81a18c3367d-SegmentedRaftLog:OPENED:c34,f34,i34, conf=0: [995671c8-c505-460c-a857-f81a18c3367d:192.168.5.181:43985, 1bc21d47-9841-49b0-bf99-53eb7135dcbc:192.168.5.181:45620, 793ede1c-9cc0-400c-868a-e5201be0542d:192.168.5.181:45615], old=null
2019-07-13 12:38:22,628 INFO  impl.LeaderElection (LogUtils.java:infoOrTrace(149)) -   Exception 0: {}
java.util.concurrent.ExecutionException: org.apache.ratis.thirdparty.io.grpc.StatusRuntimeException: UNAVAILABLE: io exception
	at java.util.concurrent.FutureTask.report(FutureTask.java:122)
	at java.util.concurrent.FutureTask.get(FutureTask.java:192)
	at org.apache.ratis.server.impl.LeaderElection.waitForResults(LeaderElection.java:262)
	at org.apache.ratis.server.impl.LeaderElection.askForVotes(LeaderElection.java:200)
	at org.apache.ratis.server.impl.LeaderElection.run(LeaderElection.java:130)
	at java.lang.Thread.run(Thread.java:748)
Caused by: org.apache.ratis.thirdparty.io.grpc.StatusRuntimeException: UNAVAILABLE: io exception
	at org.apache.ratis.thirdparty.io.grpc.stub.ClientCalls.toStatusRuntimeException(ClientCalls.java:233)
	at org.apache.ratis.thirdparty.io.grpc.stub.ClientCalls.getUnchecked(ClientCalls.java:214)
	at org.apache.ratis.thirdparty.io.grpc.stub.ClientCalls.blockingUnaryCall(ClientCalls.java:139)
	at org.apache.ratis.proto.grpc.RaftServerProtocolServiceGrpc$RaftServerProtocolServiceBlockingStub.requestVote(RaftServerProtocolServiceGrpc.java:265)
	at org.apache.ratis.grpc.server.GrpcServerProtocolClient.requestVote(GrpcServerProtocolClient.java:83)
	at org.apache.ratis.grpc.server.GrpcService.requestVote(GrpcService.java:195)
	at org.apache.ratis.server.impl.LeaderElection.lambda$submitRequests$1(LeaderElection.java:237)
	at java.util.concurrent.FutureTask.run(FutureTask.java:266)
	at java.util.concurrent.Executors$RunnableAdapter.call(Executors.java:511)
	at java.util.concurrent.FutureTask.run(FutureTask.java:266)
	at java.util.concurrent.ThreadPoolExecutor.runWorker(ThreadPoolExecutor.java:1149)
	at java.util.concurrent.ThreadPoolExecutor$Worker.run(ThreadPoolExecutor.java:624)
	... 1 more
Caused by: org.apache.ratis.thirdparty.io.netty.channel.AbstractChannel$AnnotatedConnectException: Connection refused: /192.168.5.181:45620
	at sun.nio.ch.SocketChannelImpl.checkConnect(Native Method)
	at sun.nio.ch.SocketChannelImpl.finishConnect(SocketChannelImpl.java:717)
	at org.apache.ratis.thirdparty.io.netty.channel.socket.nio.NioSocketChannel.doFinishConnect(NioSocketChannel.java:327)
	at org.apache.ratis.thirdparty.io.netty.channel.nio.AbstractNioChannel$AbstractNioUnsafe.finishConnect(AbstractNioChannel.java:340)
	at org.apache.ratis.thirdparty.io.netty.channel.nio.NioEventLoop.processSelectedKey(NioEventLoop.java:632)
	at org.apache.ratis.thirdparty.io.netty.channel.nio.NioEventLoop.processSelectedKeysOptimized(NioEventLoop.java:579)
	at org.apache.ratis.thirdparty.io.netty.channel.nio.NioEventLoop.processSelectedKeys(NioEventLoop.java:496)
	at org.apache.ratis.thirdparty.io.netty.channel.nio.NioEventLoop.run(NioEventLoop.java:458)
	at org.apache.ratis.thirdparty.io.netty.util.concurrent.SingleThreadEventExecutor$5.run(SingleThreadEventExecutor.java:897)
	at org.apache.ratis.thirdparty.io.netty.util.concurrent.FastThreadLocalRunnable.run(FastThreadLocalRunnable.java:30)
	... 1 more
Caused by: java.net.ConnectException: Connection refused
	... 11 more
2019-07-13 12:38:22,629 INFO  impl.LeaderElection (LogUtils.java:infoOrTrace(149)) -   Exception 1: {}
java.util.concurrent.ExecutionException: org.apache.ratis.thirdparty.io.grpc.StatusRuntimeException: UNAVAILABLE: io exception
	at java.util.concurrent.FutureTask.report(FutureTask.java:122)
	at java.util.concurrent.FutureTask.get(FutureTask.java:192)
	at org.apache.ratis.server.impl.LeaderElection.waitForResults(LeaderElection.java:262)
	at org.apache.ratis.server.impl.LeaderElection.askForVotes(LeaderElection.java:200)
	at org.apache.ratis.server.impl.LeaderElection.run(LeaderElection.java:130)
	at java.lang.Thread.run(Thread.java:748)
Caused by: org.apache.ratis.thirdparty.io.grpc.StatusRuntimeException: UNAVAILABLE: io exception
	at org.apache.ratis.thirdparty.io.grpc.stub.ClientCalls.toStatusRuntimeException(ClientCalls.java:233)
	at org.apache.ratis.thirdparty.io.grpc.stub.ClientCalls.getUnchecked(ClientCalls.java:214)
	at org.apache.ratis.thirdparty.io.grpc.stub.ClientCalls.blockingUnaryCall(ClientCalls.java:139)
	at org.apache.ratis.proto.grpc.RaftServerProtocolServiceGrpc$RaftServerProtocolServiceBlockingStub.requestVote(RaftServerProtocolServiceGrpc.java:265)
	at org.apache.ratis.grpc.server.GrpcServerProtocolClient.requestVote(GrpcServerProtocolClient.java:83)
	at org.apache.ratis.grpc.server.GrpcService.requestVote(GrpcService.java:195)
	at org.apache.ratis.server.impl.LeaderElection.lambda$submitRequests$1(LeaderElection.java:237)
	at java.util.concurrent.FutureTask.run(FutureTask.java:266)
	at java.util.concurrent.Executors$RunnableAdapter.call(Executors.java:511)
	at java.util.concurrent.FutureTask.run(FutureTask.java:266)
	at java.util.concurrent.ThreadPoolExecutor.runWorker(ThreadPoolExecutor.java:1149)
	at java.util.concurrent.ThreadPoolExecutor$Worker.run(ThreadPoolExecutor.java:624)
	... 1 more
Caused by: org.apache.ratis.thirdparty.io.netty.channel.AbstractChannel$AnnotatedConnectException: Connection refused: /192.168.5.181:45615
	at sun.nio.ch.SocketChannelImpl.checkConnect(Native Method)
	at sun.nio.ch.SocketChannelImpl.finishConnect(SocketChannelImpl.java:717)
	at org.apache.ratis.thirdparty.io.netty.channel.socket.nio.NioSocketChannel.doFinishConnect(NioSocketChannel.java:327)
	at org.apache.ratis.thirdparty.io.netty.channel.nio.AbstractNioChannel$AbstractNioUnsafe.finishConnect(AbstractNioChannel.java:340)
	at org.apache.ratis.thirdparty.io.netty.channel.nio.NioEventLoop.processSelectedKey(NioEventLoop.java:632)
	at org.apache.ratis.thirdparty.io.netty.channel.nio.NioEventLoop.processSelectedKeysOptimized(NioEventLoop.java:579)
	at org.apache.ratis.thirdparty.io.netty.channel.nio.NioEventLoop.processSelectedKeys(NioEventLoop.java:496)
	at org.apache.ratis.thirdparty.io.netty.channel.nio.NioEventLoop.run(NioEventLoop.java:458)
	at org.apache.ratis.thirdparty.io.netty.util.concurrent.SingleThreadEventExecutor$5.run(SingleThreadEventExecutor.java:897)
	at org.apache.ratis.thirdparty.io.netty.util.concurrent.FastThreadLocalRunnable.run(FastThreadLocalRunnable.java:30)
	... 1 more
Caused by: java.net.ConnectException: Connection refused
	... 11 more
2019-07-13 12:38:22,629 INFO  impl.RaftServerImpl (RaftServerImpl.java:setRole(171)) - 995671c8-c505-460c-a857-f81a18c3367d:group-8A67D76BECB8 changes role from CANDIDATE to FOLLOWER at term 2 for DISCOVERED_A_NEW_TERM
2019-07-13 12:38:22,629 INFO  impl.RoleInfo (RoleInfo.java:shutdownLeaderElection(134)) - 995671c8-c505-460c-a857-f81a18c3367d: shutdown LeaderElection
2019-07-13 12:38:22,629 INFO  impl.RoleInfo (RoleInfo.java:updateAndGet(143)) - 995671c8-c505-460c-a857-f81a18c3367d: start FollowerState
2019-07-13 12:38:24,241 INFO  node.StaleNodeHandler (StaleNodeHandler.java:onMessage(58)) - Datanode 0060b7bc-ea9e-4147-af06-f5d82aee6d2a{ip: 192.168.5.181, host: trunk-nightly-q2gwj-1111726333, networkLocation: /default-rack, certSerialId: null} moved to stale state. Finalizing its pipelines [PipelineID=133fe08f-fd72-4582-9cb0-abee91404a19, PipelineID=47facfb5-b8d9-4440-926f-fac3d59b9b49]
2019-07-13 12:38:24,241 INFO  pipeline.SCMPipelineManager (SCMPipelineManager.java:finalizeAndDestroyPipeline(309)) - destroying pipeline:Pipeline[ Id: 133fe08f-fd72-4582-9cb0-abee91404a19, Nodes: 0060b7bc-ea9e-4147-af06-f5d82aee6d2a{ip: 192.168.5.181, host: trunk-nightly-q2gwj-1111726333, networkLocation: /default-rack, certSerialId: null}, Type:RATIS, Factor:ONE, State:OPEN]
2019-07-13 12:38:24,241 INFO  pipeline.PipelineStateManager (PipelineStateManager.java:finalizePipeline(123)) - Pipeline Pipeline[ Id: 133fe08f-fd72-4582-9cb0-abee91404a19, Nodes: 0060b7bc-ea9e-4147-af06-f5d82aee6d2a{ip: 192.168.5.181, host: trunk-nightly-q2gwj-1111726333, networkLocation: /default-rack, certSerialId: null}, Type:RATIS, Factor:ONE, State:CLOSED] moved to CLOSED state
2019-07-13 12:38:24,241 INFO  pipeline.SCMPipelineManager (SCMPipelineManager.java:finalizeAndDestroyPipeline(309)) - destroying pipeline:Pipeline[ Id: 47facfb5-b8d9-4440-926f-fac3d59b9b49, Nodes: 9a847b5d-0baa-4d17-ab8a-ac0eb0817957{ip: 192.168.5.181, host: trunk-nightly-q2gwj-1111726333, networkLocation: /default-rack, certSerialId: null}f4729627-52ae-443d-9e71-f0640918618c{ip: 192.168.5.181, host: trunk-nightly-q2gwj-1111726333, networkLocation: /default-rack, certSerialId: null}0060b7bc-ea9e-4147-af06-f5d82aee6d2a{ip: 192.168.5.181, host: trunk-nightly-q2gwj-1111726333, networkLocation: /default-rack, certSerialId: null}, Type:RATIS, Factor:THREE, State:CLOSED]
2019-07-13 12:38:24,308 WARN  server.GrpcLogAppender (LogUtils.java:warn(134)) - 0060b7bc-ea9e-4147-af06-f5d82aee6d2a->f4729627-52ae-443d-9e71-f0640918618c: Failed appendEntries: org.apache.ratis.thirdparty.io.grpc.StatusRuntimeException: UNAVAILABLE: io exception
2019-07-13 12:38:24,308 INFO  impl.FollowerInfo (FollowerInfo.java:lambda$new$0(50)) - 0060b7bc-ea9e-4147-af06-f5d82aee6d2a->f4729627-52ae-443d-9e71-f0640918618c: nextIndex: updateUnconditionally 0 -> 0
2019-07-13 12:38:24,310 WARN  server.GrpcLogAppender (LogUtils.java:warn(134)) - 0060b7bc-ea9e-4147-af06-f5d82aee6d2a->9a847b5d-0baa-4d17-ab8a-ac0eb0817957: Failed appendEntries: org.apache.ratis.thirdparty.io.grpc.StatusRuntimeException: UNAVAILABLE: io exception
2019-07-13 12:38:24,311 INFO  impl.FollowerInfo (FollowerInfo.java:lambda$new$0(50)) - 0060b7bc-ea9e-4147-af06-f5d82aee6d2a->9a847b5d-0baa-4d17-ab8a-ac0eb0817957: nextIndex: updateUnconditionally 0 -> 0
2019-07-13 12:38:24,541 INFO  node.StaleNodeHandler (StaleNodeHandler.java:onMessage(58)) - Datanode e0870b50-7f1f-4929-aa53-41061bdca90a{ip: 192.168.5.181, host: trunk-nightly-q2gwj-1111726333, networkLocation: /default-rack, certSerialId: null} moved to stale state. Finalizing its pipelines [PipelineID=c043720b-d34c-4b7c-972f-e81a512945ab]
2019-07-13 12:38:24,541 INFO  pipeline.SCMPipelineManager (SCMPipelineManager.java:finalizeAndDestroyPipeline(309)) - destroying pipeline:Pipeline[ Id: c043720b-d34c-4b7c-972f-e81a512945ab, Nodes: e0870b50-7f1f-4929-aa53-41061bdca90a{ip: 192.168.5.181, host: trunk-nightly-q2gwj-1111726333, networkLocation: /default-rack, certSerialId: null}, Type:RATIS, Factor:ONE, State:OPEN]
2019-07-13 12:38:24,541 INFO  pipeline.PipelineStateManager (PipelineStateManager.java:finalizePipeline(123)) - Pipeline Pipeline[ Id: c043720b-d34c-4b7c-972f-e81a512945ab, Nodes: e0870b50-7f1f-4929-aa53-41061bdca90a{ip: 192.168.5.181, host: trunk-nightly-q2gwj-1111726333, networkLocation: /default-rack, certSerialId: null}, Type:RATIS, Factor:ONE, State:CLOSED] moved to CLOSED state
2019-07-13 12:38:24,967 INFO  ozoneimpl.OzoneContainer (OzoneContainer.java:stop(199)) - Attempting to stop container services.
2019-07-13 12:38:24,967 INFO  impl.RaftServerProxy (RaftServerProxy.java:lambda$close$4(314)) - 0060b7bc-ea9e-4147-af06-f5d82aee6d2a: close
2019-07-13 12:38:24,967 INFO  ozoneimpl.OzoneContainer (OzoneContainer.java:stop(199)) - Attempting to stop container services.
2019-07-13 12:38:24,967 INFO  impl.RaftServerImpl (RaftServerImpl.java:lambda$shutdown$3(245)) - 0060b7bc-ea9e-4147-af06-f5d82aee6d2a: shutdown group-ABEE91404A19
2019-07-13 12:38:24,968 INFO  impl.RaftServerProxy (RaftServerProxy.java:lambda$close$4(314)) - e0870b50-7f1f-4929-aa53-41061bdca90a: close
2019-07-13 12:38:24,968 INFO  util.JmxRegister (JmxRegister.java:unregister(73)) - Successfully un-registered JMX Bean with object name Ratis:service=RaftServer,group=group-ABEE91404A19,id=0060b7bc-ea9e-4147-af06-f5d82aee6d2a
2019-07-13 12:38:24,969 INFO  impl.RaftServerImpl (RaftServerImpl.java:lambda$shutdown$3(245)) - e0870b50-7f1f-4929-aa53-41061bdca90a: shutdown group-E81A512945AB
2019-07-13 12:38:24,969 INFO  util.JmxRegister (JmxRegister.java:unregister(73)) - Successfully un-registered JMX Bean with object name Ratis:service=RaftServer,group=group-E81A512945AB,id=e0870b50-7f1f-4929-aa53-41061bdca90a
2019-07-13 12:38:24,970 INFO  impl.RoleInfo (RoleInfo.java:shutdownLeaderState(104)) - e0870b50-7f1f-4929-aa53-41061bdca90a: shutdown LeaderState
2019-07-13 12:38:24,969 INFO  impl.RoleInfo (RoleInfo.java:shutdownLeaderState(104)) - 0060b7bc-ea9e-4147-af06-f5d82aee6d2a: shutdown LeaderState
2019-07-13 12:38:24,970 INFO  impl.PendingRequests (PendingRequests.java:sendNotLeaderResponses(202)) - e0870b50-7f1f-4929-aa53-41061bdca90a-PendingRequests: sendNotLeaderResponses
2019-07-13 12:38:24,971 INFO  impl.PendingRequests (PendingRequests.java:sendNotLeaderResponses(202)) - 0060b7bc-ea9e-4147-af06-f5d82aee6d2a-PendingRequests: sendNotLeaderResponses
2019-07-13 12:38:24,971 INFO  ratis.ContainerStateMachine (ContainerStateMachine.java:takeSnapshot(246)) - Taking snapshot at termIndex:(t:0, i:~)
2019-07-13 12:38:24,972 INFO  ratis.ContainerStateMachine (ContainerStateMachine.java:takeSnapshot(246)) - Taking snapshot at termIndex:(t:0, i:~)
2019-07-13 12:38:24,971 INFO  impl.StateMachineUpdater (StateMachineUpdater.java:stopAndJoin(115)) - StateMachineUpdater:e0870b50-7f1f-4929-aa53-41061bdca90a:group-E81A512945AB: set stopIndex = 0
2019-07-13 12:38:24,972 INFO  impl.RaftServerImpl (ServerState.java:close(394)) - e0870b50-7f1f-4929-aa53-41061bdca90a:group-E81A512945AB closes. The last applied log index is 0
2019-07-13 12:38:24,972 INFO  impl.StateMachineUpdater (StateMachineUpdater.java:stopAndJoin(115)) - StateMachineUpdater:0060b7bc-ea9e-4147-af06-f5d82aee6d2a:group-ABEE91404A19: set stopIndex = 0
2019-07-13 12:38:24,973 INFO  impl.RaftServerImpl (ServerState.java:close(394)) - 0060b7bc-ea9e-4147-af06-f5d82aee6d2a:group-ABEE91404A19 closes. The last applied log index is 0
2019-07-13 12:38:24,973 INFO  segmented.SegmentedRaftLogWorker (SegmentedRaftLogWorker.java:run(313)) - e0870b50-7f1f-4929-aa53-41061bdca90a-SegmentedRaftLogWorker:Storage Directory /tmp/workdir/hadoop-ozone/integration-test/target/test-dir/MiniOzoneClusterImpl-dd177095-6ff0-4c98-92dc-be788b95eaac/datanode-6/data/ratis/c043720b-d34c-4b7c-972f-e81a512945ab was interrupted, exiting. There are 0 tasks remaining in the queue.
2019-07-13 12:38:24,974 INFO  segmented.SegmentedRaftLogWorker (SegmentedRaftLogWorker.java:run(313)) - 0060b7bc-ea9e-4147-af06-f5d82aee6d2a-SegmentedRaftLogWorker:Storage Directory /tmp/workdir/hadoop-ozone/integration-test/target/test-dir/MiniOzoneClusterImpl-dd177095-6ff0-4c98-92dc-be788b95eaac/datanode-0/data/ratis/133fe08f-fd72-4582-9cb0-abee91404a19 was interrupted, exiting. There are 0 tasks remaining in the queue.
2019-07-13 12:38:24,974 INFO  segmented.SegmentedRaftLogWorker (SegmentedRaftLogWorker.java:close(228)) - e0870b50-7f1f-4929-aa53-41061bdca90a-SegmentedRaftLogWorker:Storage Directory /tmp/workdir/hadoop-ozone/integration-test/target/test-dir/MiniOzoneClusterImpl-dd177095-6ff0-4c98-92dc-be788b95eaac/datanode-6/data/ratis/c043720b-d34c-4b7c-972f-e81a512945ab close()
2019-07-13 12:38:24,974 INFO  segmented.SegmentedRaftLogWorker (SegmentedRaftLogWorker.java:close(228)) - 0060b7bc-ea9e-4147-af06-f5d82aee6d2a-SegmentedRaftLogWorker:Storage Directory /tmp/workdir/hadoop-ozone/integration-test/target/test-dir/MiniOzoneClusterImpl-dd177095-6ff0-4c98-92dc-be788b95eaac/datanode-0/data/ratis/133fe08f-fd72-4582-9cb0-abee91404a19 close()
2019-07-13 12:38:24,977 INFO  server.GrpcService (GrpcService.java:closeImpl(155)) - e0870b50-7f1f-4929-aa53-41061bdca90a: shutdown server with port 43871 now
2019-07-13 12:38:24,979 INFO  impl.RaftServerImpl (RaftServerImpl.java:lambda$shutdown$3(245)) - 0060b7bc-ea9e-4147-af06-f5d82aee6d2a: shutdown group-FAC3D59B9B49
2019-07-13 12:38:24,982 INFO  server.GrpcService (GrpcService.java:closeImpl(163)) - e0870b50-7f1f-4929-aa53-41061bdca90a: shutdown server with port 43871 successfully
2019-07-13 12:38:24,982 INFO  util.JmxRegister (JmxRegister.java:unregister(73)) - Successfully un-registered JMX Bean with object name Ratis:service=RaftServer,group=group-FAC3D59B9B49,id=0060b7bc-ea9e-4147-af06-f5d82aee6d2a
2019-07-13 12:38:24,983 INFO  impl.RoleInfo (RoleInfo.java:shutdownLeaderState(104)) - 0060b7bc-ea9e-4147-af06-f5d82aee6d2a: shutdown LeaderState
2019-07-13 12:38:24,987 INFO  impl.PendingRequests (PendingRequests.java:sendNotLeaderResponses(202)) - 0060b7bc-ea9e-4147-af06-f5d82aee6d2a-PendingRequests: sendNotLeaderResponses
2019-07-13 12:38:24,987 WARN  server.GrpcLogAppender (GrpcLogAppender.java:mayWait(143)) - GrpcLogAppender(0060b7bc-ea9e-4147-af06-f5d82aee6d2a->f4729627-52ae-443d-9e71-f0640918618c): Wait interrupted by java.lang.InterruptedException
2019-07-13 12:38:24,987 INFO  ratis.ContainerStateMachine (ContainerStateMachine.java:takeSnapshot(246)) - Taking snapshot at termIndex:(t:0, i:~)
2019-07-13 12:38:24,987 WARN  server.GrpcLogAppender (GrpcLogAppender.java:mayWait(143)) - GrpcLogAppender(0060b7bc-ea9e-4147-af06-f5d82aee6d2a->9a847b5d-0baa-4d17-ab8a-ac0eb0817957): Wait interrupted by java.lang.InterruptedException
2019-07-13 12:38:24,987 INFO  impl.StateMachineUpdater (StateMachineUpdater.java:stopAndJoin(115)) - StateMachineUpdater:0060b7bc-ea9e-4147-af06-f5d82aee6d2a:group-FAC3D59B9B49: set stopIndex = 0
2019-07-13 12:38:24,988 INFO  impl.RaftServerImpl (ServerState.java:close(394)) - 0060b7bc-ea9e-4147-af06-f5d82aee6d2a:group-FAC3D59B9B49 closes. The last applied log index is 0
2019-07-13 12:38:24,988 INFO  segmented.SegmentedRaftLogWorker (SegmentedRaftLogWorker.java:run(313)) - 0060b7bc-ea9e-4147-af06-f5d82aee6d2a-SegmentedRaftLogWorker:Storage Directory /tmp/workdir/hadoop-ozone/integration-test/target/test-dir/MiniOzoneClusterImpl-dd177095-6ff0-4c98-92dc-be788b95eaac/datanode-0/data/ratis/47facfb5-b8d9-4440-926f-fac3d59b9b49 was interrupted, exiting. There are 0 tasks remaining in the queue.
2019-07-13 12:38:24,989 INFO  segmented.SegmentedRaftLogWorker (SegmentedRaftLogWorker.java:close(228)) - 0060b7bc-ea9e-4147-af06-f5d82aee6d2a-SegmentedRaftLogWorker:Storage Directory /tmp/workdir/hadoop-ozone/integration-test/target/test-dir/MiniOzoneClusterImpl-dd177095-6ff0-4c98-92dc-be788b95eaac/datanode-0/data/ratis/47facfb5-b8d9-4440-926f-fac3d59b9b49 close()
2019-07-13 12:38:24,991 INFO  server.GrpcService (GrpcService.java:closeImpl(155)) - 0060b7bc-ea9e-4147-af06-f5d82aee6d2a: shutdown server with port 44294 now
2019-07-13 12:38:24,991 INFO  utils.BackgroundService (BackgroundService.java:shutdown(148)) - Shutting down service BlockDeletingService
2019-07-13 12:38:24,992 INFO  server.GrpcService (GrpcService.java:closeImpl(163)) - 0060b7bc-ea9e-4147-af06-f5d82aee6d2a: shutdown server with port 44294 successfully
2019-07-13 12:38:24,994 WARN  fs.CachingGetSpaceUsed (CachingGetSpaceUsed.java:run(183)) - Thread Interrupted waiting to refresh disk information: sleep interrupted
2019-07-13 12:38:24,995 INFO  utils.BackgroundService (BackgroundService.java:shutdown(148)) - Shutting down service BlockDeletingService
2019-07-13 12:38:24,997 WARN  fs.CachingGetSpaceUsed (CachingGetSpaceUsed.java:run(183)) - Thread Interrupted waiting to refresh disk information: sleep interrupted
2019-07-13 12:38:25,015 INFO  statemachine.DatanodeStateMachine (DatanodeStateMachine.java:stopDaemon(395)) - Ozone container server stopped.
2019-07-13 12:38:25,020 INFO  statemachine.DatanodeStateMachine (DatanodeStateMachine.java:stopDaemon(395)) - Ozone container server stopped.
2019-07-13 12:38:25,032 INFO  handler.ContextHandler (ContextHandler.java:doStop(910)) - Stopped o.e.j.w.WebAppContext@6a5c67cf{/,null,UNAVAILABLE}{/hddsDatanode}
2019-07-13 12:38:25,032 INFO  handler.ContextHandler (ContextHandler.java:doStop(910)) - Stopped o.e.j.w.WebAppContext@2110b756{/,null,UNAVAILABLE}{/hddsDatanode}
2019-07-13 12:38:25,033 INFO  server.AbstractConnector (AbstractConnector.java:doStop(318)) - Stopped ServerConnector@26db1100{HTTP/1.1,[http/1.1]}{0.0.0.0:0}
2019-07-13 12:38:25,033 INFO  server.AbstractConnector (AbstractConnector.java:doStop(318)) - Stopped ServerConnector@33e09baf{HTTP/1.1,[http/1.1]}{0.0.0.0:0}
2019-07-13 12:38:25,033 INFO  handler.ContextHandler (ContextHandler.java:doStop(910)) - Stopped o.e.j.s.ServletContextHandler@120f441c{/static,jar:file:/home/user/.m2/repository/org/apache/hadoop/hadoop-hdds-container-service/0.5.0-SNAPSHOT/hadoop-hdds-container-service-0.5.0-SNAPSHOT.jar!/webapps/static,UNAVAILABLE}
2019-07-13 12:38:25,035 INFO  handler.ContextHandler (ContextHandler.java:doStop(910)) - Stopped o.e.j.s.ServletContextHandler@5c863996{/static,jar:file:/home/user/.m2/repository/org/apache/hadoop/hadoop-hdds-container-service/0.5.0-SNAPSHOT/hadoop-hdds-container-service-0.5.0-SNAPSHOT.jar!/webapps/static,UNAVAILABLE}
2019-07-13 12:38:25,035 INFO  handler.ContextHandler (ContextHandler.java:doStop(910)) - Stopped o.e.j.s.ServletContextHandler@7bce016c{/logs,file:///tmp/workdir/hadoop-ozone/integration-test/target/log,UNAVAILABLE}
2019-07-13 12:38:25,037 INFO  handler.ContextHandler (ContextHandler.java:doStop(910)) - Stopped o.e.j.s.ServletContextHandler@5080c40e{/logs,file:///tmp/workdir/hadoop-ozone/integration-test/target/log,UNAVAILABLE}
2019-07-13 12:38:25,038 INFO  datanode.ObjectStoreHandler (ObjectStoreHandler.java:close(155)) - Closing ObjectStoreHandler.
2019-07-13 12:38:25,038 INFO  ozone.HddsDatanodeService (HddsDatanodeService.java:stop(452)) - Stopped plug-in org.apache.hadoop.ozone.web.OzoneHddsDatanodeService@689f60ea
2019-07-13 12:38:25,610 INFO  statemachine.DatanodeStateMachine (DatanodeStateMachine.java:lambda$startDaemon$0(350)) - Ozone container server started.
2019-07-13 12:38:27,789 INFO  impl.FollowerState (FollowerState.java:run(106)) - 995671c8-c505-460c-a857-f81a18c3367d:group-8A67D76BECB8 changes to CANDIDATE, lastRpcTime:5159, electionTimeout:5159ms
2019-07-13 12:38:27,789 INFO  impl.RoleInfo (RoleInfo.java:shutdownFollowerState(121)) - 995671c8-c505-460c-a857-f81a18c3367d: shutdown FollowerState
2019-07-13 12:38:27,789 INFO  impl.RaftServerImpl (RaftServerImpl.java:setRole(171)) - 995671c8-c505-460c-a857-f81a18c3367d:group-8A67D76BECB8 changes role from FOLLOWER to CANDIDATE at term 2 for changeToCandidate
2019-07-13 12:38:27,790 INFO  impl.RoleInfo (RoleInfo.java:updateAndGet(143)) - 995671c8-c505-460c-a857-f81a18c3367d: start LeaderElection
2019-07-13 12:38:27,806 INFO  impl.LeaderElection (LeaderElection.java:askForVotes(181)) - 995671c8-c505-460c-a857-f81a18c3367d:group-8A67D76BECB8:LeaderElection105: begin an election at term 3 for 0: [995671c8-c505-460c-a857-f81a18c3367d:192.168.5.181:43985, 1bc21d47-9841-49b0-bf99-53eb7135dcbc:192.168.5.181:45620, 793ede1c-9cc0-400c-868a-e5201be0542d:192.168.5.181:45615], old=null
2019-07-13 12:38:27,807 INFO  impl.LeaderElection (LogUtils.java:infoOrTrace(149)) - 995671c8-c505-460c-a857-f81a18c3367d:group-8A67D76BECB8:LeaderElection105 got exception when requesting votes: {}
java.util.concurrent.ExecutionException: org.apache.ratis.thirdparty.io.grpc.StatusRuntimeException: UNAVAILABLE: io exception
	at java.util.concurrent.FutureTask.report(FutureTask.java:122)
	at java.util.concurrent.FutureTask.get(FutureTask.java:192)
	at org.apache.ratis.server.impl.LeaderElection.waitForResults(LeaderElection.java:262)
	at org.apache.ratis.server.impl.LeaderElection.askForVotes(LeaderElection.java:200)
	at org.apache.ratis.server.impl.LeaderElection.run(LeaderElection.java:130)
	at java.lang.Thread.run(Thread.java:748)
Caused by: org.apache.ratis.thirdparty.io.grpc.StatusRuntimeException: UNAVAILABLE: io exception
	at org.apache.ratis.thirdparty.io.grpc.stub.ClientCalls.toStatusRuntimeException(ClientCalls.java:233)
	at org.apache.ratis.thirdparty.io.grpc.stub.ClientCalls.getUnchecked(ClientCalls.java:214)
	at org.apache.ratis.thirdparty.io.grpc.stub.ClientCalls.blockingUnaryCall(ClientCalls.java:139)
	at org.apache.ratis.proto.grpc.RaftServerProtocolServiceGrpc$RaftServerProtocolServiceBlockingStub.requestVote(RaftServerProtocolServiceGrpc.java:265)
	at org.apache.ratis.grpc.server.GrpcServerProtocolClient.requestVote(GrpcServerProtocolClient.java:83)
	at org.apache.ratis.grpc.server.GrpcService.requestVote(GrpcService.java:195)
	at org.apache.ratis.server.impl.LeaderElection.lambda$submitRequests$1(LeaderElection.java:237)
	at java.util.concurrent.FutureTask.run(FutureTask.java:266)
	at java.util.concurrent.Executors$RunnableAdapter.call(Executors.java:511)
	at java.util.concurrent.FutureTask.run(FutureTask.java:266)
	at java.util.concurrent.ThreadPoolExecutor.runWorker(ThreadPoolExecutor.java:1149)
	at java.util.concurrent.ThreadPoolExecutor$Worker.run(ThreadPoolExecutor.java:624)
	... 1 more
Caused by: org.apache.ratis.thirdparty.io.netty.channel.AbstractChannel$AnnotatedConnectException: Connection refused: /192.168.5.181:45620
	at sun.nio.ch.SocketChannelImpl.checkConnect(Native Method)
	at sun.nio.ch.SocketChannelImpl.finishConnect(SocketChannelImpl.java:717)
	at org.apache.ratis.thirdparty.io.netty.channel.socket.nio.NioSocketChannel.doFinishConnect(NioSocketChannel.java:327)
	at org.apache.ratis.thirdparty.io.netty.channel.nio.AbstractNioChannel$AbstractNioUnsafe.finishConnect(AbstractNioChannel.java:340)
	at org.apache.ratis.thirdparty.io.netty.channel.nio.NioEventLoop.processSelectedKey(NioEventLoop.java:632)
	at org.apache.ratis.thirdparty.io.netty.channel.nio.NioEventLoop.processSelectedKeysOptimized(NioEventLoop.java:579)
	at org.apache.ratis.thirdparty.io.netty.channel.nio.NioEventLoop.processSelectedKeys(NioEventLoop.java:496)
	at org.apache.ratis.thirdparty.io.netty.channel.nio.NioEventLoop.run(NioEventLoop.java:458)
	at org.apache.ratis.thirdparty.io.netty.util.concurrent.SingleThreadEventExecutor$5.run(SingleThreadEventExecutor.java:897)
	at org.apache.ratis.thirdparty.io.netty.util.concurrent.FastThreadLocalRunnable.run(FastThreadLocalRunnable.java:30)
	... 1 more
Caused by: java.net.ConnectException: Connection refused
	... 11 more
2019-07-13 12:38:27,809 INFO  impl.LeaderElection (LogUtils.java:infoOrTrace(149)) - 995671c8-c505-460c-a857-f81a18c3367d:group-8A67D76BECB8:LeaderElection105 got exception when requesting votes: {}
java.util.concurrent.ExecutionException: org.apache.ratis.thirdparty.io.grpc.StatusRuntimeException: UNAVAILABLE: io exception
	at java.util.concurrent.FutureTask.report(FutureTask.java:122)
	at java.util.concurrent.FutureTask.get(FutureTask.java:192)
	at org.apache.ratis.server.impl.LeaderElection.waitForResults(LeaderElection.java:262)
	at org.apache.ratis.server.impl.LeaderElection.askForVotes(LeaderElection.java:200)
	at org.apache.ratis.server.impl.LeaderElection.run(LeaderElection.java:130)
	at java.lang.Thread.run(Thread.java:748)
Caused by: org.apache.ratis.thirdparty.io.grpc.StatusRuntimeException: UNAVAILABLE: io exception
	at org.apache.ratis.thirdparty.io.grpc.stub.ClientCalls.toStatusRuntimeException(ClientCalls.java:233)
	at org.apache.ratis.thirdparty.io.grpc.stub.ClientCalls.getUnchecked(ClientCalls.java:214)
	at org.apache.ratis.thirdparty.io.grpc.stub.ClientCalls.blockingUnaryCall(ClientCalls.java:139)
	at org.apache.ratis.proto.grpc.RaftServerProtocolServiceGrpc$RaftServerProtocolServiceBlockingStub.requestVote(RaftServerProtocolServiceGrpc.java:265)
	at org.apache.ratis.grpc.server.GrpcServerProtocolClient.requestVote(GrpcServerProtocolClient.java:83)
	at org.apache.ratis.grpc.server.GrpcService.requestVote(GrpcService.java:195)
	at org.apache.ratis.server.impl.LeaderElection.lambda$submitRequests$1(LeaderElection.java:237)
	at java.util.concurrent.FutureTask.run(FutureTask.java:266)
	at java.util.concurrent.Executors$RunnableAdapter.call(Executors.java:511)
	at java.util.concurrent.FutureTask.run(FutureTask.java:266)
	at java.util.concurrent.ThreadPoolExecutor.runWorker(ThreadPoolExecutor.java:1149)
	at java.util.concurrent.ThreadPoolExecutor$Worker.run(ThreadPoolExecutor.java:624)
	... 1 more
Caused by: org.apache.ratis.thirdparty.io.netty.channel.AbstractChannel$AnnotatedConnectException: Connection refused: /192.168.5.181:45615
	at sun.nio.ch.SocketChannelImpl.checkConnect(Native Method)
	at sun.nio.ch.SocketChannelImpl.finishConnect(SocketChannelImpl.java:717)
	at org.apache.ratis.thirdparty.io.netty.channel.socket.nio.NioSocketChannel.doFinishConnect(NioSocketChannel.java:327)
	at org.apache.ratis.thirdparty.io.netty.channel.nio.AbstractNioChannel$AbstractNioUnsafe.finishConnect(AbstractNioChannel.java:340)
	at org.apache.ratis.thirdparty.io.netty.channel.nio.NioEventLoop.processSelectedKey(NioEventLoop.java:632)
	at org.apache.ratis.thirdparty.io.netty.channel.nio.NioEventLoop.processSelectedKeysOptimized(NioEventLoop.java:579)
	at org.apache.ratis.thirdparty.io.netty.channel.nio.NioEventLoop.processSelectedKeys(NioEventLoop.java:496)
	at org.apache.ratis.thirdparty.io.netty.channel.nio.NioEventLoop.run(NioEventLoop.java:458)
	at org.apache.ratis.thirdparty.io.netty.util.concurrent.SingleThreadEventExecutor$5.run(SingleThreadEventExecutor.java:897)
	at org.apache.ratis.thirdparty.io.netty.util.concurrent.FastThreadLocalRunnable.run(FastThreadLocalRunnable.java:30)
	... 1 more
Caused by: java.net.ConnectException: Connection refused
	... 11 more
2019-07-13 12:38:27,810 INFO  impl.LeaderElection (LeaderElection.java:logAndReturn(56)) - 995671c8-c505-460c-a857-f81a18c3367d:group-8A67D76BECB8:LeaderElection105: Election REJECTED; received 0 response(s) [] and 2 exception(s); 995671c8-c505-460c-a857-f81a18c3367d:t3, leader=null, voted=995671c8-c505-460c-a857-f81a18c3367d, raftlog=995671c8-c505-460c-a857-f81a18c3367d-SegmentedRaftLog:OPENED:c34,f34,i34, conf=0: [995671c8-c505-460c-a857-f81a18c3367d:192.168.5.181:43985, 1bc21d47-9841-49b0-bf99-53eb7135dcbc:192.168.5.181:45620, 793ede1c-9cc0-400c-868a-e5201be0542d:192.168.5.181:45615], old=null
2019-07-13 12:38:27,811 INFO  impl.LeaderElection (LogUtils.java:infoOrTrace(149)) -   Exception 0: {}
java.util.concurrent.ExecutionException: org.apache.ratis.thirdparty.io.grpc.StatusRuntimeException: UNAVAILABLE: io exception
	at java.util.concurrent.FutureTask.report(FutureTask.java:122)
	at java.util.concurrent.FutureTask.get(FutureTask.java:192)
	at org.apache.ratis.server.impl.LeaderElection.waitForResults(LeaderElection.java:262)
	at org.apache.ratis.server.impl.LeaderElection.askForVotes(LeaderElection.java:200)
	at org.apache.ratis.server.impl.LeaderElection.run(LeaderElection.java:130)
	at java.lang.Thread.run(Thread.java:748)
Caused by: org.apache.ratis.thirdparty.io.grpc.StatusRuntimeException: UNAVAILABLE: io exception
	at org.apache.ratis.thirdparty.io.grpc.stub.ClientCalls.toStatusRuntimeException(ClientCalls.java:233)
	at org.apache.ratis.thirdparty.io.grpc.stub.ClientCalls.getUnchecked(ClientCalls.java:214)
	at org.apache.ratis.thirdparty.io.grpc.stub.ClientCalls.blockingUnaryCall(ClientCalls.java:139)
	at org.apache.ratis.proto.grpc.RaftServerProtocolServiceGrpc$RaftServerProtocolServiceBlockingStub.requestVote(RaftServerProtocolServiceGrpc.java:265)
	at org.apache.ratis.grpc.server.GrpcServerProtocolClient.requestVote(GrpcServerProtocolClient.java:83)
	at org.apache.ratis.grpc.server.GrpcService.requestVote(GrpcService.java:195)
	at org.apache.ratis.server.impl.LeaderElection.lambda$submitRequests$1(LeaderElection.java:237)
	at java.util.concurrent.FutureTask.run(FutureTask.java:266)
	at java.util.concurrent.Executors$RunnableAdapter.call(Executors.java:511)
	at java.util.concurrent.FutureTask.run(FutureTask.java:266)
	at java.util.concurrent.ThreadPoolExecutor.runWorker(ThreadPoolExecutor.java:1149)
	at java.util.concurrent.ThreadPoolExecutor$Worker.run(ThreadPoolExecutor.java:624)
	... 1 more
Caused by: org.apache.ratis.thirdparty.io.netty.channel.AbstractChannel$AnnotatedConnectException: Connection refused: /192.168.5.181:45620
	at sun.nio.ch.SocketChannelImpl.checkConnect(Native Method)
	at sun.nio.ch.SocketChannelImpl.finishConnect(SocketChannelImpl.java:717)
	at org.apache.ratis.thirdparty.io.netty.channel.socket.nio.NioSocketChannel.doFinishConnect(NioSocketChannel.java:327)
	at org.apache.ratis.thirdparty.io.netty.channel.nio.AbstractNioChannel$AbstractNioUnsafe.finishConnect(AbstractNioChannel.java:340)
	at org.apache.ratis.thirdparty.io.netty.channel.nio.NioEventLoop.processSelectedKey(NioEventLoop.java:632)
	at org.apache.ratis.thirdparty.io.netty.channel.nio.NioEventLoop.processSelectedKeysOptimized(NioEventLoop.java:579)
	at org.apache.ratis.thirdparty.io.netty.channel.nio.NioEventLoop.processSelectedKeys(NioEventLoop.java:496)
	at org.apache.ratis.thirdparty.io.netty.channel.nio.NioEventLoop.run(NioEventLoop.java:458)
	at org.apache.ratis.thirdparty.io.netty.util.concurrent.SingleThreadEventExecutor$5.run(SingleThreadEventExecutor.java:897)
	at org.apache.ratis.thirdparty.io.netty.util.concurrent.FastThreadLocalRunnable.run(FastThreadLocalRunnable.java:30)
	... 1 more
Caused by: java.net.ConnectException: Connection refused
	... 11 more
2019-07-13 12:38:27,811 INFO  impl.LeaderElection (LogUtils.java:infoOrTrace(149)) -   Exception 1: {}
java.util.concurrent.ExecutionException: org.apache.ratis.thirdparty.io.grpc.StatusRuntimeException: UNAVAILABLE: io exception
	at java.util.concurrent.FutureTask.report(FutureTask.java:122)
	at java.util.concurrent.FutureTask.get(FutureTask.java:192)
	at org.apache.ratis.server.impl.LeaderElection.waitForResults(LeaderElection.java:262)
	at org.apache.ratis.server.impl.LeaderElection.askForVotes(LeaderElection.java:200)
	at org.apache.ratis.server.impl.LeaderElection.run(LeaderElection.java:130)
	at java.lang.Thread.run(Thread.java:748)
Caused by: org.apache.ratis.thirdparty.io.grpc.StatusRuntimeException: UNAVAILABLE: io exception
	at org.apache.ratis.thirdparty.io.grpc.stub.ClientCalls.toStatusRuntimeException(ClientCalls.java:233)
	at org.apache.ratis.thirdparty.io.grpc.stub.ClientCalls.getUnchecked(ClientCalls.java:214)
	at org.apache.ratis.thirdparty.io.grpc.stub.ClientCalls.blockingUnaryCall(ClientCalls.java:139)
	at org.apache.ratis.proto.grpc.RaftServerProtocolServiceGrpc$RaftServerProtocolServiceBlockingStub.requestVote(RaftServerProtocolServiceGrpc.java:265)
	at org.apache.ratis.grpc.server.GrpcServerProtocolClient.requestVote(GrpcServerProtocolClient.java:83)
	at org.apache.ratis.grpc.server.GrpcService.requestVote(GrpcService.java:195)
	at org.apache.ratis.server.impl.LeaderElection.lambda$submitRequests$1(LeaderElection.java:237)
	at java.util.concurrent.FutureTask.run(FutureTask.java:266)
	at java.util.concurrent.Executors$RunnableAdapter.call(Executors.java:511)
	at java.util.concurrent.FutureTask.run(FutureTask.java:266)
	at java.util.concurrent.ThreadPoolExecutor.runWorker(ThreadPoolExecutor.java:1149)
	at java.util.concurrent.ThreadPoolExecutor$Worker.run(ThreadPoolExecutor.java:624)
	... 1 more
Caused by: org.apache.ratis.thirdparty.io.netty.channel.AbstractChannel$AnnotatedConnectException: Connection refused: /192.168.5.181:45615
	at sun.nio.ch.SocketChannelImpl.checkConnect(Native Method)
	at sun.nio.ch.SocketChannelImpl.finishConnect(SocketChannelImpl.java:717)
	at org.apache.ratis.thirdparty.io.netty.channel.socket.nio.NioSocketChannel.doFinishConnect(NioSocketChannel.java:327)
	at org.apache.ratis.thirdparty.io.netty.channel.nio.AbstractNioChannel$AbstractNioUnsafe.finishConnect(AbstractNioChannel.java:340)
	at org.apache.ratis.thirdparty.io.netty.channel.nio.NioEventLoop.processSelectedKey(NioEventLoop.java:632)
	at org.apache.ratis.thirdparty.io.netty.channel.nio.NioEventLoop.processSelectedKeysOptimized(NioEventLoop.java:579)
	at org.apache.ratis.thirdparty.io.netty.channel.nio.NioEventLoop.processSelectedKeys(NioEventLoop.java:496)
	at org.apache.ratis.thirdparty.io.netty.channel.nio.NioEventLoop.run(NioEventLoop.java:458)
	at org.apache.ratis.thirdparty.io.netty.util.concurrent.SingleThreadEventExecutor$5.run(SingleThreadEventExecutor.java:897)
	at org.apache.ratis.thirdparty.io.netty.util.concurrent.FastThreadLocalRunnable.run(FastThreadLocalRunnable.java:30)
	... 1 more
Caused by: java.net.ConnectException: Connection refused
	... 11 more
2019-07-13 12:38:27,811 INFO  impl.RaftServerImpl (RaftServerImpl.java:setRole(171)) - 995671c8-c505-460c-a857-f81a18c3367d:group-8A67D76BECB8 changes role from CANDIDATE to FOLLOWER at term 3 for DISCOVERED_A_NEW_TERM
2019-07-13 12:38:27,811 INFO  impl.RoleInfo (RoleInfo.java:shutdownLeaderElection(134)) - 995671c8-c505-460c-a857-f81a18c3367d: shutdown LeaderElection
2019-07-13 12:38:27,811 INFO  impl.RoleInfo (RoleInfo.java:updateAndGet(143)) - 995671c8-c505-460c-a857-f81a18c3367d: start FollowerState
2019-07-13 12:38:29,648 INFO  node.StaleNodeHandler (StaleNodeHandler.java:onMessage(58)) - Datanode 995671c8-c505-460c-a857-f81a18c3367d{ip: 192.168.5.181, host: trunk-nightly-q2gwj-1111726333, networkLocation: /default-rack, certSerialId: null} moved to stale state. Finalizing its pipelines [PipelineID=cea7f20e-ff2d-4646-9bf5-8a67d76becb8, PipelineID=a85557e8-7137-4cdb-b253-b611fd7a82b5]
2019-07-13 12:38:29,648 INFO  pipeline.SCMPipelineManager (SCMPipelineManager.java:finalizeAndDestroyPipeline(309)) - destroying pipeline:Pipeline[ Id: cea7f20e-ff2d-4646-9bf5-8a67d76becb8, Nodes: 995671c8-c505-460c-a857-f81a18c3367d{ip: 192.168.5.181, host: trunk-nightly-q2gwj-1111726333, networkLocation: /default-rack, certSerialId: null}793ede1c-9cc0-400c-868a-e5201be0542d{ip: 192.168.5.181, host: trunk-nightly-q2gwj-1111726333, networkLocation: /default-rack, certSerialId: null}1bc21d47-9841-49b0-bf99-53eb7135dcbc{ip: 192.168.5.181, host: trunk-nightly-q2gwj-1111726333, networkLocation: /default-rack, certSerialId: null}, Type:RATIS, Factor:THREE, State:CLOSED]
2019-07-13 12:38:29,648 INFO  pipeline.SCMPipelineManager (SCMPipelineManager.java:finalizeAndDestroyPipeline(309)) - destroying pipeline:Pipeline[ Id: a85557e8-7137-4cdb-b253-b611fd7a82b5, Nodes: 995671c8-c505-460c-a857-f81a18c3367d{ip: 192.168.5.181, host: trunk-nightly-q2gwj-1111726333, networkLocation: /default-rack, certSerialId: null}, Type:RATIS, Factor:ONE, State:OPEN]
2019-07-13 12:38:29,648 INFO  pipeline.PipelineStateManager (PipelineStateManager.java:finalizePipeline(123)) - Pipeline Pipeline[ Id: a85557e8-7137-4cdb-b253-b611fd7a82b5, Nodes: 995671c8-c505-460c-a857-f81a18c3367d{ip: 192.168.5.181, host: trunk-nightly-q2gwj-1111726333, networkLocation: /default-rack, certSerialId: null}, Type:RATIS, Factor:ONE, State:CLOSED] moved to CLOSED state
2019-07-13 12:38:30,039 INFO  ozoneimpl.OzoneContainer (OzoneContainer.java:stop(199)) - Attempting to stop container services.
2019-07-13 12:38:30,040 INFO  impl.RaftServerProxy (RaftServerProxy.java:lambda$close$4(314)) - 995671c8-c505-460c-a857-f81a18c3367d: close
2019-07-13 12:38:30,040 INFO  impl.RaftServerImpl (RaftServerImpl.java:lambda$shutdown$3(245)) - 995671c8-c505-460c-a857-f81a18c3367d: shutdown group-8A67D76BECB8
2019-07-13 12:38:30,041 INFO  impl.RaftServerImpl (RaftServerImpl.java:lambda$shutdown$3(245)) - 995671c8-c505-460c-a857-f81a18c3367d: shutdown group-B611FD7A82B5
2019-07-13 12:38:30,041 INFO  util.JmxRegister (JmxRegister.java:unregister(73)) - Successfully un-registered JMX Bean with object name Ratis:service=RaftServer,group=group-8A67D76BECB8,id=995671c8-c505-460c-a857-f81a18c3367d
2019-07-13 12:38:30,041 INFO  util.JmxRegister (JmxRegister.java:unregister(73)) - Successfully un-registered JMX Bean with object name Ratis:service=RaftServer,group=group-B611FD7A82B5,id=995671c8-c505-460c-a857-f81a18c3367d
2019-07-13 12:38:30,041 INFO  impl.RoleInfo (RoleInfo.java:shutdownFollowerState(121)) - 995671c8-c505-460c-a857-f81a18c3367d: shutdown FollowerState
2019-07-13 12:38:30,042 INFO  impl.RoleInfo (RoleInfo.java:shutdownLeaderState(104)) - 995671c8-c505-460c-a857-f81a18c3367d: shutdown LeaderState
2019-07-13 12:38:30,042 INFO  impl.FollowerState (FollowerState.java:run(114)) - 995671c8-c505-460c-a857-f81a18c3367d: FollowerState was interrupted: java.lang.InterruptedException: sleep interrupted
2019-07-13 12:38:30,042 INFO  ratis.ContainerStateMachine (ContainerStateMachine.java:takeSnapshot(246)) - Taking snapshot at termIndex:(t:1, i:32)
2019-07-13 12:38:30,042 INFO  impl.StateMachineUpdater (StateMachineUpdater.java:stopAndJoin(115)) - StateMachineUpdater:995671c8-c505-460c-a857-f81a18c3367d:group-8A67D76BECB8: set stopIndex = 34
2019-07-13 12:38:30,045 INFO  ratis.ContainerStateMachine (ContainerStateMachine.java:takeSnapshot(250)) - Taking a snapshot to file /tmp/workdir/hadoop-ozone/integration-test/target/test-dir/MiniOzoneClusterImpl-dd177095-6ff0-4c98-92dc-be788b95eaac/datanode-5/data/ratis/cea7f20e-ff2d-4646-9bf5-8a67d76becb8/sm/snapshot.1_32
2019-07-13 12:38:30,042 INFO  impl.PendingRequests (PendingRequests.java:sendNotLeaderResponses(202)) - 995671c8-c505-460c-a857-f81a18c3367d-PendingRequests: sendNotLeaderResponses
2019-07-13 12:38:30,046 INFO  impl.StateMachineUpdater (StateMachineUpdater.java:stopAndJoin(115)) - StateMachineUpdater:995671c8-c505-460c-a857-f81a18c3367d:group-B611FD7A82B5: set stopIndex = 0
2019-07-13 12:38:30,046 INFO  ratis.ContainerStateMachine (ContainerStateMachine.java:takeSnapshot(246)) - Taking snapshot at termIndex:(t:0, i:~)
2019-07-13 12:38:30,046 INFO  impl.StateMachineUpdater (StateMachineUpdater.java:takeSnapshot(242)) - StateMachineUpdater:995671c8-c505-460c-a857-f81a18c3367d:group-8A67D76BECB8: Took a snapshot at index 32
2019-07-13 12:38:30,046 INFO  impl.RaftServerImpl (ServerState.java:close(394)) - 995671c8-c505-460c-a857-f81a18c3367d:group-B611FD7A82B5 closes. The last applied log index is 0
2019-07-13 12:38:30,047 INFO  impl.StateMachineUpdater (StateMachineUpdater.java:lambda$new$0(80)) - StateMachineUpdater:995671c8-c505-460c-a857-f81a18c3367d:group-8A67D76BECB8: snapshotIndex: updateIncreasingly -1 -> 32
2019-07-13 12:38:30,047 INFO  segmented.SegmentedRaftLogWorker (SegmentedRaftLogWorker.java:run(313)) - 995671c8-c505-460c-a857-f81a18c3367d-SegmentedRaftLogWorker:Storage Directory /tmp/workdir/hadoop-ozone/integration-test/target/test-dir/MiniOzoneClusterImpl-dd177095-6ff0-4c98-92dc-be788b95eaac/datanode-5/data/ratis/a85557e8-7137-4cdb-b253-b611fd7a82b5 was interrupted, exiting. There are 0 tasks remaining in the queue.
2019-07-13 12:38:30,047 INFO  impl.RaftServerImpl (ServerState.java:close(394)) - 995671c8-c505-460c-a857-f81a18c3367d:group-8A67D76BECB8 closes. The last applied log index is 34
2019-07-13 12:38:30,047 INFO  segmented.SegmentedRaftLogWorker (SegmentedRaftLogWorker.java:close(228)) - 995671c8-c505-460c-a857-f81a18c3367d-SegmentedRaftLogWorker:Storage Directory /tmp/workdir/hadoop-ozone/integration-test/target/test-dir/MiniOzoneClusterImpl-dd177095-6ff0-4c98-92dc-be788b95eaac/datanode-5/data/ratis/a85557e8-7137-4cdb-b253-b611fd7a82b5 close()
2019-07-13 12:38:30,048 INFO  segmented.SegmentedRaftLogWorker (SegmentedRaftLogWorker.java:run(313)) - 995671c8-c505-460c-a857-f81a18c3367d-SegmentedRaftLogWorker:Storage Directory /tmp/workdir/hadoop-ozone/integration-test/target/test-dir/MiniOzoneClusterImpl-dd177095-6ff0-4c98-92dc-be788b95eaac/datanode-5/data/ratis/cea7f20e-ff2d-4646-9bf5-8a67d76becb8 was interrupted, exiting. There are 0 tasks remaining in the queue.
2019-07-13 12:38:30,049 INFO  segmented.SegmentedRaftLogWorker (SegmentedRaftLogWorker.java:close(228)) - 995671c8-c505-460c-a857-f81a18c3367d-SegmentedRaftLogWorker:Storage Directory /tmp/workdir/hadoop-ozone/integration-test/target/test-dir/MiniOzoneClusterImpl-dd177095-6ff0-4c98-92dc-be788b95eaac/datanode-5/data/ratis/cea7f20e-ff2d-4646-9bf5-8a67d76becb8 close()
2019-07-13 12:38:30,051 INFO  server.GrpcService (GrpcService.java:closeImpl(155)) - 995671c8-c505-460c-a857-f81a18c3367d: shutdown server with port 43985 now
2019-07-13 12:38:30,052 INFO  server.GrpcService (GrpcService.java:closeImpl(163)) - 995671c8-c505-460c-a857-f81a18c3367d: shutdown server with port 43985 successfully
2019-07-13 12:38:30,053 INFO  utils.BackgroundService (BackgroundService.java:shutdown(148)) - Shutting down service BlockDeletingService
2019-07-13 12:38:30,054 WARN  fs.CachingGetSpaceUsed (CachingGetSpaceUsed.java:run(183)) - Thread Interrupted waiting to refresh disk information: sleep interrupted
2019-07-13 12:38:30,070 INFO  statemachine.DatanodeStateMachine (DatanodeStateMachine.java:stopDaemon(395)) - Ozone container server stopped.
2019-07-13 12:38:30,084 INFO  handler.ContextHandler (ContextHandler.java:doStop(910)) - Stopped o.e.j.w.WebAppContext@579e8a7{/,null,UNAVAILABLE}{/hddsDatanode}
2019-07-13 12:38:30,084 INFO  server.AbstractConnector (AbstractConnector.java:doStop(318)) - Stopped ServerConnector@18fa4822{HTTP/1.1,[http/1.1]}{0.0.0.0:0}
2019-07-13 12:38:30,085 INFO  handler.ContextHandler (ContextHandler.java:doStop(910)) - Stopped o.e.j.s.ServletContextHandler@7c8c2d03{/static,jar:file:/home/user/.m2/repository/org/apache/hadoop/hadoop-hdds-container-service/0.5.0-SNAPSHOT/hadoop-hdds-container-service-0.5.0-SNAPSHOT.jar!/webapps/static,UNAVAILABLE}
2019-07-13 12:38:30,085 INFO  handler.ContextHandler (ContextHandler.java:doStop(910)) - Stopped o.e.j.s.ServletContextHandler@75922191{/logs,file:///tmp/workdir/hadoop-ozone/integration-test/target/log,UNAVAILABLE}
2019-07-13 12:38:30,086 INFO  ozone.MiniOzoneClusterImpl (MiniOzoneClusterImpl.java:stop(353)) - Stopping the StorageContainerManager
2019-07-13 12:38:30,086 INFO  server.StorageContainerManager (StorageContainerManager.java:stop(796)) - Stopping Replication Manager Service.
2019-07-13 12:38:30,087 INFO  container.ReplicationManager (ReplicationManager.java:stop(187)) - Stopping Replication Monitor Thread.
2019-07-13 12:38:30,087 INFO  server.StorageContainerManager (StorageContainerManager.java:stop(803)) - Stopping Lease Manager of the command watchers
2019-07-13 12:38:30,087 INFO  server.StorageContainerManager (StorageContainerManager.java:stop(810)) - Stopping datanode service RPC server
2019-07-13 12:38:30,087 INFO  server.SCMDatanodeProtocolServer (SCMDatanodeProtocolServer.java:stop(375)) - Stopping the RPC server for DataNodes
2019-07-13 12:38:30,087 INFO  ipc.Server (Server.java:stop(3082)) - Stopping server on 37194
2019-07-13 12:38:30,089 INFO  ipc.Server (Server.java:run(1185)) - Stopping IPC Server listener on 37194
2019-07-13 12:38:30,089 INFO  ipc.Server (Server.java:run(1319)) - Stopping IPC Server Responder
2019-07-13 12:38:30,149 WARN  node.NodeStateManager (NodeStateManager.java:scheduleNextHealthCheck(631)) - Current Thread is interrupted, shutting down HB processing thread for Node Manager.
2019-07-13 12:38:30,150 INFO  server.StorageContainerManager (StorageContainerManager.java:stop(818)) - Stopping block service RPC server
2019-07-13 12:38:30,150 INFO  server.SCMBlockProtocolServer (SCMBlockProtocolServer.java:stop(148)) - Stopping the RPC server for Block Protocol
2019-07-13 12:38:30,150 INFO  ipc.Server (Server.java:stop(3082)) - Stopping server on 34928
2019-07-13 12:38:30,152 INFO  ipc.Server (Server.java:run(1185)) - Stopping IPC Server listener on 34928
2019-07-13 12:38:30,152 INFO  server.StorageContainerManager (StorageContainerManager.java:stop(825)) - Stopping the StorageContainerLocationProtocol RPC server
2019-07-13 12:38:30,153 INFO  server.SCMClientProtocolServer (SCMClientProtocolServer.java:stop(157)) - Stopping the RPC server for Client Protocol
2019-07-13 12:38:30,154 INFO  ipc.Server (Server.java:stop(3082)) - Stopping server on 45782
2019-07-13 12:38:30,152 INFO  ipc.Server (Server.java:run(1319)) - Stopping IPC Server Responder
2019-07-13 12:38:30,157 INFO  ipc.Server (Server.java:run(1185)) - Stopping IPC Server listener on 45782
2019-07-13 12:38:30,157 INFO  ipc.Server (Server.java:run(1319)) - Stopping IPC Server Responder
2019-07-13 12:38:30,157 INFO  server.StorageContainerManager (StorageContainerManager.java:stop(832)) - Stopping Storage Container Manager HTTP server.
2019-07-13 12:38:30,159 INFO  handler.ContextHandler (ContextHandler.java:doStop(910)) - Stopped o.e.j.w.WebAppContext@95f61c2{/,null,UNAVAILABLE}{/scm}
2019-07-13 12:38:30,160 INFO  server.AbstractConnector (AbstractConnector.java:doStop(318)) - Stopped ServerConnector@2be9425f{HTTP/1.1,[http/1.1]}{0.0.0.0:0}
2019-07-13 12:38:30,160 INFO  handler.ContextHandler (ContextHandler.java:doStop(910)) - Stopped o.e.j.s.ServletContextHandler@45c57dbd{/static,file:///tmp/workdir/hadoop-ozone/integration-test/target/test-classes/webapps/static,UNAVAILABLE}
2019-07-13 12:38:30,160 INFO  handler.ContextHandler (ContextHandler.java:doStop(910)) - Stopped o.e.j.s.ServletContextHandler@19e552a3{/logs,file:///tmp/workdir/hadoop-ozone/integration-test/target/log,UNAVAILABLE}
2019-07-13 12:38:30,161 INFO  server.StorageContainerManager (StorageContainerManager.java:stop(843)) - Stopping Block Manager Service.
2019-07-13 12:38:30,161 INFO  utils.BackgroundService (BackgroundService.java:shutdown(148)) - Shutting down service SCMBlockDeletingService
2019-07-13 12:38:30,162 INFO  utils.BackgroundService (BackgroundService.java:shutdown(148)) - Shutting down service SCMBlockDeletingService
2019-07-13 12:38:30,162 INFO  server.StorageContainerManager (StorageContainerManager.java:stop(865)) - Stopping SCM Event Queue.
2019-07-13 12:38:30,165 INFO  impl.MetricsSystemImpl (MetricsSystemImpl.java:stop(210)) - Stopping HddsDatanode metrics system...
2019-07-13 12:38:30,180 INFO  impl.MetricsSystemImpl (MetricsSystemImpl.java:stop(216)) - HddsDatanode metrics system stopped.
]]></system-out>
    <system-err><![CDATA[Jul 13, 2019 12:37:57 PM com.sun.jersey.server.impl.application.WebApplicationImpl _initiate
INFO: Initiating Jersey application, version 'Jersey: 1.19 02/11/2015 03:25 AM'
Jul 13, 2019 12:37:57 PM com.sun.jersey.server.impl.application.WebApplicationImpl _initiate
INFO: Initiating Jersey application, version 'Jersey: 1.19 02/11/2015 03:25 AM'
Jul 13, 2019 12:37:57 PM com.sun.jersey.server.impl.application.WebApplicationImpl _initiate
INFO: Initiating Jersey application, version 'Jersey: 1.19 02/11/2015 03:25 AM'
Jul 13, 2019 12:37:57 PM com.sun.jersey.server.impl.application.WebApplicationImpl _initiate
INFO: Initiating Jersey application, version 'Jersey: 1.19 02/11/2015 03:25 AM'
Jul 13, 2019 12:37:57 PM com.sun.jersey.server.impl.application.WebApplicationImpl _initiate
INFO: Initiating Jersey application, version 'Jersey: 1.19 02/11/2015 03:25 AM'
Jul 13, 2019 12:37:58 PM com.sun.jersey.server.impl.application.WebApplicationImpl _initiate
INFO: Initiating Jersey application, version 'Jersey: 1.19 02/11/2015 03:25 AM'
Jul 13, 2019 12:37:58 PM com.sun.jersey.server.impl.application.WebApplicationImpl _initiate
INFO: Initiating Jersey application, version 'Jersey: 1.19 02/11/2015 03:25 AM'
Jul 13, 2019 12:37:58 PM org.apache.ratis.thirdparty.io.grpc.internal.ManagedChannelOrphanWrapper$ManagedChannelReference cleanQueue
SEVERE: *~*~*~ Channel ManagedChannelImpl{logId=3307, target=192.168.5.181:38218} was not shutdown properly!!! ~*~*~*
    Make sure to call shutdown()/shutdownNow() and wait until awaitTermination() returns true.
java.lang.RuntimeException: ManagedChannel allocation site
	at org.apache.ratis.thirdparty.io.grpc.internal.ManagedChannelOrphanWrapper$ManagedChannelReference.<init>(ManagedChannelOrphanWrapper.java:103)
	at org.apache.ratis.thirdparty.io.grpc.internal.ManagedChannelOrphanWrapper.<init>(ManagedChannelOrphanWrapper.java:53)
	at org.apache.ratis.thirdparty.io.grpc.internal.ManagedChannelOrphanWrapper.<init>(ManagedChannelOrphanWrapper.java:44)
	at org.apache.ratis.thirdparty.io.grpc.internal.AbstractManagedChannelImplBuilder.build(AbstractManagedChannelImplBuilder.java:411)
	at org.apache.ratis.grpc.client.GrpcClientProtocolClient.<init>(GrpcClientProtocolClient.java:119)
	at org.apache.ratis.grpc.client.GrpcClientRpc.lambda$new$0(GrpcClientRpc.java:55)
	at org.apache.ratis.util.PeerProxyMap$PeerAndProxy.lambda$getProxy$0(PeerProxyMap.java:61)
	at org.apache.ratis.util.LifeCycle.startAndTransition(LifeCycle.java:202)
	at org.apache.ratis.util.PeerProxyMap$PeerAndProxy.getProxy(PeerProxyMap.java:60)
	at org.apache.ratis.util.PeerProxyMap.getProxy(PeerProxyMap.java:107)
	at org.apache.ratis.grpc.client.GrpcClientRpc.sendRequestAsync(GrpcClientRpc.java:66)
	at org.apache.ratis.client.impl.OrderedAsync.sendRequest(OrderedAsync.java:208)
	at org.apache.ratis.client.impl.OrderedAsync.sendRequestWithRetry(OrderedAsync.java:169)
	at org.apache.ratis.util.SlidingWindow$Client.sendOrDelayRequest(SlidingWindow.java:278)
	at org.apache.ratis.util.SlidingWindow$Client.submitNewRequest(SlidingWindow.java:257)
	at org.apache.ratis.client.impl.OrderedAsync.send(OrderedAsync.java:155)
	at org.apache.ratis.client.impl.RaftClientImpl.sendAsync(RaftClientImpl.java:145)
	at org.apache.ratis.client.impl.RaftClientImpl.sendAsync(RaftClientImpl.java:125)
	at org.apache.hadoop.hdds.scm.XceiverClientRatis.sendRequestAsync(XceiverClientRatis.java:224)
	at org.apache.hadoop.hdds.scm.XceiverClientRatis.sendCommandAsync(XceiverClientRatis.java:302)
	at org.apache.hadoop.hdds.scm.storage.ContainerProtocolCalls.writeChunkAsync(ContainerProtocolCalls.java:310)
	at org.apache.hadoop.hdds.scm.storage.BlockOutputStream.writeChunkToContainer(BlockOutputStream.java:610)
	at org.apache.hadoop.hdds.scm.storage.BlockOutputStream.writeChunk(BlockOutputStream.java:467)
	at org.apache.hadoop.hdds.scm.storage.BlockOutputStream.writeOnRetry(BlockOutputStream.java:293)
	at org.apache.hadoop.ozone.client.io.BlockOutputStreamEntry.writeOnRetry(BlockOutputStreamEntry.java:200)
	at org.apache.hadoop.ozone.client.io.KeyOutputStream.handleWrite(KeyOutputStream.java:209)
	at org.apache.hadoop.ozone.client.io.KeyOutputStream.handleRetry(KeyOutputStream.java:376)
	at org.apache.hadoop.ozone.client.io.KeyOutputStream.handleException(KeyOutputStream.java:325)
	at org.apache.hadoop.ozone.client.io.KeyOutputStream.handleFlushOrClose(KeyOutputStream.java:448)
	at org.apache.hadoop.ozone.client.io.KeyOutputStream.flush(KeyOutputStream.java:396)
	at org.apache.hadoop.ozone.client.io.OzoneOutputStream.flush(OzoneOutputStream.java:54)
	at org.apache.hadoop.ozone.client.rpc.TestBlockOutputStreamWithFailures.testFailureWithPrimeSizedData(TestBlockOutputStreamWithFailures.java:629)
	at sun.reflect.NativeMethodAccessorImpl.invoke0(Native Method)
	at sun.reflect.NativeMethodAccessorImpl.invoke(NativeMethodAccessorImpl.java:62)
	at sun.reflect.DelegatingMethodAccessorImpl.invoke(DelegatingMethodAccessorImpl.java:43)
	at java.lang.reflect.Method.invoke(Method.java:498)
	at org.junit.runners.model.FrameworkMethod$1.runReflectiveCall(FrameworkMethod.java:47)
	at org.junit.internal.runners.model.ReflectiveCallable.run(ReflectiveCallable.java:12)
	at org.junit.runners.model.FrameworkMethod.invokeExplosively(FrameworkMethod.java:44)
	at org.junit.internal.runners.statements.InvokeMethod.evaluate(InvokeMethod.java:17)
	at org.junit.internal.runners.statements.RunBefores.evaluate(RunBefores.java:26)
	at org.junit.internal.runners.statements.RunAfters.evaluate(RunAfters.java:27)
	at org.junit.runners.ParentRunner.runLeaf(ParentRunner.java:271)
	at org.junit.runners.BlockJUnit4ClassRunner.runChild(BlockJUnit4ClassRunner.java:70)
	at org.junit.runners.BlockJUnit4ClassRunner.runChild(BlockJUnit4ClassRunner.java:50)
	at org.junit.runners.ParentRunner$3.run(ParentRunner.java:238)
	at org.junit.runners.ParentRunner$1.schedule(ParentRunner.java:63)
	at org.junit.runners.ParentRunner.runChildren(ParentRunner.java:236)
	at org.junit.runners.ParentRunner.access$000(ParentRunner.java:53)
	at org.junit.runners.ParentRunner$2.evaluate(ParentRunner.java:229)
	at org.junit.runners.ParentRunner.run(ParentRunner.java:309)
	at org.apache.maven.surefire.junit4.JUnit4Provider.execute(JUnit4Provider.java:365)
	at org.apache.maven.surefire.junit4.JUnit4Provider.executeWithRerun(JUnit4Provider.java:273)
	at org.apache.maven.surefire.junit4.JUnit4Provider.executeTestSet(JUnit4Provider.java:238)
	at org.apache.maven.surefire.junit4.JUnit4Provider.invoke(JUnit4Provider.java:159)
	at org.apache.maven.surefire.booter.ForkedBooter.invokeProviderInSameClassLoader(ForkedBooter.java:384)
	at org.apache.maven.surefire.booter.ForkedBooter.runSuitesInProcess(ForkedBooter.java:345)
	at org.apache.maven.surefire.booter.ForkedBooter.execute(ForkedBooter.java:126)
	at org.apache.maven.surefire.booter.ForkedBooter.main(ForkedBooter.java:418)

Jul 13, 2019 12:37:58 PM org.apache.ratis.thirdparty.io.grpc.internal.ManagedChannelOrphanWrapper$ManagedChannelReference cleanQueue
SEVERE: *~*~*~ Channel ManagedChannelImpl{logId=3294, target=192.168.5.181:44410} was not shutdown properly!!! ~*~*~*
    Make sure to call shutdown()/shutdownNow() and wait until awaitTermination() returns true.
java.lang.RuntimeException: ManagedChannel allocation site
	at org.apache.ratis.thirdparty.io.grpc.internal.ManagedChannelOrphanWrapper$ManagedChannelReference.<init>(ManagedChannelOrphanWrapper.java:103)
	at org.apache.ratis.thirdparty.io.grpc.internal.ManagedChannelOrphanWrapper.<init>(ManagedChannelOrphanWrapper.java:53)
	at org.apache.ratis.thirdparty.io.grpc.internal.ManagedChannelOrphanWrapper.<init>(ManagedChannelOrphanWrapper.java:44)
	at org.apache.ratis.thirdparty.io.grpc.internal.AbstractManagedChannelImplBuilder.build(AbstractManagedChannelImplBuilder.java:411)
	at org.apache.ratis.grpc.client.GrpcClientProtocolClient.<init>(GrpcClientProtocolClient.java:119)
	at org.apache.ratis.grpc.client.GrpcClientRpc.lambda$new$0(GrpcClientRpc.java:55)
	at org.apache.ratis.util.PeerProxyMap$PeerAndProxy.lambda$getProxy$0(PeerProxyMap.java:61)
	at org.apache.ratis.util.LifeCycle.startAndTransition(LifeCycle.java:202)
	at org.apache.ratis.util.PeerProxyMap$PeerAndProxy.getProxy(PeerProxyMap.java:60)
	at org.apache.ratis.util.PeerProxyMap.getProxy(PeerProxyMap.java:107)
	at org.apache.ratis.grpc.client.GrpcClientRpc.sendRequestAsync(GrpcClientRpc.java:66)
	at org.apache.ratis.client.impl.OrderedAsync.sendRequest(OrderedAsync.java:208)
	at org.apache.ratis.client.impl.OrderedAsync.sendRequestWithRetry(OrderedAsync.java:169)
	at org.apache.ratis.util.SlidingWindow$Client.sendOrDelayRequest(SlidingWindow.java:278)
	at org.apache.ratis.util.SlidingWindow$Client.retry(SlidingWindow.java:294)
	at org.apache.ratis.client.impl.OrderedAsync.lambda$scheduleWithTimeout$7(OrderedAsync.java:195)
	at org.apache.ratis.util.TimeoutScheduler.lambda$onTimeout$0(TimeoutScheduler.java:85)
	at org.apache.ratis.util.TimeoutScheduler.lambda$onTimeout$1(TimeoutScheduler.java:104)
	at org.apache.ratis.util.LogUtils.runAndLog(LogUtils.java:50)
	at org.apache.ratis.util.LogUtils$1.run(LogUtils.java:91)
	at java.util.concurrent.Executors$RunnableAdapter.call(Executors.java:511)
	at java.util.concurrent.FutureTask.run(FutureTask.java:266)
	at java.util.concurrent.ScheduledThreadPoolExecutor$ScheduledFutureTask.access$201(ScheduledThreadPoolExecutor.java:180)
	at java.util.concurrent.ScheduledThreadPoolExecutor$ScheduledFutureTask.run(ScheduledThreadPoolExecutor.java:293)
	at java.util.concurrent.ThreadPoolExecutor.runWorker(ThreadPoolExecutor.java:1149)
	at java.util.concurrent.ThreadPoolExecutor$Worker.run(ThreadPoolExecutor.java:624)
	at java.lang.Thread.run(Thread.java:748)

]]></system-err>
  </testcase>
  <testcase name="testExceptionDuringClose" classname="org.apache.hadoop.ozone.client.rpc.TestBlockOutputStreamWithFailures" time="33.519">
    <error type="java.lang.IllegalArgumentException">java.lang.IllegalArgumentException
	at com.google.common.base.Preconditions.checkArgument(Preconditions.java:72)
	at org.apache.hadoop.hdds.scm.XceiverClientManager.acquireClient(XceiverClientManager.java:150)
	at org.apache.hadoop.hdds.scm.XceiverClientManager.acquireClientForReadData(XceiverClientManager.java:143)
	at org.apache.hadoop.hdds.scm.storage.BlockInputStream.getChunkInfos(BlockInputStream.java:154)
	at org.apache.hadoop.hdds.scm.storage.BlockInputStream.initialize(BlockInputStream.java:118)
	at org.apache.hadoop.hdds.scm.storage.BlockInputStream.read(BlockInputStream.java:222)
	at org.apache.hadoop.ozone.client.io.KeyInputStream.read(KeyInputStream.java:171)
	at org.apache.hadoop.ozone.client.io.OzoneInputStream.read(OzoneInputStream.java:47)
	at java.io.InputStream.read(InputStream.java:101)
	at org.apache.hadoop.ozone.container.ContainerTestHelper.validateData(ContainerTestHelper.java:709)
	at org.apache.hadoop.ozone.client.rpc.TestBlockOutputStreamWithFailures.validateData(TestBlockOutputStreamWithFailures.java:1212)
	at org.apache.hadoop.ozone.client.rpc.TestBlockOutputStreamWithFailures.testExceptionDuringClose(TestBlockOutputStreamWithFailures.java:773)
	at sun.reflect.NativeMethodAccessorImpl.invoke0(Native Method)
	at sun.reflect.NativeMethodAccessorImpl.invoke(NativeMethodAccessorImpl.java:62)
	at sun.reflect.DelegatingMethodAccessorImpl.invoke(DelegatingMethodAccessorImpl.java:43)
	at java.lang.reflect.Method.invoke(Method.java:498)
	at org.junit.runners.model.FrameworkMethod$1.runReflectiveCall(FrameworkMethod.java:47)
	at org.junit.internal.runners.model.ReflectiveCallable.run(ReflectiveCallable.java:12)
	at org.junit.runners.model.FrameworkMethod.invokeExplosively(FrameworkMethod.java:44)
	at org.junit.internal.runners.statements.InvokeMethod.evaluate(InvokeMethod.java:17)
	at org.junit.internal.runners.statements.RunBefores.evaluate(RunBefores.java:26)
	at org.junit.internal.runners.statements.RunAfters.evaluate(RunAfters.java:27)
	at org.junit.runners.ParentRunner.runLeaf(ParentRunner.java:271)
	at org.junit.runners.BlockJUnit4ClassRunner.runChild(BlockJUnit4ClassRunner.java:70)
	at org.junit.runners.BlockJUnit4ClassRunner.runChild(BlockJUnit4ClassRunner.java:50)
	at org.junit.runners.ParentRunner$3.run(ParentRunner.java:238)
	at org.junit.runners.ParentRunner$1.schedule(ParentRunner.java:63)
	at org.junit.runners.ParentRunner.runChildren(ParentRunner.java:236)
	at org.junit.runners.ParentRunner.access$000(ParentRunner.java:53)
	at org.junit.runners.ParentRunner$2.evaluate(ParentRunner.java:229)
	at org.junit.runners.ParentRunner.run(ParentRunner.java:309)
	at org.apache.maven.surefire.junit4.JUnit4Provider.execute(JUnit4Provider.java:365)
	at org.apache.maven.surefire.junit4.JUnit4Provider.executeWithRerun(JUnit4Provider.java:273)
	at org.apache.maven.surefire.junit4.JUnit4Provider.executeTestSet(JUnit4Provider.java:238)
	at org.apache.maven.surefire.junit4.JUnit4Provider.invoke(JUnit4Provider.java:159)
	at org.apache.maven.surefire.booter.ForkedBooter.invokeProviderInSameClassLoader(ForkedBooter.java:384)
	at org.apache.maven.surefire.booter.ForkedBooter.runSuitesInProcess(ForkedBooter.java:345)
	at org.apache.maven.surefire.booter.ForkedBooter.execute(ForkedBooter.java:126)
	at org.apache.maven.surefire.booter.ForkedBooter.main(ForkedBooter.java:418)
</error>
    <system-out><![CDATA[2019-07-13 12:38:30,226 WARN  server.ServerUtils (ServerUtils.java:getScmDbDir(145)) - ozone.scm.db.dirs is not configured. We recommend adding this setting. Falling back to ozone.metadata.dirs instead.
2019-07-13 12:38:30,252 WARN  server.ServerUtils (ServerUtils.java:getScmDbDir(145)) - ozone.scm.db.dirs is not configured. We recommend adding this setting. Falling back to ozone.metadata.dirs instead.
2019-07-13 12:38:30,252 WARN  server.ServerUtils (ServerUtils.java:getScmDbDir(145)) - ozone.scm.db.dirs is not configured. We recommend adding this setting. Falling back to ozone.metadata.dirs instead.
2019-07-13 12:38:30,252 INFO  db.DBStoreBuilder (DBStoreBuilder.java:addTable(110)) - using custom profile for table: deletedBlocks
2019-07-13 12:38:30,253 INFO  db.DBStoreBuilder (DBStoreBuilder.java:processTables(161)) - Using default column profile:DBProfile.DISK for Table:deletedBlocks
2019-07-13 12:38:30,253 INFO  db.DBStoreBuilder (DBStoreBuilder.java:addTable(110)) - using custom profile for table: validCerts
2019-07-13 12:38:30,253 INFO  db.DBStoreBuilder (DBStoreBuilder.java:processTables(161)) - Using default column profile:DBProfile.DISK for Table:validCerts
2019-07-13 12:38:30,253 INFO  db.DBStoreBuilder (DBStoreBuilder.java:addTable(110)) - using custom profile for table: revokedCerts
2019-07-13 12:38:30,254 INFO  db.DBStoreBuilder (DBStoreBuilder.java:processTables(161)) - Using default column profile:DBProfile.DISK for Table:revokedCerts
2019-07-13 12:38:30,254 INFO  db.DBStoreBuilder (DBStoreBuilder.java:addTable(110)) - using custom profile for table: default
2019-07-13 12:38:30,254 INFO  db.DBStoreBuilder (DBStoreBuilder.java:processTables(167)) - Using default column profile:DBProfile.DISK for Table:default
2019-07-13 12:38:30,254 INFO  db.DBStoreBuilder (DBStoreBuilder.java:getDbProfile(198)) - Using default options. DBProfile.DISK
2019-07-13 12:38:30,389 INFO  net.NodeSchemaLoader (NodeSchemaLoader.java:loadSchemaFromFile(125)) - Loading file from sun.misc.CompoundEnumeration@1692d173
2019-07-13 12:38:30,389 INFO  net.NodeSchemaLoader (NodeSchemaLoader.java:loadSchema(171)) - Loading network topology layer schema file
2019-07-13 12:38:30,395 INFO  node.SCMNodeManager (SCMNodeManager.java:<init>(119)) - Entering startup safe mode.
2019-07-13 12:38:30,396 WARN  server.ServerUtils (ServerUtils.java:getScmDbDir(145)) - ozone.scm.db.dirs is not configured. We recommend adding this setting. Falling back to ozone.metadata.dirs instead.
2019-07-13 12:38:30,428 INFO  pipeline.SCMPipelineManager (SCMPipelineManager.java:initializePipelineState(126)) - No pipeline exists in current db
2019-07-13 12:38:30,428 WARN  server.ServerUtils (ServerUtils.java:getScmDbDir(145)) - ozone.scm.db.dirs is not configured. We recommend adding this setting. Falling back to ozone.metadata.dirs instead.
2019-07-13 12:38:30,463 WARN  events.EventQueue (EventQueue.java:fireEvent(175)) - No event handler registered for event TypedEvent{payloadType=SafeModeStatus, name='SafeModeStatus'}
2019-07-13 12:38:30,464 INFO  ipc.CallQueueManager (CallQueueManager.java:<init>(84)) - Using callQueue: class java.util.concurrent.LinkedBlockingQueue, queueCapacity: 2000, scheduler: class org.apache.hadoop.ipc.DefaultRpcScheduler, ipcBackoff: false.
2019-07-13 12:38:30,465 INFO  ipc.Server (Server.java:run(1074)) - Starting Socket Reader #1 for port 39427
2019-07-13 12:38:30,467 INFO  ipc.CallQueueManager (CallQueueManager.java:<init>(84)) - Using callQueue: class java.util.concurrent.LinkedBlockingQueue, queueCapacity: 2000, scheduler: class org.apache.hadoop.ipc.DefaultRpcScheduler, ipcBackoff: false.
2019-07-13 12:38:30,468 INFO  ipc.Server (Server.java:run(1074)) - Starting Socket Reader #1 for port 41929
2019-07-13 12:38:30,470 INFO  ipc.CallQueueManager (CallQueueManager.java:<init>(84)) - Using callQueue: class java.util.concurrent.LinkedBlockingQueue, queueCapacity: 2000, scheduler: class org.apache.hadoop.ipc.DefaultRpcScheduler, ipcBackoff: false.
2019-07-13 12:38:30,471 INFO  ipc.Server (Server.java:run(1074)) - Starting Socket Reader #1 for port 39774
2019-07-13 12:38:30,474 INFO  hdfs.DFSUtil (DFSUtil.java:httpServerTemplateForNNAndJN(1641)) - Starting Web-server for scm at: http://0.0.0.0:0
2019-07-13 12:38:30,476 INFO  server.AuthenticationFilter (AuthenticationFilter.java:constructSecretProvider(240)) - Unable to initialize FileSignerSecretProvider, falling back to use random secrets.
2019-07-13 12:38:30,477 WARN  http.HttpRequestLog (HttpRequestLog.java:getRequestLog(97)) - Jetty request log can only be enabled using Log4j
2019-07-13 12:38:30,479 INFO  http.HttpServer2 (HttpServer2.java:addGlobalFilter(975)) - Added global filter 'safety' (class=org.apache.hadoop.http.HttpServer2$QuotingInputFilter)
2019-07-13 12:38:30,480 INFO  http.HttpServer2 (HttpServer2.java:addFilter(948)) - Added filter static_user_filter (class=org.apache.hadoop.http.lib.StaticUserWebFilter$StaticUserFilter) to context scm
2019-07-13 12:38:30,480 INFO  http.HttpServer2 (HttpServer2.java:addFilter(958)) - Added filter static_user_filter (class=org.apache.hadoop.http.lib.StaticUserWebFilter$StaticUserFilter) to context logs
2019-07-13 12:38:30,480 INFO  http.HttpServer2 (HttpServer2.java:addFilter(958)) - Added filter static_user_filter (class=org.apache.hadoop.http.lib.StaticUserWebFilter$StaticUserFilter) to context static
2019-07-13 12:38:30,482 INFO  server.StorageContainerManager (StorageContainerManager.java:start(759)) - StorageContainerLocationProtocol RPC server is listening at /0.0.0.0:39774
2019-07-13 12:38:30,484 WARN  impl.MetricsConfig (MetricsConfig.java:loadFirst(134)) - Cannot locate configuration: tried hadoop-metrics2-storagecontainermanager.properties,hadoop-metrics2.properties
2019-07-13 12:38:30,485 INFO  impl.MetricsSystemImpl (MetricsSystemImpl.java:startTimer(374)) - Scheduled Metric snapshot period at 10 second(s).
2019-07-13 12:38:30,485 INFO  impl.MetricsSystemImpl (MetricsSystemImpl.java:start(191)) - StorageContainerManager metrics system started
2019-07-13 12:38:30,561 INFO  server.SCMClientProtocolServer (SCMClientProtocolServer.java:start(149)) - RPC server for Client  is listening at /0.0.0.0:39774
2019-07-13 12:38:30,562 INFO  ipc.Server (Server.java:run(1314)) - IPC Server Responder: starting
2019-07-13 12:38:30,562 INFO  ipc.Server (Server.java:run(1153)) - IPC Server listener on 39774: starting
2019-07-13 12:38:30,568 INFO  server.StorageContainerManager (StorageContainerManager.java:start(768)) - ScmBlockLocationProtocol RPC server is listening at /0.0.0.0:41929
2019-07-13 12:38:30,568 INFO  server.SCMBlockProtocolServer (SCMBlockProtocolServer.java:start(140)) - RPC server for Block Protocol is listening at /0.0.0.0:41929
2019-07-13 12:38:30,568 INFO  ipc.Server (Server.java:run(1314)) - IPC Server Responder: starting
2019-07-13 12:38:30,568 INFO  ipc.Server (Server.java:run(1153)) - IPC Server listener on 41929: starting
2019-07-13 12:38:30,573 INFO  server.StorageContainerManager (StorageContainerManager.java:start(772)) - ScmDatanodeProtocl RPC server is listening at /0.0.0.0:39427
2019-07-13 12:38:30,573 INFO  server.SCMDatanodeProtocolServer (SCMDatanodeProtocolServer.java:start(191)) - RPC server for DataNodes is listening at /0.0.0.0:39427
2019-07-13 12:38:30,574 INFO  ipc.Server (Server.java:run(1314)) - IPC Server Responder: starting
2019-07-13 12:38:30,574 INFO  ipc.Server (Server.java:run(1153)) - IPC Server listener on 39427: starting
2019-07-13 12:38:30,578 INFO  http.HttpServer2 (HttpServer2.java:bindListener(1191)) - Jetty bound to port 36932
2019-07-13 12:38:30,578 INFO  server.Server (Server.java:doStart(351)) - jetty-9.3.24.v20180605, build timestamp: 2018-06-05T17:11:56Z, git hash: 84205aa28f11a4f31f2a3b86d1bba2cc8ab69827
2019-07-13 12:38:30,580 INFO  handler.ContextHandler (ContextHandler.java:doStart(781)) - Started o.e.j.s.ServletContextHandler@5e5d41dc{/logs,file:///tmp/workdir/hadoop-ozone/integration-test/target/log,AVAILABLE}
2019-07-13 12:38:30,580 INFO  handler.ContextHandler (ContextHandler.java:doStart(781)) - Started o.e.j.s.ServletContextHandler@78a894fe{/static,file:///tmp/workdir/hadoop-ozone/integration-test/target/test-classes/webapps/static,AVAILABLE}
2019-07-13 12:38:30,585 INFO  handler.ContextHandler (ContextHandler.java:doStart(781)) - Started o.e.j.w.WebAppContext@2b4b3918{/,file:///tmp/workdir/hadoop-ozone/integration-test/target/test-classes/webapps/scm/,AVAILABLE}{/scm}
2019-07-13 12:38:30,586 INFO  server.AbstractConnector (AbstractConnector.java:doStart(278)) - Started ServerConnector@1858f93e{HTTP/1.1,[http/1.1]}{0.0.0.0:36932}
2019-07-13 12:38:30,590 INFO  server.Server (Server.java:doStart(419)) - Started @701144ms
2019-07-13 12:38:30,591 INFO  server.BaseHttpServer (BaseHttpServer.java:updateConnectorAddress(207)) - HTTP server of SCM is listening at http://0.0.0.0:36932
2019-07-13 12:38:30,592 WARN  server.ServerUtils (ServerUtils.java:getDBPath(222)) - ozone.om.db.dirs is not configured. We recommend adding this setting. Falling back to ozone.metadata.dirs instead.
2019-07-13 12:38:30,593 INFO  util.JvmPauseMonitor (JvmPauseMonitor.java:run(188)) - Starting JVM pause monitor
2019-07-13 12:38:30,597 WARN  server.ServerUtils (ServerUtils.java:getDBPath(222)) - ozone.om.db.dirs is not configured. We recommend adding this setting. Falling back to ozone.metadata.dirs instead.
2019-07-13 12:38:30,598 INFO  om.OzoneManager (OzoneManager.java:setOMNodeDetails(630)) - OM Service ID is not set. Setting it to the default ID: omServiceIdDefault
2019-07-13 12:38:30,598 INFO  om.OzoneManager (OzoneManager.java:setOMNodeDetails(636)) - OM Node ID is not set. Setting it to the OmStorage's OmID: 29571737-02c2-4d8e-9064-4acdc38b49dc
2019-07-13 12:38:30,598 INFO  om.OzoneManager (OzoneManager.java:loadOMHAConfigs(587)) - Found matching OM address with OMServiceId: null, OMNodeId: null, RPC Address: localhost:0 and Ratis port: 9872
2019-07-13 12:38:30,606 WARN  server.ServerUtils (ServerUtils.java:getDBPath(222)) - ozone.om.db.dirs is not configured. We recommend adding this setting. Falling back to ozone.metadata.dirs instead.
2019-07-13 12:38:30,607 INFO  db.DBStoreBuilder (DBStoreBuilder.java:addTable(110)) - using custom profile for table: userTable
2019-07-13 12:38:30,607 INFO  db.DBStoreBuilder (DBStoreBuilder.java:processTables(161)) - Using default column profile:DBProfile.DISK for Table:userTable
2019-07-13 12:38:30,607 INFO  db.DBStoreBuilder (DBStoreBuilder.java:addTable(110)) - using custom profile for table: volumeTable
2019-07-13 12:38:30,607 INFO  db.DBStoreBuilder (DBStoreBuilder.java:processTables(161)) - Using default column profile:DBProfile.DISK for Table:volumeTable
2019-07-13 12:38:30,607 INFO  db.DBStoreBuilder (DBStoreBuilder.java:addTable(110)) - using custom profile for table: bucketTable
2019-07-13 12:38:30,608 INFO  db.DBStoreBuilder (DBStoreBuilder.java:processTables(161)) - Using default column profile:DBProfile.DISK for Table:bucketTable
2019-07-13 12:38:30,608 INFO  db.DBStoreBuilder (DBStoreBuilder.java:addTable(110)) - using custom profile for table: keyTable
2019-07-13 12:38:30,608 INFO  db.DBStoreBuilder (DBStoreBuilder.java:processTables(161)) - Using default column profile:DBProfile.DISK for Table:keyTable
2019-07-13 12:38:30,608 INFO  db.DBStoreBuilder (DBStoreBuilder.java:addTable(110)) - using custom profile for table: deletedTable
2019-07-13 12:38:30,608 INFO  db.DBStoreBuilder (DBStoreBuilder.java:processTables(161)) - Using default column profile:DBProfile.DISK for Table:deletedTable
2019-07-13 12:38:30,609 INFO  db.DBStoreBuilder (DBStoreBuilder.java:addTable(110)) - using custom profile for table: openKeyTable
2019-07-13 12:38:30,609 INFO  db.DBStoreBuilder (DBStoreBuilder.java:processTables(161)) - Using default column profile:DBProfile.DISK for Table:openKeyTable
2019-07-13 12:38:30,609 INFO  db.DBStoreBuilder (DBStoreBuilder.java:addTable(110)) - using custom profile for table: s3Table
2019-07-13 12:38:30,609 INFO  db.DBStoreBuilder (DBStoreBuilder.java:processTables(161)) - Using default column profile:DBProfile.DISK for Table:s3Table
2019-07-13 12:38:30,609 INFO  db.DBStoreBuilder (DBStoreBuilder.java:addTable(110)) - using custom profile for table: multipartInfoTable
2019-07-13 12:38:30,610 INFO  db.DBStoreBuilder (DBStoreBuilder.java:processTables(161)) - Using default column profile:DBProfile.DISK for Table:multipartInfoTable
2019-07-13 12:38:30,610 INFO  db.DBStoreBuilder (DBStoreBuilder.java:addTable(110)) - using custom profile for table: dTokenTable
2019-07-13 12:38:30,610 INFO  db.DBStoreBuilder (DBStoreBuilder.java:processTables(161)) - Using default column profile:DBProfile.DISK for Table:dTokenTable
2019-07-13 12:38:30,610 INFO  db.DBStoreBuilder (DBStoreBuilder.java:addTable(110)) - using custom profile for table: s3SecretTable
2019-07-13 12:38:30,610 INFO  db.DBStoreBuilder (DBStoreBuilder.java:processTables(161)) - Using default column profile:DBProfile.DISK for Table:s3SecretTable
2019-07-13 12:38:30,610 INFO  db.DBStoreBuilder (DBStoreBuilder.java:addTable(110)) - using custom profile for table: prefixTable
2019-07-13 12:38:30,611 INFO  db.DBStoreBuilder (DBStoreBuilder.java:processTables(161)) - Using default column profile:DBProfile.DISK for Table:prefixTable
2019-07-13 12:38:30,611 INFO  db.DBStoreBuilder (DBStoreBuilder.java:addTable(110)) - using custom profile for table: default
2019-07-13 12:38:30,611 INFO  db.DBStoreBuilder (DBStoreBuilder.java:processTables(167)) - Using default column profile:DBProfile.DISK for Table:default
2019-07-13 12:38:30,611 INFO  db.DBStoreBuilder (DBStoreBuilder.java:getDbProfile(198)) - Using default options. DBProfile.DISK
2019-07-13 12:38:30,905 INFO  ipc.CallQueueManager (CallQueueManager.java:<init>(84)) - Using callQueue: class java.util.concurrent.LinkedBlockingQueue, queueCapacity: 2000, scheduler: class org.apache.hadoop.ipc.DefaultRpcScheduler, ipcBackoff: false.
2019-07-13 12:38:30,906 INFO  ipc.Server (Server.java:run(1074)) - Starting Socket Reader #1 for port 38451
2019-07-13 12:38:30,922 WARN  server.ServerUtils (ServerUtils.java:getDBPath(222)) - ozone.om.db.dirs is not configured. We recommend adding this setting. Falling back to ozone.metadata.dirs instead.
2019-07-13 12:38:30,922 INFO  om.OzoneManager (OzoneManager.java:start(1228)) - OzoneManager RPC server is listening at localhost/127.0.0.1:38451
2019-07-13 12:38:30,922 INFO  impl.MetricsSystemImpl (MetricsSystemImpl.java:init(158)) - OzoneManager metrics system started (again)
2019-07-13 12:38:30,923 INFO  ipc.Server (Server.java:run(1314)) - IPC Server Responder: starting
2019-07-13 12:38:30,923 INFO  ipc.Server (Server.java:run(1153)) - IPC Server listener on 38451: starting
2019-07-13 12:38:30,931 INFO  hdfs.DFSUtil (DFSUtil.java:httpServerTemplateForNNAndJN(1641)) - Starting Web-server for ozoneManager at: http://0.0.0.0:0
2019-07-13 12:38:30,932 INFO  server.AuthenticationFilter (AuthenticationFilter.java:constructSecretProvider(240)) - Unable to initialize FileSignerSecretProvider, falling back to use random secrets.
2019-07-13 12:38:30,933 WARN  http.HttpRequestLog (HttpRequestLog.java:getRequestLog(97)) - Jetty request log can only be enabled using Log4j
2019-07-13 12:38:30,935 INFO  http.HttpServer2 (HttpServer2.java:addGlobalFilter(975)) - Added global filter 'safety' (class=org.apache.hadoop.http.HttpServer2$QuotingInputFilter)
2019-07-13 12:38:30,935 INFO  http.HttpServer2 (HttpServer2.java:addFilter(948)) - Added filter static_user_filter (class=org.apache.hadoop.http.lib.StaticUserWebFilter$StaticUserFilter) to context ozoneManager
2019-07-13 12:38:30,936 INFO  http.HttpServer2 (HttpServer2.java:addFilter(958)) - Added filter static_user_filter (class=org.apache.hadoop.http.lib.StaticUserWebFilter$StaticUserFilter) to context static
2019-07-13 12:38:30,936 INFO  http.HttpServer2 (HttpServer2.java:addFilter(958)) - Added filter static_user_filter (class=org.apache.hadoop.http.lib.StaticUserWebFilter$StaticUserFilter) to context logs
2019-07-13 12:38:30,936 INFO  http.HttpServer2 (HttpServer2.java:bindListener(1191)) - Jetty bound to port 39358
2019-07-13 12:38:30,937 INFO  server.Server (Server.java:doStart(351)) - jetty-9.3.24.v20180605, build timestamp: 2018-06-05T17:11:56Z, git hash: 84205aa28f11a4f31f2a3b86d1bba2cc8ab69827
2019-07-13 12:38:30,938 INFO  handler.ContextHandler (ContextHandler.java:doStart(781)) - Started o.e.j.s.ServletContextHandler@50b4e828{/logs,file:///tmp/workdir/hadoop-ozone/integration-test/target/log,AVAILABLE}
2019-07-13 12:38:30,939 INFO  handler.ContextHandler (ContextHandler.java:doStart(781)) - Started o.e.j.s.ServletContextHandler@56c75b4f{/static,file:///tmp/workdir/hadoop-ozone/integration-test/target/test-classes/webapps/static,AVAILABLE}
2019-07-13 12:38:30,943 INFO  handler.ContextHandler (ContextHandler.java:doStart(781)) - Started o.e.j.w.WebAppContext@7768ffae{/,file:///tmp/workdir/hadoop-ozone/integration-test/target/test-classes/webapps/ozoneManager/,AVAILABLE}{/ozoneManager}
2019-07-13 12:38:30,943 INFO  server.AbstractConnector (AbstractConnector.java:doStart(278)) - Started ServerConnector@23195ebe{HTTP/1.1,[http/1.1]}{0.0.0.0:39358}
2019-07-13 12:38:30,945 INFO  server.Server (Server.java:doStart(419)) - Started @701498ms
2019-07-13 12:38:30,945 INFO  server.BaseHttpServer (BaseHttpServer.java:updateConnectorAddress(207)) - HTTP server of OZONEMANAGER is listening at http://0.0.0.0:39358
2019-07-13 12:38:30,959 INFO  impl.MetricsSystemImpl (MetricsSystemImpl.java:init(158)) - HddsDatanode metrics system started (again)
2019-07-13 12:38:30,959 INFO  ozone.HddsDatanodeService (HddsDatanodeService.java:start(185)) - HddsDatanodeService host:trunk-nightly-q2gwj-1111726333 ip:192.168.5.181
2019-07-13 12:38:30,974 INFO  volume.HddsVolume (HddsVolume.java:<init>(176)) - Creating Volume: /tmp/workdir/hadoop-ozone/integration-test/target/test-dir/MiniOzoneClusterImpl-743a5529-b6df-4ed5-9bcc-240d76060713/datanode-0/data/containers/hdds of  storage type : DISK and capacity : 52710309888
2019-07-13 12:38:30,975 INFO  volume.VolumeSet (VolumeSet.java:initializeVolumeSet(170)) - Added Volume : /tmp/workdir/hadoop-ozone/integration-test/target/test-dir/MiniOzoneClusterImpl-743a5529-b6df-4ed5-9bcc-240d76060713/datanode-0/data/containers/hdds to VolumeSet
2019-07-13 12:38:30,975 INFO  volume.ThrottledAsyncChecker (ThrottledAsyncChecker.java:schedule(140)) - Scheduling a check for org.apache.hadoop.ozone.container.common.volume.HddsVolume@6383ea52
2019-07-13 12:38:30,976 INFO  volume.HddsVolumeChecker (HddsVolumeChecker.java:checkAllVolumes(203)) - Scheduled health check for volume org.apache.hadoop.ozone.container.common.volume.HddsVolume@6383ea52
2019-07-13 12:38:30,995 INFO  impl.RaftServerProxy (ConfUtils.java:logGet(43)) - raft.rpc.type = GRPC (default)
2019-07-13 12:38:30,995 INFO  grpc.GrpcFactory (GrpcFactory.java:checkPooledByteBufAllocatorUseCacheForAllThreads(45)) - PERFORMANCE WARNING: useCacheForAllThreads is true that may cause Netty to create a lot garbage objects and, as a result, trigger GC.
	It is recommended to disable useCacheForAllThreads by setting -Dorg.apache.ratis.thirdparty.io.netty.allocator.useCacheForAllThreads=false in command line.
2019-07-13 12:38:30,995 INFO  grpc.GrpcConfigKeys$Server (ConfUtils.java:logGet(43)) - raft.grpc.server.port = 0 (default)
2019-07-13 12:38:30,995 INFO  server.GrpcService (ConfUtils.java:logGet(43)) - raft.grpc.message.size.max = 33570816 (custom)
2019-07-13 12:38:30,996 INFO  server.RaftServerConfigKeys (ConfUtils.java:logGet(43)) - raft.server.log.appender.buffer.byte-limit = 33554432 (custom)
2019-07-13 12:38:30,996 INFO  server.GrpcService (ConfUtils.java:logGet(43)) - raft.grpc.flow.control.window = 1MB (=1048576) (default)
2019-07-13 12:38:30,996 INFO  server.RaftServerConfigKeys (ConfUtils.java:logGet(43)) - raft.server.rpc.request.timeout = 3000ms (default)
2019-07-13 12:38:30,996 INFO  server.RaftServerConfigKeys (ConfUtils.java:logGet(43)) - raft.server.storage.dir = [/tmp/workdir/hadoop-ozone/integration-test/target/test-dir/MiniOzoneClusterImpl-743a5529-b6df-4ed5-9bcc-240d76060713/datanode-0/data/ratis] (custom)
2019-07-13 12:38:30,997 INFO  replication.SimpleContainerDownloader (SimpleContainerDownloader.java:<init>(72)) - Starting container downloader service to copy containers to replicate.
2019-07-13 12:38:30,998 INFO  hdfs.DFSUtil (DFSUtil.java:httpServerTemplateForNNAndJN(1641)) - Starting Web-server for hddsDatanode at: http://0.0.0.0:0
2019-07-13 12:38:30,999 INFO  server.AuthenticationFilter (AuthenticationFilter.java:constructSecretProvider(240)) - Unable to initialize FileSignerSecretProvider, falling back to use random secrets.
2019-07-13 12:38:31,000 WARN  http.HttpRequestLog (HttpRequestLog.java:getRequestLog(97)) - Jetty request log can only be enabled using Log4j
2019-07-13 12:38:31,001 INFO  http.HttpServer2 (HttpServer2.java:addGlobalFilter(975)) - Added global filter 'safety' (class=org.apache.hadoop.http.HttpServer2$QuotingInputFilter)
2019-07-13 12:38:31,001 INFO  http.HttpServer2 (HttpServer2.java:addFilter(948)) - Added filter static_user_filter (class=org.apache.hadoop.http.lib.StaticUserWebFilter$StaticUserFilter) to context hddsDatanode
2019-07-13 12:38:31,001 INFO  http.HttpServer2 (HttpServer2.java:addFilter(958)) - Added filter static_user_filter (class=org.apache.hadoop.http.lib.StaticUserWebFilter$StaticUserFilter) to context logs
2019-07-13 12:38:31,002 INFO  http.HttpServer2 (HttpServer2.java:addFilter(958)) - Added filter static_user_filter (class=org.apache.hadoop.http.lib.StaticUserWebFilter$StaticUserFilter) to context static
2019-07-13 12:38:31,002 INFO  http.HttpServer2 (HttpServer2.java:bindListener(1191)) - Jetty bound to port 45845
2019-07-13 12:38:31,002 INFO  server.Server (Server.java:doStart(351)) - jetty-9.3.24.v20180605, build timestamp: 2018-06-05T17:11:56Z, git hash: 84205aa28f11a4f31f2a3b86d1bba2cc8ab69827
2019-07-13 12:38:31,004 INFO  handler.ContextHandler (ContextHandler.java:doStart(781)) - Started o.e.j.s.ServletContextHandler@4d400e77{/logs,file:///tmp/workdir/hadoop-ozone/integration-test/target/log,AVAILABLE}
2019-07-13 12:38:31,004 INFO  handler.ContextHandler (ContextHandler.java:doStart(781)) - Started o.e.j.s.ServletContextHandler@1f41742f{/static,jar:file:/home/user/.m2/repository/org/apache/hadoop/hadoop-hdds-container-service/0.5.0-SNAPSHOT/hadoop-hdds-container-service-0.5.0-SNAPSHOT.jar!/webapps/static,AVAILABLE}
2019-07-13 12:38:31,032 INFO  handler.ContextHandler (ContextHandler.java:doStart(781)) - Started o.e.j.w.WebAppContext@53b1a09f{/,file:///tmp/jetty-0.0.0.0-45845-hddsDatanode-_-any-4906546210780886943.dir/webapp/,AVAILABLE}{/hddsDatanode}
2019-07-13 12:38:31,032 INFO  server.AbstractConnector (AbstractConnector.java:doStart(278)) - Started ServerConnector@3d2162c5{HTTP/1.1,[http/1.1]}{0.0.0.0:45845}
2019-07-13 12:38:31,033 INFO  server.Server (Server.java:doStart(419)) - Started @701586ms
2019-07-13 12:38:31,035 INFO  server.BaseHttpServer (BaseHttpServer.java:updateConnectorAddress(207)) - HTTP server of HDDSDATANODE is listening at http://0.0.0.0:45845
2019-07-13 12:38:31,135 INFO  ozone.HddsDatanodeService (HddsDatanodeService.java:startPlugins(396)) - Started plug-in org.apache.hadoop.ozone.web.OzoneHddsDatanodeService@30a1e459
2019-07-13 12:38:31,135 INFO  impl.MetricsSystemImpl (MetricsSystemImpl.java:init(158)) - HddsDatanode metrics system started (again)
2019-07-13 12:38:31,136 INFO  ozone.HddsDatanodeService (HddsDatanodeService.java:start(185)) - HddsDatanodeService host:trunk-nightly-q2gwj-1111726333 ip:192.168.5.181
2019-07-13 12:38:31,137 INFO  util.JvmPauseMonitor (JvmPauseMonitor.java:run(188)) - Starting JVM pause monitor
2019-07-13 12:38:31,138 INFO  datanode.InitDatanodeState (InitDatanodeState.java:persistContainerDatanodeDetails(140)) - DatanodeDetails is persisted to /tmp/workdir/hadoop-ozone/integration-test/target/test-dir/MiniOzoneClusterImpl-743a5529-b6df-4ed5-9bcc-240d76060713/datanode-0/meta/datanode.id
2019-07-13 12:38:31,149 INFO  volume.HddsVolume (HddsVolume.java:<init>(176)) - Creating Volume: /tmp/workdir/hadoop-ozone/integration-test/target/test-dir/MiniOzoneClusterImpl-743a5529-b6df-4ed5-9bcc-240d76060713/datanode-1/data/containers/hdds of  storage type : DISK and capacity : 52710309888
2019-07-13 12:38:31,150 INFO  volume.VolumeSet (VolumeSet.java:initializeVolumeSet(170)) - Added Volume : /tmp/workdir/hadoop-ozone/integration-test/target/test-dir/MiniOzoneClusterImpl-743a5529-b6df-4ed5-9bcc-240d76060713/datanode-1/data/containers/hdds to VolumeSet
2019-07-13 12:38:31,150 INFO  volume.ThrottledAsyncChecker (ThrottledAsyncChecker.java:schedule(140)) - Scheduling a check for org.apache.hadoop.ozone.container.common.volume.HddsVolume@3108d1e1
2019-07-13 12:38:31,150 INFO  volume.HddsVolumeChecker (HddsVolumeChecker.java:checkAllVolumes(203)) - Scheduled health check for volume org.apache.hadoop.ozone.container.common.volume.HddsVolume@3108d1e1
2019-07-13 12:38:31,164 INFO  impl.RaftServerProxy (ConfUtils.java:logGet(43)) - raft.rpc.type = GRPC (default)
2019-07-13 12:38:31,164 INFO  grpc.GrpcFactory (GrpcFactory.java:checkPooledByteBufAllocatorUseCacheForAllThreads(45)) - PERFORMANCE WARNING: useCacheForAllThreads is true that may cause Netty to create a lot garbage objects and, as a result, trigger GC.
	It is recommended to disable useCacheForAllThreads by setting -Dorg.apache.ratis.thirdparty.io.netty.allocator.useCacheForAllThreads=false in command line.
2019-07-13 12:38:31,165 INFO  grpc.GrpcConfigKeys$Server (ConfUtils.java:logGet(43)) - raft.grpc.server.port = 0 (default)
2019-07-13 12:38:31,165 INFO  server.GrpcService (ConfUtils.java:logGet(43)) - raft.grpc.message.size.max = 33570816 (custom)
2019-07-13 12:38:31,165 INFO  server.RaftServerConfigKeys (ConfUtils.java:logGet(43)) - raft.server.log.appender.buffer.byte-limit = 33554432 (custom)
2019-07-13 12:38:31,165 INFO  server.GrpcService (ConfUtils.java:logGet(43)) - raft.grpc.flow.control.window = 1MB (=1048576) (default)
2019-07-13 12:38:31,165 INFO  server.RaftServerConfigKeys (ConfUtils.java:logGet(43)) - raft.server.rpc.request.timeout = 3000ms (default)
2019-07-13 12:38:31,166 INFO  server.RaftServerConfigKeys (ConfUtils.java:logGet(43)) - raft.server.storage.dir = [/tmp/workdir/hadoop-ozone/integration-test/target/test-dir/MiniOzoneClusterImpl-743a5529-b6df-4ed5-9bcc-240d76060713/datanode-1/data/ratis] (custom)
2019-07-13 12:38:31,166 INFO  replication.SimpleContainerDownloader (SimpleContainerDownloader.java:<init>(72)) - Starting container downloader service to copy containers to replicate.
2019-07-13 12:38:31,167 INFO  hdfs.DFSUtil (DFSUtil.java:httpServerTemplateForNNAndJN(1641)) - Starting Web-server for hddsDatanode at: http://0.0.0.0:0
2019-07-13 12:38:31,168 INFO  server.AuthenticationFilter (AuthenticationFilter.java:constructSecretProvider(240)) - Unable to initialize FileSignerSecretProvider, falling back to use random secrets.
2019-07-13 12:38:31,169 WARN  http.HttpRequestLog (HttpRequestLog.java:getRequestLog(97)) - Jetty request log can only be enabled using Log4j
2019-07-13 12:38:31,169 INFO  http.HttpServer2 (HttpServer2.java:addGlobalFilter(975)) - Added global filter 'safety' (class=org.apache.hadoop.http.HttpServer2$QuotingInputFilter)
2019-07-13 12:38:31,170 INFO  http.HttpServer2 (HttpServer2.java:addFilter(948)) - Added filter static_user_filter (class=org.apache.hadoop.http.lib.StaticUserWebFilter$StaticUserFilter) to context hddsDatanode
2019-07-13 12:38:31,170 INFO  http.HttpServer2 (HttpServer2.java:addFilter(958)) - Added filter static_user_filter (class=org.apache.hadoop.http.lib.StaticUserWebFilter$StaticUserFilter) to context static
2019-07-13 12:38:31,170 INFO  http.HttpServer2 (HttpServer2.java:addFilter(958)) - Added filter static_user_filter (class=org.apache.hadoop.http.lib.StaticUserWebFilter$StaticUserFilter) to context logs
2019-07-13 12:38:31,171 INFO  http.HttpServer2 (HttpServer2.java:bindListener(1191)) - Jetty bound to port 39980
2019-07-13 12:38:31,171 INFO  server.Server (Server.java:doStart(351)) - jetty-9.3.24.v20180605, build timestamp: 2018-06-05T17:11:56Z, git hash: 84205aa28f11a4f31f2a3b86d1bba2cc8ab69827
2019-07-13 12:38:31,172 INFO  handler.ContextHandler (ContextHandler.java:doStart(781)) - Started o.e.j.s.ServletContextHandler@38d583cd{/logs,file:///tmp/workdir/hadoop-ozone/integration-test/target/log,AVAILABLE}
2019-07-13 12:38:31,173 INFO  handler.ContextHandler (ContextHandler.java:doStart(781)) - Started o.e.j.s.ServletContextHandler@4fa78886{/static,jar:file:/home/user/.m2/repository/org/apache/hadoop/hadoop-hdds-container-service/0.5.0-SNAPSHOT/hadoop-hdds-container-service-0.5.0-SNAPSHOT.jar!/webapps/static,AVAILABLE}
2019-07-13 12:38:31,198 INFO  handler.ContextHandler (ContextHandler.java:doStart(781)) - Started o.e.j.w.WebAppContext@3fc0f3c2{/,file:///tmp/jetty-0.0.0.0-39980-hddsDatanode-_-any-3887792635748915368.dir/webapp/,AVAILABLE}{/hddsDatanode}
2019-07-13 12:38:31,199 INFO  server.AbstractConnector (AbstractConnector.java:doStart(278)) - Started ServerConnector@5d233d7{HTTP/1.1,[http/1.1]}{0.0.0.0:39980}
2019-07-13 12:38:31,199 INFO  server.Server (Server.java:doStart(419)) - Started @701752ms
2019-07-13 12:38:31,201 INFO  server.BaseHttpServer (BaseHttpServer.java:updateConnectorAddress(207)) - HTTP server of HDDSDATANODE is listening at http://0.0.0.0:39980
2019-07-13 12:38:31,297 INFO  ozone.HddsDatanodeService (HddsDatanodeService.java:startPlugins(396)) - Started plug-in org.apache.hadoop.ozone.web.OzoneHddsDatanodeService@3ee9eaa7
2019-07-13 12:38:31,297 INFO  impl.MetricsSystemImpl (MetricsSystemImpl.java:init(158)) - HddsDatanode metrics system started (again)
2019-07-13 12:38:31,297 INFO  ozone.HddsDatanodeService (HddsDatanodeService.java:start(185)) - HddsDatanodeService host:trunk-nightly-q2gwj-1111726333 ip:192.168.5.181
2019-07-13 12:38:31,299 INFO  util.JvmPauseMonitor (JvmPauseMonitor.java:run(188)) - Starting JVM pause monitor
2019-07-13 12:38:31,300 INFO  datanode.InitDatanodeState (InitDatanodeState.java:persistContainerDatanodeDetails(140)) - DatanodeDetails is persisted to /tmp/workdir/hadoop-ozone/integration-test/target/test-dir/MiniOzoneClusterImpl-743a5529-b6df-4ed5-9bcc-240d76060713/datanode-1/meta/datanode.id
2019-07-13 12:38:31,312 INFO  volume.HddsVolume (HddsVolume.java:<init>(176)) - Creating Volume: /tmp/workdir/hadoop-ozone/integration-test/target/test-dir/MiniOzoneClusterImpl-743a5529-b6df-4ed5-9bcc-240d76060713/datanode-2/data/containers/hdds of  storage type : DISK and capacity : 52710309888
2019-07-13 12:38:31,312 INFO  volume.VolumeSet (VolumeSet.java:initializeVolumeSet(170)) - Added Volume : /tmp/workdir/hadoop-ozone/integration-test/target/test-dir/MiniOzoneClusterImpl-743a5529-b6df-4ed5-9bcc-240d76060713/datanode-2/data/containers/hdds to VolumeSet
2019-07-13 12:38:31,312 INFO  volume.ThrottledAsyncChecker (ThrottledAsyncChecker.java:schedule(140)) - Scheduling a check for org.apache.hadoop.ozone.container.common.volume.HddsVolume@c512269
2019-07-13 12:38:31,313 INFO  volume.HddsVolumeChecker (HddsVolumeChecker.java:checkAllVolumes(203)) - Scheduled health check for volume org.apache.hadoop.ozone.container.common.volume.HddsVolume@c512269
2019-07-13 12:38:31,327 INFO  impl.RaftServerProxy (ConfUtils.java:logGet(43)) - raft.rpc.type = GRPC (default)
2019-07-13 12:38:31,327 INFO  grpc.GrpcFactory (GrpcFactory.java:checkPooledByteBufAllocatorUseCacheForAllThreads(45)) - PERFORMANCE WARNING: useCacheForAllThreads is true that may cause Netty to create a lot garbage objects and, as a result, trigger GC.
	It is recommended to disable useCacheForAllThreads by setting -Dorg.apache.ratis.thirdparty.io.netty.allocator.useCacheForAllThreads=false in command line.
2019-07-13 12:38:31,327 INFO  grpc.GrpcConfigKeys$Server (ConfUtils.java:logGet(43)) - raft.grpc.server.port = 0 (default)
2019-07-13 12:38:31,328 INFO  server.GrpcService (ConfUtils.java:logGet(43)) - raft.grpc.message.size.max = 33570816 (custom)
2019-07-13 12:38:31,328 INFO  server.RaftServerConfigKeys (ConfUtils.java:logGet(43)) - raft.server.log.appender.buffer.byte-limit = 33554432 (custom)
2019-07-13 12:38:31,328 INFO  server.GrpcService (ConfUtils.java:logGet(43)) - raft.grpc.flow.control.window = 1MB (=1048576) (default)
2019-07-13 12:38:31,328 INFO  server.RaftServerConfigKeys (ConfUtils.java:logGet(43)) - raft.server.rpc.request.timeout = 3000ms (default)
2019-07-13 12:38:31,328 INFO  server.RaftServerConfigKeys (ConfUtils.java:logGet(43)) - raft.server.storage.dir = [/tmp/workdir/hadoop-ozone/integration-test/target/test-dir/MiniOzoneClusterImpl-743a5529-b6df-4ed5-9bcc-240d76060713/datanode-2/data/ratis] (custom)
2019-07-13 12:38:31,329 INFO  replication.SimpleContainerDownloader (SimpleContainerDownloader.java:<init>(72)) - Starting container downloader service to copy containers to replicate.
2019-07-13 12:38:31,330 INFO  hdfs.DFSUtil (DFSUtil.java:httpServerTemplateForNNAndJN(1641)) - Starting Web-server for hddsDatanode at: http://0.0.0.0:0
2019-07-13 12:38:31,331 INFO  server.AuthenticationFilter (AuthenticationFilter.java:constructSecretProvider(240)) - Unable to initialize FileSignerSecretProvider, falling back to use random secrets.
2019-07-13 12:38:31,331 WARN  http.HttpRequestLog (HttpRequestLog.java:getRequestLog(97)) - Jetty request log can only be enabled using Log4j
2019-07-13 12:38:31,332 INFO  http.HttpServer2 (HttpServer2.java:addGlobalFilter(975)) - Added global filter 'safety' (class=org.apache.hadoop.http.HttpServer2$QuotingInputFilter)
2019-07-13 12:38:31,332 INFO  http.HttpServer2 (HttpServer2.java:addFilter(948)) - Added filter static_user_filter (class=org.apache.hadoop.http.lib.StaticUserWebFilter$StaticUserFilter) to context hddsDatanode
2019-07-13 12:38:31,332 INFO  http.HttpServer2 (HttpServer2.java:addFilter(958)) - Added filter static_user_filter (class=org.apache.hadoop.http.lib.StaticUserWebFilter$StaticUserFilter) to context logs
2019-07-13 12:38:31,333 INFO  http.HttpServer2 (HttpServer2.java:addFilter(958)) - Added filter static_user_filter (class=org.apache.hadoop.http.lib.StaticUserWebFilter$StaticUserFilter) to context static
2019-07-13 12:38:31,333 INFO  http.HttpServer2 (HttpServer2.java:bindListener(1191)) - Jetty bound to port 45596
2019-07-13 12:38:31,333 INFO  server.Server (Server.java:doStart(351)) - jetty-9.3.24.v20180605, build timestamp: 2018-06-05T17:11:56Z, git hash: 84205aa28f11a4f31f2a3b86d1bba2cc8ab69827
2019-07-13 12:38:31,335 INFO  handler.ContextHandler (ContextHandler.java:doStart(781)) - Started o.e.j.s.ServletContextHandler@56912047{/logs,file:///tmp/workdir/hadoop-ozone/integration-test/target/log,AVAILABLE}
2019-07-13 12:38:31,335 INFO  handler.ContextHandler (ContextHandler.java:doStart(781)) - Started o.e.j.s.ServletContextHandler@258227dd{/static,jar:file:/home/user/.m2/repository/org/apache/hadoop/hadoop-hdds-container-service/0.5.0-SNAPSHOT/hadoop-hdds-container-service-0.5.0-SNAPSHOT.jar!/webapps/static,AVAILABLE}
2019-07-13 12:38:31,361 INFO  handler.ContextHandler (ContextHandler.java:doStart(781)) - Started o.e.j.w.WebAppContext@12cb9eda{/,file:///tmp/jetty-0.0.0.0-45596-hddsDatanode-_-any-917153593555835611.dir/webapp/,AVAILABLE}{/hddsDatanode}
2019-07-13 12:38:31,361 INFO  server.AbstractConnector (AbstractConnector.java:doStart(278)) - Started ServerConnector@70b38e0{HTTP/1.1,[http/1.1]}{0.0.0.0:45596}
2019-07-13 12:38:31,361 INFO  server.Server (Server.java:doStart(419)) - Started @701915ms
2019-07-13 12:38:31,364 INFO  server.BaseHttpServer (BaseHttpServer.java:updateConnectorAddress(207)) - HTTP server of HDDSDATANODE is listening at http://0.0.0.0:45596
2019-07-13 12:38:31,460 INFO  ozone.HddsDatanodeService (HddsDatanodeService.java:startPlugins(396)) - Started plug-in org.apache.hadoop.ozone.web.OzoneHddsDatanodeService@3e4aabde
2019-07-13 12:38:31,460 INFO  impl.MetricsSystemImpl (MetricsSystemImpl.java:init(158)) - HddsDatanode metrics system started (again)
2019-07-13 12:38:31,461 INFO  ozone.HddsDatanodeService (HddsDatanodeService.java:start(185)) - HddsDatanodeService host:trunk-nightly-q2gwj-1111726333 ip:192.168.5.181
2019-07-13 12:38:31,462 INFO  util.JvmPauseMonitor (JvmPauseMonitor.java:run(188)) - Starting JVM pause monitor
2019-07-13 12:38:31,463 INFO  datanode.InitDatanodeState (InitDatanodeState.java:persistContainerDatanodeDetails(140)) - DatanodeDetails is persisted to /tmp/workdir/hadoop-ozone/integration-test/target/test-dir/MiniOzoneClusterImpl-743a5529-b6df-4ed5-9bcc-240d76060713/datanode-2/meta/datanode.id
2019-07-13 12:38:31,474 INFO  volume.HddsVolume (HddsVolume.java:<init>(176)) - Creating Volume: /tmp/workdir/hadoop-ozone/integration-test/target/test-dir/MiniOzoneClusterImpl-743a5529-b6df-4ed5-9bcc-240d76060713/datanode-3/data/containers/hdds of  storage type : DISK and capacity : 52710309888
2019-07-13 12:38:31,474 INFO  volume.VolumeSet (VolumeSet.java:initializeVolumeSet(170)) - Added Volume : /tmp/workdir/hadoop-ozone/integration-test/target/test-dir/MiniOzoneClusterImpl-743a5529-b6df-4ed5-9bcc-240d76060713/datanode-3/data/containers/hdds to VolumeSet
2019-07-13 12:38:31,475 INFO  volume.ThrottledAsyncChecker (ThrottledAsyncChecker.java:schedule(140)) - Scheduling a check for org.apache.hadoop.ozone.container.common.volume.HddsVolume@5cef76a2
2019-07-13 12:38:31,475 INFO  volume.HddsVolumeChecker (HddsVolumeChecker.java:checkAllVolumes(203)) - Scheduled health check for volume org.apache.hadoop.ozone.container.common.volume.HddsVolume@5cef76a2
2019-07-13 12:38:31,494 INFO  impl.RaftServerProxy (ConfUtils.java:logGet(43)) - raft.rpc.type = GRPC (default)
2019-07-13 12:38:31,494 INFO  grpc.GrpcFactory (GrpcFactory.java:checkPooledByteBufAllocatorUseCacheForAllThreads(45)) - PERFORMANCE WARNING: useCacheForAllThreads is true that may cause Netty to create a lot garbage objects and, as a result, trigger GC.
	It is recommended to disable useCacheForAllThreads by setting -Dorg.apache.ratis.thirdparty.io.netty.allocator.useCacheForAllThreads=false in command line.
2019-07-13 12:38:31,495 INFO  grpc.GrpcConfigKeys$Server (ConfUtils.java:logGet(43)) - raft.grpc.server.port = 0 (default)
2019-07-13 12:38:31,495 INFO  server.GrpcService (ConfUtils.java:logGet(43)) - raft.grpc.message.size.max = 33570816 (custom)
2019-07-13 12:38:31,495 INFO  server.RaftServerConfigKeys (ConfUtils.java:logGet(43)) - raft.server.log.appender.buffer.byte-limit = 33554432 (custom)
2019-07-13 12:38:31,495 INFO  server.GrpcService (ConfUtils.java:logGet(43)) - raft.grpc.flow.control.window = 1MB (=1048576) (default)
2019-07-13 12:38:31,496 INFO  server.RaftServerConfigKeys (ConfUtils.java:logGet(43)) - raft.server.rpc.request.timeout = 3000ms (default)
2019-07-13 12:38:31,496 INFO  server.RaftServerConfigKeys (ConfUtils.java:logGet(43)) - raft.server.storage.dir = [/tmp/workdir/hadoop-ozone/integration-test/target/test-dir/MiniOzoneClusterImpl-743a5529-b6df-4ed5-9bcc-240d76060713/datanode-3/data/ratis] (custom)
2019-07-13 12:38:31,497 INFO  replication.SimpleContainerDownloader (SimpleContainerDownloader.java:<init>(72)) - Starting container downloader service to copy containers to replicate.
2019-07-13 12:38:31,498 INFO  hdfs.DFSUtil (DFSUtil.java:httpServerTemplateForNNAndJN(1641)) - Starting Web-server for hddsDatanode at: http://0.0.0.0:0
2019-07-13 12:38:31,499 INFO  server.AuthenticationFilter (AuthenticationFilter.java:constructSecretProvider(240)) - Unable to initialize FileSignerSecretProvider, falling back to use random secrets.
2019-07-13 12:38:31,500 WARN  http.HttpRequestLog (HttpRequestLog.java:getRequestLog(97)) - Jetty request log can only be enabled using Log4j
2019-07-13 12:38:31,501 INFO  http.HttpServer2 (HttpServer2.java:addGlobalFilter(975)) - Added global filter 'safety' (class=org.apache.hadoop.http.HttpServer2$QuotingInputFilter)
2019-07-13 12:38:31,502 INFO  http.HttpServer2 (HttpServer2.java:addFilter(948)) - Added filter static_user_filter (class=org.apache.hadoop.http.lib.StaticUserWebFilter$StaticUserFilter) to context hddsDatanode
2019-07-13 12:38:31,502 INFO  http.HttpServer2 (HttpServer2.java:addFilter(958)) - Added filter static_user_filter (class=org.apache.hadoop.http.lib.StaticUserWebFilter$StaticUserFilter) to context logs
2019-07-13 12:38:31,502 INFO  http.HttpServer2 (HttpServer2.java:addFilter(958)) - Added filter static_user_filter (class=org.apache.hadoop.http.lib.StaticUserWebFilter$StaticUserFilter) to context static
2019-07-13 12:38:31,504 INFO  http.HttpServer2 (HttpServer2.java:bindListener(1191)) - Jetty bound to port 42824
2019-07-13 12:38:31,504 INFO  server.Server (Server.java:doStart(351)) - jetty-9.3.24.v20180605, build timestamp: 2018-06-05T17:11:56Z, git hash: 84205aa28f11a4f31f2a3b86d1bba2cc8ab69827
2019-07-13 12:38:31,506 INFO  handler.ContextHandler (ContextHandler.java:doStart(781)) - Started o.e.j.s.ServletContextHandler@554b571b{/logs,file:///tmp/workdir/hadoop-ozone/integration-test/target/log,AVAILABLE}
2019-07-13 12:38:31,506 INFO  handler.ContextHandler (ContextHandler.java:doStart(781)) - Started o.e.j.s.ServletContextHandler@486e3116{/static,jar:file:/home/user/.m2/repository/org/apache/hadoop/hadoop-hdds-container-service/0.5.0-SNAPSHOT/hadoop-hdds-container-service-0.5.0-SNAPSHOT.jar!/webapps/static,AVAILABLE}
2019-07-13 12:38:31,548 INFO  handler.ContextHandler (ContextHandler.java:doStart(781)) - Started o.e.j.w.WebAppContext@1d7201cb{/,file:///tmp/jetty-0.0.0.0-42824-hddsDatanode-_-any-8266922527419625981.dir/webapp/,AVAILABLE}{/hddsDatanode}
2019-07-13 12:38:31,548 INFO  server.AbstractConnector (AbstractConnector.java:doStart(278)) - Started ServerConnector@1bb3d045{HTTP/1.1,[http/1.1]}{0.0.0.0:42824}
2019-07-13 12:38:31,550 INFO  server.Server (Server.java:doStart(419)) - Started @702103ms
2019-07-13 12:38:31,551 INFO  server.BaseHttpServer (BaseHttpServer.java:updateConnectorAddress(207)) - HTTP server of HDDSDATANODE is listening at http://0.0.0.0:42824
2019-07-13 12:38:31,658 INFO  ozone.HddsDatanodeService (HddsDatanodeService.java:startPlugins(396)) - Started plug-in org.apache.hadoop.ozone.web.OzoneHddsDatanodeService@5fae1b
2019-07-13 12:38:31,658 INFO  impl.MetricsSystemImpl (MetricsSystemImpl.java:init(158)) - HddsDatanode metrics system started (again)
2019-07-13 12:38:31,658 INFO  ozone.HddsDatanodeService (HddsDatanodeService.java:start(185)) - HddsDatanodeService host:trunk-nightly-q2gwj-1111726333 ip:192.168.5.181
2019-07-13 12:38:31,659 INFO  util.JvmPauseMonitor (JvmPauseMonitor.java:run(188)) - Starting JVM pause monitor
2019-07-13 12:38:31,661 INFO  datanode.InitDatanodeState (InitDatanodeState.java:persistContainerDatanodeDetails(140)) - DatanodeDetails is persisted to /tmp/workdir/hadoop-ozone/integration-test/target/test-dir/MiniOzoneClusterImpl-743a5529-b6df-4ed5-9bcc-240d76060713/datanode-3/meta/datanode.id
2019-07-13 12:38:31,672 INFO  volume.HddsVolume (HddsVolume.java:<init>(176)) - Creating Volume: /tmp/workdir/hadoop-ozone/integration-test/target/test-dir/MiniOzoneClusterImpl-743a5529-b6df-4ed5-9bcc-240d76060713/datanode-4/data/containers/hdds of  storage type : DISK and capacity : 52710309888
2019-07-13 12:38:31,673 INFO  volume.VolumeSet (VolumeSet.java:initializeVolumeSet(170)) - Added Volume : /tmp/workdir/hadoop-ozone/integration-test/target/test-dir/MiniOzoneClusterImpl-743a5529-b6df-4ed5-9bcc-240d76060713/datanode-4/data/containers/hdds to VolumeSet
2019-07-13 12:38:31,673 INFO  volume.ThrottledAsyncChecker (ThrottledAsyncChecker.java:schedule(140)) - Scheduling a check for org.apache.hadoop.ozone.container.common.volume.HddsVolume@594c830f
2019-07-13 12:38:31,673 INFO  volume.HddsVolumeChecker (HddsVolumeChecker.java:checkAllVolumes(203)) - Scheduled health check for volume org.apache.hadoop.ozone.container.common.volume.HddsVolume@594c830f
2019-07-13 12:38:31,686 INFO  impl.RaftServerProxy (ConfUtils.java:logGet(43)) - raft.rpc.type = GRPC (default)
2019-07-13 12:38:31,686 INFO  grpc.GrpcFactory (GrpcFactory.java:checkPooledByteBufAllocatorUseCacheForAllThreads(45)) - PERFORMANCE WARNING: useCacheForAllThreads is true that may cause Netty to create a lot garbage objects and, as a result, trigger GC.
	It is recommended to disable useCacheForAllThreads by setting -Dorg.apache.ratis.thirdparty.io.netty.allocator.useCacheForAllThreads=false in command line.
2019-07-13 12:38:31,687 INFO  grpc.GrpcConfigKeys$Server (ConfUtils.java:logGet(43)) - raft.grpc.server.port = 0 (default)
2019-07-13 12:38:31,687 INFO  server.GrpcService (ConfUtils.java:logGet(43)) - raft.grpc.message.size.max = 33570816 (custom)
2019-07-13 12:38:31,687 INFO  server.RaftServerConfigKeys (ConfUtils.java:logGet(43)) - raft.server.log.appender.buffer.byte-limit = 33554432 (custom)
2019-07-13 12:38:31,687 INFO  server.GrpcService (ConfUtils.java:logGet(43)) - raft.grpc.flow.control.window = 1MB (=1048576) (default)
2019-07-13 12:38:31,687 INFO  server.RaftServerConfigKeys (ConfUtils.java:logGet(43)) - raft.server.rpc.request.timeout = 3000ms (default)
2019-07-13 12:38:31,688 INFO  server.RaftServerConfigKeys (ConfUtils.java:logGet(43)) - raft.server.storage.dir = [/tmp/workdir/hadoop-ozone/integration-test/target/test-dir/MiniOzoneClusterImpl-743a5529-b6df-4ed5-9bcc-240d76060713/datanode-4/data/ratis] (custom)
2019-07-13 12:38:31,688 INFO  replication.SimpleContainerDownloader (SimpleContainerDownloader.java:<init>(72)) - Starting container downloader service to copy containers to replicate.
2019-07-13 12:38:31,689 INFO  hdfs.DFSUtil (DFSUtil.java:httpServerTemplateForNNAndJN(1641)) - Starting Web-server for hddsDatanode at: http://0.0.0.0:0
2019-07-13 12:38:31,690 INFO  server.AuthenticationFilter (AuthenticationFilter.java:constructSecretProvider(240)) - Unable to initialize FileSignerSecretProvider, falling back to use random secrets.
2019-07-13 12:38:31,691 WARN  http.HttpRequestLog (HttpRequestLog.java:getRequestLog(97)) - Jetty request log can only be enabled using Log4j
2019-07-13 12:38:31,692 INFO  http.HttpServer2 (HttpServer2.java:addGlobalFilter(975)) - Added global filter 'safety' (class=org.apache.hadoop.http.HttpServer2$QuotingInputFilter)
2019-07-13 12:38:31,692 INFO  http.HttpServer2 (HttpServer2.java:addFilter(948)) - Added filter static_user_filter (class=org.apache.hadoop.http.lib.StaticUserWebFilter$StaticUserFilter) to context hddsDatanode
2019-07-13 12:38:31,692 INFO  http.HttpServer2 (HttpServer2.java:addFilter(958)) - Added filter static_user_filter (class=org.apache.hadoop.http.lib.StaticUserWebFilter$StaticUserFilter) to context static
2019-07-13 12:38:31,692 INFO  http.HttpServer2 (HttpServer2.java:addFilter(958)) - Added filter static_user_filter (class=org.apache.hadoop.http.lib.StaticUserWebFilter$StaticUserFilter) to context logs
2019-07-13 12:38:31,693 INFO  http.HttpServer2 (HttpServer2.java:bindListener(1191)) - Jetty bound to port 45388
2019-07-13 12:38:31,693 INFO  server.Server (Server.java:doStart(351)) - jetty-9.3.24.v20180605, build timestamp: 2018-06-05T17:11:56Z, git hash: 84205aa28f11a4f31f2a3b86d1bba2cc8ab69827
2019-07-13 12:38:31,694 INFO  handler.ContextHandler (ContextHandler.java:doStart(781)) - Started o.e.j.s.ServletContextHandler@4d8d21a3{/logs,file:///tmp/workdir/hadoop-ozone/integration-test/target/log,AVAILABLE}
2019-07-13 12:38:31,695 INFO  handler.ContextHandler (ContextHandler.java:doStart(781)) - Started o.e.j.s.ServletContextHandler@2e87a250{/static,jar:file:/home/user/.m2/repository/org/apache/hadoop/hadoop-hdds-container-service/0.5.0-SNAPSHOT/hadoop-hdds-container-service-0.5.0-SNAPSHOT.jar!/webapps/static,AVAILABLE}
2019-07-13 12:38:31,720 INFO  handler.ContextHandler (ContextHandler.java:doStart(781)) - Started o.e.j.w.WebAppContext@7d97eeb4{/,file:///tmp/jetty-0.0.0.0-45388-hddsDatanode-_-any-2485315087852874276.dir/webapp/,AVAILABLE}{/hddsDatanode}
2019-07-13 12:38:31,720 INFO  server.AbstractConnector (AbstractConnector.java:doStart(278)) - Started ServerConnector@2728e166{HTTP/1.1,[http/1.1]}{0.0.0.0:45388}
2019-07-13 12:38:31,721 INFO  server.Server (Server.java:doStart(419)) - Started @702274ms
2019-07-13 12:38:31,722 INFO  server.BaseHttpServer (BaseHttpServer.java:updateConnectorAddress(207)) - HTTP server of HDDSDATANODE is listening at http://0.0.0.0:45388
2019-07-13 12:38:31,816 INFO  ozone.HddsDatanodeService (HddsDatanodeService.java:startPlugins(396)) - Started plug-in org.apache.hadoop.ozone.web.OzoneHddsDatanodeService@67ee26af
2019-07-13 12:38:31,817 INFO  impl.MetricsSystemImpl (MetricsSystemImpl.java:init(158)) - HddsDatanode metrics system started (again)
2019-07-13 12:38:31,817 INFO  ozone.HddsDatanodeService (HddsDatanodeService.java:start(185)) - HddsDatanodeService host:trunk-nightly-q2gwj-1111726333 ip:192.168.5.181
2019-07-13 12:38:31,818 INFO  util.JvmPauseMonitor (JvmPauseMonitor.java:run(188)) - Starting JVM pause monitor
2019-07-13 12:38:31,819 INFO  datanode.InitDatanodeState (InitDatanodeState.java:persistContainerDatanodeDetails(140)) - DatanodeDetails is persisted to /tmp/workdir/hadoop-ozone/integration-test/target/test-dir/MiniOzoneClusterImpl-743a5529-b6df-4ed5-9bcc-240d76060713/datanode-4/meta/datanode.id
2019-07-13 12:38:31,831 INFO  volume.HddsVolume (HddsVolume.java:<init>(176)) - Creating Volume: /tmp/workdir/hadoop-ozone/integration-test/target/test-dir/MiniOzoneClusterImpl-743a5529-b6df-4ed5-9bcc-240d76060713/datanode-5/data/containers/hdds of  storage type : DISK and capacity : 52710309888
2019-07-13 12:38:31,831 INFO  volume.VolumeSet (VolumeSet.java:initializeVolumeSet(170)) - Added Volume : /tmp/workdir/hadoop-ozone/integration-test/target/test-dir/MiniOzoneClusterImpl-743a5529-b6df-4ed5-9bcc-240d76060713/datanode-5/data/containers/hdds to VolumeSet
2019-07-13 12:38:31,831 INFO  volume.ThrottledAsyncChecker (ThrottledAsyncChecker.java:schedule(140)) - Scheduling a check for org.apache.hadoop.ozone.container.common.volume.HddsVolume@3a7ba368
2019-07-13 12:38:31,831 INFO  volume.HddsVolumeChecker (HddsVolumeChecker.java:checkAllVolumes(203)) - Scheduled health check for volume org.apache.hadoop.ozone.container.common.volume.HddsVolume@3a7ba368
2019-07-13 12:38:31,845 INFO  impl.RaftServerProxy (ConfUtils.java:logGet(43)) - raft.rpc.type = GRPC (default)
2019-07-13 12:38:31,846 INFO  grpc.GrpcFactory (GrpcFactory.java:checkPooledByteBufAllocatorUseCacheForAllThreads(45)) - PERFORMANCE WARNING: useCacheForAllThreads is true that may cause Netty to create a lot garbage objects and, as a result, trigger GC.
	It is recommended to disable useCacheForAllThreads by setting -Dorg.apache.ratis.thirdparty.io.netty.allocator.useCacheForAllThreads=false in command line.
2019-07-13 12:38:31,846 INFO  grpc.GrpcConfigKeys$Server (ConfUtils.java:logGet(43)) - raft.grpc.server.port = 0 (default)
2019-07-13 12:38:31,846 INFO  server.GrpcService (ConfUtils.java:logGet(43)) - raft.grpc.message.size.max = 33570816 (custom)
2019-07-13 12:38:31,846 INFO  server.RaftServerConfigKeys (ConfUtils.java:logGet(43)) - raft.server.log.appender.buffer.byte-limit = 33554432 (custom)
2019-07-13 12:38:31,846 INFO  server.GrpcService (ConfUtils.java:logGet(43)) - raft.grpc.flow.control.window = 1MB (=1048576) (default)
2019-07-13 12:38:31,847 INFO  server.RaftServerConfigKeys (ConfUtils.java:logGet(43)) - raft.server.rpc.request.timeout = 3000ms (default)
2019-07-13 12:38:31,847 INFO  server.RaftServerConfigKeys (ConfUtils.java:logGet(43)) - raft.server.storage.dir = [/tmp/workdir/hadoop-ozone/integration-test/target/test-dir/MiniOzoneClusterImpl-743a5529-b6df-4ed5-9bcc-240d76060713/datanode-5/data/ratis] (custom)
2019-07-13 12:38:31,847 INFO  replication.SimpleContainerDownloader (SimpleContainerDownloader.java:<init>(72)) - Starting container downloader service to copy containers to replicate.
2019-07-13 12:38:31,848 INFO  hdfs.DFSUtil (DFSUtil.java:httpServerTemplateForNNAndJN(1641)) - Starting Web-server for hddsDatanode at: http://0.0.0.0:0
2019-07-13 12:38:31,849 INFO  server.AuthenticationFilter (AuthenticationFilter.java:constructSecretProvider(240)) - Unable to initialize FileSignerSecretProvider, falling back to use random secrets.
2019-07-13 12:38:31,850 WARN  http.HttpRequestLog (HttpRequestLog.java:getRequestLog(97)) - Jetty request log can only be enabled using Log4j
2019-07-13 12:38:31,850 INFO  http.HttpServer2 (HttpServer2.java:addGlobalFilter(975)) - Added global filter 'safety' (class=org.apache.hadoop.http.HttpServer2$QuotingInputFilter)
2019-07-13 12:38:31,851 INFO  http.HttpServer2 (HttpServer2.java:addFilter(948)) - Added filter static_user_filter (class=org.apache.hadoop.http.lib.StaticUserWebFilter$StaticUserFilter) to context hddsDatanode
2019-07-13 12:38:31,851 INFO  http.HttpServer2 (HttpServer2.java:addFilter(958)) - Added filter static_user_filter (class=org.apache.hadoop.http.lib.StaticUserWebFilter$StaticUserFilter) to context logs
2019-07-13 12:38:31,851 INFO  http.HttpServer2 (HttpServer2.java:addFilter(958)) - Added filter static_user_filter (class=org.apache.hadoop.http.lib.StaticUserWebFilter$StaticUserFilter) to context static
2019-07-13 12:38:31,851 INFO  http.HttpServer2 (HttpServer2.java:bindListener(1191)) - Jetty bound to port 35749
2019-07-13 12:38:31,852 INFO  server.Server (Server.java:doStart(351)) - jetty-9.3.24.v20180605, build timestamp: 2018-06-05T17:11:56Z, git hash: 84205aa28f11a4f31f2a3b86d1bba2cc8ab69827
2019-07-13 12:38:31,853 INFO  handler.ContextHandler (ContextHandler.java:doStart(781)) - Started o.e.j.s.ServletContextHandler@16c30e11{/logs,file:///tmp/workdir/hadoop-ozone/integration-test/target/log,AVAILABLE}
2019-07-13 12:38:31,854 INFO  handler.ContextHandler (ContextHandler.java:doStart(781)) - Started o.e.j.s.ServletContextHandler@78ceb8cd{/static,jar:file:/home/user/.m2/repository/org/apache/hadoop/hadoop-hdds-container-service/0.5.0-SNAPSHOT/hadoop-hdds-container-service-0.5.0-SNAPSHOT.jar!/webapps/static,AVAILABLE}
2019-07-13 12:38:31,879 INFO  handler.ContextHandler (ContextHandler.java:doStart(781)) - Started o.e.j.w.WebAppContext@6d548d27{/,file:///tmp/jetty-0.0.0.0-35749-hddsDatanode-_-any-8342571573378793923.dir/webapp/,AVAILABLE}{/hddsDatanode}
2019-07-13 12:38:31,880 INFO  server.AbstractConnector (AbstractConnector.java:doStart(278)) - Started ServerConnector@4e8c139a{HTTP/1.1,[http/1.1]}{0.0.0.0:35749}
2019-07-13 12:38:31,880 INFO  server.Server (Server.java:doStart(419)) - Started @702433ms
2019-07-13 12:38:31,882 INFO  server.BaseHttpServer (BaseHttpServer.java:updateConnectorAddress(207)) - HTTP server of HDDSDATANODE is listening at http://0.0.0.0:35749
2019-07-13 12:38:31,976 INFO  ozone.HddsDatanodeService (HddsDatanodeService.java:startPlugins(396)) - Started plug-in org.apache.hadoop.ozone.web.OzoneHddsDatanodeService@69e4e90b
2019-07-13 12:38:31,977 INFO  impl.MetricsSystemImpl (MetricsSystemImpl.java:init(158)) - HddsDatanode metrics system started (again)
2019-07-13 12:38:31,977 INFO  ozone.HddsDatanodeService (HddsDatanodeService.java:start(185)) - HddsDatanodeService host:trunk-nightly-q2gwj-1111726333 ip:192.168.5.181
2019-07-13 12:38:31,978 INFO  util.JvmPauseMonitor (JvmPauseMonitor.java:run(188)) - Starting JVM pause monitor
2019-07-13 12:38:31,979 INFO  datanode.InitDatanodeState (InitDatanodeState.java:persistContainerDatanodeDetails(140)) - DatanodeDetails is persisted to /tmp/workdir/hadoop-ozone/integration-test/target/test-dir/MiniOzoneClusterImpl-743a5529-b6df-4ed5-9bcc-240d76060713/datanode-5/meta/datanode.id
2019-07-13 12:38:31,991 INFO  volume.HddsVolume (HddsVolume.java:<init>(176)) - Creating Volume: /tmp/workdir/hadoop-ozone/integration-test/target/test-dir/MiniOzoneClusterImpl-743a5529-b6df-4ed5-9bcc-240d76060713/datanode-6/data/containers/hdds of  storage type : DISK and capacity : 52710309888
2019-07-13 12:38:31,991 INFO  volume.VolumeSet (VolumeSet.java:initializeVolumeSet(170)) - Added Volume : /tmp/workdir/hadoop-ozone/integration-test/target/test-dir/MiniOzoneClusterImpl-743a5529-b6df-4ed5-9bcc-240d76060713/datanode-6/data/containers/hdds to VolumeSet
2019-07-13 12:38:31,991 INFO  volume.ThrottledAsyncChecker (ThrottledAsyncChecker.java:schedule(140)) - Scheduling a check for org.apache.hadoop.ozone.container.common.volume.HddsVolume@18505320
2019-07-13 12:38:31,992 INFO  volume.HddsVolumeChecker (HddsVolumeChecker.java:checkAllVolumes(203)) - Scheduled health check for volume org.apache.hadoop.ozone.container.common.volume.HddsVolume@18505320
2019-07-13 12:38:32,005 INFO  impl.RaftServerProxy (ConfUtils.java:logGet(43)) - raft.rpc.type = GRPC (default)
2019-07-13 12:38:32,005 INFO  grpc.GrpcFactory (GrpcFactory.java:checkPooledByteBufAllocatorUseCacheForAllThreads(45)) - PERFORMANCE WARNING: useCacheForAllThreads is true that may cause Netty to create a lot garbage objects and, as a result, trigger GC.
	It is recommended to disable useCacheForAllThreads by setting -Dorg.apache.ratis.thirdparty.io.netty.allocator.useCacheForAllThreads=false in command line.
2019-07-13 12:38:32,005 INFO  grpc.GrpcConfigKeys$Server (ConfUtils.java:logGet(43)) - raft.grpc.server.port = 0 (default)
2019-07-13 12:38:32,005 INFO  server.GrpcService (ConfUtils.java:logGet(43)) - raft.grpc.message.size.max = 33570816 (custom)
2019-07-13 12:38:32,005 INFO  server.RaftServerConfigKeys (ConfUtils.java:logGet(43)) - raft.server.log.appender.buffer.byte-limit = 33554432 (custom)
2019-07-13 12:38:32,005 INFO  server.GrpcService (ConfUtils.java:logGet(43)) - raft.grpc.flow.control.window = 1MB (=1048576) (default)
2019-07-13 12:38:32,006 INFO  server.RaftServerConfigKeys (ConfUtils.java:logGet(43)) - raft.server.rpc.request.timeout = 3000ms (default)
2019-07-13 12:38:32,006 INFO  server.RaftServerConfigKeys (ConfUtils.java:logGet(43)) - raft.server.storage.dir = [/tmp/workdir/hadoop-ozone/integration-test/target/test-dir/MiniOzoneClusterImpl-743a5529-b6df-4ed5-9bcc-240d76060713/datanode-6/data/ratis] (custom)
2019-07-13 12:38:32,006 INFO  replication.SimpleContainerDownloader (SimpleContainerDownloader.java:<init>(72)) - Starting container downloader service to copy containers to replicate.
2019-07-13 12:38:32,007 INFO  hdfs.DFSUtil (DFSUtil.java:httpServerTemplateForNNAndJN(1641)) - Starting Web-server for hddsDatanode at: http://0.0.0.0:0
2019-07-13 12:38:32,008 INFO  server.AuthenticationFilter (AuthenticationFilter.java:constructSecretProvider(240)) - Unable to initialize FileSignerSecretProvider, falling back to use random secrets.
2019-07-13 12:38:32,009 WARN  http.HttpRequestLog (HttpRequestLog.java:getRequestLog(97)) - Jetty request log can only be enabled using Log4j
2019-07-13 12:38:32,009 INFO  http.HttpServer2 (HttpServer2.java:addGlobalFilter(975)) - Added global filter 'safety' (class=org.apache.hadoop.http.HttpServer2$QuotingInputFilter)
2019-07-13 12:38:32,010 INFO  http.HttpServer2 (HttpServer2.java:addFilter(948)) - Added filter static_user_filter (class=org.apache.hadoop.http.lib.StaticUserWebFilter$StaticUserFilter) to context hddsDatanode
2019-07-13 12:38:32,010 INFO  http.HttpServer2 (HttpServer2.java:addFilter(958)) - Added filter static_user_filter (class=org.apache.hadoop.http.lib.StaticUserWebFilter$StaticUserFilter) to context logs
2019-07-13 12:38:32,010 INFO  http.HttpServer2 (HttpServer2.java:addFilter(958)) - Added filter static_user_filter (class=org.apache.hadoop.http.lib.StaticUserWebFilter$StaticUserFilter) to context static
2019-07-13 12:38:32,011 INFO  http.HttpServer2 (HttpServer2.java:bindListener(1191)) - Jetty bound to port 36611
2019-07-13 12:38:32,011 INFO  server.Server (Server.java:doStart(351)) - jetty-9.3.24.v20180605, build timestamp: 2018-06-05T17:11:56Z, git hash: 84205aa28f11a4f31f2a3b86d1bba2cc8ab69827
2019-07-13 12:38:32,012 INFO  handler.ContextHandler (ContextHandler.java:doStart(781)) - Started o.e.j.s.ServletContextHandler@24b2e53b{/logs,file:///tmp/workdir/hadoop-ozone/integration-test/target/log,AVAILABLE}
2019-07-13 12:38:32,012 INFO  handler.ContextHandler (ContextHandler.java:doStart(781)) - Started o.e.j.s.ServletContextHandler@60ca607{/static,jar:file:/home/user/.m2/repository/org/apache/hadoop/hadoop-hdds-container-service/0.5.0-SNAPSHOT/hadoop-hdds-container-service-0.5.0-SNAPSHOT.jar!/webapps/static,AVAILABLE}
2019-07-13 12:38:32,040 INFO  handler.ContextHandler (ContextHandler.java:doStart(781)) - Started o.e.j.w.WebAppContext@32d3bc83{/,file:///tmp/jetty-0.0.0.0-36611-hddsDatanode-_-any-6178219100759059477.dir/webapp/,AVAILABLE}{/hddsDatanode}
2019-07-13 12:38:32,040 INFO  server.AbstractConnector (AbstractConnector.java:doStart(278)) - Started ServerConnector@7ef59e5d{HTTP/1.1,[http/1.1]}{0.0.0.0:36611}
2019-07-13 12:38:32,040 INFO  server.Server (Server.java:doStart(419)) - Started @702594ms
2019-07-13 12:38:32,043 INFO  server.BaseHttpServer (BaseHttpServer.java:updateConnectorAddress(207)) - HTTP server of HDDSDATANODE is listening at http://0.0.0.0:36611
2019-07-13 12:38:32,139 INFO  ozone.HddsDatanodeService (HddsDatanodeService.java:startPlugins(396)) - Started plug-in org.apache.hadoop.ozone.web.OzoneHddsDatanodeService@2a8ff32
2019-07-13 12:38:32,139 INFO  ozone.MiniOzoneClusterImpl (MiniOzoneClusterImpl.java:lambda$waitForClusterToBeReady$0(142)) - Waiting for cluster to be ready. Got 0 of 7 DN Heartbeats.
2019-07-13 12:38:32,141 INFO  util.JvmPauseMonitor (JvmPauseMonitor.java:run(188)) - Starting JVM pause monitor
2019-07-13 12:38:32,142 INFO  datanode.InitDatanodeState (InitDatanodeState.java:persistContainerDatanodeDetails(140)) - DatanodeDetails is persisted to /tmp/workdir/hadoop-ozone/integration-test/target/test-dir/MiniOzoneClusterImpl-743a5529-b6df-4ed5-9bcc-240d76060713/datanode-6/meta/datanode.id
2019-07-13 12:38:33,141 INFO  ozone.MiniOzoneClusterImpl (MiniOzoneClusterImpl.java:lambda$waitForClusterToBeReady$0(142)) - Waiting for cluster to be ready. Got 0 of 7 DN Heartbeats.
2019-07-13 12:38:33,155 INFO  ozoneimpl.OzoneContainer (OzoneContainer.java:start(186)) - Attempting to start container services.
2019-07-13 12:38:33,156 INFO  ozoneimpl.OzoneContainer (OzoneContainer.java:startContainerScrub(160)) - Background container scrubber has been disabled by hdds.containerscrub.enabled
2019-07-13 12:38:33,156 INFO  ratis.XceiverServerRatis (XceiverServerRatis.java:start(418)) - Starting XceiverServerRatis eb40b4b4-a33d-4c1f-ac18-dfc1db024a77 at port 0
2019-07-13 12:38:33,163 INFO  impl.RaftServerProxy (RaftServerProxy.java:lambda$start$3(299)) - eb40b4b4-a33d-4c1f-ac18-dfc1db024a77: start RPC server
2019-07-13 12:38:33,165 INFO  server.GrpcService (GrpcService.java:startImpl(149)) - eb40b4b4-a33d-4c1f-ac18-dfc1db024a77: GrpcService started, listening on 0.0.0.0/0.0.0.0:34925
2019-07-13 12:38:33,165 INFO  ratis.XceiverServerRatis (XceiverServerRatis.java:start(428)) - XceiverServerRatis eb40b4b4-a33d-4c1f-ac18-dfc1db024a77 is started using port 34925
2019-07-13 12:38:33,165 INFO  server.XceiverServerGrpc (XceiverServerGrpc.java:start(161)) - XceiverServerGrpc eb40b4b4-a33d-4c1f-ac18-dfc1db024a77 is started using port 36949
2019-07-13 12:38:33,314 INFO  ozoneimpl.OzoneContainer (OzoneContainer.java:start(186)) - Attempting to start container services.
2019-07-13 12:38:33,314 INFO  ozoneimpl.OzoneContainer (OzoneContainer.java:startContainerScrub(160)) - Background container scrubber has been disabled by hdds.containerscrub.enabled
2019-07-13 12:38:33,314 INFO  ratis.XceiverServerRatis (XceiverServerRatis.java:start(418)) - Starting XceiverServerRatis 8a9999cf-3719-4cd8-bc6e-d9c7a20464e5 at port 0
2019-07-13 12:38:33,321 INFO  impl.RaftServerProxy (RaftServerProxy.java:lambda$start$3(299)) - 8a9999cf-3719-4cd8-bc6e-d9c7a20464e5: start RPC server
2019-07-13 12:38:33,331 INFO  server.GrpcService (GrpcService.java:startImpl(149)) - 8a9999cf-3719-4cd8-bc6e-d9c7a20464e5: GrpcService started, listening on 0.0.0.0/0.0.0.0:35786
2019-07-13 12:38:33,331 INFO  ratis.XceiverServerRatis (XceiverServerRatis.java:start(428)) - XceiverServerRatis 8a9999cf-3719-4cd8-bc6e-d9c7a20464e5 is started using port 35786
2019-07-13 12:38:33,334 INFO  server.XceiverServerGrpc (XceiverServerGrpc.java:start(161)) - XceiverServerGrpc 8a9999cf-3719-4cd8-bc6e-d9c7a20464e5 is started using port 37080
2019-07-13 12:38:33,467 INFO  ozoneimpl.OzoneContainer (OzoneContainer.java:start(186)) - Attempting to start container services.
2019-07-13 12:38:33,468 INFO  ozoneimpl.OzoneContainer (OzoneContainer.java:startContainerScrub(160)) - Background container scrubber has been disabled by hdds.containerscrub.enabled
2019-07-13 12:38:33,468 INFO  ratis.XceiverServerRatis (XceiverServerRatis.java:start(418)) - Starting XceiverServerRatis f977b8ff-d01f-4acd-98a8-c6ecbc23fea0 at port 0
2019-07-13 12:38:33,475 INFO  impl.RaftServerProxy (RaftServerProxy.java:lambda$start$3(299)) - f977b8ff-d01f-4acd-98a8-c6ecbc23fea0: start RPC server
2019-07-13 12:38:33,476 INFO  server.GrpcService (GrpcService.java:startImpl(149)) - f977b8ff-d01f-4acd-98a8-c6ecbc23fea0: GrpcService started, listening on 0.0.0.0/0.0.0.0:46159
2019-07-13 12:38:33,476 INFO  ratis.XceiverServerRatis (XceiverServerRatis.java:start(428)) - XceiverServerRatis f977b8ff-d01f-4acd-98a8-c6ecbc23fea0 is started using port 46159
2019-07-13 12:38:33,487 INFO  server.XceiverServerGrpc (XceiverServerGrpc.java:start(161)) - XceiverServerGrpc f977b8ff-d01f-4acd-98a8-c6ecbc23fea0 is started using port 41783
2019-07-13 12:38:33,664 INFO  ozoneimpl.OzoneContainer (OzoneContainer.java:start(186)) - Attempting to start container services.
2019-07-13 12:38:33,664 INFO  ozoneimpl.OzoneContainer (OzoneContainer.java:startContainerScrub(160)) - Background container scrubber has been disabled by hdds.containerscrub.enabled
2019-07-13 12:38:33,664 INFO  ratis.XceiverServerRatis (XceiverServerRatis.java:start(418)) - Starting XceiverServerRatis deb62537-6eb8-4564-9b10-f1b0b3344442 at port 0
2019-07-13 12:38:33,671 INFO  impl.RaftServerProxy (RaftServerProxy.java:lambda$start$3(299)) - deb62537-6eb8-4564-9b10-f1b0b3344442: start RPC server
2019-07-13 12:38:33,674 INFO  server.GrpcService (GrpcService.java:startImpl(149)) - deb62537-6eb8-4564-9b10-f1b0b3344442: GrpcService started, listening on 0.0.0.0/0.0.0.0:40187
2019-07-13 12:38:33,674 INFO  ratis.XceiverServerRatis (XceiverServerRatis.java:start(428)) - XceiverServerRatis deb62537-6eb8-4564-9b10-f1b0b3344442 is started using port 40187
2019-07-13 12:38:33,677 INFO  server.XceiverServerGrpc (XceiverServerGrpc.java:start(161)) - XceiverServerGrpc deb62537-6eb8-4564-9b10-f1b0b3344442 is started using port 37476
2019-07-13 12:38:33,830 INFO  ozoneimpl.OzoneContainer (OzoneContainer.java:start(186)) - Attempting to start container services.
2019-07-13 12:38:33,831 INFO  ozoneimpl.OzoneContainer (OzoneContainer.java:startContainerScrub(160)) - Background container scrubber has been disabled by hdds.containerscrub.enabled
2019-07-13 12:38:33,831 INFO  ratis.XceiverServerRatis (XceiverServerRatis.java:start(418)) - Starting XceiverServerRatis 09a1fb29-1832-4d2a-b79c-4db4231ad6a4 at port 0
2019-07-13 12:38:33,839 INFO  impl.RaftServerProxy (RaftServerProxy.java:lambda$start$3(299)) - 09a1fb29-1832-4d2a-b79c-4db4231ad6a4: start RPC server
2019-07-13 12:38:33,839 INFO  server.GrpcService (GrpcService.java:startImpl(149)) - 09a1fb29-1832-4d2a-b79c-4db4231ad6a4: GrpcService started, listening on 0.0.0.0/0.0.0.0:43327
2019-07-13 12:38:33,840 INFO  ratis.XceiverServerRatis (XceiverServerRatis.java:start(428)) - XceiverServerRatis 09a1fb29-1832-4d2a-b79c-4db4231ad6a4 is started using port 43327
2019-07-13 12:38:33,840 INFO  server.XceiverServerGrpc (XceiverServerGrpc.java:start(161)) - XceiverServerGrpc 09a1fb29-1832-4d2a-b79c-4db4231ad6a4 is started using port 42736
2019-07-13 12:38:33,984 INFO  ozoneimpl.OzoneContainer (OzoneContainer.java:start(186)) - Attempting to start container services.
2019-07-13 12:38:33,984 INFO  ozoneimpl.OzoneContainer (OzoneContainer.java:startContainerScrub(160)) - Background container scrubber has been disabled by hdds.containerscrub.enabled
2019-07-13 12:38:33,984 INFO  ratis.XceiverServerRatis (XceiverServerRatis.java:start(418)) - Starting XceiverServerRatis 326ee94b-e5a9-471b-85f6-2a1b7e5d49ea at port 0
2019-07-13 12:38:33,992 INFO  impl.RaftServerProxy (RaftServerProxy.java:lambda$start$3(299)) - 326ee94b-e5a9-471b-85f6-2a1b7e5d49ea: start RPC server
2019-07-13 12:38:33,992 INFO  server.GrpcService (GrpcService.java:startImpl(149)) - 326ee94b-e5a9-471b-85f6-2a1b7e5d49ea: GrpcService started, listening on 0.0.0.0/0.0.0.0:34068
2019-07-13 12:38:33,993 INFO  ratis.XceiverServerRatis (XceiverServerRatis.java:start(428)) - XceiverServerRatis 326ee94b-e5a9-471b-85f6-2a1b7e5d49ea is started using port 34068
2019-07-13 12:38:33,993 INFO  server.XceiverServerGrpc (XceiverServerGrpc.java:start(161)) - XceiverServerGrpc 326ee94b-e5a9-471b-85f6-2a1b7e5d49ea is started using port 34480
2019-07-13 12:38:34,142 INFO  ozone.MiniOzoneClusterImpl (MiniOzoneClusterImpl.java:lambda$waitForClusterToBeReady$0(142)) - Waiting for cluster to be ready. Got 0 of 7 DN Heartbeats.
2019-07-13 12:38:34,153 INFO  ozoneimpl.OzoneContainer (OzoneContainer.java:start(186)) - Attempting to start container services.
2019-07-13 12:38:34,153 INFO  ozoneimpl.OzoneContainer (OzoneContainer.java:startContainerScrub(160)) - Background container scrubber has been disabled by hdds.containerscrub.enabled
2019-07-13 12:38:34,153 INFO  ratis.XceiverServerRatis (XceiverServerRatis.java:start(418)) - Starting XceiverServerRatis b97c2ab7-6070-4e00-b613-fe8f83466489 at port 0
2019-07-13 12:38:34,161 INFO  impl.RaftServerProxy (RaftServerProxy.java:lambda$start$3(299)) - b97c2ab7-6070-4e00-b613-fe8f83466489: start RPC server
2019-07-13 12:38:34,161 INFO  server.GrpcService (GrpcService.java:startImpl(149)) - b97c2ab7-6070-4e00-b613-fe8f83466489: GrpcService started, listening on 0.0.0.0/0.0.0.0:33519
2019-07-13 12:38:34,162 INFO  ratis.XceiverServerRatis (XceiverServerRatis.java:start(428)) - XceiverServerRatis b97c2ab7-6070-4e00-b613-fe8f83466489 is started using port 33519
2019-07-13 12:38:34,166 INFO  server.XceiverServerGrpc (XceiverServerGrpc.java:start(161)) - XceiverServerGrpc b97c2ab7-6070-4e00-b613-fe8f83466489 is started using port 43457
2019-07-13 12:38:35,145 INFO  ozone.MiniOzoneClusterImpl (MiniOzoneClusterImpl.java:lambda$waitForClusterToBeReady$0(142)) - Waiting for cluster to be ready. Got 1 of 7 DN Heartbeats.
2019-07-13 12:38:35,145 INFO  net.NetworkTopology (NetworkTopologyImpl.java:add(110)) - Added a new node: /default-rack/192.168.5.181
2019-07-13 12:38:35,148 INFO  node.SCMNodeManager (SCMNodeManager.java:register(269)) - Registered Data node : eb40b4b4-a33d-4c1f-ac18-dfc1db024a77{ip: 192.168.5.181, host: trunk-nightly-q2gwj-1111726333, networkLocation: /default-rack, certSerialId: null}
2019-07-13 12:38:35,149 INFO  safemode.SCMSafeModeManager (DataNodeSafeModeRule.java:process(71)) - SCM in safe mode. 1 DataNodes registered, 1 required.
2019-07-13 12:38:35,152 INFO  safemode.SCMSafeModeManager (SCMSafeModeManager.java:validateSafeModeExitRules(177)) - ScmSafeModeManager, all rules are successfully validated
2019-07-13 12:38:35,152 INFO  safemode.SCMSafeModeManager (SCMSafeModeManager.java:exitSafeMode(193)) - SCM exiting safe mode.
2019-07-13 12:38:35,158 INFO  impl.RaftServerProxy (RaftServerProxy.java:addNew(89)) - eb40b4b4-a33d-4c1f-ac18-dfc1db024a77: addNew group-4F0525C974C2:[eb40b4b4-a33d-4c1f-ac18-dfc1db024a77:192.168.5.181:34925] returns group-4F0525C974C2:java.util.concurrent.CompletableFuture@1f84c68e[Not completed]
2019-07-13 12:38:35,159 INFO  impl.RaftServerImpl (RaftServerImpl.java:<init>(93)) - eb40b4b4-a33d-4c1f-ac18-dfc1db024a77: new RaftServerImpl for group-4F0525C974C2:[eb40b4b4-a33d-4c1f-ac18-dfc1db024a77:192.168.5.181:34925] with ContainerStateMachine:uninitialized
2019-07-13 12:38:35,159 INFO  server.RaftServerConfigKeys (ConfUtils.java:logGet(43)) - raft.server.rpc.timeout.min = 5s (custom)
2019-07-13 12:38:35,160 INFO  server.RaftServerConfigKeys (ConfUtils.java:logGet(43)) - raft.server.rpc.timeout.max = 5200ms (custom)
2019-07-13 12:38:35,160 INFO  server.RaftServerConfigKeys (ConfUtils.java:logGet(43)) - raft.server.rpcslowness.timeout = 120s (custom)
2019-07-13 12:38:35,160 INFO  server.RaftServerConfigKeys (ConfUtils.java:logGet(43)) - raft.server.sleep.deviation.threshold = 300 (default)
2019-07-13 12:38:35,160 INFO  server.RaftServerConfigKeys (ConfUtils.java:logGet(43)) - raft.server.log.appender.install.snapshot.enabled = false (custom)
2019-07-13 12:38:35,160 INFO  impl.RaftServerImpl (ServerState.java:<init>(105)) - eb40b4b4-a33d-4c1f-ac18-dfc1db024a77:group-4F0525C974C2 ConfigurationManager, init=-1: [eb40b4b4-a33d-4c1f-ac18-dfc1db024a77:192.168.5.181:34925], old=null, confs=<EMPTY_MAP>
2019-07-13 12:38:35,160 INFO  server.RaftServerConfigKeys (ConfUtils.java:logGet(43)) - raft.server.storage.dir = [/tmp/workdir/hadoop-ozone/integration-test/target/test-dir/MiniOzoneClusterImpl-743a5529-b6df-4ed5-9bcc-240d76060713/datanode-0/data/ratis] (custom)
2019-07-13 12:38:35,161 INFO  storage.RaftStorageDirectory (RaftStorageDirectory.java:analyzeStorage(246)) - The storage directory /tmp/workdir/hadoop-ozone/integration-test/target/test-dir/MiniOzoneClusterImpl-743a5529-b6df-4ed5-9bcc-240d76060713/datanode-0/data/ratis/9fad4628-a0cd-405c-9a00-4f0525c974c2 does not exist. Creating ...
2019-07-13 12:38:35,166 INFO  storage.RaftStorageDirectory (RaftStorageDirectory.java:tryLock(328)) - Lock on /tmp/workdir/hadoop-ozone/integration-test/target/test-dir/MiniOzoneClusterImpl-743a5529-b6df-4ed5-9bcc-240d76060713/datanode-0/data/ratis/9fad4628-a0cd-405c-9a00-4f0525c974c2/in_use.lock acquired by nodename 32027@trunk-nightly-q2gwj-1111726333
2019-07-13 12:38:35,169 INFO  storage.RaftStorage (RaftStorage.java:format(72)) - Storage directory /tmp/workdir/hadoop-ozone/integration-test/target/test-dir/MiniOzoneClusterImpl-743a5529-b6df-4ed5-9bcc-240d76060713/datanode-0/data/ratis/9fad4628-a0cd-405c-9a00-4f0525c974c2 has been successfully formatted.
2019-07-13 12:38:35,169 INFO  ratis.ContainerStateMachine (ContainerStateMachine.java:loadSnapshot(200)) - The snapshot info is null.Setting the last applied index to:(t:0, i:~)
2019-07-13 12:38:35,169 INFO  server.RaftServerConfigKeys (ConfUtils.java:logGet(43)) - raft.server.leader.election.timeout = 120s (custom)
2019-07-13 12:38:35,170 INFO  server.RaftServerConfigKeys (ConfUtils.java:logGet(43)) - raft.server.log.use.memory = false (default)
2019-07-13 12:38:35,170 INFO  server.RaftServerConfigKeys (ConfUtils.java:logGet(43)) - raft.server.log.purge.gap = 1000000000 (custom)
2019-07-13 12:38:35,170 INFO  server.RaftServerConfigKeys (ConfUtils.java:logGet(43)) - raft.server.log.appender.buffer.byte-limit = 33554432 (custom)
2019-07-13 12:38:35,332 INFO  server.RaftServerConfigKeys (ConfUtils.java:logGet(43)) - raft.server.log.segment.size.max = 1048576 (custom)
2019-07-13 12:38:35,332 INFO  server.RaftServerConfigKeys (ConfUtils.java:logGet(43)) - raft.server.log.segment.cache.num.max = 2 (custom)
2019-07-13 12:38:35,333 INFO  segmented.SegmentedRaftLogWorker (SegmentedRaftLogWorker.java:<init>(172)) - new eb40b4b4-a33d-4c1f-ac18-dfc1db024a77-SegmentedRaftLogWorker:Storage Directory /tmp/workdir/hadoop-ozone/integration-test/target/test-dir/MiniOzoneClusterImpl-743a5529-b6df-4ed5-9bcc-240d76060713/datanode-0/data/ratis/9fad4628-a0cd-405c-9a00-4f0525c974c2 for RaftStorage:Storage Directory /tmp/workdir/hadoop-ozone/integration-test/target/test-dir/MiniOzoneClusterImpl-743a5529-b6df-4ed5-9bcc-240d76060713/datanode-0/data/ratis/9fad4628-a0cd-405c-9a00-4f0525c974c2
2019-07-13 12:38:35,333 INFO  server.RaftServerConfigKeys (ConfUtils.java:logGet(43)) - raft.server.log.queue.byte-limit = 2147483647 (custom)
2019-07-13 12:38:35,333 INFO  server.RaftServerConfigKeys (ConfUtils.java:logGet(43)) - raft.server.log.queue.element-limit = 1024 (custom)
2019-07-13 12:38:35,333 INFO  server.RaftServerConfigKeys (ConfUtils.java:logGet(43)) - raft.server.log.segment.size.max = 1048576 (custom)
2019-07-13 12:38:35,333 INFO  server.RaftServerConfigKeys (ConfUtils.java:logGet(43)) - raft.server.log.preallocated.size = 16384 (custom)
2019-07-13 12:38:35,334 INFO  server.RaftServerConfigKeys (ConfUtils.java:logGet(43)) - raft.server.log.write.buffer.size = 33554432 (custom)
2019-07-13 12:38:35,334 INFO  server.RaftServerConfigKeys (ConfUtils.java:logGet(43)) - raft.server.log.force.sync.num = 128 (default)
2019-07-13 12:38:35,334 INFO  server.RaftServerConfigKeys (ConfUtils.java:logGet(43)) - raft.server.log.statemachine.data.sync = true (default)
2019-07-13 12:38:35,334 INFO  server.RaftServerConfigKeys (ConfUtils.java:logGet(43)) - raft.server.log.statemachine.data.sync.timeout = 10s (default)
2019-07-13 12:38:35,334 INFO  server.RaftServerConfigKeys (ConfUtils.java:logGet(43)) - raft.server.log.statemachine.data.sync.timeout.retry = -1 (default)
2019-07-13 12:38:35,334 INFO  server.RaftServerConfigKeys (ConfUtils.java:logGet(43)) - raft.server.log.statemachine.data.caching.enabled = true (custom)
2019-07-13 12:38:35,335 INFO  segmented.SegmentedRaftLogWorker (SegmentedRaftLogWorker.java:lambda$new$0(132)) - eb40b4b4-a33d-4c1f-ac18-dfc1db024a77-SegmentedRaftLogWorker:Storage Directory /tmp/workdir/hadoop-ozone/integration-test/target/test-dir/MiniOzoneClusterImpl-743a5529-b6df-4ed5-9bcc-240d76060713/datanode-0/data/ratis/9fad4628-a0cd-405c-9a00-4f0525c974c2: flushIndex: setUnconditionally 0 -> -1
2019-07-13 12:38:35,336 INFO  server.RaftServerConfigKeys (ConfUtils.java:logGet(43)) - raft.server.snapshot.auto.trigger.enabled = true (custom)
2019-07-13 12:38:35,337 INFO  server.RaftServerConfigKeys (ConfUtils.java:logGet(43)) - raft.server.snapshot.auto.trigger.threshold = 10000 (custom)
2019-07-13 12:38:35,337 INFO  server.RaftServerConfigKeys (ConfUtils.java:logGet(43)) - raft.server.retrycache.expirytime = 600000ms (custom)
2019-07-13 12:38:35,337 INFO  impl.RaftServerImpl (RaftServerImpl.java:start(180)) - eb40b4b4-a33d-4c1f-ac18-dfc1db024a77: start group-4F0525C974C2
2019-07-13 12:38:35,337 INFO  impl.RaftServerImpl (RaftServerImpl.java:setRole(171)) - eb40b4b4-a33d-4c1f-ac18-dfc1db024a77:group-4F0525C974C2 changes role from null to FOLLOWER at term 0 for startAsFollower
2019-07-13 12:38:35,337 INFO  impl.RoleInfo (RoleInfo.java:updateAndGet(143)) - eb40b4b4-a33d-4c1f-ac18-dfc1db024a77: start FollowerState
2019-07-13 12:38:35,340 INFO  util.JmxRegister (JmxRegister.java:tryRegister(44)) - Successfully registered JMX Bean with object name Ratis:service=RaftServer,group=group-4F0525C974C2,id=eb40b4b4-a33d-4c1f-ac18-dfc1db024a77
2019-07-13 12:38:35,342 INFO  node.SCMNodeManager (SCMNodeManager.java:register(269)) - Registered Data node : 8a9999cf-3719-4cd8-bc6e-d9c7a20464e5{ip: 192.168.5.181, host: trunk-nightly-q2gwj-1111726333, networkLocation: /default-rack, certSerialId: null}
2019-07-13 12:38:35,363 INFO  pipeline.PipelineStateManager (PipelineStateManager.java:addPipeline(56)) - Created pipeline Pipeline[ Id: 9fad4628-a0cd-405c-9a00-4f0525c974c2, Nodes: eb40b4b4-a33d-4c1f-ac18-dfc1db024a77{ip: 192.168.5.181, host: trunk-nightly-q2gwj-1111726333, networkLocation: /default-rack, certSerialId: null}, Type:RATIS, Factor:ONE, State:OPEN]
2019-07-13 12:38:35,434 INFO  impl.RaftServerProxy (RaftServerProxy.java:addNew(89)) - 8a9999cf-3719-4cd8-bc6e-d9c7a20464e5: addNew group-8365B687A2D3:[8a9999cf-3719-4cd8-bc6e-d9c7a20464e5:192.168.5.181:35786] returns group-8365B687A2D3:java.util.concurrent.CompletableFuture@766373a7[Not completed]
2019-07-13 12:38:35,435 INFO  impl.RaftServerImpl (RaftServerImpl.java:<init>(93)) - 8a9999cf-3719-4cd8-bc6e-d9c7a20464e5: new RaftServerImpl for group-8365B687A2D3:[8a9999cf-3719-4cd8-bc6e-d9c7a20464e5:192.168.5.181:35786] with ContainerStateMachine:uninitialized
2019-07-13 12:38:35,435 INFO  server.RaftServerConfigKeys (ConfUtils.java:logGet(43)) - raft.server.rpc.timeout.min = 5s (custom)
2019-07-13 12:38:35,435 INFO  server.RaftServerConfigKeys (ConfUtils.java:logGet(43)) - raft.server.rpc.timeout.max = 5200ms (custom)
2019-07-13 12:38:35,435 INFO  server.RaftServerConfigKeys (ConfUtils.java:logGet(43)) - raft.server.rpcslowness.timeout = 120s (custom)
2019-07-13 12:38:35,435 INFO  server.RaftServerConfigKeys (ConfUtils.java:logGet(43)) - raft.server.sleep.deviation.threshold = 300 (default)
2019-07-13 12:38:35,435 INFO  server.RaftServerConfigKeys (ConfUtils.java:logGet(43)) - raft.server.log.appender.install.snapshot.enabled = false (custom)
2019-07-13 12:38:35,436 INFO  impl.RaftServerImpl (ServerState.java:<init>(105)) - 8a9999cf-3719-4cd8-bc6e-d9c7a20464e5:group-8365B687A2D3 ConfigurationManager, init=-1: [8a9999cf-3719-4cd8-bc6e-d9c7a20464e5:192.168.5.181:35786], old=null, confs=<EMPTY_MAP>
2019-07-13 12:38:35,436 INFO  server.RaftServerConfigKeys (ConfUtils.java:logGet(43)) - raft.server.storage.dir = [/tmp/workdir/hadoop-ozone/integration-test/target/test-dir/MiniOzoneClusterImpl-743a5529-b6df-4ed5-9bcc-240d76060713/datanode-1/data/ratis] (custom)
2019-07-13 12:38:35,436 INFO  storage.RaftStorageDirectory (RaftStorageDirectory.java:analyzeStorage(246)) - The storage directory /tmp/workdir/hadoop-ozone/integration-test/target/test-dir/MiniOzoneClusterImpl-743a5529-b6df-4ed5-9bcc-240d76060713/datanode-1/data/ratis/d8884e01-78a6-483d-bbc3-8365b687a2d3 does not exist. Creating ...
2019-07-13 12:38:35,441 INFO  storage.RaftStorageDirectory (RaftStorageDirectory.java:tryLock(328)) - Lock on /tmp/workdir/hadoop-ozone/integration-test/target/test-dir/MiniOzoneClusterImpl-743a5529-b6df-4ed5-9bcc-240d76060713/datanode-1/data/ratis/d8884e01-78a6-483d-bbc3-8365b687a2d3/in_use.lock acquired by nodename 32027@trunk-nightly-q2gwj-1111726333
2019-07-13 12:38:35,445 INFO  storage.RaftStorage (RaftStorage.java:format(72)) - Storage directory /tmp/workdir/hadoop-ozone/integration-test/target/test-dir/MiniOzoneClusterImpl-743a5529-b6df-4ed5-9bcc-240d76060713/datanode-1/data/ratis/d8884e01-78a6-483d-bbc3-8365b687a2d3 has been successfully formatted.
2019-07-13 12:38:35,445 INFO  ratis.ContainerStateMachine (ContainerStateMachine.java:loadSnapshot(200)) - The snapshot info is null.Setting the last applied index to:(t:0, i:~)
2019-07-13 12:38:35,445 INFO  server.RaftServerConfigKeys (ConfUtils.java:logGet(43)) - raft.server.leader.election.timeout = 120s (custom)
2019-07-13 12:38:35,445 INFO  server.RaftServerConfigKeys (ConfUtils.java:logGet(43)) - raft.server.log.use.memory = false (default)
2019-07-13 12:38:35,445 INFO  server.RaftServerConfigKeys (ConfUtils.java:logGet(43)) - raft.server.log.purge.gap = 1000000000 (custom)
2019-07-13 12:38:35,445 INFO  server.RaftServerConfigKeys (ConfUtils.java:logGet(43)) - raft.server.log.appender.buffer.byte-limit = 33554432 (custom)
2019-07-13 12:38:35,446 INFO  server.RaftServerConfigKeys (ConfUtils.java:logGet(43)) - raft.server.log.segment.size.max = 1048576 (custom)
2019-07-13 12:38:35,446 INFO  server.RaftServerConfigKeys (ConfUtils.java:logGet(43)) - raft.server.log.segment.cache.num.max = 2 (custom)
2019-07-13 12:38:35,446 INFO  segmented.SegmentedRaftLogWorker (SegmentedRaftLogWorker.java:<init>(172)) - new 8a9999cf-3719-4cd8-bc6e-d9c7a20464e5-SegmentedRaftLogWorker:Storage Directory /tmp/workdir/hadoop-ozone/integration-test/target/test-dir/MiniOzoneClusterImpl-743a5529-b6df-4ed5-9bcc-240d76060713/datanode-1/data/ratis/d8884e01-78a6-483d-bbc3-8365b687a2d3 for RaftStorage:Storage Directory /tmp/workdir/hadoop-ozone/integration-test/target/test-dir/MiniOzoneClusterImpl-743a5529-b6df-4ed5-9bcc-240d76060713/datanode-1/data/ratis/d8884e01-78a6-483d-bbc3-8365b687a2d3
2019-07-13 12:38:35,446 INFO  server.RaftServerConfigKeys (ConfUtils.java:logGet(43)) - raft.server.log.queue.byte-limit = 2147483647 (custom)
2019-07-13 12:38:35,446 INFO  server.RaftServerConfigKeys (ConfUtils.java:logGet(43)) - raft.server.log.queue.element-limit = 1024 (custom)
2019-07-13 12:38:35,447 INFO  server.RaftServerConfigKeys (ConfUtils.java:logGet(43)) - raft.server.log.segment.size.max = 1048576 (custom)
2019-07-13 12:38:35,447 INFO  server.RaftServerConfigKeys (ConfUtils.java:logGet(43)) - raft.server.log.preallocated.size = 16384 (custom)
2019-07-13 12:38:35,447 INFO  server.RaftServerConfigKeys (ConfUtils.java:logGet(43)) - raft.server.log.write.buffer.size = 33554432 (custom)
2019-07-13 12:38:35,447 INFO  server.RaftServerConfigKeys (ConfUtils.java:logGet(43)) - raft.server.log.force.sync.num = 128 (default)
2019-07-13 12:38:35,447 INFO  server.RaftServerConfigKeys (ConfUtils.java:logGet(43)) - raft.server.log.statemachine.data.sync = true (default)
2019-07-13 12:38:35,447 INFO  server.RaftServerConfigKeys (ConfUtils.java:logGet(43)) - raft.server.log.statemachine.data.sync.timeout = 10s (default)
2019-07-13 12:38:35,447 INFO  server.RaftServerConfigKeys (ConfUtils.java:logGet(43)) - raft.server.log.statemachine.data.sync.timeout.retry = -1 (default)
2019-07-13 12:38:35,448 INFO  server.RaftServerConfigKeys (ConfUtils.java:logGet(43)) - raft.server.log.statemachine.data.caching.enabled = true (custom)
2019-07-13 12:38:35,448 INFO  segmented.SegmentedRaftLogWorker (SegmentedRaftLogWorker.java:lambda$new$0(132)) - 8a9999cf-3719-4cd8-bc6e-d9c7a20464e5-SegmentedRaftLogWorker:Storage Directory /tmp/workdir/hadoop-ozone/integration-test/target/test-dir/MiniOzoneClusterImpl-743a5529-b6df-4ed5-9bcc-240d76060713/datanode-1/data/ratis/d8884e01-78a6-483d-bbc3-8365b687a2d3: flushIndex: setUnconditionally 0 -> -1
2019-07-13 12:38:35,449 INFO  server.RaftServerConfigKeys (ConfUtils.java:logGet(43)) - raft.server.snapshot.auto.trigger.enabled = true (custom)
2019-07-13 12:38:35,449 INFO  server.RaftServerConfigKeys (ConfUtils.java:logGet(43)) - raft.server.snapshot.auto.trigger.threshold = 10000 (custom)
2019-07-13 12:38:35,449 INFO  server.RaftServerConfigKeys (ConfUtils.java:logGet(43)) - raft.server.retrycache.expirytime = 600000ms (custom)
2019-07-13 12:38:35,449 INFO  impl.RaftServerImpl (RaftServerImpl.java:start(180)) - 8a9999cf-3719-4cd8-bc6e-d9c7a20464e5: start group-8365B687A2D3
2019-07-13 12:38:35,449 INFO  impl.RaftServerImpl (RaftServerImpl.java:setRole(171)) - 8a9999cf-3719-4cd8-bc6e-d9c7a20464e5:group-8365B687A2D3 changes role from null to FOLLOWER at term 0 for startAsFollower
2019-07-13 12:38:35,449 INFO  impl.RoleInfo (RoleInfo.java:updateAndGet(143)) - 8a9999cf-3719-4cd8-bc6e-d9c7a20464e5: start FollowerState
2019-07-13 12:38:35,450 INFO  util.JmxRegister (JmxRegister.java:tryRegister(44)) - Successfully registered JMX Bean with object name Ratis:service=RaftServer,group=group-8365B687A2D3,id=8a9999cf-3719-4cd8-bc6e-d9c7a20464e5
2019-07-13 12:38:35,454 INFO  pipeline.PipelineStateManager (PipelineStateManager.java:addPipeline(56)) - Created pipeline Pipeline[ Id: d8884e01-78a6-483d-bbc3-8365b687a2d3, Nodes: 8a9999cf-3719-4cd8-bc6e-d9c7a20464e5{ip: 192.168.5.181, host: trunk-nightly-q2gwj-1111726333, networkLocation: /default-rack, certSerialId: null}, Type:RATIS, Factor:ONE, State:OPEN]
2019-07-13 12:38:35,463 INFO  node.SCMNodeManager (SCMNodeManager.java:register(269)) - Registered Data node : f977b8ff-d01f-4acd-98a8-c6ecbc23fea0{ip: 192.168.5.181, host: trunk-nightly-q2gwj-1111726333, networkLocation: /default-rack, certSerialId: null}
2019-07-13 12:38:35,469 INFO  impl.RaftServerProxy (RaftServerProxy.java:addNew(89)) - f977b8ff-d01f-4acd-98a8-c6ecbc23fea0: addNew group-B1556201DB35:[f977b8ff-d01f-4acd-98a8-c6ecbc23fea0:192.168.5.181:46159] returns group-B1556201DB35:java.util.concurrent.CompletableFuture@349a5eae[Not completed]
2019-07-13 12:38:35,470 INFO  impl.RaftServerImpl (RaftServerImpl.java:<init>(93)) - f977b8ff-d01f-4acd-98a8-c6ecbc23fea0: new RaftServerImpl for group-B1556201DB35:[f977b8ff-d01f-4acd-98a8-c6ecbc23fea0:192.168.5.181:46159] with ContainerStateMachine:uninitialized
2019-07-13 12:38:35,470 INFO  server.RaftServerConfigKeys (ConfUtils.java:logGet(43)) - raft.server.rpc.timeout.min = 5s (custom)
2019-07-13 12:38:35,470 INFO  server.RaftServerConfigKeys (ConfUtils.java:logGet(43)) - raft.server.rpc.timeout.max = 5200ms (custom)
2019-07-13 12:38:35,470 INFO  server.RaftServerConfigKeys (ConfUtils.java:logGet(43)) - raft.server.rpcslowness.timeout = 120s (custom)
2019-07-13 12:38:35,470 INFO  server.RaftServerConfigKeys (ConfUtils.java:logGet(43)) - raft.server.sleep.deviation.threshold = 300 (default)
2019-07-13 12:38:35,470 INFO  server.RaftServerConfigKeys (ConfUtils.java:logGet(43)) - raft.server.log.appender.install.snapshot.enabled = false (custom)
2019-07-13 12:38:35,471 INFO  impl.RaftServerImpl (ServerState.java:<init>(105)) - f977b8ff-d01f-4acd-98a8-c6ecbc23fea0:group-B1556201DB35 ConfigurationManager, init=-1: [f977b8ff-d01f-4acd-98a8-c6ecbc23fea0:192.168.5.181:46159], old=null, confs=<EMPTY_MAP>
2019-07-13 12:38:35,471 INFO  server.RaftServerConfigKeys (ConfUtils.java:logGet(43)) - raft.server.storage.dir = [/tmp/workdir/hadoop-ozone/integration-test/target/test-dir/MiniOzoneClusterImpl-743a5529-b6df-4ed5-9bcc-240d76060713/datanode-2/data/ratis] (custom)
2019-07-13 12:38:35,471 INFO  storage.RaftStorageDirectory (RaftStorageDirectory.java:analyzeStorage(246)) - The storage directory /tmp/workdir/hadoop-ozone/integration-test/target/test-dir/MiniOzoneClusterImpl-743a5529-b6df-4ed5-9bcc-240d76060713/datanode-2/data/ratis/b3814c1e-c1a0-4400-a237-b1556201db35 does not exist. Creating ...
2019-07-13 12:38:35,475 INFO  storage.RaftStorageDirectory (RaftStorageDirectory.java:tryLock(328)) - Lock on /tmp/workdir/hadoop-ozone/integration-test/target/test-dir/MiniOzoneClusterImpl-743a5529-b6df-4ed5-9bcc-240d76060713/datanode-2/data/ratis/b3814c1e-c1a0-4400-a237-b1556201db35/in_use.lock acquired by nodename 32027@trunk-nightly-q2gwj-1111726333
2019-07-13 12:38:35,478 INFO  storage.RaftStorage (RaftStorage.java:format(72)) - Storage directory /tmp/workdir/hadoop-ozone/integration-test/target/test-dir/MiniOzoneClusterImpl-743a5529-b6df-4ed5-9bcc-240d76060713/datanode-2/data/ratis/b3814c1e-c1a0-4400-a237-b1556201db35 has been successfully formatted.
2019-07-13 12:38:35,478 INFO  ratis.ContainerStateMachine (ContainerStateMachine.java:loadSnapshot(200)) - The snapshot info is null.Setting the last applied index to:(t:0, i:~)
2019-07-13 12:38:35,479 INFO  server.RaftServerConfigKeys (ConfUtils.java:logGet(43)) - raft.server.leader.election.timeout = 120s (custom)
2019-07-13 12:38:35,479 INFO  server.RaftServerConfigKeys (ConfUtils.java:logGet(43)) - raft.server.log.use.memory = false (default)
2019-07-13 12:38:35,479 INFO  server.RaftServerConfigKeys (ConfUtils.java:logGet(43)) - raft.server.log.purge.gap = 1000000000 (custom)
2019-07-13 12:38:35,479 INFO  server.RaftServerConfigKeys (ConfUtils.java:logGet(43)) - raft.server.log.appender.buffer.byte-limit = 33554432 (custom)
2019-07-13 12:38:35,479 INFO  server.RaftServerConfigKeys (ConfUtils.java:logGet(43)) - raft.server.log.segment.size.max = 1048576 (custom)
2019-07-13 12:38:35,479 INFO  server.RaftServerConfigKeys (ConfUtils.java:logGet(43)) - raft.server.log.segment.cache.num.max = 2 (custom)
2019-07-13 12:38:35,480 INFO  segmented.SegmentedRaftLogWorker (SegmentedRaftLogWorker.java:<init>(172)) - new f977b8ff-d01f-4acd-98a8-c6ecbc23fea0-SegmentedRaftLogWorker:Storage Directory /tmp/workdir/hadoop-ozone/integration-test/target/test-dir/MiniOzoneClusterImpl-743a5529-b6df-4ed5-9bcc-240d76060713/datanode-2/data/ratis/b3814c1e-c1a0-4400-a237-b1556201db35 for RaftStorage:Storage Directory /tmp/workdir/hadoop-ozone/integration-test/target/test-dir/MiniOzoneClusterImpl-743a5529-b6df-4ed5-9bcc-240d76060713/datanode-2/data/ratis/b3814c1e-c1a0-4400-a237-b1556201db35
2019-07-13 12:38:35,480 INFO  server.RaftServerConfigKeys (ConfUtils.java:logGet(43)) - raft.server.log.queue.byte-limit = 2147483647 (custom)
2019-07-13 12:38:35,480 INFO  server.RaftServerConfigKeys (ConfUtils.java:logGet(43)) - raft.server.log.queue.element-limit = 1024 (custom)
2019-07-13 12:38:35,480 INFO  server.RaftServerConfigKeys (ConfUtils.java:logGet(43)) - raft.server.log.segment.size.max = 1048576 (custom)
2019-07-13 12:38:35,480 INFO  server.RaftServerConfigKeys (ConfUtils.java:logGet(43)) - raft.server.log.preallocated.size = 16384 (custom)
2019-07-13 12:38:35,480 INFO  server.RaftServerConfigKeys (ConfUtils.java:logGet(43)) - raft.server.log.write.buffer.size = 33554432 (custom)
2019-07-13 12:38:35,481 INFO  server.RaftServerConfigKeys (ConfUtils.java:logGet(43)) - raft.server.log.force.sync.num = 128 (default)
2019-07-13 12:38:35,481 INFO  server.RaftServerConfigKeys (ConfUtils.java:logGet(43)) - raft.server.log.statemachine.data.sync = true (default)
2019-07-13 12:38:35,481 INFO  server.RaftServerConfigKeys (ConfUtils.java:logGet(43)) - raft.server.log.statemachine.data.sync.timeout = 10s (default)
2019-07-13 12:38:35,481 INFO  server.RaftServerConfigKeys (ConfUtils.java:logGet(43)) - raft.server.log.statemachine.data.sync.timeout.retry = -1 (default)
2019-07-13 12:38:35,481 INFO  server.RaftServerConfigKeys (ConfUtils.java:logGet(43)) - raft.server.log.statemachine.data.caching.enabled = true (custom)
2019-07-13 12:38:35,482 INFO  segmented.SegmentedRaftLogWorker (SegmentedRaftLogWorker.java:lambda$new$0(132)) - f977b8ff-d01f-4acd-98a8-c6ecbc23fea0-SegmentedRaftLogWorker:Storage Directory /tmp/workdir/hadoop-ozone/integration-test/target/test-dir/MiniOzoneClusterImpl-743a5529-b6df-4ed5-9bcc-240d76060713/datanode-2/data/ratis/b3814c1e-c1a0-4400-a237-b1556201db35: flushIndex: setUnconditionally 0 -> -1
2019-07-13 12:38:35,482 INFO  server.RaftServerConfigKeys (ConfUtils.java:logGet(43)) - raft.server.snapshot.auto.trigger.enabled = true (custom)
2019-07-13 12:38:35,482 INFO  server.RaftServerConfigKeys (ConfUtils.java:logGet(43)) - raft.server.snapshot.auto.trigger.threshold = 10000 (custom)
2019-07-13 12:38:35,482 INFO  server.RaftServerConfigKeys (ConfUtils.java:logGet(43)) - raft.server.retrycache.expirytime = 600000ms (custom)
2019-07-13 12:38:35,482 INFO  impl.RaftServerImpl (RaftServerImpl.java:start(180)) - f977b8ff-d01f-4acd-98a8-c6ecbc23fea0: start group-B1556201DB35
2019-07-13 12:38:35,483 INFO  impl.RaftServerImpl (RaftServerImpl.java:setRole(171)) - f977b8ff-d01f-4acd-98a8-c6ecbc23fea0:group-B1556201DB35 changes role from null to FOLLOWER at term 0 for startAsFollower
2019-07-13 12:38:35,483 INFO  impl.RoleInfo (RoleInfo.java:updateAndGet(143)) - f977b8ff-d01f-4acd-98a8-c6ecbc23fea0: start FollowerState
2019-07-13 12:38:35,483 INFO  util.JmxRegister (JmxRegister.java:tryRegister(44)) - Successfully registered JMX Bean with object name Ratis:service=RaftServer,group=group-B1556201DB35,id=f977b8ff-d01f-4acd-98a8-c6ecbc23fea0
2019-07-13 12:38:35,487 INFO  pipeline.PipelineStateManager (PipelineStateManager.java:addPipeline(56)) - Created pipeline Pipeline[ Id: b3814c1e-c1a0-4400-a237-b1556201db35, Nodes: f977b8ff-d01f-4acd-98a8-c6ecbc23fea0{ip: 192.168.5.181, host: trunk-nightly-q2gwj-1111726333, networkLocation: /default-rack, certSerialId: null}, Type:RATIS, Factor:ONE, State:OPEN]
2019-07-13 12:38:35,499 INFO  impl.RaftServerProxy (RaftServerProxy.java:addNew(89)) - 8a9999cf-3719-4cd8-bc6e-d9c7a20464e5: addNew group-11A1747936E2:[f977b8ff-d01f-4acd-98a8-c6ecbc23fea0:192.168.5.181:46159, 8a9999cf-3719-4cd8-bc6e-d9c7a20464e5:192.168.5.181:35786, eb40b4b4-a33d-4c1f-ac18-dfc1db024a77:192.168.5.181:34925] returns group-11A1747936E2:java.util.concurrent.CompletableFuture@749a9068[Not completed]
2019-07-13 12:38:35,499 INFO  impl.RaftServerProxy (RaftServerProxy.java:addNew(89)) - eb40b4b4-a33d-4c1f-ac18-dfc1db024a77: addNew group-11A1747936E2:[f977b8ff-d01f-4acd-98a8-c6ecbc23fea0:192.168.5.181:46159, 8a9999cf-3719-4cd8-bc6e-d9c7a20464e5:192.168.5.181:35786, eb40b4b4-a33d-4c1f-ac18-dfc1db024a77:192.168.5.181:34925] returns group-11A1747936E2:java.util.concurrent.CompletableFuture@67515521[Not completed]
2019-07-13 12:38:35,499 INFO  impl.RaftServerProxy (RaftServerProxy.java:addNew(89)) - f977b8ff-d01f-4acd-98a8-c6ecbc23fea0: addNew group-11A1747936E2:[f977b8ff-d01f-4acd-98a8-c6ecbc23fea0:192.168.5.181:46159, 8a9999cf-3719-4cd8-bc6e-d9c7a20464e5:192.168.5.181:35786, eb40b4b4-a33d-4c1f-ac18-dfc1db024a77:192.168.5.181:34925] returns group-11A1747936E2:java.util.concurrent.CompletableFuture@5b40dfff[Not completed]
2019-07-13 12:38:35,500 INFO  impl.RaftServerImpl (RaftServerImpl.java:<init>(93)) - 8a9999cf-3719-4cd8-bc6e-d9c7a20464e5: new RaftServerImpl for group-11A1747936E2:[f977b8ff-d01f-4acd-98a8-c6ecbc23fea0:192.168.5.181:46159, 8a9999cf-3719-4cd8-bc6e-d9c7a20464e5:192.168.5.181:35786, eb40b4b4-a33d-4c1f-ac18-dfc1db024a77:192.168.5.181:34925] with ContainerStateMachine:uninitialized
2019-07-13 12:38:35,501 INFO  server.RaftServerConfigKeys (ConfUtils.java:logGet(43)) - raft.server.rpc.timeout.min = 5s (custom)
2019-07-13 12:38:35,501 INFO  server.RaftServerConfigKeys (ConfUtils.java:logGet(43)) - raft.server.rpc.timeout.max = 5200ms (custom)
2019-07-13 12:38:35,501 INFO  impl.RaftServerImpl (RaftServerImpl.java:<init>(93)) - eb40b4b4-a33d-4c1f-ac18-dfc1db024a77: new RaftServerImpl for group-11A1747936E2:[f977b8ff-d01f-4acd-98a8-c6ecbc23fea0:192.168.5.181:46159, 8a9999cf-3719-4cd8-bc6e-d9c7a20464e5:192.168.5.181:35786, eb40b4b4-a33d-4c1f-ac18-dfc1db024a77:192.168.5.181:34925] with ContainerStateMachine:uninitialized
2019-07-13 12:38:35,501 INFO  server.RaftServerConfigKeys (ConfUtils.java:logGet(43)) - raft.server.rpcslowness.timeout = 120s (custom)
2019-07-13 12:38:35,502 INFO  impl.RaftServerImpl (RaftServerImpl.java:<init>(93)) - f977b8ff-d01f-4acd-98a8-c6ecbc23fea0: new RaftServerImpl for group-11A1747936E2:[f977b8ff-d01f-4acd-98a8-c6ecbc23fea0:192.168.5.181:46159, 8a9999cf-3719-4cd8-bc6e-d9c7a20464e5:192.168.5.181:35786, eb40b4b4-a33d-4c1f-ac18-dfc1db024a77:192.168.5.181:34925] with ContainerStateMachine:uninitialized
2019-07-13 12:38:35,501 INFO  server.RaftServerConfigKeys (ConfUtils.java:logGet(43)) - raft.server.rpc.timeout.min = 5s (custom)
2019-07-13 12:38:35,502 INFO  server.RaftServerConfigKeys (ConfUtils.java:logGet(43)) - raft.server.rpc.timeout.min = 5s (custom)
2019-07-13 12:38:35,502 INFO  server.RaftServerConfigKeys (ConfUtils.java:logGet(43)) - raft.server.sleep.deviation.threshold = 300 (default)
2019-07-13 12:38:35,502 INFO  server.RaftServerConfigKeys (ConfUtils.java:logGet(43)) - raft.server.rpc.timeout.max = 5200ms (custom)
2019-07-13 12:38:35,502 INFO  server.RaftServerConfigKeys (ConfUtils.java:logGet(43)) - raft.server.rpc.timeout.max = 5200ms (custom)
2019-07-13 12:38:35,502 INFO  server.RaftServerConfigKeys (ConfUtils.java:logGet(43)) - raft.server.rpcslowness.timeout = 120s (custom)
2019-07-13 12:38:35,502 INFO  server.RaftServerConfigKeys (ConfUtils.java:logGet(43)) - raft.server.log.appender.install.snapshot.enabled = false (custom)
2019-07-13 12:38:35,503 INFO  server.RaftServerConfigKeys (ConfUtils.java:logGet(43)) - raft.server.sleep.deviation.threshold = 300 (default)
2019-07-13 12:38:35,502 INFO  server.RaftServerConfigKeys (ConfUtils.java:logGet(43)) - raft.server.rpcslowness.timeout = 120s (custom)
2019-07-13 12:38:35,503 INFO  server.RaftServerConfigKeys (ConfUtils.java:logGet(43)) - raft.server.log.appender.install.snapshot.enabled = false (custom)
2019-07-13 12:38:35,503 INFO  impl.RaftServerImpl (ServerState.java:<init>(105)) - 8a9999cf-3719-4cd8-bc6e-d9c7a20464e5:group-11A1747936E2 ConfigurationManager, init=-1: [f977b8ff-d01f-4acd-98a8-c6ecbc23fea0:192.168.5.181:46159, 8a9999cf-3719-4cd8-bc6e-d9c7a20464e5:192.168.5.181:35786, eb40b4b4-a33d-4c1f-ac18-dfc1db024a77:192.168.5.181:34925], old=null, confs=<EMPTY_MAP>
2019-07-13 12:38:35,503 INFO  impl.RaftServerImpl (ServerState.java:<init>(105)) - f977b8ff-d01f-4acd-98a8-c6ecbc23fea0:group-11A1747936E2 ConfigurationManager, init=-1: [f977b8ff-d01f-4acd-98a8-c6ecbc23fea0:192.168.5.181:46159, 8a9999cf-3719-4cd8-bc6e-d9c7a20464e5:192.168.5.181:35786, eb40b4b4-a33d-4c1f-ac18-dfc1db024a77:192.168.5.181:34925], old=null, confs=<EMPTY_MAP>
2019-07-13 12:38:35,503 INFO  server.RaftServerConfigKeys (ConfUtils.java:logGet(43)) - raft.server.sleep.deviation.threshold = 300 (default)
2019-07-13 12:38:35,503 INFO  server.RaftServerConfigKeys (ConfUtils.java:logGet(43)) - raft.server.storage.dir = [/tmp/workdir/hadoop-ozone/integration-test/target/test-dir/MiniOzoneClusterImpl-743a5529-b6df-4ed5-9bcc-240d76060713/datanode-2/data/ratis] (custom)
2019-07-13 12:38:35,503 INFO  server.RaftServerConfigKeys (ConfUtils.java:logGet(43)) - raft.server.storage.dir = [/tmp/workdir/hadoop-ozone/integration-test/target/test-dir/MiniOzoneClusterImpl-743a5529-b6df-4ed5-9bcc-240d76060713/datanode-1/data/ratis] (custom)
2019-07-13 12:38:35,503 INFO  server.RaftServerConfigKeys (ConfUtils.java:logGet(43)) - raft.server.log.appender.install.snapshot.enabled = false (custom)
2019-07-13 12:38:35,504 INFO  storage.RaftStorageDirectory (RaftStorageDirectory.java:analyzeStorage(246)) - The storage directory /tmp/workdir/hadoop-ozone/integration-test/target/test-dir/MiniOzoneClusterImpl-743a5529-b6df-4ed5-9bcc-240d76060713/datanode-2/data/ratis/8732e9cd-dea3-4ac2-9941-11a1747936e2 does not exist. Creating ...
2019-07-13 12:38:35,504 INFO  storage.RaftStorageDirectory (RaftStorageDirectory.java:analyzeStorage(246)) - The storage directory /tmp/workdir/hadoop-ozone/integration-test/target/test-dir/MiniOzoneClusterImpl-743a5529-b6df-4ed5-9bcc-240d76060713/datanode-1/data/ratis/8732e9cd-dea3-4ac2-9941-11a1747936e2 does not exist. Creating ...
2019-07-13 12:38:35,504 INFO  impl.RaftServerImpl (ServerState.java:<init>(105)) - eb40b4b4-a33d-4c1f-ac18-dfc1db024a77:group-11A1747936E2 ConfigurationManager, init=-1: [f977b8ff-d01f-4acd-98a8-c6ecbc23fea0:192.168.5.181:46159, 8a9999cf-3719-4cd8-bc6e-d9c7a20464e5:192.168.5.181:35786, eb40b4b4-a33d-4c1f-ac18-dfc1db024a77:192.168.5.181:34925], old=null, confs=<EMPTY_MAP>
2019-07-13 12:38:35,504 INFO  server.RaftServerConfigKeys (ConfUtils.java:logGet(43)) - raft.server.storage.dir = [/tmp/workdir/hadoop-ozone/integration-test/target/test-dir/MiniOzoneClusterImpl-743a5529-b6df-4ed5-9bcc-240d76060713/datanode-0/data/ratis] (custom)
2019-07-13 12:38:35,505 INFO  storage.RaftStorageDirectory (RaftStorageDirectory.java:analyzeStorage(246)) - The storage directory /tmp/workdir/hadoop-ozone/integration-test/target/test-dir/MiniOzoneClusterImpl-743a5529-b6df-4ed5-9bcc-240d76060713/datanode-0/data/ratis/8732e9cd-dea3-4ac2-9941-11a1747936e2 does not exist. Creating ...
2019-07-13 12:38:35,509 INFO  storage.RaftStorageDirectory (RaftStorageDirectory.java:tryLock(328)) - Lock on /tmp/workdir/hadoop-ozone/integration-test/target/test-dir/MiniOzoneClusterImpl-743a5529-b6df-4ed5-9bcc-240d76060713/datanode-0/data/ratis/8732e9cd-dea3-4ac2-9941-11a1747936e2/in_use.lock acquired by nodename 32027@trunk-nightly-q2gwj-1111726333
2019-07-13 12:38:35,509 INFO  storage.RaftStorageDirectory (RaftStorageDirectory.java:tryLock(328)) - Lock on /tmp/workdir/hadoop-ozone/integration-test/target/test-dir/MiniOzoneClusterImpl-743a5529-b6df-4ed5-9bcc-240d76060713/datanode-2/data/ratis/8732e9cd-dea3-4ac2-9941-11a1747936e2/in_use.lock acquired by nodename 32027@trunk-nightly-q2gwj-1111726333
2019-07-13 12:38:35,509 INFO  storage.RaftStorageDirectory (RaftStorageDirectory.java:tryLock(328)) - Lock on /tmp/workdir/hadoop-ozone/integration-test/target/test-dir/MiniOzoneClusterImpl-743a5529-b6df-4ed5-9bcc-240d76060713/datanode-1/data/ratis/8732e9cd-dea3-4ac2-9941-11a1747936e2/in_use.lock acquired by nodename 32027@trunk-nightly-q2gwj-1111726333
2019-07-13 12:38:35,513 INFO  storage.RaftStorage (RaftStorage.java:format(72)) - Storage directory /tmp/workdir/hadoop-ozone/integration-test/target/test-dir/MiniOzoneClusterImpl-743a5529-b6df-4ed5-9bcc-240d76060713/datanode-2/data/ratis/8732e9cd-dea3-4ac2-9941-11a1747936e2 has been successfully formatted.
2019-07-13 12:38:35,513 INFO  storage.RaftStorage (RaftStorage.java:format(72)) - Storage directory /tmp/workdir/hadoop-ozone/integration-test/target/test-dir/MiniOzoneClusterImpl-743a5529-b6df-4ed5-9bcc-240d76060713/datanode-1/data/ratis/8732e9cd-dea3-4ac2-9941-11a1747936e2 has been successfully formatted.
2019-07-13 12:38:35,513 INFO  storage.RaftStorage (RaftStorage.java:format(72)) - Storage directory /tmp/workdir/hadoop-ozone/integration-test/target/test-dir/MiniOzoneClusterImpl-743a5529-b6df-4ed5-9bcc-240d76060713/datanode-0/data/ratis/8732e9cd-dea3-4ac2-9941-11a1747936e2 has been successfully formatted.
2019-07-13 12:38:35,514 INFO  ratis.ContainerStateMachine (ContainerStateMachine.java:loadSnapshot(200)) - The snapshot info is null.Setting the last applied index to:(t:0, i:~)
2019-07-13 12:38:35,513 INFO  ratis.ContainerStateMachine (ContainerStateMachine.java:loadSnapshot(200)) - The snapshot info is null.Setting the last applied index to:(t:0, i:~)
2019-07-13 12:38:35,514 INFO  server.RaftServerConfigKeys (ConfUtils.java:logGet(43)) - raft.server.leader.election.timeout = 120s (custom)
2019-07-13 12:38:35,514 INFO  ratis.ContainerStateMachine (ContainerStateMachine.java:loadSnapshot(200)) - The snapshot info is null.Setting the last applied index to:(t:0, i:~)
2019-07-13 12:38:35,514 INFO  server.RaftServerConfigKeys (ConfUtils.java:logGet(43)) - raft.server.log.use.memory = false (default)
2019-07-13 12:38:35,514 INFO  server.RaftServerConfigKeys (ConfUtils.java:logGet(43)) - raft.server.log.purge.gap = 1000000000 (custom)
2019-07-13 12:38:35,514 INFO  server.RaftServerConfigKeys (ConfUtils.java:logGet(43)) - raft.server.leader.election.timeout = 120s (custom)
2019-07-13 12:38:35,515 INFO  server.RaftServerConfigKeys (ConfUtils.java:logGet(43)) - raft.server.log.appender.buffer.byte-limit = 33554432 (custom)
2019-07-13 12:38:35,514 INFO  server.RaftServerConfigKeys (ConfUtils.java:logGet(43)) - raft.server.leader.election.timeout = 120s (custom)
2019-07-13 12:38:35,515 INFO  server.RaftServerConfigKeys (ConfUtils.java:logGet(43)) - raft.server.log.segment.size.max = 1048576 (custom)
2019-07-13 12:38:35,515 INFO  server.RaftServerConfigKeys (ConfUtils.java:logGet(43)) - raft.server.log.use.memory = false (default)
2019-07-13 12:38:35,515 INFO  server.RaftServerConfigKeys (ConfUtils.java:logGet(43)) - raft.server.log.segment.cache.num.max = 2 (custom)
2019-07-13 12:38:35,515 INFO  server.RaftServerConfigKeys (ConfUtils.java:logGet(43)) - raft.server.log.use.memory = false (default)
2019-07-13 12:38:35,516 INFO  segmented.SegmentedRaftLogWorker (SegmentedRaftLogWorker.java:<init>(172)) - new 8a9999cf-3719-4cd8-bc6e-d9c7a20464e5-SegmentedRaftLogWorker:Storage Directory /tmp/workdir/hadoop-ozone/integration-test/target/test-dir/MiniOzoneClusterImpl-743a5529-b6df-4ed5-9bcc-240d76060713/datanode-1/data/ratis/8732e9cd-dea3-4ac2-9941-11a1747936e2 for RaftStorage:Storage Directory /tmp/workdir/hadoop-ozone/integration-test/target/test-dir/MiniOzoneClusterImpl-743a5529-b6df-4ed5-9bcc-240d76060713/datanode-1/data/ratis/8732e9cd-dea3-4ac2-9941-11a1747936e2
2019-07-13 12:38:35,515 INFO  server.RaftServerConfigKeys (ConfUtils.java:logGet(43)) - raft.server.log.purge.gap = 1000000000 (custom)
2019-07-13 12:38:35,516 INFO  server.RaftServerConfigKeys (ConfUtils.java:logGet(43)) - raft.server.log.queue.byte-limit = 2147483647 (custom)
2019-07-13 12:38:35,516 INFO  server.RaftServerConfigKeys (ConfUtils.java:logGet(43)) - raft.server.log.purge.gap = 1000000000 (custom)
2019-07-13 12:38:35,516 INFO  server.RaftServerConfigKeys (ConfUtils.java:logGet(43)) - raft.server.log.queue.element-limit = 1024 (custom)
2019-07-13 12:38:35,516 INFO  server.RaftServerConfigKeys (ConfUtils.java:logGet(43)) - raft.server.log.appender.buffer.byte-limit = 33554432 (custom)
2019-07-13 12:38:35,516 INFO  server.RaftServerConfigKeys (ConfUtils.java:logGet(43)) - raft.server.log.segment.size.max = 1048576 (custom)
2019-07-13 12:38:35,516 INFO  server.RaftServerConfigKeys (ConfUtils.java:logGet(43)) - raft.server.log.appender.buffer.byte-limit = 33554432 (custom)
2019-07-13 12:38:35,517 INFO  server.RaftServerConfigKeys (ConfUtils.java:logGet(43)) - raft.server.log.preallocated.size = 16384 (custom)
2019-07-13 12:38:35,517 INFO  server.RaftServerConfigKeys (ConfUtils.java:logGet(43)) - raft.server.log.segment.size.max = 1048576 (custom)
2019-07-13 12:38:35,517 INFO  server.RaftServerConfigKeys (ConfUtils.java:logGet(43)) - raft.server.log.write.buffer.size = 33554432 (custom)
2019-07-13 12:38:35,517 INFO  server.RaftServerConfigKeys (ConfUtils.java:logGet(43)) - raft.server.log.segment.size.max = 1048576 (custom)
2019-07-13 12:38:35,517 INFO  server.RaftServerConfigKeys (ConfUtils.java:logGet(43)) - raft.server.log.force.sync.num = 128 (default)
2019-07-13 12:38:35,517 INFO  server.RaftServerConfigKeys (ConfUtils.java:logGet(43)) - raft.server.log.segment.cache.num.max = 2 (custom)
2019-07-13 12:38:35,518 INFO  server.RaftServerConfigKeys (ConfUtils.java:logGet(43)) - raft.server.log.statemachine.data.sync = true (default)
2019-07-13 12:38:35,518 INFO  server.RaftServerConfigKeys (ConfUtils.java:logGet(43)) - raft.server.log.segment.cache.num.max = 2 (custom)
2019-07-13 12:38:35,518 INFO  server.RaftServerConfigKeys (ConfUtils.java:logGet(43)) - raft.server.log.statemachine.data.sync.timeout = 10s (default)
2019-07-13 12:38:35,518 INFO  segmented.SegmentedRaftLogWorker (SegmentedRaftLogWorker.java:<init>(172)) - new f977b8ff-d01f-4acd-98a8-c6ecbc23fea0-SegmentedRaftLogWorker:Storage Directory /tmp/workdir/hadoop-ozone/integration-test/target/test-dir/MiniOzoneClusterImpl-743a5529-b6df-4ed5-9bcc-240d76060713/datanode-2/data/ratis/8732e9cd-dea3-4ac2-9941-11a1747936e2 for RaftStorage:Storage Directory /tmp/workdir/hadoop-ozone/integration-test/target/test-dir/MiniOzoneClusterImpl-743a5529-b6df-4ed5-9bcc-240d76060713/datanode-2/data/ratis/8732e9cd-dea3-4ac2-9941-11a1747936e2
2019-07-13 12:38:35,518 INFO  server.RaftServerConfigKeys (ConfUtils.java:logGet(43)) - raft.server.log.statemachine.data.sync.timeout.retry = -1 (default)
2019-07-13 12:38:35,518 INFO  segmented.SegmentedRaftLogWorker (SegmentedRaftLogWorker.java:<init>(172)) - new eb40b4b4-a33d-4c1f-ac18-dfc1db024a77-SegmentedRaftLogWorker:Storage Directory /tmp/workdir/hadoop-ozone/integration-test/target/test-dir/MiniOzoneClusterImpl-743a5529-b6df-4ed5-9bcc-240d76060713/datanode-0/data/ratis/8732e9cd-dea3-4ac2-9941-11a1747936e2 for RaftStorage:Storage Directory /tmp/workdir/hadoop-ozone/integration-test/target/test-dir/MiniOzoneClusterImpl-743a5529-b6df-4ed5-9bcc-240d76060713/datanode-0/data/ratis/8732e9cd-dea3-4ac2-9941-11a1747936e2
2019-07-13 12:38:35,519 INFO  server.RaftServerConfigKeys (ConfUtils.java:logGet(43)) - raft.server.log.statemachine.data.caching.enabled = true (custom)
2019-07-13 12:38:35,519 INFO  server.RaftServerConfigKeys (ConfUtils.java:logGet(43)) - raft.server.log.queue.byte-limit = 2147483647 (custom)
2019-07-13 12:38:35,519 INFO  segmented.SegmentedRaftLogWorker (SegmentedRaftLogWorker.java:lambda$new$0(132)) - 8a9999cf-3719-4cd8-bc6e-d9c7a20464e5-SegmentedRaftLogWorker:Storage Directory /tmp/workdir/hadoop-ozone/integration-test/target/test-dir/MiniOzoneClusterImpl-743a5529-b6df-4ed5-9bcc-240d76060713/datanode-1/data/ratis/8732e9cd-dea3-4ac2-9941-11a1747936e2: flushIndex: setUnconditionally 0 -> -1
2019-07-13 12:38:35,519 INFO  server.RaftServerConfigKeys (ConfUtils.java:logGet(43)) - raft.server.log.queue.byte-limit = 2147483647 (custom)
2019-07-13 12:38:35,519 INFO  server.RaftServerConfigKeys (ConfUtils.java:logGet(43)) - raft.server.log.queue.element-limit = 1024 (custom)
2019-07-13 12:38:35,520 INFO  server.RaftServerConfigKeys (ConfUtils.java:logGet(43)) - raft.server.snapshot.auto.trigger.enabled = true (custom)
2019-07-13 12:38:35,519 INFO  server.RaftServerConfigKeys (ConfUtils.java:logGet(43)) - raft.server.log.queue.element-limit = 1024 (custom)
2019-07-13 12:38:35,520 INFO  server.RaftServerConfigKeys (ConfUtils.java:logGet(43)) - raft.server.snapshot.auto.trigger.threshold = 10000 (custom)
2019-07-13 12:38:35,520 INFO  server.RaftServerConfigKeys (ConfUtils.java:logGet(43)) - raft.server.log.segment.size.max = 1048576 (custom)
2019-07-13 12:38:35,520 INFO  server.RaftServerConfigKeys (ConfUtils.java:logGet(43)) - raft.server.retrycache.expirytime = 600000ms (custom)
2019-07-13 12:38:35,520 INFO  server.RaftServerConfigKeys (ConfUtils.java:logGet(43)) - raft.server.log.segment.size.max = 1048576 (custom)
2019-07-13 12:38:35,520 INFO  impl.RaftServerImpl (RaftServerImpl.java:start(180)) - 8a9999cf-3719-4cd8-bc6e-d9c7a20464e5: start group-11A1747936E2
2019-07-13 12:38:35,520 INFO  server.RaftServerConfigKeys (ConfUtils.java:logGet(43)) - raft.server.log.preallocated.size = 16384 (custom)
2019-07-13 12:38:35,521 INFO  impl.RaftServerImpl (RaftServerImpl.java:setRole(171)) - 8a9999cf-3719-4cd8-bc6e-d9c7a20464e5:group-11A1747936E2 changes role from null to FOLLOWER at term 0 for startAsFollower
2019-07-13 12:38:35,520 INFO  server.RaftServerConfigKeys (ConfUtils.java:logGet(43)) - raft.server.log.preallocated.size = 16384 (custom)
2019-07-13 12:38:35,521 INFO  impl.RoleInfo (RoleInfo.java:updateAndGet(143)) - 8a9999cf-3719-4cd8-bc6e-d9c7a20464e5: start FollowerState
2019-07-13 12:38:35,521 INFO  server.RaftServerConfigKeys (ConfUtils.java:logGet(43)) - raft.server.log.write.buffer.size = 33554432 (custom)
2019-07-13 12:38:35,521 INFO  server.RaftServerConfigKeys (ConfUtils.java:logGet(43)) - raft.server.log.write.buffer.size = 33554432 (custom)
2019-07-13 12:38:35,521 INFO  util.JmxRegister (JmxRegister.java:tryRegister(44)) - Successfully registered JMX Bean with object name Ratis:service=RaftServer,group=group-11A1747936E2,id=8a9999cf-3719-4cd8-bc6e-d9c7a20464e5
2019-07-13 12:38:35,521 INFO  server.RaftServerConfigKeys (ConfUtils.java:logGet(43)) - raft.server.log.force.sync.num = 128 (default)
2019-07-13 12:38:35,521 INFO  server.RaftServerConfigKeys (ConfUtils.java:logGet(43)) - raft.server.log.force.sync.num = 128 (default)
2019-07-13 12:38:35,522 INFO  server.RaftServerConfigKeys (ConfUtils.java:logGet(43)) - raft.server.log.statemachine.data.sync = true (default)
2019-07-13 12:38:35,522 INFO  server.RaftServerConfigKeys (ConfUtils.java:logGet(43)) - raft.server.log.statemachine.data.sync = true (default)
2019-07-13 12:38:35,522 INFO  server.RaftServerConfigKeys (ConfUtils.java:logGet(43)) - raft.server.log.statemachine.data.sync.timeout = 10s (default)
2019-07-13 12:38:35,522 INFO  server.RaftServerConfigKeys (ConfUtils.java:logGet(43)) - raft.server.log.statemachine.data.sync.timeout = 10s (default)
2019-07-13 12:38:35,522 INFO  server.RaftServerConfigKeys (ConfUtils.java:logGet(43)) - raft.server.log.statemachine.data.sync.timeout.retry = -1 (default)
2019-07-13 12:38:35,525 INFO  server.RaftServerConfigKeys (ConfUtils.java:logGet(43)) - raft.server.log.statemachine.data.sync.timeout.retry = -1 (default)
2019-07-13 12:38:35,525 INFO  server.RaftServerConfigKeys (ConfUtils.java:logGet(43)) - raft.server.log.statemachine.data.caching.enabled = true (custom)
2019-07-13 12:38:35,525 INFO  server.RaftServerConfigKeys (ConfUtils.java:logGet(43)) - raft.server.log.statemachine.data.caching.enabled = true (custom)
2019-07-13 12:38:35,526 INFO  segmented.SegmentedRaftLogWorker (SegmentedRaftLogWorker.java:lambda$new$0(132)) - f977b8ff-d01f-4acd-98a8-c6ecbc23fea0-SegmentedRaftLogWorker:Storage Directory /tmp/workdir/hadoop-ozone/integration-test/target/test-dir/MiniOzoneClusterImpl-743a5529-b6df-4ed5-9bcc-240d76060713/datanode-2/data/ratis/8732e9cd-dea3-4ac2-9941-11a1747936e2: flushIndex: setUnconditionally 0 -> -1
2019-07-13 12:38:35,526 INFO  segmented.SegmentedRaftLogWorker (SegmentedRaftLogWorker.java:lambda$new$0(132)) - eb40b4b4-a33d-4c1f-ac18-dfc1db024a77-SegmentedRaftLogWorker:Storage Directory /tmp/workdir/hadoop-ozone/integration-test/target/test-dir/MiniOzoneClusterImpl-743a5529-b6df-4ed5-9bcc-240d76060713/datanode-0/data/ratis/8732e9cd-dea3-4ac2-9941-11a1747936e2: flushIndex: setUnconditionally 0 -> -1
2019-07-13 12:38:35,526 INFO  server.RaftServerConfigKeys (ConfUtils.java:logGet(43)) - raft.server.snapshot.auto.trigger.enabled = true (custom)
2019-07-13 12:38:35,526 INFO  server.RaftServerConfigKeys (ConfUtils.java:logGet(43)) - raft.server.snapshot.auto.trigger.enabled = true (custom)
2019-07-13 12:38:35,526 INFO  server.RaftServerConfigKeys (ConfUtils.java:logGet(43)) - raft.server.snapshot.auto.trigger.threshold = 10000 (custom)
2019-07-13 12:38:35,526 INFO  server.RaftServerConfigKeys (ConfUtils.java:logGet(43)) - raft.server.snapshot.auto.trigger.threshold = 10000 (custom)
2019-07-13 12:38:35,526 INFO  server.RaftServerConfigKeys (ConfUtils.java:logGet(43)) - raft.server.retrycache.expirytime = 600000ms (custom)
2019-07-13 12:38:35,527 INFO  server.RaftServerConfigKeys (ConfUtils.java:logGet(43)) - raft.server.retrycache.expirytime = 600000ms (custom)
2019-07-13 12:38:35,527 INFO  impl.RaftServerImpl (RaftServerImpl.java:start(180)) - f977b8ff-d01f-4acd-98a8-c6ecbc23fea0: start group-11A1747936E2
2019-07-13 12:38:35,527 INFO  impl.RaftServerImpl (RaftServerImpl.java:start(180)) - eb40b4b4-a33d-4c1f-ac18-dfc1db024a77: start group-11A1747936E2
2019-07-13 12:38:35,527 INFO  impl.RaftServerImpl (RaftServerImpl.java:setRole(171)) - f977b8ff-d01f-4acd-98a8-c6ecbc23fea0:group-11A1747936E2 changes role from null to FOLLOWER at term 0 for startAsFollower
2019-07-13 12:38:35,527 INFO  impl.RaftServerImpl (RaftServerImpl.java:setRole(171)) - eb40b4b4-a33d-4c1f-ac18-dfc1db024a77:group-11A1747936E2 changes role from null to FOLLOWER at term 0 for startAsFollower
2019-07-13 12:38:35,527 INFO  impl.RoleInfo (RoleInfo.java:updateAndGet(143)) - f977b8ff-d01f-4acd-98a8-c6ecbc23fea0: start FollowerState
2019-07-13 12:38:35,527 INFO  impl.RoleInfo (RoleInfo.java:updateAndGet(143)) - eb40b4b4-a33d-4c1f-ac18-dfc1db024a77: start FollowerState
2019-07-13 12:38:35,528 INFO  util.JmxRegister (JmxRegister.java:tryRegister(44)) - Successfully registered JMX Bean with object name Ratis:service=RaftServer,group=group-11A1747936E2,id=f977b8ff-d01f-4acd-98a8-c6ecbc23fea0
2019-07-13 12:38:35,528 INFO  util.JmxRegister (JmxRegister.java:tryRegister(44)) - Successfully registered JMX Bean with object name Ratis:service=RaftServer,group=group-11A1747936E2,id=eb40b4b4-a33d-4c1f-ac18-dfc1db024a77
2019-07-13 12:38:35,535 INFO  pipeline.PipelineStateManager (PipelineStateManager.java:addPipeline(56)) - Created pipeline Pipeline[ Id: 8732e9cd-dea3-4ac2-9941-11a1747936e2, Nodes: eb40b4b4-a33d-4c1f-ac18-dfc1db024a77{ip: 192.168.5.181, host: trunk-nightly-q2gwj-1111726333, networkLocation: /default-rack, certSerialId: null}f977b8ff-d01f-4acd-98a8-c6ecbc23fea0{ip: 192.168.5.181, host: trunk-nightly-q2gwj-1111726333, networkLocation: /default-rack, certSerialId: null}8a9999cf-3719-4cd8-bc6e-d9c7a20464e5{ip: 192.168.5.181, host: trunk-nightly-q2gwj-1111726333, networkLocation: /default-rack, certSerialId: null}, Type:RATIS, Factor:THREE, State:OPEN]
2019-07-13 12:38:35,660 INFO  node.SCMNodeManager (SCMNodeManager.java:register(269)) - Registered Data node : deb62537-6eb8-4564-9b10-f1b0b3344442{ip: 192.168.5.181, host: trunk-nightly-q2gwj-1111726333, networkLocation: /default-rack, certSerialId: null}
2019-07-13 12:38:35,671 INFO  impl.RaftServerProxy (RaftServerProxy.java:addNew(89)) - deb62537-6eb8-4564-9b10-f1b0b3344442: addNew group-788116F5BFD2:[deb62537-6eb8-4564-9b10-f1b0b3344442:192.168.5.181:40187] returns group-788116F5BFD2:java.util.concurrent.CompletableFuture@5098d73d[Not completed]
2019-07-13 12:38:35,671 INFO  impl.RaftServerImpl (RaftServerImpl.java:<init>(93)) - deb62537-6eb8-4564-9b10-f1b0b3344442: new RaftServerImpl for group-788116F5BFD2:[deb62537-6eb8-4564-9b10-f1b0b3344442:192.168.5.181:40187] with ContainerStateMachine:uninitialized
2019-07-13 12:38:35,672 INFO  server.RaftServerConfigKeys (ConfUtils.java:logGet(43)) - raft.server.rpc.timeout.min = 5s (custom)
2019-07-13 12:38:35,672 INFO  server.RaftServerConfigKeys (ConfUtils.java:logGet(43)) - raft.server.rpc.timeout.max = 5200ms (custom)
2019-07-13 12:38:35,672 INFO  server.RaftServerConfigKeys (ConfUtils.java:logGet(43)) - raft.server.rpcslowness.timeout = 120s (custom)
2019-07-13 12:38:35,672 INFO  server.RaftServerConfigKeys (ConfUtils.java:logGet(43)) - raft.server.sleep.deviation.threshold = 300 (default)
2019-07-13 12:38:35,672 INFO  server.RaftServerConfigKeys (ConfUtils.java:logGet(43)) - raft.server.log.appender.install.snapshot.enabled = false (custom)
2019-07-13 12:38:35,672 INFO  impl.RaftServerImpl (ServerState.java:<init>(105)) - deb62537-6eb8-4564-9b10-f1b0b3344442:group-788116F5BFD2 ConfigurationManager, init=-1: [deb62537-6eb8-4564-9b10-f1b0b3344442:192.168.5.181:40187], old=null, confs=<EMPTY_MAP>
2019-07-13 12:38:35,672 INFO  server.RaftServerConfigKeys (ConfUtils.java:logGet(43)) - raft.server.storage.dir = [/tmp/workdir/hadoop-ozone/integration-test/target/test-dir/MiniOzoneClusterImpl-743a5529-b6df-4ed5-9bcc-240d76060713/datanode-3/data/ratis] (custom)
2019-07-13 12:38:35,673 INFO  storage.RaftStorageDirectory (RaftStorageDirectory.java:analyzeStorage(246)) - The storage directory /tmp/workdir/hadoop-ozone/integration-test/target/test-dir/MiniOzoneClusterImpl-743a5529-b6df-4ed5-9bcc-240d76060713/datanode-3/data/ratis/4daf2e64-31b0-48ec-9378-788116f5bfd2 does not exist. Creating ...
2019-07-13 12:38:35,678 INFO  storage.RaftStorageDirectory (RaftStorageDirectory.java:tryLock(328)) - Lock on /tmp/workdir/hadoop-ozone/integration-test/target/test-dir/MiniOzoneClusterImpl-743a5529-b6df-4ed5-9bcc-240d76060713/datanode-3/data/ratis/4daf2e64-31b0-48ec-9378-788116f5bfd2/in_use.lock acquired by nodename 32027@trunk-nightly-q2gwj-1111726333
2019-07-13 12:38:35,681 INFO  storage.RaftStorage (RaftStorage.java:format(72)) - Storage directory /tmp/workdir/hadoop-ozone/integration-test/target/test-dir/MiniOzoneClusterImpl-743a5529-b6df-4ed5-9bcc-240d76060713/datanode-3/data/ratis/4daf2e64-31b0-48ec-9378-788116f5bfd2 has been successfully formatted.
2019-07-13 12:38:35,681 INFO  ratis.ContainerStateMachine (ContainerStateMachine.java:loadSnapshot(200)) - The snapshot info is null.Setting the last applied index to:(t:0, i:~)
2019-07-13 12:38:35,681 INFO  server.RaftServerConfigKeys (ConfUtils.java:logGet(43)) - raft.server.leader.election.timeout = 120s (custom)
2019-07-13 12:38:35,681 INFO  server.RaftServerConfigKeys (ConfUtils.java:logGet(43)) - raft.server.log.use.memory = false (default)
2019-07-13 12:38:35,682 INFO  server.RaftServerConfigKeys (ConfUtils.java:logGet(43)) - raft.server.log.purge.gap = 1000000000 (custom)
2019-07-13 12:38:35,682 INFO  server.RaftServerConfigKeys (ConfUtils.java:logGet(43)) - raft.server.log.appender.buffer.byte-limit = 33554432 (custom)
2019-07-13 12:38:35,682 INFO  server.RaftServerConfigKeys (ConfUtils.java:logGet(43)) - raft.server.log.segment.size.max = 1048576 (custom)
2019-07-13 12:38:35,682 INFO  server.RaftServerConfigKeys (ConfUtils.java:logGet(43)) - raft.server.log.segment.cache.num.max = 2 (custom)
2019-07-13 12:38:35,682 INFO  segmented.SegmentedRaftLogWorker (SegmentedRaftLogWorker.java:<init>(172)) - new deb62537-6eb8-4564-9b10-f1b0b3344442-SegmentedRaftLogWorker:Storage Directory /tmp/workdir/hadoop-ozone/integration-test/target/test-dir/MiniOzoneClusterImpl-743a5529-b6df-4ed5-9bcc-240d76060713/datanode-3/data/ratis/4daf2e64-31b0-48ec-9378-788116f5bfd2 for RaftStorage:Storage Directory /tmp/workdir/hadoop-ozone/integration-test/target/test-dir/MiniOzoneClusterImpl-743a5529-b6df-4ed5-9bcc-240d76060713/datanode-3/data/ratis/4daf2e64-31b0-48ec-9378-788116f5bfd2
2019-07-13 12:38:35,682 INFO  server.RaftServerConfigKeys (ConfUtils.java:logGet(43)) - raft.server.log.queue.byte-limit = 2147483647 (custom)
2019-07-13 12:38:35,683 INFO  server.RaftServerConfigKeys (ConfUtils.java:logGet(43)) - raft.server.log.queue.element-limit = 1024 (custom)
2019-07-13 12:38:35,683 INFO  server.RaftServerConfigKeys (ConfUtils.java:logGet(43)) - raft.server.log.segment.size.max = 1048576 (custom)
2019-07-13 12:38:35,683 INFO  server.RaftServerConfigKeys (ConfUtils.java:logGet(43)) - raft.server.log.preallocated.size = 16384 (custom)
2019-07-13 12:38:35,683 INFO  server.RaftServerConfigKeys (ConfUtils.java:logGet(43)) - raft.server.log.write.buffer.size = 33554432 (custom)
2019-07-13 12:38:35,683 INFO  server.RaftServerConfigKeys (ConfUtils.java:logGet(43)) - raft.server.log.force.sync.num = 128 (default)
2019-07-13 12:38:35,683 INFO  server.RaftServerConfigKeys (ConfUtils.java:logGet(43)) - raft.server.log.statemachine.data.sync = true (default)
2019-07-13 12:38:35,684 INFO  server.RaftServerConfigKeys (ConfUtils.java:logGet(43)) - raft.server.log.statemachine.data.sync.timeout = 10s (default)
2019-07-13 12:38:35,684 INFO  server.RaftServerConfigKeys (ConfUtils.java:logGet(43)) - raft.server.log.statemachine.data.sync.timeout.retry = -1 (default)
2019-07-13 12:38:35,684 INFO  server.RaftServerConfigKeys (ConfUtils.java:logGet(43)) - raft.server.log.statemachine.data.caching.enabled = true (custom)
2019-07-13 12:38:35,684 INFO  segmented.SegmentedRaftLogWorker (SegmentedRaftLogWorker.java:lambda$new$0(132)) - deb62537-6eb8-4564-9b10-f1b0b3344442-SegmentedRaftLogWorker:Storage Directory /tmp/workdir/hadoop-ozone/integration-test/target/test-dir/MiniOzoneClusterImpl-743a5529-b6df-4ed5-9bcc-240d76060713/datanode-3/data/ratis/4daf2e64-31b0-48ec-9378-788116f5bfd2: flushIndex: setUnconditionally 0 -> -1
2019-07-13 12:38:35,685 INFO  server.RaftServerConfigKeys (ConfUtils.java:logGet(43)) - raft.server.snapshot.auto.trigger.enabled = true (custom)
2019-07-13 12:38:35,685 INFO  server.RaftServerConfigKeys (ConfUtils.java:logGet(43)) - raft.server.snapshot.auto.trigger.threshold = 10000 (custom)
2019-07-13 12:38:35,685 INFO  server.RaftServerConfigKeys (ConfUtils.java:logGet(43)) - raft.server.retrycache.expirytime = 600000ms (custom)
2019-07-13 12:38:35,685 INFO  impl.RaftServerImpl (RaftServerImpl.java:start(180)) - deb62537-6eb8-4564-9b10-f1b0b3344442: start group-788116F5BFD2
2019-07-13 12:38:35,685 INFO  impl.RaftServerImpl (RaftServerImpl.java:setRole(171)) - deb62537-6eb8-4564-9b10-f1b0b3344442:group-788116F5BFD2 changes role from null to FOLLOWER at term 0 for startAsFollower
2019-07-13 12:38:35,685 INFO  impl.RoleInfo (RoleInfo.java:updateAndGet(143)) - deb62537-6eb8-4564-9b10-f1b0b3344442: start FollowerState
2019-07-13 12:38:35,686 INFO  util.JmxRegister (JmxRegister.java:tryRegister(44)) - Successfully registered JMX Bean with object name Ratis:service=RaftServer,group=group-788116F5BFD2,id=deb62537-6eb8-4564-9b10-f1b0b3344442
2019-07-13 12:38:35,690 INFO  pipeline.PipelineStateManager (PipelineStateManager.java:addPipeline(56)) - Created pipeline Pipeline[ Id: 4daf2e64-31b0-48ec-9378-788116f5bfd2, Nodes: deb62537-6eb8-4564-9b10-f1b0b3344442{ip: 192.168.5.181, host: trunk-nightly-q2gwj-1111726333, networkLocation: /default-rack, certSerialId: null}, Type:RATIS, Factor:ONE, State:OPEN]
2019-07-13 12:38:35,819 INFO  node.SCMNodeManager (SCMNodeManager.java:register(269)) - Registered Data node : 09a1fb29-1832-4d2a-b79c-4db4231ad6a4{ip: 192.168.5.181, host: trunk-nightly-q2gwj-1111726333, networkLocation: /default-rack, certSerialId: null}
2019-07-13 12:38:35,826 INFO  impl.RaftServerProxy (RaftServerProxy.java:addNew(89)) - 09a1fb29-1832-4d2a-b79c-4db4231ad6a4: addNew group-A8A8B6C7EFD7:[09a1fb29-1832-4d2a-b79c-4db4231ad6a4:192.168.5.181:43327] returns group-A8A8B6C7EFD7:java.util.concurrent.CompletableFuture@5d082c3e[Not completed]
2019-07-13 12:38:35,827 INFO  impl.RaftServerImpl (RaftServerImpl.java:<init>(93)) - 09a1fb29-1832-4d2a-b79c-4db4231ad6a4: new RaftServerImpl for group-A8A8B6C7EFD7:[09a1fb29-1832-4d2a-b79c-4db4231ad6a4:192.168.5.181:43327] with ContainerStateMachine:uninitialized
2019-07-13 12:38:35,827 INFO  server.RaftServerConfigKeys (ConfUtils.java:logGet(43)) - raft.server.rpc.timeout.min = 5s (custom)
2019-07-13 12:38:35,827 INFO  server.RaftServerConfigKeys (ConfUtils.java:logGet(43)) - raft.server.rpc.timeout.max = 5200ms (custom)
2019-07-13 12:38:35,827 INFO  server.RaftServerConfigKeys (ConfUtils.java:logGet(43)) - raft.server.rpcslowness.timeout = 120s (custom)
2019-07-13 12:38:35,827 INFO  server.RaftServerConfigKeys (ConfUtils.java:logGet(43)) - raft.server.sleep.deviation.threshold = 300 (default)
2019-07-13 12:38:35,827 INFO  server.RaftServerConfigKeys (ConfUtils.java:logGet(43)) - raft.server.log.appender.install.snapshot.enabled = false (custom)
2019-07-13 12:38:35,827 INFO  impl.RaftServerImpl (ServerState.java:<init>(105)) - 09a1fb29-1832-4d2a-b79c-4db4231ad6a4:group-A8A8B6C7EFD7 ConfigurationManager, init=-1: [09a1fb29-1832-4d2a-b79c-4db4231ad6a4:192.168.5.181:43327], old=null, confs=<EMPTY_MAP>
2019-07-13 12:38:35,828 INFO  server.RaftServerConfigKeys (ConfUtils.java:logGet(43)) - raft.server.storage.dir = [/tmp/workdir/hadoop-ozone/integration-test/target/test-dir/MiniOzoneClusterImpl-743a5529-b6df-4ed5-9bcc-240d76060713/datanode-4/data/ratis] (custom)
2019-07-13 12:38:35,828 INFO  storage.RaftStorageDirectory (RaftStorageDirectory.java:analyzeStorage(246)) - The storage directory /tmp/workdir/hadoop-ozone/integration-test/target/test-dir/MiniOzoneClusterImpl-743a5529-b6df-4ed5-9bcc-240d76060713/datanode-4/data/ratis/e205b115-a320-4c7e-a7c7-a8a8b6c7efd7 does not exist. Creating ...
2019-07-13 12:38:35,839 INFO  storage.RaftStorageDirectory (RaftStorageDirectory.java:tryLock(328)) - Lock on /tmp/workdir/hadoop-ozone/integration-test/target/test-dir/MiniOzoneClusterImpl-743a5529-b6df-4ed5-9bcc-240d76060713/datanode-4/data/ratis/e205b115-a320-4c7e-a7c7-a8a8b6c7efd7/in_use.lock acquired by nodename 32027@trunk-nightly-q2gwj-1111726333
2019-07-13 12:38:35,843 INFO  storage.RaftStorage (RaftStorage.java:format(72)) - Storage directory /tmp/workdir/hadoop-ozone/integration-test/target/test-dir/MiniOzoneClusterImpl-743a5529-b6df-4ed5-9bcc-240d76060713/datanode-4/data/ratis/e205b115-a320-4c7e-a7c7-a8a8b6c7efd7 has been successfully formatted.
2019-07-13 12:38:35,844 INFO  ratis.ContainerStateMachine (ContainerStateMachine.java:loadSnapshot(200)) - The snapshot info is null.Setting the last applied index to:(t:0, i:~)
2019-07-13 12:38:35,844 INFO  server.RaftServerConfigKeys (ConfUtils.java:logGet(43)) - raft.server.leader.election.timeout = 120s (custom)
2019-07-13 12:38:35,844 INFO  server.RaftServerConfigKeys (ConfUtils.java:logGet(43)) - raft.server.log.use.memory = false (default)
2019-07-13 12:38:35,844 INFO  server.RaftServerConfigKeys (ConfUtils.java:logGet(43)) - raft.server.log.purge.gap = 1000000000 (custom)
2019-07-13 12:38:35,844 INFO  server.RaftServerConfigKeys (ConfUtils.java:logGet(43)) - raft.server.log.appender.buffer.byte-limit = 33554432 (custom)
2019-07-13 12:38:35,845 INFO  server.RaftServerConfigKeys (ConfUtils.java:logGet(43)) - raft.server.log.segment.size.max = 1048576 (custom)
2019-07-13 12:38:35,845 INFO  server.RaftServerConfigKeys (ConfUtils.java:logGet(43)) - raft.server.log.segment.cache.num.max = 2 (custom)
2019-07-13 12:38:35,845 INFO  segmented.SegmentedRaftLogWorker (SegmentedRaftLogWorker.java:<init>(172)) - new 09a1fb29-1832-4d2a-b79c-4db4231ad6a4-SegmentedRaftLogWorker:Storage Directory /tmp/workdir/hadoop-ozone/integration-test/target/test-dir/MiniOzoneClusterImpl-743a5529-b6df-4ed5-9bcc-240d76060713/datanode-4/data/ratis/e205b115-a320-4c7e-a7c7-a8a8b6c7efd7 for RaftStorage:Storage Directory /tmp/workdir/hadoop-ozone/integration-test/target/test-dir/MiniOzoneClusterImpl-743a5529-b6df-4ed5-9bcc-240d76060713/datanode-4/data/ratis/e205b115-a320-4c7e-a7c7-a8a8b6c7efd7
2019-07-13 12:38:35,845 INFO  server.RaftServerConfigKeys (ConfUtils.java:logGet(43)) - raft.server.log.queue.byte-limit = 2147483647 (custom)
2019-07-13 12:38:35,845 INFO  server.RaftServerConfigKeys (ConfUtils.java:logGet(43)) - raft.server.log.queue.element-limit = 1024 (custom)
2019-07-13 12:38:35,846 INFO  server.RaftServerConfigKeys (ConfUtils.java:logGet(43)) - raft.server.log.segment.size.max = 1048576 (custom)
2019-07-13 12:38:35,846 INFO  server.RaftServerConfigKeys (ConfUtils.java:logGet(43)) - raft.server.log.preallocated.size = 16384 (custom)
2019-07-13 12:38:35,846 INFO  server.RaftServerConfigKeys (ConfUtils.java:logGet(43)) - raft.server.log.write.buffer.size = 33554432 (custom)
2019-07-13 12:38:35,846 INFO  server.RaftServerConfigKeys (ConfUtils.java:logGet(43)) - raft.server.log.force.sync.num = 128 (default)
2019-07-13 12:38:35,846 INFO  server.RaftServerConfigKeys (ConfUtils.java:logGet(43)) - raft.server.log.statemachine.data.sync = true (default)
2019-07-13 12:38:35,846 INFO  server.RaftServerConfigKeys (ConfUtils.java:logGet(43)) - raft.server.log.statemachine.data.sync.timeout = 10s (default)
2019-07-13 12:38:35,846 INFO  server.RaftServerConfigKeys (ConfUtils.java:logGet(43)) - raft.server.log.statemachine.data.sync.timeout.retry = -1 (default)
2019-07-13 12:38:35,847 INFO  server.RaftServerConfigKeys (ConfUtils.java:logGet(43)) - raft.server.log.statemachine.data.caching.enabled = true (custom)
2019-07-13 12:38:35,847 INFO  segmented.SegmentedRaftLogWorker (SegmentedRaftLogWorker.java:lambda$new$0(132)) - 09a1fb29-1832-4d2a-b79c-4db4231ad6a4-SegmentedRaftLogWorker:Storage Directory /tmp/workdir/hadoop-ozone/integration-test/target/test-dir/MiniOzoneClusterImpl-743a5529-b6df-4ed5-9bcc-240d76060713/datanode-4/data/ratis/e205b115-a320-4c7e-a7c7-a8a8b6c7efd7: flushIndex: setUnconditionally 0 -> -1
2019-07-13 12:38:35,848 INFO  server.RaftServerConfigKeys (ConfUtils.java:logGet(43)) - raft.server.snapshot.auto.trigger.enabled = true (custom)
2019-07-13 12:38:35,848 INFO  server.RaftServerConfigKeys (ConfUtils.java:logGet(43)) - raft.server.snapshot.auto.trigger.threshold = 10000 (custom)
2019-07-13 12:38:35,848 INFO  server.RaftServerConfigKeys (ConfUtils.java:logGet(43)) - raft.server.retrycache.expirytime = 600000ms (custom)
2019-07-13 12:38:35,848 INFO  impl.RaftServerImpl (RaftServerImpl.java:start(180)) - 09a1fb29-1832-4d2a-b79c-4db4231ad6a4: start group-A8A8B6C7EFD7
2019-07-13 12:38:35,848 INFO  impl.RaftServerImpl (RaftServerImpl.java:setRole(171)) - 09a1fb29-1832-4d2a-b79c-4db4231ad6a4:group-A8A8B6C7EFD7 changes role from null to FOLLOWER at term 0 for startAsFollower
2019-07-13 12:38:35,848 INFO  impl.RoleInfo (RoleInfo.java:updateAndGet(143)) - 09a1fb29-1832-4d2a-b79c-4db4231ad6a4: start FollowerState
2019-07-13 12:38:35,849 INFO  util.JmxRegister (JmxRegister.java:tryRegister(44)) - Successfully registered JMX Bean with object name Ratis:service=RaftServer,group=group-A8A8B6C7EFD7,id=09a1fb29-1832-4d2a-b79c-4db4231ad6a4
2019-07-13 12:38:35,853 INFO  pipeline.PipelineStateManager (PipelineStateManager.java:addPipeline(56)) - Created pipeline Pipeline[ Id: e205b115-a320-4c7e-a7c7-a8a8b6c7efd7, Nodes: 09a1fb29-1832-4d2a-b79c-4db4231ad6a4{ip: 192.168.5.181, host: trunk-nightly-q2gwj-1111726333, networkLocation: /default-rack, certSerialId: null}, Type:RATIS, Factor:ONE, State:OPEN]
2019-07-13 12:38:35,980 INFO  node.SCMNodeManager (SCMNodeManager.java:register(269)) - Registered Data node : 326ee94b-e5a9-471b-85f6-2a1b7e5d49ea{ip: 192.168.5.181, host: trunk-nightly-q2gwj-1111726333, networkLocation: /default-rack, certSerialId: null}
2019-07-13 12:38:35,990 INFO  impl.RaftServerProxy (RaftServerProxy.java:addNew(89)) - 326ee94b-e5a9-471b-85f6-2a1b7e5d49ea: addNew group-CC751869B5C1:[326ee94b-e5a9-471b-85f6-2a1b7e5d49ea:192.168.5.181:34068] returns group-CC751869B5C1:java.util.concurrent.CompletableFuture@76571795[Not completed]
2019-07-13 12:38:35,991 INFO  impl.RaftServerImpl (RaftServerImpl.java:<init>(93)) - 326ee94b-e5a9-471b-85f6-2a1b7e5d49ea: new RaftServerImpl for group-CC751869B5C1:[326ee94b-e5a9-471b-85f6-2a1b7e5d49ea:192.168.5.181:34068] with ContainerStateMachine:uninitialized
2019-07-13 12:38:35,991 INFO  server.RaftServerConfigKeys (ConfUtils.java:logGet(43)) - raft.server.rpc.timeout.min = 5s (custom)
2019-07-13 12:38:35,991 INFO  server.RaftServerConfigKeys (ConfUtils.java:logGet(43)) - raft.server.rpc.timeout.max = 5200ms (custom)
2019-07-13 12:38:35,991 INFO  server.RaftServerConfigKeys (ConfUtils.java:logGet(43)) - raft.server.rpcslowness.timeout = 120s (custom)
2019-07-13 12:38:35,991 INFO  server.RaftServerConfigKeys (ConfUtils.java:logGet(43)) - raft.server.sleep.deviation.threshold = 300 (default)
2019-07-13 12:38:35,991 INFO  server.RaftServerConfigKeys (ConfUtils.java:logGet(43)) - raft.server.log.appender.install.snapshot.enabled = false (custom)
2019-07-13 12:38:35,991 INFO  impl.RaftServerImpl (ServerState.java:<init>(105)) - 326ee94b-e5a9-471b-85f6-2a1b7e5d49ea:group-CC751869B5C1 ConfigurationManager, init=-1: [326ee94b-e5a9-471b-85f6-2a1b7e5d49ea:192.168.5.181:34068], old=null, confs=<EMPTY_MAP>
2019-07-13 12:38:35,992 INFO  server.RaftServerConfigKeys (ConfUtils.java:logGet(43)) - raft.server.storage.dir = [/tmp/workdir/hadoop-ozone/integration-test/target/test-dir/MiniOzoneClusterImpl-743a5529-b6df-4ed5-9bcc-240d76060713/datanode-5/data/ratis] (custom)
2019-07-13 12:38:35,992 INFO  storage.RaftStorageDirectory (RaftStorageDirectory.java:analyzeStorage(246)) - The storage directory /tmp/workdir/hadoop-ozone/integration-test/target/test-dir/MiniOzoneClusterImpl-743a5529-b6df-4ed5-9bcc-240d76060713/datanode-5/data/ratis/4e4fd03f-e521-406e-936e-cc751869b5c1 does not exist. Creating ...
2019-07-13 12:38:35,996 INFO  storage.RaftStorageDirectory (RaftStorageDirectory.java:tryLock(328)) - Lock on /tmp/workdir/hadoop-ozone/integration-test/target/test-dir/MiniOzoneClusterImpl-743a5529-b6df-4ed5-9bcc-240d76060713/datanode-5/data/ratis/4e4fd03f-e521-406e-936e-cc751869b5c1/in_use.lock acquired by nodename 32027@trunk-nightly-q2gwj-1111726333
2019-07-13 12:38:35,999 INFO  storage.RaftStorage (RaftStorage.java:format(72)) - Storage directory /tmp/workdir/hadoop-ozone/integration-test/target/test-dir/MiniOzoneClusterImpl-743a5529-b6df-4ed5-9bcc-240d76060713/datanode-5/data/ratis/4e4fd03f-e521-406e-936e-cc751869b5c1 has been successfully formatted.
2019-07-13 12:38:35,999 INFO  ratis.ContainerStateMachine (ContainerStateMachine.java:loadSnapshot(200)) - The snapshot info is null.Setting the last applied index to:(t:0, i:~)
2019-07-13 12:38:35,999 INFO  server.RaftServerConfigKeys (ConfUtils.java:logGet(43)) - raft.server.leader.election.timeout = 120s (custom)
2019-07-13 12:38:36,000 INFO  server.RaftServerConfigKeys (ConfUtils.java:logGet(43)) - raft.server.log.use.memory = false (default)
2019-07-13 12:38:36,000 INFO  server.RaftServerConfigKeys (ConfUtils.java:logGet(43)) - raft.server.log.purge.gap = 1000000000 (custom)
2019-07-13 12:38:36,000 INFO  server.RaftServerConfigKeys (ConfUtils.java:logGet(43)) - raft.server.log.appender.buffer.byte-limit = 33554432 (custom)
2019-07-13 12:38:36,000 INFO  server.RaftServerConfigKeys (ConfUtils.java:logGet(43)) - raft.server.log.segment.size.max = 1048576 (custom)
2019-07-13 12:38:36,000 INFO  server.RaftServerConfigKeys (ConfUtils.java:logGet(43)) - raft.server.log.segment.cache.num.max = 2 (custom)
2019-07-13 12:38:36,000 INFO  segmented.SegmentedRaftLogWorker (SegmentedRaftLogWorker.java:<init>(172)) - new 326ee94b-e5a9-471b-85f6-2a1b7e5d49ea-SegmentedRaftLogWorker:Storage Directory /tmp/workdir/hadoop-ozone/integration-test/target/test-dir/MiniOzoneClusterImpl-743a5529-b6df-4ed5-9bcc-240d76060713/datanode-5/data/ratis/4e4fd03f-e521-406e-936e-cc751869b5c1 for RaftStorage:Storage Directory /tmp/workdir/hadoop-ozone/integration-test/target/test-dir/MiniOzoneClusterImpl-743a5529-b6df-4ed5-9bcc-240d76060713/datanode-5/data/ratis/4e4fd03f-e521-406e-936e-cc751869b5c1
2019-07-13 12:38:36,001 INFO  server.RaftServerConfigKeys (ConfUtils.java:logGet(43)) - raft.server.log.queue.byte-limit = 2147483647 (custom)
2019-07-13 12:38:36,001 INFO  server.RaftServerConfigKeys (ConfUtils.java:logGet(43)) - raft.server.log.queue.element-limit = 1024 (custom)
2019-07-13 12:38:36,001 INFO  server.RaftServerConfigKeys (ConfUtils.java:logGet(43)) - raft.server.log.segment.size.max = 1048576 (custom)
2019-07-13 12:38:36,001 INFO  server.RaftServerConfigKeys (ConfUtils.java:logGet(43)) - raft.server.log.preallocated.size = 16384 (custom)
2019-07-13 12:38:36,001 INFO  server.RaftServerConfigKeys (ConfUtils.java:logGet(43)) - raft.server.log.write.buffer.size = 33554432 (custom)
2019-07-13 12:38:36,001 INFO  server.RaftServerConfigKeys (ConfUtils.java:logGet(43)) - raft.server.log.force.sync.num = 128 (default)
2019-07-13 12:38:36,002 INFO  server.RaftServerConfigKeys (ConfUtils.java:logGet(43)) - raft.server.log.statemachine.data.sync = true (default)
2019-07-13 12:38:36,002 INFO  server.RaftServerConfigKeys (ConfUtils.java:logGet(43)) - raft.server.log.statemachine.data.sync.timeout = 10s (default)
2019-07-13 12:38:36,002 INFO  server.RaftServerConfigKeys (ConfUtils.java:logGet(43)) - raft.server.log.statemachine.data.sync.timeout.retry = -1 (default)
2019-07-13 12:38:36,002 INFO  server.RaftServerConfigKeys (ConfUtils.java:logGet(43)) - raft.server.log.statemachine.data.caching.enabled = true (custom)
2019-07-13 12:38:36,002 INFO  segmented.SegmentedRaftLogWorker (SegmentedRaftLogWorker.java:lambda$new$0(132)) - 326ee94b-e5a9-471b-85f6-2a1b7e5d49ea-SegmentedRaftLogWorker:Storage Directory /tmp/workdir/hadoop-ozone/integration-test/target/test-dir/MiniOzoneClusterImpl-743a5529-b6df-4ed5-9bcc-240d76060713/datanode-5/data/ratis/4e4fd03f-e521-406e-936e-cc751869b5c1: flushIndex: setUnconditionally 0 -> -1
2019-07-13 12:38:36,003 INFO  server.RaftServerConfigKeys (ConfUtils.java:logGet(43)) - raft.server.snapshot.auto.trigger.enabled = true (custom)
2019-07-13 12:38:36,003 INFO  server.RaftServerConfigKeys (ConfUtils.java:logGet(43)) - raft.server.snapshot.auto.trigger.threshold = 10000 (custom)
2019-07-13 12:38:36,003 INFO  server.RaftServerConfigKeys (ConfUtils.java:logGet(43)) - raft.server.retrycache.expirytime = 600000ms (custom)
2019-07-13 12:38:36,003 INFO  impl.RaftServerImpl (RaftServerImpl.java:start(180)) - 326ee94b-e5a9-471b-85f6-2a1b7e5d49ea: start group-CC751869B5C1
2019-07-13 12:38:36,003 INFO  impl.RaftServerImpl (RaftServerImpl.java:setRole(171)) - 326ee94b-e5a9-471b-85f6-2a1b7e5d49ea:group-CC751869B5C1 changes role from null to FOLLOWER at term 0 for startAsFollower
2019-07-13 12:38:36,004 INFO  impl.RoleInfo (RoleInfo.java:updateAndGet(143)) - 326ee94b-e5a9-471b-85f6-2a1b7e5d49ea: start FollowerState
2019-07-13 12:38:36,004 INFO  util.JmxRegister (JmxRegister.java:tryRegister(44)) - Successfully registered JMX Bean with object name Ratis:service=RaftServer,group=group-CC751869B5C1,id=326ee94b-e5a9-471b-85f6-2a1b7e5d49ea
2019-07-13 12:38:36,009 INFO  pipeline.PipelineStateManager (PipelineStateManager.java:addPipeline(56)) - Created pipeline Pipeline[ Id: 4e4fd03f-e521-406e-936e-cc751869b5c1, Nodes: 326ee94b-e5a9-471b-85f6-2a1b7e5d49ea{ip: 192.168.5.181, host: trunk-nightly-q2gwj-1111726333, networkLocation: /default-rack, certSerialId: null}, Type:RATIS, Factor:ONE, State:OPEN]
2019-07-13 12:38:36,024 INFO  impl.RaftServerProxy (RaftServerProxy.java:addNew(89)) - 326ee94b-e5a9-471b-85f6-2a1b7e5d49ea: addNew group-D02D32845228:[326ee94b-e5a9-471b-85f6-2a1b7e5d49ea:192.168.5.181:34068, 09a1fb29-1832-4d2a-b79c-4db4231ad6a4:192.168.5.181:43327, deb62537-6eb8-4564-9b10-f1b0b3344442:192.168.5.181:40187] returns group-D02D32845228:java.util.concurrent.CompletableFuture@605be0f[Not completed]
2019-07-13 12:38:36,024 INFO  impl.RaftServerProxy (RaftServerProxy.java:addNew(89)) - 09a1fb29-1832-4d2a-b79c-4db4231ad6a4: addNew group-D02D32845228:[326ee94b-e5a9-471b-85f6-2a1b7e5d49ea:192.168.5.181:34068, 09a1fb29-1832-4d2a-b79c-4db4231ad6a4:192.168.5.181:43327, deb62537-6eb8-4564-9b10-f1b0b3344442:192.168.5.181:40187] returns group-D02D32845228:java.util.concurrent.CompletableFuture@17a90ac4[Not completed]
2019-07-13 12:38:36,024 INFO  impl.RaftServerProxy (RaftServerProxy.java:addNew(89)) - deb62537-6eb8-4564-9b10-f1b0b3344442: addNew group-D02D32845228:[326ee94b-e5a9-471b-85f6-2a1b7e5d49ea:192.168.5.181:34068, 09a1fb29-1832-4d2a-b79c-4db4231ad6a4:192.168.5.181:43327, deb62537-6eb8-4564-9b10-f1b0b3344442:192.168.5.181:40187] returns group-D02D32845228:java.util.concurrent.CompletableFuture@58e383b5[Not completed]
2019-07-13 12:38:36,025 INFO  impl.RaftServerImpl (RaftServerImpl.java:<init>(93)) - deb62537-6eb8-4564-9b10-f1b0b3344442: new RaftServerImpl for group-D02D32845228:[326ee94b-e5a9-471b-85f6-2a1b7e5d49ea:192.168.5.181:34068, 09a1fb29-1832-4d2a-b79c-4db4231ad6a4:192.168.5.181:43327, deb62537-6eb8-4564-9b10-f1b0b3344442:192.168.5.181:40187] with ContainerStateMachine:uninitialized
2019-07-13 12:38:36,026 INFO  server.RaftServerConfigKeys (ConfUtils.java:logGet(43)) - raft.server.rpc.timeout.min = 5s (custom)
2019-07-13 12:38:36,026 INFO  server.RaftServerConfigKeys (ConfUtils.java:logGet(43)) - raft.server.rpc.timeout.max = 5200ms (custom)
2019-07-13 12:38:36,026 INFO  server.RaftServerConfigKeys (ConfUtils.java:logGet(43)) - raft.server.rpcslowness.timeout = 120s (custom)
2019-07-13 12:38:36,026 INFO  impl.RaftServerImpl (RaftServerImpl.java:<init>(93)) - 09a1fb29-1832-4d2a-b79c-4db4231ad6a4: new RaftServerImpl for group-D02D32845228:[326ee94b-e5a9-471b-85f6-2a1b7e5d49ea:192.168.5.181:34068, 09a1fb29-1832-4d2a-b79c-4db4231ad6a4:192.168.5.181:43327, deb62537-6eb8-4564-9b10-f1b0b3344442:192.168.5.181:40187] with ContainerStateMachine:uninitialized
2019-07-13 12:38:36,026 INFO  server.RaftServerConfigKeys (ConfUtils.java:logGet(43)) - raft.server.sleep.deviation.threshold = 300 (default)
2019-07-13 12:38:36,026 INFO  impl.RaftServerImpl (RaftServerImpl.java:<init>(93)) - 326ee94b-e5a9-471b-85f6-2a1b7e5d49ea: new RaftServerImpl for group-D02D32845228:[326ee94b-e5a9-471b-85f6-2a1b7e5d49ea:192.168.5.181:34068, 09a1fb29-1832-4d2a-b79c-4db4231ad6a4:192.168.5.181:43327, deb62537-6eb8-4564-9b10-f1b0b3344442:192.168.5.181:40187] with ContainerStateMachine:uninitialized
2019-07-13 12:38:36,026 INFO  server.RaftServerConfigKeys (ConfUtils.java:logGet(43)) - raft.server.rpc.timeout.min = 5s (custom)
2019-07-13 12:38:36,026 INFO  server.RaftServerConfigKeys (ConfUtils.java:logGet(43)) - raft.server.rpc.timeout.min = 5s (custom)
2019-07-13 12:38:36,026 INFO  server.RaftServerConfigKeys (ConfUtils.java:logGet(43)) - raft.server.log.appender.install.snapshot.enabled = false (custom)
2019-07-13 12:38:36,027 INFO  server.RaftServerConfigKeys (ConfUtils.java:logGet(43)) - raft.server.rpc.timeout.max = 5200ms (custom)
2019-07-13 12:38:36,027 INFO  server.RaftServerConfigKeys (ConfUtils.java:logGet(43)) - raft.server.rpcslowness.timeout = 120s (custom)
2019-07-13 12:38:36,027 INFO  server.RaftServerConfigKeys (ConfUtils.java:logGet(43)) - raft.server.rpc.timeout.max = 5200ms (custom)
2019-07-13 12:38:36,027 INFO  server.RaftServerConfigKeys (ConfUtils.java:logGet(43)) - raft.server.sleep.deviation.threshold = 300 (default)
2019-07-13 12:38:36,027 INFO  server.RaftServerConfigKeys (ConfUtils.java:logGet(43)) - raft.server.log.appender.install.snapshot.enabled = false (custom)
2019-07-13 12:38:36,027 INFO  impl.RaftServerImpl (ServerState.java:<init>(105)) - deb62537-6eb8-4564-9b10-f1b0b3344442:group-D02D32845228 ConfigurationManager, init=-1: [326ee94b-e5a9-471b-85f6-2a1b7e5d49ea:192.168.5.181:34068, 09a1fb29-1832-4d2a-b79c-4db4231ad6a4:192.168.5.181:43327, deb62537-6eb8-4564-9b10-f1b0b3344442:192.168.5.181:40187], old=null, confs=<EMPTY_MAP>
2019-07-13 12:38:36,028 INFO  impl.RaftServerImpl (ServerState.java:<init>(105)) - 326ee94b-e5a9-471b-85f6-2a1b7e5d49ea:group-D02D32845228 ConfigurationManager, init=-1: [326ee94b-e5a9-471b-85f6-2a1b7e5d49ea:192.168.5.181:34068, 09a1fb29-1832-4d2a-b79c-4db4231ad6a4:192.168.5.181:43327, deb62537-6eb8-4564-9b10-f1b0b3344442:192.168.5.181:40187], old=null, confs=<EMPTY_MAP>
2019-07-13 12:38:36,027 INFO  server.RaftServerConfigKeys (ConfUtils.java:logGet(43)) - raft.server.rpcslowness.timeout = 120s (custom)
2019-07-13 12:38:36,028 INFO  server.RaftServerConfigKeys (ConfUtils.java:logGet(43)) - raft.server.storage.dir = [/tmp/workdir/hadoop-ozone/integration-test/target/test-dir/MiniOzoneClusterImpl-743a5529-b6df-4ed5-9bcc-240d76060713/datanode-5/data/ratis] (custom)
2019-07-13 12:38:36,028 INFO  server.RaftServerConfigKeys (ConfUtils.java:logGet(43)) - raft.server.storage.dir = [/tmp/workdir/hadoop-ozone/integration-test/target/test-dir/MiniOzoneClusterImpl-743a5529-b6df-4ed5-9bcc-240d76060713/datanode-3/data/ratis] (custom)
2019-07-13 12:38:36,028 INFO  server.RaftServerConfigKeys (ConfUtils.java:logGet(43)) - raft.server.sleep.deviation.threshold = 300 (default)
2019-07-13 12:38:36,028 INFO  storage.RaftStorageDirectory (RaftStorageDirectory.java:analyzeStorage(246)) - The storage directory /tmp/workdir/hadoop-ozone/integration-test/target/test-dir/MiniOzoneClusterImpl-743a5529-b6df-4ed5-9bcc-240d76060713/datanode-5/data/ratis/cbc4c247-193b-4553-92b0-d02d32845228 does not exist. Creating ...
2019-07-13 12:38:36,028 INFO  storage.RaftStorageDirectory (RaftStorageDirectory.java:analyzeStorage(246)) - The storage directory /tmp/workdir/hadoop-ozone/integration-test/target/test-dir/MiniOzoneClusterImpl-743a5529-b6df-4ed5-9bcc-240d76060713/datanode-3/data/ratis/cbc4c247-193b-4553-92b0-d02d32845228 does not exist. Creating ...
2019-07-13 12:38:36,028 INFO  server.RaftServerConfigKeys (ConfUtils.java:logGet(43)) - raft.server.log.appender.install.snapshot.enabled = false (custom)
2019-07-13 12:38:36,029 INFO  impl.RaftServerImpl (ServerState.java:<init>(105)) - 09a1fb29-1832-4d2a-b79c-4db4231ad6a4:group-D02D32845228 ConfigurationManager, init=-1: [326ee94b-e5a9-471b-85f6-2a1b7e5d49ea:192.168.5.181:34068, 09a1fb29-1832-4d2a-b79c-4db4231ad6a4:192.168.5.181:43327, deb62537-6eb8-4564-9b10-f1b0b3344442:192.168.5.181:40187], old=null, confs=<EMPTY_MAP>
2019-07-13 12:38:36,029 INFO  server.RaftServerConfigKeys (ConfUtils.java:logGet(43)) - raft.server.storage.dir = [/tmp/workdir/hadoop-ozone/integration-test/target/test-dir/MiniOzoneClusterImpl-743a5529-b6df-4ed5-9bcc-240d76060713/datanode-4/data/ratis] (custom)
2019-07-13 12:38:36,029 INFO  storage.RaftStorageDirectory (RaftStorageDirectory.java:analyzeStorage(246)) - The storage directory /tmp/workdir/hadoop-ozone/integration-test/target/test-dir/MiniOzoneClusterImpl-743a5529-b6df-4ed5-9bcc-240d76060713/datanode-4/data/ratis/cbc4c247-193b-4553-92b0-d02d32845228 does not exist. Creating ...
2019-07-13 12:38:36,051 INFO  storage.RaftStorageDirectory (RaftStorageDirectory.java:tryLock(328)) - Lock on /tmp/workdir/hadoop-ozone/integration-test/target/test-dir/MiniOzoneClusterImpl-743a5529-b6df-4ed5-9bcc-240d76060713/datanode-5/data/ratis/cbc4c247-193b-4553-92b0-d02d32845228/in_use.lock acquired by nodename 32027@trunk-nightly-q2gwj-1111726333
2019-07-13 12:38:36,051 INFO  storage.RaftStorageDirectory (RaftStorageDirectory.java:tryLock(328)) - Lock on /tmp/workdir/hadoop-ozone/integration-test/target/test-dir/MiniOzoneClusterImpl-743a5529-b6df-4ed5-9bcc-240d76060713/datanode-3/data/ratis/cbc4c247-193b-4553-92b0-d02d32845228/in_use.lock acquired by nodename 32027@trunk-nightly-q2gwj-1111726333
2019-07-13 12:38:36,051 INFO  storage.RaftStorageDirectory (RaftStorageDirectory.java:tryLock(328)) - Lock on /tmp/workdir/hadoop-ozone/integration-test/target/test-dir/MiniOzoneClusterImpl-743a5529-b6df-4ed5-9bcc-240d76060713/datanode-4/data/ratis/cbc4c247-193b-4553-92b0-d02d32845228/in_use.lock acquired by nodename 32027@trunk-nightly-q2gwj-1111726333
2019-07-13 12:38:36,056 INFO  storage.RaftStorage (RaftStorage.java:format(72)) - Storage directory /tmp/workdir/hadoop-ozone/integration-test/target/test-dir/MiniOzoneClusterImpl-743a5529-b6df-4ed5-9bcc-240d76060713/datanode-4/data/ratis/cbc4c247-193b-4553-92b0-d02d32845228 has been successfully formatted.
2019-07-13 12:38:36,056 INFO  storage.RaftStorage (RaftStorage.java:format(72)) - Storage directory /tmp/workdir/hadoop-ozone/integration-test/target/test-dir/MiniOzoneClusterImpl-743a5529-b6df-4ed5-9bcc-240d76060713/datanode-5/data/ratis/cbc4c247-193b-4553-92b0-d02d32845228 has been successfully formatted.
2019-07-13 12:38:36,057 INFO  ratis.ContainerStateMachine (ContainerStateMachine.java:loadSnapshot(200)) - The snapshot info is null.Setting the last applied index to:(t:0, i:~)
2019-07-13 12:38:36,056 INFO  storage.RaftStorage (RaftStorage.java:format(72)) - Storage directory /tmp/workdir/hadoop-ozone/integration-test/target/test-dir/MiniOzoneClusterImpl-743a5529-b6df-4ed5-9bcc-240d76060713/datanode-3/data/ratis/cbc4c247-193b-4553-92b0-d02d32845228 has been successfully formatted.
2019-07-13 12:38:36,057 INFO  server.RaftServerConfigKeys (ConfUtils.java:logGet(43)) - raft.server.leader.election.timeout = 120s (custom)
2019-07-13 12:38:36,057 INFO  server.RaftServerConfigKeys (ConfUtils.java:logGet(43)) - raft.server.log.use.memory = false (default)
2019-07-13 12:38:36,057 INFO  ratis.ContainerStateMachine (ContainerStateMachine.java:loadSnapshot(200)) - The snapshot info is null.Setting the last applied index to:(t:0, i:~)
2019-07-13 12:38:36,057 INFO  server.RaftServerConfigKeys (ConfUtils.java:logGet(43)) - raft.server.log.purge.gap = 1000000000 (custom)
2019-07-13 12:38:36,057 INFO  ratis.ContainerStateMachine (ContainerStateMachine.java:loadSnapshot(200)) - The snapshot info is null.Setting the last applied index to:(t:0, i:~)
2019-07-13 12:38:36,057 INFO  server.RaftServerConfigKeys (ConfUtils.java:logGet(43)) - raft.server.log.appender.buffer.byte-limit = 33554432 (custom)
2019-07-13 12:38:36,057 INFO  server.RaftServerConfigKeys (ConfUtils.java:logGet(43)) - raft.server.leader.election.timeout = 120s (custom)
2019-07-13 12:38:36,058 INFO  server.RaftServerConfigKeys (ConfUtils.java:logGet(43)) - raft.server.log.segment.size.max = 1048576 (custom)
2019-07-13 12:38:36,058 INFO  server.RaftServerConfigKeys (ConfUtils.java:logGet(43)) - raft.server.leader.election.timeout = 120s (custom)
2019-07-13 12:38:36,058 INFO  server.RaftServerConfigKeys (ConfUtils.java:logGet(43)) - raft.server.log.segment.cache.num.max = 2 (custom)
2019-07-13 12:38:36,058 INFO  server.RaftServerConfigKeys (ConfUtils.java:logGet(43)) - raft.server.log.use.memory = false (default)
2019-07-13 12:38:36,058 INFO  segmented.SegmentedRaftLogWorker (SegmentedRaftLogWorker.java:<init>(172)) - new 09a1fb29-1832-4d2a-b79c-4db4231ad6a4-SegmentedRaftLogWorker:Storage Directory /tmp/workdir/hadoop-ozone/integration-test/target/test-dir/MiniOzoneClusterImpl-743a5529-b6df-4ed5-9bcc-240d76060713/datanode-4/data/ratis/cbc4c247-193b-4553-92b0-d02d32845228 for RaftStorage:Storage Directory /tmp/workdir/hadoop-ozone/integration-test/target/test-dir/MiniOzoneClusterImpl-743a5529-b6df-4ed5-9bcc-240d76060713/datanode-4/data/ratis/cbc4c247-193b-4553-92b0-d02d32845228
2019-07-13 12:38:36,059 INFO  server.RaftServerConfigKeys (ConfUtils.java:logGet(43)) - raft.server.log.queue.byte-limit = 2147483647 (custom)
2019-07-13 12:38:36,058 INFO  server.RaftServerConfigKeys (ConfUtils.java:logGet(43)) - raft.server.log.use.memory = false (default)
2019-07-13 12:38:36,059 INFO  server.RaftServerConfigKeys (ConfUtils.java:logGet(43)) - raft.server.log.queue.element-limit = 1024 (custom)
2019-07-13 12:38:36,058 INFO  server.RaftServerConfigKeys (ConfUtils.java:logGet(43)) - raft.server.log.purge.gap = 1000000000 (custom)
2019-07-13 12:38:36,059 INFO  server.RaftServerConfigKeys (ConfUtils.java:logGet(43)) - raft.server.log.segment.size.max = 1048576 (custom)
2019-07-13 12:38:36,059 INFO  server.RaftServerConfigKeys (ConfUtils.java:logGet(43)) - raft.server.log.preallocated.size = 16384 (custom)
2019-07-13 12:38:36,059 INFO  server.RaftServerConfigKeys (ConfUtils.java:logGet(43)) - raft.server.log.purge.gap = 1000000000 (custom)
2019-07-13 12:38:36,060 INFO  server.RaftServerConfigKeys (ConfUtils.java:logGet(43)) - raft.server.log.write.buffer.size = 33554432 (custom)
2019-07-13 12:38:36,059 INFO  server.RaftServerConfigKeys (ConfUtils.java:logGet(43)) - raft.server.log.appender.buffer.byte-limit = 33554432 (custom)
2019-07-13 12:38:36,060 INFO  server.RaftServerConfigKeys (ConfUtils.java:logGet(43)) - raft.server.log.force.sync.num = 128 (default)
2019-07-13 12:38:36,060 INFO  server.RaftServerConfigKeys (ConfUtils.java:logGet(43)) - raft.server.log.appender.buffer.byte-limit = 33554432 (custom)
2019-07-13 12:38:36,060 INFO  server.RaftServerConfigKeys (ConfUtils.java:logGet(43)) - raft.server.log.statemachine.data.sync = true (default)
2019-07-13 12:38:36,060 INFO  server.RaftServerConfigKeys (ConfUtils.java:logGet(43)) - raft.server.log.segment.size.max = 1048576 (custom)
2019-07-13 12:38:36,060 INFO  server.RaftServerConfigKeys (ConfUtils.java:logGet(43)) - raft.server.log.statemachine.data.sync.timeout = 10s (default)
2019-07-13 12:38:36,060 INFO  server.RaftServerConfigKeys (ConfUtils.java:logGet(43)) - raft.server.log.segment.size.max = 1048576 (custom)
2019-07-13 12:38:36,061 INFO  server.RaftServerConfigKeys (ConfUtils.java:logGet(43)) - raft.server.log.statemachine.data.sync.timeout.retry = -1 (default)
2019-07-13 12:38:36,061 INFO  server.RaftServerConfigKeys (ConfUtils.java:logGet(43)) - raft.server.log.segment.cache.num.max = 2 (custom)
2019-07-13 12:38:36,061 INFO  server.RaftServerConfigKeys (ConfUtils.java:logGet(43)) - raft.server.log.statemachine.data.caching.enabled = true (custom)
2019-07-13 12:38:36,061 INFO  server.RaftServerConfigKeys (ConfUtils.java:logGet(43)) - raft.server.log.segment.cache.num.max = 2 (custom)
2019-07-13 12:38:36,061 INFO  segmented.SegmentedRaftLogWorker (SegmentedRaftLogWorker.java:<init>(172)) - new 326ee94b-e5a9-471b-85f6-2a1b7e5d49ea-SegmentedRaftLogWorker:Storage Directory /tmp/workdir/hadoop-ozone/integration-test/target/test-dir/MiniOzoneClusterImpl-743a5529-b6df-4ed5-9bcc-240d76060713/datanode-5/data/ratis/cbc4c247-193b-4553-92b0-d02d32845228 for RaftStorage:Storage Directory /tmp/workdir/hadoop-ozone/integration-test/target/test-dir/MiniOzoneClusterImpl-743a5529-b6df-4ed5-9bcc-240d76060713/datanode-5/data/ratis/cbc4c247-193b-4553-92b0-d02d32845228
2019-07-13 12:38:36,062 INFO  segmented.SegmentedRaftLogWorker (SegmentedRaftLogWorker.java:<init>(172)) - new deb62537-6eb8-4564-9b10-f1b0b3344442-SegmentedRaftLogWorker:Storage Directory /tmp/workdir/hadoop-ozone/integration-test/target/test-dir/MiniOzoneClusterImpl-743a5529-b6df-4ed5-9bcc-240d76060713/datanode-3/data/ratis/cbc4c247-193b-4553-92b0-d02d32845228 for RaftStorage:Storage Directory /tmp/workdir/hadoop-ozone/integration-test/target/test-dir/MiniOzoneClusterImpl-743a5529-b6df-4ed5-9bcc-240d76060713/datanode-3/data/ratis/cbc4c247-193b-4553-92b0-d02d32845228
2019-07-13 12:38:36,062 INFO  server.RaftServerConfigKeys (ConfUtils.java:logGet(43)) - raft.server.log.queue.byte-limit = 2147483647 (custom)
2019-07-13 12:38:36,062 INFO  server.RaftServerConfigKeys (ConfUtils.java:logGet(43)) - raft.server.log.queue.byte-limit = 2147483647 (custom)
2019-07-13 12:38:36,062 INFO  segmented.SegmentedRaftLogWorker (SegmentedRaftLogWorker.java:lambda$new$0(132)) - 09a1fb29-1832-4d2a-b79c-4db4231ad6a4-SegmentedRaftLogWorker:Storage Directory /tmp/workdir/hadoop-ozone/integration-test/target/test-dir/MiniOzoneClusterImpl-743a5529-b6df-4ed5-9bcc-240d76060713/datanode-4/data/ratis/cbc4c247-193b-4553-92b0-d02d32845228: flushIndex: setUnconditionally 0 -> -1
2019-07-13 12:38:36,062 INFO  server.RaftServerConfigKeys (ConfUtils.java:logGet(43)) - raft.server.log.queue.element-limit = 1024 (custom)
2019-07-13 12:38:36,062 INFO  server.RaftServerConfigKeys (ConfUtils.java:logGet(43)) - raft.server.log.queue.element-limit = 1024 (custom)
2019-07-13 12:38:36,063 INFO  server.RaftServerConfigKeys (ConfUtils.java:logGet(43)) - raft.server.snapshot.auto.trigger.enabled = true (custom)
2019-07-13 12:38:36,062 INFO  server.RaftServerConfigKeys (ConfUtils.java:logGet(43)) - raft.server.log.segment.size.max = 1048576 (custom)
2019-07-13 12:38:36,063 INFO  server.RaftServerConfigKeys (ConfUtils.java:logGet(43)) - raft.server.snapshot.auto.trigger.threshold = 10000 (custom)
2019-07-13 12:38:36,063 INFO  server.RaftServerConfigKeys (ConfUtils.java:logGet(43)) - raft.server.log.segment.size.max = 1048576 (custom)
2019-07-13 12:38:36,063 INFO  server.RaftServerConfigKeys (ConfUtils.java:logGet(43)) - raft.server.retrycache.expirytime = 600000ms (custom)
2019-07-13 12:38:36,063 INFO  server.RaftServerConfigKeys (ConfUtils.java:logGet(43)) - raft.server.log.preallocated.size = 16384 (custom)
2019-07-13 12:38:36,063 INFO  impl.RaftServerImpl (RaftServerImpl.java:start(180)) - 09a1fb29-1832-4d2a-b79c-4db4231ad6a4: start group-D02D32845228
2019-07-13 12:38:36,064 INFO  impl.RaftServerImpl (RaftServerImpl.java:setRole(171)) - 09a1fb29-1832-4d2a-b79c-4db4231ad6a4:group-D02D32845228 changes role from null to FOLLOWER at term 0 for startAsFollower
2019-07-13 12:38:36,063 INFO  server.RaftServerConfigKeys (ConfUtils.java:logGet(43)) - raft.server.log.preallocated.size = 16384 (custom)
2019-07-13 12:38:36,064 INFO  impl.RoleInfo (RoleInfo.java:updateAndGet(143)) - 09a1fb29-1832-4d2a-b79c-4db4231ad6a4: start FollowerState
2019-07-13 12:38:36,063 INFO  server.RaftServerConfigKeys (ConfUtils.java:logGet(43)) - raft.server.log.write.buffer.size = 33554432 (custom)
2019-07-13 12:38:36,064 INFO  server.RaftServerConfigKeys (ConfUtils.java:logGet(43)) - raft.server.log.write.buffer.size = 33554432 (custom)
2019-07-13 12:38:36,064 INFO  server.RaftServerConfigKeys (ConfUtils.java:logGet(43)) - raft.server.log.force.sync.num = 128 (default)
2019-07-13 12:38:36,064 INFO  server.RaftServerConfigKeys (ConfUtils.java:logGet(43)) - raft.server.log.force.sync.num = 128 (default)
2019-07-13 12:38:36,064 INFO  util.JmxRegister (JmxRegister.java:tryRegister(44)) - Successfully registered JMX Bean with object name Ratis:service=RaftServer,group=group-D02D32845228,id=09a1fb29-1832-4d2a-b79c-4db4231ad6a4
2019-07-13 12:38:36,065 INFO  server.RaftServerConfigKeys (ConfUtils.java:logGet(43)) - raft.server.log.statemachine.data.sync = true (default)
2019-07-13 12:38:36,064 INFO  server.RaftServerConfigKeys (ConfUtils.java:logGet(43)) - raft.server.log.statemachine.data.sync = true (default)
2019-07-13 12:38:36,065 INFO  server.RaftServerConfigKeys (ConfUtils.java:logGet(43)) - raft.server.log.statemachine.data.sync.timeout = 10s (default)
2019-07-13 12:38:36,065 INFO  server.RaftServerConfigKeys (ConfUtils.java:logGet(43)) - raft.server.log.statemachine.data.sync.timeout = 10s (default)
2019-07-13 12:38:36,065 INFO  server.RaftServerConfigKeys (ConfUtils.java:logGet(43)) - raft.server.log.statemachine.data.sync.timeout.retry = -1 (default)
2019-07-13 12:38:36,065 INFO  server.RaftServerConfigKeys (ConfUtils.java:logGet(43)) - raft.server.log.statemachine.data.sync.timeout.retry = -1 (default)
2019-07-13 12:38:36,066 INFO  server.RaftServerConfigKeys (ConfUtils.java:logGet(43)) - raft.server.log.statemachine.data.caching.enabled = true (custom)
2019-07-13 12:38:36,066 INFO  server.RaftServerConfigKeys (ConfUtils.java:logGet(43)) - raft.server.log.statemachine.data.caching.enabled = true (custom)
2019-07-13 12:38:36,070 INFO  segmented.SegmentedRaftLogWorker (SegmentedRaftLogWorker.java:lambda$new$0(132)) - deb62537-6eb8-4564-9b10-f1b0b3344442-SegmentedRaftLogWorker:Storage Directory /tmp/workdir/hadoop-ozone/integration-test/target/test-dir/MiniOzoneClusterImpl-743a5529-b6df-4ed5-9bcc-240d76060713/datanode-3/data/ratis/cbc4c247-193b-4553-92b0-d02d32845228: flushIndex: setUnconditionally 0 -> -1
2019-07-13 12:38:36,070 INFO  segmented.SegmentedRaftLogWorker (SegmentedRaftLogWorker.java:lambda$new$0(132)) - 326ee94b-e5a9-471b-85f6-2a1b7e5d49ea-SegmentedRaftLogWorker:Storage Directory /tmp/workdir/hadoop-ozone/integration-test/target/test-dir/MiniOzoneClusterImpl-743a5529-b6df-4ed5-9bcc-240d76060713/datanode-5/data/ratis/cbc4c247-193b-4553-92b0-d02d32845228: flushIndex: setUnconditionally 0 -> -1
2019-07-13 12:38:36,071 INFO  server.RaftServerConfigKeys (ConfUtils.java:logGet(43)) - raft.server.snapshot.auto.trigger.enabled = true (custom)
2019-07-13 12:38:36,071 INFO  server.RaftServerConfigKeys (ConfUtils.java:logGet(43)) - raft.server.snapshot.auto.trigger.threshold = 10000 (custom)
2019-07-13 12:38:36,071 INFO  server.RaftServerConfigKeys (ConfUtils.java:logGet(43)) - raft.server.snapshot.auto.trigger.enabled = true (custom)
2019-07-13 12:38:36,071 INFO  server.RaftServerConfigKeys (ConfUtils.java:logGet(43)) - raft.server.retrycache.expirytime = 600000ms (custom)
2019-07-13 12:38:36,071 INFO  server.RaftServerConfigKeys (ConfUtils.java:logGet(43)) - raft.server.snapshot.auto.trigger.threshold = 10000 (custom)
2019-07-13 12:38:36,071 INFO  impl.RaftServerImpl (RaftServerImpl.java:start(180)) - deb62537-6eb8-4564-9b10-f1b0b3344442: start group-D02D32845228
2019-07-13 12:38:36,071 INFO  server.RaftServerConfigKeys (ConfUtils.java:logGet(43)) - raft.server.retrycache.expirytime = 600000ms (custom)
2019-07-13 12:38:36,071 INFO  impl.RaftServerImpl (RaftServerImpl.java:setRole(171)) - deb62537-6eb8-4564-9b10-f1b0b3344442:group-D02D32845228 changes role from null to FOLLOWER at term 0 for startAsFollower
2019-07-13 12:38:36,072 INFO  impl.RaftServerImpl (RaftServerImpl.java:start(180)) - 326ee94b-e5a9-471b-85f6-2a1b7e5d49ea: start group-D02D32845228
2019-07-13 12:38:36,072 INFO  impl.RoleInfo (RoleInfo.java:updateAndGet(143)) - deb62537-6eb8-4564-9b10-f1b0b3344442: start FollowerState
2019-07-13 12:38:36,072 INFO  impl.RaftServerImpl (RaftServerImpl.java:setRole(171)) - 326ee94b-e5a9-471b-85f6-2a1b7e5d49ea:group-D02D32845228 changes role from null to FOLLOWER at term 0 for startAsFollower
2019-07-13 12:38:36,072 INFO  impl.RoleInfo (RoleInfo.java:updateAndGet(143)) - 326ee94b-e5a9-471b-85f6-2a1b7e5d49ea: start FollowerState
2019-07-13 12:38:36,072 INFO  util.JmxRegister (JmxRegister.java:tryRegister(44)) - Successfully registered JMX Bean with object name Ratis:service=RaftServer,group=group-D02D32845228,id=deb62537-6eb8-4564-9b10-f1b0b3344442
2019-07-13 12:38:36,073 INFO  util.JmxRegister (JmxRegister.java:tryRegister(44)) - Successfully registered JMX Bean with object name Ratis:service=RaftServer,group=group-D02D32845228,id=326ee94b-e5a9-471b-85f6-2a1b7e5d49ea
2019-07-13 12:38:36,078 INFO  pipeline.PipelineStateManager (PipelineStateManager.java:addPipeline(56)) - Created pipeline Pipeline[ Id: cbc4c247-193b-4553-92b0-d02d32845228, Nodes: 09a1fb29-1832-4d2a-b79c-4db4231ad6a4{ip: 192.168.5.181, host: trunk-nightly-q2gwj-1111726333, networkLocation: /default-rack, certSerialId: null}deb62537-6eb8-4564-9b10-f1b0b3344442{ip: 192.168.5.181, host: trunk-nightly-q2gwj-1111726333, networkLocation: /default-rack, certSerialId: null}326ee94b-e5a9-471b-85f6-2a1b7e5d49ea{ip: 192.168.5.181, host: trunk-nightly-q2gwj-1111726333, networkLocation: /default-rack, certSerialId: null}, Type:RATIS, Factor:THREE, State:OPEN]
2019-07-13 12:38:36,142 INFO  node.SCMNodeManager (SCMNodeManager.java:register(269)) - Registered Data node : b97c2ab7-6070-4e00-b613-fe8f83466489{ip: 192.168.5.181, host: trunk-nightly-q2gwj-1111726333, networkLocation: /default-rack, certSerialId: null}
2019-07-13 12:38:36,150 INFO  ozone.MiniOzoneClusterImpl (MiniOzoneClusterImpl.java:lambda$waitForClusterToBeReady$0(142)) - Cluster is ready. Got 7 of 7 DN Heartbeats.
2019-07-13 12:38:36,150 INFO  impl.RaftServerProxy (RaftServerProxy.java:addNew(89)) - b97c2ab7-6070-4e00-b613-fe8f83466489: addNew group-15D5B5406CBC:[b97c2ab7-6070-4e00-b613-fe8f83466489:192.168.5.181:33519] returns group-15D5B5406CBC:java.util.concurrent.CompletableFuture@71919ba6[Not completed]
2019-07-13 12:38:36,151 INFO  impl.RaftServerImpl (RaftServerImpl.java:<init>(93)) - b97c2ab7-6070-4e00-b613-fe8f83466489: new RaftServerImpl for group-15D5B5406CBC:[b97c2ab7-6070-4e00-b613-fe8f83466489:192.168.5.181:33519] with ContainerStateMachine:uninitialized
2019-07-13 12:38:36,151 INFO  server.RaftServerConfigKeys (ConfUtils.java:logGet(43)) - raft.server.rpc.timeout.min = 5s (custom)
2019-07-13 12:38:36,152 INFO  server.RaftServerConfigKeys (ConfUtils.java:logGet(43)) - raft.server.rpc.timeout.max = 5200ms (custom)
2019-07-13 12:38:36,152 INFO  server.RaftServerConfigKeys (ConfUtils.java:logGet(43)) - raft.server.rpcslowness.timeout = 120s (custom)
2019-07-13 12:38:36,152 INFO  server.RaftServerConfigKeys (ConfUtils.java:logGet(43)) - raft.server.sleep.deviation.threshold = 300 (default)
2019-07-13 12:38:36,152 INFO  server.RaftServerConfigKeys (ConfUtils.java:logGet(43)) - raft.server.log.appender.install.snapshot.enabled = false (custom)
2019-07-13 12:38:36,152 INFO  impl.RaftServerImpl (ServerState.java:<init>(105)) - b97c2ab7-6070-4e00-b613-fe8f83466489:group-15D5B5406CBC ConfigurationManager, init=-1: [b97c2ab7-6070-4e00-b613-fe8f83466489:192.168.5.181:33519], old=null, confs=<EMPTY_MAP>
2019-07-13 12:38:36,158 INFO  server.RaftServerConfigKeys (ConfUtils.java:logGet(43)) - raft.server.storage.dir = [/tmp/workdir/hadoop-ozone/integration-test/target/test-dir/MiniOzoneClusterImpl-743a5529-b6df-4ed5-9bcc-240d76060713/datanode-6/data/ratis] (custom)
2019-07-13 12:38:36,159 INFO  storage.RaftStorageDirectory (RaftStorageDirectory.java:analyzeStorage(246)) - The storage directory /tmp/workdir/hadoop-ozone/integration-test/target/test-dir/MiniOzoneClusterImpl-743a5529-b6df-4ed5-9bcc-240d76060713/datanode-6/data/ratis/2ca0fe1e-734d-4b1b-a96f-15d5b5406cbc does not exist. Creating ...
2019-07-13 12:38:36,181 INFO  storage.RaftStorageDirectory (RaftStorageDirectory.java:tryLock(328)) - Lock on /tmp/workdir/hadoop-ozone/integration-test/target/test-dir/MiniOzoneClusterImpl-743a5529-b6df-4ed5-9bcc-240d76060713/datanode-6/data/ratis/2ca0fe1e-734d-4b1b-a96f-15d5b5406cbc/in_use.lock acquired by nodename 32027@trunk-nightly-q2gwj-1111726333
2019-07-13 12:38:36,192 INFO  rpc.RpcClient (RpcClient.java:createVolume(287)) - Creating Volume: testblockoutputstream, with jenkins1000 as owner.
2019-07-13 12:38:36,192 INFO  storage.RaftStorage (RaftStorage.java:format(72)) - Storage directory /tmp/workdir/hadoop-ozone/integration-test/target/test-dir/MiniOzoneClusterImpl-743a5529-b6df-4ed5-9bcc-240d76060713/datanode-6/data/ratis/2ca0fe1e-734d-4b1b-a96f-15d5b5406cbc has been successfully formatted.
2019-07-13 12:38:36,193 INFO  ratis.ContainerStateMachine (ContainerStateMachine.java:loadSnapshot(200)) - The snapshot info is null.Setting the last applied index to:(t:0, i:~)
2019-07-13 12:38:36,193 INFO  server.RaftServerConfigKeys (ConfUtils.java:logGet(43)) - raft.server.leader.election.timeout = 120s (custom)
2019-07-13 12:38:36,193 INFO  server.RaftServerConfigKeys (ConfUtils.java:logGet(43)) - raft.server.log.use.memory = false (default)
2019-07-13 12:38:36,193 INFO  server.RaftServerConfigKeys (ConfUtils.java:logGet(43)) - raft.server.log.purge.gap = 1000000000 (custom)
2019-07-13 12:38:36,193 INFO  server.RaftServerConfigKeys (ConfUtils.java:logGet(43)) - raft.server.log.appender.buffer.byte-limit = 33554432 (custom)
2019-07-13 12:38:36,193 INFO  server.RaftServerConfigKeys (ConfUtils.java:logGet(43)) - raft.server.log.segment.size.max = 1048576 (custom)
2019-07-13 12:38:36,193 INFO  server.RaftServerConfigKeys (ConfUtils.java:logGet(43)) - raft.server.log.segment.cache.num.max = 2 (custom)
2019-07-13 12:38:36,194 INFO  segmented.SegmentedRaftLogWorker (SegmentedRaftLogWorker.java:<init>(172)) - new b97c2ab7-6070-4e00-b613-fe8f83466489-SegmentedRaftLogWorker:Storage Directory /tmp/workdir/hadoop-ozone/integration-test/target/test-dir/MiniOzoneClusterImpl-743a5529-b6df-4ed5-9bcc-240d76060713/datanode-6/data/ratis/2ca0fe1e-734d-4b1b-a96f-15d5b5406cbc for RaftStorage:Storage Directory /tmp/workdir/hadoop-ozone/integration-test/target/test-dir/MiniOzoneClusterImpl-743a5529-b6df-4ed5-9bcc-240d76060713/datanode-6/data/ratis/2ca0fe1e-734d-4b1b-a96f-15d5b5406cbc
2019-07-13 12:38:36,194 INFO  server.RaftServerConfigKeys (ConfUtils.java:logGet(43)) - raft.server.log.queue.byte-limit = 2147483647 (custom)
2019-07-13 12:38:36,194 INFO  server.RaftServerConfigKeys (ConfUtils.java:logGet(43)) - raft.server.log.queue.element-limit = 1024 (custom)
2019-07-13 12:38:36,196 INFO  server.RaftServerConfigKeys (ConfUtils.java:logGet(43)) - raft.server.log.segment.size.max = 1048576 (custom)
2019-07-13 12:38:36,197 INFO  server.RaftServerConfigKeys (ConfUtils.java:logGet(43)) - raft.server.log.preallocated.size = 16384 (custom)
2019-07-13 12:38:36,197 INFO  server.RaftServerConfigKeys (ConfUtils.java:logGet(43)) - raft.server.log.write.buffer.size = 33554432 (custom)
2019-07-13 12:38:36,197 INFO  server.RaftServerConfigKeys (ConfUtils.java:logGet(43)) - raft.server.log.force.sync.num = 128 (default)
2019-07-13 12:38:36,197 INFO  server.RaftServerConfigKeys (ConfUtils.java:logGet(43)) - raft.server.log.statemachine.data.sync = true (default)
2019-07-13 12:38:36,197 INFO  server.RaftServerConfigKeys (ConfUtils.java:logGet(43)) - raft.server.log.statemachine.data.sync.timeout = 10s (default)
2019-07-13 12:38:36,202 INFO  server.RaftServerConfigKeys (ConfUtils.java:logGet(43)) - raft.server.log.statemachine.data.sync.timeout.retry = -1 (default)
2019-07-13 12:38:36,216 INFO  server.RaftServerConfigKeys (ConfUtils.java:logGet(43)) - raft.server.log.statemachine.data.caching.enabled = true (custom)
2019-07-13 12:38:36,216 INFO  segmented.SegmentedRaftLogWorker (SegmentedRaftLogWorker.java:lambda$new$0(132)) - b97c2ab7-6070-4e00-b613-fe8f83466489-SegmentedRaftLogWorker:Storage Directory /tmp/workdir/hadoop-ozone/integration-test/target/test-dir/MiniOzoneClusterImpl-743a5529-b6df-4ed5-9bcc-240d76060713/datanode-6/data/ratis/2ca0fe1e-734d-4b1b-a96f-15d5b5406cbc: flushIndex: setUnconditionally 0 -> -1
2019-07-13 12:38:36,217 INFO  rpc.RpcClient (RpcClient.java:createBucket(424)) - Creating Bucket: testblockoutputstream/testblockoutputstream, with Versioning false and Storage Type set to DISK and Encryption set to false 
2019-07-13 12:38:36,217 INFO  server.RaftServerConfigKeys (ConfUtils.java:logGet(43)) - raft.server.snapshot.auto.trigger.enabled = true (custom)
2019-07-13 12:38:36,217 INFO  server.RaftServerConfigKeys (ConfUtils.java:logGet(43)) - raft.server.snapshot.auto.trigger.threshold = 10000 (custom)
2019-07-13 12:38:36,217 INFO  server.RaftServerConfigKeys (ConfUtils.java:logGet(43)) - raft.server.retrycache.expirytime = 600000ms (custom)
2019-07-13 12:38:36,217 INFO  impl.RaftServerImpl (RaftServerImpl.java:start(180)) - b97c2ab7-6070-4e00-b613-fe8f83466489: start group-15D5B5406CBC
2019-07-13 12:38:36,218 INFO  impl.RaftServerImpl (RaftServerImpl.java:setRole(171)) - b97c2ab7-6070-4e00-b613-fe8f83466489:group-15D5B5406CBC changes role from null to FOLLOWER at term 0 for startAsFollower
2019-07-13 12:38:36,218 INFO  impl.RoleInfo (RoleInfo.java:updateAndGet(143)) - b97c2ab7-6070-4e00-b613-fe8f83466489: start FollowerState
2019-07-13 12:38:36,222 INFO  util.JmxRegister (JmxRegister.java:tryRegister(44)) - Successfully registered JMX Bean with object name Ratis:service=RaftServer,group=group-15D5B5406CBC,id=b97c2ab7-6070-4e00-b613-fe8f83466489
2019-07-13 12:38:36,228 INFO  pipeline.PipelineStateManager (PipelineStateManager.java:addPipeline(56)) - Created pipeline Pipeline[ Id: 2ca0fe1e-734d-4b1b-a96f-15d5b5406cbc, Nodes: b97c2ab7-6070-4e00-b613-fe8f83466489{ip: 192.168.5.181, host: trunk-nightly-q2gwj-1111726333, networkLocation: /default-rack, certSerialId: null}, Type:RATIS, Factor:ONE, State:OPEN]
2019-07-13 12:38:36,253 INFO  client.GrpcClientProtocolClient (GrpcClientProtocolClient.java:onNext(255)) - client-5B52331A4BA3->09a1fb29-1832-4d2a-b79c-4db4231ad6a4: receive RaftClientReply:client-5B52331A4BA3->09a1fb29-1832-4d2a-b79c-4db4231ad6a4@group-D02D32845228, cid=265, FAILED org.apache.ratis.protocol.NotLeaderException: Server 09a1fb29-1832-4d2a-b79c-4db4231ad6a4 is not the leader (null). Request must be sent to leader., logIndex=0, commits[09a1fb29-1832-4d2a-b79c-4db4231ad6a4:c-1]
2019-07-13 12:38:37,271 INFO  client.GrpcClientProtocolClient (GrpcClientProtocolClient.java:onNext(255)) - client-5B52331A4BA3->326ee94b-e5a9-471b-85f6-2a1b7e5d49ea: receive RaftClientReply:client-5B52331A4BA3->326ee94b-e5a9-471b-85f6-2a1b7e5d49ea@group-D02D32845228, cid=265, FAILED org.apache.ratis.protocol.NotLeaderException: Server 326ee94b-e5a9-471b-85f6-2a1b7e5d49ea is not the leader (null). Request must be sent to leader., logIndex=0, commits[326ee94b-e5a9-471b-85f6-2a1b7e5d49ea:c-1]
2019-07-13 12:38:38,153 INFO  container.ReplicationManager (ReplicationManager.java:start(155)) - Starting Replication Monitor Thread.
2019-07-13 12:38:38,157 INFO  container.ReplicationManager (ReplicationManager.java:run(207)) - Replication Monitor Thread took 0 milliseconds for processing 1 containers.
2019-07-13 12:38:38,282 INFO  client.GrpcClientProtocolClient (GrpcClientProtocolClient.java:onNext(255)) - client-5B52331A4BA3->09a1fb29-1832-4d2a-b79c-4db4231ad6a4: receive RaftClientReply:client-5B52331A4BA3->09a1fb29-1832-4d2a-b79c-4db4231ad6a4@group-D02D32845228, cid=265, FAILED org.apache.ratis.protocol.NotLeaderException: Server 09a1fb29-1832-4d2a-b79c-4db4231ad6a4 is not the leader (null). Request must be sent to leader., logIndex=0, commits[09a1fb29-1832-4d2a-b79c-4db4231ad6a4:c-1]
2019-07-13 12:38:39,301 INFO  client.GrpcClientProtocolClient (GrpcClientProtocolClient.java:onNext(255)) - client-5B52331A4BA3->deb62537-6eb8-4564-9b10-f1b0b3344442: receive RaftClientReply:client-5B52331A4BA3->deb62537-6eb8-4564-9b10-f1b0b3344442@group-D02D32845228, cid=265, FAILED org.apache.ratis.protocol.NotLeaderException: Server deb62537-6eb8-4564-9b10-f1b0b3344442 is not the leader (null). Request must be sent to leader., logIndex=0, commits[deb62537-6eb8-4564-9b10-f1b0b3344442:c-1]
2019-07-13 12:38:40,326 INFO  client.GrpcClientProtocolClient (GrpcClientProtocolClient.java:onNext(255)) - client-5B52331A4BA3->326ee94b-e5a9-471b-85f6-2a1b7e5d49ea: receive RaftClientReply:client-5B52331A4BA3->326ee94b-e5a9-471b-85f6-2a1b7e5d49ea@group-D02D32845228, cid=265, FAILED org.apache.ratis.protocol.NotLeaderException: Server 326ee94b-e5a9-471b-85f6-2a1b7e5d49ea is not the leader (null). Request must be sent to leader., logIndex=0, commits[326ee94b-e5a9-471b-85f6-2a1b7e5d49ea:c-1]
2019-07-13 12:38:40,516 INFO  impl.FollowerState (FollowerState.java:run(106)) - eb40b4b4-a33d-4c1f-ac18-dfc1db024a77:group-4F0525C974C2 changes to CANDIDATE, lastRpcTime:5178, electionTimeout:5174ms
2019-07-13 12:38:40,516 INFO  impl.RoleInfo (RoleInfo.java:shutdownFollowerState(121)) - eb40b4b4-a33d-4c1f-ac18-dfc1db024a77: shutdown FollowerState
2019-07-13 12:38:40,516 INFO  impl.RaftServerImpl (RaftServerImpl.java:setRole(171)) - eb40b4b4-a33d-4c1f-ac18-dfc1db024a77:group-4F0525C974C2 changes role from FOLLOWER to CANDIDATE at term 0 for changeToCandidate
2019-07-13 12:38:40,516 INFO  impl.RoleInfo (RoleInfo.java:updateAndGet(143)) - eb40b4b4-a33d-4c1f-ac18-dfc1db024a77: start LeaderElection
2019-07-13 12:38:40,528 INFO  impl.FollowerState (FollowerState.java:run(106)) - 8a9999cf-3719-4cd8-bc6e-d9c7a20464e5:group-8365B687A2D3 changes to CANDIDATE, lastRpcTime:5079, electionTimeout:5076ms
2019-07-13 12:38:40,534 INFO  impl.RoleInfo (RoleInfo.java:shutdownFollowerState(121)) - 8a9999cf-3719-4cd8-bc6e-d9c7a20464e5: shutdown FollowerState
2019-07-13 12:38:40,534 INFO  impl.RaftServerImpl (RaftServerImpl.java:setRole(171)) - 8a9999cf-3719-4cd8-bc6e-d9c7a20464e5:group-8365B687A2D3 changes role from FOLLOWER to CANDIDATE at term 0 for changeToCandidate
2019-07-13 12:38:40,534 INFO  impl.RoleInfo (RoleInfo.java:updateAndGet(143)) - 8a9999cf-3719-4cd8-bc6e-d9c7a20464e5: start LeaderElection
2019-07-13 12:38:40,547 INFO  impl.FollowerState (FollowerState.java:run(106)) - f977b8ff-d01f-4acd-98a8-c6ecbc23fea0:group-11A1747936E2 changes to CANDIDATE, lastRpcTime:5019, electionTimeout:5019ms
2019-07-13 12:38:40,547 INFO  impl.RoleInfo (RoleInfo.java:shutdownFollowerState(121)) - f977b8ff-d01f-4acd-98a8-c6ecbc23fea0: shutdown FollowerState
2019-07-13 12:38:40,547 INFO  impl.RaftServerImpl (RaftServerImpl.java:setRole(171)) - f977b8ff-d01f-4acd-98a8-c6ecbc23fea0:group-11A1747936E2 changes role from FOLLOWER to CANDIDATE at term 0 for changeToCandidate
2019-07-13 12:38:40,547 INFO  impl.RoleInfo (RoleInfo.java:updateAndGet(143)) - f977b8ff-d01f-4acd-98a8-c6ecbc23fea0: start LeaderElection
2019-07-13 12:38:40,548 INFO  impl.LeaderElection (LeaderElection.java:askForVotes(181)) - 8a9999cf-3719-4cd8-bc6e-d9c7a20464e5:group-8365B687A2D3:LeaderElection107: begin an election at term 1 for -1: [8a9999cf-3719-4cd8-bc6e-d9c7a20464e5:192.168.5.181:35786], old=null
2019-07-13 12:38:40,548 INFO  impl.LeaderElection (LeaderElection.java:askForVotes(181)) - eb40b4b4-a33d-4c1f-ac18-dfc1db024a77:group-4F0525C974C2:LeaderElection106: begin an election at term 1 for -1: [eb40b4b4-a33d-4c1f-ac18-dfc1db024a77:192.168.5.181:34925], old=null
2019-07-13 12:38:40,553 INFO  impl.RoleInfo (RoleInfo.java:shutdownLeaderElection(134)) - 8a9999cf-3719-4cd8-bc6e-d9c7a20464e5: shutdown LeaderElection
2019-07-13 12:38:40,553 INFO  impl.RoleInfo (RoleInfo.java:shutdownLeaderElection(134)) - eb40b4b4-a33d-4c1f-ac18-dfc1db024a77: shutdown LeaderElection
2019-07-13 12:38:40,553 INFO  impl.RaftServerImpl (RaftServerImpl.java:setRole(171)) - 8a9999cf-3719-4cd8-bc6e-d9c7a20464e5:group-8365B687A2D3 changes role from CANDIDATE to LEADER at term 1 for changeToLeader
2019-07-13 12:38:40,553 INFO  impl.RaftServerImpl (RaftServerImpl.java:setRole(171)) - eb40b4b4-a33d-4c1f-ac18-dfc1db024a77:group-4F0525C974C2 changes role from CANDIDATE to LEADER at term 1 for changeToLeader
2019-07-13 12:38:40,553 INFO  impl.RaftServerImpl (ServerState.java:setLeader(263)) - 8a9999cf-3719-4cd8-bc6e-d9c7a20464e5:group-8365B687A2D3 change Leader from null to 8a9999cf-3719-4cd8-bc6e-d9c7a20464e5 at term 1 for becomeLeader, leader elected after 5108ms
2019-07-13 12:38:40,553 INFO  impl.RaftServerImpl (ServerState.java:setLeader(263)) - eb40b4b4-a33d-4c1f-ac18-dfc1db024a77:group-4F0525C974C2 change Leader from null to eb40b4b4-a33d-4c1f-ac18-dfc1db024a77 at term 1 for becomeLeader, leader elected after 5384ms
2019-07-13 12:38:40,554 INFO  server.RaftServerConfigKeys (ConfUtils.java:logGet(43)) - raft.server.staging.catchup.gap = 1000 (default)
2019-07-13 12:38:40,554 INFO  server.RaftServerConfigKeys (ConfUtils.java:logGet(43)) - raft.server.staging.catchup.gap = 1000 (default)
2019-07-13 12:38:40,554 INFO  server.RaftServerConfigKeys (ConfUtils.java:logGet(43)) - raft.server.rpc.sleep.time = 25ms (default)
2019-07-13 12:38:40,554 INFO  server.RaftServerConfigKeys (ConfUtils.java:logGet(43)) - raft.server.rpc.sleep.time = 25ms (default)
2019-07-13 12:38:40,554 INFO  server.RaftServerConfigKeys (ConfUtils.java:logGet(43)) - raft.server.write.element-limit = 4096 (default)
2019-07-13 12:38:40,554 INFO  server.RaftServerConfigKeys (ConfUtils.java:logGet(43)) - raft.server.write.element-limit = 4096 (default)
2019-07-13 12:38:40,554 INFO  server.RaftServerConfigKeys (ConfUtils.java:logGet(43)) - raft.server.watch.timeout = 10s (default)
2019-07-13 12:38:40,555 INFO  server.RaftServerConfigKeys (ConfUtils.java:logGet(43)) - raft.server.watch.timeout = 10s (default)
2019-07-13 12:38:40,555 INFO  server.RaftServerConfigKeys (ConfUtils.java:logGet(43)) - raft.server.watch.timeout.denomination = 1s (default)
2019-07-13 12:38:40,555 INFO  server.RaftServerConfigKeys (ConfUtils.java:logGet(43)) - raft.server.watch.timeout.denomination = 1s (default)
2019-07-13 12:38:40,555 INFO  server.RaftServerConfigKeys (ConfUtils.java:logGet(43)) - raft.server.watch.element-limit = 65536 (default)
2019-07-13 12:38:40,555 INFO  server.RaftServerConfigKeys (ConfUtils.java:logGet(43)) - raft.server.watch.element-limit = 65536 (default)
2019-07-13 12:38:40,555 INFO  impl.RoleInfo (RoleInfo.java:updateAndGet(143)) - 8a9999cf-3719-4cd8-bc6e-d9c7a20464e5: start LeaderState
2019-07-13 12:38:40,556 INFO  impl.RoleInfo (RoleInfo.java:updateAndGet(143)) - eb40b4b4-a33d-4c1f-ac18-dfc1db024a77: start LeaderState
2019-07-13 12:38:40,556 INFO  segmented.SegmentedRaftLogWorker (SegmentedRaftLogWorker.java:startLogSegment(380)) - eb40b4b4-a33d-4c1f-ac18-dfc1db024a77-SegmentedRaftLogWorker:Storage Directory /tmp/workdir/hadoop-ozone/integration-test/target/test-dir/MiniOzoneClusterImpl-743a5529-b6df-4ed5-9bcc-240d76060713/datanode-0/data/ratis/9fad4628-a0cd-405c-9a00-4f0525c974c2: Starting segment from index:0
2019-07-13 12:38:40,556 INFO  segmented.SegmentedRaftLogWorker (SegmentedRaftLogWorker.java:startLogSegment(380)) - 8a9999cf-3719-4cd8-bc6e-d9c7a20464e5-SegmentedRaftLogWorker:Storage Directory /tmp/workdir/hadoop-ozone/integration-test/target/test-dir/MiniOzoneClusterImpl-743a5529-b6df-4ed5-9bcc-240d76060713/datanode-1/data/ratis/d8884e01-78a6-483d-bbc3-8365b687a2d3: Starting segment from index:0
2019-07-13 12:38:40,557 INFO  impl.RaftServerImpl (ServerState.java:setRaftConf(361)) - eb40b4b4-a33d-4c1f-ac18-dfc1db024a77:group-4F0525C974C2 set configuration 0: [eb40b4b4-a33d-4c1f-ac18-dfc1db024a77:192.168.5.181:34925], old=null at 0
2019-07-13 12:38:40,557 INFO  impl.RaftServerImpl (ServerState.java:setRaftConf(361)) - 8a9999cf-3719-4cd8-bc6e-d9c7a20464e5:group-8365B687A2D3 set configuration 0: [8a9999cf-3719-4cd8-bc6e-d9c7a20464e5:192.168.5.181:35786], old=null at 0
2019-07-13 12:38:40,566 INFO  impl.LeaderElection (LeaderElection.java:askForVotes(181)) - f977b8ff-d01f-4acd-98a8-c6ecbc23fea0:group-11A1747936E2:LeaderElection108: begin an election at term 1 for -1: [f977b8ff-d01f-4acd-98a8-c6ecbc23fea0:192.168.5.181:46159, 8a9999cf-3719-4cd8-bc6e-d9c7a20464e5:192.168.5.181:35786, eb40b4b4-a33d-4c1f-ac18-dfc1db024a77:192.168.5.181:34925], old=null
2019-07-13 12:38:40,586 INFO  impl.RaftServerImpl (RaftServerImpl.java:setRole(171)) - 8a9999cf-3719-4cd8-bc6e-d9c7a20464e5:group-11A1747936E2 changes role from FOLLOWER to FOLLOWER at term 1 for recognizeCandidate:f977b8ff-d01f-4acd-98a8-c6ecbc23fea0
2019-07-13 12:38:40,586 INFO  impl.RoleInfo (RoleInfo.java:shutdownFollowerState(121)) - 8a9999cf-3719-4cd8-bc6e-d9c7a20464e5: shutdown FollowerState
2019-07-13 12:38:40,589 INFO  impl.RaftServerImpl (RaftServerImpl.java:setRole(171)) - eb40b4b4-a33d-4c1f-ac18-dfc1db024a77:group-11A1747936E2 changes role from FOLLOWER to FOLLOWER at term 1 for recognizeCandidate:f977b8ff-d01f-4acd-98a8-c6ecbc23fea0
2019-07-13 12:38:40,589 INFO  impl.RoleInfo (RoleInfo.java:updateAndGet(143)) - 8a9999cf-3719-4cd8-bc6e-d9c7a20464e5: start FollowerState
2019-07-13 12:38:40,589 INFO  impl.FollowerState (FollowerState.java:run(114)) - 8a9999cf-3719-4cd8-bc6e-d9c7a20464e5: FollowerState was interrupted: java.lang.InterruptedException: sleep interrupted
2019-07-13 12:38:40,589 INFO  impl.RoleInfo (RoleInfo.java:shutdownFollowerState(121)) - eb40b4b4-a33d-4c1f-ac18-dfc1db024a77: shutdown FollowerState
2019-07-13 12:38:40,590 INFO  impl.RoleInfo (RoleInfo.java:updateAndGet(143)) - eb40b4b4-a33d-4c1f-ac18-dfc1db024a77: start FollowerState
2019-07-13 12:38:40,590 INFO  impl.FollowerState (FollowerState.java:run(114)) - eb40b4b4-a33d-4c1f-ac18-dfc1db024a77: FollowerState was interrupted: java.lang.InterruptedException: sleep interrupted
2019-07-13 12:38:40,593 INFO  segmented.SegmentedRaftLogWorker (SegmentedRaftLogWorker.java:execute(569)) - 8a9999cf-3719-4cd8-bc6e-d9c7a20464e5-SegmentedRaftLogWorker:Storage Directory /tmp/workdir/hadoop-ozone/integration-test/target/test-dir/MiniOzoneClusterImpl-743a5529-b6df-4ed5-9bcc-240d76060713/datanode-1/data/ratis/d8884e01-78a6-483d-bbc3-8365b687a2d3: created new log segment /tmp/workdir/hadoop-ozone/integration-test/target/test-dir/MiniOzoneClusterImpl-743a5529-b6df-4ed5-9bcc-240d76060713/datanode-1/data/ratis/d8884e01-78a6-483d-bbc3-8365b687a2d3/current/log_inprogress_0
2019-07-13 12:38:40,593 INFO  segmented.SegmentedRaftLogWorker (SegmentedRaftLogWorker.java:execute(569)) - eb40b4b4-a33d-4c1f-ac18-dfc1db024a77-SegmentedRaftLogWorker:Storage Directory /tmp/workdir/hadoop-ozone/integration-test/target/test-dir/MiniOzoneClusterImpl-743a5529-b6df-4ed5-9bcc-240d76060713/datanode-0/data/ratis/9fad4628-a0cd-405c-9a00-4f0525c974c2: created new log segment /tmp/workdir/hadoop-ozone/integration-test/target/test-dir/MiniOzoneClusterImpl-743a5529-b6df-4ed5-9bcc-240d76060713/datanode-0/data/ratis/9fad4628-a0cd-405c-9a00-4f0525c974c2/current/log_inprogress_0
2019-07-13 12:38:40,600 INFO  impl.LeaderElection (LeaderElection.java:logAndReturn(56)) - f977b8ff-d01f-4acd-98a8-c6ecbc23fea0:group-11A1747936E2:LeaderElection108: Election PASSED; received 1 response(s) [f977b8ff-d01f-4acd-98a8-c6ecbc23fea0<-8a9999cf-3719-4cd8-bc6e-d9c7a20464e5#0:OK-t1] and 0 exception(s); f977b8ff-d01f-4acd-98a8-c6ecbc23fea0:t1, leader=null, voted=f977b8ff-d01f-4acd-98a8-c6ecbc23fea0, raftlog=f977b8ff-d01f-4acd-98a8-c6ecbc23fea0-SegmentedRaftLog:OPENED:c-1,f-1,i0, conf=-1: [f977b8ff-d01f-4acd-98a8-c6ecbc23fea0:192.168.5.181:46159, 8a9999cf-3719-4cd8-bc6e-d9c7a20464e5:192.168.5.181:35786, eb40b4b4-a33d-4c1f-ac18-dfc1db024a77:192.168.5.181:34925], old=null
2019-07-13 12:38:40,600 INFO  impl.RoleInfo (RoleInfo.java:shutdownLeaderElection(134)) - f977b8ff-d01f-4acd-98a8-c6ecbc23fea0: shutdown LeaderElection
2019-07-13 12:38:40,600 INFO  impl.RaftServerImpl (RaftServerImpl.java:setRole(171)) - f977b8ff-d01f-4acd-98a8-c6ecbc23fea0:group-11A1747936E2 changes role from CANDIDATE to LEADER at term 1 for changeToLeader
2019-07-13 12:38:40,600 INFO  impl.RaftServerImpl (ServerState.java:setLeader(263)) - f977b8ff-d01f-4acd-98a8-c6ecbc23fea0:group-11A1747936E2 change Leader from null to f977b8ff-d01f-4acd-98a8-c6ecbc23fea0 at term 1 for becomeLeader, leader elected after 5086ms
2019-07-13 12:38:40,600 INFO  server.RaftServerConfigKeys (ConfUtils.java:logGet(43)) - raft.server.staging.catchup.gap = 1000 (default)
2019-07-13 12:38:40,600 INFO  server.RaftServerConfigKeys (ConfUtils.java:logGet(43)) - raft.server.rpc.sleep.time = 25ms (default)
2019-07-13 12:38:40,600 INFO  server.RaftServerConfigKeys (ConfUtils.java:logGet(43)) - raft.server.write.element-limit = 4096 (default)
2019-07-13 12:38:40,601 INFO  server.RaftServerConfigKeys (ConfUtils.java:logGet(43)) - raft.server.watch.timeout = 10s (default)
2019-07-13 12:38:40,601 INFO  server.RaftServerConfigKeys (ConfUtils.java:logGet(43)) - raft.server.watch.timeout.denomination = 1s (default)
2019-07-13 12:38:40,601 INFO  server.RaftServerConfigKeys (ConfUtils.java:logGet(43)) - raft.server.watch.element-limit = 65536 (default)
2019-07-13 12:38:40,601 INFO  server.RaftServerConfigKeys (ConfUtils.java:logGet(43)) - raft.server.log.appender.snapshot.chunk.size.max = 16MB (=16777216) (default)
2019-07-13 12:38:40,601 INFO  server.RaftServerConfigKeys (ConfUtils.java:logGet(43)) - raft.server.log.appender.buffer.byte-limit = 33554432 (custom)
2019-07-13 12:38:40,602 INFO  server.RaftServerConfigKeys (ConfUtils.java:logGet(43)) - raft.server.log.appender.buffer.element-limit = 1 (custom)
2019-07-13 12:38:40,602 INFO  grpc.GrpcConfigKeys$Server (ConfUtils.java:logGet(43)) - raft.grpc.server.leader.outstanding.appends.max = 128 (default)
2019-07-13 12:38:40,602 INFO  server.RaftServerConfigKeys (ConfUtils.java:logGet(43)) - raft.server.rpc.request.timeout = 3000ms (default)
2019-07-13 12:38:40,602 INFO  server.RaftServerConfigKeys (ConfUtils.java:logGet(43)) - raft.server.log.appender.install.snapshot.enabled = false (custom)
2019-07-13 12:38:40,602 INFO  server.RaftServerConfigKeys (ConfUtils.java:logGet(43)) - raft.server.log.appender.snapshot.chunk.size.max = 16MB (=16777216) (default)
2019-07-13 12:38:40,603 INFO  server.RaftServerConfigKeys (ConfUtils.java:logGet(43)) - raft.server.log.appender.buffer.byte-limit = 33554432 (custom)
2019-07-13 12:38:40,603 INFO  server.RaftServerConfigKeys (ConfUtils.java:logGet(43)) - raft.server.log.appender.buffer.element-limit = 1 (custom)
2019-07-13 12:38:40,603 INFO  grpc.GrpcConfigKeys$Server (ConfUtils.java:logGet(43)) - raft.grpc.server.leader.outstanding.appends.max = 128 (default)
2019-07-13 12:38:40,603 INFO  server.RaftServerConfigKeys (ConfUtils.java:logGet(43)) - raft.server.rpc.request.timeout = 3000ms (default)
2019-07-13 12:38:40,603 INFO  server.RaftServerConfigKeys (ConfUtils.java:logGet(43)) - raft.server.log.appender.install.snapshot.enabled = false (custom)
2019-07-13 12:38:40,603 INFO  impl.RoleInfo (RoleInfo.java:updateAndGet(143)) - f977b8ff-d01f-4acd-98a8-c6ecbc23fea0: start LeaderState
2019-07-13 12:38:40,604 INFO  segmented.SegmentedRaftLogWorker (SegmentedRaftLogWorker.java:startLogSegment(380)) - f977b8ff-d01f-4acd-98a8-c6ecbc23fea0-SegmentedRaftLogWorker:Storage Directory /tmp/workdir/hadoop-ozone/integration-test/target/test-dir/MiniOzoneClusterImpl-743a5529-b6df-4ed5-9bcc-240d76060713/datanode-2/data/ratis/8732e9cd-dea3-4ac2-9941-11a1747936e2: Starting segment from index:0
2019-07-13 12:38:40,605 INFO  impl.RaftServerImpl (ServerState.java:setRaftConf(361)) - f977b8ff-d01f-4acd-98a8-c6ecbc23fea0:group-11A1747936E2 set configuration 0: [f977b8ff-d01f-4acd-98a8-c6ecbc23fea0:192.168.5.181:46159, 8a9999cf-3719-4cd8-bc6e-d9c7a20464e5:192.168.5.181:35786, eb40b4b4-a33d-4c1f-ac18-dfc1db024a77:192.168.5.181:34925], old=null at 0
2019-07-13 12:38:40,606 INFO  impl.RaftServerImpl (ServerState.java:setLeader(263)) - 8a9999cf-3719-4cd8-bc6e-d9c7a20464e5:group-11A1747936E2 change Leader from null to f977b8ff-d01f-4acd-98a8-c6ecbc23fea0 at term 1 for appendEntries, leader elected after 5091ms
2019-07-13 12:38:40,607 INFO  impl.RaftServerImpl (ServerState.java:setLeader(263)) - eb40b4b4-a33d-4c1f-ac18-dfc1db024a77:group-11A1747936E2 change Leader from null to f977b8ff-d01f-4acd-98a8-c6ecbc23fea0 at term 1 for appendEntries, leader elected after 5092ms
2019-07-13 12:38:40,629 INFO  impl.RaftServerImpl (ServerState.java:setRaftConf(361)) - 8a9999cf-3719-4cd8-bc6e-d9c7a20464e5:group-11A1747936E2 set configuration 0: [f977b8ff-d01f-4acd-98a8-c6ecbc23fea0:192.168.5.181:46159, 8a9999cf-3719-4cd8-bc6e-d9c7a20464e5:192.168.5.181:35786, eb40b4b4-a33d-4c1f-ac18-dfc1db024a77:192.168.5.181:34925], old=null at 0
2019-07-13 12:38:40,629 INFO  impl.RaftServerImpl (ServerState.java:setRaftConf(361)) - eb40b4b4-a33d-4c1f-ac18-dfc1db024a77:group-11A1747936E2 set configuration 0: [f977b8ff-d01f-4acd-98a8-c6ecbc23fea0:192.168.5.181:46159, 8a9999cf-3719-4cd8-bc6e-d9c7a20464e5:192.168.5.181:35786, eb40b4b4-a33d-4c1f-ac18-dfc1db024a77:192.168.5.181:34925], old=null at 0
2019-07-13 12:38:40,630 INFO  segmented.SegmentedRaftLogWorker (SegmentedRaftLogWorker.java:startLogSegment(380)) - 8a9999cf-3719-4cd8-bc6e-d9c7a20464e5-SegmentedRaftLogWorker:Storage Directory /tmp/workdir/hadoop-ozone/integration-test/target/test-dir/MiniOzoneClusterImpl-743a5529-b6df-4ed5-9bcc-240d76060713/datanode-1/data/ratis/8732e9cd-dea3-4ac2-9941-11a1747936e2: Starting segment from index:0
2019-07-13 12:38:40,630 INFO  segmented.SegmentedRaftLogWorker (SegmentedRaftLogWorker.java:startLogSegment(380)) - eb40b4b4-a33d-4c1f-ac18-dfc1db024a77-SegmentedRaftLogWorker:Storage Directory /tmp/workdir/hadoop-ozone/integration-test/target/test-dir/MiniOzoneClusterImpl-743a5529-b6df-4ed5-9bcc-240d76060713/datanode-0/data/ratis/8732e9cd-dea3-4ac2-9941-11a1747936e2: Starting segment from index:0
2019-07-13 12:38:40,641 INFO  segmented.SegmentedRaftLogWorker (SegmentedRaftLogWorker.java:execute(569)) - f977b8ff-d01f-4acd-98a8-c6ecbc23fea0-SegmentedRaftLogWorker:Storage Directory /tmp/workdir/hadoop-ozone/integration-test/target/test-dir/MiniOzoneClusterImpl-743a5529-b6df-4ed5-9bcc-240d76060713/datanode-2/data/ratis/8732e9cd-dea3-4ac2-9941-11a1747936e2: created new log segment /tmp/workdir/hadoop-ozone/integration-test/target/test-dir/MiniOzoneClusterImpl-743a5529-b6df-4ed5-9bcc-240d76060713/datanode-2/data/ratis/8732e9cd-dea3-4ac2-9941-11a1747936e2/current/log_inprogress_0
2019-07-13 12:38:40,654 INFO  segmented.SegmentedRaftLogWorker (SegmentedRaftLogWorker.java:execute(569)) - 8a9999cf-3719-4cd8-bc6e-d9c7a20464e5-SegmentedRaftLogWorker:Storage Directory /tmp/workdir/hadoop-ozone/integration-test/target/test-dir/MiniOzoneClusterImpl-743a5529-b6df-4ed5-9bcc-240d76060713/datanode-1/data/ratis/8732e9cd-dea3-4ac2-9941-11a1747936e2: created new log segment /tmp/workdir/hadoop-ozone/integration-test/target/test-dir/MiniOzoneClusterImpl-743a5529-b6df-4ed5-9bcc-240d76060713/datanode-1/data/ratis/8732e9cd-dea3-4ac2-9941-11a1747936e2/current/log_inprogress_0
2019-07-13 12:38:40,654 INFO  segmented.SegmentedRaftLogWorker (SegmentedRaftLogWorker.java:execute(569)) - eb40b4b4-a33d-4c1f-ac18-dfc1db024a77-SegmentedRaftLogWorker:Storage Directory /tmp/workdir/hadoop-ozone/integration-test/target/test-dir/MiniOzoneClusterImpl-743a5529-b6df-4ed5-9bcc-240d76060713/datanode-0/data/ratis/8732e9cd-dea3-4ac2-9941-11a1747936e2: created new log segment /tmp/workdir/hadoop-ozone/integration-test/target/test-dir/MiniOzoneClusterImpl-743a5529-b6df-4ed5-9bcc-240d76060713/datanode-0/data/ratis/8732e9cd-dea3-4ac2-9941-11a1747936e2/current/log_inprogress_0
2019-07-13 12:38:40,667 INFO  impl.FollowerState (FollowerState.java:run(106)) - f977b8ff-d01f-4acd-98a8-c6ecbc23fea0:group-B1556201DB35 changes to CANDIDATE, lastRpcTime:5184, electionTimeout:5184ms
2019-07-13 12:38:40,667 INFO  impl.RoleInfo (RoleInfo.java:shutdownFollowerState(121)) - f977b8ff-d01f-4acd-98a8-c6ecbc23fea0: shutdown FollowerState
2019-07-13 12:38:40,668 INFO  impl.RaftServerImpl (RaftServerImpl.java:setRole(171)) - f977b8ff-d01f-4acd-98a8-c6ecbc23fea0:group-B1556201DB35 changes role from FOLLOWER to CANDIDATE at term 0 for changeToCandidate
2019-07-13 12:38:40,668 INFO  impl.RoleInfo (RoleInfo.java:updateAndGet(143)) - f977b8ff-d01f-4acd-98a8-c6ecbc23fea0: start LeaderElection
2019-07-13 12:38:40,687 INFO  impl.LeaderElection (LeaderElection.java:askForVotes(181)) - f977b8ff-d01f-4acd-98a8-c6ecbc23fea0:group-B1556201DB35:LeaderElection109: begin an election at term 1 for -1: [f977b8ff-d01f-4acd-98a8-c6ecbc23fea0:192.168.5.181:46159], old=null
2019-07-13 12:38:40,687 INFO  impl.RoleInfo (RoleInfo.java:shutdownLeaderElection(134)) - f977b8ff-d01f-4acd-98a8-c6ecbc23fea0: shutdown LeaderElection
2019-07-13 12:38:40,687 INFO  impl.RaftServerImpl (RaftServerImpl.java:setRole(171)) - f977b8ff-d01f-4acd-98a8-c6ecbc23fea0:group-B1556201DB35 changes role from CANDIDATE to LEADER at term 1 for changeToLeader
2019-07-13 12:38:40,687 INFO  impl.RaftServerImpl (ServerState.java:setLeader(263)) - f977b8ff-d01f-4acd-98a8-c6ecbc23fea0:group-B1556201DB35 change Leader from null to f977b8ff-d01f-4acd-98a8-c6ecbc23fea0 at term 1 for becomeLeader, leader elected after 5208ms
2019-07-13 12:38:40,687 INFO  server.RaftServerConfigKeys (ConfUtils.java:logGet(43)) - raft.server.staging.catchup.gap = 1000 (default)
2019-07-13 12:38:40,687 INFO  server.RaftServerConfigKeys (ConfUtils.java:logGet(43)) - raft.server.rpc.sleep.time = 25ms (default)
2019-07-13 12:38:40,688 INFO  server.RaftServerConfigKeys (ConfUtils.java:logGet(43)) - raft.server.write.element-limit = 4096 (default)
2019-07-13 12:38:40,688 INFO  server.RaftServerConfigKeys (ConfUtils.java:logGet(43)) - raft.server.watch.timeout = 10s (default)
2019-07-13 12:38:40,688 INFO  server.RaftServerConfigKeys (ConfUtils.java:logGet(43)) - raft.server.watch.timeout.denomination = 1s (default)
2019-07-13 12:38:40,688 INFO  server.RaftServerConfigKeys (ConfUtils.java:logGet(43)) - raft.server.watch.element-limit = 65536 (default)
2019-07-13 12:38:40,688 INFO  impl.RoleInfo (RoleInfo.java:updateAndGet(143)) - f977b8ff-d01f-4acd-98a8-c6ecbc23fea0: start LeaderState
2019-07-13 12:38:40,688 INFO  segmented.SegmentedRaftLogWorker (SegmentedRaftLogWorker.java:startLogSegment(380)) - f977b8ff-d01f-4acd-98a8-c6ecbc23fea0-SegmentedRaftLogWorker:Storage Directory /tmp/workdir/hadoop-ozone/integration-test/target/test-dir/MiniOzoneClusterImpl-743a5529-b6df-4ed5-9bcc-240d76060713/datanode-2/data/ratis/b3814c1e-c1a0-4400-a237-b1556201db35: Starting segment from index:0
2019-07-13 12:38:40,689 INFO  impl.RaftServerImpl (ServerState.java:setRaftConf(361)) - f977b8ff-d01f-4acd-98a8-c6ecbc23fea0:group-B1556201DB35 set configuration 0: [f977b8ff-d01f-4acd-98a8-c6ecbc23fea0:192.168.5.181:46159], old=null at 0
2019-07-13 12:38:40,717 INFO  segmented.SegmentedRaftLogWorker (SegmentedRaftLogWorker.java:execute(569)) - f977b8ff-d01f-4acd-98a8-c6ecbc23fea0-SegmentedRaftLogWorker:Storage Directory /tmp/workdir/hadoop-ozone/integration-test/target/test-dir/MiniOzoneClusterImpl-743a5529-b6df-4ed5-9bcc-240d76060713/datanode-2/data/ratis/b3814c1e-c1a0-4400-a237-b1556201db35: created new log segment /tmp/workdir/hadoop-ozone/integration-test/target/test-dir/MiniOzoneClusterImpl-743a5529-b6df-4ed5-9bcc-240d76060713/datanode-2/data/ratis/b3814c1e-c1a0-4400-a237-b1556201db35/current/log_inprogress_0
2019-07-13 12:38:40,876 INFO  impl.FollowerState (FollowerState.java:run(106)) - deb62537-6eb8-4564-9b10-f1b0b3344442:group-788116F5BFD2 changes to CANDIDATE, lastRpcTime:5190, electionTimeout:5190ms
2019-07-13 12:38:40,876 INFO  impl.RoleInfo (RoleInfo.java:shutdownFollowerState(121)) - deb62537-6eb8-4564-9b10-f1b0b3344442: shutdown FollowerState
2019-07-13 12:38:40,876 INFO  impl.RaftServerImpl (RaftServerImpl.java:setRole(171)) - deb62537-6eb8-4564-9b10-f1b0b3344442:group-788116F5BFD2 changes role from FOLLOWER to CANDIDATE at term 0 for changeToCandidate
2019-07-13 12:38:40,876 INFO  impl.RoleInfo (RoleInfo.java:updateAndGet(143)) - deb62537-6eb8-4564-9b10-f1b0b3344442: start LeaderElection
2019-07-13 12:38:40,901 INFO  impl.LeaderElection (LeaderElection.java:askForVotes(181)) - deb62537-6eb8-4564-9b10-f1b0b3344442:group-788116F5BFD2:LeaderElection110: begin an election at term 1 for -1: [deb62537-6eb8-4564-9b10-f1b0b3344442:192.168.5.181:40187], old=null
2019-07-13 12:38:40,901 INFO  impl.RoleInfo (RoleInfo.java:shutdownLeaderElection(134)) - deb62537-6eb8-4564-9b10-f1b0b3344442: shutdown LeaderElection
2019-07-13 12:38:40,901 INFO  impl.RaftServerImpl (RaftServerImpl.java:setRole(171)) - deb62537-6eb8-4564-9b10-f1b0b3344442:group-788116F5BFD2 changes role from CANDIDATE to LEADER at term 1 for changeToLeader
2019-07-13 12:38:40,902 INFO  impl.RaftServerImpl (ServerState.java:setLeader(263)) - deb62537-6eb8-4564-9b10-f1b0b3344442:group-788116F5BFD2 change Leader from null to deb62537-6eb8-4564-9b10-f1b0b3344442 at term 1 for becomeLeader, leader elected after 5220ms
2019-07-13 12:38:40,902 INFO  server.RaftServerConfigKeys (ConfUtils.java:logGet(43)) - raft.server.staging.catchup.gap = 1000 (default)
2019-07-13 12:38:40,902 INFO  server.RaftServerConfigKeys (ConfUtils.java:logGet(43)) - raft.server.rpc.sleep.time = 25ms (default)
2019-07-13 12:38:40,902 INFO  server.RaftServerConfigKeys (ConfUtils.java:logGet(43)) - raft.server.write.element-limit = 4096 (default)
2019-07-13 12:38:40,902 INFO  server.RaftServerConfigKeys (ConfUtils.java:logGet(43)) - raft.server.watch.timeout = 10s (default)
2019-07-13 12:38:40,902 INFO  server.RaftServerConfigKeys (ConfUtils.java:logGet(43)) - raft.server.watch.timeout.denomination = 1s (default)
2019-07-13 12:38:40,903 INFO  server.RaftServerConfigKeys (ConfUtils.java:logGet(43)) - raft.server.watch.element-limit = 65536 (default)
2019-07-13 12:38:40,903 INFO  impl.RoleInfo (RoleInfo.java:updateAndGet(143)) - deb62537-6eb8-4564-9b10-f1b0b3344442: start LeaderState
2019-07-13 12:38:40,903 INFO  segmented.SegmentedRaftLogWorker (SegmentedRaftLogWorker.java:startLogSegment(380)) - deb62537-6eb8-4564-9b10-f1b0b3344442-SegmentedRaftLogWorker:Storage Directory /tmp/workdir/hadoop-ozone/integration-test/target/test-dir/MiniOzoneClusterImpl-743a5529-b6df-4ed5-9bcc-240d76060713/datanode-3/data/ratis/4daf2e64-31b0-48ec-9378-788116f5bfd2: Starting segment from index:0
2019-07-13 12:38:40,903 INFO  impl.RaftServerImpl (ServerState.java:setRaftConf(361)) - deb62537-6eb8-4564-9b10-f1b0b3344442:group-788116F5BFD2 set configuration 0: [deb62537-6eb8-4564-9b10-f1b0b3344442:192.168.5.181:40187], old=null at 0
2019-07-13 12:38:40,925 INFO  impl.FollowerState (FollowerState.java:run(106)) - 09a1fb29-1832-4d2a-b79c-4db4231ad6a4:group-A8A8B6C7EFD7 changes to CANDIDATE, lastRpcTime:5076, electionTimeout:5073ms
2019-07-13 12:38:40,925 INFO  impl.RoleInfo (RoleInfo.java:shutdownFollowerState(121)) - 09a1fb29-1832-4d2a-b79c-4db4231ad6a4: shutdown FollowerState
2019-07-13 12:38:40,925 INFO  impl.RaftServerImpl (RaftServerImpl.java:setRole(171)) - 09a1fb29-1832-4d2a-b79c-4db4231ad6a4:group-A8A8B6C7EFD7 changes role from FOLLOWER to CANDIDATE at term 0 for changeToCandidate
2019-07-13 12:38:40,925 INFO  impl.RoleInfo (RoleInfo.java:updateAndGet(143)) - 09a1fb29-1832-4d2a-b79c-4db4231ad6a4: start LeaderElection
2019-07-13 12:38:40,930 INFO  segmented.SegmentedRaftLogWorker (SegmentedRaftLogWorker.java:execute(569)) - deb62537-6eb8-4564-9b10-f1b0b3344442-SegmentedRaftLogWorker:Storage Directory /tmp/workdir/hadoop-ozone/integration-test/target/test-dir/MiniOzoneClusterImpl-743a5529-b6df-4ed5-9bcc-240d76060713/datanode-3/data/ratis/4daf2e64-31b0-48ec-9378-788116f5bfd2: created new log segment /tmp/workdir/hadoop-ozone/integration-test/target/test-dir/MiniOzoneClusterImpl-743a5529-b6df-4ed5-9bcc-240d76060713/datanode-3/data/ratis/4daf2e64-31b0-48ec-9378-788116f5bfd2/current/log_inprogress_0
2019-07-13 12:38:40,943 INFO  impl.LeaderElection (LeaderElection.java:askForVotes(181)) - 09a1fb29-1832-4d2a-b79c-4db4231ad6a4:group-A8A8B6C7EFD7:LeaderElection111: begin an election at term 1 for -1: [09a1fb29-1832-4d2a-b79c-4db4231ad6a4:192.168.5.181:43327], old=null
2019-07-13 12:38:40,943 INFO  impl.RoleInfo (RoleInfo.java:shutdownLeaderElection(134)) - 09a1fb29-1832-4d2a-b79c-4db4231ad6a4: shutdown LeaderElection
2019-07-13 12:38:40,943 INFO  impl.RaftServerImpl (RaftServerImpl.java:setRole(171)) - 09a1fb29-1832-4d2a-b79c-4db4231ad6a4:group-A8A8B6C7EFD7 changes role from CANDIDATE to LEADER at term 1 for changeToLeader
2019-07-13 12:38:40,943 INFO  impl.RaftServerImpl (ServerState.java:setLeader(263)) - 09a1fb29-1832-4d2a-b79c-4db4231ad6a4:group-A8A8B6C7EFD7 change Leader from null to 09a1fb29-1832-4d2a-b79c-4db4231ad6a4 at term 1 for becomeLeader, leader elected after 5099ms
2019-07-13 12:38:40,943 INFO  server.RaftServerConfigKeys (ConfUtils.java:logGet(43)) - raft.server.staging.catchup.gap = 1000 (default)
2019-07-13 12:38:40,943 INFO  server.RaftServerConfigKeys (ConfUtils.java:logGet(43)) - raft.server.rpc.sleep.time = 25ms (default)
2019-07-13 12:38:40,943 INFO  server.RaftServerConfigKeys (ConfUtils.java:logGet(43)) - raft.server.write.element-limit = 4096 (default)
2019-07-13 12:38:40,943 INFO  server.RaftServerConfigKeys (ConfUtils.java:logGet(43)) - raft.server.watch.timeout = 10s (default)
2019-07-13 12:38:40,944 INFO  server.RaftServerConfigKeys (ConfUtils.java:logGet(43)) - raft.server.watch.timeout.denomination = 1s (default)
2019-07-13 12:38:40,944 INFO  server.RaftServerConfigKeys (ConfUtils.java:logGet(43)) - raft.server.watch.element-limit = 65536 (default)
2019-07-13 12:38:40,944 INFO  impl.RoleInfo (RoleInfo.java:updateAndGet(143)) - 09a1fb29-1832-4d2a-b79c-4db4231ad6a4: start LeaderState
2019-07-13 12:38:40,944 INFO  segmented.SegmentedRaftLogWorker (SegmentedRaftLogWorker.java:startLogSegment(380)) - 09a1fb29-1832-4d2a-b79c-4db4231ad6a4-SegmentedRaftLogWorker:Storage Directory /tmp/workdir/hadoop-ozone/integration-test/target/test-dir/MiniOzoneClusterImpl-743a5529-b6df-4ed5-9bcc-240d76060713/datanode-4/data/ratis/e205b115-a320-4c7e-a7c7-a8a8b6c7efd7: Starting segment from index:0
2019-07-13 12:38:40,945 INFO  impl.RaftServerImpl (ServerState.java:setRaftConf(361)) - 09a1fb29-1832-4d2a-b79c-4db4231ad6a4:group-A8A8B6C7EFD7 set configuration 0: [09a1fb29-1832-4d2a-b79c-4db4231ad6a4:192.168.5.181:43327], old=null at 0
2019-07-13 12:38:40,965 INFO  segmented.SegmentedRaftLogWorker (SegmentedRaftLogWorker.java:execute(569)) - 09a1fb29-1832-4d2a-b79c-4db4231ad6a4-SegmentedRaftLogWorker:Storage Directory /tmp/workdir/hadoop-ozone/integration-test/target/test-dir/MiniOzoneClusterImpl-743a5529-b6df-4ed5-9bcc-240d76060713/datanode-4/data/ratis/e205b115-a320-4c7e-a7c7-a8a8b6c7efd7: created new log segment /tmp/workdir/hadoop-ozone/integration-test/target/test-dir/MiniOzoneClusterImpl-743a5529-b6df-4ed5-9bcc-240d76060713/datanode-4/data/ratis/e205b115-a320-4c7e-a7c7-a8a8b6c7efd7/current/log_inprogress_0
2019-07-13 12:38:41,067 INFO  impl.FollowerState (FollowerState.java:run(106)) - 09a1fb29-1832-4d2a-b79c-4db4231ad6a4:group-D02D32845228 changes to CANDIDATE, lastRpcTime:5003, electionTimeout:5003ms
2019-07-13 12:38:41,068 INFO  impl.RoleInfo (RoleInfo.java:shutdownFollowerState(121)) - 09a1fb29-1832-4d2a-b79c-4db4231ad6a4: shutdown FollowerState
2019-07-13 12:38:41,068 INFO  impl.RaftServerImpl (RaftServerImpl.java:setRole(171)) - 09a1fb29-1832-4d2a-b79c-4db4231ad6a4:group-D02D32845228 changes role from FOLLOWER to CANDIDATE at term 0 for changeToCandidate
2019-07-13 12:38:41,068 INFO  impl.RoleInfo (RoleInfo.java:updateAndGet(143)) - 09a1fb29-1832-4d2a-b79c-4db4231ad6a4: start LeaderElection
2019-07-13 12:38:41,071 INFO  impl.FollowerState (FollowerState.java:run(106)) - 326ee94b-e5a9-471b-85f6-2a1b7e5d49ea:group-CC751869B5C1 changes to CANDIDATE, lastRpcTime:5067, electionTimeout:5065ms
2019-07-13 12:38:41,071 INFO  impl.RoleInfo (RoleInfo.java:shutdownFollowerState(121)) - 326ee94b-e5a9-471b-85f6-2a1b7e5d49ea: shutdown FollowerState
2019-07-13 12:38:41,071 INFO  impl.RaftServerImpl (RaftServerImpl.java:setRole(171)) - 326ee94b-e5a9-471b-85f6-2a1b7e5d49ea:group-CC751869B5C1 changes role from FOLLOWER to CANDIDATE at term 0 for changeToCandidate
2019-07-13 12:38:41,072 INFO  impl.RoleInfo (RoleInfo.java:updateAndGet(143)) - 326ee94b-e5a9-471b-85f6-2a1b7e5d49ea: start LeaderElection
2019-07-13 12:38:41,075 INFO  impl.FollowerState (FollowerState.java:run(106)) - 326ee94b-e5a9-471b-85f6-2a1b7e5d49ea:group-D02D32845228 changes to CANDIDATE, lastRpcTime:5002, electionTimeout:5000ms
2019-07-13 12:38:41,078 INFO  impl.LeaderElection (LeaderElection.java:askForVotes(181)) - 09a1fb29-1832-4d2a-b79c-4db4231ad6a4:group-D02D32845228:LeaderElection112: begin an election at term 1 for -1: [326ee94b-e5a9-471b-85f6-2a1b7e5d49ea:192.168.5.181:34068, 09a1fb29-1832-4d2a-b79c-4db4231ad6a4:192.168.5.181:43327, deb62537-6eb8-4564-9b10-f1b0b3344442:192.168.5.181:40187], old=null
2019-07-13 12:38:41,078 INFO  impl.RoleInfo (RoleInfo.java:shutdownFollowerState(121)) - 326ee94b-e5a9-471b-85f6-2a1b7e5d49ea: shutdown FollowerState
2019-07-13 12:38:41,078 INFO  impl.RaftServerImpl (RaftServerImpl.java:setRole(171)) - 326ee94b-e5a9-471b-85f6-2a1b7e5d49ea:group-D02D32845228 changes role from FOLLOWER to CANDIDATE at term 0 for changeToCandidate
2019-07-13 12:38:41,078 INFO  impl.RoleInfo (RoleInfo.java:updateAndGet(143)) - 326ee94b-e5a9-471b-85f6-2a1b7e5d49ea: start LeaderElection
2019-07-13 12:38:41,082 INFO  impl.LeaderElection (LeaderElection.java:askForVotes(181)) - 326ee94b-e5a9-471b-85f6-2a1b7e5d49ea:group-CC751869B5C1:LeaderElection113: begin an election at term 1 for -1: [326ee94b-e5a9-471b-85f6-2a1b7e5d49ea:192.168.5.181:34068], old=null
2019-07-13 12:38:41,082 INFO  impl.RoleInfo (RoleInfo.java:shutdownLeaderElection(134)) - 326ee94b-e5a9-471b-85f6-2a1b7e5d49ea: shutdown LeaderElection
2019-07-13 12:38:41,082 INFO  impl.RaftServerImpl (RaftServerImpl.java:setRole(171)) - 326ee94b-e5a9-471b-85f6-2a1b7e5d49ea:group-CC751869B5C1 changes role from CANDIDATE to LEADER at term 1 for changeToLeader
2019-07-13 12:38:41,082 INFO  impl.RaftServerImpl (ServerState.java:setLeader(263)) - 326ee94b-e5a9-471b-85f6-2a1b7e5d49ea:group-CC751869B5C1 change Leader from null to 326ee94b-e5a9-471b-85f6-2a1b7e5d49ea at term 1 for becomeLeader, leader elected after 5082ms
2019-07-13 12:38:41,082 INFO  server.RaftServerConfigKeys (ConfUtils.java:logGet(43)) - raft.server.staging.catchup.gap = 1000 (default)
2019-07-13 12:38:41,082 INFO  server.RaftServerConfigKeys (ConfUtils.java:logGet(43)) - raft.server.rpc.sleep.time = 25ms (default)
2019-07-13 12:38:41,082 INFO  server.RaftServerConfigKeys (ConfUtils.java:logGet(43)) - raft.server.write.element-limit = 4096 (default)
2019-07-13 12:38:41,083 INFO  server.RaftServerConfigKeys (ConfUtils.java:logGet(43)) - raft.server.watch.timeout = 10s (default)
2019-07-13 12:38:41,083 INFO  server.RaftServerConfigKeys (ConfUtils.java:logGet(43)) - raft.server.watch.timeout.denomination = 1s (default)
2019-07-13 12:38:41,083 INFO  server.RaftServerConfigKeys (ConfUtils.java:logGet(43)) - raft.server.watch.element-limit = 65536 (default)
2019-07-13 12:38:41,083 INFO  impl.RoleInfo (RoleInfo.java:updateAndGet(143)) - 326ee94b-e5a9-471b-85f6-2a1b7e5d49ea: start LeaderState
2019-07-13 12:38:41,083 INFO  segmented.SegmentedRaftLogWorker (SegmentedRaftLogWorker.java:startLogSegment(380)) - 326ee94b-e5a9-471b-85f6-2a1b7e5d49ea-SegmentedRaftLogWorker:Storage Directory /tmp/workdir/hadoop-ozone/integration-test/target/test-dir/MiniOzoneClusterImpl-743a5529-b6df-4ed5-9bcc-240d76060713/datanode-5/data/ratis/4e4fd03f-e521-406e-936e-cc751869b5c1: Starting segment from index:0
2019-07-13 12:38:41,084 INFO  impl.RaftServerImpl (ServerState.java:setRaftConf(361)) - 326ee94b-e5a9-471b-85f6-2a1b7e5d49ea:group-CC751869B5C1 set configuration 0: [326ee94b-e5a9-471b-85f6-2a1b7e5d49ea:192.168.5.181:34068], old=null at 0
2019-07-13 12:38:41,085 INFO  impl.LeaderElection (LeaderElection.java:askForVotes(181)) - 326ee94b-e5a9-471b-85f6-2a1b7e5d49ea:group-D02D32845228:LeaderElection114: begin an election at term 1 for -1: [326ee94b-e5a9-471b-85f6-2a1b7e5d49ea:192.168.5.181:34068, 09a1fb29-1832-4d2a-b79c-4db4231ad6a4:192.168.5.181:43327, deb62537-6eb8-4564-9b10-f1b0b3344442:192.168.5.181:40187], old=null
2019-07-13 12:38:41,085 INFO  impl.RaftServerImpl (RaftServerImpl.java:setRole(171)) - deb62537-6eb8-4564-9b10-f1b0b3344442:group-D02D32845228 changes role from FOLLOWER to FOLLOWER at term 1 for recognizeCandidate:09a1fb29-1832-4d2a-b79c-4db4231ad6a4
2019-07-13 12:38:41,086 INFO  impl.RoleInfo (RoleInfo.java:shutdownFollowerState(121)) - deb62537-6eb8-4564-9b10-f1b0b3344442: shutdown FollowerState
2019-07-13 12:38:41,086 INFO  impl.RoleInfo (RoleInfo.java:updateAndGet(143)) - deb62537-6eb8-4564-9b10-f1b0b3344442: start FollowerState
2019-07-13 12:38:41,086 INFO  impl.FollowerState (FollowerState.java:run(114)) - deb62537-6eb8-4564-9b10-f1b0b3344442: FollowerState was interrupted: java.lang.InterruptedException: sleep interrupted
2019-07-13 12:38:41,113 INFO  segmented.SegmentedRaftLogWorker (SegmentedRaftLogWorker.java:execute(569)) - 326ee94b-e5a9-471b-85f6-2a1b7e5d49ea-SegmentedRaftLogWorker:Storage Directory /tmp/workdir/hadoop-ozone/integration-test/target/test-dir/MiniOzoneClusterImpl-743a5529-b6df-4ed5-9bcc-240d76060713/datanode-5/data/ratis/4e4fd03f-e521-406e-936e-cc751869b5c1: created new log segment /tmp/workdir/hadoop-ozone/integration-test/target/test-dir/MiniOzoneClusterImpl-743a5529-b6df-4ed5-9bcc-240d76060713/datanode-5/data/ratis/4e4fd03f-e521-406e-936e-cc751869b5c1/current/log_inprogress_0
2019-07-13 12:38:41,119 INFO  impl.LeaderElection (LeaderElection.java:logAndReturn(56)) - 09a1fb29-1832-4d2a-b79c-4db4231ad6a4:group-D02D32845228:LeaderElection112: Election PASSED; received 2 response(s) [09a1fb29-1832-4d2a-b79c-4db4231ad6a4<-326ee94b-e5a9-471b-85f6-2a1b7e5d49ea#0:FAIL-t1, 09a1fb29-1832-4d2a-b79c-4db4231ad6a4<-deb62537-6eb8-4564-9b10-f1b0b3344442#0:OK-t1] and 0 exception(s); 09a1fb29-1832-4d2a-b79c-4db4231ad6a4:t1, leader=null, voted=09a1fb29-1832-4d2a-b79c-4db4231ad6a4, raftlog=09a1fb29-1832-4d2a-b79c-4db4231ad6a4-SegmentedRaftLog:OPENED:c-1,f-1,i0, conf=-1: [326ee94b-e5a9-471b-85f6-2a1b7e5d49ea:192.168.5.181:34068, 09a1fb29-1832-4d2a-b79c-4db4231ad6a4:192.168.5.181:43327, deb62537-6eb8-4564-9b10-f1b0b3344442:192.168.5.181:40187], old=null
2019-07-13 12:38:41,119 INFO  impl.LeaderElection (LeaderElection.java:logAndReturn(56)) - 326ee94b-e5a9-471b-85f6-2a1b7e5d49ea:group-D02D32845228:LeaderElection114: Election REJECTED; received 2 response(s) [326ee94b-e5a9-471b-85f6-2a1b7e5d49ea<-09a1fb29-1832-4d2a-b79c-4db4231ad6a4#0:FAIL-t1, 326ee94b-e5a9-471b-85f6-2a1b7e5d49ea<-deb62537-6eb8-4564-9b10-f1b0b3344442#0:FAIL-t1] and 0 exception(s); 326ee94b-e5a9-471b-85f6-2a1b7e5d49ea:t1, leader=null, voted=326ee94b-e5a9-471b-85f6-2a1b7e5d49ea, raftlog=326ee94b-e5a9-471b-85f6-2a1b7e5d49ea-SegmentedRaftLog:OPENED:c-1,f-1,i0, conf=-1: [326ee94b-e5a9-471b-85f6-2a1b7e5d49ea:192.168.5.181:34068, 09a1fb29-1832-4d2a-b79c-4db4231ad6a4:192.168.5.181:43327, deb62537-6eb8-4564-9b10-f1b0b3344442:192.168.5.181:40187], old=null
2019-07-13 12:38:41,119 INFO  impl.RoleInfo (RoleInfo.java:shutdownLeaderElection(134)) - 09a1fb29-1832-4d2a-b79c-4db4231ad6a4: shutdown LeaderElection
2019-07-13 12:38:41,119 INFO  impl.RaftServerImpl (RaftServerImpl.java:setRole(171)) - 326ee94b-e5a9-471b-85f6-2a1b7e5d49ea:group-D02D32845228 changes role from CANDIDATE to FOLLOWER at term 1 for DISCOVERED_A_NEW_TERM
2019-07-13 12:38:41,120 INFO  impl.RaftServerImpl (RaftServerImpl.java:setRole(171)) - 09a1fb29-1832-4d2a-b79c-4db4231ad6a4:group-D02D32845228 changes role from CANDIDATE to LEADER at term 1 for changeToLeader
2019-07-13 12:38:41,120 INFO  impl.RoleInfo (RoleInfo.java:shutdownLeaderElection(134)) - 326ee94b-e5a9-471b-85f6-2a1b7e5d49ea: shutdown LeaderElection
2019-07-13 12:38:41,120 INFO  impl.RaftServerImpl (ServerState.java:setLeader(263)) - 09a1fb29-1832-4d2a-b79c-4db4231ad6a4:group-D02D32845228 change Leader from null to 09a1fb29-1832-4d2a-b79c-4db4231ad6a4 at term 1 for becomeLeader, leader elected after 5063ms
2019-07-13 12:38:41,120 INFO  impl.RoleInfo (RoleInfo.java:updateAndGet(143)) - 326ee94b-e5a9-471b-85f6-2a1b7e5d49ea: start FollowerState
2019-07-13 12:38:41,120 INFO  server.RaftServerConfigKeys (ConfUtils.java:logGet(43)) - raft.server.staging.catchup.gap = 1000 (default)
2019-07-13 12:38:41,120 INFO  server.RaftServerConfigKeys (ConfUtils.java:logGet(43)) - raft.server.rpc.sleep.time = 25ms (default)
2019-07-13 12:38:41,121 INFO  server.RaftServerConfigKeys (ConfUtils.java:logGet(43)) - raft.server.write.element-limit = 4096 (default)
2019-07-13 12:38:41,121 INFO  server.RaftServerConfigKeys (ConfUtils.java:logGet(43)) - raft.server.watch.timeout = 10s (default)
2019-07-13 12:38:41,121 INFO  server.RaftServerConfigKeys (ConfUtils.java:logGet(43)) - raft.server.watch.timeout.denomination = 1s (default)
2019-07-13 12:38:41,121 INFO  server.RaftServerConfigKeys (ConfUtils.java:logGet(43)) - raft.server.watch.element-limit = 65536 (default)
2019-07-13 12:38:41,121 INFO  server.RaftServerConfigKeys (ConfUtils.java:logGet(43)) - raft.server.log.appender.snapshot.chunk.size.max = 16MB (=16777216) (default)
2019-07-13 12:38:41,121 INFO  server.RaftServerConfigKeys (ConfUtils.java:logGet(43)) - raft.server.log.appender.buffer.byte-limit = 33554432 (custom)
2019-07-13 12:38:41,122 INFO  server.RaftServerConfigKeys (ConfUtils.java:logGet(43)) - raft.server.log.appender.buffer.element-limit = 1 (custom)
2019-07-13 12:38:41,122 INFO  grpc.GrpcConfigKeys$Server (ConfUtils.java:logGet(43)) - raft.grpc.server.leader.outstanding.appends.max = 128 (default)
2019-07-13 12:38:41,122 INFO  server.RaftServerConfigKeys (ConfUtils.java:logGet(43)) - raft.server.rpc.request.timeout = 3000ms (default)
2019-07-13 12:38:41,122 INFO  server.RaftServerConfigKeys (ConfUtils.java:logGet(43)) - raft.server.log.appender.install.snapshot.enabled = false (custom)
2019-07-13 12:38:41,122 INFO  server.RaftServerConfigKeys (ConfUtils.java:logGet(43)) - raft.server.log.appender.snapshot.chunk.size.max = 16MB (=16777216) (default)
2019-07-13 12:38:41,122 INFO  server.RaftServerConfigKeys (ConfUtils.java:logGet(43)) - raft.server.log.appender.buffer.byte-limit = 33554432 (custom)
2019-07-13 12:38:41,123 INFO  server.RaftServerConfigKeys (ConfUtils.java:logGet(43)) - raft.server.log.appender.buffer.element-limit = 1 (custom)
2019-07-13 12:38:41,123 INFO  grpc.GrpcConfigKeys$Server (ConfUtils.java:logGet(43)) - raft.grpc.server.leader.outstanding.appends.max = 128 (default)
2019-07-13 12:38:41,123 INFO  server.RaftServerConfigKeys (ConfUtils.java:logGet(43)) - raft.server.rpc.request.timeout = 3000ms (default)
2019-07-13 12:38:41,123 INFO  server.RaftServerConfigKeys (ConfUtils.java:logGet(43)) - raft.server.log.appender.install.snapshot.enabled = false (custom)
2019-07-13 12:38:41,123 INFO  impl.RoleInfo (RoleInfo.java:updateAndGet(143)) - 09a1fb29-1832-4d2a-b79c-4db4231ad6a4: start LeaderState
2019-07-13 12:38:41,124 INFO  segmented.SegmentedRaftLogWorker (SegmentedRaftLogWorker.java:startLogSegment(380)) - 09a1fb29-1832-4d2a-b79c-4db4231ad6a4-SegmentedRaftLogWorker:Storage Directory /tmp/workdir/hadoop-ozone/integration-test/target/test-dir/MiniOzoneClusterImpl-743a5529-b6df-4ed5-9bcc-240d76060713/datanode-4/data/ratis/cbc4c247-193b-4553-92b0-d02d32845228: Starting segment from index:0
2019-07-13 12:38:41,124 INFO  impl.RaftServerImpl (ServerState.java:setRaftConf(361)) - 09a1fb29-1832-4d2a-b79c-4db4231ad6a4:group-D02D32845228 set configuration 0: [326ee94b-e5a9-471b-85f6-2a1b7e5d49ea:192.168.5.181:34068, 09a1fb29-1832-4d2a-b79c-4db4231ad6a4:192.168.5.181:43327, deb62537-6eb8-4564-9b10-f1b0b3344442:192.168.5.181:40187], old=null at 0
2019-07-13 12:38:41,125 INFO  impl.RaftServerImpl (ServerState.java:setLeader(263)) - deb62537-6eb8-4564-9b10-f1b0b3344442:group-D02D32845228 change Leader from null to 09a1fb29-1832-4d2a-b79c-4db4231ad6a4 at term 1 for appendEntries, leader elected after 5067ms
2019-07-13 12:38:41,125 INFO  impl.RaftServerImpl (ServerState.java:setLeader(263)) - 326ee94b-e5a9-471b-85f6-2a1b7e5d49ea:group-D02D32845228 change Leader from null to 09a1fb29-1832-4d2a-b79c-4db4231ad6a4 at term 1 for appendEntries, leader elected after 5068ms
2019-07-13 12:38:41,127 INFO  impl.RaftServerImpl (ServerState.java:setRaftConf(361)) - deb62537-6eb8-4564-9b10-f1b0b3344442:group-D02D32845228 set configuration 0: [326ee94b-e5a9-471b-85f6-2a1b7e5d49ea:192.168.5.181:34068, 09a1fb29-1832-4d2a-b79c-4db4231ad6a4:192.168.5.181:43327, deb62537-6eb8-4564-9b10-f1b0b3344442:192.168.5.181:40187], old=null at 0
2019-07-13 12:38:41,127 INFO  impl.RaftServerImpl (ServerState.java:setRaftConf(361)) - 326ee94b-e5a9-471b-85f6-2a1b7e5d49ea:group-D02D32845228 set configuration 0: [326ee94b-e5a9-471b-85f6-2a1b7e5d49ea:192.168.5.181:34068, 09a1fb29-1832-4d2a-b79c-4db4231ad6a4:192.168.5.181:43327, deb62537-6eb8-4564-9b10-f1b0b3344442:192.168.5.181:40187], old=null at 0
2019-07-13 12:38:41,128 INFO  segmented.SegmentedRaftLogWorker (SegmentedRaftLogWorker.java:startLogSegment(380)) - deb62537-6eb8-4564-9b10-f1b0b3344442-SegmentedRaftLogWorker:Storage Directory /tmp/workdir/hadoop-ozone/integration-test/target/test-dir/MiniOzoneClusterImpl-743a5529-b6df-4ed5-9bcc-240d76060713/datanode-3/data/ratis/cbc4c247-193b-4553-92b0-d02d32845228: Starting segment from index:0
2019-07-13 12:38:41,128 INFO  segmented.SegmentedRaftLogWorker (SegmentedRaftLogWorker.java:startLogSegment(380)) - 326ee94b-e5a9-471b-85f6-2a1b7e5d49ea-SegmentedRaftLogWorker:Storage Directory /tmp/workdir/hadoop-ozone/integration-test/target/test-dir/MiniOzoneClusterImpl-743a5529-b6df-4ed5-9bcc-240d76060713/datanode-5/data/ratis/cbc4c247-193b-4553-92b0-d02d32845228: Starting segment from index:0
2019-07-13 12:38:41,146 INFO  segmented.SegmentedRaftLogWorker (SegmentedRaftLogWorker.java:execute(569)) - 09a1fb29-1832-4d2a-b79c-4db4231ad6a4-SegmentedRaftLogWorker:Storage Directory /tmp/workdir/hadoop-ozone/integration-test/target/test-dir/MiniOzoneClusterImpl-743a5529-b6df-4ed5-9bcc-240d76060713/datanode-4/data/ratis/cbc4c247-193b-4553-92b0-d02d32845228: created new log segment /tmp/workdir/hadoop-ozone/integration-test/target/test-dir/MiniOzoneClusterImpl-743a5529-b6df-4ed5-9bcc-240d76060713/datanode-4/data/ratis/cbc4c247-193b-4553-92b0-d02d32845228/current/log_inprogress_0
2019-07-13 12:38:41,150 INFO  segmented.SegmentedRaftLogWorker (SegmentedRaftLogWorker.java:execute(569)) - deb62537-6eb8-4564-9b10-f1b0b3344442-SegmentedRaftLogWorker:Storage Directory /tmp/workdir/hadoop-ozone/integration-test/target/test-dir/MiniOzoneClusterImpl-743a5529-b6df-4ed5-9bcc-240d76060713/datanode-3/data/ratis/cbc4c247-193b-4553-92b0-d02d32845228: created new log segment /tmp/workdir/hadoop-ozone/integration-test/target/test-dir/MiniOzoneClusterImpl-743a5529-b6df-4ed5-9bcc-240d76060713/datanode-3/data/ratis/cbc4c247-193b-4553-92b0-d02d32845228/current/log_inprogress_0
2019-07-13 12:38:41,151 INFO  segmented.SegmentedRaftLogWorker (SegmentedRaftLogWorker.java:execute(569)) - 326ee94b-e5a9-471b-85f6-2a1b7e5d49ea-SegmentedRaftLogWorker:Storage Directory /tmp/workdir/hadoop-ozone/integration-test/target/test-dir/MiniOzoneClusterImpl-743a5529-b6df-4ed5-9bcc-240d76060713/datanode-5/data/ratis/cbc4c247-193b-4553-92b0-d02d32845228: created new log segment /tmp/workdir/hadoop-ozone/integration-test/target/test-dir/MiniOzoneClusterImpl-743a5529-b6df-4ed5-9bcc-240d76060713/datanode-5/data/ratis/cbc4c247-193b-4553-92b0-d02d32845228/current/log_inprogress_0
2019-07-13 12:38:41,381 INFO  impl.FollowerState (FollowerState.java:run(106)) - b97c2ab7-6070-4e00-b613-fe8f83466489:group-15D5B5406CBC changes to CANDIDATE, lastRpcTime:5163, electionTimeout:5159ms
2019-07-13 12:38:41,382 INFO  impl.RoleInfo (RoleInfo.java:shutdownFollowerState(121)) - b97c2ab7-6070-4e00-b613-fe8f83466489: shutdown FollowerState
2019-07-13 12:38:41,382 INFO  impl.RaftServerImpl (RaftServerImpl.java:setRole(171)) - b97c2ab7-6070-4e00-b613-fe8f83466489:group-15D5B5406CBC changes role from FOLLOWER to CANDIDATE at term 0 for changeToCandidate
2019-07-13 12:38:41,382 INFO  impl.RoleInfo (RoleInfo.java:updateAndGet(143)) - b97c2ab7-6070-4e00-b613-fe8f83466489: start LeaderElection
2019-07-13 12:38:41,395 INFO  impl.LeaderElection (LeaderElection.java:askForVotes(181)) - b97c2ab7-6070-4e00-b613-fe8f83466489:group-15D5B5406CBC:LeaderElection115: begin an election at term 1 for -1: [b97c2ab7-6070-4e00-b613-fe8f83466489:192.168.5.181:33519], old=null
2019-07-13 12:38:41,395 INFO  impl.RoleInfo (RoleInfo.java:shutdownLeaderElection(134)) - b97c2ab7-6070-4e00-b613-fe8f83466489: shutdown LeaderElection
2019-07-13 12:38:41,395 INFO  impl.RaftServerImpl (RaftServerImpl.java:setRole(171)) - b97c2ab7-6070-4e00-b613-fe8f83466489:group-15D5B5406CBC changes role from CANDIDATE to LEADER at term 1 for changeToLeader
2019-07-13 12:38:41,395 INFO  impl.RaftServerImpl (ServerState.java:setLeader(263)) - b97c2ab7-6070-4e00-b613-fe8f83466489:group-15D5B5406CBC change Leader from null to b97c2ab7-6070-4e00-b613-fe8f83466489 at term 1 for becomeLeader, leader elected after 5202ms
2019-07-13 12:38:41,395 INFO  server.RaftServerConfigKeys (ConfUtils.java:logGet(43)) - raft.server.staging.catchup.gap = 1000 (default)
2019-07-13 12:38:41,396 INFO  server.RaftServerConfigKeys (ConfUtils.java:logGet(43)) - raft.server.rpc.sleep.time = 25ms (default)
2019-07-13 12:38:41,396 INFO  server.RaftServerConfigKeys (ConfUtils.java:logGet(43)) - raft.server.write.element-limit = 4096 (default)
2019-07-13 12:38:41,396 INFO  server.RaftServerConfigKeys (ConfUtils.java:logGet(43)) - raft.server.watch.timeout = 10s (default)
2019-07-13 12:38:41,396 INFO  server.RaftServerConfigKeys (ConfUtils.java:logGet(43)) - raft.server.watch.timeout.denomination = 1s (default)
2019-07-13 12:38:41,396 INFO  server.RaftServerConfigKeys (ConfUtils.java:logGet(43)) - raft.server.watch.element-limit = 65536 (default)
2019-07-13 12:38:41,396 INFO  impl.RoleInfo (RoleInfo.java:updateAndGet(143)) - b97c2ab7-6070-4e00-b613-fe8f83466489: start LeaderState
2019-07-13 12:38:41,396 INFO  segmented.SegmentedRaftLogWorker (SegmentedRaftLogWorker.java:startLogSegment(380)) - b97c2ab7-6070-4e00-b613-fe8f83466489-SegmentedRaftLogWorker:Storage Directory /tmp/workdir/hadoop-ozone/integration-test/target/test-dir/MiniOzoneClusterImpl-743a5529-b6df-4ed5-9bcc-240d76060713/datanode-6/data/ratis/2ca0fe1e-734d-4b1b-a96f-15d5b5406cbc: Starting segment from index:0
2019-07-13 12:38:41,397 INFO  impl.RaftServerImpl (ServerState.java:setRaftConf(361)) - b97c2ab7-6070-4e00-b613-fe8f83466489:group-15D5B5406CBC set configuration 0: [b97c2ab7-6070-4e00-b613-fe8f83466489:192.168.5.181:33519], old=null at 0
2019-07-13 12:38:41,416 INFO  segmented.SegmentedRaftLogWorker (SegmentedRaftLogWorker.java:execute(569)) - b97c2ab7-6070-4e00-b613-fe8f83466489-SegmentedRaftLogWorker:Storage Directory /tmp/workdir/hadoop-ozone/integration-test/target/test-dir/MiniOzoneClusterImpl-743a5529-b6df-4ed5-9bcc-240d76060713/datanode-6/data/ratis/2ca0fe1e-734d-4b1b-a96f-15d5b5406cbc: created new log segment /tmp/workdir/hadoop-ozone/integration-test/target/test-dir/MiniOzoneClusterImpl-743a5529-b6df-4ed5-9bcc-240d76060713/datanode-6/data/ratis/2ca0fe1e-734d-4b1b-a96f-15d5b5406cbc/current/log_inprogress_0
2019-07-13 12:38:41,435 INFO  client.GrpcClientProtocolClient (GrpcClientProtocolClient.java:onNext(255)) - client-5B52331A4BA3->09a1fb29-1832-4d2a-b79c-4db4231ad6a4: receive RaftClientReply:client-5B52331A4BA3->09a1fb29-1832-4d2a-b79c-4db4231ad6a4@group-D02D32845228, cid=265, SUCCESS, logIndex=1, commits[09a1fb29-1832-4d2a-b79c-4db4231ad6a4:c1, 326ee94b-e5a9-471b-85f6-2a1b7e5d49ea:c-1, deb62537-6eb8-4564-9b10-f1b0b3344442:c0]
2019-07-13 12:38:41,448 INFO  client.GrpcClientProtocolClient (GrpcClientProtocolClient.java:onNext(255)) - client-5B52331A4BA3->09a1fb29-1832-4d2a-b79c-4db4231ad6a4: receive RaftClientReply:client-5B52331A4BA3->09a1fb29-1832-4d2a-b79c-4db4231ad6a4@group-D02D32845228, cid=266, SUCCESS, logIndex=3, commits[09a1fb29-1832-4d2a-b79c-4db4231ad6a4:c4, 326ee94b-e5a9-471b-85f6-2a1b7e5d49ea:c2, deb62537-6eb8-4564-9b10-f1b0b3344442:c2]
2019-07-13 12:38:41,467 INFO  client.GrpcClientProtocolClient (GrpcClientProtocolClient.java:onNext(255)) - client-5B52331A4BA3->09a1fb29-1832-4d2a-b79c-4db4231ad6a4: receive RaftClientReply:client-5B52331A4BA3->09a1fb29-1832-4d2a-b79c-4db4231ad6a4@group-D02D32845228, cid=267, SUCCESS, logIndex=4, commits[09a1fb29-1832-4d2a-b79c-4db4231ad6a4:c6, 326ee94b-e5a9-471b-85f6-2a1b7e5d49ea:c4, deb62537-6eb8-4564-9b10-f1b0b3344442:c4]
2019-07-13 12:38:41,468 INFO  container.CloseContainerEventHandler (CloseContainerEventHandler.java:onMessage(61)) - Close container Event triggered for container : #1
2019-07-13 12:38:41,468 INFO  container.CloseContainerEventHandler (CloseContainerEventHandler.java:onMessage(61)) - Close container Event triggered for container : #1
2019-07-13 12:38:41,468 INFO  container.CloseContainerEventHandler (CloseContainerEventHandler.java:onMessage(61)) - Close container Event triggered for container : #1
2019-07-13 12:38:42,856 INFO  interfaces.Container (KeyValueContainer.java:compactDB(356)) - Container 1 is closed with bcsId 4.
2019-07-13 12:38:42,865 INFO  interfaces.Container (KeyValueContainer.java:compactDB(356)) - Container 1 is closed with bcsId 4.
2019-07-13 12:38:42,865 INFO  interfaces.Container (KeyValueContainer.java:compactDB(356)) - Container 1 is closed with bcsId 4.
12:38:42.970 [grpc-default-executor-11] ERROR DNAudit - user=null | ip=null | op=WRITE_CHUNK {blockData=conID: 1 locID: 102434178088173590 bcsId: 4} | ret=FAILURE
org.apache.hadoop.hdds.scm.container.common.helpers.ContainerNotOpenException: Container 1 in CLOSED state
	at org.apache.hadoop.ozone.container.common.impl.HddsDispatcher.validateContainerCommand(HddsDispatcher.java:408) ~[hadoop-hdds-container-service-0.5.0-SNAPSHOT.jar:?]
	at org.apache.hadoop.ozone.container.common.transport.server.ratis.ContainerStateMachine.startTransaction(ContainerStateMachine.java:271) ~[hadoop-hdds-container-service-0.5.0-SNAPSHOT.jar:?]
	at org.apache.ratis.server.impl.RaftServerImpl.submitClientRequestAsync(RaftServerImpl.java:566) ~[ratis-server-0.4.0-2337318-SNAPSHOT.jar:0.4.0-2337318-SNAPSHOT]
	at org.apache.ratis.server.impl.RaftServerProxy.lambda$submitClientRequestAsync$7(RaftServerProxy.java:333) ~[ratis-server-0.4.0-2337318-SNAPSHOT.jar:0.4.0-2337318-SNAPSHOT]
	at org.apache.ratis.server.impl.RaftServerProxy.lambda$null$5(RaftServerProxy.java:328) ~[ratis-server-0.4.0-2337318-SNAPSHOT.jar:0.4.0-2337318-SNAPSHOT]
	at org.apache.ratis.util.JavaUtils.callAsUnchecked(JavaUtils.java:109) ~[ratis-common-0.4.0-2337318-SNAPSHOT.jar:0.4.0-2337318-SNAPSHOT]
	at org.apache.ratis.server.impl.RaftServerProxy.lambda$submitRequest$6(RaftServerProxy.java:328) ~[ratis-server-0.4.0-2337318-SNAPSHOT.jar:0.4.0-2337318-SNAPSHOT]
	at java.util.concurrent.CompletableFuture.uniComposeStage(CompletableFuture.java:981) ~[?:1.8.0_212]
	at java.util.concurrent.CompletableFuture.thenCompose(CompletableFuture.java:2124) ~[?:1.8.0_212]
	at org.apache.ratis.server.impl.RaftServerProxy.submitRequest(RaftServerProxy.java:327) ~[ratis-server-0.4.0-2337318-SNAPSHOT.jar:0.4.0-2337318-SNAPSHOT]
	at org.apache.ratis.server.impl.RaftServerProxy.submitClientRequestAsync(RaftServerProxy.java:333) ~[ratis-server-0.4.0-2337318-SNAPSHOT.jar:0.4.0-2337318-SNAPSHOT]
	at org.apache.ratis.grpc.client.GrpcClientProtocolService$RequestStreamObserver.processClientRequest(GrpcClientProtocolService.java:220) ~[ratis-grpc-0.4.0-2337318-SNAPSHOT.jar:0.4.0-2337318-SNAPSHOT]
	at org.apache.ratis.grpc.client.GrpcClientProtocolService$OrderedRequestStreamObserver.processClientRequest(GrpcClientProtocolService.java:326) ~[ratis-grpc-0.4.0-2337318-SNAPSHOT.jar:0.4.0-2337318-SNAPSHOT]
	at org.apache.ratis.util.SlidingWindow$Server.processRequestsFromHead(SlidingWindow.java:429) [ratis-common-0.4.0-2337318-SNAPSHOT.jar:0.4.0-2337318-SNAPSHOT]
	at org.apache.ratis.util.SlidingWindow$Server.receivedRequest(SlidingWindow.java:421) [ratis-common-0.4.0-2337318-SNAPSHOT.jar:0.4.0-2337318-SNAPSHOT]
	at org.apache.ratis.grpc.client.GrpcClientProtocolService$OrderedRequestStreamObserver.processClientRequest(GrpcClientProtocolService.java:345) [ratis-grpc-0.4.0-2337318-SNAPSHOT.jar:0.4.0-2337318-SNAPSHOT]
	at org.apache.ratis.grpc.client.GrpcClientProtocolService$RequestStreamObserver.onNext(GrpcClientProtocolService.java:240) [ratis-grpc-0.4.0-2337318-SNAPSHOT.jar:0.4.0-2337318-SNAPSHOT]
	at org.apache.ratis.grpc.client.GrpcClientProtocolService$RequestStreamObserver.onNext(GrpcClientProtocolService.java:168) [ratis-grpc-0.4.0-2337318-SNAPSHOT.jar:0.4.0-2337318-SNAPSHOT]
	at org.apache.ratis.thirdparty.io.grpc.stub.ServerCalls$StreamingServerCallHandler$StreamingServerCallListener.onMessage(ServerCalls.java:248) [ratis-thirdparty-misc-0.2.0.jar:0.2.0]
	at org.apache.ratis.thirdparty.io.grpc.internal.ServerCallImpl$ServerStreamListenerImpl.messagesAvailable(ServerCallImpl.java:263) [ratis-thirdparty-misc-0.2.0.jar:0.2.0]
	at org.apache.ratis.thirdparty.io.grpc.internal.ServerImpl$JumpToApplicationThreadServerStreamListener$1MessagesAvailable.runInContext(ServerImpl.java:686) [ratis-thirdparty-misc-0.2.0.jar:0.2.0]
	at org.apache.ratis.thirdparty.io.grpc.internal.ContextRunnable.run(ContextRunnable.java:37) [ratis-thirdparty-misc-0.2.0.jar:0.2.0]
	at org.apache.ratis.thirdparty.io.grpc.internal.SerializingExecutor.run(SerializingExecutor.java:123) [ratis-thirdparty-misc-0.2.0.jar:0.2.0]
	at java.util.concurrent.ThreadPoolExecutor.runWorker(ThreadPoolExecutor.java:1149) [?:1.8.0_212]
	at java.util.concurrent.ThreadPoolExecutor$Worker.run(ThreadPoolExecutor.java:624) [?:1.8.0_212]
	at java.lang.Thread.run(Thread.java:748) [?:1.8.0_212]
12:38:42.972 [grpc-default-executor-11] ERROR DNAudit - user=null | ip=null | op=WRITE_CHUNK {blockData=conID: 1 locID: 102434178088173590 bcsId: 4} | ret=FAILURE
org.apache.hadoop.hdds.scm.container.common.helpers.ContainerNotOpenException: Container 1 in CLOSED state
	at org.apache.hadoop.ozone.container.common.impl.HddsDispatcher.validateContainerCommand(HddsDispatcher.java:408) ~[hadoop-hdds-container-service-0.5.0-SNAPSHOT.jar:?]
	at org.apache.hadoop.ozone.container.common.transport.server.ratis.ContainerStateMachine.startTransaction(ContainerStateMachine.java:271) ~[hadoop-hdds-container-service-0.5.0-SNAPSHOT.jar:?]
	at org.apache.ratis.server.impl.RaftServerImpl.submitClientRequestAsync(RaftServerImpl.java:566) ~[ratis-server-0.4.0-2337318-SNAPSHOT.jar:0.4.0-2337318-SNAPSHOT]
	at org.apache.ratis.server.impl.RaftServerProxy.lambda$submitClientRequestAsync$7(RaftServerProxy.java:333) ~[ratis-server-0.4.0-2337318-SNAPSHOT.jar:0.4.0-2337318-SNAPSHOT]
	at org.apache.ratis.server.impl.RaftServerProxy.lambda$null$5(RaftServerProxy.java:328) ~[ratis-server-0.4.0-2337318-SNAPSHOT.jar:0.4.0-2337318-SNAPSHOT]
	at org.apache.ratis.util.JavaUtils.callAsUnchecked(JavaUtils.java:109) ~[ratis-common-0.4.0-2337318-SNAPSHOT.jar:0.4.0-2337318-SNAPSHOT]
	at org.apache.ratis.server.impl.RaftServerProxy.lambda$submitRequest$6(RaftServerProxy.java:328) ~[ratis-server-0.4.0-2337318-SNAPSHOT.jar:0.4.0-2337318-SNAPSHOT]
	at java.util.concurrent.CompletableFuture.uniComposeStage(CompletableFuture.java:981) ~[?:1.8.0_212]
	at java.util.concurrent.CompletableFuture.thenCompose(CompletableFuture.java:2124) ~[?:1.8.0_212]
	at org.apache.ratis.server.impl.RaftServerProxy.submitRequest(RaftServerProxy.java:327) ~[ratis-server-0.4.0-2337318-SNAPSHOT.jar:0.4.0-2337318-SNAPSHOT]
	at org.apache.ratis.server.impl.RaftServerProxy.submitClientRequestAsync(RaftServerProxy.java:333) ~[ratis-server-0.4.0-2337318-SNAPSHOT.jar:0.4.0-2337318-SNAPSHOT]
	at org.apache.ratis.grpc.client.GrpcClientProtocolService$RequestStreamObserver.processClientRequest(GrpcClientProtocolService.java:220) ~[ratis-grpc-0.4.0-2337318-SNAPSHOT.jar:0.4.0-2337318-SNAPSHOT]
	at org.apache.ratis.grpc.client.GrpcClientProtocolService$OrderedRequestStreamObserver.processClientRequest(GrpcClientProtocolService.java:326) ~[ratis-grpc-0.4.0-2337318-SNAPSHOT.jar:0.4.0-2337318-SNAPSHOT]
	at org.apache.ratis.util.SlidingWindow$Server.processRequestsFromHead(SlidingWindow.java:429) [ratis-common-0.4.0-2337318-SNAPSHOT.jar:0.4.0-2337318-SNAPSHOT]
	at org.apache.ratis.util.SlidingWindow$Server.receivedRequest(SlidingWindow.java:421) [ratis-common-0.4.0-2337318-SNAPSHOT.jar:0.4.0-2337318-SNAPSHOT]
	at org.apache.ratis.grpc.client.GrpcClientProtocolService$OrderedRequestStreamObserver.processClientRequest(GrpcClientProtocolService.java:345) [ratis-grpc-0.4.0-2337318-SNAPSHOT.jar:0.4.0-2337318-SNAPSHOT]
	at org.apache.ratis.grpc.client.GrpcClientProtocolService$RequestStreamObserver.onNext(GrpcClientProtocolService.java:240) [ratis-grpc-0.4.0-2337318-SNAPSHOT.jar:0.4.0-2337318-SNAPSHOT]
	at org.apache.ratis.grpc.client.GrpcClientProtocolService$RequestStreamObserver.onNext(GrpcClientProtocolService.java:168) [ratis-grpc-0.4.0-2337318-SNAPSHOT.jar:0.4.0-2337318-SNAPSHOT]
	at org.apache.ratis.thirdparty.io.grpc.stub.ServerCalls$StreamingServerCallHandler$StreamingServerCallListener.onMessage(ServerCalls.java:248) [ratis-thirdparty-misc-0.2.0.jar:0.2.0]
	at org.apache.ratis.thirdparty.io.grpc.internal.ServerCallImpl$ServerStreamListenerImpl.messagesAvailable(ServerCallImpl.java:263) [ratis-thirdparty-misc-0.2.0.jar:0.2.0]
	at org.apache.ratis.thirdparty.io.grpc.internal.ServerImpl$JumpToApplicationThreadServerStreamListener$1MessagesAvailable.runInContext(ServerImpl.java:686) [ratis-thirdparty-misc-0.2.0.jar:0.2.0]
	at org.apache.ratis.thirdparty.io.grpc.internal.ContextRunnable.run(ContextRunnable.java:37) [ratis-thirdparty-misc-0.2.0.jar:0.2.0]
	at org.apache.ratis.thirdparty.io.grpc.internal.SerializingExecutor.run(SerializingExecutor.java:123) [ratis-thirdparty-misc-0.2.0.jar:0.2.0]
	at java.util.concurrent.ThreadPoolExecutor.runWorker(ThreadPoolExecutor.java:1149) [?:1.8.0_212]
	at java.util.concurrent.ThreadPoolExecutor$Worker.run(ThreadPoolExecutor.java:624) [?:1.8.0_212]
	at java.lang.Thread.run(Thread.java:748) [?:1.8.0_212]
12:38:42.981 [grpc-default-executor-11] ERROR DNAudit - user=null | ip=null | op=PUT_BLOCK {blockData=[blockId=conID: 1 locID: 102434178088173590 bcsId: 0,size=334]} | ret=FAILURE
org.apache.hadoop.hdds.scm.container.common.helpers.ContainerNotOpenException: Container 1 in CLOSED state
	at org.apache.hadoop.ozone.container.common.impl.HddsDispatcher.validateContainerCommand(HddsDispatcher.java:408) ~[hadoop-hdds-container-service-0.5.0-SNAPSHOT.jar:?]
	at org.apache.hadoop.ozone.container.common.transport.server.ratis.ContainerStateMachine.startTransaction(ContainerStateMachine.java:271) ~[hadoop-hdds-container-service-0.5.0-SNAPSHOT.jar:?]
	at org.apache.ratis.server.impl.RaftServerImpl.submitClientRequestAsync(RaftServerImpl.java:566) ~[ratis-server-0.4.0-2337318-SNAPSHOT.jar:0.4.0-2337318-SNAPSHOT]
	at org.apache.ratis.server.impl.RaftServerProxy.lambda$submitClientRequestAsync$7(RaftServerProxy.java:333) ~[ratis-server-0.4.0-2337318-SNAPSHOT.jar:0.4.0-2337318-SNAPSHOT]
	at org.apache.ratis.server.impl.RaftServerProxy.lambda$null$5(RaftServerProxy.java:328) ~[ratis-server-0.4.0-2337318-SNAPSHOT.jar:0.4.0-2337318-SNAPSHOT]
	at org.apache.ratis.util.JavaUtils.callAsUnchecked(JavaUtils.java:109) ~[ratis-common-0.4.0-2337318-SNAPSHOT.jar:0.4.0-2337318-SNAPSHOT]
	at org.apache.ratis.server.impl.RaftServerProxy.lambda$submitRequest$6(RaftServerProxy.java:328) ~[ratis-server-0.4.0-2337318-SNAPSHOT.jar:0.4.0-2337318-SNAPSHOT]
	at java.util.concurrent.CompletableFuture.uniComposeStage(CompletableFuture.java:981) ~[?:1.8.0_212]
	at java.util.concurrent.CompletableFuture.thenCompose(CompletableFuture.java:2124) ~[?:1.8.0_212]
	at org.apache.ratis.server.impl.RaftServerProxy.submitRequest(RaftServerProxy.java:327) ~[ratis-server-0.4.0-2337318-SNAPSHOT.jar:0.4.0-2337318-SNAPSHOT]
	at org.apache.ratis.server.impl.RaftServerProxy.submitClientRequestAsync(RaftServerProxy.java:333) ~[ratis-server-0.4.0-2337318-SNAPSHOT.jar:0.4.0-2337318-SNAPSHOT]
	at org.apache.ratis.grpc.client.GrpcClientProtocolService$RequestStreamObserver.processClientRequest(GrpcClientProtocolService.java:220) ~[ratis-grpc-0.4.0-2337318-SNAPSHOT.jar:0.4.0-2337318-SNAPSHOT]
	at org.apache.ratis.grpc.client.GrpcClientProtocolService$OrderedRequestStreamObserver.processClientRequest(GrpcClientProtocolService.java:326) ~[ratis-grpc-0.4.0-2337318-SNAPSHOT.jar:0.4.0-2337318-SNAPSHOT]
	at org.apache.ratis.util.SlidingWindow$Server.processRequestsFromHead(SlidingWindow.java:429) [ratis-common-0.4.0-2337318-SNAPSHOT.jar:0.4.0-2337318-SNAPSHOT]
	at org.apache.ratis.util.SlidingWindow$Server.receivedRequest(SlidingWindow.java:421) [ratis-common-0.4.0-2337318-SNAPSHOT.jar:0.4.0-2337318-SNAPSHOT]
	at org.apache.ratis.grpc.client.GrpcClientProtocolService$OrderedRequestStreamObserver.processClientRequest(GrpcClientProtocolService.java:345) [ratis-grpc-0.4.0-2337318-SNAPSHOT.jar:0.4.0-2337318-SNAPSHOT]
	at org.apache.ratis.grpc.client.GrpcClientProtocolService$RequestStreamObserver.onNext(GrpcClientProtocolService.java:240) [ratis-grpc-0.4.0-2337318-SNAPSHOT.jar:0.4.0-2337318-SNAPSHOT]
	at org.apache.ratis.grpc.client.GrpcClientProtocolService$RequestStreamObserver.onNext(GrpcClientProtocolService.java:168) [ratis-grpc-0.4.0-2337318-SNAPSHOT.jar:0.4.0-2337318-SNAPSHOT]
	at org.apache.ratis.thirdparty.io.grpc.stub.ServerCalls$StreamingServerCallHandler$StreamingServerCallListener.onMessage(ServerCalls.java:248) [ratis-thirdparty-misc-0.2.0.jar:0.2.0]
	at org.apache.ratis.thirdparty.io.grpc.internal.ServerCallImpl$ServerStreamListenerImpl.messagesAvailable(ServerCallImpl.java:263) [ratis-thirdparty-misc-0.2.0.jar:0.2.0]
	at org.apache.ratis.thirdparty.io.grpc.internal.ServerImpl$JumpToApplicationThreadServerStreamListener$1MessagesAvailable.runInContext(ServerImpl.java:686) [ratis-thirdparty-misc-0.2.0.jar:0.2.0]
	at org.apache.ratis.thirdparty.io.grpc.internal.ContextRunnable.run(ContextRunnable.java:37) [ratis-thirdparty-misc-0.2.0.jar:0.2.0]
	at org.apache.ratis.thirdparty.io.grpc.internal.SerializingExecutor.run(SerializingExecutor.java:123) [ratis-thirdparty-misc-0.2.0.jar:0.2.0]
	at java.util.concurrent.ThreadPoolExecutor.runWorker(ThreadPoolExecutor.java:1149) [?:1.8.0_212]
	at java.util.concurrent.ThreadPoolExecutor$Worker.run(ThreadPoolExecutor.java:624) [?:1.8.0_212]
	at java.lang.Thread.run(Thread.java:748) [?:1.8.0_212]
2019-07-13 12:38:43,002 INFO  client.GrpcClientProtocolClient (GrpcClientProtocolClient.java:onNext(255)) - client-5B52331A4BA3->09a1fb29-1832-4d2a-b79c-4db4231ad6a4: receive RaftClientReply:client-5B52331A4BA3->09a1fb29-1832-4d2a-b79c-4db4231ad6a4@group-D02D32845228, cid=268, FAILED org.apache.ratis.protocol.StateMachineException: org.apache.hadoop.hdds.scm.container.common.helpers.ContainerNotOpenException from Server 09a1fb29-1832-4d2a-b79c-4db4231ad6a4: Container 1 in CLOSED state, logIndex=0, commits[09a1fb29-1832-4d2a-b79c-4db4231ad6a4:c8, 326ee94b-e5a9-471b-85f6-2a1b7e5d49ea:c7, deb62537-6eb8-4564-9b10-f1b0b3344442:c7]
2019-07-13 12:38:43,007 INFO  client.GrpcClientProtocolClient (GrpcClientProtocolClient.java:onNext(255)) - client-5B52331A4BA3->09a1fb29-1832-4d2a-b79c-4db4231ad6a4: receive RaftClientReply:client-5B52331A4BA3->09a1fb29-1832-4d2a-b79c-4db4231ad6a4@group-D02D32845228, cid=269, FAILED org.apache.ratis.protocol.StateMachineException: org.apache.hadoop.hdds.scm.container.common.helpers.ContainerNotOpenException from Server 09a1fb29-1832-4d2a-b79c-4db4231ad6a4: Container 1 in CLOSED state, logIndex=0, commits[09a1fb29-1832-4d2a-b79c-4db4231ad6a4:c8, 326ee94b-e5a9-471b-85f6-2a1b7e5d49ea:c7, deb62537-6eb8-4564-9b10-f1b0b3344442:c7]
2019-07-13 12:38:43,008 INFO  client.GrpcClientProtocolClient (GrpcClientProtocolClient.java:onNext(255)) - client-5B52331A4BA3->09a1fb29-1832-4d2a-b79c-4db4231ad6a4: receive RaftClientReply:client-5B52331A4BA3->09a1fb29-1832-4d2a-b79c-4db4231ad6a4@group-D02D32845228, cid=270, FAILED org.apache.ratis.protocol.StateMachineException: org.apache.hadoop.hdds.scm.container.common.helpers.ContainerNotOpenException from Server 09a1fb29-1832-4d2a-b79c-4db4231ad6a4: Container 1 in CLOSED state, logIndex=0, commits[09a1fb29-1832-4d2a-b79c-4db4231ad6a4:c8, 326ee94b-e5a9-471b-85f6-2a1b7e5d49ea:c7, deb62537-6eb8-4564-9b10-f1b0b3344442:c7]
2019-07-13 12:38:43,133 INFO  client.GrpcClientProtocolClient (GrpcClientProtocolClient.java:onNext(255)) - client-5B52331A4BA3->09a1fb29-1832-4d2a-b79c-4db4231ad6a4: receive RaftClientReply:client-5B52331A4BA3->09a1fb29-1832-4d2a-b79c-4db4231ad6a4@group-D02D32845228, cid=271, SUCCESS, logIndex=9, commits[09a1fb29-1832-4d2a-b79c-4db4231ad6a4:c11, 326ee94b-e5a9-471b-85f6-2a1b7e5d49ea:c8, deb62537-6eb8-4564-9b10-f1b0b3344442:c8]
2019-07-13 12:38:43,134 INFO  client.GrpcClientProtocolClient (GrpcClientProtocolClient.java:onNext(255)) - client-5B52331A4BA3->09a1fb29-1832-4d2a-b79c-4db4231ad6a4: receive RaftClientReply:client-5B52331A4BA3->09a1fb29-1832-4d2a-b79c-4db4231ad6a4@group-D02D32845228, cid=272, SUCCESS, logIndex=10, commits[09a1fb29-1832-4d2a-b79c-4db4231ad6a4:c11, 326ee94b-e5a9-471b-85f6-2a1b7e5d49ea:c8, deb62537-6eb8-4564-9b10-f1b0b3344442:c8]
2019-07-13 12:38:43,163 INFO  client.GrpcClientProtocolClient (GrpcClientProtocolClient.java:onNext(255)) - client-5B52331A4BA3->09a1fb29-1832-4d2a-b79c-4db4231ad6a4: receive RaftClientReply:client-5B52331A4BA3->09a1fb29-1832-4d2a-b79c-4db4231ad6a4@group-D02D32845228, cid=273, SUCCESS, logIndex=11, commits[09a1fb29-1832-4d2a-b79c-4db4231ad6a4:c12, 326ee94b-e5a9-471b-85f6-2a1b7e5d49ea:c11, deb62537-6eb8-4564-9b10-f1b0b3344442:c11]
2019-07-13 12:38:43,182 INFO  pipeline.Pipeline (Pipeline.java:getProtobufMessage(195)) - Serialize pipeline PipelineID=cbc4c247-193b-4553-92b0-d02d32845228 with nodesInOrder{ }
2019-07-13 12:38:43,183 INFO  ozone.MiniOzoneClusterImpl (MiniOzoneClusterImpl.java:shutdown(321)) - Shutting down the Mini Ozone Cluster
2019-07-13 12:38:43,184 INFO  ozone.MiniOzoneClusterImpl (MiniOzoneClusterImpl.java:stop(336)) - Stopping the Mini Ozone Cluster
2019-07-13 12:38:43,184 INFO  ozone.MiniOzoneClusterImpl (MiniOzoneClusterImpl.java:stop(338)) - Stopping the OzoneManager
2019-07-13 12:38:43,184 INFO  ipc.Server (Server.java:stop(3082)) - Stopping server on 38451
2019-07-13 12:38:43,208 INFO  utils.BackgroundService (BackgroundService.java:shutdown(148)) - Shutting down service KeyDeletingService
2019-07-13 12:38:43,214 INFO  ipc.Server (Server.java:run(1185)) - Stopping IPC Server listener on 38451
2019-07-13 12:38:43,208 INFO  ipc.Server (Server.java:run(1319)) - Stopping IPC Server Responder
2019-07-13 12:38:43,240 INFO  handler.ContextHandler (ContextHandler.java:doStop(910)) - Stopped o.e.j.w.WebAppContext@7768ffae{/,null,UNAVAILABLE}{/ozoneManager}
2019-07-13 12:38:43,241 INFO  server.AbstractConnector (AbstractConnector.java:doStop(318)) - Stopped ServerConnector@23195ebe{HTTP/1.1,[http/1.1]}{0.0.0.0:0}
2019-07-13 12:38:43,242 INFO  handler.ContextHandler (ContextHandler.java:doStop(910)) - Stopped o.e.j.s.ServletContextHandler@56c75b4f{/static,file:///tmp/workdir/hadoop-ozone/integration-test/target/test-classes/webapps/static,UNAVAILABLE}
2019-07-13 12:38:43,242 INFO  handler.ContextHandler (ContextHandler.java:doStop(910)) - Stopped o.e.j.s.ServletContextHandler@50b4e828{/logs,file:///tmp/workdir/hadoop-ozone/integration-test/target/log,UNAVAILABLE}
2019-07-13 12:38:43,244 INFO  ozone.MiniOzoneClusterImpl (MiniOzoneClusterImpl.java:stop(344)) - Shutting the HddsDatanodes
2019-07-13 12:38:43,245 INFO  datanode.ObjectStoreHandler (ObjectStoreHandler.java:close(155)) - Closing ObjectStoreHandler.
2019-07-13 12:38:43,245 INFO  datanode.ObjectStoreHandler (ObjectStoreHandler.java:close(155)) - Closing ObjectStoreHandler.
2019-07-13 12:38:43,245 INFO  ozone.HddsDatanodeService (HddsDatanodeService.java:stop(452)) - Stopped plug-in org.apache.hadoop.ozone.web.OzoneHddsDatanodeService@67ee26af
2019-07-13 12:38:43,245 INFO  ozone.HddsDatanodeService (HddsDatanodeService.java:stop(452)) - Stopped plug-in org.apache.hadoop.ozone.web.OzoneHddsDatanodeService@3ee9eaa7
2019-07-13 12:38:43,333 INFO  statemachine.DatanodeStateMachine (DatanodeStateMachine.java:lambda$startDaemon$0(350)) - Ozone container server started.
2019-07-13 12:38:44,122 INFO  statemachine.DatanodeStateMachine (DatanodeStateMachine.java:lambda$startDaemon$0(350)) - Ozone container server started.
2019-07-13 12:38:47,349 INFO  node.StaleNodeHandler (StaleNodeHandler.java:onMessage(58)) - Datanode 8a9999cf-3719-4cd8-bc6e-d9c7a20464e5{ip: 192.168.5.181, host: trunk-nightly-q2gwj-1111726333, networkLocation: /default-rack, certSerialId: null} moved to stale state. Finalizing its pipelines [PipelineID=d8884e01-78a6-483d-bbc3-8365b687a2d3, PipelineID=8732e9cd-dea3-4ac2-9941-11a1747936e2]
2019-07-13 12:38:47,350 INFO  pipeline.SCMPipelineManager (SCMPipelineManager.java:finalizeAndDestroyPipeline(309)) - destroying pipeline:Pipeline[ Id: d8884e01-78a6-483d-bbc3-8365b687a2d3, Nodes: 8a9999cf-3719-4cd8-bc6e-d9c7a20464e5{ip: 192.168.5.181, host: trunk-nightly-q2gwj-1111726333, networkLocation: /default-rack, certSerialId: null}, Type:RATIS, Factor:ONE, State:OPEN]
2019-07-13 12:38:47,350 INFO  pipeline.PipelineStateManager (PipelineStateManager.java:finalizePipeline(123)) - Pipeline Pipeline[ Id: d8884e01-78a6-483d-bbc3-8365b687a2d3, Nodes: 8a9999cf-3719-4cd8-bc6e-d9c7a20464e5{ip: 192.168.5.181, host: trunk-nightly-q2gwj-1111726333, networkLocation: /default-rack, certSerialId: null}, Type:RATIS, Factor:ONE, State:CLOSED] moved to CLOSED state
2019-07-13 12:38:47,350 INFO  pipeline.SCMPipelineManager (SCMPipelineManager.java:finalizeAndDestroyPipeline(309)) - destroying pipeline:Pipeline[ Id: 8732e9cd-dea3-4ac2-9941-11a1747936e2, Nodes: eb40b4b4-a33d-4c1f-ac18-dfc1db024a77{ip: 192.168.5.181, host: trunk-nightly-q2gwj-1111726333, networkLocation: /default-rack, certSerialId: null}f977b8ff-d01f-4acd-98a8-c6ecbc23fea0{ip: 192.168.5.181, host: trunk-nightly-q2gwj-1111726333, networkLocation: /default-rack, certSerialId: null}8a9999cf-3719-4cd8-bc6e-d9c7a20464e5{ip: 192.168.5.181, host: trunk-nightly-q2gwj-1111726333, networkLocation: /default-rack, certSerialId: null}, Type:RATIS, Factor:THREE, State:OPEN]
2019-07-13 12:38:47,350 INFO  pipeline.PipelineStateManager (PipelineStateManager.java:finalizePipeline(123)) - Pipeline Pipeline[ Id: 8732e9cd-dea3-4ac2-9941-11a1747936e2, Nodes: eb40b4b4-a33d-4c1f-ac18-dfc1db024a77{ip: 192.168.5.181, host: trunk-nightly-q2gwj-1111726333, networkLocation: /default-rack, certSerialId: null}f977b8ff-d01f-4acd-98a8-c6ecbc23fea0{ip: 192.168.5.181, host: trunk-nightly-q2gwj-1111726333, networkLocation: /default-rack, certSerialId: null}8a9999cf-3719-4cd8-bc6e-d9c7a20464e5{ip: 192.168.5.181, host: trunk-nightly-q2gwj-1111726333, networkLocation: /default-rack, certSerialId: null}, Type:RATIS, Factor:THREE, State:CLOSED] moved to CLOSED state
2019-07-13 12:38:48,150 INFO  node.StaleNodeHandler (StaleNodeHandler.java:onMessage(58)) - Datanode 09a1fb29-1832-4d2a-b79c-4db4231ad6a4{ip: 192.168.5.181, host: trunk-nightly-q2gwj-1111726333, networkLocation: /default-rack, certSerialId: null} moved to stale state. Finalizing its pipelines [PipelineID=e205b115-a320-4c7e-a7c7-a8a8b6c7efd7, PipelineID=cbc4c247-193b-4553-92b0-d02d32845228]
2019-07-13 12:38:48,150 INFO  pipeline.SCMPipelineManager (SCMPipelineManager.java:finalizeAndDestroyPipeline(309)) - destroying pipeline:Pipeline[ Id: e205b115-a320-4c7e-a7c7-a8a8b6c7efd7, Nodes: 09a1fb29-1832-4d2a-b79c-4db4231ad6a4{ip: 192.168.5.181, host: trunk-nightly-q2gwj-1111726333, networkLocation: /default-rack, certSerialId: null}, Type:RATIS, Factor:ONE, State:OPEN]
2019-07-13 12:38:48,151 INFO  pipeline.PipelineStateManager (PipelineStateManager.java:finalizePipeline(123)) - Pipeline Pipeline[ Id: e205b115-a320-4c7e-a7c7-a8a8b6c7efd7, Nodes: 09a1fb29-1832-4d2a-b79c-4db4231ad6a4{ip: 192.168.5.181, host: trunk-nightly-q2gwj-1111726333, networkLocation: /default-rack, certSerialId: null}, Type:RATIS, Factor:ONE, State:CLOSED] moved to CLOSED state
2019-07-13 12:38:48,151 INFO  pipeline.SCMPipelineManager (SCMPipelineManager.java:finalizeAndDestroyPipeline(309)) - destroying pipeline:Pipeline[ Id: cbc4c247-193b-4553-92b0-d02d32845228, Nodes: 09a1fb29-1832-4d2a-b79c-4db4231ad6a4{ip: 192.168.5.181, host: trunk-nightly-q2gwj-1111726333, networkLocation: /default-rack, certSerialId: null}deb62537-6eb8-4564-9b10-f1b0b3344442{ip: 192.168.5.181, host: trunk-nightly-q2gwj-1111726333, networkLocation: /default-rack, certSerialId: null}326ee94b-e5a9-471b-85f6-2a1b7e5d49ea{ip: 192.168.5.181, host: trunk-nightly-q2gwj-1111726333, networkLocation: /default-rack, certSerialId: null}, Type:RATIS, Factor:THREE, State:OPEN]
2019-07-13 12:38:48,151 INFO  pipeline.PipelineStateManager (PipelineStateManager.java:finalizePipeline(123)) - Pipeline Pipeline[ Id: cbc4c247-193b-4553-92b0-d02d32845228, Nodes: 09a1fb29-1832-4d2a-b79c-4db4231ad6a4{ip: 192.168.5.181, host: trunk-nightly-q2gwj-1111726333, networkLocation: /default-rack, certSerialId: null}deb62537-6eb8-4564-9b10-f1b0b3344442{ip: 192.168.5.181, host: trunk-nightly-q2gwj-1111726333, networkLocation: /default-rack, certSerialId: null}326ee94b-e5a9-471b-85f6-2a1b7e5d49ea{ip: 192.168.5.181, host: trunk-nightly-q2gwj-1111726333, networkLocation: /default-rack, certSerialId: null}, Type:RATIS, Factor:THREE, State:CLOSED] moved to CLOSED state
2019-07-13 12:38:48,151 INFO  container.CloseContainerEventHandler (CloseContainerEventHandler.java:onMessage(61)) - Close container Event triggered for container : #2
2019-07-13 12:38:48,246 INFO  ozoneimpl.OzoneContainer (OzoneContainer.java:stop(199)) - Attempting to stop container services.
2019-07-13 12:38:48,246 INFO  ozoneimpl.OzoneContainer (OzoneContainer.java:stop(199)) - Attempting to stop container services.
2019-07-13 12:38:48,247 INFO  impl.RaftServerProxy (RaftServerProxy.java:lambda$close$4(314)) - 09a1fb29-1832-4d2a-b79c-4db4231ad6a4: close
2019-07-13 12:38:48,247 INFO  impl.RaftServerProxy (RaftServerProxy.java:lambda$close$4(314)) - 8a9999cf-3719-4cd8-bc6e-d9c7a20464e5: close
2019-07-13 12:38:48,247 INFO  impl.RaftServerImpl (RaftServerImpl.java:lambda$shutdown$3(245)) - 09a1fb29-1832-4d2a-b79c-4db4231ad6a4: shutdown group-A8A8B6C7EFD7
2019-07-13 12:38:48,247 INFO  impl.RaftServerImpl (RaftServerImpl.java:lambda$shutdown$3(245)) - 8a9999cf-3719-4cd8-bc6e-d9c7a20464e5: shutdown group-8365B687A2D3
2019-07-13 12:38:48,248 INFO  util.JmxRegister (JmxRegister.java:unregister(73)) - Successfully un-registered JMX Bean with object name Ratis:service=RaftServer,group=group-A8A8B6C7EFD7,id=09a1fb29-1832-4d2a-b79c-4db4231ad6a4
2019-07-13 12:38:48,248 INFO  impl.RoleInfo (RoleInfo.java:shutdownLeaderState(104)) - 09a1fb29-1832-4d2a-b79c-4db4231ad6a4: shutdown LeaderState
2019-07-13 12:38:48,248 INFO  util.JmxRegister (JmxRegister.java:unregister(73)) - Successfully un-registered JMX Bean with object name Ratis:service=RaftServer,group=group-8365B687A2D3,id=8a9999cf-3719-4cd8-bc6e-d9c7a20464e5
2019-07-13 12:38:48,249 INFO  impl.PendingRequests (PendingRequests.java:sendNotLeaderResponses(202)) - 09a1fb29-1832-4d2a-b79c-4db4231ad6a4-PendingRequests: sendNotLeaderResponses
2019-07-13 12:38:48,249 INFO  impl.RoleInfo (RoleInfo.java:shutdownLeaderState(104)) - 8a9999cf-3719-4cd8-bc6e-d9c7a20464e5: shutdown LeaderState
2019-07-13 12:38:48,250 INFO  ratis.ContainerStateMachine (ContainerStateMachine.java:takeSnapshot(246)) - Taking snapshot at termIndex:(t:0, i:~)
2019-07-13 12:38:48,250 INFO  impl.StateMachineUpdater (StateMachineUpdater.java:stopAndJoin(115)) - StateMachineUpdater:09a1fb29-1832-4d2a-b79c-4db4231ad6a4:group-A8A8B6C7EFD7: set stopIndex = 0
2019-07-13 12:38:48,251 INFO  impl.RaftServerImpl (ServerState.java:close(394)) - 09a1fb29-1832-4d2a-b79c-4db4231ad6a4:group-A8A8B6C7EFD7 closes. The last applied log index is 0
2019-07-13 12:38:48,250 INFO  impl.PendingRequests (PendingRequests.java:sendNotLeaderResponses(202)) - 8a9999cf-3719-4cd8-bc6e-d9c7a20464e5-PendingRequests: sendNotLeaderResponses
2019-07-13 12:38:48,251 INFO  segmented.SegmentedRaftLogWorker (SegmentedRaftLogWorker.java:run(313)) - 09a1fb29-1832-4d2a-b79c-4db4231ad6a4-SegmentedRaftLogWorker:Storage Directory /tmp/workdir/hadoop-ozone/integration-test/target/test-dir/MiniOzoneClusterImpl-743a5529-b6df-4ed5-9bcc-240d76060713/datanode-4/data/ratis/e205b115-a320-4c7e-a7c7-a8a8b6c7efd7 was interrupted, exiting. There are 0 tasks remaining in the queue.
2019-07-13 12:38:48,251 INFO  ratis.ContainerStateMachine (ContainerStateMachine.java:takeSnapshot(246)) - Taking snapshot at termIndex:(t:0, i:~)
2019-07-13 12:38:48,251 INFO  impl.StateMachineUpdater (StateMachineUpdater.java:stopAndJoin(115)) - StateMachineUpdater:8a9999cf-3719-4cd8-bc6e-d9c7a20464e5:group-8365B687A2D3: set stopIndex = 0
2019-07-13 12:38:48,255 INFO  segmented.SegmentedRaftLogWorker (SegmentedRaftLogWorker.java:close(228)) - 09a1fb29-1832-4d2a-b79c-4db4231ad6a4-SegmentedRaftLogWorker:Storage Directory /tmp/workdir/hadoop-ozone/integration-test/target/test-dir/MiniOzoneClusterImpl-743a5529-b6df-4ed5-9bcc-240d76060713/datanode-4/data/ratis/e205b115-a320-4c7e-a7c7-a8a8b6c7efd7 close()
2019-07-13 12:38:48,255 INFO  impl.RaftServerImpl (ServerState.java:close(394)) - 8a9999cf-3719-4cd8-bc6e-d9c7a20464e5:group-8365B687A2D3 closes. The last applied log index is 0
2019-07-13 12:38:48,261 INFO  impl.RaftServerImpl (RaftServerImpl.java:lambda$shutdown$3(245)) - 09a1fb29-1832-4d2a-b79c-4db4231ad6a4: shutdown group-D02D32845228
2019-07-13 12:38:48,262 INFO  segmented.SegmentedRaftLogWorker (SegmentedRaftLogWorker.java:run(313)) - 8a9999cf-3719-4cd8-bc6e-d9c7a20464e5-SegmentedRaftLogWorker:Storage Directory /tmp/workdir/hadoop-ozone/integration-test/target/test-dir/MiniOzoneClusterImpl-743a5529-b6df-4ed5-9bcc-240d76060713/datanode-1/data/ratis/d8884e01-78a6-483d-bbc3-8365b687a2d3 was interrupted, exiting. There are 0 tasks remaining in the queue.
2019-07-13 12:38:48,262 INFO  util.JmxRegister (JmxRegister.java:unregister(73)) - Successfully un-registered JMX Bean with object name Ratis:service=RaftServer,group=group-D02D32845228,id=09a1fb29-1832-4d2a-b79c-4db4231ad6a4
2019-07-13 12:38:48,265 INFO  segmented.SegmentedRaftLogWorker (SegmentedRaftLogWorker.java:close(228)) - 8a9999cf-3719-4cd8-bc6e-d9c7a20464e5-SegmentedRaftLogWorker:Storage Directory /tmp/workdir/hadoop-ozone/integration-test/target/test-dir/MiniOzoneClusterImpl-743a5529-b6df-4ed5-9bcc-240d76060713/datanode-1/data/ratis/d8884e01-78a6-483d-bbc3-8365b687a2d3 close()
2019-07-13 12:38:48,265 INFO  impl.RoleInfo (RoleInfo.java:shutdownLeaderState(104)) - 09a1fb29-1832-4d2a-b79c-4db4231ad6a4: shutdown LeaderState
2019-07-13 12:38:48,271 INFO  impl.RaftServerImpl (RaftServerImpl.java:lambda$shutdown$3(245)) - 8a9999cf-3719-4cd8-bc6e-d9c7a20464e5: shutdown group-11A1747936E2
2019-07-13 12:38:48,277 WARN  server.GrpcLogAppender (GrpcLogAppender.java:mayWait(143)) - GrpcLogAppender(09a1fb29-1832-4d2a-b79c-4db4231ad6a4->326ee94b-e5a9-471b-85f6-2a1b7e5d49ea): Wait interrupted by java.lang.InterruptedException
2019-07-13 12:38:48,277 WARN  server.GrpcLogAppender (GrpcLogAppender.java:mayWait(143)) - GrpcLogAppender(09a1fb29-1832-4d2a-b79c-4db4231ad6a4->deb62537-6eb8-4564-9b10-f1b0b3344442): Wait interrupted by java.lang.InterruptedException
2019-07-13 12:38:48,277 INFO  impl.PendingRequests (PendingRequests.java:sendNotLeaderResponses(202)) - 09a1fb29-1832-4d2a-b79c-4db4231ad6a4-PendingRequests: sendNotLeaderResponses
2019-07-13 12:38:48,277 INFO  server.GrpcServerProtocolService (GrpcServerProtocolService.java:onCompleted(104)) - deb62537-6eb8-4564-9b10-f1b0b3344442: appendEntries completed
2019-07-13 12:38:48,280 INFO  impl.StateMachineUpdater (StateMachineUpdater.java:stopAndJoin(115)) - StateMachineUpdater:09a1fb29-1832-4d2a-b79c-4db4231ad6a4:group-D02D32845228: set stopIndex = 12
2019-07-13 12:38:48,277 INFO  server.GrpcServerProtocolService (GrpcServerProtocolService.java:onCompleted(104)) - 326ee94b-e5a9-471b-85f6-2a1b7e5d49ea: appendEntries completed
2019-07-13 12:38:48,277 INFO  util.JmxRegister (JmxRegister.java:unregister(73)) - Successfully un-registered JMX Bean with object name Ratis:service=RaftServer,group=group-11A1747936E2,id=8a9999cf-3719-4cd8-bc6e-d9c7a20464e5
2019-07-13 12:38:48,281 INFO  impl.RoleInfo (RoleInfo.java:shutdownFollowerState(121)) - 8a9999cf-3719-4cd8-bc6e-d9c7a20464e5: shutdown FollowerState
2019-07-13 12:38:48,281 INFO  server.GrpcLogAppender (GrpcLogAppender.java:onCompleted(292)) - 09a1fb29-1832-4d2a-b79c-4db4231ad6a4->deb62537-6eb8-4564-9b10-f1b0b3344442: follower responses appendEntries COMPLETED
2019-07-13 12:38:48,280 INFO  ratis.ContainerStateMachine (ContainerStateMachine.java:takeSnapshot(246)) - Taking snapshot at termIndex:(t:1, i:12)
2019-07-13 12:38:48,282 INFO  impl.FollowerInfo (FollowerInfo.java:lambda$new$0(50)) - 09a1fb29-1832-4d2a-b79c-4db4231ad6a4->deb62537-6eb8-4564-9b10-f1b0b3344442: nextIndex: updateUnconditionally 13 -> 12
2019-07-13 12:38:48,282 INFO  impl.FollowerState (FollowerState.java:run(114)) - 8a9999cf-3719-4cd8-bc6e-d9c7a20464e5: FollowerState was interrupted: java.lang.InterruptedException: sleep interrupted
2019-07-13 12:38:48,282 INFO  ratis.ContainerStateMachine (ContainerStateMachine.java:takeSnapshot(246)) - Taking snapshot at termIndex:(t:0, i:~)
2019-07-13 12:38:48,281 INFO  impl.StateMachineUpdater (StateMachineUpdater.java:stopAndJoin(115)) - StateMachineUpdater:8a9999cf-3719-4cd8-bc6e-d9c7a20464e5:group-11A1747936E2: set stopIndex = 0
2019-07-13 12:38:48,285 INFO  impl.RaftServerImpl (ServerState.java:close(394)) - 8a9999cf-3719-4cd8-bc6e-d9c7a20464e5:group-11A1747936E2 closes. The last applied log index is 0
2019-07-13 12:38:48,281 INFO  server.GrpcLogAppender (GrpcLogAppender.java:onCompleted(292)) - 09a1fb29-1832-4d2a-b79c-4db4231ad6a4->326ee94b-e5a9-471b-85f6-2a1b7e5d49ea: follower responses appendEntries COMPLETED
2019-07-13 12:38:48,286 INFO  segmented.SegmentedRaftLogWorker (SegmentedRaftLogWorker.java:run(313)) - 8a9999cf-3719-4cd8-bc6e-d9c7a20464e5-SegmentedRaftLogWorker:Storage Directory /tmp/workdir/hadoop-ozone/integration-test/target/test-dir/MiniOzoneClusterImpl-743a5529-b6df-4ed5-9bcc-240d76060713/datanode-1/data/ratis/8732e9cd-dea3-4ac2-9941-11a1747936e2 was interrupted, exiting. There are 0 tasks remaining in the queue.
2019-07-13 12:38:48,282 INFO  ratis.ContainerStateMachine (ContainerStateMachine.java:takeSnapshot(250)) - Taking a snapshot to file /tmp/workdir/hadoop-ozone/integration-test/target/test-dir/MiniOzoneClusterImpl-743a5529-b6df-4ed5-9bcc-240d76060713/datanode-4/data/ratis/cbc4c247-193b-4553-92b0-d02d32845228/sm/snapshot.1_12
2019-07-13 12:38:48,289 INFO  segmented.SegmentedRaftLogWorker (SegmentedRaftLogWorker.java:close(228)) - 8a9999cf-3719-4cd8-bc6e-d9c7a20464e5-SegmentedRaftLogWorker:Storage Directory /tmp/workdir/hadoop-ozone/integration-test/target/test-dir/MiniOzoneClusterImpl-743a5529-b6df-4ed5-9bcc-240d76060713/datanode-1/data/ratis/8732e9cd-dea3-4ac2-9941-11a1747936e2 close()
2019-07-13 12:38:48,289 INFO  impl.StateMachineUpdater (StateMachineUpdater.java:takeSnapshot(242)) - StateMachineUpdater:09a1fb29-1832-4d2a-b79c-4db4231ad6a4:group-D02D32845228: Took a snapshot at index 12
2019-07-13 12:38:48,286 INFO  impl.FollowerInfo (FollowerInfo.java:lambda$new$0(50)) - 09a1fb29-1832-4d2a-b79c-4db4231ad6a4->326ee94b-e5a9-471b-85f6-2a1b7e5d49ea: nextIndex: updateUnconditionally 13 -> 12
2019-07-13 12:38:48,294 INFO  server.GrpcService (GrpcService.java:closeImpl(155)) - 8a9999cf-3719-4cd8-bc6e-d9c7a20464e5: shutdown server with port 35786 now
2019-07-13 12:38:48,294 INFO  impl.StateMachineUpdater (StateMachineUpdater.java:lambda$new$0(80)) - StateMachineUpdater:09a1fb29-1832-4d2a-b79c-4db4231ad6a4:group-D02D32845228: snapshotIndex: updateIncreasingly -1 -> 12
2019-07-13 12:38:48,295 INFO  impl.RaftServerImpl (ServerState.java:close(394)) - 09a1fb29-1832-4d2a-b79c-4db4231ad6a4:group-D02D32845228 closes. The last applied log index is 12
2019-07-13 12:38:48,296 WARN  server.GrpcLogAppender (LogUtils.java:warn(134)) - f977b8ff-d01f-4acd-98a8-c6ecbc23fea0->8a9999cf-3719-4cd8-bc6e-d9c7a20464e5: Failed appendEntries: org.apache.ratis.thirdparty.io.grpc.StatusRuntimeException: CANCELLED: HTTP/2 error code: CANCEL
Received Rst Stream
2019-07-13 12:38:48,295 INFO  server.GrpcService (GrpcService.java:closeImpl(163)) - 8a9999cf-3719-4cd8-bc6e-d9c7a20464e5: shutdown server with port 35786 successfully
2019-07-13 12:38:48,295 WARN  server.GrpcServerProtocolService (LogUtils.java:warn(134)) - 8a9999cf-3719-4cd8-bc6e-d9c7a20464e5: appendEntries onError: org.apache.ratis.thirdparty.io.grpc.StatusRuntimeException: CANCELLED: cancelled before receiving half close
2019-07-13 12:38:48,296 INFO  impl.FollowerInfo (FollowerInfo.java:lambda$new$0(50)) - f977b8ff-d01f-4acd-98a8-c6ecbc23fea0->8a9999cf-3719-4cd8-bc6e-d9c7a20464e5: nextIndex: updateUnconditionally 1 -> 0
2019-07-13 12:38:48,296 INFO  segmented.SegmentedRaftLogWorker (SegmentedRaftLogWorker.java:run(313)) - 09a1fb29-1832-4d2a-b79c-4db4231ad6a4-SegmentedRaftLogWorker:Storage Directory /tmp/workdir/hadoop-ozone/integration-test/target/test-dir/MiniOzoneClusterImpl-743a5529-b6df-4ed5-9bcc-240d76060713/datanode-4/data/ratis/cbc4c247-193b-4553-92b0-d02d32845228 was interrupted, exiting. There are 0 tasks remaining in the queue.
2019-07-13 12:38:48,297 INFO  utils.BackgroundService (BackgroundService.java:shutdown(148)) - Shutting down service BlockDeletingService
2019-07-13 12:38:48,301 INFO  segmented.SegmentedRaftLogWorker (SegmentedRaftLogWorker.java:close(228)) - 09a1fb29-1832-4d2a-b79c-4db4231ad6a4-SegmentedRaftLogWorker:Storage Directory /tmp/workdir/hadoop-ozone/integration-test/target/test-dir/MiniOzoneClusterImpl-743a5529-b6df-4ed5-9bcc-240d76060713/datanode-4/data/ratis/cbc4c247-193b-4553-92b0-d02d32845228 close()
2019-07-13 12:38:48,307 INFO  server.GrpcService (GrpcService.java:closeImpl(155)) - 09a1fb29-1832-4d2a-b79c-4db4231ad6a4: shutdown server with port 43327 now
2019-07-13 12:38:48,308 WARN  fs.CachingGetSpaceUsed (CachingGetSpaceUsed.java:run(183)) - Thread Interrupted waiting to refresh disk information: sleep interrupted
2019-07-13 12:38:48,308 INFO  server.GrpcService (GrpcService.java:closeImpl(163)) - 09a1fb29-1832-4d2a-b79c-4db4231ad6a4: shutdown server with port 43327 successfully
2019-07-13 12:38:48,310 INFO  utils.BackgroundService (BackgroundService.java:shutdown(148)) - Shutting down service BlockDeletingService
2019-07-13 12:38:48,312 WARN  fs.CachingGetSpaceUsed (CachingGetSpaceUsed.java:run(183)) - Thread Interrupted waiting to refresh disk information: sleep interrupted
2019-07-13 12:38:48,330 INFO  statemachine.DatanodeStateMachine (DatanodeStateMachine.java:stopDaemon(395)) - Ozone container server stopped.
2019-07-13 12:38:48,345 INFO  statemachine.DatanodeStateMachine (DatanodeStateMachine.java:stopDaemon(395)) - Ozone container server stopped.
2019-07-13 12:38:48,356 INFO  handler.ContextHandler (ContextHandler.java:doStop(910)) - Stopped o.e.j.w.WebAppContext@7d97eeb4{/,null,UNAVAILABLE}{/hddsDatanode}
2019-07-13 12:38:48,356 INFO  handler.ContextHandler (ContextHandler.java:doStop(910)) - Stopped o.e.j.w.WebAppContext@3fc0f3c2{/,null,UNAVAILABLE}{/hddsDatanode}
2019-07-13 12:38:48,357 INFO  server.AbstractConnector (AbstractConnector.java:doStop(318)) - Stopped ServerConnector@2728e166{HTTP/1.1,[http/1.1]}{0.0.0.0:0}
2019-07-13 12:38:48,357 INFO  server.AbstractConnector (AbstractConnector.java:doStop(318)) - Stopped ServerConnector@5d233d7{HTTP/1.1,[http/1.1]}{0.0.0.0:0}
2019-07-13 12:38:48,358 INFO  handler.ContextHandler (ContextHandler.java:doStop(910)) - Stopped o.e.j.s.ServletContextHandler@2e87a250{/static,jar:file:/home/user/.m2/repository/org/apache/hadoop/hadoop-hdds-container-service/0.5.0-SNAPSHOT/hadoop-hdds-container-service-0.5.0-SNAPSHOT.jar!/webapps/static,UNAVAILABLE}
2019-07-13 12:38:48,360 INFO  handler.ContextHandler (ContextHandler.java:doStop(910)) - Stopped o.e.j.s.ServletContextHandler@4fa78886{/static,jar:file:/home/user/.m2/repository/org/apache/hadoop/hadoop-hdds-container-service/0.5.0-SNAPSHOT/hadoop-hdds-container-service-0.5.0-SNAPSHOT.jar!/webapps/static,UNAVAILABLE}
2019-07-13 12:38:48,360 INFO  handler.ContextHandler (ContextHandler.java:doStop(910)) - Stopped o.e.j.s.ServletContextHandler@4d8d21a3{/logs,file:///tmp/workdir/hadoop-ozone/integration-test/target/log,UNAVAILABLE}
2019-07-13 12:38:48,363 INFO  handler.ContextHandler (ContextHandler.java:doStop(910)) - Stopped o.e.j.s.ServletContextHandler@38d583cd{/logs,file:///tmp/workdir/hadoop-ozone/integration-test/target/log,UNAVAILABLE}
2019-07-13 12:38:48,363 INFO  datanode.ObjectStoreHandler (ObjectStoreHandler.java:close(155)) - Closing ObjectStoreHandler.
2019-07-13 12:38:48,364 INFO  datanode.ObjectStoreHandler (ObjectStoreHandler.java:close(155)) - Closing ObjectStoreHandler.
2019-07-13 12:38:48,364 INFO  ozone.HddsDatanodeService (HddsDatanodeService.java:stop(452)) - Stopped plug-in org.apache.hadoop.ozone.web.OzoneHddsDatanodeService@5fae1b
2019-07-13 12:38:48,364 INFO  ozone.HddsDatanodeService (HddsDatanodeService.java:stop(452)) - Stopped plug-in org.apache.hadoop.ozone.web.OzoneHddsDatanodeService@3e4aabde
2019-07-13 12:38:48,464 INFO  statemachine.DatanodeStateMachine (DatanodeStateMachine.java:lambda$startDaemon$0(350)) - Ozone container server started.
2019-07-13 12:38:49,118 INFO  statemachine.DatanodeStateMachine (DatanodeStateMachine.java:lambda$startDaemon$0(350)) - Ozone container server started.
2019-07-13 12:38:50,662 WARN  server.GrpcLogAppender (LogUtils.java:warn(134)) - f977b8ff-d01f-4acd-98a8-c6ecbc23fea0->8a9999cf-3719-4cd8-bc6e-d9c7a20464e5: Failed appendEntries: org.apache.ratis.thirdparty.io.grpc.StatusRuntimeException: UNAVAILABLE: io exception
2019-07-13 12:38:50,663 INFO  impl.FollowerInfo (FollowerInfo.java:lambda$new$0(50)) - f977b8ff-d01f-4acd-98a8-c6ecbc23fea0->8a9999cf-3719-4cd8-bc6e-d9c7a20464e5: nextIndex: updateUnconditionally 0 -> 0
2019-07-13 12:38:52,556 INFO  node.StaleNodeHandler (StaleNodeHandler.java:onMessage(58)) - Datanode f977b8ff-d01f-4acd-98a8-c6ecbc23fea0{ip: 192.168.5.181, host: trunk-nightly-q2gwj-1111726333, networkLocation: /default-rack, certSerialId: null} moved to stale state. Finalizing its pipelines [PipelineID=8732e9cd-dea3-4ac2-9941-11a1747936e2, PipelineID=b3814c1e-c1a0-4400-a237-b1556201db35]
2019-07-13 12:38:52,556 INFO  pipeline.SCMPipelineManager (SCMPipelineManager.java:finalizeAndDestroyPipeline(309)) - destroying pipeline:Pipeline[ Id: 8732e9cd-dea3-4ac2-9941-11a1747936e2, Nodes: eb40b4b4-a33d-4c1f-ac18-dfc1db024a77{ip: 192.168.5.181, host: trunk-nightly-q2gwj-1111726333, networkLocation: /default-rack, certSerialId: null}f977b8ff-d01f-4acd-98a8-c6ecbc23fea0{ip: 192.168.5.181, host: trunk-nightly-q2gwj-1111726333, networkLocation: /default-rack, certSerialId: null}8a9999cf-3719-4cd8-bc6e-d9c7a20464e5{ip: 192.168.5.181, host: trunk-nightly-q2gwj-1111726333, networkLocation: /default-rack, certSerialId: null}, Type:RATIS, Factor:THREE, State:CLOSED]
2019-07-13 12:38:52,557 INFO  pipeline.SCMPipelineManager (SCMPipelineManager.java:finalizeAndDestroyPipeline(309)) - destroying pipeline:Pipeline[ Id: b3814c1e-c1a0-4400-a237-b1556201db35, Nodes: f977b8ff-d01f-4acd-98a8-c6ecbc23fea0{ip: 192.168.5.181, host: trunk-nightly-q2gwj-1111726333, networkLocation: /default-rack, certSerialId: null}, Type:RATIS, Factor:ONE, State:OPEN]
2019-07-13 12:38:52,557 INFO  pipeline.PipelineStateManager (PipelineStateManager.java:finalizePipeline(123)) - Pipeline Pipeline[ Id: b3814c1e-c1a0-4400-a237-b1556201db35, Nodes: f977b8ff-d01f-4acd-98a8-c6ecbc23fea0{ip: 192.168.5.181, host: trunk-nightly-q2gwj-1111726333, networkLocation: /default-rack, certSerialId: null}, Type:RATIS, Factor:ONE, State:CLOSED] moved to CLOSED state
2019-07-13 12:38:53,157 INFO  node.StaleNodeHandler (StaleNodeHandler.java:onMessage(58)) - Datanode deb62537-6eb8-4564-9b10-f1b0b3344442{ip: 192.168.5.181, host: trunk-nightly-q2gwj-1111726333, networkLocation: /default-rack, certSerialId: null} moved to stale state. Finalizing its pipelines [PipelineID=4daf2e64-31b0-48ec-9378-788116f5bfd2, PipelineID=cbc4c247-193b-4553-92b0-d02d32845228]
2019-07-13 12:38:53,157 INFO  pipeline.SCMPipelineManager (SCMPipelineManager.java:finalizeAndDestroyPipeline(309)) - destroying pipeline:Pipeline[ Id: 4daf2e64-31b0-48ec-9378-788116f5bfd2, Nodes: deb62537-6eb8-4564-9b10-f1b0b3344442{ip: 192.168.5.181, host: trunk-nightly-q2gwj-1111726333, networkLocation: /default-rack, certSerialId: null}, Type:RATIS, Factor:ONE, State:OPEN]
2019-07-13 12:38:53,157 INFO  pipeline.PipelineStateManager (PipelineStateManager.java:finalizePipeline(123)) - Pipeline Pipeline[ Id: 4daf2e64-31b0-48ec-9378-788116f5bfd2, Nodes: deb62537-6eb8-4564-9b10-f1b0b3344442{ip: 192.168.5.181, host: trunk-nightly-q2gwj-1111726333, networkLocation: /default-rack, certSerialId: null}, Type:RATIS, Factor:ONE, State:CLOSED] moved to CLOSED state
2019-07-13 12:38:53,157 INFO  pipeline.SCMPipelineManager (SCMPipelineManager.java:finalizeAndDestroyPipeline(309)) - destroying pipeline:Pipeline[ Id: cbc4c247-193b-4553-92b0-d02d32845228, Nodes: 09a1fb29-1832-4d2a-b79c-4db4231ad6a4{ip: 192.168.5.181, host: trunk-nightly-q2gwj-1111726333, networkLocation: /default-rack, certSerialId: null}deb62537-6eb8-4564-9b10-f1b0b3344442{ip: 192.168.5.181, host: trunk-nightly-q2gwj-1111726333, networkLocation: /default-rack, certSerialId: null}326ee94b-e5a9-471b-85f6-2a1b7e5d49ea{ip: 192.168.5.181, host: trunk-nightly-q2gwj-1111726333, networkLocation: /default-rack, certSerialId: null}, Type:RATIS, Factor:THREE, State:CLOSED]
2019-07-13 12:38:53,163 WARN  server.GrpcLogAppender (LogUtils.java:warn(134)) - f977b8ff-d01f-4acd-98a8-c6ecbc23fea0->8a9999cf-3719-4cd8-bc6e-d9c7a20464e5: Failed appendEntries: org.apache.ratis.thirdparty.io.grpc.StatusRuntimeException: UNAVAILABLE: io exception
2019-07-13 12:38:53,163 INFO  impl.FollowerInfo (FollowerInfo.java:lambda$new$0(50)) - f977b8ff-d01f-4acd-98a8-c6ecbc23fea0->8a9999cf-3719-4cd8-bc6e-d9c7a20464e5: nextIndex: updateUnconditionally 0 -> 0
2019-07-13 12:38:53,365 INFO  ozoneimpl.OzoneContainer (OzoneContainer.java:stop(199)) - Attempting to stop container services.
2019-07-13 12:38:53,365 INFO  ozoneimpl.OzoneContainer (OzoneContainer.java:stop(199)) - Attempting to stop container services.
2019-07-13 12:38:53,366 INFO  impl.RaftServerProxy (RaftServerProxy.java:lambda$close$4(314)) - deb62537-6eb8-4564-9b10-f1b0b3344442: close
2019-07-13 12:38:53,366 INFO  impl.RaftServerProxy (RaftServerProxy.java:lambda$close$4(314)) - f977b8ff-d01f-4acd-98a8-c6ecbc23fea0: close
2019-07-13 12:38:53,366 INFO  impl.RaftServerImpl (RaftServerImpl.java:lambda$shutdown$3(245)) - deb62537-6eb8-4564-9b10-f1b0b3344442: shutdown group-788116F5BFD2
2019-07-13 12:38:53,366 INFO  impl.RaftServerImpl (RaftServerImpl.java:lambda$shutdown$3(245)) - f977b8ff-d01f-4acd-98a8-c6ecbc23fea0: shutdown group-11A1747936E2
2019-07-13 12:38:53,367 INFO  util.JmxRegister (JmxRegister.java:unregister(73)) - Successfully un-registered JMX Bean with object name Ratis:service=RaftServer,group=group-788116F5BFD2,id=deb62537-6eb8-4564-9b10-f1b0b3344442
2019-07-13 12:38:53,367 INFO  impl.RoleInfo (RoleInfo.java:shutdownLeaderState(104)) - deb62537-6eb8-4564-9b10-f1b0b3344442: shutdown LeaderState
2019-07-13 12:38:53,367 INFO  util.JmxRegister (JmxRegister.java:unregister(73)) - Successfully un-registered JMX Bean with object name Ratis:service=RaftServer,group=group-11A1747936E2,id=f977b8ff-d01f-4acd-98a8-c6ecbc23fea0
2019-07-13 12:38:53,368 INFO  impl.PendingRequests (PendingRequests.java:sendNotLeaderResponses(202)) - deb62537-6eb8-4564-9b10-f1b0b3344442-PendingRequests: sendNotLeaderResponses
2019-07-13 12:38:53,368 INFO  impl.RoleInfo (RoleInfo.java:shutdownLeaderState(104)) - f977b8ff-d01f-4acd-98a8-c6ecbc23fea0: shutdown LeaderState
2019-07-13 12:38:53,369 INFO  ratis.ContainerStateMachine (ContainerStateMachine.java:takeSnapshot(246)) - Taking snapshot at termIndex:(t:0, i:~)
2019-07-13 12:38:53,375 WARN  server.GrpcLogAppender (GrpcLogAppender.java:mayWait(143)) - GrpcLogAppender(f977b8ff-d01f-4acd-98a8-c6ecbc23fea0->8a9999cf-3719-4cd8-bc6e-d9c7a20464e5): Wait interrupted by java.lang.InterruptedException
2019-07-13 12:38:53,369 INFO  impl.StateMachineUpdater (StateMachineUpdater.java:stopAndJoin(115)) - StateMachineUpdater:deb62537-6eb8-4564-9b10-f1b0b3344442:group-788116F5BFD2: set stopIndex = 0
2019-07-13 12:38:53,375 INFO  impl.RaftServerImpl (ServerState.java:close(394)) - deb62537-6eb8-4564-9b10-f1b0b3344442:group-788116F5BFD2 closes. The last applied log index is 0
2019-07-13 12:38:53,375 WARN  server.GrpcLogAppender (GrpcLogAppender.java:mayWait(143)) - GrpcLogAppender(f977b8ff-d01f-4acd-98a8-c6ecbc23fea0->eb40b4b4-a33d-4c1f-ac18-dfc1db024a77): Wait interrupted by java.lang.InterruptedException
2019-07-13 12:38:53,376 INFO  segmented.SegmentedRaftLogWorker (SegmentedRaftLogWorker.java:run(313)) - deb62537-6eb8-4564-9b10-f1b0b3344442-SegmentedRaftLogWorker:Storage Directory /tmp/workdir/hadoop-ozone/integration-test/target/test-dir/MiniOzoneClusterImpl-743a5529-b6df-4ed5-9bcc-240d76060713/datanode-3/data/ratis/4daf2e64-31b0-48ec-9378-788116f5bfd2 was interrupted, exiting. There are 0 tasks remaining in the queue.
2019-07-13 12:38:53,375 INFO  impl.PendingRequests (PendingRequests.java:sendNotLeaderResponses(202)) - f977b8ff-d01f-4acd-98a8-c6ecbc23fea0-PendingRequests: sendNotLeaderResponses
2019-07-13 12:38:53,379 INFO  segmented.SegmentedRaftLogWorker (SegmentedRaftLogWorker.java:close(228)) - deb62537-6eb8-4564-9b10-f1b0b3344442-SegmentedRaftLogWorker:Storage Directory /tmp/workdir/hadoop-ozone/integration-test/target/test-dir/MiniOzoneClusterImpl-743a5529-b6df-4ed5-9bcc-240d76060713/datanode-3/data/ratis/4daf2e64-31b0-48ec-9378-788116f5bfd2 close()
2019-07-13 12:38:53,379 INFO  server.GrpcServerProtocolService (GrpcServerProtocolService.java:onCompleted(104)) - eb40b4b4-a33d-4c1f-ac18-dfc1db024a77: appendEntries completed
2019-07-13 12:38:53,379 INFO  ratis.ContainerStateMachine (ContainerStateMachine.java:takeSnapshot(246)) - Taking snapshot at termIndex:(t:0, i:~)
2019-07-13 12:38:53,379 INFO  impl.StateMachineUpdater (StateMachineUpdater.java:stopAndJoin(115)) - StateMachineUpdater:f977b8ff-d01f-4acd-98a8-c6ecbc23fea0:group-11A1747936E2: set stopIndex = 0
2019-07-13 12:38:53,384 INFO  server.GrpcLogAppender (GrpcLogAppender.java:onCompleted(292)) - f977b8ff-d01f-4acd-98a8-c6ecbc23fea0->eb40b4b4-a33d-4c1f-ac18-dfc1db024a77: follower responses appendEntries COMPLETED
2019-07-13 12:38:53,384 INFO  impl.RaftServerImpl (RaftServerImpl.java:lambda$shutdown$3(245)) - deb62537-6eb8-4564-9b10-f1b0b3344442: shutdown group-D02D32845228
2019-07-13 12:38:53,385 INFO  util.JmxRegister (JmxRegister.java:unregister(73)) - Successfully un-registered JMX Bean with object name Ratis:service=RaftServer,group=group-D02D32845228,id=deb62537-6eb8-4564-9b10-f1b0b3344442
2019-07-13 12:38:53,385 INFO  impl.RoleInfo (RoleInfo.java:shutdownFollowerState(121)) - deb62537-6eb8-4564-9b10-f1b0b3344442: shutdown FollowerState
2019-07-13 12:38:53,386 INFO  impl.StateMachineUpdater (StateMachineUpdater.java:stopAndJoin(115)) - StateMachineUpdater:deb62537-6eb8-4564-9b10-f1b0b3344442:group-D02D32845228: set stopIndex = 12
2019-07-13 12:38:53,385 INFO  impl.FollowerInfo (FollowerInfo.java:lambda$new$0(50)) - f977b8ff-d01f-4acd-98a8-c6ecbc23fea0->eb40b4b4-a33d-4c1f-ac18-dfc1db024a77: nextIndex: updateUnconditionally 1 -> 0
2019-07-13 12:38:53,384 INFO  impl.RaftServerImpl (ServerState.java:close(394)) - f977b8ff-d01f-4acd-98a8-c6ecbc23fea0:group-11A1747936E2 closes. The last applied log index is 0
2019-07-13 12:38:53,386 INFO  impl.FollowerState (FollowerState.java:run(114)) - deb62537-6eb8-4564-9b10-f1b0b3344442: FollowerState was interrupted: java.lang.InterruptedException: sleep interrupted
2019-07-13 12:38:53,386 INFO  ratis.ContainerStateMachine (ContainerStateMachine.java:takeSnapshot(246)) - Taking snapshot at termIndex:(t:1, i:11)
2019-07-13 12:38:53,389 INFO  ratis.ContainerStateMachine (ContainerStateMachine.java:takeSnapshot(250)) - Taking a snapshot to file /tmp/workdir/hadoop-ozone/integration-test/target/test-dir/MiniOzoneClusterImpl-743a5529-b6df-4ed5-9bcc-240d76060713/datanode-3/data/ratis/cbc4c247-193b-4553-92b0-d02d32845228/sm/snapshot.1_11
2019-07-13 12:38:53,387 INFO  segmented.SegmentedRaftLogWorker (SegmentedRaftLogWorker.java:run(313)) - f977b8ff-d01f-4acd-98a8-c6ecbc23fea0-SegmentedRaftLogWorker:Storage Directory /tmp/workdir/hadoop-ozone/integration-test/target/test-dir/MiniOzoneClusterImpl-743a5529-b6df-4ed5-9bcc-240d76060713/datanode-2/data/ratis/8732e9cd-dea3-4ac2-9941-11a1747936e2 was interrupted, exiting. There are 0 tasks remaining in the queue.
2019-07-13 12:38:53,392 INFO  segmented.SegmentedRaftLogWorker (SegmentedRaftLogWorker.java:close(228)) - f977b8ff-d01f-4acd-98a8-c6ecbc23fea0-SegmentedRaftLogWorker:Storage Directory /tmp/workdir/hadoop-ozone/integration-test/target/test-dir/MiniOzoneClusterImpl-743a5529-b6df-4ed5-9bcc-240d76060713/datanode-2/data/ratis/8732e9cd-dea3-4ac2-9941-11a1747936e2 close()
2019-07-13 12:38:53,392 INFO  impl.StateMachineUpdater (StateMachineUpdater.java:takeSnapshot(242)) - StateMachineUpdater:deb62537-6eb8-4564-9b10-f1b0b3344442:group-D02D32845228: Took a snapshot at index 11
2019-07-13 12:38:53,397 INFO  impl.StateMachineUpdater (StateMachineUpdater.java:lambda$new$0(80)) - StateMachineUpdater:deb62537-6eb8-4564-9b10-f1b0b3344442:group-D02D32845228: snapshotIndex: updateIncreasingly -1 -> 11
2019-07-13 12:38:53,397 INFO  impl.RaftServerImpl (RaftServerImpl.java:lambda$shutdown$3(245)) - f977b8ff-d01f-4acd-98a8-c6ecbc23fea0: shutdown group-B1556201DB35
2019-07-13 12:38:53,397 INFO  impl.RaftServerImpl (ServerState.java:close(394)) - deb62537-6eb8-4564-9b10-f1b0b3344442:group-D02D32845228 closes. The last applied log index is 12
2019-07-13 12:38:53,397 INFO  util.JmxRegister (JmxRegister.java:unregister(73)) - Successfully un-registered JMX Bean with object name Ratis:service=RaftServer,group=group-B1556201DB35,id=f977b8ff-d01f-4acd-98a8-c6ecbc23fea0
2019-07-13 12:38:53,398 INFO  impl.RoleInfo (RoleInfo.java:shutdownLeaderState(104)) - f977b8ff-d01f-4acd-98a8-c6ecbc23fea0: shutdown LeaderState
2019-07-13 12:38:53,398 INFO  segmented.SegmentedRaftLogWorker (SegmentedRaftLogWorker.java:run(313)) - deb62537-6eb8-4564-9b10-f1b0b3344442-SegmentedRaftLogWorker:Storage Directory /tmp/workdir/hadoop-ozone/integration-test/target/test-dir/MiniOzoneClusterImpl-743a5529-b6df-4ed5-9bcc-240d76060713/datanode-3/data/ratis/cbc4c247-193b-4553-92b0-d02d32845228 was interrupted, exiting. There are 0 tasks remaining in the queue.
2019-07-13 12:38:53,398 INFO  impl.PendingRequests (PendingRequests.java:sendNotLeaderResponses(202)) - f977b8ff-d01f-4acd-98a8-c6ecbc23fea0-PendingRequests: sendNotLeaderResponses
2019-07-13 12:38:53,401 INFO  segmented.SegmentedRaftLogWorker (SegmentedRaftLogWorker.java:close(228)) - deb62537-6eb8-4564-9b10-f1b0b3344442-SegmentedRaftLogWorker:Storage Directory /tmp/workdir/hadoop-ozone/integration-test/target/test-dir/MiniOzoneClusterImpl-743a5529-b6df-4ed5-9bcc-240d76060713/datanode-3/data/ratis/cbc4c247-193b-4553-92b0-d02d32845228 close()
2019-07-13 12:38:53,401 INFO  ratis.ContainerStateMachine (ContainerStateMachine.java:takeSnapshot(246)) - Taking snapshot at termIndex:(t:0, i:~)
2019-07-13 12:38:53,415 INFO  server.GrpcService (GrpcService.java:closeImpl(155)) - deb62537-6eb8-4564-9b10-f1b0b3344442: shutdown server with port 40187 now
2019-07-13 12:38:53,401 INFO  impl.StateMachineUpdater (StateMachineUpdater.java:stopAndJoin(115)) - StateMachineUpdater:f977b8ff-d01f-4acd-98a8-c6ecbc23fea0:group-B1556201DB35: set stopIndex = 0
2019-07-13 12:38:53,416 INFO  impl.RaftServerImpl (ServerState.java:close(394)) - f977b8ff-d01f-4acd-98a8-c6ecbc23fea0:group-B1556201DB35 closes. The last applied log index is 0
2019-07-13 12:38:53,416 INFO  server.GrpcService (GrpcService.java:closeImpl(163)) - deb62537-6eb8-4564-9b10-f1b0b3344442: shutdown server with port 40187 successfully
2019-07-13 12:38:53,417 INFO  segmented.SegmentedRaftLogWorker (SegmentedRaftLogWorker.java:run(313)) - f977b8ff-d01f-4acd-98a8-c6ecbc23fea0-SegmentedRaftLogWorker:Storage Directory /tmp/workdir/hadoop-ozone/integration-test/target/test-dir/MiniOzoneClusterImpl-743a5529-b6df-4ed5-9bcc-240d76060713/datanode-2/data/ratis/b3814c1e-c1a0-4400-a237-b1556201db35 was interrupted, exiting. There are 0 tasks remaining in the queue.
2019-07-13 12:38:53,420 INFO  segmented.SegmentedRaftLogWorker (SegmentedRaftLogWorker.java:close(228)) - f977b8ff-d01f-4acd-98a8-c6ecbc23fea0-SegmentedRaftLogWorker:Storage Directory /tmp/workdir/hadoop-ozone/integration-test/target/test-dir/MiniOzoneClusterImpl-743a5529-b6df-4ed5-9bcc-240d76060713/datanode-2/data/ratis/b3814c1e-c1a0-4400-a237-b1556201db35 close()
2019-07-13 12:38:53,422 INFO  server.GrpcService (GrpcService.java:closeImpl(155)) - f977b8ff-d01f-4acd-98a8-c6ecbc23fea0: shutdown server with port 46159 now
2019-07-13 12:38:53,423 INFO  utils.BackgroundService (BackgroundService.java:shutdown(148)) - Shutting down service BlockDeletingService
2019-07-13 12:38:53,423 INFO  server.GrpcService (GrpcService.java:closeImpl(163)) - f977b8ff-d01f-4acd-98a8-c6ecbc23fea0: shutdown server with port 46159 successfully
2019-07-13 12:38:53,424 WARN  fs.CachingGetSpaceUsed (CachingGetSpaceUsed.java:run(183)) - Thread Interrupted waiting to refresh disk information: sleep interrupted
2019-07-13 12:38:53,425 INFO  utils.BackgroundService (BackgroundService.java:shutdown(148)) - Shutting down service BlockDeletingService
2019-07-13 12:38:53,431 WARN  fs.CachingGetSpaceUsed (CachingGetSpaceUsed.java:run(183)) - Thread Interrupted waiting to refresh disk information: sleep interrupted
2019-07-13 12:38:53,445 INFO  statemachine.DatanodeStateMachine (DatanodeStateMachine.java:stopDaemon(395)) - Ozone container server stopped.
2019-07-13 12:38:53,449 INFO  handler.ContextHandler (ContextHandler.java:doStop(910)) - Stopped o.e.j.w.WebAppContext@1d7201cb{/,null,UNAVAILABLE}{/hddsDatanode}
2019-07-13 12:38:53,455 INFO  statemachine.DatanodeStateMachine (DatanodeStateMachine.java:stopDaemon(395)) - Ozone container server stopped.
2019-07-13 12:38:53,459 INFO  server.AbstractConnector (AbstractConnector.java:doStop(318)) - Stopped ServerConnector@1bb3d045{HTTP/1.1,[http/1.1]}{0.0.0.0:0}
2019-07-13 12:38:53,461 INFO  handler.ContextHandler (ContextHandler.java:doStop(910)) - Stopped o.e.j.w.WebAppContext@12cb9eda{/,null,UNAVAILABLE}{/hddsDatanode}
2019-07-13 12:38:53,461 INFO  handler.ContextHandler (ContextHandler.java:doStop(910)) - Stopped o.e.j.s.ServletContextHandler@486e3116{/static,jar:file:/home/user/.m2/repository/org/apache/hadoop/hadoop-hdds-container-service/0.5.0-SNAPSHOT/hadoop-hdds-container-service-0.5.0-SNAPSHOT.jar!/webapps/static,UNAVAILABLE}
2019-07-13 12:38:53,461 INFO  server.AbstractConnector (AbstractConnector.java:doStop(318)) - Stopped ServerConnector@70b38e0{HTTP/1.1,[http/1.1]}{0.0.0.0:0}
2019-07-13 12:38:53,461 INFO  handler.ContextHandler (ContextHandler.java:doStop(910)) - Stopped o.e.j.s.ServletContextHandler@554b571b{/logs,file:///tmp/workdir/hadoop-ozone/integration-test/target/log,UNAVAILABLE}
2019-07-13 12:38:53,463 INFO  handler.ContextHandler (ContextHandler.java:doStop(910)) - Stopped o.e.j.s.ServletContextHandler@258227dd{/static,jar:file:/home/user/.m2/repository/org/apache/hadoop/hadoop-hdds-container-service/0.5.0-SNAPSHOT/hadoop-hdds-container-service-0.5.0-SNAPSHOT.jar!/webapps/static,UNAVAILABLE}
2019-07-13 12:38:53,466 INFO  handler.ContextHandler (ContextHandler.java:doStop(910)) - Stopped o.e.j.s.ServletContextHandler@56912047{/logs,file:///tmp/workdir/hadoop-ozone/integration-test/target/log,UNAVAILABLE}
2019-07-13 12:38:53,466 INFO  datanode.ObjectStoreHandler (ObjectStoreHandler.java:close(155)) - Closing ObjectStoreHandler.
2019-07-13 12:38:53,467 INFO  ozone.HddsDatanodeService (HddsDatanodeService.java:stop(452)) - Stopped plug-in org.apache.hadoop.ozone.web.OzoneHddsDatanodeService@2a8ff32
2019-07-13 12:38:53,467 INFO  datanode.ObjectStoreHandler (ObjectStoreHandler.java:close(155)) - Closing ObjectStoreHandler.
2019-07-13 12:38:53,467 INFO  ozone.HddsDatanodeService (HddsDatanodeService.java:stop(452)) - Stopped plug-in org.apache.hadoop.ozone.web.OzoneHddsDatanodeService@30a1e459
2019-07-13 12:38:54,141 INFO  statemachine.DatanodeStateMachine (DatanodeStateMachine.java:lambda$startDaemon$0(350)) - Ozone container server started.
2019-07-13 12:38:54,142 INFO  statemachine.DatanodeStateMachine (DatanodeStateMachine.java:lambda$startDaemon$0(350)) - Ozone container server started.
2019-07-13 12:38:56,472 INFO  impl.FollowerState (FollowerState.java:run(106)) - 326ee94b-e5a9-471b-85f6-2a1b7e5d49ea:group-D02D32845228 changes to CANDIDATE, lastRpcTime:8334, electionTimeout:5176ms
2019-07-13 12:38:56,472 INFO  impl.RoleInfo (RoleInfo.java:shutdownFollowerState(121)) - 326ee94b-e5a9-471b-85f6-2a1b7e5d49ea: shutdown FollowerState
2019-07-13 12:38:56,472 INFO  impl.RaftServerImpl (RaftServerImpl.java:setRole(171)) - 326ee94b-e5a9-471b-85f6-2a1b7e5d49ea:group-D02D32845228 changes role from FOLLOWER to CANDIDATE at term 1 for changeToCandidate
2019-07-13 12:38:56,472 INFO  impl.RoleInfo (RoleInfo.java:updateAndGet(143)) - 326ee94b-e5a9-471b-85f6-2a1b7e5d49ea: start LeaderElection
2019-07-13 12:38:56,476 INFO  impl.RaftServerImpl (ServerState.java:setLeader(263)) - 326ee94b-e5a9-471b-85f6-2a1b7e5d49ea:group-D02D32845228 change Leader from 09a1fb29-1832-4d2a-b79c-4db4231ad6a4 to null at term 1 for initElection
2019-07-13 12:38:56,503 INFO  impl.LeaderElection (LeaderElection.java:askForVotes(181)) - 326ee94b-e5a9-471b-85f6-2a1b7e5d49ea:group-D02D32845228:LeaderElection116: begin an election at term 2 for 0: [326ee94b-e5a9-471b-85f6-2a1b7e5d49ea:192.168.5.181:34068, 09a1fb29-1832-4d2a-b79c-4db4231ad6a4:192.168.5.181:43327, deb62537-6eb8-4564-9b10-f1b0b3344442:192.168.5.181:40187], old=null
2019-07-13 12:38:56,505 INFO  impl.LeaderElection (LogUtils.java:infoOrTrace(149)) - 326ee94b-e5a9-471b-85f6-2a1b7e5d49ea:group-D02D32845228:LeaderElection116 got exception when requesting votes: {}
java.util.concurrent.ExecutionException: org.apache.ratis.thirdparty.io.grpc.StatusRuntimeException: UNAVAILABLE: io exception
	at java.util.concurrent.FutureTask.report(FutureTask.java:122)
	at java.util.concurrent.FutureTask.get(FutureTask.java:192)
	at org.apache.ratis.server.impl.LeaderElection.waitForResults(LeaderElection.java:262)
	at org.apache.ratis.server.impl.LeaderElection.askForVotes(LeaderElection.java:200)
	at org.apache.ratis.server.impl.LeaderElection.run(LeaderElection.java:130)
	at java.lang.Thread.run(Thread.java:748)
Caused by: org.apache.ratis.thirdparty.io.grpc.StatusRuntimeException: UNAVAILABLE: io exception
	at org.apache.ratis.thirdparty.io.grpc.stub.ClientCalls.toStatusRuntimeException(ClientCalls.java:233)
	at org.apache.ratis.thirdparty.io.grpc.stub.ClientCalls.getUnchecked(ClientCalls.java:214)
	at org.apache.ratis.thirdparty.io.grpc.stub.ClientCalls.blockingUnaryCall(ClientCalls.java:139)
	at org.apache.ratis.proto.grpc.RaftServerProtocolServiceGrpc$RaftServerProtocolServiceBlockingStub.requestVote(RaftServerProtocolServiceGrpc.java:265)
	at org.apache.ratis.grpc.server.GrpcServerProtocolClient.requestVote(GrpcServerProtocolClient.java:83)
	at org.apache.ratis.grpc.server.GrpcService.requestVote(GrpcService.java:195)
	at org.apache.ratis.server.impl.LeaderElection.lambda$submitRequests$1(LeaderElection.java:237)
	at java.util.concurrent.FutureTask.run(FutureTask.java:266)
	at java.util.concurrent.Executors$RunnableAdapter.call(Executors.java:511)
	at java.util.concurrent.FutureTask.run(FutureTask.java:266)
	at java.util.concurrent.ThreadPoolExecutor.runWorker(ThreadPoolExecutor.java:1149)
	at java.util.concurrent.ThreadPoolExecutor$Worker.run(ThreadPoolExecutor.java:624)
	... 1 more
Caused by: org.apache.ratis.thirdparty.io.netty.channel.AbstractChannel$AnnotatedConnectException: Connection refused: /192.168.5.181:43327
	at sun.nio.ch.SocketChannelImpl.checkConnect(Native Method)
	at sun.nio.ch.SocketChannelImpl.finishConnect(SocketChannelImpl.java:717)
	at org.apache.ratis.thirdparty.io.netty.channel.socket.nio.NioSocketChannel.doFinishConnect(NioSocketChannel.java:327)
	at org.apache.ratis.thirdparty.io.netty.channel.nio.AbstractNioChannel$AbstractNioUnsafe.finishConnect(AbstractNioChannel.java:340)
	at org.apache.ratis.thirdparty.io.netty.channel.nio.NioEventLoop.processSelectedKey(NioEventLoop.java:632)
	at org.apache.ratis.thirdparty.io.netty.channel.nio.NioEventLoop.processSelectedKeysOptimized(NioEventLoop.java:579)
	at org.apache.ratis.thirdparty.io.netty.channel.nio.NioEventLoop.processSelectedKeys(NioEventLoop.java:496)
	at org.apache.ratis.thirdparty.io.netty.channel.nio.NioEventLoop.run(NioEventLoop.java:458)
	at org.apache.ratis.thirdparty.io.netty.util.concurrent.SingleThreadEventExecutor$5.run(SingleThreadEventExecutor.java:897)
	at org.apache.ratis.thirdparty.io.netty.util.concurrent.FastThreadLocalRunnable.run(FastThreadLocalRunnable.java:30)
	... 1 more
Caused by: java.net.ConnectException: Connection refused
	... 11 more
2019-07-13 12:38:56,508 INFO  impl.LeaderElection (LogUtils.java:infoOrTrace(149)) - 326ee94b-e5a9-471b-85f6-2a1b7e5d49ea:group-D02D32845228:LeaderElection116 got exception when requesting votes: {}
java.util.concurrent.ExecutionException: org.apache.ratis.thirdparty.io.grpc.StatusRuntimeException: UNAVAILABLE: io exception
	at java.util.concurrent.FutureTask.report(FutureTask.java:122)
	at java.util.concurrent.FutureTask.get(FutureTask.java:192)
	at org.apache.ratis.server.impl.LeaderElection.waitForResults(LeaderElection.java:262)
	at org.apache.ratis.server.impl.LeaderElection.askForVotes(LeaderElection.java:200)
	at org.apache.ratis.server.impl.LeaderElection.run(LeaderElection.java:130)
	at java.lang.Thread.run(Thread.java:748)
Caused by: org.apache.ratis.thirdparty.io.grpc.StatusRuntimeException: UNAVAILABLE: io exception
	at org.apache.ratis.thirdparty.io.grpc.stub.ClientCalls.toStatusRuntimeException(ClientCalls.java:233)
	at org.apache.ratis.thirdparty.io.grpc.stub.ClientCalls.getUnchecked(ClientCalls.java:214)
	at org.apache.ratis.thirdparty.io.grpc.stub.ClientCalls.blockingUnaryCall(ClientCalls.java:139)
	at org.apache.ratis.proto.grpc.RaftServerProtocolServiceGrpc$RaftServerProtocolServiceBlockingStub.requestVote(RaftServerProtocolServiceGrpc.java:265)
	at org.apache.ratis.grpc.server.GrpcServerProtocolClient.requestVote(GrpcServerProtocolClient.java:83)
	at org.apache.ratis.grpc.server.GrpcService.requestVote(GrpcService.java:195)
	at org.apache.ratis.server.impl.LeaderElection.lambda$submitRequests$1(LeaderElection.java:237)
	at java.util.concurrent.FutureTask.run(FutureTask.java:266)
	at java.util.concurrent.Executors$RunnableAdapter.call(Executors.java:511)
	at java.util.concurrent.FutureTask.run(FutureTask.java:266)
	at java.util.concurrent.ThreadPoolExecutor.runWorker(ThreadPoolExecutor.java:1149)
	at java.util.concurrent.ThreadPoolExecutor$Worker.run(ThreadPoolExecutor.java:624)
	... 1 more
Caused by: org.apache.ratis.thirdparty.io.netty.channel.AbstractChannel$AnnotatedConnectException: Connection refused: /192.168.5.181:40187
	at sun.nio.ch.SocketChannelImpl.checkConnect(Native Method)
	at sun.nio.ch.SocketChannelImpl.finishConnect(SocketChannelImpl.java:717)
	at org.apache.ratis.thirdparty.io.netty.channel.socket.nio.NioSocketChannel.doFinishConnect(NioSocketChannel.java:327)
	at org.apache.ratis.thirdparty.io.netty.channel.nio.AbstractNioChannel$AbstractNioUnsafe.finishConnect(AbstractNioChannel.java:340)
	at org.apache.ratis.thirdparty.io.netty.channel.nio.NioEventLoop.processSelectedKey(NioEventLoop.java:632)
	at org.apache.ratis.thirdparty.io.netty.channel.nio.NioEventLoop.processSelectedKeysOptimized(NioEventLoop.java:579)
	at org.apache.ratis.thirdparty.io.netty.channel.nio.NioEventLoop.processSelectedKeys(NioEventLoop.java:496)
	at org.apache.ratis.thirdparty.io.netty.channel.nio.NioEventLoop.run(NioEventLoop.java:458)
	at org.apache.ratis.thirdparty.io.netty.util.concurrent.SingleThreadEventExecutor$5.run(SingleThreadEventExecutor.java:897)
	at org.apache.ratis.thirdparty.io.netty.util.concurrent.FastThreadLocalRunnable.run(FastThreadLocalRunnable.java:30)
	... 1 more
Caused by: java.net.ConnectException: Connection refused
	... 11 more
2019-07-13 12:38:56,523 INFO  impl.LeaderElection (LeaderElection.java:logAndReturn(56)) - 326ee94b-e5a9-471b-85f6-2a1b7e5d49ea:group-D02D32845228:LeaderElection116: Election REJECTED; received 0 response(s) [] and 2 exception(s); 326ee94b-e5a9-471b-85f6-2a1b7e5d49ea:t2, leader=null, voted=326ee94b-e5a9-471b-85f6-2a1b7e5d49ea, raftlog=326ee94b-e5a9-471b-85f6-2a1b7e5d49ea-SegmentedRaftLog:OPENED:c12,f12,i12, conf=0: [326ee94b-e5a9-471b-85f6-2a1b7e5d49ea:192.168.5.181:34068, 09a1fb29-1832-4d2a-b79c-4db4231ad6a4:192.168.5.181:43327, deb62537-6eb8-4564-9b10-f1b0b3344442:192.168.5.181:40187], old=null
2019-07-13 12:38:56,523 INFO  impl.LeaderElection (LogUtils.java:infoOrTrace(149)) -   Exception 0: {}
java.util.concurrent.ExecutionException: org.apache.ratis.thirdparty.io.grpc.StatusRuntimeException: UNAVAILABLE: io exception
	at java.util.concurrent.FutureTask.report(FutureTask.java:122)
	at java.util.concurrent.FutureTask.get(FutureTask.java:192)
	at org.apache.ratis.server.impl.LeaderElection.waitForResults(LeaderElection.java:262)
	at org.apache.ratis.server.impl.LeaderElection.askForVotes(LeaderElection.java:200)
	at org.apache.ratis.server.impl.LeaderElection.run(LeaderElection.java:130)
	at java.lang.Thread.run(Thread.java:748)
Caused by: org.apache.ratis.thirdparty.io.grpc.StatusRuntimeException: UNAVAILABLE: io exception
	at org.apache.ratis.thirdparty.io.grpc.stub.ClientCalls.toStatusRuntimeException(ClientCalls.java:233)
	at org.apache.ratis.thirdparty.io.grpc.stub.ClientCalls.getUnchecked(ClientCalls.java:214)
	at org.apache.ratis.thirdparty.io.grpc.stub.ClientCalls.blockingUnaryCall(ClientCalls.java:139)
	at org.apache.ratis.proto.grpc.RaftServerProtocolServiceGrpc$RaftServerProtocolServiceBlockingStub.requestVote(RaftServerProtocolServiceGrpc.java:265)
	at org.apache.ratis.grpc.server.GrpcServerProtocolClient.requestVote(GrpcServerProtocolClient.java:83)
	at org.apache.ratis.grpc.server.GrpcService.requestVote(GrpcService.java:195)
	at org.apache.ratis.server.impl.LeaderElection.lambda$submitRequests$1(LeaderElection.java:237)
	at java.util.concurrent.FutureTask.run(FutureTask.java:266)
	at java.util.concurrent.Executors$RunnableAdapter.call(Executors.java:511)
	at java.util.concurrent.FutureTask.run(FutureTask.java:266)
	at java.util.concurrent.ThreadPoolExecutor.runWorker(ThreadPoolExecutor.java:1149)
	at java.util.concurrent.ThreadPoolExecutor$Worker.run(ThreadPoolExecutor.java:624)
	... 1 more
Caused by: org.apache.ratis.thirdparty.io.netty.channel.AbstractChannel$AnnotatedConnectException: Connection refused: /192.168.5.181:43327
	at sun.nio.ch.SocketChannelImpl.checkConnect(Native Method)
	at sun.nio.ch.SocketChannelImpl.finishConnect(SocketChannelImpl.java:717)
	at org.apache.ratis.thirdparty.io.netty.channel.socket.nio.NioSocketChannel.doFinishConnect(NioSocketChannel.java:327)
	at org.apache.ratis.thirdparty.io.netty.channel.nio.AbstractNioChannel$AbstractNioUnsafe.finishConnect(AbstractNioChannel.java:340)
	at org.apache.ratis.thirdparty.io.netty.channel.nio.NioEventLoop.processSelectedKey(NioEventLoop.java:632)
	at org.apache.ratis.thirdparty.io.netty.channel.nio.NioEventLoop.processSelectedKeysOptimized(NioEventLoop.java:579)
	at org.apache.ratis.thirdparty.io.netty.channel.nio.NioEventLoop.processSelectedKeys(NioEventLoop.java:496)
	at org.apache.ratis.thirdparty.io.netty.channel.nio.NioEventLoop.run(NioEventLoop.java:458)
	at org.apache.ratis.thirdparty.io.netty.util.concurrent.SingleThreadEventExecutor$5.run(SingleThreadEventExecutor.java:897)
	at org.apache.ratis.thirdparty.io.netty.util.concurrent.FastThreadLocalRunnable.run(FastThreadLocalRunnable.java:30)
	... 1 more
Caused by: java.net.ConnectException: Connection refused
	... 11 more
2019-07-13 12:38:56,523 INFO  impl.LeaderElection (LogUtils.java:infoOrTrace(149)) -   Exception 1: {}
java.util.concurrent.ExecutionException: org.apache.ratis.thirdparty.io.grpc.StatusRuntimeException: UNAVAILABLE: io exception
	at java.util.concurrent.FutureTask.report(FutureTask.java:122)
	at java.util.concurrent.FutureTask.get(FutureTask.java:192)
	at org.apache.ratis.server.impl.LeaderElection.waitForResults(LeaderElection.java:262)
	at org.apache.ratis.server.impl.LeaderElection.askForVotes(LeaderElection.java:200)
	at org.apache.ratis.server.impl.LeaderElection.run(LeaderElection.java:130)
	at java.lang.Thread.run(Thread.java:748)
Caused by: org.apache.ratis.thirdparty.io.grpc.StatusRuntimeException: UNAVAILABLE: io exception
	at org.apache.ratis.thirdparty.io.grpc.stub.ClientCalls.toStatusRuntimeException(ClientCalls.java:233)
	at org.apache.ratis.thirdparty.io.grpc.stub.ClientCalls.getUnchecked(ClientCalls.java:214)
	at org.apache.ratis.thirdparty.io.grpc.stub.ClientCalls.blockingUnaryCall(ClientCalls.java:139)
	at org.apache.ratis.proto.grpc.RaftServerProtocolServiceGrpc$RaftServerProtocolServiceBlockingStub.requestVote(RaftServerProtocolServiceGrpc.java:265)
	at org.apache.ratis.grpc.server.GrpcServerProtocolClient.requestVote(GrpcServerProtocolClient.java:83)
	at org.apache.ratis.grpc.server.GrpcService.requestVote(GrpcService.java:195)
	at org.apache.ratis.server.impl.LeaderElection.lambda$submitRequests$1(LeaderElection.java:237)
	at java.util.concurrent.FutureTask.run(FutureTask.java:266)
	at java.util.concurrent.Executors$RunnableAdapter.call(Executors.java:511)
	at java.util.concurrent.FutureTask.run(FutureTask.java:266)
	at java.util.concurrent.ThreadPoolExecutor.runWorker(ThreadPoolExecutor.java:1149)
	at java.util.concurrent.ThreadPoolExecutor$Worker.run(ThreadPoolExecutor.java:624)
	... 1 more
Caused by: org.apache.ratis.thirdparty.io.netty.channel.AbstractChannel$AnnotatedConnectException: Connection refused: /192.168.5.181:40187
	at sun.nio.ch.SocketChannelImpl.checkConnect(Native Method)
	at sun.nio.ch.SocketChannelImpl.finishConnect(SocketChannelImpl.java:717)
	at org.apache.ratis.thirdparty.io.netty.channel.socket.nio.NioSocketChannel.doFinishConnect(NioSocketChannel.java:327)
	at org.apache.ratis.thirdparty.io.netty.channel.nio.AbstractNioChannel$AbstractNioUnsafe.finishConnect(AbstractNioChannel.java:340)
	at org.apache.ratis.thirdparty.io.netty.channel.nio.NioEventLoop.processSelectedKey(NioEventLoop.java:632)
	at org.apache.ratis.thirdparty.io.netty.channel.nio.NioEventLoop.processSelectedKeysOptimized(NioEventLoop.java:579)
	at org.apache.ratis.thirdparty.io.netty.channel.nio.NioEventLoop.processSelectedKeys(NioEventLoop.java:496)
	at org.apache.ratis.thirdparty.io.netty.channel.nio.NioEventLoop.run(NioEventLoop.java:458)
	at org.apache.ratis.thirdparty.io.netty.util.concurrent.SingleThreadEventExecutor$5.run(SingleThreadEventExecutor.java:897)
	at org.apache.ratis.thirdparty.io.netty.util.concurrent.FastThreadLocalRunnable.run(FastThreadLocalRunnable.java:30)
	... 1 more
Caused by: java.net.ConnectException: Connection refused
	... 11 more
2019-07-13 12:38:56,524 INFO  impl.RaftServerImpl (RaftServerImpl.java:setRole(171)) - 326ee94b-e5a9-471b-85f6-2a1b7e5d49ea:group-D02D32845228 changes role from CANDIDATE to FOLLOWER at term 2 for DISCOVERED_A_NEW_TERM
2019-07-13 12:38:56,524 INFO  impl.RoleInfo (RoleInfo.java:shutdownLeaderElection(134)) - 326ee94b-e5a9-471b-85f6-2a1b7e5d49ea: shutdown LeaderElection
2019-07-13 12:38:56,524 INFO  impl.RoleInfo (RoleInfo.java:updateAndGet(143)) - 326ee94b-e5a9-471b-85f6-2a1b7e5d49ea: start FollowerState
2019-07-13 12:38:58,165 INFO  node.StaleNodeHandler (StaleNodeHandler.java:onMessage(58)) - Datanode b97c2ab7-6070-4e00-b613-fe8f83466489{ip: 192.168.5.181, host: trunk-nightly-q2gwj-1111726333, networkLocation: /default-rack, certSerialId: null} moved to stale state. Finalizing its pipelines [PipelineID=2ca0fe1e-734d-4b1b-a96f-15d5b5406cbc]
2019-07-13 12:38:58,165 INFO  pipeline.SCMPipelineManager (SCMPipelineManager.java:finalizeAndDestroyPipeline(309)) - destroying pipeline:Pipeline[ Id: 2ca0fe1e-734d-4b1b-a96f-15d5b5406cbc, Nodes: b97c2ab7-6070-4e00-b613-fe8f83466489{ip: 192.168.5.181, host: trunk-nightly-q2gwj-1111726333, networkLocation: /default-rack, certSerialId: null}, Type:RATIS, Factor:ONE, State:OPEN]
2019-07-13 12:38:58,165 INFO  pipeline.PipelineStateManager (PipelineStateManager.java:finalizePipeline(123)) - Pipeline Pipeline[ Id: 2ca0fe1e-734d-4b1b-a96f-15d5b5406cbc, Nodes: b97c2ab7-6070-4e00-b613-fe8f83466489{ip: 192.168.5.181, host: trunk-nightly-q2gwj-1111726333, networkLocation: /default-rack, certSerialId: null}, Type:RATIS, Factor:ONE, State:CLOSED] moved to CLOSED state
2019-07-13 12:38:58,165 INFO  node.StaleNodeHandler (StaleNodeHandler.java:onMessage(58)) - Datanode eb40b4b4-a33d-4c1f-ac18-dfc1db024a77{ip: 192.168.5.181, host: trunk-nightly-q2gwj-1111726333, networkLocation: /default-rack, certSerialId: null} moved to stale state. Finalizing its pipelines [PipelineID=8732e9cd-dea3-4ac2-9941-11a1747936e2, PipelineID=9fad4628-a0cd-405c-9a00-4f0525c974c2]
2019-07-13 12:38:58,165 INFO  pipeline.SCMPipelineManager (SCMPipelineManager.java:finalizeAndDestroyPipeline(309)) - destroying pipeline:Pipeline[ Id: 8732e9cd-dea3-4ac2-9941-11a1747936e2, Nodes: eb40b4b4-a33d-4c1f-ac18-dfc1db024a77{ip: 192.168.5.181, host: trunk-nightly-q2gwj-1111726333, networkLocation: /default-rack, certSerialId: null}f977b8ff-d01f-4acd-98a8-c6ecbc23fea0{ip: 192.168.5.181, host: trunk-nightly-q2gwj-1111726333, networkLocation: /default-rack, certSerialId: null}8a9999cf-3719-4cd8-bc6e-d9c7a20464e5{ip: 192.168.5.181, host: trunk-nightly-q2gwj-1111726333, networkLocation: /default-rack, certSerialId: null}, Type:RATIS, Factor:THREE, State:CLOSED]
2019-07-13 12:38:58,166 INFO  pipeline.SCMPipelineManager (SCMPipelineManager.java:finalizeAndDestroyPipeline(309)) - destroying pipeline:Pipeline[ Id: 9fad4628-a0cd-405c-9a00-4f0525c974c2, Nodes: eb40b4b4-a33d-4c1f-ac18-dfc1db024a77{ip: 192.168.5.181, host: trunk-nightly-q2gwj-1111726333, networkLocation: /default-rack, certSerialId: null}, Type:RATIS, Factor:ONE, State:OPEN]
2019-07-13 12:38:58,166 INFO  pipeline.PipelineStateManager (PipelineStateManager.java:finalizePipeline(123)) - Pipeline Pipeline[ Id: 9fad4628-a0cd-405c-9a00-4f0525c974c2, Nodes: eb40b4b4-a33d-4c1f-ac18-dfc1db024a77{ip: 192.168.5.181, host: trunk-nightly-q2gwj-1111726333, networkLocation: /default-rack, certSerialId: null}, Type:RATIS, Factor:ONE, State:CLOSED] moved to CLOSED state
2019-07-13 12:38:58,467 INFO  ozoneimpl.OzoneContainer (OzoneContainer.java:stop(199)) - Attempting to stop container services.
2019-07-13 12:38:58,468 INFO  ozoneimpl.OzoneContainer (OzoneContainer.java:stop(199)) - Attempting to stop container services.
2019-07-13 12:38:58,468 INFO  impl.RaftServerProxy (RaftServerProxy.java:lambda$close$4(314)) - b97c2ab7-6070-4e00-b613-fe8f83466489: close
2019-07-13 12:38:58,468 INFO  impl.RaftServerProxy (RaftServerProxy.java:lambda$close$4(314)) - eb40b4b4-a33d-4c1f-ac18-dfc1db024a77: close
2019-07-13 12:38:58,469 INFO  impl.RaftServerImpl (RaftServerImpl.java:lambda$shutdown$3(245)) - b97c2ab7-6070-4e00-b613-fe8f83466489: shutdown group-15D5B5406CBC
2019-07-13 12:38:58,469 INFO  impl.RaftServerImpl (RaftServerImpl.java:lambda$shutdown$3(245)) - eb40b4b4-a33d-4c1f-ac18-dfc1db024a77: shutdown group-11A1747936E2
2019-07-13 12:38:58,469 INFO  util.JmxRegister (JmxRegister.java:unregister(73)) - Successfully un-registered JMX Bean with object name Ratis:service=RaftServer,group=group-15D5B5406CBC,id=b97c2ab7-6070-4e00-b613-fe8f83466489
2019-07-13 12:38:58,470 INFO  util.JmxRegister (JmxRegister.java:unregister(73)) - Successfully un-registered JMX Bean with object name Ratis:service=RaftServer,group=group-11A1747936E2,id=eb40b4b4-a33d-4c1f-ac18-dfc1db024a77
2019-07-13 12:38:58,470 INFO  impl.RoleInfo (RoleInfo.java:shutdownLeaderState(104)) - b97c2ab7-6070-4e00-b613-fe8f83466489: shutdown LeaderState
2019-07-13 12:38:58,471 INFO  impl.RoleInfo (RoleInfo.java:shutdownFollowerState(121)) - eb40b4b4-a33d-4c1f-ac18-dfc1db024a77: shutdown FollowerState
2019-07-13 12:38:58,471 INFO  impl.PendingRequests (PendingRequests.java:sendNotLeaderResponses(202)) - b97c2ab7-6070-4e00-b613-fe8f83466489-PendingRequests: sendNotLeaderResponses
2019-07-13 12:38:58,471 INFO  ratis.ContainerStateMachine (ContainerStateMachine.java:takeSnapshot(246)) - Taking snapshot at termIndex:(t:0, i:~)
2019-07-13 12:38:58,472 INFO  ratis.ContainerStateMachine (ContainerStateMachine.java:takeSnapshot(246)) - Taking snapshot at termIndex:(t:0, i:~)
2019-07-13 12:38:58,471 INFO  impl.FollowerState (FollowerState.java:run(114)) - eb40b4b4-a33d-4c1f-ac18-dfc1db024a77: FollowerState was interrupted: java.lang.InterruptedException: sleep interrupted
2019-07-13 12:38:58,471 INFO  impl.StateMachineUpdater (StateMachineUpdater.java:stopAndJoin(115)) - StateMachineUpdater:eb40b4b4-a33d-4c1f-ac18-dfc1db024a77:group-11A1747936E2: set stopIndex = 0
2019-07-13 12:38:58,472 INFO  impl.StateMachineUpdater (StateMachineUpdater.java:stopAndJoin(115)) - StateMachineUpdater:b97c2ab7-6070-4e00-b613-fe8f83466489:group-15D5B5406CBC: set stopIndex = 0
2019-07-13 12:38:58,476 INFO  impl.RaftServerImpl (ServerState.java:close(394)) - eb40b4b4-a33d-4c1f-ac18-dfc1db024a77:group-11A1747936E2 closes. The last applied log index is 0
2019-07-13 12:38:58,476 INFO  impl.RaftServerImpl (ServerState.java:close(394)) - b97c2ab7-6070-4e00-b613-fe8f83466489:group-15D5B5406CBC closes. The last applied log index is 0
2019-07-13 12:38:58,477 INFO  segmented.SegmentedRaftLogWorker (SegmentedRaftLogWorker.java:run(313)) - eb40b4b4-a33d-4c1f-ac18-dfc1db024a77-SegmentedRaftLogWorker:Storage Directory /tmp/workdir/hadoop-ozone/integration-test/target/test-dir/MiniOzoneClusterImpl-743a5529-b6df-4ed5-9bcc-240d76060713/datanode-0/data/ratis/8732e9cd-dea3-4ac2-9941-11a1747936e2 was interrupted, exiting. There are 0 tasks remaining in the queue.
2019-07-13 12:38:58,477 INFO  segmented.SegmentedRaftLogWorker (SegmentedRaftLogWorker.java:run(313)) - b97c2ab7-6070-4e00-b613-fe8f83466489-SegmentedRaftLogWorker:Storage Directory /tmp/workdir/hadoop-ozone/integration-test/target/test-dir/MiniOzoneClusterImpl-743a5529-b6df-4ed5-9bcc-240d76060713/datanode-6/data/ratis/2ca0fe1e-734d-4b1b-a96f-15d5b5406cbc was interrupted, exiting. There are 0 tasks remaining in the queue.
2019-07-13 12:38:58,481 INFO  segmented.SegmentedRaftLogWorker (SegmentedRaftLogWorker.java:close(228)) - eb40b4b4-a33d-4c1f-ac18-dfc1db024a77-SegmentedRaftLogWorker:Storage Directory /tmp/workdir/hadoop-ozone/integration-test/target/test-dir/MiniOzoneClusterImpl-743a5529-b6df-4ed5-9bcc-240d76060713/datanode-0/data/ratis/8732e9cd-dea3-4ac2-9941-11a1747936e2 close()
2019-07-13 12:38:58,481 INFO  segmented.SegmentedRaftLogWorker (SegmentedRaftLogWorker.java:close(228)) - b97c2ab7-6070-4e00-b613-fe8f83466489-SegmentedRaftLogWorker:Storage Directory /tmp/workdir/hadoop-ozone/integration-test/target/test-dir/MiniOzoneClusterImpl-743a5529-b6df-4ed5-9bcc-240d76060713/datanode-6/data/ratis/2ca0fe1e-734d-4b1b-a96f-15d5b5406cbc close()
2019-07-13 12:38:58,483 INFO  impl.RaftServerImpl (RaftServerImpl.java:lambda$shutdown$3(245)) - eb40b4b4-a33d-4c1f-ac18-dfc1db024a77: shutdown group-4F0525C974C2
2019-07-13 12:38:58,491 INFO  server.GrpcService (GrpcService.java:closeImpl(155)) - b97c2ab7-6070-4e00-b613-fe8f83466489: shutdown server with port 33519 now
2019-07-13 12:38:58,492 INFO  util.JmxRegister (JmxRegister.java:unregister(73)) - Successfully un-registered JMX Bean with object name Ratis:service=RaftServer,group=group-4F0525C974C2,id=eb40b4b4-a33d-4c1f-ac18-dfc1db024a77
2019-07-13 12:38:58,494 INFO  server.GrpcService (GrpcService.java:closeImpl(163)) - b97c2ab7-6070-4e00-b613-fe8f83466489: shutdown server with port 33519 successfully
2019-07-13 12:38:58,494 INFO  impl.RoleInfo (RoleInfo.java:shutdownLeaderState(104)) - eb40b4b4-a33d-4c1f-ac18-dfc1db024a77: shutdown LeaderState
2019-07-13 12:38:58,495 INFO  impl.PendingRequests (PendingRequests.java:sendNotLeaderResponses(202)) - eb40b4b4-a33d-4c1f-ac18-dfc1db024a77-PendingRequests: sendNotLeaderResponses
2019-07-13 12:38:58,495 INFO  impl.StateMachineUpdater (StateMachineUpdater.java:stopAndJoin(115)) - StateMachineUpdater:eb40b4b4-a33d-4c1f-ac18-dfc1db024a77:group-4F0525C974C2: set stopIndex = 0
2019-07-13 12:38:58,495 INFO  utils.BackgroundService (BackgroundService.java:shutdown(148)) - Shutting down service BlockDeletingService
2019-07-13 12:38:58,495 INFO  ratis.ContainerStateMachine (ContainerStateMachine.java:takeSnapshot(246)) - Taking snapshot at termIndex:(t:0, i:~)
2019-07-13 12:38:58,496 INFO  impl.RaftServerImpl (ServerState.java:close(394)) - eb40b4b4-a33d-4c1f-ac18-dfc1db024a77:group-4F0525C974C2 closes. The last applied log index is 0
2019-07-13 12:38:58,497 INFO  segmented.SegmentedRaftLogWorker (SegmentedRaftLogWorker.java:run(313)) - eb40b4b4-a33d-4c1f-ac18-dfc1db024a77-SegmentedRaftLogWorker:Storage Directory /tmp/workdir/hadoop-ozone/integration-test/target/test-dir/MiniOzoneClusterImpl-743a5529-b6df-4ed5-9bcc-240d76060713/datanode-0/data/ratis/9fad4628-a0cd-405c-9a00-4f0525c974c2 was interrupted, exiting. There are 0 tasks remaining in the queue.
2019-07-13 12:38:58,497 INFO  segmented.SegmentedRaftLogWorker (SegmentedRaftLogWorker.java:close(228)) - eb40b4b4-a33d-4c1f-ac18-dfc1db024a77-SegmentedRaftLogWorker:Storage Directory /tmp/workdir/hadoop-ozone/integration-test/target/test-dir/MiniOzoneClusterImpl-743a5529-b6df-4ed5-9bcc-240d76060713/datanode-0/data/ratis/9fad4628-a0cd-405c-9a00-4f0525c974c2 close()
2019-07-13 12:38:58,497 INFO  server.GrpcService (GrpcService.java:closeImpl(155)) - eb40b4b4-a33d-4c1f-ac18-dfc1db024a77: shutdown server with port 34925 now
2019-07-13 12:38:58,498 INFO  server.GrpcService (GrpcService.java:closeImpl(163)) - eb40b4b4-a33d-4c1f-ac18-dfc1db024a77: shutdown server with port 34925 successfully
2019-07-13 12:38:58,499 WARN  fs.CachingGetSpaceUsed (CachingGetSpaceUsed.java:run(183)) - Thread Interrupted waiting to refresh disk information: sleep interrupted
2019-07-13 12:38:58,499 INFO  utils.BackgroundService (BackgroundService.java:shutdown(148)) - Shutting down service BlockDeletingService
2019-07-13 12:38:58,500 WARN  fs.CachingGetSpaceUsed (CachingGetSpaceUsed.java:run(183)) - Thread Interrupted waiting to refresh disk information: sleep interrupted
2019-07-13 12:38:58,519 INFO  statemachine.DatanodeStateMachine (DatanodeStateMachine.java:stopDaemon(395)) - Ozone container server stopped.
2019-07-13 12:38:58,527 INFO  statemachine.DatanodeStateMachine (DatanodeStateMachine.java:stopDaemon(395)) - Ozone container server stopped.
2019-07-13 12:38:58,531 INFO  handler.ContextHandler (ContextHandler.java:doStop(910)) - Stopped o.e.j.w.WebAppContext@32d3bc83{/,null,UNAVAILABLE}{/hddsDatanode}
2019-07-13 12:38:58,533 INFO  handler.ContextHandler (ContextHandler.java:doStop(910)) - Stopped o.e.j.w.WebAppContext@53b1a09f{/,null,UNAVAILABLE}{/hddsDatanode}
2019-07-13 12:38:58,534 INFO  server.AbstractConnector (AbstractConnector.java:doStop(318)) - Stopped ServerConnector@7ef59e5d{HTTP/1.1,[http/1.1]}{0.0.0.0:0}
2019-07-13 12:38:58,534 INFO  server.AbstractConnector (AbstractConnector.java:doStop(318)) - Stopped ServerConnector@3d2162c5{HTTP/1.1,[http/1.1]}{0.0.0.0:0}
2019-07-13 12:38:58,534 INFO  handler.ContextHandler (ContextHandler.java:doStop(910)) - Stopped o.e.j.s.ServletContextHandler@60ca607{/static,jar:file:/home/user/.m2/repository/org/apache/hadoop/hadoop-hdds-container-service/0.5.0-SNAPSHOT/hadoop-hdds-container-service-0.5.0-SNAPSHOT.jar!/webapps/static,UNAVAILABLE}
2019-07-13 12:38:58,540 INFO  handler.ContextHandler (ContextHandler.java:doStop(910)) - Stopped o.e.j.s.ServletContextHandler@1f41742f{/static,jar:file:/home/user/.m2/repository/org/apache/hadoop/hadoop-hdds-container-service/0.5.0-SNAPSHOT/hadoop-hdds-container-service-0.5.0-SNAPSHOT.jar!/webapps/static,UNAVAILABLE}
2019-07-13 12:38:58,540 INFO  handler.ContextHandler (ContextHandler.java:doStop(910)) - Stopped o.e.j.s.ServletContextHandler@24b2e53b{/logs,file:///tmp/workdir/hadoop-ozone/integration-test/target/log,UNAVAILABLE}
2019-07-13 12:38:58,541 INFO  handler.ContextHandler (ContextHandler.java:doStop(910)) - Stopped o.e.j.s.ServletContextHandler@4d400e77{/logs,file:///tmp/workdir/hadoop-ozone/integration-test/target/log,UNAVAILABLE}
2019-07-13 12:38:58,541 INFO  datanode.ObjectStoreHandler (ObjectStoreHandler.java:close(155)) - Closing ObjectStoreHandler.
2019-07-13 12:38:58,542 INFO  ozone.HddsDatanodeService (HddsDatanodeService.java:stop(452)) - Stopped plug-in org.apache.hadoop.ozone.web.OzoneHddsDatanodeService@69e4e90b
2019-07-13 12:38:59,127 INFO  statemachine.DatanodeStateMachine (DatanodeStateMachine.java:lambda$startDaemon$0(350)) - Ozone container server started.
2019-07-13 12:39:01,659 INFO  impl.FollowerState (FollowerState.java:run(106)) - 326ee94b-e5a9-471b-85f6-2a1b7e5d49ea:group-D02D32845228 changes to CANDIDATE, lastRpcTime:5135, electionTimeout:5135ms
2019-07-13 12:39:01,660 INFO  impl.RoleInfo (RoleInfo.java:shutdownFollowerState(121)) - 326ee94b-e5a9-471b-85f6-2a1b7e5d49ea: shutdown FollowerState
2019-07-13 12:39:01,660 INFO  impl.RaftServerImpl (RaftServerImpl.java:setRole(171)) - 326ee94b-e5a9-471b-85f6-2a1b7e5d49ea:group-D02D32845228 changes role from FOLLOWER to CANDIDATE at term 2 for changeToCandidate
2019-07-13 12:39:01,660 INFO  impl.RoleInfo (RoleInfo.java:updateAndGet(143)) - 326ee94b-e5a9-471b-85f6-2a1b7e5d49ea: start LeaderElection
2019-07-13 12:39:01,676 INFO  impl.LeaderElection (LeaderElection.java:askForVotes(181)) - 326ee94b-e5a9-471b-85f6-2a1b7e5d49ea:group-D02D32845228:LeaderElection117: begin an election at term 3 for 0: [326ee94b-e5a9-471b-85f6-2a1b7e5d49ea:192.168.5.181:34068, 09a1fb29-1832-4d2a-b79c-4db4231ad6a4:192.168.5.181:43327, deb62537-6eb8-4564-9b10-f1b0b3344442:192.168.5.181:40187], old=null
2019-07-13 12:39:01,677 INFO  impl.LeaderElection (LogUtils.java:infoOrTrace(149)) - 326ee94b-e5a9-471b-85f6-2a1b7e5d49ea:group-D02D32845228:LeaderElection117 got exception when requesting votes: {}
java.util.concurrent.ExecutionException: org.apache.ratis.thirdparty.io.grpc.StatusRuntimeException: UNAVAILABLE: io exception
	at java.util.concurrent.FutureTask.report(FutureTask.java:122)
	at java.util.concurrent.FutureTask.get(FutureTask.java:192)
	at org.apache.ratis.server.impl.LeaderElection.waitForResults(LeaderElection.java:262)
	at org.apache.ratis.server.impl.LeaderElection.askForVotes(LeaderElection.java:200)
	at org.apache.ratis.server.impl.LeaderElection.run(LeaderElection.java:130)
	at java.lang.Thread.run(Thread.java:748)
Caused by: org.apache.ratis.thirdparty.io.grpc.StatusRuntimeException: UNAVAILABLE: io exception
	at org.apache.ratis.thirdparty.io.grpc.stub.ClientCalls.toStatusRuntimeException(ClientCalls.java:233)
	at org.apache.ratis.thirdparty.io.grpc.stub.ClientCalls.getUnchecked(ClientCalls.java:214)
	at org.apache.ratis.thirdparty.io.grpc.stub.ClientCalls.blockingUnaryCall(ClientCalls.java:139)
	at org.apache.ratis.proto.grpc.RaftServerProtocolServiceGrpc$RaftServerProtocolServiceBlockingStub.requestVote(RaftServerProtocolServiceGrpc.java:265)
	at org.apache.ratis.grpc.server.GrpcServerProtocolClient.requestVote(GrpcServerProtocolClient.java:83)
	at org.apache.ratis.grpc.server.GrpcService.requestVote(GrpcService.java:195)
	at org.apache.ratis.server.impl.LeaderElection.lambda$submitRequests$1(LeaderElection.java:237)
	at java.util.concurrent.FutureTask.run(FutureTask.java:266)
	at java.util.concurrent.Executors$RunnableAdapter.call(Executors.java:511)
	at java.util.concurrent.FutureTask.run(FutureTask.java:266)
	at java.util.concurrent.ThreadPoolExecutor.runWorker(ThreadPoolExecutor.java:1149)
	at java.util.concurrent.ThreadPoolExecutor$Worker.run(ThreadPoolExecutor.java:624)
	... 1 more
Caused by: org.apache.ratis.thirdparty.io.netty.channel.AbstractChannel$AnnotatedConnectException: Connection refused: /192.168.5.181:43327
	at sun.nio.ch.SocketChannelImpl.checkConnect(Native Method)
	at sun.nio.ch.SocketChannelImpl.finishConnect(SocketChannelImpl.java:717)
	at org.apache.ratis.thirdparty.io.netty.channel.socket.nio.NioSocketChannel.doFinishConnect(NioSocketChannel.java:327)
	at org.apache.ratis.thirdparty.io.netty.channel.nio.AbstractNioChannel$AbstractNioUnsafe.finishConnect(AbstractNioChannel.java:340)
	at org.apache.ratis.thirdparty.io.netty.channel.nio.NioEventLoop.processSelectedKey(NioEventLoop.java:632)
	at org.apache.ratis.thirdparty.io.netty.channel.nio.NioEventLoop.processSelectedKeysOptimized(NioEventLoop.java:579)
	at org.apache.ratis.thirdparty.io.netty.channel.nio.NioEventLoop.processSelectedKeys(NioEventLoop.java:496)
	at org.apache.ratis.thirdparty.io.netty.channel.nio.NioEventLoop.run(NioEventLoop.java:458)
	at org.apache.ratis.thirdparty.io.netty.util.concurrent.SingleThreadEventExecutor$5.run(SingleThreadEventExecutor.java:897)
	at org.apache.ratis.thirdparty.io.netty.util.concurrent.FastThreadLocalRunnable.run(FastThreadLocalRunnable.java:30)
	... 1 more
Caused by: java.net.ConnectException: Connection refused
	... 11 more
2019-07-13 12:39:01,679 INFO  impl.LeaderElection (LogUtils.java:infoOrTrace(149)) - 326ee94b-e5a9-471b-85f6-2a1b7e5d49ea:group-D02D32845228:LeaderElection117 got exception when requesting votes: {}
java.util.concurrent.ExecutionException: org.apache.ratis.thirdparty.io.grpc.StatusRuntimeException: UNAVAILABLE: io exception
	at java.util.concurrent.FutureTask.report(FutureTask.java:122)
	at java.util.concurrent.FutureTask.get(FutureTask.java:192)
	at org.apache.ratis.server.impl.LeaderElection.waitForResults(LeaderElection.java:262)
	at org.apache.ratis.server.impl.LeaderElection.askForVotes(LeaderElection.java:200)
	at org.apache.ratis.server.impl.LeaderElection.run(LeaderElection.java:130)
	at java.lang.Thread.run(Thread.java:748)
Caused by: org.apache.ratis.thirdparty.io.grpc.StatusRuntimeException: UNAVAILABLE: io exception
	at org.apache.ratis.thirdparty.io.grpc.stub.ClientCalls.toStatusRuntimeException(ClientCalls.java:233)
	at org.apache.ratis.thirdparty.io.grpc.stub.ClientCalls.getUnchecked(ClientCalls.java:214)
	at org.apache.ratis.thirdparty.io.grpc.stub.ClientCalls.blockingUnaryCall(ClientCalls.java:139)
	at org.apache.ratis.proto.grpc.RaftServerProtocolServiceGrpc$RaftServerProtocolServiceBlockingStub.requestVote(RaftServerProtocolServiceGrpc.java:265)
	at org.apache.ratis.grpc.server.GrpcServerProtocolClient.requestVote(GrpcServerProtocolClient.java:83)
	at org.apache.ratis.grpc.server.GrpcService.requestVote(GrpcService.java:195)
	at org.apache.ratis.server.impl.LeaderElection.lambda$submitRequests$1(LeaderElection.java:237)
	at java.util.concurrent.FutureTask.run(FutureTask.java:266)
	at java.util.concurrent.Executors$RunnableAdapter.call(Executors.java:511)
	at java.util.concurrent.FutureTask.run(FutureTask.java:266)
	at java.util.concurrent.ThreadPoolExecutor.runWorker(ThreadPoolExecutor.java:1149)
	at java.util.concurrent.ThreadPoolExecutor$Worker.run(ThreadPoolExecutor.java:624)
	... 1 more
Caused by: org.apache.ratis.thirdparty.io.netty.channel.AbstractChannel$AnnotatedConnectException: Connection refused: /192.168.5.181:40187
	at sun.nio.ch.SocketChannelImpl.checkConnect(Native Method)
	at sun.nio.ch.SocketChannelImpl.finishConnect(SocketChannelImpl.java:717)
	at org.apache.ratis.thirdparty.io.netty.channel.socket.nio.NioSocketChannel.doFinishConnect(NioSocketChannel.java:327)
	at org.apache.ratis.thirdparty.io.netty.channel.nio.AbstractNioChannel$AbstractNioUnsafe.finishConnect(AbstractNioChannel.java:340)
	at org.apache.ratis.thirdparty.io.netty.channel.nio.NioEventLoop.processSelectedKey(NioEventLoop.java:632)
	at org.apache.ratis.thirdparty.io.netty.channel.nio.NioEventLoop.processSelectedKeysOptimized(NioEventLoop.java:579)
	at org.apache.ratis.thirdparty.io.netty.channel.nio.NioEventLoop.processSelectedKeys(NioEventLoop.java:496)
	at org.apache.ratis.thirdparty.io.netty.channel.nio.NioEventLoop.run(NioEventLoop.java:458)
	at org.apache.ratis.thirdparty.io.netty.util.concurrent.SingleThreadEventExecutor$5.run(SingleThreadEventExecutor.java:897)
	at org.apache.ratis.thirdparty.io.netty.util.concurrent.FastThreadLocalRunnable.run(FastThreadLocalRunnable.java:30)
	... 1 more
Caused by: java.net.ConnectException: Connection refused
	... 11 more
2019-07-13 12:39:01,681 INFO  impl.LeaderElection (LeaderElection.java:logAndReturn(56)) - 326ee94b-e5a9-471b-85f6-2a1b7e5d49ea:group-D02D32845228:LeaderElection117: Election REJECTED; received 0 response(s) [] and 2 exception(s); 326ee94b-e5a9-471b-85f6-2a1b7e5d49ea:t3, leader=null, voted=326ee94b-e5a9-471b-85f6-2a1b7e5d49ea, raftlog=326ee94b-e5a9-471b-85f6-2a1b7e5d49ea-SegmentedRaftLog:OPENED:c12,f12,i12, conf=0: [326ee94b-e5a9-471b-85f6-2a1b7e5d49ea:192.168.5.181:34068, 09a1fb29-1832-4d2a-b79c-4db4231ad6a4:192.168.5.181:43327, deb62537-6eb8-4564-9b10-f1b0b3344442:192.168.5.181:40187], old=null
2019-07-13 12:39:01,681 INFO  impl.LeaderElection (LogUtils.java:infoOrTrace(149)) -   Exception 0: {}
java.util.concurrent.ExecutionException: org.apache.ratis.thirdparty.io.grpc.StatusRuntimeException: UNAVAILABLE: io exception
	at java.util.concurrent.FutureTask.report(FutureTask.java:122)
	at java.util.concurrent.FutureTask.get(FutureTask.java:192)
	at org.apache.ratis.server.impl.LeaderElection.waitForResults(LeaderElection.java:262)
	at org.apache.ratis.server.impl.LeaderElection.askForVotes(LeaderElection.java:200)
	at org.apache.ratis.server.impl.LeaderElection.run(LeaderElection.java:130)
	at java.lang.Thread.run(Thread.java:748)
Caused by: org.apache.ratis.thirdparty.io.grpc.StatusRuntimeException: UNAVAILABLE: io exception
	at org.apache.ratis.thirdparty.io.grpc.stub.ClientCalls.toStatusRuntimeException(ClientCalls.java:233)
	at org.apache.ratis.thirdparty.io.grpc.stub.ClientCalls.getUnchecked(ClientCalls.java:214)
	at org.apache.ratis.thirdparty.io.grpc.stub.ClientCalls.blockingUnaryCall(ClientCalls.java:139)
	at org.apache.ratis.proto.grpc.RaftServerProtocolServiceGrpc$RaftServerProtocolServiceBlockingStub.requestVote(RaftServerProtocolServiceGrpc.java:265)
	at org.apache.ratis.grpc.server.GrpcServerProtocolClient.requestVote(GrpcServerProtocolClient.java:83)
	at org.apache.ratis.grpc.server.GrpcService.requestVote(GrpcService.java:195)
	at org.apache.ratis.server.impl.LeaderElection.lambda$submitRequests$1(LeaderElection.java:237)
	at java.util.concurrent.FutureTask.run(FutureTask.java:266)
	at java.util.concurrent.Executors$RunnableAdapter.call(Executors.java:511)
	at java.util.concurrent.FutureTask.run(FutureTask.java:266)
	at java.util.concurrent.ThreadPoolExecutor.runWorker(ThreadPoolExecutor.java:1149)
	at java.util.concurrent.ThreadPoolExecutor$Worker.run(ThreadPoolExecutor.java:624)
	... 1 more
Caused by: org.apache.ratis.thirdparty.io.netty.channel.AbstractChannel$AnnotatedConnectException: Connection refused: /192.168.5.181:43327
	at sun.nio.ch.SocketChannelImpl.checkConnect(Native Method)
	at sun.nio.ch.SocketChannelImpl.finishConnect(SocketChannelImpl.java:717)
	at org.apache.ratis.thirdparty.io.netty.channel.socket.nio.NioSocketChannel.doFinishConnect(NioSocketChannel.java:327)
	at org.apache.ratis.thirdparty.io.netty.channel.nio.AbstractNioChannel$AbstractNioUnsafe.finishConnect(AbstractNioChannel.java:340)
	at org.apache.ratis.thirdparty.io.netty.channel.nio.NioEventLoop.processSelectedKey(NioEventLoop.java:632)
	at org.apache.ratis.thirdparty.io.netty.channel.nio.NioEventLoop.processSelectedKeysOptimized(NioEventLoop.java:579)
	at org.apache.ratis.thirdparty.io.netty.channel.nio.NioEventLoop.processSelectedKeys(NioEventLoop.java:496)
	at org.apache.ratis.thirdparty.io.netty.channel.nio.NioEventLoop.run(NioEventLoop.java:458)
	at org.apache.ratis.thirdparty.io.netty.util.concurrent.SingleThreadEventExecutor$5.run(SingleThreadEventExecutor.java:897)
	at org.apache.ratis.thirdparty.io.netty.util.concurrent.FastThreadLocalRunnable.run(FastThreadLocalRunnable.java:30)
	... 1 more
Caused by: java.net.ConnectException: Connection refused
	... 11 more
2019-07-13 12:39:01,681 INFO  impl.LeaderElection (LogUtils.java:infoOrTrace(149)) -   Exception 1: {}
java.util.concurrent.ExecutionException: org.apache.ratis.thirdparty.io.grpc.StatusRuntimeException: UNAVAILABLE: io exception
	at java.util.concurrent.FutureTask.report(FutureTask.java:122)
	at java.util.concurrent.FutureTask.get(FutureTask.java:192)
	at org.apache.ratis.server.impl.LeaderElection.waitForResults(LeaderElection.java:262)
	at org.apache.ratis.server.impl.LeaderElection.askForVotes(LeaderElection.java:200)
	at org.apache.ratis.server.impl.LeaderElection.run(LeaderElection.java:130)
	at java.lang.Thread.run(Thread.java:748)
Caused by: org.apache.ratis.thirdparty.io.grpc.StatusRuntimeException: UNAVAILABLE: io exception
	at org.apache.ratis.thirdparty.io.grpc.stub.ClientCalls.toStatusRuntimeException(ClientCalls.java:233)
	at org.apache.ratis.thirdparty.io.grpc.stub.ClientCalls.getUnchecked(ClientCalls.java:214)
	at org.apache.ratis.thirdparty.io.grpc.stub.ClientCalls.blockingUnaryCall(ClientCalls.java:139)
	at org.apache.ratis.proto.grpc.RaftServerProtocolServiceGrpc$RaftServerProtocolServiceBlockingStub.requestVote(RaftServerProtocolServiceGrpc.java:265)
	at org.apache.ratis.grpc.server.GrpcServerProtocolClient.requestVote(GrpcServerProtocolClient.java:83)
	at org.apache.ratis.grpc.server.GrpcService.requestVote(GrpcService.java:195)
	at org.apache.ratis.server.impl.LeaderElection.lambda$submitRequests$1(LeaderElection.java:237)
	at java.util.concurrent.FutureTask.run(FutureTask.java:266)
	at java.util.concurrent.Executors$RunnableAdapter.call(Executors.java:511)
	at java.util.concurrent.FutureTask.run(FutureTask.java:266)
	at java.util.concurrent.ThreadPoolExecutor.runWorker(ThreadPoolExecutor.java:1149)
	at java.util.concurrent.ThreadPoolExecutor$Worker.run(ThreadPoolExecutor.java:624)
	... 1 more
Caused by: org.apache.ratis.thirdparty.io.netty.channel.AbstractChannel$AnnotatedConnectException: Connection refused: /192.168.5.181:40187
	at sun.nio.ch.SocketChannelImpl.checkConnect(Native Method)
	at sun.nio.ch.SocketChannelImpl.finishConnect(SocketChannelImpl.java:717)
	at org.apache.ratis.thirdparty.io.netty.channel.socket.nio.NioSocketChannel.doFinishConnect(NioSocketChannel.java:327)
	at org.apache.ratis.thirdparty.io.netty.channel.nio.AbstractNioChannel$AbstractNioUnsafe.finishConnect(AbstractNioChannel.java:340)
	at org.apache.ratis.thirdparty.io.netty.channel.nio.NioEventLoop.processSelectedKey(NioEventLoop.java:632)
	at org.apache.ratis.thirdparty.io.netty.channel.nio.NioEventLoop.processSelectedKeysOptimized(NioEventLoop.java:579)
	at org.apache.ratis.thirdparty.io.netty.channel.nio.NioEventLoop.processSelectedKeys(NioEventLoop.java:496)
	at org.apache.ratis.thirdparty.io.netty.channel.nio.NioEventLoop.run(NioEventLoop.java:458)
	at org.apache.ratis.thirdparty.io.netty.util.concurrent.SingleThreadEventExecutor$5.run(SingleThreadEventExecutor.java:897)
	at org.apache.ratis.thirdparty.io.netty.util.concurrent.FastThreadLocalRunnable.run(FastThreadLocalRunnable.java:30)
	... 1 more
Caused by: java.net.ConnectException: Connection refused
	... 11 more
2019-07-13 12:39:01,681 INFO  impl.RaftServerImpl (RaftServerImpl.java:setRole(171)) - 326ee94b-e5a9-471b-85f6-2a1b7e5d49ea:group-D02D32845228 changes role from CANDIDATE to FOLLOWER at term 3 for DISCOVERED_A_NEW_TERM
2019-07-13 12:39:01,682 INFO  impl.RoleInfo (RoleInfo.java:shutdownLeaderElection(134)) - 326ee94b-e5a9-471b-85f6-2a1b7e5d49ea: shutdown LeaderElection
2019-07-13 12:39:01,682 INFO  impl.RoleInfo (RoleInfo.java:updateAndGet(143)) - 326ee94b-e5a9-471b-85f6-2a1b7e5d49ea: start FollowerState
2019-07-13 12:39:03,171 INFO  node.StaleNodeHandler (StaleNodeHandler.java:onMessage(58)) - Datanode 326ee94b-e5a9-471b-85f6-2a1b7e5d49ea{ip: 192.168.5.181, host: trunk-nightly-q2gwj-1111726333, networkLocation: /default-rack, certSerialId: null} moved to stale state. Finalizing its pipelines [PipelineID=cbc4c247-193b-4553-92b0-d02d32845228, PipelineID=4e4fd03f-e521-406e-936e-cc751869b5c1]
2019-07-13 12:39:03,171 INFO  pipeline.SCMPipelineManager (SCMPipelineManager.java:finalizeAndDestroyPipeline(309)) - destroying pipeline:Pipeline[ Id: cbc4c247-193b-4553-92b0-d02d32845228, Nodes: 09a1fb29-1832-4d2a-b79c-4db4231ad6a4{ip: 192.168.5.181, host: trunk-nightly-q2gwj-1111726333, networkLocation: /default-rack, certSerialId: null}deb62537-6eb8-4564-9b10-f1b0b3344442{ip: 192.168.5.181, host: trunk-nightly-q2gwj-1111726333, networkLocation: /default-rack, certSerialId: null}326ee94b-e5a9-471b-85f6-2a1b7e5d49ea{ip: 192.168.5.181, host: trunk-nightly-q2gwj-1111726333, networkLocation: /default-rack, certSerialId: null}, Type:RATIS, Factor:THREE, State:CLOSED]
2019-07-13 12:39:03,172 INFO  pipeline.SCMPipelineManager (SCMPipelineManager.java:finalizeAndDestroyPipeline(309)) - destroying pipeline:Pipeline[ Id: 4e4fd03f-e521-406e-936e-cc751869b5c1, Nodes: 326ee94b-e5a9-471b-85f6-2a1b7e5d49ea{ip: 192.168.5.181, host: trunk-nightly-q2gwj-1111726333, networkLocation: /default-rack, certSerialId: null}, Type:RATIS, Factor:ONE, State:OPEN]
2019-07-13 12:39:03,172 INFO  pipeline.PipelineStateManager (PipelineStateManager.java:finalizePipeline(123)) - Pipeline Pipeline[ Id: 4e4fd03f-e521-406e-936e-cc751869b5c1, Nodes: 326ee94b-e5a9-471b-85f6-2a1b7e5d49ea{ip: 192.168.5.181, host: trunk-nightly-q2gwj-1111726333, networkLocation: /default-rack, certSerialId: null}, Type:RATIS, Factor:ONE, State:CLOSED] moved to CLOSED state
2019-07-13 12:39:03,543 INFO  ozoneimpl.OzoneContainer (OzoneContainer.java:stop(199)) - Attempting to stop container services.
2019-07-13 12:39:03,544 INFO  impl.RaftServerProxy (RaftServerProxy.java:lambda$close$4(314)) - 326ee94b-e5a9-471b-85f6-2a1b7e5d49ea: close
2019-07-13 12:39:03,544 INFO  impl.RaftServerImpl (RaftServerImpl.java:lambda$shutdown$3(245)) - 326ee94b-e5a9-471b-85f6-2a1b7e5d49ea: shutdown group-D02D32845228
2019-07-13 12:39:03,545 INFO  util.JmxRegister (JmxRegister.java:unregister(73)) - Successfully un-registered JMX Bean with object name Ratis:service=RaftServer,group=group-D02D32845228,id=326ee94b-e5a9-471b-85f6-2a1b7e5d49ea
2019-07-13 12:39:03,545 INFO  impl.RoleInfo (RoleInfo.java:shutdownFollowerState(121)) - 326ee94b-e5a9-471b-85f6-2a1b7e5d49ea: shutdown FollowerState
2019-07-13 12:39:03,546 INFO  impl.StateMachineUpdater (StateMachineUpdater.java:stopAndJoin(115)) - StateMachineUpdater:326ee94b-e5a9-471b-85f6-2a1b7e5d49ea:group-D02D32845228: set stopIndex = 12
2019-07-13 12:39:03,546 INFO  impl.FollowerState (FollowerState.java:run(114)) - 326ee94b-e5a9-471b-85f6-2a1b7e5d49ea: FollowerState was interrupted: java.lang.InterruptedException: sleep interrupted
2019-07-13 12:39:03,546 INFO  ratis.ContainerStateMachine (ContainerStateMachine.java:takeSnapshot(246)) - Taking snapshot at termIndex:(t:1, i:11)
2019-07-13 12:39:03,549 INFO  ratis.ContainerStateMachine (ContainerStateMachine.java:takeSnapshot(250)) - Taking a snapshot to file /tmp/workdir/hadoop-ozone/integration-test/target/test-dir/MiniOzoneClusterImpl-743a5529-b6df-4ed5-9bcc-240d76060713/datanode-5/data/ratis/cbc4c247-193b-4553-92b0-d02d32845228/sm/snapshot.1_11
2019-07-13 12:39:03,549 INFO  impl.StateMachineUpdater (StateMachineUpdater.java:takeSnapshot(242)) - StateMachineUpdater:326ee94b-e5a9-471b-85f6-2a1b7e5d49ea:group-D02D32845228: Took a snapshot at index 11
2019-07-13 12:39:03,550 INFO  impl.StateMachineUpdater (StateMachineUpdater.java:lambda$new$0(80)) - StateMachineUpdater:326ee94b-e5a9-471b-85f6-2a1b7e5d49ea:group-D02D32845228: snapshotIndex: updateIncreasingly -1 -> 11
2019-07-13 12:39:03,550 INFO  impl.RaftServerImpl (ServerState.java:close(394)) - 326ee94b-e5a9-471b-85f6-2a1b7e5d49ea:group-D02D32845228 closes. The last applied log index is 12
2019-07-13 12:39:03,551 INFO  segmented.SegmentedRaftLogWorker (SegmentedRaftLogWorker.java:run(313)) - 326ee94b-e5a9-471b-85f6-2a1b7e5d49ea-SegmentedRaftLogWorker:Storage Directory /tmp/workdir/hadoop-ozone/integration-test/target/test-dir/MiniOzoneClusterImpl-743a5529-b6df-4ed5-9bcc-240d76060713/datanode-5/data/ratis/cbc4c247-193b-4553-92b0-d02d32845228 was interrupted, exiting. There are 0 tasks remaining in the queue.
2019-07-13 12:39:03,551 INFO  segmented.SegmentedRaftLogWorker (SegmentedRaftLogWorker.java:close(228)) - 326ee94b-e5a9-471b-85f6-2a1b7e5d49ea-SegmentedRaftLogWorker:Storage Directory /tmp/workdir/hadoop-ozone/integration-test/target/test-dir/MiniOzoneClusterImpl-743a5529-b6df-4ed5-9bcc-240d76060713/datanode-5/data/ratis/cbc4c247-193b-4553-92b0-d02d32845228 close()
2019-07-13 12:39:03,551 INFO  impl.RaftServerImpl (RaftServerImpl.java:lambda$shutdown$3(245)) - 326ee94b-e5a9-471b-85f6-2a1b7e5d49ea: shutdown group-CC751869B5C1
2019-07-13 12:39:03,552 INFO  util.JmxRegister (JmxRegister.java:unregister(73)) - Successfully un-registered JMX Bean with object name Ratis:service=RaftServer,group=group-CC751869B5C1,id=326ee94b-e5a9-471b-85f6-2a1b7e5d49ea
2019-07-13 12:39:03,552 INFO  impl.RoleInfo (RoleInfo.java:shutdownLeaderState(104)) - 326ee94b-e5a9-471b-85f6-2a1b7e5d49ea: shutdown LeaderState
2019-07-13 12:39:03,553 INFO  impl.PendingRequests (PendingRequests.java:sendNotLeaderResponses(202)) - 326ee94b-e5a9-471b-85f6-2a1b7e5d49ea-PendingRequests: sendNotLeaderResponses
2019-07-13 12:39:03,553 INFO  impl.StateMachineUpdater (StateMachineUpdater.java:stopAndJoin(115)) - StateMachineUpdater:326ee94b-e5a9-471b-85f6-2a1b7e5d49ea:group-CC751869B5C1: set stopIndex = 0
2019-07-13 12:39:03,553 INFO  ratis.ContainerStateMachine (ContainerStateMachine.java:takeSnapshot(246)) - Taking snapshot at termIndex:(t:0, i:~)
2019-07-13 12:39:03,554 INFO  impl.RaftServerImpl (ServerState.java:close(394)) - 326ee94b-e5a9-471b-85f6-2a1b7e5d49ea:group-CC751869B5C1 closes. The last applied log index is 0
2019-07-13 12:39:03,554 INFO  segmented.SegmentedRaftLogWorker (SegmentedRaftLogWorker.java:run(313)) - 326ee94b-e5a9-471b-85f6-2a1b7e5d49ea-SegmentedRaftLogWorker:Storage Directory /tmp/workdir/hadoop-ozone/integration-test/target/test-dir/MiniOzoneClusterImpl-743a5529-b6df-4ed5-9bcc-240d76060713/datanode-5/data/ratis/4e4fd03f-e521-406e-936e-cc751869b5c1 was interrupted, exiting. There are 0 tasks remaining in the queue.
2019-07-13 12:39:03,555 INFO  segmented.SegmentedRaftLogWorker (SegmentedRaftLogWorker.java:close(228)) - 326ee94b-e5a9-471b-85f6-2a1b7e5d49ea-SegmentedRaftLogWorker:Storage Directory /tmp/workdir/hadoop-ozone/integration-test/target/test-dir/MiniOzoneClusterImpl-743a5529-b6df-4ed5-9bcc-240d76060713/datanode-5/data/ratis/4e4fd03f-e521-406e-936e-cc751869b5c1 close()
2019-07-13 12:39:03,555 INFO  server.GrpcService (GrpcService.java:closeImpl(155)) - 326ee94b-e5a9-471b-85f6-2a1b7e5d49ea: shutdown server with port 34068 now
2019-07-13 12:39:03,556 INFO  server.GrpcService (GrpcService.java:closeImpl(163)) - 326ee94b-e5a9-471b-85f6-2a1b7e5d49ea: shutdown server with port 34068 successfully
2019-07-13 12:39:03,560 INFO  utils.BackgroundService (BackgroundService.java:shutdown(148)) - Shutting down service BlockDeletingService
2019-07-13 12:39:03,562 WARN  fs.CachingGetSpaceUsed (CachingGetSpaceUsed.java:run(183)) - Thread Interrupted waiting to refresh disk information: sleep interrupted
2019-07-13 12:39:03,580 INFO  statemachine.DatanodeStateMachine (DatanodeStateMachine.java:stopDaemon(395)) - Ozone container server stopped.
2019-07-13 12:39:03,581 INFO  handler.ContextHandler (ContextHandler.java:doStop(910)) - Stopped o.e.j.w.WebAppContext@6d548d27{/,null,UNAVAILABLE}{/hddsDatanode}
2019-07-13 12:39:03,582 INFO  server.AbstractConnector (AbstractConnector.java:doStop(318)) - Stopped ServerConnector@4e8c139a{HTTP/1.1,[http/1.1]}{0.0.0.0:0}
2019-07-13 12:39:03,582 INFO  handler.ContextHandler (ContextHandler.java:doStop(910)) - Stopped o.e.j.s.ServletContextHandler@78ceb8cd{/static,jar:file:/home/user/.m2/repository/org/apache/hadoop/hadoop-hdds-container-service/0.5.0-SNAPSHOT/hadoop-hdds-container-service-0.5.0-SNAPSHOT.jar!/webapps/static,UNAVAILABLE}
2019-07-13 12:39:03,582 INFO  handler.ContextHandler (ContextHandler.java:doStop(910)) - Stopped o.e.j.s.ServletContextHandler@16c30e11{/logs,file:///tmp/workdir/hadoop-ozone/integration-test/target/log,UNAVAILABLE}
2019-07-13 12:39:03,583 INFO  ozone.MiniOzoneClusterImpl (MiniOzoneClusterImpl.java:stop(353)) - Stopping the StorageContainerManager
2019-07-13 12:39:03,583 INFO  server.StorageContainerManager (StorageContainerManager.java:stop(796)) - Stopping Replication Manager Service.
2019-07-13 12:39:03,584 INFO  container.ReplicationManager (ReplicationManager.java:stop(187)) - Stopping Replication Monitor Thread.
2019-07-13 12:39:03,584 INFO  server.StorageContainerManager (StorageContainerManager.java:stop(803)) - Stopping Lease Manager of the command watchers
2019-07-13 12:39:03,584 INFO  server.StorageContainerManager (StorageContainerManager.java:stop(810)) - Stopping datanode service RPC server
2019-07-13 12:39:03,584 INFO  server.SCMDatanodeProtocolServer (SCMDatanodeProtocolServer.java:stop(375)) - Stopping the RPC server for DataNodes
2019-07-13 12:39:03,584 INFO  ipc.Server (Server.java:stop(3082)) - Stopping server on 39427
2019-07-13 12:39:03,587 INFO  ipc.Server (Server.java:run(1185)) - Stopping IPC Server listener on 39427
2019-07-13 12:39:03,587 INFO  ipc.Server (Server.java:run(1319)) - Stopping IPC Server Responder
2019-07-13 12:39:03,672 WARN  node.NodeStateManager (NodeStateManager.java:scheduleNextHealthCheck(631)) - Current Thread is interrupted, shutting down HB processing thread for Node Manager.
2019-07-13 12:39:03,672 INFO  server.StorageContainerManager (StorageContainerManager.java:stop(818)) - Stopping block service RPC server
2019-07-13 12:39:03,672 INFO  server.SCMBlockProtocolServer (SCMBlockProtocolServer.java:stop(148)) - Stopping the RPC server for Block Protocol
2019-07-13 12:39:03,672 INFO  ipc.Server (Server.java:stop(3082)) - Stopping server on 41929
2019-07-13 12:39:03,674 INFO  ipc.Server (Server.java:run(1185)) - Stopping IPC Server listener on 41929
2019-07-13 12:39:03,674 INFO  ipc.Server (Server.java:run(1319)) - Stopping IPC Server Responder
2019-07-13 12:39:03,674 INFO  server.StorageContainerManager (StorageContainerManager.java:stop(825)) - Stopping the StorageContainerLocationProtocol RPC server
2019-07-13 12:39:03,676 INFO  server.SCMClientProtocolServer (SCMClientProtocolServer.java:stop(157)) - Stopping the RPC server for Client Protocol
2019-07-13 12:39:03,677 INFO  ipc.Server (Server.java:stop(3082)) - Stopping server on 39774
2019-07-13 12:39:03,679 INFO  ipc.Server (Server.java:run(1185)) - Stopping IPC Server listener on 39774
2019-07-13 12:39:03,679 INFO  ipc.Server (Server.java:run(1319)) - Stopping IPC Server Responder
2019-07-13 12:39:03,679 INFO  server.StorageContainerManager (StorageContainerManager.java:stop(832)) - Stopping Storage Container Manager HTTP server.
2019-07-13 12:39:03,681 INFO  handler.ContextHandler (ContextHandler.java:doStop(910)) - Stopped o.e.j.w.WebAppContext@2b4b3918{/,null,UNAVAILABLE}{/scm}
2019-07-13 12:39:03,683 INFO  server.AbstractConnector (AbstractConnector.java:doStop(318)) - Stopped ServerConnector@1858f93e{HTTP/1.1,[http/1.1]}{0.0.0.0:0}
2019-07-13 12:39:03,683 INFO  handler.ContextHandler (ContextHandler.java:doStop(910)) - Stopped o.e.j.s.ServletContextHandler@78a894fe{/static,file:///tmp/workdir/hadoop-ozone/integration-test/target/test-classes/webapps/static,UNAVAILABLE}
2019-07-13 12:39:03,683 INFO  handler.ContextHandler (ContextHandler.java:doStop(910)) - Stopped o.e.j.s.ServletContextHandler@5e5d41dc{/logs,file:///tmp/workdir/hadoop-ozone/integration-test/target/log,UNAVAILABLE}
2019-07-13 12:39:03,684 INFO  server.StorageContainerManager (StorageContainerManager.java:stop(843)) - Stopping Block Manager Service.
2019-07-13 12:39:03,684 INFO  utils.BackgroundService (BackgroundService.java:shutdown(148)) - Shutting down service SCMBlockDeletingService
2019-07-13 12:39:03,685 INFO  utils.BackgroundService (BackgroundService.java:shutdown(148)) - Shutting down service SCMBlockDeletingService
2019-07-13 12:39:03,685 INFO  server.StorageContainerManager (StorageContainerManager.java:stop(865)) - Stopping SCM Event Queue.
2019-07-13 12:39:03,688 INFO  impl.MetricsSystemImpl (MetricsSystemImpl.java:stop(210)) - Stopping HddsDatanode metrics system...
2019-07-13 12:39:03,702 INFO  impl.MetricsSystemImpl (MetricsSystemImpl.java:stop(216)) - HddsDatanode metrics system stopped.
]]></system-out>
    <system-err><![CDATA[Jul 13, 2019 12:38:31 PM com.sun.jersey.server.impl.application.WebApplicationImpl _initiate
INFO: Initiating Jersey application, version 'Jersey: 1.19 02/11/2015 03:25 AM'
Jul 13, 2019 12:38:31 PM com.sun.jersey.server.impl.application.WebApplicationImpl _initiate
INFO: Initiating Jersey application, version 'Jersey: 1.19 02/11/2015 03:25 AM'
Jul 13, 2019 12:38:31 PM com.sun.jersey.server.impl.application.WebApplicationImpl _initiate
INFO: Initiating Jersey application, version 'Jersey: 1.19 02/11/2015 03:25 AM'
Jul 13, 2019 12:38:31 PM com.sun.jersey.server.impl.application.WebApplicationImpl _initiate
INFO: Initiating Jersey application, version 'Jersey: 1.19 02/11/2015 03:25 AM'
Jul 13, 2019 12:38:31 PM com.sun.jersey.server.impl.application.WebApplicationImpl _initiate
INFO: Initiating Jersey application, version 'Jersey: 1.19 02/11/2015 03:25 AM'
Jul 13, 2019 12:38:31 PM com.sun.jersey.server.impl.application.WebApplicationImpl _initiate
INFO: Initiating Jersey application, version 'Jersey: 1.19 02/11/2015 03:25 AM'
Jul 13, 2019 12:38:32 PM com.sun.jersey.server.impl.application.WebApplicationImpl _initiate
INFO: Initiating Jersey application, version 'Jersey: 1.19 02/11/2015 03:25 AM'
Jul 13, 2019 12:38:35 PM org.apache.ratis.thirdparty.io.grpc.internal.ManagedChannelOrphanWrapper$ManagedChannelReference cleanQueue
SEVERE: *~*~*~ Channel ManagedChannelImpl{logId=3659, target=192.168.5.181:45615} was not shutdown properly!!! ~*~*~*
    Make sure to call shutdown()/shutdownNow() and wait until awaitTermination() returns true.
java.lang.RuntimeException: ManagedChannel allocation site
	at org.apache.ratis.thirdparty.io.grpc.internal.ManagedChannelOrphanWrapper$ManagedChannelReference.<init>(ManagedChannelOrphanWrapper.java:103)
	at org.apache.ratis.thirdparty.io.grpc.internal.ManagedChannelOrphanWrapper.<init>(ManagedChannelOrphanWrapper.java:53)
	at org.apache.ratis.thirdparty.io.grpc.internal.ManagedChannelOrphanWrapper.<init>(ManagedChannelOrphanWrapper.java:44)
	at org.apache.ratis.thirdparty.io.grpc.internal.AbstractManagedChannelImplBuilder.build(AbstractManagedChannelImplBuilder.java:411)
	at org.apache.ratis.grpc.client.GrpcClientProtocolClient.<init>(GrpcClientProtocolClient.java:119)
	at org.apache.ratis.grpc.client.GrpcClientRpc.lambda$new$0(GrpcClientRpc.java:55)
	at org.apache.ratis.util.PeerProxyMap$PeerAndProxy.lambda$getProxy$0(PeerProxyMap.java:61)
	at org.apache.ratis.util.LifeCycle.startAndTransition(LifeCycle.java:202)
	at org.apache.ratis.util.PeerProxyMap$PeerAndProxy.getProxy(PeerProxyMap.java:60)
	at org.apache.ratis.util.PeerProxyMap.getProxy(PeerProxyMap.java:107)
	at org.apache.ratis.grpc.client.GrpcClientRpc.sendRequestAsync(GrpcClientRpc.java:66)
	at org.apache.ratis.client.impl.OrderedAsync.sendRequest(OrderedAsync.java:208)
	at org.apache.ratis.client.impl.OrderedAsync.sendRequestWithRetry(OrderedAsync.java:169)
	at org.apache.ratis.util.SlidingWindow$Client.sendOrDelayRequest(SlidingWindow.java:278)
	at org.apache.ratis.util.SlidingWindow$Client.retry(SlidingWindow.java:294)
	at org.apache.ratis.client.impl.OrderedAsync.lambda$scheduleWithTimeout$7(OrderedAsync.java:195)
	at org.apache.ratis.util.TimeoutScheduler.lambda$onTimeout$0(TimeoutScheduler.java:85)
	at org.apache.ratis.util.TimeoutScheduler.lambda$onTimeout$1(TimeoutScheduler.java:104)
	at org.apache.ratis.util.LogUtils.runAndLog(LogUtils.java:50)
	at org.apache.ratis.util.LogUtils$1.run(LogUtils.java:91)
	at java.util.concurrent.Executors$RunnableAdapter.call(Executors.java:511)
	at java.util.concurrent.FutureTask.run(FutureTask.java:266)
	at java.util.concurrent.ScheduledThreadPoolExecutor$ScheduledFutureTask.access$201(ScheduledThreadPoolExecutor.java:180)
	at java.util.concurrent.ScheduledThreadPoolExecutor$ScheduledFutureTask.run(ScheduledThreadPoolExecutor.java:293)
	at java.util.concurrent.ThreadPoolExecutor.runWorker(ThreadPoolExecutor.java:1149)
	at java.util.concurrent.ThreadPoolExecutor$Worker.run(ThreadPoolExecutor.java:624)
	at java.lang.Thread.run(Thread.java:748)

]]></system-err>
  </testcase>
</testsuite>