<?xml version="1.0" encoding="UTF-8"?>
<testsuite xmlns:xsi="http://www.w3.org/2001/XMLSchema-instance" xsi:noNamespaceSchemaLocation="https://maven.apache.org/surefire/maven-surefire-plugin/xsd/surefire-test-report.xsd" name="org.apache.hadoop.ozone.client.rpc.TestWatchForCommit" time="179.454" tests="6" errors="1" skipped="0" failures="2">
  <properties>
    <property name="awt.toolkit" value="sun.awt.X11.XToolkit"/>
    <property name="file.encoding.pkg" value="sun.io"/>
    <property name="java.specification.version" value="1.8"/>
    <property name="sun.cpu.isalist" value=""/>
    <property name="sun.jnu.encoding" value="UTF-8"/>
    <property name="java.class.path" value="/tmp/workdir/hadoop-ozone/integration-test/target/test-classes:/tmp/workdir/hadoop-ozone/integration-test/target/classes:/home/user/.m2/repository/org/apache/hadoop/hadoop-ozone-common/0.5.0-SNAPSHOT/hadoop-ozone-common-0.5.0-SNAPSHOT.jar:/home/user/.m2/repository/org/apache/commons/commons-compress/1.4.1/commons-compress-1.4.1.jar:/home/user/.m2/repository/org/tukaani/xz/1.0/xz-1.0.jar:/home/user/.m2/repository/org/apache/hadoop/hadoop-common/3.2.0/hadoop-common-3.2.0.jar:/home/user/.m2/repository/org/apache/hadoop/hadoop-hdfs/3.2.0/hadoop-hdfs-3.2.0.jar:/home/user/.m2/repository/org/apache/hadoop/hadoop-hdfs-client/3.2.0/hadoop-hdfs-client-3.2.0.jar:/home/user/.m2/repository/com/fasterxml/jackson/core/jackson-annotations/2.9.5/jackson-annotations-2.9.5.jar:/home/user/.m2/repository/org/apache/hadoop/hadoop-hdds-common/0.5.0-SNAPSHOT/hadoop-hdds-common-0.5.0-SNAPSHOT.jar:/home/user/.m2/repository/javax/annotation/javax.annotation-api/1.2/javax.annotation-api-1.2.jar:/home/user/.m2/repository/org/apache/ratis/ratis-server/0.4.0-2337318-SNAPSHOT/ratis-server-0.4.0-2337318-SNAPSHOT.jar:/home/user/.m2/repository/org/apache/ratis/ratis-thirdparty-misc/0.2.0/ratis-thirdparty-misc-0.2.0.jar:/home/user/.m2/repository/org/apache/ratis/ratis-proto/0.4.0-2337318-SNAPSHOT/ratis-proto-0.4.0-2337318-SNAPSHOT.jar:/home/user/.m2/repository/org/apache/ratis/ratis-common/0.4.0-2337318-SNAPSHOT/ratis-common-0.4.0-2337318-SNAPSHOT.jar:/home/user/.m2/repository/org/apache/ratis/ratis-client/0.4.0-2337318-SNAPSHOT/ratis-client-0.4.0-2337318-SNAPSHOT.jar:/home/user/.m2/repository/org/apache/ratis/ratis-metrics/0.4.0-2337318-SNAPSHOT/ratis-metrics-0.4.0-2337318-SNAPSHOT.jar:/home/user/.m2/repository/org/apache/ratis/ratis-netty/0.4.0-2337318-SNAPSHOT/ratis-netty-0.4.0-2337318-SNAPSHOT.jar:/home/user/.m2/repository/org/apache/ratis/ratis-grpc/0.4.0-2337318-SNAPSHOT/ratis-grpc-0.4.0-2337318-SNAPSHOT.jar:/home/user/.m2/repository/org/rocksdb/rocksdbjni/6.0.1/rocksdbjni-6.0.1.jar:/home/user/.m2/repository/org/apache/logging/log4j/log4j-api/2.11.0/log4j-api-2.11.0.jar:/home/user/.m2/repository/org/apache/logging/log4j/log4j-core/2.11.0/log4j-core-2.11.0.jar:/home/user/.m2/repository/com/lmax/disruptor/3.4.2/disruptor-3.4.2.jar:/home/user/.m2/repository/org/apache/commons/commons-pool2/2.6.0/commons-pool2-2.6.0.jar:/home/user/.m2/repository/org/bouncycastle/bcpkix-jdk15on/1.60/bcpkix-jdk15on-1.60.jar:/home/user/.m2/repository/commons-validator/commons-validator/1.6/commons-validator-1.6.jar:/home/user/.m2/repository/commons-digester/commons-digester/1.8.1/commons-digester-1.8.1.jar:/home/user/.m2/repository/io/jaegertracing/jaeger-client/0.33.1/jaeger-client-0.33.1.jar:/home/user/.m2/repository/io/jaegertracing/jaeger-thrift/0.33.1/jaeger-thrift-0.33.1.jar:/home/user/.m2/repository/org/apache/thrift/libthrift/0.11.0/libthrift-0.11.0.jar:/home/user/.m2/repository/com/squareup/okhttp3/okhttp/3.9.0/okhttp-3.9.0.jar:/home/user/.m2/repository/com/squareup/okio/okio/1.13.0/okio-1.13.0.jar:/home/user/.m2/repository/io/jaegertracing/jaeger-core/0.33.1/jaeger-core-0.33.1.jar:/home/user/.m2/repository/io/jaegertracing/jaeger-tracerresolver/0.33.1/jaeger-tracerresolver-0.33.1.jar:/home/user/.m2/repository/io/opentracing/contrib/opentracing-tracerresolver/0.1.5/opentracing-tracerresolver-0.1.5.jar:/home/user/.m2/repository/io/opentracing/opentracing-util/0.31.0/opentracing-util-0.31.0.jar:/home/user/.m2/repository/io/opentracing/opentracing-api/0.31.0/opentracing-api-0.31.0.jar:/home/user/.m2/repository/io/opentracing/opentracing-noop/0.31.0/opentracing-noop-0.31.0.jar:/home/user/.m2/repository/org/apache/hadoop/hadoop-hdds-server-framework/0.5.0-SNAPSHOT/hadoop-hdds-server-framework-0.5.0-SNAPSHOT.jar:/home/user/.m2/repository/org/apache/hadoop/hadoop-hdds-container-service/0.5.0-SNAPSHOT/hadoop-hdds-container-service-0.5.0-SNAPSHOT.jar:/home/user/.m2/repository/org/apache/hadoop/hadoop-hdds-client/0.5.0-SNAPSHOT/hadoop-hdds-client-0.5.0-SNAPSHOT.jar:/home/user/.m2/repository/org/apache/hadoop/hadoop-hdds-tools/0.5.0-SNAPSHOT/hadoop-hdds-tools-0.5.0-SNAPSHOT.jar:/home/user/.m2/repository/org/apache/hadoop/hadoop-hdds-server-scm/0.5.0-SNAPSHOT/hadoop-hdds-server-scm-0.5.0-SNAPSHOT.jar:/home/user/.m2/repository/org/apache/hadoop/hadoop-hdds-docs/0.5.0-SNAPSHOT/hadoop-hdds-docs-0.5.0-SNAPSHOT.jar:/home/user/.m2/repository/io/dropwizard/metrics/metrics-core/3.2.4/metrics-core-3.2.4.jar:/home/user/.m2/repository/org/hamcrest/hamcrest-all/1.3/hamcrest-all-1.3.jar:/home/user/.m2/repository/org/bouncycastle/bcprov-jdk15on/1.60/bcprov-jdk15on-1.60.jar:/home/user/.m2/repository/info/picocli/picocli/3.9.6/picocli-3.9.6.jar:/home/user/.m2/repository/com/google/protobuf/protobuf-java/2.5.0/protobuf-java-2.5.0.jar:/home/user/.m2/repository/com/google/guava/guava/11.0.2/guava-11.0.2.jar:/home/user/.m2/repository/org/apache/hadoop/hadoop-ozone-ozone-manager/0.5.0-SNAPSHOT/hadoop-ozone-ozone-manager-0.5.0-SNAPSHOT.jar:/home/user/.m2/repository/org/apache/hadoop/hadoop-minikdc/3.2.0/hadoop-minikdc-3.2.0.jar:/home/user/.m2/repository/commons-io/commons-io/2.5/commons-io-2.5.jar:/home/user/.m2/repository/org/apache/kerby/kerb-simplekdc/1.0.1/kerb-simplekdc-1.0.1.jar:/home/user/.m2/repository/org/apache/kerby/kerb-client/1.0.1/kerb-client-1.0.1.jar:/home/user/.m2/repository/org/apache/kerby/kerby-config/1.0.1/kerby-config-1.0.1.jar:/home/user/.m2/repository/org/apache/kerby/kerb-core/1.0.1/kerb-core-1.0.1.jar:/home/user/.m2/repository/org/apache/kerby/kerby-pkix/1.0.1/kerby-pkix-1.0.1.jar:/home/user/.m2/repository/org/apache/kerby/kerby-asn1/1.0.1/kerby-asn1-1.0.1.jar:/home/user/.m2/repository/org/apache/kerby/kerby-util/1.0.1/kerby-util-1.0.1.jar:/home/user/.m2/repository/org/apache/kerby/kerb-common/1.0.1/kerb-common-1.0.1.jar:/home/user/.m2/repository/org/apache/kerby/kerb-crypto/1.0.1/kerb-crypto-1.0.1.jar:/home/user/.m2/repository/org/apache/kerby/kerb-util/1.0.1/kerb-util-1.0.1.jar:/home/user/.m2/repository/org/apache/kerby/token-provider/1.0.1/token-provider-1.0.1.jar:/home/user/.m2/repository/org/apache/kerby/kerb-admin/1.0.1/kerb-admin-1.0.1.jar:/home/user/.m2/repository/org/apache/kerby/kerb-server/1.0.1/kerb-server-1.0.1.jar:/home/user/.m2/repository/org/apache/kerby/kerb-identity/1.0.1/kerb-identity-1.0.1.jar:/home/user/.m2/repository/org/apache/kerby/kerby-xdr/1.0.1/kerby-xdr-1.0.1.jar:/home/user/.m2/repository/org/slf4j/slf4j-log4j12/1.7.25/slf4j-log4j12-1.7.25.jar:/home/user/.m2/repository/org/apache/hadoop/hadoop-ozone-objectstore-service/0.5.0-SNAPSHOT/hadoop-ozone-objectstore-service-0.5.0-SNAPSHOT.jar:/home/user/.m2/repository/org/apache/hadoop/hadoop-ozone-s3gateway/0.5.0-SNAPSHOT/hadoop-ozone-s3gateway-0.5.0-SNAPSHOT.jar:/home/user/.m2/repository/org/jboss/weld/servlet/weld-servlet/2.4.7.Final/weld-servlet-2.4.7.Final.jar:/home/user/.m2/repository/org/glassfish/jersey/containers/jersey-container-servlet-core/2.27/jersey-container-servlet-core-2.27.jar:/home/user/.m2/repository/org/glassfish/hk2/external/javax.inject/2.5.0-b42/javax.inject-2.5.0-b42.jar:/home/user/.m2/repository/org/glassfish/jersey/core/jersey-common/2.27/jersey-common-2.27.jar:/home/user/.m2/repository/org/glassfish/hk2/osgi-resource-locator/1.0.1/osgi-resource-locator-1.0.1.jar:/home/user/.m2/repository/javax/ws/rs/javax.ws.rs-api/2.1/javax.ws.rs-api-2.1.jar:/home/user/.m2/repository/org/glassfish/jersey/ext/cdi/jersey-cdi1x/2.27/jersey-cdi1x-2.27.jar:/home/user/.m2/repository/org/glassfish/jersey/inject/jersey-hk2/2.27/jersey-hk2-2.27.jar:/home/user/.m2/repository/org/glassfish/hk2/hk2-locator/2.5.0-b42/hk2-locator-2.5.0-b42.jar:/home/user/.m2/repository/org/javassist/javassist/3.22.0-CR2/javassist-3.22.0-CR2.jar:/home/user/.m2/repository/org/glassfish/hk2/hk2-api/2.5.0/hk2-api-2.5.0.jar:/home/user/.m2/repository/org/glassfish/hk2/external/jakarta.inject/2.5.0/jakarta.inject-2.5.0.jar:/home/user/.m2/repository/org/glassfish/hk2/hk2-utils/2.5.0/hk2-utils-2.5.0.jar:/home/user/.m2/repository/jakarta/annotation/jakarta.annotation-api/1.3.4/jakarta.annotation-api-1.3.4.jar:/home/user/.m2/repository/org/glassfish/hk2/external/aopalliance-repackaged/2.5.0/aopalliance-repackaged-2.5.0.jar:/home/user/.m2/repository/com/fasterxml/jackson/dataformat/jackson-dataformat-xml/2.9.0/jackson-dataformat-xml-2.9.0.jar:/home/user/.m2/repository/com/fasterxml/jackson/core/jackson-core/2.9.5/jackson-core-2.9.5.jar:/home/user/.m2/repository/com/fasterxml/jackson/module/jackson-module-jaxb-annotations/2.9.5/jackson-module-jaxb-annotations-2.9.5.jar:/home/user/.m2/repository/javax/enterprise/cdi-api/1.2/cdi-api-1.2.jar:/home/user/.m2/repository/javax/el/javax.el-api/3.0.0/javax.el-api-3.0.0.jar:/home/user/.m2/repository/javax/interceptor/javax.interceptor-api/1.2/javax.interceptor-api-1.2.jar:/home/user/.m2/repository/javax/inject/javax.inject/1/javax.inject-1.jar:/home/user/.m2/repository/com/sun/xml/bind/jaxb-impl/2.3.0.1/jaxb-impl-2.3.0.1.jar:/home/user/.m2/repository/com/sun/xml/bind/jaxb-core/2.3.0.1/jaxb-core-2.3.0.1.jar:/home/user/.m2/repository/javax/xml/bind/jaxb-api/2.3.0/jaxb-api-2.3.0.jar:/home/user/.m2/repository/javax/activation/activation/1.1.1/activation-1.1.1.jar:/home/user/.m2/repository/org/apache/hadoop/hadoop-ozone-csi/0.5.0-SNAPSHOT/hadoop-ozone-csi-0.5.0-SNAPSHOT.jar:/home/user/.m2/repository/com/google/protobuf/protobuf-java-util/3.5.1/protobuf-java-util-3.5.1.jar:/home/user/.m2/repository/org/apache/hadoop/hadoop-hdds-config/0.5.0-SNAPSHOT/hadoop-hdds-config-0.5.0-SNAPSHOT.jar:/home/user/.m2/repository/io/grpc/grpc-netty/1.17.1/grpc-netty-1.17.1.jar:/home/user/.m2/repository/io/grpc/grpc-core/1.17.1/grpc-core-1.17.1.jar:/home/user/.m2/repository/io/grpc/grpc-context/1.17.1/grpc-context-1.17.1.jar:/home/user/.m2/repository/com/google/errorprone/error_prone_annotations/2.2.0/error_prone_annotations-2.2.0.jar:/home/user/.m2/repository/org/codehaus/mojo/animal-sniffer-annotations/1.17/animal-sniffer-annotations-1.17.jar:/home/user/.m2/repository/io/opencensus/opencensus-api/0.17.0/opencensus-api-0.17.0.jar:/home/user/.m2/repository/io/opencensus/opencensus-contrib-grpc-metrics/0.17.0/opencensus-contrib-grpc-metrics-0.17.0.jar:/home/user/.m2/repository/io/netty/netty-codec-http2/4.1.30.Final/netty-codec-http2-4.1.30.Final.jar:/home/user/.m2/repository/io/netty/netty-codec-http/4.1.30.Final/netty-codec-http-4.1.30.Final.jar:/home/user/.m2/repository/io/netty/netty-codec/4.1.30.Final/netty-codec-4.1.30.Final.jar:/home/user/.m2/repository/io/netty/netty-handler/4.1.30.Final/netty-handler-4.1.30.Final.jar:/home/user/.m2/repository/io/netty/netty-handler-proxy/4.1.30.Final/netty-handler-proxy-4.1.30.Final.jar:/home/user/.m2/repository/io/netty/netty-codec-socks/4.1.30.Final/netty-codec-socks-4.1.30.Final.jar:/home/user/.m2/repository/io/netty/netty-transport-native-epoll/4.1.30.Final/netty-transport-native-epoll-4.1.30.Final.jar:/home/user/.m2/repository/io/netty/netty-common/4.1.30.Final/netty-common-4.1.30.Final.jar:/home/user/.m2/repository/io/netty/netty-buffer/4.1.30.Final/netty-buffer-4.1.30.Final.jar:/home/user/.m2/repository/io/netty/netty-transport/4.1.30.Final/netty-transport-4.1.30.Final.jar:/home/user/.m2/repository/io/netty/netty-resolver/4.1.30.Final/netty-resolver-4.1.30.Final.jar:/home/user/.m2/repository/io/netty/netty-transport-native-unix-common/4.1.30.Final/netty-transport-native-unix-common-4.1.30.Final.jar:/home/user/.m2/repository/io/grpc/grpc-protobuf/1.17.1/grpc-protobuf-1.17.1.jar:/home/user/.m2/repository/com/google/api/grpc/proto-google-common-protos/1.0.0/proto-google-common-protos-1.0.0.jar:/home/user/.m2/repository/io/grpc/grpc-protobuf-lite/1.17.1/grpc-protobuf-lite-1.17.1.jar:/home/user/.m2/repository/io/grpc/grpc-stub/1.17.1/grpc-stub-1.17.1.jar:/home/user/.m2/repository/org/apache/hadoop/hadoop-ozone-recon/0.5.0-SNAPSHOT/hadoop-ozone-recon-0.5.0-SNAPSHOT.jar:/home/user/.m2/repository/org/apache/hadoop/hadoop-ozone-reconcodegen/0.5.0-SNAPSHOT/hadoop-ozone-reconcodegen-0.5.0-SNAPSHOT.jar:/home/user/.m2/repository/com/google/inject/extensions/guice-multibindings/4.0/guice-multibindings-4.0.jar:/home/user/.m2/repository/com/google/inject/guice/4.0/guice-4.0.jar:/home/user/.m2/repository/aopalliance/aopalliance/1.0/aopalliance-1.0.jar:/home/user/.m2/repository/com/google/inject/extensions/guice-servlet/4.0/guice-servlet-4.0.jar:/home/user/.m2/repository/org/glassfish/jersey/containers/jersey-container-servlet/2.27/jersey-container-servlet-2.27.jar:/home/user/.m2/repository/org/glassfish/hk2/guice-bridge/2.5.0/guice-bridge-2.5.0.jar:/home/user/.m2/repository/org/glassfish/jersey/core/jersey-server/2.27/jersey-server-2.27.jar:/home/user/.m2/repository/org/glassfish/jersey/core/jersey-client/2.27/jersey-client-2.27.jar:/home/user/.m2/repository/org/glassfish/jersey/media/jersey-media-jaxb/2.27/jersey-media-jaxb-2.27.jar:/home/user/.m2/repository/javax/validation/validation-api/1.1.0.Final/validation-api-1.1.0.Final.jar:/home/user/.m2/repository/org/glassfish/jersey/media/jersey-media-json-jackson/2.27/jersey-media-json-jackson-2.27.jar:/home/user/.m2/repository/org/glassfish/jersey/ext/jersey-entity-filtering/2.27/jersey-entity-filtering-2.27.jar:/home/user/.m2/repository/com/google/inject/extensions/guice-assistedinject/4.0/guice-assistedinject-4.0.jar:/home/user/.m2/repository/org/jooq/jooq/3.11.10/jooq-3.11.10.jar:/home/user/.m2/repository/org/jooq/jooq-meta/3.11.10/jooq-meta-3.11.10.jar:/home/user/.m2/repository/org/jooq/jooq-codegen/3.11.10/jooq-codegen-3.11.10.jar:/home/user/.m2/repository/com/jolbox/bonecp/0.8.0.RELEASE/bonecp-0.8.0.RELEASE.jar:/home/user/.m2/repository/org/xerial/sqlite-jdbc/3.25.2/sqlite-jdbc-3.25.2.jar:/home/user/.m2/repository/org/springframework/spring-jdbc/5.1.3.RELEASE/spring-jdbc-5.1.3.RELEASE.jar:/home/user/.m2/repository/org/springframework/spring-beans/5.1.3.RELEASE/spring-beans-5.1.3.RELEASE.jar:/home/user/.m2/repository/org/springframework/spring-core/5.1.3.RELEASE/spring-core-5.1.3.RELEASE.jar:/home/user/.m2/repository/org/springframework/spring-jcl/5.1.3.RELEASE/spring-jcl-5.1.3.RELEASE.jar:/home/user/.m2/repository/org/springframework/spring-tx/5.1.3.RELEASE/spring-tx-5.1.3.RELEASE.jar:/home/user/.m2/repository/org/apache/hadoop/hadoop-ozone-client/0.5.0-SNAPSHOT/hadoop-ozone-client-0.5.0-SNAPSHOT.jar:/home/user/.m2/repository/commons-lang/commons-lang/2.6/commons-lang-2.6.jar:/home/user/.m2/repository/org/apache/hadoop/hadoop-ozone-ozone-manager/0.5.0-SNAPSHOT/hadoop-ozone-ozone-manager-0.5.0-SNAPSHOT-tests.jar:/home/user/.m2/repository/junit/junit/4.11/junit-4.11.jar:/home/user/.m2/repository/org/hamcrest/hamcrest-core/1.3/hamcrest-core-1.3.jar:/home/user/.m2/repository/org/openjdk/jmh/jmh-core/1.19/jmh-core-1.19.jar:/home/user/.m2/repository/net/sf/jopt-simple/jopt-simple/4.6/jopt-simple-4.6.jar:/home/user/.m2/repository/org/apache/commons/commons-math3/3.1.1/commons-math3-3.1.1.jar:/home/user/.m2/repository/org/openjdk/jmh/jmh-generator-annprocess/1.19/jmh-generator-annprocess-1.19.jar:/home/user/.m2/repository/org/mockito/mockito-all/1.8.5/mockito-all-1.8.5.jar:/home/user/.m2/repository/org/apache/hadoop/hadoop-kms/3.2.0/hadoop-kms-3.2.0.jar:/home/user/.m2/repository/org/apache/hadoop/hadoop-auth/3.2.0/hadoop-auth-3.2.0.jar:/home/user/.m2/repository/com/nimbusds/nimbus-jose-jwt/4.41.1/nimbus-jose-jwt-4.41.1.jar:/home/user/.m2/repository/com/github/stephenc/jcip/jcip-annotations/1.0-1/jcip-annotations-1.0-1.jar:/home/user/.m2/repository/net/minidev/json-smart/2.3/json-smart-2.3.jar:/home/user/.m2/repository/net/minidev/accessors-smart/1.2/accessors-smart-1.2.jar:/home/user/.m2/repository/org/ow2/asm/asm/5.0.4/asm-5.0.4.jar:/home/user/.m2/repository/org/apache/curator/curator-framework/2.12.0/curator-framework-2.12.0.jar:/home/user/.m2/repository/com/sun/jersey/jersey-core/1.19/jersey-core-1.19.jar:/home/user/.m2/repository/javax/ws/rs/jsr311-api/1.1.1/jsr311-api-1.1.1.jar:/home/user/.m2/repository/com/sun/jersey/jersey-server/1.19/jersey-server-1.19.jar:/home/user/.m2/repository/javax/servlet/javax.servlet-api/3.1.0/javax.servlet-api-3.1.0.jar:/home/user/.m2/repository/org/eclipse/jetty/jetty-server/9.3.24.v20180605/jetty-server-9.3.24.v20180605.jar:/home/user/.m2/repository/org/eclipse/jetty/jetty-http/9.3.24.v20180605/jetty-http-9.3.24.v20180605.jar:/home/user/.m2/repository/org/eclipse/jetty/jetty-io/9.3.24.v20180605/jetty-io-9.3.24.v20180605.jar:/home/user/.m2/repository/org/eclipse/jetty/jetty-webapp/9.3.24.v20180605/jetty-webapp-9.3.24.v20180605.jar:/home/user/.m2/repository/org/eclipse/jetty/jetty-xml/9.3.24.v20180605/jetty-xml-9.3.24.v20180605.jar:/home/user/.m2/repository/log4j/log4j/1.2.17/log4j-1.2.17.jar:/home/user/.m2/repository/org/slf4j/slf4j-api/1.7.25/slf4j-api-1.7.25.jar:/home/user/.m2/repository/org/slf4j/jul-to-slf4j/1.7.25/jul-to-slf4j-1.7.25.jar:/home/user/.m2/repository/org/eclipse/jetty/jetty-util/9.3.24.v20180605/jetty-util-9.3.24.v20180605.jar:/home/user/.m2/repository/com/fasterxml/jackson/core/jackson-databind/2.9.5/jackson-databind-2.9.5.jar:/home/user/.m2/repository/org/apache/hadoop/hadoop-kms/3.2.0/hadoop-kms-3.2.0-tests.jar:/home/user/.m2/repository/org/apache/hadoop/hadoop-hdds-server-scm/0.5.0-SNAPSHOT/hadoop-hdds-server-scm-0.5.0-SNAPSHOT-tests.jar:/home/user/.m2/repository/org/apache/hadoop/hadoop-hdds-container-service/0.5.0-SNAPSHOT/hadoop-hdds-container-service-0.5.0-SNAPSHOT-tests.jar:/home/user/.m2/repository/org/yaml/snakeyaml/1.16/snakeyaml-1.16.jar:/home/user/.m2/repository/org/apache/hadoop/hadoop-common/3.2.0/hadoop-common-3.2.0-tests.jar:/home/user/.m2/repository/org/apache/hadoop/hadoop-annotations/3.2.0/hadoop-annotations-3.2.0.jar:/usr/lib/jvm/java-1.8-openjdk/jre/../lib/tools.jar:/home/user/.m2/repository/commons-cli/commons-cli/1.2/commons-cli-1.2.jar:/home/user/.m2/repository/org/apache/httpcomponents/httpclient/4.5.2/httpclient-4.5.2.jar:/home/user/.m2/repository/org/apache/httpcomponents/httpcore/4.4.4/httpcore-4.4.4.jar:/home/user/.m2/repository/commons-codec/commons-codec/1.11/commons-codec-1.11.jar:/home/user/.m2/repository/commons-net/commons-net/3.6/commons-net-3.6.jar:/home/user/.m2/repository/commons-collections/commons-collections/3.2.2/commons-collections-3.2.2.jar:/home/user/.m2/repository/org/eclipse/jetty/jetty-servlet/9.3.24.v20180605/jetty-servlet-9.3.24.v20180605.jar:/home/user/.m2/repository/org/eclipse/jetty/jetty-security/9.3.24.v20180605/jetty-security-9.3.24.v20180605.jar:/home/user/.m2/repository/javax/servlet/jsp/jsp-api/2.1/jsp-api-2.1.jar:/home/user/.m2/repository/com/sun/jersey/jersey-servlet/1.19/jersey-servlet-1.19.jar:/home/user/.m2/repository/com/sun/jersey/jersey-json/1.19/jersey-json-1.19.jar:/home/user/.m2/repository/org/codehaus/jettison/jettison/1.1/jettison-1.1.jar:/home/user/.m2/repository/org/codehaus/jackson/jackson-core-asl/1.9.13/jackson-core-asl-1.9.13.jar:/home/user/.m2/repository/org/codehaus/jackson/jackson-mapper-asl/1.9.13/jackson-mapper-asl-1.9.13.jar:/home/user/.m2/repository/org/codehaus/jackson/jackson-jaxrs/1.9.13/jackson-jaxrs-1.9.13.jar:/home/user/.m2/repository/org/codehaus/jackson/jackson-xc/1.9.13/jackson-xc-1.9.13.jar:/home/user/.m2/repository/commons-logging/commons-logging/1.1.3/commons-logging-1.1.3.jar:/home/user/.m2/repository/commons-beanutils/commons-beanutils/1.9.3/commons-beanutils-1.9.3.jar:/home/user/.m2/repository/org/apache/commons/commons-configuration2/2.1.1/commons-configuration2-2.1.1.jar:/home/user/.m2/repository/org/apache/commons/commons-lang3/3.7/commons-lang3-3.7.jar:/home/user/.m2/repository/org/apache/commons/commons-text/1.4/commons-text-1.4.jar:/home/user/.m2/repository/org/apache/avro/avro/1.7.7/avro-1.7.7.jar:/home/user/.m2/repository/com/thoughtworks/paranamer/paranamer/2.3/paranamer-2.3.jar:/home/user/.m2/repository/org/xerial/snappy/snappy-java/1.0.5/snappy-java-1.0.5.jar:/home/user/.m2/repository/com/google/re2j/re2j/1.1/re2j-1.1.jar:/home/user/.m2/repository/com/google/code/gson/gson/2.2.4/gson-2.2.4.jar:/home/user/.m2/repository/com/jcraft/jsch/0.1.54/jsch-0.1.54.jar:/home/user/.m2/repository/org/apache/curator/curator-client/2.12.0/curator-client-2.12.0.jar:/home/user/.m2/repository/org/apache/curator/curator-recipes/2.12.0/curator-recipes-2.12.0.jar:/home/user/.m2/repository/com/google/code/findbugs/jsr305/3.0.0/jsr305-3.0.0.jar:/home/user/.m2/repository/org/apache/htrace/htrace-core4/4.1.0-incubating/htrace-core4-4.1.0-incubating.jar:/home/user/.m2/repository/org/apache/zookeeper/zookeeper/3.4.13/zookeeper-3.4.13.jar:/home/user/.m2/repository/org/apache/yetus/audience-annotations/0.5.0/audience-annotations-0.5.0.jar:/home/user/.m2/repository/org/codehaus/woodstox/stax2-api/3.1.4/stax2-api-3.1.4.jar:/home/user/.m2/repository/com/fasterxml/woodstox/woodstox-core/5.0.3/woodstox-core-5.0.3.jar:/home/user/.m2/repository/dnsjava/dnsjava/2.1.7/dnsjava-2.1.7.jar:/home/user/.m2/repository/org/apache/hadoop/hadoop-hdfs/3.2.0/hadoop-hdfs-3.2.0-tests.jar:/home/user/.m2/repository/org/eclipse/jetty/jetty-util-ajax/9.3.24.v20180605/jetty-util-ajax-9.3.24.v20180605.jar:/home/user/.m2/repository/commons-daemon/commons-daemon/1.0.13/commons-daemon-1.0.13.jar:/home/user/.m2/repository/io/netty/netty/3.10.5.Final/netty-3.10.5.Final.jar:/home/user/.m2/repository/io/netty/netty-all/4.0.52.Final/netty-all-4.0.52.Final.jar:/home/user/.m2/repository/org/fusesource/leveldbjni/leveldbjni-all/1.8/leveldbjni-all-1.8.jar:"/>
    <property name="java.vm.vendor" value="IcedTea"/>
    <property name="sun.arch.data.model" value="64"/>
    <property name="test.build.dir" value="/tmp/workdir/hadoop-ozone/integration-test/target/test-dir"/>
    <property name="test.cache.data" value=""/>
    <property name="java.vendor.url" value="https://icedtea.classpath.org"/>
    <property name="user.timezone" value=""/>
    <property name="java.vm.specification.version" value="1.8"/>
    <property name="os.name" value="Linux"/>
    <property name="test.build.data" value="/tmp/workdir/hadoop-ozone/integration-test/target/test-dir"/>
    <property name="user.country" value="US"/>
    <property name="sun.java.launcher" value="SUN_STANDARD"/>
    <property name="sun.boot.library.path" value="/usr/lib/jvm/java-1.8-openjdk/jre/lib/amd64"/>
    <property name="sun.java.command" value="/tmp/workdir/hadoop-ozone/integration-test/target/surefire/surefirebooter1178047693920822051.jar /tmp/workdir/hadoop-ozone/integration-test/target/surefire 2019-07-13T12-10-24_472-jvmRun1 surefire2652504071964530559tmp surefire_397898312336475557961tmp"/>
    <property name="surefire.test.class.path" value="/tmp/workdir/hadoop-ozone/integration-test/target/test-classes:/tmp/workdir/hadoop-ozone/integration-test/target/classes:/home/user/.m2/repository/org/apache/hadoop/hadoop-ozone-common/0.5.0-SNAPSHOT/hadoop-ozone-common-0.5.0-SNAPSHOT.jar:/home/user/.m2/repository/org/apache/commons/commons-compress/1.4.1/commons-compress-1.4.1.jar:/home/user/.m2/repository/org/tukaani/xz/1.0/xz-1.0.jar:/home/user/.m2/repository/org/apache/hadoop/hadoop-common/3.2.0/hadoop-common-3.2.0.jar:/home/user/.m2/repository/org/apache/hadoop/hadoop-hdfs/3.2.0/hadoop-hdfs-3.2.0.jar:/home/user/.m2/repository/org/apache/hadoop/hadoop-hdfs-client/3.2.0/hadoop-hdfs-client-3.2.0.jar:/home/user/.m2/repository/com/fasterxml/jackson/core/jackson-annotations/2.9.5/jackson-annotations-2.9.5.jar:/home/user/.m2/repository/org/apache/hadoop/hadoop-hdds-common/0.5.0-SNAPSHOT/hadoop-hdds-common-0.5.0-SNAPSHOT.jar:/home/user/.m2/repository/javax/annotation/javax.annotation-api/1.2/javax.annotation-api-1.2.jar:/home/user/.m2/repository/org/apache/ratis/ratis-server/0.4.0-2337318-SNAPSHOT/ratis-server-0.4.0-2337318-SNAPSHOT.jar:/home/user/.m2/repository/org/apache/ratis/ratis-thirdparty-misc/0.2.0/ratis-thirdparty-misc-0.2.0.jar:/home/user/.m2/repository/org/apache/ratis/ratis-proto/0.4.0-2337318-SNAPSHOT/ratis-proto-0.4.0-2337318-SNAPSHOT.jar:/home/user/.m2/repository/org/apache/ratis/ratis-common/0.4.0-2337318-SNAPSHOT/ratis-common-0.4.0-2337318-SNAPSHOT.jar:/home/user/.m2/repository/org/apache/ratis/ratis-client/0.4.0-2337318-SNAPSHOT/ratis-client-0.4.0-2337318-SNAPSHOT.jar:/home/user/.m2/repository/org/apache/ratis/ratis-metrics/0.4.0-2337318-SNAPSHOT/ratis-metrics-0.4.0-2337318-SNAPSHOT.jar:/home/user/.m2/repository/org/apache/ratis/ratis-netty/0.4.0-2337318-SNAPSHOT/ratis-netty-0.4.0-2337318-SNAPSHOT.jar:/home/user/.m2/repository/org/apache/ratis/ratis-grpc/0.4.0-2337318-SNAPSHOT/ratis-grpc-0.4.0-2337318-SNAPSHOT.jar:/home/user/.m2/repository/org/rocksdb/rocksdbjni/6.0.1/rocksdbjni-6.0.1.jar:/home/user/.m2/repository/org/apache/logging/log4j/log4j-api/2.11.0/log4j-api-2.11.0.jar:/home/user/.m2/repository/org/apache/logging/log4j/log4j-core/2.11.0/log4j-core-2.11.0.jar:/home/user/.m2/repository/com/lmax/disruptor/3.4.2/disruptor-3.4.2.jar:/home/user/.m2/repository/org/apache/commons/commons-pool2/2.6.0/commons-pool2-2.6.0.jar:/home/user/.m2/repository/org/bouncycastle/bcpkix-jdk15on/1.60/bcpkix-jdk15on-1.60.jar:/home/user/.m2/repository/commons-validator/commons-validator/1.6/commons-validator-1.6.jar:/home/user/.m2/repository/commons-digester/commons-digester/1.8.1/commons-digester-1.8.1.jar:/home/user/.m2/repository/io/jaegertracing/jaeger-client/0.33.1/jaeger-client-0.33.1.jar:/home/user/.m2/repository/io/jaegertracing/jaeger-thrift/0.33.1/jaeger-thrift-0.33.1.jar:/home/user/.m2/repository/org/apache/thrift/libthrift/0.11.0/libthrift-0.11.0.jar:/home/user/.m2/repository/com/squareup/okhttp3/okhttp/3.9.0/okhttp-3.9.0.jar:/home/user/.m2/repository/com/squareup/okio/okio/1.13.0/okio-1.13.0.jar:/home/user/.m2/repository/io/jaegertracing/jaeger-core/0.33.1/jaeger-core-0.33.1.jar:/home/user/.m2/repository/io/jaegertracing/jaeger-tracerresolver/0.33.1/jaeger-tracerresolver-0.33.1.jar:/home/user/.m2/repository/io/opentracing/contrib/opentracing-tracerresolver/0.1.5/opentracing-tracerresolver-0.1.5.jar:/home/user/.m2/repository/io/opentracing/opentracing-util/0.31.0/opentracing-util-0.31.0.jar:/home/user/.m2/repository/io/opentracing/opentracing-api/0.31.0/opentracing-api-0.31.0.jar:/home/user/.m2/repository/io/opentracing/opentracing-noop/0.31.0/opentracing-noop-0.31.0.jar:/home/user/.m2/repository/org/apache/hadoop/hadoop-hdds-server-framework/0.5.0-SNAPSHOT/hadoop-hdds-server-framework-0.5.0-SNAPSHOT.jar:/home/user/.m2/repository/org/apache/hadoop/hadoop-hdds-container-service/0.5.0-SNAPSHOT/hadoop-hdds-container-service-0.5.0-SNAPSHOT.jar:/home/user/.m2/repository/org/apache/hadoop/hadoop-hdds-client/0.5.0-SNAPSHOT/hadoop-hdds-client-0.5.0-SNAPSHOT.jar:/home/user/.m2/repository/org/apache/hadoop/hadoop-hdds-tools/0.5.0-SNAPSHOT/hadoop-hdds-tools-0.5.0-SNAPSHOT.jar:/home/user/.m2/repository/org/apache/hadoop/hadoop-hdds-server-scm/0.5.0-SNAPSHOT/hadoop-hdds-server-scm-0.5.0-SNAPSHOT.jar:/home/user/.m2/repository/org/apache/hadoop/hadoop-hdds-docs/0.5.0-SNAPSHOT/hadoop-hdds-docs-0.5.0-SNAPSHOT.jar:/home/user/.m2/repository/io/dropwizard/metrics/metrics-core/3.2.4/metrics-core-3.2.4.jar:/home/user/.m2/repository/org/hamcrest/hamcrest-all/1.3/hamcrest-all-1.3.jar:/home/user/.m2/repository/org/bouncycastle/bcprov-jdk15on/1.60/bcprov-jdk15on-1.60.jar:/home/user/.m2/repository/info/picocli/picocli/3.9.6/picocli-3.9.6.jar:/home/user/.m2/repository/com/google/protobuf/protobuf-java/2.5.0/protobuf-java-2.5.0.jar:/home/user/.m2/repository/com/google/guava/guava/11.0.2/guava-11.0.2.jar:/home/user/.m2/repository/org/apache/hadoop/hadoop-ozone-ozone-manager/0.5.0-SNAPSHOT/hadoop-ozone-ozone-manager-0.5.0-SNAPSHOT.jar:/home/user/.m2/repository/org/apache/hadoop/hadoop-minikdc/3.2.0/hadoop-minikdc-3.2.0.jar:/home/user/.m2/repository/commons-io/commons-io/2.5/commons-io-2.5.jar:/home/user/.m2/repository/org/apache/kerby/kerb-simplekdc/1.0.1/kerb-simplekdc-1.0.1.jar:/home/user/.m2/repository/org/apache/kerby/kerb-client/1.0.1/kerb-client-1.0.1.jar:/home/user/.m2/repository/org/apache/kerby/kerby-config/1.0.1/kerby-config-1.0.1.jar:/home/user/.m2/repository/org/apache/kerby/kerb-core/1.0.1/kerb-core-1.0.1.jar:/home/user/.m2/repository/org/apache/kerby/kerby-pkix/1.0.1/kerby-pkix-1.0.1.jar:/home/user/.m2/repository/org/apache/kerby/kerby-asn1/1.0.1/kerby-asn1-1.0.1.jar:/home/user/.m2/repository/org/apache/kerby/kerby-util/1.0.1/kerby-util-1.0.1.jar:/home/user/.m2/repository/org/apache/kerby/kerb-common/1.0.1/kerb-common-1.0.1.jar:/home/user/.m2/repository/org/apache/kerby/kerb-crypto/1.0.1/kerb-crypto-1.0.1.jar:/home/user/.m2/repository/org/apache/kerby/kerb-util/1.0.1/kerb-util-1.0.1.jar:/home/user/.m2/repository/org/apache/kerby/token-provider/1.0.1/token-provider-1.0.1.jar:/home/user/.m2/repository/org/apache/kerby/kerb-admin/1.0.1/kerb-admin-1.0.1.jar:/home/user/.m2/repository/org/apache/kerby/kerb-server/1.0.1/kerb-server-1.0.1.jar:/home/user/.m2/repository/org/apache/kerby/kerb-identity/1.0.1/kerb-identity-1.0.1.jar:/home/user/.m2/repository/org/apache/kerby/kerby-xdr/1.0.1/kerby-xdr-1.0.1.jar:/home/user/.m2/repository/org/slf4j/slf4j-log4j12/1.7.25/slf4j-log4j12-1.7.25.jar:/home/user/.m2/repository/org/apache/hadoop/hadoop-ozone-objectstore-service/0.5.0-SNAPSHOT/hadoop-ozone-objectstore-service-0.5.0-SNAPSHOT.jar:/home/user/.m2/repository/org/apache/hadoop/hadoop-ozone-s3gateway/0.5.0-SNAPSHOT/hadoop-ozone-s3gateway-0.5.0-SNAPSHOT.jar:/home/user/.m2/repository/org/jboss/weld/servlet/weld-servlet/2.4.7.Final/weld-servlet-2.4.7.Final.jar:/home/user/.m2/repository/org/glassfish/jersey/containers/jersey-container-servlet-core/2.27/jersey-container-servlet-core-2.27.jar:/home/user/.m2/repository/org/glassfish/hk2/external/javax.inject/2.5.0-b42/javax.inject-2.5.0-b42.jar:/home/user/.m2/repository/org/glassfish/jersey/core/jersey-common/2.27/jersey-common-2.27.jar:/home/user/.m2/repository/org/glassfish/hk2/osgi-resource-locator/1.0.1/osgi-resource-locator-1.0.1.jar:/home/user/.m2/repository/javax/ws/rs/javax.ws.rs-api/2.1/javax.ws.rs-api-2.1.jar:/home/user/.m2/repository/org/glassfish/jersey/ext/cdi/jersey-cdi1x/2.27/jersey-cdi1x-2.27.jar:/home/user/.m2/repository/org/glassfish/jersey/inject/jersey-hk2/2.27/jersey-hk2-2.27.jar:/home/user/.m2/repository/org/glassfish/hk2/hk2-locator/2.5.0-b42/hk2-locator-2.5.0-b42.jar:/home/user/.m2/repository/org/javassist/javassist/3.22.0-CR2/javassist-3.22.0-CR2.jar:/home/user/.m2/repository/org/glassfish/hk2/hk2-api/2.5.0/hk2-api-2.5.0.jar:/home/user/.m2/repository/org/glassfish/hk2/external/jakarta.inject/2.5.0/jakarta.inject-2.5.0.jar:/home/user/.m2/repository/org/glassfish/hk2/hk2-utils/2.5.0/hk2-utils-2.5.0.jar:/home/user/.m2/repository/jakarta/annotation/jakarta.annotation-api/1.3.4/jakarta.annotation-api-1.3.4.jar:/home/user/.m2/repository/org/glassfish/hk2/external/aopalliance-repackaged/2.5.0/aopalliance-repackaged-2.5.0.jar:/home/user/.m2/repository/com/fasterxml/jackson/dataformat/jackson-dataformat-xml/2.9.0/jackson-dataformat-xml-2.9.0.jar:/home/user/.m2/repository/com/fasterxml/jackson/core/jackson-core/2.9.5/jackson-core-2.9.5.jar:/home/user/.m2/repository/com/fasterxml/jackson/module/jackson-module-jaxb-annotations/2.9.5/jackson-module-jaxb-annotations-2.9.5.jar:/home/user/.m2/repository/javax/enterprise/cdi-api/1.2/cdi-api-1.2.jar:/home/user/.m2/repository/javax/el/javax.el-api/3.0.0/javax.el-api-3.0.0.jar:/home/user/.m2/repository/javax/interceptor/javax.interceptor-api/1.2/javax.interceptor-api-1.2.jar:/home/user/.m2/repository/javax/inject/javax.inject/1/javax.inject-1.jar:/home/user/.m2/repository/com/sun/xml/bind/jaxb-impl/2.3.0.1/jaxb-impl-2.3.0.1.jar:/home/user/.m2/repository/com/sun/xml/bind/jaxb-core/2.3.0.1/jaxb-core-2.3.0.1.jar:/home/user/.m2/repository/javax/xml/bind/jaxb-api/2.3.0/jaxb-api-2.3.0.jar:/home/user/.m2/repository/javax/activation/activation/1.1.1/activation-1.1.1.jar:/home/user/.m2/repository/org/apache/hadoop/hadoop-ozone-csi/0.5.0-SNAPSHOT/hadoop-ozone-csi-0.5.0-SNAPSHOT.jar:/home/user/.m2/repository/com/google/protobuf/protobuf-java-util/3.5.1/protobuf-java-util-3.5.1.jar:/home/user/.m2/repository/org/apache/hadoop/hadoop-hdds-config/0.5.0-SNAPSHOT/hadoop-hdds-config-0.5.0-SNAPSHOT.jar:/home/user/.m2/repository/io/grpc/grpc-netty/1.17.1/grpc-netty-1.17.1.jar:/home/user/.m2/repository/io/grpc/grpc-core/1.17.1/grpc-core-1.17.1.jar:/home/user/.m2/repository/io/grpc/grpc-context/1.17.1/grpc-context-1.17.1.jar:/home/user/.m2/repository/com/google/errorprone/error_prone_annotations/2.2.0/error_prone_annotations-2.2.0.jar:/home/user/.m2/repository/org/codehaus/mojo/animal-sniffer-annotations/1.17/animal-sniffer-annotations-1.17.jar:/home/user/.m2/repository/io/opencensus/opencensus-api/0.17.0/opencensus-api-0.17.0.jar:/home/user/.m2/repository/io/opencensus/opencensus-contrib-grpc-metrics/0.17.0/opencensus-contrib-grpc-metrics-0.17.0.jar:/home/user/.m2/repository/io/netty/netty-codec-http2/4.1.30.Final/netty-codec-http2-4.1.30.Final.jar:/home/user/.m2/repository/io/netty/netty-codec-http/4.1.30.Final/netty-codec-http-4.1.30.Final.jar:/home/user/.m2/repository/io/netty/netty-codec/4.1.30.Final/netty-codec-4.1.30.Final.jar:/home/user/.m2/repository/io/netty/netty-handler/4.1.30.Final/netty-handler-4.1.30.Final.jar:/home/user/.m2/repository/io/netty/netty-handler-proxy/4.1.30.Final/netty-handler-proxy-4.1.30.Final.jar:/home/user/.m2/repository/io/netty/netty-codec-socks/4.1.30.Final/netty-codec-socks-4.1.30.Final.jar:/home/user/.m2/repository/io/netty/netty-transport-native-epoll/4.1.30.Final/netty-transport-native-epoll-4.1.30.Final.jar:/home/user/.m2/repository/io/netty/netty-common/4.1.30.Final/netty-common-4.1.30.Final.jar:/home/user/.m2/repository/io/netty/netty-buffer/4.1.30.Final/netty-buffer-4.1.30.Final.jar:/home/user/.m2/repository/io/netty/netty-transport/4.1.30.Final/netty-transport-4.1.30.Final.jar:/home/user/.m2/repository/io/netty/netty-resolver/4.1.30.Final/netty-resolver-4.1.30.Final.jar:/home/user/.m2/repository/io/netty/netty-transport-native-unix-common/4.1.30.Final/netty-transport-native-unix-common-4.1.30.Final.jar:/home/user/.m2/repository/io/grpc/grpc-protobuf/1.17.1/grpc-protobuf-1.17.1.jar:/home/user/.m2/repository/com/google/api/grpc/proto-google-common-protos/1.0.0/proto-google-common-protos-1.0.0.jar:/home/user/.m2/repository/io/grpc/grpc-protobuf-lite/1.17.1/grpc-protobuf-lite-1.17.1.jar:/home/user/.m2/repository/io/grpc/grpc-stub/1.17.1/grpc-stub-1.17.1.jar:/home/user/.m2/repository/org/apache/hadoop/hadoop-ozone-recon/0.5.0-SNAPSHOT/hadoop-ozone-recon-0.5.0-SNAPSHOT.jar:/home/user/.m2/repository/org/apache/hadoop/hadoop-ozone-reconcodegen/0.5.0-SNAPSHOT/hadoop-ozone-reconcodegen-0.5.0-SNAPSHOT.jar:/home/user/.m2/repository/com/google/inject/extensions/guice-multibindings/4.0/guice-multibindings-4.0.jar:/home/user/.m2/repository/com/google/inject/guice/4.0/guice-4.0.jar:/home/user/.m2/repository/aopalliance/aopalliance/1.0/aopalliance-1.0.jar:/home/user/.m2/repository/com/google/inject/extensions/guice-servlet/4.0/guice-servlet-4.0.jar:/home/user/.m2/repository/org/glassfish/jersey/containers/jersey-container-servlet/2.27/jersey-container-servlet-2.27.jar:/home/user/.m2/repository/org/glassfish/hk2/guice-bridge/2.5.0/guice-bridge-2.5.0.jar:/home/user/.m2/repository/org/glassfish/jersey/core/jersey-server/2.27/jersey-server-2.27.jar:/home/user/.m2/repository/org/glassfish/jersey/core/jersey-client/2.27/jersey-client-2.27.jar:/home/user/.m2/repository/org/glassfish/jersey/media/jersey-media-jaxb/2.27/jersey-media-jaxb-2.27.jar:/home/user/.m2/repository/javax/validation/validation-api/1.1.0.Final/validation-api-1.1.0.Final.jar:/home/user/.m2/repository/org/glassfish/jersey/media/jersey-media-json-jackson/2.27/jersey-media-json-jackson-2.27.jar:/home/user/.m2/repository/org/glassfish/jersey/ext/jersey-entity-filtering/2.27/jersey-entity-filtering-2.27.jar:/home/user/.m2/repository/com/google/inject/extensions/guice-assistedinject/4.0/guice-assistedinject-4.0.jar:/home/user/.m2/repository/org/jooq/jooq/3.11.10/jooq-3.11.10.jar:/home/user/.m2/repository/org/jooq/jooq-meta/3.11.10/jooq-meta-3.11.10.jar:/home/user/.m2/repository/org/jooq/jooq-codegen/3.11.10/jooq-codegen-3.11.10.jar:/home/user/.m2/repository/com/jolbox/bonecp/0.8.0.RELEASE/bonecp-0.8.0.RELEASE.jar:/home/user/.m2/repository/org/xerial/sqlite-jdbc/3.25.2/sqlite-jdbc-3.25.2.jar:/home/user/.m2/repository/org/springframework/spring-jdbc/5.1.3.RELEASE/spring-jdbc-5.1.3.RELEASE.jar:/home/user/.m2/repository/org/springframework/spring-beans/5.1.3.RELEASE/spring-beans-5.1.3.RELEASE.jar:/home/user/.m2/repository/org/springframework/spring-core/5.1.3.RELEASE/spring-core-5.1.3.RELEASE.jar:/home/user/.m2/repository/org/springframework/spring-jcl/5.1.3.RELEASE/spring-jcl-5.1.3.RELEASE.jar:/home/user/.m2/repository/org/springframework/spring-tx/5.1.3.RELEASE/spring-tx-5.1.3.RELEASE.jar:/home/user/.m2/repository/org/apache/hadoop/hadoop-ozone-client/0.5.0-SNAPSHOT/hadoop-ozone-client-0.5.0-SNAPSHOT.jar:/home/user/.m2/repository/commons-lang/commons-lang/2.6/commons-lang-2.6.jar:/home/user/.m2/repository/org/apache/hadoop/hadoop-ozone-ozone-manager/0.5.0-SNAPSHOT/hadoop-ozone-ozone-manager-0.5.0-SNAPSHOT-tests.jar:/home/user/.m2/repository/junit/junit/4.11/junit-4.11.jar:/home/user/.m2/repository/org/hamcrest/hamcrest-core/1.3/hamcrest-core-1.3.jar:/home/user/.m2/repository/org/openjdk/jmh/jmh-core/1.19/jmh-core-1.19.jar:/home/user/.m2/repository/net/sf/jopt-simple/jopt-simple/4.6/jopt-simple-4.6.jar:/home/user/.m2/repository/org/apache/commons/commons-math3/3.1.1/commons-math3-3.1.1.jar:/home/user/.m2/repository/org/openjdk/jmh/jmh-generator-annprocess/1.19/jmh-generator-annprocess-1.19.jar:/home/user/.m2/repository/org/mockito/mockito-all/1.8.5/mockito-all-1.8.5.jar:/home/user/.m2/repository/org/apache/hadoop/hadoop-kms/3.2.0/hadoop-kms-3.2.0.jar:/home/user/.m2/repository/org/apache/hadoop/hadoop-auth/3.2.0/hadoop-auth-3.2.0.jar:/home/user/.m2/repository/com/nimbusds/nimbus-jose-jwt/4.41.1/nimbus-jose-jwt-4.41.1.jar:/home/user/.m2/repository/com/github/stephenc/jcip/jcip-annotations/1.0-1/jcip-annotations-1.0-1.jar:/home/user/.m2/repository/net/minidev/json-smart/2.3/json-smart-2.3.jar:/home/user/.m2/repository/net/minidev/accessors-smart/1.2/accessors-smart-1.2.jar:/home/user/.m2/repository/org/ow2/asm/asm/5.0.4/asm-5.0.4.jar:/home/user/.m2/repository/org/apache/curator/curator-framework/2.12.0/curator-framework-2.12.0.jar:/home/user/.m2/repository/com/sun/jersey/jersey-core/1.19/jersey-core-1.19.jar:/home/user/.m2/repository/javax/ws/rs/jsr311-api/1.1.1/jsr311-api-1.1.1.jar:/home/user/.m2/repository/com/sun/jersey/jersey-server/1.19/jersey-server-1.19.jar:/home/user/.m2/repository/javax/servlet/javax.servlet-api/3.1.0/javax.servlet-api-3.1.0.jar:/home/user/.m2/repository/org/eclipse/jetty/jetty-server/9.3.24.v20180605/jetty-server-9.3.24.v20180605.jar:/home/user/.m2/repository/org/eclipse/jetty/jetty-http/9.3.24.v20180605/jetty-http-9.3.24.v20180605.jar:/home/user/.m2/repository/org/eclipse/jetty/jetty-io/9.3.24.v20180605/jetty-io-9.3.24.v20180605.jar:/home/user/.m2/repository/org/eclipse/jetty/jetty-webapp/9.3.24.v20180605/jetty-webapp-9.3.24.v20180605.jar:/home/user/.m2/repository/org/eclipse/jetty/jetty-xml/9.3.24.v20180605/jetty-xml-9.3.24.v20180605.jar:/home/user/.m2/repository/log4j/log4j/1.2.17/log4j-1.2.17.jar:/home/user/.m2/repository/org/slf4j/slf4j-api/1.7.25/slf4j-api-1.7.25.jar:/home/user/.m2/repository/org/slf4j/jul-to-slf4j/1.7.25/jul-to-slf4j-1.7.25.jar:/home/user/.m2/repository/org/eclipse/jetty/jetty-util/9.3.24.v20180605/jetty-util-9.3.24.v20180605.jar:/home/user/.m2/repository/com/fasterxml/jackson/core/jackson-databind/2.9.5/jackson-databind-2.9.5.jar:/home/user/.m2/repository/org/apache/hadoop/hadoop-kms/3.2.0/hadoop-kms-3.2.0-tests.jar:/home/user/.m2/repository/org/apache/hadoop/hadoop-hdds-server-scm/0.5.0-SNAPSHOT/hadoop-hdds-server-scm-0.5.0-SNAPSHOT-tests.jar:/home/user/.m2/repository/org/apache/hadoop/hadoop-hdds-container-service/0.5.0-SNAPSHOT/hadoop-hdds-container-service-0.5.0-SNAPSHOT-tests.jar:/home/user/.m2/repository/org/yaml/snakeyaml/1.16/snakeyaml-1.16.jar:/home/user/.m2/repository/org/apache/hadoop/hadoop-common/3.2.0/hadoop-common-3.2.0-tests.jar:/home/user/.m2/repository/org/apache/hadoop/hadoop-annotations/3.2.0/hadoop-annotations-3.2.0.jar:/usr/lib/jvm/java-1.8-openjdk/jre/../lib/tools.jar:/home/user/.m2/repository/commons-cli/commons-cli/1.2/commons-cli-1.2.jar:/home/user/.m2/repository/org/apache/httpcomponents/httpclient/4.5.2/httpclient-4.5.2.jar:/home/user/.m2/repository/org/apache/httpcomponents/httpcore/4.4.4/httpcore-4.4.4.jar:/home/user/.m2/repository/commons-codec/commons-codec/1.11/commons-codec-1.11.jar:/home/user/.m2/repository/commons-net/commons-net/3.6/commons-net-3.6.jar:/home/user/.m2/repository/commons-collections/commons-collections/3.2.2/commons-collections-3.2.2.jar:/home/user/.m2/repository/org/eclipse/jetty/jetty-servlet/9.3.24.v20180605/jetty-servlet-9.3.24.v20180605.jar:/home/user/.m2/repository/org/eclipse/jetty/jetty-security/9.3.24.v20180605/jetty-security-9.3.24.v20180605.jar:/home/user/.m2/repository/javax/servlet/jsp/jsp-api/2.1/jsp-api-2.1.jar:/home/user/.m2/repository/com/sun/jersey/jersey-servlet/1.19/jersey-servlet-1.19.jar:/home/user/.m2/repository/com/sun/jersey/jersey-json/1.19/jersey-json-1.19.jar:/home/user/.m2/repository/org/codehaus/jettison/jettison/1.1/jettison-1.1.jar:/home/user/.m2/repository/org/codehaus/jackson/jackson-core-asl/1.9.13/jackson-core-asl-1.9.13.jar:/home/user/.m2/repository/org/codehaus/jackson/jackson-mapper-asl/1.9.13/jackson-mapper-asl-1.9.13.jar:/home/user/.m2/repository/org/codehaus/jackson/jackson-jaxrs/1.9.13/jackson-jaxrs-1.9.13.jar:/home/user/.m2/repository/org/codehaus/jackson/jackson-xc/1.9.13/jackson-xc-1.9.13.jar:/home/user/.m2/repository/commons-logging/commons-logging/1.1.3/commons-logging-1.1.3.jar:/home/user/.m2/repository/commons-beanutils/commons-beanutils/1.9.3/commons-beanutils-1.9.3.jar:/home/user/.m2/repository/org/apache/commons/commons-configuration2/2.1.1/commons-configuration2-2.1.1.jar:/home/user/.m2/repository/org/apache/commons/commons-lang3/3.7/commons-lang3-3.7.jar:/home/user/.m2/repository/org/apache/commons/commons-text/1.4/commons-text-1.4.jar:/home/user/.m2/repository/org/apache/avro/avro/1.7.7/avro-1.7.7.jar:/home/user/.m2/repository/com/thoughtworks/paranamer/paranamer/2.3/paranamer-2.3.jar:/home/user/.m2/repository/org/xerial/snappy/snappy-java/1.0.5/snappy-java-1.0.5.jar:/home/user/.m2/repository/com/google/re2j/re2j/1.1/re2j-1.1.jar:/home/user/.m2/repository/com/google/code/gson/gson/2.2.4/gson-2.2.4.jar:/home/user/.m2/repository/com/jcraft/jsch/0.1.54/jsch-0.1.54.jar:/home/user/.m2/repository/org/apache/curator/curator-client/2.12.0/curator-client-2.12.0.jar:/home/user/.m2/repository/org/apache/curator/curator-recipes/2.12.0/curator-recipes-2.12.0.jar:/home/user/.m2/repository/com/google/code/findbugs/jsr305/3.0.0/jsr305-3.0.0.jar:/home/user/.m2/repository/org/apache/htrace/htrace-core4/4.1.0-incubating/htrace-core4-4.1.0-incubating.jar:/home/user/.m2/repository/org/apache/zookeeper/zookeeper/3.4.13/zookeeper-3.4.13.jar:/home/user/.m2/repository/org/apache/yetus/audience-annotations/0.5.0/audience-annotations-0.5.0.jar:/home/user/.m2/repository/org/codehaus/woodstox/stax2-api/3.1.4/stax2-api-3.1.4.jar:/home/user/.m2/repository/com/fasterxml/woodstox/woodstox-core/5.0.3/woodstox-core-5.0.3.jar:/home/user/.m2/repository/dnsjava/dnsjava/2.1.7/dnsjava-2.1.7.jar:/home/user/.m2/repository/org/apache/hadoop/hadoop-hdfs/3.2.0/hadoop-hdfs-3.2.0-tests.jar:/home/user/.m2/repository/org/eclipse/jetty/jetty-util-ajax/9.3.24.v20180605/jetty-util-ajax-9.3.24.v20180605.jar:/home/user/.m2/repository/commons-daemon/commons-daemon/1.0.13/commons-daemon-1.0.13.jar:/home/user/.m2/repository/io/netty/netty/3.10.5.Final/netty-3.10.5.Final.jar:/home/user/.m2/repository/io/netty/netty-all/4.0.52.Final/netty-all-4.0.52.Final.jar:/home/user/.m2/repository/org/fusesource/leveldbjni/leveldbjni-all/1.8/leveldbjni-all-1.8.jar:"/>
    <property name="sun.cpu.endian" value="little"/>
    <property name="user.home" value="/home/user"/>
    <property name="user.language" value="en"/>
    <property name="java.specification.vendor" value="Oracle Corporation"/>
    <property name="java.home" value="/usr/lib/jvm/java-1.8-openjdk/jre"/>
    <property name="java.security.krb5.conf" value="/tmp/workdir/hadoop-ozone/integration-test/target/test-classes/krb5.conf"/>
    <property name="basedir" value="/tmp/workdir/hadoop-ozone/integration-test"/>
    <property name="file.separator" value="/"/>
    <property name="line.separator" value="&#10;"/>
    <property name="java.vm.specification.vendor" value="Oracle Corporation"/>
    <property name="java.specification.name" value="Java Platform API Specification"/>
    <property name="java.awt.graphicsenv" value="sun.awt.X11GraphicsEnvironment"/>
    <property name="surefire.real.class.path" value="/tmp/workdir/hadoop-ozone/integration-test/target/surefire/surefirebooter1178047693920822051.jar"/>
    <property name="hadoop.log.dir" value="/tmp/workdir/hadoop-ozone/integration-test/target/log"/>
    <property name="sun.boot.class.path" value="/usr/lib/jvm/java-1.8-openjdk/jre/lib/resources.jar:/usr/lib/jvm/java-1.8-openjdk/jre/lib/rt.jar:/usr/lib/jvm/java-1.8-openjdk/jre/lib/sunrsasign.jar:/usr/lib/jvm/java-1.8-openjdk/jre/lib/jsse.jar:/usr/lib/jvm/java-1.8-openjdk/jre/lib/jce.jar:/usr/lib/jvm/java-1.8-openjdk/jre/lib/charsets.jar:/usr/lib/jvm/java-1.8-openjdk/jre/lib/jfr.jar:/usr/lib/jvm/java-1.8-openjdk/jre/classes"/>
    <property name="sun.management.compiler" value="HotSpot 64-Bit Tiered Compilers"/>
    <property name="java.runtime.version" value="1.8.0_212-b04"/>
    <property name="java.net.preferIPv4Stack" value="true"/>
    <property name="user.name" value="jenkins1000"/>
    <property name="path.separator" value=":"/>
    <property name="java.security.egd" value="file:///dev/urandom"/>
    <property name="os.version" value="3.10.0-957.12.2.el7.x86_64"/>
    <property name="java.endorsed.dirs" value="/usr/lib/jvm/java-1.8-openjdk/jre/lib/endorsed"/>
    <property name="java.runtime.name" value="OpenJDK Runtime Environment"/>
    <property name="file.encoding" value="UTF-8"/>
    <property name="java.vm.name" value="OpenJDK 64-Bit Server VM"/>
    <property name="test.build.webapps" value=""/>
    <property name="localRepository" value="/home/user/.m2/repository"/>
    <property name="java.vendor.url.bug" value="https://icedtea.classpath.org/bugzilla"/>
    <property name="java.io.tmpdir" value="/tmp"/>
    <property name="require.test.libhadoop" value=""/>
    <property name="java.version" value="1.8.0_212"/>
    <property name="user.dir" value="/tmp/workdir/hadoop-ozone/integration-test"/>
    <property name="os.arch" value="amd64"/>
    <property name="java.vm.specification.name" value="Java Virtual Machine Specification"/>
    <property name="test.build.classes" value="/tmp/workdir/hadoop-ozone/integration-test/target/test-classes"/>
    <property name="java.awt.printerjob" value="sun.print.PSPrinterJob"/>
    <property name="sun.os.patch.level" value="unknown"/>
    <property name="hadoop.tmp.dir" value="/tmp/workdir/hadoop-ozone/integration-test/target/tmp"/>
    <property name="java.library.path" value="/usr/lib/jvm/java-1.8-openjdk/jre/lib/amd64/server:/usr/lib/jvm/java-1.8-openjdk/jre/lib/amd64:/usr/lib/jvm/java-1.8-openjdk/jre/../lib/amd64:/tmp/workdir/hadoop-ozone/integration-test/target/native/target/usr/local/lib:/tmp/workdir/hadoop-ozone/integration-test/../../hadoop-common-project/hadoop-common/target/native/target/usr/local/lib:/usr/java/packages/lib/amd64:/usr/lib64:/lib64:/lib:/usr/lib"/>
    <property name="java.vm.info" value="mixed mode"/>
    <property name="java.vendor" value="IcedTea"/>
    <property name="java.vm.version" value="25.212-b04"/>
    <property name="java.ext.dirs" value="/usr/lib/jvm/java-1.8-openjdk/jre/lib/ext:/usr/java/packages/lib/ext"/>
    <property name="sun.io.unicode.encoding" value="UnicodeLittle"/>
    <property name="java.class.version" value="52.0"/>
  </properties>
  <testcase name="testWatchForCommitWithKeyWrite" classname="org.apache.hadoop.ozone.client.rpc.TestWatchForCommit" time="16.669">
    <failure message="expected:&lt;4&gt; but was:&lt;8&gt;" type="java.lang.AssertionError"><![CDATA[java.lang.AssertionError: expected:<4> but was:<8>
	at org.junit.Assert.fail(Assert.java:88)
	at org.junit.Assert.failNotEquals(Assert.java:743)
	at org.junit.Assert.assertEquals(Assert.java:118)
	at org.junit.Assert.assertEquals(Assert.java:555)
	at org.junit.Assert.assertEquals(Assert.java:542)
	at org.apache.hadoop.ozone.client.rpc.TestWatchForCommit.testWatchForCommitWithKeyWrite(TestWatchForCommit.java:167)
	at sun.reflect.NativeMethodAccessorImpl.invoke0(Native Method)
	at sun.reflect.NativeMethodAccessorImpl.invoke(NativeMethodAccessorImpl.java:62)
	at sun.reflect.DelegatingMethodAccessorImpl.invoke(DelegatingMethodAccessorImpl.java:43)
	at java.lang.reflect.Method.invoke(Method.java:498)
	at org.junit.runners.model.FrameworkMethod$1.runReflectiveCall(FrameworkMethod.java:47)
	at org.junit.internal.runners.model.ReflectiveCallable.run(ReflectiveCallable.java:12)
	at org.junit.runners.model.FrameworkMethod.invokeExplosively(FrameworkMethod.java:44)
	at org.junit.internal.runners.statements.InvokeMethod.evaluate(InvokeMethod.java:17)
	at org.junit.runners.ParentRunner.runLeaf(ParentRunner.java:271)
	at org.junit.runners.BlockJUnit4ClassRunner.runChild(BlockJUnit4ClassRunner.java:70)
	at org.junit.runners.BlockJUnit4ClassRunner.runChild(BlockJUnit4ClassRunner.java:50)
	at org.junit.runners.ParentRunner$3.run(ParentRunner.java:238)
	at org.junit.runners.ParentRunner$1.schedule(ParentRunner.java:63)
	at org.junit.runners.ParentRunner.runChildren(ParentRunner.java:236)
	at org.junit.runners.ParentRunner.access$000(ParentRunner.java:53)
	at org.junit.runners.ParentRunner$2.evaluate(ParentRunner.java:229)
	at org.junit.runners.ParentRunner.run(ParentRunner.java:309)
	at org.apache.maven.surefire.junit4.JUnit4Provider.execute(JUnit4Provider.java:365)
	at org.apache.maven.surefire.junit4.JUnit4Provider.executeWithRerun(JUnit4Provider.java:273)
	at org.apache.maven.surefire.junit4.JUnit4Provider.executeTestSet(JUnit4Provider.java:238)
	at org.apache.maven.surefire.junit4.JUnit4Provider.invoke(JUnit4Provider.java:159)
	at org.apache.maven.surefire.booter.ForkedBooter.invokeProviderInSameClassLoader(ForkedBooter.java:384)
	at org.apache.maven.surefire.booter.ForkedBooter.runSuitesInProcess(ForkedBooter.java:345)
	at org.apache.maven.surefire.booter.ForkedBooter.execute(ForkedBooter.java:126)
	at org.apache.maven.surefire.booter.ForkedBooter.main(ForkedBooter.java:418)
]]></failure>
    <system-out><![CDATA[2019-07-13 12:46:25,856 WARN  server.ServerUtils (ServerUtils.java:getScmDbDir(145)) - ozone.scm.db.dirs is not configured. We recommend adding this setting. Falling back to ozone.metadata.dirs instead.
2019-07-13 12:46:25,937 WARN  server.ServerUtils (ServerUtils.java:getScmDbDir(145)) - ozone.scm.db.dirs is not configured. We recommend adding this setting. Falling back to ozone.metadata.dirs instead.
2019-07-13 12:46:25,939 WARN  server.ServerUtils (ServerUtils.java:getScmDbDir(145)) - ozone.scm.db.dirs is not configured. We recommend adding this setting. Falling back to ozone.metadata.dirs instead.
2019-07-13 12:46:25,952 INFO  util.log (Log.java:initialized(192)) - Logging initialized @809ms
2019-07-13 12:46:26,032 INFO  db.DBStoreBuilder (DBStoreBuilder.java:addTable(110)) - using custom profile for table: deletedBlocks
2019-07-13 12:46:26,032 INFO  db.DBStoreBuilder (DBStoreBuilder.java:processTables(161)) - Using default column profile:DBProfile.DISK for Table:deletedBlocks
2019-07-13 12:46:26,032 INFO  db.DBStoreBuilder (DBStoreBuilder.java:addTable(110)) - using custom profile for table: validCerts
2019-07-13 12:46:26,033 INFO  db.DBStoreBuilder (DBStoreBuilder.java:processTables(161)) - Using default column profile:DBProfile.DISK for Table:validCerts
2019-07-13 12:46:26,033 INFO  db.DBStoreBuilder (DBStoreBuilder.java:addTable(110)) - using custom profile for table: revokedCerts
2019-07-13 12:46:26,033 INFO  db.DBStoreBuilder (DBStoreBuilder.java:processTables(161)) - Using default column profile:DBProfile.DISK for Table:revokedCerts
2019-07-13 12:46:26,044 INFO  db.DBStoreBuilder (DBStoreBuilder.java:addTable(110)) - using custom profile for table: default
2019-07-13 12:46:26,044 INFO  db.DBStoreBuilder (DBStoreBuilder.java:processTables(167)) - Using default column profile:DBProfile.DISK for Table:default
2019-07-13 12:46:26,045 INFO  db.DBStoreBuilder (DBStoreBuilder.java:getDbProfile(198)) - Using default options. DBProfile.DISK
2019-07-13 12:46:26,129 INFO  net.NodeSchemaLoader (NodeSchemaLoader.java:loadSchemaFromFile(125)) - Loading file from sun.misc.CompoundEnumeration@7714e963
2019-07-13 12:46:26,130 INFO  net.NodeSchemaLoader (NodeSchemaLoader.java:loadSchema(171)) - Loading network topology layer schema file
2019-07-13 12:46:26,186 WARN  server.ServerUtils (ServerUtils.java:sanitizeUserArgs(70)) - ozone.scm.stale.node.interval value = 300000 is larger than max = 100000 based on the key value of ozone.scm.heartbeat.thread.interval, reset to the max value 100000.
2019-07-13 12:46:26,187 WARN  server.ServerUtils (ServerUtils.java:sanitizeUserArgs(70)) - ozone.scm.stale.node.interval value = 300000 is larger than max = 100000 based on the key value of ozone.scm.heartbeat.thread.interval, reset to the max value 100000.
2019-07-13 12:46:26,190 INFO  node.SCMNodeManager (SCMNodeManager.java:<init>(119)) - Entering startup safe mode.
2019-07-13 12:46:26,263 WARN  server.ServerUtils (ServerUtils.java:getScmDbDir(145)) - ozone.scm.db.dirs is not configured. We recommend adding this setting. Falling back to ozone.metadata.dirs instead.
2019-07-13 12:46:26,290 INFO  pipeline.SCMPipelineManager (SCMPipelineManager.java:initializePipelineState(126)) - No pipeline exists in current db
2019-07-13 12:46:26,292 WARN  server.ServerUtils (ServerUtils.java:getScmDbDir(145)) - ozone.scm.db.dirs is not configured. We recommend adding this setting. Falling back to ozone.metadata.dirs instead.
2019-07-13 12:46:26,346 WARN  events.EventQueue (EventQueue.java:fireEvent(175)) - No event handler registered for event TypedEvent{payloadType=SafeModeStatus, name='SafeModeStatus'}
2019-07-13 12:46:26,620 INFO  ipc.CallQueueManager (CallQueueManager.java:<init>(84)) - Using callQueue: class java.util.concurrent.LinkedBlockingQueue, queueCapacity: 2000, scheduler: class org.apache.hadoop.ipc.DefaultRpcScheduler, ipcBackoff: false.
2019-07-13 12:46:26,643 INFO  ipc.Server (Server.java:run(1074)) - Starting Socket Reader #1 for port 43622
2019-07-13 12:46:26,662 INFO  ipc.CallQueueManager (CallQueueManager.java:<init>(84)) - Using callQueue: class java.util.concurrent.LinkedBlockingQueue, queueCapacity: 2000, scheduler: class org.apache.hadoop.ipc.DefaultRpcScheduler, ipcBackoff: false.
2019-07-13 12:46:26,663 INFO  ipc.Server (Server.java:run(1074)) - Starting Socket Reader #1 for port 46503
2019-07-13 12:46:26,668 INFO  ipc.CallQueueManager (CallQueueManager.java:<init>(84)) - Using callQueue: class java.util.concurrent.LinkedBlockingQueue, queueCapacity: 2000, scheduler: class org.apache.hadoop.ipc.DefaultRpcScheduler, ipcBackoff: false.
2019-07-13 12:46:26,669 INFO  ipc.Server (Server.java:run(1074)) - Starting Socket Reader #1 for port 44668
2019-07-13 12:46:26,799 INFO  hdfs.DFSUtil (DFSUtil.java:httpServerTemplateForNNAndJN(1641)) - Starting Web-server for scm at: http://0.0.0.0:0
2019-07-13 12:46:26,961 INFO  server.AuthenticationFilter (AuthenticationFilter.java:constructSecretProvider(240)) - Unable to initialize FileSignerSecretProvider, falling back to use random secrets.
2019-07-13 12:46:26,969 WARN  http.HttpRequestLog (HttpRequestLog.java:getRequestLog(97)) - Jetty request log can only be enabled using Log4j
2019-07-13 12:46:26,976 INFO  http.HttpServer2 (HttpServer2.java:addGlobalFilter(975)) - Added global filter 'safety' (class=org.apache.hadoop.http.HttpServer2$QuotingInputFilter)
2019-07-13 12:46:26,979 INFO  http.HttpServer2 (HttpServer2.java:addFilter(948)) - Added filter static_user_filter (class=org.apache.hadoop.http.lib.StaticUserWebFilter$StaticUserFilter) to context scm
2019-07-13 12:46:26,979 INFO  http.HttpServer2 (HttpServer2.java:addFilter(958)) - Added filter static_user_filter (class=org.apache.hadoop.http.lib.StaticUserWebFilter$StaticUserFilter) to context static
2019-07-13 12:46:26,979 INFO  http.HttpServer2 (HttpServer2.java:addFilter(958)) - Added filter static_user_filter (class=org.apache.hadoop.http.lib.StaticUserWebFilter$StaticUserFilter) to context logs
2019-07-13 12:46:27,007 INFO  server.StorageContainerManager (StorageContainerManager.java:start(759)) - StorageContainerLocationProtocol RPC server is listening at /0.0.0.0:44668
2019-07-13 12:46:27,066 WARN  impl.MetricsConfig (MetricsConfig.java:loadFirst(134)) - Cannot locate configuration: tried hadoop-metrics2-storagecontainermanager.properties,hadoop-metrics2.properties
2019-07-13 12:46:27,078 INFO  impl.MetricsSystemImpl (MetricsSystemImpl.java:startTimer(374)) - Scheduled Metric snapshot period at 10 second(s).
2019-07-13 12:46:27,079 INFO  impl.MetricsSystemImpl (MetricsSystemImpl.java:start(191)) - StorageContainerManager metrics system started
2019-07-13 12:46:27,290 INFO  server.SCMClientProtocolServer (SCMClientProtocolServer.java:start(149)) - RPC server for Client  is listening at /0.0.0.0:44668
2019-07-13 12:46:27,291 INFO  ipc.Server (Server.java:run(1314)) - IPC Server Responder: starting
2019-07-13 12:46:27,292 INFO  ipc.Server (Server.java:run(1153)) - IPC Server listener on 44668: starting
2019-07-13 12:46:27,298 INFO  server.StorageContainerManager (StorageContainerManager.java:start(768)) - ScmBlockLocationProtocol RPC server is listening at /0.0.0.0:46503
2019-07-13 12:46:27,298 INFO  server.SCMBlockProtocolServer (SCMBlockProtocolServer.java:start(140)) - RPC server for Block Protocol is listening at /0.0.0.0:46503
2019-07-13 12:46:27,298 INFO  ipc.Server (Server.java:run(1314)) - IPC Server Responder: starting
2019-07-13 12:46:27,298 INFO  ipc.Server (Server.java:run(1153)) - IPC Server listener on 46503: starting
2019-07-13 12:46:27,303 INFO  server.StorageContainerManager (StorageContainerManager.java:start(772)) - ScmDatanodeProtocl RPC server is listening at /0.0.0.0:43622
2019-07-13 12:46:27,303 INFO  server.SCMDatanodeProtocolServer (SCMDatanodeProtocolServer.java:start(191)) - RPC server for DataNodes is listening at /0.0.0.0:43622
2019-07-13 12:46:27,304 INFO  ipc.Server (Server.java:run(1314)) - IPC Server Responder: starting
2019-07-13 12:46:27,305 INFO  ipc.Server (Server.java:run(1153)) - IPC Server listener on 43622: starting
2019-07-13 12:46:27,315 INFO  http.HttpServer2 (HttpServer2.java:bindListener(1191)) - Jetty bound to port 43780
2019-07-13 12:46:27,317 INFO  server.Server (Server.java:doStart(351)) - jetty-9.3.24.v20180605, build timestamp: 2018-06-05T17:11:56Z, git hash: 84205aa28f11a4f31f2a3b86d1bba2cc8ab69827
2019-07-13 12:46:27,355 INFO  handler.ContextHandler (ContextHandler.java:doStart(781)) - Started o.e.j.s.ServletContextHandler@6bbe2511{/logs,file:///tmp/workdir/hadoop-ozone/integration-test/target/log,AVAILABLE}
2019-07-13 12:46:27,356 INFO  handler.ContextHandler (ContextHandler.java:doStart(781)) - Started o.e.j.s.ServletContextHandler@76012793{/static,file:///tmp/workdir/hadoop-ozone/integration-test/target/test-classes/webapps/static,AVAILABLE}
2019-07-13 12:46:27,387 INFO  handler.ContextHandler (ContextHandler.java:doStart(781)) - Started o.e.j.w.WebAppContext@6a1d204a{/,file:///tmp/workdir/hadoop-ozone/integration-test/target/test-classes/webapps/scm/,AVAILABLE}{/scm}
2019-07-13 12:46:27,392 INFO  server.AbstractConnector (AbstractConnector.java:doStart(278)) - Started ServerConnector@9d157ff{HTTP/1.1,[http/1.1]}{0.0.0.0:43780}
2019-07-13 12:46:27,393 INFO  server.Server (Server.java:doStart(419)) - Started @2250ms
2019-07-13 12:46:27,395 INFO  server.BaseHttpServer (BaseHttpServer.java:updateConnectorAddress(207)) - HTTP server of SCM is listening at http://0.0.0.0:43780
2019-07-13 12:46:27,401 INFO  util.JvmPauseMonitor (JvmPauseMonitor.java:run(188)) - Starting JVM pause monitor
2019-07-13 12:46:27,403 WARN  server.ServerUtils (ServerUtils.java:getDBPath(222)) - ozone.om.db.dirs is not configured. We recommend adding this setting. Falling back to ozone.metadata.dirs instead.
2019-07-13 12:46:27,502 WARN  server.ServerUtils (ServerUtils.java:getDBPath(222)) - ozone.om.db.dirs is not configured. We recommend adding this setting. Falling back to ozone.metadata.dirs instead.
2019-07-13 12:46:27,503 INFO  om.OzoneManager (OzoneManager.java:setOMNodeDetails(630)) - OM Service ID is not set. Setting it to the default ID: omServiceIdDefault
2019-07-13 12:46:27,504 INFO  om.OzoneManager (OzoneManager.java:setOMNodeDetails(636)) - OM Node ID is not set. Setting it to the OmStorage's OmID: 44455872-4973-46e4-a392-2ef52aa8de6c
2019-07-13 12:46:27,505 INFO  om.OzoneManager (OzoneManager.java:loadOMHAConfigs(587)) - Found matching OM address with OMServiceId: null, OMNodeId: null, RPC Address: localhost:0 and Ratis port: 9872
2019-07-13 12:46:27,760 WARN  server.ServerUtils (ServerUtils.java:getDBPath(222)) - ozone.om.db.dirs is not configured. We recommend adding this setting. Falling back to ozone.metadata.dirs instead.
2019-07-13 12:46:27,768 INFO  db.DBStoreBuilder (DBStoreBuilder.java:addTable(110)) - using custom profile for table: userTable
2019-07-13 12:46:27,768 INFO  db.DBStoreBuilder (DBStoreBuilder.java:processTables(161)) - Using default column profile:DBProfile.DISK for Table:userTable
2019-07-13 12:46:27,769 INFO  db.DBStoreBuilder (DBStoreBuilder.java:addTable(110)) - using custom profile for table: volumeTable
2019-07-13 12:46:27,769 INFO  db.DBStoreBuilder (DBStoreBuilder.java:processTables(161)) - Using default column profile:DBProfile.DISK for Table:volumeTable
2019-07-13 12:46:27,769 INFO  db.DBStoreBuilder (DBStoreBuilder.java:addTable(110)) - using custom profile for table: bucketTable
2019-07-13 12:46:27,769 INFO  db.DBStoreBuilder (DBStoreBuilder.java:processTables(161)) - Using default column profile:DBProfile.DISK for Table:bucketTable
2019-07-13 12:46:27,770 INFO  db.DBStoreBuilder (DBStoreBuilder.java:addTable(110)) - using custom profile for table: keyTable
2019-07-13 12:46:27,770 INFO  db.DBStoreBuilder (DBStoreBuilder.java:processTables(161)) - Using default column profile:DBProfile.DISK for Table:keyTable
2019-07-13 12:46:27,770 INFO  db.DBStoreBuilder (DBStoreBuilder.java:addTable(110)) - using custom profile for table: deletedTable
2019-07-13 12:46:27,770 INFO  db.DBStoreBuilder (DBStoreBuilder.java:processTables(161)) - Using default column profile:DBProfile.DISK for Table:deletedTable
2019-07-13 12:46:27,771 INFO  db.DBStoreBuilder (DBStoreBuilder.java:addTable(110)) - using custom profile for table: openKeyTable
2019-07-13 12:46:27,771 INFO  db.DBStoreBuilder (DBStoreBuilder.java:processTables(161)) - Using default column profile:DBProfile.DISK for Table:openKeyTable
2019-07-13 12:46:27,771 INFO  db.DBStoreBuilder (DBStoreBuilder.java:addTable(110)) - using custom profile for table: s3Table
2019-07-13 12:46:27,771 INFO  db.DBStoreBuilder (DBStoreBuilder.java:processTables(161)) - Using default column profile:DBProfile.DISK for Table:s3Table
2019-07-13 12:46:27,771 INFO  db.DBStoreBuilder (DBStoreBuilder.java:addTable(110)) - using custom profile for table: multipartInfoTable
2019-07-13 12:46:27,772 INFO  db.DBStoreBuilder (DBStoreBuilder.java:processTables(161)) - Using default column profile:DBProfile.DISK for Table:multipartInfoTable
2019-07-13 12:46:27,772 INFO  db.DBStoreBuilder (DBStoreBuilder.java:addTable(110)) - using custom profile for table: dTokenTable
2019-07-13 12:46:27,772 INFO  db.DBStoreBuilder (DBStoreBuilder.java:processTables(161)) - Using default column profile:DBProfile.DISK for Table:dTokenTable
2019-07-13 12:46:27,772 INFO  db.DBStoreBuilder (DBStoreBuilder.java:addTable(110)) - using custom profile for table: s3SecretTable
2019-07-13 12:46:27,773 INFO  db.DBStoreBuilder (DBStoreBuilder.java:processTables(161)) - Using default column profile:DBProfile.DISK for Table:s3SecretTable
2019-07-13 12:46:27,773 INFO  db.DBStoreBuilder (DBStoreBuilder.java:addTable(110)) - using custom profile for table: prefixTable
2019-07-13 12:46:27,773 INFO  db.DBStoreBuilder (DBStoreBuilder.java:processTables(161)) - Using default column profile:DBProfile.DISK for Table:prefixTable
2019-07-13 12:46:27,773 INFO  db.DBStoreBuilder (DBStoreBuilder.java:addTable(110)) - using custom profile for table: default
2019-07-13 12:46:27,774 INFO  db.DBStoreBuilder (DBStoreBuilder.java:processTables(167)) - Using default column profile:DBProfile.DISK for Table:default
2019-07-13 12:46:27,774 INFO  db.DBStoreBuilder (DBStoreBuilder.java:getDbProfile(198)) - Using default options. DBProfile.DISK
2019-07-13 12:46:28,500 INFO  ipc.CallQueueManager (CallQueueManager.java:<init>(84)) - Using callQueue: class java.util.concurrent.LinkedBlockingQueue, queueCapacity: 2000, scheduler: class org.apache.hadoop.ipc.DefaultRpcScheduler, ipcBackoff: false.
2019-07-13 12:46:28,502 INFO  ipc.Server (Server.java:run(1074)) - Starting Socket Reader #1 for port 34224
2019-07-13 12:46:28,530 WARN  server.ServerUtils (ServerUtils.java:getDBPath(222)) - ozone.om.db.dirs is not configured. We recommend adding this setting. Falling back to ozone.metadata.dirs instead.
2019-07-13 12:46:28,530 INFO  om.OzoneManager (OzoneManager.java:start(1228)) - OzoneManager RPC server is listening at localhost/127.0.0.1:34224
2019-07-13 12:46:28,531 INFO  impl.MetricsSystemImpl (MetricsSystemImpl.java:init(158)) - OzoneManager metrics system started (again)
2019-07-13 12:46:28,533 INFO  ipc.Server (Server.java:run(1314)) - IPC Server Responder: starting
2019-07-13 12:46:28,533 INFO  ipc.Server (Server.java:run(1153)) - IPC Server listener on 34224: starting
2019-07-13 12:46:28,546 INFO  hdfs.DFSUtil (DFSUtil.java:httpServerTemplateForNNAndJN(1641)) - Starting Web-server for ozoneManager at: http://0.0.0.0:0
2019-07-13 12:46:28,549 INFO  server.AuthenticationFilter (AuthenticationFilter.java:constructSecretProvider(240)) - Unable to initialize FileSignerSecretProvider, falling back to use random secrets.
2019-07-13 12:46:28,550 WARN  http.HttpRequestLog (HttpRequestLog.java:getRequestLog(97)) - Jetty request log can only be enabled using Log4j
2019-07-13 12:46:28,554 INFO  http.HttpServer2 (HttpServer2.java:addGlobalFilter(975)) - Added global filter 'safety' (class=org.apache.hadoop.http.HttpServer2$QuotingInputFilter)
2019-07-13 12:46:28,555 INFO  http.HttpServer2 (HttpServer2.java:addFilter(948)) - Added filter static_user_filter (class=org.apache.hadoop.http.lib.StaticUserWebFilter$StaticUserFilter) to context ozoneManager
2019-07-13 12:46:28,556 INFO  http.HttpServer2 (HttpServer2.java:addFilter(958)) - Added filter static_user_filter (class=org.apache.hadoop.http.lib.StaticUserWebFilter$StaticUserFilter) to context logs
2019-07-13 12:46:28,556 INFO  http.HttpServer2 (HttpServer2.java:addFilter(958)) - Added filter static_user_filter (class=org.apache.hadoop.http.lib.StaticUserWebFilter$StaticUserFilter) to context static
2019-07-13 12:46:28,559 INFO  http.HttpServer2 (HttpServer2.java:bindListener(1191)) - Jetty bound to port 42205
2019-07-13 12:46:28,560 INFO  server.Server (Server.java:doStart(351)) - jetty-9.3.24.v20180605, build timestamp: 2018-06-05T17:11:56Z, git hash: 84205aa28f11a4f31f2a3b86d1bba2cc8ab69827
2019-07-13 12:46:28,562 INFO  handler.ContextHandler (ContextHandler.java:doStart(781)) - Started o.e.j.s.ServletContextHandler@3e134896{/logs,file:///tmp/workdir/hadoop-ozone/integration-test/target/log,AVAILABLE}
2019-07-13 12:46:28,563 INFO  handler.ContextHandler (ContextHandler.java:doStart(781)) - Started o.e.j.s.ServletContextHandler@2e3a5237{/static,file:///tmp/workdir/hadoop-ozone/integration-test/target/test-classes/webapps/static,AVAILABLE}
2019-07-13 12:46:28,571 INFO  handler.ContextHandler (ContextHandler.java:doStart(781)) - Started o.e.j.w.WebAppContext@5b78fdb1{/,file:///tmp/workdir/hadoop-ozone/integration-test/target/test-classes/webapps/ozoneManager/,AVAILABLE}{/ozoneManager}
2019-07-13 12:46:28,572 INFO  server.AbstractConnector (AbstractConnector.java:doStart(278)) - Started ServerConnector@48bfb884{HTTP/1.1,[http/1.1]}{0.0.0.0:42205}
2019-07-13 12:46:28,572 INFO  server.Server (Server.java:doStart(419)) - Started @3429ms
2019-07-13 12:46:28,573 INFO  server.BaseHttpServer (BaseHttpServer.java:updateConnectorAddress(207)) - HTTP server of OZONEMANAGER is listening at http://0.0.0.0:42205
2019-07-13 12:46:28,907 INFO  impl.MetricsSystemImpl (MetricsSystemImpl.java:init(158)) - HddsDatanode metrics system started (again)
2019-07-13 12:46:28,982 INFO  ozone.HddsDatanodeService (HddsDatanodeService.java:start(185)) - HddsDatanodeService host:trunk-nightly-q2gwj-1111726333 ip:192.168.5.181
2019-07-13 12:46:29,007 INFO  volume.HddsVolume (HddsVolume.java:<init>(176)) - Creating Volume: /tmp/workdir/hadoop-ozone/integration-test/target/test-dir/MiniOzoneClusterImpl-1b432ca9-c5f2-4511-883b-85900e4a1fa7/datanode-0/data/containers/hdds of  storage type : DISK and capacity : 52710309888
2019-07-13 12:46:29,009 INFO  volume.VolumeSet (VolumeSet.java:initializeVolumeSet(170)) - Added Volume : /tmp/workdir/hadoop-ozone/integration-test/target/test-dir/MiniOzoneClusterImpl-1b432ca9-c5f2-4511-883b-85900e4a1fa7/datanode-0/data/containers/hdds to VolumeSet
2019-07-13 12:46:29,011 INFO  volume.ThrottledAsyncChecker (ThrottledAsyncChecker.java:schedule(140)) - Scheduling a check for org.apache.hadoop.ozone.container.common.volume.HddsVolume@1f52eb6f
2019-07-13 12:46:29,024 INFO  volume.HddsVolumeChecker (HddsVolumeChecker.java:checkAllVolumes(203)) - Scheduled health check for volume org.apache.hadoop.ozone.container.common.volume.HddsVolume@1f52eb6f
2019-07-13 12:46:29,112 INFO  impl.RaftServerProxy (ConfUtils.java:logGet(43)) - raft.rpc.type = GRPC (default)
2019-07-13 12:46:29,164 INFO  grpc.GrpcFactory (GrpcFactory.java:checkPooledByteBufAllocatorUseCacheForAllThreads(45)) - PERFORMANCE WARNING: useCacheForAllThreads is true that may cause Netty to create a lot garbage objects and, as a result, trigger GC.
	It is recommended to disable useCacheForAllThreads by setting -Dorg.apache.ratis.thirdparty.io.netty.allocator.useCacheForAllThreads=false in command line.
2019-07-13 12:46:29,167 INFO  grpc.GrpcConfigKeys$Server (ConfUtils.java:logGet(43)) - raft.grpc.server.port = 0 (default)
2019-07-13 12:46:29,168 INFO  server.GrpcService (ConfUtils.java:logGet(43)) - raft.grpc.message.size.max = 33570816 (custom)
2019-07-13 12:46:29,169 INFO  server.RaftServerConfigKeys (ConfUtils.java:logGet(43)) - raft.server.log.appender.buffer.byte-limit = 33554432 (custom)
2019-07-13 12:46:29,170 INFO  server.GrpcService (ConfUtils.java:logGet(43)) - raft.grpc.flow.control.window = 1MB (=1048576) (default)
2019-07-13 12:46:29,170 INFO  server.RaftServerConfigKeys (ConfUtils.java:logGet(43)) - raft.server.rpc.request.timeout = 3000ms (default)
2019-07-13 12:46:29,295 INFO  server.RaftServerConfigKeys (ConfUtils.java:logGet(43)) - raft.server.storage.dir = [/tmp/workdir/hadoop-ozone/integration-test/target/test-dir/MiniOzoneClusterImpl-1b432ca9-c5f2-4511-883b-85900e4a1fa7/datanode-0/data/ratis] (custom)
2019-07-13 12:46:29,348 INFO  replication.SimpleContainerDownloader (SimpleContainerDownloader.java:<init>(72)) - Starting container downloader service to copy containers to replicate.
2019-07-13 12:46:29,364 INFO  hdfs.DFSUtil (DFSUtil.java:httpServerTemplateForNNAndJN(1641)) - Starting Web-server for hddsDatanode at: http://0.0.0.0:0
2019-07-13 12:46:29,366 INFO  server.AuthenticationFilter (AuthenticationFilter.java:constructSecretProvider(240)) - Unable to initialize FileSignerSecretProvider, falling back to use random secrets.
2019-07-13 12:46:29,367 WARN  http.HttpRequestLog (HttpRequestLog.java:getRequestLog(97)) - Jetty request log can only be enabled using Log4j
2019-07-13 12:46:29,370 INFO  http.HttpServer2 (HttpServer2.java:addGlobalFilter(975)) - Added global filter 'safety' (class=org.apache.hadoop.http.HttpServer2$QuotingInputFilter)
2019-07-13 12:46:29,372 INFO  http.HttpServer2 (HttpServer2.java:addFilter(948)) - Added filter static_user_filter (class=org.apache.hadoop.http.lib.StaticUserWebFilter$StaticUserFilter) to context hddsDatanode
2019-07-13 12:46:29,372 INFO  http.HttpServer2 (HttpServer2.java:addFilter(958)) - Added filter static_user_filter (class=org.apache.hadoop.http.lib.StaticUserWebFilter$StaticUserFilter) to context static
2019-07-13 12:46:29,372 INFO  http.HttpServer2 (HttpServer2.java:addFilter(958)) - Added filter static_user_filter (class=org.apache.hadoop.http.lib.StaticUserWebFilter$StaticUserFilter) to context logs
2019-07-13 12:46:29,374 INFO  http.HttpServer2 (HttpServer2.java:bindListener(1191)) - Jetty bound to port 38704
2019-07-13 12:46:29,374 INFO  server.Server (Server.java:doStart(351)) - jetty-9.3.24.v20180605, build timestamp: 2018-06-05T17:11:56Z, git hash: 84205aa28f11a4f31f2a3b86d1bba2cc8ab69827
2019-07-13 12:46:29,377 INFO  handler.ContextHandler (ContextHandler.java:doStart(781)) - Started o.e.j.s.ServletContextHandler@761956ac{/logs,file:///tmp/workdir/hadoop-ozone/integration-test/target/log,AVAILABLE}
2019-07-13 12:46:29,378 INFO  handler.ContextHandler (ContextHandler.java:doStart(781)) - Started o.e.j.s.ServletContextHandler@304d0259{/static,jar:file:/home/user/.m2/repository/org/apache/hadoop/hadoop-hdds-container-service/0.5.0-SNAPSHOT/hadoop-hdds-container-service-0.5.0-SNAPSHOT.jar!/webapps/static,AVAILABLE}
2019-07-13 12:46:29,423 INFO  handler.ContextHandler (ContextHandler.java:doStart(781)) - Started o.e.j.w.WebAppContext@124ac145{/,file:///tmp/jetty-0.0.0.0-38704-hddsDatanode-_-any-3380949666657201960.dir/webapp/,AVAILABLE}{/hddsDatanode}
2019-07-13 12:46:29,424 INFO  server.AbstractConnector (AbstractConnector.java:doStart(278)) - Started ServerConnector@2def7a7a{HTTP/1.1,[http/1.1]}{0.0.0.0:38704}
2019-07-13 12:46:29,426 INFO  server.Server (Server.java:doStart(419)) - Started @4283ms
2019-07-13 12:46:29,427 INFO  server.BaseHttpServer (BaseHttpServer.java:updateConnectorAddress(207)) - HTTP server of HDDSDATANODE is listening at http://0.0.0.0:38704
2019-07-13 12:46:30,629 INFO  ozone.HddsDatanodeService (HddsDatanodeService.java:startPlugins(396)) - Started plug-in org.apache.hadoop.ozone.web.OzoneHddsDatanodeService@69f2cb04
2019-07-13 12:46:30,630 INFO  impl.MetricsSystemImpl (MetricsSystemImpl.java:init(158)) - HddsDatanode metrics system started (again)
2019-07-13 12:46:30,631 INFO  ozone.HddsDatanodeService (HddsDatanodeService.java:start(185)) - HddsDatanodeService host:trunk-nightly-q2gwj-1111726333 ip:192.168.5.181
2019-07-13 12:46:30,637 INFO  util.JvmPauseMonitor (JvmPauseMonitor.java:run(188)) - Starting JVM pause monitor
2019-07-13 12:46:30,645 INFO  volume.HddsVolume (HddsVolume.java:<init>(176)) - Creating Volume: /tmp/workdir/hadoop-ozone/integration-test/target/test-dir/MiniOzoneClusterImpl-1b432ca9-c5f2-4511-883b-85900e4a1fa7/datanode-1/data/containers/hdds of  storage type : DISK and capacity : 52710309888
2019-07-13 12:46:30,645 INFO  volume.VolumeSet (VolumeSet.java:initializeVolumeSet(170)) - Added Volume : /tmp/workdir/hadoop-ozone/integration-test/target/test-dir/MiniOzoneClusterImpl-1b432ca9-c5f2-4511-883b-85900e4a1fa7/datanode-1/data/containers/hdds to VolumeSet
2019-07-13 12:46:30,645 INFO  volume.ThrottledAsyncChecker (ThrottledAsyncChecker.java:schedule(140)) - Scheduling a check for org.apache.hadoop.ozone.container.common.volume.HddsVolume@656a3d6b
2019-07-13 12:46:30,647 INFO  volume.HddsVolumeChecker (HddsVolumeChecker.java:checkAllVolumes(203)) - Scheduled health check for volume org.apache.hadoop.ozone.container.common.volume.HddsVolume@656a3d6b
2019-07-13 12:46:30,667 INFO  impl.RaftServerProxy (ConfUtils.java:logGet(43)) - raft.rpc.type = GRPC (default)
2019-07-13 12:46:30,667 INFO  grpc.GrpcFactory (GrpcFactory.java:checkPooledByteBufAllocatorUseCacheForAllThreads(45)) - PERFORMANCE WARNING: useCacheForAllThreads is true that may cause Netty to create a lot garbage objects and, as a result, trigger GC.
	It is recommended to disable useCacheForAllThreads by setting -Dorg.apache.ratis.thirdparty.io.netty.allocator.useCacheForAllThreads=false in command line.
2019-07-13 12:46:30,668 INFO  grpc.GrpcConfigKeys$Server (ConfUtils.java:logGet(43)) - raft.grpc.server.port = 0 (default)
2019-07-13 12:46:30,668 INFO  server.GrpcService (ConfUtils.java:logGet(43)) - raft.grpc.message.size.max = 33570816 (custom)
2019-07-13 12:46:30,669 INFO  server.RaftServerConfigKeys (ConfUtils.java:logGet(43)) - raft.server.log.appender.buffer.byte-limit = 33554432 (custom)
2019-07-13 12:46:30,669 INFO  server.GrpcService (ConfUtils.java:logGet(43)) - raft.grpc.flow.control.window = 1MB (=1048576) (default)
2019-07-13 12:46:30,669 INFO  server.RaftServerConfigKeys (ConfUtils.java:logGet(43)) - raft.server.rpc.request.timeout = 3000ms (default)
2019-07-13 12:46:30,672 INFO  server.RaftServerConfigKeys (ConfUtils.java:logGet(43)) - raft.server.storage.dir = [/tmp/workdir/hadoop-ozone/integration-test/target/test-dir/MiniOzoneClusterImpl-1b432ca9-c5f2-4511-883b-85900e4a1fa7/datanode-1/data/ratis] (custom)
2019-07-13 12:46:30,673 INFO  replication.SimpleContainerDownloader (SimpleContainerDownloader.java:<init>(72)) - Starting container downloader service to copy containers to replicate.
2019-07-13 12:46:30,675 INFO  hdfs.DFSUtil (DFSUtil.java:httpServerTemplateForNNAndJN(1641)) - Starting Web-server for hddsDatanode at: http://0.0.0.0:0
2019-07-13 12:46:30,678 INFO  server.AuthenticationFilter (AuthenticationFilter.java:constructSecretProvider(240)) - Unable to initialize FileSignerSecretProvider, falling back to use random secrets.
2019-07-13 12:46:30,679 WARN  http.HttpRequestLog (HttpRequestLog.java:getRequestLog(97)) - Jetty request log can only be enabled using Log4j
2019-07-13 12:46:30,683 INFO  http.HttpServer2 (HttpServer2.java:addGlobalFilter(975)) - Added global filter 'safety' (class=org.apache.hadoop.http.HttpServer2$QuotingInputFilter)
2019-07-13 12:46:30,684 INFO  http.HttpServer2 (HttpServer2.java:addFilter(948)) - Added filter static_user_filter (class=org.apache.hadoop.http.lib.StaticUserWebFilter$StaticUserFilter) to context hddsDatanode
2019-07-13 12:46:30,685 INFO  http.HttpServer2 (HttpServer2.java:addFilter(958)) - Added filter static_user_filter (class=org.apache.hadoop.http.lib.StaticUserWebFilter$StaticUserFilter) to context static
2019-07-13 12:46:30,685 INFO  http.HttpServer2 (HttpServer2.java:addFilter(958)) - Added filter static_user_filter (class=org.apache.hadoop.http.lib.StaticUserWebFilter$StaticUserFilter) to context logs
2019-07-13 12:46:30,686 INFO  http.HttpServer2 (HttpServer2.java:bindListener(1191)) - Jetty bound to port 45360
2019-07-13 12:46:30,687 INFO  server.Server (Server.java:doStart(351)) - jetty-9.3.24.v20180605, build timestamp: 2018-06-05T17:11:56Z, git hash: 84205aa28f11a4f31f2a3b86d1bba2cc8ab69827
2019-07-13 12:46:30,690 INFO  handler.ContextHandler (ContextHandler.java:doStart(781)) - Started o.e.j.s.ServletContextHandler@733fb462{/logs,file:///tmp/workdir/hadoop-ozone/integration-test/target/log,AVAILABLE}
2019-07-13 12:46:30,691 INFO  handler.ContextHandler (ContextHandler.java:doStart(781)) - Started o.e.j.s.ServletContextHandler@359066bc{/static,jar:file:/home/user/.m2/repository/org/apache/hadoop/hadoop-hdds-container-service/0.5.0-SNAPSHOT/hadoop-hdds-container-service-0.5.0-SNAPSHOT.jar!/webapps/static,AVAILABLE}
2019-07-13 12:46:30,738 INFO  handler.ContextHandler (ContextHandler.java:doStart(781)) - Started o.e.j.w.WebAppContext@2a8b33ba{/,file:///tmp/jetty-0.0.0.0-45360-hddsDatanode-_-any-1675674449647965511.dir/webapp/,AVAILABLE}{/hddsDatanode}
2019-07-13 12:46:30,739 INFO  server.AbstractConnector (AbstractConnector.java:doStart(278)) - Started ServerConnector@4e8b357d{HTTP/1.1,[http/1.1]}{0.0.0.0:45360}
2019-07-13 12:46:30,740 INFO  server.Server (Server.java:doStart(419)) - Started @5597ms
2019-07-13 12:46:30,741 INFO  server.BaseHttpServer (BaseHttpServer.java:updateConnectorAddress(207)) - HTTP server of HDDSDATANODE is listening at http://0.0.0.0:45360
2019-07-13 12:46:30,765 INFO  datanode.InitDatanodeState (InitDatanodeState.java:persistContainerDatanodeDetails(140)) - DatanodeDetails is persisted to /tmp/workdir/hadoop-ozone/integration-test/target/test-dir/MiniOzoneClusterImpl-1b432ca9-c5f2-4511-883b-85900e4a1fa7/datanode-0/meta/datanode.id
2019-07-13 12:46:30,897 INFO  ozone.HddsDatanodeService (HddsDatanodeService.java:startPlugins(396)) - Started plug-in org.apache.hadoop.ozone.web.OzoneHddsDatanodeService@6097fca9
2019-07-13 12:46:30,897 INFO  impl.MetricsSystemImpl (MetricsSystemImpl.java:init(158)) - HddsDatanode metrics system started (again)
2019-07-13 12:46:30,898 INFO  ozone.HddsDatanodeService (HddsDatanodeService.java:start(185)) - HddsDatanodeService host:trunk-nightly-q2gwj-1111726333 ip:192.168.5.181
2019-07-13 12:46:30,899 INFO  util.JvmPauseMonitor (JvmPauseMonitor.java:run(188)) - Starting JVM pause monitor
2019-07-13 12:46:30,911 INFO  volume.HddsVolume (HddsVolume.java:<init>(176)) - Creating Volume: /tmp/workdir/hadoop-ozone/integration-test/target/test-dir/MiniOzoneClusterImpl-1b432ca9-c5f2-4511-883b-85900e4a1fa7/datanode-2/data/containers/hdds of  storage type : DISK and capacity : 52710309888
2019-07-13 12:46:30,913 INFO  volume.VolumeSet (VolumeSet.java:initializeVolumeSet(170)) - Added Volume : /tmp/workdir/hadoop-ozone/integration-test/target/test-dir/MiniOzoneClusterImpl-1b432ca9-c5f2-4511-883b-85900e4a1fa7/datanode-2/data/containers/hdds to VolumeSet
2019-07-13 12:46:30,913 INFO  volume.ThrottledAsyncChecker (ThrottledAsyncChecker.java:schedule(140)) - Scheduling a check for org.apache.hadoop.ozone.container.common.volume.HddsVolume@6371cf2f
2019-07-13 12:46:30,914 INFO  volume.HddsVolumeChecker (HddsVolumeChecker.java:checkAllVolumes(203)) - Scheduled health check for volume org.apache.hadoop.ozone.container.common.volume.HddsVolume@6371cf2f
2019-07-13 12:46:30,916 INFO  datanode.InitDatanodeState (InitDatanodeState.java:persistContainerDatanodeDetails(140)) - DatanodeDetails is persisted to /tmp/workdir/hadoop-ozone/integration-test/target/test-dir/MiniOzoneClusterImpl-1b432ca9-c5f2-4511-883b-85900e4a1fa7/datanode-1/meta/datanode.id
2019-07-13 12:46:30,932 INFO  impl.RaftServerProxy (ConfUtils.java:logGet(43)) - raft.rpc.type = GRPC (default)
2019-07-13 12:46:30,932 INFO  grpc.GrpcFactory (GrpcFactory.java:checkPooledByteBufAllocatorUseCacheForAllThreads(45)) - PERFORMANCE WARNING: useCacheForAllThreads is true that may cause Netty to create a lot garbage objects and, as a result, trigger GC.
	It is recommended to disable useCacheForAllThreads by setting -Dorg.apache.ratis.thirdparty.io.netty.allocator.useCacheForAllThreads=false in command line.
2019-07-13 12:46:30,933 INFO  grpc.GrpcConfigKeys$Server (ConfUtils.java:logGet(43)) - raft.grpc.server.port = 0 (default)
2019-07-13 12:46:30,933 INFO  server.GrpcService (ConfUtils.java:logGet(43)) - raft.grpc.message.size.max = 33570816 (custom)
2019-07-13 12:46:30,933 INFO  server.RaftServerConfigKeys (ConfUtils.java:logGet(43)) - raft.server.log.appender.buffer.byte-limit = 33554432 (custom)
2019-07-13 12:46:30,933 INFO  server.GrpcService (ConfUtils.java:logGet(43)) - raft.grpc.flow.control.window = 1MB (=1048576) (default)
2019-07-13 12:46:30,934 INFO  server.RaftServerConfigKeys (ConfUtils.java:logGet(43)) - raft.server.rpc.request.timeout = 3000ms (default)
2019-07-13 12:46:30,934 INFO  server.RaftServerConfigKeys (ConfUtils.java:logGet(43)) - raft.server.storage.dir = [/tmp/workdir/hadoop-ozone/integration-test/target/test-dir/MiniOzoneClusterImpl-1b432ca9-c5f2-4511-883b-85900e4a1fa7/datanode-2/data/ratis] (custom)
2019-07-13 12:46:30,935 INFO  replication.SimpleContainerDownloader (SimpleContainerDownloader.java:<init>(72)) - Starting container downloader service to copy containers to replicate.
2019-07-13 12:46:30,937 INFO  hdfs.DFSUtil (DFSUtil.java:httpServerTemplateForNNAndJN(1641)) - Starting Web-server for hddsDatanode at: http://0.0.0.0:0
2019-07-13 12:46:30,938 INFO  server.AuthenticationFilter (AuthenticationFilter.java:constructSecretProvider(240)) - Unable to initialize FileSignerSecretProvider, falling back to use random secrets.
2019-07-13 12:46:30,938 WARN  http.HttpRequestLog (HttpRequestLog.java:getRequestLog(97)) - Jetty request log can only be enabled using Log4j
2019-07-13 12:46:30,940 INFO  http.HttpServer2 (HttpServer2.java:addGlobalFilter(975)) - Added global filter 'safety' (class=org.apache.hadoop.http.HttpServer2$QuotingInputFilter)
2019-07-13 12:46:30,940 INFO  http.HttpServer2 (HttpServer2.java:addFilter(948)) - Added filter static_user_filter (class=org.apache.hadoop.http.lib.StaticUserWebFilter$StaticUserFilter) to context hddsDatanode
2019-07-13 12:46:30,940 INFO  http.HttpServer2 (HttpServer2.java:addFilter(958)) - Added filter static_user_filter (class=org.apache.hadoop.http.lib.StaticUserWebFilter$StaticUserFilter) to context logs
2019-07-13 12:46:30,940 INFO  http.HttpServer2 (HttpServer2.java:addFilter(958)) - Added filter static_user_filter (class=org.apache.hadoop.http.lib.StaticUserWebFilter$StaticUserFilter) to context static
2019-07-13 12:46:30,941 INFO  http.HttpServer2 (HttpServer2.java:bindListener(1191)) - Jetty bound to port 35933
2019-07-13 12:46:30,941 INFO  server.Server (Server.java:doStart(351)) - jetty-9.3.24.v20180605, build timestamp: 2018-06-05T17:11:56Z, git hash: 84205aa28f11a4f31f2a3b86d1bba2cc8ab69827
2019-07-13 12:46:30,945 INFO  handler.ContextHandler (ContextHandler.java:doStart(781)) - Started o.e.j.s.ServletContextHandler@3b97907c{/logs,file:///tmp/workdir/hadoop-ozone/integration-test/target/log,AVAILABLE}
2019-07-13 12:46:30,945 INFO  handler.ContextHandler (ContextHandler.java:doStart(781)) - Started o.e.j.s.ServletContextHandler@631c6d11{/static,jar:file:/home/user/.m2/repository/org/apache/hadoop/hadoop-hdds-container-service/0.5.0-SNAPSHOT/hadoop-hdds-container-service-0.5.0-SNAPSHOT.jar!/webapps/static,AVAILABLE}
2019-07-13 12:46:30,972 INFO  handler.ContextHandler (ContextHandler.java:doStart(781)) - Started o.e.j.w.WebAppContext@61608e1a{/,file:///tmp/jetty-0.0.0.0-35933-hddsDatanode-_-any-497645647076341163.dir/webapp/,AVAILABLE}{/hddsDatanode}
2019-07-13 12:46:30,973 INFO  server.AbstractConnector (AbstractConnector.java:doStart(278)) - Started ServerConnector@7c46c9c3{HTTP/1.1,[http/1.1]}{0.0.0.0:35933}
2019-07-13 12:46:30,974 INFO  server.Server (Server.java:doStart(419)) - Started @5831ms
2019-07-13 12:46:30,975 INFO  server.BaseHttpServer (BaseHttpServer.java:updateConnectorAddress(207)) - HTTP server of HDDSDATANODE is listening at http://0.0.0.0:35933
2019-07-13 12:46:31,093 INFO  ozone.HddsDatanodeService (HddsDatanodeService.java:startPlugins(396)) - Started plug-in org.apache.hadoop.ozone.web.OzoneHddsDatanodeService@4026461d
2019-07-13 12:46:31,094 INFO  impl.MetricsSystemImpl (MetricsSystemImpl.java:init(158)) - HddsDatanode metrics system started (again)
2019-07-13 12:46:31,094 INFO  ozone.HddsDatanodeService (HddsDatanodeService.java:start(185)) - HddsDatanodeService host:trunk-nightly-q2gwj-1111726333 ip:192.168.5.181
2019-07-13 12:46:31,097 INFO  util.JvmPauseMonitor (JvmPauseMonitor.java:run(188)) - Starting JVM pause monitor
2019-07-13 12:46:31,100 INFO  datanode.InitDatanodeState (InitDatanodeState.java:persistContainerDatanodeDetails(140)) - DatanodeDetails is persisted to /tmp/workdir/hadoop-ozone/integration-test/target/test-dir/MiniOzoneClusterImpl-1b432ca9-c5f2-4511-883b-85900e4a1fa7/datanode-2/meta/datanode.id
2019-07-13 12:46:31,104 INFO  volume.HddsVolume (HddsVolume.java:<init>(176)) - Creating Volume: /tmp/workdir/hadoop-ozone/integration-test/target/test-dir/MiniOzoneClusterImpl-1b432ca9-c5f2-4511-883b-85900e4a1fa7/datanode-3/data/containers/hdds of  storage type : DISK and capacity : 52710309888
2019-07-13 12:46:31,105 INFO  volume.VolumeSet (VolumeSet.java:initializeVolumeSet(170)) - Added Volume : /tmp/workdir/hadoop-ozone/integration-test/target/test-dir/MiniOzoneClusterImpl-1b432ca9-c5f2-4511-883b-85900e4a1fa7/datanode-3/data/containers/hdds to VolumeSet
2019-07-13 12:46:31,105 INFO  volume.ThrottledAsyncChecker (ThrottledAsyncChecker.java:schedule(140)) - Scheduling a check for org.apache.hadoop.ozone.container.common.volume.HddsVolume@57bd6a8f
2019-07-13 12:46:31,106 INFO  volume.HddsVolumeChecker (HddsVolumeChecker.java:checkAllVolumes(203)) - Scheduled health check for volume org.apache.hadoop.ozone.container.common.volume.HddsVolume@57bd6a8f
2019-07-13 12:46:31,120 INFO  impl.RaftServerProxy (ConfUtils.java:logGet(43)) - raft.rpc.type = GRPC (default)
2019-07-13 12:46:31,120 INFO  grpc.GrpcFactory (GrpcFactory.java:checkPooledByteBufAllocatorUseCacheForAllThreads(45)) - PERFORMANCE WARNING: useCacheForAllThreads is true that may cause Netty to create a lot garbage objects and, as a result, trigger GC.
	It is recommended to disable useCacheForAllThreads by setting -Dorg.apache.ratis.thirdparty.io.netty.allocator.useCacheForAllThreads=false in command line.
2019-07-13 12:46:31,121 INFO  grpc.GrpcConfigKeys$Server (ConfUtils.java:logGet(43)) - raft.grpc.server.port = 0 (default)
2019-07-13 12:46:31,121 INFO  server.GrpcService (ConfUtils.java:logGet(43)) - raft.grpc.message.size.max = 33570816 (custom)
2019-07-13 12:46:31,121 INFO  server.RaftServerConfigKeys (ConfUtils.java:logGet(43)) - raft.server.log.appender.buffer.byte-limit = 33554432 (custom)
2019-07-13 12:46:31,121 INFO  server.GrpcService (ConfUtils.java:logGet(43)) - raft.grpc.flow.control.window = 1MB (=1048576) (default)
2019-07-13 12:46:31,121 INFO  server.RaftServerConfigKeys (ConfUtils.java:logGet(43)) - raft.server.rpc.request.timeout = 3000ms (default)
2019-07-13 12:46:31,122 INFO  server.RaftServerConfigKeys (ConfUtils.java:logGet(43)) - raft.server.storage.dir = [/tmp/workdir/hadoop-ozone/integration-test/target/test-dir/MiniOzoneClusterImpl-1b432ca9-c5f2-4511-883b-85900e4a1fa7/datanode-3/data/ratis] (custom)
2019-07-13 12:46:31,122 INFO  replication.SimpleContainerDownloader (SimpleContainerDownloader.java:<init>(72)) - Starting container downloader service to copy containers to replicate.
2019-07-13 12:46:31,124 INFO  hdfs.DFSUtil (DFSUtil.java:httpServerTemplateForNNAndJN(1641)) - Starting Web-server for hddsDatanode at: http://0.0.0.0:0
2019-07-13 12:46:31,125 INFO  server.AuthenticationFilter (AuthenticationFilter.java:constructSecretProvider(240)) - Unable to initialize FileSignerSecretProvider, falling back to use random secrets.
2019-07-13 12:46:31,125 WARN  http.HttpRequestLog (HttpRequestLog.java:getRequestLog(97)) - Jetty request log can only be enabled using Log4j
2019-07-13 12:46:31,126 INFO  http.HttpServer2 (HttpServer2.java:addGlobalFilter(975)) - Added global filter 'safety' (class=org.apache.hadoop.http.HttpServer2$QuotingInputFilter)
2019-07-13 12:46:31,127 INFO  http.HttpServer2 (HttpServer2.java:addFilter(948)) - Added filter static_user_filter (class=org.apache.hadoop.http.lib.StaticUserWebFilter$StaticUserFilter) to context hddsDatanode
2019-07-13 12:46:31,127 INFO  http.HttpServer2 (HttpServer2.java:addFilter(958)) - Added filter static_user_filter (class=org.apache.hadoop.http.lib.StaticUserWebFilter$StaticUserFilter) to context static
2019-07-13 12:46:31,127 INFO  http.HttpServer2 (HttpServer2.java:addFilter(958)) - Added filter static_user_filter (class=org.apache.hadoop.http.lib.StaticUserWebFilter$StaticUserFilter) to context logs
2019-07-13 12:46:31,128 INFO  http.HttpServer2 (HttpServer2.java:bindListener(1191)) - Jetty bound to port 40549
2019-07-13 12:46:31,128 INFO  server.Server (Server.java:doStart(351)) - jetty-9.3.24.v20180605, build timestamp: 2018-06-05T17:11:56Z, git hash: 84205aa28f11a4f31f2a3b86d1bba2cc8ab69827
2019-07-13 12:46:31,130 INFO  handler.ContextHandler (ContextHandler.java:doStart(781)) - Started o.e.j.s.ServletContextHandler@5f395ce1{/logs,file:///tmp/workdir/hadoop-ozone/integration-test/target/log,AVAILABLE}
2019-07-13 12:46:31,131 INFO  handler.ContextHandler (ContextHandler.java:doStart(781)) - Started o.e.j.s.ServletContextHandler@1e30db85{/static,jar:file:/home/user/.m2/repository/org/apache/hadoop/hadoop-hdds-container-service/0.5.0-SNAPSHOT/hadoop-hdds-container-service-0.5.0-SNAPSHOT.jar!/webapps/static,AVAILABLE}
2019-07-13 12:46:31,158 INFO  handler.ContextHandler (ContextHandler.java:doStart(781)) - Started o.e.j.w.WebAppContext@1e00bfe2{/,file:///tmp/jetty-0.0.0.0-40549-hddsDatanode-_-any-4425135666042585593.dir/webapp/,AVAILABLE}{/hddsDatanode}
2019-07-13 12:46:31,158 INFO  server.AbstractConnector (AbstractConnector.java:doStart(278)) - Started ServerConnector@4702e7a5{HTTP/1.1,[http/1.1]}{0.0.0.0:40549}
2019-07-13 12:46:31,159 INFO  server.Server (Server.java:doStart(419)) - Started @6017ms
2019-07-13 12:46:31,161 INFO  server.BaseHttpServer (BaseHttpServer.java:updateConnectorAddress(207)) - HTTP server of HDDSDATANODE is listening at http://0.0.0.0:40549
2019-07-13 12:46:31,278 INFO  ozone.HddsDatanodeService (HddsDatanodeService.java:startPlugins(396)) - Started plug-in org.apache.hadoop.ozone.web.OzoneHddsDatanodeService@1bd8afc8
2019-07-13 12:46:31,278 INFO  impl.MetricsSystemImpl (MetricsSystemImpl.java:init(158)) - HddsDatanode metrics system started (again)
2019-07-13 12:46:31,279 INFO  ozone.HddsDatanodeService (HddsDatanodeService.java:start(185)) - HddsDatanodeService host:trunk-nightly-q2gwj-1111726333 ip:192.168.5.181
2019-07-13 12:46:31,280 INFO  util.JvmPauseMonitor (JvmPauseMonitor.java:run(188)) - Starting JVM pause monitor
2019-07-13 12:46:31,283 INFO  datanode.InitDatanodeState (InitDatanodeState.java:persistContainerDatanodeDetails(140)) - DatanodeDetails is persisted to /tmp/workdir/hadoop-ozone/integration-test/target/test-dir/MiniOzoneClusterImpl-1b432ca9-c5f2-4511-883b-85900e4a1fa7/datanode-3/meta/datanode.id
2019-07-13 12:46:31,289 INFO  volume.HddsVolume (HddsVolume.java:<init>(176)) - Creating Volume: /tmp/workdir/hadoop-ozone/integration-test/target/test-dir/MiniOzoneClusterImpl-1b432ca9-c5f2-4511-883b-85900e4a1fa7/datanode-4/data/containers/hdds of  storage type : DISK and capacity : 52710309888
2019-07-13 12:46:31,289 INFO  volume.VolumeSet (VolumeSet.java:initializeVolumeSet(170)) - Added Volume : /tmp/workdir/hadoop-ozone/integration-test/target/test-dir/MiniOzoneClusterImpl-1b432ca9-c5f2-4511-883b-85900e4a1fa7/datanode-4/data/containers/hdds to VolumeSet
2019-07-13 12:46:31,290 INFO  volume.ThrottledAsyncChecker (ThrottledAsyncChecker.java:schedule(140)) - Scheduling a check for org.apache.hadoop.ozone.container.common.volume.HddsVolume@77a0dd63
2019-07-13 12:46:31,290 INFO  volume.HddsVolumeChecker (HddsVolumeChecker.java:checkAllVolumes(203)) - Scheduled health check for volume org.apache.hadoop.ozone.container.common.volume.HddsVolume@77a0dd63
2019-07-13 12:46:31,303 INFO  impl.RaftServerProxy (ConfUtils.java:logGet(43)) - raft.rpc.type = GRPC (default)
2019-07-13 12:46:31,303 INFO  grpc.GrpcFactory (GrpcFactory.java:checkPooledByteBufAllocatorUseCacheForAllThreads(45)) - PERFORMANCE WARNING: useCacheForAllThreads is true that may cause Netty to create a lot garbage objects and, as a result, trigger GC.
	It is recommended to disable useCacheForAllThreads by setting -Dorg.apache.ratis.thirdparty.io.netty.allocator.useCacheForAllThreads=false in command line.
2019-07-13 12:46:31,304 INFO  grpc.GrpcConfigKeys$Server (ConfUtils.java:logGet(43)) - raft.grpc.server.port = 0 (default)
2019-07-13 12:46:31,304 INFO  server.GrpcService (ConfUtils.java:logGet(43)) - raft.grpc.message.size.max = 33570816 (custom)
2019-07-13 12:46:31,304 INFO  server.RaftServerConfigKeys (ConfUtils.java:logGet(43)) - raft.server.log.appender.buffer.byte-limit = 33554432 (custom)
2019-07-13 12:46:31,304 INFO  server.GrpcService (ConfUtils.java:logGet(43)) - raft.grpc.flow.control.window = 1MB (=1048576) (default)
2019-07-13 12:46:31,305 INFO  server.RaftServerConfigKeys (ConfUtils.java:logGet(43)) - raft.server.rpc.request.timeout = 3000ms (default)
2019-07-13 12:46:31,305 INFO  server.RaftServerConfigKeys (ConfUtils.java:logGet(43)) - raft.server.storage.dir = [/tmp/workdir/hadoop-ozone/integration-test/target/test-dir/MiniOzoneClusterImpl-1b432ca9-c5f2-4511-883b-85900e4a1fa7/datanode-4/data/ratis] (custom)
2019-07-13 12:46:31,306 INFO  replication.SimpleContainerDownloader (SimpleContainerDownloader.java:<init>(72)) - Starting container downloader service to copy containers to replicate.
2019-07-13 12:46:31,307 INFO  hdfs.DFSUtil (DFSUtil.java:httpServerTemplateForNNAndJN(1641)) - Starting Web-server for hddsDatanode at: http://0.0.0.0:0
2019-07-13 12:46:31,308 INFO  server.AuthenticationFilter (AuthenticationFilter.java:constructSecretProvider(240)) - Unable to initialize FileSignerSecretProvider, falling back to use random secrets.
2019-07-13 12:46:31,308 WARN  http.HttpRequestLog (HttpRequestLog.java:getRequestLog(97)) - Jetty request log can only be enabled using Log4j
2019-07-13 12:46:31,310 INFO  http.HttpServer2 (HttpServer2.java:addGlobalFilter(975)) - Added global filter 'safety' (class=org.apache.hadoop.http.HttpServer2$QuotingInputFilter)
2019-07-13 12:46:31,310 INFO  http.HttpServer2 (HttpServer2.java:addFilter(948)) - Added filter static_user_filter (class=org.apache.hadoop.http.lib.StaticUserWebFilter$StaticUserFilter) to context hddsDatanode
2019-07-13 12:46:31,310 INFO  http.HttpServer2 (HttpServer2.java:addFilter(958)) - Added filter static_user_filter (class=org.apache.hadoop.http.lib.StaticUserWebFilter$StaticUserFilter) to context static
2019-07-13 12:46:31,311 INFO  http.HttpServer2 (HttpServer2.java:addFilter(958)) - Added filter static_user_filter (class=org.apache.hadoop.http.lib.StaticUserWebFilter$StaticUserFilter) to context logs
2019-07-13 12:46:31,311 INFO  http.HttpServer2 (HttpServer2.java:bindListener(1191)) - Jetty bound to port 36777
2019-07-13 12:46:31,311 INFO  server.Server (Server.java:doStart(351)) - jetty-9.3.24.v20180605, build timestamp: 2018-06-05T17:11:56Z, git hash: 84205aa28f11a4f31f2a3b86d1bba2cc8ab69827
2019-07-13 12:46:31,317 INFO  handler.ContextHandler (ContextHandler.java:doStart(781)) - Started o.e.j.s.ServletContextHandler@7aa01bd9{/logs,file:///tmp/workdir/hadoop-ozone/integration-test/target/log,AVAILABLE}
2019-07-13 12:46:31,318 INFO  handler.ContextHandler (ContextHandler.java:doStart(781)) - Started o.e.j.s.ServletContextHandler@615db358{/static,jar:file:/home/user/.m2/repository/org/apache/hadoop/hadoop-hdds-container-service/0.5.0-SNAPSHOT/hadoop-hdds-container-service-0.5.0-SNAPSHOT.jar!/webapps/static,AVAILABLE}
2019-07-13 12:46:31,345 INFO  handler.ContextHandler (ContextHandler.java:doStart(781)) - Started o.e.j.w.WebAppContext@34136bd1{/,file:///tmp/jetty-0.0.0.0-36777-hddsDatanode-_-any-7722659030383579033.dir/webapp/,AVAILABLE}{/hddsDatanode}
2019-07-13 12:46:31,345 INFO  server.AbstractConnector (AbstractConnector.java:doStart(278)) - Started ServerConnector@6de7778f{HTTP/1.1,[http/1.1]}{0.0.0.0:36777}
2019-07-13 12:46:31,349 INFO  server.Server (Server.java:doStart(419)) - Started @6204ms
2019-07-13 12:46:31,350 INFO  server.BaseHttpServer (BaseHttpServer.java:updateConnectorAddress(207)) - HTTP server of HDDSDATANODE is listening at http://0.0.0.0:36777
2019-07-13 12:46:31,464 INFO  ozone.HddsDatanodeService (HddsDatanodeService.java:startPlugins(396)) - Started plug-in org.apache.hadoop.ozone.web.OzoneHddsDatanodeService@5fdd97c1
2019-07-13 12:46:31,464 INFO  impl.MetricsSystemImpl (MetricsSystemImpl.java:init(158)) - HddsDatanode metrics system started (again)
2019-07-13 12:46:31,464 INFO  ozone.HddsDatanodeService (HddsDatanodeService.java:start(185)) - HddsDatanodeService host:trunk-nightly-q2gwj-1111726333 ip:192.168.5.181
2019-07-13 12:46:31,466 INFO  util.JvmPauseMonitor (JvmPauseMonitor.java:run(188)) - Starting JVM pause monitor
2019-07-13 12:46:31,468 INFO  datanode.InitDatanodeState (InitDatanodeState.java:persistContainerDatanodeDetails(140)) - DatanodeDetails is persisted to /tmp/workdir/hadoop-ozone/integration-test/target/test-dir/MiniOzoneClusterImpl-1b432ca9-c5f2-4511-883b-85900e4a1fa7/datanode-4/meta/datanode.id
2019-07-13 12:46:31,471 INFO  volume.HddsVolume (HddsVolume.java:<init>(176)) - Creating Volume: /tmp/workdir/hadoop-ozone/integration-test/target/test-dir/MiniOzoneClusterImpl-1b432ca9-c5f2-4511-883b-85900e4a1fa7/datanode-5/data/containers/hdds of  storage type : DISK and capacity : 52710309888
2019-07-13 12:46:31,472 INFO  volume.VolumeSet (VolumeSet.java:initializeVolumeSet(170)) - Added Volume : /tmp/workdir/hadoop-ozone/integration-test/target/test-dir/MiniOzoneClusterImpl-1b432ca9-c5f2-4511-883b-85900e4a1fa7/datanode-5/data/containers/hdds to VolumeSet
2019-07-13 12:46:31,472 INFO  volume.ThrottledAsyncChecker (ThrottledAsyncChecker.java:schedule(140)) - Scheduling a check for org.apache.hadoop.ozone.container.common.volume.HddsVolume@37d3e140
2019-07-13 12:46:31,472 INFO  volume.HddsVolumeChecker (HddsVolumeChecker.java:checkAllVolumes(203)) - Scheduled health check for volume org.apache.hadoop.ozone.container.common.volume.HddsVolume@37d3e140
2019-07-13 12:46:31,487 INFO  impl.RaftServerProxy (ConfUtils.java:logGet(43)) - raft.rpc.type = GRPC (default)
2019-07-13 12:46:31,487 INFO  grpc.GrpcFactory (GrpcFactory.java:checkPooledByteBufAllocatorUseCacheForAllThreads(45)) - PERFORMANCE WARNING: useCacheForAllThreads is true that may cause Netty to create a lot garbage objects and, as a result, trigger GC.
	It is recommended to disable useCacheForAllThreads by setting -Dorg.apache.ratis.thirdparty.io.netty.allocator.useCacheForAllThreads=false in command line.
2019-07-13 12:46:31,487 INFO  grpc.GrpcConfigKeys$Server (ConfUtils.java:logGet(43)) - raft.grpc.server.port = 0 (default)
2019-07-13 12:46:31,488 INFO  server.GrpcService (ConfUtils.java:logGet(43)) - raft.grpc.message.size.max = 33570816 (custom)
2019-07-13 12:46:31,488 INFO  server.RaftServerConfigKeys (ConfUtils.java:logGet(43)) - raft.server.log.appender.buffer.byte-limit = 33554432 (custom)
2019-07-13 12:46:31,488 INFO  server.GrpcService (ConfUtils.java:logGet(43)) - raft.grpc.flow.control.window = 1MB (=1048576) (default)
2019-07-13 12:46:31,488 INFO  server.RaftServerConfigKeys (ConfUtils.java:logGet(43)) - raft.server.rpc.request.timeout = 3000ms (default)
2019-07-13 12:46:31,489 INFO  server.RaftServerConfigKeys (ConfUtils.java:logGet(43)) - raft.server.storage.dir = [/tmp/workdir/hadoop-ozone/integration-test/target/test-dir/MiniOzoneClusterImpl-1b432ca9-c5f2-4511-883b-85900e4a1fa7/datanode-5/data/ratis] (custom)
2019-07-13 12:46:31,489 INFO  replication.SimpleContainerDownloader (SimpleContainerDownloader.java:<init>(72)) - Starting container downloader service to copy containers to replicate.
2019-07-13 12:46:31,491 INFO  hdfs.DFSUtil (DFSUtil.java:httpServerTemplateForNNAndJN(1641)) - Starting Web-server for hddsDatanode at: http://0.0.0.0:0
2019-07-13 12:46:31,492 INFO  server.AuthenticationFilter (AuthenticationFilter.java:constructSecretProvider(240)) - Unable to initialize FileSignerSecretProvider, falling back to use random secrets.
2019-07-13 12:46:31,492 WARN  http.HttpRequestLog (HttpRequestLog.java:getRequestLog(97)) - Jetty request log can only be enabled using Log4j
2019-07-13 12:46:31,494 INFO  http.HttpServer2 (HttpServer2.java:addGlobalFilter(975)) - Added global filter 'safety' (class=org.apache.hadoop.http.HttpServer2$QuotingInputFilter)
2019-07-13 12:46:31,494 INFO  http.HttpServer2 (HttpServer2.java:addFilter(948)) - Added filter static_user_filter (class=org.apache.hadoop.http.lib.StaticUserWebFilter$StaticUserFilter) to context hddsDatanode
2019-07-13 12:46:31,495 INFO  http.HttpServer2 (HttpServer2.java:addFilter(958)) - Added filter static_user_filter (class=org.apache.hadoop.http.lib.StaticUserWebFilter$StaticUserFilter) to context static
2019-07-13 12:46:31,495 INFO  http.HttpServer2 (HttpServer2.java:addFilter(958)) - Added filter static_user_filter (class=org.apache.hadoop.http.lib.StaticUserWebFilter$StaticUserFilter) to context logs
2019-07-13 12:46:31,495 INFO  http.HttpServer2 (HttpServer2.java:bindListener(1191)) - Jetty bound to port 45814
2019-07-13 12:46:31,495 INFO  server.Server (Server.java:doStart(351)) - jetty-9.3.24.v20180605, build timestamp: 2018-06-05T17:11:56Z, git hash: 84205aa28f11a4f31f2a3b86d1bba2cc8ab69827
2019-07-13 12:46:31,498 INFO  handler.ContextHandler (ContextHandler.java:doStart(781)) - Started o.e.j.s.ServletContextHandler@545d2560{/logs,file:///tmp/workdir/hadoop-ozone/integration-test/target/log,AVAILABLE}
2019-07-13 12:46:31,498 INFO  handler.ContextHandler (ContextHandler.java:doStart(781)) - Started o.e.j.s.ServletContextHandler@6885ed19{/static,jar:file:/home/user/.m2/repository/org/apache/hadoop/hadoop-hdds-container-service/0.5.0-SNAPSHOT/hadoop-hdds-container-service-0.5.0-SNAPSHOT.jar!/webapps/static,AVAILABLE}
2019-07-13 12:46:31,530 INFO  handler.ContextHandler (ContextHandler.java:doStart(781)) - Started o.e.j.w.WebAppContext@40c8067{/,file:///tmp/jetty-0.0.0.0-45814-hddsDatanode-_-any-1585375964349032077.dir/webapp/,AVAILABLE}{/hddsDatanode}
2019-07-13 12:46:31,532 INFO  server.AbstractConnector (AbstractConnector.java:doStart(278)) - Started ServerConnector@46bb0bdf{HTTP/1.1,[http/1.1]}{0.0.0.0:45814}
2019-07-13 12:46:31,532 INFO  server.Server (Server.java:doStart(419)) - Started @6389ms
2019-07-13 12:46:31,533 INFO  server.BaseHttpServer (BaseHttpServer.java:updateConnectorAddress(207)) - HTTP server of HDDSDATANODE is listening at http://0.0.0.0:45814
2019-07-13 12:46:31,648 INFO  ozone.HddsDatanodeService (HddsDatanodeService.java:startPlugins(396)) - Started plug-in org.apache.hadoop.ozone.web.OzoneHddsDatanodeService@7d25913
2019-07-13 12:46:31,648 INFO  impl.MetricsSystemImpl (MetricsSystemImpl.java:init(158)) - HddsDatanode metrics system started (again)
2019-07-13 12:46:31,649 INFO  ozone.HddsDatanodeService (HddsDatanodeService.java:start(185)) - HddsDatanodeService host:trunk-nightly-q2gwj-1111726333 ip:192.168.5.181
2019-07-13 12:46:31,650 INFO  util.JvmPauseMonitor (JvmPauseMonitor.java:run(188)) - Starting JVM pause monitor
2019-07-13 12:46:31,653 INFO  datanode.InitDatanodeState (InitDatanodeState.java:persistContainerDatanodeDetails(140)) - DatanodeDetails is persisted to /tmp/workdir/hadoop-ozone/integration-test/target/test-dir/MiniOzoneClusterImpl-1b432ca9-c5f2-4511-883b-85900e4a1fa7/datanode-5/meta/datanode.id
2019-07-13 12:46:31,660 INFO  volume.HddsVolume (HddsVolume.java:<init>(176)) - Creating Volume: /tmp/workdir/hadoop-ozone/integration-test/target/test-dir/MiniOzoneClusterImpl-1b432ca9-c5f2-4511-883b-85900e4a1fa7/datanode-6/data/containers/hdds of  storage type : DISK and capacity : 52710309888
2019-07-13 12:46:31,660 INFO  volume.VolumeSet (VolumeSet.java:initializeVolumeSet(170)) - Added Volume : /tmp/workdir/hadoop-ozone/integration-test/target/test-dir/MiniOzoneClusterImpl-1b432ca9-c5f2-4511-883b-85900e4a1fa7/datanode-6/data/containers/hdds to VolumeSet
2019-07-13 12:46:31,660 INFO  volume.ThrottledAsyncChecker (ThrottledAsyncChecker.java:schedule(140)) - Scheduling a check for org.apache.hadoop.ozone.container.common.volume.HddsVolume@40a1b6d4
2019-07-13 12:46:31,661 INFO  volume.HddsVolumeChecker (HddsVolumeChecker.java:checkAllVolumes(203)) - Scheduled health check for volume org.apache.hadoop.ozone.container.common.volume.HddsVolume@40a1b6d4
2019-07-13 12:46:31,675 INFO  impl.RaftServerProxy (ConfUtils.java:logGet(43)) - raft.rpc.type = GRPC (default)
2019-07-13 12:46:31,675 INFO  grpc.GrpcFactory (GrpcFactory.java:checkPooledByteBufAllocatorUseCacheForAllThreads(45)) - PERFORMANCE WARNING: useCacheForAllThreads is true that may cause Netty to create a lot garbage objects and, as a result, trigger GC.
	It is recommended to disable useCacheForAllThreads by setting -Dorg.apache.ratis.thirdparty.io.netty.allocator.useCacheForAllThreads=false in command line.
2019-07-13 12:46:31,675 INFO  grpc.GrpcConfigKeys$Server (ConfUtils.java:logGet(43)) - raft.grpc.server.port = 0 (default)
2019-07-13 12:46:31,675 INFO  server.GrpcService (ConfUtils.java:logGet(43)) - raft.grpc.message.size.max = 33570816 (custom)
2019-07-13 12:46:31,676 INFO  server.RaftServerConfigKeys (ConfUtils.java:logGet(43)) - raft.server.log.appender.buffer.byte-limit = 33554432 (custom)
2019-07-13 12:46:31,676 INFO  server.GrpcService (ConfUtils.java:logGet(43)) - raft.grpc.flow.control.window = 1MB (=1048576) (default)
2019-07-13 12:46:31,676 INFO  server.RaftServerConfigKeys (ConfUtils.java:logGet(43)) - raft.server.rpc.request.timeout = 3000ms (default)
2019-07-13 12:46:31,677 INFO  server.RaftServerConfigKeys (ConfUtils.java:logGet(43)) - raft.server.storage.dir = [/tmp/workdir/hadoop-ozone/integration-test/target/test-dir/MiniOzoneClusterImpl-1b432ca9-c5f2-4511-883b-85900e4a1fa7/datanode-6/data/ratis] (custom)
2019-07-13 12:46:31,677 INFO  replication.SimpleContainerDownloader (SimpleContainerDownloader.java:<init>(72)) - Starting container downloader service to copy containers to replicate.
2019-07-13 12:46:31,678 INFO  hdfs.DFSUtil (DFSUtil.java:httpServerTemplateForNNAndJN(1641)) - Starting Web-server for hddsDatanode at: http://0.0.0.0:0
2019-07-13 12:46:31,680 INFO  server.AuthenticationFilter (AuthenticationFilter.java:constructSecretProvider(240)) - Unable to initialize FileSignerSecretProvider, falling back to use random secrets.
2019-07-13 12:46:31,680 WARN  http.HttpRequestLog (HttpRequestLog.java:getRequestLog(97)) - Jetty request log can only be enabled using Log4j
2019-07-13 12:46:31,681 INFO  http.HttpServer2 (HttpServer2.java:addGlobalFilter(975)) - Added global filter 'safety' (class=org.apache.hadoop.http.HttpServer2$QuotingInputFilter)
2019-07-13 12:46:31,682 INFO  http.HttpServer2 (HttpServer2.java:addFilter(948)) - Added filter static_user_filter (class=org.apache.hadoop.http.lib.StaticUserWebFilter$StaticUserFilter) to context hddsDatanode
2019-07-13 12:46:31,682 INFO  http.HttpServer2 (HttpServer2.java:addFilter(958)) - Added filter static_user_filter (class=org.apache.hadoop.http.lib.StaticUserWebFilter$StaticUserFilter) to context static
2019-07-13 12:46:31,682 INFO  http.HttpServer2 (HttpServer2.java:addFilter(958)) - Added filter static_user_filter (class=org.apache.hadoop.http.lib.StaticUserWebFilter$StaticUserFilter) to context logs
2019-07-13 12:46:31,683 INFO  http.HttpServer2 (HttpServer2.java:bindListener(1191)) - Jetty bound to port 45382
2019-07-13 12:46:31,683 INFO  server.Server (Server.java:doStart(351)) - jetty-9.3.24.v20180605, build timestamp: 2018-06-05T17:11:56Z, git hash: 84205aa28f11a4f31f2a3b86d1bba2cc8ab69827
2019-07-13 12:46:31,685 INFO  handler.ContextHandler (ContextHandler.java:doStart(781)) - Started o.e.j.s.ServletContextHandler@718989fa{/logs,file:///tmp/workdir/hadoop-ozone/integration-test/target/log,AVAILABLE}
2019-07-13 12:46:31,686 INFO  handler.ContextHandler (ContextHandler.java:doStart(781)) - Started o.e.j.s.ServletContextHandler@6568f998{/static,jar:file:/home/user/.m2/repository/org/apache/hadoop/hadoop-hdds-container-service/0.5.0-SNAPSHOT/hadoop-hdds-container-service-0.5.0-SNAPSHOT.jar!/webapps/static,AVAILABLE}
2019-07-13 12:46:31,713 INFO  handler.ContextHandler (ContextHandler.java:doStart(781)) - Started o.e.j.w.WebAppContext@448ade1{/,file:///tmp/jetty-0.0.0.0-45382-hddsDatanode-_-any-5186282685850973214.dir/webapp/,AVAILABLE}{/hddsDatanode}
2019-07-13 12:46:31,713 INFO  server.AbstractConnector (AbstractConnector.java:doStart(278)) - Started ServerConnector@21f9c6ea{HTTP/1.1,[http/1.1]}{0.0.0.0:45382}
2019-07-13 12:46:31,715 INFO  server.Server (Server.java:doStart(419)) - Started @6572ms
2019-07-13 12:46:31,715 INFO  server.BaseHttpServer (BaseHttpServer.java:updateConnectorAddress(207)) - HTTP server of HDDSDATANODE is listening at http://0.0.0.0:45382
2019-07-13 12:46:31,927 INFO  ozone.HddsDatanodeService (HddsDatanodeService.java:startPlugins(396)) - Started plug-in org.apache.hadoop.ozone.web.OzoneHddsDatanodeService@112c2930
2019-07-13 12:46:31,929 INFO  ozone.MiniOzoneClusterImpl (MiniOzoneClusterImpl.java:lambda$waitForClusterToBeReady$0(142)) - Waiting for cluster to be ready. Got 0 of 7 DN Heartbeats.
2019-07-13 12:46:31,930 INFO  util.JvmPauseMonitor (JvmPauseMonitor.java:run(188)) - Starting JVM pause monitor
2019-07-13 12:46:31,932 INFO  datanode.InitDatanodeState (InitDatanodeState.java:persistContainerDatanodeDetails(140)) - DatanodeDetails is persisted to /tmp/workdir/hadoop-ozone/integration-test/target/test-dir/MiniOzoneClusterImpl-1b432ca9-c5f2-4511-883b-85900e4a1fa7/datanode-6/meta/datanode.id
2019-07-13 12:46:32,698 INFO  ozoneimpl.OzoneContainer (OzoneContainer.java:start(186)) - Attempting to start container services.
2019-07-13 12:46:32,698 INFO  ozoneimpl.OzoneContainer (OzoneContainer.java:startContainerScrub(160)) - Background container scrubber has been disabled by hdds.containerscrub.enabled
2019-07-13 12:46:32,698 INFO  ratis.XceiverServerRatis (XceiverServerRatis.java:start(418)) - Starting XceiverServerRatis 66be00ef-bdaa-400d-83ec-5531d2645c4e at port 0
2019-07-13 12:46:32,724 INFO  impl.RaftServerProxy (RaftServerProxy.java:lambda$start$3(299)) - 66be00ef-bdaa-400d-83ec-5531d2645c4e: start RPC server
2019-07-13 12:46:32,845 INFO  server.GrpcService (GrpcService.java:startImpl(149)) - 66be00ef-bdaa-400d-83ec-5531d2645c4e: GrpcService started, listening on 0.0.0.0/0.0.0.0:41762
2019-07-13 12:46:32,846 INFO  ratis.XceiverServerRatis (XceiverServerRatis.java:start(428)) - XceiverServerRatis 66be00ef-bdaa-400d-83ec-5531d2645c4e is started using port 41762
2019-07-13 12:46:32,848 INFO  server.XceiverServerGrpc (XceiverServerGrpc.java:start(161)) - XceiverServerGrpc 66be00ef-bdaa-400d-83ec-5531d2645c4e is started using port 39604
2019-07-13 12:46:32,915 INFO  ozoneimpl.OzoneContainer (OzoneContainer.java:start(186)) - Attempting to start container services.
2019-07-13 12:46:32,918 INFO  ozoneimpl.OzoneContainer (OzoneContainer.java:startContainerScrub(160)) - Background container scrubber has been disabled by hdds.containerscrub.enabled
2019-07-13 12:46:32,918 INFO  ratis.XceiverServerRatis (XceiverServerRatis.java:start(418)) - Starting XceiverServerRatis f5c1a697-0b8a-434f-935a-f2cc79637d49 at port 0
2019-07-13 12:46:32,927 INFO  impl.RaftServerProxy (RaftServerProxy.java:lambda$start$3(299)) - f5c1a697-0b8a-434f-935a-f2cc79637d49: start RPC server
2019-07-13 12:46:32,930 INFO  ozone.MiniOzoneClusterImpl (MiniOzoneClusterImpl.java:lambda$waitForClusterToBeReady$0(142)) - Waiting for cluster to be ready. Got 0 of 7 DN Heartbeats.
2019-07-13 12:46:32,930 INFO  server.GrpcService (GrpcService.java:startImpl(149)) - f5c1a697-0b8a-434f-935a-f2cc79637d49: GrpcService started, listening on 0.0.0.0/0.0.0.0:33205
2019-07-13 12:46:32,931 INFO  ratis.XceiverServerRatis (XceiverServerRatis.java:start(428)) - XceiverServerRatis f5c1a697-0b8a-434f-935a-f2cc79637d49 is started using port 33205
2019-07-13 12:46:32,933 INFO  server.XceiverServerGrpc (XceiverServerGrpc.java:start(161)) - XceiverServerGrpc f5c1a697-0b8a-434f-935a-f2cc79637d49 is started using port 40288
2019-07-13 12:46:33,105 INFO  ozoneimpl.OzoneContainer (OzoneContainer.java:start(186)) - Attempting to start container services.
2019-07-13 12:46:33,107 INFO  ozoneimpl.OzoneContainer (OzoneContainer.java:startContainerScrub(160)) - Background container scrubber has been disabled by hdds.containerscrub.enabled
2019-07-13 12:46:33,107 INFO  ratis.XceiverServerRatis (XceiverServerRatis.java:start(418)) - Starting XceiverServerRatis e9070f87-fefc-401b-99e9-1043f20c7266 at port 0
2019-07-13 12:46:33,116 INFO  impl.RaftServerProxy (RaftServerProxy.java:lambda$start$3(299)) - e9070f87-fefc-401b-99e9-1043f20c7266: start RPC server
2019-07-13 12:46:33,119 INFO  server.GrpcService (GrpcService.java:startImpl(149)) - e9070f87-fefc-401b-99e9-1043f20c7266: GrpcService started, listening on 0.0.0.0/0.0.0.0:45519
2019-07-13 12:46:33,119 INFO  ratis.XceiverServerRatis (XceiverServerRatis.java:start(428)) - XceiverServerRatis e9070f87-fefc-401b-99e9-1043f20c7266 is started using port 45519
2019-07-13 12:46:33,121 INFO  server.XceiverServerGrpc (XceiverServerGrpc.java:start(161)) - XceiverServerGrpc e9070f87-fefc-401b-99e9-1043f20c7266 is started using port 42503
2019-07-13 12:46:33,288 INFO  ozoneimpl.OzoneContainer (OzoneContainer.java:start(186)) - Attempting to start container services.
2019-07-13 12:46:33,290 INFO  ozoneimpl.OzoneContainer (OzoneContainer.java:startContainerScrub(160)) - Background container scrubber has been disabled by hdds.containerscrub.enabled
2019-07-13 12:46:33,291 INFO  ratis.XceiverServerRatis (XceiverServerRatis.java:start(418)) - Starting XceiverServerRatis 3c301f3b-910d-4d8f-9522-167ce4dfa79a at port 0
2019-07-13 12:46:33,299 INFO  impl.RaftServerProxy (RaftServerProxy.java:lambda$start$3(299)) - 3c301f3b-910d-4d8f-9522-167ce4dfa79a: start RPC server
2019-07-13 12:46:33,303 INFO  server.GrpcService (GrpcService.java:startImpl(149)) - 3c301f3b-910d-4d8f-9522-167ce4dfa79a: GrpcService started, listening on 0.0.0.0/0.0.0.0:46355
2019-07-13 12:46:33,303 INFO  ratis.XceiverServerRatis (XceiverServerRatis.java:start(428)) - XceiverServerRatis 3c301f3b-910d-4d8f-9522-167ce4dfa79a is started using port 46355
2019-07-13 12:46:33,306 INFO  server.XceiverServerGrpc (XceiverServerGrpc.java:start(161)) - XceiverServerGrpc 3c301f3b-910d-4d8f-9522-167ce4dfa79a is started using port 44527
2019-07-13 12:46:33,482 INFO  ozoneimpl.OzoneContainer (OzoneContainer.java:start(186)) - Attempting to start container services.
2019-07-13 12:46:33,484 INFO  ozoneimpl.OzoneContainer (OzoneContainer.java:startContainerScrub(160)) - Background container scrubber has been disabled by hdds.containerscrub.enabled
2019-07-13 12:46:33,484 INFO  ratis.XceiverServerRatis (XceiverServerRatis.java:start(418)) - Starting XceiverServerRatis 8aa45bf7-2fd9-436a-8372-76ab84cf8af7 at port 0
2019-07-13 12:46:33,494 INFO  impl.RaftServerProxy (RaftServerProxy.java:lambda$start$3(299)) - 8aa45bf7-2fd9-436a-8372-76ab84cf8af7: start RPC server
2019-07-13 12:46:33,499 INFO  server.GrpcService (GrpcService.java:startImpl(149)) - 8aa45bf7-2fd9-436a-8372-76ab84cf8af7: GrpcService started, listening on 0.0.0.0/0.0.0.0:42541
2019-07-13 12:46:33,499 INFO  ratis.XceiverServerRatis (XceiverServerRatis.java:start(428)) - XceiverServerRatis 8aa45bf7-2fd9-436a-8372-76ab84cf8af7 is started using port 42541
2019-07-13 12:46:33,502 INFO  server.XceiverServerGrpc (XceiverServerGrpc.java:start(161)) - XceiverServerGrpc 8aa45bf7-2fd9-436a-8372-76ab84cf8af7 is started using port 45866
2019-07-13 12:46:33,657 INFO  ozoneimpl.OzoneContainer (OzoneContainer.java:start(186)) - Attempting to start container services.
2019-07-13 12:46:33,659 INFO  ozoneimpl.OzoneContainer (OzoneContainer.java:startContainerScrub(160)) - Background container scrubber has been disabled by hdds.containerscrub.enabled
2019-07-13 12:46:33,660 INFO  ratis.XceiverServerRatis (XceiverServerRatis.java:start(418)) - Starting XceiverServerRatis 723106c5-876b-406d-bf93-8674e1979033 at port 0
2019-07-13 12:46:33,667 INFO  impl.RaftServerProxy (RaftServerProxy.java:lambda$start$3(299)) - 723106c5-876b-406d-bf93-8674e1979033: start RPC server
2019-07-13 12:46:33,671 INFO  server.GrpcService (GrpcService.java:startImpl(149)) - 723106c5-876b-406d-bf93-8674e1979033: GrpcService started, listening on 0.0.0.0/0.0.0.0:44102
2019-07-13 12:46:33,671 INFO  ratis.XceiverServerRatis (XceiverServerRatis.java:start(428)) - XceiverServerRatis 723106c5-876b-406d-bf93-8674e1979033 is started using port 44102
2019-07-13 12:46:33,674 INFO  server.XceiverServerGrpc (XceiverServerGrpc.java:start(161)) - XceiverServerGrpc 723106c5-876b-406d-bf93-8674e1979033 is started using port 46300
2019-07-13 12:46:33,932 INFO  ozone.MiniOzoneClusterImpl (MiniOzoneClusterImpl.java:lambda$waitForClusterToBeReady$0(142)) - Waiting for cluster to be ready. Got 0 of 7 DN Heartbeats.
2019-07-13 12:46:33,938 INFO  ozoneimpl.OzoneContainer (OzoneContainer.java:start(186)) - Attempting to start container services.
2019-07-13 12:46:33,942 INFO  ozoneimpl.OzoneContainer (OzoneContainer.java:startContainerScrub(160)) - Background container scrubber has been disabled by hdds.containerscrub.enabled
2019-07-13 12:46:33,942 INFO  ratis.XceiverServerRatis (XceiverServerRatis.java:start(418)) - Starting XceiverServerRatis cb68df61-a0ca-42af-9515-48ad8f83fdb2 at port 0
2019-07-13 12:46:33,951 INFO  impl.RaftServerProxy (RaftServerProxy.java:lambda$start$3(299)) - cb68df61-a0ca-42af-9515-48ad8f83fdb2: start RPC server
2019-07-13 12:46:33,955 INFO  server.GrpcService (GrpcService.java:startImpl(149)) - cb68df61-a0ca-42af-9515-48ad8f83fdb2: GrpcService started, listening on 0.0.0.0/0.0.0.0:39070
2019-07-13 12:46:33,956 INFO  ratis.XceiverServerRatis (XceiverServerRatis.java:start(428)) - XceiverServerRatis cb68df61-a0ca-42af-9515-48ad8f83fdb2 is started using port 39070
2019-07-13 12:46:33,960 INFO  server.XceiverServerGrpc (XceiverServerGrpc.java:start(161)) - XceiverServerGrpc cb68df61-a0ca-42af-9515-48ad8f83fdb2 is started using port 35821
2019-07-13 12:46:34,691 INFO  net.NetworkTopology (NetworkTopologyImpl.java:add(110)) - Added a new node: /default-rack/192.168.5.181
2019-07-13 12:46:34,692 INFO  node.SCMNodeManager (SCMNodeManager.java:register(269)) - Registered Data node : 66be00ef-bdaa-400d-83ec-5531d2645c4e{ip: 192.168.5.181, host: trunk-nightly-q2gwj-1111726333, networkLocation: /default-rack, certSerialId: null}
2019-07-13 12:46:34,698 INFO  safemode.SCMSafeModeManager (DataNodeSafeModeRule.java:process(71)) - SCM in safe mode. 1 DataNodes registered, 1 required.
2019-07-13 12:46:34,699 INFO  safemode.SCMSafeModeManager (SCMSafeModeManager.java:validateSafeModeExitRules(177)) - ScmSafeModeManager, all rules are successfully validated
2019-07-13 12:46:34,699 INFO  safemode.SCMSafeModeManager (SCMSafeModeManager.java:exitSafeMode(193)) - SCM exiting safe mode.
2019-07-13 12:46:34,904 INFO  node.SCMNodeManager (SCMNodeManager.java:register(269)) - Registered Data node : f5c1a697-0b8a-434f-935a-f2cc79637d49{ip: 192.168.5.181, host: trunk-nightly-q2gwj-1111726333, networkLocation: /default-rack, certSerialId: null}
2019-07-13 12:46:34,933 INFO  ozone.MiniOzoneClusterImpl (MiniOzoneClusterImpl.java:lambda$waitForClusterToBeReady$0(142)) - Waiting for cluster to be ready. Got 2 of 7 DN Heartbeats.
2019-07-13 12:46:35,103 INFO  node.SCMNodeManager (SCMNodeManager.java:register(269)) - Registered Data node : e9070f87-fefc-401b-99e9-1043f20c7266{ip: 192.168.5.181, host: trunk-nightly-q2gwj-1111726333, networkLocation: /default-rack, certSerialId: null}
2019-07-13 12:46:35,598 INFO  node.SCMNodeManager (SCMNodeManager.java:register(269)) - Registered Data node : 8aa45bf7-2fd9-436a-8372-76ab84cf8af7{ip: 192.168.5.181, host: trunk-nightly-q2gwj-1111726333, networkLocation: /default-rack, certSerialId: null}
2019-07-13 12:46:35,598 INFO  node.SCMNodeManager (SCMNodeManager.java:register(269)) - Registered Data node : 3c301f3b-910d-4d8f-9522-167ce4dfa79a{ip: 192.168.5.181, host: trunk-nightly-q2gwj-1111726333, networkLocation: /default-rack, certSerialId: null}
2019-07-13 12:46:35,636 INFO  impl.RaftServerProxy (RaftServerProxy.java:addNew(89)) - 66be00ef-bdaa-400d-83ec-5531d2645c4e: addNew group-B7CF0E7A122B:[66be00ef-bdaa-400d-83ec-5531d2645c4e:192.168.5.181:41762] returns group-B7CF0E7A122B:java.util.concurrent.CompletableFuture@5ba2d0e8[Not completed]
2019-07-13 12:46:35,648 INFO  impl.RaftServerImpl (RaftServerImpl.java:<init>(93)) - 66be00ef-bdaa-400d-83ec-5531d2645c4e: new RaftServerImpl for group-B7CF0E7A122B:[66be00ef-bdaa-400d-83ec-5531d2645c4e:192.168.5.181:41762] with ContainerStateMachine:uninitialized
2019-07-13 12:46:35,650 INFO  server.RaftServerConfigKeys (ConfUtils.java:logGet(43)) - raft.server.rpc.timeout.min = 5s (custom)
2019-07-13 12:46:35,650 INFO  server.RaftServerConfigKeys (ConfUtils.java:logGet(43)) - raft.server.rpc.timeout.max = 5200ms (custom)
2019-07-13 12:46:35,650 INFO  server.RaftServerConfigKeys (ConfUtils.java:logGet(43)) - raft.server.rpcslowness.timeout = 120s (custom)
2019-07-13 12:46:35,653 INFO  server.RaftServerConfigKeys (ConfUtils.java:logGet(43)) - raft.server.sleep.deviation.threshold = 300 (default)
2019-07-13 12:46:35,658 INFO  node.SCMNodeManager (SCMNodeManager.java:register(269)) - Registered Data node : 723106c5-876b-406d-bf93-8674e1979033{ip: 192.168.5.181, host: trunk-nightly-q2gwj-1111726333, networkLocation: /default-rack, certSerialId: null}
2019-07-13 12:46:35,659 INFO  server.RaftServerConfigKeys (ConfUtils.java:logGet(43)) - raft.server.log.appender.install.snapshot.enabled = false (custom)
2019-07-13 12:46:35,668 INFO  impl.RaftServerImpl (ServerState.java:<init>(105)) - 66be00ef-bdaa-400d-83ec-5531d2645c4e:group-B7CF0E7A122B ConfigurationManager, init=-1: [66be00ef-bdaa-400d-83ec-5531d2645c4e:192.168.5.181:41762], old=null, confs=<EMPTY_MAP>
2019-07-13 12:46:35,669 INFO  server.RaftServerConfigKeys (ConfUtils.java:logGet(43)) - raft.server.storage.dir = [/tmp/workdir/hadoop-ozone/integration-test/target/test-dir/MiniOzoneClusterImpl-1b432ca9-c5f2-4511-883b-85900e4a1fa7/datanode-0/data/ratis] (custom)
2019-07-13 12:46:35,677 INFO  storage.RaftStorageDirectory (RaftStorageDirectory.java:analyzeStorage(246)) - The storage directory /tmp/workdir/hadoop-ozone/integration-test/target/test-dir/MiniOzoneClusterImpl-1b432ca9-c5f2-4511-883b-85900e4a1fa7/datanode-0/data/ratis/338cacdd-24e1-45c0-a81d-b7cf0e7a122b does not exist. Creating ...
2019-07-13 12:46:35,703 INFO  storage.RaftStorageDirectory (RaftStorageDirectory.java:tryLock(328)) - Lock on /tmp/workdir/hadoop-ozone/integration-test/target/test-dir/MiniOzoneClusterImpl-1b432ca9-c5f2-4511-883b-85900e4a1fa7/datanode-0/data/ratis/338cacdd-24e1-45c0-a81d-b7cf0e7a122b/in_use.lock acquired by nodename 28904@trunk-nightly-q2gwj-1111726333
2019-07-13 12:46:35,718 INFO  storage.RaftStorage (RaftStorage.java:format(72)) - Storage directory /tmp/workdir/hadoop-ozone/integration-test/target/test-dir/MiniOzoneClusterImpl-1b432ca9-c5f2-4511-883b-85900e4a1fa7/datanode-0/data/ratis/338cacdd-24e1-45c0-a81d-b7cf0e7a122b has been successfully formatted.
2019-07-13 12:46:35,720 INFO  ratis.ContainerStateMachine (ContainerStateMachine.java:loadSnapshot(200)) - The snapshot info is null.Setting the last applied index to:(t:0, i:~)
2019-07-13 12:46:35,720 INFO  server.RaftServerConfigKeys (ConfUtils.java:logGet(43)) - raft.server.leader.election.timeout = 120s (custom)
2019-07-13 12:46:35,723 INFO  server.RaftServerConfigKeys (ConfUtils.java:logGet(43)) - raft.server.log.use.memory = false (default)
2019-07-13 12:46:35,728 INFO  server.RaftServerConfigKeys (ConfUtils.java:logGet(43)) - raft.server.log.purge.gap = 1000000000 (custom)
2019-07-13 12:46:35,728 INFO  server.RaftServerConfigKeys (ConfUtils.java:logGet(43)) - raft.server.log.appender.buffer.byte-limit = 33554432 (custom)
2019-07-13 12:46:35,730 INFO  server.RaftServerConfigKeys (ConfUtils.java:logGet(43)) - raft.server.log.segment.size.max = 1048576 (custom)
2019-07-13 12:46:35,735 INFO  server.RaftServerConfigKeys (ConfUtils.java:logGet(43)) - raft.server.log.segment.cache.num.max = 2 (custom)
2019-07-13 12:46:35,741 INFO  segmented.SegmentedRaftLogWorker (SegmentedRaftLogWorker.java:<init>(172)) - new 66be00ef-bdaa-400d-83ec-5531d2645c4e-SegmentedRaftLogWorker:Storage Directory /tmp/workdir/hadoop-ozone/integration-test/target/test-dir/MiniOzoneClusterImpl-1b432ca9-c5f2-4511-883b-85900e4a1fa7/datanode-0/data/ratis/338cacdd-24e1-45c0-a81d-b7cf0e7a122b for RaftStorage:Storage Directory /tmp/workdir/hadoop-ozone/integration-test/target/test-dir/MiniOzoneClusterImpl-1b432ca9-c5f2-4511-883b-85900e4a1fa7/datanode-0/data/ratis/338cacdd-24e1-45c0-a81d-b7cf0e7a122b
2019-07-13 12:46:35,753 INFO  server.RaftServerConfigKeys (ConfUtils.java:logGet(43)) - raft.server.log.queue.byte-limit = 2147483647 (custom)
2019-07-13 12:46:35,754 INFO  server.RaftServerConfigKeys (ConfUtils.java:logGet(43)) - raft.server.log.queue.element-limit = 1024 (custom)
2019-07-13 12:46:35,758 INFO  server.RaftServerConfigKeys (ConfUtils.java:logGet(43)) - raft.server.log.segment.size.max = 1048576 (custom)
2019-07-13 12:46:35,759 INFO  server.RaftServerConfigKeys (ConfUtils.java:logGet(43)) - raft.server.log.preallocated.size = 16384 (custom)
2019-07-13 12:46:35,759 INFO  server.RaftServerConfigKeys (ConfUtils.java:logGet(43)) - raft.server.log.write.buffer.size = 33554432 (custom)
2019-07-13 12:46:35,760 INFO  server.RaftServerConfigKeys (ConfUtils.java:logGet(43)) - raft.server.log.force.sync.num = 128 (default)
2019-07-13 12:46:35,760 INFO  server.RaftServerConfigKeys (ConfUtils.java:logGet(43)) - raft.server.log.statemachine.data.sync = true (default)
2019-07-13 12:46:35,761 INFO  server.RaftServerConfigKeys (ConfUtils.java:logGet(43)) - raft.server.log.statemachine.data.sync.timeout = 10s (default)
2019-07-13 12:46:35,761 INFO  server.RaftServerConfigKeys (ConfUtils.java:logGet(43)) - raft.server.log.statemachine.data.sync.timeout.retry = -1 (default)
2019-07-13 12:46:35,769 INFO  server.RaftServerConfigKeys (ConfUtils.java:logGet(43)) - raft.server.log.statemachine.data.caching.enabled = true (custom)
2019-07-13 12:46:35,774 INFO  segmented.SegmentedRaftLogWorker (SegmentedRaftLogWorker.java:lambda$new$0(132)) - 66be00ef-bdaa-400d-83ec-5531d2645c4e-SegmentedRaftLogWorker:Storage Directory /tmp/workdir/hadoop-ozone/integration-test/target/test-dir/MiniOzoneClusterImpl-1b432ca9-c5f2-4511-883b-85900e4a1fa7/datanode-0/data/ratis/338cacdd-24e1-45c0-a81d-b7cf0e7a122b: flushIndex: setUnconditionally 0 -> -1
2019-07-13 12:46:35,778 INFO  server.RaftServerConfigKeys (ConfUtils.java:logGet(43)) - raft.server.snapshot.auto.trigger.enabled = true (custom)
2019-07-13 12:46:35,778 INFO  server.RaftServerConfigKeys (ConfUtils.java:logGet(43)) - raft.server.snapshot.auto.trigger.threshold = 10000 (custom)
2019-07-13 12:46:35,779 INFO  server.RaftServerConfigKeys (ConfUtils.java:logGet(43)) - raft.server.retrycache.expirytime = 600000ms (custom)
2019-07-13 12:46:35,798 INFO  impl.RaftServerImpl (RaftServerImpl.java:start(180)) - 66be00ef-bdaa-400d-83ec-5531d2645c4e: start group-B7CF0E7A122B
2019-07-13 12:46:35,799 INFO  impl.RaftServerImpl (RaftServerImpl.java:setRole(171)) - 66be00ef-bdaa-400d-83ec-5531d2645c4e:group-B7CF0E7A122B changes role from null to FOLLOWER at term 0 for startAsFollower
2019-07-13 12:46:35,800 INFO  impl.RoleInfo (RoleInfo.java:updateAndGet(143)) - 66be00ef-bdaa-400d-83ec-5531d2645c4e: start FollowerState
2019-07-13 12:46:35,802 INFO  util.JmxRegister (JmxRegister.java:tryRegister(44)) - Successfully registered JMX Bean with object name Ratis:service=RaftServer,group=group-B7CF0E7A122B,id=66be00ef-bdaa-400d-83ec-5531d2645c4e
2019-07-13 12:46:35,865 INFO  pipeline.PipelineStateManager (PipelineStateManager.java:addPipeline(56)) - Created pipeline Pipeline[ Id: 338cacdd-24e1-45c0-a81d-b7cf0e7a122b, Nodes: 66be00ef-bdaa-400d-83ec-5531d2645c4e{ip: 192.168.5.181, host: trunk-nightly-q2gwj-1111726333, networkLocation: /default-rack, certSerialId: null}, Type:RATIS, Factor:ONE, State:OPEN]
2019-07-13 12:46:35,904 INFO  impl.RaftServerProxy (RaftServerProxy.java:addNew(89)) - 8aa45bf7-2fd9-436a-8372-76ab84cf8af7: addNew group-E153F2E6BD36:[8aa45bf7-2fd9-436a-8372-76ab84cf8af7:192.168.5.181:42541] returns group-E153F2E6BD36:java.util.concurrent.CompletableFuture@734de435[Not completed]
2019-07-13 12:46:35,933 INFO  ozone.MiniOzoneClusterImpl (MiniOzoneClusterImpl.java:lambda$waitForClusterToBeReady$0(142)) - Waiting for cluster to be ready. Got 6 of 7 DN Heartbeats.
2019-07-13 12:46:35,954 INFO  node.SCMNodeManager (SCMNodeManager.java:register(269)) - Registered Data node : cb68df61-a0ca-42af-9515-48ad8f83fdb2{ip: 192.168.5.181, host: trunk-nightly-q2gwj-1111726333, networkLocation: /default-rack, certSerialId: null}
2019-07-13 12:46:35,954 INFO  impl.RaftServerImpl (RaftServerImpl.java:<init>(93)) - 8aa45bf7-2fd9-436a-8372-76ab84cf8af7: new RaftServerImpl for group-E153F2E6BD36:[8aa45bf7-2fd9-436a-8372-76ab84cf8af7:192.168.5.181:42541] with ContainerStateMachine:uninitialized
2019-07-13 12:46:35,957 INFO  server.RaftServerConfigKeys (ConfUtils.java:logGet(43)) - raft.server.rpc.timeout.min = 5s (custom)
2019-07-13 12:46:35,957 INFO  server.RaftServerConfigKeys (ConfUtils.java:logGet(43)) - raft.server.rpc.timeout.max = 5200ms (custom)
2019-07-13 12:46:35,957 INFO  server.RaftServerConfigKeys (ConfUtils.java:logGet(43)) - raft.server.rpcslowness.timeout = 120s (custom)
2019-07-13 12:46:35,957 INFO  server.RaftServerConfigKeys (ConfUtils.java:logGet(43)) - raft.server.sleep.deviation.threshold = 300 (default)
2019-07-13 12:46:35,958 INFO  server.RaftServerConfigKeys (ConfUtils.java:logGet(43)) - raft.server.log.appender.install.snapshot.enabled = false (custom)
2019-07-13 12:46:35,958 INFO  impl.RaftServerImpl (ServerState.java:<init>(105)) - 8aa45bf7-2fd9-436a-8372-76ab84cf8af7:group-E153F2E6BD36 ConfigurationManager, init=-1: [8aa45bf7-2fd9-436a-8372-76ab84cf8af7:192.168.5.181:42541], old=null, confs=<EMPTY_MAP>
2019-07-13 12:46:35,958 INFO  server.RaftServerConfigKeys (ConfUtils.java:logGet(43)) - raft.server.storage.dir = [/tmp/workdir/hadoop-ozone/integration-test/target/test-dir/MiniOzoneClusterImpl-1b432ca9-c5f2-4511-883b-85900e4a1fa7/datanode-4/data/ratis] (custom)
2019-07-13 12:46:35,958 INFO  storage.RaftStorageDirectory (RaftStorageDirectory.java:analyzeStorage(246)) - The storage directory /tmp/workdir/hadoop-ozone/integration-test/target/test-dir/MiniOzoneClusterImpl-1b432ca9-c5f2-4511-883b-85900e4a1fa7/datanode-4/data/ratis/4601c6e1-536c-4ce6-bfbb-e153f2e6bd36 does not exist. Creating ...
2019-07-13 12:46:35,974 INFO  storage.RaftStorageDirectory (RaftStorageDirectory.java:tryLock(328)) - Lock on /tmp/workdir/hadoop-ozone/integration-test/target/test-dir/MiniOzoneClusterImpl-1b432ca9-c5f2-4511-883b-85900e4a1fa7/datanode-4/data/ratis/4601c6e1-536c-4ce6-bfbb-e153f2e6bd36/in_use.lock acquired by nodename 28904@trunk-nightly-q2gwj-1111726333
2019-07-13 12:46:35,988 INFO  storage.RaftStorage (RaftStorage.java:format(72)) - Storage directory /tmp/workdir/hadoop-ozone/integration-test/target/test-dir/MiniOzoneClusterImpl-1b432ca9-c5f2-4511-883b-85900e4a1fa7/datanode-4/data/ratis/4601c6e1-536c-4ce6-bfbb-e153f2e6bd36 has been successfully formatted.
2019-07-13 12:46:35,990 INFO  ratis.ContainerStateMachine (ContainerStateMachine.java:loadSnapshot(200)) - The snapshot info is null.Setting the last applied index to:(t:0, i:~)
2019-07-13 12:46:35,992 INFO  server.RaftServerConfigKeys (ConfUtils.java:logGet(43)) - raft.server.leader.election.timeout = 120s (custom)
2019-07-13 12:46:35,992 INFO  server.RaftServerConfigKeys (ConfUtils.java:logGet(43)) - raft.server.log.use.memory = false (default)
2019-07-13 12:46:35,992 INFO  server.RaftServerConfigKeys (ConfUtils.java:logGet(43)) - raft.server.log.purge.gap = 1000000000 (custom)
2019-07-13 12:46:35,993 INFO  server.RaftServerConfigKeys (ConfUtils.java:logGet(43)) - raft.server.log.appender.buffer.byte-limit = 33554432 (custom)
2019-07-13 12:46:35,993 INFO  server.RaftServerConfigKeys (ConfUtils.java:logGet(43)) - raft.server.log.segment.size.max = 1048576 (custom)
2019-07-13 12:46:35,993 INFO  server.RaftServerConfigKeys (ConfUtils.java:logGet(43)) - raft.server.log.segment.cache.num.max = 2 (custom)
2019-07-13 12:46:35,993 INFO  segmented.SegmentedRaftLogWorker (SegmentedRaftLogWorker.java:<init>(172)) - new 8aa45bf7-2fd9-436a-8372-76ab84cf8af7-SegmentedRaftLogWorker:Storage Directory /tmp/workdir/hadoop-ozone/integration-test/target/test-dir/MiniOzoneClusterImpl-1b432ca9-c5f2-4511-883b-85900e4a1fa7/datanode-4/data/ratis/4601c6e1-536c-4ce6-bfbb-e153f2e6bd36 for RaftStorage:Storage Directory /tmp/workdir/hadoop-ozone/integration-test/target/test-dir/MiniOzoneClusterImpl-1b432ca9-c5f2-4511-883b-85900e4a1fa7/datanode-4/data/ratis/4601c6e1-536c-4ce6-bfbb-e153f2e6bd36
2019-07-13 12:46:35,996 INFO  server.RaftServerConfigKeys (ConfUtils.java:logGet(43)) - raft.server.log.queue.byte-limit = 2147483647 (custom)
2019-07-13 12:46:35,996 INFO  server.RaftServerConfigKeys (ConfUtils.java:logGet(43)) - raft.server.log.queue.element-limit = 1024 (custom)
2019-07-13 12:46:35,996 INFO  server.RaftServerConfigKeys (ConfUtils.java:logGet(43)) - raft.server.log.segment.size.max = 1048576 (custom)
2019-07-13 12:46:35,996 INFO  server.RaftServerConfigKeys (ConfUtils.java:logGet(43)) - raft.server.log.preallocated.size = 16384 (custom)
2019-07-13 12:46:35,996 INFO  server.RaftServerConfigKeys (ConfUtils.java:logGet(43)) - raft.server.log.write.buffer.size = 33554432 (custom)
2019-07-13 12:46:35,997 INFO  server.RaftServerConfigKeys (ConfUtils.java:logGet(43)) - raft.server.log.force.sync.num = 128 (default)
2019-07-13 12:46:35,997 INFO  server.RaftServerConfigKeys (ConfUtils.java:logGet(43)) - raft.server.log.statemachine.data.sync = true (default)
2019-07-13 12:46:35,997 INFO  server.RaftServerConfigKeys (ConfUtils.java:logGet(43)) - raft.server.log.statemachine.data.sync.timeout = 10s (default)
2019-07-13 12:46:35,997 INFO  server.RaftServerConfigKeys (ConfUtils.java:logGet(43)) - raft.server.log.statemachine.data.sync.timeout.retry = -1 (default)
2019-07-13 12:46:35,998 INFO  server.RaftServerConfigKeys (ConfUtils.java:logGet(43)) - raft.server.log.statemachine.data.caching.enabled = true (custom)
2019-07-13 12:46:35,998 INFO  segmented.SegmentedRaftLogWorker (SegmentedRaftLogWorker.java:lambda$new$0(132)) - 8aa45bf7-2fd9-436a-8372-76ab84cf8af7-SegmentedRaftLogWorker:Storage Directory /tmp/workdir/hadoop-ozone/integration-test/target/test-dir/MiniOzoneClusterImpl-1b432ca9-c5f2-4511-883b-85900e4a1fa7/datanode-4/data/ratis/4601c6e1-536c-4ce6-bfbb-e153f2e6bd36: flushIndex: setUnconditionally 0 -> -1
2019-07-13 12:46:35,999 INFO  server.RaftServerConfigKeys (ConfUtils.java:logGet(43)) - raft.server.snapshot.auto.trigger.enabled = true (custom)
2019-07-13 12:46:35,999 INFO  server.RaftServerConfigKeys (ConfUtils.java:logGet(43)) - raft.server.snapshot.auto.trigger.threshold = 10000 (custom)
2019-07-13 12:46:35,999 INFO  server.RaftServerConfigKeys (ConfUtils.java:logGet(43)) - raft.server.retrycache.expirytime = 600000ms (custom)
2019-07-13 12:46:35,999 INFO  impl.RaftServerImpl (RaftServerImpl.java:start(180)) - 8aa45bf7-2fd9-436a-8372-76ab84cf8af7: start group-E153F2E6BD36
2019-07-13 12:46:35,999 INFO  impl.RaftServerImpl (RaftServerImpl.java:setRole(171)) - 8aa45bf7-2fd9-436a-8372-76ab84cf8af7:group-E153F2E6BD36 changes role from null to FOLLOWER at term 0 for startAsFollower
2019-07-13 12:46:36,000 INFO  impl.RoleInfo (RoleInfo.java:updateAndGet(143)) - 8aa45bf7-2fd9-436a-8372-76ab84cf8af7: start FollowerState
2019-07-13 12:46:36,002 INFO  util.JmxRegister (JmxRegister.java:tryRegister(44)) - Successfully registered JMX Bean with object name Ratis:service=RaftServer,group=group-E153F2E6BD36,id=8aa45bf7-2fd9-436a-8372-76ab84cf8af7
2019-07-13 12:46:36,017 INFO  pipeline.PipelineStateManager (PipelineStateManager.java:addPipeline(56)) - Created pipeline Pipeline[ Id: 4601c6e1-536c-4ce6-bfbb-e153f2e6bd36, Nodes: 8aa45bf7-2fd9-436a-8372-76ab84cf8af7{ip: 192.168.5.181, host: trunk-nightly-q2gwj-1111726333, networkLocation: /default-rack, certSerialId: null}, Type:RATIS, Factor:ONE, State:OPEN]
2019-07-13 12:46:36,048 INFO  impl.RaftServerProxy (RaftServerProxy.java:addNew(89)) - 723106c5-876b-406d-bf93-8674e1979033: addNew group-29FF99131C61:[723106c5-876b-406d-bf93-8674e1979033:192.168.5.181:44102] returns group-29FF99131C61:java.util.concurrent.CompletableFuture@2eed9613[Not completed]
2019-07-13 12:46:36,058 INFO  impl.RaftServerImpl (RaftServerImpl.java:<init>(93)) - 723106c5-876b-406d-bf93-8674e1979033: new RaftServerImpl for group-29FF99131C61:[723106c5-876b-406d-bf93-8674e1979033:192.168.5.181:44102] with ContainerStateMachine:uninitialized
2019-07-13 12:46:36,060 INFO  server.RaftServerConfigKeys (ConfUtils.java:logGet(43)) - raft.server.rpc.timeout.min = 5s (custom)
2019-07-13 12:46:36,060 INFO  server.RaftServerConfigKeys (ConfUtils.java:logGet(43)) - raft.server.rpc.timeout.max = 5200ms (custom)
2019-07-13 12:46:36,060 INFO  server.RaftServerConfigKeys (ConfUtils.java:logGet(43)) - raft.server.rpcslowness.timeout = 120s (custom)
2019-07-13 12:46:36,060 INFO  server.RaftServerConfigKeys (ConfUtils.java:logGet(43)) - raft.server.sleep.deviation.threshold = 300 (default)
2019-07-13 12:46:36,061 INFO  server.RaftServerConfigKeys (ConfUtils.java:logGet(43)) - raft.server.log.appender.install.snapshot.enabled = false (custom)
2019-07-13 12:46:36,061 INFO  impl.RaftServerImpl (ServerState.java:<init>(105)) - 723106c5-876b-406d-bf93-8674e1979033:group-29FF99131C61 ConfigurationManager, init=-1: [723106c5-876b-406d-bf93-8674e1979033:192.168.5.181:44102], old=null, confs=<EMPTY_MAP>
2019-07-13 12:46:36,061 INFO  server.RaftServerConfigKeys (ConfUtils.java:logGet(43)) - raft.server.storage.dir = [/tmp/workdir/hadoop-ozone/integration-test/target/test-dir/MiniOzoneClusterImpl-1b432ca9-c5f2-4511-883b-85900e4a1fa7/datanode-5/data/ratis] (custom)
2019-07-13 12:46:36,061 INFO  storage.RaftStorageDirectory (RaftStorageDirectory.java:analyzeStorage(246)) - The storage directory /tmp/workdir/hadoop-ozone/integration-test/target/test-dir/MiniOzoneClusterImpl-1b432ca9-c5f2-4511-883b-85900e4a1fa7/datanode-5/data/ratis/304f1c7e-ea26-4796-9a65-29ff99131c61 does not exist. Creating ...
2019-07-13 12:46:36,065 INFO  storage.RaftStorageDirectory (RaftStorageDirectory.java:tryLock(328)) - Lock on /tmp/workdir/hadoop-ozone/integration-test/target/test-dir/MiniOzoneClusterImpl-1b432ca9-c5f2-4511-883b-85900e4a1fa7/datanode-5/data/ratis/304f1c7e-ea26-4796-9a65-29ff99131c61/in_use.lock acquired by nodename 28904@trunk-nightly-q2gwj-1111726333
2019-07-13 12:46:36,068 INFO  storage.RaftStorage (RaftStorage.java:format(72)) - Storage directory /tmp/workdir/hadoop-ozone/integration-test/target/test-dir/MiniOzoneClusterImpl-1b432ca9-c5f2-4511-883b-85900e4a1fa7/datanode-5/data/ratis/304f1c7e-ea26-4796-9a65-29ff99131c61 has been successfully formatted.
2019-07-13 12:46:36,069 INFO  ratis.ContainerStateMachine (ContainerStateMachine.java:loadSnapshot(200)) - The snapshot info is null.Setting the last applied index to:(t:0, i:~)
2019-07-13 12:46:36,069 INFO  server.RaftServerConfigKeys (ConfUtils.java:logGet(43)) - raft.server.leader.election.timeout = 120s (custom)
2019-07-13 12:46:36,069 INFO  server.RaftServerConfigKeys (ConfUtils.java:logGet(43)) - raft.server.log.use.memory = false (default)
2019-07-13 12:46:36,069 INFO  server.RaftServerConfigKeys (ConfUtils.java:logGet(43)) - raft.server.log.purge.gap = 1000000000 (custom)
2019-07-13 12:46:36,069 INFO  server.RaftServerConfigKeys (ConfUtils.java:logGet(43)) - raft.server.log.appender.buffer.byte-limit = 33554432 (custom)
2019-07-13 12:46:36,069 INFO  server.RaftServerConfigKeys (ConfUtils.java:logGet(43)) - raft.server.log.segment.size.max = 1048576 (custom)
2019-07-13 12:46:36,069 INFO  server.RaftServerConfigKeys (ConfUtils.java:logGet(43)) - raft.server.log.segment.cache.num.max = 2 (custom)
2019-07-13 12:46:36,070 INFO  segmented.SegmentedRaftLogWorker (SegmentedRaftLogWorker.java:<init>(172)) - new 723106c5-876b-406d-bf93-8674e1979033-SegmentedRaftLogWorker:Storage Directory /tmp/workdir/hadoop-ozone/integration-test/target/test-dir/MiniOzoneClusterImpl-1b432ca9-c5f2-4511-883b-85900e4a1fa7/datanode-5/data/ratis/304f1c7e-ea26-4796-9a65-29ff99131c61 for RaftStorage:Storage Directory /tmp/workdir/hadoop-ozone/integration-test/target/test-dir/MiniOzoneClusterImpl-1b432ca9-c5f2-4511-883b-85900e4a1fa7/datanode-5/data/ratis/304f1c7e-ea26-4796-9a65-29ff99131c61
2019-07-13 12:46:36,070 INFO  server.RaftServerConfigKeys (ConfUtils.java:logGet(43)) - raft.server.log.queue.byte-limit = 2147483647 (custom)
2019-07-13 12:46:36,070 INFO  server.RaftServerConfigKeys (ConfUtils.java:logGet(43)) - raft.server.log.queue.element-limit = 1024 (custom)
2019-07-13 12:46:36,070 INFO  server.RaftServerConfigKeys (ConfUtils.java:logGet(43)) - raft.server.log.segment.size.max = 1048576 (custom)
2019-07-13 12:46:36,071 INFO  server.RaftServerConfigKeys (ConfUtils.java:logGet(43)) - raft.server.log.preallocated.size = 16384 (custom)
2019-07-13 12:46:36,071 INFO  server.RaftServerConfigKeys (ConfUtils.java:logGet(43)) - raft.server.log.write.buffer.size = 33554432 (custom)
2019-07-13 12:46:36,071 INFO  server.RaftServerConfigKeys (ConfUtils.java:logGet(43)) - raft.server.log.force.sync.num = 128 (default)
2019-07-13 12:46:36,071 INFO  server.RaftServerConfigKeys (ConfUtils.java:logGet(43)) - raft.server.log.statemachine.data.sync = true (default)
2019-07-13 12:46:36,072 INFO  server.RaftServerConfigKeys (ConfUtils.java:logGet(43)) - raft.server.log.statemachine.data.sync.timeout = 10s (default)
2019-07-13 12:46:36,072 INFO  server.RaftServerConfigKeys (ConfUtils.java:logGet(43)) - raft.server.log.statemachine.data.sync.timeout.retry = -1 (default)
2019-07-13 12:46:36,072 INFO  server.RaftServerConfigKeys (ConfUtils.java:logGet(43)) - raft.server.log.statemachine.data.caching.enabled = true (custom)
2019-07-13 12:46:36,073 INFO  segmented.SegmentedRaftLogWorker (SegmentedRaftLogWorker.java:lambda$new$0(132)) - 723106c5-876b-406d-bf93-8674e1979033-SegmentedRaftLogWorker:Storage Directory /tmp/workdir/hadoop-ozone/integration-test/target/test-dir/MiniOzoneClusterImpl-1b432ca9-c5f2-4511-883b-85900e4a1fa7/datanode-5/data/ratis/304f1c7e-ea26-4796-9a65-29ff99131c61: flushIndex: setUnconditionally 0 -> -1
2019-07-13 12:46:36,073 INFO  server.RaftServerConfigKeys (ConfUtils.java:logGet(43)) - raft.server.snapshot.auto.trigger.enabled = true (custom)
2019-07-13 12:46:36,073 INFO  server.RaftServerConfigKeys (ConfUtils.java:logGet(43)) - raft.server.snapshot.auto.trigger.threshold = 10000 (custom)
2019-07-13 12:46:36,074 INFO  server.RaftServerConfigKeys (ConfUtils.java:logGet(43)) - raft.server.retrycache.expirytime = 600000ms (custom)
2019-07-13 12:46:36,074 INFO  impl.RaftServerImpl (RaftServerImpl.java:start(180)) - 723106c5-876b-406d-bf93-8674e1979033: start group-29FF99131C61
2019-07-13 12:46:36,074 INFO  impl.RaftServerImpl (RaftServerImpl.java:setRole(171)) - 723106c5-876b-406d-bf93-8674e1979033:group-29FF99131C61 changes role from null to FOLLOWER at term 0 for startAsFollower
2019-07-13 12:46:36,075 INFO  impl.RoleInfo (RoleInfo.java:updateAndGet(143)) - 723106c5-876b-406d-bf93-8674e1979033: start FollowerState
2019-07-13 12:46:36,075 INFO  util.JmxRegister (JmxRegister.java:tryRegister(44)) - Successfully registered JMX Bean with object name Ratis:service=RaftServer,group=group-29FF99131C61,id=723106c5-876b-406d-bf93-8674e1979033
2019-07-13 12:46:36,085 INFO  pipeline.PipelineStateManager (PipelineStateManager.java:addPipeline(56)) - Created pipeline Pipeline[ Id: 304f1c7e-ea26-4796-9a65-29ff99131c61, Nodes: 723106c5-876b-406d-bf93-8674e1979033{ip: 192.168.5.181, host: trunk-nightly-q2gwj-1111726333, networkLocation: /default-rack, certSerialId: null}, Type:RATIS, Factor:ONE, State:OPEN]
2019-07-13 12:46:36,106 INFO  impl.RaftServerProxy (RaftServerProxy.java:addNew(89)) - 3c301f3b-910d-4d8f-9522-167ce4dfa79a: addNew group-9A018188EEAD:[3c301f3b-910d-4d8f-9522-167ce4dfa79a:192.168.5.181:46355] returns group-9A018188EEAD:java.util.concurrent.CompletableFuture@388aa291[Not completed]
2019-07-13 12:46:36,108 INFO  impl.RaftServerImpl (RaftServerImpl.java:<init>(93)) - 3c301f3b-910d-4d8f-9522-167ce4dfa79a: new RaftServerImpl for group-9A018188EEAD:[3c301f3b-910d-4d8f-9522-167ce4dfa79a:192.168.5.181:46355] with ContainerStateMachine:uninitialized
2019-07-13 12:46:36,109 INFO  server.RaftServerConfigKeys (ConfUtils.java:logGet(43)) - raft.server.rpc.timeout.min = 5s (custom)
2019-07-13 12:46:36,109 INFO  server.RaftServerConfigKeys (ConfUtils.java:logGet(43)) - raft.server.rpc.timeout.max = 5200ms (custom)
2019-07-13 12:46:36,110 INFO  server.RaftServerConfigKeys (ConfUtils.java:logGet(43)) - raft.server.rpcslowness.timeout = 120s (custom)
2019-07-13 12:46:36,110 INFO  server.RaftServerConfigKeys (ConfUtils.java:logGet(43)) - raft.server.sleep.deviation.threshold = 300 (default)
2019-07-13 12:46:36,110 INFO  server.RaftServerConfigKeys (ConfUtils.java:logGet(43)) - raft.server.log.appender.install.snapshot.enabled = false (custom)
2019-07-13 12:46:36,110 INFO  impl.RaftServerImpl (ServerState.java:<init>(105)) - 3c301f3b-910d-4d8f-9522-167ce4dfa79a:group-9A018188EEAD ConfigurationManager, init=-1: [3c301f3b-910d-4d8f-9522-167ce4dfa79a:192.168.5.181:46355], old=null, confs=<EMPTY_MAP>
2019-07-13 12:46:36,110 INFO  server.RaftServerConfigKeys (ConfUtils.java:logGet(43)) - raft.server.storage.dir = [/tmp/workdir/hadoop-ozone/integration-test/target/test-dir/MiniOzoneClusterImpl-1b432ca9-c5f2-4511-883b-85900e4a1fa7/datanode-3/data/ratis] (custom)
2019-07-13 12:46:36,111 INFO  storage.RaftStorageDirectory (RaftStorageDirectory.java:analyzeStorage(246)) - The storage directory /tmp/workdir/hadoop-ozone/integration-test/target/test-dir/MiniOzoneClusterImpl-1b432ca9-c5f2-4511-883b-85900e4a1fa7/datanode-3/data/ratis/eff95b66-28a1-452a-a4d7-9a018188eead does not exist. Creating ...
2019-07-13 12:46:36,122 INFO  storage.RaftStorageDirectory (RaftStorageDirectory.java:tryLock(328)) - Lock on /tmp/workdir/hadoop-ozone/integration-test/target/test-dir/MiniOzoneClusterImpl-1b432ca9-c5f2-4511-883b-85900e4a1fa7/datanode-3/data/ratis/eff95b66-28a1-452a-a4d7-9a018188eead/in_use.lock acquired by nodename 28904@trunk-nightly-q2gwj-1111726333
2019-07-13 12:46:36,126 INFO  storage.RaftStorage (RaftStorage.java:format(72)) - Storage directory /tmp/workdir/hadoop-ozone/integration-test/target/test-dir/MiniOzoneClusterImpl-1b432ca9-c5f2-4511-883b-85900e4a1fa7/datanode-3/data/ratis/eff95b66-28a1-452a-a4d7-9a018188eead has been successfully formatted.
2019-07-13 12:46:36,127 INFO  ratis.ContainerStateMachine (ContainerStateMachine.java:loadSnapshot(200)) - The snapshot info is null.Setting the last applied index to:(t:0, i:~)
2019-07-13 12:46:36,127 INFO  server.RaftServerConfigKeys (ConfUtils.java:logGet(43)) - raft.server.leader.election.timeout = 120s (custom)
2019-07-13 12:46:36,127 INFO  server.RaftServerConfigKeys (ConfUtils.java:logGet(43)) - raft.server.log.use.memory = false (default)
2019-07-13 12:46:36,127 INFO  server.RaftServerConfigKeys (ConfUtils.java:logGet(43)) - raft.server.log.purge.gap = 1000000000 (custom)
2019-07-13 12:46:36,127 INFO  server.RaftServerConfigKeys (ConfUtils.java:logGet(43)) - raft.server.log.appender.buffer.byte-limit = 33554432 (custom)
2019-07-13 12:46:36,128 INFO  server.RaftServerConfigKeys (ConfUtils.java:logGet(43)) - raft.server.log.segment.size.max = 1048576 (custom)
2019-07-13 12:46:36,128 INFO  server.RaftServerConfigKeys (ConfUtils.java:logGet(43)) - raft.server.log.segment.cache.num.max = 2 (custom)
2019-07-13 12:46:36,128 INFO  segmented.SegmentedRaftLogWorker (SegmentedRaftLogWorker.java:<init>(172)) - new 3c301f3b-910d-4d8f-9522-167ce4dfa79a-SegmentedRaftLogWorker:Storage Directory /tmp/workdir/hadoop-ozone/integration-test/target/test-dir/MiniOzoneClusterImpl-1b432ca9-c5f2-4511-883b-85900e4a1fa7/datanode-3/data/ratis/eff95b66-28a1-452a-a4d7-9a018188eead for RaftStorage:Storage Directory /tmp/workdir/hadoop-ozone/integration-test/target/test-dir/MiniOzoneClusterImpl-1b432ca9-c5f2-4511-883b-85900e4a1fa7/datanode-3/data/ratis/eff95b66-28a1-452a-a4d7-9a018188eead
2019-07-13 12:46:36,128 INFO  server.RaftServerConfigKeys (ConfUtils.java:logGet(43)) - raft.server.log.queue.byte-limit = 2147483647 (custom)
2019-07-13 12:46:36,128 INFO  server.RaftServerConfigKeys (ConfUtils.java:logGet(43)) - raft.server.log.queue.element-limit = 1024 (custom)
2019-07-13 12:46:36,129 INFO  server.RaftServerConfigKeys (ConfUtils.java:logGet(43)) - raft.server.log.segment.size.max = 1048576 (custom)
2019-07-13 12:46:36,129 INFO  server.RaftServerConfigKeys (ConfUtils.java:logGet(43)) - raft.server.log.preallocated.size = 16384 (custom)
2019-07-13 12:46:36,129 INFO  server.RaftServerConfigKeys (ConfUtils.java:logGet(43)) - raft.server.log.write.buffer.size = 33554432 (custom)
2019-07-13 12:46:36,129 INFO  server.RaftServerConfigKeys (ConfUtils.java:logGet(43)) - raft.server.log.force.sync.num = 128 (default)
2019-07-13 12:46:36,129 INFO  server.RaftServerConfigKeys (ConfUtils.java:logGet(43)) - raft.server.log.statemachine.data.sync = true (default)
2019-07-13 12:46:36,130 INFO  server.RaftServerConfigKeys (ConfUtils.java:logGet(43)) - raft.server.log.statemachine.data.sync.timeout = 10s (default)
2019-07-13 12:46:36,130 INFO  server.RaftServerConfigKeys (ConfUtils.java:logGet(43)) - raft.server.log.statemachine.data.sync.timeout.retry = -1 (default)
2019-07-13 12:46:36,130 INFO  server.RaftServerConfigKeys (ConfUtils.java:logGet(43)) - raft.server.log.statemachine.data.caching.enabled = true (custom)
2019-07-13 12:46:36,131 INFO  segmented.SegmentedRaftLogWorker (SegmentedRaftLogWorker.java:lambda$new$0(132)) - 3c301f3b-910d-4d8f-9522-167ce4dfa79a-SegmentedRaftLogWorker:Storage Directory /tmp/workdir/hadoop-ozone/integration-test/target/test-dir/MiniOzoneClusterImpl-1b432ca9-c5f2-4511-883b-85900e4a1fa7/datanode-3/data/ratis/eff95b66-28a1-452a-a4d7-9a018188eead: flushIndex: setUnconditionally 0 -> -1
2019-07-13 12:46:36,131 INFO  server.RaftServerConfigKeys (ConfUtils.java:logGet(43)) - raft.server.snapshot.auto.trigger.enabled = true (custom)
2019-07-13 12:46:36,131 INFO  server.RaftServerConfigKeys (ConfUtils.java:logGet(43)) - raft.server.snapshot.auto.trigger.threshold = 10000 (custom)
2019-07-13 12:46:36,131 INFO  server.RaftServerConfigKeys (ConfUtils.java:logGet(43)) - raft.server.retrycache.expirytime = 600000ms (custom)
2019-07-13 12:46:36,132 INFO  impl.RaftServerImpl (RaftServerImpl.java:start(180)) - 3c301f3b-910d-4d8f-9522-167ce4dfa79a: start group-9A018188EEAD
2019-07-13 12:46:36,132 INFO  impl.RaftServerImpl (RaftServerImpl.java:setRole(171)) - 3c301f3b-910d-4d8f-9522-167ce4dfa79a:group-9A018188EEAD changes role from null to FOLLOWER at term 0 for startAsFollower
2019-07-13 12:46:36,132 INFO  impl.RoleInfo (RoleInfo.java:updateAndGet(143)) - 3c301f3b-910d-4d8f-9522-167ce4dfa79a: start FollowerState
2019-07-13 12:46:36,132 INFO  util.JmxRegister (JmxRegister.java:tryRegister(44)) - Successfully registered JMX Bean with object name Ratis:service=RaftServer,group=group-9A018188EEAD,id=3c301f3b-910d-4d8f-9522-167ce4dfa79a
2019-07-13 12:46:36,142 INFO  pipeline.PipelineStateManager (PipelineStateManager.java:addPipeline(56)) - Created pipeline Pipeline[ Id: eff95b66-28a1-452a-a4d7-9a018188eead, Nodes: 3c301f3b-910d-4d8f-9522-167ce4dfa79a{ip: 192.168.5.181, host: trunk-nightly-q2gwj-1111726333, networkLocation: /default-rack, certSerialId: null}, Type:RATIS, Factor:ONE, State:OPEN]
2019-07-13 12:46:36,162 INFO  impl.RaftServerProxy (RaftServerProxy.java:addNew(89)) - cb68df61-a0ca-42af-9515-48ad8f83fdb2: addNew group-095689806CA9:[cb68df61-a0ca-42af-9515-48ad8f83fdb2:192.168.5.181:39070] returns group-095689806CA9:java.util.concurrent.CompletableFuture@44ab7e89[Not completed]
2019-07-13 12:46:36,163 INFO  impl.RaftServerImpl (RaftServerImpl.java:<init>(93)) - cb68df61-a0ca-42af-9515-48ad8f83fdb2: new RaftServerImpl for group-095689806CA9:[cb68df61-a0ca-42af-9515-48ad8f83fdb2:192.168.5.181:39070] with ContainerStateMachine:uninitialized
2019-07-13 12:46:36,165 INFO  server.RaftServerConfigKeys (ConfUtils.java:logGet(43)) - raft.server.rpc.timeout.min = 5s (custom)
2019-07-13 12:46:36,165 INFO  server.RaftServerConfigKeys (ConfUtils.java:logGet(43)) - raft.server.rpc.timeout.max = 5200ms (custom)
2019-07-13 12:46:36,165 INFO  server.RaftServerConfigKeys (ConfUtils.java:logGet(43)) - raft.server.rpcslowness.timeout = 120s (custom)
2019-07-13 12:46:36,165 INFO  server.RaftServerConfigKeys (ConfUtils.java:logGet(43)) - raft.server.sleep.deviation.threshold = 300 (default)
2019-07-13 12:46:36,165 INFO  server.RaftServerConfigKeys (ConfUtils.java:logGet(43)) - raft.server.log.appender.install.snapshot.enabled = false (custom)
2019-07-13 12:46:36,165 INFO  impl.RaftServerImpl (ServerState.java:<init>(105)) - cb68df61-a0ca-42af-9515-48ad8f83fdb2:group-095689806CA9 ConfigurationManager, init=-1: [cb68df61-a0ca-42af-9515-48ad8f83fdb2:192.168.5.181:39070], old=null, confs=<EMPTY_MAP>
2019-07-13 12:46:36,166 INFO  server.RaftServerConfigKeys (ConfUtils.java:logGet(43)) - raft.server.storage.dir = [/tmp/workdir/hadoop-ozone/integration-test/target/test-dir/MiniOzoneClusterImpl-1b432ca9-c5f2-4511-883b-85900e4a1fa7/datanode-6/data/ratis] (custom)
2019-07-13 12:46:36,166 INFO  storage.RaftStorageDirectory (RaftStorageDirectory.java:analyzeStorage(246)) - The storage directory /tmp/workdir/hadoop-ozone/integration-test/target/test-dir/MiniOzoneClusterImpl-1b432ca9-c5f2-4511-883b-85900e4a1fa7/datanode-6/data/ratis/9e0fa86f-6906-4755-a721-095689806ca9 does not exist. Creating ...
2019-07-13 12:46:36,170 INFO  storage.RaftStorageDirectory (RaftStorageDirectory.java:tryLock(328)) - Lock on /tmp/workdir/hadoop-ozone/integration-test/target/test-dir/MiniOzoneClusterImpl-1b432ca9-c5f2-4511-883b-85900e4a1fa7/datanode-6/data/ratis/9e0fa86f-6906-4755-a721-095689806ca9/in_use.lock acquired by nodename 28904@trunk-nightly-q2gwj-1111726333
2019-07-13 12:46:36,174 INFO  storage.RaftStorage (RaftStorage.java:format(72)) - Storage directory /tmp/workdir/hadoop-ozone/integration-test/target/test-dir/MiniOzoneClusterImpl-1b432ca9-c5f2-4511-883b-85900e4a1fa7/datanode-6/data/ratis/9e0fa86f-6906-4755-a721-095689806ca9 has been successfully formatted.
2019-07-13 12:46:36,175 INFO  ratis.ContainerStateMachine (ContainerStateMachine.java:loadSnapshot(200)) - The snapshot info is null.Setting the last applied index to:(t:0, i:~)
2019-07-13 12:46:36,175 INFO  server.RaftServerConfigKeys (ConfUtils.java:logGet(43)) - raft.server.leader.election.timeout = 120s (custom)
2019-07-13 12:46:36,175 INFO  server.RaftServerConfigKeys (ConfUtils.java:logGet(43)) - raft.server.log.use.memory = false (default)
2019-07-13 12:46:36,175 INFO  server.RaftServerConfigKeys (ConfUtils.java:logGet(43)) - raft.server.log.purge.gap = 1000000000 (custom)
2019-07-13 12:46:36,175 INFO  server.RaftServerConfigKeys (ConfUtils.java:logGet(43)) - raft.server.log.appender.buffer.byte-limit = 33554432 (custom)
2019-07-13 12:46:36,175 INFO  server.RaftServerConfigKeys (ConfUtils.java:logGet(43)) - raft.server.log.segment.size.max = 1048576 (custom)
2019-07-13 12:46:36,176 INFO  server.RaftServerConfigKeys (ConfUtils.java:logGet(43)) - raft.server.log.segment.cache.num.max = 2 (custom)
2019-07-13 12:46:36,176 INFO  segmented.SegmentedRaftLogWorker (SegmentedRaftLogWorker.java:<init>(172)) - new cb68df61-a0ca-42af-9515-48ad8f83fdb2-SegmentedRaftLogWorker:Storage Directory /tmp/workdir/hadoop-ozone/integration-test/target/test-dir/MiniOzoneClusterImpl-1b432ca9-c5f2-4511-883b-85900e4a1fa7/datanode-6/data/ratis/9e0fa86f-6906-4755-a721-095689806ca9 for RaftStorage:Storage Directory /tmp/workdir/hadoop-ozone/integration-test/target/test-dir/MiniOzoneClusterImpl-1b432ca9-c5f2-4511-883b-85900e4a1fa7/datanode-6/data/ratis/9e0fa86f-6906-4755-a721-095689806ca9
2019-07-13 12:46:36,176 INFO  server.RaftServerConfigKeys (ConfUtils.java:logGet(43)) - raft.server.log.queue.byte-limit = 2147483647 (custom)
2019-07-13 12:46:36,176 INFO  server.RaftServerConfigKeys (ConfUtils.java:logGet(43)) - raft.server.log.queue.element-limit = 1024 (custom)
2019-07-13 12:46:36,176 INFO  server.RaftServerConfigKeys (ConfUtils.java:logGet(43)) - raft.server.log.segment.size.max = 1048576 (custom)
2019-07-13 12:46:36,176 INFO  server.RaftServerConfigKeys (ConfUtils.java:logGet(43)) - raft.server.log.preallocated.size = 16384 (custom)
2019-07-13 12:46:36,177 INFO  server.RaftServerConfigKeys (ConfUtils.java:logGet(43)) - raft.server.log.write.buffer.size = 33554432 (custom)
2019-07-13 12:46:36,177 INFO  server.RaftServerConfigKeys (ConfUtils.java:logGet(43)) - raft.server.log.force.sync.num = 128 (default)
2019-07-13 12:46:36,177 INFO  server.RaftServerConfigKeys (ConfUtils.java:logGet(43)) - raft.server.log.statemachine.data.sync = true (default)
2019-07-13 12:46:36,177 INFO  server.RaftServerConfigKeys (ConfUtils.java:logGet(43)) - raft.server.log.statemachine.data.sync.timeout = 10s (default)
2019-07-13 12:46:36,177 INFO  server.RaftServerConfigKeys (ConfUtils.java:logGet(43)) - raft.server.log.statemachine.data.sync.timeout.retry = -1 (default)
2019-07-13 12:46:36,178 INFO  server.RaftServerConfigKeys (ConfUtils.java:logGet(43)) - raft.server.log.statemachine.data.caching.enabled = true (custom)
2019-07-13 12:46:36,178 INFO  segmented.SegmentedRaftLogWorker (SegmentedRaftLogWorker.java:lambda$new$0(132)) - cb68df61-a0ca-42af-9515-48ad8f83fdb2-SegmentedRaftLogWorker:Storage Directory /tmp/workdir/hadoop-ozone/integration-test/target/test-dir/MiniOzoneClusterImpl-1b432ca9-c5f2-4511-883b-85900e4a1fa7/datanode-6/data/ratis/9e0fa86f-6906-4755-a721-095689806ca9: flushIndex: setUnconditionally 0 -> -1
2019-07-13 12:46:36,178 INFO  server.RaftServerConfigKeys (ConfUtils.java:logGet(43)) - raft.server.snapshot.auto.trigger.enabled = true (custom)
2019-07-13 12:46:36,178 INFO  server.RaftServerConfigKeys (ConfUtils.java:logGet(43)) - raft.server.snapshot.auto.trigger.threshold = 10000 (custom)
2019-07-13 12:46:36,179 INFO  server.RaftServerConfigKeys (ConfUtils.java:logGet(43)) - raft.server.retrycache.expirytime = 600000ms (custom)
2019-07-13 12:46:36,179 INFO  impl.RaftServerImpl (RaftServerImpl.java:start(180)) - cb68df61-a0ca-42af-9515-48ad8f83fdb2: start group-095689806CA9
2019-07-13 12:46:36,179 INFO  impl.RaftServerImpl (RaftServerImpl.java:setRole(171)) - cb68df61-a0ca-42af-9515-48ad8f83fdb2:group-095689806CA9 changes role from null to FOLLOWER at term 0 for startAsFollower
2019-07-13 12:46:36,179 INFO  impl.RoleInfo (RoleInfo.java:updateAndGet(143)) - cb68df61-a0ca-42af-9515-48ad8f83fdb2: start FollowerState
2019-07-13 12:46:36,180 INFO  util.JmxRegister (JmxRegister.java:tryRegister(44)) - Successfully registered JMX Bean with object name Ratis:service=RaftServer,group=group-095689806CA9,id=cb68df61-a0ca-42af-9515-48ad8f83fdb2
2019-07-13 12:46:36,189 INFO  pipeline.PipelineStateManager (PipelineStateManager.java:addPipeline(56)) - Created pipeline Pipeline[ Id: 9e0fa86f-6906-4755-a721-095689806ca9, Nodes: cb68df61-a0ca-42af-9515-48ad8f83fdb2{ip: 192.168.5.181, host: trunk-nightly-q2gwj-1111726333, networkLocation: /default-rack, certSerialId: null}, Type:RATIS, Factor:ONE, State:OPEN]
2019-07-13 12:46:36,210 INFO  impl.RaftServerProxy (RaftServerProxy.java:addNew(89)) - e9070f87-fefc-401b-99e9-1043f20c7266: addNew group-D58064344065:[e9070f87-fefc-401b-99e9-1043f20c7266:192.168.5.181:45519] returns group-D58064344065:java.util.concurrent.CompletableFuture@a03c403[Not completed]
2019-07-13 12:46:36,212 INFO  impl.RaftServerImpl (RaftServerImpl.java:<init>(93)) - e9070f87-fefc-401b-99e9-1043f20c7266: new RaftServerImpl for group-D58064344065:[e9070f87-fefc-401b-99e9-1043f20c7266:192.168.5.181:45519] with ContainerStateMachine:uninitialized
2019-07-13 12:46:36,213 INFO  server.RaftServerConfigKeys (ConfUtils.java:logGet(43)) - raft.server.rpc.timeout.min = 5s (custom)
2019-07-13 12:46:36,213 INFO  server.RaftServerConfigKeys (ConfUtils.java:logGet(43)) - raft.server.rpc.timeout.max = 5200ms (custom)
2019-07-13 12:46:36,214 INFO  server.RaftServerConfigKeys (ConfUtils.java:logGet(43)) - raft.server.rpcslowness.timeout = 120s (custom)
2019-07-13 12:46:36,214 INFO  server.RaftServerConfigKeys (ConfUtils.java:logGet(43)) - raft.server.sleep.deviation.threshold = 300 (default)
2019-07-13 12:46:36,214 INFO  server.RaftServerConfigKeys (ConfUtils.java:logGet(43)) - raft.server.log.appender.install.snapshot.enabled = false (custom)
2019-07-13 12:46:36,214 INFO  impl.RaftServerImpl (ServerState.java:<init>(105)) - e9070f87-fefc-401b-99e9-1043f20c7266:group-D58064344065 ConfigurationManager, init=-1: [e9070f87-fefc-401b-99e9-1043f20c7266:192.168.5.181:45519], old=null, confs=<EMPTY_MAP>
2019-07-13 12:46:36,214 INFO  server.RaftServerConfigKeys (ConfUtils.java:logGet(43)) - raft.server.storage.dir = [/tmp/workdir/hadoop-ozone/integration-test/target/test-dir/MiniOzoneClusterImpl-1b432ca9-c5f2-4511-883b-85900e4a1fa7/datanode-2/data/ratis] (custom)
2019-07-13 12:46:36,215 INFO  storage.RaftStorageDirectory (RaftStorageDirectory.java:analyzeStorage(246)) - The storage directory /tmp/workdir/hadoop-ozone/integration-test/target/test-dir/MiniOzoneClusterImpl-1b432ca9-c5f2-4511-883b-85900e4a1fa7/datanode-2/data/ratis/1b6500d1-ede6-4fc3-9a24-d58064344065 does not exist. Creating ...
2019-07-13 12:46:36,226 INFO  storage.RaftStorageDirectory (RaftStorageDirectory.java:tryLock(328)) - Lock on /tmp/workdir/hadoop-ozone/integration-test/target/test-dir/MiniOzoneClusterImpl-1b432ca9-c5f2-4511-883b-85900e4a1fa7/datanode-2/data/ratis/1b6500d1-ede6-4fc3-9a24-d58064344065/in_use.lock acquired by nodename 28904@trunk-nightly-q2gwj-1111726333
2019-07-13 12:46:36,234 INFO  storage.RaftStorage (RaftStorage.java:format(72)) - Storage directory /tmp/workdir/hadoop-ozone/integration-test/target/test-dir/MiniOzoneClusterImpl-1b432ca9-c5f2-4511-883b-85900e4a1fa7/datanode-2/data/ratis/1b6500d1-ede6-4fc3-9a24-d58064344065 has been successfully formatted.
2019-07-13 12:46:36,234 INFO  ratis.ContainerStateMachine (ContainerStateMachine.java:loadSnapshot(200)) - The snapshot info is null.Setting the last applied index to:(t:0, i:~)
2019-07-13 12:46:36,234 INFO  server.RaftServerConfigKeys (ConfUtils.java:logGet(43)) - raft.server.leader.election.timeout = 120s (custom)
2019-07-13 12:46:36,235 INFO  server.RaftServerConfigKeys (ConfUtils.java:logGet(43)) - raft.server.log.use.memory = false (default)
2019-07-13 12:46:36,235 INFO  server.RaftServerConfigKeys (ConfUtils.java:logGet(43)) - raft.server.log.purge.gap = 1000000000 (custom)
2019-07-13 12:46:36,235 INFO  server.RaftServerConfigKeys (ConfUtils.java:logGet(43)) - raft.server.log.appender.buffer.byte-limit = 33554432 (custom)
2019-07-13 12:46:36,235 INFO  server.RaftServerConfigKeys (ConfUtils.java:logGet(43)) - raft.server.log.segment.size.max = 1048576 (custom)
2019-07-13 12:46:36,235 INFO  server.RaftServerConfigKeys (ConfUtils.java:logGet(43)) - raft.server.log.segment.cache.num.max = 2 (custom)
2019-07-13 12:46:36,235 INFO  segmented.SegmentedRaftLogWorker (SegmentedRaftLogWorker.java:<init>(172)) - new e9070f87-fefc-401b-99e9-1043f20c7266-SegmentedRaftLogWorker:Storage Directory /tmp/workdir/hadoop-ozone/integration-test/target/test-dir/MiniOzoneClusterImpl-1b432ca9-c5f2-4511-883b-85900e4a1fa7/datanode-2/data/ratis/1b6500d1-ede6-4fc3-9a24-d58064344065 for RaftStorage:Storage Directory /tmp/workdir/hadoop-ozone/integration-test/target/test-dir/MiniOzoneClusterImpl-1b432ca9-c5f2-4511-883b-85900e4a1fa7/datanode-2/data/ratis/1b6500d1-ede6-4fc3-9a24-d58064344065
2019-07-13 12:46:36,236 INFO  server.RaftServerConfigKeys (ConfUtils.java:logGet(43)) - raft.server.log.queue.byte-limit = 2147483647 (custom)
2019-07-13 12:46:36,236 INFO  server.RaftServerConfigKeys (ConfUtils.java:logGet(43)) - raft.server.log.queue.element-limit = 1024 (custom)
2019-07-13 12:46:36,236 INFO  server.RaftServerConfigKeys (ConfUtils.java:logGet(43)) - raft.server.log.segment.size.max = 1048576 (custom)
2019-07-13 12:46:36,236 INFO  server.RaftServerConfigKeys (ConfUtils.java:logGet(43)) - raft.server.log.preallocated.size = 16384 (custom)
2019-07-13 12:46:36,236 INFO  server.RaftServerConfigKeys (ConfUtils.java:logGet(43)) - raft.server.log.write.buffer.size = 33554432 (custom)
2019-07-13 12:46:36,237 INFO  server.RaftServerConfigKeys (ConfUtils.java:logGet(43)) - raft.server.log.force.sync.num = 128 (default)
2019-07-13 12:46:36,237 INFO  server.RaftServerConfigKeys (ConfUtils.java:logGet(43)) - raft.server.log.statemachine.data.sync = true (default)
2019-07-13 12:46:36,237 INFO  server.RaftServerConfigKeys (ConfUtils.java:logGet(43)) - raft.server.log.statemachine.data.sync.timeout = 10s (default)
2019-07-13 12:46:36,237 INFO  server.RaftServerConfigKeys (ConfUtils.java:logGet(43)) - raft.server.log.statemachine.data.sync.timeout.retry = -1 (default)
2019-07-13 12:46:36,238 INFO  server.RaftServerConfigKeys (ConfUtils.java:logGet(43)) - raft.server.log.statemachine.data.caching.enabled = true (custom)
2019-07-13 12:46:36,238 INFO  segmented.SegmentedRaftLogWorker (SegmentedRaftLogWorker.java:lambda$new$0(132)) - e9070f87-fefc-401b-99e9-1043f20c7266-SegmentedRaftLogWorker:Storage Directory /tmp/workdir/hadoop-ozone/integration-test/target/test-dir/MiniOzoneClusterImpl-1b432ca9-c5f2-4511-883b-85900e4a1fa7/datanode-2/data/ratis/1b6500d1-ede6-4fc3-9a24-d58064344065: flushIndex: setUnconditionally 0 -> -1
2019-07-13 12:46:36,238 INFO  server.RaftServerConfigKeys (ConfUtils.java:logGet(43)) - raft.server.snapshot.auto.trigger.enabled = true (custom)
2019-07-13 12:46:36,239 INFO  server.RaftServerConfigKeys (ConfUtils.java:logGet(43)) - raft.server.snapshot.auto.trigger.threshold = 10000 (custom)
2019-07-13 12:46:36,239 INFO  server.RaftServerConfigKeys (ConfUtils.java:logGet(43)) - raft.server.retrycache.expirytime = 600000ms (custom)
2019-07-13 12:46:36,239 INFO  impl.RaftServerImpl (RaftServerImpl.java:start(180)) - e9070f87-fefc-401b-99e9-1043f20c7266: start group-D58064344065
2019-07-13 12:46:36,239 INFO  impl.RaftServerImpl (RaftServerImpl.java:setRole(171)) - e9070f87-fefc-401b-99e9-1043f20c7266:group-D58064344065 changes role from null to FOLLOWER at term 0 for startAsFollower
2019-07-13 12:46:36,239 INFO  impl.RoleInfo (RoleInfo.java:updateAndGet(143)) - e9070f87-fefc-401b-99e9-1043f20c7266: start FollowerState
2019-07-13 12:46:36,240 INFO  util.JmxRegister (JmxRegister.java:tryRegister(44)) - Successfully registered JMX Bean with object name Ratis:service=RaftServer,group=group-D58064344065,id=e9070f87-fefc-401b-99e9-1043f20c7266
2019-07-13 12:46:36,251 INFO  pipeline.PipelineStateManager (PipelineStateManager.java:addPipeline(56)) - Created pipeline Pipeline[ Id: 1b6500d1-ede6-4fc3-9a24-d58064344065, Nodes: e9070f87-fefc-401b-99e9-1043f20c7266{ip: 192.168.5.181, host: trunk-nightly-q2gwj-1111726333, networkLocation: /default-rack, certSerialId: null}, Type:RATIS, Factor:ONE, State:OPEN]
2019-07-13 12:46:36,269 INFO  impl.RaftServerProxy (RaftServerProxy.java:addNew(89)) - f5c1a697-0b8a-434f-935a-f2cc79637d49: addNew group-8B09AF0DC09D:[f5c1a697-0b8a-434f-935a-f2cc79637d49:192.168.5.181:33205] returns group-8B09AF0DC09D:java.util.concurrent.CompletableFuture@61166aca[Not completed]
2019-07-13 12:46:36,272 INFO  impl.RaftServerImpl (RaftServerImpl.java:<init>(93)) - f5c1a697-0b8a-434f-935a-f2cc79637d49: new RaftServerImpl for group-8B09AF0DC09D:[f5c1a697-0b8a-434f-935a-f2cc79637d49:192.168.5.181:33205] with ContainerStateMachine:uninitialized
2019-07-13 12:46:36,274 INFO  server.RaftServerConfigKeys (ConfUtils.java:logGet(43)) - raft.server.rpc.timeout.min = 5s (custom)
2019-07-13 12:46:36,274 INFO  server.RaftServerConfigKeys (ConfUtils.java:logGet(43)) - raft.server.rpc.timeout.max = 5200ms (custom)
2019-07-13 12:46:36,274 INFO  server.RaftServerConfigKeys (ConfUtils.java:logGet(43)) - raft.server.rpcslowness.timeout = 120s (custom)
2019-07-13 12:46:36,274 INFO  server.RaftServerConfigKeys (ConfUtils.java:logGet(43)) - raft.server.sleep.deviation.threshold = 300 (default)
2019-07-13 12:46:36,275 INFO  server.RaftServerConfigKeys (ConfUtils.java:logGet(43)) - raft.server.log.appender.install.snapshot.enabled = false (custom)
2019-07-13 12:46:36,275 INFO  impl.RaftServerImpl (ServerState.java:<init>(105)) - f5c1a697-0b8a-434f-935a-f2cc79637d49:group-8B09AF0DC09D ConfigurationManager, init=-1: [f5c1a697-0b8a-434f-935a-f2cc79637d49:192.168.5.181:33205], old=null, confs=<EMPTY_MAP>
2019-07-13 12:46:36,275 INFO  server.RaftServerConfigKeys (ConfUtils.java:logGet(43)) - raft.server.storage.dir = [/tmp/workdir/hadoop-ozone/integration-test/target/test-dir/MiniOzoneClusterImpl-1b432ca9-c5f2-4511-883b-85900e4a1fa7/datanode-1/data/ratis] (custom)
2019-07-13 12:46:36,275 INFO  storage.RaftStorageDirectory (RaftStorageDirectory.java:analyzeStorage(246)) - The storage directory /tmp/workdir/hadoop-ozone/integration-test/target/test-dir/MiniOzoneClusterImpl-1b432ca9-c5f2-4511-883b-85900e4a1fa7/datanode-1/data/ratis/33e72017-b73d-4e85-bd85-8b09af0dc09d does not exist. Creating ...
2019-07-13 12:46:36,282 INFO  storage.RaftStorageDirectory (RaftStorageDirectory.java:tryLock(328)) - Lock on /tmp/workdir/hadoop-ozone/integration-test/target/test-dir/MiniOzoneClusterImpl-1b432ca9-c5f2-4511-883b-85900e4a1fa7/datanode-1/data/ratis/33e72017-b73d-4e85-bd85-8b09af0dc09d/in_use.lock acquired by nodename 28904@trunk-nightly-q2gwj-1111726333
2019-07-13 12:46:36,286 INFO  storage.RaftStorage (RaftStorage.java:format(72)) - Storage directory /tmp/workdir/hadoop-ozone/integration-test/target/test-dir/MiniOzoneClusterImpl-1b432ca9-c5f2-4511-883b-85900e4a1fa7/datanode-1/data/ratis/33e72017-b73d-4e85-bd85-8b09af0dc09d has been successfully formatted.
2019-07-13 12:46:36,286 INFO  ratis.ContainerStateMachine (ContainerStateMachine.java:loadSnapshot(200)) - The snapshot info is null.Setting the last applied index to:(t:0, i:~)
2019-07-13 12:46:36,286 INFO  server.RaftServerConfigKeys (ConfUtils.java:logGet(43)) - raft.server.leader.election.timeout = 120s (custom)
2019-07-13 12:46:36,286 INFO  server.RaftServerConfigKeys (ConfUtils.java:logGet(43)) - raft.server.log.use.memory = false (default)
2019-07-13 12:46:36,287 INFO  server.RaftServerConfigKeys (ConfUtils.java:logGet(43)) - raft.server.log.purge.gap = 1000000000 (custom)
2019-07-13 12:46:36,287 INFO  server.RaftServerConfigKeys (ConfUtils.java:logGet(43)) - raft.server.log.appender.buffer.byte-limit = 33554432 (custom)
2019-07-13 12:46:36,287 INFO  server.RaftServerConfigKeys (ConfUtils.java:logGet(43)) - raft.server.log.segment.size.max = 1048576 (custom)
2019-07-13 12:46:36,287 INFO  server.RaftServerConfigKeys (ConfUtils.java:logGet(43)) - raft.server.log.segment.cache.num.max = 2 (custom)
2019-07-13 12:46:36,287 INFO  segmented.SegmentedRaftLogWorker (SegmentedRaftLogWorker.java:<init>(172)) - new f5c1a697-0b8a-434f-935a-f2cc79637d49-SegmentedRaftLogWorker:Storage Directory /tmp/workdir/hadoop-ozone/integration-test/target/test-dir/MiniOzoneClusterImpl-1b432ca9-c5f2-4511-883b-85900e4a1fa7/datanode-1/data/ratis/33e72017-b73d-4e85-bd85-8b09af0dc09d for RaftStorage:Storage Directory /tmp/workdir/hadoop-ozone/integration-test/target/test-dir/MiniOzoneClusterImpl-1b432ca9-c5f2-4511-883b-85900e4a1fa7/datanode-1/data/ratis/33e72017-b73d-4e85-bd85-8b09af0dc09d
2019-07-13 12:46:36,288 INFO  server.RaftServerConfigKeys (ConfUtils.java:logGet(43)) - raft.server.log.queue.byte-limit = 2147483647 (custom)
2019-07-13 12:46:36,288 INFO  server.RaftServerConfigKeys (ConfUtils.java:logGet(43)) - raft.server.log.queue.element-limit = 1024 (custom)
2019-07-13 12:46:36,288 INFO  server.RaftServerConfigKeys (ConfUtils.java:logGet(43)) - raft.server.log.segment.size.max = 1048576 (custom)
2019-07-13 12:46:36,288 INFO  server.RaftServerConfigKeys (ConfUtils.java:logGet(43)) - raft.server.log.preallocated.size = 16384 (custom)
2019-07-13 12:46:36,288 INFO  server.RaftServerConfigKeys (ConfUtils.java:logGet(43)) - raft.server.log.write.buffer.size = 33554432 (custom)
2019-07-13 12:46:36,289 INFO  server.RaftServerConfigKeys (ConfUtils.java:logGet(43)) - raft.server.log.force.sync.num = 128 (default)
2019-07-13 12:46:36,289 INFO  server.RaftServerConfigKeys (ConfUtils.java:logGet(43)) - raft.server.log.statemachine.data.sync = true (default)
2019-07-13 12:46:36,289 INFO  server.RaftServerConfigKeys (ConfUtils.java:logGet(43)) - raft.server.log.statemachine.data.sync.timeout = 10s (default)
2019-07-13 12:46:36,289 INFO  server.RaftServerConfigKeys (ConfUtils.java:logGet(43)) - raft.server.log.statemachine.data.sync.timeout.retry = -1 (default)
2019-07-13 12:46:36,290 INFO  server.RaftServerConfigKeys (ConfUtils.java:logGet(43)) - raft.server.log.statemachine.data.caching.enabled = true (custom)
2019-07-13 12:46:36,290 INFO  segmented.SegmentedRaftLogWorker (SegmentedRaftLogWorker.java:lambda$new$0(132)) - f5c1a697-0b8a-434f-935a-f2cc79637d49-SegmentedRaftLogWorker:Storage Directory /tmp/workdir/hadoop-ozone/integration-test/target/test-dir/MiniOzoneClusterImpl-1b432ca9-c5f2-4511-883b-85900e4a1fa7/datanode-1/data/ratis/33e72017-b73d-4e85-bd85-8b09af0dc09d: flushIndex: setUnconditionally 0 -> -1
2019-07-13 12:46:36,290 INFO  server.RaftServerConfigKeys (ConfUtils.java:logGet(43)) - raft.server.snapshot.auto.trigger.enabled = true (custom)
2019-07-13 12:46:36,291 INFO  server.RaftServerConfigKeys (ConfUtils.java:logGet(43)) - raft.server.snapshot.auto.trigger.threshold = 10000 (custom)
2019-07-13 12:46:36,291 INFO  server.RaftServerConfigKeys (ConfUtils.java:logGet(43)) - raft.server.retrycache.expirytime = 600000ms (custom)
2019-07-13 12:46:36,291 INFO  impl.RaftServerImpl (RaftServerImpl.java:start(180)) - f5c1a697-0b8a-434f-935a-f2cc79637d49: start group-8B09AF0DC09D
2019-07-13 12:46:36,291 INFO  impl.RaftServerImpl (RaftServerImpl.java:setRole(171)) - f5c1a697-0b8a-434f-935a-f2cc79637d49:group-8B09AF0DC09D changes role from null to FOLLOWER at term 0 for startAsFollower
2019-07-13 12:46:36,292 INFO  impl.RoleInfo (RoleInfo.java:updateAndGet(143)) - f5c1a697-0b8a-434f-935a-f2cc79637d49: start FollowerState
2019-07-13 12:46:36,292 INFO  util.JmxRegister (JmxRegister.java:tryRegister(44)) - Successfully registered JMX Bean with object name Ratis:service=RaftServer,group=group-8B09AF0DC09D,id=f5c1a697-0b8a-434f-935a-f2cc79637d49
2019-07-13 12:46:36,309 INFO  pipeline.PipelineStateManager (PipelineStateManager.java:addPipeline(56)) - Created pipeline Pipeline[ Id: 33e72017-b73d-4e85-bd85-8b09af0dc09d, Nodes: f5c1a697-0b8a-434f-935a-f2cc79637d49{ip: 192.168.5.181, host: trunk-nightly-q2gwj-1111726333, networkLocation: /default-rack, certSerialId: null}, Type:RATIS, Factor:ONE, State:OPEN]
2019-07-13 12:46:36,341 INFO  impl.RaftServerProxy (RaftServerProxy.java:addNew(89)) - 8aa45bf7-2fd9-436a-8372-76ab84cf8af7: addNew group-F5741853FF14:[723106c5-876b-406d-bf93-8674e1979033:192.168.5.181:44102, 8aa45bf7-2fd9-436a-8372-76ab84cf8af7:192.168.5.181:42541, 66be00ef-bdaa-400d-83ec-5531d2645c4e:192.168.5.181:41762] returns group-F5741853FF14:java.util.concurrent.CompletableFuture@703a2ca3[Not completed]
2019-07-13 12:46:36,343 INFO  impl.RaftServerImpl (RaftServerImpl.java:<init>(93)) - 8aa45bf7-2fd9-436a-8372-76ab84cf8af7: new RaftServerImpl for group-F5741853FF14:[723106c5-876b-406d-bf93-8674e1979033:192.168.5.181:44102, 8aa45bf7-2fd9-436a-8372-76ab84cf8af7:192.168.5.181:42541, 66be00ef-bdaa-400d-83ec-5531d2645c4e:192.168.5.181:41762] with ContainerStateMachine:uninitialized
2019-07-13 12:46:36,343 INFO  server.RaftServerConfigKeys (ConfUtils.java:logGet(43)) - raft.server.rpc.timeout.min = 5s (custom)
2019-07-13 12:46:36,344 INFO  server.RaftServerConfigKeys (ConfUtils.java:logGet(43)) - raft.server.rpc.timeout.max = 5200ms (custom)
2019-07-13 12:46:36,345 INFO  server.RaftServerConfigKeys (ConfUtils.java:logGet(43)) - raft.server.rpcslowness.timeout = 120s (custom)
2019-07-13 12:46:36,345 INFO  server.RaftServerConfigKeys (ConfUtils.java:logGet(43)) - raft.server.sleep.deviation.threshold = 300 (default)
2019-07-13 12:46:36,345 INFO  server.RaftServerConfigKeys (ConfUtils.java:logGet(43)) - raft.server.log.appender.install.snapshot.enabled = false (custom)
2019-07-13 12:46:36,345 INFO  impl.RaftServerProxy (RaftServerProxy.java:addNew(89)) - 66be00ef-bdaa-400d-83ec-5531d2645c4e: addNew group-F5741853FF14:[723106c5-876b-406d-bf93-8674e1979033:192.168.5.181:44102, 8aa45bf7-2fd9-436a-8372-76ab84cf8af7:192.168.5.181:42541, 66be00ef-bdaa-400d-83ec-5531d2645c4e:192.168.5.181:41762] returns group-F5741853FF14:java.util.concurrent.CompletableFuture@31072698[Not completed]
2019-07-13 12:46:36,345 INFO  impl.RaftServerImpl (ServerState.java:<init>(105)) - 8aa45bf7-2fd9-436a-8372-76ab84cf8af7:group-F5741853FF14 ConfigurationManager, init=-1: [723106c5-876b-406d-bf93-8674e1979033:192.168.5.181:44102, 8aa45bf7-2fd9-436a-8372-76ab84cf8af7:192.168.5.181:42541, 66be00ef-bdaa-400d-83ec-5531d2645c4e:192.168.5.181:41762], old=null, confs=<EMPTY_MAP>
2019-07-13 12:46:36,347 INFO  server.RaftServerConfigKeys (ConfUtils.java:logGet(43)) - raft.server.storage.dir = [/tmp/workdir/hadoop-ozone/integration-test/target/test-dir/MiniOzoneClusterImpl-1b432ca9-c5f2-4511-883b-85900e4a1fa7/datanode-4/data/ratis] (custom)
2019-07-13 12:46:36,347 INFO  storage.RaftStorageDirectory (RaftStorageDirectory.java:analyzeStorage(246)) - The storage directory /tmp/workdir/hadoop-ozone/integration-test/target/test-dir/MiniOzoneClusterImpl-1b432ca9-c5f2-4511-883b-85900e4a1fa7/datanode-4/data/ratis/6e5f6c39-a398-4c60-8295-f5741853ff14 does not exist. Creating ...
2019-07-13 12:46:36,347 INFO  impl.RaftServerProxy (RaftServerProxy.java:addNew(89)) - 723106c5-876b-406d-bf93-8674e1979033: addNew group-F5741853FF14:[723106c5-876b-406d-bf93-8674e1979033:192.168.5.181:44102, 8aa45bf7-2fd9-436a-8372-76ab84cf8af7:192.168.5.181:42541, 66be00ef-bdaa-400d-83ec-5531d2645c4e:192.168.5.181:41762] returns group-F5741853FF14:java.util.concurrent.CompletableFuture@157c9f53[Not completed]
2019-07-13 12:46:36,348 INFO  impl.RaftServerImpl (RaftServerImpl.java:<init>(93)) - 66be00ef-bdaa-400d-83ec-5531d2645c4e: new RaftServerImpl for group-F5741853FF14:[723106c5-876b-406d-bf93-8674e1979033:192.168.5.181:44102, 8aa45bf7-2fd9-436a-8372-76ab84cf8af7:192.168.5.181:42541, 66be00ef-bdaa-400d-83ec-5531d2645c4e:192.168.5.181:41762] with ContainerStateMachine:uninitialized
2019-07-13 12:46:36,348 INFO  server.RaftServerConfigKeys (ConfUtils.java:logGet(43)) - raft.server.rpc.timeout.min = 5s (custom)
2019-07-13 12:46:36,348 INFO  server.RaftServerConfigKeys (ConfUtils.java:logGet(43)) - raft.server.rpc.timeout.max = 5200ms (custom)
2019-07-13 12:46:36,348 INFO  server.RaftServerConfigKeys (ConfUtils.java:logGet(43)) - raft.server.rpcslowness.timeout = 120s (custom)
2019-07-13 12:46:36,349 INFO  server.RaftServerConfigKeys (ConfUtils.java:logGet(43)) - raft.server.sleep.deviation.threshold = 300 (default)
2019-07-13 12:46:36,349 INFO  server.RaftServerConfigKeys (ConfUtils.java:logGet(43)) - raft.server.log.appender.install.snapshot.enabled = false (custom)
2019-07-13 12:46:36,349 INFO  impl.RaftServerImpl (ServerState.java:<init>(105)) - 66be00ef-bdaa-400d-83ec-5531d2645c4e:group-F5741853FF14 ConfigurationManager, init=-1: [723106c5-876b-406d-bf93-8674e1979033:192.168.5.181:44102, 8aa45bf7-2fd9-436a-8372-76ab84cf8af7:192.168.5.181:42541, 66be00ef-bdaa-400d-83ec-5531d2645c4e:192.168.5.181:41762], old=null, confs=<EMPTY_MAP>
2019-07-13 12:46:36,349 INFO  impl.RaftServerImpl (RaftServerImpl.java:<init>(93)) - 723106c5-876b-406d-bf93-8674e1979033: new RaftServerImpl for group-F5741853FF14:[723106c5-876b-406d-bf93-8674e1979033:192.168.5.181:44102, 8aa45bf7-2fd9-436a-8372-76ab84cf8af7:192.168.5.181:42541, 66be00ef-bdaa-400d-83ec-5531d2645c4e:192.168.5.181:41762] with ContainerStateMachine:uninitialized
2019-07-13 12:46:36,349 INFO  server.RaftServerConfigKeys (ConfUtils.java:logGet(43)) - raft.server.storage.dir = [/tmp/workdir/hadoop-ozone/integration-test/target/test-dir/MiniOzoneClusterImpl-1b432ca9-c5f2-4511-883b-85900e4a1fa7/datanode-0/data/ratis] (custom)
2019-07-13 12:46:36,349 INFO  server.RaftServerConfigKeys (ConfUtils.java:logGet(43)) - raft.server.rpc.timeout.min = 5s (custom)
2019-07-13 12:46:36,350 INFO  server.RaftServerConfigKeys (ConfUtils.java:logGet(43)) - raft.server.rpc.timeout.max = 5200ms (custom)
2019-07-13 12:46:36,350 INFO  storage.RaftStorageDirectory (RaftStorageDirectory.java:analyzeStorage(246)) - The storage directory /tmp/workdir/hadoop-ozone/integration-test/target/test-dir/MiniOzoneClusterImpl-1b432ca9-c5f2-4511-883b-85900e4a1fa7/datanode-0/data/ratis/6e5f6c39-a398-4c60-8295-f5741853ff14 does not exist. Creating ...
2019-07-13 12:46:36,350 INFO  server.RaftServerConfigKeys (ConfUtils.java:logGet(43)) - raft.server.rpcslowness.timeout = 120s (custom)
2019-07-13 12:46:36,350 INFO  server.RaftServerConfigKeys (ConfUtils.java:logGet(43)) - raft.server.sleep.deviation.threshold = 300 (default)
2019-07-13 12:46:36,350 INFO  server.RaftServerConfigKeys (ConfUtils.java:logGet(43)) - raft.server.log.appender.install.snapshot.enabled = false (custom)
2019-07-13 12:46:36,350 INFO  impl.RaftServerImpl (ServerState.java:<init>(105)) - 723106c5-876b-406d-bf93-8674e1979033:group-F5741853FF14 ConfigurationManager, init=-1: [723106c5-876b-406d-bf93-8674e1979033:192.168.5.181:44102, 8aa45bf7-2fd9-436a-8372-76ab84cf8af7:192.168.5.181:42541, 66be00ef-bdaa-400d-83ec-5531d2645c4e:192.168.5.181:41762], old=null, confs=<EMPTY_MAP>
2019-07-13 12:46:36,351 INFO  server.RaftServerConfigKeys (ConfUtils.java:logGet(43)) - raft.server.storage.dir = [/tmp/workdir/hadoop-ozone/integration-test/target/test-dir/MiniOzoneClusterImpl-1b432ca9-c5f2-4511-883b-85900e4a1fa7/datanode-5/data/ratis] (custom)
2019-07-13 12:46:36,351 INFO  storage.RaftStorageDirectory (RaftStorageDirectory.java:analyzeStorage(246)) - The storage directory /tmp/workdir/hadoop-ozone/integration-test/target/test-dir/MiniOzoneClusterImpl-1b432ca9-c5f2-4511-883b-85900e4a1fa7/datanode-5/data/ratis/6e5f6c39-a398-4c60-8295-f5741853ff14 does not exist. Creating ...
2019-07-13 12:46:36,360 INFO  storage.RaftStorageDirectory (RaftStorageDirectory.java:tryLock(328)) - Lock on /tmp/workdir/hadoop-ozone/integration-test/target/test-dir/MiniOzoneClusterImpl-1b432ca9-c5f2-4511-883b-85900e4a1fa7/datanode-0/data/ratis/6e5f6c39-a398-4c60-8295-f5741853ff14/in_use.lock acquired by nodename 28904@trunk-nightly-q2gwj-1111726333
2019-07-13 12:46:36,360 INFO  storage.RaftStorageDirectory (RaftStorageDirectory.java:tryLock(328)) - Lock on /tmp/workdir/hadoop-ozone/integration-test/target/test-dir/MiniOzoneClusterImpl-1b432ca9-c5f2-4511-883b-85900e4a1fa7/datanode-4/data/ratis/6e5f6c39-a398-4c60-8295-f5741853ff14/in_use.lock acquired by nodename 28904@trunk-nightly-q2gwj-1111726333
2019-07-13 12:46:36,360 INFO  storage.RaftStorageDirectory (RaftStorageDirectory.java:tryLock(328)) - Lock on /tmp/workdir/hadoop-ozone/integration-test/target/test-dir/MiniOzoneClusterImpl-1b432ca9-c5f2-4511-883b-85900e4a1fa7/datanode-5/data/ratis/6e5f6c39-a398-4c60-8295-f5741853ff14/in_use.lock acquired by nodename 28904@trunk-nightly-q2gwj-1111726333
2019-07-13 12:46:36,366 INFO  storage.RaftStorage (RaftStorage.java:format(72)) - Storage directory /tmp/workdir/hadoop-ozone/integration-test/target/test-dir/MiniOzoneClusterImpl-1b432ca9-c5f2-4511-883b-85900e4a1fa7/datanode-0/data/ratis/6e5f6c39-a398-4c60-8295-f5741853ff14 has been successfully formatted.
2019-07-13 12:46:36,366 INFO  storage.RaftStorage (RaftStorage.java:format(72)) - Storage directory /tmp/workdir/hadoop-ozone/integration-test/target/test-dir/MiniOzoneClusterImpl-1b432ca9-c5f2-4511-883b-85900e4a1fa7/datanode-5/data/ratis/6e5f6c39-a398-4c60-8295-f5741853ff14 has been successfully formatted.
2019-07-13 12:46:36,366 INFO  ratis.ContainerStateMachine (ContainerStateMachine.java:loadSnapshot(200)) - The snapshot info is null.Setting the last applied index to:(t:0, i:~)
2019-07-13 12:46:36,366 INFO  storage.RaftStorage (RaftStorage.java:format(72)) - Storage directory /tmp/workdir/hadoop-ozone/integration-test/target/test-dir/MiniOzoneClusterImpl-1b432ca9-c5f2-4511-883b-85900e4a1fa7/datanode-4/data/ratis/6e5f6c39-a398-4c60-8295-f5741853ff14 has been successfully formatted.
2019-07-13 12:46:36,366 INFO  server.RaftServerConfigKeys (ConfUtils.java:logGet(43)) - raft.server.leader.election.timeout = 120s (custom)
2019-07-13 12:46:36,366 INFO  ratis.ContainerStateMachine (ContainerStateMachine.java:loadSnapshot(200)) - The snapshot info is null.Setting the last applied index to:(t:0, i:~)
2019-07-13 12:46:36,366 INFO  server.RaftServerConfigKeys (ConfUtils.java:logGet(43)) - raft.server.log.use.memory = false (default)
2019-07-13 12:46:36,366 INFO  ratis.ContainerStateMachine (ContainerStateMachine.java:loadSnapshot(200)) - The snapshot info is null.Setting the last applied index to:(t:0, i:~)
2019-07-13 12:46:36,367 INFO  server.RaftServerConfigKeys (ConfUtils.java:logGet(43)) - raft.server.log.purge.gap = 1000000000 (custom)
2019-07-13 12:46:36,367 INFO  server.RaftServerConfigKeys (ConfUtils.java:logGet(43)) - raft.server.leader.election.timeout = 120s (custom)
2019-07-13 12:46:36,367 INFO  server.RaftServerConfigKeys (ConfUtils.java:logGet(43)) - raft.server.log.appender.buffer.byte-limit = 33554432 (custom)
2019-07-13 12:46:36,367 INFO  server.RaftServerConfigKeys (ConfUtils.java:logGet(43)) - raft.server.leader.election.timeout = 120s (custom)
2019-07-13 12:46:36,367 INFO  server.RaftServerConfigKeys (ConfUtils.java:logGet(43)) - raft.server.log.segment.size.max = 1048576 (custom)
2019-07-13 12:46:36,367 INFO  server.RaftServerConfigKeys (ConfUtils.java:logGet(43)) - raft.server.log.use.memory = false (default)
2019-07-13 12:46:36,368 INFO  server.RaftServerConfigKeys (ConfUtils.java:logGet(43)) - raft.server.log.segment.cache.num.max = 2 (custom)
2019-07-13 12:46:36,367 INFO  server.RaftServerConfigKeys (ConfUtils.java:logGet(43)) - raft.server.log.use.memory = false (default)
2019-07-13 12:46:36,368 INFO  segmented.SegmentedRaftLogWorker (SegmentedRaftLogWorker.java:<init>(172)) - new 66be00ef-bdaa-400d-83ec-5531d2645c4e-SegmentedRaftLogWorker:Storage Directory /tmp/workdir/hadoop-ozone/integration-test/target/test-dir/MiniOzoneClusterImpl-1b432ca9-c5f2-4511-883b-85900e4a1fa7/datanode-0/data/ratis/6e5f6c39-a398-4c60-8295-f5741853ff14 for RaftStorage:Storage Directory /tmp/workdir/hadoop-ozone/integration-test/target/test-dir/MiniOzoneClusterImpl-1b432ca9-c5f2-4511-883b-85900e4a1fa7/datanode-0/data/ratis/6e5f6c39-a398-4c60-8295-f5741853ff14
2019-07-13 12:46:36,368 INFO  server.RaftServerConfigKeys (ConfUtils.java:logGet(43)) - raft.server.log.purge.gap = 1000000000 (custom)
2019-07-13 12:46:36,368 INFO  server.RaftServerConfigKeys (ConfUtils.java:logGet(43)) - raft.server.log.queue.byte-limit = 2147483647 (custom)
2019-07-13 12:46:36,368 INFO  server.RaftServerConfigKeys (ConfUtils.java:logGet(43)) - raft.server.log.purge.gap = 1000000000 (custom)
2019-07-13 12:46:36,371 INFO  server.RaftServerConfigKeys (ConfUtils.java:logGet(43)) - raft.server.log.queue.element-limit = 1024 (custom)
2019-07-13 12:46:36,368 INFO  server.RaftServerConfigKeys (ConfUtils.java:logGet(43)) - raft.server.log.appender.buffer.byte-limit = 33554432 (custom)
2019-07-13 12:46:36,371 INFO  server.RaftServerConfigKeys (ConfUtils.java:logGet(43)) - raft.server.log.segment.size.max = 1048576 (custom)
2019-07-13 12:46:36,371 INFO  server.RaftServerConfigKeys (ConfUtils.java:logGet(43)) - raft.server.log.appender.buffer.byte-limit = 33554432 (custom)
2019-07-13 12:46:36,371 INFO  server.RaftServerConfigKeys (ConfUtils.java:logGet(43)) - raft.server.log.preallocated.size = 16384 (custom)
2019-07-13 12:46:36,371 INFO  server.RaftServerConfigKeys (ConfUtils.java:logGet(43)) - raft.server.log.segment.size.max = 1048576 (custom)
2019-07-13 12:46:36,372 INFO  server.RaftServerConfigKeys (ConfUtils.java:logGet(43)) - raft.server.log.write.buffer.size = 33554432 (custom)
2019-07-13 12:46:36,371 INFO  server.RaftServerConfigKeys (ConfUtils.java:logGet(43)) - raft.server.log.segment.size.max = 1048576 (custom)
2019-07-13 12:46:36,372 INFO  server.RaftServerConfigKeys (ConfUtils.java:logGet(43)) - raft.server.log.force.sync.num = 128 (default)
2019-07-13 12:46:36,372 INFO  server.RaftServerConfigKeys (ConfUtils.java:logGet(43)) - raft.server.log.segment.cache.num.max = 2 (custom)
2019-07-13 12:46:36,372 INFO  server.RaftServerConfigKeys (ConfUtils.java:logGet(43)) - raft.server.log.statemachine.data.sync = true (default)
2019-07-13 12:46:36,372 INFO  server.RaftServerConfigKeys (ConfUtils.java:logGet(43)) - raft.server.log.segment.cache.num.max = 2 (custom)
2019-07-13 12:46:36,372 INFO  server.RaftServerConfigKeys (ConfUtils.java:logGet(43)) - raft.server.log.statemachine.data.sync.timeout = 10s (default)
2019-07-13 12:46:36,372 INFO  segmented.SegmentedRaftLogWorker (SegmentedRaftLogWorker.java:<init>(172)) - new 723106c5-876b-406d-bf93-8674e1979033-SegmentedRaftLogWorker:Storage Directory /tmp/workdir/hadoop-ozone/integration-test/target/test-dir/MiniOzoneClusterImpl-1b432ca9-c5f2-4511-883b-85900e4a1fa7/datanode-5/data/ratis/6e5f6c39-a398-4c60-8295-f5741853ff14 for RaftStorage:Storage Directory /tmp/workdir/hadoop-ozone/integration-test/target/test-dir/MiniOzoneClusterImpl-1b432ca9-c5f2-4511-883b-85900e4a1fa7/datanode-5/data/ratis/6e5f6c39-a398-4c60-8295-f5741853ff14
2019-07-13 12:46:36,373 INFO  server.RaftServerConfigKeys (ConfUtils.java:logGet(43)) - raft.server.log.statemachine.data.sync.timeout.retry = -1 (default)
2019-07-13 12:46:36,373 INFO  segmented.SegmentedRaftLogWorker (SegmentedRaftLogWorker.java:<init>(172)) - new 8aa45bf7-2fd9-436a-8372-76ab84cf8af7-SegmentedRaftLogWorker:Storage Directory /tmp/workdir/hadoop-ozone/integration-test/target/test-dir/MiniOzoneClusterImpl-1b432ca9-c5f2-4511-883b-85900e4a1fa7/datanode-4/data/ratis/6e5f6c39-a398-4c60-8295-f5741853ff14 for RaftStorage:Storage Directory /tmp/workdir/hadoop-ozone/integration-test/target/test-dir/MiniOzoneClusterImpl-1b432ca9-c5f2-4511-883b-85900e4a1fa7/datanode-4/data/ratis/6e5f6c39-a398-4c60-8295-f5741853ff14
2019-07-13 12:46:36,375 INFO  server.RaftServerConfigKeys (ConfUtils.java:logGet(43)) - raft.server.log.statemachine.data.caching.enabled = true (custom)
2019-07-13 12:46:36,373 INFO  server.RaftServerConfigKeys (ConfUtils.java:logGet(43)) - raft.server.log.queue.byte-limit = 2147483647 (custom)
2019-07-13 12:46:36,377 INFO  segmented.SegmentedRaftLogWorker (SegmentedRaftLogWorker.java:lambda$new$0(132)) - 66be00ef-bdaa-400d-83ec-5531d2645c4e-SegmentedRaftLogWorker:Storage Directory /tmp/workdir/hadoop-ozone/integration-test/target/test-dir/MiniOzoneClusterImpl-1b432ca9-c5f2-4511-883b-85900e4a1fa7/datanode-0/data/ratis/6e5f6c39-a398-4c60-8295-f5741853ff14: flushIndex: setUnconditionally 0 -> -1
2019-07-13 12:46:36,375 INFO  server.RaftServerConfigKeys (ConfUtils.java:logGet(43)) - raft.server.log.queue.byte-limit = 2147483647 (custom)
2019-07-13 12:46:36,378 INFO  server.RaftServerConfigKeys (ConfUtils.java:logGet(43)) - raft.server.snapshot.auto.trigger.enabled = true (custom)
2019-07-13 12:46:36,377 INFO  server.RaftServerConfigKeys (ConfUtils.java:logGet(43)) - raft.server.log.queue.element-limit = 1024 (custom)
2019-07-13 12:46:36,378 INFO  server.RaftServerConfigKeys (ConfUtils.java:logGet(43)) - raft.server.snapshot.auto.trigger.threshold = 10000 (custom)
2019-07-13 12:46:36,378 INFO  server.RaftServerConfigKeys (ConfUtils.java:logGet(43)) - raft.server.log.queue.element-limit = 1024 (custom)
2019-07-13 12:46:36,378 INFO  server.RaftServerConfigKeys (ConfUtils.java:logGet(43)) - raft.server.retrycache.expirytime = 600000ms (custom)
2019-07-13 12:46:36,378 INFO  server.RaftServerConfigKeys (ConfUtils.java:logGet(43)) - raft.server.log.segment.size.max = 1048576 (custom)
2019-07-13 12:46:36,379 INFO  impl.RaftServerImpl (RaftServerImpl.java:start(180)) - 66be00ef-bdaa-400d-83ec-5531d2645c4e: start group-F5741853FF14
2019-07-13 12:46:36,378 INFO  server.RaftServerConfigKeys (ConfUtils.java:logGet(43)) - raft.server.log.segment.size.max = 1048576 (custom)
2019-07-13 12:46:36,379 INFO  impl.RaftServerImpl (RaftServerImpl.java:setRole(171)) - 66be00ef-bdaa-400d-83ec-5531d2645c4e:group-F5741853FF14 changes role from null to FOLLOWER at term 0 for startAsFollower
2019-07-13 12:46:36,379 INFO  server.RaftServerConfigKeys (ConfUtils.java:logGet(43)) - raft.server.log.preallocated.size = 16384 (custom)
2019-07-13 12:46:36,379 INFO  impl.RoleInfo (RoleInfo.java:updateAndGet(143)) - 66be00ef-bdaa-400d-83ec-5531d2645c4e: start FollowerState
2019-07-13 12:46:36,379 INFO  server.RaftServerConfigKeys (ConfUtils.java:logGet(43)) - raft.server.log.preallocated.size = 16384 (custom)
2019-07-13 12:46:36,379 INFO  server.RaftServerConfigKeys (ConfUtils.java:logGet(43)) - raft.server.log.write.buffer.size = 33554432 (custom)
2019-07-13 12:46:36,380 INFO  util.JmxRegister (JmxRegister.java:tryRegister(44)) - Successfully registered JMX Bean with object name Ratis:service=RaftServer,group=group-F5741853FF14,id=66be00ef-bdaa-400d-83ec-5531d2645c4e
2019-07-13 12:46:36,380 INFO  server.RaftServerConfigKeys (ConfUtils.java:logGet(43)) - raft.server.log.write.buffer.size = 33554432 (custom)
2019-07-13 12:46:36,380 INFO  server.RaftServerConfigKeys (ConfUtils.java:logGet(43)) - raft.server.log.force.sync.num = 128 (default)
2019-07-13 12:46:36,380 INFO  server.RaftServerConfigKeys (ConfUtils.java:logGet(43)) - raft.server.log.force.sync.num = 128 (default)
2019-07-13 12:46:36,380 INFO  server.RaftServerConfigKeys (ConfUtils.java:logGet(43)) - raft.server.log.statemachine.data.sync = true (default)
2019-07-13 12:46:36,380 INFO  server.RaftServerConfigKeys (ConfUtils.java:logGet(43)) - raft.server.log.statemachine.data.sync = true (default)
2019-07-13 12:46:36,381 INFO  server.RaftServerConfigKeys (ConfUtils.java:logGet(43)) - raft.server.log.statemachine.data.sync.timeout = 10s (default)
2019-07-13 12:46:36,381 INFO  server.RaftServerConfigKeys (ConfUtils.java:logGet(43)) - raft.server.log.statemachine.data.sync.timeout = 10s (default)
2019-07-13 12:46:36,381 INFO  server.RaftServerConfigKeys (ConfUtils.java:logGet(43)) - raft.server.log.statemachine.data.sync.timeout.retry = -1 (default)
2019-07-13 12:46:36,381 INFO  server.RaftServerConfigKeys (ConfUtils.java:logGet(43)) - raft.server.log.statemachine.data.sync.timeout.retry = -1 (default)
2019-07-13 12:46:36,381 INFO  server.RaftServerConfigKeys (ConfUtils.java:logGet(43)) - raft.server.log.statemachine.data.caching.enabled = true (custom)
2019-07-13 12:46:36,381 INFO  server.RaftServerConfigKeys (ConfUtils.java:logGet(43)) - raft.server.log.statemachine.data.caching.enabled = true (custom)
2019-07-13 12:46:36,382 INFO  segmented.SegmentedRaftLogWorker (SegmentedRaftLogWorker.java:lambda$new$0(132)) - 723106c5-876b-406d-bf93-8674e1979033-SegmentedRaftLogWorker:Storage Directory /tmp/workdir/hadoop-ozone/integration-test/target/test-dir/MiniOzoneClusterImpl-1b432ca9-c5f2-4511-883b-85900e4a1fa7/datanode-5/data/ratis/6e5f6c39-a398-4c60-8295-f5741853ff14: flushIndex: setUnconditionally 0 -> -1
2019-07-13 12:46:36,382 INFO  segmented.SegmentedRaftLogWorker (SegmentedRaftLogWorker.java:lambda$new$0(132)) - 8aa45bf7-2fd9-436a-8372-76ab84cf8af7-SegmentedRaftLogWorker:Storage Directory /tmp/workdir/hadoop-ozone/integration-test/target/test-dir/MiniOzoneClusterImpl-1b432ca9-c5f2-4511-883b-85900e4a1fa7/datanode-4/data/ratis/6e5f6c39-a398-4c60-8295-f5741853ff14: flushIndex: setUnconditionally 0 -> -1
2019-07-13 12:46:36,382 INFO  server.RaftServerConfigKeys (ConfUtils.java:logGet(43)) - raft.server.snapshot.auto.trigger.enabled = true (custom)
2019-07-13 12:46:36,382 INFO  server.RaftServerConfigKeys (ConfUtils.java:logGet(43)) - raft.server.snapshot.auto.trigger.threshold = 10000 (custom)
2019-07-13 12:46:36,382 INFO  server.RaftServerConfigKeys (ConfUtils.java:logGet(43)) - raft.server.snapshot.auto.trigger.enabled = true (custom)
2019-07-13 12:46:36,382 INFO  server.RaftServerConfigKeys (ConfUtils.java:logGet(43)) - raft.server.retrycache.expirytime = 600000ms (custom)
2019-07-13 12:46:36,382 INFO  server.RaftServerConfigKeys (ConfUtils.java:logGet(43)) - raft.server.snapshot.auto.trigger.threshold = 10000 (custom)
2019-07-13 12:46:36,385 INFO  impl.RaftServerImpl (RaftServerImpl.java:start(180)) - 723106c5-876b-406d-bf93-8674e1979033: start group-F5741853FF14
2019-07-13 12:46:36,385 INFO  impl.RaftServerImpl (RaftServerImpl.java:setRole(171)) - 723106c5-876b-406d-bf93-8674e1979033:group-F5741853FF14 changes role from null to FOLLOWER at term 0 for startAsFollower
2019-07-13 12:46:36,385 INFO  server.RaftServerConfigKeys (ConfUtils.java:logGet(43)) - raft.server.retrycache.expirytime = 600000ms (custom)
2019-07-13 12:46:36,387 INFO  impl.RoleInfo (RoleInfo.java:updateAndGet(143)) - 723106c5-876b-406d-bf93-8674e1979033: start FollowerState
2019-07-13 12:46:36,389 INFO  impl.RaftServerImpl (RaftServerImpl.java:start(180)) - 8aa45bf7-2fd9-436a-8372-76ab84cf8af7: start group-F5741853FF14
2019-07-13 12:46:36,389 INFO  impl.RaftServerImpl (RaftServerImpl.java:setRole(171)) - 8aa45bf7-2fd9-436a-8372-76ab84cf8af7:group-F5741853FF14 changes role from null to FOLLOWER at term 0 for startAsFollower
2019-07-13 12:46:36,389 INFO  util.JmxRegister (JmxRegister.java:tryRegister(44)) - Successfully registered JMX Bean with object name Ratis:service=RaftServer,group=group-F5741853FF14,id=723106c5-876b-406d-bf93-8674e1979033
2019-07-13 12:46:36,390 INFO  impl.RoleInfo (RoleInfo.java:updateAndGet(143)) - 8aa45bf7-2fd9-436a-8372-76ab84cf8af7: start FollowerState
2019-07-13 12:46:36,390 INFO  util.JmxRegister (JmxRegister.java:tryRegister(44)) - Successfully registered JMX Bean with object name Ratis:service=RaftServer,group=group-F5741853FF14,id=8aa45bf7-2fd9-436a-8372-76ab84cf8af7
2019-07-13 12:46:36,406 INFO  pipeline.PipelineStateManager (PipelineStateManager.java:addPipeline(56)) - Created pipeline Pipeline[ Id: 6e5f6c39-a398-4c60-8295-f5741853ff14, Nodes: 66be00ef-bdaa-400d-83ec-5531d2645c4e{ip: 192.168.5.181, host: trunk-nightly-q2gwj-1111726333, networkLocation: /default-rack, certSerialId: null}8aa45bf7-2fd9-436a-8372-76ab84cf8af7{ip: 192.168.5.181, host: trunk-nightly-q2gwj-1111726333, networkLocation: /default-rack, certSerialId: null}723106c5-876b-406d-bf93-8674e1979033{ip: 192.168.5.181, host: trunk-nightly-q2gwj-1111726333, networkLocation: /default-rack, certSerialId: null}, Type:RATIS, Factor:THREE, State:OPEN]
2019-07-13 12:46:36,446 INFO  impl.RaftServerProxy (RaftServerProxy.java:addNew(89)) - e9070f87-fefc-401b-99e9-1043f20c7266: addNew group-98FA4545D6A8:[3c301f3b-910d-4d8f-9522-167ce4dfa79a:192.168.5.181:46355, e9070f87-fefc-401b-99e9-1043f20c7266:192.168.5.181:45519, cb68df61-a0ca-42af-9515-48ad8f83fdb2:192.168.5.181:39070] returns group-98FA4545D6A8:java.util.concurrent.CompletableFuture@68e3d058[Not completed]
2019-07-13 12:46:36,446 INFO  impl.RaftServerProxy (RaftServerProxy.java:addNew(89)) - 3c301f3b-910d-4d8f-9522-167ce4dfa79a: addNew group-98FA4545D6A8:[3c301f3b-910d-4d8f-9522-167ce4dfa79a:192.168.5.181:46355, e9070f87-fefc-401b-99e9-1043f20c7266:192.168.5.181:45519, cb68df61-a0ca-42af-9515-48ad8f83fdb2:192.168.5.181:39070] returns group-98FA4545D6A8:java.util.concurrent.CompletableFuture@5993179b[Not completed]
2019-07-13 12:46:36,448 INFO  impl.RaftServerProxy (RaftServerProxy.java:addNew(89)) - cb68df61-a0ca-42af-9515-48ad8f83fdb2: addNew group-98FA4545D6A8:[3c301f3b-910d-4d8f-9522-167ce4dfa79a:192.168.5.181:46355, e9070f87-fefc-401b-99e9-1043f20c7266:192.168.5.181:45519, cb68df61-a0ca-42af-9515-48ad8f83fdb2:192.168.5.181:39070] returns group-98FA4545D6A8:java.util.concurrent.CompletableFuture@b52085a[Not completed]
2019-07-13 12:46:36,449 INFO  impl.RaftServerImpl (RaftServerImpl.java:<init>(93)) - e9070f87-fefc-401b-99e9-1043f20c7266: new RaftServerImpl for group-98FA4545D6A8:[3c301f3b-910d-4d8f-9522-167ce4dfa79a:192.168.5.181:46355, e9070f87-fefc-401b-99e9-1043f20c7266:192.168.5.181:45519, cb68df61-a0ca-42af-9515-48ad8f83fdb2:192.168.5.181:39070] with ContainerStateMachine:uninitialized
2019-07-13 12:46:36,450 INFO  server.RaftServerConfigKeys (ConfUtils.java:logGet(43)) - raft.server.rpc.timeout.min = 5s (custom)
2019-07-13 12:46:36,450 INFO  server.RaftServerConfigKeys (ConfUtils.java:logGet(43)) - raft.server.rpc.timeout.max = 5200ms (custom)
2019-07-13 12:46:36,450 INFO  server.RaftServerConfigKeys (ConfUtils.java:logGet(43)) - raft.server.rpcslowness.timeout = 120s (custom)
2019-07-13 12:46:36,450 INFO  server.RaftServerConfigKeys (ConfUtils.java:logGet(43)) - raft.server.sleep.deviation.threshold = 300 (default)
2019-07-13 12:46:36,450 INFO  server.RaftServerConfigKeys (ConfUtils.java:logGet(43)) - raft.server.log.appender.install.snapshot.enabled = false (custom)
2019-07-13 12:46:36,450 INFO  impl.RaftServerImpl (RaftServerImpl.java:<init>(93)) - cb68df61-a0ca-42af-9515-48ad8f83fdb2: new RaftServerImpl for group-98FA4545D6A8:[3c301f3b-910d-4d8f-9522-167ce4dfa79a:192.168.5.181:46355, e9070f87-fefc-401b-99e9-1043f20c7266:192.168.5.181:45519, cb68df61-a0ca-42af-9515-48ad8f83fdb2:192.168.5.181:39070] with ContainerStateMachine:uninitialized
2019-07-13 12:46:36,451 INFO  impl.RaftServerImpl (ServerState.java:<init>(105)) - e9070f87-fefc-401b-99e9-1043f20c7266:group-98FA4545D6A8 ConfigurationManager, init=-1: [3c301f3b-910d-4d8f-9522-167ce4dfa79a:192.168.5.181:46355, e9070f87-fefc-401b-99e9-1043f20c7266:192.168.5.181:45519, cb68df61-a0ca-42af-9515-48ad8f83fdb2:192.168.5.181:39070], old=null, confs=<EMPTY_MAP>
2019-07-13 12:46:36,451 INFO  server.RaftServerConfigKeys (ConfUtils.java:logGet(43)) - raft.server.rpc.timeout.min = 5s (custom)
2019-07-13 12:46:36,451 INFO  server.RaftServerConfigKeys (ConfUtils.java:logGet(43)) - raft.server.storage.dir = [/tmp/workdir/hadoop-ozone/integration-test/target/test-dir/MiniOzoneClusterImpl-1b432ca9-c5f2-4511-883b-85900e4a1fa7/datanode-2/data/ratis] (custom)
2019-07-13 12:46:36,451 INFO  server.RaftServerConfigKeys (ConfUtils.java:logGet(43)) - raft.server.rpc.timeout.max = 5200ms (custom)
2019-07-13 12:46:36,451 INFO  impl.RaftServerImpl (RaftServerImpl.java:<init>(93)) - 3c301f3b-910d-4d8f-9522-167ce4dfa79a: new RaftServerImpl for group-98FA4545D6A8:[3c301f3b-910d-4d8f-9522-167ce4dfa79a:192.168.5.181:46355, e9070f87-fefc-401b-99e9-1043f20c7266:192.168.5.181:45519, cb68df61-a0ca-42af-9515-48ad8f83fdb2:192.168.5.181:39070] with ContainerStateMachine:uninitialized
2019-07-13 12:46:36,451 INFO  server.RaftServerConfigKeys (ConfUtils.java:logGet(43)) - raft.server.rpcslowness.timeout = 120s (custom)
2019-07-13 12:46:36,452 INFO  server.RaftServerConfigKeys (ConfUtils.java:logGet(43)) - raft.server.rpc.timeout.min = 5s (custom)
2019-07-13 12:46:36,451 INFO  storage.RaftStorageDirectory (RaftStorageDirectory.java:analyzeStorage(246)) - The storage directory /tmp/workdir/hadoop-ozone/integration-test/target/test-dir/MiniOzoneClusterImpl-1b432ca9-c5f2-4511-883b-85900e4a1fa7/datanode-2/data/ratis/f1f92457-c5ab-42f9-be60-98fa4545d6a8 does not exist. Creating ...
2019-07-13 12:46:36,452 INFO  server.RaftServerConfigKeys (ConfUtils.java:logGet(43)) - raft.server.rpc.timeout.max = 5200ms (custom)
2019-07-13 12:46:36,452 INFO  server.RaftServerConfigKeys (ConfUtils.java:logGet(43)) - raft.server.sleep.deviation.threshold = 300 (default)
2019-07-13 12:46:36,452 INFO  server.RaftServerConfigKeys (ConfUtils.java:logGet(43)) - raft.server.rpcslowness.timeout = 120s (custom)
2019-07-13 12:46:36,452 INFO  server.RaftServerConfigKeys (ConfUtils.java:logGet(43)) - raft.server.log.appender.install.snapshot.enabled = false (custom)
2019-07-13 12:46:36,452 INFO  server.RaftServerConfigKeys (ConfUtils.java:logGet(43)) - raft.server.sleep.deviation.threshold = 300 (default)
2019-07-13 12:46:36,453 INFO  impl.RaftServerImpl (ServerState.java:<init>(105)) - cb68df61-a0ca-42af-9515-48ad8f83fdb2:group-98FA4545D6A8 ConfigurationManager, init=-1: [3c301f3b-910d-4d8f-9522-167ce4dfa79a:192.168.5.181:46355, e9070f87-fefc-401b-99e9-1043f20c7266:192.168.5.181:45519, cb68df61-a0ca-42af-9515-48ad8f83fdb2:192.168.5.181:39070], old=null, confs=<EMPTY_MAP>
2019-07-13 12:46:36,453 INFO  server.RaftServerConfigKeys (ConfUtils.java:logGet(43)) - raft.server.log.appender.install.snapshot.enabled = false (custom)
2019-07-13 12:46:36,453 INFO  server.RaftServerConfigKeys (ConfUtils.java:logGet(43)) - raft.server.storage.dir = [/tmp/workdir/hadoop-ozone/integration-test/target/test-dir/MiniOzoneClusterImpl-1b432ca9-c5f2-4511-883b-85900e4a1fa7/datanode-6/data/ratis] (custom)
2019-07-13 12:46:36,453 INFO  impl.RaftServerImpl (ServerState.java:<init>(105)) - 3c301f3b-910d-4d8f-9522-167ce4dfa79a:group-98FA4545D6A8 ConfigurationManager, init=-1: [3c301f3b-910d-4d8f-9522-167ce4dfa79a:192.168.5.181:46355, e9070f87-fefc-401b-99e9-1043f20c7266:192.168.5.181:45519, cb68df61-a0ca-42af-9515-48ad8f83fdb2:192.168.5.181:39070], old=null, confs=<EMPTY_MAP>
2019-07-13 12:46:36,453 INFO  server.RaftServerConfigKeys (ConfUtils.java:logGet(43)) - raft.server.storage.dir = [/tmp/workdir/hadoop-ozone/integration-test/target/test-dir/MiniOzoneClusterImpl-1b432ca9-c5f2-4511-883b-85900e4a1fa7/datanode-3/data/ratis] (custom)
2019-07-13 12:46:36,453 INFO  storage.RaftStorageDirectory (RaftStorageDirectory.java:analyzeStorage(246)) - The storage directory /tmp/workdir/hadoop-ozone/integration-test/target/test-dir/MiniOzoneClusterImpl-1b432ca9-c5f2-4511-883b-85900e4a1fa7/datanode-6/data/ratis/f1f92457-c5ab-42f9-be60-98fa4545d6a8 does not exist. Creating ...
2019-07-13 12:46:36,454 INFO  storage.RaftStorageDirectory (RaftStorageDirectory.java:analyzeStorage(246)) - The storage directory /tmp/workdir/hadoop-ozone/integration-test/target/test-dir/MiniOzoneClusterImpl-1b432ca9-c5f2-4511-883b-85900e4a1fa7/datanode-3/data/ratis/f1f92457-c5ab-42f9-be60-98fa4545d6a8 does not exist. Creating ...
2019-07-13 12:46:36,464 INFO  storage.RaftStorageDirectory (RaftStorageDirectory.java:tryLock(328)) - Lock on /tmp/workdir/hadoop-ozone/integration-test/target/test-dir/MiniOzoneClusterImpl-1b432ca9-c5f2-4511-883b-85900e4a1fa7/datanode-6/data/ratis/f1f92457-c5ab-42f9-be60-98fa4545d6a8/in_use.lock acquired by nodename 28904@trunk-nightly-q2gwj-1111726333
2019-07-13 12:46:36,464 INFO  storage.RaftStorageDirectory (RaftStorageDirectory.java:tryLock(328)) - Lock on /tmp/workdir/hadoop-ozone/integration-test/target/test-dir/MiniOzoneClusterImpl-1b432ca9-c5f2-4511-883b-85900e4a1fa7/datanode-2/data/ratis/f1f92457-c5ab-42f9-be60-98fa4545d6a8/in_use.lock acquired by nodename 28904@trunk-nightly-q2gwj-1111726333
2019-07-13 12:46:36,464 INFO  storage.RaftStorageDirectory (RaftStorageDirectory.java:tryLock(328)) - Lock on /tmp/workdir/hadoop-ozone/integration-test/target/test-dir/MiniOzoneClusterImpl-1b432ca9-c5f2-4511-883b-85900e4a1fa7/datanode-3/data/ratis/f1f92457-c5ab-42f9-be60-98fa4545d6a8/in_use.lock acquired by nodename 28904@trunk-nightly-q2gwj-1111726333
2019-07-13 12:46:36,468 INFO  storage.RaftStorage (RaftStorage.java:format(72)) - Storage directory /tmp/workdir/hadoop-ozone/integration-test/target/test-dir/MiniOzoneClusterImpl-1b432ca9-c5f2-4511-883b-85900e4a1fa7/datanode-6/data/ratis/f1f92457-c5ab-42f9-be60-98fa4545d6a8 has been successfully formatted.
2019-07-13 12:46:36,468 INFO  storage.RaftStorage (RaftStorage.java:format(72)) - Storage directory /tmp/workdir/hadoop-ozone/integration-test/target/test-dir/MiniOzoneClusterImpl-1b432ca9-c5f2-4511-883b-85900e4a1fa7/datanode-2/data/ratis/f1f92457-c5ab-42f9-be60-98fa4545d6a8 has been successfully formatted.
2019-07-13 12:46:36,468 INFO  storage.RaftStorage (RaftStorage.java:format(72)) - Storage directory /tmp/workdir/hadoop-ozone/integration-test/target/test-dir/MiniOzoneClusterImpl-1b432ca9-c5f2-4511-883b-85900e4a1fa7/datanode-3/data/ratis/f1f92457-c5ab-42f9-be60-98fa4545d6a8 has been successfully formatted.
2019-07-13 12:46:36,469 INFO  ratis.ContainerStateMachine (ContainerStateMachine.java:loadSnapshot(200)) - The snapshot info is null.Setting the last applied index to:(t:0, i:~)
2019-07-13 12:46:36,468 INFO  ratis.ContainerStateMachine (ContainerStateMachine.java:loadSnapshot(200)) - The snapshot info is null.Setting the last applied index to:(t:0, i:~)
2019-07-13 12:46:36,469 INFO  server.RaftServerConfigKeys (ConfUtils.java:logGet(43)) - raft.server.leader.election.timeout = 120s (custom)
2019-07-13 12:46:36,469 INFO  ratis.ContainerStateMachine (ContainerStateMachine.java:loadSnapshot(200)) - The snapshot info is null.Setting the last applied index to:(t:0, i:~)
2019-07-13 12:46:36,469 INFO  server.RaftServerConfigKeys (ConfUtils.java:logGet(43)) - raft.server.log.use.memory = false (default)
2019-07-13 12:46:36,469 INFO  server.RaftServerConfigKeys (ConfUtils.java:logGet(43)) - raft.server.leader.election.timeout = 120s (custom)
2019-07-13 12:46:36,469 INFO  server.RaftServerConfigKeys (ConfUtils.java:logGet(43)) - raft.server.log.purge.gap = 1000000000 (custom)
2019-07-13 12:46:36,469 INFO  server.RaftServerConfigKeys (ConfUtils.java:logGet(43)) - raft.server.leader.election.timeout = 120s (custom)
2019-07-13 12:46:36,470 INFO  server.RaftServerConfigKeys (ConfUtils.java:logGet(43)) - raft.server.log.appender.buffer.byte-limit = 33554432 (custom)
2019-07-13 12:46:36,469 INFO  server.RaftServerConfigKeys (ConfUtils.java:logGet(43)) - raft.server.log.use.memory = false (default)
2019-07-13 12:46:36,470 INFO  server.RaftServerConfigKeys (ConfUtils.java:logGet(43)) - raft.server.log.segment.size.max = 1048576 (custom)
2019-07-13 12:46:36,470 INFO  server.RaftServerConfigKeys (ConfUtils.java:logGet(43)) - raft.server.log.use.memory = false (default)
2019-07-13 12:46:36,470 INFO  server.RaftServerConfigKeys (ConfUtils.java:logGet(43)) - raft.server.log.segment.cache.num.max = 2 (custom)
2019-07-13 12:46:36,470 INFO  server.RaftServerConfigKeys (ConfUtils.java:logGet(43)) - raft.server.log.purge.gap = 1000000000 (custom)
2019-07-13 12:46:36,471 INFO  segmented.SegmentedRaftLogWorker (SegmentedRaftLogWorker.java:<init>(172)) - new e9070f87-fefc-401b-99e9-1043f20c7266-SegmentedRaftLogWorker:Storage Directory /tmp/workdir/hadoop-ozone/integration-test/target/test-dir/MiniOzoneClusterImpl-1b432ca9-c5f2-4511-883b-85900e4a1fa7/datanode-2/data/ratis/f1f92457-c5ab-42f9-be60-98fa4545d6a8 for RaftStorage:Storage Directory /tmp/workdir/hadoop-ozone/integration-test/target/test-dir/MiniOzoneClusterImpl-1b432ca9-c5f2-4511-883b-85900e4a1fa7/datanode-2/data/ratis/f1f92457-c5ab-42f9-be60-98fa4545d6a8
2019-07-13 12:46:36,470 INFO  server.RaftServerConfigKeys (ConfUtils.java:logGet(43)) - raft.server.log.purge.gap = 1000000000 (custom)
2019-07-13 12:46:36,471 INFO  server.RaftServerConfigKeys (ConfUtils.java:logGet(43)) - raft.server.log.queue.byte-limit = 2147483647 (custom)
2019-07-13 12:46:36,471 INFO  server.RaftServerConfigKeys (ConfUtils.java:logGet(43)) - raft.server.log.appender.buffer.byte-limit = 33554432 (custom)
2019-07-13 12:46:36,473 INFO  server.RaftServerConfigKeys (ConfUtils.java:logGet(43)) - raft.server.log.queue.element-limit = 1024 (custom)
2019-07-13 12:46:36,472 INFO  server.RaftServerConfigKeys (ConfUtils.java:logGet(43)) - raft.server.log.appender.buffer.byte-limit = 33554432 (custom)
2019-07-13 12:46:36,473 INFO  server.RaftServerConfigKeys (ConfUtils.java:logGet(43)) - raft.server.log.segment.size.max = 1048576 (custom)
2019-07-13 12:46:36,473 INFO  server.RaftServerConfigKeys (ConfUtils.java:logGet(43)) - raft.server.log.segment.size.max = 1048576 (custom)
2019-07-13 12:46:36,473 INFO  server.RaftServerConfigKeys (ConfUtils.java:logGet(43)) - raft.server.log.preallocated.size = 16384 (custom)
2019-07-13 12:46:36,473 INFO  server.RaftServerConfigKeys (ConfUtils.java:logGet(43)) - raft.server.log.segment.size.max = 1048576 (custom)
2019-07-13 12:46:36,474 INFO  server.RaftServerConfigKeys (ConfUtils.java:logGet(43)) - raft.server.log.write.buffer.size = 33554432 (custom)
2019-07-13 12:46:36,473 INFO  server.RaftServerConfigKeys (ConfUtils.java:logGet(43)) - raft.server.log.segment.cache.num.max = 2 (custom)
2019-07-13 12:46:36,474 INFO  server.RaftServerConfigKeys (ConfUtils.java:logGet(43)) - raft.server.log.force.sync.num = 128 (default)
2019-07-13 12:46:36,474 INFO  server.RaftServerConfigKeys (ConfUtils.java:logGet(43)) - raft.server.log.segment.cache.num.max = 2 (custom)
2019-07-13 12:46:36,474 INFO  server.RaftServerConfigKeys (ConfUtils.java:logGet(43)) - raft.server.log.statemachine.data.sync = true (default)
2019-07-13 12:46:36,474 INFO  segmented.SegmentedRaftLogWorker (SegmentedRaftLogWorker.java:<init>(172)) - new cb68df61-a0ca-42af-9515-48ad8f83fdb2-SegmentedRaftLogWorker:Storage Directory /tmp/workdir/hadoop-ozone/integration-test/target/test-dir/MiniOzoneClusterImpl-1b432ca9-c5f2-4511-883b-85900e4a1fa7/datanode-6/data/ratis/f1f92457-c5ab-42f9-be60-98fa4545d6a8 for RaftStorage:Storage Directory /tmp/workdir/hadoop-ozone/integration-test/target/test-dir/MiniOzoneClusterImpl-1b432ca9-c5f2-4511-883b-85900e4a1fa7/datanode-6/data/ratis/f1f92457-c5ab-42f9-be60-98fa4545d6a8
2019-07-13 12:46:36,475 INFO  server.RaftServerConfigKeys (ConfUtils.java:logGet(43)) - raft.server.log.statemachine.data.sync.timeout = 10s (default)
2019-07-13 12:46:36,474 INFO  segmented.SegmentedRaftLogWorker (SegmentedRaftLogWorker.java:<init>(172)) - new 3c301f3b-910d-4d8f-9522-167ce4dfa79a-SegmentedRaftLogWorker:Storage Directory /tmp/workdir/hadoop-ozone/integration-test/target/test-dir/MiniOzoneClusterImpl-1b432ca9-c5f2-4511-883b-85900e4a1fa7/datanode-3/data/ratis/f1f92457-c5ab-42f9-be60-98fa4545d6a8 for RaftStorage:Storage Directory /tmp/workdir/hadoop-ozone/integration-test/target/test-dir/MiniOzoneClusterImpl-1b432ca9-c5f2-4511-883b-85900e4a1fa7/datanode-3/data/ratis/f1f92457-c5ab-42f9-be60-98fa4545d6a8
2019-07-13 12:46:36,475 INFO  server.RaftServerConfigKeys (ConfUtils.java:logGet(43)) - raft.server.log.statemachine.data.sync.timeout.retry = -1 (default)
2019-07-13 12:46:36,475 INFO  server.RaftServerConfigKeys (ConfUtils.java:logGet(43)) - raft.server.log.queue.byte-limit = 2147483647 (custom)
2019-07-13 12:46:36,478 INFO  server.RaftServerConfigKeys (ConfUtils.java:logGet(43)) - raft.server.log.statemachine.data.caching.enabled = true (custom)
2019-07-13 12:46:36,476 INFO  server.RaftServerConfigKeys (ConfUtils.java:logGet(43)) - raft.server.log.queue.byte-limit = 2147483647 (custom)
2019-07-13 12:46:36,478 INFO  server.RaftServerConfigKeys (ConfUtils.java:logGet(43)) - raft.server.log.queue.element-limit = 1024 (custom)
2019-07-13 12:46:36,478 INFO  server.RaftServerConfigKeys (ConfUtils.java:logGet(43)) - raft.server.log.queue.element-limit = 1024 (custom)
2019-07-13 12:46:36,478 INFO  segmented.SegmentedRaftLogWorker (SegmentedRaftLogWorker.java:lambda$new$0(132)) - e9070f87-fefc-401b-99e9-1043f20c7266-SegmentedRaftLogWorker:Storage Directory /tmp/workdir/hadoop-ozone/integration-test/target/test-dir/MiniOzoneClusterImpl-1b432ca9-c5f2-4511-883b-85900e4a1fa7/datanode-2/data/ratis/f1f92457-c5ab-42f9-be60-98fa4545d6a8: flushIndex: setUnconditionally 0 -> -1
2019-07-13 12:46:36,479 INFO  server.RaftServerConfigKeys (ConfUtils.java:logGet(43)) - raft.server.log.segment.size.max = 1048576 (custom)
2019-07-13 12:46:36,478 INFO  server.RaftServerConfigKeys (ConfUtils.java:logGet(43)) - raft.server.log.segment.size.max = 1048576 (custom)
2019-07-13 12:46:36,479 INFO  server.RaftServerConfigKeys (ConfUtils.java:logGet(43)) - raft.server.log.preallocated.size = 16384 (custom)
2019-07-13 12:46:36,479 INFO  server.RaftServerConfigKeys (ConfUtils.java:logGet(43)) - raft.server.snapshot.auto.trigger.enabled = true (custom)
2019-07-13 12:46:36,479 INFO  server.RaftServerConfigKeys (ConfUtils.java:logGet(43)) - raft.server.log.write.buffer.size = 33554432 (custom)
2019-07-13 12:46:36,479 INFO  server.RaftServerConfigKeys (ConfUtils.java:logGet(43)) - raft.server.log.preallocated.size = 16384 (custom)
2019-07-13 12:46:36,480 INFO  server.RaftServerConfigKeys (ConfUtils.java:logGet(43)) - raft.server.log.force.sync.num = 128 (default)
2019-07-13 12:46:36,479 INFO  server.RaftServerConfigKeys (ConfUtils.java:logGet(43)) - raft.server.snapshot.auto.trigger.threshold = 10000 (custom)
2019-07-13 12:46:36,480 INFO  server.RaftServerConfigKeys (ConfUtils.java:logGet(43)) - raft.server.log.statemachine.data.sync = true (default)
2019-07-13 12:46:36,480 INFO  server.RaftServerConfigKeys (ConfUtils.java:logGet(43)) - raft.server.log.write.buffer.size = 33554432 (custom)
2019-07-13 12:46:36,480 INFO  server.RaftServerConfigKeys (ConfUtils.java:logGet(43)) - raft.server.log.statemachine.data.sync.timeout = 10s (default)
2019-07-13 12:46:36,480 INFO  server.RaftServerConfigKeys (ConfUtils.java:logGet(43)) - raft.server.retrycache.expirytime = 600000ms (custom)
2019-07-13 12:46:36,481 INFO  server.RaftServerConfigKeys (ConfUtils.java:logGet(43)) - raft.server.log.statemachine.data.sync.timeout.retry = -1 (default)
2019-07-13 12:46:36,480 INFO  server.RaftServerConfigKeys (ConfUtils.java:logGet(43)) - raft.server.log.force.sync.num = 128 (default)
2019-07-13 12:46:36,481 INFO  server.RaftServerConfigKeys (ConfUtils.java:logGet(43)) - raft.server.log.statemachine.data.caching.enabled = true (custom)
2019-07-13 12:46:36,481 INFO  impl.RaftServerImpl (RaftServerImpl.java:start(180)) - e9070f87-fefc-401b-99e9-1043f20c7266: start group-98FA4545D6A8
2019-07-13 12:46:36,481 INFO  server.RaftServerConfigKeys (ConfUtils.java:logGet(43)) - raft.server.log.statemachine.data.sync = true (default)
2019-07-13 12:46:36,481 INFO  segmented.SegmentedRaftLogWorker (SegmentedRaftLogWorker.java:lambda$new$0(132)) - 3c301f3b-910d-4d8f-9522-167ce4dfa79a-SegmentedRaftLogWorker:Storage Directory /tmp/workdir/hadoop-ozone/integration-test/target/test-dir/MiniOzoneClusterImpl-1b432ca9-c5f2-4511-883b-85900e4a1fa7/datanode-3/data/ratis/f1f92457-c5ab-42f9-be60-98fa4545d6a8: flushIndex: setUnconditionally 0 -> -1
2019-07-13 12:46:36,481 INFO  impl.RaftServerImpl (RaftServerImpl.java:setRole(171)) - e9070f87-fefc-401b-99e9-1043f20c7266:group-98FA4545D6A8 changes role from null to FOLLOWER at term 0 for startAsFollower
2019-07-13 12:46:36,481 INFO  server.RaftServerConfigKeys (ConfUtils.java:logGet(43)) - raft.server.log.statemachine.data.sync.timeout = 10s (default)
2019-07-13 12:46:36,482 INFO  server.RaftServerConfigKeys (ConfUtils.java:logGet(43)) - raft.server.snapshot.auto.trigger.enabled = true (custom)
2019-07-13 12:46:36,482 INFO  impl.RoleInfo (RoleInfo.java:updateAndGet(143)) - e9070f87-fefc-401b-99e9-1043f20c7266: start FollowerState
2019-07-13 12:46:36,482 INFO  server.RaftServerConfigKeys (ConfUtils.java:logGet(43)) - raft.server.snapshot.auto.trigger.threshold = 10000 (custom)
2019-07-13 12:46:36,482 INFO  server.RaftServerConfigKeys (ConfUtils.java:logGet(43)) - raft.server.log.statemachine.data.sync.timeout.retry = -1 (default)
2019-07-13 12:46:36,482 INFO  server.RaftServerConfigKeys (ConfUtils.java:logGet(43)) - raft.server.retrycache.expirytime = 600000ms (custom)
2019-07-13 12:46:36,482 INFO  server.RaftServerConfigKeys (ConfUtils.java:logGet(43)) - raft.server.log.statemachine.data.caching.enabled = true (custom)
2019-07-13 12:46:36,482 INFO  util.JmxRegister (JmxRegister.java:tryRegister(44)) - Successfully registered JMX Bean with object name Ratis:service=RaftServer,group=group-98FA4545D6A8,id=e9070f87-fefc-401b-99e9-1043f20c7266
2019-07-13 12:46:36,483 INFO  impl.RaftServerImpl (RaftServerImpl.java:start(180)) - 3c301f3b-910d-4d8f-9522-167ce4dfa79a: start group-98FA4545D6A8
2019-07-13 12:46:36,483 INFO  segmented.SegmentedRaftLogWorker (SegmentedRaftLogWorker.java:lambda$new$0(132)) - cb68df61-a0ca-42af-9515-48ad8f83fdb2-SegmentedRaftLogWorker:Storage Directory /tmp/workdir/hadoop-ozone/integration-test/target/test-dir/MiniOzoneClusterImpl-1b432ca9-c5f2-4511-883b-85900e4a1fa7/datanode-6/data/ratis/f1f92457-c5ab-42f9-be60-98fa4545d6a8: flushIndex: setUnconditionally 0 -> -1
2019-07-13 12:46:36,483 INFO  impl.RaftServerImpl (RaftServerImpl.java:setRole(171)) - 3c301f3b-910d-4d8f-9522-167ce4dfa79a:group-98FA4545D6A8 changes role from null to FOLLOWER at term 0 for startAsFollower
2019-07-13 12:46:36,483 INFO  impl.RoleInfo (RoleInfo.java:updateAndGet(143)) - 3c301f3b-910d-4d8f-9522-167ce4dfa79a: start FollowerState
2019-07-13 12:46:36,483 INFO  server.RaftServerConfigKeys (ConfUtils.java:logGet(43)) - raft.server.snapshot.auto.trigger.enabled = true (custom)
2019-07-13 12:46:36,484 INFO  server.RaftServerConfigKeys (ConfUtils.java:logGet(43)) - raft.server.snapshot.auto.trigger.threshold = 10000 (custom)
2019-07-13 12:46:36,484 INFO  util.JmxRegister (JmxRegister.java:tryRegister(44)) - Successfully registered JMX Bean with object name Ratis:service=RaftServer,group=group-98FA4545D6A8,id=3c301f3b-910d-4d8f-9522-167ce4dfa79a
2019-07-13 12:46:36,484 INFO  server.RaftServerConfigKeys (ConfUtils.java:logGet(43)) - raft.server.retrycache.expirytime = 600000ms (custom)
2019-07-13 12:46:36,484 INFO  impl.RaftServerImpl (RaftServerImpl.java:start(180)) - cb68df61-a0ca-42af-9515-48ad8f83fdb2: start group-98FA4545D6A8
2019-07-13 12:46:36,484 INFO  impl.RaftServerImpl (RaftServerImpl.java:setRole(171)) - cb68df61-a0ca-42af-9515-48ad8f83fdb2:group-98FA4545D6A8 changes role from null to FOLLOWER at term 0 for startAsFollower
2019-07-13 12:46:36,484 INFO  impl.RoleInfo (RoleInfo.java:updateAndGet(143)) - cb68df61-a0ca-42af-9515-48ad8f83fdb2: start FollowerState
2019-07-13 12:46:36,486 INFO  util.JmxRegister (JmxRegister.java:tryRegister(44)) - Successfully registered JMX Bean with object name Ratis:service=RaftServer,group=group-98FA4545D6A8,id=cb68df61-a0ca-42af-9515-48ad8f83fdb2
2019-07-13 12:46:36,506 INFO  pipeline.PipelineStateManager (PipelineStateManager.java:addPipeline(56)) - Created pipeline Pipeline[ Id: f1f92457-c5ab-42f9-be60-98fa4545d6a8, Nodes: 3c301f3b-910d-4d8f-9522-167ce4dfa79a{ip: 192.168.5.181, host: trunk-nightly-q2gwj-1111726333, networkLocation: /default-rack, certSerialId: null}cb68df61-a0ca-42af-9515-48ad8f83fdb2{ip: 192.168.5.181, host: trunk-nightly-q2gwj-1111726333, networkLocation: /default-rack, certSerialId: null}e9070f87-fefc-401b-99e9-1043f20c7266{ip: 192.168.5.181, host: trunk-nightly-q2gwj-1111726333, networkLocation: /default-rack, certSerialId: null}, Type:RATIS, Factor:THREE, State:OPEN]
2019-07-13 12:46:36,952 INFO  ozone.MiniOzoneClusterImpl (MiniOzoneClusterImpl.java:lambda$waitForClusterToBeReady$0(142)) - Cluster is ready. Got 7 of 7 DN Heartbeats.
2019-07-13 12:46:37,294 INFO  rpc.RpcClient (RpcClient.java:createVolume(287)) - Creating Volume: watchforcommithandlingtest, with jenkins1000 as owner.
2019-07-13 12:46:37,349 INFO  rpc.RpcClient (RpcClient.java:createBucket(424)) - Creating Bucket: watchforcommithandlingtest/watchforcommithandlingtest, with Versioning false and Storage Type set to DISK and Encryption set to false 
2019-07-13 12:46:37,371 INFO  ozone.MiniOzoneClusterImpl (MiniOzoneClusterImpl.java:getStorageContainerLocationClient(241)) - Creating StorageContainerLocationProtocol RPC client with address /0.0.0.0:44668
2019-07-13 12:46:37,642 INFO  client.GrpcClientProtocolClient (GrpcClientProtocolClient.java:onNext(255)) - client-628F490CE423->66be00ef-bdaa-400d-83ec-5531d2645c4e: receive RaftClientReply:client-628F490CE423->66be00ef-bdaa-400d-83ec-5531d2645c4e@group-F5741853FF14, cid=13, FAILED org.apache.ratis.protocol.NotLeaderException: Server 66be00ef-bdaa-400d-83ec-5531d2645c4e is not the leader (null). Request must be sent to leader., logIndex=0, commits[66be00ef-bdaa-400d-83ec-5531d2645c4e:c-1]
2019-07-13 12:46:37,702 INFO  container.ReplicationManager (ReplicationManager.java:start(155)) - Starting Replication Monitor Thread.
2019-07-13 12:46:37,706 INFO  container.ReplicationManager (ReplicationManager.java:run(207)) - Replication Monitor Thread took 4 milliseconds for processing 1 containers.
2019-07-13 12:46:38,692 INFO  client.GrpcClientProtocolClient (GrpcClientProtocolClient.java:onNext(255)) - client-628F490CE423->8aa45bf7-2fd9-436a-8372-76ab84cf8af7: receive RaftClientReply:client-628F490CE423->8aa45bf7-2fd9-436a-8372-76ab84cf8af7@group-F5741853FF14, cid=13, FAILED org.apache.ratis.protocol.NotLeaderException: Server 8aa45bf7-2fd9-436a-8372-76ab84cf8af7 is not the leader (null). Request must be sent to leader., logIndex=0, commits[8aa45bf7-2fd9-436a-8372-76ab84cf8af7:c-1]
2019-07-13 12:46:39,723 INFO  client.GrpcClientProtocolClient (GrpcClientProtocolClient.java:onNext(255)) - client-628F490CE423->723106c5-876b-406d-bf93-8674e1979033: receive RaftClientReply:client-628F490CE423->723106c5-876b-406d-bf93-8674e1979033@group-F5741853FF14, cid=13, FAILED org.apache.ratis.protocol.NotLeaderException: Server 723106c5-876b-406d-bf93-8674e1979033 is not the leader (null). Request must be sent to leader., logIndex=0, commits[723106c5-876b-406d-bf93-8674e1979033:c-1]
2019-07-13 12:46:40,766 INFO  client.GrpcClientProtocolClient (GrpcClientProtocolClient.java:onNext(255)) - client-628F490CE423->8aa45bf7-2fd9-436a-8372-76ab84cf8af7: receive RaftClientReply:client-628F490CE423->8aa45bf7-2fd9-436a-8372-76ab84cf8af7@group-F5741853FF14, cid=13, FAILED org.apache.ratis.protocol.NotLeaderException: Server 8aa45bf7-2fd9-436a-8372-76ab84cf8af7 is not the leader (null). Request must be sent to leader., logIndex=0, commits[8aa45bf7-2fd9-436a-8372-76ab84cf8af7:c-1]
2019-07-13 12:46:40,855 INFO  impl.FollowerState (FollowerState.java:run(106)) - 66be00ef-bdaa-400d-83ec-5531d2645c4e:group-B7CF0E7A122B changes to CANDIDATE, lastRpcTime:5054, electionTimeout:5054ms
2019-07-13 12:46:40,855 INFO  impl.RoleInfo (RoleInfo.java:shutdownFollowerState(121)) - 66be00ef-bdaa-400d-83ec-5531d2645c4e: shutdown FollowerState
2019-07-13 12:46:40,855 INFO  impl.RaftServerImpl (RaftServerImpl.java:setRole(171)) - 66be00ef-bdaa-400d-83ec-5531d2645c4e:group-B7CF0E7A122B changes role from FOLLOWER to CANDIDATE at term 0 for changeToCandidate
2019-07-13 12:46:40,859 INFO  impl.RoleInfo (RoleInfo.java:updateAndGet(143)) - 66be00ef-bdaa-400d-83ec-5531d2645c4e: start LeaderElection
2019-07-13 12:46:40,881 INFO  impl.LeaderElection (LeaderElection.java:askForVotes(181)) - 66be00ef-bdaa-400d-83ec-5531d2645c4e:group-B7CF0E7A122B:LeaderElection1: begin an election at term 1 for -1: [66be00ef-bdaa-400d-83ec-5531d2645c4e:192.168.5.181:41762], old=null
2019-07-13 12:46:40,883 INFO  impl.RoleInfo (RoleInfo.java:shutdownLeaderElection(134)) - 66be00ef-bdaa-400d-83ec-5531d2645c4e: shutdown LeaderElection
2019-07-13 12:46:40,884 INFO  impl.RaftServerImpl (RaftServerImpl.java:setRole(171)) - 66be00ef-bdaa-400d-83ec-5531d2645c4e:group-B7CF0E7A122B changes role from CANDIDATE to LEADER at term 1 for changeToLeader
2019-07-13 12:46:40,884 INFO  impl.RaftServerImpl (ServerState.java:setLeader(263)) - 66be00ef-bdaa-400d-83ec-5531d2645c4e:group-B7CF0E7A122B change Leader from null to 66be00ef-bdaa-400d-83ec-5531d2645c4e at term 1 for becomeLeader, leader elected after 5163ms
2019-07-13 12:46:40,892 INFO  server.RaftServerConfigKeys (ConfUtils.java:logGet(43)) - raft.server.staging.catchup.gap = 1000 (default)
2019-07-13 12:46:40,892 INFO  server.RaftServerConfigKeys (ConfUtils.java:logGet(43)) - raft.server.rpc.sleep.time = 25ms (default)
2019-07-13 12:46:40,896 INFO  server.RaftServerConfigKeys (ConfUtils.java:logGet(43)) - raft.server.write.element-limit = 4096 (default)
2019-07-13 12:46:40,899 INFO  server.RaftServerConfigKeys (ConfUtils.java:logGet(43)) - raft.server.watch.timeout = 10s (default)
2019-07-13 12:46:40,899 INFO  server.RaftServerConfigKeys (ConfUtils.java:logGet(43)) - raft.server.watch.timeout.denomination = 1s (default)
2019-07-13 12:46:40,901 INFO  server.RaftServerConfigKeys (ConfUtils.java:logGet(43)) - raft.server.watch.element-limit = 65536 (default)
2019-07-13 12:46:40,911 INFO  impl.RoleInfo (RoleInfo.java:updateAndGet(143)) - 66be00ef-bdaa-400d-83ec-5531d2645c4e: start LeaderState
2019-07-13 12:46:40,939 INFO  segmented.SegmentedRaftLogWorker (SegmentedRaftLogWorker.java:startLogSegment(380)) - 66be00ef-bdaa-400d-83ec-5531d2645c4e-SegmentedRaftLogWorker:Storage Directory /tmp/workdir/hadoop-ozone/integration-test/target/test-dir/MiniOzoneClusterImpl-1b432ca9-c5f2-4511-883b-85900e4a1fa7/datanode-0/data/ratis/338cacdd-24e1-45c0-a81d-b7cf0e7a122b: Starting segment from index:0
2019-07-13 12:46:40,949 INFO  impl.RaftServerImpl (ServerState.java:setRaftConf(361)) - 66be00ef-bdaa-400d-83ec-5531d2645c4e:group-B7CF0E7A122B set configuration 0: [66be00ef-bdaa-400d-83ec-5531d2645c4e:192.168.5.181:41762], old=null at 0
2019-07-13 12:46:41,056 INFO  impl.FollowerState (FollowerState.java:run(106)) - 8aa45bf7-2fd9-436a-8372-76ab84cf8af7:group-E153F2E6BD36 changes to CANDIDATE, lastRpcTime:5056, electionTimeout:5054ms
2019-07-13 12:46:41,058 INFO  impl.RoleInfo (RoleInfo.java:shutdownFollowerState(121)) - 8aa45bf7-2fd9-436a-8372-76ab84cf8af7: shutdown FollowerState
2019-07-13 12:46:41,058 INFO  impl.RaftServerImpl (RaftServerImpl.java:setRole(171)) - 8aa45bf7-2fd9-436a-8372-76ab84cf8af7:group-E153F2E6BD36 changes role from FOLLOWER to CANDIDATE at term 0 for changeToCandidate
2019-07-13 12:46:41,058 INFO  impl.RoleInfo (RoleInfo.java:updateAndGet(143)) - 8aa45bf7-2fd9-436a-8372-76ab84cf8af7: start LeaderElection
2019-07-13 12:46:41,077 INFO  impl.LeaderElection (LeaderElection.java:askForVotes(181)) - 8aa45bf7-2fd9-436a-8372-76ab84cf8af7:group-E153F2E6BD36:LeaderElection2: begin an election at term 1 for -1: [8aa45bf7-2fd9-436a-8372-76ab84cf8af7:192.168.5.181:42541], old=null
2019-07-13 12:46:41,079 INFO  impl.RoleInfo (RoleInfo.java:shutdownLeaderElection(134)) - 8aa45bf7-2fd9-436a-8372-76ab84cf8af7: shutdown LeaderElection
2019-07-13 12:46:41,079 INFO  impl.RaftServerImpl (RaftServerImpl.java:setRole(171)) - 8aa45bf7-2fd9-436a-8372-76ab84cf8af7:group-E153F2E6BD36 changes role from CANDIDATE to LEADER at term 1 for changeToLeader
2019-07-13 12:46:41,079 INFO  impl.RaftServerImpl (ServerState.java:setLeader(263)) - 8aa45bf7-2fd9-436a-8372-76ab84cf8af7:group-E153F2E6BD36 change Leader from null to 8aa45bf7-2fd9-436a-8372-76ab84cf8af7 at term 1 for becomeLeader, leader elected after 5087ms
2019-07-13 12:46:41,079 INFO  server.RaftServerConfigKeys (ConfUtils.java:logGet(43)) - raft.server.staging.catchup.gap = 1000 (default)
2019-07-13 12:46:41,079 INFO  server.RaftServerConfigKeys (ConfUtils.java:logGet(43)) - raft.server.rpc.sleep.time = 25ms (default)
2019-07-13 12:46:41,080 INFO  server.RaftServerConfigKeys (ConfUtils.java:logGet(43)) - raft.server.write.element-limit = 4096 (default)
2019-07-13 12:46:41,080 INFO  server.RaftServerConfigKeys (ConfUtils.java:logGet(43)) - raft.server.watch.timeout = 10s (default)
2019-07-13 12:46:41,082 INFO  server.RaftServerConfigKeys (ConfUtils.java:logGet(43)) - raft.server.watch.timeout.denomination = 1s (default)
2019-07-13 12:46:41,082 INFO  server.RaftServerConfigKeys (ConfUtils.java:logGet(43)) - raft.server.watch.element-limit = 65536 (default)
2019-07-13 12:46:41,083 INFO  impl.RoleInfo (RoleInfo.java:updateAndGet(143)) - 8aa45bf7-2fd9-436a-8372-76ab84cf8af7: start LeaderState
2019-07-13 12:46:41,083 INFO  segmented.SegmentedRaftLogWorker (SegmentedRaftLogWorker.java:startLogSegment(380)) - 8aa45bf7-2fd9-436a-8372-76ab84cf8af7-SegmentedRaftLogWorker:Storage Directory /tmp/workdir/hadoop-ozone/integration-test/target/test-dir/MiniOzoneClusterImpl-1b432ca9-c5f2-4511-883b-85900e4a1fa7/datanode-4/data/ratis/4601c6e1-536c-4ce6-bfbb-e153f2e6bd36: Starting segment from index:0
2019-07-13 12:46:41,084 INFO  impl.RaftServerImpl (ServerState.java:setRaftConf(361)) - 8aa45bf7-2fd9-436a-8372-76ab84cf8af7:group-E153F2E6BD36 set configuration 0: [8aa45bf7-2fd9-436a-8372-76ab84cf8af7:192.168.5.181:42541], old=null at 0
2019-07-13 12:46:41,127 INFO  segmented.SegmentedRaftLogWorker (SegmentedRaftLogWorker.java:execute(569)) - 8aa45bf7-2fd9-436a-8372-76ab84cf8af7-SegmentedRaftLogWorker:Storage Directory /tmp/workdir/hadoop-ozone/integration-test/target/test-dir/MiniOzoneClusterImpl-1b432ca9-c5f2-4511-883b-85900e4a1fa7/datanode-4/data/ratis/4601c6e1-536c-4ce6-bfbb-e153f2e6bd36: created new log segment /tmp/workdir/hadoop-ozone/integration-test/target/test-dir/MiniOzoneClusterImpl-1b432ca9-c5f2-4511-883b-85900e4a1fa7/datanode-4/data/ratis/4601c6e1-536c-4ce6-bfbb-e153f2e6bd36/current/log_inprogress_0
2019-07-13 12:46:41,127 INFO  segmented.SegmentedRaftLogWorker (SegmentedRaftLogWorker.java:execute(569)) - 66be00ef-bdaa-400d-83ec-5531d2645c4e-SegmentedRaftLogWorker:Storage Directory /tmp/workdir/hadoop-ozone/integration-test/target/test-dir/MiniOzoneClusterImpl-1b432ca9-c5f2-4511-883b-85900e4a1fa7/datanode-0/data/ratis/338cacdd-24e1-45c0-a81d-b7cf0e7a122b: created new log segment /tmp/workdir/hadoop-ozone/integration-test/target/test-dir/MiniOzoneClusterImpl-1b432ca9-c5f2-4511-883b-85900e4a1fa7/datanode-0/data/ratis/338cacdd-24e1-45c0-a81d-b7cf0e7a122b/current/log_inprogress_0
2019-07-13 12:46:41,183 INFO  impl.FollowerState (FollowerState.java:run(106)) - cb68df61-a0ca-42af-9515-48ad8f83fdb2:group-095689806CA9 changes to CANDIDATE, lastRpcTime:5003, electionTimeout:5003ms
2019-07-13 12:46:41,185 INFO  impl.RoleInfo (RoleInfo.java:shutdownFollowerState(121)) - cb68df61-a0ca-42af-9515-48ad8f83fdb2: shutdown FollowerState
2019-07-13 12:46:41,185 INFO  impl.RaftServerImpl (RaftServerImpl.java:setRole(171)) - cb68df61-a0ca-42af-9515-48ad8f83fdb2:group-095689806CA9 changes role from FOLLOWER to CANDIDATE at term 0 for changeToCandidate
2019-07-13 12:46:41,185 INFO  impl.RoleInfo (RoleInfo.java:updateAndGet(143)) - cb68df61-a0ca-42af-9515-48ad8f83fdb2: start LeaderElection
2019-07-13 12:46:41,197 INFO  impl.LeaderElection (LeaderElection.java:askForVotes(181)) - cb68df61-a0ca-42af-9515-48ad8f83fdb2:group-095689806CA9:LeaderElection3: begin an election at term 1 for -1: [cb68df61-a0ca-42af-9515-48ad8f83fdb2:192.168.5.181:39070], old=null
2019-07-13 12:46:41,199 INFO  impl.RoleInfo (RoleInfo.java:shutdownLeaderElection(134)) - cb68df61-a0ca-42af-9515-48ad8f83fdb2: shutdown LeaderElection
2019-07-13 12:46:41,199 INFO  impl.RaftServerImpl (RaftServerImpl.java:setRole(171)) - cb68df61-a0ca-42af-9515-48ad8f83fdb2:group-095689806CA9 changes role from CANDIDATE to LEADER at term 1 for changeToLeader
2019-07-13 12:46:41,199 INFO  impl.RaftServerImpl (ServerState.java:setLeader(263)) - cb68df61-a0ca-42af-9515-48ad8f83fdb2:group-095689806CA9 change Leader from null to cb68df61-a0ca-42af-9515-48ad8f83fdb2 at term 1 for becomeLeader, leader elected after 5024ms
2019-07-13 12:46:41,199 INFO  server.RaftServerConfigKeys (ConfUtils.java:logGet(43)) - raft.server.staging.catchup.gap = 1000 (default)
2019-07-13 12:46:41,199 INFO  server.RaftServerConfigKeys (ConfUtils.java:logGet(43)) - raft.server.rpc.sleep.time = 25ms (default)
2019-07-13 12:46:41,200 INFO  server.RaftServerConfigKeys (ConfUtils.java:logGet(43)) - raft.server.write.element-limit = 4096 (default)
2019-07-13 12:46:41,200 INFO  server.RaftServerConfigKeys (ConfUtils.java:logGet(43)) - raft.server.watch.timeout = 10s (default)
2019-07-13 12:46:41,200 INFO  server.RaftServerConfigKeys (ConfUtils.java:logGet(43)) - raft.server.watch.timeout.denomination = 1s (default)
2019-07-13 12:46:41,200 INFO  server.RaftServerConfigKeys (ConfUtils.java:logGet(43)) - raft.server.watch.element-limit = 65536 (default)
2019-07-13 12:46:41,200 INFO  impl.RoleInfo (RoleInfo.java:updateAndGet(143)) - cb68df61-a0ca-42af-9515-48ad8f83fdb2: start LeaderState
2019-07-13 12:46:41,201 INFO  segmented.SegmentedRaftLogWorker (SegmentedRaftLogWorker.java:startLogSegment(380)) - cb68df61-a0ca-42af-9515-48ad8f83fdb2-SegmentedRaftLogWorker:Storage Directory /tmp/workdir/hadoop-ozone/integration-test/target/test-dir/MiniOzoneClusterImpl-1b432ca9-c5f2-4511-883b-85900e4a1fa7/datanode-6/data/ratis/9e0fa86f-6906-4755-a721-095689806ca9: Starting segment from index:0
2019-07-13 12:46:41,201 INFO  impl.RaftServerImpl (ServerState.java:setRaftConf(361)) - cb68df61-a0ca-42af-9515-48ad8f83fdb2:group-095689806CA9 set configuration 0: [cb68df61-a0ca-42af-9515-48ad8f83fdb2:192.168.5.181:39070], old=null at 0
2019-07-13 12:46:41,225 INFO  impl.FollowerState (FollowerState.java:run(106)) - 3c301f3b-910d-4d8f-9522-167ce4dfa79a:group-9A018188EEAD changes to CANDIDATE, lastRpcTime:5092, electionTimeout:5092ms
2019-07-13 12:46:41,225 INFO  impl.RoleInfo (RoleInfo.java:shutdownFollowerState(121)) - 3c301f3b-910d-4d8f-9522-167ce4dfa79a: shutdown FollowerState
2019-07-13 12:46:41,225 INFO  impl.RaftServerImpl (RaftServerImpl.java:setRole(171)) - 3c301f3b-910d-4d8f-9522-167ce4dfa79a:group-9A018188EEAD changes role from FOLLOWER to CANDIDATE at term 0 for changeToCandidate
2019-07-13 12:46:41,225 INFO  impl.RoleInfo (RoleInfo.java:updateAndGet(143)) - 3c301f3b-910d-4d8f-9522-167ce4dfa79a: start LeaderElection
2019-07-13 12:46:41,232 INFO  segmented.SegmentedRaftLogWorker (SegmentedRaftLogWorker.java:execute(569)) - cb68df61-a0ca-42af-9515-48ad8f83fdb2-SegmentedRaftLogWorker:Storage Directory /tmp/workdir/hadoop-ozone/integration-test/target/test-dir/MiniOzoneClusterImpl-1b432ca9-c5f2-4511-883b-85900e4a1fa7/datanode-6/data/ratis/9e0fa86f-6906-4755-a721-095689806ca9: created new log segment /tmp/workdir/hadoop-ozone/integration-test/target/test-dir/MiniOzoneClusterImpl-1b432ca9-c5f2-4511-883b-85900e4a1fa7/datanode-6/data/ratis/9e0fa86f-6906-4755-a721-095689806ca9/current/log_inprogress_0
2019-07-13 12:46:41,232 INFO  impl.LeaderElection (LeaderElection.java:askForVotes(181)) - 3c301f3b-910d-4d8f-9522-167ce4dfa79a:group-9A018188EEAD:LeaderElection4: begin an election at term 1 for -1: [3c301f3b-910d-4d8f-9522-167ce4dfa79a:192.168.5.181:46355], old=null
2019-07-13 12:46:41,233 INFO  impl.RoleInfo (RoleInfo.java:shutdownLeaderElection(134)) - 3c301f3b-910d-4d8f-9522-167ce4dfa79a: shutdown LeaderElection
2019-07-13 12:46:41,233 INFO  impl.RaftServerImpl (RaftServerImpl.java:setRole(171)) - 3c301f3b-910d-4d8f-9522-167ce4dfa79a:group-9A018188EEAD changes role from CANDIDATE to LEADER at term 1 for changeToLeader
2019-07-13 12:46:41,233 INFO  impl.RaftServerImpl (ServerState.java:setLeader(263)) - 3c301f3b-910d-4d8f-9522-167ce4dfa79a:group-9A018188EEAD change Leader from null to 3c301f3b-910d-4d8f-9522-167ce4dfa79a at term 1 for becomeLeader, leader elected after 5106ms
2019-07-13 12:46:41,233 INFO  server.RaftServerConfigKeys (ConfUtils.java:logGet(43)) - raft.server.staging.catchup.gap = 1000 (default)
2019-07-13 12:46:41,233 INFO  server.RaftServerConfigKeys (ConfUtils.java:logGet(43)) - raft.server.rpc.sleep.time = 25ms (default)
2019-07-13 12:46:41,234 INFO  server.RaftServerConfigKeys (ConfUtils.java:logGet(43)) - raft.server.write.element-limit = 4096 (default)
2019-07-13 12:46:41,234 INFO  server.RaftServerConfigKeys (ConfUtils.java:logGet(43)) - raft.server.watch.timeout = 10s (default)
2019-07-13 12:46:41,234 INFO  server.RaftServerConfigKeys (ConfUtils.java:logGet(43)) - raft.server.watch.timeout.denomination = 1s (default)
2019-07-13 12:46:41,234 INFO  server.RaftServerConfigKeys (ConfUtils.java:logGet(43)) - raft.server.watch.element-limit = 65536 (default)
2019-07-13 12:46:41,235 INFO  impl.RoleInfo (RoleInfo.java:updateAndGet(143)) - 3c301f3b-910d-4d8f-9522-167ce4dfa79a: start LeaderState
2019-07-13 12:46:41,235 INFO  segmented.SegmentedRaftLogWorker (SegmentedRaftLogWorker.java:startLogSegment(380)) - 3c301f3b-910d-4d8f-9522-167ce4dfa79a-SegmentedRaftLogWorker:Storage Directory /tmp/workdir/hadoop-ozone/integration-test/target/test-dir/MiniOzoneClusterImpl-1b432ca9-c5f2-4511-883b-85900e4a1fa7/datanode-3/data/ratis/eff95b66-28a1-452a-a4d7-9a018188eead: Starting segment from index:0
2019-07-13 12:46:41,236 INFO  impl.RaftServerImpl (ServerState.java:setRaftConf(361)) - 3c301f3b-910d-4d8f-9522-167ce4dfa79a:group-9A018188EEAD set configuration 0: [3c301f3b-910d-4d8f-9522-167ce4dfa79a:192.168.5.181:46355], old=null at 0
2019-07-13 12:46:41,258 INFO  segmented.SegmentedRaftLogWorker (SegmentedRaftLogWorker.java:execute(569)) - 3c301f3b-910d-4d8f-9522-167ce4dfa79a-SegmentedRaftLogWorker:Storage Directory /tmp/workdir/hadoop-ozone/integration-test/target/test-dir/MiniOzoneClusterImpl-1b432ca9-c5f2-4511-883b-85900e4a1fa7/datanode-3/data/ratis/eff95b66-28a1-452a-a4d7-9a018188eead: created new log segment /tmp/workdir/hadoop-ozone/integration-test/target/test-dir/MiniOzoneClusterImpl-1b432ca9-c5f2-4511-883b-85900e4a1fa7/datanode-3/data/ratis/eff95b66-28a1-452a-a4d7-9a018188eead/current/log_inprogress_0
2019-07-13 12:46:41,260 INFO  impl.FollowerState (FollowerState.java:run(106)) - 723106c5-876b-406d-bf93-8674e1979033:group-29FF99131C61 changes to CANDIDATE, lastRpcTime:5185, electionTimeout:5185ms
2019-07-13 12:46:41,260 INFO  impl.RoleInfo (RoleInfo.java:shutdownFollowerState(121)) - 723106c5-876b-406d-bf93-8674e1979033: shutdown FollowerState
2019-07-13 12:46:41,260 INFO  impl.RaftServerImpl (RaftServerImpl.java:setRole(171)) - 723106c5-876b-406d-bf93-8674e1979033:group-29FF99131C61 changes role from FOLLOWER to CANDIDATE at term 0 for changeToCandidate
2019-07-13 12:46:41,261 INFO  impl.RoleInfo (RoleInfo.java:updateAndGet(143)) - 723106c5-876b-406d-bf93-8674e1979033: start LeaderElection
2019-07-13 12:46:41,269 INFO  impl.LeaderElection (LeaderElection.java:askForVotes(181)) - 723106c5-876b-406d-bf93-8674e1979033:group-29FF99131C61:LeaderElection5: begin an election at term 1 for -1: [723106c5-876b-406d-bf93-8674e1979033:192.168.5.181:44102], old=null
2019-07-13 12:46:41,270 INFO  impl.RoleInfo (RoleInfo.java:shutdownLeaderElection(134)) - 723106c5-876b-406d-bf93-8674e1979033: shutdown LeaderElection
2019-07-13 12:46:41,270 INFO  impl.RaftServerImpl (RaftServerImpl.java:setRole(171)) - 723106c5-876b-406d-bf93-8674e1979033:group-29FF99131C61 changes role from CANDIDATE to LEADER at term 1 for changeToLeader
2019-07-13 12:46:41,270 INFO  impl.RaftServerImpl (ServerState.java:setLeader(263)) - 723106c5-876b-406d-bf93-8674e1979033:group-29FF99131C61 change Leader from null to 723106c5-876b-406d-bf93-8674e1979033 at term 1 for becomeLeader, leader elected after 5201ms
2019-07-13 12:46:41,271 INFO  server.RaftServerConfigKeys (ConfUtils.java:logGet(43)) - raft.server.staging.catchup.gap = 1000 (default)
2019-07-13 12:46:41,271 INFO  server.RaftServerConfigKeys (ConfUtils.java:logGet(43)) - raft.server.rpc.sleep.time = 25ms (default)
2019-07-13 12:46:41,271 INFO  server.RaftServerConfigKeys (ConfUtils.java:logGet(43)) - raft.server.write.element-limit = 4096 (default)
2019-07-13 12:46:41,271 INFO  server.RaftServerConfigKeys (ConfUtils.java:logGet(43)) - raft.server.watch.timeout = 10s (default)
2019-07-13 12:46:41,271 INFO  server.RaftServerConfigKeys (ConfUtils.java:logGet(43)) - raft.server.watch.timeout.denomination = 1s (default)
2019-07-13 12:46:41,271 INFO  server.RaftServerConfigKeys (ConfUtils.java:logGet(43)) - raft.server.watch.element-limit = 65536 (default)
2019-07-13 12:46:41,272 INFO  impl.RoleInfo (RoleInfo.java:updateAndGet(143)) - 723106c5-876b-406d-bf93-8674e1979033: start LeaderState
2019-07-13 12:46:41,272 INFO  segmented.SegmentedRaftLogWorker (SegmentedRaftLogWorker.java:startLogSegment(380)) - 723106c5-876b-406d-bf93-8674e1979033-SegmentedRaftLogWorker:Storage Directory /tmp/workdir/hadoop-ozone/integration-test/target/test-dir/MiniOzoneClusterImpl-1b432ca9-c5f2-4511-883b-85900e4a1fa7/datanode-5/data/ratis/304f1c7e-ea26-4796-9a65-29ff99131c61: Starting segment from index:0
2019-07-13 12:46:41,273 INFO  impl.RaftServerImpl (ServerState.java:setRaftConf(361)) - 723106c5-876b-406d-bf93-8674e1979033:group-29FF99131C61 set configuration 0: [723106c5-876b-406d-bf93-8674e1979033:192.168.5.181:44102], old=null at 0
2019-07-13 12:46:41,302 INFO  segmented.SegmentedRaftLogWorker (SegmentedRaftLogWorker.java:execute(569)) - 723106c5-876b-406d-bf93-8674e1979033-SegmentedRaftLogWorker:Storage Directory /tmp/workdir/hadoop-ozone/integration-test/target/test-dir/MiniOzoneClusterImpl-1b432ca9-c5f2-4511-883b-85900e4a1fa7/datanode-5/data/ratis/304f1c7e-ea26-4796-9a65-29ff99131c61: created new log segment /tmp/workdir/hadoop-ozone/integration-test/target/test-dir/MiniOzoneClusterImpl-1b432ca9-c5f2-4511-883b-85900e4a1fa7/datanode-5/data/ratis/304f1c7e-ea26-4796-9a65-29ff99131c61/current/log_inprogress_0
2019-07-13 12:46:41,348 INFO  impl.FollowerState (FollowerState.java:run(106)) - f5c1a697-0b8a-434f-935a-f2cc79637d49:group-8B09AF0DC09D changes to CANDIDATE, lastRpcTime:5056, electionTimeout:5056ms
2019-07-13 12:46:41,348 INFO  impl.RoleInfo (RoleInfo.java:shutdownFollowerState(121)) - f5c1a697-0b8a-434f-935a-f2cc79637d49: shutdown FollowerState
2019-07-13 12:46:41,348 INFO  impl.RaftServerImpl (RaftServerImpl.java:setRole(171)) - f5c1a697-0b8a-434f-935a-f2cc79637d49:group-8B09AF0DC09D changes role from FOLLOWER to CANDIDATE at term 0 for changeToCandidate
2019-07-13 12:46:41,349 INFO  impl.RoleInfo (RoleInfo.java:updateAndGet(143)) - f5c1a697-0b8a-434f-935a-f2cc79637d49: start LeaderElection
2019-07-13 12:46:41,369 INFO  impl.LeaderElection (LeaderElection.java:askForVotes(181)) - f5c1a697-0b8a-434f-935a-f2cc79637d49:group-8B09AF0DC09D:LeaderElection6: begin an election at term 1 for -1: [f5c1a697-0b8a-434f-935a-f2cc79637d49:192.168.5.181:33205], old=null
2019-07-13 12:46:41,376 INFO  impl.RoleInfo (RoleInfo.java:shutdownLeaderElection(134)) - f5c1a697-0b8a-434f-935a-f2cc79637d49: shutdown LeaderElection
2019-07-13 12:46:41,376 INFO  impl.RaftServerImpl (RaftServerImpl.java:setRole(171)) - f5c1a697-0b8a-434f-935a-f2cc79637d49:group-8B09AF0DC09D changes role from CANDIDATE to LEADER at term 1 for changeToLeader
2019-07-13 12:46:41,376 INFO  impl.RaftServerImpl (ServerState.java:setLeader(263)) - f5c1a697-0b8a-434f-935a-f2cc79637d49:group-8B09AF0DC09D change Leader from null to f5c1a697-0b8a-434f-935a-f2cc79637d49 at term 1 for becomeLeader, leader elected after 5090ms
2019-07-13 12:46:41,377 INFO  server.RaftServerConfigKeys (ConfUtils.java:logGet(43)) - raft.server.staging.catchup.gap = 1000 (default)
2019-07-13 12:46:41,377 INFO  server.RaftServerConfigKeys (ConfUtils.java:logGet(43)) - raft.server.rpc.sleep.time = 25ms (default)
2019-07-13 12:46:41,377 INFO  server.RaftServerConfigKeys (ConfUtils.java:logGet(43)) - raft.server.write.element-limit = 4096 (default)
2019-07-13 12:46:41,377 INFO  server.RaftServerConfigKeys (ConfUtils.java:logGet(43)) - raft.server.watch.timeout = 10s (default)
2019-07-13 12:46:41,377 INFO  server.RaftServerConfigKeys (ConfUtils.java:logGet(43)) - raft.server.watch.timeout.denomination = 1s (default)
2019-07-13 12:46:41,377 INFO  server.RaftServerConfigKeys (ConfUtils.java:logGet(43)) - raft.server.watch.element-limit = 65536 (default)
2019-07-13 12:46:41,378 INFO  impl.RoleInfo (RoleInfo.java:updateAndGet(143)) - f5c1a697-0b8a-434f-935a-f2cc79637d49: start LeaderState
2019-07-13 12:46:41,378 INFO  segmented.SegmentedRaftLogWorker (SegmentedRaftLogWorker.java:startLogSegment(380)) - f5c1a697-0b8a-434f-935a-f2cc79637d49-SegmentedRaftLogWorker:Storage Directory /tmp/workdir/hadoop-ozone/integration-test/target/test-dir/MiniOzoneClusterImpl-1b432ca9-c5f2-4511-883b-85900e4a1fa7/datanode-1/data/ratis/33e72017-b73d-4e85-bd85-8b09af0dc09d: Starting segment from index:0
2019-07-13 12:46:41,378 INFO  impl.FollowerState (FollowerState.java:run(106)) - e9070f87-fefc-401b-99e9-1043f20c7266:group-D58064344065 changes to CANDIDATE, lastRpcTime:5138, electionTimeout:5138ms
2019-07-13 12:46:41,380 INFO  impl.RoleInfo (RoleInfo.java:shutdownFollowerState(121)) - e9070f87-fefc-401b-99e9-1043f20c7266: shutdown FollowerState
2019-07-13 12:46:41,380 INFO  impl.RaftServerImpl (RaftServerImpl.java:setRole(171)) - e9070f87-fefc-401b-99e9-1043f20c7266:group-D58064344065 changes role from FOLLOWER to CANDIDATE at term 0 for changeToCandidate
2019-07-13 12:46:41,380 INFO  impl.RaftServerImpl (ServerState.java:setRaftConf(361)) - f5c1a697-0b8a-434f-935a-f2cc79637d49:group-8B09AF0DC09D set configuration 0: [f5c1a697-0b8a-434f-935a-f2cc79637d49:192.168.5.181:33205], old=null at 0
2019-07-13 12:46:41,380 INFO  impl.RoleInfo (RoleInfo.java:updateAndGet(143)) - e9070f87-fefc-401b-99e9-1043f20c7266: start LeaderElection
2019-07-13 12:46:41,408 INFO  segmented.SegmentedRaftLogWorker (SegmentedRaftLogWorker.java:execute(569)) - f5c1a697-0b8a-434f-935a-f2cc79637d49-SegmentedRaftLogWorker:Storage Directory /tmp/workdir/hadoop-ozone/integration-test/target/test-dir/MiniOzoneClusterImpl-1b432ca9-c5f2-4511-883b-85900e4a1fa7/datanode-1/data/ratis/33e72017-b73d-4e85-bd85-8b09af0dc09d: created new log segment /tmp/workdir/hadoop-ozone/integration-test/target/test-dir/MiniOzoneClusterImpl-1b432ca9-c5f2-4511-883b-85900e4a1fa7/datanode-1/data/ratis/33e72017-b73d-4e85-bd85-8b09af0dc09d/current/log_inprogress_0
2019-07-13 12:46:41,408 INFO  impl.LeaderElection (LeaderElection.java:askForVotes(181)) - e9070f87-fefc-401b-99e9-1043f20c7266:group-D58064344065:LeaderElection7: begin an election at term 1 for -1: [e9070f87-fefc-401b-99e9-1043f20c7266:192.168.5.181:45519], old=null
2019-07-13 12:46:41,408 INFO  impl.RoleInfo (RoleInfo.java:shutdownLeaderElection(134)) - e9070f87-fefc-401b-99e9-1043f20c7266: shutdown LeaderElection
2019-07-13 12:46:41,408 INFO  impl.RaftServerImpl (RaftServerImpl.java:setRole(171)) - e9070f87-fefc-401b-99e9-1043f20c7266:group-D58064344065 changes role from CANDIDATE to LEADER at term 1 for changeToLeader
2019-07-13 12:46:41,408 INFO  impl.RaftServerImpl (ServerState.java:setLeader(263)) - e9070f87-fefc-401b-99e9-1043f20c7266:group-D58064344065 change Leader from null to e9070f87-fefc-401b-99e9-1043f20c7266 at term 1 for becomeLeader, leader elected after 5174ms
2019-07-13 12:46:41,409 INFO  server.RaftServerConfigKeys (ConfUtils.java:logGet(43)) - raft.server.staging.catchup.gap = 1000 (default)
2019-07-13 12:46:41,409 INFO  server.RaftServerConfigKeys (ConfUtils.java:logGet(43)) - raft.server.rpc.sleep.time = 25ms (default)
2019-07-13 12:46:41,409 INFO  server.RaftServerConfigKeys (ConfUtils.java:logGet(43)) - raft.server.write.element-limit = 4096 (default)
2019-07-13 12:46:41,409 INFO  server.RaftServerConfigKeys (ConfUtils.java:logGet(43)) - raft.server.watch.timeout = 10s (default)
2019-07-13 12:46:41,409 INFO  server.RaftServerConfigKeys (ConfUtils.java:logGet(43)) - raft.server.watch.timeout.denomination = 1s (default)
2019-07-13 12:46:41,409 INFO  server.RaftServerConfigKeys (ConfUtils.java:logGet(43)) - raft.server.watch.element-limit = 65536 (default)
2019-07-13 12:46:41,410 INFO  impl.RoleInfo (RoleInfo.java:updateAndGet(143)) - e9070f87-fefc-401b-99e9-1043f20c7266: start LeaderState
2019-07-13 12:46:41,410 INFO  segmented.SegmentedRaftLogWorker (SegmentedRaftLogWorker.java:startLogSegment(380)) - e9070f87-fefc-401b-99e9-1043f20c7266-SegmentedRaftLogWorker:Storage Directory /tmp/workdir/hadoop-ozone/integration-test/target/test-dir/MiniOzoneClusterImpl-1b432ca9-c5f2-4511-883b-85900e4a1fa7/datanode-2/data/ratis/1b6500d1-ede6-4fc3-9a24-d58064344065: Starting segment from index:0
2019-07-13 12:46:41,410 INFO  impl.RaftServerImpl (ServerState.java:setRaftConf(361)) - e9070f87-fefc-401b-99e9-1043f20c7266:group-D58064344065 set configuration 0: [e9070f87-fefc-401b-99e9-1043f20c7266:192.168.5.181:45519], old=null at 0
2019-07-13 12:46:41,434 INFO  segmented.SegmentedRaftLogWorker (SegmentedRaftLogWorker.java:execute(569)) - e9070f87-fefc-401b-99e9-1043f20c7266-SegmentedRaftLogWorker:Storage Directory /tmp/workdir/hadoop-ozone/integration-test/target/test-dir/MiniOzoneClusterImpl-1b432ca9-c5f2-4511-883b-85900e4a1fa7/datanode-2/data/ratis/1b6500d1-ede6-4fc3-9a24-d58064344065: created new log segment /tmp/workdir/hadoop-ozone/integration-test/target/test-dir/MiniOzoneClusterImpl-1b432ca9-c5f2-4511-883b-85900e4a1fa7/datanode-2/data/ratis/1b6500d1-ede6-4fc3-9a24-d58064344065/current/log_inprogress_0
2019-07-13 12:46:41,487 INFO  impl.FollowerState (FollowerState.java:run(106)) - 8aa45bf7-2fd9-436a-8372-76ab84cf8af7:group-F5741853FF14 changes to CANDIDATE, lastRpcTime:5097, electionTimeout:5097ms
2019-07-13 12:46:41,488 INFO  impl.RoleInfo (RoleInfo.java:shutdownFollowerState(121)) - 8aa45bf7-2fd9-436a-8372-76ab84cf8af7: shutdown FollowerState
2019-07-13 12:46:41,488 INFO  impl.RaftServerImpl (RaftServerImpl.java:setRole(171)) - 8aa45bf7-2fd9-436a-8372-76ab84cf8af7:group-F5741853FF14 changes role from FOLLOWER to CANDIDATE at term 0 for changeToCandidate
2019-07-13 12:46:41,488 INFO  impl.RoleInfo (RoleInfo.java:updateAndGet(143)) - 8aa45bf7-2fd9-436a-8372-76ab84cf8af7: start LeaderElection
2019-07-13 12:46:41,504 INFO  impl.FollowerState (FollowerState.java:run(106)) - 66be00ef-bdaa-400d-83ec-5531d2645c4e:group-F5741853FF14 changes to CANDIDATE, lastRpcTime:5124, electionTimeout:5124ms
2019-07-13 12:46:41,506 INFO  impl.RoleInfo (RoleInfo.java:shutdownFollowerState(121)) - 66be00ef-bdaa-400d-83ec-5531d2645c4e: shutdown FollowerState
2019-07-13 12:46:41,506 INFO  impl.RaftServerImpl (RaftServerImpl.java:setRole(171)) - 66be00ef-bdaa-400d-83ec-5531d2645c4e:group-F5741853FF14 changes role from FOLLOWER to CANDIDATE at term 0 for changeToCandidate
2019-07-13 12:46:41,506 INFO  impl.RoleInfo (RoleInfo.java:updateAndGet(143)) - 66be00ef-bdaa-400d-83ec-5531d2645c4e: start LeaderElection
2019-07-13 12:46:41,511 INFO  impl.LeaderElection (LeaderElection.java:askForVotes(181)) - 8aa45bf7-2fd9-436a-8372-76ab84cf8af7:group-F5741853FF14:LeaderElection8: begin an election at term 1 for -1: [723106c5-876b-406d-bf93-8674e1979033:192.168.5.181:44102, 8aa45bf7-2fd9-436a-8372-76ab84cf8af7:192.168.5.181:42541, 66be00ef-bdaa-400d-83ec-5531d2645c4e:192.168.5.181:41762], old=null
2019-07-13 12:46:41,515 INFO  impl.LeaderElection (LeaderElection.java:askForVotes(181)) - 66be00ef-bdaa-400d-83ec-5531d2645c4e:group-F5741853FF14:LeaderElection9: begin an election at term 1 for -1: [723106c5-876b-406d-bf93-8674e1979033:192.168.5.181:44102, 8aa45bf7-2fd9-436a-8372-76ab84cf8af7:192.168.5.181:42541, 66be00ef-bdaa-400d-83ec-5531d2645c4e:192.168.5.181:41762], old=null
2019-07-13 12:46:41,564 INFO  impl.RaftServerImpl (RaftServerImpl.java:setRole(171)) - 723106c5-876b-406d-bf93-8674e1979033:group-F5741853FF14 changes role from FOLLOWER to FOLLOWER at term 1 for recognizeCandidate:66be00ef-bdaa-400d-83ec-5531d2645c4e
2019-07-13 12:46:41,564 INFO  impl.RoleInfo (RoleInfo.java:shutdownFollowerState(121)) - 723106c5-876b-406d-bf93-8674e1979033: shutdown FollowerState
2019-07-13 12:46:41,564 INFO  impl.RoleInfo (RoleInfo.java:updateAndGet(143)) - 723106c5-876b-406d-bf93-8674e1979033: start FollowerState
2019-07-13 12:46:41,586 INFO  impl.LeaderElection (LeaderElection.java:logAndReturn(56)) - 8aa45bf7-2fd9-436a-8372-76ab84cf8af7:group-F5741853FF14:LeaderElection8: Election REJECTED; received 2 response(s) [8aa45bf7-2fd9-436a-8372-76ab84cf8af7<-723106c5-876b-406d-bf93-8674e1979033#0:FAIL-t1, 8aa45bf7-2fd9-436a-8372-76ab84cf8af7<-66be00ef-bdaa-400d-83ec-5531d2645c4e#0:FAIL-t1] and 0 exception(s); 8aa45bf7-2fd9-436a-8372-76ab84cf8af7:t1, leader=null, voted=8aa45bf7-2fd9-436a-8372-76ab84cf8af7, raftlog=8aa45bf7-2fd9-436a-8372-76ab84cf8af7-SegmentedRaftLog:OPENED:c-1,f-1,i0, conf=-1: [723106c5-876b-406d-bf93-8674e1979033:192.168.5.181:44102, 8aa45bf7-2fd9-436a-8372-76ab84cf8af7:192.168.5.181:42541, 66be00ef-bdaa-400d-83ec-5531d2645c4e:192.168.5.181:41762], old=null
2019-07-13 12:46:41,586 INFO  impl.LeaderElection (LeaderElection.java:logAndReturn(56)) - 66be00ef-bdaa-400d-83ec-5531d2645c4e:group-F5741853FF14:LeaderElection9: Election PASSED; received 2 response(s) [66be00ef-bdaa-400d-83ec-5531d2645c4e<-723106c5-876b-406d-bf93-8674e1979033#0:OK-t1, 66be00ef-bdaa-400d-83ec-5531d2645c4e<-8aa45bf7-2fd9-436a-8372-76ab84cf8af7#0:FAIL-t1] and 0 exception(s); 66be00ef-bdaa-400d-83ec-5531d2645c4e:t1, leader=null, voted=66be00ef-bdaa-400d-83ec-5531d2645c4e, raftlog=66be00ef-bdaa-400d-83ec-5531d2645c4e-SegmentedRaftLog:OPENED:c-1,f-1,i0, conf=-1: [723106c5-876b-406d-bf93-8674e1979033:192.168.5.181:44102, 8aa45bf7-2fd9-436a-8372-76ab84cf8af7:192.168.5.181:42541, 66be00ef-bdaa-400d-83ec-5531d2645c4e:192.168.5.181:41762], old=null
2019-07-13 12:46:41,586 INFO  impl.RaftServerImpl (RaftServerImpl.java:setRole(171)) - 8aa45bf7-2fd9-436a-8372-76ab84cf8af7:group-F5741853FF14 changes role from CANDIDATE to FOLLOWER at term 1 for DISCOVERED_A_NEW_TERM
2019-07-13 12:46:41,586 INFO  impl.RoleInfo (RoleInfo.java:shutdownLeaderElection(134)) - 66be00ef-bdaa-400d-83ec-5531d2645c4e: shutdown LeaderElection
2019-07-13 12:46:41,588 INFO  impl.RoleInfo (RoleInfo.java:shutdownLeaderElection(134)) - 8aa45bf7-2fd9-436a-8372-76ab84cf8af7: shutdown LeaderElection
2019-07-13 12:46:41,590 INFO  impl.RaftServerImpl (RaftServerImpl.java:setRole(171)) - 66be00ef-bdaa-400d-83ec-5531d2645c4e:group-F5741853FF14 changes role from CANDIDATE to LEADER at term 1 for changeToLeader
2019-07-13 12:46:41,592 INFO  impl.RaftServerImpl (ServerState.java:setLeader(263)) - 66be00ef-bdaa-400d-83ec-5531d2645c4e:group-F5741853FF14 change Leader from null to 66be00ef-bdaa-400d-83ec-5531d2645c4e at term 1 for becomeLeader, leader elected after 5225ms
2019-07-13 12:46:41,595 INFO  impl.RoleInfo (RoleInfo.java:updateAndGet(143)) - 8aa45bf7-2fd9-436a-8372-76ab84cf8af7: start FollowerState
2019-07-13 12:46:41,595 INFO  server.RaftServerConfigKeys (ConfUtils.java:logGet(43)) - raft.server.staging.catchup.gap = 1000 (default)
2019-07-13 12:46:41,598 INFO  server.RaftServerConfigKeys (ConfUtils.java:logGet(43)) - raft.server.rpc.sleep.time = 25ms (default)
2019-07-13 12:46:41,600 INFO  server.RaftServerConfigKeys (ConfUtils.java:logGet(43)) - raft.server.write.element-limit = 4096 (default)
2019-07-13 12:46:41,600 INFO  server.RaftServerConfigKeys (ConfUtils.java:logGet(43)) - raft.server.watch.timeout = 10s (default)
2019-07-13 12:46:41,601 INFO  server.RaftServerConfigKeys (ConfUtils.java:logGet(43)) - raft.server.watch.timeout.denomination = 1s (default)
2019-07-13 12:46:41,601 INFO  server.RaftServerConfigKeys (ConfUtils.java:logGet(43)) - raft.server.watch.element-limit = 65536 (default)
2019-07-13 12:46:41,603 INFO  server.RaftServerConfigKeys (ConfUtils.java:logGet(43)) - raft.server.log.appender.snapshot.chunk.size.max = 16MB (=16777216) (default)
2019-07-13 12:46:41,603 INFO  server.RaftServerConfigKeys (ConfUtils.java:logGet(43)) - raft.server.log.appender.buffer.byte-limit = 33554432 (custom)
2019-07-13 12:46:41,603 INFO  server.RaftServerConfigKeys (ConfUtils.java:logGet(43)) - raft.server.log.appender.buffer.element-limit = 1 (custom)
2019-07-13 12:46:41,606 INFO  grpc.GrpcConfigKeys$Server (ConfUtils.java:logGet(43)) - raft.grpc.server.leader.outstanding.appends.max = 128 (default)
2019-07-13 12:46:41,606 INFO  server.RaftServerConfigKeys (ConfUtils.java:logGet(43)) - raft.server.rpc.request.timeout = 3000ms (default)
2019-07-13 12:46:41,606 INFO  server.RaftServerConfigKeys (ConfUtils.java:logGet(43)) - raft.server.log.appender.install.snapshot.enabled = false (custom)
2019-07-13 12:46:41,607 INFO  server.RaftServerConfigKeys (ConfUtils.java:logGet(43)) - raft.server.log.appender.snapshot.chunk.size.max = 16MB (=16777216) (default)
2019-07-13 12:46:41,607 INFO  server.RaftServerConfigKeys (ConfUtils.java:logGet(43)) - raft.server.log.appender.buffer.byte-limit = 33554432 (custom)
2019-07-13 12:46:41,607 INFO  server.RaftServerConfigKeys (ConfUtils.java:logGet(43)) - raft.server.log.appender.buffer.element-limit = 1 (custom)
2019-07-13 12:46:41,607 INFO  grpc.GrpcConfigKeys$Server (ConfUtils.java:logGet(43)) - raft.grpc.server.leader.outstanding.appends.max = 128 (default)
2019-07-13 12:46:41,607 INFO  server.RaftServerConfigKeys (ConfUtils.java:logGet(43)) - raft.server.rpc.request.timeout = 3000ms (default)
2019-07-13 12:46:41,607 INFO  server.RaftServerConfigKeys (ConfUtils.java:logGet(43)) - raft.server.log.appender.install.snapshot.enabled = false (custom)
2019-07-13 12:46:41,609 INFO  impl.RoleInfo (RoleInfo.java:updateAndGet(143)) - 66be00ef-bdaa-400d-83ec-5531d2645c4e: start LeaderState
2019-07-13 12:46:41,609 INFO  segmented.SegmentedRaftLogWorker (SegmentedRaftLogWorker.java:startLogSegment(380)) - 66be00ef-bdaa-400d-83ec-5531d2645c4e-SegmentedRaftLogWorker:Storage Directory /tmp/workdir/hadoop-ozone/integration-test/target/test-dir/MiniOzoneClusterImpl-1b432ca9-c5f2-4511-883b-85900e4a1fa7/datanode-0/data/ratis/6e5f6c39-a398-4c60-8295-f5741853ff14: Starting segment from index:0
2019-07-13 12:46:41,609 INFO  impl.RaftServerImpl (ServerState.java:setRaftConf(361)) - 66be00ef-bdaa-400d-83ec-5531d2645c4e:group-F5741853FF14 set configuration 0: [723106c5-876b-406d-bf93-8674e1979033:192.168.5.181:44102, 8aa45bf7-2fd9-436a-8372-76ab84cf8af7:192.168.5.181:42541, 66be00ef-bdaa-400d-83ec-5531d2645c4e:192.168.5.181:41762], old=null at 0
2019-07-13 12:46:41,633 INFO  impl.FollowerState (FollowerState.java:run(106)) - 3c301f3b-910d-4d8f-9522-167ce4dfa79a:group-98FA4545D6A8 changes to CANDIDATE, lastRpcTime:5149, electionTimeout:5149ms
2019-07-13 12:46:41,633 INFO  impl.RoleInfo (RoleInfo.java:shutdownFollowerState(121)) - 3c301f3b-910d-4d8f-9522-167ce4dfa79a: shutdown FollowerState
2019-07-13 12:46:41,633 INFO  impl.RaftServerImpl (RaftServerImpl.java:setRole(171)) - 3c301f3b-910d-4d8f-9522-167ce4dfa79a:group-98FA4545D6A8 changes role from FOLLOWER to CANDIDATE at term 0 for changeToCandidate
2019-07-13 12:46:41,633 INFO  impl.RoleInfo (RoleInfo.java:updateAndGet(143)) - 3c301f3b-910d-4d8f-9522-167ce4dfa79a: start LeaderElection
2019-07-13 12:46:41,639 INFO  segmented.SegmentedRaftLogWorker (SegmentedRaftLogWorker.java:execute(569)) - 66be00ef-bdaa-400d-83ec-5531d2645c4e-SegmentedRaftLogWorker:Storage Directory /tmp/workdir/hadoop-ozone/integration-test/target/test-dir/MiniOzoneClusterImpl-1b432ca9-c5f2-4511-883b-85900e4a1fa7/datanode-0/data/ratis/6e5f6c39-a398-4c60-8295-f5741853ff14: created new log segment /tmp/workdir/hadoop-ozone/integration-test/target/test-dir/MiniOzoneClusterImpl-1b432ca9-c5f2-4511-883b-85900e4a1fa7/datanode-0/data/ratis/6e5f6c39-a398-4c60-8295-f5741853ff14/current/log_inprogress_0
2019-07-13 12:46:41,646 INFO  impl.LeaderElection (LeaderElection.java:askForVotes(181)) - 3c301f3b-910d-4d8f-9522-167ce4dfa79a:group-98FA4545D6A8:LeaderElection10: begin an election at term 1 for -1: [3c301f3b-910d-4d8f-9522-167ce4dfa79a:192.168.5.181:46355, e9070f87-fefc-401b-99e9-1043f20c7266:192.168.5.181:45519, cb68df61-a0ca-42af-9515-48ad8f83fdb2:192.168.5.181:39070], old=null
2019-07-13 12:46:41,659 INFO  impl.FollowerState (FollowerState.java:run(106)) - cb68df61-a0ca-42af-9515-48ad8f83fdb2:group-98FA4545D6A8 changes to CANDIDATE, lastRpcTime:5174, electionTimeout:5170ms
2019-07-13 12:46:41,661 INFO  impl.RoleInfo (RoleInfo.java:shutdownFollowerState(121)) - cb68df61-a0ca-42af-9515-48ad8f83fdb2: shutdown FollowerState
2019-07-13 12:46:41,661 INFO  impl.RaftServerImpl (RaftServerImpl.java:setRole(171)) - cb68df61-a0ca-42af-9515-48ad8f83fdb2:group-98FA4545D6A8 changes role from FOLLOWER to CANDIDATE at term 0 for changeToCandidate
2019-07-13 12:46:41,661 INFO  impl.RaftServerImpl (ServerState.java:setLeader(263)) - 8aa45bf7-2fd9-436a-8372-76ab84cf8af7:group-F5741853FF14 change Leader from null to 66be00ef-bdaa-400d-83ec-5531d2645c4e at term 1 for appendEntries, leader elected after 5294ms
2019-07-13 12:46:41,661 INFO  impl.RoleInfo (RoleInfo.java:updateAndGet(143)) - cb68df61-a0ca-42af-9515-48ad8f83fdb2: start LeaderElection
2019-07-13 12:46:41,661 INFO  impl.RaftServerImpl (ServerState.java:setLeader(263)) - 723106c5-876b-406d-bf93-8674e1979033:group-F5741853FF14 change Leader from null to 66be00ef-bdaa-400d-83ec-5531d2645c4e at term 1 for appendEntries, leader elected after 5294ms
2019-07-13 12:46:41,670 INFO  impl.RaftServerImpl (RaftServerImpl.java:setRole(171)) - e9070f87-fefc-401b-99e9-1043f20c7266:group-98FA4545D6A8 changes role from FOLLOWER to FOLLOWER at term 1 for recognizeCandidate:3c301f3b-910d-4d8f-9522-167ce4dfa79a
2019-07-13 12:46:41,671 INFO  impl.RoleInfo (RoleInfo.java:shutdownFollowerState(121)) - e9070f87-fefc-401b-99e9-1043f20c7266: shutdown FollowerState
2019-07-13 12:46:41,671 INFO  impl.RoleInfo (RoleInfo.java:updateAndGet(143)) - e9070f87-fefc-401b-99e9-1043f20c7266: start FollowerState
2019-07-13 12:46:41,671 INFO  impl.FollowerState (FollowerState.java:run(114)) - e9070f87-fefc-401b-99e9-1043f20c7266: FollowerState was interrupted: java.lang.InterruptedException: sleep interrupted
2019-07-13 12:46:41,677 INFO  impl.LeaderElection (LeaderElection.java:askForVotes(181)) - cb68df61-a0ca-42af-9515-48ad8f83fdb2:group-98FA4545D6A8:LeaderElection11: begin an election at term 1 for -1: [3c301f3b-910d-4d8f-9522-167ce4dfa79a:192.168.5.181:46355, e9070f87-fefc-401b-99e9-1043f20c7266:192.168.5.181:45519, cb68df61-a0ca-42af-9515-48ad8f83fdb2:192.168.5.181:39070], old=null
2019-07-13 12:46:41,690 INFO  impl.LeaderElection (LeaderElection.java:logAndReturn(56)) - 3c301f3b-910d-4d8f-9522-167ce4dfa79a:group-98FA4545D6A8:LeaderElection10: Election PASSED; received 2 response(s) [3c301f3b-910d-4d8f-9522-167ce4dfa79a<-e9070f87-fefc-401b-99e9-1043f20c7266#0:OK-t1, 3c301f3b-910d-4d8f-9522-167ce4dfa79a<-cb68df61-a0ca-42af-9515-48ad8f83fdb2#0:FAIL-t1] and 0 exception(s); 3c301f3b-910d-4d8f-9522-167ce4dfa79a:t1, leader=null, voted=3c301f3b-910d-4d8f-9522-167ce4dfa79a, raftlog=3c301f3b-910d-4d8f-9522-167ce4dfa79a-SegmentedRaftLog:OPENED:c-1,f-1,i0, conf=-1: [3c301f3b-910d-4d8f-9522-167ce4dfa79a:192.168.5.181:46355, e9070f87-fefc-401b-99e9-1043f20c7266:192.168.5.181:45519, cb68df61-a0ca-42af-9515-48ad8f83fdb2:192.168.5.181:39070], old=null
2019-07-13 12:46:41,690 INFO  impl.RoleInfo (RoleInfo.java:shutdownLeaderElection(134)) - 3c301f3b-910d-4d8f-9522-167ce4dfa79a: shutdown LeaderElection
2019-07-13 12:46:41,692 INFO  impl.RaftServerImpl (RaftServerImpl.java:setRole(171)) - 3c301f3b-910d-4d8f-9522-167ce4dfa79a:group-98FA4545D6A8 changes role from CANDIDATE to LEADER at term 1 for changeToLeader
2019-07-13 12:46:41,695 INFO  impl.RaftServerImpl (ServerState.java:setLeader(263)) - 3c301f3b-910d-4d8f-9522-167ce4dfa79a:group-98FA4545D6A8 change Leader from null to 3c301f3b-910d-4d8f-9522-167ce4dfa79a at term 1 for becomeLeader, leader elected after 5225ms
2019-07-13 12:46:41,695 INFO  server.RaftServerConfigKeys (ConfUtils.java:logGet(43)) - raft.server.staging.catchup.gap = 1000 (default)
2019-07-13 12:46:41,695 INFO  server.RaftServerConfigKeys (ConfUtils.java:logGet(43)) - raft.server.rpc.sleep.time = 25ms (default)
2019-07-13 12:46:41,696 INFO  server.RaftServerConfigKeys (ConfUtils.java:logGet(43)) - raft.server.write.element-limit = 4096 (default)
2019-07-13 12:46:41,696 INFO  server.RaftServerConfigKeys (ConfUtils.java:logGet(43)) - raft.server.watch.timeout = 10s (default)
2019-07-13 12:46:41,696 INFO  server.RaftServerConfigKeys (ConfUtils.java:logGet(43)) - raft.server.watch.timeout.denomination = 1s (default)
2019-07-13 12:46:41,696 INFO  server.RaftServerConfigKeys (ConfUtils.java:logGet(43)) - raft.server.watch.element-limit = 65536 (default)
2019-07-13 12:46:41,696 INFO  server.RaftServerConfigKeys (ConfUtils.java:logGet(43)) - raft.server.log.appender.snapshot.chunk.size.max = 16MB (=16777216) (default)
2019-07-13 12:46:41,697 INFO  server.RaftServerConfigKeys (ConfUtils.java:logGet(43)) - raft.server.log.appender.buffer.byte-limit = 33554432 (custom)
2019-07-13 12:46:41,697 INFO  server.RaftServerConfigKeys (ConfUtils.java:logGet(43)) - raft.server.log.appender.buffer.element-limit = 1 (custom)
2019-07-13 12:46:41,697 INFO  grpc.GrpcConfigKeys$Server (ConfUtils.java:logGet(43)) - raft.grpc.server.leader.outstanding.appends.max = 128 (default)
2019-07-13 12:46:41,697 INFO  server.RaftServerConfigKeys (ConfUtils.java:logGet(43)) - raft.server.rpc.request.timeout = 3000ms (default)
2019-07-13 12:46:41,697 INFO  server.RaftServerConfigKeys (ConfUtils.java:logGet(43)) - raft.server.log.appender.install.snapshot.enabled = false (custom)
2019-07-13 12:46:41,698 INFO  server.RaftServerConfigKeys (ConfUtils.java:logGet(43)) - raft.server.log.appender.snapshot.chunk.size.max = 16MB (=16777216) (default)
2019-07-13 12:46:41,699 INFO  server.RaftServerConfigKeys (ConfUtils.java:logGet(43)) - raft.server.log.appender.buffer.byte-limit = 33554432 (custom)
2019-07-13 12:46:41,700 INFO  server.RaftServerConfigKeys (ConfUtils.java:logGet(43)) - raft.server.log.appender.buffer.element-limit = 1 (custom)
2019-07-13 12:46:41,701 INFO  grpc.GrpcConfigKeys$Server (ConfUtils.java:logGet(43)) - raft.grpc.server.leader.outstanding.appends.max = 128 (default)
2019-07-13 12:46:41,702 INFO  server.RaftServerConfigKeys (ConfUtils.java:logGet(43)) - raft.server.rpc.request.timeout = 3000ms (default)
2019-07-13 12:46:41,702 INFO  server.RaftServerConfigKeys (ConfUtils.java:logGet(43)) - raft.server.log.appender.install.snapshot.enabled = false (custom)
2019-07-13 12:46:41,702 INFO  impl.RoleInfo (RoleInfo.java:updateAndGet(143)) - 3c301f3b-910d-4d8f-9522-167ce4dfa79a: start LeaderState
2019-07-13 12:46:41,704 INFO  segmented.SegmentedRaftLogWorker (SegmentedRaftLogWorker.java:startLogSegment(380)) - 3c301f3b-910d-4d8f-9522-167ce4dfa79a-SegmentedRaftLogWorker:Storage Directory /tmp/workdir/hadoop-ozone/integration-test/target/test-dir/MiniOzoneClusterImpl-1b432ca9-c5f2-4511-883b-85900e4a1fa7/datanode-3/data/ratis/f1f92457-c5ab-42f9-be60-98fa4545d6a8: Starting segment from index:0
2019-07-13 12:46:41,705 INFO  impl.RaftServerImpl (ServerState.java:setRaftConf(361)) - 3c301f3b-910d-4d8f-9522-167ce4dfa79a:group-98FA4545D6A8 set configuration 0: [3c301f3b-910d-4d8f-9522-167ce4dfa79a:192.168.5.181:46355, e9070f87-fefc-401b-99e9-1043f20c7266:192.168.5.181:45519, cb68df61-a0ca-42af-9515-48ad8f83fdb2:192.168.5.181:39070], old=null at 0
2019-07-13 12:46:41,705 INFO  impl.RaftServerImpl (RaftServerImpl.java:requestVote(754)) - 3c301f3b-910d-4d8f-9522-167ce4dfa79a-LEADER: Withhold vote from candidate cb68df61-a0ca-42af-9515-48ad8f83fdb2 with term 1. State: leader=3c301f3b-910d-4d8f-9522-167ce4dfa79a, term=1, lastRpcElapsed=null
2019-07-13 12:46:41,726 INFO  impl.RaftServerImpl (RaftServerImpl.java:setRole(171)) - cb68df61-a0ca-42af-9515-48ad8f83fdb2:group-98FA4545D6A8 changes role from CANDIDATE to FOLLOWER at term 1 for appendEntries
2019-07-13 12:46:41,728 INFO  impl.RoleInfo (RoleInfo.java:shutdownLeaderElection(134)) - cb68df61-a0ca-42af-9515-48ad8f83fdb2: shutdown LeaderElection
2019-07-13 12:46:41,726 INFO  impl.LeaderElection (LeaderElection.java:logAndReturn(56)) - cb68df61-a0ca-42af-9515-48ad8f83fdb2:group-98FA4545D6A8:LeaderElection11: Election REJECTED; received 2 response(s) [cb68df61-a0ca-42af-9515-48ad8f83fdb2<-3c301f3b-910d-4d8f-9522-167ce4dfa79a#0:FAIL-t1, cb68df61-a0ca-42af-9515-48ad8f83fdb2<-e9070f87-fefc-401b-99e9-1043f20c7266#0:FAIL-t1] and 0 exception(s); cb68df61-a0ca-42af-9515-48ad8f83fdb2:t1, leader=null, voted=cb68df61-a0ca-42af-9515-48ad8f83fdb2, raftlog=cb68df61-a0ca-42af-9515-48ad8f83fdb2-SegmentedRaftLog:OPENED:c-1,f-1,i0, conf=-1: [3c301f3b-910d-4d8f-9522-167ce4dfa79a:192.168.5.181:46355, e9070f87-fefc-401b-99e9-1043f20c7266:192.168.5.181:45519, cb68df61-a0ca-42af-9515-48ad8f83fdb2:192.168.5.181:39070], old=null
2019-07-13 12:46:41,729 INFO  impl.RoleInfo (RoleInfo.java:updateAndGet(143)) - cb68df61-a0ca-42af-9515-48ad8f83fdb2: start FollowerState
2019-07-13 12:46:41,730 INFO  segmented.SegmentedRaftLogWorker (SegmentedRaftLogWorker.java:execute(569)) - 3c301f3b-910d-4d8f-9522-167ce4dfa79a-SegmentedRaftLogWorker:Storage Directory /tmp/workdir/hadoop-ozone/integration-test/target/test-dir/MiniOzoneClusterImpl-1b432ca9-c5f2-4511-883b-85900e4a1fa7/datanode-3/data/ratis/f1f92457-c5ab-42f9-be60-98fa4545d6a8: created new log segment /tmp/workdir/hadoop-ozone/integration-test/target/test-dir/MiniOzoneClusterImpl-1b432ca9-c5f2-4511-883b-85900e4a1fa7/datanode-3/data/ratis/f1f92457-c5ab-42f9-be60-98fa4545d6a8/current/log_inprogress_0
2019-07-13 12:46:41,729 INFO  impl.RaftServerImpl (ServerState.java:setLeader(263)) - e9070f87-fefc-401b-99e9-1043f20c7266:group-98FA4545D6A8 change Leader from null to 3c301f3b-910d-4d8f-9522-167ce4dfa79a at term 1 for appendEntries, leader elected after 5259ms
2019-07-13 12:46:41,732 INFO  impl.RaftServerImpl (ServerState.java:setLeader(263)) - cb68df61-a0ca-42af-9515-48ad8f83fdb2:group-98FA4545D6A8 change Leader from null to 3c301f3b-910d-4d8f-9522-167ce4dfa79a at term 1 for appendEntries, leader elected after 5262ms
2019-07-13 12:46:41,743 INFO  impl.RaftServerImpl (ServerState.java:setRaftConf(361)) - 723106c5-876b-406d-bf93-8674e1979033:group-F5741853FF14 set configuration 0: [723106c5-876b-406d-bf93-8674e1979033:192.168.5.181:44102, 8aa45bf7-2fd9-436a-8372-76ab84cf8af7:192.168.5.181:42541, 66be00ef-bdaa-400d-83ec-5531d2645c4e:192.168.5.181:41762], old=null at 0
2019-07-13 12:46:41,743 INFO  impl.RaftServerImpl (ServerState.java:setRaftConf(361)) - 8aa45bf7-2fd9-436a-8372-76ab84cf8af7:group-F5741853FF14 set configuration 0: [723106c5-876b-406d-bf93-8674e1979033:192.168.5.181:44102, 8aa45bf7-2fd9-436a-8372-76ab84cf8af7:192.168.5.181:42541, 66be00ef-bdaa-400d-83ec-5531d2645c4e:192.168.5.181:41762], old=null at 0
2019-07-13 12:46:41,743 INFO  impl.RaftServerImpl (ServerState.java:setRaftConf(361)) - cb68df61-a0ca-42af-9515-48ad8f83fdb2:group-98FA4545D6A8 set configuration 0: [3c301f3b-910d-4d8f-9522-167ce4dfa79a:192.168.5.181:46355, e9070f87-fefc-401b-99e9-1043f20c7266:192.168.5.181:45519, cb68df61-a0ca-42af-9515-48ad8f83fdb2:192.168.5.181:39070], old=null at 0
2019-07-13 12:46:41,743 INFO  impl.RaftServerImpl (ServerState.java:setRaftConf(361)) - e9070f87-fefc-401b-99e9-1043f20c7266:group-98FA4545D6A8 set configuration 0: [3c301f3b-910d-4d8f-9522-167ce4dfa79a:192.168.5.181:46355, e9070f87-fefc-401b-99e9-1043f20c7266:192.168.5.181:45519, cb68df61-a0ca-42af-9515-48ad8f83fdb2:192.168.5.181:39070], old=null at 0
2019-07-13 12:46:41,743 INFO  segmented.SegmentedRaftLogWorker (SegmentedRaftLogWorker.java:startLogSegment(380)) - cb68df61-a0ca-42af-9515-48ad8f83fdb2-SegmentedRaftLogWorker:Storage Directory /tmp/workdir/hadoop-ozone/integration-test/target/test-dir/MiniOzoneClusterImpl-1b432ca9-c5f2-4511-883b-85900e4a1fa7/datanode-6/data/ratis/f1f92457-c5ab-42f9-be60-98fa4545d6a8: Starting segment from index:0
2019-07-13 12:46:41,743 INFO  segmented.SegmentedRaftLogWorker (SegmentedRaftLogWorker.java:startLogSegment(380)) - 8aa45bf7-2fd9-436a-8372-76ab84cf8af7-SegmentedRaftLogWorker:Storage Directory /tmp/workdir/hadoop-ozone/integration-test/target/test-dir/MiniOzoneClusterImpl-1b432ca9-c5f2-4511-883b-85900e4a1fa7/datanode-4/data/ratis/6e5f6c39-a398-4c60-8295-f5741853ff14: Starting segment from index:0
2019-07-13 12:46:41,743 INFO  segmented.SegmentedRaftLogWorker (SegmentedRaftLogWorker.java:startLogSegment(380)) - 723106c5-876b-406d-bf93-8674e1979033-SegmentedRaftLogWorker:Storage Directory /tmp/workdir/hadoop-ozone/integration-test/target/test-dir/MiniOzoneClusterImpl-1b432ca9-c5f2-4511-883b-85900e4a1fa7/datanode-5/data/ratis/6e5f6c39-a398-4c60-8295-f5741853ff14: Starting segment from index:0
2019-07-13 12:46:41,744 INFO  segmented.SegmentedRaftLogWorker (SegmentedRaftLogWorker.java:startLogSegment(380)) - e9070f87-fefc-401b-99e9-1043f20c7266-SegmentedRaftLogWorker:Storage Directory /tmp/workdir/hadoop-ozone/integration-test/target/test-dir/MiniOzoneClusterImpl-1b432ca9-c5f2-4511-883b-85900e4a1fa7/datanode-2/data/ratis/f1f92457-c5ab-42f9-be60-98fa4545d6a8: Starting segment from index:0
2019-07-13 12:46:41,762 INFO  segmented.SegmentedRaftLogWorker (SegmentedRaftLogWorker.java:execute(569)) - 723106c5-876b-406d-bf93-8674e1979033-SegmentedRaftLogWorker:Storage Directory /tmp/workdir/hadoop-ozone/integration-test/target/test-dir/MiniOzoneClusterImpl-1b432ca9-c5f2-4511-883b-85900e4a1fa7/datanode-5/data/ratis/6e5f6c39-a398-4c60-8295-f5741853ff14: created new log segment /tmp/workdir/hadoop-ozone/integration-test/target/test-dir/MiniOzoneClusterImpl-1b432ca9-c5f2-4511-883b-85900e4a1fa7/datanode-5/data/ratis/6e5f6c39-a398-4c60-8295-f5741853ff14/current/log_inprogress_0
2019-07-13 12:46:41,762 INFO  segmented.SegmentedRaftLogWorker (SegmentedRaftLogWorker.java:execute(569)) - e9070f87-fefc-401b-99e9-1043f20c7266-SegmentedRaftLogWorker:Storage Directory /tmp/workdir/hadoop-ozone/integration-test/target/test-dir/MiniOzoneClusterImpl-1b432ca9-c5f2-4511-883b-85900e4a1fa7/datanode-2/data/ratis/f1f92457-c5ab-42f9-be60-98fa4545d6a8: created new log segment /tmp/workdir/hadoop-ozone/integration-test/target/test-dir/MiniOzoneClusterImpl-1b432ca9-c5f2-4511-883b-85900e4a1fa7/datanode-2/data/ratis/f1f92457-c5ab-42f9-be60-98fa4545d6a8/current/log_inprogress_0
2019-07-13 12:46:41,762 INFO  segmented.SegmentedRaftLogWorker (SegmentedRaftLogWorker.java:execute(569)) - cb68df61-a0ca-42af-9515-48ad8f83fdb2-SegmentedRaftLogWorker:Storage Directory /tmp/workdir/hadoop-ozone/integration-test/target/test-dir/MiniOzoneClusterImpl-1b432ca9-c5f2-4511-883b-85900e4a1fa7/datanode-6/data/ratis/f1f92457-c5ab-42f9-be60-98fa4545d6a8: created new log segment /tmp/workdir/hadoop-ozone/integration-test/target/test-dir/MiniOzoneClusterImpl-1b432ca9-c5f2-4511-883b-85900e4a1fa7/datanode-6/data/ratis/f1f92457-c5ab-42f9-be60-98fa4545d6a8/current/log_inprogress_0
2019-07-13 12:46:41,776 INFO  segmented.SegmentedRaftLogWorker (SegmentedRaftLogWorker.java:execute(569)) - 8aa45bf7-2fd9-436a-8372-76ab84cf8af7-SegmentedRaftLogWorker:Storage Directory /tmp/workdir/hadoop-ozone/integration-test/target/test-dir/MiniOzoneClusterImpl-1b432ca9-c5f2-4511-883b-85900e4a1fa7/datanode-4/data/ratis/6e5f6c39-a398-4c60-8295-f5741853ff14: created new log segment /tmp/workdir/hadoop-ozone/integration-test/target/test-dir/MiniOzoneClusterImpl-1b432ca9-c5f2-4511-883b-85900e4a1fa7/datanode-4/data/ratis/6e5f6c39-a398-4c60-8295-f5741853ff14/current/log_inprogress_0
2019-07-13 12:46:41,797 INFO  client.GrpcClientProtocolClient (GrpcClientProtocolClient.java:onNext(255)) - client-628F490CE423->723106c5-876b-406d-bf93-8674e1979033: receive RaftClientReply:client-628F490CE423->723106c5-876b-406d-bf93-8674e1979033@group-F5741853FF14, cid=13, FAILED org.apache.ratis.protocol.NotLeaderException: Server 723106c5-876b-406d-bf93-8674e1979033 is not the leader (66be00ef-bdaa-400d-83ec-5531d2645c4e:192.168.5.181:41762). Request must be sent to leader., logIndex=0, commits[723106c5-876b-406d-bf93-8674e1979033:c0, 8aa45bf7-2fd9-436a-8372-76ab84cf8af7:c-1, 66be00ef-bdaa-400d-83ec-5531d2645c4e:c0]
2019-07-13 12:46:41,821 WARN  io.KeyOutputStream (KeyOutputStream.java:handleException(276)) - Encountered exception java.io.IOException: Unexpected Storage Container Exception: java.util.concurrent.CompletionException: java.util.concurrent.CompletionException: org.apache.ratis.protocol.RaftRetryFailureException: Failed RaftClientRequest:client-628F490CE423->723106c5-876b-406d-bf93-8674e1979033@group-F5741853FF14, cid=13, seq=1*, RW, org.apache.hadoop.hdds.scm.XceiverClientRatis$$Lambda$309/674659751@3456307b for 5 attempts with RetryLimited(maxAttempts=5, sleepTime=1000ms) on the pipeline Pipeline[ Id: 6e5f6c39-a398-4c60-8295-f5741853ff14, Nodes: 66be00ef-bdaa-400d-83ec-5531d2645c4e{ip: 192.168.5.181, host: trunk-nightly-q2gwj-1111726333, networkLocation: /default-rack, certSerialId: null}8aa45bf7-2fd9-436a-8372-76ab84cf8af7{ip: 192.168.5.181, host: trunk-nightly-q2gwj-1111726333, networkLocation: /default-rack, certSerialId: null}723106c5-876b-406d-bf93-8674e1979033{ip: 192.168.5.181, host: trunk-nightly-q2gwj-1111726333, networkLocation: /default-rack, certSerialId: null}, Type:RATIS, Factor:THREE, State:OPEN]. The last committed block length is 0, uncommitted data length is 400 retry count 0
2019-07-13 12:46:42,078 INFO  client.GrpcClientProtocolClient (GrpcClientProtocolClient.java:onNext(255)) - client-9EB5C17C86AD->3c301f3b-910d-4d8f-9522-167ce4dfa79a: receive RaftClientReply:client-9EB5C17C86AD->3c301f3b-910d-4d8f-9522-167ce4dfa79a@group-98FA4545D6A8, cid=19, SUCCESS, logIndex=1, commits[3c301f3b-910d-4d8f-9522-167ce4dfa79a:c1, e9070f87-fefc-401b-99e9-1043f20c7266:c0, cb68df61-a0ca-42af-9515-48ad8f83fdb2:c0]
2019-07-13 12:46:42,116 INFO  client.GrpcClientProtocolClient (GrpcClientProtocolClient.java:onNext(255)) - client-9EB5C17C86AD->3c301f3b-910d-4d8f-9522-167ce4dfa79a: receive RaftClientReply:client-9EB5C17C86AD->3c301f3b-910d-4d8f-9522-167ce4dfa79a@group-98FA4545D6A8, cid=20, SUCCESS, logIndex=3, commits[3c301f3b-910d-4d8f-9522-167ce4dfa79a:c3, e9070f87-fefc-401b-99e9-1043f20c7266:c2, cb68df61-a0ca-42af-9515-48ad8f83fdb2:c2]
2019-07-13 12:46:42,157 INFO  client.GrpcClientProtocolClient (GrpcClientProtocolClient.java:onNext(255)) - client-9EB5C17C86AD->3c301f3b-910d-4d8f-9522-167ce4dfa79a: receive RaftClientReply:client-9EB5C17C86AD->3c301f3b-910d-4d8f-9522-167ce4dfa79a@group-98FA4545D6A8, cid=21, SUCCESS, logIndex=4, commits[3c301f3b-910d-4d8f-9522-167ce4dfa79a:c12, e9070f87-fefc-401b-99e9-1043f20c7266:c7, cb68df61-a0ca-42af-9515-48ad8f83fdb2:c7]
2019-07-13 12:46:42,160 INFO  client.GrpcClientProtocolClient (GrpcClientProtocolClient.java:onNext(255)) - client-9EB5C17C86AD->3c301f3b-910d-4d8f-9522-167ce4dfa79a: receive RaftClientReply:client-9EB5C17C86AD->3c301f3b-910d-4d8f-9522-167ce4dfa79a@group-98FA4545D6A8, cid=22, SUCCESS, logIndex=5, commits[3c301f3b-910d-4d8f-9522-167ce4dfa79a:c12, e9070f87-fefc-401b-99e9-1043f20c7266:c7, cb68df61-a0ca-42af-9515-48ad8f83fdb2:c7]
2019-07-13 12:46:42,161 INFO  client.GrpcClientProtocolClient (GrpcClientProtocolClient.java:onNext(255)) - client-9EB5C17C86AD->3c301f3b-910d-4d8f-9522-167ce4dfa79a: receive RaftClientReply:client-9EB5C17C86AD->3c301f3b-910d-4d8f-9522-167ce4dfa79a@group-98FA4545D6A8, cid=23, SUCCESS, logIndex=6, commits[3c301f3b-910d-4d8f-9522-167ce4dfa79a:c12, e9070f87-fefc-401b-99e9-1043f20c7266:c7, cb68df61-a0ca-42af-9515-48ad8f83fdb2:c7]
2019-07-13 12:46:42,193 INFO  client.GrpcClientProtocolClient (GrpcClientProtocolClient.java:onNext(255)) - client-9EB5C17C86AD->3c301f3b-910d-4d8f-9522-167ce4dfa79a: receive RaftClientReply:client-9EB5C17C86AD->3c301f3b-910d-4d8f-9522-167ce4dfa79a@group-98FA4545D6A8, cid=24, SUCCESS, logIndex=7, commits[3c301f3b-910d-4d8f-9522-167ce4dfa79a:c12, e9070f87-fefc-401b-99e9-1043f20c7266:c7, cb68df61-a0ca-42af-9515-48ad8f83fdb2:c7]
]]></system-out>
    <system-err><![CDATA[ERROR StatusLogger No Log4j 2 configuration file found. Using default configuration (logging only errors to the console), or user programmatically provided configurations. Set system property 'log4j2.debug' to show Log4j 2 internal initialization logging. See https://logging.apache.org/log4j/2.x/manual/configuration.html for instructions on how to configure Log4j 2
Jul 13, 2019 12:46:29 PM com.sun.jersey.server.impl.application.WebApplicationImpl _initiate
INFO: Initiating Jersey application, version 'Jersey: 1.19 02/11/2015 03:25 AM'
Jul 13, 2019 12:46:30 PM com.sun.jersey.server.impl.application.WebApplicationImpl _initiate
INFO: Initiating Jersey application, version 'Jersey: 1.19 02/11/2015 03:25 AM'
Jul 13, 2019 12:46:30 PM com.sun.jersey.server.impl.application.WebApplicationImpl _initiate
INFO: Initiating Jersey application, version 'Jersey: 1.19 02/11/2015 03:25 AM'
Jul 13, 2019 12:46:31 PM com.sun.jersey.server.impl.application.WebApplicationImpl _initiate
INFO: Initiating Jersey application, version 'Jersey: 1.19 02/11/2015 03:25 AM'
Jul 13, 2019 12:46:31 PM com.sun.jersey.server.impl.application.WebApplicationImpl _initiate
INFO: Initiating Jersey application, version 'Jersey: 1.19 02/11/2015 03:25 AM'
Jul 13, 2019 12:46:31 PM com.sun.jersey.server.impl.application.WebApplicationImpl _initiate
INFO: Initiating Jersey application, version 'Jersey: 1.19 02/11/2015 03:25 AM'
Jul 13, 2019 12:46:31 PM com.sun.jersey.server.impl.application.WebApplicationImpl _initiate
INFO: Initiating Jersey application, version 'Jersey: 1.19 02/11/2015 03:25 AM'
]]></system-err>
  </testcase>
  <testcase name="testWatchForCommitWithSmallerTimeoutValue" classname="org.apache.hadoop.ozone.client.rpc.TestWatchForCommit" time="43.426"/>
  <testcase name="testWatchForCommitForRetryfailure" classname="org.apache.hadoop.ozone.client.rpc.TestWatchForCommit" time="21.397">
    <failure message="expected exception not thrown" type="java.lang.AssertionError">java.lang.AssertionError: expected exception not thrown
	at org.junit.Assert.fail(Assert.java:88)
	at org.apache.hadoop.ozone.client.rpc.TestWatchForCommit.testWatchForCommitForRetryfailure(TestWatchForCommit.java:348)
	at sun.reflect.NativeMethodAccessorImpl.invoke0(Native Method)
	at sun.reflect.NativeMethodAccessorImpl.invoke(NativeMethodAccessorImpl.java:62)
	at sun.reflect.DelegatingMethodAccessorImpl.invoke(DelegatingMethodAccessorImpl.java:43)
	at java.lang.reflect.Method.invoke(Method.java:498)
	at org.junit.runners.model.FrameworkMethod$1.runReflectiveCall(FrameworkMethod.java:47)
	at org.junit.internal.runners.model.ReflectiveCallable.run(ReflectiveCallable.java:12)
	at org.junit.runners.model.FrameworkMethod.invokeExplosively(FrameworkMethod.java:44)
	at org.junit.internal.runners.statements.InvokeMethod.evaluate(InvokeMethod.java:17)
	at org.junit.runners.ParentRunner.runLeaf(ParentRunner.java:271)
	at org.junit.runners.BlockJUnit4ClassRunner.runChild(BlockJUnit4ClassRunner.java:70)
	at org.junit.runners.BlockJUnit4ClassRunner.runChild(BlockJUnit4ClassRunner.java:50)
	at org.junit.runners.ParentRunner$3.run(ParentRunner.java:238)
	at org.junit.runners.ParentRunner$1.schedule(ParentRunner.java:63)
	at org.junit.runners.ParentRunner.runChildren(ParentRunner.java:236)
	at org.junit.runners.ParentRunner.access$000(ParentRunner.java:53)
	at org.junit.runners.ParentRunner$2.evaluate(ParentRunner.java:229)
	at org.junit.runners.ParentRunner.run(ParentRunner.java:309)
	at org.apache.maven.surefire.junit4.JUnit4Provider.execute(JUnit4Provider.java:365)
	at org.apache.maven.surefire.junit4.JUnit4Provider.executeWithRerun(JUnit4Provider.java:273)
	at org.apache.maven.surefire.junit4.JUnit4Provider.executeTestSet(JUnit4Provider.java:238)
	at org.apache.maven.surefire.junit4.JUnit4Provider.invoke(JUnit4Provider.java:159)
	at org.apache.maven.surefire.booter.ForkedBooter.invokeProviderInSameClassLoader(ForkedBooter.java:384)
	at org.apache.maven.surefire.booter.ForkedBooter.runSuitesInProcess(ForkedBooter.java:345)
	at org.apache.maven.surefire.booter.ForkedBooter.execute(ForkedBooter.java:126)
	at org.apache.maven.surefire.booter.ForkedBooter.main(ForkedBooter.java:418)
</failure>
    <system-out><![CDATA[2019-07-13 12:47:25,650 WARN  server.ServerUtils (ServerUtils.java:getScmDbDir(145)) - ozone.scm.db.dirs is not configured. We recommend adding this setting. Falling back to ozone.metadata.dirs instead.
2019-07-13 12:47:25,667 WARN  server.ServerUtils (ServerUtils.java:getScmDbDir(145)) - ozone.scm.db.dirs is not configured. We recommend adding this setting. Falling back to ozone.metadata.dirs instead.
2019-07-13 12:47:25,668 WARN  server.ServerUtils (ServerUtils.java:getScmDbDir(145)) - ozone.scm.db.dirs is not configured. We recommend adding this setting. Falling back to ozone.metadata.dirs instead.
2019-07-13 12:47:25,668 INFO  db.DBStoreBuilder (DBStoreBuilder.java:addTable(110)) - using custom profile for table: deletedBlocks
2019-07-13 12:47:25,668 INFO  db.DBStoreBuilder (DBStoreBuilder.java:processTables(161)) - Using default column profile:DBProfile.DISK for Table:deletedBlocks
2019-07-13 12:47:25,668 INFO  db.DBStoreBuilder (DBStoreBuilder.java:addTable(110)) - using custom profile for table: validCerts
2019-07-13 12:47:25,669 INFO  db.DBStoreBuilder (DBStoreBuilder.java:processTables(161)) - Using default column profile:DBProfile.DISK for Table:validCerts
2019-07-13 12:47:25,669 INFO  db.DBStoreBuilder (DBStoreBuilder.java:addTable(110)) - using custom profile for table: revokedCerts
2019-07-13 12:47:25,669 INFO  db.DBStoreBuilder (DBStoreBuilder.java:processTables(161)) - Using default column profile:DBProfile.DISK for Table:revokedCerts
2019-07-13 12:47:25,669 INFO  db.DBStoreBuilder (DBStoreBuilder.java:addTable(110)) - using custom profile for table: default
2019-07-13 12:47:25,669 INFO  db.DBStoreBuilder (DBStoreBuilder.java:processTables(167)) - Using default column profile:DBProfile.DISK for Table:default
2019-07-13 12:47:25,670 INFO  db.DBStoreBuilder (DBStoreBuilder.java:getDbProfile(198)) - Using default options. DBProfile.DISK
2019-07-13 12:47:25,745 INFO  net.NodeSchemaLoader (NodeSchemaLoader.java:loadSchemaFromFile(125)) - Loading file from sun.misc.CompoundEnumeration@5602e540
2019-07-13 12:47:25,745 INFO  net.NodeSchemaLoader (NodeSchemaLoader.java:loadSchema(171)) - Loading network topology layer schema file
2019-07-13 12:47:25,751 WARN  server.ServerUtils (ServerUtils.java:sanitizeUserArgs(70)) - ozone.scm.stale.node.interval value = 300000 is larger than max = 100000 based on the key value of ozone.scm.heartbeat.thread.interval, reset to the max value 100000.
2019-07-13 12:47:25,751 WARN  server.ServerUtils (ServerUtils.java:sanitizeUserArgs(70)) - ozone.scm.stale.node.interval value = 300000 is larger than max = 100000 based on the key value of ozone.scm.heartbeat.thread.interval, reset to the max value 100000.
2019-07-13 12:47:25,752 INFO  node.SCMNodeManager (SCMNodeManager.java:<init>(119)) - Entering startup safe mode.
2019-07-13 12:47:25,753 WARN  server.ServerUtils (ServerUtils.java:getScmDbDir(145)) - ozone.scm.db.dirs is not configured. We recommend adding this setting. Falling back to ozone.metadata.dirs instead.
2019-07-13 12:47:25,778 INFO  pipeline.SCMPipelineManager (SCMPipelineManager.java:initializePipelineState(126)) - No pipeline exists in current db
2019-07-13 12:47:25,778 WARN  server.ServerUtils (ServerUtils.java:getScmDbDir(145)) - ozone.scm.db.dirs is not configured. We recommend adding this setting. Falling back to ozone.metadata.dirs instead.
2019-07-13 12:47:25,803 WARN  events.EventQueue (EventQueue.java:fireEvent(175)) - No event handler registered for event TypedEvent{payloadType=SafeModeStatus, name='SafeModeStatus'}
2019-07-13 12:47:25,804 INFO  ipc.CallQueueManager (CallQueueManager.java:<init>(84)) - Using callQueue: class java.util.concurrent.LinkedBlockingQueue, queueCapacity: 2000, scheduler: class org.apache.hadoop.ipc.DefaultRpcScheduler, ipcBackoff: false.
2019-07-13 12:47:25,805 INFO  ipc.Server (Server.java:run(1074)) - Starting Socket Reader #1 for port 34123
2019-07-13 12:47:25,810 INFO  ipc.CallQueueManager (CallQueueManager.java:<init>(84)) - Using callQueue: class java.util.concurrent.LinkedBlockingQueue, queueCapacity: 2000, scheduler: class org.apache.hadoop.ipc.DefaultRpcScheduler, ipcBackoff: false.
2019-07-13 12:47:25,811 INFO  ipc.Server (Server.java:run(1074)) - Starting Socket Reader #1 for port 34220
2019-07-13 12:47:25,814 INFO  ipc.CallQueueManager (CallQueueManager.java:<init>(84)) - Using callQueue: class java.util.concurrent.LinkedBlockingQueue, queueCapacity: 2000, scheduler: class org.apache.hadoop.ipc.DefaultRpcScheduler, ipcBackoff: false.
2019-07-13 12:47:25,815 INFO  ipc.Server (Server.java:run(1074)) - Starting Socket Reader #1 for port 46731
2019-07-13 12:47:25,821 INFO  hdfs.DFSUtil (DFSUtil.java:httpServerTemplateForNNAndJN(1641)) - Starting Web-server for scm at: http://0.0.0.0:0
2019-07-13 12:47:25,823 INFO  server.AuthenticationFilter (AuthenticationFilter.java:constructSecretProvider(240)) - Unable to initialize FileSignerSecretProvider, falling back to use random secrets.
2019-07-13 12:47:25,824 WARN  http.HttpRequestLog (HttpRequestLog.java:getRequestLog(97)) - Jetty request log can only be enabled using Log4j
2019-07-13 12:47:25,827 INFO  http.HttpServer2 (HttpServer2.java:addGlobalFilter(975)) - Added global filter 'safety' (class=org.apache.hadoop.http.HttpServer2$QuotingInputFilter)
2019-07-13 12:47:25,827 INFO  http.HttpServer2 (HttpServer2.java:addFilter(948)) - Added filter static_user_filter (class=org.apache.hadoop.http.lib.StaticUserWebFilter$StaticUserFilter) to context scm
2019-07-13 12:47:25,827 INFO  http.HttpServer2 (HttpServer2.java:addFilter(958)) - Added filter static_user_filter (class=org.apache.hadoop.http.lib.StaticUserWebFilter$StaticUserFilter) to context logs
2019-07-13 12:47:25,828 INFO  http.HttpServer2 (HttpServer2.java:addFilter(958)) - Added filter static_user_filter (class=org.apache.hadoop.http.lib.StaticUserWebFilter$StaticUserFilter) to context static
2019-07-13 12:47:25,830 INFO  server.StorageContainerManager (StorageContainerManager.java:start(759)) - StorageContainerLocationProtocol RPC server is listening at /0.0.0.0:46731
2019-07-13 12:47:25,832 WARN  impl.MetricsConfig (MetricsConfig.java:loadFirst(134)) - Cannot locate configuration: tried hadoop-metrics2-storagecontainermanager.properties,hadoop-metrics2.properties
2019-07-13 12:47:25,834 INFO  impl.MetricsSystemImpl (MetricsSystemImpl.java:startTimer(374)) - Scheduled Metric snapshot period at 10 second(s).
2019-07-13 12:47:25,834 INFO  impl.MetricsSystemImpl (MetricsSystemImpl.java:start(191)) - StorageContainerManager metrics system started
2019-07-13 12:47:25,943 INFO  server.SCMClientProtocolServer (SCMClientProtocolServer.java:start(149)) - RPC server for Client  is listening at /0.0.0.0:46731
2019-07-13 12:47:25,943 INFO  ipc.Server (Server.java:run(1314)) - IPC Server Responder: starting
2019-07-13 12:47:25,943 INFO  ipc.Server (Server.java:run(1153)) - IPC Server listener on 46731: starting
2019-07-13 12:47:25,950 INFO  server.StorageContainerManager (StorageContainerManager.java:start(768)) - ScmBlockLocationProtocol RPC server is listening at /0.0.0.0:34220
2019-07-13 12:47:25,950 INFO  server.SCMBlockProtocolServer (SCMBlockProtocolServer.java:start(140)) - RPC server for Block Protocol is listening at /0.0.0.0:34220
2019-07-13 12:47:25,951 INFO  ipc.Server (Server.java:run(1314)) - IPC Server Responder: starting
2019-07-13 12:47:25,951 INFO  ipc.Server (Server.java:run(1153)) - IPC Server listener on 34220: starting
2019-07-13 12:47:25,958 INFO  server.StorageContainerManager (StorageContainerManager.java:start(772)) - ScmDatanodeProtocl RPC server is listening at /0.0.0.0:34123
2019-07-13 12:47:25,958 INFO  server.SCMDatanodeProtocolServer (SCMDatanodeProtocolServer.java:start(191)) - RPC server for DataNodes is listening at /0.0.0.0:34123
2019-07-13 12:47:25,958 INFO  ipc.Server (Server.java:run(1314)) - IPC Server Responder: starting
2019-07-13 12:47:25,958 INFO  ipc.Server (Server.java:run(1153)) - IPC Server listener on 34123: starting
2019-07-13 12:47:25,965 INFO  http.HttpServer2 (HttpServer2.java:bindListener(1191)) - Jetty bound to port 41911
2019-07-13 12:47:25,965 INFO  server.Server (Server.java:doStart(351)) - jetty-9.3.24.v20180605, build timestamp: 2018-06-05T17:11:56Z, git hash: 84205aa28f11a4f31f2a3b86d1bba2cc8ab69827
2019-07-13 12:47:25,967 INFO  handler.ContextHandler (ContextHandler.java:doStart(781)) - Started o.e.j.s.ServletContextHandler@52290e63{/logs,file:///tmp/workdir/hadoop-ozone/integration-test/target/log,AVAILABLE}
2019-07-13 12:47:25,967 INFO  handler.ContextHandler (ContextHandler.java:doStart(781)) - Started o.e.j.s.ServletContextHandler@49d979c4{/static,file:///tmp/workdir/hadoop-ozone/integration-test/target/test-classes/webapps/static,AVAILABLE}
2019-07-13 12:47:25,971 INFO  handler.ContextHandler (ContextHandler.java:doStart(781)) - Started o.e.j.w.WebAppContext@53e82089{/,file:///tmp/workdir/hadoop-ozone/integration-test/target/test-classes/webapps/scm/,AVAILABLE}{/scm}
2019-07-13 12:47:25,972 INFO  server.AbstractConnector (AbstractConnector.java:doStart(278)) - Started ServerConnector@66a8751a{HTTP/1.1,[http/1.1]}{0.0.0.0:41911}
2019-07-13 12:47:25,973 INFO  server.Server (Server.java:doStart(419)) - Started @60830ms
2019-07-13 12:47:25,974 INFO  server.BaseHttpServer (BaseHttpServer.java:updateConnectorAddress(207)) - HTTP server of SCM is listening at http://0.0.0.0:41911
2019-07-13 12:47:25,974 WARN  server.ServerUtils (ServerUtils.java:getDBPath(222)) - ozone.om.db.dirs is not configured. We recommend adding this setting. Falling back to ozone.metadata.dirs instead.
2019-07-13 12:47:25,974 INFO  util.JvmPauseMonitor (JvmPauseMonitor.java:run(188)) - Starting JVM pause monitor
2019-07-13 12:47:25,980 WARN  server.ServerUtils (ServerUtils.java:getDBPath(222)) - ozone.om.db.dirs is not configured. We recommend adding this setting. Falling back to ozone.metadata.dirs instead.
2019-07-13 12:47:25,981 INFO  om.OzoneManager (OzoneManager.java:setOMNodeDetails(630)) - OM Service ID is not set. Setting it to the default ID: omServiceIdDefault
2019-07-13 12:47:25,981 INFO  om.OzoneManager (OzoneManager.java:setOMNodeDetails(636)) - OM Node ID is not set. Setting it to the OmStorage's OmID: 1c86f578-59a2-48d8-84f8-9f7700d071ca
2019-07-13 12:47:25,981 INFO  om.OzoneManager (OzoneManager.java:loadOMHAConfigs(587)) - Found matching OM address with OMServiceId: null, OMNodeId: null, RPC Address: localhost:0 and Ratis port: 9872
2019-07-13 12:47:25,991 WARN  server.ServerUtils (ServerUtils.java:getDBPath(222)) - ozone.om.db.dirs is not configured. We recommend adding this setting. Falling back to ozone.metadata.dirs instead.
2019-07-13 12:47:25,991 INFO  db.DBStoreBuilder (DBStoreBuilder.java:addTable(110)) - using custom profile for table: userTable
2019-07-13 12:47:25,991 INFO  db.DBStoreBuilder (DBStoreBuilder.java:processTables(161)) - Using default column profile:DBProfile.DISK for Table:userTable
2019-07-13 12:47:25,992 INFO  db.DBStoreBuilder (DBStoreBuilder.java:addTable(110)) - using custom profile for table: volumeTable
2019-07-13 12:47:25,992 INFO  db.DBStoreBuilder (DBStoreBuilder.java:processTables(161)) - Using default column profile:DBProfile.DISK for Table:volumeTable
2019-07-13 12:47:25,992 INFO  db.DBStoreBuilder (DBStoreBuilder.java:addTable(110)) - using custom profile for table: bucketTable
2019-07-13 12:47:25,992 INFO  db.DBStoreBuilder (DBStoreBuilder.java:processTables(161)) - Using default column profile:DBProfile.DISK for Table:bucketTable
2019-07-13 12:47:25,992 INFO  db.DBStoreBuilder (DBStoreBuilder.java:addTable(110)) - using custom profile for table: keyTable
2019-07-13 12:47:25,992 INFO  db.DBStoreBuilder (DBStoreBuilder.java:processTables(161)) - Using default column profile:DBProfile.DISK for Table:keyTable
2019-07-13 12:47:25,993 INFO  db.DBStoreBuilder (DBStoreBuilder.java:addTable(110)) - using custom profile for table: deletedTable
2019-07-13 12:47:25,993 INFO  db.DBStoreBuilder (DBStoreBuilder.java:processTables(161)) - Using default column profile:DBProfile.DISK for Table:deletedTable
2019-07-13 12:47:25,993 INFO  db.DBStoreBuilder (DBStoreBuilder.java:addTable(110)) - using custom profile for table: openKeyTable
2019-07-13 12:47:25,993 INFO  db.DBStoreBuilder (DBStoreBuilder.java:processTables(161)) - Using default column profile:DBProfile.DISK for Table:openKeyTable
2019-07-13 12:47:25,993 INFO  db.DBStoreBuilder (DBStoreBuilder.java:addTable(110)) - using custom profile for table: s3Table
2019-07-13 12:47:25,993 INFO  db.DBStoreBuilder (DBStoreBuilder.java:processTables(161)) - Using default column profile:DBProfile.DISK for Table:s3Table
2019-07-13 12:47:25,994 INFO  db.DBStoreBuilder (DBStoreBuilder.java:addTable(110)) - using custom profile for table: multipartInfoTable
2019-07-13 12:47:25,994 INFO  db.DBStoreBuilder (DBStoreBuilder.java:processTables(161)) - Using default column profile:DBProfile.DISK for Table:multipartInfoTable
2019-07-13 12:47:25,994 INFO  db.DBStoreBuilder (DBStoreBuilder.java:addTable(110)) - using custom profile for table: dTokenTable
2019-07-13 12:47:25,994 INFO  db.DBStoreBuilder (DBStoreBuilder.java:processTables(161)) - Using default column profile:DBProfile.DISK for Table:dTokenTable
2019-07-13 12:47:25,994 INFO  db.DBStoreBuilder (DBStoreBuilder.java:addTable(110)) - using custom profile for table: s3SecretTable
2019-07-13 12:47:25,994 INFO  db.DBStoreBuilder (DBStoreBuilder.java:processTables(161)) - Using default column profile:DBProfile.DISK for Table:s3SecretTable
2019-07-13 12:47:25,994 INFO  db.DBStoreBuilder (DBStoreBuilder.java:addTable(110)) - using custom profile for table: prefixTable
2019-07-13 12:47:25,995 INFO  db.DBStoreBuilder (DBStoreBuilder.java:processTables(161)) - Using default column profile:DBProfile.DISK for Table:prefixTable
2019-07-13 12:47:25,995 INFO  db.DBStoreBuilder (DBStoreBuilder.java:addTable(110)) - using custom profile for table: default
2019-07-13 12:47:25,995 INFO  db.DBStoreBuilder (DBStoreBuilder.java:processTables(167)) - Using default column profile:DBProfile.DISK for Table:default
2019-07-13 12:47:25,995 INFO  db.DBStoreBuilder (DBStoreBuilder.java:getDbProfile(198)) - Using default options. DBProfile.DISK
2019-07-13 12:47:26,212 INFO  ipc.CallQueueManager (CallQueueManager.java:<init>(84)) - Using callQueue: class java.util.concurrent.LinkedBlockingQueue, queueCapacity: 2000, scheduler: class org.apache.hadoop.ipc.DefaultRpcScheduler, ipcBackoff: false.
2019-07-13 12:47:26,213 INFO  ipc.Server (Server.java:run(1074)) - Starting Socket Reader #1 for port 36470
2019-07-13 12:47:26,226 WARN  server.ServerUtils (ServerUtils.java:getDBPath(222)) - ozone.om.db.dirs is not configured. We recommend adding this setting. Falling back to ozone.metadata.dirs instead.
2019-07-13 12:47:26,226 INFO  om.OzoneManager (OzoneManager.java:start(1228)) - OzoneManager RPC server is listening at localhost/127.0.0.1:36470
2019-07-13 12:47:26,226 INFO  impl.MetricsSystemImpl (MetricsSystemImpl.java:init(158)) - OzoneManager metrics system started (again)
2019-07-13 12:47:26,227 INFO  ipc.Server (Server.java:run(1314)) - IPC Server Responder: starting
2019-07-13 12:47:26,227 INFO  ipc.Server (Server.java:run(1153)) - IPC Server listener on 36470: starting
2019-07-13 12:47:26,236 INFO  hdfs.DFSUtil (DFSUtil.java:httpServerTemplateForNNAndJN(1641)) - Starting Web-server for ozoneManager at: http://0.0.0.0:0
2019-07-13 12:47:26,238 INFO  server.AuthenticationFilter (AuthenticationFilter.java:constructSecretProvider(240)) - Unable to initialize FileSignerSecretProvider, falling back to use random secrets.
2019-07-13 12:47:26,238 WARN  http.HttpRequestLog (HttpRequestLog.java:getRequestLog(97)) - Jetty request log can only be enabled using Log4j
2019-07-13 12:47:26,240 INFO  http.HttpServer2 (HttpServer2.java:addGlobalFilter(975)) - Added global filter 'safety' (class=org.apache.hadoop.http.HttpServer2$QuotingInputFilter)
2019-07-13 12:47:26,240 INFO  http.HttpServer2 (HttpServer2.java:addFilter(948)) - Added filter static_user_filter (class=org.apache.hadoop.http.lib.StaticUserWebFilter$StaticUserFilter) to context ozoneManager
2019-07-13 12:47:26,240 INFO  http.HttpServer2 (HttpServer2.java:addFilter(958)) - Added filter static_user_filter (class=org.apache.hadoop.http.lib.StaticUserWebFilter$StaticUserFilter) to context logs
2019-07-13 12:47:26,240 INFO  http.HttpServer2 (HttpServer2.java:addFilter(958)) - Added filter static_user_filter (class=org.apache.hadoop.http.lib.StaticUserWebFilter$StaticUserFilter) to context static
2019-07-13 12:47:26,241 INFO  http.HttpServer2 (HttpServer2.java:bindListener(1191)) - Jetty bound to port 39105
2019-07-13 12:47:26,241 INFO  server.Server (Server.java:doStart(351)) - jetty-9.3.24.v20180605, build timestamp: 2018-06-05T17:11:56Z, git hash: 84205aa28f11a4f31f2a3b86d1bba2cc8ab69827
2019-07-13 12:47:26,243 INFO  handler.ContextHandler (ContextHandler.java:doStart(781)) - Started o.e.j.s.ServletContextHandler@4ac7856f{/logs,file:///tmp/workdir/hadoop-ozone/integration-test/target/log,AVAILABLE}
2019-07-13 12:47:26,243 INFO  handler.ContextHandler (ContextHandler.java:doStart(781)) - Started o.e.j.s.ServletContextHandler@297c3a43{/static,file:///tmp/workdir/hadoop-ozone/integration-test/target/test-classes/webapps/static,AVAILABLE}
2019-07-13 12:47:26,247 INFO  handler.ContextHandler (ContextHandler.java:doStart(781)) - Started o.e.j.w.WebAppContext@54e94de9{/,file:///tmp/workdir/hadoop-ozone/integration-test/target/test-classes/webapps/ozoneManager/,AVAILABLE}{/ozoneManager}
2019-07-13 12:47:26,247 INFO  server.AbstractConnector (AbstractConnector.java:doStart(278)) - Started ServerConnector@2cff03cf{HTTP/1.1,[http/1.1]}{0.0.0.0:39105}
2019-07-13 12:47:26,249 INFO  server.Server (Server.java:doStart(419)) - Started @61106ms
2019-07-13 12:47:26,249 INFO  server.BaseHttpServer (BaseHttpServer.java:updateConnectorAddress(207)) - HTTP server of OZONEMANAGER is listening at http://0.0.0.0:39105
2019-07-13 12:47:26,262 INFO  impl.MetricsSystemImpl (MetricsSystemImpl.java:init(158)) - HddsDatanode metrics system started (again)
2019-07-13 12:47:26,262 INFO  ozone.HddsDatanodeService (HddsDatanodeService.java:start(185)) - HddsDatanodeService host:trunk-nightly-q2gwj-1111726333 ip:192.168.5.181
2019-07-13 12:47:26,272 INFO  volume.HddsVolume (HddsVolume.java:<init>(176)) - Creating Volume: /tmp/workdir/hadoop-ozone/integration-test/target/test-dir/MiniOzoneClusterImpl-71be8316-c956-478f-8692-802690e61dc7/datanode-0/data/containers/hdds of  storage type : DISK and capacity : 52710309888
2019-07-13 12:47:26,272 INFO  volume.VolumeSet (VolumeSet.java:initializeVolumeSet(170)) - Added Volume : /tmp/workdir/hadoop-ozone/integration-test/target/test-dir/MiniOzoneClusterImpl-71be8316-c956-478f-8692-802690e61dc7/datanode-0/data/containers/hdds to VolumeSet
2019-07-13 12:47:26,273 INFO  volume.ThrottledAsyncChecker (ThrottledAsyncChecker.java:schedule(140)) - Scheduling a check for org.apache.hadoop.ozone.container.common.volume.HddsVolume@24d7657b
2019-07-13 12:47:26,273 INFO  volume.HddsVolumeChecker (HddsVolumeChecker.java:checkAllVolumes(203)) - Scheduled health check for volume org.apache.hadoop.ozone.container.common.volume.HddsVolume@24d7657b
2019-07-13 12:47:26,287 INFO  impl.RaftServerProxy (ConfUtils.java:logGet(43)) - raft.rpc.type = GRPC (default)
2019-07-13 12:47:26,287 INFO  grpc.GrpcFactory (GrpcFactory.java:checkPooledByteBufAllocatorUseCacheForAllThreads(45)) - PERFORMANCE WARNING: useCacheForAllThreads is true that may cause Netty to create a lot garbage objects and, as a result, trigger GC.
	It is recommended to disable useCacheForAllThreads by setting -Dorg.apache.ratis.thirdparty.io.netty.allocator.useCacheForAllThreads=false in command line.
2019-07-13 12:47:26,287 INFO  grpc.GrpcConfigKeys$Server (ConfUtils.java:logGet(43)) - raft.grpc.server.port = 0 (default)
2019-07-13 12:47:26,287 INFO  server.GrpcService (ConfUtils.java:logGet(43)) - raft.grpc.message.size.max = 33570816 (custom)
2019-07-13 12:47:26,288 INFO  server.RaftServerConfigKeys (ConfUtils.java:logGet(43)) - raft.server.log.appender.buffer.byte-limit = 33554432 (custom)
2019-07-13 12:47:26,288 INFO  server.GrpcService (ConfUtils.java:logGet(43)) - raft.grpc.flow.control.window = 1MB (=1048576) (default)
2019-07-13 12:47:26,288 INFO  server.RaftServerConfigKeys (ConfUtils.java:logGet(43)) - raft.server.rpc.request.timeout = 3000ms (default)
2019-07-13 12:47:26,289 INFO  server.RaftServerConfigKeys (ConfUtils.java:logGet(43)) - raft.server.storage.dir = [/tmp/workdir/hadoop-ozone/integration-test/target/test-dir/MiniOzoneClusterImpl-71be8316-c956-478f-8692-802690e61dc7/datanode-0/data/ratis] (custom)
2019-07-13 12:47:26,289 INFO  replication.SimpleContainerDownloader (SimpleContainerDownloader.java:<init>(72)) - Starting container downloader service to copy containers to replicate.
2019-07-13 12:47:26,290 INFO  hdfs.DFSUtil (DFSUtil.java:httpServerTemplateForNNAndJN(1641)) - Starting Web-server for hddsDatanode at: http://0.0.0.0:0
2019-07-13 12:47:26,291 INFO  server.AuthenticationFilter (AuthenticationFilter.java:constructSecretProvider(240)) - Unable to initialize FileSignerSecretProvider, falling back to use random secrets.
2019-07-13 12:47:26,291 WARN  http.HttpRequestLog (HttpRequestLog.java:getRequestLog(97)) - Jetty request log can only be enabled using Log4j
2019-07-13 12:47:26,292 INFO  http.HttpServer2 (HttpServer2.java:addGlobalFilter(975)) - Added global filter 'safety' (class=org.apache.hadoop.http.HttpServer2$QuotingInputFilter)
2019-07-13 12:47:26,293 INFO  http.HttpServer2 (HttpServer2.java:addFilter(948)) - Added filter static_user_filter (class=org.apache.hadoop.http.lib.StaticUserWebFilter$StaticUserFilter) to context hddsDatanode
2019-07-13 12:47:26,293 INFO  http.HttpServer2 (HttpServer2.java:addFilter(958)) - Added filter static_user_filter (class=org.apache.hadoop.http.lib.StaticUserWebFilter$StaticUserFilter) to context logs
2019-07-13 12:47:26,293 INFO  http.HttpServer2 (HttpServer2.java:addFilter(958)) - Added filter static_user_filter (class=org.apache.hadoop.http.lib.StaticUserWebFilter$StaticUserFilter) to context static
2019-07-13 12:47:26,294 INFO  http.HttpServer2 (HttpServer2.java:bindListener(1191)) - Jetty bound to port 37080
2019-07-13 12:47:26,294 INFO  server.Server (Server.java:doStart(351)) - jetty-9.3.24.v20180605, build timestamp: 2018-06-05T17:11:56Z, git hash: 84205aa28f11a4f31f2a3b86d1bba2cc8ab69827
2019-07-13 12:47:26,296 INFO  handler.ContextHandler (ContextHandler.java:doStart(781)) - Started o.e.j.s.ServletContextHandler@38b54694{/logs,file:///tmp/workdir/hadoop-ozone/integration-test/target/log,AVAILABLE}
2019-07-13 12:47:26,296 INFO  handler.ContextHandler (ContextHandler.java:doStart(781)) - Started o.e.j.s.ServletContextHandler@39ead1b7{/static,jar:file:/home/user/.m2/repository/org/apache/hadoop/hadoop-hdds-container-service/0.5.0-SNAPSHOT/hadoop-hdds-container-service-0.5.0-SNAPSHOT.jar!/webapps/static,AVAILABLE}
2019-07-13 12:47:26,322 INFO  handler.ContextHandler (ContextHandler.java:doStart(781)) - Started o.e.j.w.WebAppContext@2792c28{/,file:///tmp/jetty-0.0.0.0-37080-hddsDatanode-_-any-9135539613826993465.dir/webapp/,AVAILABLE}{/hddsDatanode}
2019-07-13 12:47:26,323 INFO  server.AbstractConnector (AbstractConnector.java:doStart(278)) - Started ServerConnector@6fa7ce4{HTTP/1.1,[http/1.1]}{0.0.0.0:37080}
2019-07-13 12:47:26,325 INFO  server.Server (Server.java:doStart(419)) - Started @61182ms
2019-07-13 12:47:26,325 INFO  server.BaseHttpServer (BaseHttpServer.java:updateConnectorAddress(207)) - HTTP server of HDDSDATANODE is listening at http://0.0.0.0:37080
2019-07-13 12:47:26,433 INFO  ozone.HddsDatanodeService (HddsDatanodeService.java:startPlugins(396)) - Started plug-in org.apache.hadoop.ozone.web.OzoneHddsDatanodeService@b3004e
2019-07-13 12:47:26,434 INFO  impl.MetricsSystemImpl (MetricsSystemImpl.java:init(158)) - HddsDatanode metrics system started (again)
2019-07-13 12:47:26,434 INFO  ozone.HddsDatanodeService (HddsDatanodeService.java:start(185)) - HddsDatanodeService host:trunk-nightly-q2gwj-1111726333 ip:192.168.5.181
2019-07-13 12:47:26,435 INFO  util.JvmPauseMonitor (JvmPauseMonitor.java:run(188)) - Starting JVM pause monitor
2019-07-13 12:47:26,438 INFO  datanode.InitDatanodeState (InitDatanodeState.java:persistContainerDatanodeDetails(140)) - DatanodeDetails is persisted to /tmp/workdir/hadoop-ozone/integration-test/target/test-dir/MiniOzoneClusterImpl-71be8316-c956-478f-8692-802690e61dc7/datanode-0/meta/datanode.id
2019-07-13 12:47:26,444 INFO  volume.HddsVolume (HddsVolume.java:<init>(176)) - Creating Volume: /tmp/workdir/hadoop-ozone/integration-test/target/test-dir/MiniOzoneClusterImpl-71be8316-c956-478f-8692-802690e61dc7/datanode-1/data/containers/hdds of  storage type : DISK and capacity : 52710309888
2019-07-13 12:47:26,444 INFO  volume.VolumeSet (VolumeSet.java:initializeVolumeSet(170)) - Added Volume : /tmp/workdir/hadoop-ozone/integration-test/target/test-dir/MiniOzoneClusterImpl-71be8316-c956-478f-8692-802690e61dc7/datanode-1/data/containers/hdds to VolumeSet
2019-07-13 12:47:26,445 INFO  volume.ThrottledAsyncChecker (ThrottledAsyncChecker.java:schedule(140)) - Scheduling a check for org.apache.hadoop.ozone.container.common.volume.HddsVolume@3b8b4846
2019-07-13 12:47:26,445 INFO  volume.HddsVolumeChecker (HddsVolumeChecker.java:checkAllVolumes(203)) - Scheduled health check for volume org.apache.hadoop.ozone.container.common.volume.HddsVolume@3b8b4846
2019-07-13 12:47:26,459 INFO  impl.RaftServerProxy (ConfUtils.java:logGet(43)) - raft.rpc.type = GRPC (default)
2019-07-13 12:47:26,459 INFO  grpc.GrpcFactory (GrpcFactory.java:checkPooledByteBufAllocatorUseCacheForAllThreads(45)) - PERFORMANCE WARNING: useCacheForAllThreads is true that may cause Netty to create a lot garbage objects and, as a result, trigger GC.
	It is recommended to disable useCacheForAllThreads by setting -Dorg.apache.ratis.thirdparty.io.netty.allocator.useCacheForAllThreads=false in command line.
2019-07-13 12:47:26,460 INFO  grpc.GrpcConfigKeys$Server (ConfUtils.java:logGet(43)) - raft.grpc.server.port = 0 (default)
2019-07-13 12:47:26,460 INFO  server.GrpcService (ConfUtils.java:logGet(43)) - raft.grpc.message.size.max = 33570816 (custom)
2019-07-13 12:47:26,460 INFO  server.RaftServerConfigKeys (ConfUtils.java:logGet(43)) - raft.server.log.appender.buffer.byte-limit = 33554432 (custom)
2019-07-13 12:47:26,460 INFO  server.GrpcService (ConfUtils.java:logGet(43)) - raft.grpc.flow.control.window = 1MB (=1048576) (default)
2019-07-13 12:47:26,460 INFO  server.RaftServerConfigKeys (ConfUtils.java:logGet(43)) - raft.server.rpc.request.timeout = 3000ms (default)
2019-07-13 12:47:26,461 INFO  server.RaftServerConfigKeys (ConfUtils.java:logGet(43)) - raft.server.storage.dir = [/tmp/workdir/hadoop-ozone/integration-test/target/test-dir/MiniOzoneClusterImpl-71be8316-c956-478f-8692-802690e61dc7/datanode-1/data/ratis] (custom)
2019-07-13 12:47:26,461 INFO  replication.SimpleContainerDownloader (SimpleContainerDownloader.java:<init>(72)) - Starting container downloader service to copy containers to replicate.
2019-07-13 12:47:26,463 INFO  hdfs.DFSUtil (DFSUtil.java:httpServerTemplateForNNAndJN(1641)) - Starting Web-server for hddsDatanode at: http://0.0.0.0:0
2019-07-13 12:47:26,473 INFO  server.AuthenticationFilter (AuthenticationFilter.java:constructSecretProvider(240)) - Unable to initialize FileSignerSecretProvider, falling back to use random secrets.
2019-07-13 12:47:26,474 WARN  http.HttpRequestLog (HttpRequestLog.java:getRequestLog(97)) - Jetty request log can only be enabled using Log4j
2019-07-13 12:47:26,475 INFO  http.HttpServer2 (HttpServer2.java:addGlobalFilter(975)) - Added global filter 'safety' (class=org.apache.hadoop.http.HttpServer2$QuotingInputFilter)
2019-07-13 12:47:26,476 INFO  http.HttpServer2 (HttpServer2.java:addFilter(948)) - Added filter static_user_filter (class=org.apache.hadoop.http.lib.StaticUserWebFilter$StaticUserFilter) to context hddsDatanode
2019-07-13 12:47:26,476 INFO  http.HttpServer2 (HttpServer2.java:addFilter(958)) - Added filter static_user_filter (class=org.apache.hadoop.http.lib.StaticUserWebFilter$StaticUserFilter) to context static
2019-07-13 12:47:26,476 INFO  http.HttpServer2 (HttpServer2.java:addFilter(958)) - Added filter static_user_filter (class=org.apache.hadoop.http.lib.StaticUserWebFilter$StaticUserFilter) to context logs
2019-07-13 12:47:26,476 INFO  http.HttpServer2 (HttpServer2.java:bindListener(1191)) - Jetty bound to port 33076
2019-07-13 12:47:26,477 INFO  server.Server (Server.java:doStart(351)) - jetty-9.3.24.v20180605, build timestamp: 2018-06-05T17:11:56Z, git hash: 84205aa28f11a4f31f2a3b86d1bba2cc8ab69827
2019-07-13 12:47:26,478 INFO  handler.ContextHandler (ContextHandler.java:doStart(781)) - Started o.e.j.s.ServletContextHandler@72b10258{/logs,file:///tmp/workdir/hadoop-ozone/integration-test/target/log,AVAILABLE}
2019-07-13 12:47:26,479 INFO  handler.ContextHandler (ContextHandler.java:doStart(781)) - Started o.e.j.s.ServletContextHandler@35af1558{/static,jar:file:/home/user/.m2/repository/org/apache/hadoop/hadoop-hdds-container-service/0.5.0-SNAPSHOT/hadoop-hdds-container-service-0.5.0-SNAPSHOT.jar!/webapps/static,AVAILABLE}
2019-07-13 12:47:26,506 INFO  handler.ContextHandler (ContextHandler.java:doStart(781)) - Started o.e.j.w.WebAppContext@73a116d{/,file:///tmp/jetty-0.0.0.0-33076-hddsDatanode-_-any-7697322334278997185.dir/webapp/,AVAILABLE}{/hddsDatanode}
2019-07-13 12:47:26,506 INFO  server.AbstractConnector (AbstractConnector.java:doStart(278)) - Started ServerConnector@205f52ea{HTTP/1.1,[http/1.1]}{0.0.0.0:33076}
2019-07-13 12:47:26,514 INFO  server.Server (Server.java:doStart(419)) - Started @61371ms
2019-07-13 12:47:26,515 INFO  server.BaseHttpServer (BaseHttpServer.java:updateConnectorAddress(207)) - HTTP server of HDDSDATANODE is listening at http://0.0.0.0:33076
2019-07-13 12:47:26,649 INFO  ozone.HddsDatanodeService (HddsDatanodeService.java:startPlugins(396)) - Started plug-in org.apache.hadoop.ozone.web.OzoneHddsDatanodeService@3a589eed
2019-07-13 12:47:26,649 INFO  impl.MetricsSystemImpl (MetricsSystemImpl.java:init(158)) - HddsDatanode metrics system started (again)
2019-07-13 12:47:26,649 INFO  ozone.HddsDatanodeService (HddsDatanodeService.java:start(185)) - HddsDatanodeService host:trunk-nightly-q2gwj-1111726333 ip:192.168.5.181
2019-07-13 12:47:26,651 INFO  util.JvmPauseMonitor (JvmPauseMonitor.java:run(188)) - Starting JVM pause monitor
2019-07-13 12:47:26,653 INFO  datanode.InitDatanodeState (InitDatanodeState.java:persistContainerDatanodeDetails(140)) - DatanodeDetails is persisted to /tmp/workdir/hadoop-ozone/integration-test/target/test-dir/MiniOzoneClusterImpl-71be8316-c956-478f-8692-802690e61dc7/datanode-1/meta/datanode.id
2019-07-13 12:47:26,659 INFO  volume.HddsVolume (HddsVolume.java:<init>(176)) - Creating Volume: /tmp/workdir/hadoop-ozone/integration-test/target/test-dir/MiniOzoneClusterImpl-71be8316-c956-478f-8692-802690e61dc7/datanode-2/data/containers/hdds of  storage type : DISK and capacity : 52710309888
2019-07-13 12:47:26,659 INFO  volume.VolumeSet (VolumeSet.java:initializeVolumeSet(170)) - Added Volume : /tmp/workdir/hadoop-ozone/integration-test/target/test-dir/MiniOzoneClusterImpl-71be8316-c956-478f-8692-802690e61dc7/datanode-2/data/containers/hdds to VolumeSet
2019-07-13 12:47:26,659 INFO  volume.ThrottledAsyncChecker (ThrottledAsyncChecker.java:schedule(140)) - Scheduling a check for org.apache.hadoop.ozone.container.common.volume.HddsVolume@33e4068
2019-07-13 12:47:26,660 INFO  volume.HddsVolumeChecker (HddsVolumeChecker.java:checkAllVolumes(203)) - Scheduled health check for volume org.apache.hadoop.ozone.container.common.volume.HddsVolume@33e4068
2019-07-13 12:47:26,678 INFO  impl.RaftServerProxy (ConfUtils.java:logGet(43)) - raft.rpc.type = GRPC (default)
2019-07-13 12:47:26,678 INFO  grpc.GrpcFactory (GrpcFactory.java:checkPooledByteBufAllocatorUseCacheForAllThreads(45)) - PERFORMANCE WARNING: useCacheForAllThreads is true that may cause Netty to create a lot garbage objects and, as a result, trigger GC.
	It is recommended to disable useCacheForAllThreads by setting -Dorg.apache.ratis.thirdparty.io.netty.allocator.useCacheForAllThreads=false in command line.
2019-07-13 12:47:26,679 INFO  grpc.GrpcConfigKeys$Server (ConfUtils.java:logGet(43)) - raft.grpc.server.port = 0 (default)
2019-07-13 12:47:26,679 INFO  server.GrpcService (ConfUtils.java:logGet(43)) - raft.grpc.message.size.max = 33570816 (custom)
2019-07-13 12:47:26,679 INFO  server.RaftServerConfigKeys (ConfUtils.java:logGet(43)) - raft.server.log.appender.buffer.byte-limit = 33554432 (custom)
2019-07-13 12:47:26,679 INFO  server.GrpcService (ConfUtils.java:logGet(43)) - raft.grpc.flow.control.window = 1MB (=1048576) (default)
2019-07-13 12:47:26,679 INFO  server.RaftServerConfigKeys (ConfUtils.java:logGet(43)) - raft.server.rpc.request.timeout = 3000ms (default)
2019-07-13 12:47:26,680 INFO  server.RaftServerConfigKeys (ConfUtils.java:logGet(43)) - raft.server.storage.dir = [/tmp/workdir/hadoop-ozone/integration-test/target/test-dir/MiniOzoneClusterImpl-71be8316-c956-478f-8692-802690e61dc7/datanode-2/data/ratis] (custom)
2019-07-13 12:47:26,680 INFO  replication.SimpleContainerDownloader (SimpleContainerDownloader.java:<init>(72)) - Starting container downloader service to copy containers to replicate.
2019-07-13 12:47:26,681 INFO  hdfs.DFSUtil (DFSUtil.java:httpServerTemplateForNNAndJN(1641)) - Starting Web-server for hddsDatanode at: http://0.0.0.0:0
2019-07-13 12:47:26,682 INFO  server.AuthenticationFilter (AuthenticationFilter.java:constructSecretProvider(240)) - Unable to initialize FileSignerSecretProvider, falling back to use random secrets.
2019-07-13 12:47:26,683 WARN  http.HttpRequestLog (HttpRequestLog.java:getRequestLog(97)) - Jetty request log can only be enabled using Log4j
2019-07-13 12:47:26,684 INFO  http.HttpServer2 (HttpServer2.java:addGlobalFilter(975)) - Added global filter 'safety' (class=org.apache.hadoop.http.HttpServer2$QuotingInputFilter)
2019-07-13 12:47:26,684 INFO  http.HttpServer2 (HttpServer2.java:addFilter(948)) - Added filter static_user_filter (class=org.apache.hadoop.http.lib.StaticUserWebFilter$StaticUserFilter) to context hddsDatanode
2019-07-13 12:47:26,684 INFO  http.HttpServer2 (HttpServer2.java:addFilter(958)) - Added filter static_user_filter (class=org.apache.hadoop.http.lib.StaticUserWebFilter$StaticUserFilter) to context logs
2019-07-13 12:47:26,684 INFO  http.HttpServer2 (HttpServer2.java:addFilter(958)) - Added filter static_user_filter (class=org.apache.hadoop.http.lib.StaticUserWebFilter$StaticUserFilter) to context static
2019-07-13 12:47:26,685 INFO  http.HttpServer2 (HttpServer2.java:bindListener(1191)) - Jetty bound to port 37751
2019-07-13 12:47:26,685 INFO  server.Server (Server.java:doStart(351)) - jetty-9.3.24.v20180605, build timestamp: 2018-06-05T17:11:56Z, git hash: 84205aa28f11a4f31f2a3b86d1bba2cc8ab69827
2019-07-13 12:47:26,687 INFO  handler.ContextHandler (ContextHandler.java:doStart(781)) - Started o.e.j.s.ServletContextHandler@6bfbab1c{/logs,file:///tmp/workdir/hadoop-ozone/integration-test/target/log,AVAILABLE}
2019-07-13 12:47:26,687 INFO  handler.ContextHandler (ContextHandler.java:doStart(781)) - Started o.e.j.s.ServletContextHandler@3700994c{/static,jar:file:/home/user/.m2/repository/org/apache/hadoop/hadoop-hdds-container-service/0.5.0-SNAPSHOT/hadoop-hdds-container-service-0.5.0-SNAPSHOT.jar!/webapps/static,AVAILABLE}
2019-07-13 12:47:26,708 INFO  handler.ContextHandler (ContextHandler.java:doStart(781)) - Started o.e.j.w.WebAppContext@7be859de{/,file:///tmp/jetty-0.0.0.0-37751-hddsDatanode-_-any-4176838224445593604.dir/webapp/,AVAILABLE}{/hddsDatanode}
2019-07-13 12:47:26,708 INFO  server.AbstractConnector (AbstractConnector.java:doStart(278)) - Started ServerConnector@40fcaae7{HTTP/1.1,[http/1.1]}{0.0.0.0:37751}
2019-07-13 12:47:26,710 INFO  server.Server (Server.java:doStart(419)) - Started @61567ms
2019-07-13 12:47:26,711 INFO  server.BaseHttpServer (BaseHttpServer.java:updateConnectorAddress(207)) - HTTP server of HDDSDATANODE is listening at http://0.0.0.0:37751
2019-07-13 12:47:26,799 INFO  ozone.HddsDatanodeService (HddsDatanodeService.java:startPlugins(396)) - Started plug-in org.apache.hadoop.ozone.web.OzoneHddsDatanodeService@a2fb8a5
2019-07-13 12:47:26,799 INFO  impl.MetricsSystemImpl (MetricsSystemImpl.java:init(158)) - HddsDatanode metrics system started (again)
2019-07-13 12:47:26,800 INFO  ozone.HddsDatanodeService (HddsDatanodeService.java:start(185)) - HddsDatanodeService host:trunk-nightly-q2gwj-1111726333 ip:192.168.5.181
2019-07-13 12:47:26,801 INFO  util.JvmPauseMonitor (JvmPauseMonitor.java:run(188)) - Starting JVM pause monitor
2019-07-13 12:47:26,803 INFO  datanode.InitDatanodeState (InitDatanodeState.java:persistContainerDatanodeDetails(140)) - DatanodeDetails is persisted to /tmp/workdir/hadoop-ozone/integration-test/target/test-dir/MiniOzoneClusterImpl-71be8316-c956-478f-8692-802690e61dc7/datanode-2/meta/datanode.id
2019-07-13 12:47:26,819 INFO  volume.HddsVolume (HddsVolume.java:<init>(176)) - Creating Volume: /tmp/workdir/hadoop-ozone/integration-test/target/test-dir/MiniOzoneClusterImpl-71be8316-c956-478f-8692-802690e61dc7/datanode-3/data/containers/hdds of  storage type : DISK and capacity : 52710309888
2019-07-13 12:47:26,820 INFO  volume.VolumeSet (VolumeSet.java:initializeVolumeSet(170)) - Added Volume : /tmp/workdir/hadoop-ozone/integration-test/target/test-dir/MiniOzoneClusterImpl-71be8316-c956-478f-8692-802690e61dc7/datanode-3/data/containers/hdds to VolumeSet
2019-07-13 12:47:26,820 INFO  volume.ThrottledAsyncChecker (ThrottledAsyncChecker.java:schedule(140)) - Scheduling a check for org.apache.hadoop.ozone.container.common.volume.HddsVolume@17477bbb
2019-07-13 12:47:26,820 INFO  volume.HddsVolumeChecker (HddsVolumeChecker.java:checkAllVolumes(203)) - Scheduled health check for volume org.apache.hadoop.ozone.container.common.volume.HddsVolume@17477bbb
2019-07-13 12:47:26,837 INFO  impl.RaftServerProxy (ConfUtils.java:logGet(43)) - raft.rpc.type = GRPC (default)
2019-07-13 12:47:26,837 INFO  grpc.GrpcFactory (GrpcFactory.java:checkPooledByteBufAllocatorUseCacheForAllThreads(45)) - PERFORMANCE WARNING: useCacheForAllThreads is true that may cause Netty to create a lot garbage objects and, as a result, trigger GC.
	It is recommended to disable useCacheForAllThreads by setting -Dorg.apache.ratis.thirdparty.io.netty.allocator.useCacheForAllThreads=false in command line.
2019-07-13 12:47:26,837 INFO  grpc.GrpcConfigKeys$Server (ConfUtils.java:logGet(43)) - raft.grpc.server.port = 0 (default)
2019-07-13 12:47:26,837 INFO  server.GrpcService (ConfUtils.java:logGet(43)) - raft.grpc.message.size.max = 33570816 (custom)
2019-07-13 12:47:26,837 INFO  server.RaftServerConfigKeys (ConfUtils.java:logGet(43)) - raft.server.log.appender.buffer.byte-limit = 33554432 (custom)
2019-07-13 12:47:26,837 INFO  server.GrpcService (ConfUtils.java:logGet(43)) - raft.grpc.flow.control.window = 1MB (=1048576) (default)
2019-07-13 12:47:26,838 INFO  server.RaftServerConfigKeys (ConfUtils.java:logGet(43)) - raft.server.rpc.request.timeout = 3000ms (default)
2019-07-13 12:47:26,838 INFO  server.RaftServerConfigKeys (ConfUtils.java:logGet(43)) - raft.server.storage.dir = [/tmp/workdir/hadoop-ozone/integration-test/target/test-dir/MiniOzoneClusterImpl-71be8316-c956-478f-8692-802690e61dc7/datanode-3/data/ratis] (custom)
2019-07-13 12:47:26,838 INFO  replication.SimpleContainerDownloader (SimpleContainerDownloader.java:<init>(72)) - Starting container downloader service to copy containers to replicate.
2019-07-13 12:47:26,840 INFO  hdfs.DFSUtil (DFSUtil.java:httpServerTemplateForNNAndJN(1641)) - Starting Web-server for hddsDatanode at: http://0.0.0.0:0
2019-07-13 12:47:26,840 INFO  server.AuthenticationFilter (AuthenticationFilter.java:constructSecretProvider(240)) - Unable to initialize FileSignerSecretProvider, falling back to use random secrets.
2019-07-13 12:47:26,841 WARN  http.HttpRequestLog (HttpRequestLog.java:getRequestLog(97)) - Jetty request log can only be enabled using Log4j
2019-07-13 12:47:26,842 INFO  http.HttpServer2 (HttpServer2.java:addGlobalFilter(975)) - Added global filter 'safety' (class=org.apache.hadoop.http.HttpServer2$QuotingInputFilter)
2019-07-13 12:47:26,842 INFO  http.HttpServer2 (HttpServer2.java:addFilter(948)) - Added filter static_user_filter (class=org.apache.hadoop.http.lib.StaticUserWebFilter$StaticUserFilter) to context hddsDatanode
2019-07-13 12:47:26,842 INFO  http.HttpServer2 (HttpServer2.java:addFilter(958)) - Added filter static_user_filter (class=org.apache.hadoop.http.lib.StaticUserWebFilter$StaticUserFilter) to context logs
2019-07-13 12:47:26,842 INFO  http.HttpServer2 (HttpServer2.java:addFilter(958)) - Added filter static_user_filter (class=org.apache.hadoop.http.lib.StaticUserWebFilter$StaticUserFilter) to context static
2019-07-13 12:47:26,843 INFO  http.HttpServer2 (HttpServer2.java:bindListener(1191)) - Jetty bound to port 37531
2019-07-13 12:47:26,843 INFO  server.Server (Server.java:doStart(351)) - jetty-9.3.24.v20180605, build timestamp: 2018-06-05T17:11:56Z, git hash: 84205aa28f11a4f31f2a3b86d1bba2cc8ab69827
2019-07-13 12:47:26,845 INFO  handler.ContextHandler (ContextHandler.java:doStart(781)) - Started o.e.j.s.ServletContextHandler@7f8cd5fc{/logs,file:///tmp/workdir/hadoop-ozone/integration-test/target/log,AVAILABLE}
2019-07-13 12:47:26,845 INFO  handler.ContextHandler (ContextHandler.java:doStart(781)) - Started o.e.j.s.ServletContextHandler@52f7fa65{/static,jar:file:/home/user/.m2/repository/org/apache/hadoop/hadoop-hdds-container-service/0.5.0-SNAPSHOT/hadoop-hdds-container-service-0.5.0-SNAPSHOT.jar!/webapps/static,AVAILABLE}
2019-07-13 12:47:26,866 INFO  handler.ContextHandler (ContextHandler.java:doStart(781)) - Started o.e.j.w.WebAppContext@29394966{/,file:///tmp/jetty-0.0.0.0-37531-hddsDatanode-_-any-4578566888404313830.dir/webapp/,AVAILABLE}{/hddsDatanode}
2019-07-13 12:47:26,866 INFO  server.AbstractConnector (AbstractConnector.java:doStart(278)) - Started ServerConnector@343727b5{HTTP/1.1,[http/1.1]}{0.0.0.0:37531}
2019-07-13 12:47:26,869 INFO  server.Server (Server.java:doStart(419)) - Started @61726ms
2019-07-13 12:47:26,870 INFO  server.BaseHttpServer (BaseHttpServer.java:updateConnectorAddress(207)) - HTTP server of HDDSDATANODE is listening at http://0.0.0.0:37531
2019-07-13 12:47:26,958 INFO  ozone.HddsDatanodeService (HddsDatanodeService.java:startPlugins(396)) - Started plug-in org.apache.hadoop.ozone.web.OzoneHddsDatanodeService@a1d926b
2019-07-13 12:47:26,959 INFO  impl.MetricsSystemImpl (MetricsSystemImpl.java:init(158)) - HddsDatanode metrics system started (again)
2019-07-13 12:47:26,959 INFO  ozone.HddsDatanodeService (HddsDatanodeService.java:start(185)) - HddsDatanodeService host:trunk-nightly-q2gwj-1111726333 ip:192.168.5.181
2019-07-13 12:47:26,960 INFO  util.JvmPauseMonitor (JvmPauseMonitor.java:run(188)) - Starting JVM pause monitor
2019-07-13 12:47:26,962 INFO  datanode.InitDatanodeState (InitDatanodeState.java:persistContainerDatanodeDetails(140)) - DatanodeDetails is persisted to /tmp/workdir/hadoop-ozone/integration-test/target/test-dir/MiniOzoneClusterImpl-71be8316-c956-478f-8692-802690e61dc7/datanode-3/meta/datanode.id
2019-07-13 12:47:26,970 INFO  volume.HddsVolume (HddsVolume.java:<init>(176)) - Creating Volume: /tmp/workdir/hadoop-ozone/integration-test/target/test-dir/MiniOzoneClusterImpl-71be8316-c956-478f-8692-802690e61dc7/datanode-4/data/containers/hdds of  storage type : DISK and capacity : 52710309888
2019-07-13 12:47:26,970 INFO  volume.VolumeSet (VolumeSet.java:initializeVolumeSet(170)) - Added Volume : /tmp/workdir/hadoop-ozone/integration-test/target/test-dir/MiniOzoneClusterImpl-71be8316-c956-478f-8692-802690e61dc7/datanode-4/data/containers/hdds to VolumeSet
2019-07-13 12:47:26,970 INFO  volume.ThrottledAsyncChecker (ThrottledAsyncChecker.java:schedule(140)) - Scheduling a check for org.apache.hadoop.ozone.container.common.volume.HddsVolume@73dd0f23
2019-07-13 12:47:26,971 INFO  volume.HddsVolumeChecker (HddsVolumeChecker.java:checkAllVolumes(203)) - Scheduled health check for volume org.apache.hadoop.ozone.container.common.volume.HddsVolume@73dd0f23
2019-07-13 12:47:26,984 INFO  impl.RaftServerProxy (ConfUtils.java:logGet(43)) - raft.rpc.type = GRPC (default)
2019-07-13 12:47:26,984 INFO  grpc.GrpcFactory (GrpcFactory.java:checkPooledByteBufAllocatorUseCacheForAllThreads(45)) - PERFORMANCE WARNING: useCacheForAllThreads is true that may cause Netty to create a lot garbage objects and, as a result, trigger GC.
	It is recommended to disable useCacheForAllThreads by setting -Dorg.apache.ratis.thirdparty.io.netty.allocator.useCacheForAllThreads=false in command line.
2019-07-13 12:47:26,984 INFO  grpc.GrpcConfigKeys$Server (ConfUtils.java:logGet(43)) - raft.grpc.server.port = 0 (default)
2019-07-13 12:47:26,984 INFO  server.GrpcService (ConfUtils.java:logGet(43)) - raft.grpc.message.size.max = 33570816 (custom)
2019-07-13 12:47:26,984 INFO  server.RaftServerConfigKeys (ConfUtils.java:logGet(43)) - raft.server.log.appender.buffer.byte-limit = 33554432 (custom)
2019-07-13 12:47:26,985 INFO  server.GrpcService (ConfUtils.java:logGet(43)) - raft.grpc.flow.control.window = 1MB (=1048576) (default)
2019-07-13 12:47:26,985 INFO  server.RaftServerConfigKeys (ConfUtils.java:logGet(43)) - raft.server.rpc.request.timeout = 3000ms (default)
2019-07-13 12:47:26,985 INFO  server.RaftServerConfigKeys (ConfUtils.java:logGet(43)) - raft.server.storage.dir = [/tmp/workdir/hadoop-ozone/integration-test/target/test-dir/MiniOzoneClusterImpl-71be8316-c956-478f-8692-802690e61dc7/datanode-4/data/ratis] (custom)
2019-07-13 12:47:26,986 INFO  replication.SimpleContainerDownloader (SimpleContainerDownloader.java:<init>(72)) - Starting container downloader service to copy containers to replicate.
2019-07-13 12:47:26,987 INFO  hdfs.DFSUtil (DFSUtil.java:httpServerTemplateForNNAndJN(1641)) - Starting Web-server for hddsDatanode at: http://0.0.0.0:0
2019-07-13 12:47:26,987 INFO  server.AuthenticationFilter (AuthenticationFilter.java:constructSecretProvider(240)) - Unable to initialize FileSignerSecretProvider, falling back to use random secrets.
2019-07-13 12:47:26,988 WARN  http.HttpRequestLog (HttpRequestLog.java:getRequestLog(97)) - Jetty request log can only be enabled using Log4j
2019-07-13 12:47:26,989 INFO  http.HttpServer2 (HttpServer2.java:addGlobalFilter(975)) - Added global filter 'safety' (class=org.apache.hadoop.http.HttpServer2$QuotingInputFilter)
2019-07-13 12:47:26,989 INFO  http.HttpServer2 (HttpServer2.java:addFilter(948)) - Added filter static_user_filter (class=org.apache.hadoop.http.lib.StaticUserWebFilter$StaticUserFilter) to context hddsDatanode
2019-07-13 12:47:26,990 INFO  http.HttpServer2 (HttpServer2.java:addFilter(958)) - Added filter static_user_filter (class=org.apache.hadoop.http.lib.StaticUserWebFilter$StaticUserFilter) to context logs
2019-07-13 12:47:26,990 INFO  http.HttpServer2 (HttpServer2.java:addFilter(958)) - Added filter static_user_filter (class=org.apache.hadoop.http.lib.StaticUserWebFilter$StaticUserFilter) to context static
2019-07-13 12:47:26,990 INFO  http.HttpServer2 (HttpServer2.java:bindListener(1191)) - Jetty bound to port 39410
2019-07-13 12:47:26,990 INFO  server.Server (Server.java:doStart(351)) - jetty-9.3.24.v20180605, build timestamp: 2018-06-05T17:11:56Z, git hash: 84205aa28f11a4f31f2a3b86d1bba2cc8ab69827
2019-07-13 12:47:26,992 INFO  handler.ContextHandler (ContextHandler.java:doStart(781)) - Started o.e.j.s.ServletContextHandler@4e0802e0{/logs,file:///tmp/workdir/hadoop-ozone/integration-test/target/log,AVAILABLE}
2019-07-13 12:47:26,992 INFO  handler.ContextHandler (ContextHandler.java:doStart(781)) - Started o.e.j.s.ServletContextHandler@687f62a5{/static,jar:file:/home/user/.m2/repository/org/apache/hadoop/hadoop-hdds-container-service/0.5.0-SNAPSHOT/hadoop-hdds-container-service-0.5.0-SNAPSHOT.jar!/webapps/static,AVAILABLE}
2019-07-13 12:47:27,014 INFO  handler.ContextHandler (ContextHandler.java:doStart(781)) - Started o.e.j.w.WebAppContext@f9cd1e6{/,file:///tmp/jetty-0.0.0.0-39410-hddsDatanode-_-any-8920771299359675445.dir/webapp/,AVAILABLE}{/hddsDatanode}
2019-07-13 12:47:27,015 INFO  server.AbstractConnector (AbstractConnector.java:doStart(278)) - Started ServerConnector@3ff53704{HTTP/1.1,[http/1.1]}{0.0.0.0:39410}
2019-07-13 12:47:27,017 INFO  server.Server (Server.java:doStart(419)) - Started @61875ms
2019-07-13 12:47:27,018 INFO  server.BaseHttpServer (BaseHttpServer.java:updateConnectorAddress(207)) - HTTP server of HDDSDATANODE is listening at http://0.0.0.0:39410
2019-07-13 12:47:27,108 INFO  ozone.HddsDatanodeService (HddsDatanodeService.java:startPlugins(396)) - Started plug-in org.apache.hadoop.ozone.web.OzoneHddsDatanodeService@38347345
2019-07-13 12:47:27,108 INFO  impl.MetricsSystemImpl (MetricsSystemImpl.java:init(158)) - HddsDatanode metrics system started (again)
2019-07-13 12:47:27,109 INFO  ozone.HddsDatanodeService (HddsDatanodeService.java:start(185)) - HddsDatanodeService host:trunk-nightly-q2gwj-1111726333 ip:192.168.5.181
2019-07-13 12:47:27,110 INFO  util.JvmPauseMonitor (JvmPauseMonitor.java:run(188)) - Starting JVM pause monitor
2019-07-13 12:47:27,111 INFO  datanode.InitDatanodeState (InitDatanodeState.java:persistContainerDatanodeDetails(140)) - DatanodeDetails is persisted to /tmp/workdir/hadoop-ozone/integration-test/target/test-dir/MiniOzoneClusterImpl-71be8316-c956-478f-8692-802690e61dc7/datanode-4/meta/datanode.id
2019-07-13 12:47:27,128 INFO  volume.HddsVolume (HddsVolume.java:<init>(176)) - Creating Volume: /tmp/workdir/hadoop-ozone/integration-test/target/test-dir/MiniOzoneClusterImpl-71be8316-c956-478f-8692-802690e61dc7/datanode-5/data/containers/hdds of  storage type : DISK and capacity : 52710309888
2019-07-13 12:47:27,128 INFO  volume.VolumeSet (VolumeSet.java:initializeVolumeSet(170)) - Added Volume : /tmp/workdir/hadoop-ozone/integration-test/target/test-dir/MiniOzoneClusterImpl-71be8316-c956-478f-8692-802690e61dc7/datanode-5/data/containers/hdds to VolumeSet
2019-07-13 12:47:27,129 INFO  volume.ThrottledAsyncChecker (ThrottledAsyncChecker.java:schedule(140)) - Scheduling a check for org.apache.hadoop.ozone.container.common.volume.HddsVolume@3b50f432
2019-07-13 12:47:27,129 INFO  volume.HddsVolumeChecker (HddsVolumeChecker.java:checkAllVolumes(203)) - Scheduled health check for volume org.apache.hadoop.ozone.container.common.volume.HddsVolume@3b50f432
2019-07-13 12:47:27,145 INFO  impl.RaftServerProxy (ConfUtils.java:logGet(43)) - raft.rpc.type = GRPC (default)
2019-07-13 12:47:27,145 INFO  grpc.GrpcFactory (GrpcFactory.java:checkPooledByteBufAllocatorUseCacheForAllThreads(45)) - PERFORMANCE WARNING: useCacheForAllThreads is true that may cause Netty to create a lot garbage objects and, as a result, trigger GC.
	It is recommended to disable useCacheForAllThreads by setting -Dorg.apache.ratis.thirdparty.io.netty.allocator.useCacheForAllThreads=false in command line.
2019-07-13 12:47:27,145 INFO  grpc.GrpcConfigKeys$Server (ConfUtils.java:logGet(43)) - raft.grpc.server.port = 0 (default)
2019-07-13 12:47:27,146 INFO  server.GrpcService (ConfUtils.java:logGet(43)) - raft.grpc.message.size.max = 33570816 (custom)
2019-07-13 12:47:27,146 INFO  server.RaftServerConfigKeys (ConfUtils.java:logGet(43)) - raft.server.log.appender.buffer.byte-limit = 33554432 (custom)
2019-07-13 12:47:27,146 INFO  server.GrpcService (ConfUtils.java:logGet(43)) - raft.grpc.flow.control.window = 1MB (=1048576) (default)
2019-07-13 12:47:27,146 INFO  server.RaftServerConfigKeys (ConfUtils.java:logGet(43)) - raft.server.rpc.request.timeout = 3000ms (default)
2019-07-13 12:47:27,146 INFO  server.RaftServerConfigKeys (ConfUtils.java:logGet(43)) - raft.server.storage.dir = [/tmp/workdir/hadoop-ozone/integration-test/target/test-dir/MiniOzoneClusterImpl-71be8316-c956-478f-8692-802690e61dc7/datanode-5/data/ratis] (custom)
2019-07-13 12:47:27,147 INFO  replication.SimpleContainerDownloader (SimpleContainerDownloader.java:<init>(72)) - Starting container downloader service to copy containers to replicate.
2019-07-13 12:47:27,148 INFO  hdfs.DFSUtil (DFSUtil.java:httpServerTemplateForNNAndJN(1641)) - Starting Web-server for hddsDatanode at: http://0.0.0.0:0
2019-07-13 12:47:27,149 INFO  server.AuthenticationFilter (AuthenticationFilter.java:constructSecretProvider(240)) - Unable to initialize FileSignerSecretProvider, falling back to use random secrets.
2019-07-13 12:47:27,149 WARN  http.HttpRequestLog (HttpRequestLog.java:getRequestLog(97)) - Jetty request log can only be enabled using Log4j
2019-07-13 12:47:27,150 INFO  http.HttpServer2 (HttpServer2.java:addGlobalFilter(975)) - Added global filter 'safety' (class=org.apache.hadoop.http.HttpServer2$QuotingInputFilter)
2019-07-13 12:47:27,150 INFO  http.HttpServer2 (HttpServer2.java:addFilter(948)) - Added filter static_user_filter (class=org.apache.hadoop.http.lib.StaticUserWebFilter$StaticUserFilter) to context hddsDatanode
2019-07-13 12:47:27,150 INFO  http.HttpServer2 (HttpServer2.java:addFilter(958)) - Added filter static_user_filter (class=org.apache.hadoop.http.lib.StaticUserWebFilter$StaticUserFilter) to context static
2019-07-13 12:47:27,151 INFO  http.HttpServer2 (HttpServer2.java:addFilter(958)) - Added filter static_user_filter (class=org.apache.hadoop.http.lib.StaticUserWebFilter$StaticUserFilter) to context logs
2019-07-13 12:47:27,151 INFO  http.HttpServer2 (HttpServer2.java:bindListener(1191)) - Jetty bound to port 36203
2019-07-13 12:47:27,151 INFO  server.Server (Server.java:doStart(351)) - jetty-9.3.24.v20180605, build timestamp: 2018-06-05T17:11:56Z, git hash: 84205aa28f11a4f31f2a3b86d1bba2cc8ab69827
2019-07-13 12:47:27,153 INFO  handler.ContextHandler (ContextHandler.java:doStart(781)) - Started o.e.j.s.ServletContextHandler@21022cbb{/logs,file:///tmp/workdir/hadoop-ozone/integration-test/target/log,AVAILABLE}
2019-07-13 12:47:27,153 INFO  handler.ContextHandler (ContextHandler.java:doStart(781)) - Started o.e.j.s.ServletContextHandler@654cb30c{/static,jar:file:/home/user/.m2/repository/org/apache/hadoop/hadoop-hdds-container-service/0.5.0-SNAPSHOT/hadoop-hdds-container-service-0.5.0-SNAPSHOT.jar!/webapps/static,AVAILABLE}
2019-07-13 12:47:27,174 INFO  handler.ContextHandler (ContextHandler.java:doStart(781)) - Started o.e.j.w.WebAppContext@3945886e{/,file:///tmp/jetty-0.0.0.0-36203-hddsDatanode-_-any-5030344938014292791.dir/webapp/,AVAILABLE}{/hddsDatanode}
2019-07-13 12:47:27,174 INFO  server.AbstractConnector (AbstractConnector.java:doStart(278)) - Started ServerConnector@12765ebd{HTTP/1.1,[http/1.1]}{0.0.0.0:36203}
2019-07-13 12:47:27,178 INFO  server.Server (Server.java:doStart(419)) - Started @62035ms
2019-07-13 12:47:27,178 INFO  server.BaseHttpServer (BaseHttpServer.java:updateConnectorAddress(207)) - HTTP server of HDDSDATANODE is listening at http://0.0.0.0:36203
2019-07-13 12:47:27,286 INFO  ozone.HddsDatanodeService (HddsDatanodeService.java:startPlugins(396)) - Started plug-in org.apache.hadoop.ozone.web.OzoneHddsDatanodeService@3225d950
2019-07-13 12:47:27,286 INFO  impl.MetricsSystemImpl (MetricsSystemImpl.java:init(158)) - HddsDatanode metrics system started (again)
2019-07-13 12:47:27,287 INFO  ozone.HddsDatanodeService (HddsDatanodeService.java:start(185)) - HddsDatanodeService host:trunk-nightly-q2gwj-1111726333 ip:192.168.5.181
2019-07-13 12:47:27,288 INFO  util.JvmPauseMonitor (JvmPauseMonitor.java:run(188)) - Starting JVM pause monitor
2019-07-13 12:47:27,289 INFO  datanode.InitDatanodeState (InitDatanodeState.java:persistContainerDatanodeDetails(140)) - DatanodeDetails is persisted to /tmp/workdir/hadoop-ozone/integration-test/target/test-dir/MiniOzoneClusterImpl-71be8316-c956-478f-8692-802690e61dc7/datanode-5/meta/datanode.id
2019-07-13 12:47:27,300 INFO  volume.HddsVolume (HddsVolume.java:<init>(176)) - Creating Volume: /tmp/workdir/hadoop-ozone/integration-test/target/test-dir/MiniOzoneClusterImpl-71be8316-c956-478f-8692-802690e61dc7/datanode-6/data/containers/hdds of  storage type : DISK and capacity : 52710309888
2019-07-13 12:47:27,300 INFO  volume.VolumeSet (VolumeSet.java:initializeVolumeSet(170)) - Added Volume : /tmp/workdir/hadoop-ozone/integration-test/target/test-dir/MiniOzoneClusterImpl-71be8316-c956-478f-8692-802690e61dc7/datanode-6/data/containers/hdds to VolumeSet
2019-07-13 12:47:27,300 INFO  volume.ThrottledAsyncChecker (ThrottledAsyncChecker.java:schedule(140)) - Scheduling a check for org.apache.hadoop.ozone.container.common.volume.HddsVolume@669daa93
2019-07-13 12:47:27,301 INFO  volume.HddsVolumeChecker (HddsVolumeChecker.java:checkAllVolumes(203)) - Scheduled health check for volume org.apache.hadoop.ozone.container.common.volume.HddsVolume@669daa93
2019-07-13 12:47:27,322 INFO  impl.RaftServerProxy (ConfUtils.java:logGet(43)) - raft.rpc.type = GRPC (default)
2019-07-13 12:47:27,322 INFO  grpc.GrpcFactory (GrpcFactory.java:checkPooledByteBufAllocatorUseCacheForAllThreads(45)) - PERFORMANCE WARNING: useCacheForAllThreads is true that may cause Netty to create a lot garbage objects and, as a result, trigger GC.
	It is recommended to disable useCacheForAllThreads by setting -Dorg.apache.ratis.thirdparty.io.netty.allocator.useCacheForAllThreads=false in command line.
2019-07-13 12:47:27,322 INFO  grpc.GrpcConfigKeys$Server (ConfUtils.java:logGet(43)) - raft.grpc.server.port = 0 (default)
2019-07-13 12:47:27,322 INFO  server.GrpcService (ConfUtils.java:logGet(43)) - raft.grpc.message.size.max = 33570816 (custom)
2019-07-13 12:47:27,323 INFO  server.RaftServerConfigKeys (ConfUtils.java:logGet(43)) - raft.server.log.appender.buffer.byte-limit = 33554432 (custom)
2019-07-13 12:47:27,323 INFO  server.GrpcService (ConfUtils.java:logGet(43)) - raft.grpc.flow.control.window = 1MB (=1048576) (default)
2019-07-13 12:47:27,323 INFO  server.RaftServerConfigKeys (ConfUtils.java:logGet(43)) - raft.server.rpc.request.timeout = 3000ms (default)
2019-07-13 12:47:27,324 INFO  server.RaftServerConfigKeys (ConfUtils.java:logGet(43)) - raft.server.storage.dir = [/tmp/workdir/hadoop-ozone/integration-test/target/test-dir/MiniOzoneClusterImpl-71be8316-c956-478f-8692-802690e61dc7/datanode-6/data/ratis] (custom)
2019-07-13 12:47:27,324 INFO  replication.SimpleContainerDownloader (SimpleContainerDownloader.java:<init>(72)) - Starting container downloader service to copy containers to replicate.
2019-07-13 12:47:27,326 INFO  hdfs.DFSUtil (DFSUtil.java:httpServerTemplateForNNAndJN(1641)) - Starting Web-server for hddsDatanode at: http://0.0.0.0:0
2019-07-13 12:47:27,327 INFO  server.AuthenticationFilter (AuthenticationFilter.java:constructSecretProvider(240)) - Unable to initialize FileSignerSecretProvider, falling back to use random secrets.
2019-07-13 12:47:27,327 WARN  http.HttpRequestLog (HttpRequestLog.java:getRequestLog(97)) - Jetty request log can only be enabled using Log4j
2019-07-13 12:47:27,329 INFO  http.HttpServer2 (HttpServer2.java:addGlobalFilter(975)) - Added global filter 'safety' (class=org.apache.hadoop.http.HttpServer2$QuotingInputFilter)
2019-07-13 12:47:27,329 INFO  http.HttpServer2 (HttpServer2.java:addFilter(948)) - Added filter static_user_filter (class=org.apache.hadoop.http.lib.StaticUserWebFilter$StaticUserFilter) to context hddsDatanode
2019-07-13 12:47:27,330 INFO  http.HttpServer2 (HttpServer2.java:addFilter(958)) - Added filter static_user_filter (class=org.apache.hadoop.http.lib.StaticUserWebFilter$StaticUserFilter) to context logs
2019-07-13 12:47:27,330 INFO  http.HttpServer2 (HttpServer2.java:addFilter(958)) - Added filter static_user_filter (class=org.apache.hadoop.http.lib.StaticUserWebFilter$StaticUserFilter) to context static
2019-07-13 12:47:27,331 INFO  http.HttpServer2 (HttpServer2.java:bindListener(1191)) - Jetty bound to port 45280
2019-07-13 12:47:27,331 INFO  server.Server (Server.java:doStart(351)) - jetty-9.3.24.v20180605, build timestamp: 2018-06-05T17:11:56Z, git hash: 84205aa28f11a4f31f2a3b86d1bba2cc8ab69827
2019-07-13 12:47:27,332 INFO  handler.ContextHandler (ContextHandler.java:doStart(781)) - Started o.e.j.s.ServletContextHandler@4f55a864{/logs,file:///tmp/workdir/hadoop-ozone/integration-test/target/log,AVAILABLE}
2019-07-13 12:47:27,333 INFO  handler.ContextHandler (ContextHandler.java:doStart(781)) - Started o.e.j.s.ServletContextHandler@7f53a31f{/static,jar:file:/home/user/.m2/repository/org/apache/hadoop/hadoop-hdds-container-service/0.5.0-SNAPSHOT/hadoop-hdds-container-service-0.5.0-SNAPSHOT.jar!/webapps/static,AVAILABLE}
2019-07-13 12:47:27,367 INFO  handler.ContextHandler (ContextHandler.java:doStart(781)) - Started o.e.j.w.WebAppContext@299ddfff{/,file:///tmp/jetty-0.0.0.0-45280-hddsDatanode-_-any-2441098997806061924.dir/webapp/,AVAILABLE}{/hddsDatanode}
2019-07-13 12:47:27,368 INFO  server.AbstractConnector (AbstractConnector.java:doStart(278)) - Started ServerConnector@fe09374{HTTP/1.1,[http/1.1]}{0.0.0.0:45280}
2019-07-13 12:47:27,371 INFO  server.Server (Server.java:doStart(419)) - Started @62228ms
2019-07-13 12:47:27,372 INFO  server.BaseHttpServer (BaseHttpServer.java:updateConnectorAddress(207)) - HTTP server of HDDSDATANODE is listening at http://0.0.0.0:45280
2019-07-13 12:47:27,472 INFO  ozone.HddsDatanodeService (HddsDatanodeService.java:startPlugins(396)) - Started plug-in org.apache.hadoop.ozone.web.OzoneHddsDatanodeService@78b44fcb
2019-07-13 12:47:27,473 INFO  ozone.MiniOzoneClusterImpl (MiniOzoneClusterImpl.java:lambda$waitForClusterToBeReady$0(142)) - Waiting for cluster to be ready. Got 0 of 7 DN Heartbeats.
2019-07-13 12:47:27,474 INFO  util.JvmPauseMonitor (JvmPauseMonitor.java:run(188)) - Starting JVM pause monitor
2019-07-13 12:47:27,476 INFO  datanode.InitDatanodeState (InitDatanodeState.java:persistContainerDatanodeDetails(140)) - DatanodeDetails is persisted to /tmp/workdir/hadoop-ozone/integration-test/target/test-dir/MiniOzoneClusterImpl-71be8316-c956-478f-8692-802690e61dc7/datanode-6/meta/datanode.id
2019-07-13 12:47:28,469 INFO  ozoneimpl.OzoneContainer (OzoneContainer.java:start(186)) - Attempting to start container services.
2019-07-13 12:47:28,469 INFO  ozoneimpl.OzoneContainer (OzoneContainer.java:startContainerScrub(160)) - Background container scrubber has been disabled by hdds.containerscrub.enabled
2019-07-13 12:47:28,469 INFO  ratis.XceiverServerRatis (XceiverServerRatis.java:start(418)) - Starting XceiverServerRatis 64ca150a-c620-4294-84e2-4b85544ea83d at port 0
2019-07-13 12:47:28,473 INFO  ozone.MiniOzoneClusterImpl (MiniOzoneClusterImpl.java:lambda$waitForClusterToBeReady$0(142)) - Waiting for cluster to be ready. Got 0 of 7 DN Heartbeats.
2019-07-13 12:47:28,477 INFO  impl.RaftServerProxy (RaftServerProxy.java:lambda$start$3(299)) - 64ca150a-c620-4294-84e2-4b85544ea83d: start RPC server
2019-07-13 12:47:28,478 INFO  server.GrpcService (GrpcService.java:startImpl(149)) - 64ca150a-c620-4294-84e2-4b85544ea83d: GrpcService started, listening on 0.0.0.0/0.0.0.0:41487
2019-07-13 12:47:28,478 INFO  ratis.XceiverServerRatis (XceiverServerRatis.java:start(428)) - XceiverServerRatis 64ca150a-c620-4294-84e2-4b85544ea83d is started using port 41487
2019-07-13 12:47:28,481 INFO  server.XceiverServerGrpc (XceiverServerGrpc.java:start(161)) - XceiverServerGrpc 64ca150a-c620-4294-84e2-4b85544ea83d is started using port 43764
2019-07-13 12:47:28,671 INFO  ozoneimpl.OzoneContainer (OzoneContainer.java:start(186)) - Attempting to start container services.
2019-07-13 12:47:28,671 INFO  ozoneimpl.OzoneContainer (OzoneContainer.java:startContainerScrub(160)) - Background container scrubber has been disabled by hdds.containerscrub.enabled
2019-07-13 12:47:28,671 INFO  ratis.XceiverServerRatis (XceiverServerRatis.java:start(418)) - Starting XceiverServerRatis 2ce21e82-9fce-4154-8460-38f4062df44e at port 0
2019-07-13 12:47:28,679 INFO  impl.RaftServerProxy (RaftServerProxy.java:lambda$start$3(299)) - 2ce21e82-9fce-4154-8460-38f4062df44e: start RPC server
2019-07-13 12:47:28,680 INFO  server.GrpcService (GrpcService.java:startImpl(149)) - 2ce21e82-9fce-4154-8460-38f4062df44e: GrpcService started, listening on 0.0.0.0/0.0.0.0:39792
2019-07-13 12:47:28,680 INFO  ratis.XceiverServerRatis (XceiverServerRatis.java:start(428)) - XceiverServerRatis 2ce21e82-9fce-4154-8460-38f4062df44e is started using port 39792
2019-07-13 12:47:28,680 INFO  server.XceiverServerGrpc (XceiverServerGrpc.java:start(161)) - XceiverServerGrpc 2ce21e82-9fce-4154-8460-38f4062df44e is started using port 42036
2019-07-13 12:47:28,815 INFO  ozoneimpl.OzoneContainer (OzoneContainer.java:start(186)) - Attempting to start container services.
2019-07-13 12:47:28,816 INFO  ozoneimpl.OzoneContainer (OzoneContainer.java:startContainerScrub(160)) - Background container scrubber has been disabled by hdds.containerscrub.enabled
2019-07-13 12:47:28,816 INFO  ratis.XceiverServerRatis (XceiverServerRatis.java:start(418)) - Starting XceiverServerRatis cf888fe8-b99d-436a-b792-f838102cda43 at port 0
2019-07-13 12:47:28,823 INFO  impl.RaftServerProxy (RaftServerProxy.java:lambda$start$3(299)) - cf888fe8-b99d-436a-b792-f838102cda43: start RPC server
2019-07-13 12:47:28,828 INFO  server.GrpcService (GrpcService.java:startImpl(149)) - cf888fe8-b99d-436a-b792-f838102cda43: GrpcService started, listening on 0.0.0.0/0.0.0.0:34411
2019-07-13 12:47:28,828 INFO  ratis.XceiverServerRatis (XceiverServerRatis.java:start(428)) - XceiverServerRatis cf888fe8-b99d-436a-b792-f838102cda43 is started using port 34411
2019-07-13 12:47:28,829 INFO  server.XceiverServerGrpc (XceiverServerGrpc.java:start(161)) - XceiverServerGrpc cf888fe8-b99d-436a-b792-f838102cda43 is started using port 45992
2019-07-13 12:47:28,966 INFO  ozoneimpl.OzoneContainer (OzoneContainer.java:start(186)) - Attempting to start container services.
2019-07-13 12:47:28,967 INFO  ozoneimpl.OzoneContainer (OzoneContainer.java:startContainerScrub(160)) - Background container scrubber has been disabled by hdds.containerscrub.enabled
2019-07-13 12:47:28,967 INFO  ratis.XceiverServerRatis (XceiverServerRatis.java:start(418)) - Starting XceiverServerRatis 0cc818b2-3655-4b38-aa98-30ee9aa8883a at port 0
2019-07-13 12:47:28,975 INFO  impl.RaftServerProxy (RaftServerProxy.java:lambda$start$3(299)) - 0cc818b2-3655-4b38-aa98-30ee9aa8883a: start RPC server
2019-07-13 12:47:28,975 INFO  server.GrpcService (GrpcService.java:startImpl(149)) - 0cc818b2-3655-4b38-aa98-30ee9aa8883a: GrpcService started, listening on 0.0.0.0/0.0.0.0:37756
2019-07-13 12:47:28,976 INFO  ratis.XceiverServerRatis (XceiverServerRatis.java:start(428)) - XceiverServerRatis 0cc818b2-3655-4b38-aa98-30ee9aa8883a is started using port 37756
2019-07-13 12:47:28,976 INFO  server.XceiverServerGrpc (XceiverServerGrpc.java:start(161)) - XceiverServerGrpc 0cc818b2-3655-4b38-aa98-30ee9aa8883a is started using port 46498
2019-07-13 12:47:29,123 INFO  ozoneimpl.OzoneContainer (OzoneContainer.java:start(186)) - Attempting to start container services.
2019-07-13 12:47:29,123 INFO  ozoneimpl.OzoneContainer (OzoneContainer.java:startContainerScrub(160)) - Background container scrubber has been disabled by hdds.containerscrub.enabled
2019-07-13 12:47:29,124 INFO  ratis.XceiverServerRatis (XceiverServerRatis.java:start(418)) - Starting XceiverServerRatis 9d67b015-4379-453f-80ad-debbdf296f86 at port 0
2019-07-13 12:47:29,131 INFO  impl.RaftServerProxy (RaftServerProxy.java:lambda$start$3(299)) - 9d67b015-4379-453f-80ad-debbdf296f86: start RPC server
2019-07-13 12:47:29,132 INFO  server.GrpcService (GrpcService.java:startImpl(149)) - 9d67b015-4379-453f-80ad-debbdf296f86: GrpcService started, listening on 0.0.0.0/0.0.0.0:45428
2019-07-13 12:47:29,132 INFO  ratis.XceiverServerRatis (XceiverServerRatis.java:start(428)) - XceiverServerRatis 9d67b015-4379-453f-80ad-debbdf296f86 is started using port 45428
2019-07-13 12:47:29,138 INFO  server.XceiverServerGrpc (XceiverServerGrpc.java:start(161)) - XceiverServerGrpc 9d67b015-4379-453f-80ad-debbdf296f86 is started using port 37065
2019-07-13 12:47:29,293 INFO  ozoneimpl.OzoneContainer (OzoneContainer.java:start(186)) - Attempting to start container services.
2019-07-13 12:47:29,293 INFO  ozoneimpl.OzoneContainer (OzoneContainer.java:startContainerScrub(160)) - Background container scrubber has been disabled by hdds.containerscrub.enabled
2019-07-13 12:47:29,293 INFO  ratis.XceiverServerRatis (XceiverServerRatis.java:start(418)) - Starting XceiverServerRatis d7c9d0a8-6364-4a4d-b9e5-5de32f8c2f77 at port 0
2019-07-13 12:47:29,302 INFO  impl.RaftServerProxy (RaftServerProxy.java:lambda$start$3(299)) - d7c9d0a8-6364-4a4d-b9e5-5de32f8c2f77: start RPC server
2019-07-13 12:47:29,307 INFO  server.GrpcService (GrpcService.java:startImpl(149)) - d7c9d0a8-6364-4a4d-b9e5-5de32f8c2f77: GrpcService started, listening on 0.0.0.0/0.0.0.0:45584
2019-07-13 12:47:29,307 INFO  ratis.XceiverServerRatis (XceiverServerRatis.java:start(428)) - XceiverServerRatis d7c9d0a8-6364-4a4d-b9e5-5de32f8c2f77 is started using port 45584
2019-07-13 12:47:29,311 INFO  server.XceiverServerGrpc (XceiverServerGrpc.java:start(161)) - XceiverServerGrpc d7c9d0a8-6364-4a4d-b9e5-5de32f8c2f77 is started using port 33034
2019-07-13 12:47:29,473 INFO  ozone.MiniOzoneClusterImpl (MiniOzoneClusterImpl.java:lambda$waitForClusterToBeReady$0(142)) - Waiting for cluster to be ready. Got 0 of 7 DN Heartbeats.
2019-07-13 12:47:29,488 INFO  ozoneimpl.OzoneContainer (OzoneContainer.java:start(186)) - Attempting to start container services.
2019-07-13 12:47:29,488 INFO  ozoneimpl.OzoneContainer (OzoneContainer.java:startContainerScrub(160)) - Background container scrubber has been disabled by hdds.containerscrub.enabled
2019-07-13 12:47:29,488 INFO  ratis.XceiverServerRatis (XceiverServerRatis.java:start(418)) - Starting XceiverServerRatis 9a2c865e-e21e-4780-9ad1-406ad3c0f8df at port 0
2019-07-13 12:47:29,496 INFO  impl.RaftServerProxy (RaftServerProxy.java:lambda$start$3(299)) - 9a2c865e-e21e-4780-9ad1-406ad3c0f8df: start RPC server
2019-07-13 12:47:29,520 INFO  server.GrpcService (GrpcService.java:startImpl(149)) - 9a2c865e-e21e-4780-9ad1-406ad3c0f8df: GrpcService started, listening on 0.0.0.0/0.0.0.0:33407
2019-07-13 12:47:29,520 INFO  ratis.XceiverServerRatis (XceiverServerRatis.java:start(428)) - XceiverServerRatis 9a2c865e-e21e-4780-9ad1-406ad3c0f8df is started using port 33407
2019-07-13 12:47:29,525 INFO  server.XceiverServerGrpc (XceiverServerGrpc.java:start(161)) - XceiverServerGrpc 9a2c865e-e21e-4780-9ad1-406ad3c0f8df is started using port 46212
2019-07-13 12:47:30,441 INFO  net.NetworkTopology (NetworkTopologyImpl.java:add(110)) - Added a new node: /default-rack/192.168.5.181
2019-07-13 12:47:30,446 INFO  node.SCMNodeManager (SCMNodeManager.java:register(269)) - Registered Data node : 64ca150a-c620-4294-84e2-4b85544ea83d{ip: 192.168.5.181, host: trunk-nightly-q2gwj-1111726333, networkLocation: /default-rack, certSerialId: null}
2019-07-13 12:47:30,447 INFO  safemode.SCMSafeModeManager (DataNodeSafeModeRule.java:process(71)) - SCM in safe mode. 1 DataNodes registered, 1 required.
2019-07-13 12:47:30,452 INFO  safemode.SCMSafeModeManager (SCMSafeModeManager.java:validateSafeModeExitRules(177)) - ScmSafeModeManager, all rules are successfully validated
2019-07-13 12:47:30,452 INFO  safemode.SCMSafeModeManager (SCMSafeModeManager.java:exitSafeMode(193)) - SCM exiting safe mode.
2019-07-13 12:47:30,465 INFO  impl.RaftServerProxy (RaftServerProxy.java:addNew(89)) - 64ca150a-c620-4294-84e2-4b85544ea83d: addNew group-712B5D5A3228:[64ca150a-c620-4294-84e2-4b85544ea83d:192.168.5.181:41487] returns group-712B5D5A3228:java.util.concurrent.CompletableFuture@5b7baac3[Not completed]
2019-07-13 12:47:30,466 INFO  impl.RaftServerImpl (RaftServerImpl.java:<init>(93)) - 64ca150a-c620-4294-84e2-4b85544ea83d: new RaftServerImpl for group-712B5D5A3228:[64ca150a-c620-4294-84e2-4b85544ea83d:192.168.5.181:41487] with ContainerStateMachine:uninitialized
2019-07-13 12:47:30,467 INFO  server.RaftServerConfigKeys (ConfUtils.java:logGet(43)) - raft.server.rpc.timeout.min = 5s (custom)
2019-07-13 12:47:30,467 INFO  server.RaftServerConfigKeys (ConfUtils.java:logGet(43)) - raft.server.rpc.timeout.max = 5200ms (custom)
2019-07-13 12:47:30,467 INFO  server.RaftServerConfigKeys (ConfUtils.java:logGet(43)) - raft.server.rpcslowness.timeout = 120s (custom)
2019-07-13 12:47:30,467 INFO  server.RaftServerConfigKeys (ConfUtils.java:logGet(43)) - raft.server.sleep.deviation.threshold = 300 (default)
2019-07-13 12:47:30,467 INFO  server.RaftServerConfigKeys (ConfUtils.java:logGet(43)) - raft.server.log.appender.install.snapshot.enabled = false (custom)
2019-07-13 12:47:30,468 INFO  impl.RaftServerImpl (ServerState.java:<init>(105)) - 64ca150a-c620-4294-84e2-4b85544ea83d:group-712B5D5A3228 ConfigurationManager, init=-1: [64ca150a-c620-4294-84e2-4b85544ea83d:192.168.5.181:41487], old=null, confs=<EMPTY_MAP>
2019-07-13 12:47:30,468 INFO  server.RaftServerConfigKeys (ConfUtils.java:logGet(43)) - raft.server.storage.dir = [/tmp/workdir/hadoop-ozone/integration-test/target/test-dir/MiniOzoneClusterImpl-71be8316-c956-478f-8692-802690e61dc7/datanode-0/data/ratis] (custom)
2019-07-13 12:47:30,468 INFO  storage.RaftStorageDirectory (RaftStorageDirectory.java:analyzeStorage(246)) - The storage directory /tmp/workdir/hadoop-ozone/integration-test/target/test-dir/MiniOzoneClusterImpl-71be8316-c956-478f-8692-802690e61dc7/datanode-0/data/ratis/6368c594-1d27-4973-bd85-712b5d5a3228 does not exist. Creating ...
2019-07-13 12:47:30,473 INFO  storage.RaftStorageDirectory (RaftStorageDirectory.java:tryLock(328)) - Lock on /tmp/workdir/hadoop-ozone/integration-test/target/test-dir/MiniOzoneClusterImpl-71be8316-c956-478f-8692-802690e61dc7/datanode-0/data/ratis/6368c594-1d27-4973-bd85-712b5d5a3228/in_use.lock acquired by nodename 28904@trunk-nightly-q2gwj-1111726333
2019-07-13 12:47:30,474 INFO  ozone.MiniOzoneClusterImpl (MiniOzoneClusterImpl.java:lambda$waitForClusterToBeReady$0(142)) - Waiting for cluster to be ready. Got 1 of 7 DN Heartbeats.
2019-07-13 12:47:30,477 INFO  storage.RaftStorage (RaftStorage.java:format(72)) - Storage directory /tmp/workdir/hadoop-ozone/integration-test/target/test-dir/MiniOzoneClusterImpl-71be8316-c956-478f-8692-802690e61dc7/datanode-0/data/ratis/6368c594-1d27-4973-bd85-712b5d5a3228 has been successfully formatted.
2019-07-13 12:47:30,477 INFO  ratis.ContainerStateMachine (ContainerStateMachine.java:loadSnapshot(200)) - The snapshot info is null.Setting the last applied index to:(t:0, i:~)
2019-07-13 12:47:30,477 INFO  server.RaftServerConfigKeys (ConfUtils.java:logGet(43)) - raft.server.leader.election.timeout = 120s (custom)
2019-07-13 12:47:30,478 INFO  server.RaftServerConfigKeys (ConfUtils.java:logGet(43)) - raft.server.log.use.memory = false (default)
2019-07-13 12:47:30,478 INFO  server.RaftServerConfigKeys (ConfUtils.java:logGet(43)) - raft.server.log.purge.gap = 1000000000 (custom)
2019-07-13 12:47:30,478 INFO  server.RaftServerConfigKeys (ConfUtils.java:logGet(43)) - raft.server.log.appender.buffer.byte-limit = 33554432 (custom)
2019-07-13 12:47:30,478 INFO  server.RaftServerConfigKeys (ConfUtils.java:logGet(43)) - raft.server.log.segment.size.max = 1048576 (custom)
2019-07-13 12:47:30,478 INFO  server.RaftServerConfigKeys (ConfUtils.java:logGet(43)) - raft.server.log.segment.cache.num.max = 2 (custom)
2019-07-13 12:47:30,479 INFO  segmented.SegmentedRaftLogWorker (SegmentedRaftLogWorker.java:<init>(172)) - new 64ca150a-c620-4294-84e2-4b85544ea83d-SegmentedRaftLogWorker:Storage Directory /tmp/workdir/hadoop-ozone/integration-test/target/test-dir/MiniOzoneClusterImpl-71be8316-c956-478f-8692-802690e61dc7/datanode-0/data/ratis/6368c594-1d27-4973-bd85-712b5d5a3228 for RaftStorage:Storage Directory /tmp/workdir/hadoop-ozone/integration-test/target/test-dir/MiniOzoneClusterImpl-71be8316-c956-478f-8692-802690e61dc7/datanode-0/data/ratis/6368c594-1d27-4973-bd85-712b5d5a3228
2019-07-13 12:47:30,479 INFO  server.RaftServerConfigKeys (ConfUtils.java:logGet(43)) - raft.server.log.queue.byte-limit = 2147483647 (custom)
2019-07-13 12:47:30,479 INFO  server.RaftServerConfigKeys (ConfUtils.java:logGet(43)) - raft.server.log.queue.element-limit = 1024 (custom)
2019-07-13 12:47:30,480 INFO  server.RaftServerConfigKeys (ConfUtils.java:logGet(43)) - raft.server.log.segment.size.max = 1048576 (custom)
2019-07-13 12:47:30,480 INFO  server.RaftServerConfigKeys (ConfUtils.java:logGet(43)) - raft.server.log.preallocated.size = 16384 (custom)
2019-07-13 12:47:30,480 INFO  server.RaftServerConfigKeys (ConfUtils.java:logGet(43)) - raft.server.log.write.buffer.size = 33554432 (custom)
2019-07-13 12:47:30,480 INFO  server.RaftServerConfigKeys (ConfUtils.java:logGet(43)) - raft.server.log.force.sync.num = 128 (default)
2019-07-13 12:47:30,480 INFO  server.RaftServerConfigKeys (ConfUtils.java:logGet(43)) - raft.server.log.statemachine.data.sync = true (default)
2019-07-13 12:47:30,481 INFO  server.RaftServerConfigKeys (ConfUtils.java:logGet(43)) - raft.server.log.statemachine.data.sync.timeout = 10s (default)
2019-07-13 12:47:30,481 INFO  server.RaftServerConfigKeys (ConfUtils.java:logGet(43)) - raft.server.log.statemachine.data.sync.timeout.retry = -1 (default)
2019-07-13 12:47:30,481 INFO  server.RaftServerConfigKeys (ConfUtils.java:logGet(43)) - raft.server.log.statemachine.data.caching.enabled = true (custom)
2019-07-13 12:47:30,482 INFO  segmented.SegmentedRaftLogWorker (SegmentedRaftLogWorker.java:lambda$new$0(132)) - 64ca150a-c620-4294-84e2-4b85544ea83d-SegmentedRaftLogWorker:Storage Directory /tmp/workdir/hadoop-ozone/integration-test/target/test-dir/MiniOzoneClusterImpl-71be8316-c956-478f-8692-802690e61dc7/datanode-0/data/ratis/6368c594-1d27-4973-bd85-712b5d5a3228: flushIndex: setUnconditionally 0 -> -1
2019-07-13 12:47:30,482 INFO  server.RaftServerConfigKeys (ConfUtils.java:logGet(43)) - raft.server.snapshot.auto.trigger.enabled = true (custom)
2019-07-13 12:47:30,482 INFO  server.RaftServerConfigKeys (ConfUtils.java:logGet(43)) - raft.server.snapshot.auto.trigger.threshold = 10000 (custom)
2019-07-13 12:47:30,483 INFO  server.RaftServerConfigKeys (ConfUtils.java:logGet(43)) - raft.server.retrycache.expirytime = 600000ms (custom)
2019-07-13 12:47:30,483 INFO  impl.RaftServerImpl (RaftServerImpl.java:start(180)) - 64ca150a-c620-4294-84e2-4b85544ea83d: start group-712B5D5A3228
2019-07-13 12:47:30,483 INFO  impl.RaftServerImpl (RaftServerImpl.java:setRole(171)) - 64ca150a-c620-4294-84e2-4b85544ea83d:group-712B5D5A3228 changes role from null to FOLLOWER at term 0 for startAsFollower
2019-07-13 12:47:30,483 INFO  impl.RoleInfo (RoleInfo.java:updateAndGet(143)) - 64ca150a-c620-4294-84e2-4b85544ea83d: start FollowerState
2019-07-13 12:47:30,484 INFO  util.JmxRegister (JmxRegister.java:tryRegister(44)) - Successfully registered JMX Bean with object name Ratis:service=RaftServer,group=group-712B5D5A3228,id=64ca150a-c620-4294-84e2-4b85544ea83d
2019-07-13 12:47:30,487 INFO  pipeline.PipelineStateManager (PipelineStateManager.java:addPipeline(56)) - Created pipeline Pipeline[ Id: 6368c594-1d27-4973-bd85-712b5d5a3228, Nodes: 64ca150a-c620-4294-84e2-4b85544ea83d{ip: 192.168.5.181, host: trunk-nightly-q2gwj-1111726333, networkLocation: /default-rack, certSerialId: null}, Type:RATIS, Factor:ONE, State:OPEN]
2019-07-13 12:47:30,652 INFO  node.SCMNodeManager (SCMNodeManager.java:register(269)) - Registered Data node : 2ce21e82-9fce-4154-8460-38f4062df44e{ip: 192.168.5.181, host: trunk-nightly-q2gwj-1111726333, networkLocation: /default-rack, certSerialId: null}
2019-07-13 12:47:30,696 INFO  impl.RaftServerProxy (RaftServerProxy.java:addNew(89)) - 2ce21e82-9fce-4154-8460-38f4062df44e: addNew group-6A8E6BBCF33D:[2ce21e82-9fce-4154-8460-38f4062df44e:192.168.5.181:39792] returns group-6A8E6BBCF33D:java.util.concurrent.CompletableFuture@5abfb06c[Not completed]
2019-07-13 12:47:30,697 INFO  impl.RaftServerImpl (RaftServerImpl.java:<init>(93)) - 2ce21e82-9fce-4154-8460-38f4062df44e: new RaftServerImpl for group-6A8E6BBCF33D:[2ce21e82-9fce-4154-8460-38f4062df44e:192.168.5.181:39792] with ContainerStateMachine:uninitialized
2019-07-13 12:47:30,698 INFO  server.RaftServerConfigKeys (ConfUtils.java:logGet(43)) - raft.server.rpc.timeout.min = 5s (custom)
2019-07-13 12:47:30,698 INFO  server.RaftServerConfigKeys (ConfUtils.java:logGet(43)) - raft.server.rpc.timeout.max = 5200ms (custom)
2019-07-13 12:47:30,698 INFO  server.RaftServerConfigKeys (ConfUtils.java:logGet(43)) - raft.server.rpcslowness.timeout = 120s (custom)
2019-07-13 12:47:30,698 INFO  server.RaftServerConfigKeys (ConfUtils.java:logGet(43)) - raft.server.sleep.deviation.threshold = 300 (default)
2019-07-13 12:47:30,698 INFO  server.RaftServerConfigKeys (ConfUtils.java:logGet(43)) - raft.server.log.appender.install.snapshot.enabled = false (custom)
2019-07-13 12:47:30,699 INFO  impl.RaftServerImpl (ServerState.java:<init>(105)) - 2ce21e82-9fce-4154-8460-38f4062df44e:group-6A8E6BBCF33D ConfigurationManager, init=-1: [2ce21e82-9fce-4154-8460-38f4062df44e:192.168.5.181:39792], old=null, confs=<EMPTY_MAP>
2019-07-13 12:47:30,699 INFO  server.RaftServerConfigKeys (ConfUtils.java:logGet(43)) - raft.server.storage.dir = [/tmp/workdir/hadoop-ozone/integration-test/target/test-dir/MiniOzoneClusterImpl-71be8316-c956-478f-8692-802690e61dc7/datanode-1/data/ratis] (custom)
2019-07-13 12:47:30,699 INFO  storage.RaftStorageDirectory (RaftStorageDirectory.java:analyzeStorage(246)) - The storage directory /tmp/workdir/hadoop-ozone/integration-test/target/test-dir/MiniOzoneClusterImpl-71be8316-c956-478f-8692-802690e61dc7/datanode-1/data/ratis/0dbd44af-2419-4926-bbf9-6a8e6bbcf33d does not exist. Creating ...
2019-07-13 12:47:30,713 INFO  storage.RaftStorageDirectory (RaftStorageDirectory.java:tryLock(328)) - Lock on /tmp/workdir/hadoop-ozone/integration-test/target/test-dir/MiniOzoneClusterImpl-71be8316-c956-478f-8692-802690e61dc7/datanode-1/data/ratis/0dbd44af-2419-4926-bbf9-6a8e6bbcf33d/in_use.lock acquired by nodename 28904@trunk-nightly-q2gwj-1111726333
2019-07-13 12:47:30,716 INFO  storage.RaftStorage (RaftStorage.java:format(72)) - Storage directory /tmp/workdir/hadoop-ozone/integration-test/target/test-dir/MiniOzoneClusterImpl-71be8316-c956-478f-8692-802690e61dc7/datanode-1/data/ratis/0dbd44af-2419-4926-bbf9-6a8e6bbcf33d has been successfully formatted.
2019-07-13 12:47:30,716 INFO  ratis.ContainerStateMachine (ContainerStateMachine.java:loadSnapshot(200)) - The snapshot info is null.Setting the last applied index to:(t:0, i:~)
2019-07-13 12:47:30,717 INFO  server.RaftServerConfigKeys (ConfUtils.java:logGet(43)) - raft.server.leader.election.timeout = 120s (custom)
2019-07-13 12:47:30,717 INFO  server.RaftServerConfigKeys (ConfUtils.java:logGet(43)) - raft.server.log.use.memory = false (default)
2019-07-13 12:47:30,717 INFO  server.RaftServerConfigKeys (ConfUtils.java:logGet(43)) - raft.server.log.purge.gap = 1000000000 (custom)
2019-07-13 12:47:30,717 INFO  server.RaftServerConfigKeys (ConfUtils.java:logGet(43)) - raft.server.log.appender.buffer.byte-limit = 33554432 (custom)
2019-07-13 12:47:30,717 INFO  server.RaftServerConfigKeys (ConfUtils.java:logGet(43)) - raft.server.log.segment.size.max = 1048576 (custom)
2019-07-13 12:47:30,718 INFO  server.RaftServerConfigKeys (ConfUtils.java:logGet(43)) - raft.server.log.segment.cache.num.max = 2 (custom)
2019-07-13 12:47:30,718 INFO  segmented.SegmentedRaftLogWorker (SegmentedRaftLogWorker.java:<init>(172)) - new 2ce21e82-9fce-4154-8460-38f4062df44e-SegmentedRaftLogWorker:Storage Directory /tmp/workdir/hadoop-ozone/integration-test/target/test-dir/MiniOzoneClusterImpl-71be8316-c956-478f-8692-802690e61dc7/datanode-1/data/ratis/0dbd44af-2419-4926-bbf9-6a8e6bbcf33d for RaftStorage:Storage Directory /tmp/workdir/hadoop-ozone/integration-test/target/test-dir/MiniOzoneClusterImpl-71be8316-c956-478f-8692-802690e61dc7/datanode-1/data/ratis/0dbd44af-2419-4926-bbf9-6a8e6bbcf33d
2019-07-13 12:47:30,718 INFO  server.RaftServerConfigKeys (ConfUtils.java:logGet(43)) - raft.server.log.queue.byte-limit = 2147483647 (custom)
2019-07-13 12:47:30,718 INFO  server.RaftServerConfigKeys (ConfUtils.java:logGet(43)) - raft.server.log.queue.element-limit = 1024 (custom)
2019-07-13 12:47:30,718 INFO  server.RaftServerConfigKeys (ConfUtils.java:logGet(43)) - raft.server.log.segment.size.max = 1048576 (custom)
2019-07-13 12:47:30,719 INFO  server.RaftServerConfigKeys (ConfUtils.java:logGet(43)) - raft.server.log.preallocated.size = 16384 (custom)
2019-07-13 12:47:30,719 INFO  server.RaftServerConfigKeys (ConfUtils.java:logGet(43)) - raft.server.log.write.buffer.size = 33554432 (custom)
2019-07-13 12:47:30,719 INFO  server.RaftServerConfigKeys (ConfUtils.java:logGet(43)) - raft.server.log.force.sync.num = 128 (default)
2019-07-13 12:47:30,719 INFO  server.RaftServerConfigKeys (ConfUtils.java:logGet(43)) - raft.server.log.statemachine.data.sync = true (default)
2019-07-13 12:47:30,719 INFO  server.RaftServerConfigKeys (ConfUtils.java:logGet(43)) - raft.server.log.statemachine.data.sync.timeout = 10s (default)
2019-07-13 12:47:30,719 INFO  server.RaftServerConfigKeys (ConfUtils.java:logGet(43)) - raft.server.log.statemachine.data.sync.timeout.retry = -1 (default)
2019-07-13 12:47:30,720 INFO  server.RaftServerConfigKeys (ConfUtils.java:logGet(43)) - raft.server.log.statemachine.data.caching.enabled = true (custom)
2019-07-13 12:47:30,720 INFO  segmented.SegmentedRaftLogWorker (SegmentedRaftLogWorker.java:lambda$new$0(132)) - 2ce21e82-9fce-4154-8460-38f4062df44e-SegmentedRaftLogWorker:Storage Directory /tmp/workdir/hadoop-ozone/integration-test/target/test-dir/MiniOzoneClusterImpl-71be8316-c956-478f-8692-802690e61dc7/datanode-1/data/ratis/0dbd44af-2419-4926-bbf9-6a8e6bbcf33d: flushIndex: setUnconditionally 0 -> -1
2019-07-13 12:47:30,721 INFO  server.RaftServerConfigKeys (ConfUtils.java:logGet(43)) - raft.server.snapshot.auto.trigger.enabled = true (custom)
2019-07-13 12:47:30,721 INFO  server.RaftServerConfigKeys (ConfUtils.java:logGet(43)) - raft.server.snapshot.auto.trigger.threshold = 10000 (custom)
2019-07-13 12:47:30,721 INFO  server.RaftServerConfigKeys (ConfUtils.java:logGet(43)) - raft.server.retrycache.expirytime = 600000ms (custom)
2019-07-13 12:47:30,721 INFO  impl.RaftServerImpl (RaftServerImpl.java:start(180)) - 2ce21e82-9fce-4154-8460-38f4062df44e: start group-6A8E6BBCF33D
2019-07-13 12:47:30,721 INFO  impl.RaftServerImpl (RaftServerImpl.java:setRole(171)) - 2ce21e82-9fce-4154-8460-38f4062df44e:group-6A8E6BBCF33D changes role from null to FOLLOWER at term 0 for startAsFollower
2019-07-13 12:47:30,721 INFO  impl.RoleInfo (RoleInfo.java:updateAndGet(143)) - 2ce21e82-9fce-4154-8460-38f4062df44e: start FollowerState
2019-07-13 12:47:30,722 INFO  util.JmxRegister (JmxRegister.java:tryRegister(44)) - Successfully registered JMX Bean with object name Ratis:service=RaftServer,group=group-6A8E6BBCF33D,id=2ce21e82-9fce-4154-8460-38f4062df44e
2019-07-13 12:47:30,725 INFO  pipeline.PipelineStateManager (PipelineStateManager.java:addPipeline(56)) - Created pipeline Pipeline[ Id: 0dbd44af-2419-4926-bbf9-6a8e6bbcf33d, Nodes: 2ce21e82-9fce-4154-8460-38f4062df44e{ip: 192.168.5.181, host: trunk-nightly-q2gwj-1111726333, networkLocation: /default-rack, certSerialId: null}, Type:RATIS, Factor:ONE, State:OPEN]
2019-07-13 12:47:30,803 INFO  node.SCMNodeManager (SCMNodeManager.java:register(269)) - Registered Data node : cf888fe8-b99d-436a-b792-f838102cda43{ip: 192.168.5.181, host: trunk-nightly-q2gwj-1111726333, networkLocation: /default-rack, certSerialId: null}
2019-07-13 12:47:30,817 INFO  impl.RaftServerProxy (RaftServerProxy.java:addNew(89)) - cf888fe8-b99d-436a-b792-f838102cda43: addNew group-B4F509931605:[cf888fe8-b99d-436a-b792-f838102cda43:192.168.5.181:34411] returns group-B4F509931605:java.util.concurrent.CompletableFuture@35552cb9[Not completed]
2019-07-13 12:47:30,818 INFO  impl.RaftServerImpl (RaftServerImpl.java:<init>(93)) - cf888fe8-b99d-436a-b792-f838102cda43: new RaftServerImpl for group-B4F509931605:[cf888fe8-b99d-436a-b792-f838102cda43:192.168.5.181:34411] with ContainerStateMachine:uninitialized
2019-07-13 12:47:30,818 INFO  server.RaftServerConfigKeys (ConfUtils.java:logGet(43)) - raft.server.rpc.timeout.min = 5s (custom)
2019-07-13 12:47:30,819 INFO  server.RaftServerConfigKeys (ConfUtils.java:logGet(43)) - raft.server.rpc.timeout.max = 5200ms (custom)
2019-07-13 12:47:30,819 INFO  server.RaftServerConfigKeys (ConfUtils.java:logGet(43)) - raft.server.rpcslowness.timeout = 120s (custom)
2019-07-13 12:47:30,819 INFO  server.RaftServerConfigKeys (ConfUtils.java:logGet(43)) - raft.server.sleep.deviation.threshold = 300 (default)
2019-07-13 12:47:30,819 INFO  server.RaftServerConfigKeys (ConfUtils.java:logGet(43)) - raft.server.log.appender.install.snapshot.enabled = false (custom)
2019-07-13 12:47:30,819 INFO  impl.RaftServerImpl (ServerState.java:<init>(105)) - cf888fe8-b99d-436a-b792-f838102cda43:group-B4F509931605 ConfigurationManager, init=-1: [cf888fe8-b99d-436a-b792-f838102cda43:192.168.5.181:34411], old=null, confs=<EMPTY_MAP>
2019-07-13 12:47:30,819 INFO  server.RaftServerConfigKeys (ConfUtils.java:logGet(43)) - raft.server.storage.dir = [/tmp/workdir/hadoop-ozone/integration-test/target/test-dir/MiniOzoneClusterImpl-71be8316-c956-478f-8692-802690e61dc7/datanode-2/data/ratis] (custom)
2019-07-13 12:47:30,820 INFO  storage.RaftStorageDirectory (RaftStorageDirectory.java:analyzeStorage(246)) - The storage directory /tmp/workdir/hadoop-ozone/integration-test/target/test-dir/MiniOzoneClusterImpl-71be8316-c956-478f-8692-802690e61dc7/datanode-2/data/ratis/5fcef6a4-1d5a-4b98-b5e1-b4f509931605 does not exist. Creating ...
2019-07-13 12:47:30,824 INFO  storage.RaftStorageDirectory (RaftStorageDirectory.java:tryLock(328)) - Lock on /tmp/workdir/hadoop-ozone/integration-test/target/test-dir/MiniOzoneClusterImpl-71be8316-c956-478f-8692-802690e61dc7/datanode-2/data/ratis/5fcef6a4-1d5a-4b98-b5e1-b4f509931605/in_use.lock acquired by nodename 28904@trunk-nightly-q2gwj-1111726333
2019-07-13 12:47:30,828 INFO  storage.RaftStorage (RaftStorage.java:format(72)) - Storage directory /tmp/workdir/hadoop-ozone/integration-test/target/test-dir/MiniOzoneClusterImpl-71be8316-c956-478f-8692-802690e61dc7/datanode-2/data/ratis/5fcef6a4-1d5a-4b98-b5e1-b4f509931605 has been successfully formatted.
2019-07-13 12:47:30,828 INFO  ratis.ContainerStateMachine (ContainerStateMachine.java:loadSnapshot(200)) - The snapshot info is null.Setting the last applied index to:(t:0, i:~)
2019-07-13 12:47:30,828 INFO  server.RaftServerConfigKeys (ConfUtils.java:logGet(43)) - raft.server.leader.election.timeout = 120s (custom)
2019-07-13 12:47:30,829 INFO  server.RaftServerConfigKeys (ConfUtils.java:logGet(43)) - raft.server.log.use.memory = false (default)
2019-07-13 12:47:30,829 INFO  server.RaftServerConfigKeys (ConfUtils.java:logGet(43)) - raft.server.log.purge.gap = 1000000000 (custom)
2019-07-13 12:47:30,829 INFO  server.RaftServerConfigKeys (ConfUtils.java:logGet(43)) - raft.server.log.appender.buffer.byte-limit = 33554432 (custom)
2019-07-13 12:47:30,829 INFO  server.RaftServerConfigKeys (ConfUtils.java:logGet(43)) - raft.server.log.segment.size.max = 1048576 (custom)
2019-07-13 12:47:30,829 INFO  server.RaftServerConfigKeys (ConfUtils.java:logGet(43)) - raft.server.log.segment.cache.num.max = 2 (custom)
2019-07-13 12:47:30,829 INFO  segmented.SegmentedRaftLogWorker (SegmentedRaftLogWorker.java:<init>(172)) - new cf888fe8-b99d-436a-b792-f838102cda43-SegmentedRaftLogWorker:Storage Directory /tmp/workdir/hadoop-ozone/integration-test/target/test-dir/MiniOzoneClusterImpl-71be8316-c956-478f-8692-802690e61dc7/datanode-2/data/ratis/5fcef6a4-1d5a-4b98-b5e1-b4f509931605 for RaftStorage:Storage Directory /tmp/workdir/hadoop-ozone/integration-test/target/test-dir/MiniOzoneClusterImpl-71be8316-c956-478f-8692-802690e61dc7/datanode-2/data/ratis/5fcef6a4-1d5a-4b98-b5e1-b4f509931605
2019-07-13 12:47:30,830 INFO  server.RaftServerConfigKeys (ConfUtils.java:logGet(43)) - raft.server.log.queue.byte-limit = 2147483647 (custom)
2019-07-13 12:47:30,830 INFO  server.RaftServerConfigKeys (ConfUtils.java:logGet(43)) - raft.server.log.queue.element-limit = 1024 (custom)
2019-07-13 12:47:30,830 INFO  server.RaftServerConfigKeys (ConfUtils.java:logGet(43)) - raft.server.log.segment.size.max = 1048576 (custom)
2019-07-13 12:47:30,830 INFO  server.RaftServerConfigKeys (ConfUtils.java:logGet(43)) - raft.server.log.preallocated.size = 16384 (custom)
2019-07-13 12:47:30,830 INFO  server.RaftServerConfigKeys (ConfUtils.java:logGet(43)) - raft.server.log.write.buffer.size = 33554432 (custom)
2019-07-13 12:47:30,831 INFO  server.RaftServerConfigKeys (ConfUtils.java:logGet(43)) - raft.server.log.force.sync.num = 128 (default)
2019-07-13 12:47:30,831 INFO  server.RaftServerConfigKeys (ConfUtils.java:logGet(43)) - raft.server.log.statemachine.data.sync = true (default)
2019-07-13 12:47:30,831 INFO  server.RaftServerConfigKeys (ConfUtils.java:logGet(43)) - raft.server.log.statemachine.data.sync.timeout = 10s (default)
2019-07-13 12:47:30,831 INFO  server.RaftServerConfigKeys (ConfUtils.java:logGet(43)) - raft.server.log.statemachine.data.sync.timeout.retry = -1 (default)
2019-07-13 12:47:30,831 INFO  server.RaftServerConfigKeys (ConfUtils.java:logGet(43)) - raft.server.log.statemachine.data.caching.enabled = true (custom)
2019-07-13 12:47:30,832 INFO  segmented.SegmentedRaftLogWorker (SegmentedRaftLogWorker.java:lambda$new$0(132)) - cf888fe8-b99d-436a-b792-f838102cda43-SegmentedRaftLogWorker:Storage Directory /tmp/workdir/hadoop-ozone/integration-test/target/test-dir/MiniOzoneClusterImpl-71be8316-c956-478f-8692-802690e61dc7/datanode-2/data/ratis/5fcef6a4-1d5a-4b98-b5e1-b4f509931605: flushIndex: setUnconditionally 0 -> -1
2019-07-13 12:47:30,832 INFO  server.RaftServerConfigKeys (ConfUtils.java:logGet(43)) - raft.server.snapshot.auto.trigger.enabled = true (custom)
2019-07-13 12:47:30,832 INFO  server.RaftServerConfigKeys (ConfUtils.java:logGet(43)) - raft.server.snapshot.auto.trigger.threshold = 10000 (custom)
2019-07-13 12:47:30,832 INFO  server.RaftServerConfigKeys (ConfUtils.java:logGet(43)) - raft.server.retrycache.expirytime = 600000ms (custom)
2019-07-13 12:47:30,833 INFO  impl.RaftServerImpl (RaftServerImpl.java:start(180)) - cf888fe8-b99d-436a-b792-f838102cda43: start group-B4F509931605
2019-07-13 12:47:30,833 INFO  impl.RaftServerImpl (RaftServerImpl.java:setRole(171)) - cf888fe8-b99d-436a-b792-f838102cda43:group-B4F509931605 changes role from null to FOLLOWER at term 0 for startAsFollower
2019-07-13 12:47:30,833 INFO  impl.RoleInfo (RoleInfo.java:updateAndGet(143)) - cf888fe8-b99d-436a-b792-f838102cda43: start FollowerState
2019-07-13 12:47:30,834 INFO  util.JmxRegister (JmxRegister.java:tryRegister(44)) - Successfully registered JMX Bean with object name Ratis:service=RaftServer,group=group-B4F509931605,id=cf888fe8-b99d-436a-b792-f838102cda43
2019-07-13 12:47:30,836 INFO  pipeline.PipelineStateManager (PipelineStateManager.java:addPipeline(56)) - Created pipeline Pipeline[ Id: 5fcef6a4-1d5a-4b98-b5e1-b4f509931605, Nodes: cf888fe8-b99d-436a-b792-f838102cda43{ip: 192.168.5.181, host: trunk-nightly-q2gwj-1111726333, networkLocation: /default-rack, certSerialId: null}, Type:RATIS, Factor:ONE, State:OPEN]
2019-07-13 12:47:30,854 INFO  impl.RaftServerProxy (RaftServerProxy.java:addNew(89)) - cf888fe8-b99d-436a-b792-f838102cda43: addNew group-84480CD470B2:[64ca150a-c620-4294-84e2-4b85544ea83d:192.168.5.181:41487, cf888fe8-b99d-436a-b792-f838102cda43:192.168.5.181:34411, 2ce21e82-9fce-4154-8460-38f4062df44e:192.168.5.181:39792] returns group-84480CD470B2:java.util.concurrent.CompletableFuture@79460ef2[Not completed]
2019-07-13 12:47:30,854 INFO  impl.RaftServerProxy (RaftServerProxy.java:addNew(89)) - 2ce21e82-9fce-4154-8460-38f4062df44e: addNew group-84480CD470B2:[64ca150a-c620-4294-84e2-4b85544ea83d:192.168.5.181:41487, cf888fe8-b99d-436a-b792-f838102cda43:192.168.5.181:34411, 2ce21e82-9fce-4154-8460-38f4062df44e:192.168.5.181:39792] returns group-84480CD470B2:java.util.concurrent.CompletableFuture@56fba317[Not completed]
2019-07-13 12:47:30,855 INFO  impl.RaftServerProxy (RaftServerProxy.java:addNew(89)) - 64ca150a-c620-4294-84e2-4b85544ea83d: addNew group-84480CD470B2:[64ca150a-c620-4294-84e2-4b85544ea83d:192.168.5.181:41487, cf888fe8-b99d-436a-b792-f838102cda43:192.168.5.181:34411, 2ce21e82-9fce-4154-8460-38f4062df44e:192.168.5.181:39792] returns group-84480CD470B2:java.util.concurrent.CompletableFuture@71746e5e[Not completed]
2019-07-13 12:47:30,855 INFO  impl.RaftServerImpl (RaftServerImpl.java:<init>(93)) - cf888fe8-b99d-436a-b792-f838102cda43: new RaftServerImpl for group-84480CD470B2:[64ca150a-c620-4294-84e2-4b85544ea83d:192.168.5.181:41487, cf888fe8-b99d-436a-b792-f838102cda43:192.168.5.181:34411, 2ce21e82-9fce-4154-8460-38f4062df44e:192.168.5.181:39792] with ContainerStateMachine:uninitialized
2019-07-13 12:47:30,855 INFO  server.RaftServerConfigKeys (ConfUtils.java:logGet(43)) - raft.server.rpc.timeout.min = 5s (custom)
2019-07-13 12:47:30,855 INFO  server.RaftServerConfigKeys (ConfUtils.java:logGet(43)) - raft.server.rpc.timeout.max = 5200ms (custom)
2019-07-13 12:47:30,856 INFO  server.RaftServerConfigKeys (ConfUtils.java:logGet(43)) - raft.server.rpcslowness.timeout = 120s (custom)
2019-07-13 12:47:30,856 INFO  server.RaftServerConfigKeys (ConfUtils.java:logGet(43)) - raft.server.sleep.deviation.threshold = 300 (default)
2019-07-13 12:47:30,856 INFO  impl.RaftServerImpl (RaftServerImpl.java:<init>(93)) - 2ce21e82-9fce-4154-8460-38f4062df44e: new RaftServerImpl for group-84480CD470B2:[64ca150a-c620-4294-84e2-4b85544ea83d:192.168.5.181:41487, cf888fe8-b99d-436a-b792-f838102cda43:192.168.5.181:34411, 2ce21e82-9fce-4154-8460-38f4062df44e:192.168.5.181:39792] with ContainerStateMachine:uninitialized
2019-07-13 12:47:30,856 INFO  server.RaftServerConfigKeys (ConfUtils.java:logGet(43)) - raft.server.log.appender.install.snapshot.enabled = false (custom)
2019-07-13 12:47:30,856 INFO  server.RaftServerConfigKeys (ConfUtils.java:logGet(43)) - raft.server.rpc.timeout.min = 5s (custom)
2019-07-13 12:47:30,856 INFO  impl.RaftServerImpl (ServerState.java:<init>(105)) - cf888fe8-b99d-436a-b792-f838102cda43:group-84480CD470B2 ConfigurationManager, init=-1: [64ca150a-c620-4294-84e2-4b85544ea83d:192.168.5.181:41487, cf888fe8-b99d-436a-b792-f838102cda43:192.168.5.181:34411, 2ce21e82-9fce-4154-8460-38f4062df44e:192.168.5.181:39792], old=null, confs=<EMPTY_MAP>
2019-07-13 12:47:30,856 INFO  server.RaftServerConfigKeys (ConfUtils.java:logGet(43)) - raft.server.rpc.timeout.max = 5200ms (custom)
2019-07-13 12:47:30,856 INFO  server.RaftServerConfigKeys (ConfUtils.java:logGet(43)) - raft.server.storage.dir = [/tmp/workdir/hadoop-ozone/integration-test/target/test-dir/MiniOzoneClusterImpl-71be8316-c956-478f-8692-802690e61dc7/datanode-2/data/ratis] (custom)
2019-07-13 12:47:30,856 INFO  impl.RaftServerImpl (RaftServerImpl.java:<init>(93)) - 64ca150a-c620-4294-84e2-4b85544ea83d: new RaftServerImpl for group-84480CD470B2:[64ca150a-c620-4294-84e2-4b85544ea83d:192.168.5.181:41487, cf888fe8-b99d-436a-b792-f838102cda43:192.168.5.181:34411, 2ce21e82-9fce-4154-8460-38f4062df44e:192.168.5.181:39792] with ContainerStateMachine:uninitialized
2019-07-13 12:47:30,857 INFO  server.RaftServerConfigKeys (ConfUtils.java:logGet(43)) - raft.server.rpcslowness.timeout = 120s (custom)
2019-07-13 12:47:30,857 INFO  server.RaftServerConfigKeys (ConfUtils.java:logGet(43)) - raft.server.rpc.timeout.min = 5s (custom)
2019-07-13 12:47:30,857 INFO  server.RaftServerConfigKeys (ConfUtils.java:logGet(43)) - raft.server.sleep.deviation.threshold = 300 (default)
2019-07-13 12:47:30,857 INFO  storage.RaftStorageDirectory (RaftStorageDirectory.java:analyzeStorage(246)) - The storage directory /tmp/workdir/hadoop-ozone/integration-test/target/test-dir/MiniOzoneClusterImpl-71be8316-c956-478f-8692-802690e61dc7/datanode-2/data/ratis/75635881-d81f-4f23-8d31-84480cd470b2 does not exist. Creating ...
2019-07-13 12:47:30,857 INFO  server.RaftServerConfigKeys (ConfUtils.java:logGet(43)) - raft.server.log.appender.install.snapshot.enabled = false (custom)
2019-07-13 12:47:30,857 INFO  server.RaftServerConfigKeys (ConfUtils.java:logGet(43)) - raft.server.rpc.timeout.max = 5200ms (custom)
2019-07-13 12:47:30,858 INFO  impl.RaftServerImpl (ServerState.java:<init>(105)) - 2ce21e82-9fce-4154-8460-38f4062df44e:group-84480CD470B2 ConfigurationManager, init=-1: [64ca150a-c620-4294-84e2-4b85544ea83d:192.168.5.181:41487, cf888fe8-b99d-436a-b792-f838102cda43:192.168.5.181:34411, 2ce21e82-9fce-4154-8460-38f4062df44e:192.168.5.181:39792], old=null, confs=<EMPTY_MAP>
2019-07-13 12:47:30,858 INFO  server.RaftServerConfigKeys (ConfUtils.java:logGet(43)) - raft.server.rpcslowness.timeout = 120s (custom)
2019-07-13 12:47:30,858 INFO  server.RaftServerConfigKeys (ConfUtils.java:logGet(43)) - raft.server.storage.dir = [/tmp/workdir/hadoop-ozone/integration-test/target/test-dir/MiniOzoneClusterImpl-71be8316-c956-478f-8692-802690e61dc7/datanode-1/data/ratis] (custom)
2019-07-13 12:47:30,858 INFO  server.RaftServerConfigKeys (ConfUtils.java:logGet(43)) - raft.server.sleep.deviation.threshold = 300 (default)
2019-07-13 12:47:30,858 INFO  server.RaftServerConfigKeys (ConfUtils.java:logGet(43)) - raft.server.log.appender.install.snapshot.enabled = false (custom)
2019-07-13 12:47:30,859 INFO  storage.RaftStorageDirectory (RaftStorageDirectory.java:analyzeStorage(246)) - The storage directory /tmp/workdir/hadoop-ozone/integration-test/target/test-dir/MiniOzoneClusterImpl-71be8316-c956-478f-8692-802690e61dc7/datanode-1/data/ratis/75635881-d81f-4f23-8d31-84480cd470b2 does not exist. Creating ...
2019-07-13 12:47:30,859 INFO  impl.RaftServerImpl (ServerState.java:<init>(105)) - 64ca150a-c620-4294-84e2-4b85544ea83d:group-84480CD470B2 ConfigurationManager, init=-1: [64ca150a-c620-4294-84e2-4b85544ea83d:192.168.5.181:41487, cf888fe8-b99d-436a-b792-f838102cda43:192.168.5.181:34411, 2ce21e82-9fce-4154-8460-38f4062df44e:192.168.5.181:39792], old=null, confs=<EMPTY_MAP>
2019-07-13 12:47:30,859 INFO  server.RaftServerConfigKeys (ConfUtils.java:logGet(43)) - raft.server.storage.dir = [/tmp/workdir/hadoop-ozone/integration-test/target/test-dir/MiniOzoneClusterImpl-71be8316-c956-478f-8692-802690e61dc7/datanode-0/data/ratis] (custom)
2019-07-13 12:47:30,859 INFO  storage.RaftStorageDirectory (RaftStorageDirectory.java:analyzeStorage(246)) - The storage directory /tmp/workdir/hadoop-ozone/integration-test/target/test-dir/MiniOzoneClusterImpl-71be8316-c956-478f-8692-802690e61dc7/datanode-0/data/ratis/75635881-d81f-4f23-8d31-84480cd470b2 does not exist. Creating ...
2019-07-13 12:47:30,862 INFO  storage.RaftStorageDirectory (RaftStorageDirectory.java:tryLock(328)) - Lock on /tmp/workdir/hadoop-ozone/integration-test/target/test-dir/MiniOzoneClusterImpl-71be8316-c956-478f-8692-802690e61dc7/datanode-1/data/ratis/75635881-d81f-4f23-8d31-84480cd470b2/in_use.lock acquired by nodename 28904@trunk-nightly-q2gwj-1111726333
2019-07-13 12:47:30,862 INFO  storage.RaftStorageDirectory (RaftStorageDirectory.java:tryLock(328)) - Lock on /tmp/workdir/hadoop-ozone/integration-test/target/test-dir/MiniOzoneClusterImpl-71be8316-c956-478f-8692-802690e61dc7/datanode-2/data/ratis/75635881-d81f-4f23-8d31-84480cd470b2/in_use.lock acquired by nodename 28904@trunk-nightly-q2gwj-1111726333
2019-07-13 12:47:30,864 INFO  storage.RaftStorageDirectory (RaftStorageDirectory.java:tryLock(328)) - Lock on /tmp/workdir/hadoop-ozone/integration-test/target/test-dir/MiniOzoneClusterImpl-71be8316-c956-478f-8692-802690e61dc7/datanode-0/data/ratis/75635881-d81f-4f23-8d31-84480cd470b2/in_use.lock acquired by nodename 28904@trunk-nightly-q2gwj-1111726333
2019-07-13 12:47:30,868 INFO  storage.RaftStorage (RaftStorage.java:format(72)) - Storage directory /tmp/workdir/hadoop-ozone/integration-test/target/test-dir/MiniOzoneClusterImpl-71be8316-c956-478f-8692-802690e61dc7/datanode-0/data/ratis/75635881-d81f-4f23-8d31-84480cd470b2 has been successfully formatted.
2019-07-13 12:47:30,868 INFO  storage.RaftStorage (RaftStorage.java:format(72)) - Storage directory /tmp/workdir/hadoop-ozone/integration-test/target/test-dir/MiniOzoneClusterImpl-71be8316-c956-478f-8692-802690e61dc7/datanode-1/data/ratis/75635881-d81f-4f23-8d31-84480cd470b2 has been successfully formatted.
2019-07-13 12:47:30,868 INFO  storage.RaftStorage (RaftStorage.java:format(72)) - Storage directory /tmp/workdir/hadoop-ozone/integration-test/target/test-dir/MiniOzoneClusterImpl-71be8316-c956-478f-8692-802690e61dc7/datanode-2/data/ratis/75635881-d81f-4f23-8d31-84480cd470b2 has been successfully formatted.
2019-07-13 12:47:30,869 INFO  ratis.ContainerStateMachine (ContainerStateMachine.java:loadSnapshot(200)) - The snapshot info is null.Setting the last applied index to:(t:0, i:~)
2019-07-13 12:47:30,869 INFO  ratis.ContainerStateMachine (ContainerStateMachine.java:loadSnapshot(200)) - The snapshot info is null.Setting the last applied index to:(t:0, i:~)
2019-07-13 12:47:30,869 INFO  server.RaftServerConfigKeys (ConfUtils.java:logGet(43)) - raft.server.leader.election.timeout = 120s (custom)
2019-07-13 12:47:30,869 INFO  ratis.ContainerStateMachine (ContainerStateMachine.java:loadSnapshot(200)) - The snapshot info is null.Setting the last applied index to:(t:0, i:~)
2019-07-13 12:47:30,870 INFO  server.RaftServerConfigKeys (ConfUtils.java:logGet(43)) - raft.server.log.use.memory = false (default)
2019-07-13 12:47:30,869 INFO  server.RaftServerConfigKeys (ConfUtils.java:logGet(43)) - raft.server.leader.election.timeout = 120s (custom)
2019-07-13 12:47:30,870 INFO  server.RaftServerConfigKeys (ConfUtils.java:logGet(43)) - raft.server.log.purge.gap = 1000000000 (custom)
2019-07-13 12:47:30,870 INFO  server.RaftServerConfigKeys (ConfUtils.java:logGet(43)) - raft.server.leader.election.timeout = 120s (custom)
2019-07-13 12:47:30,870 INFO  server.RaftServerConfigKeys (ConfUtils.java:logGet(43)) - raft.server.log.appender.buffer.byte-limit = 33554432 (custom)
2019-07-13 12:47:30,870 INFO  server.RaftServerConfigKeys (ConfUtils.java:logGet(43)) - raft.server.log.use.memory = false (default)
2019-07-13 12:47:30,870 INFO  server.RaftServerConfigKeys (ConfUtils.java:logGet(43)) - raft.server.log.segment.size.max = 1048576 (custom)
2019-07-13 12:47:30,870 INFO  server.RaftServerConfigKeys (ConfUtils.java:logGet(43)) - raft.server.log.use.memory = false (default)
2019-07-13 12:47:30,871 INFO  server.RaftServerConfigKeys (ConfUtils.java:logGet(43)) - raft.server.log.segment.cache.num.max = 2 (custom)
2019-07-13 12:47:30,871 INFO  server.RaftServerConfigKeys (ConfUtils.java:logGet(43)) - raft.server.log.purge.gap = 1000000000 (custom)
2019-07-13 12:47:30,871 INFO  segmented.SegmentedRaftLogWorker (SegmentedRaftLogWorker.java:<init>(172)) - new 2ce21e82-9fce-4154-8460-38f4062df44e-SegmentedRaftLogWorker:Storage Directory /tmp/workdir/hadoop-ozone/integration-test/target/test-dir/MiniOzoneClusterImpl-71be8316-c956-478f-8692-802690e61dc7/datanode-1/data/ratis/75635881-d81f-4f23-8d31-84480cd470b2 for RaftStorage:Storage Directory /tmp/workdir/hadoop-ozone/integration-test/target/test-dir/MiniOzoneClusterImpl-71be8316-c956-478f-8692-802690e61dc7/datanode-1/data/ratis/75635881-d81f-4f23-8d31-84480cd470b2
2019-07-13 12:47:30,871 INFO  server.RaftServerConfigKeys (ConfUtils.java:logGet(43)) - raft.server.log.purge.gap = 1000000000 (custom)
2019-07-13 12:47:30,871 INFO  server.RaftServerConfigKeys (ConfUtils.java:logGet(43)) - raft.server.log.queue.byte-limit = 2147483647 (custom)
2019-07-13 12:47:30,871 INFO  server.RaftServerConfigKeys (ConfUtils.java:logGet(43)) - raft.server.log.appender.buffer.byte-limit = 33554432 (custom)
2019-07-13 12:47:30,872 INFO  server.RaftServerConfigKeys (ConfUtils.java:logGet(43)) - raft.server.log.queue.element-limit = 1024 (custom)
2019-07-13 12:47:30,872 INFO  server.RaftServerConfigKeys (ConfUtils.java:logGet(43)) - raft.server.log.appender.buffer.byte-limit = 33554432 (custom)
2019-07-13 12:47:30,872 INFO  server.RaftServerConfigKeys (ConfUtils.java:logGet(43)) - raft.server.log.segment.size.max = 1048576 (custom)
2019-07-13 12:47:30,872 INFO  server.RaftServerConfigKeys (ConfUtils.java:logGet(43)) - raft.server.log.preallocated.size = 16384 (custom)
2019-07-13 12:47:30,872 INFO  server.RaftServerConfigKeys (ConfUtils.java:logGet(43)) - raft.server.log.segment.size.max = 1048576 (custom)
2019-07-13 12:47:30,873 INFO  server.RaftServerConfigKeys (ConfUtils.java:logGet(43)) - raft.server.log.write.buffer.size = 33554432 (custom)
2019-07-13 12:47:30,873 INFO  server.RaftServerConfigKeys (ConfUtils.java:logGet(43)) - raft.server.log.force.sync.num = 128 (default)
2019-07-13 12:47:30,872 INFO  server.RaftServerConfigKeys (ConfUtils.java:logGet(43)) - raft.server.log.segment.size.max = 1048576 (custom)
2019-07-13 12:47:30,873 INFO  server.RaftServerConfigKeys (ConfUtils.java:logGet(43)) - raft.server.log.statemachine.data.sync = true (default)
2019-07-13 12:47:30,873 INFO  server.RaftServerConfigKeys (ConfUtils.java:logGet(43)) - raft.server.log.segment.cache.num.max = 2 (custom)
2019-07-13 12:47:30,873 INFO  server.RaftServerConfigKeys (ConfUtils.java:logGet(43)) - raft.server.log.statemachine.data.sync.timeout = 10s (default)
2019-07-13 12:47:30,873 INFO  server.RaftServerConfigKeys (ConfUtils.java:logGet(43)) - raft.server.log.segment.cache.num.max = 2 (custom)
2019-07-13 12:47:30,874 INFO  server.RaftServerConfigKeys (ConfUtils.java:logGet(43)) - raft.server.log.statemachine.data.sync.timeout.retry = -1 (default)
2019-07-13 12:47:30,874 INFO  segmented.SegmentedRaftLogWorker (SegmentedRaftLogWorker.java:<init>(172)) - new 64ca150a-c620-4294-84e2-4b85544ea83d-SegmentedRaftLogWorker:Storage Directory /tmp/workdir/hadoop-ozone/integration-test/target/test-dir/MiniOzoneClusterImpl-71be8316-c956-478f-8692-802690e61dc7/datanode-0/data/ratis/75635881-d81f-4f23-8d31-84480cd470b2 for RaftStorage:Storage Directory /tmp/workdir/hadoop-ozone/integration-test/target/test-dir/MiniOzoneClusterImpl-71be8316-c956-478f-8692-802690e61dc7/datanode-0/data/ratis/75635881-d81f-4f23-8d31-84480cd470b2
2019-07-13 12:47:30,874 INFO  server.RaftServerConfigKeys (ConfUtils.java:logGet(43)) - raft.server.log.statemachine.data.caching.enabled = true (custom)
2019-07-13 12:47:30,874 INFO  segmented.SegmentedRaftLogWorker (SegmentedRaftLogWorker.java:<init>(172)) - new cf888fe8-b99d-436a-b792-f838102cda43-SegmentedRaftLogWorker:Storage Directory /tmp/workdir/hadoop-ozone/integration-test/target/test-dir/MiniOzoneClusterImpl-71be8316-c956-478f-8692-802690e61dc7/datanode-2/data/ratis/75635881-d81f-4f23-8d31-84480cd470b2 for RaftStorage:Storage Directory /tmp/workdir/hadoop-ozone/integration-test/target/test-dir/MiniOzoneClusterImpl-71be8316-c956-478f-8692-802690e61dc7/datanode-2/data/ratis/75635881-d81f-4f23-8d31-84480cd470b2
2019-07-13 12:47:30,874 INFO  server.RaftServerConfigKeys (ConfUtils.java:logGet(43)) - raft.server.log.queue.byte-limit = 2147483647 (custom)
2019-07-13 12:47:30,875 INFO  segmented.SegmentedRaftLogWorker (SegmentedRaftLogWorker.java:lambda$new$0(132)) - 2ce21e82-9fce-4154-8460-38f4062df44e-SegmentedRaftLogWorker:Storage Directory /tmp/workdir/hadoop-ozone/integration-test/target/test-dir/MiniOzoneClusterImpl-71be8316-c956-478f-8692-802690e61dc7/datanode-1/data/ratis/75635881-d81f-4f23-8d31-84480cd470b2: flushIndex: setUnconditionally 0 -> -1
2019-07-13 12:47:30,875 INFO  server.RaftServerConfigKeys (ConfUtils.java:logGet(43)) - raft.server.log.queue.byte-limit = 2147483647 (custom)
2019-07-13 12:47:30,875 INFO  server.RaftServerConfigKeys (ConfUtils.java:logGet(43)) - raft.server.log.queue.element-limit = 1024 (custom)
2019-07-13 12:47:30,875 INFO  server.RaftServerConfigKeys (ConfUtils.java:logGet(43)) - raft.server.snapshot.auto.trigger.enabled = true (custom)
2019-07-13 12:47:30,875 INFO  server.RaftServerConfigKeys (ConfUtils.java:logGet(43)) - raft.server.log.queue.element-limit = 1024 (custom)
2019-07-13 12:47:30,875 INFO  server.RaftServerConfigKeys (ConfUtils.java:logGet(43)) - raft.server.snapshot.auto.trigger.threshold = 10000 (custom)
2019-07-13 12:47:30,875 INFO  server.RaftServerConfigKeys (ConfUtils.java:logGet(43)) - raft.server.log.segment.size.max = 1048576 (custom)
2019-07-13 12:47:30,876 INFO  server.RaftServerConfigKeys (ConfUtils.java:logGet(43)) - raft.server.retrycache.expirytime = 600000ms (custom)
2019-07-13 12:47:30,876 INFO  server.RaftServerConfigKeys (ConfUtils.java:logGet(43)) - raft.server.log.segment.size.max = 1048576 (custom)
2019-07-13 12:47:30,876 INFO  impl.RaftServerImpl (RaftServerImpl.java:start(180)) - 2ce21e82-9fce-4154-8460-38f4062df44e: start group-84480CD470B2
2019-07-13 12:47:30,876 INFO  server.RaftServerConfigKeys (ConfUtils.java:logGet(43)) - raft.server.log.preallocated.size = 16384 (custom)
2019-07-13 12:47:30,876 INFO  impl.RaftServerImpl (RaftServerImpl.java:setRole(171)) - 2ce21e82-9fce-4154-8460-38f4062df44e:group-84480CD470B2 changes role from null to FOLLOWER at term 0 for startAsFollower
2019-07-13 12:47:30,876 INFO  server.RaftServerConfigKeys (ConfUtils.java:logGet(43)) - raft.server.log.preallocated.size = 16384 (custom)
2019-07-13 12:47:30,877 INFO  impl.RoleInfo (RoleInfo.java:updateAndGet(143)) - 2ce21e82-9fce-4154-8460-38f4062df44e: start FollowerState
2019-07-13 12:47:30,877 INFO  server.RaftServerConfigKeys (ConfUtils.java:logGet(43)) - raft.server.log.write.buffer.size = 33554432 (custom)
2019-07-13 12:47:30,877 INFO  server.RaftServerConfigKeys (ConfUtils.java:logGet(43)) - raft.server.log.write.buffer.size = 33554432 (custom)
2019-07-13 12:47:30,877 INFO  util.JmxRegister (JmxRegister.java:tryRegister(44)) - Successfully registered JMX Bean with object name Ratis:service=RaftServer,group=group-84480CD470B2,id=2ce21e82-9fce-4154-8460-38f4062df44e
2019-07-13 12:47:30,877 INFO  server.RaftServerConfigKeys (ConfUtils.java:logGet(43)) - raft.server.log.force.sync.num = 128 (default)
2019-07-13 12:47:30,877 INFO  server.RaftServerConfigKeys (ConfUtils.java:logGet(43)) - raft.server.log.force.sync.num = 128 (default)
2019-07-13 12:47:30,878 INFO  server.RaftServerConfigKeys (ConfUtils.java:logGet(43)) - raft.server.log.statemachine.data.sync = true (default)
2019-07-13 12:47:30,878 INFO  server.RaftServerConfigKeys (ConfUtils.java:logGet(43)) - raft.server.log.statemachine.data.sync = true (default)
2019-07-13 12:47:30,878 INFO  server.RaftServerConfigKeys (ConfUtils.java:logGet(43)) - raft.server.log.statemachine.data.sync.timeout = 10s (default)
2019-07-13 12:47:30,878 INFO  server.RaftServerConfigKeys (ConfUtils.java:logGet(43)) - raft.server.log.statemachine.data.sync.timeout = 10s (default)
2019-07-13 12:47:30,879 INFO  server.RaftServerConfigKeys (ConfUtils.java:logGet(43)) - raft.server.log.statemachine.data.sync.timeout.retry = -1 (default)
2019-07-13 12:47:30,879 INFO  server.RaftServerConfigKeys (ConfUtils.java:logGet(43)) - raft.server.log.statemachine.data.sync.timeout.retry = -1 (default)
2019-07-13 12:47:30,879 INFO  server.RaftServerConfigKeys (ConfUtils.java:logGet(43)) - raft.server.log.statemachine.data.caching.enabled = true (custom)
2019-07-13 12:47:30,879 INFO  server.RaftServerConfigKeys (ConfUtils.java:logGet(43)) - raft.server.log.statemachine.data.caching.enabled = true (custom)
2019-07-13 12:47:30,879 INFO  segmented.SegmentedRaftLogWorker (SegmentedRaftLogWorker.java:lambda$new$0(132)) - 64ca150a-c620-4294-84e2-4b85544ea83d-SegmentedRaftLogWorker:Storage Directory /tmp/workdir/hadoop-ozone/integration-test/target/test-dir/MiniOzoneClusterImpl-71be8316-c956-478f-8692-802690e61dc7/datanode-0/data/ratis/75635881-d81f-4f23-8d31-84480cd470b2: flushIndex: setUnconditionally 0 -> -1
2019-07-13 12:47:30,879 INFO  segmented.SegmentedRaftLogWorker (SegmentedRaftLogWorker.java:lambda$new$0(132)) - cf888fe8-b99d-436a-b792-f838102cda43-SegmentedRaftLogWorker:Storage Directory /tmp/workdir/hadoop-ozone/integration-test/target/test-dir/MiniOzoneClusterImpl-71be8316-c956-478f-8692-802690e61dc7/datanode-2/data/ratis/75635881-d81f-4f23-8d31-84480cd470b2: flushIndex: setUnconditionally 0 -> -1
2019-07-13 12:47:30,880 INFO  server.RaftServerConfigKeys (ConfUtils.java:logGet(43)) - raft.server.snapshot.auto.trigger.enabled = true (custom)
2019-07-13 12:47:30,880 INFO  server.RaftServerConfigKeys (ConfUtils.java:logGet(43)) - raft.server.snapshot.auto.trigger.enabled = true (custom)
2019-07-13 12:47:30,880 INFO  server.RaftServerConfigKeys (ConfUtils.java:logGet(43)) - raft.server.snapshot.auto.trigger.threshold = 10000 (custom)
2019-07-13 12:47:30,880 INFO  server.RaftServerConfigKeys (ConfUtils.java:logGet(43)) - raft.server.snapshot.auto.trigger.threshold = 10000 (custom)
2019-07-13 12:47:30,880 INFO  server.RaftServerConfigKeys (ConfUtils.java:logGet(43)) - raft.server.retrycache.expirytime = 600000ms (custom)
2019-07-13 12:47:30,881 INFO  server.RaftServerConfigKeys (ConfUtils.java:logGet(43)) - raft.server.retrycache.expirytime = 600000ms (custom)
2019-07-13 12:47:30,881 INFO  impl.RaftServerImpl (RaftServerImpl.java:start(180)) - 64ca150a-c620-4294-84e2-4b85544ea83d: start group-84480CD470B2
2019-07-13 12:47:30,881 INFO  impl.RaftServerImpl (RaftServerImpl.java:start(180)) - cf888fe8-b99d-436a-b792-f838102cda43: start group-84480CD470B2
2019-07-13 12:47:30,881 INFO  impl.RaftServerImpl (RaftServerImpl.java:setRole(171)) - 64ca150a-c620-4294-84e2-4b85544ea83d:group-84480CD470B2 changes role from null to FOLLOWER at term 0 for startAsFollower
2019-07-13 12:47:30,881 INFO  impl.RaftServerImpl (RaftServerImpl.java:setRole(171)) - cf888fe8-b99d-436a-b792-f838102cda43:group-84480CD470B2 changes role from null to FOLLOWER at term 0 for startAsFollower
2019-07-13 12:47:30,881 INFO  impl.RoleInfo (RoleInfo.java:updateAndGet(143)) - 64ca150a-c620-4294-84e2-4b85544ea83d: start FollowerState
2019-07-13 12:47:30,881 INFO  impl.RoleInfo (RoleInfo.java:updateAndGet(143)) - cf888fe8-b99d-436a-b792-f838102cda43: start FollowerState
2019-07-13 12:47:30,882 INFO  util.JmxRegister (JmxRegister.java:tryRegister(44)) - Successfully registered JMX Bean with object name Ratis:service=RaftServer,group=group-84480CD470B2,id=64ca150a-c620-4294-84e2-4b85544ea83d
2019-07-13 12:47:30,882 INFO  util.JmxRegister (JmxRegister.java:tryRegister(44)) - Successfully registered JMX Bean with object name Ratis:service=RaftServer,group=group-84480CD470B2,id=cf888fe8-b99d-436a-b792-f838102cda43
2019-07-13 12:47:30,885 INFO  pipeline.PipelineStateManager (PipelineStateManager.java:addPipeline(56)) - Created pipeline Pipeline[ Id: 75635881-d81f-4f23-8d31-84480cd470b2, Nodes: 64ca150a-c620-4294-84e2-4b85544ea83d{ip: 192.168.5.181, host: trunk-nightly-q2gwj-1111726333, networkLocation: /default-rack, certSerialId: null}cf888fe8-b99d-436a-b792-f838102cda43{ip: 192.168.5.181, host: trunk-nightly-q2gwj-1111726333, networkLocation: /default-rack, certSerialId: null}2ce21e82-9fce-4154-8460-38f4062df44e{ip: 192.168.5.181, host: trunk-nightly-q2gwj-1111726333, networkLocation: /default-rack, certSerialId: null}, Type:RATIS, Factor:THREE, State:OPEN]
2019-07-13 12:47:30,962 INFO  node.SCMNodeManager (SCMNodeManager.java:register(269)) - Registered Data node : 0cc818b2-3655-4b38-aa98-30ee9aa8883a{ip: 192.168.5.181, host: trunk-nightly-q2gwj-1111726333, networkLocation: /default-rack, certSerialId: null}
2019-07-13 12:47:30,973 INFO  impl.RaftServerProxy (RaftServerProxy.java:addNew(89)) - 0cc818b2-3655-4b38-aa98-30ee9aa8883a: addNew group-D6426E9EC305:[0cc818b2-3655-4b38-aa98-30ee9aa8883a:192.168.5.181:37756] returns group-D6426E9EC305:java.util.concurrent.CompletableFuture@11dc7f99[Not completed]
2019-07-13 12:47:30,975 INFO  impl.RaftServerImpl (RaftServerImpl.java:<init>(93)) - 0cc818b2-3655-4b38-aa98-30ee9aa8883a: new RaftServerImpl for group-D6426E9EC305:[0cc818b2-3655-4b38-aa98-30ee9aa8883a:192.168.5.181:37756] with ContainerStateMachine:uninitialized
2019-07-13 12:47:30,975 INFO  server.RaftServerConfigKeys (ConfUtils.java:logGet(43)) - raft.server.rpc.timeout.min = 5s (custom)
2019-07-13 12:47:30,975 INFO  server.RaftServerConfigKeys (ConfUtils.java:logGet(43)) - raft.server.rpc.timeout.max = 5200ms (custom)
2019-07-13 12:47:30,975 INFO  server.RaftServerConfigKeys (ConfUtils.java:logGet(43)) - raft.server.rpcslowness.timeout = 120s (custom)
2019-07-13 12:47:30,975 INFO  server.RaftServerConfigKeys (ConfUtils.java:logGet(43)) - raft.server.sleep.deviation.threshold = 300 (default)
2019-07-13 12:47:30,976 INFO  server.RaftServerConfigKeys (ConfUtils.java:logGet(43)) - raft.server.log.appender.install.snapshot.enabled = false (custom)
2019-07-13 12:47:30,976 INFO  impl.RaftServerImpl (ServerState.java:<init>(105)) - 0cc818b2-3655-4b38-aa98-30ee9aa8883a:group-D6426E9EC305 ConfigurationManager, init=-1: [0cc818b2-3655-4b38-aa98-30ee9aa8883a:192.168.5.181:37756], old=null, confs=<EMPTY_MAP>
2019-07-13 12:47:30,976 INFO  server.RaftServerConfigKeys (ConfUtils.java:logGet(43)) - raft.server.storage.dir = [/tmp/workdir/hadoop-ozone/integration-test/target/test-dir/MiniOzoneClusterImpl-71be8316-c956-478f-8692-802690e61dc7/datanode-3/data/ratis] (custom)
2019-07-13 12:47:30,977 INFO  storage.RaftStorageDirectory (RaftStorageDirectory.java:analyzeStorage(246)) - The storage directory /tmp/workdir/hadoop-ozone/integration-test/target/test-dir/MiniOzoneClusterImpl-71be8316-c956-478f-8692-802690e61dc7/datanode-3/data/ratis/a9e53aba-971c-4c5d-b833-d6426e9ec305 does not exist. Creating ...
2019-07-13 12:47:30,988 INFO  storage.RaftStorageDirectory (RaftStorageDirectory.java:tryLock(328)) - Lock on /tmp/workdir/hadoop-ozone/integration-test/target/test-dir/MiniOzoneClusterImpl-71be8316-c956-478f-8692-802690e61dc7/datanode-3/data/ratis/a9e53aba-971c-4c5d-b833-d6426e9ec305/in_use.lock acquired by nodename 28904@trunk-nightly-q2gwj-1111726333
2019-07-13 12:47:30,992 INFO  storage.RaftStorage (RaftStorage.java:format(72)) - Storage directory /tmp/workdir/hadoop-ozone/integration-test/target/test-dir/MiniOzoneClusterImpl-71be8316-c956-478f-8692-802690e61dc7/datanode-3/data/ratis/a9e53aba-971c-4c5d-b833-d6426e9ec305 has been successfully formatted.
2019-07-13 12:47:30,992 INFO  ratis.ContainerStateMachine (ContainerStateMachine.java:loadSnapshot(200)) - The snapshot info is null.Setting the last applied index to:(t:0, i:~)
2019-07-13 12:47:30,992 INFO  server.RaftServerConfigKeys (ConfUtils.java:logGet(43)) - raft.server.leader.election.timeout = 120s (custom)
2019-07-13 12:47:30,993 INFO  server.RaftServerConfigKeys (ConfUtils.java:logGet(43)) - raft.server.log.use.memory = false (default)
2019-07-13 12:47:30,993 INFO  server.RaftServerConfigKeys (ConfUtils.java:logGet(43)) - raft.server.log.purge.gap = 1000000000 (custom)
2019-07-13 12:47:30,993 INFO  server.RaftServerConfigKeys (ConfUtils.java:logGet(43)) - raft.server.log.appender.buffer.byte-limit = 33554432 (custom)
2019-07-13 12:47:30,993 INFO  server.RaftServerConfigKeys (ConfUtils.java:logGet(43)) - raft.server.log.segment.size.max = 1048576 (custom)
2019-07-13 12:47:30,993 INFO  server.RaftServerConfigKeys (ConfUtils.java:logGet(43)) - raft.server.log.segment.cache.num.max = 2 (custom)
2019-07-13 12:47:30,993 INFO  segmented.SegmentedRaftLogWorker (SegmentedRaftLogWorker.java:<init>(172)) - new 0cc818b2-3655-4b38-aa98-30ee9aa8883a-SegmentedRaftLogWorker:Storage Directory /tmp/workdir/hadoop-ozone/integration-test/target/test-dir/MiniOzoneClusterImpl-71be8316-c956-478f-8692-802690e61dc7/datanode-3/data/ratis/a9e53aba-971c-4c5d-b833-d6426e9ec305 for RaftStorage:Storage Directory /tmp/workdir/hadoop-ozone/integration-test/target/test-dir/MiniOzoneClusterImpl-71be8316-c956-478f-8692-802690e61dc7/datanode-3/data/ratis/a9e53aba-971c-4c5d-b833-d6426e9ec305
2019-07-13 12:47:30,994 INFO  server.RaftServerConfigKeys (ConfUtils.java:logGet(43)) - raft.server.log.queue.byte-limit = 2147483647 (custom)
2019-07-13 12:47:30,994 INFO  server.RaftServerConfigKeys (ConfUtils.java:logGet(43)) - raft.server.log.queue.element-limit = 1024 (custom)
2019-07-13 12:47:30,994 INFO  server.RaftServerConfigKeys (ConfUtils.java:logGet(43)) - raft.server.log.segment.size.max = 1048576 (custom)
2019-07-13 12:47:30,994 INFO  server.RaftServerConfigKeys (ConfUtils.java:logGet(43)) - raft.server.log.preallocated.size = 16384 (custom)
2019-07-13 12:47:30,994 INFO  server.RaftServerConfigKeys (ConfUtils.java:logGet(43)) - raft.server.log.write.buffer.size = 33554432 (custom)
2019-07-13 12:47:30,994 INFO  server.RaftServerConfigKeys (ConfUtils.java:logGet(43)) - raft.server.log.force.sync.num = 128 (default)
2019-07-13 12:47:30,995 INFO  server.RaftServerConfigKeys (ConfUtils.java:logGet(43)) - raft.server.log.statemachine.data.sync = true (default)
2019-07-13 12:47:30,995 INFO  server.RaftServerConfigKeys (ConfUtils.java:logGet(43)) - raft.server.log.statemachine.data.sync.timeout = 10s (default)
2019-07-13 12:47:30,995 INFO  server.RaftServerConfigKeys (ConfUtils.java:logGet(43)) - raft.server.log.statemachine.data.sync.timeout.retry = -1 (default)
2019-07-13 12:47:30,995 INFO  server.RaftServerConfigKeys (ConfUtils.java:logGet(43)) - raft.server.log.statemachine.data.caching.enabled = true (custom)
2019-07-13 12:47:30,996 INFO  segmented.SegmentedRaftLogWorker (SegmentedRaftLogWorker.java:lambda$new$0(132)) - 0cc818b2-3655-4b38-aa98-30ee9aa8883a-SegmentedRaftLogWorker:Storage Directory /tmp/workdir/hadoop-ozone/integration-test/target/test-dir/MiniOzoneClusterImpl-71be8316-c956-478f-8692-802690e61dc7/datanode-3/data/ratis/a9e53aba-971c-4c5d-b833-d6426e9ec305: flushIndex: setUnconditionally 0 -> -1
2019-07-13 12:47:30,996 INFO  server.RaftServerConfigKeys (ConfUtils.java:logGet(43)) - raft.server.snapshot.auto.trigger.enabled = true (custom)
2019-07-13 12:47:30,996 INFO  server.RaftServerConfigKeys (ConfUtils.java:logGet(43)) - raft.server.snapshot.auto.trigger.threshold = 10000 (custom)
2019-07-13 12:47:30,996 INFO  server.RaftServerConfigKeys (ConfUtils.java:logGet(43)) - raft.server.retrycache.expirytime = 600000ms (custom)
2019-07-13 12:47:30,997 INFO  impl.RaftServerImpl (RaftServerImpl.java:start(180)) - 0cc818b2-3655-4b38-aa98-30ee9aa8883a: start group-D6426E9EC305
2019-07-13 12:47:30,997 INFO  impl.RaftServerImpl (RaftServerImpl.java:setRole(171)) - 0cc818b2-3655-4b38-aa98-30ee9aa8883a:group-D6426E9EC305 changes role from null to FOLLOWER at term 0 for startAsFollower
2019-07-13 12:47:30,997 INFO  impl.RoleInfo (RoleInfo.java:updateAndGet(143)) - 0cc818b2-3655-4b38-aa98-30ee9aa8883a: start FollowerState
2019-07-13 12:47:30,997 INFO  util.JmxRegister (JmxRegister.java:tryRegister(44)) - Successfully registered JMX Bean with object name Ratis:service=RaftServer,group=group-D6426E9EC305,id=0cc818b2-3655-4b38-aa98-30ee9aa8883a
2019-07-13 12:47:31,000 INFO  pipeline.PipelineStateManager (PipelineStateManager.java:addPipeline(56)) - Created pipeline Pipeline[ Id: a9e53aba-971c-4c5d-b833-d6426e9ec305, Nodes: 0cc818b2-3655-4b38-aa98-30ee9aa8883a{ip: 192.168.5.181, host: trunk-nightly-q2gwj-1111726333, networkLocation: /default-rack, certSerialId: null}, Type:RATIS, Factor:ONE, State:OPEN]
2019-07-13 12:47:31,112 INFO  node.SCMNodeManager (SCMNodeManager.java:register(269)) - Registered Data node : 9d67b015-4379-453f-80ad-debbdf296f86{ip: 192.168.5.181, host: trunk-nightly-q2gwj-1111726333, networkLocation: /default-rack, certSerialId: null}
2019-07-13 12:47:31,127 INFO  impl.RaftServerProxy (RaftServerProxy.java:addNew(89)) - 9d67b015-4379-453f-80ad-debbdf296f86: addNew group-2A1E8FAC9030:[9d67b015-4379-453f-80ad-debbdf296f86:192.168.5.181:45428] returns group-2A1E8FAC9030:java.util.concurrent.CompletableFuture@4900140[Not completed]
2019-07-13 12:47:31,128 INFO  impl.RaftServerImpl (RaftServerImpl.java:<init>(93)) - 9d67b015-4379-453f-80ad-debbdf296f86: new RaftServerImpl for group-2A1E8FAC9030:[9d67b015-4379-453f-80ad-debbdf296f86:192.168.5.181:45428] with ContainerStateMachine:uninitialized
2019-07-13 12:47:31,128 INFO  server.RaftServerConfigKeys (ConfUtils.java:logGet(43)) - raft.server.rpc.timeout.min = 5s (custom)
2019-07-13 12:47:31,128 INFO  server.RaftServerConfigKeys (ConfUtils.java:logGet(43)) - raft.server.rpc.timeout.max = 5200ms (custom)
2019-07-13 12:47:31,128 INFO  server.RaftServerConfigKeys (ConfUtils.java:logGet(43)) - raft.server.rpcslowness.timeout = 120s (custom)
2019-07-13 12:47:31,128 INFO  server.RaftServerConfigKeys (ConfUtils.java:logGet(43)) - raft.server.sleep.deviation.threshold = 300 (default)
2019-07-13 12:47:31,129 INFO  server.RaftServerConfigKeys (ConfUtils.java:logGet(43)) - raft.server.log.appender.install.snapshot.enabled = false (custom)
2019-07-13 12:47:31,129 INFO  impl.RaftServerImpl (ServerState.java:<init>(105)) - 9d67b015-4379-453f-80ad-debbdf296f86:group-2A1E8FAC9030 ConfigurationManager, init=-1: [9d67b015-4379-453f-80ad-debbdf296f86:192.168.5.181:45428], old=null, confs=<EMPTY_MAP>
2019-07-13 12:47:31,129 INFO  server.RaftServerConfigKeys (ConfUtils.java:logGet(43)) - raft.server.storage.dir = [/tmp/workdir/hadoop-ozone/integration-test/target/test-dir/MiniOzoneClusterImpl-71be8316-c956-478f-8692-802690e61dc7/datanode-4/data/ratis] (custom)
2019-07-13 12:47:31,129 INFO  storage.RaftStorageDirectory (RaftStorageDirectory.java:analyzeStorage(246)) - The storage directory /tmp/workdir/hadoop-ozone/integration-test/target/test-dir/MiniOzoneClusterImpl-71be8316-c956-478f-8692-802690e61dc7/datanode-4/data/ratis/795e05f1-8914-4547-b4af-2a1e8fac9030 does not exist. Creating ...
2019-07-13 12:47:31,134 INFO  storage.RaftStorageDirectory (RaftStorageDirectory.java:tryLock(328)) - Lock on /tmp/workdir/hadoop-ozone/integration-test/target/test-dir/MiniOzoneClusterImpl-71be8316-c956-478f-8692-802690e61dc7/datanode-4/data/ratis/795e05f1-8914-4547-b4af-2a1e8fac9030/in_use.lock acquired by nodename 28904@trunk-nightly-q2gwj-1111726333
2019-07-13 12:47:31,137 INFO  storage.RaftStorage (RaftStorage.java:format(72)) - Storage directory /tmp/workdir/hadoop-ozone/integration-test/target/test-dir/MiniOzoneClusterImpl-71be8316-c956-478f-8692-802690e61dc7/datanode-4/data/ratis/795e05f1-8914-4547-b4af-2a1e8fac9030 has been successfully formatted.
2019-07-13 12:47:31,137 INFO  ratis.ContainerStateMachine (ContainerStateMachine.java:loadSnapshot(200)) - The snapshot info is null.Setting the last applied index to:(t:0, i:~)
2019-07-13 12:47:31,138 INFO  server.RaftServerConfigKeys (ConfUtils.java:logGet(43)) - raft.server.leader.election.timeout = 120s (custom)
2019-07-13 12:47:31,138 INFO  server.RaftServerConfigKeys (ConfUtils.java:logGet(43)) - raft.server.log.use.memory = false (default)
2019-07-13 12:47:31,138 INFO  server.RaftServerConfigKeys (ConfUtils.java:logGet(43)) - raft.server.log.purge.gap = 1000000000 (custom)
2019-07-13 12:47:31,138 INFO  server.RaftServerConfigKeys (ConfUtils.java:logGet(43)) - raft.server.log.appender.buffer.byte-limit = 33554432 (custom)
2019-07-13 12:47:31,138 INFO  server.RaftServerConfigKeys (ConfUtils.java:logGet(43)) - raft.server.log.segment.size.max = 1048576 (custom)
2019-07-13 12:47:31,138 INFO  server.RaftServerConfigKeys (ConfUtils.java:logGet(43)) - raft.server.log.segment.cache.num.max = 2 (custom)
2019-07-13 12:47:31,138 INFO  segmented.SegmentedRaftLogWorker (SegmentedRaftLogWorker.java:<init>(172)) - new 9d67b015-4379-453f-80ad-debbdf296f86-SegmentedRaftLogWorker:Storage Directory /tmp/workdir/hadoop-ozone/integration-test/target/test-dir/MiniOzoneClusterImpl-71be8316-c956-478f-8692-802690e61dc7/datanode-4/data/ratis/795e05f1-8914-4547-b4af-2a1e8fac9030 for RaftStorage:Storage Directory /tmp/workdir/hadoop-ozone/integration-test/target/test-dir/MiniOzoneClusterImpl-71be8316-c956-478f-8692-802690e61dc7/datanode-4/data/ratis/795e05f1-8914-4547-b4af-2a1e8fac9030
2019-07-13 12:47:31,139 INFO  server.RaftServerConfigKeys (ConfUtils.java:logGet(43)) - raft.server.log.queue.byte-limit = 2147483647 (custom)
2019-07-13 12:47:31,139 INFO  server.RaftServerConfigKeys (ConfUtils.java:logGet(43)) - raft.server.log.queue.element-limit = 1024 (custom)
2019-07-13 12:47:31,139 INFO  server.RaftServerConfigKeys (ConfUtils.java:logGet(43)) - raft.server.log.segment.size.max = 1048576 (custom)
2019-07-13 12:47:31,139 INFO  server.RaftServerConfigKeys (ConfUtils.java:logGet(43)) - raft.server.log.preallocated.size = 16384 (custom)
2019-07-13 12:47:31,139 INFO  server.RaftServerConfigKeys (ConfUtils.java:logGet(43)) - raft.server.log.write.buffer.size = 33554432 (custom)
2019-07-13 12:47:31,139 INFO  server.RaftServerConfigKeys (ConfUtils.java:logGet(43)) - raft.server.log.force.sync.num = 128 (default)
2019-07-13 12:47:31,140 INFO  server.RaftServerConfigKeys (ConfUtils.java:logGet(43)) - raft.server.log.statemachine.data.sync = true (default)
2019-07-13 12:47:31,140 INFO  server.RaftServerConfigKeys (ConfUtils.java:logGet(43)) - raft.server.log.statemachine.data.sync.timeout = 10s (default)
2019-07-13 12:47:31,140 INFO  server.RaftServerConfigKeys (ConfUtils.java:logGet(43)) - raft.server.log.statemachine.data.sync.timeout.retry = -1 (default)
2019-07-13 12:47:31,140 INFO  server.RaftServerConfigKeys (ConfUtils.java:logGet(43)) - raft.server.log.statemachine.data.caching.enabled = true (custom)
2019-07-13 12:47:31,140 INFO  segmented.SegmentedRaftLogWorker (SegmentedRaftLogWorker.java:lambda$new$0(132)) - 9d67b015-4379-453f-80ad-debbdf296f86-SegmentedRaftLogWorker:Storage Directory /tmp/workdir/hadoop-ozone/integration-test/target/test-dir/MiniOzoneClusterImpl-71be8316-c956-478f-8692-802690e61dc7/datanode-4/data/ratis/795e05f1-8914-4547-b4af-2a1e8fac9030: flushIndex: setUnconditionally 0 -> -1
2019-07-13 12:47:31,141 INFO  server.RaftServerConfigKeys (ConfUtils.java:logGet(43)) - raft.server.snapshot.auto.trigger.enabled = true (custom)
2019-07-13 12:47:31,141 INFO  server.RaftServerConfigKeys (ConfUtils.java:logGet(43)) - raft.server.snapshot.auto.trigger.threshold = 10000 (custom)
2019-07-13 12:47:31,141 INFO  server.RaftServerConfigKeys (ConfUtils.java:logGet(43)) - raft.server.retrycache.expirytime = 600000ms (custom)
2019-07-13 12:47:31,141 INFO  impl.RaftServerImpl (RaftServerImpl.java:start(180)) - 9d67b015-4379-453f-80ad-debbdf296f86: start group-2A1E8FAC9030
2019-07-13 12:47:31,141 INFO  impl.RaftServerImpl (RaftServerImpl.java:setRole(171)) - 9d67b015-4379-453f-80ad-debbdf296f86:group-2A1E8FAC9030 changes role from null to FOLLOWER at term 0 for startAsFollower
2019-07-13 12:47:31,142 INFO  impl.RoleInfo (RoleInfo.java:updateAndGet(143)) - 9d67b015-4379-453f-80ad-debbdf296f86: start FollowerState
2019-07-13 12:47:31,142 INFO  util.JmxRegister (JmxRegister.java:tryRegister(44)) - Successfully registered JMX Bean with object name Ratis:service=RaftServer,group=group-2A1E8FAC9030,id=9d67b015-4379-453f-80ad-debbdf296f86
2019-07-13 12:47:31,145 INFO  pipeline.PipelineStateManager (PipelineStateManager.java:addPipeline(56)) - Created pipeline Pipeline[ Id: 795e05f1-8914-4547-b4af-2a1e8fac9030, Nodes: 9d67b015-4379-453f-80ad-debbdf296f86{ip: 192.168.5.181, host: trunk-nightly-q2gwj-1111726333, networkLocation: /default-rack, certSerialId: null}, Type:RATIS, Factor:ONE, State:OPEN]
2019-07-13 12:47:31,289 INFO  node.SCMNodeManager (SCMNodeManager.java:register(269)) - Registered Data node : d7c9d0a8-6364-4a4d-b9e5-5de32f8c2f77{ip: 192.168.5.181, host: trunk-nightly-q2gwj-1111726333, networkLocation: /default-rack, certSerialId: null}
2019-07-13 12:47:31,302 INFO  impl.RaftServerProxy (RaftServerProxy.java:addNew(89)) - d7c9d0a8-6364-4a4d-b9e5-5de32f8c2f77: addNew group-6C0851A35797:[d7c9d0a8-6364-4a4d-b9e5-5de32f8c2f77:192.168.5.181:45584] returns group-6C0851A35797:java.util.concurrent.CompletableFuture@2841f6ff[Not completed]
2019-07-13 12:47:31,305 INFO  impl.RaftServerImpl (RaftServerImpl.java:<init>(93)) - d7c9d0a8-6364-4a4d-b9e5-5de32f8c2f77: new RaftServerImpl for group-6C0851A35797:[d7c9d0a8-6364-4a4d-b9e5-5de32f8c2f77:192.168.5.181:45584] with ContainerStateMachine:uninitialized
2019-07-13 12:47:31,305 INFO  server.RaftServerConfigKeys (ConfUtils.java:logGet(43)) - raft.server.rpc.timeout.min = 5s (custom)
2019-07-13 12:47:31,305 INFO  server.RaftServerConfigKeys (ConfUtils.java:logGet(43)) - raft.server.rpc.timeout.max = 5200ms (custom)
2019-07-13 12:47:31,306 INFO  server.RaftServerConfigKeys (ConfUtils.java:logGet(43)) - raft.server.rpcslowness.timeout = 120s (custom)
2019-07-13 12:47:31,306 INFO  server.RaftServerConfigKeys (ConfUtils.java:logGet(43)) - raft.server.sleep.deviation.threshold = 300 (default)
2019-07-13 12:47:31,306 INFO  server.RaftServerConfigKeys (ConfUtils.java:logGet(43)) - raft.server.log.appender.install.snapshot.enabled = false (custom)
2019-07-13 12:47:31,306 INFO  impl.RaftServerImpl (ServerState.java:<init>(105)) - d7c9d0a8-6364-4a4d-b9e5-5de32f8c2f77:group-6C0851A35797 ConfigurationManager, init=-1: [d7c9d0a8-6364-4a4d-b9e5-5de32f8c2f77:192.168.5.181:45584], old=null, confs=<EMPTY_MAP>
2019-07-13 12:47:31,306 INFO  server.RaftServerConfigKeys (ConfUtils.java:logGet(43)) - raft.server.storage.dir = [/tmp/workdir/hadoop-ozone/integration-test/target/test-dir/MiniOzoneClusterImpl-71be8316-c956-478f-8692-802690e61dc7/datanode-5/data/ratis] (custom)
2019-07-13 12:47:31,307 INFO  storage.RaftStorageDirectory (RaftStorageDirectory.java:analyzeStorage(246)) - The storage directory /tmp/workdir/hadoop-ozone/integration-test/target/test-dir/MiniOzoneClusterImpl-71be8316-c956-478f-8692-802690e61dc7/datanode-5/data/ratis/7b86da4c-1b26-4ad7-9ec7-6c0851a35797 does not exist. Creating ...
2019-07-13 12:47:31,319 INFO  storage.RaftStorageDirectory (RaftStorageDirectory.java:tryLock(328)) - Lock on /tmp/workdir/hadoop-ozone/integration-test/target/test-dir/MiniOzoneClusterImpl-71be8316-c956-478f-8692-802690e61dc7/datanode-5/data/ratis/7b86da4c-1b26-4ad7-9ec7-6c0851a35797/in_use.lock acquired by nodename 28904@trunk-nightly-q2gwj-1111726333
2019-07-13 12:47:31,322 INFO  storage.RaftStorage (RaftStorage.java:format(72)) - Storage directory /tmp/workdir/hadoop-ozone/integration-test/target/test-dir/MiniOzoneClusterImpl-71be8316-c956-478f-8692-802690e61dc7/datanode-5/data/ratis/7b86da4c-1b26-4ad7-9ec7-6c0851a35797 has been successfully formatted.
2019-07-13 12:47:31,322 INFO  ratis.ContainerStateMachine (ContainerStateMachine.java:loadSnapshot(200)) - The snapshot info is null.Setting the last applied index to:(t:0, i:~)
2019-07-13 12:47:31,322 INFO  server.RaftServerConfigKeys (ConfUtils.java:logGet(43)) - raft.server.leader.election.timeout = 120s (custom)
2019-07-13 12:47:31,323 INFO  server.RaftServerConfigKeys (ConfUtils.java:logGet(43)) - raft.server.log.use.memory = false (default)
2019-07-13 12:47:31,323 INFO  server.RaftServerConfigKeys (ConfUtils.java:logGet(43)) - raft.server.log.purge.gap = 1000000000 (custom)
2019-07-13 12:47:31,323 INFO  server.RaftServerConfigKeys (ConfUtils.java:logGet(43)) - raft.server.log.appender.buffer.byte-limit = 33554432 (custom)
2019-07-13 12:47:31,323 INFO  server.RaftServerConfigKeys (ConfUtils.java:logGet(43)) - raft.server.log.segment.size.max = 1048576 (custom)
2019-07-13 12:47:31,323 INFO  server.RaftServerConfigKeys (ConfUtils.java:logGet(43)) - raft.server.log.segment.cache.num.max = 2 (custom)
2019-07-13 12:47:31,323 INFO  segmented.SegmentedRaftLogWorker (SegmentedRaftLogWorker.java:<init>(172)) - new d7c9d0a8-6364-4a4d-b9e5-5de32f8c2f77-SegmentedRaftLogWorker:Storage Directory /tmp/workdir/hadoop-ozone/integration-test/target/test-dir/MiniOzoneClusterImpl-71be8316-c956-478f-8692-802690e61dc7/datanode-5/data/ratis/7b86da4c-1b26-4ad7-9ec7-6c0851a35797 for RaftStorage:Storage Directory /tmp/workdir/hadoop-ozone/integration-test/target/test-dir/MiniOzoneClusterImpl-71be8316-c956-478f-8692-802690e61dc7/datanode-5/data/ratis/7b86da4c-1b26-4ad7-9ec7-6c0851a35797
2019-07-13 12:47:31,324 INFO  server.RaftServerConfigKeys (ConfUtils.java:logGet(43)) - raft.server.log.queue.byte-limit = 2147483647 (custom)
2019-07-13 12:47:31,324 INFO  server.RaftServerConfigKeys (ConfUtils.java:logGet(43)) - raft.server.log.queue.element-limit = 1024 (custom)
2019-07-13 12:47:31,324 INFO  server.RaftServerConfigKeys (ConfUtils.java:logGet(43)) - raft.server.log.segment.size.max = 1048576 (custom)
2019-07-13 12:47:31,324 INFO  server.RaftServerConfigKeys (ConfUtils.java:logGet(43)) - raft.server.log.preallocated.size = 16384 (custom)
2019-07-13 12:47:31,324 INFO  server.RaftServerConfigKeys (ConfUtils.java:logGet(43)) - raft.server.log.write.buffer.size = 33554432 (custom)
2019-07-13 12:47:31,324 INFO  server.RaftServerConfigKeys (ConfUtils.java:logGet(43)) - raft.server.log.force.sync.num = 128 (default)
2019-07-13 12:47:31,324 INFO  server.RaftServerConfigKeys (ConfUtils.java:logGet(43)) - raft.server.log.statemachine.data.sync = true (default)
2019-07-13 12:47:31,325 INFO  server.RaftServerConfigKeys (ConfUtils.java:logGet(43)) - raft.server.log.statemachine.data.sync.timeout = 10s (default)
2019-07-13 12:47:31,325 INFO  server.RaftServerConfigKeys (ConfUtils.java:logGet(43)) - raft.server.log.statemachine.data.sync.timeout.retry = -1 (default)
2019-07-13 12:47:31,325 INFO  server.RaftServerConfigKeys (ConfUtils.java:logGet(43)) - raft.server.log.statemachine.data.caching.enabled = true (custom)
2019-07-13 12:47:31,325 INFO  segmented.SegmentedRaftLogWorker (SegmentedRaftLogWorker.java:lambda$new$0(132)) - d7c9d0a8-6364-4a4d-b9e5-5de32f8c2f77-SegmentedRaftLogWorker:Storage Directory /tmp/workdir/hadoop-ozone/integration-test/target/test-dir/MiniOzoneClusterImpl-71be8316-c956-478f-8692-802690e61dc7/datanode-5/data/ratis/7b86da4c-1b26-4ad7-9ec7-6c0851a35797: flushIndex: setUnconditionally 0 -> -1
2019-07-13 12:47:31,326 INFO  server.RaftServerConfigKeys (ConfUtils.java:logGet(43)) - raft.server.snapshot.auto.trigger.enabled = true (custom)
2019-07-13 12:47:31,326 INFO  server.RaftServerConfigKeys (ConfUtils.java:logGet(43)) - raft.server.snapshot.auto.trigger.threshold = 10000 (custom)
2019-07-13 12:47:31,326 INFO  server.RaftServerConfigKeys (ConfUtils.java:logGet(43)) - raft.server.retrycache.expirytime = 600000ms (custom)
2019-07-13 12:47:31,326 INFO  impl.RaftServerImpl (RaftServerImpl.java:start(180)) - d7c9d0a8-6364-4a4d-b9e5-5de32f8c2f77: start group-6C0851A35797
2019-07-13 12:47:31,326 INFO  impl.RaftServerImpl (RaftServerImpl.java:setRole(171)) - d7c9d0a8-6364-4a4d-b9e5-5de32f8c2f77:group-6C0851A35797 changes role from null to FOLLOWER at term 0 for startAsFollower
2019-07-13 12:47:31,326 INFO  impl.RoleInfo (RoleInfo.java:updateAndGet(143)) - d7c9d0a8-6364-4a4d-b9e5-5de32f8c2f77: start FollowerState
2019-07-13 12:47:31,327 INFO  util.JmxRegister (JmxRegister.java:tryRegister(44)) - Successfully registered JMX Bean with object name Ratis:service=RaftServer,group=group-6C0851A35797,id=d7c9d0a8-6364-4a4d-b9e5-5de32f8c2f77
2019-07-13 12:47:31,330 INFO  pipeline.PipelineStateManager (PipelineStateManager.java:addPipeline(56)) - Created pipeline Pipeline[ Id: 7b86da4c-1b26-4ad7-9ec7-6c0851a35797, Nodes: d7c9d0a8-6364-4a4d-b9e5-5de32f8c2f77{ip: 192.168.5.181, host: trunk-nightly-q2gwj-1111726333, networkLocation: /default-rack, certSerialId: null}, Type:RATIS, Factor:ONE, State:OPEN]
2019-07-13 12:47:31,363 INFO  impl.RaftServerProxy (RaftServerProxy.java:addNew(89)) - d7c9d0a8-6364-4a4d-b9e5-5de32f8c2f77: addNew group-68DA52AA5E24:[d7c9d0a8-6364-4a4d-b9e5-5de32f8c2f77:192.168.5.181:45584, 9d67b015-4379-453f-80ad-debbdf296f86:192.168.5.181:45428, 0cc818b2-3655-4b38-aa98-30ee9aa8883a:192.168.5.181:37756] returns group-68DA52AA5E24:java.util.concurrent.CompletableFuture@62ecba99[Not completed]
2019-07-13 12:47:31,363 INFO  impl.RaftServerProxy (RaftServerProxy.java:addNew(89)) - 9d67b015-4379-453f-80ad-debbdf296f86: addNew group-68DA52AA5E24:[d7c9d0a8-6364-4a4d-b9e5-5de32f8c2f77:192.168.5.181:45584, 9d67b015-4379-453f-80ad-debbdf296f86:192.168.5.181:45428, 0cc818b2-3655-4b38-aa98-30ee9aa8883a:192.168.5.181:37756] returns group-68DA52AA5E24:java.util.concurrent.CompletableFuture@76639e69[Not completed]
2019-07-13 12:47:31,363 INFO  impl.RaftServerProxy (RaftServerProxy.java:addNew(89)) - 0cc818b2-3655-4b38-aa98-30ee9aa8883a: addNew group-68DA52AA5E24:[d7c9d0a8-6364-4a4d-b9e5-5de32f8c2f77:192.168.5.181:45584, 9d67b015-4379-453f-80ad-debbdf296f86:192.168.5.181:45428, 0cc818b2-3655-4b38-aa98-30ee9aa8883a:192.168.5.181:37756] returns group-68DA52AA5E24:java.util.concurrent.CompletableFuture@4e487eb7[Not completed]
2019-07-13 12:47:31,364 INFO  impl.RaftServerImpl (RaftServerImpl.java:<init>(93)) - d7c9d0a8-6364-4a4d-b9e5-5de32f8c2f77: new RaftServerImpl for group-68DA52AA5E24:[d7c9d0a8-6364-4a4d-b9e5-5de32f8c2f77:192.168.5.181:45584, 9d67b015-4379-453f-80ad-debbdf296f86:192.168.5.181:45428, 0cc818b2-3655-4b38-aa98-30ee9aa8883a:192.168.5.181:37756] with ContainerStateMachine:uninitialized
2019-07-13 12:47:31,364 INFO  server.RaftServerConfigKeys (ConfUtils.java:logGet(43)) - raft.server.rpc.timeout.min = 5s (custom)
2019-07-13 12:47:31,364 INFO  server.RaftServerConfigKeys (ConfUtils.java:logGet(43)) - raft.server.rpc.timeout.max = 5200ms (custom)
2019-07-13 12:47:31,364 INFO  server.RaftServerConfigKeys (ConfUtils.java:logGet(43)) - raft.server.rpcslowness.timeout = 120s (custom)
2019-07-13 12:47:31,365 INFO  server.RaftServerConfigKeys (ConfUtils.java:logGet(43)) - raft.server.sleep.deviation.threshold = 300 (default)
2019-07-13 12:47:31,365 INFO  server.RaftServerConfigKeys (ConfUtils.java:logGet(43)) - raft.server.log.appender.install.snapshot.enabled = false (custom)
2019-07-13 12:47:31,365 INFO  impl.RaftServerImpl (RaftServerImpl.java:<init>(93)) - 0cc818b2-3655-4b38-aa98-30ee9aa8883a: new RaftServerImpl for group-68DA52AA5E24:[d7c9d0a8-6364-4a4d-b9e5-5de32f8c2f77:192.168.5.181:45584, 9d67b015-4379-453f-80ad-debbdf296f86:192.168.5.181:45428, 0cc818b2-3655-4b38-aa98-30ee9aa8883a:192.168.5.181:37756] with ContainerStateMachine:uninitialized
2019-07-13 12:47:31,365 INFO  impl.RaftServerImpl (ServerState.java:<init>(105)) - d7c9d0a8-6364-4a4d-b9e5-5de32f8c2f77:group-68DA52AA5E24 ConfigurationManager, init=-1: [d7c9d0a8-6364-4a4d-b9e5-5de32f8c2f77:192.168.5.181:45584, 9d67b015-4379-453f-80ad-debbdf296f86:192.168.5.181:45428, 0cc818b2-3655-4b38-aa98-30ee9aa8883a:192.168.5.181:37756], old=null, confs=<EMPTY_MAP>
2019-07-13 12:47:31,365 INFO  server.RaftServerConfigKeys (ConfUtils.java:logGet(43)) - raft.server.rpc.timeout.min = 5s (custom)
2019-07-13 12:47:31,365 INFO  server.RaftServerConfigKeys (ConfUtils.java:logGet(43)) - raft.server.storage.dir = [/tmp/workdir/hadoop-ozone/integration-test/target/test-dir/MiniOzoneClusterImpl-71be8316-c956-478f-8692-802690e61dc7/datanode-5/data/ratis] (custom)
2019-07-13 12:47:31,365 INFO  server.RaftServerConfigKeys (ConfUtils.java:logGet(43)) - raft.server.rpc.timeout.max = 5200ms (custom)
2019-07-13 12:47:31,366 INFO  server.RaftServerConfigKeys (ConfUtils.java:logGet(43)) - raft.server.rpcslowness.timeout = 120s (custom)
2019-07-13 12:47:31,366 INFO  storage.RaftStorageDirectory (RaftStorageDirectory.java:analyzeStorage(246)) - The storage directory /tmp/workdir/hadoop-ozone/integration-test/target/test-dir/MiniOzoneClusterImpl-71be8316-c956-478f-8692-802690e61dc7/datanode-5/data/ratis/9d522545-0fdc-4bb6-8621-68da52aa5e24 does not exist. Creating ...
2019-07-13 12:47:31,366 INFO  impl.RaftServerImpl (RaftServerImpl.java:<init>(93)) - 9d67b015-4379-453f-80ad-debbdf296f86: new RaftServerImpl for group-68DA52AA5E24:[d7c9d0a8-6364-4a4d-b9e5-5de32f8c2f77:192.168.5.181:45584, 9d67b015-4379-453f-80ad-debbdf296f86:192.168.5.181:45428, 0cc818b2-3655-4b38-aa98-30ee9aa8883a:192.168.5.181:37756] with ContainerStateMachine:uninitialized
2019-07-13 12:47:31,366 INFO  server.RaftServerConfigKeys (ConfUtils.java:logGet(43)) - raft.server.sleep.deviation.threshold = 300 (default)
2019-07-13 12:47:31,366 INFO  server.RaftServerConfigKeys (ConfUtils.java:logGet(43)) - raft.server.rpc.timeout.min = 5s (custom)
2019-07-13 12:47:31,366 INFO  server.RaftServerConfigKeys (ConfUtils.java:logGet(43)) - raft.server.log.appender.install.snapshot.enabled = false (custom)
2019-07-13 12:47:31,366 INFO  server.RaftServerConfigKeys (ConfUtils.java:logGet(43)) - raft.server.rpc.timeout.max = 5200ms (custom)
2019-07-13 12:47:31,367 INFO  impl.RaftServerImpl (ServerState.java:<init>(105)) - 0cc818b2-3655-4b38-aa98-30ee9aa8883a:group-68DA52AA5E24 ConfigurationManager, init=-1: [d7c9d0a8-6364-4a4d-b9e5-5de32f8c2f77:192.168.5.181:45584, 9d67b015-4379-453f-80ad-debbdf296f86:192.168.5.181:45428, 0cc818b2-3655-4b38-aa98-30ee9aa8883a:192.168.5.181:37756], old=null, confs=<EMPTY_MAP>
2019-07-13 12:47:31,367 INFO  server.RaftServerConfigKeys (ConfUtils.java:logGet(43)) - raft.server.rpcslowness.timeout = 120s (custom)
2019-07-13 12:47:31,367 INFO  server.RaftServerConfigKeys (ConfUtils.java:logGet(43)) - raft.server.storage.dir = [/tmp/workdir/hadoop-ozone/integration-test/target/test-dir/MiniOzoneClusterImpl-71be8316-c956-478f-8692-802690e61dc7/datanode-3/data/ratis] (custom)
2019-07-13 12:47:31,367 INFO  server.RaftServerConfigKeys (ConfUtils.java:logGet(43)) - raft.server.sleep.deviation.threshold = 300 (default)
2019-07-13 12:47:31,367 INFO  server.RaftServerConfigKeys (ConfUtils.java:logGet(43)) - raft.server.log.appender.install.snapshot.enabled = false (custom)
2019-07-13 12:47:31,367 INFO  storage.RaftStorageDirectory (RaftStorageDirectory.java:analyzeStorage(246)) - The storage directory /tmp/workdir/hadoop-ozone/integration-test/target/test-dir/MiniOzoneClusterImpl-71be8316-c956-478f-8692-802690e61dc7/datanode-3/data/ratis/9d522545-0fdc-4bb6-8621-68da52aa5e24 does not exist. Creating ...
2019-07-13 12:47:31,368 INFO  impl.RaftServerImpl (ServerState.java:<init>(105)) - 9d67b015-4379-453f-80ad-debbdf296f86:group-68DA52AA5E24 ConfigurationManager, init=-1: [d7c9d0a8-6364-4a4d-b9e5-5de32f8c2f77:192.168.5.181:45584, 9d67b015-4379-453f-80ad-debbdf296f86:192.168.5.181:45428, 0cc818b2-3655-4b38-aa98-30ee9aa8883a:192.168.5.181:37756], old=null, confs=<EMPTY_MAP>
2019-07-13 12:47:31,368 INFO  server.RaftServerConfigKeys (ConfUtils.java:logGet(43)) - raft.server.storage.dir = [/tmp/workdir/hadoop-ozone/integration-test/target/test-dir/MiniOzoneClusterImpl-71be8316-c956-478f-8692-802690e61dc7/datanode-4/data/ratis] (custom)
2019-07-13 12:47:31,368 INFO  storage.RaftStorageDirectory (RaftStorageDirectory.java:analyzeStorage(246)) - The storage directory /tmp/workdir/hadoop-ozone/integration-test/target/test-dir/MiniOzoneClusterImpl-71be8316-c956-478f-8692-802690e61dc7/datanode-4/data/ratis/9d522545-0fdc-4bb6-8621-68da52aa5e24 does not exist. Creating ...
2019-07-13 12:47:31,378 INFO  storage.RaftStorageDirectory (RaftStorageDirectory.java:tryLock(328)) - Lock on /tmp/workdir/hadoop-ozone/integration-test/target/test-dir/MiniOzoneClusterImpl-71be8316-c956-478f-8692-802690e61dc7/datanode-5/data/ratis/9d522545-0fdc-4bb6-8621-68da52aa5e24/in_use.lock acquired by nodename 28904@trunk-nightly-q2gwj-1111726333
2019-07-13 12:47:31,378 INFO  storage.RaftStorageDirectory (RaftStorageDirectory.java:tryLock(328)) - Lock on /tmp/workdir/hadoop-ozone/integration-test/target/test-dir/MiniOzoneClusterImpl-71be8316-c956-478f-8692-802690e61dc7/datanode-4/data/ratis/9d522545-0fdc-4bb6-8621-68da52aa5e24/in_use.lock acquired by nodename 28904@trunk-nightly-q2gwj-1111726333
2019-07-13 12:47:31,378 INFO  storage.RaftStorageDirectory (RaftStorageDirectory.java:tryLock(328)) - Lock on /tmp/workdir/hadoop-ozone/integration-test/target/test-dir/MiniOzoneClusterImpl-71be8316-c956-478f-8692-802690e61dc7/datanode-3/data/ratis/9d522545-0fdc-4bb6-8621-68da52aa5e24/in_use.lock acquired by nodename 28904@trunk-nightly-q2gwj-1111726333
2019-07-13 12:47:31,385 INFO  storage.RaftStorage (RaftStorage.java:format(72)) - Storage directory /tmp/workdir/hadoop-ozone/integration-test/target/test-dir/MiniOzoneClusterImpl-71be8316-c956-478f-8692-802690e61dc7/datanode-5/data/ratis/9d522545-0fdc-4bb6-8621-68da52aa5e24 has been successfully formatted.
2019-07-13 12:47:31,385 INFO  storage.RaftStorage (RaftStorage.java:format(72)) - Storage directory /tmp/workdir/hadoop-ozone/integration-test/target/test-dir/MiniOzoneClusterImpl-71be8316-c956-478f-8692-802690e61dc7/datanode-4/data/ratis/9d522545-0fdc-4bb6-8621-68da52aa5e24 has been successfully formatted.
2019-07-13 12:47:31,385 INFO  ratis.ContainerStateMachine (ContainerStateMachine.java:loadSnapshot(200)) - The snapshot info is null.Setting the last applied index to:(t:0, i:~)
2019-07-13 12:47:31,385 INFO  storage.RaftStorage (RaftStorage.java:format(72)) - Storage directory /tmp/workdir/hadoop-ozone/integration-test/target/test-dir/MiniOzoneClusterImpl-71be8316-c956-478f-8692-802690e61dc7/datanode-3/data/ratis/9d522545-0fdc-4bb6-8621-68da52aa5e24 has been successfully formatted.
2019-07-13 12:47:31,385 INFO  server.RaftServerConfigKeys (ConfUtils.java:logGet(43)) - raft.server.leader.election.timeout = 120s (custom)
2019-07-13 12:47:31,385 INFO  ratis.ContainerStateMachine (ContainerStateMachine.java:loadSnapshot(200)) - The snapshot info is null.Setting the last applied index to:(t:0, i:~)
2019-07-13 12:47:31,385 INFO  ratis.ContainerStateMachine (ContainerStateMachine.java:loadSnapshot(200)) - The snapshot info is null.Setting the last applied index to:(t:0, i:~)
2019-07-13 12:47:31,385 INFO  server.RaftServerConfigKeys (ConfUtils.java:logGet(43)) - raft.server.log.use.memory = false (default)
2019-07-13 12:47:31,386 INFO  server.RaftServerConfigKeys (ConfUtils.java:logGet(43)) - raft.server.leader.election.timeout = 120s (custom)
2019-07-13 12:47:31,386 INFO  server.RaftServerConfigKeys (ConfUtils.java:logGet(43)) - raft.server.leader.election.timeout = 120s (custom)
2019-07-13 12:47:31,386 INFO  server.RaftServerConfigKeys (ConfUtils.java:logGet(43)) - raft.server.log.use.memory = false (default)
2019-07-13 12:47:31,386 INFO  server.RaftServerConfigKeys (ConfUtils.java:logGet(43)) - raft.server.log.purge.gap = 1000000000 (custom)
2019-07-13 12:47:31,386 INFO  server.RaftServerConfigKeys (ConfUtils.java:logGet(43)) - raft.server.log.purge.gap = 1000000000 (custom)
2019-07-13 12:47:31,386 INFO  server.RaftServerConfigKeys (ConfUtils.java:logGet(43)) - raft.server.log.use.memory = false (default)
2019-07-13 12:47:31,387 INFO  server.RaftServerConfigKeys (ConfUtils.java:logGet(43)) - raft.server.log.appender.buffer.byte-limit = 33554432 (custom)
2019-07-13 12:47:31,386 INFO  server.RaftServerConfigKeys (ConfUtils.java:logGet(43)) - raft.server.log.appender.buffer.byte-limit = 33554432 (custom)
2019-07-13 12:47:31,387 INFO  server.RaftServerConfigKeys (ConfUtils.java:logGet(43)) - raft.server.log.segment.size.max = 1048576 (custom)
2019-07-13 12:47:31,387 INFO  server.RaftServerConfigKeys (ConfUtils.java:logGet(43)) - raft.server.log.purge.gap = 1000000000 (custom)
2019-07-13 12:47:31,387 INFO  server.RaftServerConfigKeys (ConfUtils.java:logGet(43)) - raft.server.log.segment.cache.num.max = 2 (custom)
2019-07-13 12:47:31,387 INFO  server.RaftServerConfigKeys (ConfUtils.java:logGet(43)) - raft.server.log.segment.size.max = 1048576 (custom)
2019-07-13 12:47:31,387 INFO  segmented.SegmentedRaftLogWorker (SegmentedRaftLogWorker.java:<init>(172)) - new 0cc818b2-3655-4b38-aa98-30ee9aa8883a-SegmentedRaftLogWorker:Storage Directory /tmp/workdir/hadoop-ozone/integration-test/target/test-dir/MiniOzoneClusterImpl-71be8316-c956-478f-8692-802690e61dc7/datanode-3/data/ratis/9d522545-0fdc-4bb6-8621-68da52aa5e24 for RaftStorage:Storage Directory /tmp/workdir/hadoop-ozone/integration-test/target/test-dir/MiniOzoneClusterImpl-71be8316-c956-478f-8692-802690e61dc7/datanode-3/data/ratis/9d522545-0fdc-4bb6-8621-68da52aa5e24
2019-07-13 12:47:31,387 INFO  server.RaftServerConfigKeys (ConfUtils.java:logGet(43)) - raft.server.log.appender.buffer.byte-limit = 33554432 (custom)
2019-07-13 12:47:31,388 INFO  server.RaftServerConfigKeys (ConfUtils.java:logGet(43)) - raft.server.log.queue.byte-limit = 2147483647 (custom)
2019-07-13 12:47:31,388 INFO  server.RaftServerConfigKeys (ConfUtils.java:logGet(43)) - raft.server.log.queue.element-limit = 1024 (custom)
2019-07-13 12:47:31,388 INFO  server.RaftServerConfigKeys (ConfUtils.java:logGet(43)) - raft.server.log.segment.cache.num.max = 2 (custom)
2019-07-13 12:47:31,388 INFO  server.RaftServerConfigKeys (ConfUtils.java:logGet(43)) - raft.server.log.segment.size.max = 1048576 (custom)
2019-07-13 12:47:31,388 INFO  server.RaftServerConfigKeys (ConfUtils.java:logGet(43)) - raft.server.log.segment.size.max = 1048576 (custom)
2019-07-13 12:47:31,388 INFO  server.RaftServerConfigKeys (ConfUtils.java:logGet(43)) - raft.server.log.preallocated.size = 16384 (custom)
2019-07-13 12:47:31,389 INFO  server.RaftServerConfigKeys (ConfUtils.java:logGet(43)) - raft.server.log.write.buffer.size = 33554432 (custom)
2019-07-13 12:47:31,388 INFO  segmented.SegmentedRaftLogWorker (SegmentedRaftLogWorker.java:<init>(172)) - new d7c9d0a8-6364-4a4d-b9e5-5de32f8c2f77-SegmentedRaftLogWorker:Storage Directory /tmp/workdir/hadoop-ozone/integration-test/target/test-dir/MiniOzoneClusterImpl-71be8316-c956-478f-8692-802690e61dc7/datanode-5/data/ratis/9d522545-0fdc-4bb6-8621-68da52aa5e24 for RaftStorage:Storage Directory /tmp/workdir/hadoop-ozone/integration-test/target/test-dir/MiniOzoneClusterImpl-71be8316-c956-478f-8692-802690e61dc7/datanode-5/data/ratis/9d522545-0fdc-4bb6-8621-68da52aa5e24
2019-07-13 12:47:31,389 INFO  server.RaftServerConfigKeys (ConfUtils.java:logGet(43)) - raft.server.log.force.sync.num = 128 (default)
2019-07-13 12:47:31,389 INFO  server.RaftServerConfigKeys (ConfUtils.java:logGet(43)) - raft.server.log.segment.cache.num.max = 2 (custom)
2019-07-13 12:47:31,389 INFO  server.RaftServerConfigKeys (ConfUtils.java:logGet(43)) - raft.server.log.statemachine.data.sync = true (default)
2019-07-13 12:47:31,389 INFO  server.RaftServerConfigKeys (ConfUtils.java:logGet(43)) - raft.server.log.queue.byte-limit = 2147483647 (custom)
2019-07-13 12:47:31,389 INFO  server.RaftServerConfigKeys (ConfUtils.java:logGet(43)) - raft.server.log.statemachine.data.sync.timeout = 10s (default)
2019-07-13 12:47:31,390 INFO  server.RaftServerConfigKeys (ConfUtils.java:logGet(43)) - raft.server.log.statemachine.data.sync.timeout.retry = -1 (default)
2019-07-13 12:47:31,389 INFO  segmented.SegmentedRaftLogWorker (SegmentedRaftLogWorker.java:<init>(172)) - new 9d67b015-4379-453f-80ad-debbdf296f86-SegmentedRaftLogWorker:Storage Directory /tmp/workdir/hadoop-ozone/integration-test/target/test-dir/MiniOzoneClusterImpl-71be8316-c956-478f-8692-802690e61dc7/datanode-4/data/ratis/9d522545-0fdc-4bb6-8621-68da52aa5e24 for RaftStorage:Storage Directory /tmp/workdir/hadoop-ozone/integration-test/target/test-dir/MiniOzoneClusterImpl-71be8316-c956-478f-8692-802690e61dc7/datanode-4/data/ratis/9d522545-0fdc-4bb6-8621-68da52aa5e24
2019-07-13 12:47:31,390 INFO  server.RaftServerConfigKeys (ConfUtils.java:logGet(43)) - raft.server.log.statemachine.data.caching.enabled = true (custom)
2019-07-13 12:47:31,389 INFO  server.RaftServerConfigKeys (ConfUtils.java:logGet(43)) - raft.server.log.queue.element-limit = 1024 (custom)
2019-07-13 12:47:31,390 INFO  server.RaftServerConfigKeys (ConfUtils.java:logGet(43)) - raft.server.log.queue.byte-limit = 2147483647 (custom)
2019-07-13 12:47:31,390 INFO  segmented.SegmentedRaftLogWorker (SegmentedRaftLogWorker.java:lambda$new$0(132)) - 0cc818b2-3655-4b38-aa98-30ee9aa8883a-SegmentedRaftLogWorker:Storage Directory /tmp/workdir/hadoop-ozone/integration-test/target/test-dir/MiniOzoneClusterImpl-71be8316-c956-478f-8692-802690e61dc7/datanode-3/data/ratis/9d522545-0fdc-4bb6-8621-68da52aa5e24: flushIndex: setUnconditionally 0 -> -1
2019-07-13 12:47:31,390 INFO  server.RaftServerConfigKeys (ConfUtils.java:logGet(43)) - raft.server.log.segment.size.max = 1048576 (custom)
2019-07-13 12:47:31,391 INFO  server.RaftServerConfigKeys (ConfUtils.java:logGet(43)) - raft.server.log.preallocated.size = 16384 (custom)
2019-07-13 12:47:31,390 INFO  server.RaftServerConfigKeys (ConfUtils.java:logGet(43)) - raft.server.log.queue.element-limit = 1024 (custom)
2019-07-13 12:47:31,391 INFO  server.RaftServerConfigKeys (ConfUtils.java:logGet(43)) - raft.server.log.write.buffer.size = 33554432 (custom)
2019-07-13 12:47:31,391 INFO  server.RaftServerConfigKeys (ConfUtils.java:logGet(43)) - raft.server.snapshot.auto.trigger.enabled = true (custom)
2019-07-13 12:47:31,391 INFO  server.RaftServerConfigKeys (ConfUtils.java:logGet(43)) - raft.server.log.force.sync.num = 128 (default)
2019-07-13 12:47:31,391 INFO  server.RaftServerConfigKeys (ConfUtils.java:logGet(43)) - raft.server.log.segment.size.max = 1048576 (custom)
2019-07-13 12:47:31,391 INFO  server.RaftServerConfigKeys (ConfUtils.java:logGet(43)) - raft.server.log.statemachine.data.sync = true (default)
2019-07-13 12:47:31,391 INFO  server.RaftServerConfigKeys (ConfUtils.java:logGet(43)) - raft.server.snapshot.auto.trigger.threshold = 10000 (custom)
2019-07-13 12:47:31,391 INFO  server.RaftServerConfigKeys (ConfUtils.java:logGet(43)) - raft.server.log.statemachine.data.sync.timeout = 10s (default)
2019-07-13 12:47:31,391 INFO  server.RaftServerConfigKeys (ConfUtils.java:logGet(43)) - raft.server.log.preallocated.size = 16384 (custom)
2019-07-13 12:47:31,392 INFO  server.RaftServerConfigKeys (ConfUtils.java:logGet(43)) - raft.server.log.statemachine.data.sync.timeout.retry = -1 (default)
2019-07-13 12:47:31,392 INFO  server.RaftServerConfigKeys (ConfUtils.java:logGet(43)) - raft.server.retrycache.expirytime = 600000ms (custom)
2019-07-13 12:47:31,392 INFO  server.RaftServerConfigKeys (ConfUtils.java:logGet(43)) - raft.server.log.statemachine.data.caching.enabled = true (custom)
2019-07-13 12:47:31,392 INFO  impl.RaftServerImpl (RaftServerImpl.java:start(180)) - 0cc818b2-3655-4b38-aa98-30ee9aa8883a: start group-68DA52AA5E24
2019-07-13 12:47:31,392 INFO  segmented.SegmentedRaftLogWorker (SegmentedRaftLogWorker.java:lambda$new$0(132)) - d7c9d0a8-6364-4a4d-b9e5-5de32f8c2f77-SegmentedRaftLogWorker:Storage Directory /tmp/workdir/hadoop-ozone/integration-test/target/test-dir/MiniOzoneClusterImpl-71be8316-c956-478f-8692-802690e61dc7/datanode-5/data/ratis/9d522545-0fdc-4bb6-8621-68da52aa5e24: flushIndex: setUnconditionally 0 -> -1
2019-07-13 12:47:31,392 INFO  server.RaftServerConfigKeys (ConfUtils.java:logGet(43)) - raft.server.log.write.buffer.size = 33554432 (custom)
2019-07-13 12:47:31,392 INFO  impl.RaftServerImpl (RaftServerImpl.java:setRole(171)) - 0cc818b2-3655-4b38-aa98-30ee9aa8883a:group-68DA52AA5E24 changes role from null to FOLLOWER at term 0 for startAsFollower
2019-07-13 12:47:31,393 INFO  server.RaftServerConfigKeys (ConfUtils.java:logGet(43)) - raft.server.log.force.sync.num = 128 (default)
2019-07-13 12:47:31,393 INFO  server.RaftServerConfigKeys (ConfUtils.java:logGet(43)) - raft.server.snapshot.auto.trigger.enabled = true (custom)
2019-07-13 12:47:31,393 INFO  server.RaftServerConfigKeys (ConfUtils.java:logGet(43)) - raft.server.log.statemachine.data.sync = true (default)
2019-07-13 12:47:31,393 INFO  impl.RoleInfo (RoleInfo.java:updateAndGet(143)) - 0cc818b2-3655-4b38-aa98-30ee9aa8883a: start FollowerState
2019-07-13 12:47:31,393 INFO  server.RaftServerConfigKeys (ConfUtils.java:logGet(43)) - raft.server.log.statemachine.data.sync.timeout = 10s (default)
2019-07-13 12:47:31,393 INFO  server.RaftServerConfigKeys (ConfUtils.java:logGet(43)) - raft.server.snapshot.auto.trigger.threshold = 10000 (custom)
2019-07-13 12:47:31,393 INFO  server.RaftServerConfigKeys (ConfUtils.java:logGet(43)) - raft.server.log.statemachine.data.sync.timeout.retry = -1 (default)
2019-07-13 12:47:31,394 INFO  util.JmxRegister (JmxRegister.java:tryRegister(44)) - Successfully registered JMX Bean with object name Ratis:service=RaftServer,group=group-68DA52AA5E24,id=0cc818b2-3655-4b38-aa98-30ee9aa8883a
2019-07-13 12:47:31,394 INFO  server.RaftServerConfigKeys (ConfUtils.java:logGet(43)) - raft.server.retrycache.expirytime = 600000ms (custom)
2019-07-13 12:47:31,394 INFO  server.RaftServerConfigKeys (ConfUtils.java:logGet(43)) - raft.server.log.statemachine.data.caching.enabled = true (custom)
2019-07-13 12:47:31,394 INFO  impl.RaftServerImpl (RaftServerImpl.java:start(180)) - d7c9d0a8-6364-4a4d-b9e5-5de32f8c2f77: start group-68DA52AA5E24
2019-07-13 12:47:31,394 INFO  impl.RaftServerImpl (RaftServerImpl.java:setRole(171)) - d7c9d0a8-6364-4a4d-b9e5-5de32f8c2f77:group-68DA52AA5E24 changes role from null to FOLLOWER at term 0 for startAsFollower
2019-07-13 12:47:31,394 INFO  segmented.SegmentedRaftLogWorker (SegmentedRaftLogWorker.java:lambda$new$0(132)) - 9d67b015-4379-453f-80ad-debbdf296f86-SegmentedRaftLogWorker:Storage Directory /tmp/workdir/hadoop-ozone/integration-test/target/test-dir/MiniOzoneClusterImpl-71be8316-c956-478f-8692-802690e61dc7/datanode-4/data/ratis/9d522545-0fdc-4bb6-8621-68da52aa5e24: flushIndex: setUnconditionally 0 -> -1
2019-07-13 12:47:31,394 INFO  impl.RoleInfo (RoleInfo.java:updateAndGet(143)) - d7c9d0a8-6364-4a4d-b9e5-5de32f8c2f77: start FollowerState
2019-07-13 12:47:31,395 INFO  server.RaftServerConfigKeys (ConfUtils.java:logGet(43)) - raft.server.snapshot.auto.trigger.enabled = true (custom)
2019-07-13 12:47:31,395 INFO  server.RaftServerConfigKeys (ConfUtils.java:logGet(43)) - raft.server.snapshot.auto.trigger.threshold = 10000 (custom)
2019-07-13 12:47:31,395 INFO  util.JmxRegister (JmxRegister.java:tryRegister(44)) - Successfully registered JMX Bean with object name Ratis:service=RaftServer,group=group-68DA52AA5E24,id=d7c9d0a8-6364-4a4d-b9e5-5de32f8c2f77
2019-07-13 12:47:31,395 INFO  server.RaftServerConfigKeys (ConfUtils.java:logGet(43)) - raft.server.retrycache.expirytime = 600000ms (custom)
2019-07-13 12:47:31,395 INFO  impl.RaftServerImpl (RaftServerImpl.java:start(180)) - 9d67b015-4379-453f-80ad-debbdf296f86: start group-68DA52AA5E24
2019-07-13 12:47:31,395 INFO  impl.RaftServerImpl (RaftServerImpl.java:setRole(171)) - 9d67b015-4379-453f-80ad-debbdf296f86:group-68DA52AA5E24 changes role from null to FOLLOWER at term 0 for startAsFollower
2019-07-13 12:47:31,395 INFO  impl.RoleInfo (RoleInfo.java:updateAndGet(143)) - 9d67b015-4379-453f-80ad-debbdf296f86: start FollowerState
2019-07-13 12:47:31,396 INFO  util.JmxRegister (JmxRegister.java:tryRegister(44)) - Successfully registered JMX Bean with object name Ratis:service=RaftServer,group=group-68DA52AA5E24,id=9d67b015-4379-453f-80ad-debbdf296f86
2019-07-13 12:47:31,398 INFO  pipeline.PipelineStateManager (PipelineStateManager.java:addPipeline(56)) - Created pipeline Pipeline[ Id: 9d522545-0fdc-4bb6-8621-68da52aa5e24, Nodes: 0cc818b2-3655-4b38-aa98-30ee9aa8883a{ip: 192.168.5.181, host: trunk-nightly-q2gwj-1111726333, networkLocation: /default-rack, certSerialId: null}d7c9d0a8-6364-4a4d-b9e5-5de32f8c2f77{ip: 192.168.5.181, host: trunk-nightly-q2gwj-1111726333, networkLocation: /default-rack, certSerialId: null}9d67b015-4379-453f-80ad-debbdf296f86{ip: 192.168.5.181, host: trunk-nightly-q2gwj-1111726333, networkLocation: /default-rack, certSerialId: null}, Type:RATIS, Factor:THREE, State:OPEN]
2019-07-13 12:47:31,474 INFO  ozone.MiniOzoneClusterImpl (MiniOzoneClusterImpl.java:lambda$waitForClusterToBeReady$0(142)) - Waiting for cluster to be ready. Got 6 of 7 DN Heartbeats.
2019-07-13 12:47:31,476 INFO  node.SCMNodeManager (SCMNodeManager.java:register(269)) - Registered Data node : 9a2c865e-e21e-4780-9ad1-406ad3c0f8df{ip: 192.168.5.181, host: trunk-nightly-q2gwj-1111726333, networkLocation: /default-rack, certSerialId: null}
2019-07-13 12:47:31,498 INFO  impl.RaftServerProxy (RaftServerProxy.java:addNew(89)) - 9a2c865e-e21e-4780-9ad1-406ad3c0f8df: addNew group-BA7A91BEE962:[9a2c865e-e21e-4780-9ad1-406ad3c0f8df:192.168.5.181:33407] returns group-BA7A91BEE962:java.util.concurrent.CompletableFuture@62180f7e[Not completed]
2019-07-13 12:47:31,500 INFO  impl.RaftServerImpl (RaftServerImpl.java:<init>(93)) - 9a2c865e-e21e-4780-9ad1-406ad3c0f8df: new RaftServerImpl for group-BA7A91BEE962:[9a2c865e-e21e-4780-9ad1-406ad3c0f8df:192.168.5.181:33407] with ContainerStateMachine:uninitialized
2019-07-13 12:47:31,500 INFO  server.RaftServerConfigKeys (ConfUtils.java:logGet(43)) - raft.server.rpc.timeout.min = 5s (custom)
2019-07-13 12:47:31,501 INFO  server.RaftServerConfigKeys (ConfUtils.java:logGet(43)) - raft.server.rpc.timeout.max = 5200ms (custom)
2019-07-13 12:47:31,501 INFO  server.RaftServerConfigKeys (ConfUtils.java:logGet(43)) - raft.server.rpcslowness.timeout = 120s (custom)
2019-07-13 12:47:31,501 INFO  server.RaftServerConfigKeys (ConfUtils.java:logGet(43)) - raft.server.sleep.deviation.threshold = 300 (default)
2019-07-13 12:47:31,501 INFO  server.RaftServerConfigKeys (ConfUtils.java:logGet(43)) - raft.server.log.appender.install.snapshot.enabled = false (custom)
2019-07-13 12:47:31,501 INFO  impl.RaftServerImpl (ServerState.java:<init>(105)) - 9a2c865e-e21e-4780-9ad1-406ad3c0f8df:group-BA7A91BEE962 ConfigurationManager, init=-1: [9a2c865e-e21e-4780-9ad1-406ad3c0f8df:192.168.5.181:33407], old=null, confs=<EMPTY_MAP>
2019-07-13 12:47:31,501 INFO  server.RaftServerConfigKeys (ConfUtils.java:logGet(43)) - raft.server.storage.dir = [/tmp/workdir/hadoop-ozone/integration-test/target/test-dir/MiniOzoneClusterImpl-71be8316-c956-478f-8692-802690e61dc7/datanode-6/data/ratis] (custom)
2019-07-13 12:47:31,502 INFO  storage.RaftStorageDirectory (RaftStorageDirectory.java:analyzeStorage(246)) - The storage directory /tmp/workdir/hadoop-ozone/integration-test/target/test-dir/MiniOzoneClusterImpl-71be8316-c956-478f-8692-802690e61dc7/datanode-6/data/ratis/a3c7a77b-ae2f-4922-a46b-ba7a91bee962 does not exist. Creating ...
2019-07-13 12:47:31,517 INFO  storage.RaftStorageDirectory (RaftStorageDirectory.java:tryLock(328)) - Lock on /tmp/workdir/hadoop-ozone/integration-test/target/test-dir/MiniOzoneClusterImpl-71be8316-c956-478f-8692-802690e61dc7/datanode-6/data/ratis/a3c7a77b-ae2f-4922-a46b-ba7a91bee962/in_use.lock acquired by nodename 28904@trunk-nightly-q2gwj-1111726333
2019-07-13 12:47:31,521 INFO  storage.RaftStorage (RaftStorage.java:format(72)) - Storage directory /tmp/workdir/hadoop-ozone/integration-test/target/test-dir/MiniOzoneClusterImpl-71be8316-c956-478f-8692-802690e61dc7/datanode-6/data/ratis/a3c7a77b-ae2f-4922-a46b-ba7a91bee962 has been successfully formatted.
2019-07-13 12:47:31,522 INFO  ratis.ContainerStateMachine (ContainerStateMachine.java:loadSnapshot(200)) - The snapshot info is null.Setting the last applied index to:(t:0, i:~)
2019-07-13 12:47:31,522 INFO  server.RaftServerConfigKeys (ConfUtils.java:logGet(43)) - raft.server.leader.election.timeout = 120s (custom)
2019-07-13 12:47:31,522 INFO  server.RaftServerConfigKeys (ConfUtils.java:logGet(43)) - raft.server.log.use.memory = false (default)
2019-07-13 12:47:31,522 INFO  server.RaftServerConfigKeys (ConfUtils.java:logGet(43)) - raft.server.log.purge.gap = 1000000000 (custom)
2019-07-13 12:47:31,522 INFO  server.RaftServerConfigKeys (ConfUtils.java:logGet(43)) - raft.server.log.appender.buffer.byte-limit = 33554432 (custom)
2019-07-13 12:47:31,523 INFO  server.RaftServerConfigKeys (ConfUtils.java:logGet(43)) - raft.server.log.segment.size.max = 1048576 (custom)
2019-07-13 12:47:31,523 INFO  server.RaftServerConfigKeys (ConfUtils.java:logGet(43)) - raft.server.log.segment.cache.num.max = 2 (custom)
2019-07-13 12:47:31,523 INFO  segmented.SegmentedRaftLogWorker (SegmentedRaftLogWorker.java:<init>(172)) - new 9a2c865e-e21e-4780-9ad1-406ad3c0f8df-SegmentedRaftLogWorker:Storage Directory /tmp/workdir/hadoop-ozone/integration-test/target/test-dir/MiniOzoneClusterImpl-71be8316-c956-478f-8692-802690e61dc7/datanode-6/data/ratis/a3c7a77b-ae2f-4922-a46b-ba7a91bee962 for RaftStorage:Storage Directory /tmp/workdir/hadoop-ozone/integration-test/target/test-dir/MiniOzoneClusterImpl-71be8316-c956-478f-8692-802690e61dc7/datanode-6/data/ratis/a3c7a77b-ae2f-4922-a46b-ba7a91bee962
2019-07-13 12:47:31,523 INFO  server.RaftServerConfigKeys (ConfUtils.java:logGet(43)) - raft.server.log.queue.byte-limit = 2147483647 (custom)
2019-07-13 12:47:31,523 INFO  server.RaftServerConfigKeys (ConfUtils.java:logGet(43)) - raft.server.log.queue.element-limit = 1024 (custom)
2019-07-13 12:47:31,524 INFO  server.RaftServerConfigKeys (ConfUtils.java:logGet(43)) - raft.server.log.segment.size.max = 1048576 (custom)
2019-07-13 12:47:31,524 INFO  server.RaftServerConfigKeys (ConfUtils.java:logGet(43)) - raft.server.log.preallocated.size = 16384 (custom)
2019-07-13 12:47:31,524 INFO  server.RaftServerConfigKeys (ConfUtils.java:logGet(43)) - raft.server.log.write.buffer.size = 33554432 (custom)
2019-07-13 12:47:31,524 INFO  server.RaftServerConfigKeys (ConfUtils.java:logGet(43)) - raft.server.log.force.sync.num = 128 (default)
2019-07-13 12:47:31,524 INFO  server.RaftServerConfigKeys (ConfUtils.java:logGet(43)) - raft.server.log.statemachine.data.sync = true (default)
2019-07-13 12:47:31,525 INFO  server.RaftServerConfigKeys (ConfUtils.java:logGet(43)) - raft.server.log.statemachine.data.sync.timeout = 10s (default)
2019-07-13 12:47:31,525 INFO  server.RaftServerConfigKeys (ConfUtils.java:logGet(43)) - raft.server.log.statemachine.data.sync.timeout.retry = -1 (default)
2019-07-13 12:47:31,525 INFO  server.RaftServerConfigKeys (ConfUtils.java:logGet(43)) - raft.server.log.statemachine.data.caching.enabled = true (custom)
2019-07-13 12:47:31,526 INFO  segmented.SegmentedRaftLogWorker (SegmentedRaftLogWorker.java:lambda$new$0(132)) - 9a2c865e-e21e-4780-9ad1-406ad3c0f8df-SegmentedRaftLogWorker:Storage Directory /tmp/workdir/hadoop-ozone/integration-test/target/test-dir/MiniOzoneClusterImpl-71be8316-c956-478f-8692-802690e61dc7/datanode-6/data/ratis/a3c7a77b-ae2f-4922-a46b-ba7a91bee962: flushIndex: setUnconditionally 0 -> -1
2019-07-13 12:47:31,526 INFO  server.RaftServerConfigKeys (ConfUtils.java:logGet(43)) - raft.server.snapshot.auto.trigger.enabled = true (custom)
2019-07-13 12:47:31,526 INFO  server.RaftServerConfigKeys (ConfUtils.java:logGet(43)) - raft.server.snapshot.auto.trigger.threshold = 10000 (custom)
2019-07-13 12:47:31,526 INFO  server.RaftServerConfigKeys (ConfUtils.java:logGet(43)) - raft.server.retrycache.expirytime = 600000ms (custom)
2019-07-13 12:47:31,527 INFO  impl.RaftServerImpl (RaftServerImpl.java:start(180)) - 9a2c865e-e21e-4780-9ad1-406ad3c0f8df: start group-BA7A91BEE962
2019-07-13 12:47:31,527 INFO  impl.RaftServerImpl (RaftServerImpl.java:setRole(171)) - 9a2c865e-e21e-4780-9ad1-406ad3c0f8df:group-BA7A91BEE962 changes role from null to FOLLOWER at term 0 for startAsFollower
2019-07-13 12:47:31,527 INFO  impl.RoleInfo (RoleInfo.java:updateAndGet(143)) - 9a2c865e-e21e-4780-9ad1-406ad3c0f8df: start FollowerState
2019-07-13 12:47:31,527 INFO  util.JmxRegister (JmxRegister.java:tryRegister(44)) - Successfully registered JMX Bean with object name Ratis:service=RaftServer,group=group-BA7A91BEE962,id=9a2c865e-e21e-4780-9ad1-406ad3c0f8df
2019-07-13 12:47:31,531 INFO  pipeline.PipelineStateManager (PipelineStateManager.java:addPipeline(56)) - Created pipeline Pipeline[ Id: a3c7a77b-ae2f-4922-a46b-ba7a91bee962, Nodes: 9a2c865e-e21e-4780-9ad1-406ad3c0f8df{ip: 192.168.5.181, host: trunk-nightly-q2gwj-1111726333, networkLocation: /default-rack, certSerialId: null}, Type:RATIS, Factor:ONE, State:OPEN]
2019-07-13 12:47:32,475 INFO  ozone.MiniOzoneClusterImpl (MiniOzoneClusterImpl.java:lambda$waitForClusterToBeReady$0(142)) - Cluster is ready. Got 7 of 7 DN Heartbeats.
2019-07-13 12:47:32,540 INFO  rpc.RpcClient (RpcClient.java:createVolume(287)) - Creating Volume: watchforcommithandlingtest, with jenkins1000 as owner.
2019-07-13 12:47:32,564 INFO  rpc.RpcClient (RpcClient.java:createBucket(424)) - Creating Bucket: watchforcommithandlingtest/watchforcommithandlingtest, with Versioning false and Storage Type set to DISK and Encryption set to false 
2019-07-13 12:47:32,572 INFO  ozone.MiniOzoneClusterImpl (MiniOzoneClusterImpl.java:getStorageContainerLocationClient(241)) - Creating StorageContainerLocationProtocol RPC client with address /0.0.0.0:46731
2019-07-13 12:47:32,595 INFO  client.GrpcClientProtocolClient (GrpcClientProtocolClient.java:onNext(255)) - client-96356F272B51->64ca150a-c620-4294-84e2-4b85544ea83d: receive RaftClientReply:client-96356F272B51->64ca150a-c620-4294-84e2-4b85544ea83d@group-84480CD470B2, cid=54, FAILED org.apache.ratis.protocol.NotLeaderException: Server 64ca150a-c620-4294-84e2-4b85544ea83d is not the leader (null). Request must be sent to leader., logIndex=0, commits[64ca150a-c620-4294-84e2-4b85544ea83d:c-1]
2019-07-13 12:47:33,453 INFO  container.ReplicationManager (ReplicationManager.java:start(155)) - Starting Replication Monitor Thread.
2019-07-13 12:47:33,460 INFO  container.ReplicationManager (ReplicationManager.java:run(207)) - Replication Monitor Thread took 1 milliseconds for processing 1 containers.
2019-07-13 12:47:33,625 INFO  client.GrpcClientProtocolClient (GrpcClientProtocolClient.java:onNext(255)) - client-96356F272B51->cf888fe8-b99d-436a-b792-f838102cda43: receive RaftClientReply:client-96356F272B51->cf888fe8-b99d-436a-b792-f838102cda43@group-84480CD470B2, cid=54, FAILED org.apache.ratis.protocol.NotLeaderException: Server cf888fe8-b99d-436a-b792-f838102cda43 is not the leader (null). Request must be sent to leader., logIndex=0, commits[cf888fe8-b99d-436a-b792-f838102cda43:c-1]
2019-07-13 12:47:34,651 INFO  client.GrpcClientProtocolClient (GrpcClientProtocolClient.java:onNext(255)) - client-96356F272B51->64ca150a-c620-4294-84e2-4b85544ea83d: receive RaftClientReply:client-96356F272B51->64ca150a-c620-4294-84e2-4b85544ea83d@group-84480CD470B2, cid=54, FAILED org.apache.ratis.protocol.NotLeaderException: Server 64ca150a-c620-4294-84e2-4b85544ea83d is not the leader (null). Request must be sent to leader., logIndex=0, commits[64ca150a-c620-4294-84e2-4b85544ea83d:c-1]
2019-07-13 12:47:35,676 INFO  impl.FollowerState (FollowerState.java:run(106)) - 64ca150a-c620-4294-84e2-4b85544ea83d:group-712B5D5A3228 changes to CANDIDATE, lastRpcTime:5192, electionTimeout:5191ms
2019-07-13 12:47:35,676 INFO  impl.RoleInfo (RoleInfo.java:shutdownFollowerState(121)) - 64ca150a-c620-4294-84e2-4b85544ea83d: shutdown FollowerState
2019-07-13 12:47:35,676 INFO  impl.RaftServerImpl (RaftServerImpl.java:setRole(171)) - 64ca150a-c620-4294-84e2-4b85544ea83d:group-712B5D5A3228 changes role from FOLLOWER to CANDIDATE at term 0 for changeToCandidate
2019-07-13 12:47:35,676 INFO  impl.RoleInfo (RoleInfo.java:updateAndGet(143)) - 64ca150a-c620-4294-84e2-4b85544ea83d: start LeaderElection
2019-07-13 12:47:35,696 INFO  client.GrpcClientProtocolClient (GrpcClientProtocolClient.java:onNext(255)) - client-96356F272B51->cf888fe8-b99d-436a-b792-f838102cda43: receive RaftClientReply:client-96356F272B51->cf888fe8-b99d-436a-b792-f838102cda43@group-84480CD470B2, cid=54, FAILED org.apache.ratis.protocol.NotLeaderException: Server cf888fe8-b99d-436a-b792-f838102cda43 is not the leader (null). Request must be sent to leader., logIndex=0, commits[cf888fe8-b99d-436a-b792-f838102cda43:c-1]
2019-07-13 12:47:35,708 INFO  impl.LeaderElection (LeaderElection.java:askForVotes(181)) - 64ca150a-c620-4294-84e2-4b85544ea83d:group-712B5D5A3228:LeaderElection28: begin an election at term 1 for -1: [64ca150a-c620-4294-84e2-4b85544ea83d:192.168.5.181:41487], old=null
2019-07-13 12:47:35,708 INFO  impl.RoleInfo (RoleInfo.java:shutdownLeaderElection(134)) - 64ca150a-c620-4294-84e2-4b85544ea83d: shutdown LeaderElection
2019-07-13 12:47:35,708 INFO  impl.RaftServerImpl (RaftServerImpl.java:setRole(171)) - 64ca150a-c620-4294-84e2-4b85544ea83d:group-712B5D5A3228 changes role from CANDIDATE to LEADER at term 1 for changeToLeader
2019-07-13 12:47:35,712 INFO  impl.RaftServerImpl (ServerState.java:setLeader(263)) - 64ca150a-c620-4294-84e2-4b85544ea83d:group-712B5D5A3228 change Leader from null to 64ca150a-c620-4294-84e2-4b85544ea83d at term 1 for becomeLeader, leader elected after 5234ms
2019-07-13 12:47:35,712 INFO  server.RaftServerConfigKeys (ConfUtils.java:logGet(43)) - raft.server.staging.catchup.gap = 1000 (default)
2019-07-13 12:47:35,713 INFO  server.RaftServerConfigKeys (ConfUtils.java:logGet(43)) - raft.server.rpc.sleep.time = 25ms (default)
2019-07-13 12:47:35,713 INFO  server.RaftServerConfigKeys (ConfUtils.java:logGet(43)) - raft.server.write.element-limit = 4096 (default)
2019-07-13 12:47:35,713 INFO  server.RaftServerConfigKeys (ConfUtils.java:logGet(43)) - raft.server.watch.timeout = 10s (default)
2019-07-13 12:47:35,713 INFO  server.RaftServerConfigKeys (ConfUtils.java:logGet(43)) - raft.server.watch.timeout.denomination = 1s (default)
2019-07-13 12:47:35,713 INFO  server.RaftServerConfigKeys (ConfUtils.java:logGet(43)) - raft.server.watch.element-limit = 65536 (default)
2019-07-13 12:47:35,714 INFO  impl.RoleInfo (RoleInfo.java:updateAndGet(143)) - 64ca150a-c620-4294-84e2-4b85544ea83d: start LeaderState
2019-07-13 12:47:35,714 INFO  segmented.SegmentedRaftLogWorker (SegmentedRaftLogWorker.java:startLogSegment(380)) - 64ca150a-c620-4294-84e2-4b85544ea83d-SegmentedRaftLogWorker:Storage Directory /tmp/workdir/hadoop-ozone/integration-test/target/test-dir/MiniOzoneClusterImpl-71be8316-c956-478f-8692-802690e61dc7/datanode-0/data/ratis/6368c594-1d27-4973-bd85-712b5d5a3228: Starting segment from index:0
2019-07-13 12:47:35,715 INFO  impl.RaftServerImpl (ServerState.java:setRaftConf(361)) - 64ca150a-c620-4294-84e2-4b85544ea83d:group-712B5D5A3228 set configuration 0: [64ca150a-c620-4294-84e2-4b85544ea83d:192.168.5.181:41487], old=null at 0
2019-07-13 12:47:35,737 INFO  segmented.SegmentedRaftLogWorker (SegmentedRaftLogWorker.java:execute(569)) - 64ca150a-c620-4294-84e2-4b85544ea83d-SegmentedRaftLogWorker:Storage Directory /tmp/workdir/hadoop-ozone/integration-test/target/test-dir/MiniOzoneClusterImpl-71be8316-c956-478f-8692-802690e61dc7/datanode-0/data/ratis/6368c594-1d27-4973-bd85-712b5d5a3228: created new log segment /tmp/workdir/hadoop-ozone/integration-test/target/test-dir/MiniOzoneClusterImpl-71be8316-c956-478f-8692-802690e61dc7/datanode-0/data/ratis/6368c594-1d27-4973-bd85-712b5d5a3228/current/log_inprogress_0
2019-07-13 12:47:35,921 INFO  impl.FollowerState (FollowerState.java:run(106)) - cf888fe8-b99d-436a-b792-f838102cda43:group-B4F509931605 changes to CANDIDATE, lastRpcTime:5087, electionTimeout:5087ms
2019-07-13 12:47:35,921 INFO  impl.RoleInfo (RoleInfo.java:shutdownFollowerState(121)) - cf888fe8-b99d-436a-b792-f838102cda43: shutdown FollowerState
2019-07-13 12:47:35,921 INFO  impl.RaftServerImpl (RaftServerImpl.java:setRole(171)) - cf888fe8-b99d-436a-b792-f838102cda43:group-B4F509931605 changes role from FOLLOWER to CANDIDATE at term 0 for changeToCandidate
2019-07-13 12:47:35,921 INFO  impl.FollowerState (FollowerState.java:run(106)) - 2ce21e82-9fce-4154-8460-38f4062df44e:group-6A8E6BBCF33D changes to CANDIDATE, lastRpcTime:5199, electionTimeout:5199ms
2019-07-13 12:47:35,921 INFO  impl.RoleInfo (RoleInfo.java:updateAndGet(143)) - cf888fe8-b99d-436a-b792-f838102cda43: start LeaderElection
2019-07-13 12:47:35,921 INFO  impl.RoleInfo (RoleInfo.java:shutdownFollowerState(121)) - 2ce21e82-9fce-4154-8460-38f4062df44e: shutdown FollowerState
2019-07-13 12:47:35,921 INFO  impl.RaftServerImpl (RaftServerImpl.java:setRole(171)) - 2ce21e82-9fce-4154-8460-38f4062df44e:group-6A8E6BBCF33D changes role from FOLLOWER to CANDIDATE at term 0 for changeToCandidate
2019-07-13 12:47:35,935 INFO  impl.FollowerState (FollowerState.java:run(106)) - 2ce21e82-9fce-4154-8460-38f4062df44e:group-84480CD470B2 changes to CANDIDATE, lastRpcTime:5058, electionTimeout:5056ms
2019-07-13 12:47:35,935 INFO  impl.RoleInfo (RoleInfo.java:updateAndGet(143)) - 2ce21e82-9fce-4154-8460-38f4062df44e: start LeaderElection
2019-07-13 12:47:35,935 INFO  impl.RoleInfo (RoleInfo.java:shutdownFollowerState(121)) - 2ce21e82-9fce-4154-8460-38f4062df44e: shutdown FollowerState
2019-07-13 12:47:35,935 INFO  impl.RaftServerImpl (RaftServerImpl.java:setRole(171)) - 2ce21e82-9fce-4154-8460-38f4062df44e:group-84480CD470B2 changes role from FOLLOWER to CANDIDATE at term 0 for changeToCandidate
2019-07-13 12:47:35,940 INFO  impl.RoleInfo (RoleInfo.java:updateAndGet(143)) - 2ce21e82-9fce-4154-8460-38f4062df44e: start LeaderElection
2019-07-13 12:47:35,961 INFO  impl.LeaderElection (LeaderElection.java:askForVotes(181)) - cf888fe8-b99d-436a-b792-f838102cda43:group-B4F509931605:LeaderElection29: begin an election at term 1 for -1: [cf888fe8-b99d-436a-b792-f838102cda43:192.168.5.181:34411], old=null
2019-07-13 12:47:35,961 INFO  impl.RoleInfo (RoleInfo.java:shutdownLeaderElection(134)) - cf888fe8-b99d-436a-b792-f838102cda43: shutdown LeaderElection
2019-07-13 12:47:35,961 INFO  impl.RaftServerImpl (RaftServerImpl.java:setRole(171)) - cf888fe8-b99d-436a-b792-f838102cda43:group-B4F509931605 changes role from CANDIDATE to LEADER at term 1 for changeToLeader
2019-07-13 12:47:35,961 INFO  impl.RaftServerImpl (ServerState.java:setLeader(263)) - cf888fe8-b99d-436a-b792-f838102cda43:group-B4F509931605 change Leader from null to cf888fe8-b99d-436a-b792-f838102cda43 at term 1 for becomeLeader, leader elected after 5133ms
2019-07-13 12:47:35,962 INFO  server.RaftServerConfigKeys (ConfUtils.java:logGet(43)) - raft.server.staging.catchup.gap = 1000 (default)
2019-07-13 12:47:35,962 INFO  server.RaftServerConfigKeys (ConfUtils.java:logGet(43)) - raft.server.rpc.sleep.time = 25ms (default)
2019-07-13 12:47:35,962 INFO  server.RaftServerConfigKeys (ConfUtils.java:logGet(43)) - raft.server.write.element-limit = 4096 (default)
2019-07-13 12:47:35,962 INFO  server.RaftServerConfigKeys (ConfUtils.java:logGet(43)) - raft.server.watch.timeout = 10s (default)
2019-07-13 12:47:35,962 INFO  server.RaftServerConfigKeys (ConfUtils.java:logGet(43)) - raft.server.watch.timeout.denomination = 1s (default)
2019-07-13 12:47:35,962 INFO  server.RaftServerConfigKeys (ConfUtils.java:logGet(43)) - raft.server.watch.element-limit = 65536 (default)
2019-07-13 12:47:35,963 INFO  impl.RoleInfo (RoleInfo.java:updateAndGet(143)) - cf888fe8-b99d-436a-b792-f838102cda43: start LeaderState
2019-07-13 12:47:35,963 INFO  segmented.SegmentedRaftLogWorker (SegmentedRaftLogWorker.java:startLogSegment(380)) - cf888fe8-b99d-436a-b792-f838102cda43-SegmentedRaftLogWorker:Storage Directory /tmp/workdir/hadoop-ozone/integration-test/target/test-dir/MiniOzoneClusterImpl-71be8316-c956-478f-8692-802690e61dc7/datanode-2/data/ratis/5fcef6a4-1d5a-4b98-b5e1-b4f509931605: Starting segment from index:0
2019-07-13 12:47:35,963 INFO  impl.RaftServerImpl (ServerState.java:setRaftConf(361)) - cf888fe8-b99d-436a-b792-f838102cda43:group-B4F509931605 set configuration 0: [cf888fe8-b99d-436a-b792-f838102cda43:192.168.5.181:34411], old=null at 0
2019-07-13 12:47:35,967 INFO  impl.LeaderElection (LeaderElection.java:askForVotes(181)) - 2ce21e82-9fce-4154-8460-38f4062df44e:group-84480CD470B2:LeaderElection31: begin an election at term 1 for -1: [64ca150a-c620-4294-84e2-4b85544ea83d:192.168.5.181:41487, cf888fe8-b99d-436a-b792-f838102cda43:192.168.5.181:34411, 2ce21e82-9fce-4154-8460-38f4062df44e:192.168.5.181:39792], old=null
2019-07-13 12:47:35,967 INFO  impl.LeaderElection (LeaderElection.java:askForVotes(181)) - 2ce21e82-9fce-4154-8460-38f4062df44e:group-6A8E6BBCF33D:LeaderElection30: begin an election at term 1 for -1: [2ce21e82-9fce-4154-8460-38f4062df44e:192.168.5.181:39792], old=null
2019-07-13 12:47:35,967 INFO  impl.RoleInfo (RoleInfo.java:shutdownLeaderElection(134)) - 2ce21e82-9fce-4154-8460-38f4062df44e: shutdown LeaderElection
2019-07-13 12:47:35,967 INFO  impl.RaftServerImpl (RaftServerImpl.java:setRole(171)) - 2ce21e82-9fce-4154-8460-38f4062df44e:group-6A8E6BBCF33D changes role from CANDIDATE to LEADER at term 1 for changeToLeader
2019-07-13 12:47:35,967 INFO  impl.RaftServerImpl (ServerState.java:setLeader(263)) - 2ce21e82-9fce-4154-8460-38f4062df44e:group-6A8E6BBCF33D change Leader from null to 2ce21e82-9fce-4154-8460-38f4062df44e at term 1 for becomeLeader, leader elected after 5250ms
2019-07-13 12:47:35,968 INFO  server.RaftServerConfigKeys (ConfUtils.java:logGet(43)) - raft.server.staging.catchup.gap = 1000 (default)
2019-07-13 12:47:35,968 INFO  server.RaftServerConfigKeys (ConfUtils.java:logGet(43)) - raft.server.rpc.sleep.time = 25ms (default)
2019-07-13 12:47:35,968 INFO  server.RaftServerConfigKeys (ConfUtils.java:logGet(43)) - raft.server.write.element-limit = 4096 (default)
2019-07-13 12:47:35,968 INFO  server.RaftServerConfigKeys (ConfUtils.java:logGet(43)) - raft.server.watch.timeout = 10s (default)
2019-07-13 12:47:35,968 INFO  server.RaftServerConfigKeys (ConfUtils.java:logGet(43)) - raft.server.watch.timeout.denomination = 1s (default)
2019-07-13 12:47:35,968 INFO  server.RaftServerConfigKeys (ConfUtils.java:logGet(43)) - raft.server.watch.element-limit = 65536 (default)
2019-07-13 12:47:35,969 INFO  impl.RoleInfo (RoleInfo.java:updateAndGet(143)) - 2ce21e82-9fce-4154-8460-38f4062df44e: start LeaderState
2019-07-13 12:47:35,969 INFO  segmented.SegmentedRaftLogWorker (SegmentedRaftLogWorker.java:startLogSegment(380)) - 2ce21e82-9fce-4154-8460-38f4062df44e-SegmentedRaftLogWorker:Storage Directory /tmp/workdir/hadoop-ozone/integration-test/target/test-dir/MiniOzoneClusterImpl-71be8316-c956-478f-8692-802690e61dc7/datanode-1/data/ratis/0dbd44af-2419-4926-bbf9-6a8e6bbcf33d: Starting segment from index:0
2019-07-13 12:47:35,970 INFO  impl.RaftServerImpl (ServerState.java:setRaftConf(361)) - 2ce21e82-9fce-4154-8460-38f4062df44e:group-6A8E6BBCF33D set configuration 0: [2ce21e82-9fce-4154-8460-38f4062df44e:192.168.5.181:39792], old=null at 0
2019-07-13 12:47:35,976 INFO  impl.RaftServerImpl (RaftServerImpl.java:setRole(171)) - 64ca150a-c620-4294-84e2-4b85544ea83d:group-84480CD470B2 changes role from FOLLOWER to FOLLOWER at term 1 for recognizeCandidate:2ce21e82-9fce-4154-8460-38f4062df44e
2019-07-13 12:47:35,977 INFO  impl.RaftServerImpl (RaftServerImpl.java:setRole(171)) - cf888fe8-b99d-436a-b792-f838102cda43:group-84480CD470B2 changes role from FOLLOWER to FOLLOWER at term 1 for recognizeCandidate:2ce21e82-9fce-4154-8460-38f4062df44e
2019-07-13 12:47:35,977 INFO  impl.RoleInfo (RoleInfo.java:shutdownFollowerState(121)) - 64ca150a-c620-4294-84e2-4b85544ea83d: shutdown FollowerState
2019-07-13 12:47:35,978 INFO  impl.RoleInfo (RoleInfo.java:shutdownFollowerState(121)) - cf888fe8-b99d-436a-b792-f838102cda43: shutdown FollowerState
2019-07-13 12:47:35,978 INFO  impl.RoleInfo (RoleInfo.java:updateAndGet(143)) - 64ca150a-c620-4294-84e2-4b85544ea83d: start FollowerState
2019-07-13 12:47:35,978 INFO  impl.FollowerState (FollowerState.java:run(114)) - cf888fe8-b99d-436a-b792-f838102cda43: FollowerState was interrupted: java.lang.InterruptedException: sleep interrupted
2019-07-13 12:47:35,978 INFO  impl.RoleInfo (RoleInfo.java:updateAndGet(143)) - cf888fe8-b99d-436a-b792-f838102cda43: start FollowerState
2019-07-13 12:47:35,978 INFO  impl.FollowerState (FollowerState.java:run(114)) - 64ca150a-c620-4294-84e2-4b85544ea83d: FollowerState was interrupted: java.lang.InterruptedException: sleep interrupted
2019-07-13 12:47:36,002 INFO  segmented.SegmentedRaftLogWorker (SegmentedRaftLogWorker.java:execute(569)) - cf888fe8-b99d-436a-b792-f838102cda43-SegmentedRaftLogWorker:Storage Directory /tmp/workdir/hadoop-ozone/integration-test/target/test-dir/MiniOzoneClusterImpl-71be8316-c956-478f-8692-802690e61dc7/datanode-2/data/ratis/5fcef6a4-1d5a-4b98-b5e1-b4f509931605: created new log segment /tmp/workdir/hadoop-ozone/integration-test/target/test-dir/MiniOzoneClusterImpl-71be8316-c956-478f-8692-802690e61dc7/datanode-2/data/ratis/5fcef6a4-1d5a-4b98-b5e1-b4f509931605/current/log_inprogress_0
2019-07-13 12:47:36,002 INFO  segmented.SegmentedRaftLogWorker (SegmentedRaftLogWorker.java:execute(569)) - 2ce21e82-9fce-4154-8460-38f4062df44e-SegmentedRaftLogWorker:Storage Directory /tmp/workdir/hadoop-ozone/integration-test/target/test-dir/MiniOzoneClusterImpl-71be8316-c956-478f-8692-802690e61dc7/datanode-1/data/ratis/0dbd44af-2419-4926-bbf9-6a8e6bbcf33d: created new log segment /tmp/workdir/hadoop-ozone/integration-test/target/test-dir/MiniOzoneClusterImpl-71be8316-c956-478f-8692-802690e61dc7/datanode-1/data/ratis/0dbd44af-2419-4926-bbf9-6a8e6bbcf33d/current/log_inprogress_0
2019-07-13 12:47:36,010 INFO  impl.LeaderElection (LeaderElection.java:logAndReturn(56)) - 2ce21e82-9fce-4154-8460-38f4062df44e:group-84480CD470B2:LeaderElection31: Election PASSED; received 1 response(s) [2ce21e82-9fce-4154-8460-38f4062df44e<-cf888fe8-b99d-436a-b792-f838102cda43#0:OK-t1] and 0 exception(s); 2ce21e82-9fce-4154-8460-38f4062df44e:t1, leader=null, voted=2ce21e82-9fce-4154-8460-38f4062df44e, raftlog=2ce21e82-9fce-4154-8460-38f4062df44e-SegmentedRaftLog:OPENED:c-1,f-1,i0, conf=-1: [64ca150a-c620-4294-84e2-4b85544ea83d:192.168.5.181:41487, cf888fe8-b99d-436a-b792-f838102cda43:192.168.5.181:34411, 2ce21e82-9fce-4154-8460-38f4062df44e:192.168.5.181:39792], old=null
2019-07-13 12:47:36,011 INFO  impl.RoleInfo (RoleInfo.java:shutdownLeaderElection(134)) - 2ce21e82-9fce-4154-8460-38f4062df44e: shutdown LeaderElection
2019-07-13 12:47:36,011 INFO  impl.RaftServerImpl (RaftServerImpl.java:setRole(171)) - 2ce21e82-9fce-4154-8460-38f4062df44e:group-84480CD470B2 changes role from CANDIDATE to LEADER at term 1 for changeToLeader
2019-07-13 12:47:36,011 INFO  impl.RaftServerImpl (ServerState.java:setLeader(263)) - 2ce21e82-9fce-4154-8460-38f4062df44e:group-84480CD470B2 change Leader from null to 2ce21e82-9fce-4154-8460-38f4062df44e at term 1 for becomeLeader, leader elected after 5141ms
2019-07-13 12:47:36,011 INFO  server.RaftServerConfigKeys (ConfUtils.java:logGet(43)) - raft.server.staging.catchup.gap = 1000 (default)
2019-07-13 12:47:36,011 INFO  server.RaftServerConfigKeys (ConfUtils.java:logGet(43)) - raft.server.rpc.sleep.time = 25ms (default)
2019-07-13 12:47:36,012 INFO  server.RaftServerConfigKeys (ConfUtils.java:logGet(43)) - raft.server.write.element-limit = 4096 (default)
2019-07-13 12:47:36,012 INFO  server.RaftServerConfigKeys (ConfUtils.java:logGet(43)) - raft.server.watch.timeout = 10s (default)
2019-07-13 12:47:36,012 INFO  server.RaftServerConfigKeys (ConfUtils.java:logGet(43)) - raft.server.watch.timeout.denomination = 1s (default)
2019-07-13 12:47:36,012 INFO  server.RaftServerConfigKeys (ConfUtils.java:logGet(43)) - raft.server.watch.element-limit = 65536 (default)
2019-07-13 12:47:36,012 INFO  server.RaftServerConfigKeys (ConfUtils.java:logGet(43)) - raft.server.log.appender.snapshot.chunk.size.max = 16MB (=16777216) (default)
2019-07-13 12:47:36,013 INFO  server.RaftServerConfigKeys (ConfUtils.java:logGet(43)) - raft.server.log.appender.buffer.byte-limit = 33554432 (custom)
2019-07-13 12:47:36,013 INFO  server.RaftServerConfigKeys (ConfUtils.java:logGet(43)) - raft.server.log.appender.buffer.element-limit = 1 (custom)
2019-07-13 12:47:36,013 INFO  grpc.GrpcConfigKeys$Server (ConfUtils.java:logGet(43)) - raft.grpc.server.leader.outstanding.appends.max = 128 (default)
2019-07-13 12:47:36,013 INFO  server.RaftServerConfigKeys (ConfUtils.java:logGet(43)) - raft.server.rpc.request.timeout = 3000ms (default)
2019-07-13 12:47:36,014 INFO  server.RaftServerConfigKeys (ConfUtils.java:logGet(43)) - raft.server.log.appender.install.snapshot.enabled = false (custom)
2019-07-13 12:47:36,014 INFO  server.RaftServerConfigKeys (ConfUtils.java:logGet(43)) - raft.server.log.appender.snapshot.chunk.size.max = 16MB (=16777216) (default)
2019-07-13 12:47:36,014 INFO  server.RaftServerConfigKeys (ConfUtils.java:logGet(43)) - raft.server.log.appender.buffer.byte-limit = 33554432 (custom)
2019-07-13 12:47:36,014 INFO  server.RaftServerConfigKeys (ConfUtils.java:logGet(43)) - raft.server.log.appender.buffer.element-limit = 1 (custom)
2019-07-13 12:47:36,014 INFO  grpc.GrpcConfigKeys$Server (ConfUtils.java:logGet(43)) - raft.grpc.server.leader.outstanding.appends.max = 128 (default)
2019-07-13 12:47:36,014 INFO  server.RaftServerConfigKeys (ConfUtils.java:logGet(43)) - raft.server.rpc.request.timeout = 3000ms (default)
2019-07-13 12:47:36,015 INFO  server.RaftServerConfigKeys (ConfUtils.java:logGet(43)) - raft.server.log.appender.install.snapshot.enabled = false (custom)
2019-07-13 12:47:36,015 INFO  impl.RoleInfo (RoleInfo.java:updateAndGet(143)) - 2ce21e82-9fce-4154-8460-38f4062df44e: start LeaderState
2019-07-13 12:47:36,015 INFO  segmented.SegmentedRaftLogWorker (SegmentedRaftLogWorker.java:startLogSegment(380)) - 2ce21e82-9fce-4154-8460-38f4062df44e-SegmentedRaftLogWorker:Storage Directory /tmp/workdir/hadoop-ozone/integration-test/target/test-dir/MiniOzoneClusterImpl-71be8316-c956-478f-8692-802690e61dc7/datanode-1/data/ratis/75635881-d81f-4f23-8d31-84480cd470b2: Starting segment from index:0
2019-07-13 12:47:36,016 INFO  impl.RaftServerImpl (ServerState.java:setRaftConf(361)) - 2ce21e82-9fce-4154-8460-38f4062df44e:group-84480CD470B2 set configuration 0: [64ca150a-c620-4294-84e2-4b85544ea83d:192.168.5.181:41487, cf888fe8-b99d-436a-b792-f838102cda43:192.168.5.181:34411, 2ce21e82-9fce-4154-8460-38f4062df44e:192.168.5.181:39792], old=null at 0
2019-07-13 12:47:36,041 INFO  impl.RaftServerImpl (ServerState.java:setLeader(263)) - cf888fe8-b99d-436a-b792-f838102cda43:group-84480CD470B2 change Leader from null to 2ce21e82-9fce-4154-8460-38f4062df44e at term 1 for appendEntries, leader elected after 5171ms
2019-07-13 12:47:36,042 INFO  impl.RaftServerImpl (ServerState.java:setLeader(263)) - 64ca150a-c620-4294-84e2-4b85544ea83d:group-84480CD470B2 change Leader from null to 2ce21e82-9fce-4154-8460-38f4062df44e at term 1 for appendEntries, leader elected after 5172ms
2019-07-13 12:47:36,046 INFO  segmented.SegmentedRaftLogWorker (SegmentedRaftLogWorker.java:execute(569)) - 2ce21e82-9fce-4154-8460-38f4062df44e-SegmentedRaftLogWorker:Storage Directory /tmp/workdir/hadoop-ozone/integration-test/target/test-dir/MiniOzoneClusterImpl-71be8316-c956-478f-8692-802690e61dc7/datanode-1/data/ratis/75635881-d81f-4f23-8d31-84480cd470b2: created new log segment /tmp/workdir/hadoop-ozone/integration-test/target/test-dir/MiniOzoneClusterImpl-71be8316-c956-478f-8692-802690e61dc7/datanode-1/data/ratis/75635881-d81f-4f23-8d31-84480cd470b2/current/log_inprogress_0
2019-07-13 12:47:36,053 INFO  impl.RaftServerImpl (ServerState.java:setRaftConf(361)) - cf888fe8-b99d-436a-b792-f838102cda43:group-84480CD470B2 set configuration 0: [64ca150a-c620-4294-84e2-4b85544ea83d:192.168.5.181:41487, cf888fe8-b99d-436a-b792-f838102cda43:192.168.5.181:34411, 2ce21e82-9fce-4154-8460-38f4062df44e:192.168.5.181:39792], old=null at 0
2019-07-13 12:47:36,053 INFO  impl.RaftServerImpl (ServerState.java:setRaftConf(361)) - 64ca150a-c620-4294-84e2-4b85544ea83d:group-84480CD470B2 set configuration 0: [64ca150a-c620-4294-84e2-4b85544ea83d:192.168.5.181:41487, cf888fe8-b99d-436a-b792-f838102cda43:192.168.5.181:34411, 2ce21e82-9fce-4154-8460-38f4062df44e:192.168.5.181:39792], old=null at 0
2019-07-13 12:47:36,054 INFO  segmented.SegmentedRaftLogWorker (SegmentedRaftLogWorker.java:startLogSegment(380)) - cf888fe8-b99d-436a-b792-f838102cda43-SegmentedRaftLogWorker:Storage Directory /tmp/workdir/hadoop-ozone/integration-test/target/test-dir/MiniOzoneClusterImpl-71be8316-c956-478f-8692-802690e61dc7/datanode-2/data/ratis/75635881-d81f-4f23-8d31-84480cd470b2: Starting segment from index:0
2019-07-13 12:47:36,054 INFO  segmented.SegmentedRaftLogWorker (SegmentedRaftLogWorker.java:startLogSegment(380)) - 64ca150a-c620-4294-84e2-4b85544ea83d-SegmentedRaftLogWorker:Storage Directory /tmp/workdir/hadoop-ozone/integration-test/target/test-dir/MiniOzoneClusterImpl-71be8316-c956-478f-8692-802690e61dc7/datanode-0/data/ratis/75635881-d81f-4f23-8d31-84480cd470b2: Starting segment from index:0
2019-07-13 12:47:36,077 INFO  segmented.SegmentedRaftLogWorker (SegmentedRaftLogWorker.java:execute(569)) - cf888fe8-b99d-436a-b792-f838102cda43-SegmentedRaftLogWorker:Storage Directory /tmp/workdir/hadoop-ozone/integration-test/target/test-dir/MiniOzoneClusterImpl-71be8316-c956-478f-8692-802690e61dc7/datanode-2/data/ratis/75635881-d81f-4f23-8d31-84480cd470b2: created new log segment /tmp/workdir/hadoop-ozone/integration-test/target/test-dir/MiniOzoneClusterImpl-71be8316-c956-478f-8692-802690e61dc7/datanode-2/data/ratis/75635881-d81f-4f23-8d31-84480cd470b2/current/log_inprogress_0
2019-07-13 12:47:36,077 INFO  segmented.SegmentedRaftLogWorker (SegmentedRaftLogWorker.java:execute(569)) - 64ca150a-c620-4294-84e2-4b85544ea83d-SegmentedRaftLogWorker:Storage Directory /tmp/workdir/hadoop-ozone/integration-test/target/test-dir/MiniOzoneClusterImpl-71be8316-c956-478f-8692-802690e61dc7/datanode-0/data/ratis/75635881-d81f-4f23-8d31-84480cd470b2: created new log segment /tmp/workdir/hadoop-ozone/integration-test/target/test-dir/MiniOzoneClusterImpl-71be8316-c956-478f-8692-802690e61dc7/datanode-0/data/ratis/75635881-d81f-4f23-8d31-84480cd470b2/current/log_inprogress_0
2019-07-13 12:47:36,196 INFO  impl.FollowerState (FollowerState.java:run(106)) - 0cc818b2-3655-4b38-aa98-30ee9aa8883a:group-D6426E9EC305 changes to CANDIDATE, lastRpcTime:5198, electionTimeout:5198ms
2019-07-13 12:47:36,196 INFO  impl.RoleInfo (RoleInfo.java:shutdownFollowerState(121)) - 0cc818b2-3655-4b38-aa98-30ee9aa8883a: shutdown FollowerState
2019-07-13 12:47:36,196 INFO  impl.RaftServerImpl (RaftServerImpl.java:setRole(171)) - 0cc818b2-3655-4b38-aa98-30ee9aa8883a:group-D6426E9EC305 changes role from FOLLOWER to CANDIDATE at term 0 for changeToCandidate
2019-07-13 12:47:36,196 INFO  impl.RoleInfo (RoleInfo.java:updateAndGet(143)) - 0cc818b2-3655-4b38-aa98-30ee9aa8883a: start LeaderElection
2019-07-13 12:47:36,226 INFO  impl.LeaderElection (LeaderElection.java:askForVotes(181)) - 0cc818b2-3655-4b38-aa98-30ee9aa8883a:group-D6426E9EC305:LeaderElection32: begin an election at term 1 for -1: [0cc818b2-3655-4b38-aa98-30ee9aa8883a:192.168.5.181:37756], old=null
2019-07-13 12:47:36,227 INFO  impl.RoleInfo (RoleInfo.java:shutdownLeaderElection(134)) - 0cc818b2-3655-4b38-aa98-30ee9aa8883a: shutdown LeaderElection
2019-07-13 12:47:36,227 INFO  impl.RaftServerImpl (RaftServerImpl.java:setRole(171)) - 0cc818b2-3655-4b38-aa98-30ee9aa8883a:group-D6426E9EC305 changes role from CANDIDATE to LEADER at term 1 for changeToLeader
2019-07-13 12:47:36,227 INFO  impl.RaftServerImpl (ServerState.java:setLeader(263)) - 0cc818b2-3655-4b38-aa98-30ee9aa8883a:group-D6426E9EC305 change Leader from null to 0cc818b2-3655-4b38-aa98-30ee9aa8883a at term 1 for becomeLeader, leader elected after 5234ms
2019-07-13 12:47:36,227 INFO  server.RaftServerConfigKeys (ConfUtils.java:logGet(43)) - raft.server.staging.catchup.gap = 1000 (default)
2019-07-13 12:47:36,227 INFO  server.RaftServerConfigKeys (ConfUtils.java:logGet(43)) - raft.server.rpc.sleep.time = 25ms (default)
2019-07-13 12:47:36,227 INFO  server.RaftServerConfigKeys (ConfUtils.java:logGet(43)) - raft.server.write.element-limit = 4096 (default)
2019-07-13 12:47:36,227 INFO  server.RaftServerConfigKeys (ConfUtils.java:logGet(43)) - raft.server.watch.timeout = 10s (default)
2019-07-13 12:47:36,228 INFO  server.RaftServerConfigKeys (ConfUtils.java:logGet(43)) - raft.server.watch.timeout.denomination = 1s (default)
2019-07-13 12:47:36,228 INFO  server.RaftServerConfigKeys (ConfUtils.java:logGet(43)) - raft.server.watch.element-limit = 65536 (default)
2019-07-13 12:47:36,228 INFO  impl.RoleInfo (RoleInfo.java:updateAndGet(143)) - 0cc818b2-3655-4b38-aa98-30ee9aa8883a: start LeaderState
2019-07-13 12:47:36,228 INFO  segmented.SegmentedRaftLogWorker (SegmentedRaftLogWorker.java:startLogSegment(380)) - 0cc818b2-3655-4b38-aa98-30ee9aa8883a-SegmentedRaftLogWorker:Storage Directory /tmp/workdir/hadoop-ozone/integration-test/target/test-dir/MiniOzoneClusterImpl-71be8316-c956-478f-8692-802690e61dc7/datanode-3/data/ratis/a9e53aba-971c-4c5d-b833-d6426e9ec305: Starting segment from index:0
2019-07-13 12:47:36,229 INFO  impl.RaftServerImpl (ServerState.java:setRaftConf(361)) - 0cc818b2-3655-4b38-aa98-30ee9aa8883a:group-D6426E9EC305 set configuration 0: [0cc818b2-3655-4b38-aa98-30ee9aa8883a:192.168.5.181:37756], old=null at 0
2019-07-13 12:47:36,249 INFO  segmented.SegmentedRaftLogWorker (SegmentedRaftLogWorker.java:execute(569)) - 0cc818b2-3655-4b38-aa98-30ee9aa8883a-SegmentedRaftLogWorker:Storage Directory /tmp/workdir/hadoop-ozone/integration-test/target/test-dir/MiniOzoneClusterImpl-71be8316-c956-478f-8692-802690e61dc7/datanode-3/data/ratis/a9e53aba-971c-4c5d-b833-d6426e9ec305: created new log segment /tmp/workdir/hadoop-ozone/integration-test/target/test-dir/MiniOzoneClusterImpl-71be8316-c956-478f-8692-802690e61dc7/datanode-3/data/ratis/a9e53aba-971c-4c5d-b833-d6426e9ec305/current/log_inprogress_0
2019-07-13 12:47:36,338 INFO  impl.FollowerState (FollowerState.java:run(106)) - 9d67b015-4379-453f-80ad-debbdf296f86:group-2A1E8FAC9030 changes to CANDIDATE, lastRpcTime:5196, electionTimeout:5196ms
2019-07-13 12:47:36,338 INFO  impl.RoleInfo (RoleInfo.java:shutdownFollowerState(121)) - 9d67b015-4379-453f-80ad-debbdf296f86: shutdown FollowerState
2019-07-13 12:47:36,338 INFO  impl.RaftServerImpl (RaftServerImpl.java:setRole(171)) - 9d67b015-4379-453f-80ad-debbdf296f86:group-2A1E8FAC9030 changes role from FOLLOWER to CANDIDATE at term 0 for changeToCandidate
2019-07-13 12:47:36,338 INFO  impl.RoleInfo (RoleInfo.java:updateAndGet(143)) - 9d67b015-4379-453f-80ad-debbdf296f86: start LeaderElection
2019-07-13 12:47:36,366 INFO  impl.LeaderElection (LeaderElection.java:askForVotes(181)) - 9d67b015-4379-453f-80ad-debbdf296f86:group-2A1E8FAC9030:LeaderElection33: begin an election at term 1 for -1: [9d67b015-4379-453f-80ad-debbdf296f86:192.168.5.181:45428], old=null
2019-07-13 12:47:36,367 INFO  impl.RoleInfo (RoleInfo.java:shutdownLeaderElection(134)) - 9d67b015-4379-453f-80ad-debbdf296f86: shutdown LeaderElection
2019-07-13 12:47:36,367 INFO  impl.RaftServerImpl (RaftServerImpl.java:setRole(171)) - 9d67b015-4379-453f-80ad-debbdf296f86:group-2A1E8FAC9030 changes role from CANDIDATE to LEADER at term 1 for changeToLeader
2019-07-13 12:47:36,367 INFO  impl.RaftServerImpl (ServerState.java:setLeader(263)) - 9d67b015-4379-453f-80ad-debbdf296f86:group-2A1E8FAC9030 change Leader from null to 9d67b015-4379-453f-80ad-debbdf296f86 at term 1 for becomeLeader, leader elected after 5229ms
2019-07-13 12:47:36,367 INFO  server.RaftServerConfigKeys (ConfUtils.java:logGet(43)) - raft.server.staging.catchup.gap = 1000 (default)
2019-07-13 12:47:36,367 INFO  server.RaftServerConfigKeys (ConfUtils.java:logGet(43)) - raft.server.rpc.sleep.time = 25ms (default)
2019-07-13 12:47:36,368 INFO  server.RaftServerConfigKeys (ConfUtils.java:logGet(43)) - raft.server.write.element-limit = 4096 (default)
2019-07-13 12:47:36,368 INFO  server.RaftServerConfigKeys (ConfUtils.java:logGet(43)) - raft.server.watch.timeout = 10s (default)
2019-07-13 12:47:36,368 INFO  server.RaftServerConfigKeys (ConfUtils.java:logGet(43)) - raft.server.watch.timeout.denomination = 1s (default)
2019-07-13 12:47:36,368 INFO  server.RaftServerConfigKeys (ConfUtils.java:logGet(43)) - raft.server.watch.element-limit = 65536 (default)
2019-07-13 12:47:36,368 INFO  impl.RoleInfo (RoleInfo.java:updateAndGet(143)) - 9d67b015-4379-453f-80ad-debbdf296f86: start LeaderState
2019-07-13 12:47:36,369 INFO  segmented.SegmentedRaftLogWorker (SegmentedRaftLogWorker.java:startLogSegment(380)) - 9d67b015-4379-453f-80ad-debbdf296f86-SegmentedRaftLogWorker:Storage Directory /tmp/workdir/hadoop-ozone/integration-test/target/test-dir/MiniOzoneClusterImpl-71be8316-c956-478f-8692-802690e61dc7/datanode-4/data/ratis/795e05f1-8914-4547-b4af-2a1e8fac9030: Starting segment from index:0
2019-07-13 12:47:36,369 INFO  impl.RaftServerImpl (ServerState.java:setRaftConf(361)) - 9d67b015-4379-453f-80ad-debbdf296f86:group-2A1E8FAC9030 set configuration 0: [9d67b015-4379-453f-80ad-debbdf296f86:192.168.5.181:45428], old=null at 0
2019-07-13 12:47:36,392 INFO  segmented.SegmentedRaftLogWorker (SegmentedRaftLogWorker.java:execute(569)) - 9d67b015-4379-453f-80ad-debbdf296f86-SegmentedRaftLogWorker:Storage Directory /tmp/workdir/hadoop-ozone/integration-test/target/test-dir/MiniOzoneClusterImpl-71be8316-c956-478f-8692-802690e61dc7/datanode-4/data/ratis/795e05f1-8914-4547-b4af-2a1e8fac9030: created new log segment /tmp/workdir/hadoop-ozone/integration-test/target/test-dir/MiniOzoneClusterImpl-71be8316-c956-478f-8692-802690e61dc7/datanode-4/data/ratis/795e05f1-8914-4547-b4af-2a1e8fac9030/current/log_inprogress_0
2019-07-13 12:47:36,461 INFO  impl.FollowerState (FollowerState.java:run(106)) - 0cc818b2-3655-4b38-aa98-30ee9aa8883a:group-68DA52AA5E24 changes to CANDIDATE, lastRpcTime:5068, electionTimeout:5067ms
2019-07-13 12:47:36,461 INFO  impl.RoleInfo (RoleInfo.java:shutdownFollowerState(121)) - 0cc818b2-3655-4b38-aa98-30ee9aa8883a: shutdown FollowerState
2019-07-13 12:47:36,461 INFO  impl.RaftServerImpl (RaftServerImpl.java:setRole(171)) - 0cc818b2-3655-4b38-aa98-30ee9aa8883a:group-68DA52AA5E24 changes role from FOLLOWER to CANDIDATE at term 0 for changeToCandidate
2019-07-13 12:47:36,461 INFO  impl.RoleInfo (RoleInfo.java:updateAndGet(143)) - 0cc818b2-3655-4b38-aa98-30ee9aa8883a: start LeaderElection
2019-07-13 12:47:36,471 INFO  impl.FollowerState (FollowerState.java:run(106)) - 9d67b015-4379-453f-80ad-debbdf296f86:group-68DA52AA5E24 changes to CANDIDATE, lastRpcTime:5075, electionTimeout:5075ms
2019-07-13 12:47:36,475 INFO  impl.RoleInfo (RoleInfo.java:shutdownFollowerState(121)) - 9d67b015-4379-453f-80ad-debbdf296f86: shutdown FollowerState
2019-07-13 12:47:36,475 INFO  impl.RaftServerImpl (RaftServerImpl.java:setRole(171)) - 9d67b015-4379-453f-80ad-debbdf296f86:group-68DA52AA5E24 changes role from FOLLOWER to CANDIDATE at term 0 for changeToCandidate
2019-07-13 12:47:36,476 INFO  impl.RoleInfo (RoleInfo.java:updateAndGet(143)) - 9d67b015-4379-453f-80ad-debbdf296f86: start LeaderElection
2019-07-13 12:47:36,476 INFO  impl.FollowerState (FollowerState.java:run(106)) - d7c9d0a8-6364-4a4d-b9e5-5de32f8c2f77:group-6C0851A35797 changes to CANDIDATE, lastRpcTime:5149, electionTimeout:5149ms
2019-07-13 12:47:36,481 INFO  impl.RoleInfo (RoleInfo.java:shutdownFollowerState(121)) - d7c9d0a8-6364-4a4d-b9e5-5de32f8c2f77: shutdown FollowerState
2019-07-13 12:47:36,481 INFO  impl.RaftServerImpl (RaftServerImpl.java:setRole(171)) - d7c9d0a8-6364-4a4d-b9e5-5de32f8c2f77:group-6C0851A35797 changes role from FOLLOWER to CANDIDATE at term 0 for changeToCandidate
2019-07-13 12:47:36,490 INFO  impl.RoleInfo (RoleInfo.java:updateAndGet(143)) - d7c9d0a8-6364-4a4d-b9e5-5de32f8c2f77: start LeaderElection
2019-07-13 12:47:36,504 INFO  impl.LeaderElection (LeaderElection.java:askForVotes(181)) - 0cc818b2-3655-4b38-aa98-30ee9aa8883a:group-68DA52AA5E24:LeaderElection34: begin an election at term 1 for -1: [d7c9d0a8-6364-4a4d-b9e5-5de32f8c2f77:192.168.5.181:45584, 9d67b015-4379-453f-80ad-debbdf296f86:192.168.5.181:45428, 0cc818b2-3655-4b38-aa98-30ee9aa8883a:192.168.5.181:37756], old=null
2019-07-13 12:47:36,505 INFO  impl.LeaderElection (LeaderElection.java:askForVotes(181)) - 9d67b015-4379-453f-80ad-debbdf296f86:group-68DA52AA5E24:LeaderElection35: begin an election at term 1 for -1: [d7c9d0a8-6364-4a4d-b9e5-5de32f8c2f77:192.168.5.181:45584, 9d67b015-4379-453f-80ad-debbdf296f86:192.168.5.181:45428, 0cc818b2-3655-4b38-aa98-30ee9aa8883a:192.168.5.181:37756], old=null
2019-07-13 12:47:36,508 INFO  impl.LeaderElection (LeaderElection.java:askForVotes(181)) - d7c9d0a8-6364-4a4d-b9e5-5de32f8c2f77:group-6C0851A35797:LeaderElection36: begin an election at term 1 for -1: [d7c9d0a8-6364-4a4d-b9e5-5de32f8c2f77:192.168.5.181:45584], old=null
2019-07-13 12:47:36,508 INFO  impl.RoleInfo (RoleInfo.java:shutdownLeaderElection(134)) - d7c9d0a8-6364-4a4d-b9e5-5de32f8c2f77: shutdown LeaderElection
2019-07-13 12:47:36,508 INFO  impl.RaftServerImpl (RaftServerImpl.java:setRole(171)) - d7c9d0a8-6364-4a4d-b9e5-5de32f8c2f77:group-6C0851A35797 changes role from CANDIDATE to LEADER at term 1 for changeToLeader
2019-07-13 12:47:36,508 INFO  impl.RaftServerImpl (ServerState.java:setLeader(263)) - d7c9d0a8-6364-4a4d-b9e5-5de32f8c2f77:group-6C0851A35797 change Leader from null to d7c9d0a8-6364-4a4d-b9e5-5de32f8c2f77 at term 1 for becomeLeader, leader elected after 5185ms
2019-07-13 12:47:36,508 INFO  server.RaftServerConfigKeys (ConfUtils.java:logGet(43)) - raft.server.staging.catchup.gap = 1000 (default)
2019-07-13 12:47:36,509 INFO  server.RaftServerConfigKeys (ConfUtils.java:logGet(43)) - raft.server.rpc.sleep.time = 25ms (default)
2019-07-13 12:47:36,513 INFO  server.RaftServerConfigKeys (ConfUtils.java:logGet(43)) - raft.server.write.element-limit = 4096 (default)
2019-07-13 12:47:36,513 INFO  server.RaftServerConfigKeys (ConfUtils.java:logGet(43)) - raft.server.watch.timeout = 10s (default)
2019-07-13 12:47:36,513 INFO  server.RaftServerConfigKeys (ConfUtils.java:logGet(43)) - raft.server.watch.timeout.denomination = 1s (default)
2019-07-13 12:47:36,514 INFO  server.RaftServerConfigKeys (ConfUtils.java:logGet(43)) - raft.server.watch.element-limit = 65536 (default)
2019-07-13 12:47:36,514 INFO  impl.RoleInfo (RoleInfo.java:updateAndGet(143)) - d7c9d0a8-6364-4a4d-b9e5-5de32f8c2f77: start LeaderState
2019-07-13 12:47:36,514 INFO  segmented.SegmentedRaftLogWorker (SegmentedRaftLogWorker.java:startLogSegment(380)) - d7c9d0a8-6364-4a4d-b9e5-5de32f8c2f77-SegmentedRaftLogWorker:Storage Directory /tmp/workdir/hadoop-ozone/integration-test/target/test-dir/MiniOzoneClusterImpl-71be8316-c956-478f-8692-802690e61dc7/datanode-5/data/ratis/7b86da4c-1b26-4ad7-9ec7-6c0851a35797: Starting segment from index:0
2019-07-13 12:47:36,515 INFO  impl.RaftServerImpl (ServerState.java:setRaftConf(361)) - d7c9d0a8-6364-4a4d-b9e5-5de32f8c2f77:group-6C0851A35797 set configuration 0: [d7c9d0a8-6364-4a4d-b9e5-5de32f8c2f77:192.168.5.181:45584], old=null at 0
2019-07-13 12:47:36,540 INFO  impl.RaftServerImpl (RaftServerImpl.java:setRole(171)) - d7c9d0a8-6364-4a4d-b9e5-5de32f8c2f77:group-68DA52AA5E24 changes role from FOLLOWER to FOLLOWER at term 1 for recognizeCandidate:9d67b015-4379-453f-80ad-debbdf296f86
2019-07-13 12:47:36,540 INFO  impl.RoleInfo (RoleInfo.java:shutdownFollowerState(121)) - d7c9d0a8-6364-4a4d-b9e5-5de32f8c2f77: shutdown FollowerState
2019-07-13 12:47:36,541 INFO  impl.RoleInfo (RoleInfo.java:updateAndGet(143)) - d7c9d0a8-6364-4a4d-b9e5-5de32f8c2f77: start FollowerState
2019-07-13 12:47:36,547 INFO  segmented.SegmentedRaftLogWorker (SegmentedRaftLogWorker.java:execute(569)) - d7c9d0a8-6364-4a4d-b9e5-5de32f8c2f77-SegmentedRaftLogWorker:Storage Directory /tmp/workdir/hadoop-ozone/integration-test/target/test-dir/MiniOzoneClusterImpl-71be8316-c956-478f-8692-802690e61dc7/datanode-5/data/ratis/7b86da4c-1b26-4ad7-9ec7-6c0851a35797: created new log segment /tmp/workdir/hadoop-ozone/integration-test/target/test-dir/MiniOzoneClusterImpl-71be8316-c956-478f-8692-802690e61dc7/datanode-5/data/ratis/7b86da4c-1b26-4ad7-9ec7-6c0851a35797/current/log_inprogress_0
2019-07-13 12:47:36,554 INFO  impl.LeaderElection (LeaderElection.java:logAndReturn(56)) - 0cc818b2-3655-4b38-aa98-30ee9aa8883a:group-68DA52AA5E24:LeaderElection34: Election REJECTED; received 2 response(s) [0cc818b2-3655-4b38-aa98-30ee9aa8883a<-d7c9d0a8-6364-4a4d-b9e5-5de32f8c2f77#0:FAIL-t1, 0cc818b2-3655-4b38-aa98-30ee9aa8883a<-9d67b015-4379-453f-80ad-debbdf296f86#0:FAIL-t1] and 0 exception(s); 0cc818b2-3655-4b38-aa98-30ee9aa8883a:t1, leader=null, voted=0cc818b2-3655-4b38-aa98-30ee9aa8883a, raftlog=0cc818b2-3655-4b38-aa98-30ee9aa8883a-SegmentedRaftLog:OPENED:c-1,f-1,i0, conf=-1: [d7c9d0a8-6364-4a4d-b9e5-5de32f8c2f77:192.168.5.181:45584, 9d67b015-4379-453f-80ad-debbdf296f86:192.168.5.181:45428, 0cc818b2-3655-4b38-aa98-30ee9aa8883a:192.168.5.181:37756], old=null
2019-07-13 12:47:36,554 INFO  impl.LeaderElection (LeaderElection.java:logAndReturn(56)) - 9d67b015-4379-453f-80ad-debbdf296f86:group-68DA52AA5E24:LeaderElection35: Election PASSED; received 2 response(s) [9d67b015-4379-453f-80ad-debbdf296f86<-d7c9d0a8-6364-4a4d-b9e5-5de32f8c2f77#0:OK-t1, 9d67b015-4379-453f-80ad-debbdf296f86<-0cc818b2-3655-4b38-aa98-30ee9aa8883a#0:FAIL-t1] and 0 exception(s); 9d67b015-4379-453f-80ad-debbdf296f86:t1, leader=null, voted=9d67b015-4379-453f-80ad-debbdf296f86, raftlog=9d67b015-4379-453f-80ad-debbdf296f86-SegmentedRaftLog:OPENED:c-1,f-1,i0, conf=-1: [d7c9d0a8-6364-4a4d-b9e5-5de32f8c2f77:192.168.5.181:45584, 9d67b015-4379-453f-80ad-debbdf296f86:192.168.5.181:45428, 0cc818b2-3655-4b38-aa98-30ee9aa8883a:192.168.5.181:37756], old=null
2019-07-13 12:47:36,555 INFO  impl.RaftServerImpl (RaftServerImpl.java:setRole(171)) - 0cc818b2-3655-4b38-aa98-30ee9aa8883a:group-68DA52AA5E24 changes role from CANDIDATE to FOLLOWER at term 1 for DISCOVERED_A_NEW_TERM
2019-07-13 12:47:36,555 INFO  impl.RoleInfo (RoleInfo.java:shutdownLeaderElection(134)) - 9d67b015-4379-453f-80ad-debbdf296f86: shutdown LeaderElection
2019-07-13 12:47:36,555 INFO  impl.RoleInfo (RoleInfo.java:shutdownLeaderElection(134)) - 0cc818b2-3655-4b38-aa98-30ee9aa8883a: shutdown LeaderElection
2019-07-13 12:47:36,555 INFO  impl.RaftServerImpl (RaftServerImpl.java:setRole(171)) - 9d67b015-4379-453f-80ad-debbdf296f86:group-68DA52AA5E24 changes role from CANDIDATE to LEADER at term 1 for changeToLeader
2019-07-13 12:47:36,555 INFO  impl.RoleInfo (RoleInfo.java:updateAndGet(143)) - 0cc818b2-3655-4b38-aa98-30ee9aa8883a: start FollowerState
2019-07-13 12:47:36,555 INFO  impl.RaftServerImpl (ServerState.java:setLeader(263)) - 9d67b015-4379-453f-80ad-debbdf296f86:group-68DA52AA5E24 change Leader from null to 9d67b015-4379-453f-80ad-debbdf296f86 at term 1 for becomeLeader, leader elected after 5169ms
2019-07-13 12:47:36,555 INFO  server.RaftServerConfigKeys (ConfUtils.java:logGet(43)) - raft.server.staging.catchup.gap = 1000 (default)
2019-07-13 12:47:36,556 INFO  server.RaftServerConfigKeys (ConfUtils.java:logGet(43)) - raft.server.rpc.sleep.time = 25ms (default)
2019-07-13 12:47:36,556 INFO  server.RaftServerConfigKeys (ConfUtils.java:logGet(43)) - raft.server.write.element-limit = 4096 (default)
2019-07-13 12:47:36,556 INFO  server.RaftServerConfigKeys (ConfUtils.java:logGet(43)) - raft.server.watch.timeout = 10s (default)
2019-07-13 12:47:36,556 INFO  server.RaftServerConfigKeys (ConfUtils.java:logGet(43)) - raft.server.watch.timeout.denomination = 1s (default)
2019-07-13 12:47:36,556 INFO  server.RaftServerConfigKeys (ConfUtils.java:logGet(43)) - raft.server.watch.element-limit = 65536 (default)
2019-07-13 12:47:36,557 INFO  server.RaftServerConfigKeys (ConfUtils.java:logGet(43)) - raft.server.log.appender.snapshot.chunk.size.max = 16MB (=16777216) (default)
2019-07-13 12:47:36,557 INFO  server.RaftServerConfigKeys (ConfUtils.java:logGet(43)) - raft.server.log.appender.buffer.byte-limit = 33554432 (custom)
2019-07-13 12:47:36,557 INFO  server.RaftServerConfigKeys (ConfUtils.java:logGet(43)) - raft.server.log.appender.buffer.element-limit = 1 (custom)
2019-07-13 12:47:36,557 INFO  grpc.GrpcConfigKeys$Server (ConfUtils.java:logGet(43)) - raft.grpc.server.leader.outstanding.appends.max = 128 (default)
2019-07-13 12:47:36,557 INFO  server.RaftServerConfigKeys (ConfUtils.java:logGet(43)) - raft.server.rpc.request.timeout = 3000ms (default)
2019-07-13 12:47:36,558 INFO  server.RaftServerConfigKeys (ConfUtils.java:logGet(43)) - raft.server.log.appender.install.snapshot.enabled = false (custom)
2019-07-13 12:47:36,558 INFO  server.RaftServerConfigKeys (ConfUtils.java:logGet(43)) - raft.server.log.appender.snapshot.chunk.size.max = 16MB (=16777216) (default)
2019-07-13 12:47:36,558 INFO  server.RaftServerConfigKeys (ConfUtils.java:logGet(43)) - raft.server.log.appender.buffer.byte-limit = 33554432 (custom)
2019-07-13 12:47:36,558 INFO  server.RaftServerConfigKeys (ConfUtils.java:logGet(43)) - raft.server.log.appender.buffer.element-limit = 1 (custom)
2019-07-13 12:47:36,558 INFO  grpc.GrpcConfigKeys$Server (ConfUtils.java:logGet(43)) - raft.grpc.server.leader.outstanding.appends.max = 128 (default)
2019-07-13 12:47:36,559 INFO  server.RaftServerConfigKeys (ConfUtils.java:logGet(43)) - raft.server.rpc.request.timeout = 3000ms (default)
2019-07-13 12:47:36,559 INFO  server.RaftServerConfigKeys (ConfUtils.java:logGet(43)) - raft.server.log.appender.install.snapshot.enabled = false (custom)
2019-07-13 12:47:36,559 INFO  impl.RoleInfo (RoleInfo.java:updateAndGet(143)) - 9d67b015-4379-453f-80ad-debbdf296f86: start LeaderState
2019-07-13 12:47:36,559 INFO  segmented.SegmentedRaftLogWorker (SegmentedRaftLogWorker.java:startLogSegment(380)) - 9d67b015-4379-453f-80ad-debbdf296f86-SegmentedRaftLogWorker:Storage Directory /tmp/workdir/hadoop-ozone/integration-test/target/test-dir/MiniOzoneClusterImpl-71be8316-c956-478f-8692-802690e61dc7/datanode-4/data/ratis/9d522545-0fdc-4bb6-8621-68da52aa5e24: Starting segment from index:0
2019-07-13 12:47:36,560 INFO  impl.RaftServerImpl (ServerState.java:setRaftConf(361)) - 9d67b015-4379-453f-80ad-debbdf296f86:group-68DA52AA5E24 set configuration 0: [d7c9d0a8-6364-4a4d-b9e5-5de32f8c2f77:192.168.5.181:45584, 9d67b015-4379-453f-80ad-debbdf296f86:192.168.5.181:45428, 0cc818b2-3655-4b38-aa98-30ee9aa8883a:192.168.5.181:37756], old=null at 0
2019-07-13 12:47:36,562 INFO  impl.RaftServerImpl (ServerState.java:setLeader(263)) - d7c9d0a8-6364-4a4d-b9e5-5de32f8c2f77:group-68DA52AA5E24 change Leader from null to 9d67b015-4379-453f-80ad-debbdf296f86 at term 1 for appendEntries, leader elected after 5176ms
2019-07-13 12:47:36,562 INFO  impl.RaftServerImpl (ServerState.java:setLeader(263)) - 0cc818b2-3655-4b38-aa98-30ee9aa8883a:group-68DA52AA5E24 change Leader from null to 9d67b015-4379-453f-80ad-debbdf296f86 at term 1 for appendEntries, leader elected after 5176ms
2019-07-13 12:47:36,566 INFO  impl.RaftServerImpl (ServerState.java:setRaftConf(361)) - 0cc818b2-3655-4b38-aa98-30ee9aa8883a:group-68DA52AA5E24 set configuration 0: [d7c9d0a8-6364-4a4d-b9e5-5de32f8c2f77:192.168.5.181:45584, 9d67b015-4379-453f-80ad-debbdf296f86:192.168.5.181:45428, 0cc818b2-3655-4b38-aa98-30ee9aa8883a:192.168.5.181:37756], old=null at 0
2019-07-13 12:47:36,566 INFO  impl.RaftServerImpl (ServerState.java:setRaftConf(361)) - d7c9d0a8-6364-4a4d-b9e5-5de32f8c2f77:group-68DA52AA5E24 set configuration 0: [d7c9d0a8-6364-4a4d-b9e5-5de32f8c2f77:192.168.5.181:45584, 9d67b015-4379-453f-80ad-debbdf296f86:192.168.5.181:45428, 0cc818b2-3655-4b38-aa98-30ee9aa8883a:192.168.5.181:37756], old=null at 0
2019-07-13 12:47:36,567 INFO  segmented.SegmentedRaftLogWorker (SegmentedRaftLogWorker.java:startLogSegment(380)) - 0cc818b2-3655-4b38-aa98-30ee9aa8883a-SegmentedRaftLogWorker:Storage Directory /tmp/workdir/hadoop-ozone/integration-test/target/test-dir/MiniOzoneClusterImpl-71be8316-c956-478f-8692-802690e61dc7/datanode-3/data/ratis/9d522545-0fdc-4bb6-8621-68da52aa5e24: Starting segment from index:0
2019-07-13 12:47:36,567 INFO  segmented.SegmentedRaftLogWorker (SegmentedRaftLogWorker.java:startLogSegment(380)) - d7c9d0a8-6364-4a4d-b9e5-5de32f8c2f77-SegmentedRaftLogWorker:Storage Directory /tmp/workdir/hadoop-ozone/integration-test/target/test-dir/MiniOzoneClusterImpl-71be8316-c956-478f-8692-802690e61dc7/datanode-5/data/ratis/9d522545-0fdc-4bb6-8621-68da52aa5e24: Starting segment from index:0
2019-07-13 12:47:36,581 INFO  segmented.SegmentedRaftLogWorker (SegmentedRaftLogWorker.java:execute(569)) - 9d67b015-4379-453f-80ad-debbdf296f86-SegmentedRaftLogWorker:Storage Directory /tmp/workdir/hadoop-ozone/integration-test/target/test-dir/MiniOzoneClusterImpl-71be8316-c956-478f-8692-802690e61dc7/datanode-4/data/ratis/9d522545-0fdc-4bb6-8621-68da52aa5e24: created new log segment /tmp/workdir/hadoop-ozone/integration-test/target/test-dir/MiniOzoneClusterImpl-71be8316-c956-478f-8692-802690e61dc7/datanode-4/data/ratis/9d522545-0fdc-4bb6-8621-68da52aa5e24/current/log_inprogress_0
2019-07-13 12:47:36,589 INFO  segmented.SegmentedRaftLogWorker (SegmentedRaftLogWorker.java:execute(569)) - d7c9d0a8-6364-4a4d-b9e5-5de32f8c2f77-SegmentedRaftLogWorker:Storage Directory /tmp/workdir/hadoop-ozone/integration-test/target/test-dir/MiniOzoneClusterImpl-71be8316-c956-478f-8692-802690e61dc7/datanode-5/data/ratis/9d522545-0fdc-4bb6-8621-68da52aa5e24: created new log segment /tmp/workdir/hadoop-ozone/integration-test/target/test-dir/MiniOzoneClusterImpl-71be8316-c956-478f-8692-802690e61dc7/datanode-5/data/ratis/9d522545-0fdc-4bb6-8621-68da52aa5e24/current/log_inprogress_0
2019-07-13 12:47:36,589 INFO  segmented.SegmentedRaftLogWorker (SegmentedRaftLogWorker.java:execute(569)) - 0cc818b2-3655-4b38-aa98-30ee9aa8883a-SegmentedRaftLogWorker:Storage Directory /tmp/workdir/hadoop-ozone/integration-test/target/test-dir/MiniOzoneClusterImpl-71be8316-c956-478f-8692-802690e61dc7/datanode-3/data/ratis/9d522545-0fdc-4bb6-8621-68da52aa5e24: created new log segment /tmp/workdir/hadoop-ozone/integration-test/target/test-dir/MiniOzoneClusterImpl-71be8316-c956-478f-8692-802690e61dc7/datanode-3/data/ratis/9d522545-0fdc-4bb6-8621-68da52aa5e24/current/log_inprogress_0
2019-07-13 12:47:36,597 INFO  impl.FollowerState (FollowerState.java:run(106)) - 9a2c865e-e21e-4780-9ad1-406ad3c0f8df:group-BA7A91BEE962 changes to CANDIDATE, lastRpcTime:5070, electionTimeout:5070ms
2019-07-13 12:47:36,598 INFO  impl.RoleInfo (RoleInfo.java:shutdownFollowerState(121)) - 9a2c865e-e21e-4780-9ad1-406ad3c0f8df: shutdown FollowerState
2019-07-13 12:47:36,598 INFO  impl.RaftServerImpl (RaftServerImpl.java:setRole(171)) - 9a2c865e-e21e-4780-9ad1-406ad3c0f8df:group-BA7A91BEE962 changes role from FOLLOWER to CANDIDATE at term 0 for changeToCandidate
2019-07-13 12:47:36,598 INFO  impl.RoleInfo (RoleInfo.java:updateAndGet(143)) - 9a2c865e-e21e-4780-9ad1-406ad3c0f8df: start LeaderElection
2019-07-13 12:47:36,620 INFO  impl.LeaderElection (LeaderElection.java:askForVotes(181)) - 9a2c865e-e21e-4780-9ad1-406ad3c0f8df:group-BA7A91BEE962:LeaderElection37: begin an election at term 1 for -1: [9a2c865e-e21e-4780-9ad1-406ad3c0f8df:192.168.5.181:33407], old=null
2019-07-13 12:47:36,620 INFO  impl.RoleInfo (RoleInfo.java:shutdownLeaderElection(134)) - 9a2c865e-e21e-4780-9ad1-406ad3c0f8df: shutdown LeaderElection
2019-07-13 12:47:36,620 INFO  impl.RaftServerImpl (RaftServerImpl.java:setRole(171)) - 9a2c865e-e21e-4780-9ad1-406ad3c0f8df:group-BA7A91BEE962 changes role from CANDIDATE to LEADER at term 1 for changeToLeader
2019-07-13 12:47:36,620 INFO  impl.RaftServerImpl (ServerState.java:setLeader(263)) - 9a2c865e-e21e-4780-9ad1-406ad3c0f8df:group-BA7A91BEE962 change Leader from null to 9a2c865e-e21e-4780-9ad1-406ad3c0f8df at term 1 for becomeLeader, leader elected after 5098ms
2019-07-13 12:47:36,621 INFO  server.RaftServerConfigKeys (ConfUtils.java:logGet(43)) - raft.server.staging.catchup.gap = 1000 (default)
2019-07-13 12:47:36,621 INFO  server.RaftServerConfigKeys (ConfUtils.java:logGet(43)) - raft.server.rpc.sleep.time = 25ms (default)
2019-07-13 12:47:36,621 INFO  server.RaftServerConfigKeys (ConfUtils.java:logGet(43)) - raft.server.write.element-limit = 4096 (default)
2019-07-13 12:47:36,621 INFO  server.RaftServerConfigKeys (ConfUtils.java:logGet(43)) - raft.server.watch.timeout = 10s (default)
2019-07-13 12:47:36,621 INFO  server.RaftServerConfigKeys (ConfUtils.java:logGet(43)) - raft.server.watch.timeout.denomination = 1s (default)
2019-07-13 12:47:36,621 INFO  server.RaftServerConfigKeys (ConfUtils.java:logGet(43)) - raft.server.watch.element-limit = 65536 (default)
2019-07-13 12:47:36,622 INFO  impl.RoleInfo (RoleInfo.java:updateAndGet(143)) - 9a2c865e-e21e-4780-9ad1-406ad3c0f8df: start LeaderState
2019-07-13 12:47:36,622 INFO  segmented.SegmentedRaftLogWorker (SegmentedRaftLogWorker.java:startLogSegment(380)) - 9a2c865e-e21e-4780-9ad1-406ad3c0f8df-SegmentedRaftLogWorker:Storage Directory /tmp/workdir/hadoop-ozone/integration-test/target/test-dir/MiniOzoneClusterImpl-71be8316-c956-478f-8692-802690e61dc7/datanode-6/data/ratis/a3c7a77b-ae2f-4922-a46b-ba7a91bee962: Starting segment from index:0
2019-07-13 12:47:36,623 INFO  impl.RaftServerImpl (ServerState.java:setRaftConf(361)) - 9a2c865e-e21e-4780-9ad1-406ad3c0f8df:group-BA7A91BEE962 set configuration 0: [9a2c865e-e21e-4780-9ad1-406ad3c0f8df:192.168.5.181:33407], old=null at 0
2019-07-13 12:47:36,641 INFO  segmented.SegmentedRaftLogWorker (SegmentedRaftLogWorker.java:execute(569)) - 9a2c865e-e21e-4780-9ad1-406ad3c0f8df-SegmentedRaftLogWorker:Storage Directory /tmp/workdir/hadoop-ozone/integration-test/target/test-dir/MiniOzoneClusterImpl-71be8316-c956-478f-8692-802690e61dc7/datanode-6/data/ratis/a3c7a77b-ae2f-4922-a46b-ba7a91bee962: created new log segment /tmp/workdir/hadoop-ozone/integration-test/target/test-dir/MiniOzoneClusterImpl-71be8316-c956-478f-8692-802690e61dc7/datanode-6/data/ratis/a3c7a77b-ae2f-4922-a46b-ba7a91bee962/current/log_inprogress_0
2019-07-13 12:47:36,811 INFO  client.GrpcClientProtocolClient (GrpcClientProtocolClient.java:onNext(255)) - client-96356F272B51->2ce21e82-9fce-4154-8460-38f4062df44e: receive RaftClientReply:client-96356F272B51->2ce21e82-9fce-4154-8460-38f4062df44e@group-84480CD470B2, cid=54, SUCCESS, logIndex=1, commits[2ce21e82-9fce-4154-8460-38f4062df44e:c2, 64ca150a-c620-4294-84e2-4b85544ea83d:c1, cf888fe8-b99d-436a-b792-f838102cda43:c1]
2019-07-13 12:47:36,816 INFO  datanode.ObjectStoreHandler (ObjectStoreHandler.java:close(155)) - Closing ObjectStoreHandler.
2019-07-13 12:47:36,837 INFO  ozone.HddsDatanodeService (HddsDatanodeService.java:stop(452)) - Stopped plug-in org.apache.hadoop.ozone.web.OzoneHddsDatanodeService@b3004e
2019-07-13 12:47:41,837 INFO  statemachine.DatanodeStateMachine (DatanodeStateMachine.java:lambda$startDaemon$0(350)) - Ozone container server started.
2019-07-13 12:47:41,838 INFO  ozoneimpl.OzoneContainer (OzoneContainer.java:stop(199)) - Attempting to stop container services.
2019-07-13 12:47:41,838 INFO  impl.RaftServerProxy (RaftServerProxy.java:lambda$close$4(314)) - 64ca150a-c620-4294-84e2-4b85544ea83d: close
2019-07-13 12:47:41,839 INFO  impl.RaftServerImpl (RaftServerImpl.java:lambda$shutdown$3(245)) - 64ca150a-c620-4294-84e2-4b85544ea83d: shutdown group-84480CD470B2
2019-07-13 12:47:41,840 INFO  util.JmxRegister (JmxRegister.java:unregister(73)) - Successfully un-registered JMX Bean with object name Ratis:service=RaftServer,group=group-84480CD470B2,id=64ca150a-c620-4294-84e2-4b85544ea83d
2019-07-13 12:47:41,840 INFO  impl.RoleInfo (RoleInfo.java:shutdownFollowerState(121)) - 64ca150a-c620-4294-84e2-4b85544ea83d: shutdown FollowerState
2019-07-13 12:47:41,840 INFO  impl.StateMachineUpdater (StateMachineUpdater.java:stopAndJoin(115)) - StateMachineUpdater:64ca150a-c620-4294-84e2-4b85544ea83d:group-84480CD470B2: set stopIndex = 2
2019-07-13 12:47:41,840 INFO  ratis.ContainerStateMachine (ContainerStateMachine.java:takeSnapshot(246)) - Taking snapshot at termIndex:(t:1, i:1)
2019-07-13 12:47:41,841 INFO  ratis.ContainerStateMachine (ContainerStateMachine.java:takeSnapshot(250)) - Taking a snapshot to file /tmp/workdir/hadoop-ozone/integration-test/target/test-dir/MiniOzoneClusterImpl-71be8316-c956-478f-8692-802690e61dc7/datanode-0/data/ratis/75635881-d81f-4f23-8d31-84480cd470b2/sm/snapshot.1_1
2019-07-13 12:47:41,840 INFO  impl.FollowerState (FollowerState.java:run(114)) - 64ca150a-c620-4294-84e2-4b85544ea83d: FollowerState was interrupted: java.lang.InterruptedException: sleep interrupted
2019-07-13 12:47:41,875 INFO  impl.StateMachineUpdater (StateMachineUpdater.java:takeSnapshot(242)) - StateMachineUpdater:64ca150a-c620-4294-84e2-4b85544ea83d:group-84480CD470B2: Took a snapshot at index 1
2019-07-13 12:47:41,875 INFO  impl.StateMachineUpdater (StateMachineUpdater.java:lambda$new$0(80)) - StateMachineUpdater:64ca150a-c620-4294-84e2-4b85544ea83d:group-84480CD470B2: snapshotIndex: updateIncreasingly -1 -> 1
2019-07-13 12:47:41,876 INFO  impl.RaftServerImpl (ServerState.java:close(394)) - 64ca150a-c620-4294-84e2-4b85544ea83d:group-84480CD470B2 closes. The last applied log index is 2
2019-07-13 12:47:41,877 INFO  segmented.SegmentedRaftLogWorker (SegmentedRaftLogWorker.java:run(313)) - 64ca150a-c620-4294-84e2-4b85544ea83d-SegmentedRaftLogWorker:Storage Directory /tmp/workdir/hadoop-ozone/integration-test/target/test-dir/MiniOzoneClusterImpl-71be8316-c956-478f-8692-802690e61dc7/datanode-0/data/ratis/75635881-d81f-4f23-8d31-84480cd470b2 was interrupted, exiting. There are 0 tasks remaining in the queue.
2019-07-13 12:47:41,882 INFO  segmented.SegmentedRaftLogWorker (SegmentedRaftLogWorker.java:close(228)) - 64ca150a-c620-4294-84e2-4b85544ea83d-SegmentedRaftLogWorker:Storage Directory /tmp/workdir/hadoop-ozone/integration-test/target/test-dir/MiniOzoneClusterImpl-71be8316-c956-478f-8692-802690e61dc7/datanode-0/data/ratis/75635881-d81f-4f23-8d31-84480cd470b2 close()
2019-07-13 12:47:41,889 INFO  impl.RaftServerImpl (RaftServerImpl.java:lambda$shutdown$3(245)) - 64ca150a-c620-4294-84e2-4b85544ea83d: shutdown group-712B5D5A3228
2019-07-13 12:47:41,889 INFO  util.JmxRegister (JmxRegister.java:unregister(73)) - Successfully un-registered JMX Bean with object name Ratis:service=RaftServer,group=group-712B5D5A3228,id=64ca150a-c620-4294-84e2-4b85544ea83d
2019-07-13 12:47:41,889 INFO  impl.RoleInfo (RoleInfo.java:shutdownLeaderState(104)) - 64ca150a-c620-4294-84e2-4b85544ea83d: shutdown LeaderState
2019-07-13 12:47:41,890 INFO  impl.PendingRequests (PendingRequests.java:sendNotLeaderResponses(202)) - 64ca150a-c620-4294-84e2-4b85544ea83d-PendingRequests: sendNotLeaderResponses
2019-07-13 12:47:41,890 INFO  impl.StateMachineUpdater (StateMachineUpdater.java:stopAndJoin(115)) - StateMachineUpdater:64ca150a-c620-4294-84e2-4b85544ea83d:group-712B5D5A3228: set stopIndex = 0
2019-07-13 12:47:41,891 INFO  ratis.ContainerStateMachine (ContainerStateMachine.java:takeSnapshot(246)) - Taking snapshot at termIndex:(t:0, i:~)
2019-07-13 12:47:41,891 INFO  impl.RaftServerImpl (ServerState.java:close(394)) - 64ca150a-c620-4294-84e2-4b85544ea83d:group-712B5D5A3228 closes. The last applied log index is 0
2019-07-13 12:47:41,892 INFO  segmented.SegmentedRaftLogWorker (SegmentedRaftLogWorker.java:run(313)) - 64ca150a-c620-4294-84e2-4b85544ea83d-SegmentedRaftLogWorker:Storage Directory /tmp/workdir/hadoop-ozone/integration-test/target/test-dir/MiniOzoneClusterImpl-71be8316-c956-478f-8692-802690e61dc7/datanode-0/data/ratis/6368c594-1d27-4973-bd85-712b5d5a3228 was interrupted, exiting. There are 0 tasks remaining in the queue.
2019-07-13 12:47:41,895 INFO  segmented.SegmentedRaftLogWorker (SegmentedRaftLogWorker.java:close(228)) - 64ca150a-c620-4294-84e2-4b85544ea83d-SegmentedRaftLogWorker:Storage Directory /tmp/workdir/hadoop-ozone/integration-test/target/test-dir/MiniOzoneClusterImpl-71be8316-c956-478f-8692-802690e61dc7/datanode-0/data/ratis/6368c594-1d27-4973-bd85-712b5d5a3228 close()
2019-07-13 12:47:41,901 INFO  server.GrpcService (GrpcService.java:closeImpl(155)) - 64ca150a-c620-4294-84e2-4b85544ea83d: shutdown server with port 41487 now
2019-07-13 12:47:41,904 INFO  server.GrpcService (GrpcService.java:closeImpl(163)) - 64ca150a-c620-4294-84e2-4b85544ea83d: shutdown server with port 41487 successfully
2019-07-13 12:47:41,904 WARN  server.GrpcServerProtocolService (LogUtils.java:warn(134)) - 64ca150a-c620-4294-84e2-4b85544ea83d: appendEntries onError: org.apache.ratis.thirdparty.io.grpc.StatusRuntimeException: CANCELLED: cancelled before receiving half close
2019-07-13 12:47:41,905 WARN  server.GrpcLogAppender (LogUtils.java:warn(134)) - 2ce21e82-9fce-4154-8460-38f4062df44e->64ca150a-c620-4294-84e2-4b85544ea83d: Failed appendEntries: org.apache.ratis.thirdparty.io.grpc.StatusRuntimeException: CANCELLED: HTTP/2 error code: CANCEL
Received Rst Stream
2019-07-13 12:47:41,909 INFO  impl.FollowerInfo (FollowerInfo.java:lambda$new$0(50)) - 2ce21e82-9fce-4154-8460-38f4062df44e->64ca150a-c620-4294-84e2-4b85544ea83d: nextIndex: updateUnconditionally 3 -> 2
2019-07-13 12:47:41,912 INFO  utils.BackgroundService (BackgroundService.java:shutdown(148)) - Shutting down service BlockDeletingService
2019-07-13 12:47:41,915 WARN  fs.CachingGetSpaceUsed (CachingGetSpaceUsed.java:run(183)) - Thread Interrupted waiting to refresh disk information: sleep interrupted
2019-07-13 12:47:41,941 INFO  statemachine.DatanodeStateMachine (DatanodeStateMachine.java:stopDaemon(395)) - Ozone container server stopped.
2019-07-13 12:47:41,942 INFO  handler.ContextHandler (ContextHandler.java:doStop(910)) - Stopped o.e.j.w.WebAppContext@2792c28{/,null,UNAVAILABLE}{/hddsDatanode}
2019-07-13 12:47:41,943 INFO  server.AbstractConnector (AbstractConnector.java:doStop(318)) - Stopped ServerConnector@6fa7ce4{HTTP/1.1,[http/1.1]}{0.0.0.0:0}
2019-07-13 12:47:41,943 INFO  handler.ContextHandler (ContextHandler.java:doStop(910)) - Stopped o.e.j.s.ServletContextHandler@39ead1b7{/static,jar:file:/home/user/.m2/repository/org/apache/hadoop/hadoop-hdds-container-service/0.5.0-SNAPSHOT/hadoop-hdds-container-service-0.5.0-SNAPSHOT.jar!/webapps/static,UNAVAILABLE}
2019-07-13 12:47:41,943 INFO  handler.ContextHandler (ContextHandler.java:doStop(910)) - Stopped o.e.j.s.ServletContextHandler@38b54694{/logs,file:///tmp/workdir/hadoop-ozone/integration-test/target/log,UNAVAILABLE}
2019-07-13 12:47:41,945 INFO  datanode.ObjectStoreHandler (ObjectStoreHandler.java:close(155)) - Closing ObjectStoreHandler.
2019-07-13 12:47:41,945 INFO  ozone.HddsDatanodeService (HddsDatanodeService.java:stop(452)) - Stopped plug-in org.apache.hadoop.ozone.web.OzoneHddsDatanodeService@a2fb8a5
2019-07-13 12:47:42,837 INFO  statemachine.DatanodeStateMachine (DatanodeStateMachine.java:lambda$startDaemon$0(350)) - Ozone container server started.
2019-07-13 12:47:44,268 WARN  server.GrpcLogAppender (LogUtils.java:warn(134)) - 2ce21e82-9fce-4154-8460-38f4062df44e->64ca150a-c620-4294-84e2-4b85544ea83d: Failed appendEntries: org.apache.ratis.thirdparty.io.grpc.StatusRuntimeException: UNAVAILABLE: io exception
2019-07-13 12:47:44,273 INFO  impl.FollowerInfo (FollowerInfo.java:lambda$new$0(50)) - 2ce21e82-9fce-4154-8460-38f4062df44e->64ca150a-c620-4294-84e2-4b85544ea83d: nextIndex: updateUnconditionally 2 -> 1
2019-07-13 12:47:46,768 WARN  server.GrpcLogAppender (LogUtils.java:warn(134)) - 2ce21e82-9fce-4154-8460-38f4062df44e->64ca150a-c620-4294-84e2-4b85544ea83d: Failed appendEntries: org.apache.ratis.thirdparty.io.grpc.StatusRuntimeException: UNAVAILABLE: io exception
2019-07-13 12:47:46,776 INFO  impl.FollowerInfo (FollowerInfo.java:lambda$new$0(50)) - 2ce21e82-9fce-4154-8460-38f4062df44e->64ca150a-c620-4294-84e2-4b85544ea83d: nextIndex: updateUnconditionally 1 -> 0
2019-07-13 12:47:46,946 INFO  ozoneimpl.OzoneContainer (OzoneContainer.java:stop(199)) - Attempting to stop container services.
2019-07-13 12:47:46,946 INFO  impl.RaftServerProxy (RaftServerProxy.java:lambda$close$4(314)) - cf888fe8-b99d-436a-b792-f838102cda43: close
2019-07-13 12:47:46,947 INFO  impl.RaftServerImpl (RaftServerImpl.java:lambda$shutdown$3(245)) - cf888fe8-b99d-436a-b792-f838102cda43: shutdown group-84480CD470B2
2019-07-13 12:47:46,947 INFO  impl.RaftServerImpl (RaftServerImpl.java:lambda$shutdown$3(245)) - cf888fe8-b99d-436a-b792-f838102cda43: shutdown group-B4F509931605
2019-07-13 12:47:46,947 INFO  util.JmxRegister (JmxRegister.java:unregister(73)) - Successfully un-registered JMX Bean with object name Ratis:service=RaftServer,group=group-84480CD470B2,id=cf888fe8-b99d-436a-b792-f838102cda43
2019-07-13 12:47:46,948 INFO  util.JmxRegister (JmxRegister.java:unregister(73)) - Successfully un-registered JMX Bean with object name Ratis:service=RaftServer,group=group-B4F509931605,id=cf888fe8-b99d-436a-b792-f838102cda43
2019-07-13 12:47:46,948 INFO  impl.RoleInfo (RoleInfo.java:shutdownFollowerState(121)) - cf888fe8-b99d-436a-b792-f838102cda43: shutdown FollowerState
2019-07-13 12:47:46,948 INFO  impl.RoleInfo (RoleInfo.java:shutdownLeaderState(104)) - cf888fe8-b99d-436a-b792-f838102cda43: shutdown LeaderState
2019-07-13 12:47:46,949 INFO  impl.FollowerState (FollowerState.java:run(114)) - cf888fe8-b99d-436a-b792-f838102cda43: FollowerState was interrupted: java.lang.InterruptedException: sleep interrupted
2019-07-13 12:47:46,948 INFO  ratis.ContainerStateMachine (ContainerStateMachine.java:takeSnapshot(246)) - Taking snapshot at termIndex:(t:1, i:1)
2019-07-13 12:47:46,948 INFO  impl.StateMachineUpdater (StateMachineUpdater.java:stopAndJoin(115)) - StateMachineUpdater:cf888fe8-b99d-436a-b792-f838102cda43:group-84480CD470B2: set stopIndex = 2
2019-07-13 12:47:46,949 INFO  ratis.ContainerStateMachine (ContainerStateMachine.java:takeSnapshot(250)) - Taking a snapshot to file /tmp/workdir/hadoop-ozone/integration-test/target/test-dir/MiniOzoneClusterImpl-71be8316-c956-478f-8692-802690e61dc7/datanode-2/data/ratis/75635881-d81f-4f23-8d31-84480cd470b2/sm/snapshot.1_1
2019-07-13 12:47:46,949 INFO  impl.PendingRequests (PendingRequests.java:sendNotLeaderResponses(202)) - cf888fe8-b99d-436a-b792-f838102cda43-PendingRequests: sendNotLeaderResponses
2019-07-13 12:47:46,950 INFO  impl.StateMachineUpdater (StateMachineUpdater.java:takeSnapshot(242)) - StateMachineUpdater:cf888fe8-b99d-436a-b792-f838102cda43:group-84480CD470B2: Took a snapshot at index 1
2019-07-13 12:47:46,950 INFO  impl.StateMachineUpdater (StateMachineUpdater.java:stopAndJoin(115)) - StateMachineUpdater:cf888fe8-b99d-436a-b792-f838102cda43:group-B4F509931605: set stopIndex = 0
2019-07-13 12:47:46,950 INFO  ratis.ContainerStateMachine (ContainerStateMachine.java:takeSnapshot(246)) - Taking snapshot at termIndex:(t:0, i:~)
2019-07-13 12:47:46,950 INFO  impl.StateMachineUpdater (StateMachineUpdater.java:lambda$new$0(80)) - StateMachineUpdater:cf888fe8-b99d-436a-b792-f838102cda43:group-84480CD470B2: snapshotIndex: updateIncreasingly -1 -> 1
2019-07-13 12:47:46,950 INFO  impl.RaftServerImpl (ServerState.java:close(394)) - cf888fe8-b99d-436a-b792-f838102cda43:group-B4F509931605 closes. The last applied log index is 0
2019-07-13 12:47:46,951 INFO  impl.RaftServerImpl (ServerState.java:close(394)) - cf888fe8-b99d-436a-b792-f838102cda43:group-84480CD470B2 closes. The last applied log index is 2
2019-07-13 12:47:46,951 INFO  segmented.SegmentedRaftLogWorker (SegmentedRaftLogWorker.java:run(313)) - cf888fe8-b99d-436a-b792-f838102cda43-SegmentedRaftLogWorker:Storage Directory /tmp/workdir/hadoop-ozone/integration-test/target/test-dir/MiniOzoneClusterImpl-71be8316-c956-478f-8692-802690e61dc7/datanode-2/data/ratis/5fcef6a4-1d5a-4b98-b5e1-b4f509931605 was interrupted, exiting. There are 0 tasks remaining in the queue.
2019-07-13 12:47:46,951 INFO  segmented.SegmentedRaftLogWorker (SegmentedRaftLogWorker.java:run(313)) - cf888fe8-b99d-436a-b792-f838102cda43-SegmentedRaftLogWorker:Storage Directory /tmp/workdir/hadoop-ozone/integration-test/target/test-dir/MiniOzoneClusterImpl-71be8316-c956-478f-8692-802690e61dc7/datanode-2/data/ratis/75635881-d81f-4f23-8d31-84480cd470b2 was interrupted, exiting. There are 0 tasks remaining in the queue.
2019-07-13 12:47:46,963 INFO  segmented.SegmentedRaftLogWorker (SegmentedRaftLogWorker.java:close(228)) - cf888fe8-b99d-436a-b792-f838102cda43-SegmentedRaftLogWorker:Storage Directory /tmp/workdir/hadoop-ozone/integration-test/target/test-dir/MiniOzoneClusterImpl-71be8316-c956-478f-8692-802690e61dc7/datanode-2/data/ratis/75635881-d81f-4f23-8d31-84480cd470b2 close()
2019-07-13 12:47:46,971 INFO  segmented.SegmentedRaftLogWorker (SegmentedRaftLogWorker.java:close(228)) - cf888fe8-b99d-436a-b792-f838102cda43-SegmentedRaftLogWorker:Storage Directory /tmp/workdir/hadoop-ozone/integration-test/target/test-dir/MiniOzoneClusterImpl-71be8316-c956-478f-8692-802690e61dc7/datanode-2/data/ratis/5fcef6a4-1d5a-4b98-b5e1-b4f509931605 close()
2019-07-13 12:47:46,979 INFO  server.GrpcService (GrpcService.java:closeImpl(155)) - cf888fe8-b99d-436a-b792-f838102cda43: shutdown server with port 34411 now
2019-07-13 12:47:46,980 WARN  server.GrpcServerProtocolService (LogUtils.java:warn(134)) - cf888fe8-b99d-436a-b792-f838102cda43: appendEntries onError: org.apache.ratis.thirdparty.io.grpc.StatusRuntimeException: CANCELLED: cancelled before receiving half close
2019-07-13 12:47:46,980 INFO  server.GrpcService (GrpcService.java:closeImpl(163)) - cf888fe8-b99d-436a-b792-f838102cda43: shutdown server with port 34411 successfully
2019-07-13 12:47:46,980 WARN  server.GrpcLogAppender (LogUtils.java:warn(134)) - 2ce21e82-9fce-4154-8460-38f4062df44e->cf888fe8-b99d-436a-b792-f838102cda43: Failed appendEntries: org.apache.ratis.thirdparty.io.grpc.StatusRuntimeException: CANCELLED: HTTP/2 error code: CANCEL
Received Rst Stream
2019-07-13 12:47:46,985 INFO  impl.FollowerInfo (FollowerInfo.java:lambda$new$0(50)) - 2ce21e82-9fce-4154-8460-38f4062df44e->cf888fe8-b99d-436a-b792-f838102cda43: nextIndex: updateUnconditionally 3 -> 2
2019-07-13 12:47:46,990 INFO  utils.BackgroundService (BackgroundService.java:shutdown(148)) - Shutting down service BlockDeletingService
2019-07-13 12:47:46,995 WARN  fs.CachingGetSpaceUsed (CachingGetSpaceUsed.java:run(183)) - Thread Interrupted waiting to refresh disk information: sleep interrupted
2019-07-13 12:47:47,020 INFO  statemachine.DatanodeStateMachine (DatanodeStateMachine.java:stopDaemon(395)) - Ozone container server stopped.
2019-07-13 12:47:47,022 INFO  handler.ContextHandler (ContextHandler.java:doStop(910)) - Stopped o.e.j.w.WebAppContext@7be859de{/,null,UNAVAILABLE}{/hddsDatanode}
2019-07-13 12:47:47,022 INFO  server.AbstractConnector (AbstractConnector.java:doStop(318)) - Stopped ServerConnector@40fcaae7{HTTP/1.1,[http/1.1]}{0.0.0.0:0}
2019-07-13 12:47:47,023 INFO  handler.ContextHandler (ContextHandler.java:doStop(910)) - Stopped o.e.j.s.ServletContextHandler@3700994c{/static,jar:file:/home/user/.m2/repository/org/apache/hadoop/hadoop-hdds-container-service/0.5.0-SNAPSHOT/hadoop-hdds-container-service-0.5.0-SNAPSHOT.jar!/webapps/static,UNAVAILABLE}
2019-07-13 12:47:47,023 INFO  handler.ContextHandler (ContextHandler.java:doStop(910)) - Stopped o.e.j.s.ServletContextHandler@6bfbab1c{/logs,file:///tmp/workdir/hadoop-ozone/integration-test/target/log,UNAVAILABLE}
2019-07-13 12:47:47,034 INFO  client.GrpcClientProtocolClient (GrpcClientProtocolClient.java:onNext(255)) - client-96356F272B51->2ce21e82-9fce-4154-8460-38f4062df44e: receive RaftClientReply:client-96356F272B51->2ce21e82-9fce-4154-8460-38f4062df44e@group-84480CD470B2, cid=55, SUCCESS, logIndex=0, commits[2ce21e82-9fce-4154-8460-38f4062df44e:c2, 64ca150a-c620-4294-84e2-4b85544ea83d:c2, cf888fe8-b99d-436a-b792-f838102cda43:c2]
]]></system-out>
    <system-err><![CDATA[Jul 13, 2019 12:47:26 PM com.sun.jersey.server.impl.application.WebApplicationImpl _initiate
INFO: Initiating Jersey application, version 'Jersey: 1.19 02/11/2015 03:25 AM'
Jul 13, 2019 12:47:26 PM com.sun.jersey.server.impl.application.WebApplicationImpl _initiate
INFO: Initiating Jersey application, version 'Jersey: 1.19 02/11/2015 03:25 AM'
Jul 13, 2019 12:47:26 PM com.sun.jersey.server.impl.application.WebApplicationImpl _initiate
INFO: Initiating Jersey application, version 'Jersey: 1.19 02/11/2015 03:25 AM'
Jul 13, 2019 12:47:26 PM com.sun.jersey.server.impl.application.WebApplicationImpl _initiate
INFO: Initiating Jersey application, version 'Jersey: 1.19 02/11/2015 03:25 AM'
Jul 13, 2019 12:47:27 PM com.sun.jersey.server.impl.application.WebApplicationImpl _initiate
INFO: Initiating Jersey application, version 'Jersey: 1.19 02/11/2015 03:25 AM'
Jul 13, 2019 12:47:27 PM com.sun.jersey.server.impl.application.WebApplicationImpl _initiate
INFO: Initiating Jersey application, version 'Jersey: 1.19 02/11/2015 03:25 AM'
Jul 13, 2019 12:47:27 PM com.sun.jersey.server.impl.application.WebApplicationImpl _initiate
INFO: Initiating Jersey application, version 'Jersey: 1.19 02/11/2015 03:25 AM'
]]></system-err>
  </testcase>
  <testcase name="testWatchForCommitForGroupMismatchException" classname="org.apache.hadoop.ozone.client.rpc.TestWatchForCommit" time="32.806"/>
  <testcase name="test2WayCommitForTimeoutException" classname="org.apache.hadoop.ozone.client.rpc.TestWatchForCommit" time="22.372">
    <error message="org.apache.ratis.protocol.RaftRetryFailureException: Failed RaftClientRequest:client-72D420BC790B-&gt;808d6bbb-af2b-4565-9924-f91b24251636@group-3B28D19F1E52, cid=91, seq=2*, RW, org.apache.hadoop.hdds.scm.XceiverClientRatis$$Lambda$309/674659751@30bd3334 for 10 attempts with RetryLimited(maxAttempts=10, sleepTime=1000ms)" type="java.util.concurrent.ExecutionException">java.util.concurrent.ExecutionException: org.apache.ratis.protocol.RaftRetryFailureException: Failed RaftClientRequest:client-72D420BC790B->808d6bbb-af2b-4565-9924-f91b24251636@group-3B28D19F1E52, cid=91, seq=2*, RW, org.apache.hadoop.hdds.scm.XceiverClientRatis$$Lambda$309/674659751@30bd3334 for 10 attempts with RetryLimited(maxAttempts=10, sleepTime=1000ms)
	at java.util.concurrent.CompletableFuture.reportGet(CompletableFuture.java:357)
	at java.util.concurrent.CompletableFuture.get(CompletableFuture.java:1895)
	at org.apache.hadoop.ozone.client.rpc.TestWatchForCommit.test2WayCommitForTimeoutException(TestWatchForCommit.java:432)
	at sun.reflect.NativeMethodAccessorImpl.invoke0(Native Method)
	at sun.reflect.NativeMethodAccessorImpl.invoke(NativeMethodAccessorImpl.java:62)
	at sun.reflect.DelegatingMethodAccessorImpl.invoke(DelegatingMethodAccessorImpl.java:43)
	at java.lang.reflect.Method.invoke(Method.java:498)
	at org.junit.runners.model.FrameworkMethod$1.runReflectiveCall(FrameworkMethod.java:47)
	at org.junit.internal.runners.model.ReflectiveCallable.run(ReflectiveCallable.java:12)
	at org.junit.runners.model.FrameworkMethod.invokeExplosively(FrameworkMethod.java:44)
	at org.junit.internal.runners.statements.InvokeMethod.evaluate(InvokeMethod.java:17)
	at org.junit.runners.ParentRunner.runLeaf(ParentRunner.java:271)
	at org.junit.runners.BlockJUnit4ClassRunner.runChild(BlockJUnit4ClassRunner.java:70)
	at org.junit.runners.BlockJUnit4ClassRunner.runChild(BlockJUnit4ClassRunner.java:50)
	at org.junit.runners.ParentRunner$3.run(ParentRunner.java:238)
	at org.junit.runners.ParentRunner$1.schedule(ParentRunner.java:63)
	at org.junit.runners.ParentRunner.runChildren(ParentRunner.java:236)
	at org.junit.runners.ParentRunner.access$000(ParentRunner.java:53)
	at org.junit.runners.ParentRunner$2.evaluate(ParentRunner.java:229)
	at org.junit.runners.ParentRunner.run(ParentRunner.java:309)
	at org.apache.maven.surefire.junit4.JUnit4Provider.execute(JUnit4Provider.java:365)
	at org.apache.maven.surefire.junit4.JUnit4Provider.executeWithRerun(JUnit4Provider.java:273)
	at org.apache.maven.surefire.junit4.JUnit4Provider.executeTestSet(JUnit4Provider.java:238)
	at org.apache.maven.surefire.junit4.JUnit4Provider.invoke(JUnit4Provider.java:159)
	at org.apache.maven.surefire.booter.ForkedBooter.invokeProviderInSameClassLoader(ForkedBooter.java:384)
	at org.apache.maven.surefire.booter.ForkedBooter.runSuitesInProcess(ForkedBooter.java:345)
	at org.apache.maven.surefire.booter.ForkedBooter.execute(ForkedBooter.java:126)
	at org.apache.maven.surefire.booter.ForkedBooter.main(ForkedBooter.java:418)
Caused by: org.apache.ratis.protocol.RaftRetryFailureException: Failed RaftClientRequest:client-72D420BC790B->808d6bbb-af2b-4565-9924-f91b24251636@group-3B28D19F1E52, cid=91, seq=2*, RW, org.apache.hadoop.hdds.scm.XceiverClientRatis$$Lambda$309/674659751@30bd3334 for 10 attempts with RetryLimited(maxAttempts=10, sleepTime=1000ms)
	at org.apache.ratis.client.impl.RaftClientImpl.noMoreRetries(RaftClientImpl.java:272)
	at org.apache.ratis.client.impl.OrderedAsync.handleAsyncRetryFailure(OrderedAsync.java:138)
	at org.apache.ratis.client.impl.OrderedAsync.lambda$sendRequest$10(OrderedAsync.java:230)
	at java.util.concurrent.CompletableFuture.uniExceptionally(CompletableFuture.java:870)
	at java.util.concurrent.CompletableFuture$UniExceptionally.tryFire(CompletableFuture.java:852)
	at java.util.concurrent.CompletableFuture.postComplete(CompletableFuture.java:474)
	at java.util.concurrent.CompletableFuture.completeExceptionally(CompletableFuture.java:1977)
	at org.apache.ratis.grpc.client.GrpcClientProtocolClient$AsyncStreamObservers.completeReplyExceptionally(GrpcClientProtocolClient.java:330)
	at org.apache.ratis.grpc.client.GrpcClientProtocolClient$AsyncStreamObservers.access$000(GrpcClientProtocolClient.java:246)
	at org.apache.ratis.grpc.client.GrpcClientProtocolClient$AsyncStreamObservers$1.onError(GrpcClientProtocolClient.java:275)
	at org.apache.ratis.thirdparty.io.grpc.stub.ClientCalls$StreamObserverToCallListenerAdapter.onClose(ClientCalls.java:434)
	at org.apache.ratis.thirdparty.io.grpc.PartialForwardingClientCallListener.onClose(PartialForwardingClientCallListener.java:39)
	at org.apache.ratis.thirdparty.io.grpc.ForwardingClientCallListener.onClose(ForwardingClientCallListener.java:23)
	at org.apache.ratis.thirdparty.io.grpc.ForwardingClientCallListener$SimpleForwardingClientCallListener.onClose(ForwardingClientCallListener.java:40)
	at org.apache.ratis.thirdparty.io.grpc.internal.CensusStatsModule$StatsClientInterceptor$1$1.onClose(CensusStatsModule.java:678)
	at org.apache.ratis.thirdparty.io.grpc.PartialForwardingClientCallListener.onClose(PartialForwardingClientCallListener.java:39)
	at org.apache.ratis.thirdparty.io.grpc.ForwardingClientCallListener.onClose(ForwardingClientCallListener.java:23)
	at org.apache.ratis.thirdparty.io.grpc.ForwardingClientCallListener$SimpleForwardingClientCallListener.onClose(ForwardingClientCallListener.java:40)
	at org.apache.ratis.thirdparty.io.grpc.internal.CensusTracingModule$TracingClientInterceptor$1$1.onClose(CensusTracingModule.java:397)
	at org.apache.ratis.thirdparty.io.grpc.internal.ClientCallImpl.closeObserver(ClientCallImpl.java:459)
	at org.apache.ratis.thirdparty.io.grpc.internal.ClientCallImpl.access$300(ClientCallImpl.java:63)
	at org.apache.ratis.thirdparty.io.grpc.internal.ClientCallImpl$ClientStreamListenerImpl.close(ClientCallImpl.java:546)
	at org.apache.ratis.thirdparty.io.grpc.internal.ClientCallImpl$ClientStreamListenerImpl.access$600(ClientCallImpl.java:467)
	at org.apache.ratis.thirdparty.io.grpc.internal.ClientCallImpl$ClientStreamListenerImpl$1StreamClosed.runInContext(ClientCallImpl.java:584)
	at org.apache.ratis.thirdparty.io.grpc.internal.ContextRunnable.run(ContextRunnable.java:37)
	at org.apache.ratis.thirdparty.io.grpc.internal.SerializingExecutor.run(SerializingExecutor.java:123)
	at java.util.concurrent.ThreadPoolExecutor.runWorker(ThreadPoolExecutor.java:1149)
	at java.util.concurrent.ThreadPoolExecutor$Worker.run(ThreadPoolExecutor.java:624)
	at java.lang.Thread.run(Thread.java:748)
Caused by: java.io.IOException: org.apache.ratis.thirdparty.io.grpc.StatusRuntimeException: UNAVAILABLE: io exception
	at org.apache.ratis.grpc.GrpcUtil.unwrapException(GrpcUtil.java:76)
	at org.apache.ratis.grpc.GrpcUtil.unwrapIOException(GrpcUtil.java:128)
	at org.apache.ratis.grpc.client.GrpcClientProtocolClient$AsyncStreamObservers$1.onError(GrpcClientProtocolClient.java:274)
	... 19 more
Caused by: org.apache.ratis.thirdparty.io.grpc.StatusRuntimeException: UNAVAILABLE: io exception
	at org.apache.ratis.thirdparty.io.grpc.Status.asRuntimeException(Status.java:526)
	... 19 more
Caused by: org.apache.ratis.thirdparty.io.netty.channel.AbstractChannel$AnnotatedConnectException: Connection refused: /192.168.5.181:43298
	at sun.nio.ch.SocketChannelImpl.checkConnect(Native Method)
	at sun.nio.ch.SocketChannelImpl.finishConnect(SocketChannelImpl.java:717)
	at org.apache.ratis.thirdparty.io.netty.channel.socket.nio.NioSocketChannel.doFinishConnect(NioSocketChannel.java:327)
	at org.apache.ratis.thirdparty.io.netty.channel.nio.AbstractNioChannel$AbstractNioUnsafe.finishConnect(AbstractNioChannel.java:340)
	at org.apache.ratis.thirdparty.io.netty.channel.nio.NioEventLoop.processSelectedKey(NioEventLoop.java:632)
	at org.apache.ratis.thirdparty.io.netty.channel.nio.NioEventLoop.processSelectedKeysOptimized(NioEventLoop.java:579)
	at org.apache.ratis.thirdparty.io.netty.channel.nio.NioEventLoop.processSelectedKeys(NioEventLoop.java:496)
	at org.apache.ratis.thirdparty.io.netty.channel.nio.NioEventLoop.run(NioEventLoop.java:458)
	at org.apache.ratis.thirdparty.io.netty.util.concurrent.SingleThreadEventExecutor$5.run(SingleThreadEventExecutor.java:897)
	at org.apache.ratis.thirdparty.io.netty.util.concurrent.FastThreadLocalRunnable.run(FastThreadLocalRunnable.java:30)
	... 1 more
Caused by: java.net.ConnectException: Connection refused
	... 11 more
</error>
    <system-out><![CDATA[2019-07-13 12:48:19,856 WARN  server.ServerUtils (ServerUtils.java:getScmDbDir(145)) - ozone.scm.db.dirs is not configured. We recommend adding this setting. Falling back to ozone.metadata.dirs instead.
2019-07-13 12:48:19,869 WARN  server.ServerUtils (ServerUtils.java:getScmDbDir(145)) - ozone.scm.db.dirs is not configured. We recommend adding this setting. Falling back to ozone.metadata.dirs instead.
2019-07-13 12:48:19,870 WARN  server.ServerUtils (ServerUtils.java:getScmDbDir(145)) - ozone.scm.db.dirs is not configured. We recommend adding this setting. Falling back to ozone.metadata.dirs instead.
2019-07-13 12:48:19,870 INFO  db.DBStoreBuilder (DBStoreBuilder.java:addTable(110)) - using custom profile for table: deletedBlocks
2019-07-13 12:48:19,870 INFO  db.DBStoreBuilder (DBStoreBuilder.java:processTables(161)) - Using default column profile:DBProfile.DISK for Table:deletedBlocks
2019-07-13 12:48:19,871 INFO  db.DBStoreBuilder (DBStoreBuilder.java:addTable(110)) - using custom profile for table: validCerts
2019-07-13 12:48:19,871 INFO  db.DBStoreBuilder (DBStoreBuilder.java:processTables(161)) - Using default column profile:DBProfile.DISK for Table:validCerts
2019-07-13 12:48:19,871 INFO  db.DBStoreBuilder (DBStoreBuilder.java:addTable(110)) - using custom profile for table: revokedCerts
2019-07-13 12:48:19,871 INFO  db.DBStoreBuilder (DBStoreBuilder.java:processTables(161)) - Using default column profile:DBProfile.DISK for Table:revokedCerts
2019-07-13 12:48:19,872 INFO  db.DBStoreBuilder (DBStoreBuilder.java:addTable(110)) - using custom profile for table: default
2019-07-13 12:48:19,872 INFO  db.DBStoreBuilder (DBStoreBuilder.java:processTables(167)) - Using default column profile:DBProfile.DISK for Table:default
2019-07-13 12:48:19,872 INFO  db.DBStoreBuilder (DBStoreBuilder.java:getDbProfile(198)) - Using default options. DBProfile.DISK
2019-07-13 12:48:19,947 INFO  net.NodeSchemaLoader (NodeSchemaLoader.java:loadSchemaFromFile(125)) - Loading file from sun.misc.CompoundEnumeration@5d10e2b6
2019-07-13 12:48:19,947 INFO  net.NodeSchemaLoader (NodeSchemaLoader.java:loadSchema(171)) - Loading network topology layer schema file
2019-07-13 12:48:19,952 WARN  server.ServerUtils (ServerUtils.java:sanitizeUserArgs(70)) - ozone.scm.stale.node.interval value = 300000 is larger than max = 100000 based on the key value of ozone.scm.heartbeat.thread.interval, reset to the max value 100000.
2019-07-13 12:48:19,952 WARN  server.ServerUtils (ServerUtils.java:sanitizeUserArgs(70)) - ozone.scm.stale.node.interval value = 300000 is larger than max = 100000 based on the key value of ozone.scm.heartbeat.thread.interval, reset to the max value 100000.
2019-07-13 12:48:19,952 INFO  node.SCMNodeManager (SCMNodeManager.java:<init>(119)) - Entering startup safe mode.
2019-07-13 12:48:19,953 WARN  server.ServerUtils (ServerUtils.java:getScmDbDir(145)) - ozone.scm.db.dirs is not configured. We recommend adding this setting. Falling back to ozone.metadata.dirs instead.
2019-07-13 12:48:19,976 INFO  pipeline.SCMPipelineManager (SCMPipelineManager.java:initializePipelineState(126)) - No pipeline exists in current db
2019-07-13 12:48:19,976 WARN  server.ServerUtils (ServerUtils.java:getScmDbDir(145)) - ozone.scm.db.dirs is not configured. We recommend adding this setting. Falling back to ozone.metadata.dirs instead.
2019-07-13 12:48:20,003 WARN  events.EventQueue (EventQueue.java:fireEvent(175)) - No event handler registered for event TypedEvent{payloadType=SafeModeStatus, name='SafeModeStatus'}
2019-07-13 12:48:20,004 INFO  ipc.CallQueueManager (CallQueueManager.java:<init>(84)) - Using callQueue: class java.util.concurrent.LinkedBlockingQueue, queueCapacity: 2000, scheduler: class org.apache.hadoop.ipc.DefaultRpcScheduler, ipcBackoff: false.
2019-07-13 12:48:20,005 INFO  ipc.Server (Server.java:run(1074)) - Starting Socket Reader #1 for port 34133
2019-07-13 12:48:20,013 INFO  ipc.CallQueueManager (CallQueueManager.java:<init>(84)) - Using callQueue: class java.util.concurrent.LinkedBlockingQueue, queueCapacity: 2000, scheduler: class org.apache.hadoop.ipc.DefaultRpcScheduler, ipcBackoff: false.
2019-07-13 12:48:20,014 INFO  ipc.Server (Server.java:run(1074)) - Starting Socket Reader #1 for port 41078
2019-07-13 12:48:20,019 INFO  ipc.CallQueueManager (CallQueueManager.java:<init>(84)) - Using callQueue: class java.util.concurrent.LinkedBlockingQueue, queueCapacity: 2000, scheduler: class org.apache.hadoop.ipc.DefaultRpcScheduler, ipcBackoff: false.
2019-07-13 12:48:20,020 INFO  ipc.Server (Server.java:run(1074)) - Starting Socket Reader #1 for port 42611
2019-07-13 12:48:20,027 INFO  hdfs.DFSUtil (DFSUtil.java:httpServerTemplateForNNAndJN(1641)) - Starting Web-server for scm at: http://0.0.0.0:0
2019-07-13 12:48:20,029 INFO  server.AuthenticationFilter (AuthenticationFilter.java:constructSecretProvider(240)) - Unable to initialize FileSignerSecretProvider, falling back to use random secrets.
2019-07-13 12:48:20,030 WARN  http.HttpRequestLog (HttpRequestLog.java:getRequestLog(97)) - Jetty request log can only be enabled using Log4j
2019-07-13 12:48:20,033 INFO  http.HttpServer2 (HttpServer2.java:addGlobalFilter(975)) - Added global filter 'safety' (class=org.apache.hadoop.http.HttpServer2$QuotingInputFilter)
2019-07-13 12:48:20,034 INFO  http.HttpServer2 (HttpServer2.java:addFilter(948)) - Added filter static_user_filter (class=org.apache.hadoop.http.lib.StaticUserWebFilter$StaticUserFilter) to context scm
2019-07-13 12:48:20,034 INFO  http.HttpServer2 (HttpServer2.java:addFilter(958)) - Added filter static_user_filter (class=org.apache.hadoop.http.lib.StaticUserWebFilter$StaticUserFilter) to context logs
2019-07-13 12:48:20,034 INFO  http.HttpServer2 (HttpServer2.java:addFilter(958)) - Added filter static_user_filter (class=org.apache.hadoop.http.lib.StaticUserWebFilter$StaticUserFilter) to context static
2019-07-13 12:48:20,036 INFO  server.StorageContainerManager (StorageContainerManager.java:start(759)) - StorageContainerLocationProtocol RPC server is listening at /0.0.0.0:42611
2019-07-13 12:48:20,039 WARN  impl.MetricsConfig (MetricsConfig.java:loadFirst(134)) - Cannot locate configuration: tried hadoop-metrics2-storagecontainermanager.properties,hadoop-metrics2.properties
2019-07-13 12:48:20,058 INFO  impl.MetricsSystemImpl (MetricsSystemImpl.java:startTimer(374)) - Scheduled Metric snapshot period at 10 second(s).
2019-07-13 12:48:20,059 INFO  impl.MetricsSystemImpl (MetricsSystemImpl.java:start(191)) - StorageContainerManager metrics system started
2019-07-13 12:48:20,268 INFO  server.SCMClientProtocolServer (SCMClientProtocolServer.java:start(149)) - RPC server for Client  is listening at /0.0.0.0:42611
2019-07-13 12:48:20,269 INFO  ipc.Server (Server.java:run(1314)) - IPC Server Responder: starting
2019-07-13 12:48:20,269 INFO  ipc.Server (Server.java:run(1153)) - IPC Server listener on 42611: starting
2019-07-13 12:48:20,278 INFO  server.StorageContainerManager (StorageContainerManager.java:start(768)) - ScmBlockLocationProtocol RPC server is listening at /0.0.0.0:41078
2019-07-13 12:48:20,278 INFO  server.SCMBlockProtocolServer (SCMBlockProtocolServer.java:start(140)) - RPC server for Block Protocol is listening at /0.0.0.0:41078
2019-07-13 12:48:20,279 INFO  ipc.Server (Server.java:run(1314)) - IPC Server Responder: starting
2019-07-13 12:48:20,279 INFO  ipc.Server (Server.java:run(1153)) - IPC Server listener on 41078: starting
2019-07-13 12:48:20,288 INFO  server.StorageContainerManager (StorageContainerManager.java:start(772)) - ScmDatanodeProtocl RPC server is listening at /0.0.0.0:34133
2019-07-13 12:48:20,288 INFO  server.SCMDatanodeProtocolServer (SCMDatanodeProtocolServer.java:start(191)) - RPC server for DataNodes is listening at /0.0.0.0:34133
2019-07-13 12:48:20,288 INFO  ipc.Server (Server.java:run(1314)) - IPC Server Responder: starting
2019-07-13 12:48:20,289 INFO  ipc.Server (Server.java:run(1153)) - IPC Server listener on 34133: starting
2019-07-13 12:48:20,298 INFO  http.HttpServer2 (HttpServer2.java:bindListener(1191)) - Jetty bound to port 38014
2019-07-13 12:48:20,298 INFO  server.Server (Server.java:doStart(351)) - jetty-9.3.24.v20180605, build timestamp: 2018-06-05T17:11:56Z, git hash: 84205aa28f11a4f31f2a3b86d1bba2cc8ab69827
2019-07-13 12:48:20,300 INFO  handler.ContextHandler (ContextHandler.java:doStart(781)) - Started o.e.j.s.ServletContextHandler@69f55ea{/logs,file:///tmp/workdir/hadoop-ozone/integration-test/target/log,AVAILABLE}
2019-07-13 12:48:20,300 INFO  handler.ContextHandler (ContextHandler.java:doStart(781)) - Started o.e.j.s.ServletContextHandler@3203a4ae{/static,file:///tmp/workdir/hadoop-ozone/integration-test/target/test-classes/webapps/static,AVAILABLE}
2019-07-13 12:48:20,304 INFO  handler.ContextHandler (ContextHandler.java:doStart(781)) - Started o.e.j.w.WebAppContext@d827673{/,file:///tmp/workdir/hadoop-ozone/integration-test/target/test-classes/webapps/scm/,AVAILABLE}{/scm}
2019-07-13 12:48:20,304 INFO  server.AbstractConnector (AbstractConnector.java:doStart(278)) - Started ServerConnector@d695f9d{HTTP/1.1,[http/1.1]}{0.0.0.0:38014}
2019-07-13 12:48:20,307 INFO  server.Server (Server.java:doStart(419)) - Started @115164ms
2019-07-13 12:48:20,308 INFO  server.BaseHttpServer (BaseHttpServer.java:updateConnectorAddress(207)) - HTTP server of SCM is listening at http://0.0.0.0:38014
2019-07-13 12:48:20,308 WARN  server.ServerUtils (ServerUtils.java:getDBPath(222)) - ozone.om.db.dirs is not configured. We recommend adding this setting. Falling back to ozone.metadata.dirs instead.
2019-07-13 12:48:20,308 INFO  util.JvmPauseMonitor (JvmPauseMonitor.java:run(188)) - Starting JVM pause monitor
2019-07-13 12:48:20,316 WARN  server.ServerUtils (ServerUtils.java:getDBPath(222)) - ozone.om.db.dirs is not configured. We recommend adding this setting. Falling back to ozone.metadata.dirs instead.
2019-07-13 12:48:20,316 INFO  om.OzoneManager (OzoneManager.java:setOMNodeDetails(630)) - OM Service ID is not set. Setting it to the default ID: omServiceIdDefault
2019-07-13 12:48:20,317 INFO  om.OzoneManager (OzoneManager.java:setOMNodeDetails(636)) - OM Node ID is not set. Setting it to the OmStorage's OmID: c3f405cb-62a5-4b81-b73c-6fdccb421afc
2019-07-13 12:48:20,317 INFO  om.OzoneManager (OzoneManager.java:loadOMHAConfigs(587)) - Found matching OM address with OMServiceId: null, OMNodeId: null, RPC Address: localhost:0 and Ratis port: 9872
2019-07-13 12:48:20,326 WARN  server.ServerUtils (ServerUtils.java:getDBPath(222)) - ozone.om.db.dirs is not configured. We recommend adding this setting. Falling back to ozone.metadata.dirs instead.
2019-07-13 12:48:20,326 INFO  db.DBStoreBuilder (DBStoreBuilder.java:addTable(110)) - using custom profile for table: userTable
2019-07-13 12:48:20,326 INFO  db.DBStoreBuilder (DBStoreBuilder.java:processTables(161)) - Using default column profile:DBProfile.DISK for Table:userTable
2019-07-13 12:48:20,326 INFO  db.DBStoreBuilder (DBStoreBuilder.java:addTable(110)) - using custom profile for table: volumeTable
2019-07-13 12:48:20,327 INFO  db.DBStoreBuilder (DBStoreBuilder.java:processTables(161)) - Using default column profile:DBProfile.DISK for Table:volumeTable
2019-07-13 12:48:20,327 INFO  db.DBStoreBuilder (DBStoreBuilder.java:addTable(110)) - using custom profile for table: bucketTable
2019-07-13 12:48:20,327 INFO  db.DBStoreBuilder (DBStoreBuilder.java:processTables(161)) - Using default column profile:DBProfile.DISK for Table:bucketTable
2019-07-13 12:48:20,327 INFO  db.DBStoreBuilder (DBStoreBuilder.java:addTable(110)) - using custom profile for table: keyTable
2019-07-13 12:48:20,327 INFO  db.DBStoreBuilder (DBStoreBuilder.java:processTables(161)) - Using default column profile:DBProfile.DISK for Table:keyTable
2019-07-13 12:48:20,327 INFO  db.DBStoreBuilder (DBStoreBuilder.java:addTable(110)) - using custom profile for table: deletedTable
2019-07-13 12:48:20,327 INFO  db.DBStoreBuilder (DBStoreBuilder.java:processTables(161)) - Using default column profile:DBProfile.DISK for Table:deletedTable
2019-07-13 12:48:20,328 INFO  db.DBStoreBuilder (DBStoreBuilder.java:addTable(110)) - using custom profile for table: openKeyTable
2019-07-13 12:48:20,328 INFO  db.DBStoreBuilder (DBStoreBuilder.java:processTables(161)) - Using default column profile:DBProfile.DISK for Table:openKeyTable
2019-07-13 12:48:20,328 INFO  db.DBStoreBuilder (DBStoreBuilder.java:addTable(110)) - using custom profile for table: s3Table
2019-07-13 12:48:20,328 INFO  db.DBStoreBuilder (DBStoreBuilder.java:processTables(161)) - Using default column profile:DBProfile.DISK for Table:s3Table
2019-07-13 12:48:20,328 INFO  db.DBStoreBuilder (DBStoreBuilder.java:addTable(110)) - using custom profile for table: multipartInfoTable
2019-07-13 12:48:20,328 INFO  db.DBStoreBuilder (DBStoreBuilder.java:processTables(161)) - Using default column profile:DBProfile.DISK for Table:multipartInfoTable
2019-07-13 12:48:20,329 INFO  db.DBStoreBuilder (DBStoreBuilder.java:addTable(110)) - using custom profile for table: dTokenTable
2019-07-13 12:48:20,329 INFO  db.DBStoreBuilder (DBStoreBuilder.java:processTables(161)) - Using default column profile:DBProfile.DISK for Table:dTokenTable
2019-07-13 12:48:20,329 INFO  db.DBStoreBuilder (DBStoreBuilder.java:addTable(110)) - using custom profile for table: s3SecretTable
2019-07-13 12:48:20,329 INFO  db.DBStoreBuilder (DBStoreBuilder.java:processTables(161)) - Using default column profile:DBProfile.DISK for Table:s3SecretTable
2019-07-13 12:48:20,329 INFO  db.DBStoreBuilder (DBStoreBuilder.java:addTable(110)) - using custom profile for table: prefixTable
2019-07-13 12:48:20,329 INFO  db.DBStoreBuilder (DBStoreBuilder.java:processTables(161)) - Using default column profile:DBProfile.DISK for Table:prefixTable
2019-07-13 12:48:20,329 INFO  db.DBStoreBuilder (DBStoreBuilder.java:addTable(110)) - using custom profile for table: default
2019-07-13 12:48:20,330 INFO  db.DBStoreBuilder (DBStoreBuilder.java:processTables(167)) - Using default column profile:DBProfile.DISK for Table:default
2019-07-13 12:48:20,330 INFO  db.DBStoreBuilder (DBStoreBuilder.java:getDbProfile(198)) - Using default options. DBProfile.DISK
2019-07-13 12:48:20,596 INFO  ipc.CallQueueManager (CallQueueManager.java:<init>(84)) - Using callQueue: class java.util.concurrent.LinkedBlockingQueue, queueCapacity: 2000, scheduler: class org.apache.hadoop.ipc.DefaultRpcScheduler, ipcBackoff: false.
2019-07-13 12:48:20,597 INFO  ipc.Server (Server.java:run(1074)) - Starting Socket Reader #1 for port 38899
2019-07-13 12:48:20,623 WARN  server.ServerUtils (ServerUtils.java:getDBPath(222)) - ozone.om.db.dirs is not configured. We recommend adding this setting. Falling back to ozone.metadata.dirs instead.
2019-07-13 12:48:20,624 INFO  om.OzoneManager (OzoneManager.java:start(1228)) - OzoneManager RPC server is listening at localhost/127.0.0.1:38899
2019-07-13 12:48:20,624 INFO  impl.MetricsSystemImpl (MetricsSystemImpl.java:init(158)) - OzoneManager metrics system started (again)
2019-07-13 12:48:20,625 INFO  ipc.Server (Server.java:run(1314)) - IPC Server Responder: starting
2019-07-13 12:48:20,625 INFO  ipc.Server (Server.java:run(1153)) - IPC Server listener on 38899: starting
2019-07-13 12:48:20,665 INFO  hdfs.DFSUtil (DFSUtil.java:httpServerTemplateForNNAndJN(1641)) - Starting Web-server for ozoneManager at: http://0.0.0.0:0
2019-07-13 12:48:20,667 INFO  server.AuthenticationFilter (AuthenticationFilter.java:constructSecretProvider(240)) - Unable to initialize FileSignerSecretProvider, falling back to use random secrets.
2019-07-13 12:48:20,668 WARN  http.HttpRequestLog (HttpRequestLog.java:getRequestLog(97)) - Jetty request log can only be enabled using Log4j
2019-07-13 12:48:20,670 INFO  http.HttpServer2 (HttpServer2.java:addGlobalFilter(975)) - Added global filter 'safety' (class=org.apache.hadoop.http.HttpServer2$QuotingInputFilter)
2019-07-13 12:48:20,671 INFO  http.HttpServer2 (HttpServer2.java:addFilter(948)) - Added filter static_user_filter (class=org.apache.hadoop.http.lib.StaticUserWebFilter$StaticUserFilter) to context ozoneManager
2019-07-13 12:48:20,671 INFO  http.HttpServer2 (HttpServer2.java:addFilter(958)) - Added filter static_user_filter (class=org.apache.hadoop.http.lib.StaticUserWebFilter$StaticUserFilter) to context static
2019-07-13 12:48:20,672 INFO  http.HttpServer2 (HttpServer2.java:addFilter(958)) - Added filter static_user_filter (class=org.apache.hadoop.http.lib.StaticUserWebFilter$StaticUserFilter) to context logs
2019-07-13 12:48:20,673 INFO  http.HttpServer2 (HttpServer2.java:bindListener(1191)) - Jetty bound to port 39973
2019-07-13 12:48:20,673 INFO  server.Server (Server.java:doStart(351)) - jetty-9.3.24.v20180605, build timestamp: 2018-06-05T17:11:56Z, git hash: 84205aa28f11a4f31f2a3b86d1bba2cc8ab69827
2019-07-13 12:48:20,675 INFO  handler.ContextHandler (ContextHandler.java:doStart(781)) - Started o.e.j.s.ServletContextHandler@6894436e{/logs,file:///tmp/workdir/hadoop-ozone/integration-test/target/log,AVAILABLE}
2019-07-13 12:48:20,676 INFO  handler.ContextHandler (ContextHandler.java:doStart(781)) - Started o.e.j.s.ServletContextHandler@8b71052{/static,file:///tmp/workdir/hadoop-ozone/integration-test/target/test-classes/webapps/static,AVAILABLE}
2019-07-13 12:48:20,682 INFO  handler.ContextHandler (ContextHandler.java:doStart(781)) - Started o.e.j.w.WebAppContext@18174bd9{/,file:///tmp/workdir/hadoop-ozone/integration-test/target/test-classes/webapps/ozoneManager/,AVAILABLE}{/ozoneManager}
2019-07-13 12:48:20,682 INFO  server.AbstractConnector (AbstractConnector.java:doStart(278)) - Started ServerConnector@3af6d7a7{HTTP/1.1,[http/1.1]}{0.0.0.0:39973}
2019-07-13 12:48:20,688 INFO  server.Server (Server.java:doStart(419)) - Started @115545ms
2019-07-13 12:48:20,691 INFO  server.BaseHttpServer (BaseHttpServer.java:updateConnectorAddress(207)) - HTTP server of OZONEMANAGER is listening at http://0.0.0.0:39973
2019-07-13 12:48:20,708 INFO  impl.MetricsSystemImpl (MetricsSystemImpl.java:init(158)) - HddsDatanode metrics system started (again)
2019-07-13 12:48:20,709 INFO  ozone.HddsDatanodeService (HddsDatanodeService.java:start(185)) - HddsDatanodeService host:trunk-nightly-q2gwj-1111726333 ip:192.168.5.181
2019-07-13 12:48:20,729 INFO  volume.HddsVolume (HddsVolume.java:<init>(176)) - Creating Volume: /tmp/workdir/hadoop-ozone/integration-test/target/test-dir/MiniOzoneClusterImpl-cb250770-3b56-48ad-9bf9-87237a740c2b/datanode-0/data/containers/hdds of  storage type : DISK and capacity : 52710309888
2019-07-13 12:48:20,729 INFO  volume.VolumeSet (VolumeSet.java:initializeVolumeSet(170)) - Added Volume : /tmp/workdir/hadoop-ozone/integration-test/target/test-dir/MiniOzoneClusterImpl-cb250770-3b56-48ad-9bf9-87237a740c2b/datanode-0/data/containers/hdds to VolumeSet
2019-07-13 12:48:20,729 INFO  volume.ThrottledAsyncChecker (ThrottledAsyncChecker.java:schedule(140)) - Scheduling a check for org.apache.hadoop.ozone.container.common.volume.HddsVolume@3a388769
2019-07-13 12:48:20,735 INFO  volume.HddsVolumeChecker (HddsVolumeChecker.java:checkAllVolumes(203)) - Scheduled health check for volume org.apache.hadoop.ozone.container.common.volume.HddsVolume@3a388769
2019-07-13 12:48:20,755 INFO  impl.RaftServerProxy (ConfUtils.java:logGet(43)) - raft.rpc.type = GRPC (default)
2019-07-13 12:48:20,756 INFO  grpc.GrpcFactory (GrpcFactory.java:checkPooledByteBufAllocatorUseCacheForAllThreads(45)) - PERFORMANCE WARNING: useCacheForAllThreads is true that may cause Netty to create a lot garbage objects and, as a result, trigger GC.
	It is recommended to disable useCacheForAllThreads by setting -Dorg.apache.ratis.thirdparty.io.netty.allocator.useCacheForAllThreads=false in command line.
2019-07-13 12:48:20,756 INFO  grpc.GrpcConfigKeys$Server (ConfUtils.java:logGet(43)) - raft.grpc.server.port = 0 (default)
2019-07-13 12:48:20,756 INFO  server.GrpcService (ConfUtils.java:logGet(43)) - raft.grpc.message.size.max = 33570816 (custom)
2019-07-13 12:48:20,756 INFO  server.RaftServerConfigKeys (ConfUtils.java:logGet(43)) - raft.server.log.appender.buffer.byte-limit = 33554432 (custom)
2019-07-13 12:48:20,757 INFO  server.GrpcService (ConfUtils.java:logGet(43)) - raft.grpc.flow.control.window = 1MB (=1048576) (default)
2019-07-13 12:48:20,757 INFO  server.RaftServerConfigKeys (ConfUtils.java:logGet(43)) - raft.server.rpc.request.timeout = 3000ms (default)
2019-07-13 12:48:20,758 INFO  server.RaftServerConfigKeys (ConfUtils.java:logGet(43)) - raft.server.storage.dir = [/tmp/workdir/hadoop-ozone/integration-test/target/test-dir/MiniOzoneClusterImpl-cb250770-3b56-48ad-9bf9-87237a740c2b/datanode-0/data/ratis] (custom)
2019-07-13 12:48:20,758 INFO  replication.SimpleContainerDownloader (SimpleContainerDownloader.java:<init>(72)) - Starting container downloader service to copy containers to replicate.
2019-07-13 12:48:20,760 INFO  hdfs.DFSUtil (DFSUtil.java:httpServerTemplateForNNAndJN(1641)) - Starting Web-server for hddsDatanode at: http://0.0.0.0:0
2019-07-13 12:48:20,761 INFO  server.AuthenticationFilter (AuthenticationFilter.java:constructSecretProvider(240)) - Unable to initialize FileSignerSecretProvider, falling back to use random secrets.
2019-07-13 12:48:20,762 WARN  http.HttpRequestLog (HttpRequestLog.java:getRequestLog(97)) - Jetty request log can only be enabled using Log4j
2019-07-13 12:48:20,763 INFO  http.HttpServer2 (HttpServer2.java:addGlobalFilter(975)) - Added global filter 'safety' (class=org.apache.hadoop.http.HttpServer2$QuotingInputFilter)
2019-07-13 12:48:20,763 INFO  http.HttpServer2 (HttpServer2.java:addFilter(948)) - Added filter static_user_filter (class=org.apache.hadoop.http.lib.StaticUserWebFilter$StaticUserFilter) to context hddsDatanode
2019-07-13 12:48:20,764 INFO  http.HttpServer2 (HttpServer2.java:addFilter(958)) - Added filter static_user_filter (class=org.apache.hadoop.http.lib.StaticUserWebFilter$StaticUserFilter) to context static
2019-07-13 12:48:20,764 INFO  http.HttpServer2 (HttpServer2.java:addFilter(958)) - Added filter static_user_filter (class=org.apache.hadoop.http.lib.StaticUserWebFilter$StaticUserFilter) to context logs
2019-07-13 12:48:20,765 INFO  http.HttpServer2 (HttpServer2.java:bindListener(1191)) - Jetty bound to port 46365
2019-07-13 12:48:20,765 INFO  server.Server (Server.java:doStart(351)) - jetty-9.3.24.v20180605, build timestamp: 2018-06-05T17:11:56Z, git hash: 84205aa28f11a4f31f2a3b86d1bba2cc8ab69827
2019-07-13 12:48:20,767 INFO  handler.ContextHandler (ContextHandler.java:doStart(781)) - Started o.e.j.s.ServletContextHandler@6b3d3e57{/logs,file:///tmp/workdir/hadoop-ozone/integration-test/target/log,AVAILABLE}
2019-07-13 12:48:20,767 INFO  handler.ContextHandler (ContextHandler.java:doStart(781)) - Started o.e.j.s.ServletContextHandler@7bdaf563{/static,jar:file:/home/user/.m2/repository/org/apache/hadoop/hadoop-hdds-container-service/0.5.0-SNAPSHOT/hadoop-hdds-container-service-0.5.0-SNAPSHOT.jar!/webapps/static,AVAILABLE}
2019-07-13 12:48:20,799 INFO  handler.ContextHandler (ContextHandler.java:doStart(781)) - Started o.e.j.w.WebAppContext@7e864fa4{/,file:///tmp/jetty-0.0.0.0-46365-hddsDatanode-_-any-625557429819576779.dir/webapp/,AVAILABLE}{/hddsDatanode}
2019-07-13 12:48:20,799 INFO  server.AbstractConnector (AbstractConnector.java:doStart(278)) - Started ServerConnector@452d6fd{HTTP/1.1,[http/1.1]}{0.0.0.0:46365}
2019-07-13 12:48:20,799 INFO  server.Server (Server.java:doStart(419)) - Started @115657ms
2019-07-13 12:48:20,805 INFO  server.BaseHttpServer (BaseHttpServer.java:updateConnectorAddress(207)) - HTTP server of HDDSDATANODE is listening at http://0.0.0.0:46365
2019-07-13 12:48:20,930 INFO  ozone.HddsDatanodeService (HddsDatanodeService.java:startPlugins(396)) - Started plug-in org.apache.hadoop.ozone.web.OzoneHddsDatanodeService@6821d4e1
2019-07-13 12:48:20,930 INFO  impl.MetricsSystemImpl (MetricsSystemImpl.java:init(158)) - HddsDatanode metrics system started (again)
2019-07-13 12:48:20,930 INFO  ozone.HddsDatanodeService (HddsDatanodeService.java:start(185)) - HddsDatanodeService host:trunk-nightly-q2gwj-1111726333 ip:192.168.5.181
2019-07-13 12:48:20,932 INFO  util.JvmPauseMonitor (JvmPauseMonitor.java:run(188)) - Starting JVM pause monitor
2019-07-13 12:48:20,934 INFO  datanode.InitDatanodeState (InitDatanodeState.java:persistContainerDatanodeDetails(140)) - DatanodeDetails is persisted to /tmp/workdir/hadoop-ozone/integration-test/target/test-dir/MiniOzoneClusterImpl-cb250770-3b56-48ad-9bf9-87237a740c2b/datanode-0/meta/datanode.id
2019-07-13 12:48:20,946 INFO  volume.HddsVolume (HddsVolume.java:<init>(176)) - Creating Volume: /tmp/workdir/hadoop-ozone/integration-test/target/test-dir/MiniOzoneClusterImpl-cb250770-3b56-48ad-9bf9-87237a740c2b/datanode-1/data/containers/hdds of  storage type : DISK and capacity : 52710309888
2019-07-13 12:48:20,947 INFO  volume.VolumeSet (VolumeSet.java:initializeVolumeSet(170)) - Added Volume : /tmp/workdir/hadoop-ozone/integration-test/target/test-dir/MiniOzoneClusterImpl-cb250770-3b56-48ad-9bf9-87237a740c2b/datanode-1/data/containers/hdds to VolumeSet
2019-07-13 12:48:20,947 INFO  volume.ThrottledAsyncChecker (ThrottledAsyncChecker.java:schedule(140)) - Scheduling a check for org.apache.hadoop.ozone.container.common.volume.HddsVolume@701c413
2019-07-13 12:48:20,947 INFO  volume.HddsVolumeChecker (HddsVolumeChecker.java:checkAllVolumes(203)) - Scheduled health check for volume org.apache.hadoop.ozone.container.common.volume.HddsVolume@701c413
2019-07-13 12:48:20,977 INFO  impl.RaftServerProxy (ConfUtils.java:logGet(43)) - raft.rpc.type = GRPC (default)
2019-07-13 12:48:20,977 INFO  grpc.GrpcFactory (GrpcFactory.java:checkPooledByteBufAllocatorUseCacheForAllThreads(45)) - PERFORMANCE WARNING: useCacheForAllThreads is true that may cause Netty to create a lot garbage objects and, as a result, trigger GC.
	It is recommended to disable useCacheForAllThreads by setting -Dorg.apache.ratis.thirdparty.io.netty.allocator.useCacheForAllThreads=false in command line.
2019-07-13 12:48:20,977 INFO  grpc.GrpcConfigKeys$Server (ConfUtils.java:logGet(43)) - raft.grpc.server.port = 0 (default)
2019-07-13 12:48:20,978 INFO  server.GrpcService (ConfUtils.java:logGet(43)) - raft.grpc.message.size.max = 33570816 (custom)
2019-07-13 12:48:20,978 INFO  server.RaftServerConfigKeys (ConfUtils.java:logGet(43)) - raft.server.log.appender.buffer.byte-limit = 33554432 (custom)
2019-07-13 12:48:20,978 INFO  server.GrpcService (ConfUtils.java:logGet(43)) - raft.grpc.flow.control.window = 1MB (=1048576) (default)
2019-07-13 12:48:20,978 INFO  server.RaftServerConfigKeys (ConfUtils.java:logGet(43)) - raft.server.rpc.request.timeout = 3000ms (default)
2019-07-13 12:48:20,979 INFO  server.RaftServerConfigKeys (ConfUtils.java:logGet(43)) - raft.server.storage.dir = [/tmp/workdir/hadoop-ozone/integration-test/target/test-dir/MiniOzoneClusterImpl-cb250770-3b56-48ad-9bf9-87237a740c2b/datanode-1/data/ratis] (custom)
2019-07-13 12:48:20,980 INFO  replication.SimpleContainerDownloader (SimpleContainerDownloader.java:<init>(72)) - Starting container downloader service to copy containers to replicate.
2019-07-13 12:48:20,981 INFO  hdfs.DFSUtil (DFSUtil.java:httpServerTemplateForNNAndJN(1641)) - Starting Web-server for hddsDatanode at: http://0.0.0.0:0
2019-07-13 12:48:20,982 INFO  server.AuthenticationFilter (AuthenticationFilter.java:constructSecretProvider(240)) - Unable to initialize FileSignerSecretProvider, falling back to use random secrets.
2019-07-13 12:48:20,983 WARN  http.HttpRequestLog (HttpRequestLog.java:getRequestLog(97)) - Jetty request log can only be enabled using Log4j
2019-07-13 12:48:20,984 INFO  http.HttpServer2 (HttpServer2.java:addGlobalFilter(975)) - Added global filter 'safety' (class=org.apache.hadoop.http.HttpServer2$QuotingInputFilter)
2019-07-13 12:48:20,984 INFO  http.HttpServer2 (HttpServer2.java:addFilter(948)) - Added filter static_user_filter (class=org.apache.hadoop.http.lib.StaticUserWebFilter$StaticUserFilter) to context hddsDatanode
2019-07-13 12:48:20,988 INFO  http.HttpServer2 (HttpServer2.java:addFilter(958)) - Added filter static_user_filter (class=org.apache.hadoop.http.lib.StaticUserWebFilter$StaticUserFilter) to context logs
2019-07-13 12:48:20,988 INFO  http.HttpServer2 (HttpServer2.java:addFilter(958)) - Added filter static_user_filter (class=org.apache.hadoop.http.lib.StaticUserWebFilter$StaticUserFilter) to context static
2019-07-13 12:48:20,989 INFO  http.HttpServer2 (HttpServer2.java:bindListener(1191)) - Jetty bound to port 38413
2019-07-13 12:48:20,989 INFO  server.Server (Server.java:doStart(351)) - jetty-9.3.24.v20180605, build timestamp: 2018-06-05T17:11:56Z, git hash: 84205aa28f11a4f31f2a3b86d1bba2cc8ab69827
2019-07-13 12:48:20,991 INFO  handler.ContextHandler (ContextHandler.java:doStart(781)) - Started o.e.j.s.ServletContextHandler@69d9d322{/logs,file:///tmp/workdir/hadoop-ozone/integration-test/target/log,AVAILABLE}
2019-07-13 12:48:20,991 INFO  handler.ContextHandler (ContextHandler.java:doStart(781)) - Started o.e.j.s.ServletContextHandler@4e00723b{/static,jar:file:/home/user/.m2/repository/org/apache/hadoop/hadoop-hdds-container-service/0.5.0-SNAPSHOT/hadoop-hdds-container-service-0.5.0-SNAPSHOT.jar!/webapps/static,AVAILABLE}
2019-07-13 12:48:21,017 INFO  handler.ContextHandler (ContextHandler.java:doStart(781)) - Started o.e.j.w.WebAppContext@7e92e9a2{/,file:///tmp/jetty-0.0.0.0-38413-hddsDatanode-_-any-118675260296736485.dir/webapp/,AVAILABLE}{/hddsDatanode}
2019-07-13 12:48:21,018 INFO  server.AbstractConnector (AbstractConnector.java:doStart(278)) - Started ServerConnector@c0a8787{HTTP/1.1,[http/1.1]}{0.0.0.0:38413}
2019-07-13 12:48:21,018 INFO  server.Server (Server.java:doStart(419)) - Started @115875ms
2019-07-13 12:48:21,023 INFO  server.BaseHttpServer (BaseHttpServer.java:updateConnectorAddress(207)) - HTTP server of HDDSDATANODE is listening at http://0.0.0.0:38413
2019-07-13 12:48:21,323 INFO  ozone.HddsDatanodeService (HddsDatanodeService.java:startPlugins(396)) - Started plug-in org.apache.hadoop.ozone.web.OzoneHddsDatanodeService@69c7eafd
2019-07-13 12:48:21,323 INFO  impl.MetricsSystemImpl (MetricsSystemImpl.java:init(158)) - HddsDatanode metrics system started (again)
2019-07-13 12:48:21,323 INFO  ozone.HddsDatanodeService (HddsDatanodeService.java:start(185)) - HddsDatanodeService host:trunk-nightly-q2gwj-1111726333 ip:192.168.5.181
2019-07-13 12:48:21,324 INFO  util.JvmPauseMonitor (JvmPauseMonitor.java:run(188)) - Starting JVM pause monitor
2019-07-13 12:48:21,326 INFO  datanode.InitDatanodeState (InitDatanodeState.java:persistContainerDatanodeDetails(140)) - DatanodeDetails is persisted to /tmp/workdir/hadoop-ozone/integration-test/target/test-dir/MiniOzoneClusterImpl-cb250770-3b56-48ad-9bf9-87237a740c2b/datanode-1/meta/datanode.id
2019-07-13 12:48:21,339 INFO  volume.HddsVolume (HddsVolume.java:<init>(176)) - Creating Volume: /tmp/workdir/hadoop-ozone/integration-test/target/test-dir/MiniOzoneClusterImpl-cb250770-3b56-48ad-9bf9-87237a740c2b/datanode-2/data/containers/hdds of  storage type : DISK and capacity : 52710309888
2019-07-13 12:48:21,339 INFO  volume.VolumeSet (VolumeSet.java:initializeVolumeSet(170)) - Added Volume : /tmp/workdir/hadoop-ozone/integration-test/target/test-dir/MiniOzoneClusterImpl-cb250770-3b56-48ad-9bf9-87237a740c2b/datanode-2/data/containers/hdds to VolumeSet
2019-07-13 12:48:21,339 INFO  volume.ThrottledAsyncChecker (ThrottledAsyncChecker.java:schedule(140)) - Scheduling a check for org.apache.hadoop.ozone.container.common.volume.HddsVolume@3985175e
2019-07-13 12:48:21,340 INFO  volume.HddsVolumeChecker (HddsVolumeChecker.java:checkAllVolumes(203)) - Scheduled health check for volume org.apache.hadoop.ozone.container.common.volume.HddsVolume@3985175e
2019-07-13 12:48:21,362 INFO  impl.RaftServerProxy (ConfUtils.java:logGet(43)) - raft.rpc.type = GRPC (default)
2019-07-13 12:48:21,362 INFO  grpc.GrpcFactory (GrpcFactory.java:checkPooledByteBufAllocatorUseCacheForAllThreads(45)) - PERFORMANCE WARNING: useCacheForAllThreads is true that may cause Netty to create a lot garbage objects and, as a result, trigger GC.
	It is recommended to disable useCacheForAllThreads by setting -Dorg.apache.ratis.thirdparty.io.netty.allocator.useCacheForAllThreads=false in command line.
2019-07-13 12:48:21,362 INFO  grpc.GrpcConfigKeys$Server (ConfUtils.java:logGet(43)) - raft.grpc.server.port = 0 (default)
2019-07-13 12:48:21,362 INFO  server.GrpcService (ConfUtils.java:logGet(43)) - raft.grpc.message.size.max = 33570816 (custom)
2019-07-13 12:48:21,362 INFO  server.RaftServerConfigKeys (ConfUtils.java:logGet(43)) - raft.server.log.appender.buffer.byte-limit = 33554432 (custom)
2019-07-13 12:48:21,363 INFO  server.GrpcService (ConfUtils.java:logGet(43)) - raft.grpc.flow.control.window = 1MB (=1048576) (default)
2019-07-13 12:48:21,363 INFO  server.RaftServerConfigKeys (ConfUtils.java:logGet(43)) - raft.server.rpc.request.timeout = 3000ms (default)
2019-07-13 12:48:21,363 INFO  server.RaftServerConfigKeys (ConfUtils.java:logGet(43)) - raft.server.storage.dir = [/tmp/workdir/hadoop-ozone/integration-test/target/test-dir/MiniOzoneClusterImpl-cb250770-3b56-48ad-9bf9-87237a740c2b/datanode-2/data/ratis] (custom)
2019-07-13 12:48:21,364 INFO  replication.SimpleContainerDownloader (SimpleContainerDownloader.java:<init>(72)) - Starting container downloader service to copy containers to replicate.
2019-07-13 12:48:21,365 INFO  hdfs.DFSUtil (DFSUtil.java:httpServerTemplateForNNAndJN(1641)) - Starting Web-server for hddsDatanode at: http://0.0.0.0:0
2019-07-13 12:48:21,366 INFO  server.AuthenticationFilter (AuthenticationFilter.java:constructSecretProvider(240)) - Unable to initialize FileSignerSecretProvider, falling back to use random secrets.
2019-07-13 12:48:21,366 WARN  http.HttpRequestLog (HttpRequestLog.java:getRequestLog(97)) - Jetty request log can only be enabled using Log4j
2019-07-13 12:48:21,367 INFO  http.HttpServer2 (HttpServer2.java:addGlobalFilter(975)) - Added global filter 'safety' (class=org.apache.hadoop.http.HttpServer2$QuotingInputFilter)
2019-07-13 12:48:21,368 INFO  http.HttpServer2 (HttpServer2.java:addFilter(948)) - Added filter static_user_filter (class=org.apache.hadoop.http.lib.StaticUserWebFilter$StaticUserFilter) to context hddsDatanode
2019-07-13 12:48:21,368 INFO  http.HttpServer2 (HttpServer2.java:addFilter(958)) - Added filter static_user_filter (class=org.apache.hadoop.http.lib.StaticUserWebFilter$StaticUserFilter) to context static
2019-07-13 12:48:21,368 INFO  http.HttpServer2 (HttpServer2.java:addFilter(958)) - Added filter static_user_filter (class=org.apache.hadoop.http.lib.StaticUserWebFilter$StaticUserFilter) to context logs
2019-07-13 12:48:21,369 INFO  http.HttpServer2 (HttpServer2.java:bindListener(1191)) - Jetty bound to port 37503
2019-07-13 12:48:21,369 INFO  server.Server (Server.java:doStart(351)) - jetty-9.3.24.v20180605, build timestamp: 2018-06-05T17:11:56Z, git hash: 84205aa28f11a4f31f2a3b86d1bba2cc8ab69827
2019-07-13 12:48:21,370 INFO  handler.ContextHandler (ContextHandler.java:doStart(781)) - Started o.e.j.s.ServletContextHandler@6e4ac3f5{/logs,file:///tmp/workdir/hadoop-ozone/integration-test/target/log,AVAILABLE}
2019-07-13 12:48:21,371 INFO  handler.ContextHandler (ContextHandler.java:doStart(781)) - Started o.e.j.s.ServletContextHandler@1798c749{/static,jar:file:/home/user/.m2/repository/org/apache/hadoop/hadoop-hdds-container-service/0.5.0-SNAPSHOT/hadoop-hdds-container-service-0.5.0-SNAPSHOT.jar!/webapps/static,AVAILABLE}
2019-07-13 12:48:21,397 INFO  handler.ContextHandler (ContextHandler.java:doStart(781)) - Started o.e.j.w.WebAppContext@7154a248{/,file:///tmp/jetty-0.0.0.0-37503-hddsDatanode-_-any-4459651546751240053.dir/webapp/,AVAILABLE}{/hddsDatanode}
2019-07-13 12:48:21,397 INFO  server.AbstractConnector (AbstractConnector.java:doStart(278)) - Started ServerConnector@435a4d2d{HTTP/1.1,[http/1.1]}{0.0.0.0:37503}
2019-07-13 12:48:21,401 INFO  server.Server (Server.java:doStart(419)) - Started @116258ms
2019-07-13 12:48:21,402 INFO  server.BaseHttpServer (BaseHttpServer.java:updateConnectorAddress(207)) - HTTP server of HDDSDATANODE is listening at http://0.0.0.0:37503
2019-07-13 12:48:21,510 INFO  ozone.HddsDatanodeService (HddsDatanodeService.java:startPlugins(396)) - Started plug-in org.apache.hadoop.ozone.web.OzoneHddsDatanodeService@a6924ad
2019-07-13 12:48:21,511 INFO  impl.MetricsSystemImpl (MetricsSystemImpl.java:init(158)) - HddsDatanode metrics system started (again)
2019-07-13 12:48:21,511 INFO  ozone.HddsDatanodeService (HddsDatanodeService.java:start(185)) - HddsDatanodeService host:trunk-nightly-q2gwj-1111726333 ip:192.168.5.181
2019-07-13 12:48:21,512 INFO  util.JvmPauseMonitor (JvmPauseMonitor.java:run(188)) - Starting JVM pause monitor
2019-07-13 12:48:21,514 INFO  datanode.InitDatanodeState (InitDatanodeState.java:persistContainerDatanodeDetails(140)) - DatanodeDetails is persisted to /tmp/workdir/hadoop-ozone/integration-test/target/test-dir/MiniOzoneClusterImpl-cb250770-3b56-48ad-9bf9-87237a740c2b/datanode-2/meta/datanode.id
2019-07-13 12:48:21,529 INFO  volume.HddsVolume (HddsVolume.java:<init>(176)) - Creating Volume: /tmp/workdir/hadoop-ozone/integration-test/target/test-dir/MiniOzoneClusterImpl-cb250770-3b56-48ad-9bf9-87237a740c2b/datanode-3/data/containers/hdds of  storage type : DISK and capacity : 52710309888
2019-07-13 12:48:21,530 INFO  volume.VolumeSet (VolumeSet.java:initializeVolumeSet(170)) - Added Volume : /tmp/workdir/hadoop-ozone/integration-test/target/test-dir/MiniOzoneClusterImpl-cb250770-3b56-48ad-9bf9-87237a740c2b/datanode-3/data/containers/hdds to VolumeSet
2019-07-13 12:48:21,530 INFO  volume.ThrottledAsyncChecker (ThrottledAsyncChecker.java:schedule(140)) - Scheduling a check for org.apache.hadoop.ozone.container.common.volume.HddsVolume@12921ee1
2019-07-13 12:48:21,530 INFO  volume.HddsVolumeChecker (HddsVolumeChecker.java:checkAllVolumes(203)) - Scheduled health check for volume org.apache.hadoop.ozone.container.common.volume.HddsVolume@12921ee1
2019-07-13 12:48:21,548 INFO  impl.RaftServerProxy (ConfUtils.java:logGet(43)) - raft.rpc.type = GRPC (default)
2019-07-13 12:48:21,548 INFO  grpc.GrpcFactory (GrpcFactory.java:checkPooledByteBufAllocatorUseCacheForAllThreads(45)) - PERFORMANCE WARNING: useCacheForAllThreads is true that may cause Netty to create a lot garbage objects and, as a result, trigger GC.
	It is recommended to disable useCacheForAllThreads by setting -Dorg.apache.ratis.thirdparty.io.netty.allocator.useCacheForAllThreads=false in command line.
2019-07-13 12:48:21,549 INFO  grpc.GrpcConfigKeys$Server (ConfUtils.java:logGet(43)) - raft.grpc.server.port = 0 (default)
2019-07-13 12:48:21,549 INFO  server.GrpcService (ConfUtils.java:logGet(43)) - raft.grpc.message.size.max = 33570816 (custom)
2019-07-13 12:48:21,549 INFO  server.RaftServerConfigKeys (ConfUtils.java:logGet(43)) - raft.server.log.appender.buffer.byte-limit = 33554432 (custom)
2019-07-13 12:48:21,549 INFO  server.GrpcService (ConfUtils.java:logGet(43)) - raft.grpc.flow.control.window = 1MB (=1048576) (default)
2019-07-13 12:48:21,549 INFO  server.RaftServerConfigKeys (ConfUtils.java:logGet(43)) - raft.server.rpc.request.timeout = 3000ms (default)
2019-07-13 12:48:21,550 INFO  server.RaftServerConfigKeys (ConfUtils.java:logGet(43)) - raft.server.storage.dir = [/tmp/workdir/hadoop-ozone/integration-test/target/test-dir/MiniOzoneClusterImpl-cb250770-3b56-48ad-9bf9-87237a740c2b/datanode-3/data/ratis] (custom)
2019-07-13 12:48:21,550 INFO  replication.SimpleContainerDownloader (SimpleContainerDownloader.java:<init>(72)) - Starting container downloader service to copy containers to replicate.
2019-07-13 12:48:21,555 INFO  hdfs.DFSUtil (DFSUtil.java:httpServerTemplateForNNAndJN(1641)) - Starting Web-server for hddsDatanode at: http://0.0.0.0:0
2019-07-13 12:48:21,557 INFO  server.AuthenticationFilter (AuthenticationFilter.java:constructSecretProvider(240)) - Unable to initialize FileSignerSecretProvider, falling back to use random secrets.
2019-07-13 12:48:21,557 WARN  http.HttpRequestLog (HttpRequestLog.java:getRequestLog(97)) - Jetty request log can only be enabled using Log4j
2019-07-13 12:48:21,558 INFO  http.HttpServer2 (HttpServer2.java:addGlobalFilter(975)) - Added global filter 'safety' (class=org.apache.hadoop.http.HttpServer2$QuotingInputFilter)
2019-07-13 12:48:21,559 INFO  http.HttpServer2 (HttpServer2.java:addFilter(948)) - Added filter static_user_filter (class=org.apache.hadoop.http.lib.StaticUserWebFilter$StaticUserFilter) to context hddsDatanode
2019-07-13 12:48:21,559 INFO  http.HttpServer2 (HttpServer2.java:addFilter(958)) - Added filter static_user_filter (class=org.apache.hadoop.http.lib.StaticUserWebFilter$StaticUserFilter) to context static
2019-07-13 12:48:21,559 INFO  http.HttpServer2 (HttpServer2.java:addFilter(958)) - Added filter static_user_filter (class=org.apache.hadoop.http.lib.StaticUserWebFilter$StaticUserFilter) to context logs
2019-07-13 12:48:21,560 INFO  http.HttpServer2 (HttpServer2.java:bindListener(1191)) - Jetty bound to port 33937
2019-07-13 12:48:21,560 INFO  server.Server (Server.java:doStart(351)) - jetty-9.3.24.v20180605, build timestamp: 2018-06-05T17:11:56Z, git hash: 84205aa28f11a4f31f2a3b86d1bba2cc8ab69827
2019-07-13 12:48:21,561 INFO  handler.ContextHandler (ContextHandler.java:doStart(781)) - Started o.e.j.s.ServletContextHandler@25bd68ea{/logs,file:///tmp/workdir/hadoop-ozone/integration-test/target/log,AVAILABLE}
2019-07-13 12:48:21,562 INFO  handler.ContextHandler (ContextHandler.java:doStart(781)) - Started o.e.j.s.ServletContextHandler@37aec9b{/static,jar:file:/home/user/.m2/repository/org/apache/hadoop/hadoop-hdds-container-service/0.5.0-SNAPSHOT/hadoop-hdds-container-service-0.5.0-SNAPSHOT.jar!/webapps/static,AVAILABLE}
2019-07-13 12:48:21,593 INFO  handler.ContextHandler (ContextHandler.java:doStart(781)) - Started o.e.j.w.WebAppContext@fefd4a2{/,file:///tmp/jetty-0.0.0.0-33937-hddsDatanode-_-any-3460796932333324924.dir/webapp/,AVAILABLE}{/hddsDatanode}
2019-07-13 12:48:21,594 INFO  server.AbstractConnector (AbstractConnector.java:doStart(278)) - Started ServerConnector@6d2693f{HTTP/1.1,[http/1.1]}{0.0.0.0:33937}
2019-07-13 12:48:21,598 INFO  server.Server (Server.java:doStart(419)) - Started @116455ms
2019-07-13 12:48:21,599 INFO  server.BaseHttpServer (BaseHttpServer.java:updateConnectorAddress(207)) - HTTP server of HDDSDATANODE is listening at http://0.0.0.0:33937
2019-07-13 12:48:21,713 INFO  ozone.HddsDatanodeService (HddsDatanodeService.java:startPlugins(396)) - Started plug-in org.apache.hadoop.ozone.web.OzoneHddsDatanodeService@7040d71
2019-07-13 12:48:21,713 INFO  impl.MetricsSystemImpl (MetricsSystemImpl.java:init(158)) - HddsDatanode metrics system started (again)
2019-07-13 12:48:21,714 INFO  ozone.HddsDatanodeService (HddsDatanodeService.java:start(185)) - HddsDatanodeService host:trunk-nightly-q2gwj-1111726333 ip:192.168.5.181
2019-07-13 12:48:21,715 INFO  util.JvmPauseMonitor (JvmPauseMonitor.java:run(188)) - Starting JVM pause monitor
2019-07-13 12:48:21,716 INFO  datanode.InitDatanodeState (InitDatanodeState.java:persistContainerDatanodeDetails(140)) - DatanodeDetails is persisted to /tmp/workdir/hadoop-ozone/integration-test/target/test-dir/MiniOzoneClusterImpl-cb250770-3b56-48ad-9bf9-87237a740c2b/datanode-3/meta/datanode.id
2019-07-13 12:48:21,734 INFO  volume.HddsVolume (HddsVolume.java:<init>(176)) - Creating Volume: /tmp/workdir/hadoop-ozone/integration-test/target/test-dir/MiniOzoneClusterImpl-cb250770-3b56-48ad-9bf9-87237a740c2b/datanode-4/data/containers/hdds of  storage type : DISK and capacity : 52710309888
2019-07-13 12:48:21,735 INFO  volume.VolumeSet (VolumeSet.java:initializeVolumeSet(170)) - Added Volume : /tmp/workdir/hadoop-ozone/integration-test/target/test-dir/MiniOzoneClusterImpl-cb250770-3b56-48ad-9bf9-87237a740c2b/datanode-4/data/containers/hdds to VolumeSet
2019-07-13 12:48:21,735 INFO  volume.ThrottledAsyncChecker (ThrottledAsyncChecker.java:schedule(140)) - Scheduling a check for org.apache.hadoop.ozone.container.common.volume.HddsVolume@137a9d69
2019-07-13 12:48:21,735 INFO  volume.HddsVolumeChecker (HddsVolumeChecker.java:checkAllVolumes(203)) - Scheduled health check for volume org.apache.hadoop.ozone.container.common.volume.HddsVolume@137a9d69
2019-07-13 12:48:21,760 INFO  impl.RaftServerProxy (ConfUtils.java:logGet(43)) - raft.rpc.type = GRPC (default)
2019-07-13 12:48:21,760 INFO  grpc.GrpcFactory (GrpcFactory.java:checkPooledByteBufAllocatorUseCacheForAllThreads(45)) - PERFORMANCE WARNING: useCacheForAllThreads is true that may cause Netty to create a lot garbage objects and, as a result, trigger GC.
	It is recommended to disable useCacheForAllThreads by setting -Dorg.apache.ratis.thirdparty.io.netty.allocator.useCacheForAllThreads=false in command line.
2019-07-13 12:48:21,761 INFO  grpc.GrpcConfigKeys$Server (ConfUtils.java:logGet(43)) - raft.grpc.server.port = 0 (default)
2019-07-13 12:48:21,761 INFO  server.GrpcService (ConfUtils.java:logGet(43)) - raft.grpc.message.size.max = 33570816 (custom)
2019-07-13 12:48:21,761 INFO  server.RaftServerConfigKeys (ConfUtils.java:logGet(43)) - raft.server.log.appender.buffer.byte-limit = 33554432 (custom)
2019-07-13 12:48:21,761 INFO  server.GrpcService (ConfUtils.java:logGet(43)) - raft.grpc.flow.control.window = 1MB (=1048576) (default)
2019-07-13 12:48:21,762 INFO  server.RaftServerConfigKeys (ConfUtils.java:logGet(43)) - raft.server.rpc.request.timeout = 3000ms (default)
2019-07-13 12:48:21,762 INFO  server.RaftServerConfigKeys (ConfUtils.java:logGet(43)) - raft.server.storage.dir = [/tmp/workdir/hadoop-ozone/integration-test/target/test-dir/MiniOzoneClusterImpl-cb250770-3b56-48ad-9bf9-87237a740c2b/datanode-4/data/ratis] (custom)
2019-07-13 12:48:21,763 INFO  replication.SimpleContainerDownloader (SimpleContainerDownloader.java:<init>(72)) - Starting container downloader service to copy containers to replicate.
2019-07-13 12:48:21,764 INFO  hdfs.DFSUtil (DFSUtil.java:httpServerTemplateForNNAndJN(1641)) - Starting Web-server for hddsDatanode at: http://0.0.0.0:0
2019-07-13 12:48:21,766 INFO  server.AuthenticationFilter (AuthenticationFilter.java:constructSecretProvider(240)) - Unable to initialize FileSignerSecretProvider, falling back to use random secrets.
2019-07-13 12:48:21,766 WARN  http.HttpRequestLog (HttpRequestLog.java:getRequestLog(97)) - Jetty request log can only be enabled using Log4j
2019-07-13 12:48:21,767 INFO  http.HttpServer2 (HttpServer2.java:addGlobalFilter(975)) - Added global filter 'safety' (class=org.apache.hadoop.http.HttpServer2$QuotingInputFilter)
2019-07-13 12:48:21,768 INFO  http.HttpServer2 (HttpServer2.java:addFilter(948)) - Added filter static_user_filter (class=org.apache.hadoop.http.lib.StaticUserWebFilter$StaticUserFilter) to context hddsDatanode
2019-07-13 12:48:21,768 INFO  http.HttpServer2 (HttpServer2.java:addFilter(958)) - Added filter static_user_filter (class=org.apache.hadoop.http.lib.StaticUserWebFilter$StaticUserFilter) to context logs
2019-07-13 12:48:21,768 INFO  http.HttpServer2 (HttpServer2.java:addFilter(958)) - Added filter static_user_filter (class=org.apache.hadoop.http.lib.StaticUserWebFilter$StaticUserFilter) to context static
2019-07-13 12:48:21,768 INFO  http.HttpServer2 (HttpServer2.java:bindListener(1191)) - Jetty bound to port 34193
2019-07-13 12:48:21,769 INFO  server.Server (Server.java:doStart(351)) - jetty-9.3.24.v20180605, build timestamp: 2018-06-05T17:11:56Z, git hash: 84205aa28f11a4f31f2a3b86d1bba2cc8ab69827
2019-07-13 12:48:21,770 INFO  handler.ContextHandler (ContextHandler.java:doStart(781)) - Started o.e.j.s.ServletContextHandler@3359217d{/logs,file:///tmp/workdir/hadoop-ozone/integration-test/target/log,AVAILABLE}
2019-07-13 12:48:21,771 INFO  handler.ContextHandler (ContextHandler.java:doStart(781)) - Started o.e.j.s.ServletContextHandler@732ae29c{/static,jar:file:/home/user/.m2/repository/org/apache/hadoop/hadoop-hdds-container-service/0.5.0-SNAPSHOT/hadoop-hdds-container-service-0.5.0-SNAPSHOT.jar!/webapps/static,AVAILABLE}
2019-07-13 12:48:21,798 WARN  server.GrpcLogAppender (LogUtils.java:warn(134)) - 2ce21e82-9fce-4154-8460-38f4062df44e->64ca150a-c620-4294-84e2-4b85544ea83d: Failed appendEntries: org.apache.ratis.thirdparty.io.grpc.StatusRuntimeException: UNAVAILABLE: io exception
2019-07-13 12:48:21,799 WARN  server.GrpcLogAppender (LogUtils.java:warn(134)) - 2ce21e82-9fce-4154-8460-38f4062df44e->cf888fe8-b99d-436a-b792-f838102cda43: Failed appendEntries: org.apache.ratis.thirdparty.io.grpc.StatusRuntimeException: UNAVAILABLE: io exception
2019-07-13 12:48:21,799 INFO  impl.FollowerInfo (FollowerInfo.java:lambda$new$0(50)) - 2ce21e82-9fce-4154-8460-38f4062df44e->64ca150a-c620-4294-84e2-4b85544ea83d: nextIndex: updateUnconditionally 0 -> 0
2019-07-13 12:48:21,799 INFO  impl.FollowerInfo (FollowerInfo.java:lambda$new$0(50)) - 2ce21e82-9fce-4154-8460-38f4062df44e->cf888fe8-b99d-436a-b792-f838102cda43: nextIndex: updateUnconditionally 0 -> 0
2019-07-13 12:48:21,803 INFO  handler.ContextHandler (ContextHandler.java:doStart(781)) - Started o.e.j.w.WebAppContext@770be0d0{/,file:///tmp/jetty-0.0.0.0-34193-hddsDatanode-_-any-6214232643701227354.dir/webapp/,AVAILABLE}{/hddsDatanode}
2019-07-13 12:48:21,803 INFO  server.AbstractConnector (AbstractConnector.java:doStart(278)) - Started ServerConnector@6c54d0dc{HTTP/1.1,[http/1.1]}{0.0.0.0:34193}
2019-07-13 12:48:21,803 INFO  server.Server (Server.java:doStart(419)) - Started @116661ms
2019-07-13 12:48:21,810 INFO  server.BaseHttpServer (BaseHttpServer.java:updateConnectorAddress(207)) - HTTP server of HDDSDATANODE is listening at http://0.0.0.0:34193
2019-07-13 12:48:21,925 INFO  ozone.HddsDatanodeService (HddsDatanodeService.java:startPlugins(396)) - Started plug-in org.apache.hadoop.ozone.web.OzoneHddsDatanodeService@64f1e9f8
2019-07-13 12:48:21,926 INFO  impl.MetricsSystemImpl (MetricsSystemImpl.java:init(158)) - HddsDatanode metrics system started (again)
2019-07-13 12:48:21,926 INFO  ozone.HddsDatanodeService (HddsDatanodeService.java:start(185)) - HddsDatanodeService host:trunk-nightly-q2gwj-1111726333 ip:192.168.5.181
2019-07-13 12:48:21,927 INFO  util.JvmPauseMonitor (JvmPauseMonitor.java:run(188)) - Starting JVM pause monitor
2019-07-13 12:48:21,929 INFO  datanode.InitDatanodeState (InitDatanodeState.java:persistContainerDatanodeDetails(140)) - DatanodeDetails is persisted to /tmp/workdir/hadoop-ozone/integration-test/target/test-dir/MiniOzoneClusterImpl-cb250770-3b56-48ad-9bf9-87237a740c2b/datanode-4/meta/datanode.id
2019-07-13 12:48:21,944 INFO  volume.HddsVolume (HddsVolume.java:<init>(176)) - Creating Volume: /tmp/workdir/hadoop-ozone/integration-test/target/test-dir/MiniOzoneClusterImpl-cb250770-3b56-48ad-9bf9-87237a740c2b/datanode-5/data/containers/hdds of  storage type : DISK and capacity : 52710309888
2019-07-13 12:48:21,944 INFO  volume.VolumeSet (VolumeSet.java:initializeVolumeSet(170)) - Added Volume : /tmp/workdir/hadoop-ozone/integration-test/target/test-dir/MiniOzoneClusterImpl-cb250770-3b56-48ad-9bf9-87237a740c2b/datanode-5/data/containers/hdds to VolumeSet
2019-07-13 12:48:21,944 INFO  volume.ThrottledAsyncChecker (ThrottledAsyncChecker.java:schedule(140)) - Scheduling a check for org.apache.hadoop.ozone.container.common.volume.HddsVolume@4a4352b4
2019-07-13 12:48:21,944 INFO  volume.HddsVolumeChecker (HddsVolumeChecker.java:checkAllVolumes(203)) - Scheduled health check for volume org.apache.hadoop.ozone.container.common.volume.HddsVolume@4a4352b4
2019-07-13 12:48:21,964 INFO  impl.RaftServerProxy (ConfUtils.java:logGet(43)) - raft.rpc.type = GRPC (default)
2019-07-13 12:48:21,965 INFO  grpc.GrpcFactory (GrpcFactory.java:checkPooledByteBufAllocatorUseCacheForAllThreads(45)) - PERFORMANCE WARNING: useCacheForAllThreads is true that may cause Netty to create a lot garbage objects and, as a result, trigger GC.
	It is recommended to disable useCacheForAllThreads by setting -Dorg.apache.ratis.thirdparty.io.netty.allocator.useCacheForAllThreads=false in command line.
2019-07-13 12:48:21,965 INFO  grpc.GrpcConfigKeys$Server (ConfUtils.java:logGet(43)) - raft.grpc.server.port = 0 (default)
2019-07-13 12:48:21,965 INFO  server.GrpcService (ConfUtils.java:logGet(43)) - raft.grpc.message.size.max = 33570816 (custom)
2019-07-13 12:48:21,965 INFO  server.RaftServerConfigKeys (ConfUtils.java:logGet(43)) - raft.server.log.appender.buffer.byte-limit = 33554432 (custom)
2019-07-13 12:48:21,965 INFO  server.GrpcService (ConfUtils.java:logGet(43)) - raft.grpc.flow.control.window = 1MB (=1048576) (default)
2019-07-13 12:48:21,966 INFO  server.RaftServerConfigKeys (ConfUtils.java:logGet(43)) - raft.server.rpc.request.timeout = 3000ms (default)
2019-07-13 12:48:21,966 INFO  server.RaftServerConfigKeys (ConfUtils.java:logGet(43)) - raft.server.storage.dir = [/tmp/workdir/hadoop-ozone/integration-test/target/test-dir/MiniOzoneClusterImpl-cb250770-3b56-48ad-9bf9-87237a740c2b/datanode-5/data/ratis] (custom)
2019-07-13 12:48:21,966 INFO  replication.SimpleContainerDownloader (SimpleContainerDownloader.java:<init>(72)) - Starting container downloader service to copy containers to replicate.
2019-07-13 12:48:21,968 INFO  hdfs.DFSUtil (DFSUtil.java:httpServerTemplateForNNAndJN(1641)) - Starting Web-server for hddsDatanode at: http://0.0.0.0:0
2019-07-13 12:48:21,970 INFO  server.AuthenticationFilter (AuthenticationFilter.java:constructSecretProvider(240)) - Unable to initialize FileSignerSecretProvider, falling back to use random secrets.
2019-07-13 12:48:21,970 WARN  http.HttpRequestLog (HttpRequestLog.java:getRequestLog(97)) - Jetty request log can only be enabled using Log4j
2019-07-13 12:48:21,972 INFO  http.HttpServer2 (HttpServer2.java:addGlobalFilter(975)) - Added global filter 'safety' (class=org.apache.hadoop.http.HttpServer2$QuotingInputFilter)
2019-07-13 12:48:21,973 INFO  http.HttpServer2 (HttpServer2.java:addFilter(948)) - Added filter static_user_filter (class=org.apache.hadoop.http.lib.StaticUserWebFilter$StaticUserFilter) to context hddsDatanode
2019-07-13 12:48:21,973 INFO  http.HttpServer2 (HttpServer2.java:addFilter(958)) - Added filter static_user_filter (class=org.apache.hadoop.http.lib.StaticUserWebFilter$StaticUserFilter) to context logs
2019-07-13 12:48:21,973 INFO  http.HttpServer2 (HttpServer2.java:addFilter(958)) - Added filter static_user_filter (class=org.apache.hadoop.http.lib.StaticUserWebFilter$StaticUserFilter) to context static
2019-07-13 12:48:21,974 INFO  http.HttpServer2 (HttpServer2.java:bindListener(1191)) - Jetty bound to port 38807
2019-07-13 12:48:21,974 INFO  server.Server (Server.java:doStart(351)) - jetty-9.3.24.v20180605, build timestamp: 2018-06-05T17:11:56Z, git hash: 84205aa28f11a4f31f2a3b86d1bba2cc8ab69827
2019-07-13 12:48:21,977 INFO  handler.ContextHandler (ContextHandler.java:doStart(781)) - Started o.e.j.s.ServletContextHandler@135f760a{/logs,file:///tmp/workdir/hadoop-ozone/integration-test/target/log,AVAILABLE}
2019-07-13 12:48:21,977 INFO  handler.ContextHandler (ContextHandler.java:doStart(781)) - Started o.e.j.s.ServletContextHandler@730611a0{/static,jar:file:/home/user/.m2/repository/org/apache/hadoop/hadoop-hdds-container-service/0.5.0-SNAPSHOT/hadoop-hdds-container-service-0.5.0-SNAPSHOT.jar!/webapps/static,AVAILABLE}
2019-07-13 12:48:22,024 INFO  handler.ContextHandler (ContextHandler.java:doStart(781)) - Started o.e.j.w.WebAppContext@f14d079{/,file:///tmp/jetty-0.0.0.0-38807-hddsDatanode-_-any-7139650138019790002.dir/webapp/,AVAILABLE}{/hddsDatanode}
2019-07-13 12:48:22,025 INFO  server.AbstractConnector (AbstractConnector.java:doStart(278)) - Started ServerConnector@d0456ad{HTTP/1.1,[http/1.1]}{0.0.0.0:38807}
2019-07-13 12:48:22,030 INFO  server.Server (Server.java:doStart(419)) - Started @116887ms
2019-07-13 12:48:22,031 INFO  server.BaseHttpServer (BaseHttpServer.java:updateConnectorAddress(207)) - HTTP server of HDDSDATANODE is listening at http://0.0.0.0:38807
2019-07-13 12:48:22,145 INFO  ozone.HddsDatanodeService (HddsDatanodeService.java:startPlugins(396)) - Started plug-in org.apache.hadoop.ozone.web.OzoneHddsDatanodeService@24489d12
2019-07-13 12:48:22,145 INFO  impl.MetricsSystemImpl (MetricsSystemImpl.java:init(158)) - HddsDatanode metrics system started (again)
2019-07-13 12:48:22,146 INFO  ozone.HddsDatanodeService (HddsDatanodeService.java:start(185)) - HddsDatanodeService host:trunk-nightly-q2gwj-1111726333 ip:192.168.5.181
2019-07-13 12:48:22,147 INFO  util.JvmPauseMonitor (JvmPauseMonitor.java:run(188)) - Starting JVM pause monitor
2019-07-13 12:48:22,148 INFO  datanode.InitDatanodeState (InitDatanodeState.java:persistContainerDatanodeDetails(140)) - DatanodeDetails is persisted to /tmp/workdir/hadoop-ozone/integration-test/target/test-dir/MiniOzoneClusterImpl-cb250770-3b56-48ad-9bf9-87237a740c2b/datanode-5/meta/datanode.id
2019-07-13 12:48:22,165 INFO  volume.HddsVolume (HddsVolume.java:<init>(176)) - Creating Volume: /tmp/workdir/hadoop-ozone/integration-test/target/test-dir/MiniOzoneClusterImpl-cb250770-3b56-48ad-9bf9-87237a740c2b/datanode-6/data/containers/hdds of  storage type : DISK and capacity : 52710309888
2019-07-13 12:48:22,166 INFO  volume.VolumeSet (VolumeSet.java:initializeVolumeSet(170)) - Added Volume : /tmp/workdir/hadoop-ozone/integration-test/target/test-dir/MiniOzoneClusterImpl-cb250770-3b56-48ad-9bf9-87237a740c2b/datanode-6/data/containers/hdds to VolumeSet
2019-07-13 12:48:22,166 INFO  volume.ThrottledAsyncChecker (ThrottledAsyncChecker.java:schedule(140)) - Scheduling a check for org.apache.hadoop.ozone.container.common.volume.HddsVolume@19e03398
2019-07-13 12:48:22,166 INFO  volume.HddsVolumeChecker (HddsVolumeChecker.java:checkAllVolumes(203)) - Scheduled health check for volume org.apache.hadoop.ozone.container.common.volume.HddsVolume@19e03398
2019-07-13 12:48:22,188 INFO  impl.RaftServerProxy (ConfUtils.java:logGet(43)) - raft.rpc.type = GRPC (default)
2019-07-13 12:48:22,188 INFO  grpc.GrpcFactory (GrpcFactory.java:checkPooledByteBufAllocatorUseCacheForAllThreads(45)) - PERFORMANCE WARNING: useCacheForAllThreads is true that may cause Netty to create a lot garbage objects and, as a result, trigger GC.
	It is recommended to disable useCacheForAllThreads by setting -Dorg.apache.ratis.thirdparty.io.netty.allocator.useCacheForAllThreads=false in command line.
2019-07-13 12:48:22,188 INFO  grpc.GrpcConfigKeys$Server (ConfUtils.java:logGet(43)) - raft.grpc.server.port = 0 (default)
2019-07-13 12:48:22,188 INFO  server.GrpcService (ConfUtils.java:logGet(43)) - raft.grpc.message.size.max = 33570816 (custom)
2019-07-13 12:48:22,189 INFO  server.RaftServerConfigKeys (ConfUtils.java:logGet(43)) - raft.server.log.appender.buffer.byte-limit = 33554432 (custom)
2019-07-13 12:48:22,189 INFO  server.GrpcService (ConfUtils.java:logGet(43)) - raft.grpc.flow.control.window = 1MB (=1048576) (default)
2019-07-13 12:48:22,189 INFO  server.RaftServerConfigKeys (ConfUtils.java:logGet(43)) - raft.server.rpc.request.timeout = 3000ms (default)
2019-07-13 12:48:22,190 INFO  server.RaftServerConfigKeys (ConfUtils.java:logGet(43)) - raft.server.storage.dir = [/tmp/workdir/hadoop-ozone/integration-test/target/test-dir/MiniOzoneClusterImpl-cb250770-3b56-48ad-9bf9-87237a740c2b/datanode-6/data/ratis] (custom)
2019-07-13 12:48:22,190 INFO  replication.SimpleContainerDownloader (SimpleContainerDownloader.java:<init>(72)) - Starting container downloader service to copy containers to replicate.
2019-07-13 12:48:22,191 INFO  hdfs.DFSUtil (DFSUtil.java:httpServerTemplateForNNAndJN(1641)) - Starting Web-server for hddsDatanode at: http://0.0.0.0:0
2019-07-13 12:48:22,192 INFO  server.AuthenticationFilter (AuthenticationFilter.java:constructSecretProvider(240)) - Unable to initialize FileSignerSecretProvider, falling back to use random secrets.
2019-07-13 12:48:22,193 WARN  http.HttpRequestLog (HttpRequestLog.java:getRequestLog(97)) - Jetty request log can only be enabled using Log4j
2019-07-13 12:48:22,194 INFO  http.HttpServer2 (HttpServer2.java:addGlobalFilter(975)) - Added global filter 'safety' (class=org.apache.hadoop.http.HttpServer2$QuotingInputFilter)
2019-07-13 12:48:22,194 INFO  http.HttpServer2 (HttpServer2.java:addFilter(948)) - Added filter static_user_filter (class=org.apache.hadoop.http.lib.StaticUserWebFilter$StaticUserFilter) to context hddsDatanode
2019-07-13 12:48:22,195 INFO  http.HttpServer2 (HttpServer2.java:addFilter(958)) - Added filter static_user_filter (class=org.apache.hadoop.http.lib.StaticUserWebFilter$StaticUserFilter) to context static
2019-07-13 12:48:22,195 INFO  http.HttpServer2 (HttpServer2.java:addFilter(958)) - Added filter static_user_filter (class=org.apache.hadoop.http.lib.StaticUserWebFilter$StaticUserFilter) to context logs
2019-07-13 12:48:22,195 INFO  http.HttpServer2 (HttpServer2.java:bindListener(1191)) - Jetty bound to port 40344
2019-07-13 12:48:22,196 INFO  server.Server (Server.java:doStart(351)) - jetty-9.3.24.v20180605, build timestamp: 2018-06-05T17:11:56Z, git hash: 84205aa28f11a4f31f2a3b86d1bba2cc8ab69827
2019-07-13 12:48:22,197 INFO  handler.ContextHandler (ContextHandler.java:doStart(781)) - Started o.e.j.s.ServletContextHandler@7bc46dde{/logs,file:///tmp/workdir/hadoop-ozone/integration-test/target/log,AVAILABLE}
2019-07-13 12:48:22,198 INFO  handler.ContextHandler (ContextHandler.java:doStart(781)) - Started o.e.j.s.ServletContextHandler@32dc895e{/static,jar:file:/home/user/.m2/repository/org/apache/hadoop/hadoop-hdds-container-service/0.5.0-SNAPSHOT/hadoop-hdds-container-service-0.5.0-SNAPSHOT.jar!/webapps/static,AVAILABLE}
2019-07-13 12:48:22,226 INFO  handler.ContextHandler (ContextHandler.java:doStart(781)) - Started o.e.j.w.WebAppContext@680408ac{/,file:///tmp/jetty-0.0.0.0-40344-hddsDatanode-_-any-5270388845000638850.dir/webapp/,AVAILABLE}{/hddsDatanode}
2019-07-13 12:48:22,226 INFO  server.AbstractConnector (AbstractConnector.java:doStart(278)) - Started ServerConnector@73cd3b8{HTTP/1.1,[http/1.1]}{0.0.0.0:40344}
2019-07-13 12:48:22,226 INFO  server.Server (Server.java:doStart(419)) - Started @117083ms
2019-07-13 12:48:22,232 INFO  server.BaseHttpServer (BaseHttpServer.java:updateConnectorAddress(207)) - HTTP server of HDDSDATANODE is listening at http://0.0.0.0:40344
2019-07-13 12:48:22,337 INFO  ozone.HddsDatanodeService (HddsDatanodeService.java:startPlugins(396)) - Started plug-in org.apache.hadoop.ozone.web.OzoneHddsDatanodeService@21139739
2019-07-13 12:48:22,338 INFO  ozone.MiniOzoneClusterImpl (MiniOzoneClusterImpl.java:lambda$waitForClusterToBeReady$0(142)) - Waiting for cluster to be ready. Got 0 of 7 DN Heartbeats.
2019-07-13 12:48:22,339 INFO  util.JvmPauseMonitor (JvmPauseMonitor.java:run(188)) - Starting JVM pause monitor
2019-07-13 12:48:22,340 INFO  datanode.InitDatanodeState (InitDatanodeState.java:persistContainerDatanodeDetails(140)) - DatanodeDetails is persisted to /tmp/workdir/hadoop-ozone/integration-test/target/test-dir/MiniOzoneClusterImpl-cb250770-3b56-48ad-9bf9-87237a740c2b/datanode-6/meta/datanode.id
2019-07-13 12:48:22,965 INFO  ozoneimpl.OzoneContainer (OzoneContainer.java:start(186)) - Attempting to start container services.
2019-07-13 12:48:22,965 INFO  ozoneimpl.OzoneContainer (OzoneContainer.java:startContainerScrub(160)) - Background container scrubber has been disabled by hdds.containerscrub.enabled
2019-07-13 12:48:22,965 INFO  ratis.XceiverServerRatis (XceiverServerRatis.java:start(418)) - Starting XceiverServerRatis 99d33be7-8f1f-4425-a9ea-5c6d733bfb25 at port 0
2019-07-13 12:48:22,973 INFO  impl.RaftServerProxy (RaftServerProxy.java:lambda$start$3(299)) - 99d33be7-8f1f-4425-a9ea-5c6d733bfb25: start RPC server
2019-07-13 12:48:22,974 INFO  server.GrpcService (GrpcService.java:startImpl(149)) - 99d33be7-8f1f-4425-a9ea-5c6d733bfb25: GrpcService started, listening on 0.0.0.0/0.0.0.0:41158
2019-07-13 12:48:22,975 INFO  ratis.XceiverServerRatis (XceiverServerRatis.java:start(428)) - XceiverServerRatis 99d33be7-8f1f-4425-a9ea-5c6d733bfb25 is started using port 41158
2019-07-13 12:48:22,975 INFO  server.XceiverServerGrpc (XceiverServerGrpc.java:start(161)) - XceiverServerGrpc 99d33be7-8f1f-4425-a9ea-5c6d733bfb25 is started using port 42174
2019-07-13 12:48:23,330 INFO  ozoneimpl.OzoneContainer (OzoneContainer.java:start(186)) - Attempting to start container services.
2019-07-13 12:48:23,331 INFO  ozoneimpl.OzoneContainer (OzoneContainer.java:startContainerScrub(160)) - Background container scrubber has been disabled by hdds.containerscrub.enabled
2019-07-13 12:48:23,331 INFO  ratis.XceiverServerRatis (XceiverServerRatis.java:start(418)) - Starting XceiverServerRatis 97b855ae-4e7d-4840-b8ac-c0f8fb221986 at port 0
2019-07-13 12:48:23,338 INFO  ozone.MiniOzoneClusterImpl (MiniOzoneClusterImpl.java:lambda$waitForClusterToBeReady$0(142)) - Waiting for cluster to be ready. Got 0 of 7 DN Heartbeats.
2019-07-13 12:48:23,339 INFO  impl.RaftServerProxy (RaftServerProxy.java:lambda$start$3(299)) - 97b855ae-4e7d-4840-b8ac-c0f8fb221986: start RPC server
2019-07-13 12:48:23,346 INFO  server.GrpcService (GrpcService.java:startImpl(149)) - 97b855ae-4e7d-4840-b8ac-c0f8fb221986: GrpcService started, listening on 0.0.0.0/0.0.0.0:42626
2019-07-13 12:48:23,346 INFO  ratis.XceiverServerRatis (XceiverServerRatis.java:start(428)) - XceiverServerRatis 97b855ae-4e7d-4840-b8ac-c0f8fb221986 is started using port 42626
2019-07-13 12:48:23,351 INFO  server.XceiverServerGrpc (XceiverServerGrpc.java:start(161)) - XceiverServerGrpc 97b855ae-4e7d-4840-b8ac-c0f8fb221986 is started using port 34914
2019-07-13 12:48:23,531 INFO  ozoneimpl.OzoneContainer (OzoneContainer.java:start(186)) - Attempting to start container services.
2019-07-13 12:48:23,532 INFO  ozoneimpl.OzoneContainer (OzoneContainer.java:startContainerScrub(160)) - Background container scrubber has been disabled by hdds.containerscrub.enabled
2019-07-13 12:48:23,532 INFO  ratis.XceiverServerRatis (XceiverServerRatis.java:start(418)) - Starting XceiverServerRatis 808d6bbb-af2b-4565-9924-f91b24251636 at port 0
2019-07-13 12:48:23,539 INFO  impl.RaftServerProxy (RaftServerProxy.java:lambda$start$3(299)) - 808d6bbb-af2b-4565-9924-f91b24251636: start RPC server
2019-07-13 12:48:23,540 INFO  server.GrpcService (GrpcService.java:startImpl(149)) - 808d6bbb-af2b-4565-9924-f91b24251636: GrpcService started, listening on 0.0.0.0/0.0.0.0:43298
2019-07-13 12:48:23,540 INFO  ratis.XceiverServerRatis (XceiverServerRatis.java:start(428)) - XceiverServerRatis 808d6bbb-af2b-4565-9924-f91b24251636 is started using port 43298
2019-07-13 12:48:23,541 INFO  server.XceiverServerGrpc (XceiverServerGrpc.java:start(161)) - XceiverServerGrpc 808d6bbb-af2b-4565-9924-f91b24251636 is started using port 43528
2019-07-13 12:48:23,721 INFO  ozoneimpl.OzoneContainer (OzoneContainer.java:start(186)) - Attempting to start container services.
2019-07-13 12:48:23,721 INFO  ozoneimpl.OzoneContainer (OzoneContainer.java:startContainerScrub(160)) - Background container scrubber has been disabled by hdds.containerscrub.enabled
2019-07-13 12:48:23,721 INFO  ratis.XceiverServerRatis (XceiverServerRatis.java:start(418)) - Starting XceiverServerRatis 1d4c94a4-799e-479c-ac36-811ba7ef20cf at port 0
2019-07-13 12:48:23,730 INFO  impl.RaftServerProxy (RaftServerProxy.java:lambda$start$3(299)) - 1d4c94a4-799e-479c-ac36-811ba7ef20cf: start RPC server
2019-07-13 12:48:23,730 INFO  server.GrpcService (GrpcService.java:startImpl(149)) - 1d4c94a4-799e-479c-ac36-811ba7ef20cf: GrpcService started, listening on 0.0.0.0/0.0.0.0:38846
2019-07-13 12:48:23,731 INFO  ratis.XceiverServerRatis (XceiverServerRatis.java:start(428)) - XceiverServerRatis 1d4c94a4-799e-479c-ac36-811ba7ef20cf is started using port 38846
2019-07-13 12:48:23,731 INFO  server.XceiverServerGrpc (XceiverServerGrpc.java:start(161)) - XceiverServerGrpc 1d4c94a4-799e-479c-ac36-811ba7ef20cf is started using port 34307
2019-07-13 12:48:23,940 INFO  ozoneimpl.OzoneContainer (OzoneContainer.java:start(186)) - Attempting to start container services.
2019-07-13 12:48:23,940 INFO  ozoneimpl.OzoneContainer (OzoneContainer.java:startContainerScrub(160)) - Background container scrubber has been disabled by hdds.containerscrub.enabled
2019-07-13 12:48:23,940 INFO  ratis.XceiverServerRatis (XceiverServerRatis.java:start(418)) - Starting XceiverServerRatis cab6b129-9351-4254-994a-da312a3a076e at port 0
2019-07-13 12:48:23,948 INFO  impl.RaftServerProxy (RaftServerProxy.java:lambda$start$3(299)) - cab6b129-9351-4254-994a-da312a3a076e: start RPC server
2019-07-13 12:48:23,949 INFO  server.GrpcService (GrpcService.java:startImpl(149)) - cab6b129-9351-4254-994a-da312a3a076e: GrpcService started, listening on 0.0.0.0/0.0.0.0:44125
2019-07-13 12:48:23,949 INFO  ratis.XceiverServerRatis (XceiverServerRatis.java:start(428)) - XceiverServerRatis cab6b129-9351-4254-994a-da312a3a076e is started using port 44125
2019-07-13 12:48:23,958 INFO  server.XceiverServerGrpc (XceiverServerGrpc.java:start(161)) - XceiverServerGrpc cab6b129-9351-4254-994a-da312a3a076e is started using port 40433
2019-07-13 12:48:24,153 INFO  ozoneimpl.OzoneContainer (OzoneContainer.java:start(186)) - Attempting to start container services.
2019-07-13 12:48:24,153 INFO  ozoneimpl.OzoneContainer (OzoneContainer.java:startContainerScrub(160)) - Background container scrubber has been disabled by hdds.containerscrub.enabled
2019-07-13 12:48:24,153 INFO  ratis.XceiverServerRatis (XceiverServerRatis.java:start(418)) - Starting XceiverServerRatis ff33fd3b-906a-4e09-b6cf-423d87ab46a8 at port 0
2019-07-13 12:48:24,161 INFO  impl.RaftServerProxy (RaftServerProxy.java:lambda$start$3(299)) - ff33fd3b-906a-4e09-b6cf-423d87ab46a8: start RPC server
2019-07-13 12:48:24,170 INFO  server.GrpcService (GrpcService.java:startImpl(149)) - ff33fd3b-906a-4e09-b6cf-423d87ab46a8: GrpcService started, listening on 0.0.0.0/0.0.0.0:42601
2019-07-13 12:48:24,170 INFO  ratis.XceiverServerRatis (XceiverServerRatis.java:start(428)) - XceiverServerRatis ff33fd3b-906a-4e09-b6cf-423d87ab46a8 is started using port 42601
2019-07-13 12:48:24,176 INFO  server.XceiverServerGrpc (XceiverServerGrpc.java:start(161)) - XceiverServerGrpc ff33fd3b-906a-4e09-b6cf-423d87ab46a8 is started using port 45562
2019-07-13 12:48:24,293 WARN  server.GrpcLogAppender (LogUtils.java:warn(134)) - 2ce21e82-9fce-4154-8460-38f4062df44e->64ca150a-c620-4294-84e2-4b85544ea83d: Failed appendEntries: org.apache.ratis.thirdparty.io.grpc.StatusRuntimeException: UNAVAILABLE: io exception
2019-07-13 12:48:24,293 INFO  impl.FollowerInfo (FollowerInfo.java:lambda$new$0(50)) - 2ce21e82-9fce-4154-8460-38f4062df44e->64ca150a-c620-4294-84e2-4b85544ea83d: nextIndex: updateUnconditionally 0 -> 0
2019-07-13 12:48:24,300 WARN  server.GrpcLogAppender (LogUtils.java:warn(134)) - 2ce21e82-9fce-4154-8460-38f4062df44e->cf888fe8-b99d-436a-b792-f838102cda43: Failed appendEntries: org.apache.ratis.thirdparty.io.grpc.StatusRuntimeException: UNAVAILABLE: io exception
2019-07-13 12:48:24,300 INFO  impl.FollowerInfo (FollowerInfo.java:lambda$new$0(50)) - 2ce21e82-9fce-4154-8460-38f4062df44e->cf888fe8-b99d-436a-b792-f838102cda43: nextIndex: updateUnconditionally 0 -> 0
2019-07-13 12:48:24,338 INFO  ozone.MiniOzoneClusterImpl (MiniOzoneClusterImpl.java:lambda$waitForClusterToBeReady$0(142)) - Waiting for cluster to be ready. Got 0 of 7 DN Heartbeats.
2019-07-13 12:48:24,352 INFO  ozoneimpl.OzoneContainer (OzoneContainer.java:start(186)) - Attempting to start container services.
2019-07-13 12:48:24,352 INFO  ozoneimpl.OzoneContainer (OzoneContainer.java:startContainerScrub(160)) - Background container scrubber has been disabled by hdds.containerscrub.enabled
2019-07-13 12:48:24,352 INFO  ratis.XceiverServerRatis (XceiverServerRatis.java:start(418)) - Starting XceiverServerRatis d83a3ddf-ce88-43e4-a076-450f54b3acee at port 0
2019-07-13 12:48:24,360 INFO  impl.RaftServerProxy (RaftServerProxy.java:lambda$start$3(299)) - d83a3ddf-ce88-43e4-a076-450f54b3acee: start RPC server
2019-07-13 12:48:24,408 INFO  server.GrpcService (GrpcService.java:startImpl(149)) - d83a3ddf-ce88-43e4-a076-450f54b3acee: GrpcService started, listening on 0.0.0.0/0.0.0.0:45557
2019-07-13 12:48:24,409 INFO  ratis.XceiverServerRatis (XceiverServerRatis.java:start(428)) - XceiverServerRatis d83a3ddf-ce88-43e4-a076-450f54b3acee is started using port 45557
2019-07-13 12:48:24,409 INFO  server.XceiverServerGrpc (XceiverServerGrpc.java:start(161)) - XceiverServerGrpc d83a3ddf-ce88-43e4-a076-450f54b3acee is started using port 34862
2019-07-13 12:48:24,944 INFO  net.NetworkTopology (NetworkTopologyImpl.java:add(110)) - Added a new node: /default-rack/192.168.5.181
2019-07-13 12:48:24,951 INFO  node.SCMNodeManager (SCMNodeManager.java:register(269)) - Registered Data node : 99d33be7-8f1f-4425-a9ea-5c6d733bfb25{ip: 192.168.5.181, host: trunk-nightly-q2gwj-1111726333, networkLocation: /default-rack, certSerialId: null}
2019-07-13 12:48:24,952 INFO  safemode.SCMSafeModeManager (DataNodeSafeModeRule.java:process(71)) - SCM in safe mode. 1 DataNodes registered, 1 required.
2019-07-13 12:48:24,959 INFO  safemode.SCMSafeModeManager (SCMSafeModeManager.java:validateSafeModeExitRules(177)) - ScmSafeModeManager, all rules are successfully validated
2019-07-13 12:48:24,959 INFO  safemode.SCMSafeModeManager (SCMSafeModeManager.java:exitSafeMode(193)) - SCM exiting safe mode.
2019-07-13 12:48:24,974 INFO  impl.RaftServerProxy (RaftServerProxy.java:addNew(89)) - 99d33be7-8f1f-4425-a9ea-5c6d733bfb25: addNew group-903545B412DE:[99d33be7-8f1f-4425-a9ea-5c6d733bfb25:192.168.5.181:41158] returns group-903545B412DE:java.util.concurrent.CompletableFuture@4e426a65[Not completed]
2019-07-13 12:48:24,976 INFO  impl.RaftServerImpl (RaftServerImpl.java:<init>(93)) - 99d33be7-8f1f-4425-a9ea-5c6d733bfb25: new RaftServerImpl for group-903545B412DE:[99d33be7-8f1f-4425-a9ea-5c6d733bfb25:192.168.5.181:41158] with ContainerStateMachine:uninitialized
2019-07-13 12:48:24,976 INFO  server.RaftServerConfigKeys (ConfUtils.java:logGet(43)) - raft.server.rpc.timeout.min = 5s (custom)
2019-07-13 12:48:24,976 INFO  server.RaftServerConfigKeys (ConfUtils.java:logGet(43)) - raft.server.rpc.timeout.max = 5200ms (custom)
2019-07-13 12:48:24,976 INFO  server.RaftServerConfigKeys (ConfUtils.java:logGet(43)) - raft.server.rpcslowness.timeout = 120s (custom)
2019-07-13 12:48:24,976 INFO  server.RaftServerConfigKeys (ConfUtils.java:logGet(43)) - raft.server.sleep.deviation.threshold = 300 (default)
2019-07-13 12:48:24,977 INFO  server.RaftServerConfigKeys (ConfUtils.java:logGet(43)) - raft.server.log.appender.install.snapshot.enabled = false (custom)
2019-07-13 12:48:24,977 INFO  impl.RaftServerImpl (ServerState.java:<init>(105)) - 99d33be7-8f1f-4425-a9ea-5c6d733bfb25:group-903545B412DE ConfigurationManager, init=-1: [99d33be7-8f1f-4425-a9ea-5c6d733bfb25:192.168.5.181:41158], old=null, confs=<EMPTY_MAP>
2019-07-13 12:48:24,977 INFO  server.RaftServerConfigKeys (ConfUtils.java:logGet(43)) - raft.server.storage.dir = [/tmp/workdir/hadoop-ozone/integration-test/target/test-dir/MiniOzoneClusterImpl-cb250770-3b56-48ad-9bf9-87237a740c2b/datanode-0/data/ratis] (custom)
2019-07-13 12:48:24,978 INFO  storage.RaftStorageDirectory (RaftStorageDirectory.java:analyzeStorage(246)) - The storage directory /tmp/workdir/hadoop-ozone/integration-test/target/test-dir/MiniOzoneClusterImpl-cb250770-3b56-48ad-9bf9-87237a740c2b/datanode-0/data/ratis/27f6de74-7848-42c2-854a-903545b412de does not exist. Creating ...
2019-07-13 12:48:24,991 INFO  storage.RaftStorageDirectory (RaftStorageDirectory.java:tryLock(328)) - Lock on /tmp/workdir/hadoop-ozone/integration-test/target/test-dir/MiniOzoneClusterImpl-cb250770-3b56-48ad-9bf9-87237a740c2b/datanode-0/data/ratis/27f6de74-7848-42c2-854a-903545b412de/in_use.lock acquired by nodename 28904@trunk-nightly-q2gwj-1111726333
2019-07-13 12:48:24,995 INFO  storage.RaftStorage (RaftStorage.java:format(72)) - Storage directory /tmp/workdir/hadoop-ozone/integration-test/target/test-dir/MiniOzoneClusterImpl-cb250770-3b56-48ad-9bf9-87237a740c2b/datanode-0/data/ratis/27f6de74-7848-42c2-854a-903545b412de has been successfully formatted.
2019-07-13 12:48:24,995 INFO  ratis.ContainerStateMachine (ContainerStateMachine.java:loadSnapshot(200)) - The snapshot info is null.Setting the last applied index to:(t:0, i:~)
2019-07-13 12:48:24,996 INFO  server.RaftServerConfigKeys (ConfUtils.java:logGet(43)) - raft.server.leader.election.timeout = 120s (custom)
2019-07-13 12:48:24,996 INFO  server.RaftServerConfigKeys (ConfUtils.java:logGet(43)) - raft.server.log.use.memory = false (default)
2019-07-13 12:48:24,996 INFO  server.RaftServerConfigKeys (ConfUtils.java:logGet(43)) - raft.server.log.purge.gap = 1000000000 (custom)
2019-07-13 12:48:24,996 INFO  server.RaftServerConfigKeys (ConfUtils.java:logGet(43)) - raft.server.log.appender.buffer.byte-limit = 33554432 (custom)
2019-07-13 12:48:24,997 INFO  server.RaftServerConfigKeys (ConfUtils.java:logGet(43)) - raft.server.log.segment.size.max = 1048576 (custom)
2019-07-13 12:48:24,997 INFO  server.RaftServerConfigKeys (ConfUtils.java:logGet(43)) - raft.server.log.segment.cache.num.max = 2 (custom)
2019-07-13 12:48:24,997 INFO  segmented.SegmentedRaftLogWorker (SegmentedRaftLogWorker.java:<init>(172)) - new 99d33be7-8f1f-4425-a9ea-5c6d733bfb25-SegmentedRaftLogWorker:Storage Directory /tmp/workdir/hadoop-ozone/integration-test/target/test-dir/MiniOzoneClusterImpl-cb250770-3b56-48ad-9bf9-87237a740c2b/datanode-0/data/ratis/27f6de74-7848-42c2-854a-903545b412de for RaftStorage:Storage Directory /tmp/workdir/hadoop-ozone/integration-test/target/test-dir/MiniOzoneClusterImpl-cb250770-3b56-48ad-9bf9-87237a740c2b/datanode-0/data/ratis/27f6de74-7848-42c2-854a-903545b412de
2019-07-13 12:48:24,998 INFO  server.RaftServerConfigKeys (ConfUtils.java:logGet(43)) - raft.server.log.queue.byte-limit = 2147483647 (custom)
2019-07-13 12:48:24,998 INFO  server.RaftServerConfigKeys (ConfUtils.java:logGet(43)) - raft.server.log.queue.element-limit = 1024 (custom)
2019-07-13 12:48:24,999 INFO  server.RaftServerConfigKeys (ConfUtils.java:logGet(43)) - raft.server.log.segment.size.max = 1048576 (custom)
2019-07-13 12:48:24,999 INFO  server.RaftServerConfigKeys (ConfUtils.java:logGet(43)) - raft.server.log.preallocated.size = 16384 (custom)
2019-07-13 12:48:24,999 INFO  server.RaftServerConfigKeys (ConfUtils.java:logGet(43)) - raft.server.log.write.buffer.size = 33554432 (custom)
2019-07-13 12:48:24,999 INFO  server.RaftServerConfigKeys (ConfUtils.java:logGet(43)) - raft.server.log.force.sync.num = 128 (default)
2019-07-13 12:48:25,000 INFO  server.RaftServerConfigKeys (ConfUtils.java:logGet(43)) - raft.server.log.statemachine.data.sync = true (default)
2019-07-13 12:48:25,000 INFO  server.RaftServerConfigKeys (ConfUtils.java:logGet(43)) - raft.server.log.statemachine.data.sync.timeout = 10s (default)
2019-07-13 12:48:25,000 INFO  server.RaftServerConfigKeys (ConfUtils.java:logGet(43)) - raft.server.log.statemachine.data.sync.timeout.retry = -1 (default)
2019-07-13 12:48:25,001 INFO  server.RaftServerConfigKeys (ConfUtils.java:logGet(43)) - raft.server.log.statemachine.data.caching.enabled = true (custom)
2019-07-13 12:48:25,001 INFO  segmented.SegmentedRaftLogWorker (SegmentedRaftLogWorker.java:lambda$new$0(132)) - 99d33be7-8f1f-4425-a9ea-5c6d733bfb25-SegmentedRaftLogWorker:Storage Directory /tmp/workdir/hadoop-ozone/integration-test/target/test-dir/MiniOzoneClusterImpl-cb250770-3b56-48ad-9bf9-87237a740c2b/datanode-0/data/ratis/27f6de74-7848-42c2-854a-903545b412de: flushIndex: setUnconditionally 0 -> -1
2019-07-13 12:48:25,002 INFO  server.RaftServerConfigKeys (ConfUtils.java:logGet(43)) - raft.server.snapshot.auto.trigger.enabled = true (custom)
2019-07-13 12:48:25,002 INFO  server.RaftServerConfigKeys (ConfUtils.java:logGet(43)) - raft.server.snapshot.auto.trigger.threshold = 10000 (custom)
2019-07-13 12:48:25,002 INFO  server.RaftServerConfigKeys (ConfUtils.java:logGet(43)) - raft.server.retrycache.expirytime = 600000ms (custom)
2019-07-13 12:48:25,002 INFO  impl.RaftServerImpl (RaftServerImpl.java:start(180)) - 99d33be7-8f1f-4425-a9ea-5c6d733bfb25: start group-903545B412DE
2019-07-13 12:48:25,002 INFO  impl.RaftServerImpl (RaftServerImpl.java:setRole(171)) - 99d33be7-8f1f-4425-a9ea-5c6d733bfb25:group-903545B412DE changes role from null to FOLLOWER at term 0 for startAsFollower
2019-07-13 12:48:25,003 INFO  impl.RoleInfo (RoleInfo.java:updateAndGet(143)) - 99d33be7-8f1f-4425-a9ea-5c6d733bfb25: start FollowerState
2019-07-13 12:48:25,003 INFO  util.JmxRegister (JmxRegister.java:tryRegister(44)) - Successfully registered JMX Bean with object name Ratis:service=RaftServer,group=group-903545B412DE,id=99d33be7-8f1f-4425-a9ea-5c6d733bfb25
2019-07-13 12:48:25,006 INFO  pipeline.PipelineStateManager (PipelineStateManager.java:addPipeline(56)) - Created pipeline Pipeline[ Id: 27f6de74-7848-42c2-854a-903545b412de, Nodes: 99d33be7-8f1f-4425-a9ea-5c6d733bfb25{ip: 192.168.5.181, host: trunk-nightly-q2gwj-1111726333, networkLocation: /default-rack, certSerialId: null}, Type:RATIS, Factor:ONE, State:OPEN]
2019-07-13 12:48:25,326 INFO  node.SCMNodeManager (SCMNodeManager.java:register(269)) - Registered Data node : 97b855ae-4e7d-4840-b8ac-c0f8fb221986{ip: 192.168.5.181, host: trunk-nightly-q2gwj-1111726333, networkLocation: /default-rack, certSerialId: null}
2019-07-13 12:48:25,340 INFO  ozone.MiniOzoneClusterImpl (MiniOzoneClusterImpl.java:lambda$waitForClusterToBeReady$0(142)) - Waiting for cluster to be ready. Got 2 of 7 DN Heartbeats.
2019-07-13 12:48:25,340 INFO  impl.RaftServerProxy (RaftServerProxy.java:addNew(89)) - 97b855ae-4e7d-4840-b8ac-c0f8fb221986: addNew group-3622514AC6AE:[97b855ae-4e7d-4840-b8ac-c0f8fb221986:192.168.5.181:42626] returns group-3622514AC6AE:java.util.concurrent.CompletableFuture@514304e6[Not completed]
2019-07-13 12:48:25,341 INFO  impl.RaftServerImpl (RaftServerImpl.java:<init>(93)) - 97b855ae-4e7d-4840-b8ac-c0f8fb221986: new RaftServerImpl for group-3622514AC6AE:[97b855ae-4e7d-4840-b8ac-c0f8fb221986:192.168.5.181:42626] with ContainerStateMachine:uninitialized
2019-07-13 12:48:25,341 INFO  server.RaftServerConfigKeys (ConfUtils.java:logGet(43)) - raft.server.rpc.timeout.min = 5s (custom)
2019-07-13 12:48:25,341 INFO  server.RaftServerConfigKeys (ConfUtils.java:logGet(43)) - raft.server.rpc.timeout.max = 5200ms (custom)
2019-07-13 12:48:25,342 INFO  server.RaftServerConfigKeys (ConfUtils.java:logGet(43)) - raft.server.rpcslowness.timeout = 120s (custom)
2019-07-13 12:48:25,342 INFO  server.RaftServerConfigKeys (ConfUtils.java:logGet(43)) - raft.server.sleep.deviation.threshold = 300 (default)
2019-07-13 12:48:25,342 INFO  server.RaftServerConfigKeys (ConfUtils.java:logGet(43)) - raft.server.log.appender.install.snapshot.enabled = false (custom)
2019-07-13 12:48:25,342 INFO  impl.RaftServerImpl (ServerState.java:<init>(105)) - 97b855ae-4e7d-4840-b8ac-c0f8fb221986:group-3622514AC6AE ConfigurationManager, init=-1: [97b855ae-4e7d-4840-b8ac-c0f8fb221986:192.168.5.181:42626], old=null, confs=<EMPTY_MAP>
2019-07-13 12:48:25,342 INFO  server.RaftServerConfigKeys (ConfUtils.java:logGet(43)) - raft.server.storage.dir = [/tmp/workdir/hadoop-ozone/integration-test/target/test-dir/MiniOzoneClusterImpl-cb250770-3b56-48ad-9bf9-87237a740c2b/datanode-1/data/ratis] (custom)
2019-07-13 12:48:25,343 INFO  storage.RaftStorageDirectory (RaftStorageDirectory.java:analyzeStorage(246)) - The storage directory /tmp/workdir/hadoop-ozone/integration-test/target/test-dir/MiniOzoneClusterImpl-cb250770-3b56-48ad-9bf9-87237a740c2b/datanode-1/data/ratis/046be06c-e304-4c6a-b265-3622514ac6ae does not exist. Creating ...
2019-07-13 12:48:25,347 INFO  storage.RaftStorageDirectory (RaftStorageDirectory.java:tryLock(328)) - Lock on /tmp/workdir/hadoop-ozone/integration-test/target/test-dir/MiniOzoneClusterImpl-cb250770-3b56-48ad-9bf9-87237a740c2b/datanode-1/data/ratis/046be06c-e304-4c6a-b265-3622514ac6ae/in_use.lock acquired by nodename 28904@trunk-nightly-q2gwj-1111726333
2019-07-13 12:48:25,351 INFO  storage.RaftStorage (RaftStorage.java:format(72)) - Storage directory /tmp/workdir/hadoop-ozone/integration-test/target/test-dir/MiniOzoneClusterImpl-cb250770-3b56-48ad-9bf9-87237a740c2b/datanode-1/data/ratis/046be06c-e304-4c6a-b265-3622514ac6ae has been successfully formatted.
2019-07-13 12:48:25,351 INFO  ratis.ContainerStateMachine (ContainerStateMachine.java:loadSnapshot(200)) - The snapshot info is null.Setting the last applied index to:(t:0, i:~)
2019-07-13 12:48:25,351 INFO  server.RaftServerConfigKeys (ConfUtils.java:logGet(43)) - raft.server.leader.election.timeout = 120s (custom)
2019-07-13 12:48:25,351 INFO  server.RaftServerConfigKeys (ConfUtils.java:logGet(43)) - raft.server.log.use.memory = false (default)
2019-07-13 12:48:25,351 INFO  server.RaftServerConfigKeys (ConfUtils.java:logGet(43)) - raft.server.log.purge.gap = 1000000000 (custom)
2019-07-13 12:48:25,352 INFO  server.RaftServerConfigKeys (ConfUtils.java:logGet(43)) - raft.server.log.appender.buffer.byte-limit = 33554432 (custom)
2019-07-13 12:48:25,352 INFO  server.RaftServerConfigKeys (ConfUtils.java:logGet(43)) - raft.server.log.segment.size.max = 1048576 (custom)
2019-07-13 12:48:25,352 INFO  server.RaftServerConfigKeys (ConfUtils.java:logGet(43)) - raft.server.log.segment.cache.num.max = 2 (custom)
2019-07-13 12:48:25,352 INFO  segmented.SegmentedRaftLogWorker (SegmentedRaftLogWorker.java:<init>(172)) - new 97b855ae-4e7d-4840-b8ac-c0f8fb221986-SegmentedRaftLogWorker:Storage Directory /tmp/workdir/hadoop-ozone/integration-test/target/test-dir/MiniOzoneClusterImpl-cb250770-3b56-48ad-9bf9-87237a740c2b/datanode-1/data/ratis/046be06c-e304-4c6a-b265-3622514ac6ae for RaftStorage:Storage Directory /tmp/workdir/hadoop-ozone/integration-test/target/test-dir/MiniOzoneClusterImpl-cb250770-3b56-48ad-9bf9-87237a740c2b/datanode-1/data/ratis/046be06c-e304-4c6a-b265-3622514ac6ae
2019-07-13 12:48:25,352 INFO  server.RaftServerConfigKeys (ConfUtils.java:logGet(43)) - raft.server.log.queue.byte-limit = 2147483647 (custom)
2019-07-13 12:48:25,352 INFO  server.RaftServerConfigKeys (ConfUtils.java:logGet(43)) - raft.server.log.queue.element-limit = 1024 (custom)
2019-07-13 12:48:25,353 INFO  server.RaftServerConfigKeys (ConfUtils.java:logGet(43)) - raft.server.log.segment.size.max = 1048576 (custom)
2019-07-13 12:48:25,353 INFO  server.RaftServerConfigKeys (ConfUtils.java:logGet(43)) - raft.server.log.preallocated.size = 16384 (custom)
2019-07-13 12:48:25,353 INFO  server.RaftServerConfigKeys (ConfUtils.java:logGet(43)) - raft.server.log.write.buffer.size = 33554432 (custom)
2019-07-13 12:48:25,353 INFO  server.RaftServerConfigKeys (ConfUtils.java:logGet(43)) - raft.server.log.force.sync.num = 128 (default)
2019-07-13 12:48:25,353 INFO  server.RaftServerConfigKeys (ConfUtils.java:logGet(43)) - raft.server.log.statemachine.data.sync = true (default)
2019-07-13 12:48:25,353 INFO  server.RaftServerConfigKeys (ConfUtils.java:logGet(43)) - raft.server.log.statemachine.data.sync.timeout = 10s (default)
2019-07-13 12:48:25,354 INFO  server.RaftServerConfigKeys (ConfUtils.java:logGet(43)) - raft.server.log.statemachine.data.sync.timeout.retry = -1 (default)
2019-07-13 12:48:25,354 INFO  server.RaftServerConfigKeys (ConfUtils.java:logGet(43)) - raft.server.log.statemachine.data.caching.enabled = true (custom)
2019-07-13 12:48:25,354 INFO  segmented.SegmentedRaftLogWorker (SegmentedRaftLogWorker.java:lambda$new$0(132)) - 97b855ae-4e7d-4840-b8ac-c0f8fb221986-SegmentedRaftLogWorker:Storage Directory /tmp/workdir/hadoop-ozone/integration-test/target/test-dir/MiniOzoneClusterImpl-cb250770-3b56-48ad-9bf9-87237a740c2b/datanode-1/data/ratis/046be06c-e304-4c6a-b265-3622514ac6ae: flushIndex: setUnconditionally 0 -> -1
2019-07-13 12:48:25,355 INFO  server.RaftServerConfigKeys (ConfUtils.java:logGet(43)) - raft.server.snapshot.auto.trigger.enabled = true (custom)
2019-07-13 12:48:25,355 INFO  server.RaftServerConfigKeys (ConfUtils.java:logGet(43)) - raft.server.snapshot.auto.trigger.threshold = 10000 (custom)
2019-07-13 12:48:25,355 INFO  server.RaftServerConfigKeys (ConfUtils.java:logGet(43)) - raft.server.retrycache.expirytime = 600000ms (custom)
2019-07-13 12:48:25,355 INFO  impl.RaftServerImpl (RaftServerImpl.java:start(180)) - 97b855ae-4e7d-4840-b8ac-c0f8fb221986: start group-3622514AC6AE
2019-07-13 12:48:25,355 INFO  impl.RaftServerImpl (RaftServerImpl.java:setRole(171)) - 97b855ae-4e7d-4840-b8ac-c0f8fb221986:group-3622514AC6AE changes role from null to FOLLOWER at term 0 for startAsFollower
2019-07-13 12:48:25,355 INFO  impl.RoleInfo (RoleInfo.java:updateAndGet(143)) - 97b855ae-4e7d-4840-b8ac-c0f8fb221986: start FollowerState
2019-07-13 12:48:25,356 INFO  util.JmxRegister (JmxRegister.java:tryRegister(44)) - Successfully registered JMX Bean with object name Ratis:service=RaftServer,group=group-3622514AC6AE,id=97b855ae-4e7d-4840-b8ac-c0f8fb221986
2019-07-13 12:48:25,358 INFO  pipeline.PipelineStateManager (PipelineStateManager.java:addPipeline(56)) - Created pipeline Pipeline[ Id: 046be06c-e304-4c6a-b265-3622514ac6ae, Nodes: 97b855ae-4e7d-4840-b8ac-c0f8fb221986{ip: 192.168.5.181, host: trunk-nightly-q2gwj-1111726333, networkLocation: /default-rack, certSerialId: null}, Type:RATIS, Factor:ONE, State:OPEN]
2019-07-13 12:48:25,513 INFO  node.SCMNodeManager (SCMNodeManager.java:register(269)) - Registered Data node : 808d6bbb-af2b-4565-9924-f91b24251636{ip: 192.168.5.181, host: trunk-nightly-q2gwj-1111726333, networkLocation: /default-rack, certSerialId: null}
2019-07-13 12:48:25,526 INFO  impl.RaftServerProxy (RaftServerProxy.java:addNew(89)) - 808d6bbb-af2b-4565-9924-f91b24251636: addNew group-C0DF61EC365A:[808d6bbb-af2b-4565-9924-f91b24251636:192.168.5.181:43298] returns group-C0DF61EC365A:java.util.concurrent.CompletableFuture@60ac8b1a[Not completed]
2019-07-13 12:48:25,528 INFO  impl.RaftServerImpl (RaftServerImpl.java:<init>(93)) - 808d6bbb-af2b-4565-9924-f91b24251636: new RaftServerImpl for group-C0DF61EC365A:[808d6bbb-af2b-4565-9924-f91b24251636:192.168.5.181:43298] with ContainerStateMachine:uninitialized
2019-07-13 12:48:25,528 INFO  server.RaftServerConfigKeys (ConfUtils.java:logGet(43)) - raft.server.rpc.timeout.min = 5s (custom)
2019-07-13 12:48:25,528 INFO  server.RaftServerConfigKeys (ConfUtils.java:logGet(43)) - raft.server.rpc.timeout.max = 5200ms (custom)
2019-07-13 12:48:25,528 INFO  server.RaftServerConfigKeys (ConfUtils.java:logGet(43)) - raft.server.rpcslowness.timeout = 120s (custom)
2019-07-13 12:48:25,529 INFO  server.RaftServerConfigKeys (ConfUtils.java:logGet(43)) - raft.server.sleep.deviation.threshold = 300 (default)
2019-07-13 12:48:25,529 INFO  server.RaftServerConfigKeys (ConfUtils.java:logGet(43)) - raft.server.log.appender.install.snapshot.enabled = false (custom)
2019-07-13 12:48:25,529 INFO  impl.RaftServerImpl (ServerState.java:<init>(105)) - 808d6bbb-af2b-4565-9924-f91b24251636:group-C0DF61EC365A ConfigurationManager, init=-1: [808d6bbb-af2b-4565-9924-f91b24251636:192.168.5.181:43298], old=null, confs=<EMPTY_MAP>
2019-07-13 12:48:25,529 INFO  server.RaftServerConfigKeys (ConfUtils.java:logGet(43)) - raft.server.storage.dir = [/tmp/workdir/hadoop-ozone/integration-test/target/test-dir/MiniOzoneClusterImpl-cb250770-3b56-48ad-9bf9-87237a740c2b/datanode-2/data/ratis] (custom)
2019-07-13 12:48:25,530 INFO  storage.RaftStorageDirectory (RaftStorageDirectory.java:analyzeStorage(246)) - The storage directory /tmp/workdir/hadoop-ozone/integration-test/target/test-dir/MiniOzoneClusterImpl-cb250770-3b56-48ad-9bf9-87237a740c2b/datanode-2/data/ratis/029a8beb-822b-4b87-af8b-c0df61ec365a does not exist. Creating ...
2019-07-13 12:48:25,542 INFO  storage.RaftStorageDirectory (RaftStorageDirectory.java:tryLock(328)) - Lock on /tmp/workdir/hadoop-ozone/integration-test/target/test-dir/MiniOzoneClusterImpl-cb250770-3b56-48ad-9bf9-87237a740c2b/datanode-2/data/ratis/029a8beb-822b-4b87-af8b-c0df61ec365a/in_use.lock acquired by nodename 28904@trunk-nightly-q2gwj-1111726333
2019-07-13 12:48:25,546 INFO  storage.RaftStorage (RaftStorage.java:format(72)) - Storage directory /tmp/workdir/hadoop-ozone/integration-test/target/test-dir/MiniOzoneClusterImpl-cb250770-3b56-48ad-9bf9-87237a740c2b/datanode-2/data/ratis/029a8beb-822b-4b87-af8b-c0df61ec365a has been successfully formatted.
2019-07-13 12:48:25,546 INFO  ratis.ContainerStateMachine (ContainerStateMachine.java:loadSnapshot(200)) - The snapshot info is null.Setting the last applied index to:(t:0, i:~)
2019-07-13 12:48:25,547 INFO  server.RaftServerConfigKeys (ConfUtils.java:logGet(43)) - raft.server.leader.election.timeout = 120s (custom)
2019-07-13 12:48:25,547 INFO  server.RaftServerConfigKeys (ConfUtils.java:logGet(43)) - raft.server.log.use.memory = false (default)
2019-07-13 12:48:25,547 INFO  server.RaftServerConfigKeys (ConfUtils.java:logGet(43)) - raft.server.log.purge.gap = 1000000000 (custom)
2019-07-13 12:48:25,547 INFO  server.RaftServerConfigKeys (ConfUtils.java:logGet(43)) - raft.server.log.appender.buffer.byte-limit = 33554432 (custom)
2019-07-13 12:48:25,547 INFO  server.RaftServerConfigKeys (ConfUtils.java:logGet(43)) - raft.server.log.segment.size.max = 1048576 (custom)
2019-07-13 12:48:25,547 INFO  server.RaftServerConfigKeys (ConfUtils.java:logGet(43)) - raft.server.log.segment.cache.num.max = 2 (custom)
2019-07-13 12:48:25,548 INFO  segmented.SegmentedRaftLogWorker (SegmentedRaftLogWorker.java:<init>(172)) - new 808d6bbb-af2b-4565-9924-f91b24251636-SegmentedRaftLogWorker:Storage Directory /tmp/workdir/hadoop-ozone/integration-test/target/test-dir/MiniOzoneClusterImpl-cb250770-3b56-48ad-9bf9-87237a740c2b/datanode-2/data/ratis/029a8beb-822b-4b87-af8b-c0df61ec365a for RaftStorage:Storage Directory /tmp/workdir/hadoop-ozone/integration-test/target/test-dir/MiniOzoneClusterImpl-cb250770-3b56-48ad-9bf9-87237a740c2b/datanode-2/data/ratis/029a8beb-822b-4b87-af8b-c0df61ec365a
2019-07-13 12:48:25,548 INFO  server.RaftServerConfigKeys (ConfUtils.java:logGet(43)) - raft.server.log.queue.byte-limit = 2147483647 (custom)
2019-07-13 12:48:25,548 INFO  server.RaftServerConfigKeys (ConfUtils.java:logGet(43)) - raft.server.log.queue.element-limit = 1024 (custom)
2019-07-13 12:48:25,548 INFO  server.RaftServerConfigKeys (ConfUtils.java:logGet(43)) - raft.server.log.segment.size.max = 1048576 (custom)
2019-07-13 12:48:25,548 INFO  server.RaftServerConfigKeys (ConfUtils.java:logGet(43)) - raft.server.log.preallocated.size = 16384 (custom)
2019-07-13 12:48:25,548 INFO  server.RaftServerConfigKeys (ConfUtils.java:logGet(43)) - raft.server.log.write.buffer.size = 33554432 (custom)
2019-07-13 12:48:25,549 INFO  server.RaftServerConfigKeys (ConfUtils.java:logGet(43)) - raft.server.log.force.sync.num = 128 (default)
2019-07-13 12:48:25,549 INFO  server.RaftServerConfigKeys (ConfUtils.java:logGet(43)) - raft.server.log.statemachine.data.sync = true (default)
2019-07-13 12:48:25,549 INFO  server.RaftServerConfigKeys (ConfUtils.java:logGet(43)) - raft.server.log.statemachine.data.sync.timeout = 10s (default)
2019-07-13 12:48:25,549 INFO  server.RaftServerConfigKeys (ConfUtils.java:logGet(43)) - raft.server.log.statemachine.data.sync.timeout.retry = -1 (default)
2019-07-13 12:48:25,549 INFO  server.RaftServerConfigKeys (ConfUtils.java:logGet(43)) - raft.server.log.statemachine.data.caching.enabled = true (custom)
2019-07-13 12:48:25,550 INFO  segmented.SegmentedRaftLogWorker (SegmentedRaftLogWorker.java:lambda$new$0(132)) - 808d6bbb-af2b-4565-9924-f91b24251636-SegmentedRaftLogWorker:Storage Directory /tmp/workdir/hadoop-ozone/integration-test/target/test-dir/MiniOzoneClusterImpl-cb250770-3b56-48ad-9bf9-87237a740c2b/datanode-2/data/ratis/029a8beb-822b-4b87-af8b-c0df61ec365a: flushIndex: setUnconditionally 0 -> -1
2019-07-13 12:48:25,550 INFO  server.RaftServerConfigKeys (ConfUtils.java:logGet(43)) - raft.server.snapshot.auto.trigger.enabled = true (custom)
2019-07-13 12:48:25,550 INFO  server.RaftServerConfigKeys (ConfUtils.java:logGet(43)) - raft.server.snapshot.auto.trigger.threshold = 10000 (custom)
2019-07-13 12:48:25,550 INFO  server.RaftServerConfigKeys (ConfUtils.java:logGet(43)) - raft.server.retrycache.expirytime = 600000ms (custom)
2019-07-13 12:48:25,551 INFO  impl.RaftServerImpl (RaftServerImpl.java:start(180)) - 808d6bbb-af2b-4565-9924-f91b24251636: start group-C0DF61EC365A
2019-07-13 12:48:25,557 INFO  impl.RaftServerImpl (RaftServerImpl.java:setRole(171)) - 808d6bbb-af2b-4565-9924-f91b24251636:group-C0DF61EC365A changes role from null to FOLLOWER at term 0 for startAsFollower
2019-07-13 12:48:25,557 INFO  impl.RoleInfo (RoleInfo.java:updateAndGet(143)) - 808d6bbb-af2b-4565-9924-f91b24251636: start FollowerState
2019-07-13 12:48:25,558 INFO  util.JmxRegister (JmxRegister.java:tryRegister(44)) - Successfully registered JMX Bean with object name Ratis:service=RaftServer,group=group-C0DF61EC365A,id=808d6bbb-af2b-4565-9924-f91b24251636
2019-07-13 12:48:25,561 INFO  pipeline.PipelineStateManager (PipelineStateManager.java:addPipeline(56)) - Created pipeline Pipeline[ Id: 029a8beb-822b-4b87-af8b-c0df61ec365a, Nodes: 808d6bbb-af2b-4565-9924-f91b24251636{ip: 192.168.5.181, host: trunk-nightly-q2gwj-1111726333, networkLocation: /default-rack, certSerialId: null}, Type:RATIS, Factor:ONE, State:OPEN]
2019-07-13 12:48:25,587 INFO  impl.RaftServerProxy (RaftServerProxy.java:addNew(89)) - 808d6bbb-af2b-4565-9924-f91b24251636: addNew group-3B28D19F1E52:[97b855ae-4e7d-4840-b8ac-c0f8fb221986:192.168.5.181:42626, 808d6bbb-af2b-4565-9924-f91b24251636:192.168.5.181:43298, 99d33be7-8f1f-4425-a9ea-5c6d733bfb25:192.168.5.181:41158] returns group-3B28D19F1E52:java.util.concurrent.CompletableFuture@1c66f227[Not completed]
2019-07-13 12:48:25,588 INFO  impl.RaftServerProxy (RaftServerProxy.java:addNew(89)) - 99d33be7-8f1f-4425-a9ea-5c6d733bfb25: addNew group-3B28D19F1E52:[97b855ae-4e7d-4840-b8ac-c0f8fb221986:192.168.5.181:42626, 808d6bbb-af2b-4565-9924-f91b24251636:192.168.5.181:43298, 99d33be7-8f1f-4425-a9ea-5c6d733bfb25:192.168.5.181:41158] returns group-3B28D19F1E52:java.util.concurrent.CompletableFuture@6fbc35f2[Not completed]
2019-07-13 12:48:25,588 INFO  impl.RaftServerProxy (RaftServerProxy.java:addNew(89)) - 97b855ae-4e7d-4840-b8ac-c0f8fb221986: addNew group-3B28D19F1E52:[97b855ae-4e7d-4840-b8ac-c0f8fb221986:192.168.5.181:42626, 808d6bbb-af2b-4565-9924-f91b24251636:192.168.5.181:43298, 99d33be7-8f1f-4425-a9ea-5c6d733bfb25:192.168.5.181:41158] returns group-3B28D19F1E52:java.util.concurrent.CompletableFuture@5f172711[Not completed]
2019-07-13 12:48:25,589 INFO  impl.RaftServerImpl (RaftServerImpl.java:<init>(93)) - 808d6bbb-af2b-4565-9924-f91b24251636: new RaftServerImpl for group-3B28D19F1E52:[97b855ae-4e7d-4840-b8ac-c0f8fb221986:192.168.5.181:42626, 808d6bbb-af2b-4565-9924-f91b24251636:192.168.5.181:43298, 99d33be7-8f1f-4425-a9ea-5c6d733bfb25:192.168.5.181:41158] with ContainerStateMachine:uninitialized
2019-07-13 12:48:25,589 INFO  server.RaftServerConfigKeys (ConfUtils.java:logGet(43)) - raft.server.rpc.timeout.min = 5s (custom)
2019-07-13 12:48:25,590 INFO  server.RaftServerConfigKeys (ConfUtils.java:logGet(43)) - raft.server.rpc.timeout.max = 5200ms (custom)
2019-07-13 12:48:25,590 INFO  impl.RaftServerImpl (RaftServerImpl.java:<init>(93)) - 97b855ae-4e7d-4840-b8ac-c0f8fb221986: new RaftServerImpl for group-3B28D19F1E52:[97b855ae-4e7d-4840-b8ac-c0f8fb221986:192.168.5.181:42626, 808d6bbb-af2b-4565-9924-f91b24251636:192.168.5.181:43298, 99d33be7-8f1f-4425-a9ea-5c6d733bfb25:192.168.5.181:41158] with ContainerStateMachine:uninitialized
2019-07-13 12:48:25,590 INFO  server.RaftServerConfigKeys (ConfUtils.java:logGet(43)) - raft.server.rpcslowness.timeout = 120s (custom)
2019-07-13 12:48:25,590 INFO  server.RaftServerConfigKeys (ConfUtils.java:logGet(43)) - raft.server.rpc.timeout.min = 5s (custom)
2019-07-13 12:48:25,590 INFO  server.RaftServerConfigKeys (ConfUtils.java:logGet(43)) - raft.server.sleep.deviation.threshold = 300 (default)
2019-07-13 12:48:25,590 INFO  impl.RaftServerImpl (RaftServerImpl.java:<init>(93)) - 99d33be7-8f1f-4425-a9ea-5c6d733bfb25: new RaftServerImpl for group-3B28D19F1E52:[97b855ae-4e7d-4840-b8ac-c0f8fb221986:192.168.5.181:42626, 808d6bbb-af2b-4565-9924-f91b24251636:192.168.5.181:43298, 99d33be7-8f1f-4425-a9ea-5c6d733bfb25:192.168.5.181:41158] with ContainerStateMachine:uninitialized
2019-07-13 12:48:25,591 INFO  server.RaftServerConfigKeys (ConfUtils.java:logGet(43)) - raft.server.log.appender.install.snapshot.enabled = false (custom)
2019-07-13 12:48:25,590 INFO  server.RaftServerConfigKeys (ConfUtils.java:logGet(43)) - raft.server.rpc.timeout.max = 5200ms (custom)
2019-07-13 12:48:25,591 INFO  impl.RaftServerImpl (ServerState.java:<init>(105)) - 808d6bbb-af2b-4565-9924-f91b24251636:group-3B28D19F1E52 ConfigurationManager, init=-1: [97b855ae-4e7d-4840-b8ac-c0f8fb221986:192.168.5.181:42626, 808d6bbb-af2b-4565-9924-f91b24251636:192.168.5.181:43298, 99d33be7-8f1f-4425-a9ea-5c6d733bfb25:192.168.5.181:41158], old=null, confs=<EMPTY_MAP>
2019-07-13 12:48:25,591 INFO  server.RaftServerConfigKeys (ConfUtils.java:logGet(43)) - raft.server.rpc.timeout.min = 5s (custom)
2019-07-13 12:48:25,591 INFO  server.RaftServerConfigKeys (ConfUtils.java:logGet(43)) - raft.server.storage.dir = [/tmp/workdir/hadoop-ozone/integration-test/target/test-dir/MiniOzoneClusterImpl-cb250770-3b56-48ad-9bf9-87237a740c2b/datanode-2/data/ratis] (custom)
2019-07-13 12:48:25,591 INFO  server.RaftServerConfigKeys (ConfUtils.java:logGet(43)) - raft.server.rpcslowness.timeout = 120s (custom)
2019-07-13 12:48:25,591 INFO  server.RaftServerConfigKeys (ConfUtils.java:logGet(43)) - raft.server.rpc.timeout.max = 5200ms (custom)
2019-07-13 12:48:25,592 INFO  server.RaftServerConfigKeys (ConfUtils.java:logGet(43)) - raft.server.sleep.deviation.threshold = 300 (default)
2019-07-13 12:48:25,592 INFO  storage.RaftStorageDirectory (RaftStorageDirectory.java:analyzeStorage(246)) - The storage directory /tmp/workdir/hadoop-ozone/integration-test/target/test-dir/MiniOzoneClusterImpl-cb250770-3b56-48ad-9bf9-87237a740c2b/datanode-2/data/ratis/abbcd2cf-0c1f-4fa0-bb19-3b28d19f1e52 does not exist. Creating ...
2019-07-13 12:48:25,592 INFO  server.RaftServerConfigKeys (ConfUtils.java:logGet(43)) - raft.server.log.appender.install.snapshot.enabled = false (custom)
2019-07-13 12:48:25,592 INFO  server.RaftServerConfigKeys (ConfUtils.java:logGet(43)) - raft.server.rpcslowness.timeout = 120s (custom)
2019-07-13 12:48:25,593 INFO  impl.RaftServerImpl (ServerState.java:<init>(105)) - 97b855ae-4e7d-4840-b8ac-c0f8fb221986:group-3B28D19F1E52 ConfigurationManager, init=-1: [97b855ae-4e7d-4840-b8ac-c0f8fb221986:192.168.5.181:42626, 808d6bbb-af2b-4565-9924-f91b24251636:192.168.5.181:43298, 99d33be7-8f1f-4425-a9ea-5c6d733bfb25:192.168.5.181:41158], old=null, confs=<EMPTY_MAP>
2019-07-13 12:48:25,593 INFO  server.RaftServerConfigKeys (ConfUtils.java:logGet(43)) - raft.server.sleep.deviation.threshold = 300 (default)
2019-07-13 12:48:25,593 INFO  server.RaftServerConfigKeys (ConfUtils.java:logGet(43)) - raft.server.storage.dir = [/tmp/workdir/hadoop-ozone/integration-test/target/test-dir/MiniOzoneClusterImpl-cb250770-3b56-48ad-9bf9-87237a740c2b/datanode-1/data/ratis] (custom)
2019-07-13 12:48:25,593 INFO  server.RaftServerConfigKeys (ConfUtils.java:logGet(43)) - raft.server.log.appender.install.snapshot.enabled = false (custom)
2019-07-13 12:48:25,593 INFO  impl.RaftServerImpl (ServerState.java:<init>(105)) - 99d33be7-8f1f-4425-a9ea-5c6d733bfb25:group-3B28D19F1E52 ConfigurationManager, init=-1: [97b855ae-4e7d-4840-b8ac-c0f8fb221986:192.168.5.181:42626, 808d6bbb-af2b-4565-9924-f91b24251636:192.168.5.181:43298, 99d33be7-8f1f-4425-a9ea-5c6d733bfb25:192.168.5.181:41158], old=null, confs=<EMPTY_MAP>
2019-07-13 12:48:25,593 INFO  storage.RaftStorageDirectory (RaftStorageDirectory.java:analyzeStorage(246)) - The storage directory /tmp/workdir/hadoop-ozone/integration-test/target/test-dir/MiniOzoneClusterImpl-cb250770-3b56-48ad-9bf9-87237a740c2b/datanode-1/data/ratis/abbcd2cf-0c1f-4fa0-bb19-3b28d19f1e52 does not exist. Creating ...
2019-07-13 12:48:25,593 INFO  server.RaftServerConfigKeys (ConfUtils.java:logGet(43)) - raft.server.storage.dir = [/tmp/workdir/hadoop-ozone/integration-test/target/test-dir/MiniOzoneClusterImpl-cb250770-3b56-48ad-9bf9-87237a740c2b/datanode-0/data/ratis] (custom)
2019-07-13 12:48:25,594 INFO  storage.RaftStorageDirectory (RaftStorageDirectory.java:analyzeStorage(246)) - The storage directory /tmp/workdir/hadoop-ozone/integration-test/target/test-dir/MiniOzoneClusterImpl-cb250770-3b56-48ad-9bf9-87237a740c2b/datanode-0/data/ratis/abbcd2cf-0c1f-4fa0-bb19-3b28d19f1e52 does not exist. Creating ...
2019-07-13 12:48:25,605 INFO  storage.RaftStorageDirectory (RaftStorageDirectory.java:tryLock(328)) - Lock on /tmp/workdir/hadoop-ozone/integration-test/target/test-dir/MiniOzoneClusterImpl-cb250770-3b56-48ad-9bf9-87237a740c2b/datanode-0/data/ratis/abbcd2cf-0c1f-4fa0-bb19-3b28d19f1e52/in_use.lock acquired by nodename 28904@trunk-nightly-q2gwj-1111726333
2019-07-13 12:48:25,605 INFO  storage.RaftStorageDirectory (RaftStorageDirectory.java:tryLock(328)) - Lock on /tmp/workdir/hadoop-ozone/integration-test/target/test-dir/MiniOzoneClusterImpl-cb250770-3b56-48ad-9bf9-87237a740c2b/datanode-2/data/ratis/abbcd2cf-0c1f-4fa0-bb19-3b28d19f1e52/in_use.lock acquired by nodename 28904@trunk-nightly-q2gwj-1111726333
2019-07-13 12:48:25,605 INFO  storage.RaftStorageDirectory (RaftStorageDirectory.java:tryLock(328)) - Lock on /tmp/workdir/hadoop-ozone/integration-test/target/test-dir/MiniOzoneClusterImpl-cb250770-3b56-48ad-9bf9-87237a740c2b/datanode-1/data/ratis/abbcd2cf-0c1f-4fa0-bb19-3b28d19f1e52/in_use.lock acquired by nodename 28904@trunk-nightly-q2gwj-1111726333
2019-07-13 12:48:25,614 INFO  storage.RaftStorage (RaftStorage.java:format(72)) - Storage directory /tmp/workdir/hadoop-ozone/integration-test/target/test-dir/MiniOzoneClusterImpl-cb250770-3b56-48ad-9bf9-87237a740c2b/datanode-2/data/ratis/abbcd2cf-0c1f-4fa0-bb19-3b28d19f1e52 has been successfully formatted.
2019-07-13 12:48:25,614 INFO  storage.RaftStorage (RaftStorage.java:format(72)) - Storage directory /tmp/workdir/hadoop-ozone/integration-test/target/test-dir/MiniOzoneClusterImpl-cb250770-3b56-48ad-9bf9-87237a740c2b/datanode-0/data/ratis/abbcd2cf-0c1f-4fa0-bb19-3b28d19f1e52 has been successfully formatted.
2019-07-13 12:48:25,614 INFO  storage.RaftStorage (RaftStorage.java:format(72)) - Storage directory /tmp/workdir/hadoop-ozone/integration-test/target/test-dir/MiniOzoneClusterImpl-cb250770-3b56-48ad-9bf9-87237a740c2b/datanode-1/data/ratis/abbcd2cf-0c1f-4fa0-bb19-3b28d19f1e52 has been successfully formatted.
2019-07-13 12:48:25,614 INFO  ratis.ContainerStateMachine (ContainerStateMachine.java:loadSnapshot(200)) - The snapshot info is null.Setting the last applied index to:(t:0, i:~)
2019-07-13 12:48:25,614 INFO  ratis.ContainerStateMachine (ContainerStateMachine.java:loadSnapshot(200)) - The snapshot info is null.Setting the last applied index to:(t:0, i:~)
2019-07-13 12:48:25,615 INFO  server.RaftServerConfigKeys (ConfUtils.java:logGet(43)) - raft.server.leader.election.timeout = 120s (custom)
2019-07-13 12:48:25,615 INFO  ratis.ContainerStateMachine (ContainerStateMachine.java:loadSnapshot(200)) - The snapshot info is null.Setting the last applied index to:(t:0, i:~)
2019-07-13 12:48:25,615 INFO  server.RaftServerConfigKeys (ConfUtils.java:logGet(43)) - raft.server.log.use.memory = false (default)
2019-07-13 12:48:25,615 INFO  server.RaftServerConfigKeys (ConfUtils.java:logGet(43)) - raft.server.leader.election.timeout = 120s (custom)
2019-07-13 12:48:25,615 INFO  server.RaftServerConfigKeys (ConfUtils.java:logGet(43)) - raft.server.log.purge.gap = 1000000000 (custom)
2019-07-13 12:48:25,615 INFO  server.RaftServerConfigKeys (ConfUtils.java:logGet(43)) - raft.server.leader.election.timeout = 120s (custom)
2019-07-13 12:48:25,615 INFO  server.RaftServerConfigKeys (ConfUtils.java:logGet(43)) - raft.server.log.appender.buffer.byte-limit = 33554432 (custom)
2019-07-13 12:48:25,615 INFO  server.RaftServerConfigKeys (ConfUtils.java:logGet(43)) - raft.server.log.use.memory = false (default)
2019-07-13 12:48:25,616 INFO  server.RaftServerConfigKeys (ConfUtils.java:logGet(43)) - raft.server.log.segment.size.max = 1048576 (custom)
2019-07-13 12:48:25,616 INFO  server.RaftServerConfigKeys (ConfUtils.java:logGet(43)) - raft.server.log.use.memory = false (default)
2019-07-13 12:48:25,616 INFO  server.RaftServerConfigKeys (ConfUtils.java:logGet(43)) - raft.server.log.segment.cache.num.max = 2 (custom)
2019-07-13 12:48:25,616 INFO  server.RaftServerConfigKeys (ConfUtils.java:logGet(43)) - raft.server.log.purge.gap = 1000000000 (custom)
2019-07-13 12:48:25,616 INFO  segmented.SegmentedRaftLogWorker (SegmentedRaftLogWorker.java:<init>(172)) - new 808d6bbb-af2b-4565-9924-f91b24251636-SegmentedRaftLogWorker:Storage Directory /tmp/workdir/hadoop-ozone/integration-test/target/test-dir/MiniOzoneClusterImpl-cb250770-3b56-48ad-9bf9-87237a740c2b/datanode-2/data/ratis/abbcd2cf-0c1f-4fa0-bb19-3b28d19f1e52 for RaftStorage:Storage Directory /tmp/workdir/hadoop-ozone/integration-test/target/test-dir/MiniOzoneClusterImpl-cb250770-3b56-48ad-9bf9-87237a740c2b/datanode-2/data/ratis/abbcd2cf-0c1f-4fa0-bb19-3b28d19f1e52
2019-07-13 12:48:25,616 INFO  server.RaftServerConfigKeys (ConfUtils.java:logGet(43)) - raft.server.log.purge.gap = 1000000000 (custom)
2019-07-13 12:48:25,616 INFO  server.RaftServerConfigKeys (ConfUtils.java:logGet(43)) - raft.server.log.queue.byte-limit = 2147483647 (custom)
2019-07-13 12:48:25,616 INFO  server.RaftServerConfigKeys (ConfUtils.java:logGet(43)) - raft.server.log.appender.buffer.byte-limit = 33554432 (custom)
2019-07-13 12:48:25,617 INFO  server.RaftServerConfigKeys (ConfUtils.java:logGet(43)) - raft.server.log.queue.element-limit = 1024 (custom)
2019-07-13 12:48:25,617 INFO  server.RaftServerConfigKeys (ConfUtils.java:logGet(43)) - raft.server.log.appender.buffer.byte-limit = 33554432 (custom)
2019-07-13 12:48:25,617 INFO  server.RaftServerConfigKeys (ConfUtils.java:logGet(43)) - raft.server.log.segment.size.max = 1048576 (custom)
2019-07-13 12:48:25,617 INFO  server.RaftServerConfigKeys (ConfUtils.java:logGet(43)) - raft.server.log.preallocated.size = 16384 (custom)
2019-07-13 12:48:25,617 INFO  server.RaftServerConfigKeys (ConfUtils.java:logGet(43)) - raft.server.log.segment.size.max = 1048576 (custom)
2019-07-13 12:48:25,617 INFO  server.RaftServerConfigKeys (ConfUtils.java:logGet(43)) - raft.server.log.write.buffer.size = 33554432 (custom)
2019-07-13 12:48:25,617 INFO  server.RaftServerConfigKeys (ConfUtils.java:logGet(43)) - raft.server.log.segment.size.max = 1048576 (custom)
2019-07-13 12:48:25,618 INFO  server.RaftServerConfigKeys (ConfUtils.java:logGet(43)) - raft.server.log.force.sync.num = 128 (default)
2019-07-13 12:48:25,618 INFO  server.RaftServerConfigKeys (ConfUtils.java:logGet(43)) - raft.server.log.segment.cache.num.max = 2 (custom)
2019-07-13 12:48:25,618 INFO  server.RaftServerConfigKeys (ConfUtils.java:logGet(43)) - raft.server.log.statemachine.data.sync = true (default)
2019-07-13 12:48:25,618 INFO  server.RaftServerConfigKeys (ConfUtils.java:logGet(43)) - raft.server.log.segment.cache.num.max = 2 (custom)
2019-07-13 12:48:25,618 INFO  server.RaftServerConfigKeys (ConfUtils.java:logGet(43)) - raft.server.log.statemachine.data.sync.timeout = 10s (default)
2019-07-13 12:48:25,618 INFO  segmented.SegmentedRaftLogWorker (SegmentedRaftLogWorker.java:<init>(172)) - new 99d33be7-8f1f-4425-a9ea-5c6d733bfb25-SegmentedRaftLogWorker:Storage Directory /tmp/workdir/hadoop-ozone/integration-test/target/test-dir/MiniOzoneClusterImpl-cb250770-3b56-48ad-9bf9-87237a740c2b/datanode-0/data/ratis/abbcd2cf-0c1f-4fa0-bb19-3b28d19f1e52 for RaftStorage:Storage Directory /tmp/workdir/hadoop-ozone/integration-test/target/test-dir/MiniOzoneClusterImpl-cb250770-3b56-48ad-9bf9-87237a740c2b/datanode-0/data/ratis/abbcd2cf-0c1f-4fa0-bb19-3b28d19f1e52
2019-07-13 12:48:25,619 INFO  server.RaftServerConfigKeys (ConfUtils.java:logGet(43)) - raft.server.log.statemachine.data.sync.timeout.retry = -1 (default)
2019-07-13 12:48:25,619 INFO  segmented.SegmentedRaftLogWorker (SegmentedRaftLogWorker.java:<init>(172)) - new 97b855ae-4e7d-4840-b8ac-c0f8fb221986-SegmentedRaftLogWorker:Storage Directory /tmp/workdir/hadoop-ozone/integration-test/target/test-dir/MiniOzoneClusterImpl-cb250770-3b56-48ad-9bf9-87237a740c2b/datanode-1/data/ratis/abbcd2cf-0c1f-4fa0-bb19-3b28d19f1e52 for RaftStorage:Storage Directory /tmp/workdir/hadoop-ozone/integration-test/target/test-dir/MiniOzoneClusterImpl-cb250770-3b56-48ad-9bf9-87237a740c2b/datanode-1/data/ratis/abbcd2cf-0c1f-4fa0-bb19-3b28d19f1e52
2019-07-13 12:48:25,619 INFO  server.RaftServerConfigKeys (ConfUtils.java:logGet(43)) - raft.server.log.statemachine.data.caching.enabled = true (custom)
2019-07-13 12:48:25,619 INFO  server.RaftServerConfigKeys (ConfUtils.java:logGet(43)) - raft.server.log.queue.byte-limit = 2147483647 (custom)
2019-07-13 12:48:25,620 INFO  segmented.SegmentedRaftLogWorker (SegmentedRaftLogWorker.java:lambda$new$0(132)) - 808d6bbb-af2b-4565-9924-f91b24251636-SegmentedRaftLogWorker:Storage Directory /tmp/workdir/hadoop-ozone/integration-test/target/test-dir/MiniOzoneClusterImpl-cb250770-3b56-48ad-9bf9-87237a740c2b/datanode-2/data/ratis/abbcd2cf-0c1f-4fa0-bb19-3b28d19f1e52: flushIndex: setUnconditionally 0 -> -1
2019-07-13 12:48:25,619 INFO  server.RaftServerConfigKeys (ConfUtils.java:logGet(43)) - raft.server.log.queue.byte-limit = 2147483647 (custom)
2019-07-13 12:48:25,620 INFO  server.RaftServerConfigKeys (ConfUtils.java:logGet(43)) - raft.server.snapshot.auto.trigger.enabled = true (custom)
2019-07-13 12:48:25,620 INFO  server.RaftServerConfigKeys (ConfUtils.java:logGet(43)) - raft.server.log.queue.element-limit = 1024 (custom)
2019-07-13 12:48:25,620 INFO  server.RaftServerConfigKeys (ConfUtils.java:logGet(43)) - raft.server.snapshot.auto.trigger.threshold = 10000 (custom)
2019-07-13 12:48:25,620 INFO  server.RaftServerConfigKeys (ConfUtils.java:logGet(43)) - raft.server.log.queue.element-limit = 1024 (custom)
2019-07-13 12:48:25,621 INFO  server.RaftServerConfigKeys (ConfUtils.java:logGet(43)) - raft.server.retrycache.expirytime = 600000ms (custom)
2019-07-13 12:48:25,621 INFO  server.RaftServerConfigKeys (ConfUtils.java:logGet(43)) - raft.server.log.segment.size.max = 1048576 (custom)
2019-07-13 12:48:25,621 INFO  impl.RaftServerImpl (RaftServerImpl.java:start(180)) - 808d6bbb-af2b-4565-9924-f91b24251636: start group-3B28D19F1E52
2019-07-13 12:48:25,621 INFO  server.RaftServerConfigKeys (ConfUtils.java:logGet(43)) - raft.server.log.segment.size.max = 1048576 (custom)
2019-07-13 12:48:25,621 INFO  impl.RaftServerImpl (RaftServerImpl.java:setRole(171)) - 808d6bbb-af2b-4565-9924-f91b24251636:group-3B28D19F1E52 changes role from null to FOLLOWER at term 0 for startAsFollower
2019-07-13 12:48:25,621 INFO  server.RaftServerConfigKeys (ConfUtils.java:logGet(43)) - raft.server.log.preallocated.size = 16384 (custom)
2019-07-13 12:48:25,622 INFO  impl.RoleInfo (RoleInfo.java:updateAndGet(143)) - 808d6bbb-af2b-4565-9924-f91b24251636: start FollowerState
2019-07-13 12:48:25,621 INFO  server.RaftServerConfigKeys (ConfUtils.java:logGet(43)) - raft.server.log.preallocated.size = 16384 (custom)
2019-07-13 12:48:25,622 INFO  server.RaftServerConfigKeys (ConfUtils.java:logGet(43)) - raft.server.log.write.buffer.size = 33554432 (custom)
2019-07-13 12:48:25,622 INFO  server.RaftServerConfigKeys (ConfUtils.java:logGet(43)) - raft.server.log.write.buffer.size = 33554432 (custom)
2019-07-13 12:48:25,622 INFO  util.JmxRegister (JmxRegister.java:tryRegister(44)) - Successfully registered JMX Bean with object name Ratis:service=RaftServer,group=group-3B28D19F1E52,id=808d6bbb-af2b-4565-9924-f91b24251636
2019-07-13 12:48:25,622 INFO  server.RaftServerConfigKeys (ConfUtils.java:logGet(43)) - raft.server.log.force.sync.num = 128 (default)
2019-07-13 12:48:25,623 INFO  server.RaftServerConfigKeys (ConfUtils.java:logGet(43)) - raft.server.log.statemachine.data.sync = true (default)
2019-07-13 12:48:25,622 INFO  server.RaftServerConfigKeys (ConfUtils.java:logGet(43)) - raft.server.log.force.sync.num = 128 (default)
2019-07-13 12:48:25,623 INFO  server.RaftServerConfigKeys (ConfUtils.java:logGet(43)) - raft.server.log.statemachine.data.sync.timeout = 10s (default)
2019-07-13 12:48:25,623 INFO  server.RaftServerConfigKeys (ConfUtils.java:logGet(43)) - raft.server.log.statemachine.data.sync = true (default)
2019-07-13 12:48:25,623 INFO  server.RaftServerConfigKeys (ConfUtils.java:logGet(43)) - raft.server.log.statemachine.data.sync.timeout.retry = -1 (default)
2019-07-13 12:48:25,623 INFO  server.RaftServerConfigKeys (ConfUtils.java:logGet(43)) - raft.server.log.statemachine.data.sync.timeout = 10s (default)
2019-07-13 12:48:25,624 INFO  server.RaftServerConfigKeys (ConfUtils.java:logGet(43)) - raft.server.log.statemachine.data.caching.enabled = true (custom)
2019-07-13 12:48:25,624 INFO  server.RaftServerConfigKeys (ConfUtils.java:logGet(43)) - raft.server.log.statemachine.data.sync.timeout.retry = -1 (default)
2019-07-13 12:48:25,624 INFO  segmented.SegmentedRaftLogWorker (SegmentedRaftLogWorker.java:lambda$new$0(132)) - 99d33be7-8f1f-4425-a9ea-5c6d733bfb25-SegmentedRaftLogWorker:Storage Directory /tmp/workdir/hadoop-ozone/integration-test/target/test-dir/MiniOzoneClusterImpl-cb250770-3b56-48ad-9bf9-87237a740c2b/datanode-0/data/ratis/abbcd2cf-0c1f-4fa0-bb19-3b28d19f1e52: flushIndex: setUnconditionally 0 -> -1
2019-07-13 12:48:25,624 INFO  server.RaftServerConfigKeys (ConfUtils.java:logGet(43)) - raft.server.log.statemachine.data.caching.enabled = true (custom)
2019-07-13 12:48:25,625 INFO  server.RaftServerConfigKeys (ConfUtils.java:logGet(43)) - raft.server.snapshot.auto.trigger.enabled = true (custom)
2019-07-13 12:48:25,625 INFO  segmented.SegmentedRaftLogWorker (SegmentedRaftLogWorker.java:lambda$new$0(132)) - 97b855ae-4e7d-4840-b8ac-c0f8fb221986-SegmentedRaftLogWorker:Storage Directory /tmp/workdir/hadoop-ozone/integration-test/target/test-dir/MiniOzoneClusterImpl-cb250770-3b56-48ad-9bf9-87237a740c2b/datanode-1/data/ratis/abbcd2cf-0c1f-4fa0-bb19-3b28d19f1e52: flushIndex: setUnconditionally 0 -> -1
2019-07-13 12:48:25,625 INFO  server.RaftServerConfigKeys (ConfUtils.java:logGet(43)) - raft.server.snapshot.auto.trigger.threshold = 10000 (custom)
2019-07-13 12:48:25,625 INFO  server.RaftServerConfigKeys (ConfUtils.java:logGet(43)) - raft.server.retrycache.expirytime = 600000ms (custom)
2019-07-13 12:48:25,625 INFO  server.RaftServerConfigKeys (ConfUtils.java:logGet(43)) - raft.server.snapshot.auto.trigger.enabled = true (custom)
2019-07-13 12:48:25,625 INFO  impl.RaftServerImpl (RaftServerImpl.java:start(180)) - 99d33be7-8f1f-4425-a9ea-5c6d733bfb25: start group-3B28D19F1E52
2019-07-13 12:48:25,625 INFO  server.RaftServerConfigKeys (ConfUtils.java:logGet(43)) - raft.server.snapshot.auto.trigger.threshold = 10000 (custom)
2019-07-13 12:48:25,625 INFO  impl.RaftServerImpl (RaftServerImpl.java:setRole(171)) - 99d33be7-8f1f-4425-a9ea-5c6d733bfb25:group-3B28D19F1E52 changes role from null to FOLLOWER at term 0 for startAsFollower
2019-07-13 12:48:25,626 INFO  server.RaftServerConfigKeys (ConfUtils.java:logGet(43)) - raft.server.retrycache.expirytime = 600000ms (custom)
2019-07-13 12:48:25,626 INFO  impl.RoleInfo (RoleInfo.java:updateAndGet(143)) - 99d33be7-8f1f-4425-a9ea-5c6d733bfb25: start FollowerState
2019-07-13 12:48:25,626 INFO  impl.RaftServerImpl (RaftServerImpl.java:start(180)) - 97b855ae-4e7d-4840-b8ac-c0f8fb221986: start group-3B28D19F1E52
2019-07-13 12:48:25,626 INFO  impl.RaftServerImpl (RaftServerImpl.java:setRole(171)) - 97b855ae-4e7d-4840-b8ac-c0f8fb221986:group-3B28D19F1E52 changes role from null to FOLLOWER at term 0 for startAsFollower
2019-07-13 12:48:25,626 INFO  impl.RoleInfo (RoleInfo.java:updateAndGet(143)) - 97b855ae-4e7d-4840-b8ac-c0f8fb221986: start FollowerState
2019-07-13 12:48:25,626 INFO  util.JmxRegister (JmxRegister.java:tryRegister(44)) - Successfully registered JMX Bean with object name Ratis:service=RaftServer,group=group-3B28D19F1E52,id=99d33be7-8f1f-4425-a9ea-5c6d733bfb25
2019-07-13 12:48:25,627 INFO  util.JmxRegister (JmxRegister.java:tryRegister(44)) - Successfully registered JMX Bean with object name Ratis:service=RaftServer,group=group-3B28D19F1E52,id=97b855ae-4e7d-4840-b8ac-c0f8fb221986
2019-07-13 12:48:25,630 INFO  pipeline.PipelineStateManager (PipelineStateManager.java:addPipeline(56)) - Created pipeline Pipeline[ Id: abbcd2cf-0c1f-4fa0-bb19-3b28d19f1e52, Nodes: 808d6bbb-af2b-4565-9924-f91b24251636{ip: 192.168.5.181, host: trunk-nightly-q2gwj-1111726333, networkLocation: /default-rack, certSerialId: null}99d33be7-8f1f-4425-a9ea-5c6d733bfb25{ip: 192.168.5.181, host: trunk-nightly-q2gwj-1111726333, networkLocation: /default-rack, certSerialId: null}97b855ae-4e7d-4840-b8ac-c0f8fb221986{ip: 192.168.5.181, host: trunk-nightly-q2gwj-1111726333, networkLocation: /default-rack, certSerialId: null}, Type:RATIS, Factor:THREE, State:OPEN]
2019-07-13 12:48:25,716 INFO  node.SCMNodeManager (SCMNodeManager.java:register(269)) - Registered Data node : 1d4c94a4-799e-479c-ac36-811ba7ef20cf{ip: 192.168.5.181, host: trunk-nightly-q2gwj-1111726333, networkLocation: /default-rack, certSerialId: null}
2019-07-13 12:48:25,733 INFO  impl.RaftServerProxy (RaftServerProxy.java:addNew(89)) - 1d4c94a4-799e-479c-ac36-811ba7ef20cf: addNew group-C3B94A1DFE63:[1d4c94a4-799e-479c-ac36-811ba7ef20cf:192.168.5.181:38846] returns group-C3B94A1DFE63:java.util.concurrent.CompletableFuture@2b44aaf[Not completed]
2019-07-13 12:48:25,735 INFO  impl.RaftServerImpl (RaftServerImpl.java:<init>(93)) - 1d4c94a4-799e-479c-ac36-811ba7ef20cf: new RaftServerImpl for group-C3B94A1DFE63:[1d4c94a4-799e-479c-ac36-811ba7ef20cf:192.168.5.181:38846] with ContainerStateMachine:uninitialized
2019-07-13 12:48:25,735 INFO  server.RaftServerConfigKeys (ConfUtils.java:logGet(43)) - raft.server.rpc.timeout.min = 5s (custom)
2019-07-13 12:48:25,735 INFO  server.RaftServerConfigKeys (ConfUtils.java:logGet(43)) - raft.server.rpc.timeout.max = 5200ms (custom)
2019-07-13 12:48:25,735 INFO  server.RaftServerConfigKeys (ConfUtils.java:logGet(43)) - raft.server.rpcslowness.timeout = 120s (custom)
2019-07-13 12:48:25,735 INFO  server.RaftServerConfigKeys (ConfUtils.java:logGet(43)) - raft.server.sleep.deviation.threshold = 300 (default)
2019-07-13 12:48:25,736 INFO  server.RaftServerConfigKeys (ConfUtils.java:logGet(43)) - raft.server.log.appender.install.snapshot.enabled = false (custom)
2019-07-13 12:48:25,736 INFO  impl.RaftServerImpl (ServerState.java:<init>(105)) - 1d4c94a4-799e-479c-ac36-811ba7ef20cf:group-C3B94A1DFE63 ConfigurationManager, init=-1: [1d4c94a4-799e-479c-ac36-811ba7ef20cf:192.168.5.181:38846], old=null, confs=<EMPTY_MAP>
2019-07-13 12:48:25,736 INFO  server.RaftServerConfigKeys (ConfUtils.java:logGet(43)) - raft.server.storage.dir = [/tmp/workdir/hadoop-ozone/integration-test/target/test-dir/MiniOzoneClusterImpl-cb250770-3b56-48ad-9bf9-87237a740c2b/datanode-3/data/ratis] (custom)
2019-07-13 12:48:25,736 INFO  storage.RaftStorageDirectory (RaftStorageDirectory.java:analyzeStorage(246)) - The storage directory /tmp/workdir/hadoop-ozone/integration-test/target/test-dir/MiniOzoneClusterImpl-cb250770-3b56-48ad-9bf9-87237a740c2b/datanode-3/data/ratis/b86019bc-bf24-41e3-994f-c3b94a1dfe63 does not exist. Creating ...
2019-07-13 12:48:25,741 INFO  storage.RaftStorageDirectory (RaftStorageDirectory.java:tryLock(328)) - Lock on /tmp/workdir/hadoop-ozone/integration-test/target/test-dir/MiniOzoneClusterImpl-cb250770-3b56-48ad-9bf9-87237a740c2b/datanode-3/data/ratis/b86019bc-bf24-41e3-994f-c3b94a1dfe63/in_use.lock acquired by nodename 28904@trunk-nightly-q2gwj-1111726333
2019-07-13 12:48:25,745 INFO  storage.RaftStorage (RaftStorage.java:format(72)) - Storage directory /tmp/workdir/hadoop-ozone/integration-test/target/test-dir/MiniOzoneClusterImpl-cb250770-3b56-48ad-9bf9-87237a740c2b/datanode-3/data/ratis/b86019bc-bf24-41e3-994f-c3b94a1dfe63 has been successfully formatted.
2019-07-13 12:48:25,745 INFO  ratis.ContainerStateMachine (ContainerStateMachine.java:loadSnapshot(200)) - The snapshot info is null.Setting the last applied index to:(t:0, i:~)
2019-07-13 12:48:25,745 INFO  server.RaftServerConfigKeys (ConfUtils.java:logGet(43)) - raft.server.leader.election.timeout = 120s (custom)
2019-07-13 12:48:25,746 INFO  server.RaftServerConfigKeys (ConfUtils.java:logGet(43)) - raft.server.log.use.memory = false (default)
2019-07-13 12:48:25,746 INFO  server.RaftServerConfigKeys (ConfUtils.java:logGet(43)) - raft.server.log.purge.gap = 1000000000 (custom)
2019-07-13 12:48:25,746 INFO  server.RaftServerConfigKeys (ConfUtils.java:logGet(43)) - raft.server.log.appender.buffer.byte-limit = 33554432 (custom)
2019-07-13 12:48:25,746 INFO  server.RaftServerConfigKeys (ConfUtils.java:logGet(43)) - raft.server.log.segment.size.max = 1048576 (custom)
2019-07-13 12:48:25,746 INFO  server.RaftServerConfigKeys (ConfUtils.java:logGet(43)) - raft.server.log.segment.cache.num.max = 2 (custom)
2019-07-13 12:48:25,747 INFO  segmented.SegmentedRaftLogWorker (SegmentedRaftLogWorker.java:<init>(172)) - new 1d4c94a4-799e-479c-ac36-811ba7ef20cf-SegmentedRaftLogWorker:Storage Directory /tmp/workdir/hadoop-ozone/integration-test/target/test-dir/MiniOzoneClusterImpl-cb250770-3b56-48ad-9bf9-87237a740c2b/datanode-3/data/ratis/b86019bc-bf24-41e3-994f-c3b94a1dfe63 for RaftStorage:Storage Directory /tmp/workdir/hadoop-ozone/integration-test/target/test-dir/MiniOzoneClusterImpl-cb250770-3b56-48ad-9bf9-87237a740c2b/datanode-3/data/ratis/b86019bc-bf24-41e3-994f-c3b94a1dfe63
2019-07-13 12:48:25,747 INFO  server.RaftServerConfigKeys (ConfUtils.java:logGet(43)) - raft.server.log.queue.byte-limit = 2147483647 (custom)
2019-07-13 12:48:25,747 INFO  server.RaftServerConfigKeys (ConfUtils.java:logGet(43)) - raft.server.log.queue.element-limit = 1024 (custom)
2019-07-13 12:48:25,747 INFO  server.RaftServerConfigKeys (ConfUtils.java:logGet(43)) - raft.server.log.segment.size.max = 1048576 (custom)
2019-07-13 12:48:25,747 INFO  server.RaftServerConfigKeys (ConfUtils.java:logGet(43)) - raft.server.log.preallocated.size = 16384 (custom)
2019-07-13 12:48:25,748 INFO  server.RaftServerConfigKeys (ConfUtils.java:logGet(43)) - raft.server.log.write.buffer.size = 33554432 (custom)
2019-07-13 12:48:25,748 INFO  server.RaftServerConfigKeys (ConfUtils.java:logGet(43)) - raft.server.log.force.sync.num = 128 (default)
2019-07-13 12:48:25,748 INFO  server.RaftServerConfigKeys (ConfUtils.java:logGet(43)) - raft.server.log.statemachine.data.sync = true (default)
2019-07-13 12:48:25,748 INFO  server.RaftServerConfigKeys (ConfUtils.java:logGet(43)) - raft.server.log.statemachine.data.sync.timeout = 10s (default)
2019-07-13 12:48:25,748 INFO  server.RaftServerConfigKeys (ConfUtils.java:logGet(43)) - raft.server.log.statemachine.data.sync.timeout.retry = -1 (default)
2019-07-13 12:48:25,748 INFO  server.RaftServerConfigKeys (ConfUtils.java:logGet(43)) - raft.server.log.statemachine.data.caching.enabled = true (custom)
2019-07-13 12:48:25,749 INFO  segmented.SegmentedRaftLogWorker (SegmentedRaftLogWorker.java:lambda$new$0(132)) - 1d4c94a4-799e-479c-ac36-811ba7ef20cf-SegmentedRaftLogWorker:Storage Directory /tmp/workdir/hadoop-ozone/integration-test/target/test-dir/MiniOzoneClusterImpl-cb250770-3b56-48ad-9bf9-87237a740c2b/datanode-3/data/ratis/b86019bc-bf24-41e3-994f-c3b94a1dfe63: flushIndex: setUnconditionally 0 -> -1
2019-07-13 12:48:25,749 INFO  server.RaftServerConfigKeys (ConfUtils.java:logGet(43)) - raft.server.snapshot.auto.trigger.enabled = true (custom)
2019-07-13 12:48:25,749 INFO  server.RaftServerConfigKeys (ConfUtils.java:logGet(43)) - raft.server.snapshot.auto.trigger.threshold = 10000 (custom)
2019-07-13 12:48:25,750 INFO  server.RaftServerConfigKeys (ConfUtils.java:logGet(43)) - raft.server.retrycache.expirytime = 600000ms (custom)
2019-07-13 12:48:25,750 INFO  impl.RaftServerImpl (RaftServerImpl.java:start(180)) - 1d4c94a4-799e-479c-ac36-811ba7ef20cf: start group-C3B94A1DFE63
2019-07-13 12:48:25,750 INFO  impl.RaftServerImpl (RaftServerImpl.java:setRole(171)) - 1d4c94a4-799e-479c-ac36-811ba7ef20cf:group-C3B94A1DFE63 changes role from null to FOLLOWER at term 0 for startAsFollower
2019-07-13 12:48:25,750 INFO  impl.RoleInfo (RoleInfo.java:updateAndGet(143)) - 1d4c94a4-799e-479c-ac36-811ba7ef20cf: start FollowerState
2019-07-13 12:48:25,751 INFO  util.JmxRegister (JmxRegister.java:tryRegister(44)) - Successfully registered JMX Bean with object name Ratis:service=RaftServer,group=group-C3B94A1DFE63,id=1d4c94a4-799e-479c-ac36-811ba7ef20cf
2019-07-13 12:48:25,753 INFO  pipeline.PipelineStateManager (PipelineStateManager.java:addPipeline(56)) - Created pipeline Pipeline[ Id: b86019bc-bf24-41e3-994f-c3b94a1dfe63, Nodes: 1d4c94a4-799e-479c-ac36-811ba7ef20cf{ip: 192.168.5.181, host: trunk-nightly-q2gwj-1111726333, networkLocation: /default-rack, certSerialId: null}, Type:RATIS, Factor:ONE, State:OPEN]
2019-07-13 12:48:25,928 INFO  node.SCMNodeManager (SCMNodeManager.java:register(269)) - Registered Data node : cab6b129-9351-4254-994a-da312a3a076e{ip: 192.168.5.181, host: trunk-nightly-q2gwj-1111726333, networkLocation: /default-rack, certSerialId: null}
2019-07-13 12:48:25,946 INFO  impl.RaftServerProxy (RaftServerProxy.java:addNew(89)) - cab6b129-9351-4254-994a-da312a3a076e: addNew group-DF6D5AB6BA1E:[cab6b129-9351-4254-994a-da312a3a076e:192.168.5.181:44125] returns group-DF6D5AB6BA1E:java.util.concurrent.CompletableFuture@65571200[Not completed]
2019-07-13 12:48:25,947 INFO  impl.RaftServerImpl (RaftServerImpl.java:<init>(93)) - cab6b129-9351-4254-994a-da312a3a076e: new RaftServerImpl for group-DF6D5AB6BA1E:[cab6b129-9351-4254-994a-da312a3a076e:192.168.5.181:44125] with ContainerStateMachine:uninitialized
2019-07-13 12:48:25,947 INFO  server.RaftServerConfigKeys (ConfUtils.java:logGet(43)) - raft.server.rpc.timeout.min = 5s (custom)
2019-07-13 12:48:25,947 INFO  server.RaftServerConfigKeys (ConfUtils.java:logGet(43)) - raft.server.rpc.timeout.max = 5200ms (custom)
2019-07-13 12:48:25,947 INFO  server.RaftServerConfigKeys (ConfUtils.java:logGet(43)) - raft.server.rpcslowness.timeout = 120s (custom)
2019-07-13 12:48:25,947 INFO  server.RaftServerConfigKeys (ConfUtils.java:logGet(43)) - raft.server.sleep.deviation.threshold = 300 (default)
2019-07-13 12:48:25,948 INFO  server.RaftServerConfigKeys (ConfUtils.java:logGet(43)) - raft.server.log.appender.install.snapshot.enabled = false (custom)
2019-07-13 12:48:25,948 INFO  impl.RaftServerImpl (ServerState.java:<init>(105)) - cab6b129-9351-4254-994a-da312a3a076e:group-DF6D5AB6BA1E ConfigurationManager, init=-1: [cab6b129-9351-4254-994a-da312a3a076e:192.168.5.181:44125], old=null, confs=<EMPTY_MAP>
2019-07-13 12:48:25,948 INFO  server.RaftServerConfigKeys (ConfUtils.java:logGet(43)) - raft.server.storage.dir = [/tmp/workdir/hadoop-ozone/integration-test/target/test-dir/MiniOzoneClusterImpl-cb250770-3b56-48ad-9bf9-87237a740c2b/datanode-4/data/ratis] (custom)
2019-07-13 12:48:25,948 INFO  storage.RaftStorageDirectory (RaftStorageDirectory.java:analyzeStorage(246)) - The storage directory /tmp/workdir/hadoop-ozone/integration-test/target/test-dir/MiniOzoneClusterImpl-cb250770-3b56-48ad-9bf9-87237a740c2b/datanode-4/data/ratis/1baa3f98-5533-4031-bf17-df6d5ab6ba1e does not exist. Creating ...
2019-07-13 12:48:25,953 INFO  storage.RaftStorageDirectory (RaftStorageDirectory.java:tryLock(328)) - Lock on /tmp/workdir/hadoop-ozone/integration-test/target/test-dir/MiniOzoneClusterImpl-cb250770-3b56-48ad-9bf9-87237a740c2b/datanode-4/data/ratis/1baa3f98-5533-4031-bf17-df6d5ab6ba1e/in_use.lock acquired by nodename 28904@trunk-nightly-q2gwj-1111726333
2019-07-13 12:48:25,957 INFO  storage.RaftStorage (RaftStorage.java:format(72)) - Storage directory /tmp/workdir/hadoop-ozone/integration-test/target/test-dir/MiniOzoneClusterImpl-cb250770-3b56-48ad-9bf9-87237a740c2b/datanode-4/data/ratis/1baa3f98-5533-4031-bf17-df6d5ab6ba1e has been successfully formatted.
2019-07-13 12:48:25,957 INFO  ratis.ContainerStateMachine (ContainerStateMachine.java:loadSnapshot(200)) - The snapshot info is null.Setting the last applied index to:(t:0, i:~)
2019-07-13 12:48:25,957 INFO  server.RaftServerConfigKeys (ConfUtils.java:logGet(43)) - raft.server.leader.election.timeout = 120s (custom)
2019-07-13 12:48:25,957 INFO  server.RaftServerConfigKeys (ConfUtils.java:logGet(43)) - raft.server.log.use.memory = false (default)
2019-07-13 12:48:25,957 INFO  server.RaftServerConfigKeys (ConfUtils.java:logGet(43)) - raft.server.log.purge.gap = 1000000000 (custom)
2019-07-13 12:48:25,958 INFO  server.RaftServerConfigKeys (ConfUtils.java:logGet(43)) - raft.server.log.appender.buffer.byte-limit = 33554432 (custom)
2019-07-13 12:48:25,958 INFO  server.RaftServerConfigKeys (ConfUtils.java:logGet(43)) - raft.server.log.segment.size.max = 1048576 (custom)
2019-07-13 12:48:25,958 INFO  server.RaftServerConfigKeys (ConfUtils.java:logGet(43)) - raft.server.log.segment.cache.num.max = 2 (custom)
2019-07-13 12:48:25,958 INFO  segmented.SegmentedRaftLogWorker (SegmentedRaftLogWorker.java:<init>(172)) - new cab6b129-9351-4254-994a-da312a3a076e-SegmentedRaftLogWorker:Storage Directory /tmp/workdir/hadoop-ozone/integration-test/target/test-dir/MiniOzoneClusterImpl-cb250770-3b56-48ad-9bf9-87237a740c2b/datanode-4/data/ratis/1baa3f98-5533-4031-bf17-df6d5ab6ba1e for RaftStorage:Storage Directory /tmp/workdir/hadoop-ozone/integration-test/target/test-dir/MiniOzoneClusterImpl-cb250770-3b56-48ad-9bf9-87237a740c2b/datanode-4/data/ratis/1baa3f98-5533-4031-bf17-df6d5ab6ba1e
2019-07-13 12:48:25,958 INFO  server.RaftServerConfigKeys (ConfUtils.java:logGet(43)) - raft.server.log.queue.byte-limit = 2147483647 (custom)
2019-07-13 12:48:25,959 INFO  server.RaftServerConfigKeys (ConfUtils.java:logGet(43)) - raft.server.log.queue.element-limit = 1024 (custom)
2019-07-13 12:48:25,959 INFO  server.RaftServerConfigKeys (ConfUtils.java:logGet(43)) - raft.server.log.segment.size.max = 1048576 (custom)
2019-07-13 12:48:25,959 INFO  server.RaftServerConfigKeys (ConfUtils.java:logGet(43)) - raft.server.log.preallocated.size = 16384 (custom)
2019-07-13 12:48:25,959 INFO  server.RaftServerConfigKeys (ConfUtils.java:logGet(43)) - raft.server.log.write.buffer.size = 33554432 (custom)
2019-07-13 12:48:25,959 INFO  server.RaftServerConfigKeys (ConfUtils.java:logGet(43)) - raft.server.log.force.sync.num = 128 (default)
2019-07-13 12:48:25,959 INFO  server.RaftServerConfigKeys (ConfUtils.java:logGet(43)) - raft.server.log.statemachine.data.sync = true (default)
2019-07-13 12:48:25,960 INFO  server.RaftServerConfigKeys (ConfUtils.java:logGet(43)) - raft.server.log.statemachine.data.sync.timeout = 10s (default)
2019-07-13 12:48:25,960 INFO  server.RaftServerConfigKeys (ConfUtils.java:logGet(43)) - raft.server.log.statemachine.data.sync.timeout.retry = -1 (default)
2019-07-13 12:48:25,960 INFO  server.RaftServerConfigKeys (ConfUtils.java:logGet(43)) - raft.server.log.statemachine.data.caching.enabled = true (custom)
2019-07-13 12:48:25,960 INFO  segmented.SegmentedRaftLogWorker (SegmentedRaftLogWorker.java:lambda$new$0(132)) - cab6b129-9351-4254-994a-da312a3a076e-SegmentedRaftLogWorker:Storage Directory /tmp/workdir/hadoop-ozone/integration-test/target/test-dir/MiniOzoneClusterImpl-cb250770-3b56-48ad-9bf9-87237a740c2b/datanode-4/data/ratis/1baa3f98-5533-4031-bf17-df6d5ab6ba1e: flushIndex: setUnconditionally 0 -> -1
2019-07-13 12:48:25,961 INFO  server.RaftServerConfigKeys (ConfUtils.java:logGet(43)) - raft.server.snapshot.auto.trigger.enabled = true (custom)
2019-07-13 12:48:25,961 INFO  server.RaftServerConfigKeys (ConfUtils.java:logGet(43)) - raft.server.snapshot.auto.trigger.threshold = 10000 (custom)
2019-07-13 12:48:25,961 INFO  server.RaftServerConfigKeys (ConfUtils.java:logGet(43)) - raft.server.retrycache.expirytime = 600000ms (custom)
2019-07-13 12:48:25,961 INFO  impl.RaftServerImpl (RaftServerImpl.java:start(180)) - cab6b129-9351-4254-994a-da312a3a076e: start group-DF6D5AB6BA1E
2019-07-13 12:48:25,962 INFO  impl.RaftServerImpl (RaftServerImpl.java:setRole(171)) - cab6b129-9351-4254-994a-da312a3a076e:group-DF6D5AB6BA1E changes role from null to FOLLOWER at term 0 for startAsFollower
2019-07-13 12:48:25,962 INFO  impl.RoleInfo (RoleInfo.java:updateAndGet(143)) - cab6b129-9351-4254-994a-da312a3a076e: start FollowerState
2019-07-13 12:48:25,962 INFO  util.JmxRegister (JmxRegister.java:tryRegister(44)) - Successfully registered JMX Bean with object name Ratis:service=RaftServer,group=group-DF6D5AB6BA1E,id=cab6b129-9351-4254-994a-da312a3a076e
2019-07-13 12:48:25,965 INFO  pipeline.PipelineStateManager (PipelineStateManager.java:addPipeline(56)) - Created pipeline Pipeline[ Id: 1baa3f98-5533-4031-bf17-df6d5ab6ba1e, Nodes: cab6b129-9351-4254-994a-da312a3a076e{ip: 192.168.5.181, host: trunk-nightly-q2gwj-1111726333, networkLocation: /default-rack, certSerialId: null}, Type:RATIS, Factor:ONE, State:OPEN]
2019-07-13 12:48:26,148 INFO  node.SCMNodeManager (SCMNodeManager.java:register(269)) - Registered Data node : ff33fd3b-906a-4e09-b6cf-423d87ab46a8{ip: 192.168.5.181, host: trunk-nightly-q2gwj-1111726333, networkLocation: /default-rack, certSerialId: null}
2019-07-13 12:48:26,164 INFO  impl.RaftServerProxy (RaftServerProxy.java:addNew(89)) - ff33fd3b-906a-4e09-b6cf-423d87ab46a8: addNew group-0044078A2638:[ff33fd3b-906a-4e09-b6cf-423d87ab46a8:192.168.5.181:42601] returns group-0044078A2638:java.util.concurrent.CompletableFuture@17397852[Not completed]
2019-07-13 12:48:26,165 INFO  impl.RaftServerImpl (RaftServerImpl.java:<init>(93)) - ff33fd3b-906a-4e09-b6cf-423d87ab46a8: new RaftServerImpl for group-0044078A2638:[ff33fd3b-906a-4e09-b6cf-423d87ab46a8:192.168.5.181:42601] with ContainerStateMachine:uninitialized
2019-07-13 12:48:26,165 INFO  server.RaftServerConfigKeys (ConfUtils.java:logGet(43)) - raft.server.rpc.timeout.min = 5s (custom)
2019-07-13 12:48:26,165 INFO  server.RaftServerConfigKeys (ConfUtils.java:logGet(43)) - raft.server.rpc.timeout.max = 5200ms (custom)
2019-07-13 12:48:26,165 INFO  server.RaftServerConfigKeys (ConfUtils.java:logGet(43)) - raft.server.rpcslowness.timeout = 120s (custom)
2019-07-13 12:48:26,165 INFO  server.RaftServerConfigKeys (ConfUtils.java:logGet(43)) - raft.server.sleep.deviation.threshold = 300 (default)
2019-07-13 12:48:26,165 INFO  server.RaftServerConfigKeys (ConfUtils.java:logGet(43)) - raft.server.log.appender.install.snapshot.enabled = false (custom)
2019-07-13 12:48:26,166 INFO  impl.RaftServerImpl (ServerState.java:<init>(105)) - ff33fd3b-906a-4e09-b6cf-423d87ab46a8:group-0044078A2638 ConfigurationManager, init=-1: [ff33fd3b-906a-4e09-b6cf-423d87ab46a8:192.168.5.181:42601], old=null, confs=<EMPTY_MAP>
2019-07-13 12:48:26,166 INFO  server.RaftServerConfigKeys (ConfUtils.java:logGet(43)) - raft.server.storage.dir = [/tmp/workdir/hadoop-ozone/integration-test/target/test-dir/MiniOzoneClusterImpl-cb250770-3b56-48ad-9bf9-87237a740c2b/datanode-5/data/ratis] (custom)
2019-07-13 12:48:26,166 INFO  storage.RaftStorageDirectory (RaftStorageDirectory.java:analyzeStorage(246)) - The storage directory /tmp/workdir/hadoop-ozone/integration-test/target/test-dir/MiniOzoneClusterImpl-cb250770-3b56-48ad-9bf9-87237a740c2b/datanode-5/data/ratis/39056a2e-0076-4b4d-baf1-0044078a2638 does not exist. Creating ...
2019-07-13 12:48:26,179 INFO  storage.RaftStorageDirectory (RaftStorageDirectory.java:tryLock(328)) - Lock on /tmp/workdir/hadoop-ozone/integration-test/target/test-dir/MiniOzoneClusterImpl-cb250770-3b56-48ad-9bf9-87237a740c2b/datanode-5/data/ratis/39056a2e-0076-4b4d-baf1-0044078a2638/in_use.lock acquired by nodename 28904@trunk-nightly-q2gwj-1111726333
2019-07-13 12:48:26,190 INFO  storage.RaftStorage (RaftStorage.java:format(72)) - Storage directory /tmp/workdir/hadoop-ozone/integration-test/target/test-dir/MiniOzoneClusterImpl-cb250770-3b56-48ad-9bf9-87237a740c2b/datanode-5/data/ratis/39056a2e-0076-4b4d-baf1-0044078a2638 has been successfully formatted.
2019-07-13 12:48:26,190 INFO  ratis.ContainerStateMachine (ContainerStateMachine.java:loadSnapshot(200)) - The snapshot info is null.Setting the last applied index to:(t:0, i:~)
2019-07-13 12:48:26,190 INFO  server.RaftServerConfigKeys (ConfUtils.java:logGet(43)) - raft.server.leader.election.timeout = 120s (custom)
2019-07-13 12:48:26,191 INFO  server.RaftServerConfigKeys (ConfUtils.java:logGet(43)) - raft.server.log.use.memory = false (default)
2019-07-13 12:48:26,191 INFO  server.RaftServerConfigKeys (ConfUtils.java:logGet(43)) - raft.server.log.purge.gap = 1000000000 (custom)
2019-07-13 12:48:26,191 INFO  server.RaftServerConfigKeys (ConfUtils.java:logGet(43)) - raft.server.log.appender.buffer.byte-limit = 33554432 (custom)
2019-07-13 12:48:26,191 INFO  server.RaftServerConfigKeys (ConfUtils.java:logGet(43)) - raft.server.log.segment.size.max = 1048576 (custom)
2019-07-13 12:48:26,191 INFO  server.RaftServerConfigKeys (ConfUtils.java:logGet(43)) - raft.server.log.segment.cache.num.max = 2 (custom)
2019-07-13 12:48:26,191 INFO  segmented.SegmentedRaftLogWorker (SegmentedRaftLogWorker.java:<init>(172)) - new ff33fd3b-906a-4e09-b6cf-423d87ab46a8-SegmentedRaftLogWorker:Storage Directory /tmp/workdir/hadoop-ozone/integration-test/target/test-dir/MiniOzoneClusterImpl-cb250770-3b56-48ad-9bf9-87237a740c2b/datanode-5/data/ratis/39056a2e-0076-4b4d-baf1-0044078a2638 for RaftStorage:Storage Directory /tmp/workdir/hadoop-ozone/integration-test/target/test-dir/MiniOzoneClusterImpl-cb250770-3b56-48ad-9bf9-87237a740c2b/datanode-5/data/ratis/39056a2e-0076-4b4d-baf1-0044078a2638
2019-07-13 12:48:26,192 INFO  server.RaftServerConfigKeys (ConfUtils.java:logGet(43)) - raft.server.log.queue.byte-limit = 2147483647 (custom)
2019-07-13 12:48:26,192 INFO  server.RaftServerConfigKeys (ConfUtils.java:logGet(43)) - raft.server.log.queue.element-limit = 1024 (custom)
2019-07-13 12:48:26,192 INFO  server.RaftServerConfigKeys (ConfUtils.java:logGet(43)) - raft.server.log.segment.size.max = 1048576 (custom)
2019-07-13 12:48:26,192 INFO  server.RaftServerConfigKeys (ConfUtils.java:logGet(43)) - raft.server.log.preallocated.size = 16384 (custom)
2019-07-13 12:48:26,192 INFO  server.RaftServerConfigKeys (ConfUtils.java:logGet(43)) - raft.server.log.write.buffer.size = 33554432 (custom)
2019-07-13 12:48:26,192 INFO  server.RaftServerConfigKeys (ConfUtils.java:logGet(43)) - raft.server.log.force.sync.num = 128 (default)
2019-07-13 12:48:26,192 INFO  server.RaftServerConfigKeys (ConfUtils.java:logGet(43)) - raft.server.log.statemachine.data.sync = true (default)
2019-07-13 12:48:26,193 INFO  server.RaftServerConfigKeys (ConfUtils.java:logGet(43)) - raft.server.log.statemachine.data.sync.timeout = 10s (default)
2019-07-13 12:48:26,193 INFO  server.RaftServerConfigKeys (ConfUtils.java:logGet(43)) - raft.server.log.statemachine.data.sync.timeout.retry = -1 (default)
2019-07-13 12:48:26,193 INFO  server.RaftServerConfigKeys (ConfUtils.java:logGet(43)) - raft.server.log.statemachine.data.caching.enabled = true (custom)
2019-07-13 12:48:26,193 INFO  segmented.SegmentedRaftLogWorker (SegmentedRaftLogWorker.java:lambda$new$0(132)) - ff33fd3b-906a-4e09-b6cf-423d87ab46a8-SegmentedRaftLogWorker:Storage Directory /tmp/workdir/hadoop-ozone/integration-test/target/test-dir/MiniOzoneClusterImpl-cb250770-3b56-48ad-9bf9-87237a740c2b/datanode-5/data/ratis/39056a2e-0076-4b4d-baf1-0044078a2638: flushIndex: setUnconditionally 0 -> -1
2019-07-13 12:48:26,194 INFO  server.RaftServerConfigKeys (ConfUtils.java:logGet(43)) - raft.server.snapshot.auto.trigger.enabled = true (custom)
2019-07-13 12:48:26,194 INFO  server.RaftServerConfigKeys (ConfUtils.java:logGet(43)) - raft.server.snapshot.auto.trigger.threshold = 10000 (custom)
2019-07-13 12:48:26,194 INFO  server.RaftServerConfigKeys (ConfUtils.java:logGet(43)) - raft.server.retrycache.expirytime = 600000ms (custom)
2019-07-13 12:48:26,194 INFO  impl.RaftServerImpl (RaftServerImpl.java:start(180)) - ff33fd3b-906a-4e09-b6cf-423d87ab46a8: start group-0044078A2638
2019-07-13 12:48:26,194 INFO  impl.RaftServerImpl (RaftServerImpl.java:setRole(171)) - ff33fd3b-906a-4e09-b6cf-423d87ab46a8:group-0044078A2638 changes role from null to FOLLOWER at term 0 for startAsFollower
2019-07-13 12:48:26,194 INFO  impl.RoleInfo (RoleInfo.java:updateAndGet(143)) - ff33fd3b-906a-4e09-b6cf-423d87ab46a8: start FollowerState
2019-07-13 12:48:26,195 INFO  util.JmxRegister (JmxRegister.java:tryRegister(44)) - Successfully registered JMX Bean with object name Ratis:service=RaftServer,group=group-0044078A2638,id=ff33fd3b-906a-4e09-b6cf-423d87ab46a8
2019-07-13 12:48:26,197 INFO  pipeline.PipelineStateManager (PipelineStateManager.java:addPipeline(56)) - Created pipeline Pipeline[ Id: 39056a2e-0076-4b4d-baf1-0044078a2638, Nodes: ff33fd3b-906a-4e09-b6cf-423d87ab46a8{ip: 192.168.5.181, host: trunk-nightly-q2gwj-1111726333, networkLocation: /default-rack, certSerialId: null}, Type:RATIS, Factor:ONE, State:OPEN]
2019-07-13 12:48:26,223 INFO  impl.RaftServerProxy (RaftServerProxy.java:addNew(89)) - 1d4c94a4-799e-479c-ac36-811ba7ef20cf: addNew group-9A5BEDA81D51:[cab6b129-9351-4254-994a-da312a3a076e:192.168.5.181:44125, 1d4c94a4-799e-479c-ac36-811ba7ef20cf:192.168.5.181:38846, ff33fd3b-906a-4e09-b6cf-423d87ab46a8:192.168.5.181:42601] returns group-9A5BEDA81D51:java.util.concurrent.CompletableFuture@8a639f0[Not completed]
2019-07-13 12:48:26,223 INFO  impl.RaftServerProxy (RaftServerProxy.java:addNew(89)) - ff33fd3b-906a-4e09-b6cf-423d87ab46a8: addNew group-9A5BEDA81D51:[cab6b129-9351-4254-994a-da312a3a076e:192.168.5.181:44125, 1d4c94a4-799e-479c-ac36-811ba7ef20cf:192.168.5.181:38846, ff33fd3b-906a-4e09-b6cf-423d87ab46a8:192.168.5.181:42601] returns group-9A5BEDA81D51:java.util.concurrent.CompletableFuture@c28803b[Not completed]
2019-07-13 12:48:26,223 INFO  impl.RaftServerProxy (RaftServerProxy.java:addNew(89)) - cab6b129-9351-4254-994a-da312a3a076e: addNew group-9A5BEDA81D51:[cab6b129-9351-4254-994a-da312a3a076e:192.168.5.181:44125, 1d4c94a4-799e-479c-ac36-811ba7ef20cf:192.168.5.181:38846, ff33fd3b-906a-4e09-b6cf-423d87ab46a8:192.168.5.181:42601] returns group-9A5BEDA81D51:java.util.concurrent.CompletableFuture@39afbca1[Not completed]
2019-07-13 12:48:26,224 INFO  impl.RaftServerImpl (RaftServerImpl.java:<init>(93)) - 1d4c94a4-799e-479c-ac36-811ba7ef20cf: new RaftServerImpl for group-9A5BEDA81D51:[cab6b129-9351-4254-994a-da312a3a076e:192.168.5.181:44125, 1d4c94a4-799e-479c-ac36-811ba7ef20cf:192.168.5.181:38846, ff33fd3b-906a-4e09-b6cf-423d87ab46a8:192.168.5.181:42601] with ContainerStateMachine:uninitialized
2019-07-13 12:48:26,224 INFO  server.RaftServerConfigKeys (ConfUtils.java:logGet(43)) - raft.server.rpc.timeout.min = 5s (custom)
2019-07-13 12:48:26,224 INFO  server.RaftServerConfigKeys (ConfUtils.java:logGet(43)) - raft.server.rpc.timeout.max = 5200ms (custom)
2019-07-13 12:48:26,224 INFO  impl.RaftServerImpl (RaftServerImpl.java:<init>(93)) - cab6b129-9351-4254-994a-da312a3a076e: new RaftServerImpl for group-9A5BEDA81D51:[cab6b129-9351-4254-994a-da312a3a076e:192.168.5.181:44125, 1d4c94a4-799e-479c-ac36-811ba7ef20cf:192.168.5.181:38846, ff33fd3b-906a-4e09-b6cf-423d87ab46a8:192.168.5.181:42601] with ContainerStateMachine:uninitialized
2019-07-13 12:48:26,225 INFO  server.RaftServerConfigKeys (ConfUtils.java:logGet(43)) - raft.server.rpcslowness.timeout = 120s (custom)
2019-07-13 12:48:26,225 INFO  server.RaftServerConfigKeys (ConfUtils.java:logGet(43)) - raft.server.rpc.timeout.min = 5s (custom)
2019-07-13 12:48:26,225 INFO  impl.RaftServerImpl (RaftServerImpl.java:<init>(93)) - ff33fd3b-906a-4e09-b6cf-423d87ab46a8: new RaftServerImpl for group-9A5BEDA81D51:[cab6b129-9351-4254-994a-da312a3a076e:192.168.5.181:44125, 1d4c94a4-799e-479c-ac36-811ba7ef20cf:192.168.5.181:38846, ff33fd3b-906a-4e09-b6cf-423d87ab46a8:192.168.5.181:42601] with ContainerStateMachine:uninitialized
2019-07-13 12:48:26,225 INFO  server.RaftServerConfigKeys (ConfUtils.java:logGet(43)) - raft.server.sleep.deviation.threshold = 300 (default)
2019-07-13 12:48:26,225 INFO  server.RaftServerConfigKeys (ConfUtils.java:logGet(43)) - raft.server.rpc.timeout.min = 5s (custom)
2019-07-13 12:48:26,225 INFO  server.RaftServerConfigKeys (ConfUtils.java:logGet(43)) - raft.server.rpc.timeout.max = 5200ms (custom)
2019-07-13 12:48:26,225 INFO  server.RaftServerConfigKeys (ConfUtils.java:logGet(43)) - raft.server.rpc.timeout.max = 5200ms (custom)
2019-07-13 12:48:26,225 INFO  server.RaftServerConfigKeys (ConfUtils.java:logGet(43)) - raft.server.rpcslowness.timeout = 120s (custom)
2019-07-13 12:48:26,226 INFO  server.RaftServerConfigKeys (ConfUtils.java:logGet(43)) - raft.server.sleep.deviation.threshold = 300 (default)
2019-07-13 12:48:26,225 INFO  server.RaftServerConfigKeys (ConfUtils.java:logGet(43)) - raft.server.log.appender.install.snapshot.enabled = false (custom)
2019-07-13 12:48:26,226 INFO  server.RaftServerConfigKeys (ConfUtils.java:logGet(43)) - raft.server.log.appender.install.snapshot.enabled = false (custom)
2019-07-13 12:48:26,226 INFO  server.RaftServerConfigKeys (ConfUtils.java:logGet(43)) - raft.server.rpcslowness.timeout = 120s (custom)
2019-07-13 12:48:26,226 INFO  impl.RaftServerImpl (ServerState.java:<init>(105)) - ff33fd3b-906a-4e09-b6cf-423d87ab46a8:group-9A5BEDA81D51 ConfigurationManager, init=-1: [cab6b129-9351-4254-994a-da312a3a076e:192.168.5.181:44125, 1d4c94a4-799e-479c-ac36-811ba7ef20cf:192.168.5.181:38846, ff33fd3b-906a-4e09-b6cf-423d87ab46a8:192.168.5.181:42601], old=null, confs=<EMPTY_MAP>
2019-07-13 12:48:26,226 INFO  impl.RaftServerImpl (ServerState.java:<init>(105)) - 1d4c94a4-799e-479c-ac36-811ba7ef20cf:group-9A5BEDA81D51 ConfigurationManager, init=-1: [cab6b129-9351-4254-994a-da312a3a076e:192.168.5.181:44125, 1d4c94a4-799e-479c-ac36-811ba7ef20cf:192.168.5.181:38846, ff33fd3b-906a-4e09-b6cf-423d87ab46a8:192.168.5.181:42601], old=null, confs=<EMPTY_MAP>
2019-07-13 12:48:26,227 INFO  server.RaftServerConfigKeys (ConfUtils.java:logGet(43)) - raft.server.storage.dir = [/tmp/workdir/hadoop-ozone/integration-test/target/test-dir/MiniOzoneClusterImpl-cb250770-3b56-48ad-9bf9-87237a740c2b/datanode-5/data/ratis] (custom)
2019-07-13 12:48:26,226 INFO  server.RaftServerConfigKeys (ConfUtils.java:logGet(43)) - raft.server.sleep.deviation.threshold = 300 (default)
2019-07-13 12:48:26,227 INFO  server.RaftServerConfigKeys (ConfUtils.java:logGet(43)) - raft.server.storage.dir = [/tmp/workdir/hadoop-ozone/integration-test/target/test-dir/MiniOzoneClusterImpl-cb250770-3b56-48ad-9bf9-87237a740c2b/datanode-3/data/ratis] (custom)
2019-07-13 12:48:26,227 INFO  server.RaftServerConfigKeys (ConfUtils.java:logGet(43)) - raft.server.log.appender.install.snapshot.enabled = false (custom)
2019-07-13 12:48:26,227 INFO  storage.RaftStorageDirectory (RaftStorageDirectory.java:analyzeStorage(246)) - The storage directory /tmp/workdir/hadoop-ozone/integration-test/target/test-dir/MiniOzoneClusterImpl-cb250770-3b56-48ad-9bf9-87237a740c2b/datanode-5/data/ratis/f9b840bf-2b8c-4017-8953-9a5beda81d51 does not exist. Creating ...
2019-07-13 12:48:26,227 INFO  impl.RaftServerImpl (ServerState.java:<init>(105)) - cab6b129-9351-4254-994a-da312a3a076e:group-9A5BEDA81D51 ConfigurationManager, init=-1: [cab6b129-9351-4254-994a-da312a3a076e:192.168.5.181:44125, 1d4c94a4-799e-479c-ac36-811ba7ef20cf:192.168.5.181:38846, ff33fd3b-906a-4e09-b6cf-423d87ab46a8:192.168.5.181:42601], old=null, confs=<EMPTY_MAP>
2019-07-13 12:48:26,227 INFO  storage.RaftStorageDirectory (RaftStorageDirectory.java:analyzeStorage(246)) - The storage directory /tmp/workdir/hadoop-ozone/integration-test/target/test-dir/MiniOzoneClusterImpl-cb250770-3b56-48ad-9bf9-87237a740c2b/datanode-3/data/ratis/f9b840bf-2b8c-4017-8953-9a5beda81d51 does not exist. Creating ...
2019-07-13 12:48:26,227 INFO  server.RaftServerConfigKeys (ConfUtils.java:logGet(43)) - raft.server.storage.dir = [/tmp/workdir/hadoop-ozone/integration-test/target/test-dir/MiniOzoneClusterImpl-cb250770-3b56-48ad-9bf9-87237a740c2b/datanode-4/data/ratis] (custom)
2019-07-13 12:48:26,228 INFO  storage.RaftStorageDirectory (RaftStorageDirectory.java:analyzeStorage(246)) - The storage directory /tmp/workdir/hadoop-ozone/integration-test/target/test-dir/MiniOzoneClusterImpl-cb250770-3b56-48ad-9bf9-87237a740c2b/datanode-4/data/ratis/f9b840bf-2b8c-4017-8953-9a5beda81d51 does not exist. Creating ...
2019-07-13 12:48:26,232 INFO  storage.RaftStorageDirectory (RaftStorageDirectory.java:tryLock(328)) - Lock on /tmp/workdir/hadoop-ozone/integration-test/target/test-dir/MiniOzoneClusterImpl-cb250770-3b56-48ad-9bf9-87237a740c2b/datanode-3/data/ratis/f9b840bf-2b8c-4017-8953-9a5beda81d51/in_use.lock acquired by nodename 28904@trunk-nightly-q2gwj-1111726333
2019-07-13 12:48:26,232 INFO  storage.RaftStorageDirectory (RaftStorageDirectory.java:tryLock(328)) - Lock on /tmp/workdir/hadoop-ozone/integration-test/target/test-dir/MiniOzoneClusterImpl-cb250770-3b56-48ad-9bf9-87237a740c2b/datanode-4/data/ratis/f9b840bf-2b8c-4017-8953-9a5beda81d51/in_use.lock acquired by nodename 28904@trunk-nightly-q2gwj-1111726333
2019-07-13 12:48:26,232 INFO  storage.RaftStorageDirectory (RaftStorageDirectory.java:tryLock(328)) - Lock on /tmp/workdir/hadoop-ozone/integration-test/target/test-dir/MiniOzoneClusterImpl-cb250770-3b56-48ad-9bf9-87237a740c2b/datanode-5/data/ratis/f9b840bf-2b8c-4017-8953-9a5beda81d51/in_use.lock acquired by nodename 28904@trunk-nightly-q2gwj-1111726333
2019-07-13 12:48:26,237 INFO  storage.RaftStorage (RaftStorage.java:format(72)) - Storage directory /tmp/workdir/hadoop-ozone/integration-test/target/test-dir/MiniOzoneClusterImpl-cb250770-3b56-48ad-9bf9-87237a740c2b/datanode-3/data/ratis/f9b840bf-2b8c-4017-8953-9a5beda81d51 has been successfully formatted.
2019-07-13 12:48:26,237 INFO  storage.RaftStorage (RaftStorage.java:format(72)) - Storage directory /tmp/workdir/hadoop-ozone/integration-test/target/test-dir/MiniOzoneClusterImpl-cb250770-3b56-48ad-9bf9-87237a740c2b/datanode-4/data/ratis/f9b840bf-2b8c-4017-8953-9a5beda81d51 has been successfully formatted.
2019-07-13 12:48:26,237 INFO  ratis.ContainerStateMachine (ContainerStateMachine.java:loadSnapshot(200)) - The snapshot info is null.Setting the last applied index to:(t:0, i:~)
2019-07-13 12:48:26,238 INFO  ratis.ContainerStateMachine (ContainerStateMachine.java:loadSnapshot(200)) - The snapshot info is null.Setting the last applied index to:(t:0, i:~)
2019-07-13 12:48:26,237 INFO  storage.RaftStorage (RaftStorage.java:format(72)) - Storage directory /tmp/workdir/hadoop-ozone/integration-test/target/test-dir/MiniOzoneClusterImpl-cb250770-3b56-48ad-9bf9-87237a740c2b/datanode-5/data/ratis/f9b840bf-2b8c-4017-8953-9a5beda81d51 has been successfully formatted.
2019-07-13 12:48:26,238 INFO  server.RaftServerConfigKeys (ConfUtils.java:logGet(43)) - raft.server.leader.election.timeout = 120s (custom)
2019-07-13 12:48:26,238 INFO  ratis.ContainerStateMachine (ContainerStateMachine.java:loadSnapshot(200)) - The snapshot info is null.Setting the last applied index to:(t:0, i:~)
2019-07-13 12:48:26,238 INFO  server.RaftServerConfigKeys (ConfUtils.java:logGet(43)) - raft.server.leader.election.timeout = 120s (custom)
2019-07-13 12:48:26,238 INFO  server.RaftServerConfigKeys (ConfUtils.java:logGet(43)) - raft.server.leader.election.timeout = 120s (custom)
2019-07-13 12:48:26,238 INFO  server.RaftServerConfigKeys (ConfUtils.java:logGet(43)) - raft.server.log.use.memory = false (default)
2019-07-13 12:48:26,238 INFO  server.RaftServerConfigKeys (ConfUtils.java:logGet(43)) - raft.server.log.use.memory = false (default)
2019-07-13 12:48:26,238 INFO  server.RaftServerConfigKeys (ConfUtils.java:logGet(43)) - raft.server.log.use.memory = false (default)
2019-07-13 12:48:26,239 INFO  server.RaftServerConfigKeys (ConfUtils.java:logGet(43)) - raft.server.log.purge.gap = 1000000000 (custom)
2019-07-13 12:48:26,239 INFO  server.RaftServerConfigKeys (ConfUtils.java:logGet(43)) - raft.server.log.appender.buffer.byte-limit = 33554432 (custom)
2019-07-13 12:48:26,239 INFO  server.RaftServerConfigKeys (ConfUtils.java:logGet(43)) - raft.server.log.purge.gap = 1000000000 (custom)
2019-07-13 12:48:26,239 INFO  server.RaftServerConfigKeys (ConfUtils.java:logGet(43)) - raft.server.log.segment.size.max = 1048576 (custom)
2019-07-13 12:48:26,239 INFO  server.RaftServerConfigKeys (ConfUtils.java:logGet(43)) - raft.server.log.purge.gap = 1000000000 (custom)
2019-07-13 12:48:26,240 INFO  server.RaftServerConfigKeys (ConfUtils.java:logGet(43)) - raft.server.log.segment.cache.num.max = 2 (custom)
2019-07-13 12:48:26,239 INFO  server.RaftServerConfigKeys (ConfUtils.java:logGet(43)) - raft.server.log.appender.buffer.byte-limit = 33554432 (custom)
2019-07-13 12:48:26,240 INFO  segmented.SegmentedRaftLogWorker (SegmentedRaftLogWorker.java:<init>(172)) - new 1d4c94a4-799e-479c-ac36-811ba7ef20cf-SegmentedRaftLogWorker:Storage Directory /tmp/workdir/hadoop-ozone/integration-test/target/test-dir/MiniOzoneClusterImpl-cb250770-3b56-48ad-9bf9-87237a740c2b/datanode-3/data/ratis/f9b840bf-2b8c-4017-8953-9a5beda81d51 for RaftStorage:Storage Directory /tmp/workdir/hadoop-ozone/integration-test/target/test-dir/MiniOzoneClusterImpl-cb250770-3b56-48ad-9bf9-87237a740c2b/datanode-3/data/ratis/f9b840bf-2b8c-4017-8953-9a5beda81d51
2019-07-13 12:48:26,240 INFO  server.RaftServerConfigKeys (ConfUtils.java:logGet(43)) - raft.server.log.appender.buffer.byte-limit = 33554432 (custom)
2019-07-13 12:48:26,240 INFO  server.RaftServerConfigKeys (ConfUtils.java:logGet(43)) - raft.server.log.queue.byte-limit = 2147483647 (custom)
2019-07-13 12:48:26,241 INFO  server.RaftServerConfigKeys (ConfUtils.java:logGet(43)) - raft.server.log.queue.element-limit = 1024 (custom)
2019-07-13 12:48:26,240 INFO  server.RaftServerConfigKeys (ConfUtils.java:logGet(43)) - raft.server.log.segment.size.max = 1048576 (custom)
2019-07-13 12:48:26,241 INFO  server.RaftServerConfigKeys (ConfUtils.java:logGet(43)) - raft.server.log.segment.size.max = 1048576 (custom)
2019-07-13 12:48:26,240 INFO  server.RaftServerConfigKeys (ConfUtils.java:logGet(43)) - raft.server.log.segment.size.max = 1048576 (custom)
2019-07-13 12:48:26,241 INFO  server.RaftServerConfigKeys (ConfUtils.java:logGet(43)) - raft.server.log.preallocated.size = 16384 (custom)
2019-07-13 12:48:26,241 INFO  server.RaftServerConfigKeys (ConfUtils.java:logGet(43)) - raft.server.log.write.buffer.size = 33554432 (custom)
2019-07-13 12:48:26,241 INFO  server.RaftServerConfigKeys (ConfUtils.java:logGet(43)) - raft.server.log.segment.cache.num.max = 2 (custom)
2019-07-13 12:48:26,242 INFO  server.RaftServerConfigKeys (ConfUtils.java:logGet(43)) - raft.server.log.force.sync.num = 128 (default)
2019-07-13 12:48:26,241 INFO  server.RaftServerConfigKeys (ConfUtils.java:logGet(43)) - raft.server.log.segment.cache.num.max = 2 (custom)
2019-07-13 12:48:26,242 INFO  server.RaftServerConfigKeys (ConfUtils.java:logGet(43)) - raft.server.log.statemachine.data.sync = true (default)
2019-07-13 12:48:26,242 INFO  segmented.SegmentedRaftLogWorker (SegmentedRaftLogWorker.java:<init>(172)) - new cab6b129-9351-4254-994a-da312a3a076e-SegmentedRaftLogWorker:Storage Directory /tmp/workdir/hadoop-ozone/integration-test/target/test-dir/MiniOzoneClusterImpl-cb250770-3b56-48ad-9bf9-87237a740c2b/datanode-4/data/ratis/f9b840bf-2b8c-4017-8953-9a5beda81d51 for RaftStorage:Storage Directory /tmp/workdir/hadoop-ozone/integration-test/target/test-dir/MiniOzoneClusterImpl-cb250770-3b56-48ad-9bf9-87237a740c2b/datanode-4/data/ratis/f9b840bf-2b8c-4017-8953-9a5beda81d51
2019-07-13 12:48:26,242 INFO  server.RaftServerConfigKeys (ConfUtils.java:logGet(43)) - raft.server.log.statemachine.data.sync.timeout = 10s (default)
2019-07-13 12:48:26,242 INFO  segmented.SegmentedRaftLogWorker (SegmentedRaftLogWorker.java:<init>(172)) - new ff33fd3b-906a-4e09-b6cf-423d87ab46a8-SegmentedRaftLogWorker:Storage Directory /tmp/workdir/hadoop-ozone/integration-test/target/test-dir/MiniOzoneClusterImpl-cb250770-3b56-48ad-9bf9-87237a740c2b/datanode-5/data/ratis/f9b840bf-2b8c-4017-8953-9a5beda81d51 for RaftStorage:Storage Directory /tmp/workdir/hadoop-ozone/integration-test/target/test-dir/MiniOzoneClusterImpl-cb250770-3b56-48ad-9bf9-87237a740c2b/datanode-5/data/ratis/f9b840bf-2b8c-4017-8953-9a5beda81d51
2019-07-13 12:48:26,243 INFO  server.RaftServerConfigKeys (ConfUtils.java:logGet(43)) - raft.server.log.statemachine.data.sync.timeout.retry = -1 (default)
2019-07-13 12:48:26,242 INFO  server.RaftServerConfigKeys (ConfUtils.java:logGet(43)) - raft.server.log.queue.byte-limit = 2147483647 (custom)
2019-07-13 12:48:26,243 INFO  server.RaftServerConfigKeys (ConfUtils.java:logGet(43)) - raft.server.log.statemachine.data.caching.enabled = true (custom)
2019-07-13 12:48:26,243 INFO  server.RaftServerConfigKeys (ConfUtils.java:logGet(43)) - raft.server.log.queue.byte-limit = 2147483647 (custom)
2019-07-13 12:48:26,243 INFO  server.RaftServerConfigKeys (ConfUtils.java:logGet(43)) - raft.server.log.queue.element-limit = 1024 (custom)
2019-07-13 12:48:26,244 INFO  segmented.SegmentedRaftLogWorker (SegmentedRaftLogWorker.java:lambda$new$0(132)) - 1d4c94a4-799e-479c-ac36-811ba7ef20cf-SegmentedRaftLogWorker:Storage Directory /tmp/workdir/hadoop-ozone/integration-test/target/test-dir/MiniOzoneClusterImpl-cb250770-3b56-48ad-9bf9-87237a740c2b/datanode-3/data/ratis/f9b840bf-2b8c-4017-8953-9a5beda81d51: flushIndex: setUnconditionally 0 -> -1
2019-07-13 12:48:26,244 INFO  server.RaftServerConfigKeys (ConfUtils.java:logGet(43)) - raft.server.log.queue.element-limit = 1024 (custom)
2019-07-13 12:48:26,244 INFO  server.RaftServerConfigKeys (ConfUtils.java:logGet(43)) - raft.server.log.segment.size.max = 1048576 (custom)
2019-07-13 12:48:26,244 INFO  server.RaftServerConfigKeys (ConfUtils.java:logGet(43)) - raft.server.snapshot.auto.trigger.enabled = true (custom)
2019-07-13 12:48:26,244 INFO  server.RaftServerConfigKeys (ConfUtils.java:logGet(43)) - raft.server.log.segment.size.max = 1048576 (custom)
2019-07-13 12:48:26,244 INFO  server.RaftServerConfigKeys (ConfUtils.java:logGet(43)) - raft.server.snapshot.auto.trigger.threshold = 10000 (custom)
2019-07-13 12:48:26,244 INFO  server.RaftServerConfigKeys (ConfUtils.java:logGet(43)) - raft.server.log.preallocated.size = 16384 (custom)
2019-07-13 12:48:26,245 INFO  server.RaftServerConfigKeys (ConfUtils.java:logGet(43)) - raft.server.retrycache.expirytime = 600000ms (custom)
2019-07-13 12:48:26,244 INFO  server.RaftServerConfigKeys (ConfUtils.java:logGet(43)) - raft.server.log.preallocated.size = 16384 (custom)
2019-07-13 12:48:26,245 INFO  impl.RaftServerImpl (RaftServerImpl.java:start(180)) - 1d4c94a4-799e-479c-ac36-811ba7ef20cf: start group-9A5BEDA81D51
2019-07-13 12:48:26,245 INFO  server.RaftServerConfigKeys (ConfUtils.java:logGet(43)) - raft.server.log.write.buffer.size = 33554432 (custom)
2019-07-13 12:48:26,245 INFO  impl.RaftServerImpl (RaftServerImpl.java:setRole(171)) - 1d4c94a4-799e-479c-ac36-811ba7ef20cf:group-9A5BEDA81D51 changes role from null to FOLLOWER at term 0 for startAsFollower
2019-07-13 12:48:26,245 INFO  server.RaftServerConfigKeys (ConfUtils.java:logGet(43)) - raft.server.log.write.buffer.size = 33554432 (custom)
2019-07-13 12:48:26,246 INFO  impl.RoleInfo (RoleInfo.java:updateAndGet(143)) - 1d4c94a4-799e-479c-ac36-811ba7ef20cf: start FollowerState
2019-07-13 12:48:26,245 INFO  server.RaftServerConfigKeys (ConfUtils.java:logGet(43)) - raft.server.log.force.sync.num = 128 (default)
2019-07-13 12:48:26,246 INFO  server.RaftServerConfigKeys (ConfUtils.java:logGet(43)) - raft.server.log.force.sync.num = 128 (default)
2019-07-13 12:48:26,246 INFO  util.JmxRegister (JmxRegister.java:tryRegister(44)) - Successfully registered JMX Bean with object name Ratis:service=RaftServer,group=group-9A5BEDA81D51,id=1d4c94a4-799e-479c-ac36-811ba7ef20cf
2019-07-13 12:48:26,246 INFO  server.RaftServerConfigKeys (ConfUtils.java:logGet(43)) - raft.server.log.statemachine.data.sync = true (default)
2019-07-13 12:48:26,246 INFO  server.RaftServerConfigKeys (ConfUtils.java:logGet(43)) - raft.server.log.statemachine.data.sync = true (default)
2019-07-13 12:48:26,247 INFO  server.RaftServerConfigKeys (ConfUtils.java:logGet(43)) - raft.server.log.statemachine.data.sync.timeout = 10s (default)
2019-07-13 12:48:26,247 INFO  server.RaftServerConfigKeys (ConfUtils.java:logGet(43)) - raft.server.log.statemachine.data.sync.timeout = 10s (default)
2019-07-13 12:48:26,247 INFO  server.RaftServerConfigKeys (ConfUtils.java:logGet(43)) - raft.server.log.statemachine.data.sync.timeout.retry = -1 (default)
2019-07-13 12:48:26,247 INFO  server.RaftServerConfigKeys (ConfUtils.java:logGet(43)) - raft.server.log.statemachine.data.sync.timeout.retry = -1 (default)
2019-07-13 12:48:26,247 INFO  server.RaftServerConfigKeys (ConfUtils.java:logGet(43)) - raft.server.log.statemachine.data.caching.enabled = true (custom)
2019-07-13 12:48:26,247 INFO  server.RaftServerConfigKeys (ConfUtils.java:logGet(43)) - raft.server.log.statemachine.data.caching.enabled = true (custom)
2019-07-13 12:48:26,248 INFO  segmented.SegmentedRaftLogWorker (SegmentedRaftLogWorker.java:lambda$new$0(132)) - cab6b129-9351-4254-994a-da312a3a076e-SegmentedRaftLogWorker:Storage Directory /tmp/workdir/hadoop-ozone/integration-test/target/test-dir/MiniOzoneClusterImpl-cb250770-3b56-48ad-9bf9-87237a740c2b/datanode-4/data/ratis/f9b840bf-2b8c-4017-8953-9a5beda81d51: flushIndex: setUnconditionally 0 -> -1
2019-07-13 12:48:26,248 INFO  segmented.SegmentedRaftLogWorker (SegmentedRaftLogWorker.java:lambda$new$0(132)) - ff33fd3b-906a-4e09-b6cf-423d87ab46a8-SegmentedRaftLogWorker:Storage Directory /tmp/workdir/hadoop-ozone/integration-test/target/test-dir/MiniOzoneClusterImpl-cb250770-3b56-48ad-9bf9-87237a740c2b/datanode-5/data/ratis/f9b840bf-2b8c-4017-8953-9a5beda81d51: flushIndex: setUnconditionally 0 -> -1
2019-07-13 12:48:26,248 INFO  server.RaftServerConfigKeys (ConfUtils.java:logGet(43)) - raft.server.snapshot.auto.trigger.enabled = true (custom)
2019-07-13 12:48:26,248 INFO  server.RaftServerConfigKeys (ConfUtils.java:logGet(43)) - raft.server.snapshot.auto.trigger.threshold = 10000 (custom)
2019-07-13 12:48:26,248 INFO  server.RaftServerConfigKeys (ConfUtils.java:logGet(43)) - raft.server.snapshot.auto.trigger.enabled = true (custom)
2019-07-13 12:48:26,248 INFO  server.RaftServerConfigKeys (ConfUtils.java:logGet(43)) - raft.server.retrycache.expirytime = 600000ms (custom)
2019-07-13 12:48:26,248 INFO  server.RaftServerConfigKeys (ConfUtils.java:logGet(43)) - raft.server.snapshot.auto.trigger.threshold = 10000 (custom)
2019-07-13 12:48:26,249 INFO  impl.RaftServerImpl (RaftServerImpl.java:start(180)) - cab6b129-9351-4254-994a-da312a3a076e: start group-9A5BEDA81D51
2019-07-13 12:48:26,249 INFO  server.RaftServerConfigKeys (ConfUtils.java:logGet(43)) - raft.server.retrycache.expirytime = 600000ms (custom)
2019-07-13 12:48:26,249 INFO  impl.RaftServerImpl (RaftServerImpl.java:setRole(171)) - cab6b129-9351-4254-994a-da312a3a076e:group-9A5BEDA81D51 changes role from null to FOLLOWER at term 0 for startAsFollower
2019-07-13 12:48:26,249 INFO  impl.RaftServerImpl (RaftServerImpl.java:start(180)) - ff33fd3b-906a-4e09-b6cf-423d87ab46a8: start group-9A5BEDA81D51
2019-07-13 12:48:26,249 INFO  impl.RoleInfo (RoleInfo.java:updateAndGet(143)) - cab6b129-9351-4254-994a-da312a3a076e: start FollowerState
2019-07-13 12:48:26,249 INFO  impl.RaftServerImpl (RaftServerImpl.java:setRole(171)) - ff33fd3b-906a-4e09-b6cf-423d87ab46a8:group-9A5BEDA81D51 changes role from null to FOLLOWER at term 0 for startAsFollower
2019-07-13 12:48:26,249 INFO  impl.RoleInfo (RoleInfo.java:updateAndGet(143)) - ff33fd3b-906a-4e09-b6cf-423d87ab46a8: start FollowerState
2019-07-13 12:48:26,250 INFO  util.JmxRegister (JmxRegister.java:tryRegister(44)) - Successfully registered JMX Bean with object name Ratis:service=RaftServer,group=group-9A5BEDA81D51,id=cab6b129-9351-4254-994a-da312a3a076e
2019-07-13 12:48:26,250 INFO  util.JmxRegister (JmxRegister.java:tryRegister(44)) - Successfully registered JMX Bean with object name Ratis:service=RaftServer,group=group-9A5BEDA81D51,id=ff33fd3b-906a-4e09-b6cf-423d87ab46a8
2019-07-13 12:48:26,252 INFO  pipeline.PipelineStateManager (PipelineStateManager.java:addPipeline(56)) - Created pipeline Pipeline[ Id: f9b840bf-2b8c-4017-8953-9a5beda81d51, Nodes: cab6b129-9351-4254-994a-da312a3a076e{ip: 192.168.5.181, host: trunk-nightly-q2gwj-1111726333, networkLocation: /default-rack, certSerialId: null}1d4c94a4-799e-479c-ac36-811ba7ef20cf{ip: 192.168.5.181, host: trunk-nightly-q2gwj-1111726333, networkLocation: /default-rack, certSerialId: null}ff33fd3b-906a-4e09-b6cf-423d87ab46a8{ip: 192.168.5.181, host: trunk-nightly-q2gwj-1111726333, networkLocation: /default-rack, certSerialId: null}, Type:RATIS, Factor:THREE, State:OPEN]
2019-07-13 12:48:26,339 INFO  node.SCMNodeManager (SCMNodeManager.java:register(269)) - Registered Data node : d83a3ddf-ce88-43e4-a076-450f54b3acee{ip: 192.168.5.181, host: trunk-nightly-q2gwj-1111726333, networkLocation: /default-rack, certSerialId: null}
2019-07-13 12:48:26,347 INFO  ozone.MiniOzoneClusterImpl (MiniOzoneClusterImpl.java:lambda$waitForClusterToBeReady$0(142)) - Cluster is ready. Got 7 of 7 DN Heartbeats.
2019-07-13 12:48:26,376 INFO  impl.RaftServerProxy (RaftServerProxy.java:addNew(89)) - d83a3ddf-ce88-43e4-a076-450f54b3acee: addNew group-CFAF14EDC5F7:[d83a3ddf-ce88-43e4-a076-450f54b3acee:192.168.5.181:45557] returns group-CFAF14EDC5F7:java.util.concurrent.CompletableFuture@5d749095[Not completed]
2019-07-13 12:48:26,377 INFO  impl.RaftServerImpl (RaftServerImpl.java:<init>(93)) - d83a3ddf-ce88-43e4-a076-450f54b3acee: new RaftServerImpl for group-CFAF14EDC5F7:[d83a3ddf-ce88-43e4-a076-450f54b3acee:192.168.5.181:45557] with ContainerStateMachine:uninitialized
2019-07-13 12:48:26,388 INFO  server.RaftServerConfigKeys (ConfUtils.java:logGet(43)) - raft.server.rpc.timeout.min = 5s (custom)
2019-07-13 12:48:26,388 INFO  server.RaftServerConfigKeys (ConfUtils.java:logGet(43)) - raft.server.rpc.timeout.max = 5200ms (custom)
2019-07-13 12:48:26,388 INFO  server.RaftServerConfigKeys (ConfUtils.java:logGet(43)) - raft.server.rpcslowness.timeout = 120s (custom)
2019-07-13 12:48:26,388 INFO  server.RaftServerConfigKeys (ConfUtils.java:logGet(43)) - raft.server.sleep.deviation.threshold = 300 (default)
2019-07-13 12:48:26,388 INFO  server.RaftServerConfigKeys (ConfUtils.java:logGet(43)) - raft.server.log.appender.install.snapshot.enabled = false (custom)
2019-07-13 12:48:26,389 INFO  impl.RaftServerImpl (ServerState.java:<init>(105)) - d83a3ddf-ce88-43e4-a076-450f54b3acee:group-CFAF14EDC5F7 ConfigurationManager, init=-1: [d83a3ddf-ce88-43e4-a076-450f54b3acee:192.168.5.181:45557], old=null, confs=<EMPTY_MAP>
2019-07-13 12:48:26,389 INFO  server.RaftServerConfigKeys (ConfUtils.java:logGet(43)) - raft.server.storage.dir = [/tmp/workdir/hadoop-ozone/integration-test/target/test-dir/MiniOzoneClusterImpl-cb250770-3b56-48ad-9bf9-87237a740c2b/datanode-6/data/ratis] (custom)
2019-07-13 12:48:26,399 INFO  storage.RaftStorageDirectory (RaftStorageDirectory.java:analyzeStorage(246)) - The storage directory /tmp/workdir/hadoop-ozone/integration-test/target/test-dir/MiniOzoneClusterImpl-cb250770-3b56-48ad-9bf9-87237a740c2b/datanode-6/data/ratis/e698fede-3f7e-4687-9094-cfaf14edc5f7 does not exist. Creating ...
2019-07-13 12:48:26,409 INFO  rpc.RpcClient (RpcClient.java:createVolume(287)) - Creating Volume: watchforcommithandlingtest, with jenkins1000 as owner.
2019-07-13 12:48:26,412 INFO  storage.RaftStorageDirectory (RaftStorageDirectory.java:tryLock(328)) - Lock on /tmp/workdir/hadoop-ozone/integration-test/target/test-dir/MiniOzoneClusterImpl-cb250770-3b56-48ad-9bf9-87237a740c2b/datanode-6/data/ratis/e698fede-3f7e-4687-9094-cfaf14edc5f7/in_use.lock acquired by nodename 28904@trunk-nightly-q2gwj-1111726333
2019-07-13 12:48:26,429 INFO  storage.RaftStorage (RaftStorage.java:format(72)) - Storage directory /tmp/workdir/hadoop-ozone/integration-test/target/test-dir/MiniOzoneClusterImpl-cb250770-3b56-48ad-9bf9-87237a740c2b/datanode-6/data/ratis/e698fede-3f7e-4687-9094-cfaf14edc5f7 has been successfully formatted.
2019-07-13 12:48:26,433 INFO  ratis.ContainerStateMachine (ContainerStateMachine.java:loadSnapshot(200)) - The snapshot info is null.Setting the last applied index to:(t:0, i:~)
2019-07-13 12:48:26,433 INFO  server.RaftServerConfigKeys (ConfUtils.java:logGet(43)) - raft.server.leader.election.timeout = 120s (custom)
2019-07-13 12:48:26,433 INFO  server.RaftServerConfigKeys (ConfUtils.java:logGet(43)) - raft.server.log.use.memory = false (default)
2019-07-13 12:48:26,434 INFO  server.RaftServerConfigKeys (ConfUtils.java:logGet(43)) - raft.server.log.purge.gap = 1000000000 (custom)
2019-07-13 12:48:26,434 INFO  server.RaftServerConfigKeys (ConfUtils.java:logGet(43)) - raft.server.log.appender.buffer.byte-limit = 33554432 (custom)
2019-07-13 12:48:26,434 INFO  rpc.RpcClient (RpcClient.java:createBucket(424)) - Creating Bucket: watchforcommithandlingtest/watchforcommithandlingtest, with Versioning false and Storage Type set to DISK and Encryption set to false 
2019-07-13 12:48:26,434 INFO  server.RaftServerConfigKeys (ConfUtils.java:logGet(43)) - raft.server.log.segment.size.max = 1048576 (custom)
2019-07-13 12:48:26,434 INFO  server.RaftServerConfigKeys (ConfUtils.java:logGet(43)) - raft.server.log.segment.cache.num.max = 2 (custom)
2019-07-13 12:48:26,434 INFO  segmented.SegmentedRaftLogWorker (SegmentedRaftLogWorker.java:<init>(172)) - new d83a3ddf-ce88-43e4-a076-450f54b3acee-SegmentedRaftLogWorker:Storage Directory /tmp/workdir/hadoop-ozone/integration-test/target/test-dir/MiniOzoneClusterImpl-cb250770-3b56-48ad-9bf9-87237a740c2b/datanode-6/data/ratis/e698fede-3f7e-4687-9094-cfaf14edc5f7 for RaftStorage:Storage Directory /tmp/workdir/hadoop-ozone/integration-test/target/test-dir/MiniOzoneClusterImpl-cb250770-3b56-48ad-9bf9-87237a740c2b/datanode-6/data/ratis/e698fede-3f7e-4687-9094-cfaf14edc5f7
2019-07-13 12:48:26,435 INFO  server.RaftServerConfigKeys (ConfUtils.java:logGet(43)) - raft.server.log.queue.byte-limit = 2147483647 (custom)
2019-07-13 12:48:26,435 INFO  server.RaftServerConfigKeys (ConfUtils.java:logGet(43)) - raft.server.log.queue.element-limit = 1024 (custom)
2019-07-13 12:48:26,435 INFO  server.RaftServerConfigKeys (ConfUtils.java:logGet(43)) - raft.server.log.segment.size.max = 1048576 (custom)
2019-07-13 12:48:26,439 INFO  server.RaftServerConfigKeys (ConfUtils.java:logGet(43)) - raft.server.log.preallocated.size = 16384 (custom)
2019-07-13 12:48:26,439 INFO  server.RaftServerConfigKeys (ConfUtils.java:logGet(43)) - raft.server.log.write.buffer.size = 33554432 (custom)
2019-07-13 12:48:26,439 INFO  server.RaftServerConfigKeys (ConfUtils.java:logGet(43)) - raft.server.log.force.sync.num = 128 (default)
2019-07-13 12:48:26,439 INFO  server.RaftServerConfigKeys (ConfUtils.java:logGet(43)) - raft.server.log.statemachine.data.sync = true (default)
2019-07-13 12:48:26,439 INFO  server.RaftServerConfigKeys (ConfUtils.java:logGet(43)) - raft.server.log.statemachine.data.sync.timeout = 10s (default)
2019-07-13 12:48:26,440 INFO  ozone.MiniOzoneClusterImpl (MiniOzoneClusterImpl.java:getStorageContainerLocationClient(241)) - Creating StorageContainerLocationProtocol RPC client with address /0.0.0.0:42611
2019-07-13 12:48:26,440 INFO  server.RaftServerConfigKeys (ConfUtils.java:logGet(43)) - raft.server.log.statemachine.data.sync.timeout.retry = -1 (default)
2019-07-13 12:48:26,440 INFO  server.RaftServerConfigKeys (ConfUtils.java:logGet(43)) - raft.server.log.statemachine.data.caching.enabled = true (custom)
2019-07-13 12:48:26,441 INFO  segmented.SegmentedRaftLogWorker (SegmentedRaftLogWorker.java:lambda$new$0(132)) - d83a3ddf-ce88-43e4-a076-450f54b3acee-SegmentedRaftLogWorker:Storage Directory /tmp/workdir/hadoop-ozone/integration-test/target/test-dir/MiniOzoneClusterImpl-cb250770-3b56-48ad-9bf9-87237a740c2b/datanode-6/data/ratis/e698fede-3f7e-4687-9094-cfaf14edc5f7: flushIndex: setUnconditionally 0 -> -1
2019-07-13 12:48:26,441 INFO  server.RaftServerConfigKeys (ConfUtils.java:logGet(43)) - raft.server.snapshot.auto.trigger.enabled = true (custom)
2019-07-13 12:48:26,441 INFO  server.RaftServerConfigKeys (ConfUtils.java:logGet(43)) - raft.server.snapshot.auto.trigger.threshold = 10000 (custom)
2019-07-13 12:48:26,441 INFO  server.RaftServerConfigKeys (ConfUtils.java:logGet(43)) - raft.server.retrycache.expirytime = 600000ms (custom)
2019-07-13 12:48:26,442 INFO  impl.RaftServerImpl (RaftServerImpl.java:start(180)) - d83a3ddf-ce88-43e4-a076-450f54b3acee: start group-CFAF14EDC5F7
2019-07-13 12:48:26,442 INFO  impl.RaftServerImpl (RaftServerImpl.java:setRole(171)) - d83a3ddf-ce88-43e4-a076-450f54b3acee:group-CFAF14EDC5F7 changes role from null to FOLLOWER at term 0 for startAsFollower
2019-07-13 12:48:26,442 INFO  impl.RoleInfo (RoleInfo.java:updateAndGet(143)) - d83a3ddf-ce88-43e4-a076-450f54b3acee: start FollowerState
2019-07-13 12:48:26,442 INFO  util.JmxRegister (JmxRegister.java:tryRegister(44)) - Successfully registered JMX Bean with object name Ratis:service=RaftServer,group=group-CFAF14EDC5F7,id=d83a3ddf-ce88-43e4-a076-450f54b3acee
2019-07-13 12:48:26,445 INFO  pipeline.PipelineStateManager (PipelineStateManager.java:addPipeline(56)) - Created pipeline Pipeline[ Id: e698fede-3f7e-4687-9094-cfaf14edc5f7, Nodes: d83a3ddf-ce88-43e4-a076-450f54b3acee{ip: 192.168.5.181, host: trunk-nightly-q2gwj-1111726333, networkLocation: /default-rack, certSerialId: null}, Type:RATIS, Factor:ONE, State:OPEN]
2019-07-13 12:48:26,494 INFO  client.GrpcClientProtocolClient (GrpcClientProtocolClient.java:onNext(255)) - client-72D420BC790B->808d6bbb-af2b-4565-9924-f91b24251636: receive RaftClientReply:client-72D420BC790B->808d6bbb-af2b-4565-9924-f91b24251636@group-3B28D19F1E52, cid=90, FAILED org.apache.ratis.protocol.NotLeaderException: Server 808d6bbb-af2b-4565-9924-f91b24251636 is not the leader (null). Request must be sent to leader., logIndex=0, commits[808d6bbb-af2b-4565-9924-f91b24251636:c-1]
2019-07-13 12:48:26,794 WARN  server.GrpcLogAppender (LogUtils.java:warn(134)) - 2ce21e82-9fce-4154-8460-38f4062df44e->64ca150a-c620-4294-84e2-4b85544ea83d: Failed appendEntries: org.apache.ratis.thirdparty.io.grpc.StatusRuntimeException: UNAVAILABLE: io exception
2019-07-13 12:48:26,795 INFO  impl.FollowerInfo (FollowerInfo.java:lambda$new$0(50)) - 2ce21e82-9fce-4154-8460-38f4062df44e->64ca150a-c620-4294-84e2-4b85544ea83d: nextIndex: updateUnconditionally 0 -> 0
2019-07-13 12:48:26,800 WARN  server.GrpcLogAppender (LogUtils.java:warn(134)) - 2ce21e82-9fce-4154-8460-38f4062df44e->cf888fe8-b99d-436a-b792-f838102cda43: Failed appendEntries: org.apache.ratis.thirdparty.io.grpc.StatusRuntimeException: UNAVAILABLE: io exception
2019-07-13 12:48:26,801 INFO  impl.FollowerInfo (FollowerInfo.java:lambda$new$0(50)) - 2ce21e82-9fce-4154-8460-38f4062df44e->cf888fe8-b99d-436a-b792-f838102cda43: nextIndex: updateUnconditionally 0 -> 0
2019-07-13 12:48:27,529 INFO  client.GrpcClientProtocolClient (GrpcClientProtocolClient.java:onNext(255)) - client-72D420BC790B->99d33be7-8f1f-4425-a9ea-5c6d733bfb25: receive RaftClientReply:client-72D420BC790B->99d33be7-8f1f-4425-a9ea-5c6d733bfb25@group-3B28D19F1E52, cid=90, FAILED org.apache.ratis.protocol.NotLeaderException: Server 99d33be7-8f1f-4425-a9ea-5c6d733bfb25 is not the leader (null). Request must be sent to leader., logIndex=0, commits[99d33be7-8f1f-4425-a9ea-5c6d733bfb25:c-1]
2019-07-13 12:48:27,961 INFO  container.ReplicationManager (ReplicationManager.java:start(155)) - Starting Replication Monitor Thread.
2019-07-13 12:48:27,969 INFO  container.ReplicationManager (ReplicationManager.java:run(207)) - Replication Monitor Thread took 1 milliseconds for processing 1 containers.
2019-07-13 12:48:28,568 INFO  client.GrpcClientProtocolClient (GrpcClientProtocolClient.java:onNext(255)) - client-72D420BC790B->97b855ae-4e7d-4840-b8ac-c0f8fb221986: receive RaftClientReply:client-72D420BC790B->97b855ae-4e7d-4840-b8ac-c0f8fb221986@group-3B28D19F1E52, cid=90, FAILED org.apache.ratis.protocol.NotLeaderException: Server 97b855ae-4e7d-4840-b8ac-c0f8fb221986 is not the leader (null). Request must be sent to leader., logIndex=0, commits[97b855ae-4e7d-4840-b8ac-c0f8fb221986:c-1]
2019-07-13 12:48:29,295 WARN  server.GrpcLogAppender (LogUtils.java:warn(134)) - 2ce21e82-9fce-4154-8460-38f4062df44e->64ca150a-c620-4294-84e2-4b85544ea83d: Failed appendEntries: org.apache.ratis.thirdparty.io.grpc.StatusRuntimeException: UNAVAILABLE: io exception
2019-07-13 12:48:29,295 INFO  impl.FollowerInfo (FollowerInfo.java:lambda$new$0(50)) - 2ce21e82-9fce-4154-8460-38f4062df44e->64ca150a-c620-4294-84e2-4b85544ea83d: nextIndex: updateUnconditionally 0 -> 0
2019-07-13 12:48:29,301 WARN  server.GrpcLogAppender (LogUtils.java:warn(134)) - 2ce21e82-9fce-4154-8460-38f4062df44e->cf888fe8-b99d-436a-b792-f838102cda43: Failed appendEntries: org.apache.ratis.thirdparty.io.grpc.StatusRuntimeException: UNAVAILABLE: io exception
2019-07-13 12:48:29,302 INFO  impl.FollowerInfo (FollowerInfo.java:lambda$new$0(50)) - 2ce21e82-9fce-4154-8460-38f4062df44e->cf888fe8-b99d-436a-b792-f838102cda43: nextIndex: updateUnconditionally 0 -> 0
2019-07-13 12:48:29,609 INFO  client.GrpcClientProtocolClient (GrpcClientProtocolClient.java:onNext(255)) - client-72D420BC790B->808d6bbb-af2b-4565-9924-f91b24251636: receive RaftClientReply:client-72D420BC790B->808d6bbb-af2b-4565-9924-f91b24251636@group-3B28D19F1E52, cid=90, FAILED org.apache.ratis.protocol.NotLeaderException: Server 808d6bbb-af2b-4565-9924-f91b24251636 is not the leader (null). Request must be sent to leader., logIndex=0, commits[808d6bbb-af2b-4565-9924-f91b24251636:c-1]
2019-07-13 12:48:30,131 INFO  impl.FollowerState (FollowerState.java:run(106)) - 99d33be7-8f1f-4425-a9ea-5c6d733bfb25:group-903545B412DE changes to CANDIDATE, lastRpcTime:5128, electionTimeout:5128ms
2019-07-13 12:48:30,131 INFO  impl.RoleInfo (RoleInfo.java:shutdownFollowerState(121)) - 99d33be7-8f1f-4425-a9ea-5c6d733bfb25: shutdown FollowerState
2019-07-13 12:48:30,132 INFO  impl.RaftServerImpl (RaftServerImpl.java:setRole(171)) - 99d33be7-8f1f-4425-a9ea-5c6d733bfb25:group-903545B412DE changes role from FOLLOWER to CANDIDATE at term 0 for changeToCandidate
2019-07-13 12:48:30,132 INFO  impl.RoleInfo (RoleInfo.java:updateAndGet(143)) - 99d33be7-8f1f-4425-a9ea-5c6d733bfb25: start LeaderElection
2019-07-13 12:48:30,162 INFO  impl.LeaderElection (LeaderElection.java:askForVotes(181)) - 99d33be7-8f1f-4425-a9ea-5c6d733bfb25:group-903545B412DE:LeaderElection50: begin an election at term 1 for -1: [99d33be7-8f1f-4425-a9ea-5c6d733bfb25:192.168.5.181:41158], old=null
2019-07-13 12:48:30,163 INFO  impl.RoleInfo (RoleInfo.java:shutdownLeaderElection(134)) - 99d33be7-8f1f-4425-a9ea-5c6d733bfb25: shutdown LeaderElection
2019-07-13 12:48:30,163 INFO  impl.RaftServerImpl (RaftServerImpl.java:setRole(171)) - 99d33be7-8f1f-4425-a9ea-5c6d733bfb25:group-903545B412DE changes role from CANDIDATE to LEADER at term 1 for changeToLeader
2019-07-13 12:48:30,163 INFO  impl.RaftServerImpl (ServerState.java:setLeader(263)) - 99d33be7-8f1f-4425-a9ea-5c6d733bfb25:group-903545B412DE change Leader from null to 99d33be7-8f1f-4425-a9ea-5c6d733bfb25 at term 1 for becomeLeader, leader elected after 5167ms
2019-07-13 12:48:30,163 INFO  server.RaftServerConfigKeys (ConfUtils.java:logGet(43)) - raft.server.staging.catchup.gap = 1000 (default)
2019-07-13 12:48:30,163 INFO  server.RaftServerConfigKeys (ConfUtils.java:logGet(43)) - raft.server.rpc.sleep.time = 25ms (default)
2019-07-13 12:48:30,163 INFO  server.RaftServerConfigKeys (ConfUtils.java:logGet(43)) - raft.server.write.element-limit = 4096 (default)
2019-07-13 12:48:30,164 INFO  server.RaftServerConfigKeys (ConfUtils.java:logGet(43)) - raft.server.watch.timeout = 10s (default)
2019-07-13 12:48:30,164 INFO  server.RaftServerConfigKeys (ConfUtils.java:logGet(43)) - raft.server.watch.timeout.denomination = 1s (default)
2019-07-13 12:48:30,164 INFO  server.RaftServerConfigKeys (ConfUtils.java:logGet(43)) - raft.server.watch.element-limit = 65536 (default)
2019-07-13 12:48:30,164 INFO  impl.RoleInfo (RoleInfo.java:updateAndGet(143)) - 99d33be7-8f1f-4425-a9ea-5c6d733bfb25: start LeaderState
2019-07-13 12:48:30,165 INFO  segmented.SegmentedRaftLogWorker (SegmentedRaftLogWorker.java:startLogSegment(380)) - 99d33be7-8f1f-4425-a9ea-5c6d733bfb25-SegmentedRaftLogWorker:Storage Directory /tmp/workdir/hadoop-ozone/integration-test/target/test-dir/MiniOzoneClusterImpl-cb250770-3b56-48ad-9bf9-87237a740c2b/datanode-0/data/ratis/27f6de74-7848-42c2-854a-903545b412de: Starting segment from index:0
2019-07-13 12:48:30,165 INFO  impl.RaftServerImpl (ServerState.java:setRaftConf(361)) - 99d33be7-8f1f-4425-a9ea-5c6d733bfb25:group-903545B412DE set configuration 0: [99d33be7-8f1f-4425-a9ea-5c6d733bfb25:192.168.5.181:41158], old=null at 0
2019-07-13 12:48:30,196 INFO  segmented.SegmentedRaftLogWorker (SegmentedRaftLogWorker.java:execute(569)) - 99d33be7-8f1f-4425-a9ea-5c6d733bfb25-SegmentedRaftLogWorker:Storage Directory /tmp/workdir/hadoop-ozone/integration-test/target/test-dir/MiniOzoneClusterImpl-cb250770-3b56-48ad-9bf9-87237a740c2b/datanode-0/data/ratis/27f6de74-7848-42c2-854a-903545b412de: created new log segment /tmp/workdir/hadoop-ozone/integration-test/target/test-dir/MiniOzoneClusterImpl-cb250770-3b56-48ad-9bf9-87237a740c2b/datanode-0/data/ratis/27f6de74-7848-42c2-854a-903545b412de/current/log_inprogress_0
2019-07-13 12:48:30,438 INFO  impl.FollowerState (FollowerState.java:run(106)) - 97b855ae-4e7d-4840-b8ac-c0f8fb221986:group-3622514AC6AE changes to CANDIDATE, lastRpcTime:5082, electionTimeout:5082ms
2019-07-13 12:48:30,438 INFO  impl.RoleInfo (RoleInfo.java:shutdownFollowerState(121)) - 97b855ae-4e7d-4840-b8ac-c0f8fb221986: shutdown FollowerState
2019-07-13 12:48:30,438 INFO  impl.RaftServerImpl (RaftServerImpl.java:setRole(171)) - 97b855ae-4e7d-4840-b8ac-c0f8fb221986:group-3622514AC6AE changes role from FOLLOWER to CANDIDATE at term 0 for changeToCandidate
2019-07-13 12:48:30,438 INFO  impl.RoleInfo (RoleInfo.java:updateAndGet(143)) - 97b855ae-4e7d-4840-b8ac-c0f8fb221986: start LeaderElection
2019-07-13 12:48:30,475 INFO  impl.LeaderElection (LeaderElection.java:askForVotes(181)) - 97b855ae-4e7d-4840-b8ac-c0f8fb221986:group-3622514AC6AE:LeaderElection51: begin an election at term 1 for -1: [97b855ae-4e7d-4840-b8ac-c0f8fb221986:192.168.5.181:42626], old=null
2019-07-13 12:48:30,475 INFO  impl.RoleInfo (RoleInfo.java:shutdownLeaderElection(134)) - 97b855ae-4e7d-4840-b8ac-c0f8fb221986: shutdown LeaderElection
2019-07-13 12:48:30,475 INFO  impl.RaftServerImpl (RaftServerImpl.java:setRole(171)) - 97b855ae-4e7d-4840-b8ac-c0f8fb221986:group-3622514AC6AE changes role from CANDIDATE to LEADER at term 1 for changeToLeader
2019-07-13 12:48:30,475 INFO  impl.RaftServerImpl (ServerState.java:setLeader(263)) - 97b855ae-4e7d-4840-b8ac-c0f8fb221986:group-3622514AC6AE change Leader from null to 97b855ae-4e7d-4840-b8ac-c0f8fb221986 at term 1 for becomeLeader, leader elected after 5124ms
2019-07-13 12:48:30,475 INFO  server.RaftServerConfigKeys (ConfUtils.java:logGet(43)) - raft.server.staging.catchup.gap = 1000 (default)
2019-07-13 12:48:30,475 INFO  server.RaftServerConfigKeys (ConfUtils.java:logGet(43)) - raft.server.rpc.sleep.time = 25ms (default)
2019-07-13 12:48:30,476 INFO  server.RaftServerConfigKeys (ConfUtils.java:logGet(43)) - raft.server.write.element-limit = 4096 (default)
2019-07-13 12:48:30,476 INFO  server.RaftServerConfigKeys (ConfUtils.java:logGet(43)) - raft.server.watch.timeout = 10s (default)
2019-07-13 12:48:30,476 INFO  server.RaftServerConfigKeys (ConfUtils.java:logGet(43)) - raft.server.watch.timeout.denomination = 1s (default)
2019-07-13 12:48:30,476 INFO  server.RaftServerConfigKeys (ConfUtils.java:logGet(43)) - raft.server.watch.element-limit = 65536 (default)
2019-07-13 12:48:30,476 INFO  impl.RoleInfo (RoleInfo.java:updateAndGet(143)) - 97b855ae-4e7d-4840-b8ac-c0f8fb221986: start LeaderState
2019-07-13 12:48:30,477 INFO  segmented.SegmentedRaftLogWorker (SegmentedRaftLogWorker.java:startLogSegment(380)) - 97b855ae-4e7d-4840-b8ac-c0f8fb221986-SegmentedRaftLogWorker:Storage Directory /tmp/workdir/hadoop-ozone/integration-test/target/test-dir/MiniOzoneClusterImpl-cb250770-3b56-48ad-9bf9-87237a740c2b/datanode-1/data/ratis/046be06c-e304-4c6a-b265-3622514ac6ae: Starting segment from index:0
2019-07-13 12:48:30,477 INFO  impl.RaftServerImpl (ServerState.java:setRaftConf(361)) - 97b855ae-4e7d-4840-b8ac-c0f8fb221986:group-3622514AC6AE set configuration 0: [97b855ae-4e7d-4840-b8ac-c0f8fb221986:192.168.5.181:42626], old=null at 0
2019-07-13 12:48:30,499 INFO  segmented.SegmentedRaftLogWorker (SegmentedRaftLogWorker.java:execute(569)) - 97b855ae-4e7d-4840-b8ac-c0f8fb221986-SegmentedRaftLogWorker:Storage Directory /tmp/workdir/hadoop-ozone/integration-test/target/test-dir/MiniOzoneClusterImpl-cb250770-3b56-48ad-9bf9-87237a740c2b/datanode-1/data/ratis/046be06c-e304-4c6a-b265-3622514ac6ae: created new log segment /tmp/workdir/hadoop-ozone/integration-test/target/test-dir/MiniOzoneClusterImpl-cb250770-3b56-48ad-9bf9-87237a740c2b/datanode-1/data/ratis/046be06c-e304-4c6a-b265-3622514ac6ae/current/log_inprogress_0
2019-07-13 12:48:30,594 INFO  impl.FollowerState (FollowerState.java:run(106)) - 808d6bbb-af2b-4565-9924-f91b24251636:group-C0DF61EC365A changes to CANDIDATE, lastRpcTime:5036, electionTimeout:5036ms
2019-07-13 12:48:30,594 INFO  impl.RoleInfo (RoleInfo.java:shutdownFollowerState(121)) - 808d6bbb-af2b-4565-9924-f91b24251636: shutdown FollowerState
2019-07-13 12:48:30,594 INFO  impl.RaftServerImpl (RaftServerImpl.java:setRole(171)) - 808d6bbb-af2b-4565-9924-f91b24251636:group-C0DF61EC365A changes role from FOLLOWER to CANDIDATE at term 0 for changeToCandidate
2019-07-13 12:48:30,594 INFO  impl.RoleInfo (RoleInfo.java:updateAndGet(143)) - 808d6bbb-af2b-4565-9924-f91b24251636: start LeaderElection
2019-07-13 12:48:30,620 INFO  impl.LeaderElection (LeaderElection.java:askForVotes(181)) - 808d6bbb-af2b-4565-9924-f91b24251636:group-C0DF61EC365A:LeaderElection52: begin an election at term 1 for -1: [808d6bbb-af2b-4565-9924-f91b24251636:192.168.5.181:43298], old=null
2019-07-13 12:48:30,620 INFO  impl.RoleInfo (RoleInfo.java:shutdownLeaderElection(134)) - 808d6bbb-af2b-4565-9924-f91b24251636: shutdown LeaderElection
2019-07-13 12:48:30,620 INFO  impl.RaftServerImpl (RaftServerImpl.java:setRole(171)) - 808d6bbb-af2b-4565-9924-f91b24251636:group-C0DF61EC365A changes role from CANDIDATE to LEADER at term 1 for changeToLeader
2019-07-13 12:48:30,620 INFO  impl.RaftServerImpl (ServerState.java:setLeader(263)) - 808d6bbb-af2b-4565-9924-f91b24251636:group-C0DF61EC365A change Leader from null to 808d6bbb-af2b-4565-9924-f91b24251636 at term 1 for becomeLeader, leader elected after 5073ms
2019-07-13 12:48:30,620 INFO  server.RaftServerConfigKeys (ConfUtils.java:logGet(43)) - raft.server.staging.catchup.gap = 1000 (default)
2019-07-13 12:48:30,620 INFO  server.RaftServerConfigKeys (ConfUtils.java:logGet(43)) - raft.server.rpc.sleep.time = 25ms (default)
2019-07-13 12:48:30,620 INFO  server.RaftServerConfigKeys (ConfUtils.java:logGet(43)) - raft.server.write.element-limit = 4096 (default)
2019-07-13 12:48:30,621 INFO  server.RaftServerConfigKeys (ConfUtils.java:logGet(43)) - raft.server.watch.timeout = 10s (default)
2019-07-13 12:48:30,621 INFO  server.RaftServerConfigKeys (ConfUtils.java:logGet(43)) - raft.server.watch.timeout.denomination = 1s (default)
2019-07-13 12:48:30,621 INFO  server.RaftServerConfigKeys (ConfUtils.java:logGet(43)) - raft.server.watch.element-limit = 65536 (default)
2019-07-13 12:48:30,621 INFO  impl.RoleInfo (RoleInfo.java:updateAndGet(143)) - 808d6bbb-af2b-4565-9924-f91b24251636: start LeaderState
2019-07-13 12:48:30,621 INFO  segmented.SegmentedRaftLogWorker (SegmentedRaftLogWorker.java:startLogSegment(380)) - 808d6bbb-af2b-4565-9924-f91b24251636-SegmentedRaftLogWorker:Storage Directory /tmp/workdir/hadoop-ozone/integration-test/target/test-dir/MiniOzoneClusterImpl-cb250770-3b56-48ad-9bf9-87237a740c2b/datanode-2/data/ratis/029a8beb-822b-4b87-af8b-c0df61ec365a: Starting segment from index:0
2019-07-13 12:48:30,622 INFO  impl.RaftServerImpl (ServerState.java:setRaftConf(361)) - 808d6bbb-af2b-4565-9924-f91b24251636:group-C0DF61EC365A set configuration 0: [808d6bbb-af2b-4565-9924-f91b24251636:192.168.5.181:43298], old=null at 0
2019-07-13 12:48:30,646 INFO  impl.FollowerState (FollowerState.java:run(106)) - 808d6bbb-af2b-4565-9924-f91b24251636:group-3B28D19F1E52 changes to CANDIDATE, lastRpcTime:5024, electionTimeout:5006ms
2019-07-13 12:48:30,646 INFO  impl.RoleInfo (RoleInfo.java:shutdownFollowerState(121)) - 808d6bbb-af2b-4565-9924-f91b24251636: shutdown FollowerState
2019-07-13 12:48:30,646 INFO  impl.RaftServerImpl (RaftServerImpl.java:setRole(171)) - 808d6bbb-af2b-4565-9924-f91b24251636:group-3B28D19F1E52 changes role from FOLLOWER to CANDIDATE at term 0 for changeToCandidate
2019-07-13 12:48:30,647 INFO  impl.RoleInfo (RoleInfo.java:updateAndGet(143)) - 808d6bbb-af2b-4565-9924-f91b24251636: start LeaderElection
2019-07-13 12:48:30,653 INFO  segmented.SegmentedRaftLogWorker (SegmentedRaftLogWorker.java:execute(569)) - 808d6bbb-af2b-4565-9924-f91b24251636-SegmentedRaftLogWorker:Storage Directory /tmp/workdir/hadoop-ozone/integration-test/target/test-dir/MiniOzoneClusterImpl-cb250770-3b56-48ad-9bf9-87237a740c2b/datanode-2/data/ratis/029a8beb-822b-4b87-af8b-c0df61ec365a: created new log segment /tmp/workdir/hadoop-ozone/integration-test/target/test-dir/MiniOzoneClusterImpl-cb250770-3b56-48ad-9bf9-87237a740c2b/datanode-2/data/ratis/029a8beb-822b-4b87-af8b-c0df61ec365a/current/log_inprogress_0
2019-07-13 12:48:30,653 INFO  client.GrpcClientProtocolClient (GrpcClientProtocolClient.java:onNext(255)) - client-72D420BC790B->99d33be7-8f1f-4425-a9ea-5c6d733bfb25: receive RaftClientReply:client-72D420BC790B->99d33be7-8f1f-4425-a9ea-5c6d733bfb25@group-3B28D19F1E52, cid=90, FAILED org.apache.ratis.protocol.NotLeaderException: Server 99d33be7-8f1f-4425-a9ea-5c6d733bfb25 is not the leader (null). Request must be sent to leader., logIndex=0, commits[99d33be7-8f1f-4425-a9ea-5c6d733bfb25:c-1]
2019-07-13 12:48:30,659 INFO  impl.LeaderElection (LeaderElection.java:askForVotes(181)) - 808d6bbb-af2b-4565-9924-f91b24251636:group-3B28D19F1E52:LeaderElection53: begin an election at term 1 for -1: [97b855ae-4e7d-4840-b8ac-c0f8fb221986:192.168.5.181:42626, 808d6bbb-af2b-4565-9924-f91b24251636:192.168.5.181:43298, 99d33be7-8f1f-4425-a9ea-5c6d733bfb25:192.168.5.181:41158], old=null
2019-07-13 12:48:30,676 INFO  impl.RaftServerImpl (RaftServerImpl.java:setRole(171)) - 97b855ae-4e7d-4840-b8ac-c0f8fb221986:group-3B28D19F1E52 changes role from FOLLOWER to FOLLOWER at term 1 for recognizeCandidate:808d6bbb-af2b-4565-9924-f91b24251636
2019-07-13 12:48:30,676 INFO  impl.RaftServerImpl (RaftServerImpl.java:setRole(171)) - 99d33be7-8f1f-4425-a9ea-5c6d733bfb25:group-3B28D19F1E52 changes role from FOLLOWER to FOLLOWER at term 1 for recognizeCandidate:808d6bbb-af2b-4565-9924-f91b24251636
2019-07-13 12:48:30,677 INFO  impl.RoleInfo (RoleInfo.java:shutdownFollowerState(121)) - 99d33be7-8f1f-4425-a9ea-5c6d733bfb25: shutdown FollowerState
2019-07-13 12:48:30,676 INFO  impl.RoleInfo (RoleInfo.java:shutdownFollowerState(121)) - 97b855ae-4e7d-4840-b8ac-c0f8fb221986: shutdown FollowerState
2019-07-13 12:48:30,677 INFO  impl.FollowerState (FollowerState.java:run(114)) - 99d33be7-8f1f-4425-a9ea-5c6d733bfb25: FollowerState was interrupted: java.lang.InterruptedException: sleep interrupted
2019-07-13 12:48:30,677 INFO  impl.RoleInfo (RoleInfo.java:updateAndGet(143)) - 99d33be7-8f1f-4425-a9ea-5c6d733bfb25: start FollowerState
2019-07-13 12:48:30,677 INFO  impl.FollowerState (FollowerState.java:run(114)) - 97b855ae-4e7d-4840-b8ac-c0f8fb221986: FollowerState was interrupted: java.lang.InterruptedException: sleep interrupted
2019-07-13 12:48:30,677 INFO  impl.RoleInfo (RoleInfo.java:updateAndGet(143)) - 97b855ae-4e7d-4840-b8ac-c0f8fb221986: start FollowerState
2019-07-13 12:48:30,683 INFO  impl.LeaderElection (LeaderElection.java:logAndReturn(56)) - 808d6bbb-af2b-4565-9924-f91b24251636:group-3B28D19F1E52:LeaderElection53: Election PASSED; received 1 response(s) [808d6bbb-af2b-4565-9924-f91b24251636<-97b855ae-4e7d-4840-b8ac-c0f8fb221986#0:OK-t1] and 0 exception(s); 808d6bbb-af2b-4565-9924-f91b24251636:t1, leader=null, voted=808d6bbb-af2b-4565-9924-f91b24251636, raftlog=808d6bbb-af2b-4565-9924-f91b24251636-SegmentedRaftLog:OPENED:c-1,f-1,i0, conf=-1: [97b855ae-4e7d-4840-b8ac-c0f8fb221986:192.168.5.181:42626, 808d6bbb-af2b-4565-9924-f91b24251636:192.168.5.181:43298, 99d33be7-8f1f-4425-a9ea-5c6d733bfb25:192.168.5.181:41158], old=null
2019-07-13 12:48:30,683 INFO  impl.RoleInfo (RoleInfo.java:shutdownLeaderElection(134)) - 808d6bbb-af2b-4565-9924-f91b24251636: shutdown LeaderElection
2019-07-13 12:48:30,683 INFO  impl.RaftServerImpl (RaftServerImpl.java:setRole(171)) - 808d6bbb-af2b-4565-9924-f91b24251636:group-3B28D19F1E52 changes role from CANDIDATE to LEADER at term 1 for changeToLeader
2019-07-13 12:48:30,683 INFO  impl.RaftServerImpl (ServerState.java:setLeader(263)) - 808d6bbb-af2b-4565-9924-f91b24251636:group-3B28D19F1E52 change Leader from null to 808d6bbb-af2b-4565-9924-f91b24251636 at term 1 for becomeLeader, leader elected after 5068ms
2019-07-13 12:48:30,683 INFO  server.RaftServerConfigKeys (ConfUtils.java:logGet(43)) - raft.server.staging.catchup.gap = 1000 (default)
2019-07-13 12:48:30,683 INFO  server.RaftServerConfigKeys (ConfUtils.java:logGet(43)) - raft.server.rpc.sleep.time = 25ms (default)
2019-07-13 12:48:30,684 INFO  server.RaftServerConfigKeys (ConfUtils.java:logGet(43)) - raft.server.write.element-limit = 4096 (default)
2019-07-13 12:48:30,684 INFO  server.RaftServerConfigKeys (ConfUtils.java:logGet(43)) - raft.server.watch.timeout = 10s (default)
2019-07-13 12:48:30,684 INFO  server.RaftServerConfigKeys (ConfUtils.java:logGet(43)) - raft.server.watch.timeout.denomination = 1s (default)
2019-07-13 12:48:30,684 INFO  server.RaftServerConfigKeys (ConfUtils.java:logGet(43)) - raft.server.watch.element-limit = 65536 (default)
2019-07-13 12:48:30,684 INFO  server.RaftServerConfigKeys (ConfUtils.java:logGet(43)) - raft.server.log.appender.snapshot.chunk.size.max = 16MB (=16777216) (default)
2019-07-13 12:48:30,685 INFO  server.RaftServerConfigKeys (ConfUtils.java:logGet(43)) - raft.server.log.appender.buffer.byte-limit = 33554432 (custom)
2019-07-13 12:48:30,685 INFO  server.RaftServerConfigKeys (ConfUtils.java:logGet(43)) - raft.server.log.appender.buffer.element-limit = 1 (custom)
2019-07-13 12:48:30,685 INFO  grpc.GrpcConfigKeys$Server (ConfUtils.java:logGet(43)) - raft.grpc.server.leader.outstanding.appends.max = 128 (default)
2019-07-13 12:48:30,685 INFO  server.RaftServerConfigKeys (ConfUtils.java:logGet(43)) - raft.server.rpc.request.timeout = 3000ms (default)
2019-07-13 12:48:30,692 INFO  server.RaftServerConfigKeys (ConfUtils.java:logGet(43)) - raft.server.log.appender.install.snapshot.enabled = false (custom)
2019-07-13 12:48:30,692 INFO  server.RaftServerConfigKeys (ConfUtils.java:logGet(43)) - raft.server.log.appender.snapshot.chunk.size.max = 16MB (=16777216) (default)
2019-07-13 12:48:30,692 INFO  server.RaftServerConfigKeys (ConfUtils.java:logGet(43)) - raft.server.log.appender.buffer.byte-limit = 33554432 (custom)
2019-07-13 12:48:30,693 INFO  server.RaftServerConfigKeys (ConfUtils.java:logGet(43)) - raft.server.log.appender.buffer.element-limit = 1 (custom)
2019-07-13 12:48:30,693 INFO  grpc.GrpcConfigKeys$Server (ConfUtils.java:logGet(43)) - raft.grpc.server.leader.outstanding.appends.max = 128 (default)
2019-07-13 12:48:30,693 INFO  server.RaftServerConfigKeys (ConfUtils.java:logGet(43)) - raft.server.rpc.request.timeout = 3000ms (default)
2019-07-13 12:48:30,693 INFO  server.RaftServerConfigKeys (ConfUtils.java:logGet(43)) - raft.server.log.appender.install.snapshot.enabled = false (custom)
2019-07-13 12:48:30,693 INFO  impl.RoleInfo (RoleInfo.java:updateAndGet(143)) - 808d6bbb-af2b-4565-9924-f91b24251636: start LeaderState
2019-07-13 12:48:30,693 INFO  segmented.SegmentedRaftLogWorker (SegmentedRaftLogWorker.java:startLogSegment(380)) - 808d6bbb-af2b-4565-9924-f91b24251636-SegmentedRaftLogWorker:Storage Directory /tmp/workdir/hadoop-ozone/integration-test/target/test-dir/MiniOzoneClusterImpl-cb250770-3b56-48ad-9bf9-87237a740c2b/datanode-2/data/ratis/abbcd2cf-0c1f-4fa0-bb19-3b28d19f1e52: Starting segment from index:0
2019-07-13 12:48:30,694 INFO  impl.RaftServerImpl (ServerState.java:setRaftConf(361)) - 808d6bbb-af2b-4565-9924-f91b24251636:group-3B28D19F1E52 set configuration 0: [97b855ae-4e7d-4840-b8ac-c0f8fb221986:192.168.5.181:42626, 808d6bbb-af2b-4565-9924-f91b24251636:192.168.5.181:43298, 99d33be7-8f1f-4425-a9ea-5c6d733bfb25:192.168.5.181:41158], old=null at 0
2019-07-13 12:48:30,758 INFO  impl.RaftServerImpl (ServerState.java:setLeader(263)) - 97b855ae-4e7d-4840-b8ac-c0f8fb221986:group-3B28D19F1E52 change Leader from null to 808d6bbb-af2b-4565-9924-f91b24251636 at term 1 for appendEntries, leader elected after 5143ms
2019-07-13 12:48:30,759 INFO  impl.RaftServerImpl (ServerState.java:setLeader(263)) - 99d33be7-8f1f-4425-a9ea-5c6d733bfb25:group-3B28D19F1E52 change Leader from null to 808d6bbb-af2b-4565-9924-f91b24251636 at term 1 for appendEntries, leader elected after 5143ms
2019-07-13 12:48:30,772 INFO  segmented.SegmentedRaftLogWorker (SegmentedRaftLogWorker.java:execute(569)) - 808d6bbb-af2b-4565-9924-f91b24251636-SegmentedRaftLogWorker:Storage Directory /tmp/workdir/hadoop-ozone/integration-test/target/test-dir/MiniOzoneClusterImpl-cb250770-3b56-48ad-9bf9-87237a740c2b/datanode-2/data/ratis/abbcd2cf-0c1f-4fa0-bb19-3b28d19f1e52: created new log segment /tmp/workdir/hadoop-ozone/integration-test/target/test-dir/MiniOzoneClusterImpl-cb250770-3b56-48ad-9bf9-87237a740c2b/datanode-2/data/ratis/abbcd2cf-0c1f-4fa0-bb19-3b28d19f1e52/current/log_inprogress_0
2019-07-13 12:48:30,774 INFO  impl.RaftServerImpl (ServerState.java:setRaftConf(361)) - 97b855ae-4e7d-4840-b8ac-c0f8fb221986:group-3B28D19F1E52 set configuration 0: [97b855ae-4e7d-4840-b8ac-c0f8fb221986:192.168.5.181:42626, 808d6bbb-af2b-4565-9924-f91b24251636:192.168.5.181:43298, 99d33be7-8f1f-4425-a9ea-5c6d733bfb25:192.168.5.181:41158], old=null at 0
2019-07-13 12:48:30,774 INFO  impl.RaftServerImpl (ServerState.java:setRaftConf(361)) - 99d33be7-8f1f-4425-a9ea-5c6d733bfb25:group-3B28D19F1E52 set configuration 0: [97b855ae-4e7d-4840-b8ac-c0f8fb221986:192.168.5.181:42626, 808d6bbb-af2b-4565-9924-f91b24251636:192.168.5.181:43298, 99d33be7-8f1f-4425-a9ea-5c6d733bfb25:192.168.5.181:41158], old=null at 0
2019-07-13 12:48:30,775 INFO  segmented.SegmentedRaftLogWorker (SegmentedRaftLogWorker.java:startLogSegment(380)) - 97b855ae-4e7d-4840-b8ac-c0f8fb221986-SegmentedRaftLogWorker:Storage Directory /tmp/workdir/hadoop-ozone/integration-test/target/test-dir/MiniOzoneClusterImpl-cb250770-3b56-48ad-9bf9-87237a740c2b/datanode-1/data/ratis/abbcd2cf-0c1f-4fa0-bb19-3b28d19f1e52: Starting segment from index:0
2019-07-13 12:48:30,775 INFO  segmented.SegmentedRaftLogWorker (SegmentedRaftLogWorker.java:startLogSegment(380)) - 99d33be7-8f1f-4425-a9ea-5c6d733bfb25-SegmentedRaftLogWorker:Storage Directory /tmp/workdir/hadoop-ozone/integration-test/target/test-dir/MiniOzoneClusterImpl-cb250770-3b56-48ad-9bf9-87237a740c2b/datanode-0/data/ratis/abbcd2cf-0c1f-4fa0-bb19-3b28d19f1e52: Starting segment from index:0
2019-07-13 12:48:30,781 INFO  impl.FollowerState (FollowerState.java:run(106)) - 1d4c94a4-799e-479c-ac36-811ba7ef20cf:group-C3B94A1DFE63 changes to CANDIDATE, lastRpcTime:5030, electionTimeout:5030ms
2019-07-13 12:48:30,781 INFO  impl.RoleInfo (RoleInfo.java:shutdownFollowerState(121)) - 1d4c94a4-799e-479c-ac36-811ba7ef20cf: shutdown FollowerState
2019-07-13 12:48:30,781 INFO  impl.RaftServerImpl (RaftServerImpl.java:setRole(171)) - 1d4c94a4-799e-479c-ac36-811ba7ef20cf:group-C3B94A1DFE63 changes role from FOLLOWER to CANDIDATE at term 0 for changeToCandidate
2019-07-13 12:48:30,781 INFO  impl.RoleInfo (RoleInfo.java:updateAndGet(143)) - 1d4c94a4-799e-479c-ac36-811ba7ef20cf: start LeaderElection
2019-07-13 12:48:30,808 INFO  segmented.SegmentedRaftLogWorker (SegmentedRaftLogWorker.java:execute(569)) - 97b855ae-4e7d-4840-b8ac-c0f8fb221986-SegmentedRaftLogWorker:Storage Directory /tmp/workdir/hadoop-ozone/integration-test/target/test-dir/MiniOzoneClusterImpl-cb250770-3b56-48ad-9bf9-87237a740c2b/datanode-1/data/ratis/abbcd2cf-0c1f-4fa0-bb19-3b28d19f1e52: created new log segment /tmp/workdir/hadoop-ozone/integration-test/target/test-dir/MiniOzoneClusterImpl-cb250770-3b56-48ad-9bf9-87237a740c2b/datanode-1/data/ratis/abbcd2cf-0c1f-4fa0-bb19-3b28d19f1e52/current/log_inprogress_0
2019-07-13 12:48:30,808 INFO  impl.LeaderElection (LeaderElection.java:askForVotes(181)) - 1d4c94a4-799e-479c-ac36-811ba7ef20cf:group-C3B94A1DFE63:LeaderElection54: begin an election at term 1 for -1: [1d4c94a4-799e-479c-ac36-811ba7ef20cf:192.168.5.181:38846], old=null
2019-07-13 12:48:30,808 INFO  segmented.SegmentedRaftLogWorker (SegmentedRaftLogWorker.java:execute(569)) - 99d33be7-8f1f-4425-a9ea-5c6d733bfb25-SegmentedRaftLogWorker:Storage Directory /tmp/workdir/hadoop-ozone/integration-test/target/test-dir/MiniOzoneClusterImpl-cb250770-3b56-48ad-9bf9-87237a740c2b/datanode-0/data/ratis/abbcd2cf-0c1f-4fa0-bb19-3b28d19f1e52: created new log segment /tmp/workdir/hadoop-ozone/integration-test/target/test-dir/MiniOzoneClusterImpl-cb250770-3b56-48ad-9bf9-87237a740c2b/datanode-0/data/ratis/abbcd2cf-0c1f-4fa0-bb19-3b28d19f1e52/current/log_inprogress_0
2019-07-13 12:48:30,808 INFO  impl.RoleInfo (RoleInfo.java:shutdownLeaderElection(134)) - 1d4c94a4-799e-479c-ac36-811ba7ef20cf: shutdown LeaderElection
2019-07-13 12:48:30,809 INFO  impl.RaftServerImpl (RaftServerImpl.java:setRole(171)) - 1d4c94a4-799e-479c-ac36-811ba7ef20cf:group-C3B94A1DFE63 changes role from CANDIDATE to LEADER at term 1 for changeToLeader
2019-07-13 12:48:30,809 INFO  impl.RaftServerImpl (ServerState.java:setLeader(263)) - 1d4c94a4-799e-479c-ac36-811ba7ef20cf:group-C3B94A1DFE63 change Leader from null to 1d4c94a4-799e-479c-ac36-811ba7ef20cf at term 1 for becomeLeader, leader elected after 5063ms
2019-07-13 12:48:30,809 INFO  server.RaftServerConfigKeys (ConfUtils.java:logGet(43)) - raft.server.staging.catchup.gap = 1000 (default)
2019-07-13 12:48:30,809 INFO  server.RaftServerConfigKeys (ConfUtils.java:logGet(43)) - raft.server.rpc.sleep.time = 25ms (default)
2019-07-13 12:48:30,809 INFO  server.RaftServerConfigKeys (ConfUtils.java:logGet(43)) - raft.server.write.element-limit = 4096 (default)
2019-07-13 12:48:30,809 INFO  server.RaftServerConfigKeys (ConfUtils.java:logGet(43)) - raft.server.watch.timeout = 10s (default)
2019-07-13 12:48:30,809 INFO  server.RaftServerConfigKeys (ConfUtils.java:logGet(43)) - raft.server.watch.timeout.denomination = 1s (default)
2019-07-13 12:48:30,809 INFO  server.RaftServerConfigKeys (ConfUtils.java:logGet(43)) - raft.server.watch.element-limit = 65536 (default)
2019-07-13 12:48:30,810 INFO  impl.RoleInfo (RoleInfo.java:updateAndGet(143)) - 1d4c94a4-799e-479c-ac36-811ba7ef20cf: start LeaderState
2019-07-13 12:48:30,810 INFO  segmented.SegmentedRaftLogWorker (SegmentedRaftLogWorker.java:startLogSegment(380)) - 1d4c94a4-799e-479c-ac36-811ba7ef20cf-SegmentedRaftLogWorker:Storage Directory /tmp/workdir/hadoop-ozone/integration-test/target/test-dir/MiniOzoneClusterImpl-cb250770-3b56-48ad-9bf9-87237a740c2b/datanode-3/data/ratis/b86019bc-bf24-41e3-994f-c3b94a1dfe63: Starting segment from index:0
2019-07-13 12:48:30,812 INFO  impl.RaftServerImpl (ServerState.java:setRaftConf(361)) - 1d4c94a4-799e-479c-ac36-811ba7ef20cf:group-C3B94A1DFE63 set configuration 0: [1d4c94a4-799e-479c-ac36-811ba7ef20cf:192.168.5.181:38846], old=null at 0
2019-07-13 12:48:30,834 INFO  segmented.SegmentedRaftLogWorker (SegmentedRaftLogWorker.java:execute(569)) - 1d4c94a4-799e-479c-ac36-811ba7ef20cf-SegmentedRaftLogWorker:Storage Directory /tmp/workdir/hadoop-ozone/integration-test/target/test-dir/MiniOzoneClusterImpl-cb250770-3b56-48ad-9bf9-87237a740c2b/datanode-3/data/ratis/b86019bc-bf24-41e3-994f-c3b94a1dfe63: created new log segment /tmp/workdir/hadoop-ozone/integration-test/target/test-dir/MiniOzoneClusterImpl-cb250770-3b56-48ad-9bf9-87237a740c2b/datanode-3/data/ratis/b86019bc-bf24-41e3-994f-c3b94a1dfe63/current/log_inprogress_0
2019-07-13 12:48:30,965 INFO  impl.FollowerState (FollowerState.java:run(106)) - cab6b129-9351-4254-994a-da312a3a076e:group-DF6D5AB6BA1E changes to CANDIDATE, lastRpcTime:5003, electionTimeout:5003ms
2019-07-13 12:48:30,965 INFO  impl.RoleInfo (RoleInfo.java:shutdownFollowerState(121)) - cab6b129-9351-4254-994a-da312a3a076e: shutdown FollowerState
2019-07-13 12:48:30,965 INFO  impl.RaftServerImpl (RaftServerImpl.java:setRole(171)) - cab6b129-9351-4254-994a-da312a3a076e:group-DF6D5AB6BA1E changes role from FOLLOWER to CANDIDATE at term 0 for changeToCandidate
2019-07-13 12:48:30,966 INFO  impl.RoleInfo (RoleInfo.java:updateAndGet(143)) - cab6b129-9351-4254-994a-da312a3a076e: start LeaderElection
2019-07-13 12:48:30,992 INFO  impl.LeaderElection (LeaderElection.java:askForVotes(181)) - cab6b129-9351-4254-994a-da312a3a076e:group-DF6D5AB6BA1E:LeaderElection55: begin an election at term 1 for -1: [cab6b129-9351-4254-994a-da312a3a076e:192.168.5.181:44125], old=null
2019-07-13 12:48:30,993 INFO  impl.RoleInfo (RoleInfo.java:shutdownLeaderElection(134)) - cab6b129-9351-4254-994a-da312a3a076e: shutdown LeaderElection
2019-07-13 12:48:30,993 INFO  impl.RaftServerImpl (RaftServerImpl.java:setRole(171)) - cab6b129-9351-4254-994a-da312a3a076e:group-DF6D5AB6BA1E changes role from CANDIDATE to LEADER at term 1 for changeToLeader
2019-07-13 12:48:30,993 INFO  impl.RaftServerImpl (ServerState.java:setLeader(263)) - cab6b129-9351-4254-994a-da312a3a076e:group-DF6D5AB6BA1E change Leader from null to cab6b129-9351-4254-994a-da312a3a076e at term 1 for becomeLeader, leader elected after 5035ms
2019-07-13 12:48:30,993 INFO  server.RaftServerConfigKeys (ConfUtils.java:logGet(43)) - raft.server.staging.catchup.gap = 1000 (default)
2019-07-13 12:48:30,993 INFO  server.RaftServerConfigKeys (ConfUtils.java:logGet(43)) - raft.server.rpc.sleep.time = 25ms (default)
2019-07-13 12:48:30,993 INFO  server.RaftServerConfigKeys (ConfUtils.java:logGet(43)) - raft.server.write.element-limit = 4096 (default)
2019-07-13 12:48:30,994 INFO  server.RaftServerConfigKeys (ConfUtils.java:logGet(43)) - raft.server.watch.timeout = 10s (default)
2019-07-13 12:48:30,994 INFO  server.RaftServerConfigKeys (ConfUtils.java:logGet(43)) - raft.server.watch.timeout.denomination = 1s (default)
2019-07-13 12:48:30,994 INFO  server.RaftServerConfigKeys (ConfUtils.java:logGet(43)) - raft.server.watch.element-limit = 65536 (default)
2019-07-13 12:48:30,994 INFO  impl.RoleInfo (RoleInfo.java:updateAndGet(143)) - cab6b129-9351-4254-994a-da312a3a076e: start LeaderState
2019-07-13 12:48:30,994 INFO  segmented.SegmentedRaftLogWorker (SegmentedRaftLogWorker.java:startLogSegment(380)) - cab6b129-9351-4254-994a-da312a3a076e-SegmentedRaftLogWorker:Storage Directory /tmp/workdir/hadoop-ozone/integration-test/target/test-dir/MiniOzoneClusterImpl-cb250770-3b56-48ad-9bf9-87237a740c2b/datanode-4/data/ratis/1baa3f98-5533-4031-bf17-df6d5ab6ba1e: Starting segment from index:0
2019-07-13 12:48:30,995 INFO  impl.RaftServerImpl (ServerState.java:setRaftConf(361)) - cab6b129-9351-4254-994a-da312a3a076e:group-DF6D5AB6BA1E set configuration 0: [cab6b129-9351-4254-994a-da312a3a076e:192.168.5.181:44125], old=null at 0
2019-07-13 12:48:31,017 INFO  segmented.SegmentedRaftLogWorker (SegmentedRaftLogWorker.java:execute(569)) - cab6b129-9351-4254-994a-da312a3a076e-SegmentedRaftLogWorker:Storage Directory /tmp/workdir/hadoop-ozone/integration-test/target/test-dir/MiniOzoneClusterImpl-cb250770-3b56-48ad-9bf9-87237a740c2b/datanode-4/data/ratis/1baa3f98-5533-4031-bf17-df6d5ab6ba1e: created new log segment /tmp/workdir/hadoop-ozone/integration-test/target/test-dir/MiniOzoneClusterImpl-cb250770-3b56-48ad-9bf9-87237a740c2b/datanode-4/data/ratis/1baa3f98-5533-4031-bf17-df6d5ab6ba1e/current/log_inprogress_0
2019-07-13 12:48:31,246 INFO  impl.FollowerState (FollowerState.java:run(106)) - ff33fd3b-906a-4e09-b6cf-423d87ab46a8:group-0044078A2638 changes to CANDIDATE, lastRpcTime:5051, electionTimeout:5051ms
2019-07-13 12:48:31,246 INFO  impl.RoleInfo (RoleInfo.java:shutdownFollowerState(121)) - ff33fd3b-906a-4e09-b6cf-423d87ab46a8: shutdown FollowerState
2019-07-13 12:48:31,246 INFO  impl.RaftServerImpl (RaftServerImpl.java:setRole(171)) - ff33fd3b-906a-4e09-b6cf-423d87ab46a8:group-0044078A2638 changes role from FOLLOWER to CANDIDATE at term 0 for changeToCandidate
2019-07-13 12:48:31,247 INFO  impl.RoleInfo (RoleInfo.java:updateAndGet(143)) - ff33fd3b-906a-4e09-b6cf-423d87ab46a8: start LeaderElection
2019-07-13 12:48:31,262 INFO  impl.FollowerState (FollowerState.java:run(106)) - cab6b129-9351-4254-994a-da312a3a076e:group-9A5BEDA81D51 changes to CANDIDATE, lastRpcTime:5013, electionTimeout:5005ms
2019-07-13 12:48:31,262 INFO  impl.RoleInfo (RoleInfo.java:shutdownFollowerState(121)) - cab6b129-9351-4254-994a-da312a3a076e: shutdown FollowerState
2019-07-13 12:48:31,262 INFO  impl.RaftServerImpl (RaftServerImpl.java:setRole(171)) - cab6b129-9351-4254-994a-da312a3a076e:group-9A5BEDA81D51 changes role from FOLLOWER to CANDIDATE at term 0 for changeToCandidate
2019-07-13 12:48:31,262 INFO  impl.RoleInfo (RoleInfo.java:updateAndGet(143)) - cab6b129-9351-4254-994a-da312a3a076e: start LeaderElection
2019-07-13 12:48:31,277 INFO  impl.LeaderElection (LeaderElection.java:askForVotes(181)) - ff33fd3b-906a-4e09-b6cf-423d87ab46a8:group-0044078A2638:LeaderElection56: begin an election at term 1 for -1: [ff33fd3b-906a-4e09-b6cf-423d87ab46a8:192.168.5.181:42601], old=null
2019-07-13 12:48:31,277 INFO  impl.RoleInfo (RoleInfo.java:shutdownLeaderElection(134)) - ff33fd3b-906a-4e09-b6cf-423d87ab46a8: shutdown LeaderElection
2019-07-13 12:48:31,277 INFO  impl.RaftServerImpl (RaftServerImpl.java:setRole(171)) - ff33fd3b-906a-4e09-b6cf-423d87ab46a8:group-0044078A2638 changes role from CANDIDATE to LEADER at term 1 for changeToLeader
2019-07-13 12:48:31,277 INFO  impl.RaftServerImpl (ServerState.java:setLeader(263)) - ff33fd3b-906a-4e09-b6cf-423d87ab46a8:group-0044078A2638 change Leader from null to ff33fd3b-906a-4e09-b6cf-423d87ab46a8 at term 1 for becomeLeader, leader elected after 5086ms
2019-07-13 12:48:31,277 INFO  server.RaftServerConfigKeys (ConfUtils.java:logGet(43)) - raft.server.staging.catchup.gap = 1000 (default)
2019-07-13 12:48:31,277 INFO  server.RaftServerConfigKeys (ConfUtils.java:logGet(43)) - raft.server.rpc.sleep.time = 25ms (default)
2019-07-13 12:48:31,278 INFO  server.RaftServerConfigKeys (ConfUtils.java:logGet(43)) - raft.server.write.element-limit = 4096 (default)
2019-07-13 12:48:31,278 INFO  server.RaftServerConfigKeys (ConfUtils.java:logGet(43)) - raft.server.watch.timeout = 10s (default)
2019-07-13 12:48:31,278 INFO  server.RaftServerConfigKeys (ConfUtils.java:logGet(43)) - raft.server.watch.timeout.denomination = 1s (default)
2019-07-13 12:48:31,278 INFO  server.RaftServerConfigKeys (ConfUtils.java:logGet(43)) - raft.server.watch.element-limit = 65536 (default)
2019-07-13 12:48:31,278 INFO  impl.RoleInfo (RoleInfo.java:updateAndGet(143)) - ff33fd3b-906a-4e09-b6cf-423d87ab46a8: start LeaderState
2019-07-13 12:48:31,279 INFO  impl.LeaderElection (LeaderElection.java:askForVotes(181)) - cab6b129-9351-4254-994a-da312a3a076e:group-9A5BEDA81D51:LeaderElection57: begin an election at term 1 for -1: [cab6b129-9351-4254-994a-da312a3a076e:192.168.5.181:44125, 1d4c94a4-799e-479c-ac36-811ba7ef20cf:192.168.5.181:38846, ff33fd3b-906a-4e09-b6cf-423d87ab46a8:192.168.5.181:42601], old=null
2019-07-13 12:48:31,279 INFO  segmented.SegmentedRaftLogWorker (SegmentedRaftLogWorker.java:startLogSegment(380)) - ff33fd3b-906a-4e09-b6cf-423d87ab46a8-SegmentedRaftLogWorker:Storage Directory /tmp/workdir/hadoop-ozone/integration-test/target/test-dir/MiniOzoneClusterImpl-cb250770-3b56-48ad-9bf9-87237a740c2b/datanode-5/data/ratis/39056a2e-0076-4b4d-baf1-0044078a2638: Starting segment from index:0
2019-07-13 12:48:31,280 INFO  impl.RaftServerImpl (ServerState.java:setRaftConf(361)) - ff33fd3b-906a-4e09-b6cf-423d87ab46a8:group-0044078A2638 set configuration 0: [ff33fd3b-906a-4e09-b6cf-423d87ab46a8:192.168.5.181:42601], old=null at 0
2019-07-13 12:48:31,305 INFO  impl.RaftServerImpl (RaftServerImpl.java:setRole(171)) - ff33fd3b-906a-4e09-b6cf-423d87ab46a8:group-9A5BEDA81D51 changes role from FOLLOWER to FOLLOWER at term 1 for recognizeCandidate:cab6b129-9351-4254-994a-da312a3a076e
2019-07-13 12:48:31,305 INFO  impl.RoleInfo (RoleInfo.java:shutdownFollowerState(121)) - ff33fd3b-906a-4e09-b6cf-423d87ab46a8: shutdown FollowerState
2019-07-13 12:48:31,316 INFO  impl.RaftServerImpl (RaftServerImpl.java:setRole(171)) - 1d4c94a4-799e-479c-ac36-811ba7ef20cf:group-9A5BEDA81D51 changes role from FOLLOWER to FOLLOWER at term 1 for recognizeCandidate:cab6b129-9351-4254-994a-da312a3a076e
2019-07-13 12:48:31,317 INFO  impl.FollowerState (FollowerState.java:run(114)) - ff33fd3b-906a-4e09-b6cf-423d87ab46a8: FollowerState was interrupted: java.lang.InterruptedException: sleep interrupted
2019-07-13 12:48:31,317 INFO  impl.RoleInfo (RoleInfo.java:updateAndGet(143)) - ff33fd3b-906a-4e09-b6cf-423d87ab46a8: start FollowerState
2019-07-13 12:48:31,317 INFO  impl.RoleInfo (RoleInfo.java:shutdownFollowerState(121)) - 1d4c94a4-799e-479c-ac36-811ba7ef20cf: shutdown FollowerState
2019-07-13 12:48:31,318 INFO  impl.RoleInfo (RoleInfo.java:updateAndGet(143)) - 1d4c94a4-799e-479c-ac36-811ba7ef20cf: start FollowerState
2019-07-13 12:48:31,318 INFO  impl.FollowerState (FollowerState.java:run(114)) - 1d4c94a4-799e-479c-ac36-811ba7ef20cf: FollowerState was interrupted: java.lang.InterruptedException: sleep interrupted
2019-07-13 12:48:31,321 INFO  segmented.SegmentedRaftLogWorker (SegmentedRaftLogWorker.java:execute(569)) - ff33fd3b-906a-4e09-b6cf-423d87ab46a8-SegmentedRaftLogWorker:Storage Directory /tmp/workdir/hadoop-ozone/integration-test/target/test-dir/MiniOzoneClusterImpl-cb250770-3b56-48ad-9bf9-87237a740c2b/datanode-5/data/ratis/39056a2e-0076-4b4d-baf1-0044078a2638: created new log segment /tmp/workdir/hadoop-ozone/integration-test/target/test-dir/MiniOzoneClusterImpl-cb250770-3b56-48ad-9bf9-87237a740c2b/datanode-5/data/ratis/39056a2e-0076-4b4d-baf1-0044078a2638/current/log_inprogress_0
2019-07-13 12:48:31,323 INFO  impl.LeaderElection (LeaderElection.java:logAndReturn(56)) - cab6b129-9351-4254-994a-da312a3a076e:group-9A5BEDA81D51:LeaderElection57: Election PASSED; received 1 response(s) [cab6b129-9351-4254-994a-da312a3a076e<-ff33fd3b-906a-4e09-b6cf-423d87ab46a8#0:OK-t1] and 0 exception(s); cab6b129-9351-4254-994a-da312a3a076e:t1, leader=null, voted=cab6b129-9351-4254-994a-da312a3a076e, raftlog=cab6b129-9351-4254-994a-da312a3a076e-SegmentedRaftLog:OPENED:c-1,f-1,i0, conf=-1: [cab6b129-9351-4254-994a-da312a3a076e:192.168.5.181:44125, 1d4c94a4-799e-479c-ac36-811ba7ef20cf:192.168.5.181:38846, ff33fd3b-906a-4e09-b6cf-423d87ab46a8:192.168.5.181:42601], old=null
2019-07-13 12:48:31,323 INFO  impl.RoleInfo (RoleInfo.java:shutdownLeaderElection(134)) - cab6b129-9351-4254-994a-da312a3a076e: shutdown LeaderElection
2019-07-13 12:48:31,323 INFO  impl.RaftServerImpl (RaftServerImpl.java:setRole(171)) - cab6b129-9351-4254-994a-da312a3a076e:group-9A5BEDA81D51 changes role from CANDIDATE to LEADER at term 1 for changeToLeader
2019-07-13 12:48:31,323 INFO  impl.RaftServerImpl (ServerState.java:setLeader(263)) - cab6b129-9351-4254-994a-da312a3a076e:group-9A5BEDA81D51 change Leader from null to cab6b129-9351-4254-994a-da312a3a076e at term 1 for becomeLeader, leader elected after 5085ms
2019-07-13 12:48:31,323 INFO  server.RaftServerConfigKeys (ConfUtils.java:logGet(43)) - raft.server.staging.catchup.gap = 1000 (default)
2019-07-13 12:48:31,323 INFO  server.RaftServerConfigKeys (ConfUtils.java:logGet(43)) - raft.server.rpc.sleep.time = 25ms (default)
2019-07-13 12:48:31,323 INFO  server.RaftServerConfigKeys (ConfUtils.java:logGet(43)) - raft.server.write.element-limit = 4096 (default)
2019-07-13 12:48:31,324 INFO  server.RaftServerConfigKeys (ConfUtils.java:logGet(43)) - raft.server.watch.timeout = 10s (default)
2019-07-13 12:48:31,324 INFO  server.RaftServerConfigKeys (ConfUtils.java:logGet(43)) - raft.server.watch.timeout.denomination = 1s (default)
2019-07-13 12:48:31,324 INFO  server.RaftServerConfigKeys (ConfUtils.java:logGet(43)) - raft.server.watch.element-limit = 65536 (default)
2019-07-13 12:48:31,324 INFO  server.RaftServerConfigKeys (ConfUtils.java:logGet(43)) - raft.server.log.appender.snapshot.chunk.size.max = 16MB (=16777216) (default)
2019-07-13 12:48:31,324 INFO  server.RaftServerConfigKeys (ConfUtils.java:logGet(43)) - raft.server.log.appender.buffer.byte-limit = 33554432 (custom)
2019-07-13 12:48:31,324 INFO  server.RaftServerConfigKeys (ConfUtils.java:logGet(43)) - raft.server.log.appender.buffer.element-limit = 1 (custom)
2019-07-13 12:48:31,325 INFO  grpc.GrpcConfigKeys$Server (ConfUtils.java:logGet(43)) - raft.grpc.server.leader.outstanding.appends.max = 128 (default)
2019-07-13 12:48:31,325 INFO  server.RaftServerConfigKeys (ConfUtils.java:logGet(43)) - raft.server.rpc.request.timeout = 3000ms (default)
2019-07-13 12:48:31,325 INFO  server.RaftServerConfigKeys (ConfUtils.java:logGet(43)) - raft.server.log.appender.install.snapshot.enabled = false (custom)
2019-07-13 12:48:31,325 INFO  server.RaftServerConfigKeys (ConfUtils.java:logGet(43)) - raft.server.log.appender.snapshot.chunk.size.max = 16MB (=16777216) (default)
2019-07-13 12:48:31,325 INFO  server.RaftServerConfigKeys (ConfUtils.java:logGet(43)) - raft.server.log.appender.buffer.byte-limit = 33554432 (custom)
2019-07-13 12:48:31,325 INFO  server.RaftServerConfigKeys (ConfUtils.java:logGet(43)) - raft.server.log.appender.buffer.element-limit = 1 (custom)
2019-07-13 12:48:31,325 INFO  grpc.GrpcConfigKeys$Server (ConfUtils.java:logGet(43)) - raft.grpc.server.leader.outstanding.appends.max = 128 (default)
2019-07-13 12:48:31,326 INFO  server.RaftServerConfigKeys (ConfUtils.java:logGet(43)) - raft.server.rpc.request.timeout = 3000ms (default)
2019-07-13 12:48:31,326 INFO  server.RaftServerConfigKeys (ConfUtils.java:logGet(43)) - raft.server.log.appender.install.snapshot.enabled = false (custom)
2019-07-13 12:48:31,326 INFO  impl.RoleInfo (RoleInfo.java:updateAndGet(143)) - cab6b129-9351-4254-994a-da312a3a076e: start LeaderState
2019-07-13 12:48:31,326 INFO  segmented.SegmentedRaftLogWorker (SegmentedRaftLogWorker.java:startLogSegment(380)) - cab6b129-9351-4254-994a-da312a3a076e-SegmentedRaftLogWorker:Storage Directory /tmp/workdir/hadoop-ozone/integration-test/target/test-dir/MiniOzoneClusterImpl-cb250770-3b56-48ad-9bf9-87237a740c2b/datanode-4/data/ratis/f9b840bf-2b8c-4017-8953-9a5beda81d51: Starting segment from index:0
2019-07-13 12:48:31,327 INFO  impl.RaftServerImpl (ServerState.java:setRaftConf(361)) - cab6b129-9351-4254-994a-da312a3a076e:group-9A5BEDA81D51 set configuration 0: [cab6b129-9351-4254-994a-da312a3a076e:192.168.5.181:44125, 1d4c94a4-799e-479c-ac36-811ba7ef20cf:192.168.5.181:38846, ff33fd3b-906a-4e09-b6cf-423d87ab46a8:192.168.5.181:42601], old=null at 0
2019-07-13 12:48:31,353 INFO  impl.RaftServerImpl (ServerState.java:setLeader(263)) - 1d4c94a4-799e-479c-ac36-811ba7ef20cf:group-9A5BEDA81D51 change Leader from null to cab6b129-9351-4254-994a-da312a3a076e at term 1 for appendEntries, leader elected after 5115ms
2019-07-13 12:48:31,353 INFO  impl.RaftServerImpl (ServerState.java:setLeader(263)) - ff33fd3b-906a-4e09-b6cf-423d87ab46a8:group-9A5BEDA81D51 change Leader from null to cab6b129-9351-4254-994a-da312a3a076e at term 1 for appendEntries, leader elected after 5115ms
2019-07-13 12:48:31,356 INFO  impl.RaftServerImpl (ServerState.java:setRaftConf(361)) - 1d4c94a4-799e-479c-ac36-811ba7ef20cf:group-9A5BEDA81D51 set configuration 0: [cab6b129-9351-4254-994a-da312a3a076e:192.168.5.181:44125, 1d4c94a4-799e-479c-ac36-811ba7ef20cf:192.168.5.181:38846, ff33fd3b-906a-4e09-b6cf-423d87ab46a8:192.168.5.181:42601], old=null at 0
2019-07-13 12:48:31,356 INFO  impl.RaftServerImpl (ServerState.java:setRaftConf(361)) - ff33fd3b-906a-4e09-b6cf-423d87ab46a8:group-9A5BEDA81D51 set configuration 0: [cab6b129-9351-4254-994a-da312a3a076e:192.168.5.181:44125, 1d4c94a4-799e-479c-ac36-811ba7ef20cf:192.168.5.181:38846, ff33fd3b-906a-4e09-b6cf-423d87ab46a8:192.168.5.181:42601], old=null at 0
2019-07-13 12:48:31,356 INFO  segmented.SegmentedRaftLogWorker (SegmentedRaftLogWorker.java:startLogSegment(380)) - 1d4c94a4-799e-479c-ac36-811ba7ef20cf-SegmentedRaftLogWorker:Storage Directory /tmp/workdir/hadoop-ozone/integration-test/target/test-dir/MiniOzoneClusterImpl-cb250770-3b56-48ad-9bf9-87237a740c2b/datanode-3/data/ratis/f9b840bf-2b8c-4017-8953-9a5beda81d51: Starting segment from index:0
2019-07-13 12:48:31,357 INFO  segmented.SegmentedRaftLogWorker (SegmentedRaftLogWorker.java:startLogSegment(380)) - ff33fd3b-906a-4e09-b6cf-423d87ab46a8-SegmentedRaftLogWorker:Storage Directory /tmp/workdir/hadoop-ozone/integration-test/target/test-dir/MiniOzoneClusterImpl-cb250770-3b56-48ad-9bf9-87237a740c2b/datanode-5/data/ratis/f9b840bf-2b8c-4017-8953-9a5beda81d51: Starting segment from index:0
2019-07-13 12:48:31,359 INFO  segmented.SegmentedRaftLogWorker (SegmentedRaftLogWorker.java:execute(569)) - cab6b129-9351-4254-994a-da312a3a076e-SegmentedRaftLogWorker:Storage Directory /tmp/workdir/hadoop-ozone/integration-test/target/test-dir/MiniOzoneClusterImpl-cb250770-3b56-48ad-9bf9-87237a740c2b/datanode-4/data/ratis/f9b840bf-2b8c-4017-8953-9a5beda81d51: created new log segment /tmp/workdir/hadoop-ozone/integration-test/target/test-dir/MiniOzoneClusterImpl-cb250770-3b56-48ad-9bf9-87237a740c2b/datanode-4/data/ratis/f9b840bf-2b8c-4017-8953-9a5beda81d51/current/log_inprogress_0
2019-07-13 12:48:31,376 INFO  segmented.SegmentedRaftLogWorker (SegmentedRaftLogWorker.java:execute(569)) - 1d4c94a4-799e-479c-ac36-811ba7ef20cf-SegmentedRaftLogWorker:Storage Directory /tmp/workdir/hadoop-ozone/integration-test/target/test-dir/MiniOzoneClusterImpl-cb250770-3b56-48ad-9bf9-87237a740c2b/datanode-3/data/ratis/f9b840bf-2b8c-4017-8953-9a5beda81d51: created new log segment /tmp/workdir/hadoop-ozone/integration-test/target/test-dir/MiniOzoneClusterImpl-cb250770-3b56-48ad-9bf9-87237a740c2b/datanode-3/data/ratis/f9b840bf-2b8c-4017-8953-9a5beda81d51/current/log_inprogress_0
2019-07-13 12:48:31,379 INFO  segmented.SegmentedRaftLogWorker (SegmentedRaftLogWorker.java:execute(569)) - ff33fd3b-906a-4e09-b6cf-423d87ab46a8-SegmentedRaftLogWorker:Storage Directory /tmp/workdir/hadoop-ozone/integration-test/target/test-dir/MiniOzoneClusterImpl-cb250770-3b56-48ad-9bf9-87237a740c2b/datanode-5/data/ratis/f9b840bf-2b8c-4017-8953-9a5beda81d51: created new log segment /tmp/workdir/hadoop-ozone/integration-test/target/test-dir/MiniOzoneClusterImpl-cb250770-3b56-48ad-9bf9-87237a740c2b/datanode-5/data/ratis/f9b840bf-2b8c-4017-8953-9a5beda81d51/current/log_inprogress_0
2019-07-13 12:48:31,582 INFO  impl.FollowerState (FollowerState.java:run(106)) - d83a3ddf-ce88-43e4-a076-450f54b3acee:group-CFAF14EDC5F7 changes to CANDIDATE, lastRpcTime:5140, electionTimeout:5140ms
2019-07-13 12:48:31,583 INFO  impl.RoleInfo (RoleInfo.java:shutdownFollowerState(121)) - d83a3ddf-ce88-43e4-a076-450f54b3acee: shutdown FollowerState
2019-07-13 12:48:31,583 INFO  impl.RaftServerImpl (RaftServerImpl.java:setRole(171)) - d83a3ddf-ce88-43e4-a076-450f54b3acee:group-CFAF14EDC5F7 changes role from FOLLOWER to CANDIDATE at term 0 for changeToCandidate
2019-07-13 12:48:31,583 INFO  impl.RoleInfo (RoleInfo.java:updateAndGet(143)) - d83a3ddf-ce88-43e4-a076-450f54b3acee: start LeaderElection
2019-07-13 12:48:31,601 INFO  impl.LeaderElection (LeaderElection.java:askForVotes(181)) - d83a3ddf-ce88-43e4-a076-450f54b3acee:group-CFAF14EDC5F7:LeaderElection58: begin an election at term 1 for -1: [d83a3ddf-ce88-43e4-a076-450f54b3acee:192.168.5.181:45557], old=null
2019-07-13 12:48:31,602 INFO  impl.RoleInfo (RoleInfo.java:shutdownLeaderElection(134)) - d83a3ddf-ce88-43e4-a076-450f54b3acee: shutdown LeaderElection
2019-07-13 12:48:31,602 INFO  impl.RaftServerImpl (RaftServerImpl.java:setRole(171)) - d83a3ddf-ce88-43e4-a076-450f54b3acee:group-CFAF14EDC5F7 changes role from CANDIDATE to LEADER at term 1 for changeToLeader
2019-07-13 12:48:31,602 INFO  impl.RaftServerImpl (ServerState.java:setLeader(263)) - d83a3ddf-ce88-43e4-a076-450f54b3acee:group-CFAF14EDC5F7 change Leader from null to d83a3ddf-ce88-43e4-a076-450f54b3acee at term 1 for becomeLeader, leader elected after 5168ms
2019-07-13 12:48:31,602 INFO  server.RaftServerConfigKeys (ConfUtils.java:logGet(43)) - raft.server.staging.catchup.gap = 1000 (default)
2019-07-13 12:48:31,602 INFO  server.RaftServerConfigKeys (ConfUtils.java:logGet(43)) - raft.server.rpc.sleep.time = 25ms (default)
2019-07-13 12:48:31,602 INFO  server.RaftServerConfigKeys (ConfUtils.java:logGet(43)) - raft.server.write.element-limit = 4096 (default)
2019-07-13 12:48:31,602 INFO  server.RaftServerConfigKeys (ConfUtils.java:logGet(43)) - raft.server.watch.timeout = 10s (default)
2019-07-13 12:48:31,602 INFO  server.RaftServerConfigKeys (ConfUtils.java:logGet(43)) - raft.server.watch.timeout.denomination = 1s (default)
2019-07-13 12:48:31,602 INFO  server.RaftServerConfigKeys (ConfUtils.java:logGet(43)) - raft.server.watch.element-limit = 65536 (default)
2019-07-13 12:48:31,602 INFO  impl.RoleInfo (RoleInfo.java:updateAndGet(143)) - d83a3ddf-ce88-43e4-a076-450f54b3acee: start LeaderState
2019-07-13 12:48:31,603 INFO  segmented.SegmentedRaftLogWorker (SegmentedRaftLogWorker.java:startLogSegment(380)) - d83a3ddf-ce88-43e4-a076-450f54b3acee-SegmentedRaftLogWorker:Storage Directory /tmp/workdir/hadoop-ozone/integration-test/target/test-dir/MiniOzoneClusterImpl-cb250770-3b56-48ad-9bf9-87237a740c2b/datanode-6/data/ratis/e698fede-3f7e-4687-9094-cfaf14edc5f7: Starting segment from index:0
2019-07-13 12:48:31,603 INFO  impl.RaftServerImpl (ServerState.java:setRaftConf(361)) - d83a3ddf-ce88-43e4-a076-450f54b3acee:group-CFAF14EDC5F7 set configuration 0: [d83a3ddf-ce88-43e4-a076-450f54b3acee:192.168.5.181:45557], old=null at 0
2019-07-13 12:48:31,619 INFO  segmented.SegmentedRaftLogWorker (SegmentedRaftLogWorker.java:execute(569)) - d83a3ddf-ce88-43e4-a076-450f54b3acee-SegmentedRaftLogWorker:Storage Directory /tmp/workdir/hadoop-ozone/integration-test/target/test-dir/MiniOzoneClusterImpl-cb250770-3b56-48ad-9bf9-87237a740c2b/datanode-6/data/ratis/e698fede-3f7e-4687-9094-cfaf14edc5f7: created new log segment /tmp/workdir/hadoop-ozone/integration-test/target/test-dir/MiniOzoneClusterImpl-cb250770-3b56-48ad-9bf9-87237a740c2b/datanode-6/data/ratis/e698fede-3f7e-4687-9094-cfaf14edc5f7/current/log_inprogress_0
2019-07-13 12:48:31,749 INFO  client.GrpcClientProtocolClient (GrpcClientProtocolClient.java:onNext(255)) - client-72D420BC790B->808d6bbb-af2b-4565-9924-f91b24251636: receive RaftClientReply:client-72D420BC790B->808d6bbb-af2b-4565-9924-f91b24251636@group-3B28D19F1E52, cid=90, SUCCESS, logIndex=1, commits[808d6bbb-af2b-4565-9924-f91b24251636:c2, 97b855ae-4e7d-4840-b8ac-c0f8fb221986:c1, 99d33be7-8f1f-4425-a9ea-5c6d733bfb25:c1]
2019-07-13 12:48:31,749 INFO  datanode.ObjectStoreHandler (ObjectStoreHandler.java:close(155)) - Closing ObjectStoreHandler.
2019-07-13 12:48:31,761 INFO  ozone.HddsDatanodeService (HddsDatanodeService.java:stop(452)) - Stopped plug-in org.apache.hadoop.ozone.web.OzoneHddsDatanodeService@a6924ad
2019-07-13 12:48:31,795 WARN  server.GrpcLogAppender (LogUtils.java:warn(134)) - 2ce21e82-9fce-4154-8460-38f4062df44e->64ca150a-c620-4294-84e2-4b85544ea83d: Failed appendEntries: org.apache.ratis.thirdparty.io.grpc.StatusRuntimeException: UNAVAILABLE: io exception
2019-07-13 12:48:31,795 INFO  impl.FollowerInfo (FollowerInfo.java:lambda$new$0(50)) - 2ce21e82-9fce-4154-8460-38f4062df44e->64ca150a-c620-4294-84e2-4b85544ea83d: nextIndex: updateUnconditionally 0 -> 0
2019-07-13 12:48:31,802 WARN  server.GrpcLogAppender (LogUtils.java:warn(134)) - 2ce21e82-9fce-4154-8460-38f4062df44e->cf888fe8-b99d-436a-b792-f838102cda43: Failed appendEntries: org.apache.ratis.thirdparty.io.grpc.StatusRuntimeException: UNAVAILABLE: io exception
2019-07-13 12:48:31,802 INFO  impl.FollowerInfo (FollowerInfo.java:lambda$new$0(50)) - 2ce21e82-9fce-4154-8460-38f4062df44e->cf888fe8-b99d-436a-b792-f838102cda43: nextIndex: updateUnconditionally 0 -> 0
2019-07-13 12:48:32,733 INFO  statemachine.DatanodeStateMachine (DatanodeStateMachine.java:lambda$startDaemon$0(350)) - Ozone container server started.
2019-07-13 12:48:34,298 WARN  server.GrpcLogAppender (LogUtils.java:warn(134)) - 2ce21e82-9fce-4154-8460-38f4062df44e->64ca150a-c620-4294-84e2-4b85544ea83d: Failed appendEntries: org.apache.ratis.thirdparty.io.grpc.StatusRuntimeException: UNAVAILABLE: io exception
2019-07-13 12:48:34,298 INFO  impl.FollowerInfo (FollowerInfo.java:lambda$new$0(50)) - 2ce21e82-9fce-4154-8460-38f4062df44e->64ca150a-c620-4294-84e2-4b85544ea83d: nextIndex: updateUnconditionally 0 -> 0
2019-07-13 12:48:34,303 WARN  server.GrpcLogAppender (LogUtils.java:warn(134)) - 2ce21e82-9fce-4154-8460-38f4062df44e->cf888fe8-b99d-436a-b792-f838102cda43: Failed appendEntries: org.apache.ratis.thirdparty.io.grpc.StatusRuntimeException: UNAVAILABLE: io exception
2019-07-13 12:48:34,303 INFO  impl.FollowerInfo (FollowerInfo.java:lambda$new$0(50)) - 2ce21e82-9fce-4154-8460-38f4062df44e->cf888fe8-b99d-436a-b792-f838102cda43: nextIndex: updateUnconditionally 0 -> 0
2019-07-13 12:48:36,762 INFO  ozoneimpl.OzoneContainer (OzoneContainer.java:stop(199)) - Attempting to stop container services.
2019-07-13 12:48:36,763 INFO  impl.RaftServerProxy (RaftServerProxy.java:lambda$close$4(314)) - 808d6bbb-af2b-4565-9924-f91b24251636: close
2019-07-13 12:48:36,763 INFO  impl.RaftServerImpl (RaftServerImpl.java:lambda$shutdown$3(245)) - 808d6bbb-af2b-4565-9924-f91b24251636: shutdown group-3B28D19F1E52
2019-07-13 12:48:36,763 INFO  impl.RaftServerImpl (RaftServerImpl.java:lambda$shutdown$3(245)) - 808d6bbb-af2b-4565-9924-f91b24251636: shutdown group-C0DF61EC365A
2019-07-13 12:48:36,763 INFO  util.JmxRegister (JmxRegister.java:unregister(73)) - Successfully un-registered JMX Bean with object name Ratis:service=RaftServer,group=group-3B28D19F1E52,id=808d6bbb-af2b-4565-9924-f91b24251636
2019-07-13 12:48:36,764 INFO  util.JmxRegister (JmxRegister.java:unregister(73)) - Successfully un-registered JMX Bean with object name Ratis:service=RaftServer,group=group-C0DF61EC365A,id=808d6bbb-af2b-4565-9924-f91b24251636
2019-07-13 12:48:36,764 INFO  impl.RoleInfo (RoleInfo.java:shutdownLeaderState(104)) - 808d6bbb-af2b-4565-9924-f91b24251636: shutdown LeaderState
2019-07-13 12:48:36,764 INFO  impl.RoleInfo (RoleInfo.java:shutdownLeaderState(104)) - 808d6bbb-af2b-4565-9924-f91b24251636: shutdown LeaderState
2019-07-13 12:48:36,779 WARN  server.GrpcLogAppender (GrpcLogAppender.java:mayWait(143)) - GrpcLogAppender(808d6bbb-af2b-4565-9924-f91b24251636->97b855ae-4e7d-4840-b8ac-c0f8fb221986): Wait interrupted by java.lang.InterruptedException
2019-07-13 12:48:36,778 WARN  server.GrpcLogAppender (GrpcLogAppender.java:mayWait(143)) - GrpcLogAppender(808d6bbb-af2b-4565-9924-f91b24251636->99d33be7-8f1f-4425-a9ea-5c6d733bfb25): Wait interrupted by java.lang.InterruptedException
2019-07-13 12:48:36,778 INFO  impl.PendingRequests (PendingRequests.java:sendNotLeaderResponses(202)) - 808d6bbb-af2b-4565-9924-f91b24251636-PendingRequests: sendNotLeaderResponses
2019-07-13 12:48:36,780 INFO  server.GrpcServerProtocolService (GrpcServerProtocolService.java:onCompleted(104)) - 99d33be7-8f1f-4425-a9ea-5c6d733bfb25: appendEntries completed
2019-07-13 12:48:36,779 INFO  server.GrpcServerProtocolService (GrpcServerProtocolService.java:onCompleted(104)) - 97b855ae-4e7d-4840-b8ac-c0f8fb221986: appendEntries completed
2019-07-13 12:48:36,779 INFO  impl.PendingRequests (PendingRequests.java:sendNotLeaderResponses(202)) - 808d6bbb-af2b-4565-9924-f91b24251636-PendingRequests: sendNotLeaderResponses
2019-07-13 12:48:36,811 INFO  ratis.ContainerStateMachine (ContainerStateMachine.java:takeSnapshot(246)) - Taking snapshot at termIndex:(t:1, i:2)
2019-07-13 12:48:36,811 INFO  ratis.ContainerStateMachine (ContainerStateMachine.java:takeSnapshot(250)) - Taking a snapshot to file /tmp/workdir/hadoop-ozone/integration-test/target/test-dir/MiniOzoneClusterImpl-cb250770-3b56-48ad-9bf9-87237a740c2b/datanode-2/data/ratis/abbcd2cf-0c1f-4fa0-bb19-3b28d19f1e52/sm/snapshot.1_2
2019-07-13 12:48:36,811 INFO  impl.StateMachineUpdater (StateMachineUpdater.java:stopAndJoin(115)) - StateMachineUpdater:808d6bbb-af2b-4565-9924-f91b24251636:group-3B28D19F1E52: set stopIndex = 2
2019-07-13 12:48:36,817 INFO  server.GrpcLogAppender (GrpcLogAppender.java:onCompleted(292)) - 808d6bbb-af2b-4565-9924-f91b24251636->97b855ae-4e7d-4840-b8ac-c0f8fb221986: follower responses appendEntries COMPLETED
2019-07-13 12:48:36,817 INFO  impl.StateMachineUpdater (StateMachineUpdater.java:takeSnapshot(242)) - StateMachineUpdater:808d6bbb-af2b-4565-9924-f91b24251636:group-3B28D19F1E52: Took a snapshot at index 2
2019-07-13 12:48:36,818 INFO  impl.StateMachineUpdater (StateMachineUpdater.java:lambda$new$0(80)) - StateMachineUpdater:808d6bbb-af2b-4565-9924-f91b24251636:group-3B28D19F1E52: snapshotIndex: updateIncreasingly -1 -> 2
2019-07-13 12:48:36,811 INFO  ratis.ContainerStateMachine (ContainerStateMachine.java:takeSnapshot(246)) - Taking snapshot at termIndex:(t:0, i:~)
2019-07-13 12:48:36,811 INFO  impl.StateMachineUpdater (StateMachineUpdater.java:stopAndJoin(115)) - StateMachineUpdater:808d6bbb-af2b-4565-9924-f91b24251636:group-C0DF61EC365A: set stopIndex = 0
2019-07-13 12:48:36,811 INFO  server.GrpcLogAppender (GrpcLogAppender.java:onCompleted(292)) - 808d6bbb-af2b-4565-9924-f91b24251636->99d33be7-8f1f-4425-a9ea-5c6d733bfb25: follower responses appendEntries COMPLETED
2019-07-13 12:48:36,818 INFO  impl.RaftServerImpl (ServerState.java:close(394)) - 808d6bbb-af2b-4565-9924-f91b24251636:group-C0DF61EC365A closes. The last applied log index is 0
2019-07-13 12:48:36,818 INFO  impl.RaftServerImpl (ServerState.java:close(394)) - 808d6bbb-af2b-4565-9924-f91b24251636:group-3B28D19F1E52 closes. The last applied log index is 2
2019-07-13 12:48:36,818 INFO  impl.FollowerInfo (FollowerInfo.java:lambda$new$0(50)) - 808d6bbb-af2b-4565-9924-f91b24251636->97b855ae-4e7d-4840-b8ac-c0f8fb221986: nextIndex: updateUnconditionally 3 -> 2
2019-07-13 12:48:36,819 WARN  server.GrpcLogAppender (LogUtils.java:warn(134)) - 2ce21e82-9fce-4154-8460-38f4062df44e->64ca150a-c620-4294-84e2-4b85544ea83d: Failed appendEntries: org.apache.ratis.thirdparty.io.grpc.StatusRuntimeException: UNAVAILABLE: io exception
2019-07-13 12:48:36,819 INFO  segmented.SegmentedRaftLogWorker (SegmentedRaftLogWorker.java:run(313)) - 808d6bbb-af2b-4565-9924-f91b24251636-SegmentedRaftLogWorker:Storage Directory /tmp/workdir/hadoop-ozone/integration-test/target/test-dir/MiniOzoneClusterImpl-cb250770-3b56-48ad-9bf9-87237a740c2b/datanode-2/data/ratis/abbcd2cf-0c1f-4fa0-bb19-3b28d19f1e52 was interrupted, exiting. There are 0 tasks remaining in the queue.
2019-07-13 12:48:36,820 INFO  impl.FollowerInfo (FollowerInfo.java:lambda$new$0(50)) - 2ce21e82-9fce-4154-8460-38f4062df44e->64ca150a-c620-4294-84e2-4b85544ea83d: nextIndex: updateUnconditionally 0 -> 0
2019-07-13 12:48:36,819 WARN  server.GrpcLogAppender (LogUtils.java:warn(134)) - 2ce21e82-9fce-4154-8460-38f4062df44e->cf888fe8-b99d-436a-b792-f838102cda43: Failed appendEntries: org.apache.ratis.thirdparty.io.grpc.StatusRuntimeException: UNAVAILABLE: io exception
2019-07-13 12:48:36,819 INFO  segmented.SegmentedRaftLogWorker (SegmentedRaftLogWorker.java:run(313)) - 808d6bbb-af2b-4565-9924-f91b24251636-SegmentedRaftLogWorker:Storage Directory /tmp/workdir/hadoop-ozone/integration-test/target/test-dir/MiniOzoneClusterImpl-cb250770-3b56-48ad-9bf9-87237a740c2b/datanode-2/data/ratis/029a8beb-822b-4b87-af8b-c0df61ec365a was interrupted, exiting. There are 0 tasks remaining in the queue.
2019-07-13 12:48:36,819 INFO  impl.FollowerInfo (FollowerInfo.java:lambda$new$0(50)) - 808d6bbb-af2b-4565-9924-f91b24251636->99d33be7-8f1f-4425-a9ea-5c6d733bfb25: nextIndex: updateUnconditionally 3 -> 2
2019-07-13 12:48:36,834 INFO  segmented.SegmentedRaftLogWorker (SegmentedRaftLogWorker.java:close(228)) - 808d6bbb-af2b-4565-9924-f91b24251636-SegmentedRaftLogWorker:Storage Directory /tmp/workdir/hadoop-ozone/integration-test/target/test-dir/MiniOzoneClusterImpl-cb250770-3b56-48ad-9bf9-87237a740c2b/datanode-2/data/ratis/abbcd2cf-0c1f-4fa0-bb19-3b28d19f1e52 close()
2019-07-13 12:48:36,834 INFO  segmented.SegmentedRaftLogWorker (SegmentedRaftLogWorker.java:close(228)) - 808d6bbb-af2b-4565-9924-f91b24251636-SegmentedRaftLogWorker:Storage Directory /tmp/workdir/hadoop-ozone/integration-test/target/test-dir/MiniOzoneClusterImpl-cb250770-3b56-48ad-9bf9-87237a740c2b/datanode-2/data/ratis/029a8beb-822b-4b87-af8b-c0df61ec365a close()
2019-07-13 12:48:36,829 INFO  impl.FollowerInfo (FollowerInfo.java:lambda$new$0(50)) - 2ce21e82-9fce-4154-8460-38f4062df44e->cf888fe8-b99d-436a-b792-f838102cda43: nextIndex: updateUnconditionally 0 -> 0
2019-07-13 12:48:36,855 INFO  server.GrpcService (GrpcService.java:closeImpl(155)) - 808d6bbb-af2b-4565-9924-f91b24251636: shutdown server with port 43298 now
2019-07-13 12:48:36,856 INFO  server.GrpcService (GrpcService.java:closeImpl(163)) - 808d6bbb-af2b-4565-9924-f91b24251636: shutdown server with port 43298 successfully
2019-07-13 12:48:36,857 INFO  utils.BackgroundService (BackgroundService.java:shutdown(148)) - Shutting down service BlockDeletingService
2019-07-13 12:48:36,858 WARN  fs.CachingGetSpaceUsed (CachingGetSpaceUsed.java:run(183)) - Thread Interrupted waiting to refresh disk information: sleep interrupted
2019-07-13 12:48:36,897 INFO  statemachine.DatanodeStateMachine (DatanodeStateMachine.java:stopDaemon(395)) - Ozone container server stopped.
2019-07-13 12:48:36,898 INFO  handler.ContextHandler (ContextHandler.java:doStop(910)) - Stopped o.e.j.w.WebAppContext@7154a248{/,null,UNAVAILABLE}{/hddsDatanode}
2019-07-13 12:48:36,899 INFO  server.AbstractConnector (AbstractConnector.java:doStop(318)) - Stopped ServerConnector@435a4d2d{HTTP/1.1,[http/1.1]}{0.0.0.0:0}
2019-07-13 12:48:36,899 INFO  handler.ContextHandler (ContextHandler.java:doStop(910)) - Stopped o.e.j.s.ServletContextHandler@1798c749{/static,jar:file:/home/user/.m2/repository/org/apache/hadoop/hadoop-hdds-container-service/0.5.0-SNAPSHOT/hadoop-hdds-container-service-0.5.0-SNAPSHOT.jar!/webapps/static,UNAVAILABLE}
2019-07-13 12:48:36,900 INFO  handler.ContextHandler (ContextHandler.java:doStop(910)) - Stopped o.e.j.s.ServletContextHandler@6e4ac3f5{/logs,file:///tmp/workdir/hadoop-ozone/integration-test/target/log,UNAVAILABLE}
2019-07-13 12:48:38,945 INFO  client.GrpcClientProtocolClient (GrpcClientProtocolClient.java:onNext(255)) - client-72D420BC790B->99d33be7-8f1f-4425-a9ea-5c6d733bfb25: receive RaftClientReply:client-72D420BC790B->99d33be7-8f1f-4425-a9ea-5c6d733bfb25@group-3B28D19F1E52, cid=91, FAILED org.apache.ratis.protocol.NotLeaderException: Server 99d33be7-8f1f-4425-a9ea-5c6d733bfb25 is not the leader (808d6bbb-af2b-4565-9924-f91b24251636:192.168.5.181:43298). Request must be sent to leader., logIndex=0, commits[99d33be7-8f1f-4425-a9ea-5c6d733bfb25:c2, 97b855ae-4e7d-4840-b8ac-c0f8fb221986:c2, 808d6bbb-af2b-4565-9924-f91b24251636:c2]
2019-07-13 12:48:39,314 WARN  server.GrpcLogAppender (LogUtils.java:warn(134)) - 2ce21e82-9fce-4154-8460-38f4062df44e->cf888fe8-b99d-436a-b792-f838102cda43: Failed appendEntries: org.apache.ratis.thirdparty.io.grpc.StatusRuntimeException: UNAVAILABLE: io exception
2019-07-13 12:48:39,314 INFO  impl.FollowerInfo (FollowerInfo.java:lambda$new$0(50)) - 2ce21e82-9fce-4154-8460-38f4062df44e->cf888fe8-b99d-436a-b792-f838102cda43: nextIndex: updateUnconditionally 0 -> 0
2019-07-13 12:48:39,319 WARN  server.GrpcLogAppender (LogUtils.java:warn(134)) - 2ce21e82-9fce-4154-8460-38f4062df44e->64ca150a-c620-4294-84e2-4b85544ea83d: Failed appendEntries: org.apache.ratis.thirdparty.io.grpc.StatusRuntimeException: UNAVAILABLE: io exception
2019-07-13 12:48:39,320 INFO  impl.FollowerInfo (FollowerInfo.java:lambda$new$0(50)) - 2ce21e82-9fce-4154-8460-38f4062df44e->64ca150a-c620-4294-84e2-4b85544ea83d: nextIndex: updateUnconditionally 0 -> 0
2019-07-13 12:48:39,993 INFO  client.GrpcClientProtocolClient (GrpcClientProtocolClient.java:onNext(255)) - client-72D420BC790B->99d33be7-8f1f-4425-a9ea-5c6d733bfb25: receive RaftClientReply:client-72D420BC790B->99d33be7-8f1f-4425-a9ea-5c6d733bfb25@group-3B28D19F1E52, cid=91, FAILED org.apache.ratis.protocol.NotLeaderException: Server 99d33be7-8f1f-4425-a9ea-5c6d733bfb25 is not the leader (808d6bbb-af2b-4565-9924-f91b24251636:192.168.5.181:43298). Request must be sent to leader., logIndex=0, commits[99d33be7-8f1f-4425-a9ea-5c6d733bfb25:c2, 97b855ae-4e7d-4840-b8ac-c0f8fb221986:c2, 808d6bbb-af2b-4565-9924-f91b24251636:c2]
2019-07-13 12:48:41,080 INFO  client.GrpcClientProtocolClient (GrpcClientProtocolClient.java:onNext(255)) - client-72D420BC790B->97b855ae-4e7d-4840-b8ac-c0f8fb221986: receive RaftClientReply:client-72D420BC790B->97b855ae-4e7d-4840-b8ac-c0f8fb221986@group-3B28D19F1E52, cid=91, FAILED org.apache.ratis.protocol.NotLeaderException: Server 97b855ae-4e7d-4840-b8ac-c0f8fb221986 is not the leader (808d6bbb-af2b-4565-9924-f91b24251636:192.168.5.181:43298). Request must be sent to leader., logIndex=0, commits[97b855ae-4e7d-4840-b8ac-c0f8fb221986:c2, 808d6bbb-af2b-4565-9924-f91b24251636:c2, 99d33be7-8f1f-4425-a9ea-5c6d733bfb25:c2]
2019-07-13 12:48:41,815 WARN  server.GrpcLogAppender (LogUtils.java:warn(134)) - 2ce21e82-9fce-4154-8460-38f4062df44e->cf888fe8-b99d-436a-b792-f838102cda43: Failed appendEntries: org.apache.ratis.thirdparty.io.grpc.StatusRuntimeException: UNAVAILABLE: io exception
2019-07-13 12:48:41,816 INFO  impl.FollowerInfo (FollowerInfo.java:lambda$new$0(50)) - 2ce21e82-9fce-4154-8460-38f4062df44e->cf888fe8-b99d-436a-b792-f838102cda43: nextIndex: updateUnconditionally 0 -> 0
2019-07-13 12:48:41,820 WARN  server.GrpcLogAppender (LogUtils.java:warn(134)) - 2ce21e82-9fce-4154-8460-38f4062df44e->64ca150a-c620-4294-84e2-4b85544ea83d: Failed appendEntries: org.apache.ratis.thirdparty.io.grpc.StatusRuntimeException: UNAVAILABLE: io exception
2019-07-13 12:48:41,821 INFO  impl.FollowerInfo (FollowerInfo.java:lambda$new$0(50)) - 2ce21e82-9fce-4154-8460-38f4062df44e->64ca150a-c620-4294-84e2-4b85544ea83d: nextIndex: updateUnconditionally 0 -> 0
2019-07-13 12:48:42,164 INFO  client.GrpcClientProtocolClient (GrpcClientProtocolClient.java:onNext(255)) - client-72D420BC790B->99d33be7-8f1f-4425-a9ea-5c6d733bfb25: receive RaftClientReply:client-72D420BC790B->99d33be7-8f1f-4425-a9ea-5c6d733bfb25@group-3B28D19F1E52, cid=91, FAILED org.apache.ratis.protocol.NotLeaderException: Server 99d33be7-8f1f-4425-a9ea-5c6d733bfb25 is not the leader (808d6bbb-af2b-4565-9924-f91b24251636:192.168.5.181:43298). Request must be sent to leader., logIndex=0, commits[99d33be7-8f1f-4425-a9ea-5c6d733bfb25:c2, 97b855ae-4e7d-4840-b8ac-c0f8fb221986:c2, 808d6bbb-af2b-4565-9924-f91b24251636:c2]
]]></system-out>
    <system-err><![CDATA[Jul 13, 2019 12:48:20 PM com.sun.jersey.server.impl.application.WebApplicationImpl _initiate
INFO: Initiating Jersey application, version 'Jersey: 1.19 02/11/2015 03:25 AM'
Jul 13, 2019 12:48:21 PM com.sun.jersey.server.impl.application.WebApplicationImpl _initiate
INFO: Initiating Jersey application, version 'Jersey: 1.19 02/11/2015 03:25 AM'
Jul 13, 2019 12:48:21 PM com.sun.jersey.server.impl.application.WebApplicationImpl _initiate
INFO: Initiating Jersey application, version 'Jersey: 1.19 02/11/2015 03:25 AM'
Jul 13, 2019 12:48:21 PM com.sun.jersey.server.impl.application.WebApplicationImpl _initiate
INFO: Initiating Jersey application, version 'Jersey: 1.19 02/11/2015 03:25 AM'
Jul 13, 2019 12:48:21 PM org.apache.ratis.thirdparty.io.grpc.internal.ManagedChannelOrphanWrapper$ManagedChannelReference cleanQueue
SEVERE: *~*~*~ Channel ManagedChannelImpl{logId=817, target=192.168.5.181:36096} was not shutdown properly!!! ~*~*~*
    Make sure to call shutdown()/shutdownNow() and wait until awaitTermination() returns true.
java.lang.RuntimeException: ManagedChannel allocation site
	at org.apache.ratis.thirdparty.io.grpc.internal.ManagedChannelOrphanWrapper$ManagedChannelReference.<init>(ManagedChannelOrphanWrapper.java:103)
	at org.apache.ratis.thirdparty.io.grpc.internal.ManagedChannelOrphanWrapper.<init>(ManagedChannelOrphanWrapper.java:53)
	at org.apache.ratis.thirdparty.io.grpc.internal.ManagedChannelOrphanWrapper.<init>(ManagedChannelOrphanWrapper.java:44)
	at org.apache.ratis.thirdparty.io.grpc.internal.AbstractManagedChannelImplBuilder.build(AbstractManagedChannelImplBuilder.java:411)
	at org.apache.ratis.grpc.client.GrpcClientProtocolClient.<init>(GrpcClientProtocolClient.java:119)
	at org.apache.ratis.grpc.client.GrpcClientRpc.lambda$new$0(GrpcClientRpc.java:55)
	at org.apache.ratis.util.PeerProxyMap$PeerAndProxy.lambda$getProxy$0(PeerProxyMap.java:61)
	at org.apache.ratis.util.LifeCycle.startAndTransition(LifeCycle.java:202)
	at org.apache.ratis.util.PeerProxyMap$PeerAndProxy.getProxy(PeerProxyMap.java:60)
	at org.apache.ratis.util.PeerProxyMap.getProxy(PeerProxyMap.java:107)
	at org.apache.ratis.grpc.client.GrpcClientRpc.sendRequestAsync(GrpcClientRpc.java:66)
	at org.apache.ratis.client.impl.OrderedAsync.sendRequest(OrderedAsync.java:208)
	at org.apache.ratis.client.impl.OrderedAsync.sendRequestWithRetry(OrderedAsync.java:169)
	at org.apache.ratis.util.SlidingWindow$Client.sendOrDelayRequest(SlidingWindow.java:278)
	at org.apache.ratis.util.SlidingWindow$Client.retry(SlidingWindow.java:294)
	at org.apache.ratis.client.impl.OrderedAsync.lambda$scheduleWithTimeout$7(OrderedAsync.java:195)
	at org.apache.ratis.util.TimeoutScheduler.lambda$onTimeout$0(TimeoutScheduler.java:85)
	at org.apache.ratis.util.TimeoutScheduler.lambda$onTimeout$1(TimeoutScheduler.java:104)
	at org.apache.ratis.util.LogUtils.runAndLog(LogUtils.java:50)
	at org.apache.ratis.util.LogUtils$1.run(LogUtils.java:91)
	at java.util.concurrent.Executors$RunnableAdapter.call(Executors.java:511)
	at java.util.concurrent.FutureTask.run(FutureTask.java:266)
	at java.util.concurrent.ScheduledThreadPoolExecutor$ScheduledFutureTask.access$201(ScheduledThreadPoolExecutor.java:180)
	at java.util.concurrent.ScheduledThreadPoolExecutor$ScheduledFutureTask.run(ScheduledThreadPoolExecutor.java:293)
	at java.util.concurrent.ThreadPoolExecutor.runWorker(ThreadPoolExecutor.java:1149)
	at java.util.concurrent.ThreadPoolExecutor$Worker.run(ThreadPoolExecutor.java:624)
	at java.lang.Thread.run(Thread.java:748)

Jul 13, 2019 12:48:21 PM com.sun.jersey.server.impl.application.WebApplicationImpl _initiate
INFO: Initiating Jersey application, version 'Jersey: 1.19 02/11/2015 03:25 AM'
Jul 13, 2019 12:48:22 PM com.sun.jersey.server.impl.application.WebApplicationImpl _initiate
INFO: Initiating Jersey application, version 'Jersey: 1.19 02/11/2015 03:25 AM'
Jul 13, 2019 12:48:22 PM com.sun.jersey.server.impl.application.WebApplicationImpl _initiate
INFO: Initiating Jersey application, version 'Jersey: 1.19 02/11/2015 03:25 AM'
]]></system-err>
  </testcase>
  <testcase name="test2WayCommitForRetryfailure" classname="org.apache.hadoop.ozone.client.rpc.TestWatchForCommit" time="42.718"/>
</testsuite>