<?xml version="1.0" encoding="UTF-8"?>
<testsuite xmlns:xsi="http://www.w3.org/2001/XMLSchema-instance" xsi:noNamespaceSchemaLocation="https://maven.apache.org/surefire/maven-surefire-plugin/xsd/surefire-test-report.xsd" name="org.apache.hadoop.ozone.client.rpc.TestCloseContainerHandlingByClient" time="57.99" tests="8" errors="6" skipped="1" failures="0">
  <properties>
    <property name="awt.toolkit" value="sun.awt.X11.XToolkit"/>
    <property name="file.encoding.pkg" value="sun.io"/>
    <property name="java.specification.version" value="1.8"/>
    <property name="sun.cpu.isalist" value=""/>
    <property name="sun.jnu.encoding" value="UTF-8"/>
    <property name="java.class.path" value="/tmp/workdir/hadoop-ozone/integration-test/target/test-classes:/tmp/workdir/hadoop-ozone/integration-test/target/classes:/home/user/.m2/repository/org/apache/hadoop/hadoop-ozone-common/0.5.0-SNAPSHOT/hadoop-ozone-common-0.5.0-SNAPSHOT.jar:/home/user/.m2/repository/org/apache/commons/commons-compress/1.4.1/commons-compress-1.4.1.jar:/home/user/.m2/repository/org/tukaani/xz/1.0/xz-1.0.jar:/home/user/.m2/repository/org/apache/hadoop/hadoop-common/3.2.0/hadoop-common-3.2.0.jar:/home/user/.m2/repository/org/apache/hadoop/hadoop-hdfs/3.2.0/hadoop-hdfs-3.2.0.jar:/home/user/.m2/repository/org/apache/hadoop/hadoop-hdfs-client/3.2.0/hadoop-hdfs-client-3.2.0.jar:/home/user/.m2/repository/com/fasterxml/jackson/core/jackson-annotations/2.9.5/jackson-annotations-2.9.5.jar:/home/user/.m2/repository/org/apache/hadoop/hadoop-hdds-common/0.5.0-SNAPSHOT/hadoop-hdds-common-0.5.0-SNAPSHOT.jar:/home/user/.m2/repository/javax/annotation/javax.annotation-api/1.2/javax.annotation-api-1.2.jar:/home/user/.m2/repository/org/apache/ratis/ratis-server/0.4.0-2337318-SNAPSHOT/ratis-server-0.4.0-2337318-SNAPSHOT.jar:/home/user/.m2/repository/org/apache/ratis/ratis-thirdparty-misc/0.2.0/ratis-thirdparty-misc-0.2.0.jar:/home/user/.m2/repository/org/apache/ratis/ratis-proto/0.4.0-2337318-SNAPSHOT/ratis-proto-0.4.0-2337318-SNAPSHOT.jar:/home/user/.m2/repository/org/apache/ratis/ratis-common/0.4.0-2337318-SNAPSHOT/ratis-common-0.4.0-2337318-SNAPSHOT.jar:/home/user/.m2/repository/org/apache/ratis/ratis-client/0.4.0-2337318-SNAPSHOT/ratis-client-0.4.0-2337318-SNAPSHOT.jar:/home/user/.m2/repository/org/apache/ratis/ratis-metrics/0.4.0-2337318-SNAPSHOT/ratis-metrics-0.4.0-2337318-SNAPSHOT.jar:/home/user/.m2/repository/org/apache/ratis/ratis-netty/0.4.0-2337318-SNAPSHOT/ratis-netty-0.4.0-2337318-SNAPSHOT.jar:/home/user/.m2/repository/org/apache/ratis/ratis-grpc/0.4.0-2337318-SNAPSHOT/ratis-grpc-0.4.0-2337318-SNAPSHOT.jar:/home/user/.m2/repository/org/rocksdb/rocksdbjni/6.0.1/rocksdbjni-6.0.1.jar:/home/user/.m2/repository/org/apache/logging/log4j/log4j-api/2.11.0/log4j-api-2.11.0.jar:/home/user/.m2/repository/org/apache/logging/log4j/log4j-core/2.11.0/log4j-core-2.11.0.jar:/home/user/.m2/repository/com/lmax/disruptor/3.4.2/disruptor-3.4.2.jar:/home/user/.m2/repository/org/apache/commons/commons-pool2/2.6.0/commons-pool2-2.6.0.jar:/home/user/.m2/repository/org/bouncycastle/bcpkix-jdk15on/1.60/bcpkix-jdk15on-1.60.jar:/home/user/.m2/repository/commons-validator/commons-validator/1.6/commons-validator-1.6.jar:/home/user/.m2/repository/commons-digester/commons-digester/1.8.1/commons-digester-1.8.1.jar:/home/user/.m2/repository/io/jaegertracing/jaeger-client/0.33.1/jaeger-client-0.33.1.jar:/home/user/.m2/repository/io/jaegertracing/jaeger-thrift/0.33.1/jaeger-thrift-0.33.1.jar:/home/user/.m2/repository/org/apache/thrift/libthrift/0.11.0/libthrift-0.11.0.jar:/home/user/.m2/repository/com/squareup/okhttp3/okhttp/3.9.0/okhttp-3.9.0.jar:/home/user/.m2/repository/com/squareup/okio/okio/1.13.0/okio-1.13.0.jar:/home/user/.m2/repository/io/jaegertracing/jaeger-core/0.33.1/jaeger-core-0.33.1.jar:/home/user/.m2/repository/io/jaegertracing/jaeger-tracerresolver/0.33.1/jaeger-tracerresolver-0.33.1.jar:/home/user/.m2/repository/io/opentracing/contrib/opentracing-tracerresolver/0.1.5/opentracing-tracerresolver-0.1.5.jar:/home/user/.m2/repository/io/opentracing/opentracing-util/0.31.0/opentracing-util-0.31.0.jar:/home/user/.m2/repository/io/opentracing/opentracing-api/0.31.0/opentracing-api-0.31.0.jar:/home/user/.m2/repository/io/opentracing/opentracing-noop/0.31.0/opentracing-noop-0.31.0.jar:/home/user/.m2/repository/org/apache/hadoop/hadoop-hdds-server-framework/0.5.0-SNAPSHOT/hadoop-hdds-server-framework-0.5.0-SNAPSHOT.jar:/home/user/.m2/repository/org/apache/hadoop/hadoop-hdds-container-service/0.5.0-SNAPSHOT/hadoop-hdds-container-service-0.5.0-SNAPSHOT.jar:/home/user/.m2/repository/org/apache/hadoop/hadoop-hdds-client/0.5.0-SNAPSHOT/hadoop-hdds-client-0.5.0-SNAPSHOT.jar:/home/user/.m2/repository/org/apache/hadoop/hadoop-hdds-tools/0.5.0-SNAPSHOT/hadoop-hdds-tools-0.5.0-SNAPSHOT.jar:/home/user/.m2/repository/org/apache/hadoop/hadoop-hdds-server-scm/0.5.0-SNAPSHOT/hadoop-hdds-server-scm-0.5.0-SNAPSHOT.jar:/home/user/.m2/repository/org/apache/hadoop/hadoop-hdds-docs/0.5.0-SNAPSHOT/hadoop-hdds-docs-0.5.0-SNAPSHOT.jar:/home/user/.m2/repository/io/dropwizard/metrics/metrics-core/3.2.4/metrics-core-3.2.4.jar:/home/user/.m2/repository/org/hamcrest/hamcrest-all/1.3/hamcrest-all-1.3.jar:/home/user/.m2/repository/org/bouncycastle/bcprov-jdk15on/1.60/bcprov-jdk15on-1.60.jar:/home/user/.m2/repository/info/picocli/picocli/3.9.6/picocli-3.9.6.jar:/home/user/.m2/repository/com/google/protobuf/protobuf-java/2.5.0/protobuf-java-2.5.0.jar:/home/user/.m2/repository/com/google/guava/guava/11.0.2/guava-11.0.2.jar:/home/user/.m2/repository/org/apache/hadoop/hadoop-ozone-ozone-manager/0.5.0-SNAPSHOT/hadoop-ozone-ozone-manager-0.5.0-SNAPSHOT.jar:/home/user/.m2/repository/org/apache/hadoop/hadoop-minikdc/3.2.0/hadoop-minikdc-3.2.0.jar:/home/user/.m2/repository/commons-io/commons-io/2.5/commons-io-2.5.jar:/home/user/.m2/repository/org/apache/kerby/kerb-simplekdc/1.0.1/kerb-simplekdc-1.0.1.jar:/home/user/.m2/repository/org/apache/kerby/kerb-client/1.0.1/kerb-client-1.0.1.jar:/home/user/.m2/repository/org/apache/kerby/kerby-config/1.0.1/kerby-config-1.0.1.jar:/home/user/.m2/repository/org/apache/kerby/kerb-core/1.0.1/kerb-core-1.0.1.jar:/home/user/.m2/repository/org/apache/kerby/kerby-pkix/1.0.1/kerby-pkix-1.0.1.jar:/home/user/.m2/repository/org/apache/kerby/kerby-asn1/1.0.1/kerby-asn1-1.0.1.jar:/home/user/.m2/repository/org/apache/kerby/kerby-util/1.0.1/kerby-util-1.0.1.jar:/home/user/.m2/repository/org/apache/kerby/kerb-common/1.0.1/kerb-common-1.0.1.jar:/home/user/.m2/repository/org/apache/kerby/kerb-crypto/1.0.1/kerb-crypto-1.0.1.jar:/home/user/.m2/repository/org/apache/kerby/kerb-util/1.0.1/kerb-util-1.0.1.jar:/home/user/.m2/repository/org/apache/kerby/token-provider/1.0.1/token-provider-1.0.1.jar:/home/user/.m2/repository/org/apache/kerby/kerb-admin/1.0.1/kerb-admin-1.0.1.jar:/home/user/.m2/repository/org/apache/kerby/kerb-server/1.0.1/kerb-server-1.0.1.jar:/home/user/.m2/repository/org/apache/kerby/kerb-identity/1.0.1/kerb-identity-1.0.1.jar:/home/user/.m2/repository/org/apache/kerby/kerby-xdr/1.0.1/kerby-xdr-1.0.1.jar:/home/user/.m2/repository/org/slf4j/slf4j-log4j12/1.7.25/slf4j-log4j12-1.7.25.jar:/home/user/.m2/repository/org/apache/hadoop/hadoop-ozone-objectstore-service/0.5.0-SNAPSHOT/hadoop-ozone-objectstore-service-0.5.0-SNAPSHOT.jar:/home/user/.m2/repository/org/apache/hadoop/hadoop-ozone-s3gateway/0.5.0-SNAPSHOT/hadoop-ozone-s3gateway-0.5.0-SNAPSHOT.jar:/home/user/.m2/repository/org/jboss/weld/servlet/weld-servlet/2.4.7.Final/weld-servlet-2.4.7.Final.jar:/home/user/.m2/repository/org/glassfish/jersey/containers/jersey-container-servlet-core/2.27/jersey-container-servlet-core-2.27.jar:/home/user/.m2/repository/org/glassfish/hk2/external/javax.inject/2.5.0-b42/javax.inject-2.5.0-b42.jar:/home/user/.m2/repository/org/glassfish/jersey/core/jersey-common/2.27/jersey-common-2.27.jar:/home/user/.m2/repository/org/glassfish/hk2/osgi-resource-locator/1.0.1/osgi-resource-locator-1.0.1.jar:/home/user/.m2/repository/javax/ws/rs/javax.ws.rs-api/2.1/javax.ws.rs-api-2.1.jar:/home/user/.m2/repository/org/glassfish/jersey/ext/cdi/jersey-cdi1x/2.27/jersey-cdi1x-2.27.jar:/home/user/.m2/repository/org/glassfish/jersey/inject/jersey-hk2/2.27/jersey-hk2-2.27.jar:/home/user/.m2/repository/org/glassfish/hk2/hk2-locator/2.5.0-b42/hk2-locator-2.5.0-b42.jar:/home/user/.m2/repository/org/javassist/javassist/3.22.0-CR2/javassist-3.22.0-CR2.jar:/home/user/.m2/repository/org/glassfish/hk2/hk2-api/2.5.0/hk2-api-2.5.0.jar:/home/user/.m2/repository/org/glassfish/hk2/external/jakarta.inject/2.5.0/jakarta.inject-2.5.0.jar:/home/user/.m2/repository/org/glassfish/hk2/hk2-utils/2.5.0/hk2-utils-2.5.0.jar:/home/user/.m2/repository/jakarta/annotation/jakarta.annotation-api/1.3.4/jakarta.annotation-api-1.3.4.jar:/home/user/.m2/repository/org/glassfish/hk2/external/aopalliance-repackaged/2.5.0/aopalliance-repackaged-2.5.0.jar:/home/user/.m2/repository/com/fasterxml/jackson/dataformat/jackson-dataformat-xml/2.9.0/jackson-dataformat-xml-2.9.0.jar:/home/user/.m2/repository/com/fasterxml/jackson/core/jackson-core/2.9.5/jackson-core-2.9.5.jar:/home/user/.m2/repository/com/fasterxml/jackson/module/jackson-module-jaxb-annotations/2.9.5/jackson-module-jaxb-annotations-2.9.5.jar:/home/user/.m2/repository/javax/enterprise/cdi-api/1.2/cdi-api-1.2.jar:/home/user/.m2/repository/javax/el/javax.el-api/3.0.0/javax.el-api-3.0.0.jar:/home/user/.m2/repository/javax/interceptor/javax.interceptor-api/1.2/javax.interceptor-api-1.2.jar:/home/user/.m2/repository/javax/inject/javax.inject/1/javax.inject-1.jar:/home/user/.m2/repository/com/sun/xml/bind/jaxb-impl/2.3.0.1/jaxb-impl-2.3.0.1.jar:/home/user/.m2/repository/com/sun/xml/bind/jaxb-core/2.3.0.1/jaxb-core-2.3.0.1.jar:/home/user/.m2/repository/javax/xml/bind/jaxb-api/2.3.0/jaxb-api-2.3.0.jar:/home/user/.m2/repository/javax/activation/activation/1.1.1/activation-1.1.1.jar:/home/user/.m2/repository/org/apache/hadoop/hadoop-ozone-csi/0.5.0-SNAPSHOT/hadoop-ozone-csi-0.5.0-SNAPSHOT.jar:/home/user/.m2/repository/com/google/protobuf/protobuf-java-util/3.5.1/protobuf-java-util-3.5.1.jar:/home/user/.m2/repository/org/apache/hadoop/hadoop-hdds-config/0.5.0-SNAPSHOT/hadoop-hdds-config-0.5.0-SNAPSHOT.jar:/home/user/.m2/repository/io/grpc/grpc-netty/1.17.1/grpc-netty-1.17.1.jar:/home/user/.m2/repository/io/grpc/grpc-core/1.17.1/grpc-core-1.17.1.jar:/home/user/.m2/repository/io/grpc/grpc-context/1.17.1/grpc-context-1.17.1.jar:/home/user/.m2/repository/com/google/errorprone/error_prone_annotations/2.2.0/error_prone_annotations-2.2.0.jar:/home/user/.m2/repository/org/codehaus/mojo/animal-sniffer-annotations/1.17/animal-sniffer-annotations-1.17.jar:/home/user/.m2/repository/io/opencensus/opencensus-api/0.17.0/opencensus-api-0.17.0.jar:/home/user/.m2/repository/io/opencensus/opencensus-contrib-grpc-metrics/0.17.0/opencensus-contrib-grpc-metrics-0.17.0.jar:/home/user/.m2/repository/io/netty/netty-codec-http2/4.1.30.Final/netty-codec-http2-4.1.30.Final.jar:/home/user/.m2/repository/io/netty/netty-codec-http/4.1.30.Final/netty-codec-http-4.1.30.Final.jar:/home/user/.m2/repository/io/netty/netty-codec/4.1.30.Final/netty-codec-4.1.30.Final.jar:/home/user/.m2/repository/io/netty/netty-handler/4.1.30.Final/netty-handler-4.1.30.Final.jar:/home/user/.m2/repository/io/netty/netty-handler-proxy/4.1.30.Final/netty-handler-proxy-4.1.30.Final.jar:/home/user/.m2/repository/io/netty/netty-codec-socks/4.1.30.Final/netty-codec-socks-4.1.30.Final.jar:/home/user/.m2/repository/io/netty/netty-transport-native-epoll/4.1.30.Final/netty-transport-native-epoll-4.1.30.Final.jar:/home/user/.m2/repository/io/netty/netty-common/4.1.30.Final/netty-common-4.1.30.Final.jar:/home/user/.m2/repository/io/netty/netty-buffer/4.1.30.Final/netty-buffer-4.1.30.Final.jar:/home/user/.m2/repository/io/netty/netty-transport/4.1.30.Final/netty-transport-4.1.30.Final.jar:/home/user/.m2/repository/io/netty/netty-resolver/4.1.30.Final/netty-resolver-4.1.30.Final.jar:/home/user/.m2/repository/io/netty/netty-transport-native-unix-common/4.1.30.Final/netty-transport-native-unix-common-4.1.30.Final.jar:/home/user/.m2/repository/io/grpc/grpc-protobuf/1.17.1/grpc-protobuf-1.17.1.jar:/home/user/.m2/repository/com/google/api/grpc/proto-google-common-protos/1.0.0/proto-google-common-protos-1.0.0.jar:/home/user/.m2/repository/io/grpc/grpc-protobuf-lite/1.17.1/grpc-protobuf-lite-1.17.1.jar:/home/user/.m2/repository/io/grpc/grpc-stub/1.17.1/grpc-stub-1.17.1.jar:/home/user/.m2/repository/org/apache/hadoop/hadoop-ozone-recon/0.5.0-SNAPSHOT/hadoop-ozone-recon-0.5.0-SNAPSHOT.jar:/home/user/.m2/repository/org/apache/hadoop/hadoop-ozone-reconcodegen/0.5.0-SNAPSHOT/hadoop-ozone-reconcodegen-0.5.0-SNAPSHOT.jar:/home/user/.m2/repository/com/google/inject/extensions/guice-multibindings/4.0/guice-multibindings-4.0.jar:/home/user/.m2/repository/com/google/inject/guice/4.0/guice-4.0.jar:/home/user/.m2/repository/aopalliance/aopalliance/1.0/aopalliance-1.0.jar:/home/user/.m2/repository/com/google/inject/extensions/guice-servlet/4.0/guice-servlet-4.0.jar:/home/user/.m2/repository/org/glassfish/jersey/containers/jersey-container-servlet/2.27/jersey-container-servlet-2.27.jar:/home/user/.m2/repository/org/glassfish/hk2/guice-bridge/2.5.0/guice-bridge-2.5.0.jar:/home/user/.m2/repository/org/glassfish/jersey/core/jersey-server/2.27/jersey-server-2.27.jar:/home/user/.m2/repository/org/glassfish/jersey/core/jersey-client/2.27/jersey-client-2.27.jar:/home/user/.m2/repository/org/glassfish/jersey/media/jersey-media-jaxb/2.27/jersey-media-jaxb-2.27.jar:/home/user/.m2/repository/javax/validation/validation-api/1.1.0.Final/validation-api-1.1.0.Final.jar:/home/user/.m2/repository/org/glassfish/jersey/media/jersey-media-json-jackson/2.27/jersey-media-json-jackson-2.27.jar:/home/user/.m2/repository/org/glassfish/jersey/ext/jersey-entity-filtering/2.27/jersey-entity-filtering-2.27.jar:/home/user/.m2/repository/com/google/inject/extensions/guice-assistedinject/4.0/guice-assistedinject-4.0.jar:/home/user/.m2/repository/org/jooq/jooq/3.11.10/jooq-3.11.10.jar:/home/user/.m2/repository/org/jooq/jooq-meta/3.11.10/jooq-meta-3.11.10.jar:/home/user/.m2/repository/org/jooq/jooq-codegen/3.11.10/jooq-codegen-3.11.10.jar:/home/user/.m2/repository/com/jolbox/bonecp/0.8.0.RELEASE/bonecp-0.8.0.RELEASE.jar:/home/user/.m2/repository/org/xerial/sqlite-jdbc/3.25.2/sqlite-jdbc-3.25.2.jar:/home/user/.m2/repository/org/springframework/spring-jdbc/5.1.3.RELEASE/spring-jdbc-5.1.3.RELEASE.jar:/home/user/.m2/repository/org/springframework/spring-beans/5.1.3.RELEASE/spring-beans-5.1.3.RELEASE.jar:/home/user/.m2/repository/org/springframework/spring-core/5.1.3.RELEASE/spring-core-5.1.3.RELEASE.jar:/home/user/.m2/repository/org/springframework/spring-jcl/5.1.3.RELEASE/spring-jcl-5.1.3.RELEASE.jar:/home/user/.m2/repository/org/springframework/spring-tx/5.1.3.RELEASE/spring-tx-5.1.3.RELEASE.jar:/home/user/.m2/repository/org/apache/hadoop/hadoop-ozone-client/0.5.0-SNAPSHOT/hadoop-ozone-client-0.5.0-SNAPSHOT.jar:/home/user/.m2/repository/commons-lang/commons-lang/2.6/commons-lang-2.6.jar:/home/user/.m2/repository/org/apache/hadoop/hadoop-ozone-ozone-manager/0.5.0-SNAPSHOT/hadoop-ozone-ozone-manager-0.5.0-SNAPSHOT-tests.jar:/home/user/.m2/repository/junit/junit/4.11/junit-4.11.jar:/home/user/.m2/repository/org/hamcrest/hamcrest-core/1.3/hamcrest-core-1.3.jar:/home/user/.m2/repository/org/openjdk/jmh/jmh-core/1.19/jmh-core-1.19.jar:/home/user/.m2/repository/net/sf/jopt-simple/jopt-simple/4.6/jopt-simple-4.6.jar:/home/user/.m2/repository/org/apache/commons/commons-math3/3.1.1/commons-math3-3.1.1.jar:/home/user/.m2/repository/org/openjdk/jmh/jmh-generator-annprocess/1.19/jmh-generator-annprocess-1.19.jar:/home/user/.m2/repository/org/mockito/mockito-all/1.8.5/mockito-all-1.8.5.jar:/home/user/.m2/repository/org/apache/hadoop/hadoop-kms/3.2.0/hadoop-kms-3.2.0.jar:/home/user/.m2/repository/org/apache/hadoop/hadoop-auth/3.2.0/hadoop-auth-3.2.0.jar:/home/user/.m2/repository/com/nimbusds/nimbus-jose-jwt/4.41.1/nimbus-jose-jwt-4.41.1.jar:/home/user/.m2/repository/com/github/stephenc/jcip/jcip-annotations/1.0-1/jcip-annotations-1.0-1.jar:/home/user/.m2/repository/net/minidev/json-smart/2.3/json-smart-2.3.jar:/home/user/.m2/repository/net/minidev/accessors-smart/1.2/accessors-smart-1.2.jar:/home/user/.m2/repository/org/ow2/asm/asm/5.0.4/asm-5.0.4.jar:/home/user/.m2/repository/org/apache/curator/curator-framework/2.12.0/curator-framework-2.12.0.jar:/home/user/.m2/repository/com/sun/jersey/jersey-core/1.19/jersey-core-1.19.jar:/home/user/.m2/repository/javax/ws/rs/jsr311-api/1.1.1/jsr311-api-1.1.1.jar:/home/user/.m2/repository/com/sun/jersey/jersey-server/1.19/jersey-server-1.19.jar:/home/user/.m2/repository/javax/servlet/javax.servlet-api/3.1.0/javax.servlet-api-3.1.0.jar:/home/user/.m2/repository/org/eclipse/jetty/jetty-server/9.3.24.v20180605/jetty-server-9.3.24.v20180605.jar:/home/user/.m2/repository/org/eclipse/jetty/jetty-http/9.3.24.v20180605/jetty-http-9.3.24.v20180605.jar:/home/user/.m2/repository/org/eclipse/jetty/jetty-io/9.3.24.v20180605/jetty-io-9.3.24.v20180605.jar:/home/user/.m2/repository/org/eclipse/jetty/jetty-webapp/9.3.24.v20180605/jetty-webapp-9.3.24.v20180605.jar:/home/user/.m2/repository/org/eclipse/jetty/jetty-xml/9.3.24.v20180605/jetty-xml-9.3.24.v20180605.jar:/home/user/.m2/repository/log4j/log4j/1.2.17/log4j-1.2.17.jar:/home/user/.m2/repository/org/slf4j/slf4j-api/1.7.25/slf4j-api-1.7.25.jar:/home/user/.m2/repository/org/slf4j/jul-to-slf4j/1.7.25/jul-to-slf4j-1.7.25.jar:/home/user/.m2/repository/org/eclipse/jetty/jetty-util/9.3.24.v20180605/jetty-util-9.3.24.v20180605.jar:/home/user/.m2/repository/com/fasterxml/jackson/core/jackson-databind/2.9.5/jackson-databind-2.9.5.jar:/home/user/.m2/repository/org/apache/hadoop/hadoop-kms/3.2.0/hadoop-kms-3.2.0-tests.jar:/home/user/.m2/repository/org/apache/hadoop/hadoop-hdds-server-scm/0.5.0-SNAPSHOT/hadoop-hdds-server-scm-0.5.0-SNAPSHOT-tests.jar:/home/user/.m2/repository/org/apache/hadoop/hadoop-hdds-container-service/0.5.0-SNAPSHOT/hadoop-hdds-container-service-0.5.0-SNAPSHOT-tests.jar:/home/user/.m2/repository/org/yaml/snakeyaml/1.16/snakeyaml-1.16.jar:/home/user/.m2/repository/org/apache/hadoop/hadoop-common/3.2.0/hadoop-common-3.2.0-tests.jar:/home/user/.m2/repository/org/apache/hadoop/hadoop-annotations/3.2.0/hadoop-annotations-3.2.0.jar:/usr/lib/jvm/java-1.8-openjdk/jre/../lib/tools.jar:/home/user/.m2/repository/commons-cli/commons-cli/1.2/commons-cli-1.2.jar:/home/user/.m2/repository/org/apache/httpcomponents/httpclient/4.5.2/httpclient-4.5.2.jar:/home/user/.m2/repository/org/apache/httpcomponents/httpcore/4.4.4/httpcore-4.4.4.jar:/home/user/.m2/repository/commons-codec/commons-codec/1.11/commons-codec-1.11.jar:/home/user/.m2/repository/commons-net/commons-net/3.6/commons-net-3.6.jar:/home/user/.m2/repository/commons-collections/commons-collections/3.2.2/commons-collections-3.2.2.jar:/home/user/.m2/repository/org/eclipse/jetty/jetty-servlet/9.3.24.v20180605/jetty-servlet-9.3.24.v20180605.jar:/home/user/.m2/repository/org/eclipse/jetty/jetty-security/9.3.24.v20180605/jetty-security-9.3.24.v20180605.jar:/home/user/.m2/repository/javax/servlet/jsp/jsp-api/2.1/jsp-api-2.1.jar:/home/user/.m2/repository/com/sun/jersey/jersey-servlet/1.19/jersey-servlet-1.19.jar:/home/user/.m2/repository/com/sun/jersey/jersey-json/1.19/jersey-json-1.19.jar:/home/user/.m2/repository/org/codehaus/jettison/jettison/1.1/jettison-1.1.jar:/home/user/.m2/repository/org/codehaus/jackson/jackson-core-asl/1.9.13/jackson-core-asl-1.9.13.jar:/home/user/.m2/repository/org/codehaus/jackson/jackson-mapper-asl/1.9.13/jackson-mapper-asl-1.9.13.jar:/home/user/.m2/repository/org/codehaus/jackson/jackson-jaxrs/1.9.13/jackson-jaxrs-1.9.13.jar:/home/user/.m2/repository/org/codehaus/jackson/jackson-xc/1.9.13/jackson-xc-1.9.13.jar:/home/user/.m2/repository/commons-logging/commons-logging/1.1.3/commons-logging-1.1.3.jar:/home/user/.m2/repository/commons-beanutils/commons-beanutils/1.9.3/commons-beanutils-1.9.3.jar:/home/user/.m2/repository/org/apache/commons/commons-configuration2/2.1.1/commons-configuration2-2.1.1.jar:/home/user/.m2/repository/org/apache/commons/commons-lang3/3.7/commons-lang3-3.7.jar:/home/user/.m2/repository/org/apache/commons/commons-text/1.4/commons-text-1.4.jar:/home/user/.m2/repository/org/apache/avro/avro/1.7.7/avro-1.7.7.jar:/home/user/.m2/repository/com/thoughtworks/paranamer/paranamer/2.3/paranamer-2.3.jar:/home/user/.m2/repository/org/xerial/snappy/snappy-java/1.0.5/snappy-java-1.0.5.jar:/home/user/.m2/repository/com/google/re2j/re2j/1.1/re2j-1.1.jar:/home/user/.m2/repository/com/google/code/gson/gson/2.2.4/gson-2.2.4.jar:/home/user/.m2/repository/com/jcraft/jsch/0.1.54/jsch-0.1.54.jar:/home/user/.m2/repository/org/apache/curator/curator-client/2.12.0/curator-client-2.12.0.jar:/home/user/.m2/repository/org/apache/curator/curator-recipes/2.12.0/curator-recipes-2.12.0.jar:/home/user/.m2/repository/com/google/code/findbugs/jsr305/3.0.0/jsr305-3.0.0.jar:/home/user/.m2/repository/org/apache/htrace/htrace-core4/4.1.0-incubating/htrace-core4-4.1.0-incubating.jar:/home/user/.m2/repository/org/apache/zookeeper/zookeeper/3.4.13/zookeeper-3.4.13.jar:/home/user/.m2/repository/org/apache/yetus/audience-annotations/0.5.0/audience-annotations-0.5.0.jar:/home/user/.m2/repository/org/codehaus/woodstox/stax2-api/3.1.4/stax2-api-3.1.4.jar:/home/user/.m2/repository/com/fasterxml/woodstox/woodstox-core/5.0.3/woodstox-core-5.0.3.jar:/home/user/.m2/repository/dnsjava/dnsjava/2.1.7/dnsjava-2.1.7.jar:/home/user/.m2/repository/org/apache/hadoop/hadoop-hdfs/3.2.0/hadoop-hdfs-3.2.0-tests.jar:/home/user/.m2/repository/org/eclipse/jetty/jetty-util-ajax/9.3.24.v20180605/jetty-util-ajax-9.3.24.v20180605.jar:/home/user/.m2/repository/commons-daemon/commons-daemon/1.0.13/commons-daemon-1.0.13.jar:/home/user/.m2/repository/io/netty/netty/3.10.5.Final/netty-3.10.5.Final.jar:/home/user/.m2/repository/io/netty/netty-all/4.0.52.Final/netty-all-4.0.52.Final.jar:/home/user/.m2/repository/org/fusesource/leveldbjni/leveldbjni-all/1.8/leveldbjni-all-1.8.jar:"/>
    <property name="java.vm.vendor" value="IcedTea"/>
    <property name="sun.arch.data.model" value="64"/>
    <property name="test.build.dir" value="/tmp/workdir/hadoop-ozone/integration-test/target/test-dir"/>
    <property name="test.cache.data" value=""/>
    <property name="java.vendor.url" value="https://icedtea.classpath.org"/>
    <property name="user.timezone" value=""/>
    <property name="java.vm.specification.version" value="1.8"/>
    <property name="os.name" value="Linux"/>
    <property name="test.build.data" value="/tmp/workdir/hadoop-ozone/integration-test/target/test-dir"/>
    <property name="user.country" value="US"/>
    <property name="sun.java.launcher" value="SUN_STANDARD"/>
    <property name="sun.boot.library.path" value="/usr/lib/jvm/java-1.8-openjdk/jre/lib/amd64"/>
    <property name="sun.java.command" value="/tmp/workdir/hadoop-ozone/integration-test/target/surefire/surefirebooter8022866580933034715.jar /tmp/workdir/hadoop-ozone/integration-test/target/surefire 2019-07-13T12-10-24_472-jvmRun1 surefire3409829076447819468tmp surefire_35473990486297424755tmp"/>
    <property name="surefire.test.class.path" value="/tmp/workdir/hadoop-ozone/integration-test/target/test-classes:/tmp/workdir/hadoop-ozone/integration-test/target/classes:/home/user/.m2/repository/org/apache/hadoop/hadoop-ozone-common/0.5.0-SNAPSHOT/hadoop-ozone-common-0.5.0-SNAPSHOT.jar:/home/user/.m2/repository/org/apache/commons/commons-compress/1.4.1/commons-compress-1.4.1.jar:/home/user/.m2/repository/org/tukaani/xz/1.0/xz-1.0.jar:/home/user/.m2/repository/org/apache/hadoop/hadoop-common/3.2.0/hadoop-common-3.2.0.jar:/home/user/.m2/repository/org/apache/hadoop/hadoop-hdfs/3.2.0/hadoop-hdfs-3.2.0.jar:/home/user/.m2/repository/org/apache/hadoop/hadoop-hdfs-client/3.2.0/hadoop-hdfs-client-3.2.0.jar:/home/user/.m2/repository/com/fasterxml/jackson/core/jackson-annotations/2.9.5/jackson-annotations-2.9.5.jar:/home/user/.m2/repository/org/apache/hadoop/hadoop-hdds-common/0.5.0-SNAPSHOT/hadoop-hdds-common-0.5.0-SNAPSHOT.jar:/home/user/.m2/repository/javax/annotation/javax.annotation-api/1.2/javax.annotation-api-1.2.jar:/home/user/.m2/repository/org/apache/ratis/ratis-server/0.4.0-2337318-SNAPSHOT/ratis-server-0.4.0-2337318-SNAPSHOT.jar:/home/user/.m2/repository/org/apache/ratis/ratis-thirdparty-misc/0.2.0/ratis-thirdparty-misc-0.2.0.jar:/home/user/.m2/repository/org/apache/ratis/ratis-proto/0.4.0-2337318-SNAPSHOT/ratis-proto-0.4.0-2337318-SNAPSHOT.jar:/home/user/.m2/repository/org/apache/ratis/ratis-common/0.4.0-2337318-SNAPSHOT/ratis-common-0.4.0-2337318-SNAPSHOT.jar:/home/user/.m2/repository/org/apache/ratis/ratis-client/0.4.0-2337318-SNAPSHOT/ratis-client-0.4.0-2337318-SNAPSHOT.jar:/home/user/.m2/repository/org/apache/ratis/ratis-metrics/0.4.0-2337318-SNAPSHOT/ratis-metrics-0.4.0-2337318-SNAPSHOT.jar:/home/user/.m2/repository/org/apache/ratis/ratis-netty/0.4.0-2337318-SNAPSHOT/ratis-netty-0.4.0-2337318-SNAPSHOT.jar:/home/user/.m2/repository/org/apache/ratis/ratis-grpc/0.4.0-2337318-SNAPSHOT/ratis-grpc-0.4.0-2337318-SNAPSHOT.jar:/home/user/.m2/repository/org/rocksdb/rocksdbjni/6.0.1/rocksdbjni-6.0.1.jar:/home/user/.m2/repository/org/apache/logging/log4j/log4j-api/2.11.0/log4j-api-2.11.0.jar:/home/user/.m2/repository/org/apache/logging/log4j/log4j-core/2.11.0/log4j-core-2.11.0.jar:/home/user/.m2/repository/com/lmax/disruptor/3.4.2/disruptor-3.4.2.jar:/home/user/.m2/repository/org/apache/commons/commons-pool2/2.6.0/commons-pool2-2.6.0.jar:/home/user/.m2/repository/org/bouncycastle/bcpkix-jdk15on/1.60/bcpkix-jdk15on-1.60.jar:/home/user/.m2/repository/commons-validator/commons-validator/1.6/commons-validator-1.6.jar:/home/user/.m2/repository/commons-digester/commons-digester/1.8.1/commons-digester-1.8.1.jar:/home/user/.m2/repository/io/jaegertracing/jaeger-client/0.33.1/jaeger-client-0.33.1.jar:/home/user/.m2/repository/io/jaegertracing/jaeger-thrift/0.33.1/jaeger-thrift-0.33.1.jar:/home/user/.m2/repository/org/apache/thrift/libthrift/0.11.0/libthrift-0.11.0.jar:/home/user/.m2/repository/com/squareup/okhttp3/okhttp/3.9.0/okhttp-3.9.0.jar:/home/user/.m2/repository/com/squareup/okio/okio/1.13.0/okio-1.13.0.jar:/home/user/.m2/repository/io/jaegertracing/jaeger-core/0.33.1/jaeger-core-0.33.1.jar:/home/user/.m2/repository/io/jaegertracing/jaeger-tracerresolver/0.33.1/jaeger-tracerresolver-0.33.1.jar:/home/user/.m2/repository/io/opentracing/contrib/opentracing-tracerresolver/0.1.5/opentracing-tracerresolver-0.1.5.jar:/home/user/.m2/repository/io/opentracing/opentracing-util/0.31.0/opentracing-util-0.31.0.jar:/home/user/.m2/repository/io/opentracing/opentracing-api/0.31.0/opentracing-api-0.31.0.jar:/home/user/.m2/repository/io/opentracing/opentracing-noop/0.31.0/opentracing-noop-0.31.0.jar:/home/user/.m2/repository/org/apache/hadoop/hadoop-hdds-server-framework/0.5.0-SNAPSHOT/hadoop-hdds-server-framework-0.5.0-SNAPSHOT.jar:/home/user/.m2/repository/org/apache/hadoop/hadoop-hdds-container-service/0.5.0-SNAPSHOT/hadoop-hdds-container-service-0.5.0-SNAPSHOT.jar:/home/user/.m2/repository/org/apache/hadoop/hadoop-hdds-client/0.5.0-SNAPSHOT/hadoop-hdds-client-0.5.0-SNAPSHOT.jar:/home/user/.m2/repository/org/apache/hadoop/hadoop-hdds-tools/0.5.0-SNAPSHOT/hadoop-hdds-tools-0.5.0-SNAPSHOT.jar:/home/user/.m2/repository/org/apache/hadoop/hadoop-hdds-server-scm/0.5.0-SNAPSHOT/hadoop-hdds-server-scm-0.5.0-SNAPSHOT.jar:/home/user/.m2/repository/org/apache/hadoop/hadoop-hdds-docs/0.5.0-SNAPSHOT/hadoop-hdds-docs-0.5.0-SNAPSHOT.jar:/home/user/.m2/repository/io/dropwizard/metrics/metrics-core/3.2.4/metrics-core-3.2.4.jar:/home/user/.m2/repository/org/hamcrest/hamcrest-all/1.3/hamcrest-all-1.3.jar:/home/user/.m2/repository/org/bouncycastle/bcprov-jdk15on/1.60/bcprov-jdk15on-1.60.jar:/home/user/.m2/repository/info/picocli/picocli/3.9.6/picocli-3.9.6.jar:/home/user/.m2/repository/com/google/protobuf/protobuf-java/2.5.0/protobuf-java-2.5.0.jar:/home/user/.m2/repository/com/google/guava/guava/11.0.2/guava-11.0.2.jar:/home/user/.m2/repository/org/apache/hadoop/hadoop-ozone-ozone-manager/0.5.0-SNAPSHOT/hadoop-ozone-ozone-manager-0.5.0-SNAPSHOT.jar:/home/user/.m2/repository/org/apache/hadoop/hadoop-minikdc/3.2.0/hadoop-minikdc-3.2.0.jar:/home/user/.m2/repository/commons-io/commons-io/2.5/commons-io-2.5.jar:/home/user/.m2/repository/org/apache/kerby/kerb-simplekdc/1.0.1/kerb-simplekdc-1.0.1.jar:/home/user/.m2/repository/org/apache/kerby/kerb-client/1.0.1/kerb-client-1.0.1.jar:/home/user/.m2/repository/org/apache/kerby/kerby-config/1.0.1/kerby-config-1.0.1.jar:/home/user/.m2/repository/org/apache/kerby/kerb-core/1.0.1/kerb-core-1.0.1.jar:/home/user/.m2/repository/org/apache/kerby/kerby-pkix/1.0.1/kerby-pkix-1.0.1.jar:/home/user/.m2/repository/org/apache/kerby/kerby-asn1/1.0.1/kerby-asn1-1.0.1.jar:/home/user/.m2/repository/org/apache/kerby/kerby-util/1.0.1/kerby-util-1.0.1.jar:/home/user/.m2/repository/org/apache/kerby/kerb-common/1.0.1/kerb-common-1.0.1.jar:/home/user/.m2/repository/org/apache/kerby/kerb-crypto/1.0.1/kerb-crypto-1.0.1.jar:/home/user/.m2/repository/org/apache/kerby/kerb-util/1.0.1/kerb-util-1.0.1.jar:/home/user/.m2/repository/org/apache/kerby/token-provider/1.0.1/token-provider-1.0.1.jar:/home/user/.m2/repository/org/apache/kerby/kerb-admin/1.0.1/kerb-admin-1.0.1.jar:/home/user/.m2/repository/org/apache/kerby/kerb-server/1.0.1/kerb-server-1.0.1.jar:/home/user/.m2/repository/org/apache/kerby/kerb-identity/1.0.1/kerb-identity-1.0.1.jar:/home/user/.m2/repository/org/apache/kerby/kerby-xdr/1.0.1/kerby-xdr-1.0.1.jar:/home/user/.m2/repository/org/slf4j/slf4j-log4j12/1.7.25/slf4j-log4j12-1.7.25.jar:/home/user/.m2/repository/org/apache/hadoop/hadoop-ozone-objectstore-service/0.5.0-SNAPSHOT/hadoop-ozone-objectstore-service-0.5.0-SNAPSHOT.jar:/home/user/.m2/repository/org/apache/hadoop/hadoop-ozone-s3gateway/0.5.0-SNAPSHOT/hadoop-ozone-s3gateway-0.5.0-SNAPSHOT.jar:/home/user/.m2/repository/org/jboss/weld/servlet/weld-servlet/2.4.7.Final/weld-servlet-2.4.7.Final.jar:/home/user/.m2/repository/org/glassfish/jersey/containers/jersey-container-servlet-core/2.27/jersey-container-servlet-core-2.27.jar:/home/user/.m2/repository/org/glassfish/hk2/external/javax.inject/2.5.0-b42/javax.inject-2.5.0-b42.jar:/home/user/.m2/repository/org/glassfish/jersey/core/jersey-common/2.27/jersey-common-2.27.jar:/home/user/.m2/repository/org/glassfish/hk2/osgi-resource-locator/1.0.1/osgi-resource-locator-1.0.1.jar:/home/user/.m2/repository/javax/ws/rs/javax.ws.rs-api/2.1/javax.ws.rs-api-2.1.jar:/home/user/.m2/repository/org/glassfish/jersey/ext/cdi/jersey-cdi1x/2.27/jersey-cdi1x-2.27.jar:/home/user/.m2/repository/org/glassfish/jersey/inject/jersey-hk2/2.27/jersey-hk2-2.27.jar:/home/user/.m2/repository/org/glassfish/hk2/hk2-locator/2.5.0-b42/hk2-locator-2.5.0-b42.jar:/home/user/.m2/repository/org/javassist/javassist/3.22.0-CR2/javassist-3.22.0-CR2.jar:/home/user/.m2/repository/org/glassfish/hk2/hk2-api/2.5.0/hk2-api-2.5.0.jar:/home/user/.m2/repository/org/glassfish/hk2/external/jakarta.inject/2.5.0/jakarta.inject-2.5.0.jar:/home/user/.m2/repository/org/glassfish/hk2/hk2-utils/2.5.0/hk2-utils-2.5.0.jar:/home/user/.m2/repository/jakarta/annotation/jakarta.annotation-api/1.3.4/jakarta.annotation-api-1.3.4.jar:/home/user/.m2/repository/org/glassfish/hk2/external/aopalliance-repackaged/2.5.0/aopalliance-repackaged-2.5.0.jar:/home/user/.m2/repository/com/fasterxml/jackson/dataformat/jackson-dataformat-xml/2.9.0/jackson-dataformat-xml-2.9.0.jar:/home/user/.m2/repository/com/fasterxml/jackson/core/jackson-core/2.9.5/jackson-core-2.9.5.jar:/home/user/.m2/repository/com/fasterxml/jackson/module/jackson-module-jaxb-annotations/2.9.5/jackson-module-jaxb-annotations-2.9.5.jar:/home/user/.m2/repository/javax/enterprise/cdi-api/1.2/cdi-api-1.2.jar:/home/user/.m2/repository/javax/el/javax.el-api/3.0.0/javax.el-api-3.0.0.jar:/home/user/.m2/repository/javax/interceptor/javax.interceptor-api/1.2/javax.interceptor-api-1.2.jar:/home/user/.m2/repository/javax/inject/javax.inject/1/javax.inject-1.jar:/home/user/.m2/repository/com/sun/xml/bind/jaxb-impl/2.3.0.1/jaxb-impl-2.3.0.1.jar:/home/user/.m2/repository/com/sun/xml/bind/jaxb-core/2.3.0.1/jaxb-core-2.3.0.1.jar:/home/user/.m2/repository/javax/xml/bind/jaxb-api/2.3.0/jaxb-api-2.3.0.jar:/home/user/.m2/repository/javax/activation/activation/1.1.1/activation-1.1.1.jar:/home/user/.m2/repository/org/apache/hadoop/hadoop-ozone-csi/0.5.0-SNAPSHOT/hadoop-ozone-csi-0.5.0-SNAPSHOT.jar:/home/user/.m2/repository/com/google/protobuf/protobuf-java-util/3.5.1/protobuf-java-util-3.5.1.jar:/home/user/.m2/repository/org/apache/hadoop/hadoop-hdds-config/0.5.0-SNAPSHOT/hadoop-hdds-config-0.5.0-SNAPSHOT.jar:/home/user/.m2/repository/io/grpc/grpc-netty/1.17.1/grpc-netty-1.17.1.jar:/home/user/.m2/repository/io/grpc/grpc-core/1.17.1/grpc-core-1.17.1.jar:/home/user/.m2/repository/io/grpc/grpc-context/1.17.1/grpc-context-1.17.1.jar:/home/user/.m2/repository/com/google/errorprone/error_prone_annotations/2.2.0/error_prone_annotations-2.2.0.jar:/home/user/.m2/repository/org/codehaus/mojo/animal-sniffer-annotations/1.17/animal-sniffer-annotations-1.17.jar:/home/user/.m2/repository/io/opencensus/opencensus-api/0.17.0/opencensus-api-0.17.0.jar:/home/user/.m2/repository/io/opencensus/opencensus-contrib-grpc-metrics/0.17.0/opencensus-contrib-grpc-metrics-0.17.0.jar:/home/user/.m2/repository/io/netty/netty-codec-http2/4.1.30.Final/netty-codec-http2-4.1.30.Final.jar:/home/user/.m2/repository/io/netty/netty-codec-http/4.1.30.Final/netty-codec-http-4.1.30.Final.jar:/home/user/.m2/repository/io/netty/netty-codec/4.1.30.Final/netty-codec-4.1.30.Final.jar:/home/user/.m2/repository/io/netty/netty-handler/4.1.30.Final/netty-handler-4.1.30.Final.jar:/home/user/.m2/repository/io/netty/netty-handler-proxy/4.1.30.Final/netty-handler-proxy-4.1.30.Final.jar:/home/user/.m2/repository/io/netty/netty-codec-socks/4.1.30.Final/netty-codec-socks-4.1.30.Final.jar:/home/user/.m2/repository/io/netty/netty-transport-native-epoll/4.1.30.Final/netty-transport-native-epoll-4.1.30.Final.jar:/home/user/.m2/repository/io/netty/netty-common/4.1.30.Final/netty-common-4.1.30.Final.jar:/home/user/.m2/repository/io/netty/netty-buffer/4.1.30.Final/netty-buffer-4.1.30.Final.jar:/home/user/.m2/repository/io/netty/netty-transport/4.1.30.Final/netty-transport-4.1.30.Final.jar:/home/user/.m2/repository/io/netty/netty-resolver/4.1.30.Final/netty-resolver-4.1.30.Final.jar:/home/user/.m2/repository/io/netty/netty-transport-native-unix-common/4.1.30.Final/netty-transport-native-unix-common-4.1.30.Final.jar:/home/user/.m2/repository/io/grpc/grpc-protobuf/1.17.1/grpc-protobuf-1.17.1.jar:/home/user/.m2/repository/com/google/api/grpc/proto-google-common-protos/1.0.0/proto-google-common-protos-1.0.0.jar:/home/user/.m2/repository/io/grpc/grpc-protobuf-lite/1.17.1/grpc-protobuf-lite-1.17.1.jar:/home/user/.m2/repository/io/grpc/grpc-stub/1.17.1/grpc-stub-1.17.1.jar:/home/user/.m2/repository/org/apache/hadoop/hadoop-ozone-recon/0.5.0-SNAPSHOT/hadoop-ozone-recon-0.5.0-SNAPSHOT.jar:/home/user/.m2/repository/org/apache/hadoop/hadoop-ozone-reconcodegen/0.5.0-SNAPSHOT/hadoop-ozone-reconcodegen-0.5.0-SNAPSHOT.jar:/home/user/.m2/repository/com/google/inject/extensions/guice-multibindings/4.0/guice-multibindings-4.0.jar:/home/user/.m2/repository/com/google/inject/guice/4.0/guice-4.0.jar:/home/user/.m2/repository/aopalliance/aopalliance/1.0/aopalliance-1.0.jar:/home/user/.m2/repository/com/google/inject/extensions/guice-servlet/4.0/guice-servlet-4.0.jar:/home/user/.m2/repository/org/glassfish/jersey/containers/jersey-container-servlet/2.27/jersey-container-servlet-2.27.jar:/home/user/.m2/repository/org/glassfish/hk2/guice-bridge/2.5.0/guice-bridge-2.5.0.jar:/home/user/.m2/repository/org/glassfish/jersey/core/jersey-server/2.27/jersey-server-2.27.jar:/home/user/.m2/repository/org/glassfish/jersey/core/jersey-client/2.27/jersey-client-2.27.jar:/home/user/.m2/repository/org/glassfish/jersey/media/jersey-media-jaxb/2.27/jersey-media-jaxb-2.27.jar:/home/user/.m2/repository/javax/validation/validation-api/1.1.0.Final/validation-api-1.1.0.Final.jar:/home/user/.m2/repository/org/glassfish/jersey/media/jersey-media-json-jackson/2.27/jersey-media-json-jackson-2.27.jar:/home/user/.m2/repository/org/glassfish/jersey/ext/jersey-entity-filtering/2.27/jersey-entity-filtering-2.27.jar:/home/user/.m2/repository/com/google/inject/extensions/guice-assistedinject/4.0/guice-assistedinject-4.0.jar:/home/user/.m2/repository/org/jooq/jooq/3.11.10/jooq-3.11.10.jar:/home/user/.m2/repository/org/jooq/jooq-meta/3.11.10/jooq-meta-3.11.10.jar:/home/user/.m2/repository/org/jooq/jooq-codegen/3.11.10/jooq-codegen-3.11.10.jar:/home/user/.m2/repository/com/jolbox/bonecp/0.8.0.RELEASE/bonecp-0.8.0.RELEASE.jar:/home/user/.m2/repository/org/xerial/sqlite-jdbc/3.25.2/sqlite-jdbc-3.25.2.jar:/home/user/.m2/repository/org/springframework/spring-jdbc/5.1.3.RELEASE/spring-jdbc-5.1.3.RELEASE.jar:/home/user/.m2/repository/org/springframework/spring-beans/5.1.3.RELEASE/spring-beans-5.1.3.RELEASE.jar:/home/user/.m2/repository/org/springframework/spring-core/5.1.3.RELEASE/spring-core-5.1.3.RELEASE.jar:/home/user/.m2/repository/org/springframework/spring-jcl/5.1.3.RELEASE/spring-jcl-5.1.3.RELEASE.jar:/home/user/.m2/repository/org/springframework/spring-tx/5.1.3.RELEASE/spring-tx-5.1.3.RELEASE.jar:/home/user/.m2/repository/org/apache/hadoop/hadoop-ozone-client/0.5.0-SNAPSHOT/hadoop-ozone-client-0.5.0-SNAPSHOT.jar:/home/user/.m2/repository/commons-lang/commons-lang/2.6/commons-lang-2.6.jar:/home/user/.m2/repository/org/apache/hadoop/hadoop-ozone-ozone-manager/0.5.0-SNAPSHOT/hadoop-ozone-ozone-manager-0.5.0-SNAPSHOT-tests.jar:/home/user/.m2/repository/junit/junit/4.11/junit-4.11.jar:/home/user/.m2/repository/org/hamcrest/hamcrest-core/1.3/hamcrest-core-1.3.jar:/home/user/.m2/repository/org/openjdk/jmh/jmh-core/1.19/jmh-core-1.19.jar:/home/user/.m2/repository/net/sf/jopt-simple/jopt-simple/4.6/jopt-simple-4.6.jar:/home/user/.m2/repository/org/apache/commons/commons-math3/3.1.1/commons-math3-3.1.1.jar:/home/user/.m2/repository/org/openjdk/jmh/jmh-generator-annprocess/1.19/jmh-generator-annprocess-1.19.jar:/home/user/.m2/repository/org/mockito/mockito-all/1.8.5/mockito-all-1.8.5.jar:/home/user/.m2/repository/org/apache/hadoop/hadoop-kms/3.2.0/hadoop-kms-3.2.0.jar:/home/user/.m2/repository/org/apache/hadoop/hadoop-auth/3.2.0/hadoop-auth-3.2.0.jar:/home/user/.m2/repository/com/nimbusds/nimbus-jose-jwt/4.41.1/nimbus-jose-jwt-4.41.1.jar:/home/user/.m2/repository/com/github/stephenc/jcip/jcip-annotations/1.0-1/jcip-annotations-1.0-1.jar:/home/user/.m2/repository/net/minidev/json-smart/2.3/json-smart-2.3.jar:/home/user/.m2/repository/net/minidev/accessors-smart/1.2/accessors-smart-1.2.jar:/home/user/.m2/repository/org/ow2/asm/asm/5.0.4/asm-5.0.4.jar:/home/user/.m2/repository/org/apache/curator/curator-framework/2.12.0/curator-framework-2.12.0.jar:/home/user/.m2/repository/com/sun/jersey/jersey-core/1.19/jersey-core-1.19.jar:/home/user/.m2/repository/javax/ws/rs/jsr311-api/1.1.1/jsr311-api-1.1.1.jar:/home/user/.m2/repository/com/sun/jersey/jersey-server/1.19/jersey-server-1.19.jar:/home/user/.m2/repository/javax/servlet/javax.servlet-api/3.1.0/javax.servlet-api-3.1.0.jar:/home/user/.m2/repository/org/eclipse/jetty/jetty-server/9.3.24.v20180605/jetty-server-9.3.24.v20180605.jar:/home/user/.m2/repository/org/eclipse/jetty/jetty-http/9.3.24.v20180605/jetty-http-9.3.24.v20180605.jar:/home/user/.m2/repository/org/eclipse/jetty/jetty-io/9.3.24.v20180605/jetty-io-9.3.24.v20180605.jar:/home/user/.m2/repository/org/eclipse/jetty/jetty-webapp/9.3.24.v20180605/jetty-webapp-9.3.24.v20180605.jar:/home/user/.m2/repository/org/eclipse/jetty/jetty-xml/9.3.24.v20180605/jetty-xml-9.3.24.v20180605.jar:/home/user/.m2/repository/log4j/log4j/1.2.17/log4j-1.2.17.jar:/home/user/.m2/repository/org/slf4j/slf4j-api/1.7.25/slf4j-api-1.7.25.jar:/home/user/.m2/repository/org/slf4j/jul-to-slf4j/1.7.25/jul-to-slf4j-1.7.25.jar:/home/user/.m2/repository/org/eclipse/jetty/jetty-util/9.3.24.v20180605/jetty-util-9.3.24.v20180605.jar:/home/user/.m2/repository/com/fasterxml/jackson/core/jackson-databind/2.9.5/jackson-databind-2.9.5.jar:/home/user/.m2/repository/org/apache/hadoop/hadoop-kms/3.2.0/hadoop-kms-3.2.0-tests.jar:/home/user/.m2/repository/org/apache/hadoop/hadoop-hdds-server-scm/0.5.0-SNAPSHOT/hadoop-hdds-server-scm-0.5.0-SNAPSHOT-tests.jar:/home/user/.m2/repository/org/apache/hadoop/hadoop-hdds-container-service/0.5.0-SNAPSHOT/hadoop-hdds-container-service-0.5.0-SNAPSHOT-tests.jar:/home/user/.m2/repository/org/yaml/snakeyaml/1.16/snakeyaml-1.16.jar:/home/user/.m2/repository/org/apache/hadoop/hadoop-common/3.2.0/hadoop-common-3.2.0-tests.jar:/home/user/.m2/repository/org/apache/hadoop/hadoop-annotations/3.2.0/hadoop-annotations-3.2.0.jar:/usr/lib/jvm/java-1.8-openjdk/jre/../lib/tools.jar:/home/user/.m2/repository/commons-cli/commons-cli/1.2/commons-cli-1.2.jar:/home/user/.m2/repository/org/apache/httpcomponents/httpclient/4.5.2/httpclient-4.5.2.jar:/home/user/.m2/repository/org/apache/httpcomponents/httpcore/4.4.4/httpcore-4.4.4.jar:/home/user/.m2/repository/commons-codec/commons-codec/1.11/commons-codec-1.11.jar:/home/user/.m2/repository/commons-net/commons-net/3.6/commons-net-3.6.jar:/home/user/.m2/repository/commons-collections/commons-collections/3.2.2/commons-collections-3.2.2.jar:/home/user/.m2/repository/org/eclipse/jetty/jetty-servlet/9.3.24.v20180605/jetty-servlet-9.3.24.v20180605.jar:/home/user/.m2/repository/org/eclipse/jetty/jetty-security/9.3.24.v20180605/jetty-security-9.3.24.v20180605.jar:/home/user/.m2/repository/javax/servlet/jsp/jsp-api/2.1/jsp-api-2.1.jar:/home/user/.m2/repository/com/sun/jersey/jersey-servlet/1.19/jersey-servlet-1.19.jar:/home/user/.m2/repository/com/sun/jersey/jersey-json/1.19/jersey-json-1.19.jar:/home/user/.m2/repository/org/codehaus/jettison/jettison/1.1/jettison-1.1.jar:/home/user/.m2/repository/org/codehaus/jackson/jackson-core-asl/1.9.13/jackson-core-asl-1.9.13.jar:/home/user/.m2/repository/org/codehaus/jackson/jackson-mapper-asl/1.9.13/jackson-mapper-asl-1.9.13.jar:/home/user/.m2/repository/org/codehaus/jackson/jackson-jaxrs/1.9.13/jackson-jaxrs-1.9.13.jar:/home/user/.m2/repository/org/codehaus/jackson/jackson-xc/1.9.13/jackson-xc-1.9.13.jar:/home/user/.m2/repository/commons-logging/commons-logging/1.1.3/commons-logging-1.1.3.jar:/home/user/.m2/repository/commons-beanutils/commons-beanutils/1.9.3/commons-beanutils-1.9.3.jar:/home/user/.m2/repository/org/apache/commons/commons-configuration2/2.1.1/commons-configuration2-2.1.1.jar:/home/user/.m2/repository/org/apache/commons/commons-lang3/3.7/commons-lang3-3.7.jar:/home/user/.m2/repository/org/apache/commons/commons-text/1.4/commons-text-1.4.jar:/home/user/.m2/repository/org/apache/avro/avro/1.7.7/avro-1.7.7.jar:/home/user/.m2/repository/com/thoughtworks/paranamer/paranamer/2.3/paranamer-2.3.jar:/home/user/.m2/repository/org/xerial/snappy/snappy-java/1.0.5/snappy-java-1.0.5.jar:/home/user/.m2/repository/com/google/re2j/re2j/1.1/re2j-1.1.jar:/home/user/.m2/repository/com/google/code/gson/gson/2.2.4/gson-2.2.4.jar:/home/user/.m2/repository/com/jcraft/jsch/0.1.54/jsch-0.1.54.jar:/home/user/.m2/repository/org/apache/curator/curator-client/2.12.0/curator-client-2.12.0.jar:/home/user/.m2/repository/org/apache/curator/curator-recipes/2.12.0/curator-recipes-2.12.0.jar:/home/user/.m2/repository/com/google/code/findbugs/jsr305/3.0.0/jsr305-3.0.0.jar:/home/user/.m2/repository/org/apache/htrace/htrace-core4/4.1.0-incubating/htrace-core4-4.1.0-incubating.jar:/home/user/.m2/repository/org/apache/zookeeper/zookeeper/3.4.13/zookeeper-3.4.13.jar:/home/user/.m2/repository/org/apache/yetus/audience-annotations/0.5.0/audience-annotations-0.5.0.jar:/home/user/.m2/repository/org/codehaus/woodstox/stax2-api/3.1.4/stax2-api-3.1.4.jar:/home/user/.m2/repository/com/fasterxml/woodstox/woodstox-core/5.0.3/woodstox-core-5.0.3.jar:/home/user/.m2/repository/dnsjava/dnsjava/2.1.7/dnsjava-2.1.7.jar:/home/user/.m2/repository/org/apache/hadoop/hadoop-hdfs/3.2.0/hadoop-hdfs-3.2.0-tests.jar:/home/user/.m2/repository/org/eclipse/jetty/jetty-util-ajax/9.3.24.v20180605/jetty-util-ajax-9.3.24.v20180605.jar:/home/user/.m2/repository/commons-daemon/commons-daemon/1.0.13/commons-daemon-1.0.13.jar:/home/user/.m2/repository/io/netty/netty/3.10.5.Final/netty-3.10.5.Final.jar:/home/user/.m2/repository/io/netty/netty-all/4.0.52.Final/netty-all-4.0.52.Final.jar:/home/user/.m2/repository/org/fusesource/leveldbjni/leveldbjni-all/1.8/leveldbjni-all-1.8.jar:"/>
    <property name="sun.cpu.endian" value="little"/>
    <property name="user.home" value="/home/user"/>
    <property name="user.language" value="en"/>
    <property name="java.specification.vendor" value="Oracle Corporation"/>
    <property name="java.home" value="/usr/lib/jvm/java-1.8-openjdk/jre"/>
    <property name="java.security.krb5.conf" value="/tmp/workdir/hadoop-ozone/integration-test/target/test-classes/krb5.conf"/>
    <property name="basedir" value="/tmp/workdir/hadoop-ozone/integration-test"/>
    <property name="file.separator" value="/"/>
    <property name="line.separator" value="&#10;"/>
    <property name="java.vm.specification.vendor" value="Oracle Corporation"/>
    <property name="java.specification.name" value="Java Platform API Specification"/>
    <property name="java.awt.graphicsenv" value="sun.awt.X11GraphicsEnvironment"/>
    <property name="surefire.real.class.path" value="/tmp/workdir/hadoop-ozone/integration-test/target/surefire/surefirebooter8022866580933034715.jar"/>
    <property name="hadoop.log.dir" value="/tmp/workdir/hadoop-ozone/integration-test/target/log"/>
    <property name="sun.boot.class.path" value="/usr/lib/jvm/java-1.8-openjdk/jre/lib/resources.jar:/usr/lib/jvm/java-1.8-openjdk/jre/lib/rt.jar:/usr/lib/jvm/java-1.8-openjdk/jre/lib/sunrsasign.jar:/usr/lib/jvm/java-1.8-openjdk/jre/lib/jsse.jar:/usr/lib/jvm/java-1.8-openjdk/jre/lib/jce.jar:/usr/lib/jvm/java-1.8-openjdk/jre/lib/charsets.jar:/usr/lib/jvm/java-1.8-openjdk/jre/lib/jfr.jar:/usr/lib/jvm/java-1.8-openjdk/jre/classes"/>
    <property name="sun.management.compiler" value="HotSpot 64-Bit Tiered Compilers"/>
    <property name="java.runtime.version" value="1.8.0_212-b04"/>
    <property name="java.net.preferIPv4Stack" value="true"/>
    <property name="user.name" value="jenkins1000"/>
    <property name="path.separator" value=":"/>
    <property name="java.security.egd" value="file:///dev/urandom"/>
    <property name="os.version" value="3.10.0-957.12.2.el7.x86_64"/>
    <property name="java.endorsed.dirs" value="/usr/lib/jvm/java-1.8-openjdk/jre/lib/endorsed"/>
    <property name="java.runtime.name" value="OpenJDK Runtime Environment"/>
    <property name="file.encoding" value="UTF-8"/>
    <property name="java.vm.name" value="OpenJDK 64-Bit Server VM"/>
    <property name="test.build.webapps" value=""/>
    <property name="localRepository" value="/home/user/.m2/repository"/>
    <property name="java.vendor.url.bug" value="https://icedtea.classpath.org/bugzilla"/>
    <property name="java.io.tmpdir" value="/tmp"/>
    <property name="require.test.libhadoop" value=""/>
    <property name="java.version" value="1.8.0_212"/>
    <property name="user.dir" value="/tmp/workdir/hadoop-ozone/integration-test"/>
    <property name="os.arch" value="amd64"/>
    <property name="java.vm.specification.name" value="Java Virtual Machine Specification"/>
    <property name="test.build.classes" value="/tmp/workdir/hadoop-ozone/integration-test/target/test-classes"/>
    <property name="java.awt.printerjob" value="sun.print.PSPrinterJob"/>
    <property name="sun.os.patch.level" value="unknown"/>
    <property name="hadoop.tmp.dir" value="/tmp/workdir/hadoop-ozone/integration-test/target/tmp"/>
    <property name="java.library.path" value="/usr/lib/jvm/java-1.8-openjdk/jre/lib/amd64/server:/usr/lib/jvm/java-1.8-openjdk/jre/lib/amd64:/usr/lib/jvm/java-1.8-openjdk/jre/../lib/amd64:/tmp/workdir/hadoop-ozone/integration-test/target/native/target/usr/local/lib:/tmp/workdir/hadoop-ozone/integration-test/../../hadoop-common-project/hadoop-common/target/native/target/usr/local/lib:/usr/java/packages/lib/amd64:/usr/lib64:/lib64:/lib:/usr/lib"/>
    <property name="java.vm.info" value="mixed mode"/>
    <property name="java.vendor" value="IcedTea"/>
    <property name="java.vm.version" value="25.212-b04"/>
    <property name="java.ext.dirs" value="/usr/lib/jvm/java-1.8-openjdk/jre/lib/ext:/usr/java/packages/lib/ext"/>
    <property name="sun.io.unicode.encoding" value="UnicodeLittle"/>
    <property name="java.class.version" value="52.0"/>
  </properties>
  <testcase name="testBlockWriteViaRatis" classname="org.apache.hadoop.ozone.client.rpc.TestCloseContainerHandlingByClient" time="8.335">
    <error type="java.lang.IllegalArgumentException">java.lang.IllegalArgumentException
	at com.google.common.base.Preconditions.checkArgument(Preconditions.java:72)
	at org.apache.hadoop.hdds.scm.XceiverClientManager.acquireClient(XceiverClientManager.java:150)
	at org.apache.hadoop.hdds.scm.XceiverClientManager.acquireClientForReadData(XceiverClientManager.java:143)
	at org.apache.hadoop.hdds.scm.storage.BlockInputStream.getChunkInfos(BlockInputStream.java:154)
	at org.apache.hadoop.hdds.scm.storage.BlockInputStream.initialize(BlockInputStream.java:118)
	at org.apache.hadoop.hdds.scm.storage.BlockInputStream.read(BlockInputStream.java:222)
	at org.apache.hadoop.ozone.client.io.KeyInputStream.read(KeyInputStream.java:171)
	at org.apache.hadoop.ozone.client.io.OzoneInputStream.read(OzoneInputStream.java:47)
	at java.io.InputStream.read(InputStream.java:101)
	at org.apache.hadoop.ozone.container.ContainerTestHelper.validateData(ContainerTestHelper.java:709)
	at org.apache.hadoop.ozone.client.rpc.TestCloseContainerHandlingByClient.validateData(TestCloseContainerHandlingByClient.java:401)
	at org.apache.hadoop.ozone.client.rpc.TestCloseContainerHandlingByClient.testBlockWriteViaRatis(TestCloseContainerHandlingByClient.java:433)
	at sun.reflect.NativeMethodAccessorImpl.invoke0(Native Method)
	at sun.reflect.NativeMethodAccessorImpl.invoke(NativeMethodAccessorImpl.java:62)
	at sun.reflect.DelegatingMethodAccessorImpl.invoke(DelegatingMethodAccessorImpl.java:43)
	at java.lang.reflect.Method.invoke(Method.java:498)
	at org.junit.runners.model.FrameworkMethod$1.runReflectiveCall(FrameworkMethod.java:47)
	at org.junit.internal.runners.model.ReflectiveCallable.run(ReflectiveCallable.java:12)
	at org.junit.runners.model.FrameworkMethod.invokeExplosively(FrameworkMethod.java:44)
	at org.junit.internal.runners.statements.InvokeMethod.evaluate(InvokeMethod.java:17)
	at org.junit.runners.ParentRunner.runLeaf(ParentRunner.java:271)
	at org.junit.runners.BlockJUnit4ClassRunner.runChild(BlockJUnit4ClassRunner.java:70)
	at org.junit.runners.BlockJUnit4ClassRunner.runChild(BlockJUnit4ClassRunner.java:50)
	at org.junit.runners.ParentRunner$3.run(ParentRunner.java:238)
	at org.junit.runners.ParentRunner$1.schedule(ParentRunner.java:63)
	at org.junit.runners.ParentRunner.runChildren(ParentRunner.java:236)
	at org.junit.runners.ParentRunner.access$000(ParentRunner.java:53)
	at org.junit.runners.ParentRunner$2.evaluate(ParentRunner.java:229)
	at org.junit.internal.runners.statements.RunBefores.evaluate(RunBefores.java:26)
	at org.junit.internal.runners.statements.RunAfters.evaluate(RunAfters.java:27)
	at org.junit.runners.ParentRunner.run(ParentRunner.java:309)
	at org.apache.maven.surefire.junit4.JUnit4Provider.execute(JUnit4Provider.java:365)
	at org.apache.maven.surefire.junit4.JUnit4Provider.executeWithRerun(JUnit4Provider.java:273)
	at org.apache.maven.surefire.junit4.JUnit4Provider.executeTestSet(JUnit4Provider.java:238)
	at org.apache.maven.surefire.junit4.JUnit4Provider.invoke(JUnit4Provider.java:159)
	at org.apache.maven.surefire.booter.ForkedBooter.invokeProviderInSameClassLoader(ForkedBooter.java:384)
	at org.apache.maven.surefire.booter.ForkedBooter.runSuitesInProcess(ForkedBooter.java:345)
	at org.apache.maven.surefire.booter.ForkedBooter.execute(ForkedBooter.java:126)
	at org.apache.maven.surefire.booter.ForkedBooter.main(ForkedBooter.java:418)
</error>
    <system-out><![CDATA[2019-07-13 12:42:56,355 WARN  server.ServerUtils (ServerUtils.java:getScmDbDir(145)) - ozone.scm.db.dirs is not configured. We recommend adding this setting. Falling back to ozone.metadata.dirs instead.
2019-07-13 12:42:56,426 WARN  server.ServerUtils (ServerUtils.java:getScmDbDir(145)) - ozone.scm.db.dirs is not configured. We recommend adding this setting. Falling back to ozone.metadata.dirs instead.
2019-07-13 12:42:56,428 WARN  server.ServerUtils (ServerUtils.java:getScmDbDir(145)) - ozone.scm.db.dirs is not configured. We recommend adding this setting. Falling back to ozone.metadata.dirs instead.
2019-07-13 12:42:56,440 INFO  util.log (Log.java:initialized(192)) - Logging initialized @792ms
2019-07-13 12:42:56,517 INFO  db.DBStoreBuilder (DBStoreBuilder.java:addTable(110)) - using custom profile for table: deletedBlocks
2019-07-13 12:42:56,517 INFO  db.DBStoreBuilder (DBStoreBuilder.java:processTables(161)) - Using default column profile:DBProfile.DISK for Table:deletedBlocks
2019-07-13 12:42:56,517 INFO  db.DBStoreBuilder (DBStoreBuilder.java:addTable(110)) - using custom profile for table: validCerts
2019-07-13 12:42:56,517 INFO  db.DBStoreBuilder (DBStoreBuilder.java:processTables(161)) - Using default column profile:DBProfile.DISK for Table:validCerts
2019-07-13 12:42:56,518 INFO  db.DBStoreBuilder (DBStoreBuilder.java:addTable(110)) - using custom profile for table: revokedCerts
2019-07-13 12:42:56,518 INFO  db.DBStoreBuilder (DBStoreBuilder.java:processTables(161)) - Using default column profile:DBProfile.DISK for Table:revokedCerts
2019-07-13 12:42:56,527 INFO  db.DBStoreBuilder (DBStoreBuilder.java:addTable(110)) - using custom profile for table: default
2019-07-13 12:42:56,527 INFO  db.DBStoreBuilder (DBStoreBuilder.java:processTables(167)) - Using default column profile:DBProfile.DISK for Table:default
2019-07-13 12:42:56,528 INFO  db.DBStoreBuilder (DBStoreBuilder.java:getDbProfile(198)) - Using default options. DBProfile.DISK
2019-07-13 12:42:56,627 INFO  net.NodeSchemaLoader (NodeSchemaLoader.java:loadSchemaFromFile(125)) - Loading file from sun.misc.CompoundEnumeration@291ae
2019-07-13 12:42:56,628 INFO  net.NodeSchemaLoader (NodeSchemaLoader.java:loadSchema(171)) - Loading network topology layer schema file
2019-07-13 12:42:56,680 INFO  node.SCMNodeManager (SCMNodeManager.java:<init>(119)) - Entering startup safe mode.
2019-07-13 12:42:56,772 WARN  server.ServerUtils (ServerUtils.java:getScmDbDir(145)) - ozone.scm.db.dirs is not configured. We recommend adding this setting. Falling back to ozone.metadata.dirs instead.
2019-07-13 12:42:56,829 INFO  pipeline.SCMPipelineManager (SCMPipelineManager.java:initializePipelineState(126)) - No pipeline exists in current db
2019-07-13 12:42:56,832 WARN  server.ServerUtils (ServerUtils.java:getScmDbDir(145)) - ozone.scm.db.dirs is not configured. We recommend adding this setting. Falling back to ozone.metadata.dirs instead.
2019-07-13 12:42:56,912 WARN  events.EventQueue (EventQueue.java:fireEvent(175)) - No event handler registered for event TypedEvent{payloadType=SafeModeStatus, name='SafeModeStatus'}
2019-07-13 12:42:57,245 INFO  ipc.CallQueueManager (CallQueueManager.java:<init>(84)) - Using callQueue: class java.util.concurrent.LinkedBlockingQueue, queueCapacity: 2000, scheduler: class org.apache.hadoop.ipc.DefaultRpcScheduler, ipcBackoff: false.
2019-07-13 12:42:57,272 INFO  ipc.Server (Server.java:run(1074)) - Starting Socket Reader #1 for port 40834
2019-07-13 12:42:57,295 INFO  ipc.CallQueueManager (CallQueueManager.java:<init>(84)) - Using callQueue: class java.util.concurrent.LinkedBlockingQueue, queueCapacity: 2000, scheduler: class org.apache.hadoop.ipc.DefaultRpcScheduler, ipcBackoff: false.
2019-07-13 12:42:57,296 INFO  ipc.Server (Server.java:run(1074)) - Starting Socket Reader #1 for port 39951
2019-07-13 12:42:57,302 INFO  ipc.CallQueueManager (CallQueueManager.java:<init>(84)) - Using callQueue: class java.util.concurrent.LinkedBlockingQueue, queueCapacity: 2000, scheduler: class org.apache.hadoop.ipc.DefaultRpcScheduler, ipcBackoff: false.
2019-07-13 12:42:57,303 INFO  ipc.Server (Server.java:run(1074)) - Starting Socket Reader #1 for port 33938
2019-07-13 12:42:57,423 INFO  hdfs.DFSUtil (DFSUtil.java:httpServerTemplateForNNAndJN(1641)) - Starting Web-server for scm at: http://0.0.0.0:0
2019-07-13 12:42:57,586 INFO  server.AuthenticationFilter (AuthenticationFilter.java:constructSecretProvider(240)) - Unable to initialize FileSignerSecretProvider, falling back to use random secrets.
2019-07-13 12:42:57,593 WARN  http.HttpRequestLog (HttpRequestLog.java:getRequestLog(97)) - Jetty request log can only be enabled using Log4j
2019-07-13 12:42:57,601 INFO  http.HttpServer2 (HttpServer2.java:addGlobalFilter(975)) - Added global filter 'safety' (class=org.apache.hadoop.http.HttpServer2$QuotingInputFilter)
2019-07-13 12:42:57,604 INFO  http.HttpServer2 (HttpServer2.java:addFilter(948)) - Added filter static_user_filter (class=org.apache.hadoop.http.lib.StaticUserWebFilter$StaticUserFilter) to context scm
2019-07-13 12:42:57,604 INFO  http.HttpServer2 (HttpServer2.java:addFilter(958)) - Added filter static_user_filter (class=org.apache.hadoop.http.lib.StaticUserWebFilter$StaticUserFilter) to context static
2019-07-13 12:42:57,604 INFO  http.HttpServer2 (HttpServer2.java:addFilter(958)) - Added filter static_user_filter (class=org.apache.hadoop.http.lib.StaticUserWebFilter$StaticUserFilter) to context logs
2019-07-13 12:42:57,637 INFO  server.StorageContainerManager (StorageContainerManager.java:start(759)) - StorageContainerLocationProtocol RPC server is listening at /0.0.0.0:33938
2019-07-13 12:42:57,704 WARN  impl.MetricsConfig (MetricsConfig.java:loadFirst(134)) - Cannot locate configuration: tried hadoop-metrics2-storagecontainermanager.properties,hadoop-metrics2.properties
2019-07-13 12:42:57,716 INFO  impl.MetricsSystemImpl (MetricsSystemImpl.java:startTimer(374)) - Scheduled Metric snapshot period at 10 second(s).
2019-07-13 12:42:57,717 INFO  impl.MetricsSystemImpl (MetricsSystemImpl.java:start(191)) - StorageContainerManager metrics system started
2019-07-13 12:42:57,929 INFO  server.SCMClientProtocolServer (SCMClientProtocolServer.java:start(149)) - RPC server for Client  is listening at /0.0.0.0:33938
2019-07-13 12:42:57,930 INFO  ipc.Server (Server.java:run(1314)) - IPC Server Responder: starting
2019-07-13 12:42:57,931 INFO  ipc.Server (Server.java:run(1153)) - IPC Server listener on 33938: starting
2019-07-13 12:42:57,936 INFO  server.StorageContainerManager (StorageContainerManager.java:start(768)) - ScmBlockLocationProtocol RPC server is listening at /0.0.0.0:39951
2019-07-13 12:42:57,936 INFO  server.SCMBlockProtocolServer (SCMBlockProtocolServer.java:start(140)) - RPC server for Block Protocol is listening at /0.0.0.0:39951
2019-07-13 12:42:57,937 INFO  ipc.Server (Server.java:run(1314)) - IPC Server Responder: starting
2019-07-13 12:42:57,937 INFO  ipc.Server (Server.java:run(1153)) - IPC Server listener on 39951: starting
2019-07-13 12:42:57,943 INFO  server.StorageContainerManager (StorageContainerManager.java:start(772)) - ScmDatanodeProtocl RPC server is listening at /0.0.0.0:40834
2019-07-13 12:42:57,943 INFO  server.SCMDatanodeProtocolServer (SCMDatanodeProtocolServer.java:start(191)) - RPC server for DataNodes is listening at /0.0.0.0:40834
2019-07-13 12:42:57,944 INFO  ipc.Server (Server.java:run(1314)) - IPC Server Responder: starting
2019-07-13 12:42:57,945 INFO  ipc.Server (Server.java:run(1153)) - IPC Server listener on 40834: starting
2019-07-13 12:42:57,956 INFO  http.HttpServer2 (HttpServer2.java:bindListener(1191)) - Jetty bound to port 34856
2019-07-13 12:42:57,958 INFO  server.Server (Server.java:doStart(351)) - jetty-9.3.24.v20180605, build timestamp: 2018-06-05T17:11:56Z, git hash: 84205aa28f11a4f31f2a3b86d1bba2cc8ab69827
2019-07-13 12:42:57,998 INFO  handler.ContextHandler (ContextHandler.java:doStart(781)) - Started o.e.j.s.ServletContextHandler@15dcfae7{/logs,file:///tmp/workdir/hadoop-ozone/integration-test/target/log,AVAILABLE}
2019-07-13 12:42:57,999 INFO  handler.ContextHandler (ContextHandler.java:doStart(781)) - Started o.e.j.s.ServletContextHandler@1e636ea3{/static,file:///tmp/workdir/hadoop-ozone/integration-test/target/test-classes/webapps/static,AVAILABLE}
2019-07-13 12:42:58,031 INFO  handler.ContextHandler (ContextHandler.java:doStart(781)) - Started o.e.j.w.WebAppContext@3f23a3a0{/,file:///tmp/workdir/hadoop-ozone/integration-test/target/test-classes/webapps/scm/,AVAILABLE}{/scm}
2019-07-13 12:42:58,036 INFO  server.AbstractConnector (AbstractConnector.java:doStart(278)) - Started ServerConnector@6c6357f9{HTTP/1.1,[http/1.1]}{0.0.0.0:34856}
2019-07-13 12:42:58,036 INFO  server.Server (Server.java:doStart(419)) - Started @2388ms
2019-07-13 12:42:58,038 INFO  server.BaseHttpServer (BaseHttpServer.java:updateConnectorAddress(207)) - HTTP server of SCM is listening at http://0.0.0.0:34856
2019-07-13 12:42:58,048 INFO  util.JvmPauseMonitor (JvmPauseMonitor.java:run(188)) - Starting JVM pause monitor
2019-07-13 12:42:58,053 WARN  server.ServerUtils (ServerUtils.java:getDBPath(222)) - ozone.om.db.dirs is not configured. We recommend adding this setting. Falling back to ozone.metadata.dirs instead.
2019-07-13 12:42:58,171 WARN  server.ServerUtils (ServerUtils.java:getDBPath(222)) - ozone.om.db.dirs is not configured. We recommend adding this setting. Falling back to ozone.metadata.dirs instead.
2019-07-13 12:42:58,172 INFO  om.OzoneManager (OzoneManager.java:setOMNodeDetails(630)) - OM Service ID is not set. Setting it to the default ID: omServiceIdDefault
2019-07-13 12:42:58,173 INFO  om.OzoneManager (OzoneManager.java:setOMNodeDetails(636)) - OM Node ID is not set. Setting it to the OmStorage's OmID: da3f1162-8141-4dc0-a4a6-dfb883f91d0f
2019-07-13 12:42:58,174 INFO  om.OzoneManager (OzoneManager.java:loadOMHAConfigs(587)) - Found matching OM address with OMServiceId: null, OMNodeId: null, RPC Address: localhost:0 and Ratis port: 9872
2019-07-13 12:42:58,434 WARN  server.ServerUtils (ServerUtils.java:getDBPath(222)) - ozone.om.db.dirs is not configured. We recommend adding this setting. Falling back to ozone.metadata.dirs instead.
2019-07-13 12:42:58,446 INFO  db.DBStoreBuilder (DBStoreBuilder.java:addTable(110)) - using custom profile for table: userTable
2019-07-13 12:42:58,447 INFO  db.DBStoreBuilder (DBStoreBuilder.java:processTables(161)) - Using default column profile:DBProfile.DISK for Table:userTable
2019-07-13 12:42:58,447 INFO  db.DBStoreBuilder (DBStoreBuilder.java:addTable(110)) - using custom profile for table: volumeTable
2019-07-13 12:42:58,447 INFO  db.DBStoreBuilder (DBStoreBuilder.java:processTables(161)) - Using default column profile:DBProfile.DISK for Table:volumeTable
2019-07-13 12:42:58,448 INFO  db.DBStoreBuilder (DBStoreBuilder.java:addTable(110)) - using custom profile for table: bucketTable
2019-07-13 12:42:58,448 INFO  db.DBStoreBuilder (DBStoreBuilder.java:processTables(161)) - Using default column profile:DBProfile.DISK for Table:bucketTable
2019-07-13 12:42:58,449 INFO  db.DBStoreBuilder (DBStoreBuilder.java:addTable(110)) - using custom profile for table: keyTable
2019-07-13 12:42:58,449 INFO  db.DBStoreBuilder (DBStoreBuilder.java:processTables(161)) - Using default column profile:DBProfile.DISK for Table:keyTable
2019-07-13 12:42:58,449 INFO  db.DBStoreBuilder (DBStoreBuilder.java:addTable(110)) - using custom profile for table: deletedTable
2019-07-13 12:42:58,450 INFO  db.DBStoreBuilder (DBStoreBuilder.java:processTables(161)) - Using default column profile:DBProfile.DISK for Table:deletedTable
2019-07-13 12:42:58,450 INFO  db.DBStoreBuilder (DBStoreBuilder.java:addTable(110)) - using custom profile for table: openKeyTable
2019-07-13 12:42:58,450 INFO  db.DBStoreBuilder (DBStoreBuilder.java:processTables(161)) - Using default column profile:DBProfile.DISK for Table:openKeyTable
2019-07-13 12:42:58,451 INFO  db.DBStoreBuilder (DBStoreBuilder.java:addTable(110)) - using custom profile for table: s3Table
2019-07-13 12:42:58,451 INFO  db.DBStoreBuilder (DBStoreBuilder.java:processTables(161)) - Using default column profile:DBProfile.DISK for Table:s3Table
2019-07-13 12:42:58,452 INFO  db.DBStoreBuilder (DBStoreBuilder.java:addTable(110)) - using custom profile for table: multipartInfoTable
2019-07-13 12:42:58,452 INFO  db.DBStoreBuilder (DBStoreBuilder.java:processTables(161)) - Using default column profile:DBProfile.DISK for Table:multipartInfoTable
2019-07-13 12:42:58,452 INFO  db.DBStoreBuilder (DBStoreBuilder.java:addTable(110)) - using custom profile for table: dTokenTable
2019-07-13 12:42:58,453 INFO  db.DBStoreBuilder (DBStoreBuilder.java:processTables(161)) - Using default column profile:DBProfile.DISK for Table:dTokenTable
2019-07-13 12:42:58,453 INFO  db.DBStoreBuilder (DBStoreBuilder.java:addTable(110)) - using custom profile for table: s3SecretTable
2019-07-13 12:42:58,454 INFO  db.DBStoreBuilder (DBStoreBuilder.java:processTables(161)) - Using default column profile:DBProfile.DISK for Table:s3SecretTable
2019-07-13 12:42:58,454 INFO  db.DBStoreBuilder (DBStoreBuilder.java:addTable(110)) - using custom profile for table: prefixTable
2019-07-13 12:42:58,455 INFO  db.DBStoreBuilder (DBStoreBuilder.java:processTables(161)) - Using default column profile:DBProfile.DISK for Table:prefixTable
2019-07-13 12:42:58,455 INFO  db.DBStoreBuilder (DBStoreBuilder.java:addTable(110)) - using custom profile for table: default
2019-07-13 12:42:58,455 INFO  db.DBStoreBuilder (DBStoreBuilder.java:processTables(167)) - Using default column profile:DBProfile.DISK for Table:default
2019-07-13 12:42:58,456 INFO  db.DBStoreBuilder (DBStoreBuilder.java:getDbProfile(198)) - Using default options. DBProfile.DISK
2019-07-13 12:42:59,175 INFO  ipc.CallQueueManager (CallQueueManager.java:<init>(84)) - Using callQueue: class java.util.concurrent.LinkedBlockingQueue, queueCapacity: 2000, scheduler: class org.apache.hadoop.ipc.DefaultRpcScheduler, ipcBackoff: false.
2019-07-13 12:42:59,177 INFO  ipc.Server (Server.java:run(1074)) - Starting Socket Reader #1 for port 39208
2019-07-13 12:42:59,205 WARN  server.ServerUtils (ServerUtils.java:getDBPath(222)) - ozone.om.db.dirs is not configured. We recommend adding this setting. Falling back to ozone.metadata.dirs instead.
2019-07-13 12:42:59,205 INFO  om.OzoneManager (OzoneManager.java:start(1228)) - OzoneManager RPC server is listening at localhost/127.0.0.1:39208
2019-07-13 12:42:59,205 INFO  impl.MetricsSystemImpl (MetricsSystemImpl.java:init(158)) - OzoneManager metrics system started (again)
2019-07-13 12:42:59,207 INFO  ipc.Server (Server.java:run(1314)) - IPC Server Responder: starting
2019-07-13 12:42:59,208 INFO  ipc.Server (Server.java:run(1153)) - IPC Server listener on 39208: starting
2019-07-13 12:42:59,220 INFO  hdfs.DFSUtil (DFSUtil.java:httpServerTemplateForNNAndJN(1641)) - Starting Web-server for ozoneManager at: http://0.0.0.0:0
2019-07-13 12:42:59,223 INFO  server.AuthenticationFilter (AuthenticationFilter.java:constructSecretProvider(240)) - Unable to initialize FileSignerSecretProvider, falling back to use random secrets.
2019-07-13 12:42:59,224 WARN  http.HttpRequestLog (HttpRequestLog.java:getRequestLog(97)) - Jetty request log can only be enabled using Log4j
2019-07-13 12:42:59,228 INFO  http.HttpServer2 (HttpServer2.java:addGlobalFilter(975)) - Added global filter 'safety' (class=org.apache.hadoop.http.HttpServer2$QuotingInputFilter)
2019-07-13 12:42:59,229 INFO  http.HttpServer2 (HttpServer2.java:addFilter(948)) - Added filter static_user_filter (class=org.apache.hadoop.http.lib.StaticUserWebFilter$StaticUserFilter) to context ozoneManager
2019-07-13 12:42:59,230 INFO  http.HttpServer2 (HttpServer2.java:addFilter(958)) - Added filter static_user_filter (class=org.apache.hadoop.http.lib.StaticUserWebFilter$StaticUserFilter) to context static
2019-07-13 12:42:59,230 INFO  http.HttpServer2 (HttpServer2.java:addFilter(958)) - Added filter static_user_filter (class=org.apache.hadoop.http.lib.StaticUserWebFilter$StaticUserFilter) to context logs
2019-07-13 12:42:59,233 INFO  http.HttpServer2 (HttpServer2.java:bindListener(1191)) - Jetty bound to port 35991
2019-07-13 12:42:59,234 INFO  server.Server (Server.java:doStart(351)) - jetty-9.3.24.v20180605, build timestamp: 2018-06-05T17:11:56Z, git hash: 84205aa28f11a4f31f2a3b86d1bba2cc8ab69827
2019-07-13 12:42:59,237 INFO  handler.ContextHandler (ContextHandler.java:doStart(781)) - Started o.e.j.s.ServletContextHandler@301d8120{/logs,file:///tmp/workdir/hadoop-ozone/integration-test/target/log,AVAILABLE}
2019-07-13 12:42:59,238 INFO  handler.ContextHandler (ContextHandler.java:doStart(781)) - Started o.e.j.s.ServletContextHandler@72458efc{/static,file:///tmp/workdir/hadoop-ozone/integration-test/target/test-classes/webapps/static,AVAILABLE}
2019-07-13 12:42:59,245 INFO  handler.ContextHandler (ContextHandler.java:doStart(781)) - Started o.e.j.w.WebAppContext@6a84bc2a{/,file:///tmp/workdir/hadoop-ozone/integration-test/target/test-classes/webapps/ozoneManager/,AVAILABLE}{/ozoneManager}
2019-07-13 12:42:59,246 INFO  server.AbstractConnector (AbstractConnector.java:doStart(278)) - Started ServerConnector@5183d589{HTTP/1.1,[http/1.1]}{0.0.0.0:35991}
2019-07-13 12:42:59,246 INFO  server.Server (Server.java:doStart(419)) - Started @3598ms
2019-07-13 12:42:59,248 INFO  server.BaseHttpServer (BaseHttpServer.java:updateConnectorAddress(207)) - HTTP server of OZONEMANAGER is listening at http://0.0.0.0:35991
2019-07-13 12:42:59,600 INFO  impl.MetricsSystemImpl (MetricsSystemImpl.java:init(158)) - HddsDatanode metrics system started (again)
2019-07-13 12:42:59,699 INFO  ozone.HddsDatanodeService (HddsDatanodeService.java:start(185)) - HddsDatanodeService host:trunk-nightly-q2gwj-1111726333 ip:192.168.5.181
2019-07-13 12:42:59,742 INFO  volume.HddsVolume (HddsVolume.java:<init>(176)) - Creating Volume: /tmp/workdir/hadoop-ozone/integration-test/target/test-dir/MiniOzoneClusterImpl-4b8da730-b866-4b25-9667-dd67e3f31850/datanode-0/data/containers/hdds of  storage type : DISK and capacity : 52710309888
2019-07-13 12:42:59,744 INFO  volume.VolumeSet (VolumeSet.java:initializeVolumeSet(170)) - Added Volume : /tmp/workdir/hadoop-ozone/integration-test/target/test-dir/MiniOzoneClusterImpl-4b8da730-b866-4b25-9667-dd67e3f31850/datanode-0/data/containers/hdds to VolumeSet
2019-07-13 12:42:59,748 INFO  volume.ThrottledAsyncChecker (ThrottledAsyncChecker.java:schedule(140)) - Scheduling a check for org.apache.hadoop.ozone.container.common.volume.HddsVolume@451f87af
2019-07-13 12:42:59,773 INFO  volume.HddsVolumeChecker (HddsVolumeChecker.java:checkAllVolumes(203)) - Scheduled health check for volume org.apache.hadoop.ozone.container.common.volume.HddsVolume@451f87af
2019-07-13 12:42:59,895 INFO  impl.RaftServerProxy (ConfUtils.java:logGet(43)) - raft.rpc.type = GRPC (default)
2019-07-13 12:42:59,959 INFO  grpc.GrpcFactory (GrpcFactory.java:checkPooledByteBufAllocatorUseCacheForAllThreads(45)) - PERFORMANCE WARNING: useCacheForAllThreads is true that may cause Netty to create a lot garbage objects and, as a result, trigger GC.
	It is recommended to disable useCacheForAllThreads by setting -Dorg.apache.ratis.thirdparty.io.netty.allocator.useCacheForAllThreads=false in command line.
2019-07-13 12:42:59,963 INFO  grpc.GrpcConfigKeys$Server (ConfUtils.java:logGet(43)) - raft.grpc.server.port = 0 (default)
2019-07-13 12:42:59,964 INFO  server.GrpcService (ConfUtils.java:logGet(43)) - raft.grpc.message.size.max = 33570816 (custom)
2019-07-13 12:42:59,966 INFO  server.RaftServerConfigKeys (ConfUtils.java:logGet(43)) - raft.server.log.appender.buffer.byte-limit = 33554432 (custom)
2019-07-13 12:42:59,966 INFO  server.GrpcService (ConfUtils.java:logGet(43)) - raft.grpc.flow.control.window = 1MB (=1048576) (default)
2019-07-13 12:42:59,967 INFO  server.RaftServerConfigKeys (ConfUtils.java:logGet(43)) - raft.server.rpc.request.timeout = 3000ms (default)
2019-07-13 12:43:00,124 INFO  server.RaftServerConfigKeys (ConfUtils.java:logGet(43)) - raft.server.storage.dir = [/tmp/workdir/hadoop-ozone/integration-test/target/test-dir/MiniOzoneClusterImpl-4b8da730-b866-4b25-9667-dd67e3f31850/datanode-0/data/ratis] (custom)
2019-07-13 12:43:00,159 INFO  replication.SimpleContainerDownloader (SimpleContainerDownloader.java:<init>(72)) - Starting container downloader service to copy containers to replicate.
2019-07-13 12:43:00,171 INFO  hdfs.DFSUtil (DFSUtil.java:httpServerTemplateForNNAndJN(1641)) - Starting Web-server for hddsDatanode at: http://0.0.0.0:0
2019-07-13 12:43:00,174 INFO  server.AuthenticationFilter (AuthenticationFilter.java:constructSecretProvider(240)) - Unable to initialize FileSignerSecretProvider, falling back to use random secrets.
2019-07-13 12:43:00,175 WARN  http.HttpRequestLog (HttpRequestLog.java:getRequestLog(97)) - Jetty request log can only be enabled using Log4j
2019-07-13 12:43:00,178 INFO  http.HttpServer2 (HttpServer2.java:addGlobalFilter(975)) - Added global filter 'safety' (class=org.apache.hadoop.http.HttpServer2$QuotingInputFilter)
2019-07-13 12:43:00,179 INFO  http.HttpServer2 (HttpServer2.java:addFilter(948)) - Added filter static_user_filter (class=org.apache.hadoop.http.lib.StaticUserWebFilter$StaticUserFilter) to context hddsDatanode
2019-07-13 12:43:00,179 INFO  http.HttpServer2 (HttpServer2.java:addFilter(958)) - Added filter static_user_filter (class=org.apache.hadoop.http.lib.StaticUserWebFilter$StaticUserFilter) to context static
2019-07-13 12:43:00,180 INFO  http.HttpServer2 (HttpServer2.java:addFilter(958)) - Added filter static_user_filter (class=org.apache.hadoop.http.lib.StaticUserWebFilter$StaticUserFilter) to context logs
2019-07-13 12:43:00,181 INFO  http.HttpServer2 (HttpServer2.java:bindListener(1191)) - Jetty bound to port 33853
2019-07-13 12:43:00,181 INFO  server.Server (Server.java:doStart(351)) - jetty-9.3.24.v20180605, build timestamp: 2018-06-05T17:11:56Z, git hash: 84205aa28f11a4f31f2a3b86d1bba2cc8ab69827
2019-07-13 12:43:00,184 INFO  handler.ContextHandler (ContextHandler.java:doStart(781)) - Started o.e.j.s.ServletContextHandler@21c815e4{/logs,file:///tmp/workdir/hadoop-ozone/integration-test/target/log,AVAILABLE}
2019-07-13 12:43:00,185 INFO  handler.ContextHandler (ContextHandler.java:doStart(781)) - Started o.e.j.s.ServletContextHandler@2a331b46{/static,jar:file:/home/user/.m2/repository/org/apache/hadoop/hadoop-hdds-container-service/0.5.0-SNAPSHOT/hadoop-hdds-container-service-0.5.0-SNAPSHOT.jar!/webapps/static,AVAILABLE}
2019-07-13 12:43:00,246 INFO  handler.ContextHandler (ContextHandler.java:doStart(781)) - Started o.e.j.w.WebAppContext@113e13f9{/,file:///tmp/jetty-0.0.0.0-33853-hddsDatanode-_-any-7260263552234361320.dir/webapp/,AVAILABLE}{/hddsDatanode}
2019-07-13 12:43:00,247 INFO  server.AbstractConnector (AbstractConnector.java:doStart(278)) - Started ServerConnector@1c7f96b1{HTTP/1.1,[http/1.1]}{0.0.0.0:33853}
2019-07-13 12:43:00,248 INFO  server.Server (Server.java:doStart(419)) - Started @4599ms
2019-07-13 12:43:00,249 INFO  server.BaseHttpServer (BaseHttpServer.java:updateConnectorAddress(207)) - HTTP server of HDDSDATANODE is listening at http://0.0.0.0:33853
2019-07-13 12:43:01,454 INFO  ozone.HddsDatanodeService (HddsDatanodeService.java:startPlugins(396)) - Started plug-in org.apache.hadoop.ozone.web.OzoneHddsDatanodeService@5f61371d
2019-07-13 12:43:01,458 INFO  impl.MetricsSystemImpl (MetricsSystemImpl.java:init(158)) - HddsDatanode metrics system started (again)
2019-07-13 12:43:01,460 INFO  ozone.HddsDatanodeService (HddsDatanodeService.java:start(185)) - HddsDatanodeService host:trunk-nightly-q2gwj-1111726333 ip:192.168.5.181
2019-07-13 12:43:01,465 INFO  util.JvmPauseMonitor (JvmPauseMonitor.java:run(188)) - Starting JVM pause monitor
2019-07-13 12:43:01,475 INFO  volume.HddsVolume (HddsVolume.java:<init>(176)) - Creating Volume: /tmp/workdir/hadoop-ozone/integration-test/target/test-dir/MiniOzoneClusterImpl-4b8da730-b866-4b25-9667-dd67e3f31850/datanode-1/data/containers/hdds of  storage type : DISK and capacity : 52710309888
2019-07-13 12:43:01,476 INFO  volume.VolumeSet (VolumeSet.java:initializeVolumeSet(170)) - Added Volume : /tmp/workdir/hadoop-ozone/integration-test/target/test-dir/MiniOzoneClusterImpl-4b8da730-b866-4b25-9667-dd67e3f31850/datanode-1/data/containers/hdds to VolumeSet
2019-07-13 12:43:01,477 INFO  volume.ThrottledAsyncChecker (ThrottledAsyncChecker.java:schedule(140)) - Scheduling a check for org.apache.hadoop.ozone.container.common.volume.HddsVolume@45292ec1
2019-07-13 12:43:01,479 INFO  volume.HddsVolumeChecker (HddsVolumeChecker.java:checkAllVolumes(203)) - Scheduled health check for volume org.apache.hadoop.ozone.container.common.volume.HddsVolume@45292ec1
2019-07-13 12:43:01,510 INFO  impl.RaftServerProxy (ConfUtils.java:logGet(43)) - raft.rpc.type = GRPC (default)
2019-07-13 12:43:01,511 INFO  grpc.GrpcFactory (GrpcFactory.java:checkPooledByteBufAllocatorUseCacheForAllThreads(45)) - PERFORMANCE WARNING: useCacheForAllThreads is true that may cause Netty to create a lot garbage objects and, as a result, trigger GC.
	It is recommended to disable useCacheForAllThreads by setting -Dorg.apache.ratis.thirdparty.io.netty.allocator.useCacheForAllThreads=false in command line.
2019-07-13 12:43:01,512 INFO  grpc.GrpcConfigKeys$Server (ConfUtils.java:logGet(43)) - raft.grpc.server.port = 0 (default)
2019-07-13 12:43:01,512 INFO  server.GrpcService (ConfUtils.java:logGet(43)) - raft.grpc.message.size.max = 33570816 (custom)
2019-07-13 12:43:01,513 INFO  server.RaftServerConfigKeys (ConfUtils.java:logGet(43)) - raft.server.log.appender.buffer.byte-limit = 33554432 (custom)
2019-07-13 12:43:01,513 INFO  server.GrpcService (ConfUtils.java:logGet(43)) - raft.grpc.flow.control.window = 1MB (=1048576) (default)
2019-07-13 12:43:01,513 INFO  server.RaftServerConfigKeys (ConfUtils.java:logGet(43)) - raft.server.rpc.request.timeout = 3000ms (default)
2019-07-13 12:43:01,516 INFO  server.RaftServerConfigKeys (ConfUtils.java:logGet(43)) - raft.server.storage.dir = [/tmp/workdir/hadoop-ozone/integration-test/target/test-dir/MiniOzoneClusterImpl-4b8da730-b866-4b25-9667-dd67e3f31850/datanode-1/data/ratis] (custom)
2019-07-13 12:43:01,518 INFO  replication.SimpleContainerDownloader (SimpleContainerDownloader.java:<init>(72)) - Starting container downloader service to copy containers to replicate.
2019-07-13 12:43:01,519 INFO  hdfs.DFSUtil (DFSUtil.java:httpServerTemplateForNNAndJN(1641)) - Starting Web-server for hddsDatanode at: http://0.0.0.0:0
2019-07-13 12:43:01,522 INFO  server.AuthenticationFilter (AuthenticationFilter.java:constructSecretProvider(240)) - Unable to initialize FileSignerSecretProvider, falling back to use random secrets.
2019-07-13 12:43:01,524 WARN  http.HttpRequestLog (HttpRequestLog.java:getRequestLog(97)) - Jetty request log can only be enabled using Log4j
2019-07-13 12:43:01,527 INFO  http.HttpServer2 (HttpServer2.java:addGlobalFilter(975)) - Added global filter 'safety' (class=org.apache.hadoop.http.HttpServer2$QuotingInputFilter)
2019-07-13 12:43:01,528 INFO  http.HttpServer2 (HttpServer2.java:addFilter(948)) - Added filter static_user_filter (class=org.apache.hadoop.http.lib.StaticUserWebFilter$StaticUserFilter) to context hddsDatanode
2019-07-13 12:43:01,528 INFO  http.HttpServer2 (HttpServer2.java:addFilter(958)) - Added filter static_user_filter (class=org.apache.hadoop.http.lib.StaticUserWebFilter$StaticUserFilter) to context logs
2019-07-13 12:43:01,528 INFO  http.HttpServer2 (HttpServer2.java:addFilter(958)) - Added filter static_user_filter (class=org.apache.hadoop.http.lib.StaticUserWebFilter$StaticUserFilter) to context static
2019-07-13 12:43:01,530 INFO  http.HttpServer2 (HttpServer2.java:bindListener(1191)) - Jetty bound to port 41750
2019-07-13 12:43:01,531 INFO  server.Server (Server.java:doStart(351)) - jetty-9.3.24.v20180605, build timestamp: 2018-06-05T17:11:56Z, git hash: 84205aa28f11a4f31f2a3b86d1bba2cc8ab69827
2019-07-13 12:43:01,534 INFO  handler.ContextHandler (ContextHandler.java:doStart(781)) - Started o.e.j.s.ServletContextHandler@570ba13{/logs,file:///tmp/workdir/hadoop-ozone/integration-test/target/log,AVAILABLE}
2019-07-13 12:43:01,535 INFO  handler.ContextHandler (ContextHandler.java:doStart(781)) - Started o.e.j.s.ServletContextHandler@525b1b70{/static,jar:file:/home/user/.m2/repository/org/apache/hadoop/hadoop-hdds-container-service/0.5.0-SNAPSHOT/hadoop-hdds-container-service-0.5.0-SNAPSHOT.jar!/webapps/static,AVAILABLE}
2019-07-13 12:43:01,580 INFO  handler.ContextHandler (ContextHandler.java:doStart(781)) - Started o.e.j.w.WebAppContext@902fdbe{/,file:///tmp/jetty-0.0.0.0-41750-hddsDatanode-_-any-2765118162215714434.dir/webapp/,AVAILABLE}{/hddsDatanode}
2019-07-13 12:43:01,581 INFO  server.AbstractConnector (AbstractConnector.java:doStart(278)) - Started ServerConnector@796d33eb{HTTP/1.1,[http/1.1]}{0.0.0.0:41750}
2019-07-13 12:43:01,581 INFO  server.Server (Server.java:doStart(419)) - Started @5933ms
2019-07-13 12:43:01,583 INFO  server.BaseHttpServer (BaseHttpServer.java:updateConnectorAddress(207)) - HTTP server of HDDSDATANODE is listening at http://0.0.0.0:41750
2019-07-13 12:43:01,599 INFO  datanode.InitDatanodeState (InitDatanodeState.java:persistContainerDatanodeDetails(140)) - DatanodeDetails is persisted to /tmp/workdir/hadoop-ozone/integration-test/target/test-dir/MiniOzoneClusterImpl-4b8da730-b866-4b25-9667-dd67e3f31850/datanode-0/meta/datanode.id
2019-07-13 12:43:01,726 INFO  ozone.HddsDatanodeService (HddsDatanodeService.java:startPlugins(396)) - Started plug-in org.apache.hadoop.ozone.web.OzoneHddsDatanodeService@1e98b788
2019-07-13 12:43:01,726 INFO  impl.MetricsSystemImpl (MetricsSystemImpl.java:init(158)) - HddsDatanode metrics system started (again)
2019-07-13 12:43:01,726 INFO  ozone.HddsDatanodeService (HddsDatanodeService.java:start(185)) - HddsDatanodeService host:trunk-nightly-q2gwj-1111726333 ip:192.168.5.181
2019-07-13 12:43:01,728 INFO  util.JvmPauseMonitor (JvmPauseMonitor.java:run(188)) - Starting JVM pause monitor
2019-07-13 12:43:01,739 INFO  volume.HddsVolume (HddsVolume.java:<init>(176)) - Creating Volume: /tmp/workdir/hadoop-ozone/integration-test/target/test-dir/MiniOzoneClusterImpl-4b8da730-b866-4b25-9667-dd67e3f31850/datanode-2/data/containers/hdds of  storage type : DISK and capacity : 52710309888
2019-07-13 12:43:01,739 INFO  volume.VolumeSet (VolumeSet.java:initializeVolumeSet(170)) - Added Volume : /tmp/workdir/hadoop-ozone/integration-test/target/test-dir/MiniOzoneClusterImpl-4b8da730-b866-4b25-9667-dd67e3f31850/datanode-2/data/containers/hdds to VolumeSet
2019-07-13 12:43:01,739 INFO  volume.ThrottledAsyncChecker (ThrottledAsyncChecker.java:schedule(140)) - Scheduling a check for org.apache.hadoop.ozone.container.common.volume.HddsVolume@10f477e2
2019-07-13 12:43:01,740 INFO  volume.HddsVolumeChecker (HddsVolumeChecker.java:checkAllVolumes(203)) - Scheduled health check for volume org.apache.hadoop.ozone.container.common.volume.HddsVolume@10f477e2
2019-07-13 12:43:01,741 INFO  datanode.InitDatanodeState (InitDatanodeState.java:persistContainerDatanodeDetails(140)) - DatanodeDetails is persisted to /tmp/workdir/hadoop-ozone/integration-test/target/test-dir/MiniOzoneClusterImpl-4b8da730-b866-4b25-9667-dd67e3f31850/datanode-1/meta/datanode.id
2019-07-13 12:43:01,754 INFO  impl.RaftServerProxy (ConfUtils.java:logGet(43)) - raft.rpc.type = GRPC (default)
2019-07-13 12:43:01,755 INFO  grpc.GrpcFactory (GrpcFactory.java:checkPooledByteBufAllocatorUseCacheForAllThreads(45)) - PERFORMANCE WARNING: useCacheForAllThreads is true that may cause Netty to create a lot garbage objects and, as a result, trigger GC.
	It is recommended to disable useCacheForAllThreads by setting -Dorg.apache.ratis.thirdparty.io.netty.allocator.useCacheForAllThreads=false in command line.
2019-07-13 12:43:01,755 INFO  grpc.GrpcConfigKeys$Server (ConfUtils.java:logGet(43)) - raft.grpc.server.port = 0 (default)
2019-07-13 12:43:01,755 INFO  server.GrpcService (ConfUtils.java:logGet(43)) - raft.grpc.message.size.max = 33570816 (custom)
2019-07-13 12:43:01,755 INFO  server.RaftServerConfigKeys (ConfUtils.java:logGet(43)) - raft.server.log.appender.buffer.byte-limit = 33554432 (custom)
2019-07-13 12:43:01,755 INFO  server.GrpcService (ConfUtils.java:logGet(43)) - raft.grpc.flow.control.window = 1MB (=1048576) (default)
2019-07-13 12:43:01,756 INFO  server.RaftServerConfigKeys (ConfUtils.java:logGet(43)) - raft.server.rpc.request.timeout = 3000ms (default)
2019-07-13 12:43:01,756 INFO  server.RaftServerConfigKeys (ConfUtils.java:logGet(43)) - raft.server.storage.dir = [/tmp/workdir/hadoop-ozone/integration-test/target/test-dir/MiniOzoneClusterImpl-4b8da730-b866-4b25-9667-dd67e3f31850/datanode-2/data/ratis] (custom)
2019-07-13 12:43:01,757 INFO  replication.SimpleContainerDownloader (SimpleContainerDownloader.java:<init>(72)) - Starting container downloader service to copy containers to replicate.
2019-07-13 12:43:01,758 INFO  hdfs.DFSUtil (DFSUtil.java:httpServerTemplateForNNAndJN(1641)) - Starting Web-server for hddsDatanode at: http://0.0.0.0:0
2019-07-13 12:43:01,759 INFO  server.AuthenticationFilter (AuthenticationFilter.java:constructSecretProvider(240)) - Unable to initialize FileSignerSecretProvider, falling back to use random secrets.
2019-07-13 12:43:01,760 WARN  http.HttpRequestLog (HttpRequestLog.java:getRequestLog(97)) - Jetty request log can only be enabled using Log4j
2019-07-13 12:43:01,761 INFO  http.HttpServer2 (HttpServer2.java:addGlobalFilter(975)) - Added global filter 'safety' (class=org.apache.hadoop.http.HttpServer2$QuotingInputFilter)
2019-07-13 12:43:01,762 INFO  http.HttpServer2 (HttpServer2.java:addFilter(948)) - Added filter static_user_filter (class=org.apache.hadoop.http.lib.StaticUserWebFilter$StaticUserFilter) to context hddsDatanode
2019-07-13 12:43:01,762 INFO  http.HttpServer2 (HttpServer2.java:addFilter(958)) - Added filter static_user_filter (class=org.apache.hadoop.http.lib.StaticUserWebFilter$StaticUserFilter) to context logs
2019-07-13 12:43:01,762 INFO  http.HttpServer2 (HttpServer2.java:addFilter(958)) - Added filter static_user_filter (class=org.apache.hadoop.http.lib.StaticUserWebFilter$StaticUserFilter) to context static
2019-07-13 12:43:01,763 INFO  http.HttpServer2 (HttpServer2.java:bindListener(1191)) - Jetty bound to port 38625
2019-07-13 12:43:01,763 INFO  server.Server (Server.java:doStart(351)) - jetty-9.3.24.v20180605, build timestamp: 2018-06-05T17:11:56Z, git hash: 84205aa28f11a4f31f2a3b86d1bba2cc8ab69827
2019-07-13 12:43:01,766 INFO  handler.ContextHandler (ContextHandler.java:doStart(781)) - Started o.e.j.s.ServletContextHandler@27b337bb{/logs,file:///tmp/workdir/hadoop-ozone/integration-test/target/log,AVAILABLE}
2019-07-13 12:43:01,767 INFO  handler.ContextHandler (ContextHandler.java:doStart(781)) - Started o.e.j.s.ServletContextHandler@5c18d6d4{/static,jar:file:/home/user/.m2/repository/org/apache/hadoop/hadoop-hdds-container-service/0.5.0-SNAPSHOT/hadoop-hdds-container-service-0.5.0-SNAPSHOT.jar!/webapps/static,AVAILABLE}
2019-07-13 12:43:01,794 INFO  handler.ContextHandler (ContextHandler.java:doStart(781)) - Started o.e.j.w.WebAppContext@1ab14636{/,file:///tmp/jetty-0.0.0.0-38625-hddsDatanode-_-any-7846975984914995732.dir/webapp/,AVAILABLE}{/hddsDatanode}
2019-07-13 12:43:01,794 INFO  server.AbstractConnector (AbstractConnector.java:doStart(278)) - Started ServerConnector@16b3c905{HTTP/1.1,[http/1.1]}{0.0.0.0:38625}
2019-07-13 12:43:01,795 INFO  server.Server (Server.java:doStart(419)) - Started @6147ms
2019-07-13 12:43:01,797 INFO  server.BaseHttpServer (BaseHttpServer.java:updateConnectorAddress(207)) - HTTP server of HDDSDATANODE is listening at http://0.0.0.0:38625
2019-07-13 12:43:01,928 INFO  ozone.HddsDatanodeService (HddsDatanodeService.java:startPlugins(396)) - Started plug-in org.apache.hadoop.ozone.web.OzoneHddsDatanodeService@30922f8d
2019-07-13 12:43:01,928 INFO  impl.MetricsSystemImpl (MetricsSystemImpl.java:init(158)) - HddsDatanode metrics system started (again)
2019-07-13 12:43:01,929 INFO  ozone.HddsDatanodeService (HddsDatanodeService.java:start(185)) - HddsDatanodeService host:trunk-nightly-q2gwj-1111726333 ip:192.168.5.181
2019-07-13 12:43:01,931 INFO  util.JvmPauseMonitor (JvmPauseMonitor.java:run(188)) - Starting JVM pause monitor
2019-07-13 12:43:01,935 INFO  datanode.InitDatanodeState (InitDatanodeState.java:persistContainerDatanodeDetails(140)) - DatanodeDetails is persisted to /tmp/workdir/hadoop-ozone/integration-test/target/test-dir/MiniOzoneClusterImpl-4b8da730-b866-4b25-9667-dd67e3f31850/datanode-2/meta/datanode.id
2019-07-13 12:43:01,939 INFO  volume.HddsVolume (HddsVolume.java:<init>(176)) - Creating Volume: /tmp/workdir/hadoop-ozone/integration-test/target/test-dir/MiniOzoneClusterImpl-4b8da730-b866-4b25-9667-dd67e3f31850/datanode-3/data/containers/hdds of  storage type : DISK and capacity : 52710309888
2019-07-13 12:43:01,939 INFO  volume.VolumeSet (VolumeSet.java:initializeVolumeSet(170)) - Added Volume : /tmp/workdir/hadoop-ozone/integration-test/target/test-dir/MiniOzoneClusterImpl-4b8da730-b866-4b25-9667-dd67e3f31850/datanode-3/data/containers/hdds to VolumeSet
2019-07-13 12:43:01,939 INFO  volume.ThrottledAsyncChecker (ThrottledAsyncChecker.java:schedule(140)) - Scheduling a check for org.apache.hadoop.ozone.container.common.volume.HddsVolume@45d56062
2019-07-13 12:43:01,940 INFO  volume.HddsVolumeChecker (HddsVolumeChecker.java:checkAllVolumes(203)) - Scheduled health check for volume org.apache.hadoop.ozone.container.common.volume.HddsVolume@45d56062
2019-07-13 12:43:01,954 INFO  impl.RaftServerProxy (ConfUtils.java:logGet(43)) - raft.rpc.type = GRPC (default)
2019-07-13 12:43:01,954 INFO  grpc.GrpcFactory (GrpcFactory.java:checkPooledByteBufAllocatorUseCacheForAllThreads(45)) - PERFORMANCE WARNING: useCacheForAllThreads is true that may cause Netty to create a lot garbage objects and, as a result, trigger GC.
	It is recommended to disable useCacheForAllThreads by setting -Dorg.apache.ratis.thirdparty.io.netty.allocator.useCacheForAllThreads=false in command line.
2019-07-13 12:43:01,955 INFO  grpc.GrpcConfigKeys$Server (ConfUtils.java:logGet(43)) - raft.grpc.server.port = 0 (default)
2019-07-13 12:43:01,955 INFO  server.GrpcService (ConfUtils.java:logGet(43)) - raft.grpc.message.size.max = 33570816 (custom)
2019-07-13 12:43:01,955 INFO  server.RaftServerConfigKeys (ConfUtils.java:logGet(43)) - raft.server.log.appender.buffer.byte-limit = 33554432 (custom)
2019-07-13 12:43:01,955 INFO  server.GrpcService (ConfUtils.java:logGet(43)) - raft.grpc.flow.control.window = 1MB (=1048576) (default)
2019-07-13 12:43:01,956 INFO  server.RaftServerConfigKeys (ConfUtils.java:logGet(43)) - raft.server.rpc.request.timeout = 3000ms (default)
2019-07-13 12:43:01,956 INFO  server.RaftServerConfigKeys (ConfUtils.java:logGet(43)) - raft.server.storage.dir = [/tmp/workdir/hadoop-ozone/integration-test/target/test-dir/MiniOzoneClusterImpl-4b8da730-b866-4b25-9667-dd67e3f31850/datanode-3/data/ratis] (custom)
2019-07-13 12:43:01,957 INFO  replication.SimpleContainerDownloader (SimpleContainerDownloader.java:<init>(72)) - Starting container downloader service to copy containers to replicate.
2019-07-13 12:43:01,958 INFO  hdfs.DFSUtil (DFSUtil.java:httpServerTemplateForNNAndJN(1641)) - Starting Web-server for hddsDatanode at: http://0.0.0.0:0
2019-07-13 12:43:01,959 INFO  server.AuthenticationFilter (AuthenticationFilter.java:constructSecretProvider(240)) - Unable to initialize FileSignerSecretProvider, falling back to use random secrets.
2019-07-13 12:43:01,959 WARN  http.HttpRequestLog (HttpRequestLog.java:getRequestLog(97)) - Jetty request log can only be enabled using Log4j
2019-07-13 12:43:01,961 INFO  http.HttpServer2 (HttpServer2.java:addGlobalFilter(975)) - Added global filter 'safety' (class=org.apache.hadoop.http.HttpServer2$QuotingInputFilter)
2019-07-13 12:43:01,961 INFO  http.HttpServer2 (HttpServer2.java:addFilter(948)) - Added filter static_user_filter (class=org.apache.hadoop.http.lib.StaticUserWebFilter$StaticUserFilter) to context hddsDatanode
2019-07-13 12:43:01,961 INFO  http.HttpServer2 (HttpServer2.java:addFilter(958)) - Added filter static_user_filter (class=org.apache.hadoop.http.lib.StaticUserWebFilter$StaticUserFilter) to context static
2019-07-13 12:43:01,961 INFO  http.HttpServer2 (HttpServer2.java:addFilter(958)) - Added filter static_user_filter (class=org.apache.hadoop.http.lib.StaticUserWebFilter$StaticUserFilter) to context logs
2019-07-13 12:43:01,962 INFO  http.HttpServer2 (HttpServer2.java:bindListener(1191)) - Jetty bound to port 34946
2019-07-13 12:43:01,962 INFO  server.Server (Server.java:doStart(351)) - jetty-9.3.24.v20180605, build timestamp: 2018-06-05T17:11:56Z, git hash: 84205aa28f11a4f31f2a3b86d1bba2cc8ab69827
2019-07-13 12:43:01,965 INFO  handler.ContextHandler (ContextHandler.java:doStart(781)) - Started o.e.j.s.ServletContextHandler@4f081b5d{/logs,file:///tmp/workdir/hadoop-ozone/integration-test/target/log,AVAILABLE}
2019-07-13 12:43:01,965 INFO  handler.ContextHandler (ContextHandler.java:doStart(781)) - Started o.e.j.s.ServletContextHandler@740a0d5e{/static,jar:file:/home/user/.m2/repository/org/apache/hadoop/hadoop-hdds-container-service/0.5.0-SNAPSHOT/hadoop-hdds-container-service-0.5.0-SNAPSHOT.jar!/webapps/static,AVAILABLE}
2019-07-13 12:43:01,993 INFO  handler.ContextHandler (ContextHandler.java:doStart(781)) - Started o.e.j.w.WebAppContext@4ae2e781{/,file:///tmp/jetty-0.0.0.0-34946-hddsDatanode-_-any-5641647994112004442.dir/webapp/,AVAILABLE}{/hddsDatanode}
2019-07-13 12:43:01,994 INFO  server.AbstractConnector (AbstractConnector.java:doStart(278)) - Started ServerConnector@339f3a55{HTTP/1.1,[http/1.1]}{0.0.0.0:34946}
2019-07-13 12:43:01,995 INFO  server.Server (Server.java:doStart(419)) - Started @6346ms
2019-07-13 12:43:01,997 INFO  server.BaseHttpServer (BaseHttpServer.java:updateConnectorAddress(207)) - HTTP server of HDDSDATANODE is listening at http://0.0.0.0:34946
2019-07-13 12:43:02,135 INFO  ozone.HddsDatanodeService (HddsDatanodeService.java:startPlugins(396)) - Started plug-in org.apache.hadoop.ozone.web.OzoneHddsDatanodeService@15605d83
2019-07-13 12:43:02,136 INFO  impl.MetricsSystemImpl (MetricsSystemImpl.java:init(158)) - HddsDatanode metrics system started (again)
2019-07-13 12:43:02,137 INFO  ozone.HddsDatanodeService (HddsDatanodeService.java:start(185)) - HddsDatanodeService host:trunk-nightly-q2gwj-1111726333 ip:192.168.5.181
2019-07-13 12:43:02,138 INFO  util.JvmPauseMonitor (JvmPauseMonitor.java:run(188)) - Starting JVM pause monitor
2019-07-13 12:43:02,141 INFO  datanode.InitDatanodeState (InitDatanodeState.java:persistContainerDatanodeDetails(140)) - DatanodeDetails is persisted to /tmp/workdir/hadoop-ozone/integration-test/target/test-dir/MiniOzoneClusterImpl-4b8da730-b866-4b25-9667-dd67e3f31850/datanode-3/meta/datanode.id
2019-07-13 12:43:02,149 INFO  volume.HddsVolume (HddsVolume.java:<init>(176)) - Creating Volume: /tmp/workdir/hadoop-ozone/integration-test/target/test-dir/MiniOzoneClusterImpl-4b8da730-b866-4b25-9667-dd67e3f31850/datanode-4/data/containers/hdds of  storage type : DISK and capacity : 52710309888
2019-07-13 12:43:02,149 INFO  volume.VolumeSet (VolumeSet.java:initializeVolumeSet(170)) - Added Volume : /tmp/workdir/hadoop-ozone/integration-test/target/test-dir/MiniOzoneClusterImpl-4b8da730-b866-4b25-9667-dd67e3f31850/datanode-4/data/containers/hdds to VolumeSet
2019-07-13 12:43:02,150 INFO  volume.ThrottledAsyncChecker (ThrottledAsyncChecker.java:schedule(140)) - Scheduling a check for org.apache.hadoop.ozone.container.common.volume.HddsVolume@6da54910
2019-07-13 12:43:02,151 INFO  volume.HddsVolumeChecker (HddsVolumeChecker.java:checkAllVolumes(203)) - Scheduled health check for volume org.apache.hadoop.ozone.container.common.volume.HddsVolume@6da54910
2019-07-13 12:43:02,173 INFO  impl.RaftServerProxy (ConfUtils.java:logGet(43)) - raft.rpc.type = GRPC (default)
2019-07-13 12:43:02,174 INFO  grpc.GrpcFactory (GrpcFactory.java:checkPooledByteBufAllocatorUseCacheForAllThreads(45)) - PERFORMANCE WARNING: useCacheForAllThreads is true that may cause Netty to create a lot garbage objects and, as a result, trigger GC.
	It is recommended to disable useCacheForAllThreads by setting -Dorg.apache.ratis.thirdparty.io.netty.allocator.useCacheForAllThreads=false in command line.
2019-07-13 12:43:02,174 INFO  grpc.GrpcConfigKeys$Server (ConfUtils.java:logGet(43)) - raft.grpc.server.port = 0 (default)
2019-07-13 12:43:02,174 INFO  server.GrpcService (ConfUtils.java:logGet(43)) - raft.grpc.message.size.max = 33570816 (custom)
2019-07-13 12:43:02,175 INFO  server.RaftServerConfigKeys (ConfUtils.java:logGet(43)) - raft.server.log.appender.buffer.byte-limit = 33554432 (custom)
2019-07-13 12:43:02,175 INFO  server.GrpcService (ConfUtils.java:logGet(43)) - raft.grpc.flow.control.window = 1MB (=1048576) (default)
2019-07-13 12:43:02,176 INFO  server.RaftServerConfigKeys (ConfUtils.java:logGet(43)) - raft.server.rpc.request.timeout = 3000ms (default)
2019-07-13 12:43:02,176 INFO  server.RaftServerConfigKeys (ConfUtils.java:logGet(43)) - raft.server.storage.dir = [/tmp/workdir/hadoop-ozone/integration-test/target/test-dir/MiniOzoneClusterImpl-4b8da730-b866-4b25-9667-dd67e3f31850/datanode-4/data/ratis] (custom)
2019-07-13 12:43:02,177 INFO  replication.SimpleContainerDownloader (SimpleContainerDownloader.java:<init>(72)) - Starting container downloader service to copy containers to replicate.
2019-07-13 12:43:02,179 INFO  hdfs.DFSUtil (DFSUtil.java:httpServerTemplateForNNAndJN(1641)) - Starting Web-server for hddsDatanode at: http://0.0.0.0:0
2019-07-13 12:43:02,181 INFO  server.AuthenticationFilter (AuthenticationFilter.java:constructSecretProvider(240)) - Unable to initialize FileSignerSecretProvider, falling back to use random secrets.
2019-07-13 12:43:02,182 WARN  http.HttpRequestLog (HttpRequestLog.java:getRequestLog(97)) - Jetty request log can only be enabled using Log4j
2019-07-13 12:43:02,185 INFO  http.HttpServer2 (HttpServer2.java:addGlobalFilter(975)) - Added global filter 'safety' (class=org.apache.hadoop.http.HttpServer2$QuotingInputFilter)
2019-07-13 12:43:02,186 INFO  http.HttpServer2 (HttpServer2.java:addFilter(948)) - Added filter static_user_filter (class=org.apache.hadoop.http.lib.StaticUserWebFilter$StaticUserFilter) to context hddsDatanode
2019-07-13 12:43:02,186 INFO  http.HttpServer2 (HttpServer2.java:addFilter(958)) - Added filter static_user_filter (class=org.apache.hadoop.http.lib.StaticUserWebFilter$StaticUserFilter) to context logs
2019-07-13 12:43:02,186 INFO  http.HttpServer2 (HttpServer2.java:addFilter(958)) - Added filter static_user_filter (class=org.apache.hadoop.http.lib.StaticUserWebFilter$StaticUserFilter) to context static
2019-07-13 12:43:02,188 INFO  http.HttpServer2 (HttpServer2.java:bindListener(1191)) - Jetty bound to port 46115
2019-07-13 12:43:02,188 INFO  server.Server (Server.java:doStart(351)) - jetty-9.3.24.v20180605, build timestamp: 2018-06-05T17:11:56Z, git hash: 84205aa28f11a4f31f2a3b86d1bba2cc8ab69827
2019-07-13 12:43:02,194 INFO  handler.ContextHandler (ContextHandler.java:doStart(781)) - Started o.e.j.s.ServletContextHandler@640d604{/logs,file:///tmp/workdir/hadoop-ozone/integration-test/target/log,AVAILABLE}
2019-07-13 12:43:02,195 INFO  handler.ContextHandler (ContextHandler.java:doStart(781)) - Started o.e.j.s.ServletContextHandler@5438fa43{/static,jar:file:/home/user/.m2/repository/org/apache/hadoop/hadoop-hdds-container-service/0.5.0-SNAPSHOT/hadoop-hdds-container-service-0.5.0-SNAPSHOT.jar!/webapps/static,AVAILABLE}
2019-07-13 12:43:02,235 INFO  handler.ContextHandler (ContextHandler.java:doStart(781)) - Started o.e.j.w.WebAppContext@de77146{/,file:///tmp/jetty-0.0.0.0-46115-hddsDatanode-_-any-7110306888881179338.dir/webapp/,AVAILABLE}{/hddsDatanode}
2019-07-13 12:43:02,236 INFO  server.AbstractConnector (AbstractConnector.java:doStart(278)) - Started ServerConnector@691567ea{HTTP/1.1,[http/1.1]}{0.0.0.0:46115}
2019-07-13 12:43:02,237 INFO  server.Server (Server.java:doStart(419)) - Started @6589ms
2019-07-13 12:43:02,239 INFO  server.BaseHttpServer (BaseHttpServer.java:updateConnectorAddress(207)) - HTTP server of HDDSDATANODE is listening at http://0.0.0.0:46115
2019-07-13 12:43:02,372 INFO  ozone.HddsDatanodeService (HddsDatanodeService.java:startPlugins(396)) - Started plug-in org.apache.hadoop.ozone.web.OzoneHddsDatanodeService@2365ea38
2019-07-13 12:43:02,372 INFO  impl.MetricsSystemImpl (MetricsSystemImpl.java:init(158)) - HddsDatanode metrics system started (again)
2019-07-13 12:43:02,373 INFO  ozone.HddsDatanodeService (HddsDatanodeService.java:start(185)) - HddsDatanodeService host:trunk-nightly-q2gwj-1111726333 ip:192.168.5.181
2019-07-13 12:43:02,375 INFO  util.JvmPauseMonitor (JvmPauseMonitor.java:run(188)) - Starting JVM pause monitor
2019-07-13 12:43:02,378 INFO  datanode.InitDatanodeState (InitDatanodeState.java:persistContainerDatanodeDetails(140)) - DatanodeDetails is persisted to /tmp/workdir/hadoop-ozone/integration-test/target/test-dir/MiniOzoneClusterImpl-4b8da730-b866-4b25-9667-dd67e3f31850/datanode-4/meta/datanode.id
2019-07-13 12:43:02,381 INFO  volume.HddsVolume (HddsVolume.java:<init>(176)) - Creating Volume: /tmp/workdir/hadoop-ozone/integration-test/target/test-dir/MiniOzoneClusterImpl-4b8da730-b866-4b25-9667-dd67e3f31850/datanode-5/data/containers/hdds of  storage type : DISK and capacity : 52710309888
2019-07-13 12:43:02,382 INFO  volume.VolumeSet (VolumeSet.java:initializeVolumeSet(170)) - Added Volume : /tmp/workdir/hadoop-ozone/integration-test/target/test-dir/MiniOzoneClusterImpl-4b8da730-b866-4b25-9667-dd67e3f31850/datanode-5/data/containers/hdds to VolumeSet
2019-07-13 12:43:02,382 INFO  volume.ThrottledAsyncChecker (ThrottledAsyncChecker.java:schedule(140)) - Scheduling a check for org.apache.hadoop.ozone.container.common.volume.HddsVolume@7781263c
2019-07-13 12:43:02,382 INFO  volume.HddsVolumeChecker (HddsVolumeChecker.java:checkAllVolumes(203)) - Scheduled health check for volume org.apache.hadoop.ozone.container.common.volume.HddsVolume@7781263c
2019-07-13 12:43:02,396 INFO  impl.RaftServerProxy (ConfUtils.java:logGet(43)) - raft.rpc.type = GRPC (default)
2019-07-13 12:43:02,397 INFO  grpc.GrpcFactory (GrpcFactory.java:checkPooledByteBufAllocatorUseCacheForAllThreads(45)) - PERFORMANCE WARNING: useCacheForAllThreads is true that may cause Netty to create a lot garbage objects and, as a result, trigger GC.
	It is recommended to disable useCacheForAllThreads by setting -Dorg.apache.ratis.thirdparty.io.netty.allocator.useCacheForAllThreads=false in command line.
2019-07-13 12:43:02,397 INFO  grpc.GrpcConfigKeys$Server (ConfUtils.java:logGet(43)) - raft.grpc.server.port = 0 (default)
2019-07-13 12:43:02,397 INFO  server.GrpcService (ConfUtils.java:logGet(43)) - raft.grpc.message.size.max = 33570816 (custom)
2019-07-13 12:43:02,397 INFO  server.RaftServerConfigKeys (ConfUtils.java:logGet(43)) - raft.server.log.appender.buffer.byte-limit = 33554432 (custom)
2019-07-13 12:43:02,397 INFO  server.GrpcService (ConfUtils.java:logGet(43)) - raft.grpc.flow.control.window = 1MB (=1048576) (default)
2019-07-13 12:43:02,398 INFO  server.RaftServerConfigKeys (ConfUtils.java:logGet(43)) - raft.server.rpc.request.timeout = 3000ms (default)
2019-07-13 12:43:02,398 INFO  server.RaftServerConfigKeys (ConfUtils.java:logGet(43)) - raft.server.storage.dir = [/tmp/workdir/hadoop-ozone/integration-test/target/test-dir/MiniOzoneClusterImpl-4b8da730-b866-4b25-9667-dd67e3f31850/datanode-5/data/ratis] (custom)
2019-07-13 12:43:02,399 INFO  replication.SimpleContainerDownloader (SimpleContainerDownloader.java:<init>(72)) - Starting container downloader service to copy containers to replicate.
2019-07-13 12:43:02,400 INFO  hdfs.DFSUtil (DFSUtil.java:httpServerTemplateForNNAndJN(1641)) - Starting Web-server for hddsDatanode at: http://0.0.0.0:0
2019-07-13 12:43:02,401 INFO  server.AuthenticationFilter (AuthenticationFilter.java:constructSecretProvider(240)) - Unable to initialize FileSignerSecretProvider, falling back to use random secrets.
2019-07-13 12:43:02,401 WARN  http.HttpRequestLog (HttpRequestLog.java:getRequestLog(97)) - Jetty request log can only be enabled using Log4j
2019-07-13 12:43:02,403 INFO  http.HttpServer2 (HttpServer2.java:addGlobalFilter(975)) - Added global filter 'safety' (class=org.apache.hadoop.http.HttpServer2$QuotingInputFilter)
2019-07-13 12:43:02,403 INFO  http.HttpServer2 (HttpServer2.java:addFilter(948)) - Added filter static_user_filter (class=org.apache.hadoop.http.lib.StaticUserWebFilter$StaticUserFilter) to context hddsDatanode
2019-07-13 12:43:02,403 INFO  http.HttpServer2 (HttpServer2.java:addFilter(958)) - Added filter static_user_filter (class=org.apache.hadoop.http.lib.StaticUserWebFilter$StaticUserFilter) to context logs
2019-07-13 12:43:02,403 INFO  http.HttpServer2 (HttpServer2.java:addFilter(958)) - Added filter static_user_filter (class=org.apache.hadoop.http.lib.StaticUserWebFilter$StaticUserFilter) to context static
2019-07-13 12:43:02,404 INFO  http.HttpServer2 (HttpServer2.java:bindListener(1191)) - Jetty bound to port 39950
2019-07-13 12:43:02,404 INFO  server.Server (Server.java:doStart(351)) - jetty-9.3.24.v20180605, build timestamp: 2018-06-05T17:11:56Z, git hash: 84205aa28f11a4f31f2a3b86d1bba2cc8ab69827
2019-07-13 12:43:02,407 INFO  handler.ContextHandler (ContextHandler.java:doStart(781)) - Started o.e.j.s.ServletContextHandler@325162e9{/logs,file:///tmp/workdir/hadoop-ozone/integration-test/target/log,AVAILABLE}
2019-07-13 12:43:02,407 INFO  handler.ContextHandler (ContextHandler.java:doStart(781)) - Started o.e.j.s.ServletContextHandler@5c448ef{/static,jar:file:/home/user/.m2/repository/org/apache/hadoop/hadoop-hdds-container-service/0.5.0-SNAPSHOT/hadoop-hdds-container-service-0.5.0-SNAPSHOT.jar!/webapps/static,AVAILABLE}
2019-07-13 12:43:02,436 INFO  handler.ContextHandler (ContextHandler.java:doStart(781)) - Started o.e.j.w.WebAppContext@377dfb8d{/,file:///tmp/jetty-0.0.0.0-39950-hddsDatanode-_-any-1144354976898835925.dir/webapp/,AVAILABLE}{/hddsDatanode}
2019-07-13 12:43:02,437 INFO  server.AbstractConnector (AbstractConnector.java:doStart(278)) - Started ServerConnector@42a0786f{HTTP/1.1,[http/1.1]}{0.0.0.0:39950}
2019-07-13 12:43:02,437 INFO  server.Server (Server.java:doStart(419)) - Started @6789ms
2019-07-13 12:43:02,438 INFO  server.BaseHttpServer (BaseHttpServer.java:updateConnectorAddress(207)) - HTTP server of HDDSDATANODE is listening at http://0.0.0.0:39950
2019-07-13 12:43:02,568 INFO  ozone.HddsDatanodeService (HddsDatanodeService.java:startPlugins(396)) - Started plug-in org.apache.hadoop.ozone.web.OzoneHddsDatanodeService@165614f5
2019-07-13 12:43:02,568 INFO  impl.MetricsSystemImpl (MetricsSystemImpl.java:init(158)) - HddsDatanode metrics system started (again)
2019-07-13 12:43:02,569 INFO  ozone.HddsDatanodeService (HddsDatanodeService.java:start(185)) - HddsDatanodeService host:trunk-nightly-q2gwj-1111726333 ip:192.168.5.181
2019-07-13 12:43:02,621 INFO  util.JvmPauseMonitor (JvmPauseMonitor.java:run(188)) - Starting JVM pause monitor
2019-07-13 12:43:02,632 INFO  volume.HddsVolume (HddsVolume.java:<init>(176)) - Creating Volume: /tmp/workdir/hadoop-ozone/integration-test/target/test-dir/MiniOzoneClusterImpl-4b8da730-b866-4b25-9667-dd67e3f31850/datanode-6/data/containers/hdds of  storage type : DISK and capacity : 52710309888
2019-07-13 12:43:02,632 INFO  volume.VolumeSet (VolumeSet.java:initializeVolumeSet(170)) - Added Volume : /tmp/workdir/hadoop-ozone/integration-test/target/test-dir/MiniOzoneClusterImpl-4b8da730-b866-4b25-9667-dd67e3f31850/datanode-6/data/containers/hdds to VolumeSet
2019-07-13 12:43:02,633 INFO  volume.ThrottledAsyncChecker (ThrottledAsyncChecker.java:schedule(140)) - Scheduling a check for org.apache.hadoop.ozone.container.common.volume.HddsVolume@103c97ff
2019-07-13 12:43:02,633 INFO  datanode.InitDatanodeState (InitDatanodeState.java:persistContainerDatanodeDetails(140)) - DatanodeDetails is persisted to /tmp/workdir/hadoop-ozone/integration-test/target/test-dir/MiniOzoneClusterImpl-4b8da730-b866-4b25-9667-dd67e3f31850/datanode-5/meta/datanode.id
2019-07-13 12:43:02,635 INFO  volume.HddsVolumeChecker (HddsVolumeChecker.java:checkAllVolumes(203)) - Scheduled health check for volume org.apache.hadoop.ozone.container.common.volume.HddsVolume@103c97ff
2019-07-13 12:43:02,672 INFO  impl.RaftServerProxy (ConfUtils.java:logGet(43)) - raft.rpc.type = GRPC (default)
2019-07-13 12:43:02,673 INFO  grpc.GrpcFactory (GrpcFactory.java:checkPooledByteBufAllocatorUseCacheForAllThreads(45)) - PERFORMANCE WARNING: useCacheForAllThreads is true that may cause Netty to create a lot garbage objects and, as a result, trigger GC.
	It is recommended to disable useCacheForAllThreads by setting -Dorg.apache.ratis.thirdparty.io.netty.allocator.useCacheForAllThreads=false in command line.
2019-07-13 12:43:02,673 INFO  grpc.GrpcConfigKeys$Server (ConfUtils.java:logGet(43)) - raft.grpc.server.port = 0 (default)
2019-07-13 12:43:02,673 INFO  server.GrpcService (ConfUtils.java:logGet(43)) - raft.grpc.message.size.max = 33570816 (custom)
2019-07-13 12:43:02,673 INFO  server.RaftServerConfigKeys (ConfUtils.java:logGet(43)) - raft.server.log.appender.buffer.byte-limit = 33554432 (custom)
2019-07-13 12:43:02,674 INFO  server.GrpcService (ConfUtils.java:logGet(43)) - raft.grpc.flow.control.window = 1MB (=1048576) (default)
2019-07-13 12:43:02,674 INFO  server.RaftServerConfigKeys (ConfUtils.java:logGet(43)) - raft.server.rpc.request.timeout = 3000ms (default)
2019-07-13 12:43:02,675 INFO  server.RaftServerConfigKeys (ConfUtils.java:logGet(43)) - raft.server.storage.dir = [/tmp/workdir/hadoop-ozone/integration-test/target/test-dir/MiniOzoneClusterImpl-4b8da730-b866-4b25-9667-dd67e3f31850/datanode-6/data/ratis] (custom)
2019-07-13 12:43:02,675 INFO  replication.SimpleContainerDownloader (SimpleContainerDownloader.java:<init>(72)) - Starting container downloader service to copy containers to replicate.
2019-07-13 12:43:02,677 INFO  hdfs.DFSUtil (DFSUtil.java:httpServerTemplateForNNAndJN(1641)) - Starting Web-server for hddsDatanode at: http://0.0.0.0:0
2019-07-13 12:43:02,678 INFO  server.AuthenticationFilter (AuthenticationFilter.java:constructSecretProvider(240)) - Unable to initialize FileSignerSecretProvider, falling back to use random secrets.
2019-07-13 12:43:02,679 WARN  http.HttpRequestLog (HttpRequestLog.java:getRequestLog(97)) - Jetty request log can only be enabled using Log4j
2019-07-13 12:43:02,680 INFO  http.HttpServer2 (HttpServer2.java:addGlobalFilter(975)) - Added global filter 'safety' (class=org.apache.hadoop.http.HttpServer2$QuotingInputFilter)
2019-07-13 12:43:02,681 INFO  http.HttpServer2 (HttpServer2.java:addFilter(948)) - Added filter static_user_filter (class=org.apache.hadoop.http.lib.StaticUserWebFilter$StaticUserFilter) to context hddsDatanode
2019-07-13 12:43:02,681 INFO  http.HttpServer2 (HttpServer2.java:addFilter(958)) - Added filter static_user_filter (class=org.apache.hadoop.http.lib.StaticUserWebFilter$StaticUserFilter) to context logs
2019-07-13 12:43:02,682 INFO  http.HttpServer2 (HttpServer2.java:addFilter(958)) - Added filter static_user_filter (class=org.apache.hadoop.http.lib.StaticUserWebFilter$StaticUserFilter) to context static
2019-07-13 12:43:02,682 INFO  http.HttpServer2 (HttpServer2.java:bindListener(1191)) - Jetty bound to port 42606
2019-07-13 12:43:02,683 INFO  server.Server (Server.java:doStart(351)) - jetty-9.3.24.v20180605, build timestamp: 2018-06-05T17:11:56Z, git hash: 84205aa28f11a4f31f2a3b86d1bba2cc8ab69827
2019-07-13 12:43:02,685 INFO  handler.ContextHandler (ContextHandler.java:doStart(781)) - Started o.e.j.s.ServletContextHandler@35fa450f{/logs,file:///tmp/workdir/hadoop-ozone/integration-test/target/log,AVAILABLE}
2019-07-13 12:43:02,686 INFO  handler.ContextHandler (ContextHandler.java:doStart(781)) - Started o.e.j.s.ServletContextHandler@9b3be1c{/static,jar:file:/home/user/.m2/repository/org/apache/hadoop/hadoop-hdds-container-service/0.5.0-SNAPSHOT/hadoop-hdds-container-service-0.5.0-SNAPSHOT.jar!/webapps/static,AVAILABLE}
2019-07-13 12:43:02,719 INFO  handler.ContextHandler (ContextHandler.java:doStart(781)) - Started o.e.j.w.WebAppContext@4c7d7430{/,file:///tmp/jetty-0.0.0.0-42606-hddsDatanode-_-any-7969265421538593177.dir/webapp/,AVAILABLE}{/hddsDatanode}
2019-07-13 12:43:02,720 INFO  server.AbstractConnector (AbstractConnector.java:doStart(278)) - Started ServerConnector@4ea1aa52{HTTP/1.1,[http/1.1]}{0.0.0.0:42606}
2019-07-13 12:43:02,721 INFO  server.Server (Server.java:doStart(419)) - Started @7072ms
2019-07-13 12:43:02,722 INFO  server.BaseHttpServer (BaseHttpServer.java:updateConnectorAddress(207)) - HTTP server of HDDSDATANODE is listening at http://0.0.0.0:42606
2019-07-13 12:43:02,875 INFO  ozone.HddsDatanodeService (HddsDatanodeService.java:startPlugins(396)) - Started plug-in org.apache.hadoop.ozone.web.OzoneHddsDatanodeService@da09250
2019-07-13 12:43:02,877 INFO  ozone.MiniOzoneClusterImpl (MiniOzoneClusterImpl.java:lambda$waitForClusterToBeReady$0(142)) - Waiting for cluster to be ready. Got 0 of 7 DN Heartbeats.
2019-07-13 12:43:02,878 INFO  util.JvmPauseMonitor (JvmPauseMonitor.java:run(188)) - Starting JVM pause monitor
2019-07-13 12:43:02,880 INFO  datanode.InitDatanodeState (InitDatanodeState.java:persistContainerDatanodeDetails(140)) - DatanodeDetails is persisted to /tmp/workdir/hadoop-ozone/integration-test/target/test-dir/MiniOzoneClusterImpl-4b8da730-b866-4b25-9667-dd67e3f31850/datanode-6/meta/datanode.id
2019-07-13 12:43:03,525 INFO  ozoneimpl.OzoneContainer (OzoneContainer.java:start(186)) - Attempting to start container services.
2019-07-13 12:43:03,525 INFO  ozoneimpl.OzoneContainer (OzoneContainer.java:startContainerScrub(160)) - Background container scrubber has been disabled by hdds.containerscrub.enabled
2019-07-13 12:43:03,526 INFO  ratis.XceiverServerRatis (XceiverServerRatis.java:start(418)) - Starting XceiverServerRatis 18d86928-7cde-4fb7-976f-c69acd28448f at port 0
2019-07-13 12:43:03,550 INFO  impl.RaftServerProxy (RaftServerProxy.java:lambda$start$3(299)) - 18d86928-7cde-4fb7-976f-c69acd28448f: start RPC server
2019-07-13 12:43:03,685 INFO  server.GrpcService (GrpcService.java:startImpl(149)) - 18d86928-7cde-4fb7-976f-c69acd28448f: GrpcService started, listening on 0.0.0.0/0.0.0.0:42839
2019-07-13 12:43:03,687 INFO  ratis.XceiverServerRatis (XceiverServerRatis.java:start(428)) - XceiverServerRatis 18d86928-7cde-4fb7-976f-c69acd28448f is started using port 42839
2019-07-13 12:43:03,690 INFO  server.XceiverServerGrpc (XceiverServerGrpc.java:start(161)) - XceiverServerGrpc 18d86928-7cde-4fb7-976f-c69acd28448f is started using port 38856
2019-07-13 12:43:03,736 INFO  ozoneimpl.OzoneContainer (OzoneContainer.java:start(186)) - Attempting to start container services.
2019-07-13 12:43:03,738 INFO  ozoneimpl.OzoneContainer (OzoneContainer.java:startContainerScrub(160)) - Background container scrubber has been disabled by hdds.containerscrub.enabled
2019-07-13 12:43:03,738 INFO  ratis.XceiverServerRatis (XceiverServerRatis.java:start(418)) - Starting XceiverServerRatis 871470d2-fc9d-433e-986f-aa95403a039c at port 0
2019-07-13 12:43:03,749 INFO  impl.RaftServerProxy (RaftServerProxy.java:lambda$start$3(299)) - 871470d2-fc9d-433e-986f-aa95403a039c: start RPC server
2019-07-13 12:43:03,752 INFO  server.GrpcService (GrpcService.java:startImpl(149)) - 871470d2-fc9d-433e-986f-aa95403a039c: GrpcService started, listening on 0.0.0.0/0.0.0.0:45526
2019-07-13 12:43:03,753 INFO  ratis.XceiverServerRatis (XceiverServerRatis.java:start(428)) - XceiverServerRatis 871470d2-fc9d-433e-986f-aa95403a039c is started using port 45526
2019-07-13 12:43:03,755 INFO  server.XceiverServerGrpc (XceiverServerGrpc.java:start(161)) - XceiverServerGrpc 871470d2-fc9d-433e-986f-aa95403a039c is started using port 40158
2019-07-13 12:43:03,877 INFO  ozone.MiniOzoneClusterImpl (MiniOzoneClusterImpl.java:lambda$waitForClusterToBeReady$0(142)) - Waiting for cluster to be ready. Got 0 of 7 DN Heartbeats.
2019-07-13 12:43:03,949 INFO  ozoneimpl.OzoneContainer (OzoneContainer.java:start(186)) - Attempting to start container services.
2019-07-13 12:43:03,951 INFO  ozoneimpl.OzoneContainer (OzoneContainer.java:startContainerScrub(160)) - Background container scrubber has been disabled by hdds.containerscrub.enabled
2019-07-13 12:43:03,951 INFO  ratis.XceiverServerRatis (XceiverServerRatis.java:start(418)) - Starting XceiverServerRatis cfaca831-532a-4f07-b790-e86f75eb7f58 at port 0
2019-07-13 12:43:03,962 INFO  impl.RaftServerProxy (RaftServerProxy.java:lambda$start$3(299)) - cfaca831-532a-4f07-b790-e86f75eb7f58: start RPC server
2019-07-13 12:43:03,965 INFO  server.GrpcService (GrpcService.java:startImpl(149)) - cfaca831-532a-4f07-b790-e86f75eb7f58: GrpcService started, listening on 0.0.0.0/0.0.0.0:46104
2019-07-13 12:43:03,965 INFO  ratis.XceiverServerRatis (XceiverServerRatis.java:start(428)) - XceiverServerRatis cfaca831-532a-4f07-b790-e86f75eb7f58 is started using port 46104
2019-07-13 12:43:03,968 INFO  server.XceiverServerGrpc (XceiverServerGrpc.java:start(161)) - XceiverServerGrpc cfaca831-532a-4f07-b790-e86f75eb7f58 is started using port 38840
2019-07-13 12:43:04,155 INFO  ozoneimpl.OzoneContainer (OzoneContainer.java:start(186)) - Attempting to start container services.
2019-07-13 12:43:04,158 INFO  ozoneimpl.OzoneContainer (OzoneContainer.java:startContainerScrub(160)) - Background container scrubber has been disabled by hdds.containerscrub.enabled
2019-07-13 12:43:04,159 INFO  ratis.XceiverServerRatis (XceiverServerRatis.java:start(418)) - Starting XceiverServerRatis 59d38224-75ed-4277-a1c8-7ba686e713e6 at port 0
2019-07-13 12:43:04,170 INFO  impl.RaftServerProxy (RaftServerProxy.java:lambda$start$3(299)) - 59d38224-75ed-4277-a1c8-7ba686e713e6: start RPC server
2019-07-13 12:43:04,174 INFO  server.GrpcService (GrpcService.java:startImpl(149)) - 59d38224-75ed-4277-a1c8-7ba686e713e6: GrpcService started, listening on 0.0.0.0/0.0.0.0:34427
2019-07-13 12:43:04,174 INFO  ratis.XceiverServerRatis (XceiverServerRatis.java:start(428)) - XceiverServerRatis 59d38224-75ed-4277-a1c8-7ba686e713e6 is started using port 34427
2019-07-13 12:43:04,178 INFO  server.XceiverServerGrpc (XceiverServerGrpc.java:start(161)) - XceiverServerGrpc 59d38224-75ed-4277-a1c8-7ba686e713e6 is started using port 39142
2019-07-13 12:43:04,394 INFO  ozoneimpl.OzoneContainer (OzoneContainer.java:start(186)) - Attempting to start container services.
2019-07-13 12:43:04,397 INFO  ozoneimpl.OzoneContainer (OzoneContainer.java:startContainerScrub(160)) - Background container scrubber has been disabled by hdds.containerscrub.enabled
2019-07-13 12:43:04,397 INFO  ratis.XceiverServerRatis (XceiverServerRatis.java:start(418)) - Starting XceiverServerRatis 36e5b639-ec74-40c3-816f-31ffc6ce5e4b at port 0
2019-07-13 12:43:04,407 INFO  impl.RaftServerProxy (RaftServerProxy.java:lambda$start$3(299)) - 36e5b639-ec74-40c3-816f-31ffc6ce5e4b: start RPC server
2019-07-13 12:43:04,411 INFO  server.GrpcService (GrpcService.java:startImpl(149)) - 36e5b639-ec74-40c3-816f-31ffc6ce5e4b: GrpcService started, listening on 0.0.0.0/0.0.0.0:34153
2019-07-13 12:43:04,411 INFO  ratis.XceiverServerRatis (XceiverServerRatis.java:start(428)) - XceiverServerRatis 36e5b639-ec74-40c3-816f-31ffc6ce5e4b is started using port 34153
2019-07-13 12:43:04,415 INFO  server.XceiverServerGrpc (XceiverServerGrpc.java:start(161)) - XceiverServerGrpc 36e5b639-ec74-40c3-816f-31ffc6ce5e4b is started using port 41997
2019-07-13 12:43:04,578 INFO  ozoneimpl.OzoneContainer (OzoneContainer.java:start(186)) - Attempting to start container services.
2019-07-13 12:43:04,581 INFO  ozoneimpl.OzoneContainer (OzoneContainer.java:startContainerScrub(160)) - Background container scrubber has been disabled by hdds.containerscrub.enabled
2019-07-13 12:43:04,581 INFO  ratis.XceiverServerRatis (XceiverServerRatis.java:start(418)) - Starting XceiverServerRatis b06b62c4-2995-4fa7-ae8b-9ab386ccd04d at port 0
2019-07-13 12:43:04,591 INFO  impl.RaftServerProxy (RaftServerProxy.java:lambda$start$3(299)) - b06b62c4-2995-4fa7-ae8b-9ab386ccd04d: start RPC server
2019-07-13 12:43:04,594 INFO  server.GrpcService (GrpcService.java:startImpl(149)) - b06b62c4-2995-4fa7-ae8b-9ab386ccd04d: GrpcService started, listening on 0.0.0.0/0.0.0.0:33693
2019-07-13 12:43:04,595 INFO  ratis.XceiverServerRatis (XceiverServerRatis.java:start(428)) - XceiverServerRatis b06b62c4-2995-4fa7-ae8b-9ab386ccd04d is started using port 33693
2019-07-13 12:43:04,599 INFO  server.XceiverServerGrpc (XceiverServerGrpc.java:start(161)) - XceiverServerGrpc b06b62c4-2995-4fa7-ae8b-9ab386ccd04d is started using port 43849
2019-07-13 12:43:04,878 INFO  ozone.MiniOzoneClusterImpl (MiniOzoneClusterImpl.java:lambda$waitForClusterToBeReady$0(142)) - Waiting for cluster to be ready. Got 0 of 7 DN Heartbeats.
2019-07-13 12:43:04,887 INFO  ozoneimpl.OzoneContainer (OzoneContainer.java:start(186)) - Attempting to start container services.
2019-07-13 12:43:04,890 INFO  ozoneimpl.OzoneContainer (OzoneContainer.java:startContainerScrub(160)) - Background container scrubber has been disabled by hdds.containerscrub.enabled
2019-07-13 12:43:04,890 INFO  ratis.XceiverServerRatis (XceiverServerRatis.java:start(418)) - Starting XceiverServerRatis fc0b3d34-7310-4c1f-9b5d-90995b33cf69 at port 0
2019-07-13 12:43:04,900 INFO  impl.RaftServerProxy (RaftServerProxy.java:lambda$start$3(299)) - fc0b3d34-7310-4c1f-9b5d-90995b33cf69: start RPC server
2019-07-13 12:43:04,904 INFO  server.GrpcService (GrpcService.java:startImpl(149)) - fc0b3d34-7310-4c1f-9b5d-90995b33cf69: GrpcService started, listening on 0.0.0.0/0.0.0.0:37466
2019-07-13 12:43:04,904 INFO  ratis.XceiverServerRatis (XceiverServerRatis.java:start(428)) - XceiverServerRatis fc0b3d34-7310-4c1f-9b5d-90995b33cf69 is started using port 37466
2019-07-13 12:43:04,908 INFO  server.XceiverServerGrpc (XceiverServerGrpc.java:start(161)) - XceiverServerGrpc fc0b3d34-7310-4c1f-9b5d-90995b33cf69 is started using port 38622
2019-07-13 12:43:05,513 INFO  net.NetworkTopology (NetworkTopologyImpl.java:add(110)) - Added a new node: /default-rack/192.168.5.181
2019-07-13 12:43:05,516 INFO  node.SCMNodeManager (SCMNodeManager.java:register(269)) - Registered Data node : 18d86928-7cde-4fb7-976f-c69acd28448f{ip: 192.168.5.181, host: trunk-nightly-q2gwj-1111726333, networkLocation: /default-rack, certSerialId: null}
2019-07-13 12:43:05,520 INFO  safemode.SCMSafeModeManager (DataNodeSafeModeRule.java:process(71)) - SCM in safe mode. 1 DataNodes registered, 1 required.
2019-07-13 12:43:05,521 INFO  safemode.SCMSafeModeManager (SCMSafeModeManager.java:validateSafeModeExitRules(177)) - ScmSafeModeManager, all rules are successfully validated
2019-07-13 12:43:05,521 INFO  safemode.SCMSafeModeManager (SCMSafeModeManager.java:exitSafeMode(193)) - SCM exiting safe mode.
2019-07-13 12:43:05,731 INFO  node.SCMNodeManager (SCMNodeManager.java:register(269)) - Registered Data node : 871470d2-fc9d-433e-986f-aa95403a039c{ip: 192.168.5.181, host: trunk-nightly-q2gwj-1111726333, networkLocation: /default-rack, certSerialId: null}
2019-07-13 12:43:05,882 INFO  ozone.MiniOzoneClusterImpl (MiniOzoneClusterImpl.java:lambda$waitForClusterToBeReady$0(142)) - Waiting for cluster to be ready. Got 2 of 7 DN Heartbeats.
2019-07-13 12:43:05,937 INFO  node.SCMNodeManager (SCMNodeManager.java:register(269)) - Registered Data node : cfaca831-532a-4f07-b790-e86f75eb7f58{ip: 192.168.5.181, host: trunk-nightly-q2gwj-1111726333, networkLocation: /default-rack, certSerialId: null}
2019-07-13 12:43:06,463 INFO  node.SCMNodeManager (SCMNodeManager.java:register(269)) - Registered Data node : 36e5b639-ec74-40c3-816f-31ffc6ce5e4b{ip: 192.168.5.181, host: trunk-nightly-q2gwj-1111726333, networkLocation: /default-rack, certSerialId: null}
2019-07-13 12:43:06,466 INFO  node.SCMNodeManager (SCMNodeManager.java:register(269)) - Registered Data node : 59d38224-75ed-4277-a1c8-7ba686e713e6{ip: 192.168.5.181, host: trunk-nightly-q2gwj-1111726333, networkLocation: /default-rack, certSerialId: null}
2019-07-13 12:43:06,487 INFO  impl.RaftServerProxy (RaftServerProxy.java:addNew(89)) - 18d86928-7cde-4fb7-976f-c69acd28448f: addNew group-EA261660F69F:[18d86928-7cde-4fb7-976f-c69acd28448f:192.168.5.181:42839] returns group-EA261660F69F:java.util.concurrent.CompletableFuture@1c3f823c[Not completed]
2019-07-13 12:43:06,512 INFO  impl.RaftServerImpl (RaftServerImpl.java:<init>(93)) - 18d86928-7cde-4fb7-976f-c69acd28448f: new RaftServerImpl for group-EA261660F69F:[18d86928-7cde-4fb7-976f-c69acd28448f:192.168.5.181:42839] with ContainerStateMachine:uninitialized
2019-07-13 12:43:06,516 INFO  server.RaftServerConfigKeys (ConfUtils.java:logGet(43)) - raft.server.rpc.timeout.min = 5s (custom)
2019-07-13 12:43:06,518 INFO  server.RaftServerConfigKeys (ConfUtils.java:logGet(43)) - raft.server.rpc.timeout.max = 5200ms (custom)
2019-07-13 12:43:06,518 INFO  server.RaftServerConfigKeys (ConfUtils.java:logGet(43)) - raft.server.rpcslowness.timeout = 120s (custom)
2019-07-13 12:43:06,518 INFO  server.RaftServerConfigKeys (ConfUtils.java:logGet(43)) - raft.server.sleep.deviation.threshold = 300 (default)
2019-07-13 12:43:06,519 INFO  server.RaftServerConfigKeys (ConfUtils.java:logGet(43)) - raft.server.log.appender.install.snapshot.enabled = false (custom)
2019-07-13 12:43:06,528 INFO  impl.RaftServerImpl (ServerState.java:<init>(105)) - 18d86928-7cde-4fb7-976f-c69acd28448f:group-EA261660F69F ConfigurationManager, init=-1: [18d86928-7cde-4fb7-976f-c69acd28448f:192.168.5.181:42839], old=null, confs=<EMPTY_MAP>
2019-07-13 12:43:06,529 INFO  server.RaftServerConfigKeys (ConfUtils.java:logGet(43)) - raft.server.storage.dir = [/tmp/workdir/hadoop-ozone/integration-test/target/test-dir/MiniOzoneClusterImpl-4b8da730-b866-4b25-9667-dd67e3f31850/datanode-0/data/ratis] (custom)
2019-07-13 12:43:06,537 INFO  storage.RaftStorageDirectory (RaftStorageDirectory.java:analyzeStorage(246)) - The storage directory /tmp/workdir/hadoop-ozone/integration-test/target/test-dir/MiniOzoneClusterImpl-4b8da730-b866-4b25-9667-dd67e3f31850/datanode-0/data/ratis/f42d7790-1c02-4b57-a473-ea261660f69f does not exist. Creating ...
2019-07-13 12:43:06,567 INFO  storage.RaftStorageDirectory (RaftStorageDirectory.java:tryLock(328)) - Lock on /tmp/workdir/hadoop-ozone/integration-test/target/test-dir/MiniOzoneClusterImpl-4b8da730-b866-4b25-9667-dd67e3f31850/datanode-0/data/ratis/f42d7790-1c02-4b57-a473-ea261660f69f/in_use.lock acquired by nodename 19236@trunk-nightly-q2gwj-1111726333
2019-07-13 12:43:06,573 INFO  node.SCMNodeManager (SCMNodeManager.java:register(269)) - Registered Data node : b06b62c4-2995-4fa7-ae8b-9ab386ccd04d{ip: 192.168.5.181, host: trunk-nightly-q2gwj-1111726333, networkLocation: /default-rack, certSerialId: null}
2019-07-13 12:43:06,582 INFO  storage.RaftStorage (RaftStorage.java:format(72)) - Storage directory /tmp/workdir/hadoop-ozone/integration-test/target/test-dir/MiniOzoneClusterImpl-4b8da730-b866-4b25-9667-dd67e3f31850/datanode-0/data/ratis/f42d7790-1c02-4b57-a473-ea261660f69f has been successfully formatted.
2019-07-13 12:43:06,584 INFO  ratis.ContainerStateMachine (ContainerStateMachine.java:loadSnapshot(200)) - The snapshot info is null.Setting the last applied index to:(t:0, i:~)
2019-07-13 12:43:06,584 INFO  server.RaftServerConfigKeys (ConfUtils.java:logGet(43)) - raft.server.leader.election.timeout = 120s (custom)
2019-07-13 12:43:06,586 INFO  server.RaftServerConfigKeys (ConfUtils.java:logGet(43)) - raft.server.log.use.memory = false (default)
2019-07-13 12:43:06,592 INFO  server.RaftServerConfigKeys (ConfUtils.java:logGet(43)) - raft.server.log.purge.gap = 1000000000 (custom)
2019-07-13 12:43:06,592 INFO  server.RaftServerConfigKeys (ConfUtils.java:logGet(43)) - raft.server.log.appender.buffer.byte-limit = 33554432 (custom)
2019-07-13 12:43:06,594 INFO  server.RaftServerConfigKeys (ConfUtils.java:logGet(43)) - raft.server.log.segment.size.max = 1048576 (custom)
2019-07-13 12:43:06,599 INFO  server.RaftServerConfigKeys (ConfUtils.java:logGet(43)) - raft.server.log.segment.cache.num.max = 2 (custom)
2019-07-13 12:43:06,605 INFO  segmented.SegmentedRaftLogWorker (SegmentedRaftLogWorker.java:<init>(172)) - new 18d86928-7cde-4fb7-976f-c69acd28448f-SegmentedRaftLogWorker:Storage Directory /tmp/workdir/hadoop-ozone/integration-test/target/test-dir/MiniOzoneClusterImpl-4b8da730-b866-4b25-9667-dd67e3f31850/datanode-0/data/ratis/f42d7790-1c02-4b57-a473-ea261660f69f for RaftStorage:Storage Directory /tmp/workdir/hadoop-ozone/integration-test/target/test-dir/MiniOzoneClusterImpl-4b8da730-b866-4b25-9667-dd67e3f31850/datanode-0/data/ratis/f42d7790-1c02-4b57-a473-ea261660f69f
2019-07-13 12:43:06,618 INFO  server.RaftServerConfigKeys (ConfUtils.java:logGet(43)) - raft.server.log.queue.byte-limit = 2147483647 (custom)
2019-07-13 12:43:06,619 INFO  server.RaftServerConfigKeys (ConfUtils.java:logGet(43)) - raft.server.log.queue.element-limit = 1024 (custom)
2019-07-13 12:43:06,625 INFO  server.RaftServerConfigKeys (ConfUtils.java:logGet(43)) - raft.server.log.segment.size.max = 1048576 (custom)
2019-07-13 12:43:06,626 INFO  server.RaftServerConfigKeys (ConfUtils.java:logGet(43)) - raft.server.log.preallocated.size = 16384 (custom)
2019-07-13 12:43:06,626 INFO  server.RaftServerConfigKeys (ConfUtils.java:logGet(43)) - raft.server.log.write.buffer.size = 33554432 (custom)
2019-07-13 12:43:06,627 INFO  server.RaftServerConfigKeys (ConfUtils.java:logGet(43)) - raft.server.log.force.sync.num = 128 (default)
2019-07-13 12:43:06,628 INFO  server.RaftServerConfigKeys (ConfUtils.java:logGet(43)) - raft.server.log.statemachine.data.sync = true (default)
2019-07-13 12:43:06,628 INFO  server.RaftServerConfigKeys (ConfUtils.java:logGet(43)) - raft.server.log.statemachine.data.sync.timeout = 10s (default)
2019-07-13 12:43:06,629 INFO  server.RaftServerConfigKeys (ConfUtils.java:logGet(43)) - raft.server.log.statemachine.data.sync.timeout.retry = -1 (default)
2019-07-13 12:43:06,640 INFO  server.RaftServerConfigKeys (ConfUtils.java:logGet(43)) - raft.server.log.statemachine.data.caching.enabled = true (custom)
2019-07-13 12:43:06,645 INFO  segmented.SegmentedRaftLogWorker (SegmentedRaftLogWorker.java:lambda$new$0(132)) - 18d86928-7cde-4fb7-976f-c69acd28448f-SegmentedRaftLogWorker:Storage Directory /tmp/workdir/hadoop-ozone/integration-test/target/test-dir/MiniOzoneClusterImpl-4b8da730-b866-4b25-9667-dd67e3f31850/datanode-0/data/ratis/f42d7790-1c02-4b57-a473-ea261660f69f: flushIndex: setUnconditionally 0 -> -1
2019-07-13 12:43:06,650 INFO  server.RaftServerConfigKeys (ConfUtils.java:logGet(43)) - raft.server.snapshot.auto.trigger.enabled = true (custom)
2019-07-13 12:43:06,651 INFO  server.RaftServerConfigKeys (ConfUtils.java:logGet(43)) - raft.server.snapshot.auto.trigger.threshold = 10000 (custom)
2019-07-13 12:43:06,651 INFO  server.RaftServerConfigKeys (ConfUtils.java:logGet(43)) - raft.server.retrycache.expirytime = 600000ms (custom)
2019-07-13 12:43:06,674 INFO  impl.RaftServerImpl (RaftServerImpl.java:start(180)) - 18d86928-7cde-4fb7-976f-c69acd28448f: start group-EA261660F69F
2019-07-13 12:43:06,675 INFO  impl.RaftServerImpl (RaftServerImpl.java:setRole(171)) - 18d86928-7cde-4fb7-976f-c69acd28448f:group-EA261660F69F changes role from null to FOLLOWER at term 0 for startAsFollower
2019-07-13 12:43:06,676 INFO  impl.RoleInfo (RoleInfo.java:updateAndGet(143)) - 18d86928-7cde-4fb7-976f-c69acd28448f: start FollowerState
2019-07-13 12:43:06,678 INFO  util.JmxRegister (JmxRegister.java:tryRegister(44)) - Successfully registered JMX Bean with object name Ratis:service=RaftServer,group=group-EA261660F69F,id=18d86928-7cde-4fb7-976f-c69acd28448f
2019-07-13 12:43:06,744 INFO  pipeline.PipelineStateManager (PipelineStateManager.java:addPipeline(56)) - Created pipeline Pipeline[ Id: f42d7790-1c02-4b57-a473-ea261660f69f, Nodes: 18d86928-7cde-4fb7-976f-c69acd28448f{ip: 192.168.5.181, host: trunk-nightly-q2gwj-1111726333, networkLocation: /default-rack, certSerialId: null}, Type:RATIS, Factor:ONE, State:OPEN]
2019-07-13 12:43:06,774 INFO  impl.RaftServerProxy (RaftServerProxy.java:addNew(89)) - 59d38224-75ed-4277-a1c8-7ba686e713e6: addNew group-F3890F1D69CE:[59d38224-75ed-4277-a1c8-7ba686e713e6:192.168.5.181:34427] returns group-F3890F1D69CE:java.util.concurrent.CompletableFuture@2a2ac49e[Not completed]
2019-07-13 12:43:06,815 INFO  impl.RaftServerImpl (RaftServerImpl.java:<init>(93)) - 59d38224-75ed-4277-a1c8-7ba686e713e6: new RaftServerImpl for group-F3890F1D69CE:[59d38224-75ed-4277-a1c8-7ba686e713e6:192.168.5.181:34427] with ContainerStateMachine:uninitialized
2019-07-13 12:43:06,817 INFO  server.RaftServerConfigKeys (ConfUtils.java:logGet(43)) - raft.server.rpc.timeout.min = 5s (custom)
2019-07-13 12:43:06,817 INFO  server.RaftServerConfigKeys (ConfUtils.java:logGet(43)) - raft.server.rpc.timeout.max = 5200ms (custom)
2019-07-13 12:43:06,817 INFO  server.RaftServerConfigKeys (ConfUtils.java:logGet(43)) - raft.server.rpcslowness.timeout = 120s (custom)
2019-07-13 12:43:06,817 INFO  server.RaftServerConfigKeys (ConfUtils.java:logGet(43)) - raft.server.sleep.deviation.threshold = 300 (default)
2019-07-13 12:43:06,817 INFO  server.RaftServerConfigKeys (ConfUtils.java:logGet(43)) - raft.server.log.appender.install.snapshot.enabled = false (custom)
2019-07-13 12:43:06,818 INFO  impl.RaftServerImpl (ServerState.java:<init>(105)) - 59d38224-75ed-4277-a1c8-7ba686e713e6:group-F3890F1D69CE ConfigurationManager, init=-1: [59d38224-75ed-4277-a1c8-7ba686e713e6:192.168.5.181:34427], old=null, confs=<EMPTY_MAP>
2019-07-13 12:43:06,818 INFO  server.RaftServerConfigKeys (ConfUtils.java:logGet(43)) - raft.server.storage.dir = [/tmp/workdir/hadoop-ozone/integration-test/target/test-dir/MiniOzoneClusterImpl-4b8da730-b866-4b25-9667-dd67e3f31850/datanode-3/data/ratis] (custom)
2019-07-13 12:43:06,818 INFO  storage.RaftStorageDirectory (RaftStorageDirectory.java:analyzeStorage(246)) - The storage directory /tmp/workdir/hadoop-ozone/integration-test/target/test-dir/MiniOzoneClusterImpl-4b8da730-b866-4b25-9667-dd67e3f31850/datanode-3/data/ratis/cc455556-2865-48c1-9be3-f3890f1d69ce does not exist. Creating ...
2019-07-13 12:43:06,832 INFO  storage.RaftStorageDirectory (RaftStorageDirectory.java:tryLock(328)) - Lock on /tmp/workdir/hadoop-ozone/integration-test/target/test-dir/MiniOzoneClusterImpl-4b8da730-b866-4b25-9667-dd67e3f31850/datanode-3/data/ratis/cc455556-2865-48c1-9be3-f3890f1d69ce/in_use.lock acquired by nodename 19236@trunk-nightly-q2gwj-1111726333
2019-07-13 12:43:06,853 INFO  storage.RaftStorage (RaftStorage.java:format(72)) - Storage directory /tmp/workdir/hadoop-ozone/integration-test/target/test-dir/MiniOzoneClusterImpl-4b8da730-b866-4b25-9667-dd67e3f31850/datanode-3/data/ratis/cc455556-2865-48c1-9be3-f3890f1d69ce has been successfully formatted.
2019-07-13 12:43:06,854 INFO  ratis.ContainerStateMachine (ContainerStateMachine.java:loadSnapshot(200)) - The snapshot info is null.Setting the last applied index to:(t:0, i:~)
2019-07-13 12:43:06,855 INFO  server.RaftServerConfigKeys (ConfUtils.java:logGet(43)) - raft.server.leader.election.timeout = 120s (custom)
2019-07-13 12:43:06,855 INFO  server.RaftServerConfigKeys (ConfUtils.java:logGet(43)) - raft.server.log.use.memory = false (default)
2019-07-13 12:43:06,856 INFO  server.RaftServerConfigKeys (ConfUtils.java:logGet(43)) - raft.server.log.purge.gap = 1000000000 (custom)
2019-07-13 12:43:06,856 INFO  server.RaftServerConfigKeys (ConfUtils.java:logGet(43)) - raft.server.log.appender.buffer.byte-limit = 33554432 (custom)
2019-07-13 12:43:06,856 INFO  server.RaftServerConfigKeys (ConfUtils.java:logGet(43)) - raft.server.log.segment.size.max = 1048576 (custom)
2019-07-13 12:43:06,856 INFO  server.RaftServerConfigKeys (ConfUtils.java:logGet(43)) - raft.server.log.segment.cache.num.max = 2 (custom)
2019-07-13 12:43:06,856 INFO  segmented.SegmentedRaftLogWorker (SegmentedRaftLogWorker.java:<init>(172)) - new 59d38224-75ed-4277-a1c8-7ba686e713e6-SegmentedRaftLogWorker:Storage Directory /tmp/workdir/hadoop-ozone/integration-test/target/test-dir/MiniOzoneClusterImpl-4b8da730-b866-4b25-9667-dd67e3f31850/datanode-3/data/ratis/cc455556-2865-48c1-9be3-f3890f1d69ce for RaftStorage:Storage Directory /tmp/workdir/hadoop-ozone/integration-test/target/test-dir/MiniOzoneClusterImpl-4b8da730-b866-4b25-9667-dd67e3f31850/datanode-3/data/ratis/cc455556-2865-48c1-9be3-f3890f1d69ce
2019-07-13 12:43:06,858 INFO  server.RaftServerConfigKeys (ConfUtils.java:logGet(43)) - raft.server.log.queue.byte-limit = 2147483647 (custom)
2019-07-13 12:43:06,858 INFO  server.RaftServerConfigKeys (ConfUtils.java:logGet(43)) - raft.server.log.queue.element-limit = 1024 (custom)
2019-07-13 12:43:06,859 INFO  server.RaftServerConfigKeys (ConfUtils.java:logGet(43)) - raft.server.log.segment.size.max = 1048576 (custom)
2019-07-13 12:43:06,859 INFO  server.RaftServerConfigKeys (ConfUtils.java:logGet(43)) - raft.server.log.preallocated.size = 16384 (custom)
2019-07-13 12:43:06,859 INFO  server.RaftServerConfigKeys (ConfUtils.java:logGet(43)) - raft.server.log.write.buffer.size = 33554432 (custom)
2019-07-13 12:43:06,859 INFO  server.RaftServerConfigKeys (ConfUtils.java:logGet(43)) - raft.server.log.force.sync.num = 128 (default)
2019-07-13 12:43:06,859 INFO  server.RaftServerConfigKeys (ConfUtils.java:logGet(43)) - raft.server.log.statemachine.data.sync = true (default)
2019-07-13 12:43:06,860 INFO  server.RaftServerConfigKeys (ConfUtils.java:logGet(43)) - raft.server.log.statemachine.data.sync.timeout = 10s (default)
2019-07-13 12:43:06,860 INFO  server.RaftServerConfigKeys (ConfUtils.java:logGet(43)) - raft.server.log.statemachine.data.sync.timeout.retry = -1 (default)
2019-07-13 12:43:06,860 INFO  server.RaftServerConfigKeys (ConfUtils.java:logGet(43)) - raft.server.log.statemachine.data.caching.enabled = true (custom)
2019-07-13 12:43:06,861 INFO  segmented.SegmentedRaftLogWorker (SegmentedRaftLogWorker.java:lambda$new$0(132)) - 59d38224-75ed-4277-a1c8-7ba686e713e6-SegmentedRaftLogWorker:Storage Directory /tmp/workdir/hadoop-ozone/integration-test/target/test-dir/MiniOzoneClusterImpl-4b8da730-b866-4b25-9667-dd67e3f31850/datanode-3/data/ratis/cc455556-2865-48c1-9be3-f3890f1d69ce: flushIndex: setUnconditionally 0 -> -1
2019-07-13 12:43:06,861 INFO  server.RaftServerConfigKeys (ConfUtils.java:logGet(43)) - raft.server.snapshot.auto.trigger.enabled = true (custom)
2019-07-13 12:43:06,861 INFO  server.RaftServerConfigKeys (ConfUtils.java:logGet(43)) - raft.server.snapshot.auto.trigger.threshold = 10000 (custom)
2019-07-13 12:43:06,861 INFO  server.RaftServerConfigKeys (ConfUtils.java:logGet(43)) - raft.server.retrycache.expirytime = 600000ms (custom)
2019-07-13 12:43:06,862 INFO  impl.RaftServerImpl (RaftServerImpl.java:start(180)) - 59d38224-75ed-4277-a1c8-7ba686e713e6: start group-F3890F1D69CE
2019-07-13 12:43:06,862 INFO  impl.RaftServerImpl (RaftServerImpl.java:setRole(171)) - 59d38224-75ed-4277-a1c8-7ba686e713e6:group-F3890F1D69CE changes role from null to FOLLOWER at term 0 for startAsFollower
2019-07-13 12:43:06,862 INFO  impl.RoleInfo (RoleInfo.java:updateAndGet(143)) - 59d38224-75ed-4277-a1c8-7ba686e713e6: start FollowerState
2019-07-13 12:43:06,864 INFO  util.JmxRegister (JmxRegister.java:tryRegister(44)) - Successfully registered JMX Bean with object name Ratis:service=RaftServer,group=group-F3890F1D69CE,id=59d38224-75ed-4277-a1c8-7ba686e713e6
2019-07-13 12:43:06,876 INFO  pipeline.PipelineStateManager (PipelineStateManager.java:addPipeline(56)) - Created pipeline Pipeline[ Id: cc455556-2865-48c1-9be3-f3890f1d69ce, Nodes: 59d38224-75ed-4277-a1c8-7ba686e713e6{ip: 192.168.5.181, host: trunk-nightly-q2gwj-1111726333, networkLocation: /default-rack, certSerialId: null}, Type:RATIS, Factor:ONE, State:OPEN]
2019-07-13 12:43:06,881 INFO  node.SCMNodeManager (SCMNodeManager.java:register(269)) - Registered Data node : fc0b3d34-7310-4c1f-9b5d-90995b33cf69{ip: 192.168.5.181, host: trunk-nightly-q2gwj-1111726333, networkLocation: /default-rack, certSerialId: null}
2019-07-13 12:43:06,883 INFO  ozone.MiniOzoneClusterImpl (MiniOzoneClusterImpl.java:lambda$waitForClusterToBeReady$0(142)) - Cluster is ready. Got 7 of 7 DN Heartbeats.
2019-07-13 12:43:06,906 INFO  impl.RaftServerProxy (RaftServerProxy.java:addNew(89)) - b06b62c4-2995-4fa7-ae8b-9ab386ccd04d: addNew group-C92501F94571:[b06b62c4-2995-4fa7-ae8b-9ab386ccd04d:192.168.5.181:33693] returns group-C92501F94571:java.util.concurrent.CompletableFuture@676aced4[Not completed]
2019-07-13 12:43:06,915 INFO  impl.RaftServerImpl (RaftServerImpl.java:<init>(93)) - b06b62c4-2995-4fa7-ae8b-9ab386ccd04d: new RaftServerImpl for group-C92501F94571:[b06b62c4-2995-4fa7-ae8b-9ab386ccd04d:192.168.5.181:33693] with ContainerStateMachine:uninitialized
2019-07-13 12:43:06,917 INFO  server.RaftServerConfigKeys (ConfUtils.java:logGet(43)) - raft.server.rpc.timeout.min = 5s (custom)
2019-07-13 12:43:06,917 INFO  server.RaftServerConfigKeys (ConfUtils.java:logGet(43)) - raft.server.rpc.timeout.max = 5200ms (custom)
2019-07-13 12:43:06,917 INFO  server.RaftServerConfigKeys (ConfUtils.java:logGet(43)) - raft.server.rpcslowness.timeout = 120s (custom)
2019-07-13 12:43:06,917 INFO  server.RaftServerConfigKeys (ConfUtils.java:logGet(43)) - raft.server.sleep.deviation.threshold = 300 (default)
2019-07-13 12:43:06,917 INFO  server.RaftServerConfigKeys (ConfUtils.java:logGet(43)) - raft.server.log.appender.install.snapshot.enabled = false (custom)
2019-07-13 12:43:06,917 INFO  impl.RaftServerImpl (ServerState.java:<init>(105)) - b06b62c4-2995-4fa7-ae8b-9ab386ccd04d:group-C92501F94571 ConfigurationManager, init=-1: [b06b62c4-2995-4fa7-ae8b-9ab386ccd04d:192.168.5.181:33693], old=null, confs=<EMPTY_MAP>
2019-07-13 12:43:06,918 INFO  server.RaftServerConfigKeys (ConfUtils.java:logGet(43)) - raft.server.storage.dir = [/tmp/workdir/hadoop-ozone/integration-test/target/test-dir/MiniOzoneClusterImpl-4b8da730-b866-4b25-9667-dd67e3f31850/datanode-5/data/ratis] (custom)
2019-07-13 12:43:06,918 INFO  storage.RaftStorageDirectory (RaftStorageDirectory.java:analyzeStorage(246)) - The storage directory /tmp/workdir/hadoop-ozone/integration-test/target/test-dir/MiniOzoneClusterImpl-4b8da730-b866-4b25-9667-dd67e3f31850/datanode-5/data/ratis/e5b5154b-4815-4b55-8a5e-c92501f94571 does not exist. Creating ...
2019-07-13 12:43:06,922 INFO  storage.RaftStorageDirectory (RaftStorageDirectory.java:tryLock(328)) - Lock on /tmp/workdir/hadoop-ozone/integration-test/target/test-dir/MiniOzoneClusterImpl-4b8da730-b866-4b25-9667-dd67e3f31850/datanode-5/data/ratis/e5b5154b-4815-4b55-8a5e-c92501f94571/in_use.lock acquired by nodename 19236@trunk-nightly-q2gwj-1111726333
2019-07-13 12:43:06,926 INFO  storage.RaftStorage (RaftStorage.java:format(72)) - Storage directory /tmp/workdir/hadoop-ozone/integration-test/target/test-dir/MiniOzoneClusterImpl-4b8da730-b866-4b25-9667-dd67e3f31850/datanode-5/data/ratis/e5b5154b-4815-4b55-8a5e-c92501f94571 has been successfully formatted.
2019-07-13 12:43:06,926 INFO  ratis.ContainerStateMachine (ContainerStateMachine.java:loadSnapshot(200)) - The snapshot info is null.Setting the last applied index to:(t:0, i:~)
2019-07-13 12:43:06,927 INFO  server.RaftServerConfigKeys (ConfUtils.java:logGet(43)) - raft.server.leader.election.timeout = 120s (custom)
2019-07-13 12:43:06,927 INFO  server.RaftServerConfigKeys (ConfUtils.java:logGet(43)) - raft.server.log.use.memory = false (default)
2019-07-13 12:43:06,927 INFO  server.RaftServerConfigKeys (ConfUtils.java:logGet(43)) - raft.server.log.purge.gap = 1000000000 (custom)
2019-07-13 12:43:06,927 INFO  server.RaftServerConfigKeys (ConfUtils.java:logGet(43)) - raft.server.log.appender.buffer.byte-limit = 33554432 (custom)
2019-07-13 12:43:06,927 INFO  server.RaftServerConfigKeys (ConfUtils.java:logGet(43)) - raft.server.log.segment.size.max = 1048576 (custom)
2019-07-13 12:43:06,928 INFO  server.RaftServerConfigKeys (ConfUtils.java:logGet(43)) - raft.server.log.segment.cache.num.max = 2 (custom)
2019-07-13 12:43:06,928 INFO  segmented.SegmentedRaftLogWorker (SegmentedRaftLogWorker.java:<init>(172)) - new b06b62c4-2995-4fa7-ae8b-9ab386ccd04d-SegmentedRaftLogWorker:Storage Directory /tmp/workdir/hadoop-ozone/integration-test/target/test-dir/MiniOzoneClusterImpl-4b8da730-b866-4b25-9667-dd67e3f31850/datanode-5/data/ratis/e5b5154b-4815-4b55-8a5e-c92501f94571 for RaftStorage:Storage Directory /tmp/workdir/hadoop-ozone/integration-test/target/test-dir/MiniOzoneClusterImpl-4b8da730-b866-4b25-9667-dd67e3f31850/datanode-5/data/ratis/e5b5154b-4815-4b55-8a5e-c92501f94571
2019-07-13 12:43:06,928 INFO  server.RaftServerConfigKeys (ConfUtils.java:logGet(43)) - raft.server.log.queue.byte-limit = 2147483647 (custom)
2019-07-13 12:43:06,928 INFO  server.RaftServerConfigKeys (ConfUtils.java:logGet(43)) - raft.server.log.queue.element-limit = 1024 (custom)
2019-07-13 12:43:06,928 INFO  server.RaftServerConfigKeys (ConfUtils.java:logGet(43)) - raft.server.log.segment.size.max = 1048576 (custom)
2019-07-13 12:43:06,929 INFO  server.RaftServerConfigKeys (ConfUtils.java:logGet(43)) - raft.server.log.preallocated.size = 16384 (custom)
2019-07-13 12:43:06,929 INFO  server.RaftServerConfigKeys (ConfUtils.java:logGet(43)) - raft.server.log.write.buffer.size = 33554432 (custom)
2019-07-13 12:43:06,929 INFO  server.RaftServerConfigKeys (ConfUtils.java:logGet(43)) - raft.server.log.force.sync.num = 128 (default)
2019-07-13 12:43:06,929 INFO  server.RaftServerConfigKeys (ConfUtils.java:logGet(43)) - raft.server.log.statemachine.data.sync = true (default)
2019-07-13 12:43:06,929 INFO  server.RaftServerConfigKeys (ConfUtils.java:logGet(43)) - raft.server.log.statemachine.data.sync.timeout = 10s (default)
2019-07-13 12:43:06,930 INFO  server.RaftServerConfigKeys (ConfUtils.java:logGet(43)) - raft.server.log.statemachine.data.sync.timeout.retry = -1 (default)
2019-07-13 12:43:06,930 INFO  server.RaftServerConfigKeys (ConfUtils.java:logGet(43)) - raft.server.log.statemachine.data.caching.enabled = true (custom)
2019-07-13 12:43:06,930 INFO  segmented.SegmentedRaftLogWorker (SegmentedRaftLogWorker.java:lambda$new$0(132)) - b06b62c4-2995-4fa7-ae8b-9ab386ccd04d-SegmentedRaftLogWorker:Storage Directory /tmp/workdir/hadoop-ozone/integration-test/target/test-dir/MiniOzoneClusterImpl-4b8da730-b866-4b25-9667-dd67e3f31850/datanode-5/data/ratis/e5b5154b-4815-4b55-8a5e-c92501f94571: flushIndex: setUnconditionally 0 -> -1
2019-07-13 12:43:06,931 INFO  server.RaftServerConfigKeys (ConfUtils.java:logGet(43)) - raft.server.snapshot.auto.trigger.enabled = true (custom)
2019-07-13 12:43:06,931 INFO  server.RaftServerConfigKeys (ConfUtils.java:logGet(43)) - raft.server.snapshot.auto.trigger.threshold = 10000 (custom)
2019-07-13 12:43:06,931 INFO  server.RaftServerConfigKeys (ConfUtils.java:logGet(43)) - raft.server.retrycache.expirytime = 600000ms (custom)
2019-07-13 12:43:06,931 INFO  impl.RaftServerImpl (RaftServerImpl.java:start(180)) - b06b62c4-2995-4fa7-ae8b-9ab386ccd04d: start group-C92501F94571
2019-07-13 12:43:06,931 INFO  impl.RaftServerImpl (RaftServerImpl.java:setRole(171)) - b06b62c4-2995-4fa7-ae8b-9ab386ccd04d:group-C92501F94571 changes role from null to FOLLOWER at term 0 for startAsFollower
2019-07-13 12:43:06,932 INFO  impl.RoleInfo (RoleInfo.java:updateAndGet(143)) - b06b62c4-2995-4fa7-ae8b-9ab386ccd04d: start FollowerState
2019-07-13 12:43:06,932 INFO  util.JmxRegister (JmxRegister.java:tryRegister(44)) - Successfully registered JMX Bean with object name Ratis:service=RaftServer,group=group-C92501F94571,id=b06b62c4-2995-4fa7-ae8b-9ab386ccd04d
2019-07-13 12:43:06,943 INFO  pipeline.PipelineStateManager (PipelineStateManager.java:addPipeline(56)) - Created pipeline Pipeline[ Id: e5b5154b-4815-4b55-8a5e-c92501f94571, Nodes: b06b62c4-2995-4fa7-ae8b-9ab386ccd04d{ip: 192.168.5.181, host: trunk-nightly-q2gwj-1111726333, networkLocation: /default-rack, certSerialId: null}, Type:RATIS, Factor:ONE, State:OPEN]
2019-07-13 12:43:06,982 INFO  impl.RaftServerProxy (RaftServerProxy.java:addNew(89)) - 871470d2-fc9d-433e-986f-aa95403a039c: addNew group-4166103317EA:[871470d2-fc9d-433e-986f-aa95403a039c:192.168.5.181:45526] returns group-4166103317EA:java.util.concurrent.CompletableFuture@33249167[Not completed]
2019-07-13 12:43:06,984 INFO  impl.RaftServerImpl (RaftServerImpl.java:<init>(93)) - 871470d2-fc9d-433e-986f-aa95403a039c: new RaftServerImpl for group-4166103317EA:[871470d2-fc9d-433e-986f-aa95403a039c:192.168.5.181:45526] with ContainerStateMachine:uninitialized
2019-07-13 12:43:06,986 INFO  server.RaftServerConfigKeys (ConfUtils.java:logGet(43)) - raft.server.rpc.timeout.min = 5s (custom)
2019-07-13 12:43:06,986 INFO  server.RaftServerConfigKeys (ConfUtils.java:logGet(43)) - raft.server.rpc.timeout.max = 5200ms (custom)
2019-07-13 12:43:06,986 INFO  server.RaftServerConfigKeys (ConfUtils.java:logGet(43)) - raft.server.rpcslowness.timeout = 120s (custom)
2019-07-13 12:43:06,986 INFO  server.RaftServerConfigKeys (ConfUtils.java:logGet(43)) - raft.server.sleep.deviation.threshold = 300 (default)
2019-07-13 12:43:06,986 INFO  server.RaftServerConfigKeys (ConfUtils.java:logGet(43)) - raft.server.log.appender.install.snapshot.enabled = false (custom)
2019-07-13 12:43:06,987 INFO  impl.RaftServerImpl (ServerState.java:<init>(105)) - 871470d2-fc9d-433e-986f-aa95403a039c:group-4166103317EA ConfigurationManager, init=-1: [871470d2-fc9d-433e-986f-aa95403a039c:192.168.5.181:45526], old=null, confs=<EMPTY_MAP>
2019-07-13 12:43:06,987 INFO  server.RaftServerConfigKeys (ConfUtils.java:logGet(43)) - raft.server.storage.dir = [/tmp/workdir/hadoop-ozone/integration-test/target/test-dir/MiniOzoneClusterImpl-4b8da730-b866-4b25-9667-dd67e3f31850/datanode-1/data/ratis] (custom)
2019-07-13 12:43:06,987 INFO  storage.RaftStorageDirectory (RaftStorageDirectory.java:analyzeStorage(246)) - The storage directory /tmp/workdir/hadoop-ozone/integration-test/target/test-dir/MiniOzoneClusterImpl-4b8da730-b866-4b25-9667-dd67e3f31850/datanode-1/data/ratis/d192b1d6-9045-4675-a1e3-4166103317ea does not exist. Creating ...
2019-07-13 12:43:07,000 INFO  storage.RaftStorageDirectory (RaftStorageDirectory.java:tryLock(328)) - Lock on /tmp/workdir/hadoop-ozone/integration-test/target/test-dir/MiniOzoneClusterImpl-4b8da730-b866-4b25-9667-dd67e3f31850/datanode-1/data/ratis/d192b1d6-9045-4675-a1e3-4166103317ea/in_use.lock acquired by nodename 19236@trunk-nightly-q2gwj-1111726333
2019-07-13 12:43:07,004 INFO  storage.RaftStorage (RaftStorage.java:format(72)) - Storage directory /tmp/workdir/hadoop-ozone/integration-test/target/test-dir/MiniOzoneClusterImpl-4b8da730-b866-4b25-9667-dd67e3f31850/datanode-1/data/ratis/d192b1d6-9045-4675-a1e3-4166103317ea has been successfully formatted.
2019-07-13 12:43:07,004 INFO  ratis.ContainerStateMachine (ContainerStateMachine.java:loadSnapshot(200)) - The snapshot info is null.Setting the last applied index to:(t:0, i:~)
2019-07-13 12:43:07,004 INFO  server.RaftServerConfigKeys (ConfUtils.java:logGet(43)) - raft.server.leader.election.timeout = 120s (custom)
2019-07-13 12:43:07,004 INFO  server.RaftServerConfigKeys (ConfUtils.java:logGet(43)) - raft.server.log.use.memory = false (default)
2019-07-13 12:43:07,004 INFO  server.RaftServerConfigKeys (ConfUtils.java:logGet(43)) - raft.server.log.purge.gap = 1000000000 (custom)
2019-07-13 12:43:07,005 INFO  server.RaftServerConfigKeys (ConfUtils.java:logGet(43)) - raft.server.log.appender.buffer.byte-limit = 33554432 (custom)
2019-07-13 12:43:07,005 INFO  server.RaftServerConfigKeys (ConfUtils.java:logGet(43)) - raft.server.log.segment.size.max = 1048576 (custom)
2019-07-13 12:43:07,005 INFO  server.RaftServerConfigKeys (ConfUtils.java:logGet(43)) - raft.server.log.segment.cache.num.max = 2 (custom)
2019-07-13 12:43:07,005 INFO  segmented.SegmentedRaftLogWorker (SegmentedRaftLogWorker.java:<init>(172)) - new 871470d2-fc9d-433e-986f-aa95403a039c-SegmentedRaftLogWorker:Storage Directory /tmp/workdir/hadoop-ozone/integration-test/target/test-dir/MiniOzoneClusterImpl-4b8da730-b866-4b25-9667-dd67e3f31850/datanode-1/data/ratis/d192b1d6-9045-4675-a1e3-4166103317ea for RaftStorage:Storage Directory /tmp/workdir/hadoop-ozone/integration-test/target/test-dir/MiniOzoneClusterImpl-4b8da730-b866-4b25-9667-dd67e3f31850/datanode-1/data/ratis/d192b1d6-9045-4675-a1e3-4166103317ea
2019-07-13 12:43:07,005 INFO  server.RaftServerConfigKeys (ConfUtils.java:logGet(43)) - raft.server.log.queue.byte-limit = 2147483647 (custom)
2019-07-13 12:43:07,006 INFO  server.RaftServerConfigKeys (ConfUtils.java:logGet(43)) - raft.server.log.queue.element-limit = 1024 (custom)
2019-07-13 12:43:07,006 INFO  server.RaftServerConfigKeys (ConfUtils.java:logGet(43)) - raft.server.log.segment.size.max = 1048576 (custom)
2019-07-13 12:43:07,006 INFO  server.RaftServerConfigKeys (ConfUtils.java:logGet(43)) - raft.server.log.preallocated.size = 16384 (custom)
2019-07-13 12:43:07,006 INFO  server.RaftServerConfigKeys (ConfUtils.java:logGet(43)) - raft.server.log.write.buffer.size = 33554432 (custom)
2019-07-13 12:43:07,006 INFO  server.RaftServerConfigKeys (ConfUtils.java:logGet(43)) - raft.server.log.force.sync.num = 128 (default)
2019-07-13 12:43:07,007 INFO  server.RaftServerConfigKeys (ConfUtils.java:logGet(43)) - raft.server.log.statemachine.data.sync = true (default)
2019-07-13 12:43:07,007 INFO  server.RaftServerConfigKeys (ConfUtils.java:logGet(43)) - raft.server.log.statemachine.data.sync.timeout = 10s (default)
2019-07-13 12:43:07,007 INFO  server.RaftServerConfigKeys (ConfUtils.java:logGet(43)) - raft.server.log.statemachine.data.sync.timeout.retry = -1 (default)
2019-07-13 12:43:07,007 INFO  server.RaftServerConfigKeys (ConfUtils.java:logGet(43)) - raft.server.log.statemachine.data.caching.enabled = true (custom)
2019-07-13 12:43:07,008 INFO  segmented.SegmentedRaftLogWorker (SegmentedRaftLogWorker.java:lambda$new$0(132)) - 871470d2-fc9d-433e-986f-aa95403a039c-SegmentedRaftLogWorker:Storage Directory /tmp/workdir/hadoop-ozone/integration-test/target/test-dir/MiniOzoneClusterImpl-4b8da730-b866-4b25-9667-dd67e3f31850/datanode-1/data/ratis/d192b1d6-9045-4675-a1e3-4166103317ea: flushIndex: setUnconditionally 0 -> -1
2019-07-13 12:43:07,008 INFO  server.RaftServerConfigKeys (ConfUtils.java:logGet(43)) - raft.server.snapshot.auto.trigger.enabled = true (custom)
2019-07-13 12:43:07,008 INFO  server.RaftServerConfigKeys (ConfUtils.java:logGet(43)) - raft.server.snapshot.auto.trigger.threshold = 10000 (custom)
2019-07-13 12:43:07,009 INFO  server.RaftServerConfigKeys (ConfUtils.java:logGet(43)) - raft.server.retrycache.expirytime = 600000ms (custom)
2019-07-13 12:43:07,009 INFO  impl.RaftServerImpl (RaftServerImpl.java:start(180)) - 871470d2-fc9d-433e-986f-aa95403a039c: start group-4166103317EA
2019-07-13 12:43:07,009 INFO  impl.RaftServerImpl (RaftServerImpl.java:setRole(171)) - 871470d2-fc9d-433e-986f-aa95403a039c:group-4166103317EA changes role from null to FOLLOWER at term 0 for startAsFollower
2019-07-13 12:43:07,009 INFO  impl.RoleInfo (RoleInfo.java:updateAndGet(143)) - 871470d2-fc9d-433e-986f-aa95403a039c: start FollowerState
2019-07-13 12:43:07,010 INFO  util.JmxRegister (JmxRegister.java:tryRegister(44)) - Successfully registered JMX Bean with object name Ratis:service=RaftServer,group=group-4166103317EA,id=871470d2-fc9d-433e-986f-aa95403a039c
2019-07-13 12:43:07,027 INFO  pipeline.PipelineStateManager (PipelineStateManager.java:addPipeline(56)) - Created pipeline Pipeline[ Id: d192b1d6-9045-4675-a1e3-4166103317ea, Nodes: 871470d2-fc9d-433e-986f-aa95403a039c{ip: 192.168.5.181, host: trunk-nightly-q2gwj-1111726333, networkLocation: /default-rack, certSerialId: null}, Type:RATIS, Factor:ONE, State:OPEN]
2019-07-13 12:43:07,051 INFO  impl.RaftServerProxy (RaftServerProxy.java:addNew(89)) - cfaca831-532a-4f07-b790-e86f75eb7f58: addNew group-F46B42568E8B:[cfaca831-532a-4f07-b790-e86f75eb7f58:192.168.5.181:46104] returns group-F46B42568E8B:java.util.concurrent.CompletableFuture@39bf8cbc[Not completed]
2019-07-13 12:43:07,052 INFO  impl.RaftServerImpl (RaftServerImpl.java:<init>(93)) - cfaca831-532a-4f07-b790-e86f75eb7f58: new RaftServerImpl for group-F46B42568E8B:[cfaca831-532a-4f07-b790-e86f75eb7f58:192.168.5.181:46104] with ContainerStateMachine:uninitialized
2019-07-13 12:43:07,054 INFO  server.RaftServerConfigKeys (ConfUtils.java:logGet(43)) - raft.server.rpc.timeout.min = 5s (custom)
2019-07-13 12:43:07,054 INFO  server.RaftServerConfigKeys (ConfUtils.java:logGet(43)) - raft.server.rpc.timeout.max = 5200ms (custom)
2019-07-13 12:43:07,054 INFO  server.RaftServerConfigKeys (ConfUtils.java:logGet(43)) - raft.server.rpcslowness.timeout = 120s (custom)
2019-07-13 12:43:07,054 INFO  server.RaftServerConfigKeys (ConfUtils.java:logGet(43)) - raft.server.sleep.deviation.threshold = 300 (default)
2019-07-13 12:43:07,054 INFO  server.RaftServerConfigKeys (ConfUtils.java:logGet(43)) - raft.server.log.appender.install.snapshot.enabled = false (custom)
2019-07-13 12:43:07,054 INFO  impl.RaftServerImpl (ServerState.java:<init>(105)) - cfaca831-532a-4f07-b790-e86f75eb7f58:group-F46B42568E8B ConfigurationManager, init=-1: [cfaca831-532a-4f07-b790-e86f75eb7f58:192.168.5.181:46104], old=null, confs=<EMPTY_MAP>
2019-07-13 12:43:07,054 INFO  server.RaftServerConfigKeys (ConfUtils.java:logGet(43)) - raft.server.storage.dir = [/tmp/workdir/hadoop-ozone/integration-test/target/test-dir/MiniOzoneClusterImpl-4b8da730-b866-4b25-9667-dd67e3f31850/datanode-2/data/ratis] (custom)
2019-07-13 12:43:07,055 INFO  storage.RaftStorageDirectory (RaftStorageDirectory.java:analyzeStorage(246)) - The storage directory /tmp/workdir/hadoop-ozone/integration-test/target/test-dir/MiniOzoneClusterImpl-4b8da730-b866-4b25-9667-dd67e3f31850/datanode-2/data/ratis/d88ded24-da9c-4dae-9e6b-f46b42568e8b does not exist. Creating ...
2019-07-13 12:43:07,068 INFO  storage.RaftStorageDirectory (RaftStorageDirectory.java:tryLock(328)) - Lock on /tmp/workdir/hadoop-ozone/integration-test/target/test-dir/MiniOzoneClusterImpl-4b8da730-b866-4b25-9667-dd67e3f31850/datanode-2/data/ratis/d88ded24-da9c-4dae-9e6b-f46b42568e8b/in_use.lock acquired by nodename 19236@trunk-nightly-q2gwj-1111726333
2019-07-13 12:43:07,071 INFO  storage.RaftStorage (RaftStorage.java:format(72)) - Storage directory /tmp/workdir/hadoop-ozone/integration-test/target/test-dir/MiniOzoneClusterImpl-4b8da730-b866-4b25-9667-dd67e3f31850/datanode-2/data/ratis/d88ded24-da9c-4dae-9e6b-f46b42568e8b has been successfully formatted.
2019-07-13 12:43:07,071 INFO  ratis.ContainerStateMachine (ContainerStateMachine.java:loadSnapshot(200)) - The snapshot info is null.Setting the last applied index to:(t:0, i:~)
2019-07-13 12:43:07,071 INFO  server.RaftServerConfigKeys (ConfUtils.java:logGet(43)) - raft.server.leader.election.timeout = 120s (custom)
2019-07-13 12:43:07,072 INFO  server.RaftServerConfigKeys (ConfUtils.java:logGet(43)) - raft.server.log.use.memory = false (default)
2019-07-13 12:43:07,072 INFO  server.RaftServerConfigKeys (ConfUtils.java:logGet(43)) - raft.server.log.purge.gap = 1000000000 (custom)
2019-07-13 12:43:07,072 INFO  server.RaftServerConfigKeys (ConfUtils.java:logGet(43)) - raft.server.log.appender.buffer.byte-limit = 33554432 (custom)
2019-07-13 12:43:07,072 INFO  server.RaftServerConfigKeys (ConfUtils.java:logGet(43)) - raft.server.log.segment.size.max = 1048576 (custom)
2019-07-13 12:43:07,072 INFO  server.RaftServerConfigKeys (ConfUtils.java:logGet(43)) - raft.server.log.segment.cache.num.max = 2 (custom)
2019-07-13 12:43:07,072 INFO  segmented.SegmentedRaftLogWorker (SegmentedRaftLogWorker.java:<init>(172)) - new cfaca831-532a-4f07-b790-e86f75eb7f58-SegmentedRaftLogWorker:Storage Directory /tmp/workdir/hadoop-ozone/integration-test/target/test-dir/MiniOzoneClusterImpl-4b8da730-b866-4b25-9667-dd67e3f31850/datanode-2/data/ratis/d88ded24-da9c-4dae-9e6b-f46b42568e8b for RaftStorage:Storage Directory /tmp/workdir/hadoop-ozone/integration-test/target/test-dir/MiniOzoneClusterImpl-4b8da730-b866-4b25-9667-dd67e3f31850/datanode-2/data/ratis/d88ded24-da9c-4dae-9e6b-f46b42568e8b
2019-07-13 12:43:07,072 INFO  server.RaftServerConfigKeys (ConfUtils.java:logGet(43)) - raft.server.log.queue.byte-limit = 2147483647 (custom)
2019-07-13 12:43:07,072 INFO  server.RaftServerConfigKeys (ConfUtils.java:logGet(43)) - raft.server.log.queue.element-limit = 1024 (custom)
2019-07-13 12:43:07,073 INFO  server.RaftServerConfigKeys (ConfUtils.java:logGet(43)) - raft.server.log.segment.size.max = 1048576 (custom)
2019-07-13 12:43:07,073 INFO  server.RaftServerConfigKeys (ConfUtils.java:logGet(43)) - raft.server.log.preallocated.size = 16384 (custom)
2019-07-13 12:43:07,073 INFO  server.RaftServerConfigKeys (ConfUtils.java:logGet(43)) - raft.server.log.write.buffer.size = 33554432 (custom)
2019-07-13 12:43:07,073 INFO  server.RaftServerConfigKeys (ConfUtils.java:logGet(43)) - raft.server.log.force.sync.num = 128 (default)
2019-07-13 12:43:07,073 INFO  server.RaftServerConfigKeys (ConfUtils.java:logGet(43)) - raft.server.log.statemachine.data.sync = true (default)
2019-07-13 12:43:07,073 INFO  server.RaftServerConfigKeys (ConfUtils.java:logGet(43)) - raft.server.log.statemachine.data.sync.timeout = 10s (default)
2019-07-13 12:43:07,073 INFO  server.RaftServerConfigKeys (ConfUtils.java:logGet(43)) - raft.server.log.statemachine.data.sync.timeout.retry = -1 (default)
2019-07-13 12:43:07,074 INFO  server.RaftServerConfigKeys (ConfUtils.java:logGet(43)) - raft.server.log.statemachine.data.caching.enabled = true (custom)
2019-07-13 12:43:07,074 INFO  segmented.SegmentedRaftLogWorker (SegmentedRaftLogWorker.java:lambda$new$0(132)) - cfaca831-532a-4f07-b790-e86f75eb7f58-SegmentedRaftLogWorker:Storage Directory /tmp/workdir/hadoop-ozone/integration-test/target/test-dir/MiniOzoneClusterImpl-4b8da730-b866-4b25-9667-dd67e3f31850/datanode-2/data/ratis/d88ded24-da9c-4dae-9e6b-f46b42568e8b: flushIndex: setUnconditionally 0 -> -1
2019-07-13 12:43:07,074 INFO  server.RaftServerConfigKeys (ConfUtils.java:logGet(43)) - raft.server.snapshot.auto.trigger.enabled = true (custom)
2019-07-13 12:43:07,074 INFO  server.RaftServerConfigKeys (ConfUtils.java:logGet(43)) - raft.server.snapshot.auto.trigger.threshold = 10000 (custom)
2019-07-13 12:43:07,074 INFO  server.RaftServerConfigKeys (ConfUtils.java:logGet(43)) - raft.server.retrycache.expirytime = 600000ms (custom)
2019-07-13 12:43:07,075 INFO  impl.RaftServerImpl (RaftServerImpl.java:start(180)) - cfaca831-532a-4f07-b790-e86f75eb7f58: start group-F46B42568E8B
2019-07-13 12:43:07,075 INFO  impl.RaftServerImpl (RaftServerImpl.java:setRole(171)) - cfaca831-532a-4f07-b790-e86f75eb7f58:group-F46B42568E8B changes role from null to FOLLOWER at term 0 for startAsFollower
2019-07-13 12:43:07,075 INFO  impl.RoleInfo (RoleInfo.java:updateAndGet(143)) - cfaca831-532a-4f07-b790-e86f75eb7f58: start FollowerState
2019-07-13 12:43:07,075 INFO  util.JmxRegister (JmxRegister.java:tryRegister(44)) - Successfully registered JMX Bean with object name Ratis:service=RaftServer,group=group-F46B42568E8B,id=cfaca831-532a-4f07-b790-e86f75eb7f58
2019-07-13 12:43:07,086 INFO  pipeline.PipelineStateManager (PipelineStateManager.java:addPipeline(56)) - Created pipeline Pipeline[ Id: d88ded24-da9c-4dae-9e6b-f46b42568e8b, Nodes: cfaca831-532a-4f07-b790-e86f75eb7f58{ip: 192.168.5.181, host: trunk-nightly-q2gwj-1111726333, networkLocation: /default-rack, certSerialId: null}, Type:RATIS, Factor:ONE, State:OPEN]
2019-07-13 12:43:07,107 INFO  impl.RaftServerProxy (RaftServerProxy.java:addNew(89)) - 36e5b639-ec74-40c3-816f-31ffc6ce5e4b: addNew group-9D3D860CEECB:[36e5b639-ec74-40c3-816f-31ffc6ce5e4b:192.168.5.181:34153] returns group-9D3D860CEECB:java.util.concurrent.CompletableFuture@773bdd66[Not completed]
2019-07-13 12:43:07,108 INFO  impl.RaftServerImpl (RaftServerImpl.java:<init>(93)) - 36e5b639-ec74-40c3-816f-31ffc6ce5e4b: new RaftServerImpl for group-9D3D860CEECB:[36e5b639-ec74-40c3-816f-31ffc6ce5e4b:192.168.5.181:34153] with ContainerStateMachine:uninitialized
2019-07-13 12:43:07,109 INFO  server.RaftServerConfigKeys (ConfUtils.java:logGet(43)) - raft.server.rpc.timeout.min = 5s (custom)
2019-07-13 12:43:07,109 INFO  server.RaftServerConfigKeys (ConfUtils.java:logGet(43)) - raft.server.rpc.timeout.max = 5200ms (custom)
2019-07-13 12:43:07,109 INFO  server.RaftServerConfigKeys (ConfUtils.java:logGet(43)) - raft.server.rpcslowness.timeout = 120s (custom)
2019-07-13 12:43:07,109 INFO  server.RaftServerConfigKeys (ConfUtils.java:logGet(43)) - raft.server.sleep.deviation.threshold = 300 (default)
2019-07-13 12:43:07,109 INFO  server.RaftServerConfigKeys (ConfUtils.java:logGet(43)) - raft.server.log.appender.install.snapshot.enabled = false (custom)
2019-07-13 12:43:07,109 INFO  impl.RaftServerImpl (ServerState.java:<init>(105)) - 36e5b639-ec74-40c3-816f-31ffc6ce5e4b:group-9D3D860CEECB ConfigurationManager, init=-1: [36e5b639-ec74-40c3-816f-31ffc6ce5e4b:192.168.5.181:34153], old=null, confs=<EMPTY_MAP>
2019-07-13 12:43:07,110 INFO  server.RaftServerConfigKeys (ConfUtils.java:logGet(43)) - raft.server.storage.dir = [/tmp/workdir/hadoop-ozone/integration-test/target/test-dir/MiniOzoneClusterImpl-4b8da730-b866-4b25-9667-dd67e3f31850/datanode-4/data/ratis] (custom)
2019-07-13 12:43:07,110 INFO  storage.RaftStorageDirectory (RaftStorageDirectory.java:analyzeStorage(246)) - The storage directory /tmp/workdir/hadoop-ozone/integration-test/target/test-dir/MiniOzoneClusterImpl-4b8da730-b866-4b25-9667-dd67e3f31850/datanode-4/data/ratis/276c9c1f-e362-48e2-b247-9d3d860ceecb does not exist. Creating ...
2019-07-13 12:43:07,115 INFO  storage.RaftStorageDirectory (RaftStorageDirectory.java:tryLock(328)) - Lock on /tmp/workdir/hadoop-ozone/integration-test/target/test-dir/MiniOzoneClusterImpl-4b8da730-b866-4b25-9667-dd67e3f31850/datanode-4/data/ratis/276c9c1f-e362-48e2-b247-9d3d860ceecb/in_use.lock acquired by nodename 19236@trunk-nightly-q2gwj-1111726333
2019-07-13 12:43:07,119 INFO  storage.RaftStorage (RaftStorage.java:format(72)) - Storage directory /tmp/workdir/hadoop-ozone/integration-test/target/test-dir/MiniOzoneClusterImpl-4b8da730-b866-4b25-9667-dd67e3f31850/datanode-4/data/ratis/276c9c1f-e362-48e2-b247-9d3d860ceecb has been successfully formatted.
2019-07-13 12:43:07,119 INFO  ratis.ContainerStateMachine (ContainerStateMachine.java:loadSnapshot(200)) - The snapshot info is null.Setting the last applied index to:(t:0, i:~)
2019-07-13 12:43:07,119 INFO  server.RaftServerConfigKeys (ConfUtils.java:logGet(43)) - raft.server.leader.election.timeout = 120s (custom)
2019-07-13 12:43:07,119 INFO  server.RaftServerConfigKeys (ConfUtils.java:logGet(43)) - raft.server.log.use.memory = false (default)
2019-07-13 12:43:07,119 INFO  server.RaftServerConfigKeys (ConfUtils.java:logGet(43)) - raft.server.log.purge.gap = 1000000000 (custom)
2019-07-13 12:43:07,119 INFO  server.RaftServerConfigKeys (ConfUtils.java:logGet(43)) - raft.server.log.appender.buffer.byte-limit = 33554432 (custom)
2019-07-13 12:43:07,119 INFO  server.RaftServerConfigKeys (ConfUtils.java:logGet(43)) - raft.server.log.segment.size.max = 1048576 (custom)
2019-07-13 12:43:07,119 INFO  server.RaftServerConfigKeys (ConfUtils.java:logGet(43)) - raft.server.log.segment.cache.num.max = 2 (custom)
2019-07-13 12:43:07,120 INFO  segmented.SegmentedRaftLogWorker (SegmentedRaftLogWorker.java:<init>(172)) - new 36e5b639-ec74-40c3-816f-31ffc6ce5e4b-SegmentedRaftLogWorker:Storage Directory /tmp/workdir/hadoop-ozone/integration-test/target/test-dir/MiniOzoneClusterImpl-4b8da730-b866-4b25-9667-dd67e3f31850/datanode-4/data/ratis/276c9c1f-e362-48e2-b247-9d3d860ceecb for RaftStorage:Storage Directory /tmp/workdir/hadoop-ozone/integration-test/target/test-dir/MiniOzoneClusterImpl-4b8da730-b866-4b25-9667-dd67e3f31850/datanode-4/data/ratis/276c9c1f-e362-48e2-b247-9d3d860ceecb
2019-07-13 12:43:07,120 INFO  server.RaftServerConfigKeys (ConfUtils.java:logGet(43)) - raft.server.log.queue.byte-limit = 2147483647 (custom)
2019-07-13 12:43:07,120 INFO  server.RaftServerConfigKeys (ConfUtils.java:logGet(43)) - raft.server.log.queue.element-limit = 1024 (custom)
2019-07-13 12:43:07,120 INFO  server.RaftServerConfigKeys (ConfUtils.java:logGet(43)) - raft.server.log.segment.size.max = 1048576 (custom)
2019-07-13 12:43:07,120 INFO  server.RaftServerConfigKeys (ConfUtils.java:logGet(43)) - raft.server.log.preallocated.size = 16384 (custom)
2019-07-13 12:43:07,120 INFO  server.RaftServerConfigKeys (ConfUtils.java:logGet(43)) - raft.server.log.write.buffer.size = 33554432 (custom)
2019-07-13 12:43:07,120 INFO  server.RaftServerConfigKeys (ConfUtils.java:logGet(43)) - raft.server.log.force.sync.num = 128 (default)
2019-07-13 12:43:07,120 INFO  server.RaftServerConfigKeys (ConfUtils.java:logGet(43)) - raft.server.log.statemachine.data.sync = true (default)
2019-07-13 12:43:07,121 INFO  server.RaftServerConfigKeys (ConfUtils.java:logGet(43)) - raft.server.log.statemachine.data.sync.timeout = 10s (default)
2019-07-13 12:43:07,121 INFO  server.RaftServerConfigKeys (ConfUtils.java:logGet(43)) - raft.server.log.statemachine.data.sync.timeout.retry = -1 (default)
2019-07-13 12:43:07,121 INFO  server.RaftServerConfigKeys (ConfUtils.java:logGet(43)) - raft.server.log.statemachine.data.caching.enabled = true (custom)
2019-07-13 12:43:07,121 INFO  segmented.SegmentedRaftLogWorker (SegmentedRaftLogWorker.java:lambda$new$0(132)) - 36e5b639-ec74-40c3-816f-31ffc6ce5e4b-SegmentedRaftLogWorker:Storage Directory /tmp/workdir/hadoop-ozone/integration-test/target/test-dir/MiniOzoneClusterImpl-4b8da730-b866-4b25-9667-dd67e3f31850/datanode-4/data/ratis/276c9c1f-e362-48e2-b247-9d3d860ceecb: flushIndex: setUnconditionally 0 -> -1
2019-07-13 12:43:07,121 INFO  server.RaftServerConfigKeys (ConfUtils.java:logGet(43)) - raft.server.snapshot.auto.trigger.enabled = true (custom)
2019-07-13 12:43:07,122 INFO  server.RaftServerConfigKeys (ConfUtils.java:logGet(43)) - raft.server.snapshot.auto.trigger.threshold = 10000 (custom)
2019-07-13 12:43:07,122 INFO  server.RaftServerConfigKeys (ConfUtils.java:logGet(43)) - raft.server.retrycache.expirytime = 600000ms (custom)
2019-07-13 12:43:07,122 INFO  impl.RaftServerImpl (RaftServerImpl.java:start(180)) - 36e5b639-ec74-40c3-816f-31ffc6ce5e4b: start group-9D3D860CEECB
2019-07-13 12:43:07,122 INFO  impl.RaftServerImpl (RaftServerImpl.java:setRole(171)) - 36e5b639-ec74-40c3-816f-31ffc6ce5e4b:group-9D3D860CEECB changes role from null to FOLLOWER at term 0 for startAsFollower
2019-07-13 12:43:07,122 INFO  impl.RoleInfo (RoleInfo.java:updateAndGet(143)) - 36e5b639-ec74-40c3-816f-31ffc6ce5e4b: start FollowerState
2019-07-13 12:43:07,122 INFO  util.JmxRegister (JmxRegister.java:tryRegister(44)) - Successfully registered JMX Bean with object name Ratis:service=RaftServer,group=group-9D3D860CEECB,id=36e5b639-ec74-40c3-816f-31ffc6ce5e4b
2019-07-13 12:43:07,142 INFO  pipeline.PipelineStateManager (PipelineStateManager.java:addPipeline(56)) - Created pipeline Pipeline[ Id: 276c9c1f-e362-48e2-b247-9d3d860ceecb, Nodes: 36e5b639-ec74-40c3-816f-31ffc6ce5e4b{ip: 192.168.5.181, host: trunk-nightly-q2gwj-1111726333, networkLocation: /default-rack, certSerialId: null}, Type:RATIS, Factor:ONE, State:OPEN]
2019-07-13 12:43:07,161 INFO  impl.RaftServerProxy (RaftServerProxy.java:addNew(89)) - fc0b3d34-7310-4c1f-9b5d-90995b33cf69: addNew group-2582470FA98D:[fc0b3d34-7310-4c1f-9b5d-90995b33cf69:192.168.5.181:37466] returns group-2582470FA98D:java.util.concurrent.CompletableFuture@372ad0e6[Not completed]
2019-07-13 12:43:07,163 INFO  impl.RaftServerImpl (RaftServerImpl.java:<init>(93)) - fc0b3d34-7310-4c1f-9b5d-90995b33cf69: new RaftServerImpl for group-2582470FA98D:[fc0b3d34-7310-4c1f-9b5d-90995b33cf69:192.168.5.181:37466] with ContainerStateMachine:uninitialized
2019-07-13 12:43:07,165 INFO  server.RaftServerConfigKeys (ConfUtils.java:logGet(43)) - raft.server.rpc.timeout.min = 5s (custom)
2019-07-13 12:43:07,165 INFO  server.RaftServerConfigKeys (ConfUtils.java:logGet(43)) - raft.server.rpc.timeout.max = 5200ms (custom)
2019-07-13 12:43:07,165 INFO  server.RaftServerConfigKeys (ConfUtils.java:logGet(43)) - raft.server.rpcslowness.timeout = 120s (custom)
2019-07-13 12:43:07,165 INFO  server.RaftServerConfigKeys (ConfUtils.java:logGet(43)) - raft.server.sleep.deviation.threshold = 300 (default)
2019-07-13 12:43:07,165 INFO  server.RaftServerConfigKeys (ConfUtils.java:logGet(43)) - raft.server.log.appender.install.snapshot.enabled = false (custom)
2019-07-13 12:43:07,166 INFO  impl.RaftServerImpl (ServerState.java:<init>(105)) - fc0b3d34-7310-4c1f-9b5d-90995b33cf69:group-2582470FA98D ConfigurationManager, init=-1: [fc0b3d34-7310-4c1f-9b5d-90995b33cf69:192.168.5.181:37466], old=null, confs=<EMPTY_MAP>
2019-07-13 12:43:07,166 INFO  server.RaftServerConfigKeys (ConfUtils.java:logGet(43)) - raft.server.storage.dir = [/tmp/workdir/hadoop-ozone/integration-test/target/test-dir/MiniOzoneClusterImpl-4b8da730-b866-4b25-9667-dd67e3f31850/datanode-6/data/ratis] (custom)
2019-07-13 12:43:07,166 INFO  storage.RaftStorageDirectory (RaftStorageDirectory.java:analyzeStorage(246)) - The storage directory /tmp/workdir/hadoop-ozone/integration-test/target/test-dir/MiniOzoneClusterImpl-4b8da730-b866-4b25-9667-dd67e3f31850/datanode-6/data/ratis/2e1214b1-242f-42b5-9d35-2582470fa98d does not exist. Creating ...
2019-07-13 12:43:07,178 INFO  storage.RaftStorageDirectory (RaftStorageDirectory.java:tryLock(328)) - Lock on /tmp/workdir/hadoop-ozone/integration-test/target/test-dir/MiniOzoneClusterImpl-4b8da730-b866-4b25-9667-dd67e3f31850/datanode-6/data/ratis/2e1214b1-242f-42b5-9d35-2582470fa98d/in_use.lock acquired by nodename 19236@trunk-nightly-q2gwj-1111726333
2019-07-13 12:43:07,182 INFO  storage.RaftStorage (RaftStorage.java:format(72)) - Storage directory /tmp/workdir/hadoop-ozone/integration-test/target/test-dir/MiniOzoneClusterImpl-4b8da730-b866-4b25-9667-dd67e3f31850/datanode-6/data/ratis/2e1214b1-242f-42b5-9d35-2582470fa98d has been successfully formatted.
2019-07-13 12:43:07,182 INFO  ratis.ContainerStateMachine (ContainerStateMachine.java:loadSnapshot(200)) - The snapshot info is null.Setting the last applied index to:(t:0, i:~)
2019-07-13 12:43:07,182 INFO  server.RaftServerConfigKeys (ConfUtils.java:logGet(43)) - raft.server.leader.election.timeout = 120s (custom)
2019-07-13 12:43:07,182 INFO  server.RaftServerConfigKeys (ConfUtils.java:logGet(43)) - raft.server.log.use.memory = false (default)
2019-07-13 12:43:07,182 INFO  server.RaftServerConfigKeys (ConfUtils.java:logGet(43)) - raft.server.log.purge.gap = 1000000000 (custom)
2019-07-13 12:43:07,183 INFO  server.RaftServerConfigKeys (ConfUtils.java:logGet(43)) - raft.server.log.appender.buffer.byte-limit = 33554432 (custom)
2019-07-13 12:43:07,183 INFO  server.RaftServerConfigKeys (ConfUtils.java:logGet(43)) - raft.server.log.segment.size.max = 1048576 (custom)
2019-07-13 12:43:07,183 INFO  server.RaftServerConfigKeys (ConfUtils.java:logGet(43)) - raft.server.log.segment.cache.num.max = 2 (custom)
2019-07-13 12:43:07,183 INFO  segmented.SegmentedRaftLogWorker (SegmentedRaftLogWorker.java:<init>(172)) - new fc0b3d34-7310-4c1f-9b5d-90995b33cf69-SegmentedRaftLogWorker:Storage Directory /tmp/workdir/hadoop-ozone/integration-test/target/test-dir/MiniOzoneClusterImpl-4b8da730-b866-4b25-9667-dd67e3f31850/datanode-6/data/ratis/2e1214b1-242f-42b5-9d35-2582470fa98d for RaftStorage:Storage Directory /tmp/workdir/hadoop-ozone/integration-test/target/test-dir/MiniOzoneClusterImpl-4b8da730-b866-4b25-9667-dd67e3f31850/datanode-6/data/ratis/2e1214b1-242f-42b5-9d35-2582470fa98d
2019-07-13 12:43:07,183 INFO  server.RaftServerConfigKeys (ConfUtils.java:logGet(43)) - raft.server.log.queue.byte-limit = 2147483647 (custom)
2019-07-13 12:43:07,183 INFO  server.RaftServerConfigKeys (ConfUtils.java:logGet(43)) - raft.server.log.queue.element-limit = 1024 (custom)
2019-07-13 12:43:07,184 INFO  server.RaftServerConfigKeys (ConfUtils.java:logGet(43)) - raft.server.log.segment.size.max = 1048576 (custom)
2019-07-13 12:43:07,184 INFO  server.RaftServerConfigKeys (ConfUtils.java:logGet(43)) - raft.server.log.preallocated.size = 16384 (custom)
2019-07-13 12:43:07,184 INFO  server.RaftServerConfigKeys (ConfUtils.java:logGet(43)) - raft.server.log.write.buffer.size = 33554432 (custom)
2019-07-13 12:43:07,186 INFO  server.RaftServerConfigKeys (ConfUtils.java:logGet(43)) - raft.server.log.force.sync.num = 128 (default)
2019-07-13 12:43:07,186 INFO  server.RaftServerConfigKeys (ConfUtils.java:logGet(43)) - raft.server.log.statemachine.data.sync = true (default)
2019-07-13 12:43:07,186 INFO  server.RaftServerConfigKeys (ConfUtils.java:logGet(43)) - raft.server.log.statemachine.data.sync.timeout = 10s (default)
2019-07-13 12:43:07,186 INFO  server.RaftServerConfigKeys (ConfUtils.java:logGet(43)) - raft.server.log.statemachine.data.sync.timeout.retry = -1 (default)
2019-07-13 12:43:07,187 INFO  server.RaftServerConfigKeys (ConfUtils.java:logGet(43)) - raft.server.log.statemachine.data.caching.enabled = true (custom)
2019-07-13 12:43:07,187 INFO  segmented.SegmentedRaftLogWorker (SegmentedRaftLogWorker.java:lambda$new$0(132)) - fc0b3d34-7310-4c1f-9b5d-90995b33cf69-SegmentedRaftLogWorker:Storage Directory /tmp/workdir/hadoop-ozone/integration-test/target/test-dir/MiniOzoneClusterImpl-4b8da730-b866-4b25-9667-dd67e3f31850/datanode-6/data/ratis/2e1214b1-242f-42b5-9d35-2582470fa98d: flushIndex: setUnconditionally 0 -> -1
2019-07-13 12:43:07,200 INFO  server.RaftServerConfigKeys (ConfUtils.java:logGet(43)) - raft.server.snapshot.auto.trigger.enabled = true (custom)
2019-07-13 12:43:07,200 INFO  server.RaftServerConfigKeys (ConfUtils.java:logGet(43)) - raft.server.snapshot.auto.trigger.threshold = 10000 (custom)
2019-07-13 12:43:07,200 INFO  server.RaftServerConfigKeys (ConfUtils.java:logGet(43)) - raft.server.retrycache.expirytime = 600000ms (custom)
2019-07-13 12:43:07,200 INFO  impl.RaftServerImpl (RaftServerImpl.java:start(180)) - fc0b3d34-7310-4c1f-9b5d-90995b33cf69: start group-2582470FA98D
2019-07-13 12:43:07,201 INFO  impl.RaftServerImpl (RaftServerImpl.java:setRole(171)) - fc0b3d34-7310-4c1f-9b5d-90995b33cf69:group-2582470FA98D changes role from null to FOLLOWER at term 0 for startAsFollower
2019-07-13 12:43:07,201 INFO  impl.RoleInfo (RoleInfo.java:updateAndGet(143)) - fc0b3d34-7310-4c1f-9b5d-90995b33cf69: start FollowerState
2019-07-13 12:43:07,201 INFO  util.JmxRegister (JmxRegister.java:tryRegister(44)) - Successfully registered JMX Bean with object name Ratis:service=RaftServer,group=group-2582470FA98D,id=fc0b3d34-7310-4c1f-9b5d-90995b33cf69
2019-07-13 12:43:07,219 INFO  pipeline.PipelineStateManager (PipelineStateManager.java:addPipeline(56)) - Created pipeline Pipeline[ Id: 2e1214b1-242f-42b5-9d35-2582470fa98d, Nodes: fc0b3d34-7310-4c1f-9b5d-90995b33cf69{ip: 192.168.5.181, host: trunk-nightly-q2gwj-1111726333, networkLocation: /default-rack, certSerialId: null}, Type:RATIS, Factor:ONE, State:OPEN]
2019-07-13 12:43:07,254 INFO  impl.RaftServerProxy (RaftServerProxy.java:addNew(89)) - 59d38224-75ed-4277-a1c8-7ba686e713e6: addNew group-CCDFE96872BE:[b06b62c4-2995-4fa7-ae8b-9ab386ccd04d:192.168.5.181:33693, 59d38224-75ed-4277-a1c8-7ba686e713e6:192.168.5.181:34427, 871470d2-fc9d-433e-986f-aa95403a039c:192.168.5.181:45526] returns group-CCDFE96872BE:java.util.concurrent.CompletableFuture@4605bda0[Not completed]
2019-07-13 12:43:07,259 INFO  impl.RaftServerProxy (RaftServerProxy.java:addNew(89)) - 871470d2-fc9d-433e-986f-aa95403a039c: addNew group-CCDFE96872BE:[b06b62c4-2995-4fa7-ae8b-9ab386ccd04d:192.168.5.181:33693, 59d38224-75ed-4277-a1c8-7ba686e713e6:192.168.5.181:34427, 871470d2-fc9d-433e-986f-aa95403a039c:192.168.5.181:45526] returns group-CCDFE96872BE:java.util.concurrent.CompletableFuture@248fa873[Not completed]
2019-07-13 12:43:07,259 INFO  impl.RaftServerProxy (RaftServerProxy.java:addNew(89)) - b06b62c4-2995-4fa7-ae8b-9ab386ccd04d: addNew group-CCDFE96872BE:[b06b62c4-2995-4fa7-ae8b-9ab386ccd04d:192.168.5.181:33693, 59d38224-75ed-4277-a1c8-7ba686e713e6:192.168.5.181:34427, 871470d2-fc9d-433e-986f-aa95403a039c:192.168.5.181:45526] returns group-CCDFE96872BE:java.util.concurrent.CompletableFuture@423a31b8[Not completed]
2019-07-13 12:43:07,260 INFO  impl.RaftServerImpl (RaftServerImpl.java:<init>(93)) - 59d38224-75ed-4277-a1c8-7ba686e713e6: new RaftServerImpl for group-CCDFE96872BE:[b06b62c4-2995-4fa7-ae8b-9ab386ccd04d:192.168.5.181:33693, 59d38224-75ed-4277-a1c8-7ba686e713e6:192.168.5.181:34427, 871470d2-fc9d-433e-986f-aa95403a039c:192.168.5.181:45526] with ContainerStateMachine:uninitialized
2019-07-13 12:43:07,260 INFO  server.RaftServerConfigKeys (ConfUtils.java:logGet(43)) - raft.server.rpc.timeout.min = 5s (custom)
2019-07-13 12:43:07,261 INFO  server.RaftServerConfigKeys (ConfUtils.java:logGet(43)) - raft.server.rpc.timeout.max = 5200ms (custom)
2019-07-13 12:43:07,261 INFO  server.RaftServerConfigKeys (ConfUtils.java:logGet(43)) - raft.server.rpcslowness.timeout = 120s (custom)
2019-07-13 12:43:07,261 INFO  impl.RaftServerImpl (RaftServerImpl.java:<init>(93)) - b06b62c4-2995-4fa7-ae8b-9ab386ccd04d: new RaftServerImpl for group-CCDFE96872BE:[b06b62c4-2995-4fa7-ae8b-9ab386ccd04d:192.168.5.181:33693, 59d38224-75ed-4277-a1c8-7ba686e713e6:192.168.5.181:34427, 871470d2-fc9d-433e-986f-aa95403a039c:192.168.5.181:45526] with ContainerStateMachine:uninitialized
2019-07-13 12:43:07,261 INFO  server.RaftServerConfigKeys (ConfUtils.java:logGet(43)) - raft.server.sleep.deviation.threshold = 300 (default)
2019-07-13 12:43:07,261 INFO  server.RaftServerConfigKeys (ConfUtils.java:logGet(43)) - raft.server.rpc.timeout.min = 5s (custom)
2019-07-13 12:43:07,262 INFO  server.RaftServerConfigKeys (ConfUtils.java:logGet(43)) - raft.server.log.appender.install.snapshot.enabled = false (custom)
2019-07-13 12:43:07,262 INFO  server.RaftServerConfigKeys (ConfUtils.java:logGet(43)) - raft.server.rpc.timeout.max = 5200ms (custom)
2019-07-13 12:43:07,262 INFO  impl.RaftServerImpl (ServerState.java:<init>(105)) - 59d38224-75ed-4277-a1c8-7ba686e713e6:group-CCDFE96872BE ConfigurationManager, init=-1: [b06b62c4-2995-4fa7-ae8b-9ab386ccd04d:192.168.5.181:33693, 59d38224-75ed-4277-a1c8-7ba686e713e6:192.168.5.181:34427, 871470d2-fc9d-433e-986f-aa95403a039c:192.168.5.181:45526], old=null, confs=<EMPTY_MAP>
2019-07-13 12:43:07,262 INFO  impl.RaftServerImpl (RaftServerImpl.java:<init>(93)) - 871470d2-fc9d-433e-986f-aa95403a039c: new RaftServerImpl for group-CCDFE96872BE:[b06b62c4-2995-4fa7-ae8b-9ab386ccd04d:192.168.5.181:33693, 59d38224-75ed-4277-a1c8-7ba686e713e6:192.168.5.181:34427, 871470d2-fc9d-433e-986f-aa95403a039c:192.168.5.181:45526] with ContainerStateMachine:uninitialized
2019-07-13 12:43:07,262 INFO  server.RaftServerConfigKeys (ConfUtils.java:logGet(43)) - raft.server.rpcslowness.timeout = 120s (custom)
2019-07-13 12:43:07,263 INFO  server.RaftServerConfigKeys (ConfUtils.java:logGet(43)) - raft.server.rpc.timeout.min = 5s (custom)
2019-07-13 12:43:07,262 INFO  server.RaftServerConfigKeys (ConfUtils.java:logGet(43)) - raft.server.storage.dir = [/tmp/workdir/hadoop-ozone/integration-test/target/test-dir/MiniOzoneClusterImpl-4b8da730-b866-4b25-9667-dd67e3f31850/datanode-3/data/ratis] (custom)
2019-07-13 12:43:07,263 INFO  server.RaftServerConfigKeys (ConfUtils.java:logGet(43)) - raft.server.rpc.timeout.max = 5200ms (custom)
2019-07-13 12:43:07,263 INFO  server.RaftServerConfigKeys (ConfUtils.java:logGet(43)) - raft.server.sleep.deviation.threshold = 300 (default)
2019-07-13 12:43:07,263 INFO  server.RaftServerConfigKeys (ConfUtils.java:logGet(43)) - raft.server.rpcslowness.timeout = 120s (custom)
2019-07-13 12:43:07,263 INFO  storage.RaftStorageDirectory (RaftStorageDirectory.java:analyzeStorage(246)) - The storage directory /tmp/workdir/hadoop-ozone/integration-test/target/test-dir/MiniOzoneClusterImpl-4b8da730-b866-4b25-9667-dd67e3f31850/datanode-3/data/ratis/9aa7493f-d89d-4c19-97de-ccdfe96872be does not exist. Creating ...
2019-07-13 12:43:07,263 INFO  server.RaftServerConfigKeys (ConfUtils.java:logGet(43)) - raft.server.log.appender.install.snapshot.enabled = false (custom)
2019-07-13 12:43:07,263 INFO  server.RaftServerConfigKeys (ConfUtils.java:logGet(43)) - raft.server.sleep.deviation.threshold = 300 (default)
2019-07-13 12:43:07,264 INFO  impl.RaftServerImpl (ServerState.java:<init>(105)) - b06b62c4-2995-4fa7-ae8b-9ab386ccd04d:group-CCDFE96872BE ConfigurationManager, init=-1: [b06b62c4-2995-4fa7-ae8b-9ab386ccd04d:192.168.5.181:33693, 59d38224-75ed-4277-a1c8-7ba686e713e6:192.168.5.181:34427, 871470d2-fc9d-433e-986f-aa95403a039c:192.168.5.181:45526], old=null, confs=<EMPTY_MAP>
2019-07-13 12:43:07,264 INFO  server.RaftServerConfigKeys (ConfUtils.java:logGet(43)) - raft.server.log.appender.install.snapshot.enabled = false (custom)
2019-07-13 12:43:07,264 INFO  server.RaftServerConfigKeys (ConfUtils.java:logGet(43)) - raft.server.storage.dir = [/tmp/workdir/hadoop-ozone/integration-test/target/test-dir/MiniOzoneClusterImpl-4b8da730-b866-4b25-9667-dd67e3f31850/datanode-5/data/ratis] (custom)
2019-07-13 12:43:07,264 INFO  impl.RaftServerImpl (ServerState.java:<init>(105)) - 871470d2-fc9d-433e-986f-aa95403a039c:group-CCDFE96872BE ConfigurationManager, init=-1: [b06b62c4-2995-4fa7-ae8b-9ab386ccd04d:192.168.5.181:33693, 59d38224-75ed-4277-a1c8-7ba686e713e6:192.168.5.181:34427, 871470d2-fc9d-433e-986f-aa95403a039c:192.168.5.181:45526], old=null, confs=<EMPTY_MAP>
2019-07-13 12:43:07,265 INFO  server.RaftServerConfigKeys (ConfUtils.java:logGet(43)) - raft.server.storage.dir = [/tmp/workdir/hadoop-ozone/integration-test/target/test-dir/MiniOzoneClusterImpl-4b8da730-b866-4b25-9667-dd67e3f31850/datanode-1/data/ratis] (custom)
2019-07-13 12:43:07,265 INFO  storage.RaftStorageDirectory (RaftStorageDirectory.java:analyzeStorage(246)) - The storage directory /tmp/workdir/hadoop-ozone/integration-test/target/test-dir/MiniOzoneClusterImpl-4b8da730-b866-4b25-9667-dd67e3f31850/datanode-5/data/ratis/9aa7493f-d89d-4c19-97de-ccdfe96872be does not exist. Creating ...
2019-07-13 12:43:07,265 INFO  storage.RaftStorageDirectory (RaftStorageDirectory.java:analyzeStorage(246)) - The storage directory /tmp/workdir/hadoop-ozone/integration-test/target/test-dir/MiniOzoneClusterImpl-4b8da730-b866-4b25-9667-dd67e3f31850/datanode-1/data/ratis/9aa7493f-d89d-4c19-97de-ccdfe96872be does not exist. Creating ...
2019-07-13 12:43:07,278 INFO  storage.RaftStorageDirectory (RaftStorageDirectory.java:tryLock(328)) - Lock on /tmp/workdir/hadoop-ozone/integration-test/target/test-dir/MiniOzoneClusterImpl-4b8da730-b866-4b25-9667-dd67e3f31850/datanode-3/data/ratis/9aa7493f-d89d-4c19-97de-ccdfe96872be/in_use.lock acquired by nodename 19236@trunk-nightly-q2gwj-1111726333
2019-07-13 12:43:07,278 INFO  storage.RaftStorageDirectory (RaftStorageDirectory.java:tryLock(328)) - Lock on /tmp/workdir/hadoop-ozone/integration-test/target/test-dir/MiniOzoneClusterImpl-4b8da730-b866-4b25-9667-dd67e3f31850/datanode-5/data/ratis/9aa7493f-d89d-4c19-97de-ccdfe96872be/in_use.lock acquired by nodename 19236@trunk-nightly-q2gwj-1111726333
2019-07-13 12:43:07,278 INFO  storage.RaftStorageDirectory (RaftStorageDirectory.java:tryLock(328)) - Lock on /tmp/workdir/hadoop-ozone/integration-test/target/test-dir/MiniOzoneClusterImpl-4b8da730-b866-4b25-9667-dd67e3f31850/datanode-1/data/ratis/9aa7493f-d89d-4c19-97de-ccdfe96872be/in_use.lock acquired by nodename 19236@trunk-nightly-q2gwj-1111726333
2019-07-13 12:43:07,285 INFO  storage.RaftStorage (RaftStorage.java:format(72)) - Storage directory /tmp/workdir/hadoop-ozone/integration-test/target/test-dir/MiniOzoneClusterImpl-4b8da730-b866-4b25-9667-dd67e3f31850/datanode-3/data/ratis/9aa7493f-d89d-4c19-97de-ccdfe96872be has been successfully formatted.
2019-07-13 12:43:07,285 INFO  storage.RaftStorage (RaftStorage.java:format(72)) - Storage directory /tmp/workdir/hadoop-ozone/integration-test/target/test-dir/MiniOzoneClusterImpl-4b8da730-b866-4b25-9667-dd67e3f31850/datanode-1/data/ratis/9aa7493f-d89d-4c19-97de-ccdfe96872be has been successfully formatted.
2019-07-13 12:43:07,285 INFO  ratis.ContainerStateMachine (ContainerStateMachine.java:loadSnapshot(200)) - The snapshot info is null.Setting the last applied index to:(t:0, i:~)
2019-07-13 12:43:07,285 INFO  storage.RaftStorage (RaftStorage.java:format(72)) - Storage directory /tmp/workdir/hadoop-ozone/integration-test/target/test-dir/MiniOzoneClusterImpl-4b8da730-b866-4b25-9667-dd67e3f31850/datanode-5/data/ratis/9aa7493f-d89d-4c19-97de-ccdfe96872be has been successfully formatted.
2019-07-13 12:43:07,285 INFO  ratis.ContainerStateMachine (ContainerStateMachine.java:loadSnapshot(200)) - The snapshot info is null.Setting the last applied index to:(t:0, i:~)
2019-07-13 12:43:07,286 INFO  ratis.ContainerStateMachine (ContainerStateMachine.java:loadSnapshot(200)) - The snapshot info is null.Setting the last applied index to:(t:0, i:~)
2019-07-13 12:43:07,285 INFO  server.RaftServerConfigKeys (ConfUtils.java:logGet(43)) - raft.server.leader.election.timeout = 120s (custom)
2019-07-13 12:43:07,286 INFO  server.RaftServerConfigKeys (ConfUtils.java:logGet(43)) - raft.server.leader.election.timeout = 120s (custom)
2019-07-13 12:43:07,286 INFO  server.RaftServerConfigKeys (ConfUtils.java:logGet(43)) - raft.server.leader.election.timeout = 120s (custom)
2019-07-13 12:43:07,286 INFO  server.RaftServerConfigKeys (ConfUtils.java:logGet(43)) - raft.server.log.use.memory = false (default)
2019-07-13 12:43:07,286 INFO  server.RaftServerConfigKeys (ConfUtils.java:logGet(43)) - raft.server.log.use.memory = false (default)
2019-07-13 12:43:07,287 INFO  server.RaftServerConfigKeys (ConfUtils.java:logGet(43)) - raft.server.log.purge.gap = 1000000000 (custom)
2019-07-13 12:43:07,286 INFO  server.RaftServerConfigKeys (ConfUtils.java:logGet(43)) - raft.server.log.use.memory = false (default)
2019-07-13 12:43:07,287 INFO  server.RaftServerConfigKeys (ConfUtils.java:logGet(43)) - raft.server.log.appender.buffer.byte-limit = 33554432 (custom)
2019-07-13 12:43:07,287 INFO  server.RaftServerConfigKeys (ConfUtils.java:logGet(43)) - raft.server.log.purge.gap = 1000000000 (custom)
2019-07-13 12:43:07,287 INFO  server.RaftServerConfigKeys (ConfUtils.java:logGet(43)) - raft.server.log.segment.size.max = 1048576 (custom)
2019-07-13 12:43:07,287 INFO  server.RaftServerConfigKeys (ConfUtils.java:logGet(43)) - raft.server.log.purge.gap = 1000000000 (custom)
2019-07-13 12:43:07,288 INFO  server.RaftServerConfigKeys (ConfUtils.java:logGet(43)) - raft.server.log.segment.cache.num.max = 2 (custom)
2019-07-13 12:43:07,287 INFO  server.RaftServerConfigKeys (ConfUtils.java:logGet(43)) - raft.server.log.appender.buffer.byte-limit = 33554432 (custom)
2019-07-13 12:43:07,288 INFO  segmented.SegmentedRaftLogWorker (SegmentedRaftLogWorker.java:<init>(172)) - new b06b62c4-2995-4fa7-ae8b-9ab386ccd04d-SegmentedRaftLogWorker:Storage Directory /tmp/workdir/hadoop-ozone/integration-test/target/test-dir/MiniOzoneClusterImpl-4b8da730-b866-4b25-9667-dd67e3f31850/datanode-5/data/ratis/9aa7493f-d89d-4c19-97de-ccdfe96872be for RaftStorage:Storage Directory /tmp/workdir/hadoop-ozone/integration-test/target/test-dir/MiniOzoneClusterImpl-4b8da730-b866-4b25-9667-dd67e3f31850/datanode-5/data/ratis/9aa7493f-d89d-4c19-97de-ccdfe96872be
2019-07-13 12:43:07,288 INFO  server.RaftServerConfigKeys (ConfUtils.java:logGet(43)) - raft.server.log.appender.buffer.byte-limit = 33554432 (custom)
2019-07-13 12:43:07,288 INFO  server.RaftServerConfigKeys (ConfUtils.java:logGet(43)) - raft.server.log.queue.byte-limit = 2147483647 (custom)
2019-07-13 12:43:07,288 INFO  server.RaftServerConfigKeys (ConfUtils.java:logGet(43)) - raft.server.log.segment.size.max = 1048576 (custom)
2019-07-13 12:43:07,291 INFO  server.RaftServerConfigKeys (ConfUtils.java:logGet(43)) - raft.server.log.queue.element-limit = 1024 (custom)
2019-07-13 12:43:07,289 INFO  server.RaftServerConfigKeys (ConfUtils.java:logGet(43)) - raft.server.log.segment.size.max = 1048576 (custom)
2019-07-13 12:43:07,291 INFO  server.RaftServerConfigKeys (ConfUtils.java:logGet(43)) - raft.server.log.segment.size.max = 1048576 (custom)
2019-07-13 12:43:07,291 INFO  server.RaftServerConfigKeys (ConfUtils.java:logGet(43)) - raft.server.log.segment.cache.num.max = 2 (custom)
2019-07-13 12:43:07,291 INFO  server.RaftServerConfigKeys (ConfUtils.java:logGet(43)) - raft.server.log.preallocated.size = 16384 (custom)
2019-07-13 12:43:07,291 INFO  server.RaftServerConfigKeys (ConfUtils.java:logGet(43)) - raft.server.log.segment.cache.num.max = 2 (custom)
2019-07-13 12:43:07,292 INFO  server.RaftServerConfigKeys (ConfUtils.java:logGet(43)) - raft.server.log.write.buffer.size = 33554432 (custom)
2019-07-13 12:43:07,291 INFO  segmented.SegmentedRaftLogWorker (SegmentedRaftLogWorker.java:<init>(172)) - new 59d38224-75ed-4277-a1c8-7ba686e713e6-SegmentedRaftLogWorker:Storage Directory /tmp/workdir/hadoop-ozone/integration-test/target/test-dir/MiniOzoneClusterImpl-4b8da730-b866-4b25-9667-dd67e3f31850/datanode-3/data/ratis/9aa7493f-d89d-4c19-97de-ccdfe96872be for RaftStorage:Storage Directory /tmp/workdir/hadoop-ozone/integration-test/target/test-dir/MiniOzoneClusterImpl-4b8da730-b866-4b25-9667-dd67e3f31850/datanode-3/data/ratis/9aa7493f-d89d-4c19-97de-ccdfe96872be
2019-07-13 12:43:07,292 INFO  server.RaftServerConfigKeys (ConfUtils.java:logGet(43)) - raft.server.log.force.sync.num = 128 (default)
2019-07-13 12:43:07,292 INFO  server.RaftServerConfigKeys (ConfUtils.java:logGet(43)) - raft.server.log.statemachine.data.sync = true (default)
2019-07-13 12:43:07,292 INFO  segmented.SegmentedRaftLogWorker (SegmentedRaftLogWorker.java:<init>(172)) - new 871470d2-fc9d-433e-986f-aa95403a039c-SegmentedRaftLogWorker:Storage Directory /tmp/workdir/hadoop-ozone/integration-test/target/test-dir/MiniOzoneClusterImpl-4b8da730-b866-4b25-9667-dd67e3f31850/datanode-1/data/ratis/9aa7493f-d89d-4c19-97de-ccdfe96872be for RaftStorage:Storage Directory /tmp/workdir/hadoop-ozone/integration-test/target/test-dir/MiniOzoneClusterImpl-4b8da730-b866-4b25-9667-dd67e3f31850/datanode-1/data/ratis/9aa7493f-d89d-4c19-97de-ccdfe96872be
2019-07-13 12:43:07,294 INFO  server.RaftServerConfigKeys (ConfUtils.java:logGet(43)) - raft.server.log.statemachine.data.sync.timeout = 10s (default)
2019-07-13 12:43:07,292 INFO  server.RaftServerConfigKeys (ConfUtils.java:logGet(43)) - raft.server.log.queue.byte-limit = 2147483647 (custom)
2019-07-13 12:43:07,295 INFO  server.RaftServerConfigKeys (ConfUtils.java:logGet(43)) - raft.server.log.statemachine.data.sync.timeout.retry = -1 (default)
2019-07-13 12:43:07,295 INFO  server.RaftServerConfigKeys (ConfUtils.java:logGet(43)) - raft.server.log.queue.byte-limit = 2147483647 (custom)
2019-07-13 12:43:07,315 INFO  server.RaftServerConfigKeys (ConfUtils.java:logGet(43)) - raft.server.log.statemachine.data.caching.enabled = true (custom)
2019-07-13 12:43:07,310 INFO  server.RaftServerConfigKeys (ConfUtils.java:logGet(43)) - raft.server.log.queue.element-limit = 1024 (custom)
2019-07-13 12:43:07,315 INFO  server.RaftServerConfigKeys (ConfUtils.java:logGet(43)) - raft.server.log.queue.element-limit = 1024 (custom)
2019-07-13 12:43:07,316 INFO  segmented.SegmentedRaftLogWorker (SegmentedRaftLogWorker.java:lambda$new$0(132)) - b06b62c4-2995-4fa7-ae8b-9ab386ccd04d-SegmentedRaftLogWorker:Storage Directory /tmp/workdir/hadoop-ozone/integration-test/target/test-dir/MiniOzoneClusterImpl-4b8da730-b866-4b25-9667-dd67e3f31850/datanode-5/data/ratis/9aa7493f-d89d-4c19-97de-ccdfe96872be: flushIndex: setUnconditionally 0 -> -1
2019-07-13 12:43:07,316 INFO  server.RaftServerConfigKeys (ConfUtils.java:logGet(43)) - raft.server.log.segment.size.max = 1048576 (custom)
2019-07-13 12:43:07,316 INFO  server.RaftServerConfigKeys (ConfUtils.java:logGet(43)) - raft.server.log.segment.size.max = 1048576 (custom)
2019-07-13 12:43:07,316 INFO  server.RaftServerConfigKeys (ConfUtils.java:logGet(43)) - raft.server.snapshot.auto.trigger.enabled = true (custom)
2019-07-13 12:43:07,316 INFO  server.RaftServerConfigKeys (ConfUtils.java:logGet(43)) - raft.server.log.preallocated.size = 16384 (custom)
2019-07-13 12:43:07,317 INFO  server.RaftServerConfigKeys (ConfUtils.java:logGet(43)) - raft.server.snapshot.auto.trigger.threshold = 10000 (custom)
2019-07-13 12:43:07,317 INFO  server.RaftServerConfigKeys (ConfUtils.java:logGet(43)) - raft.server.log.preallocated.size = 16384 (custom)
2019-07-13 12:43:07,317 INFO  server.RaftServerConfigKeys (ConfUtils.java:logGet(43)) - raft.server.retrycache.expirytime = 600000ms (custom)
2019-07-13 12:43:07,317 INFO  server.RaftServerConfigKeys (ConfUtils.java:logGet(43)) - raft.server.log.write.buffer.size = 33554432 (custom)
2019-07-13 12:43:07,317 INFO  impl.RaftServerImpl (RaftServerImpl.java:start(180)) - b06b62c4-2995-4fa7-ae8b-9ab386ccd04d: start group-CCDFE96872BE
2019-07-13 12:43:07,317 INFO  server.RaftServerConfigKeys (ConfUtils.java:logGet(43)) - raft.server.log.write.buffer.size = 33554432 (custom)
2019-07-13 12:43:07,318 INFO  impl.RaftServerImpl (RaftServerImpl.java:setRole(171)) - b06b62c4-2995-4fa7-ae8b-9ab386ccd04d:group-CCDFE96872BE changes role from null to FOLLOWER at term 0 for startAsFollower
2019-07-13 12:43:07,318 INFO  server.RaftServerConfigKeys (ConfUtils.java:logGet(43)) - raft.server.log.force.sync.num = 128 (default)
2019-07-13 12:43:07,318 INFO  impl.RoleInfo (RoleInfo.java:updateAndGet(143)) - b06b62c4-2995-4fa7-ae8b-9ab386ccd04d: start FollowerState
2019-07-13 12:43:07,318 INFO  server.RaftServerConfigKeys (ConfUtils.java:logGet(43)) - raft.server.log.force.sync.num = 128 (default)
2019-07-13 12:43:07,318 INFO  server.RaftServerConfigKeys (ConfUtils.java:logGet(43)) - raft.server.log.statemachine.data.sync = true (default)
2019-07-13 12:43:07,319 INFO  util.JmxRegister (JmxRegister.java:tryRegister(44)) - Successfully registered JMX Bean with object name Ratis:service=RaftServer,group=group-CCDFE96872BE,id=b06b62c4-2995-4fa7-ae8b-9ab386ccd04d
2019-07-13 12:43:07,319 INFO  server.RaftServerConfigKeys (ConfUtils.java:logGet(43)) - raft.server.log.statemachine.data.sync = true (default)
2019-07-13 12:43:07,319 INFO  server.RaftServerConfigKeys (ConfUtils.java:logGet(43)) - raft.server.log.statemachine.data.sync.timeout = 10s (default)
2019-07-13 12:43:07,319 INFO  server.RaftServerConfigKeys (ConfUtils.java:logGet(43)) - raft.server.log.statemachine.data.sync.timeout = 10s (default)
2019-07-13 12:43:07,319 INFO  server.RaftServerConfigKeys (ConfUtils.java:logGet(43)) - raft.server.log.statemachine.data.sync.timeout.retry = -1 (default)
2019-07-13 12:43:07,320 INFO  server.RaftServerConfigKeys (ConfUtils.java:logGet(43)) - raft.server.log.statemachine.data.sync.timeout.retry = -1 (default)
2019-07-13 12:43:07,320 INFO  server.RaftServerConfigKeys (ConfUtils.java:logGet(43)) - raft.server.log.statemachine.data.caching.enabled = true (custom)
2019-07-13 12:43:07,320 INFO  server.RaftServerConfigKeys (ConfUtils.java:logGet(43)) - raft.server.log.statemachine.data.caching.enabled = true (custom)
2019-07-13 12:43:07,320 INFO  segmented.SegmentedRaftLogWorker (SegmentedRaftLogWorker.java:lambda$new$0(132)) - 59d38224-75ed-4277-a1c8-7ba686e713e6-SegmentedRaftLogWorker:Storage Directory /tmp/workdir/hadoop-ozone/integration-test/target/test-dir/MiniOzoneClusterImpl-4b8da730-b866-4b25-9667-dd67e3f31850/datanode-3/data/ratis/9aa7493f-d89d-4c19-97de-ccdfe96872be: flushIndex: setUnconditionally 0 -> -1
2019-07-13 12:43:07,321 INFO  segmented.SegmentedRaftLogWorker (SegmentedRaftLogWorker.java:lambda$new$0(132)) - 871470d2-fc9d-433e-986f-aa95403a039c-SegmentedRaftLogWorker:Storage Directory /tmp/workdir/hadoop-ozone/integration-test/target/test-dir/MiniOzoneClusterImpl-4b8da730-b866-4b25-9667-dd67e3f31850/datanode-1/data/ratis/9aa7493f-d89d-4c19-97de-ccdfe96872be: flushIndex: setUnconditionally 0 -> -1
2019-07-13 12:43:07,321 INFO  server.RaftServerConfigKeys (ConfUtils.java:logGet(43)) - raft.server.snapshot.auto.trigger.enabled = true (custom)
2019-07-13 12:43:07,321 INFO  server.RaftServerConfigKeys (ConfUtils.java:logGet(43)) - raft.server.snapshot.auto.trigger.enabled = true (custom)
2019-07-13 12:43:07,321 INFO  server.RaftServerConfigKeys (ConfUtils.java:logGet(43)) - raft.server.snapshot.auto.trigger.threshold = 10000 (custom)
2019-07-13 12:43:07,321 INFO  server.RaftServerConfigKeys (ConfUtils.java:logGet(43)) - raft.server.snapshot.auto.trigger.threshold = 10000 (custom)
2019-07-13 12:43:07,323 INFO  server.RaftServerConfigKeys (ConfUtils.java:logGet(43)) - raft.server.retrycache.expirytime = 600000ms (custom)
2019-07-13 12:43:07,324 INFO  server.RaftServerConfigKeys (ConfUtils.java:logGet(43)) - raft.server.retrycache.expirytime = 600000ms (custom)
2019-07-13 12:43:07,326 INFO  impl.RaftServerImpl (RaftServerImpl.java:start(180)) - 59d38224-75ed-4277-a1c8-7ba686e713e6: start group-CCDFE96872BE
2019-07-13 12:43:07,326 INFO  impl.RaftServerImpl (RaftServerImpl.java:start(180)) - 871470d2-fc9d-433e-986f-aa95403a039c: start group-CCDFE96872BE
2019-07-13 12:43:07,326 INFO  impl.RaftServerImpl (RaftServerImpl.java:setRole(171)) - 59d38224-75ed-4277-a1c8-7ba686e713e6:group-CCDFE96872BE changes role from null to FOLLOWER at term 0 for startAsFollower
2019-07-13 12:43:07,326 INFO  impl.RaftServerImpl (RaftServerImpl.java:setRole(171)) - 871470d2-fc9d-433e-986f-aa95403a039c:group-CCDFE96872BE changes role from null to FOLLOWER at term 0 for startAsFollower
2019-07-13 12:43:07,328 INFO  impl.RoleInfo (RoleInfo.java:updateAndGet(143)) - 59d38224-75ed-4277-a1c8-7ba686e713e6: start FollowerState
2019-07-13 12:43:07,330 INFO  impl.RoleInfo (RoleInfo.java:updateAndGet(143)) - 871470d2-fc9d-433e-986f-aa95403a039c: start FollowerState
2019-07-13 12:43:07,331 INFO  util.JmxRegister (JmxRegister.java:tryRegister(44)) - Successfully registered JMX Bean with object name Ratis:service=RaftServer,group=group-CCDFE96872BE,id=59d38224-75ed-4277-a1c8-7ba686e713e6
2019-07-13 12:43:07,331 INFO  util.JmxRegister (JmxRegister.java:tryRegister(44)) - Successfully registered JMX Bean with object name Ratis:service=RaftServer,group=group-CCDFE96872BE,id=871470d2-fc9d-433e-986f-aa95403a039c
2019-07-13 12:43:07,332 INFO  rpc.RpcClient (RpcClient.java:createVolume(287)) - Creating Volume: closecontainerexceptionhandlingtest, with jenkins1000 as owner.
2019-07-13 12:43:07,351 INFO  pipeline.PipelineStateManager (PipelineStateManager.java:addPipeline(56)) - Created pipeline Pipeline[ Id: 9aa7493f-d89d-4c19-97de-ccdfe96872be, Nodes: 59d38224-75ed-4277-a1c8-7ba686e713e6{ip: 192.168.5.181, host: trunk-nightly-q2gwj-1111726333, networkLocation: /default-rack, certSerialId: null}b06b62c4-2995-4fa7-ae8b-9ab386ccd04d{ip: 192.168.5.181, host: trunk-nightly-q2gwj-1111726333, networkLocation: /default-rack, certSerialId: null}871470d2-fc9d-433e-986f-aa95403a039c{ip: 192.168.5.181, host: trunk-nightly-q2gwj-1111726333, networkLocation: /default-rack, certSerialId: null}, Type:RATIS, Factor:THREE, State:OPEN]
2019-07-13 12:43:07,392 INFO  impl.RaftServerProxy (RaftServerProxy.java:addNew(89)) - 18d86928-7cde-4fb7-976f-c69acd28448f: addNew group-51BDF06B2256:[cfaca831-532a-4f07-b790-e86f75eb7f58:192.168.5.181:46104, 36e5b639-ec74-40c3-816f-31ffc6ce5e4b:192.168.5.181:34153, 18d86928-7cde-4fb7-976f-c69acd28448f:192.168.5.181:42839] returns group-51BDF06B2256:java.util.concurrent.CompletableFuture@17fd5eb1[Not completed]
2019-07-13 12:43:07,392 INFO  impl.RaftServerProxy (RaftServerProxy.java:addNew(89)) - 36e5b639-ec74-40c3-816f-31ffc6ce5e4b: addNew group-51BDF06B2256:[cfaca831-532a-4f07-b790-e86f75eb7f58:192.168.5.181:46104, 36e5b639-ec74-40c3-816f-31ffc6ce5e4b:192.168.5.181:34153, 18d86928-7cde-4fb7-976f-c69acd28448f:192.168.5.181:42839] returns group-51BDF06B2256:java.util.concurrent.CompletableFuture@71f29a6f[Not completed]
2019-07-13 12:43:07,393 INFO  impl.RaftServerProxy (RaftServerProxy.java:addNew(89)) - cfaca831-532a-4f07-b790-e86f75eb7f58: addNew group-51BDF06B2256:[cfaca831-532a-4f07-b790-e86f75eb7f58:192.168.5.181:46104, 36e5b639-ec74-40c3-816f-31ffc6ce5e4b:192.168.5.181:34153, 18d86928-7cde-4fb7-976f-c69acd28448f:192.168.5.181:42839] returns group-51BDF06B2256:java.util.concurrent.CompletableFuture@5df6b9ae[Not completed]
2019-07-13 12:43:07,396 INFO  impl.RaftServerImpl (RaftServerImpl.java:<init>(93)) - 18d86928-7cde-4fb7-976f-c69acd28448f: new RaftServerImpl for group-51BDF06B2256:[cfaca831-532a-4f07-b790-e86f75eb7f58:192.168.5.181:46104, 36e5b639-ec74-40c3-816f-31ffc6ce5e4b:192.168.5.181:34153, 18d86928-7cde-4fb7-976f-c69acd28448f:192.168.5.181:42839] with ContainerStateMachine:uninitialized
2019-07-13 12:43:07,396 INFO  server.RaftServerConfigKeys (ConfUtils.java:logGet(43)) - raft.server.rpc.timeout.min = 5s (custom)
2019-07-13 12:43:07,397 INFO  server.RaftServerConfigKeys (ConfUtils.java:logGet(43)) - raft.server.rpc.timeout.max = 5200ms (custom)
2019-07-13 12:43:07,397 INFO  server.RaftServerConfigKeys (ConfUtils.java:logGet(43)) - raft.server.rpcslowness.timeout = 120s (custom)
2019-07-13 12:43:07,397 INFO  server.RaftServerConfigKeys (ConfUtils.java:logGet(43)) - raft.server.sleep.deviation.threshold = 300 (default)
2019-07-13 12:43:07,397 INFO  server.RaftServerConfigKeys (ConfUtils.java:logGet(43)) - raft.server.log.appender.install.snapshot.enabled = false (custom)
2019-07-13 12:43:07,397 INFO  impl.RaftServerImpl (ServerState.java:<init>(105)) - 18d86928-7cde-4fb7-976f-c69acd28448f:group-51BDF06B2256 ConfigurationManager, init=-1: [cfaca831-532a-4f07-b790-e86f75eb7f58:192.168.5.181:46104, 36e5b639-ec74-40c3-816f-31ffc6ce5e4b:192.168.5.181:34153, 18d86928-7cde-4fb7-976f-c69acd28448f:192.168.5.181:42839], old=null, confs=<EMPTY_MAP>
2019-07-13 12:43:07,397 INFO  impl.RaftServerImpl (RaftServerImpl.java:<init>(93)) - 36e5b639-ec74-40c3-816f-31ffc6ce5e4b: new RaftServerImpl for group-51BDF06B2256:[cfaca831-532a-4f07-b790-e86f75eb7f58:192.168.5.181:46104, 36e5b639-ec74-40c3-816f-31ffc6ce5e4b:192.168.5.181:34153, 18d86928-7cde-4fb7-976f-c69acd28448f:192.168.5.181:42839] with ContainerStateMachine:uninitialized
2019-07-13 12:43:07,397 INFO  server.RaftServerConfigKeys (ConfUtils.java:logGet(43)) - raft.server.storage.dir = [/tmp/workdir/hadoop-ozone/integration-test/target/test-dir/MiniOzoneClusterImpl-4b8da730-b866-4b25-9667-dd67e3f31850/datanode-0/data/ratis] (custom)
2019-07-13 12:43:07,398 INFO  server.RaftServerConfigKeys (ConfUtils.java:logGet(43)) - raft.server.rpc.timeout.min = 5s (custom)
2019-07-13 12:43:07,398 INFO  server.RaftServerConfigKeys (ConfUtils.java:logGet(43)) - raft.server.rpc.timeout.max = 5200ms (custom)
2019-07-13 12:43:07,398 INFO  storage.RaftStorageDirectory (RaftStorageDirectory.java:analyzeStorage(246)) - The storage directory /tmp/workdir/hadoop-ozone/integration-test/target/test-dir/MiniOzoneClusterImpl-4b8da730-b866-4b25-9667-dd67e3f31850/datanode-0/data/ratis/a5a7abce-ef00-4bc3-a8e1-51bdf06b2256 does not exist. Creating ...
2019-07-13 12:43:07,398 INFO  server.RaftServerConfigKeys (ConfUtils.java:logGet(43)) - raft.server.rpcslowness.timeout = 120s (custom)
2019-07-13 12:43:07,398 INFO  impl.RaftServerImpl (RaftServerImpl.java:<init>(93)) - cfaca831-532a-4f07-b790-e86f75eb7f58: new RaftServerImpl for group-51BDF06B2256:[cfaca831-532a-4f07-b790-e86f75eb7f58:192.168.5.181:46104, 36e5b639-ec74-40c3-816f-31ffc6ce5e4b:192.168.5.181:34153, 18d86928-7cde-4fb7-976f-c69acd28448f:192.168.5.181:42839] with ContainerStateMachine:uninitialized
2019-07-13 12:43:07,398 INFO  server.RaftServerConfigKeys (ConfUtils.java:logGet(43)) - raft.server.sleep.deviation.threshold = 300 (default)
2019-07-13 12:43:07,399 INFO  server.RaftServerConfigKeys (ConfUtils.java:logGet(43)) - raft.server.rpc.timeout.min = 5s (custom)
2019-07-13 12:43:07,399 INFO  server.RaftServerConfigKeys (ConfUtils.java:logGet(43)) - raft.server.log.appender.install.snapshot.enabled = false (custom)
2019-07-13 12:43:07,399 INFO  server.RaftServerConfigKeys (ConfUtils.java:logGet(43)) - raft.server.rpc.timeout.max = 5200ms (custom)
2019-07-13 12:43:07,399 INFO  impl.RaftServerImpl (ServerState.java:<init>(105)) - 36e5b639-ec74-40c3-816f-31ffc6ce5e4b:group-51BDF06B2256 ConfigurationManager, init=-1: [cfaca831-532a-4f07-b790-e86f75eb7f58:192.168.5.181:46104, 36e5b639-ec74-40c3-816f-31ffc6ce5e4b:192.168.5.181:34153, 18d86928-7cde-4fb7-976f-c69acd28448f:192.168.5.181:42839], old=null, confs=<EMPTY_MAP>
2019-07-13 12:43:07,399 INFO  server.RaftServerConfigKeys (ConfUtils.java:logGet(43)) - raft.server.rpcslowness.timeout = 120s (custom)
2019-07-13 12:43:07,399 INFO  server.RaftServerConfigKeys (ConfUtils.java:logGet(43)) - raft.server.storage.dir = [/tmp/workdir/hadoop-ozone/integration-test/target/test-dir/MiniOzoneClusterImpl-4b8da730-b866-4b25-9667-dd67e3f31850/datanode-4/data/ratis] (custom)
2019-07-13 12:43:07,399 INFO  server.RaftServerConfigKeys (ConfUtils.java:logGet(43)) - raft.server.sleep.deviation.threshold = 300 (default)
2019-07-13 12:43:07,400 INFO  server.RaftServerConfigKeys (ConfUtils.java:logGet(43)) - raft.server.log.appender.install.snapshot.enabled = false (custom)
2019-07-13 12:43:07,400 INFO  storage.RaftStorageDirectory (RaftStorageDirectory.java:analyzeStorage(246)) - The storage directory /tmp/workdir/hadoop-ozone/integration-test/target/test-dir/MiniOzoneClusterImpl-4b8da730-b866-4b25-9667-dd67e3f31850/datanode-4/data/ratis/a5a7abce-ef00-4bc3-a8e1-51bdf06b2256 does not exist. Creating ...
2019-07-13 12:43:07,400 INFO  impl.RaftServerImpl (ServerState.java:<init>(105)) - cfaca831-532a-4f07-b790-e86f75eb7f58:group-51BDF06B2256 ConfigurationManager, init=-1: [cfaca831-532a-4f07-b790-e86f75eb7f58:192.168.5.181:46104, 36e5b639-ec74-40c3-816f-31ffc6ce5e4b:192.168.5.181:34153, 18d86928-7cde-4fb7-976f-c69acd28448f:192.168.5.181:42839], old=null, confs=<EMPTY_MAP>
2019-07-13 12:43:07,400 INFO  server.RaftServerConfigKeys (ConfUtils.java:logGet(43)) - raft.server.storage.dir = [/tmp/workdir/hadoop-ozone/integration-test/target/test-dir/MiniOzoneClusterImpl-4b8da730-b866-4b25-9667-dd67e3f31850/datanode-2/data/ratis] (custom)
2019-07-13 12:43:07,401 INFO  storage.RaftStorageDirectory (RaftStorageDirectory.java:analyzeStorage(246)) - The storage directory /tmp/workdir/hadoop-ozone/integration-test/target/test-dir/MiniOzoneClusterImpl-4b8da730-b866-4b25-9667-dd67e3f31850/datanode-2/data/ratis/a5a7abce-ef00-4bc3-a8e1-51bdf06b2256 does not exist. Creating ...
2019-07-13 12:43:07,410 INFO  storage.RaftStorageDirectory (RaftStorageDirectory.java:tryLock(328)) - Lock on /tmp/workdir/hadoop-ozone/integration-test/target/test-dir/MiniOzoneClusterImpl-4b8da730-b866-4b25-9667-dd67e3f31850/datanode-2/data/ratis/a5a7abce-ef00-4bc3-a8e1-51bdf06b2256/in_use.lock acquired by nodename 19236@trunk-nightly-q2gwj-1111726333
2019-07-13 12:43:07,410 INFO  storage.RaftStorageDirectory (RaftStorageDirectory.java:tryLock(328)) - Lock on /tmp/workdir/hadoop-ozone/integration-test/target/test-dir/MiniOzoneClusterImpl-4b8da730-b866-4b25-9667-dd67e3f31850/datanode-4/data/ratis/a5a7abce-ef00-4bc3-a8e1-51bdf06b2256/in_use.lock acquired by nodename 19236@trunk-nightly-q2gwj-1111726333
2019-07-13 12:43:07,410 INFO  storage.RaftStorageDirectory (RaftStorageDirectory.java:tryLock(328)) - Lock on /tmp/workdir/hadoop-ozone/integration-test/target/test-dir/MiniOzoneClusterImpl-4b8da730-b866-4b25-9667-dd67e3f31850/datanode-0/data/ratis/a5a7abce-ef00-4bc3-a8e1-51bdf06b2256/in_use.lock acquired by nodename 19236@trunk-nightly-q2gwj-1111726333
2019-07-13 12:43:07,419 INFO  rpc.RpcClient (RpcClient.java:createBucket(424)) - Creating Bucket: closecontainerexceptionhandlingtest/closecontainerexceptionhandlingtest, with Versioning false and Storage Type set to DISK and Encryption set to false 
2019-07-13 12:43:07,423 INFO  storage.RaftStorage (RaftStorage.java:format(72)) - Storage directory /tmp/workdir/hadoop-ozone/integration-test/target/test-dir/MiniOzoneClusterImpl-4b8da730-b866-4b25-9667-dd67e3f31850/datanode-2/data/ratis/a5a7abce-ef00-4bc3-a8e1-51bdf06b2256 has been successfully formatted.
2019-07-13 12:43:07,423 INFO  storage.RaftStorage (RaftStorage.java:format(72)) - Storage directory /tmp/workdir/hadoop-ozone/integration-test/target/test-dir/MiniOzoneClusterImpl-4b8da730-b866-4b25-9667-dd67e3f31850/datanode-0/data/ratis/a5a7abce-ef00-4bc3-a8e1-51bdf06b2256 has been successfully formatted.
2019-07-13 12:43:07,424 INFO  ratis.ContainerStateMachine (ContainerStateMachine.java:loadSnapshot(200)) - The snapshot info is null.Setting the last applied index to:(t:0, i:~)
2019-07-13 12:43:07,423 INFO  storage.RaftStorage (RaftStorage.java:format(72)) - Storage directory /tmp/workdir/hadoop-ozone/integration-test/target/test-dir/MiniOzoneClusterImpl-4b8da730-b866-4b25-9667-dd67e3f31850/datanode-4/data/ratis/a5a7abce-ef00-4bc3-a8e1-51bdf06b2256 has been successfully formatted.
2019-07-13 12:43:07,424 INFO  ratis.ContainerStateMachine (ContainerStateMachine.java:loadSnapshot(200)) - The snapshot info is null.Setting the last applied index to:(t:0, i:~)
2019-07-13 12:43:07,424 INFO  server.RaftServerConfigKeys (ConfUtils.java:logGet(43)) - raft.server.leader.election.timeout = 120s (custom)
2019-07-13 12:43:07,424 INFO  server.RaftServerConfigKeys (ConfUtils.java:logGet(43)) - raft.server.leader.election.timeout = 120s (custom)
2019-07-13 12:43:07,424 INFO  ratis.ContainerStateMachine (ContainerStateMachine.java:loadSnapshot(200)) - The snapshot info is null.Setting the last applied index to:(t:0, i:~)
2019-07-13 12:43:07,425 INFO  server.RaftServerConfigKeys (ConfUtils.java:logGet(43)) - raft.server.log.use.memory = false (default)
2019-07-13 12:43:07,424 INFO  server.RaftServerConfigKeys (ConfUtils.java:logGet(43)) - raft.server.log.use.memory = false (default)
2019-07-13 12:43:07,425 INFO  server.RaftServerConfigKeys (ConfUtils.java:logGet(43)) - raft.server.log.purge.gap = 1000000000 (custom)
2019-07-13 12:43:07,425 INFO  server.RaftServerConfigKeys (ConfUtils.java:logGet(43)) - raft.server.leader.election.timeout = 120s (custom)
2019-07-13 12:43:07,425 INFO  server.RaftServerConfigKeys (ConfUtils.java:logGet(43)) - raft.server.log.appender.buffer.byte-limit = 33554432 (custom)
2019-07-13 12:43:07,425 INFO  server.RaftServerConfigKeys (ConfUtils.java:logGet(43)) - raft.server.log.purge.gap = 1000000000 (custom)
2019-07-13 12:43:07,426 INFO  server.RaftServerConfigKeys (ConfUtils.java:logGet(43)) - raft.server.log.segment.size.max = 1048576 (custom)
2019-07-13 12:43:07,425 INFO  server.RaftServerConfigKeys (ConfUtils.java:logGet(43)) - raft.server.log.use.memory = false (default)
2019-07-13 12:43:07,426 INFO  server.RaftServerConfigKeys (ConfUtils.java:logGet(43)) - raft.server.log.segment.cache.num.max = 2 (custom)
2019-07-13 12:43:07,426 INFO  server.RaftServerConfigKeys (ConfUtils.java:logGet(43)) - raft.server.log.appender.buffer.byte-limit = 33554432 (custom)
2019-07-13 12:43:07,426 INFO  segmented.SegmentedRaftLogWorker (SegmentedRaftLogWorker.java:<init>(172)) - new 18d86928-7cde-4fb7-976f-c69acd28448f-SegmentedRaftLogWorker:Storage Directory /tmp/workdir/hadoop-ozone/integration-test/target/test-dir/MiniOzoneClusterImpl-4b8da730-b866-4b25-9667-dd67e3f31850/datanode-0/data/ratis/a5a7abce-ef00-4bc3-a8e1-51bdf06b2256 for RaftStorage:Storage Directory /tmp/workdir/hadoop-ozone/integration-test/target/test-dir/MiniOzoneClusterImpl-4b8da730-b866-4b25-9667-dd67e3f31850/datanode-0/data/ratis/a5a7abce-ef00-4bc3-a8e1-51bdf06b2256
2019-07-13 12:43:07,426 INFO  server.RaftServerConfigKeys (ConfUtils.java:logGet(43)) - raft.server.log.purge.gap = 1000000000 (custom)
2019-07-13 12:43:07,426 INFO  server.RaftServerConfigKeys (ConfUtils.java:logGet(43)) - raft.server.log.queue.byte-limit = 2147483647 (custom)
2019-07-13 12:43:07,426 INFO  server.RaftServerConfigKeys (ConfUtils.java:logGet(43)) - raft.server.log.segment.size.max = 1048576 (custom)
2019-07-13 12:43:07,429 INFO  server.RaftServerConfigKeys (ConfUtils.java:logGet(43)) - raft.server.log.queue.element-limit = 1024 (custom)
2019-07-13 12:43:07,429 INFO  server.RaftServerConfigKeys (ConfUtils.java:logGet(43)) - raft.server.log.appender.buffer.byte-limit = 33554432 (custom)
2019-07-13 12:43:07,430 INFO  server.RaftServerConfigKeys (ConfUtils.java:logGet(43)) - raft.server.log.segment.size.max = 1048576 (custom)
2019-07-13 12:43:07,430 INFO  server.RaftServerConfigKeys (ConfUtils.java:logGet(43)) - raft.server.log.segment.cache.num.max = 2 (custom)
2019-07-13 12:43:07,430 INFO  server.RaftServerConfigKeys (ConfUtils.java:logGet(43)) - raft.server.log.preallocated.size = 16384 (custom)
2019-07-13 12:43:07,430 INFO  server.RaftServerConfigKeys (ConfUtils.java:logGet(43)) - raft.server.log.segment.size.max = 1048576 (custom)
2019-07-13 12:43:07,430 INFO  server.RaftServerConfigKeys (ConfUtils.java:logGet(43)) - raft.server.log.write.buffer.size = 33554432 (custom)
2019-07-13 12:43:07,430 INFO  segmented.SegmentedRaftLogWorker (SegmentedRaftLogWorker.java:<init>(172)) - new cfaca831-532a-4f07-b790-e86f75eb7f58-SegmentedRaftLogWorker:Storage Directory /tmp/workdir/hadoop-ozone/integration-test/target/test-dir/MiniOzoneClusterImpl-4b8da730-b866-4b25-9667-dd67e3f31850/datanode-2/data/ratis/a5a7abce-ef00-4bc3-a8e1-51bdf06b2256 for RaftStorage:Storage Directory /tmp/workdir/hadoop-ozone/integration-test/target/test-dir/MiniOzoneClusterImpl-4b8da730-b866-4b25-9667-dd67e3f31850/datanode-2/data/ratis/a5a7abce-ef00-4bc3-a8e1-51bdf06b2256
2019-07-13 12:43:07,431 INFO  server.RaftServerConfigKeys (ConfUtils.java:logGet(43)) - raft.server.log.force.sync.num = 128 (default)
2019-07-13 12:43:07,431 INFO  server.RaftServerConfigKeys (ConfUtils.java:logGet(43)) - raft.server.log.statemachine.data.sync = true (default)
2019-07-13 12:43:07,431 INFO  server.RaftServerConfigKeys (ConfUtils.java:logGet(43)) - raft.server.log.segment.cache.num.max = 2 (custom)
2019-07-13 12:43:07,433 INFO  server.RaftServerConfigKeys (ConfUtils.java:logGet(43)) - raft.server.log.statemachine.data.sync.timeout = 10s (default)
2019-07-13 12:43:07,431 INFO  server.RaftServerConfigKeys (ConfUtils.java:logGet(43)) - raft.server.log.queue.byte-limit = 2147483647 (custom)
2019-07-13 12:43:07,433 INFO  server.RaftServerConfigKeys (ConfUtils.java:logGet(43)) - raft.server.log.statemachine.data.sync.timeout.retry = -1 (default)
2019-07-13 12:43:07,433 INFO  segmented.SegmentedRaftLogWorker (SegmentedRaftLogWorker.java:<init>(172)) - new 36e5b639-ec74-40c3-816f-31ffc6ce5e4b-SegmentedRaftLogWorker:Storage Directory /tmp/workdir/hadoop-ozone/integration-test/target/test-dir/MiniOzoneClusterImpl-4b8da730-b866-4b25-9667-dd67e3f31850/datanode-4/data/ratis/a5a7abce-ef00-4bc3-a8e1-51bdf06b2256 for RaftStorage:Storage Directory /tmp/workdir/hadoop-ozone/integration-test/target/test-dir/MiniOzoneClusterImpl-4b8da730-b866-4b25-9667-dd67e3f31850/datanode-4/data/ratis/a5a7abce-ef00-4bc3-a8e1-51bdf06b2256
2019-07-13 12:43:07,433 INFO  server.RaftServerConfigKeys (ConfUtils.java:logGet(43)) - raft.server.log.queue.element-limit = 1024 (custom)
2019-07-13 12:43:07,435 INFO  server.RaftServerConfigKeys (ConfUtils.java:logGet(43)) - raft.server.log.statemachine.data.caching.enabled = true (custom)
2019-07-13 12:43:07,435 INFO  server.RaftServerConfigKeys (ConfUtils.java:logGet(43)) - raft.server.log.queue.byte-limit = 2147483647 (custom)
2019-07-13 12:43:07,435 INFO  server.RaftServerConfigKeys (ConfUtils.java:logGet(43)) - raft.server.log.segment.size.max = 1048576 (custom)
2019-07-13 12:43:07,437 INFO  server.RaftServerConfigKeys (ConfUtils.java:logGet(43)) - raft.server.log.queue.element-limit = 1024 (custom)
2019-07-13 12:43:07,437 INFO  segmented.SegmentedRaftLogWorker (SegmentedRaftLogWorker.java:lambda$new$0(132)) - 18d86928-7cde-4fb7-976f-c69acd28448f-SegmentedRaftLogWorker:Storage Directory /tmp/workdir/hadoop-ozone/integration-test/target/test-dir/MiniOzoneClusterImpl-4b8da730-b866-4b25-9667-dd67e3f31850/datanode-0/data/ratis/a5a7abce-ef00-4bc3-a8e1-51bdf06b2256: flushIndex: setUnconditionally 0 -> -1
2019-07-13 12:43:07,437 INFO  server.RaftServerConfigKeys (ConfUtils.java:logGet(43)) - raft.server.log.segment.size.max = 1048576 (custom)
2019-07-13 12:43:07,437 INFO  server.RaftServerConfigKeys (ConfUtils.java:logGet(43)) - raft.server.log.preallocated.size = 16384 (custom)
2019-07-13 12:43:07,437 INFO  server.RaftServerConfigKeys (ConfUtils.java:logGet(43)) - raft.server.snapshot.auto.trigger.enabled = true (custom)
2019-07-13 12:43:07,437 INFO  server.RaftServerConfigKeys (ConfUtils.java:logGet(43)) - raft.server.log.preallocated.size = 16384 (custom)
2019-07-13 12:43:07,438 INFO  server.RaftServerConfigKeys (ConfUtils.java:logGet(43)) - raft.server.snapshot.auto.trigger.threshold = 10000 (custom)
2019-07-13 12:43:07,437 INFO  server.RaftServerConfigKeys (ConfUtils.java:logGet(43)) - raft.server.log.write.buffer.size = 33554432 (custom)
2019-07-13 12:43:07,438 INFO  server.RaftServerConfigKeys (ConfUtils.java:logGet(43)) - raft.server.log.write.buffer.size = 33554432 (custom)
2019-07-13 12:43:07,438 INFO  server.RaftServerConfigKeys (ConfUtils.java:logGet(43)) - raft.server.log.force.sync.num = 128 (default)
2019-07-13 12:43:07,438 INFO  server.RaftServerConfigKeys (ConfUtils.java:logGet(43)) - raft.server.retrycache.expirytime = 600000ms (custom)
2019-07-13 12:43:07,438 INFO  server.RaftServerConfigKeys (ConfUtils.java:logGet(43)) - raft.server.log.statemachine.data.sync = true (default)
2019-07-13 12:43:07,438 INFO  impl.RaftServerImpl (RaftServerImpl.java:start(180)) - 18d86928-7cde-4fb7-976f-c69acd28448f: start group-51BDF06B2256
2019-07-13 12:43:07,438 INFO  server.RaftServerConfigKeys (ConfUtils.java:logGet(43)) - raft.server.log.force.sync.num = 128 (default)
2019-07-13 12:43:07,439 INFO  impl.RaftServerImpl (RaftServerImpl.java:setRole(171)) - 18d86928-7cde-4fb7-976f-c69acd28448f:group-51BDF06B2256 changes role from null to FOLLOWER at term 0 for startAsFollower
2019-07-13 12:43:07,439 INFO  server.RaftServerConfigKeys (ConfUtils.java:logGet(43)) - raft.server.log.statemachine.data.sync.timeout = 10s (default)
2019-07-13 12:43:07,439 INFO  impl.RoleInfo (RoleInfo.java:updateAndGet(143)) - 18d86928-7cde-4fb7-976f-c69acd28448f: start FollowerState
2019-07-13 12:43:07,439 INFO  server.RaftServerConfigKeys (ConfUtils.java:logGet(43)) - raft.server.log.statemachine.data.sync = true (default)
2019-07-13 12:43:07,439 INFO  server.RaftServerConfigKeys (ConfUtils.java:logGet(43)) - raft.server.log.statemachine.data.sync.timeout.retry = -1 (default)
2019-07-13 12:43:07,440 INFO  util.JmxRegister (JmxRegister.java:tryRegister(44)) - Successfully registered JMX Bean with object name Ratis:service=RaftServer,group=group-51BDF06B2256,id=18d86928-7cde-4fb7-976f-c69acd28448f
2019-07-13 12:43:07,440 INFO  server.RaftServerConfigKeys (ConfUtils.java:logGet(43)) - raft.server.log.statemachine.data.sync.timeout = 10s (default)
2019-07-13 12:43:07,440 INFO  server.RaftServerConfigKeys (ConfUtils.java:logGet(43)) - raft.server.log.statemachine.data.caching.enabled = true (custom)
2019-07-13 12:43:07,440 INFO  server.RaftServerConfigKeys (ConfUtils.java:logGet(43)) - raft.server.log.statemachine.data.sync.timeout.retry = -1 (default)
2019-07-13 12:43:07,440 INFO  segmented.SegmentedRaftLogWorker (SegmentedRaftLogWorker.java:lambda$new$0(132)) - cfaca831-532a-4f07-b790-e86f75eb7f58-SegmentedRaftLogWorker:Storage Directory /tmp/workdir/hadoop-ozone/integration-test/target/test-dir/MiniOzoneClusterImpl-4b8da730-b866-4b25-9667-dd67e3f31850/datanode-2/data/ratis/a5a7abce-ef00-4bc3-a8e1-51bdf06b2256: flushIndex: setUnconditionally 0 -> -1
2019-07-13 12:43:07,440 INFO  server.RaftServerConfigKeys (ConfUtils.java:logGet(43)) - raft.server.log.statemachine.data.caching.enabled = true (custom)
2019-07-13 12:43:07,440 INFO  server.RaftServerConfigKeys (ConfUtils.java:logGet(43)) - raft.server.snapshot.auto.trigger.enabled = true (custom)
2019-07-13 12:43:07,441 INFO  server.RaftServerConfigKeys (ConfUtils.java:logGet(43)) - raft.server.snapshot.auto.trigger.threshold = 10000 (custom)
2019-07-13 12:43:07,441 INFO  segmented.SegmentedRaftLogWorker (SegmentedRaftLogWorker.java:lambda$new$0(132)) - 36e5b639-ec74-40c3-816f-31ffc6ce5e4b-SegmentedRaftLogWorker:Storage Directory /tmp/workdir/hadoop-ozone/integration-test/target/test-dir/MiniOzoneClusterImpl-4b8da730-b866-4b25-9667-dd67e3f31850/datanode-4/data/ratis/a5a7abce-ef00-4bc3-a8e1-51bdf06b2256: flushIndex: setUnconditionally 0 -> -1
2019-07-13 12:43:07,441 INFO  server.RaftServerConfigKeys (ConfUtils.java:logGet(43)) - raft.server.retrycache.expirytime = 600000ms (custom)
2019-07-13 12:43:07,441 INFO  impl.RaftServerImpl (RaftServerImpl.java:start(180)) - cfaca831-532a-4f07-b790-e86f75eb7f58: start group-51BDF06B2256
2019-07-13 12:43:07,441 INFO  server.RaftServerConfigKeys (ConfUtils.java:logGet(43)) - raft.server.snapshot.auto.trigger.enabled = true (custom)
2019-07-13 12:43:07,441 INFO  impl.RaftServerImpl (RaftServerImpl.java:setRole(171)) - cfaca831-532a-4f07-b790-e86f75eb7f58:group-51BDF06B2256 changes role from null to FOLLOWER at term 0 for startAsFollower
2019-07-13 12:43:07,441 INFO  server.RaftServerConfigKeys (ConfUtils.java:logGet(43)) - raft.server.snapshot.auto.trigger.threshold = 10000 (custom)
2019-07-13 12:43:07,441 INFO  impl.RoleInfo (RoleInfo.java:updateAndGet(143)) - cfaca831-532a-4f07-b790-e86f75eb7f58: start FollowerState
2019-07-13 12:43:07,442 INFO  server.RaftServerConfigKeys (ConfUtils.java:logGet(43)) - raft.server.retrycache.expirytime = 600000ms (custom)
2019-07-13 12:43:07,442 INFO  util.JmxRegister (JmxRegister.java:tryRegister(44)) - Successfully registered JMX Bean with object name Ratis:service=RaftServer,group=group-51BDF06B2256,id=cfaca831-532a-4f07-b790-e86f75eb7f58
2019-07-13 12:43:07,442 INFO  impl.RaftServerImpl (RaftServerImpl.java:start(180)) - 36e5b639-ec74-40c3-816f-31ffc6ce5e4b: start group-51BDF06B2256
2019-07-13 12:43:07,442 INFO  impl.RaftServerImpl (RaftServerImpl.java:setRole(171)) - 36e5b639-ec74-40c3-816f-31ffc6ce5e4b:group-51BDF06B2256 changes role from null to FOLLOWER at term 0 for startAsFollower
2019-07-13 12:43:07,444 INFO  impl.RoleInfo (RoleInfo.java:updateAndGet(143)) - 36e5b639-ec74-40c3-816f-31ffc6ce5e4b: start FollowerState
2019-07-13 12:43:07,444 INFO  util.JmxRegister (JmxRegister.java:tryRegister(44)) - Successfully registered JMX Bean with object name Ratis:service=RaftServer,group=group-51BDF06B2256,id=36e5b639-ec74-40c3-816f-31ffc6ce5e4b
2019-07-13 12:43:07,462 INFO  pipeline.PipelineStateManager (PipelineStateManager.java:addPipeline(56)) - Created pipeline Pipeline[ Id: a5a7abce-ef00-4bc3-a8e1-51bdf06b2256, Nodes: 18d86928-7cde-4fb7-976f-c69acd28448f{ip: 192.168.5.181, host: trunk-nightly-q2gwj-1111726333, networkLocation: /default-rack, certSerialId: null}cfaca831-532a-4f07-b790-e86f75eb7f58{ip: 192.168.5.181, host: trunk-nightly-q2gwj-1111726333, networkLocation: /default-rack, certSerialId: null}36e5b639-ec74-40c3-816f-31ffc6ce5e4b{ip: 192.168.5.181, host: trunk-nightly-q2gwj-1111726333, networkLocation: /default-rack, certSerialId: null}, Type:RATIS, Factor:THREE, State:OPEN]
2019-07-13 12:43:07,808 INFO  client.GrpcClientProtocolClient (GrpcClientProtocolClient.java:onNext(255)) - client-4A55A5C70162->59d38224-75ed-4277-a1c8-7ba686e713e6: receive RaftClientReply:client-4A55A5C70162->59d38224-75ed-4277-a1c8-7ba686e713e6@group-CCDFE96872BE, cid=13, FAILED org.apache.ratis.protocol.NotLeaderException: Server 59d38224-75ed-4277-a1c8-7ba686e713e6 is not the leader (null). Request must be sent to leader., logIndex=0, commits[59d38224-75ed-4277-a1c8-7ba686e713e6:c-1]
2019-07-13 12:43:08,523 INFO  container.ReplicationManager (ReplicationManager.java:start(155)) - Starting Replication Monitor Thread.
2019-07-13 12:43:08,527 INFO  container.ReplicationManager (ReplicationManager.java:run(207)) - Replication Monitor Thread took 2 milliseconds for processing 1 containers.
2019-07-13 12:43:08,873 INFO  client.GrpcClientProtocolClient (GrpcClientProtocolClient.java:onNext(255)) - client-4A55A5C70162->b06b62c4-2995-4fa7-ae8b-9ab386ccd04d: receive RaftClientReply:client-4A55A5C70162->b06b62c4-2995-4fa7-ae8b-9ab386ccd04d@group-CCDFE96872BE, cid=13, FAILED org.apache.ratis.protocol.NotLeaderException: Server b06b62c4-2995-4fa7-ae8b-9ab386ccd04d is not the leader (null). Request must be sent to leader., logIndex=0, commits[b06b62c4-2995-4fa7-ae8b-9ab386ccd04d:c-1]
2019-07-13 12:43:09,929 INFO  client.GrpcClientProtocolClient (GrpcClientProtocolClient.java:onNext(255)) - client-4A55A5C70162->59d38224-75ed-4277-a1c8-7ba686e713e6: receive RaftClientReply:client-4A55A5C70162->59d38224-75ed-4277-a1c8-7ba686e713e6@group-CCDFE96872BE, cid=13, FAILED org.apache.ratis.protocol.NotLeaderException: Server 59d38224-75ed-4277-a1c8-7ba686e713e6 is not the leader (null). Request must be sent to leader., logIndex=0, commits[59d38224-75ed-4277-a1c8-7ba686e713e6:c-1]
2019-07-13 12:43:10,969 INFO  client.GrpcClientProtocolClient (GrpcClientProtocolClient.java:onNext(255)) - client-4A55A5C70162->871470d2-fc9d-433e-986f-aa95403a039c: receive RaftClientReply:client-4A55A5C70162->871470d2-fc9d-433e-986f-aa95403a039c@group-CCDFE96872BE, cid=13, FAILED org.apache.ratis.protocol.NotLeaderException: Server 871470d2-fc9d-433e-986f-aa95403a039c is not the leader (null). Request must be sent to leader., logIndex=0, commits[871470d2-fc9d-433e-986f-aa95403a039c:c-1]
2019-07-13 12:43:11,735 INFO  impl.FollowerState (FollowerState.java:run(106)) - 18d86928-7cde-4fb7-976f-c69acd28448f:group-EA261660F69F changes to CANDIDATE, lastRpcTime:5059, electionTimeout:5058ms
2019-07-13 12:43:11,735 INFO  impl.RoleInfo (RoleInfo.java:shutdownFollowerState(121)) - 18d86928-7cde-4fb7-976f-c69acd28448f: shutdown FollowerState
2019-07-13 12:43:11,735 INFO  impl.RaftServerImpl (RaftServerImpl.java:setRole(171)) - 18d86928-7cde-4fb7-976f-c69acd28448f:group-EA261660F69F changes role from FOLLOWER to CANDIDATE at term 0 for changeToCandidate
2019-07-13 12:43:11,738 INFO  impl.RoleInfo (RoleInfo.java:updateAndGet(143)) - 18d86928-7cde-4fb7-976f-c69acd28448f: start LeaderElection
2019-07-13 12:43:11,754 INFO  impl.LeaderElection (LeaderElection.java:askForVotes(181)) - 18d86928-7cde-4fb7-976f-c69acd28448f:group-EA261660F69F:LeaderElection1: begin an election at term 1 for -1: [18d86928-7cde-4fb7-976f-c69acd28448f:192.168.5.181:42839], old=null
2019-07-13 12:43:11,755 INFO  impl.RoleInfo (RoleInfo.java:shutdownLeaderElection(134)) - 18d86928-7cde-4fb7-976f-c69acd28448f: shutdown LeaderElection
2019-07-13 12:43:11,756 INFO  impl.RaftServerImpl (RaftServerImpl.java:setRole(171)) - 18d86928-7cde-4fb7-976f-c69acd28448f:group-EA261660F69F changes role from CANDIDATE to LEADER at term 1 for changeToLeader
2019-07-13 12:43:11,756 INFO  impl.RaftServerImpl (ServerState.java:setLeader(263)) - 18d86928-7cde-4fb7-976f-c69acd28448f:group-EA261660F69F change Leader from null to 18d86928-7cde-4fb7-976f-c69acd28448f at term 1 for becomeLeader, leader elected after 5172ms
2019-07-13 12:43:11,763 INFO  server.RaftServerConfigKeys (ConfUtils.java:logGet(43)) - raft.server.staging.catchup.gap = 1000 (default)
2019-07-13 12:43:11,763 INFO  server.RaftServerConfigKeys (ConfUtils.java:logGet(43)) - raft.server.rpc.sleep.time = 25ms (default)
2019-07-13 12:43:11,766 INFO  server.RaftServerConfigKeys (ConfUtils.java:logGet(43)) - raft.server.write.element-limit = 4096 (default)
2019-07-13 12:43:11,769 INFO  server.RaftServerConfigKeys (ConfUtils.java:logGet(43)) - raft.server.watch.timeout = 10s (default)
2019-07-13 12:43:11,769 INFO  server.RaftServerConfigKeys (ConfUtils.java:logGet(43)) - raft.server.watch.timeout.denomination = 1s (default)
2019-07-13 12:43:11,770 INFO  server.RaftServerConfigKeys (ConfUtils.java:logGet(43)) - raft.server.watch.element-limit = 65536 (default)
2019-07-13 12:43:11,780 INFO  impl.RoleInfo (RoleInfo.java:updateAndGet(143)) - 18d86928-7cde-4fb7-976f-c69acd28448f: start LeaderState
2019-07-13 12:43:11,808 INFO  segmented.SegmentedRaftLogWorker (SegmentedRaftLogWorker.java:startLogSegment(380)) - 18d86928-7cde-4fb7-976f-c69acd28448f-SegmentedRaftLogWorker:Storage Directory /tmp/workdir/hadoop-ozone/integration-test/target/test-dir/MiniOzoneClusterImpl-4b8da730-b866-4b25-9667-dd67e3f31850/datanode-0/data/ratis/f42d7790-1c02-4b57-a473-ea261660f69f: Starting segment from index:0
2019-07-13 12:43:11,817 INFO  impl.RaftServerImpl (ServerState.java:setRaftConf(361)) - 18d86928-7cde-4fb7-976f-c69acd28448f:group-EA261660F69F set configuration 0: [18d86928-7cde-4fb7-976f-c69acd28448f:192.168.5.181:42839], old=null at 0
2019-07-13 12:43:11,942 INFO  impl.FollowerState (FollowerState.java:run(106)) - 59d38224-75ed-4277-a1c8-7ba686e713e6:group-F3890F1D69CE changes to CANDIDATE, lastRpcTime:5079, electionTimeout:5078ms
2019-07-13 12:43:11,944 INFO  impl.RoleInfo (RoleInfo.java:shutdownFollowerState(121)) - 59d38224-75ed-4277-a1c8-7ba686e713e6: shutdown FollowerState
2019-07-13 12:43:11,944 INFO  impl.RaftServerImpl (RaftServerImpl.java:setRole(171)) - 59d38224-75ed-4277-a1c8-7ba686e713e6:group-F3890F1D69CE changes role from FOLLOWER to CANDIDATE at term 0 for changeToCandidate
2019-07-13 12:43:11,944 INFO  impl.RoleInfo (RoleInfo.java:updateAndGet(143)) - 59d38224-75ed-4277-a1c8-7ba686e713e6: start LeaderElection
2019-07-13 12:43:11,959 INFO  impl.LeaderElection (LeaderElection.java:askForVotes(181)) - 59d38224-75ed-4277-a1c8-7ba686e713e6:group-F3890F1D69CE:LeaderElection2: begin an election at term 1 for -1: [59d38224-75ed-4277-a1c8-7ba686e713e6:192.168.5.181:34427], old=null
2019-07-13 12:43:11,961 INFO  impl.RoleInfo (RoleInfo.java:shutdownLeaderElection(134)) - 59d38224-75ed-4277-a1c8-7ba686e713e6: shutdown LeaderElection
2019-07-13 12:43:11,961 INFO  impl.RaftServerImpl (RaftServerImpl.java:setRole(171)) - 59d38224-75ed-4277-a1c8-7ba686e713e6:group-F3890F1D69CE changes role from CANDIDATE to LEADER at term 1 for changeToLeader
2019-07-13 12:43:11,961 INFO  impl.RaftServerImpl (ServerState.java:setLeader(263)) - 59d38224-75ed-4277-a1c8-7ba686e713e6:group-F3890F1D69CE change Leader from null to 59d38224-75ed-4277-a1c8-7ba686e713e6 at term 1 for becomeLeader, leader elected after 5105ms
2019-07-13 12:43:11,961 INFO  server.RaftServerConfigKeys (ConfUtils.java:logGet(43)) - raft.server.staging.catchup.gap = 1000 (default)
2019-07-13 12:43:11,962 INFO  server.RaftServerConfigKeys (ConfUtils.java:logGet(43)) - raft.server.rpc.sleep.time = 25ms (default)
2019-07-13 12:43:11,962 INFO  server.RaftServerConfigKeys (ConfUtils.java:logGet(43)) - raft.server.write.element-limit = 4096 (default)
2019-07-13 12:43:11,962 INFO  server.RaftServerConfigKeys (ConfUtils.java:logGet(43)) - raft.server.watch.timeout = 10s (default)
2019-07-13 12:43:11,962 INFO  server.RaftServerConfigKeys (ConfUtils.java:logGet(43)) - raft.server.watch.timeout.denomination = 1s (default)
2019-07-13 12:43:11,962 INFO  server.RaftServerConfigKeys (ConfUtils.java:logGet(43)) - raft.server.watch.element-limit = 65536 (default)
2019-07-13 12:43:11,963 INFO  impl.RoleInfo (RoleInfo.java:updateAndGet(143)) - 59d38224-75ed-4277-a1c8-7ba686e713e6: start LeaderState
2019-07-13 12:43:11,963 INFO  segmented.SegmentedRaftLogWorker (SegmentedRaftLogWorker.java:startLogSegment(380)) - 59d38224-75ed-4277-a1c8-7ba686e713e6-SegmentedRaftLogWorker:Storage Directory /tmp/workdir/hadoop-ozone/integration-test/target/test-dir/MiniOzoneClusterImpl-4b8da730-b866-4b25-9667-dd67e3f31850/datanode-3/data/ratis/cc455556-2865-48c1-9be3-f3890f1d69ce: Starting segment from index:0
2019-07-13 12:43:11,963 INFO  impl.RaftServerImpl (ServerState.java:setRaftConf(361)) - 59d38224-75ed-4277-a1c8-7ba686e713e6:group-F3890F1D69CE set configuration 0: [59d38224-75ed-4277-a1c8-7ba686e713e6:192.168.5.181:34427], old=null at 0
2019-07-13 12:43:11,991 INFO  impl.FollowerState (FollowerState.java:run(106)) - b06b62c4-2995-4fa7-ae8b-9ab386ccd04d:group-C92501F94571 changes to CANDIDATE, lastRpcTime:5059, electionTimeout:5059ms
2019-07-13 12:43:11,991 INFO  impl.RoleInfo (RoleInfo.java:shutdownFollowerState(121)) - b06b62c4-2995-4fa7-ae8b-9ab386ccd04d: shutdown FollowerState
2019-07-13 12:43:11,992 INFO  impl.RaftServerImpl (RaftServerImpl.java:setRole(171)) - b06b62c4-2995-4fa7-ae8b-9ab386ccd04d:group-C92501F94571 changes role from FOLLOWER to CANDIDATE at term 0 for changeToCandidate
2019-07-13 12:43:11,992 INFO  impl.RoleInfo (RoleInfo.java:updateAndGet(143)) - b06b62c4-2995-4fa7-ae8b-9ab386ccd04d: start LeaderElection
2019-07-13 12:43:12,004 INFO  segmented.SegmentedRaftLogWorker (SegmentedRaftLogWorker.java:execute(569)) - 18d86928-7cde-4fb7-976f-c69acd28448f-SegmentedRaftLogWorker:Storage Directory /tmp/workdir/hadoop-ozone/integration-test/target/test-dir/MiniOzoneClusterImpl-4b8da730-b866-4b25-9667-dd67e3f31850/datanode-0/data/ratis/f42d7790-1c02-4b57-a473-ea261660f69f: created new log segment /tmp/workdir/hadoop-ozone/integration-test/target/test-dir/MiniOzoneClusterImpl-4b8da730-b866-4b25-9667-dd67e3f31850/datanode-0/data/ratis/f42d7790-1c02-4b57-a473-ea261660f69f/current/log_inprogress_0
2019-07-13 12:43:12,004 INFO  impl.LeaderElection (LeaderElection.java:askForVotes(181)) - b06b62c4-2995-4fa7-ae8b-9ab386ccd04d:group-C92501F94571:LeaderElection3: begin an election at term 1 for -1: [b06b62c4-2995-4fa7-ae8b-9ab386ccd04d:192.168.5.181:33693], old=null
2019-07-13 12:43:12,004 INFO  segmented.SegmentedRaftLogWorker (SegmentedRaftLogWorker.java:execute(569)) - 59d38224-75ed-4277-a1c8-7ba686e713e6-SegmentedRaftLogWorker:Storage Directory /tmp/workdir/hadoop-ozone/integration-test/target/test-dir/MiniOzoneClusterImpl-4b8da730-b866-4b25-9667-dd67e3f31850/datanode-3/data/ratis/cc455556-2865-48c1-9be3-f3890f1d69ce: created new log segment /tmp/workdir/hadoop-ozone/integration-test/target/test-dir/MiniOzoneClusterImpl-4b8da730-b866-4b25-9667-dd67e3f31850/datanode-3/data/ratis/cc455556-2865-48c1-9be3-f3890f1d69ce/current/log_inprogress_0
2019-07-13 12:43:12,006 INFO  impl.RoleInfo (RoleInfo.java:shutdownLeaderElection(134)) - b06b62c4-2995-4fa7-ae8b-9ab386ccd04d: shutdown LeaderElection
2019-07-13 12:43:12,007 INFO  impl.RaftServerImpl (RaftServerImpl.java:setRole(171)) - b06b62c4-2995-4fa7-ae8b-9ab386ccd04d:group-C92501F94571 changes role from CANDIDATE to LEADER at term 1 for changeToLeader
2019-07-13 12:43:12,007 INFO  impl.RaftServerImpl (ServerState.java:setLeader(263)) - b06b62c4-2995-4fa7-ae8b-9ab386ccd04d:group-C92501F94571 change Leader from null to b06b62c4-2995-4fa7-ae8b-9ab386ccd04d at term 1 for becomeLeader, leader elected after 5080ms
2019-07-13 12:43:12,007 INFO  client.GrpcClientProtocolClient (GrpcClientProtocolClient.java:onNext(255)) - client-4A55A5C70162->59d38224-75ed-4277-a1c8-7ba686e713e6: receive RaftClientReply:client-4A55A5C70162->59d38224-75ed-4277-a1c8-7ba686e713e6@group-CCDFE96872BE, cid=13, FAILED org.apache.ratis.protocol.NotLeaderException: Server 59d38224-75ed-4277-a1c8-7ba686e713e6 is not the leader (null). Request must be sent to leader., logIndex=0, commits[59d38224-75ed-4277-a1c8-7ba686e713e6:c-1]
2019-07-13 12:43:12,013 INFO  server.RaftServerConfigKeys (ConfUtils.java:logGet(43)) - raft.server.staging.catchup.gap = 1000 (default)
2019-07-13 12:43:12,016 INFO  server.RaftServerConfigKeys (ConfUtils.java:logGet(43)) - raft.server.rpc.sleep.time = 25ms (default)
2019-07-13 12:43:12,017 INFO  server.RaftServerConfigKeys (ConfUtils.java:logGet(43)) - raft.server.write.element-limit = 4096 (default)
2019-07-13 12:43:12,017 INFO  server.RaftServerConfigKeys (ConfUtils.java:logGet(43)) - raft.server.watch.timeout = 10s (default)
2019-07-13 12:43:12,019 INFO  server.RaftServerConfigKeys (ConfUtils.java:logGet(43)) - raft.server.watch.timeout.denomination = 1s (default)
2019-07-13 12:43:12,020 INFO  server.RaftServerConfigKeys (ConfUtils.java:logGet(43)) - raft.server.watch.element-limit = 65536 (default)
2019-07-13 12:43:12,022 INFO  impl.RoleInfo (RoleInfo.java:updateAndGet(143)) - b06b62c4-2995-4fa7-ae8b-9ab386ccd04d: start LeaderState
2019-07-13 12:43:12,022 INFO  segmented.SegmentedRaftLogWorker (SegmentedRaftLogWorker.java:startLogSegment(380)) - b06b62c4-2995-4fa7-ae8b-9ab386ccd04d-SegmentedRaftLogWorker:Storage Directory /tmp/workdir/hadoop-ozone/integration-test/target/test-dir/MiniOzoneClusterImpl-4b8da730-b866-4b25-9667-dd67e3f31850/datanode-5/data/ratis/e5b5154b-4815-4b55-8a5e-c92501f94571: Starting segment from index:0
2019-07-13 12:43:12,023 INFO  impl.RaftServerImpl (ServerState.java:setRaftConf(361)) - b06b62c4-2995-4fa7-ae8b-9ab386ccd04d:group-C92501F94571 set configuration 0: [b06b62c4-2995-4fa7-ae8b-9ab386ccd04d:192.168.5.181:33693], old=null at 0
2019-07-13 12:43:12,045 INFO  segmented.SegmentedRaftLogWorker (SegmentedRaftLogWorker.java:execute(569)) - b06b62c4-2995-4fa7-ae8b-9ab386ccd04d-SegmentedRaftLogWorker:Storage Directory /tmp/workdir/hadoop-ozone/integration-test/target/test-dir/MiniOzoneClusterImpl-4b8da730-b866-4b25-9667-dd67e3f31850/datanode-5/data/ratis/e5b5154b-4815-4b55-8a5e-c92501f94571: created new log segment /tmp/workdir/hadoop-ozone/integration-test/target/test-dir/MiniOzoneClusterImpl-4b8da730-b866-4b25-9667-dd67e3f31850/datanode-5/data/ratis/e5b5154b-4815-4b55-8a5e-c92501f94571/current/log_inprogress_0
2019-07-13 12:43:12,070 INFO  impl.FollowerState (FollowerState.java:run(106)) - 871470d2-fc9d-433e-986f-aa95403a039c:group-4166103317EA changes to CANDIDATE, lastRpcTime:5060, electionTimeout:5060ms
2019-07-13 12:43:12,070 INFO  impl.RoleInfo (RoleInfo.java:shutdownFollowerState(121)) - 871470d2-fc9d-433e-986f-aa95403a039c: shutdown FollowerState
2019-07-13 12:43:12,070 INFO  impl.RaftServerImpl (RaftServerImpl.java:setRole(171)) - 871470d2-fc9d-433e-986f-aa95403a039c:group-4166103317EA changes role from FOLLOWER to CANDIDATE at term 0 for changeToCandidate
2019-07-13 12:43:12,070 INFO  impl.RoleInfo (RoleInfo.java:updateAndGet(143)) - 871470d2-fc9d-433e-986f-aa95403a039c: start LeaderElection
2019-07-13 12:43:12,080 INFO  impl.LeaderElection (LeaderElection.java:askForVotes(181)) - 871470d2-fc9d-433e-986f-aa95403a039c:group-4166103317EA:LeaderElection4: begin an election at term 1 for -1: [871470d2-fc9d-433e-986f-aa95403a039c:192.168.5.181:45526], old=null
2019-07-13 12:43:12,082 INFO  impl.RoleInfo (RoleInfo.java:shutdownLeaderElection(134)) - 871470d2-fc9d-433e-986f-aa95403a039c: shutdown LeaderElection
2019-07-13 12:43:12,082 INFO  impl.RaftServerImpl (RaftServerImpl.java:setRole(171)) - 871470d2-fc9d-433e-986f-aa95403a039c:group-4166103317EA changes role from CANDIDATE to LEADER at term 1 for changeToLeader
2019-07-13 12:43:12,082 INFO  impl.RaftServerImpl (ServerState.java:setLeader(263)) - 871470d2-fc9d-433e-986f-aa95403a039c:group-4166103317EA change Leader from null to 871470d2-fc9d-433e-986f-aa95403a039c at term 1 for becomeLeader, leader elected after 5078ms
2019-07-13 12:43:12,082 INFO  server.RaftServerConfigKeys (ConfUtils.java:logGet(43)) - raft.server.staging.catchup.gap = 1000 (default)
2019-07-13 12:43:12,083 INFO  server.RaftServerConfigKeys (ConfUtils.java:logGet(43)) - raft.server.rpc.sleep.time = 25ms (default)
2019-07-13 12:43:12,083 INFO  server.RaftServerConfigKeys (ConfUtils.java:logGet(43)) - raft.server.write.element-limit = 4096 (default)
2019-07-13 12:43:12,083 INFO  server.RaftServerConfigKeys (ConfUtils.java:logGet(43)) - raft.server.watch.timeout = 10s (default)
2019-07-13 12:43:12,083 INFO  server.RaftServerConfigKeys (ConfUtils.java:logGet(43)) - raft.server.watch.timeout.denomination = 1s (default)
2019-07-13 12:43:12,083 INFO  server.RaftServerConfigKeys (ConfUtils.java:logGet(43)) - raft.server.watch.element-limit = 65536 (default)
2019-07-13 12:43:12,084 INFO  impl.RoleInfo (RoleInfo.java:updateAndGet(143)) - 871470d2-fc9d-433e-986f-aa95403a039c: start LeaderState
2019-07-13 12:43:12,084 INFO  segmented.SegmentedRaftLogWorker (SegmentedRaftLogWorker.java:startLogSegment(380)) - 871470d2-fc9d-433e-986f-aa95403a039c-SegmentedRaftLogWorker:Storage Directory /tmp/workdir/hadoop-ozone/integration-test/target/test-dir/MiniOzoneClusterImpl-4b8da730-b866-4b25-9667-dd67e3f31850/datanode-1/data/ratis/d192b1d6-9045-4675-a1e3-4166103317ea: Starting segment from index:0
2019-07-13 12:43:12,085 INFO  impl.RaftServerImpl (ServerState.java:setRaftConf(361)) - 871470d2-fc9d-433e-986f-aa95403a039c:group-4166103317EA set configuration 0: [871470d2-fc9d-433e-986f-aa95403a039c:192.168.5.181:45526], old=null at 0
2019-07-13 12:43:12,109 INFO  segmented.SegmentedRaftLogWorker (SegmentedRaftLogWorker.java:execute(569)) - 871470d2-fc9d-433e-986f-aa95403a039c-SegmentedRaftLogWorker:Storage Directory /tmp/workdir/hadoop-ozone/integration-test/target/test-dir/MiniOzoneClusterImpl-4b8da730-b866-4b25-9667-dd67e3f31850/datanode-1/data/ratis/d192b1d6-9045-4675-a1e3-4166103317ea: created new log segment /tmp/workdir/hadoop-ozone/integration-test/target/test-dir/MiniOzoneClusterImpl-4b8da730-b866-4b25-9667-dd67e3f31850/datanode-1/data/ratis/d192b1d6-9045-4675-a1e3-4166103317ea/current/log_inprogress_0
2019-07-13 12:43:12,134 INFO  impl.FollowerState (FollowerState.java:run(106)) - 36e5b639-ec74-40c3-816f-31ffc6ce5e4b:group-9D3D860CEECB changes to CANDIDATE, lastRpcTime:5011, electionTimeout:5011ms
2019-07-13 12:43:12,134 INFO  impl.RoleInfo (RoleInfo.java:shutdownFollowerState(121)) - 36e5b639-ec74-40c3-816f-31ffc6ce5e4b: shutdown FollowerState
2019-07-13 12:43:12,134 INFO  impl.RaftServerImpl (RaftServerImpl.java:setRole(171)) - 36e5b639-ec74-40c3-816f-31ffc6ce5e4b:group-9D3D860CEECB changes role from FOLLOWER to CANDIDATE at term 0 for changeToCandidate
2019-07-13 12:43:12,134 INFO  impl.RoleInfo (RoleInfo.java:updateAndGet(143)) - 36e5b639-ec74-40c3-816f-31ffc6ce5e4b: start LeaderElection
2019-07-13 12:43:12,141 INFO  impl.LeaderElection (LeaderElection.java:askForVotes(181)) - 36e5b639-ec74-40c3-816f-31ffc6ce5e4b:group-9D3D860CEECB:LeaderElection5: begin an election at term 1 for -1: [36e5b639-ec74-40c3-816f-31ffc6ce5e4b:192.168.5.181:34153], old=null
2019-07-13 12:43:12,143 INFO  impl.RoleInfo (RoleInfo.java:shutdownLeaderElection(134)) - 36e5b639-ec74-40c3-816f-31ffc6ce5e4b: shutdown LeaderElection
2019-07-13 12:43:12,143 INFO  impl.RaftServerImpl (RaftServerImpl.java:setRole(171)) - 36e5b639-ec74-40c3-816f-31ffc6ce5e4b:group-9D3D860CEECB changes role from CANDIDATE to LEADER at term 1 for changeToLeader
2019-07-13 12:43:12,143 INFO  impl.RaftServerImpl (ServerState.java:setLeader(263)) - 36e5b639-ec74-40c3-816f-31ffc6ce5e4b:group-9D3D860CEECB change Leader from null to 36e5b639-ec74-40c3-816f-31ffc6ce5e4b at term 1 for becomeLeader, leader elected after 5024ms
2019-07-13 12:43:12,143 INFO  server.RaftServerConfigKeys (ConfUtils.java:logGet(43)) - raft.server.staging.catchup.gap = 1000 (default)
2019-07-13 12:43:12,143 INFO  server.RaftServerConfigKeys (ConfUtils.java:logGet(43)) - raft.server.rpc.sleep.time = 25ms (default)
2019-07-13 12:43:12,143 INFO  server.RaftServerConfigKeys (ConfUtils.java:logGet(43)) - raft.server.write.element-limit = 4096 (default)
2019-07-13 12:43:12,144 INFO  server.RaftServerConfigKeys (ConfUtils.java:logGet(43)) - raft.server.watch.timeout = 10s (default)
2019-07-13 12:43:12,144 INFO  server.RaftServerConfigKeys (ConfUtils.java:logGet(43)) - raft.server.watch.timeout.denomination = 1s (default)
2019-07-13 12:43:12,144 INFO  server.RaftServerConfigKeys (ConfUtils.java:logGet(43)) - raft.server.watch.element-limit = 65536 (default)
2019-07-13 12:43:12,144 INFO  impl.RoleInfo (RoleInfo.java:updateAndGet(143)) - 36e5b639-ec74-40c3-816f-31ffc6ce5e4b: start LeaderState
2019-07-13 12:43:12,144 INFO  segmented.SegmentedRaftLogWorker (SegmentedRaftLogWorker.java:startLogSegment(380)) - 36e5b639-ec74-40c3-816f-31ffc6ce5e4b-SegmentedRaftLogWorker:Storage Directory /tmp/workdir/hadoop-ozone/integration-test/target/test-dir/MiniOzoneClusterImpl-4b8da730-b866-4b25-9667-dd67e3f31850/datanode-4/data/ratis/276c9c1f-e362-48e2-b247-9d3d860ceecb: Starting segment from index:0
2019-07-13 12:43:12,145 INFO  impl.RaftServerImpl (ServerState.java:setRaftConf(361)) - 36e5b639-ec74-40c3-816f-31ffc6ce5e4b:group-9D3D860CEECB set configuration 0: [36e5b639-ec74-40c3-816f-31ffc6ce5e4b:192.168.5.181:34153], old=null at 0
2019-07-13 12:43:12,169 INFO  segmented.SegmentedRaftLogWorker (SegmentedRaftLogWorker.java:execute(569)) - 36e5b639-ec74-40c3-816f-31ffc6ce5e4b-SegmentedRaftLogWorker:Storage Directory /tmp/workdir/hadoop-ozone/integration-test/target/test-dir/MiniOzoneClusterImpl-4b8da730-b866-4b25-9667-dd67e3f31850/datanode-4/data/ratis/276c9c1f-e362-48e2-b247-9d3d860ceecb: created new log segment /tmp/workdir/hadoop-ozone/integration-test/target/test-dir/MiniOzoneClusterImpl-4b8da730-b866-4b25-9667-dd67e3f31850/datanode-4/data/ratis/276c9c1f-e362-48e2-b247-9d3d860ceecb/current/log_inprogress_0
2019-07-13 12:43:12,210 INFO  impl.FollowerState (FollowerState.java:run(106)) - cfaca831-532a-4f07-b790-e86f75eb7f58:group-F46B42568E8B changes to CANDIDATE, lastRpcTime:5135, electionTimeout:5135ms
2019-07-13 12:43:12,210 INFO  impl.RoleInfo (RoleInfo.java:shutdownFollowerState(121)) - cfaca831-532a-4f07-b790-e86f75eb7f58: shutdown FollowerState
2019-07-13 12:43:12,211 INFO  impl.RaftServerImpl (RaftServerImpl.java:setRole(171)) - cfaca831-532a-4f07-b790-e86f75eb7f58:group-F46B42568E8B changes role from FOLLOWER to CANDIDATE at term 0 for changeToCandidate
2019-07-13 12:43:12,211 INFO  impl.RoleInfo (RoleInfo.java:updateAndGet(143)) - cfaca831-532a-4f07-b790-e86f75eb7f58: start LeaderElection
2019-07-13 12:43:12,230 INFO  impl.LeaderElection (LeaderElection.java:askForVotes(181)) - cfaca831-532a-4f07-b790-e86f75eb7f58:group-F46B42568E8B:LeaderElection6: begin an election at term 1 for -1: [cfaca831-532a-4f07-b790-e86f75eb7f58:192.168.5.181:46104], old=null
2019-07-13 12:43:12,239 INFO  impl.RoleInfo (RoleInfo.java:shutdownLeaderElection(134)) - cfaca831-532a-4f07-b790-e86f75eb7f58: shutdown LeaderElection
2019-07-13 12:43:12,239 INFO  impl.RaftServerImpl (RaftServerImpl.java:setRole(171)) - cfaca831-532a-4f07-b790-e86f75eb7f58:group-F46B42568E8B changes role from CANDIDATE to LEADER at term 1 for changeToLeader
2019-07-13 12:43:12,240 INFO  impl.RaftServerImpl (ServerState.java:setLeader(263)) - cfaca831-532a-4f07-b790-e86f75eb7f58:group-F46B42568E8B change Leader from null to cfaca831-532a-4f07-b790-e86f75eb7f58 at term 1 for becomeLeader, leader elected after 5168ms
2019-07-13 12:43:12,240 INFO  server.RaftServerConfigKeys (ConfUtils.java:logGet(43)) - raft.server.staging.catchup.gap = 1000 (default)
2019-07-13 12:43:12,240 INFO  server.RaftServerConfigKeys (ConfUtils.java:logGet(43)) - raft.server.rpc.sleep.time = 25ms (default)
2019-07-13 12:43:12,240 INFO  server.RaftServerConfigKeys (ConfUtils.java:logGet(43)) - raft.server.write.element-limit = 4096 (default)
2019-07-13 12:43:12,240 INFO  server.RaftServerConfigKeys (ConfUtils.java:logGet(43)) - raft.server.watch.timeout = 10s (default)
2019-07-13 12:43:12,240 INFO  server.RaftServerConfigKeys (ConfUtils.java:logGet(43)) - raft.server.watch.timeout.denomination = 1s (default)
2019-07-13 12:43:12,241 INFO  server.RaftServerConfigKeys (ConfUtils.java:logGet(43)) - raft.server.watch.element-limit = 65536 (default)
2019-07-13 12:43:12,241 INFO  impl.RoleInfo (RoleInfo.java:updateAndGet(143)) - cfaca831-532a-4f07-b790-e86f75eb7f58: start LeaderState
2019-07-13 12:43:12,241 INFO  segmented.SegmentedRaftLogWorker (SegmentedRaftLogWorker.java:startLogSegment(380)) - cfaca831-532a-4f07-b790-e86f75eb7f58-SegmentedRaftLogWorker:Storage Directory /tmp/workdir/hadoop-ozone/integration-test/target/test-dir/MiniOzoneClusterImpl-4b8da730-b866-4b25-9667-dd67e3f31850/datanode-2/data/ratis/d88ded24-da9c-4dae-9e6b-f46b42568e8b: Starting segment from index:0
2019-07-13 12:43:12,242 INFO  impl.RaftServerImpl (ServerState.java:setRaftConf(361)) - cfaca831-532a-4f07-b790-e86f75eb7f58:group-F46B42568E8B set configuration 0: [cfaca831-532a-4f07-b790-e86f75eb7f58:192.168.5.181:46104], old=null at 0
2019-07-13 12:43:12,276 INFO  segmented.SegmentedRaftLogWorker (SegmentedRaftLogWorker.java:execute(569)) - cfaca831-532a-4f07-b790-e86f75eb7f58-SegmentedRaftLogWorker:Storage Directory /tmp/workdir/hadoop-ozone/integration-test/target/test-dir/MiniOzoneClusterImpl-4b8da730-b866-4b25-9667-dd67e3f31850/datanode-2/data/ratis/d88ded24-da9c-4dae-9e6b-f46b42568e8b: created new log segment /tmp/workdir/hadoop-ozone/integration-test/target/test-dir/MiniOzoneClusterImpl-4b8da730-b866-4b25-9667-dd67e3f31850/datanode-2/data/ratis/d88ded24-da9c-4dae-9e6b-f46b42568e8b/current/log_inprogress_0
2019-07-13 12:43:12,324 INFO  impl.FollowerState (FollowerState.java:run(106)) - b06b62c4-2995-4fa7-ae8b-9ab386ccd04d:group-CCDFE96872BE changes to CANDIDATE, lastRpcTime:5005, electionTimeout:5005ms
2019-07-13 12:43:12,324 INFO  impl.RoleInfo (RoleInfo.java:shutdownFollowerState(121)) - b06b62c4-2995-4fa7-ae8b-9ab386ccd04d: shutdown FollowerState
2019-07-13 12:43:12,324 INFO  impl.RaftServerImpl (RaftServerImpl.java:setRole(171)) - b06b62c4-2995-4fa7-ae8b-9ab386ccd04d:group-CCDFE96872BE changes role from FOLLOWER to CANDIDATE at term 0 for changeToCandidate
2019-07-13 12:43:12,325 INFO  impl.RoleInfo (RoleInfo.java:updateAndGet(143)) - b06b62c4-2995-4fa7-ae8b-9ab386ccd04d: start LeaderElection
2019-07-13 12:43:12,334 INFO  impl.LeaderElection (LeaderElection.java:askForVotes(181)) - b06b62c4-2995-4fa7-ae8b-9ab386ccd04d:group-CCDFE96872BE:LeaderElection7: begin an election at term 1 for -1: [b06b62c4-2995-4fa7-ae8b-9ab386ccd04d:192.168.5.181:33693, 59d38224-75ed-4277-a1c8-7ba686e713e6:192.168.5.181:34427, 871470d2-fc9d-433e-986f-aa95403a039c:192.168.5.181:45526], old=null
2019-07-13 12:43:12,335 INFO  impl.FollowerState (FollowerState.java:run(106)) - 871470d2-fc9d-433e-986f-aa95403a039c:group-CCDFE96872BE changes to CANDIDATE, lastRpcTime:5004, electionTimeout:5004ms
2019-07-13 12:43:12,335 INFO  impl.RoleInfo (RoleInfo.java:shutdownFollowerState(121)) - 871470d2-fc9d-433e-986f-aa95403a039c: shutdown FollowerState
2019-07-13 12:43:12,335 INFO  impl.RaftServerImpl (RaftServerImpl.java:setRole(171)) - 871470d2-fc9d-433e-986f-aa95403a039c:group-CCDFE96872BE changes role from FOLLOWER to CANDIDATE at term 0 for changeToCandidate
2019-07-13 12:43:12,336 INFO  impl.RoleInfo (RoleInfo.java:updateAndGet(143)) - 871470d2-fc9d-433e-986f-aa95403a039c: start LeaderElection
2019-07-13 12:43:12,343 INFO  impl.LeaderElection (LeaderElection.java:askForVotes(181)) - 871470d2-fc9d-433e-986f-aa95403a039c:group-CCDFE96872BE:LeaderElection8: begin an election at term 1 for -1: [b06b62c4-2995-4fa7-ae8b-9ab386ccd04d:192.168.5.181:33693, 59d38224-75ed-4277-a1c8-7ba686e713e6:192.168.5.181:34427, 871470d2-fc9d-433e-986f-aa95403a039c:192.168.5.181:45526], old=null
2019-07-13 12:43:12,371 INFO  impl.FollowerState (FollowerState.java:run(106)) - fc0b3d34-7310-4c1f-9b5d-90995b33cf69:group-2582470FA98D changes to CANDIDATE, lastRpcTime:5170, electionTimeout:5168ms
2019-07-13 12:43:12,371 INFO  impl.RoleInfo (RoleInfo.java:shutdownFollowerState(121)) - fc0b3d34-7310-4c1f-9b5d-90995b33cf69: shutdown FollowerState
2019-07-13 12:43:12,371 INFO  impl.RaftServerImpl (RaftServerImpl.java:setRole(171)) - fc0b3d34-7310-4c1f-9b5d-90995b33cf69:group-2582470FA98D changes role from FOLLOWER to CANDIDATE at term 0 for changeToCandidate
2019-07-13 12:43:12,371 INFO  impl.RoleInfo (RoleInfo.java:updateAndGet(143)) - fc0b3d34-7310-4c1f-9b5d-90995b33cf69: start LeaderElection
2019-07-13 12:43:12,388 INFO  impl.RaftServerImpl (RaftServerImpl.java:setRole(171)) - 59d38224-75ed-4277-a1c8-7ba686e713e6:group-CCDFE96872BE changes role from FOLLOWER to FOLLOWER at term 1 for recognizeCandidate:871470d2-fc9d-433e-986f-aa95403a039c
2019-07-13 12:43:12,388 INFO  impl.RoleInfo (RoleInfo.java:shutdownFollowerState(121)) - 59d38224-75ed-4277-a1c8-7ba686e713e6: shutdown FollowerState
2019-07-13 12:43:12,388 INFO  impl.RoleInfo (RoleInfo.java:updateAndGet(143)) - 59d38224-75ed-4277-a1c8-7ba686e713e6: start FollowerState
2019-07-13 12:43:12,389 INFO  impl.FollowerState (FollowerState.java:run(114)) - 59d38224-75ed-4277-a1c8-7ba686e713e6: FollowerState was interrupted: java.lang.InterruptedException: sleep interrupted
2019-07-13 12:43:12,403 INFO  impl.LeaderElection (LeaderElection.java:askForVotes(181)) - fc0b3d34-7310-4c1f-9b5d-90995b33cf69:group-2582470FA98D:LeaderElection9: begin an election at term 1 for -1: [fc0b3d34-7310-4c1f-9b5d-90995b33cf69:192.168.5.181:37466], old=null
2019-07-13 12:43:12,403 INFO  impl.RoleInfo (RoleInfo.java:shutdownLeaderElection(134)) - fc0b3d34-7310-4c1f-9b5d-90995b33cf69: shutdown LeaderElection
2019-07-13 12:43:12,403 INFO  impl.RaftServerImpl (RaftServerImpl.java:setRole(171)) - fc0b3d34-7310-4c1f-9b5d-90995b33cf69:group-2582470FA98D changes role from CANDIDATE to LEADER at term 1 for changeToLeader
2019-07-13 12:43:12,403 INFO  impl.RaftServerImpl (ServerState.java:setLeader(263)) - fc0b3d34-7310-4c1f-9b5d-90995b33cf69:group-2582470FA98D change Leader from null to fc0b3d34-7310-4c1f-9b5d-90995b33cf69 at term 1 for becomeLeader, leader elected after 5221ms
2019-07-13 12:43:12,404 INFO  server.RaftServerConfigKeys (ConfUtils.java:logGet(43)) - raft.server.staging.catchup.gap = 1000 (default)
2019-07-13 12:43:12,404 INFO  server.RaftServerConfigKeys (ConfUtils.java:logGet(43)) - raft.server.rpc.sleep.time = 25ms (default)
2019-07-13 12:43:12,404 INFO  server.RaftServerConfigKeys (ConfUtils.java:logGet(43)) - raft.server.write.element-limit = 4096 (default)
2019-07-13 12:43:12,404 INFO  server.RaftServerConfigKeys (ConfUtils.java:logGet(43)) - raft.server.watch.timeout = 10s (default)
2019-07-13 12:43:12,404 INFO  server.RaftServerConfigKeys (ConfUtils.java:logGet(43)) - raft.server.watch.timeout.denomination = 1s (default)
2019-07-13 12:43:12,404 INFO  server.RaftServerConfigKeys (ConfUtils.java:logGet(43)) - raft.server.watch.element-limit = 65536 (default)
2019-07-13 12:43:12,405 INFO  impl.RoleInfo (RoleInfo.java:updateAndGet(143)) - fc0b3d34-7310-4c1f-9b5d-90995b33cf69: start LeaderState
2019-07-13 12:43:12,405 INFO  segmented.SegmentedRaftLogWorker (SegmentedRaftLogWorker.java:startLogSegment(380)) - fc0b3d34-7310-4c1f-9b5d-90995b33cf69-SegmentedRaftLogWorker:Storage Directory /tmp/workdir/hadoop-ozone/integration-test/target/test-dir/MiniOzoneClusterImpl-4b8da730-b866-4b25-9667-dd67e3f31850/datanode-6/data/ratis/2e1214b1-242f-42b5-9d35-2582470fa98d: Starting segment from index:0
2019-07-13 12:43:12,405 INFO  impl.RaftServerImpl (ServerState.java:setRaftConf(361)) - fc0b3d34-7310-4c1f-9b5d-90995b33cf69:group-2582470FA98D set configuration 0: [fc0b3d34-7310-4c1f-9b5d-90995b33cf69:192.168.5.181:37466], old=null at 0
2019-07-13 12:43:12,431 INFO  impl.LeaderElection (LeaderElection.java:logAndReturn(56)) - 871470d2-fc9d-433e-986f-aa95403a039c:group-CCDFE96872BE:LeaderElection8: Election PASSED; received 2 response(s) [871470d2-fc9d-433e-986f-aa95403a039c<-b06b62c4-2995-4fa7-ae8b-9ab386ccd04d#0:FAIL-t1, 871470d2-fc9d-433e-986f-aa95403a039c<-59d38224-75ed-4277-a1c8-7ba686e713e6#0:OK-t1] and 0 exception(s); 871470d2-fc9d-433e-986f-aa95403a039c:t1, leader=null, voted=871470d2-fc9d-433e-986f-aa95403a039c, raftlog=871470d2-fc9d-433e-986f-aa95403a039c-SegmentedRaftLog:OPENED:c-1,f-1,i0, conf=-1: [b06b62c4-2995-4fa7-ae8b-9ab386ccd04d:192.168.5.181:33693, 59d38224-75ed-4277-a1c8-7ba686e713e6:192.168.5.181:34427, 871470d2-fc9d-433e-986f-aa95403a039c:192.168.5.181:45526], old=null
2019-07-13 12:43:12,431 INFO  segmented.SegmentedRaftLogWorker (SegmentedRaftLogWorker.java:execute(569)) - fc0b3d34-7310-4c1f-9b5d-90995b33cf69-SegmentedRaftLogWorker:Storage Directory /tmp/workdir/hadoop-ozone/integration-test/target/test-dir/MiniOzoneClusterImpl-4b8da730-b866-4b25-9667-dd67e3f31850/datanode-6/data/ratis/2e1214b1-242f-42b5-9d35-2582470fa98d: created new log segment /tmp/workdir/hadoop-ozone/integration-test/target/test-dir/MiniOzoneClusterImpl-4b8da730-b866-4b25-9667-dd67e3f31850/datanode-6/data/ratis/2e1214b1-242f-42b5-9d35-2582470fa98d/current/log_inprogress_0
2019-07-13 12:43:12,431 INFO  impl.RoleInfo (RoleInfo.java:shutdownLeaderElection(134)) - 871470d2-fc9d-433e-986f-aa95403a039c: shutdown LeaderElection
2019-07-13 12:43:12,431 INFO  impl.LeaderElection (LeaderElection.java:logAndReturn(56)) - b06b62c4-2995-4fa7-ae8b-9ab386ccd04d:group-CCDFE96872BE:LeaderElection7: Election REJECTED; received 2 response(s) [b06b62c4-2995-4fa7-ae8b-9ab386ccd04d<-59d38224-75ed-4277-a1c8-7ba686e713e6#0:FAIL-t1, b06b62c4-2995-4fa7-ae8b-9ab386ccd04d<-871470d2-fc9d-433e-986f-aa95403a039c#0:FAIL-t1] and 0 exception(s); b06b62c4-2995-4fa7-ae8b-9ab386ccd04d:t1, leader=null, voted=b06b62c4-2995-4fa7-ae8b-9ab386ccd04d, raftlog=b06b62c4-2995-4fa7-ae8b-9ab386ccd04d-SegmentedRaftLog:OPENED:c-1,f-1,i0, conf=-1: [b06b62c4-2995-4fa7-ae8b-9ab386ccd04d:192.168.5.181:33693, 59d38224-75ed-4277-a1c8-7ba686e713e6:192.168.5.181:34427, 871470d2-fc9d-433e-986f-aa95403a039c:192.168.5.181:45526], old=null
2019-07-13 12:43:12,436 INFO  impl.RaftServerImpl (RaftServerImpl.java:setRole(171)) - 871470d2-fc9d-433e-986f-aa95403a039c:group-CCDFE96872BE changes role from CANDIDATE to LEADER at term 1 for changeToLeader
2019-07-13 12:43:12,438 INFO  impl.RaftServerImpl (RaftServerImpl.java:setRole(171)) - b06b62c4-2995-4fa7-ae8b-9ab386ccd04d:group-CCDFE96872BE changes role from CANDIDATE to FOLLOWER at term 1 for DISCOVERED_A_NEW_TERM
2019-07-13 12:43:12,441 INFO  impl.RoleInfo (RoleInfo.java:shutdownLeaderElection(134)) - b06b62c4-2995-4fa7-ae8b-9ab386ccd04d: shutdown LeaderElection
2019-07-13 12:43:12,439 INFO  impl.RaftServerImpl (ServerState.java:setLeader(263)) - 871470d2-fc9d-433e-986f-aa95403a039c:group-CCDFE96872BE change Leader from null to 871470d2-fc9d-433e-986f-aa95403a039c at term 1 for becomeLeader, leader elected after 5152ms
2019-07-13 12:43:12,441 INFO  impl.RoleInfo (RoleInfo.java:updateAndGet(143)) - b06b62c4-2995-4fa7-ae8b-9ab386ccd04d: start FollowerState
2019-07-13 12:43:12,441 INFO  server.RaftServerConfigKeys (ConfUtils.java:logGet(43)) - raft.server.staging.catchup.gap = 1000 (default)
2019-07-13 12:43:12,442 INFO  server.RaftServerConfigKeys (ConfUtils.java:logGet(43)) - raft.server.rpc.sleep.time = 25ms (default)
2019-07-13 12:43:12,444 INFO  server.RaftServerConfigKeys (ConfUtils.java:logGet(43)) - raft.server.write.element-limit = 4096 (default)
2019-07-13 12:43:12,444 INFO  server.RaftServerConfigKeys (ConfUtils.java:logGet(43)) - raft.server.watch.timeout = 10s (default)
2019-07-13 12:43:12,444 INFO  server.RaftServerConfigKeys (ConfUtils.java:logGet(43)) - raft.server.watch.timeout.denomination = 1s (default)
2019-07-13 12:43:12,444 INFO  server.RaftServerConfigKeys (ConfUtils.java:logGet(43)) - raft.server.watch.element-limit = 65536 (default)
2019-07-13 12:43:12,447 INFO  server.RaftServerConfigKeys (ConfUtils.java:logGet(43)) - raft.server.log.appender.snapshot.chunk.size.max = 16MB (=16777216) (default)
2019-07-13 12:43:12,447 INFO  server.RaftServerConfigKeys (ConfUtils.java:logGet(43)) - raft.server.log.appender.buffer.byte-limit = 33554432 (custom)
2019-07-13 12:43:12,448 INFO  server.RaftServerConfigKeys (ConfUtils.java:logGet(43)) - raft.server.log.appender.buffer.element-limit = 1 (custom)
2019-07-13 12:43:12,451 INFO  grpc.GrpcConfigKeys$Server (ConfUtils.java:logGet(43)) - raft.grpc.server.leader.outstanding.appends.max = 128 (default)
2019-07-13 12:43:12,453 INFO  server.RaftServerConfigKeys (ConfUtils.java:logGet(43)) - raft.server.rpc.request.timeout = 3000ms (default)
2019-07-13 12:43:12,453 INFO  server.RaftServerConfigKeys (ConfUtils.java:logGet(43)) - raft.server.log.appender.install.snapshot.enabled = false (custom)
2019-07-13 12:43:12,454 INFO  server.RaftServerConfigKeys (ConfUtils.java:logGet(43)) - raft.server.log.appender.snapshot.chunk.size.max = 16MB (=16777216) (default)
2019-07-13 12:43:12,454 INFO  server.RaftServerConfigKeys (ConfUtils.java:logGet(43)) - raft.server.log.appender.buffer.byte-limit = 33554432 (custom)
2019-07-13 12:43:12,454 INFO  server.RaftServerConfigKeys (ConfUtils.java:logGet(43)) - raft.server.log.appender.buffer.element-limit = 1 (custom)
2019-07-13 12:43:12,454 INFO  grpc.GrpcConfigKeys$Server (ConfUtils.java:logGet(43)) - raft.grpc.server.leader.outstanding.appends.max = 128 (default)
2019-07-13 12:43:12,454 INFO  server.RaftServerConfigKeys (ConfUtils.java:logGet(43)) - raft.server.rpc.request.timeout = 3000ms (default)
2019-07-13 12:43:12,454 INFO  server.RaftServerConfigKeys (ConfUtils.java:logGet(43)) - raft.server.log.appender.install.snapshot.enabled = false (custom)
2019-07-13 12:43:12,455 INFO  impl.FollowerState (FollowerState.java:run(106)) - 18d86928-7cde-4fb7-976f-c69acd28448f:group-51BDF06B2256 changes to CANDIDATE, lastRpcTime:5015, electionTimeout:5015ms
2019-07-13 12:43:12,455 INFO  impl.RoleInfo (RoleInfo.java:shutdownFollowerState(121)) - 18d86928-7cde-4fb7-976f-c69acd28448f: shutdown FollowerState
2019-07-13 12:43:12,455 INFO  impl.RaftServerImpl (RaftServerImpl.java:setRole(171)) - 18d86928-7cde-4fb7-976f-c69acd28448f:group-51BDF06B2256 changes role from FOLLOWER to CANDIDATE at term 0 for changeToCandidate
2019-07-13 12:43:12,455 INFO  impl.RoleInfo (RoleInfo.java:updateAndGet(143)) - 18d86928-7cde-4fb7-976f-c69acd28448f: start LeaderElection
2019-07-13 12:43:12,459 INFO  impl.RoleInfo (RoleInfo.java:updateAndGet(143)) - 871470d2-fc9d-433e-986f-aa95403a039c: start LeaderState
2019-07-13 12:43:12,459 INFO  segmented.SegmentedRaftLogWorker (SegmentedRaftLogWorker.java:startLogSegment(380)) - 871470d2-fc9d-433e-986f-aa95403a039c-SegmentedRaftLogWorker:Storage Directory /tmp/workdir/hadoop-ozone/integration-test/target/test-dir/MiniOzoneClusterImpl-4b8da730-b866-4b25-9667-dd67e3f31850/datanode-1/data/ratis/9aa7493f-d89d-4c19-97de-ccdfe96872be: Starting segment from index:0
2019-07-13 12:43:12,460 INFO  impl.RaftServerImpl (ServerState.java:setRaftConf(361)) - 871470d2-fc9d-433e-986f-aa95403a039c:group-CCDFE96872BE set configuration 0: [b06b62c4-2995-4fa7-ae8b-9ab386ccd04d:192.168.5.181:33693, 59d38224-75ed-4277-a1c8-7ba686e713e6:192.168.5.181:34427, 871470d2-fc9d-433e-986f-aa95403a039c:192.168.5.181:45526], old=null at 0
2019-07-13 12:43:12,478 INFO  impl.FollowerState (FollowerState.java:run(106)) - 36e5b639-ec74-40c3-816f-31ffc6ce5e4b:group-51BDF06B2256 changes to CANDIDATE, lastRpcTime:5035, electionTimeout:5034ms
2019-07-13 12:43:12,478 INFO  impl.LeaderElection (LeaderElection.java:askForVotes(181)) - 18d86928-7cde-4fb7-976f-c69acd28448f:group-51BDF06B2256:LeaderElection10: begin an election at term 1 for -1: [cfaca831-532a-4f07-b790-e86f75eb7f58:192.168.5.181:46104, 36e5b639-ec74-40c3-816f-31ffc6ce5e4b:192.168.5.181:34153, 18d86928-7cde-4fb7-976f-c69acd28448f:192.168.5.181:42839], old=null
2019-07-13 12:43:12,478 INFO  impl.RoleInfo (RoleInfo.java:shutdownFollowerState(121)) - 36e5b639-ec74-40c3-816f-31ffc6ce5e4b: shutdown FollowerState
2019-07-13 12:43:12,479 INFO  impl.RaftServerImpl (RaftServerImpl.java:setRole(171)) - 36e5b639-ec74-40c3-816f-31ffc6ce5e4b:group-51BDF06B2256 changes role from FOLLOWER to CANDIDATE at term 0 for changeToCandidate
2019-07-13 12:43:12,479 INFO  impl.RoleInfo (RoleInfo.java:updateAndGet(143)) - 36e5b639-ec74-40c3-816f-31ffc6ce5e4b: start LeaderElection
2019-07-13 12:43:12,489 INFO  segmented.SegmentedRaftLogWorker (SegmentedRaftLogWorker.java:execute(569)) - 871470d2-fc9d-433e-986f-aa95403a039c-SegmentedRaftLogWorker:Storage Directory /tmp/workdir/hadoop-ozone/integration-test/target/test-dir/MiniOzoneClusterImpl-4b8da730-b866-4b25-9667-dd67e3f31850/datanode-1/data/ratis/9aa7493f-d89d-4c19-97de-ccdfe96872be: created new log segment /tmp/workdir/hadoop-ozone/integration-test/target/test-dir/MiniOzoneClusterImpl-4b8da730-b866-4b25-9667-dd67e3f31850/datanode-1/data/ratis/9aa7493f-d89d-4c19-97de-ccdfe96872be/current/log_inprogress_0
2019-07-13 12:43:12,499 INFO  impl.LeaderElection (LeaderElection.java:askForVotes(181)) - 36e5b639-ec74-40c3-816f-31ffc6ce5e4b:group-51BDF06B2256:LeaderElection11: begin an election at term 1 for -1: [cfaca831-532a-4f07-b790-e86f75eb7f58:192.168.5.181:46104, 36e5b639-ec74-40c3-816f-31ffc6ce5e4b:192.168.5.181:34153, 18d86928-7cde-4fb7-976f-c69acd28448f:192.168.5.181:42839], old=null
2019-07-13 12:43:12,514 INFO  impl.RaftServerImpl (RaftServerImpl.java:setRole(171)) - cfaca831-532a-4f07-b790-e86f75eb7f58:group-51BDF06B2256 changes role from FOLLOWER to FOLLOWER at term 1 for recognizeCandidate:18d86928-7cde-4fb7-976f-c69acd28448f
2019-07-13 12:43:12,516 INFO  impl.RoleInfo (RoleInfo.java:shutdownFollowerState(121)) - cfaca831-532a-4f07-b790-e86f75eb7f58: shutdown FollowerState
2019-07-13 12:43:12,517 INFO  impl.FollowerState (FollowerState.java:run(114)) - cfaca831-532a-4f07-b790-e86f75eb7f58: FollowerState was interrupted: java.lang.InterruptedException: sleep interrupted
2019-07-13 12:43:12,517 INFO  impl.RoleInfo (RoleInfo.java:updateAndGet(143)) - cfaca831-532a-4f07-b790-e86f75eb7f58: start FollowerState
2019-07-13 12:43:12,533 INFO  impl.RaftServerImpl (ServerState.java:setLeader(263)) - 59d38224-75ed-4277-a1c8-7ba686e713e6:group-CCDFE96872BE change Leader from null to 871470d2-fc9d-433e-986f-aa95403a039c at term 1 for appendEntries, leader elected after 5247ms
2019-07-13 12:43:12,533 INFO  impl.RaftServerImpl (ServerState.java:setLeader(263)) - b06b62c4-2995-4fa7-ae8b-9ab386ccd04d:group-CCDFE96872BE change Leader from null to 871470d2-fc9d-433e-986f-aa95403a039c at term 1 for appendEntries, leader elected after 5247ms
2019-07-13 12:43:12,539 INFO  impl.LeaderElection (LeaderElection.java:logAndReturn(56)) - 18d86928-7cde-4fb7-976f-c69acd28448f:group-51BDF06B2256:LeaderElection10: Election PASSED; received 2 response(s) [18d86928-7cde-4fb7-976f-c69acd28448f<-cfaca831-532a-4f07-b790-e86f75eb7f58#0:OK-t1, 18d86928-7cde-4fb7-976f-c69acd28448f<-36e5b639-ec74-40c3-816f-31ffc6ce5e4b#0:FAIL-t1] and 0 exception(s); 18d86928-7cde-4fb7-976f-c69acd28448f:t1, leader=null, voted=18d86928-7cde-4fb7-976f-c69acd28448f, raftlog=18d86928-7cde-4fb7-976f-c69acd28448f-SegmentedRaftLog:OPENED:c-1,f-1,i0, conf=-1: [cfaca831-532a-4f07-b790-e86f75eb7f58:192.168.5.181:46104, 36e5b639-ec74-40c3-816f-31ffc6ce5e4b:192.168.5.181:34153, 18d86928-7cde-4fb7-976f-c69acd28448f:192.168.5.181:42839], old=null
2019-07-13 12:43:12,541 INFO  impl.RoleInfo (RoleInfo.java:shutdownLeaderElection(134)) - 18d86928-7cde-4fb7-976f-c69acd28448f: shutdown LeaderElection
2019-07-13 12:43:12,541 INFO  impl.RaftServerImpl (RaftServerImpl.java:setRole(171)) - 18d86928-7cde-4fb7-976f-c69acd28448f:group-51BDF06B2256 changes role from CANDIDATE to LEADER at term 1 for changeToLeader
2019-07-13 12:43:12,545 INFO  impl.RaftServerImpl (ServerState.java:setLeader(263)) - 18d86928-7cde-4fb7-976f-c69acd28448f:group-51BDF06B2256 change Leader from null to 18d86928-7cde-4fb7-976f-c69acd28448f at term 1 for becomeLeader, leader elected after 5120ms
2019-07-13 12:43:12,545 INFO  server.RaftServerConfigKeys (ConfUtils.java:logGet(43)) - raft.server.staging.catchup.gap = 1000 (default)
2019-07-13 12:43:12,545 INFO  server.RaftServerConfigKeys (ConfUtils.java:logGet(43)) - raft.server.rpc.sleep.time = 25ms (default)
2019-07-13 12:43:12,546 INFO  server.RaftServerConfigKeys (ConfUtils.java:logGet(43)) - raft.server.write.element-limit = 4096 (default)
2019-07-13 12:43:12,546 INFO  server.RaftServerConfigKeys (ConfUtils.java:logGet(43)) - raft.server.watch.timeout = 10s (default)
2019-07-13 12:43:12,548 INFO  server.RaftServerConfigKeys (ConfUtils.java:logGet(43)) - raft.server.watch.timeout.denomination = 1s (default)
2019-07-13 12:43:12,548 INFO  server.RaftServerConfigKeys (ConfUtils.java:logGet(43)) - raft.server.watch.element-limit = 65536 (default)
2019-07-13 12:43:12,548 INFO  server.RaftServerConfigKeys (ConfUtils.java:logGet(43)) - raft.server.log.appender.snapshot.chunk.size.max = 16MB (=16777216) (default)
2019-07-13 12:43:12,548 INFO  server.RaftServerConfigKeys (ConfUtils.java:logGet(43)) - raft.server.log.appender.buffer.byte-limit = 33554432 (custom)
2019-07-13 12:43:12,549 INFO  server.RaftServerConfigKeys (ConfUtils.java:logGet(43)) - raft.server.log.appender.buffer.element-limit = 1 (custom)
2019-07-13 12:43:12,551 INFO  grpc.GrpcConfigKeys$Server (ConfUtils.java:logGet(43)) - raft.grpc.server.leader.outstanding.appends.max = 128 (default)
2019-07-13 12:43:12,554 INFO  server.RaftServerConfigKeys (ConfUtils.java:logGet(43)) - raft.server.rpc.request.timeout = 3000ms (default)
2019-07-13 12:43:12,555 INFO  server.RaftServerConfigKeys (ConfUtils.java:logGet(43)) - raft.server.log.appender.install.snapshot.enabled = false (custom)
2019-07-13 12:43:12,555 INFO  server.RaftServerConfigKeys (ConfUtils.java:logGet(43)) - raft.server.log.appender.snapshot.chunk.size.max = 16MB (=16777216) (default)
2019-07-13 12:43:12,555 INFO  server.RaftServerConfigKeys (ConfUtils.java:logGet(43)) - raft.server.log.appender.buffer.byte-limit = 33554432 (custom)
2019-07-13 12:43:12,555 INFO  server.RaftServerConfigKeys (ConfUtils.java:logGet(43)) - raft.server.log.appender.buffer.element-limit = 1 (custom)
2019-07-13 12:43:12,556 INFO  grpc.GrpcConfigKeys$Server (ConfUtils.java:logGet(43)) - raft.grpc.server.leader.outstanding.appends.max = 128 (default)
2019-07-13 12:43:12,556 INFO  server.RaftServerConfigKeys (ConfUtils.java:logGet(43)) - raft.server.rpc.request.timeout = 3000ms (default)
2019-07-13 12:43:12,556 INFO  server.RaftServerConfigKeys (ConfUtils.java:logGet(43)) - raft.server.log.appender.install.snapshot.enabled = false (custom)
2019-07-13 12:43:12,556 INFO  impl.RoleInfo (RoleInfo.java:updateAndGet(143)) - 18d86928-7cde-4fb7-976f-c69acd28448f: start LeaderState
2019-07-13 12:43:12,557 INFO  segmented.SegmentedRaftLogWorker (SegmentedRaftLogWorker.java:startLogSegment(380)) - 18d86928-7cde-4fb7-976f-c69acd28448f-SegmentedRaftLogWorker:Storage Directory /tmp/workdir/hadoop-ozone/integration-test/target/test-dir/MiniOzoneClusterImpl-4b8da730-b866-4b25-9667-dd67e3f31850/datanode-0/data/ratis/a5a7abce-ef00-4bc3-a8e1-51bdf06b2256: Starting segment from index:0
2019-07-13 12:43:12,558 INFO  impl.RaftServerImpl (ServerState.java:setRaftConf(361)) - 18d86928-7cde-4fb7-976f-c69acd28448f:group-51BDF06B2256 set configuration 0: [cfaca831-532a-4f07-b790-e86f75eb7f58:192.168.5.181:46104, 36e5b639-ec74-40c3-816f-31ffc6ce5e4b:192.168.5.181:34153, 18d86928-7cde-4fb7-976f-c69acd28448f:192.168.5.181:42839], old=null at 0
2019-07-13 12:43:12,576 INFO  impl.RaftServerImpl (RaftServerImpl.java:requestVote(754)) - 18d86928-7cde-4fb7-976f-c69acd28448f-LEADER: Withhold vote from candidate 36e5b639-ec74-40c3-816f-31ffc6ce5e4b with term 1. State: leader=18d86928-7cde-4fb7-976f-c69acd28448f, term=1, lastRpcElapsed=null
2019-07-13 12:43:12,584 INFO  impl.LeaderElection (LeaderElection.java:logAndReturn(56)) - 36e5b639-ec74-40c3-816f-31ffc6ce5e4b:group-51BDF06B2256:LeaderElection11: Election REJECTED; received 2 response(s) [36e5b639-ec74-40c3-816f-31ffc6ce5e4b<-cfaca831-532a-4f07-b790-e86f75eb7f58#0:FAIL-t1, 36e5b639-ec74-40c3-816f-31ffc6ce5e4b<-18d86928-7cde-4fb7-976f-c69acd28448f#0:FAIL-t1] and 0 exception(s); 36e5b639-ec74-40c3-816f-31ffc6ce5e4b:t1, leader=null, voted=36e5b639-ec74-40c3-816f-31ffc6ce5e4b, raftlog=36e5b639-ec74-40c3-816f-31ffc6ce5e4b-SegmentedRaftLog:OPENED:c-1,f-1,i0, conf=-1: [cfaca831-532a-4f07-b790-e86f75eb7f58:192.168.5.181:46104, 36e5b639-ec74-40c3-816f-31ffc6ce5e4b:192.168.5.181:34153, 18d86928-7cde-4fb7-976f-c69acd28448f:192.168.5.181:42839], old=null
2019-07-13 12:43:12,584 INFO  impl.RaftServerImpl (RaftServerImpl.java:setRole(171)) - 36e5b639-ec74-40c3-816f-31ffc6ce5e4b:group-51BDF06B2256 changes role from CANDIDATE to FOLLOWER at term 1 for appendEntries
2019-07-13 12:43:12,588 INFO  segmented.SegmentedRaftLogWorker (SegmentedRaftLogWorker.java:execute(569)) - 18d86928-7cde-4fb7-976f-c69acd28448f-SegmentedRaftLogWorker:Storage Directory /tmp/workdir/hadoop-ozone/integration-test/target/test-dir/MiniOzoneClusterImpl-4b8da730-b866-4b25-9667-dd67e3f31850/datanode-0/data/ratis/a5a7abce-ef00-4bc3-a8e1-51bdf06b2256: created new log segment /tmp/workdir/hadoop-ozone/integration-test/target/test-dir/MiniOzoneClusterImpl-4b8da730-b866-4b25-9667-dd67e3f31850/datanode-0/data/ratis/a5a7abce-ef00-4bc3-a8e1-51bdf06b2256/current/log_inprogress_0
2019-07-13 12:43:12,588 INFO  impl.RoleInfo (RoleInfo.java:shutdownLeaderElection(134)) - 36e5b639-ec74-40c3-816f-31ffc6ce5e4b: shutdown LeaderElection
2019-07-13 12:43:12,623 INFO  impl.RaftServerImpl (ServerState.java:setLeader(263)) - cfaca831-532a-4f07-b790-e86f75eb7f58:group-51BDF06B2256 change Leader from null to 18d86928-7cde-4fb7-976f-c69acd28448f at term 1 for appendEntries, leader elected after 5178ms
2019-07-13 12:43:12,625 INFO  impl.RoleInfo (RoleInfo.java:updateAndGet(143)) - 36e5b639-ec74-40c3-816f-31ffc6ce5e4b: start FollowerState
2019-07-13 12:43:12,625 INFO  impl.RaftServerImpl (ServerState.java:setLeader(263)) - 36e5b639-ec74-40c3-816f-31ffc6ce5e4b:group-51BDF06B2256 change Leader from null to 18d86928-7cde-4fb7-976f-c69acd28448f at term 1 for appendEntries, leader elected after 5200ms
2019-07-13 12:43:12,650 INFO  impl.RaftServerImpl (ServerState.java:setRaftConf(361)) - b06b62c4-2995-4fa7-ae8b-9ab386ccd04d:group-CCDFE96872BE set configuration 0: [b06b62c4-2995-4fa7-ae8b-9ab386ccd04d:192.168.5.181:33693, 59d38224-75ed-4277-a1c8-7ba686e713e6:192.168.5.181:34427, 871470d2-fc9d-433e-986f-aa95403a039c:192.168.5.181:45526], old=null at 0
2019-07-13 12:43:12,650 INFO  impl.RaftServerImpl (ServerState.java:setRaftConf(361)) - 59d38224-75ed-4277-a1c8-7ba686e713e6:group-CCDFE96872BE set configuration 0: [b06b62c4-2995-4fa7-ae8b-9ab386ccd04d:192.168.5.181:33693, 59d38224-75ed-4277-a1c8-7ba686e713e6:192.168.5.181:34427, 871470d2-fc9d-433e-986f-aa95403a039c:192.168.5.181:45526], old=null at 0
2019-07-13 12:43:12,650 INFO  impl.RaftServerImpl (ServerState.java:setRaftConf(361)) - cfaca831-532a-4f07-b790-e86f75eb7f58:group-51BDF06B2256 set configuration 0: [cfaca831-532a-4f07-b790-e86f75eb7f58:192.168.5.181:46104, 36e5b639-ec74-40c3-816f-31ffc6ce5e4b:192.168.5.181:34153, 18d86928-7cde-4fb7-976f-c69acd28448f:192.168.5.181:42839], old=null at 0
2019-07-13 12:43:12,650 INFO  impl.RaftServerImpl (ServerState.java:setRaftConf(361)) - 36e5b639-ec74-40c3-816f-31ffc6ce5e4b:group-51BDF06B2256 set configuration 0: [cfaca831-532a-4f07-b790-e86f75eb7f58:192.168.5.181:46104, 36e5b639-ec74-40c3-816f-31ffc6ce5e4b:192.168.5.181:34153, 18d86928-7cde-4fb7-976f-c69acd28448f:192.168.5.181:42839], old=null at 0
2019-07-13 12:43:12,652 INFO  segmented.SegmentedRaftLogWorker (SegmentedRaftLogWorker.java:startLogSegment(380)) - cfaca831-532a-4f07-b790-e86f75eb7f58-SegmentedRaftLogWorker:Storage Directory /tmp/workdir/hadoop-ozone/integration-test/target/test-dir/MiniOzoneClusterImpl-4b8da730-b866-4b25-9667-dd67e3f31850/datanode-2/data/ratis/a5a7abce-ef00-4bc3-a8e1-51bdf06b2256: Starting segment from index:0
2019-07-13 12:43:12,652 INFO  segmented.SegmentedRaftLogWorker (SegmentedRaftLogWorker.java:startLogSegment(380)) - 59d38224-75ed-4277-a1c8-7ba686e713e6-SegmentedRaftLogWorker:Storage Directory /tmp/workdir/hadoop-ozone/integration-test/target/test-dir/MiniOzoneClusterImpl-4b8da730-b866-4b25-9667-dd67e3f31850/datanode-3/data/ratis/9aa7493f-d89d-4c19-97de-ccdfe96872be: Starting segment from index:0
2019-07-13 12:43:12,652 INFO  segmented.SegmentedRaftLogWorker (SegmentedRaftLogWorker.java:startLogSegment(380)) - b06b62c4-2995-4fa7-ae8b-9ab386ccd04d-SegmentedRaftLogWorker:Storage Directory /tmp/workdir/hadoop-ozone/integration-test/target/test-dir/MiniOzoneClusterImpl-4b8da730-b866-4b25-9667-dd67e3f31850/datanode-5/data/ratis/9aa7493f-d89d-4c19-97de-ccdfe96872be: Starting segment from index:0
2019-07-13 12:43:12,652 INFO  segmented.SegmentedRaftLogWorker (SegmentedRaftLogWorker.java:startLogSegment(380)) - 36e5b639-ec74-40c3-816f-31ffc6ce5e4b-SegmentedRaftLogWorker:Storage Directory /tmp/workdir/hadoop-ozone/integration-test/target/test-dir/MiniOzoneClusterImpl-4b8da730-b866-4b25-9667-dd67e3f31850/datanode-4/data/ratis/a5a7abce-ef00-4bc3-a8e1-51bdf06b2256: Starting segment from index:0
2019-07-13 12:43:12,680 INFO  segmented.SegmentedRaftLogWorker (SegmentedRaftLogWorker.java:execute(569)) - b06b62c4-2995-4fa7-ae8b-9ab386ccd04d-SegmentedRaftLogWorker:Storage Directory /tmp/workdir/hadoop-ozone/integration-test/target/test-dir/MiniOzoneClusterImpl-4b8da730-b866-4b25-9667-dd67e3f31850/datanode-5/data/ratis/9aa7493f-d89d-4c19-97de-ccdfe96872be: created new log segment /tmp/workdir/hadoop-ozone/integration-test/target/test-dir/MiniOzoneClusterImpl-4b8da730-b866-4b25-9667-dd67e3f31850/datanode-5/data/ratis/9aa7493f-d89d-4c19-97de-ccdfe96872be/current/log_inprogress_0
2019-07-13 12:43:12,680 INFO  segmented.SegmentedRaftLogWorker (SegmentedRaftLogWorker.java:execute(569)) - 59d38224-75ed-4277-a1c8-7ba686e713e6-SegmentedRaftLogWorker:Storage Directory /tmp/workdir/hadoop-ozone/integration-test/target/test-dir/MiniOzoneClusterImpl-4b8da730-b866-4b25-9667-dd67e3f31850/datanode-3/data/ratis/9aa7493f-d89d-4c19-97de-ccdfe96872be: created new log segment /tmp/workdir/hadoop-ozone/integration-test/target/test-dir/MiniOzoneClusterImpl-4b8da730-b866-4b25-9667-dd67e3f31850/datanode-3/data/ratis/9aa7493f-d89d-4c19-97de-ccdfe96872be/current/log_inprogress_0
2019-07-13 12:43:12,680 INFO  segmented.SegmentedRaftLogWorker (SegmentedRaftLogWorker.java:execute(569)) - cfaca831-532a-4f07-b790-e86f75eb7f58-SegmentedRaftLogWorker:Storage Directory /tmp/workdir/hadoop-ozone/integration-test/target/test-dir/MiniOzoneClusterImpl-4b8da730-b866-4b25-9667-dd67e3f31850/datanode-2/data/ratis/a5a7abce-ef00-4bc3-a8e1-51bdf06b2256: created new log segment /tmp/workdir/hadoop-ozone/integration-test/target/test-dir/MiniOzoneClusterImpl-4b8da730-b866-4b25-9667-dd67e3f31850/datanode-2/data/ratis/a5a7abce-ef00-4bc3-a8e1-51bdf06b2256/current/log_inprogress_0
2019-07-13 12:43:12,680 INFO  segmented.SegmentedRaftLogWorker (SegmentedRaftLogWorker.java:execute(569)) - 36e5b639-ec74-40c3-816f-31ffc6ce5e4b-SegmentedRaftLogWorker:Storage Directory /tmp/workdir/hadoop-ozone/integration-test/target/test-dir/MiniOzoneClusterImpl-4b8da730-b866-4b25-9667-dd67e3f31850/datanode-4/data/ratis/a5a7abce-ef00-4bc3-a8e1-51bdf06b2256: created new log segment /tmp/workdir/hadoop-ozone/integration-test/target/test-dir/MiniOzoneClusterImpl-4b8da730-b866-4b25-9667-dd67e3f31850/datanode-4/data/ratis/a5a7abce-ef00-4bc3-a8e1-51bdf06b2256/current/log_inprogress_0
2019-07-13 12:43:13,044 INFO  client.GrpcClientProtocolClient (GrpcClientProtocolClient.java:onNext(255)) - client-4A55A5C70162->b06b62c4-2995-4fa7-ae8b-9ab386ccd04d: receive RaftClientReply:client-4A55A5C70162->b06b62c4-2995-4fa7-ae8b-9ab386ccd04d@group-CCDFE96872BE, cid=13, FAILED org.apache.ratis.protocol.NotLeaderException: Server b06b62c4-2995-4fa7-ae8b-9ab386ccd04d is not the leader (871470d2-fc9d-433e-986f-aa95403a039c:192.168.5.181:45526). Request must be sent to leader., logIndex=0, commits[b06b62c4-2995-4fa7-ae8b-9ab386ccd04d:c0, 59d38224-75ed-4277-a1c8-7ba686e713e6:c-1, 871470d2-fc9d-433e-986f-aa95403a039c:c0]
2019-07-13 12:43:13,293 INFO  container.CloseContainerEventHandler (CloseContainerEventHandler.java:onMessage(61)) - Close container Event triggered for container : #1
2019-07-13 12:43:13,306 INFO  container.CloseContainerEventHandler (CloseContainerEventHandler.java:onMessage(61)) - Close container Event triggered for container : #1
2019-07-13 12:43:13,306 INFO  container.CloseContainerEventHandler (CloseContainerEventHandler.java:onMessage(61)) - Close container Event triggered for container : #1
2019-07-13 12:43:13,314 INFO  client.GrpcClientProtocolClient (GrpcClientProtocolClient.java:onNext(255)) - client-4A55A5C70162->871470d2-fc9d-433e-986f-aa95403a039c: receive RaftClientReply:client-4A55A5C70162->871470d2-fc9d-433e-986f-aa95403a039c@group-CCDFE96872BE, cid=13, SUCCESS, logIndex=1, commits[871470d2-fc9d-433e-986f-aa95403a039c:c1, b06b62c4-2995-4fa7-ae8b-9ab386ccd04d:c0, 59d38224-75ed-4277-a1c8-7ba686e713e6:c0]
2019-07-13 12:43:13,390 INFO  client.GrpcClientProtocolClient (GrpcClientProtocolClient.java:onNext(255)) - client-4A55A5C70162->871470d2-fc9d-433e-986f-aa95403a039c: receive RaftClientReply:client-4A55A5C70162->871470d2-fc9d-433e-986f-aa95403a039c@group-CCDFE96872BE, cid=14, SUCCESS, logIndex=3, commits[871470d2-fc9d-433e-986f-aa95403a039c:c4, b06b62c4-2995-4fa7-ae8b-9ab386ccd04d:c3, 59d38224-75ed-4277-a1c8-7ba686e713e6:c3]
2019-07-13 12:43:15,234 INFO  interfaces.Container (KeyValueContainer.java:compactDB(356)) - Container 1 is closed with bcsId 3.
2019-07-13 12:43:15,253 INFO  interfaces.Container (KeyValueContainer.java:compactDB(356)) - Container 1 is closed with bcsId 3.
2019-07-13 12:43:15,253 INFO  interfaces.Container (KeyValueContainer.java:compactDB(356)) - Container 1 is closed with bcsId 3.
12:43:15.315 [grpc-default-executor-0] ERROR DNAudit - user=null | ip=null | op=WRITE_CHUNK {blockData=conID: 1 locID: 102434195873595393 bcsId: 3} | ret=FAILURE
org.apache.hadoop.hdds.scm.container.common.helpers.ContainerNotOpenException: Container 1 in CLOSED state
	at org.apache.hadoop.ozone.container.common.impl.HddsDispatcher.validateContainerCommand(HddsDispatcher.java:408) ~[hadoop-hdds-container-service-0.5.0-SNAPSHOT.jar:?]
	at org.apache.hadoop.ozone.container.common.transport.server.ratis.ContainerStateMachine.startTransaction(ContainerStateMachine.java:271) ~[hadoop-hdds-container-service-0.5.0-SNAPSHOT.jar:?]
	at org.apache.ratis.server.impl.RaftServerImpl.submitClientRequestAsync(RaftServerImpl.java:566) ~[ratis-server-0.4.0-2337318-SNAPSHOT.jar:0.4.0-2337318-SNAPSHOT]
	at org.apache.ratis.server.impl.RaftServerProxy.lambda$submitClientRequestAsync$7(RaftServerProxy.java:333) ~[ratis-server-0.4.0-2337318-SNAPSHOT.jar:0.4.0-2337318-SNAPSHOT]
	at org.apache.ratis.server.impl.RaftServerProxy.lambda$null$5(RaftServerProxy.java:328) ~[ratis-server-0.4.0-2337318-SNAPSHOT.jar:0.4.0-2337318-SNAPSHOT]
	at org.apache.ratis.util.JavaUtils.callAsUnchecked(JavaUtils.java:109) ~[ratis-common-0.4.0-2337318-SNAPSHOT.jar:0.4.0-2337318-SNAPSHOT]
	at org.apache.ratis.server.impl.RaftServerProxy.lambda$submitRequest$6(RaftServerProxy.java:328) ~[ratis-server-0.4.0-2337318-SNAPSHOT.jar:0.4.0-2337318-SNAPSHOT]
	at java.util.concurrent.CompletableFuture.uniComposeStage(CompletableFuture.java:981) ~[?:1.8.0_212]
	at java.util.concurrent.CompletableFuture.thenCompose(CompletableFuture.java:2124) ~[?:1.8.0_212]
	at org.apache.ratis.server.impl.RaftServerProxy.submitRequest(RaftServerProxy.java:327) ~[ratis-server-0.4.0-2337318-SNAPSHOT.jar:0.4.0-2337318-SNAPSHOT]
	at org.apache.ratis.server.impl.RaftServerProxy.submitClientRequestAsync(RaftServerProxy.java:333) ~[ratis-server-0.4.0-2337318-SNAPSHOT.jar:0.4.0-2337318-SNAPSHOT]
	at org.apache.ratis.grpc.client.GrpcClientProtocolService$RequestStreamObserver.processClientRequest(GrpcClientProtocolService.java:220) ~[ratis-grpc-0.4.0-2337318-SNAPSHOT.jar:0.4.0-2337318-SNAPSHOT]
	at org.apache.ratis.grpc.client.GrpcClientProtocolService$OrderedRequestStreamObserver.processClientRequest(GrpcClientProtocolService.java:326) ~[ratis-grpc-0.4.0-2337318-SNAPSHOT.jar:0.4.0-2337318-SNAPSHOT]
	at org.apache.ratis.util.SlidingWindow$Server.processRequestsFromHead(SlidingWindow.java:429) [ratis-common-0.4.0-2337318-SNAPSHOT.jar:0.4.0-2337318-SNAPSHOT]
	at org.apache.ratis.util.SlidingWindow$Server.receivedRequest(SlidingWindow.java:421) [ratis-common-0.4.0-2337318-SNAPSHOT.jar:0.4.0-2337318-SNAPSHOT]
	at org.apache.ratis.grpc.client.GrpcClientProtocolService$OrderedRequestStreamObserver.processClientRequest(GrpcClientProtocolService.java:345) [ratis-grpc-0.4.0-2337318-SNAPSHOT.jar:0.4.0-2337318-SNAPSHOT]
	at org.apache.ratis.grpc.client.GrpcClientProtocolService$RequestStreamObserver.onNext(GrpcClientProtocolService.java:240) [ratis-grpc-0.4.0-2337318-SNAPSHOT.jar:0.4.0-2337318-SNAPSHOT]
	at org.apache.ratis.grpc.client.GrpcClientProtocolService$RequestStreamObserver.onNext(GrpcClientProtocolService.java:168) [ratis-grpc-0.4.0-2337318-SNAPSHOT.jar:0.4.0-2337318-SNAPSHOT]
	at org.apache.ratis.thirdparty.io.grpc.stub.ServerCalls$StreamingServerCallHandler$StreamingServerCallListener.onMessage(ServerCalls.java:248) [ratis-thirdparty-misc-0.2.0.jar:0.2.0]
	at org.apache.ratis.thirdparty.io.grpc.internal.ServerCallImpl$ServerStreamListenerImpl.messagesAvailable(ServerCallImpl.java:263) [ratis-thirdparty-misc-0.2.0.jar:0.2.0]
	at org.apache.ratis.thirdparty.io.grpc.internal.ServerImpl$JumpToApplicationThreadServerStreamListener$1MessagesAvailable.runInContext(ServerImpl.java:686) [ratis-thirdparty-misc-0.2.0.jar:0.2.0]
	at org.apache.ratis.thirdparty.io.grpc.internal.ContextRunnable.run(ContextRunnable.java:37) [ratis-thirdparty-misc-0.2.0.jar:0.2.0]
	at org.apache.ratis.thirdparty.io.grpc.internal.SerializingExecutor.run(SerializingExecutor.java:123) [ratis-thirdparty-misc-0.2.0.jar:0.2.0]
	at java.util.concurrent.ThreadPoolExecutor.runWorker(ThreadPoolExecutor.java:1149) [?:1.8.0_212]
	at java.util.concurrent.ThreadPoolExecutor$Worker.run(ThreadPoolExecutor.java:624) [?:1.8.0_212]
	at java.lang.Thread.run(Thread.java:748) [?:1.8.0_212]
12:43:15.361 [grpc-default-executor-0] ERROR DNAudit - user=null | ip=null | op=PUT_BLOCK {blockData=[blockId=conID: 1 locID: 102434195873595393 bcsId: 0,size=2097152]} | ret=FAILURE
org.apache.hadoop.hdds.scm.container.common.helpers.ContainerNotOpenException: Container 1 in CLOSED state
	at org.apache.hadoop.ozone.container.common.impl.HddsDispatcher.validateContainerCommand(HddsDispatcher.java:408) ~[hadoop-hdds-container-service-0.5.0-SNAPSHOT.jar:?]
	at org.apache.hadoop.ozone.container.common.transport.server.ratis.ContainerStateMachine.startTransaction(ContainerStateMachine.java:271) ~[hadoop-hdds-container-service-0.5.0-SNAPSHOT.jar:?]
	at org.apache.ratis.server.impl.RaftServerImpl.submitClientRequestAsync(RaftServerImpl.java:566) ~[ratis-server-0.4.0-2337318-SNAPSHOT.jar:0.4.0-2337318-SNAPSHOT]
	at org.apache.ratis.server.impl.RaftServerProxy.lambda$submitClientRequestAsync$7(RaftServerProxy.java:333) ~[ratis-server-0.4.0-2337318-SNAPSHOT.jar:0.4.0-2337318-SNAPSHOT]
	at org.apache.ratis.server.impl.RaftServerProxy.lambda$null$5(RaftServerProxy.java:328) ~[ratis-server-0.4.0-2337318-SNAPSHOT.jar:0.4.0-2337318-SNAPSHOT]
	at org.apache.ratis.util.JavaUtils.callAsUnchecked(JavaUtils.java:109) ~[ratis-common-0.4.0-2337318-SNAPSHOT.jar:0.4.0-2337318-SNAPSHOT]
	at org.apache.ratis.server.impl.RaftServerProxy.lambda$submitRequest$6(RaftServerProxy.java:328) ~[ratis-server-0.4.0-2337318-SNAPSHOT.jar:0.4.0-2337318-SNAPSHOT]
	at java.util.concurrent.CompletableFuture.uniComposeStage(CompletableFuture.java:981) ~[?:1.8.0_212]
	at java.util.concurrent.CompletableFuture.thenCompose(CompletableFuture.java:2124) ~[?:1.8.0_212]
	at org.apache.ratis.server.impl.RaftServerProxy.submitRequest(RaftServerProxy.java:327) ~[ratis-server-0.4.0-2337318-SNAPSHOT.jar:0.4.0-2337318-SNAPSHOT]
	at org.apache.ratis.server.impl.RaftServerProxy.submitClientRequestAsync(RaftServerProxy.java:333) ~[ratis-server-0.4.0-2337318-SNAPSHOT.jar:0.4.0-2337318-SNAPSHOT]
	at org.apache.ratis.grpc.client.GrpcClientProtocolService$RequestStreamObserver.processClientRequest(GrpcClientProtocolService.java:220) ~[ratis-grpc-0.4.0-2337318-SNAPSHOT.jar:0.4.0-2337318-SNAPSHOT]
	at org.apache.ratis.grpc.client.GrpcClientProtocolService$OrderedRequestStreamObserver.processClientRequest(GrpcClientProtocolService.java:326) ~[ratis-grpc-0.4.0-2337318-SNAPSHOT.jar:0.4.0-2337318-SNAPSHOT]
	at org.apache.ratis.util.SlidingWindow$Server.processRequestsFromHead(SlidingWindow.java:429) [ratis-common-0.4.0-2337318-SNAPSHOT.jar:0.4.0-2337318-SNAPSHOT]
	at org.apache.ratis.util.SlidingWindow$Server.receivedRequest(SlidingWindow.java:421) [ratis-common-0.4.0-2337318-SNAPSHOT.jar:0.4.0-2337318-SNAPSHOT]
	at org.apache.ratis.grpc.client.GrpcClientProtocolService$OrderedRequestStreamObserver.processClientRequest(GrpcClientProtocolService.java:345) [ratis-grpc-0.4.0-2337318-SNAPSHOT.jar:0.4.0-2337318-SNAPSHOT]
	at org.apache.ratis.grpc.client.GrpcClientProtocolService$RequestStreamObserver.onNext(GrpcClientProtocolService.java:240) [ratis-grpc-0.4.0-2337318-SNAPSHOT.jar:0.4.0-2337318-SNAPSHOT]
	at org.apache.ratis.grpc.client.GrpcClientProtocolService$RequestStreamObserver.onNext(GrpcClientProtocolService.java:168) [ratis-grpc-0.4.0-2337318-SNAPSHOT.jar:0.4.0-2337318-SNAPSHOT]
	at org.apache.ratis.thirdparty.io.grpc.stub.ServerCalls$StreamingServerCallHandler$StreamingServerCallListener.onMessage(ServerCalls.java:248) [ratis-thirdparty-misc-0.2.0.jar:0.2.0]
	at org.apache.ratis.thirdparty.io.grpc.internal.ServerCallImpl$ServerStreamListenerImpl.messagesAvailable(ServerCallImpl.java:263) [ratis-thirdparty-misc-0.2.0.jar:0.2.0]
	at org.apache.ratis.thirdparty.io.grpc.internal.ServerImpl$JumpToApplicationThreadServerStreamListener$1MessagesAvailable.runInContext(ServerImpl.java:686) [ratis-thirdparty-misc-0.2.0.jar:0.2.0]
	at org.apache.ratis.thirdparty.io.grpc.internal.ContextRunnable.run(ContextRunnable.java:37) [ratis-thirdparty-misc-0.2.0.jar:0.2.0]
	at org.apache.ratis.thirdparty.io.grpc.internal.SerializingExecutor.run(SerializingExecutor.java:123) [ratis-thirdparty-misc-0.2.0.jar:0.2.0]
	at java.util.concurrent.ThreadPoolExecutor.runWorker(ThreadPoolExecutor.java:1149) [?:1.8.0_212]
	at java.util.concurrent.ThreadPoolExecutor$Worker.run(ThreadPoolExecutor.java:624) [?:1.8.0_212]
	at java.lang.Thread.run(Thread.java:748) [?:1.8.0_212]
2019-07-13 12:43:15,374 INFO  client.GrpcClientProtocolClient (GrpcClientProtocolClient.java:onNext(255)) - client-4A55A5C70162->871470d2-fc9d-433e-986f-aa95403a039c: receive RaftClientReply:client-4A55A5C70162->871470d2-fc9d-433e-986f-aa95403a039c@group-CCDFE96872BE, cid=15, FAILED org.apache.ratis.protocol.StateMachineException: org.apache.hadoop.hdds.scm.container.common.helpers.ContainerNotOpenException from Server 871470d2-fc9d-433e-986f-aa95403a039c: Container 1 in CLOSED state, logIndex=0, commits[871470d2-fc9d-433e-986f-aa95403a039c:c6, b06b62c4-2995-4fa7-ae8b-9ab386ccd04d:c5, 59d38224-75ed-4277-a1c8-7ba686e713e6:c5]
2019-07-13 12:43:15,377 INFO  client.GrpcClientProtocolClient (GrpcClientProtocolClient.java:onNext(255)) - client-4A55A5C70162->871470d2-fc9d-433e-986f-aa95403a039c: receive RaftClientReply:client-4A55A5C70162->871470d2-fc9d-433e-986f-aa95403a039c@group-CCDFE96872BE, cid=16, FAILED org.apache.ratis.protocol.StateMachineException: org.apache.hadoop.hdds.scm.container.common.helpers.ContainerNotOpenException from Server 871470d2-fc9d-433e-986f-aa95403a039c: Container 1 in CLOSED state, logIndex=0, commits[871470d2-fc9d-433e-986f-aa95403a039c:c6, b06b62c4-2995-4fa7-ae8b-9ab386ccd04d:c5, 59d38224-75ed-4277-a1c8-7ba686e713e6:c5]
2019-07-13 12:43:15,552 INFO  client.GrpcClientProtocolClient (GrpcClientProtocolClient.java:onNext(255)) - client-8D480938001B->18d86928-7cde-4fb7-976f-c69acd28448f: receive RaftClientReply:client-8D480938001B->18d86928-7cde-4fb7-976f-c69acd28448f@group-51BDF06B2256, cid=17, SUCCESS, logIndex=1, commits[18d86928-7cde-4fb7-976f-c69acd28448f:c1, cfaca831-532a-4f07-b790-e86f75eb7f58:c0, 36e5b639-ec74-40c3-816f-31ffc6ce5e4b:c0]
2019-07-13 12:43:15,607 INFO  client.GrpcClientProtocolClient (GrpcClientProtocolClient.java:onNext(255)) - client-8D480938001B->18d86928-7cde-4fb7-976f-c69acd28448f: receive RaftClientReply:client-8D480938001B->18d86928-7cde-4fb7-976f-c69acd28448f@group-51BDF06B2256, cid=18, SUCCESS, logIndex=3, commits[18d86928-7cde-4fb7-976f-c69acd28448f:c6, cfaca831-532a-4f07-b790-e86f75eb7f58:c3, 36e5b639-ec74-40c3-816f-31ffc6ce5e4b:c4]
2019-07-13 12:43:15,609 INFO  client.GrpcClientProtocolClient (GrpcClientProtocolClient.java:onNext(255)) - client-8D480938001B->18d86928-7cde-4fb7-976f-c69acd28448f: receive RaftClientReply:client-8D480938001B->18d86928-7cde-4fb7-976f-c69acd28448f@group-51BDF06B2256, cid=19, SUCCESS, logIndex=5, commits[18d86928-7cde-4fb7-976f-c69acd28448f:c6, cfaca831-532a-4f07-b790-e86f75eb7f58:c3, 36e5b639-ec74-40c3-816f-31ffc6ce5e4b:c4]
2019-07-13 12:43:15,684 INFO  client.GrpcClientProtocolClient (GrpcClientProtocolClient.java:onNext(255)) - client-8D480938001B->18d86928-7cde-4fb7-976f-c69acd28448f: receive RaftClientReply:client-8D480938001B->18d86928-7cde-4fb7-976f-c69acd28448f@group-51BDF06B2256, cid=20, SUCCESS, logIndex=6, commits[18d86928-7cde-4fb7-976f-c69acd28448f:c8, cfaca831-532a-4f07-b790-e86f75eb7f58:c6, 36e5b639-ec74-40c3-816f-31ffc6ce5e4b:c6]
2019-07-13 12:43:15,776 INFO  pipeline.Pipeline (Pipeline.java:getProtobufMessage(195)) - Serialize pipeline PipelineID=a5a7abce-ef00-4bc3-a8e1-51bdf06b2256 with nodesInOrder{ }
]]></system-out>
    <system-err><![CDATA[ERROR StatusLogger No Log4j 2 configuration file found. Using default configuration (logging only errors to the console), or user programmatically provided configurations. Set system property 'log4j2.debug' to show Log4j 2 internal initialization logging. See https://logging.apache.org/log4j/2.x/manual/configuration.html for instructions on how to configure Log4j 2
Jul 13, 2019 12:43:00 PM com.sun.jersey.server.impl.application.WebApplicationImpl _initiate
INFO: Initiating Jersey application, version 'Jersey: 1.19 02/11/2015 03:25 AM'
Jul 13, 2019 12:43:01 PM com.sun.jersey.server.impl.application.WebApplicationImpl _initiate
INFO: Initiating Jersey application, version 'Jersey: 1.19 02/11/2015 03:25 AM'
Jul 13, 2019 12:43:01 PM com.sun.jersey.server.impl.application.WebApplicationImpl _initiate
INFO: Initiating Jersey application, version 'Jersey: 1.19 02/11/2015 03:25 AM'
Jul 13, 2019 12:43:02 PM com.sun.jersey.server.impl.application.WebApplicationImpl _initiate
INFO: Initiating Jersey application, version 'Jersey: 1.19 02/11/2015 03:25 AM'
Jul 13, 2019 12:43:02 PM com.sun.jersey.server.impl.application.WebApplicationImpl _initiate
INFO: Initiating Jersey application, version 'Jersey: 1.19 02/11/2015 03:25 AM'
Jul 13, 2019 12:43:02 PM com.sun.jersey.server.impl.application.WebApplicationImpl _initiate
INFO: Initiating Jersey application, version 'Jersey: 1.19 02/11/2015 03:25 AM'
Jul 13, 2019 12:43:02 PM com.sun.jersey.server.impl.application.WebApplicationImpl _initiate
INFO: Initiating Jersey application, version 'Jersey: 1.19 02/11/2015 03:25 AM'
]]></system-err>
  </testcase>
  <testcase name="testBlockWritesWithFlushAndClose" classname="org.apache.hadoop.ozone.client.rpc.TestCloseContainerHandlingByClient" time="2.867">
    <error type="java.lang.IllegalArgumentException">java.lang.IllegalArgumentException
	at com.google.common.base.Preconditions.checkArgument(Preconditions.java:72)
	at org.apache.hadoop.hdds.scm.XceiverClientManager.acquireClient(XceiverClientManager.java:150)
	at org.apache.hadoop.hdds.scm.XceiverClientManager.acquireClientForReadData(XceiverClientManager.java:143)
	at org.apache.hadoop.hdds.scm.storage.BlockInputStream.getChunkInfos(BlockInputStream.java:154)
	at org.apache.hadoop.hdds.scm.storage.BlockInputStream.initialize(BlockInputStream.java:118)
	at org.apache.hadoop.hdds.scm.storage.BlockInputStream.read(BlockInputStream.java:222)
	at org.apache.hadoop.ozone.client.io.KeyInputStream.read(KeyInputStream.java:171)
	at org.apache.hadoop.ozone.client.io.OzoneInputStream.read(OzoneInputStream.java:47)
	at java.io.InputStream.read(InputStream.java:101)
	at org.apache.hadoop.ozone.container.ContainerTestHelper.validateData(ContainerTestHelper.java:709)
	at org.apache.hadoop.ozone.client.rpc.TestCloseContainerHandlingByClient.validateData(TestCloseContainerHandlingByClient.java:401)
	at org.apache.hadoop.ozone.client.rpc.TestCloseContainerHandlingByClient.testBlockWritesWithFlushAndClose(TestCloseContainerHandlingByClient.java:150)
	at sun.reflect.NativeMethodAccessorImpl.invoke0(Native Method)
	at sun.reflect.NativeMethodAccessorImpl.invoke(NativeMethodAccessorImpl.java:62)
	at sun.reflect.DelegatingMethodAccessorImpl.invoke(DelegatingMethodAccessorImpl.java:43)
	at java.lang.reflect.Method.invoke(Method.java:498)
	at org.junit.runners.model.FrameworkMethod$1.runReflectiveCall(FrameworkMethod.java:47)
	at org.junit.internal.runners.model.ReflectiveCallable.run(ReflectiveCallable.java:12)
	at org.junit.runners.model.FrameworkMethod.invokeExplosively(FrameworkMethod.java:44)
	at org.junit.internal.runners.statements.InvokeMethod.evaluate(InvokeMethod.java:17)
	at org.junit.runners.ParentRunner.runLeaf(ParentRunner.java:271)
	at org.junit.runners.BlockJUnit4ClassRunner.runChild(BlockJUnit4ClassRunner.java:70)
	at org.junit.runners.BlockJUnit4ClassRunner.runChild(BlockJUnit4ClassRunner.java:50)
	at org.junit.runners.ParentRunner$3.run(ParentRunner.java:238)
	at org.junit.runners.ParentRunner$1.schedule(ParentRunner.java:63)
	at org.junit.runners.ParentRunner.runChildren(ParentRunner.java:236)
	at org.junit.runners.ParentRunner.access$000(ParentRunner.java:53)
	at org.junit.runners.ParentRunner$2.evaluate(ParentRunner.java:229)
	at org.junit.internal.runners.statements.RunBefores.evaluate(RunBefores.java:26)
	at org.junit.internal.runners.statements.RunAfters.evaluate(RunAfters.java:27)
	at org.junit.runners.ParentRunner.run(ParentRunner.java:309)
	at org.apache.maven.surefire.junit4.JUnit4Provider.execute(JUnit4Provider.java:365)
	at org.apache.maven.surefire.junit4.JUnit4Provider.executeWithRerun(JUnit4Provider.java:273)
	at org.apache.maven.surefire.junit4.JUnit4Provider.executeTestSet(JUnit4Provider.java:238)
	at org.apache.maven.surefire.junit4.JUnit4Provider.invoke(JUnit4Provider.java:159)
	at org.apache.maven.surefire.booter.ForkedBooter.invokeProviderInSameClassLoader(ForkedBooter.java:384)
	at org.apache.maven.surefire.booter.ForkedBooter.runSuitesInProcess(ForkedBooter.java:345)
	at org.apache.maven.surefire.booter.ForkedBooter.execute(ForkedBooter.java:126)
	at org.apache.maven.surefire.booter.ForkedBooter.main(ForkedBooter.java:418)
</error>
    <system-out><![CDATA[2019-07-13 12:43:15,962 INFO  client.GrpcClientProtocolClient (GrpcClientProtocolClient.java:onNext(255)) - client-8D480938001B->18d86928-7cde-4fb7-976f-c69acd28448f: receive RaftClientReply:client-8D480938001B->18d86928-7cde-4fb7-976f-c69acd28448f@group-51BDF06B2256, cid=21, SUCCESS, logIndex=9, commits[18d86928-7cde-4fb7-976f-c69acd28448f:c10, cfaca831-532a-4f07-b790-e86f75eb7f58:c8, 36e5b639-ec74-40c3-816f-31ffc6ce5e4b:c8]
2019-07-13 12:43:15,989 INFO  client.GrpcClientProtocolClient (GrpcClientProtocolClient.java:onNext(255)) - client-8D480938001B->18d86928-7cde-4fb7-976f-c69acd28448f: receive RaftClientReply:client-8D480938001B->18d86928-7cde-4fb7-976f-c69acd28448f@group-51BDF06B2256, cid=22, SUCCESS, logIndex=10, commits[18d86928-7cde-4fb7-976f-c69acd28448f:c12, cfaca831-532a-4f07-b790-e86f75eb7f58:c10, 36e5b639-ec74-40c3-816f-31ffc6ce5e4b:c10]
2019-07-13 12:43:16,367 INFO  container.CloseContainerEventHandler (CloseContainerEventHandler.java:onMessage(61)) - Close container Event triggered for container : #3
2019-07-13 12:43:16,368 INFO  container.CloseContainerEventHandler (CloseContainerEventHandler.java:onMessage(61)) - Close container Event triggered for container : #3
2019-07-13 12:43:16,368 INFO  container.CloseContainerEventHandler (CloseContainerEventHandler.java:onMessage(61)) - Close container Event triggered for container : #3
2019-07-13 12:43:17,957 INFO  interfaces.Container (KeyValueContainer.java:compactDB(356)) - Container 3 is closed with bcsId 10.
2019-07-13 12:43:17,966 INFO  interfaces.Container (KeyValueContainer.java:compactDB(356)) - Container 3 is closed with bcsId 10.
2019-07-13 12:43:17,969 INFO  interfaces.Container (KeyValueContainer.java:compactDB(356)) - Container 3 is closed with bcsId 10.
12:43:18.378 [grpc-default-executor-1] ERROR DNAudit - user=null | ip=null | op=WRITE_CHUNK {blockData=conID: 3 locID: 102434196413480964 bcsId: 10} | ret=FAILURE
org.apache.hadoop.hdds.scm.container.common.helpers.ContainerNotOpenException: Container 3 in CLOSED state
	at org.apache.hadoop.ozone.container.common.impl.HddsDispatcher.validateContainerCommand(HddsDispatcher.java:408) ~[hadoop-hdds-container-service-0.5.0-SNAPSHOT.jar:?]
	at org.apache.hadoop.ozone.container.common.transport.server.ratis.ContainerStateMachine.startTransaction(ContainerStateMachine.java:271) ~[hadoop-hdds-container-service-0.5.0-SNAPSHOT.jar:?]
	at org.apache.ratis.server.impl.RaftServerImpl.submitClientRequestAsync(RaftServerImpl.java:566) ~[ratis-server-0.4.0-2337318-SNAPSHOT.jar:0.4.0-2337318-SNAPSHOT]
	at org.apache.ratis.server.impl.RaftServerProxy.lambda$submitClientRequestAsync$7(RaftServerProxy.java:333) ~[ratis-server-0.4.0-2337318-SNAPSHOT.jar:0.4.0-2337318-SNAPSHOT]
	at org.apache.ratis.server.impl.RaftServerProxy.lambda$null$5(RaftServerProxy.java:328) ~[ratis-server-0.4.0-2337318-SNAPSHOT.jar:0.4.0-2337318-SNAPSHOT]
	at org.apache.ratis.util.JavaUtils.callAsUnchecked(JavaUtils.java:109) ~[ratis-common-0.4.0-2337318-SNAPSHOT.jar:0.4.0-2337318-SNAPSHOT]
	at org.apache.ratis.server.impl.RaftServerProxy.lambda$submitRequest$6(RaftServerProxy.java:328) ~[ratis-server-0.4.0-2337318-SNAPSHOT.jar:0.4.0-2337318-SNAPSHOT]
	at java.util.concurrent.CompletableFuture.uniComposeStage(CompletableFuture.java:981) ~[?:1.8.0_212]
	at java.util.concurrent.CompletableFuture.thenCompose(CompletableFuture.java:2124) ~[?:1.8.0_212]
	at org.apache.ratis.server.impl.RaftServerProxy.submitRequest(RaftServerProxy.java:327) ~[ratis-server-0.4.0-2337318-SNAPSHOT.jar:0.4.0-2337318-SNAPSHOT]
	at org.apache.ratis.server.impl.RaftServerProxy.submitClientRequestAsync(RaftServerProxy.java:333) ~[ratis-server-0.4.0-2337318-SNAPSHOT.jar:0.4.0-2337318-SNAPSHOT]
	at org.apache.ratis.grpc.client.GrpcClientProtocolService$RequestStreamObserver.processClientRequest(GrpcClientProtocolService.java:220) ~[ratis-grpc-0.4.0-2337318-SNAPSHOT.jar:0.4.0-2337318-SNAPSHOT]
	at org.apache.ratis.grpc.client.GrpcClientProtocolService$OrderedRequestStreamObserver.processClientRequest(GrpcClientProtocolService.java:326) ~[ratis-grpc-0.4.0-2337318-SNAPSHOT.jar:0.4.0-2337318-SNAPSHOT]
	at org.apache.ratis.util.SlidingWindow$Server.processRequestsFromHead(SlidingWindow.java:429) [ratis-common-0.4.0-2337318-SNAPSHOT.jar:0.4.0-2337318-SNAPSHOT]
	at org.apache.ratis.util.SlidingWindow$Server.receivedRequest(SlidingWindow.java:421) [ratis-common-0.4.0-2337318-SNAPSHOT.jar:0.4.0-2337318-SNAPSHOT]
	at org.apache.ratis.grpc.client.GrpcClientProtocolService$OrderedRequestStreamObserver.processClientRequest(GrpcClientProtocolService.java:345) [ratis-grpc-0.4.0-2337318-SNAPSHOT.jar:0.4.0-2337318-SNAPSHOT]
	at org.apache.ratis.grpc.client.GrpcClientProtocolService$RequestStreamObserver.onNext(GrpcClientProtocolService.java:240) [ratis-grpc-0.4.0-2337318-SNAPSHOT.jar:0.4.0-2337318-SNAPSHOT]
	at org.apache.ratis.grpc.client.GrpcClientProtocolService$RequestStreamObserver.onNext(GrpcClientProtocolService.java:168) [ratis-grpc-0.4.0-2337318-SNAPSHOT.jar:0.4.0-2337318-SNAPSHOT]
	at org.apache.ratis.thirdparty.io.grpc.stub.ServerCalls$StreamingServerCallHandler$StreamingServerCallListener.onMessage(ServerCalls.java:248) [ratis-thirdparty-misc-0.2.0.jar:0.2.0]
	at org.apache.ratis.thirdparty.io.grpc.internal.ServerCallImpl$ServerStreamListenerImpl.messagesAvailable(ServerCallImpl.java:263) [ratis-thirdparty-misc-0.2.0.jar:0.2.0]
	at org.apache.ratis.thirdparty.io.grpc.internal.ServerImpl$JumpToApplicationThreadServerStreamListener$1MessagesAvailable.runInContext(ServerImpl.java:686) [ratis-thirdparty-misc-0.2.0.jar:0.2.0]
	at org.apache.ratis.thirdparty.io.grpc.internal.ContextRunnable.run(ContextRunnable.java:37) [ratis-thirdparty-misc-0.2.0.jar:0.2.0]
	at org.apache.ratis.thirdparty.io.grpc.internal.SerializingExecutor.run(SerializingExecutor.java:123) [ratis-thirdparty-misc-0.2.0.jar:0.2.0]
	at java.util.concurrent.ThreadPoolExecutor.runWorker(ThreadPoolExecutor.java:1149) [?:1.8.0_212]
	at java.util.concurrent.ThreadPoolExecutor$Worker.run(ThreadPoolExecutor.java:624) [?:1.8.0_212]
	at java.lang.Thread.run(Thread.java:748) [?:1.8.0_212]
12:43:18.389 [grpc-default-executor-1] ERROR DNAudit - user=null | ip=null | op=PUT_BLOCK {blockData=[blockId=conID: 3 locID: 102434196413480964 bcsId: 0,size=2097152]} | ret=FAILURE
org.apache.hadoop.hdds.scm.container.common.helpers.ContainerNotOpenException: Container 3 in CLOSED state
	at org.apache.hadoop.ozone.container.common.impl.HddsDispatcher.validateContainerCommand(HddsDispatcher.java:408) ~[hadoop-hdds-container-service-0.5.0-SNAPSHOT.jar:?]
	at org.apache.hadoop.ozone.container.common.transport.server.ratis.ContainerStateMachine.startTransaction(ContainerStateMachine.java:271) ~[hadoop-hdds-container-service-0.5.0-SNAPSHOT.jar:?]
	at org.apache.ratis.server.impl.RaftServerImpl.submitClientRequestAsync(RaftServerImpl.java:566) ~[ratis-server-0.4.0-2337318-SNAPSHOT.jar:0.4.0-2337318-SNAPSHOT]
	at org.apache.ratis.server.impl.RaftServerProxy.lambda$submitClientRequestAsync$7(RaftServerProxy.java:333) ~[ratis-server-0.4.0-2337318-SNAPSHOT.jar:0.4.0-2337318-SNAPSHOT]
	at org.apache.ratis.server.impl.RaftServerProxy.lambda$null$5(RaftServerProxy.java:328) ~[ratis-server-0.4.0-2337318-SNAPSHOT.jar:0.4.0-2337318-SNAPSHOT]
	at org.apache.ratis.util.JavaUtils.callAsUnchecked(JavaUtils.java:109) ~[ratis-common-0.4.0-2337318-SNAPSHOT.jar:0.4.0-2337318-SNAPSHOT]
	at org.apache.ratis.server.impl.RaftServerProxy.lambda$submitRequest$6(RaftServerProxy.java:328) ~[ratis-server-0.4.0-2337318-SNAPSHOT.jar:0.4.0-2337318-SNAPSHOT]
	at java.util.concurrent.CompletableFuture.uniComposeStage(CompletableFuture.java:981) ~[?:1.8.0_212]
	at java.util.concurrent.CompletableFuture.thenCompose(CompletableFuture.java:2124) ~[?:1.8.0_212]
	at org.apache.ratis.server.impl.RaftServerProxy.submitRequest(RaftServerProxy.java:327) ~[ratis-server-0.4.0-2337318-SNAPSHOT.jar:0.4.0-2337318-SNAPSHOT]
	at org.apache.ratis.server.impl.RaftServerProxy.submitClientRequestAsync(RaftServerProxy.java:333) ~[ratis-server-0.4.0-2337318-SNAPSHOT.jar:0.4.0-2337318-SNAPSHOT]
	at org.apache.ratis.grpc.client.GrpcClientProtocolService$RequestStreamObserver.processClientRequest(GrpcClientProtocolService.java:220) ~[ratis-grpc-0.4.0-2337318-SNAPSHOT.jar:0.4.0-2337318-SNAPSHOT]
	at org.apache.ratis.grpc.client.GrpcClientProtocolService$OrderedRequestStreamObserver.processClientRequest(GrpcClientProtocolService.java:326) ~[ratis-grpc-0.4.0-2337318-SNAPSHOT.jar:0.4.0-2337318-SNAPSHOT]
	at org.apache.ratis.util.SlidingWindow$Server.processRequestsFromHead(SlidingWindow.java:429) [ratis-common-0.4.0-2337318-SNAPSHOT.jar:0.4.0-2337318-SNAPSHOT]
	at org.apache.ratis.util.SlidingWindow$Server.receivedRequest(SlidingWindow.java:421) [ratis-common-0.4.0-2337318-SNAPSHOT.jar:0.4.0-2337318-SNAPSHOT]
	at org.apache.ratis.grpc.client.GrpcClientProtocolService$OrderedRequestStreamObserver.processClientRequest(GrpcClientProtocolService.java:345) [ratis-grpc-0.4.0-2337318-SNAPSHOT.jar:0.4.0-2337318-SNAPSHOT]
	at org.apache.ratis.grpc.client.GrpcClientProtocolService$RequestStreamObserver.onNext(GrpcClientProtocolService.java:240) [ratis-grpc-0.4.0-2337318-SNAPSHOT.jar:0.4.0-2337318-SNAPSHOT]
	at org.apache.ratis.grpc.client.GrpcClientProtocolService$RequestStreamObserver.onNext(GrpcClientProtocolService.java:168) [ratis-grpc-0.4.0-2337318-SNAPSHOT.jar:0.4.0-2337318-SNAPSHOT]
	at org.apache.ratis.thirdparty.io.grpc.stub.ServerCalls$StreamingServerCallHandler$StreamingServerCallListener.onMessage(ServerCalls.java:248) [ratis-thirdparty-misc-0.2.0.jar:0.2.0]
	at org.apache.ratis.thirdparty.io.grpc.internal.ServerCallImpl$ServerStreamListenerImpl.messagesAvailable(ServerCallImpl.java:263) [ratis-thirdparty-misc-0.2.0.jar:0.2.0]
	at org.apache.ratis.thirdparty.io.grpc.internal.ServerImpl$JumpToApplicationThreadServerStreamListener$1MessagesAvailable.runInContext(ServerImpl.java:686) [ratis-thirdparty-misc-0.2.0.jar:0.2.0]
	at org.apache.ratis.thirdparty.io.grpc.internal.ContextRunnable.run(ContextRunnable.java:37) [ratis-thirdparty-misc-0.2.0.jar:0.2.0]
	at org.apache.ratis.thirdparty.io.grpc.internal.SerializingExecutor.run(SerializingExecutor.java:123) [ratis-thirdparty-misc-0.2.0.jar:0.2.0]
	at java.util.concurrent.ThreadPoolExecutor.runWorker(ThreadPoolExecutor.java:1149) [?:1.8.0_212]
	at java.util.concurrent.ThreadPoolExecutor$Worker.run(ThreadPoolExecutor.java:624) [?:1.8.0_212]
	at java.lang.Thread.run(Thread.java:748) [?:1.8.0_212]
2019-07-13 12:43:18,396 INFO  client.GrpcClientProtocolClient (GrpcClientProtocolClient.java:onNext(255)) - client-8D480938001B->18d86928-7cde-4fb7-976f-c69acd28448f: receive RaftClientReply:client-8D480938001B->18d86928-7cde-4fb7-976f-c69acd28448f@group-51BDF06B2256, cid=23, FAILED org.apache.ratis.protocol.StateMachineException: org.apache.hadoop.hdds.scm.container.common.helpers.ContainerNotOpenException from Server 18d86928-7cde-4fb7-976f-c69acd28448f: Container 3 in CLOSED state, logIndex=0, commits[18d86928-7cde-4fb7-976f-c69acd28448f:c14, cfaca831-532a-4f07-b790-e86f75eb7f58:c13, 36e5b639-ec74-40c3-816f-31ffc6ce5e4b:c13]
2019-07-13 12:43:18,399 INFO  client.GrpcClientProtocolClient (GrpcClientProtocolClient.java:onNext(255)) - client-8D480938001B->18d86928-7cde-4fb7-976f-c69acd28448f: receive RaftClientReply:client-8D480938001B->18d86928-7cde-4fb7-976f-c69acd28448f@group-51BDF06B2256, cid=24, FAILED org.apache.ratis.protocol.StateMachineException: org.apache.hadoop.hdds.scm.container.common.helpers.ContainerNotOpenException from Server 18d86928-7cde-4fb7-976f-c69acd28448f: Container 3 in CLOSED state, logIndex=0, commits[18d86928-7cde-4fb7-976f-c69acd28448f:c14, cfaca831-532a-4f07-b790-e86f75eb7f58:c13, 36e5b639-ec74-40c3-816f-31ffc6ce5e4b:c13]
2019-07-13 12:43:18,516 INFO  client.GrpcClientProtocolClient (GrpcClientProtocolClient.java:onNext(255)) - client-8D480938001B->18d86928-7cde-4fb7-976f-c69acd28448f: receive RaftClientReply:client-8D480938001B->18d86928-7cde-4fb7-976f-c69acd28448f@group-51BDF06B2256, cid=25, SUCCESS, logIndex=15, commits[18d86928-7cde-4fb7-976f-c69acd28448f:c18, cfaca831-532a-4f07-b790-e86f75eb7f58:c14, 36e5b639-ec74-40c3-816f-31ffc6ce5e4b:c14]
2019-07-13 12:43:18,544 INFO  client.GrpcClientProtocolClient (GrpcClientProtocolClient.java:onNext(255)) - client-8D480938001B->18d86928-7cde-4fb7-976f-c69acd28448f: receive RaftClientReply:client-8D480938001B->18d86928-7cde-4fb7-976f-c69acd28448f@group-51BDF06B2256, cid=26, SUCCESS, logIndex=16, commits[18d86928-7cde-4fb7-976f-c69acd28448f:c21, cfaca831-532a-4f07-b790-e86f75eb7f58:c18, 36e5b639-ec74-40c3-816f-31ffc6ce5e4b:c18]
2019-07-13 12:43:18,545 INFO  client.GrpcClientProtocolClient (GrpcClientProtocolClient.java:onNext(255)) - client-8D480938001B->18d86928-7cde-4fb7-976f-c69acd28448f: receive RaftClientReply:client-8D480938001B->18d86928-7cde-4fb7-976f-c69acd28448f@group-51BDF06B2256, cid=27, SUCCESS, logIndex=17, commits[18d86928-7cde-4fb7-976f-c69acd28448f:c21, cfaca831-532a-4f07-b790-e86f75eb7f58:c18, 36e5b639-ec74-40c3-816f-31ffc6ce5e4b:c18]
2019-07-13 12:43:18,606 INFO  client.GrpcClientProtocolClient (GrpcClientProtocolClient.java:onNext(255)) - client-8D480938001B->18d86928-7cde-4fb7-976f-c69acd28448f: receive RaftClientReply:client-8D480938001B->18d86928-7cde-4fb7-976f-c69acd28448f@group-51BDF06B2256, cid=28, SUCCESS, logIndex=18, commits[18d86928-7cde-4fb7-976f-c69acd28448f:c21, cfaca831-532a-4f07-b790-e86f75eb7f58:c18, 36e5b639-ec74-40c3-816f-31ffc6ce5e4b:c18]
2019-07-13 12:43:18,647 INFO  pipeline.Pipeline (Pipeline.java:getProtobufMessage(195)) - Serialize pipeline PipelineID=a5a7abce-ef00-4bc3-a8e1-51bdf06b2256 with nodesInOrder{ }
]]></system-out>
  </testcase>
  <testcase name="testBlockWritesCloseConsistency" classname="org.apache.hadoop.ozone.client.rpc.TestCloseContainerHandlingByClient" time="2.763">
    <error type="java.lang.IllegalArgumentException">java.lang.IllegalArgumentException
	at com.google.common.base.Preconditions.checkArgument(Preconditions.java:72)
	at org.apache.hadoop.hdds.scm.XceiverClientManager.acquireClient(XceiverClientManager.java:150)
	at org.apache.hadoop.hdds.scm.XceiverClientManager.acquireClientForReadData(XceiverClientManager.java:143)
	at org.apache.hadoop.hdds.scm.storage.BlockInputStream.getChunkInfos(BlockInputStream.java:154)
	at org.apache.hadoop.hdds.scm.storage.BlockInputStream.initialize(BlockInputStream.java:118)
	at org.apache.hadoop.hdds.scm.storage.BlockInputStream.read(BlockInputStream.java:222)
	at org.apache.hadoop.ozone.client.io.KeyInputStream.read(KeyInputStream.java:171)
	at org.apache.hadoop.ozone.client.io.OzoneInputStream.read(OzoneInputStream.java:47)
	at java.io.InputStream.read(InputStream.java:101)
	at org.apache.hadoop.ozone.container.ContainerTestHelper.validateData(ContainerTestHelper.java:709)
	at org.apache.hadoop.ozone.client.rpc.TestCloseContainerHandlingByClient.validateData(TestCloseContainerHandlingByClient.java:401)
	at org.apache.hadoop.ozone.client.rpc.TestCloseContainerHandlingByClient.testBlockWritesCloseConsistency(TestCloseContainerHandlingByClient.java:178)
	at sun.reflect.NativeMethodAccessorImpl.invoke0(Native Method)
	at sun.reflect.NativeMethodAccessorImpl.invoke(NativeMethodAccessorImpl.java:62)
	at sun.reflect.DelegatingMethodAccessorImpl.invoke(DelegatingMethodAccessorImpl.java:43)
	at java.lang.reflect.Method.invoke(Method.java:498)
	at org.junit.runners.model.FrameworkMethod$1.runReflectiveCall(FrameworkMethod.java:47)
	at org.junit.internal.runners.model.ReflectiveCallable.run(ReflectiveCallable.java:12)
	at org.junit.runners.model.FrameworkMethod.invokeExplosively(FrameworkMethod.java:44)
	at org.junit.internal.runners.statements.InvokeMethod.evaluate(InvokeMethod.java:17)
	at org.junit.runners.ParentRunner.runLeaf(ParentRunner.java:271)
	at org.junit.runners.BlockJUnit4ClassRunner.runChild(BlockJUnit4ClassRunner.java:70)
	at org.junit.runners.BlockJUnit4ClassRunner.runChild(BlockJUnit4ClassRunner.java:50)
	at org.junit.runners.ParentRunner$3.run(ParentRunner.java:238)
	at org.junit.runners.ParentRunner$1.schedule(ParentRunner.java:63)
	at org.junit.runners.ParentRunner.runChildren(ParentRunner.java:236)
	at org.junit.runners.ParentRunner.access$000(ParentRunner.java:53)
	at org.junit.runners.ParentRunner$2.evaluate(ParentRunner.java:229)
	at org.junit.internal.runners.statements.RunBefores.evaluate(RunBefores.java:26)
	at org.junit.internal.runners.statements.RunAfters.evaluate(RunAfters.java:27)
	at org.junit.runners.ParentRunner.run(ParentRunner.java:309)
	at org.apache.maven.surefire.junit4.JUnit4Provider.execute(JUnit4Provider.java:365)
	at org.apache.maven.surefire.junit4.JUnit4Provider.executeWithRerun(JUnit4Provider.java:273)
	at org.apache.maven.surefire.junit4.JUnit4Provider.executeTestSet(JUnit4Provider.java:238)
	at org.apache.maven.surefire.junit4.JUnit4Provider.invoke(JUnit4Provider.java:159)
	at org.apache.maven.surefire.booter.ForkedBooter.invokeProviderInSameClassLoader(ForkedBooter.java:384)
	at org.apache.maven.surefire.booter.ForkedBooter.runSuitesInProcess(ForkedBooter.java:345)
	at org.apache.maven.surefire.booter.ForkedBooter.execute(ForkedBooter.java:126)
	at org.apache.maven.surefire.booter.ForkedBooter.main(ForkedBooter.java:418)
</error>
    <system-out><![CDATA[2019-07-13 12:43:18,759 INFO  client.GrpcClientProtocolClient (GrpcClientProtocolClient.java:onNext(255)) - client-D1F7E2CC9741->59d38224-75ed-4277-a1c8-7ba686e713e6: receive RaftClientReply:client-D1F7E2CC9741->59d38224-75ed-4277-a1c8-7ba686e713e6@group-CCDFE96872BE, cid=29, FAILED org.apache.ratis.protocol.NotLeaderException: Server 59d38224-75ed-4277-a1c8-7ba686e713e6 is not the leader (871470d2-fc9d-433e-986f-aa95403a039c:192.168.5.181:45526). Request must be sent to leader., logIndex=0, commits[59d38224-75ed-4277-a1c8-7ba686e713e6:c6, b06b62c4-2995-4fa7-ae8b-9ab386ccd04d:c5, 871470d2-fc9d-433e-986f-aa95403a039c:c6]
2019-07-13 12:43:18,891 INFO  client.GrpcClientProtocolClient (GrpcClientProtocolClient.java:onNext(255)) - client-D1F7E2CC9741->871470d2-fc9d-433e-986f-aa95403a039c: receive RaftClientReply:client-D1F7E2CC9741->871470d2-fc9d-433e-986f-aa95403a039c@group-CCDFE96872BE, cid=29, SUCCESS, logIndex=7, commits[871470d2-fc9d-433e-986f-aa95403a039c:c7, b06b62c4-2995-4fa7-ae8b-9ab386ccd04d:c6, 59d38224-75ed-4277-a1c8-7ba686e713e6:c6]
2019-07-13 12:43:18,947 INFO  client.GrpcClientProtocolClient (GrpcClientProtocolClient.java:onNext(255)) - client-D1F7E2CC9741->871470d2-fc9d-433e-986f-aa95403a039c: receive RaftClientReply:client-D1F7E2CC9741->871470d2-fc9d-433e-986f-aa95403a039c@group-CCDFE96872BE, cid=30, SUCCESS, logIndex=9, commits[871470d2-fc9d-433e-986f-aa95403a039c:c10, b06b62c4-2995-4fa7-ae8b-9ab386ccd04d:c9, 59d38224-75ed-4277-a1c8-7ba686e713e6:c9]
2019-07-13 12:43:19,245 INFO  container.CloseContainerEventHandler (CloseContainerEventHandler.java:onMessage(61)) - Close container Event triggered for container : #5
2019-07-13 12:43:19,246 INFO  container.CloseContainerEventHandler (CloseContainerEventHandler.java:onMessage(61)) - Close container Event triggered for container : #5
2019-07-13 12:43:19,246 INFO  container.CloseContainerEventHandler (CloseContainerEventHandler.java:onMessage(61)) - Close container Event triggered for container : #5
2019-07-13 12:43:20,922 INFO  interfaces.Container (KeyValueContainer.java:compactDB(356)) - Container 5 is closed with bcsId 9.
2019-07-13 12:43:20,934 INFO  interfaces.Container (KeyValueContainer.java:compactDB(356)) - Container 5 is closed with bcsId 9.
2019-07-13 12:43:20,939 INFO  interfaces.Container (KeyValueContainer.java:compactDB(356)) - Container 5 is closed with bcsId 9.
12:43:21.253 [grpc-default-executor-2] ERROR DNAudit - user=null | ip=null | op=WRITE_CHUNK {blockData=conID: 5 locID: 102434196600127495 bcsId: 9} | ret=FAILURE
org.apache.hadoop.hdds.scm.container.common.helpers.ContainerNotOpenException: Container 5 in CLOSED state
	at org.apache.hadoop.ozone.container.common.impl.HddsDispatcher.validateContainerCommand(HddsDispatcher.java:408) ~[hadoop-hdds-container-service-0.5.0-SNAPSHOT.jar:?]
	at org.apache.hadoop.ozone.container.common.transport.server.ratis.ContainerStateMachine.startTransaction(ContainerStateMachine.java:271) ~[hadoop-hdds-container-service-0.5.0-SNAPSHOT.jar:?]
	at org.apache.ratis.server.impl.RaftServerImpl.submitClientRequestAsync(RaftServerImpl.java:566) ~[ratis-server-0.4.0-2337318-SNAPSHOT.jar:0.4.0-2337318-SNAPSHOT]
	at org.apache.ratis.server.impl.RaftServerProxy.lambda$submitClientRequestAsync$7(RaftServerProxy.java:333) ~[ratis-server-0.4.0-2337318-SNAPSHOT.jar:0.4.0-2337318-SNAPSHOT]
	at org.apache.ratis.server.impl.RaftServerProxy.lambda$null$5(RaftServerProxy.java:328) ~[ratis-server-0.4.0-2337318-SNAPSHOT.jar:0.4.0-2337318-SNAPSHOT]
	at org.apache.ratis.util.JavaUtils.callAsUnchecked(JavaUtils.java:109) ~[ratis-common-0.4.0-2337318-SNAPSHOT.jar:0.4.0-2337318-SNAPSHOT]
	at org.apache.ratis.server.impl.RaftServerProxy.lambda$submitRequest$6(RaftServerProxy.java:328) ~[ratis-server-0.4.0-2337318-SNAPSHOT.jar:0.4.0-2337318-SNAPSHOT]
	at java.util.concurrent.CompletableFuture.uniComposeStage(CompletableFuture.java:981) ~[?:1.8.0_212]
	at java.util.concurrent.CompletableFuture.thenCompose(CompletableFuture.java:2124) ~[?:1.8.0_212]
	at org.apache.ratis.server.impl.RaftServerProxy.submitRequest(RaftServerProxy.java:327) ~[ratis-server-0.4.0-2337318-SNAPSHOT.jar:0.4.0-2337318-SNAPSHOT]
	at org.apache.ratis.server.impl.RaftServerProxy.submitClientRequestAsync(RaftServerProxy.java:333) ~[ratis-server-0.4.0-2337318-SNAPSHOT.jar:0.4.0-2337318-SNAPSHOT]
	at org.apache.ratis.grpc.client.GrpcClientProtocolService$RequestStreamObserver.processClientRequest(GrpcClientProtocolService.java:220) ~[ratis-grpc-0.4.0-2337318-SNAPSHOT.jar:0.4.0-2337318-SNAPSHOT]
	at org.apache.ratis.grpc.client.GrpcClientProtocolService$OrderedRequestStreamObserver.processClientRequest(GrpcClientProtocolService.java:326) ~[ratis-grpc-0.4.0-2337318-SNAPSHOT.jar:0.4.0-2337318-SNAPSHOT]
	at org.apache.ratis.util.SlidingWindow$Server.processRequestsFromHead(SlidingWindow.java:429) [ratis-common-0.4.0-2337318-SNAPSHOT.jar:0.4.0-2337318-SNAPSHOT]
	at org.apache.ratis.util.SlidingWindow$Server.receivedRequest(SlidingWindow.java:421) [ratis-common-0.4.0-2337318-SNAPSHOT.jar:0.4.0-2337318-SNAPSHOT]
	at org.apache.ratis.grpc.client.GrpcClientProtocolService$OrderedRequestStreamObserver.processClientRequest(GrpcClientProtocolService.java:345) [ratis-grpc-0.4.0-2337318-SNAPSHOT.jar:0.4.0-2337318-SNAPSHOT]
	at org.apache.ratis.grpc.client.GrpcClientProtocolService$RequestStreamObserver.onNext(GrpcClientProtocolService.java:240) [ratis-grpc-0.4.0-2337318-SNAPSHOT.jar:0.4.0-2337318-SNAPSHOT]
	at org.apache.ratis.grpc.client.GrpcClientProtocolService$RequestStreamObserver.onNext(GrpcClientProtocolService.java:168) [ratis-grpc-0.4.0-2337318-SNAPSHOT.jar:0.4.0-2337318-SNAPSHOT]
	at org.apache.ratis.thirdparty.io.grpc.stub.ServerCalls$StreamingServerCallHandler$StreamingServerCallListener.onMessage(ServerCalls.java:248) [ratis-thirdparty-misc-0.2.0.jar:0.2.0]
	at org.apache.ratis.thirdparty.io.grpc.internal.ServerCallImpl$ServerStreamListenerImpl.messagesAvailable(ServerCallImpl.java:263) [ratis-thirdparty-misc-0.2.0.jar:0.2.0]
	at org.apache.ratis.thirdparty.io.grpc.internal.ServerImpl$JumpToApplicationThreadServerStreamListener$1MessagesAvailable.runInContext(ServerImpl.java:686) [ratis-thirdparty-misc-0.2.0.jar:0.2.0]
	at org.apache.ratis.thirdparty.io.grpc.internal.ContextRunnable.run(ContextRunnable.java:37) [ratis-thirdparty-misc-0.2.0.jar:0.2.0]
	at org.apache.ratis.thirdparty.io.grpc.internal.SerializingExecutor.run(SerializingExecutor.java:123) [ratis-thirdparty-misc-0.2.0.jar:0.2.0]
	at java.util.concurrent.ThreadPoolExecutor.runWorker(ThreadPoolExecutor.java:1149) [?:1.8.0_212]
	at java.util.concurrent.ThreadPoolExecutor$Worker.run(ThreadPoolExecutor.java:624) [?:1.8.0_212]
	at java.lang.Thread.run(Thread.java:748) [?:1.8.0_212]
12:43:21.263 [grpc-default-executor-2] ERROR DNAudit - user=null | ip=null | op=PUT_BLOCK {blockData=[blockId=conID: 5 locID: 102434196600127495 bcsId: 0,size=1572864]} | ret=FAILURE
org.apache.hadoop.hdds.scm.container.common.helpers.ContainerNotOpenException: Container 5 in CLOSED state
	at org.apache.hadoop.ozone.container.common.impl.HddsDispatcher.validateContainerCommand(HddsDispatcher.java:408) ~[hadoop-hdds-container-service-0.5.0-SNAPSHOT.jar:?]
	at org.apache.hadoop.ozone.container.common.transport.server.ratis.ContainerStateMachine.startTransaction(ContainerStateMachine.java:271) ~[hadoop-hdds-container-service-0.5.0-SNAPSHOT.jar:?]
	at org.apache.ratis.server.impl.RaftServerImpl.submitClientRequestAsync(RaftServerImpl.java:566) ~[ratis-server-0.4.0-2337318-SNAPSHOT.jar:0.4.0-2337318-SNAPSHOT]
	at org.apache.ratis.server.impl.RaftServerProxy.lambda$submitClientRequestAsync$7(RaftServerProxy.java:333) ~[ratis-server-0.4.0-2337318-SNAPSHOT.jar:0.4.0-2337318-SNAPSHOT]
	at org.apache.ratis.server.impl.RaftServerProxy.lambda$null$5(RaftServerProxy.java:328) ~[ratis-server-0.4.0-2337318-SNAPSHOT.jar:0.4.0-2337318-SNAPSHOT]
	at org.apache.ratis.util.JavaUtils.callAsUnchecked(JavaUtils.java:109) ~[ratis-common-0.4.0-2337318-SNAPSHOT.jar:0.4.0-2337318-SNAPSHOT]
	at org.apache.ratis.server.impl.RaftServerProxy.lambda$submitRequest$6(RaftServerProxy.java:328) ~[ratis-server-0.4.0-2337318-SNAPSHOT.jar:0.4.0-2337318-SNAPSHOT]
	at java.util.concurrent.CompletableFuture.uniComposeStage(CompletableFuture.java:981) ~[?:1.8.0_212]
	at java.util.concurrent.CompletableFuture.thenCompose(CompletableFuture.java:2124) ~[?:1.8.0_212]
	at org.apache.ratis.server.impl.RaftServerProxy.submitRequest(RaftServerProxy.java:327) ~[ratis-server-0.4.0-2337318-SNAPSHOT.jar:0.4.0-2337318-SNAPSHOT]
	at org.apache.ratis.server.impl.RaftServerProxy.submitClientRequestAsync(RaftServerProxy.java:333) ~[ratis-server-0.4.0-2337318-SNAPSHOT.jar:0.4.0-2337318-SNAPSHOT]
	at org.apache.ratis.grpc.client.GrpcClientProtocolService$RequestStreamObserver.processClientRequest(GrpcClientProtocolService.java:220) ~[ratis-grpc-0.4.0-2337318-SNAPSHOT.jar:0.4.0-2337318-SNAPSHOT]
	at org.apache.ratis.grpc.client.GrpcClientProtocolService$OrderedRequestStreamObserver.processClientRequest(GrpcClientProtocolService.java:326) ~[ratis-grpc-0.4.0-2337318-SNAPSHOT.jar:0.4.0-2337318-SNAPSHOT]
	at org.apache.ratis.util.SlidingWindow$Server.processRequestsFromHead(SlidingWindow.java:429) [ratis-common-0.4.0-2337318-SNAPSHOT.jar:0.4.0-2337318-SNAPSHOT]
	at org.apache.ratis.util.SlidingWindow$Server.receivedRequest(SlidingWindow.java:421) [ratis-common-0.4.0-2337318-SNAPSHOT.jar:0.4.0-2337318-SNAPSHOT]
	at org.apache.ratis.grpc.client.GrpcClientProtocolService$OrderedRequestStreamObserver.processClientRequest(GrpcClientProtocolService.java:345) [ratis-grpc-0.4.0-2337318-SNAPSHOT.jar:0.4.0-2337318-SNAPSHOT]
	at org.apache.ratis.grpc.client.GrpcClientProtocolService$RequestStreamObserver.onNext(GrpcClientProtocolService.java:240) [ratis-grpc-0.4.0-2337318-SNAPSHOT.jar:0.4.0-2337318-SNAPSHOT]
	at org.apache.ratis.grpc.client.GrpcClientProtocolService$RequestStreamObserver.onNext(GrpcClientProtocolService.java:168) [ratis-grpc-0.4.0-2337318-SNAPSHOT.jar:0.4.0-2337318-SNAPSHOT]
	at org.apache.ratis.thirdparty.io.grpc.stub.ServerCalls$StreamingServerCallHandler$StreamingServerCallListener.onMessage(ServerCalls.java:248) [ratis-thirdparty-misc-0.2.0.jar:0.2.0]
	at org.apache.ratis.thirdparty.io.grpc.internal.ServerCallImpl$ServerStreamListenerImpl.messagesAvailable(ServerCallImpl.java:263) [ratis-thirdparty-misc-0.2.0.jar:0.2.0]
	at org.apache.ratis.thirdparty.io.grpc.internal.ServerImpl$JumpToApplicationThreadServerStreamListener$1MessagesAvailable.runInContext(ServerImpl.java:686) [ratis-thirdparty-misc-0.2.0.jar:0.2.0]
	at org.apache.ratis.thirdparty.io.grpc.internal.ContextRunnable.run(ContextRunnable.java:37) [ratis-thirdparty-misc-0.2.0.jar:0.2.0]
	at org.apache.ratis.thirdparty.io.grpc.internal.SerializingExecutor.run(SerializingExecutor.java:123) [ratis-thirdparty-misc-0.2.0.jar:0.2.0]
	at java.util.concurrent.ThreadPoolExecutor.runWorker(ThreadPoolExecutor.java:1149) [?:1.8.0_212]
	at java.util.concurrent.ThreadPoolExecutor$Worker.run(ThreadPoolExecutor.java:624) [?:1.8.0_212]
	at java.lang.Thread.run(Thread.java:748) [?:1.8.0_212]
2019-07-13 12:43:21,265 INFO  client.GrpcClientProtocolClient (GrpcClientProtocolClient.java:onNext(255)) - client-D1F7E2CC9741->871470d2-fc9d-433e-986f-aa95403a039c: receive RaftClientReply:client-D1F7E2CC9741->871470d2-fc9d-433e-986f-aa95403a039c@group-CCDFE96872BE, cid=31, FAILED org.apache.ratis.protocol.StateMachineException: org.apache.hadoop.hdds.scm.container.common.helpers.ContainerNotOpenException from Server 871470d2-fc9d-433e-986f-aa95403a039c: Container 5 in CLOSED state, logIndex=0, commits[871470d2-fc9d-433e-986f-aa95403a039c:c12, b06b62c4-2995-4fa7-ae8b-9ab386ccd04d:c11, 59d38224-75ed-4277-a1c8-7ba686e713e6:c11]
2019-07-13 12:43:21,272 INFO  client.GrpcClientProtocolClient (GrpcClientProtocolClient.java:onNext(255)) - client-D1F7E2CC9741->871470d2-fc9d-433e-986f-aa95403a039c: receive RaftClientReply:client-D1F7E2CC9741->871470d2-fc9d-433e-986f-aa95403a039c@group-CCDFE96872BE, cid=32, FAILED org.apache.ratis.protocol.StateMachineException: org.apache.hadoop.hdds.scm.container.common.helpers.ContainerNotOpenException from Server 871470d2-fc9d-433e-986f-aa95403a039c: Container 5 in CLOSED state, logIndex=0, commits[871470d2-fc9d-433e-986f-aa95403a039c:c12, b06b62c4-2995-4fa7-ae8b-9ab386ccd04d:c11, 59d38224-75ed-4277-a1c8-7ba686e713e6:c11]
2019-07-13 12:43:21,373 INFO  client.GrpcClientProtocolClient (GrpcClientProtocolClient.java:onNext(255)) - client-8D480938001B->18d86928-7cde-4fb7-976f-c69acd28448f: receive RaftClientReply:client-8D480938001B->18d86928-7cde-4fb7-976f-c69acd28448f@group-51BDF06B2256, cid=33, SUCCESS, logIndex=22, commits[18d86928-7cde-4fb7-976f-c69acd28448f:c23, cfaca831-532a-4f07-b790-e86f75eb7f58:c21, 36e5b639-ec74-40c3-816f-31ffc6ce5e4b:c21]
2019-07-13 12:43:21,391 INFO  client.GrpcClientProtocolClient (GrpcClientProtocolClient.java:onNext(255)) - client-8D480938001B->18d86928-7cde-4fb7-976f-c69acd28448f: receive RaftClientReply:client-8D480938001B->18d86928-7cde-4fb7-976f-c69acd28448f@group-51BDF06B2256, cid=34, SUCCESS, logIndex=23, commits[18d86928-7cde-4fb7-976f-c69acd28448f:c25, cfaca831-532a-4f07-b790-e86f75eb7f58:c23, 36e5b639-ec74-40c3-816f-31ffc6ce5e4b:c23]
2019-07-13 12:43:21,423 INFO  pipeline.Pipeline (Pipeline.java:getProtobufMessage(195)) - Serialize pipeline PipelineID=a5a7abce-ef00-4bc3-a8e1-51bdf06b2256 with nodesInOrder{ }
]]></system-out>
  </testcase>
  <testcase name="testMultiBlockWrites" classname="org.apache.hadoop.ozone.client.rpc.TestCloseContainerHandlingByClient" time="3.469"/>
  <testcase name="testBlockWrites" classname="org.apache.hadoop.ozone.client.rpc.TestCloseContainerHandlingByClient" time="2.541">
    <error type="java.lang.IllegalArgumentException">java.lang.IllegalArgumentException
	at com.google.common.base.Preconditions.checkArgument(Preconditions.java:72)
	at org.apache.hadoop.hdds.scm.XceiverClientManager.acquireClient(XceiverClientManager.java:150)
	at org.apache.hadoop.hdds.scm.XceiverClientManager.acquireClientForReadData(XceiverClientManager.java:143)
	at org.apache.hadoop.hdds.scm.storage.BlockInputStream.getChunkInfos(BlockInputStream.java:154)
	at org.apache.hadoop.hdds.scm.storage.BlockInputStream.initialize(BlockInputStream.java:118)
	at org.apache.hadoop.hdds.scm.storage.BlockInputStream.read(BlockInputStream.java:222)
	at org.apache.hadoop.ozone.client.io.KeyInputStream.read(KeyInputStream.java:171)
	at org.apache.hadoop.ozone.client.io.OzoneInputStream.read(OzoneInputStream.java:47)
	at java.io.InputStream.read(InputStream.java:101)
	at org.apache.hadoop.ozone.container.ContainerTestHelper.validateData(ContainerTestHelper.java:709)
	at org.apache.hadoop.ozone.client.rpc.TestCloseContainerHandlingByClient.validateData(TestCloseContainerHandlingByClient.java:401)
	at org.apache.hadoop.ozone.client.rpc.TestCloseContainerHandlingByClient.testBlockWrites(TestCloseContainerHandlingByClient.java:471)
	at sun.reflect.NativeMethodAccessorImpl.invoke0(Native Method)
	at sun.reflect.NativeMethodAccessorImpl.invoke(NativeMethodAccessorImpl.java:62)
	at sun.reflect.DelegatingMethodAccessorImpl.invoke(DelegatingMethodAccessorImpl.java:43)
	at java.lang.reflect.Method.invoke(Method.java:498)
	at org.junit.runners.model.FrameworkMethod$1.runReflectiveCall(FrameworkMethod.java:47)
	at org.junit.internal.runners.model.ReflectiveCallable.run(ReflectiveCallable.java:12)
	at org.junit.runners.model.FrameworkMethod.invokeExplosively(FrameworkMethod.java:44)
	at org.junit.internal.runners.statements.InvokeMethod.evaluate(InvokeMethod.java:17)
	at org.junit.runners.ParentRunner.runLeaf(ParentRunner.java:271)
	at org.junit.runners.BlockJUnit4ClassRunner.runChild(BlockJUnit4ClassRunner.java:70)
	at org.junit.runners.BlockJUnit4ClassRunner.runChild(BlockJUnit4ClassRunner.java:50)
	at org.junit.runners.ParentRunner$3.run(ParentRunner.java:238)
	at org.junit.runners.ParentRunner$1.schedule(ParentRunner.java:63)
	at org.junit.runners.ParentRunner.runChildren(ParentRunner.java:236)
	at org.junit.runners.ParentRunner.access$000(ParentRunner.java:53)
	at org.junit.runners.ParentRunner$2.evaluate(ParentRunner.java:229)
	at org.junit.internal.runners.statements.RunBefores.evaluate(RunBefores.java:26)
	at org.junit.internal.runners.statements.RunAfters.evaluate(RunAfters.java:27)
	at org.junit.runners.ParentRunner.run(ParentRunner.java:309)
	at org.apache.maven.surefire.junit4.JUnit4Provider.execute(JUnit4Provider.java:365)
	at org.apache.maven.surefire.junit4.JUnit4Provider.executeWithRerun(JUnit4Provider.java:273)
	at org.apache.maven.surefire.junit4.JUnit4Provider.executeTestSet(JUnit4Provider.java:238)
	at org.apache.maven.surefire.junit4.JUnit4Provider.invoke(JUnit4Provider.java:159)
	at org.apache.maven.surefire.booter.ForkedBooter.invokeProviderInSameClassLoader(ForkedBooter.java:384)
	at org.apache.maven.surefire.booter.ForkedBooter.runSuitesInProcess(ForkedBooter.java:345)
	at org.apache.maven.surefire.booter.ForkedBooter.execute(ForkedBooter.java:126)
	at org.apache.maven.surefire.booter.ForkedBooter.main(ForkedBooter.java:418)
</error>
    <system-out><![CDATA[2019-07-13 12:43:24,974 INFO  client.GrpcClientProtocolClient (GrpcClientProtocolClient.java:onNext(255)) - client-8D480938001B->18d86928-7cde-4fb7-976f-c69acd28448f: receive RaftClientReply:client-8D480938001B->18d86928-7cde-4fb7-976f-c69acd28448f@group-51BDF06B2256, cid=74, SUCCESS, logIndex=59, commits[18d86928-7cde-4fb7-976f-c69acd28448f:c60, cfaca831-532a-4f07-b790-e86f75eb7f58:c58, 36e5b639-ec74-40c3-816f-31ffc6ce5e4b:c58]
2019-07-13 12:43:24,975 INFO  client.GrpcClientProtocolClient (GrpcClientProtocolClient.java:onNext(255)) - client-8D480938001B->18d86928-7cde-4fb7-976f-c69acd28448f: receive RaftClientReply:client-8D480938001B->18d86928-7cde-4fb7-976f-c69acd28448f@group-51BDF06B2256, cid=75, SUCCESS, logIndex=60, commits[18d86928-7cde-4fb7-976f-c69acd28448f:c60, cfaca831-532a-4f07-b790-e86f75eb7f58:c58, 36e5b639-ec74-40c3-816f-31ffc6ce5e4b:c58]
2019-07-13 12:43:24,978 INFO  client.GrpcClientProtocolClient (GrpcClientProtocolClient.java:onNext(255)) - client-8D480938001B->18d86928-7cde-4fb7-976f-c69acd28448f: receive RaftClientReply:client-8D480938001B->18d86928-7cde-4fb7-976f-c69acd28448f@group-51BDF06B2256, cid=76, SUCCESS, logIndex=61, commits[18d86928-7cde-4fb7-976f-c69acd28448f:c62, cfaca831-532a-4f07-b790-e86f75eb7f58:c58, 36e5b639-ec74-40c3-816f-31ffc6ce5e4b:c58]
2019-07-13 12:43:24,979 INFO  client.GrpcClientProtocolClient (GrpcClientProtocolClient.java:onNext(255)) - client-8D480938001B->18d86928-7cde-4fb7-976f-c69acd28448f: receive RaftClientReply:client-8D480938001B->18d86928-7cde-4fb7-976f-c69acd28448f@group-51BDF06B2256, cid=77, SUCCESS, logIndex=62, commits[18d86928-7cde-4fb7-976f-c69acd28448f:c62, cfaca831-532a-4f07-b790-e86f75eb7f58:c58, 36e5b639-ec74-40c3-816f-31ffc6ce5e4b:c58]
2019-07-13 12:43:24,982 INFO  client.GrpcClientProtocolClient (GrpcClientProtocolClient.java:onNext(255)) - client-8D480938001B->18d86928-7cde-4fb7-976f-c69acd28448f: receive RaftClientReply:client-8D480938001B->18d86928-7cde-4fb7-976f-c69acd28448f@group-51BDF06B2256, cid=78, SUCCESS, logIndex=0, commits[18d86928-7cde-4fb7-976f-c69acd28448f:c64, cfaca831-532a-4f07-b790-e86f75eb7f58:c60, 36e5b639-ec74-40c3-816f-31ffc6ce5e4b:c60]
2019-07-13 12:43:24,983 INFO  container.CloseContainerEventHandler (CloseContainerEventHandler.java:onMessage(61)) - Close container Event triggered for container : #4
2019-07-13 12:43:24,983 INFO  container.CloseContainerEventHandler (CloseContainerEventHandler.java:onMessage(61)) - Close container Event triggered for container : #4
2019-07-13 12:43:24,983 INFO  container.CloseContainerEventHandler (CloseContainerEventHandler.java:onMessage(61)) - Close container Event triggered for container : #4
2019-07-13 12:43:26,762 INFO  interfaces.Container (KeyValueContainer.java:compactDB(356)) - Container 4 is closed with bcsId 62.
2019-07-13 12:43:26,770 INFO  interfaces.Container (KeyValueContainer.java:compactDB(356)) - Container 4 is closed with bcsId 62.
2019-07-13 12:43:26,774 INFO  interfaces.Container (KeyValueContainer.java:compactDB(356)) - Container 4 is closed with bcsId 62.
12:43:27.048 [grpc-default-executor-0] ERROR DNAudit - user=null | ip=null | op=WRITE_CHUNK {blockData=conID: 4 locID: 102434197008351247 bcsId: 62} | ret=FAILURE
org.apache.hadoop.hdds.scm.container.common.helpers.ContainerNotOpenException: Container 4 in CLOSED state
	at org.apache.hadoop.ozone.container.common.impl.HddsDispatcher.validateContainerCommand(HddsDispatcher.java:408) ~[hadoop-hdds-container-service-0.5.0-SNAPSHOT.jar:?]
	at org.apache.hadoop.ozone.container.common.transport.server.ratis.ContainerStateMachine.startTransaction(ContainerStateMachine.java:271) ~[hadoop-hdds-container-service-0.5.0-SNAPSHOT.jar:?]
	at org.apache.ratis.server.impl.RaftServerImpl.submitClientRequestAsync(RaftServerImpl.java:566) ~[ratis-server-0.4.0-2337318-SNAPSHOT.jar:0.4.0-2337318-SNAPSHOT]
	at org.apache.ratis.server.impl.RaftServerProxy.lambda$submitClientRequestAsync$7(RaftServerProxy.java:333) ~[ratis-server-0.4.0-2337318-SNAPSHOT.jar:0.4.0-2337318-SNAPSHOT]
	at org.apache.ratis.server.impl.RaftServerProxy.lambda$null$5(RaftServerProxy.java:328) ~[ratis-server-0.4.0-2337318-SNAPSHOT.jar:0.4.0-2337318-SNAPSHOT]
	at org.apache.ratis.util.JavaUtils.callAsUnchecked(JavaUtils.java:109) ~[ratis-common-0.4.0-2337318-SNAPSHOT.jar:0.4.0-2337318-SNAPSHOT]
	at org.apache.ratis.server.impl.RaftServerProxy.lambda$submitRequest$6(RaftServerProxy.java:328) ~[ratis-server-0.4.0-2337318-SNAPSHOT.jar:0.4.0-2337318-SNAPSHOT]
	at java.util.concurrent.CompletableFuture.uniComposeStage(CompletableFuture.java:981) ~[?:1.8.0_212]
	at java.util.concurrent.CompletableFuture.thenCompose(CompletableFuture.java:2124) ~[?:1.8.0_212]
	at org.apache.ratis.server.impl.RaftServerProxy.submitRequest(RaftServerProxy.java:327) ~[ratis-server-0.4.0-2337318-SNAPSHOT.jar:0.4.0-2337318-SNAPSHOT]
	at org.apache.ratis.server.impl.RaftServerProxy.submitClientRequestAsync(RaftServerProxy.java:333) ~[ratis-server-0.4.0-2337318-SNAPSHOT.jar:0.4.0-2337318-SNAPSHOT]
	at org.apache.ratis.grpc.client.GrpcClientProtocolService$RequestStreamObserver.processClientRequest(GrpcClientProtocolService.java:220) ~[ratis-grpc-0.4.0-2337318-SNAPSHOT.jar:0.4.0-2337318-SNAPSHOT]
	at org.apache.ratis.grpc.client.GrpcClientProtocolService$OrderedRequestStreamObserver.processClientRequest(GrpcClientProtocolService.java:326) ~[ratis-grpc-0.4.0-2337318-SNAPSHOT.jar:0.4.0-2337318-SNAPSHOT]
	at org.apache.ratis.util.SlidingWindow$Server.processRequestsFromHead(SlidingWindow.java:429) [ratis-common-0.4.0-2337318-SNAPSHOT.jar:0.4.0-2337318-SNAPSHOT]
	at org.apache.ratis.util.SlidingWindow$Server.receivedRequest(SlidingWindow.java:421) [ratis-common-0.4.0-2337318-SNAPSHOT.jar:0.4.0-2337318-SNAPSHOT]
	at org.apache.ratis.grpc.client.GrpcClientProtocolService$OrderedRequestStreamObserver.processClientRequest(GrpcClientProtocolService.java:345) [ratis-grpc-0.4.0-2337318-SNAPSHOT.jar:0.4.0-2337318-SNAPSHOT]
	at org.apache.ratis.grpc.client.GrpcClientProtocolService$RequestStreamObserver.onNext(GrpcClientProtocolService.java:240) [ratis-grpc-0.4.0-2337318-SNAPSHOT.jar:0.4.0-2337318-SNAPSHOT]
	at org.apache.ratis.grpc.client.GrpcClientProtocolService$RequestStreamObserver.onNext(GrpcClientProtocolService.java:168) [ratis-grpc-0.4.0-2337318-SNAPSHOT.jar:0.4.0-2337318-SNAPSHOT]
	at org.apache.ratis.thirdparty.io.grpc.stub.ServerCalls$StreamingServerCallHandler$StreamingServerCallListener.onMessage(ServerCalls.java:248) [ratis-thirdparty-misc-0.2.0.jar:0.2.0]
	at org.apache.ratis.thirdparty.io.grpc.internal.ServerCallImpl$ServerStreamListenerImpl.messagesAvailable(ServerCallImpl.java:263) [ratis-thirdparty-misc-0.2.0.jar:0.2.0]
	at org.apache.ratis.thirdparty.io.grpc.internal.ServerImpl$JumpToApplicationThreadServerStreamListener$1MessagesAvailable.runInContext(ServerImpl.java:686) [ratis-thirdparty-misc-0.2.0.jar:0.2.0]
	at org.apache.ratis.thirdparty.io.grpc.internal.ContextRunnable.run(ContextRunnable.java:37) [ratis-thirdparty-misc-0.2.0.jar:0.2.0]
	at org.apache.ratis.thirdparty.io.grpc.internal.SerializingExecutor.run(SerializingExecutor.java:123) [ratis-thirdparty-misc-0.2.0.jar:0.2.0]
	at java.util.concurrent.ThreadPoolExecutor.runWorker(ThreadPoolExecutor.java:1149) [?:1.8.0_212]
	at java.util.concurrent.ThreadPoolExecutor$Worker.run(ThreadPoolExecutor.java:624) [?:1.8.0_212]
	at java.lang.Thread.run(Thread.java:748) [?:1.8.0_212]
12:43:27.060 [grpc-default-executor-0] ERROR DNAudit - user=null | ip=null | op=PUT_BLOCK {blockData=[blockId=conID: 4 locID: 102434197008351247 bcsId: 0,size=3145728]} | ret=FAILURE
org.apache.hadoop.hdds.scm.container.common.helpers.ContainerNotOpenException: Container 4 in CLOSED state
	at org.apache.hadoop.ozone.container.common.impl.HddsDispatcher.validateContainerCommand(HddsDispatcher.java:408) ~[hadoop-hdds-container-service-0.5.0-SNAPSHOT.jar:?]
	at org.apache.hadoop.ozone.container.common.transport.server.ratis.ContainerStateMachine.startTransaction(ContainerStateMachine.java:271) ~[hadoop-hdds-container-service-0.5.0-SNAPSHOT.jar:?]
	at org.apache.ratis.server.impl.RaftServerImpl.submitClientRequestAsync(RaftServerImpl.java:566) ~[ratis-server-0.4.0-2337318-SNAPSHOT.jar:0.4.0-2337318-SNAPSHOT]
	at org.apache.ratis.server.impl.RaftServerProxy.lambda$submitClientRequestAsync$7(RaftServerProxy.java:333) ~[ratis-server-0.4.0-2337318-SNAPSHOT.jar:0.4.0-2337318-SNAPSHOT]
	at org.apache.ratis.server.impl.RaftServerProxy.lambda$null$5(RaftServerProxy.java:328) ~[ratis-server-0.4.0-2337318-SNAPSHOT.jar:0.4.0-2337318-SNAPSHOT]
	at org.apache.ratis.util.JavaUtils.callAsUnchecked(JavaUtils.java:109) ~[ratis-common-0.4.0-2337318-SNAPSHOT.jar:0.4.0-2337318-SNAPSHOT]
	at org.apache.ratis.server.impl.RaftServerProxy.lambda$submitRequest$6(RaftServerProxy.java:328) ~[ratis-server-0.4.0-2337318-SNAPSHOT.jar:0.4.0-2337318-SNAPSHOT]
	at java.util.concurrent.CompletableFuture.uniComposeStage(CompletableFuture.java:981) ~[?:1.8.0_212]
	at java.util.concurrent.CompletableFuture.thenCompose(CompletableFuture.java:2124) ~[?:1.8.0_212]
	at org.apache.ratis.server.impl.RaftServerProxy.submitRequest(RaftServerProxy.java:327) ~[ratis-server-0.4.0-2337318-SNAPSHOT.jar:0.4.0-2337318-SNAPSHOT]
	at org.apache.ratis.server.impl.RaftServerProxy.submitClientRequestAsync(RaftServerProxy.java:333) ~[ratis-server-0.4.0-2337318-SNAPSHOT.jar:0.4.0-2337318-SNAPSHOT]
	at org.apache.ratis.grpc.client.GrpcClientProtocolService$RequestStreamObserver.processClientRequest(GrpcClientProtocolService.java:220) ~[ratis-grpc-0.4.0-2337318-SNAPSHOT.jar:0.4.0-2337318-SNAPSHOT]
	at org.apache.ratis.grpc.client.GrpcClientProtocolService$OrderedRequestStreamObserver.processClientRequest(GrpcClientProtocolService.java:326) ~[ratis-grpc-0.4.0-2337318-SNAPSHOT.jar:0.4.0-2337318-SNAPSHOT]
	at org.apache.ratis.util.SlidingWindow$Server.processRequestsFromHead(SlidingWindow.java:429) [ratis-common-0.4.0-2337318-SNAPSHOT.jar:0.4.0-2337318-SNAPSHOT]
	at org.apache.ratis.util.SlidingWindow$Server.receivedRequest(SlidingWindow.java:421) [ratis-common-0.4.0-2337318-SNAPSHOT.jar:0.4.0-2337318-SNAPSHOT]
	at org.apache.ratis.grpc.client.GrpcClientProtocolService$OrderedRequestStreamObserver.processClientRequest(GrpcClientProtocolService.java:345) [ratis-grpc-0.4.0-2337318-SNAPSHOT.jar:0.4.0-2337318-SNAPSHOT]
	at org.apache.ratis.grpc.client.GrpcClientProtocolService$RequestStreamObserver.onNext(GrpcClientProtocolService.java:240) [ratis-grpc-0.4.0-2337318-SNAPSHOT.jar:0.4.0-2337318-SNAPSHOT]
	at org.apache.ratis.grpc.client.GrpcClientProtocolService$RequestStreamObserver.onNext(GrpcClientProtocolService.java:168) [ratis-grpc-0.4.0-2337318-SNAPSHOT.jar:0.4.0-2337318-SNAPSHOT]
	at org.apache.ratis.thirdparty.io.grpc.stub.ServerCalls$StreamingServerCallHandler$StreamingServerCallListener.onMessage(ServerCalls.java:248) [ratis-thirdparty-misc-0.2.0.jar:0.2.0]
	at org.apache.ratis.thirdparty.io.grpc.internal.ServerCallImpl$ServerStreamListenerImpl.messagesAvailable(ServerCallImpl.java:263) [ratis-thirdparty-misc-0.2.0.jar:0.2.0]
	at org.apache.ratis.thirdparty.io.grpc.internal.ServerImpl$JumpToApplicationThreadServerStreamListener$1MessagesAvailable.runInContext(ServerImpl.java:686) [ratis-thirdparty-misc-0.2.0.jar:0.2.0]
	at org.apache.ratis.thirdparty.io.grpc.internal.ContextRunnable.run(ContextRunnable.java:37) [ratis-thirdparty-misc-0.2.0.jar:0.2.0]
	at org.apache.ratis.thirdparty.io.grpc.internal.SerializingExecutor.run(SerializingExecutor.java:123) [ratis-thirdparty-misc-0.2.0.jar:0.2.0]
	at java.util.concurrent.ThreadPoolExecutor.runWorker(ThreadPoolExecutor.java:1149) [?:1.8.0_212]
	at java.util.concurrent.ThreadPoolExecutor$Worker.run(ThreadPoolExecutor.java:624) [?:1.8.0_212]
	at java.lang.Thread.run(Thread.java:748) [?:1.8.0_212]
2019-07-13 12:43:27,071 INFO  client.GrpcClientProtocolClient (GrpcClientProtocolClient.java:onNext(255)) - client-8D480938001B->18d86928-7cde-4fb7-976f-c69acd28448f: receive RaftClientReply:client-8D480938001B->18d86928-7cde-4fb7-976f-c69acd28448f@group-51BDF06B2256, cid=79, FAILED org.apache.ratis.protocol.StateMachineException: org.apache.hadoop.hdds.scm.container.common.helpers.ContainerNotOpenException from Server 18d86928-7cde-4fb7-976f-c69acd28448f: Container 4 in CLOSED state, logIndex=0, commits[18d86928-7cde-4fb7-976f-c69acd28448f:c68, cfaca831-532a-4f07-b790-e86f75eb7f58:c67, 36e5b639-ec74-40c3-816f-31ffc6ce5e4b:c67]
2019-07-13 12:43:27,074 INFO  client.GrpcClientProtocolClient (GrpcClientProtocolClient.java:onNext(255)) - client-8D480938001B->18d86928-7cde-4fb7-976f-c69acd28448f: receive RaftClientReply:client-8D480938001B->18d86928-7cde-4fb7-976f-c69acd28448f@group-51BDF06B2256, cid=80, FAILED org.apache.ratis.protocol.StateMachineException: org.apache.hadoop.hdds.scm.container.common.helpers.ContainerNotOpenException from Server 18d86928-7cde-4fb7-976f-c69acd28448f: Container 4 in CLOSED state, logIndex=0, commits[18d86928-7cde-4fb7-976f-c69acd28448f:c68, cfaca831-532a-4f07-b790-e86f75eb7f58:c67, 36e5b639-ec74-40c3-816f-31ffc6ce5e4b:c67]
2019-07-13 12:43:27,175 INFO  client.GrpcClientProtocolClient (GrpcClientProtocolClient.java:onNext(255)) - client-D1F7E2CC9741->871470d2-fc9d-433e-986f-aa95403a039c: receive RaftClientReply:client-D1F7E2CC9741->871470d2-fc9d-433e-986f-aa95403a039c@group-CCDFE96872BE, cid=81, SUCCESS, logIndex=45, commits[871470d2-fc9d-433e-986f-aa95403a039c:c48, b06b62c4-2995-4fa7-ae8b-9ab386ccd04d:c44, 59d38224-75ed-4277-a1c8-7ba686e713e6:c44]
2019-07-13 12:43:27,196 INFO  client.GrpcClientProtocolClient (GrpcClientProtocolClient.java:onNext(255)) - client-D1F7E2CC9741->871470d2-fc9d-433e-986f-aa95403a039c: receive RaftClientReply:client-D1F7E2CC9741->871470d2-fc9d-433e-986f-aa95403a039c@group-CCDFE96872BE, cid=82, SUCCESS, logIndex=46, commits[871470d2-fc9d-433e-986f-aa95403a039c:c51, b06b62c4-2995-4fa7-ae8b-9ab386ccd04d:c48, 59d38224-75ed-4277-a1c8-7ba686e713e6:c48]
2019-07-13 12:43:27,197 INFO  client.GrpcClientProtocolClient (GrpcClientProtocolClient.java:onNext(255)) - client-D1F7E2CC9741->871470d2-fc9d-433e-986f-aa95403a039c: receive RaftClientReply:client-D1F7E2CC9741->871470d2-fc9d-433e-986f-aa95403a039c@group-CCDFE96872BE, cid=83, SUCCESS, logIndex=47, commits[871470d2-fc9d-433e-986f-aa95403a039c:c51, b06b62c4-2995-4fa7-ae8b-9ab386ccd04d:c48, 59d38224-75ed-4277-a1c8-7ba686e713e6:c48]
2019-07-13 12:43:27,267 INFO  client.GrpcClientProtocolClient (GrpcClientProtocolClient.java:onNext(255)) - client-D1F7E2CC9741->871470d2-fc9d-433e-986f-aa95403a039c: receive RaftClientReply:client-D1F7E2CC9741->871470d2-fc9d-433e-986f-aa95403a039c@group-CCDFE96872BE, cid=84, SUCCESS, logIndex=48, commits[871470d2-fc9d-433e-986f-aa95403a039c:c51, b06b62c4-2995-4fa7-ae8b-9ab386ccd04d:c48, 59d38224-75ed-4277-a1c8-7ba686e713e6:c48]
2019-07-13 12:43:27,385 INFO  client.GrpcClientProtocolClient (GrpcClientProtocolClient.java:onNext(255)) - client-D1F7E2CC9741->871470d2-fc9d-433e-986f-aa95403a039c: receive RaftClientReply:client-D1F7E2CC9741->871470d2-fc9d-433e-986f-aa95403a039c@group-CCDFE96872BE, cid=85, SUCCESS, logIndex=52, commits[871470d2-fc9d-433e-986f-aa95403a039c:c53, b06b62c4-2995-4fa7-ae8b-9ab386ccd04d:c51, 59d38224-75ed-4277-a1c8-7ba686e713e6:c51]
2019-07-13 12:43:27,386 INFO  client.GrpcClientProtocolClient (GrpcClientProtocolClient.java:onNext(255)) - client-D1F7E2CC9741->871470d2-fc9d-433e-986f-aa95403a039c: receive RaftClientReply:client-D1F7E2CC9741->871470d2-fc9d-433e-986f-aa95403a039c@group-CCDFE96872BE, cid=86, SUCCESS, logIndex=53, commits[871470d2-fc9d-433e-986f-aa95403a039c:c53, b06b62c4-2995-4fa7-ae8b-9ab386ccd04d:c51, 59d38224-75ed-4277-a1c8-7ba686e713e6:c51]
2019-07-13 12:43:27,395 INFO  client.GrpcClientProtocolClient (GrpcClientProtocolClient.java:onNext(255)) - client-D1F7E2CC9741->871470d2-fc9d-433e-986f-aa95403a039c: receive RaftClientReply:client-D1F7E2CC9741->871470d2-fc9d-433e-986f-aa95403a039c@group-CCDFE96872BE, cid=87, SUCCESS, logIndex=54, commits[871470d2-fc9d-433e-986f-aa95403a039c:c55, b06b62c4-2995-4fa7-ae8b-9ab386ccd04d:c51, 59d38224-75ed-4277-a1c8-7ba686e713e6:c51]
2019-07-13 12:43:27,396 INFO  client.GrpcClientProtocolClient (GrpcClientProtocolClient.java:onNext(255)) - client-D1F7E2CC9741->871470d2-fc9d-433e-986f-aa95403a039c: receive RaftClientReply:client-D1F7E2CC9741->871470d2-fc9d-433e-986f-aa95403a039c@group-CCDFE96872BE, cid=88, SUCCESS, logIndex=55, commits[871470d2-fc9d-433e-986f-aa95403a039c:c57, b06b62c4-2995-4fa7-ae8b-9ab386ccd04d:c53, 59d38224-75ed-4277-a1c8-7ba686e713e6:c53]
2019-07-13 12:43:27,400 INFO  client.GrpcClientProtocolClient (GrpcClientProtocolClient.java:onNext(255)) - client-D1F7E2CC9741->871470d2-fc9d-433e-986f-aa95403a039c: receive RaftClientReply:client-D1F7E2CC9741->871470d2-fc9d-433e-986f-aa95403a039c@group-CCDFE96872BE, cid=89, SUCCESS, logIndex=0, commits[871470d2-fc9d-433e-986f-aa95403a039c:c59, b06b62c4-2995-4fa7-ae8b-9ab386ccd04d:c55, 59d38224-75ed-4277-a1c8-7ba686e713e6:c55]
2019-07-13 12:43:27,436 INFO  pipeline.Pipeline (Pipeline.java:getProtobufMessage(195)) - Serialize pipeline PipelineID=9aa7493f-d89d-4c19-97de-ccdfe96872be with nodesInOrder{ }
]]></system-out>
  </testcase>
  <testcase name="testMultiBlockWrites2" classname="org.apache.hadoop.ozone.client.rpc.TestCloseContainerHandlingByClient" time="2.977">
    <error type="java.lang.IllegalArgumentException">java.lang.IllegalArgumentException
	at com.google.common.base.Preconditions.checkArgument(Preconditions.java:72)
	at org.apache.hadoop.hdds.scm.XceiverClientManager.acquireClient(XceiverClientManager.java:150)
	at org.apache.hadoop.hdds.scm.XceiverClientManager.acquireClientForReadData(XceiverClientManager.java:143)
	at org.apache.hadoop.hdds.scm.storage.BlockInputStream.getChunkInfos(BlockInputStream.java:154)
	at org.apache.hadoop.hdds.scm.storage.BlockInputStream.initialize(BlockInputStream.java:118)
	at org.apache.hadoop.hdds.scm.storage.BlockInputStream.read(BlockInputStream.java:222)
	at org.apache.hadoop.ozone.client.io.KeyInputStream.read(KeyInputStream.java:171)
	at org.apache.hadoop.ozone.client.io.OzoneInputStream.read(OzoneInputStream.java:47)
	at java.io.InputStream.read(InputStream.java:101)
	at org.apache.hadoop.ozone.container.ContainerTestHelper.validateData(ContainerTestHelper.java:709)
	at org.apache.hadoop.ozone.client.rpc.TestCloseContainerHandlingByClient.validateData(TestCloseContainerHandlingByClient.java:401)
	at org.apache.hadoop.ozone.client.rpc.TestCloseContainerHandlingByClient.testMultiBlockWrites2(TestCloseContainerHandlingByClient.java:281)
	at sun.reflect.NativeMethodAccessorImpl.invoke0(Native Method)
	at sun.reflect.NativeMethodAccessorImpl.invoke(NativeMethodAccessorImpl.java:62)
	at sun.reflect.DelegatingMethodAccessorImpl.invoke(DelegatingMethodAccessorImpl.java:43)
	at java.lang.reflect.Method.invoke(Method.java:498)
	at org.junit.runners.model.FrameworkMethod$1.runReflectiveCall(FrameworkMethod.java:47)
	at org.junit.internal.runners.model.ReflectiveCallable.run(ReflectiveCallable.java:12)
	at org.junit.runners.model.FrameworkMethod.invokeExplosively(FrameworkMethod.java:44)
	at org.junit.internal.runners.statements.InvokeMethod.evaluate(InvokeMethod.java:17)
	at org.junit.runners.ParentRunner.runLeaf(ParentRunner.java:271)
	at org.junit.runners.BlockJUnit4ClassRunner.runChild(BlockJUnit4ClassRunner.java:70)
	at org.junit.runners.BlockJUnit4ClassRunner.runChild(BlockJUnit4ClassRunner.java:50)
	at org.junit.runners.ParentRunner$3.run(ParentRunner.java:238)
	at org.junit.runners.ParentRunner$1.schedule(ParentRunner.java:63)
	at org.junit.runners.ParentRunner.runChildren(ParentRunner.java:236)
	at org.junit.runners.ParentRunner.access$000(ParentRunner.java:53)
	at org.junit.runners.ParentRunner$2.evaluate(ParentRunner.java:229)
	at org.junit.internal.runners.statements.RunBefores.evaluate(RunBefores.java:26)
	at org.junit.internal.runners.statements.RunAfters.evaluate(RunAfters.java:27)
	at org.junit.runners.ParentRunner.run(ParentRunner.java:309)
	at org.apache.maven.surefire.junit4.JUnit4Provider.execute(JUnit4Provider.java:365)
	at org.apache.maven.surefire.junit4.JUnit4Provider.executeWithRerun(JUnit4Provider.java:273)
	at org.apache.maven.surefire.junit4.JUnit4Provider.executeTestSet(JUnit4Provider.java:238)
	at org.apache.maven.surefire.junit4.JUnit4Provider.invoke(JUnit4Provider.java:159)
	at org.apache.maven.surefire.booter.ForkedBooter.invokeProviderInSameClassLoader(ForkedBooter.java:384)
	at org.apache.maven.surefire.booter.ForkedBooter.runSuitesInProcess(ForkedBooter.java:345)
	at org.apache.maven.surefire.booter.ForkedBooter.execute(ForkedBooter.java:126)
	at org.apache.maven.surefire.booter.ForkedBooter.main(ForkedBooter.java:418)
</error>
    <system-out><![CDATA[2019-07-13 12:43:27,628 INFO  client.GrpcClientProtocolClient (GrpcClientProtocolClient.java:onNext(255)) - client-8D480938001B->18d86928-7cde-4fb7-976f-c69acd28448f: receive RaftClientReply:client-8D480938001B->18d86928-7cde-4fb7-976f-c69acd28448f@group-51BDF06B2256, cid=90, SUCCESS, logIndex=69, commits[18d86928-7cde-4fb7-976f-c69acd28448f:c72, cfaca831-532a-4f07-b790-e86f75eb7f58:c68, 36e5b639-ec74-40c3-816f-31ffc6ce5e4b:c68]
2019-07-13 12:43:27,668 INFO  client.GrpcClientProtocolClient (GrpcClientProtocolClient.java:onNext(255)) - client-8D480938001B->18d86928-7cde-4fb7-976f-c69acd28448f: receive RaftClientReply:client-8D480938001B->18d86928-7cde-4fb7-976f-c69acd28448f@group-51BDF06B2256, cid=91, SUCCESS, logIndex=70, commits[18d86928-7cde-4fb7-976f-c69acd28448f:c74, cfaca831-532a-4f07-b790-e86f75eb7f58:c72, 36e5b639-ec74-40c3-816f-31ffc6ce5e4b:c72]
2019-07-13 12:43:27,669 INFO  client.GrpcClientProtocolClient (GrpcClientProtocolClient.java:onNext(255)) - client-8D480938001B->18d86928-7cde-4fb7-976f-c69acd28448f: receive RaftClientReply:client-8D480938001B->18d86928-7cde-4fb7-976f-c69acd28448f@group-51BDF06B2256, cid=92, SUCCESS, logIndex=71, commits[18d86928-7cde-4fb7-976f-c69acd28448f:c74, cfaca831-532a-4f07-b790-e86f75eb7f58:c72, 36e5b639-ec74-40c3-816f-31ffc6ce5e4b:c72]
2019-07-13 12:43:27,748 INFO  client.GrpcClientProtocolClient (GrpcClientProtocolClient.java:onNext(255)) - client-8D480938001B->18d86928-7cde-4fb7-976f-c69acd28448f: receive RaftClientReply:client-8D480938001B->18d86928-7cde-4fb7-976f-c69acd28448f@group-51BDF06B2256, cid=93, SUCCESS, logIndex=72, commits[18d86928-7cde-4fb7-976f-c69acd28448f:c74, cfaca831-532a-4f07-b790-e86f75eb7f58:c72, 36e5b639-ec74-40c3-816f-31ffc6ce5e4b:c72]
2019-07-13 12:43:27,783 INFO  client.GrpcClientProtocolClient (GrpcClientProtocolClient.java:onNext(255)) - client-8D480938001B->18d86928-7cde-4fb7-976f-c69acd28448f: receive RaftClientReply:client-8D480938001B->18d86928-7cde-4fb7-976f-c69acd28448f@group-51BDF06B2256, cid=94, SUCCESS, logIndex=75, commits[18d86928-7cde-4fb7-976f-c69acd28448f:c78, cfaca831-532a-4f07-b790-e86f75eb7f58:c74, 36e5b639-ec74-40c3-816f-31ffc6ce5e4b:c74]
2019-07-13 12:43:27,784 INFO  client.GrpcClientProtocolClient (GrpcClientProtocolClient.java:onNext(255)) - client-8D480938001B->18d86928-7cde-4fb7-976f-c69acd28448f: receive RaftClientReply:client-8D480938001B->18d86928-7cde-4fb7-976f-c69acd28448f@group-51BDF06B2256, cid=95, SUCCESS, logIndex=76, commits[18d86928-7cde-4fb7-976f-c69acd28448f:c78, cfaca831-532a-4f07-b790-e86f75eb7f58:c74, 36e5b639-ec74-40c3-816f-31ffc6ce5e4b:c74]
2019-07-13 12:43:27,784 INFO  client.GrpcClientProtocolClient (GrpcClientProtocolClient.java:onNext(255)) - client-8D480938001B->18d86928-7cde-4fb7-976f-c69acd28448f: receive RaftClientReply:client-8D480938001B->18d86928-7cde-4fb7-976f-c69acd28448f@group-51BDF06B2256, cid=96, SUCCESS, logIndex=77, commits[18d86928-7cde-4fb7-976f-c69acd28448f:c79, cfaca831-532a-4f07-b790-e86f75eb7f58:c77, 36e5b639-ec74-40c3-816f-31ffc6ce5e4b:c74]
2019-07-13 12:43:27,785 INFO  client.GrpcClientProtocolClient (GrpcClientProtocolClient.java:onNext(255)) - client-8D480938001B->18d86928-7cde-4fb7-976f-c69acd28448f: receive RaftClientReply:client-8D480938001B->18d86928-7cde-4fb7-976f-c69acd28448f@group-51BDF06B2256, cid=97, SUCCESS, logIndex=78, commits[18d86928-7cde-4fb7-976f-c69acd28448f:c79, cfaca831-532a-4f07-b790-e86f75eb7f58:c77, 36e5b639-ec74-40c3-816f-31ffc6ce5e4b:c74]
2019-07-13 12:43:27,788 INFO  client.GrpcClientProtocolClient (GrpcClientProtocolClient.java:onNext(255)) - client-8D480938001B->18d86928-7cde-4fb7-976f-c69acd28448f: receive RaftClientReply:client-8D480938001B->18d86928-7cde-4fb7-976f-c69acd28448f@group-51BDF06B2256, cid=98, SUCCESS, logIndex=0, commits[18d86928-7cde-4fb7-976f-c69acd28448f:c80, cfaca831-532a-4f07-b790-e86f75eb7f58:c78, 36e5b639-ec74-40c3-816f-31ffc6ce5e4b:c78]
2019-07-13 12:43:27,790 INFO  client.GrpcClientProtocolClient (GrpcClientProtocolClient.java:onNext(255)) - client-8D480938001B->18d86928-7cde-4fb7-976f-c69acd28448f: receive RaftClientReply:client-8D480938001B->18d86928-7cde-4fb7-976f-c69acd28448f@group-51BDF06B2256, cid=99, SUCCESS, logIndex=0, commits[18d86928-7cde-4fb7-976f-c69acd28448f:c81, cfaca831-532a-4f07-b790-e86f75eb7f58:c78, 36e5b639-ec74-40c3-816f-31ffc6ce5e4b:c78]
2019-07-13 12:43:27,809 INFO  client.GrpcClientProtocolClient (GrpcClientProtocolClient.java:onNext(255)) - client-8D480938001B->18d86928-7cde-4fb7-976f-c69acd28448f: receive RaftClientReply:client-8D480938001B->18d86928-7cde-4fb7-976f-c69acd28448f@group-51BDF06B2256, cid=100, SUCCESS, logIndex=82, commits[18d86928-7cde-4fb7-976f-c69acd28448f:c83, cfaca831-532a-4f07-b790-e86f75eb7f58:c78, 36e5b639-ec74-40c3-816f-31ffc6ce5e4b:c81]
2019-07-13 12:43:27,810 INFO  client.GrpcClientProtocolClient (GrpcClientProtocolClient.java:onNext(255)) - client-8D480938001B->18d86928-7cde-4fb7-976f-c69acd28448f: receive RaftClientReply:client-8D480938001B->18d86928-7cde-4fb7-976f-c69acd28448f@group-51BDF06B2256, cid=101, SUCCESS, logIndex=83, commits[18d86928-7cde-4fb7-976f-c69acd28448f:c83, cfaca831-532a-4f07-b790-e86f75eb7f58:c78, 36e5b639-ec74-40c3-816f-31ffc6ce5e4b:c81]
2019-07-13 12:43:27,822 INFO  client.GrpcClientProtocolClient (GrpcClientProtocolClient.java:onNext(255)) - client-8D480938001B->18d86928-7cde-4fb7-976f-c69acd28448f: receive RaftClientReply:client-8D480938001B->18d86928-7cde-4fb7-976f-c69acd28448f@group-51BDF06B2256, cid=102, SUCCESS, logIndex=84, commits[18d86928-7cde-4fb7-976f-c69acd28448f:c85, cfaca831-532a-4f07-b790-e86f75eb7f58:c81, 36e5b639-ec74-40c3-816f-31ffc6ce5e4b:c83]
2019-07-13 12:43:27,822 INFO  client.GrpcClientProtocolClient (GrpcClientProtocolClient.java:onNext(255)) - client-8D480938001B->18d86928-7cde-4fb7-976f-c69acd28448f: receive RaftClientReply:client-8D480938001B->18d86928-7cde-4fb7-976f-c69acd28448f@group-51BDF06B2256, cid=103, SUCCESS, logIndex=85, commits[18d86928-7cde-4fb7-976f-c69acd28448f:c86, cfaca831-532a-4f07-b790-e86f75eb7f58:c83, 36e5b639-ec74-40c3-816f-31ffc6ce5e4b:c83]
2019-07-13 12:43:27,841 INFO  client.GrpcClientProtocolClient (GrpcClientProtocolClient.java:onNext(255)) - client-8D480938001B->18d86928-7cde-4fb7-976f-c69acd28448f: receive RaftClientReply:client-8D480938001B->18d86928-7cde-4fb7-976f-c69acd28448f@group-51BDF06B2256, cid=104, SUCCESS, logIndex=89, commits[18d86928-7cde-4fb7-976f-c69acd28448f:c90, cfaca831-532a-4f07-b790-e86f75eb7f58:c86, 36e5b639-ec74-40c3-816f-31ffc6ce5e4b:c86]
2019-07-13 12:43:27,841 INFO  client.GrpcClientProtocolClient (GrpcClientProtocolClient.java:onNext(255)) - client-8D480938001B->18d86928-7cde-4fb7-976f-c69acd28448f: receive RaftClientReply:client-8D480938001B->18d86928-7cde-4fb7-976f-c69acd28448f@group-51BDF06B2256, cid=105, SUCCESS, logIndex=90, commits[18d86928-7cde-4fb7-976f-c69acd28448f:c90, cfaca831-532a-4f07-b790-e86f75eb7f58:c86, 36e5b639-ec74-40c3-816f-31ffc6ce5e4b:c86]
2019-07-13 12:43:27,869 INFO  client.GrpcClientProtocolClient (GrpcClientProtocolClient.java:onNext(255)) - client-8D480938001B->18d86928-7cde-4fb7-976f-c69acd28448f: receive RaftClientReply:client-8D480938001B->18d86928-7cde-4fb7-976f-c69acd28448f@group-51BDF06B2256, cid=106, SUCCESS, logIndex=93, commits[18d86928-7cde-4fb7-976f-c69acd28448f:c94, cfaca831-532a-4f07-b790-e86f75eb7f58:c92, 36e5b639-ec74-40c3-816f-31ffc6ce5e4b:c92]
2019-07-13 12:43:27,870 INFO  client.GrpcClientProtocolClient (GrpcClientProtocolClient.java:onNext(255)) - client-8D480938001B->18d86928-7cde-4fb7-976f-c69acd28448f: receive RaftClientReply:client-8D480938001B->18d86928-7cde-4fb7-976f-c69acd28448f@group-51BDF06B2256, cid=107, SUCCESS, logIndex=94, commits[18d86928-7cde-4fb7-976f-c69acd28448f:c94, cfaca831-532a-4f07-b790-e86f75eb7f58:c92, 36e5b639-ec74-40c3-816f-31ffc6ce5e4b:c92]
2019-07-13 12:43:27,883 INFO  client.GrpcClientProtocolClient (GrpcClientProtocolClient.java:onNext(255)) - client-8D480938001B->18d86928-7cde-4fb7-976f-c69acd28448f: receive RaftClientReply:client-8D480938001B->18d86928-7cde-4fb7-976f-c69acd28448f@group-51BDF06B2256, cid=108, SUCCESS, logIndex=0, commits[18d86928-7cde-4fb7-976f-c69acd28448f:c95, cfaca831-532a-4f07-b790-e86f75eb7f58:c94, 36e5b639-ec74-40c3-816f-31ffc6ce5e4b:c94]
2019-07-13 12:43:27,991 INFO  client.GrpcClientProtocolClient (GrpcClientProtocolClient.java:onNext(255)) - client-D1F7E2CC9741->871470d2-fc9d-433e-986f-aa95403a039c: receive RaftClientReply:client-D1F7E2CC9741->871470d2-fc9d-433e-986f-aa95403a039c@group-CCDFE96872BE, cid=109, SUCCESS, logIndex=60, commits[871470d2-fc9d-433e-986f-aa95403a039c:c61, b06b62c4-2995-4fa7-ae8b-9ab386ccd04d:c59, 59d38224-75ed-4277-a1c8-7ba686e713e6:c59]
2019-07-13 12:43:28,019 INFO  client.GrpcClientProtocolClient (GrpcClientProtocolClient.java:onNext(255)) - client-D1F7E2CC9741->871470d2-fc9d-433e-986f-aa95403a039c: receive RaftClientReply:client-D1F7E2CC9741->871470d2-fc9d-433e-986f-aa95403a039c@group-CCDFE96872BE, cid=110, SUCCESS, logIndex=61, commits[871470d2-fc9d-433e-986f-aa95403a039c:c63, b06b62c4-2995-4fa7-ae8b-9ab386ccd04d:c61, 59d38224-75ed-4277-a1c8-7ba686e713e6:c61]
2019-07-13 12:43:28,058 INFO  client.GrpcClientProtocolClient (GrpcClientProtocolClient.java:onNext(255)) - client-D1F7E2CC9741->871470d2-fc9d-433e-986f-aa95403a039c: receive RaftClientReply:client-D1F7E2CC9741->871470d2-fc9d-433e-986f-aa95403a039c@group-CCDFE96872BE, cid=111, SUCCESS, logIndex=64, commits[871470d2-fc9d-433e-986f-aa95403a039c:c65, b06b62c4-2995-4fa7-ae8b-9ab386ccd04d:c63, 59d38224-75ed-4277-a1c8-7ba686e713e6:c63]
2019-07-13 12:43:28,086 INFO  client.GrpcClientProtocolClient (GrpcClientProtocolClient.java:onNext(255)) - client-D1F7E2CC9741->871470d2-fc9d-433e-986f-aa95403a039c: receive RaftClientReply:client-D1F7E2CC9741->871470d2-fc9d-433e-986f-aa95403a039c@group-CCDFE96872BE, cid=112, SUCCESS, logIndex=65, commits[871470d2-fc9d-433e-986f-aa95403a039c:c67, b06b62c4-2995-4fa7-ae8b-9ab386ccd04d:c65, 59d38224-75ed-4277-a1c8-7ba686e713e6:c65]
2019-07-13 12:43:28,093 INFO  container.CloseContainerEventHandler (CloseContainerEventHandler.java:onMessage(61)) - Close container Event triggered for container : #11
2019-07-13 12:43:28,094 INFO  container.CloseContainerEventHandler (CloseContainerEventHandler.java:onMessage(61)) - Close container Event triggered for container : #11
2019-07-13 12:43:28,094 INFO  container.CloseContainerEventHandler (CloseContainerEventHandler.java:onMessage(61)) - Close container Event triggered for container : #11
2019-07-13 12:43:28,094 INFO  container.CloseContainerEventHandler (CloseContainerEventHandler.java:onMessage(61)) - Close container Event triggered for container : #6
2019-07-13 12:43:28,094 INFO  container.CloseContainerEventHandler (CloseContainerEventHandler.java:onMessage(61)) - Close container Event triggered for container : #6
2019-07-13 12:43:28,095 INFO  container.CloseContainerEventHandler (CloseContainerEventHandler.java:onMessage(61)) - Close container Event triggered for container : #6
2019-07-13 12:43:28,095 INFO  container.CloseContainerEventHandler (CloseContainerEventHandler.java:onMessage(61)) - Close container Event triggered for container : #12
2019-07-13 12:43:28,095 INFO  container.CloseContainerEventHandler (CloseContainerEventHandler.java:onMessage(61)) - Close container Event triggered for container : #12
2019-07-13 12:43:28,095 INFO  container.CloseContainerEventHandler (CloseContainerEventHandler.java:onMessage(61)) - Close container Event triggered for container : #12
2019-07-13 12:43:28,797 INFO  interfaces.Container (KeyValueContainer.java:compactDB(356)) - Container 11 is closed with bcsId 78.
2019-07-13 12:43:28,800 INFO  interfaces.Container (KeyValueContainer.java:compactDB(356)) - Container 11 is closed with bcsId 78.
2019-07-13 12:43:28,810 INFO  interfaces.Container (KeyValueContainer.java:compactDB(356)) - Container 11 is closed with bcsId 78.
2019-07-13 12:43:28,838 INFO  interfaces.Container (KeyValueContainer.java:compactDB(356)) - Container 6 is closed with bcsId 94.
2019-07-13 12:43:28,844 INFO  interfaces.Container (KeyValueContainer.java:compactDB(356)) - Container 6 is closed with bcsId 94.
2019-07-13 12:43:28,847 INFO  interfaces.Container (KeyValueContainer.java:compactDB(356)) - Container 6 is closed with bcsId 94.
2019-07-13 12:43:30,001 INFO  interfaces.Container (KeyValueContainer.java:compactDB(356)) - Container 12 is closed with bcsId 65.
2019-07-13 12:43:30,007 INFO  interfaces.Container (KeyValueContainer.java:compactDB(356)) - Container 12 is closed with bcsId 65.
2019-07-13 12:43:30,010 INFO  interfaces.Container (KeyValueContainer.java:compactDB(356)) - Container 12 is closed with bcsId 65.
12:43:30.098 [grpc-default-executor-2] ERROR DNAudit - user=null | ip=null | op=WRITE_CHUNK {blockData=conID: 12 locID: 102434197202927636 bcsId: 65} | ret=FAILURE
org.apache.hadoop.hdds.scm.container.common.helpers.ContainerNotOpenException: Container 12 in CLOSED state
	at org.apache.hadoop.ozone.container.common.impl.HddsDispatcher.validateContainerCommand(HddsDispatcher.java:408) ~[hadoop-hdds-container-service-0.5.0-SNAPSHOT.jar:?]
	at org.apache.hadoop.ozone.container.common.transport.server.ratis.ContainerStateMachine.startTransaction(ContainerStateMachine.java:271) ~[hadoop-hdds-container-service-0.5.0-SNAPSHOT.jar:?]
	at org.apache.ratis.server.impl.RaftServerImpl.submitClientRequestAsync(RaftServerImpl.java:566) ~[ratis-server-0.4.0-2337318-SNAPSHOT.jar:0.4.0-2337318-SNAPSHOT]
	at org.apache.ratis.server.impl.RaftServerProxy.lambda$submitClientRequestAsync$7(RaftServerProxy.java:333) ~[ratis-server-0.4.0-2337318-SNAPSHOT.jar:0.4.0-2337318-SNAPSHOT]
	at org.apache.ratis.server.impl.RaftServerProxy.lambda$null$5(RaftServerProxy.java:328) ~[ratis-server-0.4.0-2337318-SNAPSHOT.jar:0.4.0-2337318-SNAPSHOT]
	at org.apache.ratis.util.JavaUtils.callAsUnchecked(JavaUtils.java:109) ~[ratis-common-0.4.0-2337318-SNAPSHOT.jar:0.4.0-2337318-SNAPSHOT]
	at org.apache.ratis.server.impl.RaftServerProxy.lambda$submitRequest$6(RaftServerProxy.java:328) ~[ratis-server-0.4.0-2337318-SNAPSHOT.jar:0.4.0-2337318-SNAPSHOT]
	at java.util.concurrent.CompletableFuture.uniComposeStage(CompletableFuture.java:981) ~[?:1.8.0_212]
	at java.util.concurrent.CompletableFuture.thenCompose(CompletableFuture.java:2124) ~[?:1.8.0_212]
	at org.apache.ratis.server.impl.RaftServerProxy.submitRequest(RaftServerProxy.java:327) ~[ratis-server-0.4.0-2337318-SNAPSHOT.jar:0.4.0-2337318-SNAPSHOT]
	at org.apache.ratis.server.impl.RaftServerProxy.submitClientRequestAsync(RaftServerProxy.java:333) ~[ratis-server-0.4.0-2337318-SNAPSHOT.jar:0.4.0-2337318-SNAPSHOT]
	at org.apache.ratis.grpc.client.GrpcClientProtocolService$RequestStreamObserver.processClientRequest(GrpcClientProtocolService.java:220) ~[ratis-grpc-0.4.0-2337318-SNAPSHOT.jar:0.4.0-2337318-SNAPSHOT]
	at org.apache.ratis.grpc.client.GrpcClientProtocolService$OrderedRequestStreamObserver.processClientRequest(GrpcClientProtocolService.java:326) ~[ratis-grpc-0.4.0-2337318-SNAPSHOT.jar:0.4.0-2337318-SNAPSHOT]
	at org.apache.ratis.util.SlidingWindow$Server.processRequestsFromHead(SlidingWindow.java:429) [ratis-common-0.4.0-2337318-SNAPSHOT.jar:0.4.0-2337318-SNAPSHOT]
	at org.apache.ratis.util.SlidingWindow$Server.receivedRequest(SlidingWindow.java:421) [ratis-common-0.4.0-2337318-SNAPSHOT.jar:0.4.0-2337318-SNAPSHOT]
	at org.apache.ratis.grpc.client.GrpcClientProtocolService$OrderedRequestStreamObserver.processClientRequest(GrpcClientProtocolService.java:345) [ratis-grpc-0.4.0-2337318-SNAPSHOT.jar:0.4.0-2337318-SNAPSHOT]
	at org.apache.ratis.grpc.client.GrpcClientProtocolService$RequestStreamObserver.onNext(GrpcClientProtocolService.java:240) [ratis-grpc-0.4.0-2337318-SNAPSHOT.jar:0.4.0-2337318-SNAPSHOT]
	at org.apache.ratis.grpc.client.GrpcClientProtocolService$RequestStreamObserver.onNext(GrpcClientProtocolService.java:168) [ratis-grpc-0.4.0-2337318-SNAPSHOT.jar:0.4.0-2337318-SNAPSHOT]
	at org.apache.ratis.thirdparty.io.grpc.stub.ServerCalls$StreamingServerCallHandler$StreamingServerCallListener.onMessage(ServerCalls.java:248) [ratis-thirdparty-misc-0.2.0.jar:0.2.0]
	at org.apache.ratis.thirdparty.io.grpc.internal.ServerCallImpl$ServerStreamListenerImpl.messagesAvailable(ServerCallImpl.java:263) [ratis-thirdparty-misc-0.2.0.jar:0.2.0]
	at org.apache.ratis.thirdparty.io.grpc.internal.ServerImpl$JumpToApplicationThreadServerStreamListener$1MessagesAvailable.runInContext(ServerImpl.java:686) [ratis-thirdparty-misc-0.2.0.jar:0.2.0]
	at org.apache.ratis.thirdparty.io.grpc.internal.ContextRunnable.run(ContextRunnable.java:37) [ratis-thirdparty-misc-0.2.0.jar:0.2.0]
	at org.apache.ratis.thirdparty.io.grpc.internal.SerializingExecutor.run(SerializingExecutor.java:123) [ratis-thirdparty-misc-0.2.0.jar:0.2.0]
	at java.util.concurrent.ThreadPoolExecutor.runWorker(ThreadPoolExecutor.java:1149) [?:1.8.0_212]
	at java.util.concurrent.ThreadPoolExecutor$Worker.run(ThreadPoolExecutor.java:624) [?:1.8.0_212]
	at java.lang.Thread.run(Thread.java:748) [?:1.8.0_212]
12:43:30.107 [grpc-default-executor-2] ERROR DNAudit - user=null | ip=null | op=PUT_BLOCK {blockData=[blockId=conID: 12 locID: 102434197202927636 bcsId: 0,size=2621440]} | ret=FAILURE
org.apache.hadoop.hdds.scm.container.common.helpers.ContainerNotOpenException: Container 12 in CLOSED state
	at org.apache.hadoop.ozone.container.common.impl.HddsDispatcher.validateContainerCommand(HddsDispatcher.java:408) ~[hadoop-hdds-container-service-0.5.0-SNAPSHOT.jar:?]
	at org.apache.hadoop.ozone.container.common.transport.server.ratis.ContainerStateMachine.startTransaction(ContainerStateMachine.java:271) ~[hadoop-hdds-container-service-0.5.0-SNAPSHOT.jar:?]
	at org.apache.ratis.server.impl.RaftServerImpl.submitClientRequestAsync(RaftServerImpl.java:566) ~[ratis-server-0.4.0-2337318-SNAPSHOT.jar:0.4.0-2337318-SNAPSHOT]
	at org.apache.ratis.server.impl.RaftServerProxy.lambda$submitClientRequestAsync$7(RaftServerProxy.java:333) ~[ratis-server-0.4.0-2337318-SNAPSHOT.jar:0.4.0-2337318-SNAPSHOT]
	at org.apache.ratis.server.impl.RaftServerProxy.lambda$null$5(RaftServerProxy.java:328) ~[ratis-server-0.4.0-2337318-SNAPSHOT.jar:0.4.0-2337318-SNAPSHOT]
	at org.apache.ratis.util.JavaUtils.callAsUnchecked(JavaUtils.java:109) ~[ratis-common-0.4.0-2337318-SNAPSHOT.jar:0.4.0-2337318-SNAPSHOT]
	at org.apache.ratis.server.impl.RaftServerProxy.lambda$submitRequest$6(RaftServerProxy.java:328) ~[ratis-server-0.4.0-2337318-SNAPSHOT.jar:0.4.0-2337318-SNAPSHOT]
	at java.util.concurrent.CompletableFuture.uniComposeStage(CompletableFuture.java:981) ~[?:1.8.0_212]
	at java.util.concurrent.CompletableFuture.thenCompose(CompletableFuture.java:2124) ~[?:1.8.0_212]
	at org.apache.ratis.server.impl.RaftServerProxy.submitRequest(RaftServerProxy.java:327) ~[ratis-server-0.4.0-2337318-SNAPSHOT.jar:0.4.0-2337318-SNAPSHOT]
	at org.apache.ratis.server.impl.RaftServerProxy.submitClientRequestAsync(RaftServerProxy.java:333) ~[ratis-server-0.4.0-2337318-SNAPSHOT.jar:0.4.0-2337318-SNAPSHOT]
	at org.apache.ratis.grpc.client.GrpcClientProtocolService$RequestStreamObserver.processClientRequest(GrpcClientProtocolService.java:220) ~[ratis-grpc-0.4.0-2337318-SNAPSHOT.jar:0.4.0-2337318-SNAPSHOT]
	at org.apache.ratis.grpc.client.GrpcClientProtocolService$OrderedRequestStreamObserver.processClientRequest(GrpcClientProtocolService.java:326) ~[ratis-grpc-0.4.0-2337318-SNAPSHOT.jar:0.4.0-2337318-SNAPSHOT]
	at org.apache.ratis.util.SlidingWindow$Server.processRequestsFromHead(SlidingWindow.java:429) [ratis-common-0.4.0-2337318-SNAPSHOT.jar:0.4.0-2337318-SNAPSHOT]
	at org.apache.ratis.util.SlidingWindow$Server.receivedRequest(SlidingWindow.java:421) [ratis-common-0.4.0-2337318-SNAPSHOT.jar:0.4.0-2337318-SNAPSHOT]
	at org.apache.ratis.grpc.client.GrpcClientProtocolService$OrderedRequestStreamObserver.processClientRequest(GrpcClientProtocolService.java:345) [ratis-grpc-0.4.0-2337318-SNAPSHOT.jar:0.4.0-2337318-SNAPSHOT]
	at org.apache.ratis.grpc.client.GrpcClientProtocolService$RequestStreamObserver.onNext(GrpcClientProtocolService.java:240) [ratis-grpc-0.4.0-2337318-SNAPSHOT.jar:0.4.0-2337318-SNAPSHOT]
	at org.apache.ratis.grpc.client.GrpcClientProtocolService$RequestStreamObserver.onNext(GrpcClientProtocolService.java:168) [ratis-grpc-0.4.0-2337318-SNAPSHOT.jar:0.4.0-2337318-SNAPSHOT]
	at org.apache.ratis.thirdparty.io.grpc.stub.ServerCalls$StreamingServerCallHandler$StreamingServerCallListener.onMessage(ServerCalls.java:248) [ratis-thirdparty-misc-0.2.0.jar:0.2.0]
	at org.apache.ratis.thirdparty.io.grpc.internal.ServerCallImpl$ServerStreamListenerImpl.messagesAvailable(ServerCallImpl.java:263) [ratis-thirdparty-misc-0.2.0.jar:0.2.0]
	at org.apache.ratis.thirdparty.io.grpc.internal.ServerImpl$JumpToApplicationThreadServerStreamListener$1MessagesAvailable.runInContext(ServerImpl.java:686) [ratis-thirdparty-misc-0.2.0.jar:0.2.0]
	at org.apache.ratis.thirdparty.io.grpc.internal.ContextRunnable.run(ContextRunnable.java:37) [ratis-thirdparty-misc-0.2.0.jar:0.2.0]
	at org.apache.ratis.thirdparty.io.grpc.internal.SerializingExecutor.run(SerializingExecutor.java:123) [ratis-thirdparty-misc-0.2.0.jar:0.2.0]
	at java.util.concurrent.ThreadPoolExecutor.runWorker(ThreadPoolExecutor.java:1149) [?:1.8.0_212]
	at java.util.concurrent.ThreadPoolExecutor$Worker.run(ThreadPoolExecutor.java:624) [?:1.8.0_212]
	at java.lang.Thread.run(Thread.java:748) [?:1.8.0_212]
2019-07-13 12:43:30,108 INFO  client.GrpcClientProtocolClient (GrpcClientProtocolClient.java:onNext(255)) - client-D1F7E2CC9741->871470d2-fc9d-433e-986f-aa95403a039c: receive RaftClientReply:client-D1F7E2CC9741->871470d2-fc9d-433e-986f-aa95403a039c@group-CCDFE96872BE, cid=113, FAILED org.apache.ratis.protocol.StateMachineException: org.apache.hadoop.hdds.scm.container.common.helpers.ContainerNotOpenException from Server 871470d2-fc9d-433e-986f-aa95403a039c: Container 12 in CLOSED state, logIndex=0, commits[871470d2-fc9d-433e-986f-aa95403a039c:c69, b06b62c4-2995-4fa7-ae8b-9ab386ccd04d:c68, 59d38224-75ed-4277-a1c8-7ba686e713e6:c68]
2019-07-13 12:43:30,116 INFO  client.GrpcClientProtocolClient (GrpcClientProtocolClient.java:onNext(255)) - client-D1F7E2CC9741->871470d2-fc9d-433e-986f-aa95403a039c: receive RaftClientReply:client-D1F7E2CC9741->871470d2-fc9d-433e-986f-aa95403a039c@group-CCDFE96872BE, cid=114, FAILED org.apache.ratis.protocol.StateMachineException: org.apache.hadoop.hdds.scm.container.common.helpers.ContainerNotOpenException from Server 871470d2-fc9d-433e-986f-aa95403a039c: Container 12 in CLOSED state, logIndex=0, commits[871470d2-fc9d-433e-986f-aa95403a039c:c69, b06b62c4-2995-4fa7-ae8b-9ab386ccd04d:c68, 59d38224-75ed-4277-a1c8-7ba686e713e6:c68]
2019-07-13 12:43:30,200 INFO  client.GrpcClientProtocolClient (GrpcClientProtocolClient.java:onNext(255)) - client-8D480938001B->18d86928-7cde-4fb7-976f-c69acd28448f: receive RaftClientReply:client-8D480938001B->18d86928-7cde-4fb7-976f-c69acd28448f@group-51BDF06B2256, cid=115, SUCCESS, logIndex=101, commits[18d86928-7cde-4fb7-976f-c69acd28448f:c102, cfaca831-532a-4f07-b790-e86f75eb7f58:c100, 36e5b639-ec74-40c3-816f-31ffc6ce5e4b:c100]
2019-07-13 12:43:30,232 INFO  client.GrpcClientProtocolClient (GrpcClientProtocolClient.java:onNext(255)) - client-8D480938001B->18d86928-7cde-4fb7-976f-c69acd28448f: receive RaftClientReply:client-8D480938001B->18d86928-7cde-4fb7-976f-c69acd28448f@group-51BDF06B2256, cid=116, SUCCESS, logIndex=102, commits[18d86928-7cde-4fb7-976f-c69acd28448f:c104, cfaca831-532a-4f07-b790-e86f75eb7f58:c102, 36e5b639-ec74-40c3-816f-31ffc6ce5e4b:c102]
2019-07-13 12:43:30,412 INFO  pipeline.Pipeline (Pipeline.java:getProtobufMessage(195)) - Serialize pipeline PipelineID=a5a7abce-ef00-4bc3-a8e1-51bdf06b2256 with nodesInOrder{ }
]]></system-out>
  </testcase>
  <testcase name="testMultiBlockWrites3" classname="org.apache.hadoop.ozone.client.rpc.TestCloseContainerHandlingByClient" time="2.893">
    <error type="java.lang.IllegalArgumentException">java.lang.IllegalArgumentException
	at com.google.common.base.Preconditions.checkArgument(Preconditions.java:72)
	at org.apache.hadoop.hdds.scm.XceiverClientManager.acquireClient(XceiverClientManager.java:150)
	at org.apache.hadoop.hdds.scm.XceiverClientManager.acquireClientForReadData(XceiverClientManager.java:143)
	at org.apache.hadoop.hdds.scm.storage.BlockInputStream.getChunkInfos(BlockInputStream.java:154)
	at org.apache.hadoop.hdds.scm.storage.BlockInputStream.initialize(BlockInputStream.java:118)
	at org.apache.hadoop.hdds.scm.storage.BlockInputStream.read(BlockInputStream.java:222)
	at org.apache.hadoop.ozone.client.io.KeyInputStream.read(KeyInputStream.java:171)
	at org.apache.hadoop.ozone.client.io.OzoneInputStream.read(OzoneInputStream.java:47)
	at java.io.InputStream.read(InputStream.java:101)
	at org.apache.hadoop.ozone.client.rpc.TestCloseContainerHandlingByClient.testMultiBlockWrites3(TestCloseContainerHandlingByClient.java:325)
	at sun.reflect.NativeMethodAccessorImpl.invoke0(Native Method)
	at sun.reflect.NativeMethodAccessorImpl.invoke(NativeMethodAccessorImpl.java:62)
	at sun.reflect.DelegatingMethodAccessorImpl.invoke(DelegatingMethodAccessorImpl.java:43)
	at java.lang.reflect.Method.invoke(Method.java:498)
	at org.junit.runners.model.FrameworkMethod$1.runReflectiveCall(FrameworkMethod.java:47)
	at org.junit.internal.runners.model.ReflectiveCallable.run(ReflectiveCallable.java:12)
	at org.junit.runners.model.FrameworkMethod.invokeExplosively(FrameworkMethod.java:44)
	at org.junit.internal.runners.statements.InvokeMethod.evaluate(InvokeMethod.java:17)
	at org.junit.runners.ParentRunner.runLeaf(ParentRunner.java:271)
	at org.junit.runners.BlockJUnit4ClassRunner.runChild(BlockJUnit4ClassRunner.java:70)
	at org.junit.runners.BlockJUnit4ClassRunner.runChild(BlockJUnit4ClassRunner.java:50)
	at org.junit.runners.ParentRunner$3.run(ParentRunner.java:238)
	at org.junit.runners.ParentRunner$1.schedule(ParentRunner.java:63)
	at org.junit.runners.ParentRunner.runChildren(ParentRunner.java:236)
	at org.junit.runners.ParentRunner.access$000(ParentRunner.java:53)
	at org.junit.runners.ParentRunner$2.evaluate(ParentRunner.java:229)
	at org.junit.internal.runners.statements.RunBefores.evaluate(RunBefores.java:26)
	at org.junit.internal.runners.statements.RunAfters.evaluate(RunAfters.java:27)
	at org.junit.runners.ParentRunner.run(ParentRunner.java:309)
	at org.apache.maven.surefire.junit4.JUnit4Provider.execute(JUnit4Provider.java:365)
	at org.apache.maven.surefire.junit4.JUnit4Provider.executeWithRerun(JUnit4Provider.java:273)
	at org.apache.maven.surefire.junit4.JUnit4Provider.executeTestSet(JUnit4Provider.java:238)
	at org.apache.maven.surefire.junit4.JUnit4Provider.invoke(JUnit4Provider.java:159)
	at org.apache.maven.surefire.booter.ForkedBooter.invokeProviderInSameClassLoader(ForkedBooter.java:384)
	at org.apache.maven.surefire.booter.ForkedBooter.runSuitesInProcess(ForkedBooter.java:345)
	at org.apache.maven.surefire.booter.ForkedBooter.execute(ForkedBooter.java:126)
	at org.apache.maven.surefire.booter.ForkedBooter.main(ForkedBooter.java:418)
</error>
    <system-out><![CDATA[2019-07-13 12:43:30,700 INFO  client.GrpcClientProtocolClient (GrpcClientProtocolClient.java:onNext(255)) - client-8D480938001B->18d86928-7cde-4fb7-976f-c69acd28448f: receive RaftClientReply:client-8D480938001B->18d86928-7cde-4fb7-976f-c69acd28448f@group-51BDF06B2256, cid=117, SUCCESS, logIndex=105, commits[18d86928-7cde-4fb7-976f-c69acd28448f:c106, cfaca831-532a-4f07-b790-e86f75eb7f58:c104, 36e5b639-ec74-40c3-816f-31ffc6ce5e4b:c104]
2019-07-13 12:43:30,736 INFO  client.GrpcClientProtocolClient (GrpcClientProtocolClient.java:onNext(255)) - client-8D480938001B->18d86928-7cde-4fb7-976f-c69acd28448f: receive RaftClientReply:client-8D480938001B->18d86928-7cde-4fb7-976f-c69acd28448f@group-51BDF06B2256, cid=118, SUCCESS, logIndex=106, commits[18d86928-7cde-4fb7-976f-c69acd28448f:c112, cfaca831-532a-4f07-b790-e86f75eb7f58:c108, 36e5b639-ec74-40c3-816f-31ffc6ce5e4b:c108]
2019-07-13 12:43:30,736 INFO  client.GrpcClientProtocolClient (GrpcClientProtocolClient.java:onNext(255)) - client-8D480938001B->18d86928-7cde-4fb7-976f-c69acd28448f: receive RaftClientReply:client-8D480938001B->18d86928-7cde-4fb7-976f-c69acd28448f@group-51BDF06B2256, cid=119, SUCCESS, logIndex=107, commits[18d86928-7cde-4fb7-976f-c69acd28448f:c112, cfaca831-532a-4f07-b790-e86f75eb7f58:c108, 36e5b639-ec74-40c3-816f-31ffc6ce5e4b:c108]
2019-07-13 12:43:30,798 INFO  client.GrpcClientProtocolClient (GrpcClientProtocolClient.java:onNext(255)) - client-8D480938001B->18d86928-7cde-4fb7-976f-c69acd28448f: receive RaftClientReply:client-8D480938001B->18d86928-7cde-4fb7-976f-c69acd28448f@group-51BDF06B2256, cid=120, SUCCESS, logIndex=108, commits[18d86928-7cde-4fb7-976f-c69acd28448f:c112, cfaca831-532a-4f07-b790-e86f75eb7f58:c108, 36e5b639-ec74-40c3-816f-31ffc6ce5e4b:c108]
2019-07-13 12:43:30,821 INFO  client.GrpcClientProtocolClient (GrpcClientProtocolClient.java:onNext(255)) - client-8D480938001B->18d86928-7cde-4fb7-976f-c69acd28448f: receive RaftClientReply:client-8D480938001B->18d86928-7cde-4fb7-976f-c69acd28448f@group-51BDF06B2256, cid=121, SUCCESS, logIndex=113, commits[18d86928-7cde-4fb7-976f-c69acd28448f:c114, cfaca831-532a-4f07-b790-e86f75eb7f58:c112, 36e5b639-ec74-40c3-816f-31ffc6ce5e4b:c112]
2019-07-13 12:43:30,822 INFO  client.GrpcClientProtocolClient (GrpcClientProtocolClient.java:onNext(255)) - client-8D480938001B->18d86928-7cde-4fb7-976f-c69acd28448f: receive RaftClientReply:client-8D480938001B->18d86928-7cde-4fb7-976f-c69acd28448f@group-51BDF06B2256, cid=122, SUCCESS, logIndex=114, commits[18d86928-7cde-4fb7-976f-c69acd28448f:c116, cfaca831-532a-4f07-b790-e86f75eb7f58:c112, 36e5b639-ec74-40c3-816f-31ffc6ce5e4b:c112]
2019-07-13 12:43:30,823 INFO  client.GrpcClientProtocolClient (GrpcClientProtocolClient.java:onNext(255)) - client-8D480938001B->18d86928-7cde-4fb7-976f-c69acd28448f: receive RaftClientReply:client-8D480938001B->18d86928-7cde-4fb7-976f-c69acd28448f@group-51BDF06B2256, cid=123, SUCCESS, logIndex=115, commits[18d86928-7cde-4fb7-976f-c69acd28448f:c116, cfaca831-532a-4f07-b790-e86f75eb7f58:c112, 36e5b639-ec74-40c3-816f-31ffc6ce5e4b:c114]
2019-07-13 12:43:30,824 INFO  client.GrpcClientProtocolClient (GrpcClientProtocolClient.java:onNext(255)) - client-8D480938001B->18d86928-7cde-4fb7-976f-c69acd28448f: receive RaftClientReply:client-8D480938001B->18d86928-7cde-4fb7-976f-c69acd28448f@group-51BDF06B2256, cid=124, SUCCESS, logIndex=116, commits[18d86928-7cde-4fb7-976f-c69acd28448f:c117, cfaca831-532a-4f07-b790-e86f75eb7f58:c114, 36e5b639-ec74-40c3-816f-31ffc6ce5e4b:c114]
2019-07-13 12:43:30,826 INFO  client.GrpcClientProtocolClient (GrpcClientProtocolClient.java:onNext(255)) - client-8D480938001B->18d86928-7cde-4fb7-976f-c69acd28448f: receive RaftClientReply:client-8D480938001B->18d86928-7cde-4fb7-976f-c69acd28448f@group-51BDF06B2256, cid=125, SUCCESS, logIndex=0, commits[18d86928-7cde-4fb7-976f-c69acd28448f:c119, cfaca831-532a-4f07-b790-e86f75eb7f58:c116, 36e5b639-ec74-40c3-816f-31ffc6ce5e4b:c116]
2019-07-13 12:43:30,848 INFO  client.GrpcClientProtocolClient (GrpcClientProtocolClient.java:onNext(255)) - client-8D480938001B->18d86928-7cde-4fb7-976f-c69acd28448f: receive RaftClientReply:client-8D480938001B->18d86928-7cde-4fb7-976f-c69acd28448f@group-51BDF06B2256, cid=126, SUCCESS, logIndex=120, commits[18d86928-7cde-4fb7-976f-c69acd28448f:c123, cfaca831-532a-4f07-b790-e86f75eb7f58:c119, 36e5b639-ec74-40c3-816f-31ffc6ce5e4b:c119]
2019-07-13 12:43:30,849 INFO  client.GrpcClientProtocolClient (GrpcClientProtocolClient.java:onNext(255)) - client-8D480938001B->18d86928-7cde-4fb7-976f-c69acd28448f: receive RaftClientReply:client-8D480938001B->18d86928-7cde-4fb7-976f-c69acd28448f@group-51BDF06B2256, cid=127, SUCCESS, logIndex=121, commits[18d86928-7cde-4fb7-976f-c69acd28448f:c123, cfaca831-532a-4f07-b790-e86f75eb7f58:c119, 36e5b639-ec74-40c3-816f-31ffc6ce5e4b:c119]
2019-07-13 12:43:30,850 INFO  client.GrpcClientProtocolClient (GrpcClientProtocolClient.java:onNext(255)) - client-8D480938001B->18d86928-7cde-4fb7-976f-c69acd28448f: receive RaftClientReply:client-8D480938001B->18d86928-7cde-4fb7-976f-c69acd28448f@group-51BDF06B2256, cid=128, SUCCESS, logIndex=122, commits[18d86928-7cde-4fb7-976f-c69acd28448f:c123, cfaca831-532a-4f07-b790-e86f75eb7f58:c119, 36e5b639-ec74-40c3-816f-31ffc6ce5e4b:c119]
2019-07-13 12:43:30,851 INFO  client.GrpcClientProtocolClient (GrpcClientProtocolClient.java:onNext(255)) - client-8D480938001B->18d86928-7cde-4fb7-976f-c69acd28448f: receive RaftClientReply:client-8D480938001B->18d86928-7cde-4fb7-976f-c69acd28448f@group-51BDF06B2256, cid=129, SUCCESS, logIndex=123, commits[18d86928-7cde-4fb7-976f-c69acd28448f:c124, cfaca831-532a-4f07-b790-e86f75eb7f58:c119, 36e5b639-ec74-40c3-816f-31ffc6ce5e4b:c121]
2019-07-13 12:43:30,853 INFO  client.GrpcClientProtocolClient (GrpcClientProtocolClient.java:onNext(255)) - client-8D480938001B->18d86928-7cde-4fb7-976f-c69acd28448f: receive RaftClientReply:client-8D480938001B->18d86928-7cde-4fb7-976f-c69acd28448f@group-51BDF06B2256, cid=130, SUCCESS, logIndex=0, commits[18d86928-7cde-4fb7-976f-c69acd28448f:c127, cfaca831-532a-4f07-b790-e86f75eb7f58:c123, 36e5b639-ec74-40c3-816f-31ffc6ce5e4b:c123]
2019-07-13 12:43:30,869 INFO  client.GrpcClientProtocolClient (GrpcClientProtocolClient.java:onNext(255)) - client-8D480938001B->18d86928-7cde-4fb7-976f-c69acd28448f: receive RaftClientReply:client-8D480938001B->18d86928-7cde-4fb7-976f-c69acd28448f@group-51BDF06B2256, cid=131, SUCCESS, logIndex=128, commits[18d86928-7cde-4fb7-976f-c69acd28448f:c129, cfaca831-532a-4f07-b790-e86f75eb7f58:c123, 36e5b639-ec74-40c3-816f-31ffc6ce5e4b:c127]
2019-07-13 12:43:30,870 INFO  client.GrpcClientProtocolClient (GrpcClientProtocolClient.java:onNext(255)) - client-8D480938001B->18d86928-7cde-4fb7-976f-c69acd28448f: receive RaftClientReply:client-8D480938001B->18d86928-7cde-4fb7-976f-c69acd28448f@group-51BDF06B2256, cid=132, SUCCESS, logIndex=129, commits[18d86928-7cde-4fb7-976f-c69acd28448f:c129, cfaca831-532a-4f07-b790-e86f75eb7f58:c127, 36e5b639-ec74-40c3-816f-31ffc6ce5e4b:c127]
2019-07-13 12:43:30,885 INFO  client.GrpcClientProtocolClient (GrpcClientProtocolClient.java:onNext(255)) - client-8D480938001B->18d86928-7cde-4fb7-976f-c69acd28448f: receive RaftClientReply:client-8D480938001B->18d86928-7cde-4fb7-976f-c69acd28448f@group-51BDF06B2256, cid=133, SUCCESS, logIndex=132, commits[18d86928-7cde-4fb7-976f-c69acd28448f:c133, cfaca831-532a-4f07-b790-e86f75eb7f58:c131, 36e5b639-ec74-40c3-816f-31ffc6ce5e4b:c131]
2019-07-13 12:43:30,886 INFO  client.GrpcClientProtocolClient (GrpcClientProtocolClient.java:onNext(255)) - client-8D480938001B->18d86928-7cde-4fb7-976f-c69acd28448f: receive RaftClientReply:client-8D480938001B->18d86928-7cde-4fb7-976f-c69acd28448f@group-51BDF06B2256, cid=134, SUCCESS, logIndex=133, commits[18d86928-7cde-4fb7-976f-c69acd28448f:c133, cfaca831-532a-4f07-b790-e86f75eb7f58:c131, 36e5b639-ec74-40c3-816f-31ffc6ce5e4b:c131]
2019-07-13 12:43:30,890 INFO  client.GrpcClientProtocolClient (GrpcClientProtocolClient.java:onNext(255)) - client-8D480938001B->18d86928-7cde-4fb7-976f-c69acd28448f: receive RaftClientReply:client-8D480938001B->18d86928-7cde-4fb7-976f-c69acd28448f@group-51BDF06B2256, cid=135, SUCCESS, logIndex=0, commits[18d86928-7cde-4fb7-976f-c69acd28448f:c135, cfaca831-532a-4f07-b790-e86f75eb7f58:c133, 36e5b639-ec74-40c3-816f-31ffc6ce5e4b:c133]
2019-07-13 12:43:30,907 INFO  client.GrpcClientProtocolClient (GrpcClientProtocolClient.java:onNext(255)) - client-8D480938001B->18d86928-7cde-4fb7-976f-c69acd28448f: receive RaftClientReply:client-8D480938001B->18d86928-7cde-4fb7-976f-c69acd28448f@group-51BDF06B2256, cid=136, SUCCESS, logIndex=136, commits[18d86928-7cde-4fb7-976f-c69acd28448f:c137, cfaca831-532a-4f07-b790-e86f75eb7f58:c133, 36e5b639-ec74-40c3-816f-31ffc6ce5e4b:c135]
2019-07-13 12:43:30,908 INFO  client.GrpcClientProtocolClient (GrpcClientProtocolClient.java:onNext(255)) - client-8D480938001B->18d86928-7cde-4fb7-976f-c69acd28448f: receive RaftClientReply:client-8D480938001B->18d86928-7cde-4fb7-976f-c69acd28448f@group-51BDF06B2256, cid=137, SUCCESS, logIndex=137, commits[18d86928-7cde-4fb7-976f-c69acd28448f:c137, cfaca831-532a-4f07-b790-e86f75eb7f58:c133, 36e5b639-ec74-40c3-816f-31ffc6ce5e4b:c135]
2019-07-13 12:43:30,911 INFO  client.GrpcClientProtocolClient (GrpcClientProtocolClient.java:onNext(255)) - client-8D480938001B->18d86928-7cde-4fb7-976f-c69acd28448f: receive RaftClientReply:client-8D480938001B->18d86928-7cde-4fb7-976f-c69acd28448f@group-51BDF06B2256, cid=138, SUCCESS, logIndex=138, commits[18d86928-7cde-4fb7-976f-c69acd28448f:c140, cfaca831-532a-4f07-b790-e86f75eb7f58:c137, 36e5b639-ec74-40c3-816f-31ffc6ce5e4b:c135]
2019-07-13 12:43:30,911 INFO  client.GrpcClientProtocolClient (GrpcClientProtocolClient.java:onNext(255)) - client-8D480938001B->18d86928-7cde-4fb7-976f-c69acd28448f: receive RaftClientReply:client-8D480938001B->18d86928-7cde-4fb7-976f-c69acd28448f@group-51BDF06B2256, cid=139, SUCCESS, logIndex=139, commits[18d86928-7cde-4fb7-976f-c69acd28448f:c141, cfaca831-532a-4f07-b790-e86f75eb7f58:c137, 36e5b639-ec74-40c3-816f-31ffc6ce5e4b:c137]
2019-07-13 12:43:30,926 INFO  client.GrpcClientProtocolClient (GrpcClientProtocolClient.java:onNext(255)) - client-8D480938001B->18d86928-7cde-4fb7-976f-c69acd28448f: receive RaftClientReply:client-8D480938001B->18d86928-7cde-4fb7-976f-c69acd28448f@group-51BDF06B2256, cid=140, SUCCESS, logIndex=144, commits[18d86928-7cde-4fb7-976f-c69acd28448f:c145, cfaca831-532a-4f07-b790-e86f75eb7f58:c143, 36e5b639-ec74-40c3-816f-31ffc6ce5e4b:c143]
2019-07-13 12:43:30,927 INFO  client.GrpcClientProtocolClient (GrpcClientProtocolClient.java:onNext(255)) - client-8D480938001B->18d86928-7cde-4fb7-976f-c69acd28448f: receive RaftClientReply:client-8D480938001B->18d86928-7cde-4fb7-976f-c69acd28448f@group-51BDF06B2256, cid=141, SUCCESS, logIndex=145, commits[18d86928-7cde-4fb7-976f-c69acd28448f:c145, cfaca831-532a-4f07-b790-e86f75eb7f58:c143, 36e5b639-ec74-40c3-816f-31ffc6ce5e4b:c143]
2019-07-13 12:43:30,940 INFO  client.GrpcClientProtocolClient (GrpcClientProtocolClient.java:onNext(255)) - client-8D480938001B->18d86928-7cde-4fb7-976f-c69acd28448f: receive RaftClientReply:client-8D480938001B->18d86928-7cde-4fb7-976f-c69acd28448f@group-51BDF06B2256, cid=142, SUCCESS, logIndex=148, commits[18d86928-7cde-4fb7-976f-c69acd28448f:c149, cfaca831-532a-4f07-b790-e86f75eb7f58:c147, 36e5b639-ec74-40c3-816f-31ffc6ce5e4b:c147]
2019-07-13 12:43:30,941 INFO  client.GrpcClientProtocolClient (GrpcClientProtocolClient.java:onNext(255)) - client-8D480938001B->18d86928-7cde-4fb7-976f-c69acd28448f: receive RaftClientReply:client-8D480938001B->18d86928-7cde-4fb7-976f-c69acd28448f@group-51BDF06B2256, cid=143, SUCCESS, logIndex=149, commits[18d86928-7cde-4fb7-976f-c69acd28448f:c149, cfaca831-532a-4f07-b790-e86f75eb7f58:c147, 36e5b639-ec74-40c3-816f-31ffc6ce5e4b:c147]
2019-07-13 12:43:30,944 INFO  client.GrpcClientProtocolClient (GrpcClientProtocolClient.java:onNext(255)) - client-8D480938001B->18d86928-7cde-4fb7-976f-c69acd28448f: receive RaftClientReply:client-8D480938001B->18d86928-7cde-4fb7-976f-c69acd28448f@group-51BDF06B2256, cid=144, SUCCESS, logIndex=0, commits[18d86928-7cde-4fb7-976f-c69acd28448f:c150, cfaca831-532a-4f07-b790-e86f75eb7f58:c149, 36e5b639-ec74-40c3-816f-31ffc6ce5e4b:c149]
2019-07-13 12:43:30,946 INFO  container.CloseContainerEventHandler (CloseContainerEventHandler.java:onMessage(61)) - Close container Event triggered for container : #14
2019-07-13 12:43:30,947 INFO  container.CloseContainerEventHandler (CloseContainerEventHandler.java:onMessage(61)) - Close container Event triggered for container : #14
2019-07-13 12:43:30,947 INFO  container.CloseContainerEventHandler (CloseContainerEventHandler.java:onMessage(61)) - Close container Event triggered for container : #14
2019-07-13 12:43:30,947 INFO  container.CloseContainerEventHandler (CloseContainerEventHandler.java:onMessage(61)) - Close container Event triggered for container : #9
2019-07-13 12:43:30,947 INFO  container.CloseContainerEventHandler (CloseContainerEventHandler.java:onMessage(61)) - Close container Event triggered for container : #9
2019-07-13 12:43:30,948 INFO  container.CloseContainerEventHandler (CloseContainerEventHandler.java:onMessage(61)) - Close container Event triggered for container : #9
2019-07-13 12:43:30,948 INFO  container.CloseContainerEventHandler (CloseContainerEventHandler.java:onMessage(61)) - Close container Event triggered for container : #13
2019-07-13 12:43:30,948 INFO  container.CloseContainerEventHandler (CloseContainerEventHandler.java:onMessage(61)) - Close container Event triggered for container : #13
2019-07-13 12:43:30,948 INFO  container.CloseContainerEventHandler (CloseContainerEventHandler.java:onMessage(61)) - Close container Event triggered for container : #13
2019-07-13 12:43:30,957 INFO  client.GrpcClientProtocolClient (GrpcClientProtocolClient.java:onNext(255)) - client-8D480938001B->18d86928-7cde-4fb7-976f-c69acd28448f: receive RaftClientReply:client-8D480938001B->18d86928-7cde-4fb7-976f-c69acd28448f@group-51BDF06B2256, cid=145, SUCCESS, logIndex=152, commits[18d86928-7cde-4fb7-976f-c69acd28448f:c153, cfaca831-532a-4f07-b790-e86f75eb7f58:c151, 36e5b639-ec74-40c3-816f-31ffc6ce5e4b:c151]
2019-07-13 12:43:30,958 INFO  client.GrpcClientProtocolClient (GrpcClientProtocolClient.java:onNext(255)) - client-8D480938001B->18d86928-7cde-4fb7-976f-c69acd28448f: receive RaftClientReply:client-8D480938001B->18d86928-7cde-4fb7-976f-c69acd28448f@group-51BDF06B2256, cid=146, SUCCESS, logIndex=153, commits[18d86928-7cde-4fb7-976f-c69acd28448f:c153, cfaca831-532a-4f07-b790-e86f75eb7f58:c151, 36e5b639-ec74-40c3-816f-31ffc6ce5e4b:c151]
2019-07-13 12:43:32,703 ERROR commandhandler.CloseContainerCommandHandler (CloseContainerCommandHandler.java:handle(124)) - Can't close container #14
org.apache.hadoop.hdds.scm.container.common.helpers.StorageContainerException: Attempting to close a CLOSING container.
	at org.apache.hadoop.ozone.container.keyvalue.KeyValueContainer.markContainerForClose(KeyValueContainer.java:278)
	at org.apache.hadoop.ozone.container.keyvalue.KeyValueHandler.markContainerForClose(KeyValueHandler.java:894)
	at org.apache.hadoop.ozone.container.ozoneimpl.ContainerController.markContainerForClose(ContainerController.java:72)
	at org.apache.hadoop.ozone.container.common.statemachine.commandhandler.CloseContainerCommandHandler.handle(CloseContainerCommandHandler.java:96)
	at org.apache.hadoop.ozone.container.common.statemachine.commandhandler.CommandDispatcher.handle(CommandDispatcher.java:93)
	at org.apache.hadoop.ozone.container.common.statemachine.DatanodeStateMachine.lambda$initCommandHandlerThread$1(DatanodeStateMachine.java:432)
	at java.lang.Thread.run(Thread.java:748)
2019-07-13 12:43:32,703 INFO  interfaces.Container (KeyValueContainer.java:compactDB(356)) - Container 14 is closed with bcsId 153.
2019-07-13 12:43:32,733 INFO  interfaces.Container (KeyValueContainer.java:compactDB(356)) - Container 14 is closed with bcsId 153.
2019-07-13 12:43:32,733 INFO  interfaces.Container (KeyValueContainer.java:compactDB(356)) - Container 14 is closed with bcsId 153.
2019-07-13 12:43:32,748 INFO  interfaces.Container (KeyValueContainer.java:compactDB(356)) - Container 9 is closed with bcsId 133.
2019-07-13 12:43:32,755 INFO  interfaces.Container (KeyValueContainer.java:compactDB(356)) - Container 9 is closed with bcsId 133.
2019-07-13 12:43:32,761 INFO  interfaces.Container (KeyValueContainer.java:compactDB(356)) - Container 9 is closed with bcsId 133.
2019-07-13 12:43:32,779 INFO  interfaces.Container (KeyValueContainer.java:compactDB(356)) - Container 13 is closed with bcsId 149.
2019-07-13 12:43:32,782 INFO  interfaces.Container (KeyValueContainer.java:compactDB(356)) - Container 13 is closed with bcsId 149.
2019-07-13 12:43:32,786 INFO  interfaces.Container (KeyValueContainer.java:compactDB(356)) - Container 13 is closed with bcsId 149.
12:43:32.959 [grpc-default-executor-2] ERROR DNAudit - user=null | ip=null | op=WRITE_CHUNK {blockData=conID: 14 locID: 102434197367947290 bcsId: 153} | ret=FAILURE
org.apache.hadoop.hdds.scm.container.common.helpers.ContainerNotOpenException: Container 14 in CLOSED state
	at org.apache.hadoop.ozone.container.common.impl.HddsDispatcher.validateContainerCommand(HddsDispatcher.java:408) ~[hadoop-hdds-container-service-0.5.0-SNAPSHOT.jar:?]
	at org.apache.hadoop.ozone.container.common.transport.server.ratis.ContainerStateMachine.startTransaction(ContainerStateMachine.java:271) ~[hadoop-hdds-container-service-0.5.0-SNAPSHOT.jar:?]
	at org.apache.ratis.server.impl.RaftServerImpl.submitClientRequestAsync(RaftServerImpl.java:566) ~[ratis-server-0.4.0-2337318-SNAPSHOT.jar:0.4.0-2337318-SNAPSHOT]
	at org.apache.ratis.server.impl.RaftServerProxy.lambda$submitClientRequestAsync$7(RaftServerProxy.java:333) ~[ratis-server-0.4.0-2337318-SNAPSHOT.jar:0.4.0-2337318-SNAPSHOT]
	at org.apache.ratis.server.impl.RaftServerProxy.lambda$null$5(RaftServerProxy.java:328) ~[ratis-server-0.4.0-2337318-SNAPSHOT.jar:0.4.0-2337318-SNAPSHOT]
	at org.apache.ratis.util.JavaUtils.callAsUnchecked(JavaUtils.java:109) ~[ratis-common-0.4.0-2337318-SNAPSHOT.jar:0.4.0-2337318-SNAPSHOT]
	at org.apache.ratis.server.impl.RaftServerProxy.lambda$submitRequest$6(RaftServerProxy.java:328) ~[ratis-server-0.4.0-2337318-SNAPSHOT.jar:0.4.0-2337318-SNAPSHOT]
	at java.util.concurrent.CompletableFuture.uniComposeStage(CompletableFuture.java:981) ~[?:1.8.0_212]
	at java.util.concurrent.CompletableFuture.thenCompose(CompletableFuture.java:2124) ~[?:1.8.0_212]
	at org.apache.ratis.server.impl.RaftServerProxy.submitRequest(RaftServerProxy.java:327) ~[ratis-server-0.4.0-2337318-SNAPSHOT.jar:0.4.0-2337318-SNAPSHOT]
	at org.apache.ratis.server.impl.RaftServerProxy.submitClientRequestAsync(RaftServerProxy.java:333) ~[ratis-server-0.4.0-2337318-SNAPSHOT.jar:0.4.0-2337318-SNAPSHOT]
	at org.apache.ratis.grpc.client.GrpcClientProtocolService$RequestStreamObserver.processClientRequest(GrpcClientProtocolService.java:220) ~[ratis-grpc-0.4.0-2337318-SNAPSHOT.jar:0.4.0-2337318-SNAPSHOT]
	at org.apache.ratis.grpc.client.GrpcClientProtocolService$OrderedRequestStreamObserver.processClientRequest(GrpcClientProtocolService.java:326) ~[ratis-grpc-0.4.0-2337318-SNAPSHOT.jar:0.4.0-2337318-SNAPSHOT]
	at org.apache.ratis.util.SlidingWindow$Server.processRequestsFromHead(SlidingWindow.java:429) [ratis-common-0.4.0-2337318-SNAPSHOT.jar:0.4.0-2337318-SNAPSHOT]
	at org.apache.ratis.util.SlidingWindow$Server.receivedRequest(SlidingWindow.java:421) [ratis-common-0.4.0-2337318-SNAPSHOT.jar:0.4.0-2337318-SNAPSHOT]
	at org.apache.ratis.grpc.client.GrpcClientProtocolService$OrderedRequestStreamObserver.processClientRequest(GrpcClientProtocolService.java:345) [ratis-grpc-0.4.0-2337318-SNAPSHOT.jar:0.4.0-2337318-SNAPSHOT]
	at org.apache.ratis.grpc.client.GrpcClientProtocolService$RequestStreamObserver.onNext(GrpcClientProtocolService.java:240) [ratis-grpc-0.4.0-2337318-SNAPSHOT.jar:0.4.0-2337318-SNAPSHOT]
	at org.apache.ratis.grpc.client.GrpcClientProtocolService$RequestStreamObserver.onNext(GrpcClientProtocolService.java:168) [ratis-grpc-0.4.0-2337318-SNAPSHOT.jar:0.4.0-2337318-SNAPSHOT]
	at org.apache.ratis.thirdparty.io.grpc.stub.ServerCalls$StreamingServerCallHandler$StreamingServerCallListener.onMessage(ServerCalls.java:248) [ratis-thirdparty-misc-0.2.0.jar:0.2.0]
	at org.apache.ratis.thirdparty.io.grpc.internal.ServerCallImpl$ServerStreamListenerImpl.messagesAvailable(ServerCallImpl.java:263) [ratis-thirdparty-misc-0.2.0.jar:0.2.0]
	at org.apache.ratis.thirdparty.io.grpc.internal.ServerImpl$JumpToApplicationThreadServerStreamListener$1MessagesAvailable.runInContext(ServerImpl.java:686) [ratis-thirdparty-misc-0.2.0.jar:0.2.0]
	at org.apache.ratis.thirdparty.io.grpc.internal.ContextRunnable.run(ContextRunnable.java:37) [ratis-thirdparty-misc-0.2.0.jar:0.2.0]
	at org.apache.ratis.thirdparty.io.grpc.internal.SerializingExecutor.run(SerializingExecutor.java:123) [ratis-thirdparty-misc-0.2.0.jar:0.2.0]
	at java.util.concurrent.ThreadPoolExecutor.runWorker(ThreadPoolExecutor.java:1149) [?:1.8.0_212]
	at java.util.concurrent.ThreadPoolExecutor$Worker.run(ThreadPoolExecutor.java:624) [?:1.8.0_212]
	at java.lang.Thread.run(Thread.java:748) [?:1.8.0_212]
12:43:32.967 [grpc-default-executor-2] ERROR DNAudit - user=null | ip=null | op=PUT_BLOCK {blockData=[blockId=conID: 14 locID: 102434197367947290 bcsId: 0,size=2097152]} | ret=FAILURE
org.apache.hadoop.hdds.scm.container.common.helpers.ContainerNotOpenException: Container 14 in CLOSED state
	at org.apache.hadoop.ozone.container.common.impl.HddsDispatcher.validateContainerCommand(HddsDispatcher.java:408) ~[hadoop-hdds-container-service-0.5.0-SNAPSHOT.jar:?]
	at org.apache.hadoop.ozone.container.common.transport.server.ratis.ContainerStateMachine.startTransaction(ContainerStateMachine.java:271) ~[hadoop-hdds-container-service-0.5.0-SNAPSHOT.jar:?]
	at org.apache.ratis.server.impl.RaftServerImpl.submitClientRequestAsync(RaftServerImpl.java:566) ~[ratis-server-0.4.0-2337318-SNAPSHOT.jar:0.4.0-2337318-SNAPSHOT]
	at org.apache.ratis.server.impl.RaftServerProxy.lambda$submitClientRequestAsync$7(RaftServerProxy.java:333) ~[ratis-server-0.4.0-2337318-SNAPSHOT.jar:0.4.0-2337318-SNAPSHOT]
	at org.apache.ratis.server.impl.RaftServerProxy.lambda$null$5(RaftServerProxy.java:328) ~[ratis-server-0.4.0-2337318-SNAPSHOT.jar:0.4.0-2337318-SNAPSHOT]
	at org.apache.ratis.util.JavaUtils.callAsUnchecked(JavaUtils.java:109) ~[ratis-common-0.4.0-2337318-SNAPSHOT.jar:0.4.0-2337318-SNAPSHOT]
	at org.apache.ratis.server.impl.RaftServerProxy.lambda$submitRequest$6(RaftServerProxy.java:328) ~[ratis-server-0.4.0-2337318-SNAPSHOT.jar:0.4.0-2337318-SNAPSHOT]
	at java.util.concurrent.CompletableFuture.uniComposeStage(CompletableFuture.java:981) ~[?:1.8.0_212]
	at java.util.concurrent.CompletableFuture.thenCompose(CompletableFuture.java:2124) ~[?:1.8.0_212]
	at org.apache.ratis.server.impl.RaftServerProxy.submitRequest(RaftServerProxy.java:327) ~[ratis-server-0.4.0-2337318-SNAPSHOT.jar:0.4.0-2337318-SNAPSHOT]
	at org.apache.ratis.server.impl.RaftServerProxy.submitClientRequestAsync(RaftServerProxy.java:333) ~[ratis-server-0.4.0-2337318-SNAPSHOT.jar:0.4.0-2337318-SNAPSHOT]
	at org.apache.ratis.grpc.client.GrpcClientProtocolService$RequestStreamObserver.processClientRequest(GrpcClientProtocolService.java:220) ~[ratis-grpc-0.4.0-2337318-SNAPSHOT.jar:0.4.0-2337318-SNAPSHOT]
	at org.apache.ratis.grpc.client.GrpcClientProtocolService$OrderedRequestStreamObserver.processClientRequest(GrpcClientProtocolService.java:326) ~[ratis-grpc-0.4.0-2337318-SNAPSHOT.jar:0.4.0-2337318-SNAPSHOT]
	at org.apache.ratis.util.SlidingWindow$Server.processRequestsFromHead(SlidingWindow.java:429) [ratis-common-0.4.0-2337318-SNAPSHOT.jar:0.4.0-2337318-SNAPSHOT]
	at org.apache.ratis.util.SlidingWindow$Server.receivedRequest(SlidingWindow.java:421) [ratis-common-0.4.0-2337318-SNAPSHOT.jar:0.4.0-2337318-SNAPSHOT]
	at org.apache.ratis.grpc.client.GrpcClientProtocolService$OrderedRequestStreamObserver.processClientRequest(GrpcClientProtocolService.java:345) [ratis-grpc-0.4.0-2337318-SNAPSHOT.jar:0.4.0-2337318-SNAPSHOT]
	at org.apache.ratis.grpc.client.GrpcClientProtocolService$RequestStreamObserver.onNext(GrpcClientProtocolService.java:240) [ratis-grpc-0.4.0-2337318-SNAPSHOT.jar:0.4.0-2337318-SNAPSHOT]
	at org.apache.ratis.grpc.client.GrpcClientProtocolService$RequestStreamObserver.onNext(GrpcClientProtocolService.java:168) [ratis-grpc-0.4.0-2337318-SNAPSHOT.jar:0.4.0-2337318-SNAPSHOT]
	at org.apache.ratis.thirdparty.io.grpc.stub.ServerCalls$StreamingServerCallHandler$StreamingServerCallListener.onMessage(ServerCalls.java:248) [ratis-thirdparty-misc-0.2.0.jar:0.2.0]
	at org.apache.ratis.thirdparty.io.grpc.internal.ServerCallImpl$ServerStreamListenerImpl.messagesAvailable(ServerCallImpl.java:263) [ratis-thirdparty-misc-0.2.0.jar:0.2.0]
	at org.apache.ratis.thirdparty.io.grpc.internal.ServerImpl$JumpToApplicationThreadServerStreamListener$1MessagesAvailable.runInContext(ServerImpl.java:686) [ratis-thirdparty-misc-0.2.0.jar:0.2.0]
	at org.apache.ratis.thirdparty.io.grpc.internal.ContextRunnable.run(ContextRunnable.java:37) [ratis-thirdparty-misc-0.2.0.jar:0.2.0]
	at org.apache.ratis.thirdparty.io.grpc.internal.SerializingExecutor.run(SerializingExecutor.java:123) [ratis-thirdparty-misc-0.2.0.jar:0.2.0]
	at java.util.concurrent.ThreadPoolExecutor.runWorker(ThreadPoolExecutor.java:1149) [?:1.8.0_212]
	at java.util.concurrent.ThreadPoolExecutor$Worker.run(ThreadPoolExecutor.java:624) [?:1.8.0_212]
	at java.lang.Thread.run(Thread.java:748) [?:1.8.0_212]
2019-07-13 12:43:32,968 INFO  client.GrpcClientProtocolClient (GrpcClientProtocolClient.java:onNext(255)) - client-8D480938001B->18d86928-7cde-4fb7-976f-c69acd28448f: receive RaftClientReply:client-8D480938001B->18d86928-7cde-4fb7-976f-c69acd28448f@group-51BDF06B2256, cid=147, FAILED org.apache.ratis.protocol.StateMachineException: org.apache.hadoop.hdds.scm.container.common.helpers.ContainerNotOpenException from Server 18d86928-7cde-4fb7-976f-c69acd28448f: Container 14 in CLOSED state, logIndex=0, commits[18d86928-7cde-4fb7-976f-c69acd28448f:c161, cfaca831-532a-4f07-b790-e86f75eb7f58:c160, 36e5b639-ec74-40c3-816f-31ffc6ce5e4b:c160]
2019-07-13 12:43:32,975 INFO  client.GrpcClientProtocolClient (GrpcClientProtocolClient.java:onNext(255)) - client-8D480938001B->18d86928-7cde-4fb7-976f-c69acd28448f: receive RaftClientReply:client-8D480938001B->18d86928-7cde-4fb7-976f-c69acd28448f@group-51BDF06B2256, cid=148, FAILED org.apache.ratis.protocol.StateMachineException: org.apache.hadoop.hdds.scm.container.common.helpers.ContainerNotOpenException from Server 18d86928-7cde-4fb7-976f-c69acd28448f: Container 14 in CLOSED state, logIndex=0, commits[18d86928-7cde-4fb7-976f-c69acd28448f:c161, cfaca831-532a-4f07-b790-e86f75eb7f58:c160, 36e5b639-ec74-40c3-816f-31ffc6ce5e4b:c160]
2019-07-13 12:43:33,069 INFO  client.GrpcClientProtocolClient (GrpcClientProtocolClient.java:onNext(255)) - client-8D480938001B->18d86928-7cde-4fb7-976f-c69acd28448f: receive RaftClientReply:client-8D480938001B->18d86928-7cde-4fb7-976f-c69acd28448f@group-51BDF06B2256, cid=149, SUCCESS, logIndex=162, commits[18d86928-7cde-4fb7-976f-c69acd28448f:c165, cfaca831-532a-4f07-b790-e86f75eb7f58:c161, 36e5b639-ec74-40c3-816f-31ffc6ce5e4b:c161]
2019-07-13 12:43:33,094 INFO  client.GrpcClientProtocolClient (GrpcClientProtocolClient.java:onNext(255)) - client-8D480938001B->18d86928-7cde-4fb7-976f-c69acd28448f: receive RaftClientReply:client-8D480938001B->18d86928-7cde-4fb7-976f-c69acd28448f@group-51BDF06B2256, cid=150, SUCCESS, logIndex=163, commits[18d86928-7cde-4fb7-976f-c69acd28448f:c169, cfaca831-532a-4f07-b790-e86f75eb7f58:c165, 36e5b639-ec74-40c3-816f-31ffc6ce5e4b:c165]
2019-07-13 12:43:33,094 INFO  client.GrpcClientProtocolClient (GrpcClientProtocolClient.java:onNext(255)) - client-8D480938001B->18d86928-7cde-4fb7-976f-c69acd28448f: receive RaftClientReply:client-8D480938001B->18d86928-7cde-4fb7-976f-c69acd28448f@group-51BDF06B2256, cid=151, SUCCESS, logIndex=164, commits[18d86928-7cde-4fb7-976f-c69acd28448f:c169, cfaca831-532a-4f07-b790-e86f75eb7f58:c165, 36e5b639-ec74-40c3-816f-31ffc6ce5e4b:c165]
2019-07-13 12:43:33,153 INFO  client.GrpcClientProtocolClient (GrpcClientProtocolClient.java:onNext(255)) - client-8D480938001B->18d86928-7cde-4fb7-976f-c69acd28448f: receive RaftClientReply:client-8D480938001B->18d86928-7cde-4fb7-976f-c69acd28448f@group-51BDF06B2256, cid=152, SUCCESS, logIndex=165, commits[18d86928-7cde-4fb7-976f-c69acd28448f:c169, cfaca831-532a-4f07-b790-e86f75eb7f58:c165, 36e5b639-ec74-40c3-816f-31ffc6ce5e4b:c165]
2019-07-13 12:43:33,272 INFO  client.GrpcClientProtocolClient (GrpcClientProtocolClient.java:onNext(255)) - client-8D480938001B->18d86928-7cde-4fb7-976f-c69acd28448f: receive RaftClientReply:client-8D480938001B->18d86928-7cde-4fb7-976f-c69acd28448f@group-51BDF06B2256, cid=153, SUCCESS, logIndex=170, commits[18d86928-7cde-4fb7-976f-c69acd28448f:c171, cfaca831-532a-4f07-b790-e86f75eb7f58:c169, 36e5b639-ec74-40c3-816f-31ffc6ce5e4b:c169]
2019-07-13 12:43:33,273 INFO  client.GrpcClientProtocolClient (GrpcClientProtocolClient.java:onNext(255)) - client-8D480938001B->18d86928-7cde-4fb7-976f-c69acd28448f: receive RaftClientReply:client-8D480938001B->18d86928-7cde-4fb7-976f-c69acd28448f@group-51BDF06B2256, cid=154, SUCCESS, logIndex=171, commits[18d86928-7cde-4fb7-976f-c69acd28448f:c173, cfaca831-532a-4f07-b790-e86f75eb7f58:c169, 36e5b639-ec74-40c3-816f-31ffc6ce5e4b:c169]
2019-07-13 12:43:33,274 INFO  client.GrpcClientProtocolClient (GrpcClientProtocolClient.java:onNext(255)) - client-8D480938001B->18d86928-7cde-4fb7-976f-c69acd28448f: receive RaftClientReply:client-8D480938001B->18d86928-7cde-4fb7-976f-c69acd28448f@group-51BDF06B2256, cid=155, SUCCESS, logIndex=172, commits[18d86928-7cde-4fb7-976f-c69acd28448f:c173, cfaca831-532a-4f07-b790-e86f75eb7f58:c169, 36e5b639-ec74-40c3-816f-31ffc6ce5e4b:c169]
2019-07-13 12:43:33,274 INFO  client.GrpcClientProtocolClient (GrpcClientProtocolClient.java:onNext(255)) - client-8D480938001B->18d86928-7cde-4fb7-976f-c69acd28448f: receive RaftClientReply:client-8D480938001B->18d86928-7cde-4fb7-976f-c69acd28448f@group-51BDF06B2256, cid=156, SUCCESS, logIndex=173, commits[18d86928-7cde-4fb7-976f-c69acd28448f:c174, cfaca831-532a-4f07-b790-e86f75eb7f58:c171, 36e5b639-ec74-40c3-816f-31ffc6ce5e4b:c171]
2019-07-13 12:43:33,277 INFO  client.GrpcClientProtocolClient (GrpcClientProtocolClient.java:onNext(255)) - client-8D480938001B->18d86928-7cde-4fb7-976f-c69acd28448f: receive RaftClientReply:client-8D480938001B->18d86928-7cde-4fb7-976f-c69acd28448f@group-51BDF06B2256, cid=157, SUCCESS, logIndex=0, commits[18d86928-7cde-4fb7-976f-c69acd28448f:c176, cfaca831-532a-4f07-b790-e86f75eb7f58:c173, 36e5b639-ec74-40c3-816f-31ffc6ce5e4b:c173]
2019-07-13 12:43:33,303 INFO  pipeline.Pipeline (Pipeline.java:getProtobufMessage(195)) - Serialize pipeline PipelineID=a5a7abce-ef00-4bc3-a8e1-51bdf06b2256 with nodesInOrder{ }
]]></system-out>
  </testcase>
  <testcase name="testDiscardPreallocatedBlocks" classname="org.apache.hadoop.ozone.client.rpc.TestCloseContainerHandlingByClient" time="0">
    <skipped/>
  </testcase>
</testsuite>