<?xml version="1.0" encoding="UTF-8"?>
<testsuite xmlns:xsi="http://www.w3.org/2001/XMLSchema-instance" xsi:noNamespaceSchemaLocation="https://maven.apache.org/surefire/maven-surefire-plugin/xsd/surefire-test-report.xsd" name="org.apache.hadoop.ozone.client.rpc.TestOzoneClientRetriesOnException" time="73.995" tests="2" errors="1" skipped="0" failures="0">
  <properties>
    <property name="awt.toolkit" value="sun.awt.X11.XToolkit"/>
    <property name="file.encoding.pkg" value="sun.io"/>
    <property name="java.specification.version" value="1.8"/>
    <property name="sun.cpu.isalist" value=""/>
    <property name="sun.jnu.encoding" value="UTF-8"/>
    <property name="java.class.path" value="/tmp/workdir/hadoop-ozone/integration-test/target/test-classes:/tmp/workdir/hadoop-ozone/integration-test/target/classes:/home/user/.m2/repository/org/apache/hadoop/hadoop-ozone-common/0.5.0-SNAPSHOT/hadoop-ozone-common-0.5.0-SNAPSHOT.jar:/home/user/.m2/repository/org/apache/commons/commons-compress/1.4.1/commons-compress-1.4.1.jar:/home/user/.m2/repository/org/tukaani/xz/1.0/xz-1.0.jar:/home/user/.m2/repository/org/apache/hadoop/hadoop-common/3.2.0/hadoop-common-3.2.0.jar:/home/user/.m2/repository/org/apache/hadoop/hadoop-hdfs/3.2.0/hadoop-hdfs-3.2.0.jar:/home/user/.m2/repository/org/apache/hadoop/hadoop-hdfs-client/3.2.0/hadoop-hdfs-client-3.2.0.jar:/home/user/.m2/repository/com/fasterxml/jackson/core/jackson-annotations/2.9.5/jackson-annotations-2.9.5.jar:/home/user/.m2/repository/org/apache/hadoop/hadoop-hdds-common/0.5.0-SNAPSHOT/hadoop-hdds-common-0.5.0-SNAPSHOT.jar:/home/user/.m2/repository/javax/annotation/javax.annotation-api/1.2/javax.annotation-api-1.2.jar:/home/user/.m2/repository/org/apache/ratis/ratis-server/0.4.0-2337318-SNAPSHOT/ratis-server-0.4.0-2337318-SNAPSHOT.jar:/home/user/.m2/repository/org/apache/ratis/ratis-thirdparty-misc/0.2.0/ratis-thirdparty-misc-0.2.0.jar:/home/user/.m2/repository/org/apache/ratis/ratis-proto/0.4.0-2337318-SNAPSHOT/ratis-proto-0.4.0-2337318-SNAPSHOT.jar:/home/user/.m2/repository/org/apache/ratis/ratis-common/0.4.0-2337318-SNAPSHOT/ratis-common-0.4.0-2337318-SNAPSHOT.jar:/home/user/.m2/repository/org/apache/ratis/ratis-client/0.4.0-2337318-SNAPSHOT/ratis-client-0.4.0-2337318-SNAPSHOT.jar:/home/user/.m2/repository/org/apache/ratis/ratis-metrics/0.4.0-2337318-SNAPSHOT/ratis-metrics-0.4.0-2337318-SNAPSHOT.jar:/home/user/.m2/repository/org/apache/ratis/ratis-netty/0.4.0-2337318-SNAPSHOT/ratis-netty-0.4.0-2337318-SNAPSHOT.jar:/home/user/.m2/repository/org/apache/ratis/ratis-grpc/0.4.0-2337318-SNAPSHOT/ratis-grpc-0.4.0-2337318-SNAPSHOT.jar:/home/user/.m2/repository/org/rocksdb/rocksdbjni/6.0.1/rocksdbjni-6.0.1.jar:/home/user/.m2/repository/org/apache/logging/log4j/log4j-api/2.11.0/log4j-api-2.11.0.jar:/home/user/.m2/repository/org/apache/logging/log4j/log4j-core/2.11.0/log4j-core-2.11.0.jar:/home/user/.m2/repository/com/lmax/disruptor/3.4.2/disruptor-3.4.2.jar:/home/user/.m2/repository/org/apache/commons/commons-pool2/2.6.0/commons-pool2-2.6.0.jar:/home/user/.m2/repository/org/bouncycastle/bcpkix-jdk15on/1.60/bcpkix-jdk15on-1.60.jar:/home/user/.m2/repository/commons-validator/commons-validator/1.6/commons-validator-1.6.jar:/home/user/.m2/repository/commons-digester/commons-digester/1.8.1/commons-digester-1.8.1.jar:/home/user/.m2/repository/io/jaegertracing/jaeger-client/0.33.1/jaeger-client-0.33.1.jar:/home/user/.m2/repository/io/jaegertracing/jaeger-thrift/0.33.1/jaeger-thrift-0.33.1.jar:/home/user/.m2/repository/org/apache/thrift/libthrift/0.11.0/libthrift-0.11.0.jar:/home/user/.m2/repository/com/squareup/okhttp3/okhttp/3.9.0/okhttp-3.9.0.jar:/home/user/.m2/repository/com/squareup/okio/okio/1.13.0/okio-1.13.0.jar:/home/user/.m2/repository/io/jaegertracing/jaeger-core/0.33.1/jaeger-core-0.33.1.jar:/home/user/.m2/repository/io/jaegertracing/jaeger-tracerresolver/0.33.1/jaeger-tracerresolver-0.33.1.jar:/home/user/.m2/repository/io/opentracing/contrib/opentracing-tracerresolver/0.1.5/opentracing-tracerresolver-0.1.5.jar:/home/user/.m2/repository/io/opentracing/opentracing-util/0.31.0/opentracing-util-0.31.0.jar:/home/user/.m2/repository/io/opentracing/opentracing-api/0.31.0/opentracing-api-0.31.0.jar:/home/user/.m2/repository/io/opentracing/opentracing-noop/0.31.0/opentracing-noop-0.31.0.jar:/home/user/.m2/repository/org/apache/hadoop/hadoop-hdds-server-framework/0.5.0-SNAPSHOT/hadoop-hdds-server-framework-0.5.0-SNAPSHOT.jar:/home/user/.m2/repository/org/apache/hadoop/hadoop-hdds-container-service/0.5.0-SNAPSHOT/hadoop-hdds-container-service-0.5.0-SNAPSHOT.jar:/home/user/.m2/repository/org/apache/hadoop/hadoop-hdds-client/0.5.0-SNAPSHOT/hadoop-hdds-client-0.5.0-SNAPSHOT.jar:/home/user/.m2/repository/org/apache/hadoop/hadoop-hdds-tools/0.5.0-SNAPSHOT/hadoop-hdds-tools-0.5.0-SNAPSHOT.jar:/home/user/.m2/repository/org/apache/hadoop/hadoop-hdds-server-scm/0.5.0-SNAPSHOT/hadoop-hdds-server-scm-0.5.0-SNAPSHOT.jar:/home/user/.m2/repository/org/apache/hadoop/hadoop-hdds-docs/0.5.0-SNAPSHOT/hadoop-hdds-docs-0.5.0-SNAPSHOT.jar:/home/user/.m2/repository/io/dropwizard/metrics/metrics-core/3.2.4/metrics-core-3.2.4.jar:/home/user/.m2/repository/org/hamcrest/hamcrest-all/1.3/hamcrest-all-1.3.jar:/home/user/.m2/repository/org/bouncycastle/bcprov-jdk15on/1.60/bcprov-jdk15on-1.60.jar:/home/user/.m2/repository/info/picocli/picocli/3.9.6/picocli-3.9.6.jar:/home/user/.m2/repository/com/google/protobuf/protobuf-java/2.5.0/protobuf-java-2.5.0.jar:/home/user/.m2/repository/com/google/guava/guava/11.0.2/guava-11.0.2.jar:/home/user/.m2/repository/org/apache/hadoop/hadoop-ozone-ozone-manager/0.5.0-SNAPSHOT/hadoop-ozone-ozone-manager-0.5.0-SNAPSHOT.jar:/home/user/.m2/repository/org/apache/hadoop/hadoop-minikdc/3.2.0/hadoop-minikdc-3.2.0.jar:/home/user/.m2/repository/commons-io/commons-io/2.5/commons-io-2.5.jar:/home/user/.m2/repository/org/apache/kerby/kerb-simplekdc/1.0.1/kerb-simplekdc-1.0.1.jar:/home/user/.m2/repository/org/apache/kerby/kerb-client/1.0.1/kerb-client-1.0.1.jar:/home/user/.m2/repository/org/apache/kerby/kerby-config/1.0.1/kerby-config-1.0.1.jar:/home/user/.m2/repository/org/apache/kerby/kerb-core/1.0.1/kerb-core-1.0.1.jar:/home/user/.m2/repository/org/apache/kerby/kerby-pkix/1.0.1/kerby-pkix-1.0.1.jar:/home/user/.m2/repository/org/apache/kerby/kerby-asn1/1.0.1/kerby-asn1-1.0.1.jar:/home/user/.m2/repository/org/apache/kerby/kerby-util/1.0.1/kerby-util-1.0.1.jar:/home/user/.m2/repository/org/apache/kerby/kerb-common/1.0.1/kerb-common-1.0.1.jar:/home/user/.m2/repository/org/apache/kerby/kerb-crypto/1.0.1/kerb-crypto-1.0.1.jar:/home/user/.m2/repository/org/apache/kerby/kerb-util/1.0.1/kerb-util-1.0.1.jar:/home/user/.m2/repository/org/apache/kerby/token-provider/1.0.1/token-provider-1.0.1.jar:/home/user/.m2/repository/org/apache/kerby/kerb-admin/1.0.1/kerb-admin-1.0.1.jar:/home/user/.m2/repository/org/apache/kerby/kerb-server/1.0.1/kerb-server-1.0.1.jar:/home/user/.m2/repository/org/apache/kerby/kerb-identity/1.0.1/kerb-identity-1.0.1.jar:/home/user/.m2/repository/org/apache/kerby/kerby-xdr/1.0.1/kerby-xdr-1.0.1.jar:/home/user/.m2/repository/org/slf4j/slf4j-log4j12/1.7.25/slf4j-log4j12-1.7.25.jar:/home/user/.m2/repository/org/apache/hadoop/hadoop-ozone-objectstore-service/0.5.0-SNAPSHOT/hadoop-ozone-objectstore-service-0.5.0-SNAPSHOT.jar:/home/user/.m2/repository/org/apache/hadoop/hadoop-ozone-s3gateway/0.5.0-SNAPSHOT/hadoop-ozone-s3gateway-0.5.0-SNAPSHOT.jar:/home/user/.m2/repository/org/jboss/weld/servlet/weld-servlet/2.4.7.Final/weld-servlet-2.4.7.Final.jar:/home/user/.m2/repository/org/glassfish/jersey/containers/jersey-container-servlet-core/2.27/jersey-container-servlet-core-2.27.jar:/home/user/.m2/repository/org/glassfish/hk2/external/javax.inject/2.5.0-b42/javax.inject-2.5.0-b42.jar:/home/user/.m2/repository/org/glassfish/jersey/core/jersey-common/2.27/jersey-common-2.27.jar:/home/user/.m2/repository/org/glassfish/hk2/osgi-resource-locator/1.0.1/osgi-resource-locator-1.0.1.jar:/home/user/.m2/repository/javax/ws/rs/javax.ws.rs-api/2.1/javax.ws.rs-api-2.1.jar:/home/user/.m2/repository/org/glassfish/jersey/ext/cdi/jersey-cdi1x/2.27/jersey-cdi1x-2.27.jar:/home/user/.m2/repository/org/glassfish/jersey/inject/jersey-hk2/2.27/jersey-hk2-2.27.jar:/home/user/.m2/repository/org/glassfish/hk2/hk2-locator/2.5.0-b42/hk2-locator-2.5.0-b42.jar:/home/user/.m2/repository/org/javassist/javassist/3.22.0-CR2/javassist-3.22.0-CR2.jar:/home/user/.m2/repository/org/glassfish/hk2/hk2-api/2.5.0/hk2-api-2.5.0.jar:/home/user/.m2/repository/org/glassfish/hk2/external/jakarta.inject/2.5.0/jakarta.inject-2.5.0.jar:/home/user/.m2/repository/org/glassfish/hk2/hk2-utils/2.5.0/hk2-utils-2.5.0.jar:/home/user/.m2/repository/jakarta/annotation/jakarta.annotation-api/1.3.4/jakarta.annotation-api-1.3.4.jar:/home/user/.m2/repository/org/glassfish/hk2/external/aopalliance-repackaged/2.5.0/aopalliance-repackaged-2.5.0.jar:/home/user/.m2/repository/com/fasterxml/jackson/dataformat/jackson-dataformat-xml/2.9.0/jackson-dataformat-xml-2.9.0.jar:/home/user/.m2/repository/com/fasterxml/jackson/core/jackson-core/2.9.5/jackson-core-2.9.5.jar:/home/user/.m2/repository/com/fasterxml/jackson/module/jackson-module-jaxb-annotations/2.9.5/jackson-module-jaxb-annotations-2.9.5.jar:/home/user/.m2/repository/javax/enterprise/cdi-api/1.2/cdi-api-1.2.jar:/home/user/.m2/repository/javax/el/javax.el-api/3.0.0/javax.el-api-3.0.0.jar:/home/user/.m2/repository/javax/interceptor/javax.interceptor-api/1.2/javax.interceptor-api-1.2.jar:/home/user/.m2/repository/javax/inject/javax.inject/1/javax.inject-1.jar:/home/user/.m2/repository/com/sun/xml/bind/jaxb-impl/2.3.0.1/jaxb-impl-2.3.0.1.jar:/home/user/.m2/repository/com/sun/xml/bind/jaxb-core/2.3.0.1/jaxb-core-2.3.0.1.jar:/home/user/.m2/repository/javax/xml/bind/jaxb-api/2.3.0/jaxb-api-2.3.0.jar:/home/user/.m2/repository/javax/activation/activation/1.1.1/activation-1.1.1.jar:/home/user/.m2/repository/org/apache/hadoop/hadoop-ozone-csi/0.5.0-SNAPSHOT/hadoop-ozone-csi-0.5.0-SNAPSHOT.jar:/home/user/.m2/repository/com/google/protobuf/protobuf-java-util/3.5.1/protobuf-java-util-3.5.1.jar:/home/user/.m2/repository/org/apache/hadoop/hadoop-hdds-config/0.5.0-SNAPSHOT/hadoop-hdds-config-0.5.0-SNAPSHOT.jar:/home/user/.m2/repository/io/grpc/grpc-netty/1.17.1/grpc-netty-1.17.1.jar:/home/user/.m2/repository/io/grpc/grpc-core/1.17.1/grpc-core-1.17.1.jar:/home/user/.m2/repository/io/grpc/grpc-context/1.17.1/grpc-context-1.17.1.jar:/home/user/.m2/repository/com/google/errorprone/error_prone_annotations/2.2.0/error_prone_annotations-2.2.0.jar:/home/user/.m2/repository/org/codehaus/mojo/animal-sniffer-annotations/1.17/animal-sniffer-annotations-1.17.jar:/home/user/.m2/repository/io/opencensus/opencensus-api/0.17.0/opencensus-api-0.17.0.jar:/home/user/.m2/repository/io/opencensus/opencensus-contrib-grpc-metrics/0.17.0/opencensus-contrib-grpc-metrics-0.17.0.jar:/home/user/.m2/repository/io/netty/netty-codec-http2/4.1.30.Final/netty-codec-http2-4.1.30.Final.jar:/home/user/.m2/repository/io/netty/netty-codec-http/4.1.30.Final/netty-codec-http-4.1.30.Final.jar:/home/user/.m2/repository/io/netty/netty-codec/4.1.30.Final/netty-codec-4.1.30.Final.jar:/home/user/.m2/repository/io/netty/netty-handler/4.1.30.Final/netty-handler-4.1.30.Final.jar:/home/user/.m2/repository/io/netty/netty-handler-proxy/4.1.30.Final/netty-handler-proxy-4.1.30.Final.jar:/home/user/.m2/repository/io/netty/netty-codec-socks/4.1.30.Final/netty-codec-socks-4.1.30.Final.jar:/home/user/.m2/repository/io/netty/netty-transport-native-epoll/4.1.30.Final/netty-transport-native-epoll-4.1.30.Final.jar:/home/user/.m2/repository/io/netty/netty-common/4.1.30.Final/netty-common-4.1.30.Final.jar:/home/user/.m2/repository/io/netty/netty-buffer/4.1.30.Final/netty-buffer-4.1.30.Final.jar:/home/user/.m2/repository/io/netty/netty-transport/4.1.30.Final/netty-transport-4.1.30.Final.jar:/home/user/.m2/repository/io/netty/netty-resolver/4.1.30.Final/netty-resolver-4.1.30.Final.jar:/home/user/.m2/repository/io/netty/netty-transport-native-unix-common/4.1.30.Final/netty-transport-native-unix-common-4.1.30.Final.jar:/home/user/.m2/repository/io/grpc/grpc-protobuf/1.17.1/grpc-protobuf-1.17.1.jar:/home/user/.m2/repository/com/google/api/grpc/proto-google-common-protos/1.0.0/proto-google-common-protos-1.0.0.jar:/home/user/.m2/repository/io/grpc/grpc-protobuf-lite/1.17.1/grpc-protobuf-lite-1.17.1.jar:/home/user/.m2/repository/io/grpc/grpc-stub/1.17.1/grpc-stub-1.17.1.jar:/home/user/.m2/repository/org/apache/hadoop/hadoop-ozone-recon/0.5.0-SNAPSHOT/hadoop-ozone-recon-0.5.0-SNAPSHOT.jar:/home/user/.m2/repository/org/apache/hadoop/hadoop-ozone-reconcodegen/0.5.0-SNAPSHOT/hadoop-ozone-reconcodegen-0.5.0-SNAPSHOT.jar:/home/user/.m2/repository/com/google/inject/extensions/guice-multibindings/4.0/guice-multibindings-4.0.jar:/home/user/.m2/repository/com/google/inject/guice/4.0/guice-4.0.jar:/home/user/.m2/repository/aopalliance/aopalliance/1.0/aopalliance-1.0.jar:/home/user/.m2/repository/com/google/inject/extensions/guice-servlet/4.0/guice-servlet-4.0.jar:/home/user/.m2/repository/org/glassfish/jersey/containers/jersey-container-servlet/2.27/jersey-container-servlet-2.27.jar:/home/user/.m2/repository/org/glassfish/hk2/guice-bridge/2.5.0/guice-bridge-2.5.0.jar:/home/user/.m2/repository/org/glassfish/jersey/core/jersey-server/2.27/jersey-server-2.27.jar:/home/user/.m2/repository/org/glassfish/jersey/core/jersey-client/2.27/jersey-client-2.27.jar:/home/user/.m2/repository/org/glassfish/jersey/media/jersey-media-jaxb/2.27/jersey-media-jaxb-2.27.jar:/home/user/.m2/repository/javax/validation/validation-api/1.1.0.Final/validation-api-1.1.0.Final.jar:/home/user/.m2/repository/org/glassfish/jersey/media/jersey-media-json-jackson/2.27/jersey-media-json-jackson-2.27.jar:/home/user/.m2/repository/org/glassfish/jersey/ext/jersey-entity-filtering/2.27/jersey-entity-filtering-2.27.jar:/home/user/.m2/repository/com/google/inject/extensions/guice-assistedinject/4.0/guice-assistedinject-4.0.jar:/home/user/.m2/repository/org/jooq/jooq/3.11.10/jooq-3.11.10.jar:/home/user/.m2/repository/org/jooq/jooq-meta/3.11.10/jooq-meta-3.11.10.jar:/home/user/.m2/repository/org/jooq/jooq-codegen/3.11.10/jooq-codegen-3.11.10.jar:/home/user/.m2/repository/com/jolbox/bonecp/0.8.0.RELEASE/bonecp-0.8.0.RELEASE.jar:/home/user/.m2/repository/org/xerial/sqlite-jdbc/3.25.2/sqlite-jdbc-3.25.2.jar:/home/user/.m2/repository/org/springframework/spring-jdbc/5.1.3.RELEASE/spring-jdbc-5.1.3.RELEASE.jar:/home/user/.m2/repository/org/springframework/spring-beans/5.1.3.RELEASE/spring-beans-5.1.3.RELEASE.jar:/home/user/.m2/repository/org/springframework/spring-core/5.1.3.RELEASE/spring-core-5.1.3.RELEASE.jar:/home/user/.m2/repository/org/springframework/spring-jcl/5.1.3.RELEASE/spring-jcl-5.1.3.RELEASE.jar:/home/user/.m2/repository/org/springframework/spring-tx/5.1.3.RELEASE/spring-tx-5.1.3.RELEASE.jar:/home/user/.m2/repository/org/apache/hadoop/hadoop-ozone-client/0.5.0-SNAPSHOT/hadoop-ozone-client-0.5.0-SNAPSHOT.jar:/home/user/.m2/repository/commons-lang/commons-lang/2.6/commons-lang-2.6.jar:/home/user/.m2/repository/org/apache/hadoop/hadoop-ozone-ozone-manager/0.5.0-SNAPSHOT/hadoop-ozone-ozone-manager-0.5.0-SNAPSHOT-tests.jar:/home/user/.m2/repository/junit/junit/4.11/junit-4.11.jar:/home/user/.m2/repository/org/hamcrest/hamcrest-core/1.3/hamcrest-core-1.3.jar:/home/user/.m2/repository/org/openjdk/jmh/jmh-core/1.19/jmh-core-1.19.jar:/home/user/.m2/repository/net/sf/jopt-simple/jopt-simple/4.6/jopt-simple-4.6.jar:/home/user/.m2/repository/org/apache/commons/commons-math3/3.1.1/commons-math3-3.1.1.jar:/home/user/.m2/repository/org/openjdk/jmh/jmh-generator-annprocess/1.19/jmh-generator-annprocess-1.19.jar:/home/user/.m2/repository/org/mockito/mockito-all/1.8.5/mockito-all-1.8.5.jar:/home/user/.m2/repository/org/apache/hadoop/hadoop-kms/3.2.0/hadoop-kms-3.2.0.jar:/home/user/.m2/repository/org/apache/hadoop/hadoop-auth/3.2.0/hadoop-auth-3.2.0.jar:/home/user/.m2/repository/com/nimbusds/nimbus-jose-jwt/4.41.1/nimbus-jose-jwt-4.41.1.jar:/home/user/.m2/repository/com/github/stephenc/jcip/jcip-annotations/1.0-1/jcip-annotations-1.0-1.jar:/home/user/.m2/repository/net/minidev/json-smart/2.3/json-smart-2.3.jar:/home/user/.m2/repository/net/minidev/accessors-smart/1.2/accessors-smart-1.2.jar:/home/user/.m2/repository/org/ow2/asm/asm/5.0.4/asm-5.0.4.jar:/home/user/.m2/repository/org/apache/curator/curator-framework/2.12.0/curator-framework-2.12.0.jar:/home/user/.m2/repository/com/sun/jersey/jersey-core/1.19/jersey-core-1.19.jar:/home/user/.m2/repository/javax/ws/rs/jsr311-api/1.1.1/jsr311-api-1.1.1.jar:/home/user/.m2/repository/com/sun/jersey/jersey-server/1.19/jersey-server-1.19.jar:/home/user/.m2/repository/javax/servlet/javax.servlet-api/3.1.0/javax.servlet-api-3.1.0.jar:/home/user/.m2/repository/org/eclipse/jetty/jetty-server/9.3.24.v20180605/jetty-server-9.3.24.v20180605.jar:/home/user/.m2/repository/org/eclipse/jetty/jetty-http/9.3.24.v20180605/jetty-http-9.3.24.v20180605.jar:/home/user/.m2/repository/org/eclipse/jetty/jetty-io/9.3.24.v20180605/jetty-io-9.3.24.v20180605.jar:/home/user/.m2/repository/org/eclipse/jetty/jetty-webapp/9.3.24.v20180605/jetty-webapp-9.3.24.v20180605.jar:/home/user/.m2/repository/org/eclipse/jetty/jetty-xml/9.3.24.v20180605/jetty-xml-9.3.24.v20180605.jar:/home/user/.m2/repository/log4j/log4j/1.2.17/log4j-1.2.17.jar:/home/user/.m2/repository/org/slf4j/slf4j-api/1.7.25/slf4j-api-1.7.25.jar:/home/user/.m2/repository/org/slf4j/jul-to-slf4j/1.7.25/jul-to-slf4j-1.7.25.jar:/home/user/.m2/repository/org/eclipse/jetty/jetty-util/9.3.24.v20180605/jetty-util-9.3.24.v20180605.jar:/home/user/.m2/repository/com/fasterxml/jackson/core/jackson-databind/2.9.5/jackson-databind-2.9.5.jar:/home/user/.m2/repository/org/apache/hadoop/hadoop-kms/3.2.0/hadoop-kms-3.2.0-tests.jar:/home/user/.m2/repository/org/apache/hadoop/hadoop-hdds-server-scm/0.5.0-SNAPSHOT/hadoop-hdds-server-scm-0.5.0-SNAPSHOT-tests.jar:/home/user/.m2/repository/org/apache/hadoop/hadoop-hdds-container-service/0.5.0-SNAPSHOT/hadoop-hdds-container-service-0.5.0-SNAPSHOT-tests.jar:/home/user/.m2/repository/org/yaml/snakeyaml/1.16/snakeyaml-1.16.jar:/home/user/.m2/repository/org/apache/hadoop/hadoop-common/3.2.0/hadoop-common-3.2.0-tests.jar:/home/user/.m2/repository/org/apache/hadoop/hadoop-annotations/3.2.0/hadoop-annotations-3.2.0.jar:/usr/lib/jvm/java-1.8-openjdk/jre/../lib/tools.jar:/home/user/.m2/repository/commons-cli/commons-cli/1.2/commons-cli-1.2.jar:/home/user/.m2/repository/org/apache/httpcomponents/httpclient/4.5.2/httpclient-4.5.2.jar:/home/user/.m2/repository/org/apache/httpcomponents/httpcore/4.4.4/httpcore-4.4.4.jar:/home/user/.m2/repository/commons-codec/commons-codec/1.11/commons-codec-1.11.jar:/home/user/.m2/repository/commons-net/commons-net/3.6/commons-net-3.6.jar:/home/user/.m2/repository/commons-collections/commons-collections/3.2.2/commons-collections-3.2.2.jar:/home/user/.m2/repository/org/eclipse/jetty/jetty-servlet/9.3.24.v20180605/jetty-servlet-9.3.24.v20180605.jar:/home/user/.m2/repository/org/eclipse/jetty/jetty-security/9.3.24.v20180605/jetty-security-9.3.24.v20180605.jar:/home/user/.m2/repository/javax/servlet/jsp/jsp-api/2.1/jsp-api-2.1.jar:/home/user/.m2/repository/com/sun/jersey/jersey-servlet/1.19/jersey-servlet-1.19.jar:/home/user/.m2/repository/com/sun/jersey/jersey-json/1.19/jersey-json-1.19.jar:/home/user/.m2/repository/org/codehaus/jettison/jettison/1.1/jettison-1.1.jar:/home/user/.m2/repository/org/codehaus/jackson/jackson-core-asl/1.9.13/jackson-core-asl-1.9.13.jar:/home/user/.m2/repository/org/codehaus/jackson/jackson-mapper-asl/1.9.13/jackson-mapper-asl-1.9.13.jar:/home/user/.m2/repository/org/codehaus/jackson/jackson-jaxrs/1.9.13/jackson-jaxrs-1.9.13.jar:/home/user/.m2/repository/org/codehaus/jackson/jackson-xc/1.9.13/jackson-xc-1.9.13.jar:/home/user/.m2/repository/commons-logging/commons-logging/1.1.3/commons-logging-1.1.3.jar:/home/user/.m2/repository/commons-beanutils/commons-beanutils/1.9.3/commons-beanutils-1.9.3.jar:/home/user/.m2/repository/org/apache/commons/commons-configuration2/2.1.1/commons-configuration2-2.1.1.jar:/home/user/.m2/repository/org/apache/commons/commons-lang3/3.7/commons-lang3-3.7.jar:/home/user/.m2/repository/org/apache/commons/commons-text/1.4/commons-text-1.4.jar:/home/user/.m2/repository/org/apache/avro/avro/1.7.7/avro-1.7.7.jar:/home/user/.m2/repository/com/thoughtworks/paranamer/paranamer/2.3/paranamer-2.3.jar:/home/user/.m2/repository/org/xerial/snappy/snappy-java/1.0.5/snappy-java-1.0.5.jar:/home/user/.m2/repository/com/google/re2j/re2j/1.1/re2j-1.1.jar:/home/user/.m2/repository/com/google/code/gson/gson/2.2.4/gson-2.2.4.jar:/home/user/.m2/repository/com/jcraft/jsch/0.1.54/jsch-0.1.54.jar:/home/user/.m2/repository/org/apache/curator/curator-client/2.12.0/curator-client-2.12.0.jar:/home/user/.m2/repository/org/apache/curator/curator-recipes/2.12.0/curator-recipes-2.12.0.jar:/home/user/.m2/repository/com/google/code/findbugs/jsr305/3.0.0/jsr305-3.0.0.jar:/home/user/.m2/repository/org/apache/htrace/htrace-core4/4.1.0-incubating/htrace-core4-4.1.0-incubating.jar:/home/user/.m2/repository/org/apache/zookeeper/zookeeper/3.4.13/zookeeper-3.4.13.jar:/home/user/.m2/repository/org/apache/yetus/audience-annotations/0.5.0/audience-annotations-0.5.0.jar:/home/user/.m2/repository/org/codehaus/woodstox/stax2-api/3.1.4/stax2-api-3.1.4.jar:/home/user/.m2/repository/com/fasterxml/woodstox/woodstox-core/5.0.3/woodstox-core-5.0.3.jar:/home/user/.m2/repository/dnsjava/dnsjava/2.1.7/dnsjava-2.1.7.jar:/home/user/.m2/repository/org/apache/hadoop/hadoop-hdfs/3.2.0/hadoop-hdfs-3.2.0-tests.jar:/home/user/.m2/repository/org/eclipse/jetty/jetty-util-ajax/9.3.24.v20180605/jetty-util-ajax-9.3.24.v20180605.jar:/home/user/.m2/repository/commons-daemon/commons-daemon/1.0.13/commons-daemon-1.0.13.jar:/home/user/.m2/repository/io/netty/netty/3.10.5.Final/netty-3.10.5.Final.jar:/home/user/.m2/repository/io/netty/netty-all/4.0.52.Final/netty-all-4.0.52.Final.jar:/home/user/.m2/repository/org/fusesource/leveldbjni/leveldbjni-all/1.8/leveldbjni-all-1.8.jar:"/>
    <property name="java.vm.vendor" value="IcedTea"/>
    <property name="sun.arch.data.model" value="64"/>
    <property name="test.build.dir" value="/tmp/workdir/hadoop-ozone/integration-test/target/test-dir"/>
    <property name="test.cache.data" value=""/>
    <property name="java.vendor.url" value="https://icedtea.classpath.org"/>
    <property name="user.timezone" value=""/>
    <property name="java.vm.specification.version" value="1.8"/>
    <property name="os.name" value="Linux"/>
    <property name="test.build.data" value="/tmp/workdir/hadoop-ozone/integration-test/target/test-dir"/>
    <property name="user.country" value="US"/>
    <property name="sun.java.launcher" value="SUN_STANDARD"/>
    <property name="sun.boot.library.path" value="/usr/lib/jvm/java-1.8-openjdk/jre/lib/amd64"/>
    <property name="sun.java.command" value="/tmp/workdir/hadoop-ozone/integration-test/target/surefire/surefirebooter5744815541203971888.jar /tmp/workdir/hadoop-ozone/integration-test/target/surefire 2019-07-13T12-10-24_472-jvmRun1 surefire8158532640395891569tmp surefire_418611581214429801755tmp"/>
    <property name="surefire.test.class.path" value="/tmp/workdir/hadoop-ozone/integration-test/target/test-classes:/tmp/workdir/hadoop-ozone/integration-test/target/classes:/home/user/.m2/repository/org/apache/hadoop/hadoop-ozone-common/0.5.0-SNAPSHOT/hadoop-ozone-common-0.5.0-SNAPSHOT.jar:/home/user/.m2/repository/org/apache/commons/commons-compress/1.4.1/commons-compress-1.4.1.jar:/home/user/.m2/repository/org/tukaani/xz/1.0/xz-1.0.jar:/home/user/.m2/repository/org/apache/hadoop/hadoop-common/3.2.0/hadoop-common-3.2.0.jar:/home/user/.m2/repository/org/apache/hadoop/hadoop-hdfs/3.2.0/hadoop-hdfs-3.2.0.jar:/home/user/.m2/repository/org/apache/hadoop/hadoop-hdfs-client/3.2.0/hadoop-hdfs-client-3.2.0.jar:/home/user/.m2/repository/com/fasterxml/jackson/core/jackson-annotations/2.9.5/jackson-annotations-2.9.5.jar:/home/user/.m2/repository/org/apache/hadoop/hadoop-hdds-common/0.5.0-SNAPSHOT/hadoop-hdds-common-0.5.0-SNAPSHOT.jar:/home/user/.m2/repository/javax/annotation/javax.annotation-api/1.2/javax.annotation-api-1.2.jar:/home/user/.m2/repository/org/apache/ratis/ratis-server/0.4.0-2337318-SNAPSHOT/ratis-server-0.4.0-2337318-SNAPSHOT.jar:/home/user/.m2/repository/org/apache/ratis/ratis-thirdparty-misc/0.2.0/ratis-thirdparty-misc-0.2.0.jar:/home/user/.m2/repository/org/apache/ratis/ratis-proto/0.4.0-2337318-SNAPSHOT/ratis-proto-0.4.0-2337318-SNAPSHOT.jar:/home/user/.m2/repository/org/apache/ratis/ratis-common/0.4.0-2337318-SNAPSHOT/ratis-common-0.4.0-2337318-SNAPSHOT.jar:/home/user/.m2/repository/org/apache/ratis/ratis-client/0.4.0-2337318-SNAPSHOT/ratis-client-0.4.0-2337318-SNAPSHOT.jar:/home/user/.m2/repository/org/apache/ratis/ratis-metrics/0.4.0-2337318-SNAPSHOT/ratis-metrics-0.4.0-2337318-SNAPSHOT.jar:/home/user/.m2/repository/org/apache/ratis/ratis-netty/0.4.0-2337318-SNAPSHOT/ratis-netty-0.4.0-2337318-SNAPSHOT.jar:/home/user/.m2/repository/org/apache/ratis/ratis-grpc/0.4.0-2337318-SNAPSHOT/ratis-grpc-0.4.0-2337318-SNAPSHOT.jar:/home/user/.m2/repository/org/rocksdb/rocksdbjni/6.0.1/rocksdbjni-6.0.1.jar:/home/user/.m2/repository/org/apache/logging/log4j/log4j-api/2.11.0/log4j-api-2.11.0.jar:/home/user/.m2/repository/org/apache/logging/log4j/log4j-core/2.11.0/log4j-core-2.11.0.jar:/home/user/.m2/repository/com/lmax/disruptor/3.4.2/disruptor-3.4.2.jar:/home/user/.m2/repository/org/apache/commons/commons-pool2/2.6.0/commons-pool2-2.6.0.jar:/home/user/.m2/repository/org/bouncycastle/bcpkix-jdk15on/1.60/bcpkix-jdk15on-1.60.jar:/home/user/.m2/repository/commons-validator/commons-validator/1.6/commons-validator-1.6.jar:/home/user/.m2/repository/commons-digester/commons-digester/1.8.1/commons-digester-1.8.1.jar:/home/user/.m2/repository/io/jaegertracing/jaeger-client/0.33.1/jaeger-client-0.33.1.jar:/home/user/.m2/repository/io/jaegertracing/jaeger-thrift/0.33.1/jaeger-thrift-0.33.1.jar:/home/user/.m2/repository/org/apache/thrift/libthrift/0.11.0/libthrift-0.11.0.jar:/home/user/.m2/repository/com/squareup/okhttp3/okhttp/3.9.0/okhttp-3.9.0.jar:/home/user/.m2/repository/com/squareup/okio/okio/1.13.0/okio-1.13.0.jar:/home/user/.m2/repository/io/jaegertracing/jaeger-core/0.33.1/jaeger-core-0.33.1.jar:/home/user/.m2/repository/io/jaegertracing/jaeger-tracerresolver/0.33.1/jaeger-tracerresolver-0.33.1.jar:/home/user/.m2/repository/io/opentracing/contrib/opentracing-tracerresolver/0.1.5/opentracing-tracerresolver-0.1.5.jar:/home/user/.m2/repository/io/opentracing/opentracing-util/0.31.0/opentracing-util-0.31.0.jar:/home/user/.m2/repository/io/opentracing/opentracing-api/0.31.0/opentracing-api-0.31.0.jar:/home/user/.m2/repository/io/opentracing/opentracing-noop/0.31.0/opentracing-noop-0.31.0.jar:/home/user/.m2/repository/org/apache/hadoop/hadoop-hdds-server-framework/0.5.0-SNAPSHOT/hadoop-hdds-server-framework-0.5.0-SNAPSHOT.jar:/home/user/.m2/repository/org/apache/hadoop/hadoop-hdds-container-service/0.5.0-SNAPSHOT/hadoop-hdds-container-service-0.5.0-SNAPSHOT.jar:/home/user/.m2/repository/org/apache/hadoop/hadoop-hdds-client/0.5.0-SNAPSHOT/hadoop-hdds-client-0.5.0-SNAPSHOT.jar:/home/user/.m2/repository/org/apache/hadoop/hadoop-hdds-tools/0.5.0-SNAPSHOT/hadoop-hdds-tools-0.5.0-SNAPSHOT.jar:/home/user/.m2/repository/org/apache/hadoop/hadoop-hdds-server-scm/0.5.0-SNAPSHOT/hadoop-hdds-server-scm-0.5.0-SNAPSHOT.jar:/home/user/.m2/repository/org/apache/hadoop/hadoop-hdds-docs/0.5.0-SNAPSHOT/hadoop-hdds-docs-0.5.0-SNAPSHOT.jar:/home/user/.m2/repository/io/dropwizard/metrics/metrics-core/3.2.4/metrics-core-3.2.4.jar:/home/user/.m2/repository/org/hamcrest/hamcrest-all/1.3/hamcrest-all-1.3.jar:/home/user/.m2/repository/org/bouncycastle/bcprov-jdk15on/1.60/bcprov-jdk15on-1.60.jar:/home/user/.m2/repository/info/picocli/picocli/3.9.6/picocli-3.9.6.jar:/home/user/.m2/repository/com/google/protobuf/protobuf-java/2.5.0/protobuf-java-2.5.0.jar:/home/user/.m2/repository/com/google/guava/guava/11.0.2/guava-11.0.2.jar:/home/user/.m2/repository/org/apache/hadoop/hadoop-ozone-ozone-manager/0.5.0-SNAPSHOT/hadoop-ozone-ozone-manager-0.5.0-SNAPSHOT.jar:/home/user/.m2/repository/org/apache/hadoop/hadoop-minikdc/3.2.0/hadoop-minikdc-3.2.0.jar:/home/user/.m2/repository/commons-io/commons-io/2.5/commons-io-2.5.jar:/home/user/.m2/repository/org/apache/kerby/kerb-simplekdc/1.0.1/kerb-simplekdc-1.0.1.jar:/home/user/.m2/repository/org/apache/kerby/kerb-client/1.0.1/kerb-client-1.0.1.jar:/home/user/.m2/repository/org/apache/kerby/kerby-config/1.0.1/kerby-config-1.0.1.jar:/home/user/.m2/repository/org/apache/kerby/kerb-core/1.0.1/kerb-core-1.0.1.jar:/home/user/.m2/repository/org/apache/kerby/kerby-pkix/1.0.1/kerby-pkix-1.0.1.jar:/home/user/.m2/repository/org/apache/kerby/kerby-asn1/1.0.1/kerby-asn1-1.0.1.jar:/home/user/.m2/repository/org/apache/kerby/kerby-util/1.0.1/kerby-util-1.0.1.jar:/home/user/.m2/repository/org/apache/kerby/kerb-common/1.0.1/kerb-common-1.0.1.jar:/home/user/.m2/repository/org/apache/kerby/kerb-crypto/1.0.1/kerb-crypto-1.0.1.jar:/home/user/.m2/repository/org/apache/kerby/kerb-util/1.0.1/kerb-util-1.0.1.jar:/home/user/.m2/repository/org/apache/kerby/token-provider/1.0.1/token-provider-1.0.1.jar:/home/user/.m2/repository/org/apache/kerby/kerb-admin/1.0.1/kerb-admin-1.0.1.jar:/home/user/.m2/repository/org/apache/kerby/kerb-server/1.0.1/kerb-server-1.0.1.jar:/home/user/.m2/repository/org/apache/kerby/kerb-identity/1.0.1/kerb-identity-1.0.1.jar:/home/user/.m2/repository/org/apache/kerby/kerby-xdr/1.0.1/kerby-xdr-1.0.1.jar:/home/user/.m2/repository/org/slf4j/slf4j-log4j12/1.7.25/slf4j-log4j12-1.7.25.jar:/home/user/.m2/repository/org/apache/hadoop/hadoop-ozone-objectstore-service/0.5.0-SNAPSHOT/hadoop-ozone-objectstore-service-0.5.0-SNAPSHOT.jar:/home/user/.m2/repository/org/apache/hadoop/hadoop-ozone-s3gateway/0.5.0-SNAPSHOT/hadoop-ozone-s3gateway-0.5.0-SNAPSHOT.jar:/home/user/.m2/repository/org/jboss/weld/servlet/weld-servlet/2.4.7.Final/weld-servlet-2.4.7.Final.jar:/home/user/.m2/repository/org/glassfish/jersey/containers/jersey-container-servlet-core/2.27/jersey-container-servlet-core-2.27.jar:/home/user/.m2/repository/org/glassfish/hk2/external/javax.inject/2.5.0-b42/javax.inject-2.5.0-b42.jar:/home/user/.m2/repository/org/glassfish/jersey/core/jersey-common/2.27/jersey-common-2.27.jar:/home/user/.m2/repository/org/glassfish/hk2/osgi-resource-locator/1.0.1/osgi-resource-locator-1.0.1.jar:/home/user/.m2/repository/javax/ws/rs/javax.ws.rs-api/2.1/javax.ws.rs-api-2.1.jar:/home/user/.m2/repository/org/glassfish/jersey/ext/cdi/jersey-cdi1x/2.27/jersey-cdi1x-2.27.jar:/home/user/.m2/repository/org/glassfish/jersey/inject/jersey-hk2/2.27/jersey-hk2-2.27.jar:/home/user/.m2/repository/org/glassfish/hk2/hk2-locator/2.5.0-b42/hk2-locator-2.5.0-b42.jar:/home/user/.m2/repository/org/javassist/javassist/3.22.0-CR2/javassist-3.22.0-CR2.jar:/home/user/.m2/repository/org/glassfish/hk2/hk2-api/2.5.0/hk2-api-2.5.0.jar:/home/user/.m2/repository/org/glassfish/hk2/external/jakarta.inject/2.5.0/jakarta.inject-2.5.0.jar:/home/user/.m2/repository/org/glassfish/hk2/hk2-utils/2.5.0/hk2-utils-2.5.0.jar:/home/user/.m2/repository/jakarta/annotation/jakarta.annotation-api/1.3.4/jakarta.annotation-api-1.3.4.jar:/home/user/.m2/repository/org/glassfish/hk2/external/aopalliance-repackaged/2.5.0/aopalliance-repackaged-2.5.0.jar:/home/user/.m2/repository/com/fasterxml/jackson/dataformat/jackson-dataformat-xml/2.9.0/jackson-dataformat-xml-2.9.0.jar:/home/user/.m2/repository/com/fasterxml/jackson/core/jackson-core/2.9.5/jackson-core-2.9.5.jar:/home/user/.m2/repository/com/fasterxml/jackson/module/jackson-module-jaxb-annotations/2.9.5/jackson-module-jaxb-annotations-2.9.5.jar:/home/user/.m2/repository/javax/enterprise/cdi-api/1.2/cdi-api-1.2.jar:/home/user/.m2/repository/javax/el/javax.el-api/3.0.0/javax.el-api-3.0.0.jar:/home/user/.m2/repository/javax/interceptor/javax.interceptor-api/1.2/javax.interceptor-api-1.2.jar:/home/user/.m2/repository/javax/inject/javax.inject/1/javax.inject-1.jar:/home/user/.m2/repository/com/sun/xml/bind/jaxb-impl/2.3.0.1/jaxb-impl-2.3.0.1.jar:/home/user/.m2/repository/com/sun/xml/bind/jaxb-core/2.3.0.1/jaxb-core-2.3.0.1.jar:/home/user/.m2/repository/javax/xml/bind/jaxb-api/2.3.0/jaxb-api-2.3.0.jar:/home/user/.m2/repository/javax/activation/activation/1.1.1/activation-1.1.1.jar:/home/user/.m2/repository/org/apache/hadoop/hadoop-ozone-csi/0.5.0-SNAPSHOT/hadoop-ozone-csi-0.5.0-SNAPSHOT.jar:/home/user/.m2/repository/com/google/protobuf/protobuf-java-util/3.5.1/protobuf-java-util-3.5.1.jar:/home/user/.m2/repository/org/apache/hadoop/hadoop-hdds-config/0.5.0-SNAPSHOT/hadoop-hdds-config-0.5.0-SNAPSHOT.jar:/home/user/.m2/repository/io/grpc/grpc-netty/1.17.1/grpc-netty-1.17.1.jar:/home/user/.m2/repository/io/grpc/grpc-core/1.17.1/grpc-core-1.17.1.jar:/home/user/.m2/repository/io/grpc/grpc-context/1.17.1/grpc-context-1.17.1.jar:/home/user/.m2/repository/com/google/errorprone/error_prone_annotations/2.2.0/error_prone_annotations-2.2.0.jar:/home/user/.m2/repository/org/codehaus/mojo/animal-sniffer-annotations/1.17/animal-sniffer-annotations-1.17.jar:/home/user/.m2/repository/io/opencensus/opencensus-api/0.17.0/opencensus-api-0.17.0.jar:/home/user/.m2/repository/io/opencensus/opencensus-contrib-grpc-metrics/0.17.0/opencensus-contrib-grpc-metrics-0.17.0.jar:/home/user/.m2/repository/io/netty/netty-codec-http2/4.1.30.Final/netty-codec-http2-4.1.30.Final.jar:/home/user/.m2/repository/io/netty/netty-codec-http/4.1.30.Final/netty-codec-http-4.1.30.Final.jar:/home/user/.m2/repository/io/netty/netty-codec/4.1.30.Final/netty-codec-4.1.30.Final.jar:/home/user/.m2/repository/io/netty/netty-handler/4.1.30.Final/netty-handler-4.1.30.Final.jar:/home/user/.m2/repository/io/netty/netty-handler-proxy/4.1.30.Final/netty-handler-proxy-4.1.30.Final.jar:/home/user/.m2/repository/io/netty/netty-codec-socks/4.1.30.Final/netty-codec-socks-4.1.30.Final.jar:/home/user/.m2/repository/io/netty/netty-transport-native-epoll/4.1.30.Final/netty-transport-native-epoll-4.1.30.Final.jar:/home/user/.m2/repository/io/netty/netty-common/4.1.30.Final/netty-common-4.1.30.Final.jar:/home/user/.m2/repository/io/netty/netty-buffer/4.1.30.Final/netty-buffer-4.1.30.Final.jar:/home/user/.m2/repository/io/netty/netty-transport/4.1.30.Final/netty-transport-4.1.30.Final.jar:/home/user/.m2/repository/io/netty/netty-resolver/4.1.30.Final/netty-resolver-4.1.30.Final.jar:/home/user/.m2/repository/io/netty/netty-transport-native-unix-common/4.1.30.Final/netty-transport-native-unix-common-4.1.30.Final.jar:/home/user/.m2/repository/io/grpc/grpc-protobuf/1.17.1/grpc-protobuf-1.17.1.jar:/home/user/.m2/repository/com/google/api/grpc/proto-google-common-protos/1.0.0/proto-google-common-protos-1.0.0.jar:/home/user/.m2/repository/io/grpc/grpc-protobuf-lite/1.17.1/grpc-protobuf-lite-1.17.1.jar:/home/user/.m2/repository/io/grpc/grpc-stub/1.17.1/grpc-stub-1.17.1.jar:/home/user/.m2/repository/org/apache/hadoop/hadoop-ozone-recon/0.5.0-SNAPSHOT/hadoop-ozone-recon-0.5.0-SNAPSHOT.jar:/home/user/.m2/repository/org/apache/hadoop/hadoop-ozone-reconcodegen/0.5.0-SNAPSHOT/hadoop-ozone-reconcodegen-0.5.0-SNAPSHOT.jar:/home/user/.m2/repository/com/google/inject/extensions/guice-multibindings/4.0/guice-multibindings-4.0.jar:/home/user/.m2/repository/com/google/inject/guice/4.0/guice-4.0.jar:/home/user/.m2/repository/aopalliance/aopalliance/1.0/aopalliance-1.0.jar:/home/user/.m2/repository/com/google/inject/extensions/guice-servlet/4.0/guice-servlet-4.0.jar:/home/user/.m2/repository/org/glassfish/jersey/containers/jersey-container-servlet/2.27/jersey-container-servlet-2.27.jar:/home/user/.m2/repository/org/glassfish/hk2/guice-bridge/2.5.0/guice-bridge-2.5.0.jar:/home/user/.m2/repository/org/glassfish/jersey/core/jersey-server/2.27/jersey-server-2.27.jar:/home/user/.m2/repository/org/glassfish/jersey/core/jersey-client/2.27/jersey-client-2.27.jar:/home/user/.m2/repository/org/glassfish/jersey/media/jersey-media-jaxb/2.27/jersey-media-jaxb-2.27.jar:/home/user/.m2/repository/javax/validation/validation-api/1.1.0.Final/validation-api-1.1.0.Final.jar:/home/user/.m2/repository/org/glassfish/jersey/media/jersey-media-json-jackson/2.27/jersey-media-json-jackson-2.27.jar:/home/user/.m2/repository/org/glassfish/jersey/ext/jersey-entity-filtering/2.27/jersey-entity-filtering-2.27.jar:/home/user/.m2/repository/com/google/inject/extensions/guice-assistedinject/4.0/guice-assistedinject-4.0.jar:/home/user/.m2/repository/org/jooq/jooq/3.11.10/jooq-3.11.10.jar:/home/user/.m2/repository/org/jooq/jooq-meta/3.11.10/jooq-meta-3.11.10.jar:/home/user/.m2/repository/org/jooq/jooq-codegen/3.11.10/jooq-codegen-3.11.10.jar:/home/user/.m2/repository/com/jolbox/bonecp/0.8.0.RELEASE/bonecp-0.8.0.RELEASE.jar:/home/user/.m2/repository/org/xerial/sqlite-jdbc/3.25.2/sqlite-jdbc-3.25.2.jar:/home/user/.m2/repository/org/springframework/spring-jdbc/5.1.3.RELEASE/spring-jdbc-5.1.3.RELEASE.jar:/home/user/.m2/repository/org/springframework/spring-beans/5.1.3.RELEASE/spring-beans-5.1.3.RELEASE.jar:/home/user/.m2/repository/org/springframework/spring-core/5.1.3.RELEASE/spring-core-5.1.3.RELEASE.jar:/home/user/.m2/repository/org/springframework/spring-jcl/5.1.3.RELEASE/spring-jcl-5.1.3.RELEASE.jar:/home/user/.m2/repository/org/springframework/spring-tx/5.1.3.RELEASE/spring-tx-5.1.3.RELEASE.jar:/home/user/.m2/repository/org/apache/hadoop/hadoop-ozone-client/0.5.0-SNAPSHOT/hadoop-ozone-client-0.5.0-SNAPSHOT.jar:/home/user/.m2/repository/commons-lang/commons-lang/2.6/commons-lang-2.6.jar:/home/user/.m2/repository/org/apache/hadoop/hadoop-ozone-ozone-manager/0.5.0-SNAPSHOT/hadoop-ozone-ozone-manager-0.5.0-SNAPSHOT-tests.jar:/home/user/.m2/repository/junit/junit/4.11/junit-4.11.jar:/home/user/.m2/repository/org/hamcrest/hamcrest-core/1.3/hamcrest-core-1.3.jar:/home/user/.m2/repository/org/openjdk/jmh/jmh-core/1.19/jmh-core-1.19.jar:/home/user/.m2/repository/net/sf/jopt-simple/jopt-simple/4.6/jopt-simple-4.6.jar:/home/user/.m2/repository/org/apache/commons/commons-math3/3.1.1/commons-math3-3.1.1.jar:/home/user/.m2/repository/org/openjdk/jmh/jmh-generator-annprocess/1.19/jmh-generator-annprocess-1.19.jar:/home/user/.m2/repository/org/mockito/mockito-all/1.8.5/mockito-all-1.8.5.jar:/home/user/.m2/repository/org/apache/hadoop/hadoop-kms/3.2.0/hadoop-kms-3.2.0.jar:/home/user/.m2/repository/org/apache/hadoop/hadoop-auth/3.2.0/hadoop-auth-3.2.0.jar:/home/user/.m2/repository/com/nimbusds/nimbus-jose-jwt/4.41.1/nimbus-jose-jwt-4.41.1.jar:/home/user/.m2/repository/com/github/stephenc/jcip/jcip-annotations/1.0-1/jcip-annotations-1.0-1.jar:/home/user/.m2/repository/net/minidev/json-smart/2.3/json-smart-2.3.jar:/home/user/.m2/repository/net/minidev/accessors-smart/1.2/accessors-smart-1.2.jar:/home/user/.m2/repository/org/ow2/asm/asm/5.0.4/asm-5.0.4.jar:/home/user/.m2/repository/org/apache/curator/curator-framework/2.12.0/curator-framework-2.12.0.jar:/home/user/.m2/repository/com/sun/jersey/jersey-core/1.19/jersey-core-1.19.jar:/home/user/.m2/repository/javax/ws/rs/jsr311-api/1.1.1/jsr311-api-1.1.1.jar:/home/user/.m2/repository/com/sun/jersey/jersey-server/1.19/jersey-server-1.19.jar:/home/user/.m2/repository/javax/servlet/javax.servlet-api/3.1.0/javax.servlet-api-3.1.0.jar:/home/user/.m2/repository/org/eclipse/jetty/jetty-server/9.3.24.v20180605/jetty-server-9.3.24.v20180605.jar:/home/user/.m2/repository/org/eclipse/jetty/jetty-http/9.3.24.v20180605/jetty-http-9.3.24.v20180605.jar:/home/user/.m2/repository/org/eclipse/jetty/jetty-io/9.3.24.v20180605/jetty-io-9.3.24.v20180605.jar:/home/user/.m2/repository/org/eclipse/jetty/jetty-webapp/9.3.24.v20180605/jetty-webapp-9.3.24.v20180605.jar:/home/user/.m2/repository/org/eclipse/jetty/jetty-xml/9.3.24.v20180605/jetty-xml-9.3.24.v20180605.jar:/home/user/.m2/repository/log4j/log4j/1.2.17/log4j-1.2.17.jar:/home/user/.m2/repository/org/slf4j/slf4j-api/1.7.25/slf4j-api-1.7.25.jar:/home/user/.m2/repository/org/slf4j/jul-to-slf4j/1.7.25/jul-to-slf4j-1.7.25.jar:/home/user/.m2/repository/org/eclipse/jetty/jetty-util/9.3.24.v20180605/jetty-util-9.3.24.v20180605.jar:/home/user/.m2/repository/com/fasterxml/jackson/core/jackson-databind/2.9.5/jackson-databind-2.9.5.jar:/home/user/.m2/repository/org/apache/hadoop/hadoop-kms/3.2.0/hadoop-kms-3.2.0-tests.jar:/home/user/.m2/repository/org/apache/hadoop/hadoop-hdds-server-scm/0.5.0-SNAPSHOT/hadoop-hdds-server-scm-0.5.0-SNAPSHOT-tests.jar:/home/user/.m2/repository/org/apache/hadoop/hadoop-hdds-container-service/0.5.0-SNAPSHOT/hadoop-hdds-container-service-0.5.0-SNAPSHOT-tests.jar:/home/user/.m2/repository/org/yaml/snakeyaml/1.16/snakeyaml-1.16.jar:/home/user/.m2/repository/org/apache/hadoop/hadoop-common/3.2.0/hadoop-common-3.2.0-tests.jar:/home/user/.m2/repository/org/apache/hadoop/hadoop-annotations/3.2.0/hadoop-annotations-3.2.0.jar:/usr/lib/jvm/java-1.8-openjdk/jre/../lib/tools.jar:/home/user/.m2/repository/commons-cli/commons-cli/1.2/commons-cli-1.2.jar:/home/user/.m2/repository/org/apache/httpcomponents/httpclient/4.5.2/httpclient-4.5.2.jar:/home/user/.m2/repository/org/apache/httpcomponents/httpcore/4.4.4/httpcore-4.4.4.jar:/home/user/.m2/repository/commons-codec/commons-codec/1.11/commons-codec-1.11.jar:/home/user/.m2/repository/commons-net/commons-net/3.6/commons-net-3.6.jar:/home/user/.m2/repository/commons-collections/commons-collections/3.2.2/commons-collections-3.2.2.jar:/home/user/.m2/repository/org/eclipse/jetty/jetty-servlet/9.3.24.v20180605/jetty-servlet-9.3.24.v20180605.jar:/home/user/.m2/repository/org/eclipse/jetty/jetty-security/9.3.24.v20180605/jetty-security-9.3.24.v20180605.jar:/home/user/.m2/repository/javax/servlet/jsp/jsp-api/2.1/jsp-api-2.1.jar:/home/user/.m2/repository/com/sun/jersey/jersey-servlet/1.19/jersey-servlet-1.19.jar:/home/user/.m2/repository/com/sun/jersey/jersey-json/1.19/jersey-json-1.19.jar:/home/user/.m2/repository/org/codehaus/jettison/jettison/1.1/jettison-1.1.jar:/home/user/.m2/repository/org/codehaus/jackson/jackson-core-asl/1.9.13/jackson-core-asl-1.9.13.jar:/home/user/.m2/repository/org/codehaus/jackson/jackson-mapper-asl/1.9.13/jackson-mapper-asl-1.9.13.jar:/home/user/.m2/repository/org/codehaus/jackson/jackson-jaxrs/1.9.13/jackson-jaxrs-1.9.13.jar:/home/user/.m2/repository/org/codehaus/jackson/jackson-xc/1.9.13/jackson-xc-1.9.13.jar:/home/user/.m2/repository/commons-logging/commons-logging/1.1.3/commons-logging-1.1.3.jar:/home/user/.m2/repository/commons-beanutils/commons-beanutils/1.9.3/commons-beanutils-1.9.3.jar:/home/user/.m2/repository/org/apache/commons/commons-configuration2/2.1.1/commons-configuration2-2.1.1.jar:/home/user/.m2/repository/org/apache/commons/commons-lang3/3.7/commons-lang3-3.7.jar:/home/user/.m2/repository/org/apache/commons/commons-text/1.4/commons-text-1.4.jar:/home/user/.m2/repository/org/apache/avro/avro/1.7.7/avro-1.7.7.jar:/home/user/.m2/repository/com/thoughtworks/paranamer/paranamer/2.3/paranamer-2.3.jar:/home/user/.m2/repository/org/xerial/snappy/snappy-java/1.0.5/snappy-java-1.0.5.jar:/home/user/.m2/repository/com/google/re2j/re2j/1.1/re2j-1.1.jar:/home/user/.m2/repository/com/google/code/gson/gson/2.2.4/gson-2.2.4.jar:/home/user/.m2/repository/com/jcraft/jsch/0.1.54/jsch-0.1.54.jar:/home/user/.m2/repository/org/apache/curator/curator-client/2.12.0/curator-client-2.12.0.jar:/home/user/.m2/repository/org/apache/curator/curator-recipes/2.12.0/curator-recipes-2.12.0.jar:/home/user/.m2/repository/com/google/code/findbugs/jsr305/3.0.0/jsr305-3.0.0.jar:/home/user/.m2/repository/org/apache/htrace/htrace-core4/4.1.0-incubating/htrace-core4-4.1.0-incubating.jar:/home/user/.m2/repository/org/apache/zookeeper/zookeeper/3.4.13/zookeeper-3.4.13.jar:/home/user/.m2/repository/org/apache/yetus/audience-annotations/0.5.0/audience-annotations-0.5.0.jar:/home/user/.m2/repository/org/codehaus/woodstox/stax2-api/3.1.4/stax2-api-3.1.4.jar:/home/user/.m2/repository/com/fasterxml/woodstox/woodstox-core/5.0.3/woodstox-core-5.0.3.jar:/home/user/.m2/repository/dnsjava/dnsjava/2.1.7/dnsjava-2.1.7.jar:/home/user/.m2/repository/org/apache/hadoop/hadoop-hdfs/3.2.0/hadoop-hdfs-3.2.0-tests.jar:/home/user/.m2/repository/org/eclipse/jetty/jetty-util-ajax/9.3.24.v20180605/jetty-util-ajax-9.3.24.v20180605.jar:/home/user/.m2/repository/commons-daemon/commons-daemon/1.0.13/commons-daemon-1.0.13.jar:/home/user/.m2/repository/io/netty/netty/3.10.5.Final/netty-3.10.5.Final.jar:/home/user/.m2/repository/io/netty/netty-all/4.0.52.Final/netty-all-4.0.52.Final.jar:/home/user/.m2/repository/org/fusesource/leveldbjni/leveldbjni-all/1.8/leveldbjni-all-1.8.jar:"/>
    <property name="sun.cpu.endian" value="little"/>
    <property name="user.home" value="/home/user"/>
    <property name="user.language" value="en"/>
    <property name="java.specification.vendor" value="Oracle Corporation"/>
    <property name="java.home" value="/usr/lib/jvm/java-1.8-openjdk/jre"/>
    <property name="java.security.krb5.conf" value="/tmp/workdir/hadoop-ozone/integration-test/target/test-classes/krb5.conf"/>
    <property name="basedir" value="/tmp/workdir/hadoop-ozone/integration-test"/>
    <property name="file.separator" value="/"/>
    <property name="line.separator" value="&#10;"/>
    <property name="java.vm.specification.vendor" value="Oracle Corporation"/>
    <property name="java.specification.name" value="Java Platform API Specification"/>
    <property name="java.awt.graphicsenv" value="sun.awt.X11GraphicsEnvironment"/>
    <property name="surefire.real.class.path" value="/tmp/workdir/hadoop-ozone/integration-test/target/surefire/surefirebooter5744815541203971888.jar"/>
    <property name="hadoop.log.dir" value="/tmp/workdir/hadoop-ozone/integration-test/target/log"/>
    <property name="sun.boot.class.path" value="/usr/lib/jvm/java-1.8-openjdk/jre/lib/resources.jar:/usr/lib/jvm/java-1.8-openjdk/jre/lib/rt.jar:/usr/lib/jvm/java-1.8-openjdk/jre/lib/sunrsasign.jar:/usr/lib/jvm/java-1.8-openjdk/jre/lib/jsse.jar:/usr/lib/jvm/java-1.8-openjdk/jre/lib/jce.jar:/usr/lib/jvm/java-1.8-openjdk/jre/lib/charsets.jar:/usr/lib/jvm/java-1.8-openjdk/jre/lib/jfr.jar:/usr/lib/jvm/java-1.8-openjdk/jre/classes"/>
    <property name="sun.management.compiler" value="HotSpot 64-Bit Tiered Compilers"/>
    <property name="java.runtime.version" value="1.8.0_212-b04"/>
    <property name="java.net.preferIPv4Stack" value="true"/>
    <property name="user.name" value="jenkins1000"/>
    <property name="path.separator" value=":"/>
    <property name="java.security.egd" value="file:///dev/urandom"/>
    <property name="os.version" value="3.10.0-957.12.2.el7.x86_64"/>
    <property name="java.endorsed.dirs" value="/usr/lib/jvm/java-1.8-openjdk/jre/lib/endorsed"/>
    <property name="java.runtime.name" value="OpenJDK Runtime Environment"/>
    <property name="file.encoding" value="UTF-8"/>
    <property name="java.vm.name" value="OpenJDK 64-Bit Server VM"/>
    <property name="test.build.webapps" value=""/>
    <property name="localRepository" value="/home/user/.m2/repository"/>
    <property name="java.vendor.url.bug" value="https://icedtea.classpath.org/bugzilla"/>
    <property name="java.io.tmpdir" value="/tmp"/>
    <property name="require.test.libhadoop" value=""/>
    <property name="java.version" value="1.8.0_212"/>
    <property name="user.dir" value="/tmp/workdir/hadoop-ozone/integration-test"/>
    <property name="os.arch" value="amd64"/>
    <property name="java.vm.specification.name" value="Java Virtual Machine Specification"/>
    <property name="test.build.classes" value="/tmp/workdir/hadoop-ozone/integration-test/target/test-classes"/>
    <property name="java.awt.printerjob" value="sun.print.PSPrinterJob"/>
    <property name="sun.os.patch.level" value="unknown"/>
    <property name="hadoop.tmp.dir" value="/tmp/workdir/hadoop-ozone/integration-test/target/tmp"/>
    <property name="java.library.path" value="/usr/lib/jvm/java-1.8-openjdk/jre/lib/amd64/server:/usr/lib/jvm/java-1.8-openjdk/jre/lib/amd64:/usr/lib/jvm/java-1.8-openjdk/jre/../lib/amd64:/tmp/workdir/hadoop-ozone/integration-test/target/native/target/usr/local/lib:/tmp/workdir/hadoop-ozone/integration-test/../../hadoop-common-project/hadoop-common/target/native/target/usr/local/lib:/usr/java/packages/lib/amd64:/usr/lib64:/lib64:/lib:/usr/lib"/>
    <property name="java.vm.info" value="mixed mode"/>
    <property name="java.vendor" value="IcedTea"/>
    <property name="java.vm.version" value="25.212-b04"/>
    <property name="java.ext.dirs" value="/usr/lib/jvm/java-1.8-openjdk/jre/lib/ext:/usr/java/packages/lib/ext"/>
    <property name="sun.io.unicode.encoding" value="UnicodeLittle"/>
    <property name="java.class.version" value="52.0"/>
  </properties>
  <testcase name="testGroupMismatchExceptionHandling" classname="org.apache.hadoop.ozone.client.rpc.TestOzoneClientRetriesOnException" time="39.19">
    <error type="java.lang.IllegalArgumentException">java.lang.IllegalArgumentException
	at com.google.common.base.Preconditions.checkArgument(Preconditions.java:72)
	at org.apache.hadoop.hdds.scm.XceiverClientManager.acquireClient(XceiverClientManager.java:150)
	at org.apache.hadoop.hdds.scm.XceiverClientManager.acquireClientForReadData(XceiverClientManager.java:143)
	at org.apache.hadoop.hdds.scm.storage.BlockInputStream.getChunkInfos(BlockInputStream.java:154)
	at org.apache.hadoop.hdds.scm.storage.BlockInputStream.initialize(BlockInputStream.java:118)
	at org.apache.hadoop.hdds.scm.storage.BlockInputStream.read(BlockInputStream.java:222)
	at org.apache.hadoop.ozone.client.io.KeyInputStream.read(KeyInputStream.java:171)
	at org.apache.hadoop.ozone.client.io.OzoneInputStream.read(OzoneInputStream.java:47)
	at java.io.InputStream.read(InputStream.java:101)
	at org.apache.hadoop.ozone.container.ContainerTestHelper.validateData(ContainerTestHelper.java:709)
	at org.apache.hadoop.ozone.client.rpc.TestOzoneClientRetriesOnException.validateData(TestOzoneClientRetriesOnException.java:231)
	at org.apache.hadoop.ozone.client.rpc.TestOzoneClientRetriesOnException.testGroupMismatchExceptionHandling(TestOzoneClientRetriesOnException.java:160)
	at sun.reflect.NativeMethodAccessorImpl.invoke0(Native Method)
	at sun.reflect.NativeMethodAccessorImpl.invoke(NativeMethodAccessorImpl.java:62)
	at sun.reflect.DelegatingMethodAccessorImpl.invoke(DelegatingMethodAccessorImpl.java:43)
	at java.lang.reflect.Method.invoke(Method.java:498)
	at org.junit.runners.model.FrameworkMethod$1.runReflectiveCall(FrameworkMethod.java:47)
	at org.junit.internal.runners.model.ReflectiveCallable.run(ReflectiveCallable.java:12)
	at org.junit.runners.model.FrameworkMethod.invokeExplosively(FrameworkMethod.java:44)
	at org.junit.internal.runners.statements.InvokeMethod.evaluate(InvokeMethod.java:17)
	at org.junit.internal.runners.statements.RunBefores.evaluate(RunBefores.java:26)
	at org.junit.internal.runners.statements.RunAfters.evaluate(RunAfters.java:27)
	at org.junit.runners.ParentRunner.runLeaf(ParentRunner.java:271)
	at org.junit.runners.BlockJUnit4ClassRunner.runChild(BlockJUnit4ClassRunner.java:70)
	at org.junit.runners.BlockJUnit4ClassRunner.runChild(BlockJUnit4ClassRunner.java:50)
	at org.junit.runners.ParentRunner$3.run(ParentRunner.java:238)
	at org.junit.runners.ParentRunner$1.schedule(ParentRunner.java:63)
	at org.junit.runners.ParentRunner.runChildren(ParentRunner.java:236)
	at org.junit.runners.ParentRunner.access$000(ParentRunner.java:53)
	at org.junit.runners.ParentRunner$2.evaluate(ParentRunner.java:229)
	at org.junit.runners.ParentRunner.run(ParentRunner.java:309)
	at org.apache.maven.surefire.junit4.JUnit4Provider.execute(JUnit4Provider.java:365)
	at org.apache.maven.surefire.junit4.JUnit4Provider.executeWithRerun(JUnit4Provider.java:273)
	at org.apache.maven.surefire.junit4.JUnit4Provider.executeTestSet(JUnit4Provider.java:238)
	at org.apache.maven.surefire.junit4.JUnit4Provider.invoke(JUnit4Provider.java:159)
	at org.apache.maven.surefire.booter.ForkedBooter.invokeProviderInSameClassLoader(ForkedBooter.java:384)
	at org.apache.maven.surefire.booter.ForkedBooter.runSuitesInProcess(ForkedBooter.java:345)
	at org.apache.maven.surefire.booter.ForkedBooter.execute(ForkedBooter.java:126)
	at org.apache.maven.surefire.booter.ForkedBooter.main(ForkedBooter.java:418)
</error>
    <system-out><![CDATA[2019-07-13 12:54:07,059 WARN  server.ServerUtils (ServerUtils.java:getScmDbDir(145)) - ozone.scm.db.dirs is not configured. We recommend adding this setting. Falling back to ozone.metadata.dirs instead.
2019-07-13 12:54:07,150 WARN  server.ServerUtils (ServerUtils.java:getScmDbDir(145)) - ozone.scm.db.dirs is not configured. We recommend adding this setting. Falling back to ozone.metadata.dirs instead.
2019-07-13 12:54:07,153 WARN  server.ServerUtils (ServerUtils.java:getScmDbDir(145)) - ozone.scm.db.dirs is not configured. We recommend adding this setting. Falling back to ozone.metadata.dirs instead.
2019-07-13 12:54:07,170 INFO  util.log (Log.java:initialized(192)) - Logging initialized @829ms
2019-07-13 12:54:07,284 INFO  db.DBStoreBuilder (DBStoreBuilder.java:addTable(110)) - using custom profile for table: deletedBlocks
2019-07-13 12:54:07,284 INFO  db.DBStoreBuilder (DBStoreBuilder.java:processTables(161)) - Using default column profile:DBProfile.DISK for Table:deletedBlocks
2019-07-13 12:54:07,285 INFO  db.DBStoreBuilder (DBStoreBuilder.java:addTable(110)) - using custom profile for table: validCerts
2019-07-13 12:54:07,285 INFO  db.DBStoreBuilder (DBStoreBuilder.java:processTables(161)) - Using default column profile:DBProfile.DISK for Table:validCerts
2019-07-13 12:54:07,286 INFO  db.DBStoreBuilder (DBStoreBuilder.java:addTable(110)) - using custom profile for table: revokedCerts
2019-07-13 12:54:07,286 INFO  db.DBStoreBuilder (DBStoreBuilder.java:processTables(161)) - Using default column profile:DBProfile.DISK for Table:revokedCerts
2019-07-13 12:54:07,304 INFO  db.DBStoreBuilder (DBStoreBuilder.java:addTable(110)) - using custom profile for table: default
2019-07-13 12:54:07,304 INFO  db.DBStoreBuilder (DBStoreBuilder.java:processTables(167)) - Using default column profile:DBProfile.DISK for Table:default
2019-07-13 12:54:07,306 INFO  db.DBStoreBuilder (DBStoreBuilder.java:getDbProfile(198)) - Using default options. DBProfile.DISK
2019-07-13 12:54:07,458 INFO  net.NodeSchemaLoader (NodeSchemaLoader.java:loadSchemaFromFile(125)) - Loading file from sun.misc.CompoundEnumeration@20ce78ec
2019-07-13 12:54:07,462 INFO  net.NodeSchemaLoader (NodeSchemaLoader.java:loadSchema(171)) - Loading network topology layer schema file
2019-07-13 12:54:07,561 WARN  server.ServerUtils (ServerUtils.java:sanitizeUserArgs(70)) - ozone.scm.stale.node.interval value = 300000 is larger than max = 100000 based on the key value of ozone.scm.heartbeat.thread.interval, reset to the max value 100000.
2019-07-13 12:54:07,563 WARN  server.ServerUtils (ServerUtils.java:sanitizeUserArgs(70)) - ozone.scm.stale.node.interval value = 300000 is larger than max = 100000 based on the key value of ozone.scm.heartbeat.thread.interval, reset to the max value 100000.
2019-07-13 12:54:07,566 INFO  node.SCMNodeManager (SCMNodeManager.java:<init>(119)) - Entering startup safe mode.
2019-07-13 12:54:07,654 WARN  server.ServerUtils (ServerUtils.java:getScmDbDir(145)) - ozone.scm.db.dirs is not configured. We recommend adding this setting. Falling back to ozone.metadata.dirs instead.
2019-07-13 12:54:07,685 INFO  pipeline.SCMPipelineManager (SCMPipelineManager.java:initializePipelineState(126)) - No pipeline exists in current db
2019-07-13 12:54:07,687 WARN  server.ServerUtils (ServerUtils.java:getScmDbDir(145)) - ozone.scm.db.dirs is not configured. We recommend adding this setting. Falling back to ozone.metadata.dirs instead.
2019-07-13 12:54:07,767 WARN  events.EventQueue (EventQueue.java:fireEvent(175)) - No event handler registered for event TypedEvent{payloadType=SafeModeStatus, name='SafeModeStatus'}
2019-07-13 12:54:08,126 INFO  ipc.CallQueueManager (CallQueueManager.java:<init>(84)) - Using callQueue: class java.util.concurrent.LinkedBlockingQueue, queueCapacity: 2000, scheduler: class org.apache.hadoop.ipc.DefaultRpcScheduler, ipcBackoff: false.
2019-07-13 12:54:08,152 INFO  ipc.Server (Server.java:run(1074)) - Starting Socket Reader #1 for port 43792
2019-07-13 12:54:08,178 INFO  ipc.CallQueueManager (CallQueueManager.java:<init>(84)) - Using callQueue: class java.util.concurrent.LinkedBlockingQueue, queueCapacity: 2000, scheduler: class org.apache.hadoop.ipc.DefaultRpcScheduler, ipcBackoff: false.
2019-07-13 12:54:08,180 INFO  ipc.Server (Server.java:run(1074)) - Starting Socket Reader #1 for port 32884
2019-07-13 12:54:08,185 INFO  ipc.CallQueueManager (CallQueueManager.java:<init>(84)) - Using callQueue: class java.util.concurrent.LinkedBlockingQueue, queueCapacity: 2000, scheduler: class org.apache.hadoop.ipc.DefaultRpcScheduler, ipcBackoff: false.
2019-07-13 12:54:08,186 INFO  ipc.Server (Server.java:run(1074)) - Starting Socket Reader #1 for port 33879
2019-07-13 12:54:08,300 INFO  hdfs.DFSUtil (DFSUtil.java:httpServerTemplateForNNAndJN(1641)) - Starting Web-server for scm at: http://0.0.0.0:0
2019-07-13 12:54:08,460 INFO  server.AuthenticationFilter (AuthenticationFilter.java:constructSecretProvider(240)) - Unable to initialize FileSignerSecretProvider, falling back to use random secrets.
2019-07-13 12:54:08,468 WARN  http.HttpRequestLog (HttpRequestLog.java:getRequestLog(97)) - Jetty request log can only be enabled using Log4j
2019-07-13 12:54:08,476 INFO  http.HttpServer2 (HttpServer2.java:addGlobalFilter(975)) - Added global filter 'safety' (class=org.apache.hadoop.http.HttpServer2$QuotingInputFilter)
2019-07-13 12:54:08,478 INFO  http.HttpServer2 (HttpServer2.java:addFilter(948)) - Added filter static_user_filter (class=org.apache.hadoop.http.lib.StaticUserWebFilter$StaticUserFilter) to context scm
2019-07-13 12:54:08,478 INFO  http.HttpServer2 (HttpServer2.java:addFilter(958)) - Added filter static_user_filter (class=org.apache.hadoop.http.lib.StaticUserWebFilter$StaticUserFilter) to context static
2019-07-13 12:54:08,479 INFO  http.HttpServer2 (HttpServer2.java:addFilter(958)) - Added filter static_user_filter (class=org.apache.hadoop.http.lib.StaticUserWebFilter$StaticUserFilter) to context logs
2019-07-13 12:54:08,506 INFO  server.StorageContainerManager (StorageContainerManager.java:start(759)) - StorageContainerLocationProtocol RPC server is listening at /0.0.0.0:33879
2019-07-13 12:54:08,565 WARN  impl.MetricsConfig (MetricsConfig.java:loadFirst(134)) - Cannot locate configuration: tried hadoop-metrics2-storagecontainermanager.properties,hadoop-metrics2.properties
2019-07-13 12:54:08,577 INFO  impl.MetricsSystemImpl (MetricsSystemImpl.java:startTimer(374)) - Scheduled Metric snapshot period at 10 second(s).
2019-07-13 12:54:08,577 INFO  impl.MetricsSystemImpl (MetricsSystemImpl.java:start(191)) - StorageContainerManager metrics system started
2019-07-13 12:54:08,790 INFO  server.SCMClientProtocolServer (SCMClientProtocolServer.java:start(149)) - RPC server for Client  is listening at /0.0.0.0:33879
2019-07-13 12:54:08,791 INFO  ipc.Server (Server.java:run(1314)) - IPC Server Responder: starting
2019-07-13 12:54:08,791 INFO  ipc.Server (Server.java:run(1153)) - IPC Server listener on 33879: starting
2019-07-13 12:54:08,795 INFO  server.StorageContainerManager (StorageContainerManager.java:start(768)) - ScmBlockLocationProtocol RPC server is listening at /0.0.0.0:32884
2019-07-13 12:54:08,795 INFO  server.SCMBlockProtocolServer (SCMBlockProtocolServer.java:start(140)) - RPC server for Block Protocol is listening at /0.0.0.0:32884
2019-07-13 12:54:08,796 INFO  ipc.Server (Server.java:run(1314)) - IPC Server Responder: starting
2019-07-13 12:54:08,796 INFO  ipc.Server (Server.java:run(1153)) - IPC Server listener on 32884: starting
2019-07-13 12:54:08,803 INFO  server.StorageContainerManager (StorageContainerManager.java:start(772)) - ScmDatanodeProtocl RPC server is listening at /0.0.0.0:43792
2019-07-13 12:54:08,804 INFO  server.SCMDatanodeProtocolServer (SCMDatanodeProtocolServer.java:start(191)) - RPC server for DataNodes is listening at /0.0.0.0:43792
2019-07-13 12:54:08,806 INFO  ipc.Server (Server.java:run(1314)) - IPC Server Responder: starting
2019-07-13 12:54:08,806 INFO  ipc.Server (Server.java:run(1153)) - IPC Server listener on 43792: starting
2019-07-13 12:54:08,817 INFO  http.HttpServer2 (HttpServer2.java:bindListener(1191)) - Jetty bound to port 33991
2019-07-13 12:54:08,819 INFO  server.Server (Server.java:doStart(351)) - jetty-9.3.24.v20180605, build timestamp: 2018-06-05T17:11:56Z, git hash: 84205aa28f11a4f31f2a3b86d1bba2cc8ab69827
2019-07-13 12:54:08,858 INFO  handler.ContextHandler (ContextHandler.java:doStart(781)) - Started o.e.j.s.ServletContextHandler@635572a7{/logs,file:///tmp/workdir/hadoop-ozone/integration-test/target/log,AVAILABLE}
2019-07-13 12:54:08,858 INFO  handler.ContextHandler (ContextHandler.java:doStart(781)) - Started o.e.j.s.ServletContextHandler@4dd02341{/static,file:///tmp/workdir/hadoop-ozone/integration-test/target/test-classes/webapps/static,AVAILABLE}
2019-07-13 12:54:08,890 INFO  handler.ContextHandler (ContextHandler.java:doStart(781)) - Started o.e.j.w.WebAppContext@6fff253c{/,file:///tmp/workdir/hadoop-ozone/integration-test/target/test-classes/webapps/scm/,AVAILABLE}{/scm}
2019-07-13 12:54:08,895 INFO  server.AbstractConnector (AbstractConnector.java:doStart(278)) - Started ServerConnector@7c041b41{HTTP/1.1,[http/1.1]}{0.0.0.0:33991}
2019-07-13 12:54:08,895 INFO  server.Server (Server.java:doStart(419)) - Started @2555ms
2019-07-13 12:54:08,898 INFO  server.BaseHttpServer (BaseHttpServer.java:updateConnectorAddress(207)) - HTTP server of SCM is listening at http://0.0.0.0:33991
2019-07-13 12:54:08,905 INFO  util.JvmPauseMonitor (JvmPauseMonitor.java:run(188)) - Starting JVM pause monitor
2019-07-13 12:54:08,906 WARN  server.ServerUtils (ServerUtils.java:getDBPath(222)) - ozone.om.db.dirs is not configured. We recommend adding this setting. Falling back to ozone.metadata.dirs instead.
2019-07-13 12:54:08,996 WARN  server.ServerUtils (ServerUtils.java:getDBPath(222)) - ozone.om.db.dirs is not configured. We recommend adding this setting. Falling back to ozone.metadata.dirs instead.
2019-07-13 12:54:08,997 INFO  om.OzoneManager (OzoneManager.java:setOMNodeDetails(630)) - OM Service ID is not set. Setting it to the default ID: omServiceIdDefault
2019-07-13 12:54:08,997 INFO  om.OzoneManager (OzoneManager.java:setOMNodeDetails(636)) - OM Node ID is not set. Setting it to the OmStorage's OmID: e3af1dc8-0d14-4e60-8606-fb2336ce84de
2019-07-13 12:54:08,999 INFO  om.OzoneManager (OzoneManager.java:loadOMHAConfigs(587)) - Found matching OM address with OMServiceId: null, OMNodeId: null, RPC Address: localhost:0 and Ratis port: 9872
2019-07-13 12:54:09,260 WARN  server.ServerUtils (ServerUtils.java:getDBPath(222)) - ozone.om.db.dirs is not configured. We recommend adding this setting. Falling back to ozone.metadata.dirs instead.
2019-07-13 12:54:09,272 INFO  db.DBStoreBuilder (DBStoreBuilder.java:addTable(110)) - using custom profile for table: userTable
2019-07-13 12:54:09,272 INFO  db.DBStoreBuilder (DBStoreBuilder.java:processTables(161)) - Using default column profile:DBProfile.DISK for Table:userTable
2019-07-13 12:54:09,272 INFO  db.DBStoreBuilder (DBStoreBuilder.java:addTable(110)) - using custom profile for table: volumeTable
2019-07-13 12:54:09,273 INFO  db.DBStoreBuilder (DBStoreBuilder.java:processTables(161)) - Using default column profile:DBProfile.DISK for Table:volumeTable
2019-07-13 12:54:09,273 INFO  db.DBStoreBuilder (DBStoreBuilder.java:addTable(110)) - using custom profile for table: bucketTable
2019-07-13 12:54:09,274 INFO  db.DBStoreBuilder (DBStoreBuilder.java:processTables(161)) - Using default column profile:DBProfile.DISK for Table:bucketTable
2019-07-13 12:54:09,274 INFO  db.DBStoreBuilder (DBStoreBuilder.java:addTable(110)) - using custom profile for table: keyTable
2019-07-13 12:54:09,274 INFO  db.DBStoreBuilder (DBStoreBuilder.java:processTables(161)) - Using default column profile:DBProfile.DISK for Table:keyTable
2019-07-13 12:54:09,275 INFO  db.DBStoreBuilder (DBStoreBuilder.java:addTable(110)) - using custom profile for table: deletedTable
2019-07-13 12:54:09,275 INFO  db.DBStoreBuilder (DBStoreBuilder.java:processTables(161)) - Using default column profile:DBProfile.DISK for Table:deletedTable
2019-07-13 12:54:09,276 INFO  db.DBStoreBuilder (DBStoreBuilder.java:addTable(110)) - using custom profile for table: openKeyTable
2019-07-13 12:54:09,276 INFO  db.DBStoreBuilder (DBStoreBuilder.java:processTables(161)) - Using default column profile:DBProfile.DISK for Table:openKeyTable
2019-07-13 12:54:09,277 INFO  db.DBStoreBuilder (DBStoreBuilder.java:addTable(110)) - using custom profile for table: s3Table
2019-07-13 12:54:09,277 INFO  db.DBStoreBuilder (DBStoreBuilder.java:processTables(161)) - Using default column profile:DBProfile.DISK for Table:s3Table
2019-07-13 12:54:09,277 INFO  db.DBStoreBuilder (DBStoreBuilder.java:addTable(110)) - using custom profile for table: multipartInfoTable
2019-07-13 12:54:09,278 INFO  db.DBStoreBuilder (DBStoreBuilder.java:processTables(161)) - Using default column profile:DBProfile.DISK for Table:multipartInfoTable
2019-07-13 12:54:09,279 INFO  db.DBStoreBuilder (DBStoreBuilder.java:addTable(110)) - using custom profile for table: dTokenTable
2019-07-13 12:54:09,279 INFO  db.DBStoreBuilder (DBStoreBuilder.java:processTables(161)) - Using default column profile:DBProfile.DISK for Table:dTokenTable
2019-07-13 12:54:09,279 INFO  db.DBStoreBuilder (DBStoreBuilder.java:addTable(110)) - using custom profile for table: s3SecretTable
2019-07-13 12:54:09,280 INFO  db.DBStoreBuilder (DBStoreBuilder.java:processTables(161)) - Using default column profile:DBProfile.DISK for Table:s3SecretTable
2019-07-13 12:54:09,280 INFO  db.DBStoreBuilder (DBStoreBuilder.java:addTable(110)) - using custom profile for table: prefixTable
2019-07-13 12:54:09,281 INFO  db.DBStoreBuilder (DBStoreBuilder.java:processTables(161)) - Using default column profile:DBProfile.DISK for Table:prefixTable
2019-07-13 12:54:09,281 INFO  db.DBStoreBuilder (DBStoreBuilder.java:addTable(110)) - using custom profile for table: default
2019-07-13 12:54:09,281 INFO  db.DBStoreBuilder (DBStoreBuilder.java:processTables(167)) - Using default column profile:DBProfile.DISK for Table:default
2019-07-13 12:54:09,282 INFO  db.DBStoreBuilder (DBStoreBuilder.java:getDbProfile(198)) - Using default options. DBProfile.DISK
2019-07-13 12:54:10,001 INFO  ipc.CallQueueManager (CallQueueManager.java:<init>(84)) - Using callQueue: class java.util.concurrent.LinkedBlockingQueue, queueCapacity: 2000, scheduler: class org.apache.hadoop.ipc.DefaultRpcScheduler, ipcBackoff: false.
2019-07-13 12:54:10,002 INFO  ipc.Server (Server.java:run(1074)) - Starting Socket Reader #1 for port 36967
2019-07-13 12:54:10,030 WARN  server.ServerUtils (ServerUtils.java:getDBPath(222)) - ozone.om.db.dirs is not configured. We recommend adding this setting. Falling back to ozone.metadata.dirs instead.
2019-07-13 12:54:10,030 INFO  om.OzoneManager (OzoneManager.java:start(1228)) - OzoneManager RPC server is listening at localhost/127.0.0.1:36967
2019-07-13 12:54:10,031 INFO  impl.MetricsSystemImpl (MetricsSystemImpl.java:init(158)) - OzoneManager metrics system started (again)
2019-07-13 12:54:10,033 INFO  ipc.Server (Server.java:run(1153)) - IPC Server listener on 36967: starting
2019-07-13 12:54:10,033 INFO  ipc.Server (Server.java:run(1314)) - IPC Server Responder: starting
2019-07-13 12:54:10,045 INFO  hdfs.DFSUtil (DFSUtil.java:httpServerTemplateForNNAndJN(1641)) - Starting Web-server for ozoneManager at: http://0.0.0.0:0
2019-07-13 12:54:10,048 INFO  server.AuthenticationFilter (AuthenticationFilter.java:constructSecretProvider(240)) - Unable to initialize FileSignerSecretProvider, falling back to use random secrets.
2019-07-13 12:54:10,049 WARN  http.HttpRequestLog (HttpRequestLog.java:getRequestLog(97)) - Jetty request log can only be enabled using Log4j
2019-07-13 12:54:10,052 INFO  http.HttpServer2 (HttpServer2.java:addGlobalFilter(975)) - Added global filter 'safety' (class=org.apache.hadoop.http.HttpServer2$QuotingInputFilter)
2019-07-13 12:54:10,054 INFO  http.HttpServer2 (HttpServer2.java:addFilter(948)) - Added filter static_user_filter (class=org.apache.hadoop.http.lib.StaticUserWebFilter$StaticUserFilter) to context ozoneManager
2019-07-13 12:54:10,054 INFO  http.HttpServer2 (HttpServer2.java:addFilter(958)) - Added filter static_user_filter (class=org.apache.hadoop.http.lib.StaticUserWebFilter$StaticUserFilter) to context static
2019-07-13 12:54:10,055 INFO  http.HttpServer2 (HttpServer2.java:addFilter(958)) - Added filter static_user_filter (class=org.apache.hadoop.http.lib.StaticUserWebFilter$StaticUserFilter) to context logs
2019-07-13 12:54:10,058 INFO  http.HttpServer2 (HttpServer2.java:bindListener(1191)) - Jetty bound to port 45374
2019-07-13 12:54:10,058 INFO  server.Server (Server.java:doStart(351)) - jetty-9.3.24.v20180605, build timestamp: 2018-06-05T17:11:56Z, git hash: 84205aa28f11a4f31f2a3b86d1bba2cc8ab69827
2019-07-13 12:54:10,061 INFO  handler.ContextHandler (ContextHandler.java:doStart(781)) - Started o.e.j.s.ServletContextHandler@2d0bfb24{/logs,file:///tmp/workdir/hadoop-ozone/integration-test/target/log,AVAILABLE}
2019-07-13 12:54:10,062 INFO  handler.ContextHandler (ContextHandler.java:doStart(781)) - Started o.e.j.s.ServletContextHandler@7b44b63d{/static,file:///tmp/workdir/hadoop-ozone/integration-test/target/test-classes/webapps/static,AVAILABLE}
2019-07-13 12:54:10,070 INFO  handler.ContextHandler (ContextHandler.java:doStart(781)) - Started o.e.j.w.WebAppContext@3e9803c2{/,file:///tmp/workdir/hadoop-ozone/integration-test/target/test-classes/webapps/ozoneManager/,AVAILABLE}{/ozoneManager}
2019-07-13 12:54:10,071 INFO  server.AbstractConnector (AbstractConnector.java:doStart(278)) - Started ServerConnector@4525d1d3{HTTP/1.1,[http/1.1]}{0.0.0.0:45374}
2019-07-13 12:54:10,071 INFO  server.Server (Server.java:doStart(419)) - Started @3731ms
2019-07-13 12:54:10,072 INFO  server.BaseHttpServer (BaseHttpServer.java:updateConnectorAddress(207)) - HTTP server of OZONEMANAGER is listening at http://0.0.0.0:45374
2019-07-13 12:54:10,411 INFO  impl.MetricsSystemImpl (MetricsSystemImpl.java:init(158)) - HddsDatanode metrics system started (again)
2019-07-13 12:54:10,504 INFO  ozone.HddsDatanodeService (HddsDatanodeService.java:start(185)) - HddsDatanodeService host:trunk-nightly-q2gwj-1111726333 ip:192.168.5.181
2019-07-13 12:54:10,536 INFO  volume.HddsVolume (HddsVolume.java:<init>(176)) - Creating Volume: /tmp/workdir/hadoop-ozone/integration-test/target/test-dir/MiniOzoneClusterImpl-1ec98762-6291-4205-8799-3ebd7a8a236f/datanode-0/data/containers/hdds of  storage type : DISK and capacity : 52710309888
2019-07-13 12:54:10,538 INFO  volume.VolumeSet (VolumeSet.java:initializeVolumeSet(170)) - Added Volume : /tmp/workdir/hadoop-ozone/integration-test/target/test-dir/MiniOzoneClusterImpl-1ec98762-6291-4205-8799-3ebd7a8a236f/datanode-0/data/containers/hdds to VolumeSet
2019-07-13 12:54:10,541 INFO  volume.ThrottledAsyncChecker (ThrottledAsyncChecker.java:schedule(140)) - Scheduling a check for org.apache.hadoop.ozone.container.common.volume.HddsVolume@59546cfe
2019-07-13 12:54:10,558 INFO  volume.HddsVolumeChecker (HddsVolumeChecker.java:checkAllVolumes(203)) - Scheduled health check for volume org.apache.hadoop.ozone.container.common.volume.HddsVolume@59546cfe
2019-07-13 12:54:10,670 INFO  impl.RaftServerProxy (ConfUtils.java:logGet(43)) - raft.rpc.type = GRPC (default)
2019-07-13 12:54:10,733 INFO  grpc.GrpcFactory (GrpcFactory.java:checkPooledByteBufAllocatorUseCacheForAllThreads(45)) - PERFORMANCE WARNING: useCacheForAllThreads is true that may cause Netty to create a lot garbage objects and, as a result, trigger GC.
	It is recommended to disable useCacheForAllThreads by setting -Dorg.apache.ratis.thirdparty.io.netty.allocator.useCacheForAllThreads=false in command line.
2019-07-13 12:54:10,737 INFO  grpc.GrpcConfigKeys$Server (ConfUtils.java:logGet(43)) - raft.grpc.server.port = 0 (default)
2019-07-13 12:54:10,738 INFO  server.GrpcService (ConfUtils.java:logGet(43)) - raft.grpc.message.size.max = 33570816 (custom)
2019-07-13 12:54:10,740 INFO  server.RaftServerConfigKeys (ConfUtils.java:logGet(43)) - raft.server.log.appender.buffer.byte-limit = 33554432 (custom)
2019-07-13 12:54:10,740 INFO  server.GrpcService (ConfUtils.java:logGet(43)) - raft.grpc.flow.control.window = 1MB (=1048576) (default)
2019-07-13 12:54:10,741 INFO  server.RaftServerConfigKeys (ConfUtils.java:logGet(43)) - raft.server.rpc.request.timeout = 3000ms (default)
2019-07-13 12:54:10,897 INFO  server.RaftServerConfigKeys (ConfUtils.java:logGet(43)) - raft.server.storage.dir = [/tmp/workdir/hadoop-ozone/integration-test/target/test-dir/MiniOzoneClusterImpl-1ec98762-6291-4205-8799-3ebd7a8a236f/datanode-0/data/ratis] (custom)
2019-07-13 12:54:10,932 INFO  replication.SimpleContainerDownloader (SimpleContainerDownloader.java:<init>(72)) - Starting container downloader service to copy containers to replicate.
2019-07-13 12:54:10,945 INFO  hdfs.DFSUtil (DFSUtil.java:httpServerTemplateForNNAndJN(1641)) - Starting Web-server for hddsDatanode at: http://0.0.0.0:0
2019-07-13 12:54:10,947 INFO  server.AuthenticationFilter (AuthenticationFilter.java:constructSecretProvider(240)) - Unable to initialize FileSignerSecretProvider, falling back to use random secrets.
2019-07-13 12:54:10,948 WARN  http.HttpRequestLog (HttpRequestLog.java:getRequestLog(97)) - Jetty request log can only be enabled using Log4j
2019-07-13 12:54:10,952 INFO  http.HttpServer2 (HttpServer2.java:addGlobalFilter(975)) - Added global filter 'safety' (class=org.apache.hadoop.http.HttpServer2$QuotingInputFilter)
2019-07-13 12:54:10,953 INFO  http.HttpServer2 (HttpServer2.java:addFilter(948)) - Added filter static_user_filter (class=org.apache.hadoop.http.lib.StaticUserWebFilter$StaticUserFilter) to context hddsDatanode
2019-07-13 12:54:10,954 INFO  http.HttpServer2 (HttpServer2.java:addFilter(958)) - Added filter static_user_filter (class=org.apache.hadoop.http.lib.StaticUserWebFilter$StaticUserFilter) to context static
2019-07-13 12:54:10,954 INFO  http.HttpServer2 (HttpServer2.java:addFilter(958)) - Added filter static_user_filter (class=org.apache.hadoop.http.lib.StaticUserWebFilter$StaticUserFilter) to context logs
2019-07-13 12:54:10,955 INFO  http.HttpServer2 (HttpServer2.java:bindListener(1191)) - Jetty bound to port 32857
2019-07-13 12:54:10,956 INFO  server.Server (Server.java:doStart(351)) - jetty-9.3.24.v20180605, build timestamp: 2018-06-05T17:11:56Z, git hash: 84205aa28f11a4f31f2a3b86d1bba2cc8ab69827
2019-07-13 12:54:10,958 INFO  handler.ContextHandler (ContextHandler.java:doStart(781)) - Started o.e.j.s.ServletContextHandler@36cc9385{/logs,file:///tmp/workdir/hadoop-ozone/integration-test/target/log,AVAILABLE}
2019-07-13 12:54:10,959 INFO  handler.ContextHandler (ContextHandler.java:doStart(781)) - Started o.e.j.s.ServletContextHandler@7915bca3{/static,jar:file:/home/user/.m2/repository/org/apache/hadoop/hadoop-hdds-container-service/0.5.0-SNAPSHOT/hadoop-hdds-container-service-0.5.0-SNAPSHOT.jar!/webapps/static,AVAILABLE}
2019-07-13 12:54:11,017 INFO  handler.ContextHandler (ContextHandler.java:doStart(781)) - Started o.e.j.w.WebAppContext@37e0292a{/,file:///tmp/jetty-0.0.0.0-32857-hddsDatanode-_-any-6140847194944085554.dir/webapp/,AVAILABLE}{/hddsDatanode}
2019-07-13 12:54:11,019 INFO  server.AbstractConnector (AbstractConnector.java:doStart(278)) - Started ServerConnector@4af70944{HTTP/1.1,[http/1.1]}{0.0.0.0:32857}
2019-07-13 12:54:11,024 INFO  server.Server (Server.java:doStart(419)) - Started @4684ms
2019-07-13 12:54:11,026 INFO  server.BaseHttpServer (BaseHttpServer.java:updateConnectorAddress(207)) - HTTP server of HDDSDATANODE is listening at http://0.0.0.0:32857
2019-07-13 12:54:12,202 INFO  ozone.HddsDatanodeService (HddsDatanodeService.java:startPlugins(396)) - Started plug-in org.apache.hadoop.ozone.web.OzoneHddsDatanodeService@b4732dc
2019-07-13 12:54:12,204 INFO  impl.MetricsSystemImpl (MetricsSystemImpl.java:init(158)) - HddsDatanode metrics system started (again)
2019-07-13 12:54:12,205 INFO  ozone.HddsDatanodeService (HddsDatanodeService.java:start(185)) - HddsDatanodeService host:trunk-nightly-q2gwj-1111726333 ip:192.168.5.181
2019-07-13 12:54:12,210 INFO  util.JvmPauseMonitor (JvmPauseMonitor.java:run(188)) - Starting JVM pause monitor
2019-07-13 12:54:12,215 INFO  volume.HddsVolume (HddsVolume.java:<init>(176)) - Creating Volume: /tmp/workdir/hadoop-ozone/integration-test/target/test-dir/MiniOzoneClusterImpl-1ec98762-6291-4205-8799-3ebd7a8a236f/datanode-1/data/containers/hdds of  storage type : DISK and capacity : 52710309888
2019-07-13 12:54:12,216 INFO  volume.VolumeSet (VolumeSet.java:initializeVolumeSet(170)) - Added Volume : /tmp/workdir/hadoop-ozone/integration-test/target/test-dir/MiniOzoneClusterImpl-1ec98762-6291-4205-8799-3ebd7a8a236f/datanode-1/data/containers/hdds to VolumeSet
2019-07-13 12:54:12,216 INFO  volume.ThrottledAsyncChecker (ThrottledAsyncChecker.java:schedule(140)) - Scheduling a check for org.apache.hadoop.ozone.container.common.volume.HddsVolume@778a1250
2019-07-13 12:54:12,217 INFO  volume.HddsVolumeChecker (HddsVolumeChecker.java:checkAllVolumes(203)) - Scheduled health check for volume org.apache.hadoop.ozone.container.common.volume.HddsVolume@778a1250
2019-07-13 12:54:12,238 INFO  impl.RaftServerProxy (ConfUtils.java:logGet(43)) - raft.rpc.type = GRPC (default)
2019-07-13 12:54:12,239 INFO  grpc.GrpcFactory (GrpcFactory.java:checkPooledByteBufAllocatorUseCacheForAllThreads(45)) - PERFORMANCE WARNING: useCacheForAllThreads is true that may cause Netty to create a lot garbage objects and, as a result, trigger GC.
	It is recommended to disable useCacheForAllThreads by setting -Dorg.apache.ratis.thirdparty.io.netty.allocator.useCacheForAllThreads=false in command line.
2019-07-13 12:54:12,239 INFO  grpc.GrpcConfigKeys$Server (ConfUtils.java:logGet(43)) - raft.grpc.server.port = 0 (default)
2019-07-13 12:54:12,239 INFO  server.GrpcService (ConfUtils.java:logGet(43)) - raft.grpc.message.size.max = 33570816 (custom)
2019-07-13 12:54:12,239 INFO  server.RaftServerConfigKeys (ConfUtils.java:logGet(43)) - raft.server.log.appender.buffer.byte-limit = 33554432 (custom)
2019-07-13 12:54:12,240 INFO  server.GrpcService (ConfUtils.java:logGet(43)) - raft.grpc.flow.control.window = 1MB (=1048576) (default)
2019-07-13 12:54:12,240 INFO  server.RaftServerConfigKeys (ConfUtils.java:logGet(43)) - raft.server.rpc.request.timeout = 3000ms (default)
2019-07-13 12:54:12,241 INFO  server.RaftServerConfigKeys (ConfUtils.java:logGet(43)) - raft.server.storage.dir = [/tmp/workdir/hadoop-ozone/integration-test/target/test-dir/MiniOzoneClusterImpl-1ec98762-6291-4205-8799-3ebd7a8a236f/datanode-1/data/ratis] (custom)
2019-07-13 12:54:12,241 INFO  replication.SimpleContainerDownloader (SimpleContainerDownloader.java:<init>(72)) - Starting container downloader service to copy containers to replicate.
2019-07-13 12:54:12,243 INFO  hdfs.DFSUtil (DFSUtil.java:httpServerTemplateForNNAndJN(1641)) - Starting Web-server for hddsDatanode at: http://0.0.0.0:0
2019-07-13 12:54:12,245 INFO  server.AuthenticationFilter (AuthenticationFilter.java:constructSecretProvider(240)) - Unable to initialize FileSignerSecretProvider, falling back to use random secrets.
2019-07-13 12:54:12,246 WARN  http.HttpRequestLog (HttpRequestLog.java:getRequestLog(97)) - Jetty request log can only be enabled using Log4j
2019-07-13 12:54:12,250 INFO  http.HttpServer2 (HttpServer2.java:addGlobalFilter(975)) - Added global filter 'safety' (class=org.apache.hadoop.http.HttpServer2$QuotingInputFilter)
2019-07-13 12:54:12,251 INFO  http.HttpServer2 (HttpServer2.java:addFilter(948)) - Added filter static_user_filter (class=org.apache.hadoop.http.lib.StaticUserWebFilter$StaticUserFilter) to context hddsDatanode
2019-07-13 12:54:12,251 INFO  http.HttpServer2 (HttpServer2.java:addFilter(958)) - Added filter static_user_filter (class=org.apache.hadoop.http.lib.StaticUserWebFilter$StaticUserFilter) to context static
2019-07-13 12:54:12,251 INFO  http.HttpServer2 (HttpServer2.java:addFilter(958)) - Added filter static_user_filter (class=org.apache.hadoop.http.lib.StaticUserWebFilter$StaticUserFilter) to context logs
2019-07-13 12:54:12,253 INFO  http.HttpServer2 (HttpServer2.java:bindListener(1191)) - Jetty bound to port 34572
2019-07-13 12:54:12,253 INFO  server.Server (Server.java:doStart(351)) - jetty-9.3.24.v20180605, build timestamp: 2018-06-05T17:11:56Z, git hash: 84205aa28f11a4f31f2a3b86d1bba2cc8ab69827
2019-07-13 12:54:12,256 INFO  handler.ContextHandler (ContextHandler.java:doStart(781)) - Started o.e.j.s.ServletContextHandler@359066bc{/logs,file:///tmp/workdir/hadoop-ozone/integration-test/target/log,AVAILABLE}
2019-07-13 12:54:12,257 INFO  handler.ContextHandler (ContextHandler.java:doStart(781)) - Started o.e.j.s.ServletContextHandler@364fd4ae{/static,jar:file:/home/user/.m2/repository/org/apache/hadoop/hadoop-hdds-container-service/0.5.0-SNAPSHOT/hadoop-hdds-container-service-0.5.0-SNAPSHOT.jar!/webapps/static,AVAILABLE}
2019-07-13 12:54:12,303 INFO  handler.ContextHandler (ContextHandler.java:doStart(781)) - Started o.e.j.w.WebAppContext@2e1eb85f{/,file:///tmp/jetty-0.0.0.0-34572-hddsDatanode-_-any-8722482245162208908.dir/webapp/,AVAILABLE}{/hddsDatanode}
2019-07-13 12:54:12,304 INFO  server.AbstractConnector (AbstractConnector.java:doStart(278)) - Started ServerConnector@ea7a4c3{HTTP/1.1,[http/1.1]}{0.0.0.0:34572}
2019-07-13 12:54:12,305 INFO  server.Server (Server.java:doStart(419)) - Started @5964ms
2019-07-13 12:54:12,307 INFO  server.BaseHttpServer (BaseHttpServer.java:updateConnectorAddress(207)) - HTTP server of HDDSDATANODE is listening at http://0.0.0.0:34572
2019-07-13 12:54:12,347 INFO  datanode.InitDatanodeState (InitDatanodeState.java:persistContainerDatanodeDetails(140)) - DatanodeDetails is persisted to /tmp/workdir/hadoop-ozone/integration-test/target/test-dir/MiniOzoneClusterImpl-1ec98762-6291-4205-8799-3ebd7a8a236f/datanode-0/meta/datanode.id
2019-07-13 12:54:12,459 INFO  ozone.HddsDatanodeService (HddsDatanodeService.java:startPlugins(396)) - Started plug-in org.apache.hadoop.ozone.web.OzoneHddsDatanodeService@5729b410
2019-07-13 12:54:12,459 INFO  impl.MetricsSystemImpl (MetricsSystemImpl.java:init(158)) - HddsDatanode metrics system started (again)
2019-07-13 12:54:12,460 INFO  ozone.HddsDatanodeService (HddsDatanodeService.java:start(185)) - HddsDatanodeService host:trunk-nightly-q2gwj-1111726333 ip:192.168.5.181
2019-07-13 12:54:12,461 INFO  util.JvmPauseMonitor (JvmPauseMonitor.java:run(188)) - Starting JVM pause monitor
2019-07-13 12:54:12,470 INFO  volume.HddsVolume (HddsVolume.java:<init>(176)) - Creating Volume: /tmp/workdir/hadoop-ozone/integration-test/target/test-dir/MiniOzoneClusterImpl-1ec98762-6291-4205-8799-3ebd7a8a236f/datanode-2/data/containers/hdds of  storage type : DISK and capacity : 52710309888
2019-07-13 12:54:12,471 INFO  volume.VolumeSet (VolumeSet.java:initializeVolumeSet(170)) - Added Volume : /tmp/workdir/hadoop-ozone/integration-test/target/test-dir/MiniOzoneClusterImpl-1ec98762-6291-4205-8799-3ebd7a8a236f/datanode-2/data/containers/hdds to VolumeSet
2019-07-13 12:54:12,471 INFO  volume.ThrottledAsyncChecker (ThrottledAsyncChecker.java:schedule(140)) - Scheduling a check for org.apache.hadoop.ozone.container.common.volume.HddsVolume@52b959df
2019-07-13 12:54:12,472 INFO  volume.HddsVolumeChecker (HddsVolumeChecker.java:checkAllVolumes(203)) - Scheduled health check for volume org.apache.hadoop.ozone.container.common.volume.HddsVolume@52b959df
2019-07-13 12:54:12,472 INFO  datanode.InitDatanodeState (InitDatanodeState.java:persistContainerDatanodeDetails(140)) - DatanodeDetails is persisted to /tmp/workdir/hadoop-ozone/integration-test/target/test-dir/MiniOzoneClusterImpl-1ec98762-6291-4205-8799-3ebd7a8a236f/datanode-1/meta/datanode.id
2019-07-13 12:54:12,487 INFO  impl.RaftServerProxy (ConfUtils.java:logGet(43)) - raft.rpc.type = GRPC (default)
2019-07-13 12:54:12,487 INFO  grpc.GrpcFactory (GrpcFactory.java:checkPooledByteBufAllocatorUseCacheForAllThreads(45)) - PERFORMANCE WARNING: useCacheForAllThreads is true that may cause Netty to create a lot garbage objects and, as a result, trigger GC.
	It is recommended to disable useCacheForAllThreads by setting -Dorg.apache.ratis.thirdparty.io.netty.allocator.useCacheForAllThreads=false in command line.
2019-07-13 12:54:12,487 INFO  grpc.GrpcConfigKeys$Server (ConfUtils.java:logGet(43)) - raft.grpc.server.port = 0 (default)
2019-07-13 12:54:12,487 INFO  server.GrpcService (ConfUtils.java:logGet(43)) - raft.grpc.message.size.max = 33570816 (custom)
2019-07-13 12:54:12,488 INFO  server.RaftServerConfigKeys (ConfUtils.java:logGet(43)) - raft.server.log.appender.buffer.byte-limit = 33554432 (custom)
2019-07-13 12:54:12,488 INFO  server.GrpcService (ConfUtils.java:logGet(43)) - raft.grpc.flow.control.window = 1MB (=1048576) (default)
2019-07-13 12:54:12,488 INFO  server.RaftServerConfigKeys (ConfUtils.java:logGet(43)) - raft.server.rpc.request.timeout = 3000ms (default)
2019-07-13 12:54:12,489 INFO  server.RaftServerConfigKeys (ConfUtils.java:logGet(43)) - raft.server.storage.dir = [/tmp/workdir/hadoop-ozone/integration-test/target/test-dir/MiniOzoneClusterImpl-1ec98762-6291-4205-8799-3ebd7a8a236f/datanode-2/data/ratis] (custom)
2019-07-13 12:54:12,490 INFO  replication.SimpleContainerDownloader (SimpleContainerDownloader.java:<init>(72)) - Starting container downloader service to copy containers to replicate.
2019-07-13 12:54:12,491 INFO  hdfs.DFSUtil (DFSUtil.java:httpServerTemplateForNNAndJN(1641)) - Starting Web-server for hddsDatanode at: http://0.0.0.0:0
2019-07-13 12:54:12,492 INFO  server.AuthenticationFilter (AuthenticationFilter.java:constructSecretProvider(240)) - Unable to initialize FileSignerSecretProvider, falling back to use random secrets.
2019-07-13 12:54:12,492 WARN  http.HttpRequestLog (HttpRequestLog.java:getRequestLog(97)) - Jetty request log can only be enabled using Log4j
2019-07-13 12:54:12,494 INFO  http.HttpServer2 (HttpServer2.java:addGlobalFilter(975)) - Added global filter 'safety' (class=org.apache.hadoop.http.HttpServer2$QuotingInputFilter)
2019-07-13 12:54:12,494 INFO  http.HttpServer2 (HttpServer2.java:addFilter(948)) - Added filter static_user_filter (class=org.apache.hadoop.http.lib.StaticUserWebFilter$StaticUserFilter) to context hddsDatanode
2019-07-13 12:54:12,495 INFO  http.HttpServer2 (HttpServer2.java:addFilter(958)) - Added filter static_user_filter (class=org.apache.hadoop.http.lib.StaticUserWebFilter$StaticUserFilter) to context static
2019-07-13 12:54:12,495 INFO  http.HttpServer2 (HttpServer2.java:addFilter(958)) - Added filter static_user_filter (class=org.apache.hadoop.http.lib.StaticUserWebFilter$StaticUserFilter) to context logs
2019-07-13 12:54:12,495 INFO  http.HttpServer2 (HttpServer2.java:bindListener(1191)) - Jetty bound to port 38385
2019-07-13 12:54:12,496 INFO  server.Server (Server.java:doStart(351)) - jetty-9.3.24.v20180605, build timestamp: 2018-06-05T17:11:56Z, git hash: 84205aa28f11a4f31f2a3b86d1bba2cc8ab69827
2019-07-13 12:54:12,500 INFO  handler.ContextHandler (ContextHandler.java:doStart(781)) - Started o.e.j.s.ServletContextHandler@631c6d11{/logs,file:///tmp/workdir/hadoop-ozone/integration-test/target/log,AVAILABLE}
2019-07-13 12:54:12,500 INFO  handler.ContextHandler (ContextHandler.java:doStart(781)) - Started o.e.j.s.ServletContextHandler@62ade015{/static,jar:file:/home/user/.m2/repository/org/apache/hadoop/hadoop-hdds-container-service/0.5.0-SNAPSHOT/hadoop-hdds-container-service-0.5.0-SNAPSHOT.jar!/webapps/static,AVAILABLE}
2019-07-13 12:54:12,528 INFO  handler.ContextHandler (ContextHandler.java:doStart(781)) - Started o.e.j.w.WebAppContext@7197b07f{/,file:///tmp/jetty-0.0.0.0-38385-hddsDatanode-_-any-529520800101370460.dir/webapp/,AVAILABLE}{/hddsDatanode}
2019-07-13 12:54:12,529 INFO  server.AbstractConnector (AbstractConnector.java:doStart(278)) - Started ServerConnector@1f10fec6{HTTP/1.1,[http/1.1]}{0.0.0.0:38385}
2019-07-13 12:54:12,529 INFO  server.Server (Server.java:doStart(419)) - Started @6189ms
2019-07-13 12:54:12,531 INFO  server.BaseHttpServer (BaseHttpServer.java:updateConnectorAddress(207)) - HTTP server of HDDSDATANODE is listening at http://0.0.0.0:38385
2019-07-13 12:54:12,662 INFO  ozone.HddsDatanodeService (HddsDatanodeService.java:startPlugins(396)) - Started plug-in org.apache.hadoop.ozone.web.OzoneHddsDatanodeService@7436364d
2019-07-13 12:54:12,662 INFO  impl.MetricsSystemImpl (MetricsSystemImpl.java:init(158)) - HddsDatanode metrics system started (again)
2019-07-13 12:54:12,663 INFO  ozone.HddsDatanodeService (HddsDatanodeService.java:start(185)) - HddsDatanodeService host:trunk-nightly-q2gwj-1111726333 ip:192.168.5.181
2019-07-13 12:54:12,665 INFO  util.JvmPauseMonitor (JvmPauseMonitor.java:run(188)) - Starting JVM pause monitor
2019-07-13 12:54:12,667 INFO  datanode.InitDatanodeState (InitDatanodeState.java:persistContainerDatanodeDetails(140)) - DatanodeDetails is persisted to /tmp/workdir/hadoop-ozone/integration-test/target/test-dir/MiniOzoneClusterImpl-1ec98762-6291-4205-8799-3ebd7a8a236f/datanode-2/meta/datanode.id
2019-07-13 12:54:12,672 INFO  volume.HddsVolume (HddsVolume.java:<init>(176)) - Creating Volume: /tmp/workdir/hadoop-ozone/integration-test/target/test-dir/MiniOzoneClusterImpl-1ec98762-6291-4205-8799-3ebd7a8a236f/datanode-3/data/containers/hdds of  storage type : DISK and capacity : 52710309888
2019-07-13 12:54:12,673 INFO  volume.VolumeSet (VolumeSet.java:initializeVolumeSet(170)) - Added Volume : /tmp/workdir/hadoop-ozone/integration-test/target/test-dir/MiniOzoneClusterImpl-1ec98762-6291-4205-8799-3ebd7a8a236f/datanode-3/data/containers/hdds to VolumeSet
2019-07-13 12:54:12,673 INFO  volume.ThrottledAsyncChecker (ThrottledAsyncChecker.java:schedule(140)) - Scheduling a check for org.apache.hadoop.ozone.container.common.volume.HddsVolume@517704
2019-07-13 12:54:12,674 INFO  volume.HddsVolumeChecker (HddsVolumeChecker.java:checkAllVolumes(203)) - Scheduled health check for volume org.apache.hadoop.ozone.container.common.volume.HddsVolume@517704
2019-07-13 12:54:12,687 INFO  impl.RaftServerProxy (ConfUtils.java:logGet(43)) - raft.rpc.type = GRPC (default)
2019-07-13 12:54:12,688 INFO  grpc.GrpcFactory (GrpcFactory.java:checkPooledByteBufAllocatorUseCacheForAllThreads(45)) - PERFORMANCE WARNING: useCacheForAllThreads is true that may cause Netty to create a lot garbage objects and, as a result, trigger GC.
	It is recommended to disable useCacheForAllThreads by setting -Dorg.apache.ratis.thirdparty.io.netty.allocator.useCacheForAllThreads=false in command line.
2019-07-13 12:54:12,688 INFO  grpc.GrpcConfigKeys$Server (ConfUtils.java:logGet(43)) - raft.grpc.server.port = 0 (default)
2019-07-13 12:54:12,688 INFO  server.GrpcService (ConfUtils.java:logGet(43)) - raft.grpc.message.size.max = 33570816 (custom)
2019-07-13 12:54:12,688 INFO  server.RaftServerConfigKeys (ConfUtils.java:logGet(43)) - raft.server.log.appender.buffer.byte-limit = 33554432 (custom)
2019-07-13 12:54:12,689 INFO  server.GrpcService (ConfUtils.java:logGet(43)) - raft.grpc.flow.control.window = 1MB (=1048576) (default)
2019-07-13 12:54:12,689 INFO  server.RaftServerConfigKeys (ConfUtils.java:logGet(43)) - raft.server.rpc.request.timeout = 3000ms (default)
2019-07-13 12:54:12,689 INFO  server.RaftServerConfigKeys (ConfUtils.java:logGet(43)) - raft.server.storage.dir = [/tmp/workdir/hadoop-ozone/integration-test/target/test-dir/MiniOzoneClusterImpl-1ec98762-6291-4205-8799-3ebd7a8a236f/datanode-3/data/ratis] (custom)
2019-07-13 12:54:12,690 INFO  replication.SimpleContainerDownloader (SimpleContainerDownloader.java:<init>(72)) - Starting container downloader service to copy containers to replicate.
2019-07-13 12:54:12,691 INFO  hdfs.DFSUtil (DFSUtil.java:httpServerTemplateForNNAndJN(1641)) - Starting Web-server for hddsDatanode at: http://0.0.0.0:0
2019-07-13 12:54:12,692 INFO  server.AuthenticationFilter (AuthenticationFilter.java:constructSecretProvider(240)) - Unable to initialize FileSignerSecretProvider, falling back to use random secrets.
2019-07-13 12:54:12,692 WARN  http.HttpRequestLog (HttpRequestLog.java:getRequestLog(97)) - Jetty request log can only be enabled using Log4j
2019-07-13 12:54:12,694 INFO  http.HttpServer2 (HttpServer2.java:addGlobalFilter(975)) - Added global filter 'safety' (class=org.apache.hadoop.http.HttpServer2$QuotingInputFilter)
2019-07-13 12:54:12,694 INFO  http.HttpServer2 (HttpServer2.java:addFilter(948)) - Added filter static_user_filter (class=org.apache.hadoop.http.lib.StaticUserWebFilter$StaticUserFilter) to context hddsDatanode
2019-07-13 12:54:12,694 INFO  http.HttpServer2 (HttpServer2.java:addFilter(958)) - Added filter static_user_filter (class=org.apache.hadoop.http.lib.StaticUserWebFilter$StaticUserFilter) to context static
2019-07-13 12:54:12,695 INFO  http.HttpServer2 (HttpServer2.java:addFilter(958)) - Added filter static_user_filter (class=org.apache.hadoop.http.lib.StaticUserWebFilter$StaticUserFilter) to context logs
2019-07-13 12:54:12,695 INFO  http.HttpServer2 (HttpServer2.java:bindListener(1191)) - Jetty bound to port 40799
2019-07-13 12:54:12,695 INFO  server.Server (Server.java:doStart(351)) - jetty-9.3.24.v20180605, build timestamp: 2018-06-05T17:11:56Z, git hash: 84205aa28f11a4f31f2a3b86d1bba2cc8ab69827
2019-07-13 12:54:12,698 INFO  handler.ContextHandler (ContextHandler.java:doStart(781)) - Started o.e.j.s.ServletContextHandler@1e30db85{/logs,file:///tmp/workdir/hadoop-ozone/integration-test/target/log,AVAILABLE}
2019-07-13 12:54:12,698 INFO  handler.ContextHandler (ContextHandler.java:doStart(781)) - Started o.e.j.s.ServletContextHandler@cc9ef8d{/static,jar:file:/home/user/.m2/repository/org/apache/hadoop/hadoop-hdds-container-service/0.5.0-SNAPSHOT/hadoop-hdds-container-service-0.5.0-SNAPSHOT.jar!/webapps/static,AVAILABLE}
2019-07-13 12:54:12,726 INFO  handler.ContextHandler (ContextHandler.java:doStart(781)) - Started o.e.j.w.WebAppContext@6a2d867d{/,file:///tmp/jetty-0.0.0.0-40799-hddsDatanode-_-any-3714892885496033359.dir/webapp/,AVAILABLE}{/hddsDatanode}
2019-07-13 12:54:12,726 INFO  server.AbstractConnector (AbstractConnector.java:doStart(278)) - Started ServerConnector@73bb1337{HTTP/1.1,[http/1.1]}{0.0.0.0:40799}
2019-07-13 12:54:12,727 INFO  server.Server (Server.java:doStart(419)) - Started @6387ms
2019-07-13 12:54:12,729 INFO  server.BaseHttpServer (BaseHttpServer.java:updateConnectorAddress(207)) - HTTP server of HDDSDATANODE is listening at http://0.0.0.0:40799
2019-07-13 12:54:12,863 INFO  ozone.HddsDatanodeService (HddsDatanodeService.java:startPlugins(396)) - Started plug-in org.apache.hadoop.ozone.web.OzoneHddsDatanodeService@65da01f4
2019-07-13 12:54:12,864 INFO  impl.MetricsSystemImpl (MetricsSystemImpl.java:init(158)) - HddsDatanode metrics system started (again)
2019-07-13 12:54:12,864 INFO  ozone.HddsDatanodeService (HddsDatanodeService.java:start(185)) - HddsDatanodeService host:trunk-nightly-q2gwj-1111726333 ip:192.168.5.181
2019-07-13 12:54:12,865 INFO  util.JvmPauseMonitor (JvmPauseMonitor.java:run(188)) - Starting JVM pause monitor
2019-07-13 12:54:12,870 INFO  datanode.InitDatanodeState (InitDatanodeState.java:persistContainerDatanodeDetails(140)) - DatanodeDetails is persisted to /tmp/workdir/hadoop-ozone/integration-test/target/test-dir/MiniOzoneClusterImpl-1ec98762-6291-4205-8799-3ebd7a8a236f/datanode-3/meta/datanode.id
2019-07-13 12:54:12,873 INFO  volume.HddsVolume (HddsVolume.java:<init>(176)) - Creating Volume: /tmp/workdir/hadoop-ozone/integration-test/target/test-dir/MiniOzoneClusterImpl-1ec98762-6291-4205-8799-3ebd7a8a236f/datanode-4/data/containers/hdds of  storage type : DISK and capacity : 52710309888
2019-07-13 12:54:12,873 INFO  volume.VolumeSet (VolumeSet.java:initializeVolumeSet(170)) - Added Volume : /tmp/workdir/hadoop-ozone/integration-test/target/test-dir/MiniOzoneClusterImpl-1ec98762-6291-4205-8799-3ebd7a8a236f/datanode-4/data/containers/hdds to VolumeSet
2019-07-13 12:54:12,874 INFO  volume.ThrottledAsyncChecker (ThrottledAsyncChecker.java:schedule(140)) - Scheduling a check for org.apache.hadoop.ozone.container.common.volume.HddsVolume@6b2fdffc
2019-07-13 12:54:12,874 INFO  volume.HddsVolumeChecker (HddsVolumeChecker.java:checkAllVolumes(203)) - Scheduled health check for volume org.apache.hadoop.ozone.container.common.volume.HddsVolume@6b2fdffc
2019-07-13 12:54:12,889 INFO  impl.RaftServerProxy (ConfUtils.java:logGet(43)) - raft.rpc.type = GRPC (default)
2019-07-13 12:54:12,890 INFO  grpc.GrpcFactory (GrpcFactory.java:checkPooledByteBufAllocatorUseCacheForAllThreads(45)) - PERFORMANCE WARNING: useCacheForAllThreads is true that may cause Netty to create a lot garbage objects and, as a result, trigger GC.
	It is recommended to disable useCacheForAllThreads by setting -Dorg.apache.ratis.thirdparty.io.netty.allocator.useCacheForAllThreads=false in command line.
2019-07-13 12:54:12,890 INFO  grpc.GrpcConfigKeys$Server (ConfUtils.java:logGet(43)) - raft.grpc.server.port = 0 (default)
2019-07-13 12:54:12,890 INFO  server.GrpcService (ConfUtils.java:logGet(43)) - raft.grpc.message.size.max = 33570816 (custom)
2019-07-13 12:54:12,890 INFO  server.RaftServerConfigKeys (ConfUtils.java:logGet(43)) - raft.server.log.appender.buffer.byte-limit = 33554432 (custom)
2019-07-13 12:54:12,891 INFO  server.GrpcService (ConfUtils.java:logGet(43)) - raft.grpc.flow.control.window = 1MB (=1048576) (default)
2019-07-13 12:54:12,891 INFO  server.RaftServerConfigKeys (ConfUtils.java:logGet(43)) - raft.server.rpc.request.timeout = 3000ms (default)
2019-07-13 12:54:12,891 INFO  server.RaftServerConfigKeys (ConfUtils.java:logGet(43)) - raft.server.storage.dir = [/tmp/workdir/hadoop-ozone/integration-test/target/test-dir/MiniOzoneClusterImpl-1ec98762-6291-4205-8799-3ebd7a8a236f/datanode-4/data/ratis] (custom)
2019-07-13 12:54:12,892 INFO  replication.SimpleContainerDownloader (SimpleContainerDownloader.java:<init>(72)) - Starting container downloader service to copy containers to replicate.
2019-07-13 12:54:12,894 INFO  hdfs.DFSUtil (DFSUtil.java:httpServerTemplateForNNAndJN(1641)) - Starting Web-server for hddsDatanode at: http://0.0.0.0:0
2019-07-13 12:54:12,895 INFO  server.AuthenticationFilter (AuthenticationFilter.java:constructSecretProvider(240)) - Unable to initialize FileSignerSecretProvider, falling back to use random secrets.
2019-07-13 12:54:12,895 WARN  http.HttpRequestLog (HttpRequestLog.java:getRequestLog(97)) - Jetty request log can only be enabled using Log4j
2019-07-13 12:54:12,897 INFO  http.HttpServer2 (HttpServer2.java:addGlobalFilter(975)) - Added global filter 'safety' (class=org.apache.hadoop.http.HttpServer2$QuotingInputFilter)
2019-07-13 12:54:12,897 INFO  http.HttpServer2 (HttpServer2.java:addFilter(948)) - Added filter static_user_filter (class=org.apache.hadoop.http.lib.StaticUserWebFilter$StaticUserFilter) to context hddsDatanode
2019-07-13 12:54:12,897 INFO  http.HttpServer2 (HttpServer2.java:addFilter(958)) - Added filter static_user_filter (class=org.apache.hadoop.http.lib.StaticUserWebFilter$StaticUserFilter) to context logs
2019-07-13 12:54:12,898 INFO  http.HttpServer2 (HttpServer2.java:addFilter(958)) - Added filter static_user_filter (class=org.apache.hadoop.http.lib.StaticUserWebFilter$StaticUserFilter) to context static
2019-07-13 12:54:12,898 INFO  http.HttpServer2 (HttpServer2.java:bindListener(1191)) - Jetty bound to port 39218
2019-07-13 12:54:12,898 INFO  server.Server (Server.java:doStart(351)) - jetty-9.3.24.v20180605, build timestamp: 2018-06-05T17:11:56Z, git hash: 84205aa28f11a4f31f2a3b86d1bba2cc8ab69827
2019-07-13 12:54:12,903 INFO  handler.ContextHandler (ContextHandler.java:doStart(781)) - Started o.e.j.s.ServletContextHandler@615db358{/logs,file:///tmp/workdir/hadoop-ozone/integration-test/target/log,AVAILABLE}
2019-07-13 12:54:12,904 INFO  handler.ContextHandler (ContextHandler.java:doStart(781)) - Started o.e.j.s.ServletContextHandler@5fef0c19{/static,jar:file:/home/user/.m2/repository/org/apache/hadoop/hadoop-hdds-container-service/0.5.0-SNAPSHOT/hadoop-hdds-container-service-0.5.0-SNAPSHOT.jar!/webapps/static,AVAILABLE}
2019-07-13 12:54:12,931 INFO  handler.ContextHandler (ContextHandler.java:doStart(781)) - Started o.e.j.w.WebAppContext@367d34c0{/,file:///tmp/jetty-0.0.0.0-39218-hddsDatanode-_-any-1092942362843543988.dir/webapp/,AVAILABLE}{/hddsDatanode}
2019-07-13 12:54:12,932 INFO  server.AbstractConnector (AbstractConnector.java:doStart(278)) - Started ServerConnector@4ce25e47{HTTP/1.1,[http/1.1]}{0.0.0.0:39218}
2019-07-13 12:54:12,933 INFO  server.Server (Server.java:doStart(419)) - Started @6592ms
2019-07-13 12:54:12,933 INFO  server.BaseHttpServer (BaseHttpServer.java:updateConnectorAddress(207)) - HTTP server of HDDSDATANODE is listening at http://0.0.0.0:39218
2019-07-13 12:54:13,059 INFO  ozone.HddsDatanodeService (HddsDatanodeService.java:startPlugins(396)) - Started plug-in org.apache.hadoop.ozone.web.OzoneHddsDatanodeService@15d236fd
2019-07-13 12:54:13,059 INFO  impl.MetricsSystemImpl (MetricsSystemImpl.java:init(158)) - HddsDatanode metrics system started (again)
2019-07-13 12:54:13,059 INFO  ozone.HddsDatanodeService (HddsDatanodeService.java:start(185)) - HddsDatanodeService host:trunk-nightly-q2gwj-1111726333 ip:192.168.5.181
2019-07-13 12:54:13,061 INFO  util.JvmPauseMonitor (JvmPauseMonitor.java:run(188)) - Starting JVM pause monitor
2019-07-13 12:54:13,064 INFO  datanode.InitDatanodeState (InitDatanodeState.java:persistContainerDatanodeDetails(140)) - DatanodeDetails is persisted to /tmp/workdir/hadoop-ozone/integration-test/target/test-dir/MiniOzoneClusterImpl-1ec98762-6291-4205-8799-3ebd7a8a236f/datanode-4/meta/datanode.id
2019-07-13 12:54:13,068 INFO  volume.HddsVolume (HddsVolume.java:<init>(176)) - Creating Volume: /tmp/workdir/hadoop-ozone/integration-test/target/test-dir/MiniOzoneClusterImpl-1ec98762-6291-4205-8799-3ebd7a8a236f/datanode-5/data/containers/hdds of  storage type : DISK and capacity : 52710309888
2019-07-13 12:54:13,068 INFO  volume.VolumeSet (VolumeSet.java:initializeVolumeSet(170)) - Added Volume : /tmp/workdir/hadoop-ozone/integration-test/target/test-dir/MiniOzoneClusterImpl-1ec98762-6291-4205-8799-3ebd7a8a236f/datanode-5/data/containers/hdds to VolumeSet
2019-07-13 12:54:13,068 INFO  volume.ThrottledAsyncChecker (ThrottledAsyncChecker.java:schedule(140)) - Scheduling a check for org.apache.hadoop.ozone.container.common.volume.HddsVolume@33eb0d4
2019-07-13 12:54:13,069 INFO  volume.HddsVolumeChecker (HddsVolumeChecker.java:checkAllVolumes(203)) - Scheduled health check for volume org.apache.hadoop.ozone.container.common.volume.HddsVolume@33eb0d4
2019-07-13 12:54:13,083 INFO  impl.RaftServerProxy (ConfUtils.java:logGet(43)) - raft.rpc.type = GRPC (default)
2019-07-13 12:54:13,084 INFO  grpc.GrpcFactory (GrpcFactory.java:checkPooledByteBufAllocatorUseCacheForAllThreads(45)) - PERFORMANCE WARNING: useCacheForAllThreads is true that may cause Netty to create a lot garbage objects and, as a result, trigger GC.
	It is recommended to disable useCacheForAllThreads by setting -Dorg.apache.ratis.thirdparty.io.netty.allocator.useCacheForAllThreads=false in command line.
2019-07-13 12:54:13,084 INFO  grpc.GrpcConfigKeys$Server (ConfUtils.java:logGet(43)) - raft.grpc.server.port = 0 (default)
2019-07-13 12:54:13,084 INFO  server.GrpcService (ConfUtils.java:logGet(43)) - raft.grpc.message.size.max = 33570816 (custom)
2019-07-13 12:54:13,084 INFO  server.RaftServerConfigKeys (ConfUtils.java:logGet(43)) - raft.server.log.appender.buffer.byte-limit = 33554432 (custom)
2019-07-13 12:54:13,085 INFO  server.GrpcService (ConfUtils.java:logGet(43)) - raft.grpc.flow.control.window = 1MB (=1048576) (default)
2019-07-13 12:54:13,085 INFO  server.RaftServerConfigKeys (ConfUtils.java:logGet(43)) - raft.server.rpc.request.timeout = 3000ms (default)
2019-07-13 12:54:13,085 INFO  server.RaftServerConfigKeys (ConfUtils.java:logGet(43)) - raft.server.storage.dir = [/tmp/workdir/hadoop-ozone/integration-test/target/test-dir/MiniOzoneClusterImpl-1ec98762-6291-4205-8799-3ebd7a8a236f/datanode-5/data/ratis] (custom)
2019-07-13 12:54:13,086 INFO  replication.SimpleContainerDownloader (SimpleContainerDownloader.java:<init>(72)) - Starting container downloader service to copy containers to replicate.
2019-07-13 12:54:13,087 INFO  hdfs.DFSUtil (DFSUtil.java:httpServerTemplateForNNAndJN(1641)) - Starting Web-server for hddsDatanode at: http://0.0.0.0:0
2019-07-13 12:54:13,088 INFO  server.AuthenticationFilter (AuthenticationFilter.java:constructSecretProvider(240)) - Unable to initialize FileSignerSecretProvider, falling back to use random secrets.
2019-07-13 12:54:13,089 WARN  http.HttpRequestLog (HttpRequestLog.java:getRequestLog(97)) - Jetty request log can only be enabled using Log4j
2019-07-13 12:54:13,090 INFO  http.HttpServer2 (HttpServer2.java:addGlobalFilter(975)) - Added global filter 'safety' (class=org.apache.hadoop.http.HttpServer2$QuotingInputFilter)
2019-07-13 12:54:13,090 INFO  http.HttpServer2 (HttpServer2.java:addFilter(948)) - Added filter static_user_filter (class=org.apache.hadoop.http.lib.StaticUserWebFilter$StaticUserFilter) to context hddsDatanode
2019-07-13 12:54:13,091 INFO  http.HttpServer2 (HttpServer2.java:addFilter(958)) - Added filter static_user_filter (class=org.apache.hadoop.http.lib.StaticUserWebFilter$StaticUserFilter) to context static
2019-07-13 12:54:13,091 INFO  http.HttpServer2 (HttpServer2.java:addFilter(958)) - Added filter static_user_filter (class=org.apache.hadoop.http.lib.StaticUserWebFilter$StaticUserFilter) to context logs
2019-07-13 12:54:13,091 INFO  http.HttpServer2 (HttpServer2.java:bindListener(1191)) - Jetty bound to port 39239
2019-07-13 12:54:13,092 INFO  server.Server (Server.java:doStart(351)) - jetty-9.3.24.v20180605, build timestamp: 2018-06-05T17:11:56Z, git hash: 84205aa28f11a4f31f2a3b86d1bba2cc8ab69827
2019-07-13 12:54:13,095 INFO  handler.ContextHandler (ContextHandler.java:doStart(781)) - Started o.e.j.s.ServletContextHandler@6885ed19{/logs,file:///tmp/workdir/hadoop-ozone/integration-test/target/log,AVAILABLE}
2019-07-13 12:54:13,095 INFO  handler.ContextHandler (ContextHandler.java:doStart(781)) - Started o.e.j.s.ServletContextHandler@2d4a3e13{/static,jar:file:/home/user/.m2/repository/org/apache/hadoop/hadoop-hdds-container-service/0.5.0-SNAPSHOT/hadoop-hdds-container-service-0.5.0-SNAPSHOT.jar!/webapps/static,AVAILABLE}
2019-07-13 12:54:13,122 INFO  handler.ContextHandler (ContextHandler.java:doStart(781)) - Started o.e.j.w.WebAppContext@561f9d92{/,file:///tmp/jetty-0.0.0.0-39239-hddsDatanode-_-any-3332713546777157285.dir/webapp/,AVAILABLE}{/hddsDatanode}
2019-07-13 12:54:13,123 INFO  server.AbstractConnector (AbstractConnector.java:doStart(278)) - Started ServerConnector@1c84d80a{HTTP/1.1,[http/1.1]}{0.0.0.0:39239}
2019-07-13 12:54:13,124 INFO  server.Server (Server.java:doStart(419)) - Started @6784ms
2019-07-13 12:54:13,125 INFO  server.BaseHttpServer (BaseHttpServer.java:updateConnectorAddress(207)) - HTTP server of HDDSDATANODE is listening at http://0.0.0.0:39239
2019-07-13 12:54:13,253 INFO  ozone.HddsDatanodeService (HddsDatanodeService.java:startPlugins(396)) - Started plug-in org.apache.hadoop.ozone.web.OzoneHddsDatanodeService@16f15ae9
2019-07-13 12:54:13,253 INFO  impl.MetricsSystemImpl (MetricsSystemImpl.java:init(158)) - HddsDatanode metrics system started (again)
2019-07-13 12:54:13,254 INFO  ozone.HddsDatanodeService (HddsDatanodeService.java:start(185)) - HddsDatanodeService host:trunk-nightly-q2gwj-1111726333 ip:192.168.5.181
2019-07-13 12:54:13,255 INFO  util.JvmPauseMonitor (JvmPauseMonitor.java:run(188)) - Starting JVM pause monitor
2019-07-13 12:54:13,258 INFO  datanode.InitDatanodeState (InitDatanodeState.java:persistContainerDatanodeDetails(140)) - DatanodeDetails is persisted to /tmp/workdir/hadoop-ozone/integration-test/target/test-dir/MiniOzoneClusterImpl-1ec98762-6291-4205-8799-3ebd7a8a236f/datanode-5/meta/datanode.id
2019-07-13 12:54:13,263 INFO  volume.HddsVolume (HddsVolume.java:<init>(176)) - Creating Volume: /tmp/workdir/hadoop-ozone/integration-test/target/test-dir/MiniOzoneClusterImpl-1ec98762-6291-4205-8799-3ebd7a8a236f/datanode-6/data/containers/hdds of  storage type : DISK and capacity : 52710309888
2019-07-13 12:54:13,263 INFO  volume.VolumeSet (VolumeSet.java:initializeVolumeSet(170)) - Added Volume : /tmp/workdir/hadoop-ozone/integration-test/target/test-dir/MiniOzoneClusterImpl-1ec98762-6291-4205-8799-3ebd7a8a236f/datanode-6/data/containers/hdds to VolumeSet
2019-07-13 12:54:13,264 INFO  volume.ThrottledAsyncChecker (ThrottledAsyncChecker.java:schedule(140)) - Scheduling a check for org.apache.hadoop.ozone.container.common.volume.HddsVolume@2b79c8ff
2019-07-13 12:54:13,264 INFO  volume.HddsVolumeChecker (HddsVolumeChecker.java:checkAllVolumes(203)) - Scheduled health check for volume org.apache.hadoop.ozone.container.common.volume.HddsVolume@2b79c8ff
2019-07-13 12:54:13,279 INFO  impl.RaftServerProxy (ConfUtils.java:logGet(43)) - raft.rpc.type = GRPC (default)
2019-07-13 12:54:13,280 INFO  grpc.GrpcFactory (GrpcFactory.java:checkPooledByteBufAllocatorUseCacheForAllThreads(45)) - PERFORMANCE WARNING: useCacheForAllThreads is true that may cause Netty to create a lot garbage objects and, as a result, trigger GC.
	It is recommended to disable useCacheForAllThreads by setting -Dorg.apache.ratis.thirdparty.io.netty.allocator.useCacheForAllThreads=false in command line.
2019-07-13 12:54:13,280 INFO  grpc.GrpcConfigKeys$Server (ConfUtils.java:logGet(43)) - raft.grpc.server.port = 0 (default)
2019-07-13 12:54:13,280 INFO  server.GrpcService (ConfUtils.java:logGet(43)) - raft.grpc.message.size.max = 33570816 (custom)
2019-07-13 12:54:13,280 INFO  server.RaftServerConfigKeys (ConfUtils.java:logGet(43)) - raft.server.log.appender.buffer.byte-limit = 33554432 (custom)
2019-07-13 12:54:13,281 INFO  server.GrpcService (ConfUtils.java:logGet(43)) - raft.grpc.flow.control.window = 1MB (=1048576) (default)
2019-07-13 12:54:13,281 INFO  server.RaftServerConfigKeys (ConfUtils.java:logGet(43)) - raft.server.rpc.request.timeout = 3000ms (default)
2019-07-13 12:54:13,281 INFO  server.RaftServerConfigKeys (ConfUtils.java:logGet(43)) - raft.server.storage.dir = [/tmp/workdir/hadoop-ozone/integration-test/target/test-dir/MiniOzoneClusterImpl-1ec98762-6291-4205-8799-3ebd7a8a236f/datanode-6/data/ratis] (custom)
2019-07-13 12:54:13,282 INFO  replication.SimpleContainerDownloader (SimpleContainerDownloader.java:<init>(72)) - Starting container downloader service to copy containers to replicate.
2019-07-13 12:54:13,283 INFO  hdfs.DFSUtil (DFSUtil.java:httpServerTemplateForNNAndJN(1641)) - Starting Web-server for hddsDatanode at: http://0.0.0.0:0
2019-07-13 12:54:13,285 INFO  server.AuthenticationFilter (AuthenticationFilter.java:constructSecretProvider(240)) - Unable to initialize FileSignerSecretProvider, falling back to use random secrets.
2019-07-13 12:54:13,285 WARN  http.HttpRequestLog (HttpRequestLog.java:getRequestLog(97)) - Jetty request log can only be enabled using Log4j
2019-07-13 12:54:13,286 INFO  http.HttpServer2 (HttpServer2.java:addGlobalFilter(975)) - Added global filter 'safety' (class=org.apache.hadoop.http.HttpServer2$QuotingInputFilter)
2019-07-13 12:54:13,287 INFO  http.HttpServer2 (HttpServer2.java:addFilter(948)) - Added filter static_user_filter (class=org.apache.hadoop.http.lib.StaticUserWebFilter$StaticUserFilter) to context hddsDatanode
2019-07-13 12:54:13,287 INFO  http.HttpServer2 (HttpServer2.java:addFilter(958)) - Added filter static_user_filter (class=org.apache.hadoop.http.lib.StaticUserWebFilter$StaticUserFilter) to context logs
2019-07-13 12:54:13,287 INFO  http.HttpServer2 (HttpServer2.java:addFilter(958)) - Added filter static_user_filter (class=org.apache.hadoop.http.lib.StaticUserWebFilter$StaticUserFilter) to context static
2019-07-13 12:54:13,288 INFO  http.HttpServer2 (HttpServer2.java:bindListener(1191)) - Jetty bound to port 45743
2019-07-13 12:54:13,288 INFO  server.Server (Server.java:doStart(351)) - jetty-9.3.24.v20180605, build timestamp: 2018-06-05T17:11:56Z, git hash: 84205aa28f11a4f31f2a3b86d1bba2cc8ab69827
2019-07-13 12:54:13,290 INFO  handler.ContextHandler (ContextHandler.java:doStart(781)) - Started o.e.j.s.ServletContextHandler@6568f998{/logs,file:///tmp/workdir/hadoop-ozone/integration-test/target/log,AVAILABLE}
2019-07-13 12:54:13,291 INFO  handler.ContextHandler (ContextHandler.java:doStart(781)) - Started o.e.j.s.ServletContextHandler@782fd504{/static,jar:file:/home/user/.m2/repository/org/apache/hadoop/hadoop-hdds-container-service/0.5.0-SNAPSHOT/hadoop-hdds-container-service-0.5.0-SNAPSHOT.jar!/webapps/static,AVAILABLE}
2019-07-13 12:54:13,318 INFO  handler.ContextHandler (ContextHandler.java:doStart(781)) - Started o.e.j.w.WebAppContext@418f0534{/,file:///tmp/jetty-0.0.0.0-45743-hddsDatanode-_-any-3225759892582764807.dir/webapp/,AVAILABLE}{/hddsDatanode}
2019-07-13 12:54:13,319 INFO  server.AbstractConnector (AbstractConnector.java:doStart(278)) - Started ServerConnector@3dfd7eaa{HTTP/1.1,[http/1.1]}{0.0.0.0:45743}
2019-07-13 12:54:13,320 INFO  server.Server (Server.java:doStart(419)) - Started @6979ms
2019-07-13 12:54:13,320 INFO  server.BaseHttpServer (BaseHttpServer.java:updateConnectorAddress(207)) - HTTP server of HDDSDATANODE is listening at http://0.0.0.0:45743
2019-07-13 12:54:13,554 INFO  ozone.HddsDatanodeService (HddsDatanodeService.java:startPlugins(396)) - Started plug-in org.apache.hadoop.ozone.web.OzoneHddsDatanodeService@28e7bb31
2019-07-13 12:54:13,555 INFO  ozone.MiniOzoneClusterImpl (MiniOzoneClusterImpl.java:lambda$waitForClusterToBeReady$0(142)) - Waiting for cluster to be ready. Got 0 of 7 DN Heartbeats.
2019-07-13 12:54:13,556 INFO  util.JvmPauseMonitor (JvmPauseMonitor.java:run(188)) - Starting JVM pause monitor
2019-07-13 12:54:13,559 INFO  datanode.InitDatanodeState (InitDatanodeState.java:persistContainerDatanodeDetails(140)) - DatanodeDetails is persisted to /tmp/workdir/hadoop-ozone/integration-test/target/test-dir/MiniOzoneClusterImpl-1ec98762-6291-4205-8799-3ebd7a8a236f/datanode-6/meta/datanode.id
2019-07-13 12:54:14,272 INFO  ozoneimpl.OzoneContainer (OzoneContainer.java:start(186)) - Attempting to start container services.
2019-07-13 12:54:14,274 INFO  ozoneimpl.OzoneContainer (OzoneContainer.java:startContainerScrub(160)) - Background container scrubber has been disabled by hdds.containerscrub.enabled
2019-07-13 12:54:14,275 INFO  ratis.XceiverServerRatis (XceiverServerRatis.java:start(418)) - Starting XceiverServerRatis ba122834-ef25-4536-baf6-e65f1e66574a at port 0
2019-07-13 12:54:14,299 INFO  impl.RaftServerProxy (RaftServerProxy.java:lambda$start$3(299)) - ba122834-ef25-4536-baf6-e65f1e66574a: start RPC server
2019-07-13 12:54:14,432 INFO  server.GrpcService (GrpcService.java:startImpl(149)) - ba122834-ef25-4536-baf6-e65f1e66574a: GrpcService started, listening on 0.0.0.0/0.0.0.0:46003
2019-07-13 12:54:14,434 INFO  ratis.XceiverServerRatis (XceiverServerRatis.java:start(428)) - XceiverServerRatis ba122834-ef25-4536-baf6-e65f1e66574a is started using port 46003
2019-07-13 12:54:14,436 INFO  server.XceiverServerGrpc (XceiverServerGrpc.java:start(161)) - XceiverServerGrpc ba122834-ef25-4536-baf6-e65f1e66574a is started using port 41359
2019-07-13 12:54:14,478 INFO  ozoneimpl.OzoneContainer (OzoneContainer.java:start(186)) - Attempting to start container services.
2019-07-13 12:54:14,481 INFO  ozoneimpl.OzoneContainer (OzoneContainer.java:startContainerScrub(160)) - Background container scrubber has been disabled by hdds.containerscrub.enabled
2019-07-13 12:54:14,481 INFO  ratis.XceiverServerRatis (XceiverServerRatis.java:start(418)) - Starting XceiverServerRatis cb4c3959-5da2-4137-815d-e3d67775a032 at port 0
2019-07-13 12:54:14,491 INFO  impl.RaftServerProxy (RaftServerProxy.java:lambda$start$3(299)) - cb4c3959-5da2-4137-815d-e3d67775a032: start RPC server
2019-07-13 12:54:14,494 INFO  server.GrpcService (GrpcService.java:startImpl(149)) - cb4c3959-5da2-4137-815d-e3d67775a032: GrpcService started, listening on 0.0.0.0/0.0.0.0:39320
2019-07-13 12:54:14,495 INFO  ratis.XceiverServerRatis (XceiverServerRatis.java:start(428)) - XceiverServerRatis cb4c3959-5da2-4137-815d-e3d67775a032 is started using port 39320
2019-07-13 12:54:14,499 INFO  server.XceiverServerGrpc (XceiverServerGrpc.java:start(161)) - XceiverServerGrpc cb4c3959-5da2-4137-815d-e3d67775a032 is started using port 42821
2019-07-13 12:54:14,556 INFO  ozone.MiniOzoneClusterImpl (MiniOzoneClusterImpl.java:lambda$waitForClusterToBeReady$0(142)) - Waiting for cluster to be ready. Got 0 of 7 DN Heartbeats.
2019-07-13 12:54:14,673 INFO  ozoneimpl.OzoneContainer (OzoneContainer.java:start(186)) - Attempting to start container services.
2019-07-13 12:54:14,675 INFO  ozoneimpl.OzoneContainer (OzoneContainer.java:startContainerScrub(160)) - Background container scrubber has been disabled by hdds.containerscrub.enabled
2019-07-13 12:54:14,676 INFO  ratis.XceiverServerRatis (XceiverServerRatis.java:start(418)) - Starting XceiverServerRatis 03b3f447-2570-4487-84e8-39a0c3488c26 at port 0
2019-07-13 12:54:14,685 INFO  impl.RaftServerProxy (RaftServerProxy.java:lambda$start$3(299)) - 03b3f447-2570-4487-84e8-39a0c3488c26: start RPC server
2019-07-13 12:54:14,688 INFO  server.GrpcService (GrpcService.java:startImpl(149)) - 03b3f447-2570-4487-84e8-39a0c3488c26: GrpcService started, listening on 0.0.0.0/0.0.0.0:43687
2019-07-13 12:54:14,689 INFO  ratis.XceiverServerRatis (XceiverServerRatis.java:start(428)) - XceiverServerRatis 03b3f447-2570-4487-84e8-39a0c3488c26 is started using port 43687
2019-07-13 12:54:14,693 INFO  server.XceiverServerGrpc (XceiverServerGrpc.java:start(161)) - XceiverServerGrpc 03b3f447-2570-4487-84e8-39a0c3488c26 is started using port 42744
2019-07-13 12:54:14,874 INFO  ozoneimpl.OzoneContainer (OzoneContainer.java:start(186)) - Attempting to start container services.
2019-07-13 12:54:14,877 INFO  ozoneimpl.OzoneContainer (OzoneContainer.java:startContainerScrub(160)) - Background container scrubber has been disabled by hdds.containerscrub.enabled
2019-07-13 12:54:14,877 INFO  ratis.XceiverServerRatis (XceiverServerRatis.java:start(418)) - Starting XceiverServerRatis 08f11e74-c0bf-4f58-94b8-d53b9cd4baa8 at port 0
2019-07-13 12:54:14,888 INFO  impl.RaftServerProxy (RaftServerProxy.java:lambda$start$3(299)) - 08f11e74-c0bf-4f58-94b8-d53b9cd4baa8: start RPC server
2019-07-13 12:54:14,892 INFO  server.GrpcService (GrpcService.java:startImpl(149)) - 08f11e74-c0bf-4f58-94b8-d53b9cd4baa8: GrpcService started, listening on 0.0.0.0/0.0.0.0:36376
2019-07-13 12:54:14,892 INFO  ratis.XceiverServerRatis (XceiverServerRatis.java:start(428)) - XceiverServerRatis 08f11e74-c0bf-4f58-94b8-d53b9cd4baa8 is started using port 36376
2019-07-13 12:54:14,896 INFO  server.XceiverServerGrpc (XceiverServerGrpc.java:start(161)) - XceiverServerGrpc 08f11e74-c0bf-4f58-94b8-d53b9cd4baa8 is started using port 42451
2019-07-13 12:54:15,090 INFO  ozoneimpl.OzoneContainer (OzoneContainer.java:start(186)) - Attempting to start container services.
2019-07-13 12:54:15,093 INFO  ozoneimpl.OzoneContainer (OzoneContainer.java:startContainerScrub(160)) - Background container scrubber has been disabled by hdds.containerscrub.enabled
2019-07-13 12:54:15,093 INFO  ratis.XceiverServerRatis (XceiverServerRatis.java:start(418)) - Starting XceiverServerRatis 66d441ba-17eb-48b5-9e0d-25fe771f2ae4 at port 0
2019-07-13 12:54:15,105 INFO  impl.RaftServerProxy (RaftServerProxy.java:lambda$start$3(299)) - 66d441ba-17eb-48b5-9e0d-25fe771f2ae4: start RPC server
2019-07-13 12:54:15,108 INFO  server.GrpcService (GrpcService.java:startImpl(149)) - 66d441ba-17eb-48b5-9e0d-25fe771f2ae4: GrpcService started, listening on 0.0.0.0/0.0.0.0:35511
2019-07-13 12:54:15,109 INFO  ratis.XceiverServerRatis (XceiverServerRatis.java:start(428)) - XceiverServerRatis 66d441ba-17eb-48b5-9e0d-25fe771f2ae4 is started using port 35511
2019-07-13 12:54:15,112 INFO  server.XceiverServerGrpc (XceiverServerGrpc.java:start(161)) - XceiverServerGrpc 66d441ba-17eb-48b5-9e0d-25fe771f2ae4 is started using port 43608
2019-07-13 12:54:15,263 INFO  ozoneimpl.OzoneContainer (OzoneContainer.java:start(186)) - Attempting to start container services.
2019-07-13 12:54:15,266 INFO  ozoneimpl.OzoneContainer (OzoneContainer.java:startContainerScrub(160)) - Background container scrubber has been disabled by hdds.containerscrub.enabled
2019-07-13 12:54:15,266 INFO  ratis.XceiverServerRatis (XceiverServerRatis.java:start(418)) - Starting XceiverServerRatis 8400e1d4-a14b-415b-a388-5524dc356515 at port 0
2019-07-13 12:54:15,277 INFO  impl.RaftServerProxy (RaftServerProxy.java:lambda$start$3(299)) - 8400e1d4-a14b-415b-a388-5524dc356515: start RPC server
2019-07-13 12:54:15,282 INFO  server.GrpcService (GrpcService.java:startImpl(149)) - 8400e1d4-a14b-415b-a388-5524dc356515: GrpcService started, listening on 0.0.0.0/0.0.0.0:38704
2019-07-13 12:54:15,282 INFO  ratis.XceiverServerRatis (XceiverServerRatis.java:start(428)) - XceiverServerRatis 8400e1d4-a14b-415b-a388-5524dc356515 is started using port 38704
2019-07-13 12:54:15,286 INFO  server.XceiverServerGrpc (XceiverServerGrpc.java:start(161)) - XceiverServerGrpc 8400e1d4-a14b-415b-a388-5524dc356515 is started using port 39604
2019-07-13 12:54:15,556 INFO  ozone.MiniOzoneClusterImpl (MiniOzoneClusterImpl.java:lambda$waitForClusterToBeReady$0(142)) - Waiting for cluster to be ready. Got 0 of 7 DN Heartbeats.
2019-07-13 12:54:15,565 INFO  ozoneimpl.OzoneContainer (OzoneContainer.java:start(186)) - Attempting to start container services.
2019-07-13 12:54:15,568 INFO  ozoneimpl.OzoneContainer (OzoneContainer.java:startContainerScrub(160)) - Background container scrubber has been disabled by hdds.containerscrub.enabled
2019-07-13 12:54:15,569 INFO  ratis.XceiverServerRatis (XceiverServerRatis.java:start(418)) - Starting XceiverServerRatis 55ca4f00-69a2-485e-ada4-ad251175ae1e at port 0
2019-07-13 12:54:15,579 INFO  impl.RaftServerProxy (RaftServerProxy.java:lambda$start$3(299)) - 55ca4f00-69a2-485e-ada4-ad251175ae1e: start RPC server
2019-07-13 12:54:15,583 INFO  server.GrpcService (GrpcService.java:startImpl(149)) - 55ca4f00-69a2-485e-ada4-ad251175ae1e: GrpcService started, listening on 0.0.0.0/0.0.0.0:45025
2019-07-13 12:54:15,584 INFO  ratis.XceiverServerRatis (XceiverServerRatis.java:start(428)) - XceiverServerRatis 55ca4f00-69a2-485e-ada4-ad251175ae1e is started using port 45025
2019-07-13 12:54:15,590 INFO  server.XceiverServerGrpc (XceiverServerGrpc.java:start(161)) - XceiverServerGrpc 55ca4f00-69a2-485e-ada4-ad251175ae1e is started using port 42787
2019-07-13 12:54:16,258 INFO  net.NetworkTopology (NetworkTopologyImpl.java:add(110)) - Added a new node: /default-rack/192.168.5.181
2019-07-13 12:54:16,258 INFO  node.SCMNodeManager (SCMNodeManager.java:register(269)) - Registered Data node : ba122834-ef25-4536-baf6-e65f1e66574a{ip: 192.168.5.181, host: trunk-nightly-q2gwj-1111726333, networkLocation: /default-rack, certSerialId: null}
2019-07-13 12:54:16,264 INFO  safemode.SCMSafeModeManager (DataNodeSafeModeRule.java:process(71)) - SCM in safe mode. 1 DataNodes registered, 1 required.
2019-07-13 12:54:16,265 INFO  safemode.SCMSafeModeManager (SCMSafeModeManager.java:validateSafeModeExitRules(177)) - ScmSafeModeManager, all rules are successfully validated
2019-07-13 12:54:16,265 INFO  safemode.SCMSafeModeManager (SCMSafeModeManager.java:exitSafeMode(193)) - SCM exiting safe mode.
2019-07-13 12:54:16,465 INFO  node.SCMNodeManager (SCMNodeManager.java:register(269)) - Registered Data node : cb4c3959-5da2-4137-815d-e3d67775a032{ip: 192.168.5.181, host: trunk-nightly-q2gwj-1111726333, networkLocation: /default-rack, certSerialId: null}
2019-07-13 12:54:16,559 INFO  ozone.MiniOzoneClusterImpl (MiniOzoneClusterImpl.java:lambda$waitForClusterToBeReady$0(142)) - Waiting for cluster to be ready. Got 2 of 7 DN Heartbeats.
2019-07-13 12:54:16,669 INFO  node.SCMNodeManager (SCMNodeManager.java:register(269)) - Registered Data node : 03b3f447-2570-4487-84e8-39a0c3488c26{ip: 192.168.5.181, host: trunk-nightly-q2gwj-1111726333, networkLocation: /default-rack, certSerialId: null}
2019-07-13 12:54:17,215 INFO  node.SCMNodeManager (SCMNodeManager.java:register(269)) - Registered Data node : 66d441ba-17eb-48b5-9e0d-25fe771f2ae4{ip: 192.168.5.181, host: trunk-nightly-q2gwj-1111726333, networkLocation: /default-rack, certSerialId: null}
2019-07-13 12:54:17,215 INFO  node.SCMNodeManager (SCMNodeManager.java:register(269)) - Registered Data node : 08f11e74-c0bf-4f58-94b8-d53b9cd4baa8{ip: 192.168.5.181, host: trunk-nightly-q2gwj-1111726333, networkLocation: /default-rack, certSerialId: null}
2019-07-13 12:54:17,239 INFO  impl.RaftServerProxy (RaftServerProxy.java:addNew(89)) - ba122834-ef25-4536-baf6-e65f1e66574a: addNew group-9911808AA5B8:[ba122834-ef25-4536-baf6-e65f1e66574a:192.168.5.181:46003] returns group-9911808AA5B8:java.util.concurrent.CompletableFuture@55cba32b[Not completed]
2019-07-13 12:54:17,258 INFO  node.SCMNodeManager (SCMNodeManager.java:register(269)) - Registered Data node : 8400e1d4-a14b-415b-a388-5524dc356515{ip: 192.168.5.181, host: trunk-nightly-q2gwj-1111726333, networkLocation: /default-rack, certSerialId: null}
2019-07-13 12:54:17,262 INFO  impl.RaftServerImpl (RaftServerImpl.java:<init>(93)) - ba122834-ef25-4536-baf6-e65f1e66574a: new RaftServerImpl for group-9911808AA5B8:[ba122834-ef25-4536-baf6-e65f1e66574a:192.168.5.181:46003] with ContainerStateMachine:uninitialized
2019-07-13 12:54:17,266 INFO  server.RaftServerConfigKeys (ConfUtils.java:logGet(43)) - raft.server.rpc.timeout.min = 5s (custom)
2019-07-13 12:54:17,268 INFO  server.RaftServerConfigKeys (ConfUtils.java:logGet(43)) - raft.server.rpc.timeout.max = 5200ms (custom)
2019-07-13 12:54:17,268 INFO  server.RaftServerConfigKeys (ConfUtils.java:logGet(43)) - raft.server.rpcslowness.timeout = 120s (custom)
2019-07-13 12:54:17,269 INFO  server.RaftServerConfigKeys (ConfUtils.java:logGet(43)) - raft.server.sleep.deviation.threshold = 300 (default)
2019-07-13 12:54:17,270 INFO  server.RaftServerConfigKeys (ConfUtils.java:logGet(43)) - raft.server.log.appender.install.snapshot.enabled = false (custom)
2019-07-13 12:54:17,278 INFO  impl.RaftServerImpl (ServerState.java:<init>(105)) - ba122834-ef25-4536-baf6-e65f1e66574a:group-9911808AA5B8 ConfigurationManager, init=-1: [ba122834-ef25-4536-baf6-e65f1e66574a:192.168.5.181:46003], old=null, confs=<EMPTY_MAP>
2019-07-13 12:54:17,278 INFO  server.RaftServerConfigKeys (ConfUtils.java:logGet(43)) - raft.server.storage.dir = [/tmp/workdir/hadoop-ozone/integration-test/target/test-dir/MiniOzoneClusterImpl-1ec98762-6291-4205-8799-3ebd7a8a236f/datanode-0/data/ratis] (custom)
2019-07-13 12:54:17,285 INFO  storage.RaftStorageDirectory (RaftStorageDirectory.java:analyzeStorage(246)) - The storage directory /tmp/workdir/hadoop-ozone/integration-test/target/test-dir/MiniOzoneClusterImpl-1ec98762-6291-4205-8799-3ebd7a8a236f/datanode-0/data/ratis/1e83b1b5-39c1-4598-91ec-9911808aa5b8 does not exist. Creating ...
2019-07-13 12:54:17,301 INFO  storage.RaftStorageDirectory (RaftStorageDirectory.java:tryLock(328)) - Lock on /tmp/workdir/hadoop-ozone/integration-test/target/test-dir/MiniOzoneClusterImpl-1ec98762-6291-4205-8799-3ebd7a8a236f/datanode-0/data/ratis/1e83b1b5-39c1-4598-91ec-9911808aa5b8/in_use.lock acquired by nodename 12341@trunk-nightly-q2gwj-1111726333
2019-07-13 12:54:17,308 INFO  storage.RaftStorage (RaftStorage.java:format(72)) - Storage directory /tmp/workdir/hadoop-ozone/integration-test/target/test-dir/MiniOzoneClusterImpl-1ec98762-6291-4205-8799-3ebd7a8a236f/datanode-0/data/ratis/1e83b1b5-39c1-4598-91ec-9911808aa5b8 has been successfully formatted.
2019-07-13 12:54:17,310 INFO  ratis.ContainerStateMachine (ContainerStateMachine.java:loadSnapshot(200)) - The snapshot info is null.Setting the last applied index to:(t:0, i:~)
2019-07-13 12:54:17,310 INFO  server.RaftServerConfigKeys (ConfUtils.java:logGet(43)) - raft.server.leader.election.timeout = 120s (custom)
2019-07-13 12:54:17,313 INFO  server.RaftServerConfigKeys (ConfUtils.java:logGet(43)) - raft.server.log.use.memory = false (default)
2019-07-13 12:54:17,318 INFO  server.RaftServerConfigKeys (ConfUtils.java:logGet(43)) - raft.server.log.purge.gap = 1000000000 (custom)
2019-07-13 12:54:17,319 INFO  server.RaftServerConfigKeys (ConfUtils.java:logGet(43)) - raft.server.log.appender.buffer.byte-limit = 33554432 (custom)
2019-07-13 12:54:17,320 INFO  server.RaftServerConfigKeys (ConfUtils.java:logGet(43)) - raft.server.log.segment.size.max = 1048576 (custom)
2019-07-13 12:54:17,325 INFO  server.RaftServerConfigKeys (ConfUtils.java:logGet(43)) - raft.server.log.segment.cache.num.max = 2 (custom)
2019-07-13 12:54:17,331 INFO  segmented.SegmentedRaftLogWorker (SegmentedRaftLogWorker.java:<init>(172)) - new ba122834-ef25-4536-baf6-e65f1e66574a-SegmentedRaftLogWorker:Storage Directory /tmp/workdir/hadoop-ozone/integration-test/target/test-dir/MiniOzoneClusterImpl-1ec98762-6291-4205-8799-3ebd7a8a236f/datanode-0/data/ratis/1e83b1b5-39c1-4598-91ec-9911808aa5b8 for RaftStorage:Storage Directory /tmp/workdir/hadoop-ozone/integration-test/target/test-dir/MiniOzoneClusterImpl-1ec98762-6291-4205-8799-3ebd7a8a236f/datanode-0/data/ratis/1e83b1b5-39c1-4598-91ec-9911808aa5b8
2019-07-13 12:54:17,343 INFO  server.RaftServerConfigKeys (ConfUtils.java:logGet(43)) - raft.server.log.queue.byte-limit = 2147483647 (custom)
2019-07-13 12:54:17,344 INFO  server.RaftServerConfigKeys (ConfUtils.java:logGet(43)) - raft.server.log.queue.element-limit = 1024 (custom)
2019-07-13 12:54:17,349 INFO  server.RaftServerConfigKeys (ConfUtils.java:logGet(43)) - raft.server.log.segment.size.max = 1048576 (custom)
2019-07-13 12:54:17,349 INFO  server.RaftServerConfigKeys (ConfUtils.java:logGet(43)) - raft.server.log.preallocated.size = 16384 (custom)
2019-07-13 12:54:17,350 INFO  server.RaftServerConfigKeys (ConfUtils.java:logGet(43)) - raft.server.log.write.buffer.size = 33554432 (custom)
2019-07-13 12:54:17,350 INFO  server.RaftServerConfigKeys (ConfUtils.java:logGet(43)) - raft.server.log.force.sync.num = 128 (default)
2019-07-13 12:54:17,351 INFO  server.RaftServerConfigKeys (ConfUtils.java:logGet(43)) - raft.server.log.statemachine.data.sync = true (default)
2019-07-13 12:54:17,351 INFO  server.RaftServerConfigKeys (ConfUtils.java:logGet(43)) - raft.server.log.statemachine.data.sync.timeout = 10s (default)
2019-07-13 12:54:17,352 INFO  server.RaftServerConfigKeys (ConfUtils.java:logGet(43)) - raft.server.log.statemachine.data.sync.timeout.retry = -1 (default)
2019-07-13 12:54:17,360 INFO  server.RaftServerConfigKeys (ConfUtils.java:logGet(43)) - raft.server.log.statemachine.data.caching.enabled = true (custom)
2019-07-13 12:54:17,364 INFO  segmented.SegmentedRaftLogWorker (SegmentedRaftLogWorker.java:lambda$new$0(132)) - ba122834-ef25-4536-baf6-e65f1e66574a-SegmentedRaftLogWorker:Storage Directory /tmp/workdir/hadoop-ozone/integration-test/target/test-dir/MiniOzoneClusterImpl-1ec98762-6291-4205-8799-3ebd7a8a236f/datanode-0/data/ratis/1e83b1b5-39c1-4598-91ec-9911808aa5b8: flushIndex: setUnconditionally 0 -> -1
2019-07-13 12:54:17,368 INFO  server.RaftServerConfigKeys (ConfUtils.java:logGet(43)) - raft.server.snapshot.auto.trigger.enabled = true (custom)
2019-07-13 12:54:17,369 INFO  server.RaftServerConfigKeys (ConfUtils.java:logGet(43)) - raft.server.snapshot.auto.trigger.threshold = 10000 (custom)
2019-07-13 12:54:17,370 INFO  server.RaftServerConfigKeys (ConfUtils.java:logGet(43)) - raft.server.retrycache.expirytime = 600000ms (custom)
2019-07-13 12:54:17,388 INFO  impl.RaftServerImpl (RaftServerImpl.java:start(180)) - ba122834-ef25-4536-baf6-e65f1e66574a: start group-9911808AA5B8
2019-07-13 12:54:17,389 INFO  impl.RaftServerImpl (RaftServerImpl.java:setRole(171)) - ba122834-ef25-4536-baf6-e65f1e66574a:group-9911808AA5B8 changes role from null to FOLLOWER at term 0 for startAsFollower
2019-07-13 12:54:17,390 INFO  impl.RoleInfo (RoleInfo.java:updateAndGet(143)) - ba122834-ef25-4536-baf6-e65f1e66574a: start FollowerState
2019-07-13 12:54:17,392 INFO  util.JmxRegister (JmxRegister.java:tryRegister(44)) - Successfully registered JMX Bean with object name Ratis:service=RaftServer,group=group-9911808AA5B8,id=ba122834-ef25-4536-baf6-e65f1e66574a
2019-07-13 12:54:17,456 INFO  pipeline.PipelineStateManager (PipelineStateManager.java:addPipeline(56)) - Created pipeline Pipeline[ Id: 1e83b1b5-39c1-4598-91ec-9911808aa5b8, Nodes: ba122834-ef25-4536-baf6-e65f1e66574a{ip: 192.168.5.181, host: trunk-nightly-q2gwj-1111726333, networkLocation: /default-rack, certSerialId: null}, Type:RATIS, Factor:ONE, State:OPEN]
2019-07-13 12:54:17,488 INFO  impl.RaftServerProxy (RaftServerProxy.java:addNew(89)) - 03b3f447-2570-4487-84e8-39a0c3488c26: addNew group-B2E1B86013F5:[03b3f447-2570-4487-84e8-39a0c3488c26:192.168.5.181:43687] returns group-B2E1B86013F5:java.util.concurrent.CompletableFuture@5b6899be[Not completed]
2019-07-13 12:54:17,544 INFO  impl.RaftServerImpl (RaftServerImpl.java:<init>(93)) - 03b3f447-2570-4487-84e8-39a0c3488c26: new RaftServerImpl for group-B2E1B86013F5:[03b3f447-2570-4487-84e8-39a0c3488c26:192.168.5.181:43687] with ContainerStateMachine:uninitialized
2019-07-13 12:54:17,547 INFO  server.RaftServerConfigKeys (ConfUtils.java:logGet(43)) - raft.server.rpc.timeout.min = 5s (custom)
2019-07-13 12:54:17,547 INFO  server.RaftServerConfigKeys (ConfUtils.java:logGet(43)) - raft.server.rpc.timeout.max = 5200ms (custom)
2019-07-13 12:54:17,547 INFO  server.RaftServerConfigKeys (ConfUtils.java:logGet(43)) - raft.server.rpcslowness.timeout = 120s (custom)
2019-07-13 12:54:17,547 INFO  server.RaftServerConfigKeys (ConfUtils.java:logGet(43)) - raft.server.sleep.deviation.threshold = 300 (default)
2019-07-13 12:54:17,547 INFO  server.RaftServerConfigKeys (ConfUtils.java:logGet(43)) - raft.server.log.appender.install.snapshot.enabled = false (custom)
2019-07-13 12:54:17,548 INFO  impl.RaftServerImpl (ServerState.java:<init>(105)) - 03b3f447-2570-4487-84e8-39a0c3488c26:group-B2E1B86013F5 ConfigurationManager, init=-1: [03b3f447-2570-4487-84e8-39a0c3488c26:192.168.5.181:43687], old=null, confs=<EMPTY_MAP>
2019-07-13 12:54:17,548 INFO  server.RaftServerConfigKeys (ConfUtils.java:logGet(43)) - raft.server.storage.dir = [/tmp/workdir/hadoop-ozone/integration-test/target/test-dir/MiniOzoneClusterImpl-1ec98762-6291-4205-8799-3ebd7a8a236f/datanode-2/data/ratis] (custom)
2019-07-13 12:54:17,548 INFO  storage.RaftStorageDirectory (RaftStorageDirectory.java:analyzeStorage(246)) - The storage directory /tmp/workdir/hadoop-ozone/integration-test/target/test-dir/MiniOzoneClusterImpl-1ec98762-6291-4205-8799-3ebd7a8a236f/datanode-2/data/ratis/dc846eb1-85c7-4180-881e-b2e1b86013f5 does not exist. Creating ...
2019-07-13 12:54:17,559 INFO  ozone.MiniOzoneClusterImpl (MiniOzoneClusterImpl.java:lambda$waitForClusterToBeReady$0(142)) - Waiting for cluster to be ready. Got 6 of 7 DN Heartbeats.
2019-07-13 12:54:17,559 INFO  node.SCMNodeManager (SCMNodeManager.java:register(269)) - Registered Data node : 55ca4f00-69a2-485e-ada4-ad251175ae1e{ip: 192.168.5.181, host: trunk-nightly-q2gwj-1111726333, networkLocation: /default-rack, certSerialId: null}
2019-07-13 12:54:17,563 INFO  storage.RaftStorageDirectory (RaftStorageDirectory.java:tryLock(328)) - Lock on /tmp/workdir/hadoop-ozone/integration-test/target/test-dir/MiniOzoneClusterImpl-1ec98762-6291-4205-8799-3ebd7a8a236f/datanode-2/data/ratis/dc846eb1-85c7-4180-881e-b2e1b86013f5/in_use.lock acquired by nodename 12341@trunk-nightly-q2gwj-1111726333
2019-07-13 12:54:17,579 INFO  storage.RaftStorage (RaftStorage.java:format(72)) - Storage directory /tmp/workdir/hadoop-ozone/integration-test/target/test-dir/MiniOzoneClusterImpl-1ec98762-6291-4205-8799-3ebd7a8a236f/datanode-2/data/ratis/dc846eb1-85c7-4180-881e-b2e1b86013f5 has been successfully formatted.
2019-07-13 12:54:17,581 INFO  ratis.ContainerStateMachine (ContainerStateMachine.java:loadSnapshot(200)) - The snapshot info is null.Setting the last applied index to:(t:0, i:~)
2019-07-13 12:54:17,583 INFO  server.RaftServerConfigKeys (ConfUtils.java:logGet(43)) - raft.server.leader.election.timeout = 120s (custom)
2019-07-13 12:54:17,583 INFO  server.RaftServerConfigKeys (ConfUtils.java:logGet(43)) - raft.server.log.use.memory = false (default)
2019-07-13 12:54:17,583 INFO  server.RaftServerConfigKeys (ConfUtils.java:logGet(43)) - raft.server.log.purge.gap = 1000000000 (custom)
2019-07-13 12:54:17,583 INFO  server.RaftServerConfigKeys (ConfUtils.java:logGet(43)) - raft.server.log.appender.buffer.byte-limit = 33554432 (custom)
2019-07-13 12:54:17,583 INFO  server.RaftServerConfigKeys (ConfUtils.java:logGet(43)) - raft.server.log.segment.size.max = 1048576 (custom)
2019-07-13 12:54:17,584 INFO  server.RaftServerConfigKeys (ConfUtils.java:logGet(43)) - raft.server.log.segment.cache.num.max = 2 (custom)
2019-07-13 12:54:17,584 INFO  segmented.SegmentedRaftLogWorker (SegmentedRaftLogWorker.java:<init>(172)) - new 03b3f447-2570-4487-84e8-39a0c3488c26-SegmentedRaftLogWorker:Storage Directory /tmp/workdir/hadoop-ozone/integration-test/target/test-dir/MiniOzoneClusterImpl-1ec98762-6291-4205-8799-3ebd7a8a236f/datanode-2/data/ratis/dc846eb1-85c7-4180-881e-b2e1b86013f5 for RaftStorage:Storage Directory /tmp/workdir/hadoop-ozone/integration-test/target/test-dir/MiniOzoneClusterImpl-1ec98762-6291-4205-8799-3ebd7a8a236f/datanode-2/data/ratis/dc846eb1-85c7-4180-881e-b2e1b86013f5
2019-07-13 12:54:17,585 INFO  server.RaftServerConfigKeys (ConfUtils.java:logGet(43)) - raft.server.log.queue.byte-limit = 2147483647 (custom)
2019-07-13 12:54:17,585 INFO  server.RaftServerConfigKeys (ConfUtils.java:logGet(43)) - raft.server.log.queue.element-limit = 1024 (custom)
2019-07-13 12:54:17,586 INFO  server.RaftServerConfigKeys (ConfUtils.java:logGet(43)) - raft.server.log.segment.size.max = 1048576 (custom)
2019-07-13 12:54:17,586 INFO  server.RaftServerConfigKeys (ConfUtils.java:logGet(43)) - raft.server.log.preallocated.size = 16384 (custom)
2019-07-13 12:54:17,586 INFO  server.RaftServerConfigKeys (ConfUtils.java:logGet(43)) - raft.server.log.write.buffer.size = 33554432 (custom)
2019-07-13 12:54:17,586 INFO  server.RaftServerConfigKeys (ConfUtils.java:logGet(43)) - raft.server.log.force.sync.num = 128 (default)
2019-07-13 12:54:17,586 INFO  server.RaftServerConfigKeys (ConfUtils.java:logGet(43)) - raft.server.log.statemachine.data.sync = true (default)
2019-07-13 12:54:17,587 INFO  server.RaftServerConfigKeys (ConfUtils.java:logGet(43)) - raft.server.log.statemachine.data.sync.timeout = 10s (default)
2019-07-13 12:54:17,587 INFO  server.RaftServerConfigKeys (ConfUtils.java:logGet(43)) - raft.server.log.statemachine.data.sync.timeout.retry = -1 (default)
2019-07-13 12:54:17,587 INFO  server.RaftServerConfigKeys (ConfUtils.java:logGet(43)) - raft.server.log.statemachine.data.caching.enabled = true (custom)
2019-07-13 12:54:17,588 INFO  segmented.SegmentedRaftLogWorker (SegmentedRaftLogWorker.java:lambda$new$0(132)) - 03b3f447-2570-4487-84e8-39a0c3488c26-SegmentedRaftLogWorker:Storage Directory /tmp/workdir/hadoop-ozone/integration-test/target/test-dir/MiniOzoneClusterImpl-1ec98762-6291-4205-8799-3ebd7a8a236f/datanode-2/data/ratis/dc846eb1-85c7-4180-881e-b2e1b86013f5: flushIndex: setUnconditionally 0 -> -1
2019-07-13 12:54:17,588 INFO  server.RaftServerConfigKeys (ConfUtils.java:logGet(43)) - raft.server.snapshot.auto.trigger.enabled = true (custom)
2019-07-13 12:54:17,589 INFO  server.RaftServerConfigKeys (ConfUtils.java:logGet(43)) - raft.server.snapshot.auto.trigger.threshold = 10000 (custom)
2019-07-13 12:54:17,589 INFO  server.RaftServerConfigKeys (ConfUtils.java:logGet(43)) - raft.server.retrycache.expirytime = 600000ms (custom)
2019-07-13 12:54:17,589 INFO  impl.RaftServerImpl (RaftServerImpl.java:start(180)) - 03b3f447-2570-4487-84e8-39a0c3488c26: start group-B2E1B86013F5
2019-07-13 12:54:17,589 INFO  impl.RaftServerImpl (RaftServerImpl.java:setRole(171)) - 03b3f447-2570-4487-84e8-39a0c3488c26:group-B2E1B86013F5 changes role from null to FOLLOWER at term 0 for startAsFollower
2019-07-13 12:54:17,589 INFO  impl.RoleInfo (RoleInfo.java:updateAndGet(143)) - 03b3f447-2570-4487-84e8-39a0c3488c26: start FollowerState
2019-07-13 12:54:17,591 INFO  util.JmxRegister (JmxRegister.java:tryRegister(44)) - Successfully registered JMX Bean with object name Ratis:service=RaftServer,group=group-B2E1B86013F5,id=03b3f447-2570-4487-84e8-39a0c3488c26
2019-07-13 12:54:17,607 INFO  pipeline.PipelineStateManager (PipelineStateManager.java:addPipeline(56)) - Created pipeline Pipeline[ Id: dc846eb1-85c7-4180-881e-b2e1b86013f5, Nodes: 03b3f447-2570-4487-84e8-39a0c3488c26{ip: 192.168.5.181, host: trunk-nightly-q2gwj-1111726333, networkLocation: /default-rack, certSerialId: null}, Type:RATIS, Factor:ONE, State:OPEN]
2019-07-13 12:54:17,632 INFO  impl.RaftServerProxy (RaftServerProxy.java:addNew(89)) - 66d441ba-17eb-48b5-9e0d-25fe771f2ae4: addNew group-3CB221B4AF9B:[66d441ba-17eb-48b5-9e0d-25fe771f2ae4:192.168.5.181:35511] returns group-3CB221B4AF9B:java.util.concurrent.CompletableFuture@491e3a62[Not completed]
2019-07-13 12:54:17,641 INFO  impl.RaftServerImpl (RaftServerImpl.java:<init>(93)) - 66d441ba-17eb-48b5-9e0d-25fe771f2ae4: new RaftServerImpl for group-3CB221B4AF9B:[66d441ba-17eb-48b5-9e0d-25fe771f2ae4:192.168.5.181:35511] with ContainerStateMachine:uninitialized
2019-07-13 12:54:17,643 INFO  server.RaftServerConfigKeys (ConfUtils.java:logGet(43)) - raft.server.rpc.timeout.min = 5s (custom)
2019-07-13 12:54:17,643 INFO  server.RaftServerConfigKeys (ConfUtils.java:logGet(43)) - raft.server.rpc.timeout.max = 5200ms (custom)
2019-07-13 12:54:17,643 INFO  server.RaftServerConfigKeys (ConfUtils.java:logGet(43)) - raft.server.rpcslowness.timeout = 120s (custom)
2019-07-13 12:54:17,643 INFO  server.RaftServerConfigKeys (ConfUtils.java:logGet(43)) - raft.server.sleep.deviation.threshold = 300 (default)
2019-07-13 12:54:17,643 INFO  server.RaftServerConfigKeys (ConfUtils.java:logGet(43)) - raft.server.log.appender.install.snapshot.enabled = false (custom)
2019-07-13 12:54:17,644 INFO  impl.RaftServerImpl (ServerState.java:<init>(105)) - 66d441ba-17eb-48b5-9e0d-25fe771f2ae4:group-3CB221B4AF9B ConfigurationManager, init=-1: [66d441ba-17eb-48b5-9e0d-25fe771f2ae4:192.168.5.181:35511], old=null, confs=<EMPTY_MAP>
2019-07-13 12:54:17,644 INFO  server.RaftServerConfigKeys (ConfUtils.java:logGet(43)) - raft.server.storage.dir = [/tmp/workdir/hadoop-ozone/integration-test/target/test-dir/MiniOzoneClusterImpl-1ec98762-6291-4205-8799-3ebd7a8a236f/datanode-4/data/ratis] (custom)
2019-07-13 12:54:17,644 INFO  storage.RaftStorageDirectory (RaftStorageDirectory.java:analyzeStorage(246)) - The storage directory /tmp/workdir/hadoop-ozone/integration-test/target/test-dir/MiniOzoneClusterImpl-1ec98762-6291-4205-8799-3ebd7a8a236f/datanode-4/data/ratis/ba558734-7fba-4f4a-80aa-3cb221b4af9b does not exist. Creating ...
2019-07-13 12:54:17,649 INFO  storage.RaftStorageDirectory (RaftStorageDirectory.java:tryLock(328)) - Lock on /tmp/workdir/hadoop-ozone/integration-test/target/test-dir/MiniOzoneClusterImpl-1ec98762-6291-4205-8799-3ebd7a8a236f/datanode-4/data/ratis/ba558734-7fba-4f4a-80aa-3cb221b4af9b/in_use.lock acquired by nodename 12341@trunk-nightly-q2gwj-1111726333
2019-07-13 12:54:17,653 INFO  storage.RaftStorage (RaftStorage.java:format(72)) - Storage directory /tmp/workdir/hadoop-ozone/integration-test/target/test-dir/MiniOzoneClusterImpl-1ec98762-6291-4205-8799-3ebd7a8a236f/datanode-4/data/ratis/ba558734-7fba-4f4a-80aa-3cb221b4af9b has been successfully formatted.
2019-07-13 12:54:17,654 INFO  ratis.ContainerStateMachine (ContainerStateMachine.java:loadSnapshot(200)) - The snapshot info is null.Setting the last applied index to:(t:0, i:~)
2019-07-13 12:54:17,654 INFO  server.RaftServerConfigKeys (ConfUtils.java:logGet(43)) - raft.server.leader.election.timeout = 120s (custom)
2019-07-13 12:54:17,654 INFO  server.RaftServerConfigKeys (ConfUtils.java:logGet(43)) - raft.server.log.use.memory = false (default)
2019-07-13 12:54:17,654 INFO  server.RaftServerConfigKeys (ConfUtils.java:logGet(43)) - raft.server.log.purge.gap = 1000000000 (custom)
2019-07-13 12:54:17,654 INFO  server.RaftServerConfigKeys (ConfUtils.java:logGet(43)) - raft.server.log.appender.buffer.byte-limit = 33554432 (custom)
2019-07-13 12:54:17,655 INFO  server.RaftServerConfigKeys (ConfUtils.java:logGet(43)) - raft.server.log.segment.size.max = 1048576 (custom)
2019-07-13 12:54:17,655 INFO  server.RaftServerConfigKeys (ConfUtils.java:logGet(43)) - raft.server.log.segment.cache.num.max = 2 (custom)
2019-07-13 12:54:17,655 INFO  segmented.SegmentedRaftLogWorker (SegmentedRaftLogWorker.java:<init>(172)) - new 66d441ba-17eb-48b5-9e0d-25fe771f2ae4-SegmentedRaftLogWorker:Storage Directory /tmp/workdir/hadoop-ozone/integration-test/target/test-dir/MiniOzoneClusterImpl-1ec98762-6291-4205-8799-3ebd7a8a236f/datanode-4/data/ratis/ba558734-7fba-4f4a-80aa-3cb221b4af9b for RaftStorage:Storage Directory /tmp/workdir/hadoop-ozone/integration-test/target/test-dir/MiniOzoneClusterImpl-1ec98762-6291-4205-8799-3ebd7a8a236f/datanode-4/data/ratis/ba558734-7fba-4f4a-80aa-3cb221b4af9b
2019-07-13 12:54:17,655 INFO  server.RaftServerConfigKeys (ConfUtils.java:logGet(43)) - raft.server.log.queue.byte-limit = 2147483647 (custom)
2019-07-13 12:54:17,655 INFO  server.RaftServerConfigKeys (ConfUtils.java:logGet(43)) - raft.server.log.queue.element-limit = 1024 (custom)
2019-07-13 12:54:17,656 INFO  server.RaftServerConfigKeys (ConfUtils.java:logGet(43)) - raft.server.log.segment.size.max = 1048576 (custom)
2019-07-13 12:54:17,656 INFO  server.RaftServerConfigKeys (ConfUtils.java:logGet(43)) - raft.server.log.preallocated.size = 16384 (custom)
2019-07-13 12:54:17,656 INFO  server.RaftServerConfigKeys (ConfUtils.java:logGet(43)) - raft.server.log.write.buffer.size = 33554432 (custom)
2019-07-13 12:54:17,656 INFO  server.RaftServerConfigKeys (ConfUtils.java:logGet(43)) - raft.server.log.force.sync.num = 128 (default)
2019-07-13 12:54:17,657 INFO  server.RaftServerConfigKeys (ConfUtils.java:logGet(43)) - raft.server.log.statemachine.data.sync = true (default)
2019-07-13 12:54:17,657 INFO  server.RaftServerConfigKeys (ConfUtils.java:logGet(43)) - raft.server.log.statemachine.data.sync.timeout = 10s (default)
2019-07-13 12:54:17,657 INFO  server.RaftServerConfigKeys (ConfUtils.java:logGet(43)) - raft.server.log.statemachine.data.sync.timeout.retry = -1 (default)
2019-07-13 12:54:17,657 INFO  server.RaftServerConfigKeys (ConfUtils.java:logGet(43)) - raft.server.log.statemachine.data.caching.enabled = true (custom)
2019-07-13 12:54:17,658 INFO  segmented.SegmentedRaftLogWorker (SegmentedRaftLogWorker.java:lambda$new$0(132)) - 66d441ba-17eb-48b5-9e0d-25fe771f2ae4-SegmentedRaftLogWorker:Storage Directory /tmp/workdir/hadoop-ozone/integration-test/target/test-dir/MiniOzoneClusterImpl-1ec98762-6291-4205-8799-3ebd7a8a236f/datanode-4/data/ratis/ba558734-7fba-4f4a-80aa-3cb221b4af9b: flushIndex: setUnconditionally 0 -> -1
2019-07-13 12:54:17,658 INFO  server.RaftServerConfigKeys (ConfUtils.java:logGet(43)) - raft.server.snapshot.auto.trigger.enabled = true (custom)
2019-07-13 12:54:17,659 INFO  server.RaftServerConfigKeys (ConfUtils.java:logGet(43)) - raft.server.snapshot.auto.trigger.threshold = 10000 (custom)
2019-07-13 12:54:17,659 INFO  server.RaftServerConfigKeys (ConfUtils.java:logGet(43)) - raft.server.retrycache.expirytime = 600000ms (custom)
2019-07-13 12:54:17,659 INFO  impl.RaftServerImpl (RaftServerImpl.java:start(180)) - 66d441ba-17eb-48b5-9e0d-25fe771f2ae4: start group-3CB221B4AF9B
2019-07-13 12:54:17,659 INFO  impl.RaftServerImpl (RaftServerImpl.java:setRole(171)) - 66d441ba-17eb-48b5-9e0d-25fe771f2ae4:group-3CB221B4AF9B changes role from null to FOLLOWER at term 0 for startAsFollower
2019-07-13 12:54:17,659 INFO  impl.RoleInfo (RoleInfo.java:updateAndGet(143)) - 66d441ba-17eb-48b5-9e0d-25fe771f2ae4: start FollowerState
2019-07-13 12:54:17,660 INFO  util.JmxRegister (JmxRegister.java:tryRegister(44)) - Successfully registered JMX Bean with object name Ratis:service=RaftServer,group=group-3CB221B4AF9B,id=66d441ba-17eb-48b5-9e0d-25fe771f2ae4
2019-07-13 12:54:17,675 INFO  pipeline.PipelineStateManager (PipelineStateManager.java:addPipeline(56)) - Created pipeline Pipeline[ Id: ba558734-7fba-4f4a-80aa-3cb221b4af9b, Nodes: 66d441ba-17eb-48b5-9e0d-25fe771f2ae4{ip: 192.168.5.181, host: trunk-nightly-q2gwj-1111726333, networkLocation: /default-rack, certSerialId: null}, Type:RATIS, Factor:ONE, State:OPEN]
2019-07-13 12:54:17,700 INFO  impl.RaftServerProxy (RaftServerProxy.java:addNew(89)) - 8400e1d4-a14b-415b-a388-5524dc356515: addNew group-026F4366F6F2:[8400e1d4-a14b-415b-a388-5524dc356515:192.168.5.181:38704] returns group-026F4366F6F2:java.util.concurrent.CompletableFuture@132dd8c6[Not completed]
2019-07-13 12:54:17,702 INFO  impl.RaftServerImpl (RaftServerImpl.java:<init>(93)) - 8400e1d4-a14b-415b-a388-5524dc356515: new RaftServerImpl for group-026F4366F6F2:[8400e1d4-a14b-415b-a388-5524dc356515:192.168.5.181:38704] with ContainerStateMachine:uninitialized
2019-07-13 12:54:17,703 INFO  server.RaftServerConfigKeys (ConfUtils.java:logGet(43)) - raft.server.rpc.timeout.min = 5s (custom)
2019-07-13 12:54:17,704 INFO  server.RaftServerConfigKeys (ConfUtils.java:logGet(43)) - raft.server.rpc.timeout.max = 5200ms (custom)
2019-07-13 12:54:17,704 INFO  server.RaftServerConfigKeys (ConfUtils.java:logGet(43)) - raft.server.rpcslowness.timeout = 120s (custom)
2019-07-13 12:54:17,704 INFO  server.RaftServerConfigKeys (ConfUtils.java:logGet(43)) - raft.server.sleep.deviation.threshold = 300 (default)
2019-07-13 12:54:17,704 INFO  server.RaftServerConfigKeys (ConfUtils.java:logGet(43)) - raft.server.log.appender.install.snapshot.enabled = false (custom)
2019-07-13 12:54:17,704 INFO  impl.RaftServerImpl (ServerState.java:<init>(105)) - 8400e1d4-a14b-415b-a388-5524dc356515:group-026F4366F6F2 ConfigurationManager, init=-1: [8400e1d4-a14b-415b-a388-5524dc356515:192.168.5.181:38704], old=null, confs=<EMPTY_MAP>
2019-07-13 12:54:17,704 INFO  server.RaftServerConfigKeys (ConfUtils.java:logGet(43)) - raft.server.storage.dir = [/tmp/workdir/hadoop-ozone/integration-test/target/test-dir/MiniOzoneClusterImpl-1ec98762-6291-4205-8799-3ebd7a8a236f/datanode-5/data/ratis] (custom)
2019-07-13 12:54:17,705 INFO  storage.RaftStorageDirectory (RaftStorageDirectory.java:analyzeStorage(246)) - The storage directory /tmp/workdir/hadoop-ozone/integration-test/target/test-dir/MiniOzoneClusterImpl-1ec98762-6291-4205-8799-3ebd7a8a236f/datanode-5/data/ratis/e5cb8b47-8c00-4c93-b8a9-026f4366f6f2 does not exist. Creating ...
2019-07-13 12:54:17,716 INFO  storage.RaftStorageDirectory (RaftStorageDirectory.java:tryLock(328)) - Lock on /tmp/workdir/hadoop-ozone/integration-test/target/test-dir/MiniOzoneClusterImpl-1ec98762-6291-4205-8799-3ebd7a8a236f/datanode-5/data/ratis/e5cb8b47-8c00-4c93-b8a9-026f4366f6f2/in_use.lock acquired by nodename 12341@trunk-nightly-q2gwj-1111726333
2019-07-13 12:54:17,721 INFO  storage.RaftStorage (RaftStorage.java:format(72)) - Storage directory /tmp/workdir/hadoop-ozone/integration-test/target/test-dir/MiniOzoneClusterImpl-1ec98762-6291-4205-8799-3ebd7a8a236f/datanode-5/data/ratis/e5cb8b47-8c00-4c93-b8a9-026f4366f6f2 has been successfully formatted.
2019-07-13 12:54:17,721 INFO  ratis.ContainerStateMachine (ContainerStateMachine.java:loadSnapshot(200)) - The snapshot info is null.Setting the last applied index to:(t:0, i:~)
2019-07-13 12:54:17,721 INFO  server.RaftServerConfigKeys (ConfUtils.java:logGet(43)) - raft.server.leader.election.timeout = 120s (custom)
2019-07-13 12:54:17,721 INFO  server.RaftServerConfigKeys (ConfUtils.java:logGet(43)) - raft.server.log.use.memory = false (default)
2019-07-13 12:54:17,721 INFO  server.RaftServerConfigKeys (ConfUtils.java:logGet(43)) - raft.server.log.purge.gap = 1000000000 (custom)
2019-07-13 12:54:17,722 INFO  server.RaftServerConfigKeys (ConfUtils.java:logGet(43)) - raft.server.log.appender.buffer.byte-limit = 33554432 (custom)
2019-07-13 12:54:17,722 INFO  server.RaftServerConfigKeys (ConfUtils.java:logGet(43)) - raft.server.log.segment.size.max = 1048576 (custom)
2019-07-13 12:54:17,722 INFO  server.RaftServerConfigKeys (ConfUtils.java:logGet(43)) - raft.server.log.segment.cache.num.max = 2 (custom)
2019-07-13 12:54:17,722 INFO  segmented.SegmentedRaftLogWorker (SegmentedRaftLogWorker.java:<init>(172)) - new 8400e1d4-a14b-415b-a388-5524dc356515-SegmentedRaftLogWorker:Storage Directory /tmp/workdir/hadoop-ozone/integration-test/target/test-dir/MiniOzoneClusterImpl-1ec98762-6291-4205-8799-3ebd7a8a236f/datanode-5/data/ratis/e5cb8b47-8c00-4c93-b8a9-026f4366f6f2 for RaftStorage:Storage Directory /tmp/workdir/hadoop-ozone/integration-test/target/test-dir/MiniOzoneClusterImpl-1ec98762-6291-4205-8799-3ebd7a8a236f/datanode-5/data/ratis/e5cb8b47-8c00-4c93-b8a9-026f4366f6f2
2019-07-13 12:54:17,722 INFO  server.RaftServerConfigKeys (ConfUtils.java:logGet(43)) - raft.server.log.queue.byte-limit = 2147483647 (custom)
2019-07-13 12:54:17,722 INFO  server.RaftServerConfigKeys (ConfUtils.java:logGet(43)) - raft.server.log.queue.element-limit = 1024 (custom)
2019-07-13 12:54:17,722 INFO  server.RaftServerConfigKeys (ConfUtils.java:logGet(43)) - raft.server.log.segment.size.max = 1048576 (custom)
2019-07-13 12:54:17,723 INFO  server.RaftServerConfigKeys (ConfUtils.java:logGet(43)) - raft.server.log.preallocated.size = 16384 (custom)
2019-07-13 12:54:17,723 INFO  server.RaftServerConfigKeys (ConfUtils.java:logGet(43)) - raft.server.log.write.buffer.size = 33554432 (custom)
2019-07-13 12:54:17,723 INFO  server.RaftServerConfigKeys (ConfUtils.java:logGet(43)) - raft.server.log.force.sync.num = 128 (default)
2019-07-13 12:54:17,723 INFO  server.RaftServerConfigKeys (ConfUtils.java:logGet(43)) - raft.server.log.statemachine.data.sync = true (default)
2019-07-13 12:54:17,723 INFO  server.RaftServerConfigKeys (ConfUtils.java:logGet(43)) - raft.server.log.statemachine.data.sync.timeout = 10s (default)
2019-07-13 12:54:17,723 INFO  server.RaftServerConfigKeys (ConfUtils.java:logGet(43)) - raft.server.log.statemachine.data.sync.timeout.retry = -1 (default)
2019-07-13 12:54:17,723 INFO  server.RaftServerConfigKeys (ConfUtils.java:logGet(43)) - raft.server.log.statemachine.data.caching.enabled = true (custom)
2019-07-13 12:54:17,724 INFO  segmented.SegmentedRaftLogWorker (SegmentedRaftLogWorker.java:lambda$new$0(132)) - 8400e1d4-a14b-415b-a388-5524dc356515-SegmentedRaftLogWorker:Storage Directory /tmp/workdir/hadoop-ozone/integration-test/target/test-dir/MiniOzoneClusterImpl-1ec98762-6291-4205-8799-3ebd7a8a236f/datanode-5/data/ratis/e5cb8b47-8c00-4c93-b8a9-026f4366f6f2: flushIndex: setUnconditionally 0 -> -1
2019-07-13 12:54:17,724 INFO  server.RaftServerConfigKeys (ConfUtils.java:logGet(43)) - raft.server.snapshot.auto.trigger.enabled = true (custom)
2019-07-13 12:54:17,724 INFO  server.RaftServerConfigKeys (ConfUtils.java:logGet(43)) - raft.server.snapshot.auto.trigger.threshold = 10000 (custom)
2019-07-13 12:54:17,724 INFO  server.RaftServerConfigKeys (ConfUtils.java:logGet(43)) - raft.server.retrycache.expirytime = 600000ms (custom)
2019-07-13 12:54:17,724 INFO  impl.RaftServerImpl (RaftServerImpl.java:start(180)) - 8400e1d4-a14b-415b-a388-5524dc356515: start group-026F4366F6F2
2019-07-13 12:54:17,725 INFO  impl.RaftServerImpl (RaftServerImpl.java:setRole(171)) - 8400e1d4-a14b-415b-a388-5524dc356515:group-026F4366F6F2 changes role from null to FOLLOWER at term 0 for startAsFollower
2019-07-13 12:54:17,725 INFO  impl.RoleInfo (RoleInfo.java:updateAndGet(143)) - 8400e1d4-a14b-415b-a388-5524dc356515: start FollowerState
2019-07-13 12:54:17,725 INFO  util.JmxRegister (JmxRegister.java:tryRegister(44)) - Successfully registered JMX Bean with object name Ratis:service=RaftServer,group=group-026F4366F6F2,id=8400e1d4-a14b-415b-a388-5524dc356515
2019-07-13 12:54:17,739 INFO  pipeline.PipelineStateManager (PipelineStateManager.java:addPipeline(56)) - Created pipeline Pipeline[ Id: e5cb8b47-8c00-4c93-b8a9-026f4366f6f2, Nodes: 8400e1d4-a14b-415b-a388-5524dc356515{ip: 192.168.5.181, host: trunk-nightly-q2gwj-1111726333, networkLocation: /default-rack, certSerialId: null}, Type:RATIS, Factor:ONE, State:OPEN]
2019-07-13 12:54:17,765 INFO  impl.RaftServerProxy (RaftServerProxy.java:addNew(89)) - cb4c3959-5da2-4137-815d-e3d67775a032: addNew group-D85B16EA0B02:[cb4c3959-5da2-4137-815d-e3d67775a032:192.168.5.181:39320] returns group-D85B16EA0B02:java.util.concurrent.CompletableFuture@3c9e9ce[Not completed]
2019-07-13 12:54:17,767 INFO  impl.RaftServerImpl (RaftServerImpl.java:<init>(93)) - cb4c3959-5da2-4137-815d-e3d67775a032: new RaftServerImpl for group-D85B16EA0B02:[cb4c3959-5da2-4137-815d-e3d67775a032:192.168.5.181:39320] with ContainerStateMachine:uninitialized
2019-07-13 12:54:17,773 INFO  server.RaftServerConfigKeys (ConfUtils.java:logGet(43)) - raft.server.rpc.timeout.min = 5s (custom)
2019-07-13 12:54:17,773 INFO  server.RaftServerConfigKeys (ConfUtils.java:logGet(43)) - raft.server.rpc.timeout.max = 5200ms (custom)
2019-07-13 12:54:17,773 INFO  server.RaftServerConfigKeys (ConfUtils.java:logGet(43)) - raft.server.rpcslowness.timeout = 120s (custom)
2019-07-13 12:54:17,774 INFO  server.RaftServerConfigKeys (ConfUtils.java:logGet(43)) - raft.server.sleep.deviation.threshold = 300 (default)
2019-07-13 12:54:17,774 INFO  server.RaftServerConfigKeys (ConfUtils.java:logGet(43)) - raft.server.log.appender.install.snapshot.enabled = false (custom)
2019-07-13 12:54:17,774 INFO  impl.RaftServerImpl (ServerState.java:<init>(105)) - cb4c3959-5da2-4137-815d-e3d67775a032:group-D85B16EA0B02 ConfigurationManager, init=-1: [cb4c3959-5da2-4137-815d-e3d67775a032:192.168.5.181:39320], old=null, confs=<EMPTY_MAP>
2019-07-13 12:54:17,774 INFO  server.RaftServerConfigKeys (ConfUtils.java:logGet(43)) - raft.server.storage.dir = [/tmp/workdir/hadoop-ozone/integration-test/target/test-dir/MiniOzoneClusterImpl-1ec98762-6291-4205-8799-3ebd7a8a236f/datanode-1/data/ratis] (custom)
2019-07-13 12:54:17,775 INFO  storage.RaftStorageDirectory (RaftStorageDirectory.java:analyzeStorage(246)) - The storage directory /tmp/workdir/hadoop-ozone/integration-test/target/test-dir/MiniOzoneClusterImpl-1ec98762-6291-4205-8799-3ebd7a8a236f/datanode-1/data/ratis/66bac202-73bb-4b59-a0be-d85b16ea0b02 does not exist. Creating ...
2019-07-13 12:54:17,787 INFO  storage.RaftStorageDirectory (RaftStorageDirectory.java:tryLock(328)) - Lock on /tmp/workdir/hadoop-ozone/integration-test/target/test-dir/MiniOzoneClusterImpl-1ec98762-6291-4205-8799-3ebd7a8a236f/datanode-1/data/ratis/66bac202-73bb-4b59-a0be-d85b16ea0b02/in_use.lock acquired by nodename 12341@trunk-nightly-q2gwj-1111726333
2019-07-13 12:54:17,790 INFO  storage.RaftStorage (RaftStorage.java:format(72)) - Storage directory /tmp/workdir/hadoop-ozone/integration-test/target/test-dir/MiniOzoneClusterImpl-1ec98762-6291-4205-8799-3ebd7a8a236f/datanode-1/data/ratis/66bac202-73bb-4b59-a0be-d85b16ea0b02 has been successfully formatted.
2019-07-13 12:54:17,790 INFO  ratis.ContainerStateMachine (ContainerStateMachine.java:loadSnapshot(200)) - The snapshot info is null.Setting the last applied index to:(t:0, i:~)
2019-07-13 12:54:17,791 INFO  server.RaftServerConfigKeys (ConfUtils.java:logGet(43)) - raft.server.leader.election.timeout = 120s (custom)
2019-07-13 12:54:17,791 INFO  server.RaftServerConfigKeys (ConfUtils.java:logGet(43)) - raft.server.log.use.memory = false (default)
2019-07-13 12:54:17,791 INFO  server.RaftServerConfigKeys (ConfUtils.java:logGet(43)) - raft.server.log.purge.gap = 1000000000 (custom)
2019-07-13 12:54:17,791 INFO  server.RaftServerConfigKeys (ConfUtils.java:logGet(43)) - raft.server.log.appender.buffer.byte-limit = 33554432 (custom)
2019-07-13 12:54:17,791 INFO  server.RaftServerConfigKeys (ConfUtils.java:logGet(43)) - raft.server.log.segment.size.max = 1048576 (custom)
2019-07-13 12:54:17,792 INFO  server.RaftServerConfigKeys (ConfUtils.java:logGet(43)) - raft.server.log.segment.cache.num.max = 2 (custom)
2019-07-13 12:54:17,792 INFO  segmented.SegmentedRaftLogWorker (SegmentedRaftLogWorker.java:<init>(172)) - new cb4c3959-5da2-4137-815d-e3d67775a032-SegmentedRaftLogWorker:Storage Directory /tmp/workdir/hadoop-ozone/integration-test/target/test-dir/MiniOzoneClusterImpl-1ec98762-6291-4205-8799-3ebd7a8a236f/datanode-1/data/ratis/66bac202-73bb-4b59-a0be-d85b16ea0b02 for RaftStorage:Storage Directory /tmp/workdir/hadoop-ozone/integration-test/target/test-dir/MiniOzoneClusterImpl-1ec98762-6291-4205-8799-3ebd7a8a236f/datanode-1/data/ratis/66bac202-73bb-4b59-a0be-d85b16ea0b02
2019-07-13 12:54:17,792 INFO  server.RaftServerConfigKeys (ConfUtils.java:logGet(43)) - raft.server.log.queue.byte-limit = 2147483647 (custom)
2019-07-13 12:54:17,792 INFO  server.RaftServerConfigKeys (ConfUtils.java:logGet(43)) - raft.server.log.queue.element-limit = 1024 (custom)
2019-07-13 12:54:17,793 INFO  server.RaftServerConfigKeys (ConfUtils.java:logGet(43)) - raft.server.log.segment.size.max = 1048576 (custom)
2019-07-13 12:54:17,793 INFO  server.RaftServerConfigKeys (ConfUtils.java:logGet(43)) - raft.server.log.preallocated.size = 16384 (custom)
2019-07-13 12:54:17,793 INFO  server.RaftServerConfigKeys (ConfUtils.java:logGet(43)) - raft.server.log.write.buffer.size = 33554432 (custom)
2019-07-13 12:54:17,793 INFO  server.RaftServerConfigKeys (ConfUtils.java:logGet(43)) - raft.server.log.force.sync.num = 128 (default)
2019-07-13 12:54:17,793 INFO  server.RaftServerConfigKeys (ConfUtils.java:logGet(43)) - raft.server.log.statemachine.data.sync = true (default)
2019-07-13 12:54:17,793 INFO  server.RaftServerConfigKeys (ConfUtils.java:logGet(43)) - raft.server.log.statemachine.data.sync.timeout = 10s (default)
2019-07-13 12:54:17,794 INFO  server.RaftServerConfigKeys (ConfUtils.java:logGet(43)) - raft.server.log.statemachine.data.sync.timeout.retry = -1 (default)
2019-07-13 12:54:17,794 INFO  server.RaftServerConfigKeys (ConfUtils.java:logGet(43)) - raft.server.log.statemachine.data.caching.enabled = true (custom)
2019-07-13 12:54:17,794 INFO  segmented.SegmentedRaftLogWorker (SegmentedRaftLogWorker.java:lambda$new$0(132)) - cb4c3959-5da2-4137-815d-e3d67775a032-SegmentedRaftLogWorker:Storage Directory /tmp/workdir/hadoop-ozone/integration-test/target/test-dir/MiniOzoneClusterImpl-1ec98762-6291-4205-8799-3ebd7a8a236f/datanode-1/data/ratis/66bac202-73bb-4b59-a0be-d85b16ea0b02: flushIndex: setUnconditionally 0 -> -1
2019-07-13 12:54:17,795 INFO  server.RaftServerConfigKeys (ConfUtils.java:logGet(43)) - raft.server.snapshot.auto.trigger.enabled = true (custom)
2019-07-13 12:54:17,795 INFO  server.RaftServerConfigKeys (ConfUtils.java:logGet(43)) - raft.server.snapshot.auto.trigger.threshold = 10000 (custom)
2019-07-13 12:54:17,795 INFO  server.RaftServerConfigKeys (ConfUtils.java:logGet(43)) - raft.server.retrycache.expirytime = 600000ms (custom)
2019-07-13 12:54:17,796 INFO  impl.RaftServerImpl (RaftServerImpl.java:start(180)) - cb4c3959-5da2-4137-815d-e3d67775a032: start group-D85B16EA0B02
2019-07-13 12:54:17,796 INFO  impl.RaftServerImpl (RaftServerImpl.java:setRole(171)) - cb4c3959-5da2-4137-815d-e3d67775a032:group-D85B16EA0B02 changes role from null to FOLLOWER at term 0 for startAsFollower
2019-07-13 12:54:17,796 INFO  impl.RoleInfo (RoleInfo.java:updateAndGet(143)) - cb4c3959-5da2-4137-815d-e3d67775a032: start FollowerState
2019-07-13 12:54:17,797 INFO  util.JmxRegister (JmxRegister.java:tryRegister(44)) - Successfully registered JMX Bean with object name Ratis:service=RaftServer,group=group-D85B16EA0B02,id=cb4c3959-5da2-4137-815d-e3d67775a032
2019-07-13 12:54:17,812 INFO  pipeline.PipelineStateManager (PipelineStateManager.java:addPipeline(56)) - Created pipeline Pipeline[ Id: 66bac202-73bb-4b59-a0be-d85b16ea0b02, Nodes: cb4c3959-5da2-4137-815d-e3d67775a032{ip: 192.168.5.181, host: trunk-nightly-q2gwj-1111726333, networkLocation: /default-rack, certSerialId: null}, Type:RATIS, Factor:ONE, State:OPEN]
2019-07-13 12:54:17,842 INFO  impl.RaftServerProxy (RaftServerProxy.java:addNew(89)) - 55ca4f00-69a2-485e-ada4-ad251175ae1e: addNew group-013883A034E2:[55ca4f00-69a2-485e-ada4-ad251175ae1e:192.168.5.181:45025] returns group-013883A034E2:java.util.concurrent.CompletableFuture@43de4972[Not completed]
2019-07-13 12:54:17,844 INFO  impl.RaftServerImpl (RaftServerImpl.java:<init>(93)) - 55ca4f00-69a2-485e-ada4-ad251175ae1e: new RaftServerImpl for group-013883A034E2:[55ca4f00-69a2-485e-ada4-ad251175ae1e:192.168.5.181:45025] with ContainerStateMachine:uninitialized
2019-07-13 12:54:17,844 INFO  server.RaftServerConfigKeys (ConfUtils.java:logGet(43)) - raft.server.rpc.timeout.min = 5s (custom)
2019-07-13 12:54:17,844 INFO  server.RaftServerConfigKeys (ConfUtils.java:logGet(43)) - raft.server.rpc.timeout.max = 5200ms (custom)
2019-07-13 12:54:17,844 INFO  server.RaftServerConfigKeys (ConfUtils.java:logGet(43)) - raft.server.rpcslowness.timeout = 120s (custom)
2019-07-13 12:54:17,845 INFO  server.RaftServerConfigKeys (ConfUtils.java:logGet(43)) - raft.server.sleep.deviation.threshold = 300 (default)
2019-07-13 12:54:17,845 INFO  server.RaftServerConfigKeys (ConfUtils.java:logGet(43)) - raft.server.log.appender.install.snapshot.enabled = false (custom)
2019-07-13 12:54:17,845 INFO  impl.RaftServerImpl (ServerState.java:<init>(105)) - 55ca4f00-69a2-485e-ada4-ad251175ae1e:group-013883A034E2 ConfigurationManager, init=-1: [55ca4f00-69a2-485e-ada4-ad251175ae1e:192.168.5.181:45025], old=null, confs=<EMPTY_MAP>
2019-07-13 12:54:17,845 INFO  server.RaftServerConfigKeys (ConfUtils.java:logGet(43)) - raft.server.storage.dir = [/tmp/workdir/hadoop-ozone/integration-test/target/test-dir/MiniOzoneClusterImpl-1ec98762-6291-4205-8799-3ebd7a8a236f/datanode-6/data/ratis] (custom)
2019-07-13 12:54:17,846 INFO  storage.RaftStorageDirectory (RaftStorageDirectory.java:analyzeStorage(246)) - The storage directory /tmp/workdir/hadoop-ozone/integration-test/target/test-dir/MiniOzoneClusterImpl-1ec98762-6291-4205-8799-3ebd7a8a236f/datanode-6/data/ratis/87929678-f008-468a-8977-013883a034e2 does not exist. Creating ...
2019-07-13 12:54:17,858 INFO  storage.RaftStorageDirectory (RaftStorageDirectory.java:tryLock(328)) - Lock on /tmp/workdir/hadoop-ozone/integration-test/target/test-dir/MiniOzoneClusterImpl-1ec98762-6291-4205-8799-3ebd7a8a236f/datanode-6/data/ratis/87929678-f008-468a-8977-013883a034e2/in_use.lock acquired by nodename 12341@trunk-nightly-q2gwj-1111726333
2019-07-13 12:54:17,865 INFO  storage.RaftStorage (RaftStorage.java:format(72)) - Storage directory /tmp/workdir/hadoop-ozone/integration-test/target/test-dir/MiniOzoneClusterImpl-1ec98762-6291-4205-8799-3ebd7a8a236f/datanode-6/data/ratis/87929678-f008-468a-8977-013883a034e2 has been successfully formatted.
2019-07-13 12:54:17,865 INFO  ratis.ContainerStateMachine (ContainerStateMachine.java:loadSnapshot(200)) - The snapshot info is null.Setting the last applied index to:(t:0, i:~)
2019-07-13 12:54:17,865 INFO  server.RaftServerConfigKeys (ConfUtils.java:logGet(43)) - raft.server.leader.election.timeout = 120s (custom)
2019-07-13 12:54:17,865 INFO  server.RaftServerConfigKeys (ConfUtils.java:logGet(43)) - raft.server.log.use.memory = false (default)
2019-07-13 12:54:17,866 INFO  server.RaftServerConfigKeys (ConfUtils.java:logGet(43)) - raft.server.log.purge.gap = 1000000000 (custom)
2019-07-13 12:54:17,866 INFO  server.RaftServerConfigKeys (ConfUtils.java:logGet(43)) - raft.server.log.appender.buffer.byte-limit = 33554432 (custom)
2019-07-13 12:54:17,866 INFO  server.RaftServerConfigKeys (ConfUtils.java:logGet(43)) - raft.server.log.segment.size.max = 1048576 (custom)
2019-07-13 12:54:17,866 INFO  server.RaftServerConfigKeys (ConfUtils.java:logGet(43)) - raft.server.log.segment.cache.num.max = 2 (custom)
2019-07-13 12:54:17,866 INFO  segmented.SegmentedRaftLogWorker (SegmentedRaftLogWorker.java:<init>(172)) - new 55ca4f00-69a2-485e-ada4-ad251175ae1e-SegmentedRaftLogWorker:Storage Directory /tmp/workdir/hadoop-ozone/integration-test/target/test-dir/MiniOzoneClusterImpl-1ec98762-6291-4205-8799-3ebd7a8a236f/datanode-6/data/ratis/87929678-f008-468a-8977-013883a034e2 for RaftStorage:Storage Directory /tmp/workdir/hadoop-ozone/integration-test/target/test-dir/MiniOzoneClusterImpl-1ec98762-6291-4205-8799-3ebd7a8a236f/datanode-6/data/ratis/87929678-f008-468a-8977-013883a034e2
2019-07-13 12:54:17,867 INFO  server.RaftServerConfigKeys (ConfUtils.java:logGet(43)) - raft.server.log.queue.byte-limit = 2147483647 (custom)
2019-07-13 12:54:17,867 INFO  server.RaftServerConfigKeys (ConfUtils.java:logGet(43)) - raft.server.log.queue.element-limit = 1024 (custom)
2019-07-13 12:54:17,867 INFO  server.RaftServerConfigKeys (ConfUtils.java:logGet(43)) - raft.server.log.segment.size.max = 1048576 (custom)
2019-07-13 12:54:17,867 INFO  server.RaftServerConfigKeys (ConfUtils.java:logGet(43)) - raft.server.log.preallocated.size = 16384 (custom)
2019-07-13 12:54:17,867 INFO  server.RaftServerConfigKeys (ConfUtils.java:logGet(43)) - raft.server.log.write.buffer.size = 33554432 (custom)
2019-07-13 12:54:17,868 INFO  server.RaftServerConfigKeys (ConfUtils.java:logGet(43)) - raft.server.log.force.sync.num = 128 (default)
2019-07-13 12:54:17,868 INFO  server.RaftServerConfigKeys (ConfUtils.java:logGet(43)) - raft.server.log.statemachine.data.sync = true (default)
2019-07-13 12:54:17,868 INFO  server.RaftServerConfigKeys (ConfUtils.java:logGet(43)) - raft.server.log.statemachine.data.sync.timeout = 10s (default)
2019-07-13 12:54:17,868 INFO  server.RaftServerConfigKeys (ConfUtils.java:logGet(43)) - raft.server.log.statemachine.data.sync.timeout.retry = -1 (default)
2019-07-13 12:54:17,869 INFO  server.RaftServerConfigKeys (ConfUtils.java:logGet(43)) - raft.server.log.statemachine.data.caching.enabled = true (custom)
2019-07-13 12:54:17,869 INFO  segmented.SegmentedRaftLogWorker (SegmentedRaftLogWorker.java:lambda$new$0(132)) - 55ca4f00-69a2-485e-ada4-ad251175ae1e-SegmentedRaftLogWorker:Storage Directory /tmp/workdir/hadoop-ozone/integration-test/target/test-dir/MiniOzoneClusterImpl-1ec98762-6291-4205-8799-3ebd7a8a236f/datanode-6/data/ratis/87929678-f008-468a-8977-013883a034e2: flushIndex: setUnconditionally 0 -> -1
2019-07-13 12:54:17,869 INFO  server.RaftServerConfigKeys (ConfUtils.java:logGet(43)) - raft.server.snapshot.auto.trigger.enabled = true (custom)
2019-07-13 12:54:17,870 INFO  server.RaftServerConfigKeys (ConfUtils.java:logGet(43)) - raft.server.snapshot.auto.trigger.threshold = 10000 (custom)
2019-07-13 12:54:17,870 INFO  server.RaftServerConfigKeys (ConfUtils.java:logGet(43)) - raft.server.retrycache.expirytime = 600000ms (custom)
2019-07-13 12:54:17,870 INFO  impl.RaftServerImpl (RaftServerImpl.java:start(180)) - 55ca4f00-69a2-485e-ada4-ad251175ae1e: start group-013883A034E2
2019-07-13 12:54:17,870 INFO  impl.RaftServerImpl (RaftServerImpl.java:setRole(171)) - 55ca4f00-69a2-485e-ada4-ad251175ae1e:group-013883A034E2 changes role from null to FOLLOWER at term 0 for startAsFollower
2019-07-13 12:54:17,871 INFO  impl.RoleInfo (RoleInfo.java:updateAndGet(143)) - 55ca4f00-69a2-485e-ada4-ad251175ae1e: start FollowerState
2019-07-13 12:54:17,871 INFO  util.JmxRegister (JmxRegister.java:tryRegister(44)) - Successfully registered JMX Bean with object name Ratis:service=RaftServer,group=group-013883A034E2,id=55ca4f00-69a2-485e-ada4-ad251175ae1e
2019-07-13 12:54:17,888 INFO  pipeline.PipelineStateManager (PipelineStateManager.java:addPipeline(56)) - Created pipeline Pipeline[ Id: 87929678-f008-468a-8977-013883a034e2, Nodes: 55ca4f00-69a2-485e-ada4-ad251175ae1e{ip: 192.168.5.181, host: trunk-nightly-q2gwj-1111726333, networkLocation: /default-rack, certSerialId: null}, Type:RATIS, Factor:ONE, State:OPEN]
2019-07-13 12:54:17,908 INFO  impl.RaftServerProxy (RaftServerProxy.java:addNew(89)) - 08f11e74-c0bf-4f58-94b8-d53b9cd4baa8: addNew group-22F1DD669492:[08f11e74-c0bf-4f58-94b8-d53b9cd4baa8:192.168.5.181:36376] returns group-22F1DD669492:java.util.concurrent.CompletableFuture@ba60dcf[Not completed]
2019-07-13 12:54:17,909 INFO  impl.RaftServerImpl (RaftServerImpl.java:<init>(93)) - 08f11e74-c0bf-4f58-94b8-d53b9cd4baa8: new RaftServerImpl for group-22F1DD669492:[08f11e74-c0bf-4f58-94b8-d53b9cd4baa8:192.168.5.181:36376] with ContainerStateMachine:uninitialized
2019-07-13 12:54:17,910 INFO  server.RaftServerConfigKeys (ConfUtils.java:logGet(43)) - raft.server.rpc.timeout.min = 5s (custom)
2019-07-13 12:54:17,910 INFO  server.RaftServerConfigKeys (ConfUtils.java:logGet(43)) - raft.server.rpc.timeout.max = 5200ms (custom)
2019-07-13 12:54:17,910 INFO  server.RaftServerConfigKeys (ConfUtils.java:logGet(43)) - raft.server.rpcslowness.timeout = 120s (custom)
2019-07-13 12:54:17,910 INFO  server.RaftServerConfigKeys (ConfUtils.java:logGet(43)) - raft.server.sleep.deviation.threshold = 300 (default)
2019-07-13 12:54:17,910 INFO  server.RaftServerConfigKeys (ConfUtils.java:logGet(43)) - raft.server.log.appender.install.snapshot.enabled = false (custom)
2019-07-13 12:54:17,911 INFO  impl.RaftServerImpl (ServerState.java:<init>(105)) - 08f11e74-c0bf-4f58-94b8-d53b9cd4baa8:group-22F1DD669492 ConfigurationManager, init=-1: [08f11e74-c0bf-4f58-94b8-d53b9cd4baa8:192.168.5.181:36376], old=null, confs=<EMPTY_MAP>
2019-07-13 12:54:17,911 INFO  server.RaftServerConfigKeys (ConfUtils.java:logGet(43)) - raft.server.storage.dir = [/tmp/workdir/hadoop-ozone/integration-test/target/test-dir/MiniOzoneClusterImpl-1ec98762-6291-4205-8799-3ebd7a8a236f/datanode-3/data/ratis] (custom)
2019-07-13 12:54:17,911 INFO  storage.RaftStorageDirectory (RaftStorageDirectory.java:analyzeStorage(246)) - The storage directory /tmp/workdir/hadoop-ozone/integration-test/target/test-dir/MiniOzoneClusterImpl-1ec98762-6291-4205-8799-3ebd7a8a236f/datanode-3/data/ratis/b666bdb2-63a9-42f1-a9d6-22f1dd669492 does not exist. Creating ...
2019-07-13 12:54:17,916 INFO  storage.RaftStorageDirectory (RaftStorageDirectory.java:tryLock(328)) - Lock on /tmp/workdir/hadoop-ozone/integration-test/target/test-dir/MiniOzoneClusterImpl-1ec98762-6291-4205-8799-3ebd7a8a236f/datanode-3/data/ratis/b666bdb2-63a9-42f1-a9d6-22f1dd669492/in_use.lock acquired by nodename 12341@trunk-nightly-q2gwj-1111726333
2019-07-13 12:54:17,919 INFO  storage.RaftStorage (RaftStorage.java:format(72)) - Storage directory /tmp/workdir/hadoop-ozone/integration-test/target/test-dir/MiniOzoneClusterImpl-1ec98762-6291-4205-8799-3ebd7a8a236f/datanode-3/data/ratis/b666bdb2-63a9-42f1-a9d6-22f1dd669492 has been successfully formatted.
2019-07-13 12:54:17,919 INFO  ratis.ContainerStateMachine (ContainerStateMachine.java:loadSnapshot(200)) - The snapshot info is null.Setting the last applied index to:(t:0, i:~)
2019-07-13 12:54:17,920 INFO  server.RaftServerConfigKeys (ConfUtils.java:logGet(43)) - raft.server.leader.election.timeout = 120s (custom)
2019-07-13 12:54:17,920 INFO  server.RaftServerConfigKeys (ConfUtils.java:logGet(43)) - raft.server.log.use.memory = false (default)
2019-07-13 12:54:17,920 INFO  server.RaftServerConfigKeys (ConfUtils.java:logGet(43)) - raft.server.log.purge.gap = 1000000000 (custom)
2019-07-13 12:54:17,920 INFO  server.RaftServerConfigKeys (ConfUtils.java:logGet(43)) - raft.server.log.appender.buffer.byte-limit = 33554432 (custom)
2019-07-13 12:54:17,920 INFO  server.RaftServerConfigKeys (ConfUtils.java:logGet(43)) - raft.server.log.segment.size.max = 1048576 (custom)
2019-07-13 12:54:17,920 INFO  server.RaftServerConfigKeys (ConfUtils.java:logGet(43)) - raft.server.log.segment.cache.num.max = 2 (custom)
2019-07-13 12:54:17,921 INFO  segmented.SegmentedRaftLogWorker (SegmentedRaftLogWorker.java:<init>(172)) - new 08f11e74-c0bf-4f58-94b8-d53b9cd4baa8-SegmentedRaftLogWorker:Storage Directory /tmp/workdir/hadoop-ozone/integration-test/target/test-dir/MiniOzoneClusterImpl-1ec98762-6291-4205-8799-3ebd7a8a236f/datanode-3/data/ratis/b666bdb2-63a9-42f1-a9d6-22f1dd669492 for RaftStorage:Storage Directory /tmp/workdir/hadoop-ozone/integration-test/target/test-dir/MiniOzoneClusterImpl-1ec98762-6291-4205-8799-3ebd7a8a236f/datanode-3/data/ratis/b666bdb2-63a9-42f1-a9d6-22f1dd669492
2019-07-13 12:54:17,921 INFO  server.RaftServerConfigKeys (ConfUtils.java:logGet(43)) - raft.server.log.queue.byte-limit = 2147483647 (custom)
2019-07-13 12:54:17,921 INFO  server.RaftServerConfigKeys (ConfUtils.java:logGet(43)) - raft.server.log.queue.element-limit = 1024 (custom)
2019-07-13 12:54:17,921 INFO  server.RaftServerConfigKeys (ConfUtils.java:logGet(43)) - raft.server.log.segment.size.max = 1048576 (custom)
2019-07-13 12:54:17,922 INFO  server.RaftServerConfigKeys (ConfUtils.java:logGet(43)) - raft.server.log.preallocated.size = 16384 (custom)
2019-07-13 12:54:17,922 INFO  server.RaftServerConfigKeys (ConfUtils.java:logGet(43)) - raft.server.log.write.buffer.size = 33554432 (custom)
2019-07-13 12:54:17,922 INFO  server.RaftServerConfigKeys (ConfUtils.java:logGet(43)) - raft.server.log.force.sync.num = 128 (default)
2019-07-13 12:54:17,922 INFO  server.RaftServerConfigKeys (ConfUtils.java:logGet(43)) - raft.server.log.statemachine.data.sync = true (default)
2019-07-13 12:54:17,922 INFO  server.RaftServerConfigKeys (ConfUtils.java:logGet(43)) - raft.server.log.statemachine.data.sync.timeout = 10s (default)
2019-07-13 12:54:17,923 INFO  server.RaftServerConfigKeys (ConfUtils.java:logGet(43)) - raft.server.log.statemachine.data.sync.timeout.retry = -1 (default)
2019-07-13 12:54:17,923 INFO  server.RaftServerConfigKeys (ConfUtils.java:logGet(43)) - raft.server.log.statemachine.data.caching.enabled = true (custom)
2019-07-13 12:54:17,923 INFO  segmented.SegmentedRaftLogWorker (SegmentedRaftLogWorker.java:lambda$new$0(132)) - 08f11e74-c0bf-4f58-94b8-d53b9cd4baa8-SegmentedRaftLogWorker:Storage Directory /tmp/workdir/hadoop-ozone/integration-test/target/test-dir/MiniOzoneClusterImpl-1ec98762-6291-4205-8799-3ebd7a8a236f/datanode-3/data/ratis/b666bdb2-63a9-42f1-a9d6-22f1dd669492: flushIndex: setUnconditionally 0 -> -1
2019-07-13 12:54:17,924 INFO  server.RaftServerConfigKeys (ConfUtils.java:logGet(43)) - raft.server.snapshot.auto.trigger.enabled = true (custom)
2019-07-13 12:54:17,924 INFO  server.RaftServerConfigKeys (ConfUtils.java:logGet(43)) - raft.server.snapshot.auto.trigger.threshold = 10000 (custom)
2019-07-13 12:54:17,924 INFO  server.RaftServerConfigKeys (ConfUtils.java:logGet(43)) - raft.server.retrycache.expirytime = 600000ms (custom)
2019-07-13 12:54:17,925 INFO  impl.RaftServerImpl (RaftServerImpl.java:start(180)) - 08f11e74-c0bf-4f58-94b8-d53b9cd4baa8: start group-22F1DD669492
2019-07-13 12:54:17,925 INFO  impl.RaftServerImpl (RaftServerImpl.java:setRole(171)) - 08f11e74-c0bf-4f58-94b8-d53b9cd4baa8:group-22F1DD669492 changes role from null to FOLLOWER at term 0 for startAsFollower
2019-07-13 12:54:17,925 INFO  impl.RoleInfo (RoleInfo.java:updateAndGet(143)) - 08f11e74-c0bf-4f58-94b8-d53b9cd4baa8: start FollowerState
2019-07-13 12:54:17,926 INFO  util.JmxRegister (JmxRegister.java:tryRegister(44)) - Successfully registered JMX Bean with object name Ratis:service=RaftServer,group=group-22F1DD669492,id=08f11e74-c0bf-4f58-94b8-d53b9cd4baa8
2019-07-13 12:54:17,945 INFO  pipeline.PipelineStateManager (PipelineStateManager.java:addPipeline(56)) - Created pipeline Pipeline[ Id: b666bdb2-63a9-42f1-a9d6-22f1dd669492, Nodes: 08f11e74-c0bf-4f58-94b8-d53b9cd4baa8{ip: 192.168.5.181, host: trunk-nightly-q2gwj-1111726333, networkLocation: /default-rack, certSerialId: null}, Type:RATIS, Factor:ONE, State:OPEN]
2019-07-13 12:54:17,984 INFO  impl.RaftServerProxy (RaftServerProxy.java:addNew(89)) - ba122834-ef25-4536-baf6-e65f1e66574a: addNew group-C69C33DDA5B3:[03b3f447-2570-4487-84e8-39a0c3488c26:192.168.5.181:43687, 66d441ba-17eb-48b5-9e0d-25fe771f2ae4:192.168.5.181:35511, ba122834-ef25-4536-baf6-e65f1e66574a:192.168.5.181:46003] returns group-C69C33DDA5B3:java.util.concurrent.CompletableFuture@51e94cf9[Not completed]
2019-07-13 12:54:17,990 INFO  impl.RaftServerImpl (RaftServerImpl.java:<init>(93)) - ba122834-ef25-4536-baf6-e65f1e66574a: new RaftServerImpl for group-C69C33DDA5B3:[03b3f447-2570-4487-84e8-39a0c3488c26:192.168.5.181:43687, 66d441ba-17eb-48b5-9e0d-25fe771f2ae4:192.168.5.181:35511, ba122834-ef25-4536-baf6-e65f1e66574a:192.168.5.181:46003] with ContainerStateMachine:uninitialized
2019-07-13 12:54:17,990 INFO  impl.RaftServerProxy (RaftServerProxy.java:addNew(89)) - 66d441ba-17eb-48b5-9e0d-25fe771f2ae4: addNew group-C69C33DDA5B3:[03b3f447-2570-4487-84e8-39a0c3488c26:192.168.5.181:43687, 66d441ba-17eb-48b5-9e0d-25fe771f2ae4:192.168.5.181:35511, ba122834-ef25-4536-baf6-e65f1e66574a:192.168.5.181:46003] returns group-C69C33DDA5B3:java.util.concurrent.CompletableFuture@79c30404[Not completed]
2019-07-13 12:54:17,990 INFO  server.RaftServerConfigKeys (ConfUtils.java:logGet(43)) - raft.server.rpc.timeout.min = 5s (custom)
2019-07-13 12:54:17,990 INFO  impl.RaftServerProxy (RaftServerProxy.java:addNew(89)) - 03b3f447-2570-4487-84e8-39a0c3488c26: addNew group-C69C33DDA5B3:[03b3f447-2570-4487-84e8-39a0c3488c26:192.168.5.181:43687, 66d441ba-17eb-48b5-9e0d-25fe771f2ae4:192.168.5.181:35511, ba122834-ef25-4536-baf6-e65f1e66574a:192.168.5.181:46003] returns group-C69C33DDA5B3:java.util.concurrent.CompletableFuture@6913f9df[Not completed]
2019-07-13 12:54:17,991 INFO  server.RaftServerConfigKeys (ConfUtils.java:logGet(43)) - raft.server.rpc.timeout.max = 5200ms (custom)
2019-07-13 12:54:17,991 INFO  server.RaftServerConfigKeys (ConfUtils.java:logGet(43)) - raft.server.rpcslowness.timeout = 120s (custom)
2019-07-13 12:54:17,991 INFO  server.RaftServerConfigKeys (ConfUtils.java:logGet(43)) - raft.server.sleep.deviation.threshold = 300 (default)
2019-07-13 12:54:17,991 INFO  server.RaftServerConfigKeys (ConfUtils.java:logGet(43)) - raft.server.log.appender.install.snapshot.enabled = false (custom)
2019-07-13 12:54:17,991 INFO  impl.RaftServerImpl (ServerState.java:<init>(105)) - ba122834-ef25-4536-baf6-e65f1e66574a:group-C69C33DDA5B3 ConfigurationManager, init=-1: [03b3f447-2570-4487-84e8-39a0c3488c26:192.168.5.181:43687, 66d441ba-17eb-48b5-9e0d-25fe771f2ae4:192.168.5.181:35511, ba122834-ef25-4536-baf6-e65f1e66574a:192.168.5.181:46003], old=null, confs=<EMPTY_MAP>
2019-07-13 12:54:17,992 INFO  server.RaftServerConfigKeys (ConfUtils.java:logGet(43)) - raft.server.storage.dir = [/tmp/workdir/hadoop-ozone/integration-test/target/test-dir/MiniOzoneClusterImpl-1ec98762-6291-4205-8799-3ebd7a8a236f/datanode-0/data/ratis] (custom)
2019-07-13 12:54:17,992 INFO  impl.RaftServerImpl (RaftServerImpl.java:<init>(93)) - 66d441ba-17eb-48b5-9e0d-25fe771f2ae4: new RaftServerImpl for group-C69C33DDA5B3:[03b3f447-2570-4487-84e8-39a0c3488c26:192.168.5.181:43687, 66d441ba-17eb-48b5-9e0d-25fe771f2ae4:192.168.5.181:35511, ba122834-ef25-4536-baf6-e65f1e66574a:192.168.5.181:46003] with ContainerStateMachine:uninitialized
2019-07-13 12:54:17,992 INFO  server.RaftServerConfigKeys (ConfUtils.java:logGet(43)) - raft.server.rpc.timeout.min = 5s (custom)
2019-07-13 12:54:17,992 INFO  storage.RaftStorageDirectory (RaftStorageDirectory.java:analyzeStorage(246)) - The storage directory /tmp/workdir/hadoop-ozone/integration-test/target/test-dir/MiniOzoneClusterImpl-1ec98762-6291-4205-8799-3ebd7a8a236f/datanode-0/data/ratis/ba185006-d8b3-4d3f-a7ba-c69c33dda5b3 does not exist. Creating ...
2019-07-13 12:54:17,992 INFO  server.RaftServerConfigKeys (ConfUtils.java:logGet(43)) - raft.server.rpc.timeout.max = 5200ms (custom)
2019-07-13 12:54:17,993 INFO  server.RaftServerConfigKeys (ConfUtils.java:logGet(43)) - raft.server.rpcslowness.timeout = 120s (custom)
2019-07-13 12:54:17,993 INFO  impl.RaftServerImpl (RaftServerImpl.java:<init>(93)) - 03b3f447-2570-4487-84e8-39a0c3488c26: new RaftServerImpl for group-C69C33DDA5B3:[03b3f447-2570-4487-84e8-39a0c3488c26:192.168.5.181:43687, 66d441ba-17eb-48b5-9e0d-25fe771f2ae4:192.168.5.181:35511, ba122834-ef25-4536-baf6-e65f1e66574a:192.168.5.181:46003] with ContainerStateMachine:uninitialized
2019-07-13 12:54:17,993 INFO  server.RaftServerConfigKeys (ConfUtils.java:logGet(43)) - raft.server.sleep.deviation.threshold = 300 (default)
2019-07-13 12:54:17,993 INFO  server.RaftServerConfigKeys (ConfUtils.java:logGet(43)) - raft.server.rpc.timeout.min = 5s (custom)
2019-07-13 12:54:17,993 INFO  server.RaftServerConfigKeys (ConfUtils.java:logGet(43)) - raft.server.log.appender.install.snapshot.enabled = false (custom)
2019-07-13 12:54:17,993 INFO  server.RaftServerConfigKeys (ConfUtils.java:logGet(43)) - raft.server.rpc.timeout.max = 5200ms (custom)
2019-07-13 12:54:17,993 INFO  impl.RaftServerImpl (ServerState.java:<init>(105)) - 66d441ba-17eb-48b5-9e0d-25fe771f2ae4:group-C69C33DDA5B3 ConfigurationManager, init=-1: [03b3f447-2570-4487-84e8-39a0c3488c26:192.168.5.181:43687, 66d441ba-17eb-48b5-9e0d-25fe771f2ae4:192.168.5.181:35511, ba122834-ef25-4536-baf6-e65f1e66574a:192.168.5.181:46003], old=null, confs=<EMPTY_MAP>
2019-07-13 12:54:17,993 INFO  server.RaftServerConfigKeys (ConfUtils.java:logGet(43)) - raft.server.rpcslowness.timeout = 120s (custom)
2019-07-13 12:54:17,994 INFO  server.RaftServerConfigKeys (ConfUtils.java:logGet(43)) - raft.server.storage.dir = [/tmp/workdir/hadoop-ozone/integration-test/target/test-dir/MiniOzoneClusterImpl-1ec98762-6291-4205-8799-3ebd7a8a236f/datanode-4/data/ratis] (custom)
2019-07-13 12:54:17,994 INFO  server.RaftServerConfigKeys (ConfUtils.java:logGet(43)) - raft.server.sleep.deviation.threshold = 300 (default)
2019-07-13 12:54:17,994 INFO  server.RaftServerConfigKeys (ConfUtils.java:logGet(43)) - raft.server.log.appender.install.snapshot.enabled = false (custom)
2019-07-13 12:54:17,994 INFO  storage.RaftStorageDirectory (RaftStorageDirectory.java:analyzeStorage(246)) - The storage directory /tmp/workdir/hadoop-ozone/integration-test/target/test-dir/MiniOzoneClusterImpl-1ec98762-6291-4205-8799-3ebd7a8a236f/datanode-4/data/ratis/ba185006-d8b3-4d3f-a7ba-c69c33dda5b3 does not exist. Creating ...
2019-07-13 12:54:17,994 INFO  impl.RaftServerImpl (ServerState.java:<init>(105)) - 03b3f447-2570-4487-84e8-39a0c3488c26:group-C69C33DDA5B3 ConfigurationManager, init=-1: [03b3f447-2570-4487-84e8-39a0c3488c26:192.168.5.181:43687, 66d441ba-17eb-48b5-9e0d-25fe771f2ae4:192.168.5.181:35511, ba122834-ef25-4536-baf6-e65f1e66574a:192.168.5.181:46003], old=null, confs=<EMPTY_MAP>
2019-07-13 12:54:17,995 INFO  server.RaftServerConfigKeys (ConfUtils.java:logGet(43)) - raft.server.storage.dir = [/tmp/workdir/hadoop-ozone/integration-test/target/test-dir/MiniOzoneClusterImpl-1ec98762-6291-4205-8799-3ebd7a8a236f/datanode-2/data/ratis] (custom)
2019-07-13 12:54:17,995 INFO  storage.RaftStorageDirectory (RaftStorageDirectory.java:analyzeStorage(246)) - The storage directory /tmp/workdir/hadoop-ozone/integration-test/target/test-dir/MiniOzoneClusterImpl-1ec98762-6291-4205-8799-3ebd7a8a236f/datanode-2/data/ratis/ba185006-d8b3-4d3f-a7ba-c69c33dda5b3 does not exist. Creating ...
2019-07-13 12:54:18,005 INFO  storage.RaftStorageDirectory (RaftStorageDirectory.java:tryLock(328)) - Lock on /tmp/workdir/hadoop-ozone/integration-test/target/test-dir/MiniOzoneClusterImpl-1ec98762-6291-4205-8799-3ebd7a8a236f/datanode-2/data/ratis/ba185006-d8b3-4d3f-a7ba-c69c33dda5b3/in_use.lock acquired by nodename 12341@trunk-nightly-q2gwj-1111726333
2019-07-13 12:54:18,005 INFO  storage.RaftStorageDirectory (RaftStorageDirectory.java:tryLock(328)) - Lock on /tmp/workdir/hadoop-ozone/integration-test/target/test-dir/MiniOzoneClusterImpl-1ec98762-6291-4205-8799-3ebd7a8a236f/datanode-4/data/ratis/ba185006-d8b3-4d3f-a7ba-c69c33dda5b3/in_use.lock acquired by nodename 12341@trunk-nightly-q2gwj-1111726333
2019-07-13 12:54:18,005 INFO  storage.RaftStorageDirectory (RaftStorageDirectory.java:tryLock(328)) - Lock on /tmp/workdir/hadoop-ozone/integration-test/target/test-dir/MiniOzoneClusterImpl-1ec98762-6291-4205-8799-3ebd7a8a236f/datanode-0/data/ratis/ba185006-d8b3-4d3f-a7ba-c69c33dda5b3/in_use.lock acquired by nodename 12341@trunk-nightly-q2gwj-1111726333
2019-07-13 12:54:18,010 INFO  storage.RaftStorage (RaftStorage.java:format(72)) - Storage directory /tmp/workdir/hadoop-ozone/integration-test/target/test-dir/MiniOzoneClusterImpl-1ec98762-6291-4205-8799-3ebd7a8a236f/datanode-4/data/ratis/ba185006-d8b3-4d3f-a7ba-c69c33dda5b3 has been successfully formatted.
2019-07-13 12:54:18,010 INFO  storage.RaftStorage (RaftStorage.java:format(72)) - Storage directory /tmp/workdir/hadoop-ozone/integration-test/target/test-dir/MiniOzoneClusterImpl-1ec98762-6291-4205-8799-3ebd7a8a236f/datanode-2/data/ratis/ba185006-d8b3-4d3f-a7ba-c69c33dda5b3 has been successfully formatted.
2019-07-13 12:54:18,010 INFO  storage.RaftStorage (RaftStorage.java:format(72)) - Storage directory /tmp/workdir/hadoop-ozone/integration-test/target/test-dir/MiniOzoneClusterImpl-1ec98762-6291-4205-8799-3ebd7a8a236f/datanode-0/data/ratis/ba185006-d8b3-4d3f-a7ba-c69c33dda5b3 has been successfully formatted.
2019-07-13 12:54:18,010 INFO  ratis.ContainerStateMachine (ContainerStateMachine.java:loadSnapshot(200)) - The snapshot info is null.Setting the last applied index to:(t:0, i:~)
2019-07-13 12:54:18,010 INFO  ratis.ContainerStateMachine (ContainerStateMachine.java:loadSnapshot(200)) - The snapshot info is null.Setting the last applied index to:(t:0, i:~)
2019-07-13 12:54:18,010 INFO  server.RaftServerConfigKeys (ConfUtils.java:logGet(43)) - raft.server.leader.election.timeout = 120s (custom)
2019-07-13 12:54:18,010 INFO  ratis.ContainerStateMachine (ContainerStateMachine.java:loadSnapshot(200)) - The snapshot info is null.Setting the last applied index to:(t:0, i:~)
2019-07-13 12:54:18,011 INFO  server.RaftServerConfigKeys (ConfUtils.java:logGet(43)) - raft.server.log.use.memory = false (default)
2019-07-13 12:54:18,011 INFO  server.RaftServerConfigKeys (ConfUtils.java:logGet(43)) - raft.server.leader.election.timeout = 120s (custom)
2019-07-13 12:54:18,011 INFO  server.RaftServerConfigKeys (ConfUtils.java:logGet(43)) - raft.server.log.purge.gap = 1000000000 (custom)
2019-07-13 12:54:18,011 INFO  server.RaftServerConfigKeys (ConfUtils.java:logGet(43)) - raft.server.leader.election.timeout = 120s (custom)
2019-07-13 12:54:18,011 INFO  server.RaftServerConfigKeys (ConfUtils.java:logGet(43)) - raft.server.log.appender.buffer.byte-limit = 33554432 (custom)
2019-07-13 12:54:18,011 INFO  server.RaftServerConfigKeys (ConfUtils.java:logGet(43)) - raft.server.log.use.memory = false (default)
2019-07-13 12:54:18,012 INFO  server.RaftServerConfigKeys (ConfUtils.java:logGet(43)) - raft.server.log.segment.size.max = 1048576 (custom)
2019-07-13 12:54:18,012 INFO  server.RaftServerConfigKeys (ConfUtils.java:logGet(43)) - raft.server.log.use.memory = false (default)
2019-07-13 12:54:18,012 INFO  server.RaftServerConfigKeys (ConfUtils.java:logGet(43)) - raft.server.log.segment.cache.num.max = 2 (custom)
2019-07-13 12:54:18,012 INFO  server.RaftServerConfigKeys (ConfUtils.java:logGet(43)) - raft.server.log.purge.gap = 1000000000 (custom)
2019-07-13 12:54:18,012 INFO  segmented.SegmentedRaftLogWorker (SegmentedRaftLogWorker.java:<init>(172)) - new 66d441ba-17eb-48b5-9e0d-25fe771f2ae4-SegmentedRaftLogWorker:Storage Directory /tmp/workdir/hadoop-ozone/integration-test/target/test-dir/MiniOzoneClusterImpl-1ec98762-6291-4205-8799-3ebd7a8a236f/datanode-4/data/ratis/ba185006-d8b3-4d3f-a7ba-c69c33dda5b3 for RaftStorage:Storage Directory /tmp/workdir/hadoop-ozone/integration-test/target/test-dir/MiniOzoneClusterImpl-1ec98762-6291-4205-8799-3ebd7a8a236f/datanode-4/data/ratis/ba185006-d8b3-4d3f-a7ba-c69c33dda5b3
2019-07-13 12:54:18,012 INFO  server.RaftServerConfigKeys (ConfUtils.java:logGet(43)) - raft.server.log.purge.gap = 1000000000 (custom)
2019-07-13 12:54:18,013 INFO  server.RaftServerConfigKeys (ConfUtils.java:logGet(43)) - raft.server.log.queue.byte-limit = 2147483647 (custom)
2019-07-13 12:54:18,013 INFO  server.RaftServerConfigKeys (ConfUtils.java:logGet(43)) - raft.server.log.appender.buffer.byte-limit = 33554432 (custom)
2019-07-13 12:54:18,015 INFO  server.RaftServerConfigKeys (ConfUtils.java:logGet(43)) - raft.server.log.queue.element-limit = 1024 (custom)
2019-07-13 12:54:18,013 INFO  server.RaftServerConfigKeys (ConfUtils.java:logGet(43)) - raft.server.log.appender.buffer.byte-limit = 33554432 (custom)
2019-07-13 12:54:18,015 INFO  server.RaftServerConfigKeys (ConfUtils.java:logGet(43)) - raft.server.log.segment.size.max = 1048576 (custom)
2019-07-13 12:54:18,015 INFO  server.RaftServerConfigKeys (ConfUtils.java:logGet(43)) - raft.server.log.segment.size.max = 1048576 (custom)
2019-07-13 12:54:18,016 INFO  server.RaftServerConfigKeys (ConfUtils.java:logGet(43)) - raft.server.log.preallocated.size = 16384 (custom)
2019-07-13 12:54:18,016 INFO  server.RaftServerConfigKeys (ConfUtils.java:logGet(43)) - raft.server.log.segment.size.max = 1048576 (custom)
2019-07-13 12:54:18,016 INFO  server.RaftServerConfigKeys (ConfUtils.java:logGet(43)) - raft.server.log.write.buffer.size = 33554432 (custom)
2019-07-13 12:54:18,016 INFO  server.RaftServerConfigKeys (ConfUtils.java:logGet(43)) - raft.server.log.force.sync.num = 128 (default)
2019-07-13 12:54:18,016 INFO  server.RaftServerConfigKeys (ConfUtils.java:logGet(43)) - raft.server.log.segment.cache.num.max = 2 (custom)
2019-07-13 12:54:18,017 INFO  server.RaftServerConfigKeys (ConfUtils.java:logGet(43)) - raft.server.log.statemachine.data.sync = true (default)
2019-07-13 12:54:18,016 INFO  server.RaftServerConfigKeys (ConfUtils.java:logGet(43)) - raft.server.log.segment.cache.num.max = 2 (custom)
2019-07-13 12:54:18,017 INFO  server.RaftServerConfigKeys (ConfUtils.java:logGet(43)) - raft.server.log.statemachine.data.sync.timeout = 10s (default)
2019-07-13 12:54:18,017 INFO  segmented.SegmentedRaftLogWorker (SegmentedRaftLogWorker.java:<init>(172)) - new 03b3f447-2570-4487-84e8-39a0c3488c26-SegmentedRaftLogWorker:Storage Directory /tmp/workdir/hadoop-ozone/integration-test/target/test-dir/MiniOzoneClusterImpl-1ec98762-6291-4205-8799-3ebd7a8a236f/datanode-2/data/ratis/ba185006-d8b3-4d3f-a7ba-c69c33dda5b3 for RaftStorage:Storage Directory /tmp/workdir/hadoop-ozone/integration-test/target/test-dir/MiniOzoneClusterImpl-1ec98762-6291-4205-8799-3ebd7a8a236f/datanode-2/data/ratis/ba185006-d8b3-4d3f-a7ba-c69c33dda5b3
2019-07-13 12:54:18,017 INFO  server.RaftServerConfigKeys (ConfUtils.java:logGet(43)) - raft.server.log.statemachine.data.sync.timeout.retry = -1 (default)
2019-07-13 12:54:18,017 INFO  segmented.SegmentedRaftLogWorker (SegmentedRaftLogWorker.java:<init>(172)) - new ba122834-ef25-4536-baf6-e65f1e66574a-SegmentedRaftLogWorker:Storage Directory /tmp/workdir/hadoop-ozone/integration-test/target/test-dir/MiniOzoneClusterImpl-1ec98762-6291-4205-8799-3ebd7a8a236f/datanode-0/data/ratis/ba185006-d8b3-4d3f-a7ba-c69c33dda5b3 for RaftStorage:Storage Directory /tmp/workdir/hadoop-ozone/integration-test/target/test-dir/MiniOzoneClusterImpl-1ec98762-6291-4205-8799-3ebd7a8a236f/datanode-0/data/ratis/ba185006-d8b3-4d3f-a7ba-c69c33dda5b3
2019-07-13 12:54:18,020 INFO  server.RaftServerConfigKeys (ConfUtils.java:logGet(43)) - raft.server.log.statemachine.data.caching.enabled = true (custom)
2019-07-13 12:54:18,018 INFO  server.RaftServerConfigKeys (ConfUtils.java:logGet(43)) - raft.server.log.queue.byte-limit = 2147483647 (custom)
2019-07-13 12:54:18,022 INFO  segmented.SegmentedRaftLogWorker (SegmentedRaftLogWorker.java:lambda$new$0(132)) - 66d441ba-17eb-48b5-9e0d-25fe771f2ae4-SegmentedRaftLogWorker:Storage Directory /tmp/workdir/hadoop-ozone/integration-test/target/test-dir/MiniOzoneClusterImpl-1ec98762-6291-4205-8799-3ebd7a8a236f/datanode-4/data/ratis/ba185006-d8b3-4d3f-a7ba-c69c33dda5b3: flushIndex: setUnconditionally 0 -> -1
2019-07-13 12:54:18,020 INFO  server.RaftServerConfigKeys (ConfUtils.java:logGet(43)) - raft.server.log.queue.byte-limit = 2147483647 (custom)
2019-07-13 12:54:18,022 INFO  server.RaftServerConfigKeys (ConfUtils.java:logGet(43)) - raft.server.log.queue.element-limit = 1024 (custom)
2019-07-13 12:54:18,023 INFO  server.RaftServerConfigKeys (ConfUtils.java:logGet(43)) - raft.server.snapshot.auto.trigger.enabled = true (custom)
2019-07-13 12:54:18,022 INFO  server.RaftServerConfigKeys (ConfUtils.java:logGet(43)) - raft.server.log.queue.element-limit = 1024 (custom)
2019-07-13 12:54:18,023 INFO  server.RaftServerConfigKeys (ConfUtils.java:logGet(43)) - raft.server.snapshot.auto.trigger.threshold = 10000 (custom)
2019-07-13 12:54:18,023 INFO  server.RaftServerConfigKeys (ConfUtils.java:logGet(43)) - raft.server.log.segment.size.max = 1048576 (custom)
2019-07-13 12:54:18,023 INFO  server.RaftServerConfigKeys (ConfUtils.java:logGet(43)) - raft.server.retrycache.expirytime = 600000ms (custom)
2019-07-13 12:54:18,023 INFO  server.RaftServerConfigKeys (ConfUtils.java:logGet(43)) - raft.server.log.segment.size.max = 1048576 (custom)
2019-07-13 12:54:18,024 INFO  impl.RaftServerImpl (RaftServerImpl.java:start(180)) - 66d441ba-17eb-48b5-9e0d-25fe771f2ae4: start group-C69C33DDA5B3
2019-07-13 12:54:18,023 INFO  server.RaftServerConfigKeys (ConfUtils.java:logGet(43)) - raft.server.log.preallocated.size = 16384 (custom)
2019-07-13 12:54:18,024 INFO  impl.RaftServerImpl (RaftServerImpl.java:setRole(171)) - 66d441ba-17eb-48b5-9e0d-25fe771f2ae4:group-C69C33DDA5B3 changes role from null to FOLLOWER at term 0 for startAsFollower
2019-07-13 12:54:18,024 INFO  server.RaftServerConfigKeys (ConfUtils.java:logGet(43)) - raft.server.log.preallocated.size = 16384 (custom)
2019-07-13 12:54:18,024 INFO  impl.RoleInfo (RoleInfo.java:updateAndGet(143)) - 66d441ba-17eb-48b5-9e0d-25fe771f2ae4: start FollowerState
2019-07-13 12:54:18,024 INFO  server.RaftServerConfigKeys (ConfUtils.java:logGet(43)) - raft.server.log.write.buffer.size = 33554432 (custom)
2019-07-13 12:54:18,025 INFO  server.RaftServerConfigKeys (ConfUtils.java:logGet(43)) - raft.server.log.write.buffer.size = 33554432 (custom)
2019-07-13 12:54:18,025 INFO  util.JmxRegister (JmxRegister.java:tryRegister(44)) - Successfully registered JMX Bean with object name Ratis:service=RaftServer,group=group-C69C33DDA5B3,id=66d441ba-17eb-48b5-9e0d-25fe771f2ae4
2019-07-13 12:54:18,025 INFO  server.RaftServerConfigKeys (ConfUtils.java:logGet(43)) - raft.server.log.force.sync.num = 128 (default)
2019-07-13 12:54:18,025 INFO  server.RaftServerConfigKeys (ConfUtils.java:logGet(43)) - raft.server.log.force.sync.num = 128 (default)
2019-07-13 12:54:18,026 INFO  server.RaftServerConfigKeys (ConfUtils.java:logGet(43)) - raft.server.log.statemachine.data.sync = true (default)
2019-07-13 12:54:18,026 INFO  server.RaftServerConfigKeys (ConfUtils.java:logGet(43)) - raft.server.log.statemachine.data.sync = true (default)
2019-07-13 12:54:18,026 INFO  server.RaftServerConfigKeys (ConfUtils.java:logGet(43)) - raft.server.log.statemachine.data.sync.timeout = 10s (default)
2019-07-13 12:54:18,026 INFO  server.RaftServerConfigKeys (ConfUtils.java:logGet(43)) - raft.server.log.statemachine.data.sync.timeout = 10s (default)
2019-07-13 12:54:18,027 INFO  server.RaftServerConfigKeys (ConfUtils.java:logGet(43)) - raft.server.log.statemachine.data.sync.timeout.retry = -1 (default)
2019-07-13 12:54:18,027 INFO  server.RaftServerConfigKeys (ConfUtils.java:logGet(43)) - raft.server.log.statemachine.data.sync.timeout.retry = -1 (default)
2019-07-13 12:54:18,027 INFO  server.RaftServerConfigKeys (ConfUtils.java:logGet(43)) - raft.server.log.statemachine.data.caching.enabled = true (custom)
2019-07-13 12:54:18,027 INFO  server.RaftServerConfigKeys (ConfUtils.java:logGet(43)) - raft.server.log.statemachine.data.caching.enabled = true (custom)
2019-07-13 12:54:18,028 INFO  segmented.SegmentedRaftLogWorker (SegmentedRaftLogWorker.java:lambda$new$0(132)) - 03b3f447-2570-4487-84e8-39a0c3488c26-SegmentedRaftLogWorker:Storage Directory /tmp/workdir/hadoop-ozone/integration-test/target/test-dir/MiniOzoneClusterImpl-1ec98762-6291-4205-8799-3ebd7a8a236f/datanode-2/data/ratis/ba185006-d8b3-4d3f-a7ba-c69c33dda5b3: flushIndex: setUnconditionally 0 -> -1
2019-07-13 12:54:18,028 INFO  segmented.SegmentedRaftLogWorker (SegmentedRaftLogWorker.java:lambda$new$0(132)) - ba122834-ef25-4536-baf6-e65f1e66574a-SegmentedRaftLogWorker:Storage Directory /tmp/workdir/hadoop-ozone/integration-test/target/test-dir/MiniOzoneClusterImpl-1ec98762-6291-4205-8799-3ebd7a8a236f/datanode-0/data/ratis/ba185006-d8b3-4d3f-a7ba-c69c33dda5b3: flushIndex: setUnconditionally 0 -> -1
2019-07-13 12:54:18,028 INFO  server.RaftServerConfigKeys (ConfUtils.java:logGet(43)) - raft.server.snapshot.auto.trigger.enabled = true (custom)
2019-07-13 12:54:18,028 INFO  server.RaftServerConfigKeys (ConfUtils.java:logGet(43)) - raft.server.snapshot.auto.trigger.enabled = true (custom)
2019-07-13 12:54:18,028 INFO  server.RaftServerConfigKeys (ConfUtils.java:logGet(43)) - raft.server.snapshot.auto.trigger.threshold = 10000 (custom)
2019-07-13 12:54:18,029 INFO  server.RaftServerConfigKeys (ConfUtils.java:logGet(43)) - raft.server.snapshot.auto.trigger.threshold = 10000 (custom)
2019-07-13 12:54:18,030 INFO  server.RaftServerConfigKeys (ConfUtils.java:logGet(43)) - raft.server.retrycache.expirytime = 600000ms (custom)
2019-07-13 12:54:18,031 INFO  server.RaftServerConfigKeys (ConfUtils.java:logGet(43)) - raft.server.retrycache.expirytime = 600000ms (custom)
2019-07-13 12:54:18,032 INFO  impl.RaftServerImpl (RaftServerImpl.java:start(180)) - 03b3f447-2570-4487-84e8-39a0c3488c26: start group-C69C33DDA5B3
2019-07-13 12:54:18,032 INFO  impl.RaftServerImpl (RaftServerImpl.java:start(180)) - ba122834-ef25-4536-baf6-e65f1e66574a: start group-C69C33DDA5B3
2019-07-13 12:54:18,032 INFO  impl.RaftServerImpl (RaftServerImpl.java:setRole(171)) - 03b3f447-2570-4487-84e8-39a0c3488c26:group-C69C33DDA5B3 changes role from null to FOLLOWER at term 0 for startAsFollower
2019-07-13 12:54:18,033 INFO  impl.RaftServerImpl (RaftServerImpl.java:setRole(171)) - ba122834-ef25-4536-baf6-e65f1e66574a:group-C69C33DDA5B3 changes role from null to FOLLOWER at term 0 for startAsFollower
2019-07-13 12:54:18,033 INFO  impl.RoleInfo (RoleInfo.java:updateAndGet(143)) - 03b3f447-2570-4487-84e8-39a0c3488c26: start FollowerState
2019-07-13 12:54:18,035 INFO  impl.RoleInfo (RoleInfo.java:updateAndGet(143)) - ba122834-ef25-4536-baf6-e65f1e66574a: start FollowerState
2019-07-13 12:54:18,036 INFO  util.JmxRegister (JmxRegister.java:tryRegister(44)) - Successfully registered JMX Bean with object name Ratis:service=RaftServer,group=group-C69C33DDA5B3,id=03b3f447-2570-4487-84e8-39a0c3488c26
2019-07-13 12:54:18,037 INFO  util.JmxRegister (JmxRegister.java:tryRegister(44)) - Successfully registered JMX Bean with object name Ratis:service=RaftServer,group=group-C69C33DDA5B3,id=ba122834-ef25-4536-baf6-e65f1e66574a
2019-07-13 12:54:18,053 INFO  pipeline.PipelineStateManager (PipelineStateManager.java:addPipeline(56)) - Created pipeline Pipeline[ Id: ba185006-d8b3-4d3f-a7ba-c69c33dda5b3, Nodes: ba122834-ef25-4536-baf6-e65f1e66574a{ip: 192.168.5.181, host: trunk-nightly-q2gwj-1111726333, networkLocation: /default-rack, certSerialId: null}03b3f447-2570-4487-84e8-39a0c3488c26{ip: 192.168.5.181, host: trunk-nightly-q2gwj-1111726333, networkLocation: /default-rack, certSerialId: null}66d441ba-17eb-48b5-9e0d-25fe771f2ae4{ip: 192.168.5.181, host: trunk-nightly-q2gwj-1111726333, networkLocation: /default-rack, certSerialId: null}, Type:RATIS, Factor:THREE, State:OPEN]
2019-07-13 12:54:18,091 INFO  impl.RaftServerProxy (RaftServerProxy.java:addNew(89)) - 8400e1d4-a14b-415b-a388-5524dc356515: addNew group-3C33E6D85116:[8400e1d4-a14b-415b-a388-5524dc356515:192.168.5.181:38704, cb4c3959-5da2-4137-815d-e3d67775a032:192.168.5.181:39320, 55ca4f00-69a2-485e-ada4-ad251175ae1e:192.168.5.181:45025] returns group-3C33E6D85116:java.util.concurrent.CompletableFuture@282ef3e4[Not completed]
2019-07-13 12:54:18,091 INFO  impl.RaftServerProxy (RaftServerProxy.java:addNew(89)) - 55ca4f00-69a2-485e-ada4-ad251175ae1e: addNew group-3C33E6D85116:[8400e1d4-a14b-415b-a388-5524dc356515:192.168.5.181:38704, cb4c3959-5da2-4137-815d-e3d67775a032:192.168.5.181:39320, 55ca4f00-69a2-485e-ada4-ad251175ae1e:192.168.5.181:45025] returns group-3C33E6D85116:java.util.concurrent.CompletableFuture@67f33ef2[Not completed]
2019-07-13 12:54:18,095 INFO  impl.RaftServerProxy (RaftServerProxy.java:addNew(89)) - cb4c3959-5da2-4137-815d-e3d67775a032: addNew group-3C33E6D85116:[8400e1d4-a14b-415b-a388-5524dc356515:192.168.5.181:38704, cb4c3959-5da2-4137-815d-e3d67775a032:192.168.5.181:39320, 55ca4f00-69a2-485e-ada4-ad251175ae1e:192.168.5.181:45025] returns group-3C33E6D85116:java.util.concurrent.CompletableFuture@63cca6d4[Not completed]
2019-07-13 12:54:18,096 INFO  impl.RaftServerImpl (RaftServerImpl.java:<init>(93)) - 8400e1d4-a14b-415b-a388-5524dc356515: new RaftServerImpl for group-3C33E6D85116:[8400e1d4-a14b-415b-a388-5524dc356515:192.168.5.181:38704, cb4c3959-5da2-4137-815d-e3d67775a032:192.168.5.181:39320, 55ca4f00-69a2-485e-ada4-ad251175ae1e:192.168.5.181:45025] with ContainerStateMachine:uninitialized
2019-07-13 12:54:18,097 INFO  server.RaftServerConfigKeys (ConfUtils.java:logGet(43)) - raft.server.rpc.timeout.min = 5s (custom)
2019-07-13 12:54:18,097 INFO  server.RaftServerConfigKeys (ConfUtils.java:logGet(43)) - raft.server.rpc.timeout.max = 5200ms (custom)
2019-07-13 12:54:18,097 INFO  server.RaftServerConfigKeys (ConfUtils.java:logGet(43)) - raft.server.rpcslowness.timeout = 120s (custom)
2019-07-13 12:54:18,097 INFO  server.RaftServerConfigKeys (ConfUtils.java:logGet(43)) - raft.server.sleep.deviation.threshold = 300 (default)
2019-07-13 12:54:18,097 INFO  impl.RaftServerImpl (RaftServerImpl.java:<init>(93)) - 55ca4f00-69a2-485e-ada4-ad251175ae1e: new RaftServerImpl for group-3C33E6D85116:[8400e1d4-a14b-415b-a388-5524dc356515:192.168.5.181:38704, cb4c3959-5da2-4137-815d-e3d67775a032:192.168.5.181:39320, 55ca4f00-69a2-485e-ada4-ad251175ae1e:192.168.5.181:45025] with ContainerStateMachine:uninitialized
2019-07-13 12:54:18,097 INFO  server.RaftServerConfigKeys (ConfUtils.java:logGet(43)) - raft.server.log.appender.install.snapshot.enabled = false (custom)
2019-07-13 12:54:18,098 INFO  server.RaftServerConfigKeys (ConfUtils.java:logGet(43)) - raft.server.rpc.timeout.min = 5s (custom)
2019-07-13 12:54:18,098 INFO  impl.RaftServerImpl (ServerState.java:<init>(105)) - 8400e1d4-a14b-415b-a388-5524dc356515:group-3C33E6D85116 ConfigurationManager, init=-1: [8400e1d4-a14b-415b-a388-5524dc356515:192.168.5.181:38704, cb4c3959-5da2-4137-815d-e3d67775a032:192.168.5.181:39320, 55ca4f00-69a2-485e-ada4-ad251175ae1e:192.168.5.181:45025], old=null, confs=<EMPTY_MAP>
2019-07-13 12:54:18,098 INFO  server.RaftServerConfigKeys (ConfUtils.java:logGet(43)) - raft.server.rpc.timeout.max = 5200ms (custom)
2019-07-13 12:54:18,098 INFO  impl.RaftServerImpl (RaftServerImpl.java:<init>(93)) - cb4c3959-5da2-4137-815d-e3d67775a032: new RaftServerImpl for group-3C33E6D85116:[8400e1d4-a14b-415b-a388-5524dc356515:192.168.5.181:38704, cb4c3959-5da2-4137-815d-e3d67775a032:192.168.5.181:39320, 55ca4f00-69a2-485e-ada4-ad251175ae1e:192.168.5.181:45025] with ContainerStateMachine:uninitialized
2019-07-13 12:54:18,098 INFO  server.RaftServerConfigKeys (ConfUtils.java:logGet(43)) - raft.server.storage.dir = [/tmp/workdir/hadoop-ozone/integration-test/target/test-dir/MiniOzoneClusterImpl-1ec98762-6291-4205-8799-3ebd7a8a236f/datanode-5/data/ratis] (custom)
2019-07-13 12:54:18,098 INFO  server.RaftServerConfigKeys (ConfUtils.java:logGet(43)) - raft.server.rpcslowness.timeout = 120s (custom)
2019-07-13 12:54:18,098 INFO  server.RaftServerConfigKeys (ConfUtils.java:logGet(43)) - raft.server.rpc.timeout.min = 5s (custom)
2019-07-13 12:54:18,098 INFO  server.RaftServerConfigKeys (ConfUtils.java:logGet(43)) - raft.server.sleep.deviation.threshold = 300 (default)
2019-07-13 12:54:18,098 INFO  server.RaftServerConfigKeys (ConfUtils.java:logGet(43)) - raft.server.rpc.timeout.max = 5200ms (custom)
2019-07-13 12:54:18,099 INFO  storage.RaftStorageDirectory (RaftStorageDirectory.java:analyzeStorage(246)) - The storage directory /tmp/workdir/hadoop-ozone/integration-test/target/test-dir/MiniOzoneClusterImpl-1ec98762-6291-4205-8799-3ebd7a8a236f/datanode-5/data/ratis/86c9fa71-e9f3-4a99-ab55-3c33e6d85116 does not exist. Creating ...
2019-07-13 12:54:18,099 INFO  server.RaftServerConfigKeys (ConfUtils.java:logGet(43)) - raft.server.log.appender.install.snapshot.enabled = false (custom)
2019-07-13 12:54:18,099 INFO  server.RaftServerConfigKeys (ConfUtils.java:logGet(43)) - raft.server.rpcslowness.timeout = 120s (custom)
2019-07-13 12:54:18,099 INFO  impl.RaftServerImpl (ServerState.java:<init>(105)) - 55ca4f00-69a2-485e-ada4-ad251175ae1e:group-3C33E6D85116 ConfigurationManager, init=-1: [8400e1d4-a14b-415b-a388-5524dc356515:192.168.5.181:38704, cb4c3959-5da2-4137-815d-e3d67775a032:192.168.5.181:39320, 55ca4f00-69a2-485e-ada4-ad251175ae1e:192.168.5.181:45025], old=null, confs=<EMPTY_MAP>
2019-07-13 12:54:18,099 INFO  server.RaftServerConfigKeys (ConfUtils.java:logGet(43)) - raft.server.sleep.deviation.threshold = 300 (default)
2019-07-13 12:54:18,099 INFO  server.RaftServerConfigKeys (ConfUtils.java:logGet(43)) - raft.server.log.appender.install.snapshot.enabled = false (custom)
2019-07-13 12:54:18,099 INFO  server.RaftServerConfigKeys (ConfUtils.java:logGet(43)) - raft.server.storage.dir = [/tmp/workdir/hadoop-ozone/integration-test/target/test-dir/MiniOzoneClusterImpl-1ec98762-6291-4205-8799-3ebd7a8a236f/datanode-6/data/ratis] (custom)
2019-07-13 12:54:18,099 INFO  impl.RaftServerImpl (ServerState.java:<init>(105)) - cb4c3959-5da2-4137-815d-e3d67775a032:group-3C33E6D85116 ConfigurationManager, init=-1: [8400e1d4-a14b-415b-a388-5524dc356515:192.168.5.181:38704, cb4c3959-5da2-4137-815d-e3d67775a032:192.168.5.181:39320, 55ca4f00-69a2-485e-ada4-ad251175ae1e:192.168.5.181:45025], old=null, confs=<EMPTY_MAP>
2019-07-13 12:54:18,100 INFO  server.RaftServerConfigKeys (ConfUtils.java:logGet(43)) - raft.server.storage.dir = [/tmp/workdir/hadoop-ozone/integration-test/target/test-dir/MiniOzoneClusterImpl-1ec98762-6291-4205-8799-3ebd7a8a236f/datanode-1/data/ratis] (custom)
2019-07-13 12:54:18,100 INFO  storage.RaftStorageDirectory (RaftStorageDirectory.java:analyzeStorage(246)) - The storage directory /tmp/workdir/hadoop-ozone/integration-test/target/test-dir/MiniOzoneClusterImpl-1ec98762-6291-4205-8799-3ebd7a8a236f/datanode-6/data/ratis/86c9fa71-e9f3-4a99-ab55-3c33e6d85116 does not exist. Creating ...
2019-07-13 12:54:18,100 INFO  storage.RaftStorageDirectory (RaftStorageDirectory.java:analyzeStorage(246)) - The storage directory /tmp/workdir/hadoop-ozone/integration-test/target/test-dir/MiniOzoneClusterImpl-1ec98762-6291-4205-8799-3ebd7a8a236f/datanode-1/data/ratis/86c9fa71-e9f3-4a99-ab55-3c33e6d85116 does not exist. Creating ...
2019-07-13 12:54:18,104 INFO  storage.RaftStorageDirectory (RaftStorageDirectory.java:tryLock(328)) - Lock on /tmp/workdir/hadoop-ozone/integration-test/target/test-dir/MiniOzoneClusterImpl-1ec98762-6291-4205-8799-3ebd7a8a236f/datanode-6/data/ratis/86c9fa71-e9f3-4a99-ab55-3c33e6d85116/in_use.lock acquired by nodename 12341@trunk-nightly-q2gwj-1111726333
2019-07-13 12:54:18,104 INFO  storage.RaftStorageDirectory (RaftStorageDirectory.java:tryLock(328)) - Lock on /tmp/workdir/hadoop-ozone/integration-test/target/test-dir/MiniOzoneClusterImpl-1ec98762-6291-4205-8799-3ebd7a8a236f/datanode-5/data/ratis/86c9fa71-e9f3-4a99-ab55-3c33e6d85116/in_use.lock acquired by nodename 12341@trunk-nightly-q2gwj-1111726333
2019-07-13 12:54:18,104 INFO  storage.RaftStorageDirectory (RaftStorageDirectory.java:tryLock(328)) - Lock on /tmp/workdir/hadoop-ozone/integration-test/target/test-dir/MiniOzoneClusterImpl-1ec98762-6291-4205-8799-3ebd7a8a236f/datanode-1/data/ratis/86c9fa71-e9f3-4a99-ab55-3c33e6d85116/in_use.lock acquired by nodename 12341@trunk-nightly-q2gwj-1111726333
2019-07-13 12:54:18,108 INFO  storage.RaftStorage (RaftStorage.java:format(72)) - Storage directory /tmp/workdir/hadoop-ozone/integration-test/target/test-dir/MiniOzoneClusterImpl-1ec98762-6291-4205-8799-3ebd7a8a236f/datanode-6/data/ratis/86c9fa71-e9f3-4a99-ab55-3c33e6d85116 has been successfully formatted.
2019-07-13 12:54:18,108 INFO  storage.RaftStorage (RaftStorage.java:format(72)) - Storage directory /tmp/workdir/hadoop-ozone/integration-test/target/test-dir/MiniOzoneClusterImpl-1ec98762-6291-4205-8799-3ebd7a8a236f/datanode-1/data/ratis/86c9fa71-e9f3-4a99-ab55-3c33e6d85116 has been successfully formatted.
2019-07-13 12:54:18,108 INFO  ratis.ContainerStateMachine (ContainerStateMachine.java:loadSnapshot(200)) - The snapshot info is null.Setting the last applied index to:(t:0, i:~)
2019-07-13 12:54:18,108 INFO  storage.RaftStorage (RaftStorage.java:format(72)) - Storage directory /tmp/workdir/hadoop-ozone/integration-test/target/test-dir/MiniOzoneClusterImpl-1ec98762-6291-4205-8799-3ebd7a8a236f/datanode-5/data/ratis/86c9fa71-e9f3-4a99-ab55-3c33e6d85116 has been successfully formatted.
2019-07-13 12:54:18,108 INFO  ratis.ContainerStateMachine (ContainerStateMachine.java:loadSnapshot(200)) - The snapshot info is null.Setting the last applied index to:(t:0, i:~)
2019-07-13 12:54:18,108 INFO  server.RaftServerConfigKeys (ConfUtils.java:logGet(43)) - raft.server.leader.election.timeout = 120s (custom)
2019-07-13 12:54:18,109 INFO  server.RaftServerConfigKeys (ConfUtils.java:logGet(43)) - raft.server.leader.election.timeout = 120s (custom)
2019-07-13 12:54:18,109 INFO  ratis.ContainerStateMachine (ContainerStateMachine.java:loadSnapshot(200)) - The snapshot info is null.Setting the last applied index to:(t:0, i:~)
2019-07-13 12:54:18,109 INFO  server.RaftServerConfigKeys (ConfUtils.java:logGet(43)) - raft.server.log.use.memory = false (default)
2019-07-13 12:54:18,109 INFO  server.RaftServerConfigKeys (ConfUtils.java:logGet(43)) - raft.server.leader.election.timeout = 120s (custom)
2019-07-13 12:54:18,109 INFO  server.RaftServerConfigKeys (ConfUtils.java:logGet(43)) - raft.server.log.use.memory = false (default)
2019-07-13 12:54:18,110 INFO  server.RaftServerConfigKeys (ConfUtils.java:logGet(43)) - raft.server.log.use.memory = false (default)
2019-07-13 12:54:18,109 INFO  server.RaftServerConfigKeys (ConfUtils.java:logGet(43)) - raft.server.log.purge.gap = 1000000000 (custom)
2019-07-13 12:54:18,110 INFO  server.RaftServerConfigKeys (ConfUtils.java:logGet(43)) - raft.server.log.purge.gap = 1000000000 (custom)
2019-07-13 12:54:18,110 INFO  server.RaftServerConfigKeys (ConfUtils.java:logGet(43)) - raft.server.log.appender.buffer.byte-limit = 33554432 (custom)
2019-07-13 12:54:18,110 INFO  server.RaftServerConfigKeys (ConfUtils.java:logGet(43)) - raft.server.log.purge.gap = 1000000000 (custom)
2019-07-13 12:54:18,110 INFO  server.RaftServerConfigKeys (ConfUtils.java:logGet(43)) - raft.server.log.segment.size.max = 1048576 (custom)
2019-07-13 12:54:18,110 INFO  server.RaftServerConfigKeys (ConfUtils.java:logGet(43)) - raft.server.log.appender.buffer.byte-limit = 33554432 (custom)
2019-07-13 12:54:18,111 INFO  server.RaftServerConfigKeys (ConfUtils.java:logGet(43)) - raft.server.log.segment.cache.num.max = 2 (custom)
2019-07-13 12:54:18,111 INFO  server.RaftServerConfigKeys (ConfUtils.java:logGet(43)) - raft.server.log.appender.buffer.byte-limit = 33554432 (custom)
2019-07-13 12:54:18,111 INFO  segmented.SegmentedRaftLogWorker (SegmentedRaftLogWorker.java:<init>(172)) - new 55ca4f00-69a2-485e-ada4-ad251175ae1e-SegmentedRaftLogWorker:Storage Directory /tmp/workdir/hadoop-ozone/integration-test/target/test-dir/MiniOzoneClusterImpl-1ec98762-6291-4205-8799-3ebd7a8a236f/datanode-6/data/ratis/86c9fa71-e9f3-4a99-ab55-3c33e6d85116 for RaftStorage:Storage Directory /tmp/workdir/hadoop-ozone/integration-test/target/test-dir/MiniOzoneClusterImpl-1ec98762-6291-4205-8799-3ebd7a8a236f/datanode-6/data/ratis/86c9fa71-e9f3-4a99-ab55-3c33e6d85116
2019-07-13 12:54:18,111 INFO  server.RaftServerConfigKeys (ConfUtils.java:logGet(43)) - raft.server.log.segment.size.max = 1048576 (custom)
2019-07-13 12:54:18,111 INFO  server.RaftServerConfigKeys (ConfUtils.java:logGet(43)) - raft.server.log.segment.size.max = 1048576 (custom)
2019-07-13 12:54:18,111 INFO  server.RaftServerConfigKeys (ConfUtils.java:logGet(43)) - raft.server.log.queue.byte-limit = 2147483647 (custom)
2019-07-13 12:54:18,113 INFO  server.RaftServerConfigKeys (ConfUtils.java:logGet(43)) - raft.server.log.segment.cache.num.max = 2 (custom)
2019-07-13 12:54:18,111 INFO  server.RaftServerConfigKeys (ConfUtils.java:logGet(43)) - raft.server.log.segment.cache.num.max = 2 (custom)
2019-07-13 12:54:18,114 INFO  segmented.SegmentedRaftLogWorker (SegmentedRaftLogWorker.java:<init>(172)) - new 8400e1d4-a14b-415b-a388-5524dc356515-SegmentedRaftLogWorker:Storage Directory /tmp/workdir/hadoop-ozone/integration-test/target/test-dir/MiniOzoneClusterImpl-1ec98762-6291-4205-8799-3ebd7a8a236f/datanode-5/data/ratis/86c9fa71-e9f3-4a99-ab55-3c33e6d85116 for RaftStorage:Storage Directory /tmp/workdir/hadoop-ozone/integration-test/target/test-dir/MiniOzoneClusterImpl-1ec98762-6291-4205-8799-3ebd7a8a236f/datanode-5/data/ratis/86c9fa71-e9f3-4a99-ab55-3c33e6d85116
2019-07-13 12:54:18,113 INFO  server.RaftServerConfigKeys (ConfUtils.java:logGet(43)) - raft.server.log.queue.element-limit = 1024 (custom)
2019-07-13 12:54:18,114 INFO  segmented.SegmentedRaftLogWorker (SegmentedRaftLogWorker.java:<init>(172)) - new cb4c3959-5da2-4137-815d-e3d67775a032-SegmentedRaftLogWorker:Storage Directory /tmp/workdir/hadoop-ozone/integration-test/target/test-dir/MiniOzoneClusterImpl-1ec98762-6291-4205-8799-3ebd7a8a236f/datanode-1/data/ratis/86c9fa71-e9f3-4a99-ab55-3c33e6d85116 for RaftStorage:Storage Directory /tmp/workdir/hadoop-ozone/integration-test/target/test-dir/MiniOzoneClusterImpl-1ec98762-6291-4205-8799-3ebd7a8a236f/datanode-1/data/ratis/86c9fa71-e9f3-4a99-ab55-3c33e6d85116
2019-07-13 12:54:18,115 INFO  server.RaftServerConfigKeys (ConfUtils.java:logGet(43)) - raft.server.log.segment.size.max = 1048576 (custom)
2019-07-13 12:54:18,114 INFO  server.RaftServerConfigKeys (ConfUtils.java:logGet(43)) - raft.server.log.queue.byte-limit = 2147483647 (custom)
2019-07-13 12:54:18,116 INFO  server.RaftServerConfigKeys (ConfUtils.java:logGet(43)) - raft.server.log.preallocated.size = 16384 (custom)
2019-07-13 12:54:18,116 INFO  server.RaftServerConfigKeys (ConfUtils.java:logGet(43)) - raft.server.log.queue.byte-limit = 2147483647 (custom)
2019-07-13 12:54:18,119 INFO  server.RaftServerConfigKeys (ConfUtils.java:logGet(43)) - raft.server.log.write.buffer.size = 33554432 (custom)
2019-07-13 12:54:18,120 INFO  server.RaftServerConfigKeys (ConfUtils.java:logGet(43)) - raft.server.log.force.sync.num = 128 (default)
2019-07-13 12:54:18,119 INFO  server.RaftServerConfigKeys (ConfUtils.java:logGet(43)) - raft.server.log.queue.element-limit = 1024 (custom)
2019-07-13 12:54:18,120 INFO  server.RaftServerConfigKeys (ConfUtils.java:logGet(43)) - raft.server.log.statemachine.data.sync = true (default)
2019-07-13 12:54:18,120 INFO  server.RaftServerConfigKeys (ConfUtils.java:logGet(43)) - raft.server.log.queue.element-limit = 1024 (custom)
2019-07-13 12:54:18,120 INFO  server.RaftServerConfigKeys (ConfUtils.java:logGet(43)) - raft.server.log.statemachine.data.sync.timeout = 10s (default)
2019-07-13 12:54:18,120 INFO  server.RaftServerConfigKeys (ConfUtils.java:logGet(43)) - raft.server.log.statemachine.data.sync.timeout.retry = -1 (default)
2019-07-13 12:54:18,120 INFO  server.RaftServerConfigKeys (ConfUtils.java:logGet(43)) - raft.server.log.segment.size.max = 1048576 (custom)
2019-07-13 12:54:18,121 INFO  server.RaftServerConfigKeys (ConfUtils.java:logGet(43)) - raft.server.log.statemachine.data.caching.enabled = true (custom)
2019-07-13 12:54:18,120 INFO  server.RaftServerConfigKeys (ConfUtils.java:logGet(43)) - raft.server.log.segment.size.max = 1048576 (custom)
2019-07-13 12:54:18,121 INFO  server.RaftServerConfigKeys (ConfUtils.java:logGet(43)) - raft.server.log.preallocated.size = 16384 (custom)
2019-07-13 12:54:18,121 INFO  segmented.SegmentedRaftLogWorker (SegmentedRaftLogWorker.java:lambda$new$0(132)) - 55ca4f00-69a2-485e-ada4-ad251175ae1e-SegmentedRaftLogWorker:Storage Directory /tmp/workdir/hadoop-ozone/integration-test/target/test-dir/MiniOzoneClusterImpl-1ec98762-6291-4205-8799-3ebd7a8a236f/datanode-6/data/ratis/86c9fa71-e9f3-4a99-ab55-3c33e6d85116: flushIndex: setUnconditionally 0 -> -1
2019-07-13 12:54:18,121 INFO  server.RaftServerConfigKeys (ConfUtils.java:logGet(43)) - raft.server.log.preallocated.size = 16384 (custom)
2019-07-13 12:54:18,121 INFO  server.RaftServerConfigKeys (ConfUtils.java:logGet(43)) - raft.server.log.write.buffer.size = 33554432 (custom)
2019-07-13 12:54:18,121 INFO  server.RaftServerConfigKeys (ConfUtils.java:logGet(43)) - raft.server.snapshot.auto.trigger.enabled = true (custom)
2019-07-13 12:54:18,121 INFO  server.RaftServerConfigKeys (ConfUtils.java:logGet(43)) - raft.server.log.write.buffer.size = 33554432 (custom)
2019-07-13 12:54:18,122 INFO  server.RaftServerConfigKeys (ConfUtils.java:logGet(43)) - raft.server.snapshot.auto.trigger.threshold = 10000 (custom)
2019-07-13 12:54:18,122 INFO  server.RaftServerConfigKeys (ConfUtils.java:logGet(43)) - raft.server.log.force.sync.num = 128 (default)
2019-07-13 12:54:18,122 INFO  server.RaftServerConfigKeys (ConfUtils.java:logGet(43)) - raft.server.retrycache.expirytime = 600000ms (custom)
2019-07-13 12:54:18,122 INFO  server.RaftServerConfigKeys (ConfUtils.java:logGet(43)) - raft.server.log.force.sync.num = 128 (default)
2019-07-13 12:54:18,122 INFO  impl.RaftServerImpl (RaftServerImpl.java:start(180)) - 55ca4f00-69a2-485e-ada4-ad251175ae1e: start group-3C33E6D85116
2019-07-13 12:54:18,122 INFO  impl.RaftServerImpl (RaftServerImpl.java:setRole(171)) - 55ca4f00-69a2-485e-ada4-ad251175ae1e:group-3C33E6D85116 changes role from null to FOLLOWER at term 0 for startAsFollower
2019-07-13 12:54:18,122 INFO  server.RaftServerConfigKeys (ConfUtils.java:logGet(43)) - raft.server.log.statemachine.data.sync = true (default)
2019-07-13 12:54:18,123 INFO  impl.RoleInfo (RoleInfo.java:updateAndGet(143)) - 55ca4f00-69a2-485e-ada4-ad251175ae1e: start FollowerState
2019-07-13 12:54:18,122 INFO  server.RaftServerConfigKeys (ConfUtils.java:logGet(43)) - raft.server.log.statemachine.data.sync = true (default)
2019-07-13 12:54:18,123 INFO  server.RaftServerConfigKeys (ConfUtils.java:logGet(43)) - raft.server.log.statemachine.data.sync.timeout = 10s (default)
2019-07-13 12:54:18,123 INFO  util.JmxRegister (JmxRegister.java:tryRegister(44)) - Successfully registered JMX Bean with object name Ratis:service=RaftServer,group=group-3C33E6D85116,id=55ca4f00-69a2-485e-ada4-ad251175ae1e
2019-07-13 12:54:18,123 INFO  server.RaftServerConfigKeys (ConfUtils.java:logGet(43)) - raft.server.log.statemachine.data.sync.timeout = 10s (default)
2019-07-13 12:54:18,123 INFO  server.RaftServerConfigKeys (ConfUtils.java:logGet(43)) - raft.server.log.statemachine.data.sync.timeout.retry = -1 (default)
2019-07-13 12:54:18,123 INFO  server.RaftServerConfigKeys (ConfUtils.java:logGet(43)) - raft.server.log.statemachine.data.sync.timeout.retry = -1 (default)
2019-07-13 12:54:18,124 INFO  server.RaftServerConfigKeys (ConfUtils.java:logGet(43)) - raft.server.log.statemachine.data.caching.enabled = true (custom)
2019-07-13 12:54:18,124 INFO  server.RaftServerConfigKeys (ConfUtils.java:logGet(43)) - raft.server.log.statemachine.data.caching.enabled = true (custom)
2019-07-13 12:54:18,124 INFO  segmented.SegmentedRaftLogWorker (SegmentedRaftLogWorker.java:lambda$new$0(132)) - 8400e1d4-a14b-415b-a388-5524dc356515-SegmentedRaftLogWorker:Storage Directory /tmp/workdir/hadoop-ozone/integration-test/target/test-dir/MiniOzoneClusterImpl-1ec98762-6291-4205-8799-3ebd7a8a236f/datanode-5/data/ratis/86c9fa71-e9f3-4a99-ab55-3c33e6d85116: flushIndex: setUnconditionally 0 -> -1
2019-07-13 12:54:18,124 INFO  segmented.SegmentedRaftLogWorker (SegmentedRaftLogWorker.java:lambda$new$0(132)) - cb4c3959-5da2-4137-815d-e3d67775a032-SegmentedRaftLogWorker:Storage Directory /tmp/workdir/hadoop-ozone/integration-test/target/test-dir/MiniOzoneClusterImpl-1ec98762-6291-4205-8799-3ebd7a8a236f/datanode-1/data/ratis/86c9fa71-e9f3-4a99-ab55-3c33e6d85116: flushIndex: setUnconditionally 0 -> -1
2019-07-13 12:54:18,125 INFO  server.RaftServerConfigKeys (ConfUtils.java:logGet(43)) - raft.server.snapshot.auto.trigger.enabled = true (custom)
2019-07-13 12:54:18,125 INFO  server.RaftServerConfigKeys (ConfUtils.java:logGet(43)) - raft.server.snapshot.auto.trigger.enabled = true (custom)
2019-07-13 12:54:18,125 INFO  server.RaftServerConfigKeys (ConfUtils.java:logGet(43)) - raft.server.snapshot.auto.trigger.threshold = 10000 (custom)
2019-07-13 12:54:18,125 INFO  server.RaftServerConfigKeys (ConfUtils.java:logGet(43)) - raft.server.snapshot.auto.trigger.threshold = 10000 (custom)
2019-07-13 12:54:18,126 INFO  server.RaftServerConfigKeys (ConfUtils.java:logGet(43)) - raft.server.retrycache.expirytime = 600000ms (custom)
2019-07-13 12:54:18,126 INFO  server.RaftServerConfigKeys (ConfUtils.java:logGet(43)) - raft.server.retrycache.expirytime = 600000ms (custom)
2019-07-13 12:54:18,126 INFO  impl.RaftServerImpl (RaftServerImpl.java:start(180)) - 8400e1d4-a14b-415b-a388-5524dc356515: start group-3C33E6D85116
2019-07-13 12:54:18,126 INFO  impl.RaftServerImpl (RaftServerImpl.java:start(180)) - cb4c3959-5da2-4137-815d-e3d67775a032: start group-3C33E6D85116
2019-07-13 12:54:18,126 INFO  impl.RaftServerImpl (RaftServerImpl.java:setRole(171)) - 8400e1d4-a14b-415b-a388-5524dc356515:group-3C33E6D85116 changes role from null to FOLLOWER at term 0 for startAsFollower
2019-07-13 12:54:18,126 INFO  impl.RaftServerImpl (RaftServerImpl.java:setRole(171)) - cb4c3959-5da2-4137-815d-e3d67775a032:group-3C33E6D85116 changes role from null to FOLLOWER at term 0 for startAsFollower
2019-07-13 12:54:18,128 INFO  impl.RoleInfo (RoleInfo.java:updateAndGet(143)) - 8400e1d4-a14b-415b-a388-5524dc356515: start FollowerState
2019-07-13 12:54:18,128 INFO  impl.RoleInfo (RoleInfo.java:updateAndGet(143)) - cb4c3959-5da2-4137-815d-e3d67775a032: start FollowerState
2019-07-13 12:54:18,130 INFO  util.JmxRegister (JmxRegister.java:tryRegister(44)) - Successfully registered JMX Bean with object name Ratis:service=RaftServer,group=group-3C33E6D85116,id=8400e1d4-a14b-415b-a388-5524dc356515
2019-07-13 12:54:18,130 INFO  util.JmxRegister (JmxRegister.java:tryRegister(44)) - Successfully registered JMX Bean with object name Ratis:service=RaftServer,group=group-3C33E6D85116,id=cb4c3959-5da2-4137-815d-e3d67775a032
2019-07-13 12:54:18,148 INFO  pipeline.PipelineStateManager (PipelineStateManager.java:addPipeline(56)) - Created pipeline Pipeline[ Id: 86c9fa71-e9f3-4a99-ab55-3c33e6d85116, Nodes: 8400e1d4-a14b-415b-a388-5524dc356515{ip: 192.168.5.181, host: trunk-nightly-q2gwj-1111726333, networkLocation: /default-rack, certSerialId: null}cb4c3959-5da2-4137-815d-e3d67775a032{ip: 192.168.5.181, host: trunk-nightly-q2gwj-1111726333, networkLocation: /default-rack, certSerialId: null}55ca4f00-69a2-485e-ada4-ad251175ae1e{ip: 192.168.5.181, host: trunk-nightly-q2gwj-1111726333, networkLocation: /default-rack, certSerialId: null}, Type:RATIS, Factor:THREE, State:OPEN]
2019-07-13 12:54:18,560 INFO  ozone.MiniOzoneClusterImpl (MiniOzoneClusterImpl.java:lambda$waitForClusterToBeReady$0(142)) - Cluster is ready. Got 7 of 7 DN Heartbeats.
2019-07-13 12:54:18,900 INFO  rpc.RpcClient (RpcClient.java:createVolume(287)) - Creating Volume: testblockoutputstreamwithretries, with jenkins1000 as owner.
2019-07-13 12:54:18,951 INFO  rpc.RpcClient (RpcClient.java:createBucket(424)) - Creating Bucket: testblockoutputstreamwithretries/testblockoutputstreamwithretries, with Versioning false and Storage Type set to DISK and Encryption set to false 
2019-07-13 12:54:19,236 INFO  client.GrpcClientProtocolClient (GrpcClientProtocolClient.java:onNext(255)) - client-7533107FDBC0->8400e1d4-a14b-415b-a388-5524dc356515: receive RaftClientReply:client-7533107FDBC0->8400e1d4-a14b-415b-a388-5524dc356515@group-3C33E6D85116, cid=13, FAILED org.apache.ratis.protocol.NotLeaderException: Server 8400e1d4-a14b-415b-a388-5524dc356515 is not the leader (null). Request must be sent to leader., logIndex=0, commits[8400e1d4-a14b-415b-a388-5524dc356515:c-1]
2019-07-13 12:54:19,267 INFO  container.ReplicationManager (ReplicationManager.java:start(155)) - Starting Replication Monitor Thread.
2019-07-13 12:54:19,271 INFO  container.ReplicationManager (ReplicationManager.java:run(207)) - Replication Monitor Thread took 4 milliseconds for processing 1 containers.
2019-07-13 12:54:20,285 INFO  client.GrpcClientProtocolClient (GrpcClientProtocolClient.java:onNext(255)) - client-7533107FDBC0->cb4c3959-5da2-4137-815d-e3d67775a032: receive RaftClientReply:client-7533107FDBC0->cb4c3959-5da2-4137-815d-e3d67775a032@group-3C33E6D85116, cid=13, FAILED org.apache.ratis.protocol.NotLeaderException: Server cb4c3959-5da2-4137-815d-e3d67775a032 is not the leader (null). Request must be sent to leader., logIndex=0, commits[cb4c3959-5da2-4137-815d-e3d67775a032:c-1]
2019-07-13 12:54:21,320 INFO  client.GrpcClientProtocolClient (GrpcClientProtocolClient.java:onNext(255)) - client-7533107FDBC0->55ca4f00-69a2-485e-ada4-ad251175ae1e: receive RaftClientReply:client-7533107FDBC0->55ca4f00-69a2-485e-ada4-ad251175ae1e@group-3C33E6D85116, cid=13, FAILED org.apache.ratis.protocol.NotLeaderException: Server 55ca4f00-69a2-485e-ada4-ad251175ae1e is not the leader (null). Request must be sent to leader., logIndex=0, commits[55ca4f00-69a2-485e-ada4-ad251175ae1e:c-1]
2019-07-13 12:54:22,346 INFO  client.GrpcClientProtocolClient (GrpcClientProtocolClient.java:onNext(255)) - client-7533107FDBC0->8400e1d4-a14b-415b-a388-5524dc356515: receive RaftClientReply:client-7533107FDBC0->8400e1d4-a14b-415b-a388-5524dc356515@group-3C33E6D85116, cid=13, FAILED org.apache.ratis.protocol.NotLeaderException: Server 8400e1d4-a14b-415b-a388-5524dc356515 is not the leader (null). Request must be sent to leader., logIndex=0, commits[8400e1d4-a14b-415b-a388-5524dc356515:c-1]
2019-07-13 12:54:22,479 INFO  impl.FollowerState (FollowerState.java:run(106)) - ba122834-ef25-4536-baf6-e65f1e66574a:group-9911808AA5B8 changes to CANDIDATE, lastRpcTime:5089, electionTimeout:5088ms
2019-07-13 12:54:22,479 INFO  impl.RoleInfo (RoleInfo.java:shutdownFollowerState(121)) - ba122834-ef25-4536-baf6-e65f1e66574a: shutdown FollowerState
2019-07-13 12:54:22,479 INFO  impl.RaftServerImpl (RaftServerImpl.java:setRole(171)) - ba122834-ef25-4536-baf6-e65f1e66574a:group-9911808AA5B8 changes role from FOLLOWER to CANDIDATE at term 0 for changeToCandidate
2019-07-13 12:54:22,488 INFO  impl.RoleInfo (RoleInfo.java:updateAndGet(143)) - ba122834-ef25-4536-baf6-e65f1e66574a: start LeaderElection
2019-07-13 12:54:22,510 INFO  impl.LeaderElection (LeaderElection.java:askForVotes(181)) - ba122834-ef25-4536-baf6-e65f1e66574a:group-9911808AA5B8:LeaderElection1: begin an election at term 1 for -1: [ba122834-ef25-4536-baf6-e65f1e66574a:192.168.5.181:46003], old=null
2019-07-13 12:54:22,512 INFO  impl.RoleInfo (RoleInfo.java:shutdownLeaderElection(134)) - ba122834-ef25-4536-baf6-e65f1e66574a: shutdown LeaderElection
2019-07-13 12:54:22,513 INFO  impl.RaftServerImpl (RaftServerImpl.java:setRole(171)) - ba122834-ef25-4536-baf6-e65f1e66574a:group-9911808AA5B8 changes role from CANDIDATE to LEADER at term 1 for changeToLeader
2019-07-13 12:54:22,513 INFO  impl.RaftServerImpl (ServerState.java:setLeader(263)) - ba122834-ef25-4536-baf6-e65f1e66574a:group-9911808AA5B8 change Leader from null to ba122834-ef25-4536-baf6-e65f1e66574a at term 1 for becomeLeader, leader elected after 5202ms
2019-07-13 12:54:22,522 INFO  server.RaftServerConfigKeys (ConfUtils.java:logGet(43)) - raft.server.staging.catchup.gap = 1000 (default)
2019-07-13 12:54:22,522 INFO  server.RaftServerConfigKeys (ConfUtils.java:logGet(43)) - raft.server.rpc.sleep.time = 25ms (default)
2019-07-13 12:54:22,526 INFO  server.RaftServerConfigKeys (ConfUtils.java:logGet(43)) - raft.server.write.element-limit = 4096 (default)
2019-07-13 12:54:22,530 INFO  server.RaftServerConfigKeys (ConfUtils.java:logGet(43)) - raft.server.watch.timeout = 10s (default)
2019-07-13 12:54:22,530 INFO  server.RaftServerConfigKeys (ConfUtils.java:logGet(43)) - raft.server.watch.timeout.denomination = 1s (default)
2019-07-13 12:54:22,531 INFO  server.RaftServerConfigKeys (ConfUtils.java:logGet(43)) - raft.server.watch.element-limit = 65536 (default)
2019-07-13 12:54:22,543 INFO  impl.RoleInfo (RoleInfo.java:updateAndGet(143)) - ba122834-ef25-4536-baf6-e65f1e66574a: start LeaderState
2019-07-13 12:54:22,574 INFO  segmented.SegmentedRaftLogWorker (SegmentedRaftLogWorker.java:startLogSegment(380)) - ba122834-ef25-4536-baf6-e65f1e66574a-SegmentedRaftLogWorker:Storage Directory /tmp/workdir/hadoop-ozone/integration-test/target/test-dir/MiniOzoneClusterImpl-1ec98762-6291-4205-8799-3ebd7a8a236f/datanode-0/data/ratis/1e83b1b5-39c1-4598-91ec-9911808aa5b8: Starting segment from index:0
2019-07-13 12:54:22,585 INFO  impl.RaftServerImpl (ServerState.java:setRaftConf(361)) - ba122834-ef25-4536-baf6-e65f1e66574a:group-9911808AA5B8 set configuration 0: [ba122834-ef25-4536-baf6-e65f1e66574a:192.168.5.181:46003], old=null at 0
2019-07-13 12:54:22,612 INFO  impl.FollowerState (FollowerState.java:run(106)) - 03b3f447-2570-4487-84e8-39a0c3488c26:group-B2E1B86013F5 changes to CANDIDATE, lastRpcTime:5022, electionTimeout:5021ms
2019-07-13 12:54:22,615 INFO  impl.RoleInfo (RoleInfo.java:shutdownFollowerState(121)) - 03b3f447-2570-4487-84e8-39a0c3488c26: shutdown FollowerState
2019-07-13 12:54:22,615 INFO  impl.RaftServerImpl (RaftServerImpl.java:setRole(171)) - 03b3f447-2570-4487-84e8-39a0c3488c26:group-B2E1B86013F5 changes role from FOLLOWER to CANDIDATE at term 0 for changeToCandidate
2019-07-13 12:54:22,615 INFO  impl.RoleInfo (RoleInfo.java:updateAndGet(143)) - 03b3f447-2570-4487-84e8-39a0c3488c26: start LeaderElection
2019-07-13 12:54:22,624 INFO  impl.LeaderElection (LeaderElection.java:askForVotes(181)) - 03b3f447-2570-4487-84e8-39a0c3488c26:group-B2E1B86013F5:LeaderElection2: begin an election at term 1 for -1: [03b3f447-2570-4487-84e8-39a0c3488c26:192.168.5.181:43687], old=null
2019-07-13 12:54:22,625 INFO  impl.RoleInfo (RoleInfo.java:shutdownLeaderElection(134)) - 03b3f447-2570-4487-84e8-39a0c3488c26: shutdown LeaderElection
2019-07-13 12:54:22,625 INFO  impl.RaftServerImpl (RaftServerImpl.java:setRole(171)) - 03b3f447-2570-4487-84e8-39a0c3488c26:group-B2E1B86013F5 changes role from CANDIDATE to LEADER at term 1 for changeToLeader
2019-07-13 12:54:22,625 INFO  impl.RaftServerImpl (ServerState.java:setLeader(263)) - 03b3f447-2570-4487-84e8-39a0c3488c26:group-B2E1B86013F5 change Leader from null to 03b3f447-2570-4487-84e8-39a0c3488c26 at term 1 for becomeLeader, leader elected after 5042ms
2019-07-13 12:54:22,625 INFO  server.RaftServerConfigKeys (ConfUtils.java:logGet(43)) - raft.server.staging.catchup.gap = 1000 (default)
2019-07-13 12:54:22,625 INFO  server.RaftServerConfigKeys (ConfUtils.java:logGet(43)) - raft.server.rpc.sleep.time = 25ms (default)
2019-07-13 12:54:22,626 INFO  server.RaftServerConfigKeys (ConfUtils.java:logGet(43)) - raft.server.write.element-limit = 4096 (default)
2019-07-13 12:54:22,626 INFO  server.RaftServerConfigKeys (ConfUtils.java:logGet(43)) - raft.server.watch.timeout = 10s (default)
2019-07-13 12:54:22,626 INFO  server.RaftServerConfigKeys (ConfUtils.java:logGet(43)) - raft.server.watch.timeout.denomination = 1s (default)
2019-07-13 12:54:22,628 INFO  server.RaftServerConfigKeys (ConfUtils.java:logGet(43)) - raft.server.watch.element-limit = 65536 (default)
2019-07-13 12:54:22,629 INFO  impl.RoleInfo (RoleInfo.java:updateAndGet(143)) - 03b3f447-2570-4487-84e8-39a0c3488c26: start LeaderState
2019-07-13 12:54:22,629 INFO  segmented.SegmentedRaftLogWorker (SegmentedRaftLogWorker.java:startLogSegment(380)) - 03b3f447-2570-4487-84e8-39a0c3488c26-SegmentedRaftLogWorker:Storage Directory /tmp/workdir/hadoop-ozone/integration-test/target/test-dir/MiniOzoneClusterImpl-1ec98762-6291-4205-8799-3ebd7a8a236f/datanode-2/data/ratis/dc846eb1-85c7-4180-881e-b2e1b86013f5: Starting segment from index:0
2019-07-13 12:54:22,630 INFO  impl.RaftServerImpl (ServerState.java:setRaftConf(361)) - 03b3f447-2570-4487-84e8-39a0c3488c26:group-B2E1B86013F5 set configuration 0: [03b3f447-2570-4487-84e8-39a0c3488c26:192.168.5.181:43687], old=null at 0
2019-07-13 12:54:22,804 INFO  segmented.SegmentedRaftLogWorker (SegmentedRaftLogWorker.java:execute(569)) - ba122834-ef25-4536-baf6-e65f1e66574a-SegmentedRaftLogWorker:Storage Directory /tmp/workdir/hadoop-ozone/integration-test/target/test-dir/MiniOzoneClusterImpl-1ec98762-6291-4205-8799-3ebd7a8a236f/datanode-0/data/ratis/1e83b1b5-39c1-4598-91ec-9911808aa5b8: created new log segment /tmp/workdir/hadoop-ozone/integration-test/target/test-dir/MiniOzoneClusterImpl-1ec98762-6291-4205-8799-3ebd7a8a236f/datanode-0/data/ratis/1e83b1b5-39c1-4598-91ec-9911808aa5b8/current/log_inprogress_0
2019-07-13 12:54:22,804 INFO  segmented.SegmentedRaftLogWorker (SegmentedRaftLogWorker.java:execute(569)) - 03b3f447-2570-4487-84e8-39a0c3488c26-SegmentedRaftLogWorker:Storage Directory /tmp/workdir/hadoop-ozone/integration-test/target/test-dir/MiniOzoneClusterImpl-1ec98762-6291-4205-8799-3ebd7a8a236f/datanode-2/data/ratis/dc846eb1-85c7-4180-881e-b2e1b86013f5: created new log segment /tmp/workdir/hadoop-ozone/integration-test/target/test-dir/MiniOzoneClusterImpl-1ec98762-6291-4205-8799-3ebd7a8a236f/datanode-2/data/ratis/dc846eb1-85c7-4180-881e-b2e1b86013f5/current/log_inprogress_0
2019-07-13 12:54:22,822 INFO  impl.FollowerState (FollowerState.java:run(106)) - 8400e1d4-a14b-415b-a388-5524dc356515:group-026F4366F6F2 changes to CANDIDATE, lastRpcTime:5097, electionTimeout:5097ms
2019-07-13 12:54:22,825 INFO  impl.RoleInfo (RoleInfo.java:shutdownFollowerState(121)) - 8400e1d4-a14b-415b-a388-5524dc356515: shutdown FollowerState
2019-07-13 12:54:22,825 INFO  impl.RaftServerImpl (RaftServerImpl.java:setRole(171)) - 8400e1d4-a14b-415b-a388-5524dc356515:group-026F4366F6F2 changes role from FOLLOWER to CANDIDATE at term 0 for changeToCandidate
2019-07-13 12:54:22,825 INFO  impl.RoleInfo (RoleInfo.java:updateAndGet(143)) - 8400e1d4-a14b-415b-a388-5524dc356515: start LeaderElection
2019-07-13 12:54:22,831 INFO  impl.FollowerState (FollowerState.java:run(106)) - cb4c3959-5da2-4137-815d-e3d67775a032:group-D85B16EA0B02 changes to CANDIDATE, lastRpcTime:5034, electionTimeout:5031ms
2019-07-13 12:54:22,833 INFO  impl.RoleInfo (RoleInfo.java:shutdownFollowerState(121)) - cb4c3959-5da2-4137-815d-e3d67775a032: shutdown FollowerState
2019-07-13 12:54:22,833 INFO  impl.RaftServerImpl (RaftServerImpl.java:setRole(171)) - cb4c3959-5da2-4137-815d-e3d67775a032:group-D85B16EA0B02 changes role from FOLLOWER to CANDIDATE at term 0 for changeToCandidate
2019-07-13 12:54:22,833 INFO  impl.RoleInfo (RoleInfo.java:updateAndGet(143)) - cb4c3959-5da2-4137-815d-e3d67775a032: start LeaderElection
2019-07-13 12:54:22,839 INFO  impl.LeaderElection (LeaderElection.java:askForVotes(181)) - 8400e1d4-a14b-415b-a388-5524dc356515:group-026F4366F6F2:LeaderElection3: begin an election at term 1 for -1: [8400e1d4-a14b-415b-a388-5524dc356515:192.168.5.181:38704], old=null
2019-07-13 12:54:22,841 INFO  impl.RoleInfo (RoleInfo.java:shutdownLeaderElection(134)) - 8400e1d4-a14b-415b-a388-5524dc356515: shutdown LeaderElection
2019-07-13 12:54:22,841 INFO  impl.RaftServerImpl (RaftServerImpl.java:setRole(171)) - 8400e1d4-a14b-415b-a388-5524dc356515:group-026F4366F6F2 changes role from CANDIDATE to LEADER at term 1 for changeToLeader
2019-07-13 12:54:22,841 INFO  impl.RaftServerImpl (ServerState.java:setLeader(263)) - 8400e1d4-a14b-415b-a388-5524dc356515:group-026F4366F6F2 change Leader from null to 8400e1d4-a14b-415b-a388-5524dc356515 at term 1 for becomeLeader, leader elected after 5119ms
2019-07-13 12:54:22,841 INFO  server.RaftServerConfigKeys (ConfUtils.java:logGet(43)) - raft.server.staging.catchup.gap = 1000 (default)
2019-07-13 12:54:22,842 INFO  server.RaftServerConfigKeys (ConfUtils.java:logGet(43)) - raft.server.rpc.sleep.time = 25ms (default)
2019-07-13 12:54:22,842 INFO  server.RaftServerConfigKeys (ConfUtils.java:logGet(43)) - raft.server.write.element-limit = 4096 (default)
2019-07-13 12:54:22,842 INFO  server.RaftServerConfigKeys (ConfUtils.java:logGet(43)) - raft.server.watch.timeout = 10s (default)
2019-07-13 12:54:22,842 INFO  server.RaftServerConfigKeys (ConfUtils.java:logGet(43)) - raft.server.watch.timeout.denomination = 1s (default)
2019-07-13 12:54:22,842 INFO  server.RaftServerConfigKeys (ConfUtils.java:logGet(43)) - raft.server.watch.element-limit = 65536 (default)
2019-07-13 12:54:22,843 INFO  impl.RoleInfo (RoleInfo.java:updateAndGet(143)) - 8400e1d4-a14b-415b-a388-5524dc356515: start LeaderState
2019-07-13 12:54:22,843 INFO  segmented.SegmentedRaftLogWorker (SegmentedRaftLogWorker.java:startLogSegment(380)) - 8400e1d4-a14b-415b-a388-5524dc356515-SegmentedRaftLogWorker:Storage Directory /tmp/workdir/hadoop-ozone/integration-test/target/test-dir/MiniOzoneClusterImpl-1ec98762-6291-4205-8799-3ebd7a8a236f/datanode-5/data/ratis/e5cb8b47-8c00-4c93-b8a9-026f4366f6f2: Starting segment from index:0
2019-07-13 12:54:22,844 INFO  impl.RaftServerImpl (ServerState.java:setRaftConf(361)) - 8400e1d4-a14b-415b-a388-5524dc356515:group-026F4366F6F2 set configuration 0: [8400e1d4-a14b-415b-a388-5524dc356515:192.168.5.181:38704], old=null at 0
2019-07-13 12:54:22,864 INFO  impl.FollowerState (FollowerState.java:run(106)) - 66d441ba-17eb-48b5-9e0d-25fe771f2ae4:group-3CB221B4AF9B changes to CANDIDATE, lastRpcTime:5204, electionTimeout:5193ms
2019-07-13 12:54:22,864 INFO  impl.LeaderElection (LeaderElection.java:askForVotes(181)) - cb4c3959-5da2-4137-815d-e3d67775a032:group-D85B16EA0B02:LeaderElection4: begin an election at term 1 for -1: [cb4c3959-5da2-4137-815d-e3d67775a032:192.168.5.181:39320], old=null
2019-07-13 12:54:22,865 INFO  impl.RoleInfo (RoleInfo.java:shutdownFollowerState(121)) - 66d441ba-17eb-48b5-9e0d-25fe771f2ae4: shutdown FollowerState
2019-07-13 12:54:22,865 INFO  impl.RoleInfo (RoleInfo.java:shutdownLeaderElection(134)) - cb4c3959-5da2-4137-815d-e3d67775a032: shutdown LeaderElection
2019-07-13 12:54:22,865 INFO  impl.RaftServerImpl (RaftServerImpl.java:setRole(171)) - 66d441ba-17eb-48b5-9e0d-25fe771f2ae4:group-3CB221B4AF9B changes role from FOLLOWER to CANDIDATE at term 0 for changeToCandidate
2019-07-13 12:54:22,865 INFO  impl.RaftServerImpl (RaftServerImpl.java:setRole(171)) - cb4c3959-5da2-4137-815d-e3d67775a032:group-D85B16EA0B02 changes role from CANDIDATE to LEADER at term 1 for changeToLeader
2019-07-13 12:54:22,865 INFO  impl.RoleInfo (RoleInfo.java:updateAndGet(143)) - 66d441ba-17eb-48b5-9e0d-25fe771f2ae4: start LeaderElection
2019-07-13 12:54:22,865 INFO  impl.RaftServerImpl (ServerState.java:setLeader(263)) - cb4c3959-5da2-4137-815d-e3d67775a032:group-D85B16EA0B02 change Leader from null to cb4c3959-5da2-4137-815d-e3d67775a032 at term 1 for becomeLeader, leader elected after 5074ms
2019-07-13 12:54:22,868 INFO  server.RaftServerConfigKeys (ConfUtils.java:logGet(43)) - raft.server.staging.catchup.gap = 1000 (default)
2019-07-13 12:54:22,872 INFO  segmented.SegmentedRaftLogWorker (SegmentedRaftLogWorker.java:execute(569)) - 8400e1d4-a14b-415b-a388-5524dc356515-SegmentedRaftLogWorker:Storage Directory /tmp/workdir/hadoop-ozone/integration-test/target/test-dir/MiniOzoneClusterImpl-1ec98762-6291-4205-8799-3ebd7a8a236f/datanode-5/data/ratis/e5cb8b47-8c00-4c93-b8a9-026f4366f6f2: created new log segment /tmp/workdir/hadoop-ozone/integration-test/target/test-dir/MiniOzoneClusterImpl-1ec98762-6291-4205-8799-3ebd7a8a236f/datanode-5/data/ratis/e5cb8b47-8c00-4c93-b8a9-026f4366f6f2/current/log_inprogress_0
2019-07-13 12:54:22,873 INFO  server.RaftServerConfigKeys (ConfUtils.java:logGet(43)) - raft.server.rpc.sleep.time = 25ms (default)
2019-07-13 12:54:22,873 INFO  server.RaftServerConfigKeys (ConfUtils.java:logGet(43)) - raft.server.write.element-limit = 4096 (default)
2019-07-13 12:54:22,873 INFO  server.RaftServerConfigKeys (ConfUtils.java:logGet(43)) - raft.server.watch.timeout = 10s (default)
2019-07-13 12:54:22,874 INFO  server.RaftServerConfigKeys (ConfUtils.java:logGet(43)) - raft.server.watch.timeout.denomination = 1s (default)
2019-07-13 12:54:22,874 INFO  server.RaftServerConfigKeys (ConfUtils.java:logGet(43)) - raft.server.watch.element-limit = 65536 (default)
2019-07-13 12:54:22,874 INFO  impl.RoleInfo (RoleInfo.java:updateAndGet(143)) - cb4c3959-5da2-4137-815d-e3d67775a032: start LeaderState
2019-07-13 12:54:22,874 INFO  segmented.SegmentedRaftLogWorker (SegmentedRaftLogWorker.java:startLogSegment(380)) - cb4c3959-5da2-4137-815d-e3d67775a032-SegmentedRaftLogWorker:Storage Directory /tmp/workdir/hadoop-ozone/integration-test/target/test-dir/MiniOzoneClusterImpl-1ec98762-6291-4205-8799-3ebd7a8a236f/datanode-1/data/ratis/66bac202-73bb-4b59-a0be-d85b16ea0b02: Starting segment from index:0
2019-07-13 12:54:22,875 INFO  impl.RaftServerImpl (ServerState.java:setRaftConf(361)) - cb4c3959-5da2-4137-815d-e3d67775a032:group-D85B16EA0B02 set configuration 0: [cb4c3959-5da2-4137-815d-e3d67775a032:192.168.5.181:39320], old=null at 0
2019-07-13 12:54:22,895 INFO  impl.LeaderElection (LeaderElection.java:askForVotes(181)) - 66d441ba-17eb-48b5-9e0d-25fe771f2ae4:group-3CB221B4AF9B:LeaderElection5: begin an election at term 1 for -1: [66d441ba-17eb-48b5-9e0d-25fe771f2ae4:192.168.5.181:35511], old=null
2019-07-13 12:54:22,897 INFO  impl.RoleInfo (RoleInfo.java:shutdownLeaderElection(134)) - 66d441ba-17eb-48b5-9e0d-25fe771f2ae4: shutdown LeaderElection
2019-07-13 12:54:22,897 INFO  impl.RaftServerImpl (RaftServerImpl.java:setRole(171)) - 66d441ba-17eb-48b5-9e0d-25fe771f2ae4:group-3CB221B4AF9B changes role from CANDIDATE to LEADER at term 1 for changeToLeader
2019-07-13 12:54:22,897 INFO  impl.RaftServerImpl (ServerState.java:setLeader(263)) - 66d441ba-17eb-48b5-9e0d-25fe771f2ae4:group-3CB221B4AF9B change Leader from null to 66d441ba-17eb-48b5-9e0d-25fe771f2ae4 at term 1 for becomeLeader, leader elected after 5243ms
2019-07-13 12:54:22,898 INFO  server.RaftServerConfigKeys (ConfUtils.java:logGet(43)) - raft.server.staging.catchup.gap = 1000 (default)
2019-07-13 12:54:22,898 INFO  server.RaftServerConfigKeys (ConfUtils.java:logGet(43)) - raft.server.rpc.sleep.time = 25ms (default)
2019-07-13 12:54:22,898 INFO  segmented.SegmentedRaftLogWorker (SegmentedRaftLogWorker.java:execute(569)) - cb4c3959-5da2-4137-815d-e3d67775a032-SegmentedRaftLogWorker:Storage Directory /tmp/workdir/hadoop-ozone/integration-test/target/test-dir/MiniOzoneClusterImpl-1ec98762-6291-4205-8799-3ebd7a8a236f/datanode-1/data/ratis/66bac202-73bb-4b59-a0be-d85b16ea0b02: created new log segment /tmp/workdir/hadoop-ozone/integration-test/target/test-dir/MiniOzoneClusterImpl-1ec98762-6291-4205-8799-3ebd7a8a236f/datanode-1/data/ratis/66bac202-73bb-4b59-a0be-d85b16ea0b02/current/log_inprogress_0
2019-07-13 12:54:22,898 INFO  server.RaftServerConfigKeys (ConfUtils.java:logGet(43)) - raft.server.write.element-limit = 4096 (default)
2019-07-13 12:54:22,898 INFO  server.RaftServerConfigKeys (ConfUtils.java:logGet(43)) - raft.server.watch.timeout = 10s (default)
2019-07-13 12:54:22,898 INFO  server.RaftServerConfigKeys (ConfUtils.java:logGet(43)) - raft.server.watch.timeout.denomination = 1s (default)
2019-07-13 12:54:22,899 INFO  server.RaftServerConfigKeys (ConfUtils.java:logGet(43)) - raft.server.watch.element-limit = 65536 (default)
2019-07-13 12:54:22,899 INFO  impl.RoleInfo (RoleInfo.java:updateAndGet(143)) - 66d441ba-17eb-48b5-9e0d-25fe771f2ae4: start LeaderState
2019-07-13 12:54:22,899 INFO  segmented.SegmentedRaftLogWorker (SegmentedRaftLogWorker.java:startLogSegment(380)) - 66d441ba-17eb-48b5-9e0d-25fe771f2ae4-SegmentedRaftLogWorker:Storage Directory /tmp/workdir/hadoop-ozone/integration-test/target/test-dir/MiniOzoneClusterImpl-1ec98762-6291-4205-8799-3ebd7a8a236f/datanode-4/data/ratis/ba558734-7fba-4f4a-80aa-3cb221b4af9b: Starting segment from index:0
2019-07-13 12:54:22,900 INFO  impl.RaftServerImpl (ServerState.java:setRaftConf(361)) - 66d441ba-17eb-48b5-9e0d-25fe771f2ae4:group-3CB221B4AF9B set configuration 0: [66d441ba-17eb-48b5-9e0d-25fe771f2ae4:192.168.5.181:35511], old=null at 0
2019-07-13 12:54:22,924 INFO  segmented.SegmentedRaftLogWorker (SegmentedRaftLogWorker.java:execute(569)) - 66d441ba-17eb-48b5-9e0d-25fe771f2ae4-SegmentedRaftLogWorker:Storage Directory /tmp/workdir/hadoop-ozone/integration-test/target/test-dir/MiniOzoneClusterImpl-1ec98762-6291-4205-8799-3ebd7a8a236f/datanode-4/data/ratis/ba558734-7fba-4f4a-80aa-3cb221b4af9b: created new log segment /tmp/workdir/hadoop-ozone/integration-test/target/test-dir/MiniOzoneClusterImpl-1ec98762-6291-4205-8799-3ebd7a8a236f/datanode-4/data/ratis/ba558734-7fba-4f4a-80aa-3cb221b4af9b/current/log_inprogress_0
2019-07-13 12:54:23,016 INFO  impl.FollowerState (FollowerState.java:run(106)) - 55ca4f00-69a2-485e-ada4-ad251175ae1e:group-013883A034E2 changes to CANDIDATE, lastRpcTime:5145, electionTimeout:5145ms
2019-07-13 12:54:23,016 INFO  impl.RoleInfo (RoleInfo.java:shutdownFollowerState(121)) - 55ca4f00-69a2-485e-ada4-ad251175ae1e: shutdown FollowerState
2019-07-13 12:54:23,017 INFO  impl.RaftServerImpl (RaftServerImpl.java:setRole(171)) - 55ca4f00-69a2-485e-ada4-ad251175ae1e:group-013883A034E2 changes role from FOLLOWER to CANDIDATE at term 0 for changeToCandidate
2019-07-13 12:54:23,017 INFO  impl.RoleInfo (RoleInfo.java:updateAndGet(143)) - 55ca4f00-69a2-485e-ada4-ad251175ae1e: start LeaderElection
2019-07-13 12:54:23,035 INFO  impl.LeaderElection (LeaderElection.java:askForVotes(181)) - 55ca4f00-69a2-485e-ada4-ad251175ae1e:group-013883A034E2:LeaderElection6: begin an election at term 1 for -1: [55ca4f00-69a2-485e-ada4-ad251175ae1e:192.168.5.181:45025], old=null
2019-07-13 12:54:23,044 INFO  impl.FollowerState (FollowerState.java:run(106)) - 03b3f447-2570-4487-84e8-39a0c3488c26:group-C69C33DDA5B3 changes to CANDIDATE, lastRpcTime:5011, electionTimeout:5003ms
2019-07-13 12:54:23,046 INFO  impl.RoleInfo (RoleInfo.java:shutdownFollowerState(121)) - 03b3f447-2570-4487-84e8-39a0c3488c26: shutdown FollowerState
2019-07-13 12:54:23,046 INFO  impl.RoleInfo (RoleInfo.java:shutdownLeaderElection(134)) - 55ca4f00-69a2-485e-ada4-ad251175ae1e: shutdown LeaderElection
2019-07-13 12:54:23,046 INFO  impl.RaftServerImpl (RaftServerImpl.java:setRole(171)) - 03b3f447-2570-4487-84e8-39a0c3488c26:group-C69C33DDA5B3 changes role from FOLLOWER to CANDIDATE at term 0 for changeToCandidate
2019-07-13 12:54:23,047 INFO  impl.RaftServerImpl (RaftServerImpl.java:setRole(171)) - 55ca4f00-69a2-485e-ada4-ad251175ae1e:group-013883A034E2 changes role from CANDIDATE to LEADER at term 1 for changeToLeader
2019-07-13 12:54:23,047 INFO  impl.RoleInfo (RoleInfo.java:updateAndGet(143)) - 03b3f447-2570-4487-84e8-39a0c3488c26: start LeaderElection
2019-07-13 12:54:23,047 INFO  impl.RaftServerImpl (ServerState.java:setLeader(263)) - 55ca4f00-69a2-485e-ada4-ad251175ae1e:group-013883A034E2 change Leader from null to 55ca4f00-69a2-485e-ada4-ad251175ae1e at term 1 for becomeLeader, leader elected after 5181ms
2019-07-13 12:54:23,051 INFO  server.RaftServerConfigKeys (ConfUtils.java:logGet(43)) - raft.server.staging.catchup.gap = 1000 (default)
2019-07-13 12:54:23,053 INFO  server.RaftServerConfigKeys (ConfUtils.java:logGet(43)) - raft.server.rpc.sleep.time = 25ms (default)
2019-07-13 12:54:23,054 INFO  server.RaftServerConfigKeys (ConfUtils.java:logGet(43)) - raft.server.write.element-limit = 4096 (default)
2019-07-13 12:54:23,054 INFO  server.RaftServerConfigKeys (ConfUtils.java:logGet(43)) - raft.server.watch.timeout = 10s (default)
2019-07-13 12:54:23,054 INFO  server.RaftServerConfigKeys (ConfUtils.java:logGet(43)) - raft.server.watch.timeout.denomination = 1s (default)
2019-07-13 12:54:23,054 INFO  server.RaftServerConfigKeys (ConfUtils.java:logGet(43)) - raft.server.watch.element-limit = 65536 (default)
2019-07-13 12:54:23,055 INFO  impl.RoleInfo (RoleInfo.java:updateAndGet(143)) - 55ca4f00-69a2-485e-ada4-ad251175ae1e: start LeaderState
2019-07-13 12:54:23,055 INFO  segmented.SegmentedRaftLogWorker (SegmentedRaftLogWorker.java:startLogSegment(380)) - 55ca4f00-69a2-485e-ada4-ad251175ae1e-SegmentedRaftLogWorker:Storage Directory /tmp/workdir/hadoop-ozone/integration-test/target/test-dir/MiniOzoneClusterImpl-1ec98762-6291-4205-8799-3ebd7a8a236f/datanode-6/data/ratis/87929678-f008-468a-8977-013883a034e2: Starting segment from index:0
2019-07-13 12:54:23,056 INFO  impl.RaftServerImpl (ServerState.java:setRaftConf(361)) - 55ca4f00-69a2-485e-ada4-ad251175ae1e:group-013883A034E2 set configuration 0: [55ca4f00-69a2-485e-ada4-ad251175ae1e:192.168.5.181:45025], old=null at 0
2019-07-13 12:54:23,076 INFO  impl.LeaderElection (LeaderElection.java:askForVotes(181)) - 03b3f447-2570-4487-84e8-39a0c3488c26:group-C69C33DDA5B3:LeaderElection7: begin an election at term 1 for -1: [03b3f447-2570-4487-84e8-39a0c3488c26:192.168.5.181:43687, 66d441ba-17eb-48b5-9e0d-25fe771f2ae4:192.168.5.181:35511, ba122834-ef25-4536-baf6-e65f1e66574a:192.168.5.181:46003], old=null
2019-07-13 12:54:23,081 INFO  segmented.SegmentedRaftLogWorker (SegmentedRaftLogWorker.java:execute(569)) - 55ca4f00-69a2-485e-ada4-ad251175ae1e-SegmentedRaftLogWorker:Storage Directory /tmp/workdir/hadoop-ozone/integration-test/target/test-dir/MiniOzoneClusterImpl-1ec98762-6291-4205-8799-3ebd7a8a236f/datanode-6/data/ratis/87929678-f008-468a-8977-013883a034e2: created new log segment /tmp/workdir/hadoop-ozone/integration-test/target/test-dir/MiniOzoneClusterImpl-1ec98762-6291-4205-8799-3ebd7a8a236f/datanode-6/data/ratis/87929678-f008-468a-8977-013883a034e2/current/log_inprogress_0
2019-07-13 12:54:23,096 INFO  impl.FollowerState (FollowerState.java:run(106)) - 08f11e74-c0bf-4f58-94b8-d53b9cd4baa8:group-22F1DD669492 changes to CANDIDATE, lastRpcTime:5170, electionTimeout:5170ms
2019-07-13 12:54:23,096 INFO  impl.RoleInfo (RoleInfo.java:shutdownFollowerState(121)) - 08f11e74-c0bf-4f58-94b8-d53b9cd4baa8: shutdown FollowerState
2019-07-13 12:54:23,096 INFO  impl.RaftServerImpl (RaftServerImpl.java:setRole(171)) - 08f11e74-c0bf-4f58-94b8-d53b9cd4baa8:group-22F1DD669492 changes role from FOLLOWER to CANDIDATE at term 0 for changeToCandidate
2019-07-13 12:54:23,096 INFO  impl.RoleInfo (RoleInfo.java:updateAndGet(143)) - 08f11e74-c0bf-4f58-94b8-d53b9cd4baa8: start LeaderElection
2019-07-13 12:54:23,110 INFO  impl.LeaderElection (LeaderElection.java:askForVotes(181)) - 08f11e74-c0bf-4f58-94b8-d53b9cd4baa8:group-22F1DD669492:LeaderElection8: begin an election at term 1 for -1: [08f11e74-c0bf-4f58-94b8-d53b9cd4baa8:192.168.5.181:36376], old=null
2019-07-13 12:54:23,112 INFO  impl.RaftServerImpl (RaftServerImpl.java:setRole(171)) - ba122834-ef25-4536-baf6-e65f1e66574a:group-C69C33DDA5B3 changes role from FOLLOWER to FOLLOWER at term 1 for recognizeCandidate:03b3f447-2570-4487-84e8-39a0c3488c26
2019-07-13 12:54:23,112 INFO  impl.RoleInfo (RoleInfo.java:shutdownLeaderElection(134)) - 08f11e74-c0bf-4f58-94b8-d53b9cd4baa8: shutdown LeaderElection
2019-07-13 12:54:23,112 INFO  impl.RaftServerImpl (RaftServerImpl.java:setRole(171)) - 66d441ba-17eb-48b5-9e0d-25fe771f2ae4:group-C69C33DDA5B3 changes role from FOLLOWER to FOLLOWER at term 1 for recognizeCandidate:03b3f447-2570-4487-84e8-39a0c3488c26
2019-07-13 12:54:23,112 INFO  impl.RoleInfo (RoleInfo.java:shutdownFollowerState(121)) - 66d441ba-17eb-48b5-9e0d-25fe771f2ae4: shutdown FollowerState
2019-07-13 12:54:23,112 INFO  impl.RaftServerImpl (RaftServerImpl.java:setRole(171)) - 08f11e74-c0bf-4f58-94b8-d53b9cd4baa8:group-22F1DD669492 changes role from CANDIDATE to LEADER at term 1 for changeToLeader
2019-07-13 12:54:23,112 INFO  impl.RoleInfo (RoleInfo.java:shutdownFollowerState(121)) - ba122834-ef25-4536-baf6-e65f1e66574a: shutdown FollowerState
2019-07-13 12:54:23,113 INFO  impl.FollowerState (FollowerState.java:run(114)) - 66d441ba-17eb-48b5-9e0d-25fe771f2ae4: FollowerState was interrupted: java.lang.InterruptedException: sleep interrupted
2019-07-13 12:54:23,113 INFO  impl.FollowerState (FollowerState.java:run(114)) - ba122834-ef25-4536-baf6-e65f1e66574a: FollowerState was interrupted: java.lang.InterruptedException: sleep interrupted
2019-07-13 12:54:23,113 INFO  impl.RaftServerImpl (ServerState.java:setLeader(263)) - 08f11e74-c0bf-4f58-94b8-d53b9cd4baa8:group-22F1DD669492 change Leader from null to 08f11e74-c0bf-4f58-94b8-d53b9cd4baa8 at term 1 for becomeLeader, leader elected after 5193ms
2019-07-13 12:54:23,113 INFO  impl.RoleInfo (RoleInfo.java:updateAndGet(143)) - 66d441ba-17eb-48b5-9e0d-25fe771f2ae4: start FollowerState
2019-07-13 12:54:23,118 INFO  server.RaftServerConfigKeys (ConfUtils.java:logGet(43)) - raft.server.staging.catchup.gap = 1000 (default)
2019-07-13 12:54:23,113 INFO  impl.RoleInfo (RoleInfo.java:updateAndGet(143)) - ba122834-ef25-4536-baf6-e65f1e66574a: start FollowerState
2019-07-13 12:54:23,119 INFO  server.RaftServerConfigKeys (ConfUtils.java:logGet(43)) - raft.server.rpc.sleep.time = 25ms (default)
2019-07-13 12:54:23,119 INFO  server.RaftServerConfigKeys (ConfUtils.java:logGet(43)) - raft.server.write.element-limit = 4096 (default)
2019-07-13 12:54:23,119 INFO  server.RaftServerConfigKeys (ConfUtils.java:logGet(43)) - raft.server.watch.timeout = 10s (default)
2019-07-13 12:54:23,120 INFO  server.RaftServerConfigKeys (ConfUtils.java:logGet(43)) - raft.server.watch.timeout.denomination = 1s (default)
2019-07-13 12:54:23,120 INFO  server.RaftServerConfigKeys (ConfUtils.java:logGet(43)) - raft.server.watch.element-limit = 65536 (default)
2019-07-13 12:54:23,120 INFO  impl.RoleInfo (RoleInfo.java:updateAndGet(143)) - 08f11e74-c0bf-4f58-94b8-d53b9cd4baa8: start LeaderState
2019-07-13 12:54:23,120 INFO  segmented.SegmentedRaftLogWorker (SegmentedRaftLogWorker.java:startLogSegment(380)) - 08f11e74-c0bf-4f58-94b8-d53b9cd4baa8-SegmentedRaftLogWorker:Storage Directory /tmp/workdir/hadoop-ozone/integration-test/target/test-dir/MiniOzoneClusterImpl-1ec98762-6291-4205-8799-3ebd7a8a236f/datanode-3/data/ratis/b666bdb2-63a9-42f1-a9d6-22f1dd669492: Starting segment from index:0
2019-07-13 12:54:23,121 INFO  impl.RaftServerImpl (ServerState.java:setRaftConf(361)) - 08f11e74-c0bf-4f58-94b8-d53b9cd4baa8:group-22F1DD669492 set configuration 0: [08f11e74-c0bf-4f58-94b8-d53b9cd4baa8:192.168.5.181:36376], old=null at 0
2019-07-13 12:54:23,145 INFO  segmented.SegmentedRaftLogWorker (SegmentedRaftLogWorker.java:execute(569)) - 08f11e74-c0bf-4f58-94b8-d53b9cd4baa8-SegmentedRaftLogWorker:Storage Directory /tmp/workdir/hadoop-ozone/integration-test/target/test-dir/MiniOzoneClusterImpl-1ec98762-6291-4205-8799-3ebd7a8a236f/datanode-3/data/ratis/b666bdb2-63a9-42f1-a9d6-22f1dd669492: created new log segment /tmp/workdir/hadoop-ozone/integration-test/target/test-dir/MiniOzoneClusterImpl-1ec98762-6291-4205-8799-3ebd7a8a236f/datanode-3/data/ratis/b666bdb2-63a9-42f1-a9d6-22f1dd669492/current/log_inprogress_0
2019-07-13 12:54:23,157 INFO  impl.LeaderElection (LeaderElection.java:logAndReturn(56)) - 03b3f447-2570-4487-84e8-39a0c3488c26:group-C69C33DDA5B3:LeaderElection7: Election PASSED; received 1 response(s) [03b3f447-2570-4487-84e8-39a0c3488c26<-66d441ba-17eb-48b5-9e0d-25fe771f2ae4#0:OK-t1] and 0 exception(s); 03b3f447-2570-4487-84e8-39a0c3488c26:t1, leader=null, voted=03b3f447-2570-4487-84e8-39a0c3488c26, raftlog=03b3f447-2570-4487-84e8-39a0c3488c26-SegmentedRaftLog:OPENED:c-1,f-1,i0, conf=-1: [03b3f447-2570-4487-84e8-39a0c3488c26:192.168.5.181:43687, 66d441ba-17eb-48b5-9e0d-25fe771f2ae4:192.168.5.181:35511, ba122834-ef25-4536-baf6-e65f1e66574a:192.168.5.181:46003], old=null
2019-07-13 12:54:23,157 INFO  impl.RoleInfo (RoleInfo.java:shutdownLeaderElection(134)) - 03b3f447-2570-4487-84e8-39a0c3488c26: shutdown LeaderElection
2019-07-13 12:54:23,157 INFO  impl.RaftServerImpl (RaftServerImpl.java:setRole(171)) - 03b3f447-2570-4487-84e8-39a0c3488c26:group-C69C33DDA5B3 changes role from CANDIDATE to LEADER at term 1 for changeToLeader
2019-07-13 12:54:23,160 INFO  impl.RaftServerImpl (ServerState.java:setLeader(263)) - 03b3f447-2570-4487-84e8-39a0c3488c26:group-C69C33DDA5B3 change Leader from null to 03b3f447-2570-4487-84e8-39a0c3488c26 at term 1 for becomeLeader, leader elected after 5149ms
2019-07-13 12:54:23,160 INFO  server.RaftServerConfigKeys (ConfUtils.java:logGet(43)) - raft.server.staging.catchup.gap = 1000 (default)
2019-07-13 12:54:23,160 INFO  server.RaftServerConfigKeys (ConfUtils.java:logGet(43)) - raft.server.rpc.sleep.time = 25ms (default)
2019-07-13 12:54:23,160 INFO  server.RaftServerConfigKeys (ConfUtils.java:logGet(43)) - raft.server.write.element-limit = 4096 (default)
2019-07-13 12:54:23,161 INFO  server.RaftServerConfigKeys (ConfUtils.java:logGet(43)) - raft.server.watch.timeout = 10s (default)
2019-07-13 12:54:23,161 INFO  server.RaftServerConfigKeys (ConfUtils.java:logGet(43)) - raft.server.watch.timeout.denomination = 1s (default)
2019-07-13 12:54:23,161 INFO  server.RaftServerConfigKeys (ConfUtils.java:logGet(43)) - raft.server.watch.element-limit = 65536 (default)
2019-07-13 12:54:23,163 INFO  server.RaftServerConfigKeys (ConfUtils.java:logGet(43)) - raft.server.log.appender.snapshot.chunk.size.max = 16MB (=16777216) (default)
2019-07-13 12:54:23,163 INFO  server.RaftServerConfigKeys (ConfUtils.java:logGet(43)) - raft.server.log.appender.buffer.byte-limit = 33554432 (custom)
2019-07-13 12:54:23,164 INFO  server.RaftServerConfigKeys (ConfUtils.java:logGet(43)) - raft.server.log.appender.buffer.element-limit = 1 (custom)
2019-07-13 12:54:23,167 INFO  grpc.GrpcConfigKeys$Server (ConfUtils.java:logGet(43)) - raft.grpc.server.leader.outstanding.appends.max = 128 (default)
2019-07-13 12:54:23,169 INFO  server.RaftServerConfigKeys (ConfUtils.java:logGet(43)) - raft.server.rpc.request.timeout = 3000ms (default)
2019-07-13 12:54:23,169 INFO  server.RaftServerConfigKeys (ConfUtils.java:logGet(43)) - raft.server.log.appender.install.snapshot.enabled = false (custom)
2019-07-13 12:54:23,169 INFO  server.RaftServerConfigKeys (ConfUtils.java:logGet(43)) - raft.server.log.appender.snapshot.chunk.size.max = 16MB (=16777216) (default)
2019-07-13 12:54:23,169 INFO  server.RaftServerConfigKeys (ConfUtils.java:logGet(43)) - raft.server.log.appender.buffer.byte-limit = 33554432 (custom)
2019-07-13 12:54:23,169 INFO  server.RaftServerConfigKeys (ConfUtils.java:logGet(43)) - raft.server.log.appender.buffer.element-limit = 1 (custom)
2019-07-13 12:54:23,170 INFO  grpc.GrpcConfigKeys$Server (ConfUtils.java:logGet(43)) - raft.grpc.server.leader.outstanding.appends.max = 128 (default)
2019-07-13 12:54:23,170 INFO  server.RaftServerConfigKeys (ConfUtils.java:logGet(43)) - raft.server.rpc.request.timeout = 3000ms (default)
2019-07-13 12:54:23,170 INFO  server.RaftServerConfigKeys (ConfUtils.java:logGet(43)) - raft.server.log.appender.install.snapshot.enabled = false (custom)
2019-07-13 12:54:23,171 INFO  impl.RoleInfo (RoleInfo.java:updateAndGet(143)) - 03b3f447-2570-4487-84e8-39a0c3488c26: start LeaderState
2019-07-13 12:54:23,171 INFO  segmented.SegmentedRaftLogWorker (SegmentedRaftLogWorker.java:startLogSegment(380)) - 03b3f447-2570-4487-84e8-39a0c3488c26-SegmentedRaftLogWorker:Storage Directory /tmp/workdir/hadoop-ozone/integration-test/target/test-dir/MiniOzoneClusterImpl-1ec98762-6291-4205-8799-3ebd7a8a236f/datanode-2/data/ratis/ba185006-d8b3-4d3f-a7ba-c69c33dda5b3: Starting segment from index:0
2019-07-13 12:54:23,172 INFO  impl.RaftServerImpl (ServerState.java:setRaftConf(361)) - 03b3f447-2570-4487-84e8-39a0c3488c26:group-C69C33DDA5B3 set configuration 0: [03b3f447-2570-4487-84e8-39a0c3488c26:192.168.5.181:43687, 66d441ba-17eb-48b5-9e0d-25fe771f2ae4:192.168.5.181:35511, ba122834-ef25-4536-baf6-e65f1e66574a:192.168.5.181:46003], old=null at 0
2019-07-13 12:54:23,201 INFO  segmented.SegmentedRaftLogWorker (SegmentedRaftLogWorker.java:execute(569)) - 03b3f447-2570-4487-84e8-39a0c3488c26-SegmentedRaftLogWorker:Storage Directory /tmp/workdir/hadoop-ozone/integration-test/target/test-dir/MiniOzoneClusterImpl-1ec98762-6291-4205-8799-3ebd7a8a236f/datanode-2/data/ratis/ba185006-d8b3-4d3f-a7ba-c69c33dda5b3: created new log segment /tmp/workdir/hadoop-ozone/integration-test/target/test-dir/MiniOzoneClusterImpl-1ec98762-6291-4205-8799-3ebd7a8a236f/datanode-2/data/ratis/ba185006-d8b3-4d3f-a7ba-c69c33dda5b3/current/log_inprogress_0
2019-07-13 12:54:23,214 INFO  impl.RaftServerImpl (ServerState.java:setLeader(263)) - ba122834-ef25-4536-baf6-e65f1e66574a:group-C69C33DDA5B3 change Leader from null to 03b3f447-2570-4487-84e8-39a0c3488c26 at term 1 for appendEntries, leader elected after 5203ms
2019-07-13 12:54:23,214 INFO  impl.RaftServerImpl (ServerState.java:setLeader(263)) - 66d441ba-17eb-48b5-9e0d-25fe771f2ae4:group-C69C33DDA5B3 change Leader from null to 03b3f447-2570-4487-84e8-39a0c3488c26 at term 1 for appendEntries, leader elected after 5203ms
2019-07-13 12:54:23,247 INFO  impl.FollowerState (FollowerState.java:run(106)) - cb4c3959-5da2-4137-815d-e3d67775a032:group-3C33E6D85116 changes to CANDIDATE, lastRpcTime:5118, electionTimeout:5115ms
2019-07-13 12:54:23,247 INFO  impl.RoleInfo (RoleInfo.java:shutdownFollowerState(121)) - cb4c3959-5da2-4137-815d-e3d67775a032: shutdown FollowerState
2019-07-13 12:54:23,247 INFO  impl.RaftServerImpl (RaftServerImpl.java:setRole(171)) - cb4c3959-5da2-4137-815d-e3d67775a032:group-3C33E6D85116 changes role from FOLLOWER to CANDIDATE at term 0 for changeToCandidate
2019-07-13 12:54:23,247 INFO  impl.RoleInfo (RoleInfo.java:updateAndGet(143)) - cb4c3959-5da2-4137-815d-e3d67775a032: start LeaderElection
2019-07-13 12:54:23,263 INFO  impl.RaftServerImpl (ServerState.java:setRaftConf(361)) - ba122834-ef25-4536-baf6-e65f1e66574a:group-C69C33DDA5B3 set configuration 0: [03b3f447-2570-4487-84e8-39a0c3488c26:192.168.5.181:43687, 66d441ba-17eb-48b5-9e0d-25fe771f2ae4:192.168.5.181:35511, ba122834-ef25-4536-baf6-e65f1e66574a:192.168.5.181:46003], old=null at 0
2019-07-13 12:54:23,263 INFO  impl.RaftServerImpl (ServerState.java:setRaftConf(361)) - 66d441ba-17eb-48b5-9e0d-25fe771f2ae4:group-C69C33DDA5B3 set configuration 0: [03b3f447-2570-4487-84e8-39a0c3488c26:192.168.5.181:43687, 66d441ba-17eb-48b5-9e0d-25fe771f2ae4:192.168.5.181:35511, ba122834-ef25-4536-baf6-e65f1e66574a:192.168.5.181:46003], old=null at 0
2019-07-13 12:54:23,263 INFO  segmented.SegmentedRaftLogWorker (SegmentedRaftLogWorker.java:startLogSegment(380)) - ba122834-ef25-4536-baf6-e65f1e66574a-SegmentedRaftLogWorker:Storage Directory /tmp/workdir/hadoop-ozone/integration-test/target/test-dir/MiniOzoneClusterImpl-1ec98762-6291-4205-8799-3ebd7a8a236f/datanode-0/data/ratis/ba185006-d8b3-4d3f-a7ba-c69c33dda5b3: Starting segment from index:0
2019-07-13 12:54:23,263 INFO  segmented.SegmentedRaftLogWorker (SegmentedRaftLogWorker.java:startLogSegment(380)) - 66d441ba-17eb-48b5-9e0d-25fe771f2ae4-SegmentedRaftLogWorker:Storage Directory /tmp/workdir/hadoop-ozone/integration-test/target/test-dir/MiniOzoneClusterImpl-1ec98762-6291-4205-8799-3ebd7a8a236f/datanode-4/data/ratis/ba185006-d8b3-4d3f-a7ba-c69c33dda5b3: Starting segment from index:0
2019-07-13 12:54:23,265 INFO  impl.LeaderElection (LeaderElection.java:askForVotes(181)) - cb4c3959-5da2-4137-815d-e3d67775a032:group-3C33E6D85116:LeaderElection9: begin an election at term 1 for -1: [8400e1d4-a14b-415b-a388-5524dc356515:192.168.5.181:38704, cb4c3959-5da2-4137-815d-e3d67775a032:192.168.5.181:39320, 55ca4f00-69a2-485e-ada4-ad251175ae1e:192.168.5.181:45025], old=null
2019-07-13 12:54:23,266 INFO  impl.FollowerState (FollowerState.java:run(106)) - 55ca4f00-69a2-485e-ada4-ad251175ae1e:group-3C33E6D85116 changes to CANDIDATE, lastRpcTime:5143, electionTimeout:5143ms
2019-07-13 12:54:23,266 INFO  impl.RoleInfo (RoleInfo.java:shutdownFollowerState(121)) - 55ca4f00-69a2-485e-ada4-ad251175ae1e: shutdown FollowerState
2019-07-13 12:54:23,296 INFO  impl.RaftServerImpl (RaftServerImpl.java:setRole(171)) - 55ca4f00-69a2-485e-ada4-ad251175ae1e:group-3C33E6D85116 changes role from FOLLOWER to CANDIDATE at term 0 for changeToCandidate
2019-07-13 12:54:23,296 INFO  impl.RoleInfo (RoleInfo.java:updateAndGet(143)) - 55ca4f00-69a2-485e-ada4-ad251175ae1e: start LeaderElection
2019-07-13 12:54:23,299 INFO  segmented.SegmentedRaftLogWorker (SegmentedRaftLogWorker.java:execute(569)) - 66d441ba-17eb-48b5-9e0d-25fe771f2ae4-SegmentedRaftLogWorker:Storage Directory /tmp/workdir/hadoop-ozone/integration-test/target/test-dir/MiniOzoneClusterImpl-1ec98762-6291-4205-8799-3ebd7a8a236f/datanode-4/data/ratis/ba185006-d8b3-4d3f-a7ba-c69c33dda5b3: created new log segment /tmp/workdir/hadoop-ozone/integration-test/target/test-dir/MiniOzoneClusterImpl-1ec98762-6291-4205-8799-3ebd7a8a236f/datanode-4/data/ratis/ba185006-d8b3-4d3f-a7ba-c69c33dda5b3/current/log_inprogress_0
2019-07-13 12:54:23,300 INFO  segmented.SegmentedRaftLogWorker (SegmentedRaftLogWorker.java:execute(569)) - ba122834-ef25-4536-baf6-e65f1e66574a-SegmentedRaftLogWorker:Storage Directory /tmp/workdir/hadoop-ozone/integration-test/target/test-dir/MiniOzoneClusterImpl-1ec98762-6291-4205-8799-3ebd7a8a236f/datanode-0/data/ratis/ba185006-d8b3-4d3f-a7ba-c69c33dda5b3: created new log segment /tmp/workdir/hadoop-ozone/integration-test/target/test-dir/MiniOzoneClusterImpl-1ec98762-6291-4205-8799-3ebd7a8a236f/datanode-0/data/ratis/ba185006-d8b3-4d3f-a7ba-c69c33dda5b3/current/log_inprogress_0
2019-07-13 12:54:23,312 INFO  impl.LeaderElection (LeaderElection.java:askForVotes(181)) - 55ca4f00-69a2-485e-ada4-ad251175ae1e:group-3C33E6D85116:LeaderElection10: begin an election at term 1 for -1: [8400e1d4-a14b-415b-a388-5524dc356515:192.168.5.181:38704, cb4c3959-5da2-4137-815d-e3d67775a032:192.168.5.181:39320, 55ca4f00-69a2-485e-ada4-ad251175ae1e:192.168.5.181:45025], old=null
2019-07-13 12:54:23,314 INFO  impl.RaftServerImpl (RaftServerImpl.java:setRole(171)) - 8400e1d4-a14b-415b-a388-5524dc356515:group-3C33E6D85116 changes role from FOLLOWER to FOLLOWER at term 1 for recognizeCandidate:cb4c3959-5da2-4137-815d-e3d67775a032
2019-07-13 12:54:23,316 INFO  impl.RoleInfo (RoleInfo.java:shutdownFollowerState(121)) - 8400e1d4-a14b-415b-a388-5524dc356515: shutdown FollowerState
2019-07-13 12:54:23,316 INFO  impl.RoleInfo (RoleInfo.java:updateAndGet(143)) - 8400e1d4-a14b-415b-a388-5524dc356515: start FollowerState
2019-07-13 12:54:23,316 INFO  impl.FollowerState (FollowerState.java:run(114)) - 8400e1d4-a14b-415b-a388-5524dc356515: FollowerState was interrupted: java.lang.InterruptedException: sleep interrupted
2019-07-13 12:54:23,333 INFO  impl.LeaderElection (LeaderElection.java:logAndReturn(56)) - cb4c3959-5da2-4137-815d-e3d67775a032:group-3C33E6D85116:LeaderElection9: Election PASSED; received 2 response(s) [cb4c3959-5da2-4137-815d-e3d67775a032<-8400e1d4-a14b-415b-a388-5524dc356515#0:OK-t1, cb4c3959-5da2-4137-815d-e3d67775a032<-55ca4f00-69a2-485e-ada4-ad251175ae1e#0:FAIL-t1] and 0 exception(s); cb4c3959-5da2-4137-815d-e3d67775a032:t1, leader=null, voted=cb4c3959-5da2-4137-815d-e3d67775a032, raftlog=cb4c3959-5da2-4137-815d-e3d67775a032-SegmentedRaftLog:OPENED:c-1,f-1,i0, conf=-1: [8400e1d4-a14b-415b-a388-5524dc356515:192.168.5.181:38704, cb4c3959-5da2-4137-815d-e3d67775a032:192.168.5.181:39320, 55ca4f00-69a2-485e-ada4-ad251175ae1e:192.168.5.181:45025], old=null
2019-07-13 12:54:23,333 INFO  impl.RoleInfo (RoleInfo.java:shutdownLeaderElection(134)) - cb4c3959-5da2-4137-815d-e3d67775a032: shutdown LeaderElection
2019-07-13 12:54:23,335 INFO  impl.RaftServerImpl (RaftServerImpl.java:setRole(171)) - cb4c3959-5da2-4137-815d-e3d67775a032:group-3C33E6D85116 changes role from CANDIDATE to LEADER at term 1 for changeToLeader
2019-07-13 12:54:23,335 INFO  impl.RaftServerImpl (ServerState.java:setLeader(263)) - cb4c3959-5da2-4137-815d-e3d67775a032:group-3C33E6D85116 change Leader from null to cb4c3959-5da2-4137-815d-e3d67775a032 at term 1 for becomeLeader, leader elected after 5225ms
2019-07-13 12:54:23,335 INFO  server.RaftServerConfigKeys (ConfUtils.java:logGet(43)) - raft.server.staging.catchup.gap = 1000 (default)
2019-07-13 12:54:23,335 INFO  server.RaftServerConfigKeys (ConfUtils.java:logGet(43)) - raft.server.rpc.sleep.time = 25ms (default)
2019-07-13 12:54:23,335 INFO  server.RaftServerConfigKeys (ConfUtils.java:logGet(43)) - raft.server.write.element-limit = 4096 (default)
2019-07-13 12:54:23,336 INFO  server.RaftServerConfigKeys (ConfUtils.java:logGet(43)) - raft.server.watch.timeout = 10s (default)
2019-07-13 12:54:23,336 INFO  server.RaftServerConfigKeys (ConfUtils.java:logGet(43)) - raft.server.watch.timeout.denomination = 1s (default)
2019-07-13 12:54:23,336 INFO  server.RaftServerConfigKeys (ConfUtils.java:logGet(43)) - raft.server.watch.element-limit = 65536 (default)
2019-07-13 12:54:23,336 INFO  server.RaftServerConfigKeys (ConfUtils.java:logGet(43)) - raft.server.log.appender.snapshot.chunk.size.max = 16MB (=16777216) (default)
2019-07-13 12:54:23,337 INFO  server.RaftServerConfigKeys (ConfUtils.java:logGet(43)) - raft.server.log.appender.buffer.byte-limit = 33554432 (custom)
2019-07-13 12:54:23,337 INFO  server.RaftServerConfigKeys (ConfUtils.java:logGet(43)) - raft.server.log.appender.buffer.element-limit = 1 (custom)
2019-07-13 12:54:23,339 INFO  grpc.GrpcConfigKeys$Server (ConfUtils.java:logGet(43)) - raft.grpc.server.leader.outstanding.appends.max = 128 (default)
2019-07-13 12:54:23,341 INFO  server.RaftServerConfigKeys (ConfUtils.java:logGet(43)) - raft.server.rpc.request.timeout = 3000ms (default)
2019-07-13 12:54:23,342 INFO  server.RaftServerConfigKeys (ConfUtils.java:logGet(43)) - raft.server.log.appender.install.snapshot.enabled = false (custom)
2019-07-13 12:54:23,342 INFO  server.RaftServerConfigKeys (ConfUtils.java:logGet(43)) - raft.server.log.appender.snapshot.chunk.size.max = 16MB (=16777216) (default)
2019-07-13 12:54:23,342 INFO  server.RaftServerConfigKeys (ConfUtils.java:logGet(43)) - raft.server.log.appender.buffer.byte-limit = 33554432 (custom)
2019-07-13 12:54:23,344 INFO  server.RaftServerConfigKeys (ConfUtils.java:logGet(43)) - raft.server.log.appender.buffer.element-limit = 1 (custom)
2019-07-13 12:54:23,344 INFO  grpc.GrpcConfigKeys$Server (ConfUtils.java:logGet(43)) - raft.grpc.server.leader.outstanding.appends.max = 128 (default)
2019-07-13 12:54:23,344 INFO  server.RaftServerConfigKeys (ConfUtils.java:logGet(43)) - raft.server.rpc.request.timeout = 3000ms (default)
2019-07-13 12:54:23,344 INFO  server.RaftServerConfigKeys (ConfUtils.java:logGet(43)) - raft.server.log.appender.install.snapshot.enabled = false (custom)
2019-07-13 12:54:23,345 INFO  impl.RoleInfo (RoleInfo.java:updateAndGet(143)) - cb4c3959-5da2-4137-815d-e3d67775a032: start LeaderState
2019-07-13 12:54:23,345 INFO  segmented.SegmentedRaftLogWorker (SegmentedRaftLogWorker.java:startLogSegment(380)) - cb4c3959-5da2-4137-815d-e3d67775a032-SegmentedRaftLogWorker:Storage Directory /tmp/workdir/hadoop-ozone/integration-test/target/test-dir/MiniOzoneClusterImpl-1ec98762-6291-4205-8799-3ebd7a8a236f/datanode-1/data/ratis/86c9fa71-e9f3-4a99-ab55-3c33e6d85116: Starting segment from index:0
2019-07-13 12:54:23,346 INFO  impl.RaftServerImpl (ServerState.java:setRaftConf(361)) - cb4c3959-5da2-4137-815d-e3d67775a032:group-3C33E6D85116 set configuration 0: [8400e1d4-a14b-415b-a388-5524dc356515:192.168.5.181:38704, cb4c3959-5da2-4137-815d-e3d67775a032:192.168.5.181:39320, 55ca4f00-69a2-485e-ada4-ad251175ae1e:192.168.5.181:45025], old=null at 0
2019-07-13 12:54:23,346 INFO  impl.RaftServerImpl (RaftServerImpl.java:requestVote(754)) - cb4c3959-5da2-4137-815d-e3d67775a032-LEADER: Withhold vote from candidate 55ca4f00-69a2-485e-ada4-ad251175ae1e with term 1. State: leader=cb4c3959-5da2-4137-815d-e3d67775a032, term=1, lastRpcElapsed=null
2019-07-13 12:54:23,370 INFO  impl.LeaderElection (LeaderElection.java:logAndReturn(56)) - 55ca4f00-69a2-485e-ada4-ad251175ae1e:group-3C33E6D85116:LeaderElection10: Election REJECTED; received 2 response(s) [55ca4f00-69a2-485e-ada4-ad251175ae1e<-8400e1d4-a14b-415b-a388-5524dc356515#0:FAIL-t1, 55ca4f00-69a2-485e-ada4-ad251175ae1e<-cb4c3959-5da2-4137-815d-e3d67775a032#0:FAIL-t1] and 0 exception(s); 55ca4f00-69a2-485e-ada4-ad251175ae1e:t1, leader=null, voted=55ca4f00-69a2-485e-ada4-ad251175ae1e, raftlog=55ca4f00-69a2-485e-ada4-ad251175ae1e-SegmentedRaftLog:OPENED:c-1,f-1,i0, conf=-1: [8400e1d4-a14b-415b-a388-5524dc356515:192.168.5.181:38704, cb4c3959-5da2-4137-815d-e3d67775a032:192.168.5.181:39320, 55ca4f00-69a2-485e-ada4-ad251175ae1e:192.168.5.181:45025], old=null
2019-07-13 12:54:23,370 INFO  impl.RaftServerImpl (RaftServerImpl.java:setRole(171)) - 55ca4f00-69a2-485e-ada4-ad251175ae1e:group-3C33E6D85116 changes role from CANDIDATE to FOLLOWER at term 1 for appendEntries
2019-07-13 12:54:23,370 INFO  impl.RaftServerImpl (ServerState.java:setLeader(263)) - 8400e1d4-a14b-415b-a388-5524dc356515:group-3C33E6D85116 change Leader from null to cb4c3959-5da2-4137-815d-e3d67775a032 at term 1 for appendEntries, leader elected after 5261ms
2019-07-13 12:54:23,374 INFO  impl.RoleInfo (RoleInfo.java:shutdownLeaderElection(134)) - 55ca4f00-69a2-485e-ada4-ad251175ae1e: shutdown LeaderElection
2019-07-13 12:54:23,374 INFO  impl.RoleInfo (RoleInfo.java:updateAndGet(143)) - 55ca4f00-69a2-485e-ada4-ad251175ae1e: start FollowerState
2019-07-13 12:54:23,375 INFO  impl.RaftServerImpl (ServerState.java:setLeader(263)) - 55ca4f00-69a2-485e-ada4-ad251175ae1e:group-3C33E6D85116 change Leader from null to cb4c3959-5da2-4137-815d-e3d67775a032 at term 1 for appendEntries, leader elected after 5266ms
2019-07-13 12:54:23,380 INFO  segmented.SegmentedRaftLogWorker (SegmentedRaftLogWorker.java:execute(569)) - cb4c3959-5da2-4137-815d-e3d67775a032-SegmentedRaftLogWorker:Storage Directory /tmp/workdir/hadoop-ozone/integration-test/target/test-dir/MiniOzoneClusterImpl-1ec98762-6291-4205-8799-3ebd7a8a236f/datanode-1/data/ratis/86c9fa71-e9f3-4a99-ab55-3c33e6d85116: created new log segment /tmp/workdir/hadoop-ozone/integration-test/target/test-dir/MiniOzoneClusterImpl-1ec98762-6291-4205-8799-3ebd7a8a236f/datanode-1/data/ratis/86c9fa71-e9f3-4a99-ab55-3c33e6d85116/current/log_inprogress_0
2019-07-13 12:54:23,382 INFO  impl.RaftServerImpl (ServerState.java:setRaftConf(361)) - 8400e1d4-a14b-415b-a388-5524dc356515:group-3C33E6D85116 set configuration 0: [8400e1d4-a14b-415b-a388-5524dc356515:192.168.5.181:38704, cb4c3959-5da2-4137-815d-e3d67775a032:192.168.5.181:39320, 55ca4f00-69a2-485e-ada4-ad251175ae1e:192.168.5.181:45025], old=null at 0
2019-07-13 12:54:23,382 INFO  impl.RaftServerImpl (ServerState.java:setRaftConf(361)) - 55ca4f00-69a2-485e-ada4-ad251175ae1e:group-3C33E6D85116 set configuration 0: [8400e1d4-a14b-415b-a388-5524dc356515:192.168.5.181:38704, cb4c3959-5da2-4137-815d-e3d67775a032:192.168.5.181:39320, 55ca4f00-69a2-485e-ada4-ad251175ae1e:192.168.5.181:45025], old=null at 0
2019-07-13 12:54:23,384 INFO  segmented.SegmentedRaftLogWorker (SegmentedRaftLogWorker.java:startLogSegment(380)) - 8400e1d4-a14b-415b-a388-5524dc356515-SegmentedRaftLogWorker:Storage Directory /tmp/workdir/hadoop-ozone/integration-test/target/test-dir/MiniOzoneClusterImpl-1ec98762-6291-4205-8799-3ebd7a8a236f/datanode-5/data/ratis/86c9fa71-e9f3-4a99-ab55-3c33e6d85116: Starting segment from index:0
2019-07-13 12:54:23,383 INFO  client.GrpcClientProtocolClient (GrpcClientProtocolClient.java:onNext(255)) - client-7533107FDBC0->55ca4f00-69a2-485e-ada4-ad251175ae1e: receive RaftClientReply:client-7533107FDBC0->55ca4f00-69a2-485e-ada4-ad251175ae1e@group-3C33E6D85116, cid=13, FAILED org.apache.ratis.protocol.NotLeaderException: Server 55ca4f00-69a2-485e-ada4-ad251175ae1e is not the leader (cb4c3959-5da2-4137-815d-e3d67775a032:192.168.5.181:39320). Request must be sent to leader., logIndex=0, commits[55ca4f00-69a2-485e-ada4-ad251175ae1e:c-1, 8400e1d4-a14b-415b-a388-5524dc356515:c-1, cb4c3959-5da2-4137-815d-e3d67775a032:c-1]
2019-07-13 12:54:23,384 INFO  segmented.SegmentedRaftLogWorker (SegmentedRaftLogWorker.java:startLogSegment(380)) - 55ca4f00-69a2-485e-ada4-ad251175ae1e-SegmentedRaftLogWorker:Storage Directory /tmp/workdir/hadoop-ozone/integration-test/target/test-dir/MiniOzoneClusterImpl-1ec98762-6291-4205-8799-3ebd7a8a236f/datanode-6/data/ratis/86c9fa71-e9f3-4a99-ab55-3c33e6d85116: Starting segment from index:0
2019-07-13 12:54:23,427 INFO  segmented.SegmentedRaftLogWorker (SegmentedRaftLogWorker.java:execute(569)) - 8400e1d4-a14b-415b-a388-5524dc356515-SegmentedRaftLogWorker:Storage Directory /tmp/workdir/hadoop-ozone/integration-test/target/test-dir/MiniOzoneClusterImpl-1ec98762-6291-4205-8799-3ebd7a8a236f/datanode-5/data/ratis/86c9fa71-e9f3-4a99-ab55-3c33e6d85116: created new log segment /tmp/workdir/hadoop-ozone/integration-test/target/test-dir/MiniOzoneClusterImpl-1ec98762-6291-4205-8799-3ebd7a8a236f/datanode-5/data/ratis/86c9fa71-e9f3-4a99-ab55-3c33e6d85116/current/log_inprogress_0
2019-07-13 12:54:23,434 INFO  segmented.SegmentedRaftLogWorker (SegmentedRaftLogWorker.java:execute(569)) - 55ca4f00-69a2-485e-ada4-ad251175ae1e-SegmentedRaftLogWorker:Storage Directory /tmp/workdir/hadoop-ozone/integration-test/target/test-dir/MiniOzoneClusterImpl-1ec98762-6291-4205-8799-3ebd7a8a236f/datanode-6/data/ratis/86c9fa71-e9f3-4a99-ab55-3c33e6d85116: created new log segment /tmp/workdir/hadoop-ozone/integration-test/target/test-dir/MiniOzoneClusterImpl-1ec98762-6291-4205-8799-3ebd7a8a236f/datanode-6/data/ratis/86c9fa71-e9f3-4a99-ab55-3c33e6d85116/current/log_inprogress_0
2019-07-13 12:54:23,662 INFO  client.GrpcClientProtocolClient (GrpcClientProtocolClient.java:onNext(255)) - client-7533107FDBC0->cb4c3959-5da2-4137-815d-e3d67775a032: receive RaftClientReply:client-7533107FDBC0->cb4c3959-5da2-4137-815d-e3d67775a032@group-3C33E6D85116, cid=13, SUCCESS, logIndex=1, commits[cb4c3959-5da2-4137-815d-e3d67775a032:c1, 8400e1d4-a14b-415b-a388-5524dc356515:c0, 55ca4f00-69a2-485e-ada4-ad251175ae1e:c0]
2019-07-13 12:54:23,734 INFO  client.GrpcClientProtocolClient (GrpcClientProtocolClient.java:onNext(255)) - client-7533107FDBC0->cb4c3959-5da2-4137-815d-e3d67775a032: receive RaftClientReply:client-7533107FDBC0->cb4c3959-5da2-4137-815d-e3d67775a032@group-3C33E6D85116, cid=14, SUCCESS, logIndex=3, commits[cb4c3959-5da2-4137-815d-e3d67775a032:c3, 8400e1d4-a14b-415b-a388-5524dc356515:c1, 55ca4f00-69a2-485e-ada4-ad251175ae1e:c1]
2019-07-13 12:54:23,791 INFO  client.GrpcClientProtocolClient (GrpcClientProtocolClient.java:onNext(255)) - client-7533107FDBC0->cb4c3959-5da2-4137-815d-e3d67775a032: receive RaftClientReply:client-7533107FDBC0->cb4c3959-5da2-4137-815d-e3d67775a032@group-3C33E6D85116, cid=15, SUCCESS, logIndex=4, commits[cb4c3959-5da2-4137-815d-e3d67775a032:c12, 8400e1d4-a14b-415b-a388-5524dc356515:c7, 55ca4f00-69a2-485e-ada4-ad251175ae1e:c7]
2019-07-13 12:54:23,800 INFO  client.GrpcClientProtocolClient (GrpcClientProtocolClient.java:onNext(255)) - client-7533107FDBC0->cb4c3959-5da2-4137-815d-e3d67775a032: receive RaftClientReply:client-7533107FDBC0->cb4c3959-5da2-4137-815d-e3d67775a032@group-3C33E6D85116, cid=16, SUCCESS, logIndex=5, commits[cb4c3959-5da2-4137-815d-e3d67775a032:c12, 8400e1d4-a14b-415b-a388-5524dc356515:c7, 55ca4f00-69a2-485e-ada4-ad251175ae1e:c7]
2019-07-13 12:54:23,803 INFO  client.GrpcClientProtocolClient (GrpcClientProtocolClient.java:onNext(255)) - client-7533107FDBC0->cb4c3959-5da2-4137-815d-e3d67775a032: receive RaftClientReply:client-7533107FDBC0->cb4c3959-5da2-4137-815d-e3d67775a032@group-3C33E6D85116, cid=17, SUCCESS, logIndex=6, commits[cb4c3959-5da2-4137-815d-e3d67775a032:c12, 8400e1d4-a14b-415b-a388-5524dc356515:c7, 55ca4f00-69a2-485e-ada4-ad251175ae1e:c7]
2019-07-13 12:54:23,824 INFO  client.GrpcClientProtocolClient (GrpcClientProtocolClient.java:onNext(255)) - client-7533107FDBC0->cb4c3959-5da2-4137-815d-e3d67775a032: receive RaftClientReply:client-7533107FDBC0->cb4c3959-5da2-4137-815d-e3d67775a032@group-3C33E6D85116, cid=18, SUCCESS, logIndex=7, commits[cb4c3959-5da2-4137-815d-e3d67775a032:c12, 8400e1d4-a14b-415b-a388-5524dc356515:c7, 55ca4f00-69a2-485e-ada4-ad251175ae1e:c7]
2019-07-13 12:54:23,831 INFO  pipeline.SCMPipelineManager (SCMPipelineManager.java:finalizeAndDestroyPipeline(309)) - destroying pipeline:Pipeline[ Id: 86c9fa71-e9f3-4a99-ab55-3c33e6d85116, Nodes: 8400e1d4-a14b-415b-a388-5524dc356515{ip: 192.168.5.181, host: trunk-nightly-q2gwj-1111726333, networkLocation: /default-rack, certSerialId: null}cb4c3959-5da2-4137-815d-e3d67775a032{ip: 192.168.5.181, host: trunk-nightly-q2gwj-1111726333, networkLocation: /default-rack, certSerialId: null}55ca4f00-69a2-485e-ada4-ad251175ae1e{ip: 192.168.5.181, host: trunk-nightly-q2gwj-1111726333, networkLocation: /default-rack, certSerialId: null}, Type:RATIS, Factor:THREE, State:OPEN]
2019-07-13 12:54:23,832 INFO  pipeline.PipelineStateManager (PipelineStateManager.java:finalizePipeline(123)) - Pipeline Pipeline[ Id: 86c9fa71-e9f3-4a99-ab55-3c33e6d85116, Nodes: 8400e1d4-a14b-415b-a388-5524dc356515{ip: 192.168.5.181, host: trunk-nightly-q2gwj-1111726333, networkLocation: /default-rack, certSerialId: null}cb4c3959-5da2-4137-815d-e3d67775a032{ip: 192.168.5.181, host: trunk-nightly-q2gwj-1111726333, networkLocation: /default-rack, certSerialId: null}55ca4f00-69a2-485e-ada4-ad251175ae1e{ip: 192.168.5.181, host: trunk-nightly-q2gwj-1111726333, networkLocation: /default-rack, certSerialId: null}, Type:RATIS, Factor:THREE, State:CLOSED] moved to CLOSED state
2019-07-13 12:54:23,833 INFO  container.CloseContainerEventHandler (CloseContainerEventHandler.java:onMessage(61)) - Close container Event triggered for container : #1
2019-07-13 12:54:23,852 INFO  impl.RaftServerProxy (RaftServerProxy.java:remove(95)) - 8400e1d4-a14b-415b-a388-5524dc356515: remove FOLLOWER group-3C33E6D85116 8400e1d4-a14b-415b-a388-5524dc356515:t1, leader=cb4c3959-5da2-4137-815d-e3d67775a032, voted=cb4c3959-5da2-4137-815d-e3d67775a032, raftlog=8400e1d4-a14b-415b-a388-5524dc356515-SegmentedRaftLog:OPENED:c7,f12,i12, conf=0: [8400e1d4-a14b-415b-a388-5524dc356515:192.168.5.181:38704, cb4c3959-5da2-4137-815d-e3d67775a032:192.168.5.181:39320, 55ca4f00-69a2-485e-ada4-ad251175ae1e:192.168.5.181:45025], old=null RUNNING
2019-07-13 12:54:23,856 INFO  impl.RaftServerImpl (RaftServerImpl.java:lambda$shutdown$3(245)) - 8400e1d4-a14b-415b-a388-5524dc356515: shutdown group-3C33E6D85116
2019-07-13 12:54:23,857 INFO  util.JmxRegister (JmxRegister.java:unregister(73)) - Successfully un-registered JMX Bean with object name Ratis:service=RaftServer,group=group-3C33E6D85116,id=8400e1d4-a14b-415b-a388-5524dc356515
2019-07-13 12:54:23,857 INFO  impl.RoleInfo (RoleInfo.java:shutdownFollowerState(121)) - 8400e1d4-a14b-415b-a388-5524dc356515: shutdown FollowerState
2019-07-13 12:54:23,857 INFO  impl.StateMachineUpdater (StateMachineUpdater.java:stopAndJoin(115)) - StateMachineUpdater:8400e1d4-a14b-415b-a388-5524dc356515:group-3C33E6D85116: set stopIndex = 7
2019-07-13 12:54:23,857 INFO  impl.FollowerState (FollowerState.java:run(114)) - 8400e1d4-a14b-415b-a388-5524dc356515: FollowerState was interrupted: java.lang.InterruptedException: sleep interrupted
2019-07-13 12:54:23,857 INFO  ratis.ContainerStateMachine (ContainerStateMachine.java:takeSnapshot(246)) - Taking snapshot at termIndex:(t:1, i:7)
2019-07-13 12:54:23,862 INFO  ratis.ContainerStateMachine (ContainerStateMachine.java:takeSnapshot(250)) - Taking a snapshot to file /tmp/workdir/hadoop-ozone/integration-test/target/test-dir/MiniOzoneClusterImpl-1ec98762-6291-4205-8799-3ebd7a8a236f/datanode-5/data/ratis/86c9fa71-e9f3-4a99-ab55-3c33e6d85116/sm/snapshot.1_7
2019-07-13 12:54:23,873 INFO  impl.StateMachineUpdater (StateMachineUpdater.java:takeSnapshot(242)) - StateMachineUpdater:8400e1d4-a14b-415b-a388-5524dc356515:group-3C33E6D85116: Took a snapshot at index 7
2019-07-13 12:54:23,875 INFO  impl.StateMachineUpdater (StateMachineUpdater.java:lambda$new$0(80)) - StateMachineUpdater:8400e1d4-a14b-415b-a388-5524dc356515:group-3C33E6D85116: snapshotIndex: updateIncreasingly -1 -> 7
2019-07-13 12:54:23,879 INFO  impl.RaftServerImpl (ServerState.java:close(394)) - 8400e1d4-a14b-415b-a388-5524dc356515:group-3C33E6D85116 closes. The last applied log index is 7
2019-07-13 12:54:23,882 INFO  segmented.SegmentedRaftLogWorker (SegmentedRaftLogWorker.java:run(313)) - 8400e1d4-a14b-415b-a388-5524dc356515-SegmentedRaftLogWorker:Storage Directory /tmp/workdir/hadoop-ozone/integration-test/target/test-dir/MiniOzoneClusterImpl-1ec98762-6291-4205-8799-3ebd7a8a236f/datanode-5/data/ratis/86c9fa71-e9f3-4a99-ab55-3c33e6d85116 was interrupted, exiting. There are 0 tasks remaining in the queue.
2019-07-13 12:54:23,886 INFO  segmented.SegmentedRaftLogWorker (SegmentedRaftLogWorker.java:close(228)) - 8400e1d4-a14b-415b-a388-5524dc356515-SegmentedRaftLogWorker:Storage Directory /tmp/workdir/hadoop-ozone/integration-test/target/test-dir/MiniOzoneClusterImpl-1ec98762-6291-4205-8799-3ebd7a8a236f/datanode-5/data/ratis/86c9fa71-e9f3-4a99-ab55-3c33e6d85116 close()
2019-07-13 12:54:23,912 INFO  impl.RaftServerProxy (RaftServerProxy.java:remove(95)) - cb4c3959-5da2-4137-815d-e3d67775a032: remove   LEADER group-3C33E6D85116 cb4c3959-5da2-4137-815d-e3d67775a032:t1, leader=cb4c3959-5da2-4137-815d-e3d67775a032, voted=cb4c3959-5da2-4137-815d-e3d67775a032, raftlog=cb4c3959-5da2-4137-815d-e3d67775a032-SegmentedRaftLog:OPENED:c12,f12,i12, conf=0: [8400e1d4-a14b-415b-a388-5524dc356515:192.168.5.181:38704, cb4c3959-5da2-4137-815d-e3d67775a032:192.168.5.181:39320, 55ca4f00-69a2-485e-ada4-ad251175ae1e:192.168.5.181:45025], old=null RUNNING
2019-07-13 12:54:23,913 INFO  impl.RaftServerImpl (RaftServerImpl.java:lambda$shutdown$3(245)) - cb4c3959-5da2-4137-815d-e3d67775a032: shutdown group-3C33E6D85116
2019-07-13 12:54:23,913 INFO  util.JmxRegister (JmxRegister.java:unregister(73)) - Successfully un-registered JMX Bean with object name Ratis:service=RaftServer,group=group-3C33E6D85116,id=cb4c3959-5da2-4137-815d-e3d67775a032
2019-07-13 12:54:23,913 INFO  impl.RoleInfo (RoleInfo.java:shutdownLeaderState(104)) - cb4c3959-5da2-4137-815d-e3d67775a032: shutdown LeaderState
2019-07-13 12:54:23,917 INFO  impl.PendingRequests (PendingRequests.java:sendNotLeaderResponses(202)) - cb4c3959-5da2-4137-815d-e3d67775a032-PendingRequests: sendNotLeaderResponses
2019-07-13 12:54:23,917 WARN  server.GrpcLogAppender (GrpcLogAppender.java:mayWait(143)) - GrpcLogAppender(cb4c3959-5da2-4137-815d-e3d67775a032->8400e1d4-a14b-415b-a388-5524dc356515): Wait interrupted by java.lang.InterruptedException
2019-07-13 12:54:23,917 WARN  server.GrpcLogAppender (GrpcLogAppender.java:mayWait(143)) - GrpcLogAppender(cb4c3959-5da2-4137-815d-e3d67775a032->55ca4f00-69a2-485e-ada4-ad251175ae1e): Wait interrupted by java.lang.InterruptedException
2019-07-13 12:54:23,933 INFO  server.GrpcServerProtocolService (GrpcServerProtocolService.java:onCompleted(104)) - 8400e1d4-a14b-415b-a388-5524dc356515: appendEntries completed
2019-07-13 12:54:23,933 INFO  server.GrpcServerProtocolService (GrpcServerProtocolService.java:onCompleted(104)) - 55ca4f00-69a2-485e-ada4-ad251175ae1e: appendEntries completed
2019-07-13 12:54:23,939 INFO  server.GrpcLogAppender (GrpcLogAppender.java:onCompleted(292)) - cb4c3959-5da2-4137-815d-e3d67775a032->8400e1d4-a14b-415b-a388-5524dc356515: follower responses appendEntries COMPLETED
2019-07-13 12:54:23,941 INFO  server.GrpcLogAppender (GrpcLogAppender.java:onCompleted(292)) - cb4c3959-5da2-4137-815d-e3d67775a032->55ca4f00-69a2-485e-ada4-ad251175ae1e: follower responses appendEntries COMPLETED
2019-07-13 12:54:23,950 INFO  impl.FollowerInfo (FollowerInfo.java:lambda$new$0(50)) - cb4c3959-5da2-4137-815d-e3d67775a032->8400e1d4-a14b-415b-a388-5524dc356515: nextIndex: updateUnconditionally 13 -> 12
2019-07-13 12:54:23,950 INFO  impl.FollowerInfo (FollowerInfo.java:lambda$new$0(50)) - cb4c3959-5da2-4137-815d-e3d67775a032->55ca4f00-69a2-485e-ada4-ad251175ae1e: nextIndex: updateUnconditionally 13 -> 12
2019-07-13 12:54:23,957 INFO  impl.StateMachineUpdater (StateMachineUpdater.java:stopAndJoin(115)) - StateMachineUpdater:cb4c3959-5da2-4137-815d-e3d67775a032:group-3C33E6D85116: set stopIndex = 12
2019-07-13 12:54:23,957 INFO  ratis.ContainerStateMachine (ContainerStateMachine.java:takeSnapshot(246)) - Taking snapshot at termIndex:(t:1, i:12)
2019-07-13 12:54:23,966 INFO  ratis.ContainerStateMachine (ContainerStateMachine.java:takeSnapshot(250)) - Taking a snapshot to file /tmp/workdir/hadoop-ozone/integration-test/target/test-dir/MiniOzoneClusterImpl-1ec98762-6291-4205-8799-3ebd7a8a236f/datanode-1/data/ratis/86c9fa71-e9f3-4a99-ab55-3c33e6d85116/sm/snapshot.1_12
2019-07-13 12:54:23,966 INFO  impl.StateMachineUpdater (StateMachineUpdater.java:takeSnapshot(242)) - StateMachineUpdater:cb4c3959-5da2-4137-815d-e3d67775a032:group-3C33E6D85116: Took a snapshot at index 12
2019-07-13 12:54:23,968 INFO  impl.StateMachineUpdater (StateMachineUpdater.java:lambda$new$0(80)) - StateMachineUpdater:cb4c3959-5da2-4137-815d-e3d67775a032:group-3C33E6D85116: snapshotIndex: updateIncreasingly -1 -> 12
2019-07-13 12:54:23,969 INFO  impl.RaftServerImpl (ServerState.java:close(394)) - cb4c3959-5da2-4137-815d-e3d67775a032:group-3C33E6D85116 closes. The last applied log index is 12
2019-07-13 12:54:23,969 INFO  segmented.SegmentedRaftLogWorker (SegmentedRaftLogWorker.java:run(313)) - cb4c3959-5da2-4137-815d-e3d67775a032-SegmentedRaftLogWorker:Storage Directory /tmp/workdir/hadoop-ozone/integration-test/target/test-dir/MiniOzoneClusterImpl-1ec98762-6291-4205-8799-3ebd7a8a236f/datanode-1/data/ratis/86c9fa71-e9f3-4a99-ab55-3c33e6d85116 was interrupted, exiting. There are 0 tasks remaining in the queue.
2019-07-13 12:54:23,973 INFO  segmented.SegmentedRaftLogWorker (SegmentedRaftLogWorker.java:close(228)) - cb4c3959-5da2-4137-815d-e3d67775a032-SegmentedRaftLogWorker:Storage Directory /tmp/workdir/hadoop-ozone/integration-test/target/test-dir/MiniOzoneClusterImpl-1ec98762-6291-4205-8799-3ebd7a8a236f/datanode-1/data/ratis/86c9fa71-e9f3-4a99-ab55-3c33e6d85116 close()
2019-07-13 12:54:24,001 INFO  impl.RaftServerProxy (RaftServerProxy.java:remove(95)) - 55ca4f00-69a2-485e-ada4-ad251175ae1e: remove FOLLOWER group-3C33E6D85116 55ca4f00-69a2-485e-ada4-ad251175ae1e:t1, leader=cb4c3959-5da2-4137-815d-e3d67775a032, voted=55ca4f00-69a2-485e-ada4-ad251175ae1e, raftlog=55ca4f00-69a2-485e-ada4-ad251175ae1e-SegmentedRaftLog:OPENED:c7,f12,i12, conf=0: [8400e1d4-a14b-415b-a388-5524dc356515:192.168.5.181:38704, cb4c3959-5da2-4137-815d-e3d67775a032:192.168.5.181:39320, 55ca4f00-69a2-485e-ada4-ad251175ae1e:192.168.5.181:45025], old=null RUNNING
2019-07-13 12:54:24,001 INFO  impl.RaftServerImpl (RaftServerImpl.java:lambda$shutdown$3(245)) - 55ca4f00-69a2-485e-ada4-ad251175ae1e: shutdown group-3C33E6D85116
2019-07-13 12:54:24,002 INFO  util.JmxRegister (JmxRegister.java:unregister(73)) - Successfully un-registered JMX Bean with object name Ratis:service=RaftServer,group=group-3C33E6D85116,id=55ca4f00-69a2-485e-ada4-ad251175ae1e
2019-07-13 12:54:24,002 INFO  impl.RoleInfo (RoleInfo.java:shutdownFollowerState(121)) - 55ca4f00-69a2-485e-ada4-ad251175ae1e: shutdown FollowerState
2019-07-13 12:54:24,002 INFO  impl.StateMachineUpdater (StateMachineUpdater.java:stopAndJoin(115)) - StateMachineUpdater:55ca4f00-69a2-485e-ada4-ad251175ae1e:group-3C33E6D85116: set stopIndex = 7
2019-07-13 12:54:24,002 INFO  ratis.ContainerStateMachine (ContainerStateMachine.java:takeSnapshot(246)) - Taking snapshot at termIndex:(t:1, i:7)
2019-07-13 12:54:24,005 INFO  ratis.ContainerStateMachine (ContainerStateMachine.java:takeSnapshot(250)) - Taking a snapshot to file /tmp/workdir/hadoop-ozone/integration-test/target/test-dir/MiniOzoneClusterImpl-1ec98762-6291-4205-8799-3ebd7a8a236f/datanode-6/data/ratis/86c9fa71-e9f3-4a99-ab55-3c33e6d85116/sm/snapshot.1_7
2019-07-13 12:54:24,002 INFO  impl.FollowerState (FollowerState.java:run(114)) - 55ca4f00-69a2-485e-ada4-ad251175ae1e: FollowerState was interrupted: java.lang.InterruptedException: sleep interrupted
2019-07-13 12:54:24,007 INFO  impl.StateMachineUpdater (StateMachineUpdater.java:takeSnapshot(242)) - StateMachineUpdater:55ca4f00-69a2-485e-ada4-ad251175ae1e:group-3C33E6D85116: Took a snapshot at index 7
2019-07-13 12:54:24,007 INFO  impl.StateMachineUpdater (StateMachineUpdater.java:lambda$new$0(80)) - StateMachineUpdater:55ca4f00-69a2-485e-ada4-ad251175ae1e:group-3C33E6D85116: snapshotIndex: updateIncreasingly -1 -> 7
2019-07-13 12:54:24,007 INFO  impl.RaftServerImpl (ServerState.java:close(394)) - 55ca4f00-69a2-485e-ada4-ad251175ae1e:group-3C33E6D85116 closes. The last applied log index is 7
2019-07-13 12:54:24,008 INFO  segmented.SegmentedRaftLogWorker (SegmentedRaftLogWorker.java:run(313)) - 55ca4f00-69a2-485e-ada4-ad251175ae1e-SegmentedRaftLogWorker:Storage Directory /tmp/workdir/hadoop-ozone/integration-test/target/test-dir/MiniOzoneClusterImpl-1ec98762-6291-4205-8799-3ebd7a8a236f/datanode-6/data/ratis/86c9fa71-e9f3-4a99-ab55-3c33e6d85116 was interrupted, exiting. There are 0 tasks remaining in the queue.
2019-07-13 12:54:24,018 INFO  segmented.SegmentedRaftLogWorker (SegmentedRaftLogWorker.java:close(228)) - 55ca4f00-69a2-485e-ada4-ad251175ae1e-SegmentedRaftLogWorker:Storage Directory /tmp/workdir/hadoop-ozone/integration-test/target/test-dir/MiniOzoneClusterImpl-1ec98762-6291-4205-8799-3ebd7a8a236f/datanode-6/data/ratis/86c9fa71-e9f3-4a99-ab55-3c33e6d85116 close()
2019-07-13 12:54:24,028 INFO  pipeline.PipelineStateManager (PipelineStateManager.java:removePipeline(108)) - Pipeline Pipeline[ Id: 86c9fa71-e9f3-4a99-ab55-3c33e6d85116, Nodes: 8400e1d4-a14b-415b-a388-5524dc356515{ip: 192.168.5.181, host: trunk-nightly-q2gwj-1111726333, networkLocation: /default-rack, certSerialId: null}cb4c3959-5da2-4137-815d-e3d67775a032{ip: 192.168.5.181, host: trunk-nightly-q2gwj-1111726333, networkLocation: /default-rack, certSerialId: null}55ca4f00-69a2-485e-ada4-ad251175ae1e{ip: 192.168.5.181, host: trunk-nightly-q2gwj-1111726333, networkLocation: /default-rack, certSerialId: null}, Type:RATIS, Factor:THREE, State:CLOSED] removed from db
2019-07-13 12:54:24,029 INFO  ratis.XceiverServerRatis (XceiverServerRatis.java:getPipelineIds(614)) - pipeline id PipelineID=e5cb8b47-8c00-4c93-b8a9-026f4366f6f2
2019-07-13 12:54:24,030 INFO  ratis.XceiverServerRatis (XceiverServerRatis.java:getPipelineIds(614)) - pipeline id PipelineID=66bac202-73bb-4b59-a0be-d85b16ea0b02
2019-07-13 12:54:24,030 INFO  ratis.XceiverServerRatis (XceiverServerRatis.java:getPipelineIds(614)) - pipeline id PipelineID=87929678-f008-468a-8977-013883a034e2
2019-07-13 12:54:24,075 INFO  impl.RaftServerProxy (RaftServerProxy.java:addNew(89)) - cb4c3959-5da2-4137-815d-e3d67775a032: addNew group-6E276082BE87:[8400e1d4-a14b-415b-a388-5524dc356515:192.168.5.181:38704, cb4c3959-5da2-4137-815d-e3d67775a032:192.168.5.181:39320, 55ca4f00-69a2-485e-ada4-ad251175ae1e:192.168.5.181:45025] returns group-6E276082BE87:java.util.concurrent.CompletableFuture@1dfecc26[Not completed]
2019-07-13 12:54:24,077 INFO  impl.RaftServerProxy (RaftServerProxy.java:addNew(89)) - 55ca4f00-69a2-485e-ada4-ad251175ae1e: addNew group-6E276082BE87:[8400e1d4-a14b-415b-a388-5524dc356515:192.168.5.181:38704, cb4c3959-5da2-4137-815d-e3d67775a032:192.168.5.181:39320, 55ca4f00-69a2-485e-ada4-ad251175ae1e:192.168.5.181:45025] returns group-6E276082BE87:java.util.concurrent.CompletableFuture@57f92348[Not completed]
2019-07-13 12:54:24,075 INFO  impl.RaftServerProxy (RaftServerProxy.java:addNew(89)) - 8400e1d4-a14b-415b-a388-5524dc356515: addNew group-6E276082BE87:[8400e1d4-a14b-415b-a388-5524dc356515:192.168.5.181:38704, cb4c3959-5da2-4137-815d-e3d67775a032:192.168.5.181:39320, 55ca4f00-69a2-485e-ada4-ad251175ae1e:192.168.5.181:45025] returns group-6E276082BE87:java.util.concurrent.CompletableFuture@3b3ef59f[Not completed]
2019-07-13 12:54:24,079 INFO  impl.RaftServerImpl (RaftServerImpl.java:<init>(93)) - 8400e1d4-a14b-415b-a388-5524dc356515: new RaftServerImpl for group-6E276082BE87:[8400e1d4-a14b-415b-a388-5524dc356515:192.168.5.181:38704, cb4c3959-5da2-4137-815d-e3d67775a032:192.168.5.181:39320, 55ca4f00-69a2-485e-ada4-ad251175ae1e:192.168.5.181:45025] with ContainerStateMachine:uninitialized
2019-07-13 12:54:24,079 INFO  server.RaftServerConfigKeys (ConfUtils.java:logGet(43)) - raft.server.rpc.timeout.min = 5s (custom)
2019-07-13 12:54:24,080 INFO  server.RaftServerConfigKeys (ConfUtils.java:logGet(43)) - raft.server.rpc.timeout.max = 5200ms (custom)
2019-07-13 12:54:24,080 INFO  server.RaftServerConfigKeys (ConfUtils.java:logGet(43)) - raft.server.rpcslowness.timeout = 120s (custom)
2019-07-13 12:54:24,080 INFO  server.RaftServerConfigKeys (ConfUtils.java:logGet(43)) - raft.server.sleep.deviation.threshold = 300 (default)
2019-07-13 12:54:24,080 INFO  impl.RaftServerImpl (RaftServerImpl.java:<init>(93)) - 55ca4f00-69a2-485e-ada4-ad251175ae1e: new RaftServerImpl for group-6E276082BE87:[8400e1d4-a14b-415b-a388-5524dc356515:192.168.5.181:38704, cb4c3959-5da2-4137-815d-e3d67775a032:192.168.5.181:39320, 55ca4f00-69a2-485e-ada4-ad251175ae1e:192.168.5.181:45025] with ContainerStateMachine:uninitialized
2019-07-13 12:54:24,080 INFO  server.RaftServerConfigKeys (ConfUtils.java:logGet(43)) - raft.server.log.appender.install.snapshot.enabled = false (custom)
2019-07-13 12:54:24,080 INFO  server.RaftServerConfigKeys (ConfUtils.java:logGet(43)) - raft.server.rpc.timeout.min = 5s (custom)
2019-07-13 12:54:24,080 INFO  impl.RaftServerImpl (ServerState.java:<init>(105)) - 8400e1d4-a14b-415b-a388-5524dc356515:group-6E276082BE87 ConfigurationManager, init=-1: [8400e1d4-a14b-415b-a388-5524dc356515:192.168.5.181:38704, cb4c3959-5da2-4137-815d-e3d67775a032:192.168.5.181:39320, 55ca4f00-69a2-485e-ada4-ad251175ae1e:192.168.5.181:45025], old=null, confs=<EMPTY_MAP>
2019-07-13 12:54:24,080 INFO  server.RaftServerConfigKeys (ConfUtils.java:logGet(43)) - raft.server.rpc.timeout.max = 5200ms (custom)
2019-07-13 12:54:24,081 INFO  server.RaftServerConfigKeys (ConfUtils.java:logGet(43)) - raft.server.rpcslowness.timeout = 120s (custom)
2019-07-13 12:54:24,081 INFO  server.RaftServerConfigKeys (ConfUtils.java:logGet(43)) - raft.server.storage.dir = [/tmp/workdir/hadoop-ozone/integration-test/target/test-dir/MiniOzoneClusterImpl-1ec98762-6291-4205-8799-3ebd7a8a236f/datanode-5/data/ratis] (custom)
2019-07-13 12:54:24,081 INFO  server.RaftServerConfigKeys (ConfUtils.java:logGet(43)) - raft.server.sleep.deviation.threshold = 300 (default)
2019-07-13 12:54:24,081 INFO  impl.RaftServerImpl (RaftServerImpl.java:<init>(93)) - cb4c3959-5da2-4137-815d-e3d67775a032: new RaftServerImpl for group-6E276082BE87:[8400e1d4-a14b-415b-a388-5524dc356515:192.168.5.181:38704, cb4c3959-5da2-4137-815d-e3d67775a032:192.168.5.181:39320, 55ca4f00-69a2-485e-ada4-ad251175ae1e:192.168.5.181:45025] with ContainerStateMachine:uninitialized
2019-07-13 12:54:24,081 INFO  server.RaftServerConfigKeys (ConfUtils.java:logGet(43)) - raft.server.log.appender.install.snapshot.enabled = false (custom)
2019-07-13 12:54:24,081 INFO  storage.RaftStorageDirectory (RaftStorageDirectory.java:analyzeStorage(246)) - The storage directory /tmp/workdir/hadoop-ozone/integration-test/target/test-dir/MiniOzoneClusterImpl-1ec98762-6291-4205-8799-3ebd7a8a236f/datanode-5/data/ratis/3b730f16-9e38-4e7d-afd2-6e276082be87 does not exist. Creating ...
2019-07-13 12:54:24,081 INFO  server.RaftServerConfigKeys (ConfUtils.java:logGet(43)) - raft.server.rpc.timeout.min = 5s (custom)
2019-07-13 12:54:24,081 INFO  impl.RaftServerImpl (ServerState.java:<init>(105)) - 55ca4f00-69a2-485e-ada4-ad251175ae1e:group-6E276082BE87 ConfigurationManager, init=-1: [8400e1d4-a14b-415b-a388-5524dc356515:192.168.5.181:38704, cb4c3959-5da2-4137-815d-e3d67775a032:192.168.5.181:39320, 55ca4f00-69a2-485e-ada4-ad251175ae1e:192.168.5.181:45025], old=null, confs=<EMPTY_MAP>
2019-07-13 12:54:24,082 INFO  server.RaftServerConfigKeys (ConfUtils.java:logGet(43)) - raft.server.rpc.timeout.max = 5200ms (custom)
2019-07-13 12:54:24,082 INFO  server.RaftServerConfigKeys (ConfUtils.java:logGet(43)) - raft.server.storage.dir = [/tmp/workdir/hadoop-ozone/integration-test/target/test-dir/MiniOzoneClusterImpl-1ec98762-6291-4205-8799-3ebd7a8a236f/datanode-6/data/ratis] (custom)
2019-07-13 12:54:24,082 INFO  server.RaftServerConfigKeys (ConfUtils.java:logGet(43)) - raft.server.rpcslowness.timeout = 120s (custom)
2019-07-13 12:54:24,082 INFO  server.RaftServerConfigKeys (ConfUtils.java:logGet(43)) - raft.server.sleep.deviation.threshold = 300 (default)
2019-07-13 12:54:24,082 INFO  storage.RaftStorageDirectory (RaftStorageDirectory.java:analyzeStorage(246)) - The storage directory /tmp/workdir/hadoop-ozone/integration-test/target/test-dir/MiniOzoneClusterImpl-1ec98762-6291-4205-8799-3ebd7a8a236f/datanode-6/data/ratis/3b730f16-9e38-4e7d-afd2-6e276082be87 does not exist. Creating ...
2019-07-13 12:54:24,082 INFO  server.RaftServerConfigKeys (ConfUtils.java:logGet(43)) - raft.server.log.appender.install.snapshot.enabled = false (custom)
2019-07-13 12:54:24,083 INFO  impl.RaftServerImpl (ServerState.java:<init>(105)) - cb4c3959-5da2-4137-815d-e3d67775a032:group-6E276082BE87 ConfigurationManager, init=-1: [8400e1d4-a14b-415b-a388-5524dc356515:192.168.5.181:38704, cb4c3959-5da2-4137-815d-e3d67775a032:192.168.5.181:39320, 55ca4f00-69a2-485e-ada4-ad251175ae1e:192.168.5.181:45025], old=null, confs=<EMPTY_MAP>
2019-07-13 12:54:24,083 INFO  server.RaftServerConfigKeys (ConfUtils.java:logGet(43)) - raft.server.storage.dir = [/tmp/workdir/hadoop-ozone/integration-test/target/test-dir/MiniOzoneClusterImpl-1ec98762-6291-4205-8799-3ebd7a8a236f/datanode-1/data/ratis] (custom)
2019-07-13 12:54:24,083 INFO  storage.RaftStorageDirectory (RaftStorageDirectory.java:analyzeStorage(246)) - The storage directory /tmp/workdir/hadoop-ozone/integration-test/target/test-dir/MiniOzoneClusterImpl-1ec98762-6291-4205-8799-3ebd7a8a236f/datanode-1/data/ratis/3b730f16-9e38-4e7d-afd2-6e276082be87 does not exist. Creating ...
2019-07-13 12:54:24,087 INFO  storage.RaftStorageDirectory (RaftStorageDirectory.java:tryLock(328)) - Lock on /tmp/workdir/hadoop-ozone/integration-test/target/test-dir/MiniOzoneClusterImpl-1ec98762-6291-4205-8799-3ebd7a8a236f/datanode-1/data/ratis/3b730f16-9e38-4e7d-afd2-6e276082be87/in_use.lock acquired by nodename 12341@trunk-nightly-q2gwj-1111726333
2019-07-13 12:54:24,087 INFO  storage.RaftStorageDirectory (RaftStorageDirectory.java:tryLock(328)) - Lock on /tmp/workdir/hadoop-ozone/integration-test/target/test-dir/MiniOzoneClusterImpl-1ec98762-6291-4205-8799-3ebd7a8a236f/datanode-5/data/ratis/3b730f16-9e38-4e7d-afd2-6e276082be87/in_use.lock acquired by nodename 12341@trunk-nightly-q2gwj-1111726333
2019-07-13 12:54:24,087 INFO  storage.RaftStorageDirectory (RaftStorageDirectory.java:tryLock(328)) - Lock on /tmp/workdir/hadoop-ozone/integration-test/target/test-dir/MiniOzoneClusterImpl-1ec98762-6291-4205-8799-3ebd7a8a236f/datanode-6/data/ratis/3b730f16-9e38-4e7d-afd2-6e276082be87/in_use.lock acquired by nodename 12341@trunk-nightly-q2gwj-1111726333
2019-07-13 12:54:24,092 INFO  storage.RaftStorage (RaftStorage.java:format(72)) - Storage directory /tmp/workdir/hadoop-ozone/integration-test/target/test-dir/MiniOzoneClusterImpl-1ec98762-6291-4205-8799-3ebd7a8a236f/datanode-1/data/ratis/3b730f16-9e38-4e7d-afd2-6e276082be87 has been successfully formatted.
2019-07-13 12:54:24,092 INFO  storage.RaftStorage (RaftStorage.java:format(72)) - Storage directory /tmp/workdir/hadoop-ozone/integration-test/target/test-dir/MiniOzoneClusterImpl-1ec98762-6291-4205-8799-3ebd7a8a236f/datanode-6/data/ratis/3b730f16-9e38-4e7d-afd2-6e276082be87 has been successfully formatted.
2019-07-13 12:54:24,092 INFO  storage.RaftStorage (RaftStorage.java:format(72)) - Storage directory /tmp/workdir/hadoop-ozone/integration-test/target/test-dir/MiniOzoneClusterImpl-1ec98762-6291-4205-8799-3ebd7a8a236f/datanode-5/data/ratis/3b730f16-9e38-4e7d-afd2-6e276082be87 has been successfully formatted.
2019-07-13 12:54:24,092 INFO  ratis.ContainerStateMachine (ContainerStateMachine.java:loadSnapshot(200)) - The snapshot info is null.Setting the last applied index to:(t:0, i:~)
2019-07-13 12:54:24,092 INFO  ratis.ContainerStateMachine (ContainerStateMachine.java:loadSnapshot(200)) - The snapshot info is null.Setting the last applied index to:(t:0, i:~)
2019-07-13 12:54:24,092 INFO  server.RaftServerConfigKeys (ConfUtils.java:logGet(43)) - raft.server.leader.election.timeout = 120s (custom)
2019-07-13 12:54:24,092 INFO  ratis.ContainerStateMachine (ContainerStateMachine.java:loadSnapshot(200)) - The snapshot info is null.Setting the last applied index to:(t:0, i:~)
2019-07-13 12:54:24,093 INFO  server.RaftServerConfigKeys (ConfUtils.java:logGet(43)) - raft.server.log.use.memory = false (default)
2019-07-13 12:54:24,093 INFO  server.RaftServerConfigKeys (ConfUtils.java:logGet(43)) - raft.server.leader.election.timeout = 120s (custom)
2019-07-13 12:54:24,093 INFO  server.RaftServerConfigKeys (ConfUtils.java:logGet(43)) - raft.server.log.purge.gap = 1000000000 (custom)
2019-07-13 12:54:24,093 INFO  server.RaftServerConfigKeys (ConfUtils.java:logGet(43)) - raft.server.leader.election.timeout = 120s (custom)
2019-07-13 12:54:24,093 INFO  server.RaftServerConfigKeys (ConfUtils.java:logGet(43)) - raft.server.log.appender.buffer.byte-limit = 33554432 (custom)
2019-07-13 12:54:24,093 INFO  server.RaftServerConfigKeys (ConfUtils.java:logGet(43)) - raft.server.log.use.memory = false (default)
2019-07-13 12:54:24,093 INFO  server.RaftServerConfigKeys (ConfUtils.java:logGet(43)) - raft.server.log.segment.size.max = 1048576 (custom)
2019-07-13 12:54:24,093 INFO  server.RaftServerConfigKeys (ConfUtils.java:logGet(43)) - raft.server.log.use.memory = false (default)
2019-07-13 12:54:24,094 INFO  server.RaftServerConfigKeys (ConfUtils.java:logGet(43)) - raft.server.log.segment.cache.num.max = 2 (custom)
2019-07-13 12:54:24,093 INFO  server.RaftServerConfigKeys (ConfUtils.java:logGet(43)) - raft.server.log.purge.gap = 1000000000 (custom)
2019-07-13 12:54:24,094 INFO  segmented.SegmentedRaftLogWorker (SegmentedRaftLogWorker.java:<init>(172)) - new 55ca4f00-69a2-485e-ada4-ad251175ae1e-SegmentedRaftLogWorker:Storage Directory /tmp/workdir/hadoop-ozone/integration-test/target/test-dir/MiniOzoneClusterImpl-1ec98762-6291-4205-8799-3ebd7a8a236f/datanode-6/data/ratis/3b730f16-9e38-4e7d-afd2-6e276082be87 for RaftStorage:Storage Directory /tmp/workdir/hadoop-ozone/integration-test/target/test-dir/MiniOzoneClusterImpl-1ec98762-6291-4205-8799-3ebd7a8a236f/datanode-6/data/ratis/3b730f16-9e38-4e7d-afd2-6e276082be87
2019-07-13 12:54:24,094 INFO  server.RaftServerConfigKeys (ConfUtils.java:logGet(43)) - raft.server.log.purge.gap = 1000000000 (custom)
2019-07-13 12:54:24,094 INFO  server.RaftServerConfigKeys (ConfUtils.java:logGet(43)) - raft.server.log.queue.byte-limit = 2147483647 (custom)
2019-07-13 12:54:24,094 INFO  server.RaftServerConfigKeys (ConfUtils.java:logGet(43)) - raft.server.log.appender.buffer.byte-limit = 33554432 (custom)
2019-07-13 12:54:24,096 INFO  server.RaftServerConfigKeys (ConfUtils.java:logGet(43)) - raft.server.log.queue.element-limit = 1024 (custom)
2019-07-13 12:54:24,094 INFO  server.RaftServerConfigKeys (ConfUtils.java:logGet(43)) - raft.server.log.appender.buffer.byte-limit = 33554432 (custom)
2019-07-13 12:54:24,096 INFO  server.RaftServerConfigKeys (ConfUtils.java:logGet(43)) - raft.server.log.segment.size.max = 1048576 (custom)
2019-07-13 12:54:24,096 INFO  server.RaftServerConfigKeys (ConfUtils.java:logGet(43)) - raft.server.log.segment.size.max = 1048576 (custom)
2019-07-13 12:54:24,096 INFO  server.RaftServerConfigKeys (ConfUtils.java:logGet(43)) - raft.server.log.preallocated.size = 16384 (custom)
2019-07-13 12:54:24,096 INFO  server.RaftServerConfigKeys (ConfUtils.java:logGet(43)) - raft.server.log.segment.size.max = 1048576 (custom)
2019-07-13 12:54:24,097 INFO  server.RaftServerConfigKeys (ConfUtils.java:logGet(43)) - raft.server.log.write.buffer.size = 33554432 (custom)
2019-07-13 12:54:24,096 INFO  server.RaftServerConfigKeys (ConfUtils.java:logGet(43)) - raft.server.log.segment.cache.num.max = 2 (custom)
2019-07-13 12:54:24,097 INFO  server.RaftServerConfigKeys (ConfUtils.java:logGet(43)) - raft.server.log.force.sync.num = 128 (default)
2019-07-13 12:54:24,097 INFO  server.RaftServerConfigKeys (ConfUtils.java:logGet(43)) - raft.server.log.segment.cache.num.max = 2 (custom)
2019-07-13 12:54:24,097 INFO  server.RaftServerConfigKeys (ConfUtils.java:logGet(43)) - raft.server.log.statemachine.data.sync = true (default)
2019-07-13 12:54:24,097 INFO  segmented.SegmentedRaftLogWorker (SegmentedRaftLogWorker.java:<init>(172)) - new cb4c3959-5da2-4137-815d-e3d67775a032-SegmentedRaftLogWorker:Storage Directory /tmp/workdir/hadoop-ozone/integration-test/target/test-dir/MiniOzoneClusterImpl-1ec98762-6291-4205-8799-3ebd7a8a236f/datanode-1/data/ratis/3b730f16-9e38-4e7d-afd2-6e276082be87 for RaftStorage:Storage Directory /tmp/workdir/hadoop-ozone/integration-test/target/test-dir/MiniOzoneClusterImpl-1ec98762-6291-4205-8799-3ebd7a8a236f/datanode-1/data/ratis/3b730f16-9e38-4e7d-afd2-6e276082be87
2019-07-13 12:54:24,097 INFO  server.RaftServerConfigKeys (ConfUtils.java:logGet(43)) - raft.server.log.statemachine.data.sync.timeout = 10s (default)
2019-07-13 12:54:24,097 INFO  segmented.SegmentedRaftLogWorker (SegmentedRaftLogWorker.java:<init>(172)) - new 8400e1d4-a14b-415b-a388-5524dc356515-SegmentedRaftLogWorker:Storage Directory /tmp/workdir/hadoop-ozone/integration-test/target/test-dir/MiniOzoneClusterImpl-1ec98762-6291-4205-8799-3ebd7a8a236f/datanode-5/data/ratis/3b730f16-9e38-4e7d-afd2-6e276082be87 for RaftStorage:Storage Directory /tmp/workdir/hadoop-ozone/integration-test/target/test-dir/MiniOzoneClusterImpl-1ec98762-6291-4205-8799-3ebd7a8a236f/datanode-5/data/ratis/3b730f16-9e38-4e7d-afd2-6e276082be87
2019-07-13 12:54:24,098 INFO  server.RaftServerConfigKeys (ConfUtils.java:logGet(43)) - raft.server.log.statemachine.data.sync.timeout.retry = -1 (default)
2019-07-13 12:54:24,097 INFO  server.RaftServerConfigKeys (ConfUtils.java:logGet(43)) - raft.server.log.queue.byte-limit = 2147483647 (custom)
2019-07-13 12:54:24,119 INFO  server.RaftServerConfigKeys (ConfUtils.java:logGet(43)) - raft.server.log.statemachine.data.caching.enabled = true (custom)
2019-07-13 12:54:24,118 INFO  server.RaftServerConfigKeys (ConfUtils.java:logGet(43)) - raft.server.log.queue.byte-limit = 2147483647 (custom)
2019-07-13 12:54:24,119 INFO  server.RaftServerConfigKeys (ConfUtils.java:logGet(43)) - raft.server.log.queue.element-limit = 1024 (custom)
2019-07-13 12:54:24,119 INFO  server.RaftServerConfigKeys (ConfUtils.java:logGet(43)) - raft.server.log.queue.element-limit = 1024 (custom)
2019-07-13 12:54:24,119 INFO  segmented.SegmentedRaftLogWorker (SegmentedRaftLogWorker.java:lambda$new$0(132)) - 55ca4f00-69a2-485e-ada4-ad251175ae1e-SegmentedRaftLogWorker:Storage Directory /tmp/workdir/hadoop-ozone/integration-test/target/test-dir/MiniOzoneClusterImpl-1ec98762-6291-4205-8799-3ebd7a8a236f/datanode-6/data/ratis/3b730f16-9e38-4e7d-afd2-6e276082be87: flushIndex: setUnconditionally 0 -> -1
2019-07-13 12:54:24,119 INFO  server.RaftServerConfigKeys (ConfUtils.java:logGet(43)) - raft.server.log.segment.size.max = 1048576 (custom)
2019-07-13 12:54:24,120 INFO  server.RaftServerConfigKeys (ConfUtils.java:logGet(43)) - raft.server.log.segment.size.max = 1048576 (custom)
2019-07-13 12:54:24,120 INFO  server.RaftServerConfigKeys (ConfUtils.java:logGet(43)) - raft.server.snapshot.auto.trigger.enabled = true (custom)
2019-07-13 12:54:24,120 INFO  server.RaftServerConfigKeys (ConfUtils.java:logGet(43)) - raft.server.log.preallocated.size = 16384 (custom)
2019-07-13 12:54:24,120 INFO  server.RaftServerConfigKeys (ConfUtils.java:logGet(43)) - raft.server.snapshot.auto.trigger.threshold = 10000 (custom)
2019-07-13 12:54:24,120 INFO  server.RaftServerConfigKeys (ConfUtils.java:logGet(43)) - raft.server.log.preallocated.size = 16384 (custom)
2019-07-13 12:54:24,121 INFO  server.RaftServerConfigKeys (ConfUtils.java:logGet(43)) - raft.server.retrycache.expirytime = 600000ms (custom)
2019-07-13 12:54:24,120 INFO  server.RaftServerConfigKeys (ConfUtils.java:logGet(43)) - raft.server.log.write.buffer.size = 33554432 (custom)
2019-07-13 12:54:24,121 INFO  impl.RaftServerImpl (RaftServerImpl.java:start(180)) - 55ca4f00-69a2-485e-ada4-ad251175ae1e: start group-6E276082BE87
2019-07-13 12:54:24,121 INFO  server.RaftServerConfigKeys (ConfUtils.java:logGet(43)) - raft.server.log.force.sync.num = 128 (default)
2019-07-13 12:54:24,121 INFO  server.RaftServerConfigKeys (ConfUtils.java:logGet(43)) - raft.server.log.write.buffer.size = 33554432 (custom)
2019-07-13 12:54:24,122 INFO  server.RaftServerConfigKeys (ConfUtils.java:logGet(43)) - raft.server.log.statemachine.data.sync = true (default)
2019-07-13 12:54:24,121 INFO  impl.RaftServerImpl (RaftServerImpl.java:setRole(171)) - 55ca4f00-69a2-485e-ada4-ad251175ae1e:group-6E276082BE87 changes role from null to FOLLOWER at term 0 for startAsFollower
2019-07-13 12:54:24,122 INFO  server.RaftServerConfigKeys (ConfUtils.java:logGet(43)) - raft.server.log.statemachine.data.sync.timeout = 10s (default)
2019-07-13 12:54:24,122 INFO  server.RaftServerConfigKeys (ConfUtils.java:logGet(43)) - raft.server.log.force.sync.num = 128 (default)
2019-07-13 12:54:24,122 INFO  server.RaftServerConfigKeys (ConfUtils.java:logGet(43)) - raft.server.log.statemachine.data.sync.timeout.retry = -1 (default)
2019-07-13 12:54:24,122 INFO  impl.RoleInfo (RoleInfo.java:updateAndGet(143)) - 55ca4f00-69a2-485e-ada4-ad251175ae1e: start FollowerState
2019-07-13 12:54:24,123 INFO  server.RaftServerConfigKeys (ConfUtils.java:logGet(43)) - raft.server.log.statemachine.data.caching.enabled = true (custom)
2019-07-13 12:54:24,122 INFO  server.RaftServerConfigKeys (ConfUtils.java:logGet(43)) - raft.server.log.statemachine.data.sync = true (default)
2019-07-13 12:54:24,123 INFO  util.JmxRegister (JmxRegister.java:tryRegister(44)) - Successfully registered JMX Bean with object name Ratis:service=RaftServer,group=group-6E276082BE87,id=55ca4f00-69a2-485e-ada4-ad251175ae1e
2019-07-13 12:54:24,123 INFO  segmented.SegmentedRaftLogWorker (SegmentedRaftLogWorker.java:lambda$new$0(132)) - cb4c3959-5da2-4137-815d-e3d67775a032-SegmentedRaftLogWorker:Storage Directory /tmp/workdir/hadoop-ozone/integration-test/target/test-dir/MiniOzoneClusterImpl-1ec98762-6291-4205-8799-3ebd7a8a236f/datanode-1/data/ratis/3b730f16-9e38-4e7d-afd2-6e276082be87: flushIndex: setUnconditionally 0 -> -1
2019-07-13 12:54:24,123 INFO  server.RaftServerConfigKeys (ConfUtils.java:logGet(43)) - raft.server.log.statemachine.data.sync.timeout = 10s (default)
2019-07-13 12:54:24,123 INFO  server.RaftServerConfigKeys (ConfUtils.java:logGet(43)) - raft.server.log.statemachine.data.sync.timeout.retry = -1 (default)
2019-07-13 12:54:24,124 INFO  server.RaftServerConfigKeys (ConfUtils.java:logGet(43)) - raft.server.snapshot.auto.trigger.enabled = true (custom)
2019-07-13 12:54:24,124 INFO  server.RaftServerConfigKeys (ConfUtils.java:logGet(43)) - raft.server.log.statemachine.data.caching.enabled = true (custom)
2019-07-13 12:54:24,124 INFO  server.RaftServerConfigKeys (ConfUtils.java:logGet(43)) - raft.server.snapshot.auto.trigger.threshold = 10000 (custom)
2019-07-13 12:54:24,124 INFO  segmented.SegmentedRaftLogWorker (SegmentedRaftLogWorker.java:lambda$new$0(132)) - 8400e1d4-a14b-415b-a388-5524dc356515-SegmentedRaftLogWorker:Storage Directory /tmp/workdir/hadoop-ozone/integration-test/target/test-dir/MiniOzoneClusterImpl-1ec98762-6291-4205-8799-3ebd7a8a236f/datanode-5/data/ratis/3b730f16-9e38-4e7d-afd2-6e276082be87: flushIndex: setUnconditionally 0 -> -1
2019-07-13 12:54:24,124 INFO  server.RaftServerConfigKeys (ConfUtils.java:logGet(43)) - raft.server.retrycache.expirytime = 600000ms (custom)
2019-07-13 12:54:24,125 INFO  server.RaftServerConfigKeys (ConfUtils.java:logGet(43)) - raft.server.snapshot.auto.trigger.enabled = true (custom)
2019-07-13 12:54:24,125 INFO  impl.RaftServerImpl (RaftServerImpl.java:start(180)) - cb4c3959-5da2-4137-815d-e3d67775a032: start group-6E276082BE87
2019-07-13 12:54:24,125 INFO  server.RaftServerConfigKeys (ConfUtils.java:logGet(43)) - raft.server.snapshot.auto.trigger.threshold = 10000 (custom)
2019-07-13 12:54:24,125 INFO  impl.RaftServerImpl (RaftServerImpl.java:setRole(171)) - cb4c3959-5da2-4137-815d-e3d67775a032:group-6E276082BE87 changes role from null to FOLLOWER at term 0 for startAsFollower
2019-07-13 12:54:24,125 INFO  server.RaftServerConfigKeys (ConfUtils.java:logGet(43)) - raft.server.retrycache.expirytime = 600000ms (custom)
2019-07-13 12:54:24,125 INFO  impl.RoleInfo (RoleInfo.java:updateAndGet(143)) - cb4c3959-5da2-4137-815d-e3d67775a032: start FollowerState
2019-07-13 12:54:24,125 INFO  impl.RaftServerImpl (RaftServerImpl.java:start(180)) - 8400e1d4-a14b-415b-a388-5524dc356515: start group-6E276082BE87
2019-07-13 12:54:24,128 INFO  impl.RaftServerImpl (RaftServerImpl.java:setRole(171)) - 8400e1d4-a14b-415b-a388-5524dc356515:group-6E276082BE87 changes role from null to FOLLOWER at term 0 for startAsFollower
2019-07-13 12:54:24,128 INFO  impl.RoleInfo (RoleInfo.java:updateAndGet(143)) - 8400e1d4-a14b-415b-a388-5524dc356515: start FollowerState
2019-07-13 12:54:24,128 INFO  util.JmxRegister (JmxRegister.java:tryRegister(44)) - Successfully registered JMX Bean with object name Ratis:service=RaftServer,group=group-6E276082BE87,id=cb4c3959-5da2-4137-815d-e3d67775a032
2019-07-13 12:54:24,129 INFO  util.JmxRegister (JmxRegister.java:tryRegister(44)) - Successfully registered JMX Bean with object name Ratis:service=RaftServer,group=group-6E276082BE87,id=8400e1d4-a14b-415b-a388-5524dc356515
2019-07-13 12:54:24,136 INFO  pipeline.PipelineStateManager (PipelineStateManager.java:addPipeline(56)) - Created pipeline Pipeline[ Id: 3b730f16-9e38-4e7d-afd2-6e276082be87, Nodes: 8400e1d4-a14b-415b-a388-5524dc356515{ip: 192.168.5.181, host: trunk-nightly-q2gwj-1111726333, networkLocation: /default-rack, certSerialId: null}cb4c3959-5da2-4137-815d-e3d67775a032{ip: 192.168.5.181, host: trunk-nightly-q2gwj-1111726333, networkLocation: /default-rack, certSerialId: null}55ca4f00-69a2-485e-ada4-ad251175ae1e{ip: 192.168.5.181, host: trunk-nightly-q2gwj-1111726333, networkLocation: /default-rack, certSerialId: null}, Type:RATIS, Factor:THREE, State:OPEN]
2019-07-13 12:54:25,139 WARN  io.KeyOutputStream (KeyOutputStream.java:handleException(276)) - Encountered exception java.io.IOException: Unexpected Storage Container Exception: java.util.concurrent.CompletionException: java.util.concurrent.CompletionException: org.apache.ratis.protocol.GroupMismatchException: cb4c3959-5da2-4137-815d-e3d67775a032: group-3C33E6D85116 not found. on the pipeline Pipeline[ Id: 86c9fa71-e9f3-4a99-ab55-3c33e6d85116, Nodes: 8400e1d4-a14b-415b-a388-5524dc356515{ip: 192.168.5.181, host: trunk-nightly-q2gwj-1111726333, networkLocation: /default-rack, certSerialId: null}cb4c3959-5da2-4137-815d-e3d67775a032{ip: 192.168.5.181, host: trunk-nightly-q2gwj-1111726333, networkLocation: /default-rack, certSerialId: null}55ca4f00-69a2-485e-ada4-ad251175ae1e{ip: 192.168.5.181, host: trunk-nightly-q2gwj-1111726333, networkLocation: /default-rack, certSerialId: null}, Type:RATIS, Factor:THREE, State:OPEN]. The last committed block length is 400, uncommitted data length is 50 retry count 0
2019-07-13 12:54:25,172 INFO  client.GrpcClientProtocolClient (GrpcClientProtocolClient.java:onNext(255)) - client-557BC566A12E->ba122834-ef25-4536-baf6-e65f1e66574a: receive RaftClientReply:client-557BC566A12E->ba122834-ef25-4536-baf6-e65f1e66574a@group-C69C33DDA5B3, cid=27, FAILED org.apache.ratis.protocol.NotLeaderException: Server ba122834-ef25-4536-baf6-e65f1e66574a is not the leader (03b3f447-2570-4487-84e8-39a0c3488c26:192.168.5.181:43687). Request must be sent to leader., logIndex=0, commits[ba122834-ef25-4536-baf6-e65f1e66574a:c0, 03b3f447-2570-4487-84e8-39a0c3488c26:c0, 66d441ba-17eb-48b5-9e0d-25fe771f2ae4:c-1]
2019-07-13 12:54:25,362 INFO  client.GrpcClientProtocolClient (GrpcClientProtocolClient.java:onNext(255)) - client-557BC566A12E->03b3f447-2570-4487-84e8-39a0c3488c26: receive RaftClientReply:client-557BC566A12E->03b3f447-2570-4487-84e8-39a0c3488c26@group-C69C33DDA5B3, cid=27, SUCCESS, logIndex=1, commits[03b3f447-2570-4487-84e8-39a0c3488c26:c1, 66d441ba-17eb-48b5-9e0d-25fe771f2ae4:c0, ba122834-ef25-4536-baf6-e65f1e66574a:c0]
2019-07-13 12:54:25,420 INFO  client.GrpcClientProtocolClient (GrpcClientProtocolClient.java:onNext(255)) - client-557BC566A12E->03b3f447-2570-4487-84e8-39a0c3488c26: receive RaftClientReply:client-557BC566A12E->03b3f447-2570-4487-84e8-39a0c3488c26@group-C69C33DDA5B3, cid=28, SUCCESS, logIndex=3, commits[03b3f447-2570-4487-84e8-39a0c3488c26:c4, 66d441ba-17eb-48b5-9e0d-25fe771f2ae4:c3, ba122834-ef25-4536-baf6-e65f1e66574a:c3]
2019-07-13 12:54:25,494 INFO  pipeline.Pipeline (Pipeline.java:getProtobufMessage(195)) - Serialize pipeline PipelineID=ba185006-d8b3-4d3f-a7ba-c69c33dda5b3 with nodesInOrder{ }
2019-07-13 12:54:25,502 INFO  ozone.MiniOzoneClusterImpl (MiniOzoneClusterImpl.java:shutdown(321)) - Shutting down the Mini Ozone Cluster
2019-07-13 12:54:25,503 INFO  ozone.MiniOzoneClusterImpl (MiniOzoneClusterImpl.java:stop(336)) - Stopping the Mini Ozone Cluster
2019-07-13 12:54:25,503 INFO  ozone.MiniOzoneClusterImpl (MiniOzoneClusterImpl.java:stop(338)) - Stopping the OzoneManager
2019-07-13 12:54:25,503 INFO  ipc.Server (Server.java:stop(3082)) - Stopping server on 36967
2019-07-13 12:54:25,506 INFO  ipc.Server (Server.java:run(1185)) - Stopping IPC Server listener on 36967
2019-07-13 12:54:25,506 INFO  utils.BackgroundService (BackgroundService.java:shutdown(148)) - Shutting down service KeyDeletingService
2019-07-13 12:54:25,506 INFO  ipc.Server (Server.java:run(1319)) - Stopping IPC Server Responder
2019-07-13 12:54:25,512 INFO  handler.ContextHandler (ContextHandler.java:doStop(910)) - Stopped o.e.j.w.WebAppContext@3e9803c2{/,null,UNAVAILABLE}{/ozoneManager}
2019-07-13 12:54:25,521 INFO  server.AbstractConnector (AbstractConnector.java:doStop(318)) - Stopped ServerConnector@4525d1d3{HTTP/1.1,[http/1.1]}{0.0.0.0:0}
2019-07-13 12:54:25,521 INFO  handler.ContextHandler (ContextHandler.java:doStop(910)) - Stopped o.e.j.s.ServletContextHandler@7b44b63d{/static,file:///tmp/workdir/hadoop-ozone/integration-test/target/test-classes/webapps/static,UNAVAILABLE}
2019-07-13 12:54:25,522 INFO  handler.ContextHandler (ContextHandler.java:doStop(910)) - Stopped o.e.j.s.ServletContextHandler@2d0bfb24{/logs,file:///tmp/workdir/hadoop-ozone/integration-test/target/log,UNAVAILABLE}
2019-07-13 12:54:25,529 INFO  ozone.MiniOzoneClusterImpl (MiniOzoneClusterImpl.java:stop(344)) - Shutting the HddsDatanodes
2019-07-13 12:54:25,530 INFO  datanode.ObjectStoreHandler (ObjectStoreHandler.java:close(155)) - Closing ObjectStoreHandler.
2019-07-13 12:54:25,530 INFO  datanode.ObjectStoreHandler (ObjectStoreHandler.java:close(155)) - Closing ObjectStoreHandler.
2019-07-13 12:54:25,534 INFO  ozone.HddsDatanodeService (HddsDatanodeService.java:stop(452)) - Stopped plug-in org.apache.hadoop.ozone.web.OzoneHddsDatanodeService@15d236fd
2019-07-13 12:54:25,534 INFO  ozone.HddsDatanodeService (HddsDatanodeService.java:stop(452)) - Stopped plug-in org.apache.hadoop.ozone.web.OzoneHddsDatanodeService@5729b410
2019-07-13 12:54:26,343 INFO  statemachine.DatanodeStateMachine (DatanodeStateMachine.java:lambda$startDaemon$0(350)) - Ozone container server started.
2019-07-13 12:54:26,472 INFO  statemachine.DatanodeStateMachine (DatanodeStateMachine.java:lambda$startDaemon$0(350)) - Ozone container server started.
2019-07-13 12:54:29,137 INFO  impl.FollowerState (FollowerState.java:run(106)) - 8400e1d4-a14b-415b-a388-5524dc356515:group-6E276082BE87 changes to CANDIDATE, lastRpcTime:5008, electionTimeout:5008ms
2019-07-13 12:54:29,137 INFO  impl.RoleInfo (RoleInfo.java:shutdownFollowerState(121)) - 8400e1d4-a14b-415b-a388-5524dc356515: shutdown FollowerState
2019-07-13 12:54:29,137 INFO  impl.RaftServerImpl (RaftServerImpl.java:setRole(171)) - 8400e1d4-a14b-415b-a388-5524dc356515:group-6E276082BE87 changes role from FOLLOWER to CANDIDATE at term 0 for changeToCandidate
2019-07-13 12:54:29,137 INFO  impl.RoleInfo (RoleInfo.java:updateAndGet(143)) - 8400e1d4-a14b-415b-a388-5524dc356515: start LeaderElection
2019-07-13 12:54:29,151 INFO  impl.LeaderElection (LeaderElection.java:askForVotes(181)) - 8400e1d4-a14b-415b-a388-5524dc356515:group-6E276082BE87:LeaderElection11: begin an election at term 1 for -1: [8400e1d4-a14b-415b-a388-5524dc356515:192.168.5.181:38704, cb4c3959-5da2-4137-815d-e3d67775a032:192.168.5.181:39320, 55ca4f00-69a2-485e-ada4-ad251175ae1e:192.168.5.181:45025], old=null
2019-07-13 12:54:29,167 INFO  impl.RaftServerImpl (RaftServerImpl.java:setRole(171)) - 55ca4f00-69a2-485e-ada4-ad251175ae1e:group-6E276082BE87 changes role from FOLLOWER to FOLLOWER at term 1 for recognizeCandidate:8400e1d4-a14b-415b-a388-5524dc356515
2019-07-13 12:54:29,167 INFO  impl.RaftServerImpl (RaftServerImpl.java:setRole(171)) - cb4c3959-5da2-4137-815d-e3d67775a032:group-6E276082BE87 changes role from FOLLOWER to FOLLOWER at term 1 for recognizeCandidate:8400e1d4-a14b-415b-a388-5524dc356515
2019-07-13 12:54:29,167 INFO  impl.RoleInfo (RoleInfo.java:shutdownFollowerState(121)) - 55ca4f00-69a2-485e-ada4-ad251175ae1e: shutdown FollowerState
2019-07-13 12:54:29,167 INFO  impl.RoleInfo (RoleInfo.java:shutdownFollowerState(121)) - cb4c3959-5da2-4137-815d-e3d67775a032: shutdown FollowerState
2019-07-13 12:54:29,167 INFO  impl.RoleInfo (RoleInfo.java:updateAndGet(143)) - 55ca4f00-69a2-485e-ada4-ad251175ae1e: start FollowerState
2019-07-13 12:54:29,167 INFO  impl.RoleInfo (RoleInfo.java:updateAndGet(143)) - cb4c3959-5da2-4137-815d-e3d67775a032: start FollowerState
2019-07-13 12:54:29,167 INFO  impl.FollowerState (FollowerState.java:run(114)) - 55ca4f00-69a2-485e-ada4-ad251175ae1e: FollowerState was interrupted: java.lang.InterruptedException: sleep interrupted
2019-07-13 12:54:29,168 INFO  impl.FollowerState (FollowerState.java:run(114)) - cb4c3959-5da2-4137-815d-e3d67775a032: FollowerState was interrupted: java.lang.InterruptedException: sleep interrupted
2019-07-13 12:54:29,183 INFO  impl.LeaderElection (LeaderElection.java:logAndReturn(56)) - 8400e1d4-a14b-415b-a388-5524dc356515:group-6E276082BE87:LeaderElection11: Election PASSED; received 1 response(s) [8400e1d4-a14b-415b-a388-5524dc356515<-55ca4f00-69a2-485e-ada4-ad251175ae1e#0:OK-t1] and 0 exception(s); 8400e1d4-a14b-415b-a388-5524dc356515:t1, leader=null, voted=8400e1d4-a14b-415b-a388-5524dc356515, raftlog=8400e1d4-a14b-415b-a388-5524dc356515-SegmentedRaftLog:OPENED:c-1,f-1,i0, conf=-1: [8400e1d4-a14b-415b-a388-5524dc356515:192.168.5.181:38704, cb4c3959-5da2-4137-815d-e3d67775a032:192.168.5.181:39320, 55ca4f00-69a2-485e-ada4-ad251175ae1e:192.168.5.181:45025], old=null
2019-07-13 12:54:29,183 INFO  impl.RoleInfo (RoleInfo.java:shutdownLeaderElection(134)) - 8400e1d4-a14b-415b-a388-5524dc356515: shutdown LeaderElection
2019-07-13 12:54:29,185 INFO  impl.RaftServerImpl (RaftServerImpl.java:setRole(171)) - 8400e1d4-a14b-415b-a388-5524dc356515:group-6E276082BE87 changes role from CANDIDATE to LEADER at term 1 for changeToLeader
2019-07-13 12:54:29,186 INFO  impl.RaftServerImpl (ServerState.java:setLeader(263)) - 8400e1d4-a14b-415b-a388-5524dc356515:group-6E276082BE87 change Leader from null to 8400e1d4-a14b-415b-a388-5524dc356515 at term 1 for becomeLeader, leader elected after 5092ms
2019-07-13 12:54:29,186 INFO  server.RaftServerConfigKeys (ConfUtils.java:logGet(43)) - raft.server.staging.catchup.gap = 1000 (default)
2019-07-13 12:54:29,186 INFO  server.RaftServerConfigKeys (ConfUtils.java:logGet(43)) - raft.server.rpc.sleep.time = 25ms (default)
2019-07-13 12:54:29,186 INFO  server.RaftServerConfigKeys (ConfUtils.java:logGet(43)) - raft.server.write.element-limit = 4096 (default)
2019-07-13 12:54:29,187 INFO  server.RaftServerConfigKeys (ConfUtils.java:logGet(43)) - raft.server.watch.timeout = 10s (default)
2019-07-13 12:54:29,187 INFO  server.RaftServerConfigKeys (ConfUtils.java:logGet(43)) - raft.server.watch.timeout.denomination = 1s (default)
2019-07-13 12:54:29,187 INFO  server.RaftServerConfigKeys (ConfUtils.java:logGet(43)) - raft.server.watch.element-limit = 65536 (default)
2019-07-13 12:54:29,187 INFO  server.RaftServerConfigKeys (ConfUtils.java:logGet(43)) - raft.server.log.appender.snapshot.chunk.size.max = 16MB (=16777216) (default)
2019-07-13 12:54:29,188 INFO  server.RaftServerConfigKeys (ConfUtils.java:logGet(43)) - raft.server.log.appender.buffer.byte-limit = 33554432 (custom)
2019-07-13 12:54:29,188 INFO  server.RaftServerConfigKeys (ConfUtils.java:logGet(43)) - raft.server.log.appender.buffer.element-limit = 1 (custom)
2019-07-13 12:54:29,188 INFO  grpc.GrpcConfigKeys$Server (ConfUtils.java:logGet(43)) - raft.grpc.server.leader.outstanding.appends.max = 128 (default)
2019-07-13 12:54:29,188 INFO  server.RaftServerConfigKeys (ConfUtils.java:logGet(43)) - raft.server.rpc.request.timeout = 3000ms (default)
2019-07-13 12:54:29,189 INFO  server.RaftServerConfigKeys (ConfUtils.java:logGet(43)) - raft.server.log.appender.install.snapshot.enabled = false (custom)
2019-07-13 12:54:29,189 INFO  server.RaftServerConfigKeys (ConfUtils.java:logGet(43)) - raft.server.log.appender.snapshot.chunk.size.max = 16MB (=16777216) (default)
2019-07-13 12:54:29,189 INFO  server.RaftServerConfigKeys (ConfUtils.java:logGet(43)) - raft.server.log.appender.buffer.byte-limit = 33554432 (custom)
2019-07-13 12:54:29,189 INFO  server.RaftServerConfigKeys (ConfUtils.java:logGet(43)) - raft.server.log.appender.buffer.element-limit = 1 (custom)
2019-07-13 12:54:29,189 INFO  grpc.GrpcConfigKeys$Server (ConfUtils.java:logGet(43)) - raft.grpc.server.leader.outstanding.appends.max = 128 (default)
2019-07-13 12:54:29,190 INFO  server.RaftServerConfigKeys (ConfUtils.java:logGet(43)) - raft.server.rpc.request.timeout = 3000ms (default)
2019-07-13 12:54:29,190 INFO  server.RaftServerConfigKeys (ConfUtils.java:logGet(43)) - raft.server.log.appender.install.snapshot.enabled = false (custom)
2019-07-13 12:54:29,190 INFO  impl.RoleInfo (RoleInfo.java:updateAndGet(143)) - 8400e1d4-a14b-415b-a388-5524dc356515: start LeaderState
2019-07-13 12:54:29,191 INFO  segmented.SegmentedRaftLogWorker (SegmentedRaftLogWorker.java:startLogSegment(380)) - 8400e1d4-a14b-415b-a388-5524dc356515-SegmentedRaftLogWorker:Storage Directory /tmp/workdir/hadoop-ozone/integration-test/target/test-dir/MiniOzoneClusterImpl-1ec98762-6291-4205-8799-3ebd7a8a236f/datanode-5/data/ratis/3b730f16-9e38-4e7d-afd2-6e276082be87: Starting segment from index:0
2019-07-13 12:54:29,192 INFO  impl.RaftServerImpl (ServerState.java:setRaftConf(361)) - 8400e1d4-a14b-415b-a388-5524dc356515:group-6E276082BE87 set configuration 0: [8400e1d4-a14b-415b-a388-5524dc356515:192.168.5.181:38704, cb4c3959-5da2-4137-815d-e3d67775a032:192.168.5.181:39320, 55ca4f00-69a2-485e-ada4-ad251175ae1e:192.168.5.181:45025], old=null at 0
2019-07-13 12:54:29,216 INFO  impl.RaftServerImpl (ServerState.java:setLeader(263)) - cb4c3959-5da2-4137-815d-e3d67775a032:group-6E276082BE87 change Leader from null to 8400e1d4-a14b-415b-a388-5524dc356515 at term 1 for appendEntries, leader elected after 5123ms
2019-07-13 12:54:29,216 INFO  impl.RaftServerImpl (ServerState.java:setLeader(263)) - 55ca4f00-69a2-485e-ada4-ad251175ae1e:group-6E276082BE87 change Leader from null to 8400e1d4-a14b-415b-a388-5524dc356515 at term 1 for appendEntries, leader elected after 5124ms
2019-07-13 12:54:29,219 INFO  segmented.SegmentedRaftLogWorker (SegmentedRaftLogWorker.java:execute(569)) - 8400e1d4-a14b-415b-a388-5524dc356515-SegmentedRaftLogWorker:Storage Directory /tmp/workdir/hadoop-ozone/integration-test/target/test-dir/MiniOzoneClusterImpl-1ec98762-6291-4205-8799-3ebd7a8a236f/datanode-5/data/ratis/3b730f16-9e38-4e7d-afd2-6e276082be87: created new log segment /tmp/workdir/hadoop-ozone/integration-test/target/test-dir/MiniOzoneClusterImpl-1ec98762-6291-4205-8799-3ebd7a8a236f/datanode-5/data/ratis/3b730f16-9e38-4e7d-afd2-6e276082be87/current/log_inprogress_0
2019-07-13 12:54:29,225 INFO  impl.RaftServerImpl (ServerState.java:setRaftConf(361)) - cb4c3959-5da2-4137-815d-e3d67775a032:group-6E276082BE87 set configuration 0: [8400e1d4-a14b-415b-a388-5524dc356515:192.168.5.181:38704, cb4c3959-5da2-4137-815d-e3d67775a032:192.168.5.181:39320, 55ca4f00-69a2-485e-ada4-ad251175ae1e:192.168.5.181:45025], old=null at 0
2019-07-13 12:54:29,225 INFO  impl.RaftServerImpl (ServerState.java:setRaftConf(361)) - 55ca4f00-69a2-485e-ada4-ad251175ae1e:group-6E276082BE87 set configuration 0: [8400e1d4-a14b-415b-a388-5524dc356515:192.168.5.181:38704, cb4c3959-5da2-4137-815d-e3d67775a032:192.168.5.181:39320, 55ca4f00-69a2-485e-ada4-ad251175ae1e:192.168.5.181:45025], old=null at 0
2019-07-13 12:54:29,225 INFO  segmented.SegmentedRaftLogWorker (SegmentedRaftLogWorker.java:startLogSegment(380)) - cb4c3959-5da2-4137-815d-e3d67775a032-SegmentedRaftLogWorker:Storage Directory /tmp/workdir/hadoop-ozone/integration-test/target/test-dir/MiniOzoneClusterImpl-1ec98762-6291-4205-8799-3ebd7a8a236f/datanode-1/data/ratis/3b730f16-9e38-4e7d-afd2-6e276082be87: Starting segment from index:0
2019-07-13 12:54:29,226 INFO  segmented.SegmentedRaftLogWorker (SegmentedRaftLogWorker.java:startLogSegment(380)) - 55ca4f00-69a2-485e-ada4-ad251175ae1e-SegmentedRaftLogWorker:Storage Directory /tmp/workdir/hadoop-ozone/integration-test/target/test-dir/MiniOzoneClusterImpl-1ec98762-6291-4205-8799-3ebd7a8a236f/datanode-6/data/ratis/3b730f16-9e38-4e7d-afd2-6e276082be87: Starting segment from index:0
2019-07-13 12:54:29,249 INFO  segmented.SegmentedRaftLogWorker (SegmentedRaftLogWorker.java:execute(569)) - cb4c3959-5da2-4137-815d-e3d67775a032-SegmentedRaftLogWorker:Storage Directory /tmp/workdir/hadoop-ozone/integration-test/target/test-dir/MiniOzoneClusterImpl-1ec98762-6291-4205-8799-3ebd7a8a236f/datanode-1/data/ratis/3b730f16-9e38-4e7d-afd2-6e276082be87: created new log segment /tmp/workdir/hadoop-ozone/integration-test/target/test-dir/MiniOzoneClusterImpl-1ec98762-6291-4205-8799-3ebd7a8a236f/datanode-1/data/ratis/3b730f16-9e38-4e7d-afd2-6e276082be87/current/log_inprogress_0
2019-07-13 12:54:29,249 INFO  segmented.SegmentedRaftLogWorker (SegmentedRaftLogWorker.java:execute(569)) - 55ca4f00-69a2-485e-ada4-ad251175ae1e-SegmentedRaftLogWorker:Storage Directory /tmp/workdir/hadoop-ozone/integration-test/target/test-dir/MiniOzoneClusterImpl-1ec98762-6291-4205-8799-3ebd7a8a236f/datanode-6/data/ratis/3b730f16-9e38-4e7d-afd2-6e276082be87: created new log segment /tmp/workdir/hadoop-ozone/integration-test/target/test-dir/MiniOzoneClusterImpl-1ec98762-6291-4205-8799-3ebd7a8a236f/datanode-6/data/ratis/3b730f16-9e38-4e7d-afd2-6e276082be87/current/log_inprogress_0
2019-07-13 12:54:30,536 INFO  ozoneimpl.OzoneContainer (OzoneContainer.java:stop(199)) - Attempting to stop container services.
2019-07-13 12:54:30,536 INFO  ozoneimpl.OzoneContainer (OzoneContainer.java:stop(199)) - Attempting to stop container services.
2019-07-13 12:54:30,537 INFO  impl.RaftServerProxy (RaftServerProxy.java:lambda$close$4(314)) - 66d441ba-17eb-48b5-9e0d-25fe771f2ae4: close
2019-07-13 12:54:30,537 INFO  impl.RaftServerProxy (RaftServerProxy.java:lambda$close$4(314)) - cb4c3959-5da2-4137-815d-e3d67775a032: close
2019-07-13 12:54:30,539 INFO  impl.RaftServerImpl (RaftServerImpl.java:lambda$shutdown$3(245)) - 66d441ba-17eb-48b5-9e0d-25fe771f2ae4: shutdown group-3CB221B4AF9B
2019-07-13 12:54:30,539 INFO  impl.RaftServerImpl (RaftServerImpl.java:lambda$shutdown$3(245)) - cb4c3959-5da2-4137-815d-e3d67775a032: shutdown group-6E276082BE87
2019-07-13 12:54:30,539 INFO  util.JmxRegister (JmxRegister.java:unregister(73)) - Successfully un-registered JMX Bean with object name Ratis:service=RaftServer,group=group-3CB221B4AF9B,id=66d441ba-17eb-48b5-9e0d-25fe771f2ae4
2019-07-13 12:54:30,539 INFO  util.JmxRegister (JmxRegister.java:unregister(73)) - Successfully un-registered JMX Bean with object name Ratis:service=RaftServer,group=group-6E276082BE87,id=cb4c3959-5da2-4137-815d-e3d67775a032
2019-07-13 12:54:30,540 INFO  impl.RoleInfo (RoleInfo.java:shutdownLeaderState(104)) - 66d441ba-17eb-48b5-9e0d-25fe771f2ae4: shutdown LeaderState
2019-07-13 12:54:30,540 INFO  impl.RoleInfo (RoleInfo.java:shutdownFollowerState(121)) - cb4c3959-5da2-4137-815d-e3d67775a032: shutdown FollowerState
2019-07-13 12:54:30,541 INFO  impl.PendingRequests (PendingRequests.java:sendNotLeaderResponses(202)) - 66d441ba-17eb-48b5-9e0d-25fe771f2ae4-PendingRequests: sendNotLeaderResponses
2019-07-13 12:54:30,541 INFO  ratis.ContainerStateMachine (ContainerStateMachine.java:takeSnapshot(246)) - Taking snapshot at termIndex:(t:0, i:~)
2019-07-13 12:54:30,541 INFO  impl.FollowerState (FollowerState.java:run(114)) - cb4c3959-5da2-4137-815d-e3d67775a032: FollowerState was interrupted: java.lang.InterruptedException: sleep interrupted
2019-07-13 12:54:30,541 INFO  impl.StateMachineUpdater (StateMachineUpdater.java:stopAndJoin(115)) - StateMachineUpdater:cb4c3959-5da2-4137-815d-e3d67775a032:group-6E276082BE87: set stopIndex = -1
2019-07-13 12:54:30,542 INFO  ratis.ContainerStateMachine (ContainerStateMachine.java:takeSnapshot(246)) - Taking snapshot at termIndex:(t:0, i:~)
2019-07-13 12:54:30,542 INFO  impl.StateMachineUpdater (StateMachineUpdater.java:stopAndJoin(115)) - StateMachineUpdater:66d441ba-17eb-48b5-9e0d-25fe771f2ae4:group-3CB221B4AF9B: set stopIndex = 0
2019-07-13 12:54:30,547 INFO  impl.RaftServerImpl (ServerState.java:close(394)) - 66d441ba-17eb-48b5-9e0d-25fe771f2ae4:group-3CB221B4AF9B closes. The last applied log index is 0
2019-07-13 12:54:30,547 INFO  impl.RaftServerImpl (ServerState.java:close(394)) - cb4c3959-5da2-4137-815d-e3d67775a032:group-6E276082BE87 closes. The last applied log index is -1
2019-07-13 12:54:30,548 INFO  segmented.SegmentedRaftLogWorker (SegmentedRaftLogWorker.java:run(313)) - 66d441ba-17eb-48b5-9e0d-25fe771f2ae4-SegmentedRaftLogWorker:Storage Directory /tmp/workdir/hadoop-ozone/integration-test/target/test-dir/MiniOzoneClusterImpl-1ec98762-6291-4205-8799-3ebd7a8a236f/datanode-4/data/ratis/ba558734-7fba-4f4a-80aa-3cb221b4af9b was interrupted, exiting. There are 0 tasks remaining in the queue.
2019-07-13 12:54:30,548 INFO  segmented.SegmentedRaftLogWorker (SegmentedRaftLogWorker.java:run(313)) - cb4c3959-5da2-4137-815d-e3d67775a032-SegmentedRaftLogWorker:Storage Directory /tmp/workdir/hadoop-ozone/integration-test/target/test-dir/MiniOzoneClusterImpl-1ec98762-6291-4205-8799-3ebd7a8a236f/datanode-1/data/ratis/3b730f16-9e38-4e7d-afd2-6e276082be87 was interrupted, exiting. There are 0 tasks remaining in the queue.
2019-07-13 12:54:30,553 INFO  segmented.SegmentedRaftLogWorker (SegmentedRaftLogWorker.java:close(228)) - 66d441ba-17eb-48b5-9e0d-25fe771f2ae4-SegmentedRaftLogWorker:Storage Directory /tmp/workdir/hadoop-ozone/integration-test/target/test-dir/MiniOzoneClusterImpl-1ec98762-6291-4205-8799-3ebd7a8a236f/datanode-4/data/ratis/ba558734-7fba-4f4a-80aa-3cb221b4af9b close()
2019-07-13 12:54:30,553 INFO  segmented.SegmentedRaftLogWorker (SegmentedRaftLogWorker.java:close(228)) - cb4c3959-5da2-4137-815d-e3d67775a032-SegmentedRaftLogWorker:Storage Directory /tmp/workdir/hadoop-ozone/integration-test/target/test-dir/MiniOzoneClusterImpl-1ec98762-6291-4205-8799-3ebd7a8a236f/datanode-1/data/ratis/3b730f16-9e38-4e7d-afd2-6e276082be87 close()
2019-07-13 12:54:30,557 INFO  impl.RaftServerImpl (RaftServerImpl.java:lambda$shutdown$3(245)) - 66d441ba-17eb-48b5-9e0d-25fe771f2ae4: shutdown group-C69C33DDA5B3
2019-07-13 12:54:30,561 INFO  impl.RaftServerImpl (RaftServerImpl.java:lambda$shutdown$3(245)) - cb4c3959-5da2-4137-815d-e3d67775a032: shutdown group-D85B16EA0B02
2019-07-13 12:54:30,562 INFO  util.JmxRegister (JmxRegister.java:unregister(73)) - Successfully un-registered JMX Bean with object name Ratis:service=RaftServer,group=group-C69C33DDA5B3,id=66d441ba-17eb-48b5-9e0d-25fe771f2ae4
2019-07-13 12:54:30,562 INFO  util.JmxRegister (JmxRegister.java:unregister(73)) - Successfully un-registered JMX Bean with object name Ratis:service=RaftServer,group=group-D85B16EA0B02,id=cb4c3959-5da2-4137-815d-e3d67775a032
2019-07-13 12:54:30,562 INFO  impl.RoleInfo (RoleInfo.java:shutdownFollowerState(121)) - 66d441ba-17eb-48b5-9e0d-25fe771f2ae4: shutdown FollowerState
2019-07-13 12:54:30,563 INFO  impl.RoleInfo (RoleInfo.java:shutdownLeaderState(104)) - cb4c3959-5da2-4137-815d-e3d67775a032: shutdown LeaderState
2019-07-13 12:54:30,563 INFO  impl.FollowerState (FollowerState.java:run(114)) - 66d441ba-17eb-48b5-9e0d-25fe771f2ae4: FollowerState was interrupted: java.lang.InterruptedException: sleep interrupted
2019-07-13 12:54:30,563 INFO  ratis.ContainerStateMachine (ContainerStateMachine.java:takeSnapshot(246)) - Taking snapshot at termIndex:(t:1, i:3)
2019-07-13 12:54:30,577 INFO  ratis.ContainerStateMachine (ContainerStateMachine.java:takeSnapshot(250)) - Taking a snapshot to file /tmp/workdir/hadoop-ozone/integration-test/target/test-dir/MiniOzoneClusterImpl-1ec98762-6291-4205-8799-3ebd7a8a236f/datanode-4/data/ratis/ba185006-d8b3-4d3f-a7ba-c69c33dda5b3/sm/snapshot.1_3
2019-07-13 12:54:30,563 INFO  impl.StateMachineUpdater (StateMachineUpdater.java:stopAndJoin(115)) - StateMachineUpdater:66d441ba-17eb-48b5-9e0d-25fe771f2ae4:group-C69C33DDA5B3: set stopIndex = 4
2019-07-13 12:54:30,578 INFO  impl.StateMachineUpdater (StateMachineUpdater.java:takeSnapshot(242)) - StateMachineUpdater:66d441ba-17eb-48b5-9e0d-25fe771f2ae4:group-C69C33DDA5B3: Took a snapshot at index 3
2019-07-13 12:54:30,563 INFO  impl.PendingRequests (PendingRequests.java:sendNotLeaderResponses(202)) - cb4c3959-5da2-4137-815d-e3d67775a032-PendingRequests: sendNotLeaderResponses
2019-07-13 12:54:30,578 INFO  impl.StateMachineUpdater (StateMachineUpdater.java:lambda$new$0(80)) - StateMachineUpdater:66d441ba-17eb-48b5-9e0d-25fe771f2ae4:group-C69C33DDA5B3: snapshotIndex: updateIncreasingly -1 -> 3
2019-07-13 12:54:30,579 INFO  impl.StateMachineUpdater (StateMachineUpdater.java:stopAndJoin(115)) - StateMachineUpdater:cb4c3959-5da2-4137-815d-e3d67775a032:group-D85B16EA0B02: set stopIndex = 0
2019-07-13 12:54:30,579 INFO  impl.RaftServerImpl (ServerState.java:close(394)) - 66d441ba-17eb-48b5-9e0d-25fe771f2ae4:group-C69C33DDA5B3 closes. The last applied log index is 4
2019-07-13 12:54:30,579 INFO  ratis.ContainerStateMachine (ContainerStateMachine.java:takeSnapshot(246)) - Taking snapshot at termIndex:(t:0, i:~)
2019-07-13 12:54:30,580 INFO  segmented.SegmentedRaftLogWorker (SegmentedRaftLogWorker.java:run(313)) - 66d441ba-17eb-48b5-9e0d-25fe771f2ae4-SegmentedRaftLogWorker:Storage Directory /tmp/workdir/hadoop-ozone/integration-test/target/test-dir/MiniOzoneClusterImpl-1ec98762-6291-4205-8799-3ebd7a8a236f/datanode-4/data/ratis/ba185006-d8b3-4d3f-a7ba-c69c33dda5b3 was interrupted, exiting. There are 0 tasks remaining in the queue.
2019-07-13 12:54:30,580 INFO  impl.RaftServerImpl (ServerState.java:close(394)) - cb4c3959-5da2-4137-815d-e3d67775a032:group-D85B16EA0B02 closes. The last applied log index is 0
2019-07-13 12:54:30,582 INFO  segmented.SegmentedRaftLogWorker (SegmentedRaftLogWorker.java:close(228)) - 66d441ba-17eb-48b5-9e0d-25fe771f2ae4-SegmentedRaftLogWorker:Storage Directory /tmp/workdir/hadoop-ozone/integration-test/target/test-dir/MiniOzoneClusterImpl-1ec98762-6291-4205-8799-3ebd7a8a236f/datanode-4/data/ratis/ba185006-d8b3-4d3f-a7ba-c69c33dda5b3 close()
2019-07-13 12:54:30,582 INFO  segmented.SegmentedRaftLogWorker (SegmentedRaftLogWorker.java:run(313)) - cb4c3959-5da2-4137-815d-e3d67775a032-SegmentedRaftLogWorker:Storage Directory /tmp/workdir/hadoop-ozone/integration-test/target/test-dir/MiniOzoneClusterImpl-1ec98762-6291-4205-8799-3ebd7a8a236f/datanode-1/data/ratis/66bac202-73bb-4b59-a0be-d85b16ea0b02 was interrupted, exiting. There are 0 tasks remaining in the queue.
2019-07-13 12:54:30,588 INFO  segmented.SegmentedRaftLogWorker (SegmentedRaftLogWorker.java:close(228)) - cb4c3959-5da2-4137-815d-e3d67775a032-SegmentedRaftLogWorker:Storage Directory /tmp/workdir/hadoop-ozone/integration-test/target/test-dir/MiniOzoneClusterImpl-1ec98762-6291-4205-8799-3ebd7a8a236f/datanode-1/data/ratis/66bac202-73bb-4b59-a0be-d85b16ea0b02 close()
2019-07-13 12:54:30,589 INFO  server.GrpcService (GrpcService.java:closeImpl(155)) - 66d441ba-17eb-48b5-9e0d-25fe771f2ae4: shutdown server with port 35511 now
2019-07-13 12:54:30,593 INFO  server.GrpcService (GrpcService.java:closeImpl(155)) - cb4c3959-5da2-4137-815d-e3d67775a032: shutdown server with port 39320 now
2019-07-13 12:54:30,600 INFO  server.GrpcService (GrpcService.java:closeImpl(163)) - 66d441ba-17eb-48b5-9e0d-25fe771f2ae4: shutdown server with port 35511 successfully
2019-07-13 12:54:30,600 INFO  server.GrpcService (GrpcService.java:closeImpl(163)) - cb4c3959-5da2-4137-815d-e3d67775a032: shutdown server with port 39320 successfully
2019-07-13 12:54:30,602 WARN  server.GrpcServerProtocolService (LogUtils.java:warn(134)) - cb4c3959-5da2-4137-815d-e3d67775a032: appendEntries onError: org.apache.ratis.thirdparty.io.grpc.StatusRuntimeException: CANCELLED: cancelled before receiving half close
2019-07-13 12:54:30,608 WARN  server.GrpcServerProtocolService (LogUtils.java:warn(134)) - 66d441ba-17eb-48b5-9e0d-25fe771f2ae4: appendEntries onError: org.apache.ratis.thirdparty.io.grpc.StatusRuntimeException: CANCELLED: cancelled before receiving half close
2019-07-13 12:54:30,613 WARN  server.GrpcLogAppender (LogUtils.java:warn(134)) - 03b3f447-2570-4487-84e8-39a0c3488c26->66d441ba-17eb-48b5-9e0d-25fe771f2ae4: Failed appendEntries: org.apache.ratis.thirdparty.io.grpc.StatusRuntimeException: CANCELLED: HTTP/2 error code: CANCEL
Received Rst Stream
2019-07-13 12:54:30,614 WARN  server.GrpcLogAppender (LogUtils.java:warn(134)) - 8400e1d4-a14b-415b-a388-5524dc356515->cb4c3959-5da2-4137-815d-e3d67775a032: Failed appendEntries: org.apache.ratis.thirdparty.io.grpc.StatusRuntimeException: CANCELLED: HTTP/2 error code: CANCEL
Received Rst Stream
2019-07-13 12:54:30,620 INFO  impl.FollowerInfo (FollowerInfo.java:lambda$new$0(50)) - 03b3f447-2570-4487-84e8-39a0c3488c26->66d441ba-17eb-48b5-9e0d-25fe771f2ae4: nextIndex: updateUnconditionally 5 -> 4
2019-07-13 12:54:30,621 INFO  impl.FollowerInfo (FollowerInfo.java:lambda$new$0(50)) - 8400e1d4-a14b-415b-a388-5524dc356515->cb4c3959-5da2-4137-815d-e3d67775a032: nextIndex: updateUnconditionally 1 -> 0
2019-07-13 12:54:30,621 INFO  utils.BackgroundService (BackgroundService.java:shutdown(148)) - Shutting down service BlockDeletingService
2019-07-13 12:54:30,622 INFO  utils.BackgroundService (BackgroundService.java:shutdown(148)) - Shutting down service BlockDeletingService
2019-07-13 12:54:30,629 WARN  fs.CachingGetSpaceUsed (CachingGetSpaceUsed.java:run(183)) - Thread Interrupted waiting to refresh disk information: sleep interrupted
2019-07-13 12:54:30,629 WARN  fs.CachingGetSpaceUsed (CachingGetSpaceUsed.java:run(183)) - Thread Interrupted waiting to refresh disk information: sleep interrupted
2019-07-13 12:54:30,652 INFO  statemachine.DatanodeStateMachine (DatanodeStateMachine.java:stopDaemon(395)) - Ozone container server stopped.
2019-07-13 12:54:30,659 INFO  handler.ContextHandler (ContextHandler.java:doStop(910)) - Stopped o.e.j.w.WebAppContext@2e1eb85f{/,null,UNAVAILABLE}{/hddsDatanode}
2019-07-13 12:54:30,660 INFO  server.AbstractConnector (AbstractConnector.java:doStop(318)) - Stopped ServerConnector@ea7a4c3{HTTP/1.1,[http/1.1]}{0.0.0.0:0}
2019-07-13 12:54:30,662 INFO  handler.ContextHandler (ContextHandler.java:doStop(910)) - Stopped o.e.j.s.ServletContextHandler@364fd4ae{/static,jar:file:/home/user/.m2/repository/org/apache/hadoop/hadoop-hdds-container-service/0.5.0-SNAPSHOT/hadoop-hdds-container-service-0.5.0-SNAPSHOT.jar!/webapps/static,UNAVAILABLE}
2019-07-13 12:54:30,664 INFO  handler.ContextHandler (ContextHandler.java:doStop(910)) - Stopped o.e.j.s.ServletContextHandler@359066bc{/logs,file:///tmp/workdir/hadoop-ozone/integration-test/target/log,UNAVAILABLE}
2019-07-13 12:54:30,666 INFO  datanode.ObjectStoreHandler (ObjectStoreHandler.java:close(155)) - Closing ObjectStoreHandler.
2019-07-13 12:54:30,670 INFO  ozone.HddsDatanodeService (HddsDatanodeService.java:stop(452)) - Stopped plug-in org.apache.hadoop.ozone.web.OzoneHddsDatanodeService@7436364d
2019-07-13 12:54:30,671 INFO  statemachine.DatanodeStateMachine (DatanodeStateMachine.java:stopDaemon(395)) - Ozone container server stopped.
2019-07-13 12:54:30,673 INFO  handler.ContextHandler (ContextHandler.java:doStop(910)) - Stopped o.e.j.w.WebAppContext@367d34c0{/,null,UNAVAILABLE}{/hddsDatanode}
2019-07-13 12:54:30,674 INFO  server.AbstractConnector (AbstractConnector.java:doStop(318)) - Stopped ServerConnector@4ce25e47{HTTP/1.1,[http/1.1]}{0.0.0.0:0}
2019-07-13 12:54:30,674 INFO  handler.ContextHandler (ContextHandler.java:doStop(910)) - Stopped o.e.j.s.ServletContextHandler@5fef0c19{/static,jar:file:/home/user/.m2/repository/org/apache/hadoop/hadoop-hdds-container-service/0.5.0-SNAPSHOT/hadoop-hdds-container-service-0.5.0-SNAPSHOT.jar!/webapps/static,UNAVAILABLE}
2019-07-13 12:54:30,675 INFO  handler.ContextHandler (ContextHandler.java:doStop(910)) - Stopped o.e.j.s.ServletContextHandler@615db358{/logs,file:///tmp/workdir/hadoop-ozone/integration-test/target/log,UNAVAILABLE}
2019-07-13 12:54:30,677 INFO  datanode.ObjectStoreHandler (ObjectStoreHandler.java:close(155)) - Closing ObjectStoreHandler.
2019-07-13 12:54:30,677 INFO  ozone.HddsDatanodeService (HddsDatanodeService.java:stop(452)) - Stopped plug-in org.apache.hadoop.ozone.web.OzoneHddsDatanodeService@65da01f4
2019-07-13 12:54:31,213 INFO  statemachine.DatanodeStateMachine (DatanodeStateMachine.java:lambda$startDaemon$0(350)) - Ozone container server started.
2019-07-13 12:54:31,335 INFO  statemachine.DatanodeStateMachine (DatanodeStateMachine.java:lambda$startDaemon$0(350)) - Ozone container server started.
2019-07-13 12:54:31,771 WARN  server.GrpcLogAppender (LogUtils.java:warn(134)) - 8400e1d4-a14b-415b-a388-5524dc356515->cb4c3959-5da2-4137-815d-e3d67775a032: Failed appendEntries: org.apache.ratis.thirdparty.io.grpc.StatusRuntimeException: UNAVAILABLE: io exception
2019-07-13 12:54:31,773 INFO  impl.FollowerInfo (FollowerInfo.java:lambda$new$0(50)) - 8400e1d4-a14b-415b-a388-5524dc356515->cb4c3959-5da2-4137-815d-e3d67775a032: nextIndex: updateUnconditionally 0 -> 0
2019-07-13 12:54:32,905 WARN  server.GrpcLogAppender (LogUtils.java:warn(134)) - 03b3f447-2570-4487-84e8-39a0c3488c26->66d441ba-17eb-48b5-9e0d-25fe771f2ae4: Failed appendEntries: org.apache.ratis.thirdparty.io.grpc.StatusRuntimeException: UNAVAILABLE: io exception
2019-07-13 12:54:32,908 INFO  impl.FollowerInfo (FollowerInfo.java:lambda$new$0(50)) - 03b3f447-2570-4487-84e8-39a0c3488c26->66d441ba-17eb-48b5-9e0d-25fe771f2ae4: nextIndex: updateUnconditionally 4 -> 3
2019-07-13 12:54:34,269 WARN  server.GrpcLogAppender (LogUtils.java:warn(134)) - 8400e1d4-a14b-415b-a388-5524dc356515->cb4c3959-5da2-4137-815d-e3d67775a032: Failed appendEntries: org.apache.ratis.thirdparty.io.grpc.StatusRuntimeException: UNAVAILABLE: io exception
2019-07-13 12:54:34,271 INFO  impl.FollowerInfo (FollowerInfo.java:lambda$new$0(50)) - 8400e1d4-a14b-415b-a388-5524dc356515->cb4c3959-5da2-4137-815d-e3d67775a032: nextIndex: updateUnconditionally 0 -> 0
2019-07-13 12:54:35,406 WARN  server.GrpcLogAppender (LogUtils.java:warn(134)) - 03b3f447-2570-4487-84e8-39a0c3488c26->66d441ba-17eb-48b5-9e0d-25fe771f2ae4: Failed appendEntries: org.apache.ratis.thirdparty.io.grpc.StatusRuntimeException: UNAVAILABLE: io exception
2019-07-13 12:54:35,409 INFO  impl.FollowerInfo (FollowerInfo.java:lambda$new$0(50)) - 03b3f447-2570-4487-84e8-39a0c3488c26->66d441ba-17eb-48b5-9e0d-25fe771f2ae4: nextIndex: updateUnconditionally 3 -> 2
2019-07-13 12:54:35,672 INFO  ozoneimpl.OzoneContainer (OzoneContainer.java:stop(199)) - Attempting to stop container services.
2019-07-13 12:54:35,673 INFO  impl.RaftServerProxy (RaftServerProxy.java:lambda$close$4(314)) - 03b3f447-2570-4487-84e8-39a0c3488c26: close
2019-07-13 12:54:35,673 INFO  impl.RaftServerImpl (RaftServerImpl.java:lambda$shutdown$3(245)) - 03b3f447-2570-4487-84e8-39a0c3488c26: shutdown group-B2E1B86013F5
2019-07-13 12:54:35,674 INFO  util.JmxRegister (JmxRegister.java:unregister(73)) - Successfully un-registered JMX Bean with object name Ratis:service=RaftServer,group=group-B2E1B86013F5,id=03b3f447-2570-4487-84e8-39a0c3488c26
2019-07-13 12:54:35,674 INFO  impl.RoleInfo (RoleInfo.java:shutdownLeaderState(104)) - 03b3f447-2570-4487-84e8-39a0c3488c26: shutdown LeaderState
2019-07-13 12:54:35,674 INFO  impl.PendingRequests (PendingRequests.java:sendNotLeaderResponses(202)) - 03b3f447-2570-4487-84e8-39a0c3488c26-PendingRequests: sendNotLeaderResponses
2019-07-13 12:54:35,675 INFO  impl.StateMachineUpdater (StateMachineUpdater.java:stopAndJoin(115)) - StateMachineUpdater:03b3f447-2570-4487-84e8-39a0c3488c26:group-B2E1B86013F5: set stopIndex = 0
2019-07-13 12:54:35,675 INFO  ratis.ContainerStateMachine (ContainerStateMachine.java:takeSnapshot(246)) - Taking snapshot at termIndex:(t:0, i:~)
2019-07-13 12:54:35,675 INFO  impl.RaftServerImpl (ServerState.java:close(394)) - 03b3f447-2570-4487-84e8-39a0c3488c26:group-B2E1B86013F5 closes. The last applied log index is 0
2019-07-13 12:54:35,676 INFO  segmented.SegmentedRaftLogWorker (SegmentedRaftLogWorker.java:run(313)) - 03b3f447-2570-4487-84e8-39a0c3488c26-SegmentedRaftLogWorker:Storage Directory /tmp/workdir/hadoop-ozone/integration-test/target/test-dir/MiniOzoneClusterImpl-1ec98762-6291-4205-8799-3ebd7a8a236f/datanode-2/data/ratis/dc846eb1-85c7-4180-881e-b2e1b86013f5 was interrupted, exiting. There are 0 tasks remaining in the queue.
2019-07-13 12:54:35,678 INFO  segmented.SegmentedRaftLogWorker (SegmentedRaftLogWorker.java:close(228)) - 03b3f447-2570-4487-84e8-39a0c3488c26-SegmentedRaftLogWorker:Storage Directory /tmp/workdir/hadoop-ozone/integration-test/target/test-dir/MiniOzoneClusterImpl-1ec98762-6291-4205-8799-3ebd7a8a236f/datanode-2/data/ratis/dc846eb1-85c7-4180-881e-b2e1b86013f5 close()
2019-07-13 12:54:35,679 INFO  ozoneimpl.OzoneContainer (OzoneContainer.java:stop(199)) - Attempting to stop container services.
2019-07-13 12:54:35,682 INFO  impl.RaftServerImpl (RaftServerImpl.java:lambda$shutdown$3(245)) - 03b3f447-2570-4487-84e8-39a0c3488c26: shutdown group-C69C33DDA5B3
2019-07-13 12:54:35,683 INFO  impl.RaftServerProxy (RaftServerProxy.java:lambda$close$4(314)) - 08f11e74-c0bf-4f58-94b8-d53b9cd4baa8: close
2019-07-13 12:54:35,683 INFO  util.JmxRegister (JmxRegister.java:unregister(73)) - Successfully un-registered JMX Bean with object name Ratis:service=RaftServer,group=group-C69C33DDA5B3,id=03b3f447-2570-4487-84e8-39a0c3488c26
2019-07-13 12:54:35,683 INFO  impl.RaftServerImpl (RaftServerImpl.java:lambda$shutdown$3(245)) - 08f11e74-c0bf-4f58-94b8-d53b9cd4baa8: shutdown group-22F1DD669492
2019-07-13 12:54:35,683 INFO  impl.RoleInfo (RoleInfo.java:shutdownLeaderState(104)) - 03b3f447-2570-4487-84e8-39a0c3488c26: shutdown LeaderState
2019-07-13 12:54:35,684 INFO  util.JmxRegister (JmxRegister.java:unregister(73)) - Successfully un-registered JMX Bean with object name Ratis:service=RaftServer,group=group-22F1DD669492,id=08f11e74-c0bf-4f58-94b8-d53b9cd4baa8
2019-07-13 12:54:35,688 WARN  server.GrpcLogAppender (GrpcLogAppender.java:mayWait(143)) - GrpcLogAppender(03b3f447-2570-4487-84e8-39a0c3488c26->ba122834-ef25-4536-baf6-e65f1e66574a): Wait interrupted by java.lang.InterruptedException
2019-07-13 12:54:35,688 WARN  server.GrpcLogAppender (GrpcLogAppender.java:mayWait(143)) - GrpcLogAppender(03b3f447-2570-4487-84e8-39a0c3488c26->66d441ba-17eb-48b5-9e0d-25fe771f2ae4): Wait interrupted by java.lang.InterruptedException
2019-07-13 12:54:35,688 INFO  impl.PendingRequests (PendingRequests.java:sendNotLeaderResponses(202)) - 03b3f447-2570-4487-84e8-39a0c3488c26-PendingRequests: sendNotLeaderResponses
2019-07-13 12:54:35,688 INFO  impl.RoleInfo (RoleInfo.java:shutdownLeaderState(104)) - 08f11e74-c0bf-4f58-94b8-d53b9cd4baa8: shutdown LeaderState
2019-07-13 12:54:35,694 INFO  server.GrpcServerProtocolService (GrpcServerProtocolService.java:onCompleted(104)) - ba122834-ef25-4536-baf6-e65f1e66574a: appendEntries completed
2019-07-13 12:54:35,699 INFO  impl.PendingRequests (PendingRequests.java:sendNotLeaderResponses(202)) - 08f11e74-c0bf-4f58-94b8-d53b9cd4baa8-PendingRequests: sendNotLeaderResponses
2019-07-13 12:54:35,699 INFO  impl.StateMachineUpdater (StateMachineUpdater.java:stopAndJoin(115)) - StateMachineUpdater:03b3f447-2570-4487-84e8-39a0c3488c26:group-C69C33DDA5B3: set stopIndex = 4
2019-07-13 12:54:35,700 INFO  ratis.ContainerStateMachine (ContainerStateMachine.java:takeSnapshot(246)) - Taking snapshot at termIndex:(t:0, i:~)
2019-07-13 12:54:35,700 INFO  impl.StateMachineUpdater (StateMachineUpdater.java:stopAndJoin(115)) - StateMachineUpdater:08f11e74-c0bf-4f58-94b8-d53b9cd4baa8:group-22F1DD669492: set stopIndex = 0
2019-07-13 12:54:35,700 INFO  ratis.ContainerStateMachine (ContainerStateMachine.java:takeSnapshot(246)) - Taking snapshot at termIndex:(t:1, i:4)
2019-07-13 12:54:35,709 INFO  impl.RaftServerImpl (ServerState.java:close(394)) - 08f11e74-c0bf-4f58-94b8-d53b9cd4baa8:group-22F1DD669492 closes. The last applied log index is 0
2019-07-13 12:54:35,709 INFO  ratis.ContainerStateMachine (ContainerStateMachine.java:takeSnapshot(250)) - Taking a snapshot to file /tmp/workdir/hadoop-ozone/integration-test/target/test-dir/MiniOzoneClusterImpl-1ec98762-6291-4205-8799-3ebd7a8a236f/datanode-2/data/ratis/ba185006-d8b3-4d3f-a7ba-c69c33dda5b3/sm/snapshot.1_4
2019-07-13 12:54:35,710 INFO  server.GrpcLogAppender (GrpcLogAppender.java:onCompleted(292)) - 03b3f447-2570-4487-84e8-39a0c3488c26->ba122834-ef25-4536-baf6-e65f1e66574a: follower responses appendEntries COMPLETED
2019-07-13 12:54:35,710 INFO  segmented.SegmentedRaftLogWorker (SegmentedRaftLogWorker.java:run(313)) - 08f11e74-c0bf-4f58-94b8-d53b9cd4baa8-SegmentedRaftLogWorker:Storage Directory /tmp/workdir/hadoop-ozone/integration-test/target/test-dir/MiniOzoneClusterImpl-1ec98762-6291-4205-8799-3ebd7a8a236f/datanode-3/data/ratis/b666bdb2-63a9-42f1-a9d6-22f1dd669492 was interrupted, exiting. There are 0 tasks remaining in the queue.
2019-07-13 12:54:35,714 INFO  impl.StateMachineUpdater (StateMachineUpdater.java:takeSnapshot(242)) - StateMachineUpdater:03b3f447-2570-4487-84e8-39a0c3488c26:group-C69C33DDA5B3: Took a snapshot at index 4
2019-07-13 12:54:35,714 INFO  segmented.SegmentedRaftLogWorker (SegmentedRaftLogWorker.java:close(228)) - 08f11e74-c0bf-4f58-94b8-d53b9cd4baa8-SegmentedRaftLogWorker:Storage Directory /tmp/workdir/hadoop-ozone/integration-test/target/test-dir/MiniOzoneClusterImpl-1ec98762-6291-4205-8799-3ebd7a8a236f/datanode-3/data/ratis/b666bdb2-63a9-42f1-a9d6-22f1dd669492 close()
2019-07-13 12:54:35,714 INFO  impl.StateMachineUpdater (StateMachineUpdater.java:lambda$new$0(80)) - StateMachineUpdater:03b3f447-2570-4487-84e8-39a0c3488c26:group-C69C33DDA5B3: snapshotIndex: updateIncreasingly -1 -> 4
2019-07-13 12:54:35,714 INFO  impl.FollowerInfo (FollowerInfo.java:lambda$new$0(50)) - 03b3f447-2570-4487-84e8-39a0c3488c26->ba122834-ef25-4536-baf6-e65f1e66574a: nextIndex: updateUnconditionally 5 -> 4
2019-07-13 12:54:35,718 INFO  server.GrpcService (GrpcService.java:closeImpl(155)) - 08f11e74-c0bf-4f58-94b8-d53b9cd4baa8: shutdown server with port 36376 now
2019-07-13 12:54:35,718 INFO  impl.RaftServerImpl (ServerState.java:close(394)) - 03b3f447-2570-4487-84e8-39a0c3488c26:group-C69C33DDA5B3 closes. The last applied log index is 4
2019-07-13 12:54:35,721 INFO  server.GrpcService (GrpcService.java:closeImpl(163)) - 08f11e74-c0bf-4f58-94b8-d53b9cd4baa8: shutdown server with port 36376 successfully
2019-07-13 12:54:35,721 INFO  segmented.SegmentedRaftLogWorker (SegmentedRaftLogWorker.java:run(313)) - 03b3f447-2570-4487-84e8-39a0c3488c26-SegmentedRaftLogWorker:Storage Directory /tmp/workdir/hadoop-ozone/integration-test/target/test-dir/MiniOzoneClusterImpl-1ec98762-6291-4205-8799-3ebd7a8a236f/datanode-2/data/ratis/ba185006-d8b3-4d3f-a7ba-c69c33dda5b3 was interrupted, exiting. There are 0 tasks remaining in the queue.
2019-07-13 12:54:35,724 INFO  segmented.SegmentedRaftLogWorker (SegmentedRaftLogWorker.java:close(228)) - 03b3f447-2570-4487-84e8-39a0c3488c26-SegmentedRaftLogWorker:Storage Directory /tmp/workdir/hadoop-ozone/integration-test/target/test-dir/MiniOzoneClusterImpl-1ec98762-6291-4205-8799-3ebd7a8a236f/datanode-2/data/ratis/ba185006-d8b3-4d3f-a7ba-c69c33dda5b3 close()
2019-07-13 12:54:35,732 INFO  server.GrpcService (GrpcService.java:closeImpl(155)) - 03b3f447-2570-4487-84e8-39a0c3488c26: shutdown server with port 43687 now
2019-07-13 12:54:35,733 INFO  utils.BackgroundService (BackgroundService.java:shutdown(148)) - Shutting down service BlockDeletingService
2019-07-13 12:54:35,734 INFO  server.GrpcService (GrpcService.java:closeImpl(163)) - 03b3f447-2570-4487-84e8-39a0c3488c26: shutdown server with port 43687 successfully
2019-07-13 12:54:35,738 WARN  fs.CachingGetSpaceUsed (CachingGetSpaceUsed.java:run(183)) - Thread Interrupted waiting to refresh disk information: sleep interrupted
2019-07-13 12:54:35,740 INFO  utils.BackgroundService (BackgroundService.java:shutdown(148)) - Shutting down service BlockDeletingService
2019-07-13 12:54:35,751 WARN  fs.CachingGetSpaceUsed (CachingGetSpaceUsed.java:run(183)) - Thread Interrupted waiting to refresh disk information: sleep interrupted
2019-07-13 12:54:35,767 INFO  statemachine.DatanodeStateMachine (DatanodeStateMachine.java:stopDaemon(395)) - Ozone container server stopped.
2019-07-13 12:54:35,772 INFO  statemachine.DatanodeStateMachine (DatanodeStateMachine.java:stopDaemon(395)) - Ozone container server stopped.
2019-07-13 12:54:35,795 INFO  handler.ContextHandler (ContextHandler.java:doStop(910)) - Stopped o.e.j.w.WebAppContext@7197b07f{/,null,UNAVAILABLE}{/hddsDatanode}
2019-07-13 12:54:35,795 INFO  handler.ContextHandler (ContextHandler.java:doStop(910)) - Stopped o.e.j.w.WebAppContext@6a2d867d{/,null,UNAVAILABLE}{/hddsDatanode}
2019-07-13 12:54:35,796 INFO  server.AbstractConnector (AbstractConnector.java:doStop(318)) - Stopped ServerConnector@1f10fec6{HTTP/1.1,[http/1.1]}{0.0.0.0:0}
2019-07-13 12:54:35,796 INFO  server.AbstractConnector (AbstractConnector.java:doStop(318)) - Stopped ServerConnector@73bb1337{HTTP/1.1,[http/1.1]}{0.0.0.0:0}
2019-07-13 12:54:35,797 INFO  handler.ContextHandler (ContextHandler.java:doStop(910)) - Stopped o.e.j.s.ServletContextHandler@62ade015{/static,jar:file:/home/user/.m2/repository/org/apache/hadoop/hadoop-hdds-container-service/0.5.0-SNAPSHOT/hadoop-hdds-container-service-0.5.0-SNAPSHOT.jar!/webapps/static,UNAVAILABLE}
2019-07-13 12:54:35,798 INFO  handler.ContextHandler (ContextHandler.java:doStop(910)) - Stopped o.e.j.s.ServletContextHandler@cc9ef8d{/static,jar:file:/home/user/.m2/repository/org/apache/hadoop/hadoop-hdds-container-service/0.5.0-SNAPSHOT/hadoop-hdds-container-service-0.5.0-SNAPSHOT.jar!/webapps/static,UNAVAILABLE}
2019-07-13 12:54:35,799 INFO  handler.ContextHandler (ContextHandler.java:doStop(910)) - Stopped o.e.j.s.ServletContextHandler@631c6d11{/logs,file:///tmp/workdir/hadoop-ozone/integration-test/target/log,UNAVAILABLE}
2019-07-13 12:54:35,800 INFO  handler.ContextHandler (ContextHandler.java:doStop(910)) - Stopped o.e.j.s.ServletContextHandler@1e30db85{/logs,file:///tmp/workdir/hadoop-ozone/integration-test/target/log,UNAVAILABLE}
2019-07-13 12:54:35,803 INFO  datanode.ObjectStoreHandler (ObjectStoreHandler.java:close(155)) - Closing ObjectStoreHandler.
2019-07-13 12:54:35,803 INFO  datanode.ObjectStoreHandler (ObjectStoreHandler.java:close(155)) - Closing ObjectStoreHandler.
2019-07-13 12:54:35,804 INFO  ozone.HddsDatanodeService (HddsDatanodeService.java:stop(452)) - Stopped plug-in org.apache.hadoop.ozone.web.OzoneHddsDatanodeService@28e7bb31
2019-07-13 12:54:35,804 INFO  ozone.HddsDatanodeService (HddsDatanodeService.java:stop(452)) - Stopped plug-in org.apache.hadoop.ozone.web.OzoneHddsDatanodeService@b4732dc
2019-07-13 12:54:36,344 INFO  statemachine.DatanodeStateMachine (DatanodeStateMachine.java:lambda$startDaemon$0(350)) - Ozone container server started.
2019-07-13 12:54:36,650 INFO  statemachine.DatanodeStateMachine (DatanodeStateMachine.java:lambda$startDaemon$0(350)) - Ozone container server started.
2019-07-13 12:54:36,771 WARN  server.GrpcLogAppender (LogUtils.java:warn(134)) - 8400e1d4-a14b-415b-a388-5524dc356515->cb4c3959-5da2-4137-815d-e3d67775a032: Failed appendEntries: org.apache.ratis.thirdparty.io.grpc.StatusRuntimeException: UNAVAILABLE: io exception
2019-07-13 12:54:36,773 INFO  impl.FollowerInfo (FollowerInfo.java:lambda$new$0(50)) - 8400e1d4-a14b-415b-a388-5524dc356515->cb4c3959-5da2-4137-815d-e3d67775a032: nextIndex: updateUnconditionally 0 -> 0
2019-07-13 12:54:39,273 WARN  server.GrpcLogAppender (LogUtils.java:warn(134)) - 8400e1d4-a14b-415b-a388-5524dc356515->cb4c3959-5da2-4137-815d-e3d67775a032: Failed appendEntries: org.apache.ratis.thirdparty.io.grpc.StatusRuntimeException: UNAVAILABLE: io exception
2019-07-13 12:54:39,276 INFO  impl.FollowerInfo (FollowerInfo.java:lambda$new$0(50)) - 8400e1d4-a14b-415b-a388-5524dc356515->cb4c3959-5da2-4137-815d-e3d67775a032: nextIndex: updateUnconditionally 0 -> 0
2019-07-13 12:54:40,805 INFO  ozoneimpl.OzoneContainer (OzoneContainer.java:stop(199)) - Attempting to stop container services.
2019-07-13 12:54:40,805 INFO  ozoneimpl.OzoneContainer (OzoneContainer.java:stop(199)) - Attempting to stop container services.
2019-07-13 12:54:40,806 INFO  impl.RaftServerProxy (RaftServerProxy.java:lambda$close$4(314)) - 55ca4f00-69a2-485e-ada4-ad251175ae1e: close
2019-07-13 12:54:40,806 INFO  impl.RaftServerProxy (RaftServerProxy.java:lambda$close$4(314)) - ba122834-ef25-4536-baf6-e65f1e66574a: close
2019-07-13 12:54:40,806 INFO  impl.RaftServerImpl (RaftServerImpl.java:lambda$shutdown$3(245)) - 55ca4f00-69a2-485e-ada4-ad251175ae1e: shutdown group-6E276082BE87
2019-07-13 12:54:40,807 INFO  impl.RaftServerImpl (RaftServerImpl.java:lambda$shutdown$3(245)) - ba122834-ef25-4536-baf6-e65f1e66574a: shutdown group-9911808AA5B8
2019-07-13 12:54:40,807 INFO  util.JmxRegister (JmxRegister.java:unregister(73)) - Successfully un-registered JMX Bean with object name Ratis:service=RaftServer,group=group-6E276082BE87,id=55ca4f00-69a2-485e-ada4-ad251175ae1e
2019-07-13 12:54:40,808 INFO  impl.RoleInfo (RoleInfo.java:shutdownFollowerState(121)) - 55ca4f00-69a2-485e-ada4-ad251175ae1e: shutdown FollowerState
2019-07-13 12:54:40,807 INFO  util.JmxRegister (JmxRegister.java:unregister(73)) - Successfully un-registered JMX Bean with object name Ratis:service=RaftServer,group=group-9911808AA5B8,id=ba122834-ef25-4536-baf6-e65f1e66574a
2019-07-13 12:54:40,808 INFO  impl.FollowerState (FollowerState.java:run(114)) - 55ca4f00-69a2-485e-ada4-ad251175ae1e: FollowerState was interrupted: java.lang.InterruptedException: sleep interrupted
2019-07-13 12:54:40,808 INFO  ratis.ContainerStateMachine (ContainerStateMachine.java:takeSnapshot(246)) - Taking snapshot at termIndex:(t:0, i:~)
2019-07-13 12:54:40,808 INFO  impl.StateMachineUpdater (StateMachineUpdater.java:stopAndJoin(115)) - StateMachineUpdater:55ca4f00-69a2-485e-ada4-ad251175ae1e:group-6E276082BE87: set stopIndex = 0
2019-07-13 12:54:40,811 INFO  impl.RaftServerImpl (ServerState.java:close(394)) - 55ca4f00-69a2-485e-ada4-ad251175ae1e:group-6E276082BE87 closes. The last applied log index is 0
2019-07-13 12:54:40,809 INFO  impl.RoleInfo (RoleInfo.java:shutdownLeaderState(104)) - ba122834-ef25-4536-baf6-e65f1e66574a: shutdown LeaderState
2019-07-13 12:54:40,812 INFO  segmented.SegmentedRaftLogWorker (SegmentedRaftLogWorker.java:run(313)) - 55ca4f00-69a2-485e-ada4-ad251175ae1e-SegmentedRaftLogWorker:Storage Directory /tmp/workdir/hadoop-ozone/integration-test/target/test-dir/MiniOzoneClusterImpl-1ec98762-6291-4205-8799-3ebd7a8a236f/datanode-6/data/ratis/3b730f16-9e38-4e7d-afd2-6e276082be87 was interrupted, exiting. There are 0 tasks remaining in the queue.
2019-07-13 12:54:40,812 INFO  impl.PendingRequests (PendingRequests.java:sendNotLeaderResponses(202)) - ba122834-ef25-4536-baf6-e65f1e66574a-PendingRequests: sendNotLeaderResponses
2019-07-13 12:54:40,812 INFO  segmented.SegmentedRaftLogWorker (SegmentedRaftLogWorker.java:close(228)) - 55ca4f00-69a2-485e-ada4-ad251175ae1e-SegmentedRaftLogWorker:Storage Directory /tmp/workdir/hadoop-ozone/integration-test/target/test-dir/MiniOzoneClusterImpl-1ec98762-6291-4205-8799-3ebd7a8a236f/datanode-6/data/ratis/3b730f16-9e38-4e7d-afd2-6e276082be87 close()
2019-07-13 12:54:40,813 INFO  ratis.ContainerStateMachine (ContainerStateMachine.java:takeSnapshot(246)) - Taking snapshot at termIndex:(t:0, i:~)
2019-07-13 12:54:40,813 INFO  impl.StateMachineUpdater (StateMachineUpdater.java:stopAndJoin(115)) - StateMachineUpdater:ba122834-ef25-4536-baf6-e65f1e66574a:group-9911808AA5B8: set stopIndex = 0
2019-07-13 12:54:40,815 INFO  impl.RaftServerImpl (RaftServerImpl.java:lambda$shutdown$3(245)) - 55ca4f00-69a2-485e-ada4-ad251175ae1e: shutdown group-013883A034E2
2019-07-13 12:54:40,815 INFO  impl.RaftServerImpl (ServerState.java:close(394)) - ba122834-ef25-4536-baf6-e65f1e66574a:group-9911808AA5B8 closes. The last applied log index is 0
2019-07-13 12:54:40,815 INFO  util.JmxRegister (JmxRegister.java:unregister(73)) - Successfully un-registered JMX Bean with object name Ratis:service=RaftServer,group=group-013883A034E2,id=55ca4f00-69a2-485e-ada4-ad251175ae1e
2019-07-13 12:54:40,816 INFO  segmented.SegmentedRaftLogWorker (SegmentedRaftLogWorker.java:run(313)) - ba122834-ef25-4536-baf6-e65f1e66574a-SegmentedRaftLogWorker:Storage Directory /tmp/workdir/hadoop-ozone/integration-test/target/test-dir/MiniOzoneClusterImpl-1ec98762-6291-4205-8799-3ebd7a8a236f/datanode-0/data/ratis/1e83b1b5-39c1-4598-91ec-9911808aa5b8 was interrupted, exiting. There are 0 tasks remaining in the queue.
2019-07-13 12:54:40,816 INFO  impl.RoleInfo (RoleInfo.java:shutdownLeaderState(104)) - 55ca4f00-69a2-485e-ada4-ad251175ae1e: shutdown LeaderState
2019-07-13 12:54:40,816 INFO  segmented.SegmentedRaftLogWorker (SegmentedRaftLogWorker.java:close(228)) - ba122834-ef25-4536-baf6-e65f1e66574a-SegmentedRaftLogWorker:Storage Directory /tmp/workdir/hadoop-ozone/integration-test/target/test-dir/MiniOzoneClusterImpl-1ec98762-6291-4205-8799-3ebd7a8a236f/datanode-0/data/ratis/1e83b1b5-39c1-4598-91ec-9911808aa5b8 close()
2019-07-13 12:54:40,817 INFO  impl.PendingRequests (PendingRequests.java:sendNotLeaderResponses(202)) - 55ca4f00-69a2-485e-ada4-ad251175ae1e-PendingRequests: sendNotLeaderResponses
2019-07-13 12:54:40,818 INFO  impl.RaftServerImpl (RaftServerImpl.java:lambda$shutdown$3(245)) - ba122834-ef25-4536-baf6-e65f1e66574a: shutdown group-C69C33DDA5B3
2019-07-13 12:54:40,819 INFO  ratis.ContainerStateMachine (ContainerStateMachine.java:takeSnapshot(246)) - Taking snapshot at termIndex:(t:0, i:~)
2019-07-13 12:54:40,819 INFO  impl.StateMachineUpdater (StateMachineUpdater.java:stopAndJoin(115)) - StateMachineUpdater:55ca4f00-69a2-485e-ada4-ad251175ae1e:group-013883A034E2: set stopIndex = 0
2019-07-13 12:54:40,819 INFO  util.JmxRegister (JmxRegister.java:unregister(73)) - Successfully un-registered JMX Bean with object name Ratis:service=RaftServer,group=group-C69C33DDA5B3,id=ba122834-ef25-4536-baf6-e65f1e66574a
2019-07-13 12:54:40,819 INFO  impl.RaftServerImpl (ServerState.java:close(394)) - 55ca4f00-69a2-485e-ada4-ad251175ae1e:group-013883A034E2 closes. The last applied log index is 0
2019-07-13 12:54:40,820 INFO  impl.RoleInfo (RoleInfo.java:shutdownFollowerState(121)) - ba122834-ef25-4536-baf6-e65f1e66574a: shutdown FollowerState
2019-07-13 12:54:40,820 INFO  segmented.SegmentedRaftLogWorker (SegmentedRaftLogWorker.java:run(313)) - 55ca4f00-69a2-485e-ada4-ad251175ae1e-SegmentedRaftLogWorker:Storage Directory /tmp/workdir/hadoop-ozone/integration-test/target/test-dir/MiniOzoneClusterImpl-1ec98762-6291-4205-8799-3ebd7a8a236f/datanode-6/data/ratis/87929678-f008-468a-8977-013883a034e2 was interrupted, exiting. There are 0 tasks remaining in the queue.
2019-07-13 12:54:40,821 INFO  ratis.ContainerStateMachine (ContainerStateMachine.java:takeSnapshot(246)) - Taking snapshot at termIndex:(t:1, i:3)
2019-07-13 12:54:40,820 INFO  impl.StateMachineUpdater (StateMachineUpdater.java:stopAndJoin(115)) - StateMachineUpdater:ba122834-ef25-4536-baf6-e65f1e66574a:group-C69C33DDA5B3: set stopIndex = 4
2019-07-13 12:54:40,821 INFO  ratis.ContainerStateMachine (ContainerStateMachine.java:takeSnapshot(250)) - Taking a snapshot to file /tmp/workdir/hadoop-ozone/integration-test/target/test-dir/MiniOzoneClusterImpl-1ec98762-6291-4205-8799-3ebd7a8a236f/datanode-0/data/ratis/ba185006-d8b3-4d3f-a7ba-c69c33dda5b3/sm/snapshot.1_3
2019-07-13 12:54:40,821 INFO  segmented.SegmentedRaftLogWorker (SegmentedRaftLogWorker.java:close(228)) - 55ca4f00-69a2-485e-ada4-ad251175ae1e-SegmentedRaftLogWorker:Storage Directory /tmp/workdir/hadoop-ozone/integration-test/target/test-dir/MiniOzoneClusterImpl-1ec98762-6291-4205-8799-3ebd7a8a236f/datanode-6/data/ratis/87929678-f008-468a-8977-013883a034e2 close()
2019-07-13 12:54:40,821 INFO  impl.FollowerState (FollowerState.java:run(114)) - ba122834-ef25-4536-baf6-e65f1e66574a: FollowerState was interrupted: java.lang.InterruptedException: sleep interrupted
2019-07-13 12:54:40,822 INFO  impl.StateMachineUpdater (StateMachineUpdater.java:takeSnapshot(242)) - StateMachineUpdater:ba122834-ef25-4536-baf6-e65f1e66574a:group-C69C33DDA5B3: Took a snapshot at index 3
2019-07-13 12:54:40,823 INFO  server.GrpcService (GrpcService.java:closeImpl(155)) - 55ca4f00-69a2-485e-ada4-ad251175ae1e: shutdown server with port 45025 now
2019-07-13 12:54:40,824 INFO  impl.StateMachineUpdater (StateMachineUpdater.java:lambda$new$0(80)) - StateMachineUpdater:ba122834-ef25-4536-baf6-e65f1e66574a:group-C69C33DDA5B3: snapshotIndex: updateIncreasingly -1 -> 3
2019-07-13 12:54:40,832 INFO  impl.RaftServerImpl (ServerState.java:close(394)) - ba122834-ef25-4536-baf6-e65f1e66574a:group-C69C33DDA5B3 closes. The last applied log index is 4
2019-07-13 12:54:40,832 WARN  server.GrpcServerProtocolService (LogUtils.java:warn(134)) - 55ca4f00-69a2-485e-ada4-ad251175ae1e: appendEntries onError: org.apache.ratis.thirdparty.io.grpc.StatusRuntimeException: CANCELLED: cancelled before receiving half close
2019-07-13 12:54:40,832 INFO  server.GrpcService (GrpcService.java:closeImpl(163)) - 55ca4f00-69a2-485e-ada4-ad251175ae1e: shutdown server with port 45025 successfully
2019-07-13 12:54:40,832 INFO  segmented.SegmentedRaftLogWorker (SegmentedRaftLogWorker.java:run(313)) - ba122834-ef25-4536-baf6-e65f1e66574a-SegmentedRaftLogWorker:Storage Directory /tmp/workdir/hadoop-ozone/integration-test/target/test-dir/MiniOzoneClusterImpl-1ec98762-6291-4205-8799-3ebd7a8a236f/datanode-0/data/ratis/ba185006-d8b3-4d3f-a7ba-c69c33dda5b3 was interrupted, exiting. There are 0 tasks remaining in the queue.
2019-07-13 12:54:40,833 WARN  server.GrpcLogAppender (LogUtils.java:warn(134)) - 8400e1d4-a14b-415b-a388-5524dc356515->55ca4f00-69a2-485e-ada4-ad251175ae1e: Failed appendEntries: org.apache.ratis.thirdparty.io.grpc.StatusRuntimeException: CANCELLED: HTTP/2 error code: CANCEL
Received Rst Stream
2019-07-13 12:54:40,833 INFO  segmented.SegmentedRaftLogWorker (SegmentedRaftLogWorker.java:close(228)) - ba122834-ef25-4536-baf6-e65f1e66574a-SegmentedRaftLogWorker:Storage Directory /tmp/workdir/hadoop-ozone/integration-test/target/test-dir/MiniOzoneClusterImpl-1ec98762-6291-4205-8799-3ebd7a8a236f/datanode-0/data/ratis/ba185006-d8b3-4d3f-a7ba-c69c33dda5b3 close()
2019-07-13 12:54:40,834 INFO  impl.FollowerInfo (FollowerInfo.java:lambda$new$0(50)) - 8400e1d4-a14b-415b-a388-5524dc356515->55ca4f00-69a2-485e-ada4-ad251175ae1e: nextIndex: updateUnconditionally 1 -> 0
2019-07-13 12:54:40,836 INFO  server.GrpcService (GrpcService.java:closeImpl(155)) - ba122834-ef25-4536-baf6-e65f1e66574a: shutdown server with port 46003 now
2019-07-13 12:54:40,836 INFO  utils.BackgroundService (BackgroundService.java:shutdown(148)) - Shutting down service BlockDeletingService
2019-07-13 12:54:40,836 INFO  server.GrpcService (GrpcService.java:closeImpl(163)) - ba122834-ef25-4536-baf6-e65f1e66574a: shutdown server with port 46003 successfully
2019-07-13 12:54:40,839 WARN  fs.CachingGetSpaceUsed (CachingGetSpaceUsed.java:run(183)) - Thread Interrupted waiting to refresh disk information: sleep interrupted
2019-07-13 12:54:40,859 INFO  statemachine.DatanodeStateMachine (DatanodeStateMachine.java:stopDaemon(395)) - Ozone container server stopped.
2019-07-13 12:54:40,861 INFO  utils.BackgroundService (BackgroundService.java:shutdown(148)) - Shutting down service BlockDeletingService
2019-07-13 12:54:40,865 WARN  fs.CachingGetSpaceUsed (CachingGetSpaceUsed.java:run(183)) - Thread Interrupted waiting to refresh disk information: sleep interrupted
2019-07-13 12:54:40,873 INFO  handler.ContextHandler (ContextHandler.java:doStop(910)) - Stopped o.e.j.w.WebAppContext@418f0534{/,null,UNAVAILABLE}{/hddsDatanode}
2019-07-13 12:54:40,874 INFO  server.AbstractConnector (AbstractConnector.java:doStop(318)) - Stopped ServerConnector@3dfd7eaa{HTTP/1.1,[http/1.1]}{0.0.0.0:0}
2019-07-13 12:54:40,874 INFO  handler.ContextHandler (ContextHandler.java:doStop(910)) - Stopped o.e.j.s.ServletContextHandler@782fd504{/static,jar:file:/home/user/.m2/repository/org/apache/hadoop/hadoop-hdds-container-service/0.5.0-SNAPSHOT/hadoop-hdds-container-service-0.5.0-SNAPSHOT.jar!/webapps/static,UNAVAILABLE}
2019-07-13 12:54:40,875 INFO  handler.ContextHandler (ContextHandler.java:doStop(910)) - Stopped o.e.j.s.ServletContextHandler@6568f998{/logs,file:///tmp/workdir/hadoop-ozone/integration-test/target/log,UNAVAILABLE}
2019-07-13 12:54:40,878 INFO  datanode.ObjectStoreHandler (ObjectStoreHandler.java:close(155)) - Closing ObjectStoreHandler.
2019-07-13 12:54:40,878 INFO  ozone.HddsDatanodeService (HddsDatanodeService.java:stop(452)) - Stopped plug-in org.apache.hadoop.ozone.web.OzoneHddsDatanodeService@16f15ae9
2019-07-13 12:54:40,883 INFO  statemachine.DatanodeStateMachine (DatanodeStateMachine.java:stopDaemon(395)) - Ozone container server stopped.
2019-07-13 12:54:40,887 INFO  handler.ContextHandler (ContextHandler.java:doStop(910)) - Stopped o.e.j.w.WebAppContext@37e0292a{/,null,UNAVAILABLE}{/hddsDatanode}
2019-07-13 12:54:40,887 INFO  server.AbstractConnector (AbstractConnector.java:doStop(318)) - Stopped ServerConnector@4af70944{HTTP/1.1,[http/1.1]}{0.0.0.0:0}
2019-07-13 12:54:40,888 INFO  handler.ContextHandler (ContextHandler.java:doStop(910)) - Stopped o.e.j.s.ServletContextHandler@7915bca3{/static,jar:file:/home/user/.m2/repository/org/apache/hadoop/hadoop-hdds-container-service/0.5.0-SNAPSHOT/hadoop-hdds-container-service-0.5.0-SNAPSHOT.jar!/webapps/static,UNAVAILABLE}
2019-07-13 12:54:40,889 INFO  handler.ContextHandler (ContextHandler.java:doStop(910)) - Stopped o.e.j.s.ServletContextHandler@36cc9385{/logs,file:///tmp/workdir/hadoop-ozone/integration-test/target/log,UNAVAILABLE}
2019-07-13 12:54:41,284 INFO  statemachine.DatanodeStateMachine (DatanodeStateMachine.java:lambda$startDaemon$0(350)) - Ozone container server started.
2019-07-13 12:54:41,775 WARN  server.GrpcLogAppender (LogUtils.java:warn(134)) - 8400e1d4-a14b-415b-a388-5524dc356515->cb4c3959-5da2-4137-815d-e3d67775a032: Failed appendEntries: org.apache.ratis.thirdparty.io.grpc.StatusRuntimeException: UNAVAILABLE: io exception
2019-07-13 12:54:41,777 INFO  impl.FollowerInfo (FollowerInfo.java:lambda$new$0(50)) - 8400e1d4-a14b-415b-a388-5524dc356515->cb4c3959-5da2-4137-815d-e3d67775a032: nextIndex: updateUnconditionally 0 -> 0
2019-07-13 12:54:41,785 WARN  server.GrpcLogAppender (LogUtils.java:warn(134)) - 8400e1d4-a14b-415b-a388-5524dc356515->55ca4f00-69a2-485e-ada4-ad251175ae1e: Failed appendEntries: org.apache.ratis.thirdparty.io.grpc.StatusRuntimeException: UNAVAILABLE: io exception
2019-07-13 12:54:41,786 INFO  impl.FollowerInfo (FollowerInfo.java:lambda$new$0(50)) - 8400e1d4-a14b-415b-a388-5524dc356515->55ca4f00-69a2-485e-ada4-ad251175ae1e: nextIndex: updateUnconditionally 0 -> 0
2019-07-13 12:54:44,276 WARN  server.GrpcLogAppender (LogUtils.java:warn(134)) - 8400e1d4-a14b-415b-a388-5524dc356515->cb4c3959-5da2-4137-815d-e3d67775a032: Failed appendEntries: org.apache.ratis.thirdparty.io.grpc.StatusRuntimeException: UNAVAILABLE: io exception
2019-07-13 12:54:44,278 INFO  impl.FollowerInfo (FollowerInfo.java:lambda$new$0(50)) - 8400e1d4-a14b-415b-a388-5524dc356515->cb4c3959-5da2-4137-815d-e3d67775a032: nextIndex: updateUnconditionally 0 -> 0
2019-07-13 12:54:44,286 WARN  server.GrpcLogAppender (LogUtils.java:warn(134)) - 8400e1d4-a14b-415b-a388-5524dc356515->55ca4f00-69a2-485e-ada4-ad251175ae1e: Failed appendEntries: org.apache.ratis.thirdparty.io.grpc.StatusRuntimeException: UNAVAILABLE: io exception
2019-07-13 12:54:44,287 INFO  impl.FollowerInfo (FollowerInfo.java:lambda$new$0(50)) - 8400e1d4-a14b-415b-a388-5524dc356515->55ca4f00-69a2-485e-ada4-ad251175ae1e: nextIndex: updateUnconditionally 0 -> 0
2019-07-13 12:54:45,879 INFO  ozoneimpl.OzoneContainer (OzoneContainer.java:stop(199)) - Attempting to stop container services.
2019-07-13 12:54:45,880 INFO  impl.RaftServerProxy (RaftServerProxy.java:lambda$close$4(314)) - 8400e1d4-a14b-415b-a388-5524dc356515: close
2019-07-13 12:54:45,881 INFO  impl.RaftServerImpl (RaftServerImpl.java:lambda$shutdown$3(245)) - 8400e1d4-a14b-415b-a388-5524dc356515: shutdown group-6E276082BE87
2019-07-13 12:54:45,882 INFO  impl.RaftServerImpl (RaftServerImpl.java:lambda$shutdown$3(245)) - 8400e1d4-a14b-415b-a388-5524dc356515: shutdown group-026F4366F6F2
2019-07-13 12:54:45,882 INFO  util.JmxRegister (JmxRegister.java:unregister(73)) - Successfully un-registered JMX Bean with object name Ratis:service=RaftServer,group=group-6E276082BE87,id=8400e1d4-a14b-415b-a388-5524dc356515
2019-07-13 12:54:45,882 INFO  util.JmxRegister (JmxRegister.java:unregister(73)) - Successfully un-registered JMX Bean with object name Ratis:service=RaftServer,group=group-026F4366F6F2,id=8400e1d4-a14b-415b-a388-5524dc356515
2019-07-13 12:54:45,883 INFO  impl.RoleInfo (RoleInfo.java:shutdownLeaderState(104)) - 8400e1d4-a14b-415b-a388-5524dc356515: shutdown LeaderState
2019-07-13 12:54:45,883 INFO  impl.RoleInfo (RoleInfo.java:shutdownLeaderState(104)) - 8400e1d4-a14b-415b-a388-5524dc356515: shutdown LeaderState
2019-07-13 12:54:45,886 INFO  impl.PendingRequests (PendingRequests.java:sendNotLeaderResponses(202)) - 8400e1d4-a14b-415b-a388-5524dc356515-PendingRequests: sendNotLeaderResponses
2019-07-13 12:54:45,886 WARN  server.GrpcLogAppender (GrpcLogAppender.java:mayWait(143)) - GrpcLogAppender(8400e1d4-a14b-415b-a388-5524dc356515->cb4c3959-5da2-4137-815d-e3d67775a032): Wait interrupted by java.lang.InterruptedException
2019-07-13 12:54:45,886 WARN  server.GrpcLogAppender (GrpcLogAppender.java:mayWait(143)) - GrpcLogAppender(8400e1d4-a14b-415b-a388-5524dc356515->55ca4f00-69a2-485e-ada4-ad251175ae1e): Wait interrupted by java.lang.InterruptedException
2019-07-13 12:54:45,886 INFO  impl.PendingRequests (PendingRequests.java:sendNotLeaderResponses(202)) - 8400e1d4-a14b-415b-a388-5524dc356515-PendingRequests: sendNotLeaderResponses
2019-07-13 12:54:45,886 INFO  ratis.ContainerStateMachine (ContainerStateMachine.java:takeSnapshot(246)) - Taking snapshot at termIndex:(t:0, i:~)
2019-07-13 12:54:45,886 INFO  impl.StateMachineUpdater (StateMachineUpdater.java:stopAndJoin(115)) - StateMachineUpdater:8400e1d4-a14b-415b-a388-5524dc356515:group-6E276082BE87: set stopIndex = 0
2019-07-13 12:54:45,890 INFO  impl.RaftServerImpl (ServerState.java:close(394)) - 8400e1d4-a14b-415b-a388-5524dc356515:group-6E276082BE87 closes. The last applied log index is 0
2019-07-13 12:54:45,890 INFO  impl.StateMachineUpdater (StateMachineUpdater.java:stopAndJoin(115)) - StateMachineUpdater:8400e1d4-a14b-415b-a388-5524dc356515:group-026F4366F6F2: set stopIndex = 0
2019-07-13 12:54:45,891 INFO  segmented.SegmentedRaftLogWorker (SegmentedRaftLogWorker.java:run(313)) - 8400e1d4-a14b-415b-a388-5524dc356515-SegmentedRaftLogWorker:Storage Directory /tmp/workdir/hadoop-ozone/integration-test/target/test-dir/MiniOzoneClusterImpl-1ec98762-6291-4205-8799-3ebd7a8a236f/datanode-5/data/ratis/3b730f16-9e38-4e7d-afd2-6e276082be87 was interrupted, exiting. There are 0 tasks remaining in the queue.
2019-07-13 12:54:45,890 INFO  ratis.ContainerStateMachine (ContainerStateMachine.java:takeSnapshot(246)) - Taking snapshot at termIndex:(t:0, i:~)
2019-07-13 12:54:45,891 INFO  segmented.SegmentedRaftLogWorker (SegmentedRaftLogWorker.java:close(228)) - 8400e1d4-a14b-415b-a388-5524dc356515-SegmentedRaftLogWorker:Storage Directory /tmp/workdir/hadoop-ozone/integration-test/target/test-dir/MiniOzoneClusterImpl-1ec98762-6291-4205-8799-3ebd7a8a236f/datanode-5/data/ratis/3b730f16-9e38-4e7d-afd2-6e276082be87 close()
2019-07-13 12:54:45,892 INFO  impl.RaftServerImpl (ServerState.java:close(394)) - 8400e1d4-a14b-415b-a388-5524dc356515:group-026F4366F6F2 closes. The last applied log index is 0
2019-07-13 12:54:45,893 INFO  segmented.SegmentedRaftLogWorker (SegmentedRaftLogWorker.java:run(313)) - 8400e1d4-a14b-415b-a388-5524dc356515-SegmentedRaftLogWorker:Storage Directory /tmp/workdir/hadoop-ozone/integration-test/target/test-dir/MiniOzoneClusterImpl-1ec98762-6291-4205-8799-3ebd7a8a236f/datanode-5/data/ratis/e5cb8b47-8c00-4c93-b8a9-026f4366f6f2 was interrupted, exiting. There are 0 tasks remaining in the queue.
2019-07-13 12:54:45,895 INFO  segmented.SegmentedRaftLogWorker (SegmentedRaftLogWorker.java:close(228)) - 8400e1d4-a14b-415b-a388-5524dc356515-SegmentedRaftLogWorker:Storage Directory /tmp/workdir/hadoop-ozone/integration-test/target/test-dir/MiniOzoneClusterImpl-1ec98762-6291-4205-8799-3ebd7a8a236f/datanode-5/data/ratis/e5cb8b47-8c00-4c93-b8a9-026f4366f6f2 close()
2019-07-13 12:54:45,896 INFO  server.GrpcService (GrpcService.java:closeImpl(155)) - 8400e1d4-a14b-415b-a388-5524dc356515: shutdown server with port 38704 now
2019-07-13 12:54:45,897 INFO  server.GrpcService (GrpcService.java:closeImpl(163)) - 8400e1d4-a14b-415b-a388-5524dc356515: shutdown server with port 38704 successfully
2019-07-13 12:54:45,899 INFO  utils.BackgroundService (BackgroundService.java:shutdown(148)) - Shutting down service BlockDeletingService
2019-07-13 12:54:45,903 WARN  fs.CachingGetSpaceUsed (CachingGetSpaceUsed.java:run(183)) - Thread Interrupted waiting to refresh disk information: sleep interrupted
2019-07-13 12:54:45,921 INFO  statemachine.DatanodeStateMachine (DatanodeStateMachine.java:stopDaemon(395)) - Ozone container server stopped.
2019-07-13 12:54:45,934 INFO  handler.ContextHandler (ContextHandler.java:doStop(910)) - Stopped o.e.j.w.WebAppContext@561f9d92{/,null,UNAVAILABLE}{/hddsDatanode}
2019-07-13 12:54:45,935 INFO  server.AbstractConnector (AbstractConnector.java:doStop(318)) - Stopped ServerConnector@1c84d80a{HTTP/1.1,[http/1.1]}{0.0.0.0:0}
2019-07-13 12:54:45,935 INFO  handler.ContextHandler (ContextHandler.java:doStop(910)) - Stopped o.e.j.s.ServletContextHandler@2d4a3e13{/static,jar:file:/home/user/.m2/repository/org/apache/hadoop/hadoop-hdds-container-service/0.5.0-SNAPSHOT/hadoop-hdds-container-service-0.5.0-SNAPSHOT.jar!/webapps/static,UNAVAILABLE}
2019-07-13 12:54:45,936 INFO  handler.ContextHandler (ContextHandler.java:doStop(910)) - Stopped o.e.j.s.ServletContextHandler@6885ed19{/logs,file:///tmp/workdir/hadoop-ozone/integration-test/target/log,UNAVAILABLE}
2019-07-13 12:54:45,938 INFO  ozone.MiniOzoneClusterImpl (MiniOzoneClusterImpl.java:stop(353)) - Stopping the StorageContainerManager
2019-07-13 12:54:45,938 INFO  server.StorageContainerManager (StorageContainerManager.java:stop(796)) - Stopping Replication Manager Service.
2019-07-13 12:54:45,938 INFO  container.ReplicationManager (ReplicationManager.java:stop(187)) - Stopping Replication Monitor Thread.
2019-07-13 12:54:45,938 INFO  server.StorageContainerManager (StorageContainerManager.java:stop(803)) - Stopping Lease Manager of the command watchers
2019-07-13 12:54:45,939 INFO  server.StorageContainerManager (StorageContainerManager.java:stop(810)) - Stopping datanode service RPC server
2019-07-13 12:54:45,939 INFO  server.SCMDatanodeProtocolServer (SCMDatanodeProtocolServer.java:stop(375)) - Stopping the RPC server for DataNodes
2019-07-13 12:54:45,939 INFO  ipc.Server (Server.java:stop(3082)) - Stopping server on 43792
2019-07-13 12:54:45,942 INFO  ipc.Server (Server.java:run(1185)) - Stopping IPC Server listener on 43792
2019-07-13 12:54:45,943 INFO  ipc.Server (Server.java:run(1319)) - Stopping IPC Server Responder
2019-07-13 12:54:45,993 WARN  node.NodeStateManager (NodeStateManager.java:scheduleNextHealthCheck(631)) - Current Thread is interrupted, shutting down HB processing thread for Node Manager.
2019-07-13 12:54:45,993 INFO  server.StorageContainerManager (StorageContainerManager.java:stop(818)) - Stopping block service RPC server
2019-07-13 12:54:45,994 INFO  server.SCMBlockProtocolServer (SCMBlockProtocolServer.java:stop(148)) - Stopping the RPC server for Block Protocol
2019-07-13 12:54:45,994 INFO  ipc.Server (Server.java:stop(3082)) - Stopping server on 32884
2019-07-13 12:54:45,996 INFO  ipc.Server (Server.java:run(1185)) - Stopping IPC Server listener on 32884
2019-07-13 12:54:45,996 INFO  server.StorageContainerManager (StorageContainerManager.java:stop(825)) - Stopping the StorageContainerLocationProtocol RPC server
2019-07-13 12:54:45,998 INFO  server.SCMClientProtocolServer (SCMClientProtocolServer.java:stop(157)) - Stopping the RPC server for Client Protocol
2019-07-13 12:54:45,998 INFO  ipc.Server (Server.java:run(1319)) - Stopping IPC Server Responder
2019-07-13 12:54:45,998 INFO  ipc.Server (Server.java:stop(3082)) - Stopping server on 33879
2019-07-13 12:54:46,000 INFO  ipc.Server (Server.java:run(1185)) - Stopping IPC Server listener on 33879
2019-07-13 12:54:46,000 INFO  server.StorageContainerManager (StorageContainerManager.java:stop(832)) - Stopping Storage Container Manager HTTP server.
2019-07-13 12:54:46,001 INFO  ipc.Server (Server.java:run(1319)) - Stopping IPC Server Responder
2019-07-13 12:54:46,001 INFO  handler.ContextHandler (ContextHandler.java:doStop(910)) - Stopped o.e.j.w.WebAppContext@6fff253c{/,null,UNAVAILABLE}{/scm}
2019-07-13 12:54:46,002 INFO  server.AbstractConnector (AbstractConnector.java:doStop(318)) - Stopped ServerConnector@7c041b41{HTTP/1.1,[http/1.1]}{0.0.0.0:0}
2019-07-13 12:54:46,003 INFO  handler.ContextHandler (ContextHandler.java:doStop(910)) - Stopped o.e.j.s.ServletContextHandler@4dd02341{/static,file:///tmp/workdir/hadoop-ozone/integration-test/target/test-classes/webapps/static,UNAVAILABLE}
2019-07-13 12:54:46,003 INFO  handler.ContextHandler (ContextHandler.java:doStop(910)) - Stopped o.e.j.s.ServletContextHandler@635572a7{/logs,file:///tmp/workdir/hadoop-ozone/integration-test/target/log,UNAVAILABLE}
2019-07-13 12:54:46,005 INFO  server.StorageContainerManager (StorageContainerManager.java:stop(843)) - Stopping Block Manager Service.
2019-07-13 12:54:46,005 INFO  utils.BackgroundService (BackgroundService.java:shutdown(148)) - Shutting down service SCMBlockDeletingService
2019-07-13 12:54:46,007 INFO  utils.BackgroundService (BackgroundService.java:shutdown(148)) - Shutting down service SCMBlockDeletingService
2019-07-13 12:54:46,007 INFO  server.StorageContainerManager (StorageContainerManager.java:stop(865)) - Stopping SCM Event Queue.
2019-07-13 12:54:46,016 INFO  impl.MetricsSystemImpl (MetricsSystemImpl.java:stop(210)) - Stopping HddsDatanode metrics system...
2019-07-13 12:54:46,024 INFO  impl.MetricsSystemImpl (MetricsSystemImpl.java:stop(216)) - HddsDatanode metrics system stopped.
]]></system-out>
    <system-err><![CDATA[ERROR StatusLogger No Log4j 2 configuration file found. Using default configuration (logging only errors to the console), or user programmatically provided configurations. Set system property 'log4j2.debug' to show Log4j 2 internal initialization logging. See https://logging.apache.org/log4j/2.x/manual/configuration.html for instructions on how to configure Log4j 2
Jul 13, 2019 12:54:11 PM com.sun.jersey.server.impl.application.WebApplicationImpl _initiate
INFO: Initiating Jersey application, version 'Jersey: 1.19 02/11/2015 03:25 AM'
Jul 13, 2019 12:54:12 PM com.sun.jersey.server.impl.application.WebApplicationImpl _initiate
INFO: Initiating Jersey application, version 'Jersey: 1.19 02/11/2015 03:25 AM'
Jul 13, 2019 12:54:12 PM com.sun.jersey.server.impl.application.WebApplicationImpl _initiate
INFO: Initiating Jersey application, version 'Jersey: 1.19 02/11/2015 03:25 AM'
Jul 13, 2019 12:54:12 PM com.sun.jersey.server.impl.application.WebApplicationImpl _initiate
INFO: Initiating Jersey application, version 'Jersey: 1.19 02/11/2015 03:25 AM'
Jul 13, 2019 12:54:12 PM com.sun.jersey.server.impl.application.WebApplicationImpl _initiate
INFO: Initiating Jersey application, version 'Jersey: 1.19 02/11/2015 03:25 AM'
Jul 13, 2019 12:54:13 PM com.sun.jersey.server.impl.application.WebApplicationImpl _initiate
INFO: Initiating Jersey application, version 'Jersey: 1.19 02/11/2015 03:25 AM'
Jul 13, 2019 12:54:13 PM com.sun.jersey.server.impl.application.WebApplicationImpl _initiate
INFO: Initiating Jersey application, version 'Jersey: 1.19 02/11/2015 03:25 AM'
]]></system-err>
  </testcase>
  <testcase name="testMaxRetriesByOzoneClient" classname="org.apache.hadoop.ozone.client.rpc.TestOzoneClientRetriesOnException" time="34.586"/>
</testsuite>