<?xml version="1.0" encoding="UTF-8"?>
<testsuite xmlns:xsi="http://www.w3.org/2001/XMLSchema-instance" xsi:noNamespaceSchemaLocation="https://maven.apache.org/surefire/maven-surefire-plugin/xsd/surefire-test-report.xsd" name="org.apache.hadoop.ozone.client.rpc.TestCommitWatcher" time="49.323" tests="2" errors="0" skipped="0" failures="1">
  <properties>
    <property name="awt.toolkit" value="sun.awt.X11.XToolkit"/>
    <property name="file.encoding.pkg" value="sun.io"/>
    <property name="java.specification.version" value="1.8"/>
    <property name="sun.cpu.isalist" value=""/>
    <property name="sun.jnu.encoding" value="UTF-8"/>
    <property name="java.class.path" value="/workdir/hadoop-ozone/integration-test/target/test-classes:/workdir/hadoop-ozone/integration-test/target/classes:/home/user/.m2/repository/org/apache/hadoop/hadoop-ozone-common/0.5.0-SNAPSHOT/hadoop-ozone-common-0.5.0-SNAPSHOT.jar:/home/user/.m2/repository/org/apache/commons/commons-compress/1.4.1/commons-compress-1.4.1.jar:/home/user/.m2/repository/org/tukaani/xz/1.0/xz-1.0.jar:/home/user/.m2/repository/org/apache/hadoop/hadoop-common/3.2.0/hadoop-common-3.2.0.jar:/home/user/.m2/repository/org/apache/hadoop/hadoop-hdfs/3.2.0/hadoop-hdfs-3.2.0.jar:/home/user/.m2/repository/org/apache/hadoop/hadoop-hdfs-client/3.2.0/hadoop-hdfs-client-3.2.0.jar:/home/user/.m2/repository/com/fasterxml/jackson/core/jackson-annotations/2.9.5/jackson-annotations-2.9.5.jar:/home/user/.m2/repository/org/apache/hadoop/hadoop-hdds-common/0.5.0-SNAPSHOT/hadoop-hdds-common-0.5.0-SNAPSHOT.jar:/home/user/.m2/repository/javax/annotation/javax.annotation-api/1.2/javax.annotation-api-1.2.jar:/home/user/.m2/repository/org/apache/ratis/ratis-server/0.4.0-2337318-SNAPSHOT/ratis-server-0.4.0-2337318-SNAPSHOT.jar:/home/user/.m2/repository/org/apache/ratis/ratis-thirdparty-misc/0.2.0/ratis-thirdparty-misc-0.2.0.jar:/home/user/.m2/repository/org/apache/ratis/ratis-proto/0.4.0-2337318-SNAPSHOT/ratis-proto-0.4.0-2337318-SNAPSHOT.jar:/home/user/.m2/repository/org/apache/ratis/ratis-common/0.4.0-2337318-SNAPSHOT/ratis-common-0.4.0-2337318-SNAPSHOT.jar:/home/user/.m2/repository/org/apache/ratis/ratis-client/0.4.0-2337318-SNAPSHOT/ratis-client-0.4.0-2337318-SNAPSHOT.jar:/home/user/.m2/repository/org/apache/ratis/ratis-metrics/0.4.0-2337318-SNAPSHOT/ratis-metrics-0.4.0-2337318-SNAPSHOT.jar:/home/user/.m2/repository/org/apache/ratis/ratis-netty/0.4.0-2337318-SNAPSHOT/ratis-netty-0.4.0-2337318-SNAPSHOT.jar:/home/user/.m2/repository/org/apache/ratis/ratis-grpc/0.4.0-2337318-SNAPSHOT/ratis-grpc-0.4.0-2337318-SNAPSHOT.jar:/home/user/.m2/repository/org/rocksdb/rocksdbjni/6.0.1/rocksdbjni-6.0.1.jar:/home/user/.m2/repository/org/apache/logging/log4j/log4j-api/2.11.0/log4j-api-2.11.0.jar:/home/user/.m2/repository/org/apache/logging/log4j/log4j-core/2.11.0/log4j-core-2.11.0.jar:/home/user/.m2/repository/com/lmax/disruptor/3.4.2/disruptor-3.4.2.jar:/home/user/.m2/repository/org/apache/commons/commons-pool2/2.6.0/commons-pool2-2.6.0.jar:/home/user/.m2/repository/org/bouncycastle/bcpkix-jdk15on/1.60/bcpkix-jdk15on-1.60.jar:/home/user/.m2/repository/commons-validator/commons-validator/1.6/commons-validator-1.6.jar:/home/user/.m2/repository/commons-digester/commons-digester/1.8.1/commons-digester-1.8.1.jar:/home/user/.m2/repository/io/jaegertracing/jaeger-client/0.33.1/jaeger-client-0.33.1.jar:/home/user/.m2/repository/io/jaegertracing/jaeger-thrift/0.33.1/jaeger-thrift-0.33.1.jar:/home/user/.m2/repository/org/apache/thrift/libthrift/0.11.0/libthrift-0.11.0.jar:/home/user/.m2/repository/com/squareup/okhttp3/okhttp/3.9.0/okhttp-3.9.0.jar:/home/user/.m2/repository/com/squareup/okio/okio/1.13.0/okio-1.13.0.jar:/home/user/.m2/repository/io/jaegertracing/jaeger-core/0.33.1/jaeger-core-0.33.1.jar:/home/user/.m2/repository/io/jaegertracing/jaeger-tracerresolver/0.33.1/jaeger-tracerresolver-0.33.1.jar:/home/user/.m2/repository/io/opentracing/contrib/opentracing-tracerresolver/0.1.5/opentracing-tracerresolver-0.1.5.jar:/home/user/.m2/repository/io/opentracing/opentracing-util/0.31.0/opentracing-util-0.31.0.jar:/home/user/.m2/repository/io/opentracing/opentracing-api/0.31.0/opentracing-api-0.31.0.jar:/home/user/.m2/repository/io/opentracing/opentracing-noop/0.31.0/opentracing-noop-0.31.0.jar:/home/user/.m2/repository/org/apache/hadoop/hadoop-hdds-server-framework/0.5.0-SNAPSHOT/hadoop-hdds-server-framework-0.5.0-SNAPSHOT.jar:/home/user/.m2/repository/org/apache/hadoop/hadoop-hdds-container-service/0.5.0-SNAPSHOT/hadoop-hdds-container-service-0.5.0-SNAPSHOT.jar:/home/user/.m2/repository/org/apache/hadoop/hadoop-hdds-client/0.5.0-SNAPSHOT/hadoop-hdds-client-0.5.0-SNAPSHOT.jar:/home/user/.m2/repository/org/apache/hadoop/hadoop-hdds-tools/0.5.0-SNAPSHOT/hadoop-hdds-tools-0.5.0-SNAPSHOT.jar:/home/user/.m2/repository/org/apache/hadoop/hadoop-hdds-server-scm/0.5.0-SNAPSHOT/hadoop-hdds-server-scm-0.5.0-SNAPSHOT.jar:/home/user/.m2/repository/org/apache/hadoop/hadoop-hdds-docs/0.5.0-SNAPSHOT/hadoop-hdds-docs-0.5.0-SNAPSHOT.jar:/home/user/.m2/repository/io/dropwizard/metrics/metrics-core/3.2.4/metrics-core-3.2.4.jar:/home/user/.m2/repository/org/hamcrest/hamcrest-all/1.3/hamcrest-all-1.3.jar:/home/user/.m2/repository/org/bouncycastle/bcprov-jdk15on/1.60/bcprov-jdk15on-1.60.jar:/home/user/.m2/repository/info/picocli/picocli/3.9.6/picocli-3.9.6.jar:/home/user/.m2/repository/com/google/protobuf/protobuf-java/2.5.0/protobuf-java-2.5.0.jar:/home/user/.m2/repository/com/google/guava/guava/11.0.2/guava-11.0.2.jar:/home/user/.m2/repository/org/apache/hadoop/hadoop-ozone-ozone-manager/0.5.0-SNAPSHOT/hadoop-ozone-ozone-manager-0.5.0-SNAPSHOT.jar:/home/user/.m2/repository/org/apache/hadoop/hadoop-minikdc/3.2.0/hadoop-minikdc-3.2.0.jar:/home/user/.m2/repository/commons-io/commons-io/2.5/commons-io-2.5.jar:/home/user/.m2/repository/org/apache/kerby/kerb-simplekdc/1.0.1/kerb-simplekdc-1.0.1.jar:/home/user/.m2/repository/org/apache/kerby/kerb-client/1.0.1/kerb-client-1.0.1.jar:/home/user/.m2/repository/org/apache/kerby/kerby-config/1.0.1/kerby-config-1.0.1.jar:/home/user/.m2/repository/org/apache/kerby/kerb-core/1.0.1/kerb-core-1.0.1.jar:/home/user/.m2/repository/org/apache/kerby/kerby-pkix/1.0.1/kerby-pkix-1.0.1.jar:/home/user/.m2/repository/org/apache/kerby/kerby-asn1/1.0.1/kerby-asn1-1.0.1.jar:/home/user/.m2/repository/org/apache/kerby/kerby-util/1.0.1/kerby-util-1.0.1.jar:/home/user/.m2/repository/org/apache/kerby/kerb-common/1.0.1/kerb-common-1.0.1.jar:/home/user/.m2/repository/org/apache/kerby/kerb-crypto/1.0.1/kerb-crypto-1.0.1.jar:/home/user/.m2/repository/org/apache/kerby/kerb-util/1.0.1/kerb-util-1.0.1.jar:/home/user/.m2/repository/org/apache/kerby/token-provider/1.0.1/token-provider-1.0.1.jar:/home/user/.m2/repository/org/apache/kerby/kerb-admin/1.0.1/kerb-admin-1.0.1.jar:/home/user/.m2/repository/org/apache/kerby/kerb-server/1.0.1/kerb-server-1.0.1.jar:/home/user/.m2/repository/org/apache/kerby/kerb-identity/1.0.1/kerb-identity-1.0.1.jar:/home/user/.m2/repository/org/apache/kerby/kerby-xdr/1.0.1/kerby-xdr-1.0.1.jar:/home/user/.m2/repository/org/slf4j/slf4j-log4j12/1.7.25/slf4j-log4j12-1.7.25.jar:/home/user/.m2/repository/org/apache/hadoop/hadoop-ozone-objectstore-service/0.5.0-SNAPSHOT/hadoop-ozone-objectstore-service-0.5.0-SNAPSHOT.jar:/home/user/.m2/repository/org/apache/hadoop/hadoop-ozone-s3gateway/0.5.0-SNAPSHOT/hadoop-ozone-s3gateway-0.5.0-SNAPSHOT.jar:/home/user/.m2/repository/org/jboss/weld/servlet/weld-servlet/2.4.7.Final/weld-servlet-2.4.7.Final.jar:/home/user/.m2/repository/org/glassfish/jersey/containers/jersey-container-servlet-core/2.27/jersey-container-servlet-core-2.27.jar:/home/user/.m2/repository/org/glassfish/hk2/external/javax.inject/2.5.0-b42/javax.inject-2.5.0-b42.jar:/home/user/.m2/repository/org/glassfish/jersey/core/jersey-common/2.27/jersey-common-2.27.jar:/home/user/.m2/repository/org/glassfish/hk2/osgi-resource-locator/1.0.1/osgi-resource-locator-1.0.1.jar:/home/user/.m2/repository/javax/ws/rs/javax.ws.rs-api/2.1/javax.ws.rs-api-2.1.jar:/home/user/.m2/repository/org/glassfish/jersey/ext/cdi/jersey-cdi1x/2.27/jersey-cdi1x-2.27.jar:/home/user/.m2/repository/org/glassfish/jersey/inject/jersey-hk2/2.27/jersey-hk2-2.27.jar:/home/user/.m2/repository/org/glassfish/hk2/hk2-locator/2.5.0-b42/hk2-locator-2.5.0-b42.jar:/home/user/.m2/repository/org/javassist/javassist/3.22.0-CR2/javassist-3.22.0-CR2.jar:/home/user/.m2/repository/org/glassfish/hk2/hk2-api/2.5.0/hk2-api-2.5.0.jar:/home/user/.m2/repository/org/glassfish/hk2/external/jakarta.inject/2.5.0/jakarta.inject-2.5.0.jar:/home/user/.m2/repository/org/glassfish/hk2/hk2-utils/2.5.0/hk2-utils-2.5.0.jar:/home/user/.m2/repository/jakarta/annotation/jakarta.annotation-api/1.3.4/jakarta.annotation-api-1.3.4.jar:/home/user/.m2/repository/org/glassfish/hk2/external/aopalliance-repackaged/2.5.0/aopalliance-repackaged-2.5.0.jar:/home/user/.m2/repository/com/fasterxml/jackson/dataformat/jackson-dataformat-xml/2.9.0/jackson-dataformat-xml-2.9.0.jar:/home/user/.m2/repository/com/fasterxml/jackson/core/jackson-core/2.9.5/jackson-core-2.9.5.jar:/home/user/.m2/repository/com/fasterxml/jackson/module/jackson-module-jaxb-annotations/2.9.5/jackson-module-jaxb-annotations-2.9.5.jar:/home/user/.m2/repository/javax/enterprise/cdi-api/1.2/cdi-api-1.2.jar:/home/user/.m2/repository/javax/el/javax.el-api/3.0.0/javax.el-api-3.0.0.jar:/home/user/.m2/repository/javax/interceptor/javax.interceptor-api/1.2/javax.interceptor-api-1.2.jar:/home/user/.m2/repository/javax/inject/javax.inject/1/javax.inject-1.jar:/home/user/.m2/repository/com/sun/xml/bind/jaxb-impl/2.3.0.1/jaxb-impl-2.3.0.1.jar:/home/user/.m2/repository/com/sun/xml/bind/jaxb-core/2.3.0.1/jaxb-core-2.3.0.1.jar:/home/user/.m2/repository/javax/xml/bind/jaxb-api/2.3.0/jaxb-api-2.3.0.jar:/home/user/.m2/repository/javax/activation/activation/1.1.1/activation-1.1.1.jar:/home/user/.m2/repository/org/apache/hadoop/hadoop-ozone-csi/0.5.0-SNAPSHOT/hadoop-ozone-csi-0.5.0-SNAPSHOT.jar:/home/user/.m2/repository/com/google/protobuf/protobuf-java-util/3.5.1/protobuf-java-util-3.5.1.jar:/home/user/.m2/repository/org/apache/hadoop/hadoop-hdds-config/0.5.0-SNAPSHOT/hadoop-hdds-config-0.5.0-SNAPSHOT.jar:/home/user/.m2/repository/io/grpc/grpc-netty/1.17.1/grpc-netty-1.17.1.jar:/home/user/.m2/repository/io/grpc/grpc-core/1.17.1/grpc-core-1.17.1.jar:/home/user/.m2/repository/io/grpc/grpc-context/1.17.1/grpc-context-1.17.1.jar:/home/user/.m2/repository/com/google/errorprone/error_prone_annotations/2.2.0/error_prone_annotations-2.2.0.jar:/home/user/.m2/repository/org/codehaus/mojo/animal-sniffer-annotations/1.17/animal-sniffer-annotations-1.17.jar:/home/user/.m2/repository/io/opencensus/opencensus-api/0.17.0/opencensus-api-0.17.0.jar:/home/user/.m2/repository/io/opencensus/opencensus-contrib-grpc-metrics/0.17.0/opencensus-contrib-grpc-metrics-0.17.0.jar:/home/user/.m2/repository/io/netty/netty-codec-http2/4.1.30.Final/netty-codec-http2-4.1.30.Final.jar:/home/user/.m2/repository/io/netty/netty-codec-http/4.1.30.Final/netty-codec-http-4.1.30.Final.jar:/home/user/.m2/repository/io/netty/netty-codec/4.1.30.Final/netty-codec-4.1.30.Final.jar:/home/user/.m2/repository/io/netty/netty-handler/4.1.30.Final/netty-handler-4.1.30.Final.jar:/home/user/.m2/repository/io/netty/netty-handler-proxy/4.1.30.Final/netty-handler-proxy-4.1.30.Final.jar:/home/user/.m2/repository/io/netty/netty-codec-socks/4.1.30.Final/netty-codec-socks-4.1.30.Final.jar:/home/user/.m2/repository/io/netty/netty-transport-native-epoll/4.1.30.Final/netty-transport-native-epoll-4.1.30.Final.jar:/home/user/.m2/repository/io/netty/netty-common/4.1.30.Final/netty-common-4.1.30.Final.jar:/home/user/.m2/repository/io/netty/netty-buffer/4.1.30.Final/netty-buffer-4.1.30.Final.jar:/home/user/.m2/repository/io/netty/netty-transport/4.1.30.Final/netty-transport-4.1.30.Final.jar:/home/user/.m2/repository/io/netty/netty-resolver/4.1.30.Final/netty-resolver-4.1.30.Final.jar:/home/user/.m2/repository/io/netty/netty-transport-native-unix-common/4.1.30.Final/netty-transport-native-unix-common-4.1.30.Final.jar:/home/user/.m2/repository/io/grpc/grpc-protobuf/1.17.1/grpc-protobuf-1.17.1.jar:/home/user/.m2/repository/com/google/api/grpc/proto-google-common-protos/1.0.0/proto-google-common-protos-1.0.0.jar:/home/user/.m2/repository/io/grpc/grpc-protobuf-lite/1.17.1/grpc-protobuf-lite-1.17.1.jar:/home/user/.m2/repository/io/grpc/grpc-stub/1.17.1/grpc-stub-1.17.1.jar:/home/user/.m2/repository/org/apache/hadoop/hadoop-ozone-recon/0.5.0-SNAPSHOT/hadoop-ozone-recon-0.5.0-SNAPSHOT.jar:/home/user/.m2/repository/org/apache/hadoop/hadoop-ozone-reconcodegen/0.5.0-SNAPSHOT/hadoop-ozone-reconcodegen-0.5.0-SNAPSHOT.jar:/home/user/.m2/repository/com/google/inject/extensions/guice-multibindings/4.0/guice-multibindings-4.0.jar:/home/user/.m2/repository/com/google/inject/guice/4.0/guice-4.0.jar:/home/user/.m2/repository/aopalliance/aopalliance/1.0/aopalliance-1.0.jar:/home/user/.m2/repository/com/google/inject/extensions/guice-servlet/4.0/guice-servlet-4.0.jar:/home/user/.m2/repository/org/glassfish/jersey/containers/jersey-container-servlet/2.27/jersey-container-servlet-2.27.jar:/home/user/.m2/repository/org/glassfish/hk2/guice-bridge/2.5.0/guice-bridge-2.5.0.jar:/home/user/.m2/repository/org/glassfish/jersey/core/jersey-server/2.27/jersey-server-2.27.jar:/home/user/.m2/repository/org/glassfish/jersey/core/jersey-client/2.27/jersey-client-2.27.jar:/home/user/.m2/repository/org/glassfish/jersey/media/jersey-media-jaxb/2.27/jersey-media-jaxb-2.27.jar:/home/user/.m2/repository/javax/validation/validation-api/1.1.0.Final/validation-api-1.1.0.Final.jar:/home/user/.m2/repository/org/glassfish/jersey/media/jersey-media-json-jackson/2.27/jersey-media-json-jackson-2.27.jar:/home/user/.m2/repository/org/glassfish/jersey/ext/jersey-entity-filtering/2.27/jersey-entity-filtering-2.27.jar:/home/user/.m2/repository/com/google/inject/extensions/guice-assistedinject/4.0/guice-assistedinject-4.0.jar:/home/user/.m2/repository/org/jooq/jooq/3.11.10/jooq-3.11.10.jar:/home/user/.m2/repository/org/jooq/jooq-meta/3.11.10/jooq-meta-3.11.10.jar:/home/user/.m2/repository/org/jooq/jooq-codegen/3.11.10/jooq-codegen-3.11.10.jar:/home/user/.m2/repository/com/jolbox/bonecp/0.8.0.RELEASE/bonecp-0.8.0.RELEASE.jar:/home/user/.m2/repository/org/xerial/sqlite-jdbc/3.25.2/sqlite-jdbc-3.25.2.jar:/home/user/.m2/repository/org/springframework/spring-jdbc/5.1.3.RELEASE/spring-jdbc-5.1.3.RELEASE.jar:/home/user/.m2/repository/org/springframework/spring-beans/5.1.3.RELEASE/spring-beans-5.1.3.RELEASE.jar:/home/user/.m2/repository/org/springframework/spring-core/5.1.3.RELEASE/spring-core-5.1.3.RELEASE.jar:/home/user/.m2/repository/org/springframework/spring-jcl/5.1.3.RELEASE/spring-jcl-5.1.3.RELEASE.jar:/home/user/.m2/repository/org/springframework/spring-tx/5.1.3.RELEASE/spring-tx-5.1.3.RELEASE.jar:/home/user/.m2/repository/org/apache/hadoop/hadoop-ozone-client/0.5.0-SNAPSHOT/hadoop-ozone-client-0.5.0-SNAPSHOT.jar:/home/user/.m2/repository/commons-lang/commons-lang/2.6/commons-lang-2.6.jar:/home/user/.m2/repository/org/apache/hadoop/hadoop-ozone-ozone-manager/0.5.0-SNAPSHOT/hadoop-ozone-ozone-manager-0.5.0-SNAPSHOT-tests.jar:/home/user/.m2/repository/junit/junit/4.11/junit-4.11.jar:/home/user/.m2/repository/org/hamcrest/hamcrest-core/1.3/hamcrest-core-1.3.jar:/home/user/.m2/repository/org/openjdk/jmh/jmh-core/1.19/jmh-core-1.19.jar:/home/user/.m2/repository/net/sf/jopt-simple/jopt-simple/4.6/jopt-simple-4.6.jar:/home/user/.m2/repository/org/apache/commons/commons-math3/3.1.1/commons-math3-3.1.1.jar:/home/user/.m2/repository/org/openjdk/jmh/jmh-generator-annprocess/1.19/jmh-generator-annprocess-1.19.jar:/home/user/.m2/repository/org/mockito/mockito-all/1.8.5/mockito-all-1.8.5.jar:/home/user/.m2/repository/org/apache/hadoop/hadoop-kms/3.2.0/hadoop-kms-3.2.0.jar:/home/user/.m2/repository/org/apache/hadoop/hadoop-auth/3.2.0/hadoop-auth-3.2.0.jar:/home/user/.m2/repository/com/nimbusds/nimbus-jose-jwt/4.41.1/nimbus-jose-jwt-4.41.1.jar:/home/user/.m2/repository/com/github/stephenc/jcip/jcip-annotations/1.0-1/jcip-annotations-1.0-1.jar:/home/user/.m2/repository/net/minidev/json-smart/2.3/json-smart-2.3.jar:/home/user/.m2/repository/net/minidev/accessors-smart/1.2/accessors-smart-1.2.jar:/home/user/.m2/repository/org/ow2/asm/asm/5.0.4/asm-5.0.4.jar:/home/user/.m2/repository/org/apache/curator/curator-framework/2.12.0/curator-framework-2.12.0.jar:/home/user/.m2/repository/com/sun/jersey/jersey-core/1.19/jersey-core-1.19.jar:/home/user/.m2/repository/javax/ws/rs/jsr311-api/1.1.1/jsr311-api-1.1.1.jar:/home/user/.m2/repository/com/sun/jersey/jersey-server/1.19/jersey-server-1.19.jar:/home/user/.m2/repository/javax/servlet/javax.servlet-api/3.1.0/javax.servlet-api-3.1.0.jar:/home/user/.m2/repository/org/eclipse/jetty/jetty-server/9.3.24.v20180605/jetty-server-9.3.24.v20180605.jar:/home/user/.m2/repository/org/eclipse/jetty/jetty-http/9.3.24.v20180605/jetty-http-9.3.24.v20180605.jar:/home/user/.m2/repository/org/eclipse/jetty/jetty-io/9.3.24.v20180605/jetty-io-9.3.24.v20180605.jar:/home/user/.m2/repository/org/eclipse/jetty/jetty-webapp/9.3.24.v20180605/jetty-webapp-9.3.24.v20180605.jar:/home/user/.m2/repository/org/eclipse/jetty/jetty-xml/9.3.24.v20180605/jetty-xml-9.3.24.v20180605.jar:/home/user/.m2/repository/log4j/log4j/1.2.17/log4j-1.2.17.jar:/home/user/.m2/repository/org/slf4j/slf4j-api/1.7.25/slf4j-api-1.7.25.jar:/home/user/.m2/repository/org/slf4j/jul-to-slf4j/1.7.25/jul-to-slf4j-1.7.25.jar:/home/user/.m2/repository/org/eclipse/jetty/jetty-util/9.3.24.v20180605/jetty-util-9.3.24.v20180605.jar:/home/user/.m2/repository/com/fasterxml/jackson/core/jackson-databind/2.9.5/jackson-databind-2.9.5.jar:/home/user/.m2/repository/org/apache/hadoop/hadoop-kms/3.2.0/hadoop-kms-3.2.0-tests.jar:/home/user/.m2/repository/org/apache/hadoop/hadoop-hdds-server-scm/0.5.0-SNAPSHOT/hadoop-hdds-server-scm-0.5.0-SNAPSHOT-tests.jar:/home/user/.m2/repository/org/apache/hadoop/hadoop-hdds-container-service/0.5.0-SNAPSHOT/hadoop-hdds-container-service-0.5.0-SNAPSHOT-tests.jar:/home/user/.m2/repository/org/yaml/snakeyaml/1.16/snakeyaml-1.16.jar:/home/user/.m2/repository/org/apache/hadoop/hadoop-common/3.2.0/hadoop-common-3.2.0-tests.jar:/home/user/.m2/repository/org/apache/hadoop/hadoop-annotations/3.2.0/hadoop-annotations-3.2.0.jar:/usr/lib/jvm/java-1.8-openjdk/jre/../lib/tools.jar:/home/user/.m2/repository/commons-cli/commons-cli/1.2/commons-cli-1.2.jar:/home/user/.m2/repository/org/apache/httpcomponents/httpclient/4.5.2/httpclient-4.5.2.jar:/home/user/.m2/repository/org/apache/httpcomponents/httpcore/4.4.4/httpcore-4.4.4.jar:/home/user/.m2/repository/commons-codec/commons-codec/1.11/commons-codec-1.11.jar:/home/user/.m2/repository/commons-net/commons-net/3.6/commons-net-3.6.jar:/home/user/.m2/repository/commons-collections/commons-collections/3.2.2/commons-collections-3.2.2.jar:/home/user/.m2/repository/org/eclipse/jetty/jetty-servlet/9.3.24.v20180605/jetty-servlet-9.3.24.v20180605.jar:/home/user/.m2/repository/org/eclipse/jetty/jetty-security/9.3.24.v20180605/jetty-security-9.3.24.v20180605.jar:/home/user/.m2/repository/javax/servlet/jsp/jsp-api/2.1/jsp-api-2.1.jar:/home/user/.m2/repository/com/sun/jersey/jersey-servlet/1.19/jersey-servlet-1.19.jar:/home/user/.m2/repository/com/sun/jersey/jersey-json/1.19/jersey-json-1.19.jar:/home/user/.m2/repository/org/codehaus/jettison/jettison/1.1/jettison-1.1.jar:/home/user/.m2/repository/org/codehaus/jackson/jackson-core-asl/1.9.13/jackson-core-asl-1.9.13.jar:/home/user/.m2/repository/org/codehaus/jackson/jackson-mapper-asl/1.9.13/jackson-mapper-asl-1.9.13.jar:/home/user/.m2/repository/org/codehaus/jackson/jackson-jaxrs/1.9.13/jackson-jaxrs-1.9.13.jar:/home/user/.m2/repository/org/codehaus/jackson/jackson-xc/1.9.13/jackson-xc-1.9.13.jar:/home/user/.m2/repository/commons-logging/commons-logging/1.1.3/commons-logging-1.1.3.jar:/home/user/.m2/repository/commons-beanutils/commons-beanutils/1.9.3/commons-beanutils-1.9.3.jar:/home/user/.m2/repository/org/apache/commons/commons-configuration2/2.1.1/commons-configuration2-2.1.1.jar:/home/user/.m2/repository/org/apache/commons/commons-lang3/3.7/commons-lang3-3.7.jar:/home/user/.m2/repository/org/apache/commons/commons-text/1.4/commons-text-1.4.jar:/home/user/.m2/repository/org/apache/avro/avro/1.7.7/avro-1.7.7.jar:/home/user/.m2/repository/com/thoughtworks/paranamer/paranamer/2.3/paranamer-2.3.jar:/home/user/.m2/repository/org/xerial/snappy/snappy-java/1.0.5/snappy-java-1.0.5.jar:/home/user/.m2/repository/com/google/re2j/re2j/1.1/re2j-1.1.jar:/home/user/.m2/repository/com/google/code/gson/gson/2.2.4/gson-2.2.4.jar:/home/user/.m2/repository/com/jcraft/jsch/0.1.54/jsch-0.1.54.jar:/home/user/.m2/repository/org/apache/curator/curator-client/2.12.0/curator-client-2.12.0.jar:/home/user/.m2/repository/org/apache/curator/curator-recipes/2.12.0/curator-recipes-2.12.0.jar:/home/user/.m2/repository/com/google/code/findbugs/jsr305/3.0.0/jsr305-3.0.0.jar:/home/user/.m2/repository/org/apache/htrace/htrace-core4/4.1.0-incubating/htrace-core4-4.1.0-incubating.jar:/home/user/.m2/repository/org/apache/zookeeper/zookeeper/3.4.13/zookeeper-3.4.13.jar:/home/user/.m2/repository/org/apache/yetus/audience-annotations/0.5.0/audience-annotations-0.5.0.jar:/home/user/.m2/repository/org/codehaus/woodstox/stax2-api/3.1.4/stax2-api-3.1.4.jar:/home/user/.m2/repository/com/fasterxml/woodstox/woodstox-core/5.0.3/woodstox-core-5.0.3.jar:/home/user/.m2/repository/dnsjava/dnsjava/2.1.7/dnsjava-2.1.7.jar:/home/user/.m2/repository/org/apache/hadoop/hadoop-hdfs/3.2.0/hadoop-hdfs-3.2.0-tests.jar:/home/user/.m2/repository/org/eclipse/jetty/jetty-util-ajax/9.3.24.v20180605/jetty-util-ajax-9.3.24.v20180605.jar:/home/user/.m2/repository/commons-daemon/commons-daemon/1.0.13/commons-daemon-1.0.13.jar:/home/user/.m2/repository/io/netty/netty/3.10.5.Final/netty-3.10.5.Final.jar:/home/user/.m2/repository/io/netty/netty-all/4.0.52.Final/netty-all-4.0.52.Final.jar:/home/user/.m2/repository/org/fusesource/leveldbjni/leveldbjni-all/1.8/leveldbjni-all-1.8.jar:"/>
    <property name="java.vm.vendor" value="IcedTea"/>
    <property name="sun.arch.data.model" value="64"/>
    <property name="test.build.dir" value="/workdir/hadoop-ozone/integration-test/target/test-dir"/>
    <property name="test.cache.data" value=""/>
    <property name="java.vendor.url" value="https://icedtea.classpath.org"/>
    <property name="user.timezone" value=""/>
    <property name="java.vm.specification.version" value="1.8"/>
    <property name="os.name" value="Linux"/>
    <property name="test.build.data" value="/workdir/hadoop-ozone/integration-test/target/test-dir"/>
    <property name="user.country" value="US"/>
    <property name="sun.java.launcher" value="SUN_STANDARD"/>
    <property name="sun.boot.library.path" value="/usr/lib/jvm/java-1.8-openjdk/jre/lib/amd64"/>
    <property name="sun.java.command" value="/workdir/hadoop-ozone/integration-test/target/surefire/surefirebooter5585964323928409828.jar /workdir/hadoop-ozone/integration-test/target/surefire 2019-08-27T20-00-37_917-jvmRun1 surefire2783597630395964570tmp surefire_317104204459853591920tmp"/>
    <property name="test" value="!TestMiniChaosOzoneCluster"/>
    <property name="surefire.test.class.path" value="/workdir/hadoop-ozone/integration-test/target/test-classes:/workdir/hadoop-ozone/integration-test/target/classes:/home/user/.m2/repository/org/apache/hadoop/hadoop-ozone-common/0.5.0-SNAPSHOT/hadoop-ozone-common-0.5.0-SNAPSHOT.jar:/home/user/.m2/repository/org/apache/commons/commons-compress/1.4.1/commons-compress-1.4.1.jar:/home/user/.m2/repository/org/tukaani/xz/1.0/xz-1.0.jar:/home/user/.m2/repository/org/apache/hadoop/hadoop-common/3.2.0/hadoop-common-3.2.0.jar:/home/user/.m2/repository/org/apache/hadoop/hadoop-hdfs/3.2.0/hadoop-hdfs-3.2.0.jar:/home/user/.m2/repository/org/apache/hadoop/hadoop-hdfs-client/3.2.0/hadoop-hdfs-client-3.2.0.jar:/home/user/.m2/repository/com/fasterxml/jackson/core/jackson-annotations/2.9.5/jackson-annotations-2.9.5.jar:/home/user/.m2/repository/org/apache/hadoop/hadoop-hdds-common/0.5.0-SNAPSHOT/hadoop-hdds-common-0.5.0-SNAPSHOT.jar:/home/user/.m2/repository/javax/annotation/javax.annotation-api/1.2/javax.annotation-api-1.2.jar:/home/user/.m2/repository/org/apache/ratis/ratis-server/0.4.0-2337318-SNAPSHOT/ratis-server-0.4.0-2337318-SNAPSHOT.jar:/home/user/.m2/repository/org/apache/ratis/ratis-thirdparty-misc/0.2.0/ratis-thirdparty-misc-0.2.0.jar:/home/user/.m2/repository/org/apache/ratis/ratis-proto/0.4.0-2337318-SNAPSHOT/ratis-proto-0.4.0-2337318-SNAPSHOT.jar:/home/user/.m2/repository/org/apache/ratis/ratis-common/0.4.0-2337318-SNAPSHOT/ratis-common-0.4.0-2337318-SNAPSHOT.jar:/home/user/.m2/repository/org/apache/ratis/ratis-client/0.4.0-2337318-SNAPSHOT/ratis-client-0.4.0-2337318-SNAPSHOT.jar:/home/user/.m2/repository/org/apache/ratis/ratis-metrics/0.4.0-2337318-SNAPSHOT/ratis-metrics-0.4.0-2337318-SNAPSHOT.jar:/home/user/.m2/repository/org/apache/ratis/ratis-netty/0.4.0-2337318-SNAPSHOT/ratis-netty-0.4.0-2337318-SNAPSHOT.jar:/home/user/.m2/repository/org/apache/ratis/ratis-grpc/0.4.0-2337318-SNAPSHOT/ratis-grpc-0.4.0-2337318-SNAPSHOT.jar:/home/user/.m2/repository/org/rocksdb/rocksdbjni/6.0.1/rocksdbjni-6.0.1.jar:/home/user/.m2/repository/org/apache/logging/log4j/log4j-api/2.11.0/log4j-api-2.11.0.jar:/home/user/.m2/repository/org/apache/logging/log4j/log4j-core/2.11.0/log4j-core-2.11.0.jar:/home/user/.m2/repository/com/lmax/disruptor/3.4.2/disruptor-3.4.2.jar:/home/user/.m2/repository/org/apache/commons/commons-pool2/2.6.0/commons-pool2-2.6.0.jar:/home/user/.m2/repository/org/bouncycastle/bcpkix-jdk15on/1.60/bcpkix-jdk15on-1.60.jar:/home/user/.m2/repository/commons-validator/commons-validator/1.6/commons-validator-1.6.jar:/home/user/.m2/repository/commons-digester/commons-digester/1.8.1/commons-digester-1.8.1.jar:/home/user/.m2/repository/io/jaegertracing/jaeger-client/0.33.1/jaeger-client-0.33.1.jar:/home/user/.m2/repository/io/jaegertracing/jaeger-thrift/0.33.1/jaeger-thrift-0.33.1.jar:/home/user/.m2/repository/org/apache/thrift/libthrift/0.11.0/libthrift-0.11.0.jar:/home/user/.m2/repository/com/squareup/okhttp3/okhttp/3.9.0/okhttp-3.9.0.jar:/home/user/.m2/repository/com/squareup/okio/okio/1.13.0/okio-1.13.0.jar:/home/user/.m2/repository/io/jaegertracing/jaeger-core/0.33.1/jaeger-core-0.33.1.jar:/home/user/.m2/repository/io/jaegertracing/jaeger-tracerresolver/0.33.1/jaeger-tracerresolver-0.33.1.jar:/home/user/.m2/repository/io/opentracing/contrib/opentracing-tracerresolver/0.1.5/opentracing-tracerresolver-0.1.5.jar:/home/user/.m2/repository/io/opentracing/opentracing-util/0.31.0/opentracing-util-0.31.0.jar:/home/user/.m2/repository/io/opentracing/opentracing-api/0.31.0/opentracing-api-0.31.0.jar:/home/user/.m2/repository/io/opentracing/opentracing-noop/0.31.0/opentracing-noop-0.31.0.jar:/home/user/.m2/repository/org/apache/hadoop/hadoop-hdds-server-framework/0.5.0-SNAPSHOT/hadoop-hdds-server-framework-0.5.0-SNAPSHOT.jar:/home/user/.m2/repository/org/apache/hadoop/hadoop-hdds-container-service/0.5.0-SNAPSHOT/hadoop-hdds-container-service-0.5.0-SNAPSHOT.jar:/home/user/.m2/repository/org/apache/hadoop/hadoop-hdds-client/0.5.0-SNAPSHOT/hadoop-hdds-client-0.5.0-SNAPSHOT.jar:/home/user/.m2/repository/org/apache/hadoop/hadoop-hdds-tools/0.5.0-SNAPSHOT/hadoop-hdds-tools-0.5.0-SNAPSHOT.jar:/home/user/.m2/repository/org/apache/hadoop/hadoop-hdds-server-scm/0.5.0-SNAPSHOT/hadoop-hdds-server-scm-0.5.0-SNAPSHOT.jar:/home/user/.m2/repository/org/apache/hadoop/hadoop-hdds-docs/0.5.0-SNAPSHOT/hadoop-hdds-docs-0.5.0-SNAPSHOT.jar:/home/user/.m2/repository/io/dropwizard/metrics/metrics-core/3.2.4/metrics-core-3.2.4.jar:/home/user/.m2/repository/org/hamcrest/hamcrest-all/1.3/hamcrest-all-1.3.jar:/home/user/.m2/repository/org/bouncycastle/bcprov-jdk15on/1.60/bcprov-jdk15on-1.60.jar:/home/user/.m2/repository/info/picocli/picocli/3.9.6/picocli-3.9.6.jar:/home/user/.m2/repository/com/google/protobuf/protobuf-java/2.5.0/protobuf-java-2.5.0.jar:/home/user/.m2/repository/com/google/guava/guava/11.0.2/guava-11.0.2.jar:/home/user/.m2/repository/org/apache/hadoop/hadoop-ozone-ozone-manager/0.5.0-SNAPSHOT/hadoop-ozone-ozone-manager-0.5.0-SNAPSHOT.jar:/home/user/.m2/repository/org/apache/hadoop/hadoop-minikdc/3.2.0/hadoop-minikdc-3.2.0.jar:/home/user/.m2/repository/commons-io/commons-io/2.5/commons-io-2.5.jar:/home/user/.m2/repository/org/apache/kerby/kerb-simplekdc/1.0.1/kerb-simplekdc-1.0.1.jar:/home/user/.m2/repository/org/apache/kerby/kerb-client/1.0.1/kerb-client-1.0.1.jar:/home/user/.m2/repository/org/apache/kerby/kerby-config/1.0.1/kerby-config-1.0.1.jar:/home/user/.m2/repository/org/apache/kerby/kerb-core/1.0.1/kerb-core-1.0.1.jar:/home/user/.m2/repository/org/apache/kerby/kerby-pkix/1.0.1/kerby-pkix-1.0.1.jar:/home/user/.m2/repository/org/apache/kerby/kerby-asn1/1.0.1/kerby-asn1-1.0.1.jar:/home/user/.m2/repository/org/apache/kerby/kerby-util/1.0.1/kerby-util-1.0.1.jar:/home/user/.m2/repository/org/apache/kerby/kerb-common/1.0.1/kerb-common-1.0.1.jar:/home/user/.m2/repository/org/apache/kerby/kerb-crypto/1.0.1/kerb-crypto-1.0.1.jar:/home/user/.m2/repository/org/apache/kerby/kerb-util/1.0.1/kerb-util-1.0.1.jar:/home/user/.m2/repository/org/apache/kerby/token-provider/1.0.1/token-provider-1.0.1.jar:/home/user/.m2/repository/org/apache/kerby/kerb-admin/1.0.1/kerb-admin-1.0.1.jar:/home/user/.m2/repository/org/apache/kerby/kerb-server/1.0.1/kerb-server-1.0.1.jar:/home/user/.m2/repository/org/apache/kerby/kerb-identity/1.0.1/kerb-identity-1.0.1.jar:/home/user/.m2/repository/org/apache/kerby/kerby-xdr/1.0.1/kerby-xdr-1.0.1.jar:/home/user/.m2/repository/org/slf4j/slf4j-log4j12/1.7.25/slf4j-log4j12-1.7.25.jar:/home/user/.m2/repository/org/apache/hadoop/hadoop-ozone-objectstore-service/0.5.0-SNAPSHOT/hadoop-ozone-objectstore-service-0.5.0-SNAPSHOT.jar:/home/user/.m2/repository/org/apache/hadoop/hadoop-ozone-s3gateway/0.5.0-SNAPSHOT/hadoop-ozone-s3gateway-0.5.0-SNAPSHOT.jar:/home/user/.m2/repository/org/jboss/weld/servlet/weld-servlet/2.4.7.Final/weld-servlet-2.4.7.Final.jar:/home/user/.m2/repository/org/glassfish/jersey/containers/jersey-container-servlet-core/2.27/jersey-container-servlet-core-2.27.jar:/home/user/.m2/repository/org/glassfish/hk2/external/javax.inject/2.5.0-b42/javax.inject-2.5.0-b42.jar:/home/user/.m2/repository/org/glassfish/jersey/core/jersey-common/2.27/jersey-common-2.27.jar:/home/user/.m2/repository/org/glassfish/hk2/osgi-resource-locator/1.0.1/osgi-resource-locator-1.0.1.jar:/home/user/.m2/repository/javax/ws/rs/javax.ws.rs-api/2.1/javax.ws.rs-api-2.1.jar:/home/user/.m2/repository/org/glassfish/jersey/ext/cdi/jersey-cdi1x/2.27/jersey-cdi1x-2.27.jar:/home/user/.m2/repository/org/glassfish/jersey/inject/jersey-hk2/2.27/jersey-hk2-2.27.jar:/home/user/.m2/repository/org/glassfish/hk2/hk2-locator/2.5.0-b42/hk2-locator-2.5.0-b42.jar:/home/user/.m2/repository/org/javassist/javassist/3.22.0-CR2/javassist-3.22.0-CR2.jar:/home/user/.m2/repository/org/glassfish/hk2/hk2-api/2.5.0/hk2-api-2.5.0.jar:/home/user/.m2/repository/org/glassfish/hk2/external/jakarta.inject/2.5.0/jakarta.inject-2.5.0.jar:/home/user/.m2/repository/org/glassfish/hk2/hk2-utils/2.5.0/hk2-utils-2.5.0.jar:/home/user/.m2/repository/jakarta/annotation/jakarta.annotation-api/1.3.4/jakarta.annotation-api-1.3.4.jar:/home/user/.m2/repository/org/glassfish/hk2/external/aopalliance-repackaged/2.5.0/aopalliance-repackaged-2.5.0.jar:/home/user/.m2/repository/com/fasterxml/jackson/dataformat/jackson-dataformat-xml/2.9.0/jackson-dataformat-xml-2.9.0.jar:/home/user/.m2/repository/com/fasterxml/jackson/core/jackson-core/2.9.5/jackson-core-2.9.5.jar:/home/user/.m2/repository/com/fasterxml/jackson/module/jackson-module-jaxb-annotations/2.9.5/jackson-module-jaxb-annotations-2.9.5.jar:/home/user/.m2/repository/javax/enterprise/cdi-api/1.2/cdi-api-1.2.jar:/home/user/.m2/repository/javax/el/javax.el-api/3.0.0/javax.el-api-3.0.0.jar:/home/user/.m2/repository/javax/interceptor/javax.interceptor-api/1.2/javax.interceptor-api-1.2.jar:/home/user/.m2/repository/javax/inject/javax.inject/1/javax.inject-1.jar:/home/user/.m2/repository/com/sun/xml/bind/jaxb-impl/2.3.0.1/jaxb-impl-2.3.0.1.jar:/home/user/.m2/repository/com/sun/xml/bind/jaxb-core/2.3.0.1/jaxb-core-2.3.0.1.jar:/home/user/.m2/repository/javax/xml/bind/jaxb-api/2.3.0/jaxb-api-2.3.0.jar:/home/user/.m2/repository/javax/activation/activation/1.1.1/activation-1.1.1.jar:/home/user/.m2/repository/org/apache/hadoop/hadoop-ozone-csi/0.5.0-SNAPSHOT/hadoop-ozone-csi-0.5.0-SNAPSHOT.jar:/home/user/.m2/repository/com/google/protobuf/protobuf-java-util/3.5.1/protobuf-java-util-3.5.1.jar:/home/user/.m2/repository/org/apache/hadoop/hadoop-hdds-config/0.5.0-SNAPSHOT/hadoop-hdds-config-0.5.0-SNAPSHOT.jar:/home/user/.m2/repository/io/grpc/grpc-netty/1.17.1/grpc-netty-1.17.1.jar:/home/user/.m2/repository/io/grpc/grpc-core/1.17.1/grpc-core-1.17.1.jar:/home/user/.m2/repository/io/grpc/grpc-context/1.17.1/grpc-context-1.17.1.jar:/home/user/.m2/repository/com/google/errorprone/error_prone_annotations/2.2.0/error_prone_annotations-2.2.0.jar:/home/user/.m2/repository/org/codehaus/mojo/animal-sniffer-annotations/1.17/animal-sniffer-annotations-1.17.jar:/home/user/.m2/repository/io/opencensus/opencensus-api/0.17.0/opencensus-api-0.17.0.jar:/home/user/.m2/repository/io/opencensus/opencensus-contrib-grpc-metrics/0.17.0/opencensus-contrib-grpc-metrics-0.17.0.jar:/home/user/.m2/repository/io/netty/netty-codec-http2/4.1.30.Final/netty-codec-http2-4.1.30.Final.jar:/home/user/.m2/repository/io/netty/netty-codec-http/4.1.30.Final/netty-codec-http-4.1.30.Final.jar:/home/user/.m2/repository/io/netty/netty-codec/4.1.30.Final/netty-codec-4.1.30.Final.jar:/home/user/.m2/repository/io/netty/netty-handler/4.1.30.Final/netty-handler-4.1.30.Final.jar:/home/user/.m2/repository/io/netty/netty-handler-proxy/4.1.30.Final/netty-handler-proxy-4.1.30.Final.jar:/home/user/.m2/repository/io/netty/netty-codec-socks/4.1.30.Final/netty-codec-socks-4.1.30.Final.jar:/home/user/.m2/repository/io/netty/netty-transport-native-epoll/4.1.30.Final/netty-transport-native-epoll-4.1.30.Final.jar:/home/user/.m2/repository/io/netty/netty-common/4.1.30.Final/netty-common-4.1.30.Final.jar:/home/user/.m2/repository/io/netty/netty-buffer/4.1.30.Final/netty-buffer-4.1.30.Final.jar:/home/user/.m2/repository/io/netty/netty-transport/4.1.30.Final/netty-transport-4.1.30.Final.jar:/home/user/.m2/repository/io/netty/netty-resolver/4.1.30.Final/netty-resolver-4.1.30.Final.jar:/home/user/.m2/repository/io/netty/netty-transport-native-unix-common/4.1.30.Final/netty-transport-native-unix-common-4.1.30.Final.jar:/home/user/.m2/repository/io/grpc/grpc-protobuf/1.17.1/grpc-protobuf-1.17.1.jar:/home/user/.m2/repository/com/google/api/grpc/proto-google-common-protos/1.0.0/proto-google-common-protos-1.0.0.jar:/home/user/.m2/repository/io/grpc/grpc-protobuf-lite/1.17.1/grpc-protobuf-lite-1.17.1.jar:/home/user/.m2/repository/io/grpc/grpc-stub/1.17.1/grpc-stub-1.17.1.jar:/home/user/.m2/repository/org/apache/hadoop/hadoop-ozone-recon/0.5.0-SNAPSHOT/hadoop-ozone-recon-0.5.0-SNAPSHOT.jar:/home/user/.m2/repository/org/apache/hadoop/hadoop-ozone-reconcodegen/0.5.0-SNAPSHOT/hadoop-ozone-reconcodegen-0.5.0-SNAPSHOT.jar:/home/user/.m2/repository/com/google/inject/extensions/guice-multibindings/4.0/guice-multibindings-4.0.jar:/home/user/.m2/repository/com/google/inject/guice/4.0/guice-4.0.jar:/home/user/.m2/repository/aopalliance/aopalliance/1.0/aopalliance-1.0.jar:/home/user/.m2/repository/com/google/inject/extensions/guice-servlet/4.0/guice-servlet-4.0.jar:/home/user/.m2/repository/org/glassfish/jersey/containers/jersey-container-servlet/2.27/jersey-container-servlet-2.27.jar:/home/user/.m2/repository/org/glassfish/hk2/guice-bridge/2.5.0/guice-bridge-2.5.0.jar:/home/user/.m2/repository/org/glassfish/jersey/core/jersey-server/2.27/jersey-server-2.27.jar:/home/user/.m2/repository/org/glassfish/jersey/core/jersey-client/2.27/jersey-client-2.27.jar:/home/user/.m2/repository/org/glassfish/jersey/media/jersey-media-jaxb/2.27/jersey-media-jaxb-2.27.jar:/home/user/.m2/repository/javax/validation/validation-api/1.1.0.Final/validation-api-1.1.0.Final.jar:/home/user/.m2/repository/org/glassfish/jersey/media/jersey-media-json-jackson/2.27/jersey-media-json-jackson-2.27.jar:/home/user/.m2/repository/org/glassfish/jersey/ext/jersey-entity-filtering/2.27/jersey-entity-filtering-2.27.jar:/home/user/.m2/repository/com/google/inject/extensions/guice-assistedinject/4.0/guice-assistedinject-4.0.jar:/home/user/.m2/repository/org/jooq/jooq/3.11.10/jooq-3.11.10.jar:/home/user/.m2/repository/org/jooq/jooq-meta/3.11.10/jooq-meta-3.11.10.jar:/home/user/.m2/repository/org/jooq/jooq-codegen/3.11.10/jooq-codegen-3.11.10.jar:/home/user/.m2/repository/com/jolbox/bonecp/0.8.0.RELEASE/bonecp-0.8.0.RELEASE.jar:/home/user/.m2/repository/org/xerial/sqlite-jdbc/3.25.2/sqlite-jdbc-3.25.2.jar:/home/user/.m2/repository/org/springframework/spring-jdbc/5.1.3.RELEASE/spring-jdbc-5.1.3.RELEASE.jar:/home/user/.m2/repository/org/springframework/spring-beans/5.1.3.RELEASE/spring-beans-5.1.3.RELEASE.jar:/home/user/.m2/repository/org/springframework/spring-core/5.1.3.RELEASE/spring-core-5.1.3.RELEASE.jar:/home/user/.m2/repository/org/springframework/spring-jcl/5.1.3.RELEASE/spring-jcl-5.1.3.RELEASE.jar:/home/user/.m2/repository/org/springframework/spring-tx/5.1.3.RELEASE/spring-tx-5.1.3.RELEASE.jar:/home/user/.m2/repository/org/apache/hadoop/hadoop-ozone-client/0.5.0-SNAPSHOT/hadoop-ozone-client-0.5.0-SNAPSHOT.jar:/home/user/.m2/repository/commons-lang/commons-lang/2.6/commons-lang-2.6.jar:/home/user/.m2/repository/org/apache/hadoop/hadoop-ozone-ozone-manager/0.5.0-SNAPSHOT/hadoop-ozone-ozone-manager-0.5.0-SNAPSHOT-tests.jar:/home/user/.m2/repository/junit/junit/4.11/junit-4.11.jar:/home/user/.m2/repository/org/hamcrest/hamcrest-core/1.3/hamcrest-core-1.3.jar:/home/user/.m2/repository/org/openjdk/jmh/jmh-core/1.19/jmh-core-1.19.jar:/home/user/.m2/repository/net/sf/jopt-simple/jopt-simple/4.6/jopt-simple-4.6.jar:/home/user/.m2/repository/org/apache/commons/commons-math3/3.1.1/commons-math3-3.1.1.jar:/home/user/.m2/repository/org/openjdk/jmh/jmh-generator-annprocess/1.19/jmh-generator-annprocess-1.19.jar:/home/user/.m2/repository/org/mockito/mockito-all/1.8.5/mockito-all-1.8.5.jar:/home/user/.m2/repository/org/apache/hadoop/hadoop-kms/3.2.0/hadoop-kms-3.2.0.jar:/home/user/.m2/repository/org/apache/hadoop/hadoop-auth/3.2.0/hadoop-auth-3.2.0.jar:/home/user/.m2/repository/com/nimbusds/nimbus-jose-jwt/4.41.1/nimbus-jose-jwt-4.41.1.jar:/home/user/.m2/repository/com/github/stephenc/jcip/jcip-annotations/1.0-1/jcip-annotations-1.0-1.jar:/home/user/.m2/repository/net/minidev/json-smart/2.3/json-smart-2.3.jar:/home/user/.m2/repository/net/minidev/accessors-smart/1.2/accessors-smart-1.2.jar:/home/user/.m2/repository/org/ow2/asm/asm/5.0.4/asm-5.0.4.jar:/home/user/.m2/repository/org/apache/curator/curator-framework/2.12.0/curator-framework-2.12.0.jar:/home/user/.m2/repository/com/sun/jersey/jersey-core/1.19/jersey-core-1.19.jar:/home/user/.m2/repository/javax/ws/rs/jsr311-api/1.1.1/jsr311-api-1.1.1.jar:/home/user/.m2/repository/com/sun/jersey/jersey-server/1.19/jersey-server-1.19.jar:/home/user/.m2/repository/javax/servlet/javax.servlet-api/3.1.0/javax.servlet-api-3.1.0.jar:/home/user/.m2/repository/org/eclipse/jetty/jetty-server/9.3.24.v20180605/jetty-server-9.3.24.v20180605.jar:/home/user/.m2/repository/org/eclipse/jetty/jetty-http/9.3.24.v20180605/jetty-http-9.3.24.v20180605.jar:/home/user/.m2/repository/org/eclipse/jetty/jetty-io/9.3.24.v20180605/jetty-io-9.3.24.v20180605.jar:/home/user/.m2/repository/org/eclipse/jetty/jetty-webapp/9.3.24.v20180605/jetty-webapp-9.3.24.v20180605.jar:/home/user/.m2/repository/org/eclipse/jetty/jetty-xml/9.3.24.v20180605/jetty-xml-9.3.24.v20180605.jar:/home/user/.m2/repository/log4j/log4j/1.2.17/log4j-1.2.17.jar:/home/user/.m2/repository/org/slf4j/slf4j-api/1.7.25/slf4j-api-1.7.25.jar:/home/user/.m2/repository/org/slf4j/jul-to-slf4j/1.7.25/jul-to-slf4j-1.7.25.jar:/home/user/.m2/repository/org/eclipse/jetty/jetty-util/9.3.24.v20180605/jetty-util-9.3.24.v20180605.jar:/home/user/.m2/repository/com/fasterxml/jackson/core/jackson-databind/2.9.5/jackson-databind-2.9.5.jar:/home/user/.m2/repository/org/apache/hadoop/hadoop-kms/3.2.0/hadoop-kms-3.2.0-tests.jar:/home/user/.m2/repository/org/apache/hadoop/hadoop-hdds-server-scm/0.5.0-SNAPSHOT/hadoop-hdds-server-scm-0.5.0-SNAPSHOT-tests.jar:/home/user/.m2/repository/org/apache/hadoop/hadoop-hdds-container-service/0.5.0-SNAPSHOT/hadoop-hdds-container-service-0.5.0-SNAPSHOT-tests.jar:/home/user/.m2/repository/org/yaml/snakeyaml/1.16/snakeyaml-1.16.jar:/home/user/.m2/repository/org/apache/hadoop/hadoop-common/3.2.0/hadoop-common-3.2.0-tests.jar:/home/user/.m2/repository/org/apache/hadoop/hadoop-annotations/3.2.0/hadoop-annotations-3.2.0.jar:/usr/lib/jvm/java-1.8-openjdk/jre/../lib/tools.jar:/home/user/.m2/repository/commons-cli/commons-cli/1.2/commons-cli-1.2.jar:/home/user/.m2/repository/org/apache/httpcomponents/httpclient/4.5.2/httpclient-4.5.2.jar:/home/user/.m2/repository/org/apache/httpcomponents/httpcore/4.4.4/httpcore-4.4.4.jar:/home/user/.m2/repository/commons-codec/commons-codec/1.11/commons-codec-1.11.jar:/home/user/.m2/repository/commons-net/commons-net/3.6/commons-net-3.6.jar:/home/user/.m2/repository/commons-collections/commons-collections/3.2.2/commons-collections-3.2.2.jar:/home/user/.m2/repository/org/eclipse/jetty/jetty-servlet/9.3.24.v20180605/jetty-servlet-9.3.24.v20180605.jar:/home/user/.m2/repository/org/eclipse/jetty/jetty-security/9.3.24.v20180605/jetty-security-9.3.24.v20180605.jar:/home/user/.m2/repository/javax/servlet/jsp/jsp-api/2.1/jsp-api-2.1.jar:/home/user/.m2/repository/com/sun/jersey/jersey-servlet/1.19/jersey-servlet-1.19.jar:/home/user/.m2/repository/com/sun/jersey/jersey-json/1.19/jersey-json-1.19.jar:/home/user/.m2/repository/org/codehaus/jettison/jettison/1.1/jettison-1.1.jar:/home/user/.m2/repository/org/codehaus/jackson/jackson-core-asl/1.9.13/jackson-core-asl-1.9.13.jar:/home/user/.m2/repository/org/codehaus/jackson/jackson-mapper-asl/1.9.13/jackson-mapper-asl-1.9.13.jar:/home/user/.m2/repository/org/codehaus/jackson/jackson-jaxrs/1.9.13/jackson-jaxrs-1.9.13.jar:/home/user/.m2/repository/org/codehaus/jackson/jackson-xc/1.9.13/jackson-xc-1.9.13.jar:/home/user/.m2/repository/commons-logging/commons-logging/1.1.3/commons-logging-1.1.3.jar:/home/user/.m2/repository/commons-beanutils/commons-beanutils/1.9.3/commons-beanutils-1.9.3.jar:/home/user/.m2/repository/org/apache/commons/commons-configuration2/2.1.1/commons-configuration2-2.1.1.jar:/home/user/.m2/repository/org/apache/commons/commons-lang3/3.7/commons-lang3-3.7.jar:/home/user/.m2/repository/org/apache/commons/commons-text/1.4/commons-text-1.4.jar:/home/user/.m2/repository/org/apache/avro/avro/1.7.7/avro-1.7.7.jar:/home/user/.m2/repository/com/thoughtworks/paranamer/paranamer/2.3/paranamer-2.3.jar:/home/user/.m2/repository/org/xerial/snappy/snappy-java/1.0.5/snappy-java-1.0.5.jar:/home/user/.m2/repository/com/google/re2j/re2j/1.1/re2j-1.1.jar:/home/user/.m2/repository/com/google/code/gson/gson/2.2.4/gson-2.2.4.jar:/home/user/.m2/repository/com/jcraft/jsch/0.1.54/jsch-0.1.54.jar:/home/user/.m2/repository/org/apache/curator/curator-client/2.12.0/curator-client-2.12.0.jar:/home/user/.m2/repository/org/apache/curator/curator-recipes/2.12.0/curator-recipes-2.12.0.jar:/home/user/.m2/repository/com/google/code/findbugs/jsr305/3.0.0/jsr305-3.0.0.jar:/home/user/.m2/repository/org/apache/htrace/htrace-core4/4.1.0-incubating/htrace-core4-4.1.0-incubating.jar:/home/user/.m2/repository/org/apache/zookeeper/zookeeper/3.4.13/zookeeper-3.4.13.jar:/home/user/.m2/repository/org/apache/yetus/audience-annotations/0.5.0/audience-annotations-0.5.0.jar:/home/user/.m2/repository/org/codehaus/woodstox/stax2-api/3.1.4/stax2-api-3.1.4.jar:/home/user/.m2/repository/com/fasterxml/woodstox/woodstox-core/5.0.3/woodstox-core-5.0.3.jar:/home/user/.m2/repository/dnsjava/dnsjava/2.1.7/dnsjava-2.1.7.jar:/home/user/.m2/repository/org/apache/hadoop/hadoop-hdfs/3.2.0/hadoop-hdfs-3.2.0-tests.jar:/home/user/.m2/repository/org/eclipse/jetty/jetty-util-ajax/9.3.24.v20180605/jetty-util-ajax-9.3.24.v20180605.jar:/home/user/.m2/repository/commons-daemon/commons-daemon/1.0.13/commons-daemon-1.0.13.jar:/home/user/.m2/repository/io/netty/netty/3.10.5.Final/netty-3.10.5.Final.jar:/home/user/.m2/repository/io/netty/netty-all/4.0.52.Final/netty-all-4.0.52.Final.jar:/home/user/.m2/repository/org/fusesource/leveldbjni/leveldbjni-all/1.8/leveldbjni-all-1.8.jar:"/>
    <property name="sun.cpu.endian" value="little"/>
    <property name="user.home" value="/home/user"/>
    <property name="user.language" value="en"/>
    <property name="java.specification.vendor" value="Oracle Corporation"/>
    <property name="java.home" value="/usr/lib/jvm/java-1.8-openjdk/jre"/>
    <property name="java.security.krb5.conf" value="/workdir/hadoop-ozone/integration-test/target/test-classes/krb5.conf"/>
    <property name="basedir" value="/workdir/hadoop-ozone/integration-test"/>
    <property name="file.separator" value="/"/>
    <property name="line.separator" value="&#10;"/>
    <property name="java.vm.specification.vendor" value="Oracle Corporation"/>
    <property name="java.specification.name" value="Java Platform API Specification"/>
    <property name="java.awt.graphicsenv" value="sun.awt.X11GraphicsEnvironment"/>
    <property name="surefire.real.class.path" value="/workdir/hadoop-ozone/integration-test/target/surefire/surefirebooter5585964323928409828.jar"/>
    <property name="hadoop.log.dir" value="/workdir/hadoop-ozone/integration-test/target/log"/>
    <property name="sun.boot.class.path" value="/usr/lib/jvm/java-1.8-openjdk/jre/lib/resources.jar:/usr/lib/jvm/java-1.8-openjdk/jre/lib/rt.jar:/usr/lib/jvm/java-1.8-openjdk/jre/lib/sunrsasign.jar:/usr/lib/jvm/java-1.8-openjdk/jre/lib/jsse.jar:/usr/lib/jvm/java-1.8-openjdk/jre/lib/jce.jar:/usr/lib/jvm/java-1.8-openjdk/jre/lib/charsets.jar:/usr/lib/jvm/java-1.8-openjdk/jre/lib/jfr.jar:/usr/lib/jvm/java-1.8-openjdk/jre/classes"/>
    <property name="sun.management.compiler" value="HotSpot 64-Bit Tiered Compilers"/>
    <property name="java.runtime.version" value="1.8.0_212-b04"/>
    <property name="java.net.preferIPv4Stack" value="true"/>
    <property name="user.name" value="jenkins1000"/>
    <property name="path.separator" value=":"/>
    <property name="java.security.egd" value="file:///dev/urandom"/>
    <property name="os.version" value="3.10.0-957.12.2.el7.x86_64"/>
    <property name="java.endorsed.dirs" value="/usr/lib/jvm/java-1.8-openjdk/jre/lib/endorsed"/>
    <property name="java.runtime.name" value="OpenJDK Runtime Environment"/>
    <property name="file.encoding" value="UTF-8"/>
    <property name="java.vm.name" value="OpenJDK 64-Bit Server VM"/>
    <property name="test.build.webapps" value=""/>
    <property name="localRepository" value="/home/user/.m2/repository"/>
    <property name="java.vendor.url.bug" value="https://icedtea.classpath.org/bugzilla"/>
    <property name="java.io.tmpdir" value="/tmp"/>
    <property name="require.test.libhadoop" value=""/>
    <property name="java.version" value="1.8.0_212"/>
    <property name="user.dir" value="/workdir/hadoop-ozone/integration-test"/>
    <property name="os.arch" value="amd64"/>
    <property name="java.vm.specification.name" value="Java Virtual Machine Specification"/>
    <property name="test.build.classes" value="/workdir/hadoop-ozone/integration-test/target/test-classes"/>
    <property name="java.awt.printerjob" value="sun.print.PSPrinterJob"/>
    <property name="sun.os.patch.level" value="unknown"/>
    <property name="hadoop.tmp.dir" value="/workdir/hadoop-ozone/integration-test/target/tmp"/>
    <property name="java.library.path" value="/usr/lib/jvm/java-1.8-openjdk/jre/lib/amd64/server:/usr/lib/jvm/java-1.8-openjdk/jre/lib/amd64:/usr/lib/jvm/java-1.8-openjdk/jre/../lib/amd64:/workdir/hadoop-ozone/integration-test/target/native/target/usr/local/lib:/workdir/hadoop-ozone/integration-test/../../hadoop-common-project/hadoop-common/target/native/target/usr/local/lib:/usr/java/packages/lib/amd64:/usr/lib64:/lib64:/lib:/usr/lib"/>
    <property name="java.vm.info" value="mixed mode"/>
    <property name="java.vendor" value="IcedTea"/>
    <property name="java.vm.version" value="25.212-b04"/>
    <property name="java.ext.dirs" value="/usr/lib/jvm/java-1.8-openjdk/jre/lib/ext:/usr/java/packages/lib/ext"/>
    <property name="sun.io.unicode.encoding" value="UnicodeLittle"/>
    <property name="java.class.version" value="52.0"/>
  </properties>
  <testcase name="testReleaseBuffers" classname="org.apache.hadoop.ozone.client.rpc.TestCommitWatcher" time="6.067"/>
  <testcase name="testReleaseBuffersOnException" classname="org.apache.hadoop.ozone.client.rpc.TestCommitWatcher" time="14.733">
    <failure type="java.lang.AssertionError">java.lang.AssertionError
	at org.junit.Assert.fail(Assert.java:86)
	at org.junit.Assert.assertTrue(Assert.java:41)
	at org.junit.Assert.assertTrue(Assert.java:52)
	at org.apache.hadoop.ozone.client.rpc.TestCommitWatcher.testReleaseBuffersOnException(TestCommitWatcher.java:284)
	at sun.reflect.NativeMethodAccessorImpl.invoke0(Native Method)
	at sun.reflect.NativeMethodAccessorImpl.invoke(NativeMethodAccessorImpl.java:62)
	at sun.reflect.DelegatingMethodAccessorImpl.invoke(DelegatingMethodAccessorImpl.java:43)
	at java.lang.reflect.Method.invoke(Method.java:498)
	at org.junit.runners.model.FrameworkMethod$1.runReflectiveCall(FrameworkMethod.java:47)
	at org.junit.internal.runners.model.ReflectiveCallable.run(ReflectiveCallable.java:12)
	at org.junit.runners.model.FrameworkMethod.invokeExplosively(FrameworkMethod.java:44)
	at org.junit.internal.runners.statements.InvokeMethod.evaluate(InvokeMethod.java:17)
	at org.junit.runners.ParentRunner.runLeaf(ParentRunner.java:271)
	at org.junit.runners.BlockJUnit4ClassRunner.runChild(BlockJUnit4ClassRunner.java:70)
	at org.junit.runners.BlockJUnit4ClassRunner.runChild(BlockJUnit4ClassRunner.java:50)
	at org.junit.runners.ParentRunner$3.run(ParentRunner.java:238)
	at org.junit.runners.ParentRunner$1.schedule(ParentRunner.java:63)
	at org.junit.runners.ParentRunner.runChildren(ParentRunner.java:236)
	at org.junit.runners.ParentRunner.access$000(ParentRunner.java:53)
	at org.junit.runners.ParentRunner$2.evaluate(ParentRunner.java:229)
	at org.junit.internal.runners.statements.RunBefores.evaluate(RunBefores.java:26)
	at org.junit.internal.runners.statements.RunAfters.evaluate(RunAfters.java:27)
	at org.junit.runners.ParentRunner.run(ParentRunner.java:309)
	at org.apache.maven.surefire.junit4.JUnit4Provider.execute(JUnit4Provider.java:365)
	at org.apache.maven.surefire.junit4.JUnit4Provider.executeWithRerun(JUnit4Provider.java:273)
	at org.apache.maven.surefire.junit4.JUnit4Provider.executeTestSet(JUnit4Provider.java:238)
	at org.apache.maven.surefire.junit4.JUnit4Provider.invoke(JUnit4Provider.java:159)
	at org.apache.maven.surefire.booter.ForkedBooter.invokeProviderInSameClassLoader(ForkedBooter.java:384)
	at org.apache.maven.surefire.booter.ForkedBooter.runSuitesInProcess(ForkedBooter.java:345)
	at org.apache.maven.surefire.booter.ForkedBooter.execute(ForkedBooter.java:126)
	at org.apache.maven.surefire.booter.ForkedBooter.main(ForkedBooter.java:418)
</failure>
    <system-out><![CDATA[2019-08-27 20:35:29,037 [grpc-default-executor-7] INFO  client.GrpcClientProtocolClient (GrpcClientProtocolClient.java:onNext(255)) - client-8578D8E69290->66d75a6c-955d-4ede-8d14-17b2f0877a55: receive RaftClientReply:client-8578D8E69290->66d75a6c-955d-4ede-8d14-17b2f0877a55@group-C24753DF10BA, cid=17, FAILED org.apache.ratis.protocol.NotLeaderException: Server 66d75a6c-955d-4ede-8d14-17b2f0877a55 is not the leader (null). Request must be sent to leader., logIndex=0, commits[66d75a6c-955d-4ede-8d14-17b2f0877a55:c-1]
2019-08-27 20:35:29,199 | INFO  | SCMAudit | user=jenkins1000 | ip=192.168.69.79 | op=SEND_HEARTBEAT {datanodeUUID=0e21f9eb-1756-4434-ac16-0b5064eda1ed, command=[]} | ret=SUCCESS |  
2019-08-27 20:35:29,401 | INFO  | SCMAudit | user=jenkins1000 | ip=192.168.69.79 | op=SEND_HEARTBEAT {datanodeUUID=d3e2d25d-c3c3-48a0-8e33-5e4fbe645e29, command=[]} | ret=SUCCESS |  
2019-08-27 20:35:29,549 | INFO  | SCMAudit | user=jenkins1000 | ip=192.168.69.79 | op=SEND_HEARTBEAT {datanodeUUID=0084f69f-db33-421d-934b-f3be610ce373, command=[]} | ret=SUCCESS |  
2019-08-27 20:35:29,646 | INFO  | SCMAudit | user=jenkins1000 | ip=192.168.69.79 | op=SEND_HEARTBEAT {datanodeUUID=1b35fbb4-6262-4985-94a0-552c85c7eb24, command=[]} | ret=SUCCESS |  
2019-08-27 20:35:29,750 | INFO  | SCMAudit | user=jenkins1000 | ip=192.168.69.79 | op=SEND_HEARTBEAT {datanodeUUID=d70fe1c8-f094-493b-8ff9-9a7372fcdbb2, command=[]} | ret=SUCCESS |  
2019-08-27 20:35:29,750 | INFO  | SCMAudit | user=jenkins1000 | ip=192.168.69.79 | op=SEND_HEARTBEAT {datanodeUUID=b4f8e7ad-b7a8-4e4a-8472-2eb2d19272e1, command=[]} | ret=SUCCESS |  
2019-08-27 20:35:29,937 | INFO  | SCMAudit | user=jenkins1000 | ip=192.168.69.79 | op=SEND_HEARTBEAT {datanodeUUID=66d75a6c-955d-4ede-8d14-17b2f0877a55, command=[]} | ret=SUCCESS |  
2019-08-27 20:35:30,077 [grpc-default-executor-7] INFO  client.GrpcClientProtocolClient (GrpcClientProtocolClient.java:onNext(255)) - client-8578D8E69290->d3e2d25d-c3c3-48a0-8e33-5e4fbe645e29: receive RaftClientReply:client-8578D8E69290->d3e2d25d-c3c3-48a0-8e33-5e4fbe645e29@group-C24753DF10BA, cid=17, FAILED org.apache.ratis.protocol.NotLeaderException: Server d3e2d25d-c3c3-48a0-8e33-5e4fbe645e29 is not the leader (null). Request must be sent to leader., logIndex=0, commits[d3e2d25d-c3c3-48a0-8e33-5e4fbe645e29:c-1]
2019-08-27 20:35:30,200 | INFO  | SCMAudit | user=jenkins1000 | ip=192.168.69.79 | op=SEND_HEARTBEAT {datanodeUUID=0e21f9eb-1756-4434-ac16-0b5064eda1ed, command=[]} | ret=SUCCESS |  
2019-08-27 20:35:30,401 | INFO  | SCMAudit | user=jenkins1000 | ip=192.168.69.79 | op=SEND_HEARTBEAT {datanodeUUID=d3e2d25d-c3c3-48a0-8e33-5e4fbe645e29, command=[]} | ret=SUCCESS |  
2019-08-27 20:35:30,548 | INFO  | SCMAudit | user=jenkins1000 | ip=192.168.69.79 | op=SEND_HEARTBEAT {datanodeUUID=0084f69f-db33-421d-934b-f3be610ce373, command=[]} | ret=SUCCESS |  
2019-08-27 20:35:30,646 | INFO  | SCMAudit | user=jenkins1000 | ip=192.168.69.79 | op=SEND_HEARTBEAT {datanodeUUID=1b35fbb4-6262-4985-94a0-552c85c7eb24, command=[]} | ret=SUCCESS |  
2019-08-27 20:35:30,750 | INFO  | SCMAudit | user=jenkins1000 | ip=192.168.69.79 | op=SEND_HEARTBEAT {datanodeUUID=d70fe1c8-f094-493b-8ff9-9a7372fcdbb2, command=[]} | ret=SUCCESS |  
2019-08-27 20:35:30,750 | INFO  | SCMAudit | user=jenkins1000 | ip=192.168.69.79 | op=SEND_HEARTBEAT {datanodeUUID=b4f8e7ad-b7a8-4e4a-8472-2eb2d19272e1, command=[]} | ret=SUCCESS |  
2019-08-27 20:35:30,938 | INFO  | SCMAudit | user=jenkins1000 | ip=192.168.69.79 | op=SEND_HEARTBEAT {datanodeUUID=66d75a6c-955d-4ede-8d14-17b2f0877a55, command=[]} | ret=SUCCESS |  
2019-08-27 20:35:31,106 [grpc-default-executor-7] INFO  client.GrpcClientProtocolClient (GrpcClientProtocolClient.java:onNext(255)) - client-8578D8E69290->66d75a6c-955d-4ede-8d14-17b2f0877a55: receive RaftClientReply:client-8578D8E69290->66d75a6c-955d-4ede-8d14-17b2f0877a55@group-C24753DF10BA, cid=17, FAILED org.apache.ratis.protocol.NotLeaderException: Server 66d75a6c-955d-4ede-8d14-17b2f0877a55 is not the leader (null). Request must be sent to leader., logIndex=0, commits[66d75a6c-955d-4ede-8d14-17b2f0877a55:c-1]
2019-08-27 20:35:31,200 | INFO  | SCMAudit | user=jenkins1000 | ip=192.168.69.79 | op=SEND_HEARTBEAT {datanodeUUID=0e21f9eb-1756-4434-ac16-0b5064eda1ed, command=[]} | ret=SUCCESS |  
2019-08-27 20:35:31,402 | INFO  | SCMAudit | user=jenkins1000 | ip=192.168.69.79 | op=SEND_HEARTBEAT {datanodeUUID=d3e2d25d-c3c3-48a0-8e33-5e4fbe645e29, command=[]} | ret=SUCCESS |  
2019-08-27 20:35:31,549 | INFO  | SCMAudit | user=jenkins1000 | ip=192.168.69.79 | op=SEND_HEARTBEAT {datanodeUUID=0084f69f-db33-421d-934b-f3be610ce373, command=[]} | ret=SUCCESS |  
2019-08-27 20:35:31,646 | INFO  | SCMAudit | user=jenkins1000 | ip=192.168.69.79 | op=SEND_HEARTBEAT {datanodeUUID=1b35fbb4-6262-4985-94a0-552c85c7eb24, command=[]} | ret=SUCCESS |  
2019-08-27 20:35:31,751 | INFO  | SCMAudit | user=jenkins1000 | ip=192.168.69.79 | op=SEND_HEARTBEAT {datanodeUUID=b4f8e7ad-b7a8-4e4a-8472-2eb2d19272e1, command=[]} | ret=SUCCESS |  
2019-08-27 20:35:31,751 | INFO  | SCMAudit | user=jenkins1000 | ip=192.168.69.79 | op=SEND_HEARTBEAT {datanodeUUID=d70fe1c8-f094-493b-8ff9-9a7372fcdbb2, command=[]} | ret=SUCCESS |  
2019-08-27 20:35:31,938 | INFO  | SCMAudit | user=jenkins1000 | ip=192.168.69.79 | op=SEND_HEARTBEAT {datanodeUUID=66d75a6c-955d-4ede-8d14-17b2f0877a55, command=[]} | ret=SUCCESS |  
2019-08-27 20:35:32,139 [grpc-default-executor-2] INFO  client.GrpcClientProtocolClient (GrpcClientProtocolClient.java:onNext(255)) - client-8578D8E69290->d3e2d25d-c3c3-48a0-8e33-5e4fbe645e29: receive RaftClientReply:client-8578D8E69290->d3e2d25d-c3c3-48a0-8e33-5e4fbe645e29@group-C24753DF10BA, cid=17, FAILED org.apache.ratis.protocol.NotLeaderException: Server d3e2d25d-c3c3-48a0-8e33-5e4fbe645e29 is not the leader (null). Request must be sent to leader., logIndex=0, commits[d3e2d25d-c3c3-48a0-8e33-5e4fbe645e29:c-1]
2019-08-27 20:35:32,200 | INFO  | SCMAudit | user=jenkins1000 | ip=192.168.69.79 | op=SEND_HEARTBEAT {datanodeUUID=0e21f9eb-1756-4434-ac16-0b5064eda1ed, command=[]} | ret=SUCCESS |  
2019-08-27 20:35:32,402 | INFO  | SCMAudit | user=jenkins1000 | ip=192.168.69.79 | op=SEND_HEARTBEAT {datanodeUUID=d3e2d25d-c3c3-48a0-8e33-5e4fbe645e29, command=[]} | ret=SUCCESS |  
2019-08-27 20:35:32,549 | INFO  | SCMAudit | user=jenkins1000 | ip=192.168.69.79 | op=SEND_HEARTBEAT {datanodeUUID=0084f69f-db33-421d-934b-f3be610ce373, command=[]} | ret=SUCCESS |  
2019-08-27 20:35:32,646 | INFO  | SCMAudit | user=jenkins1000 | ip=192.168.69.79 | op=SEND_HEARTBEAT {datanodeUUID=1b35fbb4-6262-4985-94a0-552c85c7eb24, command=[]} | ret=SUCCESS |  
2019-08-27 20:35:32,751 | INFO  | SCMAudit | user=jenkins1000 | ip=192.168.69.79 | op=SEND_HEARTBEAT {datanodeUUID=d70fe1c8-f094-493b-8ff9-9a7372fcdbb2, command=[]} | ret=SUCCESS |  
2019-08-27 20:35:32,751 | INFO  | SCMAudit | user=jenkins1000 | ip=192.168.69.79 | op=SEND_HEARTBEAT {datanodeUUID=b4f8e7ad-b7a8-4e4a-8472-2eb2d19272e1, command=[]} | ret=SUCCESS |  
2019-08-27 20:35:32,817 [Thread-334] INFO  impl.FollowerState (FollowerState.java:run(106)) - d3e2d25d-c3c3-48a0-8e33-5e4fbe645e29:group-C24753DF10BA changes to CANDIDATE, lastRpcTime:5014, electionTimeout:5011ms
2019-08-27 20:35:32,821 [Thread-334] INFO  impl.RoleInfo (RoleInfo.java:shutdownFollowerState(121)) - d3e2d25d-c3c3-48a0-8e33-5e4fbe645e29: shutdown FollowerState
2019-08-27 20:35:32,821 [Thread-334] INFO  impl.RaftServerImpl (RaftServerImpl.java:setRole(171)) - d3e2d25d-c3c3-48a0-8e33-5e4fbe645e29:group-C24753DF10BA changes role from FOLLOWER to CANDIDATE at term 1 for changeToCandidate
2019-08-27 20:35:32,821 [Thread-334] INFO  impl.RoleInfo (RoleInfo.java:updateAndGet(143)) - d3e2d25d-c3c3-48a0-8e33-5e4fbe645e29: start LeaderElection
2019-08-27 20:35:32,838 [d3e2d25d-c3c3-48a0-8e33-5e4fbe645e29:group-C24753DF10BA:LeaderElection13] INFO  impl.LeaderElection (LeaderElection.java:askForVotes(181)) - d3e2d25d-c3c3-48a0-8e33-5e4fbe645e29:group-C24753DF10BA:LeaderElection13: begin an election at term 2 for -1: [d3e2d25d-c3c3-48a0-8e33-5e4fbe645e29:192.168.69.79:36147, 66d75a6c-955d-4ede-8d14-17b2f0877a55:192.168.69.79:36818, 0e21f9eb-1756-4434-ac16-0b5064eda1ed:192.168.69.79:35548], old=null
2019-08-27 20:35:32,850 [grpc-default-executor-7] INFO  impl.RaftServerImpl (RaftServerImpl.java:setRole(171)) - 66d75a6c-955d-4ede-8d14-17b2f0877a55:group-C24753DF10BA changes role from FOLLOWER to FOLLOWER at term 2 for recognizeCandidate:d3e2d25d-c3c3-48a0-8e33-5e4fbe645e29
2019-08-27 20:35:32,850 [grpc-default-executor-7] INFO  impl.RoleInfo (RoleInfo.java:shutdownFollowerState(121)) - 66d75a6c-955d-4ede-8d14-17b2f0877a55: shutdown FollowerState
2019-08-27 20:35:32,850 [grpc-default-executor-2] INFO  impl.RaftServerImpl (RaftServerImpl.java:setRole(171)) - 0e21f9eb-1756-4434-ac16-0b5064eda1ed:group-C24753DF10BA changes role from FOLLOWER to FOLLOWER at term 2 for recognizeCandidate:d3e2d25d-c3c3-48a0-8e33-5e4fbe645e29
2019-08-27 20:35:32,850 [Thread-335] INFO  impl.FollowerState (FollowerState.java:run(114)) - 66d75a6c-955d-4ede-8d14-17b2f0877a55: FollowerState was interrupted: java.lang.InterruptedException: sleep interrupted
2019-08-27 20:35:32,850 [grpc-default-executor-7] INFO  impl.RoleInfo (RoleInfo.java:updateAndGet(143)) - 66d75a6c-955d-4ede-8d14-17b2f0877a55: start FollowerState
2019-08-27 20:35:32,850 [grpc-default-executor-2] INFO  impl.RoleInfo (RoleInfo.java:shutdownFollowerState(121)) - 0e21f9eb-1756-4434-ac16-0b5064eda1ed: shutdown FollowerState
2019-08-27 20:35:32,852 [grpc-default-executor-2] INFO  impl.RoleInfo (RoleInfo.java:updateAndGet(143)) - 0e21f9eb-1756-4434-ac16-0b5064eda1ed: start FollowerState
2019-08-27 20:35:32,852 [Thread-336] INFO  impl.FollowerState (FollowerState.java:run(114)) - 0e21f9eb-1756-4434-ac16-0b5064eda1ed: FollowerState was interrupted: java.lang.InterruptedException: sleep interrupted
2019-08-27 20:35:32,870 [d3e2d25d-c3c3-48a0-8e33-5e4fbe645e29:group-C24753DF10BA:LeaderElection13] INFO  impl.LeaderElection (LeaderElection.java:logAndReturn(56)) - d3e2d25d-c3c3-48a0-8e33-5e4fbe645e29:group-C24753DF10BA:LeaderElection13: Election PASSED; received 1 response(s) [d3e2d25d-c3c3-48a0-8e33-5e4fbe645e29<-0e21f9eb-1756-4434-ac16-0b5064eda1ed#0:OK-t2] and 0 exception(s); d3e2d25d-c3c3-48a0-8e33-5e4fbe645e29:t2, leader=null, voted=d3e2d25d-c3c3-48a0-8e33-5e4fbe645e29, raftlog=d3e2d25d-c3c3-48a0-8e33-5e4fbe645e29-SegmentedRaftLog:OPENED:c-1,f-1,i0, conf=-1: [d3e2d25d-c3c3-48a0-8e33-5e4fbe645e29:192.168.69.79:36147, 66d75a6c-955d-4ede-8d14-17b2f0877a55:192.168.69.79:36818, 0e21f9eb-1756-4434-ac16-0b5064eda1ed:192.168.69.79:35548], old=null
2019-08-27 20:35:32,870 [d3e2d25d-c3c3-48a0-8e33-5e4fbe645e29:group-C24753DF10BA:LeaderElection13] INFO  impl.RoleInfo (RoleInfo.java:shutdownLeaderElection(134)) - d3e2d25d-c3c3-48a0-8e33-5e4fbe645e29: shutdown LeaderElection
2019-08-27 20:35:32,871 [d3e2d25d-c3c3-48a0-8e33-5e4fbe645e29:group-C24753DF10BA:LeaderElection13] INFO  impl.RaftServerImpl (RaftServerImpl.java:setRole(171)) - d3e2d25d-c3c3-48a0-8e33-5e4fbe645e29:group-C24753DF10BA changes role from CANDIDATE to LEADER at term 2 for changeToLeader
2019-08-27 20:35:32,873 [d3e2d25d-c3c3-48a0-8e33-5e4fbe645e29:group-C24753DF10BA:LeaderElection13] INFO  impl.RaftServerImpl (ServerState.java:setLeader(263)) - d3e2d25d-c3c3-48a0-8e33-5e4fbe645e29:group-C24753DF10BA change Leader from null to d3e2d25d-c3c3-48a0-8e33-5e4fbe645e29 at term 2 for becomeLeader, leader elected after 10287ms
2019-08-27 20:35:32,873 [d3e2d25d-c3c3-48a0-8e33-5e4fbe645e29:group-C24753DF10BA:LeaderElection13] INFO  server.RaftServerConfigKeys (ConfUtils.java:logGet(43)) - raft.server.staging.catchup.gap = 1000 (default)
2019-08-27 20:35:32,873 [d3e2d25d-c3c3-48a0-8e33-5e4fbe645e29:group-C24753DF10BA:LeaderElection13] INFO  server.RaftServerConfigKeys (ConfUtils.java:logGet(43)) - raft.server.rpc.sleep.time = 25ms (default)
2019-08-27 20:35:32,874 [d3e2d25d-c3c3-48a0-8e33-5e4fbe645e29:group-C24753DF10BA:LeaderElection13] INFO  server.RaftServerConfigKeys (ConfUtils.java:logGet(43)) - raft.server.write.element-limit = 4096 (default)
2019-08-27 20:35:32,874 [d3e2d25d-c3c3-48a0-8e33-5e4fbe645e29:group-C24753DF10BA:LeaderElection13] INFO  server.RaftServerConfigKeys (ConfUtils.java:logGet(43)) - raft.server.watch.timeout = 10s (default)
2019-08-27 20:35:32,874 [d3e2d25d-c3c3-48a0-8e33-5e4fbe645e29:group-C24753DF10BA:LeaderElection13] INFO  server.RaftServerConfigKeys (ConfUtils.java:logGet(43)) - raft.server.watch.timeout.denomination = 1s (default)
2019-08-27 20:35:32,874 [d3e2d25d-c3c3-48a0-8e33-5e4fbe645e29:group-C24753DF10BA:LeaderElection13] INFO  server.RaftServerConfigKeys (ConfUtils.java:logGet(43)) - raft.server.watch.element-limit = 65536 (default)
2019-08-27 20:35:32,875 [d3e2d25d-c3c3-48a0-8e33-5e4fbe645e29:group-C24753DF10BA:LeaderElection13] INFO  server.RaftServerConfigKeys (ConfUtils.java:logGet(43)) - raft.server.log.appender.snapshot.chunk.size.max = 16MB (=16777216) (default)
2019-08-27 20:35:32,875 [d3e2d25d-c3c3-48a0-8e33-5e4fbe645e29:group-C24753DF10BA:LeaderElection13] INFO  server.RaftServerConfigKeys (ConfUtils.java:logGet(43)) - raft.server.log.appender.buffer.byte-limit = 33554432 (custom)
2019-08-27 20:35:32,875 [d3e2d25d-c3c3-48a0-8e33-5e4fbe645e29:group-C24753DF10BA:LeaderElection13] INFO  server.RaftServerConfigKeys (ConfUtils.java:logGet(43)) - raft.server.log.appender.buffer.element-limit = 1 (custom)
2019-08-27 20:35:32,875 [d3e2d25d-c3c3-48a0-8e33-5e4fbe645e29:group-C24753DF10BA:LeaderElection13] INFO  grpc.GrpcConfigKeys$Server (ConfUtils.java:logGet(43)) - raft.grpc.server.leader.outstanding.appends.max = 128 (default)
2019-08-27 20:35:32,876 [d3e2d25d-c3c3-48a0-8e33-5e4fbe645e29:group-C24753DF10BA:LeaderElection13] INFO  server.RaftServerConfigKeys (ConfUtils.java:logGet(43)) - raft.server.rpc.request.timeout = 3000ms (default)
2019-08-27 20:35:32,876 [d3e2d25d-c3c3-48a0-8e33-5e4fbe645e29:group-C24753DF10BA:LeaderElection13] INFO  server.RaftServerConfigKeys (ConfUtils.java:logGet(43)) - raft.server.log.appender.install.snapshot.enabled = false (custom)
2019-08-27 20:35:32,876 [d3e2d25d-c3c3-48a0-8e33-5e4fbe645e29:group-C24753DF10BA:LeaderElection13] INFO  server.RaftServerConfigKeys (ConfUtils.java:logGet(43)) - raft.server.log.appender.snapshot.chunk.size.max = 16MB (=16777216) (default)
2019-08-27 20:35:32,876 [d3e2d25d-c3c3-48a0-8e33-5e4fbe645e29:group-C24753DF10BA:LeaderElection13] INFO  server.RaftServerConfigKeys (ConfUtils.java:logGet(43)) - raft.server.log.appender.buffer.byte-limit = 33554432 (custom)
2019-08-27 20:35:32,877 [d3e2d25d-c3c3-48a0-8e33-5e4fbe645e29:group-C24753DF10BA:LeaderElection13] INFO  server.RaftServerConfigKeys (ConfUtils.java:logGet(43)) - raft.server.log.appender.buffer.element-limit = 1 (custom)
2019-08-27 20:35:32,877 [d3e2d25d-c3c3-48a0-8e33-5e4fbe645e29:group-C24753DF10BA:LeaderElection13] INFO  grpc.GrpcConfigKeys$Server (ConfUtils.java:logGet(43)) - raft.grpc.server.leader.outstanding.appends.max = 128 (default)
2019-08-27 20:35:32,877 [d3e2d25d-c3c3-48a0-8e33-5e4fbe645e29:group-C24753DF10BA:LeaderElection13] INFO  server.RaftServerConfigKeys (ConfUtils.java:logGet(43)) - raft.server.rpc.request.timeout = 3000ms (default)
2019-08-27 20:35:32,878 [d3e2d25d-c3c3-48a0-8e33-5e4fbe645e29:group-C24753DF10BA:LeaderElection13] INFO  server.RaftServerConfigKeys (ConfUtils.java:logGet(43)) - raft.server.log.appender.install.snapshot.enabled = false (custom)
2019-08-27 20:35:32,878 [d3e2d25d-c3c3-48a0-8e33-5e4fbe645e29:group-C24753DF10BA:LeaderElection13] INFO  impl.RoleInfo (RoleInfo.java:updateAndGet(143)) - d3e2d25d-c3c3-48a0-8e33-5e4fbe645e29: start LeaderState
2019-08-27 20:35:32,878 [d3e2d25d-c3c3-48a0-8e33-5e4fbe645e29:group-C24753DF10BA:LeaderElection13] INFO  segmented.SegmentedRaftLogWorker (SegmentedRaftLogWorker.java:startLogSegment(380)) - d3e2d25d-c3c3-48a0-8e33-5e4fbe645e29-SegmentedRaftLogWorker:Storage Directory /workdir/hadoop-ozone/integration-test/target/test-dir/MiniOzoneClusterImpl-28cf9d06-67c6-47c9-b582-8501430fe7a4/datanode-3/data/ratis/ea08701e-9f55-44fd-b73b-c24753df10ba: Starting segment from index:0
2019-08-27 20:35:32,879 [d3e2d25d-c3c3-48a0-8e33-5e4fbe645e29:group-C24753DF10BA:LeaderElection13] INFO  impl.RaftServerImpl (ServerState.java:setRaftConf(361)) - d3e2d25d-c3c3-48a0-8e33-5e4fbe645e29:group-C24753DF10BA set configuration 0: [d3e2d25d-c3c3-48a0-8e33-5e4fbe645e29:192.168.69.79:36147, 66d75a6c-955d-4ede-8d14-17b2f0877a55:192.168.69.79:36818, 0e21f9eb-1756-4434-ac16-0b5064eda1ed:192.168.69.79:35548], old=null at 0
2019-08-27 20:35:32,922 [grpc-default-executor-7] INFO  impl.RaftServerImpl (ServerState.java:setLeader(263)) - 0e21f9eb-1756-4434-ac16-0b5064eda1ed:group-C24753DF10BA change Leader from null to d3e2d25d-c3c3-48a0-8e33-5e4fbe645e29 at term 2 for appendEntries, leader elected after 10337ms
2019-08-27 20:35:32,933 [d3e2d25d-c3c3-48a0-8e33-5e4fbe645e29-SegmentedRaftLogWorker:Storage Directory /workdir/hadoop-ozone/integration-test/target/test-dir/MiniOzoneClusterImpl-28cf9d06-67c6-47c9-b582-8501430fe7a4/datanode-3/data/ratis/ea08701e-9f55-44fd-b73b-c24753df10ba] INFO  segmented.SegmentedRaftLogWorker (SegmentedRaftLogWorker.java:execute(569)) - d3e2d25d-c3c3-48a0-8e33-5e4fbe645e29-SegmentedRaftLogWorker:Storage Directory /workdir/hadoop-ozone/integration-test/target/test-dir/MiniOzoneClusterImpl-28cf9d06-67c6-47c9-b582-8501430fe7a4/datanode-3/data/ratis/ea08701e-9f55-44fd-b73b-c24753df10ba: created new log segment /workdir/hadoop-ozone/integration-test/target/test-dir/MiniOzoneClusterImpl-28cf9d06-67c6-47c9-b582-8501430fe7a4/datanode-3/data/ratis/ea08701e-9f55-44fd-b73b-c24753df10ba/current/log_inprogress_0
2019-08-27 20:35:32,922 [grpc-default-executor-2] INFO  impl.RaftServerImpl (ServerState.java:setLeader(263)) - 66d75a6c-955d-4ede-8d14-17b2f0877a55:group-C24753DF10BA change Leader from null to d3e2d25d-c3c3-48a0-8e33-5e4fbe645e29 at term 2 for appendEntries, leader elected after 10337ms
2019-08-27 20:35:32,938 [grpc-default-executor-7] INFO  impl.RaftServerImpl (ServerState.java:setRaftConf(361)) - 66d75a6c-955d-4ede-8d14-17b2f0877a55:group-C24753DF10BA set configuration 0: [d3e2d25d-c3c3-48a0-8e33-5e4fbe645e29:192.168.69.79:36147, 66d75a6c-955d-4ede-8d14-17b2f0877a55:192.168.69.79:36818, 0e21f9eb-1756-4434-ac16-0b5064eda1ed:192.168.69.79:35548], old=null at 0
2019-08-27 20:35:32,938 [grpc-default-executor-2] INFO  impl.RaftServerImpl (ServerState.java:setRaftConf(361)) - 0e21f9eb-1756-4434-ac16-0b5064eda1ed:group-C24753DF10BA set configuration 0: [d3e2d25d-c3c3-48a0-8e33-5e4fbe645e29:192.168.69.79:36147, 66d75a6c-955d-4ede-8d14-17b2f0877a55:192.168.69.79:36818, 0e21f9eb-1756-4434-ac16-0b5064eda1ed:192.168.69.79:35548], old=null at 0
2019-08-27 20:35:32,938 | INFO  | SCMAudit | user=jenkins1000 | ip=192.168.69.79 | op=SEND_HEARTBEAT {datanodeUUID=66d75a6c-955d-4ede-8d14-17b2f0877a55, command=[]} | ret=SUCCESS |  
2019-08-27 20:35:32,938 [grpc-default-executor-7] INFO  segmented.SegmentedRaftLogWorker (SegmentedRaftLogWorker.java:startLogSegment(380)) - 66d75a6c-955d-4ede-8d14-17b2f0877a55-SegmentedRaftLogWorker:Storage Directory /workdir/hadoop-ozone/integration-test/target/test-dir/MiniOzoneClusterImpl-28cf9d06-67c6-47c9-b582-8501430fe7a4/datanode-5/data/ratis/ea08701e-9f55-44fd-b73b-c24753df10ba: Starting segment from index:0
2019-08-27 20:35:32,938 [grpc-default-executor-2] INFO  segmented.SegmentedRaftLogWorker (SegmentedRaftLogWorker.java:startLogSegment(380)) - 0e21f9eb-1756-4434-ac16-0b5064eda1ed-SegmentedRaftLogWorker:Storage Directory /workdir/hadoop-ozone/integration-test/target/test-dir/MiniOzoneClusterImpl-28cf9d06-67c6-47c9-b582-8501430fe7a4/datanode-6/data/ratis/ea08701e-9f55-44fd-b73b-c24753df10ba: Starting segment from index:0
2019-08-27 20:35:32,986 [0e21f9eb-1756-4434-ac16-0b5064eda1ed-SegmentedRaftLogWorker:Storage Directory /workdir/hadoop-ozone/integration-test/target/test-dir/MiniOzoneClusterImpl-28cf9d06-67c6-47c9-b582-8501430fe7a4/datanode-6/data/ratis/ea08701e-9f55-44fd-b73b-c24753df10ba] INFO  segmented.SegmentedRaftLogWorker (SegmentedRaftLogWorker.java:execute(569)) - 0e21f9eb-1756-4434-ac16-0b5064eda1ed-SegmentedRaftLogWorker:Storage Directory /workdir/hadoop-ozone/integration-test/target/test-dir/MiniOzoneClusterImpl-28cf9d06-67c6-47c9-b582-8501430fe7a4/datanode-6/data/ratis/ea08701e-9f55-44fd-b73b-c24753df10ba: created new log segment /workdir/hadoop-ozone/integration-test/target/test-dir/MiniOzoneClusterImpl-28cf9d06-67c6-47c9-b582-8501430fe7a4/datanode-6/data/ratis/ea08701e-9f55-44fd-b73b-c24753df10ba/current/log_inprogress_0
2019-08-27 20:35:32,986 [66d75a6c-955d-4ede-8d14-17b2f0877a55-SegmentedRaftLogWorker:Storage Directory /workdir/hadoop-ozone/integration-test/target/test-dir/MiniOzoneClusterImpl-28cf9d06-67c6-47c9-b582-8501430fe7a4/datanode-5/data/ratis/ea08701e-9f55-44fd-b73b-c24753df10ba] INFO  segmented.SegmentedRaftLogWorker (SegmentedRaftLogWorker.java:execute(569)) - 66d75a6c-955d-4ede-8d14-17b2f0877a55-SegmentedRaftLogWorker:Storage Directory /workdir/hadoop-ozone/integration-test/target/test-dir/MiniOzoneClusterImpl-28cf9d06-67c6-47c9-b582-8501430fe7a4/datanode-5/data/ratis/ea08701e-9f55-44fd-b73b-c24753df10ba: created new log segment /workdir/hadoop-ozone/integration-test/target/test-dir/MiniOzoneClusterImpl-28cf9d06-67c6-47c9-b582-8501430fe7a4/datanode-5/data/ratis/ea08701e-9f55-44fd-b73b-c24753df10ba/current/log_inprogress_0
2019-08-27 20:35:33,168 [grpc-default-executor-2] INFO  client.GrpcClientProtocolClient (GrpcClientProtocolClient.java:onNext(255)) - client-8578D8E69290->0e21f9eb-1756-4434-ac16-0b5064eda1ed: receive RaftClientReply:client-8578D8E69290->0e21f9eb-1756-4434-ac16-0b5064eda1ed@group-C24753DF10BA, cid=17, FAILED org.apache.ratis.protocol.NotLeaderException: Server 0e21f9eb-1756-4434-ac16-0b5064eda1ed is not the leader (d3e2d25d-c3c3-48a0-8e33-5e4fbe645e29:192.168.69.79:36147). Request must be sent to leader., logIndex=0, commits[0e21f9eb-1756-4434-ac16-0b5064eda1ed:c-1, d3e2d25d-c3c3-48a0-8e33-5e4fbe645e29:c-1, 66d75a6c-955d-4ede-8d14-17b2f0877a55:c-1]
2019-08-27 20:35:33,200 | INFO  | SCMAudit | user=jenkins1000 | ip=192.168.69.79 | op=SEND_HEARTBEAT {datanodeUUID=0e21f9eb-1756-4434-ac16-0b5064eda1ed, command=[]} | ret=SUCCESS |  
2019-08-27 20:35:33,268 | INFO  | SCMAudit | user=jenkins1000 | ip=192.168.69.79 | op=SEND_HEARTBEAT {datanodeUUID=d3e2d25d-c3c3-48a0-8e33-5e4fbe645e29, command=[]} | ret=SUCCESS |  
2019-08-27 20:35:33,272 | INFO  | DNAudit | user=null | ip=null | op=WRITE_CHUNK {blockData=conID: 2 locID: 1566938129004 bcsId: 0} | ret=SUCCESS |  
2019-08-27 20:35:33,285 | INFO  | SCMAudit | user=jenkins1000 | ip=192.168.69.79 | op=SEND_HEARTBEAT {datanodeUUID=0e21f9eb-1756-4434-ac16-0b5064eda1ed, command=[]} | ret=SUCCESS |  
2019-08-27 20:35:33,285 | INFO  | SCMAudit | user=jenkins1000 | ip=192.168.69.79 | op=SEND_HEARTBEAT {datanodeUUID=66d75a6c-955d-4ede-8d14-17b2f0877a55, command=[]} | ret=SUCCESS |  
2019-08-27 20:35:33,291 | INFO  | DNAudit | user=null | ip=null | op=WRITE_CHUNK {blockData=conID: 2 locID: 1566938129004 bcsId: 0} | ret=SUCCESS |  
2019-08-27 20:35:33,291 | INFO  | DNAudit | user=null | ip=null | op=WRITE_CHUNK {blockData=conID: 2 locID: 1566938129004 bcsId: 0} | ret=SUCCESS |  
2019-08-27 20:35:33,301 | INFO  | DNAudit | user=null | ip=null | op=WRITE_CHUNK {blockData=conID: 2 locID: 1566938129004 bcsId: 0} | ret=SUCCESS |  
2019-08-27 20:35:33,309 [grpc-default-executor-2] INFO  client.GrpcClientProtocolClient (GrpcClientProtocolClient.java:onNext(255)) - client-8578D8E69290->d3e2d25d-c3c3-48a0-8e33-5e4fbe645e29: receive RaftClientReply:client-8578D8E69290->d3e2d25d-c3c3-48a0-8e33-5e4fbe645e29@group-C24753DF10BA, cid=17, SUCCESS, logIndex=1, commits[d3e2d25d-c3c3-48a0-8e33-5e4fbe645e29:c1, 66d75a6c-955d-4ede-8d14-17b2f0877a55:c0, 0e21f9eb-1756-4434-ac16-0b5064eda1ed:c0]
2019-08-27 20:35:33,321 | INFO  | DNAudit | user=null | ip=null | op=WRITE_CHUNK {blockData=conID: 2 locID: 1566938129004 bcsId: 0} | ret=SUCCESS |  
2019-08-27 20:35:33,321 | INFO  | DNAudit | user=null | ip=null | op=WRITE_CHUNK {blockData=conID: 2 locID: 1566938129004 bcsId: 0} | ret=SUCCESS |  
2019-08-27 20:35:33,326 [pool-59-thread-4] WARN  impl.ChunkManagerImpl (ChunkUtils.java:validateChunkForOverwrite(218)) - Duplicate write chunk request. Chunk overwrite without explicit request. ChunkInfo{chunkName='1566938129004.data.0, offset=0, len=1048576}
2019-08-27 20:35:33,326 [pool-59-thread-4] WARN  impl.ChunkManagerImpl (ChunkManagerImpl.java:writeChunk(111)) - ChunkFile already exists/workdir/hadoop-ozone/integration-test/target/test-dir/MiniOzoneClusterImpl-28cf9d06-67c6-47c9-b582-8501430fe7a4/datanode-3/data/containers/hdds/63f9f758-36c8-4baa-8c6f-7be7794b6a84/current/containerDir0/2/chunks/1566938129004.data.0.Deleting it.
2019-08-27 20:35:33,330 | INFO  | DNAudit | user=null | ip=null | op=WRITE_CHUNK {blockData=conID: 2 locID: 1566938129004 bcsId: 0} | ret=SUCCESS |  
2019-08-27 20:35:33,335 [pool-92-thread-2] WARN  impl.ChunkManagerImpl (ChunkUtils.java:validateChunkForOverwrite(218)) - Duplicate write chunk request. Chunk overwrite without explicit request. ChunkInfo{chunkName='1566938129004.data.0, offset=0, len=1048576}
2019-08-27 20:35:33,335 [pool-81-thread-2] WARN  impl.ChunkManagerImpl (ChunkUtils.java:validateChunkForOverwrite(218)) - Duplicate write chunk request. Chunk overwrite without explicit request. ChunkInfo{chunkName='1566938129004.data.0, offset=0, len=1048576}
2019-08-27 20:35:33,335 [pool-92-thread-2] WARN  impl.ChunkManagerImpl (ChunkManagerImpl.java:writeChunk(111)) - ChunkFile already exists/workdir/hadoop-ozone/integration-test/target/test-dir/MiniOzoneClusterImpl-28cf9d06-67c6-47c9-b582-8501430fe7a4/datanode-6/data/containers/hdds/63f9f758-36c8-4baa-8c6f-7be7794b6a84/current/containerDir0/2/chunks/1566938129004.data.0.Deleting it.
2019-08-27 20:35:33,335 [pool-81-thread-2] WARN  impl.ChunkManagerImpl (ChunkManagerImpl.java:writeChunk(111)) - ChunkFile already exists/workdir/hadoop-ozone/integration-test/target/test-dir/MiniOzoneClusterImpl-28cf9d06-67c6-47c9-b582-8501430fe7a4/datanode-5/data/containers/hdds/63f9f758-36c8-4baa-8c6f-7be7794b6a84/current/containerDir0/2/chunks/1566938129004.data.0.Deleting it.
2019-08-27 20:35:33,339 | INFO  | DNAudit | user=null | ip=null | op=WRITE_CHUNK {blockData=conID: 2 locID: 1566938129004 bcsId: 0} | ret=SUCCESS |  
2019-08-27 20:35:33,350 | INFO  | DNAudit | user=null | ip=null | op=WRITE_CHUNK {blockData=conID: 2 locID: 1566938129004 bcsId: 0} | ret=SUCCESS |  
2019-08-27 20:35:33,382 | INFO  | DNAudit | user=null | ip=null | op=PUT_BLOCK {blockData=[blockId=conID: 2 locID: 1566938129004 bcsId: 0,size=1048576]} | ret=SUCCESS |  
2019-08-27 20:35:33,398 [grpc-default-executor-7] INFO  client.GrpcClientProtocolClient (GrpcClientProtocolClient.java:onNext(255)) - client-8578D8E69290->d3e2d25d-c3c3-48a0-8e33-5e4fbe645e29: receive RaftClientReply:client-8578D8E69290->d3e2d25d-c3c3-48a0-8e33-5e4fbe645e29@group-C24753DF10BA, cid=18, SUCCESS, logIndex=3, commits[d3e2d25d-c3c3-48a0-8e33-5e4fbe645e29:c8, 66d75a6c-955d-4ede-8d14-17b2f0877a55:c6, 0e21f9eb-1756-4434-ac16-0b5064eda1ed:c6]
2019-08-27 20:35:33,402 | INFO  | DNAudit | user=null | ip=null | op=WRITE_CHUNK {blockData=conID: 2 locID: 1566938129004 bcsId: 0} | ret=SUCCESS |  
2019-08-27 20:35:33,404 [grpc-default-executor-7] INFO  client.GrpcClientProtocolClient (GrpcClientProtocolClient.java:onNext(255)) - client-8578D8E69290->d3e2d25d-c3c3-48a0-8e33-5e4fbe645e29: receive RaftClientReply:client-8578D8E69290->d3e2d25d-c3c3-48a0-8e33-5e4fbe645e29@group-C24753DF10BA, cid=19, SUCCESS, logIndex=4, commits[d3e2d25d-c3c3-48a0-8e33-5e4fbe645e29:c8, 66d75a6c-955d-4ede-8d14-17b2f0877a55:c6, 0e21f9eb-1756-4434-ac16-0b5064eda1ed:c6]
2019-08-27 20:35:33,425 | INFO  | DNAudit | user=null | ip=null | op=PUT_BLOCK {blockData=[blockId=conID: 2 locID: 1566938129004 bcsId: 0,size=1048576]} | ret=SUCCESS |  
2019-08-27 20:35:33,425 | INFO  | DNAudit | user=null | ip=null | op=WRITE_CHUNK {blockData=conID: 2 locID: 1566938129004 bcsId: 0} | ret=SUCCESS |  
2019-08-27 20:35:33,461 | INFO  | DNAudit | user=null | ip=null | op=PUT_BLOCK {blockData=[blockId=conID: 2 locID: 1566938129004 bcsId: 0,size=1048576]} | ret=SUCCESS |  
2019-08-27 20:35:33,461 | INFO  | DNAudit | user=null | ip=null | op=PUT_BLOCK {blockData=[blockId=conID: 2 locID: 1566938129004 bcsId: 0,size=1048576]} | ret=SUCCESS |  
2019-08-27 20:35:33,463 [grpc-default-executor-7] INFO  client.GrpcClientProtocolClient (GrpcClientProtocolClient.java:onNext(255)) - client-8578D8E69290->d3e2d25d-c3c3-48a0-8e33-5e4fbe645e29: receive RaftClientReply:client-8578D8E69290->d3e2d25d-c3c3-48a0-8e33-5e4fbe645e29@group-C24753DF10BA, cid=20, SUCCESS, logIndex=5, commits[d3e2d25d-c3c3-48a0-8e33-5e4fbe645e29:c8, 66d75a6c-955d-4ede-8d14-17b2f0877a55:c6, 0e21f9eb-1756-4434-ac16-0b5064eda1ed:c6]
2019-08-27 20:35:33,465 [main] INFO  datanode.ObjectStoreHandler (ObjectStoreHandler.java:close(155)) - Closing ObjectStoreHandler.
2019-08-27 20:35:33,466 [main] INFO  ozone.HddsDatanodeService (HddsDatanodeService.java:stop(451)) - Stopped plug-in org.apache.hadoop.ozone.web.OzoneHddsDatanodeService@221b77d7
2019-08-27 20:35:33,469 | INFO  | DNAudit | user=null | ip=null | op=PUT_BLOCK {blockData=[blockId=conID: 2 locID: 1566938129004 bcsId: 0,size=1048576]} | ret=SUCCESS |  
2019-08-27 20:35:33,470 | INFO  | DNAudit | user=null | ip=null | op=WRITE_CHUNK {blockData=conID: 2 locID: 1566938129004 bcsId: 0} | ret=SUCCESS |  
2019-08-27 20:35:33,471 | INFO  | DNAudit | user=null | ip=null | op=PUT_BLOCK {blockData=[blockId=conID: 2 locID: 1566938129004 bcsId: 0,size=1048576]} | ret=SUCCESS |  
2019-08-27 20:35:33,550 | INFO  | SCMAudit | user=jenkins1000 | ip=192.168.69.79 | op=SEND_HEARTBEAT {datanodeUUID=0084f69f-db33-421d-934b-f3be610ce373, command=[]} | ret=SUCCESS |  
2019-08-27 20:35:33,646 | INFO  | SCMAudit | user=jenkins1000 | ip=192.168.69.79 | op=SEND_HEARTBEAT {datanodeUUID=1b35fbb4-6262-4985-94a0-552c85c7eb24, command=[]} | ret=SUCCESS |  
2019-08-27 20:35:33,751 | INFO  | SCMAudit | user=jenkins1000 | ip=192.168.69.79 | op=SEND_HEARTBEAT {datanodeUUID=b4f8e7ad-b7a8-4e4a-8472-2eb2d19272e1, command=[]} | ret=SUCCESS |  
2019-08-27 20:35:33,751 | INFO  | SCMAudit | user=jenkins1000 | ip=192.168.69.79 | op=SEND_HEARTBEAT {datanodeUUID=d70fe1c8-f094-493b-8ff9-9a7372fcdbb2, command=[]} | ret=SUCCESS |  
2019-08-27 20:35:34,268 | INFO  | SCMAudit | user=jenkins1000 | ip=192.168.69.79 | op=SEND_HEARTBEAT {datanodeUUID=d3e2d25d-c3c3-48a0-8e33-5e4fbe645e29, command=[]} | ret=SUCCESS |  
2019-08-27 20:35:34,283 [Datanode State Machine Thread - 0] INFO  statemachine.DatanodeStateMachine (DatanodeStateMachine.java:lambda$startDaemon$0(350)) - Ozone container server started.
2019-08-27 20:35:34,284 | INFO  | SCMAudit | user=jenkins1000 | ip=192.168.69.79 | op=SEND_HEARTBEAT {datanodeUUID=0e21f9eb-1756-4434-ac16-0b5064eda1ed, command=[]} | ret=SUCCESS |  
2019-08-27 20:35:34,550 | INFO  | SCMAudit | user=jenkins1000 | ip=192.168.69.79 | op=SEND_HEARTBEAT {datanodeUUID=0084f69f-db33-421d-934b-f3be610ce373, command=[]} | ret=SUCCESS |  
2019-08-27 20:35:34,646 | INFO  | SCMAudit | user=jenkins1000 | ip=192.168.69.79 | op=SEND_HEARTBEAT {datanodeUUID=1b35fbb4-6262-4985-94a0-552c85c7eb24, command=[]} | ret=SUCCESS |  
2019-08-27 20:35:34,751 | INFO  | SCMAudit | user=jenkins1000 | ip=192.168.69.79 | op=SEND_HEARTBEAT {datanodeUUID=b4f8e7ad-b7a8-4e4a-8472-2eb2d19272e1, command=[]} | ret=SUCCESS |  
2019-08-27 20:35:34,751 | INFO  | SCMAudit | user=jenkins1000 | ip=192.168.69.79 | op=SEND_HEARTBEAT {datanodeUUID=d70fe1c8-f094-493b-8ff9-9a7372fcdbb2, command=[]} | ret=SUCCESS |  
2019-08-27 20:35:35,269 | INFO  | SCMAudit | user=jenkins1000 | ip=192.168.69.79 | op=SEND_HEARTBEAT {datanodeUUID=d3e2d25d-c3c3-48a0-8e33-5e4fbe645e29, command=[]} | ret=SUCCESS |  
2019-08-27 20:35:35,284 | INFO  | SCMAudit | user=jenkins1000 | ip=192.168.69.79 | op=SEND_HEARTBEAT {datanodeUUID=0e21f9eb-1756-4434-ac16-0b5064eda1ed, command=[]} | ret=SUCCESS |  
2019-08-27 20:35:35,551 | INFO  | SCMAudit | user=jenkins1000 | ip=192.168.69.79 | op=SEND_HEARTBEAT {datanodeUUID=0084f69f-db33-421d-934b-f3be610ce373, command=[]} | ret=SUCCESS |  
2019-08-27 20:35:35,647 | INFO  | SCMAudit | user=jenkins1000 | ip=192.168.69.79 | op=SEND_HEARTBEAT {datanodeUUID=1b35fbb4-6262-4985-94a0-552c85c7eb24, command=[]} | ret=SUCCESS |  
2019-08-27 20:35:35,751 | INFO  | SCMAudit | user=jenkins1000 | ip=192.168.69.79 | op=SEND_HEARTBEAT {datanodeUUID=b4f8e7ad-b7a8-4e4a-8472-2eb2d19272e1, command=[]} | ret=SUCCESS |  
2019-08-27 20:35:35,751 | INFO  | SCMAudit | user=jenkins1000 | ip=192.168.69.79 | op=SEND_HEARTBEAT {datanodeUUID=d70fe1c8-f094-493b-8ff9-9a7372fcdbb2, command=[]} | ret=SUCCESS |  
2019-08-27 20:35:36,269 | INFO  | SCMAudit | user=jenkins1000 | ip=192.168.69.79 | op=SEND_HEARTBEAT {datanodeUUID=d3e2d25d-c3c3-48a0-8e33-5e4fbe645e29, command=[]} | ret=SUCCESS |  
2019-08-27 20:35:36,284 | INFO  | SCMAudit | user=jenkins1000 | ip=192.168.69.79 | op=SEND_HEARTBEAT {datanodeUUID=0e21f9eb-1756-4434-ac16-0b5064eda1ed, command=[]} | ret=SUCCESS |  
2019-08-27 20:35:36,366 [EventQueue-StaleNodeForStaleNodeHandler] INFO  node.StaleNodeHandler (StaleNodeHandler.java:onMessage(58)) - Datanode 66d75a6c-955d-4ede-8d14-17b2f0877a55{ip: 192.168.69.79, host: pr-hdds-2042-7vmvp-3661357189, networkLocation: /default-rack, certSerialId: null} moved to stale state. Finalizing its pipelines [PipelineID=2db6ded0-8b12-4170-b1a7-430e4afe5bc3, PipelineID=ea08701e-9f55-44fd-b73b-c24753df10ba]
2019-08-27 20:35:36,366 [EventQueue-StaleNodeForStaleNodeHandler] INFO  pipeline.SCMPipelineManager (SCMPipelineManager.java:finalizeAndDestroyPipeline(309)) - destroying pipeline:Pipeline[ Id: 2db6ded0-8b12-4170-b1a7-430e4afe5bc3, Nodes: 66d75a6c-955d-4ede-8d14-17b2f0877a55{ip: 192.168.69.79, host: pr-hdds-2042-7vmvp-3661357189, networkLocation: /default-rack, certSerialId: null}, Type:RATIS, Factor:ONE, State:OPEN]
2019-08-27 20:35:36,368 [EventQueue-StaleNodeForStaleNodeHandler] INFO  pipeline.PipelineStateManager (PipelineStateManager.java:finalizePipeline(123)) - Pipeline Pipeline[ Id: 2db6ded0-8b12-4170-b1a7-430e4afe5bc3, Nodes: 66d75a6c-955d-4ede-8d14-17b2f0877a55{ip: 192.168.69.79, host: pr-hdds-2042-7vmvp-3661357189, networkLocation: /default-rack, certSerialId: null}, Type:RATIS, Factor:ONE, State:CLOSED] moved to CLOSED state
2019-08-27 20:35:36,369 [EventQueue-StaleNodeForStaleNodeHandler] INFO  pipeline.SCMPipelineManager (SCMPipelineManager.java:finalizeAndDestroyPipeline(309)) - destroying pipeline:Pipeline[ Id: ea08701e-9f55-44fd-b73b-c24753df10ba, Nodes: 66d75a6c-955d-4ede-8d14-17b2f0877a55{ip: 192.168.69.79, host: pr-hdds-2042-7vmvp-3661357189, networkLocation: /default-rack, certSerialId: null}d3e2d25d-c3c3-48a0-8e33-5e4fbe645e29{ip: 192.168.69.79, host: pr-hdds-2042-7vmvp-3661357189, networkLocation: /default-rack, certSerialId: null}0e21f9eb-1756-4434-ac16-0b5064eda1ed{ip: 192.168.69.79, host: pr-hdds-2042-7vmvp-3661357189, networkLocation: /default-rack, certSerialId: null}, Type:RATIS, Factor:THREE, State:OPEN]
2019-08-27 20:35:36,370 [EventQueue-StaleNodeForStaleNodeHandler] INFO  pipeline.PipelineStateManager (PipelineStateManager.java:finalizePipeline(123)) - Pipeline Pipeline[ Id: ea08701e-9f55-44fd-b73b-c24753df10ba, Nodes: 66d75a6c-955d-4ede-8d14-17b2f0877a55{ip: 192.168.69.79, host: pr-hdds-2042-7vmvp-3661357189, networkLocation: /default-rack, certSerialId: null}d3e2d25d-c3c3-48a0-8e33-5e4fbe645e29{ip: 192.168.69.79, host: pr-hdds-2042-7vmvp-3661357189, networkLocation: /default-rack, certSerialId: null}0e21f9eb-1756-4434-ac16-0b5064eda1ed{ip: 192.168.69.79, host: pr-hdds-2042-7vmvp-3661357189, networkLocation: /default-rack, certSerialId: null}, Type:RATIS, Factor:THREE, State:CLOSED] moved to CLOSED state
2019-08-27 20:35:36,371 [EventQueue-CloseContainerForCloseContainerEventHandler] INFO  container.CloseContainerEventHandler (CloseContainerEventHandler.java:onMessage(61)) - Close container Event triggered for container : #2
2019-08-27 20:35:36,552 | INFO  | SCMAudit | user=jenkins1000 | ip=192.168.69.79 | op=SEND_HEARTBEAT {datanodeUUID=0084f69f-db33-421d-934b-f3be610ce373, command=[]} | ret=SUCCESS |  
2019-08-27 20:35:36,647 | INFO  | SCMAudit | user=jenkins1000 | ip=192.168.69.79 | op=SEND_HEARTBEAT {datanodeUUID=1b35fbb4-6262-4985-94a0-552c85c7eb24, command=[]} | ret=SUCCESS |  
2019-08-27 20:35:36,751 | INFO  | SCMAudit | user=jenkins1000 | ip=192.168.69.79 | op=SEND_HEARTBEAT {datanodeUUID=d70fe1c8-f094-493b-8ff9-9a7372fcdbb2, command=[]} | ret=SUCCESS |  
2019-08-27 20:35:36,751 | INFO  | SCMAudit | user=jenkins1000 | ip=192.168.69.79 | op=SEND_HEARTBEAT {datanodeUUID=b4f8e7ad-b7a8-4e4a-8472-2eb2d19272e1, command=[]} | ret=SUCCESS |  
2019-08-27 20:35:37,310 | INFO  | SCMAudit | user=jenkins1000 | ip=192.168.69.79 | op=SEND_HEARTBEAT {datanodeUUID=d3e2d25d-c3c3-48a0-8e33-5e4fbe645e29, command=[commandType: closeContainerCommand closeContainerCommandProto { containerID: 2 pipelineID { id: "ea08701e-9f55-44fd-b73b-c24753df10ba" } cmdId: 2 force: false } ]} | ret=SUCCESS |  
2019-08-27 20:35:37,310 | INFO  | SCMAudit | user=jenkins1000 | ip=192.168.69.79 | op=SEND_HEARTBEAT {datanodeUUID=0e21f9eb-1756-4434-ac16-0b5064eda1ed, command=[commandType: closeContainerCommand closeContainerCommandProto { containerID: 2 pipelineID { id: "ea08701e-9f55-44fd-b73b-c24753df10ba" } cmdId: 2 force: false } ]} | ret=SUCCESS |  
2019-08-27 20:35:37,552 | INFO  | SCMAudit | user=jenkins1000 | ip=192.168.69.79 | op=SEND_HEARTBEAT {datanodeUUID=0084f69f-db33-421d-934b-f3be610ce373, command=[]} | ret=SUCCESS |  
2019-08-27 20:35:37,647 | INFO  | SCMAudit | user=jenkins1000 | ip=192.168.69.79 | op=SEND_HEARTBEAT {datanodeUUID=1b35fbb4-6262-4985-94a0-552c85c7eb24, command=[]} | ret=SUCCESS |  
2019-08-27 20:35:37,751 | INFO  | SCMAudit | user=jenkins1000 | ip=192.168.69.79 | op=SEND_HEARTBEAT {datanodeUUID=b4f8e7ad-b7a8-4e4a-8472-2eb2d19272e1, command=[]} | ret=SUCCESS |  
2019-08-27 20:35:37,751 | INFO  | SCMAudit | user=jenkins1000 | ip=192.168.69.79 | op=SEND_HEARTBEAT {datanodeUUID=d70fe1c8-f094-493b-8ff9-9a7372fcdbb2, command=[]} | ret=SUCCESS |  
2019-08-27 20:35:38,270 | INFO  | SCMAudit | user=jenkins1000 | ip=192.168.69.79 | op=SEND_HEARTBEAT {datanodeUUID=d3e2d25d-c3c3-48a0-8e33-5e4fbe645e29, command=[]} | ret=SUCCESS |  
2019-08-27 20:35:38,285 | INFO  | SCMAudit | user=jenkins1000 | ip=192.168.69.79 | op=SEND_HEARTBEAT {datanodeUUID=0e21f9eb-1756-4434-ac16-0b5064eda1ed, command=[]} | ret=SUCCESS |  
2019-08-27 20:35:38,469 [main] INFO  ozoneimpl.OzoneContainer (OzoneContainer.java:stop(199)) - Attempting to stop container services.
2019-08-27 20:35:38,470 [main] INFO  impl.RaftServerProxy (RaftServerProxy.java:lambda$close$4(314)) - 66d75a6c-955d-4ede-8d14-17b2f0877a55: close
2019-08-27 20:35:38,472 [main] INFO  impl.RaftServerImpl (RaftServerImpl.java:lambda$shutdown$3(245)) - 66d75a6c-955d-4ede-8d14-17b2f0877a55: shutdown group-430E4AFE5BC3
2019-08-27 20:35:38,473 [main] INFO  util.JmxRegister (JmxRegister.java:unregister(73)) - Successfully un-registered JMX Bean with object name Ratis:service=RaftServer,group=group-430E4AFE5BC3,id=66d75a6c-955d-4ede-8d14-17b2f0877a55
2019-08-27 20:35:38,473 [main] INFO  impl.RoleInfo (RoleInfo.java:shutdownLeaderState(104)) - 66d75a6c-955d-4ede-8d14-17b2f0877a55: shutdown LeaderState
2019-08-27 20:35:38,474 [main] INFO  impl.PendingRequests (PendingRequests.java:sendNotLeaderResponses(202)) - 66d75a6c-955d-4ede-8d14-17b2f0877a55-PendingRequests: sendNotLeaderResponses
2019-08-27 20:35:38,476 [main] INFO  impl.StateMachineUpdater (StateMachineUpdater.java:stopAndJoin(115)) - StateMachineUpdater:66d75a6c-955d-4ede-8d14-17b2f0877a55:group-430E4AFE5BC3: set stopIndex = 0
2019-08-27 20:35:38,477 [main] INFO  impl.RaftServerImpl (ServerState.java:close(394)) - 66d75a6c-955d-4ede-8d14-17b2f0877a55:group-430E4AFE5BC3 closes. The last applied log index is 0
2019-08-27 20:35:38,480 [66d75a6c-955d-4ede-8d14-17b2f0877a55-SegmentedRaftLogWorker:Storage Directory /workdir/hadoop-ozone/integration-test/target/test-dir/MiniOzoneClusterImpl-28cf9d06-67c6-47c9-b582-8501430fe7a4/datanode-5/data/ratis/2db6ded0-8b12-4170-b1a7-430e4afe5bc3] INFO  segmented.SegmentedRaftLogWorker (SegmentedRaftLogWorker.java:run(313)) - 66d75a6c-955d-4ede-8d14-17b2f0877a55-SegmentedRaftLogWorker:Storage Directory /workdir/hadoop-ozone/integration-test/target/test-dir/MiniOzoneClusterImpl-28cf9d06-67c6-47c9-b582-8501430fe7a4/datanode-5/data/ratis/2db6ded0-8b12-4170-b1a7-430e4afe5bc3 was interrupted, exiting. There are 0 tasks remaining in the queue.
2019-08-27 20:35:38,484 [main] INFO  segmented.SegmentedRaftLogWorker (SegmentedRaftLogWorker.java:close(228)) - 66d75a6c-955d-4ede-8d14-17b2f0877a55-SegmentedRaftLogWorker:Storage Directory /workdir/hadoop-ozone/integration-test/target/test-dir/MiniOzoneClusterImpl-28cf9d06-67c6-47c9-b582-8501430fe7a4/datanode-5/data/ratis/2db6ded0-8b12-4170-b1a7-430e4afe5bc3 close()
2019-08-27 20:35:38,489 [main] INFO  impl.RaftServerImpl (RaftServerImpl.java:lambda$shutdown$3(245)) - 66d75a6c-955d-4ede-8d14-17b2f0877a55: shutdown group-C24753DF10BA
2019-08-27 20:35:38,489 [main] INFO  util.JmxRegister (JmxRegister.java:unregister(73)) - Successfully un-registered JMX Bean with object name Ratis:service=RaftServer,group=group-C24753DF10BA,id=66d75a6c-955d-4ede-8d14-17b2f0877a55
2019-08-27 20:35:38,490 [main] INFO  impl.RoleInfo (RoleInfo.java:shutdownFollowerState(121)) - 66d75a6c-955d-4ede-8d14-17b2f0877a55: shutdown FollowerState
2019-08-27 20:35:38,490 [main] INFO  impl.StateMachineUpdater (StateMachineUpdater.java:stopAndJoin(115)) - StateMachineUpdater:66d75a6c-955d-4ede-8d14-17b2f0877a55:group-C24753DF10BA: set stopIndex = 8
2019-08-27 20:35:38,490 [Thread-389] INFO  impl.FollowerState (FollowerState.java:run(114)) - 66d75a6c-955d-4ede-8d14-17b2f0877a55: FollowerState was interrupted: java.lang.InterruptedException: sleep interrupted
2019-08-27 20:35:38,490 [StateMachineUpdater:66d75a6c-955d-4ede-8d14-17b2f0877a55:group-C24753DF10BA] INFO  ratis.ContainerStateMachine (ContainerStateMachine.java:takeSnapshot(283)) - group-C24753DF10BA: Taking a snapshot at:(t:2, i:6) file /workdir/hadoop-ozone/integration-test/target/test-dir/MiniOzoneClusterImpl-28cf9d06-67c6-47c9-b582-8501430fe7a4/datanode-5/data/ratis/ea08701e-9f55-44fd-b73b-c24753df10ba/sm/snapshot.2_6
2019-08-27 20:35:38,521 [StateMachineUpdater:66d75a6c-955d-4ede-8d14-17b2f0877a55:group-C24753DF10BA] INFO  ratis.ContainerStateMachine (ContainerStateMachine.java:takeSnapshot(294)) - group-C24753DF10BA: Finished taking a snapshot at:(t:2, i:6) file:/workdir/hadoop-ozone/integration-test/target/test-dir/MiniOzoneClusterImpl-28cf9d06-67c6-47c9-b582-8501430fe7a4/datanode-5/data/ratis/ea08701e-9f55-44fd-b73b-c24753df10ba/sm/snapshot.2_6 time:30
2019-08-27 20:35:38,521 [StateMachineUpdater:66d75a6c-955d-4ede-8d14-17b2f0877a55:group-C24753DF10BA] INFO  impl.StateMachineUpdater (StateMachineUpdater.java:takeSnapshot(242)) - StateMachineUpdater:66d75a6c-955d-4ede-8d14-17b2f0877a55:group-C24753DF10BA: Took a snapshot at index 6
2019-08-27 20:35:38,531 [StateMachineUpdater:66d75a6c-955d-4ede-8d14-17b2f0877a55:group-C24753DF10BA] INFO  impl.StateMachineUpdater (StateMachineUpdater.java:lambda$new$0(80)) - StateMachineUpdater:66d75a6c-955d-4ede-8d14-17b2f0877a55:group-C24753DF10BA: snapshotIndex: updateIncreasingly -1 -> 6
2019-08-27 20:35:38,537 [main] INFO  impl.RaftServerImpl (ServerState.java:close(394)) - 66d75a6c-955d-4ede-8d14-17b2f0877a55:group-C24753DF10BA closes. The last applied log index is 8
2019-08-27 20:35:38,538 [66d75a6c-955d-4ede-8d14-17b2f0877a55-SegmentedRaftLogWorker:Storage Directory /workdir/hadoop-ozone/integration-test/target/test-dir/MiniOzoneClusterImpl-28cf9d06-67c6-47c9-b582-8501430fe7a4/datanode-5/data/ratis/ea08701e-9f55-44fd-b73b-c24753df10ba] INFO  segmented.SegmentedRaftLogWorker (SegmentedRaftLogWorker.java:run(313)) - 66d75a6c-955d-4ede-8d14-17b2f0877a55-SegmentedRaftLogWorker:Storage Directory /workdir/hadoop-ozone/integration-test/target/test-dir/MiniOzoneClusterImpl-28cf9d06-67c6-47c9-b582-8501430fe7a4/datanode-5/data/ratis/ea08701e-9f55-44fd-b73b-c24753df10ba was interrupted, exiting. There are 0 tasks remaining in the queue.
2019-08-27 20:35:38,540 [main] INFO  segmented.SegmentedRaftLogWorker (SegmentedRaftLogWorker.java:close(228)) - 66d75a6c-955d-4ede-8d14-17b2f0877a55-SegmentedRaftLogWorker:Storage Directory /workdir/hadoop-ozone/integration-test/target/test-dir/MiniOzoneClusterImpl-28cf9d06-67c6-47c9-b582-8501430fe7a4/datanode-5/data/ratis/ea08701e-9f55-44fd-b73b-c24753df10ba close()
2019-08-27 20:35:38,545 [main] INFO  server.GrpcService (GrpcService.java:closeImpl(155)) - 66d75a6c-955d-4ede-8d14-17b2f0877a55: shutdown server with port 36818 now
2019-08-27 20:35:38,553 | INFO  | SCMAudit | user=jenkins1000 | ip=192.168.69.79 | op=SEND_HEARTBEAT {datanodeUUID=0084f69f-db33-421d-934b-f3be610ce373, command=[]} | ret=SUCCESS |  
2019-08-27 20:35:38,558 [main] INFO  server.GrpcService (GrpcService.java:closeImpl(163)) - 66d75a6c-955d-4ede-8d14-17b2f0877a55: shutdown server with port 36818 successfully
2019-08-27 20:35:38,558 [grpc-default-executor-7] WARN  server.GrpcServerProtocolService (LogUtils.java:warn(134)) - 66d75a6c-955d-4ede-8d14-17b2f0877a55: appendEntries onError: org.apache.ratis.thirdparty.io.grpc.StatusRuntimeException: CANCELLED: cancelled before receiving half close
2019-08-27 20:35:38,560 [grpc-default-executor-7] WARN  server.GrpcLogAppender (LogUtils.java:warn(134)) - d3e2d25d-c3c3-48a0-8e33-5e4fbe645e29->66d75a6c-955d-4ede-8d14-17b2f0877a55: Failed appendEntries: org.apache.ratis.thirdparty.io.grpc.StatusRuntimeException: CANCELLED: HTTP/2 error code: CANCEL
Received Rst Stream
2019-08-27 20:35:38,564 [grpc-default-executor-7] INFO  impl.FollowerInfo (FollowerInfo.java:lambda$new$0(50)) - d3e2d25d-c3c3-48a0-8e33-5e4fbe645e29->66d75a6c-955d-4ede-8d14-17b2f0877a55: nextIndex: updateUnconditionally 9 -> 8
2019-08-27 20:35:38,567 [main] INFO  utils.BackgroundService (BackgroundService.java:shutdown(148)) - Shutting down service BlockDeletingService
2019-08-27 20:35:38,572 [refreshUsed-/workdir/hadoop-ozone/integration-test/target/test-dir/MiniOzoneClusterImpl-28cf9d06-67c6-47c9-b582-8501430fe7a4/datanode-5/data/containers] WARN  fs.CachingGetSpaceUsed (CachingGetSpaceUsed.java:run(183)) - Thread Interrupted waiting to refresh disk information: sleep interrupted
2019-08-27 20:35:38,600 [main] INFO  statemachine.DatanodeStateMachine (DatanodeStateMachine.java:stopDaemon(395)) - Ozone container server stopped.
2019-08-27 20:35:38,606 [main] INFO  handler.ContextHandler (ContextHandler.java:doStop(910)) - Stopped o.e.j.w.WebAppContext@5c82031b{/,null,UNAVAILABLE}{/hddsDatanode}
2019-08-27 20:35:38,616 [main] INFO  server.AbstractConnector (AbstractConnector.java:doStop(318)) - Stopped ServerConnector@274fdea6{HTTP/1.1,[http/1.1]}{0.0.0.0:0}
2019-08-27 20:35:38,616 [main] INFO  handler.ContextHandler (ContextHandler.java:doStop(910)) - Stopped o.e.j.s.ServletContextHandler@4e17442f{/static,jar:file:/home/user/.m2/repository/org/apache/hadoop/hadoop-hdds-container-service/0.5.0-SNAPSHOT/hadoop-hdds-container-service-0.5.0-SNAPSHOT.jar!/webapps/static,UNAVAILABLE}
2019-08-27 20:35:38,617 [main] INFO  handler.ContextHandler (ContextHandler.java:doStop(910)) - Stopped o.e.j.s.ServletContextHandler@63f9ddf9{/logs,file:///workdir/hadoop-ozone/integration-test/target/log,UNAVAILABLE}
2019-08-27 20:35:38,619 [main] INFO  datanode.ObjectStoreHandler (ObjectStoreHandler.java:close(155)) - Closing ObjectStoreHandler.
2019-08-27 20:35:38,620 [main] INFO  ozone.HddsDatanodeService (HddsDatanodeService.java:stop(451)) - Stopped plug-in org.apache.hadoop.ozone.web.OzoneHddsDatanodeService@6cc48a17
2019-08-27 20:35:38,647 | INFO  | SCMAudit | user=jenkins1000 | ip=192.168.69.79 | op=SEND_HEARTBEAT {datanodeUUID=1b35fbb4-6262-4985-94a0-552c85c7eb24, command=[]} | ret=SUCCESS |  
2019-08-27 20:35:38,751 | INFO  | SCMAudit | user=jenkins1000 | ip=192.168.69.79 | op=SEND_HEARTBEAT {datanodeUUID=d70fe1c8-f094-493b-8ff9-9a7372fcdbb2, command=[]} | ret=SUCCESS |  
2019-08-27 20:35:38,751 | INFO  | SCMAudit | user=jenkins1000 | ip=192.168.69.79 | op=SEND_HEARTBEAT {datanodeUUID=b4f8e7ad-b7a8-4e4a-8472-2eb2d19272e1, command=[]} | ret=SUCCESS |  
2019-08-27 20:35:39,267 [Datanode State Machine Thread - 0] INFO  statemachine.DatanodeStateMachine (DatanodeStateMachine.java:lambda$startDaemon$0(350)) - Ozone container server started.
2019-08-27 20:35:39,285 | INFO  | SCMAudit | user=jenkins1000 | ip=192.168.69.79 | op=SEND_HEARTBEAT {datanodeUUID=0e21f9eb-1756-4434-ac16-0b5064eda1ed, command=[]} | ret=SUCCESS |  
2019-08-27 20:35:39,305 | INFO  | SCMAudit | user=jenkins1000 | ip=192.168.69.79 | op=SEND_HEARTBEAT {datanodeUUID=0e21f9eb-1756-4434-ac16-0b5064eda1ed, command=[]} | ret=SUCCESS |  
2019-08-27 20:35:39,553 | INFO  | SCMAudit | user=jenkins1000 | ip=192.168.69.79 | op=SEND_HEARTBEAT {datanodeUUID=0084f69f-db33-421d-934b-f3be610ce373, command=[]} | ret=SUCCESS |  
2019-08-27 20:35:39,647 | INFO  | SCMAudit | user=jenkins1000 | ip=192.168.69.79 | op=SEND_HEARTBEAT {datanodeUUID=1b35fbb4-6262-4985-94a0-552c85c7eb24, command=[]} | ret=SUCCESS |  
2019-08-27 20:35:39,751 | INFO  | SCMAudit | user=jenkins1000 | ip=192.168.69.79 | op=SEND_HEARTBEAT {datanodeUUID=b4f8e7ad-b7a8-4e4a-8472-2eb2d19272e1, command=[]} | ret=SUCCESS |  
2019-08-27 20:35:39,751 | INFO  | SCMAudit | user=jenkins1000 | ip=192.168.69.79 | op=SEND_HEARTBEAT {datanodeUUID=d70fe1c8-f094-493b-8ff9-9a7372fcdbb2, command=[]} | ret=SUCCESS |  
2019-08-27 20:35:40,305 | INFO  | SCMAudit | user=jenkins1000 | ip=192.168.69.79 | op=SEND_HEARTBEAT {datanodeUUID=0e21f9eb-1756-4434-ac16-0b5064eda1ed, command=[]} | ret=SUCCESS |  
2019-08-27 20:35:40,554 | INFO  | SCMAudit | user=jenkins1000 | ip=192.168.69.79 | op=SEND_HEARTBEAT {datanodeUUID=0084f69f-db33-421d-934b-f3be610ce373, command=[]} | ret=SUCCESS |  
2019-08-27 20:35:40,647 | INFO  | SCMAudit | user=jenkins1000 | ip=192.168.69.79 | op=SEND_HEARTBEAT {datanodeUUID=1b35fbb4-6262-4985-94a0-552c85c7eb24, command=[]} | ret=SUCCESS |  
2019-08-27 20:35:40,751 | INFO  | SCMAudit | user=jenkins1000 | ip=192.168.69.79 | op=SEND_HEARTBEAT {datanodeUUID=b4f8e7ad-b7a8-4e4a-8472-2eb2d19272e1, command=[]} | ret=SUCCESS |  
2019-08-27 20:35:40,751 | INFO  | SCMAudit | user=jenkins1000 | ip=192.168.69.79 | op=SEND_HEARTBEAT {datanodeUUID=d70fe1c8-f094-493b-8ff9-9a7372fcdbb2, command=[]} | ret=SUCCESS |  
2019-08-27 20:35:40,884 [grpc-default-executor-7] WARN  server.GrpcLogAppender (LogUtils.java:warn(134)) - d3e2d25d-c3c3-48a0-8e33-5e4fbe645e29->66d75a6c-955d-4ede-8d14-17b2f0877a55: Failed appendEntries: org.apache.ratis.thirdparty.io.grpc.StatusRuntimeException: UNAVAILABLE: io exception
2019-08-27 20:35:40,886 [grpc-default-executor-7] INFO  impl.FollowerInfo (FollowerInfo.java:lambda$new$0(50)) - d3e2d25d-c3c3-48a0-8e33-5e4fbe645e29->66d75a6c-955d-4ede-8d14-17b2f0877a55: nextIndex: updateUnconditionally 8 -> 7
2019-08-27 20:35:41,277 [EventQueue-StaleNodeForStaleNodeHandler] INFO  node.StaleNodeHandler (StaleNodeHandler.java:onMessage(58)) - Datanode d3e2d25d-c3c3-48a0-8e33-5e4fbe645e29{ip: 192.168.69.79, host: pr-hdds-2042-7vmvp-3661357189, networkLocation: /default-rack, certSerialId: null} moved to stale state. Finalizing its pipelines [PipelineID=ea08701e-9f55-44fd-b73b-c24753df10ba, PipelineID=d9869ead-e690-4a7d-b103-bf7e1862bbb4]
2019-08-27 20:35:41,277 [EventQueue-StaleNodeForStaleNodeHandler] INFO  pipeline.SCMPipelineManager (SCMPipelineManager.java:finalizeAndDestroyPipeline(309)) - destroying pipeline:Pipeline[ Id: ea08701e-9f55-44fd-b73b-c24753df10ba, Nodes: 66d75a6c-955d-4ede-8d14-17b2f0877a55{ip: 192.168.69.79, host: pr-hdds-2042-7vmvp-3661357189, networkLocation: /default-rack, certSerialId: null}d3e2d25d-c3c3-48a0-8e33-5e4fbe645e29{ip: 192.168.69.79, host: pr-hdds-2042-7vmvp-3661357189, networkLocation: /default-rack, certSerialId: null}0e21f9eb-1756-4434-ac16-0b5064eda1ed{ip: 192.168.69.79, host: pr-hdds-2042-7vmvp-3661357189, networkLocation: /default-rack, certSerialId: null}, Type:RATIS, Factor:THREE, State:CLOSED]
2019-08-27 20:35:41,278 [EventQueue-StaleNodeForStaleNodeHandler] INFO  pipeline.SCMPipelineManager (SCMPipelineManager.java:finalizeAndDestroyPipeline(309)) - destroying pipeline:Pipeline[ Id: d9869ead-e690-4a7d-b103-bf7e1862bbb4, Nodes: d3e2d25d-c3c3-48a0-8e33-5e4fbe645e29{ip: 192.168.69.79, host: pr-hdds-2042-7vmvp-3661357189, networkLocation: /default-rack, certSerialId: null}, Type:RATIS, Factor:ONE, State:OPEN]
2019-08-27 20:35:41,278 [EventQueue-StaleNodeForStaleNodeHandler] INFO  pipeline.PipelineStateManager (PipelineStateManager.java:finalizePipeline(123)) - Pipeline Pipeline[ Id: d9869ead-e690-4a7d-b103-bf7e1862bbb4, Nodes: d3e2d25d-c3c3-48a0-8e33-5e4fbe645e29{ip: 192.168.69.79, host: pr-hdds-2042-7vmvp-3661357189, networkLocation: /default-rack, certSerialId: null}, Type:RATIS, Factor:ONE, State:CLOSED] moved to CLOSED state
2019-08-27 20:35:41,306 | INFO  | SCMAudit | user=jenkins1000 | ip=192.168.69.79 | op=SEND_HEARTBEAT {datanodeUUID=0e21f9eb-1756-4434-ac16-0b5064eda1ed, command=[]} | ret=SUCCESS |  
2019-08-27 20:35:41,554 | INFO  | SCMAudit | user=jenkins1000 | ip=192.168.69.79 | op=SEND_HEARTBEAT {datanodeUUID=0084f69f-db33-421d-934b-f3be610ce373, command=[]} | ret=SUCCESS |  
2019-08-27 20:35:41,647 | INFO  | SCMAudit | user=jenkins1000 | ip=192.168.69.79 | op=SEND_HEARTBEAT {datanodeUUID=1b35fbb4-6262-4985-94a0-552c85c7eb24, command=[]} | ret=SUCCESS |  
2019-08-27 20:35:41,752 | INFO  | SCMAudit | user=jenkins1000 | ip=192.168.69.79 | op=SEND_HEARTBEAT {datanodeUUID=d70fe1c8-f094-493b-8ff9-9a7372fcdbb2, command=[]} | ret=SUCCESS |  
2019-08-27 20:35:41,752 | INFO  | SCMAudit | user=jenkins1000 | ip=192.168.69.79 | op=SEND_HEARTBEAT {datanodeUUID=b4f8e7ad-b7a8-4e4a-8472-2eb2d19272e1, command=[]} | ret=SUCCESS |  
2019-08-27 20:35:42,307 | INFO  | SCMAudit | user=jenkins1000 | ip=192.168.69.79 | op=SEND_HEARTBEAT {datanodeUUID=0e21f9eb-1756-4434-ac16-0b5064eda1ed, command=[]} | ret=SUCCESS |  
2019-08-27 20:35:42,554 | INFO  | SCMAudit | user=jenkins1000 | ip=192.168.69.79 | op=SEND_HEARTBEAT {datanodeUUID=0084f69f-db33-421d-934b-f3be610ce373, command=[]} | ret=SUCCESS |  
2019-08-27 20:35:42,647 | INFO  | SCMAudit | user=jenkins1000 | ip=192.168.69.79 | op=SEND_HEARTBEAT {datanodeUUID=1b35fbb4-6262-4985-94a0-552c85c7eb24, command=[]} | ret=SUCCESS |  
2019-08-27 20:35:42,753 | INFO  | SCMAudit | user=jenkins1000 | ip=192.168.69.79 | op=SEND_HEARTBEAT {datanodeUUID=b4f8e7ad-b7a8-4e4a-8472-2eb2d19272e1, command=[]} | ret=SUCCESS |  
2019-08-27 20:35:42,753 | INFO  | SCMAudit | user=jenkins1000 | ip=192.168.69.79 | op=SEND_HEARTBEAT {datanodeUUID=d70fe1c8-f094-493b-8ff9-9a7372fcdbb2, command=[]} | ret=SUCCESS |  
2019-08-27 20:35:43,306 | INFO  | SCMAudit | user=jenkins1000 | ip=192.168.69.79 | op=SEND_HEARTBEAT {datanodeUUID=0e21f9eb-1756-4434-ac16-0b5064eda1ed, command=[]} | ret=SUCCESS |  
2019-08-27 20:35:43,380 [grpc-default-executor-2] WARN  server.GrpcLogAppender (LogUtils.java:warn(134)) - d3e2d25d-c3c3-48a0-8e33-5e4fbe645e29->66d75a6c-955d-4ede-8d14-17b2f0877a55: Failed appendEntries: org.apache.ratis.thirdparty.io.grpc.StatusRuntimeException: UNAVAILABLE: io exception
2019-08-27 20:35:43,384 [grpc-default-executor-2] INFO  impl.FollowerInfo (FollowerInfo.java:lambda$new$0(50)) - d3e2d25d-c3c3-48a0-8e33-5e4fbe645e29->66d75a6c-955d-4ede-8d14-17b2f0877a55: nextIndex: updateUnconditionally 7 -> 6
2019-08-27 20:35:43,554 | INFO  | SCMAudit | user=jenkins1000 | ip=192.168.69.79 | op=SEND_HEARTBEAT {datanodeUUID=0084f69f-db33-421d-934b-f3be610ce373, command=[]} | ret=SUCCESS |  
2019-08-27 20:35:43,621 [main] INFO  ozoneimpl.OzoneContainer (OzoneContainer.java:stop(199)) - Attempting to stop container services.
2019-08-27 20:35:43,622 [main] INFO  impl.RaftServerProxy (RaftServerProxy.java:lambda$close$4(314)) - d3e2d25d-c3c3-48a0-8e33-5e4fbe645e29: close
2019-08-27 20:35:43,622 [main] INFO  impl.RaftServerImpl (RaftServerImpl.java:lambda$shutdown$3(245)) - d3e2d25d-c3c3-48a0-8e33-5e4fbe645e29: shutdown group-C24753DF10BA
2019-08-27 20:35:43,622 [ForkJoinPool.commonPool-worker-1] INFO  impl.RaftServerImpl (RaftServerImpl.java:lambda$shutdown$3(245)) - d3e2d25d-c3c3-48a0-8e33-5e4fbe645e29: shutdown group-BF7E1862BBB4
2019-08-27 20:35:43,622 [main] INFO  util.JmxRegister (JmxRegister.java:unregister(73)) - Successfully un-registered JMX Bean with object name Ratis:service=RaftServer,group=group-C24753DF10BA,id=d3e2d25d-c3c3-48a0-8e33-5e4fbe645e29
2019-08-27 20:35:43,623 [ForkJoinPool.commonPool-worker-1] INFO  util.JmxRegister (JmxRegister.java:unregister(73)) - Successfully un-registered JMX Bean with object name Ratis:service=RaftServer,group=group-BF7E1862BBB4,id=d3e2d25d-c3c3-48a0-8e33-5e4fbe645e29
2019-08-27 20:35:43,623 [main] INFO  impl.RoleInfo (RoleInfo.java:shutdownLeaderState(104)) - d3e2d25d-c3c3-48a0-8e33-5e4fbe645e29: shutdown LeaderState
2019-08-27 20:35:43,623 [ForkJoinPool.commonPool-worker-1] INFO  impl.RoleInfo (RoleInfo.java:shutdownLeaderState(104)) - d3e2d25d-c3c3-48a0-8e33-5e4fbe645e29: shutdown LeaderState
2019-08-27 20:35:43,629 [org.apache.ratis.server.impl.LogAppender$AppenderDaemon$$Lambda$500/1469263868@11db6c07] WARN  server.GrpcLogAppender (GrpcLogAppender.java:mayWait(143)) - GrpcLogAppender(d3e2d25d-c3c3-48a0-8e33-5e4fbe645e29->0e21f9eb-1756-4434-ac16-0b5064eda1ed): Wait interrupted by java.lang.InterruptedException
2019-08-27 20:35:43,629 [main] INFO  impl.PendingRequests (PendingRequests.java:sendNotLeaderResponses(202)) - d3e2d25d-c3c3-48a0-8e33-5e4fbe645e29-PendingRequests: sendNotLeaderResponses
2019-08-27 20:35:43,629 [ForkJoinPool.commonPool-worker-1] INFO  impl.PendingRequests (PendingRequests.java:sendNotLeaderResponses(202)) - d3e2d25d-c3c3-48a0-8e33-5e4fbe645e29-PendingRequests: sendNotLeaderResponses
2019-08-27 20:35:43,629 [org.apache.ratis.server.impl.LogAppender$AppenderDaemon$$Lambda$500/1469263868@54d9f8f8] WARN  server.GrpcLogAppender (GrpcLogAppender.java:mayWait(143)) - GrpcLogAppender(d3e2d25d-c3c3-48a0-8e33-5e4fbe645e29->66d75a6c-955d-4ede-8d14-17b2f0877a55): Wait interrupted by java.lang.InterruptedException
2019-08-27 20:35:43,637 [ForkJoinPool.commonPool-worker-1] INFO  impl.StateMachineUpdater (StateMachineUpdater.java:stopAndJoin(115)) - StateMachineUpdater:d3e2d25d-c3c3-48a0-8e33-5e4fbe645e29:group-BF7E1862BBB4: set stopIndex = 0
2019-08-27 20:35:43,639 [ForkJoinPool.commonPool-worker-1] INFO  impl.RaftServerImpl (ServerState.java:close(394)) - d3e2d25d-c3c3-48a0-8e33-5e4fbe645e29:group-BF7E1862BBB4 closes. The last applied log index is 0
2019-08-27 20:35:43,639 [grpc-default-executor-2] INFO  server.GrpcServerProtocolService (GrpcServerProtocolService.java:onCompleted(104)) - 0e21f9eb-1756-4434-ac16-0b5064eda1ed: appendEntries completed
2019-08-27 20:35:43,642 [d3e2d25d-c3c3-48a0-8e33-5e4fbe645e29-SegmentedRaftLogWorker:Storage Directory /workdir/hadoop-ozone/integration-test/target/test-dir/MiniOzoneClusterImpl-28cf9d06-67c6-47c9-b582-8501430fe7a4/datanode-3/data/ratis/d9869ead-e690-4a7d-b103-bf7e1862bbb4] INFO  segmented.SegmentedRaftLogWorker (SegmentedRaftLogWorker.java:run(313)) - d3e2d25d-c3c3-48a0-8e33-5e4fbe645e29-SegmentedRaftLogWorker:Storage Directory /workdir/hadoop-ozone/integration-test/target/test-dir/MiniOzoneClusterImpl-28cf9d06-67c6-47c9-b582-8501430fe7a4/datanode-3/data/ratis/d9869ead-e690-4a7d-b103-bf7e1862bbb4 was interrupted, exiting. There are 0 tasks remaining in the queue.
2019-08-27 20:35:43,644 [ForkJoinPool.commonPool-worker-1] INFO  segmented.SegmentedRaftLogWorker (SegmentedRaftLogWorker.java:close(228)) - d3e2d25d-c3c3-48a0-8e33-5e4fbe645e29-SegmentedRaftLogWorker:Storage Directory /workdir/hadoop-ozone/integration-test/target/test-dir/MiniOzoneClusterImpl-28cf9d06-67c6-47c9-b582-8501430fe7a4/datanode-3/data/ratis/d9869ead-e690-4a7d-b103-bf7e1862bbb4 close()
2019-08-27 20:35:43,649 [grpc-default-executor-2] INFO  server.GrpcLogAppender (GrpcLogAppender.java:onCompleted(292)) - d3e2d25d-c3c3-48a0-8e33-5e4fbe645e29->0e21f9eb-1756-4434-ac16-0b5064eda1ed: follower responses appendEntries COMPLETED
2019-08-27 20:35:43,651 [grpc-default-executor-2] INFO  impl.FollowerInfo (FollowerInfo.java:lambda$new$0(50)) - d3e2d25d-c3c3-48a0-8e33-5e4fbe645e29->0e21f9eb-1756-4434-ac16-0b5064eda1ed: nextIndex: updateUnconditionally 9 -> 8
2019-08-27 20:35:43,652 | INFO  | SCMAudit | user=jenkins1000 | ip=192.168.69.79 | op=SEND_HEARTBEAT {datanodeUUID=1b35fbb4-6262-4985-94a0-552c85c7eb24, command=[]} | ret=SUCCESS |  
2019-08-27 20:35:43,655 [main] INFO  impl.StateMachineUpdater (StateMachineUpdater.java:stopAndJoin(115)) - StateMachineUpdater:d3e2d25d-c3c3-48a0-8e33-5e4fbe645e29:group-C24753DF10BA: set stopIndex = 8
2019-08-27 20:35:43,655 [StateMachineUpdater:d3e2d25d-c3c3-48a0-8e33-5e4fbe645e29:group-C24753DF10BA] INFO  ratis.ContainerStateMachine (ContainerStateMachine.java:takeSnapshot(283)) - group-C24753DF10BA: Taking a snapshot at:(t:2, i:8) file /workdir/hadoop-ozone/integration-test/target/test-dir/MiniOzoneClusterImpl-28cf9d06-67c6-47c9-b582-8501430fe7a4/datanode-3/data/ratis/ea08701e-9f55-44fd-b73b-c24753df10ba/sm/snapshot.2_8
2019-08-27 20:35:43,669 [StateMachineUpdater:d3e2d25d-c3c3-48a0-8e33-5e4fbe645e29:group-C24753DF10BA] INFO  ratis.ContainerStateMachine (ContainerStateMachine.java:takeSnapshot(294)) - group-C24753DF10BA: Finished taking a snapshot at:(t:2, i:8) file:/workdir/hadoop-ozone/integration-test/target/test-dir/MiniOzoneClusterImpl-28cf9d06-67c6-47c9-b582-8501430fe7a4/datanode-3/data/ratis/ea08701e-9f55-44fd-b73b-c24753df10ba/sm/snapshot.2_8 time:14
2019-08-27 20:35:43,670 [StateMachineUpdater:d3e2d25d-c3c3-48a0-8e33-5e4fbe645e29:group-C24753DF10BA] INFO  impl.StateMachineUpdater (StateMachineUpdater.java:takeSnapshot(242)) - StateMachineUpdater:d3e2d25d-c3c3-48a0-8e33-5e4fbe645e29:group-C24753DF10BA: Took a snapshot at index 8
2019-08-27 20:35:43,670 [StateMachineUpdater:d3e2d25d-c3c3-48a0-8e33-5e4fbe645e29:group-C24753DF10BA] INFO  impl.StateMachineUpdater (StateMachineUpdater.java:lambda$new$0(80)) - StateMachineUpdater:d3e2d25d-c3c3-48a0-8e33-5e4fbe645e29:group-C24753DF10BA: snapshotIndex: updateIncreasingly -1 -> 8
2019-08-27 20:35:43,670 [main] INFO  impl.RaftServerImpl (ServerState.java:close(394)) - d3e2d25d-c3c3-48a0-8e33-5e4fbe645e29:group-C24753DF10BA closes. The last applied log index is 8
2019-08-27 20:35:43,671 [d3e2d25d-c3c3-48a0-8e33-5e4fbe645e29-SegmentedRaftLogWorker:Storage Directory /workdir/hadoop-ozone/integration-test/target/test-dir/MiniOzoneClusterImpl-28cf9d06-67c6-47c9-b582-8501430fe7a4/datanode-3/data/ratis/ea08701e-9f55-44fd-b73b-c24753df10ba] INFO  segmented.SegmentedRaftLogWorker (SegmentedRaftLogWorker.java:run(313)) - d3e2d25d-c3c3-48a0-8e33-5e4fbe645e29-SegmentedRaftLogWorker:Storage Directory /workdir/hadoop-ozone/integration-test/target/test-dir/MiniOzoneClusterImpl-28cf9d06-67c6-47c9-b582-8501430fe7a4/datanode-3/data/ratis/ea08701e-9f55-44fd-b73b-c24753df10ba was interrupted, exiting. There are 0 tasks remaining in the queue.
2019-08-27 20:35:43,673 [main] INFO  segmented.SegmentedRaftLogWorker (SegmentedRaftLogWorker.java:close(228)) - d3e2d25d-c3c3-48a0-8e33-5e4fbe645e29-SegmentedRaftLogWorker:Storage Directory /workdir/hadoop-ozone/integration-test/target/test-dir/MiniOzoneClusterImpl-28cf9d06-67c6-47c9-b582-8501430fe7a4/datanode-3/data/ratis/ea08701e-9f55-44fd-b73b-c24753df10ba close()
2019-08-27 20:35:43,677 [main] INFO  server.GrpcService (GrpcService.java:closeImpl(155)) - d3e2d25d-c3c3-48a0-8e33-5e4fbe645e29: shutdown server with port 36147 now
2019-08-27 20:35:43,678 [main] INFO  server.GrpcService (GrpcService.java:closeImpl(163)) - d3e2d25d-c3c3-48a0-8e33-5e4fbe645e29: shutdown server with port 36147 successfully
2019-08-27 20:35:43,680 [main] INFO  utils.BackgroundService (BackgroundService.java:shutdown(148)) - Shutting down service BlockDeletingService
2019-08-27 20:35:43,681 [refreshUsed-/workdir/hadoop-ozone/integration-test/target/test-dir/MiniOzoneClusterImpl-28cf9d06-67c6-47c9-b582-8501430fe7a4/datanode-3/data/containers] WARN  fs.CachingGetSpaceUsed (CachingGetSpaceUsed.java:run(183)) - Thread Interrupted waiting to refresh disk information: sleep interrupted
2019-08-27 20:35:43,706 [main] INFO  statemachine.DatanodeStateMachine (DatanodeStateMachine.java:stopDaemon(395)) - Ozone container server stopped.
2019-08-27 20:35:43,708 [main] INFO  handler.ContextHandler (ContextHandler.java:doStop(910)) - Stopped o.e.j.w.WebAppContext@4aaecabd{/,null,UNAVAILABLE}{/hddsDatanode}
2019-08-27 20:35:43,709 [main] INFO  server.AbstractConnector (AbstractConnector.java:doStop(318)) - Stopped ServerConnector@23bd0c81{HTTP/1.1,[http/1.1]}{0.0.0.0:0}
2019-08-27 20:35:43,709 [main] INFO  handler.ContextHandler (ContextHandler.java:doStop(910)) - Stopped o.e.j.s.ServletContextHandler@130cfc47{/static,jar:file:/home/user/.m2/repository/org/apache/hadoop/hadoop-hdds-container-service/0.5.0-SNAPSHOT/hadoop-hdds-container-service-0.5.0-SNAPSHOT.jar!/webapps/static,UNAVAILABLE}
2019-08-27 20:35:43,710 [main] INFO  handler.ContextHandler (ContextHandler.java:doStop(910)) - Stopped o.e.j.s.ServletContextHandler@7a0ab480{/logs,file:///workdir/hadoop-ozone/integration-test/target/log,UNAVAILABLE}
]]></system-out>
  </testcase>
</testsuite>