<?xml version="1.0" encoding="UTF-8"?>
<testsuite xmlns:xsi="http://www.w3.org/2001/XMLSchema-instance" xsi:noNamespaceSchemaLocation="https://maven.apache.org/surefire/maven-surefire-plugin/xsd/surefire-test-report.xsd" name="org.apache.hadoop.ozone.client.rpc.TestWatchForCommit" time="220.139" tests="5" errors="1" skipped="0" failures="0">
  <properties>
    <property name="awt.toolkit" value="sun.awt.X11.XToolkit"/>
    <property name="file.encoding.pkg" value="sun.io"/>
    <property name="java.specification.version" value="1.8"/>
    <property name="sun.cpu.isalist" value=""/>
    <property name="sun.jnu.encoding" value="UTF-8"/>
    <property name="java.class.path" value="/workdir/hadoop-ozone/integration-test/target/test-classes:/workdir/hadoop-ozone/integration-test/target/classes:/home/user/.m2/repository/org/apache/hadoop/hadoop-ozone-common/0.5.0-SNAPSHOT/hadoop-ozone-common-0.5.0-SNAPSHOT.jar:/home/user/.m2/repository/org/apache/commons/commons-compress/1.4.1/commons-compress-1.4.1.jar:/home/user/.m2/repository/org/tukaani/xz/1.0/xz-1.0.jar:/home/user/.m2/repository/org/apache/hadoop/hadoop-common/3.2.0/hadoop-common-3.2.0.jar:/home/user/.m2/repository/org/apache/hadoop/hadoop-hdfs/3.2.0/hadoop-hdfs-3.2.0.jar:/home/user/.m2/repository/org/apache/hadoop/hadoop-hdfs-client/3.2.0/hadoop-hdfs-client-3.2.0.jar:/home/user/.m2/repository/com/fasterxml/jackson/core/jackson-annotations/2.9.9/jackson-annotations-2.9.9.jar:/home/user/.m2/repository/org/apache/hadoop/hadoop-hdds-common/0.5.0-SNAPSHOT/hadoop-hdds-common-0.5.0-SNAPSHOT.jar:/home/user/.m2/repository/javax/annotation/javax.annotation-api/1.2/javax.annotation-api-1.2.jar:/home/user/.m2/repository/org/apache/ratis/ratis-server/0.4.0-78e95b9-SNAPSHOT/ratis-server-0.4.0-78e95b9-SNAPSHOT.jar:/home/user/.m2/repository/org/apache/ratis/ratis-thirdparty-misc/0.2.0/ratis-thirdparty-misc-0.2.0.jar:/home/user/.m2/repository/org/apache/ratis/ratis-proto/0.4.0-78e95b9-SNAPSHOT/ratis-proto-0.4.0-78e95b9-SNAPSHOT.jar:/home/user/.m2/repository/org/apache/ratis/ratis-common/0.4.0-78e95b9-SNAPSHOT/ratis-common-0.4.0-78e95b9-SNAPSHOT.jar:/home/user/.m2/repository/org/apache/ratis/ratis-client/0.4.0-78e95b9-SNAPSHOT/ratis-client-0.4.0-78e95b9-SNAPSHOT.jar:/home/user/.m2/repository/org/apache/ratis/ratis-metrics/0.4.0-78e95b9-SNAPSHOT/ratis-metrics-0.4.0-78e95b9-SNAPSHOT.jar:/home/user/.m2/repository/com/github/joshelser/dropwizard-metrics-hadoop-metrics2-reporter/0.1.2/dropwizard-metrics-hadoop-metrics2-reporter-0.1.2.jar:/home/user/.m2/repository/io/dropwizard/metrics/metrics-jvm/3.2.5/metrics-jvm-3.2.5.jar:/home/user/.m2/repository/io/dropwizard/metrics/metrics-ganglia/3.2.5/metrics-ganglia-3.2.5.jar:/home/user/.m2/repository/info/ganglia/gmetric4j/gmetric4j/1.0.7/gmetric4j-1.0.7.jar:/home/user/.m2/repository/org/apache/ratis/ratis-netty/0.4.0-78e95b9-SNAPSHOT/ratis-netty-0.4.0-78e95b9-SNAPSHOT.jar:/home/user/.m2/repository/org/apache/ratis/ratis-grpc/0.4.0-78e95b9-SNAPSHOT/ratis-grpc-0.4.0-78e95b9-SNAPSHOT.jar:/home/user/.m2/repository/org/rocksdb/rocksdbjni/6.0.1/rocksdbjni-6.0.1.jar:/home/user/.m2/repository/org/apache/logging/log4j/log4j-api/2.11.0/log4j-api-2.11.0.jar:/home/user/.m2/repository/org/apache/logging/log4j/log4j-core/2.11.0/log4j-core-2.11.0.jar:/home/user/.m2/repository/com/lmax/disruptor/3.4.2/disruptor-3.4.2.jar:/home/user/.m2/repository/org/apache/commons/commons-pool2/2.6.0/commons-pool2-2.6.0.jar:/home/user/.m2/repository/org/bouncycastle/bcpkix-jdk15on/1.60/bcpkix-jdk15on-1.60.jar:/home/user/.m2/repository/commons-validator/commons-validator/1.6/commons-validator-1.6.jar:/home/user/.m2/repository/commons-digester/commons-digester/1.8.1/commons-digester-1.8.1.jar:/home/user/.m2/repository/io/jaegertracing/jaeger-client/0.33.1/jaeger-client-0.33.1.jar:/home/user/.m2/repository/io/jaegertracing/jaeger-thrift/0.33.1/jaeger-thrift-0.33.1.jar:/home/user/.m2/repository/org/apache/thrift/libthrift/0.11.0/libthrift-0.11.0.jar:/home/user/.m2/repository/com/squareup/okhttp3/okhttp/3.9.0/okhttp-3.9.0.jar:/home/user/.m2/repository/com/squareup/okio/okio/1.13.0/okio-1.13.0.jar:/home/user/.m2/repository/io/jaegertracing/jaeger-core/0.33.1/jaeger-core-0.33.1.jar:/home/user/.m2/repository/io/jaegertracing/jaeger-tracerresolver/0.33.1/jaeger-tracerresolver-0.33.1.jar:/home/user/.m2/repository/io/opentracing/contrib/opentracing-tracerresolver/0.1.5/opentracing-tracerresolver-0.1.5.jar:/home/user/.m2/repository/io/opentracing/opentracing-util/0.31.0/opentracing-util-0.31.0.jar:/home/user/.m2/repository/io/opentracing/opentracing-api/0.31.0/opentracing-api-0.31.0.jar:/home/user/.m2/repository/io/opentracing/opentracing-noop/0.31.0/opentracing-noop-0.31.0.jar:/home/user/.m2/repository/org/apache/hadoop/hadoop-hdds-server-framework/0.5.0-SNAPSHOT/hadoop-hdds-server-framework-0.5.0-SNAPSHOT.jar:/home/user/.m2/repository/org/apache/hadoop/hadoop-hdds-container-service/0.5.0-SNAPSHOT/hadoop-hdds-container-service-0.5.0-SNAPSHOT.jar:/home/user/.m2/repository/org/apache/hadoop/hadoop-hdds-client/0.5.0-SNAPSHOT/hadoop-hdds-client-0.5.0-SNAPSHOT.jar:/home/user/.m2/repository/org/apache/hadoop/hadoop-hdds-tools/0.5.0-SNAPSHOT/hadoop-hdds-tools-0.5.0-SNAPSHOT.jar:/home/user/.m2/repository/org/apache/hadoop/hadoop-hdds-server-scm/0.5.0-SNAPSHOT/hadoop-hdds-server-scm-0.5.0-SNAPSHOT.jar:/home/user/.m2/repository/org/apache/hadoop/hadoop-hdds-docs/0.5.0-SNAPSHOT/hadoop-hdds-docs-0.5.0-SNAPSHOT.jar:/home/user/.m2/repository/io/dropwizard/metrics/metrics-core/3.2.4/metrics-core-3.2.4.jar:/home/user/.m2/repository/org/hamcrest/hamcrest-all/1.3/hamcrest-all-1.3.jar:/home/user/.m2/repository/org/bouncycastle/bcprov-jdk15on/1.60/bcprov-jdk15on-1.60.jar:/home/user/.m2/repository/info/picocli/picocli/3.9.6/picocli-3.9.6.jar:/home/user/.m2/repository/com/google/protobuf/protobuf-java/2.5.0/protobuf-java-2.5.0.jar:/home/user/.m2/repository/com/google/guava/guava/11.0.2/guava-11.0.2.jar:/home/user/.m2/repository/org/apache/hadoop/hadoop-ozone-ozone-manager/0.5.0-SNAPSHOT/hadoop-ozone-ozone-manager-0.5.0-SNAPSHOT.jar:/home/user/.m2/repository/org/apache/hadoop/hadoop-minikdc/3.2.0/hadoop-minikdc-3.2.0.jar:/home/user/.m2/repository/commons-io/commons-io/2.5/commons-io-2.5.jar:/home/user/.m2/repository/org/apache/kerby/kerb-simplekdc/1.0.1/kerb-simplekdc-1.0.1.jar:/home/user/.m2/repository/org/apache/kerby/kerb-client/1.0.1/kerb-client-1.0.1.jar:/home/user/.m2/repository/org/apache/kerby/kerby-config/1.0.1/kerby-config-1.0.1.jar:/home/user/.m2/repository/org/apache/kerby/kerb-core/1.0.1/kerb-core-1.0.1.jar:/home/user/.m2/repository/org/apache/kerby/kerby-pkix/1.0.1/kerby-pkix-1.0.1.jar:/home/user/.m2/repository/org/apache/kerby/kerby-asn1/1.0.1/kerby-asn1-1.0.1.jar:/home/user/.m2/repository/org/apache/kerby/kerby-util/1.0.1/kerby-util-1.0.1.jar:/home/user/.m2/repository/org/apache/kerby/kerb-common/1.0.1/kerb-common-1.0.1.jar:/home/user/.m2/repository/org/apache/kerby/kerb-crypto/1.0.1/kerb-crypto-1.0.1.jar:/home/user/.m2/repository/org/apache/kerby/kerb-util/1.0.1/kerb-util-1.0.1.jar:/home/user/.m2/repository/org/apache/kerby/token-provider/1.0.1/token-provider-1.0.1.jar:/home/user/.m2/repository/org/apache/kerby/kerb-admin/1.0.1/kerb-admin-1.0.1.jar:/home/user/.m2/repository/org/apache/kerby/kerb-server/1.0.1/kerb-server-1.0.1.jar:/home/user/.m2/repository/org/apache/kerby/kerb-identity/1.0.1/kerb-identity-1.0.1.jar:/home/user/.m2/repository/org/apache/kerby/kerby-xdr/1.0.1/kerby-xdr-1.0.1.jar:/home/user/.m2/repository/org/slf4j/slf4j-log4j12/1.7.25/slf4j-log4j12-1.7.25.jar:/home/user/.m2/repository/org/apache/hadoop/hadoop-ozone-s3gateway/0.5.0-SNAPSHOT/hadoop-ozone-s3gateway-0.5.0-SNAPSHOT.jar:/home/user/.m2/repository/org/jboss/weld/servlet/weld-servlet/2.4.7.Final/weld-servlet-2.4.7.Final.jar:/home/user/.m2/repository/org/glassfish/jersey/containers/jersey-container-servlet-core/2.27/jersey-container-servlet-core-2.27.jar:/home/user/.m2/repository/org/glassfish/hk2/external/javax.inject/2.5.0-b42/javax.inject-2.5.0-b42.jar:/home/user/.m2/repository/org/glassfish/jersey/core/jersey-common/2.27/jersey-common-2.27.jar:/home/user/.m2/repository/org/glassfish/hk2/osgi-resource-locator/1.0.1/osgi-resource-locator-1.0.1.jar:/home/user/.m2/repository/javax/ws/rs/javax.ws.rs-api/2.1/javax.ws.rs-api-2.1.jar:/home/user/.m2/repository/org/glassfish/jersey/ext/cdi/jersey-cdi1x/2.27/jersey-cdi1x-2.27.jar:/home/user/.m2/repository/org/glassfish/jersey/inject/jersey-hk2/2.27/jersey-hk2-2.27.jar:/home/user/.m2/repository/org/glassfish/hk2/hk2-locator/2.5.0-b42/hk2-locator-2.5.0-b42.jar:/home/user/.m2/repository/org/javassist/javassist/3.22.0-CR2/javassist-3.22.0-CR2.jar:/home/user/.m2/repository/org/glassfish/hk2/hk2-api/2.5.0/hk2-api-2.5.0.jar:/home/user/.m2/repository/org/glassfish/hk2/external/jakarta.inject/2.5.0/jakarta.inject-2.5.0.jar:/home/user/.m2/repository/org/glassfish/hk2/hk2-utils/2.5.0/hk2-utils-2.5.0.jar:/home/user/.m2/repository/jakarta/annotation/jakarta.annotation-api/1.3.4/jakarta.annotation-api-1.3.4.jar:/home/user/.m2/repository/org/glassfish/hk2/external/aopalliance-repackaged/2.5.0/aopalliance-repackaged-2.5.0.jar:/home/user/.m2/repository/com/fasterxml/jackson/dataformat/jackson-dataformat-xml/2.9.0/jackson-dataformat-xml-2.9.0.jar:/home/user/.m2/repository/com/fasterxml/jackson/core/jackson-core/2.9.9/jackson-core-2.9.9.jar:/home/user/.m2/repository/com/fasterxml/jackson/module/jackson-module-jaxb-annotations/2.9.9/jackson-module-jaxb-annotations-2.9.9.jar:/home/user/.m2/repository/javax/enterprise/cdi-api/1.2/cdi-api-1.2.jar:/home/user/.m2/repository/javax/el/javax.el-api/3.0.0/javax.el-api-3.0.0.jar:/home/user/.m2/repository/javax/interceptor/javax.interceptor-api/1.2/javax.interceptor-api-1.2.jar:/home/user/.m2/repository/javax/inject/javax.inject/1/javax.inject-1.jar:/home/user/.m2/repository/com/sun/xml/bind/jaxb-impl/2.3.0.1/jaxb-impl-2.3.0.1.jar:/home/user/.m2/repository/com/sun/xml/bind/jaxb-core/2.3.0.1/jaxb-core-2.3.0.1.jar:/home/user/.m2/repository/javax/xml/bind/jaxb-api/2.3.0/jaxb-api-2.3.0.jar:/home/user/.m2/repository/javax/activation/activation/1.1.1/activation-1.1.1.jar:/home/user/.m2/repository/org/apache/hadoop/hadoop-ozone-csi/0.5.0-SNAPSHOT/hadoop-ozone-csi-0.5.0-SNAPSHOT.jar:/home/user/.m2/repository/com/google/protobuf/protobuf-java-util/3.5.1/protobuf-java-util-3.5.1.jar:/home/user/.m2/repository/org/apache/hadoop/hadoop-hdds-config/0.5.0-SNAPSHOT/hadoop-hdds-config-0.5.0-SNAPSHOT.jar:/home/user/.m2/repository/io/grpc/grpc-netty/1.17.1/grpc-netty-1.17.1.jar:/home/user/.m2/repository/io/grpc/grpc-core/1.17.1/grpc-core-1.17.1.jar:/home/user/.m2/repository/io/grpc/grpc-context/1.17.1/grpc-context-1.17.1.jar:/home/user/.m2/repository/com/google/errorprone/error_prone_annotations/2.2.0/error_prone_annotations-2.2.0.jar:/home/user/.m2/repository/org/codehaus/mojo/animal-sniffer-annotations/1.17/animal-sniffer-annotations-1.17.jar:/home/user/.m2/repository/io/opencensus/opencensus-api/0.17.0/opencensus-api-0.17.0.jar:/home/user/.m2/repository/io/opencensus/opencensus-contrib-grpc-metrics/0.17.0/opencensus-contrib-grpc-metrics-0.17.0.jar:/home/user/.m2/repository/io/netty/netty-codec-http2/4.1.30.Final/netty-codec-http2-4.1.30.Final.jar:/home/user/.m2/repository/io/netty/netty-codec-http/4.1.30.Final/netty-codec-http-4.1.30.Final.jar:/home/user/.m2/repository/io/netty/netty-codec/4.1.30.Final/netty-codec-4.1.30.Final.jar:/home/user/.m2/repository/io/netty/netty-handler/4.1.30.Final/netty-handler-4.1.30.Final.jar:/home/user/.m2/repository/io/netty/netty-handler-proxy/4.1.30.Final/netty-handler-proxy-4.1.30.Final.jar:/home/user/.m2/repository/io/netty/netty-codec-socks/4.1.30.Final/netty-codec-socks-4.1.30.Final.jar:/home/user/.m2/repository/io/netty/netty-transport-native-epoll/4.1.30.Final/netty-transport-native-epoll-4.1.30.Final.jar:/home/user/.m2/repository/io/netty/netty-common/4.1.30.Final/netty-common-4.1.30.Final.jar:/home/user/.m2/repository/io/netty/netty-buffer/4.1.30.Final/netty-buffer-4.1.30.Final.jar:/home/user/.m2/repository/io/netty/netty-transport/4.1.30.Final/netty-transport-4.1.30.Final.jar:/home/user/.m2/repository/io/netty/netty-resolver/4.1.30.Final/netty-resolver-4.1.30.Final.jar:/home/user/.m2/repository/io/netty/netty-transport-native-unix-common/4.1.30.Final/netty-transport-native-unix-common-4.1.30.Final.jar:/home/user/.m2/repository/io/grpc/grpc-protobuf/1.17.1/grpc-protobuf-1.17.1.jar:/home/user/.m2/repository/com/google/api/grpc/proto-google-common-protos/1.0.0/proto-google-common-protos-1.0.0.jar:/home/user/.m2/repository/io/grpc/grpc-protobuf-lite/1.17.1/grpc-protobuf-lite-1.17.1.jar:/home/user/.m2/repository/io/grpc/grpc-stub/1.17.1/grpc-stub-1.17.1.jar:/home/user/.m2/repository/org/apache/hadoop/hadoop-ozone-recon/0.5.0-SNAPSHOT/hadoop-ozone-recon-0.5.0-SNAPSHOT.jar:/home/user/.m2/repository/org/apache/hadoop/hadoop-ozone-reconcodegen/0.5.0-SNAPSHOT/hadoop-ozone-reconcodegen-0.5.0-SNAPSHOT.jar:/home/user/.m2/repository/com/google/inject/extensions/guice-multibindings/4.0/guice-multibindings-4.0.jar:/home/user/.m2/repository/com/google/inject/guice/4.0/guice-4.0.jar:/home/user/.m2/repository/aopalliance/aopalliance/1.0/aopalliance-1.0.jar:/home/user/.m2/repository/com/google/inject/extensions/guice-servlet/4.0/guice-servlet-4.0.jar:/home/user/.m2/repository/org/glassfish/jersey/containers/jersey-container-servlet/2.27/jersey-container-servlet-2.27.jar:/home/user/.m2/repository/org/glassfish/hk2/guice-bridge/2.5.0/guice-bridge-2.5.0.jar:/home/user/.m2/repository/org/glassfish/jersey/core/jersey-server/2.27/jersey-server-2.27.jar:/home/user/.m2/repository/org/glassfish/jersey/core/jersey-client/2.27/jersey-client-2.27.jar:/home/user/.m2/repository/org/glassfish/jersey/media/jersey-media-jaxb/2.27/jersey-media-jaxb-2.27.jar:/home/user/.m2/repository/javax/validation/validation-api/1.1.0.Final/validation-api-1.1.0.Final.jar:/home/user/.m2/repository/org/glassfish/jersey/media/jersey-media-json-jackson/2.27/jersey-media-json-jackson-2.27.jar:/home/user/.m2/repository/org/glassfish/jersey/ext/jersey-entity-filtering/2.27/jersey-entity-filtering-2.27.jar:/home/user/.m2/repository/com/google/inject/extensions/guice-assistedinject/4.0/guice-assistedinject-4.0.jar:/home/user/.m2/repository/org/jooq/jooq/3.11.10/jooq-3.11.10.jar:/home/user/.m2/repository/org/jooq/jooq-meta/3.11.10/jooq-meta-3.11.10.jar:/home/user/.m2/repository/org/jooq/jooq-codegen/3.11.10/jooq-codegen-3.11.10.jar:/home/user/.m2/repository/com/jolbox/bonecp/0.8.0.RELEASE/bonecp-0.8.0.RELEASE.jar:/home/user/.m2/repository/org/xerial/sqlite-jdbc/3.25.2/sqlite-jdbc-3.25.2.jar:/home/user/.m2/repository/org/springframework/spring-jdbc/5.1.3.RELEASE/spring-jdbc-5.1.3.RELEASE.jar:/home/user/.m2/repository/org/springframework/spring-beans/5.1.3.RELEASE/spring-beans-5.1.3.RELEASE.jar:/home/user/.m2/repository/org/springframework/spring-core/5.1.3.RELEASE/spring-core-5.1.3.RELEASE.jar:/home/user/.m2/repository/org/springframework/spring-jcl/5.1.3.RELEASE/spring-jcl-5.1.3.RELEASE.jar:/home/user/.m2/repository/org/springframework/spring-tx/5.1.3.RELEASE/spring-tx-5.1.3.RELEASE.jar:/home/user/.m2/repository/org/apache/hadoop/hadoop-ozone-client/0.5.0-SNAPSHOT/hadoop-ozone-client-0.5.0-SNAPSHOT.jar:/home/user/.m2/repository/commons-lang/commons-lang/2.6/commons-lang-2.6.jar:/home/user/.m2/repository/org/apache/hadoop/hadoop-ozone-ozone-manager/0.5.0-SNAPSHOT/hadoop-ozone-ozone-manager-0.5.0-SNAPSHOT-tests.jar:/home/user/.m2/repository/junit/junit/4.11/junit-4.11.jar:/home/user/.m2/repository/org/hamcrest/hamcrest-core/1.3/hamcrest-core-1.3.jar:/home/user/.m2/repository/org/openjdk/jmh/jmh-core/1.19/jmh-core-1.19.jar:/home/user/.m2/repository/net/sf/jopt-simple/jopt-simple/4.6/jopt-simple-4.6.jar:/home/user/.m2/repository/org/apache/commons/commons-math3/3.1.1/commons-math3-3.1.1.jar:/home/user/.m2/repository/org/openjdk/jmh/jmh-generator-annprocess/1.19/jmh-generator-annprocess-1.19.jar:/home/user/.m2/repository/org/mockito/mockito-all/1.8.5/mockito-all-1.8.5.jar:/home/user/.m2/repository/org/apache/hadoop/hadoop-kms/3.2.0/hadoop-kms-3.2.0.jar:/home/user/.m2/repository/org/apache/hadoop/hadoop-auth/3.2.0/hadoop-auth-3.2.0.jar:/home/user/.m2/repository/com/nimbusds/nimbus-jose-jwt/4.41.1/nimbus-jose-jwt-4.41.1.jar:/home/user/.m2/repository/com/github/stephenc/jcip/jcip-annotations/1.0-1/jcip-annotations-1.0-1.jar:/home/user/.m2/repository/net/minidev/json-smart/2.3/json-smart-2.3.jar:/home/user/.m2/repository/net/minidev/accessors-smart/1.2/accessors-smart-1.2.jar:/home/user/.m2/repository/org/ow2/asm/asm/5.0.4/asm-5.0.4.jar:/home/user/.m2/repository/org/apache/curator/curator-framework/2.12.0/curator-framework-2.12.0.jar:/home/user/.m2/repository/com/sun/jersey/jersey-core/1.19/jersey-core-1.19.jar:/home/user/.m2/repository/javax/ws/rs/jsr311-api/1.1.1/jsr311-api-1.1.1.jar:/home/user/.m2/repository/com/sun/jersey/jersey-server/1.19/jersey-server-1.19.jar:/home/user/.m2/repository/javax/servlet/javax.servlet-api/3.1.0/javax.servlet-api-3.1.0.jar:/home/user/.m2/repository/org/eclipse/jetty/jetty-server/9.3.24.v20180605/jetty-server-9.3.24.v20180605.jar:/home/user/.m2/repository/org/eclipse/jetty/jetty-http/9.3.24.v20180605/jetty-http-9.3.24.v20180605.jar:/home/user/.m2/repository/org/eclipse/jetty/jetty-io/9.3.24.v20180605/jetty-io-9.3.24.v20180605.jar:/home/user/.m2/repository/org/eclipse/jetty/jetty-webapp/9.3.24.v20180605/jetty-webapp-9.3.24.v20180605.jar:/home/user/.m2/repository/org/eclipse/jetty/jetty-xml/9.3.24.v20180605/jetty-xml-9.3.24.v20180605.jar:/home/user/.m2/repository/log4j/log4j/1.2.17/log4j-1.2.17.jar:/home/user/.m2/repository/org/slf4j/slf4j-api/1.7.25/slf4j-api-1.7.25.jar:/home/user/.m2/repository/org/slf4j/jul-to-slf4j/1.7.25/jul-to-slf4j-1.7.25.jar:/home/user/.m2/repository/org/eclipse/jetty/jetty-util/9.3.24.v20180605/jetty-util-9.3.24.v20180605.jar:/home/user/.m2/repository/com/fasterxml/jackson/core/jackson-databind/2.9.9/jackson-databind-2.9.9.jar:/home/user/.m2/repository/org/apache/hadoop/hadoop-kms/3.2.0/hadoop-kms-3.2.0-tests.jar:/home/user/.m2/repository/org/apache/hadoop/hadoop-hdds-server-scm/0.5.0-SNAPSHOT/hadoop-hdds-server-scm-0.5.0-SNAPSHOT-tests.jar:/home/user/.m2/repository/org/apache/hadoop/hadoop-hdds-container-service/0.5.0-SNAPSHOT/hadoop-hdds-container-service-0.5.0-SNAPSHOT-tests.jar:/home/user/.m2/repository/org/yaml/snakeyaml/1.16/snakeyaml-1.16.jar:/home/user/.m2/repository/org/apache/hadoop/hadoop-common/3.2.0/hadoop-common-3.2.0-tests.jar:/home/user/.m2/repository/org/apache/hadoop/hadoop-annotations/3.2.0/hadoop-annotations-3.2.0.jar:/usr/lib/jvm/java-1.8-openjdk/jre/../lib/tools.jar:/home/user/.m2/repository/commons-cli/commons-cli/1.2/commons-cli-1.2.jar:/home/user/.m2/repository/org/apache/httpcomponents/httpclient/4.5.2/httpclient-4.5.2.jar:/home/user/.m2/repository/org/apache/httpcomponents/httpcore/4.4.4/httpcore-4.4.4.jar:/home/user/.m2/repository/commons-codec/commons-codec/1.11/commons-codec-1.11.jar:/home/user/.m2/repository/commons-net/commons-net/3.6/commons-net-3.6.jar:/home/user/.m2/repository/commons-collections/commons-collections/3.2.2/commons-collections-3.2.2.jar:/home/user/.m2/repository/org/eclipse/jetty/jetty-servlet/9.3.24.v20180605/jetty-servlet-9.3.24.v20180605.jar:/home/user/.m2/repository/org/eclipse/jetty/jetty-security/9.3.24.v20180605/jetty-security-9.3.24.v20180605.jar:/home/user/.m2/repository/javax/servlet/jsp/jsp-api/2.1/jsp-api-2.1.jar:/home/user/.m2/repository/com/sun/jersey/jersey-servlet/1.19/jersey-servlet-1.19.jar:/home/user/.m2/repository/com/sun/jersey/jersey-json/1.19/jersey-json-1.19.jar:/home/user/.m2/repository/org/codehaus/jettison/jettison/1.1/jettison-1.1.jar:/home/user/.m2/repository/org/codehaus/jackson/jackson-core-asl/1.9.13/jackson-core-asl-1.9.13.jar:/home/user/.m2/repository/org/codehaus/jackson/jackson-mapper-asl/1.9.13/jackson-mapper-asl-1.9.13.jar:/home/user/.m2/repository/org/codehaus/jackson/jackson-jaxrs/1.9.13/jackson-jaxrs-1.9.13.jar:/home/user/.m2/repository/org/codehaus/jackson/jackson-xc/1.9.13/jackson-xc-1.9.13.jar:/home/user/.m2/repository/commons-logging/commons-logging/1.1.3/commons-logging-1.1.3.jar:/home/user/.m2/repository/commons-beanutils/commons-beanutils/1.9.4/commons-beanutils-1.9.4.jar:/home/user/.m2/repository/org/apache/commons/commons-configuration2/2.1.1/commons-configuration2-2.1.1.jar:/home/user/.m2/repository/org/apache/commons/commons-lang3/3.7/commons-lang3-3.7.jar:/home/user/.m2/repository/org/apache/commons/commons-text/1.4/commons-text-1.4.jar:/home/user/.m2/repository/org/apache/avro/avro/1.7.7/avro-1.7.7.jar:/home/user/.m2/repository/com/thoughtworks/paranamer/paranamer/2.3/paranamer-2.3.jar:/home/user/.m2/repository/org/xerial/snappy/snappy-java/1.0.5/snappy-java-1.0.5.jar:/home/user/.m2/repository/com/google/re2j/re2j/1.1/re2j-1.1.jar:/home/user/.m2/repository/com/google/code/gson/gson/2.2.4/gson-2.2.4.jar:/home/user/.m2/repository/com/jcraft/jsch/0.1.54/jsch-0.1.54.jar:/home/user/.m2/repository/org/apache/curator/curator-client/2.12.0/curator-client-2.12.0.jar:/home/user/.m2/repository/org/apache/curator/curator-recipes/2.12.0/curator-recipes-2.12.0.jar:/home/user/.m2/repository/com/google/code/findbugs/jsr305/3.0.0/jsr305-3.0.0.jar:/home/user/.m2/repository/org/apache/htrace/htrace-core4/4.1.0-incubating/htrace-core4-4.1.0-incubating.jar:/home/user/.m2/repository/org/apache/zookeeper/zookeeper/3.4.13/zookeeper-3.4.13.jar:/home/user/.m2/repository/org/apache/yetus/audience-annotations/0.5.0/audience-annotations-0.5.0.jar:/home/user/.m2/repository/org/codehaus/woodstox/stax2-api/3.1.4/stax2-api-3.1.4.jar:/home/user/.m2/repository/com/fasterxml/woodstox/woodstox-core/5.0.3/woodstox-core-5.0.3.jar:/home/user/.m2/repository/dnsjava/dnsjava/2.1.7/dnsjava-2.1.7.jar:/home/user/.m2/repository/org/apache/hadoop/hadoop-hdfs/3.2.0/hadoop-hdfs-3.2.0-tests.jar:/home/user/.m2/repository/org/eclipse/jetty/jetty-util-ajax/9.3.24.v20180605/jetty-util-ajax-9.3.24.v20180605.jar:/home/user/.m2/repository/commons-daemon/commons-daemon/1.0.13/commons-daemon-1.0.13.jar:/home/user/.m2/repository/io/netty/netty/3.10.5.Final/netty-3.10.5.Final.jar:/home/user/.m2/repository/io/netty/netty-all/4.0.52.Final/netty-all-4.0.52.Final.jar:/home/user/.m2/repository/org/fusesource/leveldbjni/leveldbjni-all/1.8/leveldbjni-all-1.8.jar:"/>
    <property name="java.vm.vendor" value="IcedTea"/>
    <property name="sun.arch.data.model" value="64"/>
    <property name="test.build.dir" value="/workdir/hadoop-ozone/integration-test/target/test-dir"/>
    <property name="test.cache.data" value=""/>
    <property name="java.vendor.url" value="https://icedtea.classpath.org"/>
    <property name="user.timezone" value=""/>
    <property name="java.vm.specification.version" value="1.8"/>
    <property name="os.name" value="Linux"/>
    <property name="test.build.data" value="/workdir/hadoop-ozone/integration-test/target/test-dir"/>
    <property name="user.country" value="US"/>
    <property name="sun.java.launcher" value="SUN_STANDARD"/>
    <property name="sun.boot.library.path" value="/usr/lib/jvm/java-1.8-openjdk/jre/lib/amd64"/>
    <property name="sun.java.command" value="/workdir/hadoop-ozone/integration-test/target/surefire/surefirebooter3752084612875199181.jar /workdir/hadoop-ozone/integration-test/target/surefire 2019-09-18T17-55-51_481-jvmRun1 surefire3215664060005040064tmp surefire_201321827535117982728tmp"/>
    <property name="test" value="!TestMiniChaosOzoneCluster"/>
    <property name="surefire.test.class.path" value="/workdir/hadoop-ozone/integration-test/target/test-classes:/workdir/hadoop-ozone/integration-test/target/classes:/home/user/.m2/repository/org/apache/hadoop/hadoop-ozone-common/0.5.0-SNAPSHOT/hadoop-ozone-common-0.5.0-SNAPSHOT.jar:/home/user/.m2/repository/org/apache/commons/commons-compress/1.4.1/commons-compress-1.4.1.jar:/home/user/.m2/repository/org/tukaani/xz/1.0/xz-1.0.jar:/home/user/.m2/repository/org/apache/hadoop/hadoop-common/3.2.0/hadoop-common-3.2.0.jar:/home/user/.m2/repository/org/apache/hadoop/hadoop-hdfs/3.2.0/hadoop-hdfs-3.2.0.jar:/home/user/.m2/repository/org/apache/hadoop/hadoop-hdfs-client/3.2.0/hadoop-hdfs-client-3.2.0.jar:/home/user/.m2/repository/com/fasterxml/jackson/core/jackson-annotations/2.9.9/jackson-annotations-2.9.9.jar:/home/user/.m2/repository/org/apache/hadoop/hadoop-hdds-common/0.5.0-SNAPSHOT/hadoop-hdds-common-0.5.0-SNAPSHOT.jar:/home/user/.m2/repository/javax/annotation/javax.annotation-api/1.2/javax.annotation-api-1.2.jar:/home/user/.m2/repository/org/apache/ratis/ratis-server/0.4.0-78e95b9-SNAPSHOT/ratis-server-0.4.0-78e95b9-SNAPSHOT.jar:/home/user/.m2/repository/org/apache/ratis/ratis-thirdparty-misc/0.2.0/ratis-thirdparty-misc-0.2.0.jar:/home/user/.m2/repository/org/apache/ratis/ratis-proto/0.4.0-78e95b9-SNAPSHOT/ratis-proto-0.4.0-78e95b9-SNAPSHOT.jar:/home/user/.m2/repository/org/apache/ratis/ratis-common/0.4.0-78e95b9-SNAPSHOT/ratis-common-0.4.0-78e95b9-SNAPSHOT.jar:/home/user/.m2/repository/org/apache/ratis/ratis-client/0.4.0-78e95b9-SNAPSHOT/ratis-client-0.4.0-78e95b9-SNAPSHOT.jar:/home/user/.m2/repository/org/apache/ratis/ratis-metrics/0.4.0-78e95b9-SNAPSHOT/ratis-metrics-0.4.0-78e95b9-SNAPSHOT.jar:/home/user/.m2/repository/com/github/joshelser/dropwizard-metrics-hadoop-metrics2-reporter/0.1.2/dropwizard-metrics-hadoop-metrics2-reporter-0.1.2.jar:/home/user/.m2/repository/io/dropwizard/metrics/metrics-jvm/3.2.5/metrics-jvm-3.2.5.jar:/home/user/.m2/repository/io/dropwizard/metrics/metrics-ganglia/3.2.5/metrics-ganglia-3.2.5.jar:/home/user/.m2/repository/info/ganglia/gmetric4j/gmetric4j/1.0.7/gmetric4j-1.0.7.jar:/home/user/.m2/repository/org/apache/ratis/ratis-netty/0.4.0-78e95b9-SNAPSHOT/ratis-netty-0.4.0-78e95b9-SNAPSHOT.jar:/home/user/.m2/repository/org/apache/ratis/ratis-grpc/0.4.0-78e95b9-SNAPSHOT/ratis-grpc-0.4.0-78e95b9-SNAPSHOT.jar:/home/user/.m2/repository/org/rocksdb/rocksdbjni/6.0.1/rocksdbjni-6.0.1.jar:/home/user/.m2/repository/org/apache/logging/log4j/log4j-api/2.11.0/log4j-api-2.11.0.jar:/home/user/.m2/repository/org/apache/logging/log4j/log4j-core/2.11.0/log4j-core-2.11.0.jar:/home/user/.m2/repository/com/lmax/disruptor/3.4.2/disruptor-3.4.2.jar:/home/user/.m2/repository/org/apache/commons/commons-pool2/2.6.0/commons-pool2-2.6.0.jar:/home/user/.m2/repository/org/bouncycastle/bcpkix-jdk15on/1.60/bcpkix-jdk15on-1.60.jar:/home/user/.m2/repository/commons-validator/commons-validator/1.6/commons-validator-1.6.jar:/home/user/.m2/repository/commons-digester/commons-digester/1.8.1/commons-digester-1.8.1.jar:/home/user/.m2/repository/io/jaegertracing/jaeger-client/0.33.1/jaeger-client-0.33.1.jar:/home/user/.m2/repository/io/jaegertracing/jaeger-thrift/0.33.1/jaeger-thrift-0.33.1.jar:/home/user/.m2/repository/org/apache/thrift/libthrift/0.11.0/libthrift-0.11.0.jar:/home/user/.m2/repository/com/squareup/okhttp3/okhttp/3.9.0/okhttp-3.9.0.jar:/home/user/.m2/repository/com/squareup/okio/okio/1.13.0/okio-1.13.0.jar:/home/user/.m2/repository/io/jaegertracing/jaeger-core/0.33.1/jaeger-core-0.33.1.jar:/home/user/.m2/repository/io/jaegertracing/jaeger-tracerresolver/0.33.1/jaeger-tracerresolver-0.33.1.jar:/home/user/.m2/repository/io/opentracing/contrib/opentracing-tracerresolver/0.1.5/opentracing-tracerresolver-0.1.5.jar:/home/user/.m2/repository/io/opentracing/opentracing-util/0.31.0/opentracing-util-0.31.0.jar:/home/user/.m2/repository/io/opentracing/opentracing-api/0.31.0/opentracing-api-0.31.0.jar:/home/user/.m2/repository/io/opentracing/opentracing-noop/0.31.0/opentracing-noop-0.31.0.jar:/home/user/.m2/repository/org/apache/hadoop/hadoop-hdds-server-framework/0.5.0-SNAPSHOT/hadoop-hdds-server-framework-0.5.0-SNAPSHOT.jar:/home/user/.m2/repository/org/apache/hadoop/hadoop-hdds-container-service/0.5.0-SNAPSHOT/hadoop-hdds-container-service-0.5.0-SNAPSHOT.jar:/home/user/.m2/repository/org/apache/hadoop/hadoop-hdds-client/0.5.0-SNAPSHOT/hadoop-hdds-client-0.5.0-SNAPSHOT.jar:/home/user/.m2/repository/org/apache/hadoop/hadoop-hdds-tools/0.5.0-SNAPSHOT/hadoop-hdds-tools-0.5.0-SNAPSHOT.jar:/home/user/.m2/repository/org/apache/hadoop/hadoop-hdds-server-scm/0.5.0-SNAPSHOT/hadoop-hdds-server-scm-0.5.0-SNAPSHOT.jar:/home/user/.m2/repository/org/apache/hadoop/hadoop-hdds-docs/0.5.0-SNAPSHOT/hadoop-hdds-docs-0.5.0-SNAPSHOT.jar:/home/user/.m2/repository/io/dropwizard/metrics/metrics-core/3.2.4/metrics-core-3.2.4.jar:/home/user/.m2/repository/org/hamcrest/hamcrest-all/1.3/hamcrest-all-1.3.jar:/home/user/.m2/repository/org/bouncycastle/bcprov-jdk15on/1.60/bcprov-jdk15on-1.60.jar:/home/user/.m2/repository/info/picocli/picocli/3.9.6/picocli-3.9.6.jar:/home/user/.m2/repository/com/google/protobuf/protobuf-java/2.5.0/protobuf-java-2.5.0.jar:/home/user/.m2/repository/com/google/guava/guava/11.0.2/guava-11.0.2.jar:/home/user/.m2/repository/org/apache/hadoop/hadoop-ozone-ozone-manager/0.5.0-SNAPSHOT/hadoop-ozone-ozone-manager-0.5.0-SNAPSHOT.jar:/home/user/.m2/repository/org/apache/hadoop/hadoop-minikdc/3.2.0/hadoop-minikdc-3.2.0.jar:/home/user/.m2/repository/commons-io/commons-io/2.5/commons-io-2.5.jar:/home/user/.m2/repository/org/apache/kerby/kerb-simplekdc/1.0.1/kerb-simplekdc-1.0.1.jar:/home/user/.m2/repository/org/apache/kerby/kerb-client/1.0.1/kerb-client-1.0.1.jar:/home/user/.m2/repository/org/apache/kerby/kerby-config/1.0.1/kerby-config-1.0.1.jar:/home/user/.m2/repository/org/apache/kerby/kerb-core/1.0.1/kerb-core-1.0.1.jar:/home/user/.m2/repository/org/apache/kerby/kerby-pkix/1.0.1/kerby-pkix-1.0.1.jar:/home/user/.m2/repository/org/apache/kerby/kerby-asn1/1.0.1/kerby-asn1-1.0.1.jar:/home/user/.m2/repository/org/apache/kerby/kerby-util/1.0.1/kerby-util-1.0.1.jar:/home/user/.m2/repository/org/apache/kerby/kerb-common/1.0.1/kerb-common-1.0.1.jar:/home/user/.m2/repository/org/apache/kerby/kerb-crypto/1.0.1/kerb-crypto-1.0.1.jar:/home/user/.m2/repository/org/apache/kerby/kerb-util/1.0.1/kerb-util-1.0.1.jar:/home/user/.m2/repository/org/apache/kerby/token-provider/1.0.1/token-provider-1.0.1.jar:/home/user/.m2/repository/org/apache/kerby/kerb-admin/1.0.1/kerb-admin-1.0.1.jar:/home/user/.m2/repository/org/apache/kerby/kerb-server/1.0.1/kerb-server-1.0.1.jar:/home/user/.m2/repository/org/apache/kerby/kerb-identity/1.0.1/kerb-identity-1.0.1.jar:/home/user/.m2/repository/org/apache/kerby/kerby-xdr/1.0.1/kerby-xdr-1.0.1.jar:/home/user/.m2/repository/org/slf4j/slf4j-log4j12/1.7.25/slf4j-log4j12-1.7.25.jar:/home/user/.m2/repository/org/apache/hadoop/hadoop-ozone-s3gateway/0.5.0-SNAPSHOT/hadoop-ozone-s3gateway-0.5.0-SNAPSHOT.jar:/home/user/.m2/repository/org/jboss/weld/servlet/weld-servlet/2.4.7.Final/weld-servlet-2.4.7.Final.jar:/home/user/.m2/repository/org/glassfish/jersey/containers/jersey-container-servlet-core/2.27/jersey-container-servlet-core-2.27.jar:/home/user/.m2/repository/org/glassfish/hk2/external/javax.inject/2.5.0-b42/javax.inject-2.5.0-b42.jar:/home/user/.m2/repository/org/glassfish/jersey/core/jersey-common/2.27/jersey-common-2.27.jar:/home/user/.m2/repository/org/glassfish/hk2/osgi-resource-locator/1.0.1/osgi-resource-locator-1.0.1.jar:/home/user/.m2/repository/javax/ws/rs/javax.ws.rs-api/2.1/javax.ws.rs-api-2.1.jar:/home/user/.m2/repository/org/glassfish/jersey/ext/cdi/jersey-cdi1x/2.27/jersey-cdi1x-2.27.jar:/home/user/.m2/repository/org/glassfish/jersey/inject/jersey-hk2/2.27/jersey-hk2-2.27.jar:/home/user/.m2/repository/org/glassfish/hk2/hk2-locator/2.5.0-b42/hk2-locator-2.5.0-b42.jar:/home/user/.m2/repository/org/javassist/javassist/3.22.0-CR2/javassist-3.22.0-CR2.jar:/home/user/.m2/repository/org/glassfish/hk2/hk2-api/2.5.0/hk2-api-2.5.0.jar:/home/user/.m2/repository/org/glassfish/hk2/external/jakarta.inject/2.5.0/jakarta.inject-2.5.0.jar:/home/user/.m2/repository/org/glassfish/hk2/hk2-utils/2.5.0/hk2-utils-2.5.0.jar:/home/user/.m2/repository/jakarta/annotation/jakarta.annotation-api/1.3.4/jakarta.annotation-api-1.3.4.jar:/home/user/.m2/repository/org/glassfish/hk2/external/aopalliance-repackaged/2.5.0/aopalliance-repackaged-2.5.0.jar:/home/user/.m2/repository/com/fasterxml/jackson/dataformat/jackson-dataformat-xml/2.9.0/jackson-dataformat-xml-2.9.0.jar:/home/user/.m2/repository/com/fasterxml/jackson/core/jackson-core/2.9.9/jackson-core-2.9.9.jar:/home/user/.m2/repository/com/fasterxml/jackson/module/jackson-module-jaxb-annotations/2.9.9/jackson-module-jaxb-annotations-2.9.9.jar:/home/user/.m2/repository/javax/enterprise/cdi-api/1.2/cdi-api-1.2.jar:/home/user/.m2/repository/javax/el/javax.el-api/3.0.0/javax.el-api-3.0.0.jar:/home/user/.m2/repository/javax/interceptor/javax.interceptor-api/1.2/javax.interceptor-api-1.2.jar:/home/user/.m2/repository/javax/inject/javax.inject/1/javax.inject-1.jar:/home/user/.m2/repository/com/sun/xml/bind/jaxb-impl/2.3.0.1/jaxb-impl-2.3.0.1.jar:/home/user/.m2/repository/com/sun/xml/bind/jaxb-core/2.3.0.1/jaxb-core-2.3.0.1.jar:/home/user/.m2/repository/javax/xml/bind/jaxb-api/2.3.0/jaxb-api-2.3.0.jar:/home/user/.m2/repository/javax/activation/activation/1.1.1/activation-1.1.1.jar:/home/user/.m2/repository/org/apache/hadoop/hadoop-ozone-csi/0.5.0-SNAPSHOT/hadoop-ozone-csi-0.5.0-SNAPSHOT.jar:/home/user/.m2/repository/com/google/protobuf/protobuf-java-util/3.5.1/protobuf-java-util-3.5.1.jar:/home/user/.m2/repository/org/apache/hadoop/hadoop-hdds-config/0.5.0-SNAPSHOT/hadoop-hdds-config-0.5.0-SNAPSHOT.jar:/home/user/.m2/repository/io/grpc/grpc-netty/1.17.1/grpc-netty-1.17.1.jar:/home/user/.m2/repository/io/grpc/grpc-core/1.17.1/grpc-core-1.17.1.jar:/home/user/.m2/repository/io/grpc/grpc-context/1.17.1/grpc-context-1.17.1.jar:/home/user/.m2/repository/com/google/errorprone/error_prone_annotations/2.2.0/error_prone_annotations-2.2.0.jar:/home/user/.m2/repository/org/codehaus/mojo/animal-sniffer-annotations/1.17/animal-sniffer-annotations-1.17.jar:/home/user/.m2/repository/io/opencensus/opencensus-api/0.17.0/opencensus-api-0.17.0.jar:/home/user/.m2/repository/io/opencensus/opencensus-contrib-grpc-metrics/0.17.0/opencensus-contrib-grpc-metrics-0.17.0.jar:/home/user/.m2/repository/io/netty/netty-codec-http2/4.1.30.Final/netty-codec-http2-4.1.30.Final.jar:/home/user/.m2/repository/io/netty/netty-codec-http/4.1.30.Final/netty-codec-http-4.1.30.Final.jar:/home/user/.m2/repository/io/netty/netty-codec/4.1.30.Final/netty-codec-4.1.30.Final.jar:/home/user/.m2/repository/io/netty/netty-handler/4.1.30.Final/netty-handler-4.1.30.Final.jar:/home/user/.m2/repository/io/netty/netty-handler-proxy/4.1.30.Final/netty-handler-proxy-4.1.30.Final.jar:/home/user/.m2/repository/io/netty/netty-codec-socks/4.1.30.Final/netty-codec-socks-4.1.30.Final.jar:/home/user/.m2/repository/io/netty/netty-transport-native-epoll/4.1.30.Final/netty-transport-native-epoll-4.1.30.Final.jar:/home/user/.m2/repository/io/netty/netty-common/4.1.30.Final/netty-common-4.1.30.Final.jar:/home/user/.m2/repository/io/netty/netty-buffer/4.1.30.Final/netty-buffer-4.1.30.Final.jar:/home/user/.m2/repository/io/netty/netty-transport/4.1.30.Final/netty-transport-4.1.30.Final.jar:/home/user/.m2/repository/io/netty/netty-resolver/4.1.30.Final/netty-resolver-4.1.30.Final.jar:/home/user/.m2/repository/io/netty/netty-transport-native-unix-common/4.1.30.Final/netty-transport-native-unix-common-4.1.30.Final.jar:/home/user/.m2/repository/io/grpc/grpc-protobuf/1.17.1/grpc-protobuf-1.17.1.jar:/home/user/.m2/repository/com/google/api/grpc/proto-google-common-protos/1.0.0/proto-google-common-protos-1.0.0.jar:/home/user/.m2/repository/io/grpc/grpc-protobuf-lite/1.17.1/grpc-protobuf-lite-1.17.1.jar:/home/user/.m2/repository/io/grpc/grpc-stub/1.17.1/grpc-stub-1.17.1.jar:/home/user/.m2/repository/org/apache/hadoop/hadoop-ozone-recon/0.5.0-SNAPSHOT/hadoop-ozone-recon-0.5.0-SNAPSHOT.jar:/home/user/.m2/repository/org/apache/hadoop/hadoop-ozone-reconcodegen/0.5.0-SNAPSHOT/hadoop-ozone-reconcodegen-0.5.0-SNAPSHOT.jar:/home/user/.m2/repository/com/google/inject/extensions/guice-multibindings/4.0/guice-multibindings-4.0.jar:/home/user/.m2/repository/com/google/inject/guice/4.0/guice-4.0.jar:/home/user/.m2/repository/aopalliance/aopalliance/1.0/aopalliance-1.0.jar:/home/user/.m2/repository/com/google/inject/extensions/guice-servlet/4.0/guice-servlet-4.0.jar:/home/user/.m2/repository/org/glassfish/jersey/containers/jersey-container-servlet/2.27/jersey-container-servlet-2.27.jar:/home/user/.m2/repository/org/glassfish/hk2/guice-bridge/2.5.0/guice-bridge-2.5.0.jar:/home/user/.m2/repository/org/glassfish/jersey/core/jersey-server/2.27/jersey-server-2.27.jar:/home/user/.m2/repository/org/glassfish/jersey/core/jersey-client/2.27/jersey-client-2.27.jar:/home/user/.m2/repository/org/glassfish/jersey/media/jersey-media-jaxb/2.27/jersey-media-jaxb-2.27.jar:/home/user/.m2/repository/javax/validation/validation-api/1.1.0.Final/validation-api-1.1.0.Final.jar:/home/user/.m2/repository/org/glassfish/jersey/media/jersey-media-json-jackson/2.27/jersey-media-json-jackson-2.27.jar:/home/user/.m2/repository/org/glassfish/jersey/ext/jersey-entity-filtering/2.27/jersey-entity-filtering-2.27.jar:/home/user/.m2/repository/com/google/inject/extensions/guice-assistedinject/4.0/guice-assistedinject-4.0.jar:/home/user/.m2/repository/org/jooq/jooq/3.11.10/jooq-3.11.10.jar:/home/user/.m2/repository/org/jooq/jooq-meta/3.11.10/jooq-meta-3.11.10.jar:/home/user/.m2/repository/org/jooq/jooq-codegen/3.11.10/jooq-codegen-3.11.10.jar:/home/user/.m2/repository/com/jolbox/bonecp/0.8.0.RELEASE/bonecp-0.8.0.RELEASE.jar:/home/user/.m2/repository/org/xerial/sqlite-jdbc/3.25.2/sqlite-jdbc-3.25.2.jar:/home/user/.m2/repository/org/springframework/spring-jdbc/5.1.3.RELEASE/spring-jdbc-5.1.3.RELEASE.jar:/home/user/.m2/repository/org/springframework/spring-beans/5.1.3.RELEASE/spring-beans-5.1.3.RELEASE.jar:/home/user/.m2/repository/org/springframework/spring-core/5.1.3.RELEASE/spring-core-5.1.3.RELEASE.jar:/home/user/.m2/repository/org/springframework/spring-jcl/5.1.3.RELEASE/spring-jcl-5.1.3.RELEASE.jar:/home/user/.m2/repository/org/springframework/spring-tx/5.1.3.RELEASE/spring-tx-5.1.3.RELEASE.jar:/home/user/.m2/repository/org/apache/hadoop/hadoop-ozone-client/0.5.0-SNAPSHOT/hadoop-ozone-client-0.5.0-SNAPSHOT.jar:/home/user/.m2/repository/commons-lang/commons-lang/2.6/commons-lang-2.6.jar:/home/user/.m2/repository/org/apache/hadoop/hadoop-ozone-ozone-manager/0.5.0-SNAPSHOT/hadoop-ozone-ozone-manager-0.5.0-SNAPSHOT-tests.jar:/home/user/.m2/repository/junit/junit/4.11/junit-4.11.jar:/home/user/.m2/repository/org/hamcrest/hamcrest-core/1.3/hamcrest-core-1.3.jar:/home/user/.m2/repository/org/openjdk/jmh/jmh-core/1.19/jmh-core-1.19.jar:/home/user/.m2/repository/net/sf/jopt-simple/jopt-simple/4.6/jopt-simple-4.6.jar:/home/user/.m2/repository/org/apache/commons/commons-math3/3.1.1/commons-math3-3.1.1.jar:/home/user/.m2/repository/org/openjdk/jmh/jmh-generator-annprocess/1.19/jmh-generator-annprocess-1.19.jar:/home/user/.m2/repository/org/mockito/mockito-all/1.8.5/mockito-all-1.8.5.jar:/home/user/.m2/repository/org/apache/hadoop/hadoop-kms/3.2.0/hadoop-kms-3.2.0.jar:/home/user/.m2/repository/org/apache/hadoop/hadoop-auth/3.2.0/hadoop-auth-3.2.0.jar:/home/user/.m2/repository/com/nimbusds/nimbus-jose-jwt/4.41.1/nimbus-jose-jwt-4.41.1.jar:/home/user/.m2/repository/com/github/stephenc/jcip/jcip-annotations/1.0-1/jcip-annotations-1.0-1.jar:/home/user/.m2/repository/net/minidev/json-smart/2.3/json-smart-2.3.jar:/home/user/.m2/repository/net/minidev/accessors-smart/1.2/accessors-smart-1.2.jar:/home/user/.m2/repository/org/ow2/asm/asm/5.0.4/asm-5.0.4.jar:/home/user/.m2/repository/org/apache/curator/curator-framework/2.12.0/curator-framework-2.12.0.jar:/home/user/.m2/repository/com/sun/jersey/jersey-core/1.19/jersey-core-1.19.jar:/home/user/.m2/repository/javax/ws/rs/jsr311-api/1.1.1/jsr311-api-1.1.1.jar:/home/user/.m2/repository/com/sun/jersey/jersey-server/1.19/jersey-server-1.19.jar:/home/user/.m2/repository/javax/servlet/javax.servlet-api/3.1.0/javax.servlet-api-3.1.0.jar:/home/user/.m2/repository/org/eclipse/jetty/jetty-server/9.3.24.v20180605/jetty-server-9.3.24.v20180605.jar:/home/user/.m2/repository/org/eclipse/jetty/jetty-http/9.3.24.v20180605/jetty-http-9.3.24.v20180605.jar:/home/user/.m2/repository/org/eclipse/jetty/jetty-io/9.3.24.v20180605/jetty-io-9.3.24.v20180605.jar:/home/user/.m2/repository/org/eclipse/jetty/jetty-webapp/9.3.24.v20180605/jetty-webapp-9.3.24.v20180605.jar:/home/user/.m2/repository/org/eclipse/jetty/jetty-xml/9.3.24.v20180605/jetty-xml-9.3.24.v20180605.jar:/home/user/.m2/repository/log4j/log4j/1.2.17/log4j-1.2.17.jar:/home/user/.m2/repository/org/slf4j/slf4j-api/1.7.25/slf4j-api-1.7.25.jar:/home/user/.m2/repository/org/slf4j/jul-to-slf4j/1.7.25/jul-to-slf4j-1.7.25.jar:/home/user/.m2/repository/org/eclipse/jetty/jetty-util/9.3.24.v20180605/jetty-util-9.3.24.v20180605.jar:/home/user/.m2/repository/com/fasterxml/jackson/core/jackson-databind/2.9.9/jackson-databind-2.9.9.jar:/home/user/.m2/repository/org/apache/hadoop/hadoop-kms/3.2.0/hadoop-kms-3.2.0-tests.jar:/home/user/.m2/repository/org/apache/hadoop/hadoop-hdds-server-scm/0.5.0-SNAPSHOT/hadoop-hdds-server-scm-0.5.0-SNAPSHOT-tests.jar:/home/user/.m2/repository/org/apache/hadoop/hadoop-hdds-container-service/0.5.0-SNAPSHOT/hadoop-hdds-container-service-0.5.0-SNAPSHOT-tests.jar:/home/user/.m2/repository/org/yaml/snakeyaml/1.16/snakeyaml-1.16.jar:/home/user/.m2/repository/org/apache/hadoop/hadoop-common/3.2.0/hadoop-common-3.2.0-tests.jar:/home/user/.m2/repository/org/apache/hadoop/hadoop-annotations/3.2.0/hadoop-annotations-3.2.0.jar:/usr/lib/jvm/java-1.8-openjdk/jre/../lib/tools.jar:/home/user/.m2/repository/commons-cli/commons-cli/1.2/commons-cli-1.2.jar:/home/user/.m2/repository/org/apache/httpcomponents/httpclient/4.5.2/httpclient-4.5.2.jar:/home/user/.m2/repository/org/apache/httpcomponents/httpcore/4.4.4/httpcore-4.4.4.jar:/home/user/.m2/repository/commons-codec/commons-codec/1.11/commons-codec-1.11.jar:/home/user/.m2/repository/commons-net/commons-net/3.6/commons-net-3.6.jar:/home/user/.m2/repository/commons-collections/commons-collections/3.2.2/commons-collections-3.2.2.jar:/home/user/.m2/repository/org/eclipse/jetty/jetty-servlet/9.3.24.v20180605/jetty-servlet-9.3.24.v20180605.jar:/home/user/.m2/repository/org/eclipse/jetty/jetty-security/9.3.24.v20180605/jetty-security-9.3.24.v20180605.jar:/home/user/.m2/repository/javax/servlet/jsp/jsp-api/2.1/jsp-api-2.1.jar:/home/user/.m2/repository/com/sun/jersey/jersey-servlet/1.19/jersey-servlet-1.19.jar:/home/user/.m2/repository/com/sun/jersey/jersey-json/1.19/jersey-json-1.19.jar:/home/user/.m2/repository/org/codehaus/jettison/jettison/1.1/jettison-1.1.jar:/home/user/.m2/repository/org/codehaus/jackson/jackson-core-asl/1.9.13/jackson-core-asl-1.9.13.jar:/home/user/.m2/repository/org/codehaus/jackson/jackson-mapper-asl/1.9.13/jackson-mapper-asl-1.9.13.jar:/home/user/.m2/repository/org/codehaus/jackson/jackson-jaxrs/1.9.13/jackson-jaxrs-1.9.13.jar:/home/user/.m2/repository/org/codehaus/jackson/jackson-xc/1.9.13/jackson-xc-1.9.13.jar:/home/user/.m2/repository/commons-logging/commons-logging/1.1.3/commons-logging-1.1.3.jar:/home/user/.m2/repository/commons-beanutils/commons-beanutils/1.9.4/commons-beanutils-1.9.4.jar:/home/user/.m2/repository/org/apache/commons/commons-configuration2/2.1.1/commons-configuration2-2.1.1.jar:/home/user/.m2/repository/org/apache/commons/commons-lang3/3.7/commons-lang3-3.7.jar:/home/user/.m2/repository/org/apache/commons/commons-text/1.4/commons-text-1.4.jar:/home/user/.m2/repository/org/apache/avro/avro/1.7.7/avro-1.7.7.jar:/home/user/.m2/repository/com/thoughtworks/paranamer/paranamer/2.3/paranamer-2.3.jar:/home/user/.m2/repository/org/xerial/snappy/snappy-java/1.0.5/snappy-java-1.0.5.jar:/home/user/.m2/repository/com/google/re2j/re2j/1.1/re2j-1.1.jar:/home/user/.m2/repository/com/google/code/gson/gson/2.2.4/gson-2.2.4.jar:/home/user/.m2/repository/com/jcraft/jsch/0.1.54/jsch-0.1.54.jar:/home/user/.m2/repository/org/apache/curator/curator-client/2.12.0/curator-client-2.12.0.jar:/home/user/.m2/repository/org/apache/curator/curator-recipes/2.12.0/curator-recipes-2.12.0.jar:/home/user/.m2/repository/com/google/code/findbugs/jsr305/3.0.0/jsr305-3.0.0.jar:/home/user/.m2/repository/org/apache/htrace/htrace-core4/4.1.0-incubating/htrace-core4-4.1.0-incubating.jar:/home/user/.m2/repository/org/apache/zookeeper/zookeeper/3.4.13/zookeeper-3.4.13.jar:/home/user/.m2/repository/org/apache/yetus/audience-annotations/0.5.0/audience-annotations-0.5.0.jar:/home/user/.m2/repository/org/codehaus/woodstox/stax2-api/3.1.4/stax2-api-3.1.4.jar:/home/user/.m2/repository/com/fasterxml/woodstox/woodstox-core/5.0.3/woodstox-core-5.0.3.jar:/home/user/.m2/repository/dnsjava/dnsjava/2.1.7/dnsjava-2.1.7.jar:/home/user/.m2/repository/org/apache/hadoop/hadoop-hdfs/3.2.0/hadoop-hdfs-3.2.0-tests.jar:/home/user/.m2/repository/org/eclipse/jetty/jetty-util-ajax/9.3.24.v20180605/jetty-util-ajax-9.3.24.v20180605.jar:/home/user/.m2/repository/commons-daemon/commons-daemon/1.0.13/commons-daemon-1.0.13.jar:/home/user/.m2/repository/io/netty/netty/3.10.5.Final/netty-3.10.5.Final.jar:/home/user/.m2/repository/io/netty/netty-all/4.0.52.Final/netty-all-4.0.52.Final.jar:/home/user/.m2/repository/org/fusesource/leveldbjni/leveldbjni-all/1.8/leveldbjni-all-1.8.jar:"/>
    <property name="sun.cpu.endian" value="little"/>
    <property name="user.home" value="/home/user"/>
    <property name="user.language" value="en"/>
    <property name="java.specification.vendor" value="Oracle Corporation"/>
    <property name="java.home" value="/usr/lib/jvm/java-1.8-openjdk/jre"/>
    <property name="java.security.krb5.conf" value="/workdir/hadoop-ozone/integration-test/target/test-classes/krb5.conf"/>
    <property name="basedir" value="/workdir/hadoop-ozone/integration-test"/>
    <property name="file.separator" value="/"/>
    <property name="line.separator" value="&#10;"/>
    <property name="java.vm.specification.vendor" value="Oracle Corporation"/>
    <property name="java.specification.name" value="Java Platform API Specification"/>
    <property name="java.awt.graphicsenv" value="sun.awt.X11GraphicsEnvironment"/>
    <property name="surefire.real.class.path" value="/workdir/hadoop-ozone/integration-test/target/surefire/surefirebooter3752084612875199181.jar"/>
    <property name="hadoop.log.dir" value="/workdir/hadoop-ozone/integration-test/target/log"/>
    <property name="sun.boot.class.path" value="/usr/lib/jvm/java-1.8-openjdk/jre/lib/resources.jar:/usr/lib/jvm/java-1.8-openjdk/jre/lib/rt.jar:/usr/lib/jvm/java-1.8-openjdk/jre/lib/sunrsasign.jar:/usr/lib/jvm/java-1.8-openjdk/jre/lib/jsse.jar:/usr/lib/jvm/java-1.8-openjdk/jre/lib/jce.jar:/usr/lib/jvm/java-1.8-openjdk/jre/lib/charsets.jar:/usr/lib/jvm/java-1.8-openjdk/jre/lib/jfr.jar:/usr/lib/jvm/java-1.8-openjdk/jre/classes"/>
    <property name="sun.management.compiler" value="HotSpot 64-Bit Tiered Compilers"/>
    <property name="java.runtime.version" value="1.8.0_212-b04"/>
    <property name="java.net.preferIPv4Stack" value="true"/>
    <property name="user.name" value="jenkins1000"/>
    <property name="path.separator" value=":"/>
    <property name="java.security.egd" value="file:///dev/urandom"/>
    <property name="os.version" value="3.10.0-957.12.2.el7.x86_64"/>
    <property name="java.endorsed.dirs" value="/usr/lib/jvm/java-1.8-openjdk/jre/lib/endorsed"/>
    <property name="java.runtime.name" value="OpenJDK Runtime Environment"/>
    <property name="file.encoding" value="UTF-8"/>
    <property name="java.vm.name" value="OpenJDK 64-Bit Server VM"/>
    <property name="test.build.webapps" value=""/>
    <property name="localRepository" value="/home/user/.m2/repository"/>
    <property name="java.vendor.url.bug" value="https://icedtea.classpath.org/bugzilla"/>
    <property name="java.io.tmpdir" value="/tmp"/>
    <property name="require.test.libhadoop" value=""/>
    <property name="java.version" value="1.8.0_212"/>
    <property name="user.dir" value="/workdir/hadoop-ozone/integration-test"/>
    <property name="os.arch" value="amd64"/>
    <property name="java.vm.specification.name" value="Java Virtual Machine Specification"/>
    <property name="test.build.classes" value="/workdir/hadoop-ozone/integration-test/target/test-classes"/>
    <property name="java.awt.printerjob" value="sun.print.PSPrinterJob"/>
    <property name="sun.os.patch.level" value="unknown"/>
    <property name="hadoop.tmp.dir" value="/workdir/hadoop-ozone/integration-test/target/tmp"/>
    <property name="java.library.path" value="/usr/lib/jvm/java-1.8-openjdk/jre/lib/amd64/server:/usr/lib/jvm/java-1.8-openjdk/jre/lib/amd64:/usr/lib/jvm/java-1.8-openjdk/jre/../lib/amd64:/workdir/hadoop-ozone/integration-test/target/native/target/usr/local/lib:/workdir/hadoop-ozone/integration-test/../../hadoop-common-project/hadoop-common/target/native/target/usr/local/lib:/usr/java/packages/lib/amd64:/usr/lib64:/lib64:/lib:/usr/lib"/>
    <property name="java.vm.info" value="mixed mode"/>
    <property name="java.vendor" value="IcedTea"/>
    <property name="java.vm.version" value="25.212-b04"/>
    <property name="java.ext.dirs" value="/usr/lib/jvm/java-1.8-openjdk/jre/lib/ext:/usr/java/packages/lib/ext"/>
    <property name="sun.io.unicode.encoding" value="UnicodeLittle"/>
    <property name="java.class.version" value="52.0"/>
  </properties>
  <testcase name="testWatchForCommitWithKeyWrite" classname="org.apache.hadoop.ozone.client.rpc.TestWatchForCommit" time="75.329"/>
  <testcase name="testWatchForCommitWithSmallerTimeoutValue" classname="org.apache.hadoop.ozone.client.rpc.TestWatchForCommit" time="43.575"/>
  <testcase name="testWatchForCommitForRetryfailure" classname="org.apache.hadoop.ozone.client.rpc.TestWatchForCommit" time="26.201">
    <error message="org.apache.ratis.protocol.RaftRetryFailureException: Failed RaftClientRequest:client-91FB92408E09-&gt;3ef7a417-ae63-496d-bb71-db4e5393a166@group-BA32039417FB, cid=66, seq=1*, RW, org.apache.hadoop.hdds.scm.XceiverClientRatis$$Lambda$511/1932484688@6242efdb for 20 attempts with RetryLimited(maxAttempts=20, sleepTime=1000ms)" type="java.util.concurrent.ExecutionException">java.util.concurrent.ExecutionException: org.apache.ratis.protocol.RaftRetryFailureException: Failed RaftClientRequest:client-91FB92408E09->3ef7a417-ae63-496d-bb71-db4e5393a166@group-BA32039417FB, cid=66, seq=1*, RW, org.apache.hadoop.hdds.scm.XceiverClientRatis$$Lambda$511/1932484688@6242efdb for 20 attempts with RetryLimited(maxAttempts=20, sleepTime=1000ms)
	at java.util.concurrent.CompletableFuture.reportGet(CompletableFuture.java:357)
	at java.util.concurrent.CompletableFuture.get(CompletableFuture.java:1895)
	at org.apache.hadoop.ozone.client.rpc.TestWatchForCommit.testWatchForCommitForRetryfailure(TestWatchForCommit.java:335)
	at sun.reflect.NativeMethodAccessorImpl.invoke0(Native Method)
	at sun.reflect.NativeMethodAccessorImpl.invoke(NativeMethodAccessorImpl.java:62)
	at sun.reflect.DelegatingMethodAccessorImpl.invoke(DelegatingMethodAccessorImpl.java:43)
	at java.lang.reflect.Method.invoke(Method.java:498)
	at org.junit.runners.model.FrameworkMethod$1.runReflectiveCall(FrameworkMethod.java:47)
	at org.junit.internal.runners.model.ReflectiveCallable.run(ReflectiveCallable.java:12)
	at org.junit.runners.model.FrameworkMethod.invokeExplosively(FrameworkMethod.java:44)
	at org.junit.internal.runners.statements.InvokeMethod.evaluate(InvokeMethod.java:17)
	at org.junit.runners.ParentRunner.runLeaf(ParentRunner.java:271)
	at org.junit.runners.BlockJUnit4ClassRunner.runChild(BlockJUnit4ClassRunner.java:70)
	at org.junit.runners.BlockJUnit4ClassRunner.runChild(BlockJUnit4ClassRunner.java:50)
	at org.junit.runners.ParentRunner$3.run(ParentRunner.java:238)
	at org.junit.runners.ParentRunner$1.schedule(ParentRunner.java:63)
	at org.junit.runners.ParentRunner.runChildren(ParentRunner.java:236)
	at org.junit.runners.ParentRunner.access$000(ParentRunner.java:53)
	at org.junit.runners.ParentRunner$2.evaluate(ParentRunner.java:229)
	at org.junit.runners.ParentRunner.run(ParentRunner.java:309)
	at org.apache.maven.surefire.junit4.JUnit4Provider.execute(JUnit4Provider.java:365)
	at org.apache.maven.surefire.junit4.JUnit4Provider.executeWithRerun(JUnit4Provider.java:273)
	at org.apache.maven.surefire.junit4.JUnit4Provider.executeTestSet(JUnit4Provider.java:238)
	at org.apache.maven.surefire.junit4.JUnit4Provider.invoke(JUnit4Provider.java:159)
	at org.apache.maven.surefire.booter.ForkedBooter.invokeProviderInSameClassLoader(ForkedBooter.java:384)
	at org.apache.maven.surefire.booter.ForkedBooter.runSuitesInProcess(ForkedBooter.java:345)
	at org.apache.maven.surefire.booter.ForkedBooter.execute(ForkedBooter.java:126)
	at org.apache.maven.surefire.booter.ForkedBooter.main(ForkedBooter.java:418)
Caused by: org.apache.ratis.protocol.RaftRetryFailureException: Failed RaftClientRequest:client-91FB92408E09->3ef7a417-ae63-496d-bb71-db4e5393a166@group-BA32039417FB, cid=66, seq=1*, RW, org.apache.hadoop.hdds.scm.XceiverClientRatis$$Lambda$511/1932484688@6242efdb for 20 attempts with RetryLimited(maxAttempts=20, sleepTime=1000ms)
	at org.apache.ratis.client.impl.RaftClientImpl.noMoreRetries(RaftClientImpl.java:271)
	at org.apache.ratis.client.impl.OrderedAsync.handleAsyncRetryFailure(OrderedAsync.java:138)
	at org.apache.ratis.client.impl.OrderedAsync.lambda$sendRequest$10(OrderedAsync.java:230)
	at java.util.concurrent.CompletableFuture.uniExceptionally(CompletableFuture.java:870)
	at java.util.concurrent.CompletableFuture$UniExceptionally.tryFire(CompletableFuture.java:852)
	at java.util.concurrent.CompletableFuture.postComplete(CompletableFuture.java:474)
	at java.util.concurrent.CompletableFuture.completeExceptionally(CompletableFuture.java:1977)
	at org.apache.ratis.grpc.client.GrpcClientProtocolClient$AsyncStreamObservers.completeReplyExceptionally(GrpcClientProtocolClient.java:339)
	at org.apache.ratis.grpc.client.GrpcClientProtocolClient$AsyncStreamObservers.access$000(GrpcClientProtocolClient.java:255)
	at org.apache.ratis.grpc.client.GrpcClientProtocolClient$AsyncStreamObservers$1.onNext(GrpcClientProtocolClient.java:267)
	at org.apache.ratis.grpc.client.GrpcClientProtocolClient$AsyncStreamObservers$1.onNext(GrpcClientProtocolClient.java:258)
	at org.apache.ratis.thirdparty.io.grpc.stub.ClientCalls$StreamObserverToCallListenerAdapter.onMessage(ClientCalls.java:421)
	at org.apache.ratis.thirdparty.io.grpc.ForwardingClientCallListener.onMessage(ForwardingClientCallListener.java:33)
	at org.apache.ratis.thirdparty.io.grpc.ForwardingClientCallListener.onMessage(ForwardingClientCallListener.java:33)
	at org.apache.ratis.thirdparty.io.grpc.internal.ClientCallImpl$ClientStreamListenerImpl$1MessagesAvailable.runInContext(ClientCallImpl.java:519)
	at org.apache.ratis.thirdparty.io.grpc.internal.ContextRunnable.run(ContextRunnable.java:37)
	at org.apache.ratis.thirdparty.io.grpc.internal.SerializingExecutor.run(SerializingExecutor.java:123)
	at java.util.concurrent.ThreadPoolExecutor.runWorker(ThreadPoolExecutor.java:1149)
	at java.util.concurrent.ThreadPoolExecutor$Worker.run(ThreadPoolExecutor.java:624)
	at java.lang.Thread.run(Thread.java:748)
Caused by: org.apache.ratis.protocol.NotLeaderException: Server 3ef7a417-ae63-496d-bb71-db4e5393a166@group-BA32039417FB is not the leader
	at org.apache.ratis.client.impl.ClientProtoUtils.toRaftClientReply(ClientProtoUtils.java:243)
	at org.apache.ratis.grpc.client.GrpcClientProtocolClient$AsyncStreamObservers$1.onNext(GrpcClientProtocolClient.java:263)
	... 10 more
</error>
    <system-out><![CDATA[2019-09-18 18:14:17,369 [main] WARN  server.ServerUtils (ServerUtils.java:getScmDbDir(145)) - ozone.scm.db.dirs is not configured. We recommend adding this setting. Falling back to ozone.metadata.dirs instead.
2019-09-18 18:14:17,411 [main] WARN  server.ServerUtils (ServerUtils.java:getScmDbDir(145)) - ozone.scm.db.dirs is not configured. We recommend adding this setting. Falling back to ozone.metadata.dirs instead.
2019-09-18 18:14:17,412 [main] WARN  server.ServerUtils (ServerUtils.java:getScmDbDir(145)) - ozone.scm.db.dirs is not configured. We recommend adding this setting. Falling back to ozone.metadata.dirs instead.
2019-09-18 18:14:17,412 [main] INFO  db.DBStoreBuilder (DBStoreBuilder.java:addTable(110)) - using custom profile for table: deletedBlocks
2019-09-18 18:14:17,413 [main] INFO  db.DBStoreBuilder (DBStoreBuilder.java:processTables(161)) - Using default column profile:DBProfile.DISK for Table:deletedBlocks
2019-09-18 18:14:17,413 [main] INFO  db.DBStoreBuilder (DBStoreBuilder.java:addTable(110)) - using custom profile for table: validCerts
2019-09-18 18:14:17,413 [main] INFO  db.DBStoreBuilder (DBStoreBuilder.java:processTables(161)) - Using default column profile:DBProfile.DISK for Table:validCerts
2019-09-18 18:14:17,414 [main] INFO  db.DBStoreBuilder (DBStoreBuilder.java:addTable(110)) - using custom profile for table: revokedCerts
2019-09-18 18:14:17,414 [main] INFO  db.DBStoreBuilder (DBStoreBuilder.java:processTables(161)) - Using default column profile:DBProfile.DISK for Table:revokedCerts
2019-09-18 18:14:17,414 [main] INFO  db.DBStoreBuilder (DBStoreBuilder.java:addTable(110)) - using custom profile for table: default
2019-09-18 18:14:17,415 [main] INFO  db.DBStoreBuilder (DBStoreBuilder.java:processTables(167)) - Using default column profile:DBProfile.DISK for Table:default
2019-09-18 18:14:17,415 [main] INFO  db.DBStoreBuilder (DBStoreBuilder.java:getDbProfile(198)) - Using default options. DBProfile.DISK
2019-09-18 18:14:17,673 [main] INFO  net.NodeSchemaLoader (NodeSchemaLoader.java:loadSchemaFromFile(125)) - Loading file from sun.misc.CompoundEnumeration@106b014e
2019-09-18 18:14:17,674 [main] INFO  net.NodeSchemaLoader (NodeSchemaLoader.java:loadSchema(171)) - Loading network topology layer schema file
2019-09-18 18:14:17,678 [main] WARN  server.ServerUtils (ServerUtils.java:sanitizeUserArgs(70)) - ozone.scm.stale.node.interval value = 300000 is larger than max = 100000 based on the key value of ozone.scm.heartbeat.thread.interval, reset to the max value 100000.
2019-09-18 18:14:17,678 [main] WARN  server.ServerUtils (ServerUtils.java:sanitizeUserArgs(70)) - ozone.scm.stale.node.interval value = 300000 is larger than max = 100000 based on the key value of ozone.scm.heartbeat.thread.interval, reset to the max value 100000.
2019-09-18 18:14:17,679 [main] INFO  node.SCMNodeManager (SCMNodeManager.java:<init>(114)) - Entering startup safe mode.
2019-09-18 18:14:17,679 [main] INFO  algorithms.ContainerPlacementPolicyFactory (ContainerPlacementPolicyFactory.java:getPolicy(57)) - Create container placement policy of type org.apache.hadoop.hdds.scm.container.placement.algorithms.SCMContainerPlacementRandom
2019-09-18 18:14:17,680 [main] WARN  server.ServerUtils (ServerUtils.java:getScmDbDir(145)) - ozone.scm.db.dirs is not configured. We recommend adding this setting. Falling back to ozone.metadata.dirs instead.
2019-09-18 18:14:17,750 [main] INFO  pipeline.SCMPipelineManager (SCMPipelineManager.java:initializePipelineState(132)) - No pipeline exists in current db
2019-09-18 18:14:17,750 [main] WARN  server.ServerUtils (ServerUtils.java:getScmDbDir(145)) - ozone.scm.db.dirs is not configured. We recommend adding this setting. Falling back to ozone.metadata.dirs instead.
2019-09-18 18:14:17,851 [main] WARN  events.EventQueue (EventQueue.java:fireEvent(183)) - No event handler registered for event TypedEvent{payloadType=SafeModeStatus, name='SafeModeStatus'}
2019-09-18 18:14:17,852 [main] INFO  ipc.CallQueueManager (CallQueueManager.java:<init>(84)) - Using callQueue: class java.util.concurrent.LinkedBlockingQueue, queueCapacity: 2000, scheduler: class org.apache.hadoop.ipc.DefaultRpcScheduler, ipcBackoff: false.
2019-09-18 18:14:17,853 [Socket Reader #1 for port 35555] INFO  ipc.Server (Server.java:run(1074)) - Starting Socket Reader #1 for port 35555
2019-09-18 18:14:17,856 [main] INFO  ipc.CallQueueManager (CallQueueManager.java:<init>(84)) - Using callQueue: class java.util.concurrent.LinkedBlockingQueue, queueCapacity: 2000, scheduler: class org.apache.hadoop.ipc.DefaultRpcScheduler, ipcBackoff: false.
2019-09-18 18:14:17,857 [Socket Reader #1 for port 46105] INFO  ipc.Server (Server.java:run(1074)) - Starting Socket Reader #1 for port 46105
2019-09-18 18:14:17,858 [main] INFO  ipc.CallQueueManager (CallQueueManager.java:<init>(84)) - Using callQueue: class java.util.concurrent.LinkedBlockingQueue, queueCapacity: 2000, scheduler: class org.apache.hadoop.ipc.DefaultRpcScheduler, ipcBackoff: false.
2019-09-18 18:14:17,859 [Socket Reader #1 for port 34452] INFO  ipc.Server (Server.java:run(1074)) - Starting Socket Reader #1 for port 34452
2019-09-18 18:14:17,862 [main] INFO  hdfs.DFSUtil (DFSUtil.java:httpServerTemplateForNNAndJN(1641)) - Starting Web-server for scm at: http://0.0.0.0:0
2019-09-18 18:14:17,864 [main] INFO  server.AuthenticationFilter (AuthenticationFilter.java:constructSecretProvider(240)) - Unable to initialize FileSignerSecretProvider, falling back to use random secrets.
2019-09-18 18:14:17,865 [main] WARN  http.HttpRequestLog (HttpRequestLog.java:getRequestLog(97)) - Jetty request log can only be enabled using Log4j
2019-09-18 18:14:17,867 [main] INFO  http.HttpServer2 (HttpServer2.java:addGlobalFilter(975)) - Added global filter 'safety' (class=org.apache.hadoop.http.HttpServer2$QuotingInputFilter)
2019-09-18 18:14:17,868 [main] INFO  http.HttpServer2 (HttpServer2.java:addFilter(948)) - Added filter static_user_filter (class=org.apache.hadoop.http.lib.StaticUserWebFilter$StaticUserFilter) to context scm
2019-09-18 18:14:17,869 [main] INFO  http.HttpServer2 (HttpServer2.java:addFilter(958)) - Added filter static_user_filter (class=org.apache.hadoop.http.lib.StaticUserWebFilter$StaticUserFilter) to context static
2019-09-18 18:14:17,869 [main] INFO  http.HttpServer2 (HttpServer2.java:addFilter(958)) - Added filter static_user_filter (class=org.apache.hadoop.http.lib.StaticUserWebFilter$StaticUserFilter) to context logs
2019-09-18 18:14:17,872 [main] INFO  server.StorageContainerManager (StorageContainerManager.java:start(770)) - StorageContainerLocationProtocol RPC server is listening at /0.0.0.0:34452
2019-09-18 18:14:17,874 [main] WARN  impl.MetricsConfig (MetricsConfig.java:loadFirst(134)) - Cannot locate configuration: tried hadoop-metrics2-storagecontainermanager.properties,hadoop-metrics2.properties
2019-09-18 18:14:17,875 [main] INFO  impl.MetricsSystemImpl (MetricsSystemImpl.java:startTimer(374)) - Scheduled Metric snapshot period at 10 second(s).
2019-09-18 18:14:17,876 [main] INFO  impl.MetricsSystemImpl (MetricsSystemImpl.java:start(191)) - StorageContainerManager metrics system started
2019-09-18 18:14:17,947 [main] WARN  impl.MetricsSystemImpl (MetricsSystemImpl.java:register(276)) - Sink prometheus already exists!
2019-09-18 18:14:17,954 [main] INFO  server.SCMClientProtocolServer (SCMClientProtocolServer.java:start(151)) - RPC server for Client  is listening at /0.0.0.0:34452
2019-09-18 18:14:17,954 [IPC Server Responder] INFO  ipc.Server (Server.java:run(1314)) - IPC Server Responder: starting
2019-09-18 18:14:17,955 [IPC Server listener on 34452] INFO  ipc.Server (Server.java:run(1153)) - IPC Server listener on 34452: starting
2019-09-18 18:14:17,958 [main] INFO  server.StorageContainerManager (StorageContainerManager.java:start(780)) - ScmBlockLocationProtocol RPC server is listening at /0.0.0.0:46105
2019-09-18 18:14:17,959 [main] INFO  server.SCMBlockProtocolServer (SCMBlockProtocolServer.java:start(146)) - RPC server for Block Protocol is listening at /0.0.0.0:46105
2019-09-18 18:14:17,959 [IPC Server Responder] INFO  ipc.Server (Server.java:run(1314)) - IPC Server Responder: starting
2019-09-18 18:14:17,959 [IPC Server listener on 46105] INFO  ipc.Server (Server.java:run(1153)) - IPC Server listener on 46105: starting
2019-09-18 18:14:17,962 [main] INFO  server.StorageContainerManager (StorageContainerManager.java:start(784)) - ScmDatanodeProtocl RPC server is listening at /0.0.0.0:35555
2019-09-18 18:14:17,962 [main] INFO  server.SCMDatanodeProtocolServer (SCMDatanodeProtocolServer.java:start(191)) - RPC server for DataNodes is listening at /0.0.0.0:35555
2019-09-18 18:14:17,963 [IPC Server Responder] INFO  ipc.Server (Server.java:run(1314)) - IPC Server Responder: starting
2019-09-18 18:14:17,963 [IPC Server listener on 35555] INFO  ipc.Server (Server.java:run(1153)) - IPC Server listener on 35555: starting
2019-09-18 18:14:17,966 [main] INFO  http.HttpServer2 (HttpServer2.java:bindListener(1191)) - Jetty bound to port 34453
2019-09-18 18:14:17,966 [main] INFO  server.Server (Server.java:doStart(351)) - jetty-9.3.24.v20180605, build timestamp: 2018-06-05T17:11:56Z, git hash: 84205aa28f11a4f31f2a3b86d1bba2cc8ab69827
2019-09-18 18:14:17,968 [main] INFO  handler.ContextHandler (ContextHandler.java:doStart(781)) - Started o.e.j.s.ServletContextHandler@32faa16c{/logs,file:///workdir/hadoop-ozone/integration-test/target/log,AVAILABLE}
2019-09-18 18:14:17,968 [main] INFO  handler.ContextHandler (ContextHandler.java:doStart(781)) - Started o.e.j.s.ServletContextHandler@2bbb44da{/static,file:///workdir/hadoop-ozone/integration-test/target/test-classes/webapps/static,AVAILABLE}
2019-09-18 18:14:17,972 [main] INFO  handler.ContextHandler (ContextHandler.java:doStart(781)) - Started o.e.j.w.WebAppContext@28e0e464{/,file:///workdir/hadoop-ozone/integration-test/target/test-classes/webapps/scm/,AVAILABLE}{/scm}
2019-09-18 18:14:17,973 [main] INFO  server.AbstractConnector (AbstractConnector.java:doStart(278)) - Started ServerConnector@1d98daa0{HTTP/1.1,[http/1.1]}{0.0.0.0:34453}
2019-09-18 18:14:17,973 [main] INFO  server.Server (Server.java:doStart(419)) - Started @119953ms
2019-09-18 18:14:17,974 [main] WARN  impl.MetricsSystemImpl (MetricsSystemImpl.java:register(276)) - Sink prometheus already exists!
2019-09-18 18:14:17,974 [main] INFO  server.BaseHttpServer (BaseHttpServer.java:updateConnectorAddress(215)) - HTTP server of SCM is listening at http://0.0.0.0:34453
2019-09-18 18:14:17,975 [main] WARN  server.ServerUtils (ServerUtils.java:getDBPath(222)) - ozone.om.db.dirs is not configured. We recommend adding this setting. Falling back to ozone.metadata.dirs instead.
2019-09-18 18:14:17,975 [org.apache.hadoop.util.JvmPauseMonitor$Monitor@7bdf61ad] INFO  util.JvmPauseMonitor (JvmPauseMonitor.java:run(188)) - Starting JVM pause monitor
2019-09-18 18:14:18,001 [main] WARN  server.ServerUtils (ServerUtils.java:getDBPath(222)) - ozone.om.db.dirs is not configured. We recommend adding this setting. Falling back to ozone.metadata.dirs instead.
2019-09-18 18:14:18,001 [main] WARN  server.ServerUtils (ServerUtils.java:getDBPath(222)) - ozone.om.db.dirs is not configured. We recommend adding this setting. Falling back to ozone.metadata.dirs instead.
2019-09-18 18:14:18,001 [main] INFO  om.OzoneManager (OzoneManager.java:setOMNodeDetails(651)) - OM Service ID is not set. Setting it to the default ID: omServiceIdDefault
2019-09-18 18:14:18,002 [main] INFO  om.OzoneManager (OzoneManager.java:setOMNodeDetails(657)) - OM Node ID is not set. Setting it to the OmStorage's OmID: 5905eaf1-0152-4de9-a391-3af6d55c15f6
2019-09-18 18:14:18,002 [main] INFO  om.OzoneManager (OzoneManager.java:loadOMHAConfigs(608)) - Found matching OM address with OMServiceId: null, OMNodeId: null, RPC Address: localhost:0 and Ratis port: 9872
2019-09-18 18:14:18,007 [main] WARN  server.ServerUtils (ServerUtils.java:getDBPath(222)) - ozone.om.db.dirs is not configured. We recommend adding this setting. Falling back to ozone.metadata.dirs instead.
2019-09-18 18:14:18,007 [main] INFO  db.DBStoreBuilder (DBStoreBuilder.java:addTable(110)) - using custom profile for table: userTable
2019-09-18 18:14:18,008 [main] INFO  db.DBStoreBuilder (DBStoreBuilder.java:processTables(161)) - Using default column profile:DBProfile.DISK for Table:userTable
2019-09-18 18:14:18,008 [main] INFO  db.DBStoreBuilder (DBStoreBuilder.java:addTable(110)) - using custom profile for table: volumeTable
2019-09-18 18:14:18,008 [main] INFO  db.DBStoreBuilder (DBStoreBuilder.java:processTables(161)) - Using default column profile:DBProfile.DISK for Table:volumeTable
2019-09-18 18:14:18,008 [main] INFO  db.DBStoreBuilder (DBStoreBuilder.java:addTable(110)) - using custom profile for table: bucketTable
2019-09-18 18:14:18,008 [main] INFO  db.DBStoreBuilder (DBStoreBuilder.java:processTables(161)) - Using default column profile:DBProfile.DISK for Table:bucketTable
2019-09-18 18:14:18,009 [main] INFO  db.DBStoreBuilder (DBStoreBuilder.java:addTable(110)) - using custom profile for table: keyTable
2019-09-18 18:14:18,009 [main] INFO  db.DBStoreBuilder (DBStoreBuilder.java:processTables(161)) - Using default column profile:DBProfile.DISK for Table:keyTable
2019-09-18 18:14:18,009 [main] INFO  db.DBStoreBuilder (DBStoreBuilder.java:addTable(110)) - using custom profile for table: deletedTable
2019-09-18 18:14:18,009 [main] INFO  db.DBStoreBuilder (DBStoreBuilder.java:processTables(161)) - Using default column profile:DBProfile.DISK for Table:deletedTable
2019-09-18 18:14:18,009 [main] INFO  db.DBStoreBuilder (DBStoreBuilder.java:addTable(110)) - using custom profile for table: openKeyTable
2019-09-18 18:14:18,009 [main] INFO  db.DBStoreBuilder (DBStoreBuilder.java:processTables(161)) - Using default column profile:DBProfile.DISK for Table:openKeyTable
2019-09-18 18:14:18,010 [main] INFO  db.DBStoreBuilder (DBStoreBuilder.java:addTable(110)) - using custom profile for table: s3Table
2019-09-18 18:14:18,010 [main] INFO  db.DBStoreBuilder (DBStoreBuilder.java:processTables(161)) - Using default column profile:DBProfile.DISK for Table:s3Table
2019-09-18 18:14:18,010 [main] INFO  db.DBStoreBuilder (DBStoreBuilder.java:addTable(110)) - using custom profile for table: multipartInfoTable
2019-09-18 18:14:18,010 [main] INFO  db.DBStoreBuilder (DBStoreBuilder.java:processTables(161)) - Using default column profile:DBProfile.DISK for Table:multipartInfoTable
2019-09-18 18:14:18,010 [main] INFO  db.DBStoreBuilder (DBStoreBuilder.java:addTable(110)) - using custom profile for table: dTokenTable
2019-09-18 18:14:18,010 [main] INFO  db.DBStoreBuilder (DBStoreBuilder.java:processTables(161)) - Using default column profile:DBProfile.DISK for Table:dTokenTable
2019-09-18 18:14:18,011 [main] INFO  db.DBStoreBuilder (DBStoreBuilder.java:addTable(110)) - using custom profile for table: s3SecretTable
2019-09-18 18:14:18,011 [main] INFO  db.DBStoreBuilder (DBStoreBuilder.java:processTables(161)) - Using default column profile:DBProfile.DISK for Table:s3SecretTable
2019-09-18 18:14:18,011 [main] INFO  db.DBStoreBuilder (DBStoreBuilder.java:addTable(110)) - using custom profile for table: prefixTable
2019-09-18 18:14:18,011 [main] INFO  db.DBStoreBuilder (DBStoreBuilder.java:processTables(161)) - Using default column profile:DBProfile.DISK for Table:prefixTable
2019-09-18 18:14:18,011 [main] INFO  db.DBStoreBuilder (DBStoreBuilder.java:addTable(110)) - using custom profile for table: default
2019-09-18 18:14:18,011 [main] INFO  db.DBStoreBuilder (DBStoreBuilder.java:processTables(167)) - Using default column profile:DBProfile.DISK for Table:default
2019-09-18 18:14:18,012 [main] INFO  db.DBStoreBuilder (DBStoreBuilder.java:getDbProfile(198)) - Using default options. DBProfile.DISK
2019-09-18 18:14:18,575 [main] INFO  ipc.CallQueueManager (CallQueueManager.java:<init>(84)) - Using callQueue: class java.util.concurrent.LinkedBlockingQueue, queueCapacity: 2000, scheduler: class org.apache.hadoop.ipc.DefaultRpcScheduler, ipcBackoff: false.
2019-09-18 18:14:18,577 [Socket Reader #1 for port 34670] INFO  ipc.Server (Server.java:run(1074)) - Starting Socket Reader #1 for port 34670
2019-09-18 18:14:18,596 [main] INFO  om.OzoneManager (OzoneManager.java:start(1242)) - OzoneManager RPC server is listening at localhost/127.0.0.1:34670
2019-09-18 18:14:18,596 [main] INFO  impl.MetricsSystemImpl (MetricsSystemImpl.java:init(158)) - OzoneManager metrics system started (again)
2019-09-18 18:14:18,597 [IPC Server Responder] INFO  ipc.Server (Server.java:run(1314)) - IPC Server Responder: starting
2019-09-18 18:14:18,597 [IPC Server listener on 34670] INFO  ipc.Server (Server.java:run(1153)) - IPC Server listener on 34670: starting
2019-09-18 18:14:18,603 [main] INFO  hdfs.DFSUtil (DFSUtil.java:httpServerTemplateForNNAndJN(1641)) - Starting Web-server for ozoneManager at: http://0.0.0.0:0
2019-09-18 18:14:18,604 [main] INFO  server.AuthenticationFilter (AuthenticationFilter.java:constructSecretProvider(240)) - Unable to initialize FileSignerSecretProvider, falling back to use random secrets.
2019-09-18 18:14:18,605 [main] WARN  http.HttpRequestLog (HttpRequestLog.java:getRequestLog(97)) - Jetty request log can only be enabled using Log4j
2019-09-18 18:14:18,607 [main] INFO  http.HttpServer2 (HttpServer2.java:addGlobalFilter(975)) - Added global filter 'safety' (class=org.apache.hadoop.http.HttpServer2$QuotingInputFilter)
2019-09-18 18:14:18,608 [main] INFO  http.HttpServer2 (HttpServer2.java:addFilter(948)) - Added filter static_user_filter (class=org.apache.hadoop.http.lib.StaticUserWebFilter$StaticUserFilter) to context ozoneManager
2019-09-18 18:14:18,608 [main] INFO  http.HttpServer2 (HttpServer2.java:addFilter(958)) - Added filter static_user_filter (class=org.apache.hadoop.http.lib.StaticUserWebFilter$StaticUserFilter) to context static
2019-09-18 18:14:18,608 [main] INFO  http.HttpServer2 (HttpServer2.java:addFilter(958)) - Added filter static_user_filter (class=org.apache.hadoop.http.lib.StaticUserWebFilter$StaticUserFilter) to context logs
2019-09-18 18:14:18,609 [main] INFO  http.HttpServer2 (HttpServer2.java:bindListener(1191)) - Jetty bound to port 44614
2019-09-18 18:14:18,609 [main] INFO  server.Server (Server.java:doStart(351)) - jetty-9.3.24.v20180605, build timestamp: 2018-06-05T17:11:56Z, git hash: 84205aa28f11a4f31f2a3b86d1bba2cc8ab69827
2019-09-18 18:14:18,611 [main] INFO  handler.ContextHandler (ContextHandler.java:doStart(781)) - Started o.e.j.s.ServletContextHandler@664212ab{/logs,file:///workdir/hadoop-ozone/integration-test/target/log,AVAILABLE}
2019-09-18 18:14:18,611 [main] INFO  handler.ContextHandler (ContextHandler.java:doStart(781)) - Started o.e.j.s.ServletContextHandler@3443e476{/static,file:///workdir/hadoop-ozone/integration-test/target/test-classes/webapps/static,AVAILABLE}
2019-09-18 18:14:18,616 [main] INFO  handler.ContextHandler (ContextHandler.java:doStart(781)) - Started o.e.j.w.WebAppContext@17e0933c{/,file:///workdir/hadoop-ozone/integration-test/target/test-classes/webapps/ozoneManager/,AVAILABLE}{/ozoneManager}
2019-09-18 18:14:18,616 [main] INFO  server.AbstractConnector (AbstractConnector.java:doStart(278)) - Started ServerConnector@7edb6fca{HTTP/1.1,[http/1.1]}{0.0.0.0:44614}
2019-09-18 18:14:18,618 [main] INFO  server.Server (Server.java:doStart(419)) - Started @120597ms
2019-09-18 18:14:18,618 [main] WARN  impl.MetricsSystemImpl (MetricsSystemImpl.java:register(276)) - Sink prometheus already exists!
2019-09-18 18:14:18,619 [main] INFO  server.BaseHttpServer (BaseHttpServer.java:updateConnectorAddress(215)) - HTTP server of OZONEMANAGER is listening at http://0.0.0.0:44614
2019-09-18 18:14:18,657 [main] INFO  impl.MetricsSystemImpl (MetricsSystemImpl.java:init(158)) - HddsDatanode metrics system started (again)
2019-09-18 18:14:18,661 [main] INFO  ozone.HddsDatanodeService (HddsDatanodeService.java:start(184)) - HddsDatanodeService host:pr-hdds-2020-dv54p-77741726 ip:192.168.5.179
2019-09-18 18:14:18,668 [main] INFO  volume.HddsVolume (HddsVolume.java:<init>(176)) - Creating Volume: /workdir/hadoop-ozone/integration-test/target/test-dir/MiniOzoneClusterImpl-af65669b-47b0-4744-a6c7-6ec9173b390b/datanode-0/data/containers/hdds of  storage type : DISK and capacity : 1482555576320
2019-09-18 18:14:18,669 [main] INFO  volume.VolumeSet (VolumeSet.java:initializeVolumeSet(170)) - Added Volume : /workdir/hadoop-ozone/integration-test/target/test-dir/MiniOzoneClusterImpl-af65669b-47b0-4744-a6c7-6ec9173b390b/datanode-0/data/containers/hdds to VolumeSet
2019-09-18 18:14:18,669 [main] INFO  volume.ThrottledAsyncChecker (ThrottledAsyncChecker.java:schedule(139)) - Scheduling a check for org.apache.hadoop.ozone.container.common.volume.HddsVolume@6435fa1c
2019-09-18 18:14:18,670 [main] INFO  volume.HddsVolumeChecker (HddsVolumeChecker.java:checkAllVolumes(202)) - Scheduled health check for volume org.apache.hadoop.ozone.container.common.volume.HddsVolume@6435fa1c
2019-09-18 18:14:18,688 [main] INFO  impl.RaftServerProxy (ConfUtils.java:logGet(43)) - raft.rpc.type = GRPC (default)
2019-09-18 18:14:18,688 [main] INFO  grpc.GrpcFactory (GrpcFactory.java:checkPooledByteBufAllocatorUseCacheForAllThreads(45)) - PERFORMANCE WARNING: useCacheForAllThreads is true that may cause Netty to create a lot garbage objects and, as a result, trigger GC.
	It is recommended to disable useCacheForAllThreads by setting -Dorg.apache.ratis.thirdparty.io.netty.allocator.useCacheForAllThreads=false in command line.
2019-09-18 18:14:18,688 [main] INFO  grpc.GrpcConfigKeys$Server (ConfUtils.java:logGet(43)) - raft.grpc.server.port = 0 (default)
2019-09-18 18:14:18,688 [main] INFO  server.GrpcService (ConfUtils.java:logGet(43)) - raft.grpc.message.size.max = 33570816 (custom)
2019-09-18 18:14:18,689 [main] INFO  server.RaftServerConfigKeys (ConfUtils.java:logGet(43)) - raft.server.log.appender.buffer.byte-limit = 33554432 (custom)
2019-09-18 18:14:18,689 [main] INFO  server.GrpcService (ConfUtils.java:logGet(43)) - raft.grpc.flow.control.window = 1MB (=1048576) (default)
2019-09-18 18:14:18,689 [main] INFO  server.RaftServerConfigKeys (ConfUtils.java:logGet(43)) - raft.server.rpc.request.timeout = 3000ms (default)
2019-09-18 18:14:18,690 [main] INFO  server.RaftServerConfigKeys (ConfUtils.java:logGet(43)) - raft.server.storage.dir = [/workdir/hadoop-ozone/integration-test/target/test-dir/MiniOzoneClusterImpl-af65669b-47b0-4744-a6c7-6ec9173b390b/datanode-0/data/ratis] (custom)
2019-09-18 18:14:18,691 [main] INFO  hdfs.DFSUtil (DFSUtil.java:httpServerTemplateForNNAndJN(1641)) - Starting Web-server for hddsDatanode at: http://0.0.0.0:0
2019-09-18 18:14:18,695 [main] INFO  server.AuthenticationFilter (AuthenticationFilter.java:constructSecretProvider(240)) - Unable to initialize FileSignerSecretProvider, falling back to use random secrets.
2019-09-18 18:14:18,695 [main] WARN  http.HttpRequestLog (HttpRequestLog.java:getRequestLog(97)) - Jetty request log can only be enabled using Log4j
2019-09-18 18:14:18,697 [main] INFO  http.HttpServer2 (HttpServer2.java:addGlobalFilter(975)) - Added global filter 'safety' (class=org.apache.hadoop.http.HttpServer2$QuotingInputFilter)
2019-09-18 18:14:18,698 [main] INFO  http.HttpServer2 (HttpServer2.java:addFilter(948)) - Added filter static_user_filter (class=org.apache.hadoop.http.lib.StaticUserWebFilter$StaticUserFilter) to context hddsDatanode
2019-09-18 18:14:18,698 [main] INFO  http.HttpServer2 (HttpServer2.java:addFilter(958)) - Added filter static_user_filter (class=org.apache.hadoop.http.lib.StaticUserWebFilter$StaticUserFilter) to context logs
2019-09-18 18:14:18,698 [main] INFO  http.HttpServer2 (HttpServer2.java:addFilter(958)) - Added filter static_user_filter (class=org.apache.hadoop.http.lib.StaticUserWebFilter$StaticUserFilter) to context static
2019-09-18 18:14:18,699 [main] INFO  http.HttpServer2 (HttpServer2.java:bindListener(1191)) - Jetty bound to port 39371
2019-09-18 18:14:18,699 [main] INFO  server.Server (Server.java:doStart(351)) - jetty-9.3.24.v20180605, build timestamp: 2018-06-05T17:11:56Z, git hash: 84205aa28f11a4f31f2a3b86d1bba2cc8ab69827
2019-09-18 18:14:18,701 [main] INFO  handler.ContextHandler (ContextHandler.java:doStart(781)) - Started o.e.j.s.ServletContextHandler@4de79b7d{/logs,file:///workdir/hadoop-ozone/integration-test/target/log,AVAILABLE}
2019-09-18 18:14:18,702 [main] INFO  handler.ContextHandler (ContextHandler.java:doStart(781)) - Started o.e.j.s.ServletContextHandler@4c51077d{/static,jar:file:/home/user/.m2/repository/org/apache/hadoop/hadoop-hdds-container-service/0.5.0-SNAPSHOT/hadoop-hdds-container-service-0.5.0-SNAPSHOT.jar!/webapps/static,AVAILABLE}
2019-09-18 18:14:18,733 [main] INFO  handler.ContextHandler (ContextHandler.java:doStart(781)) - Started o.e.j.w.WebAppContext@43ecfeb5{/,file:///tmp/jetty-0.0.0.0-39371-hddsDatanode-_-any-6805743652787831084.dir/webapp/,AVAILABLE}{/hddsDatanode}
2019-09-18 18:14:18,733 [main] INFO  server.AbstractConnector (AbstractConnector.java:doStart(278)) - Started ServerConnector@51efb731{HTTP/1.1,[http/1.1]}{0.0.0.0:39371}
2019-09-18 18:14:18,736 [main] INFO  server.Server (Server.java:doStart(419)) - Started @120716ms
2019-09-18 18:14:18,737 [main] WARN  impl.MetricsSystemImpl (MetricsSystemImpl.java:register(276)) - Sink prometheus already exists!
2019-09-18 18:14:18,737 [main] INFO  server.BaseHttpServer (BaseHttpServer.java:updateConnectorAddress(215)) - HTTP server of HDDSDATANODE is listening at http://0.0.0.0:39371
2019-09-18 18:14:18,738 [main] INFO  impl.MetricsSystemImpl (MetricsSystemImpl.java:init(158)) - HddsDatanode metrics system started (again)
2019-09-18 18:14:18,740 [org.apache.hadoop.util.JvmPauseMonitor$Monitor@1bc081b6] INFO  util.JvmPauseMonitor (JvmPauseMonitor.java:run(188)) - Starting JVM pause monitor
2019-09-18 18:14:18,741 [main] INFO  ozone.HddsDatanodeService (HddsDatanodeService.java:start(184)) - HddsDatanodeService host:pr-hdds-2020-dv54p-77741726 ip:192.168.5.179
2019-09-18 18:14:18,743 [Datanode State Machine Thread - 0] INFO  datanode.InitDatanodeState (InitDatanodeState.java:persistContainerDatanodeDetails(140)) - DatanodeDetails is persisted to /workdir/hadoop-ozone/integration-test/target/test-dir/MiniOzoneClusterImpl-af65669b-47b0-4744-a6c7-6ec9173b390b/datanode-0/meta/datanode.id
2019-09-18 18:14:18,747 [main] INFO  volume.HddsVolume (HddsVolume.java:<init>(176)) - Creating Volume: /workdir/hadoop-ozone/integration-test/target/test-dir/MiniOzoneClusterImpl-af65669b-47b0-4744-a6c7-6ec9173b390b/datanode-1/data/containers/hdds of  storage type : DISK and capacity : 1482555576320
2019-09-18 18:14:18,748 [main] INFO  volume.VolumeSet (VolumeSet.java:initializeVolumeSet(170)) - Added Volume : /workdir/hadoop-ozone/integration-test/target/test-dir/MiniOzoneClusterImpl-af65669b-47b0-4744-a6c7-6ec9173b390b/datanode-1/data/containers/hdds to VolumeSet
2019-09-18 18:14:18,748 [main] INFO  volume.ThrottledAsyncChecker (ThrottledAsyncChecker.java:schedule(139)) - Scheduling a check for org.apache.hadoop.ozone.container.common.volume.HddsVolume@7af443a3
2019-09-18 18:14:18,748 [main] INFO  volume.HddsVolumeChecker (HddsVolumeChecker.java:checkAllVolumes(202)) - Scheduled health check for volume org.apache.hadoop.ozone.container.common.volume.HddsVolume@7af443a3
2019-09-18 18:14:18,762 [main] INFO  impl.RaftServerProxy (ConfUtils.java:logGet(43)) - raft.rpc.type = GRPC (default)
2019-09-18 18:14:18,762 [main] INFO  grpc.GrpcFactory (GrpcFactory.java:checkPooledByteBufAllocatorUseCacheForAllThreads(45)) - PERFORMANCE WARNING: useCacheForAllThreads is true that may cause Netty to create a lot garbage objects and, as a result, trigger GC.
	It is recommended to disable useCacheForAllThreads by setting -Dorg.apache.ratis.thirdparty.io.netty.allocator.useCacheForAllThreads=false in command line.
2019-09-18 18:14:18,763 [main] INFO  grpc.GrpcConfigKeys$Server (ConfUtils.java:logGet(43)) - raft.grpc.server.port = 0 (default)
2019-09-18 18:14:18,763 [main] INFO  server.GrpcService (ConfUtils.java:logGet(43)) - raft.grpc.message.size.max = 33570816 (custom)
2019-09-18 18:14:18,763 [main] INFO  server.RaftServerConfigKeys (ConfUtils.java:logGet(43)) - raft.server.log.appender.buffer.byte-limit = 33554432 (custom)
2019-09-18 18:14:18,763 [main] INFO  server.GrpcService (ConfUtils.java:logGet(43)) - raft.grpc.flow.control.window = 1MB (=1048576) (default)
2019-09-18 18:14:18,763 [main] INFO  server.RaftServerConfigKeys (ConfUtils.java:logGet(43)) - raft.server.rpc.request.timeout = 3000ms (default)
2019-09-18 18:14:18,764 [main] INFO  server.RaftServerConfigKeys (ConfUtils.java:logGet(43)) - raft.server.storage.dir = [/workdir/hadoop-ozone/integration-test/target/test-dir/MiniOzoneClusterImpl-af65669b-47b0-4744-a6c7-6ec9173b390b/datanode-1/data/ratis] (custom)
2019-09-18 18:14:18,766 [main] INFO  hdfs.DFSUtil (DFSUtil.java:httpServerTemplateForNNAndJN(1641)) - Starting Web-server for hddsDatanode at: http://0.0.0.0:0
2019-09-18 18:14:18,767 [main] INFO  server.AuthenticationFilter (AuthenticationFilter.java:constructSecretProvider(240)) - Unable to initialize FileSignerSecretProvider, falling back to use random secrets.
2019-09-18 18:14:18,768 [main] WARN  http.HttpRequestLog (HttpRequestLog.java:getRequestLog(97)) - Jetty request log can only be enabled using Log4j
2019-09-18 18:14:18,769 [main] INFO  http.HttpServer2 (HttpServer2.java:addGlobalFilter(975)) - Added global filter 'safety' (class=org.apache.hadoop.http.HttpServer2$QuotingInputFilter)
2019-09-18 18:14:18,769 [main] INFO  http.HttpServer2 (HttpServer2.java:addFilter(948)) - Added filter static_user_filter (class=org.apache.hadoop.http.lib.StaticUserWebFilter$StaticUserFilter) to context hddsDatanode
2019-09-18 18:14:18,769 [main] INFO  http.HttpServer2 (HttpServer2.java:addFilter(958)) - Added filter static_user_filter (class=org.apache.hadoop.http.lib.StaticUserWebFilter$StaticUserFilter) to context logs
2019-09-18 18:14:18,770 [main] INFO  http.HttpServer2 (HttpServer2.java:addFilter(958)) - Added filter static_user_filter (class=org.apache.hadoop.http.lib.StaticUserWebFilter$StaticUserFilter) to context static
2019-09-18 18:14:18,770 [main] INFO  http.HttpServer2 (HttpServer2.java:bindListener(1191)) - Jetty bound to port 37481
2019-09-18 18:14:18,770 [main] INFO  server.Server (Server.java:doStart(351)) - jetty-9.3.24.v20180605, build timestamp: 2018-06-05T17:11:56Z, git hash: 84205aa28f11a4f31f2a3b86d1bba2cc8ab69827
2019-09-18 18:14:18,772 [main] INFO  handler.ContextHandler (ContextHandler.java:doStart(781)) - Started o.e.j.s.ServletContextHandler@5099c59b{/logs,file:///workdir/hadoop-ozone/integration-test/target/log,AVAILABLE}
2019-09-18 18:14:18,773 [main] INFO  handler.ContextHandler (ContextHandler.java:doStart(781)) - Started o.e.j.s.ServletContextHandler@3d620a1{/static,jar:file:/home/user/.m2/repository/org/apache/hadoop/hadoop-hdds-container-service/0.5.0-SNAPSHOT/hadoop-hdds-container-service-0.5.0-SNAPSHOT.jar!/webapps/static,AVAILABLE}
2019-09-18 18:14:18,800 [main] INFO  handler.ContextHandler (ContextHandler.java:doStart(781)) - Started o.e.j.w.WebAppContext@6ddee60f{/,file:///tmp/jetty-0.0.0.0-37481-hddsDatanode-_-any-3726701974684696810.dir/webapp/,AVAILABLE}{/hddsDatanode}
2019-09-18 18:14:18,800 [main] INFO  server.AbstractConnector (AbstractConnector.java:doStart(278)) - Started ServerConnector@6e829e50{HTTP/1.1,[http/1.1]}{0.0.0.0:37481}
2019-09-18 18:14:18,802 [main] INFO  server.Server (Server.java:doStart(419)) - Started @120781ms
2019-09-18 18:14:18,802 [main] WARN  impl.MetricsSystemImpl (MetricsSystemImpl.java:register(276)) - Sink prometheus already exists!
2019-09-18 18:14:18,802 [main] INFO  server.BaseHttpServer (BaseHttpServer.java:updateConnectorAddress(215)) - HTTP server of HDDSDATANODE is listening at http://0.0.0.0:37481
2019-09-18 18:14:18,803 [main] INFO  impl.MetricsSystemImpl (MetricsSystemImpl.java:init(158)) - HddsDatanode metrics system started (again)
2019-09-18 18:14:18,805 [org.apache.hadoop.util.JvmPauseMonitor$Monitor@21daad6f] INFO  util.JvmPauseMonitor (JvmPauseMonitor.java:run(188)) - Starting JVM pause monitor
2019-09-18 18:14:18,805 [main] INFO  ozone.HddsDatanodeService (HddsDatanodeService.java:start(184)) - HddsDatanodeService host:pr-hdds-2020-dv54p-77741726 ip:192.168.5.179
2019-09-18 18:14:18,808 [Datanode State Machine Thread - 0] INFO  datanode.InitDatanodeState (InitDatanodeState.java:persistContainerDatanodeDetails(140)) - DatanodeDetails is persisted to /workdir/hadoop-ozone/integration-test/target/test-dir/MiniOzoneClusterImpl-af65669b-47b0-4744-a6c7-6ec9173b390b/datanode-1/meta/datanode.id
2019-09-18 18:14:18,811 [main] INFO  volume.HddsVolume (HddsVolume.java:<init>(176)) - Creating Volume: /workdir/hadoop-ozone/integration-test/target/test-dir/MiniOzoneClusterImpl-af65669b-47b0-4744-a6c7-6ec9173b390b/datanode-2/data/containers/hdds of  storage type : DISK and capacity : 1482555576320
2019-09-18 18:14:18,811 [main] INFO  volume.VolumeSet (VolumeSet.java:initializeVolumeSet(170)) - Added Volume : /workdir/hadoop-ozone/integration-test/target/test-dir/MiniOzoneClusterImpl-af65669b-47b0-4744-a6c7-6ec9173b390b/datanode-2/data/containers/hdds to VolumeSet
2019-09-18 18:14:18,811 [main] INFO  volume.ThrottledAsyncChecker (ThrottledAsyncChecker.java:schedule(139)) - Scheduling a check for org.apache.hadoop.ozone.container.common.volume.HddsVolume@6ac4c3f7
2019-09-18 18:14:18,812 [main] INFO  volume.HddsVolumeChecker (HddsVolumeChecker.java:checkAllVolumes(202)) - Scheduled health check for volume org.apache.hadoop.ozone.container.common.volume.HddsVolume@6ac4c3f7
2019-09-18 18:14:18,824 [main] INFO  impl.RaftServerProxy (ConfUtils.java:logGet(43)) - raft.rpc.type = GRPC (default)
2019-09-18 18:14:18,824 [main] INFO  grpc.GrpcFactory (GrpcFactory.java:checkPooledByteBufAllocatorUseCacheForAllThreads(45)) - PERFORMANCE WARNING: useCacheForAllThreads is true that may cause Netty to create a lot garbage objects and, as a result, trigger GC.
	It is recommended to disable useCacheForAllThreads by setting -Dorg.apache.ratis.thirdparty.io.netty.allocator.useCacheForAllThreads=false in command line.
2019-09-18 18:14:18,824 [main] INFO  grpc.GrpcConfigKeys$Server (ConfUtils.java:logGet(43)) - raft.grpc.server.port = 0 (default)
2019-09-18 18:14:18,824 [main] INFO  server.GrpcService (ConfUtils.java:logGet(43)) - raft.grpc.message.size.max = 33570816 (custom)
2019-09-18 18:14:18,824 [main] INFO  server.RaftServerConfigKeys (ConfUtils.java:logGet(43)) - raft.server.log.appender.buffer.byte-limit = 33554432 (custom)
2019-09-18 18:14:18,825 [main] INFO  server.GrpcService (ConfUtils.java:logGet(43)) - raft.grpc.flow.control.window = 1MB (=1048576) (default)
2019-09-18 18:14:18,825 [main] INFO  server.RaftServerConfigKeys (ConfUtils.java:logGet(43)) - raft.server.rpc.request.timeout = 3000ms (default)
2019-09-18 18:14:18,825 [main] INFO  server.RaftServerConfigKeys (ConfUtils.java:logGet(43)) - raft.server.storage.dir = [/workdir/hadoop-ozone/integration-test/target/test-dir/MiniOzoneClusterImpl-af65669b-47b0-4744-a6c7-6ec9173b390b/datanode-2/data/ratis] (custom)
2019-09-18 18:14:18,826 [main] INFO  hdfs.DFSUtil (DFSUtil.java:httpServerTemplateForNNAndJN(1641)) - Starting Web-server for hddsDatanode at: http://0.0.0.0:0
2019-09-18 18:14:18,828 [main] INFO  server.AuthenticationFilter (AuthenticationFilter.java:constructSecretProvider(240)) - Unable to initialize FileSignerSecretProvider, falling back to use random secrets.
2019-09-18 18:14:18,828 [main] WARN  http.HttpRequestLog (HttpRequestLog.java:getRequestLog(97)) - Jetty request log can only be enabled using Log4j
2019-09-18 18:14:18,829 [main] INFO  http.HttpServer2 (HttpServer2.java:addGlobalFilter(975)) - Added global filter 'safety' (class=org.apache.hadoop.http.HttpServer2$QuotingInputFilter)
2019-09-18 18:14:18,830 [main] INFO  http.HttpServer2 (HttpServer2.java:addFilter(948)) - Added filter static_user_filter (class=org.apache.hadoop.http.lib.StaticUserWebFilter$StaticUserFilter) to context hddsDatanode
2019-09-18 18:14:18,830 [main] INFO  http.HttpServer2 (HttpServer2.java:addFilter(958)) - Added filter static_user_filter (class=org.apache.hadoop.http.lib.StaticUserWebFilter$StaticUserFilter) to context logs
2019-09-18 18:14:18,830 [main] INFO  http.HttpServer2 (HttpServer2.java:addFilter(958)) - Added filter static_user_filter (class=org.apache.hadoop.http.lib.StaticUserWebFilter$StaticUserFilter) to context static
2019-09-18 18:14:18,831 [main] INFO  http.HttpServer2 (HttpServer2.java:bindListener(1191)) - Jetty bound to port 46204
2019-09-18 18:14:18,831 [main] INFO  server.Server (Server.java:doStart(351)) - jetty-9.3.24.v20180605, build timestamp: 2018-06-05T17:11:56Z, git hash: 84205aa28f11a4f31f2a3b86d1bba2cc8ab69827
2019-09-18 18:14:18,832 [main] INFO  handler.ContextHandler (ContextHandler.java:doStart(781)) - Started o.e.j.s.ServletContextHandler@c02670f{/logs,file:///workdir/hadoop-ozone/integration-test/target/log,AVAILABLE}
2019-09-18 18:14:18,833 [main] INFO  handler.ContextHandler (ContextHandler.java:doStart(781)) - Started o.e.j.s.ServletContextHandler@13bdf540{/static,jar:file:/home/user/.m2/repository/org/apache/hadoop/hadoop-hdds-container-service/0.5.0-SNAPSHOT/hadoop-hdds-container-service-0.5.0-SNAPSHOT.jar!/webapps/static,AVAILABLE}
2019-09-18 18:14:18,860 [main] INFO  handler.ContextHandler (ContextHandler.java:doStart(781)) - Started o.e.j.w.WebAppContext@e700eba{/,file:///tmp/jetty-0.0.0.0-46204-hddsDatanode-_-any-5236437944625189353.dir/webapp/,AVAILABLE}{/hddsDatanode}
2019-09-18 18:14:18,861 [main] INFO  server.AbstractConnector (AbstractConnector.java:doStart(278)) - Started ServerConnector@6436e181{HTTP/1.1,[http/1.1]}{0.0.0.0:46204}
2019-09-18 18:14:18,862 [main] INFO  server.Server (Server.java:doStart(419)) - Started @120842ms
2019-09-18 18:14:18,862 [main] WARN  impl.MetricsSystemImpl (MetricsSystemImpl.java:register(276)) - Sink prometheus already exists!
2019-09-18 18:14:18,863 [main] INFO  server.BaseHttpServer (BaseHttpServer.java:updateConnectorAddress(215)) - HTTP server of HDDSDATANODE is listening at http://0.0.0.0:46204
2019-09-18 18:14:18,863 [main] INFO  impl.MetricsSystemImpl (MetricsSystemImpl.java:init(158)) - HddsDatanode metrics system started (again)
2019-09-18 18:14:18,866 [org.apache.hadoop.util.JvmPauseMonitor$Monitor@36115926] INFO  util.JvmPauseMonitor (JvmPauseMonitor.java:run(188)) - Starting JVM pause monitor
2019-09-18 18:14:18,867 [main] INFO  ozone.HddsDatanodeService (HddsDatanodeService.java:start(184)) - HddsDatanodeService host:pr-hdds-2020-dv54p-77741726 ip:192.168.5.179
2019-09-18 18:14:18,868 [Datanode State Machine Thread - 0] INFO  datanode.InitDatanodeState (InitDatanodeState.java:persistContainerDatanodeDetails(140)) - DatanodeDetails is persisted to /workdir/hadoop-ozone/integration-test/target/test-dir/MiniOzoneClusterImpl-af65669b-47b0-4744-a6c7-6ec9173b390b/datanode-2/meta/datanode.id
2019-09-18 18:14:18,872 [main] INFO  volume.HddsVolume (HddsVolume.java:<init>(176)) - Creating Volume: /workdir/hadoop-ozone/integration-test/target/test-dir/MiniOzoneClusterImpl-af65669b-47b0-4744-a6c7-6ec9173b390b/datanode-3/data/containers/hdds of  storage type : DISK and capacity : 1482555576320
2019-09-18 18:14:18,873 [main] INFO  volume.VolumeSet (VolumeSet.java:initializeVolumeSet(170)) - Added Volume : /workdir/hadoop-ozone/integration-test/target/test-dir/MiniOzoneClusterImpl-af65669b-47b0-4744-a6c7-6ec9173b390b/datanode-3/data/containers/hdds to VolumeSet
2019-09-18 18:14:18,873 [main] INFO  volume.ThrottledAsyncChecker (ThrottledAsyncChecker.java:schedule(139)) - Scheduling a check for org.apache.hadoop.ozone.container.common.volume.HddsVolume@7f6329cb
2019-09-18 18:14:18,873 [main] INFO  volume.HddsVolumeChecker (HddsVolumeChecker.java:checkAllVolumes(202)) - Scheduled health check for volume org.apache.hadoop.ozone.container.common.volume.HddsVolume@7f6329cb
2019-09-18 18:14:18,885 [main] INFO  impl.RaftServerProxy (ConfUtils.java:logGet(43)) - raft.rpc.type = GRPC (default)
2019-09-18 18:14:18,885 [main] INFO  grpc.GrpcFactory (GrpcFactory.java:checkPooledByteBufAllocatorUseCacheForAllThreads(45)) - PERFORMANCE WARNING: useCacheForAllThreads is true that may cause Netty to create a lot garbage objects and, as a result, trigger GC.
	It is recommended to disable useCacheForAllThreads by setting -Dorg.apache.ratis.thirdparty.io.netty.allocator.useCacheForAllThreads=false in command line.
2019-09-18 18:14:18,886 [main] INFO  grpc.GrpcConfigKeys$Server (ConfUtils.java:logGet(43)) - raft.grpc.server.port = 0 (default)
2019-09-18 18:14:18,886 [main] INFO  server.GrpcService (ConfUtils.java:logGet(43)) - raft.grpc.message.size.max = 33570816 (custom)
2019-09-18 18:14:18,886 [main] INFO  server.RaftServerConfigKeys (ConfUtils.java:logGet(43)) - raft.server.log.appender.buffer.byte-limit = 33554432 (custom)
2019-09-18 18:14:18,886 [main] INFO  server.GrpcService (ConfUtils.java:logGet(43)) - raft.grpc.flow.control.window = 1MB (=1048576) (default)
2019-09-18 18:14:18,886 [main] INFO  server.RaftServerConfigKeys (ConfUtils.java:logGet(43)) - raft.server.rpc.request.timeout = 3000ms (default)
2019-09-18 18:14:18,887 [main] INFO  server.RaftServerConfigKeys (ConfUtils.java:logGet(43)) - raft.server.storage.dir = [/workdir/hadoop-ozone/integration-test/target/test-dir/MiniOzoneClusterImpl-af65669b-47b0-4744-a6c7-6ec9173b390b/datanode-3/data/ratis] (custom)
2019-09-18 18:14:18,888 [main] INFO  hdfs.DFSUtil (DFSUtil.java:httpServerTemplateForNNAndJN(1641)) - Starting Web-server for hddsDatanode at: http://0.0.0.0:0
2019-09-18 18:14:18,889 [main] INFO  server.AuthenticationFilter (AuthenticationFilter.java:constructSecretProvider(240)) - Unable to initialize FileSignerSecretProvider, falling back to use random secrets.
2019-09-18 18:14:18,889 [main] WARN  http.HttpRequestLog (HttpRequestLog.java:getRequestLog(97)) - Jetty request log can only be enabled using Log4j
2019-09-18 18:14:18,891 [main] INFO  http.HttpServer2 (HttpServer2.java:addGlobalFilter(975)) - Added global filter 'safety' (class=org.apache.hadoop.http.HttpServer2$QuotingInputFilter)
2019-09-18 18:14:18,891 [main] INFO  http.HttpServer2 (HttpServer2.java:addFilter(948)) - Added filter static_user_filter (class=org.apache.hadoop.http.lib.StaticUserWebFilter$StaticUserFilter) to context hddsDatanode
2019-09-18 18:14:18,891 [main] INFO  http.HttpServer2 (HttpServer2.java:addFilter(958)) - Added filter static_user_filter (class=org.apache.hadoop.http.lib.StaticUserWebFilter$StaticUserFilter) to context static
2019-09-18 18:14:18,892 [main] INFO  http.HttpServer2 (HttpServer2.java:addFilter(958)) - Added filter static_user_filter (class=org.apache.hadoop.http.lib.StaticUserWebFilter$StaticUserFilter) to context logs
2019-09-18 18:14:18,892 [main] INFO  http.HttpServer2 (HttpServer2.java:bindListener(1191)) - Jetty bound to port 40487
2019-09-18 18:14:18,892 [main] INFO  server.Server (Server.java:doStart(351)) - jetty-9.3.24.v20180605, build timestamp: 2018-06-05T17:11:56Z, git hash: 84205aa28f11a4f31f2a3b86d1bba2cc8ab69827
2019-09-18 18:14:18,894 [main] INFO  handler.ContextHandler (ContextHandler.java:doStart(781)) - Started o.e.j.s.ServletContextHandler@31973858{/logs,file:///workdir/hadoop-ozone/integration-test/target/log,AVAILABLE}
2019-09-18 18:14:18,894 [main] INFO  handler.ContextHandler (ContextHandler.java:doStart(781)) - Started o.e.j.s.ServletContextHandler@79e7188e{/static,jar:file:/home/user/.m2/repository/org/apache/hadoop/hadoop-hdds-container-service/0.5.0-SNAPSHOT/hadoop-hdds-container-service-0.5.0-SNAPSHOT.jar!/webapps/static,AVAILABLE}
2019-09-18 18:14:18,926 [main] INFO  handler.ContextHandler (ContextHandler.java:doStart(781)) - Started o.e.j.w.WebAppContext@22d7fd41{/,file:///tmp/jetty-0.0.0.0-40487-hddsDatanode-_-any-6861812054023640608.dir/webapp/,AVAILABLE}{/hddsDatanode}
2019-09-18 18:14:18,927 [main] INFO  server.AbstractConnector (AbstractConnector.java:doStart(278)) - Started ServerConnector@2c748a15{HTTP/1.1,[http/1.1]}{0.0.0.0:40487}
2019-09-18 18:14:18,929 [main] INFO  server.Server (Server.java:doStart(419)) - Started @120908ms
2019-09-18 18:14:18,929 [main] WARN  impl.MetricsSystemImpl (MetricsSystemImpl.java:register(276)) - Sink prometheus already exists!
2019-09-18 18:14:18,930 [main] INFO  server.BaseHttpServer (BaseHttpServer.java:updateConnectorAddress(215)) - HTTP server of HDDSDATANODE is listening at http://0.0.0.0:40487
2019-09-18 18:14:18,930 [main] INFO  impl.MetricsSystemImpl (MetricsSystemImpl.java:init(158)) - HddsDatanode metrics system started (again)
2019-09-18 18:14:18,934 [main] INFO  ozone.HddsDatanodeService (HddsDatanodeService.java:start(184)) - HddsDatanodeService host:pr-hdds-2020-dv54p-77741726 ip:192.168.5.179
2019-09-18 18:14:18,937 [org.apache.hadoop.util.JvmPauseMonitor$Monitor@701f0c74] INFO  util.JvmPauseMonitor (JvmPauseMonitor.java:run(188)) - Starting JVM pause monitor
2019-09-18 18:14:18,939 [Datanode State Machine Thread - 0] INFO  datanode.InitDatanodeState (InitDatanodeState.java:persistContainerDatanodeDetails(140)) - DatanodeDetails is persisted to /workdir/hadoop-ozone/integration-test/target/test-dir/MiniOzoneClusterImpl-af65669b-47b0-4744-a6c7-6ec9173b390b/datanode-3/meta/datanode.id
2019-09-18 18:14:18,947 [main] INFO  volume.HddsVolume (HddsVolume.java:<init>(176)) - Creating Volume: /workdir/hadoop-ozone/integration-test/target/test-dir/MiniOzoneClusterImpl-af65669b-47b0-4744-a6c7-6ec9173b390b/datanode-4/data/containers/hdds of  storage type : DISK and capacity : 1482555576320
2019-09-18 18:14:18,948 [main] INFO  volume.VolumeSet (VolumeSet.java:initializeVolumeSet(170)) - Added Volume : /workdir/hadoop-ozone/integration-test/target/test-dir/MiniOzoneClusterImpl-af65669b-47b0-4744-a6c7-6ec9173b390b/datanode-4/data/containers/hdds to VolumeSet
2019-09-18 18:14:18,948 [main] INFO  volume.ThrottledAsyncChecker (ThrottledAsyncChecker.java:schedule(139)) - Scheduling a check for org.apache.hadoop.ozone.container.common.volume.HddsVolume@61ffd148
2019-09-18 18:14:18,948 [main] INFO  volume.HddsVolumeChecker (HddsVolumeChecker.java:checkAllVolumes(202)) - Scheduled health check for volume org.apache.hadoop.ozone.container.common.volume.HddsVolume@61ffd148
2019-09-18 18:14:18,961 [main] INFO  impl.RaftServerProxy (ConfUtils.java:logGet(43)) - raft.rpc.type = GRPC (default)
2019-09-18 18:14:18,961 [main] INFO  grpc.GrpcFactory (GrpcFactory.java:checkPooledByteBufAllocatorUseCacheForAllThreads(45)) - PERFORMANCE WARNING: useCacheForAllThreads is true that may cause Netty to create a lot garbage objects and, as a result, trigger GC.
	It is recommended to disable useCacheForAllThreads by setting -Dorg.apache.ratis.thirdparty.io.netty.allocator.useCacheForAllThreads=false in command line.
2019-09-18 18:14:18,961 [main] INFO  grpc.GrpcConfigKeys$Server (ConfUtils.java:logGet(43)) - raft.grpc.server.port = 0 (default)
2019-09-18 18:14:18,961 [main] INFO  server.GrpcService (ConfUtils.java:logGet(43)) - raft.grpc.message.size.max = 33570816 (custom)
2019-09-18 18:14:18,961 [main] INFO  server.RaftServerConfigKeys (ConfUtils.java:logGet(43)) - raft.server.log.appender.buffer.byte-limit = 33554432 (custom)
2019-09-18 18:14:18,962 [main] INFO  server.GrpcService (ConfUtils.java:logGet(43)) - raft.grpc.flow.control.window = 1MB (=1048576) (default)
2019-09-18 18:14:18,962 [main] INFO  server.RaftServerConfigKeys (ConfUtils.java:logGet(43)) - raft.server.rpc.request.timeout = 3000ms (default)
2019-09-18 18:14:18,962 [main] INFO  server.RaftServerConfigKeys (ConfUtils.java:logGet(43)) - raft.server.storage.dir = [/workdir/hadoop-ozone/integration-test/target/test-dir/MiniOzoneClusterImpl-af65669b-47b0-4744-a6c7-6ec9173b390b/datanode-4/data/ratis] (custom)
2019-09-18 18:14:18,963 [main] INFO  hdfs.DFSUtil (DFSUtil.java:httpServerTemplateForNNAndJN(1641)) - Starting Web-server for hddsDatanode at: http://0.0.0.0:0
2019-09-18 18:14:18,964 [main] INFO  server.AuthenticationFilter (AuthenticationFilter.java:constructSecretProvider(240)) - Unable to initialize FileSignerSecretProvider, falling back to use random secrets.
2019-09-18 18:14:18,965 [main] WARN  http.HttpRequestLog (HttpRequestLog.java:getRequestLog(97)) - Jetty request log can only be enabled using Log4j
2019-09-18 18:14:18,966 [main] INFO  http.HttpServer2 (HttpServer2.java:addGlobalFilter(975)) - Added global filter 'safety' (class=org.apache.hadoop.http.HttpServer2$QuotingInputFilter)
2019-09-18 18:14:18,967 [main] INFO  http.HttpServer2 (HttpServer2.java:addFilter(948)) - Added filter static_user_filter (class=org.apache.hadoop.http.lib.StaticUserWebFilter$StaticUserFilter) to context hddsDatanode
2019-09-18 18:14:18,967 [main] INFO  http.HttpServer2 (HttpServer2.java:addFilter(958)) - Added filter static_user_filter (class=org.apache.hadoop.http.lib.StaticUserWebFilter$StaticUserFilter) to context static
2019-09-18 18:14:18,967 [main] INFO  http.HttpServer2 (HttpServer2.java:addFilter(958)) - Added filter static_user_filter (class=org.apache.hadoop.http.lib.StaticUserWebFilter$StaticUserFilter) to context logs
2019-09-18 18:14:18,967 [main] INFO  http.HttpServer2 (HttpServer2.java:bindListener(1191)) - Jetty bound to port 40184
2019-09-18 18:14:18,968 [main] INFO  server.Server (Server.java:doStart(351)) - jetty-9.3.24.v20180605, build timestamp: 2018-06-05T17:11:56Z, git hash: 84205aa28f11a4f31f2a3b86d1bba2cc8ab69827
2019-09-18 18:14:18,969 [main] INFO  handler.ContextHandler (ContextHandler.java:doStart(781)) - Started o.e.j.s.ServletContextHandler@162c1dfb{/logs,file:///workdir/hadoop-ozone/integration-test/target/log,AVAILABLE}
2019-09-18 18:14:18,969 [main] INFO  handler.ContextHandler (ContextHandler.java:doStart(781)) - Started o.e.j.s.ServletContextHandler@799f916e{/static,jar:file:/home/user/.m2/repository/org/apache/hadoop/hadoop-hdds-container-service/0.5.0-SNAPSHOT/hadoop-hdds-container-service-0.5.0-SNAPSHOT.jar!/webapps/static,AVAILABLE}
2019-09-18 18:14:18,994 [main] INFO  handler.ContextHandler (ContextHandler.java:doStart(781)) - Started o.e.j.w.WebAppContext@7a682d35{/,file:///tmp/jetty-0.0.0.0-40184-hddsDatanode-_-any-6565624755086166772.dir/webapp/,AVAILABLE}{/hddsDatanode}
2019-09-18 18:14:18,995 [main] INFO  server.AbstractConnector (AbstractConnector.java:doStart(278)) - Started ServerConnector@ee8e7ff{HTTP/1.1,[http/1.1]}{0.0.0.0:40184}
2019-09-18 18:14:18,997 [main] INFO  server.Server (Server.java:doStart(419)) - Started @120976ms
2019-09-18 18:14:18,997 [main] WARN  impl.MetricsSystemImpl (MetricsSystemImpl.java:register(276)) - Sink prometheus already exists!
2019-09-18 18:14:18,997 [main] INFO  server.BaseHttpServer (BaseHttpServer.java:updateConnectorAddress(215)) - HTTP server of HDDSDATANODE is listening at http://0.0.0.0:40184
2019-09-18 18:14:18,998 [main] INFO  impl.MetricsSystemImpl (MetricsSystemImpl.java:init(158)) - HddsDatanode metrics system started (again)
2019-09-18 18:14:19,000 [org.apache.hadoop.util.JvmPauseMonitor$Monitor@22ced5c7] INFO  util.JvmPauseMonitor (JvmPauseMonitor.java:run(188)) - Starting JVM pause monitor
2019-09-18 18:14:19,001 [main] INFO  ozone.HddsDatanodeService (HddsDatanodeService.java:start(184)) - HddsDatanodeService host:pr-hdds-2020-dv54p-77741726 ip:192.168.5.179
2019-09-18 18:14:19,002 [Datanode State Machine Thread - 0] INFO  datanode.InitDatanodeState (InitDatanodeState.java:persistContainerDatanodeDetails(140)) - DatanodeDetails is persisted to /workdir/hadoop-ozone/integration-test/target/test-dir/MiniOzoneClusterImpl-af65669b-47b0-4744-a6c7-6ec9173b390b/datanode-4/meta/datanode.id
2019-09-18 18:14:19,007 [main] INFO  volume.HddsVolume (HddsVolume.java:<init>(176)) - Creating Volume: /workdir/hadoop-ozone/integration-test/target/test-dir/MiniOzoneClusterImpl-af65669b-47b0-4744-a6c7-6ec9173b390b/datanode-5/data/containers/hdds of  storage type : DISK and capacity : 1482555576320
2019-09-18 18:14:19,007 [main] INFO  volume.VolumeSet (VolumeSet.java:initializeVolumeSet(170)) - Added Volume : /workdir/hadoop-ozone/integration-test/target/test-dir/MiniOzoneClusterImpl-af65669b-47b0-4744-a6c7-6ec9173b390b/datanode-5/data/containers/hdds to VolumeSet
2019-09-18 18:14:19,008 [main] INFO  volume.ThrottledAsyncChecker (ThrottledAsyncChecker.java:schedule(139)) - Scheduling a check for org.apache.hadoop.ozone.container.common.volume.HddsVolume@679dd234
2019-09-18 18:14:19,008 [main] INFO  volume.HddsVolumeChecker (HddsVolumeChecker.java:checkAllVolumes(202)) - Scheduled health check for volume org.apache.hadoop.ozone.container.common.volume.HddsVolume@679dd234
2019-09-18 18:14:19,020 [main] INFO  impl.RaftServerProxy (ConfUtils.java:logGet(43)) - raft.rpc.type = GRPC (default)
2019-09-18 18:14:19,020 [main] INFO  grpc.GrpcFactory (GrpcFactory.java:checkPooledByteBufAllocatorUseCacheForAllThreads(45)) - PERFORMANCE WARNING: useCacheForAllThreads is true that may cause Netty to create a lot garbage objects and, as a result, trigger GC.
	It is recommended to disable useCacheForAllThreads by setting -Dorg.apache.ratis.thirdparty.io.netty.allocator.useCacheForAllThreads=false in command line.
2019-09-18 18:14:19,020 [main] INFO  grpc.GrpcConfigKeys$Server (ConfUtils.java:logGet(43)) - raft.grpc.server.port = 0 (default)
2019-09-18 18:14:19,020 [main] INFO  server.GrpcService (ConfUtils.java:logGet(43)) - raft.grpc.message.size.max = 33570816 (custom)
2019-09-18 18:14:19,020 [main] INFO  server.RaftServerConfigKeys (ConfUtils.java:logGet(43)) - raft.server.log.appender.buffer.byte-limit = 33554432 (custom)
2019-09-18 18:14:19,021 [main] INFO  server.GrpcService (ConfUtils.java:logGet(43)) - raft.grpc.flow.control.window = 1MB (=1048576) (default)
2019-09-18 18:14:19,021 [main] INFO  server.RaftServerConfigKeys (ConfUtils.java:logGet(43)) - raft.server.rpc.request.timeout = 3000ms (default)
2019-09-18 18:14:19,021 [main] INFO  server.RaftServerConfigKeys (ConfUtils.java:logGet(43)) - raft.server.storage.dir = [/workdir/hadoop-ozone/integration-test/target/test-dir/MiniOzoneClusterImpl-af65669b-47b0-4744-a6c7-6ec9173b390b/datanode-5/data/ratis] (custom)
2019-09-18 18:14:19,022 [main] INFO  hdfs.DFSUtil (DFSUtil.java:httpServerTemplateForNNAndJN(1641)) - Starting Web-server for hddsDatanode at: http://0.0.0.0:0
2019-09-18 18:14:19,023 [main] INFO  server.AuthenticationFilter (AuthenticationFilter.java:constructSecretProvider(240)) - Unable to initialize FileSignerSecretProvider, falling back to use random secrets.
2019-09-18 18:14:19,024 [main] WARN  http.HttpRequestLog (HttpRequestLog.java:getRequestLog(97)) - Jetty request log can only be enabled using Log4j
2019-09-18 18:14:19,025 [main] INFO  http.HttpServer2 (HttpServer2.java:addGlobalFilter(975)) - Added global filter 'safety' (class=org.apache.hadoop.http.HttpServer2$QuotingInputFilter)
2019-09-18 18:14:19,025 [main] INFO  http.HttpServer2 (HttpServer2.java:addFilter(948)) - Added filter static_user_filter (class=org.apache.hadoop.http.lib.StaticUserWebFilter$StaticUserFilter) to context hddsDatanode
2019-09-18 18:14:19,026 [main] INFO  http.HttpServer2 (HttpServer2.java:addFilter(958)) - Added filter static_user_filter (class=org.apache.hadoop.http.lib.StaticUserWebFilter$StaticUserFilter) to context static
2019-09-18 18:14:19,026 [main] INFO  http.HttpServer2 (HttpServer2.java:addFilter(958)) - Added filter static_user_filter (class=org.apache.hadoop.http.lib.StaticUserWebFilter$StaticUserFilter) to context logs
2019-09-18 18:14:19,026 [main] INFO  http.HttpServer2 (HttpServer2.java:bindListener(1191)) - Jetty bound to port 41569
2019-09-18 18:14:19,026 [main] INFO  server.Server (Server.java:doStart(351)) - jetty-9.3.24.v20180605, build timestamp: 2018-06-05T17:11:56Z, git hash: 84205aa28f11a4f31f2a3b86d1bba2cc8ab69827
2019-09-18 18:14:19,028 [main] INFO  handler.ContextHandler (ContextHandler.java:doStart(781)) - Started o.e.j.s.ServletContextHandler@2921199d{/logs,file:///workdir/hadoop-ozone/integration-test/target/log,AVAILABLE}
2019-09-18 18:14:19,028 [main] INFO  handler.ContextHandler (ContextHandler.java:doStart(781)) - Started o.e.j.s.ServletContextHandler@7f13811b{/static,jar:file:/home/user/.m2/repository/org/apache/hadoop/hadoop-hdds-container-service/0.5.0-SNAPSHOT/hadoop-hdds-container-service-0.5.0-SNAPSHOT.jar!/webapps/static,AVAILABLE}
2019-09-18 18:14:19,053 [main] INFO  handler.ContextHandler (ContextHandler.java:doStart(781)) - Started o.e.j.w.WebAppContext@45843650{/,file:///tmp/jetty-0.0.0.0-41569-hddsDatanode-_-any-7261315345998579010.dir/webapp/,AVAILABLE}{/hddsDatanode}
2019-09-18 18:14:19,053 [main] INFO  server.AbstractConnector (AbstractConnector.java:doStart(278)) - Started ServerConnector@72443081{HTTP/1.1,[http/1.1]}{0.0.0.0:41569}
2019-09-18 18:14:19,054 [main] INFO  server.Server (Server.java:doStart(419)) - Started @121034ms
2019-09-18 18:14:19,054 [main] WARN  impl.MetricsSystemImpl (MetricsSystemImpl.java:register(276)) - Sink prometheus already exists!
2019-09-18 18:14:19,055 [main] INFO  server.BaseHttpServer (BaseHttpServer.java:updateConnectorAddress(215)) - HTTP server of HDDSDATANODE is listening at http://0.0.0.0:41569
2019-09-18 18:14:19,055 [main] INFO  impl.MetricsSystemImpl (MetricsSystemImpl.java:init(158)) - HddsDatanode metrics system started (again)
2019-09-18 18:14:19,058 [org.apache.hadoop.util.JvmPauseMonitor$Monitor@5ced7ca3] INFO  util.JvmPauseMonitor (JvmPauseMonitor.java:run(188)) - Starting JVM pause monitor
2019-09-18 18:14:19,059 [main] INFO  ozone.HddsDatanodeService (HddsDatanodeService.java:start(184)) - HddsDatanodeService host:pr-hdds-2020-dv54p-77741726 ip:192.168.5.179
2019-09-18 18:14:19,059 [Datanode State Machine Thread - 0] INFO  datanode.InitDatanodeState (InitDatanodeState.java:persistContainerDatanodeDetails(140)) - DatanodeDetails is persisted to /workdir/hadoop-ozone/integration-test/target/test-dir/MiniOzoneClusterImpl-af65669b-47b0-4744-a6c7-6ec9173b390b/datanode-5/meta/datanode.id
2019-09-18 18:14:19,064 [main] INFO  volume.HddsVolume (HddsVolume.java:<init>(176)) - Creating Volume: /workdir/hadoop-ozone/integration-test/target/test-dir/MiniOzoneClusterImpl-af65669b-47b0-4744-a6c7-6ec9173b390b/datanode-6/data/containers/hdds of  storage type : DISK and capacity : 1482555576320
2019-09-18 18:14:19,064 [main] INFO  volume.VolumeSet (VolumeSet.java:initializeVolumeSet(170)) - Added Volume : /workdir/hadoop-ozone/integration-test/target/test-dir/MiniOzoneClusterImpl-af65669b-47b0-4744-a6c7-6ec9173b390b/datanode-6/data/containers/hdds to VolumeSet
2019-09-18 18:14:19,064 [main] INFO  volume.ThrottledAsyncChecker (ThrottledAsyncChecker.java:schedule(139)) - Scheduling a check for org.apache.hadoop.ozone.container.common.volume.HddsVolume@27fe059d
2019-09-18 18:14:19,065 [main] INFO  volume.HddsVolumeChecker (HddsVolumeChecker.java:checkAllVolumes(202)) - Scheduled health check for volume org.apache.hadoop.ozone.container.common.volume.HddsVolume@27fe059d
2019-09-18 18:14:19,077 [main] INFO  impl.RaftServerProxy (ConfUtils.java:logGet(43)) - raft.rpc.type = GRPC (default)
2019-09-18 18:14:19,077 [main] INFO  grpc.GrpcFactory (GrpcFactory.java:checkPooledByteBufAllocatorUseCacheForAllThreads(45)) - PERFORMANCE WARNING: useCacheForAllThreads is true that may cause Netty to create a lot garbage objects and, as a result, trigger GC.
	It is recommended to disable useCacheForAllThreads by setting -Dorg.apache.ratis.thirdparty.io.netty.allocator.useCacheForAllThreads=false in command line.
2019-09-18 18:14:19,077 [main] INFO  grpc.GrpcConfigKeys$Server (ConfUtils.java:logGet(43)) - raft.grpc.server.port = 0 (default)
2019-09-18 18:14:19,078 [main] INFO  server.GrpcService (ConfUtils.java:logGet(43)) - raft.grpc.message.size.max = 33570816 (custom)
2019-09-18 18:14:19,078 [main] INFO  server.RaftServerConfigKeys (ConfUtils.java:logGet(43)) - raft.server.log.appender.buffer.byte-limit = 33554432 (custom)
2019-09-18 18:14:19,078 [main] INFO  server.GrpcService (ConfUtils.java:logGet(43)) - raft.grpc.flow.control.window = 1MB (=1048576) (default)
2019-09-18 18:14:19,078 [main] INFO  server.RaftServerConfigKeys (ConfUtils.java:logGet(43)) - raft.server.rpc.request.timeout = 3000ms (default)
2019-09-18 18:14:19,078 [main] INFO  server.RaftServerConfigKeys (ConfUtils.java:logGet(43)) - raft.server.storage.dir = [/workdir/hadoop-ozone/integration-test/target/test-dir/MiniOzoneClusterImpl-af65669b-47b0-4744-a6c7-6ec9173b390b/datanode-6/data/ratis] (custom)
2019-09-18 18:14:19,080 [main] INFO  hdfs.DFSUtil (DFSUtil.java:httpServerTemplateForNNAndJN(1641)) - Starting Web-server for hddsDatanode at: http://0.0.0.0:0
2019-09-18 18:14:19,081 [main] INFO  server.AuthenticationFilter (AuthenticationFilter.java:constructSecretProvider(240)) - Unable to initialize FileSignerSecretProvider, falling back to use random secrets.
2019-09-18 18:14:19,081 [main] WARN  http.HttpRequestLog (HttpRequestLog.java:getRequestLog(97)) - Jetty request log can only be enabled using Log4j
2019-09-18 18:14:19,082 [main] INFO  http.HttpServer2 (HttpServer2.java:addGlobalFilter(975)) - Added global filter 'safety' (class=org.apache.hadoop.http.HttpServer2$QuotingInputFilter)
2019-09-18 18:14:19,083 [main] INFO  http.HttpServer2 (HttpServer2.java:addFilter(948)) - Added filter static_user_filter (class=org.apache.hadoop.http.lib.StaticUserWebFilter$StaticUserFilter) to context hddsDatanode
2019-09-18 18:14:19,083 [main] INFO  http.HttpServer2 (HttpServer2.java:addFilter(958)) - Added filter static_user_filter (class=org.apache.hadoop.http.lib.StaticUserWebFilter$StaticUserFilter) to context static
2019-09-18 18:14:19,083 [main] INFO  http.HttpServer2 (HttpServer2.java:addFilter(958)) - Added filter static_user_filter (class=org.apache.hadoop.http.lib.StaticUserWebFilter$StaticUserFilter) to context logs
2019-09-18 18:14:19,084 [main] INFO  http.HttpServer2 (HttpServer2.java:bindListener(1191)) - Jetty bound to port 37229
2019-09-18 18:14:19,084 [main] INFO  server.Server (Server.java:doStart(351)) - jetty-9.3.24.v20180605, build timestamp: 2018-06-05T17:11:56Z, git hash: 84205aa28f11a4f31f2a3b86d1bba2cc8ab69827
2019-09-18 18:14:19,085 [main] INFO  handler.ContextHandler (ContextHandler.java:doStart(781)) - Started o.e.j.s.ServletContextHandler@28279a49{/logs,file:///workdir/hadoop-ozone/integration-test/target/log,AVAILABLE}
2019-09-18 18:14:19,085 [main] INFO  handler.ContextHandler (ContextHandler.java:doStart(781)) - Started o.e.j.s.ServletContextHandler@3663d0ba{/static,jar:file:/home/user/.m2/repository/org/apache/hadoop/hadoop-hdds-container-service/0.5.0-SNAPSHOT/hadoop-hdds-container-service-0.5.0-SNAPSHOT.jar!/webapps/static,AVAILABLE}
2019-09-18 18:14:19,111 [main] INFO  handler.ContextHandler (ContextHandler.java:doStart(781)) - Started o.e.j.w.WebAppContext@5042e3d0{/,file:///tmp/jetty-0.0.0.0-37229-hddsDatanode-_-any-2070659835586577323.dir/webapp/,AVAILABLE}{/hddsDatanode}
2019-09-18 18:14:19,111 [main] INFO  server.AbstractConnector (AbstractConnector.java:doStart(278)) - Started ServerConnector@1c34365c{HTTP/1.1,[http/1.1]}{0.0.0.0:37229}
2019-09-18 18:14:19,112 [main] INFO  server.Server (Server.java:doStart(419)) - Started @121091ms
2019-09-18 18:14:19,112 [main] WARN  impl.MetricsSystemImpl (MetricsSystemImpl.java:register(276)) - Sink prometheus already exists!
2019-09-18 18:14:19,120 [main] INFO  server.BaseHttpServer (BaseHttpServer.java:updateConnectorAddress(215)) - HTTP server of HDDSDATANODE is listening at http://0.0.0.0:37229
2019-09-18 18:14:19,120 [main] INFO  ozone.MiniOzoneClusterImpl (MiniOzoneClusterImpl.java:lambda$waitForClusterToBeReady$0(145)) - Waiting for cluster to be ready. Got 0 of 7 DN Heartbeats.
2019-09-18 18:14:19,125 [org.apache.hadoop.util.JvmPauseMonitor$Monitor@db6940b] INFO  util.JvmPauseMonitor (JvmPauseMonitor.java:run(188)) - Starting JVM pause monitor
2019-09-18 18:14:19,126 [Datanode State Machine Thread - 0] INFO  datanode.InitDatanodeState (InitDatanodeState.java:persistContainerDatanodeDetails(140)) - DatanodeDetails is persisted to /workdir/hadoop-ozone/integration-test/target/test-dir/MiniOzoneClusterImpl-af65669b-47b0-4744-a6c7-6ec9173b390b/datanode-6/meta/datanode.id
2019-09-18 18:14:20,121 [main] INFO  ozone.MiniOzoneClusterImpl (MiniOzoneClusterImpl.java:lambda$waitForClusterToBeReady$0(145)) - Waiting for cluster to be ready. Got 0 of 7 DN Heartbeats.
2019-09-18 18:14:20,783 [Datanode State Machine Thread - 0] INFO  ozoneimpl.OzoneContainer (OzoneContainer.java:start(217)) - Attempting to start container services.
2019-09-18 18:14:20,783 [Datanode State Machine Thread - 0] INFO  ozoneimpl.OzoneContainer (OzoneContainer.java:startContainerScrub(179)) - Background container scanner has been disabled.
2019-09-18 18:14:20,784 [Datanode State Machine Thread - 0] INFO  ratis.XceiverServerRatis (XceiverServerRatis.java:start(411)) - Starting XceiverServerRatis f33e9dde-5d49-4009-9083-c5ac57e5d421 at port 0
2019-09-18 18:14:20,800 [Datanode State Machine Thread - 0] INFO  impl.RaftServerProxy (RaftServerProxy.java:lambda$start$3(299)) - f33e9dde-5d49-4009-9083-c5ac57e5d421: start RPC server
2019-09-18 18:14:20,803 [Datanode State Machine Thread - 0] INFO  server.GrpcService (GrpcService.java:startImpl(158)) - f33e9dde-5d49-4009-9083-c5ac57e5d421: GrpcService started, listening on 0.0.0.0/0.0.0.0:37115
2019-09-18 18:14:20,803 [Datanode State Machine Thread - 0] INFO  ratis.XceiverServerRatis (XceiverServerRatis.java:start(421)) - XceiverServerRatis f33e9dde-5d49-4009-9083-c5ac57e5d421 is started using port 37115
2019-09-18 18:14:20,804 [Datanode State Machine Thread - 0] INFO  server.XceiverServerGrpc (XceiverServerGrpc.java:start(149)) - XceiverServerGrpc f33e9dde-5d49-4009-9083-c5ac57e5d421 is started using port 36008
2019-09-18 18:14:20,850 [Datanode State Machine Thread - 0] INFO  ozoneimpl.OzoneContainer (OzoneContainer.java:start(217)) - Attempting to start container services.
2019-09-18 18:14:20,850 [Datanode State Machine Thread - 0] INFO  ozoneimpl.OzoneContainer (OzoneContainer.java:startContainerScrub(179)) - Background container scanner has been disabled.
2019-09-18 18:14:20,850 [Datanode State Machine Thread - 0] INFO  ratis.XceiverServerRatis (XceiverServerRatis.java:start(411)) - Starting XceiverServerRatis 3ef7a417-ae63-496d-bb71-db4e5393a166 at port 0
2019-09-18 18:14:20,858 [Datanode State Machine Thread - 0] INFO  impl.RaftServerProxy (RaftServerProxy.java:lambda$start$3(299)) - 3ef7a417-ae63-496d-bb71-db4e5393a166: start RPC server
2019-09-18 18:14:20,859 [Datanode State Machine Thread - 0] INFO  server.GrpcService (GrpcService.java:startImpl(158)) - 3ef7a417-ae63-496d-bb71-db4e5393a166: GrpcService started, listening on 0.0.0.0/0.0.0.0:40755
2019-09-18 18:14:20,859 [Datanode State Machine Thread - 0] INFO  ratis.XceiverServerRatis (XceiverServerRatis.java:start(421)) - XceiverServerRatis 3ef7a417-ae63-496d-bb71-db4e5393a166 is started using port 40755
2019-09-18 18:14:20,859 [Datanode State Machine Thread - 0] INFO  server.XceiverServerGrpc (XceiverServerGrpc.java:start(149)) - XceiverServerGrpc 3ef7a417-ae63-496d-bb71-db4e5393a166 is started using port 34233
2019-09-18 18:14:20,892 [Datanode State Machine Thread - 0] INFO  ozoneimpl.OzoneContainer (OzoneContainer.java:start(217)) - Attempting to start container services.
2019-09-18 18:14:20,893 [Datanode State Machine Thread - 0] INFO  ozoneimpl.OzoneContainer (OzoneContainer.java:startContainerScrub(179)) - Background container scanner has been disabled.
2019-09-18 18:14:20,893 [Datanode State Machine Thread - 0] INFO  ratis.XceiverServerRatis (XceiverServerRatis.java:start(411)) - Starting XceiverServerRatis 0fea6042-f313-47c8-88f5-4fc51eb504bd at port 0
2019-09-18 18:14:20,901 [Datanode State Machine Thread - 0] INFO  impl.RaftServerProxy (RaftServerProxy.java:lambda$start$3(299)) - 0fea6042-f313-47c8-88f5-4fc51eb504bd: start RPC server
2019-09-18 18:14:20,902 [Datanode State Machine Thread - 0] INFO  server.GrpcService (GrpcService.java:startImpl(158)) - 0fea6042-f313-47c8-88f5-4fc51eb504bd: GrpcService started, listening on 0.0.0.0/0.0.0.0:46857
2019-09-18 18:14:20,902 [Datanode State Machine Thread - 0] INFO  ratis.XceiverServerRatis (XceiverServerRatis.java:start(421)) - XceiverServerRatis 0fea6042-f313-47c8-88f5-4fc51eb504bd is started using port 46857
2019-09-18 18:14:20,905 [Datanode State Machine Thread - 0] INFO  server.XceiverServerGrpc (XceiverServerGrpc.java:start(149)) - XceiverServerGrpc 0fea6042-f313-47c8-88f5-4fc51eb504bd is started using port 40077
2019-09-18 18:14:20,994 [Datanode State Machine Thread - 0] INFO  ozoneimpl.OzoneContainer (OzoneContainer.java:start(217)) - Attempting to start container services.
2019-09-18 18:14:20,995 [Datanode State Machine Thread - 0] INFO  ozoneimpl.OzoneContainer (OzoneContainer.java:startContainerScrub(179)) - Background container scanner has been disabled.
2019-09-18 18:14:20,995 [Datanode State Machine Thread - 0] INFO  ratis.XceiverServerRatis (XceiverServerRatis.java:start(411)) - Starting XceiverServerRatis 3a575cb8-02ec-4080-a602-d8df6dca58ac at port 0
2019-09-18 18:14:21,002 [Datanode State Machine Thread - 0] INFO  impl.RaftServerProxy (RaftServerProxy.java:lambda$start$3(299)) - 3a575cb8-02ec-4080-a602-d8df6dca58ac: start RPC server
2019-09-18 18:14:21,004 [Datanode State Machine Thread - 0] INFO  server.GrpcService (GrpcService.java:startImpl(158)) - 3a575cb8-02ec-4080-a602-d8df6dca58ac: GrpcService started, listening on 0.0.0.0/0.0.0.0:43209
2019-09-18 18:14:21,004 [Datanode State Machine Thread - 0] INFO  ratis.XceiverServerRatis (XceiverServerRatis.java:start(421)) - XceiverServerRatis 3a575cb8-02ec-4080-a602-d8df6dca58ac is started using port 43209
2019-09-18 18:14:21,006 [Datanode State Machine Thread - 0] INFO  server.XceiverServerGrpc (XceiverServerGrpc.java:start(149)) - XceiverServerGrpc 3a575cb8-02ec-4080-a602-d8df6dca58ac is started using port 33390
2019-09-18 18:14:21,027 [Datanode State Machine Thread - 0] INFO  ozoneimpl.OzoneContainer (OzoneContainer.java:start(217)) - Attempting to start container services.
2019-09-18 18:14:21,028 [Datanode State Machine Thread - 0] INFO  ozoneimpl.OzoneContainer (OzoneContainer.java:startContainerScrub(179)) - Background container scanner has been disabled.
2019-09-18 18:14:21,028 [Datanode State Machine Thread - 0] INFO  ratis.XceiverServerRatis (XceiverServerRatis.java:start(411)) - Starting XceiverServerRatis a0ee338e-7f4e-4050-9cf3-0542d4801249 at port 0
2019-09-18 18:14:21,033 [Datanode State Machine Thread - 0] INFO  impl.RaftServerProxy (RaftServerProxy.java:lambda$start$3(299)) - a0ee338e-7f4e-4050-9cf3-0542d4801249: start RPC server
2019-09-18 18:14:21,034 [Datanode State Machine Thread - 0] INFO  server.GrpcService (GrpcService.java:startImpl(158)) - a0ee338e-7f4e-4050-9cf3-0542d4801249: GrpcService started, listening on 0.0.0.0/0.0.0.0:38369
2019-09-18 18:14:21,034 [Datanode State Machine Thread - 0] INFO  ratis.XceiverServerRatis (XceiverServerRatis.java:start(421)) - XceiverServerRatis a0ee338e-7f4e-4050-9cf3-0542d4801249 is started using port 38369
2019-09-18 18:14:21,034 [Datanode State Machine Thread - 0] INFO  server.XceiverServerGrpc (XceiverServerGrpc.java:start(149)) - XceiverServerGrpc a0ee338e-7f4e-4050-9cf3-0542d4801249 is started using port 37110
2019-09-18 18:14:21,086 [Datanode State Machine Thread - 0] INFO  ozoneimpl.OzoneContainer (OzoneContainer.java:start(217)) - Attempting to start container services.
2019-09-18 18:14:21,086 [Datanode State Machine Thread - 0] INFO  ozoneimpl.OzoneContainer (OzoneContainer.java:startContainerScrub(179)) - Background container scanner has been disabled.
2019-09-18 18:14:21,087 [Datanode State Machine Thread - 0] INFO  ratis.XceiverServerRatis (XceiverServerRatis.java:start(411)) - Starting XceiverServerRatis 9af89336-6d5d-4d28-b237-6b13fc6491ad at port 0
2019-09-18 18:14:21,094 [Datanode State Machine Thread - 0] INFO  impl.RaftServerProxy (RaftServerProxy.java:lambda$start$3(299)) - 9af89336-6d5d-4d28-b237-6b13fc6491ad: start RPC server
2019-09-18 18:14:21,098 [Datanode State Machine Thread - 0] INFO  server.GrpcService (GrpcService.java:startImpl(158)) - 9af89336-6d5d-4d28-b237-6b13fc6491ad: GrpcService started, listening on 0.0.0.0/0.0.0.0:35356
2019-09-18 18:14:21,098 [Datanode State Machine Thread - 0] INFO  ratis.XceiverServerRatis (XceiverServerRatis.java:start(421)) - XceiverServerRatis 9af89336-6d5d-4d28-b237-6b13fc6491ad is started using port 35356
2019-09-18 18:14:21,099 [Datanode State Machine Thread - 0] INFO  server.XceiverServerGrpc (XceiverServerGrpc.java:start(149)) - XceiverServerGrpc 9af89336-6d5d-4d28-b237-6b13fc6491ad is started using port 36417
2019-09-18 18:14:21,121 [main] INFO  ozone.MiniOzoneClusterImpl (MiniOzoneClusterImpl.java:lambda$waitForClusterToBeReady$0(145)) - Waiting for cluster to be ready. Got 0 of 7 DN Heartbeats.
2019-09-18 18:14:21,153 [Datanode State Machine Thread - 0] INFO  ozoneimpl.OzoneContainer (OzoneContainer.java:start(217)) - Attempting to start container services.
2019-09-18 18:14:21,153 [Datanode State Machine Thread - 0] INFO  ozoneimpl.OzoneContainer (OzoneContainer.java:startContainerScrub(179)) - Background container scanner has been disabled.
2019-09-18 18:14:21,153 [Datanode State Machine Thread - 0] INFO  ratis.XceiverServerRatis (XceiverServerRatis.java:start(411)) - Starting XceiverServerRatis c7e18c42-0f84-4acb-9075-692450bbb0ea at port 0
2019-09-18 18:14:21,160 [Datanode State Machine Thread - 0] INFO  impl.RaftServerProxy (RaftServerProxy.java:lambda$start$3(299)) - c7e18c42-0f84-4acb-9075-692450bbb0ea: start RPC server
2019-09-18 18:14:21,160 [Datanode State Machine Thread - 0] INFO  server.GrpcService (GrpcService.java:startImpl(158)) - c7e18c42-0f84-4acb-9075-692450bbb0ea: GrpcService started, listening on 0.0.0.0/0.0.0.0:43684
2019-09-18 18:14:21,161 [Datanode State Machine Thread - 0] INFO  ratis.XceiverServerRatis (XceiverServerRatis.java:start(421)) - XceiverServerRatis c7e18c42-0f84-4acb-9075-692450bbb0ea is started using port 43684
2019-09-18 18:14:21,161 [Datanode State Machine Thread - 0] INFO  server.XceiverServerGrpc (XceiverServerGrpc.java:start(149)) - XceiverServerGrpc c7e18c42-0f84-4acb-9075-692450bbb0ea is started using port 45770
2019-09-18 18:14:22,122 [main] INFO  ozone.MiniOzoneClusterImpl (MiniOzoneClusterImpl.java:lambda$waitForClusterToBeReady$0(145)) - Waiting for cluster to be ready. Got 0 of 7 DN Heartbeats.
2019-09-18 18:14:22,747 [IPC Server handler 3 on 35555] INFO  net.NetworkTopology (NetworkTopologyImpl.java:add(111)) - Added a new node: /default-rack/f33e9dde-5d49-4009-9083-c5ac57e5d421
2019-09-18 18:14:22,749 [IPC Server handler 3 on 35555] INFO  node.SCMNodeManager (SCMNodeManager.java:register(266)) - Registered Data node : f33e9dde-5d49-4009-9083-c5ac57e5d421{ip: 192.168.5.179, host: pr-hdds-2020-dv54p-77741726, networkLocation: /default-rack, certSerialId: null}
2019-09-18 18:14:22,750 [EventQueue-NodeRegistrationContainerReportForDataNodeSafeModeRule] INFO  safemode.SCMSafeModeManager (DataNodeSafeModeRule.java:process(71)) - SCM in safe mode. 1 DataNodes registered, 1 required.
2019-09-18 18:14:22,753 [EventQueue-NodeRegistrationContainerReportForDataNodeSafeModeRule] INFO  safemode.SCMSafeModeManager (SCMSafeModeManager.java:validateSafeModeExitRules(177)) - ScmSafeModeManager, all rules are successfully validated
2019-09-18 18:14:22,753 [EventQueue-NodeRegistrationContainerReportForDataNodeSafeModeRule] INFO  safemode.SCMSafeModeManager (SCMSafeModeManager.java:exitSafeMode(193)) - SCM exiting safe mode.
2019-09-18 18:14:22,769 [grpc-default-executor-1] INFO  impl.RaftServerProxy (RaftServerProxy.java:addNew(89)) - f33e9dde-5d49-4009-9083-c5ac57e5d421: addNew group-54A16DCB626A:[f33e9dde-5d49-4009-9083-c5ac57e5d421:192.168.5.179:37115] returns group-54A16DCB626A:java.util.concurrent.CompletableFuture@78e30206[Not completed]
2019-09-18 18:14:22,773 [pool-207-thread-1] INFO  impl.RaftServerImpl (RaftServerImpl.java:<init>(95)) - f33e9dde-5d49-4009-9083-c5ac57e5d421: new RaftServerImpl for group-54A16DCB626A:[f33e9dde-5d49-4009-9083-c5ac57e5d421:192.168.5.179:37115] with ContainerStateMachine:uninitialized
2019-09-18 18:14:22,773 [pool-207-thread-1] INFO  server.RaftServerConfigKeys (ConfUtils.java:logGet(43)) - raft.server.rpc.timeout.min = 5s (custom)
2019-09-18 18:14:22,774 [pool-207-thread-1] INFO  server.RaftServerConfigKeys (ConfUtils.java:logGet(43)) - raft.server.rpc.timeout.max = 5200ms (custom)
2019-09-18 18:14:22,774 [pool-207-thread-1] INFO  server.RaftServerConfigKeys (ConfUtils.java:logGet(43)) - raft.server.rpcslowness.timeout = 120s (custom)
2019-09-18 18:14:22,774 [pool-207-thread-1] INFO  server.RaftServerConfigKeys (ConfUtils.java:logGet(43)) - raft.server.sleep.deviation.threshold = 300 (default)
2019-09-18 18:14:22,774 [pool-207-thread-1] INFO  server.RaftServerConfigKeys (ConfUtils.java:logGet(43)) - raft.server.log.appender.install.snapshot.enabled = false (custom)
2019-09-18 18:14:22,775 [pool-207-thread-1] INFO  impl.RaftServerImpl (ServerState.java:<init>(103)) - f33e9dde-5d49-4009-9083-c5ac57e5d421@group-54A16DCB626A: ConfigurationManager, init=-1: [f33e9dde-5d49-4009-9083-c5ac57e5d421:192.168.5.179:37115], old=null, confs=<EMPTY_MAP>
2019-09-18 18:14:22,775 [pool-207-thread-1] INFO  server.RaftServerConfigKeys (ConfUtils.java:logGet(43)) - raft.server.storage.dir = [/workdir/hadoop-ozone/integration-test/target/test-dir/MiniOzoneClusterImpl-af65669b-47b0-4744-a6c7-6ec9173b390b/datanode-0/data/ratis] (custom)
2019-09-18 18:14:22,775 [pool-207-thread-1] INFO  storage.RaftStorageDirectory (RaftStorageDirectory.java:analyzeStorage(246)) - The storage directory /workdir/hadoop-ozone/integration-test/target/test-dir/MiniOzoneClusterImpl-af65669b-47b0-4744-a6c7-6ec9173b390b/datanode-0/data/ratis/8f63c0a7-aeaf-4177-93ed-54a16dcb626a does not exist. Creating ...
2019-09-18 18:14:22,793 [pool-207-thread-1] INFO  storage.RaftStorageDirectory (RaftStorageDirectory.java:tryLock(328)) - Lock on /workdir/hadoop-ozone/integration-test/target/test-dir/MiniOzoneClusterImpl-af65669b-47b0-4744-a6c7-6ec9173b390b/datanode-0/data/ratis/8f63c0a7-aeaf-4177-93ed-54a16dcb626a/in_use.lock acquired by nodename 23999@pr-hdds-2020-dv54p-77741726
2019-09-18 18:14:22,810 [pool-207-thread-1] INFO  storage.RaftStorage (RaftStorage.java:format(72)) - Storage directory /workdir/hadoop-ozone/integration-test/target/test-dir/MiniOzoneClusterImpl-af65669b-47b0-4744-a6c7-6ec9173b390b/datanode-0/data/ratis/8f63c0a7-aeaf-4177-93ed-54a16dcb626a has been successfully formatted.
2019-09-18 18:14:22,810 [pool-207-thread-1] INFO  ratis.ContainerStateMachine (ContainerStateMachine.java:loadSnapshot(230)) - group-54A16DCB626A: The snapshot info is null. Setting the last applied indexto:(t:0, i:~)
2019-09-18 18:14:22,811 [pool-207-thread-1] INFO  server.RaftServerConfigKeys (ConfUtils.java:logGet(43)) - raft.server.notification.no-leader.timeout = 120s (custom)
2019-09-18 18:14:22,811 [pool-207-thread-1] INFO  server.RaftServerConfigKeys (ConfUtils.java:logGet(43)) - raft.server.log.use.memory = false (default)
2019-09-18 18:14:22,811 [pool-207-thread-1] INFO  server.RaftServerConfigKeys (ConfUtils.java:logGet(43)) - raft.server.log.purge.gap = 1000000 (custom)
2019-09-18 18:14:22,811 [pool-207-thread-1] INFO  server.RaftServerConfigKeys (ConfUtils.java:logGet(43)) - raft.server.log.appender.buffer.byte-limit = 33554432 (custom)
2019-09-18 18:14:22,811 [pool-207-thread-1] INFO  server.RaftServerConfigKeys (ConfUtils.java:logGet(43)) - raft.server.log.segment.size.max = 1048576 (custom)
2019-09-18 18:14:22,811 [pool-207-thread-1] INFO  server.RaftServerConfigKeys (ConfUtils.java:logGet(43)) - raft.server.log.segment.cache.num.max = 2 (custom)
2019-09-18 18:14:22,812 [pool-207-thread-1] INFO  segmented.SegmentedRaftLogWorker (SegmentedRaftLogWorker.java:<init>(172)) - new f33e9dde-5d49-4009-9083-c5ac57e5d421@group-54A16DCB626A-SegmentedRaftLogWorker for RaftStorage:Storage Directory /workdir/hadoop-ozone/integration-test/target/test-dir/MiniOzoneClusterImpl-af65669b-47b0-4744-a6c7-6ec9173b390b/datanode-0/data/ratis/8f63c0a7-aeaf-4177-93ed-54a16dcb626a
2019-09-18 18:14:22,815 [pool-207-thread-1] INFO  server.RaftServerConfigKeys (ConfUtils.java:logGet(43)) - raft.server.log.queue.byte-limit = 2147483647 (custom)
2019-09-18 18:14:22,815 [pool-207-thread-1] INFO  server.RaftServerConfigKeys (ConfUtils.java:logGet(43)) - raft.server.log.queue.element-limit = 1024 (custom)
2019-09-18 18:14:22,815 [pool-207-thread-1] INFO  server.RaftServerConfigKeys (ConfUtils.java:logGet(43)) - raft.server.log.segment.size.max = 1048576 (custom)
2019-09-18 18:14:22,816 [pool-207-thread-1] INFO  server.RaftServerConfigKeys (ConfUtils.java:logGet(43)) - raft.server.log.preallocated.size = 16384 (custom)
2019-09-18 18:14:22,816 [pool-207-thread-1] INFO  server.RaftServerConfigKeys (ConfUtils.java:logGet(43)) - raft.server.log.write.buffer.size = 33554432 (custom)
2019-09-18 18:14:22,816 [pool-207-thread-1] INFO  server.RaftServerConfigKeys (ConfUtils.java:logGet(43)) - raft.server.log.force.sync.num = 128 (default)
2019-09-18 18:14:22,816 [pool-207-thread-1] INFO  server.RaftServerConfigKeys (ConfUtils.java:logGet(43)) - raft.server.log.statemachine.data.sync = true (default)
2019-09-18 18:14:22,816 [pool-207-thread-1] INFO  server.RaftServerConfigKeys (ConfUtils.java:logGet(43)) - raft.server.log.statemachine.data.sync.timeout = 10s (default)
2019-09-18 18:14:22,816 [pool-207-thread-1] INFO  server.RaftServerConfigKeys (ConfUtils.java:logGet(43)) - raft.server.log.statemachine.data.sync.timeout.retry = -1 (default)
2019-09-18 18:14:22,817 [pool-207-thread-1] INFO  server.RaftServerConfigKeys (ConfUtils.java:logGet(43)) - raft.server.log.statemachine.data.caching.enabled = true (custom)
2019-09-18 18:14:22,817 [pool-207-thread-1] INFO  segmented.SegmentedRaftLogWorker (SegmentedRaftLogWorker.java:lambda$new$0(132)) - f33e9dde-5d49-4009-9083-c5ac57e5d421@group-54A16DCB626A-SegmentedRaftLogWorker: flushIndex: setUnconditionally 0 -> -1
2019-09-18 18:14:22,818 [pool-207-thread-1] INFO  server.RaftServerConfigKeys (ConfUtils.java:logGet(43)) - raft.server.snapshot.auto.trigger.enabled = true (custom)
2019-09-18 18:14:22,818 [pool-207-thread-1] INFO  server.RaftServerConfigKeys (ConfUtils.java:logGet(43)) - raft.server.snapshot.auto.trigger.threshold = 10000 (custom)
2019-09-18 18:14:22,818 [pool-207-thread-1] INFO  server.RaftServerConfigKeys (ConfUtils.java:logGet(43)) - raft.server.snapshot.retention.num.files = 5 (custom)
2019-09-18 18:14:22,818 [pool-207-thread-1] INFO  server.RaftServerConfigKeys (ConfUtils.java:logGet(43)) - raft.server.retrycache.expirytime = 600000ms (custom)
2019-09-18 18:14:22,818 [IPC Server handler 4 on 35555] INFO  net.NetworkTopology (NetworkTopologyImpl.java:add(111)) - Added a new node: /default-rack/3ef7a417-ae63-496d-bb71-db4e5393a166
2019-09-18 18:14:22,819 [IPC Server handler 4 on 35555] INFO  node.SCMNodeManager (SCMNodeManager.java:register(266)) - Registered Data node : 3ef7a417-ae63-496d-bb71-db4e5393a166{ip: 192.168.5.179, host: pr-hdds-2020-dv54p-77741726, networkLocation: /default-rack, certSerialId: null}
2019-09-18 18:14:22,822 [pool-207-thread-1] INFO  impl.RaftServerImpl (RaftServerImpl.java:start(185)) - f33e9dde-5d49-4009-9083-c5ac57e5d421@group-54A16DCB626A: start as a follower, conf=-1: [f33e9dde-5d49-4009-9083-c5ac57e5d421:192.168.5.179:37115], old=null
2019-09-18 18:14:22,822 [pool-207-thread-1] INFO  impl.RaftServerImpl (RaftServerImpl.java:setRole(174)) - f33e9dde-5d49-4009-9083-c5ac57e5d421@group-54A16DCB626A: changes role from      null to FOLLOWER at term 0 for startAsFollower
2019-09-18 18:14:22,822 [pool-207-thread-1] INFO  impl.RoleInfo (RoleInfo.java:updateAndGet(143)) - f33e9dde-5d49-4009-9083-c5ac57e5d421: start FollowerState
2019-09-18 18:14:22,823 [pool-207-thread-1] INFO  util.JmxRegister (JmxRegister.java:tryRegister(44)) - Successfully registered JMX Bean with object name Ratis:service=RaftServer,group=group-54A16DCB626A,id=f33e9dde-5d49-4009-9083-c5ac57e5d421
2019-09-18 18:14:22,830 [RatisPipelineUtilsThread] INFO  pipeline.PipelineStateManager (PipelineStateManager.java:addPipeline(56)) - Created pipeline Pipeline[ Id: 8f63c0a7-aeaf-4177-93ed-54a16dcb626a, Nodes: f33e9dde-5d49-4009-9083-c5ac57e5d421{ip: 192.168.5.179, host: pr-hdds-2020-dv54p-77741726, networkLocation: /default-rack, certSerialId: null}, Type:RATIS, Factor:ONE, State:OPEN]
2019-09-18 18:14:22,851 [grpc-default-executor-1] INFO  impl.RaftServerProxy (RaftServerProxy.java:addNew(89)) - 3ef7a417-ae63-496d-bb71-db4e5393a166: addNew group-9F3886FB068E:[3ef7a417-ae63-496d-bb71-db4e5393a166:192.168.5.179:40755] returns group-9F3886FB068E:java.util.concurrent.CompletableFuture@456cbc94[Not completed]
2019-09-18 18:14:22,853 [pool-217-thread-1] INFO  impl.RaftServerImpl (RaftServerImpl.java:<init>(95)) - 3ef7a417-ae63-496d-bb71-db4e5393a166: new RaftServerImpl for group-9F3886FB068E:[3ef7a417-ae63-496d-bb71-db4e5393a166:192.168.5.179:40755] with ContainerStateMachine:uninitialized
2019-09-18 18:14:22,853 [pool-217-thread-1] INFO  server.RaftServerConfigKeys (ConfUtils.java:logGet(43)) - raft.server.rpc.timeout.min = 5s (custom)
2019-09-18 18:14:22,853 [pool-217-thread-1] INFO  server.RaftServerConfigKeys (ConfUtils.java:logGet(43)) - raft.server.rpc.timeout.max = 5200ms (custom)
2019-09-18 18:14:22,854 [pool-217-thread-1] INFO  server.RaftServerConfigKeys (ConfUtils.java:logGet(43)) - raft.server.rpcslowness.timeout = 120s (custom)
2019-09-18 18:14:22,854 [pool-217-thread-1] INFO  server.RaftServerConfigKeys (ConfUtils.java:logGet(43)) - raft.server.sleep.deviation.threshold = 300 (default)
2019-09-18 18:14:22,854 [pool-217-thread-1] INFO  server.RaftServerConfigKeys (ConfUtils.java:logGet(43)) - raft.server.log.appender.install.snapshot.enabled = false (custom)
2019-09-18 18:14:22,854 [pool-217-thread-1] INFO  impl.RaftServerImpl (ServerState.java:<init>(103)) - 3ef7a417-ae63-496d-bb71-db4e5393a166@group-9F3886FB068E: ConfigurationManager, init=-1: [3ef7a417-ae63-496d-bb71-db4e5393a166:192.168.5.179:40755], old=null, confs=<EMPTY_MAP>
2019-09-18 18:14:22,854 [pool-217-thread-1] INFO  server.RaftServerConfigKeys (ConfUtils.java:logGet(43)) - raft.server.storage.dir = [/workdir/hadoop-ozone/integration-test/target/test-dir/MiniOzoneClusterImpl-af65669b-47b0-4744-a6c7-6ec9173b390b/datanode-1/data/ratis] (custom)
2019-09-18 18:14:22,855 [pool-217-thread-1] INFO  storage.RaftStorageDirectory (RaftStorageDirectory.java:analyzeStorage(246)) - The storage directory /workdir/hadoop-ozone/integration-test/target/test-dir/MiniOzoneClusterImpl-af65669b-47b0-4744-a6c7-6ec9173b390b/datanode-1/data/ratis/91b3ce14-eeab-443f-be64-9f3886fb068e does not exist. Creating ...
2019-09-18 18:14:22,868 [IPC Server handler 5 on 35555] INFO  net.NetworkTopology (NetworkTopologyImpl.java:add(111)) - Added a new node: /default-rack/0fea6042-f313-47c8-88f5-4fc51eb504bd
2019-09-18 18:14:22,868 [IPC Server handler 5 on 35555] INFO  node.SCMNodeManager (SCMNodeManager.java:register(266)) - Registered Data node : 0fea6042-f313-47c8-88f5-4fc51eb504bd{ip: 192.168.5.179, host: pr-hdds-2020-dv54p-77741726, networkLocation: /default-rack, certSerialId: null}
2019-09-18 18:14:22,876 [pool-217-thread-1] INFO  storage.RaftStorageDirectory (RaftStorageDirectory.java:tryLock(328)) - Lock on /workdir/hadoop-ozone/integration-test/target/test-dir/MiniOzoneClusterImpl-af65669b-47b0-4744-a6c7-6ec9173b390b/datanode-1/data/ratis/91b3ce14-eeab-443f-be64-9f3886fb068e/in_use.lock acquired by nodename 23999@pr-hdds-2020-dv54p-77741726
2019-09-18 18:14:22,891 [pool-217-thread-1] INFO  storage.RaftStorage (RaftStorage.java:format(72)) - Storage directory /workdir/hadoop-ozone/integration-test/target/test-dir/MiniOzoneClusterImpl-af65669b-47b0-4744-a6c7-6ec9173b390b/datanode-1/data/ratis/91b3ce14-eeab-443f-be64-9f3886fb068e has been successfully formatted.
2019-09-18 18:14:22,892 [pool-217-thread-1] INFO  ratis.ContainerStateMachine (ContainerStateMachine.java:loadSnapshot(230)) - group-9F3886FB068E: The snapshot info is null. Setting the last applied indexto:(t:0, i:~)
2019-09-18 18:14:22,892 [pool-217-thread-1] INFO  server.RaftServerConfigKeys (ConfUtils.java:logGet(43)) - raft.server.notification.no-leader.timeout = 120s (custom)
2019-09-18 18:14:22,892 [pool-217-thread-1] INFO  server.RaftServerConfigKeys (ConfUtils.java:logGet(43)) - raft.server.log.use.memory = false (default)
2019-09-18 18:14:22,892 [pool-217-thread-1] INFO  server.RaftServerConfigKeys (ConfUtils.java:logGet(43)) - raft.server.log.purge.gap = 1000000 (custom)
2019-09-18 18:14:22,893 [pool-217-thread-1] INFO  server.RaftServerConfigKeys (ConfUtils.java:logGet(43)) - raft.server.log.appender.buffer.byte-limit = 33554432 (custom)
2019-09-18 18:14:22,893 [pool-217-thread-1] INFO  server.RaftServerConfigKeys (ConfUtils.java:logGet(43)) - raft.server.log.segment.size.max = 1048576 (custom)
2019-09-18 18:14:22,893 [pool-217-thread-1] INFO  server.RaftServerConfigKeys (ConfUtils.java:logGet(43)) - raft.server.log.segment.cache.num.max = 2 (custom)
2019-09-18 18:14:22,893 [pool-217-thread-1] INFO  segmented.SegmentedRaftLogWorker (SegmentedRaftLogWorker.java:<init>(172)) - new 3ef7a417-ae63-496d-bb71-db4e5393a166@group-9F3886FB068E-SegmentedRaftLogWorker for RaftStorage:Storage Directory /workdir/hadoop-ozone/integration-test/target/test-dir/MiniOzoneClusterImpl-af65669b-47b0-4744-a6c7-6ec9173b390b/datanode-1/data/ratis/91b3ce14-eeab-443f-be64-9f3886fb068e
2019-09-18 18:14:22,897 [pool-217-thread-1] INFO  server.RaftServerConfigKeys (ConfUtils.java:logGet(43)) - raft.server.log.queue.byte-limit = 2147483647 (custom)
2019-09-18 18:14:22,898 [pool-217-thread-1] INFO  server.RaftServerConfigKeys (ConfUtils.java:logGet(43)) - raft.server.log.queue.element-limit = 1024 (custom)
2019-09-18 18:14:22,898 [pool-217-thread-1] INFO  server.RaftServerConfigKeys (ConfUtils.java:logGet(43)) - raft.server.log.segment.size.max = 1048576 (custom)
2019-09-18 18:14:22,898 [pool-217-thread-1] INFO  server.RaftServerConfigKeys (ConfUtils.java:logGet(43)) - raft.server.log.preallocated.size = 16384 (custom)
2019-09-18 18:14:22,898 [pool-217-thread-1] INFO  server.RaftServerConfigKeys (ConfUtils.java:logGet(43)) - raft.server.log.write.buffer.size = 33554432 (custom)
2019-09-18 18:14:22,898 [pool-217-thread-1] INFO  server.RaftServerConfigKeys (ConfUtils.java:logGet(43)) - raft.server.log.force.sync.num = 128 (default)
2019-09-18 18:14:22,899 [pool-217-thread-1] INFO  server.RaftServerConfigKeys (ConfUtils.java:logGet(43)) - raft.server.log.statemachine.data.sync = true (default)
2019-09-18 18:14:22,899 [pool-217-thread-1] INFO  server.RaftServerConfigKeys (ConfUtils.java:logGet(43)) - raft.server.log.statemachine.data.sync.timeout = 10s (default)
2019-09-18 18:14:22,899 [pool-217-thread-1] INFO  server.RaftServerConfigKeys (ConfUtils.java:logGet(43)) - raft.server.log.statemachine.data.sync.timeout.retry = -1 (default)
2019-09-18 18:14:22,899 [pool-217-thread-1] INFO  server.RaftServerConfigKeys (ConfUtils.java:logGet(43)) - raft.server.log.statemachine.data.caching.enabled = true (custom)
2019-09-18 18:14:22,900 [pool-217-thread-1] INFO  segmented.SegmentedRaftLogWorker (SegmentedRaftLogWorker.java:lambda$new$0(132)) - 3ef7a417-ae63-496d-bb71-db4e5393a166@group-9F3886FB068E-SegmentedRaftLogWorker: flushIndex: setUnconditionally 0 -> -1
2019-09-18 18:14:22,900 [pool-217-thread-1] INFO  server.RaftServerConfigKeys (ConfUtils.java:logGet(43)) - raft.server.snapshot.auto.trigger.enabled = true (custom)
2019-09-18 18:14:22,900 [pool-217-thread-1] INFO  server.RaftServerConfigKeys (ConfUtils.java:logGet(43)) - raft.server.snapshot.auto.trigger.threshold = 10000 (custom)
2019-09-18 18:14:22,900 [pool-217-thread-1] INFO  server.RaftServerConfigKeys (ConfUtils.java:logGet(43)) - raft.server.snapshot.retention.num.files = 5 (custom)
2019-09-18 18:14:22,900 [pool-217-thread-1] INFO  server.RaftServerConfigKeys (ConfUtils.java:logGet(43)) - raft.server.retrycache.expirytime = 600000ms (custom)
2019-09-18 18:14:22,904 [pool-217-thread-1] INFO  impl.RaftServerImpl (RaftServerImpl.java:start(185)) - 3ef7a417-ae63-496d-bb71-db4e5393a166@group-9F3886FB068E: start as a follower, conf=-1: [3ef7a417-ae63-496d-bb71-db4e5393a166:192.168.5.179:40755], old=null
2019-09-18 18:14:22,905 [pool-217-thread-1] INFO  impl.RaftServerImpl (RaftServerImpl.java:setRole(174)) - 3ef7a417-ae63-496d-bb71-db4e5393a166@group-9F3886FB068E: changes role from      null to FOLLOWER at term 0 for startAsFollower
2019-09-18 18:14:22,905 [pool-217-thread-1] INFO  impl.RoleInfo (RoleInfo.java:updateAndGet(143)) - 3ef7a417-ae63-496d-bb71-db4e5393a166: start FollowerState
2019-09-18 18:14:22,905 [pool-217-thread-1] INFO  util.JmxRegister (JmxRegister.java:tryRegister(44)) - Successfully registered JMX Bean with object name Ratis:service=RaftServer,group=group-9F3886FB068E,id=3ef7a417-ae63-496d-bb71-db4e5393a166
2019-09-18 18:14:22,911 [RatisPipelineUtilsThread] INFO  pipeline.PipelineStateManager (PipelineStateManager.java:addPipeline(56)) - Created pipeline Pipeline[ Id: 91b3ce14-eeab-443f-be64-9f3886fb068e, Nodes: 3ef7a417-ae63-496d-bb71-db4e5393a166{ip: 192.168.5.179, host: pr-hdds-2020-dv54p-77741726, networkLocation: /default-rack, certSerialId: null}, Type:RATIS, Factor:ONE, State:OPEN]
2019-09-18 18:14:22,923 [grpc-default-executor-1] INFO  impl.RaftServerProxy (RaftServerProxy.java:addNew(89)) - 0fea6042-f313-47c8-88f5-4fc51eb504bd: addNew group-B03F595EF377:[0fea6042-f313-47c8-88f5-4fc51eb504bd:192.168.5.179:46857] returns group-B03F595EF377:java.util.concurrent.CompletableFuture@47bd6f4f[Not completed]
2019-09-18 18:14:22,929 [pool-227-thread-1] INFO  impl.RaftServerImpl (RaftServerImpl.java:<init>(95)) - 0fea6042-f313-47c8-88f5-4fc51eb504bd: new RaftServerImpl for group-B03F595EF377:[0fea6042-f313-47c8-88f5-4fc51eb504bd:192.168.5.179:46857] with ContainerStateMachine:uninitialized
2019-09-18 18:14:22,930 [pool-227-thread-1] INFO  server.RaftServerConfigKeys (ConfUtils.java:logGet(43)) - raft.server.rpc.timeout.min = 5s (custom)
2019-09-18 18:14:22,930 [pool-227-thread-1] INFO  server.RaftServerConfigKeys (ConfUtils.java:logGet(43)) - raft.server.rpc.timeout.max = 5200ms (custom)
2019-09-18 18:14:22,930 [pool-227-thread-1] INFO  server.RaftServerConfigKeys (ConfUtils.java:logGet(43)) - raft.server.rpcslowness.timeout = 120s (custom)
2019-09-18 18:14:22,930 [pool-227-thread-1] INFO  server.RaftServerConfigKeys (ConfUtils.java:logGet(43)) - raft.server.sleep.deviation.threshold = 300 (default)
2019-09-18 18:14:22,930 [pool-227-thread-1] INFO  server.RaftServerConfigKeys (ConfUtils.java:logGet(43)) - raft.server.log.appender.install.snapshot.enabled = false (custom)
2019-09-18 18:14:22,930 [pool-227-thread-1] INFO  impl.RaftServerImpl (ServerState.java:<init>(103)) - 0fea6042-f313-47c8-88f5-4fc51eb504bd@group-B03F595EF377: ConfigurationManager, init=-1: [0fea6042-f313-47c8-88f5-4fc51eb504bd:192.168.5.179:46857], old=null, confs=<EMPTY_MAP>
2019-09-18 18:14:22,930 [pool-227-thread-1] INFO  server.RaftServerConfigKeys (ConfUtils.java:logGet(43)) - raft.server.storage.dir = [/workdir/hadoop-ozone/integration-test/target/test-dir/MiniOzoneClusterImpl-af65669b-47b0-4744-a6c7-6ec9173b390b/datanode-2/data/ratis] (custom)
2019-09-18 18:14:22,931 [pool-227-thread-1] INFO  storage.RaftStorageDirectory (RaftStorageDirectory.java:analyzeStorage(246)) - The storage directory /workdir/hadoop-ozone/integration-test/target/test-dir/MiniOzoneClusterImpl-af65669b-47b0-4744-a6c7-6ec9173b390b/datanode-2/data/ratis/e8b30a56-cb06-4233-aea3-b03f595ef377 does not exist. Creating ...
2019-09-18 18:14:22,938 [IPC Server handler 7 on 35555] INFO  net.NetworkTopology (NetworkTopologyImpl.java:add(111)) - Added a new node: /default-rack/3a575cb8-02ec-4080-a602-d8df6dca58ac
2019-09-18 18:14:22,938 [IPC Server handler 7 on 35555] INFO  node.SCMNodeManager (SCMNodeManager.java:register(266)) - Registered Data node : 3a575cb8-02ec-4080-a602-d8df6dca58ac{ip: 192.168.5.179, host: pr-hdds-2020-dv54p-77741726, networkLocation: /default-rack, certSerialId: null}
2019-09-18 18:14:22,946 [pool-227-thread-1] INFO  storage.RaftStorageDirectory (RaftStorageDirectory.java:tryLock(328)) - Lock on /workdir/hadoop-ozone/integration-test/target/test-dir/MiniOzoneClusterImpl-af65669b-47b0-4744-a6c7-6ec9173b390b/datanode-2/data/ratis/e8b30a56-cb06-4233-aea3-b03f595ef377/in_use.lock acquired by nodename 23999@pr-hdds-2020-dv54p-77741726
2019-09-18 18:14:22,965 [pool-227-thread-1] INFO  storage.RaftStorage (RaftStorage.java:format(72)) - Storage directory /workdir/hadoop-ozone/integration-test/target/test-dir/MiniOzoneClusterImpl-af65669b-47b0-4744-a6c7-6ec9173b390b/datanode-2/data/ratis/e8b30a56-cb06-4233-aea3-b03f595ef377 has been successfully formatted.
2019-09-18 18:14:22,966 [pool-227-thread-1] INFO  ratis.ContainerStateMachine (ContainerStateMachine.java:loadSnapshot(230)) - group-B03F595EF377: The snapshot info is null. Setting the last applied indexto:(t:0, i:~)
2019-09-18 18:14:22,966 [pool-227-thread-1] INFO  server.RaftServerConfigKeys (ConfUtils.java:logGet(43)) - raft.server.notification.no-leader.timeout = 120s (custom)
2019-09-18 18:14:22,966 [pool-227-thread-1] INFO  server.RaftServerConfigKeys (ConfUtils.java:logGet(43)) - raft.server.log.use.memory = false (default)
2019-09-18 18:14:22,966 [pool-227-thread-1] INFO  server.RaftServerConfigKeys (ConfUtils.java:logGet(43)) - raft.server.log.purge.gap = 1000000 (custom)
2019-09-18 18:14:22,967 [pool-227-thread-1] INFO  server.RaftServerConfigKeys (ConfUtils.java:logGet(43)) - raft.server.log.appender.buffer.byte-limit = 33554432 (custom)
2019-09-18 18:14:22,967 [pool-227-thread-1] INFO  server.RaftServerConfigKeys (ConfUtils.java:logGet(43)) - raft.server.log.segment.size.max = 1048576 (custom)
2019-09-18 18:14:22,967 [pool-227-thread-1] INFO  server.RaftServerConfigKeys (ConfUtils.java:logGet(43)) - raft.server.log.segment.cache.num.max = 2 (custom)
2019-09-18 18:14:22,967 [pool-227-thread-1] INFO  segmented.SegmentedRaftLogWorker (SegmentedRaftLogWorker.java:<init>(172)) - new 0fea6042-f313-47c8-88f5-4fc51eb504bd@group-B03F595EF377-SegmentedRaftLogWorker for RaftStorage:Storage Directory /workdir/hadoop-ozone/integration-test/target/test-dir/MiniOzoneClusterImpl-af65669b-47b0-4744-a6c7-6ec9173b390b/datanode-2/data/ratis/e8b30a56-cb06-4233-aea3-b03f595ef377
2019-09-18 18:14:22,970 [pool-227-thread-1] INFO  server.RaftServerConfigKeys (ConfUtils.java:logGet(43)) - raft.server.log.queue.byte-limit = 2147483647 (custom)
2019-09-18 18:14:22,970 [pool-227-thread-1] INFO  server.RaftServerConfigKeys (ConfUtils.java:logGet(43)) - raft.server.log.queue.element-limit = 1024 (custom)
2019-09-18 18:14:22,971 [pool-227-thread-1] INFO  server.RaftServerConfigKeys (ConfUtils.java:logGet(43)) - raft.server.log.segment.size.max = 1048576 (custom)
2019-09-18 18:14:22,971 [pool-227-thread-1] INFO  server.RaftServerConfigKeys (ConfUtils.java:logGet(43)) - raft.server.log.preallocated.size = 16384 (custom)
2019-09-18 18:14:22,971 [pool-227-thread-1] INFO  server.RaftServerConfigKeys (ConfUtils.java:logGet(43)) - raft.server.log.write.buffer.size = 33554432 (custom)
2019-09-18 18:14:22,971 [pool-227-thread-1] INFO  server.RaftServerConfigKeys (ConfUtils.java:logGet(43)) - raft.server.log.force.sync.num = 128 (default)
2019-09-18 18:14:22,971 [pool-227-thread-1] INFO  server.RaftServerConfigKeys (ConfUtils.java:logGet(43)) - raft.server.log.statemachine.data.sync = true (default)
2019-09-18 18:14:22,971 [pool-227-thread-1] INFO  server.RaftServerConfigKeys (ConfUtils.java:logGet(43)) - raft.server.log.statemachine.data.sync.timeout = 10s (default)
2019-09-18 18:14:22,972 [pool-227-thread-1] INFO  server.RaftServerConfigKeys (ConfUtils.java:logGet(43)) - raft.server.log.statemachine.data.sync.timeout.retry = -1 (default)
2019-09-18 18:14:22,972 [pool-227-thread-1] INFO  server.RaftServerConfigKeys (ConfUtils.java:logGet(43)) - raft.server.log.statemachine.data.caching.enabled = true (custom)
2019-09-18 18:14:22,983 [pool-227-thread-1] INFO  segmented.SegmentedRaftLogWorker (SegmentedRaftLogWorker.java:lambda$new$0(132)) - 0fea6042-f313-47c8-88f5-4fc51eb504bd@group-B03F595EF377-SegmentedRaftLogWorker: flushIndex: setUnconditionally 0 -> -1
2019-09-18 18:14:22,983 [pool-227-thread-1] INFO  server.RaftServerConfigKeys (ConfUtils.java:logGet(43)) - raft.server.snapshot.auto.trigger.enabled = true (custom)
2019-09-18 18:14:22,983 [pool-227-thread-1] INFO  server.RaftServerConfigKeys (ConfUtils.java:logGet(43)) - raft.server.snapshot.auto.trigger.threshold = 10000 (custom)
2019-09-18 18:14:22,984 [pool-227-thread-1] INFO  server.RaftServerConfigKeys (ConfUtils.java:logGet(43)) - raft.server.snapshot.retention.num.files = 5 (custom)
2019-09-18 18:14:22,984 [pool-227-thread-1] INFO  server.RaftServerConfigKeys (ConfUtils.java:logGet(43)) - raft.server.retrycache.expirytime = 600000ms (custom)
2019-09-18 18:14:22,987 [pool-227-thread-1] INFO  impl.RaftServerImpl (RaftServerImpl.java:start(185)) - 0fea6042-f313-47c8-88f5-4fc51eb504bd@group-B03F595EF377: start as a follower, conf=-1: [0fea6042-f313-47c8-88f5-4fc51eb504bd:192.168.5.179:46857], old=null
2019-09-18 18:14:22,987 [pool-227-thread-1] INFO  impl.RaftServerImpl (RaftServerImpl.java:setRole(174)) - 0fea6042-f313-47c8-88f5-4fc51eb504bd@group-B03F595EF377: changes role from      null to FOLLOWER at term 0 for startAsFollower
2019-09-18 18:14:22,988 [pool-227-thread-1] INFO  impl.RoleInfo (RoleInfo.java:updateAndGet(143)) - 0fea6042-f313-47c8-88f5-4fc51eb504bd: start FollowerState
2019-09-18 18:14:22,988 [pool-227-thread-1] INFO  util.JmxRegister (JmxRegister.java:tryRegister(44)) - Successfully registered JMX Bean with object name Ratis:service=RaftServer,group=group-B03F595EF377,id=0fea6042-f313-47c8-88f5-4fc51eb504bd
2019-09-18 18:14:22,994 [RatisPipelineUtilsThread] INFO  pipeline.PipelineStateManager (PipelineStateManager.java:addPipeline(56)) - Created pipeline Pipeline[ Id: e8b30a56-cb06-4233-aea3-b03f595ef377, Nodes: 0fea6042-f313-47c8-88f5-4fc51eb504bd{ip: 192.168.5.179, host: pr-hdds-2020-dv54p-77741726, networkLocation: /default-rack, certSerialId: null}, Type:RATIS, Factor:ONE, State:OPEN]
2019-09-18 18:14:23,006 [grpc-default-executor-1] INFO  impl.RaftServerProxy (RaftServerProxy.java:addNew(89)) - 3a575cb8-02ec-4080-a602-d8df6dca58ac: addNew group-69155E9773E0:[3a575cb8-02ec-4080-a602-d8df6dca58ac:192.168.5.179:43209] returns group-69155E9773E0:java.util.concurrent.CompletableFuture@275569[Not completed]
2019-09-18 18:14:23,006 [IPC Server handler 1 on 35555] INFO  net.NetworkTopology (NetworkTopologyImpl.java:add(111)) - Added a new node: /default-rack/a0ee338e-7f4e-4050-9cf3-0542d4801249
2019-09-18 18:14:23,007 [IPC Server handler 1 on 35555] INFO  node.SCMNodeManager (SCMNodeManager.java:register(266)) - Registered Data node : a0ee338e-7f4e-4050-9cf3-0542d4801249{ip: 192.168.5.179, host: pr-hdds-2020-dv54p-77741726, networkLocation: /default-rack, certSerialId: null}
2019-09-18 18:14:23,008 [pool-237-thread-1] INFO  impl.RaftServerImpl (RaftServerImpl.java:<init>(95)) - 3a575cb8-02ec-4080-a602-d8df6dca58ac: new RaftServerImpl for group-69155E9773E0:[3a575cb8-02ec-4080-a602-d8df6dca58ac:192.168.5.179:43209] with ContainerStateMachine:uninitialized
2019-09-18 18:14:23,008 [pool-237-thread-1] INFO  server.RaftServerConfigKeys (ConfUtils.java:logGet(43)) - raft.server.rpc.timeout.min = 5s (custom)
2019-09-18 18:14:23,008 [pool-237-thread-1] INFO  server.RaftServerConfigKeys (ConfUtils.java:logGet(43)) - raft.server.rpc.timeout.max = 5200ms (custom)
2019-09-18 18:14:23,008 [pool-237-thread-1] INFO  server.RaftServerConfigKeys (ConfUtils.java:logGet(43)) - raft.server.rpcslowness.timeout = 120s (custom)
2019-09-18 18:14:23,008 [pool-237-thread-1] INFO  server.RaftServerConfigKeys (ConfUtils.java:logGet(43)) - raft.server.sleep.deviation.threshold = 300 (default)
2019-09-18 18:14:23,008 [pool-237-thread-1] INFO  server.RaftServerConfigKeys (ConfUtils.java:logGet(43)) - raft.server.log.appender.install.snapshot.enabled = false (custom)
2019-09-18 18:14:23,009 [pool-237-thread-1] INFO  impl.RaftServerImpl (ServerState.java:<init>(103)) - 3a575cb8-02ec-4080-a602-d8df6dca58ac@group-69155E9773E0: ConfigurationManager, init=-1: [3a575cb8-02ec-4080-a602-d8df6dca58ac:192.168.5.179:43209], old=null, confs=<EMPTY_MAP>
2019-09-18 18:14:23,009 [pool-237-thread-1] INFO  server.RaftServerConfigKeys (ConfUtils.java:logGet(43)) - raft.server.storage.dir = [/workdir/hadoop-ozone/integration-test/target/test-dir/MiniOzoneClusterImpl-af65669b-47b0-4744-a6c7-6ec9173b390b/datanode-3/data/ratis] (custom)
2019-09-18 18:14:23,009 [pool-237-thread-1] INFO  storage.RaftStorageDirectory (RaftStorageDirectory.java:analyzeStorage(246)) - The storage directory /workdir/hadoop-ozone/integration-test/target/test-dir/MiniOzoneClusterImpl-af65669b-47b0-4744-a6c7-6ec9173b390b/datanode-3/data/ratis/cb7ccdf0-3f47-423c-adf7-69155e9773e0 does not exist. Creating ...
2019-09-18 18:14:23,046 [pool-237-thread-1] INFO  storage.RaftStorageDirectory (RaftStorageDirectory.java:tryLock(328)) - Lock on /workdir/hadoop-ozone/integration-test/target/test-dir/MiniOzoneClusterImpl-af65669b-47b0-4744-a6c7-6ec9173b390b/datanode-3/data/ratis/cb7ccdf0-3f47-423c-adf7-69155e9773e0/in_use.lock acquired by nodename 23999@pr-hdds-2020-dv54p-77741726
2019-09-18 18:14:23,059 [IPC Server handler 2 on 35555] INFO  net.NetworkTopology (NetworkTopologyImpl.java:add(111)) - Added a new node: /default-rack/9af89336-6d5d-4d28-b237-6b13fc6491ad
2019-09-18 18:14:23,060 [IPC Server handler 2 on 35555] INFO  node.SCMNodeManager (SCMNodeManager.java:register(266)) - Registered Data node : 9af89336-6d5d-4d28-b237-6b13fc6491ad{ip: 192.168.5.179, host: pr-hdds-2020-dv54p-77741726, networkLocation: /default-rack, certSerialId: null}
2019-09-18 18:14:23,063 [pool-237-thread-1] INFO  storage.RaftStorage (RaftStorage.java:format(72)) - Storage directory /workdir/hadoop-ozone/integration-test/target/test-dir/MiniOzoneClusterImpl-af65669b-47b0-4744-a6c7-6ec9173b390b/datanode-3/data/ratis/cb7ccdf0-3f47-423c-adf7-69155e9773e0 has been successfully formatted.
2019-09-18 18:14:23,064 [pool-237-thread-1] INFO  ratis.ContainerStateMachine (ContainerStateMachine.java:loadSnapshot(230)) - group-69155E9773E0: The snapshot info is null. Setting the last applied indexto:(t:0, i:~)
2019-09-18 18:14:23,064 [pool-237-thread-1] INFO  server.RaftServerConfigKeys (ConfUtils.java:logGet(43)) - raft.server.notification.no-leader.timeout = 120s (custom)
2019-09-18 18:14:23,064 [pool-237-thread-1] INFO  server.RaftServerConfigKeys (ConfUtils.java:logGet(43)) - raft.server.log.use.memory = false (default)
2019-09-18 18:14:23,064 [pool-237-thread-1] INFO  server.RaftServerConfigKeys (ConfUtils.java:logGet(43)) - raft.server.log.purge.gap = 1000000 (custom)
2019-09-18 18:14:23,064 [pool-237-thread-1] INFO  server.RaftServerConfigKeys (ConfUtils.java:logGet(43)) - raft.server.log.appender.buffer.byte-limit = 33554432 (custom)
2019-09-18 18:14:23,065 [pool-237-thread-1] INFO  server.RaftServerConfigKeys (ConfUtils.java:logGet(43)) - raft.server.log.segment.size.max = 1048576 (custom)
2019-09-18 18:14:23,065 [pool-237-thread-1] INFO  server.RaftServerConfigKeys (ConfUtils.java:logGet(43)) - raft.server.log.segment.cache.num.max = 2 (custom)
2019-09-18 18:14:23,065 [pool-237-thread-1] INFO  segmented.SegmentedRaftLogWorker (SegmentedRaftLogWorker.java:<init>(172)) - new 3a575cb8-02ec-4080-a602-d8df6dca58ac@group-69155E9773E0-SegmentedRaftLogWorker for RaftStorage:Storage Directory /workdir/hadoop-ozone/integration-test/target/test-dir/MiniOzoneClusterImpl-af65669b-47b0-4744-a6c7-6ec9173b390b/datanode-3/data/ratis/cb7ccdf0-3f47-423c-adf7-69155e9773e0
2019-09-18 18:14:23,068 [pool-237-thread-1] INFO  server.RaftServerConfigKeys (ConfUtils.java:logGet(43)) - raft.server.log.queue.byte-limit = 2147483647 (custom)
2019-09-18 18:14:23,068 [pool-237-thread-1] INFO  server.RaftServerConfigKeys (ConfUtils.java:logGet(43)) - raft.server.log.queue.element-limit = 1024 (custom)
2019-09-18 18:14:23,068 [pool-237-thread-1] INFO  server.RaftServerConfigKeys (ConfUtils.java:logGet(43)) - raft.server.log.segment.size.max = 1048576 (custom)
2019-09-18 18:14:23,068 [pool-237-thread-1] INFO  server.RaftServerConfigKeys (ConfUtils.java:logGet(43)) - raft.server.log.preallocated.size = 16384 (custom)
2019-09-18 18:14:23,069 [pool-237-thread-1] INFO  server.RaftServerConfigKeys (ConfUtils.java:logGet(43)) - raft.server.log.write.buffer.size = 33554432 (custom)
2019-09-18 18:14:23,069 [pool-237-thread-1] INFO  server.RaftServerConfigKeys (ConfUtils.java:logGet(43)) - raft.server.log.force.sync.num = 128 (default)
2019-09-18 18:14:23,069 [pool-237-thread-1] INFO  server.RaftServerConfigKeys (ConfUtils.java:logGet(43)) - raft.server.log.statemachine.data.sync = true (default)
2019-09-18 18:14:23,069 [pool-237-thread-1] INFO  server.RaftServerConfigKeys (ConfUtils.java:logGet(43)) - raft.server.log.statemachine.data.sync.timeout = 10s (default)
2019-09-18 18:14:23,069 [pool-237-thread-1] INFO  server.RaftServerConfigKeys (ConfUtils.java:logGet(43)) - raft.server.log.statemachine.data.sync.timeout.retry = -1 (default)
2019-09-18 18:14:23,070 [pool-237-thread-1] INFO  server.RaftServerConfigKeys (ConfUtils.java:logGet(43)) - raft.server.log.statemachine.data.caching.enabled = true (custom)
2019-09-18 18:14:23,070 [pool-237-thread-1] INFO  segmented.SegmentedRaftLogWorker (SegmentedRaftLogWorker.java:lambda$new$0(132)) - 3a575cb8-02ec-4080-a602-d8df6dca58ac@group-69155E9773E0-SegmentedRaftLogWorker: flushIndex: setUnconditionally 0 -> -1
2019-09-18 18:14:23,070 [pool-237-thread-1] INFO  server.RaftServerConfigKeys (ConfUtils.java:logGet(43)) - raft.server.snapshot.auto.trigger.enabled = true (custom)
2019-09-18 18:14:23,070 [pool-237-thread-1] INFO  server.RaftServerConfigKeys (ConfUtils.java:logGet(43)) - raft.server.snapshot.auto.trigger.threshold = 10000 (custom)
2019-09-18 18:14:23,071 [pool-237-thread-1] INFO  server.RaftServerConfigKeys (ConfUtils.java:logGet(43)) - raft.server.snapshot.retention.num.files = 5 (custom)
2019-09-18 18:14:23,071 [pool-237-thread-1] INFO  server.RaftServerConfigKeys (ConfUtils.java:logGet(43)) - raft.server.retrycache.expirytime = 600000ms (custom)
2019-09-18 18:14:23,073 [pool-237-thread-1] INFO  impl.RaftServerImpl (RaftServerImpl.java:start(185)) - 3a575cb8-02ec-4080-a602-d8df6dca58ac@group-69155E9773E0: start as a follower, conf=-1: [3a575cb8-02ec-4080-a602-d8df6dca58ac:192.168.5.179:43209], old=null
2019-09-18 18:14:23,074 [pool-237-thread-1] INFO  impl.RaftServerImpl (RaftServerImpl.java:setRole(174)) - 3a575cb8-02ec-4080-a602-d8df6dca58ac@group-69155E9773E0: changes role from      null to FOLLOWER at term 0 for startAsFollower
2019-09-18 18:14:23,074 [pool-237-thread-1] INFO  impl.RoleInfo (RoleInfo.java:updateAndGet(143)) - 3a575cb8-02ec-4080-a602-d8df6dca58ac: start FollowerState
2019-09-18 18:14:23,074 [pool-237-thread-1] INFO  util.JmxRegister (JmxRegister.java:tryRegister(44)) - Successfully registered JMX Bean with object name Ratis:service=RaftServer,group=group-69155E9773E0,id=3a575cb8-02ec-4080-a602-d8df6dca58ac
2019-09-18 18:14:23,080 [RatisPipelineUtilsThread] INFO  pipeline.PipelineStateManager (PipelineStateManager.java:addPipeline(56)) - Created pipeline Pipeline[ Id: cb7ccdf0-3f47-423c-adf7-69155e9773e0, Nodes: 3a575cb8-02ec-4080-a602-d8df6dca58ac{ip: 192.168.5.179, host: pr-hdds-2020-dv54p-77741726, networkLocation: /default-rack, certSerialId: null}, Type:RATIS, Factor:ONE, State:OPEN]
2019-09-18 18:14:23,087 [grpc-default-executor-1] INFO  impl.RaftServerProxy (RaftServerProxy.java:addNew(89)) - a0ee338e-7f4e-4050-9cf3-0542d4801249: addNew group-184C33D63214:[a0ee338e-7f4e-4050-9cf3-0542d4801249:192.168.5.179:38369] returns group-184C33D63214:java.util.concurrent.CompletableFuture@38667409[Not completed]
2019-09-18 18:14:23,089 [pool-247-thread-1] INFO  impl.RaftServerImpl (RaftServerImpl.java:<init>(95)) - a0ee338e-7f4e-4050-9cf3-0542d4801249: new RaftServerImpl for group-184C33D63214:[a0ee338e-7f4e-4050-9cf3-0542d4801249:192.168.5.179:38369] with ContainerStateMachine:uninitialized
2019-09-18 18:14:23,089 [pool-247-thread-1] INFO  server.RaftServerConfigKeys (ConfUtils.java:logGet(43)) - raft.server.rpc.timeout.min = 5s (custom)
2019-09-18 18:14:23,089 [pool-247-thread-1] INFO  server.RaftServerConfigKeys (ConfUtils.java:logGet(43)) - raft.server.rpc.timeout.max = 5200ms (custom)
2019-09-18 18:14:23,090 [pool-247-thread-1] INFO  server.RaftServerConfigKeys (ConfUtils.java:logGet(43)) - raft.server.rpcslowness.timeout = 120s (custom)
2019-09-18 18:14:23,090 [pool-247-thread-1] INFO  server.RaftServerConfigKeys (ConfUtils.java:logGet(43)) - raft.server.sleep.deviation.threshold = 300 (default)
2019-09-18 18:14:23,090 [pool-247-thread-1] INFO  server.RaftServerConfigKeys (ConfUtils.java:logGet(43)) - raft.server.log.appender.install.snapshot.enabled = false (custom)
2019-09-18 18:14:23,090 [pool-247-thread-1] INFO  impl.RaftServerImpl (ServerState.java:<init>(103)) - a0ee338e-7f4e-4050-9cf3-0542d4801249@group-184C33D63214: ConfigurationManager, init=-1: [a0ee338e-7f4e-4050-9cf3-0542d4801249:192.168.5.179:38369], old=null, confs=<EMPTY_MAP>
2019-09-18 18:14:23,090 [pool-247-thread-1] INFO  server.RaftServerConfigKeys (ConfUtils.java:logGet(43)) - raft.server.storage.dir = [/workdir/hadoop-ozone/integration-test/target/test-dir/MiniOzoneClusterImpl-af65669b-47b0-4744-a6c7-6ec9173b390b/datanode-4/data/ratis] (custom)
2019-09-18 18:14:23,091 [pool-247-thread-1] INFO  storage.RaftStorageDirectory (RaftStorageDirectory.java:analyzeStorage(246)) - The storage directory /workdir/hadoop-ozone/integration-test/target/test-dir/MiniOzoneClusterImpl-af65669b-47b0-4744-a6c7-6ec9173b390b/datanode-4/data/ratis/b6efe115-4e79-4fa2-807a-184c33d63214 does not exist. Creating ...
2019-09-18 18:14:23,114 [pool-247-thread-1] INFO  storage.RaftStorageDirectory (RaftStorageDirectory.java:tryLock(328)) - Lock on /workdir/hadoop-ozone/integration-test/target/test-dir/MiniOzoneClusterImpl-af65669b-47b0-4744-a6c7-6ec9173b390b/datanode-4/data/ratis/b6efe115-4e79-4fa2-807a-184c33d63214/in_use.lock acquired by nodename 23999@pr-hdds-2020-dv54p-77741726
2019-09-18 18:14:23,122 [main] INFO  ozone.MiniOzoneClusterImpl (MiniOzoneClusterImpl.java:lambda$waitForClusterToBeReady$0(145)) - Waiting for cluster to be ready. Got 6 of 7 DN Heartbeats.
2019-09-18 18:14:23,125 [IPC Server handler 3 on 35555] INFO  net.NetworkTopology (NetworkTopologyImpl.java:add(111)) - Added a new node: /default-rack/c7e18c42-0f84-4acb-9075-692450bbb0ea
2019-09-18 18:14:23,126 [IPC Server handler 3 on 35555] INFO  node.SCMNodeManager (SCMNodeManager.java:register(266)) - Registered Data node : c7e18c42-0f84-4acb-9075-692450bbb0ea{ip: 192.168.5.179, host: pr-hdds-2020-dv54p-77741726, networkLocation: /default-rack, certSerialId: null}
2019-09-18 18:14:23,131 [pool-247-thread-1] INFO  storage.RaftStorage (RaftStorage.java:format(72)) - Storage directory /workdir/hadoop-ozone/integration-test/target/test-dir/MiniOzoneClusterImpl-af65669b-47b0-4744-a6c7-6ec9173b390b/datanode-4/data/ratis/b6efe115-4e79-4fa2-807a-184c33d63214 has been successfully formatted.
2019-09-18 18:14:23,132 [pool-247-thread-1] INFO  ratis.ContainerStateMachine (ContainerStateMachine.java:loadSnapshot(230)) - group-184C33D63214: The snapshot info is null. Setting the last applied indexto:(t:0, i:~)
2019-09-18 18:14:23,132 [pool-247-thread-1] INFO  server.RaftServerConfigKeys (ConfUtils.java:logGet(43)) - raft.server.notification.no-leader.timeout = 120s (custom)
2019-09-18 18:14:23,132 [pool-247-thread-1] INFO  server.RaftServerConfigKeys (ConfUtils.java:logGet(43)) - raft.server.log.use.memory = false (default)
2019-09-18 18:14:23,133 [pool-247-thread-1] INFO  server.RaftServerConfigKeys (ConfUtils.java:logGet(43)) - raft.server.log.purge.gap = 1000000 (custom)
2019-09-18 18:14:23,133 [pool-247-thread-1] INFO  server.RaftServerConfigKeys (ConfUtils.java:logGet(43)) - raft.server.log.appender.buffer.byte-limit = 33554432 (custom)
2019-09-18 18:14:23,133 [pool-247-thread-1] INFO  server.RaftServerConfigKeys (ConfUtils.java:logGet(43)) - raft.server.log.segment.size.max = 1048576 (custom)
2019-09-18 18:14:23,133 [pool-247-thread-1] INFO  server.RaftServerConfigKeys (ConfUtils.java:logGet(43)) - raft.server.log.segment.cache.num.max = 2 (custom)
2019-09-18 18:14:23,133 [pool-247-thread-1] INFO  segmented.SegmentedRaftLogWorker (SegmentedRaftLogWorker.java:<init>(172)) - new a0ee338e-7f4e-4050-9cf3-0542d4801249@group-184C33D63214-SegmentedRaftLogWorker for RaftStorage:Storage Directory /workdir/hadoop-ozone/integration-test/target/test-dir/MiniOzoneClusterImpl-af65669b-47b0-4744-a6c7-6ec9173b390b/datanode-4/data/ratis/b6efe115-4e79-4fa2-807a-184c33d63214
2019-09-18 18:14:23,137 [pool-247-thread-1] INFO  server.RaftServerConfigKeys (ConfUtils.java:logGet(43)) - raft.server.log.queue.byte-limit = 2147483647 (custom)
2019-09-18 18:14:23,138 [pool-247-thread-1] INFO  server.RaftServerConfigKeys (ConfUtils.java:logGet(43)) - raft.server.log.queue.element-limit = 1024 (custom)
2019-09-18 18:14:23,138 [pool-247-thread-1] INFO  server.RaftServerConfigKeys (ConfUtils.java:logGet(43)) - raft.server.log.segment.size.max = 1048576 (custom)
2019-09-18 18:14:23,138 [pool-247-thread-1] INFO  server.RaftServerConfigKeys (ConfUtils.java:logGet(43)) - raft.server.log.preallocated.size = 16384 (custom)
2019-09-18 18:14:23,138 [pool-247-thread-1] INFO  server.RaftServerConfigKeys (ConfUtils.java:logGet(43)) - raft.server.log.write.buffer.size = 33554432 (custom)
2019-09-18 18:14:23,139 [pool-247-thread-1] INFO  server.RaftServerConfigKeys (ConfUtils.java:logGet(43)) - raft.server.log.force.sync.num = 128 (default)
2019-09-18 18:14:23,139 [pool-247-thread-1] INFO  server.RaftServerConfigKeys (ConfUtils.java:logGet(43)) - raft.server.log.statemachine.data.sync = true (default)
2019-09-18 18:14:23,139 [pool-247-thread-1] INFO  server.RaftServerConfigKeys (ConfUtils.java:logGet(43)) - raft.server.log.statemachine.data.sync.timeout = 10s (default)
2019-09-18 18:14:23,139 [pool-247-thread-1] INFO  server.RaftServerConfigKeys (ConfUtils.java:logGet(43)) - raft.server.log.statemachine.data.sync.timeout.retry = -1 (default)
2019-09-18 18:14:23,140 [pool-247-thread-1] INFO  server.RaftServerConfigKeys (ConfUtils.java:logGet(43)) - raft.server.log.statemachine.data.caching.enabled = true (custom)
2019-09-18 18:14:23,140 [pool-247-thread-1] INFO  segmented.SegmentedRaftLogWorker (SegmentedRaftLogWorker.java:lambda$new$0(132)) - a0ee338e-7f4e-4050-9cf3-0542d4801249@group-184C33D63214-SegmentedRaftLogWorker: flushIndex: setUnconditionally 0 -> -1
2019-09-18 18:14:23,141 [pool-247-thread-1] INFO  server.RaftServerConfigKeys (ConfUtils.java:logGet(43)) - raft.server.snapshot.auto.trigger.enabled = true (custom)
2019-09-18 18:14:23,141 [pool-247-thread-1] INFO  server.RaftServerConfigKeys (ConfUtils.java:logGet(43)) - raft.server.snapshot.auto.trigger.threshold = 10000 (custom)
2019-09-18 18:14:23,141 [pool-247-thread-1] INFO  server.RaftServerConfigKeys (ConfUtils.java:logGet(43)) - raft.server.snapshot.retention.num.files = 5 (custom)
2019-09-18 18:14:23,141 [pool-247-thread-1] INFO  server.RaftServerConfigKeys (ConfUtils.java:logGet(43)) - raft.server.retrycache.expirytime = 600000ms (custom)
2019-09-18 18:14:23,144 [pool-247-thread-1] INFO  impl.RaftServerImpl (RaftServerImpl.java:start(185)) - a0ee338e-7f4e-4050-9cf3-0542d4801249@group-184C33D63214: start as a follower, conf=-1: [a0ee338e-7f4e-4050-9cf3-0542d4801249:192.168.5.179:38369], old=null
2019-09-18 18:14:23,144 [pool-247-thread-1] INFO  impl.RaftServerImpl (RaftServerImpl.java:setRole(174)) - a0ee338e-7f4e-4050-9cf3-0542d4801249@group-184C33D63214: changes role from      null to FOLLOWER at term 0 for startAsFollower
2019-09-18 18:14:23,144 [pool-247-thread-1] INFO  impl.RoleInfo (RoleInfo.java:updateAndGet(143)) - a0ee338e-7f4e-4050-9cf3-0542d4801249: start FollowerState
2019-09-18 18:14:23,145 [pool-247-thread-1] INFO  util.JmxRegister (JmxRegister.java:tryRegister(44)) - Successfully registered JMX Bean with object name Ratis:service=RaftServer,group=group-184C33D63214,id=a0ee338e-7f4e-4050-9cf3-0542d4801249
2019-09-18 18:14:23,150 [RatisPipelineUtilsThread] INFO  pipeline.PipelineStateManager (PipelineStateManager.java:addPipeline(56)) - Created pipeline Pipeline[ Id: b6efe115-4e79-4fa2-807a-184c33d63214, Nodes: a0ee338e-7f4e-4050-9cf3-0542d4801249{ip: 192.168.5.179, host: pr-hdds-2020-dv54p-77741726, networkLocation: /default-rack, certSerialId: null}, Type:RATIS, Factor:ONE, State:OPEN]
2019-09-18 18:14:23,167 [grpc-default-executor-1] INFO  impl.RaftServerProxy (RaftServerProxy.java:addNew(89)) - 9af89336-6d5d-4d28-b237-6b13fc6491ad: addNew group-B6CD2755779B:[9af89336-6d5d-4d28-b237-6b13fc6491ad:192.168.5.179:35356] returns group-B6CD2755779B:java.util.concurrent.CompletableFuture@6d2dc304[Not completed]
2019-09-18 18:14:23,168 [pool-257-thread-1] INFO  impl.RaftServerImpl (RaftServerImpl.java:<init>(95)) - 9af89336-6d5d-4d28-b237-6b13fc6491ad: new RaftServerImpl for group-B6CD2755779B:[9af89336-6d5d-4d28-b237-6b13fc6491ad:192.168.5.179:35356] with ContainerStateMachine:uninitialized
2019-09-18 18:14:23,168 [pool-257-thread-1] INFO  server.RaftServerConfigKeys (ConfUtils.java:logGet(43)) - raft.server.rpc.timeout.min = 5s (custom)
2019-09-18 18:14:23,169 [pool-257-thread-1] INFO  server.RaftServerConfigKeys (ConfUtils.java:logGet(43)) - raft.server.rpc.timeout.max = 5200ms (custom)
2019-09-18 18:14:23,169 [pool-257-thread-1] INFO  server.RaftServerConfigKeys (ConfUtils.java:logGet(43)) - raft.server.rpcslowness.timeout = 120s (custom)
2019-09-18 18:14:23,169 [pool-257-thread-1] INFO  server.RaftServerConfigKeys (ConfUtils.java:logGet(43)) - raft.server.sleep.deviation.threshold = 300 (default)
2019-09-18 18:14:23,169 [pool-257-thread-1] INFO  server.RaftServerConfigKeys (ConfUtils.java:logGet(43)) - raft.server.log.appender.install.snapshot.enabled = false (custom)
2019-09-18 18:14:23,169 [pool-257-thread-1] INFO  impl.RaftServerImpl (ServerState.java:<init>(103)) - 9af89336-6d5d-4d28-b237-6b13fc6491ad@group-B6CD2755779B: ConfigurationManager, init=-1: [9af89336-6d5d-4d28-b237-6b13fc6491ad:192.168.5.179:35356], old=null, confs=<EMPTY_MAP>
2019-09-18 18:14:23,169 [pool-257-thread-1] INFO  server.RaftServerConfigKeys (ConfUtils.java:logGet(43)) - raft.server.storage.dir = [/workdir/hadoop-ozone/integration-test/target/test-dir/MiniOzoneClusterImpl-af65669b-47b0-4744-a6c7-6ec9173b390b/datanode-5/data/ratis] (custom)
2019-09-18 18:14:23,169 [pool-257-thread-1] INFO  storage.RaftStorageDirectory (RaftStorageDirectory.java:analyzeStorage(246)) - The storage directory /workdir/hadoop-ozone/integration-test/target/test-dir/MiniOzoneClusterImpl-af65669b-47b0-4744-a6c7-6ec9173b390b/datanode-5/data/ratis/693561a8-4729-4dae-b6c1-b6cd2755779b does not exist. Creating ...
2019-09-18 18:14:23,190 [pool-257-thread-1] INFO  storage.RaftStorageDirectory (RaftStorageDirectory.java:tryLock(328)) - Lock on /workdir/hadoop-ozone/integration-test/target/test-dir/MiniOzoneClusterImpl-af65669b-47b0-4744-a6c7-6ec9173b390b/datanode-5/data/ratis/693561a8-4729-4dae-b6c1-b6cd2755779b/in_use.lock acquired by nodename 23999@pr-hdds-2020-dv54p-77741726
2019-09-18 18:14:23,207 [pool-257-thread-1] INFO  storage.RaftStorage (RaftStorage.java:format(72)) - Storage directory /workdir/hadoop-ozone/integration-test/target/test-dir/MiniOzoneClusterImpl-af65669b-47b0-4744-a6c7-6ec9173b390b/datanode-5/data/ratis/693561a8-4729-4dae-b6c1-b6cd2755779b has been successfully formatted.
2019-09-18 18:14:23,207 [pool-257-thread-1] INFO  ratis.ContainerStateMachine (ContainerStateMachine.java:loadSnapshot(230)) - group-B6CD2755779B: The snapshot info is null. Setting the last applied indexto:(t:0, i:~)
2019-09-18 18:14:23,207 [pool-257-thread-1] INFO  server.RaftServerConfigKeys (ConfUtils.java:logGet(43)) - raft.server.notification.no-leader.timeout = 120s (custom)
2019-09-18 18:14:23,208 [pool-257-thread-1] INFO  server.RaftServerConfigKeys (ConfUtils.java:logGet(43)) - raft.server.log.use.memory = false (default)
2019-09-18 18:14:23,208 [pool-257-thread-1] INFO  server.RaftServerConfigKeys (ConfUtils.java:logGet(43)) - raft.server.log.purge.gap = 1000000 (custom)
2019-09-18 18:14:23,208 [pool-257-thread-1] INFO  server.RaftServerConfigKeys (ConfUtils.java:logGet(43)) - raft.server.log.appender.buffer.byte-limit = 33554432 (custom)
2019-09-18 18:14:23,208 [pool-257-thread-1] INFO  server.RaftServerConfigKeys (ConfUtils.java:logGet(43)) - raft.server.log.segment.size.max = 1048576 (custom)
2019-09-18 18:14:23,208 [pool-257-thread-1] INFO  server.RaftServerConfigKeys (ConfUtils.java:logGet(43)) - raft.server.log.segment.cache.num.max = 2 (custom)
2019-09-18 18:14:23,208 [pool-257-thread-1] INFO  segmented.SegmentedRaftLogWorker (SegmentedRaftLogWorker.java:<init>(172)) - new 9af89336-6d5d-4d28-b237-6b13fc6491ad@group-B6CD2755779B-SegmentedRaftLogWorker for RaftStorage:Storage Directory /workdir/hadoop-ozone/integration-test/target/test-dir/MiniOzoneClusterImpl-af65669b-47b0-4744-a6c7-6ec9173b390b/datanode-5/data/ratis/693561a8-4729-4dae-b6c1-b6cd2755779b
2019-09-18 18:14:23,210 [pool-257-thread-1] INFO  server.RaftServerConfigKeys (ConfUtils.java:logGet(43)) - raft.server.log.queue.byte-limit = 2147483647 (custom)
2019-09-18 18:14:23,210 [pool-257-thread-1] INFO  server.RaftServerConfigKeys (ConfUtils.java:logGet(43)) - raft.server.log.queue.element-limit = 1024 (custom)
2019-09-18 18:14:23,210 [pool-257-thread-1] INFO  server.RaftServerConfigKeys (ConfUtils.java:logGet(43)) - raft.server.log.segment.size.max = 1048576 (custom)
2019-09-18 18:14:23,211 [pool-257-thread-1] INFO  server.RaftServerConfigKeys (ConfUtils.java:logGet(43)) - raft.server.log.preallocated.size = 16384 (custom)
2019-09-18 18:14:23,211 [pool-257-thread-1] INFO  server.RaftServerConfigKeys (ConfUtils.java:logGet(43)) - raft.server.log.write.buffer.size = 33554432 (custom)
2019-09-18 18:14:23,211 [pool-257-thread-1] INFO  server.RaftServerConfigKeys (ConfUtils.java:logGet(43)) - raft.server.log.force.sync.num = 128 (default)
2019-09-18 18:14:23,211 [pool-257-thread-1] INFO  server.RaftServerConfigKeys (ConfUtils.java:logGet(43)) - raft.server.log.statemachine.data.sync = true (default)
2019-09-18 18:14:23,211 [pool-257-thread-1] INFO  server.RaftServerConfigKeys (ConfUtils.java:logGet(43)) - raft.server.log.statemachine.data.sync.timeout = 10s (default)
2019-09-18 18:14:23,211 [pool-257-thread-1] INFO  server.RaftServerConfigKeys (ConfUtils.java:logGet(43)) - raft.server.log.statemachine.data.sync.timeout.retry = -1 (default)
2019-09-18 18:14:23,211 [pool-257-thread-1] INFO  server.RaftServerConfigKeys (ConfUtils.java:logGet(43)) - raft.server.log.statemachine.data.caching.enabled = true (custom)
2019-09-18 18:14:23,212 [pool-257-thread-1] INFO  segmented.SegmentedRaftLogWorker (SegmentedRaftLogWorker.java:lambda$new$0(132)) - 9af89336-6d5d-4d28-b237-6b13fc6491ad@group-B6CD2755779B-SegmentedRaftLogWorker: flushIndex: setUnconditionally 0 -> -1
2019-09-18 18:14:23,212 [pool-257-thread-1] INFO  server.RaftServerConfigKeys (ConfUtils.java:logGet(43)) - raft.server.snapshot.auto.trigger.enabled = true (custom)
2019-09-18 18:14:23,212 [pool-257-thread-1] INFO  server.RaftServerConfigKeys (ConfUtils.java:logGet(43)) - raft.server.snapshot.auto.trigger.threshold = 10000 (custom)
2019-09-18 18:14:23,212 [pool-257-thread-1] INFO  server.RaftServerConfigKeys (ConfUtils.java:logGet(43)) - raft.server.snapshot.retention.num.files = 5 (custom)
2019-09-18 18:14:23,212 [pool-257-thread-1] INFO  server.RaftServerConfigKeys (ConfUtils.java:logGet(43)) - raft.server.retrycache.expirytime = 600000ms (custom)
2019-09-18 18:14:23,214 [pool-257-thread-1] INFO  impl.RaftServerImpl (RaftServerImpl.java:start(185)) - 9af89336-6d5d-4d28-b237-6b13fc6491ad@group-B6CD2755779B: start as a follower, conf=-1: [9af89336-6d5d-4d28-b237-6b13fc6491ad:192.168.5.179:35356], old=null
2019-09-18 18:14:23,214 [pool-257-thread-1] INFO  impl.RaftServerImpl (RaftServerImpl.java:setRole(174)) - 9af89336-6d5d-4d28-b237-6b13fc6491ad@group-B6CD2755779B: changes role from      null to FOLLOWER at term 0 for startAsFollower
2019-09-18 18:14:23,214 [pool-257-thread-1] INFO  impl.RoleInfo (RoleInfo.java:updateAndGet(143)) - 9af89336-6d5d-4d28-b237-6b13fc6491ad: start FollowerState
2019-09-18 18:14:23,214 [pool-257-thread-1] INFO  util.JmxRegister (JmxRegister.java:tryRegister(44)) - Successfully registered JMX Bean with object name Ratis:service=RaftServer,group=group-B6CD2755779B,id=9af89336-6d5d-4d28-b237-6b13fc6491ad
2019-09-18 18:14:23,220 [RatisPipelineUtilsThread] INFO  pipeline.PipelineStateManager (PipelineStateManager.java:addPipeline(56)) - Created pipeline Pipeline[ Id: 693561a8-4729-4dae-b6c1-b6cd2755779b, Nodes: 9af89336-6d5d-4d28-b237-6b13fc6491ad{ip: 192.168.5.179, host: pr-hdds-2020-dv54p-77741726, networkLocation: /default-rack, certSerialId: null}, Type:RATIS, Factor:ONE, State:OPEN]
2019-09-18 18:14:23,231 [grpc-default-executor-1] INFO  impl.RaftServerProxy (RaftServerProxy.java:addNew(89)) - c7e18c42-0f84-4acb-9075-692450bbb0ea: addNew group-18AA96EFB30D:[c7e18c42-0f84-4acb-9075-692450bbb0ea:192.168.5.179:43684] returns group-18AA96EFB30D:java.util.concurrent.CompletableFuture@44ad8326[Not completed]
2019-09-18 18:14:23,233 [pool-267-thread-1] INFO  impl.RaftServerImpl (RaftServerImpl.java:<init>(95)) - c7e18c42-0f84-4acb-9075-692450bbb0ea: new RaftServerImpl for group-18AA96EFB30D:[c7e18c42-0f84-4acb-9075-692450bbb0ea:192.168.5.179:43684] with ContainerStateMachine:uninitialized
2019-09-18 18:14:23,233 [pool-267-thread-1] INFO  server.RaftServerConfigKeys (ConfUtils.java:logGet(43)) - raft.server.rpc.timeout.min = 5s (custom)
2019-09-18 18:14:23,233 [pool-267-thread-1] INFO  server.RaftServerConfigKeys (ConfUtils.java:logGet(43)) - raft.server.rpc.timeout.max = 5200ms (custom)
2019-09-18 18:14:23,233 [pool-267-thread-1] INFO  server.RaftServerConfigKeys (ConfUtils.java:logGet(43)) - raft.server.rpcslowness.timeout = 120s (custom)
2019-09-18 18:14:23,233 [pool-267-thread-1] INFO  server.RaftServerConfigKeys (ConfUtils.java:logGet(43)) - raft.server.sleep.deviation.threshold = 300 (default)
2019-09-18 18:14:23,234 [pool-267-thread-1] INFO  server.RaftServerConfigKeys (ConfUtils.java:logGet(43)) - raft.server.log.appender.install.snapshot.enabled = false (custom)
2019-09-18 18:14:23,234 [pool-267-thread-1] INFO  impl.RaftServerImpl (ServerState.java:<init>(103)) - c7e18c42-0f84-4acb-9075-692450bbb0ea@group-18AA96EFB30D: ConfigurationManager, init=-1: [c7e18c42-0f84-4acb-9075-692450bbb0ea:192.168.5.179:43684], old=null, confs=<EMPTY_MAP>
2019-09-18 18:14:23,234 [pool-267-thread-1] INFO  server.RaftServerConfigKeys (ConfUtils.java:logGet(43)) - raft.server.storage.dir = [/workdir/hadoop-ozone/integration-test/target/test-dir/MiniOzoneClusterImpl-af65669b-47b0-4744-a6c7-6ec9173b390b/datanode-6/data/ratis] (custom)
2019-09-18 18:14:23,235 [pool-267-thread-1] INFO  storage.RaftStorageDirectory (RaftStorageDirectory.java:analyzeStorage(246)) - The storage directory /workdir/hadoop-ozone/integration-test/target/test-dir/MiniOzoneClusterImpl-af65669b-47b0-4744-a6c7-6ec9173b390b/datanode-6/data/ratis/b0557608-c7a5-487c-afcd-18aa96efb30d does not exist. Creating ...
2019-09-18 18:14:23,249 [pool-267-thread-1] INFO  storage.RaftStorageDirectory (RaftStorageDirectory.java:tryLock(328)) - Lock on /workdir/hadoop-ozone/integration-test/target/test-dir/MiniOzoneClusterImpl-af65669b-47b0-4744-a6c7-6ec9173b390b/datanode-6/data/ratis/b0557608-c7a5-487c-afcd-18aa96efb30d/in_use.lock acquired by nodename 23999@pr-hdds-2020-dv54p-77741726
2019-09-18 18:14:23,266 [pool-267-thread-1] INFO  storage.RaftStorage (RaftStorage.java:format(72)) - Storage directory /workdir/hadoop-ozone/integration-test/target/test-dir/MiniOzoneClusterImpl-af65669b-47b0-4744-a6c7-6ec9173b390b/datanode-6/data/ratis/b0557608-c7a5-487c-afcd-18aa96efb30d has been successfully formatted.
2019-09-18 18:14:23,267 [pool-267-thread-1] INFO  ratis.ContainerStateMachine (ContainerStateMachine.java:loadSnapshot(230)) - group-18AA96EFB30D: The snapshot info is null. Setting the last applied indexto:(t:0, i:~)
2019-09-18 18:14:23,267 [pool-267-thread-1] INFO  server.RaftServerConfigKeys (ConfUtils.java:logGet(43)) - raft.server.notification.no-leader.timeout = 120s (custom)
2019-09-18 18:14:23,267 [pool-267-thread-1] INFO  server.RaftServerConfigKeys (ConfUtils.java:logGet(43)) - raft.server.log.use.memory = false (default)
2019-09-18 18:14:23,268 [pool-267-thread-1] INFO  server.RaftServerConfigKeys (ConfUtils.java:logGet(43)) - raft.server.log.purge.gap = 1000000 (custom)
2019-09-18 18:14:23,268 [pool-267-thread-1] INFO  server.RaftServerConfigKeys (ConfUtils.java:logGet(43)) - raft.server.log.appender.buffer.byte-limit = 33554432 (custom)
2019-09-18 18:14:23,268 [pool-267-thread-1] INFO  server.RaftServerConfigKeys (ConfUtils.java:logGet(43)) - raft.server.log.segment.size.max = 1048576 (custom)
2019-09-18 18:14:23,269 [pool-267-thread-1] INFO  server.RaftServerConfigKeys (ConfUtils.java:logGet(43)) - raft.server.log.segment.cache.num.max = 2 (custom)
2019-09-18 18:14:23,269 [pool-267-thread-1] INFO  segmented.SegmentedRaftLogWorker (SegmentedRaftLogWorker.java:<init>(172)) - new c7e18c42-0f84-4acb-9075-692450bbb0ea@group-18AA96EFB30D-SegmentedRaftLogWorker for RaftStorage:Storage Directory /workdir/hadoop-ozone/integration-test/target/test-dir/MiniOzoneClusterImpl-af65669b-47b0-4744-a6c7-6ec9173b390b/datanode-6/data/ratis/b0557608-c7a5-487c-afcd-18aa96efb30d
2019-09-18 18:14:23,272 [pool-267-thread-1] INFO  server.RaftServerConfigKeys (ConfUtils.java:logGet(43)) - raft.server.log.queue.byte-limit = 2147483647 (custom)
2019-09-18 18:14:23,272 [pool-267-thread-1] INFO  server.RaftServerConfigKeys (ConfUtils.java:logGet(43)) - raft.server.log.queue.element-limit = 1024 (custom)
2019-09-18 18:14:23,272 [pool-267-thread-1] INFO  server.RaftServerConfigKeys (ConfUtils.java:logGet(43)) - raft.server.log.segment.size.max = 1048576 (custom)
2019-09-18 18:14:23,272 [pool-267-thread-1] INFO  server.RaftServerConfigKeys (ConfUtils.java:logGet(43)) - raft.server.log.preallocated.size = 16384 (custom)
2019-09-18 18:14:23,272 [pool-267-thread-1] INFO  server.RaftServerConfigKeys (ConfUtils.java:logGet(43)) - raft.server.log.write.buffer.size = 33554432 (custom)
2019-09-18 18:14:23,272 [pool-267-thread-1] INFO  server.RaftServerConfigKeys (ConfUtils.java:logGet(43)) - raft.server.log.force.sync.num = 128 (default)
2019-09-18 18:14:23,272 [pool-267-thread-1] INFO  server.RaftServerConfigKeys (ConfUtils.java:logGet(43)) - raft.server.log.statemachine.data.sync = true (default)
2019-09-18 18:14:23,273 [pool-267-thread-1] INFO  server.RaftServerConfigKeys (ConfUtils.java:logGet(43)) - raft.server.log.statemachine.data.sync.timeout = 10s (default)
2019-09-18 18:14:23,273 [pool-267-thread-1] INFO  server.RaftServerConfigKeys (ConfUtils.java:logGet(43)) - raft.server.log.statemachine.data.sync.timeout.retry = -1 (default)
2019-09-18 18:14:23,273 [pool-267-thread-1] INFO  server.RaftServerConfigKeys (ConfUtils.java:logGet(43)) - raft.server.log.statemachine.data.caching.enabled = true (custom)
2019-09-18 18:14:23,273 [pool-267-thread-1] INFO  segmented.SegmentedRaftLogWorker (SegmentedRaftLogWorker.java:lambda$new$0(132)) - c7e18c42-0f84-4acb-9075-692450bbb0ea@group-18AA96EFB30D-SegmentedRaftLogWorker: flushIndex: setUnconditionally 0 -> -1
2019-09-18 18:14:23,274 [pool-267-thread-1] INFO  server.RaftServerConfigKeys (ConfUtils.java:logGet(43)) - raft.server.snapshot.auto.trigger.enabled = true (custom)
2019-09-18 18:14:23,274 [pool-267-thread-1] INFO  server.RaftServerConfigKeys (ConfUtils.java:logGet(43)) - raft.server.snapshot.auto.trigger.threshold = 10000 (custom)
2019-09-18 18:14:23,274 [pool-267-thread-1] INFO  server.RaftServerConfigKeys (ConfUtils.java:logGet(43)) - raft.server.snapshot.retention.num.files = 5 (custom)
2019-09-18 18:14:23,274 [pool-267-thread-1] INFO  server.RaftServerConfigKeys (ConfUtils.java:logGet(43)) - raft.server.retrycache.expirytime = 600000ms (custom)
2019-09-18 18:14:23,276 [pool-267-thread-1] INFO  impl.RaftServerImpl (RaftServerImpl.java:start(185)) - c7e18c42-0f84-4acb-9075-692450bbb0ea@group-18AA96EFB30D: start as a follower, conf=-1: [c7e18c42-0f84-4acb-9075-692450bbb0ea:192.168.5.179:43684], old=null
2019-09-18 18:14:23,276 [pool-267-thread-1] INFO  impl.RaftServerImpl (RaftServerImpl.java:setRole(174)) - c7e18c42-0f84-4acb-9075-692450bbb0ea@group-18AA96EFB30D: changes role from      null to FOLLOWER at term 0 for startAsFollower
2019-09-18 18:14:23,276 [pool-267-thread-1] INFO  impl.RoleInfo (RoleInfo.java:updateAndGet(143)) - c7e18c42-0f84-4acb-9075-692450bbb0ea: start FollowerState
2019-09-18 18:14:23,277 [pool-267-thread-1] INFO  util.JmxRegister (JmxRegister.java:tryRegister(44)) - Successfully registered JMX Bean with object name Ratis:service=RaftServer,group=group-18AA96EFB30D,id=c7e18c42-0f84-4acb-9075-692450bbb0ea
2019-09-18 18:14:23,282 [RatisPipelineUtilsThread] INFO  pipeline.PipelineStateManager (PipelineStateManager.java:addPipeline(56)) - Created pipeline Pipeline[ Id: b0557608-c7a5-487c-afcd-18aa96efb30d, Nodes: c7e18c42-0f84-4acb-9075-692450bbb0ea{ip: 192.168.5.179, host: pr-hdds-2020-dv54p-77741726, networkLocation: /default-rack, certSerialId: null}, Type:RATIS, Factor:ONE, State:OPEN]
2019-09-18 18:14:23,293 [grpc-default-executor-0] INFO  impl.RaftServerProxy (RaftServerProxy.java:addNew(89)) - a0ee338e-7f4e-4050-9cf3-0542d4801249: addNew group-BA32039417FB:[a0ee338e-7f4e-4050-9cf3-0542d4801249:192.168.5.179:38369, 9af89336-6d5d-4d28-b237-6b13fc6491ad:192.168.5.179:35356, 3ef7a417-ae63-496d-bb71-db4e5393a166:192.168.5.179:40755] returns group-BA32039417FB:java.util.concurrent.CompletableFuture@10e30082[Not completed]
2019-09-18 18:14:23,297 [grpc-default-executor-0] INFO  impl.RaftServerProxy (RaftServerProxy.java:addNew(89)) - 9af89336-6d5d-4d28-b237-6b13fc6491ad: addNew group-BA32039417FB:[a0ee338e-7f4e-4050-9cf3-0542d4801249:192.168.5.179:38369, 9af89336-6d5d-4d28-b237-6b13fc6491ad:192.168.5.179:35356, 3ef7a417-ae63-496d-bb71-db4e5393a166:192.168.5.179:40755] returns group-BA32039417FB:java.util.concurrent.CompletableFuture@595cdbae[Not completed]
2019-09-18 18:14:23,300 [grpc-default-executor-5] INFO  impl.RaftServerProxy (RaftServerProxy.java:addNew(89)) - 3ef7a417-ae63-496d-bb71-db4e5393a166: addNew group-BA32039417FB:[a0ee338e-7f4e-4050-9cf3-0542d4801249:192.168.5.179:38369, 9af89336-6d5d-4d28-b237-6b13fc6491ad:192.168.5.179:35356, 3ef7a417-ae63-496d-bb71-db4e5393a166:192.168.5.179:40755] returns group-BA32039417FB:java.util.concurrent.CompletableFuture@2caed1b8[Not completed]
2019-09-18 18:14:23,301 [pool-247-thread-1] INFO  impl.RaftServerImpl (RaftServerImpl.java:<init>(95)) - a0ee338e-7f4e-4050-9cf3-0542d4801249: new RaftServerImpl for group-BA32039417FB:[a0ee338e-7f4e-4050-9cf3-0542d4801249:192.168.5.179:38369, 9af89336-6d5d-4d28-b237-6b13fc6491ad:192.168.5.179:35356, 3ef7a417-ae63-496d-bb71-db4e5393a166:192.168.5.179:40755] with ContainerStateMachine:uninitialized
2019-09-18 18:14:23,301 [pool-247-thread-1] INFO  server.RaftServerConfigKeys (ConfUtils.java:logGet(43)) - raft.server.rpc.timeout.min = 5s (custom)
2019-09-18 18:14:23,301 [pool-247-thread-1] INFO  server.RaftServerConfigKeys (ConfUtils.java:logGet(43)) - raft.server.rpc.timeout.max = 5200ms (custom)
2019-09-18 18:14:23,301 [pool-247-thread-1] INFO  server.RaftServerConfigKeys (ConfUtils.java:logGet(43)) - raft.server.rpcslowness.timeout = 120s (custom)
2019-09-18 18:14:23,302 [pool-247-thread-1] INFO  server.RaftServerConfigKeys (ConfUtils.java:logGet(43)) - raft.server.sleep.deviation.threshold = 300 (default)
2019-09-18 18:14:23,302 [pool-247-thread-1] INFO  server.RaftServerConfigKeys (ConfUtils.java:logGet(43)) - raft.server.log.appender.install.snapshot.enabled = false (custom)
2019-09-18 18:14:23,302 [pool-217-thread-1] INFO  impl.RaftServerImpl (RaftServerImpl.java:<init>(95)) - 3ef7a417-ae63-496d-bb71-db4e5393a166: new RaftServerImpl for group-BA32039417FB:[a0ee338e-7f4e-4050-9cf3-0542d4801249:192.168.5.179:38369, 9af89336-6d5d-4d28-b237-6b13fc6491ad:192.168.5.179:35356, 3ef7a417-ae63-496d-bb71-db4e5393a166:192.168.5.179:40755] with ContainerStateMachine:uninitialized
2019-09-18 18:14:23,302 [pool-247-thread-1] INFO  impl.RaftServerImpl (ServerState.java:<init>(103)) - a0ee338e-7f4e-4050-9cf3-0542d4801249@group-BA32039417FB: ConfigurationManager, init=-1: [a0ee338e-7f4e-4050-9cf3-0542d4801249:192.168.5.179:38369, 9af89336-6d5d-4d28-b237-6b13fc6491ad:192.168.5.179:35356, 3ef7a417-ae63-496d-bb71-db4e5393a166:192.168.5.179:40755], old=null, confs=<EMPTY_MAP>
2019-09-18 18:14:23,302 [pool-217-thread-1] INFO  server.RaftServerConfigKeys (ConfUtils.java:logGet(43)) - raft.server.rpc.timeout.min = 5s (custom)
2019-09-18 18:14:23,302 [pool-247-thread-1] INFO  server.RaftServerConfigKeys (ConfUtils.java:logGet(43)) - raft.server.storage.dir = [/workdir/hadoop-ozone/integration-test/target/test-dir/MiniOzoneClusterImpl-af65669b-47b0-4744-a6c7-6ec9173b390b/datanode-4/data/ratis] (custom)
2019-09-18 18:14:23,302 [pool-217-thread-1] INFO  server.RaftServerConfigKeys (ConfUtils.java:logGet(43)) - raft.server.rpc.timeout.max = 5200ms (custom)
2019-09-18 18:14:23,303 [pool-217-thread-1] INFO  server.RaftServerConfigKeys (ConfUtils.java:logGet(43)) - raft.server.rpcslowness.timeout = 120s (custom)
2019-09-18 18:14:23,303 [pool-247-thread-1] INFO  storage.RaftStorageDirectory (RaftStorageDirectory.java:analyzeStorage(246)) - The storage directory /workdir/hadoop-ozone/integration-test/target/test-dir/MiniOzoneClusterImpl-af65669b-47b0-4744-a6c7-6ec9173b390b/datanode-4/data/ratis/57da6657-5188-4e1c-8367-ba32039417fb does not exist. Creating ...
2019-09-18 18:14:23,303 [pool-217-thread-1] INFO  server.RaftServerConfigKeys (ConfUtils.java:logGet(43)) - raft.server.sleep.deviation.threshold = 300 (default)
2019-09-18 18:14:23,303 [pool-257-thread-1] INFO  impl.RaftServerImpl (RaftServerImpl.java:<init>(95)) - 9af89336-6d5d-4d28-b237-6b13fc6491ad: new RaftServerImpl for group-BA32039417FB:[a0ee338e-7f4e-4050-9cf3-0542d4801249:192.168.5.179:38369, 9af89336-6d5d-4d28-b237-6b13fc6491ad:192.168.5.179:35356, 3ef7a417-ae63-496d-bb71-db4e5393a166:192.168.5.179:40755] with ContainerStateMachine:uninitialized
2019-09-18 18:14:23,303 [pool-217-thread-1] INFO  server.RaftServerConfigKeys (ConfUtils.java:logGet(43)) - raft.server.log.appender.install.snapshot.enabled = false (custom)
2019-09-18 18:14:23,303 [pool-257-thread-1] INFO  server.RaftServerConfigKeys (ConfUtils.java:logGet(43)) - raft.server.rpc.timeout.min = 5s (custom)
2019-09-18 18:14:23,303 [pool-217-thread-1] INFO  impl.RaftServerImpl (ServerState.java:<init>(103)) - 3ef7a417-ae63-496d-bb71-db4e5393a166@group-BA32039417FB: ConfigurationManager, init=-1: [a0ee338e-7f4e-4050-9cf3-0542d4801249:192.168.5.179:38369, 9af89336-6d5d-4d28-b237-6b13fc6491ad:192.168.5.179:35356, 3ef7a417-ae63-496d-bb71-db4e5393a166:192.168.5.179:40755], old=null, confs=<EMPTY_MAP>
2019-09-18 18:14:23,304 [pool-257-thread-1] INFO  server.RaftServerConfigKeys (ConfUtils.java:logGet(43)) - raft.server.rpc.timeout.max = 5200ms (custom)
2019-09-18 18:14:23,304 [pool-217-thread-1] INFO  server.RaftServerConfigKeys (ConfUtils.java:logGet(43)) - raft.server.storage.dir = [/workdir/hadoop-ozone/integration-test/target/test-dir/MiniOzoneClusterImpl-af65669b-47b0-4744-a6c7-6ec9173b390b/datanode-1/data/ratis] (custom)
2019-09-18 18:14:23,304 [pool-257-thread-1] INFO  server.RaftServerConfigKeys (ConfUtils.java:logGet(43)) - raft.server.rpcslowness.timeout = 120s (custom)
2019-09-18 18:14:23,304 [pool-257-thread-1] INFO  server.RaftServerConfigKeys (ConfUtils.java:logGet(43)) - raft.server.sleep.deviation.threshold = 300 (default)
2019-09-18 18:14:23,304 [pool-217-thread-1] INFO  storage.RaftStorageDirectory (RaftStorageDirectory.java:analyzeStorage(246)) - The storage directory /workdir/hadoop-ozone/integration-test/target/test-dir/MiniOzoneClusterImpl-af65669b-47b0-4744-a6c7-6ec9173b390b/datanode-1/data/ratis/57da6657-5188-4e1c-8367-ba32039417fb does not exist. Creating ...
2019-09-18 18:14:23,304 [pool-257-thread-1] INFO  server.RaftServerConfigKeys (ConfUtils.java:logGet(43)) - raft.server.log.appender.install.snapshot.enabled = false (custom)
2019-09-18 18:14:23,304 [pool-257-thread-1] INFO  impl.RaftServerImpl (ServerState.java:<init>(103)) - 9af89336-6d5d-4d28-b237-6b13fc6491ad@group-BA32039417FB: ConfigurationManager, init=-1: [a0ee338e-7f4e-4050-9cf3-0542d4801249:192.168.5.179:38369, 9af89336-6d5d-4d28-b237-6b13fc6491ad:192.168.5.179:35356, 3ef7a417-ae63-496d-bb71-db4e5393a166:192.168.5.179:40755], old=null, confs=<EMPTY_MAP>
2019-09-18 18:14:23,305 [pool-257-thread-1] INFO  server.RaftServerConfigKeys (ConfUtils.java:logGet(43)) - raft.server.storage.dir = [/workdir/hadoop-ozone/integration-test/target/test-dir/MiniOzoneClusterImpl-af65669b-47b0-4744-a6c7-6ec9173b390b/datanode-5/data/ratis] (custom)
2019-09-18 18:14:23,305 [pool-257-thread-1] INFO  storage.RaftStorageDirectory (RaftStorageDirectory.java:analyzeStorage(246)) - The storage directory /workdir/hadoop-ozone/integration-test/target/test-dir/MiniOzoneClusterImpl-af65669b-47b0-4744-a6c7-6ec9173b390b/datanode-5/data/ratis/57da6657-5188-4e1c-8367-ba32039417fb does not exist. Creating ...
2019-09-18 18:14:23,342 [pool-217-thread-1] INFO  storage.RaftStorageDirectory (RaftStorageDirectory.java:tryLock(328)) - Lock on /workdir/hadoop-ozone/integration-test/target/test-dir/MiniOzoneClusterImpl-af65669b-47b0-4744-a6c7-6ec9173b390b/datanode-1/data/ratis/57da6657-5188-4e1c-8367-ba32039417fb/in_use.lock acquired by nodename 23999@pr-hdds-2020-dv54p-77741726
2019-09-18 18:14:23,342 [pool-247-thread-1] INFO  storage.RaftStorageDirectory (RaftStorageDirectory.java:tryLock(328)) - Lock on /workdir/hadoop-ozone/integration-test/target/test-dir/MiniOzoneClusterImpl-af65669b-47b0-4744-a6c7-6ec9173b390b/datanode-4/data/ratis/57da6657-5188-4e1c-8367-ba32039417fb/in_use.lock acquired by nodename 23999@pr-hdds-2020-dv54p-77741726
2019-09-18 18:14:23,342 [pool-257-thread-1] INFO  storage.RaftStorageDirectory (RaftStorageDirectory.java:tryLock(328)) - Lock on /workdir/hadoop-ozone/integration-test/target/test-dir/MiniOzoneClusterImpl-af65669b-47b0-4744-a6c7-6ec9173b390b/datanode-5/data/ratis/57da6657-5188-4e1c-8367-ba32039417fb/in_use.lock acquired by nodename 23999@pr-hdds-2020-dv54p-77741726
2019-09-18 18:14:23,376 [pool-247-thread-1] INFO  storage.RaftStorage (RaftStorage.java:format(72)) - Storage directory /workdir/hadoop-ozone/integration-test/target/test-dir/MiniOzoneClusterImpl-af65669b-47b0-4744-a6c7-6ec9173b390b/datanode-4/data/ratis/57da6657-5188-4e1c-8367-ba32039417fb has been successfully formatted.
2019-09-18 18:14:23,376 [pool-257-thread-1] INFO  storage.RaftStorage (RaftStorage.java:format(72)) - Storage directory /workdir/hadoop-ozone/integration-test/target/test-dir/MiniOzoneClusterImpl-af65669b-47b0-4744-a6c7-6ec9173b390b/datanode-5/data/ratis/57da6657-5188-4e1c-8367-ba32039417fb has been successfully formatted.
2019-09-18 18:14:23,376 [pool-217-thread-1] INFO  storage.RaftStorage (RaftStorage.java:format(72)) - Storage directory /workdir/hadoop-ozone/integration-test/target/test-dir/MiniOzoneClusterImpl-af65669b-47b0-4744-a6c7-6ec9173b390b/datanode-1/data/ratis/57da6657-5188-4e1c-8367-ba32039417fb has been successfully formatted.
2019-09-18 18:14:23,376 [pool-247-thread-1] INFO  ratis.ContainerStateMachine (ContainerStateMachine.java:loadSnapshot(230)) - group-BA32039417FB: The snapshot info is null. Setting the last applied indexto:(t:0, i:~)
2019-09-18 18:14:23,377 [pool-257-thread-1] INFO  ratis.ContainerStateMachine (ContainerStateMachine.java:loadSnapshot(230)) - group-BA32039417FB: The snapshot info is null. Setting the last applied indexto:(t:0, i:~)
2019-09-18 18:14:23,377 [pool-247-thread-1] INFO  server.RaftServerConfigKeys (ConfUtils.java:logGet(43)) - raft.server.notification.no-leader.timeout = 120s (custom)
2019-09-18 18:14:23,377 [pool-217-thread-1] INFO  ratis.ContainerStateMachine (ContainerStateMachine.java:loadSnapshot(230)) - group-BA32039417FB: The snapshot info is null. Setting the last applied indexto:(t:0, i:~)
2019-09-18 18:14:23,377 [pool-247-thread-1] INFO  server.RaftServerConfigKeys (ConfUtils.java:logGet(43)) - raft.server.log.use.memory = false (default)
2019-09-18 18:14:23,377 [pool-257-thread-1] INFO  server.RaftServerConfigKeys (ConfUtils.java:logGet(43)) - raft.server.notification.no-leader.timeout = 120s (custom)
2019-09-18 18:14:23,377 [pool-247-thread-1] INFO  server.RaftServerConfigKeys (ConfUtils.java:logGet(43)) - raft.server.log.purge.gap = 1000000 (custom)
2019-09-18 18:14:23,377 [pool-217-thread-1] INFO  server.RaftServerConfigKeys (ConfUtils.java:logGet(43)) - raft.server.notification.no-leader.timeout = 120s (custom)
2019-09-18 18:14:23,378 [pool-247-thread-1] INFO  server.RaftServerConfigKeys (ConfUtils.java:logGet(43)) - raft.server.log.appender.buffer.byte-limit = 33554432 (custom)
2019-09-18 18:14:23,377 [pool-257-thread-1] INFO  server.RaftServerConfigKeys (ConfUtils.java:logGet(43)) - raft.server.log.use.memory = false (default)
2019-09-18 18:14:23,378 [pool-247-thread-1] INFO  server.RaftServerConfigKeys (ConfUtils.java:logGet(43)) - raft.server.log.segment.size.max = 1048576 (custom)
2019-09-18 18:14:23,378 [pool-217-thread-1] INFO  server.RaftServerConfigKeys (ConfUtils.java:logGet(43)) - raft.server.log.use.memory = false (default)
2019-09-18 18:14:23,378 [pool-247-thread-1] INFO  server.RaftServerConfigKeys (ConfUtils.java:logGet(43)) - raft.server.log.segment.cache.num.max = 2 (custom)
2019-09-18 18:14:23,378 [pool-257-thread-1] INFO  server.RaftServerConfigKeys (ConfUtils.java:logGet(43)) - raft.server.log.purge.gap = 1000000 (custom)
2019-09-18 18:14:23,378 [pool-247-thread-1] INFO  segmented.SegmentedRaftLogWorker (SegmentedRaftLogWorker.java:<init>(172)) - new a0ee338e-7f4e-4050-9cf3-0542d4801249@group-BA32039417FB-SegmentedRaftLogWorker for RaftStorage:Storage Directory /workdir/hadoop-ozone/integration-test/target/test-dir/MiniOzoneClusterImpl-af65669b-47b0-4744-a6c7-6ec9173b390b/datanode-4/data/ratis/57da6657-5188-4e1c-8367-ba32039417fb
2019-09-18 18:14:23,378 [pool-217-thread-1] INFO  server.RaftServerConfigKeys (ConfUtils.java:logGet(43)) - raft.server.log.purge.gap = 1000000 (custom)
2019-09-18 18:14:23,379 [pool-247-thread-1] INFO  server.RaftServerConfigKeys (ConfUtils.java:logGet(43)) - raft.server.log.queue.byte-limit = 2147483647 (custom)
2019-09-18 18:14:23,378 [pool-257-thread-1] INFO  server.RaftServerConfigKeys (ConfUtils.java:logGet(43)) - raft.server.log.appender.buffer.byte-limit = 33554432 (custom)
2019-09-18 18:14:23,379 [pool-247-thread-1] INFO  server.RaftServerConfigKeys (ConfUtils.java:logGet(43)) - raft.server.log.queue.element-limit = 1024 (custom)
2019-09-18 18:14:23,379 [pool-217-thread-1] INFO  server.RaftServerConfigKeys (ConfUtils.java:logGet(43)) - raft.server.log.appender.buffer.byte-limit = 33554432 (custom)
2019-09-18 18:14:23,379 [pool-247-thread-1] INFO  server.RaftServerConfigKeys (ConfUtils.java:logGet(43)) - raft.server.log.segment.size.max = 1048576 (custom)
2019-09-18 18:14:23,379 [pool-257-thread-1] INFO  server.RaftServerConfigKeys (ConfUtils.java:logGet(43)) - raft.server.log.segment.size.max = 1048576 (custom)
2019-09-18 18:14:23,379 [pool-247-thread-1] INFO  server.RaftServerConfigKeys (ConfUtils.java:logGet(43)) - raft.server.log.preallocated.size = 16384 (custom)
2019-09-18 18:14:23,379 [pool-217-thread-1] INFO  server.RaftServerConfigKeys (ConfUtils.java:logGet(43)) - raft.server.log.segment.size.max = 1048576 (custom)
2019-09-18 18:14:23,380 [pool-247-thread-1] INFO  server.RaftServerConfigKeys (ConfUtils.java:logGet(43)) - raft.server.log.write.buffer.size = 33554432 (custom)
2019-09-18 18:14:23,380 [pool-257-thread-1] INFO  server.RaftServerConfigKeys (ConfUtils.java:logGet(43)) - raft.server.log.segment.cache.num.max = 2 (custom)
2019-09-18 18:14:23,380 [pool-247-thread-1] INFO  server.RaftServerConfigKeys (ConfUtils.java:logGet(43)) - raft.server.log.force.sync.num = 128 (default)
2019-09-18 18:14:23,380 [pool-217-thread-1] INFO  server.RaftServerConfigKeys (ConfUtils.java:logGet(43)) - raft.server.log.segment.cache.num.max = 2 (custom)
2019-09-18 18:14:23,380 [pool-247-thread-1] INFO  server.RaftServerConfigKeys (ConfUtils.java:logGet(43)) - raft.server.log.statemachine.data.sync = true (default)
2019-09-18 18:14:23,380 [pool-257-thread-1] INFO  segmented.SegmentedRaftLogWorker (SegmentedRaftLogWorker.java:<init>(172)) - new 9af89336-6d5d-4d28-b237-6b13fc6491ad@group-BA32039417FB-SegmentedRaftLogWorker for RaftStorage:Storage Directory /workdir/hadoop-ozone/integration-test/target/test-dir/MiniOzoneClusterImpl-af65669b-47b0-4744-a6c7-6ec9173b390b/datanode-5/data/ratis/57da6657-5188-4e1c-8367-ba32039417fb
2019-09-18 18:14:23,380 [pool-247-thread-1] INFO  server.RaftServerConfigKeys (ConfUtils.java:logGet(43)) - raft.server.log.statemachine.data.sync.timeout = 10s (default)
2019-09-18 18:14:23,380 [pool-217-thread-1] INFO  segmented.SegmentedRaftLogWorker (SegmentedRaftLogWorker.java:<init>(172)) - new 3ef7a417-ae63-496d-bb71-db4e5393a166@group-BA32039417FB-SegmentedRaftLogWorker for RaftStorage:Storage Directory /workdir/hadoop-ozone/integration-test/target/test-dir/MiniOzoneClusterImpl-af65669b-47b0-4744-a6c7-6ec9173b390b/datanode-1/data/ratis/57da6657-5188-4e1c-8367-ba32039417fb
2019-09-18 18:14:23,381 [pool-247-thread-1] INFO  server.RaftServerConfigKeys (ConfUtils.java:logGet(43)) - raft.server.log.statemachine.data.sync.timeout.retry = -1 (default)
2019-09-18 18:14:23,381 [pool-257-thread-1] INFO  server.RaftServerConfigKeys (ConfUtils.java:logGet(43)) - raft.server.log.queue.byte-limit = 2147483647 (custom)
2019-09-18 18:14:23,381 [pool-247-thread-1] INFO  server.RaftServerConfigKeys (ConfUtils.java:logGet(43)) - raft.server.log.statemachine.data.caching.enabled = true (custom)
2019-09-18 18:14:23,381 [pool-217-thread-1] INFO  server.RaftServerConfigKeys (ConfUtils.java:logGet(43)) - raft.server.log.queue.byte-limit = 2147483647 (custom)
2019-09-18 18:14:23,381 [pool-257-thread-1] INFO  server.RaftServerConfigKeys (ConfUtils.java:logGet(43)) - raft.server.log.queue.element-limit = 1024 (custom)
2019-09-18 18:14:23,381 [pool-247-thread-1] INFO  segmented.SegmentedRaftLogWorker (SegmentedRaftLogWorker.java:lambda$new$0(132)) - a0ee338e-7f4e-4050-9cf3-0542d4801249@group-BA32039417FB-SegmentedRaftLogWorker: flushIndex: setUnconditionally 0 -> -1
2019-09-18 18:14:23,381 [pool-217-thread-1] INFO  server.RaftServerConfigKeys (ConfUtils.java:logGet(43)) - raft.server.log.queue.element-limit = 1024 (custom)
2019-09-18 18:14:23,382 [pool-257-thread-1] INFO  server.RaftServerConfigKeys (ConfUtils.java:logGet(43)) - raft.server.log.segment.size.max = 1048576 (custom)
2019-09-18 18:14:23,382 [pool-217-thread-1] INFO  server.RaftServerConfigKeys (ConfUtils.java:logGet(43)) - raft.server.log.segment.size.max = 1048576 (custom)
2019-09-18 18:14:23,382 [pool-247-thread-1] INFO  server.RaftServerConfigKeys (ConfUtils.java:logGet(43)) - raft.server.snapshot.auto.trigger.enabled = true (custom)
2019-09-18 18:14:23,382 [pool-217-thread-1] INFO  server.RaftServerConfigKeys (ConfUtils.java:logGet(43)) - raft.server.log.preallocated.size = 16384 (custom)
2019-09-18 18:14:23,382 [pool-257-thread-1] INFO  server.RaftServerConfigKeys (ConfUtils.java:logGet(43)) - raft.server.log.preallocated.size = 16384 (custom)
2019-09-18 18:14:23,382 [pool-217-thread-1] INFO  server.RaftServerConfigKeys (ConfUtils.java:logGet(43)) - raft.server.log.write.buffer.size = 33554432 (custom)
2019-09-18 18:14:23,382 [pool-247-thread-1] INFO  server.RaftServerConfigKeys (ConfUtils.java:logGet(43)) - raft.server.snapshot.auto.trigger.threshold = 10000 (custom)
2019-09-18 18:14:23,383 [pool-217-thread-1] INFO  server.RaftServerConfigKeys (ConfUtils.java:logGet(43)) - raft.server.log.force.sync.num = 128 (default)
2019-09-18 18:14:23,383 [pool-257-thread-1] INFO  server.RaftServerConfigKeys (ConfUtils.java:logGet(43)) - raft.server.log.write.buffer.size = 33554432 (custom)
2019-09-18 18:14:23,383 [pool-217-thread-1] INFO  server.RaftServerConfigKeys (ConfUtils.java:logGet(43)) - raft.server.log.statemachine.data.sync = true (default)
2019-09-18 18:14:23,383 [pool-247-thread-1] INFO  server.RaftServerConfigKeys (ConfUtils.java:logGet(43)) - raft.server.snapshot.retention.num.files = 5 (custom)
2019-09-18 18:14:23,383 [pool-217-thread-1] INFO  server.RaftServerConfigKeys (ConfUtils.java:logGet(43)) - raft.server.log.statemachine.data.sync.timeout = 10s (default)
2019-09-18 18:14:23,383 [pool-257-thread-1] INFO  server.RaftServerConfigKeys (ConfUtils.java:logGet(43)) - raft.server.log.force.sync.num = 128 (default)
2019-09-18 18:14:23,383 [pool-217-thread-1] INFO  server.RaftServerConfigKeys (ConfUtils.java:logGet(43)) - raft.server.log.statemachine.data.sync.timeout.retry = -1 (default)
2019-09-18 18:14:23,383 [pool-247-thread-1] INFO  server.RaftServerConfigKeys (ConfUtils.java:logGet(43)) - raft.server.retrycache.expirytime = 600000ms (custom)
2019-09-18 18:14:23,384 [pool-217-thread-1] INFO  server.RaftServerConfigKeys (ConfUtils.java:logGet(43)) - raft.server.log.statemachine.data.caching.enabled = true (custom)
2019-09-18 18:14:23,384 [pool-257-thread-1] INFO  server.RaftServerConfigKeys (ConfUtils.java:logGet(43)) - raft.server.log.statemachine.data.sync = true (default)
2019-09-18 18:14:23,384 [pool-217-thread-1] INFO  segmented.SegmentedRaftLogWorker (SegmentedRaftLogWorker.java:lambda$new$0(132)) - 3ef7a417-ae63-496d-bb71-db4e5393a166@group-BA32039417FB-SegmentedRaftLogWorker: flushIndex: setUnconditionally 0 -> -1
2019-09-18 18:14:23,384 [pool-257-thread-1] INFO  server.RaftServerConfigKeys (ConfUtils.java:logGet(43)) - raft.server.log.statemachine.data.sync.timeout = 10s (default)
2019-09-18 18:14:23,385 [pool-217-thread-1] INFO  server.RaftServerConfigKeys (ConfUtils.java:logGet(43)) - raft.server.snapshot.auto.trigger.enabled = true (custom)
2019-09-18 18:14:23,385 [pool-257-thread-1] INFO  server.RaftServerConfigKeys (ConfUtils.java:logGet(43)) - raft.server.log.statemachine.data.sync.timeout.retry = -1 (default)
2019-09-18 18:14:23,385 [pool-217-thread-1] INFO  server.RaftServerConfigKeys (ConfUtils.java:logGet(43)) - raft.server.snapshot.auto.trigger.threshold = 10000 (custom)
2019-09-18 18:14:23,385 [pool-257-thread-1] INFO  server.RaftServerConfigKeys (ConfUtils.java:logGet(43)) - raft.server.log.statemachine.data.caching.enabled = true (custom)
2019-09-18 18:14:23,385 [pool-217-thread-1] INFO  server.RaftServerConfigKeys (ConfUtils.java:logGet(43)) - raft.server.snapshot.retention.num.files = 5 (custom)
2019-09-18 18:14:23,386 [pool-217-thread-1] INFO  server.RaftServerConfigKeys (ConfUtils.java:logGet(43)) - raft.server.retrycache.expirytime = 600000ms (custom)
2019-09-18 18:14:23,386 [pool-257-thread-1] INFO  segmented.SegmentedRaftLogWorker (SegmentedRaftLogWorker.java:lambda$new$0(132)) - 9af89336-6d5d-4d28-b237-6b13fc6491ad@group-BA32039417FB-SegmentedRaftLogWorker: flushIndex: setUnconditionally 0 -> -1
2019-09-18 18:14:23,386 [pool-257-thread-1] INFO  server.RaftServerConfigKeys (ConfUtils.java:logGet(43)) - raft.server.snapshot.auto.trigger.enabled = true (custom)
2019-09-18 18:14:23,386 [pool-257-thread-1] INFO  server.RaftServerConfigKeys (ConfUtils.java:logGet(43)) - raft.server.snapshot.auto.trigger.threshold = 10000 (custom)
2019-09-18 18:14:23,387 [pool-257-thread-1] INFO  server.RaftServerConfigKeys (ConfUtils.java:logGet(43)) - raft.server.snapshot.retention.num.files = 5 (custom)
2019-09-18 18:14:23,387 [pool-257-thread-1] INFO  server.RaftServerConfigKeys (ConfUtils.java:logGet(43)) - raft.server.retrycache.expirytime = 600000ms (custom)
2019-09-18 18:14:23,388 [pool-247-thread-1] INFO  impl.RaftServerImpl (RaftServerImpl.java:start(185)) - a0ee338e-7f4e-4050-9cf3-0542d4801249@group-BA32039417FB: start as a follower, conf=-1: [a0ee338e-7f4e-4050-9cf3-0542d4801249:192.168.5.179:38369, 9af89336-6d5d-4d28-b237-6b13fc6491ad:192.168.5.179:35356, 3ef7a417-ae63-496d-bb71-db4e5393a166:192.168.5.179:40755], old=null
2019-09-18 18:14:23,388 [pool-247-thread-1] INFO  impl.RaftServerImpl (RaftServerImpl.java:setRole(174)) - a0ee338e-7f4e-4050-9cf3-0542d4801249@group-BA32039417FB: changes role from      null to FOLLOWER at term 0 for startAsFollower
2019-09-18 18:14:23,388 [pool-247-thread-1] INFO  impl.RoleInfo (RoleInfo.java:updateAndGet(143)) - a0ee338e-7f4e-4050-9cf3-0542d4801249: start FollowerState
2019-09-18 18:14:23,389 [pool-247-thread-1] INFO  util.JmxRegister (JmxRegister.java:tryRegister(44)) - Successfully registered JMX Bean with object name Ratis:service=RaftServer,group=group-BA32039417FB,id=a0ee338e-7f4e-4050-9cf3-0542d4801249
2019-09-18 18:14:23,390 [pool-217-thread-1] INFO  impl.RaftServerImpl (RaftServerImpl.java:start(185)) - 3ef7a417-ae63-496d-bb71-db4e5393a166@group-BA32039417FB: start as a follower, conf=-1: [a0ee338e-7f4e-4050-9cf3-0542d4801249:192.168.5.179:38369, 9af89336-6d5d-4d28-b237-6b13fc6491ad:192.168.5.179:35356, 3ef7a417-ae63-496d-bb71-db4e5393a166:192.168.5.179:40755], old=null
2019-09-18 18:14:23,390 [pool-217-thread-1] INFO  impl.RaftServerImpl (RaftServerImpl.java:setRole(174)) - 3ef7a417-ae63-496d-bb71-db4e5393a166@group-BA32039417FB: changes role from      null to FOLLOWER at term 0 for startAsFollower
2019-09-18 18:14:23,390 [pool-217-thread-1] INFO  impl.RoleInfo (RoleInfo.java:updateAndGet(143)) - 3ef7a417-ae63-496d-bb71-db4e5393a166: start FollowerState
2019-09-18 18:14:23,393 [pool-217-thread-1] INFO  util.JmxRegister (JmxRegister.java:tryRegister(44)) - Successfully registered JMX Bean with object name Ratis:service=RaftServer,group=group-BA32039417FB,id=3ef7a417-ae63-496d-bb71-db4e5393a166
2019-09-18 18:14:23,397 [pool-257-thread-1] INFO  impl.RaftServerImpl (RaftServerImpl.java:start(185)) - 9af89336-6d5d-4d28-b237-6b13fc6491ad@group-BA32039417FB: start as a follower, conf=-1: [a0ee338e-7f4e-4050-9cf3-0542d4801249:192.168.5.179:38369, 9af89336-6d5d-4d28-b237-6b13fc6491ad:192.168.5.179:35356, 3ef7a417-ae63-496d-bb71-db4e5393a166:192.168.5.179:40755], old=null
2019-09-18 18:14:23,400 [pool-257-thread-1] INFO  impl.RaftServerImpl (RaftServerImpl.java:setRole(174)) - 9af89336-6d5d-4d28-b237-6b13fc6491ad@group-BA32039417FB: changes role from      null to FOLLOWER at term 0 for startAsFollower
2019-09-18 18:14:23,400 [pool-257-thread-1] INFO  impl.RoleInfo (RoleInfo.java:updateAndGet(143)) - 9af89336-6d5d-4d28-b237-6b13fc6491ad: start FollowerState
2019-09-18 18:14:23,401 [pool-257-thread-1] INFO  util.JmxRegister (JmxRegister.java:tryRegister(44)) - Successfully registered JMX Bean with object name Ratis:service=RaftServer,group=group-BA32039417FB,id=9af89336-6d5d-4d28-b237-6b13fc6491ad
2019-09-18 18:14:23,408 [RatisPipelineUtilsThread] INFO  pipeline.PipelineStateManager (PipelineStateManager.java:addPipeline(56)) - Created pipeline Pipeline[ Id: 57da6657-5188-4e1c-8367-ba32039417fb, Nodes: 3ef7a417-ae63-496d-bb71-db4e5393a166{ip: 192.168.5.179, host: pr-hdds-2020-dv54p-77741726, networkLocation: /default-rack, certSerialId: null}a0ee338e-7f4e-4050-9cf3-0542d4801249{ip: 192.168.5.179, host: pr-hdds-2020-dv54p-77741726, networkLocation: /default-rack, certSerialId: null}9af89336-6d5d-4d28-b237-6b13fc6491ad{ip: 192.168.5.179, host: pr-hdds-2020-dv54p-77741726, networkLocation: /default-rack, certSerialId: null}, Type:RATIS, Factor:THREE, State:OPEN]
2019-09-18 18:14:23,427 [grpc-default-executor-1] INFO  impl.RaftServerProxy (RaftServerProxy.java:addNew(89)) - 3a575cb8-02ec-4080-a602-d8df6dca58ac: addNew group-8B6A9A3B1C3D:[0fea6042-f313-47c8-88f5-4fc51eb504bd:192.168.5.179:46857, f33e9dde-5d49-4009-9083-c5ac57e5d421:192.168.5.179:37115, 3a575cb8-02ec-4080-a602-d8df6dca58ac:192.168.5.179:43209] returns group-8B6A9A3B1C3D:java.util.concurrent.CompletableFuture@73c7346a[Not completed]
2019-09-18 18:14:23,427 [grpc-default-executor-0] INFO  impl.RaftServerProxy (RaftServerProxy.java:addNew(89)) - 0fea6042-f313-47c8-88f5-4fc51eb504bd: addNew group-8B6A9A3B1C3D:[0fea6042-f313-47c8-88f5-4fc51eb504bd:192.168.5.179:46857, f33e9dde-5d49-4009-9083-c5ac57e5d421:192.168.5.179:37115, 3a575cb8-02ec-4080-a602-d8df6dca58ac:192.168.5.179:43209] returns group-8B6A9A3B1C3D:java.util.concurrent.CompletableFuture@5fa90130[Not completed]
2019-09-18 18:14:23,428 [grpc-default-executor-5] INFO  impl.RaftServerProxy (RaftServerProxy.java:addNew(89)) - f33e9dde-5d49-4009-9083-c5ac57e5d421: addNew group-8B6A9A3B1C3D:[0fea6042-f313-47c8-88f5-4fc51eb504bd:192.168.5.179:46857, f33e9dde-5d49-4009-9083-c5ac57e5d421:192.168.5.179:37115, 3a575cb8-02ec-4080-a602-d8df6dca58ac:192.168.5.179:43209] returns group-8B6A9A3B1C3D:java.util.concurrent.CompletableFuture@6f50b845[Not completed]
2019-09-18 18:14:23,429 [pool-237-thread-1] INFO  impl.RaftServerImpl (RaftServerImpl.java:<init>(95)) - 3a575cb8-02ec-4080-a602-d8df6dca58ac: new RaftServerImpl for group-8B6A9A3B1C3D:[0fea6042-f313-47c8-88f5-4fc51eb504bd:192.168.5.179:46857, f33e9dde-5d49-4009-9083-c5ac57e5d421:192.168.5.179:37115, 3a575cb8-02ec-4080-a602-d8df6dca58ac:192.168.5.179:43209] with ContainerStateMachine:uninitialized
2019-09-18 18:14:23,429 [pool-237-thread-1] INFO  server.RaftServerConfigKeys (ConfUtils.java:logGet(43)) - raft.server.rpc.timeout.min = 5s (custom)
2019-09-18 18:14:23,430 [pool-237-thread-1] INFO  server.RaftServerConfigKeys (ConfUtils.java:logGet(43)) - raft.server.rpc.timeout.max = 5200ms (custom)
2019-09-18 18:14:23,430 [pool-237-thread-1] INFO  server.RaftServerConfigKeys (ConfUtils.java:logGet(43)) - raft.server.rpcslowness.timeout = 120s (custom)
2019-09-18 18:14:23,430 [pool-237-thread-1] INFO  server.RaftServerConfigKeys (ConfUtils.java:logGet(43)) - raft.server.sleep.deviation.threshold = 300 (default)
2019-09-18 18:14:23,430 [pool-237-thread-1] INFO  server.RaftServerConfigKeys (ConfUtils.java:logGet(43)) - raft.server.log.appender.install.snapshot.enabled = false (custom)
2019-09-18 18:14:23,430 [pool-207-thread-1] INFO  impl.RaftServerImpl (RaftServerImpl.java:<init>(95)) - f33e9dde-5d49-4009-9083-c5ac57e5d421: new RaftServerImpl for group-8B6A9A3B1C3D:[0fea6042-f313-47c8-88f5-4fc51eb504bd:192.168.5.179:46857, f33e9dde-5d49-4009-9083-c5ac57e5d421:192.168.5.179:37115, 3a575cb8-02ec-4080-a602-d8df6dca58ac:192.168.5.179:43209] with ContainerStateMachine:uninitialized
2019-09-18 18:14:23,430 [pool-237-thread-1] INFO  impl.RaftServerImpl (ServerState.java:<init>(103)) - 3a575cb8-02ec-4080-a602-d8df6dca58ac@group-8B6A9A3B1C3D: ConfigurationManager, init=-1: [0fea6042-f313-47c8-88f5-4fc51eb504bd:192.168.5.179:46857, f33e9dde-5d49-4009-9083-c5ac57e5d421:192.168.5.179:37115, 3a575cb8-02ec-4080-a602-d8df6dca58ac:192.168.5.179:43209], old=null, confs=<EMPTY_MAP>
2019-09-18 18:14:23,430 [pool-207-thread-1] INFO  server.RaftServerConfigKeys (ConfUtils.java:logGet(43)) - raft.server.rpc.timeout.min = 5s (custom)
2019-09-18 18:14:23,430 [pool-237-thread-1] INFO  server.RaftServerConfigKeys (ConfUtils.java:logGet(43)) - raft.server.storage.dir = [/workdir/hadoop-ozone/integration-test/target/test-dir/MiniOzoneClusterImpl-af65669b-47b0-4744-a6c7-6ec9173b390b/datanode-3/data/ratis] (custom)
2019-09-18 18:14:23,430 [pool-207-thread-1] INFO  server.RaftServerConfigKeys (ConfUtils.java:logGet(43)) - raft.server.rpc.timeout.max = 5200ms (custom)
2019-09-18 18:14:23,431 [pool-207-thread-1] INFO  server.RaftServerConfigKeys (ConfUtils.java:logGet(43)) - raft.server.rpcslowness.timeout = 120s (custom)
2019-09-18 18:14:23,431 [pool-237-thread-1] INFO  storage.RaftStorageDirectory (RaftStorageDirectory.java:analyzeStorage(246)) - The storage directory /workdir/hadoop-ozone/integration-test/target/test-dir/MiniOzoneClusterImpl-af65669b-47b0-4744-a6c7-6ec9173b390b/datanode-3/data/ratis/c861eb23-31cd-48ee-b76f-8b6a9a3b1c3d does not exist. Creating ...
2019-09-18 18:14:23,431 [pool-227-thread-1] INFO  impl.RaftServerImpl (RaftServerImpl.java:<init>(95)) - 0fea6042-f313-47c8-88f5-4fc51eb504bd: new RaftServerImpl for group-8B6A9A3B1C3D:[0fea6042-f313-47c8-88f5-4fc51eb504bd:192.168.5.179:46857, f33e9dde-5d49-4009-9083-c5ac57e5d421:192.168.5.179:37115, 3a575cb8-02ec-4080-a602-d8df6dca58ac:192.168.5.179:43209] with ContainerStateMachine:uninitialized
2019-09-18 18:14:23,431 [pool-207-thread-1] INFO  server.RaftServerConfigKeys (ConfUtils.java:logGet(43)) - raft.server.sleep.deviation.threshold = 300 (default)
2019-09-18 18:14:23,431 [pool-227-thread-1] INFO  server.RaftServerConfigKeys (ConfUtils.java:logGet(43)) - raft.server.rpc.timeout.min = 5s (custom)
2019-09-18 18:14:23,431 [pool-207-thread-1] INFO  server.RaftServerConfigKeys (ConfUtils.java:logGet(43)) - raft.server.log.appender.install.snapshot.enabled = false (custom)
2019-09-18 18:14:23,431 [pool-227-thread-1] INFO  server.RaftServerConfigKeys (ConfUtils.java:logGet(43)) - raft.server.rpc.timeout.max = 5200ms (custom)
2019-09-18 18:14:23,432 [pool-207-thread-1] INFO  impl.RaftServerImpl (ServerState.java:<init>(103)) - f33e9dde-5d49-4009-9083-c5ac57e5d421@group-8B6A9A3B1C3D: ConfigurationManager, init=-1: [0fea6042-f313-47c8-88f5-4fc51eb504bd:192.168.5.179:46857, f33e9dde-5d49-4009-9083-c5ac57e5d421:192.168.5.179:37115, 3a575cb8-02ec-4080-a602-d8df6dca58ac:192.168.5.179:43209], old=null, confs=<EMPTY_MAP>
2019-09-18 18:14:23,432 [pool-227-thread-1] INFO  server.RaftServerConfigKeys (ConfUtils.java:logGet(43)) - raft.server.rpcslowness.timeout = 120s (custom)
2019-09-18 18:14:23,432 [pool-207-thread-1] INFO  server.RaftServerConfigKeys (ConfUtils.java:logGet(43)) - raft.server.storage.dir = [/workdir/hadoop-ozone/integration-test/target/test-dir/MiniOzoneClusterImpl-af65669b-47b0-4744-a6c7-6ec9173b390b/datanode-0/data/ratis] (custom)
2019-09-18 18:14:23,432 [pool-227-thread-1] INFO  server.RaftServerConfigKeys (ConfUtils.java:logGet(43)) - raft.server.sleep.deviation.threshold = 300 (default)
2019-09-18 18:14:23,432 [pool-227-thread-1] INFO  server.RaftServerConfigKeys (ConfUtils.java:logGet(43)) - raft.server.log.appender.install.snapshot.enabled = false (custom)
2019-09-18 18:14:23,432 [pool-207-thread-1] INFO  storage.RaftStorageDirectory (RaftStorageDirectory.java:analyzeStorage(246)) - The storage directory /workdir/hadoop-ozone/integration-test/target/test-dir/MiniOzoneClusterImpl-af65669b-47b0-4744-a6c7-6ec9173b390b/datanode-0/data/ratis/c861eb23-31cd-48ee-b76f-8b6a9a3b1c3d does not exist. Creating ...
2019-09-18 18:14:23,433 [pool-227-thread-1] INFO  impl.RaftServerImpl (ServerState.java:<init>(103)) - 0fea6042-f313-47c8-88f5-4fc51eb504bd@group-8B6A9A3B1C3D: ConfigurationManager, init=-1: [0fea6042-f313-47c8-88f5-4fc51eb504bd:192.168.5.179:46857, f33e9dde-5d49-4009-9083-c5ac57e5d421:192.168.5.179:37115, 3a575cb8-02ec-4080-a602-d8df6dca58ac:192.168.5.179:43209], old=null, confs=<EMPTY_MAP>
2019-09-18 18:14:23,433 [pool-227-thread-1] INFO  server.RaftServerConfigKeys (ConfUtils.java:logGet(43)) - raft.server.storage.dir = [/workdir/hadoop-ozone/integration-test/target/test-dir/MiniOzoneClusterImpl-af65669b-47b0-4744-a6c7-6ec9173b390b/datanode-2/data/ratis] (custom)
2019-09-18 18:14:23,433 [pool-227-thread-1] INFO  storage.RaftStorageDirectory (RaftStorageDirectory.java:analyzeStorage(246)) - The storage directory /workdir/hadoop-ozone/integration-test/target/test-dir/MiniOzoneClusterImpl-af65669b-47b0-4744-a6c7-6ec9173b390b/datanode-2/data/ratis/c861eb23-31cd-48ee-b76f-8b6a9a3b1c3d does not exist. Creating ...
2019-09-18 18:14:23,453 [pool-207-thread-1] INFO  storage.RaftStorageDirectory (RaftStorageDirectory.java:tryLock(328)) - Lock on /workdir/hadoop-ozone/integration-test/target/test-dir/MiniOzoneClusterImpl-af65669b-47b0-4744-a6c7-6ec9173b390b/datanode-0/data/ratis/c861eb23-31cd-48ee-b76f-8b6a9a3b1c3d/in_use.lock acquired by nodename 23999@pr-hdds-2020-dv54p-77741726
2019-09-18 18:14:23,453 [pool-237-thread-1] INFO  storage.RaftStorageDirectory (RaftStorageDirectory.java:tryLock(328)) - Lock on /workdir/hadoop-ozone/integration-test/target/test-dir/MiniOzoneClusterImpl-af65669b-47b0-4744-a6c7-6ec9173b390b/datanode-3/data/ratis/c861eb23-31cd-48ee-b76f-8b6a9a3b1c3d/in_use.lock acquired by nodename 23999@pr-hdds-2020-dv54p-77741726
2019-09-18 18:14:23,453 [pool-227-thread-1] INFO  storage.RaftStorageDirectory (RaftStorageDirectory.java:tryLock(328)) - Lock on /workdir/hadoop-ozone/integration-test/target/test-dir/MiniOzoneClusterImpl-af65669b-47b0-4744-a6c7-6ec9173b390b/datanode-2/data/ratis/c861eb23-31cd-48ee-b76f-8b6a9a3b1c3d/in_use.lock acquired by nodename 23999@pr-hdds-2020-dv54p-77741726
2019-09-18 18:14:23,479 [pool-227-thread-1] INFO  storage.RaftStorage (RaftStorage.java:format(72)) - Storage directory /workdir/hadoop-ozone/integration-test/target/test-dir/MiniOzoneClusterImpl-af65669b-47b0-4744-a6c7-6ec9173b390b/datanode-2/data/ratis/c861eb23-31cd-48ee-b76f-8b6a9a3b1c3d has been successfully formatted.
2019-09-18 18:14:23,479 [pool-207-thread-1] INFO  storage.RaftStorage (RaftStorage.java:format(72)) - Storage directory /workdir/hadoop-ozone/integration-test/target/test-dir/MiniOzoneClusterImpl-af65669b-47b0-4744-a6c7-6ec9173b390b/datanode-0/data/ratis/c861eb23-31cd-48ee-b76f-8b6a9a3b1c3d has been successfully formatted.
2019-09-18 18:14:23,479 [pool-227-thread-1] INFO  ratis.ContainerStateMachine (ContainerStateMachine.java:loadSnapshot(230)) - group-8B6A9A3B1C3D: The snapshot info is null. Setting the last applied indexto:(t:0, i:~)
2019-09-18 18:14:23,479 [pool-237-thread-1] INFO  storage.RaftStorage (RaftStorage.java:format(72)) - Storage directory /workdir/hadoop-ozone/integration-test/target/test-dir/MiniOzoneClusterImpl-af65669b-47b0-4744-a6c7-6ec9173b390b/datanode-3/data/ratis/c861eb23-31cd-48ee-b76f-8b6a9a3b1c3d has been successfully formatted.
2019-09-18 18:14:23,480 [pool-207-thread-1] INFO  ratis.ContainerStateMachine (ContainerStateMachine.java:loadSnapshot(230)) - group-8B6A9A3B1C3D: The snapshot info is null. Setting the last applied indexto:(t:0, i:~)
2019-09-18 18:14:23,480 [pool-227-thread-1] INFO  server.RaftServerConfigKeys (ConfUtils.java:logGet(43)) - raft.server.notification.no-leader.timeout = 120s (custom)
2019-09-18 18:14:23,480 [pool-207-thread-1] INFO  server.RaftServerConfigKeys (ConfUtils.java:logGet(43)) - raft.server.notification.no-leader.timeout = 120s (custom)
2019-09-18 18:14:23,480 [pool-237-thread-1] INFO  ratis.ContainerStateMachine (ContainerStateMachine.java:loadSnapshot(230)) - group-8B6A9A3B1C3D: The snapshot info is null. Setting the last applied indexto:(t:0, i:~)
2019-09-18 18:14:23,480 [pool-207-thread-1] INFO  server.RaftServerConfigKeys (ConfUtils.java:logGet(43)) - raft.server.log.use.memory = false (default)
2019-09-18 18:14:23,480 [pool-227-thread-1] INFO  server.RaftServerConfigKeys (ConfUtils.java:logGet(43)) - raft.server.log.use.memory = false (default)
2019-09-18 18:14:23,481 [pool-207-thread-1] INFO  server.RaftServerConfigKeys (ConfUtils.java:logGet(43)) - raft.server.log.purge.gap = 1000000 (custom)
2019-09-18 18:14:23,480 [pool-237-thread-1] INFO  server.RaftServerConfigKeys (ConfUtils.java:logGet(43)) - raft.server.notification.no-leader.timeout = 120s (custom)
2019-09-18 18:14:23,481 [pool-207-thread-1] INFO  server.RaftServerConfigKeys (ConfUtils.java:logGet(43)) - raft.server.log.appender.buffer.byte-limit = 33554432 (custom)
2019-09-18 18:14:23,481 [pool-227-thread-1] INFO  server.RaftServerConfigKeys (ConfUtils.java:logGet(43)) - raft.server.log.purge.gap = 1000000 (custom)
2019-09-18 18:14:23,481 [pool-207-thread-1] INFO  server.RaftServerConfigKeys (ConfUtils.java:logGet(43)) - raft.server.log.segment.size.max = 1048576 (custom)
2019-09-18 18:14:23,481 [pool-237-thread-1] INFO  server.RaftServerConfigKeys (ConfUtils.java:logGet(43)) - raft.server.log.use.memory = false (default)
2019-09-18 18:14:23,482 [pool-207-thread-1] INFO  server.RaftServerConfigKeys (ConfUtils.java:logGet(43)) - raft.server.log.segment.cache.num.max = 2 (custom)
2019-09-18 18:14:23,481 [pool-227-thread-1] INFO  server.RaftServerConfigKeys (ConfUtils.java:logGet(43)) - raft.server.log.appender.buffer.byte-limit = 33554432 (custom)
2019-09-18 18:14:23,482 [pool-207-thread-1] INFO  segmented.SegmentedRaftLogWorker (SegmentedRaftLogWorker.java:<init>(172)) - new f33e9dde-5d49-4009-9083-c5ac57e5d421@group-8B6A9A3B1C3D-SegmentedRaftLogWorker for RaftStorage:Storage Directory /workdir/hadoop-ozone/integration-test/target/test-dir/MiniOzoneClusterImpl-af65669b-47b0-4744-a6c7-6ec9173b390b/datanode-0/data/ratis/c861eb23-31cd-48ee-b76f-8b6a9a3b1c3d
2019-09-18 18:14:23,482 [pool-237-thread-1] INFO  server.RaftServerConfigKeys (ConfUtils.java:logGet(43)) - raft.server.log.purge.gap = 1000000 (custom)
2019-09-18 18:14:23,482 [pool-207-thread-1] INFO  server.RaftServerConfigKeys (ConfUtils.java:logGet(43)) - raft.server.log.queue.byte-limit = 2147483647 (custom)
2019-09-18 18:14:23,482 [pool-227-thread-1] INFO  server.RaftServerConfigKeys (ConfUtils.java:logGet(43)) - raft.server.log.segment.size.max = 1048576 (custom)
2019-09-18 18:14:23,483 [pool-207-thread-1] INFO  server.RaftServerConfigKeys (ConfUtils.java:logGet(43)) - raft.server.log.queue.element-limit = 1024 (custom)
2019-09-18 18:14:23,483 [pool-237-thread-1] INFO  server.RaftServerConfigKeys (ConfUtils.java:logGet(43)) - raft.server.log.appender.buffer.byte-limit = 33554432 (custom)
2019-09-18 18:14:23,483 [pool-207-thread-1] INFO  server.RaftServerConfigKeys (ConfUtils.java:logGet(43)) - raft.server.log.segment.size.max = 1048576 (custom)
2019-09-18 18:14:23,483 [pool-227-thread-1] INFO  server.RaftServerConfigKeys (ConfUtils.java:logGet(43)) - raft.server.log.segment.cache.num.max = 2 (custom)
2019-09-18 18:14:23,484 [pool-207-thread-1] INFO  server.RaftServerConfigKeys (ConfUtils.java:logGet(43)) - raft.server.log.preallocated.size = 16384 (custom)
2019-09-18 18:14:23,483 [pool-237-thread-1] INFO  server.RaftServerConfigKeys (ConfUtils.java:logGet(43)) - raft.server.log.segment.size.max = 1048576 (custom)
2019-09-18 18:14:23,484 [pool-207-thread-1] INFO  server.RaftServerConfigKeys (ConfUtils.java:logGet(43)) - raft.server.log.write.buffer.size = 33554432 (custom)
2019-09-18 18:14:23,484 [pool-227-thread-1] INFO  segmented.SegmentedRaftLogWorker (SegmentedRaftLogWorker.java:<init>(172)) - new 0fea6042-f313-47c8-88f5-4fc51eb504bd@group-8B6A9A3B1C3D-SegmentedRaftLogWorker for RaftStorage:Storage Directory /workdir/hadoop-ozone/integration-test/target/test-dir/MiniOzoneClusterImpl-af65669b-47b0-4744-a6c7-6ec9173b390b/datanode-2/data/ratis/c861eb23-31cd-48ee-b76f-8b6a9a3b1c3d
2019-09-18 18:14:23,484 [pool-207-thread-1] INFO  server.RaftServerConfigKeys (ConfUtils.java:logGet(43)) - raft.server.log.force.sync.num = 128 (default)
2019-09-18 18:14:23,484 [pool-237-thread-1] INFO  server.RaftServerConfigKeys (ConfUtils.java:logGet(43)) - raft.server.log.segment.cache.num.max = 2 (custom)
2019-09-18 18:14:23,485 [pool-207-thread-1] INFO  server.RaftServerConfigKeys (ConfUtils.java:logGet(43)) - raft.server.log.statemachine.data.sync = true (default)
2019-09-18 18:14:23,484 [pool-227-thread-1] INFO  server.RaftServerConfigKeys (ConfUtils.java:logGet(43)) - raft.server.log.queue.byte-limit = 2147483647 (custom)
2019-09-18 18:14:23,486 [pool-207-thread-1] INFO  server.RaftServerConfigKeys (ConfUtils.java:logGet(43)) - raft.server.log.statemachine.data.sync.timeout = 10s (default)
2019-09-18 18:14:23,485 [pool-237-thread-1] INFO  segmented.SegmentedRaftLogWorker (SegmentedRaftLogWorker.java:<init>(172)) - new 3a575cb8-02ec-4080-a602-d8df6dca58ac@group-8B6A9A3B1C3D-SegmentedRaftLogWorker for RaftStorage:Storage Directory /workdir/hadoop-ozone/integration-test/target/test-dir/MiniOzoneClusterImpl-af65669b-47b0-4744-a6c7-6ec9173b390b/datanode-3/data/ratis/c861eb23-31cd-48ee-b76f-8b6a9a3b1c3d
2019-09-18 18:14:23,487 [pool-207-thread-1] INFO  server.RaftServerConfigKeys (ConfUtils.java:logGet(43)) - raft.server.log.statemachine.data.sync.timeout.retry = -1 (default)
2019-09-18 18:14:23,487 [pool-227-thread-1] INFO  server.RaftServerConfigKeys (ConfUtils.java:logGet(43)) - raft.server.log.queue.element-limit = 1024 (custom)
2019-09-18 18:14:23,488 [pool-207-thread-1] INFO  server.RaftServerConfigKeys (ConfUtils.java:logGet(43)) - raft.server.log.statemachine.data.caching.enabled = true (custom)
2019-09-18 18:14:23,487 [pool-237-thread-1] INFO  server.RaftServerConfigKeys (ConfUtils.java:logGet(43)) - raft.server.log.queue.byte-limit = 2147483647 (custom)
2019-09-18 18:14:23,488 [pool-227-thread-1] INFO  server.RaftServerConfigKeys (ConfUtils.java:logGet(43)) - raft.server.log.segment.size.max = 1048576 (custom)
2019-09-18 18:14:23,488 [pool-207-thread-1] INFO  segmented.SegmentedRaftLogWorker (SegmentedRaftLogWorker.java:lambda$new$0(132)) - f33e9dde-5d49-4009-9083-c5ac57e5d421@group-8B6A9A3B1C3D-SegmentedRaftLogWorker: flushIndex: setUnconditionally 0 -> -1
2019-09-18 18:14:23,488 [pool-237-thread-1] INFO  server.RaftServerConfigKeys (ConfUtils.java:logGet(43)) - raft.server.log.queue.element-limit = 1024 (custom)
2019-09-18 18:14:23,488 [pool-227-thread-1] INFO  server.RaftServerConfigKeys (ConfUtils.java:logGet(43)) - raft.server.log.preallocated.size = 16384 (custom)
2019-09-18 18:14:23,488 [pool-207-thread-1] INFO  server.RaftServerConfigKeys (ConfUtils.java:logGet(43)) - raft.server.snapshot.auto.trigger.enabled = true (custom)
2019-09-18 18:14:23,489 [pool-237-thread-1] INFO  server.RaftServerConfigKeys (ConfUtils.java:logGet(43)) - raft.server.log.segment.size.max = 1048576 (custom)
2019-09-18 18:14:23,489 [pool-227-thread-1] INFO  server.RaftServerConfigKeys (ConfUtils.java:logGet(43)) - raft.server.log.write.buffer.size = 33554432 (custom)
2019-09-18 18:14:23,489 [pool-237-thread-1] INFO  server.RaftServerConfigKeys (ConfUtils.java:logGet(43)) - raft.server.log.preallocated.size = 16384 (custom)
2019-09-18 18:14:23,489 [pool-207-thread-1] INFO  server.RaftServerConfigKeys (ConfUtils.java:logGet(43)) - raft.server.snapshot.auto.trigger.threshold = 10000 (custom)
2019-09-18 18:14:23,489 [pool-237-thread-1] INFO  server.RaftServerConfigKeys (ConfUtils.java:logGet(43)) - raft.server.log.write.buffer.size = 33554432 (custom)
2019-09-18 18:14:23,490 [pool-237-thread-1] INFO  server.RaftServerConfigKeys (ConfUtils.java:logGet(43)) - raft.server.log.force.sync.num = 128 (default)
2019-09-18 18:14:23,489 [pool-227-thread-1] INFO  server.RaftServerConfigKeys (ConfUtils.java:logGet(43)) - raft.server.log.force.sync.num = 128 (default)
2019-09-18 18:14:23,490 [pool-237-thread-1] INFO  server.RaftServerConfigKeys (ConfUtils.java:logGet(43)) - raft.server.log.statemachine.data.sync = true (default)
2019-09-18 18:14:23,489 [pool-207-thread-1] INFO  server.RaftServerConfigKeys (ConfUtils.java:logGet(43)) - raft.server.snapshot.retention.num.files = 5 (custom)
2019-09-18 18:14:23,490 [pool-237-thread-1] INFO  server.RaftServerConfigKeys (ConfUtils.java:logGet(43)) - raft.server.log.statemachine.data.sync.timeout = 10s (default)
2019-09-18 18:14:23,490 [pool-227-thread-1] INFO  server.RaftServerConfigKeys (ConfUtils.java:logGet(43)) - raft.server.log.statemachine.data.sync = true (default)
2019-09-18 18:14:23,490 [pool-237-thread-1] INFO  server.RaftServerConfigKeys (ConfUtils.java:logGet(43)) - raft.server.log.statemachine.data.sync.timeout.retry = -1 (default)
2019-09-18 18:14:23,490 [pool-207-thread-1] INFO  server.RaftServerConfigKeys (ConfUtils.java:logGet(43)) - raft.server.retrycache.expirytime = 600000ms (custom)
2019-09-18 18:14:23,491 [pool-237-thread-1] INFO  server.RaftServerConfigKeys (ConfUtils.java:logGet(43)) - raft.server.log.statemachine.data.caching.enabled = true (custom)
2019-09-18 18:14:23,491 [pool-227-thread-1] INFO  server.RaftServerConfigKeys (ConfUtils.java:logGet(43)) - raft.server.log.statemachine.data.sync.timeout = 10s (default)
2019-09-18 18:14:23,491 [pool-237-thread-1] INFO  segmented.SegmentedRaftLogWorker (SegmentedRaftLogWorker.java:lambda$new$0(132)) - 3a575cb8-02ec-4080-a602-d8df6dca58ac@group-8B6A9A3B1C3D-SegmentedRaftLogWorker: flushIndex: setUnconditionally 0 -> -1
2019-09-18 18:14:23,491 [pool-227-thread-1] INFO  server.RaftServerConfigKeys (ConfUtils.java:logGet(43)) - raft.server.log.statemachine.data.sync.timeout.retry = -1 (default)
2019-09-18 18:14:23,492 [pool-227-thread-1] INFO  server.RaftServerConfigKeys (ConfUtils.java:logGet(43)) - raft.server.log.statemachine.data.caching.enabled = true (custom)
2019-09-18 18:14:23,492 [pool-237-thread-1] INFO  server.RaftServerConfigKeys (ConfUtils.java:logGet(43)) - raft.server.snapshot.auto.trigger.enabled = true (custom)
2019-09-18 18:14:23,492 [pool-227-thread-1] INFO  segmented.SegmentedRaftLogWorker (SegmentedRaftLogWorker.java:lambda$new$0(132)) - 0fea6042-f313-47c8-88f5-4fc51eb504bd@group-8B6A9A3B1C3D-SegmentedRaftLogWorker: flushIndex: setUnconditionally 0 -> -1
2019-09-18 18:14:23,492 [pool-237-thread-1] INFO  server.RaftServerConfigKeys (ConfUtils.java:logGet(43)) - raft.server.snapshot.auto.trigger.threshold = 10000 (custom)
2019-09-18 18:14:23,492 [pool-227-thread-1] INFO  server.RaftServerConfigKeys (ConfUtils.java:logGet(43)) - raft.server.snapshot.auto.trigger.enabled = true (custom)
2019-09-18 18:14:23,492 [pool-237-thread-1] INFO  server.RaftServerConfigKeys (ConfUtils.java:logGet(43)) - raft.server.snapshot.retention.num.files = 5 (custom)
2019-09-18 18:14:23,492 [pool-227-thread-1] INFO  server.RaftServerConfigKeys (ConfUtils.java:logGet(43)) - raft.server.snapshot.auto.trigger.threshold = 10000 (custom)
2019-09-18 18:14:23,492 [pool-237-thread-1] INFO  server.RaftServerConfigKeys (ConfUtils.java:logGet(43)) - raft.server.retrycache.expirytime = 600000ms (custom)
2019-09-18 18:14:23,493 [pool-227-thread-1] INFO  server.RaftServerConfigKeys (ConfUtils.java:logGet(43)) - raft.server.snapshot.retention.num.files = 5 (custom)
2019-09-18 18:14:23,493 [pool-227-thread-1] INFO  server.RaftServerConfigKeys (ConfUtils.java:logGet(43)) - raft.server.retrycache.expirytime = 600000ms (custom)
2019-09-18 18:14:23,495 [pool-207-thread-1] INFO  impl.RaftServerImpl (RaftServerImpl.java:start(185)) - f33e9dde-5d49-4009-9083-c5ac57e5d421@group-8B6A9A3B1C3D: start as a follower, conf=-1: [0fea6042-f313-47c8-88f5-4fc51eb504bd:192.168.5.179:46857, f33e9dde-5d49-4009-9083-c5ac57e5d421:192.168.5.179:37115, 3a575cb8-02ec-4080-a602-d8df6dca58ac:192.168.5.179:43209], old=null
2019-09-18 18:14:23,495 [pool-207-thread-1] INFO  impl.RaftServerImpl (RaftServerImpl.java:setRole(174)) - f33e9dde-5d49-4009-9083-c5ac57e5d421@group-8B6A9A3B1C3D: changes role from      null to FOLLOWER at term 0 for startAsFollower
2019-09-18 18:14:23,495 [pool-207-thread-1] INFO  impl.RoleInfo (RoleInfo.java:updateAndGet(143)) - f33e9dde-5d49-4009-9083-c5ac57e5d421: start FollowerState
2019-09-18 18:14:23,495 [pool-207-thread-1] INFO  util.JmxRegister (JmxRegister.java:tryRegister(44)) - Successfully registered JMX Bean with object name Ratis:service=RaftServer,group=group-8B6A9A3B1C3D,id=f33e9dde-5d49-4009-9083-c5ac57e5d421
2019-09-18 18:14:23,496 [pool-227-thread-1] INFO  impl.RaftServerImpl (RaftServerImpl.java:start(185)) - 0fea6042-f313-47c8-88f5-4fc51eb504bd@group-8B6A9A3B1C3D: start as a follower, conf=-1: [0fea6042-f313-47c8-88f5-4fc51eb504bd:192.168.5.179:46857, f33e9dde-5d49-4009-9083-c5ac57e5d421:192.168.5.179:37115, 3a575cb8-02ec-4080-a602-d8df6dca58ac:192.168.5.179:43209], old=null
2019-09-18 18:14:23,496 [pool-237-thread-1] INFO  impl.RaftServerImpl (RaftServerImpl.java:start(185)) - 3a575cb8-02ec-4080-a602-d8df6dca58ac@group-8B6A9A3B1C3D: start as a follower, conf=-1: [0fea6042-f313-47c8-88f5-4fc51eb504bd:192.168.5.179:46857, f33e9dde-5d49-4009-9083-c5ac57e5d421:192.168.5.179:37115, 3a575cb8-02ec-4080-a602-d8df6dca58ac:192.168.5.179:43209], old=null
2019-09-18 18:14:23,496 [pool-227-thread-1] INFO  impl.RaftServerImpl (RaftServerImpl.java:setRole(174)) - 0fea6042-f313-47c8-88f5-4fc51eb504bd@group-8B6A9A3B1C3D: changes role from      null to FOLLOWER at term 0 for startAsFollower
2019-09-18 18:14:23,496 [pool-237-thread-1] INFO  impl.RaftServerImpl (RaftServerImpl.java:setRole(174)) - 3a575cb8-02ec-4080-a602-d8df6dca58ac@group-8B6A9A3B1C3D: changes role from      null to FOLLOWER at term 0 for startAsFollower
2019-09-18 18:14:23,496 [pool-227-thread-1] INFO  impl.RoleInfo (RoleInfo.java:updateAndGet(143)) - 0fea6042-f313-47c8-88f5-4fc51eb504bd: start FollowerState
2019-09-18 18:14:23,497 [pool-237-thread-1] INFO  impl.RoleInfo (RoleInfo.java:updateAndGet(143)) - 3a575cb8-02ec-4080-a602-d8df6dca58ac: start FollowerState
2019-09-18 18:14:23,497 [pool-227-thread-1] INFO  util.JmxRegister (JmxRegister.java:tryRegister(44)) - Successfully registered JMX Bean with object name Ratis:service=RaftServer,group=group-8B6A9A3B1C3D,id=0fea6042-f313-47c8-88f5-4fc51eb504bd
2019-09-18 18:14:23,500 [pool-237-thread-1] INFO  util.JmxRegister (JmxRegister.java:tryRegister(44)) - Successfully registered JMX Bean with object name Ratis:service=RaftServer,group=group-8B6A9A3B1C3D,id=3a575cb8-02ec-4080-a602-d8df6dca58ac
2019-09-18 18:14:23,509 [RatisPipelineUtilsThread] INFO  pipeline.PipelineStateManager (PipelineStateManager.java:addPipeline(56)) - Created pipeline Pipeline[ Id: c861eb23-31cd-48ee-b76f-8b6a9a3b1c3d, Nodes: 3a575cb8-02ec-4080-a602-d8df6dca58ac{ip: 192.168.5.179, host: pr-hdds-2020-dv54p-77741726, networkLocation: /default-rack, certSerialId: null}f33e9dde-5d49-4009-9083-c5ac57e5d421{ip: 192.168.5.179, host: pr-hdds-2020-dv54p-77741726, networkLocation: /default-rack, certSerialId: null}0fea6042-f313-47c8-88f5-4fc51eb504bd{ip: 192.168.5.179, host: pr-hdds-2020-dv54p-77741726, networkLocation: /default-rack, certSerialId: null}, Type:RATIS, Factor:THREE, State:OPEN]
2019-09-18 18:14:24,123 [main] INFO  ozone.MiniOzoneClusterImpl (MiniOzoneClusterImpl.java:lambda$waitForClusterToBeReady$0(145)) - Cluster is ready. Got 7 of 7 DN Heartbeats.
2019-09-18 18:14:24,157 [main] INFO  rpc.RpcClient (RpcClient.java:createVolume(302)) - Creating Volume: watchforcommithandlingtest, with jenkins1000 as owner.
2019-09-18 18:14:24,160 [IPC Server handler 4 on 34670] INFO  volume.OMVolumeCreateRequest (OMVolumeCreateRequest.java:validateAndUpdateCache(189)) - created volume:watchforcommithandlingtest for user:jenkins1000
2019-09-18 18:14:24,180 [main] INFO  rpc.RpcClient (RpcClient.java:createBucket(441)) - Creating Bucket: watchforcommithandlingtest/watchforcommithandlingtest, with Versioning false and Storage Type set to DISK and Encryption set to false 
2019-09-18 18:14:24,185 [main] INFO  ozone.MiniOzoneClusterImpl (MiniOzoneClusterImpl.java:getStorageContainerLocationClient(232)) - Creating StorageContainerLocationProtocol RPC client with address /0.0.0.0:34452
2019-09-18 18:14:24,201 [grpc-default-executor-5] INFO  client.GrpcClientProtocolClient (GrpcClientProtocolClient.java:onNext(264)) - client-91FB92408E09->3ef7a417-ae63-496d-bb71-db4e5393a166: receive RaftClientReply:client-91FB92408E09->3ef7a417-ae63-496d-bb71-db4e5393a166@group-BA32039417FB, cid=66, FAILED org.apache.ratis.protocol.NotLeaderException: Server 3ef7a417-ae63-496d-bb71-db4e5393a166@group-BA32039417FB is not the leader, logIndex=0, commits[3ef7a417-ae63-496d-bb71-db4e5393a166:c-1]
2019-09-18 18:14:25,217 [grpc-default-executor-0] INFO  client.GrpcClientProtocolClient (GrpcClientProtocolClient.java:onNext(264)) - client-91FB92408E09->a0ee338e-7f4e-4050-9cf3-0542d4801249: receive RaftClientReply:client-91FB92408E09->a0ee338e-7f4e-4050-9cf3-0542d4801249@group-BA32039417FB, cid=66, FAILED org.apache.ratis.protocol.NotLeaderException: Server a0ee338e-7f4e-4050-9cf3-0542d4801249@group-BA32039417FB is not the leader, logIndex=0, commits[a0ee338e-7f4e-4050-9cf3-0542d4801249:c-1]
2019-09-18 18:14:25,755 [Thread-1416] INFO  container.ReplicationManager (ReplicationManager.java:start(162)) - Starting Replication Monitor Thread.
2019-09-18 18:14:25,759 [ReplicationMonitor] INFO  container.ReplicationManager (ReplicationManager.java:run(225)) - Replication Monitor Thread took 0 milliseconds for processing 1 containers.
2019-09-18 18:14:26,230 [grpc-default-executor-0] INFO  client.GrpcClientProtocolClient (GrpcClientProtocolClient.java:onNext(264)) - client-91FB92408E09->3ef7a417-ae63-496d-bb71-db4e5393a166: receive RaftClientReply:client-91FB92408E09->3ef7a417-ae63-496d-bb71-db4e5393a166@group-BA32039417FB, cid=66, FAILED org.apache.ratis.protocol.NotLeaderException: Server 3ef7a417-ae63-496d-bb71-db4e5393a166@group-BA32039417FB is not the leader, logIndex=0, commits[3ef7a417-ae63-496d-bb71-db4e5393a166:c-1]
2019-09-18 18:14:27,256 [grpc-default-executor-5] INFO  client.GrpcClientProtocolClient (GrpcClientProtocolClient.java:onNext(264)) - client-91FB92408E09->9af89336-6d5d-4d28-b237-6b13fc6491ad: receive RaftClientReply:client-91FB92408E09->9af89336-6d5d-4d28-b237-6b13fc6491ad@group-BA32039417FB, cid=66, FAILED org.apache.ratis.protocol.NotLeaderException: Server 9af89336-6d5d-4d28-b237-6b13fc6491ad@group-BA32039417FB is not the leader, logIndex=0, commits[9af89336-6d5d-4d28-b237-6b13fc6491ad:c-1]
2019-09-18 18:14:27,835 [Thread-1418] INFO  impl.FollowerState (FollowerState.java:run(106)) - f33e9dde-5d49-4009-9083-c5ac57e5d421:group-54A16DCB626A changes to CANDIDATE, lastRpcTime:5012, electionTimeout:5012ms
2019-09-18 18:14:27,835 [Thread-1418] INFO  impl.RoleInfo (RoleInfo.java:shutdownFollowerState(121)) - f33e9dde-5d49-4009-9083-c5ac57e5d421: shutdown FollowerState
2019-09-18 18:14:27,836 [Thread-1418] INFO  impl.RaftServerImpl (RaftServerImpl.java:setRole(174)) - f33e9dde-5d49-4009-9083-c5ac57e5d421@group-54A16DCB626A: changes role from  FOLLOWER to CANDIDATE at term 0 for changeToCandidate
2019-09-18 18:14:27,836 [Thread-1418] INFO  impl.RoleInfo (RoleInfo.java:updateAndGet(143)) - f33e9dde-5d49-4009-9083-c5ac57e5d421: start LeaderElection
2019-09-18 18:14:27,889 [f33e9dde-5d49-4009-9083-c5ac57e5d421@group-54A16DCB626A:LeaderElection34] INFO  impl.LeaderElection (LeaderElection.java:askForVotes(182)) - f33e9dde-5d49-4009-9083-c5ac57e5d421@group-54A16DCB626A:LeaderElection34: begin an election at term 1 for -1: [f33e9dde-5d49-4009-9083-c5ac57e5d421:192.168.5.179:37115], old=null
2019-09-18 18:14:27,890 [f33e9dde-5d49-4009-9083-c5ac57e5d421@group-54A16DCB626A:LeaderElection34] INFO  impl.RoleInfo (RoleInfo.java:shutdownLeaderElection(134)) - f33e9dde-5d49-4009-9083-c5ac57e5d421: shutdown LeaderElection
2019-09-18 18:14:27,890 [f33e9dde-5d49-4009-9083-c5ac57e5d421@group-54A16DCB626A:LeaderElection34] INFO  impl.RaftServerImpl (RaftServerImpl.java:setRole(174)) - f33e9dde-5d49-4009-9083-c5ac57e5d421@group-54A16DCB626A: changes role from CANDIDATE to LEADER at term 1 for changeToLeader
2019-09-18 18:14:27,890 [f33e9dde-5d49-4009-9083-c5ac57e5d421@group-54A16DCB626A:LeaderElection34] INFO  impl.RaftServerImpl (ServerState.java:setLeader(253)) - f33e9dde-5d49-4009-9083-c5ac57e5d421@group-54A16DCB626A: change Leader from null to f33e9dde-5d49-4009-9083-c5ac57e5d421 at term 1 for becomeLeader, leader elected after 5079ms
2019-09-18 18:14:27,890 [f33e9dde-5d49-4009-9083-c5ac57e5d421@group-54A16DCB626A:LeaderElection34] INFO  server.RaftServerConfigKeys (ConfUtils.java:logGet(43)) - raft.server.staging.catchup.gap = 1000 (default)
2019-09-18 18:14:27,891 [f33e9dde-5d49-4009-9083-c5ac57e5d421@group-54A16DCB626A:LeaderElection34] INFO  server.RaftServerConfigKeys (ConfUtils.java:logGet(43)) - raft.server.rpc.sleep.time = 25ms (default)
2019-09-18 18:14:27,891 [f33e9dde-5d49-4009-9083-c5ac57e5d421@group-54A16DCB626A:LeaderElection34] INFO  server.RaftServerConfigKeys (ConfUtils.java:logGet(43)) - raft.server.write.element-limit = 4096 (default)
2019-09-18 18:14:27,891 [f33e9dde-5d49-4009-9083-c5ac57e5d421@group-54A16DCB626A:LeaderElection34] INFO  server.RaftServerConfigKeys (ConfUtils.java:logGet(43)) - raft.server.watch.timeout = 10s (default)
2019-09-18 18:14:27,891 [f33e9dde-5d49-4009-9083-c5ac57e5d421@group-54A16DCB626A:LeaderElection34] INFO  server.RaftServerConfigKeys (ConfUtils.java:logGet(43)) - raft.server.watch.timeout.denomination = 1s (default)
2019-09-18 18:14:27,891 [f33e9dde-5d49-4009-9083-c5ac57e5d421@group-54A16DCB626A:LeaderElection34] INFO  server.RaftServerConfigKeys (ConfUtils.java:logGet(43)) - raft.server.watch.element-limit = 65536 (default)
2019-09-18 18:14:27,895 [f33e9dde-5d49-4009-9083-c5ac57e5d421@group-54A16DCB626A:LeaderElection34] INFO  impl.RoleInfo (RoleInfo.java:updateAndGet(143)) - f33e9dde-5d49-4009-9083-c5ac57e5d421: start LeaderState
2019-09-18 18:14:27,896 [f33e9dde-5d49-4009-9083-c5ac57e5d421@group-54A16DCB626A:LeaderElection34] INFO  segmented.SegmentedRaftLogWorker (SegmentedRaftLogWorker.java:startLogSegment(380)) - f33e9dde-5d49-4009-9083-c5ac57e5d421@group-54A16DCB626A-SegmentedRaftLogWorker: Starting segment from index:0
2019-09-18 18:14:27,897 [f33e9dde-5d49-4009-9083-c5ac57e5d421@group-54A16DCB626A:LeaderElection34] INFO  impl.RaftServerImpl (ServerState.java:setRaftConf(354)) - f33e9dde-5d49-4009-9083-c5ac57e5d421@group-54A16DCB626A: set configuration 0: [f33e9dde-5d49-4009-9083-c5ac57e5d421:192.168.5.179:37115], old=null at 0
2019-09-18 18:14:27,950 [f33e9dde-5d49-4009-9083-c5ac57e5d421@group-54A16DCB626A-SegmentedRaftLogWorker] INFO  segmented.SegmentedRaftLogWorker (SegmentedRaftLogWorker.java:execute(569)) - f33e9dde-5d49-4009-9083-c5ac57e5d421@group-54A16DCB626A-SegmentedRaftLogWorker: created new log segment /workdir/hadoop-ozone/integration-test/target/test-dir/MiniOzoneClusterImpl-af65669b-47b0-4744-a6c7-6ec9173b390b/datanode-0/data/ratis/8f63c0a7-aeaf-4177-93ed-54a16dcb626a/current/log_inprogress_0
2019-09-18 18:14:28,013 [Thread-1421] INFO  impl.FollowerState (FollowerState.java:run(106)) - 3ef7a417-ae63-496d-bb71-db4e5393a166:group-9F3886FB068E changes to CANDIDATE, lastRpcTime:5108, electionTimeout:5108ms
2019-09-18 18:14:28,014 [Thread-1421] INFO  impl.RoleInfo (RoleInfo.java:shutdownFollowerState(121)) - 3ef7a417-ae63-496d-bb71-db4e5393a166: shutdown FollowerState
2019-09-18 18:14:28,014 [Thread-1421] INFO  impl.RaftServerImpl (RaftServerImpl.java:setRole(174)) - 3ef7a417-ae63-496d-bb71-db4e5393a166@group-9F3886FB068E: changes role from  FOLLOWER to CANDIDATE at term 0 for changeToCandidate
2019-09-18 18:14:28,014 [Thread-1421] INFO  impl.RoleInfo (RoleInfo.java:updateAndGet(143)) - 3ef7a417-ae63-496d-bb71-db4e5393a166: start LeaderElection
2019-09-18 18:14:28,042 [3ef7a417-ae63-496d-bb71-db4e5393a166@group-9F3886FB068E:LeaderElection35] INFO  impl.LeaderElection (LeaderElection.java:askForVotes(182)) - 3ef7a417-ae63-496d-bb71-db4e5393a166@group-9F3886FB068E:LeaderElection35: begin an election at term 1 for -1: [3ef7a417-ae63-496d-bb71-db4e5393a166:192.168.5.179:40755], old=null
2019-09-18 18:14:28,043 [3ef7a417-ae63-496d-bb71-db4e5393a166@group-9F3886FB068E:LeaderElection35] INFO  impl.RoleInfo (RoleInfo.java:shutdownLeaderElection(134)) - 3ef7a417-ae63-496d-bb71-db4e5393a166: shutdown LeaderElection
2019-09-18 18:14:28,043 [3ef7a417-ae63-496d-bb71-db4e5393a166@group-9F3886FB068E:LeaderElection35] INFO  impl.RaftServerImpl (RaftServerImpl.java:setRole(174)) - 3ef7a417-ae63-496d-bb71-db4e5393a166@group-9F3886FB068E: changes role from CANDIDATE to LEADER at term 1 for changeToLeader
2019-09-18 18:14:28,043 [3ef7a417-ae63-496d-bb71-db4e5393a166@group-9F3886FB068E:LeaderElection35] INFO  impl.RaftServerImpl (ServerState.java:setLeader(253)) - 3ef7a417-ae63-496d-bb71-db4e5393a166@group-9F3886FB068E: change Leader from null to 3ef7a417-ae63-496d-bb71-db4e5393a166 at term 1 for becomeLeader, leader elected after 5150ms
2019-09-18 18:14:28,043 [3ef7a417-ae63-496d-bb71-db4e5393a166@group-9F3886FB068E:LeaderElection35] INFO  server.RaftServerConfigKeys (ConfUtils.java:logGet(43)) - raft.server.staging.catchup.gap = 1000 (default)
2019-09-18 18:14:28,043 [3ef7a417-ae63-496d-bb71-db4e5393a166@group-9F3886FB068E:LeaderElection35] INFO  server.RaftServerConfigKeys (ConfUtils.java:logGet(43)) - raft.server.rpc.sleep.time = 25ms (default)
2019-09-18 18:14:28,043 [3ef7a417-ae63-496d-bb71-db4e5393a166@group-9F3886FB068E:LeaderElection35] INFO  server.RaftServerConfigKeys (ConfUtils.java:logGet(43)) - raft.server.write.element-limit = 4096 (default)
2019-09-18 18:14:28,044 [3ef7a417-ae63-496d-bb71-db4e5393a166@group-9F3886FB068E:LeaderElection35] INFO  server.RaftServerConfigKeys (ConfUtils.java:logGet(43)) - raft.server.watch.timeout = 10s (default)
2019-09-18 18:14:28,044 [3ef7a417-ae63-496d-bb71-db4e5393a166@group-9F3886FB068E:LeaderElection35] INFO  server.RaftServerConfigKeys (ConfUtils.java:logGet(43)) - raft.server.watch.timeout.denomination = 1s (default)
2019-09-18 18:14:28,044 [3ef7a417-ae63-496d-bb71-db4e5393a166@group-9F3886FB068E:LeaderElection35] INFO  server.RaftServerConfigKeys (ConfUtils.java:logGet(43)) - raft.server.watch.element-limit = 65536 (default)
2019-09-18 18:14:28,046 [3ef7a417-ae63-496d-bb71-db4e5393a166@group-9F3886FB068E:LeaderElection35] INFO  impl.RoleInfo (RoleInfo.java:updateAndGet(143)) - 3ef7a417-ae63-496d-bb71-db4e5393a166: start LeaderState
2019-09-18 18:14:28,047 [3ef7a417-ae63-496d-bb71-db4e5393a166@group-9F3886FB068E:LeaderElection35] INFO  segmented.SegmentedRaftLogWorker (SegmentedRaftLogWorker.java:startLogSegment(380)) - 3ef7a417-ae63-496d-bb71-db4e5393a166@group-9F3886FB068E-SegmentedRaftLogWorker: Starting segment from index:0
2019-09-18 18:14:28,047 [3ef7a417-ae63-496d-bb71-db4e5393a166@group-9F3886FB068E:LeaderElection35] INFO  impl.RaftServerImpl (ServerState.java:setRaftConf(354)) - 3ef7a417-ae63-496d-bb71-db4e5393a166@group-9F3886FB068E: set configuration 0: [3ef7a417-ae63-496d-bb71-db4e5393a166:192.168.5.179:40755], old=null at 0
2019-09-18 18:14:28,091 [3ef7a417-ae63-496d-bb71-db4e5393a166@group-9F3886FB068E-SegmentedRaftLogWorker] INFO  segmented.SegmentedRaftLogWorker (SegmentedRaftLogWorker.java:execute(569)) - 3ef7a417-ae63-496d-bb71-db4e5393a166@group-9F3886FB068E-SegmentedRaftLogWorker: created new log segment /workdir/hadoop-ozone/integration-test/target/test-dir/MiniOzoneClusterImpl-af65669b-47b0-4744-a6c7-6ec9173b390b/datanode-1/data/ratis/91b3ce14-eeab-443f-be64-9f3886fb068e/current/log_inprogress_0
2019-09-18 18:14:28,124 [Thread-1427] INFO  impl.FollowerState (FollowerState.java:run(106)) - 3a575cb8-02ec-4080-a602-d8df6dca58ac:group-69155E9773E0 changes to CANDIDATE, lastRpcTime:5050, electionTimeout:5050ms
2019-09-18 18:14:28,125 [Thread-1427] INFO  impl.RoleInfo (RoleInfo.java:shutdownFollowerState(121)) - 3a575cb8-02ec-4080-a602-d8df6dca58ac: shutdown FollowerState
2019-09-18 18:14:28,125 [Thread-1427] INFO  impl.RaftServerImpl (RaftServerImpl.java:setRole(174)) - 3a575cb8-02ec-4080-a602-d8df6dca58ac@group-69155E9773E0: changes role from  FOLLOWER to CANDIDATE at term 0 for changeToCandidate
2019-09-18 18:14:28,125 [Thread-1427] INFO  impl.RoleInfo (RoleInfo.java:updateAndGet(143)) - 3a575cb8-02ec-4080-a602-d8df6dca58ac: start LeaderElection
2019-09-18 18:14:28,137 [Thread-1424] INFO  impl.FollowerState (FollowerState.java:run(106)) - 0fea6042-f313-47c8-88f5-4fc51eb504bd:group-B03F595EF377 changes to CANDIDATE, lastRpcTime:5149, electionTimeout:5149ms
2019-09-18 18:14:28,138 [Thread-1424] INFO  impl.RoleInfo (RoleInfo.java:shutdownFollowerState(121)) - 0fea6042-f313-47c8-88f5-4fc51eb504bd: shutdown FollowerState
2019-09-18 18:14:28,138 [Thread-1424] INFO  impl.RaftServerImpl (RaftServerImpl.java:setRole(174)) - 0fea6042-f313-47c8-88f5-4fc51eb504bd@group-B03F595EF377: changes role from  FOLLOWER to CANDIDATE at term 0 for changeToCandidate
2019-09-18 18:14:28,138 [Thread-1424] INFO  impl.RoleInfo (RoleInfo.java:updateAndGet(143)) - 0fea6042-f313-47c8-88f5-4fc51eb504bd: start LeaderElection
2019-09-18 18:14:28,165 [3a575cb8-02ec-4080-a602-d8df6dca58ac@group-69155E9773E0:LeaderElection36] INFO  impl.LeaderElection (LeaderElection.java:askForVotes(182)) - 3a575cb8-02ec-4080-a602-d8df6dca58ac@group-69155E9773E0:LeaderElection36: begin an election at term 1 for -1: [3a575cb8-02ec-4080-a602-d8df6dca58ac:192.168.5.179:43209], old=null
2019-09-18 18:14:28,165 [0fea6042-f313-47c8-88f5-4fc51eb504bd@group-B03F595EF377:LeaderElection37] INFO  impl.LeaderElection (LeaderElection.java:askForVotes(182)) - 0fea6042-f313-47c8-88f5-4fc51eb504bd@group-B03F595EF377:LeaderElection37: begin an election at term 1 for -1: [0fea6042-f313-47c8-88f5-4fc51eb504bd:192.168.5.179:46857], old=null
2019-09-18 18:14:28,166 [3a575cb8-02ec-4080-a602-d8df6dca58ac@group-69155E9773E0:LeaderElection36] INFO  impl.RoleInfo (RoleInfo.java:shutdownLeaderElection(134)) - 3a575cb8-02ec-4080-a602-d8df6dca58ac: shutdown LeaderElection
2019-09-18 18:14:28,166 [0fea6042-f313-47c8-88f5-4fc51eb504bd@group-B03F595EF377:LeaderElection37] INFO  impl.RoleInfo (RoleInfo.java:shutdownLeaderElection(134)) - 0fea6042-f313-47c8-88f5-4fc51eb504bd: shutdown LeaderElection
2019-09-18 18:14:28,166 [3a575cb8-02ec-4080-a602-d8df6dca58ac@group-69155E9773E0:LeaderElection36] INFO  impl.RaftServerImpl (RaftServerImpl.java:setRole(174)) - 3a575cb8-02ec-4080-a602-d8df6dca58ac@group-69155E9773E0: changes role from CANDIDATE to LEADER at term 1 for changeToLeader
2019-09-18 18:14:28,166 [0fea6042-f313-47c8-88f5-4fc51eb504bd@group-B03F595EF377:LeaderElection37] INFO  impl.RaftServerImpl (RaftServerImpl.java:setRole(174)) - 0fea6042-f313-47c8-88f5-4fc51eb504bd@group-B03F595EF377: changes role from CANDIDATE to LEADER at term 1 for changeToLeader
2019-09-18 18:14:28,166 [3a575cb8-02ec-4080-a602-d8df6dca58ac@group-69155E9773E0:LeaderElection36] INFO  impl.RaftServerImpl (ServerState.java:setLeader(253)) - 3a575cb8-02ec-4080-a602-d8df6dca58ac@group-69155E9773E0: change Leader from null to 3a575cb8-02ec-4080-a602-d8df6dca58ac at term 1 for becomeLeader, leader elected after 5102ms
2019-09-18 18:14:28,166 [0fea6042-f313-47c8-88f5-4fc51eb504bd@group-B03F595EF377:LeaderElection37] INFO  impl.RaftServerImpl (ServerState.java:setLeader(253)) - 0fea6042-f313-47c8-88f5-4fc51eb504bd@group-B03F595EF377: change Leader from null to 0fea6042-f313-47c8-88f5-4fc51eb504bd at term 1 for becomeLeader, leader elected after 5200ms
2019-09-18 18:14:28,167 [3a575cb8-02ec-4080-a602-d8df6dca58ac@group-69155E9773E0:LeaderElection36] INFO  server.RaftServerConfigKeys (ConfUtils.java:logGet(43)) - raft.server.staging.catchup.gap = 1000 (default)
2019-09-18 18:14:28,167 [0fea6042-f313-47c8-88f5-4fc51eb504bd@group-B03F595EF377:LeaderElection37] INFO  server.RaftServerConfigKeys (ConfUtils.java:logGet(43)) - raft.server.staging.catchup.gap = 1000 (default)
2019-09-18 18:14:28,167 [3a575cb8-02ec-4080-a602-d8df6dca58ac@group-69155E9773E0:LeaderElection36] INFO  server.RaftServerConfigKeys (ConfUtils.java:logGet(43)) - raft.server.rpc.sleep.time = 25ms (default)
2019-09-18 18:14:28,167 [0fea6042-f313-47c8-88f5-4fc51eb504bd@group-B03F595EF377:LeaderElection37] INFO  server.RaftServerConfigKeys (ConfUtils.java:logGet(43)) - raft.server.rpc.sleep.time = 25ms (default)
2019-09-18 18:14:28,167 [3a575cb8-02ec-4080-a602-d8df6dca58ac@group-69155E9773E0:LeaderElection36] INFO  server.RaftServerConfigKeys (ConfUtils.java:logGet(43)) - raft.server.write.element-limit = 4096 (default)
2019-09-18 18:14:28,167 [0fea6042-f313-47c8-88f5-4fc51eb504bd@group-B03F595EF377:LeaderElection37] INFO  server.RaftServerConfigKeys (ConfUtils.java:logGet(43)) - raft.server.write.element-limit = 4096 (default)
2019-09-18 18:14:28,168 [3a575cb8-02ec-4080-a602-d8df6dca58ac@group-69155E9773E0:LeaderElection36] INFO  server.RaftServerConfigKeys (ConfUtils.java:logGet(43)) - raft.server.watch.timeout = 10s (default)
2019-09-18 18:14:28,168 [0fea6042-f313-47c8-88f5-4fc51eb504bd@group-B03F595EF377:LeaderElection37] INFO  server.RaftServerConfigKeys (ConfUtils.java:logGet(43)) - raft.server.watch.timeout = 10s (default)
2019-09-18 18:14:28,168 [3a575cb8-02ec-4080-a602-d8df6dca58ac@group-69155E9773E0:LeaderElection36] INFO  server.RaftServerConfigKeys (ConfUtils.java:logGet(43)) - raft.server.watch.timeout.denomination = 1s (default)
2019-09-18 18:14:28,168 [0fea6042-f313-47c8-88f5-4fc51eb504bd@group-B03F595EF377:LeaderElection37] INFO  server.RaftServerConfigKeys (ConfUtils.java:logGet(43)) - raft.server.watch.timeout.denomination = 1s (default)
2019-09-18 18:14:28,168 [3a575cb8-02ec-4080-a602-d8df6dca58ac@group-69155E9773E0:LeaderElection36] INFO  server.RaftServerConfigKeys (ConfUtils.java:logGet(43)) - raft.server.watch.element-limit = 65536 (default)
2019-09-18 18:14:28,168 [0fea6042-f313-47c8-88f5-4fc51eb504bd@group-B03F595EF377:LeaderElection37] INFO  server.RaftServerConfigKeys (ConfUtils.java:logGet(43)) - raft.server.watch.element-limit = 65536 (default)
2019-09-18 18:14:28,173 [3a575cb8-02ec-4080-a602-d8df6dca58ac@group-69155E9773E0:LeaderElection36] INFO  impl.RoleInfo (RoleInfo.java:updateAndGet(143)) - 3a575cb8-02ec-4080-a602-d8df6dca58ac: start LeaderState
2019-09-18 18:14:28,173 [0fea6042-f313-47c8-88f5-4fc51eb504bd@group-B03F595EF377:LeaderElection37] INFO  impl.RoleInfo (RoleInfo.java:updateAndGet(143)) - 0fea6042-f313-47c8-88f5-4fc51eb504bd: start LeaderState
2019-09-18 18:14:28,173 [3a575cb8-02ec-4080-a602-d8df6dca58ac@group-69155E9773E0:LeaderElection36] INFO  segmented.SegmentedRaftLogWorker (SegmentedRaftLogWorker.java:startLogSegment(380)) - 3a575cb8-02ec-4080-a602-d8df6dca58ac@group-69155E9773E0-SegmentedRaftLogWorker: Starting segment from index:0
2019-09-18 18:14:28,173 [0fea6042-f313-47c8-88f5-4fc51eb504bd@group-B03F595EF377:LeaderElection37] INFO  segmented.SegmentedRaftLogWorker (SegmentedRaftLogWorker.java:startLogSegment(380)) - 0fea6042-f313-47c8-88f5-4fc51eb504bd@group-B03F595EF377-SegmentedRaftLogWorker: Starting segment from index:0
2019-09-18 18:14:28,174 [3a575cb8-02ec-4080-a602-d8df6dca58ac@group-69155E9773E0:LeaderElection36] INFO  impl.RaftServerImpl (ServerState.java:setRaftConf(354)) - 3a575cb8-02ec-4080-a602-d8df6dca58ac@group-69155E9773E0: set configuration 0: [3a575cb8-02ec-4080-a602-d8df6dca58ac:192.168.5.179:43209], old=null at 0
2019-09-18 18:14:28,174 [0fea6042-f313-47c8-88f5-4fc51eb504bd@group-B03F595EF377:LeaderElection37] INFO  impl.RaftServerImpl (ServerState.java:setRaftConf(354)) - 0fea6042-f313-47c8-88f5-4fc51eb504bd@group-B03F595EF377: set configuration 0: [0fea6042-f313-47c8-88f5-4fc51eb504bd:192.168.5.179:46857], old=null at 0
2019-09-18 18:14:28,237 [Thread-1430] INFO  impl.FollowerState (FollowerState.java:run(106)) - a0ee338e-7f4e-4050-9cf3-0542d4801249:group-184C33D63214 changes to CANDIDATE, lastRpcTime:5092, electionTimeout:5092ms
2019-09-18 18:14:28,237 [Thread-1430] INFO  impl.RoleInfo (RoleInfo.java:shutdownFollowerState(121)) - a0ee338e-7f4e-4050-9cf3-0542d4801249: shutdown FollowerState
2019-09-18 18:14:28,237 [Thread-1430] INFO  impl.RaftServerImpl (RaftServerImpl.java:setRole(174)) - a0ee338e-7f4e-4050-9cf3-0542d4801249@group-184C33D63214: changes role from  FOLLOWER to CANDIDATE at term 0 for changeToCandidate
2019-09-18 18:14:28,237 [Thread-1430] INFO  impl.RoleInfo (RoleInfo.java:updateAndGet(143)) - a0ee338e-7f4e-4050-9cf3-0542d4801249: start LeaderElection
2019-09-18 18:14:28,246 [3a575cb8-02ec-4080-a602-d8df6dca58ac@group-69155E9773E0-SegmentedRaftLogWorker] INFO  segmented.SegmentedRaftLogWorker (SegmentedRaftLogWorker.java:execute(569)) - 3a575cb8-02ec-4080-a602-d8df6dca58ac@group-69155E9773E0-SegmentedRaftLogWorker: created new log segment /workdir/hadoop-ozone/integration-test/target/test-dir/MiniOzoneClusterImpl-af65669b-47b0-4744-a6c7-6ec9173b390b/datanode-3/data/ratis/cb7ccdf0-3f47-423c-adf7-69155e9773e0/current/log_inprogress_0
2019-09-18 18:14:28,246 [0fea6042-f313-47c8-88f5-4fc51eb504bd@group-B03F595EF377-SegmentedRaftLogWorker] INFO  segmented.SegmentedRaftLogWorker (SegmentedRaftLogWorker.java:execute(569)) - 0fea6042-f313-47c8-88f5-4fc51eb504bd@group-B03F595EF377-SegmentedRaftLogWorker: created new log segment /workdir/hadoop-ozone/integration-test/target/test-dir/MiniOzoneClusterImpl-af65669b-47b0-4744-a6c7-6ec9173b390b/datanode-2/data/ratis/e8b30a56-cb06-4233-aea3-b03f595ef377/current/log_inprogress_0
2019-09-18 18:14:28,266 [a0ee338e-7f4e-4050-9cf3-0542d4801249@group-184C33D63214:LeaderElection38] INFO  impl.LeaderElection (LeaderElection.java:askForVotes(182)) - a0ee338e-7f4e-4050-9cf3-0542d4801249@group-184C33D63214:LeaderElection38: begin an election at term 1 for -1: [a0ee338e-7f4e-4050-9cf3-0542d4801249:192.168.5.179:38369], old=null
2019-09-18 18:14:28,266 [a0ee338e-7f4e-4050-9cf3-0542d4801249@group-184C33D63214:LeaderElection38] INFO  impl.RoleInfo (RoleInfo.java:shutdownLeaderElection(134)) - a0ee338e-7f4e-4050-9cf3-0542d4801249: shutdown LeaderElection
2019-09-18 18:14:28,266 [a0ee338e-7f4e-4050-9cf3-0542d4801249@group-184C33D63214:LeaderElection38] INFO  impl.RaftServerImpl (RaftServerImpl.java:setRole(174)) - a0ee338e-7f4e-4050-9cf3-0542d4801249@group-184C33D63214: changes role from CANDIDATE to LEADER at term 1 for changeToLeader
2019-09-18 18:14:28,267 [a0ee338e-7f4e-4050-9cf3-0542d4801249@group-184C33D63214:LeaderElection38] INFO  impl.RaftServerImpl (ServerState.java:setLeader(253)) - a0ee338e-7f4e-4050-9cf3-0542d4801249@group-184C33D63214: change Leader from null to a0ee338e-7f4e-4050-9cf3-0542d4801249 at term 1 for becomeLeader, leader elected after 5134ms
2019-09-18 18:14:28,267 [a0ee338e-7f4e-4050-9cf3-0542d4801249@group-184C33D63214:LeaderElection38] INFO  server.RaftServerConfigKeys (ConfUtils.java:logGet(43)) - raft.server.staging.catchup.gap = 1000 (default)
2019-09-18 18:14:28,269 [a0ee338e-7f4e-4050-9cf3-0542d4801249@group-184C33D63214:LeaderElection38] INFO  server.RaftServerConfigKeys (ConfUtils.java:logGet(43)) - raft.server.rpc.sleep.time = 25ms (default)
2019-09-18 18:14:28,270 [a0ee338e-7f4e-4050-9cf3-0542d4801249@group-184C33D63214:LeaderElection38] INFO  server.RaftServerConfigKeys (ConfUtils.java:logGet(43)) - raft.server.write.element-limit = 4096 (default)
2019-09-18 18:14:28,270 [a0ee338e-7f4e-4050-9cf3-0542d4801249@group-184C33D63214:LeaderElection38] INFO  server.RaftServerConfigKeys (ConfUtils.java:logGet(43)) - raft.server.watch.timeout = 10s (default)
2019-09-18 18:14:28,270 [a0ee338e-7f4e-4050-9cf3-0542d4801249@group-184C33D63214:LeaderElection38] INFO  server.RaftServerConfigKeys (ConfUtils.java:logGet(43)) - raft.server.watch.timeout.denomination = 1s (default)
2019-09-18 18:14:28,270 [a0ee338e-7f4e-4050-9cf3-0542d4801249@group-184C33D63214:LeaderElection38] INFO  server.RaftServerConfigKeys (ConfUtils.java:logGet(43)) - raft.server.watch.element-limit = 65536 (default)
2019-09-18 18:14:28,270 [grpc-default-executor-5] INFO  client.GrpcClientProtocolClient (GrpcClientProtocolClient.java:onNext(264)) - client-91FB92408E09->3ef7a417-ae63-496d-bb71-db4e5393a166: receive RaftClientReply:client-91FB92408E09->3ef7a417-ae63-496d-bb71-db4e5393a166@group-BA32039417FB, cid=66, FAILED org.apache.ratis.protocol.NotLeaderException: Server 3ef7a417-ae63-496d-bb71-db4e5393a166@group-BA32039417FB is not the leader, logIndex=0, commits[3ef7a417-ae63-496d-bb71-db4e5393a166:c-1]
2019-09-18 18:14:28,275 [a0ee338e-7f4e-4050-9cf3-0542d4801249@group-184C33D63214:LeaderElection38] INFO  impl.RoleInfo (RoleInfo.java:updateAndGet(143)) - a0ee338e-7f4e-4050-9cf3-0542d4801249: start LeaderState
2019-09-18 18:14:28,275 [a0ee338e-7f4e-4050-9cf3-0542d4801249@group-184C33D63214:LeaderElection38] INFO  segmented.SegmentedRaftLogWorker (SegmentedRaftLogWorker.java:startLogSegment(380)) - a0ee338e-7f4e-4050-9cf3-0542d4801249@group-184C33D63214-SegmentedRaftLogWorker: Starting segment from index:0
2019-09-18 18:14:28,276 [a0ee338e-7f4e-4050-9cf3-0542d4801249@group-184C33D63214:LeaderElection38] INFO  impl.RaftServerImpl (ServerState.java:setRaftConf(354)) - a0ee338e-7f4e-4050-9cf3-0542d4801249@group-184C33D63214: set configuration 0: [a0ee338e-7f4e-4050-9cf3-0542d4801249:192.168.5.179:38369], old=null at 0
2019-09-18 18:14:28,282 [Thread-1433] INFO  impl.FollowerState (FollowerState.java:run(106)) - 9af89336-6d5d-4d28-b237-6b13fc6491ad:group-B6CD2755779B changes to CANDIDATE, lastRpcTime:5068, electionTimeout:5068ms
2019-09-18 18:14:28,283 [Thread-1433] INFO  impl.RoleInfo (RoleInfo.java:shutdownFollowerState(121)) - 9af89336-6d5d-4d28-b237-6b13fc6491ad: shutdown FollowerState
2019-09-18 18:14:28,283 [Thread-1433] INFO  impl.RaftServerImpl (RaftServerImpl.java:setRole(174)) - 9af89336-6d5d-4d28-b237-6b13fc6491ad@group-B6CD2755779B: changes role from  FOLLOWER to CANDIDATE at term 0 for changeToCandidate
2019-09-18 18:14:28,283 [Thread-1433] INFO  impl.RoleInfo (RoleInfo.java:updateAndGet(143)) - 9af89336-6d5d-4d28-b237-6b13fc6491ad: start LeaderElection
2019-09-18 18:14:28,323 [Thread-1436] INFO  impl.FollowerState (FollowerState.java:run(106)) - c7e18c42-0f84-4acb-9075-692450bbb0ea:group-18AA96EFB30D changes to CANDIDATE, lastRpcTime:5046, electionTimeout:5046ms
2019-09-18 18:14:28,323 [Thread-1436] INFO  impl.RoleInfo (RoleInfo.java:shutdownFollowerState(121)) - c7e18c42-0f84-4acb-9075-692450bbb0ea: shutdown FollowerState
2019-09-18 18:14:28,324 [Thread-1436] INFO  impl.RaftServerImpl (RaftServerImpl.java:setRole(174)) - c7e18c42-0f84-4acb-9075-692450bbb0ea@group-18AA96EFB30D: changes role from  FOLLOWER to CANDIDATE at term 0 for changeToCandidate
2019-09-18 18:14:28,324 [Thread-1436] INFO  impl.RoleInfo (RoleInfo.java:updateAndGet(143)) - c7e18c42-0f84-4acb-9075-692450bbb0ea: start LeaderElection
2019-09-18 18:14:28,339 [a0ee338e-7f4e-4050-9cf3-0542d4801249@group-184C33D63214-SegmentedRaftLogWorker] INFO  segmented.SegmentedRaftLogWorker (SegmentedRaftLogWorker.java:execute(569)) - a0ee338e-7f4e-4050-9cf3-0542d4801249@group-184C33D63214-SegmentedRaftLogWorker: created new log segment /workdir/hadoop-ozone/integration-test/target/test-dir/MiniOzoneClusterImpl-af65669b-47b0-4744-a6c7-6ec9173b390b/datanode-4/data/ratis/b6efe115-4e79-4fa2-807a-184c33d63214/current/log_inprogress_0
2019-09-18 18:14:28,347 [9af89336-6d5d-4d28-b237-6b13fc6491ad@group-B6CD2755779B:LeaderElection39] INFO  impl.LeaderElection (LeaderElection.java:askForVotes(182)) - 9af89336-6d5d-4d28-b237-6b13fc6491ad@group-B6CD2755779B:LeaderElection39: begin an election at term 1 for -1: [9af89336-6d5d-4d28-b237-6b13fc6491ad:192.168.5.179:35356], old=null
2019-09-18 18:14:28,348 [9af89336-6d5d-4d28-b237-6b13fc6491ad@group-B6CD2755779B:LeaderElection39] INFO  impl.RoleInfo (RoleInfo.java:shutdownLeaderElection(134)) - 9af89336-6d5d-4d28-b237-6b13fc6491ad: shutdown LeaderElection
2019-09-18 18:14:28,348 [9af89336-6d5d-4d28-b237-6b13fc6491ad@group-B6CD2755779B:LeaderElection39] INFO  impl.RaftServerImpl (RaftServerImpl.java:setRole(174)) - 9af89336-6d5d-4d28-b237-6b13fc6491ad@group-B6CD2755779B: changes role from CANDIDATE to LEADER at term 1 for changeToLeader
2019-09-18 18:14:28,348 [9af89336-6d5d-4d28-b237-6b13fc6491ad@group-B6CD2755779B:LeaderElection39] INFO  impl.RaftServerImpl (ServerState.java:setLeader(253)) - 9af89336-6d5d-4d28-b237-6b13fc6491ad@group-B6CD2755779B: change Leader from null to 9af89336-6d5d-4d28-b237-6b13fc6491ad at term 1 for becomeLeader, leader elected after 5140ms
2019-09-18 18:14:28,348 [9af89336-6d5d-4d28-b237-6b13fc6491ad@group-B6CD2755779B:LeaderElection39] INFO  server.RaftServerConfigKeys (ConfUtils.java:logGet(43)) - raft.server.staging.catchup.gap = 1000 (default)
2019-09-18 18:14:28,348 [9af89336-6d5d-4d28-b237-6b13fc6491ad@group-B6CD2755779B:LeaderElection39] INFO  server.RaftServerConfigKeys (ConfUtils.java:logGet(43)) - raft.server.rpc.sleep.time = 25ms (default)
2019-09-18 18:14:28,348 [9af89336-6d5d-4d28-b237-6b13fc6491ad@group-B6CD2755779B:LeaderElection39] INFO  server.RaftServerConfigKeys (ConfUtils.java:logGet(43)) - raft.server.write.element-limit = 4096 (default)
2019-09-18 18:14:28,348 [9af89336-6d5d-4d28-b237-6b13fc6491ad@group-B6CD2755779B:LeaderElection39] INFO  server.RaftServerConfigKeys (ConfUtils.java:logGet(43)) - raft.server.watch.timeout = 10s (default)
2019-09-18 18:14:28,348 [9af89336-6d5d-4d28-b237-6b13fc6491ad@group-B6CD2755779B:LeaderElection39] INFO  server.RaftServerConfigKeys (ConfUtils.java:logGet(43)) - raft.server.watch.timeout.denomination = 1s (default)
2019-09-18 18:14:28,348 [9af89336-6d5d-4d28-b237-6b13fc6491ad@group-B6CD2755779B:LeaderElection39] INFO  server.RaftServerConfigKeys (ConfUtils.java:logGet(43)) - raft.server.watch.element-limit = 65536 (default)
2019-09-18 18:14:28,350 [9af89336-6d5d-4d28-b237-6b13fc6491ad@group-B6CD2755779B:LeaderElection39] INFO  impl.RoleInfo (RoleInfo.java:updateAndGet(143)) - 9af89336-6d5d-4d28-b237-6b13fc6491ad: start LeaderState
2019-09-18 18:14:28,351 [9af89336-6d5d-4d28-b237-6b13fc6491ad@group-B6CD2755779B:LeaderElection39] INFO  segmented.SegmentedRaftLogWorker (SegmentedRaftLogWorker.java:startLogSegment(380)) - 9af89336-6d5d-4d28-b237-6b13fc6491ad@group-B6CD2755779B-SegmentedRaftLogWorker: Starting segment from index:0
2019-09-18 18:14:28,351 [9af89336-6d5d-4d28-b237-6b13fc6491ad@group-B6CD2755779B:LeaderElection39] INFO  impl.RaftServerImpl (ServerState.java:setRaftConf(354)) - 9af89336-6d5d-4d28-b237-6b13fc6491ad@group-B6CD2755779B: set configuration 0: [9af89336-6d5d-4d28-b237-6b13fc6491ad:192.168.5.179:35356], old=null at 0
2019-09-18 18:14:28,356 [c7e18c42-0f84-4acb-9075-692450bbb0ea@group-18AA96EFB30D:LeaderElection40] INFO  impl.LeaderElection (LeaderElection.java:askForVotes(182)) - c7e18c42-0f84-4acb-9075-692450bbb0ea@group-18AA96EFB30D:LeaderElection40: begin an election at term 1 for -1: [c7e18c42-0f84-4acb-9075-692450bbb0ea:192.168.5.179:43684], old=null
2019-09-18 18:14:28,356 [c7e18c42-0f84-4acb-9075-692450bbb0ea@group-18AA96EFB30D:LeaderElection40] INFO  impl.RoleInfo (RoleInfo.java:shutdownLeaderElection(134)) - c7e18c42-0f84-4acb-9075-692450bbb0ea: shutdown LeaderElection
2019-09-18 18:14:28,356 [c7e18c42-0f84-4acb-9075-692450bbb0ea@group-18AA96EFB30D:LeaderElection40] INFO  impl.RaftServerImpl (RaftServerImpl.java:setRole(174)) - c7e18c42-0f84-4acb-9075-692450bbb0ea@group-18AA96EFB30D: changes role from CANDIDATE to LEADER at term 1 for changeToLeader
2019-09-18 18:14:28,356 [c7e18c42-0f84-4acb-9075-692450bbb0ea@group-18AA96EFB30D:LeaderElection40] INFO  impl.RaftServerImpl (ServerState.java:setLeader(253)) - c7e18c42-0f84-4acb-9075-692450bbb0ea@group-18AA96EFB30D: change Leader from null to c7e18c42-0f84-4acb-9075-692450bbb0ea at term 1 for becomeLeader, leader elected after 5089ms
2019-09-18 18:14:28,356 [c7e18c42-0f84-4acb-9075-692450bbb0ea@group-18AA96EFB30D:LeaderElection40] INFO  server.RaftServerConfigKeys (ConfUtils.java:logGet(43)) - raft.server.staging.catchup.gap = 1000 (default)
2019-09-18 18:14:28,357 [c7e18c42-0f84-4acb-9075-692450bbb0ea@group-18AA96EFB30D:LeaderElection40] INFO  server.RaftServerConfigKeys (ConfUtils.java:logGet(43)) - raft.server.rpc.sleep.time = 25ms (default)
2019-09-18 18:14:28,357 [c7e18c42-0f84-4acb-9075-692450bbb0ea@group-18AA96EFB30D:LeaderElection40] INFO  server.RaftServerConfigKeys (ConfUtils.java:logGet(43)) - raft.server.write.element-limit = 4096 (default)
2019-09-18 18:14:28,357 [c7e18c42-0f84-4acb-9075-692450bbb0ea@group-18AA96EFB30D:LeaderElection40] INFO  server.RaftServerConfigKeys (ConfUtils.java:logGet(43)) - raft.server.watch.timeout = 10s (default)
2019-09-18 18:14:28,357 [c7e18c42-0f84-4acb-9075-692450bbb0ea@group-18AA96EFB30D:LeaderElection40] INFO  server.RaftServerConfigKeys (ConfUtils.java:logGet(43)) - raft.server.watch.timeout.denomination = 1s (default)
2019-09-18 18:14:28,357 [c7e18c42-0f84-4acb-9075-692450bbb0ea@group-18AA96EFB30D:LeaderElection40] INFO  server.RaftServerConfigKeys (ConfUtils.java:logGet(43)) - raft.server.watch.element-limit = 65536 (default)
2019-09-18 18:14:28,359 [c7e18c42-0f84-4acb-9075-692450bbb0ea@group-18AA96EFB30D:LeaderElection40] INFO  impl.RoleInfo (RoleInfo.java:updateAndGet(143)) - c7e18c42-0f84-4acb-9075-692450bbb0ea: start LeaderState
2019-09-18 18:14:28,359 [c7e18c42-0f84-4acb-9075-692450bbb0ea@group-18AA96EFB30D:LeaderElection40] INFO  segmented.SegmentedRaftLogWorker (SegmentedRaftLogWorker.java:startLogSegment(380)) - c7e18c42-0f84-4acb-9075-692450bbb0ea@group-18AA96EFB30D-SegmentedRaftLogWorker: Starting segment from index:0
2019-09-18 18:14:28,360 [c7e18c42-0f84-4acb-9075-692450bbb0ea@group-18AA96EFB30D:LeaderElection40] INFO  impl.RaftServerImpl (ServerState.java:setRaftConf(354)) - c7e18c42-0f84-4acb-9075-692450bbb0ea@group-18AA96EFB30D: set configuration 0: [c7e18c42-0f84-4acb-9075-692450bbb0ea:192.168.5.179:43684], old=null at 0
2019-09-18 18:14:28,406 [9af89336-6d5d-4d28-b237-6b13fc6491ad@group-B6CD2755779B-SegmentedRaftLogWorker] INFO  segmented.SegmentedRaftLogWorker (SegmentedRaftLogWorker.java:execute(569)) - 9af89336-6d5d-4d28-b237-6b13fc6491ad@group-B6CD2755779B-SegmentedRaftLogWorker: created new log segment /workdir/hadoop-ozone/integration-test/target/test-dir/MiniOzoneClusterImpl-af65669b-47b0-4744-a6c7-6ec9173b390b/datanode-5/data/ratis/693561a8-4729-4dae-b6c1-b6cd2755779b/current/log_inprogress_0
2019-09-18 18:14:28,406 [c7e18c42-0f84-4acb-9075-692450bbb0ea@group-18AA96EFB30D-SegmentedRaftLogWorker] INFO  segmented.SegmentedRaftLogWorker (SegmentedRaftLogWorker.java:execute(569)) - c7e18c42-0f84-4acb-9075-692450bbb0ea@group-18AA96EFB30D-SegmentedRaftLogWorker: created new log segment /workdir/hadoop-ozone/integration-test/target/test-dir/MiniOzoneClusterImpl-af65669b-47b0-4744-a6c7-6ec9173b390b/datanode-6/data/ratis/b0557608-c7a5-487c-afcd-18aa96efb30d/current/log_inprogress_0
2019-09-18 18:14:28,453 [Thread-1445] INFO  impl.FollowerState (FollowerState.java:run(106)) - 9af89336-6d5d-4d28-b237-6b13fc6491ad:group-BA32039417FB changes to CANDIDATE, lastRpcTime:5052, electionTimeout:5052ms
2019-09-18 18:14:28,454 [Thread-1445] INFO  impl.RoleInfo (RoleInfo.java:shutdownFollowerState(121)) - 9af89336-6d5d-4d28-b237-6b13fc6491ad: shutdown FollowerState
2019-09-18 18:14:28,454 [Thread-1445] INFO  impl.RaftServerImpl (RaftServerImpl.java:setRole(174)) - 9af89336-6d5d-4d28-b237-6b13fc6491ad@group-BA32039417FB: changes role from  FOLLOWER to CANDIDATE at term 0 for changeToCandidate
2019-09-18 18:14:28,454 [Thread-1445] INFO  impl.RoleInfo (RoleInfo.java:updateAndGet(143)) - 9af89336-6d5d-4d28-b237-6b13fc6491ad: start LeaderElection
2019-09-18 18:14:28,490 [9af89336-6d5d-4d28-b237-6b13fc6491ad@group-BA32039417FB:LeaderElection41] INFO  impl.LeaderElection (LeaderElection.java:askForVotes(182)) - 9af89336-6d5d-4d28-b237-6b13fc6491ad@group-BA32039417FB:LeaderElection41: begin an election at term 1 for -1: [a0ee338e-7f4e-4050-9cf3-0542d4801249:192.168.5.179:38369, 9af89336-6d5d-4d28-b237-6b13fc6491ad:192.168.5.179:35356, 3ef7a417-ae63-496d-bb71-db4e5393a166:192.168.5.179:40755], old=null
2019-09-18 18:14:28,498 [Thread-1443] INFO  impl.FollowerState (FollowerState.java:run(106)) - 3ef7a417-ae63-496d-bb71-db4e5393a166:group-BA32039417FB changes to CANDIDATE, lastRpcTime:5107, electionTimeout:5103ms
2019-09-18 18:14:28,498 [grpc-default-executor-5] INFO  impl.RaftServerImpl (RaftServerImpl.java:setRole(174)) - a0ee338e-7f4e-4050-9cf3-0542d4801249@group-BA32039417FB: changes role from  FOLLOWER to FOLLOWER at term 1 for recognizeCandidate:9af89336-6d5d-4d28-b237-6b13fc6491ad
2019-09-18 18:14:28,498 [Thread-1443] INFO  impl.RoleInfo (RoleInfo.java:shutdownFollowerState(121)) - 3ef7a417-ae63-496d-bb71-db4e5393a166: shutdown FollowerState
2019-09-18 18:14:28,516 [grpc-default-executor-5] INFO  impl.RoleInfo (RoleInfo.java:shutdownFollowerState(121)) - a0ee338e-7f4e-4050-9cf3-0542d4801249: shutdown FollowerState
2019-09-18 18:14:28,517 [Thread-1443] INFO  impl.RaftServerImpl (RaftServerImpl.java:setRole(174)) - 3ef7a417-ae63-496d-bb71-db4e5393a166@group-BA32039417FB: changes role from  FOLLOWER to CANDIDATE at term 0 for changeToCandidate
2019-09-18 18:14:28,517 [grpc-default-executor-5] INFO  impl.RoleInfo (RoleInfo.java:updateAndGet(143)) - a0ee338e-7f4e-4050-9cf3-0542d4801249: start FollowerState
2019-09-18 18:14:28,517 [Thread-1443] INFO  impl.RoleInfo (RoleInfo.java:updateAndGet(143)) - 3ef7a417-ae63-496d-bb71-db4e5393a166: start LeaderElection
2019-09-18 18:14:28,517 [Thread-1441] INFO  impl.FollowerState (FollowerState.java:run(115)) - a0ee338e-7f4e-4050-9cf3-0542d4801249: FollowerState was interrupted: java.lang.InterruptedException: sleep interrupted
2019-09-18 18:14:28,522 [grpc-default-executor-0] INFO  impl.RaftServerImpl (RaftServerImpl.java:setRole(174)) - 3ef7a417-ae63-496d-bb71-db4e5393a166@group-BA32039417FB: changes role from CANDIDATE to FOLLOWER at term 1 for recognizeCandidate:9af89336-6d5d-4d28-b237-6b13fc6491ad
2019-09-18 18:14:28,522 [grpc-default-executor-0] INFO  impl.RoleInfo (RoleInfo.java:shutdownLeaderElection(134)) - 3ef7a417-ae63-496d-bb71-db4e5393a166: shutdown LeaderElection
2019-09-18 18:14:28,522 [grpc-default-executor-0] INFO  impl.RoleInfo (RoleInfo.java:updateAndGet(143)) - 3ef7a417-ae63-496d-bb71-db4e5393a166: start FollowerState
2019-09-18 18:14:28,559 [9af89336-6d5d-4d28-b237-6b13fc6491ad@group-BA32039417FB:LeaderElection41] INFO  impl.LeaderElection (LeaderElection.java:logAndReturn(56)) - 9af89336-6d5d-4d28-b237-6b13fc6491ad@group-BA32039417FB:LeaderElection41: Election PASSED; received 2 response(s) [9af89336-6d5d-4d28-b237-6b13fc6491ad<-a0ee338e-7f4e-4050-9cf3-0542d4801249#0:OK-t1, 9af89336-6d5d-4d28-b237-6b13fc6491ad<-3ef7a417-ae63-496d-bb71-db4e5393a166#0:FAIL-t1] and 0 exception(s); 9af89336-6d5d-4d28-b237-6b13fc6491ad@group-BA32039417FB:t1, leader=null, voted=9af89336-6d5d-4d28-b237-6b13fc6491ad, raftlog=9af89336-6d5d-4d28-b237-6b13fc6491ad@group-BA32039417FB-SegmentedRaftLog:OPENED:c-1,f-1,i0, conf=-1: [a0ee338e-7f4e-4050-9cf3-0542d4801249:192.168.5.179:38369, 9af89336-6d5d-4d28-b237-6b13fc6491ad:192.168.5.179:35356, 3ef7a417-ae63-496d-bb71-db4e5393a166:192.168.5.179:40755], old=null
2019-09-18 18:14:28,559 [9af89336-6d5d-4d28-b237-6b13fc6491ad@group-BA32039417FB:LeaderElection41] INFO  impl.RoleInfo (RoleInfo.java:shutdownLeaderElection(134)) - 9af89336-6d5d-4d28-b237-6b13fc6491ad: shutdown LeaderElection
2019-09-18 18:14:28,560 [9af89336-6d5d-4d28-b237-6b13fc6491ad@group-BA32039417FB:LeaderElection41] INFO  impl.RaftServerImpl (RaftServerImpl.java:setRole(174)) - 9af89336-6d5d-4d28-b237-6b13fc6491ad@group-BA32039417FB: changes role from CANDIDATE to LEADER at term 1 for changeToLeader
2019-09-18 18:14:28,560 [9af89336-6d5d-4d28-b237-6b13fc6491ad@group-BA32039417FB:LeaderElection41] INFO  impl.RaftServerImpl (ServerState.java:setLeader(253)) - 9af89336-6d5d-4d28-b237-6b13fc6491ad@group-BA32039417FB: change Leader from null to 9af89336-6d5d-4d28-b237-6b13fc6491ad at term 1 for becomeLeader, leader elected after 5182ms
2019-09-18 18:14:28,560 [9af89336-6d5d-4d28-b237-6b13fc6491ad@group-BA32039417FB:LeaderElection41] INFO  server.RaftServerConfigKeys (ConfUtils.java:logGet(43)) - raft.server.staging.catchup.gap = 1000 (default)
2019-09-18 18:14:28,560 [9af89336-6d5d-4d28-b237-6b13fc6491ad@group-BA32039417FB:LeaderElection41] INFO  server.RaftServerConfigKeys (ConfUtils.java:logGet(43)) - raft.server.rpc.sleep.time = 25ms (default)
2019-09-18 18:14:28,560 [9af89336-6d5d-4d28-b237-6b13fc6491ad@group-BA32039417FB:LeaderElection41] INFO  server.RaftServerConfigKeys (ConfUtils.java:logGet(43)) - raft.server.write.element-limit = 4096 (default)
2019-09-18 18:14:28,561 [9af89336-6d5d-4d28-b237-6b13fc6491ad@group-BA32039417FB:LeaderElection41] INFO  server.RaftServerConfigKeys (ConfUtils.java:logGet(43)) - raft.server.watch.timeout = 10s (default)
2019-09-18 18:14:28,561 [9af89336-6d5d-4d28-b237-6b13fc6491ad@group-BA32039417FB:LeaderElection41] INFO  server.RaftServerConfigKeys (ConfUtils.java:logGet(43)) - raft.server.watch.timeout.denomination = 1s (default)
2019-09-18 18:14:28,561 [9af89336-6d5d-4d28-b237-6b13fc6491ad@group-BA32039417FB:LeaderElection41] INFO  server.RaftServerConfigKeys (ConfUtils.java:logGet(43)) - raft.server.watch.element-limit = 65536 (default)
2019-09-18 18:14:28,564 [9af89336-6d5d-4d28-b237-6b13fc6491ad@group-BA32039417FB:LeaderElection41] INFO  server.RaftServerConfigKeys (ConfUtils.java:logGet(43)) - raft.server.log.appender.snapshot.chunk.size.max = 16MB (=16777216) (default)
2019-09-18 18:14:28,564 [9af89336-6d5d-4d28-b237-6b13fc6491ad@group-BA32039417FB:LeaderElection41] INFO  server.RaftServerConfigKeys (ConfUtils.java:logGet(43)) - raft.server.log.appender.buffer.byte-limit = 33554432 (custom)
2019-09-18 18:14:28,564 [9af89336-6d5d-4d28-b237-6b13fc6491ad@group-BA32039417FB:LeaderElection41] INFO  server.RaftServerConfigKeys (ConfUtils.java:logGet(43)) - raft.server.log.appender.buffer.element-limit = 1 (custom)
2019-09-18 18:14:28,565 [9af89336-6d5d-4d28-b237-6b13fc6491ad@group-BA32039417FB:LeaderElection41] INFO  grpc.GrpcConfigKeys$Server (ConfUtils.java:logGet(43)) - raft.grpc.server.leader.outstanding.appends.max = 128 (default)
2019-09-18 18:14:28,565 [9af89336-6d5d-4d28-b237-6b13fc6491ad@group-BA32039417FB:LeaderElection41] INFO  server.RaftServerConfigKeys (ConfUtils.java:logGet(43)) - raft.server.rpc.request.timeout = 3000ms (default)
2019-09-18 18:14:28,565 [9af89336-6d5d-4d28-b237-6b13fc6491ad@group-BA32039417FB:LeaderElection41] INFO  server.RaftServerConfigKeys (ConfUtils.java:logGet(43)) - raft.server.log.appender.install.snapshot.enabled = false (custom)
2019-09-18 18:14:28,566 [9af89336-6d5d-4d28-b237-6b13fc6491ad@group-BA32039417FB:LeaderElection41] INFO  server.RaftServerConfigKeys (ConfUtils.java:logGet(43)) - raft.server.log.appender.snapshot.chunk.size.max = 16MB (=16777216) (default)
2019-09-18 18:14:28,566 [9af89336-6d5d-4d28-b237-6b13fc6491ad@group-BA32039417FB:LeaderElection41] INFO  server.RaftServerConfigKeys (ConfUtils.java:logGet(43)) - raft.server.log.appender.buffer.byte-limit = 33554432 (custom)
2019-09-18 18:14:28,566 [9af89336-6d5d-4d28-b237-6b13fc6491ad@group-BA32039417FB:LeaderElection41] INFO  server.RaftServerConfigKeys (ConfUtils.java:logGet(43)) - raft.server.log.appender.buffer.element-limit = 1 (custom)
2019-09-18 18:14:28,566 [9af89336-6d5d-4d28-b237-6b13fc6491ad@group-BA32039417FB:LeaderElection41] INFO  grpc.GrpcConfigKeys$Server (ConfUtils.java:logGet(43)) - raft.grpc.server.leader.outstanding.appends.max = 128 (default)
2019-09-18 18:14:28,566 [9af89336-6d5d-4d28-b237-6b13fc6491ad@group-BA32039417FB:LeaderElection41] INFO  server.RaftServerConfigKeys (ConfUtils.java:logGet(43)) - raft.server.rpc.request.timeout = 3000ms (default)
2019-09-18 18:14:28,567 [9af89336-6d5d-4d28-b237-6b13fc6491ad@group-BA32039417FB:LeaderElection41] INFO  server.RaftServerConfigKeys (ConfUtils.java:logGet(43)) - raft.server.log.appender.install.snapshot.enabled = false (custom)
2019-09-18 18:14:28,567 [9af89336-6d5d-4d28-b237-6b13fc6491ad@group-BA32039417FB:LeaderElection41] INFO  impl.RoleInfo (RoleInfo.java:updateAndGet(143)) - 9af89336-6d5d-4d28-b237-6b13fc6491ad: start LeaderState
2019-09-18 18:14:28,567 [9af89336-6d5d-4d28-b237-6b13fc6491ad@group-BA32039417FB:LeaderElection41] INFO  segmented.SegmentedRaftLogWorker (SegmentedRaftLogWorker.java:startLogSegment(380)) - 9af89336-6d5d-4d28-b237-6b13fc6491ad@group-BA32039417FB-SegmentedRaftLogWorker: Starting segment from index:0
2019-09-18 18:14:28,568 [9af89336-6d5d-4d28-b237-6b13fc6491ad@group-BA32039417FB:LeaderElection41] INFO  impl.RaftServerImpl (ServerState.java:setRaftConf(354)) - 9af89336-6d5d-4d28-b237-6b13fc6491ad@group-BA32039417FB: set configuration 0: [a0ee338e-7f4e-4050-9cf3-0542d4801249:192.168.5.179:38369, 9af89336-6d5d-4d28-b237-6b13fc6491ad:192.168.5.179:35356, 3ef7a417-ae63-496d-bb71-db4e5393a166:192.168.5.179:40755], old=null at 0
2019-09-18 18:14:28,597 [grpc-default-executor-0] INFO  impl.RaftServerImpl (ServerState.java:setLeader(253)) - a0ee338e-7f4e-4050-9cf3-0542d4801249@group-BA32039417FB: change Leader from null to 9af89336-6d5d-4d28-b237-6b13fc6491ad at term 1 for appendEntries, leader elected after 5219ms
2019-09-18 18:14:28,600 [grpc-default-executor-0] INFO  impl.RaftServerImpl (ServerState.java:setRaftConf(354)) - a0ee338e-7f4e-4050-9cf3-0542d4801249@group-BA32039417FB: set configuration 0: [a0ee338e-7f4e-4050-9cf3-0542d4801249:192.168.5.179:38369, 9af89336-6d5d-4d28-b237-6b13fc6491ad:192.168.5.179:35356, 3ef7a417-ae63-496d-bb71-db4e5393a166:192.168.5.179:40755], old=null at 0
2019-09-18 18:14:28,600 [grpc-default-executor-0] INFO  segmented.SegmentedRaftLogWorker (SegmentedRaftLogWorker.java:startLogSegment(380)) - a0ee338e-7f4e-4050-9cf3-0542d4801249@group-BA32039417FB-SegmentedRaftLogWorker: Starting segment from index:0
2019-09-18 18:14:28,619 [Thread-1450] INFO  impl.FollowerState (FollowerState.java:run(106)) - f33e9dde-5d49-4009-9083-c5ac57e5d421:group-8B6A9A3B1C3D changes to CANDIDATE, lastRpcTime:5123, electionTimeout:5123ms
2019-09-18 18:14:28,619 [Thread-1450] INFO  impl.RoleInfo (RoleInfo.java:shutdownFollowerState(121)) - f33e9dde-5d49-4009-9083-c5ac57e5d421: shutdown FollowerState
2019-09-18 18:14:28,619 [Thread-1450] INFO  impl.RaftServerImpl (RaftServerImpl.java:setRole(174)) - f33e9dde-5d49-4009-9083-c5ac57e5d421@group-8B6A9A3B1C3D: changes role from  FOLLOWER to CANDIDATE at term 0 for changeToCandidate
2019-09-18 18:14:28,619 [Thread-1450] INFO  impl.RoleInfo (RoleInfo.java:updateAndGet(143)) - f33e9dde-5d49-4009-9083-c5ac57e5d421: start LeaderElection
2019-09-18 18:14:28,639 [9af89336-6d5d-4d28-b237-6b13fc6491ad@group-BA32039417FB-SegmentedRaftLogWorker] INFO  segmented.SegmentedRaftLogWorker (SegmentedRaftLogWorker.java:execute(569)) - 9af89336-6d5d-4d28-b237-6b13fc6491ad@group-BA32039417FB-SegmentedRaftLogWorker: created new log segment /workdir/hadoop-ozone/integration-test/target/test-dir/MiniOzoneClusterImpl-af65669b-47b0-4744-a6c7-6ec9173b390b/datanode-5/data/ratis/57da6657-5188-4e1c-8367-ba32039417fb/current/log_inprogress_0
2019-09-18 18:14:28,639 [3ef7a417-ae63-496d-bb71-db4e5393a166@group-BA32039417FB:LeaderElection42] INFO  impl.LeaderElection (LeaderElection.java:askForVotes(182)) - 3ef7a417-ae63-496d-bb71-db4e5393a166@group-BA32039417FB:LeaderElection42: begin an election at term 2 for -1: [a0ee338e-7f4e-4050-9cf3-0542d4801249:192.168.5.179:38369, 9af89336-6d5d-4d28-b237-6b13fc6491ad:192.168.5.179:35356, 3ef7a417-ae63-496d-bb71-db4e5393a166:192.168.5.179:40755], old=null
2019-09-18 18:14:28,642 [3ef7a417-ae63-496d-bb71-db4e5393a166@group-BA32039417FB:LeaderElection42] INFO  impl.LeaderElection (LeaderElection.java:logAndReturn(56)) - 3ef7a417-ae63-496d-bb71-db4e5393a166@group-BA32039417FB:LeaderElection42: Election REJECTED; received 0 response(s) [] and 0 exception(s); 3ef7a417-ae63-496d-bb71-db4e5393a166@group-BA32039417FB:t2, leader=null, voted=3ef7a417-ae63-496d-bb71-db4e5393a166, raftlog=3ef7a417-ae63-496d-bb71-db4e5393a166@group-BA32039417FB-SegmentedRaftLog:OPENED:c-1,f-1,i0, conf=-1: [a0ee338e-7f4e-4050-9cf3-0542d4801249:192.168.5.179:38369, 9af89336-6d5d-4d28-b237-6b13fc6491ad:192.168.5.179:35356, 3ef7a417-ae63-496d-bb71-db4e5393a166:192.168.5.179:40755], old=null
2019-09-18 18:14:28,644 [Thread-1490] INFO  impl.RaftServerImpl (ServerState.java:setLeader(253)) - 9af89336-6d5d-4d28-b237-6b13fc6491ad@group-BA32039417FB: change Leader from 9af89336-6d5d-4d28-b237-6b13fc6491ad to null at term 2 for updateCurrentTerm
2019-09-18 18:14:28,644 [Thread-1490] INFO  impl.RaftServerImpl (RaftServerImpl.java:setRole(174)) - 9af89336-6d5d-4d28-b237-6b13fc6491ad@group-BA32039417FB: changes role from    LEADER to FOLLOWER at term 2 for stepDown
2019-09-18 18:14:28,644 [Thread-1490] INFO  impl.RoleInfo (RoleInfo.java:shutdownLeaderState(104)) - 9af89336-6d5d-4d28-b237-6b13fc6491ad: shutdown LeaderState
2019-09-18 18:14:28,648 [org.apache.ratis.server.impl.LogAppender$AppenderDaemon$$Lambda$416/717804939@263beeaf] WARN  server.GrpcLogAppender (GrpcLogAppender.java:mayWait(143)) - 9af89336-6d5d-4d28-b237-6b13fc6491ad@group-BA32039417FB->3ef7a417-ae63-496d-bb71-db4e5393a166-GrpcLogAppender: Wait interrupted by java.lang.InterruptedException
2019-09-18 18:14:28,648 [Thread-1490] INFO  impl.PendingRequests (PendingRequests.java:sendNotLeaderResponses(202)) - 9af89336-6d5d-4d28-b237-6b13fc6491ad-PendingRequests: sendNotLeaderResponses
2019-09-18 18:14:28,650 [org.apache.ratis.server.impl.LogAppender$AppenderDaemon$$Lambda$416/717804939@3907d150] WARN  server.GrpcLogAppender (GrpcLogAppender.java:mayWait(143)) - 9af89336-6d5d-4d28-b237-6b13fc6491ad@group-BA32039417FB->a0ee338e-7f4e-4050-9cf3-0542d4801249-GrpcLogAppender: Wait interrupted by java.lang.InterruptedException
2019-09-18 18:14:28,650 [Thread-1490] INFO  impl.RoleInfo (RoleInfo.java:updateAndGet(143)) - 9af89336-6d5d-4d28-b237-6b13fc6491ad: start FollowerState
2019-09-18 18:14:28,650 [grpc-default-executor-5] INFO  server.GrpcServerProtocolService (GrpcServerProtocolService.java:onCompleted(113)) - 3ef7a417-ae63-496d-bb71-db4e5393a166: Completed APPEND_ENTRIES, lastRequest: 9af89336-6d5d-4d28-b237-6b13fc6491ad->3ef7a417-ae63-496d-bb71-db4e5393a166#0-t1, previous=(t:0, i:0), leaderCommit=-1, initializing? false, entries: <empty>
2019-09-18 18:14:28,651 [grpc-default-executor-1] INFO  server.GrpcServerProtocolService (GrpcServerProtocolService.java:onCompleted(113)) - a0ee338e-7f4e-4050-9cf3-0542d4801249: Completed APPEND_ENTRIES, lastRequest: 9af89336-6d5d-4d28-b237-6b13fc6491ad->a0ee338e-7f4e-4050-9cf3-0542d4801249#1-t1, previous=(t:0, i:0), leaderCommit=-1, initializing? false, entries: size=1, first=(t:1, i:0), CONFIGURATIONENTRY
2019-09-18 18:14:28,656 [grpc-default-executor-1] INFO  server.GrpcLogAppender (GrpcLogAppender.java:onCompleted(293)) - 9af89336-6d5d-4d28-b237-6b13fc6491ad@group-BA32039417FB->3ef7a417-ae63-496d-bb71-db4e5393a166-AppendLogResponseHandler: follower responses appendEntries COMPLETED
2019-09-18 18:14:28,657 [grpc-default-executor-5] INFO  impl.RaftServerImpl (ServerState.java:setLeader(253)) - a0ee338e-7f4e-4050-9cf3-0542d4801249@group-BA32039417FB: change Leader from 9af89336-6d5d-4d28-b237-6b13fc6491ad to null at term 2 for updateCurrentTerm
2019-09-18 18:14:28,658 [grpc-default-executor-1] INFO  impl.FollowerInfo (FollowerInfo.java:lambda$new$0(51)) - 9af89336-6d5d-4d28-b237-6b13fc6491ad@group-BA32039417FB->3ef7a417-ae63-496d-bb71-db4e5393a166: nextIndex: updateUnconditionally 0 -> 0
2019-09-18 18:14:28,658 [grpc-default-executor-0] INFO  server.GrpcLogAppender (GrpcLogAppender.java:onCompleted(293)) - 9af89336-6d5d-4d28-b237-6b13fc6491ad@group-BA32039417FB->a0ee338e-7f4e-4050-9cf3-0542d4801249-AppendLogResponseHandler: follower responses appendEntries COMPLETED
2019-09-18 18:14:28,660 [a0ee338e-7f4e-4050-9cf3-0542d4801249@group-BA32039417FB-SegmentedRaftLogWorker] INFO  segmented.SegmentedRaftLogWorker (SegmentedRaftLogWorker.java:execute(569)) - a0ee338e-7f4e-4050-9cf3-0542d4801249@group-BA32039417FB-SegmentedRaftLogWorker: created new log segment /workdir/hadoop-ozone/integration-test/target/test-dir/MiniOzoneClusterImpl-af65669b-47b0-4744-a6c7-6ec9173b390b/datanode-4/data/ratis/57da6657-5188-4e1c-8367-ba32039417fb/current/log_inprogress_0
2019-09-18 18:14:28,661 [grpc-default-executor-0] INFO  impl.FollowerInfo (FollowerInfo.java:lambda$new$0(51)) - 9af89336-6d5d-4d28-b237-6b13fc6491ad@group-BA32039417FB->a0ee338e-7f4e-4050-9cf3-0542d4801249: nextIndex: updateUnconditionally 1 -> 0
2019-09-18 18:14:28,658 [grpc-default-executor-5] INFO  impl.RaftServerImpl (RaftServerImpl.java:setRole(174)) - a0ee338e-7f4e-4050-9cf3-0542d4801249@group-BA32039417FB: changes role from  FOLLOWER to FOLLOWER at term 2 for recognizeCandidate:3ef7a417-ae63-496d-bb71-db4e5393a166
2019-09-18 18:14:28,661 [f33e9dde-5d49-4009-9083-c5ac57e5d421@group-8B6A9A3B1C3D:LeaderElection43] INFO  impl.LeaderElection (LeaderElection.java:askForVotes(182)) - f33e9dde-5d49-4009-9083-c5ac57e5d421@group-8B6A9A3B1C3D:LeaderElection43: begin an election at term 1 for -1: [0fea6042-f313-47c8-88f5-4fc51eb504bd:192.168.5.179:46857, f33e9dde-5d49-4009-9083-c5ac57e5d421:192.168.5.179:37115, 3a575cb8-02ec-4080-a602-d8df6dca58ac:192.168.5.179:43209], old=null
2019-09-18 18:14:28,661 [grpc-default-executor-5] INFO  impl.RoleInfo (RoleInfo.java:shutdownFollowerState(121)) - a0ee338e-7f4e-4050-9cf3-0542d4801249: shutdown FollowerState
2019-09-18 18:14:28,661 [grpc-default-executor-5] INFO  impl.RoleInfo (RoleInfo.java:updateAndGet(143)) - a0ee338e-7f4e-4050-9cf3-0542d4801249: start FollowerState
2019-09-18 18:14:28,662 [Thread-1487] INFO  impl.FollowerState (FollowerState.java:run(115)) - a0ee338e-7f4e-4050-9cf3-0542d4801249: FollowerState was interrupted: java.lang.InterruptedException: sleep interrupted
2019-09-18 18:14:28,669 [grpc-default-executor-1] INFO  impl.RaftServerImpl (RaftServerImpl.java:setRole(174)) - 0fea6042-f313-47c8-88f5-4fc51eb504bd@group-8B6A9A3B1C3D: changes role from  FOLLOWER to FOLLOWER at term 1 for recognizeCandidate:f33e9dde-5d49-4009-9083-c5ac57e5d421
2019-09-18 18:14:28,669 [grpc-default-executor-1] INFO  impl.RoleInfo (RoleInfo.java:shutdownFollowerState(121)) - 0fea6042-f313-47c8-88f5-4fc51eb504bd: shutdown FollowerState
2019-09-18 18:14:28,669 [grpc-default-executor-1] INFO  impl.RoleInfo (RoleInfo.java:updateAndGet(143)) - 0fea6042-f313-47c8-88f5-4fc51eb504bd: start FollowerState
2019-09-18 18:14:28,669 [Thread-1452] INFO  impl.FollowerState (FollowerState.java:run(115)) - 0fea6042-f313-47c8-88f5-4fc51eb504bd: FollowerState was interrupted: java.lang.InterruptedException: sleep interrupted
2019-09-18 18:14:28,678 [grpc-default-executor-0] INFO  impl.RaftServerImpl (RaftServerImpl.java:setRole(174)) - 3a575cb8-02ec-4080-a602-d8df6dca58ac@group-8B6A9A3B1C3D: changes role from  FOLLOWER to FOLLOWER at term 1 for recognizeCandidate:f33e9dde-5d49-4009-9083-c5ac57e5d421
2019-09-18 18:14:28,680 [grpc-default-executor-0] INFO  impl.RoleInfo (RoleInfo.java:shutdownFollowerState(121)) - 3a575cb8-02ec-4080-a602-d8df6dca58ac: shutdown FollowerState
2019-09-18 18:14:28,680 [grpc-default-executor-0] INFO  impl.RoleInfo (RoleInfo.java:updateAndGet(143)) - 3a575cb8-02ec-4080-a602-d8df6dca58ac: start FollowerState
2019-09-18 18:14:28,692 [grpc-default-executor-2] INFO  impl.RaftServerImpl (RaftServerImpl.java:setRole(174)) - 9af89336-6d5d-4d28-b237-6b13fc6491ad@group-BA32039417FB: changes role from  FOLLOWER to FOLLOWER at term 2 for recognizeCandidate:3ef7a417-ae63-496d-bb71-db4e5393a166
2019-09-18 18:14:28,694 [grpc-default-executor-2] INFO  impl.RoleInfo (RoleInfo.java:shutdownFollowerState(121)) - 9af89336-6d5d-4d28-b237-6b13fc6491ad: shutdown FollowerState
2019-09-18 18:14:28,694 [grpc-default-executor-2] INFO  impl.RoleInfo (RoleInfo.java:updateAndGet(143)) - 9af89336-6d5d-4d28-b237-6b13fc6491ad: start FollowerState
2019-09-18 18:14:28,694 [Thread-1499] INFO  impl.FollowerState (FollowerState.java:run(115)) - 9af89336-6d5d-4d28-b237-6b13fc6491ad: FollowerState was interrupted: java.lang.InterruptedException: sleep interrupted
2019-09-18 18:14:28,714 [f33e9dde-5d49-4009-9083-c5ac57e5d421@group-8B6A9A3B1C3D:LeaderElection43] INFO  impl.LeaderElection (LeaderElection.java:logAndReturn(56)) - f33e9dde-5d49-4009-9083-c5ac57e5d421@group-8B6A9A3B1C3D:LeaderElection43: Election PASSED; received 1 response(s) [f33e9dde-5d49-4009-9083-c5ac57e5d421<-0fea6042-f313-47c8-88f5-4fc51eb504bd#0:OK-t1] and 0 exception(s); f33e9dde-5d49-4009-9083-c5ac57e5d421@group-8B6A9A3B1C3D:t1, leader=null, voted=f33e9dde-5d49-4009-9083-c5ac57e5d421, raftlog=f33e9dde-5d49-4009-9083-c5ac57e5d421@group-8B6A9A3B1C3D-SegmentedRaftLog:OPENED:c-1,f-1,i0, conf=-1: [0fea6042-f313-47c8-88f5-4fc51eb504bd:192.168.5.179:46857, f33e9dde-5d49-4009-9083-c5ac57e5d421:192.168.5.179:37115, 3a575cb8-02ec-4080-a602-d8df6dca58ac:192.168.5.179:43209], old=null
2019-09-18 18:14:28,714 [f33e9dde-5d49-4009-9083-c5ac57e5d421@group-8B6A9A3B1C3D:LeaderElection43] INFO  impl.RoleInfo (RoleInfo.java:shutdownLeaderElection(134)) - f33e9dde-5d49-4009-9083-c5ac57e5d421: shutdown LeaderElection
2019-09-18 18:14:28,714 [f33e9dde-5d49-4009-9083-c5ac57e5d421@group-8B6A9A3B1C3D:LeaderElection43] INFO  impl.RaftServerImpl (RaftServerImpl.java:setRole(174)) - f33e9dde-5d49-4009-9083-c5ac57e5d421@group-8B6A9A3B1C3D: changes role from CANDIDATE to LEADER at term 1 for changeToLeader
2019-09-18 18:14:28,714 [f33e9dde-5d49-4009-9083-c5ac57e5d421@group-8B6A9A3B1C3D:LeaderElection43] INFO  impl.RaftServerImpl (ServerState.java:setLeader(253)) - f33e9dde-5d49-4009-9083-c5ac57e5d421@group-8B6A9A3B1C3D: change Leader from null to f33e9dde-5d49-4009-9083-c5ac57e5d421 at term 1 for becomeLeader, leader elected after 5234ms
2019-09-18 18:14:28,714 [f33e9dde-5d49-4009-9083-c5ac57e5d421@group-8B6A9A3B1C3D:LeaderElection43] INFO  server.RaftServerConfigKeys (ConfUtils.java:logGet(43)) - raft.server.staging.catchup.gap = 1000 (default)
2019-09-18 18:14:28,715 [f33e9dde-5d49-4009-9083-c5ac57e5d421@group-8B6A9A3B1C3D:LeaderElection43] INFO  server.RaftServerConfigKeys (ConfUtils.java:logGet(43)) - raft.server.rpc.sleep.time = 25ms (default)
2019-09-18 18:14:28,715 [f33e9dde-5d49-4009-9083-c5ac57e5d421@group-8B6A9A3B1C3D:LeaderElection43] INFO  server.RaftServerConfigKeys (ConfUtils.java:logGet(43)) - raft.server.write.element-limit = 4096 (default)
2019-09-18 18:14:28,715 [f33e9dde-5d49-4009-9083-c5ac57e5d421@group-8B6A9A3B1C3D:LeaderElection43] INFO  server.RaftServerConfigKeys (ConfUtils.java:logGet(43)) - raft.server.watch.timeout = 10s (default)
2019-09-18 18:14:28,715 [f33e9dde-5d49-4009-9083-c5ac57e5d421@group-8B6A9A3B1C3D:LeaderElection43] INFO  server.RaftServerConfigKeys (ConfUtils.java:logGet(43)) - raft.server.watch.timeout.denomination = 1s (default)
2019-09-18 18:14:28,715 [f33e9dde-5d49-4009-9083-c5ac57e5d421@group-8B6A9A3B1C3D:LeaderElection43] INFO  server.RaftServerConfigKeys (ConfUtils.java:logGet(43)) - raft.server.watch.element-limit = 65536 (default)
2019-09-18 18:14:28,718 [f33e9dde-5d49-4009-9083-c5ac57e5d421@group-8B6A9A3B1C3D:LeaderElection43] INFO  server.RaftServerConfigKeys (ConfUtils.java:logGet(43)) - raft.server.log.appender.snapshot.chunk.size.max = 16MB (=16777216) (default)
2019-09-18 18:14:28,718 [f33e9dde-5d49-4009-9083-c5ac57e5d421@group-8B6A9A3B1C3D:LeaderElection43] INFO  server.RaftServerConfigKeys (ConfUtils.java:logGet(43)) - raft.server.log.appender.buffer.byte-limit = 33554432 (custom)
2019-09-18 18:14:28,718 [f33e9dde-5d49-4009-9083-c5ac57e5d421@group-8B6A9A3B1C3D:LeaderElection43] INFO  server.RaftServerConfigKeys (ConfUtils.java:logGet(43)) - raft.server.log.appender.buffer.element-limit = 1 (custom)
2019-09-18 18:14:28,718 [f33e9dde-5d49-4009-9083-c5ac57e5d421@group-8B6A9A3B1C3D:LeaderElection43] INFO  grpc.GrpcConfigKeys$Server (ConfUtils.java:logGet(43)) - raft.grpc.server.leader.outstanding.appends.max = 128 (default)
2019-09-18 18:14:28,718 [f33e9dde-5d49-4009-9083-c5ac57e5d421@group-8B6A9A3B1C3D:LeaderElection43] INFO  server.RaftServerConfigKeys (ConfUtils.java:logGet(43)) - raft.server.rpc.request.timeout = 3000ms (default)
2019-09-18 18:14:28,719 [f33e9dde-5d49-4009-9083-c5ac57e5d421@group-8B6A9A3B1C3D:LeaderElection43] INFO  server.RaftServerConfigKeys (ConfUtils.java:logGet(43)) - raft.server.log.appender.install.snapshot.enabled = false (custom)
2019-09-18 18:14:28,719 [f33e9dde-5d49-4009-9083-c5ac57e5d421@group-8B6A9A3B1C3D:LeaderElection43] INFO  server.RaftServerConfigKeys (ConfUtils.java:logGet(43)) - raft.server.log.appender.snapshot.chunk.size.max = 16MB (=16777216) (default)
2019-09-18 18:14:28,719 [f33e9dde-5d49-4009-9083-c5ac57e5d421@group-8B6A9A3B1C3D:LeaderElection43] INFO  server.RaftServerConfigKeys (ConfUtils.java:logGet(43)) - raft.server.log.appender.buffer.byte-limit = 33554432 (custom)
2019-09-18 18:14:28,719 [f33e9dde-5d49-4009-9083-c5ac57e5d421@group-8B6A9A3B1C3D:LeaderElection43] INFO  server.RaftServerConfigKeys (ConfUtils.java:logGet(43)) - raft.server.log.appender.buffer.element-limit = 1 (custom)
2019-09-18 18:14:28,719 [f33e9dde-5d49-4009-9083-c5ac57e5d421@group-8B6A9A3B1C3D:LeaderElection43] INFO  grpc.GrpcConfigKeys$Server (ConfUtils.java:logGet(43)) - raft.grpc.server.leader.outstanding.appends.max = 128 (default)
2019-09-18 18:14:28,720 [f33e9dde-5d49-4009-9083-c5ac57e5d421@group-8B6A9A3B1C3D:LeaderElection43] INFO  server.RaftServerConfigKeys (ConfUtils.java:logGet(43)) - raft.server.rpc.request.timeout = 3000ms (default)
2019-09-18 18:14:28,720 [f33e9dde-5d49-4009-9083-c5ac57e5d421@group-8B6A9A3B1C3D:LeaderElection43] INFO  server.RaftServerConfigKeys (ConfUtils.java:logGet(43)) - raft.server.log.appender.install.snapshot.enabled = false (custom)
2019-09-18 18:14:28,720 [f33e9dde-5d49-4009-9083-c5ac57e5d421@group-8B6A9A3B1C3D:LeaderElection43] INFO  impl.RoleInfo (RoleInfo.java:updateAndGet(143)) - f33e9dde-5d49-4009-9083-c5ac57e5d421: start LeaderState
2019-09-18 18:14:28,720 [f33e9dde-5d49-4009-9083-c5ac57e5d421@group-8B6A9A3B1C3D:LeaderElection43] INFO  segmented.SegmentedRaftLogWorker (SegmentedRaftLogWorker.java:startLogSegment(380)) - f33e9dde-5d49-4009-9083-c5ac57e5d421@group-8B6A9A3B1C3D-SegmentedRaftLogWorker: Starting segment from index:0
2019-09-18 18:14:28,721 [f33e9dde-5d49-4009-9083-c5ac57e5d421@group-8B6A9A3B1C3D:LeaderElection43] INFO  impl.RaftServerImpl (ServerState.java:setRaftConf(354)) - f33e9dde-5d49-4009-9083-c5ac57e5d421@group-8B6A9A3B1C3D: set configuration 0: [0fea6042-f313-47c8-88f5-4fc51eb504bd:192.168.5.179:46857, f33e9dde-5d49-4009-9083-c5ac57e5d421:192.168.5.179:37115, 3a575cb8-02ec-4080-a602-d8df6dca58ac:192.168.5.179:43209], old=null at 0
2019-09-18 18:14:28,723 [grpc-default-executor-1] INFO  impl.RaftServerImpl (ServerState.java:setLeader(253)) - 3a575cb8-02ec-4080-a602-d8df6dca58ac@group-8B6A9A3B1C3D: change Leader from null to f33e9dde-5d49-4009-9083-c5ac57e5d421 at term 1 for appendEntries, leader elected after 5242ms
2019-09-18 18:14:28,760 [grpc-default-executor-1] INFO  impl.RaftServerImpl (ServerState.java:setLeader(253)) - 0fea6042-f313-47c8-88f5-4fc51eb504bd@group-8B6A9A3B1C3D: change Leader from null to f33e9dde-5d49-4009-9083-c5ac57e5d421 at term 1 for appendEntries, leader elected after 5280ms
2019-09-18 18:14:28,764 [grpc-default-executor-1] INFO  impl.RaftServerImpl (ServerState.java:setRaftConf(354)) - 3a575cb8-02ec-4080-a602-d8df6dca58ac@group-8B6A9A3B1C3D: set configuration 0: [0fea6042-f313-47c8-88f5-4fc51eb504bd:192.168.5.179:46857, f33e9dde-5d49-4009-9083-c5ac57e5d421:192.168.5.179:37115, 3a575cb8-02ec-4080-a602-d8df6dca58ac:192.168.5.179:43209], old=null at 0
2019-09-18 18:14:28,765 [grpc-default-executor-1] INFO  segmented.SegmentedRaftLogWorker (SegmentedRaftLogWorker.java:startLogSegment(380)) - 3a575cb8-02ec-4080-a602-d8df6dca58ac@group-8B6A9A3B1C3D-SegmentedRaftLogWorker: Starting segment from index:0
2019-09-18 18:14:28,765 [grpc-default-executor-0] INFO  impl.RaftServerImpl (ServerState.java:setRaftConf(354)) - 0fea6042-f313-47c8-88f5-4fc51eb504bd@group-8B6A9A3B1C3D: set configuration 0: [0fea6042-f313-47c8-88f5-4fc51eb504bd:192.168.5.179:46857, f33e9dde-5d49-4009-9083-c5ac57e5d421:192.168.5.179:37115, 3a575cb8-02ec-4080-a602-d8df6dca58ac:192.168.5.179:43209], old=null at 0
2019-09-18 18:14:28,765 [grpc-default-executor-0] INFO  segmented.SegmentedRaftLogWorker (SegmentedRaftLogWorker.java:startLogSegment(380)) - 0fea6042-f313-47c8-88f5-4fc51eb504bd@group-8B6A9A3B1C3D-SegmentedRaftLogWorker: Starting segment from index:0
2019-09-18 18:14:28,804 [f33e9dde-5d49-4009-9083-c5ac57e5d421@group-8B6A9A3B1C3D-SegmentedRaftLogWorker] INFO  segmented.SegmentedRaftLogWorker (SegmentedRaftLogWorker.java:execute(569)) - f33e9dde-5d49-4009-9083-c5ac57e5d421@group-8B6A9A3B1C3D-SegmentedRaftLogWorker: created new log segment /workdir/hadoop-ozone/integration-test/target/test-dir/MiniOzoneClusterImpl-af65669b-47b0-4744-a6c7-6ec9173b390b/datanode-0/data/ratis/c861eb23-31cd-48ee-b76f-8b6a9a3b1c3d/current/log_inprogress_0
2019-09-18 18:14:28,826 [0fea6042-f313-47c8-88f5-4fc51eb504bd@group-8B6A9A3B1C3D-SegmentedRaftLogWorker] INFO  segmented.SegmentedRaftLogWorker (SegmentedRaftLogWorker.java:execute(569)) - 0fea6042-f313-47c8-88f5-4fc51eb504bd@group-8B6A9A3B1C3D-SegmentedRaftLogWorker: created new log segment /workdir/hadoop-ozone/integration-test/target/test-dir/MiniOzoneClusterImpl-af65669b-47b0-4744-a6c7-6ec9173b390b/datanode-2/data/ratis/c861eb23-31cd-48ee-b76f-8b6a9a3b1c3d/current/log_inprogress_0
2019-09-18 18:14:28,826 [3a575cb8-02ec-4080-a602-d8df6dca58ac@group-8B6A9A3B1C3D-SegmentedRaftLogWorker] INFO  segmented.SegmentedRaftLogWorker (SegmentedRaftLogWorker.java:execute(569)) - 3a575cb8-02ec-4080-a602-d8df6dca58ac@group-8B6A9A3B1C3D-SegmentedRaftLogWorker: created new log segment /workdir/hadoop-ozone/integration-test/target/test-dir/MiniOzoneClusterImpl-af65669b-47b0-4744-a6c7-6ec9173b390b/datanode-3/data/ratis/c861eb23-31cd-48ee-b76f-8b6a9a3b1c3d/current/log_inprogress_0
2019-09-18 18:14:29,291 [grpc-default-executor-0] INFO  client.GrpcClientProtocolClient (GrpcClientProtocolClient.java:onNext(264)) - client-91FB92408E09->9af89336-6d5d-4d28-b237-6b13fc6491ad: receive RaftClientReply:client-91FB92408E09->9af89336-6d5d-4d28-b237-6b13fc6491ad@group-BA32039417FB, cid=66, FAILED org.apache.ratis.protocol.NotLeaderException: Server 9af89336-6d5d-4d28-b237-6b13fc6491ad@group-BA32039417FB is not the leader, logIndex=0, commits[9af89336-6d5d-4d28-b237-6b13fc6491ad:c-1, a0ee338e-7f4e-4050-9cf3-0542d4801249:c-1, 3ef7a417-ae63-496d-bb71-db4e5393a166:c-1]
2019-09-18 18:14:30,304 [grpc-default-executor-0] INFO  client.GrpcClientProtocolClient (GrpcClientProtocolClient.java:onNext(264)) - client-91FB92408E09->3ef7a417-ae63-496d-bb71-db4e5393a166: receive RaftClientReply:client-91FB92408E09->3ef7a417-ae63-496d-bb71-db4e5393a166@group-BA32039417FB, cid=66, FAILED org.apache.ratis.protocol.NotLeaderException: Server 3ef7a417-ae63-496d-bb71-db4e5393a166@group-BA32039417FB is not the leader, logIndex=0, commits[3ef7a417-ae63-496d-bb71-db4e5393a166:c-1]
2019-09-18 18:14:31,319 [grpc-default-executor-0] INFO  client.GrpcClientProtocolClient (GrpcClientProtocolClient.java:onNext(264)) - client-91FB92408E09->a0ee338e-7f4e-4050-9cf3-0542d4801249: receive RaftClientReply:client-91FB92408E09->a0ee338e-7f4e-4050-9cf3-0542d4801249@group-BA32039417FB, cid=66, FAILED org.apache.ratis.protocol.NotLeaderException: Server a0ee338e-7f4e-4050-9cf3-0542d4801249@group-BA32039417FB is not the leader, logIndex=0, commits[a0ee338e-7f4e-4050-9cf3-0542d4801249:c-1, 9af89336-6d5d-4d28-b237-6b13fc6491ad:c-1, 3ef7a417-ae63-496d-bb71-db4e5393a166:c-1]
2019-09-18 18:14:32,340 [grpc-default-executor-1] INFO  client.GrpcClientProtocolClient (GrpcClientProtocolClient.java:onNext(264)) - client-91FB92408E09->3ef7a417-ae63-496d-bb71-db4e5393a166: receive RaftClientReply:client-91FB92408E09->3ef7a417-ae63-496d-bb71-db4e5393a166@group-BA32039417FB, cid=66, FAILED org.apache.ratis.protocol.NotLeaderException: Server 3ef7a417-ae63-496d-bb71-db4e5393a166@group-BA32039417FB is not the leader, logIndex=0, commits[3ef7a417-ae63-496d-bb71-db4e5393a166:c-1]
2019-09-18 18:14:33,359 [grpc-default-executor-1] INFO  client.GrpcClientProtocolClient (GrpcClientProtocolClient.java:onNext(264)) - client-91FB92408E09->9af89336-6d5d-4d28-b237-6b13fc6491ad: receive RaftClientReply:client-91FB92408E09->9af89336-6d5d-4d28-b237-6b13fc6491ad@group-BA32039417FB, cid=66, FAILED org.apache.ratis.protocol.NotLeaderException: Server 9af89336-6d5d-4d28-b237-6b13fc6491ad@group-BA32039417FB is not the leader, logIndex=0, commits[9af89336-6d5d-4d28-b237-6b13fc6491ad:c-1, a0ee338e-7f4e-4050-9cf3-0542d4801249:c-1, 3ef7a417-ae63-496d-bb71-db4e5393a166:c-1]
2019-09-18 18:14:33,589 [Thread-1489] INFO  impl.FollowerState (FollowerState.java:run(106)) - 3ef7a417-ae63-496d-bb71-db4e5393a166:group-BA32039417FB changes to CANDIDATE, lastRpcTime:5066, electionTimeout:5066ms
2019-09-18 18:14:33,594 [Thread-1489] INFO  impl.RoleInfo (RoleInfo.java:shutdownFollowerState(121)) - 3ef7a417-ae63-496d-bb71-db4e5393a166: shutdown FollowerState
2019-09-18 18:14:33,594 [Thread-1489] INFO  impl.RaftServerImpl (RaftServerImpl.java:setRole(174)) - 3ef7a417-ae63-496d-bb71-db4e5393a166@group-BA32039417FB: changes role from  FOLLOWER to CANDIDATE at term 2 for changeToCandidate
2019-09-18 18:14:33,594 [Thread-1489] INFO  impl.RoleInfo (RoleInfo.java:updateAndGet(143)) - 3ef7a417-ae63-496d-bb71-db4e5393a166: start LeaderElection
2019-09-18 18:14:33,609 [3ef7a417-ae63-496d-bb71-db4e5393a166@group-BA32039417FB:LeaderElection44] INFO  impl.LeaderElection (LeaderElection.java:askForVotes(182)) - 3ef7a417-ae63-496d-bb71-db4e5393a166@group-BA32039417FB:LeaderElection44: begin an election at term 3 for -1: [a0ee338e-7f4e-4050-9cf3-0542d4801249:192.168.5.179:38369, 9af89336-6d5d-4d28-b237-6b13fc6491ad:192.168.5.179:35356, 3ef7a417-ae63-496d-bb71-db4e5393a166:192.168.5.179:40755], old=null
2019-09-18 18:14:33,618 [grpc-default-executor-0] INFO  impl.RaftServerImpl (RaftServerImpl.java:setRole(174)) - 9af89336-6d5d-4d28-b237-6b13fc6491ad@group-BA32039417FB: changes role from  FOLLOWER to FOLLOWER at term 3 for recognizeCandidate:3ef7a417-ae63-496d-bb71-db4e5393a166
2019-09-18 18:14:33,620 [grpc-default-executor-1] INFO  impl.RaftServerImpl (RaftServerImpl.java:setRole(174)) - a0ee338e-7f4e-4050-9cf3-0542d4801249@group-BA32039417FB: changes role from  FOLLOWER to FOLLOWER at term 3 for recognizeCandidate:3ef7a417-ae63-496d-bb71-db4e5393a166
2019-09-18 18:14:33,620 [grpc-default-executor-0] INFO  impl.RoleInfo (RoleInfo.java:shutdownFollowerState(121)) - 9af89336-6d5d-4d28-b237-6b13fc6491ad: shutdown FollowerState
2019-09-18 18:14:33,620 [grpc-default-executor-1] INFO  impl.RoleInfo (RoleInfo.java:shutdownFollowerState(121)) - a0ee338e-7f4e-4050-9cf3-0542d4801249: shutdown FollowerState
2019-09-18 18:14:33,620 [grpc-default-executor-0] INFO  impl.RoleInfo (RoleInfo.java:updateAndGet(143)) - 9af89336-6d5d-4d28-b237-6b13fc6491ad: start FollowerState
2019-09-18 18:14:33,620 [Thread-1506] INFO  impl.FollowerState (FollowerState.java:run(115)) - 9af89336-6d5d-4d28-b237-6b13fc6491ad: FollowerState was interrupted: java.lang.InterruptedException: sleep interrupted
2019-09-18 18:14:33,620 [grpc-default-executor-1] INFO  impl.RoleInfo (RoleInfo.java:updateAndGet(143)) - a0ee338e-7f4e-4050-9cf3-0542d4801249: start FollowerState
2019-09-18 18:14:33,621 [Thread-1502] INFO  impl.FollowerState (FollowerState.java:run(115)) - a0ee338e-7f4e-4050-9cf3-0542d4801249: FollowerState was interrupted: java.lang.InterruptedException: sleep interrupted
2019-09-18 18:14:33,656 [3ef7a417-ae63-496d-bb71-db4e5393a166@group-BA32039417FB:LeaderElection44] INFO  impl.LeaderElection (LeaderElection.java:logAndReturn(56)) - 3ef7a417-ae63-496d-bb71-db4e5393a166@group-BA32039417FB:LeaderElection44: Election REJECTED; received 2 response(s) [3ef7a417-ae63-496d-bb71-db4e5393a166<-a0ee338e-7f4e-4050-9cf3-0542d4801249#0:FAIL-t3, 3ef7a417-ae63-496d-bb71-db4e5393a166<-9af89336-6d5d-4d28-b237-6b13fc6491ad#0:FAIL-t3] and 0 exception(s); 3ef7a417-ae63-496d-bb71-db4e5393a166@group-BA32039417FB:t3, leader=null, voted=3ef7a417-ae63-496d-bb71-db4e5393a166, raftlog=3ef7a417-ae63-496d-bb71-db4e5393a166@group-BA32039417FB-SegmentedRaftLog:OPENED:c-1,f-1,i0, conf=-1: [a0ee338e-7f4e-4050-9cf3-0542d4801249:192.168.5.179:38369, 9af89336-6d5d-4d28-b237-6b13fc6491ad:192.168.5.179:35356, 3ef7a417-ae63-496d-bb71-db4e5393a166:192.168.5.179:40755], old=null
2019-09-18 18:14:33,656 [3ef7a417-ae63-496d-bb71-db4e5393a166@group-BA32039417FB:LeaderElection44] INFO  impl.RaftServerImpl (RaftServerImpl.java:setRole(174)) - 3ef7a417-ae63-496d-bb71-db4e5393a166@group-BA32039417FB: changes role from CANDIDATE to FOLLOWER at term 3 for DISCOVERED_A_NEW_TERM
2019-09-18 18:14:33,656 [3ef7a417-ae63-496d-bb71-db4e5393a166@group-BA32039417FB:LeaderElection44] INFO  impl.RoleInfo (RoleInfo.java:shutdownLeaderElection(134)) - 3ef7a417-ae63-496d-bb71-db4e5393a166: shutdown LeaderElection
2019-09-18 18:14:33,656 [3ef7a417-ae63-496d-bb71-db4e5393a166@group-BA32039417FB:LeaderElection44] INFO  impl.RoleInfo (RoleInfo.java:updateAndGet(143)) - 3ef7a417-ae63-496d-bb71-db4e5393a166: start FollowerState
2019-09-18 18:14:34,368 [grpc-default-executor-1] INFO  client.GrpcClientProtocolClient (GrpcClientProtocolClient.java:onNext(264)) - client-91FB92408E09->a0ee338e-7f4e-4050-9cf3-0542d4801249: receive RaftClientReply:client-91FB92408E09->a0ee338e-7f4e-4050-9cf3-0542d4801249@group-BA32039417FB, cid=66, FAILED org.apache.ratis.protocol.NotLeaderException: Server a0ee338e-7f4e-4050-9cf3-0542d4801249@group-BA32039417FB is not the leader, logIndex=0, commits[a0ee338e-7f4e-4050-9cf3-0542d4801249:c-1, 9af89336-6d5d-4d28-b237-6b13fc6491ad:c-1, 3ef7a417-ae63-496d-bb71-db4e5393a166:c-1]
2019-09-18 18:14:35,383 [grpc-default-executor-1] INFO  client.GrpcClientProtocolClient (GrpcClientProtocolClient.java:onNext(264)) - client-91FB92408E09->9af89336-6d5d-4d28-b237-6b13fc6491ad: receive RaftClientReply:client-91FB92408E09->9af89336-6d5d-4d28-b237-6b13fc6491ad@group-BA32039417FB, cid=66, FAILED org.apache.ratis.protocol.NotLeaderException: Server 9af89336-6d5d-4d28-b237-6b13fc6491ad@group-BA32039417FB is not the leader, logIndex=0, commits[9af89336-6d5d-4d28-b237-6b13fc6491ad:c-1, a0ee338e-7f4e-4050-9cf3-0542d4801249:c-1, 3ef7a417-ae63-496d-bb71-db4e5393a166:c-1]
2019-09-18 18:14:36,394 [grpc-default-executor-1] INFO  client.GrpcClientProtocolClient (GrpcClientProtocolClient.java:onNext(264)) - client-91FB92408E09->a0ee338e-7f4e-4050-9cf3-0542d4801249: receive RaftClientReply:client-91FB92408E09->a0ee338e-7f4e-4050-9cf3-0542d4801249@group-BA32039417FB, cid=66, FAILED org.apache.ratis.protocol.NotLeaderException: Server a0ee338e-7f4e-4050-9cf3-0542d4801249@group-BA32039417FB is not the leader, logIndex=0, commits[a0ee338e-7f4e-4050-9cf3-0542d4801249:c-1, 9af89336-6d5d-4d28-b237-6b13fc6491ad:c-1, 3ef7a417-ae63-496d-bb71-db4e5393a166:c-1]
2019-09-18 18:14:37,416 [grpc-default-executor-1] INFO  client.GrpcClientProtocolClient (GrpcClientProtocolClient.java:onNext(264)) - client-91FB92408E09->9af89336-6d5d-4d28-b237-6b13fc6491ad: receive RaftClientReply:client-91FB92408E09->9af89336-6d5d-4d28-b237-6b13fc6491ad@group-BA32039417FB, cid=66, FAILED org.apache.ratis.protocol.NotLeaderException: Server 9af89336-6d5d-4d28-b237-6b13fc6491ad@group-BA32039417FB is not the leader, logIndex=0, commits[9af89336-6d5d-4d28-b237-6b13fc6491ad:c-1, a0ee338e-7f4e-4050-9cf3-0542d4801249:c-1, 3ef7a417-ae63-496d-bb71-db4e5393a166:c-1]
2019-09-18 18:14:38,433 [grpc-default-executor-1] INFO  client.GrpcClientProtocolClient (GrpcClientProtocolClient.java:onNext(264)) - client-91FB92408E09->a0ee338e-7f4e-4050-9cf3-0542d4801249: receive RaftClientReply:client-91FB92408E09->a0ee338e-7f4e-4050-9cf3-0542d4801249@group-BA32039417FB, cid=66, FAILED org.apache.ratis.protocol.NotLeaderException: Server a0ee338e-7f4e-4050-9cf3-0542d4801249@group-BA32039417FB is not the leader, logIndex=0, commits[a0ee338e-7f4e-4050-9cf3-0542d4801249:c-1, 9af89336-6d5d-4d28-b237-6b13fc6491ad:c-1, 3ef7a417-ae63-496d-bb71-db4e5393a166:c-1]
2019-09-18 18:14:38,732 [Thread-1531] INFO  impl.FollowerState (FollowerState.java:run(106)) - 9af89336-6d5d-4d28-b237-6b13fc6491ad:group-BA32039417FB changes to CANDIDATE, lastRpcTime:5111, electionTimeout:5109ms
2019-09-18 18:14:38,735 [Thread-1531] INFO  impl.RoleInfo (RoleInfo.java:shutdownFollowerState(121)) - 9af89336-6d5d-4d28-b237-6b13fc6491ad: shutdown FollowerState
2019-09-18 18:14:38,736 [Thread-1531] INFO  impl.RaftServerImpl (RaftServerImpl.java:setRole(174)) - 9af89336-6d5d-4d28-b237-6b13fc6491ad@group-BA32039417FB: changes role from  FOLLOWER to CANDIDATE at term 3 for changeToCandidate
2019-09-18 18:14:38,736 [Thread-1531] INFO  impl.RoleInfo (RoleInfo.java:updateAndGet(143)) - 9af89336-6d5d-4d28-b237-6b13fc6491ad: start LeaderElection
2019-09-18 18:14:38,739 [Thread-1532] INFO  impl.FollowerState (FollowerState.java:run(106)) - a0ee338e-7f4e-4050-9cf3-0542d4801249:group-BA32039417FB changes to CANDIDATE, lastRpcTime:5118, electionTimeout:5113ms
2019-09-18 18:14:38,742 [Thread-1532] INFO  impl.RoleInfo (RoleInfo.java:shutdownFollowerState(121)) - a0ee338e-7f4e-4050-9cf3-0542d4801249: shutdown FollowerState
2019-09-18 18:14:38,742 [Thread-1532] INFO  impl.RaftServerImpl (RaftServerImpl.java:setRole(174)) - a0ee338e-7f4e-4050-9cf3-0542d4801249@group-BA32039417FB: changes role from  FOLLOWER to CANDIDATE at term 3 for changeToCandidate
2019-09-18 18:14:38,742 [Thread-1532] INFO  impl.RoleInfo (RoleInfo.java:updateAndGet(143)) - a0ee338e-7f4e-4050-9cf3-0542d4801249: start LeaderElection
2019-09-18 18:14:38,784 [a0ee338e-7f4e-4050-9cf3-0542d4801249@group-BA32039417FB:LeaderElection46] INFO  impl.LeaderElection (LeaderElection.java:askForVotes(182)) - a0ee338e-7f4e-4050-9cf3-0542d4801249@group-BA32039417FB:LeaderElection46: begin an election at term 4 for 0: [a0ee338e-7f4e-4050-9cf3-0542d4801249:192.168.5.179:38369, 9af89336-6d5d-4d28-b237-6b13fc6491ad:192.168.5.179:35356, 3ef7a417-ae63-496d-bb71-db4e5393a166:192.168.5.179:40755], old=null
2019-09-18 18:14:38,784 [9af89336-6d5d-4d28-b237-6b13fc6491ad@group-BA32039417FB:LeaderElection45] INFO  impl.LeaderElection (LeaderElection.java:askForVotes(182)) - 9af89336-6d5d-4d28-b237-6b13fc6491ad@group-BA32039417FB:LeaderElection45: begin an election at term 4 for 0: [a0ee338e-7f4e-4050-9cf3-0542d4801249:192.168.5.179:38369, 9af89336-6d5d-4d28-b237-6b13fc6491ad:192.168.5.179:35356, 3ef7a417-ae63-496d-bb71-db4e5393a166:192.168.5.179:40755], old=null
2019-09-18 18:14:38,792 [Thread-1533] INFO  impl.FollowerState (FollowerState.java:run(106)) - 3ef7a417-ae63-496d-bb71-db4e5393a166:group-BA32039417FB changes to CANDIDATE, lastRpcTime:5135, electionTimeout:5134ms
2019-09-18 18:14:38,795 [Thread-1533] INFO  impl.RoleInfo (RoleInfo.java:shutdownFollowerState(121)) - 3ef7a417-ae63-496d-bb71-db4e5393a166: shutdown FollowerState
2019-09-18 18:14:38,795 [Thread-1533] INFO  impl.RaftServerImpl (RaftServerImpl.java:setRole(174)) - 3ef7a417-ae63-496d-bb71-db4e5393a166@group-BA32039417FB: changes role from  FOLLOWER to CANDIDATE at term 3 for changeToCandidate
2019-09-18 18:14:38,795 [Thread-1533] INFO  impl.RoleInfo (RoleInfo.java:updateAndGet(143)) - 3ef7a417-ae63-496d-bb71-db4e5393a166: start LeaderElection
2019-09-18 18:14:38,843 [3ef7a417-ae63-496d-bb71-db4e5393a166@group-BA32039417FB:LeaderElection47] INFO  impl.LeaderElection (LeaderElection.java:askForVotes(182)) - 3ef7a417-ae63-496d-bb71-db4e5393a166@group-BA32039417FB:LeaderElection47: begin an election at term 4 for -1: [a0ee338e-7f4e-4050-9cf3-0542d4801249:192.168.5.179:38369, 9af89336-6d5d-4d28-b237-6b13fc6491ad:192.168.5.179:35356, 3ef7a417-ae63-496d-bb71-db4e5393a166:192.168.5.179:40755], old=null
2019-09-18 18:14:38,850 [a0ee338e-7f4e-4050-9cf3-0542d4801249@group-BA32039417FB:LeaderElection46] INFO  impl.LeaderElection (LeaderElection.java:logAndReturn(56)) - a0ee338e-7f4e-4050-9cf3-0542d4801249@group-BA32039417FB:LeaderElection46: Election REJECTED; received 2 response(s) [a0ee338e-7f4e-4050-9cf3-0542d4801249<-9af89336-6d5d-4d28-b237-6b13fc6491ad#0:FAIL-t4, a0ee338e-7f4e-4050-9cf3-0542d4801249<-3ef7a417-ae63-496d-bb71-db4e5393a166#0:FAIL-t4] and 0 exception(s); a0ee338e-7f4e-4050-9cf3-0542d4801249@group-BA32039417FB:t4, leader=null, voted=a0ee338e-7f4e-4050-9cf3-0542d4801249, raftlog=a0ee338e-7f4e-4050-9cf3-0542d4801249@group-BA32039417FB-SegmentedRaftLog:OPENED:c-1,f0,i0, conf=0: [a0ee338e-7f4e-4050-9cf3-0542d4801249:192.168.5.179:38369, 9af89336-6d5d-4d28-b237-6b13fc6491ad:192.168.5.179:35356, 3ef7a417-ae63-496d-bb71-db4e5393a166:192.168.5.179:40755], old=null
2019-09-18 18:14:38,851 [9af89336-6d5d-4d28-b237-6b13fc6491ad@group-BA32039417FB:LeaderElection45] INFO  impl.LeaderElection (LeaderElection.java:logAndReturn(56)) - 9af89336-6d5d-4d28-b237-6b13fc6491ad@group-BA32039417FB:LeaderElection45: Election REJECTED; received 2 response(s) [9af89336-6d5d-4d28-b237-6b13fc6491ad<-a0ee338e-7f4e-4050-9cf3-0542d4801249#0:FAIL-t4, 9af89336-6d5d-4d28-b237-6b13fc6491ad<-3ef7a417-ae63-496d-bb71-db4e5393a166#0:FAIL-t4] and 0 exception(s); 9af89336-6d5d-4d28-b237-6b13fc6491ad@group-BA32039417FB:t4, leader=null, voted=9af89336-6d5d-4d28-b237-6b13fc6491ad, raftlog=9af89336-6d5d-4d28-b237-6b13fc6491ad@group-BA32039417FB-SegmentedRaftLog:OPENED:c-1,f0,i0, conf=0: [a0ee338e-7f4e-4050-9cf3-0542d4801249:192.168.5.179:38369, 9af89336-6d5d-4d28-b237-6b13fc6491ad:192.168.5.179:35356, 3ef7a417-ae63-496d-bb71-db4e5393a166:192.168.5.179:40755], old=null
2019-09-18 18:14:38,851 [a0ee338e-7f4e-4050-9cf3-0542d4801249@group-BA32039417FB:LeaderElection46] INFO  impl.RaftServerImpl (RaftServerImpl.java:setRole(174)) - a0ee338e-7f4e-4050-9cf3-0542d4801249@group-BA32039417FB: changes role from CANDIDATE to FOLLOWER at term 4 for DISCOVERED_A_NEW_TERM
2019-09-18 18:14:38,853 [a0ee338e-7f4e-4050-9cf3-0542d4801249@group-BA32039417FB:LeaderElection46] INFO  impl.RoleInfo (RoleInfo.java:shutdownLeaderElection(134)) - a0ee338e-7f4e-4050-9cf3-0542d4801249: shutdown LeaderElection
2019-09-18 18:14:38,853 [9af89336-6d5d-4d28-b237-6b13fc6491ad@group-BA32039417FB:LeaderElection45] INFO  impl.RaftServerImpl (RaftServerImpl.java:setRole(174)) - 9af89336-6d5d-4d28-b237-6b13fc6491ad@group-BA32039417FB: changes role from CANDIDATE to FOLLOWER at term 4 for DISCOVERED_A_NEW_TERM
2019-09-18 18:14:38,855 [a0ee338e-7f4e-4050-9cf3-0542d4801249@group-BA32039417FB:LeaderElection46] INFO  impl.RoleInfo (RoleInfo.java:updateAndGet(143)) - a0ee338e-7f4e-4050-9cf3-0542d4801249: start FollowerState
2019-09-18 18:14:38,855 [9af89336-6d5d-4d28-b237-6b13fc6491ad@group-BA32039417FB:LeaderElection45] INFO  impl.RoleInfo (RoleInfo.java:shutdownLeaderElection(134)) - 9af89336-6d5d-4d28-b237-6b13fc6491ad: shutdown LeaderElection
2019-09-18 18:14:38,855 [9af89336-6d5d-4d28-b237-6b13fc6491ad@group-BA32039417FB:LeaderElection45] INFO  impl.RoleInfo (RoleInfo.java:updateAndGet(143)) - 9af89336-6d5d-4d28-b237-6b13fc6491ad: start FollowerState
2019-09-18 18:14:38,862 [3ef7a417-ae63-496d-bb71-db4e5393a166@group-BA32039417FB:LeaderElection47] INFO  impl.LeaderElection (LeaderElection.java:logAndReturn(56)) - 3ef7a417-ae63-496d-bb71-db4e5393a166@group-BA32039417FB:LeaderElection47: Election REJECTED; received 2 response(s) [3ef7a417-ae63-496d-bb71-db4e5393a166<-a0ee338e-7f4e-4050-9cf3-0542d4801249#0:FAIL-t4, 3ef7a417-ae63-496d-bb71-db4e5393a166<-9af89336-6d5d-4d28-b237-6b13fc6491ad#0:FAIL-t4] and 0 exception(s); 3ef7a417-ae63-496d-bb71-db4e5393a166@group-BA32039417FB:t4, leader=null, voted=3ef7a417-ae63-496d-bb71-db4e5393a166, raftlog=3ef7a417-ae63-496d-bb71-db4e5393a166@group-BA32039417FB-SegmentedRaftLog:OPENED:c-1,f-1,i0, conf=-1: [a0ee338e-7f4e-4050-9cf3-0542d4801249:192.168.5.179:38369, 9af89336-6d5d-4d28-b237-6b13fc6491ad:192.168.5.179:35356, 3ef7a417-ae63-496d-bb71-db4e5393a166:192.168.5.179:40755], old=null
2019-09-18 18:14:38,862 [3ef7a417-ae63-496d-bb71-db4e5393a166@group-BA32039417FB:LeaderElection47] INFO  impl.RaftServerImpl (RaftServerImpl.java:setRole(174)) - 3ef7a417-ae63-496d-bb71-db4e5393a166@group-BA32039417FB: changes role from CANDIDATE to FOLLOWER at term 4 for DISCOVERED_A_NEW_TERM
2019-09-18 18:14:38,862 [3ef7a417-ae63-496d-bb71-db4e5393a166@group-BA32039417FB:LeaderElection47] INFO  impl.RoleInfo (RoleInfo.java:shutdownLeaderElection(134)) - 3ef7a417-ae63-496d-bb71-db4e5393a166: shutdown LeaderElection
2019-09-18 18:14:38,862 [3ef7a417-ae63-496d-bb71-db4e5393a166@group-BA32039417FB:LeaderElection47] INFO  impl.RoleInfo (RoleInfo.java:updateAndGet(143)) - 3ef7a417-ae63-496d-bb71-db4e5393a166: start FollowerState
2019-09-18 18:14:39,451 [grpc-default-executor-0] INFO  client.GrpcClientProtocolClient (GrpcClientProtocolClient.java:onNext(264)) - client-91FB92408E09->3ef7a417-ae63-496d-bb71-db4e5393a166: receive RaftClientReply:client-91FB92408E09->3ef7a417-ae63-496d-bb71-db4e5393a166@group-BA32039417FB, cid=66, FAILED org.apache.ratis.protocol.NotLeaderException: Server 3ef7a417-ae63-496d-bb71-db4e5393a166@group-BA32039417FB is not the leader, logIndex=0, commits[3ef7a417-ae63-496d-bb71-db4e5393a166:c-1]
2019-09-18 18:14:40,467 [grpc-default-executor-0] INFO  client.GrpcClientProtocolClient (GrpcClientProtocolClient.java:onNext(264)) - client-91FB92408E09->a0ee338e-7f4e-4050-9cf3-0542d4801249: receive RaftClientReply:client-91FB92408E09->a0ee338e-7f4e-4050-9cf3-0542d4801249@group-BA32039417FB, cid=66, FAILED org.apache.ratis.protocol.NotLeaderException: Server a0ee338e-7f4e-4050-9cf3-0542d4801249@group-BA32039417FB is not the leader, logIndex=0, commits[a0ee338e-7f4e-4050-9cf3-0542d4801249:c-1, 9af89336-6d5d-4d28-b237-6b13fc6491ad:c-1, 3ef7a417-ae63-496d-bb71-db4e5393a166:c-1]
2019-09-18 18:14:41,481 [grpc-default-executor-0] INFO  client.GrpcClientProtocolClient (GrpcClientProtocolClient.java:onNext(264)) - client-91FB92408E09->3ef7a417-ae63-496d-bb71-db4e5393a166: receive RaftClientReply:client-91FB92408E09->3ef7a417-ae63-496d-bb71-db4e5393a166@group-BA32039417FB, cid=66, FAILED org.apache.ratis.protocol.NotLeaderException: Server 3ef7a417-ae63-496d-bb71-db4e5393a166@group-BA32039417FB is not the leader, logIndex=0, commits[3ef7a417-ae63-496d-bb71-db4e5393a166:c-1]
2019-09-18 18:14:42,495 [grpc-default-executor-5] INFO  client.GrpcClientProtocolClient (GrpcClientProtocolClient.java:onNext(264)) - client-91FB92408E09->9af89336-6d5d-4d28-b237-6b13fc6491ad: receive RaftClientReply:client-91FB92408E09->9af89336-6d5d-4d28-b237-6b13fc6491ad@group-BA32039417FB, cid=66, FAILED org.apache.ratis.protocol.NotLeaderException: Server 9af89336-6d5d-4d28-b237-6b13fc6491ad@group-BA32039417FB is not the leader, logIndex=0, commits[9af89336-6d5d-4d28-b237-6b13fc6491ad:c-1, a0ee338e-7f4e-4050-9cf3-0542d4801249:c-1, 3ef7a417-ae63-496d-bb71-db4e5393a166:c-1]
2019-09-18 18:14:43,532 [grpc-default-executor-0] INFO  client.GrpcClientProtocolClient (GrpcClientProtocolClient.java:onNext(264)) - client-91FB92408E09->3ef7a417-ae63-496d-bb71-db4e5393a166: receive RaftClientReply:client-91FB92408E09->3ef7a417-ae63-496d-bb71-db4e5393a166@group-BA32039417FB, cid=66, FAILED org.apache.ratis.protocol.NotLeaderException: Server 3ef7a417-ae63-496d-bb71-db4e5393a166@group-BA32039417FB is not the leader, logIndex=0, commits[3ef7a417-ae63-496d-bb71-db4e5393a166:c-1]
]]></system-out>
  </testcase>
  <testcase name="testWatchForCommitForGroupMismatchException" classname="org.apache.hadoop.ozone.client.rpc.TestWatchForCommit" time="38.256"/>
  <testcase name="test2WayCommitForTimeoutException" classname="org.apache.hadoop.ozone.client.rpc.TestWatchForCommit" time="36.716"/>
</testsuite>